<?xml version="1.0" encoding="UTF-8"?>
<testsuites name="New Test Suite (3)" time="6.375" tests="1" failures="0" errors="0">
   <testsuite name="New Test Suite (3)" tests="1" failures="0" errors="0" time="6.375" skipped="0" timestamp="23-06-2024T20:05:02" hostname="SonTung - LAPTOP-FS2TU90B" id="Test Suites/New Test Suite (3)">
      <properties>
         <property name="deviceName" value=""/>
         <property name="devicePlatform"/>
         <property name="logFolder" value="C:\\Users\\SonTung\\git\\test\\Reports\\20240623_200452\\New Test Suite (3)\\20240623_200455"/>
         <property name="logFiles" value="C:\\Users\\SonTung\\git\\test\\Reports\\20240623_200452\\New Test Suite (3)\\20240623_200455\\execution0.log"/>
         <property name="attachments" value=""/>
         <property name="hostName" value="SonTung - LAPTOP-FS2TU90B"/>
         <property name="os" value="Windows 11 64bit"/>
         <property name="katalonVersion" value="9.5.0.217"/>
         <property name="browser" value="Chrome 126.0.0.0"/>
         <property name="hostAddress" value="192.168.1.189"/>
         <property name="sessionId" value="90a4ed6b1d486fdf10ff008b29cb33de"/>
         <property name="seleniumVersion" value="3.141.59"/>
         <property name="proxyInformation" value="ProxyInformation { proxyOption=NO_PROXY, proxyServerType=HTTP, username=, password=********, proxyServerAddress=, proxyServerPort=0, executionList=&quot;&quot;, isApplyToDesiredCapabilities=true }"/>
         <property name="platform" value="Windows 11"/>
      </properties>
      <testcase name="Test Cases/google 3" time="5.937" classname="Test Cases/google 3" status="PASSED">
         <system-out><![CDATA[23-06-2024T20:05:03 - [TEST_CASE][PASSED] - Test Cases/google 3: Test Cases/google 3

23-06-2024T20:05:03 - [TEST_STEP][PASSED] - openBrowser(""): Browser is opened with url: ''

23-06-2024T20:05:04 - [MESSAGE][INFO] - Starting 'Chrome' driver

23-06-2024T20:05:04 - [MESSAGE][INFO] - Action delay is set to 0 milliseconds

23-06-2024T20:05:06 - [MESSAGE][PASSED] - Browser is opened with url: ''

23-06-2024T20:05:06 - [TEST_STEP][PASSED] - navigateToUrl("https://www.google.com/"): Navigate to 'https://www.google.com/' successfully

23-06-2024T20:05:08 - [MESSAGE][PASSED] - Navigate to 'https://www.google.com/' successfully

23-06-2024T20:05:08 - [TEST_STEP][PASSED] - verifyElementVisible(findTestObject("Object Repository/Page_Google/button_Khng, cm n")): Object 'Object Repository/Page_Google/button_Khng, cm n' is visible

23-06-2024T20:05:09 - [MESSAGE][PASSED] - Object 'Object Repository/Page_Google/button_Khng, cm n' is visible]]></system-out>
         <system-err><![CDATA[]]></system-err>
      </testcase>
      <system-out><![CDATA[23-06-2024T20:05:02 - [TEST_SUITE][PASSED] - New Test Suite (3): Test Cases/google 3]]></system-out>
      <system-err><![CDATA[]]></system-err>
   </testsuite>
</testsuites>
