<?xml version="1.0" encoding="UTF-8"?>
<testsuites name="New Test Suite Collection" time="27.033" tests="3" failures="0" errors="0">
   <testsuite name="New Test Suite (2)" tests="2" failures="0" errors="0" time="8.383" skipped="0" timestamp="23-06-2024T20:59:08" hostname="SonTung - LAPTOP-FS2TU90B" id="Test Suites/New Test Suite (2)">
      <properties>
         <property name="deviceName" value=""/>
         <property name="devicePlatform"/>
         <property name="logFolder" value="C:\\Users\\SonTung\\git\\test\\Reports\\20240623_205846\\New Test Suite (2)\\20240623_205847"/>
         <property name="logFiles" value="C:\\Users\\SonTung\\git\\test\\Reports\\20240623_205846\\New Test Suite (2)\\20240623_205847\\execution0.log"/>
         <property name="attachments" value=""/>
         <property name="hostName" value="SonTung - LAPTOP-FS2TU90B"/>
         <property name="os" value="Windows 11 64bit"/>
         <property name="katalonVersion" value="9.5.0.217"/>
         <property name="browser" value="Chrome 126.0.0.0"/>
         <property name="hostAddress" value="192.168.1.189"/>
         <property name="sessionId" value="0b4b3c4f4340148934c26206d986f795"/>
         <property name="seleniumVersion" value="3.141.59"/>
         <property name="proxyInformation" value="ProxyInformation { proxyOption=NO_PROXY, proxyServerType=HTTP, username=, password=********, proxyServerAddress=, proxyServerPort=0, executionList=&quot;&quot;, isApplyToDesiredCapabilities=true }"/>
         <property name="platform" value="Windows 11"/>
      </properties>
      <testcase name="Test Cases/google" time="4.998" classname="Test Cases/google" status="PASSED">
         <system-out><![CDATA[23-06-2024T20:59:08 - [TEST_CASE][PASSED] - Test Cases/google: Test Cases/google

23-06-2024T20:59:09 - [TEST_STEP][PASSED] - openBrowser(""): Browser is opened with url: ''

23-06-2024T20:59:09 - [MESSAGE][INFO] - Starting 'Chrome' driver

23-06-2024T20:59:09 - [MESSAGE][INFO] - Action delay is set to 0 milliseconds

23-06-2024T20:59:11 - [MESSAGE][PASSED] - Browser is opened with url: ''

23-06-2024T20:59:11 - [TEST_STEP][PASSED] - navigateToUrl("https://www.google.com/"): Navigate to 'https://www.google.com/' successfully

23-06-2024T20:59:13 - [MESSAGE][PASSED] - Navigate to 'https://www.google.com/' successfully

23-06-2024T20:59:13 - [TEST_STEP][PASSED] - verifyElementVisible(findTestObject("Object Repository/Page_Google/input_Bo co cc gi  khng ph hp_btnK")): Object 'Object Repository/Page_Google/input_Bo co cc gi  khng ph hp_btnK' is visible

23-06-2024T20:59:13 - [MESSAGE][PASSED] - Object 'Object Repository/Page_Google/input_Bo co cc gi  khng ph hp_btnK' is visible]]></system-out>
         <system-err><![CDATA[]]></system-err>
      </testcase>
      <testcase name="Test Cases/google" time="3.03" classname="Test Cases/google" status="PASSED">
         <system-out><![CDATA[23-06-2024T20:59:13 - [TEST_CASE][PASSED] - Test Cases/google: Test Cases/google

23-06-2024T20:59:13 - [TEST_STEP][PASSED] - openBrowser(""): Browser is opened with url: ''

23-06-2024T20:59:13 - [MESSAGE][WARNING] - A browser is already opened. Closing browser and opening a new one

23-06-2024T20:59:14 - [MESSAGE][INFO] - Starting 'Chrome' driver

23-06-2024T20:59:14 - [MESSAGE][INFO] - Action delay is set to 0 milliseconds

23-06-2024T20:59:14 - [MESSAGE][PASSED] - Browser is opened with url: ''

23-06-2024T20:59:14 - [TEST_STEP][PASSED] - navigateToUrl("https://www.google.com/"): Navigate to 'https://www.google.com/' successfully

23-06-2024T20:59:16 - [MESSAGE][PASSED] - Navigate to 'https://www.google.com/' successfully

23-06-2024T20:59:16 - [TEST_STEP][PASSED] - verifyElementVisible(findTestObject("Object Repository/Page_Google/input_Bo co cc gi  khng ph hp_btnK")): Object 'Object Repository/Page_Google/input_Bo co cc gi  khng ph hp_btnK' is visible

23-06-2024T20:59:16 - [MESSAGE][PASSED] - Object 'Object Repository/Page_Google/input_Bo co cc gi  khng ph hp_btnK' is visible]]></system-out>
         <system-err><![CDATA[]]></system-err>
      </testcase>
      <system-out><![CDATA[23-06-2024T20:59:08 - [TEST_SUITE][PASSED] - New Test Suite (2): Test Cases/google]]></system-out>
      <system-err><![CDATA[]]></system-err>
   </testsuite>
   <testsuite name="New Test Suite (3)" tests="1" failures="0" errors="0" time="5.315" skipped="0" timestamp="23-06-2024T20:59:14" hostname="SonTung - LAPTOP-FS2TU90B" id="Test Suites/New Test Suite (3)">
      <properties>
         <property name="deviceName" value=""/>
         <property name="devicePlatform"/>
         <property name="logFolder" value="C:\\Users\\SonTung\\git\\test\\Reports\\20240623_205846\\New Test Suite (3)\\20240623_205849"/>
         <property name="logFiles" value="C:\\Users\\SonTung\\git\\test\\Reports\\20240623_205846\\New Test Suite (3)\\20240623_205849\\execution0.log"/>
         <property name="attachments" value=""/>
         <property name="hostName" value="SonTung - LAPTOP-FS2TU90B"/>
         <property name="os" value="Windows 11 64bit"/>
         <property name="katalonVersion" value="9.5.0.217"/>
         <property name="browser" value="Chrome 126.0.0.0"/>
         <property name="hostAddress" value="192.168.1.189"/>
         <property name="sessionId" value="98e9e19fc70f97002caa43f8cbcaae91"/>
         <property name="seleniumVersion" value="3.141.59"/>
         <property name="proxyInformation" value="ProxyInformation { proxyOption=NO_PROXY, proxyServerType=HTTP, username=, password=********, proxyServerAddress=, proxyServerPort=0, executionList=&quot;&quot;, isApplyToDesiredCapabilities=true }"/>
         <property name="platform" value="Windows 11"/>
      </properties>
      <testcase name="Test Cases/google 3" time="5.0" classname="Test Cases/google 3" status="PASSED">
         <system-out><![CDATA[23-06-2024T20:59:15 - [TEST_CASE][PASSED] - Test Cases/google 3: Test Cases/google 3

23-06-2024T20:59:15 - [TEST_STEP][PASSED] - openBrowser(""): Browser is opened with url: ''

23-06-2024T20:59:15 - [MESSAGE][INFO] - Starting 'Chrome' driver

23-06-2024T20:59:15 - [MESSAGE][INFO] - Action delay is set to 0 milliseconds

23-06-2024T20:59:17 - [MESSAGE][PASSED] - Browser is opened with url: ''

23-06-2024T20:59:17 - [TEST_STEP][PASSED] - navigateToUrl("https://www.google.com/"): Navigate to 'https://www.google.com/' successfully

23-06-2024T20:59:19 - [MESSAGE][PASSED] - Navigate to 'https://www.google.com/' successfully

23-06-2024T20:59:19 - [TEST_STEP][PASSED] - verifyElementVisible(findTestObject("Object Repository/Page_Google/button_Khng, cm n")): Object 'Object Repository/Page_Google/button_Khng, cm n' is visible

23-06-2024T20:59:19 - [MESSAGE][PASSED] - Object 'Object Repository/Page_Google/button_Khng, cm n' is visible]]></system-out>
         <system-err><![CDATA[]]></system-err>
      </testcase>
      <system-out><![CDATA[23-06-2024T20:59:14 - [TEST_SUITE][PASSED] - New Test Suite (3): Test Cases/google 3]]></system-out>
      <system-err><![CDATA[]]></system-err>
   </testsuite>
</testsuites>
