<?xml version="1.0" encoding="UTF-8"?>
<testsuites name="New Test Suite (2)" time="8.684" tests="2" failures="0" errors="0">
   <testsuite name="New Test Suite (2)" tests="2" failures="0" errors="0" time="8.684" skipped="0" timestamp="23-06-2024T20:04:36" hostname="SonTung - LAPTOP-FS2TU90B" id="Test Suites/New Test Suite (2)">
      <properties>
         <property name="deviceName" value=""/>
         <property name="devicePlatform"/>
         <property name="logFolder" value="C:\\Users\\SonTung\\git\\test\\Reports\\20240623_200425\\New Test Suite (2)\\20240623_200426"/>
         <property name="logFiles" value="C:\\Users\\SonTung\\git\\test\\Reports\\20240623_200425\\New Test Suite (2)\\20240623_200426\\execution0.log"/>
         <property name="attachments" value=""/>
         <property name="hostName" value="SonTung - LAPTOP-FS2TU90B"/>
         <property name="os" value="Windows 11 64bit"/>
         <property name="katalonVersion" value="9.5.0.217"/>
         <property name="browser" value="Chrome 126.0.0.0"/>
         <property name="hostAddress" value="192.168.1.189"/>
         <property name="sessionId" value="4a9beac1782d2fe7fa3ef0fc5ff45cf2"/>
         <property name="seleniumVersion" value="3.141.59"/>
         <property name="proxyInformation" value="ProxyInformation { proxyOption=NO_PROXY, proxyServerType=HTTP, username=, password=********, proxyServerAddress=, proxyServerPort=0, executionList=&quot;&quot;, isApplyToDesiredCapabilities=true }"/>
         <property name="platform" value="Windows 11"/>
      </properties>
      <testcase name="Test Cases/google" time="5.152" classname="Test Cases/google" status="PASSED">
         <system-out><![CDATA[23-06-2024T20:04:36 - [TEST_CASE][PASSED] - Test Cases/google: Test Cases/google

23-06-2024T20:04:36 - [TEST_STEP][PASSED] - openBrowser(""): Browser is opened with url: ''

23-06-2024T20:04:37 - [MESSAGE][INFO] - Starting 'Chrome' driver

23-06-2024T20:04:37 - [MESSAGE][INFO] - Action delay is set to 0 milliseconds

23-06-2024T20:04:39 - [MESSAGE][PASSED] - Browser is opened with url: ''

23-06-2024T20:04:39 - [TEST_STEP][PASSED] - navigateToUrl("https://www.google.com/"): Navigate to 'https://www.google.com/' successfully

23-06-2024T20:04:41 - [MESSAGE][PASSED] - Navigate to 'https://www.google.com/' successfully

23-06-2024T20:04:41 - [TEST_STEP][PASSED] - verifyElementVisible(findTestObject("Object Repository/Page_Google/input_Bo co cc gi  khng ph hp_btnK")): Object 'Object Repository/Page_Google/input_Bo co cc gi  khng ph hp_btnK' is visible

23-06-2024T20:04:41 - [MESSAGE][PASSED] - Object 'Object Repository/Page_Google/input_Bo co cc gi  khng ph hp_btnK' is visible]]></system-out>
         <system-err><![CDATA[]]></system-err>
      </testcase>
      <testcase name="Test Cases/google" time="3.145" classname="Test Cases/google" status="PASSED">
         <system-out><![CDATA[23-06-2024T20:04:41 - [TEST_CASE][PASSED] - Test Cases/google: Test Cases/google

23-06-2024T20:04:41 - [TEST_STEP][PASSED] - openBrowser(""): Browser is opened with url: ''

23-06-2024T20:04:41 - [MESSAGE][WARNING] - A browser is already opened. Closing browser and opening a new one

23-06-2024T20:04:42 - [MESSAGE][INFO] - Starting 'Chrome' driver

23-06-2024T20:04:42 - [MESSAGE][INFO] - Action delay is set to 0 milliseconds

23-06-2024T20:04:42 - [MESSAGE][PASSED] - Browser is opened with url: ''

23-06-2024T20:04:42 - [TEST_STEP][PASSED] - navigateToUrl("https://www.google.com/"): Navigate to 'https://www.google.com/' successfully

23-06-2024T20:04:44 - [MESSAGE][PASSED] - Navigate to 'https://www.google.com/' successfully

23-06-2024T20:04:44 - [TEST_STEP][PASSED] - verifyElementVisible(findTestObject("Object Repository/Page_Google/input_Bo co cc gi  khng ph hp_btnK")): Object 'Object Repository/Page_Google/input_Bo co cc gi  khng ph hp_btnK' is visible

23-06-2024T20:04:44 - [MESSAGE][PASSED] - Object 'Object Repository/Page_Google/input_Bo co cc gi  khng ph hp_btnK' is visible]]></system-out>
         <system-err><![CDATA[]]></system-err>
      </testcase>
      <system-out><![CDATA[23-06-2024T20:04:36 - [TEST_SUITE][PASSED] - New Test Suite (2): Test Cases/google]]></system-out>
      <system-err><![CDATA[]]></system-err>
   </testsuite>
</testsuites>
