<?xml version="1.0" encoding="UTF-8"?>
<testsuites name="New Test Suite" time="2467.792" tests="144" failures="0" errors="0">
   <testsuite name="New Test Suite" tests="144" failures="0" errors="0" time="2467.792" skipped="0" timestamp="07-06-2024T13:42:57" hostname="SonTung - LAPTOP-FS2TU90B" id="Test Suites/New Test Suite">
      <properties>
         <property name="deviceName" value=""/>
         <property name="devicePlatform"/>
         <property name="logFolder" value="C:\\Users\\SonTung\\git\\test\\Reports\\20240607_134251\\New Test Suite\\20240607_134251"/>
         <property name="logFiles" value="C:\\Users\\SonTung\\git\\test\\Reports\\20240607_134251\\New Test Suite\\20240607_134251\\execution0.log, C:\\Users\\SonTung\\git\\test\\Reports\\20240607_134251\\New Test Suite\\20240607_134251\\execution1.log"/>
         <property name="attachments" value="C:\\Users\\SonTung\\git\\test\\Reports\\20240607_134251\\New Test Suite\\20240607_134251\\1717743504471.png, C:\\Users\\SonTung\\git\\test\\Reports\\20240607_134251\\New Test Suite\\20240607_134251\\1717744687219.png, C:\\Users\\SonTung\\git\\test\\Reports\\20240607_134251\\New Test Suite\\20240607_134251\\1717745027946.png"/>
         <property name="hostName" value="SonTung - LAPTOP-FS2TU90B"/>
         <property name="os" value="Windows 11 64bit"/>
         <property name="katalonVersion" value="9.5.0.217"/>
         <property name="browser" value="Firefox 126.0"/>
         <property name="hostAddress" value="192.168.1.189"/>
         <property name="sessionId" value="bece381c-8914-486d-933e-cdde3a9b1f00"/>
         <property name="seleniumVersion" value="3.141.59"/>
         <property name="proxyInformation" value="ProxyInformation { proxyOption=NO_PROXY, proxyServerType=HTTP, username=, password=********, proxyServerAddress=, proxyServerPort=0, executionList=&quot;&quot;, isApplyToDesiredCapabilities=true }"/>
         <property name="platform" value="Windows 11"/>
      </properties>
      <testcase name="Test Cases/test case folder 1/tc1 - Copy (1)" time="12.811" classname="Test Cases/test case folder 1/tc1 - Copy (1)" status="PASSED">
         <system-out><![CDATA[07-06-2024T13:42:57 - [TEST_CASE][PASSED] - Test Cases/test case folder 1/tc1 - Copy (1): Test Cases/test case folder 1/tc1 - Copy (1)

07-06-2024T13:42:57 - [TEST_STEP][PASSED] - openBrowser(""): Browser is opened with url: ''

07-06-2024T13:42:58 - [MESSAGE][INFO] - Starting 'Firefox (headless)' driver

07-06-2024T13:42:58 - [MESSAGE][INFO] - Action delay is set to 0 milliseconds

07-06-2024T13:43:01 - [MESSAGE][PASSED] - Browser is opened with url: ''

07-06-2024T13:43:01 - [TEST_STEP][PASSED] - navigateToUrl("https://doodles.google/about/"): Navigate to 'https://doodles.google/about/' successfully

07-06-2024T13:43:04 - [MESSAGE][PASSED] - Navigate to 'https://doodles.google/about/' successfully

07-06-2024T13:43:04 - [TEST_STEP][PASSED] - click(findTestObject("Object Repository/Page_The Story and Evolution of Doodles - G_6e786d/p_The first Doodle was a simple out-of-offi_345e61")): Object: 'Object Repository/Page_The Story and Evolution of Doodles - G_6e786d/p_The first Doodle was a simple out-of-offi_345e61' is clicked on

07-06-2024T13:43:04 - [MESSAGE][PASSED] - Object: 'Object Repository/Page_The Story and Evolution of Doodles - G_6e786d/p_The first Doodle was a simple out-of-offi_345e61' is clicked on

07-06-2024T13:43:04 - [TEST_STEP][PASSED] - click(findTestObject("Object Repository/Page_The Story and Evolution of Doodles - G_6e786d/p_The first Doodle was a simple out-of-offi_345e61")): Object: 'Object Repository/Page_The Story and Evolution of Doodles - G_6e786d/p_The first Doodle was a simple out-of-offi_345e61' is clicked on

07-06-2024T13:43:05 - [MESSAGE][PASSED] - Object: 'Object Repository/Page_The Story and Evolution of Doodles - G_6e786d/p_The first Doodle was a simple out-of-offi_345e61' is clicked on

07-06-2024T13:43:05 - [TEST_STEP][PASSED] - verifyElementVisible(findTestObject("Object Repository/Page_The Story and Evolution of Doodles - G_6e786d/h1_The story behind Doodles")): Object 'Object Repository/Page_The Story and Evolution of Doodles - G_6e786d/h1_The story behind Doodles' is visible

07-06-2024T13:43:05 - [MESSAGE][PASSED] - Object 'Object Repository/Page_The Story and Evolution of Doodles - G_6e786d/h1_The story behind Doodles' is visible

07-06-2024T13:43:05 - [TEST_STEP][PASSED] - verifyElementVisible(findTestObject("Object Repository/Page_The Story and Evolution of Doodles - G_6e786d/p_The first Doodle was a simple out-of-offi_345e61")): Object 'Object Repository/Page_The Story and Evolution of Doodles - G_6e786d/p_The first Doodle was a simple out-of-offi_345e61' is visible

07-06-2024T13:43:05 - [MESSAGE][PASSED] - Object 'Object Repository/Page_The Story and Evolution of Doodles - G_6e786d/p_The first Doodle was a simple out-of-offi_345e61' is visible

07-06-2024T13:43:05 - [TEST_STEP][PASSED] - verifyElementVisible(findTestObject("Object Repository/Page_The Story and Evolution of Doodles - G_6e786d/h2_Weve created more than 5,000 Doodles ove_111429")): Object 'Object Repository/Page_The Story and Evolution of Doodles - G_6e786d/h2_Weve created more than 5,000 Doodles ove_111429' is visible

07-06-2024T13:43:05 - [MESSAGE][PASSED] - Object 'Object Repository/Page_The Story and Evolution of Doodles - G_6e786d/h2_Weve created more than 5,000 Doodles ove_111429' is visible

07-06-2024T13:43:05 - [TEST_STEP][PASSED] - verifyElementVisible(findTestObject("Object Repository/Page_The Story and Evolution of Doodles - G_6e786d/h1_The story behind Doodles")): Object 'Object Repository/Page_The Story and Evolution of Doodles - G_6e786d/h1_The story behind Doodles' is visible

07-06-2024T13:43:05 - [MESSAGE][PASSED] - Object 'Object Repository/Page_The Story and Evolution of Doodles - G_6e786d/h1_The story behind Doodles' is visible

07-06-2024T13:43:05 - [TEST_STEP][PASSED] - verifyElementVisible(findTestObject("Object Repository/Page_The Story and Evolution of Doodles - G_6e786d/p_The first Doodle was a simple out-of-offi_345e61")): Object 'Object Repository/Page_The Story and Evolution of Doodles - G_6e786d/p_The first Doodle was a simple out-of-offi_345e61' is visible

07-06-2024T13:43:05 - [MESSAGE][PASSED] - Object 'Object Repository/Page_The Story and Evolution of Doodles - G_6e786d/p_The first Doodle was a simple out-of-offi_345e61' is visible

07-06-2024T13:43:05 - [TEST_STEP][PASSED] - verifyElementVisible(findTestObject("Object Repository/Page_The Story and Evolution of Doodles - G_6e786d/h2_Weve created more than 5,000 Doodles ove_111429")): Object 'Object Repository/Page_The Story and Evolution of Doodles - G_6e786d/h2_Weve created more than 5,000 Doodles ove_111429' is visible

07-06-2024T13:43:05 - [MESSAGE][PASSED] - Object 'Object Repository/Page_The Story and Evolution of Doodles - G_6e786d/h2_Weve created more than 5,000 Doodles ove_111429' is visible

07-06-2024T13:43:05 - [TEST_STEP][PASSED] - click(findTestObject("Object Repository/Page_The Story and Evolution of Doodles - G_6e786d/p_The first Doodle was a simple out-of-offi_345e61")): Object: 'Object Repository/Page_The Story and Evolution of Doodles - G_6e786d/p_The first Doodle was a simple out-of-offi_345e61' is clicked on

07-06-2024T13:43:06 - [MESSAGE][PASSED] - Object: 'Object Repository/Page_The Story and Evolution of Doodles - G_6e786d/p_The first Doodle was a simple out-of-offi_345e61' is clicked on

07-06-2024T13:43:06 - [TEST_STEP][PASSED] - verifyElementVisible(findTestObject("Object Repository/Page_The Story and Evolution of Doodles - G_6e786d/h1_The story behind Doodles")): Object 'Object Repository/Page_The Story and Evolution of Doodles - G_6e786d/h1_The story behind Doodles' is visible

07-06-2024T13:43:06 - [MESSAGE][PASSED] - Object 'Object Repository/Page_The Story and Evolution of Doodles - G_6e786d/h1_The story behind Doodles' is visible

07-06-2024T13:43:06 - [TEST_STEP][PASSED] - verifyElementVisible(findTestObject("Object Repository/Page_The Story and Evolution of Doodles - G_6e786d/p_The first Doodle was a simple out-of-offi_345e61")): Object 'Object Repository/Page_The Story and Evolution of Doodles - G_6e786d/p_The first Doodle was a simple out-of-offi_345e61' is visible

07-06-2024T13:43:06 - [MESSAGE][PASSED] - Object 'Object Repository/Page_The Story and Evolution of Doodles - G_6e786d/p_The first Doodle was a simple out-of-offi_345e61' is visible

07-06-2024T13:43:06 - [TEST_STEP][PASSED] - verifyElementVisible(findTestObject("Object Repository/Page_The Story and Evolution of Doodles - G_6e786d/h2_Weve created more than 5,000 Doodles ove_111429")): Object 'Object Repository/Page_The Story and Evolution of Doodles - G_6e786d/h2_Weve created more than 5,000 Doodles ove_111429' is visible

07-06-2024T13:43:06 - [MESSAGE][PASSED] - Object 'Object Repository/Page_The Story and Evolution of Doodles - G_6e786d/h2_Weve created more than 5,000 Doodles ove_111429' is visible

07-06-2024T13:43:06 - [TEST_STEP][PASSED] - click(findTestObject("Object Repository/Page_The Story and Evolution of Doodles - G_6e786d/p_The first Doodle was a simple out-of-offi_345e61")): Object: 'Object Repository/Page_The Story and Evolution of Doodles - G_6e786d/p_The first Doodle was a simple out-of-offi_345e61' is clicked on

07-06-2024T13:43:06 - [MESSAGE][PASSED] - Object: 'Object Repository/Page_The Story and Evolution of Doodles - G_6e786d/p_The first Doodle was a simple out-of-offi_345e61' is clicked on

07-06-2024T13:43:06 - [TEST_STEP][PASSED] - verifyElementVisible(findTestObject("Object Repository/Page_The Story and Evolution of Doodles - G_6e786d/h1_The story behind Doodles")): Object 'Object Repository/Page_The Story and Evolution of Doodles - G_6e786d/h1_The story behind Doodles' is visible

07-06-2024T13:43:06 - [MESSAGE][PASSED] - Object 'Object Repository/Page_The Story and Evolution of Doodles - G_6e786d/h1_The story behind Doodles' is visible

07-06-2024T13:43:06 - [TEST_STEP][PASSED] - verifyElementVisible(findTestObject("Object Repository/Page_The Story and Evolution of Doodles - G_6e786d/p_The first Doodle was a simple out-of-offi_345e61")): Object 'Object Repository/Page_The Story and Evolution of Doodles - G_6e786d/p_The first Doodle was a simple out-of-offi_345e61' is visible

07-06-2024T13:43:06 - [MESSAGE][PASSED] - Object 'Object Repository/Page_The Story and Evolution of Doodles - G_6e786d/p_The first Doodle was a simple out-of-offi_345e61' is visible

07-06-2024T13:43:06 - [TEST_STEP][PASSED] - verifyElementVisible(findTestObject("Object Repository/Page_The Story and Evolution of Doodles - G_6e786d/h2_Weve created more than 5,000 Doodles ove_111429")): Object 'Object Repository/Page_The Story and Evolution of Doodles - G_6e786d/h2_Weve created more than 5,000 Doodles ove_111429' is visible

07-06-2024T13:43:06 - [MESSAGE][PASSED] - Object 'Object Repository/Page_The Story and Evolution of Doodles - G_6e786d/h2_Weve created more than 5,000 Doodles ove_111429' is visible

07-06-2024T13:43:06 - [TEST_STEP][PASSED] - click(findTestObject("Object Repository/Page_The Story and Evolution of Doodles - G_6e786d/p_The first Doodle was a simple out-of-offi_345e61")): Object: 'Object Repository/Page_The Story and Evolution of Doodles - G_6e786d/p_The first Doodle was a simple out-of-offi_345e61' is clicked on

07-06-2024T13:43:06 - [MESSAGE][PASSED] - Object: 'Object Repository/Page_The Story and Evolution of Doodles - G_6e786d/p_The first Doodle was a simple out-of-offi_345e61' is clicked on

07-06-2024T13:43:06 - [TEST_STEP][PASSED] - verifyElementVisible(findTestObject("Object Repository/Page_The Story and Evolution of Doodles - G_6e786d/h1_The story behind Doodles")): Object 'Object Repository/Page_The Story and Evolution of Doodles - G_6e786d/h1_The story behind Doodles' is visible

07-06-2024T13:43:07 - [MESSAGE][PASSED] - Object 'Object Repository/Page_The Story and Evolution of Doodles - G_6e786d/h1_The story behind Doodles' is visible

07-06-2024T13:43:07 - [TEST_STEP][PASSED] - verifyElementVisible(findTestObject("Object Repository/Page_The Story and Evolution of Doodles - G_6e786d/p_The first Doodle was a simple out-of-offi_345e61")): Object 'Object Repository/Page_The Story and Evolution of Doodles - G_6e786d/p_The first Doodle was a simple out-of-offi_345e61' is visible

07-06-2024T13:43:07 - [MESSAGE][PASSED] - Object 'Object Repository/Page_The Story and Evolution of Doodles - G_6e786d/p_The first Doodle was a simple out-of-offi_345e61' is visible

07-06-2024T13:43:07 - [TEST_STEP][PASSED] - verifyElementVisible(findTestObject("Object Repository/Page_The Story and Evolution of Doodles - G_6e786d/h2_Weve created more than 5,000 Doodles ove_111429")): Object 'Object Repository/Page_The Story and Evolution of Doodles - G_6e786d/h2_Weve created more than 5,000 Doodles ove_111429' is visible

07-06-2024T13:43:07 - [MESSAGE][PASSED] - Object 'Object Repository/Page_The Story and Evolution of Doodles - G_6e786d/h2_Weve created more than 5,000 Doodles ove_111429' is visible

07-06-2024T13:43:07 - [TEST_STEP][PASSED] - click(findTestObject("Object Repository/Page_The Story and Evolution of Doodles - G_6e786d/p_The first Doodle was a simple out-of-offi_345e61")): Object: 'Object Repository/Page_The Story and Evolution of Doodles - G_6e786d/p_The first Doodle was a simple out-of-offi_345e61' is clicked on

07-06-2024T13:43:07 - [MESSAGE][PASSED] - Object: 'Object Repository/Page_The Story and Evolution of Doodles - G_6e786d/p_The first Doodle was a simple out-of-offi_345e61' is clicked on

07-06-2024T13:43:07 - [TEST_STEP][PASSED] - verifyElementVisible(findTestObject("Object Repository/Page_The Story and Evolution of Doodles - G_6e786d/h1_The story behind Doodles")): Object 'Object Repository/Page_The Story and Evolution of Doodles - G_6e786d/h1_The story behind Doodles' is visible

07-06-2024T13:43:07 - [MESSAGE][PASSED] - Object 'Object Repository/Page_The Story and Evolution of Doodles - G_6e786d/h1_The story behind Doodles' is visible

07-06-2024T13:43:07 - [TEST_STEP][PASSED] - verifyElementVisible(findTestObject("Object Repository/Page_The Story and Evolution of Doodles - G_6e786d/p_The first Doodle was a simple out-of-offi_345e61")): Object 'Object Repository/Page_The Story and Evolution of Doodles - G_6e786d/p_The first Doodle was a simple out-of-offi_345e61' is visible

07-06-2024T13:43:07 - [MESSAGE][PASSED] - Object 'Object Repository/Page_The Story and Evolution of Doodles - G_6e786d/p_The first Doodle was a simple out-of-offi_345e61' is visible

07-06-2024T13:43:07 - [TEST_STEP][PASSED] - verifyElementVisible(findTestObject("Object Repository/Page_The Story and Evolution of Doodles - G_6e786d/h2_Weve created more than 5,000 Doodles ove_111429")): Object 'Object Repository/Page_The Story and Evolution of Doodles - G_6e786d/h2_Weve created more than 5,000 Doodles ove_111429' is visible

07-06-2024T13:43:07 - [MESSAGE][PASSED] - Object 'Object Repository/Page_The Story and Evolution of Doodles - G_6e786d/h2_Weve created more than 5,000 Doodles ove_111429' is visible

07-06-2024T13:43:07 - [TEST_STEP][PASSED] - click(findTestObject("Object Repository/Page_The Story and Evolution of Doodles - G_6e786d/p_The first Doodle was a simple out-of-offi_345e61")): Object: 'Object Repository/Page_The Story and Evolution of Doodles - G_6e786d/p_The first Doodle was a simple out-of-offi_345e61' is clicked on

07-06-2024T13:43:07 - [MESSAGE][PASSED] - Object: 'Object Repository/Page_The Story and Evolution of Doodles - G_6e786d/p_The first Doodle was a simple out-of-offi_345e61' is clicked on

07-06-2024T13:43:07 - [TEST_STEP][PASSED] - verifyElementVisible(findTestObject("Object Repository/Page_The Story and Evolution of Doodles - G_6e786d/h1_The story behind Doodles")): Object 'Object Repository/Page_The Story and Evolution of Doodles - G_6e786d/h1_The story behind Doodles' is visible

07-06-2024T13:43:08 - [MESSAGE][PASSED] - Object 'Object Repository/Page_The Story and Evolution of Doodles - G_6e786d/h1_The story behind Doodles' is visible

07-06-2024T13:43:08 - [TEST_STEP][PASSED] - verifyElementVisible(findTestObject("Object Repository/Page_The Story and Evolution of Doodles - G_6e786d/p_The first Doodle was a simple out-of-offi_345e61")): Object 'Object Repository/Page_The Story and Evolution of Doodles - G_6e786d/p_The first Doodle was a simple out-of-offi_345e61' is visible

07-06-2024T13:43:08 - [MESSAGE][PASSED] - Object 'Object Repository/Page_The Story and Evolution of Doodles - G_6e786d/p_The first Doodle was a simple out-of-offi_345e61' is visible

07-06-2024T13:43:08 - [TEST_STEP][PASSED] - verifyElementVisible(findTestObject("Object Repository/Page_The Story and Evolution of Doodles - G_6e786d/h2_Weve created more than 5,000 Doodles ove_111429")): Object 'Object Repository/Page_The Story and Evolution of Doodles - G_6e786d/h2_Weve created more than 5,000 Doodles ove_111429' is visible

07-06-2024T13:43:08 - [MESSAGE][PASSED] - Object 'Object Repository/Page_The Story and Evolution of Doodles - G_6e786d/h2_Weve created more than 5,000 Doodles ove_111429' is visible

07-06-2024T13:43:08 - [TEST_STEP][PASSED] - click(findTestObject("Object Repository/Page_The Story and Evolution of Doodles - G_6e786d/p_The first Doodle was a simple out-of-offi_345e61")): Object: 'Object Repository/Page_The Story and Evolution of Doodles - G_6e786d/p_The first Doodle was a simple out-of-offi_345e61' is clicked on

07-06-2024T13:43:08 - [MESSAGE][PASSED] - Object: 'Object Repository/Page_The Story and Evolution of Doodles - G_6e786d/p_The first Doodle was a simple out-of-offi_345e61' is clicked on

07-06-2024T13:43:08 - [TEST_STEP][PASSED] - verifyElementVisible(findTestObject("Object Repository/Page_The Story and Evolution of Doodles - G_6e786d/h1_The story behind Doodles")): Object 'Object Repository/Page_The Story and Evolution of Doodles - G_6e786d/h1_The story behind Doodles' is visible

07-06-2024T13:43:08 - [MESSAGE][PASSED] - Object 'Object Repository/Page_The Story and Evolution of Doodles - G_6e786d/h1_The story behind Doodles' is visible

07-06-2024T13:43:08 - [TEST_STEP][PASSED] - verifyElementVisible(findTestObject("Object Repository/Page_The Story and Evolution of Doodles - G_6e786d/p_The first Doodle was a simple out-of-offi_345e61")): Object 'Object Repository/Page_The Story and Evolution of Doodles - G_6e786d/p_The first Doodle was a simple out-of-offi_345e61' is visible

07-06-2024T13:43:08 - [MESSAGE][PASSED] - Object 'Object Repository/Page_The Story and Evolution of Doodles - G_6e786d/p_The first Doodle was a simple out-of-offi_345e61' is visible

07-06-2024T13:43:08 - [TEST_STEP][PASSED] - verifyElementVisible(findTestObject("Object Repository/Page_The Story and Evolution of Doodles - G_6e786d/h2_Weve created more than 5,000 Doodles ove_111429")): Object 'Object Repository/Page_The Story and Evolution of Doodles - G_6e786d/h2_Weve created more than 5,000 Doodles ove_111429' is visible

07-06-2024T13:43:08 - [MESSAGE][PASSED] - Object 'Object Repository/Page_The Story and Evolution of Doodles - G_6e786d/h2_Weve created more than 5,000 Doodles ove_111429' is visible

07-06-2024T13:43:08 - [TEST_STEP][PASSED] - click(findTestObject("Object Repository/Page_The Story and Evolution of Doodles - G_6e786d/p_The first Doodle was a simple out-of-offi_345e61")): Object: 'Object Repository/Page_The Story and Evolution of Doodles - G_6e786d/p_The first Doodle was a simple out-of-offi_345e61' is clicked on

07-06-2024T13:43:08 - [MESSAGE][PASSED] - Object: 'Object Repository/Page_The Story and Evolution of Doodles - G_6e786d/p_The first Doodle was a simple out-of-offi_345e61' is clicked on

07-06-2024T13:43:08 - [TEST_STEP][PASSED] - verifyElementVisible(findTestObject("Object Repository/Page_The Story and Evolution of Doodles - G_6e786d/h1_The story behind Doodles")): Object 'Object Repository/Page_The Story and Evolution of Doodles - G_6e786d/h1_The story behind Doodles' is visible

07-06-2024T13:43:09 - [MESSAGE][PASSED] - Object 'Object Repository/Page_The Story and Evolution of Doodles - G_6e786d/h1_The story behind Doodles' is visible

07-06-2024T13:43:09 - [TEST_STEP][PASSED] - verifyElementVisible(findTestObject("Object Repository/Page_The Story and Evolution of Doodles - G_6e786d/p_The first Doodle was a simple out-of-offi_345e61")): Object 'Object Repository/Page_The Story and Evolution of Doodles - G_6e786d/p_The first Doodle was a simple out-of-offi_345e61' is visible

07-06-2024T13:43:09 - [MESSAGE][PASSED] - Object 'Object Repository/Page_The Story and Evolution of Doodles - G_6e786d/p_The first Doodle was a simple out-of-offi_345e61' is visible

07-06-2024T13:43:09 - [TEST_STEP][PASSED] - verifyElementVisible(findTestObject("Object Repository/Page_The Story and Evolution of Doodles - G_6e786d/h2_Weve created more than 5,000 Doodles ove_111429")): Object 'Object Repository/Page_The Story and Evolution of Doodles - G_6e786d/h2_Weve created more than 5,000 Doodles ove_111429' is visible

07-06-2024T13:43:09 - [MESSAGE][PASSED] - Object 'Object Repository/Page_The Story and Evolution of Doodles - G_6e786d/h2_Weve created more than 5,000 Doodles ove_111429' is visible

07-06-2024T13:43:09 - [TEST_STEP][PASSED] - click(findTestObject("Object Repository/Page_The Story and Evolution of Doodles - G_6e786d/p_The first Doodle was a simple out-of-offi_345e61")): Object: 'Object Repository/Page_The Story and Evolution of Doodles - G_6e786d/p_The first Doodle was a simple out-of-offi_345e61' is clicked on

07-06-2024T13:43:09 - [MESSAGE][PASSED] - Object: 'Object Repository/Page_The Story and Evolution of Doodles - G_6e786d/p_The first Doodle was a simple out-of-offi_345e61' is clicked on

07-06-2024T13:43:09 - [TEST_STEP][PASSED] - verifyElementVisible(findTestObject("Object Repository/Page_The Story and Evolution of Doodles - G_6e786d/h1_The story behind Doodles")): Object 'Object Repository/Page_The Story and Evolution of Doodles - G_6e786d/h1_The story behind Doodles' is visible

07-06-2024T13:43:09 - [MESSAGE][PASSED] - Object 'Object Repository/Page_The Story and Evolution of Doodles - G_6e786d/h1_The story behind Doodles' is visible

07-06-2024T13:43:09 - [TEST_STEP][PASSED] - verifyElementVisible(findTestObject("Object Repository/Page_The Story and Evolution of Doodles - G_6e786d/p_The first Doodle was a simple out-of-offi_345e61")): Object 'Object Repository/Page_The Story and Evolution of Doodles - G_6e786d/p_The first Doodle was a simple out-of-offi_345e61' is visible

07-06-2024T13:43:09 - [MESSAGE][PASSED] - Object 'Object Repository/Page_The Story and Evolution of Doodles - G_6e786d/p_The first Doodle was a simple out-of-offi_345e61' is visible

07-06-2024T13:43:09 - [TEST_STEP][PASSED] - verifyElementVisible(findTestObject("Object Repository/Page_The Story and Evolution of Doodles - G_6e786d/h2_Weve created more than 5,000 Doodles ove_111429")): Object 'Object Repository/Page_The Story and Evolution of Doodles - G_6e786d/h2_Weve created more than 5,000 Doodles ove_111429' is visible

07-06-2024T13:43:09 - [MESSAGE][PASSED] - Object 'Object Repository/Page_The Story and Evolution of Doodles - G_6e786d/h2_Weve created more than 5,000 Doodles ove_111429' is visible

07-06-2024T13:43:09 - [TEST_STEP][PASSED] - click(findTestObject("Object Repository/Page_The Story and Evolution of Doodles - G_6e786d/p_The first Doodle was a simple out-of-offi_345e61")): Object: 'Object Repository/Page_The Story and Evolution of Doodles - G_6e786d/p_The first Doodle was a simple out-of-offi_345e61' is clicked on

07-06-2024T13:43:10 - [MESSAGE][PASSED] - Object: 'Object Repository/Page_The Story and Evolution of Doodles - G_6e786d/p_The first Doodle was a simple out-of-offi_345e61' is clicked on

07-06-2024T13:43:10 - [TEST_STEP][PASSED] - verifyElementVisible(findTestObject("Object Repository/Page_The Story and Evolution of Doodles - G_6e786d/h1_The story behind Doodles")): Object 'Object Repository/Page_The Story and Evolution of Doodles - G_6e786d/h1_The story behind Doodles' is visible

07-06-2024T13:43:10 - [MESSAGE][PASSED] - Object 'Object Repository/Page_The Story and Evolution of Doodles - G_6e786d/h1_The story behind Doodles' is visible

07-06-2024T13:43:10 - [TEST_STEP][PASSED] - verifyElementVisible(findTestObject("Object Repository/Page_The Story and Evolution of Doodles - G_6e786d/p_The first Doodle was a simple out-of-offi_345e61")): Object 'Object Repository/Page_The Story and Evolution of Doodles - G_6e786d/p_The first Doodle was a simple out-of-offi_345e61' is visible

07-06-2024T13:43:10 - [MESSAGE][PASSED] - Object 'Object Repository/Page_The Story and Evolution of Doodles - G_6e786d/p_The first Doodle was a simple out-of-offi_345e61' is visible

07-06-2024T13:43:10 - [TEST_STEP][PASSED] - verifyElementVisible(findTestObject("Object Repository/Page_The Story and Evolution of Doodles - G_6e786d/h2_Weve created more than 5,000 Doodles ove_111429")): Object 'Object Repository/Page_The Story and Evolution of Doodles - G_6e786d/h2_Weve created more than 5,000 Doodles ove_111429' is visible

07-06-2024T13:43:10 - [MESSAGE][PASSED] - Object 'Object Repository/Page_The Story and Evolution of Doodles - G_6e786d/h2_Weve created more than 5,000 Doodles ove_111429' is visible]]></system-out>
         <system-err><![CDATA[]]></system-err>
      </testcase>
      <testcase name="Test Cases/test case folder 1/tc1 - Copy (2)" time="9.552" classname="Test Cases/test case folder 1/tc1 - Copy (2)" status="PASSED">
         <system-out><![CDATA[07-06-2024T13:43:10 - [TEST_CASE][PASSED] - Test Cases/test case folder 1/tc1 - Copy (2): Test Cases/test case folder 1/tc1 - Copy (2)

07-06-2024T13:43:10 - [TEST_STEP][PASSED] - openBrowser(""): Browser is opened with url: ''

07-06-2024T13:43:10 - [MESSAGE][WARNING] - A browser is already opened. Closing browser and opening a new one

07-06-2024T13:43:11 - [MESSAGE][INFO] - Starting 'Firefox (headless)' driver

07-06-2024T13:43:11 - [MESSAGE][INFO] - Action delay is set to 0 milliseconds

07-06-2024T13:43:13 - [MESSAGE][PASSED] - Browser is opened with url: ''

07-06-2024T13:43:13 - [TEST_STEP][PASSED] - navigateToUrl("https://doodles.google/about/"): Navigate to 'https://doodles.google/about/' successfully

07-06-2024T13:43:14 - [MESSAGE][PASSED] - Navigate to 'https://doodles.google/about/' successfully

07-06-2024T13:43:14 - [TEST_STEP][PASSED] - click(findTestObject("Object Repository/Page_The Story and Evolution of Doodles - G_6e786d/p_The first Doodle was a simple out-of-offi_345e61")): Object: 'Object Repository/Page_The Story and Evolution of Doodles - G_6e786d/p_The first Doodle was a simple out-of-offi_345e61' is clicked on

07-06-2024T13:43:15 - [MESSAGE][PASSED] - Object: 'Object Repository/Page_The Story and Evolution of Doodles - G_6e786d/p_The first Doodle was a simple out-of-offi_345e61' is clicked on

07-06-2024T13:43:15 - [TEST_STEP][PASSED] - click(findTestObject("Object Repository/Page_The Story and Evolution of Doodles - G_6e786d/p_The first Doodle was a simple out-of-offi_345e61")): Object: 'Object Repository/Page_The Story and Evolution of Doodles - G_6e786d/p_The first Doodle was a simple out-of-offi_345e61' is clicked on

07-06-2024T13:43:15 - [MESSAGE][PASSED] - Object: 'Object Repository/Page_The Story and Evolution of Doodles - G_6e786d/p_The first Doodle was a simple out-of-offi_345e61' is clicked on

07-06-2024T13:43:15 - [TEST_STEP][PASSED] - verifyElementVisible(findTestObject("Object Repository/Page_The Story and Evolution of Doodles - G_6e786d/h1_The story behind Doodles")): Object 'Object Repository/Page_The Story and Evolution of Doodles - G_6e786d/h1_The story behind Doodles' is visible

07-06-2024T13:43:15 - [MESSAGE][PASSED] - Object 'Object Repository/Page_The Story and Evolution of Doodles - G_6e786d/h1_The story behind Doodles' is visible

07-06-2024T13:43:15 - [TEST_STEP][PASSED] - verifyElementVisible(findTestObject("Object Repository/Page_The Story and Evolution of Doodles - G_6e786d/p_The first Doodle was a simple out-of-offi_345e61")): Object 'Object Repository/Page_The Story and Evolution of Doodles - G_6e786d/p_The first Doodle was a simple out-of-offi_345e61' is visible

07-06-2024T13:43:15 - [MESSAGE][PASSED] - Object 'Object Repository/Page_The Story and Evolution of Doodles - G_6e786d/p_The first Doodle was a simple out-of-offi_345e61' is visible

07-06-2024T13:43:15 - [TEST_STEP][PASSED] - verifyElementVisible(findTestObject("Object Repository/Page_The Story and Evolution of Doodles - G_6e786d/h2_Weve created more than 5,000 Doodles ove_111429")): Object 'Object Repository/Page_The Story and Evolution of Doodles - G_6e786d/h2_Weve created more than 5,000 Doodles ove_111429' is visible

07-06-2024T13:43:15 - [MESSAGE][PASSED] - Object 'Object Repository/Page_The Story and Evolution of Doodles - G_6e786d/h2_Weve created more than 5,000 Doodles ove_111429' is visible

07-06-2024T13:43:15 - [TEST_STEP][PASSED] - verifyElementVisible(findTestObject("Object Repository/Page_The Story and Evolution of Doodles - G_6e786d/h1_The story behind Doodles")): Object 'Object Repository/Page_The Story and Evolution of Doodles - G_6e786d/h1_The story behind Doodles' is visible

07-06-2024T13:43:15 - [MESSAGE][PASSED] - Object 'Object Repository/Page_The Story and Evolution of Doodles - G_6e786d/h1_The story behind Doodles' is visible

07-06-2024T13:43:15 - [TEST_STEP][PASSED] - verifyElementVisible(findTestObject("Object Repository/Page_The Story and Evolution of Doodles - G_6e786d/p_The first Doodle was a simple out-of-offi_345e61")): Object 'Object Repository/Page_The Story and Evolution of Doodles - G_6e786d/p_The first Doodle was a simple out-of-offi_345e61' is visible

07-06-2024T13:43:15 - [MESSAGE][PASSED] - Object 'Object Repository/Page_The Story and Evolution of Doodles - G_6e786d/p_The first Doodle was a simple out-of-offi_345e61' is visible

07-06-2024T13:43:15 - [TEST_STEP][PASSED] - verifyElementVisible(findTestObject("Object Repository/Page_The Story and Evolution of Doodles - G_6e786d/h2_Weve created more than 5,000 Doodles ove_111429")): Object 'Object Repository/Page_The Story and Evolution of Doodles - G_6e786d/h2_Weve created more than 5,000 Doodles ove_111429' is visible

07-06-2024T13:43:15 - [MESSAGE][PASSED] - Object 'Object Repository/Page_The Story and Evolution of Doodles - G_6e786d/h2_Weve created more than 5,000 Doodles ove_111429' is visible

07-06-2024T13:43:15 - [TEST_STEP][PASSED] - click(findTestObject("Object Repository/Page_The Story and Evolution of Doodles - G_6e786d/p_The first Doodle was a simple out-of-offi_345e61")): Object: 'Object Repository/Page_The Story and Evolution of Doodles - G_6e786d/p_The first Doodle was a simple out-of-offi_345e61' is clicked on

07-06-2024T13:43:16 - [MESSAGE][PASSED] - Object: 'Object Repository/Page_The Story and Evolution of Doodles - G_6e786d/p_The first Doodle was a simple out-of-offi_345e61' is clicked on

07-06-2024T13:43:16 - [TEST_STEP][PASSED] - verifyElementVisible(findTestObject("Object Repository/Page_The Story and Evolution of Doodles - G_6e786d/h1_The story behind Doodles")): Object 'Object Repository/Page_The Story and Evolution of Doodles - G_6e786d/h1_The story behind Doodles' is visible

07-06-2024T13:43:16 - [MESSAGE][PASSED] - Object 'Object Repository/Page_The Story and Evolution of Doodles - G_6e786d/h1_The story behind Doodles' is visible

07-06-2024T13:43:16 - [TEST_STEP][PASSED] - verifyElementVisible(findTestObject("Object Repository/Page_The Story and Evolution of Doodles - G_6e786d/p_The first Doodle was a simple out-of-offi_345e61")): Object 'Object Repository/Page_The Story and Evolution of Doodles - G_6e786d/p_The first Doodle was a simple out-of-offi_345e61' is visible

07-06-2024T13:43:16 - [MESSAGE][PASSED] - Object 'Object Repository/Page_The Story and Evolution of Doodles - G_6e786d/p_The first Doodle was a simple out-of-offi_345e61' is visible

07-06-2024T13:43:16 - [TEST_STEP][PASSED] - verifyElementVisible(findTestObject("Object Repository/Page_The Story and Evolution of Doodles - G_6e786d/h2_Weve created more than 5,000 Doodles ove_111429")): Object 'Object Repository/Page_The Story and Evolution of Doodles - G_6e786d/h2_Weve created more than 5,000 Doodles ove_111429' is visible

07-06-2024T13:43:16 - [MESSAGE][PASSED] - Object 'Object Repository/Page_The Story and Evolution of Doodles - G_6e786d/h2_Weve created more than 5,000 Doodles ove_111429' is visible

07-06-2024T13:43:16 - [TEST_STEP][PASSED] - click(findTestObject("Object Repository/Page_The Story and Evolution of Doodles - G_6e786d/p_The first Doodle was a simple out-of-offi_345e61")): Object: 'Object Repository/Page_The Story and Evolution of Doodles - G_6e786d/p_The first Doodle was a simple out-of-offi_345e61' is clicked on

07-06-2024T13:43:16 - [MESSAGE][PASSED] - Object: 'Object Repository/Page_The Story and Evolution of Doodles - G_6e786d/p_The first Doodle was a simple out-of-offi_345e61' is clicked on

07-06-2024T13:43:16 - [TEST_STEP][PASSED] - verifyElementVisible(findTestObject("Object Repository/Page_The Story and Evolution of Doodles - G_6e786d/h1_The story behind Doodles")): Object 'Object Repository/Page_The Story and Evolution of Doodles - G_6e786d/h1_The story behind Doodles' is visible

07-06-2024T13:43:16 - [MESSAGE][PASSED] - Object 'Object Repository/Page_The Story and Evolution of Doodles - G_6e786d/h1_The story behind Doodles' is visible

07-06-2024T13:43:16 - [TEST_STEP][PASSED] - verifyElementVisible(findTestObject("Object Repository/Page_The Story and Evolution of Doodles - G_6e786d/p_The first Doodle was a simple out-of-offi_345e61")): Object 'Object Repository/Page_The Story and Evolution of Doodles - G_6e786d/p_The first Doodle was a simple out-of-offi_345e61' is visible

07-06-2024T13:43:16 - [MESSAGE][PASSED] - Object 'Object Repository/Page_The Story and Evolution of Doodles - G_6e786d/p_The first Doodle was a simple out-of-offi_345e61' is visible

07-06-2024T13:43:16 - [TEST_STEP][PASSED] - verifyElementVisible(findTestObject("Object Repository/Page_The Story and Evolution of Doodles - G_6e786d/h2_Weve created more than 5,000 Doodles ove_111429")): Object 'Object Repository/Page_The Story and Evolution of Doodles - G_6e786d/h2_Weve created more than 5,000 Doodles ove_111429' is visible

07-06-2024T13:43:16 - [MESSAGE][PASSED] - Object 'Object Repository/Page_The Story and Evolution of Doodles - G_6e786d/h2_Weve created more than 5,000 Doodles ove_111429' is visible

07-06-2024T13:43:16 - [TEST_STEP][PASSED] - click(findTestObject("Object Repository/Page_The Story and Evolution of Doodles - G_6e786d/p_The first Doodle was a simple out-of-offi_345e61")): Object: 'Object Repository/Page_The Story and Evolution of Doodles - G_6e786d/p_The first Doodle was a simple out-of-offi_345e61' is clicked on

07-06-2024T13:43:16 - [MESSAGE][PASSED] - Object: 'Object Repository/Page_The Story and Evolution of Doodles - G_6e786d/p_The first Doodle was a simple out-of-offi_345e61' is clicked on

07-06-2024T13:43:16 - [TEST_STEP][PASSED] - verifyElementVisible(findTestObject("Object Repository/Page_The Story and Evolution of Doodles - G_6e786d/h1_The story behind Doodles")): Object 'Object Repository/Page_The Story and Evolution of Doodles - G_6e786d/h1_The story behind Doodles' is visible

07-06-2024T13:43:17 - [MESSAGE][PASSED] - Object 'Object Repository/Page_The Story and Evolution of Doodles - G_6e786d/h1_The story behind Doodles' is visible

07-06-2024T13:43:17 - [TEST_STEP][PASSED] - verifyElementVisible(findTestObject("Object Repository/Page_The Story and Evolution of Doodles - G_6e786d/p_The first Doodle was a simple out-of-offi_345e61")): Object 'Object Repository/Page_The Story and Evolution of Doodles - G_6e786d/p_The first Doodle was a simple out-of-offi_345e61' is visible

07-06-2024T13:43:17 - [MESSAGE][PASSED] - Object 'Object Repository/Page_The Story and Evolution of Doodles - G_6e786d/p_The first Doodle was a simple out-of-offi_345e61' is visible

07-06-2024T13:43:17 - [TEST_STEP][PASSED] - verifyElementVisible(findTestObject("Object Repository/Page_The Story and Evolution of Doodles - G_6e786d/h2_Weve created more than 5,000 Doodles ove_111429")): Object 'Object Repository/Page_The Story and Evolution of Doodles - G_6e786d/h2_Weve created more than 5,000 Doodles ove_111429' is visible

07-06-2024T13:43:17 - [MESSAGE][PASSED] - Object 'Object Repository/Page_The Story and Evolution of Doodles - G_6e786d/h2_Weve created more than 5,000 Doodles ove_111429' is visible

07-06-2024T13:43:17 - [TEST_STEP][PASSED] - click(findTestObject("Object Repository/Page_The Story and Evolution of Doodles - G_6e786d/p_The first Doodle was a simple out-of-offi_345e61")): Object: 'Object Repository/Page_The Story and Evolution of Doodles - G_6e786d/p_The first Doodle was a simple out-of-offi_345e61' is clicked on

07-06-2024T13:43:17 - [MESSAGE][PASSED] - Object: 'Object Repository/Page_The Story and Evolution of Doodles - G_6e786d/p_The first Doodle was a simple out-of-offi_345e61' is clicked on

07-06-2024T13:43:17 - [TEST_STEP][PASSED] - verifyElementVisible(findTestObject("Object Repository/Page_The Story and Evolution of Doodles - G_6e786d/h1_The story behind Doodles")): Object 'Object Repository/Page_The Story and Evolution of Doodles - G_6e786d/h1_The story behind Doodles' is visible

07-06-2024T13:43:17 - [MESSAGE][PASSED] - Object 'Object Repository/Page_The Story and Evolution of Doodles - G_6e786d/h1_The story behind Doodles' is visible

07-06-2024T13:43:17 - [TEST_STEP][PASSED] - verifyElementVisible(findTestObject("Object Repository/Page_The Story and Evolution of Doodles - G_6e786d/p_The first Doodle was a simple out-of-offi_345e61")): Object 'Object Repository/Page_The Story and Evolution of Doodles - G_6e786d/p_The first Doodle was a simple out-of-offi_345e61' is visible

07-06-2024T13:43:17 - [MESSAGE][PASSED] - Object 'Object Repository/Page_The Story and Evolution of Doodles - G_6e786d/p_The first Doodle was a simple out-of-offi_345e61' is visible

07-06-2024T13:43:17 - [TEST_STEP][PASSED] - verifyElementVisible(findTestObject("Object Repository/Page_The Story and Evolution of Doodles - G_6e786d/h2_Weve created more than 5,000 Doodles ove_111429")): Object 'Object Repository/Page_The Story and Evolution of Doodles - G_6e786d/h2_Weve created more than 5,000 Doodles ove_111429' is visible

07-06-2024T13:43:17 - [MESSAGE][PASSED] - Object 'Object Repository/Page_The Story and Evolution of Doodles - G_6e786d/h2_Weve created more than 5,000 Doodles ove_111429' is visible

07-06-2024T13:43:17 - [TEST_STEP][PASSED] - click(findTestObject("Object Repository/Page_The Story and Evolution of Doodles - G_6e786d/p_The first Doodle was a simple out-of-offi_345e61")): Object: 'Object Repository/Page_The Story and Evolution of Doodles - G_6e786d/p_The first Doodle was a simple out-of-offi_345e61' is clicked on

07-06-2024T13:43:17 - [MESSAGE][PASSED] - Object: 'Object Repository/Page_The Story and Evolution of Doodles - G_6e786d/p_The first Doodle was a simple out-of-offi_345e61' is clicked on

07-06-2024T13:43:17 - [TEST_STEP][PASSED] - verifyElementVisible(findTestObject("Object Repository/Page_The Story and Evolution of Doodles - G_6e786d/h1_The story behind Doodles")): Object 'Object Repository/Page_The Story and Evolution of Doodles - G_6e786d/h1_The story behind Doodles' is visible

07-06-2024T13:43:17 - [MESSAGE][PASSED] - Object 'Object Repository/Page_The Story and Evolution of Doodles - G_6e786d/h1_The story behind Doodles' is visible

07-06-2024T13:43:17 - [TEST_STEP][PASSED] - verifyElementVisible(findTestObject("Object Repository/Page_The Story and Evolution of Doodles - G_6e786d/p_The first Doodle was a simple out-of-offi_345e61")): Object 'Object Repository/Page_The Story and Evolution of Doodles - G_6e786d/p_The first Doodle was a simple out-of-offi_345e61' is visible

07-06-2024T13:43:17 - [MESSAGE][PASSED] - Object 'Object Repository/Page_The Story and Evolution of Doodles - G_6e786d/p_The first Doodle was a simple out-of-offi_345e61' is visible

07-06-2024T13:43:17 - [TEST_STEP][PASSED] - verifyElementVisible(findTestObject("Object Repository/Page_The Story and Evolution of Doodles - G_6e786d/h2_Weve created more than 5,000 Doodles ove_111429")): Object 'Object Repository/Page_The Story and Evolution of Doodles - G_6e786d/h2_Weve created more than 5,000 Doodles ove_111429' is visible

07-06-2024T13:43:17 - [MESSAGE][PASSED] - Object 'Object Repository/Page_The Story and Evolution of Doodles - G_6e786d/h2_Weve created more than 5,000 Doodles ove_111429' is visible

07-06-2024T13:43:17 - [TEST_STEP][PASSED] - click(findTestObject("Object Repository/Page_The Story and Evolution of Doodles - G_6e786d/p_The first Doodle was a simple out-of-offi_345e61")): Object: 'Object Repository/Page_The Story and Evolution of Doodles - G_6e786d/p_The first Doodle was a simple out-of-offi_345e61' is clicked on

07-06-2024T13:43:18 - [MESSAGE][PASSED] - Object: 'Object Repository/Page_The Story and Evolution of Doodles - G_6e786d/p_The first Doodle was a simple out-of-offi_345e61' is clicked on

07-06-2024T13:43:18 - [TEST_STEP][PASSED] - verifyElementVisible(findTestObject("Object Repository/Page_The Story and Evolution of Doodles - G_6e786d/h1_The story behind Doodles")): Object 'Object Repository/Page_The Story and Evolution of Doodles - G_6e786d/h1_The story behind Doodles' is visible

07-06-2024T13:43:18 - [MESSAGE][PASSED] - Object 'Object Repository/Page_The Story and Evolution of Doodles - G_6e786d/h1_The story behind Doodles' is visible

07-06-2024T13:43:18 - [TEST_STEP][PASSED] - verifyElementVisible(findTestObject("Object Repository/Page_The Story and Evolution of Doodles - G_6e786d/p_The first Doodle was a simple out-of-offi_345e61")): Object 'Object Repository/Page_The Story and Evolution of Doodles - G_6e786d/p_The first Doodle was a simple out-of-offi_345e61' is visible

07-06-2024T13:43:18 - [MESSAGE][PASSED] - Object 'Object Repository/Page_The Story and Evolution of Doodles - G_6e786d/p_The first Doodle was a simple out-of-offi_345e61' is visible

07-06-2024T13:43:18 - [TEST_STEP][PASSED] - verifyElementVisible(findTestObject("Object Repository/Page_The Story and Evolution of Doodles - G_6e786d/h2_Weve created more than 5,000 Doodles ove_111429")): Object 'Object Repository/Page_The Story and Evolution of Doodles - G_6e786d/h2_Weve created more than 5,000 Doodles ove_111429' is visible

07-06-2024T13:43:18 - [MESSAGE][PASSED] - Object 'Object Repository/Page_The Story and Evolution of Doodles - G_6e786d/h2_Weve created more than 5,000 Doodles ove_111429' is visible

07-06-2024T13:43:18 - [TEST_STEP][PASSED] - click(findTestObject("Object Repository/Page_The Story and Evolution of Doodles - G_6e786d/p_The first Doodle was a simple out-of-offi_345e61")): Object: 'Object Repository/Page_The Story and Evolution of Doodles - G_6e786d/p_The first Doodle was a simple out-of-offi_345e61' is clicked on

07-06-2024T13:43:18 - [MESSAGE][PASSED] - Object: 'Object Repository/Page_The Story and Evolution of Doodles - G_6e786d/p_The first Doodle was a simple out-of-offi_345e61' is clicked on

07-06-2024T13:43:18 - [TEST_STEP][PASSED] - verifyElementVisible(findTestObject("Object Repository/Page_The Story and Evolution of Doodles - G_6e786d/h1_The story behind Doodles")): Object 'Object Repository/Page_The Story and Evolution of Doodles - G_6e786d/h1_The story behind Doodles' is visible

07-06-2024T13:43:18 - [MESSAGE][PASSED] - Object 'Object Repository/Page_The Story and Evolution of Doodles - G_6e786d/h1_The story behind Doodles' is visible

07-06-2024T13:43:18 - [TEST_STEP][PASSED] - verifyElementVisible(findTestObject("Object Repository/Page_The Story and Evolution of Doodles - G_6e786d/p_The first Doodle was a simple out-of-offi_345e61")): Object 'Object Repository/Page_The Story and Evolution of Doodles - G_6e786d/p_The first Doodle was a simple out-of-offi_345e61' is visible

07-06-2024T13:43:18 - [MESSAGE][PASSED] - Object 'Object Repository/Page_The Story and Evolution of Doodles - G_6e786d/p_The first Doodle was a simple out-of-offi_345e61' is visible

07-06-2024T13:43:18 - [TEST_STEP][PASSED] - verifyElementVisible(findTestObject("Object Repository/Page_The Story and Evolution of Doodles - G_6e786d/h2_Weve created more than 5,000 Doodles ove_111429")): Object 'Object Repository/Page_The Story and Evolution of Doodles - G_6e786d/h2_Weve created more than 5,000 Doodles ove_111429' is visible

07-06-2024T13:43:18 - [MESSAGE][PASSED] - Object 'Object Repository/Page_The Story and Evolution of Doodles - G_6e786d/h2_Weve created more than 5,000 Doodles ove_111429' is visible

07-06-2024T13:43:18 - [TEST_STEP][PASSED] - click(findTestObject("Object Repository/Page_The Story and Evolution of Doodles - G_6e786d/p_The first Doodle was a simple out-of-offi_345e61")): Object: 'Object Repository/Page_The Story and Evolution of Doodles - G_6e786d/p_The first Doodle was a simple out-of-offi_345e61' is clicked on

07-06-2024T13:43:19 - [MESSAGE][PASSED] - Object: 'Object Repository/Page_The Story and Evolution of Doodles - G_6e786d/p_The first Doodle was a simple out-of-offi_345e61' is clicked on

07-06-2024T13:43:19 - [TEST_STEP][PASSED] - verifyElementVisible(findTestObject("Object Repository/Page_The Story and Evolution of Doodles - G_6e786d/h1_The story behind Doodles")): Object 'Object Repository/Page_The Story and Evolution of Doodles - G_6e786d/h1_The story behind Doodles' is visible

07-06-2024T13:43:19 - [MESSAGE][PASSED] - Object 'Object Repository/Page_The Story and Evolution of Doodles - G_6e786d/h1_The story behind Doodles' is visible

07-06-2024T13:43:19 - [TEST_STEP][PASSED] - verifyElementVisible(findTestObject("Object Repository/Page_The Story and Evolution of Doodles - G_6e786d/p_The first Doodle was a simple out-of-offi_345e61")): Object 'Object Repository/Page_The Story and Evolution of Doodles - G_6e786d/p_The first Doodle was a simple out-of-offi_345e61' is visible

07-06-2024T13:43:19 - [MESSAGE][PASSED] - Object 'Object Repository/Page_The Story and Evolution of Doodles - G_6e786d/p_The first Doodle was a simple out-of-offi_345e61' is visible

07-06-2024T13:43:19 - [TEST_STEP][PASSED] - verifyElementVisible(findTestObject("Object Repository/Page_The Story and Evolution of Doodles - G_6e786d/h2_Weve created more than 5,000 Doodles ove_111429")): Object 'Object Repository/Page_The Story and Evolution of Doodles - G_6e786d/h2_Weve created more than 5,000 Doodles ove_111429' is visible

07-06-2024T13:43:19 - [MESSAGE][PASSED] - Object 'Object Repository/Page_The Story and Evolution of Doodles - G_6e786d/h2_Weve created more than 5,000 Doodles ove_111429' is visible

07-06-2024T13:43:19 - [TEST_STEP][PASSED] - click(findTestObject("Object Repository/Page_The Story and Evolution of Doodles - G_6e786d/p_The first Doodle was a simple out-of-offi_345e61")): Object: 'Object Repository/Page_The Story and Evolution of Doodles - G_6e786d/p_The first Doodle was a simple out-of-offi_345e61' is clicked on

07-06-2024T13:43:19 - [MESSAGE][PASSED] - Object: 'Object Repository/Page_The Story and Evolution of Doodles - G_6e786d/p_The first Doodle was a simple out-of-offi_345e61' is clicked on

07-06-2024T13:43:19 - [TEST_STEP][PASSED] - verifyElementVisible(findTestObject("Object Repository/Page_The Story and Evolution of Doodles - G_6e786d/h1_The story behind Doodles")): Object 'Object Repository/Page_The Story and Evolution of Doodles - G_6e786d/h1_The story behind Doodles' is visible

07-06-2024T13:43:19 - [MESSAGE][PASSED] - Object 'Object Repository/Page_The Story and Evolution of Doodles - G_6e786d/h1_The story behind Doodles' is visible

07-06-2024T13:43:19 - [TEST_STEP][PASSED] - verifyElementVisible(findTestObject("Object Repository/Page_The Story and Evolution of Doodles - G_6e786d/p_The first Doodle was a simple out-of-offi_345e61")): Object 'Object Repository/Page_The Story and Evolution of Doodles - G_6e786d/p_The first Doodle was a simple out-of-offi_345e61' is visible

07-06-2024T13:43:19 - [MESSAGE][PASSED] - Object 'Object Repository/Page_The Story and Evolution of Doodles - G_6e786d/p_The first Doodle was a simple out-of-offi_345e61' is visible

07-06-2024T13:43:19 - [TEST_STEP][PASSED] - verifyElementVisible(findTestObject("Object Repository/Page_The Story and Evolution of Doodles - G_6e786d/h2_Weve created more than 5,000 Doodles ove_111429")): Object 'Object Repository/Page_The Story and Evolution of Doodles - G_6e786d/h2_Weve created more than 5,000 Doodles ove_111429' is visible

07-06-2024T13:43:19 - [MESSAGE][PASSED] - Object 'Object Repository/Page_The Story and Evolution of Doodles - G_6e786d/h2_Weve created more than 5,000 Doodles ove_111429' is visible]]></system-out>
         <system-err><![CDATA[]]></system-err>
      </testcase>
      <testcase name="Test Cases/test case folder 1/tc1 - Copy (3)" time="24.21" classname="Test Cases/test case folder 1/tc1 - Copy (3)" status="PASSED">
         <system-out><![CDATA[07-06-2024T13:43:19 - [TEST_CASE][PASSED] - Test Cases/test case folder 1/tc1 - Copy (3): Test Cases/test case folder 1/tc1 - Copy (3)

07-06-2024T13:43:19 - [TEST_STEP][PASSED] - openBrowser(""): Browser is opened with url: ''

07-06-2024T13:43:19 - [MESSAGE][WARNING] - A browser is already opened. Closing browser and opening a new one

07-06-2024T13:43:20 - [MESSAGE][INFO] - Starting 'Firefox (headless)' driver

07-06-2024T13:43:20 - [MESSAGE][INFO] - Action delay is set to 0 milliseconds

07-06-2024T13:43:22 - [MESSAGE][PASSED] - Browser is opened with url: ''

07-06-2024T13:43:22 - [TEST_STEP][PASSED] - navigateToUrl("https://doodles.google/about/"): Navigate to 'https://doodles.google/about/' successfully

07-06-2024T13:43:38 - [MESSAGE][PASSED] - Navigate to 'https://doodles.google/about/' successfully

07-06-2024T13:43:38 - [TEST_STEP][PASSED] - click(findTestObject("Object Repository/Page_The Story and Evolution of Doodles - G_6e786d/p_The first Doodle was a simple out-of-offi_345e61")): Object: 'Object Repository/Page_The Story and Evolution of Doodles - G_6e786d/p_The first Doodle was a simple out-of-offi_345e61' is clicked on

07-06-2024T13:43:39 - [MESSAGE][PASSED] - Object: 'Object Repository/Page_The Story and Evolution of Doodles - G_6e786d/p_The first Doodle was a simple out-of-offi_345e61' is clicked on

07-06-2024T13:43:39 - [TEST_STEP][PASSED] - click(findTestObject("Object Repository/Page_The Story and Evolution of Doodles - G_6e786d/p_The first Doodle was a simple out-of-offi_345e61")): Object: 'Object Repository/Page_The Story and Evolution of Doodles - G_6e786d/p_The first Doodle was a simple out-of-offi_345e61' is clicked on

07-06-2024T13:43:39 - [MESSAGE][PASSED] - Object: 'Object Repository/Page_The Story and Evolution of Doodles - G_6e786d/p_The first Doodle was a simple out-of-offi_345e61' is clicked on

07-06-2024T13:43:39 - [TEST_STEP][PASSED] - verifyElementVisible(findTestObject("Object Repository/Page_The Story and Evolution of Doodles - G_6e786d/h1_The story behind Doodles")): Object 'Object Repository/Page_The Story and Evolution of Doodles - G_6e786d/h1_The story behind Doodles' is visible

07-06-2024T13:43:39 - [MESSAGE][PASSED] - Object 'Object Repository/Page_The Story and Evolution of Doodles - G_6e786d/h1_The story behind Doodles' is visible

07-06-2024T13:43:39 - [TEST_STEP][PASSED] - verifyElementVisible(findTestObject("Object Repository/Page_The Story and Evolution of Doodles - G_6e786d/p_The first Doodle was a simple out-of-offi_345e61")): Object 'Object Repository/Page_The Story and Evolution of Doodles - G_6e786d/p_The first Doodle was a simple out-of-offi_345e61' is visible

07-06-2024T13:43:39 - [MESSAGE][PASSED] - Object 'Object Repository/Page_The Story and Evolution of Doodles - G_6e786d/p_The first Doodle was a simple out-of-offi_345e61' is visible

07-06-2024T13:43:39 - [TEST_STEP][PASSED] - verifyElementVisible(findTestObject("Object Repository/Page_The Story and Evolution of Doodles - G_6e786d/h2_Weve created more than 5,000 Doodles ove_111429")): Object 'Object Repository/Page_The Story and Evolution of Doodles - G_6e786d/h2_Weve created more than 5,000 Doodles ove_111429' is visible

07-06-2024T13:43:39 - [MESSAGE][PASSED] - Object 'Object Repository/Page_The Story and Evolution of Doodles - G_6e786d/h2_Weve created more than 5,000 Doodles ove_111429' is visible

07-06-2024T13:43:39 - [TEST_STEP][PASSED] - verifyElementVisible(findTestObject("Object Repository/Page_The Story and Evolution of Doodles - G_6e786d/h1_The story behind Doodles")): Object 'Object Repository/Page_The Story and Evolution of Doodles - G_6e786d/h1_The story behind Doodles' is visible

07-06-2024T13:43:39 - [MESSAGE][PASSED] - Object 'Object Repository/Page_The Story and Evolution of Doodles - G_6e786d/h1_The story behind Doodles' is visible

07-06-2024T13:43:39 - [TEST_STEP][PASSED] - verifyElementVisible(findTestObject("Object Repository/Page_The Story and Evolution of Doodles - G_6e786d/p_The first Doodle was a simple out-of-offi_345e61")): Object 'Object Repository/Page_The Story and Evolution of Doodles - G_6e786d/p_The first Doodle was a simple out-of-offi_345e61' is visible

07-06-2024T13:43:39 - [MESSAGE][PASSED] - Object 'Object Repository/Page_The Story and Evolution of Doodles - G_6e786d/p_The first Doodle was a simple out-of-offi_345e61' is visible

07-06-2024T13:43:39 - [TEST_STEP][PASSED] - verifyElementVisible(findTestObject("Object Repository/Page_The Story and Evolution of Doodles - G_6e786d/h2_Weve created more than 5,000 Doodles ove_111429")): Object 'Object Repository/Page_The Story and Evolution of Doodles - G_6e786d/h2_Weve created more than 5,000 Doodles ove_111429' is visible

07-06-2024T13:43:39 - [MESSAGE][PASSED] - Object 'Object Repository/Page_The Story and Evolution of Doodles - G_6e786d/h2_Weve created more than 5,000 Doodles ove_111429' is visible

07-06-2024T13:43:39 - [TEST_STEP][PASSED] - click(findTestObject("Object Repository/Page_The Story and Evolution of Doodles - G_6e786d/p_The first Doodle was a simple out-of-offi_345e61")): Object: 'Object Repository/Page_The Story and Evolution of Doodles - G_6e786d/p_The first Doodle was a simple out-of-offi_345e61' is clicked on

07-06-2024T13:43:40 - [MESSAGE][PASSED] - Object: 'Object Repository/Page_The Story and Evolution of Doodles - G_6e786d/p_The first Doodle was a simple out-of-offi_345e61' is clicked on

07-06-2024T13:43:40 - [TEST_STEP][PASSED] - verifyElementVisible(findTestObject("Object Repository/Page_The Story and Evolution of Doodles - G_6e786d/h1_The story behind Doodles")): Object 'Object Repository/Page_The Story and Evolution of Doodles - G_6e786d/h1_The story behind Doodles' is visible

07-06-2024T13:43:40 - [MESSAGE][PASSED] - Object 'Object Repository/Page_The Story and Evolution of Doodles - G_6e786d/h1_The story behind Doodles' is visible

07-06-2024T13:43:40 - [TEST_STEP][PASSED] - verifyElementVisible(findTestObject("Object Repository/Page_The Story and Evolution of Doodles - G_6e786d/p_The first Doodle was a simple out-of-offi_345e61")): Object 'Object Repository/Page_The Story and Evolution of Doodles - G_6e786d/p_The first Doodle was a simple out-of-offi_345e61' is visible

07-06-2024T13:43:40 - [MESSAGE][PASSED] - Object 'Object Repository/Page_The Story and Evolution of Doodles - G_6e786d/p_The first Doodle was a simple out-of-offi_345e61' is visible

07-06-2024T13:43:40 - [TEST_STEP][PASSED] - verifyElementVisible(findTestObject("Object Repository/Page_The Story and Evolution of Doodles - G_6e786d/h2_Weve created more than 5,000 Doodles ove_111429")): Object 'Object Repository/Page_The Story and Evolution of Doodles - G_6e786d/h2_Weve created more than 5,000 Doodles ove_111429' is visible

07-06-2024T13:43:40 - [MESSAGE][PASSED] - Object 'Object Repository/Page_The Story and Evolution of Doodles - G_6e786d/h2_Weve created more than 5,000 Doodles ove_111429' is visible

07-06-2024T13:43:40 - [TEST_STEP][PASSED] - click(findTestObject("Object Repository/Page_The Story and Evolution of Doodles - G_6e786d/p_The first Doodle was a simple out-of-offi_345e61")): Object: 'Object Repository/Page_The Story and Evolution of Doodles - G_6e786d/p_The first Doodle was a simple out-of-offi_345e61' is clicked on

07-06-2024T13:43:40 - [MESSAGE][PASSED] - Object: 'Object Repository/Page_The Story and Evolution of Doodles - G_6e786d/p_The first Doodle was a simple out-of-offi_345e61' is clicked on

07-06-2024T13:43:40 - [TEST_STEP][PASSED] - verifyElementVisible(findTestObject("Object Repository/Page_The Story and Evolution of Doodles - G_6e786d/h1_The story behind Doodles")): Object 'Object Repository/Page_The Story and Evolution of Doodles - G_6e786d/h1_The story behind Doodles' is visible

07-06-2024T13:43:40 - [MESSAGE][PASSED] - Object 'Object Repository/Page_The Story and Evolution of Doodles - G_6e786d/h1_The story behind Doodles' is visible

07-06-2024T13:43:40 - [TEST_STEP][PASSED] - verifyElementVisible(findTestObject("Object Repository/Page_The Story and Evolution of Doodles - G_6e786d/p_The first Doodle was a simple out-of-offi_345e61")): Object 'Object Repository/Page_The Story and Evolution of Doodles - G_6e786d/p_The first Doodle was a simple out-of-offi_345e61' is visible

07-06-2024T13:43:40 - [MESSAGE][PASSED] - Object 'Object Repository/Page_The Story and Evolution of Doodles - G_6e786d/p_The first Doodle was a simple out-of-offi_345e61' is visible

07-06-2024T13:43:40 - [TEST_STEP][PASSED] - verifyElementVisible(findTestObject("Object Repository/Page_The Story and Evolution of Doodles - G_6e786d/h2_Weve created more than 5,000 Doodles ove_111429")): Object 'Object Repository/Page_The Story and Evolution of Doodles - G_6e786d/h2_Weve created more than 5,000 Doodles ove_111429' is visible

07-06-2024T13:43:40 - [MESSAGE][PASSED] - Object 'Object Repository/Page_The Story and Evolution of Doodles - G_6e786d/h2_Weve created more than 5,000 Doodles ove_111429' is visible

07-06-2024T13:43:40 - [TEST_STEP][PASSED] - click(findTestObject("Object Repository/Page_The Story and Evolution of Doodles - G_6e786d/p_The first Doodle was a simple out-of-offi_345e61")): Object: 'Object Repository/Page_The Story and Evolution of Doodles - G_6e786d/p_The first Doodle was a simple out-of-offi_345e61' is clicked on

07-06-2024T13:43:40 - [MESSAGE][PASSED] - Object: 'Object Repository/Page_The Story and Evolution of Doodles - G_6e786d/p_The first Doodle was a simple out-of-offi_345e61' is clicked on

07-06-2024T13:43:40 - [TEST_STEP][PASSED] - verifyElementVisible(findTestObject("Object Repository/Page_The Story and Evolution of Doodles - G_6e786d/h1_The story behind Doodles")): Object 'Object Repository/Page_The Story and Evolution of Doodles - G_6e786d/h1_The story behind Doodles' is visible

07-06-2024T13:43:40 - [MESSAGE][PASSED] - Object 'Object Repository/Page_The Story and Evolution of Doodles - G_6e786d/h1_The story behind Doodles' is visible

07-06-2024T13:43:40 - [TEST_STEP][PASSED] - verifyElementVisible(findTestObject("Object Repository/Page_The Story and Evolution of Doodles - G_6e786d/p_The first Doodle was a simple out-of-offi_345e61")): Object 'Object Repository/Page_The Story and Evolution of Doodles - G_6e786d/p_The first Doodle was a simple out-of-offi_345e61' is visible

07-06-2024T13:43:41 - [MESSAGE][PASSED] - Object 'Object Repository/Page_The Story and Evolution of Doodles - G_6e786d/p_The first Doodle was a simple out-of-offi_345e61' is visible

07-06-2024T13:43:41 - [TEST_STEP][PASSED] - verifyElementVisible(findTestObject("Object Repository/Page_The Story and Evolution of Doodles - G_6e786d/h2_Weve created more than 5,000 Doodles ove_111429")): Object 'Object Repository/Page_The Story and Evolution of Doodles - G_6e786d/h2_Weve created more than 5,000 Doodles ove_111429' is visible

07-06-2024T13:43:41 - [MESSAGE][PASSED] - Object 'Object Repository/Page_The Story and Evolution of Doodles - G_6e786d/h2_Weve created more than 5,000 Doodles ove_111429' is visible

07-06-2024T13:43:41 - [TEST_STEP][PASSED] - click(findTestObject("Object Repository/Page_The Story and Evolution of Doodles - G_6e786d/p_The first Doodle was a simple out-of-offi_345e61")): Object: 'Object Repository/Page_The Story and Evolution of Doodles - G_6e786d/p_The first Doodle was a simple out-of-offi_345e61' is clicked on

07-06-2024T13:43:41 - [MESSAGE][PASSED] - Object: 'Object Repository/Page_The Story and Evolution of Doodles - G_6e786d/p_The first Doodle was a simple out-of-offi_345e61' is clicked on

07-06-2024T13:43:41 - [TEST_STEP][PASSED] - verifyElementVisible(findTestObject("Object Repository/Page_The Story and Evolution of Doodles - G_6e786d/h1_The story behind Doodles")): Object 'Object Repository/Page_The Story and Evolution of Doodles - G_6e786d/h1_The story behind Doodles' is visible

07-06-2024T13:43:41 - [MESSAGE][PASSED] - Object 'Object Repository/Page_The Story and Evolution of Doodles - G_6e786d/h1_The story behind Doodles' is visible

07-06-2024T13:43:41 - [TEST_STEP][PASSED] - verifyElementVisible(findTestObject("Object Repository/Page_The Story and Evolution of Doodles - G_6e786d/p_The first Doodle was a simple out-of-offi_345e61")): Object 'Object Repository/Page_The Story and Evolution of Doodles - G_6e786d/p_The first Doodle was a simple out-of-offi_345e61' is visible

07-06-2024T13:43:41 - [MESSAGE][PASSED] - Object 'Object Repository/Page_The Story and Evolution of Doodles - G_6e786d/p_The first Doodle was a simple out-of-offi_345e61' is visible

07-06-2024T13:43:41 - [TEST_STEP][PASSED] - verifyElementVisible(findTestObject("Object Repository/Page_The Story and Evolution of Doodles - G_6e786d/h2_Weve created more than 5,000 Doodles ove_111429")): Object 'Object Repository/Page_The Story and Evolution of Doodles - G_6e786d/h2_Weve created more than 5,000 Doodles ove_111429' is visible

07-06-2024T13:43:41 - [MESSAGE][PASSED] - Object 'Object Repository/Page_The Story and Evolution of Doodles - G_6e786d/h2_Weve created more than 5,000 Doodles ove_111429' is visible

07-06-2024T13:43:41 - [TEST_STEP][PASSED] - click(findTestObject("Object Repository/Page_The Story and Evolution of Doodles - G_6e786d/p_The first Doodle was a simple out-of-offi_345e61")): Object: 'Object Repository/Page_The Story and Evolution of Doodles - G_6e786d/p_The first Doodle was a simple out-of-offi_345e61' is clicked on

07-06-2024T13:43:41 - [MESSAGE][PASSED] - Object: 'Object Repository/Page_The Story and Evolution of Doodles - G_6e786d/p_The first Doodle was a simple out-of-offi_345e61' is clicked on

07-06-2024T13:43:41 - [TEST_STEP][PASSED] - verifyElementVisible(findTestObject("Object Repository/Page_The Story and Evolution of Doodles - G_6e786d/h1_The story behind Doodles")): Object 'Object Repository/Page_The Story and Evolution of Doodles - G_6e786d/h1_The story behind Doodles' is visible

07-06-2024T13:43:41 - [MESSAGE][PASSED] - Object 'Object Repository/Page_The Story and Evolution of Doodles - G_6e786d/h1_The story behind Doodles' is visible

07-06-2024T13:43:41 - [TEST_STEP][PASSED] - verifyElementVisible(findTestObject("Object Repository/Page_The Story and Evolution of Doodles - G_6e786d/p_The first Doodle was a simple out-of-offi_345e61")): Object 'Object Repository/Page_The Story and Evolution of Doodles - G_6e786d/p_The first Doodle was a simple out-of-offi_345e61' is visible

07-06-2024T13:43:42 - [MESSAGE][PASSED] - Object 'Object Repository/Page_The Story and Evolution of Doodles - G_6e786d/p_The first Doodle was a simple out-of-offi_345e61' is visible

07-06-2024T13:43:42 - [TEST_STEP][PASSED] - verifyElementVisible(findTestObject("Object Repository/Page_The Story and Evolution of Doodles - G_6e786d/h2_Weve created more than 5,000 Doodles ove_111429")): Object 'Object Repository/Page_The Story and Evolution of Doodles - G_6e786d/h2_Weve created more than 5,000 Doodles ove_111429' is visible

07-06-2024T13:43:42 - [MESSAGE][PASSED] - Object 'Object Repository/Page_The Story and Evolution of Doodles - G_6e786d/h2_Weve created more than 5,000 Doodles ove_111429' is visible

07-06-2024T13:43:42 - [TEST_STEP][PASSED] - click(findTestObject("Object Repository/Page_The Story and Evolution of Doodles - G_6e786d/p_The first Doodle was a simple out-of-offi_345e61")): Object: 'Object Repository/Page_The Story and Evolution of Doodles - G_6e786d/p_The first Doodle was a simple out-of-offi_345e61' is clicked on

07-06-2024T13:43:42 - [MESSAGE][PASSED] - Object: 'Object Repository/Page_The Story and Evolution of Doodles - G_6e786d/p_The first Doodle was a simple out-of-offi_345e61' is clicked on

07-06-2024T13:43:42 - [TEST_STEP][PASSED] - verifyElementVisible(findTestObject("Object Repository/Page_The Story and Evolution of Doodles - G_6e786d/h1_The story behind Doodles")): Object 'Object Repository/Page_The Story and Evolution of Doodles - G_6e786d/h1_The story behind Doodles' is visible

07-06-2024T13:43:42 - [MESSAGE][PASSED] - Object 'Object Repository/Page_The Story and Evolution of Doodles - G_6e786d/h1_The story behind Doodles' is visible

07-06-2024T13:43:42 - [TEST_STEP][PASSED] - verifyElementVisible(findTestObject("Object Repository/Page_The Story and Evolution of Doodles - G_6e786d/p_The first Doodle was a simple out-of-offi_345e61")): Object 'Object Repository/Page_The Story and Evolution of Doodles - G_6e786d/p_The first Doodle was a simple out-of-offi_345e61' is visible

07-06-2024T13:43:42 - [MESSAGE][PASSED] - Object 'Object Repository/Page_The Story and Evolution of Doodles - G_6e786d/p_The first Doodle was a simple out-of-offi_345e61' is visible

07-06-2024T13:43:42 - [TEST_STEP][PASSED] - verifyElementVisible(findTestObject("Object Repository/Page_The Story and Evolution of Doodles - G_6e786d/h2_Weve created more than 5,000 Doodles ove_111429")): Object 'Object Repository/Page_The Story and Evolution of Doodles - G_6e786d/h2_Weve created more than 5,000 Doodles ove_111429' is visible

07-06-2024T13:43:42 - [MESSAGE][PASSED] - Object 'Object Repository/Page_The Story and Evolution of Doodles - G_6e786d/h2_Weve created more than 5,000 Doodles ove_111429' is visible

07-06-2024T13:43:42 - [TEST_STEP][PASSED] - click(findTestObject("Object Repository/Page_The Story and Evolution of Doodles - G_6e786d/p_The first Doodle was a simple out-of-offi_345e61")): Object: 'Object Repository/Page_The Story and Evolution of Doodles - G_6e786d/p_The first Doodle was a simple out-of-offi_345e61' is clicked on

07-06-2024T13:43:42 - [MESSAGE][PASSED] - Object: 'Object Repository/Page_The Story and Evolution of Doodles - G_6e786d/p_The first Doodle was a simple out-of-offi_345e61' is clicked on

07-06-2024T13:43:42 - [TEST_STEP][PASSED] - verifyElementVisible(findTestObject("Object Repository/Page_The Story and Evolution of Doodles - G_6e786d/h1_The story behind Doodles")): Object 'Object Repository/Page_The Story and Evolution of Doodles - G_6e786d/h1_The story behind Doodles' is visible

07-06-2024T13:43:42 - [MESSAGE][PASSED] - Object 'Object Repository/Page_The Story and Evolution of Doodles - G_6e786d/h1_The story behind Doodles' is visible

07-06-2024T13:43:42 - [TEST_STEP][PASSED] - verifyElementVisible(findTestObject("Object Repository/Page_The Story and Evolution of Doodles - G_6e786d/p_The first Doodle was a simple out-of-offi_345e61")): Object 'Object Repository/Page_The Story and Evolution of Doodles - G_6e786d/p_The first Doodle was a simple out-of-offi_345e61' is visible

07-06-2024T13:43:42 - [MESSAGE][PASSED] - Object 'Object Repository/Page_The Story and Evolution of Doodles - G_6e786d/p_The first Doodle was a simple out-of-offi_345e61' is visible

07-06-2024T13:43:42 - [TEST_STEP][PASSED] - verifyElementVisible(findTestObject("Object Repository/Page_The Story and Evolution of Doodles - G_6e786d/h2_Weve created more than 5,000 Doodles ove_111429")): Object 'Object Repository/Page_The Story and Evolution of Doodles - G_6e786d/h2_Weve created more than 5,000 Doodles ove_111429' is visible

07-06-2024T13:43:43 - [MESSAGE][PASSED] - Object 'Object Repository/Page_The Story and Evolution of Doodles - G_6e786d/h2_Weve created more than 5,000 Doodles ove_111429' is visible

07-06-2024T13:43:43 - [TEST_STEP][PASSED] - click(findTestObject("Object Repository/Page_The Story and Evolution of Doodles - G_6e786d/p_The first Doodle was a simple out-of-offi_345e61")): Object: 'Object Repository/Page_The Story and Evolution of Doodles - G_6e786d/p_The first Doodle was a simple out-of-offi_345e61' is clicked on

07-06-2024T13:43:43 - [MESSAGE][PASSED] - Object: 'Object Repository/Page_The Story and Evolution of Doodles - G_6e786d/p_The first Doodle was a simple out-of-offi_345e61' is clicked on

07-06-2024T13:43:43 - [TEST_STEP][PASSED] - verifyElementVisible(findTestObject("Object Repository/Page_The Story and Evolution of Doodles - G_6e786d/h1_The story behind Doodles")): Object 'Object Repository/Page_The Story and Evolution of Doodles - G_6e786d/h1_The story behind Doodles' is visible

07-06-2024T13:43:43 - [MESSAGE][PASSED] - Object 'Object Repository/Page_The Story and Evolution of Doodles - G_6e786d/h1_The story behind Doodles' is visible

07-06-2024T13:43:43 - [TEST_STEP][PASSED] - verifyElementVisible(findTestObject("Object Repository/Page_The Story and Evolution of Doodles - G_6e786d/p_The first Doodle was a simple out-of-offi_345e61")): Object 'Object Repository/Page_The Story and Evolution of Doodles - G_6e786d/p_The first Doodle was a simple out-of-offi_345e61' is visible

07-06-2024T13:43:43 - [MESSAGE][PASSED] - Object 'Object Repository/Page_The Story and Evolution of Doodles - G_6e786d/p_The first Doodle was a simple out-of-offi_345e61' is visible

07-06-2024T13:43:43 - [TEST_STEP][PASSED] - verifyElementVisible(findTestObject("Object Repository/Page_The Story and Evolution of Doodles - G_6e786d/h2_Weve created more than 5,000 Doodles ove_111429")): Object 'Object Repository/Page_The Story and Evolution of Doodles - G_6e786d/h2_Weve created more than 5,000 Doodles ove_111429' is visible

07-06-2024T13:43:43 - [MESSAGE][PASSED] - Object 'Object Repository/Page_The Story and Evolution of Doodles - G_6e786d/h2_Weve created more than 5,000 Doodles ove_111429' is visible

07-06-2024T13:43:43 - [TEST_STEP][PASSED] - click(findTestObject("Object Repository/Page_The Story and Evolution of Doodles - G_6e786d/p_The first Doodle was a simple out-of-offi_345e61")): Object: 'Object Repository/Page_The Story and Evolution of Doodles - G_6e786d/p_The first Doodle was a simple out-of-offi_345e61' is clicked on

07-06-2024T13:43:43 - [MESSAGE][PASSED] - Object: 'Object Repository/Page_The Story and Evolution of Doodles - G_6e786d/p_The first Doodle was a simple out-of-offi_345e61' is clicked on

07-06-2024T13:43:43 - [TEST_STEP][PASSED] - verifyElementVisible(findTestObject("Object Repository/Page_The Story and Evolution of Doodles - G_6e786d/h1_The story behind Doodles")): Object 'Object Repository/Page_The Story and Evolution of Doodles - G_6e786d/h1_The story behind Doodles' is visible

07-06-2024T13:43:43 - [MESSAGE][PASSED] - Object 'Object Repository/Page_The Story and Evolution of Doodles - G_6e786d/h1_The story behind Doodles' is visible

07-06-2024T13:43:43 - [TEST_STEP][PASSED] - verifyElementVisible(findTestObject("Object Repository/Page_The Story and Evolution of Doodles - G_6e786d/p_The first Doodle was a simple out-of-offi_345e61")): Object 'Object Repository/Page_The Story and Evolution of Doodles - G_6e786d/p_The first Doodle was a simple out-of-offi_345e61' is visible

07-06-2024T13:43:43 - [MESSAGE][PASSED] - Object 'Object Repository/Page_The Story and Evolution of Doodles - G_6e786d/p_The first Doodle was a simple out-of-offi_345e61' is visible

07-06-2024T13:43:43 - [TEST_STEP][PASSED] - verifyElementVisible(findTestObject("Object Repository/Page_The Story and Evolution of Doodles - G_6e786d/h2_Weve created more than 5,000 Doodles ove_111429")): Object 'Object Repository/Page_The Story and Evolution of Doodles - G_6e786d/h2_Weve created more than 5,000 Doodles ove_111429' is visible

07-06-2024T13:43:43 - [MESSAGE][PASSED] - Object 'Object Repository/Page_The Story and Evolution of Doodles - G_6e786d/h2_Weve created more than 5,000 Doodles ove_111429' is visible]]></system-out>
         <system-err><![CDATA[]]></system-err>
      </testcase>
      <testcase name="Test Cases/test case folder 1/tc1 - Copy (4)" time="9.401" classname="Test Cases/test case folder 1/tc1 - Copy (4)" status="PASSED">
         <system-out><![CDATA[07-06-2024T13:43:43 - [TEST_CASE][PASSED] - Test Cases/test case folder 1/tc1 - Copy (4): Test Cases/test case folder 1/tc1 - Copy (4)

07-06-2024T13:43:43 - [TEST_STEP][PASSED] - openBrowser(""): Browser is opened with url: ''

07-06-2024T13:43:43 - [MESSAGE][WARNING] - A browser is already opened. Closing browser and opening a new one

07-06-2024T13:43:44 - [MESSAGE][INFO] - Starting 'Firefox (headless)' driver

07-06-2024T13:43:45 - [MESSAGE][INFO] - Action delay is set to 0 milliseconds

07-06-2024T13:43:47 - [MESSAGE][PASSED] - Browser is opened with url: ''

07-06-2024T13:43:47 - [TEST_STEP][PASSED] - navigateToUrl("https://doodles.google/about/"): Navigate to 'https://doodles.google/about/' successfully

07-06-2024T13:43:48 - [MESSAGE][PASSED] - Navigate to 'https://doodles.google/about/' successfully

07-06-2024T13:43:48 - [TEST_STEP][PASSED] - click(findTestObject("Object Repository/Page_The Story and Evolution of Doodles - G_6e786d/p_The first Doodle was a simple out-of-offi_345e61")): Object: 'Object Repository/Page_The Story and Evolution of Doodles - G_6e786d/p_The first Doodle was a simple out-of-offi_345e61' is clicked on

07-06-2024T13:43:49 - [MESSAGE][PASSED] - Object: 'Object Repository/Page_The Story and Evolution of Doodles - G_6e786d/p_The first Doodle was a simple out-of-offi_345e61' is clicked on

07-06-2024T13:43:49 - [TEST_STEP][PASSED] - click(findTestObject("Object Repository/Page_The Story and Evolution of Doodles - G_6e786d/p_The first Doodle was a simple out-of-offi_345e61")): Object: 'Object Repository/Page_The Story and Evolution of Doodles - G_6e786d/p_The first Doodle was a simple out-of-offi_345e61' is clicked on

07-06-2024T13:43:49 - [MESSAGE][PASSED] - Object: 'Object Repository/Page_The Story and Evolution of Doodles - G_6e786d/p_The first Doodle was a simple out-of-offi_345e61' is clicked on

07-06-2024T13:43:49 - [TEST_STEP][PASSED] - verifyElementVisible(findTestObject("Object Repository/Page_The Story and Evolution of Doodles - G_6e786d/h1_The story behind Doodles")): Object 'Object Repository/Page_The Story and Evolution of Doodles - G_6e786d/h1_The story behind Doodles' is visible

07-06-2024T13:43:49 - [MESSAGE][PASSED] - Object 'Object Repository/Page_The Story and Evolution of Doodles - G_6e786d/h1_The story behind Doodles' is visible

07-06-2024T13:43:49 - [TEST_STEP][PASSED] - verifyElementVisible(findTestObject("Object Repository/Page_The Story and Evolution of Doodles - G_6e786d/p_The first Doodle was a simple out-of-offi_345e61")): Object 'Object Repository/Page_The Story and Evolution of Doodles - G_6e786d/p_The first Doodle was a simple out-of-offi_345e61' is visible

07-06-2024T13:43:49 - [MESSAGE][PASSED] - Object 'Object Repository/Page_The Story and Evolution of Doodles - G_6e786d/p_The first Doodle was a simple out-of-offi_345e61' is visible

07-06-2024T13:43:49 - [TEST_STEP][PASSED] - verifyElementVisible(findTestObject("Object Repository/Page_The Story and Evolution of Doodles - G_6e786d/h2_Weve created more than 5,000 Doodles ove_111429")): Object 'Object Repository/Page_The Story and Evolution of Doodles - G_6e786d/h2_Weve created more than 5,000 Doodles ove_111429' is visible

07-06-2024T13:43:49 - [MESSAGE][PASSED] - Object 'Object Repository/Page_The Story and Evolution of Doodles - G_6e786d/h2_Weve created more than 5,000 Doodles ove_111429' is visible

07-06-2024T13:43:49 - [TEST_STEP][PASSED] - verifyElementVisible(findTestObject("Object Repository/Page_The Story and Evolution of Doodles - G_6e786d/h1_The story behind Doodles")): Object 'Object Repository/Page_The Story and Evolution of Doodles - G_6e786d/h1_The story behind Doodles' is visible

07-06-2024T13:43:49 - [MESSAGE][PASSED] - Object 'Object Repository/Page_The Story and Evolution of Doodles - G_6e786d/h1_The story behind Doodles' is visible

07-06-2024T13:43:49 - [TEST_STEP][PASSED] - verifyElementVisible(findTestObject("Object Repository/Page_The Story and Evolution of Doodles - G_6e786d/p_The first Doodle was a simple out-of-offi_345e61")): Object 'Object Repository/Page_The Story and Evolution of Doodles - G_6e786d/p_The first Doodle was a simple out-of-offi_345e61' is visible

07-06-2024T13:43:49 - [MESSAGE][PASSED] - Object 'Object Repository/Page_The Story and Evolution of Doodles - G_6e786d/p_The first Doodle was a simple out-of-offi_345e61' is visible

07-06-2024T13:43:49 - [TEST_STEP][PASSED] - verifyElementVisible(findTestObject("Object Repository/Page_The Story and Evolution of Doodles - G_6e786d/h2_Weve created more than 5,000 Doodles ove_111429")): Object 'Object Repository/Page_The Story and Evolution of Doodles - G_6e786d/h2_Weve created more than 5,000 Doodles ove_111429' is visible

07-06-2024T13:43:49 - [MESSAGE][PASSED] - Object 'Object Repository/Page_The Story and Evolution of Doodles - G_6e786d/h2_Weve created more than 5,000 Doodles ove_111429' is visible

07-06-2024T13:43:49 - [TEST_STEP][PASSED] - click(findTestObject("Object Repository/Page_The Story and Evolution of Doodles - G_6e786d/p_The first Doodle was a simple out-of-offi_345e61")): Object: 'Object Repository/Page_The Story and Evolution of Doodles - G_6e786d/p_The first Doodle was a simple out-of-offi_345e61' is clicked on

07-06-2024T13:43:49 - [MESSAGE][PASSED] - Object: 'Object Repository/Page_The Story and Evolution of Doodles - G_6e786d/p_The first Doodle was a simple out-of-offi_345e61' is clicked on

07-06-2024T13:43:49 - [TEST_STEP][PASSED] - verifyElementVisible(findTestObject("Object Repository/Page_The Story and Evolution of Doodles - G_6e786d/h1_The story behind Doodles")): Object 'Object Repository/Page_The Story and Evolution of Doodles - G_6e786d/h1_The story behind Doodles' is visible

07-06-2024T13:43:49 - [MESSAGE][PASSED] - Object 'Object Repository/Page_The Story and Evolution of Doodles - G_6e786d/h1_The story behind Doodles' is visible

07-06-2024T13:43:49 - [TEST_STEP][PASSED] - verifyElementVisible(findTestObject("Object Repository/Page_The Story and Evolution of Doodles - G_6e786d/p_The first Doodle was a simple out-of-offi_345e61")): Object 'Object Repository/Page_The Story and Evolution of Doodles - G_6e786d/p_The first Doodle was a simple out-of-offi_345e61' is visible

07-06-2024T13:43:49 - [MESSAGE][PASSED] - Object 'Object Repository/Page_The Story and Evolution of Doodles - G_6e786d/p_The first Doodle was a simple out-of-offi_345e61' is visible

07-06-2024T13:43:49 - [TEST_STEP][PASSED] - verifyElementVisible(findTestObject("Object Repository/Page_The Story and Evolution of Doodles - G_6e786d/h2_Weve created more than 5,000 Doodles ove_111429")): Object 'Object Repository/Page_The Story and Evolution of Doodles - G_6e786d/h2_Weve created more than 5,000 Doodles ove_111429' is visible

07-06-2024T13:43:50 - [MESSAGE][PASSED] - Object 'Object Repository/Page_The Story and Evolution of Doodles - G_6e786d/h2_Weve created more than 5,000 Doodles ove_111429' is visible

07-06-2024T13:43:50 - [TEST_STEP][PASSED] - click(findTestObject("Object Repository/Page_The Story and Evolution of Doodles - G_6e786d/p_The first Doodle was a simple out-of-offi_345e61")): Object: 'Object Repository/Page_The Story and Evolution of Doodles - G_6e786d/p_The first Doodle was a simple out-of-offi_345e61' is clicked on

07-06-2024T13:43:50 - [MESSAGE][PASSED] - Object: 'Object Repository/Page_The Story and Evolution of Doodles - G_6e786d/p_The first Doodle was a simple out-of-offi_345e61' is clicked on

07-06-2024T13:43:50 - [TEST_STEP][PASSED] - verifyElementVisible(findTestObject("Object Repository/Page_The Story and Evolution of Doodles - G_6e786d/h1_The story behind Doodles")): Object 'Object Repository/Page_The Story and Evolution of Doodles - G_6e786d/h1_The story behind Doodles' is visible

07-06-2024T13:43:50 - [MESSAGE][PASSED] - Object 'Object Repository/Page_The Story and Evolution of Doodles - G_6e786d/h1_The story behind Doodles' is visible

07-06-2024T13:43:50 - [TEST_STEP][PASSED] - verifyElementVisible(findTestObject("Object Repository/Page_The Story and Evolution of Doodles - G_6e786d/p_The first Doodle was a simple out-of-offi_345e61")): Object 'Object Repository/Page_The Story and Evolution of Doodles - G_6e786d/p_The first Doodle was a simple out-of-offi_345e61' is visible

07-06-2024T13:43:50 - [MESSAGE][PASSED] - Object 'Object Repository/Page_The Story and Evolution of Doodles - G_6e786d/p_The first Doodle was a simple out-of-offi_345e61' is visible

07-06-2024T13:43:50 - [TEST_STEP][PASSED] - verifyElementVisible(findTestObject("Object Repository/Page_The Story and Evolution of Doodles - G_6e786d/h2_Weve created more than 5,000 Doodles ove_111429")): Object 'Object Repository/Page_The Story and Evolution of Doodles - G_6e786d/h2_Weve created more than 5,000 Doodles ove_111429' is visible

07-06-2024T13:43:50 - [MESSAGE][PASSED] - Object 'Object Repository/Page_The Story and Evolution of Doodles - G_6e786d/h2_Weve created more than 5,000 Doodles ove_111429' is visible

07-06-2024T13:43:50 - [TEST_STEP][PASSED] - click(findTestObject("Object Repository/Page_The Story and Evolution of Doodles - G_6e786d/p_The first Doodle was a simple out-of-offi_345e61")): Object: 'Object Repository/Page_The Story and Evolution of Doodles - G_6e786d/p_The first Doodle was a simple out-of-offi_345e61' is clicked on

07-06-2024T13:43:50 - [MESSAGE][PASSED] - Object: 'Object Repository/Page_The Story and Evolution of Doodles - G_6e786d/p_The first Doodle was a simple out-of-offi_345e61' is clicked on

07-06-2024T13:43:50 - [TEST_STEP][PASSED] - verifyElementVisible(findTestObject("Object Repository/Page_The Story and Evolution of Doodles - G_6e786d/h1_The story behind Doodles")): Object 'Object Repository/Page_The Story and Evolution of Doodles - G_6e786d/h1_The story behind Doodles' is visible

07-06-2024T13:43:50 - [MESSAGE][PASSED] - Object 'Object Repository/Page_The Story and Evolution of Doodles - G_6e786d/h1_The story behind Doodles' is visible

07-06-2024T13:43:50 - [TEST_STEP][PASSED] - verifyElementVisible(findTestObject("Object Repository/Page_The Story and Evolution of Doodles - G_6e786d/p_The first Doodle was a simple out-of-offi_345e61")): Object 'Object Repository/Page_The Story and Evolution of Doodles - G_6e786d/p_The first Doodle was a simple out-of-offi_345e61' is visible

07-06-2024T13:43:50 - [MESSAGE][PASSED] - Object 'Object Repository/Page_The Story and Evolution of Doodles - G_6e786d/p_The first Doodle was a simple out-of-offi_345e61' is visible

07-06-2024T13:43:50 - [TEST_STEP][PASSED] - verifyElementVisible(findTestObject("Object Repository/Page_The Story and Evolution of Doodles - G_6e786d/h2_Weve created more than 5,000 Doodles ove_111429")): Object 'Object Repository/Page_The Story and Evolution of Doodles - G_6e786d/h2_Weve created more than 5,000 Doodles ove_111429' is visible

07-06-2024T13:43:50 - [MESSAGE][PASSED] - Object 'Object Repository/Page_The Story and Evolution of Doodles - G_6e786d/h2_Weve created more than 5,000 Doodles ove_111429' is visible

07-06-2024T13:43:50 - [TEST_STEP][PASSED] - click(findTestObject("Object Repository/Page_The Story and Evolution of Doodles - G_6e786d/p_The first Doodle was a simple out-of-offi_345e61")): Object: 'Object Repository/Page_The Story and Evolution of Doodles - G_6e786d/p_The first Doodle was a simple out-of-offi_345e61' is clicked on

07-06-2024T13:43:51 - [MESSAGE][PASSED] - Object: 'Object Repository/Page_The Story and Evolution of Doodles - G_6e786d/p_The first Doodle was a simple out-of-offi_345e61' is clicked on

07-06-2024T13:43:51 - [TEST_STEP][PASSED] - verifyElementVisible(findTestObject("Object Repository/Page_The Story and Evolution of Doodles - G_6e786d/h1_The story behind Doodles")): Object 'Object Repository/Page_The Story and Evolution of Doodles - G_6e786d/h1_The story behind Doodles' is visible

07-06-2024T13:43:51 - [MESSAGE][PASSED] - Object 'Object Repository/Page_The Story and Evolution of Doodles - G_6e786d/h1_The story behind Doodles' is visible

07-06-2024T13:43:51 - [TEST_STEP][PASSED] - verifyElementVisible(findTestObject("Object Repository/Page_The Story and Evolution of Doodles - G_6e786d/p_The first Doodle was a simple out-of-offi_345e61")): Object 'Object Repository/Page_The Story and Evolution of Doodles - G_6e786d/p_The first Doodle was a simple out-of-offi_345e61' is visible

07-06-2024T13:43:51 - [MESSAGE][PASSED] - Object 'Object Repository/Page_The Story and Evolution of Doodles - G_6e786d/p_The first Doodle was a simple out-of-offi_345e61' is visible

07-06-2024T13:43:51 - [TEST_STEP][PASSED] - verifyElementVisible(findTestObject("Object Repository/Page_The Story and Evolution of Doodles - G_6e786d/h2_Weve created more than 5,000 Doodles ove_111429")): Object 'Object Repository/Page_The Story and Evolution of Doodles - G_6e786d/h2_Weve created more than 5,000 Doodles ove_111429' is visible

07-06-2024T13:43:51 - [MESSAGE][PASSED] - Object 'Object Repository/Page_The Story and Evolution of Doodles - G_6e786d/h2_Weve created more than 5,000 Doodles ove_111429' is visible

07-06-2024T13:43:51 - [TEST_STEP][PASSED] - click(findTestObject("Object Repository/Page_The Story and Evolution of Doodles - G_6e786d/p_The first Doodle was a simple out-of-offi_345e61")): Object: 'Object Repository/Page_The Story and Evolution of Doodles - G_6e786d/p_The first Doodle was a simple out-of-offi_345e61' is clicked on

07-06-2024T13:43:51 - [MESSAGE][PASSED] - Object: 'Object Repository/Page_The Story and Evolution of Doodles - G_6e786d/p_The first Doodle was a simple out-of-offi_345e61' is clicked on

07-06-2024T13:43:51 - [TEST_STEP][PASSED] - verifyElementVisible(findTestObject("Object Repository/Page_The Story and Evolution of Doodles - G_6e786d/h1_The story behind Doodles")): Object 'Object Repository/Page_The Story and Evolution of Doodles - G_6e786d/h1_The story behind Doodles' is visible

07-06-2024T13:43:51 - [MESSAGE][PASSED] - Object 'Object Repository/Page_The Story and Evolution of Doodles - G_6e786d/h1_The story behind Doodles' is visible

07-06-2024T13:43:51 - [TEST_STEP][PASSED] - verifyElementVisible(findTestObject("Object Repository/Page_The Story and Evolution of Doodles - G_6e786d/p_The first Doodle was a simple out-of-offi_345e61")): Object 'Object Repository/Page_The Story and Evolution of Doodles - G_6e786d/p_The first Doodle was a simple out-of-offi_345e61' is visible

07-06-2024T13:43:51 - [MESSAGE][PASSED] - Object 'Object Repository/Page_The Story and Evolution of Doodles - G_6e786d/p_The first Doodle was a simple out-of-offi_345e61' is visible

07-06-2024T13:43:51 - [TEST_STEP][PASSED] - verifyElementVisible(findTestObject("Object Repository/Page_The Story and Evolution of Doodles - G_6e786d/h2_Weve created more than 5,000 Doodles ove_111429")): Object 'Object Repository/Page_The Story and Evolution of Doodles - G_6e786d/h2_Weve created more than 5,000 Doodles ove_111429' is visible

07-06-2024T13:43:51 - [MESSAGE][PASSED] - Object 'Object Repository/Page_The Story and Evolution of Doodles - G_6e786d/h2_Weve created more than 5,000 Doodles ove_111429' is visible

07-06-2024T13:43:51 - [TEST_STEP][PASSED] - click(findTestObject("Object Repository/Page_The Story and Evolution of Doodles - G_6e786d/p_The first Doodle was a simple out-of-offi_345e61")): Object: 'Object Repository/Page_The Story and Evolution of Doodles - G_6e786d/p_The first Doodle was a simple out-of-offi_345e61' is clicked on

07-06-2024T13:43:51 - [MESSAGE][PASSED] - Object: 'Object Repository/Page_The Story and Evolution of Doodles - G_6e786d/p_The first Doodle was a simple out-of-offi_345e61' is clicked on

07-06-2024T13:43:51 - [TEST_STEP][PASSED] - verifyElementVisible(findTestObject("Object Repository/Page_The Story and Evolution of Doodles - G_6e786d/h1_The story behind Doodles")): Object 'Object Repository/Page_The Story and Evolution of Doodles - G_6e786d/h1_The story behind Doodles' is visible

07-06-2024T13:43:52 - [MESSAGE][PASSED] - Object 'Object Repository/Page_The Story and Evolution of Doodles - G_6e786d/h1_The story behind Doodles' is visible

07-06-2024T13:43:52 - [TEST_STEP][PASSED] - verifyElementVisible(findTestObject("Object Repository/Page_The Story and Evolution of Doodles - G_6e786d/p_The first Doodle was a simple out-of-offi_345e61")): Object 'Object Repository/Page_The Story and Evolution of Doodles - G_6e786d/p_The first Doodle was a simple out-of-offi_345e61' is visible

07-06-2024T13:43:52 - [MESSAGE][PASSED] - Object 'Object Repository/Page_The Story and Evolution of Doodles - G_6e786d/p_The first Doodle was a simple out-of-offi_345e61' is visible

07-06-2024T13:43:52 - [TEST_STEP][PASSED] - verifyElementVisible(findTestObject("Object Repository/Page_The Story and Evolution of Doodles - G_6e786d/h2_Weve created more than 5,000 Doodles ove_111429")): Object 'Object Repository/Page_The Story and Evolution of Doodles - G_6e786d/h2_Weve created more than 5,000 Doodles ove_111429' is visible

07-06-2024T13:43:52 - [MESSAGE][PASSED] - Object 'Object Repository/Page_The Story and Evolution of Doodles - G_6e786d/h2_Weve created more than 5,000 Doodles ove_111429' is visible

07-06-2024T13:43:52 - [TEST_STEP][PASSED] - click(findTestObject("Object Repository/Page_The Story and Evolution of Doodles - G_6e786d/p_The first Doodle was a simple out-of-offi_345e61")): Object: 'Object Repository/Page_The Story and Evolution of Doodles - G_6e786d/p_The first Doodle was a simple out-of-offi_345e61' is clicked on

07-06-2024T13:43:52 - [MESSAGE][PASSED] - Object: 'Object Repository/Page_The Story and Evolution of Doodles - G_6e786d/p_The first Doodle was a simple out-of-offi_345e61' is clicked on

07-06-2024T13:43:52 - [TEST_STEP][PASSED] - verifyElementVisible(findTestObject("Object Repository/Page_The Story and Evolution of Doodles - G_6e786d/h1_The story behind Doodles")): Object 'Object Repository/Page_The Story and Evolution of Doodles - G_6e786d/h1_The story behind Doodles' is visible

07-06-2024T13:43:52 - [MESSAGE][PASSED] - Object 'Object Repository/Page_The Story and Evolution of Doodles - G_6e786d/h1_The story behind Doodles' is visible

07-06-2024T13:43:52 - [TEST_STEP][PASSED] - verifyElementVisible(findTestObject("Object Repository/Page_The Story and Evolution of Doodles - G_6e786d/p_The first Doodle was a simple out-of-offi_345e61")): Object 'Object Repository/Page_The Story and Evolution of Doodles - G_6e786d/p_The first Doodle was a simple out-of-offi_345e61' is visible

07-06-2024T13:43:52 - [MESSAGE][PASSED] - Object 'Object Repository/Page_The Story and Evolution of Doodles - G_6e786d/p_The first Doodle was a simple out-of-offi_345e61' is visible

07-06-2024T13:43:52 - [TEST_STEP][PASSED] - verifyElementVisible(findTestObject("Object Repository/Page_The Story and Evolution of Doodles - G_6e786d/h2_Weve created more than 5,000 Doodles ove_111429")): Object 'Object Repository/Page_The Story and Evolution of Doodles - G_6e786d/h2_Weve created more than 5,000 Doodles ove_111429' is visible

07-06-2024T13:43:52 - [MESSAGE][PASSED] - Object 'Object Repository/Page_The Story and Evolution of Doodles - G_6e786d/h2_Weve created more than 5,000 Doodles ove_111429' is visible

07-06-2024T13:43:52 - [TEST_STEP][PASSED] - click(findTestObject("Object Repository/Page_The Story and Evolution of Doodles - G_6e786d/p_The first Doodle was a simple out-of-offi_345e61")): Object: 'Object Repository/Page_The Story and Evolution of Doodles - G_6e786d/p_The first Doodle was a simple out-of-offi_345e61' is clicked on

07-06-2024T13:43:52 - [MESSAGE][PASSED] - Object: 'Object Repository/Page_The Story and Evolution of Doodles - G_6e786d/p_The first Doodle was a simple out-of-offi_345e61' is clicked on

07-06-2024T13:43:52 - [TEST_STEP][PASSED] - verifyElementVisible(findTestObject("Object Repository/Page_The Story and Evolution of Doodles - G_6e786d/h1_The story behind Doodles")): Object 'Object Repository/Page_The Story and Evolution of Doodles - G_6e786d/h1_The story behind Doodles' is visible

07-06-2024T13:43:52 - [MESSAGE][PASSED] - Object 'Object Repository/Page_The Story and Evolution of Doodles - G_6e786d/h1_The story behind Doodles' is visible

07-06-2024T13:43:52 - [TEST_STEP][PASSED] - verifyElementVisible(findTestObject("Object Repository/Page_The Story and Evolution of Doodles - G_6e786d/p_The first Doodle was a simple out-of-offi_345e61")): Object 'Object Repository/Page_The Story and Evolution of Doodles - G_6e786d/p_The first Doodle was a simple out-of-offi_345e61' is visible

07-06-2024T13:43:52 - [MESSAGE][PASSED] - Object 'Object Repository/Page_The Story and Evolution of Doodles - G_6e786d/p_The first Doodle was a simple out-of-offi_345e61' is visible

07-06-2024T13:43:52 - [TEST_STEP][PASSED] - verifyElementVisible(findTestObject("Object Repository/Page_The Story and Evolution of Doodles - G_6e786d/h2_Weve created more than 5,000 Doodles ove_111429")): Object 'Object Repository/Page_The Story and Evolution of Doodles - G_6e786d/h2_Weve created more than 5,000 Doodles ove_111429' is visible

07-06-2024T13:43:52 - [MESSAGE][PASSED] - Object 'Object Repository/Page_The Story and Evolution of Doodles - G_6e786d/h2_Weve created more than 5,000 Doodles ove_111429' is visible

07-06-2024T13:43:52 - [TEST_STEP][PASSED] - click(findTestObject("Object Repository/Page_The Story and Evolution of Doodles - G_6e786d/p_The first Doodle was a simple out-of-offi_345e61")): Object: 'Object Repository/Page_The Story and Evolution of Doodles - G_6e786d/p_The first Doodle was a simple out-of-offi_345e61' is clicked on

07-06-2024T13:43:53 - [MESSAGE][PASSED] - Object: 'Object Repository/Page_The Story and Evolution of Doodles - G_6e786d/p_The first Doodle was a simple out-of-offi_345e61' is clicked on

07-06-2024T13:43:53 - [TEST_STEP][PASSED] - verifyElementVisible(findTestObject("Object Repository/Page_The Story and Evolution of Doodles - G_6e786d/h1_The story behind Doodles")): Object 'Object Repository/Page_The Story and Evolution of Doodles - G_6e786d/h1_The story behind Doodles' is visible

07-06-2024T13:43:53 - [MESSAGE][PASSED] - Object 'Object Repository/Page_The Story and Evolution of Doodles - G_6e786d/h1_The story behind Doodles' is visible

07-06-2024T13:43:53 - [TEST_STEP][PASSED] - verifyElementVisible(findTestObject("Object Repository/Page_The Story and Evolution of Doodles - G_6e786d/p_The first Doodle was a simple out-of-offi_345e61")): Object 'Object Repository/Page_The Story and Evolution of Doodles - G_6e786d/p_The first Doodle was a simple out-of-offi_345e61' is visible

07-06-2024T13:43:53 - [MESSAGE][PASSED] - Object 'Object Repository/Page_The Story and Evolution of Doodles - G_6e786d/p_The first Doodle was a simple out-of-offi_345e61' is visible

07-06-2024T13:43:53 - [TEST_STEP][PASSED] - verifyElementVisible(findTestObject("Object Repository/Page_The Story and Evolution of Doodles - G_6e786d/h2_Weve created more than 5,000 Doodles ove_111429")): Object 'Object Repository/Page_The Story and Evolution of Doodles - G_6e786d/h2_Weve created more than 5,000 Doodles ove_111429' is visible

07-06-2024T13:43:53 - [MESSAGE][PASSED] - Object 'Object Repository/Page_The Story and Evolution of Doodles - G_6e786d/h2_Weve created more than 5,000 Doodles ove_111429' is visible]]></system-out>
         <system-err><![CDATA[]]></system-err>
      </testcase>
      <testcase name="Test Cases/test case folder 1/tc1 - Copy (5)" time="9.704" classname="Test Cases/test case folder 1/tc1 - Copy (5)" status="PASSED">
         <system-out><![CDATA[07-06-2024T13:43:53 - [TEST_CASE][PASSED] - Test Cases/test case folder 1/tc1 - Copy (5): Test Cases/test case folder 1/tc1 - Copy (5)

07-06-2024T13:43:53 - [TEST_STEP][PASSED] - openBrowser(""): Browser is opened with url: ''

07-06-2024T13:43:53 - [MESSAGE][WARNING] - A browser is already opened. Closing browser and opening a new one

07-06-2024T13:43:54 - [MESSAGE][INFO] - Starting 'Firefox (headless)' driver

07-06-2024T13:43:54 - [MESSAGE][INFO] - Action delay is set to 0 milliseconds

07-06-2024T13:43:56 - [MESSAGE][PASSED] - Browser is opened with url: ''

07-06-2024T13:43:56 - [TEST_STEP][PASSED] - navigateToUrl("https://doodles.google/about/"): Navigate to 'https://doodles.google/about/' successfully

07-06-2024T13:43:58 - [MESSAGE][PASSED] - Navigate to 'https://doodles.google/about/' successfully

07-06-2024T13:43:58 - [TEST_STEP][PASSED] - click(findTestObject("Object Repository/Page_The Story and Evolution of Doodles - G_6e786d/p_The first Doodle was a simple out-of-offi_345e61")): Object: 'Object Repository/Page_The Story and Evolution of Doodles - G_6e786d/p_The first Doodle was a simple out-of-offi_345e61' is clicked on

07-06-2024T13:43:58 - [MESSAGE][PASSED] - Object: 'Object Repository/Page_The Story and Evolution of Doodles - G_6e786d/p_The first Doodle was a simple out-of-offi_345e61' is clicked on

07-06-2024T13:43:58 - [TEST_STEP][PASSED] - click(findTestObject("Object Repository/Page_The Story and Evolution of Doodles - G_6e786d/p_The first Doodle was a simple out-of-offi_345e61")): Object: 'Object Repository/Page_The Story and Evolution of Doodles - G_6e786d/p_The first Doodle was a simple out-of-offi_345e61' is clicked on

07-06-2024T13:43:59 - [MESSAGE][PASSED] - Object: 'Object Repository/Page_The Story and Evolution of Doodles - G_6e786d/p_The first Doodle was a simple out-of-offi_345e61' is clicked on

07-06-2024T13:43:59 - [TEST_STEP][PASSED] - verifyElementVisible(findTestObject("Object Repository/Page_The Story and Evolution of Doodles - G_6e786d/h1_The story behind Doodles")): Object 'Object Repository/Page_The Story and Evolution of Doodles - G_6e786d/h1_The story behind Doodles' is visible

07-06-2024T13:43:59 - [MESSAGE][PASSED] - Object 'Object Repository/Page_The Story and Evolution of Doodles - G_6e786d/h1_The story behind Doodles' is visible

07-06-2024T13:43:59 - [TEST_STEP][PASSED] - verifyElementVisible(findTestObject("Object Repository/Page_The Story and Evolution of Doodles - G_6e786d/p_The first Doodle was a simple out-of-offi_345e61")): Object 'Object Repository/Page_The Story and Evolution of Doodles - G_6e786d/p_The first Doodle was a simple out-of-offi_345e61' is visible

07-06-2024T13:43:59 - [MESSAGE][PASSED] - Object 'Object Repository/Page_The Story and Evolution of Doodles - G_6e786d/p_The first Doodle was a simple out-of-offi_345e61' is visible

07-06-2024T13:43:59 - [TEST_STEP][PASSED] - verifyElementVisible(findTestObject("Object Repository/Page_The Story and Evolution of Doodles - G_6e786d/h2_Weve created more than 5,000 Doodles ove_111429")): Object 'Object Repository/Page_The Story and Evolution of Doodles - G_6e786d/h2_Weve created more than 5,000 Doodles ove_111429' is visible

07-06-2024T13:43:59 - [MESSAGE][PASSED] - Object 'Object Repository/Page_The Story and Evolution of Doodles - G_6e786d/h2_Weve created more than 5,000 Doodles ove_111429' is visible

07-06-2024T13:43:59 - [TEST_STEP][PASSED] - verifyElementVisible(findTestObject("Object Repository/Page_The Story and Evolution of Doodles - G_6e786d/h1_The story behind Doodles")): Object 'Object Repository/Page_The Story and Evolution of Doodles - G_6e786d/h1_The story behind Doodles' is visible

07-06-2024T13:43:59 - [MESSAGE][PASSED] - Object 'Object Repository/Page_The Story and Evolution of Doodles - G_6e786d/h1_The story behind Doodles' is visible

07-06-2024T13:43:59 - [TEST_STEP][PASSED] - verifyElementVisible(findTestObject("Object Repository/Page_The Story and Evolution of Doodles - G_6e786d/p_The first Doodle was a simple out-of-offi_345e61")): Object 'Object Repository/Page_The Story and Evolution of Doodles - G_6e786d/p_The first Doodle was a simple out-of-offi_345e61' is visible

07-06-2024T13:43:59 - [MESSAGE][PASSED] - Object 'Object Repository/Page_The Story and Evolution of Doodles - G_6e786d/p_The first Doodle was a simple out-of-offi_345e61' is visible

07-06-2024T13:43:59 - [TEST_STEP][PASSED] - verifyElementVisible(findTestObject("Object Repository/Page_The Story and Evolution of Doodles - G_6e786d/h2_Weve created more than 5,000 Doodles ove_111429")): Object 'Object Repository/Page_The Story and Evolution of Doodles - G_6e786d/h2_Weve created more than 5,000 Doodles ove_111429' is visible

07-06-2024T13:43:59 - [MESSAGE][PASSED] - Object 'Object Repository/Page_The Story and Evolution of Doodles - G_6e786d/h2_Weve created more than 5,000 Doodles ove_111429' is visible

07-06-2024T13:43:59 - [TEST_STEP][PASSED] - click(findTestObject("Object Repository/Page_The Story and Evolution of Doodles - G_6e786d/p_The first Doodle was a simple out-of-offi_345e61")): Object: 'Object Repository/Page_The Story and Evolution of Doodles - G_6e786d/p_The first Doodle was a simple out-of-offi_345e61' is clicked on

07-06-2024T13:43:59 - [MESSAGE][PASSED] - Object: 'Object Repository/Page_The Story and Evolution of Doodles - G_6e786d/p_The first Doodle was a simple out-of-offi_345e61' is clicked on

07-06-2024T13:43:59 - [TEST_STEP][PASSED] - verifyElementVisible(findTestObject("Object Repository/Page_The Story and Evolution of Doodles - G_6e786d/h1_The story behind Doodles")): Object 'Object Repository/Page_The Story and Evolution of Doodles - G_6e786d/h1_The story behind Doodles' is visible

07-06-2024T13:43:59 - [MESSAGE][PASSED] - Object 'Object Repository/Page_The Story and Evolution of Doodles - G_6e786d/h1_The story behind Doodles' is visible

07-06-2024T13:43:59 - [TEST_STEP][PASSED] - verifyElementVisible(findTestObject("Object Repository/Page_The Story and Evolution of Doodles - G_6e786d/p_The first Doodle was a simple out-of-offi_345e61")): Object 'Object Repository/Page_The Story and Evolution of Doodles - G_6e786d/p_The first Doodle was a simple out-of-offi_345e61' is visible

07-06-2024T13:43:59 - [MESSAGE][PASSED] - Object 'Object Repository/Page_The Story and Evolution of Doodles - G_6e786d/p_The first Doodle was a simple out-of-offi_345e61' is visible

07-06-2024T13:43:59 - [TEST_STEP][PASSED] - verifyElementVisible(findTestObject("Object Repository/Page_The Story and Evolution of Doodles - G_6e786d/h2_Weve created more than 5,000 Doodles ove_111429")): Object 'Object Repository/Page_The Story and Evolution of Doodles - G_6e786d/h2_Weve created more than 5,000 Doodles ove_111429' is visible

07-06-2024T13:43:59 - [MESSAGE][PASSED] - Object 'Object Repository/Page_The Story and Evolution of Doodles - G_6e786d/h2_Weve created more than 5,000 Doodles ove_111429' is visible

07-06-2024T13:43:59 - [TEST_STEP][PASSED] - click(findTestObject("Object Repository/Page_The Story and Evolution of Doodles - G_6e786d/p_The first Doodle was a simple out-of-offi_345e61")): Object: 'Object Repository/Page_The Story and Evolution of Doodles - G_6e786d/p_The first Doodle was a simple out-of-offi_345e61' is clicked on

07-06-2024T13:43:59 - [MESSAGE][PASSED] - Object: 'Object Repository/Page_The Story and Evolution of Doodles - G_6e786d/p_The first Doodle was a simple out-of-offi_345e61' is clicked on

07-06-2024T13:43:59 - [TEST_STEP][PASSED] - verifyElementVisible(findTestObject("Object Repository/Page_The Story and Evolution of Doodles - G_6e786d/h1_The story behind Doodles")): Object 'Object Repository/Page_The Story and Evolution of Doodles - G_6e786d/h1_The story behind Doodles' is visible

07-06-2024T13:44:00 - [MESSAGE][PASSED] - Object 'Object Repository/Page_The Story and Evolution of Doodles - G_6e786d/h1_The story behind Doodles' is visible

07-06-2024T13:44:00 - [TEST_STEP][PASSED] - verifyElementVisible(findTestObject("Object Repository/Page_The Story and Evolution of Doodles - G_6e786d/p_The first Doodle was a simple out-of-offi_345e61")): Object 'Object Repository/Page_The Story and Evolution of Doodles - G_6e786d/p_The first Doodle was a simple out-of-offi_345e61' is visible

07-06-2024T13:44:00 - [MESSAGE][PASSED] - Object 'Object Repository/Page_The Story and Evolution of Doodles - G_6e786d/p_The first Doodle was a simple out-of-offi_345e61' is visible

07-06-2024T13:44:00 - [TEST_STEP][PASSED] - verifyElementVisible(findTestObject("Object Repository/Page_The Story and Evolution of Doodles - G_6e786d/h2_Weve created more than 5,000 Doodles ove_111429")): Object 'Object Repository/Page_The Story and Evolution of Doodles - G_6e786d/h2_Weve created more than 5,000 Doodles ove_111429' is visible

07-06-2024T13:44:00 - [MESSAGE][PASSED] - Object 'Object Repository/Page_The Story and Evolution of Doodles - G_6e786d/h2_Weve created more than 5,000 Doodles ove_111429' is visible

07-06-2024T13:44:00 - [TEST_STEP][PASSED] - click(findTestObject("Object Repository/Page_The Story and Evolution of Doodles - G_6e786d/p_The first Doodle was a simple out-of-offi_345e61")): Object: 'Object Repository/Page_The Story and Evolution of Doodles - G_6e786d/p_The first Doodle was a simple out-of-offi_345e61' is clicked on

07-06-2024T13:44:00 - [MESSAGE][PASSED] - Object: 'Object Repository/Page_The Story and Evolution of Doodles - G_6e786d/p_The first Doodle was a simple out-of-offi_345e61' is clicked on

07-06-2024T13:44:00 - [TEST_STEP][PASSED] - verifyElementVisible(findTestObject("Object Repository/Page_The Story and Evolution of Doodles - G_6e786d/h1_The story behind Doodles")): Object 'Object Repository/Page_The Story and Evolution of Doodles - G_6e786d/h1_The story behind Doodles' is visible

07-06-2024T13:44:00 - [MESSAGE][PASSED] - Object 'Object Repository/Page_The Story and Evolution of Doodles - G_6e786d/h1_The story behind Doodles' is visible

07-06-2024T13:44:00 - [TEST_STEP][PASSED] - verifyElementVisible(findTestObject("Object Repository/Page_The Story and Evolution of Doodles - G_6e786d/p_The first Doodle was a simple out-of-offi_345e61")): Object 'Object Repository/Page_The Story and Evolution of Doodles - G_6e786d/p_The first Doodle was a simple out-of-offi_345e61' is visible

07-06-2024T13:44:00 - [MESSAGE][PASSED] - Object 'Object Repository/Page_The Story and Evolution of Doodles - G_6e786d/p_The first Doodle was a simple out-of-offi_345e61' is visible

07-06-2024T13:44:00 - [TEST_STEP][PASSED] - verifyElementVisible(findTestObject("Object Repository/Page_The Story and Evolution of Doodles - G_6e786d/h2_Weve created more than 5,000 Doodles ove_111429")): Object 'Object Repository/Page_The Story and Evolution of Doodles - G_6e786d/h2_Weve created more than 5,000 Doodles ove_111429' is visible

07-06-2024T13:44:00 - [MESSAGE][PASSED] - Object 'Object Repository/Page_The Story and Evolution of Doodles - G_6e786d/h2_Weve created more than 5,000 Doodles ove_111429' is visible

07-06-2024T13:44:00 - [TEST_STEP][PASSED] - click(findTestObject("Object Repository/Page_The Story and Evolution of Doodles - G_6e786d/p_The first Doodle was a simple out-of-offi_345e61")): Object: 'Object Repository/Page_The Story and Evolution of Doodles - G_6e786d/p_The first Doodle was a simple out-of-offi_345e61' is clicked on

07-06-2024T13:44:00 - [MESSAGE][PASSED] - Object: 'Object Repository/Page_The Story and Evolution of Doodles - G_6e786d/p_The first Doodle was a simple out-of-offi_345e61' is clicked on

07-06-2024T13:44:00 - [TEST_STEP][PASSED] - verifyElementVisible(findTestObject("Object Repository/Page_The Story and Evolution of Doodles - G_6e786d/h1_The story behind Doodles")): Object 'Object Repository/Page_The Story and Evolution of Doodles - G_6e786d/h1_The story behind Doodles' is visible

07-06-2024T13:44:00 - [MESSAGE][PASSED] - Object 'Object Repository/Page_The Story and Evolution of Doodles - G_6e786d/h1_The story behind Doodles' is visible

07-06-2024T13:44:00 - [TEST_STEP][PASSED] - verifyElementVisible(findTestObject("Object Repository/Page_The Story and Evolution of Doodles - G_6e786d/p_The first Doodle was a simple out-of-offi_345e61")): Object 'Object Repository/Page_The Story and Evolution of Doodles - G_6e786d/p_The first Doodle was a simple out-of-offi_345e61' is visible

07-06-2024T13:44:00 - [MESSAGE][PASSED] - Object 'Object Repository/Page_The Story and Evolution of Doodles - G_6e786d/p_The first Doodle was a simple out-of-offi_345e61' is visible

07-06-2024T13:44:00 - [TEST_STEP][PASSED] - verifyElementVisible(findTestObject("Object Repository/Page_The Story and Evolution of Doodles - G_6e786d/h2_Weve created more than 5,000 Doodles ove_111429")): Object 'Object Repository/Page_The Story and Evolution of Doodles - G_6e786d/h2_Weve created more than 5,000 Doodles ove_111429' is visible

07-06-2024T13:44:01 - [MESSAGE][PASSED] - Object 'Object Repository/Page_The Story and Evolution of Doodles - G_6e786d/h2_Weve created more than 5,000 Doodles ove_111429' is visible

07-06-2024T13:44:01 - [TEST_STEP][PASSED] - click(findTestObject("Object Repository/Page_The Story and Evolution of Doodles - G_6e786d/p_The first Doodle was a simple out-of-offi_345e61")): Object: 'Object Repository/Page_The Story and Evolution of Doodles - G_6e786d/p_The first Doodle was a simple out-of-offi_345e61' is clicked on

07-06-2024T13:44:01 - [MESSAGE][PASSED] - Object: 'Object Repository/Page_The Story and Evolution of Doodles - G_6e786d/p_The first Doodle was a simple out-of-offi_345e61' is clicked on

07-06-2024T13:44:01 - [TEST_STEP][PASSED] - verifyElementVisible(findTestObject("Object Repository/Page_The Story and Evolution of Doodles - G_6e786d/h1_The story behind Doodles")): Object 'Object Repository/Page_The Story and Evolution of Doodles - G_6e786d/h1_The story behind Doodles' is visible

07-06-2024T13:44:01 - [MESSAGE][PASSED] - Object 'Object Repository/Page_The Story and Evolution of Doodles - G_6e786d/h1_The story behind Doodles' is visible

07-06-2024T13:44:01 - [TEST_STEP][PASSED] - verifyElementVisible(findTestObject("Object Repository/Page_The Story and Evolution of Doodles - G_6e786d/p_The first Doodle was a simple out-of-offi_345e61")): Object 'Object Repository/Page_The Story and Evolution of Doodles - G_6e786d/p_The first Doodle was a simple out-of-offi_345e61' is visible

07-06-2024T13:44:01 - [MESSAGE][PASSED] - Object 'Object Repository/Page_The Story and Evolution of Doodles - G_6e786d/p_The first Doodle was a simple out-of-offi_345e61' is visible

07-06-2024T13:44:01 - [TEST_STEP][PASSED] - verifyElementVisible(findTestObject("Object Repository/Page_The Story and Evolution of Doodles - G_6e786d/h2_Weve created more than 5,000 Doodles ove_111429")): Object 'Object Repository/Page_The Story and Evolution of Doodles - G_6e786d/h2_Weve created more than 5,000 Doodles ove_111429' is visible

07-06-2024T13:44:01 - [MESSAGE][PASSED] - Object 'Object Repository/Page_The Story and Evolution of Doodles - G_6e786d/h2_Weve created more than 5,000 Doodles ove_111429' is visible

07-06-2024T13:44:01 - [TEST_STEP][PASSED] - click(findTestObject("Object Repository/Page_The Story and Evolution of Doodles - G_6e786d/p_The first Doodle was a simple out-of-offi_345e61")): Object: 'Object Repository/Page_The Story and Evolution of Doodles - G_6e786d/p_The first Doodle was a simple out-of-offi_345e61' is clicked on

07-06-2024T13:44:01 - [MESSAGE][PASSED] - Object: 'Object Repository/Page_The Story and Evolution of Doodles - G_6e786d/p_The first Doodle was a simple out-of-offi_345e61' is clicked on

07-06-2024T13:44:01 - [TEST_STEP][PASSED] - verifyElementVisible(findTestObject("Object Repository/Page_The Story and Evolution of Doodles - G_6e786d/h1_The story behind Doodles")): Object 'Object Repository/Page_The Story and Evolution of Doodles - G_6e786d/h1_The story behind Doodles' is visible

07-06-2024T13:44:01 - [MESSAGE][PASSED] - Object 'Object Repository/Page_The Story and Evolution of Doodles - G_6e786d/h1_The story behind Doodles' is visible

07-06-2024T13:44:01 - [TEST_STEP][PASSED] - verifyElementVisible(findTestObject("Object Repository/Page_The Story and Evolution of Doodles - G_6e786d/p_The first Doodle was a simple out-of-offi_345e61")): Object 'Object Repository/Page_The Story and Evolution of Doodles - G_6e786d/p_The first Doodle was a simple out-of-offi_345e61' is visible

07-06-2024T13:44:01 - [MESSAGE][PASSED] - Object 'Object Repository/Page_The Story and Evolution of Doodles - G_6e786d/p_The first Doodle was a simple out-of-offi_345e61' is visible

07-06-2024T13:44:01 - [TEST_STEP][PASSED] - verifyElementVisible(findTestObject("Object Repository/Page_The Story and Evolution of Doodles - G_6e786d/h2_Weve created more than 5,000 Doodles ove_111429")): Object 'Object Repository/Page_The Story and Evolution of Doodles - G_6e786d/h2_Weve created more than 5,000 Doodles ove_111429' is visible

07-06-2024T13:44:01 - [MESSAGE][PASSED] - Object 'Object Repository/Page_The Story and Evolution of Doodles - G_6e786d/h2_Weve created more than 5,000 Doodles ove_111429' is visible

07-06-2024T13:44:01 - [TEST_STEP][PASSED] - click(findTestObject("Object Repository/Page_The Story and Evolution of Doodles - G_6e786d/p_The first Doodle was a simple out-of-offi_345e61")): Object: 'Object Repository/Page_The Story and Evolution of Doodles - G_6e786d/p_The first Doodle was a simple out-of-offi_345e61' is clicked on

07-06-2024T13:44:02 - [MESSAGE][PASSED] - Object: 'Object Repository/Page_The Story and Evolution of Doodles - G_6e786d/p_The first Doodle was a simple out-of-offi_345e61' is clicked on

07-06-2024T13:44:02 - [TEST_STEP][PASSED] - verifyElementVisible(findTestObject("Object Repository/Page_The Story and Evolution of Doodles - G_6e786d/h1_The story behind Doodles")): Object 'Object Repository/Page_The Story and Evolution of Doodles - G_6e786d/h1_The story behind Doodles' is visible

07-06-2024T13:44:02 - [MESSAGE][PASSED] - Object 'Object Repository/Page_The Story and Evolution of Doodles - G_6e786d/h1_The story behind Doodles' is visible

07-06-2024T13:44:02 - [TEST_STEP][PASSED] - verifyElementVisible(findTestObject("Object Repository/Page_The Story and Evolution of Doodles - G_6e786d/p_The first Doodle was a simple out-of-offi_345e61")): Object 'Object Repository/Page_The Story and Evolution of Doodles - G_6e786d/p_The first Doodle was a simple out-of-offi_345e61' is visible

07-06-2024T13:44:02 - [MESSAGE][PASSED] - Object 'Object Repository/Page_The Story and Evolution of Doodles - G_6e786d/p_The first Doodle was a simple out-of-offi_345e61' is visible

07-06-2024T13:44:02 - [TEST_STEP][PASSED] - verifyElementVisible(findTestObject("Object Repository/Page_The Story and Evolution of Doodles - G_6e786d/h2_Weve created more than 5,000 Doodles ove_111429")): Object 'Object Repository/Page_The Story and Evolution of Doodles - G_6e786d/h2_Weve created more than 5,000 Doodles ove_111429' is visible

07-06-2024T13:44:02 - [MESSAGE][PASSED] - Object 'Object Repository/Page_The Story and Evolution of Doodles - G_6e786d/h2_Weve created more than 5,000 Doodles ove_111429' is visible

07-06-2024T13:44:02 - [TEST_STEP][PASSED] - click(findTestObject("Object Repository/Page_The Story and Evolution of Doodles - G_6e786d/p_The first Doodle was a simple out-of-offi_345e61")): Object: 'Object Repository/Page_The Story and Evolution of Doodles - G_6e786d/p_The first Doodle was a simple out-of-offi_345e61' is clicked on

07-06-2024T13:44:02 - [MESSAGE][PASSED] - Object: 'Object Repository/Page_The Story and Evolution of Doodles - G_6e786d/p_The first Doodle was a simple out-of-offi_345e61' is clicked on

07-06-2024T13:44:02 - [TEST_STEP][PASSED] - verifyElementVisible(findTestObject("Object Repository/Page_The Story and Evolution of Doodles - G_6e786d/h1_The story behind Doodles")): Object 'Object Repository/Page_The Story and Evolution of Doodles - G_6e786d/h1_The story behind Doodles' is visible

07-06-2024T13:44:02 - [MESSAGE][PASSED] - Object 'Object Repository/Page_The Story and Evolution of Doodles - G_6e786d/h1_The story behind Doodles' is visible

07-06-2024T13:44:02 - [TEST_STEP][PASSED] - verifyElementVisible(findTestObject("Object Repository/Page_The Story and Evolution of Doodles - G_6e786d/p_The first Doodle was a simple out-of-offi_345e61")): Object 'Object Repository/Page_The Story and Evolution of Doodles - G_6e786d/p_The first Doodle was a simple out-of-offi_345e61' is visible

07-06-2024T13:44:02 - [MESSAGE][PASSED] - Object 'Object Repository/Page_The Story and Evolution of Doodles - G_6e786d/p_The first Doodle was a simple out-of-offi_345e61' is visible

07-06-2024T13:44:02 - [TEST_STEP][PASSED] - verifyElementVisible(findTestObject("Object Repository/Page_The Story and Evolution of Doodles - G_6e786d/h2_Weve created more than 5,000 Doodles ove_111429")): Object 'Object Repository/Page_The Story and Evolution of Doodles - G_6e786d/h2_Weve created more than 5,000 Doodles ove_111429' is visible

07-06-2024T13:44:02 - [MESSAGE][PASSED] - Object 'Object Repository/Page_The Story and Evolution of Doodles - G_6e786d/h2_Weve created more than 5,000 Doodles ove_111429' is visible

07-06-2024T13:44:02 - [TEST_STEP][PASSED] - click(findTestObject("Object Repository/Page_The Story and Evolution of Doodles - G_6e786d/p_The first Doodle was a simple out-of-offi_345e61")): Object: 'Object Repository/Page_The Story and Evolution of Doodles - G_6e786d/p_The first Doodle was a simple out-of-offi_345e61' is clicked on

07-06-2024T13:44:02 - [MESSAGE][PASSED] - Object: 'Object Repository/Page_The Story and Evolution of Doodles - G_6e786d/p_The first Doodle was a simple out-of-offi_345e61' is clicked on

07-06-2024T13:44:02 - [TEST_STEP][PASSED] - verifyElementVisible(findTestObject("Object Repository/Page_The Story and Evolution of Doodles - G_6e786d/h1_The story behind Doodles")): Object 'Object Repository/Page_The Story and Evolution of Doodles - G_6e786d/h1_The story behind Doodles' is visible

07-06-2024T13:44:02 - [MESSAGE][PASSED] - Object 'Object Repository/Page_The Story and Evolution of Doodles - G_6e786d/h1_The story behind Doodles' is visible

07-06-2024T13:44:02 - [TEST_STEP][PASSED] - verifyElementVisible(findTestObject("Object Repository/Page_The Story and Evolution of Doodles - G_6e786d/p_The first Doodle was a simple out-of-offi_345e61")): Object 'Object Repository/Page_The Story and Evolution of Doodles - G_6e786d/p_The first Doodle was a simple out-of-offi_345e61' is visible

07-06-2024T13:44:03 - [MESSAGE][PASSED] - Object 'Object Repository/Page_The Story and Evolution of Doodles - G_6e786d/p_The first Doodle was a simple out-of-offi_345e61' is visible

07-06-2024T13:44:03 - [TEST_STEP][PASSED] - verifyElementVisible(findTestObject("Object Repository/Page_The Story and Evolution of Doodles - G_6e786d/h2_Weve created more than 5,000 Doodles ove_111429")): Object 'Object Repository/Page_The Story and Evolution of Doodles - G_6e786d/h2_Weve created more than 5,000 Doodles ove_111429' is visible

07-06-2024T13:44:03 - [MESSAGE][PASSED] - Object 'Object Repository/Page_The Story and Evolution of Doodles - G_6e786d/h2_Weve created more than 5,000 Doodles ove_111429' is visible]]></system-out>
         <system-err><![CDATA[]]></system-err>
      </testcase>
      <testcase name="Test Cases/test case folder 1/tc1 - Copy (7)" time="24.346" classname="Test Cases/test case folder 1/tc1 - Copy (7)" status="PASSED">
         <system-out><![CDATA[07-06-2024T13:44:03 - [TEST_CASE][PASSED] - Test Cases/test case folder 1/tc1 - Copy (7): Test Cases/test case folder 1/tc1 - Copy (7)

07-06-2024T13:44:03 - [TEST_STEP][PASSED] - openBrowser(""): Browser is opened with url: ''

07-06-2024T13:44:03 - [MESSAGE][WARNING] - A browser is already opened. Closing browser and opening a new one

07-06-2024T13:44:04 - [MESSAGE][INFO] - Starting 'Firefox (headless)' driver

07-06-2024T13:44:04 - [MESSAGE][INFO] - Action delay is set to 0 milliseconds

07-06-2024T13:44:06 - [MESSAGE][PASSED] - Browser is opened with url: ''

07-06-2024T13:44:06 - [TEST_STEP][PASSED] - navigateToUrl("https://doodles.google/about/"): Navigate to 'https://doodles.google/about/' successfully

07-06-2024T13:44:22 - [MESSAGE][PASSED] - Navigate to 'https://doodles.google/about/' successfully

07-06-2024T13:44:22 - [TEST_STEP][PASSED] - click(findTestObject("Object Repository/Page_The Story and Evolution of Doodles - G_6e786d/p_The first Doodle was a simple out-of-offi_345e61")): Object: 'Object Repository/Page_The Story and Evolution of Doodles - G_6e786d/p_The first Doodle was a simple out-of-offi_345e61' is clicked on

07-06-2024T13:44:22 - [MESSAGE][PASSED] - Object: 'Object Repository/Page_The Story and Evolution of Doodles - G_6e786d/p_The first Doodle was a simple out-of-offi_345e61' is clicked on

07-06-2024T13:44:22 - [TEST_STEP][PASSED] - click(findTestObject("Object Repository/Page_The Story and Evolution of Doodles - G_6e786d/p_The first Doodle was a simple out-of-offi_345e61")): Object: 'Object Repository/Page_The Story and Evolution of Doodles - G_6e786d/p_The first Doodle was a simple out-of-offi_345e61' is clicked on

07-06-2024T13:44:23 - [MESSAGE][PASSED] - Object: 'Object Repository/Page_The Story and Evolution of Doodles - G_6e786d/p_The first Doodle was a simple out-of-offi_345e61' is clicked on

07-06-2024T13:44:23 - [TEST_STEP][PASSED] - verifyElementVisible(findTestObject("Object Repository/Page_The Story and Evolution of Doodles - G_6e786d/h1_The story behind Doodles")): Object 'Object Repository/Page_The Story and Evolution of Doodles - G_6e786d/h1_The story behind Doodles' is visible

07-06-2024T13:44:23 - [MESSAGE][PASSED] - Object 'Object Repository/Page_The Story and Evolution of Doodles - G_6e786d/h1_The story behind Doodles' is visible

07-06-2024T13:44:23 - [TEST_STEP][PASSED] - verifyElementVisible(findTestObject("Object Repository/Page_The Story and Evolution of Doodles - G_6e786d/p_The first Doodle was a simple out-of-offi_345e61")): Object 'Object Repository/Page_The Story and Evolution of Doodles - G_6e786d/p_The first Doodle was a simple out-of-offi_345e61' is visible

07-06-2024T13:44:23 - [MESSAGE][PASSED] - Object 'Object Repository/Page_The Story and Evolution of Doodles - G_6e786d/p_The first Doodle was a simple out-of-offi_345e61' is visible

07-06-2024T13:44:23 - [TEST_STEP][PASSED] - verifyElementVisible(findTestObject("Object Repository/Page_The Story and Evolution of Doodles - G_6e786d/h2_Weve created more than 5,000 Doodles ove_111429")): Object 'Object Repository/Page_The Story and Evolution of Doodles - G_6e786d/h2_Weve created more than 5,000 Doodles ove_111429' is visible

07-06-2024T13:44:23 - [MESSAGE][PASSED] - Object 'Object Repository/Page_The Story and Evolution of Doodles - G_6e786d/h2_Weve created more than 5,000 Doodles ove_111429' is visible

07-06-2024T13:44:23 - [TEST_STEP][PASSED] - verifyElementVisible(findTestObject("Object Repository/Page_The Story and Evolution of Doodles - G_6e786d/h1_The story behind Doodles")): Object 'Object Repository/Page_The Story and Evolution of Doodles - G_6e786d/h1_The story behind Doodles' is visible

07-06-2024T13:44:23 - [MESSAGE][PASSED] - Object 'Object Repository/Page_The Story and Evolution of Doodles - G_6e786d/h1_The story behind Doodles' is visible

07-06-2024T13:44:23 - [TEST_STEP][PASSED] - verifyElementVisible(findTestObject("Object Repository/Page_The Story and Evolution of Doodles - G_6e786d/p_The first Doodle was a simple out-of-offi_345e61")): Object 'Object Repository/Page_The Story and Evolution of Doodles - G_6e786d/p_The first Doodle was a simple out-of-offi_345e61' is visible

07-06-2024T13:44:23 - [MESSAGE][PASSED] - Object 'Object Repository/Page_The Story and Evolution of Doodles - G_6e786d/p_The first Doodle was a simple out-of-offi_345e61' is visible

07-06-2024T13:44:23 - [TEST_STEP][PASSED] - verifyElementVisible(findTestObject("Object Repository/Page_The Story and Evolution of Doodles - G_6e786d/h2_Weve created more than 5,000 Doodles ove_111429")): Object 'Object Repository/Page_The Story and Evolution of Doodles - G_6e786d/h2_Weve created more than 5,000 Doodles ove_111429' is visible

07-06-2024T13:44:23 - [MESSAGE][PASSED] - Object 'Object Repository/Page_The Story and Evolution of Doodles - G_6e786d/h2_Weve created more than 5,000 Doodles ove_111429' is visible

07-06-2024T13:44:23 - [TEST_STEP][PASSED] - click(findTestObject("Object Repository/Page_The Story and Evolution of Doodles - G_6e786d/p_The first Doodle was a simple out-of-offi_345e61")): Object: 'Object Repository/Page_The Story and Evolution of Doodles - G_6e786d/p_The first Doodle was a simple out-of-offi_345e61' is clicked on

07-06-2024T13:44:23 - [MESSAGE][PASSED] - Object: 'Object Repository/Page_The Story and Evolution of Doodles - G_6e786d/p_The first Doodle was a simple out-of-offi_345e61' is clicked on

07-06-2024T13:44:23 - [TEST_STEP][PASSED] - verifyElementVisible(findTestObject("Object Repository/Page_The Story and Evolution of Doodles - G_6e786d/h1_The story behind Doodles")): Object 'Object Repository/Page_The Story and Evolution of Doodles - G_6e786d/h1_The story behind Doodles' is visible

07-06-2024T13:44:23 - [MESSAGE][PASSED] - Object 'Object Repository/Page_The Story and Evolution of Doodles - G_6e786d/h1_The story behind Doodles' is visible

07-06-2024T13:44:23 - [TEST_STEP][PASSED] - verifyElementVisible(findTestObject("Object Repository/Page_The Story and Evolution of Doodles - G_6e786d/p_The first Doodle was a simple out-of-offi_345e61")): Object 'Object Repository/Page_The Story and Evolution of Doodles - G_6e786d/p_The first Doodle was a simple out-of-offi_345e61' is visible

07-06-2024T13:44:23 - [MESSAGE][PASSED] - Object 'Object Repository/Page_The Story and Evolution of Doodles - G_6e786d/p_The first Doodle was a simple out-of-offi_345e61' is visible

07-06-2024T13:44:23 - [TEST_STEP][PASSED] - verifyElementVisible(findTestObject("Object Repository/Page_The Story and Evolution of Doodles - G_6e786d/h2_Weve created more than 5,000 Doodles ove_111429")): Object 'Object Repository/Page_The Story and Evolution of Doodles - G_6e786d/h2_Weve created more than 5,000 Doodles ove_111429' is visible

07-06-2024T13:44:24 - [MESSAGE][PASSED] - Object 'Object Repository/Page_The Story and Evolution of Doodles - G_6e786d/h2_Weve created more than 5,000 Doodles ove_111429' is visible

07-06-2024T13:44:24 - [TEST_STEP][PASSED] - click(findTestObject("Object Repository/Page_The Story and Evolution of Doodles - G_6e786d/p_The first Doodle was a simple out-of-offi_345e61")): Object: 'Object Repository/Page_The Story and Evolution of Doodles - G_6e786d/p_The first Doodle was a simple out-of-offi_345e61' is clicked on

07-06-2024T13:44:24 - [MESSAGE][PASSED] - Object: 'Object Repository/Page_The Story and Evolution of Doodles - G_6e786d/p_The first Doodle was a simple out-of-offi_345e61' is clicked on

07-06-2024T13:44:24 - [TEST_STEP][PASSED] - verifyElementVisible(findTestObject("Object Repository/Page_The Story and Evolution of Doodles - G_6e786d/h1_The story behind Doodles")): Object 'Object Repository/Page_The Story and Evolution of Doodles - G_6e786d/h1_The story behind Doodles' is visible

07-06-2024T13:44:24 - [MESSAGE][PASSED] - Object 'Object Repository/Page_The Story and Evolution of Doodles - G_6e786d/h1_The story behind Doodles' is visible

07-06-2024T13:44:24 - [TEST_STEP][PASSED] - verifyElementVisible(findTestObject("Object Repository/Page_The Story and Evolution of Doodles - G_6e786d/p_The first Doodle was a simple out-of-offi_345e61")): Object 'Object Repository/Page_The Story and Evolution of Doodles - G_6e786d/p_The first Doodle was a simple out-of-offi_345e61' is visible

07-06-2024T13:44:24 - [MESSAGE][PASSED] - Object 'Object Repository/Page_The Story and Evolution of Doodles - G_6e786d/p_The first Doodle was a simple out-of-offi_345e61' is visible

07-06-2024T13:44:24 - [TEST_STEP][PASSED] - verifyElementVisible(findTestObject("Object Repository/Page_The Story and Evolution of Doodles - G_6e786d/h2_Weve created more than 5,000 Doodles ove_111429")): Object 'Object Repository/Page_The Story and Evolution of Doodles - G_6e786d/h2_Weve created more than 5,000 Doodles ove_111429' is visible

07-06-2024T13:44:24 - [MESSAGE][PASSED] - Object 'Object Repository/Page_The Story and Evolution of Doodles - G_6e786d/h2_Weve created more than 5,000 Doodles ove_111429' is visible

07-06-2024T13:44:24 - [TEST_STEP][PASSED] - click(findTestObject("Object Repository/Page_The Story and Evolution of Doodles - G_6e786d/p_The first Doodle was a simple out-of-offi_345e61")): Object: 'Object Repository/Page_The Story and Evolution of Doodles - G_6e786d/p_The first Doodle was a simple out-of-offi_345e61' is clicked on

07-06-2024T13:44:24 - [MESSAGE][PASSED] - Object: 'Object Repository/Page_The Story and Evolution of Doodles - G_6e786d/p_The first Doodle was a simple out-of-offi_345e61' is clicked on

07-06-2024T13:44:24 - [TEST_STEP][PASSED] - verifyElementVisible(findTestObject("Object Repository/Page_The Story and Evolution of Doodles - G_6e786d/h1_The story behind Doodles")): Object 'Object Repository/Page_The Story and Evolution of Doodles - G_6e786d/h1_The story behind Doodles' is visible

07-06-2024T13:44:24 - [MESSAGE][PASSED] - Object 'Object Repository/Page_The Story and Evolution of Doodles - G_6e786d/h1_The story behind Doodles' is visible

07-06-2024T13:44:24 - [TEST_STEP][PASSED] - verifyElementVisible(findTestObject("Object Repository/Page_The Story and Evolution of Doodles - G_6e786d/p_The first Doodle was a simple out-of-offi_345e61")): Object 'Object Repository/Page_The Story and Evolution of Doodles - G_6e786d/p_The first Doodle was a simple out-of-offi_345e61' is visible

07-06-2024T13:44:24 - [MESSAGE][PASSED] - Object 'Object Repository/Page_The Story and Evolution of Doodles - G_6e786d/p_The first Doodle was a simple out-of-offi_345e61' is visible

07-06-2024T13:44:24 - [TEST_STEP][PASSED] - verifyElementVisible(findTestObject("Object Repository/Page_The Story and Evolution of Doodles - G_6e786d/h2_Weve created more than 5,000 Doodles ove_111429")): Object 'Object Repository/Page_The Story and Evolution of Doodles - G_6e786d/h2_Weve created more than 5,000 Doodles ove_111429' is visible

07-06-2024T13:44:24 - [MESSAGE][PASSED] - Object 'Object Repository/Page_The Story and Evolution of Doodles - G_6e786d/h2_Weve created more than 5,000 Doodles ove_111429' is visible

07-06-2024T13:44:24 - [TEST_STEP][PASSED] - click(findTestObject("Object Repository/Page_The Story and Evolution of Doodles - G_6e786d/p_The first Doodle was a simple out-of-offi_345e61")): Object: 'Object Repository/Page_The Story and Evolution of Doodles - G_6e786d/p_The first Doodle was a simple out-of-offi_345e61' is clicked on

07-06-2024T13:44:25 - [MESSAGE][PASSED] - Object: 'Object Repository/Page_The Story and Evolution of Doodles - G_6e786d/p_The first Doodle was a simple out-of-offi_345e61' is clicked on

07-06-2024T13:44:25 - [TEST_STEP][PASSED] - verifyElementVisible(findTestObject("Object Repository/Page_The Story and Evolution of Doodles - G_6e786d/h1_The story behind Doodles")): Object 'Object Repository/Page_The Story and Evolution of Doodles - G_6e786d/h1_The story behind Doodles' is visible

07-06-2024T13:44:25 - [MESSAGE][PASSED] - Object 'Object Repository/Page_The Story and Evolution of Doodles - G_6e786d/h1_The story behind Doodles' is visible

07-06-2024T13:44:25 - [TEST_STEP][PASSED] - verifyElementVisible(findTestObject("Object Repository/Page_The Story and Evolution of Doodles - G_6e786d/p_The first Doodle was a simple out-of-offi_345e61")): Object 'Object Repository/Page_The Story and Evolution of Doodles - G_6e786d/p_The first Doodle was a simple out-of-offi_345e61' is visible

07-06-2024T13:44:25 - [MESSAGE][PASSED] - Object 'Object Repository/Page_The Story and Evolution of Doodles - G_6e786d/p_The first Doodle was a simple out-of-offi_345e61' is visible

07-06-2024T13:44:25 - [TEST_STEP][PASSED] - verifyElementVisible(findTestObject("Object Repository/Page_The Story and Evolution of Doodles - G_6e786d/h2_Weve created more than 5,000 Doodles ove_111429")): Object 'Object Repository/Page_The Story and Evolution of Doodles - G_6e786d/h2_Weve created more than 5,000 Doodles ove_111429' is visible

07-06-2024T13:44:25 - [MESSAGE][PASSED] - Object 'Object Repository/Page_The Story and Evolution of Doodles - G_6e786d/h2_Weve created more than 5,000 Doodles ove_111429' is visible

07-06-2024T13:44:25 - [TEST_STEP][PASSED] - click(findTestObject("Object Repository/Page_The Story and Evolution of Doodles - G_6e786d/p_The first Doodle was a simple out-of-offi_345e61")): Object: 'Object Repository/Page_The Story and Evolution of Doodles - G_6e786d/p_The first Doodle was a simple out-of-offi_345e61' is clicked on

07-06-2024T13:44:25 - [MESSAGE][PASSED] - Object: 'Object Repository/Page_The Story and Evolution of Doodles - G_6e786d/p_The first Doodle was a simple out-of-offi_345e61' is clicked on

07-06-2024T13:44:25 - [TEST_STEP][PASSED] - verifyElementVisible(findTestObject("Object Repository/Page_The Story and Evolution of Doodles - G_6e786d/h1_The story behind Doodles")): Object 'Object Repository/Page_The Story and Evolution of Doodles - G_6e786d/h1_The story behind Doodles' is visible

07-06-2024T13:44:25 - [MESSAGE][PASSED] - Object 'Object Repository/Page_The Story and Evolution of Doodles - G_6e786d/h1_The story behind Doodles' is visible

07-06-2024T13:44:25 - [TEST_STEP][PASSED] - verifyElementVisible(findTestObject("Object Repository/Page_The Story and Evolution of Doodles - G_6e786d/p_The first Doodle was a simple out-of-offi_345e61")): Object 'Object Repository/Page_The Story and Evolution of Doodles - G_6e786d/p_The first Doodle was a simple out-of-offi_345e61' is visible

07-06-2024T13:44:25 - [MESSAGE][PASSED] - Object 'Object Repository/Page_The Story and Evolution of Doodles - G_6e786d/p_The first Doodle was a simple out-of-offi_345e61' is visible

07-06-2024T13:44:25 - [TEST_STEP][PASSED] - verifyElementVisible(findTestObject("Object Repository/Page_The Story and Evolution of Doodles - G_6e786d/h2_Weve created more than 5,000 Doodles ove_111429")): Object 'Object Repository/Page_The Story and Evolution of Doodles - G_6e786d/h2_Weve created more than 5,000 Doodles ove_111429' is visible

07-06-2024T13:44:25 - [MESSAGE][PASSED] - Object 'Object Repository/Page_The Story and Evolution of Doodles - G_6e786d/h2_Weve created more than 5,000 Doodles ove_111429' is visible

07-06-2024T13:44:25 - [TEST_STEP][PASSED] - click(findTestObject("Object Repository/Page_The Story and Evolution of Doodles - G_6e786d/p_The first Doodle was a simple out-of-offi_345e61")): Object: 'Object Repository/Page_The Story and Evolution of Doodles - G_6e786d/p_The first Doodle was a simple out-of-offi_345e61' is clicked on

07-06-2024T13:44:25 - [MESSAGE][PASSED] - Object: 'Object Repository/Page_The Story and Evolution of Doodles - G_6e786d/p_The first Doodle was a simple out-of-offi_345e61' is clicked on

07-06-2024T13:44:25 - [TEST_STEP][PASSED] - verifyElementVisible(findTestObject("Object Repository/Page_The Story and Evolution of Doodles - G_6e786d/h1_The story behind Doodles")): Object 'Object Repository/Page_The Story and Evolution of Doodles - G_6e786d/h1_The story behind Doodles' is visible

07-06-2024T13:44:25 - [MESSAGE][PASSED] - Object 'Object Repository/Page_The Story and Evolution of Doodles - G_6e786d/h1_The story behind Doodles' is visible

07-06-2024T13:44:25 - [TEST_STEP][PASSED] - verifyElementVisible(findTestObject("Object Repository/Page_The Story and Evolution of Doodles - G_6e786d/p_The first Doodle was a simple out-of-offi_345e61")): Object 'Object Repository/Page_The Story and Evolution of Doodles - G_6e786d/p_The first Doodle was a simple out-of-offi_345e61' is visible

07-06-2024T13:44:26 - [MESSAGE][PASSED] - Object 'Object Repository/Page_The Story and Evolution of Doodles - G_6e786d/p_The first Doodle was a simple out-of-offi_345e61' is visible

07-06-2024T13:44:26 - [TEST_STEP][PASSED] - verifyElementVisible(findTestObject("Object Repository/Page_The Story and Evolution of Doodles - G_6e786d/h2_Weve created more than 5,000 Doodles ove_111429")): Object 'Object Repository/Page_The Story and Evolution of Doodles - G_6e786d/h2_Weve created more than 5,000 Doodles ove_111429' is visible

07-06-2024T13:44:26 - [MESSAGE][PASSED] - Object 'Object Repository/Page_The Story and Evolution of Doodles - G_6e786d/h2_Weve created more than 5,000 Doodles ove_111429' is visible

07-06-2024T13:44:26 - [TEST_STEP][PASSED] - click(findTestObject("Object Repository/Page_The Story and Evolution of Doodles - G_6e786d/p_The first Doodle was a simple out-of-offi_345e61")): Object: 'Object Repository/Page_The Story and Evolution of Doodles - G_6e786d/p_The first Doodle was a simple out-of-offi_345e61' is clicked on

07-06-2024T13:44:26 - [MESSAGE][PASSED] - Object: 'Object Repository/Page_The Story and Evolution of Doodles - G_6e786d/p_The first Doodle was a simple out-of-offi_345e61' is clicked on

07-06-2024T13:44:26 - [TEST_STEP][PASSED] - verifyElementVisible(findTestObject("Object Repository/Page_The Story and Evolution of Doodles - G_6e786d/h1_The story behind Doodles")): Object 'Object Repository/Page_The Story and Evolution of Doodles - G_6e786d/h1_The story behind Doodles' is visible

07-06-2024T13:44:26 - [MESSAGE][PASSED] - Object 'Object Repository/Page_The Story and Evolution of Doodles - G_6e786d/h1_The story behind Doodles' is visible

07-06-2024T13:44:26 - [TEST_STEP][PASSED] - verifyElementVisible(findTestObject("Object Repository/Page_The Story and Evolution of Doodles - G_6e786d/p_The first Doodle was a simple out-of-offi_345e61")): Object 'Object Repository/Page_The Story and Evolution of Doodles - G_6e786d/p_The first Doodle was a simple out-of-offi_345e61' is visible

07-06-2024T13:44:26 - [MESSAGE][PASSED] - Object 'Object Repository/Page_The Story and Evolution of Doodles - G_6e786d/p_The first Doodle was a simple out-of-offi_345e61' is visible

07-06-2024T13:44:26 - [TEST_STEP][PASSED] - verifyElementVisible(findTestObject("Object Repository/Page_The Story and Evolution of Doodles - G_6e786d/h2_Weve created more than 5,000 Doodles ove_111429")): Object 'Object Repository/Page_The Story and Evolution of Doodles - G_6e786d/h2_Weve created more than 5,000 Doodles ove_111429' is visible

07-06-2024T13:44:26 - [MESSAGE][PASSED] - Object 'Object Repository/Page_The Story and Evolution of Doodles - G_6e786d/h2_Weve created more than 5,000 Doodles ove_111429' is visible

07-06-2024T13:44:26 - [TEST_STEP][PASSED] - click(findTestObject("Object Repository/Page_The Story and Evolution of Doodles - G_6e786d/p_The first Doodle was a simple out-of-offi_345e61")): Object: 'Object Repository/Page_The Story and Evolution of Doodles - G_6e786d/p_The first Doodle was a simple out-of-offi_345e61' is clicked on

07-06-2024T13:44:26 - [MESSAGE][PASSED] - Object: 'Object Repository/Page_The Story and Evolution of Doodles - G_6e786d/p_The first Doodle was a simple out-of-offi_345e61' is clicked on

07-06-2024T13:44:26 - [TEST_STEP][PASSED] - verifyElementVisible(findTestObject("Object Repository/Page_The Story and Evolution of Doodles - G_6e786d/h1_The story behind Doodles")): Object 'Object Repository/Page_The Story and Evolution of Doodles - G_6e786d/h1_The story behind Doodles' is visible

07-06-2024T13:44:26 - [MESSAGE][PASSED] - Object 'Object Repository/Page_The Story and Evolution of Doodles - G_6e786d/h1_The story behind Doodles' is visible

07-06-2024T13:44:26 - [TEST_STEP][PASSED] - verifyElementVisible(findTestObject("Object Repository/Page_The Story and Evolution of Doodles - G_6e786d/p_The first Doodle was a simple out-of-offi_345e61")): Object 'Object Repository/Page_The Story and Evolution of Doodles - G_6e786d/p_The first Doodle was a simple out-of-offi_345e61' is visible

07-06-2024T13:44:26 - [MESSAGE][PASSED] - Object 'Object Repository/Page_The Story and Evolution of Doodles - G_6e786d/p_The first Doodle was a simple out-of-offi_345e61' is visible

07-06-2024T13:44:26 - [TEST_STEP][PASSED] - verifyElementVisible(findTestObject("Object Repository/Page_The Story and Evolution of Doodles - G_6e786d/h2_Weve created more than 5,000 Doodles ove_111429")): Object 'Object Repository/Page_The Story and Evolution of Doodles - G_6e786d/h2_Weve created more than 5,000 Doodles ove_111429' is visible

07-06-2024T13:44:26 - [MESSAGE][PASSED] - Object 'Object Repository/Page_The Story and Evolution of Doodles - G_6e786d/h2_Weve created more than 5,000 Doodles ove_111429' is visible

07-06-2024T13:44:26 - [TEST_STEP][PASSED] - click(findTestObject("Object Repository/Page_The Story and Evolution of Doodles - G_6e786d/p_The first Doodle was a simple out-of-offi_345e61")): Object: 'Object Repository/Page_The Story and Evolution of Doodles - G_6e786d/p_The first Doodle was a simple out-of-offi_345e61' is clicked on

07-06-2024T13:44:27 - [MESSAGE][PASSED] - Object: 'Object Repository/Page_The Story and Evolution of Doodles - G_6e786d/p_The first Doodle was a simple out-of-offi_345e61' is clicked on

07-06-2024T13:44:27 - [TEST_STEP][PASSED] - verifyElementVisible(findTestObject("Object Repository/Page_The Story and Evolution of Doodles - G_6e786d/h1_The story behind Doodles")): Object 'Object Repository/Page_The Story and Evolution of Doodles - G_6e786d/h1_The story behind Doodles' is visible

07-06-2024T13:44:27 - [MESSAGE][PASSED] - Object 'Object Repository/Page_The Story and Evolution of Doodles - G_6e786d/h1_The story behind Doodles' is visible

07-06-2024T13:44:27 - [TEST_STEP][PASSED] - verifyElementVisible(findTestObject("Object Repository/Page_The Story and Evolution of Doodles - G_6e786d/p_The first Doodle was a simple out-of-offi_345e61")): Object 'Object Repository/Page_The Story and Evolution of Doodles - G_6e786d/p_The first Doodle was a simple out-of-offi_345e61' is visible

07-06-2024T13:44:27 - [MESSAGE][PASSED] - Object 'Object Repository/Page_The Story and Evolution of Doodles - G_6e786d/p_The first Doodle was a simple out-of-offi_345e61' is visible

07-06-2024T13:44:27 - [TEST_STEP][PASSED] - verifyElementVisible(findTestObject("Object Repository/Page_The Story and Evolution of Doodles - G_6e786d/h2_Weve created more than 5,000 Doodles ove_111429")): Object 'Object Repository/Page_The Story and Evolution of Doodles - G_6e786d/h2_Weve created more than 5,000 Doodles ove_111429' is visible

07-06-2024T13:44:27 - [MESSAGE][PASSED] - Object 'Object Repository/Page_The Story and Evolution of Doodles - G_6e786d/h2_Weve created more than 5,000 Doodles ove_111429' is visible]]></system-out>
         <system-err><![CDATA[]]></system-err>
      </testcase>
      <testcase name="Test Cases/test case folder 1/tc1 - Copy (6)" time="9.081" classname="Test Cases/test case folder 1/tc1 - Copy (6)" status="PASSED">
         <system-out><![CDATA[07-06-2024T13:44:27 - [TEST_CASE][PASSED] - Test Cases/test case folder 1/tc1 - Copy (6): Test Cases/test case folder 1/tc1 - Copy (6)

07-06-2024T13:44:27 - [TEST_STEP][PASSED] - openBrowser(""): Browser is opened with url: ''

07-06-2024T13:44:27 - [MESSAGE][WARNING] - A browser is already opened. Closing browser and opening a new one

07-06-2024T13:44:28 - [MESSAGE][INFO] - Starting 'Firefox (headless)' driver

07-06-2024T13:44:28 - [MESSAGE][INFO] - Action delay is set to 0 milliseconds

07-06-2024T13:44:30 - [MESSAGE][PASSED] - Browser is opened with url: ''

07-06-2024T13:44:30 - [TEST_STEP][PASSED] - navigateToUrl("https://doodles.google/about/"): Navigate to 'https://doodles.google/about/' successfully

07-06-2024T13:44:31 - [MESSAGE][PASSED] - Navigate to 'https://doodles.google/about/' successfully

07-06-2024T13:44:31 - [TEST_STEP][PASSED] - click(findTestObject("Object Repository/Page_The Story and Evolution of Doodles - G_6e786d/p_The first Doodle was a simple out-of-offi_345e61")): Object: 'Object Repository/Page_The Story and Evolution of Doodles - G_6e786d/p_The first Doodle was a simple out-of-offi_345e61' is clicked on

07-06-2024T13:44:32 - [MESSAGE][PASSED] - Object: 'Object Repository/Page_The Story and Evolution of Doodles - G_6e786d/p_The first Doodle was a simple out-of-offi_345e61' is clicked on

07-06-2024T13:44:32 - [TEST_STEP][PASSED] - click(findTestObject("Object Repository/Page_The Story and Evolution of Doodles - G_6e786d/p_The first Doodle was a simple out-of-offi_345e61")): Object: 'Object Repository/Page_The Story and Evolution of Doodles - G_6e786d/p_The first Doodle was a simple out-of-offi_345e61' is clicked on

07-06-2024T13:44:32 - [MESSAGE][PASSED] - Object: 'Object Repository/Page_The Story and Evolution of Doodles - G_6e786d/p_The first Doodle was a simple out-of-offi_345e61' is clicked on

07-06-2024T13:44:32 - [TEST_STEP][PASSED] - verifyElementVisible(findTestObject("Object Repository/Page_The Story and Evolution of Doodles - G_6e786d/h1_The story behind Doodles")): Object 'Object Repository/Page_The Story and Evolution of Doodles - G_6e786d/h1_The story behind Doodles' is visible

07-06-2024T13:44:32 - [MESSAGE][PASSED] - Object 'Object Repository/Page_The Story and Evolution of Doodles - G_6e786d/h1_The story behind Doodles' is visible

07-06-2024T13:44:32 - [TEST_STEP][PASSED] - verifyElementVisible(findTestObject("Object Repository/Page_The Story and Evolution of Doodles - G_6e786d/p_The first Doodle was a simple out-of-offi_345e61")): Object 'Object Repository/Page_The Story and Evolution of Doodles - G_6e786d/p_The first Doodle was a simple out-of-offi_345e61' is visible

07-06-2024T13:44:32 - [MESSAGE][PASSED] - Object 'Object Repository/Page_The Story and Evolution of Doodles - G_6e786d/p_The first Doodle was a simple out-of-offi_345e61' is visible

07-06-2024T13:44:32 - [TEST_STEP][PASSED] - verifyElementVisible(findTestObject("Object Repository/Page_The Story and Evolution of Doodles - G_6e786d/h2_Weve created more than 5,000 Doodles ove_111429")): Object 'Object Repository/Page_The Story and Evolution of Doodles - G_6e786d/h2_Weve created more than 5,000 Doodles ove_111429' is visible

07-06-2024T13:44:32 - [MESSAGE][PASSED] - Object 'Object Repository/Page_The Story and Evolution of Doodles - G_6e786d/h2_Weve created more than 5,000 Doodles ove_111429' is visible

07-06-2024T13:44:32 - [TEST_STEP][PASSED] - verifyElementVisible(findTestObject("Object Repository/Page_The Story and Evolution of Doodles - G_6e786d/h1_The story behind Doodles")): Object 'Object Repository/Page_The Story and Evolution of Doodles - G_6e786d/h1_The story behind Doodles' is visible

07-06-2024T13:44:32 - [MESSAGE][PASSED] - Object 'Object Repository/Page_The Story and Evolution of Doodles - G_6e786d/h1_The story behind Doodles' is visible

07-06-2024T13:44:32 - [TEST_STEP][PASSED] - verifyElementVisible(findTestObject("Object Repository/Page_The Story and Evolution of Doodles - G_6e786d/p_The first Doodle was a simple out-of-offi_345e61")): Object 'Object Repository/Page_The Story and Evolution of Doodles - G_6e786d/p_The first Doodle was a simple out-of-offi_345e61' is visible

07-06-2024T13:44:32 - [MESSAGE][PASSED] - Object 'Object Repository/Page_The Story and Evolution of Doodles - G_6e786d/p_The first Doodle was a simple out-of-offi_345e61' is visible

07-06-2024T13:44:32 - [TEST_STEP][PASSED] - verifyElementVisible(findTestObject("Object Repository/Page_The Story and Evolution of Doodles - G_6e786d/h2_Weve created more than 5,000 Doodles ove_111429")): Object 'Object Repository/Page_The Story and Evolution of Doodles - G_6e786d/h2_Weve created more than 5,000 Doodles ove_111429' is visible

07-06-2024T13:44:32 - [MESSAGE][PASSED] - Object 'Object Repository/Page_The Story and Evolution of Doodles - G_6e786d/h2_Weve created more than 5,000 Doodles ove_111429' is visible

07-06-2024T13:44:32 - [TEST_STEP][PASSED] - click(findTestObject("Object Repository/Page_The Story and Evolution of Doodles - G_6e786d/p_The first Doodle was a simple out-of-offi_345e61")): Object: 'Object Repository/Page_The Story and Evolution of Doodles - G_6e786d/p_The first Doodle was a simple out-of-offi_345e61' is clicked on

07-06-2024T13:44:32 - [MESSAGE][PASSED] - Object: 'Object Repository/Page_The Story and Evolution of Doodles - G_6e786d/p_The first Doodle was a simple out-of-offi_345e61' is clicked on

07-06-2024T13:44:32 - [TEST_STEP][PASSED] - verifyElementVisible(findTestObject("Object Repository/Page_The Story and Evolution of Doodles - G_6e786d/h1_The story behind Doodles")): Object 'Object Repository/Page_The Story and Evolution of Doodles - G_6e786d/h1_The story behind Doodles' is visible

07-06-2024T13:44:33 - [MESSAGE][PASSED] - Object 'Object Repository/Page_The Story and Evolution of Doodles - G_6e786d/h1_The story behind Doodles' is visible

07-06-2024T13:44:33 - [TEST_STEP][PASSED] - verifyElementVisible(findTestObject("Object Repository/Page_The Story and Evolution of Doodles - G_6e786d/p_The first Doodle was a simple out-of-offi_345e61")): Object 'Object Repository/Page_The Story and Evolution of Doodles - G_6e786d/p_The first Doodle was a simple out-of-offi_345e61' is visible

07-06-2024T13:44:33 - [MESSAGE][PASSED] - Object 'Object Repository/Page_The Story and Evolution of Doodles - G_6e786d/p_The first Doodle was a simple out-of-offi_345e61' is visible

07-06-2024T13:44:33 - [TEST_STEP][PASSED] - verifyElementVisible(findTestObject("Object Repository/Page_The Story and Evolution of Doodles - G_6e786d/h2_Weve created more than 5,000 Doodles ove_111429")): Object 'Object Repository/Page_The Story and Evolution of Doodles - G_6e786d/h2_Weve created more than 5,000 Doodles ove_111429' is visible

07-06-2024T13:44:33 - [MESSAGE][PASSED] - Object 'Object Repository/Page_The Story and Evolution of Doodles - G_6e786d/h2_Weve created more than 5,000 Doodles ove_111429' is visible

07-06-2024T13:44:33 - [TEST_STEP][PASSED] - click(findTestObject("Object Repository/Page_The Story and Evolution of Doodles - G_6e786d/p_The first Doodle was a simple out-of-offi_345e61")): Object: 'Object Repository/Page_The Story and Evolution of Doodles - G_6e786d/p_The first Doodle was a simple out-of-offi_345e61' is clicked on

07-06-2024T13:44:33 - [MESSAGE][PASSED] - Object: 'Object Repository/Page_The Story and Evolution of Doodles - G_6e786d/p_The first Doodle was a simple out-of-offi_345e61' is clicked on

07-06-2024T13:44:33 - [TEST_STEP][PASSED] - verifyElementVisible(findTestObject("Object Repository/Page_The Story and Evolution of Doodles - G_6e786d/h1_The story behind Doodles")): Object 'Object Repository/Page_The Story and Evolution of Doodles - G_6e786d/h1_The story behind Doodles' is visible

07-06-2024T13:44:33 - [MESSAGE][PASSED] - Object 'Object Repository/Page_The Story and Evolution of Doodles - G_6e786d/h1_The story behind Doodles' is visible

07-06-2024T13:44:33 - [TEST_STEP][PASSED] - verifyElementVisible(findTestObject("Object Repository/Page_The Story and Evolution of Doodles - G_6e786d/p_The first Doodle was a simple out-of-offi_345e61")): Object 'Object Repository/Page_The Story and Evolution of Doodles - G_6e786d/p_The first Doodle was a simple out-of-offi_345e61' is visible

07-06-2024T13:44:33 - [MESSAGE][PASSED] - Object 'Object Repository/Page_The Story and Evolution of Doodles - G_6e786d/p_The first Doodle was a simple out-of-offi_345e61' is visible

07-06-2024T13:44:33 - [TEST_STEP][PASSED] - verifyElementVisible(findTestObject("Object Repository/Page_The Story and Evolution of Doodles - G_6e786d/h2_Weve created more than 5,000 Doodles ove_111429")): Object 'Object Repository/Page_The Story and Evolution of Doodles - G_6e786d/h2_Weve created more than 5,000 Doodles ove_111429' is visible

07-06-2024T13:44:33 - [MESSAGE][PASSED] - Object 'Object Repository/Page_The Story and Evolution of Doodles - G_6e786d/h2_Weve created more than 5,000 Doodles ove_111429' is visible

07-06-2024T13:44:33 - [TEST_STEP][PASSED] - click(findTestObject("Object Repository/Page_The Story and Evolution of Doodles - G_6e786d/p_The first Doodle was a simple out-of-offi_345e61")): Object: 'Object Repository/Page_The Story and Evolution of Doodles - G_6e786d/p_The first Doodle was a simple out-of-offi_345e61' is clicked on

07-06-2024T13:44:33 - [MESSAGE][PASSED] - Object: 'Object Repository/Page_The Story and Evolution of Doodles - G_6e786d/p_The first Doodle was a simple out-of-offi_345e61' is clicked on

07-06-2024T13:44:33 - [TEST_STEP][PASSED] - verifyElementVisible(findTestObject("Object Repository/Page_The Story and Evolution of Doodles - G_6e786d/h1_The story behind Doodles")): Object 'Object Repository/Page_The Story and Evolution of Doodles - G_6e786d/h1_The story behind Doodles' is visible

07-06-2024T13:44:33 - [MESSAGE][PASSED] - Object 'Object Repository/Page_The Story and Evolution of Doodles - G_6e786d/h1_The story behind Doodles' is visible

07-06-2024T13:44:33 - [TEST_STEP][PASSED] - verifyElementVisible(findTestObject("Object Repository/Page_The Story and Evolution of Doodles - G_6e786d/p_The first Doodle was a simple out-of-offi_345e61")): Object 'Object Repository/Page_The Story and Evolution of Doodles - G_6e786d/p_The first Doodle was a simple out-of-offi_345e61' is visible

07-06-2024T13:44:33 - [MESSAGE][PASSED] - Object 'Object Repository/Page_The Story and Evolution of Doodles - G_6e786d/p_The first Doodle was a simple out-of-offi_345e61' is visible

07-06-2024T13:44:33 - [TEST_STEP][PASSED] - verifyElementVisible(findTestObject("Object Repository/Page_The Story and Evolution of Doodles - G_6e786d/h2_Weve created more than 5,000 Doodles ove_111429")): Object 'Object Repository/Page_The Story and Evolution of Doodles - G_6e786d/h2_Weve created more than 5,000 Doodles ove_111429' is visible

07-06-2024T13:44:34 - [MESSAGE][PASSED] - Object 'Object Repository/Page_The Story and Evolution of Doodles - G_6e786d/h2_Weve created more than 5,000 Doodles ove_111429' is visible

07-06-2024T13:44:34 - [TEST_STEP][PASSED] - click(findTestObject("Object Repository/Page_The Story and Evolution of Doodles - G_6e786d/p_The first Doodle was a simple out-of-offi_345e61")): Object: 'Object Repository/Page_The Story and Evolution of Doodles - G_6e786d/p_The first Doodle was a simple out-of-offi_345e61' is clicked on

07-06-2024T13:44:34 - [MESSAGE][PASSED] - Object: 'Object Repository/Page_The Story and Evolution of Doodles - G_6e786d/p_The first Doodle was a simple out-of-offi_345e61' is clicked on

07-06-2024T13:44:34 - [TEST_STEP][PASSED] - verifyElementVisible(findTestObject("Object Repository/Page_The Story and Evolution of Doodles - G_6e786d/h1_The story behind Doodles")): Object 'Object Repository/Page_The Story and Evolution of Doodles - G_6e786d/h1_The story behind Doodles' is visible

07-06-2024T13:44:34 - [MESSAGE][PASSED] - Object 'Object Repository/Page_The Story and Evolution of Doodles - G_6e786d/h1_The story behind Doodles' is visible

07-06-2024T13:44:34 - [TEST_STEP][PASSED] - verifyElementVisible(findTestObject("Object Repository/Page_The Story and Evolution of Doodles - G_6e786d/p_The first Doodle was a simple out-of-offi_345e61")): Object 'Object Repository/Page_The Story and Evolution of Doodles - G_6e786d/p_The first Doodle was a simple out-of-offi_345e61' is visible

07-06-2024T13:44:34 - [MESSAGE][PASSED] - Object 'Object Repository/Page_The Story and Evolution of Doodles - G_6e786d/p_The first Doodle was a simple out-of-offi_345e61' is visible

07-06-2024T13:44:34 - [TEST_STEP][PASSED] - verifyElementVisible(findTestObject("Object Repository/Page_The Story and Evolution of Doodles - G_6e786d/h2_Weve created more than 5,000 Doodles ove_111429")): Object 'Object Repository/Page_The Story and Evolution of Doodles - G_6e786d/h2_Weve created more than 5,000 Doodles ove_111429' is visible

07-06-2024T13:44:34 - [MESSAGE][PASSED] - Object 'Object Repository/Page_The Story and Evolution of Doodles - G_6e786d/h2_Weve created more than 5,000 Doodles ove_111429' is visible

07-06-2024T13:44:34 - [TEST_STEP][PASSED] - click(findTestObject("Object Repository/Page_The Story and Evolution of Doodles - G_6e786d/p_The first Doodle was a simple out-of-offi_345e61")): Object: 'Object Repository/Page_The Story and Evolution of Doodles - G_6e786d/p_The first Doodle was a simple out-of-offi_345e61' is clicked on

07-06-2024T13:44:34 - [MESSAGE][PASSED] - Object: 'Object Repository/Page_The Story and Evolution of Doodles - G_6e786d/p_The first Doodle was a simple out-of-offi_345e61' is clicked on

07-06-2024T13:44:34 - [TEST_STEP][PASSED] - verifyElementVisible(findTestObject("Object Repository/Page_The Story and Evolution of Doodles - G_6e786d/h1_The story behind Doodles")): Object 'Object Repository/Page_The Story and Evolution of Doodles - G_6e786d/h1_The story behind Doodles' is visible

07-06-2024T13:44:34 - [MESSAGE][PASSED] - Object 'Object Repository/Page_The Story and Evolution of Doodles - G_6e786d/h1_The story behind Doodles' is visible

07-06-2024T13:44:34 - [TEST_STEP][PASSED] - verifyElementVisible(findTestObject("Object Repository/Page_The Story and Evolution of Doodles - G_6e786d/p_The first Doodle was a simple out-of-offi_345e61")): Object 'Object Repository/Page_The Story and Evolution of Doodles - G_6e786d/p_The first Doodle was a simple out-of-offi_345e61' is visible

07-06-2024T13:44:34 - [MESSAGE][PASSED] - Object 'Object Repository/Page_The Story and Evolution of Doodles - G_6e786d/p_The first Doodle was a simple out-of-offi_345e61' is visible

07-06-2024T13:44:34 - [TEST_STEP][PASSED] - verifyElementVisible(findTestObject("Object Repository/Page_The Story and Evolution of Doodles - G_6e786d/h2_Weve created more than 5,000 Doodles ove_111429")): Object 'Object Repository/Page_The Story and Evolution of Doodles - G_6e786d/h2_Weve created more than 5,000 Doodles ove_111429' is visible

07-06-2024T13:44:34 - [MESSAGE][PASSED] - Object 'Object Repository/Page_The Story and Evolution of Doodles - G_6e786d/h2_Weve created more than 5,000 Doodles ove_111429' is visible

07-06-2024T13:44:34 - [TEST_STEP][PASSED] - click(findTestObject("Object Repository/Page_The Story and Evolution of Doodles - G_6e786d/p_The first Doodle was a simple out-of-offi_345e61")): Object: 'Object Repository/Page_The Story and Evolution of Doodles - G_6e786d/p_The first Doodle was a simple out-of-offi_345e61' is clicked on

07-06-2024T13:44:35 - [MESSAGE][PASSED] - Object: 'Object Repository/Page_The Story and Evolution of Doodles - G_6e786d/p_The first Doodle was a simple out-of-offi_345e61' is clicked on

07-06-2024T13:44:35 - [TEST_STEP][PASSED] - verifyElementVisible(findTestObject("Object Repository/Page_The Story and Evolution of Doodles - G_6e786d/h1_The story behind Doodles")): Object 'Object Repository/Page_The Story and Evolution of Doodles - G_6e786d/h1_The story behind Doodles' is visible

07-06-2024T13:44:35 - [MESSAGE][PASSED] - Object 'Object Repository/Page_The Story and Evolution of Doodles - G_6e786d/h1_The story behind Doodles' is visible

07-06-2024T13:44:35 - [TEST_STEP][PASSED] - verifyElementVisible(findTestObject("Object Repository/Page_The Story and Evolution of Doodles - G_6e786d/p_The first Doodle was a simple out-of-offi_345e61")): Object 'Object Repository/Page_The Story and Evolution of Doodles - G_6e786d/p_The first Doodle was a simple out-of-offi_345e61' is visible

07-06-2024T13:44:35 - [MESSAGE][PASSED] - Object 'Object Repository/Page_The Story and Evolution of Doodles - G_6e786d/p_The first Doodle was a simple out-of-offi_345e61' is visible

07-06-2024T13:44:35 - [TEST_STEP][PASSED] - verifyElementVisible(findTestObject("Object Repository/Page_The Story and Evolution of Doodles - G_6e786d/h2_Weve created more than 5,000 Doodles ove_111429")): Object 'Object Repository/Page_The Story and Evolution of Doodles - G_6e786d/h2_Weve created more than 5,000 Doodles ove_111429' is visible

07-06-2024T13:44:35 - [MESSAGE][PASSED] - Object 'Object Repository/Page_The Story and Evolution of Doodles - G_6e786d/h2_Weve created more than 5,000 Doodles ove_111429' is visible

07-06-2024T13:44:35 - [TEST_STEP][PASSED] - click(findTestObject("Object Repository/Page_The Story and Evolution of Doodles - G_6e786d/p_The first Doodle was a simple out-of-offi_345e61")): Object: 'Object Repository/Page_The Story and Evolution of Doodles - G_6e786d/p_The first Doodle was a simple out-of-offi_345e61' is clicked on

07-06-2024T13:44:35 - [MESSAGE][PASSED] - Object: 'Object Repository/Page_The Story and Evolution of Doodles - G_6e786d/p_The first Doodle was a simple out-of-offi_345e61' is clicked on

07-06-2024T13:44:35 - [TEST_STEP][PASSED] - verifyElementVisible(findTestObject("Object Repository/Page_The Story and Evolution of Doodles - G_6e786d/h1_The story behind Doodles")): Object 'Object Repository/Page_The Story and Evolution of Doodles - G_6e786d/h1_The story behind Doodles' is visible

07-06-2024T13:44:35 - [MESSAGE][PASSED] - Object 'Object Repository/Page_The Story and Evolution of Doodles - G_6e786d/h1_The story behind Doodles' is visible

07-06-2024T13:44:35 - [TEST_STEP][PASSED] - verifyElementVisible(findTestObject("Object Repository/Page_The Story and Evolution of Doodles - G_6e786d/p_The first Doodle was a simple out-of-offi_345e61")): Object 'Object Repository/Page_The Story and Evolution of Doodles - G_6e786d/p_The first Doodle was a simple out-of-offi_345e61' is visible

07-06-2024T13:44:35 - [MESSAGE][PASSED] - Object 'Object Repository/Page_The Story and Evolution of Doodles - G_6e786d/p_The first Doodle was a simple out-of-offi_345e61' is visible

07-06-2024T13:44:35 - [TEST_STEP][PASSED] - verifyElementVisible(findTestObject("Object Repository/Page_The Story and Evolution of Doodles - G_6e786d/h2_Weve created more than 5,000 Doodles ove_111429")): Object 'Object Repository/Page_The Story and Evolution of Doodles - G_6e786d/h2_Weve created more than 5,000 Doodles ove_111429' is visible

07-06-2024T13:44:35 - [MESSAGE][PASSED] - Object 'Object Repository/Page_The Story and Evolution of Doodles - G_6e786d/h2_Weve created more than 5,000 Doodles ove_111429' is visible

07-06-2024T13:44:35 - [TEST_STEP][PASSED] - click(findTestObject("Object Repository/Page_The Story and Evolution of Doodles - G_6e786d/p_The first Doodle was a simple out-of-offi_345e61")): Object: 'Object Repository/Page_The Story and Evolution of Doodles - G_6e786d/p_The first Doodle was a simple out-of-offi_345e61' is clicked on

07-06-2024T13:44:35 - [MESSAGE][PASSED] - Object: 'Object Repository/Page_The Story and Evolution of Doodles - G_6e786d/p_The first Doodle was a simple out-of-offi_345e61' is clicked on

07-06-2024T13:44:35 - [TEST_STEP][PASSED] - verifyElementVisible(findTestObject("Object Repository/Page_The Story and Evolution of Doodles - G_6e786d/h1_The story behind Doodles")): Object 'Object Repository/Page_The Story and Evolution of Doodles - G_6e786d/h1_The story behind Doodles' is visible

07-06-2024T13:44:35 - [MESSAGE][PASSED] - Object 'Object Repository/Page_The Story and Evolution of Doodles - G_6e786d/h1_The story behind Doodles' is visible

07-06-2024T13:44:35 - [TEST_STEP][PASSED] - verifyElementVisible(findTestObject("Object Repository/Page_The Story and Evolution of Doodles - G_6e786d/p_The first Doodle was a simple out-of-offi_345e61")): Object 'Object Repository/Page_The Story and Evolution of Doodles - G_6e786d/p_The first Doodle was a simple out-of-offi_345e61' is visible

07-06-2024T13:44:36 - [MESSAGE][PASSED] - Object 'Object Repository/Page_The Story and Evolution of Doodles - G_6e786d/p_The first Doodle was a simple out-of-offi_345e61' is visible

07-06-2024T13:44:36 - [TEST_STEP][PASSED] - verifyElementVisible(findTestObject("Object Repository/Page_The Story and Evolution of Doodles - G_6e786d/h2_Weve created more than 5,000 Doodles ove_111429")): Object 'Object Repository/Page_The Story and Evolution of Doodles - G_6e786d/h2_Weve created more than 5,000 Doodles ove_111429' is visible

07-06-2024T13:44:36 - [MESSAGE][PASSED] - Object 'Object Repository/Page_The Story and Evolution of Doodles - G_6e786d/h2_Weve created more than 5,000 Doodles ove_111429' is visible

07-06-2024T13:44:36 - [TEST_STEP][PASSED] - click(findTestObject("Object Repository/Page_The Story and Evolution of Doodles - G_6e786d/p_The first Doodle was a simple out-of-offi_345e61")): Object: 'Object Repository/Page_The Story and Evolution of Doodles - G_6e786d/p_The first Doodle was a simple out-of-offi_345e61' is clicked on

07-06-2024T13:44:36 - [MESSAGE][PASSED] - Object: 'Object Repository/Page_The Story and Evolution of Doodles - G_6e786d/p_The first Doodle was a simple out-of-offi_345e61' is clicked on

07-06-2024T13:44:36 - [TEST_STEP][PASSED] - verifyElementVisible(findTestObject("Object Repository/Page_The Story and Evolution of Doodles - G_6e786d/h1_The story behind Doodles")): Object 'Object Repository/Page_The Story and Evolution of Doodles - G_6e786d/h1_The story behind Doodles' is visible

07-06-2024T13:44:36 - [MESSAGE][PASSED] - Object 'Object Repository/Page_The Story and Evolution of Doodles - G_6e786d/h1_The story behind Doodles' is visible

07-06-2024T13:44:36 - [TEST_STEP][PASSED] - verifyElementVisible(findTestObject("Object Repository/Page_The Story and Evolution of Doodles - G_6e786d/p_The first Doodle was a simple out-of-offi_345e61")): Object 'Object Repository/Page_The Story and Evolution of Doodles - G_6e786d/p_The first Doodle was a simple out-of-offi_345e61' is visible

07-06-2024T13:44:36 - [MESSAGE][PASSED] - Object 'Object Repository/Page_The Story and Evolution of Doodles - G_6e786d/p_The first Doodle was a simple out-of-offi_345e61' is visible

07-06-2024T13:44:36 - [TEST_STEP][PASSED] - verifyElementVisible(findTestObject("Object Repository/Page_The Story and Evolution of Doodles - G_6e786d/h2_Weve created more than 5,000 Doodles ove_111429")): Object 'Object Repository/Page_The Story and Evolution of Doodles - G_6e786d/h2_Weve created more than 5,000 Doodles ove_111429' is visible

07-06-2024T13:44:36 - [MESSAGE][PASSED] - Object 'Object Repository/Page_The Story and Evolution of Doodles - G_6e786d/h2_Weve created more than 5,000 Doodles ove_111429' is visible]]></system-out>
         <system-err><![CDATA[]]></system-err>
      </testcase>
      <testcase name="Test Cases/test case folder 1/tc1 - Copy" time="9.139" classname="Test Cases/test case folder 1/tc1 - Copy" status="PASSED">
         <system-out><![CDATA[07-06-2024T13:44:36 - [TEST_CASE][PASSED] - Test Cases/test case folder 1/tc1 - Copy: Test Cases/test case folder 1/tc1 - Copy

07-06-2024T13:44:36 - [TEST_STEP][PASSED] - openBrowser(""): Browser is opened with url: ''

07-06-2024T13:44:36 - [MESSAGE][WARNING] - A browser is already opened. Closing browser and opening a new one

07-06-2024T13:44:37 - [MESSAGE][INFO] - Starting 'Firefox (headless)' driver

07-06-2024T13:44:37 - [MESSAGE][INFO] - Action delay is set to 0 milliseconds

07-06-2024T13:44:39 - [MESSAGE][PASSED] - Browser is opened with url: ''

07-06-2024T13:44:39 - [TEST_STEP][PASSED] - navigateToUrl("https://doodles.google/about/"): Navigate to 'https://doodles.google/about/' successfully

07-06-2024T13:44:41 - [MESSAGE][PASSED] - Navigate to 'https://doodles.google/about/' successfully

07-06-2024T13:44:41 - [TEST_STEP][PASSED] - click(findTestObject("Object Repository/Page_The Story and Evolution of Doodles - G_6e786d/p_The first Doodle was a simple out-of-offi_345e61")): Object: 'Object Repository/Page_The Story and Evolution of Doodles - G_6e786d/p_The first Doodle was a simple out-of-offi_345e61' is clicked on

07-06-2024T13:44:41 - [MESSAGE][PASSED] - Object: 'Object Repository/Page_The Story and Evolution of Doodles - G_6e786d/p_The first Doodle was a simple out-of-offi_345e61' is clicked on

07-06-2024T13:44:41 - [TEST_STEP][PASSED] - click(findTestObject("Object Repository/Page_The Story and Evolution of Doodles - G_6e786d/p_The first Doodle was a simple out-of-offi_345e61")): Object: 'Object Repository/Page_The Story and Evolution of Doodles - G_6e786d/p_The first Doodle was a simple out-of-offi_345e61' is clicked on

07-06-2024T13:44:41 - [MESSAGE][PASSED] - Object: 'Object Repository/Page_The Story and Evolution of Doodles - G_6e786d/p_The first Doodle was a simple out-of-offi_345e61' is clicked on

07-06-2024T13:44:41 - [TEST_STEP][PASSED] - verifyElementVisible(findTestObject("Object Repository/Page_The Story and Evolution of Doodles - G_6e786d/h1_The story behind Doodles")): Object 'Object Repository/Page_The Story and Evolution of Doodles - G_6e786d/h1_The story behind Doodles' is visible

07-06-2024T13:44:41 - [MESSAGE][PASSED] - Object 'Object Repository/Page_The Story and Evolution of Doodles - G_6e786d/h1_The story behind Doodles' is visible

07-06-2024T13:44:41 - [TEST_STEP][PASSED] - verifyElementVisible(findTestObject("Object Repository/Page_The Story and Evolution of Doodles - G_6e786d/p_The first Doodle was a simple out-of-offi_345e61")): Object 'Object Repository/Page_The Story and Evolution of Doodles - G_6e786d/p_The first Doodle was a simple out-of-offi_345e61' is visible

07-06-2024T13:44:41 - [MESSAGE][PASSED] - Object 'Object Repository/Page_The Story and Evolution of Doodles - G_6e786d/p_The first Doodle was a simple out-of-offi_345e61' is visible

07-06-2024T13:44:41 - [TEST_STEP][PASSED] - verifyElementVisible(findTestObject("Object Repository/Page_The Story and Evolution of Doodles - G_6e786d/h2_Weve created more than 5,000 Doodles ove_111429")): Object 'Object Repository/Page_The Story and Evolution of Doodles - G_6e786d/h2_Weve created more than 5,000 Doodles ove_111429' is visible

07-06-2024T13:44:41 - [MESSAGE][PASSED] - Object 'Object Repository/Page_The Story and Evolution of Doodles - G_6e786d/h2_Weve created more than 5,000 Doodles ove_111429' is visible

07-06-2024T13:44:41 - [TEST_STEP][PASSED] - verifyElementVisible(findTestObject("Object Repository/Page_The Story and Evolution of Doodles - G_6e786d/h1_The story behind Doodles")): Object 'Object Repository/Page_The Story and Evolution of Doodles - G_6e786d/h1_The story behind Doodles' is visible

07-06-2024T13:44:41 - [MESSAGE][PASSED] - Object 'Object Repository/Page_The Story and Evolution of Doodles - G_6e786d/h1_The story behind Doodles' is visible

07-06-2024T13:44:41 - [TEST_STEP][PASSED] - verifyElementVisible(findTestObject("Object Repository/Page_The Story and Evolution of Doodles - G_6e786d/p_The first Doodle was a simple out-of-offi_345e61")): Object 'Object Repository/Page_The Story and Evolution of Doodles - G_6e786d/p_The first Doodle was a simple out-of-offi_345e61' is visible

07-06-2024T13:44:42 - [MESSAGE][PASSED] - Object 'Object Repository/Page_The Story and Evolution of Doodles - G_6e786d/p_The first Doodle was a simple out-of-offi_345e61' is visible

07-06-2024T13:44:42 - [TEST_STEP][PASSED] - verifyElementVisible(findTestObject("Object Repository/Page_The Story and Evolution of Doodles - G_6e786d/h2_Weve created more than 5,000 Doodles ove_111429")): Object 'Object Repository/Page_The Story and Evolution of Doodles - G_6e786d/h2_Weve created more than 5,000 Doodles ove_111429' is visible

07-06-2024T13:44:42 - [MESSAGE][PASSED] - Object 'Object Repository/Page_The Story and Evolution of Doodles - G_6e786d/h2_Weve created more than 5,000 Doodles ove_111429' is visible

07-06-2024T13:44:42 - [TEST_STEP][PASSED] - click(findTestObject("Object Repository/Page_The Story and Evolution of Doodles - G_6e786d/p_The first Doodle was a simple out-of-offi_345e61")): Object: 'Object Repository/Page_The Story and Evolution of Doodles - G_6e786d/p_The first Doodle was a simple out-of-offi_345e61' is clicked on

07-06-2024T13:44:42 - [MESSAGE][PASSED] - Object: 'Object Repository/Page_The Story and Evolution of Doodles - G_6e786d/p_The first Doodle was a simple out-of-offi_345e61' is clicked on

07-06-2024T13:44:42 - [TEST_STEP][PASSED] - verifyElementVisible(findTestObject("Object Repository/Page_The Story and Evolution of Doodles - G_6e786d/h1_The story behind Doodles")): Object 'Object Repository/Page_The Story and Evolution of Doodles - G_6e786d/h1_The story behind Doodles' is visible

07-06-2024T13:44:42 - [MESSAGE][PASSED] - Object 'Object Repository/Page_The Story and Evolution of Doodles - G_6e786d/h1_The story behind Doodles' is visible

07-06-2024T13:44:42 - [TEST_STEP][PASSED] - verifyElementVisible(findTestObject("Object Repository/Page_The Story and Evolution of Doodles - G_6e786d/p_The first Doodle was a simple out-of-offi_345e61")): Object 'Object Repository/Page_The Story and Evolution of Doodles - G_6e786d/p_The first Doodle was a simple out-of-offi_345e61' is visible

07-06-2024T13:44:42 - [MESSAGE][PASSED] - Object 'Object Repository/Page_The Story and Evolution of Doodles - G_6e786d/p_The first Doodle was a simple out-of-offi_345e61' is visible

07-06-2024T13:44:42 - [TEST_STEP][PASSED] - verifyElementVisible(findTestObject("Object Repository/Page_The Story and Evolution of Doodles - G_6e786d/h2_Weve created more than 5,000 Doodles ove_111429")): Object 'Object Repository/Page_The Story and Evolution of Doodles - G_6e786d/h2_Weve created more than 5,000 Doodles ove_111429' is visible

07-06-2024T13:44:42 - [MESSAGE][PASSED] - Object 'Object Repository/Page_The Story and Evolution of Doodles - G_6e786d/h2_Weve created more than 5,000 Doodles ove_111429' is visible

07-06-2024T13:44:42 - [TEST_STEP][PASSED] - click(findTestObject("Object Repository/Page_The Story and Evolution of Doodles - G_6e786d/p_The first Doodle was a simple out-of-offi_345e61")): Object: 'Object Repository/Page_The Story and Evolution of Doodles - G_6e786d/p_The first Doodle was a simple out-of-offi_345e61' is clicked on

07-06-2024T13:44:42 - [MESSAGE][PASSED] - Object: 'Object Repository/Page_The Story and Evolution of Doodles - G_6e786d/p_The first Doodle was a simple out-of-offi_345e61' is clicked on

07-06-2024T13:44:42 - [TEST_STEP][PASSED] - verifyElementVisible(findTestObject("Object Repository/Page_The Story and Evolution of Doodles - G_6e786d/h1_The story behind Doodles")): Object 'Object Repository/Page_The Story and Evolution of Doodles - G_6e786d/h1_The story behind Doodles' is visible

07-06-2024T13:44:42 - [MESSAGE][PASSED] - Object 'Object Repository/Page_The Story and Evolution of Doodles - G_6e786d/h1_The story behind Doodles' is visible

07-06-2024T13:44:42 - [TEST_STEP][PASSED] - verifyElementVisible(findTestObject("Object Repository/Page_The Story and Evolution of Doodles - G_6e786d/p_The first Doodle was a simple out-of-offi_345e61")): Object 'Object Repository/Page_The Story and Evolution of Doodles - G_6e786d/p_The first Doodle was a simple out-of-offi_345e61' is visible

07-06-2024T13:44:42 - [MESSAGE][PASSED] - Object 'Object Repository/Page_The Story and Evolution of Doodles - G_6e786d/p_The first Doodle was a simple out-of-offi_345e61' is visible

07-06-2024T13:44:42 - [TEST_STEP][PASSED] - verifyElementVisible(findTestObject("Object Repository/Page_The Story and Evolution of Doodles - G_6e786d/h2_Weve created more than 5,000 Doodles ove_111429")): Object 'Object Repository/Page_The Story and Evolution of Doodles - G_6e786d/h2_Weve created more than 5,000 Doodles ove_111429' is visible

07-06-2024T13:44:42 - [MESSAGE][PASSED] - Object 'Object Repository/Page_The Story and Evolution of Doodles - G_6e786d/h2_Weve created more than 5,000 Doodles ove_111429' is visible

07-06-2024T13:44:42 - [TEST_STEP][PASSED] - click(findTestObject("Object Repository/Page_The Story and Evolution of Doodles - G_6e786d/p_The first Doodle was a simple out-of-offi_345e61")): Object: 'Object Repository/Page_The Story and Evolution of Doodles - G_6e786d/p_The first Doodle was a simple out-of-offi_345e61' is clicked on

07-06-2024T13:44:43 - [MESSAGE][PASSED] - Object: 'Object Repository/Page_The Story and Evolution of Doodles - G_6e786d/p_The first Doodle was a simple out-of-offi_345e61' is clicked on

07-06-2024T13:44:43 - [TEST_STEP][PASSED] - verifyElementVisible(findTestObject("Object Repository/Page_The Story and Evolution of Doodles - G_6e786d/h1_The story behind Doodles")): Object 'Object Repository/Page_The Story and Evolution of Doodles - G_6e786d/h1_The story behind Doodles' is visible

07-06-2024T13:44:43 - [MESSAGE][PASSED] - Object 'Object Repository/Page_The Story and Evolution of Doodles - G_6e786d/h1_The story behind Doodles' is visible

07-06-2024T13:44:43 - [TEST_STEP][PASSED] - verifyElementVisible(findTestObject("Object Repository/Page_The Story and Evolution of Doodles - G_6e786d/p_The first Doodle was a simple out-of-offi_345e61")): Object 'Object Repository/Page_The Story and Evolution of Doodles - G_6e786d/p_The first Doodle was a simple out-of-offi_345e61' is visible

07-06-2024T13:44:43 - [MESSAGE][PASSED] - Object 'Object Repository/Page_The Story and Evolution of Doodles - G_6e786d/p_The first Doodle was a simple out-of-offi_345e61' is visible

07-06-2024T13:44:43 - [TEST_STEP][PASSED] - verifyElementVisible(findTestObject("Object Repository/Page_The Story and Evolution of Doodles - G_6e786d/h2_Weve created more than 5,000 Doodles ove_111429")): Object 'Object Repository/Page_The Story and Evolution of Doodles - G_6e786d/h2_Weve created more than 5,000 Doodles ove_111429' is visible

07-06-2024T13:44:43 - [MESSAGE][PASSED] - Object 'Object Repository/Page_The Story and Evolution of Doodles - G_6e786d/h2_Weve created more than 5,000 Doodles ove_111429' is visible

07-06-2024T13:44:43 - [TEST_STEP][PASSED] - click(findTestObject("Object Repository/Page_The Story and Evolution of Doodles - G_6e786d/p_The first Doodle was a simple out-of-offi_345e61")): Object: 'Object Repository/Page_The Story and Evolution of Doodles - G_6e786d/p_The first Doodle was a simple out-of-offi_345e61' is clicked on

07-06-2024T13:44:43 - [MESSAGE][PASSED] - Object: 'Object Repository/Page_The Story and Evolution of Doodles - G_6e786d/p_The first Doodle was a simple out-of-offi_345e61' is clicked on

07-06-2024T13:44:43 - [TEST_STEP][PASSED] - verifyElementVisible(findTestObject("Object Repository/Page_The Story and Evolution of Doodles - G_6e786d/h1_The story behind Doodles")): Object 'Object Repository/Page_The Story and Evolution of Doodles - G_6e786d/h1_The story behind Doodles' is visible

07-06-2024T13:44:43 - [MESSAGE][PASSED] - Object 'Object Repository/Page_The Story and Evolution of Doodles - G_6e786d/h1_The story behind Doodles' is visible

07-06-2024T13:44:43 - [TEST_STEP][PASSED] - verifyElementVisible(findTestObject("Object Repository/Page_The Story and Evolution of Doodles - G_6e786d/p_The first Doodle was a simple out-of-offi_345e61")): Object 'Object Repository/Page_The Story and Evolution of Doodles - G_6e786d/p_The first Doodle was a simple out-of-offi_345e61' is visible

07-06-2024T13:44:43 - [MESSAGE][PASSED] - Object 'Object Repository/Page_The Story and Evolution of Doodles - G_6e786d/p_The first Doodle was a simple out-of-offi_345e61' is visible

07-06-2024T13:44:43 - [TEST_STEP][PASSED] - verifyElementVisible(findTestObject("Object Repository/Page_The Story and Evolution of Doodles - G_6e786d/h2_Weve created more than 5,000 Doodles ove_111429")): Object 'Object Repository/Page_The Story and Evolution of Doodles - G_6e786d/h2_Weve created more than 5,000 Doodles ove_111429' is visible

07-06-2024T13:44:43 - [MESSAGE][PASSED] - Object 'Object Repository/Page_The Story and Evolution of Doodles - G_6e786d/h2_Weve created more than 5,000 Doodles ove_111429' is visible

07-06-2024T13:44:43 - [TEST_STEP][PASSED] - click(findTestObject("Object Repository/Page_The Story and Evolution of Doodles - G_6e786d/p_The first Doodle was a simple out-of-offi_345e61")): Object: 'Object Repository/Page_The Story and Evolution of Doodles - G_6e786d/p_The first Doodle was a simple out-of-offi_345e61' is clicked on

07-06-2024T13:44:43 - [MESSAGE][PASSED] - Object: 'Object Repository/Page_The Story and Evolution of Doodles - G_6e786d/p_The first Doodle was a simple out-of-offi_345e61' is clicked on

07-06-2024T13:44:43 - [TEST_STEP][PASSED] - verifyElementVisible(findTestObject("Object Repository/Page_The Story and Evolution of Doodles - G_6e786d/h1_The story behind Doodles")): Object 'Object Repository/Page_The Story and Evolution of Doodles - G_6e786d/h1_The story behind Doodles' is visible

07-06-2024T13:44:43 - [MESSAGE][PASSED] - Object 'Object Repository/Page_The Story and Evolution of Doodles - G_6e786d/h1_The story behind Doodles' is visible

07-06-2024T13:44:43 - [TEST_STEP][PASSED] - verifyElementVisible(findTestObject("Object Repository/Page_The Story and Evolution of Doodles - G_6e786d/p_The first Doodle was a simple out-of-offi_345e61")): Object 'Object Repository/Page_The Story and Evolution of Doodles - G_6e786d/p_The first Doodle was a simple out-of-offi_345e61' is visible

07-06-2024T13:44:44 - [MESSAGE][PASSED] - Object 'Object Repository/Page_The Story and Evolution of Doodles - G_6e786d/p_The first Doodle was a simple out-of-offi_345e61' is visible

07-06-2024T13:44:44 - [TEST_STEP][PASSED] - verifyElementVisible(findTestObject("Object Repository/Page_The Story and Evolution of Doodles - G_6e786d/h2_Weve created more than 5,000 Doodles ove_111429")): Object 'Object Repository/Page_The Story and Evolution of Doodles - G_6e786d/h2_Weve created more than 5,000 Doodles ove_111429' is visible

07-06-2024T13:44:44 - [MESSAGE][PASSED] - Object 'Object Repository/Page_The Story and Evolution of Doodles - G_6e786d/h2_Weve created more than 5,000 Doodles ove_111429' is visible

07-06-2024T13:44:44 - [TEST_STEP][PASSED] - click(findTestObject("Object Repository/Page_The Story and Evolution of Doodles - G_6e786d/p_The first Doodle was a simple out-of-offi_345e61")): Object: 'Object Repository/Page_The Story and Evolution of Doodles - G_6e786d/p_The first Doodle was a simple out-of-offi_345e61' is clicked on

07-06-2024T13:44:44 - [MESSAGE][PASSED] - Object: 'Object Repository/Page_The Story and Evolution of Doodles - G_6e786d/p_The first Doodle was a simple out-of-offi_345e61' is clicked on

07-06-2024T13:44:44 - [TEST_STEP][PASSED] - verifyElementVisible(findTestObject("Object Repository/Page_The Story and Evolution of Doodles - G_6e786d/h1_The story behind Doodles")): Object 'Object Repository/Page_The Story and Evolution of Doodles - G_6e786d/h1_The story behind Doodles' is visible

07-06-2024T13:44:44 - [MESSAGE][PASSED] - Object 'Object Repository/Page_The Story and Evolution of Doodles - G_6e786d/h1_The story behind Doodles' is visible

07-06-2024T13:44:44 - [TEST_STEP][PASSED] - verifyElementVisible(findTestObject("Object Repository/Page_The Story and Evolution of Doodles - G_6e786d/p_The first Doodle was a simple out-of-offi_345e61")): Object 'Object Repository/Page_The Story and Evolution of Doodles - G_6e786d/p_The first Doodle was a simple out-of-offi_345e61' is visible

07-06-2024T13:44:44 - [MESSAGE][PASSED] - Object 'Object Repository/Page_The Story and Evolution of Doodles - G_6e786d/p_The first Doodle was a simple out-of-offi_345e61' is visible

07-06-2024T13:44:44 - [TEST_STEP][PASSED] - verifyElementVisible(findTestObject("Object Repository/Page_The Story and Evolution of Doodles - G_6e786d/h2_Weve created more than 5,000 Doodles ove_111429")): Object 'Object Repository/Page_The Story and Evolution of Doodles - G_6e786d/h2_Weve created more than 5,000 Doodles ove_111429' is visible

07-06-2024T13:44:44 - [MESSAGE][PASSED] - Object 'Object Repository/Page_The Story and Evolution of Doodles - G_6e786d/h2_Weve created more than 5,000 Doodles ove_111429' is visible

07-06-2024T13:44:44 - [TEST_STEP][PASSED] - click(findTestObject("Object Repository/Page_The Story and Evolution of Doodles - G_6e786d/p_The first Doodle was a simple out-of-offi_345e61")): Object: 'Object Repository/Page_The Story and Evolution of Doodles - G_6e786d/p_The first Doodle was a simple out-of-offi_345e61' is clicked on

07-06-2024T13:44:44 - [MESSAGE][PASSED] - Object: 'Object Repository/Page_The Story and Evolution of Doodles - G_6e786d/p_The first Doodle was a simple out-of-offi_345e61' is clicked on

07-06-2024T13:44:44 - [TEST_STEP][PASSED] - verifyElementVisible(findTestObject("Object Repository/Page_The Story and Evolution of Doodles - G_6e786d/h1_The story behind Doodles")): Object 'Object Repository/Page_The Story and Evolution of Doodles - G_6e786d/h1_The story behind Doodles' is visible

07-06-2024T13:44:44 - [MESSAGE][PASSED] - Object 'Object Repository/Page_The Story and Evolution of Doodles - G_6e786d/h1_The story behind Doodles' is visible

07-06-2024T13:44:44 - [TEST_STEP][PASSED] - verifyElementVisible(findTestObject("Object Repository/Page_The Story and Evolution of Doodles - G_6e786d/p_The first Doodle was a simple out-of-offi_345e61")): Object 'Object Repository/Page_The Story and Evolution of Doodles - G_6e786d/p_The first Doodle was a simple out-of-offi_345e61' is visible

07-06-2024T13:44:44 - [MESSAGE][PASSED] - Object 'Object Repository/Page_The Story and Evolution of Doodles - G_6e786d/p_The first Doodle was a simple out-of-offi_345e61' is visible

07-06-2024T13:44:44 - [TEST_STEP][PASSED] - verifyElementVisible(findTestObject("Object Repository/Page_The Story and Evolution of Doodles - G_6e786d/h2_Weve created more than 5,000 Doodles ove_111429")): Object 'Object Repository/Page_The Story and Evolution of Doodles - G_6e786d/h2_Weve created more than 5,000 Doodles ove_111429' is visible

07-06-2024T13:44:44 - [MESSAGE][PASSED] - Object 'Object Repository/Page_The Story and Evolution of Doodles - G_6e786d/h2_Weve created more than 5,000 Doodles ove_111429' is visible

07-06-2024T13:44:44 - [TEST_STEP][PASSED] - click(findTestObject("Object Repository/Page_The Story and Evolution of Doodles - G_6e786d/p_The first Doodle was a simple out-of-offi_345e61")): Object: 'Object Repository/Page_The Story and Evolution of Doodles - G_6e786d/p_The first Doodle was a simple out-of-offi_345e61' is clicked on

07-06-2024T13:44:45 - [MESSAGE][PASSED] - Object: 'Object Repository/Page_The Story and Evolution of Doodles - G_6e786d/p_The first Doodle was a simple out-of-offi_345e61' is clicked on

07-06-2024T13:44:45 - [TEST_STEP][PASSED] - verifyElementVisible(findTestObject("Object Repository/Page_The Story and Evolution of Doodles - G_6e786d/h1_The story behind Doodles")): Object 'Object Repository/Page_The Story and Evolution of Doodles - G_6e786d/h1_The story behind Doodles' is visible

07-06-2024T13:44:45 - [MESSAGE][PASSED] - Object 'Object Repository/Page_The Story and Evolution of Doodles - G_6e786d/h1_The story behind Doodles' is visible

07-06-2024T13:44:45 - [TEST_STEP][PASSED] - verifyElementVisible(findTestObject("Object Repository/Page_The Story and Evolution of Doodles - G_6e786d/p_The first Doodle was a simple out-of-offi_345e61")): Object 'Object Repository/Page_The Story and Evolution of Doodles - G_6e786d/p_The first Doodle was a simple out-of-offi_345e61' is visible

07-06-2024T13:44:45 - [MESSAGE][PASSED] - Object 'Object Repository/Page_The Story and Evolution of Doodles - G_6e786d/p_The first Doodle was a simple out-of-offi_345e61' is visible

07-06-2024T13:44:45 - [TEST_STEP][PASSED] - verifyElementVisible(findTestObject("Object Repository/Page_The Story and Evolution of Doodles - G_6e786d/h2_Weve created more than 5,000 Doodles ove_111429")): Object 'Object Repository/Page_The Story and Evolution of Doodles - G_6e786d/h2_Weve created more than 5,000 Doodles ove_111429' is visible

07-06-2024T13:44:45 - [MESSAGE][PASSED] - Object 'Object Repository/Page_The Story and Evolution of Doodles - G_6e786d/h2_Weve created more than 5,000 Doodles ove_111429' is visible

07-06-2024T13:44:45 - [TEST_STEP][PASSED] - click(findTestObject("Object Repository/Page_The Story and Evolution of Doodles - G_6e786d/p_The first Doodle was a simple out-of-offi_345e61")): Object: 'Object Repository/Page_The Story and Evolution of Doodles - G_6e786d/p_The first Doodle was a simple out-of-offi_345e61' is clicked on

07-06-2024T13:44:45 - [MESSAGE][PASSED] - Object: 'Object Repository/Page_The Story and Evolution of Doodles - G_6e786d/p_The first Doodle was a simple out-of-offi_345e61' is clicked on

07-06-2024T13:44:45 - [TEST_STEP][PASSED] - verifyElementVisible(findTestObject("Object Repository/Page_The Story and Evolution of Doodles - G_6e786d/h1_The story behind Doodles")): Object 'Object Repository/Page_The Story and Evolution of Doodles - G_6e786d/h1_The story behind Doodles' is visible

07-06-2024T13:44:45 - [MESSAGE][PASSED] - Object 'Object Repository/Page_The Story and Evolution of Doodles - G_6e786d/h1_The story behind Doodles' is visible

07-06-2024T13:44:45 - [TEST_STEP][PASSED] - verifyElementVisible(findTestObject("Object Repository/Page_The Story and Evolution of Doodles - G_6e786d/p_The first Doodle was a simple out-of-offi_345e61")): Object 'Object Repository/Page_The Story and Evolution of Doodles - G_6e786d/p_The first Doodle was a simple out-of-offi_345e61' is visible

07-06-2024T13:44:45 - [MESSAGE][PASSED] - Object 'Object Repository/Page_The Story and Evolution of Doodles - G_6e786d/p_The first Doodle was a simple out-of-offi_345e61' is visible

07-06-2024T13:44:45 - [TEST_STEP][PASSED] - verifyElementVisible(findTestObject("Object Repository/Page_The Story and Evolution of Doodles - G_6e786d/h2_Weve created more than 5,000 Doodles ove_111429")): Object 'Object Repository/Page_The Story and Evolution of Doodles - G_6e786d/h2_Weve created more than 5,000 Doodles ove_111429' is visible

07-06-2024T13:44:45 - [MESSAGE][PASSED] - Object 'Object Repository/Page_The Story and Evolution of Doodles - G_6e786d/h2_Weve created more than 5,000 Doodles ove_111429' is visible]]></system-out>
         <system-err><![CDATA[]]></system-err>
      </testcase>
      <testcase name="Test Cases/test case folder 1/tc1" time="8.935" classname="Test Cases/test case folder 1/tc1" status="PASSED">
         <system-out><![CDATA[07-06-2024T13:44:45 - [TEST_CASE][PASSED] - Test Cases/test case folder 1/tc1: Test Cases/test case folder 1/tc1

07-06-2024T13:44:45 - [TEST_STEP][PASSED] - openBrowser(""): Browser is opened with url: ''

07-06-2024T13:44:45 - [MESSAGE][WARNING] - A browser is already opened. Closing browser and opening a new one

07-06-2024T13:44:46 - [MESSAGE][INFO] - Starting 'Firefox (headless)' driver

07-06-2024T13:44:46 - [MESSAGE][INFO] - Action delay is set to 0 milliseconds

07-06-2024T13:44:48 - [MESSAGE][PASSED] - Browser is opened with url: ''

07-06-2024T13:44:48 - [TEST_STEP][PASSED] - navigateToUrl("https://doodles.google/about/"): Navigate to 'https://doodles.google/about/' successfully

07-06-2024T13:44:50 - [MESSAGE][PASSED] - Navigate to 'https://doodles.google/about/' successfully

07-06-2024T13:44:50 - [TEST_STEP][PASSED] - click(findTestObject("Object Repository/Page_The Story and Evolution of Doodles - G_6e786d/p_The first Doodle was a simple out-of-offi_345e61")): Object: 'Object Repository/Page_The Story and Evolution of Doodles - G_6e786d/p_The first Doodle was a simple out-of-offi_345e61' is clicked on

07-06-2024T13:44:50 - [MESSAGE][PASSED] - Object: 'Object Repository/Page_The Story and Evolution of Doodles - G_6e786d/p_The first Doodle was a simple out-of-offi_345e61' is clicked on

07-06-2024T13:44:50 - [TEST_STEP][PASSED] - click(findTestObject("Object Repository/Page_The Story and Evolution of Doodles - G_6e786d/p_The first Doodle was a simple out-of-offi_345e61")): Object: 'Object Repository/Page_The Story and Evolution of Doodles - G_6e786d/p_The first Doodle was a simple out-of-offi_345e61' is clicked on

07-06-2024T13:44:50 - [MESSAGE][PASSED] - Object: 'Object Repository/Page_The Story and Evolution of Doodles - G_6e786d/p_The first Doodle was a simple out-of-offi_345e61' is clicked on

07-06-2024T13:44:50 - [TEST_STEP][PASSED] - verifyElementVisible(findTestObject("Object Repository/Page_The Story and Evolution of Doodles - G_6e786d/h1_The story behind Doodles")): Object 'Object Repository/Page_The Story and Evolution of Doodles - G_6e786d/h1_The story behind Doodles' is visible

07-06-2024T13:44:50 - [MESSAGE][PASSED] - Object 'Object Repository/Page_The Story and Evolution of Doodles - G_6e786d/h1_The story behind Doodles' is visible

07-06-2024T13:44:50 - [TEST_STEP][PASSED] - verifyElementVisible(findTestObject("Object Repository/Page_The Story and Evolution of Doodles - G_6e786d/p_The first Doodle was a simple out-of-offi_345e61")): Object 'Object Repository/Page_The Story and Evolution of Doodles - G_6e786d/p_The first Doodle was a simple out-of-offi_345e61' is visible

07-06-2024T13:44:50 - [MESSAGE][PASSED] - Object 'Object Repository/Page_The Story and Evolution of Doodles - G_6e786d/p_The first Doodle was a simple out-of-offi_345e61' is visible

07-06-2024T13:44:50 - [TEST_STEP][PASSED] - verifyElementVisible(findTestObject("Object Repository/Page_The Story and Evolution of Doodles - G_6e786d/h2_Weve created more than 5,000 Doodles ove_111429")): Object 'Object Repository/Page_The Story and Evolution of Doodles - G_6e786d/h2_Weve created more than 5,000 Doodles ove_111429' is visible

07-06-2024T13:44:50 - [MESSAGE][PASSED] - Object 'Object Repository/Page_The Story and Evolution of Doodles - G_6e786d/h2_Weve created more than 5,000 Doodles ove_111429' is visible

07-06-2024T13:44:50 - [TEST_STEP][PASSED] - verifyElementVisible(findTestObject("Object Repository/Page_The Story and Evolution of Doodles - G_6e786d/h1_The story behind Doodles")): Object 'Object Repository/Page_The Story and Evolution of Doodles - G_6e786d/h1_The story behind Doodles' is visible

07-06-2024T13:44:50 - [MESSAGE][PASSED] - Object 'Object Repository/Page_The Story and Evolution of Doodles - G_6e786d/h1_The story behind Doodles' is visible

07-06-2024T13:44:50 - [TEST_STEP][PASSED] - verifyElementVisible(findTestObject("Object Repository/Page_The Story and Evolution of Doodles - G_6e786d/p_The first Doodle was a simple out-of-offi_345e61")): Object 'Object Repository/Page_The Story and Evolution of Doodles - G_6e786d/p_The first Doodle was a simple out-of-offi_345e61' is visible

07-06-2024T13:44:50 - [MESSAGE][PASSED] - Object 'Object Repository/Page_The Story and Evolution of Doodles - G_6e786d/p_The first Doodle was a simple out-of-offi_345e61' is visible

07-06-2024T13:44:50 - [TEST_STEP][PASSED] - verifyElementVisible(findTestObject("Object Repository/Page_The Story and Evolution of Doodles - G_6e786d/h2_Weve created more than 5,000 Doodles ove_111429")): Object 'Object Repository/Page_The Story and Evolution of Doodles - G_6e786d/h2_Weve created more than 5,000 Doodles ove_111429' is visible

07-06-2024T13:44:50 - [MESSAGE][PASSED] - Object 'Object Repository/Page_The Story and Evolution of Doodles - G_6e786d/h2_Weve created more than 5,000 Doodles ove_111429' is visible

07-06-2024T13:44:50 - [TEST_STEP][PASSED] - click(findTestObject("Object Repository/Page_The Story and Evolution of Doodles - G_6e786d/p_The first Doodle was a simple out-of-offi_345e61")): Object: 'Object Repository/Page_The Story and Evolution of Doodles - G_6e786d/p_The first Doodle was a simple out-of-offi_345e61' is clicked on

07-06-2024T13:44:51 - [MESSAGE][PASSED] - Object: 'Object Repository/Page_The Story and Evolution of Doodles - G_6e786d/p_The first Doodle was a simple out-of-offi_345e61' is clicked on

07-06-2024T13:44:51 - [TEST_STEP][PASSED] - verifyElementVisible(findTestObject("Object Repository/Page_The Story and Evolution of Doodles - G_6e786d/h1_The story behind Doodles")): Object 'Object Repository/Page_The Story and Evolution of Doodles - G_6e786d/h1_The story behind Doodles' is visible

07-06-2024T13:44:51 - [MESSAGE][PASSED] - Object 'Object Repository/Page_The Story and Evolution of Doodles - G_6e786d/h1_The story behind Doodles' is visible

07-06-2024T13:44:51 - [TEST_STEP][PASSED] - verifyElementVisible(findTestObject("Object Repository/Page_The Story and Evolution of Doodles - G_6e786d/p_The first Doodle was a simple out-of-offi_345e61")): Object 'Object Repository/Page_The Story and Evolution of Doodles - G_6e786d/p_The first Doodle was a simple out-of-offi_345e61' is visible

07-06-2024T13:44:51 - [MESSAGE][PASSED] - Object 'Object Repository/Page_The Story and Evolution of Doodles - G_6e786d/p_The first Doodle was a simple out-of-offi_345e61' is visible

07-06-2024T13:44:51 - [TEST_STEP][PASSED] - verifyElementVisible(findTestObject("Object Repository/Page_The Story and Evolution of Doodles - G_6e786d/h2_Weve created more than 5,000 Doodles ove_111429")): Object 'Object Repository/Page_The Story and Evolution of Doodles - G_6e786d/h2_Weve created more than 5,000 Doodles ove_111429' is visible

07-06-2024T13:44:51 - [MESSAGE][PASSED] - Object 'Object Repository/Page_The Story and Evolution of Doodles - G_6e786d/h2_Weve created more than 5,000 Doodles ove_111429' is visible

07-06-2024T13:44:51 - [TEST_STEP][PASSED] - click(findTestObject("Object Repository/Page_The Story and Evolution of Doodles - G_6e786d/p_The first Doodle was a simple out-of-offi_345e61")): Object: 'Object Repository/Page_The Story and Evolution of Doodles - G_6e786d/p_The first Doodle was a simple out-of-offi_345e61' is clicked on

07-06-2024T13:44:51 - [MESSAGE][PASSED] - Object: 'Object Repository/Page_The Story and Evolution of Doodles - G_6e786d/p_The first Doodle was a simple out-of-offi_345e61' is clicked on

07-06-2024T13:44:51 - [TEST_STEP][PASSED] - verifyElementVisible(findTestObject("Object Repository/Page_The Story and Evolution of Doodles - G_6e786d/h1_The story behind Doodles")): Object 'Object Repository/Page_The Story and Evolution of Doodles - G_6e786d/h1_The story behind Doodles' is visible

07-06-2024T13:44:51 - [MESSAGE][PASSED] - Object 'Object Repository/Page_The Story and Evolution of Doodles - G_6e786d/h1_The story behind Doodles' is visible

07-06-2024T13:44:51 - [TEST_STEP][PASSED] - verifyElementVisible(findTestObject("Object Repository/Page_The Story and Evolution of Doodles - G_6e786d/p_The first Doodle was a simple out-of-offi_345e61")): Object 'Object Repository/Page_The Story and Evolution of Doodles - G_6e786d/p_The first Doodle was a simple out-of-offi_345e61' is visible

07-06-2024T13:44:51 - [MESSAGE][PASSED] - Object 'Object Repository/Page_The Story and Evolution of Doodles - G_6e786d/p_The first Doodle was a simple out-of-offi_345e61' is visible

07-06-2024T13:44:51 - [TEST_STEP][PASSED] - verifyElementVisible(findTestObject("Object Repository/Page_The Story and Evolution of Doodles - G_6e786d/h2_Weve created more than 5,000 Doodles ove_111429")): Object 'Object Repository/Page_The Story and Evolution of Doodles - G_6e786d/h2_Weve created more than 5,000 Doodles ove_111429' is visible

07-06-2024T13:44:51 - [MESSAGE][PASSED] - Object 'Object Repository/Page_The Story and Evolution of Doodles - G_6e786d/h2_Weve created more than 5,000 Doodles ove_111429' is visible

07-06-2024T13:44:51 - [TEST_STEP][PASSED] - click(findTestObject("Object Repository/Page_The Story and Evolution of Doodles - G_6e786d/p_The first Doodle was a simple out-of-offi_345e61")): Object: 'Object Repository/Page_The Story and Evolution of Doodles - G_6e786d/p_The first Doodle was a simple out-of-offi_345e61' is clicked on

07-06-2024T13:44:52 - [MESSAGE][PASSED] - Object: 'Object Repository/Page_The Story and Evolution of Doodles - G_6e786d/p_The first Doodle was a simple out-of-offi_345e61' is clicked on

07-06-2024T13:44:52 - [TEST_STEP][PASSED] - verifyElementVisible(findTestObject("Object Repository/Page_The Story and Evolution of Doodles - G_6e786d/h1_The story behind Doodles")): Object 'Object Repository/Page_The Story and Evolution of Doodles - G_6e786d/h1_The story behind Doodles' is visible

07-06-2024T13:44:52 - [MESSAGE][PASSED] - Object 'Object Repository/Page_The Story and Evolution of Doodles - G_6e786d/h1_The story behind Doodles' is visible

07-06-2024T13:44:52 - [TEST_STEP][PASSED] - verifyElementVisible(findTestObject("Object Repository/Page_The Story and Evolution of Doodles - G_6e786d/p_The first Doodle was a simple out-of-offi_345e61")): Object 'Object Repository/Page_The Story and Evolution of Doodles - G_6e786d/p_The first Doodle was a simple out-of-offi_345e61' is visible

07-06-2024T13:44:52 - [MESSAGE][PASSED] - Object 'Object Repository/Page_The Story and Evolution of Doodles - G_6e786d/p_The first Doodle was a simple out-of-offi_345e61' is visible

07-06-2024T13:44:52 - [TEST_STEP][PASSED] - verifyElementVisible(findTestObject("Object Repository/Page_The Story and Evolution of Doodles - G_6e786d/h2_Weve created more than 5,000 Doodles ove_111429")): Object 'Object Repository/Page_The Story and Evolution of Doodles - G_6e786d/h2_Weve created more than 5,000 Doodles ove_111429' is visible

07-06-2024T13:44:52 - [MESSAGE][PASSED] - Object 'Object Repository/Page_The Story and Evolution of Doodles - G_6e786d/h2_Weve created more than 5,000 Doodles ove_111429' is visible

07-06-2024T13:44:52 - [TEST_STEP][PASSED] - click(findTestObject("Object Repository/Page_The Story and Evolution of Doodles - G_6e786d/p_The first Doodle was a simple out-of-offi_345e61")): Object: 'Object Repository/Page_The Story and Evolution of Doodles - G_6e786d/p_The first Doodle was a simple out-of-offi_345e61' is clicked on

07-06-2024T13:44:52 - [MESSAGE][PASSED] - Object: 'Object Repository/Page_The Story and Evolution of Doodles - G_6e786d/p_The first Doodle was a simple out-of-offi_345e61' is clicked on

07-06-2024T13:44:52 - [TEST_STEP][PASSED] - verifyElementVisible(findTestObject("Object Repository/Page_The Story and Evolution of Doodles - G_6e786d/h1_The story behind Doodles")): Object 'Object Repository/Page_The Story and Evolution of Doodles - G_6e786d/h1_The story behind Doodles' is visible

07-06-2024T13:44:52 - [MESSAGE][PASSED] - Object 'Object Repository/Page_The Story and Evolution of Doodles - G_6e786d/h1_The story behind Doodles' is visible

07-06-2024T13:44:52 - [TEST_STEP][PASSED] - verifyElementVisible(findTestObject("Object Repository/Page_The Story and Evolution of Doodles - G_6e786d/p_The first Doodle was a simple out-of-offi_345e61")): Object 'Object Repository/Page_The Story and Evolution of Doodles - G_6e786d/p_The first Doodle was a simple out-of-offi_345e61' is visible

07-06-2024T13:44:52 - [MESSAGE][PASSED] - Object 'Object Repository/Page_The Story and Evolution of Doodles - G_6e786d/p_The first Doodle was a simple out-of-offi_345e61' is visible

07-06-2024T13:44:52 - [TEST_STEP][PASSED] - verifyElementVisible(findTestObject("Object Repository/Page_The Story and Evolution of Doodles - G_6e786d/h2_Weve created more than 5,000 Doodles ove_111429")): Object 'Object Repository/Page_The Story and Evolution of Doodles - G_6e786d/h2_Weve created more than 5,000 Doodles ove_111429' is visible

07-06-2024T13:44:52 - [MESSAGE][PASSED] - Object 'Object Repository/Page_The Story and Evolution of Doodles - G_6e786d/h2_Weve created more than 5,000 Doodles ove_111429' is visible

07-06-2024T13:44:52 - [TEST_STEP][PASSED] - click(findTestObject("Object Repository/Page_The Story and Evolution of Doodles - G_6e786d/p_The first Doodle was a simple out-of-offi_345e61")): Object: 'Object Repository/Page_The Story and Evolution of Doodles - G_6e786d/p_The first Doodle was a simple out-of-offi_345e61' is clicked on

07-06-2024T13:44:52 - [MESSAGE][PASSED] - Object: 'Object Repository/Page_The Story and Evolution of Doodles - G_6e786d/p_The first Doodle was a simple out-of-offi_345e61' is clicked on

07-06-2024T13:44:52 - [TEST_STEP][PASSED] - verifyElementVisible(findTestObject("Object Repository/Page_The Story and Evolution of Doodles - G_6e786d/h1_The story behind Doodles")): Object 'Object Repository/Page_The Story and Evolution of Doodles - G_6e786d/h1_The story behind Doodles' is visible

07-06-2024T13:44:52 - [MESSAGE][PASSED] - Object 'Object Repository/Page_The Story and Evolution of Doodles - G_6e786d/h1_The story behind Doodles' is visible

07-06-2024T13:44:52 - [TEST_STEP][PASSED] - verifyElementVisible(findTestObject("Object Repository/Page_The Story and Evolution of Doodles - G_6e786d/p_The first Doodle was a simple out-of-offi_345e61")): Object 'Object Repository/Page_The Story and Evolution of Doodles - G_6e786d/p_The first Doodle was a simple out-of-offi_345e61' is visible

07-06-2024T13:44:52 - [MESSAGE][PASSED] - Object 'Object Repository/Page_The Story and Evolution of Doodles - G_6e786d/p_The first Doodle was a simple out-of-offi_345e61' is visible

07-06-2024T13:44:52 - [TEST_STEP][PASSED] - verifyElementVisible(findTestObject("Object Repository/Page_The Story and Evolution of Doodles - G_6e786d/h2_Weve created more than 5,000 Doodles ove_111429")): Object 'Object Repository/Page_The Story and Evolution of Doodles - G_6e786d/h2_Weve created more than 5,000 Doodles ove_111429' is visible

07-06-2024T13:44:52 - [MESSAGE][PASSED] - Object 'Object Repository/Page_The Story and Evolution of Doodles - G_6e786d/h2_Weve created more than 5,000 Doodles ove_111429' is visible

07-06-2024T13:44:52 - [TEST_STEP][PASSED] - click(findTestObject("Object Repository/Page_The Story and Evolution of Doodles - G_6e786d/p_The first Doodle was a simple out-of-offi_345e61")): Object: 'Object Repository/Page_The Story and Evolution of Doodles - G_6e786d/p_The first Doodle was a simple out-of-offi_345e61' is clicked on

07-06-2024T13:44:53 - [MESSAGE][PASSED] - Object: 'Object Repository/Page_The Story and Evolution of Doodles - G_6e786d/p_The first Doodle was a simple out-of-offi_345e61' is clicked on

07-06-2024T13:44:53 - [TEST_STEP][PASSED] - verifyElementVisible(findTestObject("Object Repository/Page_The Story and Evolution of Doodles - G_6e786d/h1_The story behind Doodles")): Object 'Object Repository/Page_The Story and Evolution of Doodles - G_6e786d/h1_The story behind Doodles' is visible

07-06-2024T13:44:53 - [MESSAGE][PASSED] - Object 'Object Repository/Page_The Story and Evolution of Doodles - G_6e786d/h1_The story behind Doodles' is visible

07-06-2024T13:44:53 - [TEST_STEP][PASSED] - verifyElementVisible(findTestObject("Object Repository/Page_The Story and Evolution of Doodles - G_6e786d/p_The first Doodle was a simple out-of-offi_345e61")): Object 'Object Repository/Page_The Story and Evolution of Doodles - G_6e786d/p_The first Doodle was a simple out-of-offi_345e61' is visible

07-06-2024T13:44:53 - [MESSAGE][PASSED] - Object 'Object Repository/Page_The Story and Evolution of Doodles - G_6e786d/p_The first Doodle was a simple out-of-offi_345e61' is visible

07-06-2024T13:44:53 - [TEST_STEP][PASSED] - verifyElementVisible(findTestObject("Object Repository/Page_The Story and Evolution of Doodles - G_6e786d/h2_Weve created more than 5,000 Doodles ove_111429")): Object 'Object Repository/Page_The Story and Evolution of Doodles - G_6e786d/h2_Weve created more than 5,000 Doodles ove_111429' is visible

07-06-2024T13:44:53 - [MESSAGE][PASSED] - Object 'Object Repository/Page_The Story and Evolution of Doodles - G_6e786d/h2_Weve created more than 5,000 Doodles ove_111429' is visible

07-06-2024T13:44:53 - [TEST_STEP][PASSED] - click(findTestObject("Object Repository/Page_The Story and Evolution of Doodles - G_6e786d/p_The first Doodle was a simple out-of-offi_345e61")): Object: 'Object Repository/Page_The Story and Evolution of Doodles - G_6e786d/p_The first Doodle was a simple out-of-offi_345e61' is clicked on

07-06-2024T13:44:53 - [MESSAGE][PASSED] - Object: 'Object Repository/Page_The Story and Evolution of Doodles - G_6e786d/p_The first Doodle was a simple out-of-offi_345e61' is clicked on

07-06-2024T13:44:53 - [TEST_STEP][PASSED] - verifyElementVisible(findTestObject("Object Repository/Page_The Story and Evolution of Doodles - G_6e786d/h1_The story behind Doodles")): Object 'Object Repository/Page_The Story and Evolution of Doodles - G_6e786d/h1_The story behind Doodles' is visible

07-06-2024T13:44:53 - [MESSAGE][PASSED] - Object 'Object Repository/Page_The Story and Evolution of Doodles - G_6e786d/h1_The story behind Doodles' is visible

07-06-2024T13:44:53 - [TEST_STEP][PASSED] - verifyElementVisible(findTestObject("Object Repository/Page_The Story and Evolution of Doodles - G_6e786d/p_The first Doodle was a simple out-of-offi_345e61")): Object 'Object Repository/Page_The Story and Evolution of Doodles - G_6e786d/p_The first Doodle was a simple out-of-offi_345e61' is visible

07-06-2024T13:44:53 - [MESSAGE][PASSED] - Object 'Object Repository/Page_The Story and Evolution of Doodles - G_6e786d/p_The first Doodle was a simple out-of-offi_345e61' is visible

07-06-2024T13:44:53 - [TEST_STEP][PASSED] - verifyElementVisible(findTestObject("Object Repository/Page_The Story and Evolution of Doodles - G_6e786d/h2_Weve created more than 5,000 Doodles ove_111429")): Object 'Object Repository/Page_The Story and Evolution of Doodles - G_6e786d/h2_Weve created more than 5,000 Doodles ove_111429' is visible

07-06-2024T13:44:53 - [MESSAGE][PASSED] - Object 'Object Repository/Page_The Story and Evolution of Doodles - G_6e786d/h2_Weve created more than 5,000 Doodles ove_111429' is visible

07-06-2024T13:44:53 - [TEST_STEP][PASSED] - click(findTestObject("Object Repository/Page_The Story and Evolution of Doodles - G_6e786d/p_The first Doodle was a simple out-of-offi_345e61")): Object: 'Object Repository/Page_The Story and Evolution of Doodles - G_6e786d/p_The first Doodle was a simple out-of-offi_345e61' is clicked on

07-06-2024T13:44:53 - [MESSAGE][PASSED] - Object: 'Object Repository/Page_The Story and Evolution of Doodles - G_6e786d/p_The first Doodle was a simple out-of-offi_345e61' is clicked on

07-06-2024T13:44:53 - [TEST_STEP][PASSED] - verifyElementVisible(findTestObject("Object Repository/Page_The Story and Evolution of Doodles - G_6e786d/h1_The story behind Doodles")): Object 'Object Repository/Page_The Story and Evolution of Doodles - G_6e786d/h1_The story behind Doodles' is visible

07-06-2024T13:44:54 - [MESSAGE][PASSED] - Object 'Object Repository/Page_The Story and Evolution of Doodles - G_6e786d/h1_The story behind Doodles' is visible

07-06-2024T13:44:54 - [TEST_STEP][PASSED] - verifyElementVisible(findTestObject("Object Repository/Page_The Story and Evolution of Doodles - G_6e786d/p_The first Doodle was a simple out-of-offi_345e61")): Object 'Object Repository/Page_The Story and Evolution of Doodles - G_6e786d/p_The first Doodle was a simple out-of-offi_345e61' is visible

07-06-2024T13:44:54 - [MESSAGE][PASSED] - Object 'Object Repository/Page_The Story and Evolution of Doodles - G_6e786d/p_The first Doodle was a simple out-of-offi_345e61' is visible

07-06-2024T13:44:54 - [TEST_STEP][PASSED] - verifyElementVisible(findTestObject("Object Repository/Page_The Story and Evolution of Doodles - G_6e786d/h2_Weve created more than 5,000 Doodles ove_111429")): Object 'Object Repository/Page_The Story and Evolution of Doodles - G_6e786d/h2_Weve created more than 5,000 Doodles ove_111429' is visible

07-06-2024T13:44:54 - [MESSAGE][PASSED] - Object 'Object Repository/Page_The Story and Evolution of Doodles - G_6e786d/h2_Weve created more than 5,000 Doodles ove_111429' is visible

07-06-2024T13:44:54 - [TEST_STEP][PASSED] - click(findTestObject("Object Repository/Page_The Story and Evolution of Doodles - G_6e786d/p_The first Doodle was a simple out-of-offi_345e61")): Object: 'Object Repository/Page_The Story and Evolution of Doodles - G_6e786d/p_The first Doodle was a simple out-of-offi_345e61' is clicked on

07-06-2024T13:44:54 - [MESSAGE][PASSED] - Object: 'Object Repository/Page_The Story and Evolution of Doodles - G_6e786d/p_The first Doodle was a simple out-of-offi_345e61' is clicked on

07-06-2024T13:44:54 - [TEST_STEP][PASSED] - verifyElementVisible(findTestObject("Object Repository/Page_The Story and Evolution of Doodles - G_6e786d/h1_The story behind Doodles")): Object 'Object Repository/Page_The Story and Evolution of Doodles - G_6e786d/h1_The story behind Doodles' is visible

07-06-2024T13:44:54 - [MESSAGE][PASSED] - Object 'Object Repository/Page_The Story and Evolution of Doodles - G_6e786d/h1_The story behind Doodles' is visible

07-06-2024T13:44:54 - [TEST_STEP][PASSED] - verifyElementVisible(findTestObject("Object Repository/Page_The Story and Evolution of Doodles - G_6e786d/p_The first Doodle was a simple out-of-offi_345e61")): Object 'Object Repository/Page_The Story and Evolution of Doodles - G_6e786d/p_The first Doodle was a simple out-of-offi_345e61' is visible

07-06-2024T13:44:54 - [MESSAGE][PASSED] - Object 'Object Repository/Page_The Story and Evolution of Doodles - G_6e786d/p_The first Doodle was a simple out-of-offi_345e61' is visible

07-06-2024T13:44:54 - [TEST_STEP][PASSED] - verifyElementVisible(findTestObject("Object Repository/Page_The Story and Evolution of Doodles - G_6e786d/h2_Weve created more than 5,000 Doodles ove_111429")): Object 'Object Repository/Page_The Story and Evolution of Doodles - G_6e786d/h2_Weve created more than 5,000 Doodles ove_111429' is visible

07-06-2024T13:44:54 - [MESSAGE][PASSED] - Object 'Object Repository/Page_The Story and Evolution of Doodles - G_6e786d/h2_Weve created more than 5,000 Doodles ove_111429' is visible]]></system-out>
         <system-err><![CDATA[]]></system-err>
      </testcase>
      <testcase name="Test Cases/test case folder 1/tc1 - Copy (1)" time="10.381" classname="Test Cases/test case folder 1/tc1 - Copy (1)" status="PASSED">
         <system-out><![CDATA[07-06-2024T13:44:54 - [TEST_CASE][PASSED] - Test Cases/test case folder 1/tc1 - Copy (1): Test Cases/test case folder 1/tc1 - Copy (1)

07-06-2024T13:44:54 - [TEST_STEP][PASSED] - openBrowser(""): Browser is opened with url: ''

07-06-2024T13:44:54 - [MESSAGE][WARNING] - A browser is already opened. Closing browser and opening a new one

07-06-2024T13:44:55 - [MESSAGE][INFO] - Starting 'Firefox (headless)' driver

07-06-2024T13:44:55 - [MESSAGE][INFO] - Action delay is set to 0 milliseconds

07-06-2024T13:44:57 - [MESSAGE][PASSED] - Browser is opened with url: ''

07-06-2024T13:44:57 - [TEST_STEP][PASSED] - navigateToUrl("https://doodles.google/about/"): Navigate to 'https://doodles.google/about/' successfully

07-06-2024T13:45:00 - [MESSAGE][PASSED] - Navigate to 'https://doodles.google/about/' successfully

07-06-2024T13:45:00 - [TEST_STEP][PASSED] - click(findTestObject("Object Repository/Page_The Story and Evolution of Doodles - G_6e786d/p_The first Doodle was a simple out-of-offi_345e61")): Object: 'Object Repository/Page_The Story and Evolution of Doodles - G_6e786d/p_The first Doodle was a simple out-of-offi_345e61' is clicked on

07-06-2024T13:45:00 - [MESSAGE][PASSED] - Object: 'Object Repository/Page_The Story and Evolution of Doodles - G_6e786d/p_The first Doodle was a simple out-of-offi_345e61' is clicked on

07-06-2024T13:45:00 - [TEST_STEP][PASSED] - click(findTestObject("Object Repository/Page_The Story and Evolution of Doodles - G_6e786d/p_The first Doodle was a simple out-of-offi_345e61")): Object: 'Object Repository/Page_The Story and Evolution of Doodles - G_6e786d/p_The first Doodle was a simple out-of-offi_345e61' is clicked on

07-06-2024T13:45:00 - [MESSAGE][PASSED] - Object: 'Object Repository/Page_The Story and Evolution of Doodles - G_6e786d/p_The first Doodle was a simple out-of-offi_345e61' is clicked on

07-06-2024T13:45:00 - [TEST_STEP][PASSED] - verifyElementVisible(findTestObject("Object Repository/Page_The Story and Evolution of Doodles - G_6e786d/h1_The story behind Doodles")): Object 'Object Repository/Page_The Story and Evolution of Doodles - G_6e786d/h1_The story behind Doodles' is visible

07-06-2024T13:45:00 - [MESSAGE][PASSED] - Object 'Object Repository/Page_The Story and Evolution of Doodles - G_6e786d/h1_The story behind Doodles' is visible

07-06-2024T13:45:00 - [TEST_STEP][PASSED] - verifyElementVisible(findTestObject("Object Repository/Page_The Story and Evolution of Doodles - G_6e786d/p_The first Doodle was a simple out-of-offi_345e61")): Object 'Object Repository/Page_The Story and Evolution of Doodles - G_6e786d/p_The first Doodle was a simple out-of-offi_345e61' is visible

07-06-2024T13:45:01 - [MESSAGE][PASSED] - Object 'Object Repository/Page_The Story and Evolution of Doodles - G_6e786d/p_The first Doodle was a simple out-of-offi_345e61' is visible

07-06-2024T13:45:01 - [TEST_STEP][PASSED] - verifyElementVisible(findTestObject("Object Repository/Page_The Story and Evolution of Doodles - G_6e786d/h2_Weve created more than 5,000 Doodles ove_111429")): Object 'Object Repository/Page_The Story and Evolution of Doodles - G_6e786d/h2_Weve created more than 5,000 Doodles ove_111429' is visible

07-06-2024T13:45:01 - [MESSAGE][PASSED] - Object 'Object Repository/Page_The Story and Evolution of Doodles - G_6e786d/h2_Weve created more than 5,000 Doodles ove_111429' is visible

07-06-2024T13:45:01 - [TEST_STEP][PASSED] - verifyElementVisible(findTestObject("Object Repository/Page_The Story and Evolution of Doodles - G_6e786d/h1_The story behind Doodles")): Object 'Object Repository/Page_The Story and Evolution of Doodles - G_6e786d/h1_The story behind Doodles' is visible

07-06-2024T13:45:01 - [MESSAGE][PASSED] - Object 'Object Repository/Page_The Story and Evolution of Doodles - G_6e786d/h1_The story behind Doodles' is visible

07-06-2024T13:45:01 - [TEST_STEP][PASSED] - verifyElementVisible(findTestObject("Object Repository/Page_The Story and Evolution of Doodles - G_6e786d/p_The first Doodle was a simple out-of-offi_345e61")): Object 'Object Repository/Page_The Story and Evolution of Doodles - G_6e786d/p_The first Doodle was a simple out-of-offi_345e61' is visible

07-06-2024T13:45:01 - [MESSAGE][PASSED] - Object 'Object Repository/Page_The Story and Evolution of Doodles - G_6e786d/p_The first Doodle was a simple out-of-offi_345e61' is visible

07-06-2024T13:45:01 - [TEST_STEP][PASSED] - verifyElementVisible(findTestObject("Object Repository/Page_The Story and Evolution of Doodles - G_6e786d/h2_Weve created more than 5,000 Doodles ove_111429")): Object 'Object Repository/Page_The Story and Evolution of Doodles - G_6e786d/h2_Weve created more than 5,000 Doodles ove_111429' is visible

07-06-2024T13:45:01 - [MESSAGE][PASSED] - Object 'Object Repository/Page_The Story and Evolution of Doodles - G_6e786d/h2_Weve created more than 5,000 Doodles ove_111429' is visible

07-06-2024T13:45:01 - [TEST_STEP][PASSED] - click(findTestObject("Object Repository/Page_The Story and Evolution of Doodles - G_6e786d/p_The first Doodle was a simple out-of-offi_345e61")): Object: 'Object Repository/Page_The Story and Evolution of Doodles - G_6e786d/p_The first Doodle was a simple out-of-offi_345e61' is clicked on

07-06-2024T13:45:01 - [MESSAGE][PASSED] - Object: 'Object Repository/Page_The Story and Evolution of Doodles - G_6e786d/p_The first Doodle was a simple out-of-offi_345e61' is clicked on

07-06-2024T13:45:01 - [TEST_STEP][PASSED] - verifyElementVisible(findTestObject("Object Repository/Page_The Story and Evolution of Doodles - G_6e786d/h1_The story behind Doodles")): Object 'Object Repository/Page_The Story and Evolution of Doodles - G_6e786d/h1_The story behind Doodles' is visible

07-06-2024T13:45:01 - [MESSAGE][PASSED] - Object 'Object Repository/Page_The Story and Evolution of Doodles - G_6e786d/h1_The story behind Doodles' is visible

07-06-2024T13:45:01 - [TEST_STEP][PASSED] - verifyElementVisible(findTestObject("Object Repository/Page_The Story and Evolution of Doodles - G_6e786d/p_The first Doodle was a simple out-of-offi_345e61")): Object 'Object Repository/Page_The Story and Evolution of Doodles - G_6e786d/p_The first Doodle was a simple out-of-offi_345e61' is visible

07-06-2024T13:45:01 - [MESSAGE][PASSED] - Object 'Object Repository/Page_The Story and Evolution of Doodles - G_6e786d/p_The first Doodle was a simple out-of-offi_345e61' is visible

07-06-2024T13:45:01 - [TEST_STEP][PASSED] - verifyElementVisible(findTestObject("Object Repository/Page_The Story and Evolution of Doodles - G_6e786d/h2_Weve created more than 5,000 Doodles ove_111429")): Object 'Object Repository/Page_The Story and Evolution of Doodles - G_6e786d/h2_Weve created more than 5,000 Doodles ove_111429' is visible

07-06-2024T13:45:01 - [MESSAGE][PASSED] - Object 'Object Repository/Page_The Story and Evolution of Doodles - G_6e786d/h2_Weve created more than 5,000 Doodles ove_111429' is visible

07-06-2024T13:45:01 - [TEST_STEP][PASSED] - click(findTestObject("Object Repository/Page_The Story and Evolution of Doodles - G_6e786d/p_The first Doodle was a simple out-of-offi_345e61")): Object: 'Object Repository/Page_The Story and Evolution of Doodles - G_6e786d/p_The first Doodle was a simple out-of-offi_345e61' is clicked on

07-06-2024T13:45:01 - [MESSAGE][PASSED] - Object: 'Object Repository/Page_The Story and Evolution of Doodles - G_6e786d/p_The first Doodle was a simple out-of-offi_345e61' is clicked on

07-06-2024T13:45:01 - [TEST_STEP][PASSED] - verifyElementVisible(findTestObject("Object Repository/Page_The Story and Evolution of Doodles - G_6e786d/h1_The story behind Doodles")): Object 'Object Repository/Page_The Story and Evolution of Doodles - G_6e786d/h1_The story behind Doodles' is visible

07-06-2024T13:45:01 - [MESSAGE][PASSED] - Object 'Object Repository/Page_The Story and Evolution of Doodles - G_6e786d/h1_The story behind Doodles' is visible

07-06-2024T13:45:01 - [TEST_STEP][PASSED] - verifyElementVisible(findTestObject("Object Repository/Page_The Story and Evolution of Doodles - G_6e786d/p_The first Doodle was a simple out-of-offi_345e61")): Object 'Object Repository/Page_The Story and Evolution of Doodles - G_6e786d/p_The first Doodle was a simple out-of-offi_345e61' is visible

07-06-2024T13:45:01 - [MESSAGE][PASSED] - Object 'Object Repository/Page_The Story and Evolution of Doodles - G_6e786d/p_The first Doodle was a simple out-of-offi_345e61' is visible

07-06-2024T13:45:01 - [TEST_STEP][PASSED] - verifyElementVisible(findTestObject("Object Repository/Page_The Story and Evolution of Doodles - G_6e786d/h2_Weve created more than 5,000 Doodles ove_111429")): Object 'Object Repository/Page_The Story and Evolution of Doodles - G_6e786d/h2_Weve created more than 5,000 Doodles ove_111429' is visible

07-06-2024T13:45:01 - [MESSAGE][PASSED] - Object 'Object Repository/Page_The Story and Evolution of Doodles - G_6e786d/h2_Weve created more than 5,000 Doodles ove_111429' is visible

07-06-2024T13:45:01 - [TEST_STEP][PASSED] - click(findTestObject("Object Repository/Page_The Story and Evolution of Doodles - G_6e786d/p_The first Doodle was a simple out-of-offi_345e61")): Object: 'Object Repository/Page_The Story and Evolution of Doodles - G_6e786d/p_The first Doodle was a simple out-of-offi_345e61' is clicked on

07-06-2024T13:45:02 - [MESSAGE][PASSED] - Object: 'Object Repository/Page_The Story and Evolution of Doodles - G_6e786d/p_The first Doodle was a simple out-of-offi_345e61' is clicked on

07-06-2024T13:45:02 - [TEST_STEP][PASSED] - verifyElementVisible(findTestObject("Object Repository/Page_The Story and Evolution of Doodles - G_6e786d/h1_The story behind Doodles")): Object 'Object Repository/Page_The Story and Evolution of Doodles - G_6e786d/h1_The story behind Doodles' is visible

07-06-2024T13:45:02 - [MESSAGE][PASSED] - Object 'Object Repository/Page_The Story and Evolution of Doodles - G_6e786d/h1_The story behind Doodles' is visible

07-06-2024T13:45:02 - [TEST_STEP][PASSED] - verifyElementVisible(findTestObject("Object Repository/Page_The Story and Evolution of Doodles - G_6e786d/p_The first Doodle was a simple out-of-offi_345e61")): Object 'Object Repository/Page_The Story and Evolution of Doodles - G_6e786d/p_The first Doodle was a simple out-of-offi_345e61' is visible

07-06-2024T13:45:02 - [MESSAGE][PASSED] - Object 'Object Repository/Page_The Story and Evolution of Doodles - G_6e786d/p_The first Doodle was a simple out-of-offi_345e61' is visible

07-06-2024T13:45:02 - [TEST_STEP][PASSED] - verifyElementVisible(findTestObject("Object Repository/Page_The Story and Evolution of Doodles - G_6e786d/h2_Weve created more than 5,000 Doodles ove_111429")): Object 'Object Repository/Page_The Story and Evolution of Doodles - G_6e786d/h2_Weve created more than 5,000 Doodles ove_111429' is visible

07-06-2024T13:45:02 - [MESSAGE][PASSED] - Object 'Object Repository/Page_The Story and Evolution of Doodles - G_6e786d/h2_Weve created more than 5,000 Doodles ove_111429' is visible

07-06-2024T13:45:02 - [TEST_STEP][PASSED] - click(findTestObject("Object Repository/Page_The Story and Evolution of Doodles - G_6e786d/p_The first Doodle was a simple out-of-offi_345e61")): Object: 'Object Repository/Page_The Story and Evolution of Doodles - G_6e786d/p_The first Doodle was a simple out-of-offi_345e61' is clicked on

07-06-2024T13:45:02 - [MESSAGE][PASSED] - Object: 'Object Repository/Page_The Story and Evolution of Doodles - G_6e786d/p_The first Doodle was a simple out-of-offi_345e61' is clicked on

07-06-2024T13:45:02 - [TEST_STEP][PASSED] - verifyElementVisible(findTestObject("Object Repository/Page_The Story and Evolution of Doodles - G_6e786d/h1_The story behind Doodles")): Object 'Object Repository/Page_The Story and Evolution of Doodles - G_6e786d/h1_The story behind Doodles' is visible

07-06-2024T13:45:02 - [MESSAGE][PASSED] - Object 'Object Repository/Page_The Story and Evolution of Doodles - G_6e786d/h1_The story behind Doodles' is visible

07-06-2024T13:45:02 - [TEST_STEP][PASSED] - verifyElementVisible(findTestObject("Object Repository/Page_The Story and Evolution of Doodles - G_6e786d/p_The first Doodle was a simple out-of-offi_345e61")): Object 'Object Repository/Page_The Story and Evolution of Doodles - G_6e786d/p_The first Doodle was a simple out-of-offi_345e61' is visible

07-06-2024T13:45:02 - [MESSAGE][PASSED] - Object 'Object Repository/Page_The Story and Evolution of Doodles - G_6e786d/p_The first Doodle was a simple out-of-offi_345e61' is visible

07-06-2024T13:45:02 - [TEST_STEP][PASSED] - verifyElementVisible(findTestObject("Object Repository/Page_The Story and Evolution of Doodles - G_6e786d/h2_Weve created more than 5,000 Doodles ove_111429")): Object 'Object Repository/Page_The Story and Evolution of Doodles - G_6e786d/h2_Weve created more than 5,000 Doodles ove_111429' is visible

07-06-2024T13:45:02 - [MESSAGE][PASSED] - Object 'Object Repository/Page_The Story and Evolution of Doodles - G_6e786d/h2_Weve created more than 5,000 Doodles ove_111429' is visible

07-06-2024T13:45:02 - [TEST_STEP][PASSED] - click(findTestObject("Object Repository/Page_The Story and Evolution of Doodles - G_6e786d/p_The first Doodle was a simple out-of-offi_345e61")): Object: 'Object Repository/Page_The Story and Evolution of Doodles - G_6e786d/p_The first Doodle was a simple out-of-offi_345e61' is clicked on

07-06-2024T13:45:03 - [MESSAGE][PASSED] - Object: 'Object Repository/Page_The Story and Evolution of Doodles - G_6e786d/p_The first Doodle was a simple out-of-offi_345e61' is clicked on

07-06-2024T13:45:03 - [TEST_STEP][PASSED] - verifyElementVisible(findTestObject("Object Repository/Page_The Story and Evolution of Doodles - G_6e786d/h1_The story behind Doodles")): Object 'Object Repository/Page_The Story and Evolution of Doodles - G_6e786d/h1_The story behind Doodles' is visible

07-06-2024T13:45:03 - [MESSAGE][PASSED] - Object 'Object Repository/Page_The Story and Evolution of Doodles - G_6e786d/h1_The story behind Doodles' is visible

07-06-2024T13:45:03 - [TEST_STEP][PASSED] - verifyElementVisible(findTestObject("Object Repository/Page_The Story and Evolution of Doodles - G_6e786d/p_The first Doodle was a simple out-of-offi_345e61")): Object 'Object Repository/Page_The Story and Evolution of Doodles - G_6e786d/p_The first Doodle was a simple out-of-offi_345e61' is visible

07-06-2024T13:45:03 - [MESSAGE][PASSED] - Object 'Object Repository/Page_The Story and Evolution of Doodles - G_6e786d/p_The first Doodle was a simple out-of-offi_345e61' is visible

07-06-2024T13:45:03 - [TEST_STEP][PASSED] - verifyElementVisible(findTestObject("Object Repository/Page_The Story and Evolution of Doodles - G_6e786d/h2_Weve created more than 5,000 Doodles ove_111429")): Object 'Object Repository/Page_The Story and Evolution of Doodles - G_6e786d/h2_Weve created more than 5,000 Doodles ove_111429' is visible

07-06-2024T13:45:03 - [MESSAGE][PASSED] - Object 'Object Repository/Page_The Story and Evolution of Doodles - G_6e786d/h2_Weve created more than 5,000 Doodles ove_111429' is visible

07-06-2024T13:45:03 - [TEST_STEP][PASSED] - click(findTestObject("Object Repository/Page_The Story and Evolution of Doodles - G_6e786d/p_The first Doodle was a simple out-of-offi_345e61")): Object: 'Object Repository/Page_The Story and Evolution of Doodles - G_6e786d/p_The first Doodle was a simple out-of-offi_345e61' is clicked on

07-06-2024T13:45:03 - [MESSAGE][PASSED] - Object: 'Object Repository/Page_The Story and Evolution of Doodles - G_6e786d/p_The first Doodle was a simple out-of-offi_345e61' is clicked on

07-06-2024T13:45:03 - [TEST_STEP][PASSED] - verifyElementVisible(findTestObject("Object Repository/Page_The Story and Evolution of Doodles - G_6e786d/h1_The story behind Doodles")): Object 'Object Repository/Page_The Story and Evolution of Doodles - G_6e786d/h1_The story behind Doodles' is visible

07-06-2024T13:45:03 - [MESSAGE][PASSED] - Object 'Object Repository/Page_The Story and Evolution of Doodles - G_6e786d/h1_The story behind Doodles' is visible

07-06-2024T13:45:03 - [TEST_STEP][PASSED] - verifyElementVisible(findTestObject("Object Repository/Page_The Story and Evolution of Doodles - G_6e786d/p_The first Doodle was a simple out-of-offi_345e61")): Object 'Object Repository/Page_The Story and Evolution of Doodles - G_6e786d/p_The first Doodle was a simple out-of-offi_345e61' is visible

07-06-2024T13:45:03 - [MESSAGE][PASSED] - Object 'Object Repository/Page_The Story and Evolution of Doodles - G_6e786d/p_The first Doodle was a simple out-of-offi_345e61' is visible

07-06-2024T13:45:03 - [TEST_STEP][PASSED] - verifyElementVisible(findTestObject("Object Repository/Page_The Story and Evolution of Doodles - G_6e786d/h2_Weve created more than 5,000 Doodles ove_111429")): Object 'Object Repository/Page_The Story and Evolution of Doodles - G_6e786d/h2_Weve created more than 5,000 Doodles ove_111429' is visible

07-06-2024T13:45:03 - [MESSAGE][PASSED] - Object 'Object Repository/Page_The Story and Evolution of Doodles - G_6e786d/h2_Weve created more than 5,000 Doodles ove_111429' is visible

07-06-2024T13:45:03 - [TEST_STEP][PASSED] - click(findTestObject("Object Repository/Page_The Story and Evolution of Doodles - G_6e786d/p_The first Doodle was a simple out-of-offi_345e61")): Object: 'Object Repository/Page_The Story and Evolution of Doodles - G_6e786d/p_The first Doodle was a simple out-of-offi_345e61' is clicked on

07-06-2024T13:45:03 - [MESSAGE][PASSED] - Object: 'Object Repository/Page_The Story and Evolution of Doodles - G_6e786d/p_The first Doodle was a simple out-of-offi_345e61' is clicked on

07-06-2024T13:45:03 - [TEST_STEP][PASSED] - verifyElementVisible(findTestObject("Object Repository/Page_The Story and Evolution of Doodles - G_6e786d/h1_The story behind Doodles")): Object 'Object Repository/Page_The Story and Evolution of Doodles - G_6e786d/h1_The story behind Doodles' is visible

07-06-2024T13:45:04 - [MESSAGE][PASSED] - Object 'Object Repository/Page_The Story and Evolution of Doodles - G_6e786d/h1_The story behind Doodles' is visible

07-06-2024T13:45:04 - [TEST_STEP][PASSED] - verifyElementVisible(findTestObject("Object Repository/Page_The Story and Evolution of Doodles - G_6e786d/p_The first Doodle was a simple out-of-offi_345e61")): Object 'Object Repository/Page_The Story and Evolution of Doodles - G_6e786d/p_The first Doodle was a simple out-of-offi_345e61' is visible

07-06-2024T13:45:04 - [MESSAGE][PASSED] - Object 'Object Repository/Page_The Story and Evolution of Doodles - G_6e786d/p_The first Doodle was a simple out-of-offi_345e61' is visible

07-06-2024T13:45:04 - [TEST_STEP][PASSED] - verifyElementVisible(findTestObject("Object Repository/Page_The Story and Evolution of Doodles - G_6e786d/h2_Weve created more than 5,000 Doodles ove_111429")): Object 'Object Repository/Page_The Story and Evolution of Doodles - G_6e786d/h2_Weve created more than 5,000 Doodles ove_111429' is visible

07-06-2024T13:45:04 - [MESSAGE][PASSED] - Object 'Object Repository/Page_The Story and Evolution of Doodles - G_6e786d/h2_Weve created more than 5,000 Doodles ove_111429' is visible

07-06-2024T13:45:04 - [TEST_STEP][PASSED] - click(findTestObject("Object Repository/Page_The Story and Evolution of Doodles - G_6e786d/p_The first Doodle was a simple out-of-offi_345e61")): Object: 'Object Repository/Page_The Story and Evolution of Doodles - G_6e786d/p_The first Doodle was a simple out-of-offi_345e61' is clicked on

07-06-2024T13:45:04 - [MESSAGE][PASSED] - Object: 'Object Repository/Page_The Story and Evolution of Doodles - G_6e786d/p_The first Doodle was a simple out-of-offi_345e61' is clicked on

07-06-2024T13:45:04 - [TEST_STEP][PASSED] - verifyElementVisible(findTestObject("Object Repository/Page_The Story and Evolution of Doodles - G_6e786d/h1_The story behind Doodles")): Object 'Object Repository/Page_The Story and Evolution of Doodles - G_6e786d/h1_The story behind Doodles' is visible

07-06-2024T13:45:04 - [MESSAGE][PASSED] - Object 'Object Repository/Page_The Story and Evolution of Doodles - G_6e786d/h1_The story behind Doodles' is visible

07-06-2024T13:45:04 - [TEST_STEP][PASSED] - verifyElementVisible(findTestObject("Object Repository/Page_The Story and Evolution of Doodles - G_6e786d/p_The first Doodle was a simple out-of-offi_345e61")): Object 'Object Repository/Page_The Story and Evolution of Doodles - G_6e786d/p_The first Doodle was a simple out-of-offi_345e61' is visible

07-06-2024T13:45:04 - [MESSAGE][PASSED] - Object 'Object Repository/Page_The Story and Evolution of Doodles - G_6e786d/p_The first Doodle was a simple out-of-offi_345e61' is visible

07-06-2024T13:45:04 - [TEST_STEP][PASSED] - verifyElementVisible(findTestObject("Object Repository/Page_The Story and Evolution of Doodles - G_6e786d/h2_Weve created more than 5,000 Doodles ove_111429")): Object 'Object Repository/Page_The Story and Evolution of Doodles - G_6e786d/h2_Weve created more than 5,000 Doodles ove_111429' is visible

07-06-2024T13:45:04 - [MESSAGE][PASSED] - Object 'Object Repository/Page_The Story and Evolution of Doodles - G_6e786d/h2_Weve created more than 5,000 Doodles ove_111429' is visible

07-06-2024T13:45:04 - [TEST_STEP][PASSED] - click(findTestObject("Object Repository/Page_The Story and Evolution of Doodles - G_6e786d/p_The first Doodle was a simple out-of-offi_345e61")): Object: 'Object Repository/Page_The Story and Evolution of Doodles - G_6e786d/p_The first Doodle was a simple out-of-offi_345e61' is clicked on

07-06-2024T13:45:04 - [MESSAGE][PASSED] - Object: 'Object Repository/Page_The Story and Evolution of Doodles - G_6e786d/p_The first Doodle was a simple out-of-offi_345e61' is clicked on

07-06-2024T13:45:04 - [TEST_STEP][PASSED] - verifyElementVisible(findTestObject("Object Repository/Page_The Story and Evolution of Doodles - G_6e786d/h1_The story behind Doodles")): Object 'Object Repository/Page_The Story and Evolution of Doodles - G_6e786d/h1_The story behind Doodles' is visible

07-06-2024T13:45:04 - [MESSAGE][PASSED] - Object 'Object Repository/Page_The Story and Evolution of Doodles - G_6e786d/h1_The story behind Doodles' is visible

07-06-2024T13:45:04 - [TEST_STEP][PASSED] - verifyElementVisible(findTestObject("Object Repository/Page_The Story and Evolution of Doodles - G_6e786d/p_The first Doodle was a simple out-of-offi_345e61")): Object 'Object Repository/Page_The Story and Evolution of Doodles - G_6e786d/p_The first Doodle was a simple out-of-offi_345e61' is visible

07-06-2024T13:45:04 - [MESSAGE][PASSED] - Object 'Object Repository/Page_The Story and Evolution of Doodles - G_6e786d/p_The first Doodle was a simple out-of-offi_345e61' is visible

07-06-2024T13:45:04 - [TEST_STEP][PASSED] - verifyElementVisible(findTestObject("Object Repository/Page_The Story and Evolution of Doodles - G_6e786d/h2_Weve created more than 5,000 Doodles ove_111429")): Object 'Object Repository/Page_The Story and Evolution of Doodles - G_6e786d/h2_Weve created more than 5,000 Doodles ove_111429' is visible

07-06-2024T13:45:04 - [MESSAGE][PASSED] - Object 'Object Repository/Page_The Story and Evolution of Doodles - G_6e786d/h2_Weve created more than 5,000 Doodles ove_111429' is visible]]></system-out>
         <system-err><![CDATA[]]></system-err>
      </testcase>
      <testcase name="Test Cases/test case folder 1/tc1 - Copy (2)" time="8.87" classname="Test Cases/test case folder 1/tc1 - Copy (2)" status="PASSED">
         <system-out><![CDATA[07-06-2024T13:45:04 - [TEST_CASE][PASSED] - Test Cases/test case folder 1/tc1 - Copy (2): Test Cases/test case folder 1/tc1 - Copy (2)

07-06-2024T13:45:04 - [TEST_STEP][PASSED] - openBrowser(""): Browser is opened with url: ''

07-06-2024T13:45:04 - [MESSAGE][WARNING] - A browser is already opened. Closing browser and opening a new one

07-06-2024T13:45:05 - [MESSAGE][INFO] - Starting 'Firefox (headless)' driver

07-06-2024T13:45:05 - [MESSAGE][INFO] - Action delay is set to 0 milliseconds

07-06-2024T13:45:07 - [MESSAGE][PASSED] - Browser is opened with url: ''

07-06-2024T13:45:07 - [TEST_STEP][PASSED] - navigateToUrl("https://doodles.google/about/"): Navigate to 'https://doodles.google/about/' successfully

07-06-2024T13:45:09 - [MESSAGE][PASSED] - Navigate to 'https://doodles.google/about/' successfully

07-06-2024T13:45:09 - [TEST_STEP][PASSED] - click(findTestObject("Object Repository/Page_The Story and Evolution of Doodles - G_6e786d/p_The first Doodle was a simple out-of-offi_345e61")): Object: 'Object Repository/Page_The Story and Evolution of Doodles - G_6e786d/p_The first Doodle was a simple out-of-offi_345e61' is clicked on

07-06-2024T13:45:09 - [MESSAGE][PASSED] - Object: 'Object Repository/Page_The Story and Evolution of Doodles - G_6e786d/p_The first Doodle was a simple out-of-offi_345e61' is clicked on

07-06-2024T13:45:09 - [TEST_STEP][PASSED] - click(findTestObject("Object Repository/Page_The Story and Evolution of Doodles - G_6e786d/p_The first Doodle was a simple out-of-offi_345e61")): Object: 'Object Repository/Page_The Story and Evolution of Doodles - G_6e786d/p_The first Doodle was a simple out-of-offi_345e61' is clicked on

07-06-2024T13:45:09 - [MESSAGE][PASSED] - Object: 'Object Repository/Page_The Story and Evolution of Doodles - G_6e786d/p_The first Doodle was a simple out-of-offi_345e61' is clicked on

07-06-2024T13:45:09 - [TEST_STEP][PASSED] - verifyElementVisible(findTestObject("Object Repository/Page_The Story and Evolution of Doodles - G_6e786d/h1_The story behind Doodles")): Object 'Object Repository/Page_The Story and Evolution of Doodles - G_6e786d/h1_The story behind Doodles' is visible

07-06-2024T13:45:09 - [MESSAGE][PASSED] - Object 'Object Repository/Page_The Story and Evolution of Doodles - G_6e786d/h1_The story behind Doodles' is visible

07-06-2024T13:45:09 - [TEST_STEP][PASSED] - verifyElementVisible(findTestObject("Object Repository/Page_The Story and Evolution of Doodles - G_6e786d/p_The first Doodle was a simple out-of-offi_345e61")): Object 'Object Repository/Page_The Story and Evolution of Doodles - G_6e786d/p_The first Doodle was a simple out-of-offi_345e61' is visible

07-06-2024T13:45:09 - [MESSAGE][PASSED] - Object 'Object Repository/Page_The Story and Evolution of Doodles - G_6e786d/p_The first Doodle was a simple out-of-offi_345e61' is visible

07-06-2024T13:45:09 - [TEST_STEP][PASSED] - verifyElementVisible(findTestObject("Object Repository/Page_The Story and Evolution of Doodles - G_6e786d/h2_Weve created more than 5,000 Doodles ove_111429")): Object 'Object Repository/Page_The Story and Evolution of Doodles - G_6e786d/h2_Weve created more than 5,000 Doodles ove_111429' is visible

07-06-2024T13:45:09 - [MESSAGE][PASSED] - Object 'Object Repository/Page_The Story and Evolution of Doodles - G_6e786d/h2_Weve created more than 5,000 Doodles ove_111429' is visible

07-06-2024T13:45:09 - [TEST_STEP][PASSED] - verifyElementVisible(findTestObject("Object Repository/Page_The Story and Evolution of Doodles - G_6e786d/h1_The story behind Doodles")): Object 'Object Repository/Page_The Story and Evolution of Doodles - G_6e786d/h1_The story behind Doodles' is visible

07-06-2024T13:45:10 - [MESSAGE][PASSED] - Object 'Object Repository/Page_The Story and Evolution of Doodles - G_6e786d/h1_The story behind Doodles' is visible

07-06-2024T13:45:10 - [TEST_STEP][PASSED] - verifyElementVisible(findTestObject("Object Repository/Page_The Story and Evolution of Doodles - G_6e786d/p_The first Doodle was a simple out-of-offi_345e61")): Object 'Object Repository/Page_The Story and Evolution of Doodles - G_6e786d/p_The first Doodle was a simple out-of-offi_345e61' is visible

07-06-2024T13:45:10 - [MESSAGE][PASSED] - Object 'Object Repository/Page_The Story and Evolution of Doodles - G_6e786d/p_The first Doodle was a simple out-of-offi_345e61' is visible

07-06-2024T13:45:10 - [TEST_STEP][PASSED] - verifyElementVisible(findTestObject("Object Repository/Page_The Story and Evolution of Doodles - G_6e786d/h2_Weve created more than 5,000 Doodles ove_111429")): Object 'Object Repository/Page_The Story and Evolution of Doodles - G_6e786d/h2_Weve created more than 5,000 Doodles ove_111429' is visible

07-06-2024T13:45:10 - [MESSAGE][PASSED] - Object 'Object Repository/Page_The Story and Evolution of Doodles - G_6e786d/h2_Weve created more than 5,000 Doodles ove_111429' is visible

07-06-2024T13:45:10 - [TEST_STEP][PASSED] - click(findTestObject("Object Repository/Page_The Story and Evolution of Doodles - G_6e786d/p_The first Doodle was a simple out-of-offi_345e61")): Object: 'Object Repository/Page_The Story and Evolution of Doodles - G_6e786d/p_The first Doodle was a simple out-of-offi_345e61' is clicked on

07-06-2024T13:45:10 - [MESSAGE][PASSED] - Object: 'Object Repository/Page_The Story and Evolution of Doodles - G_6e786d/p_The first Doodle was a simple out-of-offi_345e61' is clicked on

07-06-2024T13:45:10 - [TEST_STEP][PASSED] - verifyElementVisible(findTestObject("Object Repository/Page_The Story and Evolution of Doodles - G_6e786d/h1_The story behind Doodles")): Object 'Object Repository/Page_The Story and Evolution of Doodles - G_6e786d/h1_The story behind Doodles' is visible

07-06-2024T13:45:10 - [MESSAGE][PASSED] - Object 'Object Repository/Page_The Story and Evolution of Doodles - G_6e786d/h1_The story behind Doodles' is visible

07-06-2024T13:45:10 - [TEST_STEP][PASSED] - verifyElementVisible(findTestObject("Object Repository/Page_The Story and Evolution of Doodles - G_6e786d/p_The first Doodle was a simple out-of-offi_345e61")): Object 'Object Repository/Page_The Story and Evolution of Doodles - G_6e786d/p_The first Doodle was a simple out-of-offi_345e61' is visible

07-06-2024T13:45:10 - [MESSAGE][PASSED] - Object 'Object Repository/Page_The Story and Evolution of Doodles - G_6e786d/p_The first Doodle was a simple out-of-offi_345e61' is visible

07-06-2024T13:45:10 - [TEST_STEP][PASSED] - verifyElementVisible(findTestObject("Object Repository/Page_The Story and Evolution of Doodles - G_6e786d/h2_Weve created more than 5,000 Doodles ove_111429")): Object 'Object Repository/Page_The Story and Evolution of Doodles - G_6e786d/h2_Weve created more than 5,000 Doodles ove_111429' is visible

07-06-2024T13:45:10 - [MESSAGE][PASSED] - Object 'Object Repository/Page_The Story and Evolution of Doodles - G_6e786d/h2_Weve created more than 5,000 Doodles ove_111429' is visible

07-06-2024T13:45:10 - [TEST_STEP][PASSED] - click(findTestObject("Object Repository/Page_The Story and Evolution of Doodles - G_6e786d/p_The first Doodle was a simple out-of-offi_345e61")): Object: 'Object Repository/Page_The Story and Evolution of Doodles - G_6e786d/p_The first Doodle was a simple out-of-offi_345e61' is clicked on

07-06-2024T13:45:10 - [MESSAGE][PASSED] - Object: 'Object Repository/Page_The Story and Evolution of Doodles - G_6e786d/p_The first Doodle was a simple out-of-offi_345e61' is clicked on

07-06-2024T13:45:10 - [TEST_STEP][PASSED] - verifyElementVisible(findTestObject("Object Repository/Page_The Story and Evolution of Doodles - G_6e786d/h1_The story behind Doodles")): Object 'Object Repository/Page_The Story and Evolution of Doodles - G_6e786d/h1_The story behind Doodles' is visible

07-06-2024T13:45:10 - [MESSAGE][PASSED] - Object 'Object Repository/Page_The Story and Evolution of Doodles - G_6e786d/h1_The story behind Doodles' is visible

07-06-2024T13:45:10 - [TEST_STEP][PASSED] - verifyElementVisible(findTestObject("Object Repository/Page_The Story and Evolution of Doodles - G_6e786d/p_The first Doodle was a simple out-of-offi_345e61")): Object 'Object Repository/Page_The Story and Evolution of Doodles - G_6e786d/p_The first Doodle was a simple out-of-offi_345e61' is visible

07-06-2024T13:45:10 - [MESSAGE][PASSED] - Object 'Object Repository/Page_The Story and Evolution of Doodles - G_6e786d/p_The first Doodle was a simple out-of-offi_345e61' is visible

07-06-2024T13:45:10 - [TEST_STEP][PASSED] - verifyElementVisible(findTestObject("Object Repository/Page_The Story and Evolution of Doodles - G_6e786d/h2_Weve created more than 5,000 Doodles ove_111429")): Object 'Object Repository/Page_The Story and Evolution of Doodles - G_6e786d/h2_Weve created more than 5,000 Doodles ove_111429' is visible

07-06-2024T13:45:10 - [MESSAGE][PASSED] - Object 'Object Repository/Page_The Story and Evolution of Doodles - G_6e786d/h2_Weve created more than 5,000 Doodles ove_111429' is visible

07-06-2024T13:45:10 - [TEST_STEP][PASSED] - click(findTestObject("Object Repository/Page_The Story and Evolution of Doodles - G_6e786d/p_The first Doodle was a simple out-of-offi_345e61")): Object: 'Object Repository/Page_The Story and Evolution of Doodles - G_6e786d/p_The first Doodle was a simple out-of-offi_345e61' is clicked on

07-06-2024T13:45:11 - [MESSAGE][PASSED] - Object: 'Object Repository/Page_The Story and Evolution of Doodles - G_6e786d/p_The first Doodle was a simple out-of-offi_345e61' is clicked on

07-06-2024T13:45:11 - [TEST_STEP][PASSED] - verifyElementVisible(findTestObject("Object Repository/Page_The Story and Evolution of Doodles - G_6e786d/h1_The story behind Doodles")): Object 'Object Repository/Page_The Story and Evolution of Doodles - G_6e786d/h1_The story behind Doodles' is visible

07-06-2024T13:45:11 - [MESSAGE][PASSED] - Object 'Object Repository/Page_The Story and Evolution of Doodles - G_6e786d/h1_The story behind Doodles' is visible

07-06-2024T13:45:11 - [TEST_STEP][PASSED] - verifyElementVisible(findTestObject("Object Repository/Page_The Story and Evolution of Doodles - G_6e786d/p_The first Doodle was a simple out-of-offi_345e61")): Object 'Object Repository/Page_The Story and Evolution of Doodles - G_6e786d/p_The first Doodle was a simple out-of-offi_345e61' is visible

07-06-2024T13:45:11 - [MESSAGE][PASSED] - Object 'Object Repository/Page_The Story and Evolution of Doodles - G_6e786d/p_The first Doodle was a simple out-of-offi_345e61' is visible

07-06-2024T13:45:11 - [TEST_STEP][PASSED] - verifyElementVisible(findTestObject("Object Repository/Page_The Story and Evolution of Doodles - G_6e786d/h2_Weve created more than 5,000 Doodles ove_111429")): Object 'Object Repository/Page_The Story and Evolution of Doodles - G_6e786d/h2_Weve created more than 5,000 Doodles ove_111429' is visible

07-06-2024T13:45:11 - [MESSAGE][PASSED] - Object 'Object Repository/Page_The Story and Evolution of Doodles - G_6e786d/h2_Weve created more than 5,000 Doodles ove_111429' is visible

07-06-2024T13:45:11 - [TEST_STEP][PASSED] - click(findTestObject("Object Repository/Page_The Story and Evolution of Doodles - G_6e786d/p_The first Doodle was a simple out-of-offi_345e61")): Object: 'Object Repository/Page_The Story and Evolution of Doodles - G_6e786d/p_The first Doodle was a simple out-of-offi_345e61' is clicked on

07-06-2024T13:45:11 - [MESSAGE][PASSED] - Object: 'Object Repository/Page_The Story and Evolution of Doodles - G_6e786d/p_The first Doodle was a simple out-of-offi_345e61' is clicked on

07-06-2024T13:45:11 - [TEST_STEP][PASSED] - verifyElementVisible(findTestObject("Object Repository/Page_The Story and Evolution of Doodles - G_6e786d/h1_The story behind Doodles")): Object 'Object Repository/Page_The Story and Evolution of Doodles - G_6e786d/h1_The story behind Doodles' is visible

07-06-2024T13:45:11 - [MESSAGE][PASSED] - Object 'Object Repository/Page_The Story and Evolution of Doodles - G_6e786d/h1_The story behind Doodles' is visible

07-06-2024T13:45:11 - [TEST_STEP][PASSED] - verifyElementVisible(findTestObject("Object Repository/Page_The Story and Evolution of Doodles - G_6e786d/p_The first Doodle was a simple out-of-offi_345e61")): Object 'Object Repository/Page_The Story and Evolution of Doodles - G_6e786d/p_The first Doodle was a simple out-of-offi_345e61' is visible

07-06-2024T13:45:11 - [MESSAGE][PASSED] - Object 'Object Repository/Page_The Story and Evolution of Doodles - G_6e786d/p_The first Doodle was a simple out-of-offi_345e61' is visible

07-06-2024T13:45:11 - [TEST_STEP][PASSED] - verifyElementVisible(findTestObject("Object Repository/Page_The Story and Evolution of Doodles - G_6e786d/h2_Weve created more than 5,000 Doodles ove_111429")): Object 'Object Repository/Page_The Story and Evolution of Doodles - G_6e786d/h2_Weve created more than 5,000 Doodles ove_111429' is visible

07-06-2024T13:45:11 - [MESSAGE][PASSED] - Object 'Object Repository/Page_The Story and Evolution of Doodles - G_6e786d/h2_Weve created more than 5,000 Doodles ove_111429' is visible

07-06-2024T13:45:11 - [TEST_STEP][PASSED] - click(findTestObject("Object Repository/Page_The Story and Evolution of Doodles - G_6e786d/p_The first Doodle was a simple out-of-offi_345e61")): Object: 'Object Repository/Page_The Story and Evolution of Doodles - G_6e786d/p_The first Doodle was a simple out-of-offi_345e61' is clicked on

07-06-2024T13:45:12 - [MESSAGE][PASSED] - Object: 'Object Repository/Page_The Story and Evolution of Doodles - G_6e786d/p_The first Doodle was a simple out-of-offi_345e61' is clicked on

07-06-2024T13:45:12 - [TEST_STEP][PASSED] - verifyElementVisible(findTestObject("Object Repository/Page_The Story and Evolution of Doodles - G_6e786d/h1_The story behind Doodles")): Object 'Object Repository/Page_The Story and Evolution of Doodles - G_6e786d/h1_The story behind Doodles' is visible

07-06-2024T13:45:12 - [MESSAGE][PASSED] - Object 'Object Repository/Page_The Story and Evolution of Doodles - G_6e786d/h1_The story behind Doodles' is visible

07-06-2024T13:45:12 - [TEST_STEP][PASSED] - verifyElementVisible(findTestObject("Object Repository/Page_The Story and Evolution of Doodles - G_6e786d/p_The first Doodle was a simple out-of-offi_345e61")): Object 'Object Repository/Page_The Story and Evolution of Doodles - G_6e786d/p_The first Doodle was a simple out-of-offi_345e61' is visible

07-06-2024T13:45:12 - [MESSAGE][PASSED] - Object 'Object Repository/Page_The Story and Evolution of Doodles - G_6e786d/p_The first Doodle was a simple out-of-offi_345e61' is visible

07-06-2024T13:45:12 - [TEST_STEP][PASSED] - verifyElementVisible(findTestObject("Object Repository/Page_The Story and Evolution of Doodles - G_6e786d/h2_Weve created more than 5,000 Doodles ove_111429")): Object 'Object Repository/Page_The Story and Evolution of Doodles - G_6e786d/h2_Weve created more than 5,000 Doodles ove_111429' is visible

07-06-2024T13:45:12 - [MESSAGE][PASSED] - Object 'Object Repository/Page_The Story and Evolution of Doodles - G_6e786d/h2_Weve created more than 5,000 Doodles ove_111429' is visible

07-06-2024T13:45:12 - [TEST_STEP][PASSED] - click(findTestObject("Object Repository/Page_The Story and Evolution of Doodles - G_6e786d/p_The first Doodle was a simple out-of-offi_345e61")): Object: 'Object Repository/Page_The Story and Evolution of Doodles - G_6e786d/p_The first Doodle was a simple out-of-offi_345e61' is clicked on

07-06-2024T13:45:12 - [MESSAGE][PASSED] - Object: 'Object Repository/Page_The Story and Evolution of Doodles - G_6e786d/p_The first Doodle was a simple out-of-offi_345e61' is clicked on

07-06-2024T13:45:12 - [TEST_STEP][PASSED] - verifyElementVisible(findTestObject("Object Repository/Page_The Story and Evolution of Doodles - G_6e786d/h1_The story behind Doodles")): Object 'Object Repository/Page_The Story and Evolution of Doodles - G_6e786d/h1_The story behind Doodles' is visible

07-06-2024T13:45:12 - [MESSAGE][PASSED] - Object 'Object Repository/Page_The Story and Evolution of Doodles - G_6e786d/h1_The story behind Doodles' is visible

07-06-2024T13:45:12 - [TEST_STEP][PASSED] - verifyElementVisible(findTestObject("Object Repository/Page_The Story and Evolution of Doodles - G_6e786d/p_The first Doodle was a simple out-of-offi_345e61")): Object 'Object Repository/Page_The Story and Evolution of Doodles - G_6e786d/p_The first Doodle was a simple out-of-offi_345e61' is visible

07-06-2024T13:45:12 - [MESSAGE][PASSED] - Object 'Object Repository/Page_The Story and Evolution of Doodles - G_6e786d/p_The first Doodle was a simple out-of-offi_345e61' is visible

07-06-2024T13:45:12 - [TEST_STEP][PASSED] - verifyElementVisible(findTestObject("Object Repository/Page_The Story and Evolution of Doodles - G_6e786d/h2_Weve created more than 5,000 Doodles ove_111429")): Object 'Object Repository/Page_The Story and Evolution of Doodles - G_6e786d/h2_Weve created more than 5,000 Doodles ove_111429' is visible

07-06-2024T13:45:12 - [MESSAGE][PASSED] - Object 'Object Repository/Page_The Story and Evolution of Doodles - G_6e786d/h2_Weve created more than 5,000 Doodles ove_111429' is visible

07-06-2024T13:45:12 - [TEST_STEP][PASSED] - click(findTestObject("Object Repository/Page_The Story and Evolution of Doodles - G_6e786d/p_The first Doodle was a simple out-of-offi_345e61")): Object: 'Object Repository/Page_The Story and Evolution of Doodles - G_6e786d/p_The first Doodle was a simple out-of-offi_345e61' is clicked on

07-06-2024T13:45:12 - [MESSAGE][PASSED] - Object: 'Object Repository/Page_The Story and Evolution of Doodles - G_6e786d/p_The first Doodle was a simple out-of-offi_345e61' is clicked on

07-06-2024T13:45:12 - [TEST_STEP][PASSED] - verifyElementVisible(findTestObject("Object Repository/Page_The Story and Evolution of Doodles - G_6e786d/h1_The story behind Doodles")): Object 'Object Repository/Page_The Story and Evolution of Doodles - G_6e786d/h1_The story behind Doodles' is visible

07-06-2024T13:45:12 - [MESSAGE][PASSED] - Object 'Object Repository/Page_The Story and Evolution of Doodles - G_6e786d/h1_The story behind Doodles' is visible

07-06-2024T13:45:12 - [TEST_STEP][PASSED] - verifyElementVisible(findTestObject("Object Repository/Page_The Story and Evolution of Doodles - G_6e786d/p_The first Doodle was a simple out-of-offi_345e61")): Object 'Object Repository/Page_The Story and Evolution of Doodles - G_6e786d/p_The first Doodle was a simple out-of-offi_345e61' is visible

07-06-2024T13:45:12 - [MESSAGE][PASSED] - Object 'Object Repository/Page_The Story and Evolution of Doodles - G_6e786d/p_The first Doodle was a simple out-of-offi_345e61' is visible

07-06-2024T13:45:12 - [TEST_STEP][PASSED] - verifyElementVisible(findTestObject("Object Repository/Page_The Story and Evolution of Doodles - G_6e786d/h2_Weve created more than 5,000 Doodles ove_111429")): Object 'Object Repository/Page_The Story and Evolution of Doodles - G_6e786d/h2_Weve created more than 5,000 Doodles ove_111429' is visible

07-06-2024T13:45:13 - [MESSAGE][PASSED] - Object 'Object Repository/Page_The Story and Evolution of Doodles - G_6e786d/h2_Weve created more than 5,000 Doodles ove_111429' is visible

07-06-2024T13:45:13 - [TEST_STEP][PASSED] - click(findTestObject("Object Repository/Page_The Story and Evolution of Doodles - G_6e786d/p_The first Doodle was a simple out-of-offi_345e61")): Object: 'Object Repository/Page_The Story and Evolution of Doodles - G_6e786d/p_The first Doodle was a simple out-of-offi_345e61' is clicked on

07-06-2024T13:45:13 - [MESSAGE][PASSED] - Object: 'Object Repository/Page_The Story and Evolution of Doodles - G_6e786d/p_The first Doodle was a simple out-of-offi_345e61' is clicked on

07-06-2024T13:45:13 - [TEST_STEP][PASSED] - verifyElementVisible(findTestObject("Object Repository/Page_The Story and Evolution of Doodles - G_6e786d/h1_The story behind Doodles")): Object 'Object Repository/Page_The Story and Evolution of Doodles - G_6e786d/h1_The story behind Doodles' is visible

07-06-2024T13:45:13 - [MESSAGE][PASSED] - Object 'Object Repository/Page_The Story and Evolution of Doodles - G_6e786d/h1_The story behind Doodles' is visible

07-06-2024T13:45:13 - [TEST_STEP][PASSED] - verifyElementVisible(findTestObject("Object Repository/Page_The Story and Evolution of Doodles - G_6e786d/p_The first Doodle was a simple out-of-offi_345e61")): Object 'Object Repository/Page_The Story and Evolution of Doodles - G_6e786d/p_The first Doodle was a simple out-of-offi_345e61' is visible

07-06-2024T13:45:13 - [MESSAGE][PASSED] - Object 'Object Repository/Page_The Story and Evolution of Doodles - G_6e786d/p_The first Doodle was a simple out-of-offi_345e61' is visible

07-06-2024T13:45:13 - [TEST_STEP][PASSED] - verifyElementVisible(findTestObject("Object Repository/Page_The Story and Evolution of Doodles - G_6e786d/h2_Weve created more than 5,000 Doodles ove_111429")): Object 'Object Repository/Page_The Story and Evolution of Doodles - G_6e786d/h2_Weve created more than 5,000 Doodles ove_111429' is visible

07-06-2024T13:45:13 - [MESSAGE][PASSED] - Object 'Object Repository/Page_The Story and Evolution of Doodles - G_6e786d/h2_Weve created more than 5,000 Doodles ove_111429' is visible

07-06-2024T13:45:13 - [TEST_STEP][PASSED] - click(findTestObject("Object Repository/Page_The Story and Evolution of Doodles - G_6e786d/p_The first Doodle was a simple out-of-offi_345e61")): Object: 'Object Repository/Page_The Story and Evolution of Doodles - G_6e786d/p_The first Doodle was a simple out-of-offi_345e61' is clicked on

07-06-2024T13:45:13 - [MESSAGE][PASSED] - Object: 'Object Repository/Page_The Story and Evolution of Doodles - G_6e786d/p_The first Doodle was a simple out-of-offi_345e61' is clicked on

07-06-2024T13:45:13 - [TEST_STEP][PASSED] - verifyElementVisible(findTestObject("Object Repository/Page_The Story and Evolution of Doodles - G_6e786d/h1_The story behind Doodles")): Object 'Object Repository/Page_The Story and Evolution of Doodles - G_6e786d/h1_The story behind Doodles' is visible

07-06-2024T13:45:13 - [MESSAGE][PASSED] - Object 'Object Repository/Page_The Story and Evolution of Doodles - G_6e786d/h1_The story behind Doodles' is visible

07-06-2024T13:45:13 - [TEST_STEP][PASSED] - verifyElementVisible(findTestObject("Object Repository/Page_The Story and Evolution of Doodles - G_6e786d/p_The first Doodle was a simple out-of-offi_345e61")): Object 'Object Repository/Page_The Story and Evolution of Doodles - G_6e786d/p_The first Doodle was a simple out-of-offi_345e61' is visible

07-06-2024T13:45:13 - [MESSAGE][PASSED] - Object 'Object Repository/Page_The Story and Evolution of Doodles - G_6e786d/p_The first Doodle was a simple out-of-offi_345e61' is visible

07-06-2024T13:45:13 - [TEST_STEP][PASSED] - verifyElementVisible(findTestObject("Object Repository/Page_The Story and Evolution of Doodles - G_6e786d/h2_Weve created more than 5,000 Doodles ove_111429")): Object 'Object Repository/Page_The Story and Evolution of Doodles - G_6e786d/h2_Weve created more than 5,000 Doodles ove_111429' is visible

07-06-2024T13:45:13 - [MESSAGE][PASSED] - Object 'Object Repository/Page_The Story and Evolution of Doodles - G_6e786d/h2_Weve created more than 5,000 Doodles ove_111429' is visible]]></system-out>
         <system-err><![CDATA[]]></system-err>
      </testcase>
      <testcase name="Test Cases/test case folder 1/tc1 - Copy (3)" time="9.252" classname="Test Cases/test case folder 1/tc1 - Copy (3)" status="PASSED">
         <system-out><![CDATA[07-06-2024T13:45:13 - [TEST_CASE][PASSED] - Test Cases/test case folder 1/tc1 - Copy (3): Test Cases/test case folder 1/tc1 - Copy (3)

07-06-2024T13:45:13 - [TEST_STEP][PASSED] - openBrowser(""): Browser is opened with url: ''

07-06-2024T13:45:13 - [MESSAGE][WARNING] - A browser is already opened. Closing browser and opening a new one

07-06-2024T13:45:14 - [MESSAGE][INFO] - Starting 'Firefox (headless)' driver

07-06-2024T13:45:14 - [MESSAGE][INFO] - Action delay is set to 0 milliseconds

07-06-2024T13:45:16 - [MESSAGE][PASSED] - Browser is opened with url: ''

07-06-2024T13:45:16 - [TEST_STEP][PASSED] - navigateToUrl("https://doodles.google/about/"): Navigate to 'https://doodles.google/about/' successfully

07-06-2024T13:45:18 - [MESSAGE][PASSED] - Navigate to 'https://doodles.google/about/' successfully

07-06-2024T13:45:18 - [TEST_STEP][PASSED] - click(findTestObject("Object Repository/Page_The Story and Evolution of Doodles - G_6e786d/p_The first Doodle was a simple out-of-offi_345e61")): Object: 'Object Repository/Page_The Story and Evolution of Doodles - G_6e786d/p_The first Doodle was a simple out-of-offi_345e61' is clicked on

07-06-2024T13:45:18 - [MESSAGE][PASSED] - Object: 'Object Repository/Page_The Story and Evolution of Doodles - G_6e786d/p_The first Doodle was a simple out-of-offi_345e61' is clicked on

07-06-2024T13:45:18 - [TEST_STEP][PASSED] - click(findTestObject("Object Repository/Page_The Story and Evolution of Doodles - G_6e786d/p_The first Doodle was a simple out-of-offi_345e61")): Object: 'Object Repository/Page_The Story and Evolution of Doodles - G_6e786d/p_The first Doodle was a simple out-of-offi_345e61' is clicked on

07-06-2024T13:45:19 - [MESSAGE][PASSED] - Object: 'Object Repository/Page_The Story and Evolution of Doodles - G_6e786d/p_The first Doodle was a simple out-of-offi_345e61' is clicked on

07-06-2024T13:45:19 - [TEST_STEP][PASSED] - verifyElementVisible(findTestObject("Object Repository/Page_The Story and Evolution of Doodles - G_6e786d/h1_The story behind Doodles")): Object 'Object Repository/Page_The Story and Evolution of Doodles - G_6e786d/h1_The story behind Doodles' is visible

07-06-2024T13:45:19 - [MESSAGE][PASSED] - Object 'Object Repository/Page_The Story and Evolution of Doodles - G_6e786d/h1_The story behind Doodles' is visible

07-06-2024T13:45:19 - [TEST_STEP][PASSED] - verifyElementVisible(findTestObject("Object Repository/Page_The Story and Evolution of Doodles - G_6e786d/p_The first Doodle was a simple out-of-offi_345e61")): Object 'Object Repository/Page_The Story and Evolution of Doodles - G_6e786d/p_The first Doodle was a simple out-of-offi_345e61' is visible

07-06-2024T13:45:19 - [MESSAGE][PASSED] - Object 'Object Repository/Page_The Story and Evolution of Doodles - G_6e786d/p_The first Doodle was a simple out-of-offi_345e61' is visible

07-06-2024T13:45:19 - [TEST_STEP][PASSED] - verifyElementVisible(findTestObject("Object Repository/Page_The Story and Evolution of Doodles - G_6e786d/h2_Weve created more than 5,000 Doodles ove_111429")): Object 'Object Repository/Page_The Story and Evolution of Doodles - G_6e786d/h2_Weve created more than 5,000 Doodles ove_111429' is visible

07-06-2024T13:45:19 - [MESSAGE][PASSED] - Object 'Object Repository/Page_The Story and Evolution of Doodles - G_6e786d/h2_Weve created more than 5,000 Doodles ove_111429' is visible

07-06-2024T13:45:19 - [TEST_STEP][PASSED] - verifyElementVisible(findTestObject("Object Repository/Page_The Story and Evolution of Doodles - G_6e786d/h1_The story behind Doodles")): Object 'Object Repository/Page_The Story and Evolution of Doodles - G_6e786d/h1_The story behind Doodles' is visible

07-06-2024T13:45:19 - [MESSAGE][PASSED] - Object 'Object Repository/Page_The Story and Evolution of Doodles - G_6e786d/h1_The story behind Doodles' is visible

07-06-2024T13:45:19 - [TEST_STEP][PASSED] - verifyElementVisible(findTestObject("Object Repository/Page_The Story and Evolution of Doodles - G_6e786d/p_The first Doodle was a simple out-of-offi_345e61")): Object 'Object Repository/Page_The Story and Evolution of Doodles - G_6e786d/p_The first Doodle was a simple out-of-offi_345e61' is visible

07-06-2024T13:45:19 - [MESSAGE][PASSED] - Object 'Object Repository/Page_The Story and Evolution of Doodles - G_6e786d/p_The first Doodle was a simple out-of-offi_345e61' is visible

07-06-2024T13:45:19 - [TEST_STEP][PASSED] - verifyElementVisible(findTestObject("Object Repository/Page_The Story and Evolution of Doodles - G_6e786d/h2_Weve created more than 5,000 Doodles ove_111429")): Object 'Object Repository/Page_The Story and Evolution of Doodles - G_6e786d/h2_Weve created more than 5,000 Doodles ove_111429' is visible

07-06-2024T13:45:19 - [MESSAGE][PASSED] - Object 'Object Repository/Page_The Story and Evolution of Doodles - G_6e786d/h2_Weve created more than 5,000 Doodles ove_111429' is visible

07-06-2024T13:45:19 - [TEST_STEP][PASSED] - click(findTestObject("Object Repository/Page_The Story and Evolution of Doodles - G_6e786d/p_The first Doodle was a simple out-of-offi_345e61")): Object: 'Object Repository/Page_The Story and Evolution of Doodles - G_6e786d/p_The first Doodle was a simple out-of-offi_345e61' is clicked on

07-06-2024T13:45:19 - [MESSAGE][PASSED] - Object: 'Object Repository/Page_The Story and Evolution of Doodles - G_6e786d/p_The first Doodle was a simple out-of-offi_345e61' is clicked on

07-06-2024T13:45:19 - [TEST_STEP][PASSED] - verifyElementVisible(findTestObject("Object Repository/Page_The Story and Evolution of Doodles - G_6e786d/h1_The story behind Doodles")): Object 'Object Repository/Page_The Story and Evolution of Doodles - G_6e786d/h1_The story behind Doodles' is visible

07-06-2024T13:45:19 - [MESSAGE][PASSED] - Object 'Object Repository/Page_The Story and Evolution of Doodles - G_6e786d/h1_The story behind Doodles' is visible

07-06-2024T13:45:19 - [TEST_STEP][PASSED] - verifyElementVisible(findTestObject("Object Repository/Page_The Story and Evolution of Doodles - G_6e786d/p_The first Doodle was a simple out-of-offi_345e61")): Object 'Object Repository/Page_The Story and Evolution of Doodles - G_6e786d/p_The first Doodle was a simple out-of-offi_345e61' is visible

07-06-2024T13:45:19 - [MESSAGE][PASSED] - Object 'Object Repository/Page_The Story and Evolution of Doodles - G_6e786d/p_The first Doodle was a simple out-of-offi_345e61' is visible

07-06-2024T13:45:19 - [TEST_STEP][PASSED] - verifyElementVisible(findTestObject("Object Repository/Page_The Story and Evolution of Doodles - G_6e786d/h2_Weve created more than 5,000 Doodles ove_111429")): Object 'Object Repository/Page_The Story and Evolution of Doodles - G_6e786d/h2_Weve created more than 5,000 Doodles ove_111429' is visible

07-06-2024T13:45:19 - [MESSAGE][PASSED] - Object 'Object Repository/Page_The Story and Evolution of Doodles - G_6e786d/h2_Weve created more than 5,000 Doodles ove_111429' is visible

07-06-2024T13:45:19 - [TEST_STEP][PASSED] - click(findTestObject("Object Repository/Page_The Story and Evolution of Doodles - G_6e786d/p_The first Doodle was a simple out-of-offi_345e61")): Object: 'Object Repository/Page_The Story and Evolution of Doodles - G_6e786d/p_The first Doodle was a simple out-of-offi_345e61' is clicked on

07-06-2024T13:45:20 - [MESSAGE][PASSED] - Object: 'Object Repository/Page_The Story and Evolution of Doodles - G_6e786d/p_The first Doodle was a simple out-of-offi_345e61' is clicked on

07-06-2024T13:45:20 - [TEST_STEP][PASSED] - verifyElementVisible(findTestObject("Object Repository/Page_The Story and Evolution of Doodles - G_6e786d/h1_The story behind Doodles")): Object 'Object Repository/Page_The Story and Evolution of Doodles - G_6e786d/h1_The story behind Doodles' is visible

07-06-2024T13:45:20 - [MESSAGE][PASSED] - Object 'Object Repository/Page_The Story and Evolution of Doodles - G_6e786d/h1_The story behind Doodles' is visible

07-06-2024T13:45:20 - [TEST_STEP][PASSED] - verifyElementVisible(findTestObject("Object Repository/Page_The Story and Evolution of Doodles - G_6e786d/p_The first Doodle was a simple out-of-offi_345e61")): Object 'Object Repository/Page_The Story and Evolution of Doodles - G_6e786d/p_The first Doodle was a simple out-of-offi_345e61' is visible

07-06-2024T13:45:20 - [MESSAGE][PASSED] - Object 'Object Repository/Page_The Story and Evolution of Doodles - G_6e786d/p_The first Doodle was a simple out-of-offi_345e61' is visible

07-06-2024T13:45:20 - [TEST_STEP][PASSED] - verifyElementVisible(findTestObject("Object Repository/Page_The Story and Evolution of Doodles - G_6e786d/h2_Weve created more than 5,000 Doodles ove_111429")): Object 'Object Repository/Page_The Story and Evolution of Doodles - G_6e786d/h2_Weve created more than 5,000 Doodles ove_111429' is visible

07-06-2024T13:45:20 - [MESSAGE][PASSED] - Object 'Object Repository/Page_The Story and Evolution of Doodles - G_6e786d/h2_Weve created more than 5,000 Doodles ove_111429' is visible

07-06-2024T13:45:20 - [TEST_STEP][PASSED] - click(findTestObject("Object Repository/Page_The Story and Evolution of Doodles - G_6e786d/p_The first Doodle was a simple out-of-offi_345e61")): Object: 'Object Repository/Page_The Story and Evolution of Doodles - G_6e786d/p_The first Doodle was a simple out-of-offi_345e61' is clicked on

07-06-2024T13:45:20 - [MESSAGE][PASSED] - Object: 'Object Repository/Page_The Story and Evolution of Doodles - G_6e786d/p_The first Doodle was a simple out-of-offi_345e61' is clicked on

07-06-2024T13:45:20 - [TEST_STEP][PASSED] - verifyElementVisible(findTestObject("Object Repository/Page_The Story and Evolution of Doodles - G_6e786d/h1_The story behind Doodles")): Object 'Object Repository/Page_The Story and Evolution of Doodles - G_6e786d/h1_The story behind Doodles' is visible

07-06-2024T13:45:20 - [MESSAGE][PASSED] - Object 'Object Repository/Page_The Story and Evolution of Doodles - G_6e786d/h1_The story behind Doodles' is visible

07-06-2024T13:45:20 - [TEST_STEP][PASSED] - verifyElementVisible(findTestObject("Object Repository/Page_The Story and Evolution of Doodles - G_6e786d/p_The first Doodle was a simple out-of-offi_345e61")): Object 'Object Repository/Page_The Story and Evolution of Doodles - G_6e786d/p_The first Doodle was a simple out-of-offi_345e61' is visible

07-06-2024T13:45:20 - [MESSAGE][PASSED] - Object 'Object Repository/Page_The Story and Evolution of Doodles - G_6e786d/p_The first Doodle was a simple out-of-offi_345e61' is visible

07-06-2024T13:45:20 - [TEST_STEP][PASSED] - verifyElementVisible(findTestObject("Object Repository/Page_The Story and Evolution of Doodles - G_6e786d/h2_Weve created more than 5,000 Doodles ove_111429")): Object 'Object Repository/Page_The Story and Evolution of Doodles - G_6e786d/h2_Weve created more than 5,000 Doodles ove_111429' is visible

07-06-2024T13:45:20 - [MESSAGE][PASSED] - Object 'Object Repository/Page_The Story and Evolution of Doodles - G_6e786d/h2_Weve created more than 5,000 Doodles ove_111429' is visible

07-06-2024T13:45:20 - [TEST_STEP][PASSED] - click(findTestObject("Object Repository/Page_The Story and Evolution of Doodles - G_6e786d/p_The first Doodle was a simple out-of-offi_345e61")): Object: 'Object Repository/Page_The Story and Evolution of Doodles - G_6e786d/p_The first Doodle was a simple out-of-offi_345e61' is clicked on

07-06-2024T13:45:20 - [MESSAGE][PASSED] - Object: 'Object Repository/Page_The Story and Evolution of Doodles - G_6e786d/p_The first Doodle was a simple out-of-offi_345e61' is clicked on

07-06-2024T13:45:20 - [TEST_STEP][PASSED] - verifyElementVisible(findTestObject("Object Repository/Page_The Story and Evolution of Doodles - G_6e786d/h1_The story behind Doodles")): Object 'Object Repository/Page_The Story and Evolution of Doodles - G_6e786d/h1_The story behind Doodles' is visible

07-06-2024T13:45:20 - [MESSAGE][PASSED] - Object 'Object Repository/Page_The Story and Evolution of Doodles - G_6e786d/h1_The story behind Doodles' is visible

07-06-2024T13:45:20 - [TEST_STEP][PASSED] - verifyElementVisible(findTestObject("Object Repository/Page_The Story and Evolution of Doodles - G_6e786d/p_The first Doodle was a simple out-of-offi_345e61")): Object 'Object Repository/Page_The Story and Evolution of Doodles - G_6e786d/p_The first Doodle was a simple out-of-offi_345e61' is visible

07-06-2024T13:45:21 - [MESSAGE][PASSED] - Object 'Object Repository/Page_The Story and Evolution of Doodles - G_6e786d/p_The first Doodle was a simple out-of-offi_345e61' is visible

07-06-2024T13:45:21 - [TEST_STEP][PASSED] - verifyElementVisible(findTestObject("Object Repository/Page_The Story and Evolution of Doodles - G_6e786d/h2_Weve created more than 5,000 Doodles ove_111429")): Object 'Object Repository/Page_The Story and Evolution of Doodles - G_6e786d/h2_Weve created more than 5,000 Doodles ove_111429' is visible

07-06-2024T13:45:21 - [MESSAGE][PASSED] - Object 'Object Repository/Page_The Story and Evolution of Doodles - G_6e786d/h2_Weve created more than 5,000 Doodles ove_111429' is visible

07-06-2024T13:45:21 - [TEST_STEP][PASSED] - click(findTestObject("Object Repository/Page_The Story and Evolution of Doodles - G_6e786d/p_The first Doodle was a simple out-of-offi_345e61")): Object: 'Object Repository/Page_The Story and Evolution of Doodles - G_6e786d/p_The first Doodle was a simple out-of-offi_345e61' is clicked on

07-06-2024T13:45:21 - [MESSAGE][PASSED] - Object: 'Object Repository/Page_The Story and Evolution of Doodles - G_6e786d/p_The first Doodle was a simple out-of-offi_345e61' is clicked on

07-06-2024T13:45:21 - [TEST_STEP][PASSED] - verifyElementVisible(findTestObject("Object Repository/Page_The Story and Evolution of Doodles - G_6e786d/h1_The story behind Doodles")): Object 'Object Repository/Page_The Story and Evolution of Doodles - G_6e786d/h1_The story behind Doodles' is visible

07-06-2024T13:45:21 - [MESSAGE][PASSED] - Object 'Object Repository/Page_The Story and Evolution of Doodles - G_6e786d/h1_The story behind Doodles' is visible

07-06-2024T13:45:21 - [TEST_STEP][PASSED] - verifyElementVisible(findTestObject("Object Repository/Page_The Story and Evolution of Doodles - G_6e786d/p_The first Doodle was a simple out-of-offi_345e61")): Object 'Object Repository/Page_The Story and Evolution of Doodles - G_6e786d/p_The first Doodle was a simple out-of-offi_345e61' is visible

07-06-2024T13:45:21 - [MESSAGE][PASSED] - Object 'Object Repository/Page_The Story and Evolution of Doodles - G_6e786d/p_The first Doodle was a simple out-of-offi_345e61' is visible

07-06-2024T13:45:21 - [TEST_STEP][PASSED] - verifyElementVisible(findTestObject("Object Repository/Page_The Story and Evolution of Doodles - G_6e786d/h2_Weve created more than 5,000 Doodles ove_111429")): Object 'Object Repository/Page_The Story and Evolution of Doodles - G_6e786d/h2_Weve created more than 5,000 Doodles ove_111429' is visible

07-06-2024T13:45:21 - [MESSAGE][PASSED] - Object 'Object Repository/Page_The Story and Evolution of Doodles - G_6e786d/h2_Weve created more than 5,000 Doodles ove_111429' is visible

07-06-2024T13:45:21 - [TEST_STEP][PASSED] - click(findTestObject("Object Repository/Page_The Story and Evolution of Doodles - G_6e786d/p_The first Doodle was a simple out-of-offi_345e61")): Object: 'Object Repository/Page_The Story and Evolution of Doodles - G_6e786d/p_The first Doodle was a simple out-of-offi_345e61' is clicked on

07-06-2024T13:45:21 - [MESSAGE][PASSED] - Object: 'Object Repository/Page_The Story and Evolution of Doodles - G_6e786d/p_The first Doodle was a simple out-of-offi_345e61' is clicked on

07-06-2024T13:45:21 - [TEST_STEP][PASSED] - verifyElementVisible(findTestObject("Object Repository/Page_The Story and Evolution of Doodles - G_6e786d/h1_The story behind Doodles")): Object 'Object Repository/Page_The Story and Evolution of Doodles - G_6e786d/h1_The story behind Doodles' is visible

07-06-2024T13:45:21 - [MESSAGE][PASSED] - Object 'Object Repository/Page_The Story and Evolution of Doodles - G_6e786d/h1_The story behind Doodles' is visible

07-06-2024T13:45:21 - [TEST_STEP][PASSED] - verifyElementVisible(findTestObject("Object Repository/Page_The Story and Evolution of Doodles - G_6e786d/p_The first Doodle was a simple out-of-offi_345e61")): Object 'Object Repository/Page_The Story and Evolution of Doodles - G_6e786d/p_The first Doodle was a simple out-of-offi_345e61' is visible

07-06-2024T13:45:21 - [MESSAGE][PASSED] - Object 'Object Repository/Page_The Story and Evolution of Doodles - G_6e786d/p_The first Doodle was a simple out-of-offi_345e61' is visible

07-06-2024T13:45:21 - [TEST_STEP][PASSED] - verifyElementVisible(findTestObject("Object Repository/Page_The Story and Evolution of Doodles - G_6e786d/h2_Weve created more than 5,000 Doodles ove_111429")): Object 'Object Repository/Page_The Story and Evolution of Doodles - G_6e786d/h2_Weve created more than 5,000 Doodles ove_111429' is visible

07-06-2024T13:45:21 - [MESSAGE][PASSED] - Object 'Object Repository/Page_The Story and Evolution of Doodles - G_6e786d/h2_Weve created more than 5,000 Doodles ove_111429' is visible

07-06-2024T13:45:21 - [TEST_STEP][PASSED] - click(findTestObject("Object Repository/Page_The Story and Evolution of Doodles - G_6e786d/p_The first Doodle was a simple out-of-offi_345e61")): Object: 'Object Repository/Page_The Story and Evolution of Doodles - G_6e786d/p_The first Doodle was a simple out-of-offi_345e61' is clicked on

07-06-2024T13:45:22 - [MESSAGE][PASSED] - Object: 'Object Repository/Page_The Story and Evolution of Doodles - G_6e786d/p_The first Doodle was a simple out-of-offi_345e61' is clicked on

07-06-2024T13:45:22 - [TEST_STEP][PASSED] - verifyElementVisible(findTestObject("Object Repository/Page_The Story and Evolution of Doodles - G_6e786d/h1_The story behind Doodles")): Object 'Object Repository/Page_The Story and Evolution of Doodles - G_6e786d/h1_The story behind Doodles' is visible

07-06-2024T13:45:22 - [MESSAGE][PASSED] - Object 'Object Repository/Page_The Story and Evolution of Doodles - G_6e786d/h1_The story behind Doodles' is visible

07-06-2024T13:45:22 - [TEST_STEP][PASSED] - verifyElementVisible(findTestObject("Object Repository/Page_The Story and Evolution of Doodles - G_6e786d/p_The first Doodle was a simple out-of-offi_345e61")): Object 'Object Repository/Page_The Story and Evolution of Doodles - G_6e786d/p_The first Doodle was a simple out-of-offi_345e61' is visible

07-06-2024T13:45:22 - [MESSAGE][PASSED] - Object 'Object Repository/Page_The Story and Evolution of Doodles - G_6e786d/p_The first Doodle was a simple out-of-offi_345e61' is visible

07-06-2024T13:45:22 - [TEST_STEP][PASSED] - verifyElementVisible(findTestObject("Object Repository/Page_The Story and Evolution of Doodles - G_6e786d/h2_Weve created more than 5,000 Doodles ove_111429")): Object 'Object Repository/Page_The Story and Evolution of Doodles - G_6e786d/h2_Weve created more than 5,000 Doodles ove_111429' is visible

07-06-2024T13:45:22 - [MESSAGE][PASSED] - Object 'Object Repository/Page_The Story and Evolution of Doodles - G_6e786d/h2_Weve created more than 5,000 Doodles ove_111429' is visible

07-06-2024T13:45:22 - [TEST_STEP][PASSED] - click(findTestObject("Object Repository/Page_The Story and Evolution of Doodles - G_6e786d/p_The first Doodle was a simple out-of-offi_345e61")): Object: 'Object Repository/Page_The Story and Evolution of Doodles - G_6e786d/p_The first Doodle was a simple out-of-offi_345e61' is clicked on

07-06-2024T13:45:22 - [MESSAGE][PASSED] - Object: 'Object Repository/Page_The Story and Evolution of Doodles - G_6e786d/p_The first Doodle was a simple out-of-offi_345e61' is clicked on

07-06-2024T13:45:22 - [TEST_STEP][PASSED] - verifyElementVisible(findTestObject("Object Repository/Page_The Story and Evolution of Doodles - G_6e786d/h1_The story behind Doodles")): Object 'Object Repository/Page_The Story and Evolution of Doodles - G_6e786d/h1_The story behind Doodles' is visible

07-06-2024T13:45:22 - [MESSAGE][PASSED] - Object 'Object Repository/Page_The Story and Evolution of Doodles - G_6e786d/h1_The story behind Doodles' is visible

07-06-2024T13:45:22 - [TEST_STEP][PASSED] - verifyElementVisible(findTestObject("Object Repository/Page_The Story and Evolution of Doodles - G_6e786d/p_The first Doodle was a simple out-of-offi_345e61")): Object 'Object Repository/Page_The Story and Evolution of Doodles - G_6e786d/p_The first Doodle was a simple out-of-offi_345e61' is visible

07-06-2024T13:45:22 - [MESSAGE][PASSED] - Object 'Object Repository/Page_The Story and Evolution of Doodles - G_6e786d/p_The first Doodle was a simple out-of-offi_345e61' is visible

07-06-2024T13:45:22 - [TEST_STEP][PASSED] - verifyElementVisible(findTestObject("Object Repository/Page_The Story and Evolution of Doodles - G_6e786d/h2_Weve created more than 5,000 Doodles ove_111429")): Object 'Object Repository/Page_The Story and Evolution of Doodles - G_6e786d/h2_Weve created more than 5,000 Doodles ove_111429' is visible

07-06-2024T13:45:22 - [MESSAGE][PASSED] - Object 'Object Repository/Page_The Story and Evolution of Doodles - G_6e786d/h2_Weve created more than 5,000 Doodles ove_111429' is visible

07-06-2024T13:45:22 - [TEST_STEP][PASSED] - click(findTestObject("Object Repository/Page_The Story and Evolution of Doodles - G_6e786d/p_The first Doodle was a simple out-of-offi_345e61")): Object: 'Object Repository/Page_The Story and Evolution of Doodles - G_6e786d/p_The first Doodle was a simple out-of-offi_345e61' is clicked on

07-06-2024T13:45:22 - [MESSAGE][PASSED] - Object: 'Object Repository/Page_The Story and Evolution of Doodles - G_6e786d/p_The first Doodle was a simple out-of-offi_345e61' is clicked on

07-06-2024T13:45:22 - [TEST_STEP][PASSED] - verifyElementVisible(findTestObject("Object Repository/Page_The Story and Evolution of Doodles - G_6e786d/h1_The story behind Doodles")): Object 'Object Repository/Page_The Story and Evolution of Doodles - G_6e786d/h1_The story behind Doodles' is visible

07-06-2024T13:45:23 - [MESSAGE][PASSED] - Object 'Object Repository/Page_The Story and Evolution of Doodles - G_6e786d/h1_The story behind Doodles' is visible

07-06-2024T13:45:23 - [TEST_STEP][PASSED] - verifyElementVisible(findTestObject("Object Repository/Page_The Story and Evolution of Doodles - G_6e786d/p_The first Doodle was a simple out-of-offi_345e61")): Object 'Object Repository/Page_The Story and Evolution of Doodles - G_6e786d/p_The first Doodle was a simple out-of-offi_345e61' is visible

07-06-2024T13:45:23 - [MESSAGE][PASSED] - Object 'Object Repository/Page_The Story and Evolution of Doodles - G_6e786d/p_The first Doodle was a simple out-of-offi_345e61' is visible

07-06-2024T13:45:23 - [TEST_STEP][PASSED] - verifyElementVisible(findTestObject("Object Repository/Page_The Story and Evolution of Doodles - G_6e786d/h2_Weve created more than 5,000 Doodles ove_111429")): Object 'Object Repository/Page_The Story and Evolution of Doodles - G_6e786d/h2_Weve created more than 5,000 Doodles ove_111429' is visible

07-06-2024T13:45:23 - [MESSAGE][PASSED] - Object 'Object Repository/Page_The Story and Evolution of Doodles - G_6e786d/h2_Weve created more than 5,000 Doodles ove_111429' is visible]]></system-out>
         <system-err><![CDATA[]]></system-err>
      </testcase>
      <testcase name="Test Cases/test case folder 1/tc1 - Copy (4)" time="8.901" classname="Test Cases/test case folder 1/tc1 - Copy (4)" status="PASSED">
         <system-out><![CDATA[07-06-2024T13:45:23 - [TEST_CASE][PASSED] - Test Cases/test case folder 1/tc1 - Copy (4): Test Cases/test case folder 1/tc1 - Copy (4)

07-06-2024T13:45:23 - [TEST_STEP][PASSED] - openBrowser(""): Browser is opened with url: ''

07-06-2024T13:45:23 - [MESSAGE][WARNING] - A browser is already opened. Closing browser and opening a new one

07-06-2024T13:45:24 - [MESSAGE][INFO] - Starting 'Firefox (headless)' driver

07-06-2024T13:45:24 - [MESSAGE][INFO] - Action delay is set to 0 milliseconds

07-06-2024T13:45:25 - [MESSAGE][PASSED] - Browser is opened with url: ''

07-06-2024T13:45:25 - [TEST_STEP][PASSED] - navigateToUrl("https://doodles.google/about/"): Navigate to 'https://doodles.google/about/' successfully

07-06-2024T13:45:27 - [MESSAGE][PASSED] - Navigate to 'https://doodles.google/about/' successfully

07-06-2024T13:45:27 - [TEST_STEP][PASSED] - click(findTestObject("Object Repository/Page_The Story and Evolution of Doodles - G_6e786d/p_The first Doodle was a simple out-of-offi_345e61")): Object: 'Object Repository/Page_The Story and Evolution of Doodles - G_6e786d/p_The first Doodle was a simple out-of-offi_345e61' is clicked on

07-06-2024T13:45:27 - [MESSAGE][PASSED] - Object: 'Object Repository/Page_The Story and Evolution of Doodles - G_6e786d/p_The first Doodle was a simple out-of-offi_345e61' is clicked on

07-06-2024T13:45:27 - [TEST_STEP][PASSED] - click(findTestObject("Object Repository/Page_The Story and Evolution of Doodles - G_6e786d/p_The first Doodle was a simple out-of-offi_345e61")): Object: 'Object Repository/Page_The Story and Evolution of Doodles - G_6e786d/p_The first Doodle was a simple out-of-offi_345e61' is clicked on

07-06-2024T13:45:28 - [MESSAGE][PASSED] - Object: 'Object Repository/Page_The Story and Evolution of Doodles - G_6e786d/p_The first Doodle was a simple out-of-offi_345e61' is clicked on

07-06-2024T13:45:28 - [TEST_STEP][PASSED] - verifyElementVisible(findTestObject("Object Repository/Page_The Story and Evolution of Doodles - G_6e786d/h1_The story behind Doodles")): Object 'Object Repository/Page_The Story and Evolution of Doodles - G_6e786d/h1_The story behind Doodles' is visible

07-06-2024T13:45:28 - [MESSAGE][PASSED] - Object 'Object Repository/Page_The Story and Evolution of Doodles - G_6e786d/h1_The story behind Doodles' is visible

07-06-2024T13:45:28 - [TEST_STEP][PASSED] - verifyElementVisible(findTestObject("Object Repository/Page_The Story and Evolution of Doodles - G_6e786d/p_The first Doodle was a simple out-of-offi_345e61")): Object 'Object Repository/Page_The Story and Evolution of Doodles - G_6e786d/p_The first Doodle was a simple out-of-offi_345e61' is visible

07-06-2024T13:45:28 - [MESSAGE][PASSED] - Object 'Object Repository/Page_The Story and Evolution of Doodles - G_6e786d/p_The first Doodle was a simple out-of-offi_345e61' is visible

07-06-2024T13:45:28 - [TEST_STEP][PASSED] - verifyElementVisible(findTestObject("Object Repository/Page_The Story and Evolution of Doodles - G_6e786d/h2_Weve created more than 5,000 Doodles ove_111429")): Object 'Object Repository/Page_The Story and Evolution of Doodles - G_6e786d/h2_Weve created more than 5,000 Doodles ove_111429' is visible

07-06-2024T13:45:28 - [MESSAGE][PASSED] - Object 'Object Repository/Page_The Story and Evolution of Doodles - G_6e786d/h2_Weve created more than 5,000 Doodles ove_111429' is visible

07-06-2024T13:45:28 - [TEST_STEP][PASSED] - verifyElementVisible(findTestObject("Object Repository/Page_The Story and Evolution of Doodles - G_6e786d/h1_The story behind Doodles")): Object 'Object Repository/Page_The Story and Evolution of Doodles - G_6e786d/h1_The story behind Doodles' is visible

07-06-2024T13:45:28 - [MESSAGE][PASSED] - Object 'Object Repository/Page_The Story and Evolution of Doodles - G_6e786d/h1_The story behind Doodles' is visible

07-06-2024T13:45:28 - [TEST_STEP][PASSED] - verifyElementVisible(findTestObject("Object Repository/Page_The Story and Evolution of Doodles - G_6e786d/p_The first Doodle was a simple out-of-offi_345e61")): Object 'Object Repository/Page_The Story and Evolution of Doodles - G_6e786d/p_The first Doodle was a simple out-of-offi_345e61' is visible

07-06-2024T13:45:28 - [MESSAGE][PASSED] - Object 'Object Repository/Page_The Story and Evolution of Doodles - G_6e786d/p_The first Doodle was a simple out-of-offi_345e61' is visible

07-06-2024T13:45:28 - [TEST_STEP][PASSED] - verifyElementVisible(findTestObject("Object Repository/Page_The Story and Evolution of Doodles - G_6e786d/h2_Weve created more than 5,000 Doodles ove_111429")): Object 'Object Repository/Page_The Story and Evolution of Doodles - G_6e786d/h2_Weve created more than 5,000 Doodles ove_111429' is visible

07-06-2024T13:45:28 - [MESSAGE][PASSED] - Object 'Object Repository/Page_The Story and Evolution of Doodles - G_6e786d/h2_Weve created more than 5,000 Doodles ove_111429' is visible

07-06-2024T13:45:28 - [TEST_STEP][PASSED] - click(findTestObject("Object Repository/Page_The Story and Evolution of Doodles - G_6e786d/p_The first Doodle was a simple out-of-offi_345e61")): Object: 'Object Repository/Page_The Story and Evolution of Doodles - G_6e786d/p_The first Doodle was a simple out-of-offi_345e61' is clicked on

07-06-2024T13:45:28 - [MESSAGE][PASSED] - Object: 'Object Repository/Page_The Story and Evolution of Doodles - G_6e786d/p_The first Doodle was a simple out-of-offi_345e61' is clicked on

07-06-2024T13:45:28 - [TEST_STEP][PASSED] - verifyElementVisible(findTestObject("Object Repository/Page_The Story and Evolution of Doodles - G_6e786d/h1_The story behind Doodles")): Object 'Object Repository/Page_The Story and Evolution of Doodles - G_6e786d/h1_The story behind Doodles' is visible

07-06-2024T13:45:28 - [MESSAGE][PASSED] - Object 'Object Repository/Page_The Story and Evolution of Doodles - G_6e786d/h1_The story behind Doodles' is visible

07-06-2024T13:45:28 - [TEST_STEP][PASSED] - verifyElementVisible(findTestObject("Object Repository/Page_The Story and Evolution of Doodles - G_6e786d/p_The first Doodle was a simple out-of-offi_345e61")): Object 'Object Repository/Page_The Story and Evolution of Doodles - G_6e786d/p_The first Doodle was a simple out-of-offi_345e61' is visible

07-06-2024T13:45:28 - [MESSAGE][PASSED] - Object 'Object Repository/Page_The Story and Evolution of Doodles - G_6e786d/p_The first Doodle was a simple out-of-offi_345e61' is visible

07-06-2024T13:45:28 - [TEST_STEP][PASSED] - verifyElementVisible(findTestObject("Object Repository/Page_The Story and Evolution of Doodles - G_6e786d/h2_Weve created more than 5,000 Doodles ove_111429")): Object 'Object Repository/Page_The Story and Evolution of Doodles - G_6e786d/h2_Weve created more than 5,000 Doodles ove_111429' is visible

07-06-2024T13:45:28 - [MESSAGE][PASSED] - Object 'Object Repository/Page_The Story and Evolution of Doodles - G_6e786d/h2_Weve created more than 5,000 Doodles ove_111429' is visible

07-06-2024T13:45:28 - [TEST_STEP][PASSED] - click(findTestObject("Object Repository/Page_The Story and Evolution of Doodles - G_6e786d/p_The first Doodle was a simple out-of-offi_345e61")): Object: 'Object Repository/Page_The Story and Evolution of Doodles - G_6e786d/p_The first Doodle was a simple out-of-offi_345e61' is clicked on

07-06-2024T13:45:29 - [MESSAGE][PASSED] - Object: 'Object Repository/Page_The Story and Evolution of Doodles - G_6e786d/p_The first Doodle was a simple out-of-offi_345e61' is clicked on

07-06-2024T13:45:29 - [TEST_STEP][PASSED] - verifyElementVisible(findTestObject("Object Repository/Page_The Story and Evolution of Doodles - G_6e786d/h1_The story behind Doodles")): Object 'Object Repository/Page_The Story and Evolution of Doodles - G_6e786d/h1_The story behind Doodles' is visible

07-06-2024T13:45:29 - [MESSAGE][PASSED] - Object 'Object Repository/Page_The Story and Evolution of Doodles - G_6e786d/h1_The story behind Doodles' is visible

07-06-2024T13:45:29 - [TEST_STEP][PASSED] - verifyElementVisible(findTestObject("Object Repository/Page_The Story and Evolution of Doodles - G_6e786d/p_The first Doodle was a simple out-of-offi_345e61")): Object 'Object Repository/Page_The Story and Evolution of Doodles - G_6e786d/p_The first Doodle was a simple out-of-offi_345e61' is visible

07-06-2024T13:45:29 - [MESSAGE][PASSED] - Object 'Object Repository/Page_The Story and Evolution of Doodles - G_6e786d/p_The first Doodle was a simple out-of-offi_345e61' is visible

07-06-2024T13:45:29 - [TEST_STEP][PASSED] - verifyElementVisible(findTestObject("Object Repository/Page_The Story and Evolution of Doodles - G_6e786d/h2_Weve created more than 5,000 Doodles ove_111429")): Object 'Object Repository/Page_The Story and Evolution of Doodles - G_6e786d/h2_Weve created more than 5,000 Doodles ove_111429' is visible

07-06-2024T13:45:29 - [MESSAGE][PASSED] - Object 'Object Repository/Page_The Story and Evolution of Doodles - G_6e786d/h2_Weve created more than 5,000 Doodles ove_111429' is visible

07-06-2024T13:45:29 - [TEST_STEP][PASSED] - click(findTestObject("Object Repository/Page_The Story and Evolution of Doodles - G_6e786d/p_The first Doodle was a simple out-of-offi_345e61")): Object: 'Object Repository/Page_The Story and Evolution of Doodles - G_6e786d/p_The first Doodle was a simple out-of-offi_345e61' is clicked on

07-06-2024T13:45:29 - [MESSAGE][PASSED] - Object: 'Object Repository/Page_The Story and Evolution of Doodles - G_6e786d/p_The first Doodle was a simple out-of-offi_345e61' is clicked on

07-06-2024T13:45:29 - [TEST_STEP][PASSED] - verifyElementVisible(findTestObject("Object Repository/Page_The Story and Evolution of Doodles - G_6e786d/h1_The story behind Doodles")): Object 'Object Repository/Page_The Story and Evolution of Doodles - G_6e786d/h1_The story behind Doodles' is visible

07-06-2024T13:45:29 - [MESSAGE][PASSED] - Object 'Object Repository/Page_The Story and Evolution of Doodles - G_6e786d/h1_The story behind Doodles' is visible

07-06-2024T13:45:29 - [TEST_STEP][PASSED] - verifyElementVisible(findTestObject("Object Repository/Page_The Story and Evolution of Doodles - G_6e786d/p_The first Doodle was a simple out-of-offi_345e61")): Object 'Object Repository/Page_The Story and Evolution of Doodles - G_6e786d/p_The first Doodle was a simple out-of-offi_345e61' is visible

07-06-2024T13:45:29 - [MESSAGE][PASSED] - Object 'Object Repository/Page_The Story and Evolution of Doodles - G_6e786d/p_The first Doodle was a simple out-of-offi_345e61' is visible

07-06-2024T13:45:29 - [TEST_STEP][PASSED] - verifyElementVisible(findTestObject("Object Repository/Page_The Story and Evolution of Doodles - G_6e786d/h2_Weve created more than 5,000 Doodles ove_111429")): Object 'Object Repository/Page_The Story and Evolution of Doodles - G_6e786d/h2_Weve created more than 5,000 Doodles ove_111429' is visible

07-06-2024T13:45:29 - [MESSAGE][PASSED] - Object 'Object Repository/Page_The Story and Evolution of Doodles - G_6e786d/h2_Weve created more than 5,000 Doodles ove_111429' is visible

07-06-2024T13:45:29 - [TEST_STEP][PASSED] - click(findTestObject("Object Repository/Page_The Story and Evolution of Doodles - G_6e786d/p_The first Doodle was a simple out-of-offi_345e61")): Object: 'Object Repository/Page_The Story and Evolution of Doodles - G_6e786d/p_The first Doodle was a simple out-of-offi_345e61' is clicked on

07-06-2024T13:45:29 - [MESSAGE][PASSED] - Object: 'Object Repository/Page_The Story and Evolution of Doodles - G_6e786d/p_The first Doodle was a simple out-of-offi_345e61' is clicked on

07-06-2024T13:45:29 - [TEST_STEP][PASSED] - verifyElementVisible(findTestObject("Object Repository/Page_The Story and Evolution of Doodles - G_6e786d/h1_The story behind Doodles")): Object 'Object Repository/Page_The Story and Evolution of Doodles - G_6e786d/h1_The story behind Doodles' is visible

07-06-2024T13:45:29 - [MESSAGE][PASSED] - Object 'Object Repository/Page_The Story and Evolution of Doodles - G_6e786d/h1_The story behind Doodles' is visible

07-06-2024T13:45:29 - [TEST_STEP][PASSED] - verifyElementVisible(findTestObject("Object Repository/Page_The Story and Evolution of Doodles - G_6e786d/p_The first Doodle was a simple out-of-offi_345e61")): Object 'Object Repository/Page_The Story and Evolution of Doodles - G_6e786d/p_The first Doodle was a simple out-of-offi_345e61' is visible

07-06-2024T13:45:29 - [MESSAGE][PASSED] - Object 'Object Repository/Page_The Story and Evolution of Doodles - G_6e786d/p_The first Doodle was a simple out-of-offi_345e61' is visible

07-06-2024T13:45:29 - [TEST_STEP][PASSED] - verifyElementVisible(findTestObject("Object Repository/Page_The Story and Evolution of Doodles - G_6e786d/h2_Weve created more than 5,000 Doodles ove_111429")): Object 'Object Repository/Page_The Story and Evolution of Doodles - G_6e786d/h2_Weve created more than 5,000 Doodles ove_111429' is visible

07-06-2024T13:45:29 - [MESSAGE][PASSED] - Object 'Object Repository/Page_The Story and Evolution of Doodles - G_6e786d/h2_Weve created more than 5,000 Doodles ove_111429' is visible

07-06-2024T13:45:29 - [TEST_STEP][PASSED] - click(findTestObject("Object Repository/Page_The Story and Evolution of Doodles - G_6e786d/p_The first Doodle was a simple out-of-offi_345e61")): Object: 'Object Repository/Page_The Story and Evolution of Doodles - G_6e786d/p_The first Doodle was a simple out-of-offi_345e61' is clicked on

07-06-2024T13:45:30 - [MESSAGE][PASSED] - Object: 'Object Repository/Page_The Story and Evolution of Doodles - G_6e786d/p_The first Doodle was a simple out-of-offi_345e61' is clicked on

07-06-2024T13:45:30 - [TEST_STEP][PASSED] - verifyElementVisible(findTestObject("Object Repository/Page_The Story and Evolution of Doodles - G_6e786d/h1_The story behind Doodles")): Object 'Object Repository/Page_The Story and Evolution of Doodles - G_6e786d/h1_The story behind Doodles' is visible

07-06-2024T13:45:30 - [MESSAGE][PASSED] - Object 'Object Repository/Page_The Story and Evolution of Doodles - G_6e786d/h1_The story behind Doodles' is visible

07-06-2024T13:45:30 - [TEST_STEP][PASSED] - verifyElementVisible(findTestObject("Object Repository/Page_The Story and Evolution of Doodles - G_6e786d/p_The first Doodle was a simple out-of-offi_345e61")): Object 'Object Repository/Page_The Story and Evolution of Doodles - G_6e786d/p_The first Doodle was a simple out-of-offi_345e61' is visible

07-06-2024T13:45:30 - [MESSAGE][PASSED] - Object 'Object Repository/Page_The Story and Evolution of Doodles - G_6e786d/p_The first Doodle was a simple out-of-offi_345e61' is visible

07-06-2024T13:45:30 - [TEST_STEP][PASSED] - verifyElementVisible(findTestObject("Object Repository/Page_The Story and Evolution of Doodles - G_6e786d/h2_Weve created more than 5,000 Doodles ove_111429")): Object 'Object Repository/Page_The Story and Evolution of Doodles - G_6e786d/h2_Weve created more than 5,000 Doodles ove_111429' is visible

07-06-2024T13:45:30 - [MESSAGE][PASSED] - Object 'Object Repository/Page_The Story and Evolution of Doodles - G_6e786d/h2_Weve created more than 5,000 Doodles ove_111429' is visible

07-06-2024T13:45:30 - [TEST_STEP][PASSED] - click(findTestObject("Object Repository/Page_The Story and Evolution of Doodles - G_6e786d/p_The first Doodle was a simple out-of-offi_345e61")): Object: 'Object Repository/Page_The Story and Evolution of Doodles - G_6e786d/p_The first Doodle was a simple out-of-offi_345e61' is clicked on

07-06-2024T13:45:30 - [MESSAGE][PASSED] - Object: 'Object Repository/Page_The Story and Evolution of Doodles - G_6e786d/p_The first Doodle was a simple out-of-offi_345e61' is clicked on

07-06-2024T13:45:30 - [TEST_STEP][PASSED] - verifyElementVisible(findTestObject("Object Repository/Page_The Story and Evolution of Doodles - G_6e786d/h1_The story behind Doodles")): Object 'Object Repository/Page_The Story and Evolution of Doodles - G_6e786d/h1_The story behind Doodles' is visible

07-06-2024T13:45:30 - [MESSAGE][PASSED] - Object 'Object Repository/Page_The Story and Evolution of Doodles - G_6e786d/h1_The story behind Doodles' is visible

07-06-2024T13:45:30 - [TEST_STEP][PASSED] - verifyElementVisible(findTestObject("Object Repository/Page_The Story and Evolution of Doodles - G_6e786d/p_The first Doodle was a simple out-of-offi_345e61")): Object 'Object Repository/Page_The Story and Evolution of Doodles - G_6e786d/p_The first Doodle was a simple out-of-offi_345e61' is visible

07-06-2024T13:45:30 - [MESSAGE][PASSED] - Object 'Object Repository/Page_The Story and Evolution of Doodles - G_6e786d/p_The first Doodle was a simple out-of-offi_345e61' is visible

07-06-2024T13:45:30 - [TEST_STEP][PASSED] - verifyElementVisible(findTestObject("Object Repository/Page_The Story and Evolution of Doodles - G_6e786d/h2_Weve created more than 5,000 Doodles ove_111429")): Object 'Object Repository/Page_The Story and Evolution of Doodles - G_6e786d/h2_Weve created more than 5,000 Doodles ove_111429' is visible

07-06-2024T13:45:30 - [MESSAGE][PASSED] - Object 'Object Repository/Page_The Story and Evolution of Doodles - G_6e786d/h2_Weve created more than 5,000 Doodles ove_111429' is visible

07-06-2024T13:45:30 - [TEST_STEP][PASSED] - click(findTestObject("Object Repository/Page_The Story and Evolution of Doodles - G_6e786d/p_The first Doodle was a simple out-of-offi_345e61")): Object: 'Object Repository/Page_The Story and Evolution of Doodles - G_6e786d/p_The first Doodle was a simple out-of-offi_345e61' is clicked on

07-06-2024T13:45:30 - [MESSAGE][PASSED] - Object: 'Object Repository/Page_The Story and Evolution of Doodles - G_6e786d/p_The first Doodle was a simple out-of-offi_345e61' is clicked on

07-06-2024T13:45:30 - [TEST_STEP][PASSED] - verifyElementVisible(findTestObject("Object Repository/Page_The Story and Evolution of Doodles - G_6e786d/h1_The story behind Doodles")): Object 'Object Repository/Page_The Story and Evolution of Doodles - G_6e786d/h1_The story behind Doodles' is visible

07-06-2024T13:45:31 - [MESSAGE][PASSED] - Object 'Object Repository/Page_The Story and Evolution of Doodles - G_6e786d/h1_The story behind Doodles' is visible

07-06-2024T13:45:31 - [TEST_STEP][PASSED] - verifyElementVisible(findTestObject("Object Repository/Page_The Story and Evolution of Doodles - G_6e786d/p_The first Doodle was a simple out-of-offi_345e61")): Object 'Object Repository/Page_The Story and Evolution of Doodles - G_6e786d/p_The first Doodle was a simple out-of-offi_345e61' is visible

07-06-2024T13:45:31 - [MESSAGE][PASSED] - Object 'Object Repository/Page_The Story and Evolution of Doodles - G_6e786d/p_The first Doodle was a simple out-of-offi_345e61' is visible

07-06-2024T13:45:31 - [TEST_STEP][PASSED] - verifyElementVisible(findTestObject("Object Repository/Page_The Story and Evolution of Doodles - G_6e786d/h2_Weve created more than 5,000 Doodles ove_111429")): Object 'Object Repository/Page_The Story and Evolution of Doodles - G_6e786d/h2_Weve created more than 5,000 Doodles ove_111429' is visible

07-06-2024T13:45:31 - [MESSAGE][PASSED] - Object 'Object Repository/Page_The Story and Evolution of Doodles - G_6e786d/h2_Weve created more than 5,000 Doodles ove_111429' is visible

07-06-2024T13:45:31 - [TEST_STEP][PASSED] - click(findTestObject("Object Repository/Page_The Story and Evolution of Doodles - G_6e786d/p_The first Doodle was a simple out-of-offi_345e61")): Object: 'Object Repository/Page_The Story and Evolution of Doodles - G_6e786d/p_The first Doodle was a simple out-of-offi_345e61' is clicked on

07-06-2024T13:45:31 - [MESSAGE][PASSED] - Object: 'Object Repository/Page_The Story and Evolution of Doodles - G_6e786d/p_The first Doodle was a simple out-of-offi_345e61' is clicked on

07-06-2024T13:45:31 - [TEST_STEP][PASSED] - verifyElementVisible(findTestObject("Object Repository/Page_The Story and Evolution of Doodles - G_6e786d/h1_The story behind Doodles")): Object 'Object Repository/Page_The Story and Evolution of Doodles - G_6e786d/h1_The story behind Doodles' is visible

07-06-2024T13:45:31 - [MESSAGE][PASSED] - Object 'Object Repository/Page_The Story and Evolution of Doodles - G_6e786d/h1_The story behind Doodles' is visible

07-06-2024T13:45:31 - [TEST_STEP][PASSED] - verifyElementVisible(findTestObject("Object Repository/Page_The Story and Evolution of Doodles - G_6e786d/p_The first Doodle was a simple out-of-offi_345e61")): Object 'Object Repository/Page_The Story and Evolution of Doodles - G_6e786d/p_The first Doodle was a simple out-of-offi_345e61' is visible

07-06-2024T13:45:31 - [MESSAGE][PASSED] - Object 'Object Repository/Page_The Story and Evolution of Doodles - G_6e786d/p_The first Doodle was a simple out-of-offi_345e61' is visible

07-06-2024T13:45:31 - [TEST_STEP][PASSED] - verifyElementVisible(findTestObject("Object Repository/Page_The Story and Evolution of Doodles - G_6e786d/h2_Weve created more than 5,000 Doodles ove_111429")): Object 'Object Repository/Page_The Story and Evolution of Doodles - G_6e786d/h2_Weve created more than 5,000 Doodles ove_111429' is visible

07-06-2024T13:45:31 - [MESSAGE][PASSED] - Object 'Object Repository/Page_The Story and Evolution of Doodles - G_6e786d/h2_Weve created more than 5,000 Doodles ove_111429' is visible

07-06-2024T13:45:31 - [TEST_STEP][PASSED] - click(findTestObject("Object Repository/Page_The Story and Evolution of Doodles - G_6e786d/p_The first Doodle was a simple out-of-offi_345e61")): Object: 'Object Repository/Page_The Story and Evolution of Doodles - G_6e786d/p_The first Doodle was a simple out-of-offi_345e61' is clicked on

07-06-2024T13:45:31 - [MESSAGE][PASSED] - Object: 'Object Repository/Page_The Story and Evolution of Doodles - G_6e786d/p_The first Doodle was a simple out-of-offi_345e61' is clicked on

07-06-2024T13:45:31 - [TEST_STEP][PASSED] - verifyElementVisible(findTestObject("Object Repository/Page_The Story and Evolution of Doodles - G_6e786d/h1_The story behind Doodles")): Object 'Object Repository/Page_The Story and Evolution of Doodles - G_6e786d/h1_The story behind Doodles' is visible

07-06-2024T13:45:31 - [MESSAGE][PASSED] - Object 'Object Repository/Page_The Story and Evolution of Doodles - G_6e786d/h1_The story behind Doodles' is visible

07-06-2024T13:45:31 - [TEST_STEP][PASSED] - verifyElementVisible(findTestObject("Object Repository/Page_The Story and Evolution of Doodles - G_6e786d/p_The first Doodle was a simple out-of-offi_345e61")): Object 'Object Repository/Page_The Story and Evolution of Doodles - G_6e786d/p_The first Doodle was a simple out-of-offi_345e61' is visible

07-06-2024T13:45:31 - [MESSAGE][PASSED] - Object 'Object Repository/Page_The Story and Evolution of Doodles - G_6e786d/p_The first Doodle was a simple out-of-offi_345e61' is visible

07-06-2024T13:45:31 - [TEST_STEP][PASSED] - verifyElementVisible(findTestObject("Object Repository/Page_The Story and Evolution of Doodles - G_6e786d/h2_Weve created more than 5,000 Doodles ove_111429")): Object 'Object Repository/Page_The Story and Evolution of Doodles - G_6e786d/h2_Weve created more than 5,000 Doodles ove_111429' is visible

07-06-2024T13:45:31 - [MESSAGE][PASSED] - Object 'Object Repository/Page_The Story and Evolution of Doodles - G_6e786d/h2_Weve created more than 5,000 Doodles ove_111429' is visible]]></system-out>
         <system-err><![CDATA[]]></system-err>
      </testcase>
      <testcase name="Test Cases/test case folder 1/tc1 - Copy (5)" time="9.467" classname="Test Cases/test case folder 1/tc1 - Copy (5)" status="PASSED">
         <system-out><![CDATA[07-06-2024T13:45:31 - [TEST_CASE][PASSED] - Test Cases/test case folder 1/tc1 - Copy (5): Test Cases/test case folder 1/tc1 - Copy (5)

07-06-2024T13:45:32 - [TEST_STEP][PASSED] - openBrowser(""): Browser is opened with url: ''

07-06-2024T13:45:32 - [MESSAGE][WARNING] - A browser is already opened. Closing browser and opening a new one

07-06-2024T13:45:33 - [MESSAGE][INFO] - Starting 'Firefox (headless)' driver

07-06-2024T13:45:33 - [MESSAGE][INFO] - Action delay is set to 0 milliseconds

07-06-2024T13:45:35 - [MESSAGE][PASSED] - Browser is opened with url: ''

07-06-2024T13:45:35 - [TEST_STEP][PASSED] - navigateToUrl("https://doodles.google/about/"): Navigate to 'https://doodles.google/about/' successfully

07-06-2024T13:45:36 - [MESSAGE][PASSED] - Navigate to 'https://doodles.google/about/' successfully

07-06-2024T13:45:36 - [TEST_STEP][PASSED] - click(findTestObject("Object Repository/Page_The Story and Evolution of Doodles - G_6e786d/p_The first Doodle was a simple out-of-offi_345e61")): Object: 'Object Repository/Page_The Story and Evolution of Doodles - G_6e786d/p_The first Doodle was a simple out-of-offi_345e61' is clicked on

07-06-2024T13:45:37 - [MESSAGE][PASSED] - Object: 'Object Repository/Page_The Story and Evolution of Doodles - G_6e786d/p_The first Doodle was a simple out-of-offi_345e61' is clicked on

07-06-2024T13:45:37 - [TEST_STEP][PASSED] - click(findTestObject("Object Repository/Page_The Story and Evolution of Doodles - G_6e786d/p_The first Doodle was a simple out-of-offi_345e61")): Object: 'Object Repository/Page_The Story and Evolution of Doodles - G_6e786d/p_The first Doodle was a simple out-of-offi_345e61' is clicked on

07-06-2024T13:45:37 - [MESSAGE][PASSED] - Object: 'Object Repository/Page_The Story and Evolution of Doodles - G_6e786d/p_The first Doodle was a simple out-of-offi_345e61' is clicked on

07-06-2024T13:45:37 - [TEST_STEP][PASSED] - verifyElementVisible(findTestObject("Object Repository/Page_The Story and Evolution of Doodles - G_6e786d/h1_The story behind Doodles")): Object 'Object Repository/Page_The Story and Evolution of Doodles - G_6e786d/h1_The story behind Doodles' is visible

07-06-2024T13:45:37 - [MESSAGE][PASSED] - Object 'Object Repository/Page_The Story and Evolution of Doodles - G_6e786d/h1_The story behind Doodles' is visible

07-06-2024T13:45:37 - [TEST_STEP][PASSED] - verifyElementVisible(findTestObject("Object Repository/Page_The Story and Evolution of Doodles - G_6e786d/p_The first Doodle was a simple out-of-offi_345e61")): Object 'Object Repository/Page_The Story and Evolution of Doodles - G_6e786d/p_The first Doodle was a simple out-of-offi_345e61' is visible

07-06-2024T13:45:37 - [MESSAGE][PASSED] - Object 'Object Repository/Page_The Story and Evolution of Doodles - G_6e786d/p_The first Doodle was a simple out-of-offi_345e61' is visible

07-06-2024T13:45:37 - [TEST_STEP][PASSED] - verifyElementVisible(findTestObject("Object Repository/Page_The Story and Evolution of Doodles - G_6e786d/h2_Weve created more than 5,000 Doodles ove_111429")): Object 'Object Repository/Page_The Story and Evolution of Doodles - G_6e786d/h2_Weve created more than 5,000 Doodles ove_111429' is visible

07-06-2024T13:45:37 - [MESSAGE][PASSED] - Object 'Object Repository/Page_The Story and Evolution of Doodles - G_6e786d/h2_Weve created more than 5,000 Doodles ove_111429' is visible

07-06-2024T13:45:37 - [TEST_STEP][PASSED] - verifyElementVisible(findTestObject("Object Repository/Page_The Story and Evolution of Doodles - G_6e786d/h1_The story behind Doodles")): Object 'Object Repository/Page_The Story and Evolution of Doodles - G_6e786d/h1_The story behind Doodles' is visible

07-06-2024T13:45:37 - [MESSAGE][PASSED] - Object 'Object Repository/Page_The Story and Evolution of Doodles - G_6e786d/h1_The story behind Doodles' is visible

07-06-2024T13:45:37 - [TEST_STEP][PASSED] - verifyElementVisible(findTestObject("Object Repository/Page_The Story and Evolution of Doodles - G_6e786d/p_The first Doodle was a simple out-of-offi_345e61")): Object 'Object Repository/Page_The Story and Evolution of Doodles - G_6e786d/p_The first Doodle was a simple out-of-offi_345e61' is visible

07-06-2024T13:45:37 - [MESSAGE][PASSED] - Object 'Object Repository/Page_The Story and Evolution of Doodles - G_6e786d/p_The first Doodle was a simple out-of-offi_345e61' is visible

07-06-2024T13:45:37 - [TEST_STEP][PASSED] - verifyElementVisible(findTestObject("Object Repository/Page_The Story and Evolution of Doodles - G_6e786d/h2_Weve created more than 5,000 Doodles ove_111429")): Object 'Object Repository/Page_The Story and Evolution of Doodles - G_6e786d/h2_Weve created more than 5,000 Doodles ove_111429' is visible

07-06-2024T13:45:37 - [MESSAGE][PASSED] - Object 'Object Repository/Page_The Story and Evolution of Doodles - G_6e786d/h2_Weve created more than 5,000 Doodles ove_111429' is visible

07-06-2024T13:45:37 - [TEST_STEP][PASSED] - click(findTestObject("Object Repository/Page_The Story and Evolution of Doodles - G_6e786d/p_The first Doodle was a simple out-of-offi_345e61")): Object: 'Object Repository/Page_The Story and Evolution of Doodles - G_6e786d/p_The first Doodle was a simple out-of-offi_345e61' is clicked on

07-06-2024T13:45:37 - [MESSAGE][PASSED] - Object: 'Object Repository/Page_The Story and Evolution of Doodles - G_6e786d/p_The first Doodle was a simple out-of-offi_345e61' is clicked on

07-06-2024T13:45:37 - [TEST_STEP][PASSED] - verifyElementVisible(findTestObject("Object Repository/Page_The Story and Evolution of Doodles - G_6e786d/h1_The story behind Doodles")): Object 'Object Repository/Page_The Story and Evolution of Doodles - G_6e786d/h1_The story behind Doodles' is visible

07-06-2024T13:45:38 - [MESSAGE][PASSED] - Object 'Object Repository/Page_The Story and Evolution of Doodles - G_6e786d/h1_The story behind Doodles' is visible

07-06-2024T13:45:38 - [TEST_STEP][PASSED] - verifyElementVisible(findTestObject("Object Repository/Page_The Story and Evolution of Doodles - G_6e786d/p_The first Doodle was a simple out-of-offi_345e61")): Object 'Object Repository/Page_The Story and Evolution of Doodles - G_6e786d/p_The first Doodle was a simple out-of-offi_345e61' is visible

07-06-2024T13:45:38 - [MESSAGE][PASSED] - Object 'Object Repository/Page_The Story and Evolution of Doodles - G_6e786d/p_The first Doodle was a simple out-of-offi_345e61' is visible

07-06-2024T13:45:38 - [TEST_STEP][PASSED] - verifyElementVisible(findTestObject("Object Repository/Page_The Story and Evolution of Doodles - G_6e786d/h2_Weve created more than 5,000 Doodles ove_111429")): Object 'Object Repository/Page_The Story and Evolution of Doodles - G_6e786d/h2_Weve created more than 5,000 Doodles ove_111429' is visible

07-06-2024T13:45:38 - [MESSAGE][PASSED] - Object 'Object Repository/Page_The Story and Evolution of Doodles - G_6e786d/h2_Weve created more than 5,000 Doodles ove_111429' is visible

07-06-2024T13:45:38 - [TEST_STEP][PASSED] - click(findTestObject("Object Repository/Page_The Story and Evolution of Doodles - G_6e786d/p_The first Doodle was a simple out-of-offi_345e61")): Object: 'Object Repository/Page_The Story and Evolution of Doodles - G_6e786d/p_The first Doodle was a simple out-of-offi_345e61' is clicked on

07-06-2024T13:45:38 - [MESSAGE][PASSED] - Object: 'Object Repository/Page_The Story and Evolution of Doodles - G_6e786d/p_The first Doodle was a simple out-of-offi_345e61' is clicked on

07-06-2024T13:45:38 - [TEST_STEP][PASSED] - verifyElementVisible(findTestObject("Object Repository/Page_The Story and Evolution of Doodles - G_6e786d/h1_The story behind Doodles")): Object 'Object Repository/Page_The Story and Evolution of Doodles - G_6e786d/h1_The story behind Doodles' is visible

07-06-2024T13:45:38 - [MESSAGE][PASSED] - Object 'Object Repository/Page_The Story and Evolution of Doodles - G_6e786d/h1_The story behind Doodles' is visible

07-06-2024T13:45:38 - [TEST_STEP][PASSED] - verifyElementVisible(findTestObject("Object Repository/Page_The Story and Evolution of Doodles - G_6e786d/p_The first Doodle was a simple out-of-offi_345e61")): Object 'Object Repository/Page_The Story and Evolution of Doodles - G_6e786d/p_The first Doodle was a simple out-of-offi_345e61' is visible

07-06-2024T13:45:38 - [MESSAGE][PASSED] - Object 'Object Repository/Page_The Story and Evolution of Doodles - G_6e786d/p_The first Doodle was a simple out-of-offi_345e61' is visible

07-06-2024T13:45:38 - [TEST_STEP][PASSED] - verifyElementVisible(findTestObject("Object Repository/Page_The Story and Evolution of Doodles - G_6e786d/h2_Weve created more than 5,000 Doodles ove_111429")): Object 'Object Repository/Page_The Story and Evolution of Doodles - G_6e786d/h2_Weve created more than 5,000 Doodles ove_111429' is visible

07-06-2024T13:45:38 - [MESSAGE][PASSED] - Object 'Object Repository/Page_The Story and Evolution of Doodles - G_6e786d/h2_Weve created more than 5,000 Doodles ove_111429' is visible

07-06-2024T13:45:38 - [TEST_STEP][PASSED] - click(findTestObject("Object Repository/Page_The Story and Evolution of Doodles - G_6e786d/p_The first Doodle was a simple out-of-offi_345e61")): Object: 'Object Repository/Page_The Story and Evolution of Doodles - G_6e786d/p_The first Doodle was a simple out-of-offi_345e61' is clicked on

07-06-2024T13:45:38 - [MESSAGE][PASSED] - Object: 'Object Repository/Page_The Story and Evolution of Doodles - G_6e786d/p_The first Doodle was a simple out-of-offi_345e61' is clicked on

07-06-2024T13:45:38 - [TEST_STEP][PASSED] - verifyElementVisible(findTestObject("Object Repository/Page_The Story and Evolution of Doodles - G_6e786d/h1_The story behind Doodles")): Object 'Object Repository/Page_The Story and Evolution of Doodles - G_6e786d/h1_The story behind Doodles' is visible

07-06-2024T13:45:38 - [MESSAGE][PASSED] - Object 'Object Repository/Page_The Story and Evolution of Doodles - G_6e786d/h1_The story behind Doodles' is visible

07-06-2024T13:45:38 - [TEST_STEP][PASSED] - verifyElementVisible(findTestObject("Object Repository/Page_The Story and Evolution of Doodles - G_6e786d/p_The first Doodle was a simple out-of-offi_345e61")): Object 'Object Repository/Page_The Story and Evolution of Doodles - G_6e786d/p_The first Doodle was a simple out-of-offi_345e61' is visible

07-06-2024T13:45:38 - [MESSAGE][PASSED] - Object 'Object Repository/Page_The Story and Evolution of Doodles - G_6e786d/p_The first Doodle was a simple out-of-offi_345e61' is visible

07-06-2024T13:45:38 - [TEST_STEP][PASSED] - verifyElementVisible(findTestObject("Object Repository/Page_The Story and Evolution of Doodles - G_6e786d/h2_Weve created more than 5,000 Doodles ove_111429")): Object 'Object Repository/Page_The Story and Evolution of Doodles - G_6e786d/h2_Weve created more than 5,000 Doodles ove_111429' is visible

07-06-2024T13:45:38 - [MESSAGE][PASSED] - Object 'Object Repository/Page_The Story and Evolution of Doodles - G_6e786d/h2_Weve created more than 5,000 Doodles ove_111429' is visible

07-06-2024T13:45:38 - [TEST_STEP][PASSED] - click(findTestObject("Object Repository/Page_The Story and Evolution of Doodles - G_6e786d/p_The first Doodle was a simple out-of-offi_345e61")): Object: 'Object Repository/Page_The Story and Evolution of Doodles - G_6e786d/p_The first Doodle was a simple out-of-offi_345e61' is clicked on

07-06-2024T13:45:39 - [MESSAGE][PASSED] - Object: 'Object Repository/Page_The Story and Evolution of Doodles - G_6e786d/p_The first Doodle was a simple out-of-offi_345e61' is clicked on

07-06-2024T13:45:39 - [TEST_STEP][PASSED] - verifyElementVisible(findTestObject("Object Repository/Page_The Story and Evolution of Doodles - G_6e786d/h1_The story behind Doodles")): Object 'Object Repository/Page_The Story and Evolution of Doodles - G_6e786d/h1_The story behind Doodles' is visible

07-06-2024T13:45:39 - [MESSAGE][PASSED] - Object 'Object Repository/Page_The Story and Evolution of Doodles - G_6e786d/h1_The story behind Doodles' is visible

07-06-2024T13:45:39 - [TEST_STEP][PASSED] - verifyElementVisible(findTestObject("Object Repository/Page_The Story and Evolution of Doodles - G_6e786d/p_The first Doodle was a simple out-of-offi_345e61")): Object 'Object Repository/Page_The Story and Evolution of Doodles - G_6e786d/p_The first Doodle was a simple out-of-offi_345e61' is visible

07-06-2024T13:45:39 - [MESSAGE][PASSED] - Object 'Object Repository/Page_The Story and Evolution of Doodles - G_6e786d/p_The first Doodle was a simple out-of-offi_345e61' is visible

07-06-2024T13:45:39 - [TEST_STEP][PASSED] - verifyElementVisible(findTestObject("Object Repository/Page_The Story and Evolution of Doodles - G_6e786d/h2_Weve created more than 5,000 Doodles ove_111429")): Object 'Object Repository/Page_The Story and Evolution of Doodles - G_6e786d/h2_Weve created more than 5,000 Doodles ove_111429' is visible

07-06-2024T13:45:39 - [MESSAGE][PASSED] - Object 'Object Repository/Page_The Story and Evolution of Doodles - G_6e786d/h2_Weve created more than 5,000 Doodles ove_111429' is visible

07-06-2024T13:45:39 - [TEST_STEP][PASSED] - click(findTestObject("Object Repository/Page_The Story and Evolution of Doodles - G_6e786d/p_The first Doodle was a simple out-of-offi_345e61")): Object: 'Object Repository/Page_The Story and Evolution of Doodles - G_6e786d/p_The first Doodle was a simple out-of-offi_345e61' is clicked on

07-06-2024T13:45:39 - [MESSAGE][PASSED] - Object: 'Object Repository/Page_The Story and Evolution of Doodles - G_6e786d/p_The first Doodle was a simple out-of-offi_345e61' is clicked on

07-06-2024T13:45:39 - [TEST_STEP][PASSED] - verifyElementVisible(findTestObject("Object Repository/Page_The Story and Evolution of Doodles - G_6e786d/h1_The story behind Doodles")): Object 'Object Repository/Page_The Story and Evolution of Doodles - G_6e786d/h1_The story behind Doodles' is visible

07-06-2024T13:45:39 - [MESSAGE][PASSED] - Object 'Object Repository/Page_The Story and Evolution of Doodles - G_6e786d/h1_The story behind Doodles' is visible

07-06-2024T13:45:39 - [TEST_STEP][PASSED] - verifyElementVisible(findTestObject("Object Repository/Page_The Story and Evolution of Doodles - G_6e786d/p_The first Doodle was a simple out-of-offi_345e61")): Object 'Object Repository/Page_The Story and Evolution of Doodles - G_6e786d/p_The first Doodle was a simple out-of-offi_345e61' is visible

07-06-2024T13:45:39 - [MESSAGE][PASSED] - Object 'Object Repository/Page_The Story and Evolution of Doodles - G_6e786d/p_The first Doodle was a simple out-of-offi_345e61' is visible

07-06-2024T13:45:39 - [TEST_STEP][PASSED] - verifyElementVisible(findTestObject("Object Repository/Page_The Story and Evolution of Doodles - G_6e786d/h2_Weve created more than 5,000 Doodles ove_111429")): Object 'Object Repository/Page_The Story and Evolution of Doodles - G_6e786d/h2_Weve created more than 5,000 Doodles ove_111429' is visible

07-06-2024T13:45:39 - [MESSAGE][PASSED] - Object 'Object Repository/Page_The Story and Evolution of Doodles - G_6e786d/h2_Weve created more than 5,000 Doodles ove_111429' is visible

07-06-2024T13:45:39 - [TEST_STEP][PASSED] - click(findTestObject("Object Repository/Page_The Story and Evolution of Doodles - G_6e786d/p_The first Doodle was a simple out-of-offi_345e61")): Object: 'Object Repository/Page_The Story and Evolution of Doodles - G_6e786d/p_The first Doodle was a simple out-of-offi_345e61' is clicked on

07-06-2024T13:45:40 - [MESSAGE][PASSED] - Object: 'Object Repository/Page_The Story and Evolution of Doodles - G_6e786d/p_The first Doodle was a simple out-of-offi_345e61' is clicked on

07-06-2024T13:45:40 - [TEST_STEP][PASSED] - verifyElementVisible(findTestObject("Object Repository/Page_The Story and Evolution of Doodles - G_6e786d/h1_The story behind Doodles")): Object 'Object Repository/Page_The Story and Evolution of Doodles - G_6e786d/h1_The story behind Doodles' is visible

07-06-2024T13:45:40 - [MESSAGE][PASSED] - Object 'Object Repository/Page_The Story and Evolution of Doodles - G_6e786d/h1_The story behind Doodles' is visible

07-06-2024T13:45:40 - [TEST_STEP][PASSED] - verifyElementVisible(findTestObject("Object Repository/Page_The Story and Evolution of Doodles - G_6e786d/p_The first Doodle was a simple out-of-offi_345e61")): Object 'Object Repository/Page_The Story and Evolution of Doodles - G_6e786d/p_The first Doodle was a simple out-of-offi_345e61' is visible

07-06-2024T13:45:40 - [MESSAGE][PASSED] - Object 'Object Repository/Page_The Story and Evolution of Doodles - G_6e786d/p_The first Doodle was a simple out-of-offi_345e61' is visible

07-06-2024T13:45:40 - [TEST_STEP][PASSED] - verifyElementVisible(findTestObject("Object Repository/Page_The Story and Evolution of Doodles - G_6e786d/h2_Weve created more than 5,000 Doodles ove_111429")): Object 'Object Repository/Page_The Story and Evolution of Doodles - G_6e786d/h2_Weve created more than 5,000 Doodles ove_111429' is visible

07-06-2024T13:45:40 - [MESSAGE][PASSED] - Object 'Object Repository/Page_The Story and Evolution of Doodles - G_6e786d/h2_Weve created more than 5,000 Doodles ove_111429' is visible

07-06-2024T13:45:40 - [TEST_STEP][PASSED] - click(findTestObject("Object Repository/Page_The Story and Evolution of Doodles - G_6e786d/p_The first Doodle was a simple out-of-offi_345e61")): Object: 'Object Repository/Page_The Story and Evolution of Doodles - G_6e786d/p_The first Doodle was a simple out-of-offi_345e61' is clicked on

07-06-2024T13:45:40 - [MESSAGE][PASSED] - Object: 'Object Repository/Page_The Story and Evolution of Doodles - G_6e786d/p_The first Doodle was a simple out-of-offi_345e61' is clicked on

07-06-2024T13:45:40 - [TEST_STEP][PASSED] - verifyElementVisible(findTestObject("Object Repository/Page_The Story and Evolution of Doodles - G_6e786d/h1_The story behind Doodles")): Object 'Object Repository/Page_The Story and Evolution of Doodles - G_6e786d/h1_The story behind Doodles' is visible

07-06-2024T13:45:40 - [MESSAGE][PASSED] - Object 'Object Repository/Page_The Story and Evolution of Doodles - G_6e786d/h1_The story behind Doodles' is visible

07-06-2024T13:45:40 - [TEST_STEP][PASSED] - verifyElementVisible(findTestObject("Object Repository/Page_The Story and Evolution of Doodles - G_6e786d/p_The first Doodle was a simple out-of-offi_345e61")): Object 'Object Repository/Page_The Story and Evolution of Doodles - G_6e786d/p_The first Doodle was a simple out-of-offi_345e61' is visible

07-06-2024T13:45:40 - [MESSAGE][PASSED] - Object 'Object Repository/Page_The Story and Evolution of Doodles - G_6e786d/p_The first Doodle was a simple out-of-offi_345e61' is visible

07-06-2024T13:45:40 - [TEST_STEP][PASSED] - verifyElementVisible(findTestObject("Object Repository/Page_The Story and Evolution of Doodles - G_6e786d/h2_Weve created more than 5,000 Doodles ove_111429")): Object 'Object Repository/Page_The Story and Evolution of Doodles - G_6e786d/h2_Weve created more than 5,000 Doodles ove_111429' is visible

07-06-2024T13:45:40 - [MESSAGE][PASSED] - Object 'Object Repository/Page_The Story and Evolution of Doodles - G_6e786d/h2_Weve created more than 5,000 Doodles ove_111429' is visible

07-06-2024T13:45:40 - [TEST_STEP][PASSED] - click(findTestObject("Object Repository/Page_The Story and Evolution of Doodles - G_6e786d/p_The first Doodle was a simple out-of-offi_345e61")): Object: 'Object Repository/Page_The Story and Evolution of Doodles - G_6e786d/p_The first Doodle was a simple out-of-offi_345e61' is clicked on

07-06-2024T13:45:40 - [MESSAGE][PASSED] - Object: 'Object Repository/Page_The Story and Evolution of Doodles - G_6e786d/p_The first Doodle was a simple out-of-offi_345e61' is clicked on

07-06-2024T13:45:40 - [TEST_STEP][PASSED] - verifyElementVisible(findTestObject("Object Repository/Page_The Story and Evolution of Doodles - G_6e786d/h1_The story behind Doodles")): Object 'Object Repository/Page_The Story and Evolution of Doodles - G_6e786d/h1_The story behind Doodles' is visible

07-06-2024T13:45:40 - [MESSAGE][PASSED] - Object 'Object Repository/Page_The Story and Evolution of Doodles - G_6e786d/h1_The story behind Doodles' is visible

07-06-2024T13:45:40 - [TEST_STEP][PASSED] - verifyElementVisible(findTestObject("Object Repository/Page_The Story and Evolution of Doodles - G_6e786d/p_The first Doodle was a simple out-of-offi_345e61")): Object 'Object Repository/Page_The Story and Evolution of Doodles - G_6e786d/p_The first Doodle was a simple out-of-offi_345e61' is visible

07-06-2024T13:45:40 - [MESSAGE][PASSED] - Object 'Object Repository/Page_The Story and Evolution of Doodles - G_6e786d/p_The first Doodle was a simple out-of-offi_345e61' is visible

07-06-2024T13:45:40 - [TEST_STEP][PASSED] - verifyElementVisible(findTestObject("Object Repository/Page_The Story and Evolution of Doodles - G_6e786d/h2_Weve created more than 5,000 Doodles ove_111429")): Object 'Object Repository/Page_The Story and Evolution of Doodles - G_6e786d/h2_Weve created more than 5,000 Doodles ove_111429' is visible

07-06-2024T13:45:41 - [MESSAGE][PASSED] - Object 'Object Repository/Page_The Story and Evolution of Doodles - G_6e786d/h2_Weve created more than 5,000 Doodles ove_111429' is visible

07-06-2024T13:45:41 - [TEST_STEP][PASSED] - click(findTestObject("Object Repository/Page_The Story and Evolution of Doodles - G_6e786d/p_The first Doodle was a simple out-of-offi_345e61")): Object: 'Object Repository/Page_The Story and Evolution of Doodles - G_6e786d/p_The first Doodle was a simple out-of-offi_345e61' is clicked on

07-06-2024T13:45:41 - [MESSAGE][PASSED] - Object: 'Object Repository/Page_The Story and Evolution of Doodles - G_6e786d/p_The first Doodle was a simple out-of-offi_345e61' is clicked on

07-06-2024T13:45:41 - [TEST_STEP][PASSED] - verifyElementVisible(findTestObject("Object Repository/Page_The Story and Evolution of Doodles - G_6e786d/h1_The story behind Doodles")): Object 'Object Repository/Page_The Story and Evolution of Doodles - G_6e786d/h1_The story behind Doodles' is visible

07-06-2024T13:45:41 - [MESSAGE][PASSED] - Object 'Object Repository/Page_The Story and Evolution of Doodles - G_6e786d/h1_The story behind Doodles' is visible

07-06-2024T13:45:41 - [TEST_STEP][PASSED] - verifyElementVisible(findTestObject("Object Repository/Page_The Story and Evolution of Doodles - G_6e786d/p_The first Doodle was a simple out-of-offi_345e61")): Object 'Object Repository/Page_The Story and Evolution of Doodles - G_6e786d/p_The first Doodle was a simple out-of-offi_345e61' is visible

07-06-2024T13:45:41 - [MESSAGE][PASSED] - Object 'Object Repository/Page_The Story and Evolution of Doodles - G_6e786d/p_The first Doodle was a simple out-of-offi_345e61' is visible

07-06-2024T13:45:41 - [TEST_STEP][PASSED] - verifyElementVisible(findTestObject("Object Repository/Page_The Story and Evolution of Doodles - G_6e786d/h2_Weve created more than 5,000 Doodles ove_111429")): Object 'Object Repository/Page_The Story and Evolution of Doodles - G_6e786d/h2_Weve created more than 5,000 Doodles ove_111429' is visible

07-06-2024T13:45:41 - [MESSAGE][PASSED] - Object 'Object Repository/Page_The Story and Evolution of Doodles - G_6e786d/h2_Weve created more than 5,000 Doodles ove_111429' is visible]]></system-out>
         <system-err><![CDATA[]]></system-err>
      </testcase>
      <testcase name="Test Cases/test case folder 1/tc1 - Copy (7)" time="9.481" classname="Test Cases/test case folder 1/tc1 - Copy (7)" status="PASSED">
         <system-out><![CDATA[07-06-2024T13:45:41 - [TEST_CASE][PASSED] - Test Cases/test case folder 1/tc1 - Copy (7): Test Cases/test case folder 1/tc1 - Copy (7)

07-06-2024T13:45:41 - [TEST_STEP][PASSED] - openBrowser(""): Browser is opened with url: ''

07-06-2024T13:45:41 - [MESSAGE][WARNING] - A browser is already opened. Closing browser and opening a new one

07-06-2024T13:45:42 - [MESSAGE][INFO] - Starting 'Firefox (headless)' driver

07-06-2024T13:45:42 - [MESSAGE][INFO] - Action delay is set to 0 milliseconds

07-06-2024T13:45:44 - [MESSAGE][PASSED] - Browser is opened with url: ''

07-06-2024T13:45:44 - [TEST_STEP][PASSED] - navigateToUrl("https://doodles.google/about/"): Navigate to 'https://doodles.google/about/' successfully

07-06-2024T13:45:46 - [MESSAGE][PASSED] - Navigate to 'https://doodles.google/about/' successfully

07-06-2024T13:45:46 - [TEST_STEP][PASSED] - click(findTestObject("Object Repository/Page_The Story and Evolution of Doodles - G_6e786d/p_The first Doodle was a simple out-of-offi_345e61")): Object: 'Object Repository/Page_The Story and Evolution of Doodles - G_6e786d/p_The first Doodle was a simple out-of-offi_345e61' is clicked on

07-06-2024T13:45:46 - [MESSAGE][PASSED] - Object: 'Object Repository/Page_The Story and Evolution of Doodles - G_6e786d/p_The first Doodle was a simple out-of-offi_345e61' is clicked on

07-06-2024T13:45:46 - [TEST_STEP][PASSED] - click(findTestObject("Object Repository/Page_The Story and Evolution of Doodles - G_6e786d/p_The first Doodle was a simple out-of-offi_345e61")): Object: 'Object Repository/Page_The Story and Evolution of Doodles - G_6e786d/p_The first Doodle was a simple out-of-offi_345e61' is clicked on

07-06-2024T13:45:47 - [MESSAGE][PASSED] - Object: 'Object Repository/Page_The Story and Evolution of Doodles - G_6e786d/p_The first Doodle was a simple out-of-offi_345e61' is clicked on

07-06-2024T13:45:47 - [TEST_STEP][PASSED] - verifyElementVisible(findTestObject("Object Repository/Page_The Story and Evolution of Doodles - G_6e786d/h1_The story behind Doodles")): Object 'Object Repository/Page_The Story and Evolution of Doodles - G_6e786d/h1_The story behind Doodles' is visible

07-06-2024T13:45:47 - [MESSAGE][PASSED] - Object 'Object Repository/Page_The Story and Evolution of Doodles - G_6e786d/h1_The story behind Doodles' is visible

07-06-2024T13:45:47 - [TEST_STEP][PASSED] - verifyElementVisible(findTestObject("Object Repository/Page_The Story and Evolution of Doodles - G_6e786d/p_The first Doodle was a simple out-of-offi_345e61")): Object 'Object Repository/Page_The Story and Evolution of Doodles - G_6e786d/p_The first Doodle was a simple out-of-offi_345e61' is visible

07-06-2024T13:45:47 - [MESSAGE][PASSED] - Object 'Object Repository/Page_The Story and Evolution of Doodles - G_6e786d/p_The first Doodle was a simple out-of-offi_345e61' is visible

07-06-2024T13:45:47 - [TEST_STEP][PASSED] - verifyElementVisible(findTestObject("Object Repository/Page_The Story and Evolution of Doodles - G_6e786d/h2_Weve created more than 5,000 Doodles ove_111429")): Object 'Object Repository/Page_The Story and Evolution of Doodles - G_6e786d/h2_Weve created more than 5,000 Doodles ove_111429' is visible

07-06-2024T13:45:47 - [MESSAGE][PASSED] - Object 'Object Repository/Page_The Story and Evolution of Doodles - G_6e786d/h2_Weve created more than 5,000 Doodles ove_111429' is visible

07-06-2024T13:45:47 - [TEST_STEP][PASSED] - verifyElementVisible(findTestObject("Object Repository/Page_The Story and Evolution of Doodles - G_6e786d/h1_The story behind Doodles")): Object 'Object Repository/Page_The Story and Evolution of Doodles - G_6e786d/h1_The story behind Doodles' is visible

07-06-2024T13:45:47 - [MESSAGE][PASSED] - Object 'Object Repository/Page_The Story and Evolution of Doodles - G_6e786d/h1_The story behind Doodles' is visible

07-06-2024T13:45:47 - [TEST_STEP][PASSED] - verifyElementVisible(findTestObject("Object Repository/Page_The Story and Evolution of Doodles - G_6e786d/p_The first Doodle was a simple out-of-offi_345e61")): Object 'Object Repository/Page_The Story and Evolution of Doodles - G_6e786d/p_The first Doodle was a simple out-of-offi_345e61' is visible

07-06-2024T13:45:47 - [MESSAGE][PASSED] - Object 'Object Repository/Page_The Story and Evolution of Doodles - G_6e786d/p_The first Doodle was a simple out-of-offi_345e61' is visible

07-06-2024T13:45:47 - [TEST_STEP][PASSED] - verifyElementVisible(findTestObject("Object Repository/Page_The Story and Evolution of Doodles - G_6e786d/h2_Weve created more than 5,000 Doodles ove_111429")): Object 'Object Repository/Page_The Story and Evolution of Doodles - G_6e786d/h2_Weve created more than 5,000 Doodles ove_111429' is visible

07-06-2024T13:45:47 - [MESSAGE][PASSED] - Object 'Object Repository/Page_The Story and Evolution of Doodles - G_6e786d/h2_Weve created more than 5,000 Doodles ove_111429' is visible

07-06-2024T13:45:47 - [TEST_STEP][PASSED] - click(findTestObject("Object Repository/Page_The Story and Evolution of Doodles - G_6e786d/p_The first Doodle was a simple out-of-offi_345e61")): Object: 'Object Repository/Page_The Story and Evolution of Doodles - G_6e786d/p_The first Doodle was a simple out-of-offi_345e61' is clicked on

07-06-2024T13:45:47 - [MESSAGE][PASSED] - Object: 'Object Repository/Page_The Story and Evolution of Doodles - G_6e786d/p_The first Doodle was a simple out-of-offi_345e61' is clicked on

07-06-2024T13:45:47 - [TEST_STEP][PASSED] - verifyElementVisible(findTestObject("Object Repository/Page_The Story and Evolution of Doodles - G_6e786d/h1_The story behind Doodles")): Object 'Object Repository/Page_The Story and Evolution of Doodles - G_6e786d/h1_The story behind Doodles' is visible

07-06-2024T13:45:47 - [MESSAGE][PASSED] - Object 'Object Repository/Page_The Story and Evolution of Doodles - G_6e786d/h1_The story behind Doodles' is visible

07-06-2024T13:45:47 - [TEST_STEP][PASSED] - verifyElementVisible(findTestObject("Object Repository/Page_The Story and Evolution of Doodles - G_6e786d/p_The first Doodle was a simple out-of-offi_345e61")): Object 'Object Repository/Page_The Story and Evolution of Doodles - G_6e786d/p_The first Doodle was a simple out-of-offi_345e61' is visible

07-06-2024T13:45:47 - [MESSAGE][PASSED] - Object 'Object Repository/Page_The Story and Evolution of Doodles - G_6e786d/p_The first Doodle was a simple out-of-offi_345e61' is visible

07-06-2024T13:45:47 - [TEST_STEP][PASSED] - verifyElementVisible(findTestObject("Object Repository/Page_The Story and Evolution of Doodles - G_6e786d/h2_Weve created more than 5,000 Doodles ove_111429")): Object 'Object Repository/Page_The Story and Evolution of Doodles - G_6e786d/h2_Weve created more than 5,000 Doodles ove_111429' is visible

07-06-2024T13:45:47 - [MESSAGE][PASSED] - Object 'Object Repository/Page_The Story and Evolution of Doodles - G_6e786d/h2_Weve created more than 5,000 Doodles ove_111429' is visible

07-06-2024T13:45:47 - [TEST_STEP][PASSED] - click(findTestObject("Object Repository/Page_The Story and Evolution of Doodles - G_6e786d/p_The first Doodle was a simple out-of-offi_345e61")): Object: 'Object Repository/Page_The Story and Evolution of Doodles - G_6e786d/p_The first Doodle was a simple out-of-offi_345e61' is clicked on

07-06-2024T13:45:47 - [MESSAGE][PASSED] - Object: 'Object Repository/Page_The Story and Evolution of Doodles - G_6e786d/p_The first Doodle was a simple out-of-offi_345e61' is clicked on

07-06-2024T13:45:47 - [TEST_STEP][PASSED] - verifyElementVisible(findTestObject("Object Repository/Page_The Story and Evolution of Doodles - G_6e786d/h1_The story behind Doodles")): Object 'Object Repository/Page_The Story and Evolution of Doodles - G_6e786d/h1_The story behind Doodles' is visible

07-06-2024T13:45:47 - [MESSAGE][PASSED] - Object 'Object Repository/Page_The Story and Evolution of Doodles - G_6e786d/h1_The story behind Doodles' is visible

07-06-2024T13:45:47 - [TEST_STEP][PASSED] - verifyElementVisible(findTestObject("Object Repository/Page_The Story and Evolution of Doodles - G_6e786d/p_The first Doodle was a simple out-of-offi_345e61")): Object 'Object Repository/Page_The Story and Evolution of Doodles - G_6e786d/p_The first Doodle was a simple out-of-offi_345e61' is visible

07-06-2024T13:45:48 - [MESSAGE][PASSED] - Object 'Object Repository/Page_The Story and Evolution of Doodles - G_6e786d/p_The first Doodle was a simple out-of-offi_345e61' is visible

07-06-2024T13:45:48 - [TEST_STEP][PASSED] - verifyElementVisible(findTestObject("Object Repository/Page_The Story and Evolution of Doodles - G_6e786d/h2_Weve created more than 5,000 Doodles ove_111429")): Object 'Object Repository/Page_The Story and Evolution of Doodles - G_6e786d/h2_Weve created more than 5,000 Doodles ove_111429' is visible

07-06-2024T13:45:48 - [MESSAGE][PASSED] - Object 'Object Repository/Page_The Story and Evolution of Doodles - G_6e786d/h2_Weve created more than 5,000 Doodles ove_111429' is visible

07-06-2024T13:45:48 - [TEST_STEP][PASSED] - click(findTestObject("Object Repository/Page_The Story and Evolution of Doodles - G_6e786d/p_The first Doodle was a simple out-of-offi_345e61")): Object: 'Object Repository/Page_The Story and Evolution of Doodles - G_6e786d/p_The first Doodle was a simple out-of-offi_345e61' is clicked on

07-06-2024T13:45:48 - [MESSAGE][PASSED] - Object: 'Object Repository/Page_The Story and Evolution of Doodles - G_6e786d/p_The first Doodle was a simple out-of-offi_345e61' is clicked on

07-06-2024T13:45:48 - [TEST_STEP][PASSED] - verifyElementVisible(findTestObject("Object Repository/Page_The Story and Evolution of Doodles - G_6e786d/h1_The story behind Doodles")): Object 'Object Repository/Page_The Story and Evolution of Doodles - G_6e786d/h1_The story behind Doodles' is visible

07-06-2024T13:45:48 - [MESSAGE][PASSED] - Object 'Object Repository/Page_The Story and Evolution of Doodles - G_6e786d/h1_The story behind Doodles' is visible

07-06-2024T13:45:48 - [TEST_STEP][PASSED] - verifyElementVisible(findTestObject("Object Repository/Page_The Story and Evolution of Doodles - G_6e786d/p_The first Doodle was a simple out-of-offi_345e61")): Object 'Object Repository/Page_The Story and Evolution of Doodles - G_6e786d/p_The first Doodle was a simple out-of-offi_345e61' is visible

07-06-2024T13:45:48 - [MESSAGE][PASSED] - Object 'Object Repository/Page_The Story and Evolution of Doodles - G_6e786d/p_The first Doodle was a simple out-of-offi_345e61' is visible

07-06-2024T13:45:48 - [TEST_STEP][PASSED] - verifyElementVisible(findTestObject("Object Repository/Page_The Story and Evolution of Doodles - G_6e786d/h2_Weve created more than 5,000 Doodles ove_111429")): Object 'Object Repository/Page_The Story and Evolution of Doodles - G_6e786d/h2_Weve created more than 5,000 Doodles ove_111429' is visible

07-06-2024T13:45:48 - [MESSAGE][PASSED] - Object 'Object Repository/Page_The Story and Evolution of Doodles - G_6e786d/h2_Weve created more than 5,000 Doodles ove_111429' is visible

07-06-2024T13:45:48 - [TEST_STEP][PASSED] - click(findTestObject("Object Repository/Page_The Story and Evolution of Doodles - G_6e786d/p_The first Doodle was a simple out-of-offi_345e61")): Object: 'Object Repository/Page_The Story and Evolution of Doodles - G_6e786d/p_The first Doodle was a simple out-of-offi_345e61' is clicked on

07-06-2024T13:45:48 - [MESSAGE][PASSED] - Object: 'Object Repository/Page_The Story and Evolution of Doodles - G_6e786d/p_The first Doodle was a simple out-of-offi_345e61' is clicked on

07-06-2024T13:45:48 - [TEST_STEP][PASSED] - verifyElementVisible(findTestObject("Object Repository/Page_The Story and Evolution of Doodles - G_6e786d/h1_The story behind Doodles")): Object 'Object Repository/Page_The Story and Evolution of Doodles - G_6e786d/h1_The story behind Doodles' is visible

07-06-2024T13:45:48 - [MESSAGE][PASSED] - Object 'Object Repository/Page_The Story and Evolution of Doodles - G_6e786d/h1_The story behind Doodles' is visible

07-06-2024T13:45:48 - [TEST_STEP][PASSED] - verifyElementVisible(findTestObject("Object Repository/Page_The Story and Evolution of Doodles - G_6e786d/p_The first Doodle was a simple out-of-offi_345e61")): Object 'Object Repository/Page_The Story and Evolution of Doodles - G_6e786d/p_The first Doodle was a simple out-of-offi_345e61' is visible

07-06-2024T13:45:48 - [MESSAGE][PASSED] - Object 'Object Repository/Page_The Story and Evolution of Doodles - G_6e786d/p_The first Doodle was a simple out-of-offi_345e61' is visible

07-06-2024T13:45:48 - [TEST_STEP][PASSED] - verifyElementVisible(findTestObject("Object Repository/Page_The Story and Evolution of Doodles - G_6e786d/h2_Weve created more than 5,000 Doodles ove_111429")): Object 'Object Repository/Page_The Story and Evolution of Doodles - G_6e786d/h2_Weve created more than 5,000 Doodles ove_111429' is visible

07-06-2024T13:45:48 - [MESSAGE][PASSED] - Object 'Object Repository/Page_The Story and Evolution of Doodles - G_6e786d/h2_Weve created more than 5,000 Doodles ove_111429' is visible

07-06-2024T13:45:48 - [TEST_STEP][PASSED] - click(findTestObject("Object Repository/Page_The Story and Evolution of Doodles - G_6e786d/p_The first Doodle was a simple out-of-offi_345e61")): Object: 'Object Repository/Page_The Story and Evolution of Doodles - G_6e786d/p_The first Doodle was a simple out-of-offi_345e61' is clicked on

07-06-2024T13:45:49 - [MESSAGE][PASSED] - Object: 'Object Repository/Page_The Story and Evolution of Doodles - G_6e786d/p_The first Doodle was a simple out-of-offi_345e61' is clicked on

07-06-2024T13:45:49 - [TEST_STEP][PASSED] - verifyElementVisible(findTestObject("Object Repository/Page_The Story and Evolution of Doodles - G_6e786d/h1_The story behind Doodles")): Object 'Object Repository/Page_The Story and Evolution of Doodles - G_6e786d/h1_The story behind Doodles' is visible

07-06-2024T13:45:49 - [MESSAGE][PASSED] - Object 'Object Repository/Page_The Story and Evolution of Doodles - G_6e786d/h1_The story behind Doodles' is visible

07-06-2024T13:45:49 - [TEST_STEP][PASSED] - verifyElementVisible(findTestObject("Object Repository/Page_The Story and Evolution of Doodles - G_6e786d/p_The first Doodle was a simple out-of-offi_345e61")): Object 'Object Repository/Page_The Story and Evolution of Doodles - G_6e786d/p_The first Doodle was a simple out-of-offi_345e61' is visible

07-06-2024T13:45:49 - [MESSAGE][PASSED] - Object 'Object Repository/Page_The Story and Evolution of Doodles - G_6e786d/p_The first Doodle was a simple out-of-offi_345e61' is visible

07-06-2024T13:45:49 - [TEST_STEP][PASSED] - verifyElementVisible(findTestObject("Object Repository/Page_The Story and Evolution of Doodles - G_6e786d/h2_Weve created more than 5,000 Doodles ove_111429")): Object 'Object Repository/Page_The Story and Evolution of Doodles - G_6e786d/h2_Weve created more than 5,000 Doodles ove_111429' is visible

07-06-2024T13:45:49 - [MESSAGE][PASSED] - Object 'Object Repository/Page_The Story and Evolution of Doodles - G_6e786d/h2_Weve created more than 5,000 Doodles ove_111429' is visible

07-06-2024T13:45:49 - [TEST_STEP][PASSED] - click(findTestObject("Object Repository/Page_The Story and Evolution of Doodles - G_6e786d/p_The first Doodle was a simple out-of-offi_345e61")): Object: 'Object Repository/Page_The Story and Evolution of Doodles - G_6e786d/p_The first Doodle was a simple out-of-offi_345e61' is clicked on

07-06-2024T13:45:49 - [MESSAGE][PASSED] - Object: 'Object Repository/Page_The Story and Evolution of Doodles - G_6e786d/p_The first Doodle was a simple out-of-offi_345e61' is clicked on

07-06-2024T13:45:49 - [TEST_STEP][PASSED] - verifyElementVisible(findTestObject("Object Repository/Page_The Story and Evolution of Doodles - G_6e786d/h1_The story behind Doodles")): Object 'Object Repository/Page_The Story and Evolution of Doodles - G_6e786d/h1_The story behind Doodles' is visible

07-06-2024T13:45:49 - [MESSAGE][PASSED] - Object 'Object Repository/Page_The Story and Evolution of Doodles - G_6e786d/h1_The story behind Doodles' is visible

07-06-2024T13:45:49 - [TEST_STEP][PASSED] - verifyElementVisible(findTestObject("Object Repository/Page_The Story and Evolution of Doodles - G_6e786d/p_The first Doodle was a simple out-of-offi_345e61")): Object 'Object Repository/Page_The Story and Evolution of Doodles - G_6e786d/p_The first Doodle was a simple out-of-offi_345e61' is visible

07-06-2024T13:45:49 - [MESSAGE][PASSED] - Object 'Object Repository/Page_The Story and Evolution of Doodles - G_6e786d/p_The first Doodle was a simple out-of-offi_345e61' is visible

07-06-2024T13:45:49 - [TEST_STEP][PASSED] - verifyElementVisible(findTestObject("Object Repository/Page_The Story and Evolution of Doodles - G_6e786d/h2_Weve created more than 5,000 Doodles ove_111429")): Object 'Object Repository/Page_The Story and Evolution of Doodles - G_6e786d/h2_Weve created more than 5,000 Doodles ove_111429' is visible

07-06-2024T13:45:49 - [MESSAGE][PASSED] - Object 'Object Repository/Page_The Story and Evolution of Doodles - G_6e786d/h2_Weve created more than 5,000 Doodles ove_111429' is visible

07-06-2024T13:45:49 - [TEST_STEP][PASSED] - click(findTestObject("Object Repository/Page_The Story and Evolution of Doodles - G_6e786d/p_The first Doodle was a simple out-of-offi_345e61")): Object: 'Object Repository/Page_The Story and Evolution of Doodles - G_6e786d/p_The first Doodle was a simple out-of-offi_345e61' is clicked on

07-06-2024T13:45:49 - [MESSAGE][PASSED] - Object: 'Object Repository/Page_The Story and Evolution of Doodles - G_6e786d/p_The first Doodle was a simple out-of-offi_345e61' is clicked on

07-06-2024T13:45:49 - [TEST_STEP][PASSED] - verifyElementVisible(findTestObject("Object Repository/Page_The Story and Evolution of Doodles - G_6e786d/h1_The story behind Doodles")): Object 'Object Repository/Page_The Story and Evolution of Doodles - G_6e786d/h1_The story behind Doodles' is visible

07-06-2024T13:45:49 - [MESSAGE][PASSED] - Object 'Object Repository/Page_The Story and Evolution of Doodles - G_6e786d/h1_The story behind Doodles' is visible

07-06-2024T13:45:49 - [TEST_STEP][PASSED] - verifyElementVisible(findTestObject("Object Repository/Page_The Story and Evolution of Doodles - G_6e786d/p_The first Doodle was a simple out-of-offi_345e61")): Object 'Object Repository/Page_The Story and Evolution of Doodles - G_6e786d/p_The first Doodle was a simple out-of-offi_345e61' is visible

07-06-2024T13:45:50 - [MESSAGE][PASSED] - Object 'Object Repository/Page_The Story and Evolution of Doodles - G_6e786d/p_The first Doodle was a simple out-of-offi_345e61' is visible

07-06-2024T13:45:50 - [TEST_STEP][PASSED] - verifyElementVisible(findTestObject("Object Repository/Page_The Story and Evolution of Doodles - G_6e786d/h2_Weve created more than 5,000 Doodles ove_111429")): Object 'Object Repository/Page_The Story and Evolution of Doodles - G_6e786d/h2_Weve created more than 5,000 Doodles ove_111429' is visible

07-06-2024T13:45:50 - [MESSAGE][PASSED] - Object 'Object Repository/Page_The Story and Evolution of Doodles - G_6e786d/h2_Weve created more than 5,000 Doodles ove_111429' is visible

07-06-2024T13:45:50 - [TEST_STEP][PASSED] - click(findTestObject("Object Repository/Page_The Story and Evolution of Doodles - G_6e786d/p_The first Doodle was a simple out-of-offi_345e61")): Object: 'Object Repository/Page_The Story and Evolution of Doodles - G_6e786d/p_The first Doodle was a simple out-of-offi_345e61' is clicked on

07-06-2024T13:45:50 - [MESSAGE][PASSED] - Object: 'Object Repository/Page_The Story and Evolution of Doodles - G_6e786d/p_The first Doodle was a simple out-of-offi_345e61' is clicked on

07-06-2024T13:45:50 - [TEST_STEP][PASSED] - verifyElementVisible(findTestObject("Object Repository/Page_The Story and Evolution of Doodles - G_6e786d/h1_The story behind Doodles")): Object 'Object Repository/Page_The Story and Evolution of Doodles - G_6e786d/h1_The story behind Doodles' is visible

07-06-2024T13:45:50 - [MESSAGE][PASSED] - Object 'Object Repository/Page_The Story and Evolution of Doodles - G_6e786d/h1_The story behind Doodles' is visible

07-06-2024T13:45:50 - [TEST_STEP][PASSED] - verifyElementVisible(findTestObject("Object Repository/Page_The Story and Evolution of Doodles - G_6e786d/p_The first Doodle was a simple out-of-offi_345e61")): Object 'Object Repository/Page_The Story and Evolution of Doodles - G_6e786d/p_The first Doodle was a simple out-of-offi_345e61' is visible

07-06-2024T13:45:50 - [MESSAGE][PASSED] - Object 'Object Repository/Page_The Story and Evolution of Doodles - G_6e786d/p_The first Doodle was a simple out-of-offi_345e61' is visible

07-06-2024T13:45:50 - [TEST_STEP][PASSED] - verifyElementVisible(findTestObject("Object Repository/Page_The Story and Evolution of Doodles - G_6e786d/h2_Weve created more than 5,000 Doodles ove_111429")): Object 'Object Repository/Page_The Story and Evolution of Doodles - G_6e786d/h2_Weve created more than 5,000 Doodles ove_111429' is visible

07-06-2024T13:45:50 - [MESSAGE][PASSED] - Object 'Object Repository/Page_The Story and Evolution of Doodles - G_6e786d/h2_Weve created more than 5,000 Doodles ove_111429' is visible

07-06-2024T13:45:50 - [TEST_STEP][PASSED] - click(findTestObject("Object Repository/Page_The Story and Evolution of Doodles - G_6e786d/p_The first Doodle was a simple out-of-offi_345e61")): Object: 'Object Repository/Page_The Story and Evolution of Doodles - G_6e786d/p_The first Doodle was a simple out-of-offi_345e61' is clicked on

07-06-2024T13:45:50 - [MESSAGE][PASSED] - Object: 'Object Repository/Page_The Story and Evolution of Doodles - G_6e786d/p_The first Doodle was a simple out-of-offi_345e61' is clicked on

07-06-2024T13:45:50 - [TEST_STEP][PASSED] - verifyElementVisible(findTestObject("Object Repository/Page_The Story and Evolution of Doodles - G_6e786d/h1_The story behind Doodles")): Object 'Object Repository/Page_The Story and Evolution of Doodles - G_6e786d/h1_The story behind Doodles' is visible

07-06-2024T13:45:50 - [MESSAGE][PASSED] - Object 'Object Repository/Page_The Story and Evolution of Doodles - G_6e786d/h1_The story behind Doodles' is visible

07-06-2024T13:45:50 - [TEST_STEP][PASSED] - verifyElementVisible(findTestObject("Object Repository/Page_The Story and Evolution of Doodles - G_6e786d/p_The first Doodle was a simple out-of-offi_345e61")): Object 'Object Repository/Page_The Story and Evolution of Doodles - G_6e786d/p_The first Doodle was a simple out-of-offi_345e61' is visible

07-06-2024T13:45:50 - [MESSAGE][PASSED] - Object 'Object Repository/Page_The Story and Evolution of Doodles - G_6e786d/p_The first Doodle was a simple out-of-offi_345e61' is visible

07-06-2024T13:45:50 - [TEST_STEP][PASSED] - verifyElementVisible(findTestObject("Object Repository/Page_The Story and Evolution of Doodles - G_6e786d/h2_Weve created more than 5,000 Doodles ove_111429")): Object 'Object Repository/Page_The Story and Evolution of Doodles - G_6e786d/h2_Weve created more than 5,000 Doodles ove_111429' is visible

07-06-2024T13:45:50 - [MESSAGE][PASSED] - Object 'Object Repository/Page_The Story and Evolution of Doodles - G_6e786d/h2_Weve created more than 5,000 Doodles ove_111429' is visible]]></system-out>
         <system-err><![CDATA[]]></system-err>
      </testcase>
      <testcase name="Test Cases/test case folder 1/tc1 - Copy (6)" time="9.646" classname="Test Cases/test case folder 1/tc1 - Copy (6)" status="PASSED">
         <system-out><![CDATA[07-06-2024T13:45:50 - [TEST_CASE][PASSED] - Test Cases/test case folder 1/tc1 - Copy (6): Test Cases/test case folder 1/tc1 - Copy (6)

07-06-2024T13:45:50 - [TEST_STEP][PASSED] - openBrowser(""): Browser is opened with url: ''

07-06-2024T13:45:50 - [MESSAGE][WARNING] - A browser is already opened. Closing browser and opening a new one

07-06-2024T13:45:51 - [MESSAGE][INFO] - Starting 'Firefox (headless)' driver

07-06-2024T13:45:51 - [MESSAGE][INFO] - Action delay is set to 0 milliseconds

07-06-2024T13:45:53 - [MESSAGE][PASSED] - Browser is opened with url: ''

07-06-2024T13:45:53 - [TEST_STEP][PASSED] - navigateToUrl("https://doodles.google/about/"): Navigate to 'https://doodles.google/about/' successfully

07-06-2024T13:45:56 - [MESSAGE][PASSED] - Navigate to 'https://doodles.google/about/' successfully

07-06-2024T13:45:56 - [TEST_STEP][PASSED] - click(findTestObject("Object Repository/Page_The Story and Evolution of Doodles - G_6e786d/p_The first Doodle was a simple out-of-offi_345e61")): Object: 'Object Repository/Page_The Story and Evolution of Doodles - G_6e786d/p_The first Doodle was a simple out-of-offi_345e61' is clicked on

07-06-2024T13:45:56 - [MESSAGE][PASSED] - Object: 'Object Repository/Page_The Story and Evolution of Doodles - G_6e786d/p_The first Doodle was a simple out-of-offi_345e61' is clicked on

07-06-2024T13:45:56 - [TEST_STEP][PASSED] - click(findTestObject("Object Repository/Page_The Story and Evolution of Doodles - G_6e786d/p_The first Doodle was a simple out-of-offi_345e61")): Object: 'Object Repository/Page_The Story and Evolution of Doodles - G_6e786d/p_The first Doodle was a simple out-of-offi_345e61' is clicked on

07-06-2024T13:45:56 - [MESSAGE][PASSED] - Object: 'Object Repository/Page_The Story and Evolution of Doodles - G_6e786d/p_The first Doodle was a simple out-of-offi_345e61' is clicked on

07-06-2024T13:45:56 - [TEST_STEP][PASSED] - verifyElementVisible(findTestObject("Object Repository/Page_The Story and Evolution of Doodles - G_6e786d/h1_The story behind Doodles")): Object 'Object Repository/Page_The Story and Evolution of Doodles - G_6e786d/h1_The story behind Doodles' is visible

07-06-2024T13:45:56 - [MESSAGE][PASSED] - Object 'Object Repository/Page_The Story and Evolution of Doodles - G_6e786d/h1_The story behind Doodles' is visible

07-06-2024T13:45:56 - [TEST_STEP][PASSED] - verifyElementVisible(findTestObject("Object Repository/Page_The Story and Evolution of Doodles - G_6e786d/p_The first Doodle was a simple out-of-offi_345e61")): Object 'Object Repository/Page_The Story and Evolution of Doodles - G_6e786d/p_The first Doodle was a simple out-of-offi_345e61' is visible

07-06-2024T13:45:56 - [MESSAGE][PASSED] - Object 'Object Repository/Page_The Story and Evolution of Doodles - G_6e786d/p_The first Doodle was a simple out-of-offi_345e61' is visible

07-06-2024T13:45:56 - [TEST_STEP][PASSED] - verifyElementVisible(findTestObject("Object Repository/Page_The Story and Evolution of Doodles - G_6e786d/h2_Weve created more than 5,000 Doodles ove_111429")): Object 'Object Repository/Page_The Story and Evolution of Doodles - G_6e786d/h2_Weve created more than 5,000 Doodles ove_111429' is visible

07-06-2024T13:45:56 - [MESSAGE][PASSED] - Object 'Object Repository/Page_The Story and Evolution of Doodles - G_6e786d/h2_Weve created more than 5,000 Doodles ove_111429' is visible

07-06-2024T13:45:56 - [TEST_STEP][PASSED] - verifyElementVisible(findTestObject("Object Repository/Page_The Story and Evolution of Doodles - G_6e786d/h1_The story behind Doodles")): Object 'Object Repository/Page_The Story and Evolution of Doodles - G_6e786d/h1_The story behind Doodles' is visible

07-06-2024T13:45:56 - [MESSAGE][PASSED] - Object 'Object Repository/Page_The Story and Evolution of Doodles - G_6e786d/h1_The story behind Doodles' is visible

07-06-2024T13:45:56 - [TEST_STEP][PASSED] - verifyElementVisible(findTestObject("Object Repository/Page_The Story and Evolution of Doodles - G_6e786d/p_The first Doodle was a simple out-of-offi_345e61")): Object 'Object Repository/Page_The Story and Evolution of Doodles - G_6e786d/p_The first Doodle was a simple out-of-offi_345e61' is visible

07-06-2024T13:45:57 - [MESSAGE][PASSED] - Object 'Object Repository/Page_The Story and Evolution of Doodles - G_6e786d/p_The first Doodle was a simple out-of-offi_345e61' is visible

07-06-2024T13:45:57 - [TEST_STEP][PASSED] - verifyElementVisible(findTestObject("Object Repository/Page_The Story and Evolution of Doodles - G_6e786d/h2_Weve created more than 5,000 Doodles ove_111429")): Object 'Object Repository/Page_The Story and Evolution of Doodles - G_6e786d/h2_Weve created more than 5,000 Doodles ove_111429' is visible

07-06-2024T13:45:57 - [MESSAGE][PASSED] - Object 'Object Repository/Page_The Story and Evolution of Doodles - G_6e786d/h2_Weve created more than 5,000 Doodles ove_111429' is visible

07-06-2024T13:45:57 - [TEST_STEP][PASSED] - click(findTestObject("Object Repository/Page_The Story and Evolution of Doodles - G_6e786d/p_The first Doodle was a simple out-of-offi_345e61")): Object: 'Object Repository/Page_The Story and Evolution of Doodles - G_6e786d/p_The first Doodle was a simple out-of-offi_345e61' is clicked on

07-06-2024T13:45:57 - [MESSAGE][PASSED] - Object: 'Object Repository/Page_The Story and Evolution of Doodles - G_6e786d/p_The first Doodle was a simple out-of-offi_345e61' is clicked on

07-06-2024T13:45:57 - [TEST_STEP][PASSED] - verifyElementVisible(findTestObject("Object Repository/Page_The Story and Evolution of Doodles - G_6e786d/h1_The story behind Doodles")): Object 'Object Repository/Page_The Story and Evolution of Doodles - G_6e786d/h1_The story behind Doodles' is visible

07-06-2024T13:45:57 - [MESSAGE][PASSED] - Object 'Object Repository/Page_The Story and Evolution of Doodles - G_6e786d/h1_The story behind Doodles' is visible

07-06-2024T13:45:57 - [TEST_STEP][PASSED] - verifyElementVisible(findTestObject("Object Repository/Page_The Story and Evolution of Doodles - G_6e786d/p_The first Doodle was a simple out-of-offi_345e61")): Object 'Object Repository/Page_The Story and Evolution of Doodles - G_6e786d/p_The first Doodle was a simple out-of-offi_345e61' is visible

07-06-2024T13:45:57 - [MESSAGE][PASSED] - Object 'Object Repository/Page_The Story and Evolution of Doodles - G_6e786d/p_The first Doodle was a simple out-of-offi_345e61' is visible

07-06-2024T13:45:57 - [TEST_STEP][PASSED] - verifyElementVisible(findTestObject("Object Repository/Page_The Story and Evolution of Doodles - G_6e786d/h2_Weve created more than 5,000 Doodles ove_111429")): Object 'Object Repository/Page_The Story and Evolution of Doodles - G_6e786d/h2_Weve created more than 5,000 Doodles ove_111429' is visible

07-06-2024T13:45:57 - [MESSAGE][PASSED] - Object 'Object Repository/Page_The Story and Evolution of Doodles - G_6e786d/h2_Weve created more than 5,000 Doodles ove_111429' is visible

07-06-2024T13:45:57 - [TEST_STEP][PASSED] - click(findTestObject("Object Repository/Page_The Story and Evolution of Doodles - G_6e786d/p_The first Doodle was a simple out-of-offi_345e61")): Object: 'Object Repository/Page_The Story and Evolution of Doodles - G_6e786d/p_The first Doodle was a simple out-of-offi_345e61' is clicked on

07-06-2024T13:45:57 - [MESSAGE][PASSED] - Object: 'Object Repository/Page_The Story and Evolution of Doodles - G_6e786d/p_The first Doodle was a simple out-of-offi_345e61' is clicked on

07-06-2024T13:45:57 - [TEST_STEP][PASSED] - verifyElementVisible(findTestObject("Object Repository/Page_The Story and Evolution of Doodles - G_6e786d/h1_The story behind Doodles")): Object 'Object Repository/Page_The Story and Evolution of Doodles - G_6e786d/h1_The story behind Doodles' is visible

07-06-2024T13:45:57 - [MESSAGE][PASSED] - Object 'Object Repository/Page_The Story and Evolution of Doodles - G_6e786d/h1_The story behind Doodles' is visible

07-06-2024T13:45:57 - [TEST_STEP][PASSED] - verifyElementVisible(findTestObject("Object Repository/Page_The Story and Evolution of Doodles - G_6e786d/p_The first Doodle was a simple out-of-offi_345e61")): Object 'Object Repository/Page_The Story and Evolution of Doodles - G_6e786d/p_The first Doodle was a simple out-of-offi_345e61' is visible

07-06-2024T13:45:57 - [MESSAGE][PASSED] - Object 'Object Repository/Page_The Story and Evolution of Doodles - G_6e786d/p_The first Doodle was a simple out-of-offi_345e61' is visible

07-06-2024T13:45:57 - [TEST_STEP][PASSED] - verifyElementVisible(findTestObject("Object Repository/Page_The Story and Evolution of Doodles - G_6e786d/h2_Weve created more than 5,000 Doodles ove_111429")): Object 'Object Repository/Page_The Story and Evolution of Doodles - G_6e786d/h2_Weve created more than 5,000 Doodles ove_111429' is visible

07-06-2024T13:45:57 - [MESSAGE][PASSED] - Object 'Object Repository/Page_The Story and Evolution of Doodles - G_6e786d/h2_Weve created more than 5,000 Doodles ove_111429' is visible

07-06-2024T13:45:57 - [TEST_STEP][PASSED] - click(findTestObject("Object Repository/Page_The Story and Evolution of Doodles - G_6e786d/p_The first Doodle was a simple out-of-offi_345e61")): Object: 'Object Repository/Page_The Story and Evolution of Doodles - G_6e786d/p_The first Doodle was a simple out-of-offi_345e61' is clicked on

07-06-2024T13:45:58 - [MESSAGE][PASSED] - Object: 'Object Repository/Page_The Story and Evolution of Doodles - G_6e786d/p_The first Doodle was a simple out-of-offi_345e61' is clicked on

07-06-2024T13:45:58 - [TEST_STEP][PASSED] - verifyElementVisible(findTestObject("Object Repository/Page_The Story and Evolution of Doodles - G_6e786d/h1_The story behind Doodles")): Object 'Object Repository/Page_The Story and Evolution of Doodles - G_6e786d/h1_The story behind Doodles' is visible

07-06-2024T13:45:58 - [MESSAGE][PASSED] - Object 'Object Repository/Page_The Story and Evolution of Doodles - G_6e786d/h1_The story behind Doodles' is visible

07-06-2024T13:45:58 - [TEST_STEP][PASSED] - verifyElementVisible(findTestObject("Object Repository/Page_The Story and Evolution of Doodles - G_6e786d/p_The first Doodle was a simple out-of-offi_345e61")): Object 'Object Repository/Page_The Story and Evolution of Doodles - G_6e786d/p_The first Doodle was a simple out-of-offi_345e61' is visible

07-06-2024T13:45:58 - [MESSAGE][PASSED] - Object 'Object Repository/Page_The Story and Evolution of Doodles - G_6e786d/p_The first Doodle was a simple out-of-offi_345e61' is visible

07-06-2024T13:45:58 - [TEST_STEP][PASSED] - verifyElementVisible(findTestObject("Object Repository/Page_The Story and Evolution of Doodles - G_6e786d/h2_Weve created more than 5,000 Doodles ove_111429")): Object 'Object Repository/Page_The Story and Evolution of Doodles - G_6e786d/h2_Weve created more than 5,000 Doodles ove_111429' is visible

07-06-2024T13:45:58 - [MESSAGE][PASSED] - Object 'Object Repository/Page_The Story and Evolution of Doodles - G_6e786d/h2_Weve created more than 5,000 Doodles ove_111429' is visible

07-06-2024T13:45:58 - [TEST_STEP][PASSED] - click(findTestObject("Object Repository/Page_The Story and Evolution of Doodles - G_6e786d/p_The first Doodle was a simple out-of-offi_345e61")): Object: 'Object Repository/Page_The Story and Evolution of Doodles - G_6e786d/p_The first Doodle was a simple out-of-offi_345e61' is clicked on

07-06-2024T13:45:58 - [MESSAGE][PASSED] - Object: 'Object Repository/Page_The Story and Evolution of Doodles - G_6e786d/p_The first Doodle was a simple out-of-offi_345e61' is clicked on

07-06-2024T13:45:58 - [TEST_STEP][PASSED] - verifyElementVisible(findTestObject("Object Repository/Page_The Story and Evolution of Doodles - G_6e786d/h1_The story behind Doodles")): Object 'Object Repository/Page_The Story and Evolution of Doodles - G_6e786d/h1_The story behind Doodles' is visible

07-06-2024T13:45:58 - [MESSAGE][PASSED] - Object 'Object Repository/Page_The Story and Evolution of Doodles - G_6e786d/h1_The story behind Doodles' is visible

07-06-2024T13:45:58 - [TEST_STEP][PASSED] - verifyElementVisible(findTestObject("Object Repository/Page_The Story and Evolution of Doodles - G_6e786d/p_The first Doodle was a simple out-of-offi_345e61")): Object 'Object Repository/Page_The Story and Evolution of Doodles - G_6e786d/p_The first Doodle was a simple out-of-offi_345e61' is visible

07-06-2024T13:45:58 - [MESSAGE][PASSED] - Object 'Object Repository/Page_The Story and Evolution of Doodles - G_6e786d/p_The first Doodle was a simple out-of-offi_345e61' is visible

07-06-2024T13:45:58 - [TEST_STEP][PASSED] - verifyElementVisible(findTestObject("Object Repository/Page_The Story and Evolution of Doodles - G_6e786d/h2_Weve created more than 5,000 Doodles ove_111429")): Object 'Object Repository/Page_The Story and Evolution of Doodles - G_6e786d/h2_Weve created more than 5,000 Doodles ove_111429' is visible

07-06-2024T13:45:58 - [MESSAGE][PASSED] - Object 'Object Repository/Page_The Story and Evolution of Doodles - G_6e786d/h2_Weve created more than 5,000 Doodles ove_111429' is visible

07-06-2024T13:45:58 - [TEST_STEP][PASSED] - click(findTestObject("Object Repository/Page_The Story and Evolution of Doodles - G_6e786d/p_The first Doodle was a simple out-of-offi_345e61")): Object: 'Object Repository/Page_The Story and Evolution of Doodles - G_6e786d/p_The first Doodle was a simple out-of-offi_345e61' is clicked on

07-06-2024T13:45:58 - [MESSAGE][PASSED] - Object: 'Object Repository/Page_The Story and Evolution of Doodles - G_6e786d/p_The first Doodle was a simple out-of-offi_345e61' is clicked on

07-06-2024T13:45:58 - [TEST_STEP][PASSED] - verifyElementVisible(findTestObject("Object Repository/Page_The Story and Evolution of Doodles - G_6e786d/h1_The story behind Doodles")): Object 'Object Repository/Page_The Story and Evolution of Doodles - G_6e786d/h1_The story behind Doodles' is visible

07-06-2024T13:45:58 - [MESSAGE][PASSED] - Object 'Object Repository/Page_The Story and Evolution of Doodles - G_6e786d/h1_The story behind Doodles' is visible

07-06-2024T13:45:58 - [TEST_STEP][PASSED] - verifyElementVisible(findTestObject("Object Repository/Page_The Story and Evolution of Doodles - G_6e786d/p_The first Doodle was a simple out-of-offi_345e61")): Object 'Object Repository/Page_The Story and Evolution of Doodles - G_6e786d/p_The first Doodle was a simple out-of-offi_345e61' is visible

07-06-2024T13:45:59 - [MESSAGE][PASSED] - Object 'Object Repository/Page_The Story and Evolution of Doodles - G_6e786d/p_The first Doodle was a simple out-of-offi_345e61' is visible

07-06-2024T13:45:59 - [TEST_STEP][PASSED] - verifyElementVisible(findTestObject("Object Repository/Page_The Story and Evolution of Doodles - G_6e786d/h2_Weve created more than 5,000 Doodles ove_111429")): Object 'Object Repository/Page_The Story and Evolution of Doodles - G_6e786d/h2_Weve created more than 5,000 Doodles ove_111429' is visible

07-06-2024T13:45:59 - [MESSAGE][PASSED] - Object 'Object Repository/Page_The Story and Evolution of Doodles - G_6e786d/h2_Weve created more than 5,000 Doodles ove_111429' is visible

07-06-2024T13:45:59 - [TEST_STEP][PASSED] - click(findTestObject("Object Repository/Page_The Story and Evolution of Doodles - G_6e786d/p_The first Doodle was a simple out-of-offi_345e61")): Object: 'Object Repository/Page_The Story and Evolution of Doodles - G_6e786d/p_The first Doodle was a simple out-of-offi_345e61' is clicked on

07-06-2024T13:45:59 - [MESSAGE][PASSED] - Object: 'Object Repository/Page_The Story and Evolution of Doodles - G_6e786d/p_The first Doodle was a simple out-of-offi_345e61' is clicked on

07-06-2024T13:45:59 - [TEST_STEP][PASSED] - verifyElementVisible(findTestObject("Object Repository/Page_The Story and Evolution of Doodles - G_6e786d/h1_The story behind Doodles")): Object 'Object Repository/Page_The Story and Evolution of Doodles - G_6e786d/h1_The story behind Doodles' is visible

07-06-2024T13:45:59 - [MESSAGE][PASSED] - Object 'Object Repository/Page_The Story and Evolution of Doodles - G_6e786d/h1_The story behind Doodles' is visible

07-06-2024T13:45:59 - [TEST_STEP][PASSED] - verifyElementVisible(findTestObject("Object Repository/Page_The Story and Evolution of Doodles - G_6e786d/p_The first Doodle was a simple out-of-offi_345e61")): Object 'Object Repository/Page_The Story and Evolution of Doodles - G_6e786d/p_The first Doodle was a simple out-of-offi_345e61' is visible

07-06-2024T13:45:59 - [MESSAGE][PASSED] - Object 'Object Repository/Page_The Story and Evolution of Doodles - G_6e786d/p_The first Doodle was a simple out-of-offi_345e61' is visible

07-06-2024T13:45:59 - [TEST_STEP][PASSED] - verifyElementVisible(findTestObject("Object Repository/Page_The Story and Evolution of Doodles - G_6e786d/h2_Weve created more than 5,000 Doodles ove_111429")): Object 'Object Repository/Page_The Story and Evolution of Doodles - G_6e786d/h2_Weve created more than 5,000 Doodles ove_111429' is visible

07-06-2024T13:45:59 - [MESSAGE][PASSED] - Object 'Object Repository/Page_The Story and Evolution of Doodles - G_6e786d/h2_Weve created more than 5,000 Doodles ove_111429' is visible

07-06-2024T13:45:59 - [TEST_STEP][PASSED] - click(findTestObject("Object Repository/Page_The Story and Evolution of Doodles - G_6e786d/p_The first Doodle was a simple out-of-offi_345e61")): Object: 'Object Repository/Page_The Story and Evolution of Doodles - G_6e786d/p_The first Doodle was a simple out-of-offi_345e61' is clicked on

07-06-2024T13:45:59 - [MESSAGE][PASSED] - Object: 'Object Repository/Page_The Story and Evolution of Doodles - G_6e786d/p_The first Doodle was a simple out-of-offi_345e61' is clicked on

07-06-2024T13:45:59 - [TEST_STEP][PASSED] - verifyElementVisible(findTestObject("Object Repository/Page_The Story and Evolution of Doodles - G_6e786d/h1_The story behind Doodles")): Object 'Object Repository/Page_The Story and Evolution of Doodles - G_6e786d/h1_The story behind Doodles' is visible

07-06-2024T13:45:59 - [MESSAGE][PASSED] - Object 'Object Repository/Page_The Story and Evolution of Doodles - G_6e786d/h1_The story behind Doodles' is visible

07-06-2024T13:45:59 - [TEST_STEP][PASSED] - verifyElementVisible(findTestObject("Object Repository/Page_The Story and Evolution of Doodles - G_6e786d/p_The first Doodle was a simple out-of-offi_345e61")): Object 'Object Repository/Page_The Story and Evolution of Doodles - G_6e786d/p_The first Doodle was a simple out-of-offi_345e61' is visible

07-06-2024T13:45:59 - [MESSAGE][PASSED] - Object 'Object Repository/Page_The Story and Evolution of Doodles - G_6e786d/p_The first Doodle was a simple out-of-offi_345e61' is visible

07-06-2024T13:45:59 - [TEST_STEP][PASSED] - verifyElementVisible(findTestObject("Object Repository/Page_The Story and Evolution of Doodles - G_6e786d/h2_Weve created more than 5,000 Doodles ove_111429")): Object 'Object Repository/Page_The Story and Evolution of Doodles - G_6e786d/h2_Weve created more than 5,000 Doodles ove_111429' is visible

07-06-2024T13:45:59 - [MESSAGE][PASSED] - Object 'Object Repository/Page_The Story and Evolution of Doodles - G_6e786d/h2_Weve created more than 5,000 Doodles ove_111429' is visible

07-06-2024T13:45:59 - [TEST_STEP][PASSED] - click(findTestObject("Object Repository/Page_The Story and Evolution of Doodles - G_6e786d/p_The first Doodle was a simple out-of-offi_345e61")): Object: 'Object Repository/Page_The Story and Evolution of Doodles - G_6e786d/p_The first Doodle was a simple out-of-offi_345e61' is clicked on

07-06-2024T13:46:00 - [MESSAGE][PASSED] - Object: 'Object Repository/Page_The Story and Evolution of Doodles - G_6e786d/p_The first Doodle was a simple out-of-offi_345e61' is clicked on

07-06-2024T13:46:00 - [TEST_STEP][PASSED] - verifyElementVisible(findTestObject("Object Repository/Page_The Story and Evolution of Doodles - G_6e786d/h1_The story behind Doodles")): Object 'Object Repository/Page_The Story and Evolution of Doodles - G_6e786d/h1_The story behind Doodles' is visible

07-06-2024T13:46:00 - [MESSAGE][PASSED] - Object 'Object Repository/Page_The Story and Evolution of Doodles - G_6e786d/h1_The story behind Doodles' is visible

07-06-2024T13:46:00 - [TEST_STEP][PASSED] - verifyElementVisible(findTestObject("Object Repository/Page_The Story and Evolution of Doodles - G_6e786d/p_The first Doodle was a simple out-of-offi_345e61")): Object 'Object Repository/Page_The Story and Evolution of Doodles - G_6e786d/p_The first Doodle was a simple out-of-offi_345e61' is visible

07-06-2024T13:46:00 - [MESSAGE][PASSED] - Object 'Object Repository/Page_The Story and Evolution of Doodles - G_6e786d/p_The first Doodle was a simple out-of-offi_345e61' is visible

07-06-2024T13:46:00 - [TEST_STEP][PASSED] - verifyElementVisible(findTestObject("Object Repository/Page_The Story and Evolution of Doodles - G_6e786d/h2_Weve created more than 5,000 Doodles ove_111429")): Object 'Object Repository/Page_The Story and Evolution of Doodles - G_6e786d/h2_Weve created more than 5,000 Doodles ove_111429' is visible

07-06-2024T13:46:00 - [MESSAGE][PASSED] - Object 'Object Repository/Page_The Story and Evolution of Doodles - G_6e786d/h2_Weve created more than 5,000 Doodles ove_111429' is visible

07-06-2024T13:46:00 - [TEST_STEP][PASSED] - click(findTestObject("Object Repository/Page_The Story and Evolution of Doodles - G_6e786d/p_The first Doodle was a simple out-of-offi_345e61")): Object: 'Object Repository/Page_The Story and Evolution of Doodles - G_6e786d/p_The first Doodle was a simple out-of-offi_345e61' is clicked on

07-06-2024T13:46:00 - [MESSAGE][PASSED] - Object: 'Object Repository/Page_The Story and Evolution of Doodles - G_6e786d/p_The first Doodle was a simple out-of-offi_345e61' is clicked on

07-06-2024T13:46:00 - [TEST_STEP][PASSED] - verifyElementVisible(findTestObject("Object Repository/Page_The Story and Evolution of Doodles - G_6e786d/h1_The story behind Doodles")): Object 'Object Repository/Page_The Story and Evolution of Doodles - G_6e786d/h1_The story behind Doodles' is visible

07-06-2024T13:46:00 - [MESSAGE][PASSED] - Object 'Object Repository/Page_The Story and Evolution of Doodles - G_6e786d/h1_The story behind Doodles' is visible

07-06-2024T13:46:00 - [TEST_STEP][PASSED] - verifyElementVisible(findTestObject("Object Repository/Page_The Story and Evolution of Doodles - G_6e786d/p_The first Doodle was a simple out-of-offi_345e61")): Object 'Object Repository/Page_The Story and Evolution of Doodles - G_6e786d/p_The first Doodle was a simple out-of-offi_345e61' is visible

07-06-2024T13:46:00 - [MESSAGE][PASSED] - Object 'Object Repository/Page_The Story and Evolution of Doodles - G_6e786d/p_The first Doodle was a simple out-of-offi_345e61' is visible

07-06-2024T13:46:00 - [TEST_STEP][PASSED] - verifyElementVisible(findTestObject("Object Repository/Page_The Story and Evolution of Doodles - G_6e786d/h2_Weve created more than 5,000 Doodles ove_111429")): Object 'Object Repository/Page_The Story and Evolution of Doodles - G_6e786d/h2_Weve created more than 5,000 Doodles ove_111429' is visible

07-06-2024T13:46:00 - [MESSAGE][PASSED] - Object 'Object Repository/Page_The Story and Evolution of Doodles - G_6e786d/h2_Weve created more than 5,000 Doodles ove_111429' is visible]]></system-out>
         <system-err><![CDATA[]]></system-err>
      </testcase>
      <testcase name="Test Cases/test case folder 1/tc1 - Copy" time="9.279" classname="Test Cases/test case folder 1/tc1 - Copy" status="PASSED">
         <system-out><![CDATA[07-06-2024T13:46:00 - [TEST_CASE][PASSED] - Test Cases/test case folder 1/tc1 - Copy: Test Cases/test case folder 1/tc1 - Copy

07-06-2024T13:46:00 - [TEST_STEP][PASSED] - openBrowser(""): Browser is opened with url: ''

07-06-2024T13:46:00 - [MESSAGE][WARNING] - A browser is already opened. Closing browser and opening a new one

07-06-2024T13:46:01 - [MESSAGE][INFO] - Starting 'Firefox (headless)' driver

07-06-2024T13:46:01 - [MESSAGE][INFO] - Action delay is set to 0 milliseconds

07-06-2024T13:46:03 - [MESSAGE][PASSED] - Browser is opened with url: ''

07-06-2024T13:46:03 - [TEST_STEP][PASSED] - navigateToUrl("https://doodles.google/about/"): Navigate to 'https://doodles.google/about/' successfully

07-06-2024T13:46:05 - [MESSAGE][PASSED] - Navigate to 'https://doodles.google/about/' successfully

07-06-2024T13:46:05 - [TEST_STEP][PASSED] - click(findTestObject("Object Repository/Page_The Story and Evolution of Doodles - G_6e786d/p_The first Doodle was a simple out-of-offi_345e61")): Object: 'Object Repository/Page_The Story and Evolution of Doodles - G_6e786d/p_The first Doodle was a simple out-of-offi_345e61' is clicked on

07-06-2024T13:46:05 - [MESSAGE][PASSED] - Object: 'Object Repository/Page_The Story and Evolution of Doodles - G_6e786d/p_The first Doodle was a simple out-of-offi_345e61' is clicked on

07-06-2024T13:46:05 - [TEST_STEP][PASSED] - click(findTestObject("Object Repository/Page_The Story and Evolution of Doodles - G_6e786d/p_The first Doodle was a simple out-of-offi_345e61")): Object: 'Object Repository/Page_The Story and Evolution of Doodles - G_6e786d/p_The first Doodle was a simple out-of-offi_345e61' is clicked on

07-06-2024T13:46:06 - [MESSAGE][PASSED] - Object: 'Object Repository/Page_The Story and Evolution of Doodles - G_6e786d/p_The first Doodle was a simple out-of-offi_345e61' is clicked on

07-06-2024T13:46:06 - [TEST_STEP][PASSED] - verifyElementVisible(findTestObject("Object Repository/Page_The Story and Evolution of Doodles - G_6e786d/h1_The story behind Doodles")): Object 'Object Repository/Page_The Story and Evolution of Doodles - G_6e786d/h1_The story behind Doodles' is visible

07-06-2024T13:46:06 - [MESSAGE][PASSED] - Object 'Object Repository/Page_The Story and Evolution of Doodles - G_6e786d/h1_The story behind Doodles' is visible

07-06-2024T13:46:06 - [TEST_STEP][PASSED] - verifyElementVisible(findTestObject("Object Repository/Page_The Story and Evolution of Doodles - G_6e786d/p_The first Doodle was a simple out-of-offi_345e61")): Object 'Object Repository/Page_The Story and Evolution of Doodles - G_6e786d/p_The first Doodle was a simple out-of-offi_345e61' is visible

07-06-2024T13:46:06 - [MESSAGE][PASSED] - Object 'Object Repository/Page_The Story and Evolution of Doodles - G_6e786d/p_The first Doodle was a simple out-of-offi_345e61' is visible

07-06-2024T13:46:06 - [TEST_STEP][PASSED] - verifyElementVisible(findTestObject("Object Repository/Page_The Story and Evolution of Doodles - G_6e786d/h2_Weve created more than 5,000 Doodles ove_111429")): Object 'Object Repository/Page_The Story and Evolution of Doodles - G_6e786d/h2_Weve created more than 5,000 Doodles ove_111429' is visible

07-06-2024T13:46:06 - [MESSAGE][PASSED] - Object 'Object Repository/Page_The Story and Evolution of Doodles - G_6e786d/h2_Weve created more than 5,000 Doodles ove_111429' is visible

07-06-2024T13:46:06 - [TEST_STEP][PASSED] - verifyElementVisible(findTestObject("Object Repository/Page_The Story and Evolution of Doodles - G_6e786d/h1_The story behind Doodles")): Object 'Object Repository/Page_The Story and Evolution of Doodles - G_6e786d/h1_The story behind Doodles' is visible

07-06-2024T13:46:06 - [MESSAGE][PASSED] - Object 'Object Repository/Page_The Story and Evolution of Doodles - G_6e786d/h1_The story behind Doodles' is visible

07-06-2024T13:46:06 - [TEST_STEP][PASSED] - verifyElementVisible(findTestObject("Object Repository/Page_The Story and Evolution of Doodles - G_6e786d/p_The first Doodle was a simple out-of-offi_345e61")): Object 'Object Repository/Page_The Story and Evolution of Doodles - G_6e786d/p_The first Doodle was a simple out-of-offi_345e61' is visible

07-06-2024T13:46:06 - [MESSAGE][PASSED] - Object 'Object Repository/Page_The Story and Evolution of Doodles - G_6e786d/p_The first Doodle was a simple out-of-offi_345e61' is visible

07-06-2024T13:46:06 - [TEST_STEP][PASSED] - verifyElementVisible(findTestObject("Object Repository/Page_The Story and Evolution of Doodles - G_6e786d/h2_Weve created more than 5,000 Doodles ove_111429")): Object 'Object Repository/Page_The Story and Evolution of Doodles - G_6e786d/h2_Weve created more than 5,000 Doodles ove_111429' is visible

07-06-2024T13:46:06 - [MESSAGE][PASSED] - Object 'Object Repository/Page_The Story and Evolution of Doodles - G_6e786d/h2_Weve created more than 5,000 Doodles ove_111429' is visible

07-06-2024T13:46:06 - [TEST_STEP][PASSED] - click(findTestObject("Object Repository/Page_The Story and Evolution of Doodles - G_6e786d/p_The first Doodle was a simple out-of-offi_345e61")): Object: 'Object Repository/Page_The Story and Evolution of Doodles - G_6e786d/p_The first Doodle was a simple out-of-offi_345e61' is clicked on

07-06-2024T13:46:06 - [MESSAGE][PASSED] - Object: 'Object Repository/Page_The Story and Evolution of Doodles - G_6e786d/p_The first Doodle was a simple out-of-offi_345e61' is clicked on

07-06-2024T13:46:06 - [TEST_STEP][PASSED] - verifyElementVisible(findTestObject("Object Repository/Page_The Story and Evolution of Doodles - G_6e786d/h1_The story behind Doodles")): Object 'Object Repository/Page_The Story and Evolution of Doodles - G_6e786d/h1_The story behind Doodles' is visible

07-06-2024T13:46:06 - [MESSAGE][PASSED] - Object 'Object Repository/Page_The Story and Evolution of Doodles - G_6e786d/h1_The story behind Doodles' is visible

07-06-2024T13:46:06 - [TEST_STEP][PASSED] - verifyElementVisible(findTestObject("Object Repository/Page_The Story and Evolution of Doodles - G_6e786d/p_The first Doodle was a simple out-of-offi_345e61")): Object 'Object Repository/Page_The Story and Evolution of Doodles - G_6e786d/p_The first Doodle was a simple out-of-offi_345e61' is visible

07-06-2024T13:46:06 - [MESSAGE][PASSED] - Object 'Object Repository/Page_The Story and Evolution of Doodles - G_6e786d/p_The first Doodle was a simple out-of-offi_345e61' is visible

07-06-2024T13:46:06 - [TEST_STEP][PASSED] - verifyElementVisible(findTestObject("Object Repository/Page_The Story and Evolution of Doodles - G_6e786d/h2_Weve created more than 5,000 Doodles ove_111429")): Object 'Object Repository/Page_The Story and Evolution of Doodles - G_6e786d/h2_Weve created more than 5,000 Doodles ove_111429' is visible

07-06-2024T13:46:06 - [MESSAGE][PASSED] - Object 'Object Repository/Page_The Story and Evolution of Doodles - G_6e786d/h2_Weve created more than 5,000 Doodles ove_111429' is visible

07-06-2024T13:46:06 - [TEST_STEP][PASSED] - click(findTestObject("Object Repository/Page_The Story and Evolution of Doodles - G_6e786d/p_The first Doodle was a simple out-of-offi_345e61")): Object: 'Object Repository/Page_The Story and Evolution of Doodles - G_6e786d/p_The first Doodle was a simple out-of-offi_345e61' is clicked on

07-06-2024T13:46:06 - [MESSAGE][PASSED] - Object: 'Object Repository/Page_The Story and Evolution of Doodles - G_6e786d/p_The first Doodle was a simple out-of-offi_345e61' is clicked on

07-06-2024T13:46:06 - [TEST_STEP][PASSED] - verifyElementVisible(findTestObject("Object Repository/Page_The Story and Evolution of Doodles - G_6e786d/h1_The story behind Doodles")): Object 'Object Repository/Page_The Story and Evolution of Doodles - G_6e786d/h1_The story behind Doodles' is visible

07-06-2024T13:46:07 - [MESSAGE][PASSED] - Object 'Object Repository/Page_The Story and Evolution of Doodles - G_6e786d/h1_The story behind Doodles' is visible

07-06-2024T13:46:07 - [TEST_STEP][PASSED] - verifyElementVisible(findTestObject("Object Repository/Page_The Story and Evolution of Doodles - G_6e786d/p_The first Doodle was a simple out-of-offi_345e61")): Object 'Object Repository/Page_The Story and Evolution of Doodles - G_6e786d/p_The first Doodle was a simple out-of-offi_345e61' is visible

07-06-2024T13:46:07 - [MESSAGE][PASSED] - Object 'Object Repository/Page_The Story and Evolution of Doodles - G_6e786d/p_The first Doodle was a simple out-of-offi_345e61' is visible

07-06-2024T13:46:07 - [TEST_STEP][PASSED] - verifyElementVisible(findTestObject("Object Repository/Page_The Story and Evolution of Doodles - G_6e786d/h2_Weve created more than 5,000 Doodles ove_111429")): Object 'Object Repository/Page_The Story and Evolution of Doodles - G_6e786d/h2_Weve created more than 5,000 Doodles ove_111429' is visible

07-06-2024T13:46:07 - [MESSAGE][PASSED] - Object 'Object Repository/Page_The Story and Evolution of Doodles - G_6e786d/h2_Weve created more than 5,000 Doodles ove_111429' is visible

07-06-2024T13:46:07 - [TEST_STEP][PASSED] - click(findTestObject("Object Repository/Page_The Story and Evolution of Doodles - G_6e786d/p_The first Doodle was a simple out-of-offi_345e61")): Object: 'Object Repository/Page_The Story and Evolution of Doodles - G_6e786d/p_The first Doodle was a simple out-of-offi_345e61' is clicked on

07-06-2024T13:46:07 - [MESSAGE][PASSED] - Object: 'Object Repository/Page_The Story and Evolution of Doodles - G_6e786d/p_The first Doodle was a simple out-of-offi_345e61' is clicked on

07-06-2024T13:46:07 - [TEST_STEP][PASSED] - verifyElementVisible(findTestObject("Object Repository/Page_The Story and Evolution of Doodles - G_6e786d/h1_The story behind Doodles")): Object 'Object Repository/Page_The Story and Evolution of Doodles - G_6e786d/h1_The story behind Doodles' is visible

07-06-2024T13:46:07 - [MESSAGE][PASSED] - Object 'Object Repository/Page_The Story and Evolution of Doodles - G_6e786d/h1_The story behind Doodles' is visible

07-06-2024T13:46:07 - [TEST_STEP][PASSED] - verifyElementVisible(findTestObject("Object Repository/Page_The Story and Evolution of Doodles - G_6e786d/p_The first Doodle was a simple out-of-offi_345e61")): Object 'Object Repository/Page_The Story and Evolution of Doodles - G_6e786d/p_The first Doodle was a simple out-of-offi_345e61' is visible

07-06-2024T13:46:07 - [MESSAGE][PASSED] - Object 'Object Repository/Page_The Story and Evolution of Doodles - G_6e786d/p_The first Doodle was a simple out-of-offi_345e61' is visible

07-06-2024T13:46:07 - [TEST_STEP][PASSED] - verifyElementVisible(findTestObject("Object Repository/Page_The Story and Evolution of Doodles - G_6e786d/h2_Weve created more than 5,000 Doodles ove_111429")): Object 'Object Repository/Page_The Story and Evolution of Doodles - G_6e786d/h2_Weve created more than 5,000 Doodles ove_111429' is visible

07-06-2024T13:46:07 - [MESSAGE][PASSED] - Object 'Object Repository/Page_The Story and Evolution of Doodles - G_6e786d/h2_Weve created more than 5,000 Doodles ove_111429' is visible

07-06-2024T13:46:07 - [TEST_STEP][PASSED] - click(findTestObject("Object Repository/Page_The Story and Evolution of Doodles - G_6e786d/p_The first Doodle was a simple out-of-offi_345e61")): Object: 'Object Repository/Page_The Story and Evolution of Doodles - G_6e786d/p_The first Doodle was a simple out-of-offi_345e61' is clicked on

07-06-2024T13:46:07 - [MESSAGE][PASSED] - Object: 'Object Repository/Page_The Story and Evolution of Doodles - G_6e786d/p_The first Doodle was a simple out-of-offi_345e61' is clicked on

07-06-2024T13:46:07 - [TEST_STEP][PASSED] - verifyElementVisible(findTestObject("Object Repository/Page_The Story and Evolution of Doodles - G_6e786d/h1_The story behind Doodles")): Object 'Object Repository/Page_The Story and Evolution of Doodles - G_6e786d/h1_The story behind Doodles' is visible

07-06-2024T13:46:07 - [MESSAGE][PASSED] - Object 'Object Repository/Page_The Story and Evolution of Doodles - G_6e786d/h1_The story behind Doodles' is visible

07-06-2024T13:46:07 - [TEST_STEP][PASSED] - verifyElementVisible(findTestObject("Object Repository/Page_The Story and Evolution of Doodles - G_6e786d/p_The first Doodle was a simple out-of-offi_345e61")): Object 'Object Repository/Page_The Story and Evolution of Doodles - G_6e786d/p_The first Doodle was a simple out-of-offi_345e61' is visible

07-06-2024T13:46:07 - [MESSAGE][PASSED] - Object 'Object Repository/Page_The Story and Evolution of Doodles - G_6e786d/p_The first Doodle was a simple out-of-offi_345e61' is visible

07-06-2024T13:46:07 - [TEST_STEP][PASSED] - verifyElementVisible(findTestObject("Object Repository/Page_The Story and Evolution of Doodles - G_6e786d/h2_Weve created more than 5,000 Doodles ove_111429")): Object 'Object Repository/Page_The Story and Evolution of Doodles - G_6e786d/h2_Weve created more than 5,000 Doodles ove_111429' is visible

07-06-2024T13:46:07 - [MESSAGE][PASSED] - Object 'Object Repository/Page_The Story and Evolution of Doodles - G_6e786d/h2_Weve created more than 5,000 Doodles ove_111429' is visible

07-06-2024T13:46:07 - [TEST_STEP][PASSED] - click(findTestObject("Object Repository/Page_The Story and Evolution of Doodles - G_6e786d/p_The first Doodle was a simple out-of-offi_345e61")): Object: 'Object Repository/Page_The Story and Evolution of Doodles - G_6e786d/p_The first Doodle was a simple out-of-offi_345e61' is clicked on

07-06-2024T13:46:08 - [MESSAGE][PASSED] - Object: 'Object Repository/Page_The Story and Evolution of Doodles - G_6e786d/p_The first Doodle was a simple out-of-offi_345e61' is clicked on

07-06-2024T13:46:08 - [TEST_STEP][PASSED] - verifyElementVisible(findTestObject("Object Repository/Page_The Story and Evolution of Doodles - G_6e786d/h1_The story behind Doodles")): Object 'Object Repository/Page_The Story and Evolution of Doodles - G_6e786d/h1_The story behind Doodles' is visible

07-06-2024T13:46:08 - [MESSAGE][PASSED] - Object 'Object Repository/Page_The Story and Evolution of Doodles - G_6e786d/h1_The story behind Doodles' is visible

07-06-2024T13:46:08 - [TEST_STEP][PASSED] - verifyElementVisible(findTestObject("Object Repository/Page_The Story and Evolution of Doodles - G_6e786d/p_The first Doodle was a simple out-of-offi_345e61")): Object 'Object Repository/Page_The Story and Evolution of Doodles - G_6e786d/p_The first Doodle was a simple out-of-offi_345e61' is visible

07-06-2024T13:46:08 - [MESSAGE][PASSED] - Object 'Object Repository/Page_The Story and Evolution of Doodles - G_6e786d/p_The first Doodle was a simple out-of-offi_345e61' is visible

07-06-2024T13:46:08 - [TEST_STEP][PASSED] - verifyElementVisible(findTestObject("Object Repository/Page_The Story and Evolution of Doodles - G_6e786d/h2_Weve created more than 5,000 Doodles ove_111429")): Object 'Object Repository/Page_The Story and Evolution of Doodles - G_6e786d/h2_Weve created more than 5,000 Doodles ove_111429' is visible

07-06-2024T13:46:08 - [MESSAGE][PASSED] - Object 'Object Repository/Page_The Story and Evolution of Doodles - G_6e786d/h2_Weve created more than 5,000 Doodles ove_111429' is visible

07-06-2024T13:46:08 - [TEST_STEP][PASSED] - click(findTestObject("Object Repository/Page_The Story and Evolution of Doodles - G_6e786d/p_The first Doodle was a simple out-of-offi_345e61")): Object: 'Object Repository/Page_The Story and Evolution of Doodles - G_6e786d/p_The first Doodle was a simple out-of-offi_345e61' is clicked on

07-06-2024T13:46:08 - [MESSAGE][PASSED] - Object: 'Object Repository/Page_The Story and Evolution of Doodles - G_6e786d/p_The first Doodle was a simple out-of-offi_345e61' is clicked on

07-06-2024T13:46:08 - [TEST_STEP][PASSED] - verifyElementVisible(findTestObject("Object Repository/Page_The Story and Evolution of Doodles - G_6e786d/h1_The story behind Doodles")): Object 'Object Repository/Page_The Story and Evolution of Doodles - G_6e786d/h1_The story behind Doodles' is visible

07-06-2024T13:46:08 - [MESSAGE][PASSED] - Object 'Object Repository/Page_The Story and Evolution of Doodles - G_6e786d/h1_The story behind Doodles' is visible

07-06-2024T13:46:08 - [TEST_STEP][PASSED] - verifyElementVisible(findTestObject("Object Repository/Page_The Story and Evolution of Doodles - G_6e786d/p_The first Doodle was a simple out-of-offi_345e61")): Object 'Object Repository/Page_The Story and Evolution of Doodles - G_6e786d/p_The first Doodle was a simple out-of-offi_345e61' is visible

07-06-2024T13:46:08 - [MESSAGE][PASSED] - Object 'Object Repository/Page_The Story and Evolution of Doodles - G_6e786d/p_The first Doodle was a simple out-of-offi_345e61' is visible

07-06-2024T13:46:08 - [TEST_STEP][PASSED] - verifyElementVisible(findTestObject("Object Repository/Page_The Story and Evolution of Doodles - G_6e786d/h2_Weve created more than 5,000 Doodles ove_111429")): Object 'Object Repository/Page_The Story and Evolution of Doodles - G_6e786d/h2_Weve created more than 5,000 Doodles ove_111429' is visible

07-06-2024T13:46:08 - [MESSAGE][PASSED] - Object 'Object Repository/Page_The Story and Evolution of Doodles - G_6e786d/h2_Weve created more than 5,000 Doodles ove_111429' is visible

07-06-2024T13:46:08 - [TEST_STEP][PASSED] - click(findTestObject("Object Repository/Page_The Story and Evolution of Doodles - G_6e786d/p_The first Doodle was a simple out-of-offi_345e61")): Object: 'Object Repository/Page_The Story and Evolution of Doodles - G_6e786d/p_The first Doodle was a simple out-of-offi_345e61' is clicked on

07-06-2024T13:46:08 - [MESSAGE][PASSED] - Object: 'Object Repository/Page_The Story and Evolution of Doodles - G_6e786d/p_The first Doodle was a simple out-of-offi_345e61' is clicked on

07-06-2024T13:46:08 - [TEST_STEP][PASSED] - verifyElementVisible(findTestObject("Object Repository/Page_The Story and Evolution of Doodles - G_6e786d/h1_The story behind Doodles")): Object 'Object Repository/Page_The Story and Evolution of Doodles - G_6e786d/h1_The story behind Doodles' is visible

07-06-2024T13:46:08 - [MESSAGE][PASSED] - Object 'Object Repository/Page_The Story and Evolution of Doodles - G_6e786d/h1_The story behind Doodles' is visible

07-06-2024T13:46:08 - [TEST_STEP][PASSED] - verifyElementVisible(findTestObject("Object Repository/Page_The Story and Evolution of Doodles - G_6e786d/p_The first Doodle was a simple out-of-offi_345e61")): Object 'Object Repository/Page_The Story and Evolution of Doodles - G_6e786d/p_The first Doodle was a simple out-of-offi_345e61' is visible

07-06-2024T13:46:09 - [MESSAGE][PASSED] - Object 'Object Repository/Page_The Story and Evolution of Doodles - G_6e786d/p_The first Doodle was a simple out-of-offi_345e61' is visible

07-06-2024T13:46:09 - [TEST_STEP][PASSED] - verifyElementVisible(findTestObject("Object Repository/Page_The Story and Evolution of Doodles - G_6e786d/h2_Weve created more than 5,000 Doodles ove_111429")): Object 'Object Repository/Page_The Story and Evolution of Doodles - G_6e786d/h2_Weve created more than 5,000 Doodles ove_111429' is visible

07-06-2024T13:46:09 - [MESSAGE][PASSED] - Object 'Object Repository/Page_The Story and Evolution of Doodles - G_6e786d/h2_Weve created more than 5,000 Doodles ove_111429' is visible

07-06-2024T13:46:09 - [TEST_STEP][PASSED] - click(findTestObject("Object Repository/Page_The Story and Evolution of Doodles - G_6e786d/p_The first Doodle was a simple out-of-offi_345e61")): Object: 'Object Repository/Page_The Story and Evolution of Doodles - G_6e786d/p_The first Doodle was a simple out-of-offi_345e61' is clicked on

07-06-2024T13:46:09 - [MESSAGE][PASSED] - Object: 'Object Repository/Page_The Story and Evolution of Doodles - G_6e786d/p_The first Doodle was a simple out-of-offi_345e61' is clicked on

07-06-2024T13:46:09 - [TEST_STEP][PASSED] - verifyElementVisible(findTestObject("Object Repository/Page_The Story and Evolution of Doodles - G_6e786d/h1_The story behind Doodles")): Object 'Object Repository/Page_The Story and Evolution of Doodles - G_6e786d/h1_The story behind Doodles' is visible

07-06-2024T13:46:09 - [MESSAGE][PASSED] - Object 'Object Repository/Page_The Story and Evolution of Doodles - G_6e786d/h1_The story behind Doodles' is visible

07-06-2024T13:46:09 - [TEST_STEP][PASSED] - verifyElementVisible(findTestObject("Object Repository/Page_The Story and Evolution of Doodles - G_6e786d/p_The first Doodle was a simple out-of-offi_345e61")): Object 'Object Repository/Page_The Story and Evolution of Doodles - G_6e786d/p_The first Doodle was a simple out-of-offi_345e61' is visible

07-06-2024T13:46:09 - [MESSAGE][PASSED] - Object 'Object Repository/Page_The Story and Evolution of Doodles - G_6e786d/p_The first Doodle was a simple out-of-offi_345e61' is visible

07-06-2024T13:46:09 - [TEST_STEP][PASSED] - verifyElementVisible(findTestObject("Object Repository/Page_The Story and Evolution of Doodles - G_6e786d/h2_Weve created more than 5,000 Doodles ove_111429")): Object 'Object Repository/Page_The Story and Evolution of Doodles - G_6e786d/h2_Weve created more than 5,000 Doodles ove_111429' is visible

07-06-2024T13:46:09 - [MESSAGE][PASSED] - Object 'Object Repository/Page_The Story and Evolution of Doodles - G_6e786d/h2_Weve created more than 5,000 Doodles ove_111429' is visible

07-06-2024T13:46:09 - [TEST_STEP][PASSED] - click(findTestObject("Object Repository/Page_The Story and Evolution of Doodles - G_6e786d/p_The first Doodle was a simple out-of-offi_345e61")): Object: 'Object Repository/Page_The Story and Evolution of Doodles - G_6e786d/p_The first Doodle was a simple out-of-offi_345e61' is clicked on

07-06-2024T13:46:09 - [MESSAGE][PASSED] - Object: 'Object Repository/Page_The Story and Evolution of Doodles - G_6e786d/p_The first Doodle was a simple out-of-offi_345e61' is clicked on

07-06-2024T13:46:09 - [TEST_STEP][PASSED] - verifyElementVisible(findTestObject("Object Repository/Page_The Story and Evolution of Doodles - G_6e786d/h1_The story behind Doodles")): Object 'Object Repository/Page_The Story and Evolution of Doodles - G_6e786d/h1_The story behind Doodles' is visible

07-06-2024T13:46:09 - [MESSAGE][PASSED] - Object 'Object Repository/Page_The Story and Evolution of Doodles - G_6e786d/h1_The story behind Doodles' is visible

07-06-2024T13:46:09 - [TEST_STEP][PASSED] - verifyElementVisible(findTestObject("Object Repository/Page_The Story and Evolution of Doodles - G_6e786d/p_The first Doodle was a simple out-of-offi_345e61")): Object 'Object Repository/Page_The Story and Evolution of Doodles - G_6e786d/p_The first Doodle was a simple out-of-offi_345e61' is visible

07-06-2024T13:46:09 - [MESSAGE][PASSED] - Object 'Object Repository/Page_The Story and Evolution of Doodles - G_6e786d/p_The first Doodle was a simple out-of-offi_345e61' is visible

07-06-2024T13:46:09 - [TEST_STEP][PASSED] - verifyElementVisible(findTestObject("Object Repository/Page_The Story and Evolution of Doodles - G_6e786d/h2_Weve created more than 5,000 Doodles ove_111429")): Object 'Object Repository/Page_The Story and Evolution of Doodles - G_6e786d/h2_Weve created more than 5,000 Doodles ove_111429' is visible

07-06-2024T13:46:09 - [MESSAGE][PASSED] - Object 'Object Repository/Page_The Story and Evolution of Doodles - G_6e786d/h2_Weve created more than 5,000 Doodles ove_111429' is visible]]></system-out>
         <system-err><![CDATA[]]></system-err>
      </testcase>
      <testcase name="Test Cases/test case folder 1/tc1" time="8.911" classname="Test Cases/test case folder 1/tc1" status="PASSED">
         <system-out><![CDATA[07-06-2024T13:46:09 - [TEST_CASE][PASSED] - Test Cases/test case folder 1/tc1: Test Cases/test case folder 1/tc1

07-06-2024T13:46:09 - [TEST_STEP][PASSED] - openBrowser(""): Browser is opened with url: ''

07-06-2024T13:46:09 - [MESSAGE][WARNING] - A browser is already opened. Closing browser and opening a new one

07-06-2024T13:46:10 - [MESSAGE][INFO] - Starting 'Firefox (headless)' driver

07-06-2024T13:46:10 - [MESSAGE][INFO] - Action delay is set to 0 milliseconds

07-06-2024T13:46:12 - [MESSAGE][PASSED] - Browser is opened with url: ''

07-06-2024T13:46:12 - [TEST_STEP][PASSED] - navigateToUrl("https://doodles.google/about/"): Navigate to 'https://doodles.google/about/' successfully

07-06-2024T13:46:14 - [MESSAGE][PASSED] - Navigate to 'https://doodles.google/about/' successfully

07-06-2024T13:46:14 - [TEST_STEP][PASSED] - click(findTestObject("Object Repository/Page_The Story and Evolution of Doodles - G_6e786d/p_The first Doodle was a simple out-of-offi_345e61")): Object: 'Object Repository/Page_The Story and Evolution of Doodles - G_6e786d/p_The first Doodle was a simple out-of-offi_345e61' is clicked on

07-06-2024T13:46:14 - [MESSAGE][PASSED] - Object: 'Object Repository/Page_The Story and Evolution of Doodles - G_6e786d/p_The first Doodle was a simple out-of-offi_345e61' is clicked on

07-06-2024T13:46:14 - [TEST_STEP][PASSED] - click(findTestObject("Object Repository/Page_The Story and Evolution of Doodles - G_6e786d/p_The first Doodle was a simple out-of-offi_345e61")): Object: 'Object Repository/Page_The Story and Evolution of Doodles - G_6e786d/p_The first Doodle was a simple out-of-offi_345e61' is clicked on

07-06-2024T13:46:14 - [MESSAGE][PASSED] - Object: 'Object Repository/Page_The Story and Evolution of Doodles - G_6e786d/p_The first Doodle was a simple out-of-offi_345e61' is clicked on

07-06-2024T13:46:14 - [TEST_STEP][PASSED] - verifyElementVisible(findTestObject("Object Repository/Page_The Story and Evolution of Doodles - G_6e786d/h1_The story behind Doodles")): Object 'Object Repository/Page_The Story and Evolution of Doodles - G_6e786d/h1_The story behind Doodles' is visible

07-06-2024T13:46:14 - [MESSAGE][PASSED] - Object 'Object Repository/Page_The Story and Evolution of Doodles - G_6e786d/h1_The story behind Doodles' is visible

07-06-2024T13:46:14 - [TEST_STEP][PASSED] - verifyElementVisible(findTestObject("Object Repository/Page_The Story and Evolution of Doodles - G_6e786d/p_The first Doodle was a simple out-of-offi_345e61")): Object 'Object Repository/Page_The Story and Evolution of Doodles - G_6e786d/p_The first Doodle was a simple out-of-offi_345e61' is visible

07-06-2024T13:46:14 - [MESSAGE][PASSED] - Object 'Object Repository/Page_The Story and Evolution of Doodles - G_6e786d/p_The first Doodle was a simple out-of-offi_345e61' is visible

07-06-2024T13:46:14 - [TEST_STEP][PASSED] - verifyElementVisible(findTestObject("Object Repository/Page_The Story and Evolution of Doodles - G_6e786d/h2_Weve created more than 5,000 Doodles ove_111429")): Object 'Object Repository/Page_The Story and Evolution of Doodles - G_6e786d/h2_Weve created more than 5,000 Doodles ove_111429' is visible

07-06-2024T13:46:15 - [MESSAGE][PASSED] - Object 'Object Repository/Page_The Story and Evolution of Doodles - G_6e786d/h2_Weve created more than 5,000 Doodles ove_111429' is visible

07-06-2024T13:46:15 - [TEST_STEP][PASSED] - verifyElementVisible(findTestObject("Object Repository/Page_The Story and Evolution of Doodles - G_6e786d/h1_The story behind Doodles")): Object 'Object Repository/Page_The Story and Evolution of Doodles - G_6e786d/h1_The story behind Doodles' is visible

07-06-2024T13:46:15 - [MESSAGE][PASSED] - Object 'Object Repository/Page_The Story and Evolution of Doodles - G_6e786d/h1_The story behind Doodles' is visible

07-06-2024T13:46:15 - [TEST_STEP][PASSED] - verifyElementVisible(findTestObject("Object Repository/Page_The Story and Evolution of Doodles - G_6e786d/p_The first Doodle was a simple out-of-offi_345e61")): Object 'Object Repository/Page_The Story and Evolution of Doodles - G_6e786d/p_The first Doodle was a simple out-of-offi_345e61' is visible

07-06-2024T13:46:15 - [MESSAGE][PASSED] - Object 'Object Repository/Page_The Story and Evolution of Doodles - G_6e786d/p_The first Doodle was a simple out-of-offi_345e61' is visible

07-06-2024T13:46:15 - [TEST_STEP][PASSED] - verifyElementVisible(findTestObject("Object Repository/Page_The Story and Evolution of Doodles - G_6e786d/h2_Weve created more than 5,000 Doodles ove_111429")): Object 'Object Repository/Page_The Story and Evolution of Doodles - G_6e786d/h2_Weve created more than 5,000 Doodles ove_111429' is visible

07-06-2024T13:46:15 - [MESSAGE][PASSED] - Object 'Object Repository/Page_The Story and Evolution of Doodles - G_6e786d/h2_Weve created more than 5,000 Doodles ove_111429' is visible

07-06-2024T13:46:15 - [TEST_STEP][PASSED] - click(findTestObject("Object Repository/Page_The Story and Evolution of Doodles - G_6e786d/p_The first Doodle was a simple out-of-offi_345e61")): Object: 'Object Repository/Page_The Story and Evolution of Doodles - G_6e786d/p_The first Doodle was a simple out-of-offi_345e61' is clicked on

07-06-2024T13:46:15 - [MESSAGE][PASSED] - Object: 'Object Repository/Page_The Story and Evolution of Doodles - G_6e786d/p_The first Doodle was a simple out-of-offi_345e61' is clicked on

07-06-2024T13:46:15 - [TEST_STEP][PASSED] - verifyElementVisible(findTestObject("Object Repository/Page_The Story and Evolution of Doodles - G_6e786d/h1_The story behind Doodles")): Object 'Object Repository/Page_The Story and Evolution of Doodles - G_6e786d/h1_The story behind Doodles' is visible

07-06-2024T13:46:15 - [MESSAGE][PASSED] - Object 'Object Repository/Page_The Story and Evolution of Doodles - G_6e786d/h1_The story behind Doodles' is visible

07-06-2024T13:46:15 - [TEST_STEP][PASSED] - verifyElementVisible(findTestObject("Object Repository/Page_The Story and Evolution of Doodles - G_6e786d/p_The first Doodle was a simple out-of-offi_345e61")): Object 'Object Repository/Page_The Story and Evolution of Doodles - G_6e786d/p_The first Doodle was a simple out-of-offi_345e61' is visible

07-06-2024T13:46:15 - [MESSAGE][PASSED] - Object 'Object Repository/Page_The Story and Evolution of Doodles - G_6e786d/p_The first Doodle was a simple out-of-offi_345e61' is visible

07-06-2024T13:46:15 - [TEST_STEP][PASSED] - verifyElementVisible(findTestObject("Object Repository/Page_The Story and Evolution of Doodles - G_6e786d/h2_Weve created more than 5,000 Doodles ove_111429")): Object 'Object Repository/Page_The Story and Evolution of Doodles - G_6e786d/h2_Weve created more than 5,000 Doodles ove_111429' is visible

07-06-2024T13:46:15 - [MESSAGE][PASSED] - Object 'Object Repository/Page_The Story and Evolution of Doodles - G_6e786d/h2_Weve created more than 5,000 Doodles ove_111429' is visible

07-06-2024T13:46:15 - [TEST_STEP][PASSED] - click(findTestObject("Object Repository/Page_The Story and Evolution of Doodles - G_6e786d/p_The first Doodle was a simple out-of-offi_345e61")): Object: 'Object Repository/Page_The Story and Evolution of Doodles - G_6e786d/p_The first Doodle was a simple out-of-offi_345e61' is clicked on

07-06-2024T13:46:15 - [MESSAGE][PASSED] - Object: 'Object Repository/Page_The Story and Evolution of Doodles - G_6e786d/p_The first Doodle was a simple out-of-offi_345e61' is clicked on

07-06-2024T13:46:15 - [TEST_STEP][PASSED] - verifyElementVisible(findTestObject("Object Repository/Page_The Story and Evolution of Doodles - G_6e786d/h1_The story behind Doodles")): Object 'Object Repository/Page_The Story and Evolution of Doodles - G_6e786d/h1_The story behind Doodles' is visible

07-06-2024T13:46:15 - [MESSAGE][PASSED] - Object 'Object Repository/Page_The Story and Evolution of Doodles - G_6e786d/h1_The story behind Doodles' is visible

07-06-2024T13:46:15 - [TEST_STEP][PASSED] - verifyElementVisible(findTestObject("Object Repository/Page_The Story and Evolution of Doodles - G_6e786d/p_The first Doodle was a simple out-of-offi_345e61")): Object 'Object Repository/Page_The Story and Evolution of Doodles - G_6e786d/p_The first Doodle was a simple out-of-offi_345e61' is visible

07-06-2024T13:46:15 - [MESSAGE][PASSED] - Object 'Object Repository/Page_The Story and Evolution of Doodles - G_6e786d/p_The first Doodle was a simple out-of-offi_345e61' is visible

07-06-2024T13:46:15 - [TEST_STEP][PASSED] - verifyElementVisible(findTestObject("Object Repository/Page_The Story and Evolution of Doodles - G_6e786d/h2_Weve created more than 5,000 Doodles ove_111429")): Object 'Object Repository/Page_The Story and Evolution of Doodles - G_6e786d/h2_Weve created more than 5,000 Doodles ove_111429' is visible

07-06-2024T13:46:16 - [MESSAGE][PASSED] - Object 'Object Repository/Page_The Story and Evolution of Doodles - G_6e786d/h2_Weve created more than 5,000 Doodles ove_111429' is visible

07-06-2024T13:46:16 - [TEST_STEP][PASSED] - click(findTestObject("Object Repository/Page_The Story and Evolution of Doodles - G_6e786d/p_The first Doodle was a simple out-of-offi_345e61")): Object: 'Object Repository/Page_The Story and Evolution of Doodles - G_6e786d/p_The first Doodle was a simple out-of-offi_345e61' is clicked on

07-06-2024T13:46:16 - [MESSAGE][PASSED] - Object: 'Object Repository/Page_The Story and Evolution of Doodles - G_6e786d/p_The first Doodle was a simple out-of-offi_345e61' is clicked on

07-06-2024T13:46:16 - [TEST_STEP][PASSED] - verifyElementVisible(findTestObject("Object Repository/Page_The Story and Evolution of Doodles - G_6e786d/h1_The story behind Doodles")): Object 'Object Repository/Page_The Story and Evolution of Doodles - G_6e786d/h1_The story behind Doodles' is visible

07-06-2024T13:46:16 - [MESSAGE][PASSED] - Object 'Object Repository/Page_The Story and Evolution of Doodles - G_6e786d/h1_The story behind Doodles' is visible

07-06-2024T13:46:16 - [TEST_STEP][PASSED] - verifyElementVisible(findTestObject("Object Repository/Page_The Story and Evolution of Doodles - G_6e786d/p_The first Doodle was a simple out-of-offi_345e61")): Object 'Object Repository/Page_The Story and Evolution of Doodles - G_6e786d/p_The first Doodle was a simple out-of-offi_345e61' is visible

07-06-2024T13:46:16 - [MESSAGE][PASSED] - Object 'Object Repository/Page_The Story and Evolution of Doodles - G_6e786d/p_The first Doodle was a simple out-of-offi_345e61' is visible

07-06-2024T13:46:16 - [TEST_STEP][PASSED] - verifyElementVisible(findTestObject("Object Repository/Page_The Story and Evolution of Doodles - G_6e786d/h2_Weve created more than 5,000 Doodles ove_111429")): Object 'Object Repository/Page_The Story and Evolution of Doodles - G_6e786d/h2_Weve created more than 5,000 Doodles ove_111429' is visible

07-06-2024T13:46:16 - [MESSAGE][PASSED] - Object 'Object Repository/Page_The Story and Evolution of Doodles - G_6e786d/h2_Weve created more than 5,000 Doodles ove_111429' is visible

07-06-2024T13:46:16 - [TEST_STEP][PASSED] - click(findTestObject("Object Repository/Page_The Story and Evolution of Doodles - G_6e786d/p_The first Doodle was a simple out-of-offi_345e61")): Object: 'Object Repository/Page_The Story and Evolution of Doodles - G_6e786d/p_The first Doodle was a simple out-of-offi_345e61' is clicked on

07-06-2024T13:46:16 - [MESSAGE][PASSED] - Object: 'Object Repository/Page_The Story and Evolution of Doodles - G_6e786d/p_The first Doodle was a simple out-of-offi_345e61' is clicked on

07-06-2024T13:46:16 - [TEST_STEP][PASSED] - verifyElementVisible(findTestObject("Object Repository/Page_The Story and Evolution of Doodles - G_6e786d/h1_The story behind Doodles")): Object 'Object Repository/Page_The Story and Evolution of Doodles - G_6e786d/h1_The story behind Doodles' is visible

07-06-2024T13:46:16 - [MESSAGE][PASSED] - Object 'Object Repository/Page_The Story and Evolution of Doodles - G_6e786d/h1_The story behind Doodles' is visible

07-06-2024T13:46:16 - [TEST_STEP][PASSED] - verifyElementVisible(findTestObject("Object Repository/Page_The Story and Evolution of Doodles - G_6e786d/p_The first Doodle was a simple out-of-offi_345e61")): Object 'Object Repository/Page_The Story and Evolution of Doodles - G_6e786d/p_The first Doodle was a simple out-of-offi_345e61' is visible

07-06-2024T13:46:16 - [MESSAGE][PASSED] - Object 'Object Repository/Page_The Story and Evolution of Doodles - G_6e786d/p_The first Doodle was a simple out-of-offi_345e61' is visible

07-06-2024T13:46:16 - [TEST_STEP][PASSED] - verifyElementVisible(findTestObject("Object Repository/Page_The Story and Evolution of Doodles - G_6e786d/h2_Weve created more than 5,000 Doodles ove_111429")): Object 'Object Repository/Page_The Story and Evolution of Doodles - G_6e786d/h2_Weve created more than 5,000 Doodles ove_111429' is visible

07-06-2024T13:46:16 - [MESSAGE][PASSED] - Object 'Object Repository/Page_The Story and Evolution of Doodles - G_6e786d/h2_Weve created more than 5,000 Doodles ove_111429' is visible

07-06-2024T13:46:16 - [TEST_STEP][PASSED] - click(findTestObject("Object Repository/Page_The Story and Evolution of Doodles - G_6e786d/p_The first Doodle was a simple out-of-offi_345e61")): Object: 'Object Repository/Page_The Story and Evolution of Doodles - G_6e786d/p_The first Doodle was a simple out-of-offi_345e61' is clicked on

07-06-2024T13:46:17 - [MESSAGE][PASSED] - Object: 'Object Repository/Page_The Story and Evolution of Doodles - G_6e786d/p_The first Doodle was a simple out-of-offi_345e61' is clicked on

07-06-2024T13:46:17 - [TEST_STEP][PASSED] - verifyElementVisible(findTestObject("Object Repository/Page_The Story and Evolution of Doodles - G_6e786d/h1_The story behind Doodles")): Object 'Object Repository/Page_The Story and Evolution of Doodles - G_6e786d/h1_The story behind Doodles' is visible

07-06-2024T13:46:17 - [MESSAGE][PASSED] - Object 'Object Repository/Page_The Story and Evolution of Doodles - G_6e786d/h1_The story behind Doodles' is visible

07-06-2024T13:46:17 - [TEST_STEP][PASSED] - verifyElementVisible(findTestObject("Object Repository/Page_The Story and Evolution of Doodles - G_6e786d/p_The first Doodle was a simple out-of-offi_345e61")): Object 'Object Repository/Page_The Story and Evolution of Doodles - G_6e786d/p_The first Doodle was a simple out-of-offi_345e61' is visible

07-06-2024T13:46:17 - [MESSAGE][PASSED] - Object 'Object Repository/Page_The Story and Evolution of Doodles - G_6e786d/p_The first Doodle was a simple out-of-offi_345e61' is visible

07-06-2024T13:46:17 - [TEST_STEP][PASSED] - verifyElementVisible(findTestObject("Object Repository/Page_The Story and Evolution of Doodles - G_6e786d/h2_Weve created more than 5,000 Doodles ove_111429")): Object 'Object Repository/Page_The Story and Evolution of Doodles - G_6e786d/h2_Weve created more than 5,000 Doodles ove_111429' is visible

07-06-2024T13:46:17 - [MESSAGE][PASSED] - Object 'Object Repository/Page_The Story and Evolution of Doodles - G_6e786d/h2_Weve created more than 5,000 Doodles ove_111429' is visible

07-06-2024T13:46:17 - [TEST_STEP][PASSED] - click(findTestObject("Object Repository/Page_The Story and Evolution of Doodles - G_6e786d/p_The first Doodle was a simple out-of-offi_345e61")): Object: 'Object Repository/Page_The Story and Evolution of Doodles - G_6e786d/p_The first Doodle was a simple out-of-offi_345e61' is clicked on

07-06-2024T13:46:17 - [MESSAGE][PASSED] - Object: 'Object Repository/Page_The Story and Evolution of Doodles - G_6e786d/p_The first Doodle was a simple out-of-offi_345e61' is clicked on

07-06-2024T13:46:17 - [TEST_STEP][PASSED] - verifyElementVisible(findTestObject("Object Repository/Page_The Story and Evolution of Doodles - G_6e786d/h1_The story behind Doodles")): Object 'Object Repository/Page_The Story and Evolution of Doodles - G_6e786d/h1_The story behind Doodles' is visible

07-06-2024T13:46:17 - [MESSAGE][PASSED] - Object 'Object Repository/Page_The Story and Evolution of Doodles - G_6e786d/h1_The story behind Doodles' is visible

07-06-2024T13:46:17 - [TEST_STEP][PASSED] - verifyElementVisible(findTestObject("Object Repository/Page_The Story and Evolution of Doodles - G_6e786d/p_The first Doodle was a simple out-of-offi_345e61")): Object 'Object Repository/Page_The Story and Evolution of Doodles - G_6e786d/p_The first Doodle was a simple out-of-offi_345e61' is visible

07-06-2024T13:46:17 - [MESSAGE][PASSED] - Object 'Object Repository/Page_The Story and Evolution of Doodles - G_6e786d/p_The first Doodle was a simple out-of-offi_345e61' is visible

07-06-2024T13:46:17 - [TEST_STEP][PASSED] - verifyElementVisible(findTestObject("Object Repository/Page_The Story and Evolution of Doodles - G_6e786d/h2_Weve created more than 5,000 Doodles ove_111429")): Object 'Object Repository/Page_The Story and Evolution of Doodles - G_6e786d/h2_Weve created more than 5,000 Doodles ove_111429' is visible

07-06-2024T13:46:17 - [MESSAGE][PASSED] - Object 'Object Repository/Page_The Story and Evolution of Doodles - G_6e786d/h2_Weve created more than 5,000 Doodles ove_111429' is visible

07-06-2024T13:46:17 - [TEST_STEP][PASSED] - click(findTestObject("Object Repository/Page_The Story and Evolution of Doodles - G_6e786d/p_The first Doodle was a simple out-of-offi_345e61")): Object: 'Object Repository/Page_The Story and Evolution of Doodles - G_6e786d/p_The first Doodle was a simple out-of-offi_345e61' is clicked on

07-06-2024T13:46:17 - [MESSAGE][PASSED] - Object: 'Object Repository/Page_The Story and Evolution of Doodles - G_6e786d/p_The first Doodle was a simple out-of-offi_345e61' is clicked on

07-06-2024T13:46:17 - [TEST_STEP][PASSED] - verifyElementVisible(findTestObject("Object Repository/Page_The Story and Evolution of Doodles - G_6e786d/h1_The story behind Doodles")): Object 'Object Repository/Page_The Story and Evolution of Doodles - G_6e786d/h1_The story behind Doodles' is visible

07-06-2024T13:46:17 - [MESSAGE][PASSED] - Object 'Object Repository/Page_The Story and Evolution of Doodles - G_6e786d/h1_The story behind Doodles' is visible

07-06-2024T13:46:17 - [TEST_STEP][PASSED] - verifyElementVisible(findTestObject("Object Repository/Page_The Story and Evolution of Doodles - G_6e786d/p_The first Doodle was a simple out-of-offi_345e61")): Object 'Object Repository/Page_The Story and Evolution of Doodles - G_6e786d/p_The first Doodle was a simple out-of-offi_345e61' is visible

07-06-2024T13:46:17 - [MESSAGE][PASSED] - Object 'Object Repository/Page_The Story and Evolution of Doodles - G_6e786d/p_The first Doodle was a simple out-of-offi_345e61' is visible

07-06-2024T13:46:17 - [TEST_STEP][PASSED] - verifyElementVisible(findTestObject("Object Repository/Page_The Story and Evolution of Doodles - G_6e786d/h2_Weve created more than 5,000 Doodles ove_111429")): Object 'Object Repository/Page_The Story and Evolution of Doodles - G_6e786d/h2_Weve created more than 5,000 Doodles ove_111429' is visible

07-06-2024T13:46:18 - [MESSAGE][PASSED] - Object 'Object Repository/Page_The Story and Evolution of Doodles - G_6e786d/h2_Weve created more than 5,000 Doodles ove_111429' is visible

07-06-2024T13:46:18 - [TEST_STEP][PASSED] - click(findTestObject("Object Repository/Page_The Story and Evolution of Doodles - G_6e786d/p_The first Doodle was a simple out-of-offi_345e61")): Object: 'Object Repository/Page_The Story and Evolution of Doodles - G_6e786d/p_The first Doodle was a simple out-of-offi_345e61' is clicked on

07-06-2024T13:46:18 - [MESSAGE][PASSED] - Object: 'Object Repository/Page_The Story and Evolution of Doodles - G_6e786d/p_The first Doodle was a simple out-of-offi_345e61' is clicked on

07-06-2024T13:46:18 - [TEST_STEP][PASSED] - verifyElementVisible(findTestObject("Object Repository/Page_The Story and Evolution of Doodles - G_6e786d/h1_The story behind Doodles")): Object 'Object Repository/Page_The Story and Evolution of Doodles - G_6e786d/h1_The story behind Doodles' is visible

07-06-2024T13:46:18 - [MESSAGE][PASSED] - Object 'Object Repository/Page_The Story and Evolution of Doodles - G_6e786d/h1_The story behind Doodles' is visible

07-06-2024T13:46:18 - [TEST_STEP][PASSED] - verifyElementVisible(findTestObject("Object Repository/Page_The Story and Evolution of Doodles - G_6e786d/p_The first Doodle was a simple out-of-offi_345e61")): Object 'Object Repository/Page_The Story and Evolution of Doodles - G_6e786d/p_The first Doodle was a simple out-of-offi_345e61' is visible

07-06-2024T13:46:18 - [MESSAGE][PASSED] - Object 'Object Repository/Page_The Story and Evolution of Doodles - G_6e786d/p_The first Doodle was a simple out-of-offi_345e61' is visible

07-06-2024T13:46:18 - [TEST_STEP][PASSED] - verifyElementVisible(findTestObject("Object Repository/Page_The Story and Evolution of Doodles - G_6e786d/h2_Weve created more than 5,000 Doodles ove_111429")): Object 'Object Repository/Page_The Story and Evolution of Doodles - G_6e786d/h2_Weve created more than 5,000 Doodles ove_111429' is visible

07-06-2024T13:46:18 - [MESSAGE][PASSED] - Object 'Object Repository/Page_The Story and Evolution of Doodles - G_6e786d/h2_Weve created more than 5,000 Doodles ove_111429' is visible

07-06-2024T13:46:18 - [TEST_STEP][PASSED] - click(findTestObject("Object Repository/Page_The Story and Evolution of Doodles - G_6e786d/p_The first Doodle was a simple out-of-offi_345e61")): Object: 'Object Repository/Page_The Story and Evolution of Doodles - G_6e786d/p_The first Doodle was a simple out-of-offi_345e61' is clicked on

07-06-2024T13:46:18 - [MESSAGE][PASSED] - Object: 'Object Repository/Page_The Story and Evolution of Doodles - G_6e786d/p_The first Doodle was a simple out-of-offi_345e61' is clicked on

07-06-2024T13:46:18 - [TEST_STEP][PASSED] - verifyElementVisible(findTestObject("Object Repository/Page_The Story and Evolution of Doodles - G_6e786d/h1_The story behind Doodles")): Object 'Object Repository/Page_The Story and Evolution of Doodles - G_6e786d/h1_The story behind Doodles' is visible

07-06-2024T13:46:18 - [MESSAGE][PASSED] - Object 'Object Repository/Page_The Story and Evolution of Doodles - G_6e786d/h1_The story behind Doodles' is visible

07-06-2024T13:46:18 - [TEST_STEP][PASSED] - verifyElementVisible(findTestObject("Object Repository/Page_The Story and Evolution of Doodles - G_6e786d/p_The first Doodle was a simple out-of-offi_345e61")): Object 'Object Repository/Page_The Story and Evolution of Doodles - G_6e786d/p_The first Doodle was a simple out-of-offi_345e61' is visible

07-06-2024T13:46:18 - [MESSAGE][PASSED] - Object 'Object Repository/Page_The Story and Evolution of Doodles - G_6e786d/p_The first Doodle was a simple out-of-offi_345e61' is visible

07-06-2024T13:46:18 - [TEST_STEP][PASSED] - verifyElementVisible(findTestObject("Object Repository/Page_The Story and Evolution of Doodles - G_6e786d/h2_Weve created more than 5,000 Doodles ove_111429")): Object 'Object Repository/Page_The Story and Evolution of Doodles - G_6e786d/h2_Weve created more than 5,000 Doodles ove_111429' is visible

07-06-2024T13:46:18 - [MESSAGE][PASSED] - Object 'Object Repository/Page_The Story and Evolution of Doodles - G_6e786d/h2_Weve created more than 5,000 Doodles ove_111429' is visible]]></system-out>
         <system-err><![CDATA[]]></system-err>
      </testcase>
      <testcase name="Test Cases/test case folder 1/tc1 - Copy (1) - Copy (1)" time="8.855" classname="Test Cases/test case folder 1/tc1 - Copy (1) - Copy (1)" status="PASSED">
         <system-out><![CDATA[07-06-2024T13:46:18 - [TEST_CASE][PASSED] - Test Cases/test case folder 1/tc1 - Copy (1) - Copy (1): Test Cases/test case folder 1/tc1 - Copy (1) - Copy (1)

07-06-2024T13:46:18 - [TEST_STEP][PASSED] - openBrowser(""): Browser is opened with url: ''

07-06-2024T13:46:18 - [MESSAGE][WARNING] - A browser is already opened. Closing browser and opening a new one

07-06-2024T13:46:19 - [MESSAGE][INFO] - Starting 'Firefox (headless)' driver

07-06-2024T13:46:19 - [MESSAGE][INFO] - Action delay is set to 0 milliseconds

07-06-2024T13:46:21 - [MESSAGE][PASSED] - Browser is opened with url: ''

07-06-2024T13:46:21 - [TEST_STEP][PASSED] - navigateToUrl("https://doodles.google/about/"): Navigate to 'https://doodles.google/about/' successfully

07-06-2024T13:46:23 - [MESSAGE][PASSED] - Navigate to 'https://doodles.google/about/' successfully

07-06-2024T13:46:23 - [TEST_STEP][PASSED] - click(findTestObject("Object Repository/Page_The Story and Evolution of Doodles - G_6e786d/p_The first Doodle was a simple out-of-offi_345e61")): Object: 'Object Repository/Page_The Story and Evolution of Doodles - G_6e786d/p_The first Doodle was a simple out-of-offi_345e61' is clicked on

07-06-2024T13:46:23 - [MESSAGE][PASSED] - Object: 'Object Repository/Page_The Story and Evolution of Doodles - G_6e786d/p_The first Doodle was a simple out-of-offi_345e61' is clicked on

07-06-2024T13:46:23 - [TEST_STEP][PASSED] - click(findTestObject("Object Repository/Page_The Story and Evolution of Doodles - G_6e786d/p_The first Doodle was a simple out-of-offi_345e61")): Object: 'Object Repository/Page_The Story and Evolution of Doodles - G_6e786d/p_The first Doodle was a simple out-of-offi_345e61' is clicked on

07-06-2024T13:46:23 - [MESSAGE][PASSED] - Object: 'Object Repository/Page_The Story and Evolution of Doodles - G_6e786d/p_The first Doodle was a simple out-of-offi_345e61' is clicked on

07-06-2024T13:46:23 - [TEST_STEP][PASSED] - verifyElementVisible(findTestObject("Object Repository/Page_The Story and Evolution of Doodles - G_6e786d/h1_The story behind Doodles")): Object 'Object Repository/Page_The Story and Evolution of Doodles - G_6e786d/h1_The story behind Doodles' is visible

07-06-2024T13:46:23 - [MESSAGE][PASSED] - Object 'Object Repository/Page_The Story and Evolution of Doodles - G_6e786d/h1_The story behind Doodles' is visible

07-06-2024T13:46:23 - [TEST_STEP][PASSED] - verifyElementVisible(findTestObject("Object Repository/Page_The Story and Evolution of Doodles - G_6e786d/p_The first Doodle was a simple out-of-offi_345e61")): Object 'Object Repository/Page_The Story and Evolution of Doodles - G_6e786d/p_The first Doodle was a simple out-of-offi_345e61' is visible

07-06-2024T13:46:24 - [MESSAGE][PASSED] - Object 'Object Repository/Page_The Story and Evolution of Doodles - G_6e786d/p_The first Doodle was a simple out-of-offi_345e61' is visible

07-06-2024T13:46:24 - [TEST_STEP][PASSED] - verifyElementVisible(findTestObject("Object Repository/Page_The Story and Evolution of Doodles - G_6e786d/h2_Weve created more than 5,000 Doodles ove_111429")): Object 'Object Repository/Page_The Story and Evolution of Doodles - G_6e786d/h2_Weve created more than 5,000 Doodles ove_111429' is visible

07-06-2024T13:46:24 - [MESSAGE][PASSED] - Object 'Object Repository/Page_The Story and Evolution of Doodles - G_6e786d/h2_Weve created more than 5,000 Doodles ove_111429' is visible

07-06-2024T13:46:24 - [TEST_STEP][PASSED] - verifyElementVisible(findTestObject("Object Repository/Page_The Story and Evolution of Doodles - G_6e786d/h1_The story behind Doodles")): Object 'Object Repository/Page_The Story and Evolution of Doodles - G_6e786d/h1_The story behind Doodles' is visible

07-06-2024T13:46:24 - [MESSAGE][PASSED] - Object 'Object Repository/Page_The Story and Evolution of Doodles - G_6e786d/h1_The story behind Doodles' is visible

07-06-2024T13:46:24 - [TEST_STEP][PASSED] - verifyElementVisible(findTestObject("Object Repository/Page_The Story and Evolution of Doodles - G_6e786d/p_The first Doodle was a simple out-of-offi_345e61")): Object 'Object Repository/Page_The Story and Evolution of Doodles - G_6e786d/p_The first Doodle was a simple out-of-offi_345e61' is visible

07-06-2024T13:46:24 - [MESSAGE][PASSED] - Object 'Object Repository/Page_The Story and Evolution of Doodles - G_6e786d/p_The first Doodle was a simple out-of-offi_345e61' is visible

07-06-2024T13:46:24 - [TEST_STEP][PASSED] - verifyElementVisible(findTestObject("Object Repository/Page_The Story and Evolution of Doodles - G_6e786d/h2_Weve created more than 5,000 Doodles ove_111429")): Object 'Object Repository/Page_The Story and Evolution of Doodles - G_6e786d/h2_Weve created more than 5,000 Doodles ove_111429' is visible

07-06-2024T13:46:24 - [MESSAGE][PASSED] - Object 'Object Repository/Page_The Story and Evolution of Doodles - G_6e786d/h2_Weve created more than 5,000 Doodles ove_111429' is visible

07-06-2024T13:46:24 - [TEST_STEP][PASSED] - click(findTestObject("Object Repository/Page_The Story and Evolution of Doodles - G_6e786d/p_The first Doodle was a simple out-of-offi_345e61")): Object: 'Object Repository/Page_The Story and Evolution of Doodles - G_6e786d/p_The first Doodle was a simple out-of-offi_345e61' is clicked on

07-06-2024T13:46:24 - [MESSAGE][PASSED] - Object: 'Object Repository/Page_The Story and Evolution of Doodles - G_6e786d/p_The first Doodle was a simple out-of-offi_345e61' is clicked on

07-06-2024T13:46:24 - [TEST_STEP][PASSED] - verifyElementVisible(findTestObject("Object Repository/Page_The Story and Evolution of Doodles - G_6e786d/h1_The story behind Doodles")): Object 'Object Repository/Page_The Story and Evolution of Doodles - G_6e786d/h1_The story behind Doodles' is visible

07-06-2024T13:46:24 - [MESSAGE][PASSED] - Object 'Object Repository/Page_The Story and Evolution of Doodles - G_6e786d/h1_The story behind Doodles' is visible

07-06-2024T13:46:24 - [TEST_STEP][PASSED] - verifyElementVisible(findTestObject("Object Repository/Page_The Story and Evolution of Doodles - G_6e786d/p_The first Doodle was a simple out-of-offi_345e61")): Object 'Object Repository/Page_The Story and Evolution of Doodles - G_6e786d/p_The first Doodle was a simple out-of-offi_345e61' is visible

07-06-2024T13:46:24 - [MESSAGE][PASSED] - Object 'Object Repository/Page_The Story and Evolution of Doodles - G_6e786d/p_The first Doodle was a simple out-of-offi_345e61' is visible

07-06-2024T13:46:24 - [TEST_STEP][PASSED] - verifyElementVisible(findTestObject("Object Repository/Page_The Story and Evolution of Doodles - G_6e786d/h2_Weve created more than 5,000 Doodles ove_111429")): Object 'Object Repository/Page_The Story and Evolution of Doodles - G_6e786d/h2_Weve created more than 5,000 Doodles ove_111429' is visible

07-06-2024T13:46:24 - [MESSAGE][PASSED] - Object 'Object Repository/Page_The Story and Evolution of Doodles - G_6e786d/h2_Weve created more than 5,000 Doodles ove_111429' is visible

07-06-2024T13:46:24 - [TEST_STEP][PASSED] - click(findTestObject("Object Repository/Page_The Story and Evolution of Doodles - G_6e786d/p_The first Doodle was a simple out-of-offi_345e61")): Object: 'Object Repository/Page_The Story and Evolution of Doodles - G_6e786d/p_The first Doodle was a simple out-of-offi_345e61' is clicked on

07-06-2024T13:46:24 - [MESSAGE][PASSED] - Object: 'Object Repository/Page_The Story and Evolution of Doodles - G_6e786d/p_The first Doodle was a simple out-of-offi_345e61' is clicked on

07-06-2024T13:46:24 - [TEST_STEP][PASSED] - verifyElementVisible(findTestObject("Object Repository/Page_The Story and Evolution of Doodles - G_6e786d/h1_The story behind Doodles")): Object 'Object Repository/Page_The Story and Evolution of Doodles - G_6e786d/h1_The story behind Doodles' is visible

07-06-2024T13:46:24 - [MESSAGE][PASSED] - Object 'Object Repository/Page_The Story and Evolution of Doodles - G_6e786d/h1_The story behind Doodles' is visible

07-06-2024T13:46:24 - [TEST_STEP][PASSED] - verifyElementVisible(findTestObject("Object Repository/Page_The Story and Evolution of Doodles - G_6e786d/p_The first Doodle was a simple out-of-offi_345e61")): Object 'Object Repository/Page_The Story and Evolution of Doodles - G_6e786d/p_The first Doodle was a simple out-of-offi_345e61' is visible

07-06-2024T13:46:24 - [MESSAGE][PASSED] - Object 'Object Repository/Page_The Story and Evolution of Doodles - G_6e786d/p_The first Doodle was a simple out-of-offi_345e61' is visible

07-06-2024T13:46:24 - [TEST_STEP][PASSED] - verifyElementVisible(findTestObject("Object Repository/Page_The Story and Evolution of Doodles - G_6e786d/h2_Weve created more than 5,000 Doodles ove_111429")): Object 'Object Repository/Page_The Story and Evolution of Doodles - G_6e786d/h2_Weve created more than 5,000 Doodles ove_111429' is visible

07-06-2024T13:46:24 - [MESSAGE][PASSED] - Object 'Object Repository/Page_The Story and Evolution of Doodles - G_6e786d/h2_Weve created more than 5,000 Doodles ove_111429' is visible

07-06-2024T13:46:24 - [TEST_STEP][PASSED] - click(findTestObject("Object Repository/Page_The Story and Evolution of Doodles - G_6e786d/p_The first Doodle was a simple out-of-offi_345e61")): Object: 'Object Repository/Page_The Story and Evolution of Doodles - G_6e786d/p_The first Doodle was a simple out-of-offi_345e61' is clicked on

07-06-2024T13:46:25 - [MESSAGE][PASSED] - Object: 'Object Repository/Page_The Story and Evolution of Doodles - G_6e786d/p_The first Doodle was a simple out-of-offi_345e61' is clicked on

07-06-2024T13:46:25 - [TEST_STEP][PASSED] - verifyElementVisible(findTestObject("Object Repository/Page_The Story and Evolution of Doodles - G_6e786d/h1_The story behind Doodles")): Object 'Object Repository/Page_The Story and Evolution of Doodles - G_6e786d/h1_The story behind Doodles' is visible

07-06-2024T13:46:25 - [MESSAGE][PASSED] - Object 'Object Repository/Page_The Story and Evolution of Doodles - G_6e786d/h1_The story behind Doodles' is visible

07-06-2024T13:46:25 - [TEST_STEP][PASSED] - verifyElementVisible(findTestObject("Object Repository/Page_The Story and Evolution of Doodles - G_6e786d/p_The first Doodle was a simple out-of-offi_345e61")): Object 'Object Repository/Page_The Story and Evolution of Doodles - G_6e786d/p_The first Doodle was a simple out-of-offi_345e61' is visible

07-06-2024T13:46:25 - [MESSAGE][PASSED] - Object 'Object Repository/Page_The Story and Evolution of Doodles - G_6e786d/p_The first Doodle was a simple out-of-offi_345e61' is visible

07-06-2024T13:46:25 - [TEST_STEP][PASSED] - verifyElementVisible(findTestObject("Object Repository/Page_The Story and Evolution of Doodles - G_6e786d/h2_Weve created more than 5,000 Doodles ove_111429")): Object 'Object Repository/Page_The Story and Evolution of Doodles - G_6e786d/h2_Weve created more than 5,000 Doodles ove_111429' is visible

07-06-2024T13:46:25 - [MESSAGE][PASSED] - Object 'Object Repository/Page_The Story and Evolution of Doodles - G_6e786d/h2_Weve created more than 5,000 Doodles ove_111429' is visible

07-06-2024T13:46:25 - [TEST_STEP][PASSED] - click(findTestObject("Object Repository/Page_The Story and Evolution of Doodles - G_6e786d/p_The first Doodle was a simple out-of-offi_345e61")): Object: 'Object Repository/Page_The Story and Evolution of Doodles - G_6e786d/p_The first Doodle was a simple out-of-offi_345e61' is clicked on

07-06-2024T13:46:25 - [MESSAGE][PASSED] - Object: 'Object Repository/Page_The Story and Evolution of Doodles - G_6e786d/p_The first Doodle was a simple out-of-offi_345e61' is clicked on

07-06-2024T13:46:25 - [TEST_STEP][PASSED] - verifyElementVisible(findTestObject("Object Repository/Page_The Story and Evolution of Doodles - G_6e786d/h1_The story behind Doodles")): Object 'Object Repository/Page_The Story and Evolution of Doodles - G_6e786d/h1_The story behind Doodles' is visible

07-06-2024T13:46:25 - [MESSAGE][PASSED] - Object 'Object Repository/Page_The Story and Evolution of Doodles - G_6e786d/h1_The story behind Doodles' is visible

07-06-2024T13:46:25 - [TEST_STEP][PASSED] - verifyElementVisible(findTestObject("Object Repository/Page_The Story and Evolution of Doodles - G_6e786d/p_The first Doodle was a simple out-of-offi_345e61")): Object 'Object Repository/Page_The Story and Evolution of Doodles - G_6e786d/p_The first Doodle was a simple out-of-offi_345e61' is visible

07-06-2024T13:46:25 - [MESSAGE][PASSED] - Object 'Object Repository/Page_The Story and Evolution of Doodles - G_6e786d/p_The first Doodle was a simple out-of-offi_345e61' is visible

07-06-2024T13:46:25 - [TEST_STEP][PASSED] - verifyElementVisible(findTestObject("Object Repository/Page_The Story and Evolution of Doodles - G_6e786d/h2_Weve created more than 5,000 Doodles ove_111429")): Object 'Object Repository/Page_The Story and Evolution of Doodles - G_6e786d/h2_Weve created more than 5,000 Doodles ove_111429' is visible

07-06-2024T13:46:25 - [MESSAGE][PASSED] - Object 'Object Repository/Page_The Story and Evolution of Doodles - G_6e786d/h2_Weve created more than 5,000 Doodles ove_111429' is visible

07-06-2024T13:46:25 - [TEST_STEP][PASSED] - click(findTestObject("Object Repository/Page_The Story and Evolution of Doodles - G_6e786d/p_The first Doodle was a simple out-of-offi_345e61")): Object: 'Object Repository/Page_The Story and Evolution of Doodles - G_6e786d/p_The first Doodle was a simple out-of-offi_345e61' is clicked on

07-06-2024T13:46:25 - [MESSAGE][PASSED] - Object: 'Object Repository/Page_The Story and Evolution of Doodles - G_6e786d/p_The first Doodle was a simple out-of-offi_345e61' is clicked on

07-06-2024T13:46:25 - [TEST_STEP][PASSED] - verifyElementVisible(findTestObject("Object Repository/Page_The Story and Evolution of Doodles - G_6e786d/h1_The story behind Doodles")): Object 'Object Repository/Page_The Story and Evolution of Doodles - G_6e786d/h1_The story behind Doodles' is visible

07-06-2024T13:46:26 - [MESSAGE][PASSED] - Object 'Object Repository/Page_The Story and Evolution of Doodles - G_6e786d/h1_The story behind Doodles' is visible

07-06-2024T13:46:26 - [TEST_STEP][PASSED] - verifyElementVisible(findTestObject("Object Repository/Page_The Story and Evolution of Doodles - G_6e786d/p_The first Doodle was a simple out-of-offi_345e61")): Object 'Object Repository/Page_The Story and Evolution of Doodles - G_6e786d/p_The first Doodle was a simple out-of-offi_345e61' is visible

07-06-2024T13:46:26 - [MESSAGE][PASSED] - Object 'Object Repository/Page_The Story and Evolution of Doodles - G_6e786d/p_The first Doodle was a simple out-of-offi_345e61' is visible

07-06-2024T13:46:26 - [TEST_STEP][PASSED] - verifyElementVisible(findTestObject("Object Repository/Page_The Story and Evolution of Doodles - G_6e786d/h2_Weve created more than 5,000 Doodles ove_111429")): Object 'Object Repository/Page_The Story and Evolution of Doodles - G_6e786d/h2_Weve created more than 5,000 Doodles ove_111429' is visible

07-06-2024T13:46:26 - [MESSAGE][PASSED] - Object 'Object Repository/Page_The Story and Evolution of Doodles - G_6e786d/h2_Weve created more than 5,000 Doodles ove_111429' is visible

07-06-2024T13:46:26 - [TEST_STEP][PASSED] - click(findTestObject("Object Repository/Page_The Story and Evolution of Doodles - G_6e786d/p_The first Doodle was a simple out-of-offi_345e61")): Object: 'Object Repository/Page_The Story and Evolution of Doodles - G_6e786d/p_The first Doodle was a simple out-of-offi_345e61' is clicked on

07-06-2024T13:46:26 - [MESSAGE][PASSED] - Object: 'Object Repository/Page_The Story and Evolution of Doodles - G_6e786d/p_The first Doodle was a simple out-of-offi_345e61' is clicked on

07-06-2024T13:46:26 - [TEST_STEP][PASSED] - verifyElementVisible(findTestObject("Object Repository/Page_The Story and Evolution of Doodles - G_6e786d/h1_The story behind Doodles")): Object 'Object Repository/Page_The Story and Evolution of Doodles - G_6e786d/h1_The story behind Doodles' is visible

07-06-2024T13:46:26 - [MESSAGE][PASSED] - Object 'Object Repository/Page_The Story and Evolution of Doodles - G_6e786d/h1_The story behind Doodles' is visible

07-06-2024T13:46:26 - [TEST_STEP][PASSED] - verifyElementVisible(findTestObject("Object Repository/Page_The Story and Evolution of Doodles - G_6e786d/p_The first Doodle was a simple out-of-offi_345e61")): Object 'Object Repository/Page_The Story and Evolution of Doodles - G_6e786d/p_The first Doodle was a simple out-of-offi_345e61' is visible

07-06-2024T13:46:26 - [MESSAGE][PASSED] - Object 'Object Repository/Page_The Story and Evolution of Doodles - G_6e786d/p_The first Doodle was a simple out-of-offi_345e61' is visible

07-06-2024T13:46:26 - [TEST_STEP][PASSED] - verifyElementVisible(findTestObject("Object Repository/Page_The Story and Evolution of Doodles - G_6e786d/h2_Weve created more than 5,000 Doodles ove_111429")): Object 'Object Repository/Page_The Story and Evolution of Doodles - G_6e786d/h2_Weve created more than 5,000 Doodles ove_111429' is visible

07-06-2024T13:46:26 - [MESSAGE][PASSED] - Object 'Object Repository/Page_The Story and Evolution of Doodles - G_6e786d/h2_Weve created more than 5,000 Doodles ove_111429' is visible

07-06-2024T13:46:26 - [TEST_STEP][PASSED] - click(findTestObject("Object Repository/Page_The Story and Evolution of Doodles - G_6e786d/p_The first Doodle was a simple out-of-offi_345e61")): Object: 'Object Repository/Page_The Story and Evolution of Doodles - G_6e786d/p_The first Doodle was a simple out-of-offi_345e61' is clicked on

07-06-2024T13:46:26 - [MESSAGE][PASSED] - Object: 'Object Repository/Page_The Story and Evolution of Doodles - G_6e786d/p_The first Doodle was a simple out-of-offi_345e61' is clicked on

07-06-2024T13:46:26 - [TEST_STEP][PASSED] - verifyElementVisible(findTestObject("Object Repository/Page_The Story and Evolution of Doodles - G_6e786d/h1_The story behind Doodles")): Object 'Object Repository/Page_The Story and Evolution of Doodles - G_6e786d/h1_The story behind Doodles' is visible

07-06-2024T13:46:26 - [MESSAGE][PASSED] - Object 'Object Repository/Page_The Story and Evolution of Doodles - G_6e786d/h1_The story behind Doodles' is visible

07-06-2024T13:46:26 - [TEST_STEP][PASSED] - verifyElementVisible(findTestObject("Object Repository/Page_The Story and Evolution of Doodles - G_6e786d/p_The first Doodle was a simple out-of-offi_345e61")): Object 'Object Repository/Page_The Story and Evolution of Doodles - G_6e786d/p_The first Doodle was a simple out-of-offi_345e61' is visible

07-06-2024T13:46:26 - [MESSAGE][PASSED] - Object 'Object Repository/Page_The Story and Evolution of Doodles - G_6e786d/p_The first Doodle was a simple out-of-offi_345e61' is visible

07-06-2024T13:46:26 - [TEST_STEP][PASSED] - verifyElementVisible(findTestObject("Object Repository/Page_The Story and Evolution of Doodles - G_6e786d/h2_Weve created more than 5,000 Doodles ove_111429")): Object 'Object Repository/Page_The Story and Evolution of Doodles - G_6e786d/h2_Weve created more than 5,000 Doodles ove_111429' is visible

07-06-2024T13:46:26 - [MESSAGE][PASSED] - Object 'Object Repository/Page_The Story and Evolution of Doodles - G_6e786d/h2_Weve created more than 5,000 Doodles ove_111429' is visible

07-06-2024T13:46:26 - [TEST_STEP][PASSED] - click(findTestObject("Object Repository/Page_The Story and Evolution of Doodles - G_6e786d/p_The first Doodle was a simple out-of-offi_345e61")): Object: 'Object Repository/Page_The Story and Evolution of Doodles - G_6e786d/p_The first Doodle was a simple out-of-offi_345e61' is clicked on

07-06-2024T13:46:27 - [MESSAGE][PASSED] - Object: 'Object Repository/Page_The Story and Evolution of Doodles - G_6e786d/p_The first Doodle was a simple out-of-offi_345e61' is clicked on

07-06-2024T13:46:27 - [TEST_STEP][PASSED] - verifyElementVisible(findTestObject("Object Repository/Page_The Story and Evolution of Doodles - G_6e786d/h1_The story behind Doodles")): Object 'Object Repository/Page_The Story and Evolution of Doodles - G_6e786d/h1_The story behind Doodles' is visible

07-06-2024T13:46:27 - [MESSAGE][PASSED] - Object 'Object Repository/Page_The Story and Evolution of Doodles - G_6e786d/h1_The story behind Doodles' is visible

07-06-2024T13:46:27 - [TEST_STEP][PASSED] - verifyElementVisible(findTestObject("Object Repository/Page_The Story and Evolution of Doodles - G_6e786d/p_The first Doodle was a simple out-of-offi_345e61")): Object 'Object Repository/Page_The Story and Evolution of Doodles - G_6e786d/p_The first Doodle was a simple out-of-offi_345e61' is visible

07-06-2024T13:46:27 - [MESSAGE][PASSED] - Object 'Object Repository/Page_The Story and Evolution of Doodles - G_6e786d/p_The first Doodle was a simple out-of-offi_345e61' is visible

07-06-2024T13:46:27 - [TEST_STEP][PASSED] - verifyElementVisible(findTestObject("Object Repository/Page_The Story and Evolution of Doodles - G_6e786d/h2_Weve created more than 5,000 Doodles ove_111429")): Object 'Object Repository/Page_The Story and Evolution of Doodles - G_6e786d/h2_Weve created more than 5,000 Doodles ove_111429' is visible

07-06-2024T13:46:27 - [MESSAGE][PASSED] - Object 'Object Repository/Page_The Story and Evolution of Doodles - G_6e786d/h2_Weve created more than 5,000 Doodles ove_111429' is visible

07-06-2024T13:46:27 - [TEST_STEP][PASSED] - click(findTestObject("Object Repository/Page_The Story and Evolution of Doodles - G_6e786d/p_The first Doodle was a simple out-of-offi_345e61")): Object: 'Object Repository/Page_The Story and Evolution of Doodles - G_6e786d/p_The first Doodle was a simple out-of-offi_345e61' is clicked on

07-06-2024T13:46:27 - [MESSAGE][PASSED] - Object: 'Object Repository/Page_The Story and Evolution of Doodles - G_6e786d/p_The first Doodle was a simple out-of-offi_345e61' is clicked on

07-06-2024T13:46:27 - [TEST_STEP][PASSED] - verifyElementVisible(findTestObject("Object Repository/Page_The Story and Evolution of Doodles - G_6e786d/h1_The story behind Doodles")): Object 'Object Repository/Page_The Story and Evolution of Doodles - G_6e786d/h1_The story behind Doodles' is visible

07-06-2024T13:46:27 - [MESSAGE][PASSED] - Object 'Object Repository/Page_The Story and Evolution of Doodles - G_6e786d/h1_The story behind Doodles' is visible

07-06-2024T13:46:27 - [TEST_STEP][PASSED] - verifyElementVisible(findTestObject("Object Repository/Page_The Story and Evolution of Doodles - G_6e786d/p_The first Doodle was a simple out-of-offi_345e61")): Object 'Object Repository/Page_The Story and Evolution of Doodles - G_6e786d/p_The first Doodle was a simple out-of-offi_345e61' is visible

07-06-2024T13:46:27 - [MESSAGE][PASSED] - Object 'Object Repository/Page_The Story and Evolution of Doodles - G_6e786d/p_The first Doodle was a simple out-of-offi_345e61' is visible

07-06-2024T13:46:27 - [TEST_STEP][PASSED] - verifyElementVisible(findTestObject("Object Repository/Page_The Story and Evolution of Doodles - G_6e786d/h2_Weve created more than 5,000 Doodles ove_111429")): Object 'Object Repository/Page_The Story and Evolution of Doodles - G_6e786d/h2_Weve created more than 5,000 Doodles ove_111429' is visible

07-06-2024T13:46:27 - [MESSAGE][PASSED] - Object 'Object Repository/Page_The Story and Evolution of Doodles - G_6e786d/h2_Weve created more than 5,000 Doodles ove_111429' is visible]]></system-out>
         <system-err><![CDATA[]]></system-err>
      </testcase>
      <testcase name="Test Cases/test case folder 1/tc1 - Copy (1) - Copy (2)" time="9.302" classname="Test Cases/test case folder 1/tc1 - Copy (1) - Copy (2)" status="PASSED">
         <system-out><![CDATA[07-06-2024T13:46:27 - [TEST_CASE][PASSED] - Test Cases/test case folder 1/tc1 - Copy (1) - Copy (2): Test Cases/test case folder 1/tc1 - Copy (1) - Copy (2)

07-06-2024T13:46:27 - [TEST_STEP][PASSED] - openBrowser(""): Browser is opened with url: ''

07-06-2024T13:46:27 - [MESSAGE][WARNING] - A browser is already opened. Closing browser and opening a new one

07-06-2024T13:46:28 - [MESSAGE][INFO] - Starting 'Firefox (headless)' driver

07-06-2024T13:46:28 - [MESSAGE][INFO] - Action delay is set to 0 milliseconds

07-06-2024T13:46:30 - [MESSAGE][PASSED] - Browser is opened with url: ''

07-06-2024T13:46:30 - [TEST_STEP][PASSED] - navigateToUrl("https://doodles.google/about/"): Navigate to 'https://doodles.google/about/' successfully

07-06-2024T13:46:32 - [MESSAGE][PASSED] - Navigate to 'https://doodles.google/about/' successfully

07-06-2024T13:46:32 - [TEST_STEP][PASSED] - click(findTestObject("Object Repository/Page_The Story and Evolution of Doodles - G_6e786d/p_The first Doodle was a simple out-of-offi_345e61")): Object: 'Object Repository/Page_The Story and Evolution of Doodles - G_6e786d/p_The first Doodle was a simple out-of-offi_345e61' is clicked on

07-06-2024T13:46:32 - [MESSAGE][PASSED] - Object: 'Object Repository/Page_The Story and Evolution of Doodles - G_6e786d/p_The first Doodle was a simple out-of-offi_345e61' is clicked on

07-06-2024T13:46:32 - [TEST_STEP][PASSED] - click(findTestObject("Object Repository/Page_The Story and Evolution of Doodles - G_6e786d/p_The first Doodle was a simple out-of-offi_345e61")): Object: 'Object Repository/Page_The Story and Evolution of Doodles - G_6e786d/p_The first Doodle was a simple out-of-offi_345e61' is clicked on

07-06-2024T13:46:32 - [MESSAGE][PASSED] - Object: 'Object Repository/Page_The Story and Evolution of Doodles - G_6e786d/p_The first Doodle was a simple out-of-offi_345e61' is clicked on

07-06-2024T13:46:32 - [TEST_STEP][PASSED] - verifyElementVisible(findTestObject("Object Repository/Page_The Story and Evolution of Doodles - G_6e786d/h1_The story behind Doodles")): Object 'Object Repository/Page_The Story and Evolution of Doodles - G_6e786d/h1_The story behind Doodles' is visible

07-06-2024T13:46:33 - [MESSAGE][PASSED] - Object 'Object Repository/Page_The Story and Evolution of Doodles - G_6e786d/h1_The story behind Doodles' is visible

07-06-2024T13:46:33 - [TEST_STEP][PASSED] - verifyElementVisible(findTestObject("Object Repository/Page_The Story and Evolution of Doodles - G_6e786d/p_The first Doodle was a simple out-of-offi_345e61")): Object 'Object Repository/Page_The Story and Evolution of Doodles - G_6e786d/p_The first Doodle was a simple out-of-offi_345e61' is visible

07-06-2024T13:46:33 - [MESSAGE][PASSED] - Object 'Object Repository/Page_The Story and Evolution of Doodles - G_6e786d/p_The first Doodle was a simple out-of-offi_345e61' is visible

07-06-2024T13:46:33 - [TEST_STEP][PASSED] - verifyElementVisible(findTestObject("Object Repository/Page_The Story and Evolution of Doodles - G_6e786d/h2_Weve created more than 5,000 Doodles ove_111429")): Object 'Object Repository/Page_The Story and Evolution of Doodles - G_6e786d/h2_Weve created more than 5,000 Doodles ove_111429' is visible

07-06-2024T13:46:33 - [MESSAGE][PASSED] - Object 'Object Repository/Page_The Story and Evolution of Doodles - G_6e786d/h2_Weve created more than 5,000 Doodles ove_111429' is visible

07-06-2024T13:46:33 - [TEST_STEP][PASSED] - verifyElementVisible(findTestObject("Object Repository/Page_The Story and Evolution of Doodles - G_6e786d/h1_The story behind Doodles")): Object 'Object Repository/Page_The Story and Evolution of Doodles - G_6e786d/h1_The story behind Doodles' is visible

07-06-2024T13:46:33 - [MESSAGE][PASSED] - Object 'Object Repository/Page_The Story and Evolution of Doodles - G_6e786d/h1_The story behind Doodles' is visible

07-06-2024T13:46:33 - [TEST_STEP][PASSED] - verifyElementVisible(findTestObject("Object Repository/Page_The Story and Evolution of Doodles - G_6e786d/p_The first Doodle was a simple out-of-offi_345e61")): Object 'Object Repository/Page_The Story and Evolution of Doodles - G_6e786d/p_The first Doodle was a simple out-of-offi_345e61' is visible

07-06-2024T13:46:33 - [MESSAGE][PASSED] - Object 'Object Repository/Page_The Story and Evolution of Doodles - G_6e786d/p_The first Doodle was a simple out-of-offi_345e61' is visible

07-06-2024T13:46:33 - [TEST_STEP][PASSED] - verifyElementVisible(findTestObject("Object Repository/Page_The Story and Evolution of Doodles - G_6e786d/h2_Weve created more than 5,000 Doodles ove_111429")): Object 'Object Repository/Page_The Story and Evolution of Doodles - G_6e786d/h2_Weve created more than 5,000 Doodles ove_111429' is visible

07-06-2024T13:46:33 - [MESSAGE][PASSED] - Object 'Object Repository/Page_The Story and Evolution of Doodles - G_6e786d/h2_Weve created more than 5,000 Doodles ove_111429' is visible

07-06-2024T13:46:33 - [TEST_STEP][PASSED] - click(findTestObject("Object Repository/Page_The Story and Evolution of Doodles - G_6e786d/p_The first Doodle was a simple out-of-offi_345e61")): Object: 'Object Repository/Page_The Story and Evolution of Doodles - G_6e786d/p_The first Doodle was a simple out-of-offi_345e61' is clicked on

07-06-2024T13:46:33 - [MESSAGE][PASSED] - Object: 'Object Repository/Page_The Story and Evolution of Doodles - G_6e786d/p_The first Doodle was a simple out-of-offi_345e61' is clicked on

07-06-2024T13:46:33 - [TEST_STEP][PASSED] - verifyElementVisible(findTestObject("Object Repository/Page_The Story and Evolution of Doodles - G_6e786d/h1_The story behind Doodles")): Object 'Object Repository/Page_The Story and Evolution of Doodles - G_6e786d/h1_The story behind Doodles' is visible

07-06-2024T13:46:33 - [MESSAGE][PASSED] - Object 'Object Repository/Page_The Story and Evolution of Doodles - G_6e786d/h1_The story behind Doodles' is visible

07-06-2024T13:46:33 - [TEST_STEP][PASSED] - verifyElementVisible(findTestObject("Object Repository/Page_The Story and Evolution of Doodles - G_6e786d/p_The first Doodle was a simple out-of-offi_345e61")): Object 'Object Repository/Page_The Story and Evolution of Doodles - G_6e786d/p_The first Doodle was a simple out-of-offi_345e61' is visible

07-06-2024T13:46:33 - [MESSAGE][PASSED] - Object 'Object Repository/Page_The Story and Evolution of Doodles - G_6e786d/p_The first Doodle was a simple out-of-offi_345e61' is visible

07-06-2024T13:46:33 - [TEST_STEP][PASSED] - verifyElementVisible(findTestObject("Object Repository/Page_The Story and Evolution of Doodles - G_6e786d/h2_Weve created more than 5,000 Doodles ove_111429")): Object 'Object Repository/Page_The Story and Evolution of Doodles - G_6e786d/h2_Weve created more than 5,000 Doodles ove_111429' is visible

07-06-2024T13:46:33 - [MESSAGE][PASSED] - Object 'Object Repository/Page_The Story and Evolution of Doodles - G_6e786d/h2_Weve created more than 5,000 Doodles ove_111429' is visible

07-06-2024T13:46:33 - [TEST_STEP][PASSED] - click(findTestObject("Object Repository/Page_The Story and Evolution of Doodles - G_6e786d/p_The first Doodle was a simple out-of-offi_345e61")): Object: 'Object Repository/Page_The Story and Evolution of Doodles - G_6e786d/p_The first Doodle was a simple out-of-offi_345e61' is clicked on

07-06-2024T13:46:33 - [MESSAGE][PASSED] - Object: 'Object Repository/Page_The Story and Evolution of Doodles - G_6e786d/p_The first Doodle was a simple out-of-offi_345e61' is clicked on

07-06-2024T13:46:33 - [TEST_STEP][PASSED] - verifyElementVisible(findTestObject("Object Repository/Page_The Story and Evolution of Doodles - G_6e786d/h1_The story behind Doodles")): Object 'Object Repository/Page_The Story and Evolution of Doodles - G_6e786d/h1_The story behind Doodles' is visible

07-06-2024T13:46:33 - [MESSAGE][PASSED] - Object 'Object Repository/Page_The Story and Evolution of Doodles - G_6e786d/h1_The story behind Doodles' is visible

07-06-2024T13:46:33 - [TEST_STEP][PASSED] - verifyElementVisible(findTestObject("Object Repository/Page_The Story and Evolution of Doodles - G_6e786d/p_The first Doodle was a simple out-of-offi_345e61")): Object 'Object Repository/Page_The Story and Evolution of Doodles - G_6e786d/p_The first Doodle was a simple out-of-offi_345e61' is visible

07-06-2024T13:46:34 - [MESSAGE][PASSED] - Object 'Object Repository/Page_The Story and Evolution of Doodles - G_6e786d/p_The first Doodle was a simple out-of-offi_345e61' is visible

07-06-2024T13:46:34 - [TEST_STEP][PASSED] - verifyElementVisible(findTestObject("Object Repository/Page_The Story and Evolution of Doodles - G_6e786d/h2_Weve created more than 5,000 Doodles ove_111429")): Object 'Object Repository/Page_The Story and Evolution of Doodles - G_6e786d/h2_Weve created more than 5,000 Doodles ove_111429' is visible

07-06-2024T13:46:34 - [MESSAGE][PASSED] - Object 'Object Repository/Page_The Story and Evolution of Doodles - G_6e786d/h2_Weve created more than 5,000 Doodles ove_111429' is visible

07-06-2024T13:46:34 - [TEST_STEP][PASSED] - click(findTestObject("Object Repository/Page_The Story and Evolution of Doodles - G_6e786d/p_The first Doodle was a simple out-of-offi_345e61")): Object: 'Object Repository/Page_The Story and Evolution of Doodles - G_6e786d/p_The first Doodle was a simple out-of-offi_345e61' is clicked on

07-06-2024T13:46:34 - [MESSAGE][PASSED] - Object: 'Object Repository/Page_The Story and Evolution of Doodles - G_6e786d/p_The first Doodle was a simple out-of-offi_345e61' is clicked on

07-06-2024T13:46:34 - [TEST_STEP][PASSED] - verifyElementVisible(findTestObject("Object Repository/Page_The Story and Evolution of Doodles - G_6e786d/h1_The story behind Doodles")): Object 'Object Repository/Page_The Story and Evolution of Doodles - G_6e786d/h1_The story behind Doodles' is visible

07-06-2024T13:46:34 - [MESSAGE][PASSED] - Object 'Object Repository/Page_The Story and Evolution of Doodles - G_6e786d/h1_The story behind Doodles' is visible

07-06-2024T13:46:34 - [TEST_STEP][PASSED] - verifyElementVisible(findTestObject("Object Repository/Page_The Story and Evolution of Doodles - G_6e786d/p_The first Doodle was a simple out-of-offi_345e61")): Object 'Object Repository/Page_The Story and Evolution of Doodles - G_6e786d/p_The first Doodle was a simple out-of-offi_345e61' is visible

07-06-2024T13:46:34 - [MESSAGE][PASSED] - Object 'Object Repository/Page_The Story and Evolution of Doodles - G_6e786d/p_The first Doodle was a simple out-of-offi_345e61' is visible

07-06-2024T13:46:34 - [TEST_STEP][PASSED] - verifyElementVisible(findTestObject("Object Repository/Page_The Story and Evolution of Doodles - G_6e786d/h2_Weve created more than 5,000 Doodles ove_111429")): Object 'Object Repository/Page_The Story and Evolution of Doodles - G_6e786d/h2_Weve created more than 5,000 Doodles ove_111429' is visible

07-06-2024T13:46:34 - [MESSAGE][PASSED] - Object 'Object Repository/Page_The Story and Evolution of Doodles - G_6e786d/h2_Weve created more than 5,000 Doodles ove_111429' is visible

07-06-2024T13:46:34 - [TEST_STEP][PASSED] - click(findTestObject("Object Repository/Page_The Story and Evolution of Doodles - G_6e786d/p_The first Doodle was a simple out-of-offi_345e61")): Object: 'Object Repository/Page_The Story and Evolution of Doodles - G_6e786d/p_The first Doodle was a simple out-of-offi_345e61' is clicked on

07-06-2024T13:46:34 - [MESSAGE][PASSED] - Object: 'Object Repository/Page_The Story and Evolution of Doodles - G_6e786d/p_The first Doodle was a simple out-of-offi_345e61' is clicked on

07-06-2024T13:46:34 - [TEST_STEP][PASSED] - verifyElementVisible(findTestObject("Object Repository/Page_The Story and Evolution of Doodles - G_6e786d/h1_The story behind Doodles")): Object 'Object Repository/Page_The Story and Evolution of Doodles - G_6e786d/h1_The story behind Doodles' is visible

07-06-2024T13:46:34 - [MESSAGE][PASSED] - Object 'Object Repository/Page_The Story and Evolution of Doodles - G_6e786d/h1_The story behind Doodles' is visible

07-06-2024T13:46:34 - [TEST_STEP][PASSED] - verifyElementVisible(findTestObject("Object Repository/Page_The Story and Evolution of Doodles - G_6e786d/p_The first Doodle was a simple out-of-offi_345e61")): Object 'Object Repository/Page_The Story and Evolution of Doodles - G_6e786d/p_The first Doodle was a simple out-of-offi_345e61' is visible

07-06-2024T13:46:34 - [MESSAGE][PASSED] - Object 'Object Repository/Page_The Story and Evolution of Doodles - G_6e786d/p_The first Doodle was a simple out-of-offi_345e61' is visible

07-06-2024T13:46:34 - [TEST_STEP][PASSED] - verifyElementVisible(findTestObject("Object Repository/Page_The Story and Evolution of Doodles - G_6e786d/h2_Weve created more than 5,000 Doodles ove_111429")): Object 'Object Repository/Page_The Story and Evolution of Doodles - G_6e786d/h2_Weve created more than 5,000 Doodles ove_111429' is visible

07-06-2024T13:46:34 - [MESSAGE][PASSED] - Object 'Object Repository/Page_The Story and Evolution of Doodles - G_6e786d/h2_Weve created more than 5,000 Doodles ove_111429' is visible

07-06-2024T13:46:34 - [TEST_STEP][PASSED] - click(findTestObject("Object Repository/Page_The Story and Evolution of Doodles - G_6e786d/p_The first Doodle was a simple out-of-offi_345e61")): Object: 'Object Repository/Page_The Story and Evolution of Doodles - G_6e786d/p_The first Doodle was a simple out-of-offi_345e61' is clicked on

07-06-2024T13:46:35 - [MESSAGE][PASSED] - Object: 'Object Repository/Page_The Story and Evolution of Doodles - G_6e786d/p_The first Doodle was a simple out-of-offi_345e61' is clicked on

07-06-2024T13:46:35 - [TEST_STEP][PASSED] - verifyElementVisible(findTestObject("Object Repository/Page_The Story and Evolution of Doodles - G_6e786d/h1_The story behind Doodles")): Object 'Object Repository/Page_The Story and Evolution of Doodles - G_6e786d/h1_The story behind Doodles' is visible

07-06-2024T13:46:35 - [MESSAGE][PASSED] - Object 'Object Repository/Page_The Story and Evolution of Doodles - G_6e786d/h1_The story behind Doodles' is visible

07-06-2024T13:46:35 - [TEST_STEP][PASSED] - verifyElementVisible(findTestObject("Object Repository/Page_The Story and Evolution of Doodles - G_6e786d/p_The first Doodle was a simple out-of-offi_345e61")): Object 'Object Repository/Page_The Story and Evolution of Doodles - G_6e786d/p_The first Doodle was a simple out-of-offi_345e61' is visible

07-06-2024T13:46:35 - [MESSAGE][PASSED] - Object 'Object Repository/Page_The Story and Evolution of Doodles - G_6e786d/p_The first Doodle was a simple out-of-offi_345e61' is visible

07-06-2024T13:46:35 - [TEST_STEP][PASSED] - verifyElementVisible(findTestObject("Object Repository/Page_The Story and Evolution of Doodles - G_6e786d/h2_Weve created more than 5,000 Doodles ove_111429")): Object 'Object Repository/Page_The Story and Evolution of Doodles - G_6e786d/h2_Weve created more than 5,000 Doodles ove_111429' is visible

07-06-2024T13:46:35 - [MESSAGE][PASSED] - Object 'Object Repository/Page_The Story and Evolution of Doodles - G_6e786d/h2_Weve created more than 5,000 Doodles ove_111429' is visible

07-06-2024T13:46:35 - [TEST_STEP][PASSED] - click(findTestObject("Object Repository/Page_The Story and Evolution of Doodles - G_6e786d/p_The first Doodle was a simple out-of-offi_345e61")): Object: 'Object Repository/Page_The Story and Evolution of Doodles - G_6e786d/p_The first Doodle was a simple out-of-offi_345e61' is clicked on

07-06-2024T13:46:35 - [MESSAGE][PASSED] - Object: 'Object Repository/Page_The Story and Evolution of Doodles - G_6e786d/p_The first Doodle was a simple out-of-offi_345e61' is clicked on

07-06-2024T13:46:35 - [TEST_STEP][PASSED] - verifyElementVisible(findTestObject("Object Repository/Page_The Story and Evolution of Doodles - G_6e786d/h1_The story behind Doodles")): Object 'Object Repository/Page_The Story and Evolution of Doodles - G_6e786d/h1_The story behind Doodles' is visible

07-06-2024T13:46:35 - [MESSAGE][PASSED] - Object 'Object Repository/Page_The Story and Evolution of Doodles - G_6e786d/h1_The story behind Doodles' is visible

07-06-2024T13:46:35 - [TEST_STEP][PASSED] - verifyElementVisible(findTestObject("Object Repository/Page_The Story and Evolution of Doodles - G_6e786d/p_The first Doodle was a simple out-of-offi_345e61")): Object 'Object Repository/Page_The Story and Evolution of Doodles - G_6e786d/p_The first Doodle was a simple out-of-offi_345e61' is visible

07-06-2024T13:46:35 - [MESSAGE][PASSED] - Object 'Object Repository/Page_The Story and Evolution of Doodles - G_6e786d/p_The first Doodle was a simple out-of-offi_345e61' is visible

07-06-2024T13:46:35 - [TEST_STEP][PASSED] - verifyElementVisible(findTestObject("Object Repository/Page_The Story and Evolution of Doodles - G_6e786d/h2_Weve created more than 5,000 Doodles ove_111429")): Object 'Object Repository/Page_The Story and Evolution of Doodles - G_6e786d/h2_Weve created more than 5,000 Doodles ove_111429' is visible

07-06-2024T13:46:35 - [MESSAGE][PASSED] - Object 'Object Repository/Page_The Story and Evolution of Doodles - G_6e786d/h2_Weve created more than 5,000 Doodles ove_111429' is visible

07-06-2024T13:46:35 - [TEST_STEP][PASSED] - click(findTestObject("Object Repository/Page_The Story and Evolution of Doodles - G_6e786d/p_The first Doodle was a simple out-of-offi_345e61")): Object: 'Object Repository/Page_The Story and Evolution of Doodles - G_6e786d/p_The first Doodle was a simple out-of-offi_345e61' is clicked on

07-06-2024T13:46:36 - [MESSAGE][PASSED] - Object: 'Object Repository/Page_The Story and Evolution of Doodles - G_6e786d/p_The first Doodle was a simple out-of-offi_345e61' is clicked on

07-06-2024T13:46:36 - [TEST_STEP][PASSED] - verifyElementVisible(findTestObject("Object Repository/Page_The Story and Evolution of Doodles - G_6e786d/h1_The story behind Doodles")): Object 'Object Repository/Page_The Story and Evolution of Doodles - G_6e786d/h1_The story behind Doodles' is visible

07-06-2024T13:46:36 - [MESSAGE][PASSED] - Object 'Object Repository/Page_The Story and Evolution of Doodles - G_6e786d/h1_The story behind Doodles' is visible

07-06-2024T13:46:36 - [TEST_STEP][PASSED] - verifyElementVisible(findTestObject("Object Repository/Page_The Story and Evolution of Doodles - G_6e786d/p_The first Doodle was a simple out-of-offi_345e61")): Object 'Object Repository/Page_The Story and Evolution of Doodles - G_6e786d/p_The first Doodle was a simple out-of-offi_345e61' is visible

07-06-2024T13:46:36 - [MESSAGE][PASSED] - Object 'Object Repository/Page_The Story and Evolution of Doodles - G_6e786d/p_The first Doodle was a simple out-of-offi_345e61' is visible

07-06-2024T13:46:36 - [TEST_STEP][PASSED] - verifyElementVisible(findTestObject("Object Repository/Page_The Story and Evolution of Doodles - G_6e786d/h2_Weve created more than 5,000 Doodles ove_111429")): Object 'Object Repository/Page_The Story and Evolution of Doodles - G_6e786d/h2_Weve created more than 5,000 Doodles ove_111429' is visible

07-06-2024T13:46:36 - [MESSAGE][PASSED] - Object 'Object Repository/Page_The Story and Evolution of Doodles - G_6e786d/h2_Weve created more than 5,000 Doodles ove_111429' is visible

07-06-2024T13:46:36 - [TEST_STEP][PASSED] - click(findTestObject("Object Repository/Page_The Story and Evolution of Doodles - G_6e786d/p_The first Doodle was a simple out-of-offi_345e61")): Object: 'Object Repository/Page_The Story and Evolution of Doodles - G_6e786d/p_The first Doodle was a simple out-of-offi_345e61' is clicked on

07-06-2024T13:46:36 - [MESSAGE][PASSED] - Object: 'Object Repository/Page_The Story and Evolution of Doodles - G_6e786d/p_The first Doodle was a simple out-of-offi_345e61' is clicked on

07-06-2024T13:46:36 - [TEST_STEP][PASSED] - verifyElementVisible(findTestObject("Object Repository/Page_The Story and Evolution of Doodles - G_6e786d/h1_The story behind Doodles")): Object 'Object Repository/Page_The Story and Evolution of Doodles - G_6e786d/h1_The story behind Doodles' is visible

07-06-2024T13:46:36 - [MESSAGE][PASSED] - Object 'Object Repository/Page_The Story and Evolution of Doodles - G_6e786d/h1_The story behind Doodles' is visible

07-06-2024T13:46:36 - [TEST_STEP][PASSED] - verifyElementVisible(findTestObject("Object Repository/Page_The Story and Evolution of Doodles - G_6e786d/p_The first Doodle was a simple out-of-offi_345e61")): Object 'Object Repository/Page_The Story and Evolution of Doodles - G_6e786d/p_The first Doodle was a simple out-of-offi_345e61' is visible

07-06-2024T13:46:36 - [MESSAGE][PASSED] - Object 'Object Repository/Page_The Story and Evolution of Doodles - G_6e786d/p_The first Doodle was a simple out-of-offi_345e61' is visible

07-06-2024T13:46:36 - [TEST_STEP][PASSED] - verifyElementVisible(findTestObject("Object Repository/Page_The Story and Evolution of Doodles - G_6e786d/h2_Weve created more than 5,000 Doodles ove_111429")): Object 'Object Repository/Page_The Story and Evolution of Doodles - G_6e786d/h2_Weve created more than 5,000 Doodles ove_111429' is visible

07-06-2024T13:46:36 - [MESSAGE][PASSED] - Object 'Object Repository/Page_The Story and Evolution of Doodles - G_6e786d/h2_Weve created more than 5,000 Doodles ove_111429' is visible

07-06-2024T13:46:36 - [TEST_STEP][PASSED] - click(findTestObject("Object Repository/Page_The Story and Evolution of Doodles - G_6e786d/p_The first Doodle was a simple out-of-offi_345e61")): Object: 'Object Repository/Page_The Story and Evolution of Doodles - G_6e786d/p_The first Doodle was a simple out-of-offi_345e61' is clicked on

07-06-2024T13:46:36 - [MESSAGE][PASSED] - Object: 'Object Repository/Page_The Story and Evolution of Doodles - G_6e786d/p_The first Doodle was a simple out-of-offi_345e61' is clicked on

07-06-2024T13:46:36 - [TEST_STEP][PASSED] - verifyElementVisible(findTestObject("Object Repository/Page_The Story and Evolution of Doodles - G_6e786d/h1_The story behind Doodles")): Object 'Object Repository/Page_The Story and Evolution of Doodles - G_6e786d/h1_The story behind Doodles' is visible

07-06-2024T13:46:36 - [MESSAGE][PASSED] - Object 'Object Repository/Page_The Story and Evolution of Doodles - G_6e786d/h1_The story behind Doodles' is visible

07-06-2024T13:46:36 - [TEST_STEP][PASSED] - verifyElementVisible(findTestObject("Object Repository/Page_The Story and Evolution of Doodles - G_6e786d/p_The first Doodle was a simple out-of-offi_345e61")): Object 'Object Repository/Page_The Story and Evolution of Doodles - G_6e786d/p_The first Doodle was a simple out-of-offi_345e61' is visible

07-06-2024T13:46:36 - [MESSAGE][PASSED] - Object 'Object Repository/Page_The Story and Evolution of Doodles - G_6e786d/p_The first Doodle was a simple out-of-offi_345e61' is visible

07-06-2024T13:46:36 - [TEST_STEP][PASSED] - verifyElementVisible(findTestObject("Object Repository/Page_The Story and Evolution of Doodles - G_6e786d/h2_Weve created more than 5,000 Doodles ove_111429")): Object 'Object Repository/Page_The Story and Evolution of Doodles - G_6e786d/h2_Weve created more than 5,000 Doodles ove_111429' is visible

07-06-2024T13:46:36 - [MESSAGE][PASSED] - Object 'Object Repository/Page_The Story and Evolution of Doodles - G_6e786d/h2_Weve created more than 5,000 Doodles ove_111429' is visible]]></system-out>
         <system-err><![CDATA[]]></system-err>
      </testcase>
      <testcase name="Test Cases/test case folder 1/tc1 - Copy (1) - Copy (3)" time="24.975" classname="Test Cases/test case folder 1/tc1 - Copy (1) - Copy (3)" status="PASSED">
         <system-out><![CDATA[07-06-2024T13:46:36 - [TEST_CASE][PASSED] - Test Cases/test case folder 1/tc1 - Copy (1) - Copy (3): Test Cases/test case folder 1/tc1 - Copy (1) - Copy (3)

07-06-2024T13:46:36 - [TEST_STEP][PASSED] - openBrowser(""): Browser is opened with url: ''

07-06-2024T13:46:36 - [MESSAGE][WARNING] - A browser is already opened. Closing browser and opening a new one

07-06-2024T13:46:37 - [MESSAGE][INFO] - Starting 'Firefox (headless)' driver

07-06-2024T13:46:37 - [MESSAGE][INFO] - Action delay is set to 0 milliseconds

07-06-2024T13:46:40 - [MESSAGE][PASSED] - Browser is opened with url: ''

07-06-2024T13:46:40 - [TEST_STEP][PASSED] - navigateToUrl("https://doodles.google/about/"): Navigate to 'https://doodles.google/about/' successfully

07-06-2024T13:46:57 - [MESSAGE][PASSED] - Navigate to 'https://doodles.google/about/' successfully

07-06-2024T13:46:57 - [TEST_STEP][PASSED] - click(findTestObject("Object Repository/Page_The Story and Evolution of Doodles - G_6e786d/p_The first Doodle was a simple out-of-offi_345e61")): Object: 'Object Repository/Page_The Story and Evolution of Doodles - G_6e786d/p_The first Doodle was a simple out-of-offi_345e61' is clicked on

07-06-2024T13:46:57 - [MESSAGE][PASSED] - Object: 'Object Repository/Page_The Story and Evolution of Doodles - G_6e786d/p_The first Doodle was a simple out-of-offi_345e61' is clicked on

07-06-2024T13:46:57 - [TEST_STEP][PASSED] - click(findTestObject("Object Repository/Page_The Story and Evolution of Doodles - G_6e786d/p_The first Doodle was a simple out-of-offi_345e61")): Object: 'Object Repository/Page_The Story and Evolution of Doodles - G_6e786d/p_The first Doodle was a simple out-of-offi_345e61' is clicked on

07-06-2024T13:46:58 - [MESSAGE][PASSED] - Object: 'Object Repository/Page_The Story and Evolution of Doodles - G_6e786d/p_The first Doodle was a simple out-of-offi_345e61' is clicked on

07-06-2024T13:46:58 - [TEST_STEP][PASSED] - verifyElementVisible(findTestObject("Object Repository/Page_The Story and Evolution of Doodles - G_6e786d/h1_The story behind Doodles")): Object 'Object Repository/Page_The Story and Evolution of Doodles - G_6e786d/h1_The story behind Doodles' is visible

07-06-2024T13:46:58 - [MESSAGE][PASSED] - Object 'Object Repository/Page_The Story and Evolution of Doodles - G_6e786d/h1_The story behind Doodles' is visible

07-06-2024T13:46:58 - [TEST_STEP][PASSED] - verifyElementVisible(findTestObject("Object Repository/Page_The Story and Evolution of Doodles - G_6e786d/p_The first Doodle was a simple out-of-offi_345e61")): Object 'Object Repository/Page_The Story and Evolution of Doodles - G_6e786d/p_The first Doodle was a simple out-of-offi_345e61' is visible

07-06-2024T13:46:58 - [MESSAGE][PASSED] - Object 'Object Repository/Page_The Story and Evolution of Doodles - G_6e786d/p_The first Doodle was a simple out-of-offi_345e61' is visible

07-06-2024T13:46:58 - [TEST_STEP][PASSED] - verifyElementVisible(findTestObject("Object Repository/Page_The Story and Evolution of Doodles - G_6e786d/h2_Weve created more than 5,000 Doodles ove_111429")): Object 'Object Repository/Page_The Story and Evolution of Doodles - G_6e786d/h2_Weve created more than 5,000 Doodles ove_111429' is visible

07-06-2024T13:46:58 - [MESSAGE][PASSED] - Object 'Object Repository/Page_The Story and Evolution of Doodles - G_6e786d/h2_Weve created more than 5,000 Doodles ove_111429' is visible

07-06-2024T13:46:58 - [TEST_STEP][PASSED] - verifyElementVisible(findTestObject("Object Repository/Page_The Story and Evolution of Doodles - G_6e786d/h1_The story behind Doodles")): Object 'Object Repository/Page_The Story and Evolution of Doodles - G_6e786d/h1_The story behind Doodles' is visible

07-06-2024T13:46:58 - [MESSAGE][PASSED] - Object 'Object Repository/Page_The Story and Evolution of Doodles - G_6e786d/h1_The story behind Doodles' is visible

07-06-2024T13:46:58 - [TEST_STEP][PASSED] - verifyElementVisible(findTestObject("Object Repository/Page_The Story and Evolution of Doodles - G_6e786d/p_The first Doodle was a simple out-of-offi_345e61")): Object 'Object Repository/Page_The Story and Evolution of Doodles - G_6e786d/p_The first Doodle was a simple out-of-offi_345e61' is visible

07-06-2024T13:46:58 - [MESSAGE][PASSED] - Object 'Object Repository/Page_The Story and Evolution of Doodles - G_6e786d/p_The first Doodle was a simple out-of-offi_345e61' is visible

07-06-2024T13:46:58 - [TEST_STEP][PASSED] - verifyElementVisible(findTestObject("Object Repository/Page_The Story and Evolution of Doodles - G_6e786d/h2_Weve created more than 5,000 Doodles ove_111429")): Object 'Object Repository/Page_The Story and Evolution of Doodles - G_6e786d/h2_Weve created more than 5,000 Doodles ove_111429' is visible

07-06-2024T13:46:58 - [MESSAGE][PASSED] - Object 'Object Repository/Page_The Story and Evolution of Doodles - G_6e786d/h2_Weve created more than 5,000 Doodles ove_111429' is visible

07-06-2024T13:46:58 - [TEST_STEP][PASSED] - click(findTestObject("Object Repository/Page_The Story and Evolution of Doodles - G_6e786d/p_The first Doodle was a simple out-of-offi_345e61")): Object: 'Object Repository/Page_The Story and Evolution of Doodles - G_6e786d/p_The first Doodle was a simple out-of-offi_345e61' is clicked on

07-06-2024T13:46:58 - [MESSAGE][PASSED] - Object: 'Object Repository/Page_The Story and Evolution of Doodles - G_6e786d/p_The first Doodle was a simple out-of-offi_345e61' is clicked on

07-06-2024T13:46:58 - [TEST_STEP][PASSED] - verifyElementVisible(findTestObject("Object Repository/Page_The Story and Evolution of Doodles - G_6e786d/h1_The story behind Doodles")): Object 'Object Repository/Page_The Story and Evolution of Doodles - G_6e786d/h1_The story behind Doodles' is visible

07-06-2024T13:46:58 - [MESSAGE][PASSED] - Object 'Object Repository/Page_The Story and Evolution of Doodles - G_6e786d/h1_The story behind Doodles' is visible

07-06-2024T13:46:58 - [TEST_STEP][PASSED] - verifyElementVisible(findTestObject("Object Repository/Page_The Story and Evolution of Doodles - G_6e786d/p_The first Doodle was a simple out-of-offi_345e61")): Object 'Object Repository/Page_The Story and Evolution of Doodles - G_6e786d/p_The first Doodle was a simple out-of-offi_345e61' is visible

07-06-2024T13:46:58 - [MESSAGE][PASSED] - Object 'Object Repository/Page_The Story and Evolution of Doodles - G_6e786d/p_The first Doodle was a simple out-of-offi_345e61' is visible

07-06-2024T13:46:58 - [TEST_STEP][PASSED] - verifyElementVisible(findTestObject("Object Repository/Page_The Story and Evolution of Doodles - G_6e786d/h2_Weve created more than 5,000 Doodles ove_111429")): Object 'Object Repository/Page_The Story and Evolution of Doodles - G_6e786d/h2_Weve created more than 5,000 Doodles ove_111429' is visible

07-06-2024T13:46:58 - [MESSAGE][PASSED] - Object 'Object Repository/Page_The Story and Evolution of Doodles - G_6e786d/h2_Weve created more than 5,000 Doodles ove_111429' is visible

07-06-2024T13:46:58 - [TEST_STEP][PASSED] - click(findTestObject("Object Repository/Page_The Story and Evolution of Doodles - G_6e786d/p_The first Doodle was a simple out-of-offi_345e61")): Object: 'Object Repository/Page_The Story and Evolution of Doodles - G_6e786d/p_The first Doodle was a simple out-of-offi_345e61' is clicked on

07-06-2024T13:46:58 - [MESSAGE][PASSED] - Object: 'Object Repository/Page_The Story and Evolution of Doodles - G_6e786d/p_The first Doodle was a simple out-of-offi_345e61' is clicked on

07-06-2024T13:46:58 - [TEST_STEP][PASSED] - verifyElementVisible(findTestObject("Object Repository/Page_The Story and Evolution of Doodles - G_6e786d/h1_The story behind Doodles")): Object 'Object Repository/Page_The Story and Evolution of Doodles - G_6e786d/h1_The story behind Doodles' is visible

07-06-2024T13:46:59 - [MESSAGE][PASSED] - Object 'Object Repository/Page_The Story and Evolution of Doodles - G_6e786d/h1_The story behind Doodles' is visible

07-06-2024T13:46:59 - [TEST_STEP][PASSED] - verifyElementVisible(findTestObject("Object Repository/Page_The Story and Evolution of Doodles - G_6e786d/p_The first Doodle was a simple out-of-offi_345e61")): Object 'Object Repository/Page_The Story and Evolution of Doodles - G_6e786d/p_The first Doodle was a simple out-of-offi_345e61' is visible

07-06-2024T13:46:59 - [MESSAGE][PASSED] - Object 'Object Repository/Page_The Story and Evolution of Doodles - G_6e786d/p_The first Doodle was a simple out-of-offi_345e61' is visible

07-06-2024T13:46:59 - [TEST_STEP][PASSED] - verifyElementVisible(findTestObject("Object Repository/Page_The Story and Evolution of Doodles - G_6e786d/h2_Weve created more than 5,000 Doodles ove_111429")): Object 'Object Repository/Page_The Story and Evolution of Doodles - G_6e786d/h2_Weve created more than 5,000 Doodles ove_111429' is visible

07-06-2024T13:46:59 - [MESSAGE][PASSED] - Object 'Object Repository/Page_The Story and Evolution of Doodles - G_6e786d/h2_Weve created more than 5,000 Doodles ove_111429' is visible

07-06-2024T13:46:59 - [TEST_STEP][PASSED] - click(findTestObject("Object Repository/Page_The Story and Evolution of Doodles - G_6e786d/p_The first Doodle was a simple out-of-offi_345e61")): Object: 'Object Repository/Page_The Story and Evolution of Doodles - G_6e786d/p_The first Doodle was a simple out-of-offi_345e61' is clicked on

07-06-2024T13:46:59 - [MESSAGE][PASSED] - Object: 'Object Repository/Page_The Story and Evolution of Doodles - G_6e786d/p_The first Doodle was a simple out-of-offi_345e61' is clicked on

07-06-2024T13:46:59 - [TEST_STEP][PASSED] - verifyElementVisible(findTestObject("Object Repository/Page_The Story and Evolution of Doodles - G_6e786d/h1_The story behind Doodles")): Object 'Object Repository/Page_The Story and Evolution of Doodles - G_6e786d/h1_The story behind Doodles' is visible

07-06-2024T13:46:59 - [MESSAGE][PASSED] - Object 'Object Repository/Page_The Story and Evolution of Doodles - G_6e786d/h1_The story behind Doodles' is visible

07-06-2024T13:46:59 - [TEST_STEP][PASSED] - verifyElementVisible(findTestObject("Object Repository/Page_The Story and Evolution of Doodles - G_6e786d/p_The first Doodle was a simple out-of-offi_345e61")): Object 'Object Repository/Page_The Story and Evolution of Doodles - G_6e786d/p_The first Doodle was a simple out-of-offi_345e61' is visible

07-06-2024T13:46:59 - [MESSAGE][PASSED] - Object 'Object Repository/Page_The Story and Evolution of Doodles - G_6e786d/p_The first Doodle was a simple out-of-offi_345e61' is visible

07-06-2024T13:46:59 - [TEST_STEP][PASSED] - verifyElementVisible(findTestObject("Object Repository/Page_The Story and Evolution of Doodles - G_6e786d/h2_Weve created more than 5,000 Doodles ove_111429")): Object 'Object Repository/Page_The Story and Evolution of Doodles - G_6e786d/h2_Weve created more than 5,000 Doodles ove_111429' is visible

07-06-2024T13:46:59 - [MESSAGE][PASSED] - Object 'Object Repository/Page_The Story and Evolution of Doodles - G_6e786d/h2_Weve created more than 5,000 Doodles ove_111429' is visible

07-06-2024T13:46:59 - [TEST_STEP][PASSED] - click(findTestObject("Object Repository/Page_The Story and Evolution of Doodles - G_6e786d/p_The first Doodle was a simple out-of-offi_345e61")): Object: 'Object Repository/Page_The Story and Evolution of Doodles - G_6e786d/p_The first Doodle was a simple out-of-offi_345e61' is clicked on

07-06-2024T13:46:59 - [MESSAGE][PASSED] - Object: 'Object Repository/Page_The Story and Evolution of Doodles - G_6e786d/p_The first Doodle was a simple out-of-offi_345e61' is clicked on

07-06-2024T13:46:59 - [TEST_STEP][PASSED] - verifyElementVisible(findTestObject("Object Repository/Page_The Story and Evolution of Doodles - G_6e786d/h1_The story behind Doodles")): Object 'Object Repository/Page_The Story and Evolution of Doodles - G_6e786d/h1_The story behind Doodles' is visible

07-06-2024T13:46:59 - [MESSAGE][PASSED] - Object 'Object Repository/Page_The Story and Evolution of Doodles - G_6e786d/h1_The story behind Doodles' is visible

07-06-2024T13:46:59 - [TEST_STEP][PASSED] - verifyElementVisible(findTestObject("Object Repository/Page_The Story and Evolution of Doodles - G_6e786d/p_The first Doodle was a simple out-of-offi_345e61")): Object 'Object Repository/Page_The Story and Evolution of Doodles - G_6e786d/p_The first Doodle was a simple out-of-offi_345e61' is visible

07-06-2024T13:46:59 - [MESSAGE][PASSED] - Object 'Object Repository/Page_The Story and Evolution of Doodles - G_6e786d/p_The first Doodle was a simple out-of-offi_345e61' is visible

07-06-2024T13:46:59 - [TEST_STEP][PASSED] - verifyElementVisible(findTestObject("Object Repository/Page_The Story and Evolution of Doodles - G_6e786d/h2_Weve created more than 5,000 Doodles ove_111429")): Object 'Object Repository/Page_The Story and Evolution of Doodles - G_6e786d/h2_Weve created more than 5,000 Doodles ove_111429' is visible

07-06-2024T13:46:59 - [MESSAGE][PASSED] - Object 'Object Repository/Page_The Story and Evolution of Doodles - G_6e786d/h2_Weve created more than 5,000 Doodles ove_111429' is visible

07-06-2024T13:46:59 - [TEST_STEP][PASSED] - click(findTestObject("Object Repository/Page_The Story and Evolution of Doodles - G_6e786d/p_The first Doodle was a simple out-of-offi_345e61")): Object: 'Object Repository/Page_The Story and Evolution of Doodles - G_6e786d/p_The first Doodle was a simple out-of-offi_345e61' is clicked on

07-06-2024T13:47:00 - [MESSAGE][PASSED] - Object: 'Object Repository/Page_The Story and Evolution of Doodles - G_6e786d/p_The first Doodle was a simple out-of-offi_345e61' is clicked on

07-06-2024T13:47:00 - [TEST_STEP][PASSED] - verifyElementVisible(findTestObject("Object Repository/Page_The Story and Evolution of Doodles - G_6e786d/h1_The story behind Doodles")): Object 'Object Repository/Page_The Story and Evolution of Doodles - G_6e786d/h1_The story behind Doodles' is visible

07-06-2024T13:47:00 - [MESSAGE][PASSED] - Object 'Object Repository/Page_The Story and Evolution of Doodles - G_6e786d/h1_The story behind Doodles' is visible

07-06-2024T13:47:00 - [TEST_STEP][PASSED] - verifyElementVisible(findTestObject("Object Repository/Page_The Story and Evolution of Doodles - G_6e786d/p_The first Doodle was a simple out-of-offi_345e61")): Object 'Object Repository/Page_The Story and Evolution of Doodles - G_6e786d/p_The first Doodle was a simple out-of-offi_345e61' is visible

07-06-2024T13:47:00 - [MESSAGE][PASSED] - Object 'Object Repository/Page_The Story and Evolution of Doodles - G_6e786d/p_The first Doodle was a simple out-of-offi_345e61' is visible

07-06-2024T13:47:00 - [TEST_STEP][PASSED] - verifyElementVisible(findTestObject("Object Repository/Page_The Story and Evolution of Doodles - G_6e786d/h2_Weve created more than 5,000 Doodles ove_111429")): Object 'Object Repository/Page_The Story and Evolution of Doodles - G_6e786d/h2_Weve created more than 5,000 Doodles ove_111429' is visible

07-06-2024T13:47:00 - [MESSAGE][PASSED] - Object 'Object Repository/Page_The Story and Evolution of Doodles - G_6e786d/h2_Weve created more than 5,000 Doodles ove_111429' is visible

07-06-2024T13:47:00 - [TEST_STEP][PASSED] - click(findTestObject("Object Repository/Page_The Story and Evolution of Doodles - G_6e786d/p_The first Doodle was a simple out-of-offi_345e61")): Object: 'Object Repository/Page_The Story and Evolution of Doodles - G_6e786d/p_The first Doodle was a simple out-of-offi_345e61' is clicked on

07-06-2024T13:47:00 - [MESSAGE][PASSED] - Object: 'Object Repository/Page_The Story and Evolution of Doodles - G_6e786d/p_The first Doodle was a simple out-of-offi_345e61' is clicked on

07-06-2024T13:47:00 - [TEST_STEP][PASSED] - verifyElementVisible(findTestObject("Object Repository/Page_The Story and Evolution of Doodles - G_6e786d/h1_The story behind Doodles")): Object 'Object Repository/Page_The Story and Evolution of Doodles - G_6e786d/h1_The story behind Doodles' is visible

07-06-2024T13:47:00 - [MESSAGE][PASSED] - Object 'Object Repository/Page_The Story and Evolution of Doodles - G_6e786d/h1_The story behind Doodles' is visible

07-06-2024T13:47:00 - [TEST_STEP][PASSED] - verifyElementVisible(findTestObject("Object Repository/Page_The Story and Evolution of Doodles - G_6e786d/p_The first Doodle was a simple out-of-offi_345e61")): Object 'Object Repository/Page_The Story and Evolution of Doodles - G_6e786d/p_The first Doodle was a simple out-of-offi_345e61' is visible

07-06-2024T13:47:00 - [MESSAGE][PASSED] - Object 'Object Repository/Page_The Story and Evolution of Doodles - G_6e786d/p_The first Doodle was a simple out-of-offi_345e61' is visible

07-06-2024T13:47:00 - [TEST_STEP][PASSED] - verifyElementVisible(findTestObject("Object Repository/Page_The Story and Evolution of Doodles - G_6e786d/h2_Weve created more than 5,000 Doodles ove_111429")): Object 'Object Repository/Page_The Story and Evolution of Doodles - G_6e786d/h2_Weve created more than 5,000 Doodles ove_111429' is visible

07-06-2024T13:47:00 - [MESSAGE][PASSED] - Object 'Object Repository/Page_The Story and Evolution of Doodles - G_6e786d/h2_Weve created more than 5,000 Doodles ove_111429' is visible

07-06-2024T13:47:00 - [TEST_STEP][PASSED] - click(findTestObject("Object Repository/Page_The Story and Evolution of Doodles - G_6e786d/p_The first Doodle was a simple out-of-offi_345e61")): Object: 'Object Repository/Page_The Story and Evolution of Doodles - G_6e786d/p_The first Doodle was a simple out-of-offi_345e61' is clicked on

07-06-2024T13:47:00 - [MESSAGE][PASSED] - Object: 'Object Repository/Page_The Story and Evolution of Doodles - G_6e786d/p_The first Doodle was a simple out-of-offi_345e61' is clicked on

07-06-2024T13:47:00 - [TEST_STEP][PASSED] - verifyElementVisible(findTestObject("Object Repository/Page_The Story and Evolution of Doodles - G_6e786d/h1_The story behind Doodles")): Object 'Object Repository/Page_The Story and Evolution of Doodles - G_6e786d/h1_The story behind Doodles' is visible

07-06-2024T13:47:01 - [MESSAGE][PASSED] - Object 'Object Repository/Page_The Story and Evolution of Doodles - G_6e786d/h1_The story behind Doodles' is visible

07-06-2024T13:47:01 - [TEST_STEP][PASSED] - verifyElementVisible(findTestObject("Object Repository/Page_The Story and Evolution of Doodles - G_6e786d/p_The first Doodle was a simple out-of-offi_345e61")): Object 'Object Repository/Page_The Story and Evolution of Doodles - G_6e786d/p_The first Doodle was a simple out-of-offi_345e61' is visible

07-06-2024T13:47:01 - [MESSAGE][PASSED] - Object 'Object Repository/Page_The Story and Evolution of Doodles - G_6e786d/p_The first Doodle was a simple out-of-offi_345e61' is visible

07-06-2024T13:47:01 - [TEST_STEP][PASSED] - verifyElementVisible(findTestObject("Object Repository/Page_The Story and Evolution of Doodles - G_6e786d/h2_Weve created more than 5,000 Doodles ove_111429")): Object 'Object Repository/Page_The Story and Evolution of Doodles - G_6e786d/h2_Weve created more than 5,000 Doodles ove_111429' is visible

07-06-2024T13:47:01 - [MESSAGE][PASSED] - Object 'Object Repository/Page_The Story and Evolution of Doodles - G_6e786d/h2_Weve created more than 5,000 Doodles ove_111429' is visible

07-06-2024T13:47:01 - [TEST_STEP][PASSED] - click(findTestObject("Object Repository/Page_The Story and Evolution of Doodles - G_6e786d/p_The first Doodle was a simple out-of-offi_345e61")): Object: 'Object Repository/Page_The Story and Evolution of Doodles - G_6e786d/p_The first Doodle was a simple out-of-offi_345e61' is clicked on

07-06-2024T13:47:01 - [MESSAGE][PASSED] - Object: 'Object Repository/Page_The Story and Evolution of Doodles - G_6e786d/p_The first Doodle was a simple out-of-offi_345e61' is clicked on

07-06-2024T13:47:01 - [TEST_STEP][PASSED] - verifyElementVisible(findTestObject("Object Repository/Page_The Story and Evolution of Doodles - G_6e786d/h1_The story behind Doodles")): Object 'Object Repository/Page_The Story and Evolution of Doodles - G_6e786d/h1_The story behind Doodles' is visible

07-06-2024T13:47:01 - [MESSAGE][PASSED] - Object 'Object Repository/Page_The Story and Evolution of Doodles - G_6e786d/h1_The story behind Doodles' is visible

07-06-2024T13:47:01 - [TEST_STEP][PASSED] - verifyElementVisible(findTestObject("Object Repository/Page_The Story and Evolution of Doodles - G_6e786d/p_The first Doodle was a simple out-of-offi_345e61")): Object 'Object Repository/Page_The Story and Evolution of Doodles - G_6e786d/p_The first Doodle was a simple out-of-offi_345e61' is visible

07-06-2024T13:47:01 - [MESSAGE][PASSED] - Object 'Object Repository/Page_The Story and Evolution of Doodles - G_6e786d/p_The first Doodle was a simple out-of-offi_345e61' is visible

07-06-2024T13:47:01 - [TEST_STEP][PASSED] - verifyElementVisible(findTestObject("Object Repository/Page_The Story and Evolution of Doodles - G_6e786d/h2_Weve created more than 5,000 Doodles ove_111429")): Object 'Object Repository/Page_The Story and Evolution of Doodles - G_6e786d/h2_Weve created more than 5,000 Doodles ove_111429' is visible

07-06-2024T13:47:01 - [MESSAGE][PASSED] - Object 'Object Repository/Page_The Story and Evolution of Doodles - G_6e786d/h2_Weve created more than 5,000 Doodles ove_111429' is visible

07-06-2024T13:47:01 - [TEST_STEP][PASSED] - click(findTestObject("Object Repository/Page_The Story and Evolution of Doodles - G_6e786d/p_The first Doodle was a simple out-of-offi_345e61")): Object: 'Object Repository/Page_The Story and Evolution of Doodles - G_6e786d/p_The first Doodle was a simple out-of-offi_345e61' is clicked on

07-06-2024T13:47:01 - [MESSAGE][PASSED] - Object: 'Object Repository/Page_The Story and Evolution of Doodles - G_6e786d/p_The first Doodle was a simple out-of-offi_345e61' is clicked on

07-06-2024T13:47:01 - [TEST_STEP][PASSED] - verifyElementVisible(findTestObject("Object Repository/Page_The Story and Evolution of Doodles - G_6e786d/h1_The story behind Doodles")): Object 'Object Repository/Page_The Story and Evolution of Doodles - G_6e786d/h1_The story behind Doodles' is visible

07-06-2024T13:47:01 - [MESSAGE][PASSED] - Object 'Object Repository/Page_The Story and Evolution of Doodles - G_6e786d/h1_The story behind Doodles' is visible

07-06-2024T13:47:01 - [TEST_STEP][PASSED] - verifyElementVisible(findTestObject("Object Repository/Page_The Story and Evolution of Doodles - G_6e786d/p_The first Doodle was a simple out-of-offi_345e61")): Object 'Object Repository/Page_The Story and Evolution of Doodles - G_6e786d/p_The first Doodle was a simple out-of-offi_345e61' is visible

07-06-2024T13:47:01 - [MESSAGE][PASSED] - Object 'Object Repository/Page_The Story and Evolution of Doodles - G_6e786d/p_The first Doodle was a simple out-of-offi_345e61' is visible

07-06-2024T13:47:01 - [TEST_STEP][PASSED] - verifyElementVisible(findTestObject("Object Repository/Page_The Story and Evolution of Doodles - G_6e786d/h2_Weve created more than 5,000 Doodles ove_111429")): Object 'Object Repository/Page_The Story and Evolution of Doodles - G_6e786d/h2_Weve created more than 5,000 Doodles ove_111429' is visible

07-06-2024T13:47:01 - [MESSAGE][PASSED] - Object 'Object Repository/Page_The Story and Evolution of Doodles - G_6e786d/h2_Weve created more than 5,000 Doodles ove_111429' is visible]]></system-out>
         <system-err><![CDATA[]]></system-err>
      </testcase>
      <testcase name="Test Cases/test case folder 1/tc1 - Copy (1) - Copy (4)" time="9.04" classname="Test Cases/test case folder 1/tc1 - Copy (1) - Copy (4)" status="PASSED">
         <system-out><![CDATA[07-06-2024T13:47:01 - [TEST_CASE][PASSED] - Test Cases/test case folder 1/tc1 - Copy (1) - Copy (4): Test Cases/test case folder 1/tc1 - Copy (1) - Copy (4)

07-06-2024T13:47:01 - [TEST_STEP][PASSED] - openBrowser(""): Browser is opened with url: ''

07-06-2024T13:47:01 - [MESSAGE][WARNING] - A browser is already opened. Closing browser and opening a new one

07-06-2024T13:47:02 - [MESSAGE][INFO] - Starting 'Firefox (headless)' driver

07-06-2024T13:47:02 - [MESSAGE][INFO] - Action delay is set to 0 milliseconds

07-06-2024T13:47:04 - [MESSAGE][PASSED] - Browser is opened with url: ''

07-06-2024T13:47:04 - [TEST_STEP][PASSED] - navigateToUrl("https://doodles.google/about/"): Navigate to 'https://doodles.google/about/' successfully

07-06-2024T13:47:06 - [MESSAGE][PASSED] - Navigate to 'https://doodles.google/about/' successfully

07-06-2024T13:47:06 - [TEST_STEP][PASSED] - click(findTestObject("Object Repository/Page_The Story and Evolution of Doodles - G_6e786d/p_The first Doodle was a simple out-of-offi_345e61")): Object: 'Object Repository/Page_The Story and Evolution of Doodles - G_6e786d/p_The first Doodle was a simple out-of-offi_345e61' is clicked on

07-06-2024T13:47:07 - [MESSAGE][PASSED] - Object: 'Object Repository/Page_The Story and Evolution of Doodles - G_6e786d/p_The first Doodle was a simple out-of-offi_345e61' is clicked on

07-06-2024T13:47:07 - [TEST_STEP][PASSED] - click(findTestObject("Object Repository/Page_The Story and Evolution of Doodles - G_6e786d/p_The first Doodle was a simple out-of-offi_345e61")): Object: 'Object Repository/Page_The Story and Evolution of Doodles - G_6e786d/p_The first Doodle was a simple out-of-offi_345e61' is clicked on

07-06-2024T13:47:07 - [MESSAGE][PASSED] - Object: 'Object Repository/Page_The Story and Evolution of Doodles - G_6e786d/p_The first Doodle was a simple out-of-offi_345e61' is clicked on

07-06-2024T13:47:07 - [TEST_STEP][PASSED] - verifyElementVisible(findTestObject("Object Repository/Page_The Story and Evolution of Doodles - G_6e786d/h1_The story behind Doodles")): Object 'Object Repository/Page_The Story and Evolution of Doodles - G_6e786d/h1_The story behind Doodles' is visible

07-06-2024T13:47:07 - [MESSAGE][PASSED] - Object 'Object Repository/Page_The Story and Evolution of Doodles - G_6e786d/h1_The story behind Doodles' is visible

07-06-2024T13:47:07 - [TEST_STEP][PASSED] - verifyElementVisible(findTestObject("Object Repository/Page_The Story and Evolution of Doodles - G_6e786d/p_The first Doodle was a simple out-of-offi_345e61")): Object 'Object Repository/Page_The Story and Evolution of Doodles - G_6e786d/p_The first Doodle was a simple out-of-offi_345e61' is visible

07-06-2024T13:47:07 - [MESSAGE][PASSED] - Object 'Object Repository/Page_The Story and Evolution of Doodles - G_6e786d/p_The first Doodle was a simple out-of-offi_345e61' is visible

07-06-2024T13:47:07 - [TEST_STEP][PASSED] - verifyElementVisible(findTestObject("Object Repository/Page_The Story and Evolution of Doodles - G_6e786d/h2_Weve created more than 5,000 Doodles ove_111429")): Object 'Object Repository/Page_The Story and Evolution of Doodles - G_6e786d/h2_Weve created more than 5,000 Doodles ove_111429' is visible

07-06-2024T13:47:07 - [MESSAGE][PASSED] - Object 'Object Repository/Page_The Story and Evolution of Doodles - G_6e786d/h2_Weve created more than 5,000 Doodles ove_111429' is visible

07-06-2024T13:47:07 - [TEST_STEP][PASSED] - verifyElementVisible(findTestObject("Object Repository/Page_The Story and Evolution of Doodles - G_6e786d/h1_The story behind Doodles")): Object 'Object Repository/Page_The Story and Evolution of Doodles - G_6e786d/h1_The story behind Doodles' is visible

07-06-2024T13:47:07 - [MESSAGE][PASSED] - Object 'Object Repository/Page_The Story and Evolution of Doodles - G_6e786d/h1_The story behind Doodles' is visible

07-06-2024T13:47:07 - [TEST_STEP][PASSED] - verifyElementVisible(findTestObject("Object Repository/Page_The Story and Evolution of Doodles - G_6e786d/p_The first Doodle was a simple out-of-offi_345e61")): Object 'Object Repository/Page_The Story and Evolution of Doodles - G_6e786d/p_The first Doodle was a simple out-of-offi_345e61' is visible

07-06-2024T13:47:07 - [MESSAGE][PASSED] - Object 'Object Repository/Page_The Story and Evolution of Doodles - G_6e786d/p_The first Doodle was a simple out-of-offi_345e61' is visible

07-06-2024T13:47:07 - [TEST_STEP][PASSED] - verifyElementVisible(findTestObject("Object Repository/Page_The Story and Evolution of Doodles - G_6e786d/h2_Weve created more than 5,000 Doodles ove_111429")): Object 'Object Repository/Page_The Story and Evolution of Doodles - G_6e786d/h2_Weve created more than 5,000 Doodles ove_111429' is visible

07-06-2024T13:47:07 - [MESSAGE][PASSED] - Object 'Object Repository/Page_The Story and Evolution of Doodles - G_6e786d/h2_Weve created more than 5,000 Doodles ove_111429' is visible

07-06-2024T13:47:07 - [TEST_STEP][PASSED] - click(findTestObject("Object Repository/Page_The Story and Evolution of Doodles - G_6e786d/p_The first Doodle was a simple out-of-offi_345e61")): Object: 'Object Repository/Page_The Story and Evolution of Doodles - G_6e786d/p_The first Doodle was a simple out-of-offi_345e61' is clicked on

07-06-2024T13:47:07 - [MESSAGE][PASSED] - Object: 'Object Repository/Page_The Story and Evolution of Doodles - G_6e786d/p_The first Doodle was a simple out-of-offi_345e61' is clicked on

07-06-2024T13:47:07 - [TEST_STEP][PASSED] - verifyElementVisible(findTestObject("Object Repository/Page_The Story and Evolution of Doodles - G_6e786d/h1_The story behind Doodles")): Object 'Object Repository/Page_The Story and Evolution of Doodles - G_6e786d/h1_The story behind Doodles' is visible

07-06-2024T13:47:07 - [MESSAGE][PASSED] - Object 'Object Repository/Page_The Story and Evolution of Doodles - G_6e786d/h1_The story behind Doodles' is visible

07-06-2024T13:47:07 - [TEST_STEP][PASSED] - verifyElementVisible(findTestObject("Object Repository/Page_The Story and Evolution of Doodles - G_6e786d/p_The first Doodle was a simple out-of-offi_345e61")): Object 'Object Repository/Page_The Story and Evolution of Doodles - G_6e786d/p_The first Doodle was a simple out-of-offi_345e61' is visible

07-06-2024T13:47:07 - [MESSAGE][PASSED] - Object 'Object Repository/Page_The Story and Evolution of Doodles - G_6e786d/p_The first Doodle was a simple out-of-offi_345e61' is visible

07-06-2024T13:47:07 - [TEST_STEP][PASSED] - verifyElementVisible(findTestObject("Object Repository/Page_The Story and Evolution of Doodles - G_6e786d/h2_Weve created more than 5,000 Doodles ove_111429")): Object 'Object Repository/Page_The Story and Evolution of Doodles - G_6e786d/h2_Weve created more than 5,000 Doodles ove_111429' is visible

07-06-2024T13:47:07 - [MESSAGE][PASSED] - Object 'Object Repository/Page_The Story and Evolution of Doodles - G_6e786d/h2_Weve created more than 5,000 Doodles ove_111429' is visible

07-06-2024T13:47:07 - [TEST_STEP][PASSED] - click(findTestObject("Object Repository/Page_The Story and Evolution of Doodles - G_6e786d/p_The first Doodle was a simple out-of-offi_345e61")): Object: 'Object Repository/Page_The Story and Evolution of Doodles - G_6e786d/p_The first Doodle was a simple out-of-offi_345e61' is clicked on

07-06-2024T13:47:08 - [MESSAGE][PASSED] - Object: 'Object Repository/Page_The Story and Evolution of Doodles - G_6e786d/p_The first Doodle was a simple out-of-offi_345e61' is clicked on

07-06-2024T13:47:08 - [TEST_STEP][PASSED] - verifyElementVisible(findTestObject("Object Repository/Page_The Story and Evolution of Doodles - G_6e786d/h1_The story behind Doodles")): Object 'Object Repository/Page_The Story and Evolution of Doodles - G_6e786d/h1_The story behind Doodles' is visible

07-06-2024T13:47:08 - [MESSAGE][PASSED] - Object 'Object Repository/Page_The Story and Evolution of Doodles - G_6e786d/h1_The story behind Doodles' is visible

07-06-2024T13:47:08 - [TEST_STEP][PASSED] - verifyElementVisible(findTestObject("Object Repository/Page_The Story and Evolution of Doodles - G_6e786d/p_The first Doodle was a simple out-of-offi_345e61")): Object 'Object Repository/Page_The Story and Evolution of Doodles - G_6e786d/p_The first Doodle was a simple out-of-offi_345e61' is visible

07-06-2024T13:47:08 - [MESSAGE][PASSED] - Object 'Object Repository/Page_The Story and Evolution of Doodles - G_6e786d/p_The first Doodle was a simple out-of-offi_345e61' is visible

07-06-2024T13:47:08 - [TEST_STEP][PASSED] - verifyElementVisible(findTestObject("Object Repository/Page_The Story and Evolution of Doodles - G_6e786d/h2_Weve created more than 5,000 Doodles ove_111429")): Object 'Object Repository/Page_The Story and Evolution of Doodles - G_6e786d/h2_Weve created more than 5,000 Doodles ove_111429' is visible

07-06-2024T13:47:08 - [MESSAGE][PASSED] - Object 'Object Repository/Page_The Story and Evolution of Doodles - G_6e786d/h2_Weve created more than 5,000 Doodles ove_111429' is visible

07-06-2024T13:47:08 - [TEST_STEP][PASSED] - click(findTestObject("Object Repository/Page_The Story and Evolution of Doodles - G_6e786d/p_The first Doodle was a simple out-of-offi_345e61")): Object: 'Object Repository/Page_The Story and Evolution of Doodles - G_6e786d/p_The first Doodle was a simple out-of-offi_345e61' is clicked on

07-06-2024T13:47:08 - [MESSAGE][PASSED] - Object: 'Object Repository/Page_The Story and Evolution of Doodles - G_6e786d/p_The first Doodle was a simple out-of-offi_345e61' is clicked on

07-06-2024T13:47:08 - [TEST_STEP][PASSED] - verifyElementVisible(findTestObject("Object Repository/Page_The Story and Evolution of Doodles - G_6e786d/h1_The story behind Doodles")): Object 'Object Repository/Page_The Story and Evolution of Doodles - G_6e786d/h1_The story behind Doodles' is visible

07-06-2024T13:47:08 - [MESSAGE][PASSED] - Object 'Object Repository/Page_The Story and Evolution of Doodles - G_6e786d/h1_The story behind Doodles' is visible

07-06-2024T13:47:08 - [TEST_STEP][PASSED] - verifyElementVisible(findTestObject("Object Repository/Page_The Story and Evolution of Doodles - G_6e786d/p_The first Doodle was a simple out-of-offi_345e61")): Object 'Object Repository/Page_The Story and Evolution of Doodles - G_6e786d/p_The first Doodle was a simple out-of-offi_345e61' is visible

07-06-2024T13:47:08 - [MESSAGE][PASSED] - Object 'Object Repository/Page_The Story and Evolution of Doodles - G_6e786d/p_The first Doodle was a simple out-of-offi_345e61' is visible

07-06-2024T13:47:08 - [TEST_STEP][PASSED] - verifyElementVisible(findTestObject("Object Repository/Page_The Story and Evolution of Doodles - G_6e786d/h2_Weve created more than 5,000 Doodles ove_111429")): Object 'Object Repository/Page_The Story and Evolution of Doodles - G_6e786d/h2_Weve created more than 5,000 Doodles ove_111429' is visible

07-06-2024T13:47:08 - [MESSAGE][PASSED] - Object 'Object Repository/Page_The Story and Evolution of Doodles - G_6e786d/h2_Weve created more than 5,000 Doodles ove_111429' is visible

07-06-2024T13:47:08 - [TEST_STEP][PASSED] - click(findTestObject("Object Repository/Page_The Story and Evolution of Doodles - G_6e786d/p_The first Doodle was a simple out-of-offi_345e61")): Object: 'Object Repository/Page_The Story and Evolution of Doodles - G_6e786d/p_The first Doodle was a simple out-of-offi_345e61' is clicked on

07-06-2024T13:47:08 - [MESSAGE][PASSED] - Object: 'Object Repository/Page_The Story and Evolution of Doodles - G_6e786d/p_The first Doodle was a simple out-of-offi_345e61' is clicked on

07-06-2024T13:47:08 - [TEST_STEP][PASSED] - verifyElementVisible(findTestObject("Object Repository/Page_The Story and Evolution of Doodles - G_6e786d/h1_The story behind Doodles")): Object 'Object Repository/Page_The Story and Evolution of Doodles - G_6e786d/h1_The story behind Doodles' is visible

07-06-2024T13:47:08 - [MESSAGE][PASSED] - Object 'Object Repository/Page_The Story and Evolution of Doodles - G_6e786d/h1_The story behind Doodles' is visible

07-06-2024T13:47:08 - [TEST_STEP][PASSED] - verifyElementVisible(findTestObject("Object Repository/Page_The Story and Evolution of Doodles - G_6e786d/p_The first Doodle was a simple out-of-offi_345e61")): Object 'Object Repository/Page_The Story and Evolution of Doodles - G_6e786d/p_The first Doodle was a simple out-of-offi_345e61' is visible

07-06-2024T13:47:09 - [MESSAGE][PASSED] - Object 'Object Repository/Page_The Story and Evolution of Doodles - G_6e786d/p_The first Doodle was a simple out-of-offi_345e61' is visible

07-06-2024T13:47:09 - [TEST_STEP][PASSED] - verifyElementVisible(findTestObject("Object Repository/Page_The Story and Evolution of Doodles - G_6e786d/h2_Weve created more than 5,000 Doodles ove_111429")): Object 'Object Repository/Page_The Story and Evolution of Doodles - G_6e786d/h2_Weve created more than 5,000 Doodles ove_111429' is visible

07-06-2024T13:47:09 - [MESSAGE][PASSED] - Object 'Object Repository/Page_The Story and Evolution of Doodles - G_6e786d/h2_Weve created more than 5,000 Doodles ove_111429' is visible

07-06-2024T13:47:09 - [TEST_STEP][PASSED] - click(findTestObject("Object Repository/Page_The Story and Evolution of Doodles - G_6e786d/p_The first Doodle was a simple out-of-offi_345e61")): Object: 'Object Repository/Page_The Story and Evolution of Doodles - G_6e786d/p_The first Doodle was a simple out-of-offi_345e61' is clicked on

07-06-2024T13:47:09 - [MESSAGE][PASSED] - Object: 'Object Repository/Page_The Story and Evolution of Doodles - G_6e786d/p_The first Doodle was a simple out-of-offi_345e61' is clicked on

07-06-2024T13:47:09 - [TEST_STEP][PASSED] - verifyElementVisible(findTestObject("Object Repository/Page_The Story and Evolution of Doodles - G_6e786d/h1_The story behind Doodles")): Object 'Object Repository/Page_The Story and Evolution of Doodles - G_6e786d/h1_The story behind Doodles' is visible

07-06-2024T13:47:09 - [MESSAGE][PASSED] - Object 'Object Repository/Page_The Story and Evolution of Doodles - G_6e786d/h1_The story behind Doodles' is visible

07-06-2024T13:47:09 - [TEST_STEP][PASSED] - verifyElementVisible(findTestObject("Object Repository/Page_The Story and Evolution of Doodles - G_6e786d/p_The first Doodle was a simple out-of-offi_345e61")): Object 'Object Repository/Page_The Story and Evolution of Doodles - G_6e786d/p_The first Doodle was a simple out-of-offi_345e61' is visible

07-06-2024T13:47:09 - [MESSAGE][PASSED] - Object 'Object Repository/Page_The Story and Evolution of Doodles - G_6e786d/p_The first Doodle was a simple out-of-offi_345e61' is visible

07-06-2024T13:47:09 - [TEST_STEP][PASSED] - verifyElementVisible(findTestObject("Object Repository/Page_The Story and Evolution of Doodles - G_6e786d/h2_Weve created more than 5,000 Doodles ove_111429")): Object 'Object Repository/Page_The Story and Evolution of Doodles - G_6e786d/h2_Weve created more than 5,000 Doodles ove_111429' is visible

07-06-2024T13:47:09 - [MESSAGE][PASSED] - Object 'Object Repository/Page_The Story and Evolution of Doodles - G_6e786d/h2_Weve created more than 5,000 Doodles ove_111429' is visible

07-06-2024T13:47:09 - [TEST_STEP][PASSED] - click(findTestObject("Object Repository/Page_The Story and Evolution of Doodles - G_6e786d/p_The first Doodle was a simple out-of-offi_345e61")): Object: 'Object Repository/Page_The Story and Evolution of Doodles - G_6e786d/p_The first Doodle was a simple out-of-offi_345e61' is clicked on

07-06-2024T13:47:09 - [MESSAGE][PASSED] - Object: 'Object Repository/Page_The Story and Evolution of Doodles - G_6e786d/p_The first Doodle was a simple out-of-offi_345e61' is clicked on

07-06-2024T13:47:09 - [TEST_STEP][PASSED] - verifyElementVisible(findTestObject("Object Repository/Page_The Story and Evolution of Doodles - G_6e786d/h1_The story behind Doodles")): Object 'Object Repository/Page_The Story and Evolution of Doodles - G_6e786d/h1_The story behind Doodles' is visible

07-06-2024T13:47:09 - [MESSAGE][PASSED] - Object 'Object Repository/Page_The Story and Evolution of Doodles - G_6e786d/h1_The story behind Doodles' is visible

07-06-2024T13:47:09 - [TEST_STEP][PASSED] - verifyElementVisible(findTestObject("Object Repository/Page_The Story and Evolution of Doodles - G_6e786d/p_The first Doodle was a simple out-of-offi_345e61")): Object 'Object Repository/Page_The Story and Evolution of Doodles - G_6e786d/p_The first Doodle was a simple out-of-offi_345e61' is visible

07-06-2024T13:47:09 - [MESSAGE][PASSED] - Object 'Object Repository/Page_The Story and Evolution of Doodles - G_6e786d/p_The first Doodle was a simple out-of-offi_345e61' is visible

07-06-2024T13:47:09 - [TEST_STEP][PASSED] - verifyElementVisible(findTestObject("Object Repository/Page_The Story and Evolution of Doodles - G_6e786d/h2_Weve created more than 5,000 Doodles ove_111429")): Object 'Object Repository/Page_The Story and Evolution of Doodles - G_6e786d/h2_Weve created more than 5,000 Doodles ove_111429' is visible

07-06-2024T13:47:09 - [MESSAGE][PASSED] - Object 'Object Repository/Page_The Story and Evolution of Doodles - G_6e786d/h2_Weve created more than 5,000 Doodles ove_111429' is visible

07-06-2024T13:47:09 - [TEST_STEP][PASSED] - click(findTestObject("Object Repository/Page_The Story and Evolution of Doodles - G_6e786d/p_The first Doodle was a simple out-of-offi_345e61")): Object: 'Object Repository/Page_The Story and Evolution of Doodles - G_6e786d/p_The first Doodle was a simple out-of-offi_345e61' is clicked on

07-06-2024T13:47:09 - [MESSAGE][PASSED] - Object: 'Object Repository/Page_The Story and Evolution of Doodles - G_6e786d/p_The first Doodle was a simple out-of-offi_345e61' is clicked on

07-06-2024T13:47:09 - [TEST_STEP][PASSED] - verifyElementVisible(findTestObject("Object Repository/Page_The Story and Evolution of Doodles - G_6e786d/h1_The story behind Doodles")): Object 'Object Repository/Page_The Story and Evolution of Doodles - G_6e786d/h1_The story behind Doodles' is visible

07-06-2024T13:47:09 - [MESSAGE][PASSED] - Object 'Object Repository/Page_The Story and Evolution of Doodles - G_6e786d/h1_The story behind Doodles' is visible

07-06-2024T13:47:09 - [TEST_STEP][PASSED] - verifyElementVisible(findTestObject("Object Repository/Page_The Story and Evolution of Doodles - G_6e786d/p_The first Doodle was a simple out-of-offi_345e61")): Object 'Object Repository/Page_The Story and Evolution of Doodles - G_6e786d/p_The first Doodle was a simple out-of-offi_345e61' is visible

07-06-2024T13:47:10 - [MESSAGE][PASSED] - Object 'Object Repository/Page_The Story and Evolution of Doodles - G_6e786d/p_The first Doodle was a simple out-of-offi_345e61' is visible

07-06-2024T13:47:10 - [TEST_STEP][PASSED] - verifyElementVisible(findTestObject("Object Repository/Page_The Story and Evolution of Doodles - G_6e786d/h2_Weve created more than 5,000 Doodles ove_111429")): Object 'Object Repository/Page_The Story and Evolution of Doodles - G_6e786d/h2_Weve created more than 5,000 Doodles ove_111429' is visible

07-06-2024T13:47:10 - [MESSAGE][PASSED] - Object 'Object Repository/Page_The Story and Evolution of Doodles - G_6e786d/h2_Weve created more than 5,000 Doodles ove_111429' is visible

07-06-2024T13:47:10 - [TEST_STEP][PASSED] - click(findTestObject("Object Repository/Page_The Story and Evolution of Doodles - G_6e786d/p_The first Doodle was a simple out-of-offi_345e61")): Object: 'Object Repository/Page_The Story and Evolution of Doodles - G_6e786d/p_The first Doodle was a simple out-of-offi_345e61' is clicked on

07-06-2024T13:47:10 - [MESSAGE][PASSED] - Object: 'Object Repository/Page_The Story and Evolution of Doodles - G_6e786d/p_The first Doodle was a simple out-of-offi_345e61' is clicked on

07-06-2024T13:47:10 - [TEST_STEP][PASSED] - verifyElementVisible(findTestObject("Object Repository/Page_The Story and Evolution of Doodles - G_6e786d/h1_The story behind Doodles")): Object 'Object Repository/Page_The Story and Evolution of Doodles - G_6e786d/h1_The story behind Doodles' is visible

07-06-2024T13:47:10 - [MESSAGE][PASSED] - Object 'Object Repository/Page_The Story and Evolution of Doodles - G_6e786d/h1_The story behind Doodles' is visible

07-06-2024T13:47:10 - [TEST_STEP][PASSED] - verifyElementVisible(findTestObject("Object Repository/Page_The Story and Evolution of Doodles - G_6e786d/p_The first Doodle was a simple out-of-offi_345e61")): Object 'Object Repository/Page_The Story and Evolution of Doodles - G_6e786d/p_The first Doodle was a simple out-of-offi_345e61' is visible

07-06-2024T13:47:10 - [MESSAGE][PASSED] - Object 'Object Repository/Page_The Story and Evolution of Doodles - G_6e786d/p_The first Doodle was a simple out-of-offi_345e61' is visible

07-06-2024T13:47:10 - [TEST_STEP][PASSED] - verifyElementVisible(findTestObject("Object Repository/Page_The Story and Evolution of Doodles - G_6e786d/h2_Weve created more than 5,000 Doodles ove_111429")): Object 'Object Repository/Page_The Story and Evolution of Doodles - G_6e786d/h2_Weve created more than 5,000 Doodles ove_111429' is visible

07-06-2024T13:47:10 - [MESSAGE][PASSED] - Object 'Object Repository/Page_The Story and Evolution of Doodles - G_6e786d/h2_Weve created more than 5,000 Doodles ove_111429' is visible

07-06-2024T13:47:10 - [TEST_STEP][PASSED] - click(findTestObject("Object Repository/Page_The Story and Evolution of Doodles - G_6e786d/p_The first Doodle was a simple out-of-offi_345e61")): Object: 'Object Repository/Page_The Story and Evolution of Doodles - G_6e786d/p_The first Doodle was a simple out-of-offi_345e61' is clicked on

07-06-2024T13:47:10 - [MESSAGE][PASSED] - Object: 'Object Repository/Page_The Story and Evolution of Doodles - G_6e786d/p_The first Doodle was a simple out-of-offi_345e61' is clicked on

07-06-2024T13:47:10 - [TEST_STEP][PASSED] - verifyElementVisible(findTestObject("Object Repository/Page_The Story and Evolution of Doodles - G_6e786d/h1_The story behind Doodles")): Object 'Object Repository/Page_The Story and Evolution of Doodles - G_6e786d/h1_The story behind Doodles' is visible

07-06-2024T13:47:10 - [MESSAGE][PASSED] - Object 'Object Repository/Page_The Story and Evolution of Doodles - G_6e786d/h1_The story behind Doodles' is visible

07-06-2024T13:47:10 - [TEST_STEP][PASSED] - verifyElementVisible(findTestObject("Object Repository/Page_The Story and Evolution of Doodles - G_6e786d/p_The first Doodle was a simple out-of-offi_345e61")): Object 'Object Repository/Page_The Story and Evolution of Doodles - G_6e786d/p_The first Doodle was a simple out-of-offi_345e61' is visible

07-06-2024T13:47:10 - [MESSAGE][PASSED] - Object 'Object Repository/Page_The Story and Evolution of Doodles - G_6e786d/p_The first Doodle was a simple out-of-offi_345e61' is visible

07-06-2024T13:47:10 - [TEST_STEP][PASSED] - verifyElementVisible(findTestObject("Object Repository/Page_The Story and Evolution of Doodles - G_6e786d/h2_Weve created more than 5,000 Doodles ove_111429")): Object 'Object Repository/Page_The Story and Evolution of Doodles - G_6e786d/h2_Weve created more than 5,000 Doodles ove_111429' is visible

07-06-2024T13:47:10 - [MESSAGE][PASSED] - Object 'Object Repository/Page_The Story and Evolution of Doodles - G_6e786d/h2_Weve created more than 5,000 Doodles ove_111429' is visible]]></system-out>
         <system-err><![CDATA[]]></system-err>
      </testcase>
      <testcase name="Test Cases/test case folder 1/tc1 - Copy (1) - Copy (5)" time="27.848" classname="Test Cases/test case folder 1/tc1 - Copy (1) - Copy (5)" status="PASSED">
         <system-out><![CDATA[07-06-2024T13:47:10 - [TEST_CASE][PASSED] - Test Cases/test case folder 1/tc1 - Copy (1) - Copy (5): Test Cases/test case folder 1/tc1 - Copy (1) - Copy (5)

07-06-2024T13:47:11 - [TEST_STEP][PASSED] - openBrowser(""): Browser is opened with url: ''

07-06-2024T13:47:11 - [MESSAGE][WARNING] - A browser is already opened. Closing browser and opening a new one

07-06-2024T13:47:12 - [MESSAGE][INFO] - Starting 'Firefox (headless)' driver

07-06-2024T13:47:12 - [MESSAGE][INFO] - Action delay is set to 0 milliseconds

07-06-2024T13:47:14 - [MESSAGE][PASSED] - Browser is opened with url: ''

07-06-2024T13:47:14 - [TEST_STEP][PASSED] - navigateToUrl("https://doodles.google/about/"): Navigate to 'https://doodles.google/about/' successfully

07-06-2024T13:47:33 - [MESSAGE][PASSED] - Navigate to 'https://doodles.google/about/' successfully

07-06-2024T13:47:33 - [TEST_STEP][PASSED] - click(findTestObject("Object Repository/Page_The Story and Evolution of Doodles - G_6e786d/p_The first Doodle was a simple out-of-offi_345e61")): Object: 'Object Repository/Page_The Story and Evolution of Doodles - G_6e786d/p_The first Doodle was a simple out-of-offi_345e61' is clicked on

07-06-2024T13:47:34 - [MESSAGE][PASSED] - Object: 'Object Repository/Page_The Story and Evolution of Doodles - G_6e786d/p_The first Doodle was a simple out-of-offi_345e61' is clicked on

07-06-2024T13:47:34 - [TEST_STEP][PASSED] - click(findTestObject("Object Repository/Page_The Story and Evolution of Doodles - G_6e786d/p_The first Doodle was a simple out-of-offi_345e61")): Object: 'Object Repository/Page_The Story and Evolution of Doodles - G_6e786d/p_The first Doodle was a simple out-of-offi_345e61' is clicked on

07-06-2024T13:47:34 - [MESSAGE][PASSED] - Object: 'Object Repository/Page_The Story and Evolution of Doodles - G_6e786d/p_The first Doodle was a simple out-of-offi_345e61' is clicked on

07-06-2024T13:47:34 - [TEST_STEP][PASSED] - verifyElementVisible(findTestObject("Object Repository/Page_The Story and Evolution of Doodles - G_6e786d/h1_The story behind Doodles")): Object 'Object Repository/Page_The Story and Evolution of Doodles - G_6e786d/h1_The story behind Doodles' is visible

07-06-2024T13:47:34 - [MESSAGE][PASSED] - Object 'Object Repository/Page_The Story and Evolution of Doodles - G_6e786d/h1_The story behind Doodles' is visible

07-06-2024T13:47:34 - [TEST_STEP][PASSED] - verifyElementVisible(findTestObject("Object Repository/Page_The Story and Evolution of Doodles - G_6e786d/p_The first Doodle was a simple out-of-offi_345e61")): Object 'Object Repository/Page_The Story and Evolution of Doodles - G_6e786d/p_The first Doodle was a simple out-of-offi_345e61' is visible

07-06-2024T13:47:34 - [MESSAGE][PASSED] - Object 'Object Repository/Page_The Story and Evolution of Doodles - G_6e786d/p_The first Doodle was a simple out-of-offi_345e61' is visible

07-06-2024T13:47:34 - [TEST_STEP][PASSED] - verifyElementVisible(findTestObject("Object Repository/Page_The Story and Evolution of Doodles - G_6e786d/h2_Weve created more than 5,000 Doodles ove_111429")): Object 'Object Repository/Page_The Story and Evolution of Doodles - G_6e786d/h2_Weve created more than 5,000 Doodles ove_111429' is visible

07-06-2024T13:47:34 - [MESSAGE][PASSED] - Object 'Object Repository/Page_The Story and Evolution of Doodles - G_6e786d/h2_Weve created more than 5,000 Doodles ove_111429' is visible

07-06-2024T13:47:34 - [TEST_STEP][PASSED] - verifyElementVisible(findTestObject("Object Repository/Page_The Story and Evolution of Doodles - G_6e786d/h1_The story behind Doodles")): Object 'Object Repository/Page_The Story and Evolution of Doodles - G_6e786d/h1_The story behind Doodles' is visible

07-06-2024T13:47:34 - [MESSAGE][PASSED] - Object 'Object Repository/Page_The Story and Evolution of Doodles - G_6e786d/h1_The story behind Doodles' is visible

07-06-2024T13:47:34 - [TEST_STEP][PASSED] - verifyElementVisible(findTestObject("Object Repository/Page_The Story and Evolution of Doodles - G_6e786d/p_The first Doodle was a simple out-of-offi_345e61")): Object 'Object Repository/Page_The Story and Evolution of Doodles - G_6e786d/p_The first Doodle was a simple out-of-offi_345e61' is visible

07-06-2024T13:47:34 - [MESSAGE][PASSED] - Object 'Object Repository/Page_The Story and Evolution of Doodles - G_6e786d/p_The first Doodle was a simple out-of-offi_345e61' is visible

07-06-2024T13:47:34 - [TEST_STEP][PASSED] - verifyElementVisible(findTestObject("Object Repository/Page_The Story and Evolution of Doodles - G_6e786d/h2_Weve created more than 5,000 Doodles ove_111429")): Object 'Object Repository/Page_The Story and Evolution of Doodles - G_6e786d/h2_Weve created more than 5,000 Doodles ove_111429' is visible

07-06-2024T13:47:34 - [MESSAGE][PASSED] - Object 'Object Repository/Page_The Story and Evolution of Doodles - G_6e786d/h2_Weve created more than 5,000 Doodles ove_111429' is visible

07-06-2024T13:47:34 - [TEST_STEP][PASSED] - click(findTestObject("Object Repository/Page_The Story and Evolution of Doodles - G_6e786d/p_The first Doodle was a simple out-of-offi_345e61")): Object: 'Object Repository/Page_The Story and Evolution of Doodles - G_6e786d/p_The first Doodle was a simple out-of-offi_345e61' is clicked on

07-06-2024T13:47:35 - [MESSAGE][PASSED] - Object: 'Object Repository/Page_The Story and Evolution of Doodles - G_6e786d/p_The first Doodle was a simple out-of-offi_345e61' is clicked on

07-06-2024T13:47:35 - [TEST_STEP][PASSED] - verifyElementVisible(findTestObject("Object Repository/Page_The Story and Evolution of Doodles - G_6e786d/h1_The story behind Doodles")): Object 'Object Repository/Page_The Story and Evolution of Doodles - G_6e786d/h1_The story behind Doodles' is visible

07-06-2024T13:47:35 - [MESSAGE][PASSED] - Object 'Object Repository/Page_The Story and Evolution of Doodles - G_6e786d/h1_The story behind Doodles' is visible

07-06-2024T13:47:35 - [TEST_STEP][PASSED] - verifyElementVisible(findTestObject("Object Repository/Page_The Story and Evolution of Doodles - G_6e786d/p_The first Doodle was a simple out-of-offi_345e61")): Object 'Object Repository/Page_The Story and Evolution of Doodles - G_6e786d/p_The first Doodle was a simple out-of-offi_345e61' is visible

07-06-2024T13:47:35 - [MESSAGE][PASSED] - Object 'Object Repository/Page_The Story and Evolution of Doodles - G_6e786d/p_The first Doodle was a simple out-of-offi_345e61' is visible

07-06-2024T13:47:35 - [TEST_STEP][PASSED] - verifyElementVisible(findTestObject("Object Repository/Page_The Story and Evolution of Doodles - G_6e786d/h2_Weve created more than 5,000 Doodles ove_111429")): Object 'Object Repository/Page_The Story and Evolution of Doodles - G_6e786d/h2_Weve created more than 5,000 Doodles ove_111429' is visible

07-06-2024T13:47:35 - [MESSAGE][PASSED] - Object 'Object Repository/Page_The Story and Evolution of Doodles - G_6e786d/h2_Weve created more than 5,000 Doodles ove_111429' is visible

07-06-2024T13:47:35 - [TEST_STEP][PASSED] - click(findTestObject("Object Repository/Page_The Story and Evolution of Doodles - G_6e786d/p_The first Doodle was a simple out-of-offi_345e61")): Object: 'Object Repository/Page_The Story and Evolution of Doodles - G_6e786d/p_The first Doodle was a simple out-of-offi_345e61' is clicked on

07-06-2024T13:47:35 - [MESSAGE][PASSED] - Object: 'Object Repository/Page_The Story and Evolution of Doodles - G_6e786d/p_The first Doodle was a simple out-of-offi_345e61' is clicked on

07-06-2024T13:47:35 - [TEST_STEP][PASSED] - verifyElementVisible(findTestObject("Object Repository/Page_The Story and Evolution of Doodles - G_6e786d/h1_The story behind Doodles")): Object 'Object Repository/Page_The Story and Evolution of Doodles - G_6e786d/h1_The story behind Doodles' is visible

07-06-2024T13:47:35 - [MESSAGE][PASSED] - Object 'Object Repository/Page_The Story and Evolution of Doodles - G_6e786d/h1_The story behind Doodles' is visible

07-06-2024T13:47:35 - [TEST_STEP][PASSED] - verifyElementVisible(findTestObject("Object Repository/Page_The Story and Evolution of Doodles - G_6e786d/p_The first Doodle was a simple out-of-offi_345e61")): Object 'Object Repository/Page_The Story and Evolution of Doodles - G_6e786d/p_The first Doodle was a simple out-of-offi_345e61' is visible

07-06-2024T13:47:35 - [MESSAGE][PASSED] - Object 'Object Repository/Page_The Story and Evolution of Doodles - G_6e786d/p_The first Doodle was a simple out-of-offi_345e61' is visible

07-06-2024T13:47:35 - [TEST_STEP][PASSED] - verifyElementVisible(findTestObject("Object Repository/Page_The Story and Evolution of Doodles - G_6e786d/h2_Weve created more than 5,000 Doodles ove_111429")): Object 'Object Repository/Page_The Story and Evolution of Doodles - G_6e786d/h2_Weve created more than 5,000 Doodles ove_111429' is visible

07-06-2024T13:47:35 - [MESSAGE][PASSED] - Object 'Object Repository/Page_The Story and Evolution of Doodles - G_6e786d/h2_Weve created more than 5,000 Doodles ove_111429' is visible

07-06-2024T13:47:35 - [TEST_STEP][PASSED] - click(findTestObject("Object Repository/Page_The Story and Evolution of Doodles - G_6e786d/p_The first Doodle was a simple out-of-offi_345e61")): Object: 'Object Repository/Page_The Story and Evolution of Doodles - G_6e786d/p_The first Doodle was a simple out-of-offi_345e61' is clicked on

07-06-2024T13:47:36 - [MESSAGE][PASSED] - Object: 'Object Repository/Page_The Story and Evolution of Doodles - G_6e786d/p_The first Doodle was a simple out-of-offi_345e61' is clicked on

07-06-2024T13:47:36 - [TEST_STEP][PASSED] - verifyElementVisible(findTestObject("Object Repository/Page_The Story and Evolution of Doodles - G_6e786d/h1_The story behind Doodles")): Object 'Object Repository/Page_The Story and Evolution of Doodles - G_6e786d/h1_The story behind Doodles' is visible

07-06-2024T13:47:36 - [MESSAGE][PASSED] - Object 'Object Repository/Page_The Story and Evolution of Doodles - G_6e786d/h1_The story behind Doodles' is visible

07-06-2024T13:47:36 - [TEST_STEP][PASSED] - verifyElementVisible(findTestObject("Object Repository/Page_The Story and Evolution of Doodles - G_6e786d/p_The first Doodle was a simple out-of-offi_345e61")): Object 'Object Repository/Page_The Story and Evolution of Doodles - G_6e786d/p_The first Doodle was a simple out-of-offi_345e61' is visible

07-06-2024T13:47:36 - [MESSAGE][PASSED] - Object 'Object Repository/Page_The Story and Evolution of Doodles - G_6e786d/p_The first Doodle was a simple out-of-offi_345e61' is visible

07-06-2024T13:47:36 - [TEST_STEP][PASSED] - verifyElementVisible(findTestObject("Object Repository/Page_The Story and Evolution of Doodles - G_6e786d/h2_Weve created more than 5,000 Doodles ove_111429")): Object 'Object Repository/Page_The Story and Evolution of Doodles - G_6e786d/h2_Weve created more than 5,000 Doodles ove_111429' is visible

07-06-2024T13:47:36 - [MESSAGE][PASSED] - Object 'Object Repository/Page_The Story and Evolution of Doodles - G_6e786d/h2_Weve created more than 5,000 Doodles ove_111429' is visible

07-06-2024T13:47:36 - [TEST_STEP][PASSED] - click(findTestObject("Object Repository/Page_The Story and Evolution of Doodles - G_6e786d/p_The first Doodle was a simple out-of-offi_345e61")): Object: 'Object Repository/Page_The Story and Evolution of Doodles - G_6e786d/p_The first Doodle was a simple out-of-offi_345e61' is clicked on

07-06-2024T13:47:36 - [MESSAGE][PASSED] - Object: 'Object Repository/Page_The Story and Evolution of Doodles - G_6e786d/p_The first Doodle was a simple out-of-offi_345e61' is clicked on

07-06-2024T13:47:36 - [TEST_STEP][PASSED] - verifyElementVisible(findTestObject("Object Repository/Page_The Story and Evolution of Doodles - G_6e786d/h1_The story behind Doodles")): Object 'Object Repository/Page_The Story and Evolution of Doodles - G_6e786d/h1_The story behind Doodles' is visible

07-06-2024T13:47:36 - [MESSAGE][PASSED] - Object 'Object Repository/Page_The Story and Evolution of Doodles - G_6e786d/h1_The story behind Doodles' is visible

07-06-2024T13:47:36 - [TEST_STEP][PASSED] - verifyElementVisible(findTestObject("Object Repository/Page_The Story and Evolution of Doodles - G_6e786d/p_The first Doodle was a simple out-of-offi_345e61")): Object 'Object Repository/Page_The Story and Evolution of Doodles - G_6e786d/p_The first Doodle was a simple out-of-offi_345e61' is visible

07-06-2024T13:47:36 - [MESSAGE][PASSED] - Object 'Object Repository/Page_The Story and Evolution of Doodles - G_6e786d/p_The first Doodle was a simple out-of-offi_345e61' is visible

07-06-2024T13:47:36 - [TEST_STEP][PASSED] - verifyElementVisible(findTestObject("Object Repository/Page_The Story and Evolution of Doodles - G_6e786d/h2_Weve created more than 5,000 Doodles ove_111429")): Object 'Object Repository/Page_The Story and Evolution of Doodles - G_6e786d/h2_Weve created more than 5,000 Doodles ove_111429' is visible

07-06-2024T13:47:36 - [MESSAGE][PASSED] - Object 'Object Repository/Page_The Story and Evolution of Doodles - G_6e786d/h2_Weve created more than 5,000 Doodles ove_111429' is visible

07-06-2024T13:47:36 - [TEST_STEP][PASSED] - click(findTestObject("Object Repository/Page_The Story and Evolution of Doodles - G_6e786d/p_The first Doodle was a simple out-of-offi_345e61")): Object: 'Object Repository/Page_The Story and Evolution of Doodles - G_6e786d/p_The first Doodle was a simple out-of-offi_345e61' is clicked on

07-06-2024T13:47:36 - [MESSAGE][PASSED] - Object: 'Object Repository/Page_The Story and Evolution of Doodles - G_6e786d/p_The first Doodle was a simple out-of-offi_345e61' is clicked on

07-06-2024T13:47:36 - [TEST_STEP][PASSED] - verifyElementVisible(findTestObject("Object Repository/Page_The Story and Evolution of Doodles - G_6e786d/h1_The story behind Doodles")): Object 'Object Repository/Page_The Story and Evolution of Doodles - G_6e786d/h1_The story behind Doodles' is visible

07-06-2024T13:47:37 - [MESSAGE][PASSED] - Object 'Object Repository/Page_The Story and Evolution of Doodles - G_6e786d/h1_The story behind Doodles' is visible

07-06-2024T13:47:37 - [TEST_STEP][PASSED] - verifyElementVisible(findTestObject("Object Repository/Page_The Story and Evolution of Doodles - G_6e786d/p_The first Doodle was a simple out-of-offi_345e61")): Object 'Object Repository/Page_The Story and Evolution of Doodles - G_6e786d/p_The first Doodle was a simple out-of-offi_345e61' is visible

07-06-2024T13:47:37 - [MESSAGE][PASSED] - Object 'Object Repository/Page_The Story and Evolution of Doodles - G_6e786d/p_The first Doodle was a simple out-of-offi_345e61' is visible

07-06-2024T13:47:37 - [TEST_STEP][PASSED] - verifyElementVisible(findTestObject("Object Repository/Page_The Story and Evolution of Doodles - G_6e786d/h2_Weve created more than 5,000 Doodles ove_111429")): Object 'Object Repository/Page_The Story and Evolution of Doodles - G_6e786d/h2_Weve created more than 5,000 Doodles ove_111429' is visible

07-06-2024T13:47:37 - [MESSAGE][PASSED] - Object 'Object Repository/Page_The Story and Evolution of Doodles - G_6e786d/h2_Weve created more than 5,000 Doodles ove_111429' is visible

07-06-2024T13:47:37 - [TEST_STEP][PASSED] - click(findTestObject("Object Repository/Page_The Story and Evolution of Doodles - G_6e786d/p_The first Doodle was a simple out-of-offi_345e61")): Object: 'Object Repository/Page_The Story and Evolution of Doodles - G_6e786d/p_The first Doodle was a simple out-of-offi_345e61' is clicked on

07-06-2024T13:47:37 - [MESSAGE][PASSED] - Object: 'Object Repository/Page_The Story and Evolution of Doodles - G_6e786d/p_The first Doodle was a simple out-of-offi_345e61' is clicked on

07-06-2024T13:47:37 - [TEST_STEP][PASSED] - verifyElementVisible(findTestObject("Object Repository/Page_The Story and Evolution of Doodles - G_6e786d/h1_The story behind Doodles")): Object 'Object Repository/Page_The Story and Evolution of Doodles - G_6e786d/h1_The story behind Doodles' is visible

07-06-2024T13:47:37 - [MESSAGE][PASSED] - Object 'Object Repository/Page_The Story and Evolution of Doodles - G_6e786d/h1_The story behind Doodles' is visible

07-06-2024T13:47:37 - [TEST_STEP][PASSED] - verifyElementVisible(findTestObject("Object Repository/Page_The Story and Evolution of Doodles - G_6e786d/p_The first Doodle was a simple out-of-offi_345e61")): Object 'Object Repository/Page_The Story and Evolution of Doodles - G_6e786d/p_The first Doodle was a simple out-of-offi_345e61' is visible

07-06-2024T13:47:37 - [MESSAGE][PASSED] - Object 'Object Repository/Page_The Story and Evolution of Doodles - G_6e786d/p_The first Doodle was a simple out-of-offi_345e61' is visible

07-06-2024T13:47:37 - [TEST_STEP][PASSED] - verifyElementVisible(findTestObject("Object Repository/Page_The Story and Evolution of Doodles - G_6e786d/h2_Weve created more than 5,000 Doodles ove_111429")): Object 'Object Repository/Page_The Story and Evolution of Doodles - G_6e786d/h2_Weve created more than 5,000 Doodles ove_111429' is visible

07-06-2024T13:47:37 - [MESSAGE][PASSED] - Object 'Object Repository/Page_The Story and Evolution of Doodles - G_6e786d/h2_Weve created more than 5,000 Doodles ove_111429' is visible

07-06-2024T13:47:37 - [TEST_STEP][PASSED] - click(findTestObject("Object Repository/Page_The Story and Evolution of Doodles - G_6e786d/p_The first Doodle was a simple out-of-offi_345e61")): Object: 'Object Repository/Page_The Story and Evolution of Doodles - G_6e786d/p_The first Doodle was a simple out-of-offi_345e61' is clicked on

07-06-2024T13:47:37 - [MESSAGE][PASSED] - Object: 'Object Repository/Page_The Story and Evolution of Doodles - G_6e786d/p_The first Doodle was a simple out-of-offi_345e61' is clicked on

07-06-2024T13:47:37 - [TEST_STEP][PASSED] - verifyElementVisible(findTestObject("Object Repository/Page_The Story and Evolution of Doodles - G_6e786d/h1_The story behind Doodles")): Object 'Object Repository/Page_The Story and Evolution of Doodles - G_6e786d/h1_The story behind Doodles' is visible

07-06-2024T13:47:37 - [MESSAGE][PASSED] - Object 'Object Repository/Page_The Story and Evolution of Doodles - G_6e786d/h1_The story behind Doodles' is visible

07-06-2024T13:47:37 - [TEST_STEP][PASSED] - verifyElementVisible(findTestObject("Object Repository/Page_The Story and Evolution of Doodles - G_6e786d/p_The first Doodle was a simple out-of-offi_345e61")): Object 'Object Repository/Page_The Story and Evolution of Doodles - G_6e786d/p_The first Doodle was a simple out-of-offi_345e61' is visible

07-06-2024T13:47:37 - [MESSAGE][PASSED] - Object 'Object Repository/Page_The Story and Evolution of Doodles - G_6e786d/p_The first Doodle was a simple out-of-offi_345e61' is visible

07-06-2024T13:47:37 - [TEST_STEP][PASSED] - verifyElementVisible(findTestObject("Object Repository/Page_The Story and Evolution of Doodles - G_6e786d/h2_Weve created more than 5,000 Doodles ove_111429")): Object 'Object Repository/Page_The Story and Evolution of Doodles - G_6e786d/h2_Weve created more than 5,000 Doodles ove_111429' is visible

07-06-2024T13:47:37 - [MESSAGE][PASSED] - Object 'Object Repository/Page_The Story and Evolution of Doodles - G_6e786d/h2_Weve created more than 5,000 Doodles ove_111429' is visible

07-06-2024T13:47:37 - [TEST_STEP][PASSED] - click(findTestObject("Object Repository/Page_The Story and Evolution of Doodles - G_6e786d/p_The first Doodle was a simple out-of-offi_345e61")): Object: 'Object Repository/Page_The Story and Evolution of Doodles - G_6e786d/p_The first Doodle was a simple out-of-offi_345e61' is clicked on

07-06-2024T13:47:38 - [MESSAGE][PASSED] - Object: 'Object Repository/Page_The Story and Evolution of Doodles - G_6e786d/p_The first Doodle was a simple out-of-offi_345e61' is clicked on

07-06-2024T13:47:38 - [TEST_STEP][PASSED] - verifyElementVisible(findTestObject("Object Repository/Page_The Story and Evolution of Doodles - G_6e786d/h1_The story behind Doodles")): Object 'Object Repository/Page_The Story and Evolution of Doodles - G_6e786d/h1_The story behind Doodles' is visible

07-06-2024T13:47:38 - [MESSAGE][PASSED] - Object 'Object Repository/Page_The Story and Evolution of Doodles - G_6e786d/h1_The story behind Doodles' is visible

07-06-2024T13:47:38 - [TEST_STEP][PASSED] - verifyElementVisible(findTestObject("Object Repository/Page_The Story and Evolution of Doodles - G_6e786d/p_The first Doodle was a simple out-of-offi_345e61")): Object 'Object Repository/Page_The Story and Evolution of Doodles - G_6e786d/p_The first Doodle was a simple out-of-offi_345e61' is visible

07-06-2024T13:47:38 - [MESSAGE][PASSED] - Object 'Object Repository/Page_The Story and Evolution of Doodles - G_6e786d/p_The first Doodle was a simple out-of-offi_345e61' is visible

07-06-2024T13:47:38 - [TEST_STEP][PASSED] - verifyElementVisible(findTestObject("Object Repository/Page_The Story and Evolution of Doodles - G_6e786d/h2_Weve created more than 5,000 Doodles ove_111429")): Object 'Object Repository/Page_The Story and Evolution of Doodles - G_6e786d/h2_Weve created more than 5,000 Doodles ove_111429' is visible

07-06-2024T13:47:38 - [MESSAGE][PASSED] - Object 'Object Repository/Page_The Story and Evolution of Doodles - G_6e786d/h2_Weve created more than 5,000 Doodles ove_111429' is visible

07-06-2024T13:47:38 - [TEST_STEP][PASSED] - click(findTestObject("Object Repository/Page_The Story and Evolution of Doodles - G_6e786d/p_The first Doodle was a simple out-of-offi_345e61")): Object: 'Object Repository/Page_The Story and Evolution of Doodles - G_6e786d/p_The first Doodle was a simple out-of-offi_345e61' is clicked on

07-06-2024T13:47:38 - [MESSAGE][PASSED] - Object: 'Object Repository/Page_The Story and Evolution of Doodles - G_6e786d/p_The first Doodle was a simple out-of-offi_345e61' is clicked on

07-06-2024T13:47:38 - [TEST_STEP][PASSED] - verifyElementVisible(findTestObject("Object Repository/Page_The Story and Evolution of Doodles - G_6e786d/h1_The story behind Doodles")): Object 'Object Repository/Page_The Story and Evolution of Doodles - G_6e786d/h1_The story behind Doodles' is visible

07-06-2024T13:47:38 - [MESSAGE][PASSED] - Object 'Object Repository/Page_The Story and Evolution of Doodles - G_6e786d/h1_The story behind Doodles' is visible

07-06-2024T13:47:38 - [TEST_STEP][PASSED] - verifyElementVisible(findTestObject("Object Repository/Page_The Story and Evolution of Doodles - G_6e786d/p_The first Doodle was a simple out-of-offi_345e61")): Object 'Object Repository/Page_The Story and Evolution of Doodles - G_6e786d/p_The first Doodle was a simple out-of-offi_345e61' is visible

07-06-2024T13:47:38 - [MESSAGE][PASSED] - Object 'Object Repository/Page_The Story and Evolution of Doodles - G_6e786d/p_The first Doodle was a simple out-of-offi_345e61' is visible

07-06-2024T13:47:38 - [TEST_STEP][PASSED] - verifyElementVisible(findTestObject("Object Repository/Page_The Story and Evolution of Doodles - G_6e786d/h2_Weve created more than 5,000 Doodles ove_111429")): Object 'Object Repository/Page_The Story and Evolution of Doodles - G_6e786d/h2_Weve created more than 5,000 Doodles ove_111429' is visible

07-06-2024T13:47:38 - [MESSAGE][PASSED] - Object 'Object Repository/Page_The Story and Evolution of Doodles - G_6e786d/h2_Weve created more than 5,000 Doodles ove_111429' is visible]]></system-out>
         <system-err><![CDATA[]]></system-err>
      </testcase>
      <testcase name="Test Cases/test case folder 1/tc1 - Copy (1) - Copy (6)" time="9.682" classname="Test Cases/test case folder 1/tc1 - Copy (1) - Copy (6)" status="PASSED">
         <system-out><![CDATA[07-06-2024T13:47:38 - [TEST_CASE][PASSED] - Test Cases/test case folder 1/tc1 - Copy (1) - Copy (6): Test Cases/test case folder 1/tc1 - Copy (1) - Copy (6)

07-06-2024T13:47:38 - [TEST_STEP][PASSED] - openBrowser(""): Browser is opened with url: ''

07-06-2024T13:47:38 - [MESSAGE][WARNING] - A browser is already opened. Closing browser and opening a new one

07-06-2024T13:47:39 - [MESSAGE][INFO] - Starting 'Firefox (headless)' driver

07-06-2024T13:47:40 - [MESSAGE][INFO] - Action delay is set to 0 milliseconds

07-06-2024T13:47:42 - [MESSAGE][PASSED] - Browser is opened with url: ''

07-06-2024T13:47:42 - [TEST_STEP][PASSED] - navigateToUrl("https://doodles.google/about/"): Navigate to 'https://doodles.google/about/' successfully

07-06-2024T13:47:43 - [MESSAGE][PASSED] - Navigate to 'https://doodles.google/about/' successfully

07-06-2024T13:47:43 - [TEST_STEP][PASSED] - click(findTestObject("Object Repository/Page_The Story and Evolution of Doodles - G_6e786d/p_The first Doodle was a simple out-of-offi_345e61")): Object: 'Object Repository/Page_The Story and Evolution of Doodles - G_6e786d/p_The first Doodle was a simple out-of-offi_345e61' is clicked on

07-06-2024T13:47:44 - [MESSAGE][PASSED] - Object: 'Object Repository/Page_The Story and Evolution of Doodles - G_6e786d/p_The first Doodle was a simple out-of-offi_345e61' is clicked on

07-06-2024T13:47:44 - [TEST_STEP][PASSED] - click(findTestObject("Object Repository/Page_The Story and Evolution of Doodles - G_6e786d/p_The first Doodle was a simple out-of-offi_345e61")): Object: 'Object Repository/Page_The Story and Evolution of Doodles - G_6e786d/p_The first Doodle was a simple out-of-offi_345e61' is clicked on

07-06-2024T13:47:44 - [MESSAGE][PASSED] - Object: 'Object Repository/Page_The Story and Evolution of Doodles - G_6e786d/p_The first Doodle was a simple out-of-offi_345e61' is clicked on

07-06-2024T13:47:44 - [TEST_STEP][PASSED] - verifyElementVisible(findTestObject("Object Repository/Page_The Story and Evolution of Doodles - G_6e786d/h1_The story behind Doodles")): Object 'Object Repository/Page_The Story and Evolution of Doodles - G_6e786d/h1_The story behind Doodles' is visible

07-06-2024T13:47:44 - [MESSAGE][PASSED] - Object 'Object Repository/Page_The Story and Evolution of Doodles - G_6e786d/h1_The story behind Doodles' is visible

07-06-2024T13:47:44 - [TEST_STEP][PASSED] - verifyElementVisible(findTestObject("Object Repository/Page_The Story and Evolution of Doodles - G_6e786d/p_The first Doodle was a simple out-of-offi_345e61")): Object 'Object Repository/Page_The Story and Evolution of Doodles - G_6e786d/p_The first Doodle was a simple out-of-offi_345e61' is visible

07-06-2024T13:47:44 - [MESSAGE][PASSED] - Object 'Object Repository/Page_The Story and Evolution of Doodles - G_6e786d/p_The first Doodle was a simple out-of-offi_345e61' is visible

07-06-2024T13:47:44 - [TEST_STEP][PASSED] - verifyElementVisible(findTestObject("Object Repository/Page_The Story and Evolution of Doodles - G_6e786d/h2_Weve created more than 5,000 Doodles ove_111429")): Object 'Object Repository/Page_The Story and Evolution of Doodles - G_6e786d/h2_Weve created more than 5,000 Doodles ove_111429' is visible

07-06-2024T13:47:44 - [MESSAGE][PASSED] - Object 'Object Repository/Page_The Story and Evolution of Doodles - G_6e786d/h2_Weve created more than 5,000 Doodles ove_111429' is visible

07-06-2024T13:47:44 - [TEST_STEP][PASSED] - verifyElementVisible(findTestObject("Object Repository/Page_The Story and Evolution of Doodles - G_6e786d/h1_The story behind Doodles")): Object 'Object Repository/Page_The Story and Evolution of Doodles - G_6e786d/h1_The story behind Doodles' is visible

07-06-2024T13:47:44 - [MESSAGE][PASSED] - Object 'Object Repository/Page_The Story and Evolution of Doodles - G_6e786d/h1_The story behind Doodles' is visible

07-06-2024T13:47:44 - [TEST_STEP][PASSED] - verifyElementVisible(findTestObject("Object Repository/Page_The Story and Evolution of Doodles - G_6e786d/p_The first Doodle was a simple out-of-offi_345e61")): Object 'Object Repository/Page_The Story and Evolution of Doodles - G_6e786d/p_The first Doodle was a simple out-of-offi_345e61' is visible

07-06-2024T13:47:44 - [MESSAGE][PASSED] - Object 'Object Repository/Page_The Story and Evolution of Doodles - G_6e786d/p_The first Doodle was a simple out-of-offi_345e61' is visible

07-06-2024T13:47:44 - [TEST_STEP][PASSED] - verifyElementVisible(findTestObject("Object Repository/Page_The Story and Evolution of Doodles - G_6e786d/h2_Weve created more than 5,000 Doodles ove_111429")): Object 'Object Repository/Page_The Story and Evolution of Doodles - G_6e786d/h2_Weve created more than 5,000 Doodles ove_111429' is visible

07-06-2024T13:47:44 - [MESSAGE][PASSED] - Object 'Object Repository/Page_The Story and Evolution of Doodles - G_6e786d/h2_Weve created more than 5,000 Doodles ove_111429' is visible

07-06-2024T13:47:44 - [TEST_STEP][PASSED] - click(findTestObject("Object Repository/Page_The Story and Evolution of Doodles - G_6e786d/p_The first Doodle was a simple out-of-offi_345e61")): Object: 'Object Repository/Page_The Story and Evolution of Doodles - G_6e786d/p_The first Doodle was a simple out-of-offi_345e61' is clicked on

07-06-2024T13:47:44 - [MESSAGE][PASSED] - Object: 'Object Repository/Page_The Story and Evolution of Doodles - G_6e786d/p_The first Doodle was a simple out-of-offi_345e61' is clicked on

07-06-2024T13:47:44 - [TEST_STEP][PASSED] - verifyElementVisible(findTestObject("Object Repository/Page_The Story and Evolution of Doodles - G_6e786d/h1_The story behind Doodles")): Object 'Object Repository/Page_The Story and Evolution of Doodles - G_6e786d/h1_The story behind Doodles' is visible

07-06-2024T13:47:44 - [MESSAGE][PASSED] - Object 'Object Repository/Page_The Story and Evolution of Doodles - G_6e786d/h1_The story behind Doodles' is visible

07-06-2024T13:47:44 - [TEST_STEP][PASSED] - verifyElementVisible(findTestObject("Object Repository/Page_The Story and Evolution of Doodles - G_6e786d/p_The first Doodle was a simple out-of-offi_345e61")): Object 'Object Repository/Page_The Story and Evolution of Doodles - G_6e786d/p_The first Doodle was a simple out-of-offi_345e61' is visible

07-06-2024T13:47:44 - [MESSAGE][PASSED] - Object 'Object Repository/Page_The Story and Evolution of Doodles - G_6e786d/p_The first Doodle was a simple out-of-offi_345e61' is visible

07-06-2024T13:47:44 - [TEST_STEP][PASSED] - verifyElementVisible(findTestObject("Object Repository/Page_The Story and Evolution of Doodles - G_6e786d/h2_Weve created more than 5,000 Doodles ove_111429")): Object 'Object Repository/Page_The Story and Evolution of Doodles - G_6e786d/h2_Weve created more than 5,000 Doodles ove_111429' is visible

07-06-2024T13:47:44 - [MESSAGE][PASSED] - Object 'Object Repository/Page_The Story and Evolution of Doodles - G_6e786d/h2_Weve created more than 5,000 Doodles ove_111429' is visible

07-06-2024T13:47:44 - [TEST_STEP][PASSED] - click(findTestObject("Object Repository/Page_The Story and Evolution of Doodles - G_6e786d/p_The first Doodle was a simple out-of-offi_345e61")): Object: 'Object Repository/Page_The Story and Evolution of Doodles - G_6e786d/p_The first Doodle was a simple out-of-offi_345e61' is clicked on

07-06-2024T13:47:45 - [MESSAGE][PASSED] - Object: 'Object Repository/Page_The Story and Evolution of Doodles - G_6e786d/p_The first Doodle was a simple out-of-offi_345e61' is clicked on

07-06-2024T13:47:45 - [TEST_STEP][PASSED] - verifyElementVisible(findTestObject("Object Repository/Page_The Story and Evolution of Doodles - G_6e786d/h1_The story behind Doodles")): Object 'Object Repository/Page_The Story and Evolution of Doodles - G_6e786d/h1_The story behind Doodles' is visible

07-06-2024T13:47:45 - [MESSAGE][PASSED] - Object 'Object Repository/Page_The Story and Evolution of Doodles - G_6e786d/h1_The story behind Doodles' is visible

07-06-2024T13:47:45 - [TEST_STEP][PASSED] - verifyElementVisible(findTestObject("Object Repository/Page_The Story and Evolution of Doodles - G_6e786d/p_The first Doodle was a simple out-of-offi_345e61")): Object 'Object Repository/Page_The Story and Evolution of Doodles - G_6e786d/p_The first Doodle was a simple out-of-offi_345e61' is visible

07-06-2024T13:47:45 - [MESSAGE][PASSED] - Object 'Object Repository/Page_The Story and Evolution of Doodles - G_6e786d/p_The first Doodle was a simple out-of-offi_345e61' is visible

07-06-2024T13:47:45 - [TEST_STEP][PASSED] - verifyElementVisible(findTestObject("Object Repository/Page_The Story and Evolution of Doodles - G_6e786d/h2_Weve created more than 5,000 Doodles ove_111429")): Object 'Object Repository/Page_The Story and Evolution of Doodles - G_6e786d/h2_Weve created more than 5,000 Doodles ove_111429' is visible

07-06-2024T13:47:45 - [MESSAGE][PASSED] - Object 'Object Repository/Page_The Story and Evolution of Doodles - G_6e786d/h2_Weve created more than 5,000 Doodles ove_111429' is visible

07-06-2024T13:47:45 - [TEST_STEP][PASSED] - click(findTestObject("Object Repository/Page_The Story and Evolution of Doodles - G_6e786d/p_The first Doodle was a simple out-of-offi_345e61")): Object: 'Object Repository/Page_The Story and Evolution of Doodles - G_6e786d/p_The first Doodle was a simple out-of-offi_345e61' is clicked on

07-06-2024T13:47:45 - [MESSAGE][PASSED] - Object: 'Object Repository/Page_The Story and Evolution of Doodles - G_6e786d/p_The first Doodle was a simple out-of-offi_345e61' is clicked on

07-06-2024T13:47:45 - [TEST_STEP][PASSED] - verifyElementVisible(findTestObject("Object Repository/Page_The Story and Evolution of Doodles - G_6e786d/h1_The story behind Doodles")): Object 'Object Repository/Page_The Story and Evolution of Doodles - G_6e786d/h1_The story behind Doodles' is visible

07-06-2024T13:47:45 - [MESSAGE][PASSED] - Object 'Object Repository/Page_The Story and Evolution of Doodles - G_6e786d/h1_The story behind Doodles' is visible

07-06-2024T13:47:45 - [TEST_STEP][PASSED] - verifyElementVisible(findTestObject("Object Repository/Page_The Story and Evolution of Doodles - G_6e786d/p_The first Doodle was a simple out-of-offi_345e61")): Object 'Object Repository/Page_The Story and Evolution of Doodles - G_6e786d/p_The first Doodle was a simple out-of-offi_345e61' is visible

07-06-2024T13:47:45 - [MESSAGE][PASSED] - Object 'Object Repository/Page_The Story and Evolution of Doodles - G_6e786d/p_The first Doodle was a simple out-of-offi_345e61' is visible

07-06-2024T13:47:45 - [TEST_STEP][PASSED] - verifyElementVisible(findTestObject("Object Repository/Page_The Story and Evolution of Doodles - G_6e786d/h2_Weve created more than 5,000 Doodles ove_111429")): Object 'Object Repository/Page_The Story and Evolution of Doodles - G_6e786d/h2_Weve created more than 5,000 Doodles ove_111429' is visible

07-06-2024T13:47:45 - [MESSAGE][PASSED] - Object 'Object Repository/Page_The Story and Evolution of Doodles - G_6e786d/h2_Weve created more than 5,000 Doodles ove_111429' is visible

07-06-2024T13:47:45 - [TEST_STEP][PASSED] - click(findTestObject("Object Repository/Page_The Story and Evolution of Doodles - G_6e786d/p_The first Doodle was a simple out-of-offi_345e61")): Object: 'Object Repository/Page_The Story and Evolution of Doodles - G_6e786d/p_The first Doodle was a simple out-of-offi_345e61' is clicked on

07-06-2024T13:47:46 - [MESSAGE][PASSED] - Object: 'Object Repository/Page_The Story and Evolution of Doodles - G_6e786d/p_The first Doodle was a simple out-of-offi_345e61' is clicked on

07-06-2024T13:47:46 - [TEST_STEP][PASSED] - verifyElementVisible(findTestObject("Object Repository/Page_The Story and Evolution of Doodles - G_6e786d/h1_The story behind Doodles")): Object 'Object Repository/Page_The Story and Evolution of Doodles - G_6e786d/h1_The story behind Doodles' is visible

07-06-2024T13:47:46 - [MESSAGE][PASSED] - Object 'Object Repository/Page_The Story and Evolution of Doodles - G_6e786d/h1_The story behind Doodles' is visible

07-06-2024T13:47:46 - [TEST_STEP][PASSED] - verifyElementVisible(findTestObject("Object Repository/Page_The Story and Evolution of Doodles - G_6e786d/p_The first Doodle was a simple out-of-offi_345e61")): Object 'Object Repository/Page_The Story and Evolution of Doodles - G_6e786d/p_The first Doodle was a simple out-of-offi_345e61' is visible

07-06-2024T13:47:46 - [MESSAGE][PASSED] - Object 'Object Repository/Page_The Story and Evolution of Doodles - G_6e786d/p_The first Doodle was a simple out-of-offi_345e61' is visible

07-06-2024T13:47:46 - [TEST_STEP][PASSED] - verifyElementVisible(findTestObject("Object Repository/Page_The Story and Evolution of Doodles - G_6e786d/h2_Weve created more than 5,000 Doodles ove_111429")): Object 'Object Repository/Page_The Story and Evolution of Doodles - G_6e786d/h2_Weve created more than 5,000 Doodles ove_111429' is visible

07-06-2024T13:47:46 - [MESSAGE][PASSED] - Object 'Object Repository/Page_The Story and Evolution of Doodles - G_6e786d/h2_Weve created more than 5,000 Doodles ove_111429' is visible

07-06-2024T13:47:46 - [TEST_STEP][PASSED] - click(findTestObject("Object Repository/Page_The Story and Evolution of Doodles - G_6e786d/p_The first Doodle was a simple out-of-offi_345e61")): Object: 'Object Repository/Page_The Story and Evolution of Doodles - G_6e786d/p_The first Doodle was a simple out-of-offi_345e61' is clicked on

07-06-2024T13:47:46 - [MESSAGE][PASSED] - Object: 'Object Repository/Page_The Story and Evolution of Doodles - G_6e786d/p_The first Doodle was a simple out-of-offi_345e61' is clicked on

07-06-2024T13:47:46 - [TEST_STEP][PASSED] - verifyElementVisible(findTestObject("Object Repository/Page_The Story and Evolution of Doodles - G_6e786d/h1_The story behind Doodles")): Object 'Object Repository/Page_The Story and Evolution of Doodles - G_6e786d/h1_The story behind Doodles' is visible

07-06-2024T13:47:46 - [MESSAGE][PASSED] - Object 'Object Repository/Page_The Story and Evolution of Doodles - G_6e786d/h1_The story behind Doodles' is visible

07-06-2024T13:47:46 - [TEST_STEP][PASSED] - verifyElementVisible(findTestObject("Object Repository/Page_The Story and Evolution of Doodles - G_6e786d/p_The first Doodle was a simple out-of-offi_345e61")): Object 'Object Repository/Page_The Story and Evolution of Doodles - G_6e786d/p_The first Doodle was a simple out-of-offi_345e61' is visible

07-06-2024T13:47:46 - [MESSAGE][PASSED] - Object 'Object Repository/Page_The Story and Evolution of Doodles - G_6e786d/p_The first Doodle was a simple out-of-offi_345e61' is visible

07-06-2024T13:47:46 - [TEST_STEP][PASSED] - verifyElementVisible(findTestObject("Object Repository/Page_The Story and Evolution of Doodles - G_6e786d/h2_Weve created more than 5,000 Doodles ove_111429")): Object 'Object Repository/Page_The Story and Evolution of Doodles - G_6e786d/h2_Weve created more than 5,000 Doodles ove_111429' is visible

07-06-2024T13:47:46 - [MESSAGE][PASSED] - Object 'Object Repository/Page_The Story and Evolution of Doodles - G_6e786d/h2_Weve created more than 5,000 Doodles ove_111429' is visible

07-06-2024T13:47:46 - [TEST_STEP][PASSED] - click(findTestObject("Object Repository/Page_The Story and Evolution of Doodles - G_6e786d/p_The first Doodle was a simple out-of-offi_345e61")): Object: 'Object Repository/Page_The Story and Evolution of Doodles - G_6e786d/p_The first Doodle was a simple out-of-offi_345e61' is clicked on

07-06-2024T13:47:46 - [MESSAGE][PASSED] - Object: 'Object Repository/Page_The Story and Evolution of Doodles - G_6e786d/p_The first Doodle was a simple out-of-offi_345e61' is clicked on

07-06-2024T13:47:46 - [TEST_STEP][PASSED] - verifyElementVisible(findTestObject("Object Repository/Page_The Story and Evolution of Doodles - G_6e786d/h1_The story behind Doodles")): Object 'Object Repository/Page_The Story and Evolution of Doodles - G_6e786d/h1_The story behind Doodles' is visible

07-06-2024T13:47:46 - [MESSAGE][PASSED] - Object 'Object Repository/Page_The Story and Evolution of Doodles - G_6e786d/h1_The story behind Doodles' is visible

07-06-2024T13:47:46 - [TEST_STEP][PASSED] - verifyElementVisible(findTestObject("Object Repository/Page_The Story and Evolution of Doodles - G_6e786d/p_The first Doodle was a simple out-of-offi_345e61")): Object 'Object Repository/Page_The Story and Evolution of Doodles - G_6e786d/p_The first Doodle was a simple out-of-offi_345e61' is visible

07-06-2024T13:47:47 - [MESSAGE][PASSED] - Object 'Object Repository/Page_The Story and Evolution of Doodles - G_6e786d/p_The first Doodle was a simple out-of-offi_345e61' is visible

07-06-2024T13:47:47 - [TEST_STEP][PASSED] - verifyElementVisible(findTestObject("Object Repository/Page_The Story and Evolution of Doodles - G_6e786d/h2_Weve created more than 5,000 Doodles ove_111429")): Object 'Object Repository/Page_The Story and Evolution of Doodles - G_6e786d/h2_Weve created more than 5,000 Doodles ove_111429' is visible

07-06-2024T13:47:47 - [MESSAGE][PASSED] - Object 'Object Repository/Page_The Story and Evolution of Doodles - G_6e786d/h2_Weve created more than 5,000 Doodles ove_111429' is visible

07-06-2024T13:47:47 - [TEST_STEP][PASSED] - click(findTestObject("Object Repository/Page_The Story and Evolution of Doodles - G_6e786d/p_The first Doodle was a simple out-of-offi_345e61")): Object: 'Object Repository/Page_The Story and Evolution of Doodles - G_6e786d/p_The first Doodle was a simple out-of-offi_345e61' is clicked on

07-06-2024T13:47:47 - [MESSAGE][PASSED] - Object: 'Object Repository/Page_The Story and Evolution of Doodles - G_6e786d/p_The first Doodle was a simple out-of-offi_345e61' is clicked on

07-06-2024T13:47:47 - [TEST_STEP][PASSED] - verifyElementVisible(findTestObject("Object Repository/Page_The Story and Evolution of Doodles - G_6e786d/h1_The story behind Doodles")): Object 'Object Repository/Page_The Story and Evolution of Doodles - G_6e786d/h1_The story behind Doodles' is visible

07-06-2024T13:47:47 - [MESSAGE][PASSED] - Object 'Object Repository/Page_The Story and Evolution of Doodles - G_6e786d/h1_The story behind Doodles' is visible

07-06-2024T13:47:47 - [TEST_STEP][PASSED] - verifyElementVisible(findTestObject("Object Repository/Page_The Story and Evolution of Doodles - G_6e786d/p_The first Doodle was a simple out-of-offi_345e61")): Object 'Object Repository/Page_The Story and Evolution of Doodles - G_6e786d/p_The first Doodle was a simple out-of-offi_345e61' is visible

07-06-2024T13:47:47 - [MESSAGE][PASSED] - Object 'Object Repository/Page_The Story and Evolution of Doodles - G_6e786d/p_The first Doodle was a simple out-of-offi_345e61' is visible

07-06-2024T13:47:47 - [TEST_STEP][PASSED] - verifyElementVisible(findTestObject("Object Repository/Page_The Story and Evolution of Doodles - G_6e786d/h2_Weve created more than 5,000 Doodles ove_111429")): Object 'Object Repository/Page_The Story and Evolution of Doodles - G_6e786d/h2_Weve created more than 5,000 Doodles ove_111429' is visible

07-06-2024T13:47:47 - [MESSAGE][PASSED] - Object 'Object Repository/Page_The Story and Evolution of Doodles - G_6e786d/h2_Weve created more than 5,000 Doodles ove_111429' is visible

07-06-2024T13:47:47 - [TEST_STEP][PASSED] - click(findTestObject("Object Repository/Page_The Story and Evolution of Doodles - G_6e786d/p_The first Doodle was a simple out-of-offi_345e61")): Object: 'Object Repository/Page_The Story and Evolution of Doodles - G_6e786d/p_The first Doodle was a simple out-of-offi_345e61' is clicked on

07-06-2024T13:47:47 - [MESSAGE][PASSED] - Object: 'Object Repository/Page_The Story and Evolution of Doodles - G_6e786d/p_The first Doodle was a simple out-of-offi_345e61' is clicked on

07-06-2024T13:47:47 - [TEST_STEP][PASSED] - verifyElementVisible(findTestObject("Object Repository/Page_The Story and Evolution of Doodles - G_6e786d/h1_The story behind Doodles")): Object 'Object Repository/Page_The Story and Evolution of Doodles - G_6e786d/h1_The story behind Doodles' is visible

07-06-2024T13:47:47 - [MESSAGE][PASSED] - Object 'Object Repository/Page_The Story and Evolution of Doodles - G_6e786d/h1_The story behind Doodles' is visible

07-06-2024T13:47:47 - [TEST_STEP][PASSED] - verifyElementVisible(findTestObject("Object Repository/Page_The Story and Evolution of Doodles - G_6e786d/p_The first Doodle was a simple out-of-offi_345e61")): Object 'Object Repository/Page_The Story and Evolution of Doodles - G_6e786d/p_The first Doodle was a simple out-of-offi_345e61' is visible

07-06-2024T13:47:48 - [MESSAGE][PASSED] - Object 'Object Repository/Page_The Story and Evolution of Doodles - G_6e786d/p_The first Doodle was a simple out-of-offi_345e61' is visible

07-06-2024T13:47:48 - [TEST_STEP][PASSED] - verifyElementVisible(findTestObject("Object Repository/Page_The Story and Evolution of Doodles - G_6e786d/h2_Weve created more than 5,000 Doodles ove_111429")): Object 'Object Repository/Page_The Story and Evolution of Doodles - G_6e786d/h2_Weve created more than 5,000 Doodles ove_111429' is visible

07-06-2024T13:47:48 - [MESSAGE][PASSED] - Object 'Object Repository/Page_The Story and Evolution of Doodles - G_6e786d/h2_Weve created more than 5,000 Doodles ove_111429' is visible

07-06-2024T13:47:48 - [TEST_STEP][PASSED] - click(findTestObject("Object Repository/Page_The Story and Evolution of Doodles - G_6e786d/p_The first Doodle was a simple out-of-offi_345e61")): Object: 'Object Repository/Page_The Story and Evolution of Doodles - G_6e786d/p_The first Doodle was a simple out-of-offi_345e61' is clicked on

07-06-2024T13:47:48 - [MESSAGE][PASSED] - Object: 'Object Repository/Page_The Story and Evolution of Doodles - G_6e786d/p_The first Doodle was a simple out-of-offi_345e61' is clicked on

07-06-2024T13:47:48 - [TEST_STEP][PASSED] - verifyElementVisible(findTestObject("Object Repository/Page_The Story and Evolution of Doodles - G_6e786d/h1_The story behind Doodles")): Object 'Object Repository/Page_The Story and Evolution of Doodles - G_6e786d/h1_The story behind Doodles' is visible

07-06-2024T13:47:48 - [MESSAGE][PASSED] - Object 'Object Repository/Page_The Story and Evolution of Doodles - G_6e786d/h1_The story behind Doodles' is visible

07-06-2024T13:47:48 - [TEST_STEP][PASSED] - verifyElementVisible(findTestObject("Object Repository/Page_The Story and Evolution of Doodles - G_6e786d/p_The first Doodle was a simple out-of-offi_345e61")): Object 'Object Repository/Page_The Story and Evolution of Doodles - G_6e786d/p_The first Doodle was a simple out-of-offi_345e61' is visible

07-06-2024T13:47:48 - [MESSAGE][PASSED] - Object 'Object Repository/Page_The Story and Evolution of Doodles - G_6e786d/p_The first Doodle was a simple out-of-offi_345e61' is visible

07-06-2024T13:47:48 - [TEST_STEP][PASSED] - verifyElementVisible(findTestObject("Object Repository/Page_The Story and Evolution of Doodles - G_6e786d/h2_Weve created more than 5,000 Doodles ove_111429")): Object 'Object Repository/Page_The Story and Evolution of Doodles - G_6e786d/h2_Weve created more than 5,000 Doodles ove_111429' is visible

07-06-2024T13:47:48 - [MESSAGE][PASSED] - Object 'Object Repository/Page_The Story and Evolution of Doodles - G_6e786d/h2_Weve created more than 5,000 Doodles ove_111429' is visible]]></system-out>
         <system-err><![CDATA[]]></system-err>
      </testcase>
      <testcase name="Test Cases/test case folder 1/tc1 - Copy (1) - Copy" time="9.48" classname="Test Cases/test case folder 1/tc1 - Copy (1) - Copy" status="PASSED">
         <system-out><![CDATA[07-06-2024T13:47:48 - [TEST_CASE][PASSED] - Test Cases/test case folder 1/tc1 - Copy (1) - Copy: Test Cases/test case folder 1/tc1 - Copy (1) - Copy

07-06-2024T13:47:48 - [TEST_STEP][PASSED] - openBrowser(""): Browser is opened with url: ''

07-06-2024T13:47:48 - [MESSAGE][WARNING] - A browser is already opened. Closing browser and opening a new one

07-06-2024T13:47:49 - [MESSAGE][INFO] - Starting 'Firefox (headless)' driver

07-06-2024T13:47:49 - [MESSAGE][INFO] - Action delay is set to 0 milliseconds

07-06-2024T13:47:51 - [MESSAGE][PASSED] - Browser is opened with url: ''

07-06-2024T13:47:51 - [TEST_STEP][PASSED] - navigateToUrl("https://doodles.google/about/"): Navigate to 'https://doodles.google/about/' successfully

07-06-2024T13:47:53 - [MESSAGE][PASSED] - Navigate to 'https://doodles.google/about/' successfully

07-06-2024T13:47:53 - [TEST_STEP][PASSED] - click(findTestObject("Object Repository/Page_The Story and Evolution of Doodles - G_6e786d/p_The first Doodle was a simple out-of-offi_345e61")): Object: 'Object Repository/Page_The Story and Evolution of Doodles - G_6e786d/p_The first Doodle was a simple out-of-offi_345e61' is clicked on

07-06-2024T13:47:53 - [MESSAGE][PASSED] - Object: 'Object Repository/Page_The Story and Evolution of Doodles - G_6e786d/p_The first Doodle was a simple out-of-offi_345e61' is clicked on

07-06-2024T13:47:53 - [TEST_STEP][PASSED] - click(findTestObject("Object Repository/Page_The Story and Evolution of Doodles - G_6e786d/p_The first Doodle was a simple out-of-offi_345e61")): Object: 'Object Repository/Page_The Story and Evolution of Doodles - G_6e786d/p_The first Doodle was a simple out-of-offi_345e61' is clicked on

07-06-2024T13:47:54 - [MESSAGE][PASSED] - Object: 'Object Repository/Page_The Story and Evolution of Doodles - G_6e786d/p_The first Doodle was a simple out-of-offi_345e61' is clicked on

07-06-2024T13:47:54 - [TEST_STEP][PASSED] - verifyElementVisible(findTestObject("Object Repository/Page_The Story and Evolution of Doodles - G_6e786d/h1_The story behind Doodles")): Object 'Object Repository/Page_The Story and Evolution of Doodles - G_6e786d/h1_The story behind Doodles' is visible

07-06-2024T13:47:54 - [MESSAGE][PASSED] - Object 'Object Repository/Page_The Story and Evolution of Doodles - G_6e786d/h1_The story behind Doodles' is visible

07-06-2024T13:47:54 - [TEST_STEP][PASSED] - verifyElementVisible(findTestObject("Object Repository/Page_The Story and Evolution of Doodles - G_6e786d/p_The first Doodle was a simple out-of-offi_345e61")): Object 'Object Repository/Page_The Story and Evolution of Doodles - G_6e786d/p_The first Doodle was a simple out-of-offi_345e61' is visible

07-06-2024T13:47:54 - [MESSAGE][PASSED] - Object 'Object Repository/Page_The Story and Evolution of Doodles - G_6e786d/p_The first Doodle was a simple out-of-offi_345e61' is visible

07-06-2024T13:47:54 - [TEST_STEP][PASSED] - verifyElementVisible(findTestObject("Object Repository/Page_The Story and Evolution of Doodles - G_6e786d/h2_Weve created more than 5,000 Doodles ove_111429")): Object 'Object Repository/Page_The Story and Evolution of Doodles - G_6e786d/h2_Weve created more than 5,000 Doodles ove_111429' is visible

07-06-2024T13:47:54 - [MESSAGE][PASSED] - Object 'Object Repository/Page_The Story and Evolution of Doodles - G_6e786d/h2_Weve created more than 5,000 Doodles ove_111429' is visible

07-06-2024T13:47:54 - [TEST_STEP][PASSED] - verifyElementVisible(findTestObject("Object Repository/Page_The Story and Evolution of Doodles - G_6e786d/h1_The story behind Doodles")): Object 'Object Repository/Page_The Story and Evolution of Doodles - G_6e786d/h1_The story behind Doodles' is visible

07-06-2024T13:47:54 - [MESSAGE][PASSED] - Object 'Object Repository/Page_The Story and Evolution of Doodles - G_6e786d/h1_The story behind Doodles' is visible

07-06-2024T13:47:54 - [TEST_STEP][PASSED] - verifyElementVisible(findTestObject("Object Repository/Page_The Story and Evolution of Doodles - G_6e786d/p_The first Doodle was a simple out-of-offi_345e61")): Object 'Object Repository/Page_The Story and Evolution of Doodles - G_6e786d/p_The first Doodle was a simple out-of-offi_345e61' is visible

07-06-2024T13:47:54 - [MESSAGE][PASSED] - Object 'Object Repository/Page_The Story and Evolution of Doodles - G_6e786d/p_The first Doodle was a simple out-of-offi_345e61' is visible

07-06-2024T13:47:54 - [TEST_STEP][PASSED] - verifyElementVisible(findTestObject("Object Repository/Page_The Story and Evolution of Doodles - G_6e786d/h2_Weve created more than 5,000 Doodles ove_111429")): Object 'Object Repository/Page_The Story and Evolution of Doodles - G_6e786d/h2_Weve created more than 5,000 Doodles ove_111429' is visible

07-06-2024T13:47:54 - [MESSAGE][PASSED] - Object 'Object Repository/Page_The Story and Evolution of Doodles - G_6e786d/h2_Weve created more than 5,000 Doodles ove_111429' is visible

07-06-2024T13:47:54 - [TEST_STEP][PASSED] - click(findTestObject("Object Repository/Page_The Story and Evolution of Doodles - G_6e786d/p_The first Doodle was a simple out-of-offi_345e61")): Object: 'Object Repository/Page_The Story and Evolution of Doodles - G_6e786d/p_The first Doodle was a simple out-of-offi_345e61' is clicked on

07-06-2024T13:47:54 - [MESSAGE][PASSED] - Object: 'Object Repository/Page_The Story and Evolution of Doodles - G_6e786d/p_The first Doodle was a simple out-of-offi_345e61' is clicked on

07-06-2024T13:47:54 - [TEST_STEP][PASSED] - verifyElementVisible(findTestObject("Object Repository/Page_The Story and Evolution of Doodles - G_6e786d/h1_The story behind Doodles")): Object 'Object Repository/Page_The Story and Evolution of Doodles - G_6e786d/h1_The story behind Doodles' is visible

07-06-2024T13:47:54 - [MESSAGE][PASSED] - Object 'Object Repository/Page_The Story and Evolution of Doodles - G_6e786d/h1_The story behind Doodles' is visible

07-06-2024T13:47:54 - [TEST_STEP][PASSED] - verifyElementVisible(findTestObject("Object Repository/Page_The Story and Evolution of Doodles - G_6e786d/p_The first Doodle was a simple out-of-offi_345e61")): Object 'Object Repository/Page_The Story and Evolution of Doodles - G_6e786d/p_The first Doodle was a simple out-of-offi_345e61' is visible

07-06-2024T13:47:54 - [MESSAGE][PASSED] - Object 'Object Repository/Page_The Story and Evolution of Doodles - G_6e786d/p_The first Doodle was a simple out-of-offi_345e61' is visible

07-06-2024T13:47:54 - [TEST_STEP][PASSED] - verifyElementVisible(findTestObject("Object Repository/Page_The Story and Evolution of Doodles - G_6e786d/h2_Weve created more than 5,000 Doodles ove_111429")): Object 'Object Repository/Page_The Story and Evolution of Doodles - G_6e786d/h2_Weve created more than 5,000 Doodles ove_111429' is visible

07-06-2024T13:47:54 - [MESSAGE][PASSED] - Object 'Object Repository/Page_The Story and Evolution of Doodles - G_6e786d/h2_Weve created more than 5,000 Doodles ove_111429' is visible

07-06-2024T13:47:54 - [TEST_STEP][PASSED] - click(findTestObject("Object Repository/Page_The Story and Evolution of Doodles - G_6e786d/p_The first Doodle was a simple out-of-offi_345e61")): Object: 'Object Repository/Page_The Story and Evolution of Doodles - G_6e786d/p_The first Doodle was a simple out-of-offi_345e61' is clicked on

07-06-2024T13:47:54 - [MESSAGE][PASSED] - Object: 'Object Repository/Page_The Story and Evolution of Doodles - G_6e786d/p_The first Doodle was a simple out-of-offi_345e61' is clicked on

07-06-2024T13:47:54 - [TEST_STEP][PASSED] - verifyElementVisible(findTestObject("Object Repository/Page_The Story and Evolution of Doodles - G_6e786d/h1_The story behind Doodles")): Object 'Object Repository/Page_The Story and Evolution of Doodles - G_6e786d/h1_The story behind Doodles' is visible

07-06-2024T13:47:55 - [MESSAGE][PASSED] - Object 'Object Repository/Page_The Story and Evolution of Doodles - G_6e786d/h1_The story behind Doodles' is visible

07-06-2024T13:47:55 - [TEST_STEP][PASSED] - verifyElementVisible(findTestObject("Object Repository/Page_The Story and Evolution of Doodles - G_6e786d/p_The first Doodle was a simple out-of-offi_345e61")): Object 'Object Repository/Page_The Story and Evolution of Doodles - G_6e786d/p_The first Doodle was a simple out-of-offi_345e61' is visible

07-06-2024T13:47:55 - [MESSAGE][PASSED] - Object 'Object Repository/Page_The Story and Evolution of Doodles - G_6e786d/p_The first Doodle was a simple out-of-offi_345e61' is visible

07-06-2024T13:47:55 - [TEST_STEP][PASSED] - verifyElementVisible(findTestObject("Object Repository/Page_The Story and Evolution of Doodles - G_6e786d/h2_Weve created more than 5,000 Doodles ove_111429")): Object 'Object Repository/Page_The Story and Evolution of Doodles - G_6e786d/h2_Weve created more than 5,000 Doodles ove_111429' is visible

07-06-2024T13:47:55 - [MESSAGE][PASSED] - Object 'Object Repository/Page_The Story and Evolution of Doodles - G_6e786d/h2_Weve created more than 5,000 Doodles ove_111429' is visible

07-06-2024T13:47:55 - [TEST_STEP][PASSED] - click(findTestObject("Object Repository/Page_The Story and Evolution of Doodles - G_6e786d/p_The first Doodle was a simple out-of-offi_345e61")): Object: 'Object Repository/Page_The Story and Evolution of Doodles - G_6e786d/p_The first Doodle was a simple out-of-offi_345e61' is clicked on

07-06-2024T13:47:55 - [MESSAGE][PASSED] - Object: 'Object Repository/Page_The Story and Evolution of Doodles - G_6e786d/p_The first Doodle was a simple out-of-offi_345e61' is clicked on

07-06-2024T13:47:55 - [TEST_STEP][PASSED] - verifyElementVisible(findTestObject("Object Repository/Page_The Story and Evolution of Doodles - G_6e786d/h1_The story behind Doodles")): Object 'Object Repository/Page_The Story and Evolution of Doodles - G_6e786d/h1_The story behind Doodles' is visible

07-06-2024T13:47:55 - [MESSAGE][PASSED] - Object 'Object Repository/Page_The Story and Evolution of Doodles - G_6e786d/h1_The story behind Doodles' is visible

07-06-2024T13:47:55 - [TEST_STEP][PASSED] - verifyElementVisible(findTestObject("Object Repository/Page_The Story and Evolution of Doodles - G_6e786d/p_The first Doodle was a simple out-of-offi_345e61")): Object 'Object Repository/Page_The Story and Evolution of Doodles - G_6e786d/p_The first Doodle was a simple out-of-offi_345e61' is visible

07-06-2024T13:47:55 - [MESSAGE][PASSED] - Object 'Object Repository/Page_The Story and Evolution of Doodles - G_6e786d/p_The first Doodle was a simple out-of-offi_345e61' is visible

07-06-2024T13:47:55 - [TEST_STEP][PASSED] - verifyElementVisible(findTestObject("Object Repository/Page_The Story and Evolution of Doodles - G_6e786d/h2_Weve created more than 5,000 Doodles ove_111429")): Object 'Object Repository/Page_The Story and Evolution of Doodles - G_6e786d/h2_Weve created more than 5,000 Doodles ove_111429' is visible

07-06-2024T13:47:55 - [MESSAGE][PASSED] - Object 'Object Repository/Page_The Story and Evolution of Doodles - G_6e786d/h2_Weve created more than 5,000 Doodles ove_111429' is visible

07-06-2024T13:47:55 - [TEST_STEP][PASSED] - click(findTestObject("Object Repository/Page_The Story and Evolution of Doodles - G_6e786d/p_The first Doodle was a simple out-of-offi_345e61")): Object: 'Object Repository/Page_The Story and Evolution of Doodles - G_6e786d/p_The first Doodle was a simple out-of-offi_345e61' is clicked on

07-06-2024T13:47:55 - [MESSAGE][PASSED] - Object: 'Object Repository/Page_The Story and Evolution of Doodles - G_6e786d/p_The first Doodle was a simple out-of-offi_345e61' is clicked on

07-06-2024T13:47:55 - [TEST_STEP][PASSED] - verifyElementVisible(findTestObject("Object Repository/Page_The Story and Evolution of Doodles - G_6e786d/h1_The story behind Doodles")): Object 'Object Repository/Page_The Story and Evolution of Doodles - G_6e786d/h1_The story behind Doodles' is visible

07-06-2024T13:47:55 - [MESSAGE][PASSED] - Object 'Object Repository/Page_The Story and Evolution of Doodles - G_6e786d/h1_The story behind Doodles' is visible

07-06-2024T13:47:55 - [TEST_STEP][PASSED] - verifyElementVisible(findTestObject("Object Repository/Page_The Story and Evolution of Doodles - G_6e786d/p_The first Doodle was a simple out-of-offi_345e61")): Object 'Object Repository/Page_The Story and Evolution of Doodles - G_6e786d/p_The first Doodle was a simple out-of-offi_345e61' is visible

07-06-2024T13:47:56 - [MESSAGE][PASSED] - Object 'Object Repository/Page_The Story and Evolution of Doodles - G_6e786d/p_The first Doodle was a simple out-of-offi_345e61' is visible

07-06-2024T13:47:56 - [TEST_STEP][PASSED] - verifyElementVisible(findTestObject("Object Repository/Page_The Story and Evolution of Doodles - G_6e786d/h2_Weve created more than 5,000 Doodles ove_111429")): Object 'Object Repository/Page_The Story and Evolution of Doodles - G_6e786d/h2_Weve created more than 5,000 Doodles ove_111429' is visible

07-06-2024T13:47:56 - [MESSAGE][PASSED] - Object 'Object Repository/Page_The Story and Evolution of Doodles - G_6e786d/h2_Weve created more than 5,000 Doodles ove_111429' is visible

07-06-2024T13:47:56 - [TEST_STEP][PASSED] - click(findTestObject("Object Repository/Page_The Story and Evolution of Doodles - G_6e786d/p_The first Doodle was a simple out-of-offi_345e61")): Object: 'Object Repository/Page_The Story and Evolution of Doodles - G_6e786d/p_The first Doodle was a simple out-of-offi_345e61' is clicked on

07-06-2024T13:47:56 - [MESSAGE][PASSED] - Object: 'Object Repository/Page_The Story and Evolution of Doodles - G_6e786d/p_The first Doodle was a simple out-of-offi_345e61' is clicked on

07-06-2024T13:47:56 - [TEST_STEP][PASSED] - verifyElementVisible(findTestObject("Object Repository/Page_The Story and Evolution of Doodles - G_6e786d/h1_The story behind Doodles")): Object 'Object Repository/Page_The Story and Evolution of Doodles - G_6e786d/h1_The story behind Doodles' is visible

07-06-2024T13:47:56 - [MESSAGE][PASSED] - Object 'Object Repository/Page_The Story and Evolution of Doodles - G_6e786d/h1_The story behind Doodles' is visible

07-06-2024T13:47:56 - [TEST_STEP][PASSED] - verifyElementVisible(findTestObject("Object Repository/Page_The Story and Evolution of Doodles - G_6e786d/p_The first Doodle was a simple out-of-offi_345e61")): Object 'Object Repository/Page_The Story and Evolution of Doodles - G_6e786d/p_The first Doodle was a simple out-of-offi_345e61' is visible

07-06-2024T13:47:56 - [MESSAGE][PASSED] - Object 'Object Repository/Page_The Story and Evolution of Doodles - G_6e786d/p_The first Doodle was a simple out-of-offi_345e61' is visible

07-06-2024T13:47:56 - [TEST_STEP][PASSED] - verifyElementVisible(findTestObject("Object Repository/Page_The Story and Evolution of Doodles - G_6e786d/h2_Weve created more than 5,000 Doodles ove_111429")): Object 'Object Repository/Page_The Story and Evolution of Doodles - G_6e786d/h2_Weve created more than 5,000 Doodles ove_111429' is visible

07-06-2024T13:47:56 - [MESSAGE][PASSED] - Object 'Object Repository/Page_The Story and Evolution of Doodles - G_6e786d/h2_Weve created more than 5,000 Doodles ove_111429' is visible

07-06-2024T13:47:56 - [TEST_STEP][PASSED] - click(findTestObject("Object Repository/Page_The Story and Evolution of Doodles - G_6e786d/p_The first Doodle was a simple out-of-offi_345e61")): Object: 'Object Repository/Page_The Story and Evolution of Doodles - G_6e786d/p_The first Doodle was a simple out-of-offi_345e61' is clicked on

07-06-2024T13:47:56 - [MESSAGE][PASSED] - Object: 'Object Repository/Page_The Story and Evolution of Doodles - G_6e786d/p_The first Doodle was a simple out-of-offi_345e61' is clicked on

07-06-2024T13:47:56 - [TEST_STEP][PASSED] - verifyElementVisible(findTestObject("Object Repository/Page_The Story and Evolution of Doodles - G_6e786d/h1_The story behind Doodles")): Object 'Object Repository/Page_The Story and Evolution of Doodles - G_6e786d/h1_The story behind Doodles' is visible

07-06-2024T13:47:56 - [MESSAGE][PASSED] - Object 'Object Repository/Page_The Story and Evolution of Doodles - G_6e786d/h1_The story behind Doodles' is visible

07-06-2024T13:47:56 - [TEST_STEP][PASSED] - verifyElementVisible(findTestObject("Object Repository/Page_The Story and Evolution of Doodles - G_6e786d/p_The first Doodle was a simple out-of-offi_345e61")): Object 'Object Repository/Page_The Story and Evolution of Doodles - G_6e786d/p_The first Doodle was a simple out-of-offi_345e61' is visible

07-06-2024T13:47:56 - [MESSAGE][PASSED] - Object 'Object Repository/Page_The Story and Evolution of Doodles - G_6e786d/p_The first Doodle was a simple out-of-offi_345e61' is visible

07-06-2024T13:47:56 - [TEST_STEP][PASSED] - verifyElementVisible(findTestObject("Object Repository/Page_The Story and Evolution of Doodles - G_6e786d/h2_Weve created more than 5,000 Doodles ove_111429")): Object 'Object Repository/Page_The Story and Evolution of Doodles - G_6e786d/h2_Weve created more than 5,000 Doodles ove_111429' is visible

07-06-2024T13:47:56 - [MESSAGE][PASSED] - Object 'Object Repository/Page_The Story and Evolution of Doodles - G_6e786d/h2_Weve created more than 5,000 Doodles ove_111429' is visible

07-06-2024T13:47:56 - [TEST_STEP][PASSED] - click(findTestObject("Object Repository/Page_The Story and Evolution of Doodles - G_6e786d/p_The first Doodle was a simple out-of-offi_345e61")): Object: 'Object Repository/Page_The Story and Evolution of Doodles - G_6e786d/p_The first Doodle was a simple out-of-offi_345e61' is clicked on

07-06-2024T13:47:57 - [MESSAGE][PASSED] - Object: 'Object Repository/Page_The Story and Evolution of Doodles - G_6e786d/p_The first Doodle was a simple out-of-offi_345e61' is clicked on

07-06-2024T13:47:57 - [TEST_STEP][PASSED] - verifyElementVisible(findTestObject("Object Repository/Page_The Story and Evolution of Doodles - G_6e786d/h1_The story behind Doodles")): Object 'Object Repository/Page_The Story and Evolution of Doodles - G_6e786d/h1_The story behind Doodles' is visible

07-06-2024T13:47:57 - [MESSAGE][PASSED] - Object 'Object Repository/Page_The Story and Evolution of Doodles - G_6e786d/h1_The story behind Doodles' is visible

07-06-2024T13:47:57 - [TEST_STEP][PASSED] - verifyElementVisible(findTestObject("Object Repository/Page_The Story and Evolution of Doodles - G_6e786d/p_The first Doodle was a simple out-of-offi_345e61")): Object 'Object Repository/Page_The Story and Evolution of Doodles - G_6e786d/p_The first Doodle was a simple out-of-offi_345e61' is visible

07-06-2024T13:47:57 - [MESSAGE][PASSED] - Object 'Object Repository/Page_The Story and Evolution of Doodles - G_6e786d/p_The first Doodle was a simple out-of-offi_345e61' is visible

07-06-2024T13:47:57 - [TEST_STEP][PASSED] - verifyElementVisible(findTestObject("Object Repository/Page_The Story and Evolution of Doodles - G_6e786d/h2_Weve created more than 5,000 Doodles ove_111429")): Object 'Object Repository/Page_The Story and Evolution of Doodles - G_6e786d/h2_Weve created more than 5,000 Doodles ove_111429' is visible

07-06-2024T13:47:57 - [MESSAGE][PASSED] - Object 'Object Repository/Page_The Story and Evolution of Doodles - G_6e786d/h2_Weve created more than 5,000 Doodles ove_111429' is visible

07-06-2024T13:47:57 - [TEST_STEP][PASSED] - click(findTestObject("Object Repository/Page_The Story and Evolution of Doodles - G_6e786d/p_The first Doodle was a simple out-of-offi_345e61")): Object: 'Object Repository/Page_The Story and Evolution of Doodles - G_6e786d/p_The first Doodle was a simple out-of-offi_345e61' is clicked on

07-06-2024T13:47:57 - [MESSAGE][PASSED] - Object: 'Object Repository/Page_The Story and Evolution of Doodles - G_6e786d/p_The first Doodle was a simple out-of-offi_345e61' is clicked on

07-06-2024T13:47:57 - [TEST_STEP][PASSED] - verifyElementVisible(findTestObject("Object Repository/Page_The Story and Evolution of Doodles - G_6e786d/h1_The story behind Doodles")): Object 'Object Repository/Page_The Story and Evolution of Doodles - G_6e786d/h1_The story behind Doodles' is visible

07-06-2024T13:47:57 - [MESSAGE][PASSED] - Object 'Object Repository/Page_The Story and Evolution of Doodles - G_6e786d/h1_The story behind Doodles' is visible

07-06-2024T13:47:57 - [TEST_STEP][PASSED] - verifyElementVisible(findTestObject("Object Repository/Page_The Story and Evolution of Doodles - G_6e786d/p_The first Doodle was a simple out-of-offi_345e61")): Object 'Object Repository/Page_The Story and Evolution of Doodles - G_6e786d/p_The first Doodle was a simple out-of-offi_345e61' is visible

07-06-2024T13:47:57 - [MESSAGE][PASSED] - Object 'Object Repository/Page_The Story and Evolution of Doodles - G_6e786d/p_The first Doodle was a simple out-of-offi_345e61' is visible

07-06-2024T13:47:57 - [TEST_STEP][PASSED] - verifyElementVisible(findTestObject("Object Repository/Page_The Story and Evolution of Doodles - G_6e786d/h2_Weve created more than 5,000 Doodles ove_111429")): Object 'Object Repository/Page_The Story and Evolution of Doodles - G_6e786d/h2_Weve created more than 5,000 Doodles ove_111429' is visible

07-06-2024T13:47:57 - [MESSAGE][PASSED] - Object 'Object Repository/Page_The Story and Evolution of Doodles - G_6e786d/h2_Weve created more than 5,000 Doodles ove_111429' is visible

07-06-2024T13:47:57 - [TEST_STEP][PASSED] - click(findTestObject("Object Repository/Page_The Story and Evolution of Doodles - G_6e786d/p_The first Doodle was a simple out-of-offi_345e61")): Object: 'Object Repository/Page_The Story and Evolution of Doodles - G_6e786d/p_The first Doodle was a simple out-of-offi_345e61' is clicked on

07-06-2024T13:47:57 - [MESSAGE][PASSED] - Object: 'Object Repository/Page_The Story and Evolution of Doodles - G_6e786d/p_The first Doodle was a simple out-of-offi_345e61' is clicked on

07-06-2024T13:47:57 - [TEST_STEP][PASSED] - verifyElementVisible(findTestObject("Object Repository/Page_The Story and Evolution of Doodles - G_6e786d/h1_The story behind Doodles")): Object 'Object Repository/Page_The Story and Evolution of Doodles - G_6e786d/h1_The story behind Doodles' is visible

07-06-2024T13:47:57 - [MESSAGE][PASSED] - Object 'Object Repository/Page_The Story and Evolution of Doodles - G_6e786d/h1_The story behind Doodles' is visible

07-06-2024T13:47:57 - [TEST_STEP][PASSED] - verifyElementVisible(findTestObject("Object Repository/Page_The Story and Evolution of Doodles - G_6e786d/p_The first Doodle was a simple out-of-offi_345e61")): Object 'Object Repository/Page_The Story and Evolution of Doodles - G_6e786d/p_The first Doodle was a simple out-of-offi_345e61' is visible

07-06-2024T13:47:57 - [MESSAGE][PASSED] - Object 'Object Repository/Page_The Story and Evolution of Doodles - G_6e786d/p_The first Doodle was a simple out-of-offi_345e61' is visible

07-06-2024T13:47:57 - [TEST_STEP][PASSED] - verifyElementVisible(findTestObject("Object Repository/Page_The Story and Evolution of Doodles - G_6e786d/h2_Weve created more than 5,000 Doodles ove_111429")): Object 'Object Repository/Page_The Story and Evolution of Doodles - G_6e786d/h2_Weve created more than 5,000 Doodles ove_111429' is visible

07-06-2024T13:47:57 - [MESSAGE][PASSED] - Object 'Object Repository/Page_The Story and Evolution of Doodles - G_6e786d/h2_Weve created more than 5,000 Doodles ove_111429' is visible]]></system-out>
         <system-err><![CDATA[]]></system-err>
      </testcase>
      <testcase name="Test Cases/test case folder 1/tc1 - Copy (10)" time="9.567" classname="Test Cases/test case folder 1/tc1 - Copy (10)" status="PASSED">
         <system-out><![CDATA[07-06-2024T13:47:57 - [TEST_CASE][PASSED] - Test Cases/test case folder 1/tc1 - Copy (10): Test Cases/test case folder 1/tc1 - Copy (10)

07-06-2024T13:47:58 - [TEST_STEP][PASSED] - openBrowser(""): Browser is opened with url: ''

07-06-2024T13:47:58 - [MESSAGE][WARNING] - A browser is already opened. Closing browser and opening a new one

07-06-2024T13:47:58 - [MESSAGE][INFO] - Starting 'Firefox (headless)' driver

07-06-2024T13:47:58 - [MESSAGE][INFO] - Action delay is set to 0 milliseconds

07-06-2024T13:48:00 - [MESSAGE][PASSED] - Browser is opened with url: ''

07-06-2024T13:48:00 - [TEST_STEP][PASSED] - navigateToUrl("https://doodles.google/about/"): Navigate to 'https://doodles.google/about/' successfully

07-06-2024T13:48:03 - [MESSAGE][PASSED] - Navigate to 'https://doodles.google/about/' successfully

07-06-2024T13:48:03 - [TEST_STEP][PASSED] - click(findTestObject("Object Repository/Page_The Story and Evolution of Doodles - G_6e786d/p_The first Doodle was a simple out-of-offi_345e61")): Object: 'Object Repository/Page_The Story and Evolution of Doodles - G_6e786d/p_The first Doodle was a simple out-of-offi_345e61' is clicked on

07-06-2024T13:48:03 - [MESSAGE][PASSED] - Object: 'Object Repository/Page_The Story and Evolution of Doodles - G_6e786d/p_The first Doodle was a simple out-of-offi_345e61' is clicked on

07-06-2024T13:48:03 - [TEST_STEP][PASSED] - click(findTestObject("Object Repository/Page_The Story and Evolution of Doodles - G_6e786d/p_The first Doodle was a simple out-of-offi_345e61")): Object: 'Object Repository/Page_The Story and Evolution of Doodles - G_6e786d/p_The first Doodle was a simple out-of-offi_345e61' is clicked on

07-06-2024T13:48:03 - [MESSAGE][PASSED] - Object: 'Object Repository/Page_The Story and Evolution of Doodles - G_6e786d/p_The first Doodle was a simple out-of-offi_345e61' is clicked on

07-06-2024T13:48:03 - [TEST_STEP][PASSED] - verifyElementVisible(findTestObject("Object Repository/Page_The Story and Evolution of Doodles - G_6e786d/h1_The story behind Doodles")): Object 'Object Repository/Page_The Story and Evolution of Doodles - G_6e786d/h1_The story behind Doodles' is visible

07-06-2024T13:48:03 - [MESSAGE][PASSED] - Object 'Object Repository/Page_The Story and Evolution of Doodles - G_6e786d/h1_The story behind Doodles' is visible

07-06-2024T13:48:03 - [TEST_STEP][PASSED] - verifyElementVisible(findTestObject("Object Repository/Page_The Story and Evolution of Doodles - G_6e786d/p_The first Doodle was a simple out-of-offi_345e61")): Object 'Object Repository/Page_The Story and Evolution of Doodles - G_6e786d/p_The first Doodle was a simple out-of-offi_345e61' is visible

07-06-2024T13:48:03 - [MESSAGE][PASSED] - Object 'Object Repository/Page_The Story and Evolution of Doodles - G_6e786d/p_The first Doodle was a simple out-of-offi_345e61' is visible

07-06-2024T13:48:03 - [TEST_STEP][PASSED] - verifyElementVisible(findTestObject("Object Repository/Page_The Story and Evolution of Doodles - G_6e786d/h2_Weve created more than 5,000 Doodles ove_111429")): Object 'Object Repository/Page_The Story and Evolution of Doodles - G_6e786d/h2_Weve created more than 5,000 Doodles ove_111429' is visible

07-06-2024T13:48:03 - [MESSAGE][PASSED] - Object 'Object Repository/Page_The Story and Evolution of Doodles - G_6e786d/h2_Weve created more than 5,000 Doodles ove_111429' is visible

07-06-2024T13:48:03 - [TEST_STEP][PASSED] - verifyElementVisible(findTestObject("Object Repository/Page_The Story and Evolution of Doodles - G_6e786d/h1_The story behind Doodles")): Object 'Object Repository/Page_The Story and Evolution of Doodles - G_6e786d/h1_The story behind Doodles' is visible

07-06-2024T13:48:03 - [MESSAGE][PASSED] - Object 'Object Repository/Page_The Story and Evolution of Doodles - G_6e786d/h1_The story behind Doodles' is visible

07-06-2024T13:48:03 - [TEST_STEP][PASSED] - verifyElementVisible(findTestObject("Object Repository/Page_The Story and Evolution of Doodles - G_6e786d/p_The first Doodle was a simple out-of-offi_345e61")): Object 'Object Repository/Page_The Story and Evolution of Doodles - G_6e786d/p_The first Doodle was a simple out-of-offi_345e61' is visible

07-06-2024T13:48:03 - [MESSAGE][PASSED] - Object 'Object Repository/Page_The Story and Evolution of Doodles - G_6e786d/p_The first Doodle was a simple out-of-offi_345e61' is visible

07-06-2024T13:48:03 - [TEST_STEP][PASSED] - verifyElementVisible(findTestObject("Object Repository/Page_The Story and Evolution of Doodles - G_6e786d/h2_Weve created more than 5,000 Doodles ove_111429")): Object 'Object Repository/Page_The Story and Evolution of Doodles - G_6e786d/h2_Weve created more than 5,000 Doodles ove_111429' is visible

07-06-2024T13:48:03 - [MESSAGE][PASSED] - Object 'Object Repository/Page_The Story and Evolution of Doodles - G_6e786d/h2_Weve created more than 5,000 Doodles ove_111429' is visible

07-06-2024T13:48:03 - [TEST_STEP][PASSED] - click(findTestObject("Object Repository/Page_The Story and Evolution of Doodles - G_6e786d/p_The first Doodle was a simple out-of-offi_345e61")): Object: 'Object Repository/Page_The Story and Evolution of Doodles - G_6e786d/p_The first Doodle was a simple out-of-offi_345e61' is clicked on

07-06-2024T13:48:04 - [MESSAGE][PASSED] - Object: 'Object Repository/Page_The Story and Evolution of Doodles - G_6e786d/p_The first Doodle was a simple out-of-offi_345e61' is clicked on

07-06-2024T13:48:04 - [TEST_STEP][PASSED] - verifyElementVisible(findTestObject("Object Repository/Page_The Story and Evolution of Doodles - G_6e786d/h1_The story behind Doodles")): Object 'Object Repository/Page_The Story and Evolution of Doodles - G_6e786d/h1_The story behind Doodles' is visible

07-06-2024T13:48:04 - [MESSAGE][PASSED] - Object 'Object Repository/Page_The Story and Evolution of Doodles - G_6e786d/h1_The story behind Doodles' is visible

07-06-2024T13:48:04 - [TEST_STEP][PASSED] - verifyElementVisible(findTestObject("Object Repository/Page_The Story and Evolution of Doodles - G_6e786d/p_The first Doodle was a simple out-of-offi_345e61")): Object 'Object Repository/Page_The Story and Evolution of Doodles - G_6e786d/p_The first Doodle was a simple out-of-offi_345e61' is visible

07-06-2024T13:48:04 - [MESSAGE][PASSED] - Object 'Object Repository/Page_The Story and Evolution of Doodles - G_6e786d/p_The first Doodle was a simple out-of-offi_345e61' is visible

07-06-2024T13:48:04 - [TEST_STEP][PASSED] - verifyElementVisible(findTestObject("Object Repository/Page_The Story and Evolution of Doodles - G_6e786d/h2_Weve created more than 5,000 Doodles ove_111429")): Object 'Object Repository/Page_The Story and Evolution of Doodles - G_6e786d/h2_Weve created more than 5,000 Doodles ove_111429' is visible

07-06-2024T13:48:04 - [MESSAGE][PASSED] - Object 'Object Repository/Page_The Story and Evolution of Doodles - G_6e786d/h2_Weve created more than 5,000 Doodles ove_111429' is visible

07-06-2024T13:48:04 - [TEST_STEP][PASSED] - click(findTestObject("Object Repository/Page_The Story and Evolution of Doodles - G_6e786d/p_The first Doodle was a simple out-of-offi_345e61")): Object: 'Object Repository/Page_The Story and Evolution of Doodles - G_6e786d/p_The first Doodle was a simple out-of-offi_345e61' is clicked on

07-06-2024T13:48:04 - [MESSAGE][PASSED] - Object: 'Object Repository/Page_The Story and Evolution of Doodles - G_6e786d/p_The first Doodle was a simple out-of-offi_345e61' is clicked on

07-06-2024T13:48:04 - [TEST_STEP][PASSED] - verifyElementVisible(findTestObject("Object Repository/Page_The Story and Evolution of Doodles - G_6e786d/h1_The story behind Doodles")): Object 'Object Repository/Page_The Story and Evolution of Doodles - G_6e786d/h1_The story behind Doodles' is visible

07-06-2024T13:48:04 - [MESSAGE][PASSED] - Object 'Object Repository/Page_The Story and Evolution of Doodles - G_6e786d/h1_The story behind Doodles' is visible

07-06-2024T13:48:04 - [TEST_STEP][PASSED] - verifyElementVisible(findTestObject("Object Repository/Page_The Story and Evolution of Doodles - G_6e786d/p_The first Doodle was a simple out-of-offi_345e61")): Object 'Object Repository/Page_The Story and Evolution of Doodles - G_6e786d/p_The first Doodle was a simple out-of-offi_345e61' is visible

07-06-2024T13:48:04 - [MESSAGE][PASSED] - Object 'Object Repository/Page_The Story and Evolution of Doodles - G_6e786d/p_The first Doodle was a simple out-of-offi_345e61' is visible

07-06-2024T13:48:04 - [TEST_STEP][PASSED] - verifyElementVisible(findTestObject("Object Repository/Page_The Story and Evolution of Doodles - G_6e786d/h2_Weve created more than 5,000 Doodles ove_111429")): Object 'Object Repository/Page_The Story and Evolution of Doodles - G_6e786d/h2_Weve created more than 5,000 Doodles ove_111429' is visible

07-06-2024T13:48:04 - [MESSAGE][PASSED] - Object 'Object Repository/Page_The Story and Evolution of Doodles - G_6e786d/h2_Weve created more than 5,000 Doodles ove_111429' is visible

07-06-2024T13:48:04 - [TEST_STEP][PASSED] - click(findTestObject("Object Repository/Page_The Story and Evolution of Doodles - G_6e786d/p_The first Doodle was a simple out-of-offi_345e61")): Object: 'Object Repository/Page_The Story and Evolution of Doodles - G_6e786d/p_The first Doodle was a simple out-of-offi_345e61' is clicked on

07-06-2024T13:48:04 - [MESSAGE][PASSED] - Object: 'Object Repository/Page_The Story and Evolution of Doodles - G_6e786d/p_The first Doodle was a simple out-of-offi_345e61' is clicked on

07-06-2024T13:48:04 - [TEST_STEP][PASSED] - verifyElementVisible(findTestObject("Object Repository/Page_The Story and Evolution of Doodles - G_6e786d/h1_The story behind Doodles")): Object 'Object Repository/Page_The Story and Evolution of Doodles - G_6e786d/h1_The story behind Doodles' is visible

07-06-2024T13:48:04 - [MESSAGE][PASSED] - Object 'Object Repository/Page_The Story and Evolution of Doodles - G_6e786d/h1_The story behind Doodles' is visible

07-06-2024T13:48:04 - [TEST_STEP][PASSED] - verifyElementVisible(findTestObject("Object Repository/Page_The Story and Evolution of Doodles - G_6e786d/p_The first Doodle was a simple out-of-offi_345e61")): Object 'Object Repository/Page_The Story and Evolution of Doodles - G_6e786d/p_The first Doodle was a simple out-of-offi_345e61' is visible

07-06-2024T13:48:05 - [MESSAGE][PASSED] - Object 'Object Repository/Page_The Story and Evolution of Doodles - G_6e786d/p_The first Doodle was a simple out-of-offi_345e61' is visible

07-06-2024T13:48:05 - [TEST_STEP][PASSED] - verifyElementVisible(findTestObject("Object Repository/Page_The Story and Evolution of Doodles - G_6e786d/h2_Weve created more than 5,000 Doodles ove_111429")): Object 'Object Repository/Page_The Story and Evolution of Doodles - G_6e786d/h2_Weve created more than 5,000 Doodles ove_111429' is visible

07-06-2024T13:48:05 - [MESSAGE][PASSED] - Object 'Object Repository/Page_The Story and Evolution of Doodles - G_6e786d/h2_Weve created more than 5,000 Doodles ove_111429' is visible

07-06-2024T13:48:05 - [TEST_STEP][PASSED] - click(findTestObject("Object Repository/Page_The Story and Evolution of Doodles - G_6e786d/p_The first Doodle was a simple out-of-offi_345e61")): Object: 'Object Repository/Page_The Story and Evolution of Doodles - G_6e786d/p_The first Doodle was a simple out-of-offi_345e61' is clicked on

07-06-2024T13:48:05 - [MESSAGE][PASSED] - Object: 'Object Repository/Page_The Story and Evolution of Doodles - G_6e786d/p_The first Doodle was a simple out-of-offi_345e61' is clicked on

07-06-2024T13:48:05 - [TEST_STEP][PASSED] - verifyElementVisible(findTestObject("Object Repository/Page_The Story and Evolution of Doodles - G_6e786d/h1_The story behind Doodles")): Object 'Object Repository/Page_The Story and Evolution of Doodles - G_6e786d/h1_The story behind Doodles' is visible

07-06-2024T13:48:05 - [MESSAGE][PASSED] - Object 'Object Repository/Page_The Story and Evolution of Doodles - G_6e786d/h1_The story behind Doodles' is visible

07-06-2024T13:48:05 - [TEST_STEP][PASSED] - verifyElementVisible(findTestObject("Object Repository/Page_The Story and Evolution of Doodles - G_6e786d/p_The first Doodle was a simple out-of-offi_345e61")): Object 'Object Repository/Page_The Story and Evolution of Doodles - G_6e786d/p_The first Doodle was a simple out-of-offi_345e61' is visible

07-06-2024T13:48:05 - [MESSAGE][PASSED] - Object 'Object Repository/Page_The Story and Evolution of Doodles - G_6e786d/p_The first Doodle was a simple out-of-offi_345e61' is visible

07-06-2024T13:48:05 - [TEST_STEP][PASSED] - verifyElementVisible(findTestObject("Object Repository/Page_The Story and Evolution of Doodles - G_6e786d/h2_Weve created more than 5,000 Doodles ove_111429")): Object 'Object Repository/Page_The Story and Evolution of Doodles - G_6e786d/h2_Weve created more than 5,000 Doodles ove_111429' is visible

07-06-2024T13:48:05 - [MESSAGE][PASSED] - Object 'Object Repository/Page_The Story and Evolution of Doodles - G_6e786d/h2_Weve created more than 5,000 Doodles ove_111429' is visible

07-06-2024T13:48:05 - [TEST_STEP][PASSED] - click(findTestObject("Object Repository/Page_The Story and Evolution of Doodles - G_6e786d/p_The first Doodle was a simple out-of-offi_345e61")): Object: 'Object Repository/Page_The Story and Evolution of Doodles - G_6e786d/p_The first Doodle was a simple out-of-offi_345e61' is clicked on

07-06-2024T13:48:05 - [MESSAGE][PASSED] - Object: 'Object Repository/Page_The Story and Evolution of Doodles - G_6e786d/p_The first Doodle was a simple out-of-offi_345e61' is clicked on

07-06-2024T13:48:05 - [TEST_STEP][PASSED] - verifyElementVisible(findTestObject("Object Repository/Page_The Story and Evolution of Doodles - G_6e786d/h1_The story behind Doodles")): Object 'Object Repository/Page_The Story and Evolution of Doodles - G_6e786d/h1_The story behind Doodles' is visible

07-06-2024T13:48:05 - [MESSAGE][PASSED] - Object 'Object Repository/Page_The Story and Evolution of Doodles - G_6e786d/h1_The story behind Doodles' is visible

07-06-2024T13:48:05 - [TEST_STEP][PASSED] - verifyElementVisible(findTestObject("Object Repository/Page_The Story and Evolution of Doodles - G_6e786d/p_The first Doodle was a simple out-of-offi_345e61")): Object 'Object Repository/Page_The Story and Evolution of Doodles - G_6e786d/p_The first Doodle was a simple out-of-offi_345e61' is visible

07-06-2024T13:48:05 - [MESSAGE][PASSED] - Object 'Object Repository/Page_The Story and Evolution of Doodles - G_6e786d/p_The first Doodle was a simple out-of-offi_345e61' is visible

07-06-2024T13:48:05 - [TEST_STEP][PASSED] - verifyElementVisible(findTestObject("Object Repository/Page_The Story and Evolution of Doodles - G_6e786d/h2_Weve created more than 5,000 Doodles ove_111429")): Object 'Object Repository/Page_The Story and Evolution of Doodles - G_6e786d/h2_Weve created more than 5,000 Doodles ove_111429' is visible

07-06-2024T13:48:05 - [MESSAGE][PASSED] - Object 'Object Repository/Page_The Story and Evolution of Doodles - G_6e786d/h2_Weve created more than 5,000 Doodles ove_111429' is visible

07-06-2024T13:48:05 - [TEST_STEP][PASSED] - click(findTestObject("Object Repository/Page_The Story and Evolution of Doodles - G_6e786d/p_The first Doodle was a simple out-of-offi_345e61")): Object: 'Object Repository/Page_The Story and Evolution of Doodles - G_6e786d/p_The first Doodle was a simple out-of-offi_345e61' is clicked on

07-06-2024T13:48:06 - [MESSAGE][PASSED] - Object: 'Object Repository/Page_The Story and Evolution of Doodles - G_6e786d/p_The first Doodle was a simple out-of-offi_345e61' is clicked on

07-06-2024T13:48:06 - [TEST_STEP][PASSED] - verifyElementVisible(findTestObject("Object Repository/Page_The Story and Evolution of Doodles - G_6e786d/h1_The story behind Doodles")): Object 'Object Repository/Page_The Story and Evolution of Doodles - G_6e786d/h1_The story behind Doodles' is visible

07-06-2024T13:48:06 - [MESSAGE][PASSED] - Object 'Object Repository/Page_The Story and Evolution of Doodles - G_6e786d/h1_The story behind Doodles' is visible

07-06-2024T13:48:06 - [TEST_STEP][PASSED] - verifyElementVisible(findTestObject("Object Repository/Page_The Story and Evolution of Doodles - G_6e786d/p_The first Doodle was a simple out-of-offi_345e61")): Object 'Object Repository/Page_The Story and Evolution of Doodles - G_6e786d/p_The first Doodle was a simple out-of-offi_345e61' is visible

07-06-2024T13:48:06 - [MESSAGE][PASSED] - Object 'Object Repository/Page_The Story and Evolution of Doodles - G_6e786d/p_The first Doodle was a simple out-of-offi_345e61' is visible

07-06-2024T13:48:06 - [TEST_STEP][PASSED] - verifyElementVisible(findTestObject("Object Repository/Page_The Story and Evolution of Doodles - G_6e786d/h2_Weve created more than 5,000 Doodles ove_111429")): Object 'Object Repository/Page_The Story and Evolution of Doodles - G_6e786d/h2_Weve created more than 5,000 Doodles ove_111429' is visible

07-06-2024T13:48:06 - [MESSAGE][PASSED] - Object 'Object Repository/Page_The Story and Evolution of Doodles - G_6e786d/h2_Weve created more than 5,000 Doodles ove_111429' is visible

07-06-2024T13:48:06 - [TEST_STEP][PASSED] - click(findTestObject("Object Repository/Page_The Story and Evolution of Doodles - G_6e786d/p_The first Doodle was a simple out-of-offi_345e61")): Object: 'Object Repository/Page_The Story and Evolution of Doodles - G_6e786d/p_The first Doodle was a simple out-of-offi_345e61' is clicked on

07-06-2024T13:48:06 - [MESSAGE][PASSED] - Object: 'Object Repository/Page_The Story and Evolution of Doodles - G_6e786d/p_The first Doodle was a simple out-of-offi_345e61' is clicked on

07-06-2024T13:48:06 - [TEST_STEP][PASSED] - verifyElementVisible(findTestObject("Object Repository/Page_The Story and Evolution of Doodles - G_6e786d/h1_The story behind Doodles")): Object 'Object Repository/Page_The Story and Evolution of Doodles - G_6e786d/h1_The story behind Doodles' is visible

07-06-2024T13:48:06 - [MESSAGE][PASSED] - Object 'Object Repository/Page_The Story and Evolution of Doodles - G_6e786d/h1_The story behind Doodles' is visible

07-06-2024T13:48:06 - [TEST_STEP][PASSED] - verifyElementVisible(findTestObject("Object Repository/Page_The Story and Evolution of Doodles - G_6e786d/p_The first Doodle was a simple out-of-offi_345e61")): Object 'Object Repository/Page_The Story and Evolution of Doodles - G_6e786d/p_The first Doodle was a simple out-of-offi_345e61' is visible

07-06-2024T13:48:06 - [MESSAGE][PASSED] - Object 'Object Repository/Page_The Story and Evolution of Doodles - G_6e786d/p_The first Doodle was a simple out-of-offi_345e61' is visible

07-06-2024T13:48:06 - [TEST_STEP][PASSED] - verifyElementVisible(findTestObject("Object Repository/Page_The Story and Evolution of Doodles - G_6e786d/h2_Weve created more than 5,000 Doodles ove_111429")): Object 'Object Repository/Page_The Story and Evolution of Doodles - G_6e786d/h2_Weve created more than 5,000 Doodles ove_111429' is visible

07-06-2024T13:48:06 - [MESSAGE][PASSED] - Object 'Object Repository/Page_The Story and Evolution of Doodles - G_6e786d/h2_Weve created more than 5,000 Doodles ove_111429' is visible

07-06-2024T13:48:06 - [TEST_STEP][PASSED] - click(findTestObject("Object Repository/Page_The Story and Evolution of Doodles - G_6e786d/p_The first Doodle was a simple out-of-offi_345e61")): Object: 'Object Repository/Page_The Story and Evolution of Doodles - G_6e786d/p_The first Doodle was a simple out-of-offi_345e61' is clicked on

07-06-2024T13:48:07 - [MESSAGE][PASSED] - Object: 'Object Repository/Page_The Story and Evolution of Doodles - G_6e786d/p_The first Doodle was a simple out-of-offi_345e61' is clicked on

07-06-2024T13:48:07 - [TEST_STEP][PASSED] - verifyElementVisible(findTestObject("Object Repository/Page_The Story and Evolution of Doodles - G_6e786d/h1_The story behind Doodles")): Object 'Object Repository/Page_The Story and Evolution of Doodles - G_6e786d/h1_The story behind Doodles' is visible

07-06-2024T13:48:07 - [MESSAGE][PASSED] - Object 'Object Repository/Page_The Story and Evolution of Doodles - G_6e786d/h1_The story behind Doodles' is visible

07-06-2024T13:48:07 - [TEST_STEP][PASSED] - verifyElementVisible(findTestObject("Object Repository/Page_The Story and Evolution of Doodles - G_6e786d/p_The first Doodle was a simple out-of-offi_345e61")): Object 'Object Repository/Page_The Story and Evolution of Doodles - G_6e786d/p_The first Doodle was a simple out-of-offi_345e61' is visible

07-06-2024T13:48:07 - [MESSAGE][PASSED] - Object 'Object Repository/Page_The Story and Evolution of Doodles - G_6e786d/p_The first Doodle was a simple out-of-offi_345e61' is visible

07-06-2024T13:48:07 - [TEST_STEP][PASSED] - verifyElementVisible(findTestObject("Object Repository/Page_The Story and Evolution of Doodles - G_6e786d/h2_Weve created more than 5,000 Doodles ove_111429")): Object 'Object Repository/Page_The Story and Evolution of Doodles - G_6e786d/h2_Weve created more than 5,000 Doodles ove_111429' is visible

07-06-2024T13:48:07 - [MESSAGE][PASSED] - Object 'Object Repository/Page_The Story and Evolution of Doodles - G_6e786d/h2_Weve created more than 5,000 Doodles ove_111429' is visible

07-06-2024T13:48:07 - [TEST_STEP][PASSED] - click(findTestObject("Object Repository/Page_The Story and Evolution of Doodles - G_6e786d/p_The first Doodle was a simple out-of-offi_345e61")): Object: 'Object Repository/Page_The Story and Evolution of Doodles - G_6e786d/p_The first Doodle was a simple out-of-offi_345e61' is clicked on

07-06-2024T13:48:07 - [MESSAGE][PASSED] - Object: 'Object Repository/Page_The Story and Evolution of Doodles - G_6e786d/p_The first Doodle was a simple out-of-offi_345e61' is clicked on

07-06-2024T13:48:07 - [TEST_STEP][PASSED] - verifyElementVisible(findTestObject("Object Repository/Page_The Story and Evolution of Doodles - G_6e786d/h1_The story behind Doodles")): Object 'Object Repository/Page_The Story and Evolution of Doodles - G_6e786d/h1_The story behind Doodles' is visible

07-06-2024T13:48:07 - [MESSAGE][PASSED] - Object 'Object Repository/Page_The Story and Evolution of Doodles - G_6e786d/h1_The story behind Doodles' is visible

07-06-2024T13:48:07 - [TEST_STEP][PASSED] - verifyElementVisible(findTestObject("Object Repository/Page_The Story and Evolution of Doodles - G_6e786d/p_The first Doodle was a simple out-of-offi_345e61")): Object 'Object Repository/Page_The Story and Evolution of Doodles - G_6e786d/p_The first Doodle was a simple out-of-offi_345e61' is visible

07-06-2024T13:48:07 - [MESSAGE][PASSED] - Object 'Object Repository/Page_The Story and Evolution of Doodles - G_6e786d/p_The first Doodle was a simple out-of-offi_345e61' is visible

07-06-2024T13:48:07 - [TEST_STEP][PASSED] - verifyElementVisible(findTestObject("Object Repository/Page_The Story and Evolution of Doodles - G_6e786d/h2_Weve created more than 5,000 Doodles ove_111429")): Object 'Object Repository/Page_The Story and Evolution of Doodles - G_6e786d/h2_Weve created more than 5,000 Doodles ove_111429' is visible

07-06-2024T13:48:07 - [MESSAGE][PASSED] - Object 'Object Repository/Page_The Story and Evolution of Doodles - G_6e786d/h2_Weve created more than 5,000 Doodles ove_111429' is visible]]></system-out>
         <system-err><![CDATA[]]></system-err>
      </testcase>
      <testcase name="Test Cases/test case folder 1/tc1 - Copy (11)" time="9.309" classname="Test Cases/test case folder 1/tc1 - Copy (11)" status="PASSED">
         <system-out><![CDATA[07-06-2024T13:48:07 - [TEST_CASE][PASSED] - Test Cases/test case folder 1/tc1 - Copy (11): Test Cases/test case folder 1/tc1 - Copy (11)

07-06-2024T13:48:07 - [TEST_STEP][PASSED] - openBrowser(""): Browser is opened with url: ''

07-06-2024T13:48:07 - [MESSAGE][WARNING] - A browser is already opened. Closing browser and opening a new one

07-06-2024T13:48:08 - [MESSAGE][INFO] - Starting 'Firefox (headless)' driver

07-06-2024T13:48:08 - [MESSAGE][INFO] - Action delay is set to 0 milliseconds

07-06-2024T13:48:10 - [MESSAGE][PASSED] - Browser is opened with url: ''

07-06-2024T13:48:10 - [TEST_STEP][PASSED] - navigateToUrl("https://doodles.google/about/"): Navigate to 'https://doodles.google/about/' successfully

07-06-2024T13:48:12 - [MESSAGE][PASSED] - Navigate to 'https://doodles.google/about/' successfully

07-06-2024T13:48:12 - [TEST_STEP][PASSED] - click(findTestObject("Object Repository/Page_The Story and Evolution of Doodles - G_6e786d/p_The first Doodle was a simple out-of-offi_345e61")): Object: 'Object Repository/Page_The Story and Evolution of Doodles - G_6e786d/p_The first Doodle was a simple out-of-offi_345e61' is clicked on

07-06-2024T13:48:12 - [MESSAGE][PASSED] - Object: 'Object Repository/Page_The Story and Evolution of Doodles - G_6e786d/p_The first Doodle was a simple out-of-offi_345e61' is clicked on

07-06-2024T13:48:12 - [TEST_STEP][PASSED] - click(findTestObject("Object Repository/Page_The Story and Evolution of Doodles - G_6e786d/p_The first Doodle was a simple out-of-offi_345e61")): Object: 'Object Repository/Page_The Story and Evolution of Doodles - G_6e786d/p_The first Doodle was a simple out-of-offi_345e61' is clicked on

07-06-2024T13:48:12 - [MESSAGE][PASSED] - Object: 'Object Repository/Page_The Story and Evolution of Doodles - G_6e786d/p_The first Doodle was a simple out-of-offi_345e61' is clicked on

07-06-2024T13:48:12 - [TEST_STEP][PASSED] - verifyElementVisible(findTestObject("Object Repository/Page_The Story and Evolution of Doodles - G_6e786d/h1_The story behind Doodles")): Object 'Object Repository/Page_The Story and Evolution of Doodles - G_6e786d/h1_The story behind Doodles' is visible

07-06-2024T13:48:12 - [MESSAGE][PASSED] - Object 'Object Repository/Page_The Story and Evolution of Doodles - G_6e786d/h1_The story behind Doodles' is visible

07-06-2024T13:48:12 - [TEST_STEP][PASSED] - verifyElementVisible(findTestObject("Object Repository/Page_The Story and Evolution of Doodles - G_6e786d/p_The first Doodle was a simple out-of-offi_345e61")): Object 'Object Repository/Page_The Story and Evolution of Doodles - G_6e786d/p_The first Doodle was a simple out-of-offi_345e61' is visible

07-06-2024T13:48:13 - [MESSAGE][PASSED] - Object 'Object Repository/Page_The Story and Evolution of Doodles - G_6e786d/p_The first Doodle was a simple out-of-offi_345e61' is visible

07-06-2024T13:48:13 - [TEST_STEP][PASSED] - verifyElementVisible(findTestObject("Object Repository/Page_The Story and Evolution of Doodles - G_6e786d/h2_Weve created more than 5,000 Doodles ove_111429")): Object 'Object Repository/Page_The Story and Evolution of Doodles - G_6e786d/h2_Weve created more than 5,000 Doodles ove_111429' is visible

07-06-2024T13:48:13 - [MESSAGE][PASSED] - Object 'Object Repository/Page_The Story and Evolution of Doodles - G_6e786d/h2_Weve created more than 5,000 Doodles ove_111429' is visible

07-06-2024T13:48:13 - [TEST_STEP][PASSED] - verifyElementVisible(findTestObject("Object Repository/Page_The Story and Evolution of Doodles - G_6e786d/h1_The story behind Doodles")): Object 'Object Repository/Page_The Story and Evolution of Doodles - G_6e786d/h1_The story behind Doodles' is visible

07-06-2024T13:48:13 - [MESSAGE][PASSED] - Object 'Object Repository/Page_The Story and Evolution of Doodles - G_6e786d/h1_The story behind Doodles' is visible

07-06-2024T13:48:13 - [TEST_STEP][PASSED] - verifyElementVisible(findTestObject("Object Repository/Page_The Story and Evolution of Doodles - G_6e786d/p_The first Doodle was a simple out-of-offi_345e61")): Object 'Object Repository/Page_The Story and Evolution of Doodles - G_6e786d/p_The first Doodle was a simple out-of-offi_345e61' is visible

07-06-2024T13:48:13 - [MESSAGE][PASSED] - Object 'Object Repository/Page_The Story and Evolution of Doodles - G_6e786d/p_The first Doodle was a simple out-of-offi_345e61' is visible

07-06-2024T13:48:13 - [TEST_STEP][PASSED] - verifyElementVisible(findTestObject("Object Repository/Page_The Story and Evolution of Doodles - G_6e786d/h2_Weve created more than 5,000 Doodles ove_111429")): Object 'Object Repository/Page_The Story and Evolution of Doodles - G_6e786d/h2_Weve created more than 5,000 Doodles ove_111429' is visible

07-06-2024T13:48:13 - [MESSAGE][PASSED] - Object 'Object Repository/Page_The Story and Evolution of Doodles - G_6e786d/h2_Weve created more than 5,000 Doodles ove_111429' is visible

07-06-2024T13:48:13 - [TEST_STEP][PASSED] - click(findTestObject("Object Repository/Page_The Story and Evolution of Doodles - G_6e786d/p_The first Doodle was a simple out-of-offi_345e61")): Object: 'Object Repository/Page_The Story and Evolution of Doodles - G_6e786d/p_The first Doodle was a simple out-of-offi_345e61' is clicked on

07-06-2024T13:48:13 - [MESSAGE][PASSED] - Object: 'Object Repository/Page_The Story and Evolution of Doodles - G_6e786d/p_The first Doodle was a simple out-of-offi_345e61' is clicked on

07-06-2024T13:48:13 - [TEST_STEP][PASSED] - verifyElementVisible(findTestObject("Object Repository/Page_The Story and Evolution of Doodles - G_6e786d/h1_The story behind Doodles")): Object 'Object Repository/Page_The Story and Evolution of Doodles - G_6e786d/h1_The story behind Doodles' is visible

07-06-2024T13:48:13 - [MESSAGE][PASSED] - Object 'Object Repository/Page_The Story and Evolution of Doodles - G_6e786d/h1_The story behind Doodles' is visible

07-06-2024T13:48:13 - [TEST_STEP][PASSED] - verifyElementVisible(findTestObject("Object Repository/Page_The Story and Evolution of Doodles - G_6e786d/p_The first Doodle was a simple out-of-offi_345e61")): Object 'Object Repository/Page_The Story and Evolution of Doodles - G_6e786d/p_The first Doodle was a simple out-of-offi_345e61' is visible

07-06-2024T13:48:13 - [MESSAGE][PASSED] - Object 'Object Repository/Page_The Story and Evolution of Doodles - G_6e786d/p_The first Doodle was a simple out-of-offi_345e61' is visible

07-06-2024T13:48:13 - [TEST_STEP][PASSED] - verifyElementVisible(findTestObject("Object Repository/Page_The Story and Evolution of Doodles - G_6e786d/h2_Weve created more than 5,000 Doodles ove_111429")): Object 'Object Repository/Page_The Story and Evolution of Doodles - G_6e786d/h2_Weve created more than 5,000 Doodles ove_111429' is visible

07-06-2024T13:48:13 - [MESSAGE][PASSED] - Object 'Object Repository/Page_The Story and Evolution of Doodles - G_6e786d/h2_Weve created more than 5,000 Doodles ove_111429' is visible

07-06-2024T13:48:13 - [TEST_STEP][PASSED] - click(findTestObject("Object Repository/Page_The Story and Evolution of Doodles - G_6e786d/p_The first Doodle was a simple out-of-offi_345e61")): Object: 'Object Repository/Page_The Story and Evolution of Doodles - G_6e786d/p_The first Doodle was a simple out-of-offi_345e61' is clicked on

07-06-2024T13:48:13 - [MESSAGE][PASSED] - Object: 'Object Repository/Page_The Story and Evolution of Doodles - G_6e786d/p_The first Doodle was a simple out-of-offi_345e61' is clicked on

07-06-2024T13:48:13 - [TEST_STEP][PASSED] - verifyElementVisible(findTestObject("Object Repository/Page_The Story and Evolution of Doodles - G_6e786d/h1_The story behind Doodles")): Object 'Object Repository/Page_The Story and Evolution of Doodles - G_6e786d/h1_The story behind Doodles' is visible

07-06-2024T13:48:13 - [MESSAGE][PASSED] - Object 'Object Repository/Page_The Story and Evolution of Doodles - G_6e786d/h1_The story behind Doodles' is visible

07-06-2024T13:48:13 - [TEST_STEP][PASSED] - verifyElementVisible(findTestObject("Object Repository/Page_The Story and Evolution of Doodles - G_6e786d/p_The first Doodle was a simple out-of-offi_345e61")): Object 'Object Repository/Page_The Story and Evolution of Doodles - G_6e786d/p_The first Doodle was a simple out-of-offi_345e61' is visible

07-06-2024T13:48:13 - [MESSAGE][PASSED] - Object 'Object Repository/Page_The Story and Evolution of Doodles - G_6e786d/p_The first Doodle was a simple out-of-offi_345e61' is visible

07-06-2024T13:48:13 - [TEST_STEP][PASSED] - verifyElementVisible(findTestObject("Object Repository/Page_The Story and Evolution of Doodles - G_6e786d/h2_Weve created more than 5,000 Doodles ove_111429")): Object 'Object Repository/Page_The Story and Evolution of Doodles - G_6e786d/h2_Weve created more than 5,000 Doodles ove_111429' is visible

07-06-2024T13:48:13 - [MESSAGE][PASSED] - Object 'Object Repository/Page_The Story and Evolution of Doodles - G_6e786d/h2_Weve created more than 5,000 Doodles ove_111429' is visible

07-06-2024T13:48:13 - [TEST_STEP][PASSED] - click(findTestObject("Object Repository/Page_The Story and Evolution of Doodles - G_6e786d/p_The first Doodle was a simple out-of-offi_345e61")): Object: 'Object Repository/Page_The Story and Evolution of Doodles - G_6e786d/p_The first Doodle was a simple out-of-offi_345e61' is clicked on

07-06-2024T13:48:14 - [MESSAGE][PASSED] - Object: 'Object Repository/Page_The Story and Evolution of Doodles - G_6e786d/p_The first Doodle was a simple out-of-offi_345e61' is clicked on

07-06-2024T13:48:14 - [TEST_STEP][PASSED] - verifyElementVisible(findTestObject("Object Repository/Page_The Story and Evolution of Doodles - G_6e786d/h1_The story behind Doodles")): Object 'Object Repository/Page_The Story and Evolution of Doodles - G_6e786d/h1_The story behind Doodles' is visible

07-06-2024T13:48:14 - [MESSAGE][PASSED] - Object 'Object Repository/Page_The Story and Evolution of Doodles - G_6e786d/h1_The story behind Doodles' is visible

07-06-2024T13:48:14 - [TEST_STEP][PASSED] - verifyElementVisible(findTestObject("Object Repository/Page_The Story and Evolution of Doodles - G_6e786d/p_The first Doodle was a simple out-of-offi_345e61")): Object 'Object Repository/Page_The Story and Evolution of Doodles - G_6e786d/p_The first Doodle was a simple out-of-offi_345e61' is visible

07-06-2024T13:48:14 - [MESSAGE][PASSED] - Object 'Object Repository/Page_The Story and Evolution of Doodles - G_6e786d/p_The first Doodle was a simple out-of-offi_345e61' is visible

07-06-2024T13:48:14 - [TEST_STEP][PASSED] - verifyElementVisible(findTestObject("Object Repository/Page_The Story and Evolution of Doodles - G_6e786d/h2_Weve created more than 5,000 Doodles ove_111429")): Object 'Object Repository/Page_The Story and Evolution of Doodles - G_6e786d/h2_Weve created more than 5,000 Doodles ove_111429' is visible

07-06-2024T13:48:14 - [MESSAGE][PASSED] - Object 'Object Repository/Page_The Story and Evolution of Doodles - G_6e786d/h2_Weve created more than 5,000 Doodles ove_111429' is visible

07-06-2024T13:48:14 - [TEST_STEP][PASSED] - click(findTestObject("Object Repository/Page_The Story and Evolution of Doodles - G_6e786d/p_The first Doodle was a simple out-of-offi_345e61")): Object: 'Object Repository/Page_The Story and Evolution of Doodles - G_6e786d/p_The first Doodle was a simple out-of-offi_345e61' is clicked on

07-06-2024T13:48:14 - [MESSAGE][PASSED] - Object: 'Object Repository/Page_The Story and Evolution of Doodles - G_6e786d/p_The first Doodle was a simple out-of-offi_345e61' is clicked on

07-06-2024T13:48:14 - [TEST_STEP][PASSED] - verifyElementVisible(findTestObject("Object Repository/Page_The Story and Evolution of Doodles - G_6e786d/h1_The story behind Doodles")): Object 'Object Repository/Page_The Story and Evolution of Doodles - G_6e786d/h1_The story behind Doodles' is visible

07-06-2024T13:48:14 - [MESSAGE][PASSED] - Object 'Object Repository/Page_The Story and Evolution of Doodles - G_6e786d/h1_The story behind Doodles' is visible

07-06-2024T13:48:14 - [TEST_STEP][PASSED] - verifyElementVisible(findTestObject("Object Repository/Page_The Story and Evolution of Doodles - G_6e786d/p_The first Doodle was a simple out-of-offi_345e61")): Object 'Object Repository/Page_The Story and Evolution of Doodles - G_6e786d/p_The first Doodle was a simple out-of-offi_345e61' is visible

07-06-2024T13:48:14 - [MESSAGE][PASSED] - Object 'Object Repository/Page_The Story and Evolution of Doodles - G_6e786d/p_The first Doodle was a simple out-of-offi_345e61' is visible

07-06-2024T13:48:14 - [TEST_STEP][PASSED] - verifyElementVisible(findTestObject("Object Repository/Page_The Story and Evolution of Doodles - G_6e786d/h2_Weve created more than 5,000 Doodles ove_111429")): Object 'Object Repository/Page_The Story and Evolution of Doodles - G_6e786d/h2_Weve created more than 5,000 Doodles ove_111429' is visible

07-06-2024T13:48:14 - [MESSAGE][PASSED] - Object 'Object Repository/Page_The Story and Evolution of Doodles - G_6e786d/h2_Weve created more than 5,000 Doodles ove_111429' is visible

07-06-2024T13:48:14 - [TEST_STEP][PASSED] - click(findTestObject("Object Repository/Page_The Story and Evolution of Doodles - G_6e786d/p_The first Doodle was a simple out-of-offi_345e61")): Object: 'Object Repository/Page_The Story and Evolution of Doodles - G_6e786d/p_The first Doodle was a simple out-of-offi_345e61' is clicked on

07-06-2024T13:48:15 - [MESSAGE][PASSED] - Object: 'Object Repository/Page_The Story and Evolution of Doodles - G_6e786d/p_The first Doodle was a simple out-of-offi_345e61' is clicked on

07-06-2024T13:48:15 - [TEST_STEP][PASSED] - verifyElementVisible(findTestObject("Object Repository/Page_The Story and Evolution of Doodles - G_6e786d/h1_The story behind Doodles")): Object 'Object Repository/Page_The Story and Evolution of Doodles - G_6e786d/h1_The story behind Doodles' is visible

07-06-2024T13:48:15 - [MESSAGE][PASSED] - Object 'Object Repository/Page_The Story and Evolution of Doodles - G_6e786d/h1_The story behind Doodles' is visible

07-06-2024T13:48:15 - [TEST_STEP][PASSED] - verifyElementVisible(findTestObject("Object Repository/Page_The Story and Evolution of Doodles - G_6e786d/p_The first Doodle was a simple out-of-offi_345e61")): Object 'Object Repository/Page_The Story and Evolution of Doodles - G_6e786d/p_The first Doodle was a simple out-of-offi_345e61' is visible

07-06-2024T13:48:15 - [MESSAGE][PASSED] - Object 'Object Repository/Page_The Story and Evolution of Doodles - G_6e786d/p_The first Doodle was a simple out-of-offi_345e61' is visible

07-06-2024T13:48:15 - [TEST_STEP][PASSED] - verifyElementVisible(findTestObject("Object Repository/Page_The Story and Evolution of Doodles - G_6e786d/h2_Weve created more than 5,000 Doodles ove_111429")): Object 'Object Repository/Page_The Story and Evolution of Doodles - G_6e786d/h2_Weve created more than 5,000 Doodles ove_111429' is visible

07-06-2024T13:48:15 - [MESSAGE][PASSED] - Object 'Object Repository/Page_The Story and Evolution of Doodles - G_6e786d/h2_Weve created more than 5,000 Doodles ove_111429' is visible

07-06-2024T13:48:15 - [TEST_STEP][PASSED] - click(findTestObject("Object Repository/Page_The Story and Evolution of Doodles - G_6e786d/p_The first Doodle was a simple out-of-offi_345e61")): Object: 'Object Repository/Page_The Story and Evolution of Doodles - G_6e786d/p_The first Doodle was a simple out-of-offi_345e61' is clicked on

07-06-2024T13:48:15 - [MESSAGE][PASSED] - Object: 'Object Repository/Page_The Story and Evolution of Doodles - G_6e786d/p_The first Doodle was a simple out-of-offi_345e61' is clicked on

07-06-2024T13:48:15 - [TEST_STEP][PASSED] - verifyElementVisible(findTestObject("Object Repository/Page_The Story and Evolution of Doodles - G_6e786d/h1_The story behind Doodles")): Object 'Object Repository/Page_The Story and Evolution of Doodles - G_6e786d/h1_The story behind Doodles' is visible

07-06-2024T13:48:15 - [MESSAGE][PASSED] - Object 'Object Repository/Page_The Story and Evolution of Doodles - G_6e786d/h1_The story behind Doodles' is visible

07-06-2024T13:48:15 - [TEST_STEP][PASSED] - verifyElementVisible(findTestObject("Object Repository/Page_The Story and Evolution of Doodles - G_6e786d/p_The first Doodle was a simple out-of-offi_345e61")): Object 'Object Repository/Page_The Story and Evolution of Doodles - G_6e786d/p_The first Doodle was a simple out-of-offi_345e61' is visible

07-06-2024T13:48:15 - [MESSAGE][PASSED] - Object 'Object Repository/Page_The Story and Evolution of Doodles - G_6e786d/p_The first Doodle was a simple out-of-offi_345e61' is visible

07-06-2024T13:48:15 - [TEST_STEP][PASSED] - verifyElementVisible(findTestObject("Object Repository/Page_The Story and Evolution of Doodles - G_6e786d/h2_Weve created more than 5,000 Doodles ove_111429")): Object 'Object Repository/Page_The Story and Evolution of Doodles - G_6e786d/h2_Weve created more than 5,000 Doodles ove_111429' is visible

07-06-2024T13:48:15 - [MESSAGE][PASSED] - Object 'Object Repository/Page_The Story and Evolution of Doodles - G_6e786d/h2_Weve created more than 5,000 Doodles ove_111429' is visible

07-06-2024T13:48:15 - [TEST_STEP][PASSED] - click(findTestObject("Object Repository/Page_The Story and Evolution of Doodles - G_6e786d/p_The first Doodle was a simple out-of-offi_345e61")): Object: 'Object Repository/Page_The Story and Evolution of Doodles - G_6e786d/p_The first Doodle was a simple out-of-offi_345e61' is clicked on

07-06-2024T13:48:15 - [MESSAGE][PASSED] - Object: 'Object Repository/Page_The Story and Evolution of Doodles - G_6e786d/p_The first Doodle was a simple out-of-offi_345e61' is clicked on

07-06-2024T13:48:15 - [TEST_STEP][PASSED] - verifyElementVisible(findTestObject("Object Repository/Page_The Story and Evolution of Doodles - G_6e786d/h1_The story behind Doodles")): Object 'Object Repository/Page_The Story and Evolution of Doodles - G_6e786d/h1_The story behind Doodles' is visible

07-06-2024T13:48:15 - [MESSAGE][PASSED] - Object 'Object Repository/Page_The Story and Evolution of Doodles - G_6e786d/h1_The story behind Doodles' is visible

07-06-2024T13:48:15 - [TEST_STEP][PASSED] - verifyElementVisible(findTestObject("Object Repository/Page_The Story and Evolution of Doodles - G_6e786d/p_The first Doodle was a simple out-of-offi_345e61")): Object 'Object Repository/Page_The Story and Evolution of Doodles - G_6e786d/p_The first Doodle was a simple out-of-offi_345e61' is visible

07-06-2024T13:48:15 - [MESSAGE][PASSED] - Object 'Object Repository/Page_The Story and Evolution of Doodles - G_6e786d/p_The first Doodle was a simple out-of-offi_345e61' is visible

07-06-2024T13:48:15 - [TEST_STEP][PASSED] - verifyElementVisible(findTestObject("Object Repository/Page_The Story and Evolution of Doodles - G_6e786d/h2_Weve created more than 5,000 Doodles ove_111429")): Object 'Object Repository/Page_The Story and Evolution of Doodles - G_6e786d/h2_Weve created more than 5,000 Doodles ove_111429' is visible

07-06-2024T13:48:15 - [MESSAGE][PASSED] - Object 'Object Repository/Page_The Story and Evolution of Doodles - G_6e786d/h2_Weve created more than 5,000 Doodles ove_111429' is visible

07-06-2024T13:48:15 - [TEST_STEP][PASSED] - click(findTestObject("Object Repository/Page_The Story and Evolution of Doodles - G_6e786d/p_The first Doodle was a simple out-of-offi_345e61")): Object: 'Object Repository/Page_The Story and Evolution of Doodles - G_6e786d/p_The first Doodle was a simple out-of-offi_345e61' is clicked on

07-06-2024T13:48:16 - [MESSAGE][PASSED] - Object: 'Object Repository/Page_The Story and Evolution of Doodles - G_6e786d/p_The first Doodle was a simple out-of-offi_345e61' is clicked on

07-06-2024T13:48:16 - [TEST_STEP][PASSED] - verifyElementVisible(findTestObject("Object Repository/Page_The Story and Evolution of Doodles - G_6e786d/h1_The story behind Doodles")): Object 'Object Repository/Page_The Story and Evolution of Doodles - G_6e786d/h1_The story behind Doodles' is visible

07-06-2024T13:48:16 - [MESSAGE][PASSED] - Object 'Object Repository/Page_The Story and Evolution of Doodles - G_6e786d/h1_The story behind Doodles' is visible

07-06-2024T13:48:16 - [TEST_STEP][PASSED] - verifyElementVisible(findTestObject("Object Repository/Page_The Story and Evolution of Doodles - G_6e786d/p_The first Doodle was a simple out-of-offi_345e61")): Object 'Object Repository/Page_The Story and Evolution of Doodles - G_6e786d/p_The first Doodle was a simple out-of-offi_345e61' is visible

07-06-2024T13:48:16 - [MESSAGE][PASSED] - Object 'Object Repository/Page_The Story and Evolution of Doodles - G_6e786d/p_The first Doodle was a simple out-of-offi_345e61' is visible

07-06-2024T13:48:16 - [TEST_STEP][PASSED] - verifyElementVisible(findTestObject("Object Repository/Page_The Story and Evolution of Doodles - G_6e786d/h2_Weve created more than 5,000 Doodles ove_111429")): Object 'Object Repository/Page_The Story and Evolution of Doodles - G_6e786d/h2_Weve created more than 5,000 Doodles ove_111429' is visible

07-06-2024T13:48:16 - [MESSAGE][PASSED] - Object 'Object Repository/Page_The Story and Evolution of Doodles - G_6e786d/h2_Weve created more than 5,000 Doodles ove_111429' is visible

07-06-2024T13:48:16 - [TEST_STEP][PASSED] - click(findTestObject("Object Repository/Page_The Story and Evolution of Doodles - G_6e786d/p_The first Doodle was a simple out-of-offi_345e61")): Object: 'Object Repository/Page_The Story and Evolution of Doodles - G_6e786d/p_The first Doodle was a simple out-of-offi_345e61' is clicked on

07-06-2024T13:48:16 - [MESSAGE][PASSED] - Object: 'Object Repository/Page_The Story and Evolution of Doodles - G_6e786d/p_The first Doodle was a simple out-of-offi_345e61' is clicked on

07-06-2024T13:48:16 - [TEST_STEP][PASSED] - verifyElementVisible(findTestObject("Object Repository/Page_The Story and Evolution of Doodles - G_6e786d/h1_The story behind Doodles")): Object 'Object Repository/Page_The Story and Evolution of Doodles - G_6e786d/h1_The story behind Doodles' is visible

07-06-2024T13:48:16 - [MESSAGE][PASSED] - Object 'Object Repository/Page_The Story and Evolution of Doodles - G_6e786d/h1_The story behind Doodles' is visible

07-06-2024T13:48:16 - [TEST_STEP][PASSED] - verifyElementVisible(findTestObject("Object Repository/Page_The Story and Evolution of Doodles - G_6e786d/p_The first Doodle was a simple out-of-offi_345e61")): Object 'Object Repository/Page_The Story and Evolution of Doodles - G_6e786d/p_The first Doodle was a simple out-of-offi_345e61' is visible

07-06-2024T13:48:16 - [MESSAGE][PASSED] - Object 'Object Repository/Page_The Story and Evolution of Doodles - G_6e786d/p_The first Doodle was a simple out-of-offi_345e61' is visible

07-06-2024T13:48:16 - [TEST_STEP][PASSED] - verifyElementVisible(findTestObject("Object Repository/Page_The Story and Evolution of Doodles - G_6e786d/h2_Weve created more than 5,000 Doodles ove_111429")): Object 'Object Repository/Page_The Story and Evolution of Doodles - G_6e786d/h2_Weve created more than 5,000 Doodles ove_111429' is visible

07-06-2024T13:48:16 - [MESSAGE][PASSED] - Object 'Object Repository/Page_The Story and Evolution of Doodles - G_6e786d/h2_Weve created more than 5,000 Doodles ove_111429' is visible]]></system-out>
         <system-err><![CDATA[]]></system-err>
      </testcase>
      <testcase name="Test Cases/test case folder 1/tc1 - Copy (12)" time="9.302" classname="Test Cases/test case folder 1/tc1 - Copy (12)" status="PASSED">
         <system-out><![CDATA[07-06-2024T13:48:16 - [TEST_CASE][PASSED] - Test Cases/test case folder 1/tc1 - Copy (12): Test Cases/test case folder 1/tc1 - Copy (12)

07-06-2024T13:48:16 - [TEST_STEP][PASSED] - openBrowser(""): Browser is opened with url: ''

07-06-2024T13:48:16 - [MESSAGE][WARNING] - A browser is already opened. Closing browser and opening a new one

07-06-2024T13:48:17 - [MESSAGE][INFO] - Starting 'Firefox (headless)' driver

07-06-2024T13:48:17 - [MESSAGE][INFO] - Action delay is set to 0 milliseconds

07-06-2024T13:48:19 - [MESSAGE][PASSED] - Browser is opened with url: ''

07-06-2024T13:48:19 - [TEST_STEP][PASSED] - navigateToUrl("https://doodles.google/about/"): Navigate to 'https://doodles.google/about/' successfully

07-06-2024T13:48:21 - [MESSAGE][PASSED] - Navigate to 'https://doodles.google/about/' successfully

07-06-2024T13:48:21 - [TEST_STEP][PASSED] - click(findTestObject("Object Repository/Page_The Story and Evolution of Doodles - G_6e786d/p_The first Doodle was a simple out-of-offi_345e61")): Object: 'Object Repository/Page_The Story and Evolution of Doodles - G_6e786d/p_The first Doodle was a simple out-of-offi_345e61' is clicked on

07-06-2024T13:48:21 - [MESSAGE][PASSED] - Object: 'Object Repository/Page_The Story and Evolution of Doodles - G_6e786d/p_The first Doodle was a simple out-of-offi_345e61' is clicked on

07-06-2024T13:48:21 - [TEST_STEP][PASSED] - click(findTestObject("Object Repository/Page_The Story and Evolution of Doodles - G_6e786d/p_The first Doodle was a simple out-of-offi_345e61")): Object: 'Object Repository/Page_The Story and Evolution of Doodles - G_6e786d/p_The first Doodle was a simple out-of-offi_345e61' is clicked on

07-06-2024T13:48:22 - [MESSAGE][PASSED] - Object: 'Object Repository/Page_The Story and Evolution of Doodles - G_6e786d/p_The first Doodle was a simple out-of-offi_345e61' is clicked on

07-06-2024T13:48:22 - [TEST_STEP][PASSED] - verifyElementVisible(findTestObject("Object Repository/Page_The Story and Evolution of Doodles - G_6e786d/h1_The story behind Doodles")): Object 'Object Repository/Page_The Story and Evolution of Doodles - G_6e786d/h1_The story behind Doodles' is visible

07-06-2024T13:48:22 - [MESSAGE][PASSED] - Object 'Object Repository/Page_The Story and Evolution of Doodles - G_6e786d/h1_The story behind Doodles' is visible

07-06-2024T13:48:22 - [TEST_STEP][PASSED] - verifyElementVisible(findTestObject("Object Repository/Page_The Story and Evolution of Doodles - G_6e786d/p_The first Doodle was a simple out-of-offi_345e61")): Object 'Object Repository/Page_The Story and Evolution of Doodles - G_6e786d/p_The first Doodle was a simple out-of-offi_345e61' is visible

07-06-2024T13:48:22 - [MESSAGE][PASSED] - Object 'Object Repository/Page_The Story and Evolution of Doodles - G_6e786d/p_The first Doodle was a simple out-of-offi_345e61' is visible

07-06-2024T13:48:22 - [TEST_STEP][PASSED] - verifyElementVisible(findTestObject("Object Repository/Page_The Story and Evolution of Doodles - G_6e786d/h2_Weve created more than 5,000 Doodles ove_111429")): Object 'Object Repository/Page_The Story and Evolution of Doodles - G_6e786d/h2_Weve created more than 5,000 Doodles ove_111429' is visible

07-06-2024T13:48:22 - [MESSAGE][PASSED] - Object 'Object Repository/Page_The Story and Evolution of Doodles - G_6e786d/h2_Weve created more than 5,000 Doodles ove_111429' is visible

07-06-2024T13:48:22 - [TEST_STEP][PASSED] - verifyElementVisible(findTestObject("Object Repository/Page_The Story and Evolution of Doodles - G_6e786d/h1_The story behind Doodles")): Object 'Object Repository/Page_The Story and Evolution of Doodles - G_6e786d/h1_The story behind Doodles' is visible

07-06-2024T13:48:22 - [MESSAGE][PASSED] - Object 'Object Repository/Page_The Story and Evolution of Doodles - G_6e786d/h1_The story behind Doodles' is visible

07-06-2024T13:48:22 - [TEST_STEP][PASSED] - verifyElementVisible(findTestObject("Object Repository/Page_The Story and Evolution of Doodles - G_6e786d/p_The first Doodle was a simple out-of-offi_345e61")): Object 'Object Repository/Page_The Story and Evolution of Doodles - G_6e786d/p_The first Doodle was a simple out-of-offi_345e61' is visible

07-06-2024T13:48:22 - [MESSAGE][PASSED] - Object 'Object Repository/Page_The Story and Evolution of Doodles - G_6e786d/p_The first Doodle was a simple out-of-offi_345e61' is visible

07-06-2024T13:48:22 - [TEST_STEP][PASSED] - verifyElementVisible(findTestObject("Object Repository/Page_The Story and Evolution of Doodles - G_6e786d/h2_Weve created more than 5,000 Doodles ove_111429")): Object 'Object Repository/Page_The Story and Evolution of Doodles - G_6e786d/h2_Weve created more than 5,000 Doodles ove_111429' is visible

07-06-2024T13:48:22 - [MESSAGE][PASSED] - Object 'Object Repository/Page_The Story and Evolution of Doodles - G_6e786d/h2_Weve created more than 5,000 Doodles ove_111429' is visible

07-06-2024T13:48:22 - [TEST_STEP][PASSED] - click(findTestObject("Object Repository/Page_The Story and Evolution of Doodles - G_6e786d/p_The first Doodle was a simple out-of-offi_345e61")): Object: 'Object Repository/Page_The Story and Evolution of Doodles - G_6e786d/p_The first Doodle was a simple out-of-offi_345e61' is clicked on

07-06-2024T13:48:22 - [MESSAGE][PASSED] - Object: 'Object Repository/Page_The Story and Evolution of Doodles - G_6e786d/p_The first Doodle was a simple out-of-offi_345e61' is clicked on

07-06-2024T13:48:22 - [TEST_STEP][PASSED] - verifyElementVisible(findTestObject("Object Repository/Page_The Story and Evolution of Doodles - G_6e786d/h1_The story behind Doodles")): Object 'Object Repository/Page_The Story and Evolution of Doodles - G_6e786d/h1_The story behind Doodles' is visible

07-06-2024T13:48:22 - [MESSAGE][PASSED] - Object 'Object Repository/Page_The Story and Evolution of Doodles - G_6e786d/h1_The story behind Doodles' is visible

07-06-2024T13:48:22 - [TEST_STEP][PASSED] - verifyElementVisible(findTestObject("Object Repository/Page_The Story and Evolution of Doodles - G_6e786d/p_The first Doodle was a simple out-of-offi_345e61")): Object 'Object Repository/Page_The Story and Evolution of Doodles - G_6e786d/p_The first Doodle was a simple out-of-offi_345e61' is visible

07-06-2024T13:48:22 - [MESSAGE][PASSED] - Object 'Object Repository/Page_The Story and Evolution of Doodles - G_6e786d/p_The first Doodle was a simple out-of-offi_345e61' is visible

07-06-2024T13:48:22 - [TEST_STEP][PASSED] - verifyElementVisible(findTestObject("Object Repository/Page_The Story and Evolution of Doodles - G_6e786d/h2_Weve created more than 5,000 Doodles ove_111429")): Object 'Object Repository/Page_The Story and Evolution of Doodles - G_6e786d/h2_Weve created more than 5,000 Doodles ove_111429' is visible

07-06-2024T13:48:22 - [MESSAGE][PASSED] - Object 'Object Repository/Page_The Story and Evolution of Doodles - G_6e786d/h2_Weve created more than 5,000 Doodles ove_111429' is visible

07-06-2024T13:48:22 - [TEST_STEP][PASSED] - click(findTestObject("Object Repository/Page_The Story and Evolution of Doodles - G_6e786d/p_The first Doodle was a simple out-of-offi_345e61")): Object: 'Object Repository/Page_The Story and Evolution of Doodles - G_6e786d/p_The first Doodle was a simple out-of-offi_345e61' is clicked on

07-06-2024T13:48:22 - [MESSAGE][PASSED] - Object: 'Object Repository/Page_The Story and Evolution of Doodles - G_6e786d/p_The first Doodle was a simple out-of-offi_345e61' is clicked on

07-06-2024T13:48:22 - [TEST_STEP][PASSED] - verifyElementVisible(findTestObject("Object Repository/Page_The Story and Evolution of Doodles - G_6e786d/h1_The story behind Doodles")): Object 'Object Repository/Page_The Story and Evolution of Doodles - G_6e786d/h1_The story behind Doodles' is visible

07-06-2024T13:48:23 - [MESSAGE][PASSED] - Object 'Object Repository/Page_The Story and Evolution of Doodles - G_6e786d/h1_The story behind Doodles' is visible

07-06-2024T13:48:23 - [TEST_STEP][PASSED] - verifyElementVisible(findTestObject("Object Repository/Page_The Story and Evolution of Doodles - G_6e786d/p_The first Doodle was a simple out-of-offi_345e61")): Object 'Object Repository/Page_The Story and Evolution of Doodles - G_6e786d/p_The first Doodle was a simple out-of-offi_345e61' is visible

07-06-2024T13:48:23 - [MESSAGE][PASSED] - Object 'Object Repository/Page_The Story and Evolution of Doodles - G_6e786d/p_The first Doodle was a simple out-of-offi_345e61' is visible

07-06-2024T13:48:23 - [TEST_STEP][PASSED] - verifyElementVisible(findTestObject("Object Repository/Page_The Story and Evolution of Doodles - G_6e786d/h2_Weve created more than 5,000 Doodles ove_111429")): Object 'Object Repository/Page_The Story and Evolution of Doodles - G_6e786d/h2_Weve created more than 5,000 Doodles ove_111429' is visible

07-06-2024T13:48:23 - [MESSAGE][PASSED] - Object 'Object Repository/Page_The Story and Evolution of Doodles - G_6e786d/h2_Weve created more than 5,000 Doodles ove_111429' is visible

07-06-2024T13:48:23 - [TEST_STEP][PASSED] - click(findTestObject("Object Repository/Page_The Story and Evolution of Doodles - G_6e786d/p_The first Doodle was a simple out-of-offi_345e61")): Object: 'Object Repository/Page_The Story and Evolution of Doodles - G_6e786d/p_The first Doodle was a simple out-of-offi_345e61' is clicked on

07-06-2024T13:48:23 - [MESSAGE][PASSED] - Object: 'Object Repository/Page_The Story and Evolution of Doodles - G_6e786d/p_The first Doodle was a simple out-of-offi_345e61' is clicked on

07-06-2024T13:48:23 - [TEST_STEP][PASSED] - verifyElementVisible(findTestObject("Object Repository/Page_The Story and Evolution of Doodles - G_6e786d/h1_The story behind Doodles")): Object 'Object Repository/Page_The Story and Evolution of Doodles - G_6e786d/h1_The story behind Doodles' is visible

07-06-2024T13:48:23 - [MESSAGE][PASSED] - Object 'Object Repository/Page_The Story and Evolution of Doodles - G_6e786d/h1_The story behind Doodles' is visible

07-06-2024T13:48:23 - [TEST_STEP][PASSED] - verifyElementVisible(findTestObject("Object Repository/Page_The Story and Evolution of Doodles - G_6e786d/p_The first Doodle was a simple out-of-offi_345e61")): Object 'Object Repository/Page_The Story and Evolution of Doodles - G_6e786d/p_The first Doodle was a simple out-of-offi_345e61' is visible

07-06-2024T13:48:23 - [MESSAGE][PASSED] - Object 'Object Repository/Page_The Story and Evolution of Doodles - G_6e786d/p_The first Doodle was a simple out-of-offi_345e61' is visible

07-06-2024T13:48:23 - [TEST_STEP][PASSED] - verifyElementVisible(findTestObject("Object Repository/Page_The Story and Evolution of Doodles - G_6e786d/h2_Weve created more than 5,000 Doodles ove_111429")): Object 'Object Repository/Page_The Story and Evolution of Doodles - G_6e786d/h2_Weve created more than 5,000 Doodles ove_111429' is visible

07-06-2024T13:48:23 - [MESSAGE][PASSED] - Object 'Object Repository/Page_The Story and Evolution of Doodles - G_6e786d/h2_Weve created more than 5,000 Doodles ove_111429' is visible

07-06-2024T13:48:23 - [TEST_STEP][PASSED] - click(findTestObject("Object Repository/Page_The Story and Evolution of Doodles - G_6e786d/p_The first Doodle was a simple out-of-offi_345e61")): Object: 'Object Repository/Page_The Story and Evolution of Doodles - G_6e786d/p_The first Doodle was a simple out-of-offi_345e61' is clicked on

07-06-2024T13:48:23 - [MESSAGE][PASSED] - Object: 'Object Repository/Page_The Story and Evolution of Doodles - G_6e786d/p_The first Doodle was a simple out-of-offi_345e61' is clicked on

07-06-2024T13:48:23 - [TEST_STEP][PASSED] - verifyElementVisible(findTestObject("Object Repository/Page_The Story and Evolution of Doodles - G_6e786d/h1_The story behind Doodles")): Object 'Object Repository/Page_The Story and Evolution of Doodles - G_6e786d/h1_The story behind Doodles' is visible

07-06-2024T13:48:23 - [MESSAGE][PASSED] - Object 'Object Repository/Page_The Story and Evolution of Doodles - G_6e786d/h1_The story behind Doodles' is visible

07-06-2024T13:48:23 - [TEST_STEP][PASSED] - verifyElementVisible(findTestObject("Object Repository/Page_The Story and Evolution of Doodles - G_6e786d/p_The first Doodle was a simple out-of-offi_345e61")): Object 'Object Repository/Page_The Story and Evolution of Doodles - G_6e786d/p_The first Doodle was a simple out-of-offi_345e61' is visible

07-06-2024T13:48:23 - [MESSAGE][PASSED] - Object 'Object Repository/Page_The Story and Evolution of Doodles - G_6e786d/p_The first Doodle was a simple out-of-offi_345e61' is visible

07-06-2024T13:48:23 - [TEST_STEP][PASSED] - verifyElementVisible(findTestObject("Object Repository/Page_The Story and Evolution of Doodles - G_6e786d/h2_Weve created more than 5,000 Doodles ove_111429")): Object 'Object Repository/Page_The Story and Evolution of Doodles - G_6e786d/h2_Weve created more than 5,000 Doodles ove_111429' is visible

07-06-2024T13:48:23 - [MESSAGE][PASSED] - Object 'Object Repository/Page_The Story and Evolution of Doodles - G_6e786d/h2_Weve created more than 5,000 Doodles ove_111429' is visible

07-06-2024T13:48:23 - [TEST_STEP][PASSED] - click(findTestObject("Object Repository/Page_The Story and Evolution of Doodles - G_6e786d/p_The first Doodle was a simple out-of-offi_345e61")): Object: 'Object Repository/Page_The Story and Evolution of Doodles - G_6e786d/p_The first Doodle was a simple out-of-offi_345e61' is clicked on

07-06-2024T13:48:24 - [MESSAGE][PASSED] - Object: 'Object Repository/Page_The Story and Evolution of Doodles - G_6e786d/p_The first Doodle was a simple out-of-offi_345e61' is clicked on

07-06-2024T13:48:24 - [TEST_STEP][PASSED] - verifyElementVisible(findTestObject("Object Repository/Page_The Story and Evolution of Doodles - G_6e786d/h1_The story behind Doodles")): Object 'Object Repository/Page_The Story and Evolution of Doodles - G_6e786d/h1_The story behind Doodles' is visible

07-06-2024T13:48:24 - [MESSAGE][PASSED] - Object 'Object Repository/Page_The Story and Evolution of Doodles - G_6e786d/h1_The story behind Doodles' is visible

07-06-2024T13:48:24 - [TEST_STEP][PASSED] - verifyElementVisible(findTestObject("Object Repository/Page_The Story and Evolution of Doodles - G_6e786d/p_The first Doodle was a simple out-of-offi_345e61")): Object 'Object Repository/Page_The Story and Evolution of Doodles - G_6e786d/p_The first Doodle was a simple out-of-offi_345e61' is visible

07-06-2024T13:48:24 - [MESSAGE][PASSED] - Object 'Object Repository/Page_The Story and Evolution of Doodles - G_6e786d/p_The first Doodle was a simple out-of-offi_345e61' is visible

07-06-2024T13:48:24 - [TEST_STEP][PASSED] - verifyElementVisible(findTestObject("Object Repository/Page_The Story and Evolution of Doodles - G_6e786d/h2_Weve created more than 5,000 Doodles ove_111429")): Object 'Object Repository/Page_The Story and Evolution of Doodles - G_6e786d/h2_Weve created more than 5,000 Doodles ove_111429' is visible

07-06-2024T13:48:24 - [MESSAGE][PASSED] - Object 'Object Repository/Page_The Story and Evolution of Doodles - G_6e786d/h2_Weve created more than 5,000 Doodles ove_111429' is visible

07-06-2024T13:48:24 - [TEST_STEP][PASSED] - click(findTestObject("Object Repository/Page_The Story and Evolution of Doodles - G_6e786d/p_The first Doodle was a simple out-of-offi_345e61")): Object: 'Object Repository/Page_The Story and Evolution of Doodles - G_6e786d/p_The first Doodle was a simple out-of-offi_345e61' is clicked on

07-06-2024T13:48:24 - [MESSAGE][PASSED] - Object: 'Object Repository/Page_The Story and Evolution of Doodles - G_6e786d/p_The first Doodle was a simple out-of-offi_345e61' is clicked on

07-06-2024T13:48:24 - [TEST_STEP][PASSED] - verifyElementVisible(findTestObject("Object Repository/Page_The Story and Evolution of Doodles - G_6e786d/h1_The story behind Doodles")): Object 'Object Repository/Page_The Story and Evolution of Doodles - G_6e786d/h1_The story behind Doodles' is visible

07-06-2024T13:48:24 - [MESSAGE][PASSED] - Object 'Object Repository/Page_The Story and Evolution of Doodles - G_6e786d/h1_The story behind Doodles' is visible

07-06-2024T13:48:24 - [TEST_STEP][PASSED] - verifyElementVisible(findTestObject("Object Repository/Page_The Story and Evolution of Doodles - G_6e786d/p_The first Doodle was a simple out-of-offi_345e61")): Object 'Object Repository/Page_The Story and Evolution of Doodles - G_6e786d/p_The first Doodle was a simple out-of-offi_345e61' is visible

07-06-2024T13:48:24 - [MESSAGE][PASSED] - Object 'Object Repository/Page_The Story and Evolution of Doodles - G_6e786d/p_The first Doodle was a simple out-of-offi_345e61' is visible

07-06-2024T13:48:24 - [TEST_STEP][PASSED] - verifyElementVisible(findTestObject("Object Repository/Page_The Story and Evolution of Doodles - G_6e786d/h2_Weve created more than 5,000 Doodles ove_111429")): Object 'Object Repository/Page_The Story and Evolution of Doodles - G_6e786d/h2_Weve created more than 5,000 Doodles ove_111429' is visible

07-06-2024T13:48:24 - [MESSAGE][PASSED] - Object 'Object Repository/Page_The Story and Evolution of Doodles - G_6e786d/h2_Weve created more than 5,000 Doodles ove_111429' is visible

07-06-2024T13:48:24 - [TEST_STEP][PASSED] - click(findTestObject("Object Repository/Page_The Story and Evolution of Doodles - G_6e786d/p_The first Doodle was a simple out-of-offi_345e61")): Object: 'Object Repository/Page_The Story and Evolution of Doodles - G_6e786d/p_The first Doodle was a simple out-of-offi_345e61' is clicked on

07-06-2024T13:48:25 - [MESSAGE][PASSED] - Object: 'Object Repository/Page_The Story and Evolution of Doodles - G_6e786d/p_The first Doodle was a simple out-of-offi_345e61' is clicked on

07-06-2024T13:48:25 - [TEST_STEP][PASSED] - verifyElementVisible(findTestObject("Object Repository/Page_The Story and Evolution of Doodles - G_6e786d/h1_The story behind Doodles")): Object 'Object Repository/Page_The Story and Evolution of Doodles - G_6e786d/h1_The story behind Doodles' is visible

07-06-2024T13:48:25 - [MESSAGE][PASSED] - Object 'Object Repository/Page_The Story and Evolution of Doodles - G_6e786d/h1_The story behind Doodles' is visible

07-06-2024T13:48:25 - [TEST_STEP][PASSED] - verifyElementVisible(findTestObject("Object Repository/Page_The Story and Evolution of Doodles - G_6e786d/p_The first Doodle was a simple out-of-offi_345e61")): Object 'Object Repository/Page_The Story and Evolution of Doodles - G_6e786d/p_The first Doodle was a simple out-of-offi_345e61' is visible

07-06-2024T13:48:25 - [MESSAGE][PASSED] - Object 'Object Repository/Page_The Story and Evolution of Doodles - G_6e786d/p_The first Doodle was a simple out-of-offi_345e61' is visible

07-06-2024T13:48:25 - [TEST_STEP][PASSED] - verifyElementVisible(findTestObject("Object Repository/Page_The Story and Evolution of Doodles - G_6e786d/h2_Weve created more than 5,000 Doodles ove_111429")): Object 'Object Repository/Page_The Story and Evolution of Doodles - G_6e786d/h2_Weve created more than 5,000 Doodles ove_111429' is visible

07-06-2024T13:48:25 - [MESSAGE][PASSED] - Object 'Object Repository/Page_The Story and Evolution of Doodles - G_6e786d/h2_Weve created more than 5,000 Doodles ove_111429' is visible

07-06-2024T13:48:25 - [TEST_STEP][PASSED] - click(findTestObject("Object Repository/Page_The Story and Evolution of Doodles - G_6e786d/p_The first Doodle was a simple out-of-offi_345e61")): Object: 'Object Repository/Page_The Story and Evolution of Doodles - G_6e786d/p_The first Doodle was a simple out-of-offi_345e61' is clicked on

07-06-2024T13:48:25 - [MESSAGE][PASSED] - Object: 'Object Repository/Page_The Story and Evolution of Doodles - G_6e786d/p_The first Doodle was a simple out-of-offi_345e61' is clicked on

07-06-2024T13:48:25 - [TEST_STEP][PASSED] - verifyElementVisible(findTestObject("Object Repository/Page_The Story and Evolution of Doodles - G_6e786d/h1_The story behind Doodles")): Object 'Object Repository/Page_The Story and Evolution of Doodles - G_6e786d/h1_The story behind Doodles' is visible

07-06-2024T13:48:25 - [MESSAGE][PASSED] - Object 'Object Repository/Page_The Story and Evolution of Doodles - G_6e786d/h1_The story behind Doodles' is visible

07-06-2024T13:48:25 - [TEST_STEP][PASSED] - verifyElementVisible(findTestObject("Object Repository/Page_The Story and Evolution of Doodles - G_6e786d/p_The first Doodle was a simple out-of-offi_345e61")): Object 'Object Repository/Page_The Story and Evolution of Doodles - G_6e786d/p_The first Doodle was a simple out-of-offi_345e61' is visible

07-06-2024T13:48:25 - [MESSAGE][PASSED] - Object 'Object Repository/Page_The Story and Evolution of Doodles - G_6e786d/p_The first Doodle was a simple out-of-offi_345e61' is visible

07-06-2024T13:48:25 - [TEST_STEP][PASSED] - verifyElementVisible(findTestObject("Object Repository/Page_The Story and Evolution of Doodles - G_6e786d/h2_Weve created more than 5,000 Doodles ove_111429")): Object 'Object Repository/Page_The Story and Evolution of Doodles - G_6e786d/h2_Weve created more than 5,000 Doodles ove_111429' is visible

07-06-2024T13:48:25 - [MESSAGE][PASSED] - Object 'Object Repository/Page_The Story and Evolution of Doodles - G_6e786d/h2_Weve created more than 5,000 Doodles ove_111429' is visible

07-06-2024T13:48:25 - [TEST_STEP][PASSED] - click(findTestObject("Object Repository/Page_The Story and Evolution of Doodles - G_6e786d/p_The first Doodle was a simple out-of-offi_345e61")): Object: 'Object Repository/Page_The Story and Evolution of Doodles - G_6e786d/p_The first Doodle was a simple out-of-offi_345e61' is clicked on

07-06-2024T13:48:25 - [MESSAGE][PASSED] - Object: 'Object Repository/Page_The Story and Evolution of Doodles - G_6e786d/p_The first Doodle was a simple out-of-offi_345e61' is clicked on

07-06-2024T13:48:25 - [TEST_STEP][PASSED] - verifyElementVisible(findTestObject("Object Repository/Page_The Story and Evolution of Doodles - G_6e786d/h1_The story behind Doodles")): Object 'Object Repository/Page_The Story and Evolution of Doodles - G_6e786d/h1_The story behind Doodles' is visible

07-06-2024T13:48:26 - [MESSAGE][PASSED] - Object 'Object Repository/Page_The Story and Evolution of Doodles - G_6e786d/h1_The story behind Doodles' is visible

07-06-2024T13:48:26 - [TEST_STEP][PASSED] - verifyElementVisible(findTestObject("Object Repository/Page_The Story and Evolution of Doodles - G_6e786d/p_The first Doodle was a simple out-of-offi_345e61")): Object 'Object Repository/Page_The Story and Evolution of Doodles - G_6e786d/p_The first Doodle was a simple out-of-offi_345e61' is visible

07-06-2024T13:48:26 - [MESSAGE][PASSED] - Object 'Object Repository/Page_The Story and Evolution of Doodles - G_6e786d/p_The first Doodle was a simple out-of-offi_345e61' is visible

07-06-2024T13:48:26 - [TEST_STEP][PASSED] - verifyElementVisible(findTestObject("Object Repository/Page_The Story and Evolution of Doodles - G_6e786d/h2_Weve created more than 5,000 Doodles ove_111429")): Object 'Object Repository/Page_The Story and Evolution of Doodles - G_6e786d/h2_Weve created more than 5,000 Doodles ove_111429' is visible

07-06-2024T13:48:26 - [MESSAGE][PASSED] - Object 'Object Repository/Page_The Story and Evolution of Doodles - G_6e786d/h2_Weve created more than 5,000 Doodles ove_111429' is visible]]></system-out>
         <system-err><![CDATA[]]></system-err>
      </testcase>
      <testcase name="Test Cases/test case folder 1/tc1 - Copy (13)" time="10.433" classname="Test Cases/test case folder 1/tc1 - Copy (13)" status="PASSED">
         <system-out><![CDATA[07-06-2024T13:48:26 - [TEST_CASE][PASSED] - Test Cases/test case folder 1/tc1 - Copy (13): Test Cases/test case folder 1/tc1 - Copy (13)

07-06-2024T13:48:26 - [TEST_STEP][PASSED] - openBrowser(""): Browser is opened with url: ''

07-06-2024T13:48:26 - [MESSAGE][WARNING] - A browser is already opened. Closing browser and opening a new one

07-06-2024T13:48:27 - [MESSAGE][INFO] - Starting 'Firefox (headless)' driver

07-06-2024T13:48:27 - [MESSAGE][INFO] - Action delay is set to 0 milliseconds

07-06-2024T13:48:30 - [MESSAGE][PASSED] - Browser is opened with url: ''

07-06-2024T13:48:30 - [TEST_STEP][PASSED] - navigateToUrl("https://doodles.google/about/"): Navigate to 'https://doodles.google/about/' successfully

07-06-2024T13:48:32 - [MESSAGE][PASSED] - Navigate to 'https://doodles.google/about/' successfully

07-06-2024T13:48:32 - [TEST_STEP][PASSED] - click(findTestObject("Object Repository/Page_The Story and Evolution of Doodles - G_6e786d/p_The first Doodle was a simple out-of-offi_345e61")): Object: 'Object Repository/Page_The Story and Evolution of Doodles - G_6e786d/p_The first Doodle was a simple out-of-offi_345e61' is clicked on

07-06-2024T13:48:32 - [MESSAGE][PASSED] - Object: 'Object Repository/Page_The Story and Evolution of Doodles - G_6e786d/p_The first Doodle was a simple out-of-offi_345e61' is clicked on

07-06-2024T13:48:32 - [TEST_STEP][PASSED] - click(findTestObject("Object Repository/Page_The Story and Evolution of Doodles - G_6e786d/p_The first Doodle was a simple out-of-offi_345e61")): Object: 'Object Repository/Page_The Story and Evolution of Doodles - G_6e786d/p_The first Doodle was a simple out-of-offi_345e61' is clicked on

07-06-2024T13:48:32 - [MESSAGE][PASSED] - Object: 'Object Repository/Page_The Story and Evolution of Doodles - G_6e786d/p_The first Doodle was a simple out-of-offi_345e61' is clicked on

07-06-2024T13:48:32 - [TEST_STEP][PASSED] - verifyElementVisible(findTestObject("Object Repository/Page_The Story and Evolution of Doodles - G_6e786d/h1_The story behind Doodles")): Object 'Object Repository/Page_The Story and Evolution of Doodles - G_6e786d/h1_The story behind Doodles' is visible

07-06-2024T13:48:32 - [MESSAGE][PASSED] - Object 'Object Repository/Page_The Story and Evolution of Doodles - G_6e786d/h1_The story behind Doodles' is visible

07-06-2024T13:48:32 - [TEST_STEP][PASSED] - verifyElementVisible(findTestObject("Object Repository/Page_The Story and Evolution of Doodles - G_6e786d/p_The first Doodle was a simple out-of-offi_345e61")): Object 'Object Repository/Page_The Story and Evolution of Doodles - G_6e786d/p_The first Doodle was a simple out-of-offi_345e61' is visible

07-06-2024T13:48:32 - [MESSAGE][PASSED] - Object 'Object Repository/Page_The Story and Evolution of Doodles - G_6e786d/p_The first Doodle was a simple out-of-offi_345e61' is visible

07-06-2024T13:48:32 - [TEST_STEP][PASSED] - verifyElementVisible(findTestObject("Object Repository/Page_The Story and Evolution of Doodles - G_6e786d/h2_Weve created more than 5,000 Doodles ove_111429")): Object 'Object Repository/Page_The Story and Evolution of Doodles - G_6e786d/h2_Weve created more than 5,000 Doodles ove_111429' is visible

07-06-2024T13:48:32 - [MESSAGE][PASSED] - Object 'Object Repository/Page_The Story and Evolution of Doodles - G_6e786d/h2_Weve created more than 5,000 Doodles ove_111429' is visible

07-06-2024T13:48:32 - [TEST_STEP][PASSED] - verifyElementVisible(findTestObject("Object Repository/Page_The Story and Evolution of Doodles - G_6e786d/h1_The story behind Doodles")): Object 'Object Repository/Page_The Story and Evolution of Doodles - G_6e786d/h1_The story behind Doodles' is visible

07-06-2024T13:48:32 - [MESSAGE][PASSED] - Object 'Object Repository/Page_The Story and Evolution of Doodles - G_6e786d/h1_The story behind Doodles' is visible

07-06-2024T13:48:32 - [TEST_STEP][PASSED] - verifyElementVisible(findTestObject("Object Repository/Page_The Story and Evolution of Doodles - G_6e786d/p_The first Doodle was a simple out-of-offi_345e61")): Object 'Object Repository/Page_The Story and Evolution of Doodles - G_6e786d/p_The first Doodle was a simple out-of-offi_345e61' is visible

07-06-2024T13:48:32 - [MESSAGE][PASSED] - Object 'Object Repository/Page_The Story and Evolution of Doodles - G_6e786d/p_The first Doodle was a simple out-of-offi_345e61' is visible

07-06-2024T13:48:32 - [TEST_STEP][PASSED] - verifyElementVisible(findTestObject("Object Repository/Page_The Story and Evolution of Doodles - G_6e786d/h2_Weve created more than 5,000 Doodles ove_111429")): Object 'Object Repository/Page_The Story and Evolution of Doodles - G_6e786d/h2_Weve created more than 5,000 Doodles ove_111429' is visible

07-06-2024T13:48:32 - [MESSAGE][PASSED] - Object 'Object Repository/Page_The Story and Evolution of Doodles - G_6e786d/h2_Weve created more than 5,000 Doodles ove_111429' is visible

07-06-2024T13:48:32 - [TEST_STEP][PASSED] - click(findTestObject("Object Repository/Page_The Story and Evolution of Doodles - G_6e786d/p_The first Doodle was a simple out-of-offi_345e61")): Object: 'Object Repository/Page_The Story and Evolution of Doodles - G_6e786d/p_The first Doodle was a simple out-of-offi_345e61' is clicked on

07-06-2024T13:48:33 - [MESSAGE][PASSED] - Object: 'Object Repository/Page_The Story and Evolution of Doodles - G_6e786d/p_The first Doodle was a simple out-of-offi_345e61' is clicked on

07-06-2024T13:48:33 - [TEST_STEP][PASSED] - verifyElementVisible(findTestObject("Object Repository/Page_The Story and Evolution of Doodles - G_6e786d/h1_The story behind Doodles")): Object 'Object Repository/Page_The Story and Evolution of Doodles - G_6e786d/h1_The story behind Doodles' is visible

07-06-2024T13:48:33 - [MESSAGE][PASSED] - Object 'Object Repository/Page_The Story and Evolution of Doodles - G_6e786d/h1_The story behind Doodles' is visible

07-06-2024T13:48:33 - [TEST_STEP][PASSED] - verifyElementVisible(findTestObject("Object Repository/Page_The Story and Evolution of Doodles - G_6e786d/p_The first Doodle was a simple out-of-offi_345e61")): Object 'Object Repository/Page_The Story and Evolution of Doodles - G_6e786d/p_The first Doodle was a simple out-of-offi_345e61' is visible

07-06-2024T13:48:33 - [MESSAGE][PASSED] - Object 'Object Repository/Page_The Story and Evolution of Doodles - G_6e786d/p_The first Doodle was a simple out-of-offi_345e61' is visible

07-06-2024T13:48:33 - [TEST_STEP][PASSED] - verifyElementVisible(findTestObject("Object Repository/Page_The Story and Evolution of Doodles - G_6e786d/h2_Weve created more than 5,000 Doodles ove_111429")): Object 'Object Repository/Page_The Story and Evolution of Doodles - G_6e786d/h2_Weve created more than 5,000 Doodles ove_111429' is visible

07-06-2024T13:48:33 - [MESSAGE][PASSED] - Object 'Object Repository/Page_The Story and Evolution of Doodles - G_6e786d/h2_Weve created more than 5,000 Doodles ove_111429' is visible

07-06-2024T13:48:33 - [TEST_STEP][PASSED] - click(findTestObject("Object Repository/Page_The Story and Evolution of Doodles - G_6e786d/p_The first Doodle was a simple out-of-offi_345e61")): Object: 'Object Repository/Page_The Story and Evolution of Doodles - G_6e786d/p_The first Doodle was a simple out-of-offi_345e61' is clicked on

07-06-2024T13:48:33 - [MESSAGE][PASSED] - Object: 'Object Repository/Page_The Story and Evolution of Doodles - G_6e786d/p_The first Doodle was a simple out-of-offi_345e61' is clicked on

07-06-2024T13:48:33 - [TEST_STEP][PASSED] - verifyElementVisible(findTestObject("Object Repository/Page_The Story and Evolution of Doodles - G_6e786d/h1_The story behind Doodles")): Object 'Object Repository/Page_The Story and Evolution of Doodles - G_6e786d/h1_The story behind Doodles' is visible

07-06-2024T13:48:33 - [MESSAGE][PASSED] - Object 'Object Repository/Page_The Story and Evolution of Doodles - G_6e786d/h1_The story behind Doodles' is visible

07-06-2024T13:48:33 - [TEST_STEP][PASSED] - verifyElementVisible(findTestObject("Object Repository/Page_The Story and Evolution of Doodles - G_6e786d/p_The first Doodle was a simple out-of-offi_345e61")): Object 'Object Repository/Page_The Story and Evolution of Doodles - G_6e786d/p_The first Doodle was a simple out-of-offi_345e61' is visible

07-06-2024T13:48:33 - [MESSAGE][PASSED] - Object 'Object Repository/Page_The Story and Evolution of Doodles - G_6e786d/p_The first Doodle was a simple out-of-offi_345e61' is visible

07-06-2024T13:48:33 - [TEST_STEP][PASSED] - verifyElementVisible(findTestObject("Object Repository/Page_The Story and Evolution of Doodles - G_6e786d/h2_Weve created more than 5,000 Doodles ove_111429")): Object 'Object Repository/Page_The Story and Evolution of Doodles - G_6e786d/h2_Weve created more than 5,000 Doodles ove_111429' is visible

07-06-2024T13:48:33 - [MESSAGE][PASSED] - Object 'Object Repository/Page_The Story and Evolution of Doodles - G_6e786d/h2_Weve created more than 5,000 Doodles ove_111429' is visible

07-06-2024T13:48:33 - [TEST_STEP][PASSED] - click(findTestObject("Object Repository/Page_The Story and Evolution of Doodles - G_6e786d/p_The first Doodle was a simple out-of-offi_345e61")): Object: 'Object Repository/Page_The Story and Evolution of Doodles - G_6e786d/p_The first Doodle was a simple out-of-offi_345e61' is clicked on

07-06-2024T13:48:33 - [MESSAGE][PASSED] - Object: 'Object Repository/Page_The Story and Evolution of Doodles - G_6e786d/p_The first Doodle was a simple out-of-offi_345e61' is clicked on

07-06-2024T13:48:33 - [TEST_STEP][PASSED] - verifyElementVisible(findTestObject("Object Repository/Page_The Story and Evolution of Doodles - G_6e786d/h1_The story behind Doodles")): Object 'Object Repository/Page_The Story and Evolution of Doodles - G_6e786d/h1_The story behind Doodles' is visible

07-06-2024T13:48:34 - [MESSAGE][PASSED] - Object 'Object Repository/Page_The Story and Evolution of Doodles - G_6e786d/h1_The story behind Doodles' is visible

07-06-2024T13:48:34 - [TEST_STEP][PASSED] - verifyElementVisible(findTestObject("Object Repository/Page_The Story and Evolution of Doodles - G_6e786d/p_The first Doodle was a simple out-of-offi_345e61")): Object 'Object Repository/Page_The Story and Evolution of Doodles - G_6e786d/p_The first Doodle was a simple out-of-offi_345e61' is visible

07-06-2024T13:48:34 - [MESSAGE][PASSED] - Object 'Object Repository/Page_The Story and Evolution of Doodles - G_6e786d/p_The first Doodle was a simple out-of-offi_345e61' is visible

07-06-2024T13:48:34 - [TEST_STEP][PASSED] - verifyElementVisible(findTestObject("Object Repository/Page_The Story and Evolution of Doodles - G_6e786d/h2_Weve created more than 5,000 Doodles ove_111429")): Object 'Object Repository/Page_The Story and Evolution of Doodles - G_6e786d/h2_Weve created more than 5,000 Doodles ove_111429' is visible

07-06-2024T13:48:34 - [MESSAGE][PASSED] - Object 'Object Repository/Page_The Story and Evolution of Doodles - G_6e786d/h2_Weve created more than 5,000 Doodles ove_111429' is visible

07-06-2024T13:48:34 - [TEST_STEP][PASSED] - click(findTestObject("Object Repository/Page_The Story and Evolution of Doodles - G_6e786d/p_The first Doodle was a simple out-of-offi_345e61")): Object: 'Object Repository/Page_The Story and Evolution of Doodles - G_6e786d/p_The first Doodle was a simple out-of-offi_345e61' is clicked on

07-06-2024T13:48:34 - [MESSAGE][PASSED] - Object: 'Object Repository/Page_The Story and Evolution of Doodles - G_6e786d/p_The first Doodle was a simple out-of-offi_345e61' is clicked on

07-06-2024T13:48:34 - [TEST_STEP][PASSED] - verifyElementVisible(findTestObject("Object Repository/Page_The Story and Evolution of Doodles - G_6e786d/h1_The story behind Doodles")): Object 'Object Repository/Page_The Story and Evolution of Doodles - G_6e786d/h1_The story behind Doodles' is visible

07-06-2024T13:48:34 - [MESSAGE][PASSED] - Object 'Object Repository/Page_The Story and Evolution of Doodles - G_6e786d/h1_The story behind Doodles' is visible

07-06-2024T13:48:34 - [TEST_STEP][PASSED] - verifyElementVisible(findTestObject("Object Repository/Page_The Story and Evolution of Doodles - G_6e786d/p_The first Doodle was a simple out-of-offi_345e61")): Object 'Object Repository/Page_The Story and Evolution of Doodles - G_6e786d/p_The first Doodle was a simple out-of-offi_345e61' is visible

07-06-2024T13:48:34 - [MESSAGE][PASSED] - Object 'Object Repository/Page_The Story and Evolution of Doodles - G_6e786d/p_The first Doodle was a simple out-of-offi_345e61' is visible

07-06-2024T13:48:34 - [TEST_STEP][PASSED] - verifyElementVisible(findTestObject("Object Repository/Page_The Story and Evolution of Doodles - G_6e786d/h2_Weve created more than 5,000 Doodles ove_111429")): Object 'Object Repository/Page_The Story and Evolution of Doodles - G_6e786d/h2_Weve created more than 5,000 Doodles ove_111429' is visible

07-06-2024T13:48:34 - [MESSAGE][PASSED] - Object 'Object Repository/Page_The Story and Evolution of Doodles - G_6e786d/h2_Weve created more than 5,000 Doodles ove_111429' is visible

07-06-2024T13:48:34 - [TEST_STEP][PASSED] - click(findTestObject("Object Repository/Page_The Story and Evolution of Doodles - G_6e786d/p_The first Doodle was a simple out-of-offi_345e61")): Object: 'Object Repository/Page_The Story and Evolution of Doodles - G_6e786d/p_The first Doodle was a simple out-of-offi_345e61' is clicked on

07-06-2024T13:48:34 - [MESSAGE][PASSED] - Object: 'Object Repository/Page_The Story and Evolution of Doodles - G_6e786d/p_The first Doodle was a simple out-of-offi_345e61' is clicked on

07-06-2024T13:48:34 - [TEST_STEP][PASSED] - verifyElementVisible(findTestObject("Object Repository/Page_The Story and Evolution of Doodles - G_6e786d/h1_The story behind Doodles")): Object 'Object Repository/Page_The Story and Evolution of Doodles - G_6e786d/h1_The story behind Doodles' is visible

07-06-2024T13:48:34 - [MESSAGE][PASSED] - Object 'Object Repository/Page_The Story and Evolution of Doodles - G_6e786d/h1_The story behind Doodles' is visible

07-06-2024T13:48:34 - [TEST_STEP][PASSED] - verifyElementVisible(findTestObject("Object Repository/Page_The Story and Evolution of Doodles - G_6e786d/p_The first Doodle was a simple out-of-offi_345e61")): Object 'Object Repository/Page_The Story and Evolution of Doodles - G_6e786d/p_The first Doodle was a simple out-of-offi_345e61' is visible

07-06-2024T13:48:34 - [MESSAGE][PASSED] - Object 'Object Repository/Page_The Story and Evolution of Doodles - G_6e786d/p_The first Doodle was a simple out-of-offi_345e61' is visible

07-06-2024T13:48:34 - [TEST_STEP][PASSED] - verifyElementVisible(findTestObject("Object Repository/Page_The Story and Evolution of Doodles - G_6e786d/h2_Weve created more than 5,000 Doodles ove_111429")): Object 'Object Repository/Page_The Story and Evolution of Doodles - G_6e786d/h2_Weve created more than 5,000 Doodles ove_111429' is visible

07-06-2024T13:48:34 - [MESSAGE][PASSED] - Object 'Object Repository/Page_The Story and Evolution of Doodles - G_6e786d/h2_Weve created more than 5,000 Doodles ove_111429' is visible

07-06-2024T13:48:34 - [TEST_STEP][PASSED] - click(findTestObject("Object Repository/Page_The Story and Evolution of Doodles - G_6e786d/p_The first Doodle was a simple out-of-offi_345e61")): Object: 'Object Repository/Page_The Story and Evolution of Doodles - G_6e786d/p_The first Doodle was a simple out-of-offi_345e61' is clicked on

07-06-2024T13:48:35 - [MESSAGE][PASSED] - Object: 'Object Repository/Page_The Story and Evolution of Doodles - G_6e786d/p_The first Doodle was a simple out-of-offi_345e61' is clicked on

07-06-2024T13:48:35 - [TEST_STEP][PASSED] - verifyElementVisible(findTestObject("Object Repository/Page_The Story and Evolution of Doodles - G_6e786d/h1_The story behind Doodles")): Object 'Object Repository/Page_The Story and Evolution of Doodles - G_6e786d/h1_The story behind Doodles' is visible

07-06-2024T13:48:35 - [MESSAGE][PASSED] - Object 'Object Repository/Page_The Story and Evolution of Doodles - G_6e786d/h1_The story behind Doodles' is visible

07-06-2024T13:48:35 - [TEST_STEP][PASSED] - verifyElementVisible(findTestObject("Object Repository/Page_The Story and Evolution of Doodles - G_6e786d/p_The first Doodle was a simple out-of-offi_345e61")): Object 'Object Repository/Page_The Story and Evolution of Doodles - G_6e786d/p_The first Doodle was a simple out-of-offi_345e61' is visible

07-06-2024T13:48:35 - [MESSAGE][PASSED] - Object 'Object Repository/Page_The Story and Evolution of Doodles - G_6e786d/p_The first Doodle was a simple out-of-offi_345e61' is visible

07-06-2024T13:48:35 - [TEST_STEP][PASSED] - verifyElementVisible(findTestObject("Object Repository/Page_The Story and Evolution of Doodles - G_6e786d/h2_Weve created more than 5,000 Doodles ove_111429")): Object 'Object Repository/Page_The Story and Evolution of Doodles - G_6e786d/h2_Weve created more than 5,000 Doodles ove_111429' is visible

07-06-2024T13:48:35 - [MESSAGE][PASSED] - Object 'Object Repository/Page_The Story and Evolution of Doodles - G_6e786d/h2_Weve created more than 5,000 Doodles ove_111429' is visible

07-06-2024T13:48:35 - [TEST_STEP][PASSED] - click(findTestObject("Object Repository/Page_The Story and Evolution of Doodles - G_6e786d/p_The first Doodle was a simple out-of-offi_345e61")): Object: 'Object Repository/Page_The Story and Evolution of Doodles - G_6e786d/p_The first Doodle was a simple out-of-offi_345e61' is clicked on

07-06-2024T13:48:35 - [MESSAGE][PASSED] - Object: 'Object Repository/Page_The Story and Evolution of Doodles - G_6e786d/p_The first Doodle was a simple out-of-offi_345e61' is clicked on

07-06-2024T13:48:35 - [TEST_STEP][PASSED] - verifyElementVisible(findTestObject("Object Repository/Page_The Story and Evolution of Doodles - G_6e786d/h1_The story behind Doodles")): Object 'Object Repository/Page_The Story and Evolution of Doodles - G_6e786d/h1_The story behind Doodles' is visible

07-06-2024T13:48:35 - [MESSAGE][PASSED] - Object 'Object Repository/Page_The Story and Evolution of Doodles - G_6e786d/h1_The story behind Doodles' is visible

07-06-2024T13:48:35 - [TEST_STEP][PASSED] - verifyElementVisible(findTestObject("Object Repository/Page_The Story and Evolution of Doodles - G_6e786d/p_The first Doodle was a simple out-of-offi_345e61")): Object 'Object Repository/Page_The Story and Evolution of Doodles - G_6e786d/p_The first Doodle was a simple out-of-offi_345e61' is visible

07-06-2024T13:48:35 - [MESSAGE][PASSED] - Object 'Object Repository/Page_The Story and Evolution of Doodles - G_6e786d/p_The first Doodle was a simple out-of-offi_345e61' is visible

07-06-2024T13:48:35 - [TEST_STEP][PASSED] - verifyElementVisible(findTestObject("Object Repository/Page_The Story and Evolution of Doodles - G_6e786d/h2_Weve created more than 5,000 Doodles ove_111429")): Object 'Object Repository/Page_The Story and Evolution of Doodles - G_6e786d/h2_Weve created more than 5,000 Doodles ove_111429' is visible

07-06-2024T13:48:35 - [MESSAGE][PASSED] - Object 'Object Repository/Page_The Story and Evolution of Doodles - G_6e786d/h2_Weve created more than 5,000 Doodles ove_111429' is visible

07-06-2024T13:48:35 - [TEST_STEP][PASSED] - click(findTestObject("Object Repository/Page_The Story and Evolution of Doodles - G_6e786d/p_The first Doodle was a simple out-of-offi_345e61")): Object: 'Object Repository/Page_The Story and Evolution of Doodles - G_6e786d/p_The first Doodle was a simple out-of-offi_345e61' is clicked on

07-06-2024T13:48:36 - [MESSAGE][PASSED] - Object: 'Object Repository/Page_The Story and Evolution of Doodles - G_6e786d/p_The first Doodle was a simple out-of-offi_345e61' is clicked on

07-06-2024T13:48:36 - [TEST_STEP][PASSED] - verifyElementVisible(findTestObject("Object Repository/Page_The Story and Evolution of Doodles - G_6e786d/h1_The story behind Doodles")): Object 'Object Repository/Page_The Story and Evolution of Doodles - G_6e786d/h1_The story behind Doodles' is visible

07-06-2024T13:48:36 - [MESSAGE][PASSED] - Object 'Object Repository/Page_The Story and Evolution of Doodles - G_6e786d/h1_The story behind Doodles' is visible

07-06-2024T13:48:36 - [TEST_STEP][PASSED] - verifyElementVisible(findTestObject("Object Repository/Page_The Story and Evolution of Doodles - G_6e786d/p_The first Doodle was a simple out-of-offi_345e61")): Object 'Object Repository/Page_The Story and Evolution of Doodles - G_6e786d/p_The first Doodle was a simple out-of-offi_345e61' is visible

07-06-2024T13:48:36 - [MESSAGE][PASSED] - Object 'Object Repository/Page_The Story and Evolution of Doodles - G_6e786d/p_The first Doodle was a simple out-of-offi_345e61' is visible

07-06-2024T13:48:36 - [TEST_STEP][PASSED] - verifyElementVisible(findTestObject("Object Repository/Page_The Story and Evolution of Doodles - G_6e786d/h2_Weve created more than 5,000 Doodles ove_111429")): Object 'Object Repository/Page_The Story and Evolution of Doodles - G_6e786d/h2_Weve created more than 5,000 Doodles ove_111429' is visible

07-06-2024T13:48:36 - [MESSAGE][PASSED] - Object 'Object Repository/Page_The Story and Evolution of Doodles - G_6e786d/h2_Weve created more than 5,000 Doodles ove_111429' is visible

07-06-2024T13:48:36 - [TEST_STEP][PASSED] - click(findTestObject("Object Repository/Page_The Story and Evolution of Doodles - G_6e786d/p_The first Doodle was a simple out-of-offi_345e61")): Object: 'Object Repository/Page_The Story and Evolution of Doodles - G_6e786d/p_The first Doodle was a simple out-of-offi_345e61' is clicked on

07-06-2024T13:48:36 - [MESSAGE][PASSED] - Object: 'Object Repository/Page_The Story and Evolution of Doodles - G_6e786d/p_The first Doodle was a simple out-of-offi_345e61' is clicked on

07-06-2024T13:48:36 - [TEST_STEP][PASSED] - verifyElementVisible(findTestObject("Object Repository/Page_The Story and Evolution of Doodles - G_6e786d/h1_The story behind Doodles")): Object 'Object Repository/Page_The Story and Evolution of Doodles - G_6e786d/h1_The story behind Doodles' is visible

07-06-2024T13:48:36 - [MESSAGE][PASSED] - Object 'Object Repository/Page_The Story and Evolution of Doodles - G_6e786d/h1_The story behind Doodles' is visible

07-06-2024T13:48:36 - [TEST_STEP][PASSED] - verifyElementVisible(findTestObject("Object Repository/Page_The Story and Evolution of Doodles - G_6e786d/p_The first Doodle was a simple out-of-offi_345e61")): Object 'Object Repository/Page_The Story and Evolution of Doodles - G_6e786d/p_The first Doodle was a simple out-of-offi_345e61' is visible

07-06-2024T13:48:36 - [MESSAGE][PASSED] - Object 'Object Repository/Page_The Story and Evolution of Doodles - G_6e786d/p_The first Doodle was a simple out-of-offi_345e61' is visible

07-06-2024T13:48:36 - [TEST_STEP][PASSED] - verifyElementVisible(findTestObject("Object Repository/Page_The Story and Evolution of Doodles - G_6e786d/h2_Weve created more than 5,000 Doodles ove_111429")): Object 'Object Repository/Page_The Story and Evolution of Doodles - G_6e786d/h2_Weve created more than 5,000 Doodles ove_111429' is visible

07-06-2024T13:48:36 - [MESSAGE][PASSED] - Object 'Object Repository/Page_The Story and Evolution of Doodles - G_6e786d/h2_Weve created more than 5,000 Doodles ove_111429' is visible]]></system-out>
         <system-err><![CDATA[]]></system-err>
      </testcase>
      <testcase name="Test Cases/test case folder 1/tc1 - Copy (2) - Copy (1)" time="9.728" classname="Test Cases/test case folder 1/tc1 - Copy (2) - Copy (1)" status="PASSED">
         <system-out><![CDATA[07-06-2024T13:48:36 - [TEST_CASE][PASSED] - Test Cases/test case folder 1/tc1 - Copy (2) - Copy (1): Test Cases/test case folder 1/tc1 - Copy (2) - Copy (1)

07-06-2024T13:48:36 - [TEST_STEP][PASSED] - openBrowser(""): Browser is opened with url: ''

07-06-2024T13:48:36 - [MESSAGE][WARNING] - A browser is already opened. Closing browser and opening a new one

07-06-2024T13:48:37 - [MESSAGE][INFO] - Starting 'Firefox (headless)' driver

07-06-2024T13:48:38 - [MESSAGE][INFO] - Action delay is set to 0 milliseconds

07-06-2024T13:48:40 - [MESSAGE][PASSED] - Browser is opened with url: ''

07-06-2024T13:48:40 - [TEST_STEP][PASSED] - navigateToUrl("https://doodles.google/about/"): Navigate to 'https://doodles.google/about/' successfully

07-06-2024T13:48:41 - [MESSAGE][PASSED] - Navigate to 'https://doodles.google/about/' successfully

07-06-2024T13:48:41 - [TEST_STEP][PASSED] - click(findTestObject("Object Repository/Page_The Story and Evolution of Doodles - G_6e786d/p_The first Doodle was a simple out-of-offi_345e61")): Object: 'Object Repository/Page_The Story and Evolution of Doodles - G_6e786d/p_The first Doodle was a simple out-of-offi_345e61' is clicked on

07-06-2024T13:48:41 - [MESSAGE][PASSED] - Object: 'Object Repository/Page_The Story and Evolution of Doodles - G_6e786d/p_The first Doodle was a simple out-of-offi_345e61' is clicked on

07-06-2024T13:48:41 - [TEST_STEP][PASSED] - click(findTestObject("Object Repository/Page_The Story and Evolution of Doodles - G_6e786d/p_The first Doodle was a simple out-of-offi_345e61")): Object: 'Object Repository/Page_The Story and Evolution of Doodles - G_6e786d/p_The first Doodle was a simple out-of-offi_345e61' is clicked on

07-06-2024T13:48:42 - [MESSAGE][PASSED] - Object: 'Object Repository/Page_The Story and Evolution of Doodles - G_6e786d/p_The first Doodle was a simple out-of-offi_345e61' is clicked on

07-06-2024T13:48:42 - [TEST_STEP][PASSED] - verifyElementVisible(findTestObject("Object Repository/Page_The Story and Evolution of Doodles - G_6e786d/h1_The story behind Doodles")): Object 'Object Repository/Page_The Story and Evolution of Doodles - G_6e786d/h1_The story behind Doodles' is visible

07-06-2024T13:48:42 - [MESSAGE][PASSED] - Object 'Object Repository/Page_The Story and Evolution of Doodles - G_6e786d/h1_The story behind Doodles' is visible

07-06-2024T13:48:42 - [TEST_STEP][PASSED] - verifyElementVisible(findTestObject("Object Repository/Page_The Story and Evolution of Doodles - G_6e786d/p_The first Doodle was a simple out-of-offi_345e61")): Object 'Object Repository/Page_The Story and Evolution of Doodles - G_6e786d/p_The first Doodle was a simple out-of-offi_345e61' is visible

07-06-2024T13:48:42 - [MESSAGE][PASSED] - Object 'Object Repository/Page_The Story and Evolution of Doodles - G_6e786d/p_The first Doodle was a simple out-of-offi_345e61' is visible

07-06-2024T13:48:42 - [TEST_STEP][PASSED] - verifyElementVisible(findTestObject("Object Repository/Page_The Story and Evolution of Doodles - G_6e786d/h2_Weve created more than 5,000 Doodles ove_111429")): Object 'Object Repository/Page_The Story and Evolution of Doodles - G_6e786d/h2_Weve created more than 5,000 Doodles ove_111429' is visible

07-06-2024T13:48:42 - [MESSAGE][PASSED] - Object 'Object Repository/Page_The Story and Evolution of Doodles - G_6e786d/h2_Weve created more than 5,000 Doodles ove_111429' is visible

07-06-2024T13:48:42 - [TEST_STEP][PASSED] - verifyElementVisible(findTestObject("Object Repository/Page_The Story and Evolution of Doodles - G_6e786d/h1_The story behind Doodles")): Object 'Object Repository/Page_The Story and Evolution of Doodles - G_6e786d/h1_The story behind Doodles' is visible

07-06-2024T13:48:42 - [MESSAGE][PASSED] - Object 'Object Repository/Page_The Story and Evolution of Doodles - G_6e786d/h1_The story behind Doodles' is visible

07-06-2024T13:48:42 - [TEST_STEP][PASSED] - verifyElementVisible(findTestObject("Object Repository/Page_The Story and Evolution of Doodles - G_6e786d/p_The first Doodle was a simple out-of-offi_345e61")): Object 'Object Repository/Page_The Story and Evolution of Doodles - G_6e786d/p_The first Doodle was a simple out-of-offi_345e61' is visible

07-06-2024T13:48:42 - [MESSAGE][PASSED] - Object 'Object Repository/Page_The Story and Evolution of Doodles - G_6e786d/p_The first Doodle was a simple out-of-offi_345e61' is visible

07-06-2024T13:48:42 - [TEST_STEP][PASSED] - verifyElementVisible(findTestObject("Object Repository/Page_The Story and Evolution of Doodles - G_6e786d/h2_Weve created more than 5,000 Doodles ove_111429")): Object 'Object Repository/Page_The Story and Evolution of Doodles - G_6e786d/h2_Weve created more than 5,000 Doodles ove_111429' is visible

07-06-2024T13:48:42 - [MESSAGE][PASSED] - Object 'Object Repository/Page_The Story and Evolution of Doodles - G_6e786d/h2_Weve created more than 5,000 Doodles ove_111429' is visible

07-06-2024T13:48:42 - [TEST_STEP][PASSED] - click(findTestObject("Object Repository/Page_The Story and Evolution of Doodles - G_6e786d/p_The first Doodle was a simple out-of-offi_345e61")): Object: 'Object Repository/Page_The Story and Evolution of Doodles - G_6e786d/p_The first Doodle was a simple out-of-offi_345e61' is clicked on

07-06-2024T13:48:42 - [MESSAGE][PASSED] - Object: 'Object Repository/Page_The Story and Evolution of Doodles - G_6e786d/p_The first Doodle was a simple out-of-offi_345e61' is clicked on

07-06-2024T13:48:42 - [TEST_STEP][PASSED] - verifyElementVisible(findTestObject("Object Repository/Page_The Story and Evolution of Doodles - G_6e786d/h1_The story behind Doodles")): Object 'Object Repository/Page_The Story and Evolution of Doodles - G_6e786d/h1_The story behind Doodles' is visible

07-06-2024T13:48:42 - [MESSAGE][PASSED] - Object 'Object Repository/Page_The Story and Evolution of Doodles - G_6e786d/h1_The story behind Doodles' is visible

07-06-2024T13:48:42 - [TEST_STEP][PASSED] - verifyElementVisible(findTestObject("Object Repository/Page_The Story and Evolution of Doodles - G_6e786d/p_The first Doodle was a simple out-of-offi_345e61")): Object 'Object Repository/Page_The Story and Evolution of Doodles - G_6e786d/p_The first Doodle was a simple out-of-offi_345e61' is visible

07-06-2024T13:48:42 - [MESSAGE][PASSED] - Object 'Object Repository/Page_The Story and Evolution of Doodles - G_6e786d/p_The first Doodle was a simple out-of-offi_345e61' is visible

07-06-2024T13:48:42 - [TEST_STEP][PASSED] - verifyElementVisible(findTestObject("Object Repository/Page_The Story and Evolution of Doodles - G_6e786d/h2_Weve created more than 5,000 Doodles ove_111429")): Object 'Object Repository/Page_The Story and Evolution of Doodles - G_6e786d/h2_Weve created more than 5,000 Doodles ove_111429' is visible

07-06-2024T13:48:42 - [MESSAGE][PASSED] - Object 'Object Repository/Page_The Story and Evolution of Doodles - G_6e786d/h2_Weve created more than 5,000 Doodles ove_111429' is visible

07-06-2024T13:48:42 - [TEST_STEP][PASSED] - click(findTestObject("Object Repository/Page_The Story and Evolution of Doodles - G_6e786d/p_The first Doodle was a simple out-of-offi_345e61")): Object: 'Object Repository/Page_The Story and Evolution of Doodles - G_6e786d/p_The first Doodle was a simple out-of-offi_345e61' is clicked on

07-06-2024T13:48:43 - [MESSAGE][PASSED] - Object: 'Object Repository/Page_The Story and Evolution of Doodles - G_6e786d/p_The first Doodle was a simple out-of-offi_345e61' is clicked on

07-06-2024T13:48:43 - [TEST_STEP][PASSED] - verifyElementVisible(findTestObject("Object Repository/Page_The Story and Evolution of Doodles - G_6e786d/h1_The story behind Doodles")): Object 'Object Repository/Page_The Story and Evolution of Doodles - G_6e786d/h1_The story behind Doodles' is visible

07-06-2024T13:48:43 - [MESSAGE][PASSED] - Object 'Object Repository/Page_The Story and Evolution of Doodles - G_6e786d/h1_The story behind Doodles' is visible

07-06-2024T13:48:43 - [TEST_STEP][PASSED] - verifyElementVisible(findTestObject("Object Repository/Page_The Story and Evolution of Doodles - G_6e786d/p_The first Doodle was a simple out-of-offi_345e61")): Object 'Object Repository/Page_The Story and Evolution of Doodles - G_6e786d/p_The first Doodle was a simple out-of-offi_345e61' is visible

07-06-2024T13:48:43 - [MESSAGE][PASSED] - Object 'Object Repository/Page_The Story and Evolution of Doodles - G_6e786d/p_The first Doodle was a simple out-of-offi_345e61' is visible

07-06-2024T13:48:43 - [TEST_STEP][PASSED] - verifyElementVisible(findTestObject("Object Repository/Page_The Story and Evolution of Doodles - G_6e786d/h2_Weve created more than 5,000 Doodles ove_111429")): Object 'Object Repository/Page_The Story and Evolution of Doodles - G_6e786d/h2_Weve created more than 5,000 Doodles ove_111429' is visible

07-06-2024T13:48:43 - [MESSAGE][PASSED] - Object 'Object Repository/Page_The Story and Evolution of Doodles - G_6e786d/h2_Weve created more than 5,000 Doodles ove_111429' is visible

07-06-2024T13:48:43 - [TEST_STEP][PASSED] - click(findTestObject("Object Repository/Page_The Story and Evolution of Doodles - G_6e786d/p_The first Doodle was a simple out-of-offi_345e61")): Object: 'Object Repository/Page_The Story and Evolution of Doodles - G_6e786d/p_The first Doodle was a simple out-of-offi_345e61' is clicked on

07-06-2024T13:48:43 - [MESSAGE][PASSED] - Object: 'Object Repository/Page_The Story and Evolution of Doodles - G_6e786d/p_The first Doodle was a simple out-of-offi_345e61' is clicked on

07-06-2024T13:48:43 - [TEST_STEP][PASSED] - verifyElementVisible(findTestObject("Object Repository/Page_The Story and Evolution of Doodles - G_6e786d/h1_The story behind Doodles")): Object 'Object Repository/Page_The Story and Evolution of Doodles - G_6e786d/h1_The story behind Doodles' is visible

07-06-2024T13:48:43 - [MESSAGE][PASSED] - Object 'Object Repository/Page_The Story and Evolution of Doodles - G_6e786d/h1_The story behind Doodles' is visible

07-06-2024T13:48:43 - [TEST_STEP][PASSED] - verifyElementVisible(findTestObject("Object Repository/Page_The Story and Evolution of Doodles - G_6e786d/p_The first Doodle was a simple out-of-offi_345e61")): Object 'Object Repository/Page_The Story and Evolution of Doodles - G_6e786d/p_The first Doodle was a simple out-of-offi_345e61' is visible

07-06-2024T13:48:43 - [MESSAGE][PASSED] - Object 'Object Repository/Page_The Story and Evolution of Doodles - G_6e786d/p_The first Doodle was a simple out-of-offi_345e61' is visible

07-06-2024T13:48:43 - [TEST_STEP][PASSED] - verifyElementVisible(findTestObject("Object Repository/Page_The Story and Evolution of Doodles - G_6e786d/h2_Weve created more than 5,000 Doodles ove_111429")): Object 'Object Repository/Page_The Story and Evolution of Doodles - G_6e786d/h2_Weve created more than 5,000 Doodles ove_111429' is visible

07-06-2024T13:48:43 - [MESSAGE][PASSED] - Object 'Object Repository/Page_The Story and Evolution of Doodles - G_6e786d/h2_Weve created more than 5,000 Doodles ove_111429' is visible

07-06-2024T13:48:43 - [TEST_STEP][PASSED] - click(findTestObject("Object Repository/Page_The Story and Evolution of Doodles - G_6e786d/p_The first Doodle was a simple out-of-offi_345e61")): Object: 'Object Repository/Page_The Story and Evolution of Doodles - G_6e786d/p_The first Doodle was a simple out-of-offi_345e61' is clicked on

07-06-2024T13:48:43 - [MESSAGE][PASSED] - Object: 'Object Repository/Page_The Story and Evolution of Doodles - G_6e786d/p_The first Doodle was a simple out-of-offi_345e61' is clicked on

07-06-2024T13:48:43 - [TEST_STEP][PASSED] - verifyElementVisible(findTestObject("Object Repository/Page_The Story and Evolution of Doodles - G_6e786d/h1_The story behind Doodles")): Object 'Object Repository/Page_The Story and Evolution of Doodles - G_6e786d/h1_The story behind Doodles' is visible

07-06-2024T13:48:43 - [MESSAGE][PASSED] - Object 'Object Repository/Page_The Story and Evolution of Doodles - G_6e786d/h1_The story behind Doodles' is visible

07-06-2024T13:48:43 - [TEST_STEP][PASSED] - verifyElementVisible(findTestObject("Object Repository/Page_The Story and Evolution of Doodles - G_6e786d/p_The first Doodle was a simple out-of-offi_345e61")): Object 'Object Repository/Page_The Story and Evolution of Doodles - G_6e786d/p_The first Doodle was a simple out-of-offi_345e61' is visible

07-06-2024T13:48:43 - [MESSAGE][PASSED] - Object 'Object Repository/Page_The Story and Evolution of Doodles - G_6e786d/p_The first Doodle was a simple out-of-offi_345e61' is visible

07-06-2024T13:48:43 - [TEST_STEP][PASSED] - verifyElementVisible(findTestObject("Object Repository/Page_The Story and Evolution of Doodles - G_6e786d/h2_Weve created more than 5,000 Doodles ove_111429")): Object 'Object Repository/Page_The Story and Evolution of Doodles - G_6e786d/h2_Weve created more than 5,000 Doodles ove_111429' is visible

07-06-2024T13:48:44 - [MESSAGE][PASSED] - Object 'Object Repository/Page_The Story and Evolution of Doodles - G_6e786d/h2_Weve created more than 5,000 Doodles ove_111429' is visible

07-06-2024T13:48:44 - [TEST_STEP][PASSED] - click(findTestObject("Object Repository/Page_The Story and Evolution of Doodles - G_6e786d/p_The first Doodle was a simple out-of-offi_345e61")): Object: 'Object Repository/Page_The Story and Evolution of Doodles - G_6e786d/p_The first Doodle was a simple out-of-offi_345e61' is clicked on

07-06-2024T13:48:44 - [MESSAGE][PASSED] - Object: 'Object Repository/Page_The Story and Evolution of Doodles - G_6e786d/p_The first Doodle was a simple out-of-offi_345e61' is clicked on

07-06-2024T13:48:44 - [TEST_STEP][PASSED] - verifyElementVisible(findTestObject("Object Repository/Page_The Story and Evolution of Doodles - G_6e786d/h1_The story behind Doodles")): Object 'Object Repository/Page_The Story and Evolution of Doodles - G_6e786d/h1_The story behind Doodles' is visible

07-06-2024T13:48:44 - [MESSAGE][PASSED] - Object 'Object Repository/Page_The Story and Evolution of Doodles - G_6e786d/h1_The story behind Doodles' is visible

07-06-2024T13:48:44 - [TEST_STEP][PASSED] - verifyElementVisible(findTestObject("Object Repository/Page_The Story and Evolution of Doodles - G_6e786d/p_The first Doodle was a simple out-of-offi_345e61")): Object 'Object Repository/Page_The Story and Evolution of Doodles - G_6e786d/p_The first Doodle was a simple out-of-offi_345e61' is visible

07-06-2024T13:48:44 - [MESSAGE][PASSED] - Object 'Object Repository/Page_The Story and Evolution of Doodles - G_6e786d/p_The first Doodle was a simple out-of-offi_345e61' is visible

07-06-2024T13:48:44 - [TEST_STEP][PASSED] - verifyElementVisible(findTestObject("Object Repository/Page_The Story and Evolution of Doodles - G_6e786d/h2_Weve created more than 5,000 Doodles ove_111429")): Object 'Object Repository/Page_The Story and Evolution of Doodles - G_6e786d/h2_Weve created more than 5,000 Doodles ove_111429' is visible

07-06-2024T13:48:44 - [MESSAGE][PASSED] - Object 'Object Repository/Page_The Story and Evolution of Doodles - G_6e786d/h2_Weve created more than 5,000 Doodles ove_111429' is visible

07-06-2024T13:48:44 - [TEST_STEP][PASSED] - click(findTestObject("Object Repository/Page_The Story and Evolution of Doodles - G_6e786d/p_The first Doodle was a simple out-of-offi_345e61")): Object: 'Object Repository/Page_The Story and Evolution of Doodles - G_6e786d/p_The first Doodle was a simple out-of-offi_345e61' is clicked on

07-06-2024T13:48:44 - [MESSAGE][PASSED] - Object: 'Object Repository/Page_The Story and Evolution of Doodles - G_6e786d/p_The first Doodle was a simple out-of-offi_345e61' is clicked on

07-06-2024T13:48:44 - [TEST_STEP][PASSED] - verifyElementVisible(findTestObject("Object Repository/Page_The Story and Evolution of Doodles - G_6e786d/h1_The story behind Doodles")): Object 'Object Repository/Page_The Story and Evolution of Doodles - G_6e786d/h1_The story behind Doodles' is visible

07-06-2024T13:48:44 - [MESSAGE][PASSED] - Object 'Object Repository/Page_The Story and Evolution of Doodles - G_6e786d/h1_The story behind Doodles' is visible

07-06-2024T13:48:44 - [TEST_STEP][PASSED] - verifyElementVisible(findTestObject("Object Repository/Page_The Story and Evolution of Doodles - G_6e786d/p_The first Doodle was a simple out-of-offi_345e61")): Object 'Object Repository/Page_The Story and Evolution of Doodles - G_6e786d/p_The first Doodle was a simple out-of-offi_345e61' is visible

07-06-2024T13:48:44 - [MESSAGE][PASSED] - Object 'Object Repository/Page_The Story and Evolution of Doodles - G_6e786d/p_The first Doodle was a simple out-of-offi_345e61' is visible

07-06-2024T13:48:44 - [TEST_STEP][PASSED] - verifyElementVisible(findTestObject("Object Repository/Page_The Story and Evolution of Doodles - G_6e786d/h2_Weve created more than 5,000 Doodles ove_111429")): Object 'Object Repository/Page_The Story and Evolution of Doodles - G_6e786d/h2_Weve created more than 5,000 Doodles ove_111429' is visible

07-06-2024T13:48:44 - [MESSAGE][PASSED] - Object 'Object Repository/Page_The Story and Evolution of Doodles - G_6e786d/h2_Weve created more than 5,000 Doodles ove_111429' is visible

07-06-2024T13:48:44 - [TEST_STEP][PASSED] - click(findTestObject("Object Repository/Page_The Story and Evolution of Doodles - G_6e786d/p_The first Doodle was a simple out-of-offi_345e61")): Object: 'Object Repository/Page_The Story and Evolution of Doodles - G_6e786d/p_The first Doodle was a simple out-of-offi_345e61' is clicked on

07-06-2024T13:48:45 - [MESSAGE][PASSED] - Object: 'Object Repository/Page_The Story and Evolution of Doodles - G_6e786d/p_The first Doodle was a simple out-of-offi_345e61' is clicked on

07-06-2024T13:48:45 - [TEST_STEP][PASSED] - verifyElementVisible(findTestObject("Object Repository/Page_The Story and Evolution of Doodles - G_6e786d/h1_The story behind Doodles")): Object 'Object Repository/Page_The Story and Evolution of Doodles - G_6e786d/h1_The story behind Doodles' is visible

07-06-2024T13:48:45 - [MESSAGE][PASSED] - Object 'Object Repository/Page_The Story and Evolution of Doodles - G_6e786d/h1_The story behind Doodles' is visible

07-06-2024T13:48:45 - [TEST_STEP][PASSED] - verifyElementVisible(findTestObject("Object Repository/Page_The Story and Evolution of Doodles - G_6e786d/p_The first Doodle was a simple out-of-offi_345e61")): Object 'Object Repository/Page_The Story and Evolution of Doodles - G_6e786d/p_The first Doodle was a simple out-of-offi_345e61' is visible

07-06-2024T13:48:45 - [MESSAGE][PASSED] - Object 'Object Repository/Page_The Story and Evolution of Doodles - G_6e786d/p_The first Doodle was a simple out-of-offi_345e61' is visible

07-06-2024T13:48:45 - [TEST_STEP][PASSED] - verifyElementVisible(findTestObject("Object Repository/Page_The Story and Evolution of Doodles - G_6e786d/h2_Weve created more than 5,000 Doodles ove_111429")): Object 'Object Repository/Page_The Story and Evolution of Doodles - G_6e786d/h2_Weve created more than 5,000 Doodles ove_111429' is visible

07-06-2024T13:48:45 - [MESSAGE][PASSED] - Object 'Object Repository/Page_The Story and Evolution of Doodles - G_6e786d/h2_Weve created more than 5,000 Doodles ove_111429' is visible

07-06-2024T13:48:45 - [TEST_STEP][PASSED] - click(findTestObject("Object Repository/Page_The Story and Evolution of Doodles - G_6e786d/p_The first Doodle was a simple out-of-offi_345e61")): Object: 'Object Repository/Page_The Story and Evolution of Doodles - G_6e786d/p_The first Doodle was a simple out-of-offi_345e61' is clicked on

07-06-2024T13:48:45 - [MESSAGE][PASSED] - Object: 'Object Repository/Page_The Story and Evolution of Doodles - G_6e786d/p_The first Doodle was a simple out-of-offi_345e61' is clicked on

07-06-2024T13:48:45 - [TEST_STEP][PASSED] - verifyElementVisible(findTestObject("Object Repository/Page_The Story and Evolution of Doodles - G_6e786d/h1_The story behind Doodles")): Object 'Object Repository/Page_The Story and Evolution of Doodles - G_6e786d/h1_The story behind Doodles' is visible

07-06-2024T13:48:45 - [MESSAGE][PASSED] - Object 'Object Repository/Page_The Story and Evolution of Doodles - G_6e786d/h1_The story behind Doodles' is visible

07-06-2024T13:48:45 - [TEST_STEP][PASSED] - verifyElementVisible(findTestObject("Object Repository/Page_The Story and Evolution of Doodles - G_6e786d/p_The first Doodle was a simple out-of-offi_345e61")): Object 'Object Repository/Page_The Story and Evolution of Doodles - G_6e786d/p_The first Doodle was a simple out-of-offi_345e61' is visible

07-06-2024T13:48:45 - [MESSAGE][PASSED] - Object 'Object Repository/Page_The Story and Evolution of Doodles - G_6e786d/p_The first Doodle was a simple out-of-offi_345e61' is visible

07-06-2024T13:48:45 - [TEST_STEP][PASSED] - verifyElementVisible(findTestObject("Object Repository/Page_The Story and Evolution of Doodles - G_6e786d/h2_Weve created more than 5,000 Doodles ove_111429")): Object 'Object Repository/Page_The Story and Evolution of Doodles - G_6e786d/h2_Weve created more than 5,000 Doodles ove_111429' is visible

07-06-2024T13:48:45 - [MESSAGE][PASSED] - Object 'Object Repository/Page_The Story and Evolution of Doodles - G_6e786d/h2_Weve created more than 5,000 Doodles ove_111429' is visible

07-06-2024T13:48:45 - [TEST_STEP][PASSED] - click(findTestObject("Object Repository/Page_The Story and Evolution of Doodles - G_6e786d/p_The first Doodle was a simple out-of-offi_345e61")): Object: 'Object Repository/Page_The Story and Evolution of Doodles - G_6e786d/p_The first Doodle was a simple out-of-offi_345e61' is clicked on

07-06-2024T13:48:46 - [MESSAGE][PASSED] - Object: 'Object Repository/Page_The Story and Evolution of Doodles - G_6e786d/p_The first Doodle was a simple out-of-offi_345e61' is clicked on

07-06-2024T13:48:46 - [TEST_STEP][PASSED] - verifyElementVisible(findTestObject("Object Repository/Page_The Story and Evolution of Doodles - G_6e786d/h1_The story behind Doodles")): Object 'Object Repository/Page_The Story and Evolution of Doodles - G_6e786d/h1_The story behind Doodles' is visible

07-06-2024T13:48:46 - [MESSAGE][PASSED] - Object 'Object Repository/Page_The Story and Evolution of Doodles - G_6e786d/h1_The story behind Doodles' is visible

07-06-2024T13:48:46 - [TEST_STEP][PASSED] - verifyElementVisible(findTestObject("Object Repository/Page_The Story and Evolution of Doodles - G_6e786d/p_The first Doodle was a simple out-of-offi_345e61")): Object 'Object Repository/Page_The Story and Evolution of Doodles - G_6e786d/p_The first Doodle was a simple out-of-offi_345e61' is visible

07-06-2024T13:48:46 - [MESSAGE][PASSED] - Object 'Object Repository/Page_The Story and Evolution of Doodles - G_6e786d/p_The first Doodle was a simple out-of-offi_345e61' is visible

07-06-2024T13:48:46 - [TEST_STEP][PASSED] - verifyElementVisible(findTestObject("Object Repository/Page_The Story and Evolution of Doodles - G_6e786d/h2_Weve created more than 5,000 Doodles ove_111429")): Object 'Object Repository/Page_The Story and Evolution of Doodles - G_6e786d/h2_Weve created more than 5,000 Doodles ove_111429' is visible

07-06-2024T13:48:46 - [MESSAGE][PASSED] - Object 'Object Repository/Page_The Story and Evolution of Doodles - G_6e786d/h2_Weve created more than 5,000 Doodles ove_111429' is visible]]></system-out>
         <system-err><![CDATA[]]></system-err>
      </testcase>
      <testcase name="Test Cases/test case folder 1/tc1 - Copy (14)" time="9.712" classname="Test Cases/test case folder 1/tc1 - Copy (14)" status="PASSED">
         <system-out><![CDATA[07-06-2024T13:48:46 - [TEST_CASE][PASSED] - Test Cases/test case folder 1/tc1 - Copy (14): Test Cases/test case folder 1/tc1 - Copy (14)

07-06-2024T13:48:46 - [TEST_STEP][PASSED] - openBrowser(""): Browser is opened with url: ''

07-06-2024T13:48:46 - [MESSAGE][WARNING] - A browser is already opened. Closing browser and opening a new one

07-06-2024T13:48:47 - [MESSAGE][INFO] - Starting 'Firefox (headless)' driver

07-06-2024T13:48:47 - [MESSAGE][INFO] - Action delay is set to 0 milliseconds

07-06-2024T13:48:49 - [MESSAGE][PASSED] - Browser is opened with url: ''

07-06-2024T13:48:49 - [TEST_STEP][PASSED] - navigateToUrl("https://doodles.google/about/"): Navigate to 'https://doodles.google/about/' successfully

07-06-2024T13:48:51 - [MESSAGE][PASSED] - Navigate to 'https://doodles.google/about/' successfully

07-06-2024T13:48:51 - [TEST_STEP][PASSED] - click(findTestObject("Object Repository/Page_The Story and Evolution of Doodles - G_6e786d/p_The first Doodle was a simple out-of-offi_345e61")): Object: 'Object Repository/Page_The Story and Evolution of Doodles - G_6e786d/p_The first Doodle was a simple out-of-offi_345e61' is clicked on

07-06-2024T13:48:51 - [MESSAGE][PASSED] - Object: 'Object Repository/Page_The Story and Evolution of Doodles - G_6e786d/p_The first Doodle was a simple out-of-offi_345e61' is clicked on

07-06-2024T13:48:51 - [TEST_STEP][PASSED] - click(findTestObject("Object Repository/Page_The Story and Evolution of Doodles - G_6e786d/p_The first Doodle was a simple out-of-offi_345e61")): Object: 'Object Repository/Page_The Story and Evolution of Doodles - G_6e786d/p_The first Doodle was a simple out-of-offi_345e61' is clicked on

07-06-2024T13:48:51 - [MESSAGE][PASSED] - Object: 'Object Repository/Page_The Story and Evolution of Doodles - G_6e786d/p_The first Doodle was a simple out-of-offi_345e61' is clicked on

07-06-2024T13:48:51 - [TEST_STEP][PASSED] - verifyElementVisible(findTestObject("Object Repository/Page_The Story and Evolution of Doodles - G_6e786d/h1_The story behind Doodles")): Object 'Object Repository/Page_The Story and Evolution of Doodles - G_6e786d/h1_The story behind Doodles' is visible

07-06-2024T13:48:51 - [MESSAGE][PASSED] - Object 'Object Repository/Page_The Story and Evolution of Doodles - G_6e786d/h1_The story behind Doodles' is visible

07-06-2024T13:48:51 - [TEST_STEP][PASSED] - verifyElementVisible(findTestObject("Object Repository/Page_The Story and Evolution of Doodles - G_6e786d/p_The first Doodle was a simple out-of-offi_345e61")): Object 'Object Repository/Page_The Story and Evolution of Doodles - G_6e786d/p_The first Doodle was a simple out-of-offi_345e61' is visible

07-06-2024T13:48:52 - [MESSAGE][PASSED] - Object 'Object Repository/Page_The Story and Evolution of Doodles - G_6e786d/p_The first Doodle was a simple out-of-offi_345e61' is visible

07-06-2024T13:48:52 - [TEST_STEP][PASSED] - verifyElementVisible(findTestObject("Object Repository/Page_The Story and Evolution of Doodles - G_6e786d/h2_Weve created more than 5,000 Doodles ove_111429")): Object 'Object Repository/Page_The Story and Evolution of Doodles - G_6e786d/h2_Weve created more than 5,000 Doodles ove_111429' is visible

07-06-2024T13:48:52 - [MESSAGE][PASSED] - Object 'Object Repository/Page_The Story and Evolution of Doodles - G_6e786d/h2_Weve created more than 5,000 Doodles ove_111429' is visible

07-06-2024T13:48:52 - [TEST_STEP][PASSED] - verifyElementVisible(findTestObject("Object Repository/Page_The Story and Evolution of Doodles - G_6e786d/h1_The story behind Doodles")): Object 'Object Repository/Page_The Story and Evolution of Doodles - G_6e786d/h1_The story behind Doodles' is visible

07-06-2024T13:48:52 - [MESSAGE][PASSED] - Object 'Object Repository/Page_The Story and Evolution of Doodles - G_6e786d/h1_The story behind Doodles' is visible

07-06-2024T13:48:52 - [TEST_STEP][PASSED] - verifyElementVisible(findTestObject("Object Repository/Page_The Story and Evolution of Doodles - G_6e786d/p_The first Doodle was a simple out-of-offi_345e61")): Object 'Object Repository/Page_The Story and Evolution of Doodles - G_6e786d/p_The first Doodle was a simple out-of-offi_345e61' is visible

07-06-2024T13:48:52 - [MESSAGE][PASSED] - Object 'Object Repository/Page_The Story and Evolution of Doodles - G_6e786d/p_The first Doodle was a simple out-of-offi_345e61' is visible

07-06-2024T13:48:52 - [TEST_STEP][PASSED] - verifyElementVisible(findTestObject("Object Repository/Page_The Story and Evolution of Doodles - G_6e786d/h2_Weve created more than 5,000 Doodles ove_111429")): Object 'Object Repository/Page_The Story and Evolution of Doodles - G_6e786d/h2_Weve created more than 5,000 Doodles ove_111429' is visible

07-06-2024T13:48:52 - [MESSAGE][PASSED] - Object 'Object Repository/Page_The Story and Evolution of Doodles - G_6e786d/h2_Weve created more than 5,000 Doodles ove_111429' is visible

07-06-2024T13:48:52 - [TEST_STEP][PASSED] - click(findTestObject("Object Repository/Page_The Story and Evolution of Doodles - G_6e786d/p_The first Doodle was a simple out-of-offi_345e61")): Object: 'Object Repository/Page_The Story and Evolution of Doodles - G_6e786d/p_The first Doodle was a simple out-of-offi_345e61' is clicked on

07-06-2024T13:48:52 - [MESSAGE][PASSED] - Object: 'Object Repository/Page_The Story and Evolution of Doodles - G_6e786d/p_The first Doodle was a simple out-of-offi_345e61' is clicked on

07-06-2024T13:48:52 - [TEST_STEP][PASSED] - verifyElementVisible(findTestObject("Object Repository/Page_The Story and Evolution of Doodles - G_6e786d/h1_The story behind Doodles")): Object 'Object Repository/Page_The Story and Evolution of Doodles - G_6e786d/h1_The story behind Doodles' is visible

07-06-2024T13:48:52 - [MESSAGE][PASSED] - Object 'Object Repository/Page_The Story and Evolution of Doodles - G_6e786d/h1_The story behind Doodles' is visible

07-06-2024T13:48:52 - [TEST_STEP][PASSED] - verifyElementVisible(findTestObject("Object Repository/Page_The Story and Evolution of Doodles - G_6e786d/p_The first Doodle was a simple out-of-offi_345e61")): Object 'Object Repository/Page_The Story and Evolution of Doodles - G_6e786d/p_The first Doodle was a simple out-of-offi_345e61' is visible

07-06-2024T13:48:52 - [MESSAGE][PASSED] - Object 'Object Repository/Page_The Story and Evolution of Doodles - G_6e786d/p_The first Doodle was a simple out-of-offi_345e61' is visible

07-06-2024T13:48:52 - [TEST_STEP][PASSED] - verifyElementVisible(findTestObject("Object Repository/Page_The Story and Evolution of Doodles - G_6e786d/h2_Weve created more than 5,000 Doodles ove_111429")): Object 'Object Repository/Page_The Story and Evolution of Doodles - G_6e786d/h2_Weve created more than 5,000 Doodles ove_111429' is visible

07-06-2024T13:48:52 - [MESSAGE][PASSED] - Object 'Object Repository/Page_The Story and Evolution of Doodles - G_6e786d/h2_Weve created more than 5,000 Doodles ove_111429' is visible

07-06-2024T13:48:52 - [TEST_STEP][PASSED] - click(findTestObject("Object Repository/Page_The Story and Evolution of Doodles - G_6e786d/p_The first Doodle was a simple out-of-offi_345e61")): Object: 'Object Repository/Page_The Story and Evolution of Doodles - G_6e786d/p_The first Doodle was a simple out-of-offi_345e61' is clicked on

07-06-2024T13:48:52 - [MESSAGE][PASSED] - Object: 'Object Repository/Page_The Story and Evolution of Doodles - G_6e786d/p_The first Doodle was a simple out-of-offi_345e61' is clicked on

07-06-2024T13:48:52 - [TEST_STEP][PASSED] - verifyElementVisible(findTestObject("Object Repository/Page_The Story and Evolution of Doodles - G_6e786d/h1_The story behind Doodles")): Object 'Object Repository/Page_The Story and Evolution of Doodles - G_6e786d/h1_The story behind Doodles' is visible

07-06-2024T13:48:52 - [MESSAGE][PASSED] - Object 'Object Repository/Page_The Story and Evolution of Doodles - G_6e786d/h1_The story behind Doodles' is visible

07-06-2024T13:48:52 - [TEST_STEP][PASSED] - verifyElementVisible(findTestObject("Object Repository/Page_The Story and Evolution of Doodles - G_6e786d/p_The first Doodle was a simple out-of-offi_345e61")): Object 'Object Repository/Page_The Story and Evolution of Doodles - G_6e786d/p_The first Doodle was a simple out-of-offi_345e61' is visible

07-06-2024T13:48:52 - [MESSAGE][PASSED] - Object 'Object Repository/Page_The Story and Evolution of Doodles - G_6e786d/p_The first Doodle was a simple out-of-offi_345e61' is visible

07-06-2024T13:48:52 - [TEST_STEP][PASSED] - verifyElementVisible(findTestObject("Object Repository/Page_The Story and Evolution of Doodles - G_6e786d/h2_Weve created more than 5,000 Doodles ove_111429")): Object 'Object Repository/Page_The Story and Evolution of Doodles - G_6e786d/h2_Weve created more than 5,000 Doodles ove_111429' is visible

07-06-2024T13:48:53 - [MESSAGE][PASSED] - Object 'Object Repository/Page_The Story and Evolution of Doodles - G_6e786d/h2_Weve created more than 5,000 Doodles ove_111429' is visible

07-06-2024T13:48:53 - [TEST_STEP][PASSED] - click(findTestObject("Object Repository/Page_The Story and Evolution of Doodles - G_6e786d/p_The first Doodle was a simple out-of-offi_345e61")): Object: 'Object Repository/Page_The Story and Evolution of Doodles - G_6e786d/p_The first Doodle was a simple out-of-offi_345e61' is clicked on

07-06-2024T13:48:53 - [MESSAGE][PASSED] - Object: 'Object Repository/Page_The Story and Evolution of Doodles - G_6e786d/p_The first Doodle was a simple out-of-offi_345e61' is clicked on

07-06-2024T13:48:53 - [TEST_STEP][PASSED] - verifyElementVisible(findTestObject("Object Repository/Page_The Story and Evolution of Doodles - G_6e786d/h1_The story behind Doodles")): Object 'Object Repository/Page_The Story and Evolution of Doodles - G_6e786d/h1_The story behind Doodles' is visible

07-06-2024T13:48:53 - [MESSAGE][PASSED] - Object 'Object Repository/Page_The Story and Evolution of Doodles - G_6e786d/h1_The story behind Doodles' is visible

07-06-2024T13:48:53 - [TEST_STEP][PASSED] - verifyElementVisible(findTestObject("Object Repository/Page_The Story and Evolution of Doodles - G_6e786d/p_The first Doodle was a simple out-of-offi_345e61")): Object 'Object Repository/Page_The Story and Evolution of Doodles - G_6e786d/p_The first Doodle was a simple out-of-offi_345e61' is visible

07-06-2024T13:48:53 - [MESSAGE][PASSED] - Object 'Object Repository/Page_The Story and Evolution of Doodles - G_6e786d/p_The first Doodle was a simple out-of-offi_345e61' is visible

07-06-2024T13:48:53 - [TEST_STEP][PASSED] - verifyElementVisible(findTestObject("Object Repository/Page_The Story and Evolution of Doodles - G_6e786d/h2_Weve created more than 5,000 Doodles ove_111429")): Object 'Object Repository/Page_The Story and Evolution of Doodles - G_6e786d/h2_Weve created more than 5,000 Doodles ove_111429' is visible

07-06-2024T13:48:53 - [MESSAGE][PASSED] - Object 'Object Repository/Page_The Story and Evolution of Doodles - G_6e786d/h2_Weve created more than 5,000 Doodles ove_111429' is visible

07-06-2024T13:48:53 - [TEST_STEP][PASSED] - click(findTestObject("Object Repository/Page_The Story and Evolution of Doodles - G_6e786d/p_The first Doodle was a simple out-of-offi_345e61")): Object: 'Object Repository/Page_The Story and Evolution of Doodles - G_6e786d/p_The first Doodle was a simple out-of-offi_345e61' is clicked on

07-06-2024T13:48:53 - [MESSAGE][PASSED] - Object: 'Object Repository/Page_The Story and Evolution of Doodles - G_6e786d/p_The first Doodle was a simple out-of-offi_345e61' is clicked on

07-06-2024T13:48:53 - [TEST_STEP][PASSED] - verifyElementVisible(findTestObject("Object Repository/Page_The Story and Evolution of Doodles - G_6e786d/h1_The story behind Doodles")): Object 'Object Repository/Page_The Story and Evolution of Doodles - G_6e786d/h1_The story behind Doodles' is visible

07-06-2024T13:48:53 - [MESSAGE][PASSED] - Object 'Object Repository/Page_The Story and Evolution of Doodles - G_6e786d/h1_The story behind Doodles' is visible

07-06-2024T13:48:53 - [TEST_STEP][PASSED] - verifyElementVisible(findTestObject("Object Repository/Page_The Story and Evolution of Doodles - G_6e786d/p_The first Doodle was a simple out-of-offi_345e61")): Object 'Object Repository/Page_The Story and Evolution of Doodles - G_6e786d/p_The first Doodle was a simple out-of-offi_345e61' is visible

07-06-2024T13:48:53 - [MESSAGE][PASSED] - Object 'Object Repository/Page_The Story and Evolution of Doodles - G_6e786d/p_The first Doodle was a simple out-of-offi_345e61' is visible

07-06-2024T13:48:53 - [TEST_STEP][PASSED] - verifyElementVisible(findTestObject("Object Repository/Page_The Story and Evolution of Doodles - G_6e786d/h2_Weve created more than 5,000 Doodles ove_111429")): Object 'Object Repository/Page_The Story and Evolution of Doodles - G_6e786d/h2_Weve created more than 5,000 Doodles ove_111429' is visible

07-06-2024T13:48:53 - [MESSAGE][PASSED] - Object 'Object Repository/Page_The Story and Evolution of Doodles - G_6e786d/h2_Weve created more than 5,000 Doodles ove_111429' is visible

07-06-2024T13:48:53 - [TEST_STEP][PASSED] - click(findTestObject("Object Repository/Page_The Story and Evolution of Doodles - G_6e786d/p_The first Doodle was a simple out-of-offi_345e61")): Object: 'Object Repository/Page_The Story and Evolution of Doodles - G_6e786d/p_The first Doodle was a simple out-of-offi_345e61' is clicked on

07-06-2024T13:48:54 - [MESSAGE][PASSED] - Object: 'Object Repository/Page_The Story and Evolution of Doodles - G_6e786d/p_The first Doodle was a simple out-of-offi_345e61' is clicked on

07-06-2024T13:48:54 - [TEST_STEP][PASSED] - verifyElementVisible(findTestObject("Object Repository/Page_The Story and Evolution of Doodles - G_6e786d/h1_The story behind Doodles")): Object 'Object Repository/Page_The Story and Evolution of Doodles - G_6e786d/h1_The story behind Doodles' is visible

07-06-2024T13:48:54 - [MESSAGE][PASSED] - Object 'Object Repository/Page_The Story and Evolution of Doodles - G_6e786d/h1_The story behind Doodles' is visible

07-06-2024T13:48:54 - [TEST_STEP][PASSED] - verifyElementVisible(findTestObject("Object Repository/Page_The Story and Evolution of Doodles - G_6e786d/p_The first Doodle was a simple out-of-offi_345e61")): Object 'Object Repository/Page_The Story and Evolution of Doodles - G_6e786d/p_The first Doodle was a simple out-of-offi_345e61' is visible

07-06-2024T13:48:54 - [MESSAGE][PASSED] - Object 'Object Repository/Page_The Story and Evolution of Doodles - G_6e786d/p_The first Doodle was a simple out-of-offi_345e61' is visible

07-06-2024T13:48:54 - [TEST_STEP][PASSED] - verifyElementVisible(findTestObject("Object Repository/Page_The Story and Evolution of Doodles - G_6e786d/h2_Weve created more than 5,000 Doodles ove_111429")): Object 'Object Repository/Page_The Story and Evolution of Doodles - G_6e786d/h2_Weve created more than 5,000 Doodles ove_111429' is visible

07-06-2024T13:48:54 - [MESSAGE][PASSED] - Object 'Object Repository/Page_The Story and Evolution of Doodles - G_6e786d/h2_Weve created more than 5,000 Doodles ove_111429' is visible

07-06-2024T13:48:54 - [TEST_STEP][PASSED] - click(findTestObject("Object Repository/Page_The Story and Evolution of Doodles - G_6e786d/p_The first Doodle was a simple out-of-offi_345e61")): Object: 'Object Repository/Page_The Story and Evolution of Doodles - G_6e786d/p_The first Doodle was a simple out-of-offi_345e61' is clicked on

07-06-2024T13:48:54 - [MESSAGE][PASSED] - Object: 'Object Repository/Page_The Story and Evolution of Doodles - G_6e786d/p_The first Doodle was a simple out-of-offi_345e61' is clicked on

07-06-2024T13:48:54 - [TEST_STEP][PASSED] - verifyElementVisible(findTestObject("Object Repository/Page_The Story and Evolution of Doodles - G_6e786d/h1_The story behind Doodles")): Object 'Object Repository/Page_The Story and Evolution of Doodles - G_6e786d/h1_The story behind Doodles' is visible

07-06-2024T13:48:54 - [MESSAGE][PASSED] - Object 'Object Repository/Page_The Story and Evolution of Doodles - G_6e786d/h1_The story behind Doodles' is visible

07-06-2024T13:48:54 - [TEST_STEP][PASSED] - verifyElementVisible(findTestObject("Object Repository/Page_The Story and Evolution of Doodles - G_6e786d/p_The first Doodle was a simple out-of-offi_345e61")): Object 'Object Repository/Page_The Story and Evolution of Doodles - G_6e786d/p_The first Doodle was a simple out-of-offi_345e61' is visible

07-06-2024T13:48:54 - [MESSAGE][PASSED] - Object 'Object Repository/Page_The Story and Evolution of Doodles - G_6e786d/p_The first Doodle was a simple out-of-offi_345e61' is visible

07-06-2024T13:48:54 - [TEST_STEP][PASSED] - verifyElementVisible(findTestObject("Object Repository/Page_The Story and Evolution of Doodles - G_6e786d/h2_Weve created more than 5,000 Doodles ove_111429")): Object 'Object Repository/Page_The Story and Evolution of Doodles - G_6e786d/h2_Weve created more than 5,000 Doodles ove_111429' is visible

07-06-2024T13:48:54 - [MESSAGE][PASSED] - Object 'Object Repository/Page_The Story and Evolution of Doodles - G_6e786d/h2_Weve created more than 5,000 Doodles ove_111429' is visible

07-06-2024T13:48:54 - [TEST_STEP][PASSED] - click(findTestObject("Object Repository/Page_The Story and Evolution of Doodles - G_6e786d/p_The first Doodle was a simple out-of-offi_345e61")): Object: 'Object Repository/Page_The Story and Evolution of Doodles - G_6e786d/p_The first Doodle was a simple out-of-offi_345e61' is clicked on

07-06-2024T13:48:54 - [MESSAGE][PASSED] - Object: 'Object Repository/Page_The Story and Evolution of Doodles - G_6e786d/p_The first Doodle was a simple out-of-offi_345e61' is clicked on

07-06-2024T13:48:54 - [TEST_STEP][PASSED] - verifyElementVisible(findTestObject("Object Repository/Page_The Story and Evolution of Doodles - G_6e786d/h1_The story behind Doodles")): Object 'Object Repository/Page_The Story and Evolution of Doodles - G_6e786d/h1_The story behind Doodles' is visible

07-06-2024T13:48:55 - [MESSAGE][PASSED] - Object 'Object Repository/Page_The Story and Evolution of Doodles - G_6e786d/h1_The story behind Doodles' is visible

07-06-2024T13:48:55 - [TEST_STEP][PASSED] - verifyElementVisible(findTestObject("Object Repository/Page_The Story and Evolution of Doodles - G_6e786d/p_The first Doodle was a simple out-of-offi_345e61")): Object 'Object Repository/Page_The Story and Evolution of Doodles - G_6e786d/p_The first Doodle was a simple out-of-offi_345e61' is visible

07-06-2024T13:48:55 - [MESSAGE][PASSED] - Object 'Object Repository/Page_The Story and Evolution of Doodles - G_6e786d/p_The first Doodle was a simple out-of-offi_345e61' is visible

07-06-2024T13:48:55 - [TEST_STEP][PASSED] - verifyElementVisible(findTestObject("Object Repository/Page_The Story and Evolution of Doodles - G_6e786d/h2_Weve created more than 5,000 Doodles ove_111429")): Object 'Object Repository/Page_The Story and Evolution of Doodles - G_6e786d/h2_Weve created more than 5,000 Doodles ove_111429' is visible

07-06-2024T13:48:55 - [MESSAGE][PASSED] - Object 'Object Repository/Page_The Story and Evolution of Doodles - G_6e786d/h2_Weve created more than 5,000 Doodles ove_111429' is visible

07-06-2024T13:48:55 - [TEST_STEP][PASSED] - click(findTestObject("Object Repository/Page_The Story and Evolution of Doodles - G_6e786d/p_The first Doodle was a simple out-of-offi_345e61")): Object: 'Object Repository/Page_The Story and Evolution of Doodles - G_6e786d/p_The first Doodle was a simple out-of-offi_345e61' is clicked on

07-06-2024T13:48:55 - [MESSAGE][PASSED] - Object: 'Object Repository/Page_The Story and Evolution of Doodles - G_6e786d/p_The first Doodle was a simple out-of-offi_345e61' is clicked on

07-06-2024T13:48:55 - [TEST_STEP][PASSED] - verifyElementVisible(findTestObject("Object Repository/Page_The Story and Evolution of Doodles - G_6e786d/h1_The story behind Doodles")): Object 'Object Repository/Page_The Story and Evolution of Doodles - G_6e786d/h1_The story behind Doodles' is visible

07-06-2024T13:48:55 - [MESSAGE][PASSED] - Object 'Object Repository/Page_The Story and Evolution of Doodles - G_6e786d/h1_The story behind Doodles' is visible

07-06-2024T13:48:55 - [TEST_STEP][PASSED] - verifyElementVisible(findTestObject("Object Repository/Page_The Story and Evolution of Doodles - G_6e786d/p_The first Doodle was a simple out-of-offi_345e61")): Object 'Object Repository/Page_The Story and Evolution of Doodles - G_6e786d/p_The first Doodle was a simple out-of-offi_345e61' is visible

07-06-2024T13:48:55 - [MESSAGE][PASSED] - Object 'Object Repository/Page_The Story and Evolution of Doodles - G_6e786d/p_The first Doodle was a simple out-of-offi_345e61' is visible

07-06-2024T13:48:55 - [TEST_STEP][PASSED] - verifyElementVisible(findTestObject("Object Repository/Page_The Story and Evolution of Doodles - G_6e786d/h2_Weve created more than 5,000 Doodles ove_111429")): Object 'Object Repository/Page_The Story and Evolution of Doodles - G_6e786d/h2_Weve created more than 5,000 Doodles ove_111429' is visible

07-06-2024T13:48:55 - [MESSAGE][PASSED] - Object 'Object Repository/Page_The Story and Evolution of Doodles - G_6e786d/h2_Weve created more than 5,000 Doodles ove_111429' is visible

07-06-2024T13:48:55 - [TEST_STEP][PASSED] - click(findTestObject("Object Repository/Page_The Story and Evolution of Doodles - G_6e786d/p_The first Doodle was a simple out-of-offi_345e61")): Object: 'Object Repository/Page_The Story and Evolution of Doodles - G_6e786d/p_The first Doodle was a simple out-of-offi_345e61' is clicked on

07-06-2024T13:48:55 - [MESSAGE][PASSED] - Object: 'Object Repository/Page_The Story and Evolution of Doodles - G_6e786d/p_The first Doodle was a simple out-of-offi_345e61' is clicked on

07-06-2024T13:48:55 - [TEST_STEP][PASSED] - verifyElementVisible(findTestObject("Object Repository/Page_The Story and Evolution of Doodles - G_6e786d/h1_The story behind Doodles")): Object 'Object Repository/Page_The Story and Evolution of Doodles - G_6e786d/h1_The story behind Doodles' is visible

07-06-2024T13:48:55 - [MESSAGE][PASSED] - Object 'Object Repository/Page_The Story and Evolution of Doodles - G_6e786d/h1_The story behind Doodles' is visible

07-06-2024T13:48:55 - [TEST_STEP][PASSED] - verifyElementVisible(findTestObject("Object Repository/Page_The Story and Evolution of Doodles - G_6e786d/p_The first Doodle was a simple out-of-offi_345e61")): Object 'Object Repository/Page_The Story and Evolution of Doodles - G_6e786d/p_The first Doodle was a simple out-of-offi_345e61' is visible

07-06-2024T13:48:56 - [MESSAGE][PASSED] - Object 'Object Repository/Page_The Story and Evolution of Doodles - G_6e786d/p_The first Doodle was a simple out-of-offi_345e61' is visible

07-06-2024T13:48:56 - [TEST_STEP][PASSED] - verifyElementVisible(findTestObject("Object Repository/Page_The Story and Evolution of Doodles - G_6e786d/h2_Weve created more than 5,000 Doodles ove_111429")): Object 'Object Repository/Page_The Story and Evolution of Doodles - G_6e786d/h2_Weve created more than 5,000 Doodles ove_111429' is visible

07-06-2024T13:48:56 - [MESSAGE][PASSED] - Object 'Object Repository/Page_The Story and Evolution of Doodles - G_6e786d/h2_Weve created more than 5,000 Doodles ove_111429' is visible]]></system-out>
         <system-err><![CDATA[]]></system-err>
      </testcase>
      <testcase name="Test Cases/test case folder 1/tc1 - Copy (2) - Copy (3)" time="11.177" classname="Test Cases/test case folder 1/tc1 - Copy (2) - Copy (3)" status="PASSED">
         <system-out><![CDATA[07-06-2024T13:48:56 - [TEST_CASE][PASSED] - Test Cases/test case folder 1/tc1 - Copy (2) - Copy (3): Test Cases/test case folder 1/tc1 - Copy (2) - Copy (3)

07-06-2024T13:48:56 - [TEST_STEP][PASSED] - openBrowser(""): Browser is opened with url: ''

07-06-2024T13:48:56 - [MESSAGE][WARNING] - A browser is already opened. Closing browser and opening a new one

07-06-2024T13:48:57 - [MESSAGE][INFO] - Starting 'Firefox (headless)' driver

07-06-2024T13:48:58 - [MESSAGE][INFO] - Action delay is set to 0 milliseconds

07-06-2024T13:49:00 - [MESSAGE][PASSED] - Browser is opened with url: ''

07-06-2024T13:49:00 - [TEST_STEP][PASSED] - navigateToUrl("https://doodles.google/about/"): Navigate to 'https://doodles.google/about/' successfully

07-06-2024T13:49:02 - [MESSAGE][PASSED] - Navigate to 'https://doodles.google/about/' successfully

07-06-2024T13:49:02 - [TEST_STEP][PASSED] - click(findTestObject("Object Repository/Page_The Story and Evolution of Doodles - G_6e786d/p_The first Doodle was a simple out-of-offi_345e61")): Object: 'Object Repository/Page_The Story and Evolution of Doodles - G_6e786d/p_The first Doodle was a simple out-of-offi_345e61' is clicked on

07-06-2024T13:49:02 - [MESSAGE][PASSED] - Object: 'Object Repository/Page_The Story and Evolution of Doodles - G_6e786d/p_The first Doodle was a simple out-of-offi_345e61' is clicked on

07-06-2024T13:49:02 - [TEST_STEP][PASSED] - click(findTestObject("Object Repository/Page_The Story and Evolution of Doodles - G_6e786d/p_The first Doodle was a simple out-of-offi_345e61")): Object: 'Object Repository/Page_The Story and Evolution of Doodles - G_6e786d/p_The first Doodle was a simple out-of-offi_345e61' is clicked on

07-06-2024T13:49:03 - [MESSAGE][PASSED] - Object: 'Object Repository/Page_The Story and Evolution of Doodles - G_6e786d/p_The first Doodle was a simple out-of-offi_345e61' is clicked on

07-06-2024T13:49:03 - [TEST_STEP][PASSED] - verifyElementVisible(findTestObject("Object Repository/Page_The Story and Evolution of Doodles - G_6e786d/h1_The story behind Doodles")): Object 'Object Repository/Page_The Story and Evolution of Doodles - G_6e786d/h1_The story behind Doodles' is visible

07-06-2024T13:49:03 - [MESSAGE][PASSED] - Object 'Object Repository/Page_The Story and Evolution of Doodles - G_6e786d/h1_The story behind Doodles' is visible

07-06-2024T13:49:03 - [TEST_STEP][PASSED] - verifyElementVisible(findTestObject("Object Repository/Page_The Story and Evolution of Doodles - G_6e786d/p_The first Doodle was a simple out-of-offi_345e61")): Object 'Object Repository/Page_The Story and Evolution of Doodles - G_6e786d/p_The first Doodle was a simple out-of-offi_345e61' is visible

07-06-2024T13:49:03 - [MESSAGE][PASSED] - Object 'Object Repository/Page_The Story and Evolution of Doodles - G_6e786d/p_The first Doodle was a simple out-of-offi_345e61' is visible

07-06-2024T13:49:03 - [TEST_STEP][PASSED] - verifyElementVisible(findTestObject("Object Repository/Page_The Story and Evolution of Doodles - G_6e786d/h2_Weve created more than 5,000 Doodles ove_111429")): Object 'Object Repository/Page_The Story and Evolution of Doodles - G_6e786d/h2_Weve created more than 5,000 Doodles ove_111429' is visible

07-06-2024T13:49:03 - [MESSAGE][PASSED] - Object 'Object Repository/Page_The Story and Evolution of Doodles - G_6e786d/h2_Weve created more than 5,000 Doodles ove_111429' is visible

07-06-2024T13:49:03 - [TEST_STEP][PASSED] - verifyElementVisible(findTestObject("Object Repository/Page_The Story and Evolution of Doodles - G_6e786d/h1_The story behind Doodles")): Object 'Object Repository/Page_The Story and Evolution of Doodles - G_6e786d/h1_The story behind Doodles' is visible

07-06-2024T13:49:03 - [MESSAGE][PASSED] - Object 'Object Repository/Page_The Story and Evolution of Doodles - G_6e786d/h1_The story behind Doodles' is visible

07-06-2024T13:49:03 - [TEST_STEP][PASSED] - verifyElementVisible(findTestObject("Object Repository/Page_The Story and Evolution of Doodles - G_6e786d/p_The first Doodle was a simple out-of-offi_345e61")): Object 'Object Repository/Page_The Story and Evolution of Doodles - G_6e786d/p_The first Doodle was a simple out-of-offi_345e61' is visible

07-06-2024T13:49:03 - [MESSAGE][PASSED] - Object 'Object Repository/Page_The Story and Evolution of Doodles - G_6e786d/p_The first Doodle was a simple out-of-offi_345e61' is visible

07-06-2024T13:49:03 - [TEST_STEP][PASSED] - verifyElementVisible(findTestObject("Object Repository/Page_The Story and Evolution of Doodles - G_6e786d/h2_Weve created more than 5,000 Doodles ove_111429")): Object 'Object Repository/Page_The Story and Evolution of Doodles - G_6e786d/h2_Weve created more than 5,000 Doodles ove_111429' is visible

07-06-2024T13:49:03 - [MESSAGE][PASSED] - Object 'Object Repository/Page_The Story and Evolution of Doodles - G_6e786d/h2_Weve created more than 5,000 Doodles ove_111429' is visible

07-06-2024T13:49:03 - [TEST_STEP][PASSED] - click(findTestObject("Object Repository/Page_The Story and Evolution of Doodles - G_6e786d/p_The first Doodle was a simple out-of-offi_345e61")): Object: 'Object Repository/Page_The Story and Evolution of Doodles - G_6e786d/p_The first Doodle was a simple out-of-offi_345e61' is clicked on

07-06-2024T13:49:03 - [MESSAGE][PASSED] - Object: 'Object Repository/Page_The Story and Evolution of Doodles - G_6e786d/p_The first Doodle was a simple out-of-offi_345e61' is clicked on

07-06-2024T13:49:03 - [TEST_STEP][PASSED] - verifyElementVisible(findTestObject("Object Repository/Page_The Story and Evolution of Doodles - G_6e786d/h1_The story behind Doodles")): Object 'Object Repository/Page_The Story and Evolution of Doodles - G_6e786d/h1_The story behind Doodles' is visible

07-06-2024T13:49:03 - [MESSAGE][PASSED] - Object 'Object Repository/Page_The Story and Evolution of Doodles - G_6e786d/h1_The story behind Doodles' is visible

07-06-2024T13:49:03 - [TEST_STEP][PASSED] - verifyElementVisible(findTestObject("Object Repository/Page_The Story and Evolution of Doodles - G_6e786d/p_The first Doodle was a simple out-of-offi_345e61")): Object 'Object Repository/Page_The Story and Evolution of Doodles - G_6e786d/p_The first Doodle was a simple out-of-offi_345e61' is visible

07-06-2024T13:49:03 - [MESSAGE][PASSED] - Object 'Object Repository/Page_The Story and Evolution of Doodles - G_6e786d/p_The first Doodle was a simple out-of-offi_345e61' is visible

07-06-2024T13:49:03 - [TEST_STEP][PASSED] - verifyElementVisible(findTestObject("Object Repository/Page_The Story and Evolution of Doodles - G_6e786d/h2_Weve created more than 5,000 Doodles ove_111429")): Object 'Object Repository/Page_The Story and Evolution of Doodles - G_6e786d/h2_Weve created more than 5,000 Doodles ove_111429' is visible

07-06-2024T13:49:03 - [MESSAGE][PASSED] - Object 'Object Repository/Page_The Story and Evolution of Doodles - G_6e786d/h2_Weve created more than 5,000 Doodles ove_111429' is visible

07-06-2024T13:49:03 - [TEST_STEP][PASSED] - click(findTestObject("Object Repository/Page_The Story and Evolution of Doodles - G_6e786d/p_The first Doodle was a simple out-of-offi_345e61")): Object: 'Object Repository/Page_The Story and Evolution of Doodles - G_6e786d/p_The first Doodle was a simple out-of-offi_345e61' is clicked on

07-06-2024T13:49:03 - [MESSAGE][PASSED] - Object: 'Object Repository/Page_The Story and Evolution of Doodles - G_6e786d/p_The first Doodle was a simple out-of-offi_345e61' is clicked on

07-06-2024T13:49:03 - [TEST_STEP][PASSED] - verifyElementVisible(findTestObject("Object Repository/Page_The Story and Evolution of Doodles - G_6e786d/h1_The story behind Doodles")): Object 'Object Repository/Page_The Story and Evolution of Doodles - G_6e786d/h1_The story behind Doodles' is visible

07-06-2024T13:49:04 - [MESSAGE][PASSED] - Object 'Object Repository/Page_The Story and Evolution of Doodles - G_6e786d/h1_The story behind Doodles' is visible

07-06-2024T13:49:04 - [TEST_STEP][PASSED] - verifyElementVisible(findTestObject("Object Repository/Page_The Story and Evolution of Doodles - G_6e786d/p_The first Doodle was a simple out-of-offi_345e61")): Object 'Object Repository/Page_The Story and Evolution of Doodles - G_6e786d/p_The first Doodle was a simple out-of-offi_345e61' is visible

07-06-2024T13:49:04 - [MESSAGE][PASSED] - Object 'Object Repository/Page_The Story and Evolution of Doodles - G_6e786d/p_The first Doodle was a simple out-of-offi_345e61' is visible

07-06-2024T13:49:04 - [TEST_STEP][PASSED] - verifyElementVisible(findTestObject("Object Repository/Page_The Story and Evolution of Doodles - G_6e786d/h2_Weve created more than 5,000 Doodles ove_111429")): Object 'Object Repository/Page_The Story and Evolution of Doodles - G_6e786d/h2_Weve created more than 5,000 Doodles ove_111429' is visible

07-06-2024T13:49:04 - [MESSAGE][PASSED] - Object 'Object Repository/Page_The Story and Evolution of Doodles - G_6e786d/h2_Weve created more than 5,000 Doodles ove_111429' is visible

07-06-2024T13:49:04 - [TEST_STEP][PASSED] - click(findTestObject("Object Repository/Page_The Story and Evolution of Doodles - G_6e786d/p_The first Doodle was a simple out-of-offi_345e61")): Object: 'Object Repository/Page_The Story and Evolution of Doodles - G_6e786d/p_The first Doodle was a simple out-of-offi_345e61' is clicked on

07-06-2024T13:49:04 - [MESSAGE][PASSED] - Object: 'Object Repository/Page_The Story and Evolution of Doodles - G_6e786d/p_The first Doodle was a simple out-of-offi_345e61' is clicked on

07-06-2024T13:49:04 - [TEST_STEP][PASSED] - verifyElementVisible(findTestObject("Object Repository/Page_The Story and Evolution of Doodles - G_6e786d/h1_The story behind Doodles")): Object 'Object Repository/Page_The Story and Evolution of Doodles - G_6e786d/h1_The story behind Doodles' is visible

07-06-2024T13:49:04 - [MESSAGE][PASSED] - Object 'Object Repository/Page_The Story and Evolution of Doodles - G_6e786d/h1_The story behind Doodles' is visible

07-06-2024T13:49:04 - [TEST_STEP][PASSED] - verifyElementVisible(findTestObject("Object Repository/Page_The Story and Evolution of Doodles - G_6e786d/p_The first Doodle was a simple out-of-offi_345e61")): Object 'Object Repository/Page_The Story and Evolution of Doodles - G_6e786d/p_The first Doodle was a simple out-of-offi_345e61' is visible

07-06-2024T13:49:04 - [MESSAGE][PASSED] - Object 'Object Repository/Page_The Story and Evolution of Doodles - G_6e786d/p_The first Doodle was a simple out-of-offi_345e61' is visible

07-06-2024T13:49:04 - [TEST_STEP][PASSED] - verifyElementVisible(findTestObject("Object Repository/Page_The Story and Evolution of Doodles - G_6e786d/h2_Weve created more than 5,000 Doodles ove_111429")): Object 'Object Repository/Page_The Story and Evolution of Doodles - G_6e786d/h2_Weve created more than 5,000 Doodles ove_111429' is visible

07-06-2024T13:49:04 - [MESSAGE][PASSED] - Object 'Object Repository/Page_The Story and Evolution of Doodles - G_6e786d/h2_Weve created more than 5,000 Doodles ove_111429' is visible

07-06-2024T13:49:04 - [TEST_STEP][PASSED] - click(findTestObject("Object Repository/Page_The Story and Evolution of Doodles - G_6e786d/p_The first Doodle was a simple out-of-offi_345e61")): Object: 'Object Repository/Page_The Story and Evolution of Doodles - G_6e786d/p_The first Doodle was a simple out-of-offi_345e61' is clicked on

07-06-2024T13:49:04 - [MESSAGE][PASSED] - Object: 'Object Repository/Page_The Story and Evolution of Doodles - G_6e786d/p_The first Doodle was a simple out-of-offi_345e61' is clicked on

07-06-2024T13:49:04 - [TEST_STEP][PASSED] - verifyElementVisible(findTestObject("Object Repository/Page_The Story and Evolution of Doodles - G_6e786d/h1_The story behind Doodles")): Object 'Object Repository/Page_The Story and Evolution of Doodles - G_6e786d/h1_The story behind Doodles' is visible

07-06-2024T13:49:04 - [MESSAGE][PASSED] - Object 'Object Repository/Page_The Story and Evolution of Doodles - G_6e786d/h1_The story behind Doodles' is visible

07-06-2024T13:49:04 - [TEST_STEP][PASSED] - verifyElementVisible(findTestObject("Object Repository/Page_The Story and Evolution of Doodles - G_6e786d/p_The first Doodle was a simple out-of-offi_345e61")): Object 'Object Repository/Page_The Story and Evolution of Doodles - G_6e786d/p_The first Doodle was a simple out-of-offi_345e61' is visible

07-06-2024T13:49:04 - [MESSAGE][PASSED] - Object 'Object Repository/Page_The Story and Evolution of Doodles - G_6e786d/p_The first Doodle was a simple out-of-offi_345e61' is visible

07-06-2024T13:49:04 - [TEST_STEP][PASSED] - verifyElementVisible(findTestObject("Object Repository/Page_The Story and Evolution of Doodles - G_6e786d/h2_Weve created more than 5,000 Doodles ove_111429")): Object 'Object Repository/Page_The Story and Evolution of Doodles - G_6e786d/h2_Weve created more than 5,000 Doodles ove_111429' is visible

07-06-2024T13:49:04 - [MESSAGE][PASSED] - Object 'Object Repository/Page_The Story and Evolution of Doodles - G_6e786d/h2_Weve created more than 5,000 Doodles ove_111429' is visible

07-06-2024T13:49:04 - [TEST_STEP][PASSED] - click(findTestObject("Object Repository/Page_The Story and Evolution of Doodles - G_6e786d/p_The first Doodle was a simple out-of-offi_345e61")): Object: 'Object Repository/Page_The Story and Evolution of Doodles - G_6e786d/p_The first Doodle was a simple out-of-offi_345e61' is clicked on

07-06-2024T13:49:04 - [MESSAGE][PASSED] - Object: 'Object Repository/Page_The Story and Evolution of Doodles - G_6e786d/p_The first Doodle was a simple out-of-offi_345e61' is clicked on

07-06-2024T13:49:04 - [TEST_STEP][PASSED] - verifyElementVisible(findTestObject("Object Repository/Page_The Story and Evolution of Doodles - G_6e786d/h1_The story behind Doodles")): Object 'Object Repository/Page_The Story and Evolution of Doodles - G_6e786d/h1_The story behind Doodles' is visible

07-06-2024T13:49:05 - [MESSAGE][PASSED] - Object 'Object Repository/Page_The Story and Evolution of Doodles - G_6e786d/h1_The story behind Doodles' is visible

07-06-2024T13:49:05 - [TEST_STEP][PASSED] - verifyElementVisible(findTestObject("Object Repository/Page_The Story and Evolution of Doodles - G_6e786d/p_The first Doodle was a simple out-of-offi_345e61")): Object 'Object Repository/Page_The Story and Evolution of Doodles - G_6e786d/p_The first Doodle was a simple out-of-offi_345e61' is visible

07-06-2024T13:49:05 - [MESSAGE][PASSED] - Object 'Object Repository/Page_The Story and Evolution of Doodles - G_6e786d/p_The first Doodle was a simple out-of-offi_345e61' is visible

07-06-2024T13:49:05 - [TEST_STEP][PASSED] - verifyElementVisible(findTestObject("Object Repository/Page_The Story and Evolution of Doodles - G_6e786d/h2_Weve created more than 5,000 Doodles ove_111429")): Object 'Object Repository/Page_The Story and Evolution of Doodles - G_6e786d/h2_Weve created more than 5,000 Doodles ove_111429' is visible

07-06-2024T13:49:05 - [MESSAGE][PASSED] - Object 'Object Repository/Page_The Story and Evolution of Doodles - G_6e786d/h2_Weve created more than 5,000 Doodles ove_111429' is visible

07-06-2024T13:49:05 - [TEST_STEP][PASSED] - click(findTestObject("Object Repository/Page_The Story and Evolution of Doodles - G_6e786d/p_The first Doodle was a simple out-of-offi_345e61")): Object: 'Object Repository/Page_The Story and Evolution of Doodles - G_6e786d/p_The first Doodle was a simple out-of-offi_345e61' is clicked on

07-06-2024T13:49:05 - [MESSAGE][PASSED] - Object: 'Object Repository/Page_The Story and Evolution of Doodles - G_6e786d/p_The first Doodle was a simple out-of-offi_345e61' is clicked on

07-06-2024T13:49:05 - [TEST_STEP][PASSED] - verifyElementVisible(findTestObject("Object Repository/Page_The Story and Evolution of Doodles - G_6e786d/h1_The story behind Doodles")): Object 'Object Repository/Page_The Story and Evolution of Doodles - G_6e786d/h1_The story behind Doodles' is visible

07-06-2024T13:49:05 - [MESSAGE][PASSED] - Object 'Object Repository/Page_The Story and Evolution of Doodles - G_6e786d/h1_The story behind Doodles' is visible

07-06-2024T13:49:05 - [TEST_STEP][PASSED] - verifyElementVisible(findTestObject("Object Repository/Page_The Story and Evolution of Doodles - G_6e786d/p_The first Doodle was a simple out-of-offi_345e61")): Object 'Object Repository/Page_The Story and Evolution of Doodles - G_6e786d/p_The first Doodle was a simple out-of-offi_345e61' is visible

07-06-2024T13:49:05 - [MESSAGE][PASSED] - Object 'Object Repository/Page_The Story and Evolution of Doodles - G_6e786d/p_The first Doodle was a simple out-of-offi_345e61' is visible

07-06-2024T13:49:05 - [TEST_STEP][PASSED] - verifyElementVisible(findTestObject("Object Repository/Page_The Story and Evolution of Doodles - G_6e786d/h2_Weve created more than 5,000 Doodles ove_111429")): Object 'Object Repository/Page_The Story and Evolution of Doodles - G_6e786d/h2_Weve created more than 5,000 Doodles ove_111429' is visible

07-06-2024T13:49:05 - [MESSAGE][PASSED] - Object 'Object Repository/Page_The Story and Evolution of Doodles - G_6e786d/h2_Weve created more than 5,000 Doodles ove_111429' is visible

07-06-2024T13:49:05 - [TEST_STEP][PASSED] - click(findTestObject("Object Repository/Page_The Story and Evolution of Doodles - G_6e786d/p_The first Doodle was a simple out-of-offi_345e61")): Object: 'Object Repository/Page_The Story and Evolution of Doodles - G_6e786d/p_The first Doodle was a simple out-of-offi_345e61' is clicked on

07-06-2024T13:49:05 - [MESSAGE][PASSED] - Object: 'Object Repository/Page_The Story and Evolution of Doodles - G_6e786d/p_The first Doodle was a simple out-of-offi_345e61' is clicked on

07-06-2024T13:49:05 - [TEST_STEP][PASSED] - verifyElementVisible(findTestObject("Object Repository/Page_The Story and Evolution of Doodles - G_6e786d/h1_The story behind Doodles")): Object 'Object Repository/Page_The Story and Evolution of Doodles - G_6e786d/h1_The story behind Doodles' is visible

07-06-2024T13:49:05 - [MESSAGE][PASSED] - Object 'Object Repository/Page_The Story and Evolution of Doodles - G_6e786d/h1_The story behind Doodles' is visible

07-06-2024T13:49:05 - [TEST_STEP][PASSED] - verifyElementVisible(findTestObject("Object Repository/Page_The Story and Evolution of Doodles - G_6e786d/p_The first Doodle was a simple out-of-offi_345e61")): Object 'Object Repository/Page_The Story and Evolution of Doodles - G_6e786d/p_The first Doodle was a simple out-of-offi_345e61' is visible

07-06-2024T13:49:06 - [MESSAGE][PASSED] - Object 'Object Repository/Page_The Story and Evolution of Doodles - G_6e786d/p_The first Doodle was a simple out-of-offi_345e61' is visible

07-06-2024T13:49:06 - [TEST_STEP][PASSED] - verifyElementVisible(findTestObject("Object Repository/Page_The Story and Evolution of Doodles - G_6e786d/h2_Weve created more than 5,000 Doodles ove_111429")): Object 'Object Repository/Page_The Story and Evolution of Doodles - G_6e786d/h2_Weve created more than 5,000 Doodles ove_111429' is visible

07-06-2024T13:49:06 - [MESSAGE][PASSED] - Object 'Object Repository/Page_The Story and Evolution of Doodles - G_6e786d/h2_Weve created more than 5,000 Doodles ove_111429' is visible

07-06-2024T13:49:06 - [TEST_STEP][PASSED] - click(findTestObject("Object Repository/Page_The Story and Evolution of Doodles - G_6e786d/p_The first Doodle was a simple out-of-offi_345e61")): Object: 'Object Repository/Page_The Story and Evolution of Doodles - G_6e786d/p_The first Doodle was a simple out-of-offi_345e61' is clicked on

07-06-2024T13:49:06 - [MESSAGE][PASSED] - Object: 'Object Repository/Page_The Story and Evolution of Doodles - G_6e786d/p_The first Doodle was a simple out-of-offi_345e61' is clicked on

07-06-2024T13:49:06 - [TEST_STEP][PASSED] - verifyElementVisible(findTestObject("Object Repository/Page_The Story and Evolution of Doodles - G_6e786d/h1_The story behind Doodles")): Object 'Object Repository/Page_The Story and Evolution of Doodles - G_6e786d/h1_The story behind Doodles' is visible

07-06-2024T13:49:06 - [MESSAGE][PASSED] - Object 'Object Repository/Page_The Story and Evolution of Doodles - G_6e786d/h1_The story behind Doodles' is visible

07-06-2024T13:49:06 - [TEST_STEP][PASSED] - verifyElementVisible(findTestObject("Object Repository/Page_The Story and Evolution of Doodles - G_6e786d/p_The first Doodle was a simple out-of-offi_345e61")): Object 'Object Repository/Page_The Story and Evolution of Doodles - G_6e786d/p_The first Doodle was a simple out-of-offi_345e61' is visible

07-06-2024T13:49:06 - [MESSAGE][PASSED] - Object 'Object Repository/Page_The Story and Evolution of Doodles - G_6e786d/p_The first Doodle was a simple out-of-offi_345e61' is visible

07-06-2024T13:49:06 - [TEST_STEP][PASSED] - verifyElementVisible(findTestObject("Object Repository/Page_The Story and Evolution of Doodles - G_6e786d/h2_Weve created more than 5,000 Doodles ove_111429")): Object 'Object Repository/Page_The Story and Evolution of Doodles - G_6e786d/h2_Weve created more than 5,000 Doodles ove_111429' is visible

07-06-2024T13:49:06 - [MESSAGE][PASSED] - Object 'Object Repository/Page_The Story and Evolution of Doodles - G_6e786d/h2_Weve created more than 5,000 Doodles ove_111429' is visible

07-06-2024T13:49:06 - [TEST_STEP][PASSED] - click(findTestObject("Object Repository/Page_The Story and Evolution of Doodles - G_6e786d/p_The first Doodle was a simple out-of-offi_345e61")): Object: 'Object Repository/Page_The Story and Evolution of Doodles - G_6e786d/p_The first Doodle was a simple out-of-offi_345e61' is clicked on

07-06-2024T13:49:07 - [MESSAGE][PASSED] - Object: 'Object Repository/Page_The Story and Evolution of Doodles - G_6e786d/p_The first Doodle was a simple out-of-offi_345e61' is clicked on

07-06-2024T13:49:07 - [TEST_STEP][PASSED] - verifyElementVisible(findTestObject("Object Repository/Page_The Story and Evolution of Doodles - G_6e786d/h1_The story behind Doodles")): Object 'Object Repository/Page_The Story and Evolution of Doodles - G_6e786d/h1_The story behind Doodles' is visible

07-06-2024T13:49:07 - [MESSAGE][PASSED] - Object 'Object Repository/Page_The Story and Evolution of Doodles - G_6e786d/h1_The story behind Doodles' is visible

07-06-2024T13:49:07 - [TEST_STEP][PASSED] - verifyElementVisible(findTestObject("Object Repository/Page_The Story and Evolution of Doodles - G_6e786d/p_The first Doodle was a simple out-of-offi_345e61")): Object 'Object Repository/Page_The Story and Evolution of Doodles - G_6e786d/p_The first Doodle was a simple out-of-offi_345e61' is visible

07-06-2024T13:49:07 - [MESSAGE][PASSED] - Object 'Object Repository/Page_The Story and Evolution of Doodles - G_6e786d/p_The first Doodle was a simple out-of-offi_345e61' is visible

07-06-2024T13:49:07 - [TEST_STEP][PASSED] - verifyElementVisible(findTestObject("Object Repository/Page_The Story and Evolution of Doodles - G_6e786d/h2_Weve created more than 5,000 Doodles ove_111429")): Object 'Object Repository/Page_The Story and Evolution of Doodles - G_6e786d/h2_Weve created more than 5,000 Doodles ove_111429' is visible

07-06-2024T13:49:07 - [MESSAGE][PASSED] - Object 'Object Repository/Page_The Story and Evolution of Doodles - G_6e786d/h2_Weve created more than 5,000 Doodles ove_111429' is visible]]></system-out>
         <system-err><![CDATA[]]></system-err>
      </testcase>
      <testcase name="Test Cases/test case folder 1/tc1 - Copy (2) - Copy (2)" time="10.348" classname="Test Cases/test case folder 1/tc1 - Copy (2) - Copy (2)" status="PASSED">
         <system-out><![CDATA[07-06-2024T13:49:07 - [TEST_CASE][PASSED] - Test Cases/test case folder 1/tc1 - Copy (2) - Copy (2): Test Cases/test case folder 1/tc1 - Copy (2) - Copy (2)

07-06-2024T13:49:07 - [TEST_STEP][PASSED] - openBrowser(""): Browser is opened with url: ''

07-06-2024T13:49:07 - [MESSAGE][WARNING] - A browser is already opened. Closing browser and opening a new one

07-06-2024T13:49:08 - [MESSAGE][INFO] - Starting 'Firefox (headless)' driver

07-06-2024T13:49:08 - [MESSAGE][INFO] - Action delay is set to 0 milliseconds

07-06-2024T13:49:10 - [MESSAGE][PASSED] - Browser is opened with url: ''

07-06-2024T13:49:10 - [TEST_STEP][PASSED] - navigateToUrl("https://doodles.google/about/"): Navigate to 'https://doodles.google/about/' successfully

07-06-2024T13:49:12 - [MESSAGE][PASSED] - Navigate to 'https://doodles.google/about/' successfully

07-06-2024T13:49:12 - [TEST_STEP][PASSED] - click(findTestObject("Object Repository/Page_The Story and Evolution of Doodles - G_6e786d/p_The first Doodle was a simple out-of-offi_345e61")): Object: 'Object Repository/Page_The Story and Evolution of Doodles - G_6e786d/p_The first Doodle was a simple out-of-offi_345e61' is clicked on

07-06-2024T13:49:12 - [MESSAGE][PASSED] - Object: 'Object Repository/Page_The Story and Evolution of Doodles - G_6e786d/p_The first Doodle was a simple out-of-offi_345e61' is clicked on

07-06-2024T13:49:12 - [TEST_STEP][PASSED] - click(findTestObject("Object Repository/Page_The Story and Evolution of Doodles - G_6e786d/p_The first Doodle was a simple out-of-offi_345e61")): Object: 'Object Repository/Page_The Story and Evolution of Doodles - G_6e786d/p_The first Doodle was a simple out-of-offi_345e61' is clicked on

07-06-2024T13:49:13 - [MESSAGE][PASSED] - Object: 'Object Repository/Page_The Story and Evolution of Doodles - G_6e786d/p_The first Doodle was a simple out-of-offi_345e61' is clicked on

07-06-2024T13:49:13 - [TEST_STEP][PASSED] - verifyElementVisible(findTestObject("Object Repository/Page_The Story and Evolution of Doodles - G_6e786d/h1_The story behind Doodles")): Object 'Object Repository/Page_The Story and Evolution of Doodles - G_6e786d/h1_The story behind Doodles' is visible

07-06-2024T13:49:13 - [MESSAGE][PASSED] - Object 'Object Repository/Page_The Story and Evolution of Doodles - G_6e786d/h1_The story behind Doodles' is visible

07-06-2024T13:49:13 - [TEST_STEP][PASSED] - verifyElementVisible(findTestObject("Object Repository/Page_The Story and Evolution of Doodles - G_6e786d/p_The first Doodle was a simple out-of-offi_345e61")): Object 'Object Repository/Page_The Story and Evolution of Doodles - G_6e786d/p_The first Doodle was a simple out-of-offi_345e61' is visible

07-06-2024T13:49:13 - [MESSAGE][PASSED] - Object 'Object Repository/Page_The Story and Evolution of Doodles - G_6e786d/p_The first Doodle was a simple out-of-offi_345e61' is visible

07-06-2024T13:49:13 - [TEST_STEP][PASSED] - verifyElementVisible(findTestObject("Object Repository/Page_The Story and Evolution of Doodles - G_6e786d/h2_Weve created more than 5,000 Doodles ove_111429")): Object 'Object Repository/Page_The Story and Evolution of Doodles - G_6e786d/h2_Weve created more than 5,000 Doodles ove_111429' is visible

07-06-2024T13:49:13 - [MESSAGE][PASSED] - Object 'Object Repository/Page_The Story and Evolution of Doodles - G_6e786d/h2_Weve created more than 5,000 Doodles ove_111429' is visible

07-06-2024T13:49:13 - [TEST_STEP][PASSED] - verifyElementVisible(findTestObject("Object Repository/Page_The Story and Evolution of Doodles - G_6e786d/h1_The story behind Doodles")): Object 'Object Repository/Page_The Story and Evolution of Doodles - G_6e786d/h1_The story behind Doodles' is visible

07-06-2024T13:49:13 - [MESSAGE][PASSED] - Object 'Object Repository/Page_The Story and Evolution of Doodles - G_6e786d/h1_The story behind Doodles' is visible

07-06-2024T13:49:13 - [TEST_STEP][PASSED] - verifyElementVisible(findTestObject("Object Repository/Page_The Story and Evolution of Doodles - G_6e786d/p_The first Doodle was a simple out-of-offi_345e61")): Object 'Object Repository/Page_The Story and Evolution of Doodles - G_6e786d/p_The first Doodle was a simple out-of-offi_345e61' is visible

07-06-2024T13:49:13 - [MESSAGE][PASSED] - Object 'Object Repository/Page_The Story and Evolution of Doodles - G_6e786d/p_The first Doodle was a simple out-of-offi_345e61' is visible

07-06-2024T13:49:13 - [TEST_STEP][PASSED] - verifyElementVisible(findTestObject("Object Repository/Page_The Story and Evolution of Doodles - G_6e786d/h2_Weve created more than 5,000 Doodles ove_111429")): Object 'Object Repository/Page_The Story and Evolution of Doodles - G_6e786d/h2_Weve created more than 5,000 Doodles ove_111429' is visible

07-06-2024T13:49:13 - [MESSAGE][PASSED] - Object 'Object Repository/Page_The Story and Evolution of Doodles - G_6e786d/h2_Weve created more than 5,000 Doodles ove_111429' is visible

07-06-2024T13:49:13 - [TEST_STEP][PASSED] - click(findTestObject("Object Repository/Page_The Story and Evolution of Doodles - G_6e786d/p_The first Doodle was a simple out-of-offi_345e61")): Object: 'Object Repository/Page_The Story and Evolution of Doodles - G_6e786d/p_The first Doodle was a simple out-of-offi_345e61' is clicked on

07-06-2024T13:49:13 - [MESSAGE][PASSED] - Object: 'Object Repository/Page_The Story and Evolution of Doodles - G_6e786d/p_The first Doodle was a simple out-of-offi_345e61' is clicked on

07-06-2024T13:49:13 - [TEST_STEP][PASSED] - verifyElementVisible(findTestObject("Object Repository/Page_The Story and Evolution of Doodles - G_6e786d/h1_The story behind Doodles")): Object 'Object Repository/Page_The Story and Evolution of Doodles - G_6e786d/h1_The story behind Doodles' is visible

07-06-2024T13:49:13 - [MESSAGE][PASSED] - Object 'Object Repository/Page_The Story and Evolution of Doodles - G_6e786d/h1_The story behind Doodles' is visible

07-06-2024T13:49:13 - [TEST_STEP][PASSED] - verifyElementVisible(findTestObject("Object Repository/Page_The Story and Evolution of Doodles - G_6e786d/p_The first Doodle was a simple out-of-offi_345e61")): Object 'Object Repository/Page_The Story and Evolution of Doodles - G_6e786d/p_The first Doodle was a simple out-of-offi_345e61' is visible

07-06-2024T13:49:13 - [MESSAGE][PASSED] - Object 'Object Repository/Page_The Story and Evolution of Doodles - G_6e786d/p_The first Doodle was a simple out-of-offi_345e61' is visible

07-06-2024T13:49:13 - [TEST_STEP][PASSED] - verifyElementVisible(findTestObject("Object Repository/Page_The Story and Evolution of Doodles - G_6e786d/h2_Weve created more than 5,000 Doodles ove_111429")): Object 'Object Repository/Page_The Story and Evolution of Doodles - G_6e786d/h2_Weve created more than 5,000 Doodles ove_111429' is visible

07-06-2024T13:49:13 - [MESSAGE][PASSED] - Object 'Object Repository/Page_The Story and Evolution of Doodles - G_6e786d/h2_Weve created more than 5,000 Doodles ove_111429' is visible

07-06-2024T13:49:13 - [TEST_STEP][PASSED] - click(findTestObject("Object Repository/Page_The Story and Evolution of Doodles - G_6e786d/p_The first Doodle was a simple out-of-offi_345e61")): Object: 'Object Repository/Page_The Story and Evolution of Doodles - G_6e786d/p_The first Doodle was a simple out-of-offi_345e61' is clicked on

07-06-2024T13:49:14 - [MESSAGE][PASSED] - Object: 'Object Repository/Page_The Story and Evolution of Doodles - G_6e786d/p_The first Doodle was a simple out-of-offi_345e61' is clicked on

07-06-2024T13:49:14 - [TEST_STEP][PASSED] - verifyElementVisible(findTestObject("Object Repository/Page_The Story and Evolution of Doodles - G_6e786d/h1_The story behind Doodles")): Object 'Object Repository/Page_The Story and Evolution of Doodles - G_6e786d/h1_The story behind Doodles' is visible

07-06-2024T13:49:14 - [MESSAGE][PASSED] - Object 'Object Repository/Page_The Story and Evolution of Doodles - G_6e786d/h1_The story behind Doodles' is visible

07-06-2024T13:49:14 - [TEST_STEP][PASSED] - verifyElementVisible(findTestObject("Object Repository/Page_The Story and Evolution of Doodles - G_6e786d/p_The first Doodle was a simple out-of-offi_345e61")): Object 'Object Repository/Page_The Story and Evolution of Doodles - G_6e786d/p_The first Doodle was a simple out-of-offi_345e61' is visible

07-06-2024T13:49:14 - [MESSAGE][PASSED] - Object 'Object Repository/Page_The Story and Evolution of Doodles - G_6e786d/p_The first Doodle was a simple out-of-offi_345e61' is visible

07-06-2024T13:49:14 - [TEST_STEP][PASSED] - verifyElementVisible(findTestObject("Object Repository/Page_The Story and Evolution of Doodles - G_6e786d/h2_Weve created more than 5,000 Doodles ove_111429")): Object 'Object Repository/Page_The Story and Evolution of Doodles - G_6e786d/h2_Weve created more than 5,000 Doodles ove_111429' is visible

07-06-2024T13:49:14 - [MESSAGE][PASSED] - Object 'Object Repository/Page_The Story and Evolution of Doodles - G_6e786d/h2_Weve created more than 5,000 Doodles ove_111429' is visible

07-06-2024T13:49:14 - [TEST_STEP][PASSED] - click(findTestObject("Object Repository/Page_The Story and Evolution of Doodles - G_6e786d/p_The first Doodle was a simple out-of-offi_345e61")): Object: 'Object Repository/Page_The Story and Evolution of Doodles - G_6e786d/p_The first Doodle was a simple out-of-offi_345e61' is clicked on

07-06-2024T13:49:14 - [MESSAGE][PASSED] - Object: 'Object Repository/Page_The Story and Evolution of Doodles - G_6e786d/p_The first Doodle was a simple out-of-offi_345e61' is clicked on

07-06-2024T13:49:14 - [TEST_STEP][PASSED] - verifyElementVisible(findTestObject("Object Repository/Page_The Story and Evolution of Doodles - G_6e786d/h1_The story behind Doodles")): Object 'Object Repository/Page_The Story and Evolution of Doodles - G_6e786d/h1_The story behind Doodles' is visible

07-06-2024T13:49:14 - [MESSAGE][PASSED] - Object 'Object Repository/Page_The Story and Evolution of Doodles - G_6e786d/h1_The story behind Doodles' is visible

07-06-2024T13:49:14 - [TEST_STEP][PASSED] - verifyElementVisible(findTestObject("Object Repository/Page_The Story and Evolution of Doodles - G_6e786d/p_The first Doodle was a simple out-of-offi_345e61")): Object 'Object Repository/Page_The Story and Evolution of Doodles - G_6e786d/p_The first Doodle was a simple out-of-offi_345e61' is visible

07-06-2024T13:49:14 - [MESSAGE][PASSED] - Object 'Object Repository/Page_The Story and Evolution of Doodles - G_6e786d/p_The first Doodle was a simple out-of-offi_345e61' is visible

07-06-2024T13:49:14 - [TEST_STEP][PASSED] - verifyElementVisible(findTestObject("Object Repository/Page_The Story and Evolution of Doodles - G_6e786d/h2_Weve created more than 5,000 Doodles ove_111429")): Object 'Object Repository/Page_The Story and Evolution of Doodles - G_6e786d/h2_Weve created more than 5,000 Doodles ove_111429' is visible

07-06-2024T13:49:14 - [MESSAGE][PASSED] - Object 'Object Repository/Page_The Story and Evolution of Doodles - G_6e786d/h2_Weve created more than 5,000 Doodles ove_111429' is visible

07-06-2024T13:49:14 - [TEST_STEP][PASSED] - click(findTestObject("Object Repository/Page_The Story and Evolution of Doodles - G_6e786d/p_The first Doodle was a simple out-of-offi_345e61")): Object: 'Object Repository/Page_The Story and Evolution of Doodles - G_6e786d/p_The first Doodle was a simple out-of-offi_345e61' is clicked on

07-06-2024T13:49:15 - [MESSAGE][PASSED] - Object: 'Object Repository/Page_The Story and Evolution of Doodles - G_6e786d/p_The first Doodle was a simple out-of-offi_345e61' is clicked on

07-06-2024T13:49:15 - [TEST_STEP][PASSED] - verifyElementVisible(findTestObject("Object Repository/Page_The Story and Evolution of Doodles - G_6e786d/h1_The story behind Doodles")): Object 'Object Repository/Page_The Story and Evolution of Doodles - G_6e786d/h1_The story behind Doodles' is visible

07-06-2024T13:49:15 - [MESSAGE][PASSED] - Object 'Object Repository/Page_The Story and Evolution of Doodles - G_6e786d/h1_The story behind Doodles' is visible

07-06-2024T13:49:15 - [TEST_STEP][PASSED] - verifyElementVisible(findTestObject("Object Repository/Page_The Story and Evolution of Doodles - G_6e786d/p_The first Doodle was a simple out-of-offi_345e61")): Object 'Object Repository/Page_The Story and Evolution of Doodles - G_6e786d/p_The first Doodle was a simple out-of-offi_345e61' is visible

07-06-2024T13:49:15 - [MESSAGE][PASSED] - Object 'Object Repository/Page_The Story and Evolution of Doodles - G_6e786d/p_The first Doodle was a simple out-of-offi_345e61' is visible

07-06-2024T13:49:15 - [TEST_STEP][PASSED] - verifyElementVisible(findTestObject("Object Repository/Page_The Story and Evolution of Doodles - G_6e786d/h2_Weve created more than 5,000 Doodles ove_111429")): Object 'Object Repository/Page_The Story and Evolution of Doodles - G_6e786d/h2_Weve created more than 5,000 Doodles ove_111429' is visible

07-06-2024T13:49:15 - [MESSAGE][PASSED] - Object 'Object Repository/Page_The Story and Evolution of Doodles - G_6e786d/h2_Weve created more than 5,000 Doodles ove_111429' is visible

07-06-2024T13:49:15 - [TEST_STEP][PASSED] - click(findTestObject("Object Repository/Page_The Story and Evolution of Doodles - G_6e786d/p_The first Doodle was a simple out-of-offi_345e61")): Object: 'Object Repository/Page_The Story and Evolution of Doodles - G_6e786d/p_The first Doodle was a simple out-of-offi_345e61' is clicked on

07-06-2024T13:49:15 - [MESSAGE][PASSED] - Object: 'Object Repository/Page_The Story and Evolution of Doodles - G_6e786d/p_The first Doodle was a simple out-of-offi_345e61' is clicked on

07-06-2024T13:49:15 - [TEST_STEP][PASSED] - verifyElementVisible(findTestObject("Object Repository/Page_The Story and Evolution of Doodles - G_6e786d/h1_The story behind Doodles")): Object 'Object Repository/Page_The Story and Evolution of Doodles - G_6e786d/h1_The story behind Doodles' is visible

07-06-2024T13:49:15 - [MESSAGE][PASSED] - Object 'Object Repository/Page_The Story and Evolution of Doodles - G_6e786d/h1_The story behind Doodles' is visible

07-06-2024T13:49:15 - [TEST_STEP][PASSED] - verifyElementVisible(findTestObject("Object Repository/Page_The Story and Evolution of Doodles - G_6e786d/p_The first Doodle was a simple out-of-offi_345e61")): Object 'Object Repository/Page_The Story and Evolution of Doodles - G_6e786d/p_The first Doodle was a simple out-of-offi_345e61' is visible

07-06-2024T13:49:15 - [MESSAGE][PASSED] - Object 'Object Repository/Page_The Story and Evolution of Doodles - G_6e786d/p_The first Doodle was a simple out-of-offi_345e61' is visible

07-06-2024T13:49:15 - [TEST_STEP][PASSED] - verifyElementVisible(findTestObject("Object Repository/Page_The Story and Evolution of Doodles - G_6e786d/h2_Weve created more than 5,000 Doodles ove_111429")): Object 'Object Repository/Page_The Story and Evolution of Doodles - G_6e786d/h2_Weve created more than 5,000 Doodles ove_111429' is visible

07-06-2024T13:49:15 - [MESSAGE][PASSED] - Object 'Object Repository/Page_The Story and Evolution of Doodles - G_6e786d/h2_Weve created more than 5,000 Doodles ove_111429' is visible

07-06-2024T13:49:15 - [TEST_STEP][PASSED] - click(findTestObject("Object Repository/Page_The Story and Evolution of Doodles - G_6e786d/p_The first Doodle was a simple out-of-offi_345e61")): Object: 'Object Repository/Page_The Story and Evolution of Doodles - G_6e786d/p_The first Doodle was a simple out-of-offi_345e61' is clicked on

07-06-2024T13:49:15 - [MESSAGE][PASSED] - Object: 'Object Repository/Page_The Story and Evolution of Doodles - G_6e786d/p_The first Doodle was a simple out-of-offi_345e61' is clicked on

07-06-2024T13:49:15 - [TEST_STEP][PASSED] - verifyElementVisible(findTestObject("Object Repository/Page_The Story and Evolution of Doodles - G_6e786d/h1_The story behind Doodles")): Object 'Object Repository/Page_The Story and Evolution of Doodles - G_6e786d/h1_The story behind Doodles' is visible

07-06-2024T13:49:16 - [MESSAGE][PASSED] - Object 'Object Repository/Page_The Story and Evolution of Doodles - G_6e786d/h1_The story behind Doodles' is visible

07-06-2024T13:49:16 - [TEST_STEP][PASSED] - verifyElementVisible(findTestObject("Object Repository/Page_The Story and Evolution of Doodles - G_6e786d/p_The first Doodle was a simple out-of-offi_345e61")): Object 'Object Repository/Page_The Story and Evolution of Doodles - G_6e786d/p_The first Doodle was a simple out-of-offi_345e61' is visible

07-06-2024T13:49:16 - [MESSAGE][PASSED] - Object 'Object Repository/Page_The Story and Evolution of Doodles - G_6e786d/p_The first Doodle was a simple out-of-offi_345e61' is visible

07-06-2024T13:49:16 - [TEST_STEP][PASSED] - verifyElementVisible(findTestObject("Object Repository/Page_The Story and Evolution of Doodles - G_6e786d/h2_Weve created more than 5,000 Doodles ove_111429")): Object 'Object Repository/Page_The Story and Evolution of Doodles - G_6e786d/h2_Weve created more than 5,000 Doodles ove_111429' is visible

07-06-2024T13:49:16 - [MESSAGE][PASSED] - Object 'Object Repository/Page_The Story and Evolution of Doodles - G_6e786d/h2_Weve created more than 5,000 Doodles ove_111429' is visible

07-06-2024T13:49:16 - [TEST_STEP][PASSED] - click(findTestObject("Object Repository/Page_The Story and Evolution of Doodles - G_6e786d/p_The first Doodle was a simple out-of-offi_345e61")): Object: 'Object Repository/Page_The Story and Evolution of Doodles - G_6e786d/p_The first Doodle was a simple out-of-offi_345e61' is clicked on

07-06-2024T13:49:16 - [MESSAGE][PASSED] - Object: 'Object Repository/Page_The Story and Evolution of Doodles - G_6e786d/p_The first Doodle was a simple out-of-offi_345e61' is clicked on

07-06-2024T13:49:16 - [TEST_STEP][PASSED] - verifyElementVisible(findTestObject("Object Repository/Page_The Story and Evolution of Doodles - G_6e786d/h1_The story behind Doodles")): Object 'Object Repository/Page_The Story and Evolution of Doodles - G_6e786d/h1_The story behind Doodles' is visible

07-06-2024T13:49:16 - [MESSAGE][PASSED] - Object 'Object Repository/Page_The Story and Evolution of Doodles - G_6e786d/h1_The story behind Doodles' is visible

07-06-2024T13:49:16 - [TEST_STEP][PASSED] - verifyElementVisible(findTestObject("Object Repository/Page_The Story and Evolution of Doodles - G_6e786d/p_The first Doodle was a simple out-of-offi_345e61")): Object 'Object Repository/Page_The Story and Evolution of Doodles - G_6e786d/p_The first Doodle was a simple out-of-offi_345e61' is visible

07-06-2024T13:49:16 - [MESSAGE][PASSED] - Object 'Object Repository/Page_The Story and Evolution of Doodles - G_6e786d/p_The first Doodle was a simple out-of-offi_345e61' is visible

07-06-2024T13:49:16 - [TEST_STEP][PASSED] - verifyElementVisible(findTestObject("Object Repository/Page_The Story and Evolution of Doodles - G_6e786d/h2_Weve created more than 5,000 Doodles ove_111429")): Object 'Object Repository/Page_The Story and Evolution of Doodles - G_6e786d/h2_Weve created more than 5,000 Doodles ove_111429' is visible

07-06-2024T13:49:16 - [MESSAGE][PASSED] - Object 'Object Repository/Page_The Story and Evolution of Doodles - G_6e786d/h2_Weve created more than 5,000 Doodles ove_111429' is visible

07-06-2024T13:49:16 - [TEST_STEP][PASSED] - click(findTestObject("Object Repository/Page_The Story and Evolution of Doodles - G_6e786d/p_The first Doodle was a simple out-of-offi_345e61")): Object: 'Object Repository/Page_The Story and Evolution of Doodles - G_6e786d/p_The first Doodle was a simple out-of-offi_345e61' is clicked on

07-06-2024T13:49:16 - [MESSAGE][PASSED] - Object: 'Object Repository/Page_The Story and Evolution of Doodles - G_6e786d/p_The first Doodle was a simple out-of-offi_345e61' is clicked on

07-06-2024T13:49:16 - [TEST_STEP][PASSED] - verifyElementVisible(findTestObject("Object Repository/Page_The Story and Evolution of Doodles - G_6e786d/h1_The story behind Doodles")): Object 'Object Repository/Page_The Story and Evolution of Doodles - G_6e786d/h1_The story behind Doodles' is visible

07-06-2024T13:49:17 - [MESSAGE][PASSED] - Object 'Object Repository/Page_The Story and Evolution of Doodles - G_6e786d/h1_The story behind Doodles' is visible

07-06-2024T13:49:17 - [TEST_STEP][PASSED] - verifyElementVisible(findTestObject("Object Repository/Page_The Story and Evolution of Doodles - G_6e786d/p_The first Doodle was a simple out-of-offi_345e61")): Object 'Object Repository/Page_The Story and Evolution of Doodles - G_6e786d/p_The first Doodle was a simple out-of-offi_345e61' is visible

07-06-2024T13:49:17 - [MESSAGE][PASSED] - Object 'Object Repository/Page_The Story and Evolution of Doodles - G_6e786d/p_The first Doodle was a simple out-of-offi_345e61' is visible

07-06-2024T13:49:17 - [TEST_STEP][PASSED] - verifyElementVisible(findTestObject("Object Repository/Page_The Story and Evolution of Doodles - G_6e786d/h2_Weve created more than 5,000 Doodles ove_111429")): Object 'Object Repository/Page_The Story and Evolution of Doodles - G_6e786d/h2_Weve created more than 5,000 Doodles ove_111429' is visible

07-06-2024T13:49:17 - [MESSAGE][PASSED] - Object 'Object Repository/Page_The Story and Evolution of Doodles - G_6e786d/h2_Weve created more than 5,000 Doodles ove_111429' is visible

07-06-2024T13:49:17 - [TEST_STEP][PASSED] - click(findTestObject("Object Repository/Page_The Story and Evolution of Doodles - G_6e786d/p_The first Doodle was a simple out-of-offi_345e61")): Object: 'Object Repository/Page_The Story and Evolution of Doodles - G_6e786d/p_The first Doodle was a simple out-of-offi_345e61' is clicked on

07-06-2024T13:49:17 - [MESSAGE][PASSED] - Object: 'Object Repository/Page_The Story and Evolution of Doodles - G_6e786d/p_The first Doodle was a simple out-of-offi_345e61' is clicked on

07-06-2024T13:49:17 - [TEST_STEP][PASSED] - verifyElementVisible(findTestObject("Object Repository/Page_The Story and Evolution of Doodles - G_6e786d/h1_The story behind Doodles")): Object 'Object Repository/Page_The Story and Evolution of Doodles - G_6e786d/h1_The story behind Doodles' is visible

07-06-2024T13:49:17 - [MESSAGE][PASSED] - Object 'Object Repository/Page_The Story and Evolution of Doodles - G_6e786d/h1_The story behind Doodles' is visible

07-06-2024T13:49:17 - [TEST_STEP][PASSED] - verifyElementVisible(findTestObject("Object Repository/Page_The Story and Evolution of Doodles - G_6e786d/p_The first Doodle was a simple out-of-offi_345e61")): Object 'Object Repository/Page_The Story and Evolution of Doodles - G_6e786d/p_The first Doodle was a simple out-of-offi_345e61' is visible

07-06-2024T13:49:17 - [MESSAGE][PASSED] - Object 'Object Repository/Page_The Story and Evolution of Doodles - G_6e786d/p_The first Doodle was a simple out-of-offi_345e61' is visible

07-06-2024T13:49:17 - [TEST_STEP][PASSED] - verifyElementVisible(findTestObject("Object Repository/Page_The Story and Evolution of Doodles - G_6e786d/h2_Weve created more than 5,000 Doodles ove_111429")): Object 'Object Repository/Page_The Story and Evolution of Doodles - G_6e786d/h2_Weve created more than 5,000 Doodles ove_111429' is visible

07-06-2024T13:49:17 - [MESSAGE][PASSED] - Object 'Object Repository/Page_The Story and Evolution of Doodles - G_6e786d/h2_Weve created more than 5,000 Doodles ove_111429' is visible]]></system-out>
         <system-err><![CDATA[]]></system-err>
      </testcase>
      <testcase name="Test Cases/test case folder 1/tc1 - Copy (2) - Copy (4)" time="10.334" classname="Test Cases/test case folder 1/tc1 - Copy (2) - Copy (4)" status="PASSED">
         <system-out><![CDATA[07-06-2024T13:49:17 - [TEST_CASE][PASSED] - Test Cases/test case folder 1/tc1 - Copy (2) - Copy (4): Test Cases/test case folder 1/tc1 - Copy (2) - Copy (4)

07-06-2024T13:49:17 - [TEST_STEP][PASSED] - openBrowser(""): Browser is opened with url: ''

07-06-2024T13:49:17 - [MESSAGE][WARNING] - A browser is already opened. Closing browser and opening a new one

07-06-2024T13:49:18 - [MESSAGE][INFO] - Starting 'Firefox (headless)' driver

07-06-2024T13:49:19 - [MESSAGE][INFO] - Action delay is set to 0 milliseconds

07-06-2024T13:49:21 - [MESSAGE][PASSED] - Browser is opened with url: ''

07-06-2024T13:49:21 - [TEST_STEP][PASSED] - navigateToUrl("https://doodles.google/about/"): Navigate to 'https://doodles.google/about/' successfully

07-06-2024T13:49:23 - [MESSAGE][PASSED] - Navigate to 'https://doodles.google/about/' successfully

07-06-2024T13:49:23 - [TEST_STEP][PASSED] - click(findTestObject("Object Repository/Page_The Story and Evolution of Doodles - G_6e786d/p_The first Doodle was a simple out-of-offi_345e61")): Object: 'Object Repository/Page_The Story and Evolution of Doodles - G_6e786d/p_The first Doodle was a simple out-of-offi_345e61' is clicked on

07-06-2024T13:49:23 - [MESSAGE][PASSED] - Object: 'Object Repository/Page_The Story and Evolution of Doodles - G_6e786d/p_The first Doodle was a simple out-of-offi_345e61' is clicked on

07-06-2024T13:49:23 - [TEST_STEP][PASSED] - click(findTestObject("Object Repository/Page_The Story and Evolution of Doodles - G_6e786d/p_The first Doodle was a simple out-of-offi_345e61")): Object: 'Object Repository/Page_The Story and Evolution of Doodles - G_6e786d/p_The first Doodle was a simple out-of-offi_345e61' is clicked on

07-06-2024T13:49:23 - [MESSAGE][PASSED] - Object: 'Object Repository/Page_The Story and Evolution of Doodles - G_6e786d/p_The first Doodle was a simple out-of-offi_345e61' is clicked on

07-06-2024T13:49:23 - [TEST_STEP][PASSED] - verifyElementVisible(findTestObject("Object Repository/Page_The Story and Evolution of Doodles - G_6e786d/h1_The story behind Doodles")): Object 'Object Repository/Page_The Story and Evolution of Doodles - G_6e786d/h1_The story behind Doodles' is visible

07-06-2024T13:49:23 - [MESSAGE][PASSED] - Object 'Object Repository/Page_The Story and Evolution of Doodles - G_6e786d/h1_The story behind Doodles' is visible

07-06-2024T13:49:23 - [TEST_STEP][PASSED] - verifyElementVisible(findTestObject("Object Repository/Page_The Story and Evolution of Doodles - G_6e786d/p_The first Doodle was a simple out-of-offi_345e61")): Object 'Object Repository/Page_The Story and Evolution of Doodles - G_6e786d/p_The first Doodle was a simple out-of-offi_345e61' is visible

07-06-2024T13:49:23 - [MESSAGE][PASSED] - Object 'Object Repository/Page_The Story and Evolution of Doodles - G_6e786d/p_The first Doodle was a simple out-of-offi_345e61' is visible

07-06-2024T13:49:23 - [TEST_STEP][PASSED] - verifyElementVisible(findTestObject("Object Repository/Page_The Story and Evolution of Doodles - G_6e786d/h2_Weve created more than 5,000 Doodles ove_111429")): Object 'Object Repository/Page_The Story and Evolution of Doodles - G_6e786d/h2_Weve created more than 5,000 Doodles ove_111429' is visible

07-06-2024T13:49:23 - [MESSAGE][PASSED] - Object 'Object Repository/Page_The Story and Evolution of Doodles - G_6e786d/h2_Weve created more than 5,000 Doodles ove_111429' is visible

07-06-2024T13:49:23 - [TEST_STEP][PASSED] - verifyElementVisible(findTestObject("Object Repository/Page_The Story and Evolution of Doodles - G_6e786d/h1_The story behind Doodles")): Object 'Object Repository/Page_The Story and Evolution of Doodles - G_6e786d/h1_The story behind Doodles' is visible

07-06-2024T13:49:23 - [MESSAGE][PASSED] - Object 'Object Repository/Page_The Story and Evolution of Doodles - G_6e786d/h1_The story behind Doodles' is visible

07-06-2024T13:49:23 - [TEST_STEP][PASSED] - verifyElementVisible(findTestObject("Object Repository/Page_The Story and Evolution of Doodles - G_6e786d/p_The first Doodle was a simple out-of-offi_345e61")): Object 'Object Repository/Page_The Story and Evolution of Doodles - G_6e786d/p_The first Doodle was a simple out-of-offi_345e61' is visible

07-06-2024T13:49:23 - [MESSAGE][PASSED] - Object 'Object Repository/Page_The Story and Evolution of Doodles - G_6e786d/p_The first Doodle was a simple out-of-offi_345e61' is visible

07-06-2024T13:49:23 - [TEST_STEP][PASSED] - verifyElementVisible(findTestObject("Object Repository/Page_The Story and Evolution of Doodles - G_6e786d/h2_Weve created more than 5,000 Doodles ove_111429")): Object 'Object Repository/Page_The Story and Evolution of Doodles - G_6e786d/h2_Weve created more than 5,000 Doodles ove_111429' is visible

07-06-2024T13:49:24 - [MESSAGE][PASSED] - Object 'Object Repository/Page_The Story and Evolution of Doodles - G_6e786d/h2_Weve created more than 5,000 Doodles ove_111429' is visible

07-06-2024T13:49:24 - [TEST_STEP][PASSED] - click(findTestObject("Object Repository/Page_The Story and Evolution of Doodles - G_6e786d/p_The first Doodle was a simple out-of-offi_345e61")): Object: 'Object Repository/Page_The Story and Evolution of Doodles - G_6e786d/p_The first Doodle was a simple out-of-offi_345e61' is clicked on

07-06-2024T13:49:24 - [MESSAGE][PASSED] - Object: 'Object Repository/Page_The Story and Evolution of Doodles - G_6e786d/p_The first Doodle was a simple out-of-offi_345e61' is clicked on

07-06-2024T13:49:24 - [TEST_STEP][PASSED] - verifyElementVisible(findTestObject("Object Repository/Page_The Story and Evolution of Doodles - G_6e786d/h1_The story behind Doodles")): Object 'Object Repository/Page_The Story and Evolution of Doodles - G_6e786d/h1_The story behind Doodles' is visible

07-06-2024T13:49:24 - [MESSAGE][PASSED] - Object 'Object Repository/Page_The Story and Evolution of Doodles - G_6e786d/h1_The story behind Doodles' is visible

07-06-2024T13:49:24 - [TEST_STEP][PASSED] - verifyElementVisible(findTestObject("Object Repository/Page_The Story and Evolution of Doodles - G_6e786d/p_The first Doodle was a simple out-of-offi_345e61")): Object 'Object Repository/Page_The Story and Evolution of Doodles - G_6e786d/p_The first Doodle was a simple out-of-offi_345e61' is visible

07-06-2024T13:49:24 - [MESSAGE][PASSED] - Object 'Object Repository/Page_The Story and Evolution of Doodles - G_6e786d/p_The first Doodle was a simple out-of-offi_345e61' is visible

07-06-2024T13:49:24 - [TEST_STEP][PASSED] - verifyElementVisible(findTestObject("Object Repository/Page_The Story and Evolution of Doodles - G_6e786d/h2_Weve created more than 5,000 Doodles ove_111429")): Object 'Object Repository/Page_The Story and Evolution of Doodles - G_6e786d/h2_Weve created more than 5,000 Doodles ove_111429' is visible

07-06-2024T13:49:24 - [MESSAGE][PASSED] - Object 'Object Repository/Page_The Story and Evolution of Doodles - G_6e786d/h2_Weve created more than 5,000 Doodles ove_111429' is visible

07-06-2024T13:49:24 - [TEST_STEP][PASSED] - click(findTestObject("Object Repository/Page_The Story and Evolution of Doodles - G_6e786d/p_The first Doodle was a simple out-of-offi_345e61")): Object: 'Object Repository/Page_The Story and Evolution of Doodles - G_6e786d/p_The first Doodle was a simple out-of-offi_345e61' is clicked on

07-06-2024T13:49:24 - [MESSAGE][PASSED] - Object: 'Object Repository/Page_The Story and Evolution of Doodles - G_6e786d/p_The first Doodle was a simple out-of-offi_345e61' is clicked on

07-06-2024T13:49:24 - [TEST_STEP][PASSED] - verifyElementVisible(findTestObject("Object Repository/Page_The Story and Evolution of Doodles - G_6e786d/h1_The story behind Doodles")): Object 'Object Repository/Page_The Story and Evolution of Doodles - G_6e786d/h1_The story behind Doodles' is visible

07-06-2024T13:49:24 - [MESSAGE][PASSED] - Object 'Object Repository/Page_The Story and Evolution of Doodles - G_6e786d/h1_The story behind Doodles' is visible

07-06-2024T13:49:24 - [TEST_STEP][PASSED] - verifyElementVisible(findTestObject("Object Repository/Page_The Story and Evolution of Doodles - G_6e786d/p_The first Doodle was a simple out-of-offi_345e61")): Object 'Object Repository/Page_The Story and Evolution of Doodles - G_6e786d/p_The first Doodle was a simple out-of-offi_345e61' is visible

07-06-2024T13:49:24 - [MESSAGE][PASSED] - Object 'Object Repository/Page_The Story and Evolution of Doodles - G_6e786d/p_The first Doodle was a simple out-of-offi_345e61' is visible

07-06-2024T13:49:24 - [TEST_STEP][PASSED] - verifyElementVisible(findTestObject("Object Repository/Page_The Story and Evolution of Doodles - G_6e786d/h2_Weve created more than 5,000 Doodles ove_111429")): Object 'Object Repository/Page_The Story and Evolution of Doodles - G_6e786d/h2_Weve created more than 5,000 Doodles ove_111429' is visible

07-06-2024T13:49:24 - [MESSAGE][PASSED] - Object 'Object Repository/Page_The Story and Evolution of Doodles - G_6e786d/h2_Weve created more than 5,000 Doodles ove_111429' is visible

07-06-2024T13:49:24 - [TEST_STEP][PASSED] - click(findTestObject("Object Repository/Page_The Story and Evolution of Doodles - G_6e786d/p_The first Doodle was a simple out-of-offi_345e61")): Object: 'Object Repository/Page_The Story and Evolution of Doodles - G_6e786d/p_The first Doodle was a simple out-of-offi_345e61' is clicked on

07-06-2024T13:49:25 - [MESSAGE][PASSED] - Object: 'Object Repository/Page_The Story and Evolution of Doodles - G_6e786d/p_The first Doodle was a simple out-of-offi_345e61' is clicked on

07-06-2024T13:49:25 - [TEST_STEP][PASSED] - verifyElementVisible(findTestObject("Object Repository/Page_The Story and Evolution of Doodles - G_6e786d/h1_The story behind Doodles")): Object 'Object Repository/Page_The Story and Evolution of Doodles - G_6e786d/h1_The story behind Doodles' is visible

07-06-2024T13:49:25 - [MESSAGE][PASSED] - Object 'Object Repository/Page_The Story and Evolution of Doodles - G_6e786d/h1_The story behind Doodles' is visible

07-06-2024T13:49:25 - [TEST_STEP][PASSED] - verifyElementVisible(findTestObject("Object Repository/Page_The Story and Evolution of Doodles - G_6e786d/p_The first Doodle was a simple out-of-offi_345e61")): Object 'Object Repository/Page_The Story and Evolution of Doodles - G_6e786d/p_The first Doodle was a simple out-of-offi_345e61' is visible

07-06-2024T13:49:25 - [MESSAGE][PASSED] - Object 'Object Repository/Page_The Story and Evolution of Doodles - G_6e786d/p_The first Doodle was a simple out-of-offi_345e61' is visible

07-06-2024T13:49:25 - [TEST_STEP][PASSED] - verifyElementVisible(findTestObject("Object Repository/Page_The Story and Evolution of Doodles - G_6e786d/h2_Weve created more than 5,000 Doodles ove_111429")): Object 'Object Repository/Page_The Story and Evolution of Doodles - G_6e786d/h2_Weve created more than 5,000 Doodles ove_111429' is visible

07-06-2024T13:49:25 - [MESSAGE][PASSED] - Object 'Object Repository/Page_The Story and Evolution of Doodles - G_6e786d/h2_Weve created more than 5,000 Doodles ove_111429' is visible

07-06-2024T13:49:25 - [TEST_STEP][PASSED] - click(findTestObject("Object Repository/Page_The Story and Evolution of Doodles - G_6e786d/p_The first Doodle was a simple out-of-offi_345e61")): Object: 'Object Repository/Page_The Story and Evolution of Doodles - G_6e786d/p_The first Doodle was a simple out-of-offi_345e61' is clicked on

07-06-2024T13:49:25 - [MESSAGE][PASSED] - Object: 'Object Repository/Page_The Story and Evolution of Doodles - G_6e786d/p_The first Doodle was a simple out-of-offi_345e61' is clicked on

07-06-2024T13:49:25 - [TEST_STEP][PASSED] - verifyElementVisible(findTestObject("Object Repository/Page_The Story and Evolution of Doodles - G_6e786d/h1_The story behind Doodles")): Object 'Object Repository/Page_The Story and Evolution of Doodles - G_6e786d/h1_The story behind Doodles' is visible

07-06-2024T13:49:25 - [MESSAGE][PASSED] - Object 'Object Repository/Page_The Story and Evolution of Doodles - G_6e786d/h1_The story behind Doodles' is visible

07-06-2024T13:49:25 - [TEST_STEP][PASSED] - verifyElementVisible(findTestObject("Object Repository/Page_The Story and Evolution of Doodles - G_6e786d/p_The first Doodle was a simple out-of-offi_345e61")): Object 'Object Repository/Page_The Story and Evolution of Doodles - G_6e786d/p_The first Doodle was a simple out-of-offi_345e61' is visible

07-06-2024T13:49:25 - [MESSAGE][PASSED] - Object 'Object Repository/Page_The Story and Evolution of Doodles - G_6e786d/p_The first Doodle was a simple out-of-offi_345e61' is visible

07-06-2024T13:49:25 - [TEST_STEP][PASSED] - verifyElementVisible(findTestObject("Object Repository/Page_The Story and Evolution of Doodles - G_6e786d/h2_Weve created more than 5,000 Doodles ove_111429")): Object 'Object Repository/Page_The Story and Evolution of Doodles - G_6e786d/h2_Weve created more than 5,000 Doodles ove_111429' is visible

07-06-2024T13:49:25 - [MESSAGE][PASSED] - Object 'Object Repository/Page_The Story and Evolution of Doodles - G_6e786d/h2_Weve created more than 5,000 Doodles ove_111429' is visible

07-06-2024T13:49:25 - [TEST_STEP][PASSED] - click(findTestObject("Object Repository/Page_The Story and Evolution of Doodles - G_6e786d/p_The first Doodle was a simple out-of-offi_345e61")): Object: 'Object Repository/Page_The Story and Evolution of Doodles - G_6e786d/p_The first Doodle was a simple out-of-offi_345e61' is clicked on

07-06-2024T13:49:25 - [MESSAGE][PASSED] - Object: 'Object Repository/Page_The Story and Evolution of Doodles - G_6e786d/p_The first Doodle was a simple out-of-offi_345e61' is clicked on

07-06-2024T13:49:25 - [TEST_STEP][PASSED] - verifyElementVisible(findTestObject("Object Repository/Page_The Story and Evolution of Doodles - G_6e786d/h1_The story behind Doodles")): Object 'Object Repository/Page_The Story and Evolution of Doodles - G_6e786d/h1_The story behind Doodles' is visible

07-06-2024T13:49:26 - [MESSAGE][PASSED] - Object 'Object Repository/Page_The Story and Evolution of Doodles - G_6e786d/h1_The story behind Doodles' is visible

07-06-2024T13:49:26 - [TEST_STEP][PASSED] - verifyElementVisible(findTestObject("Object Repository/Page_The Story and Evolution of Doodles - G_6e786d/p_The first Doodle was a simple out-of-offi_345e61")): Object 'Object Repository/Page_The Story and Evolution of Doodles - G_6e786d/p_The first Doodle was a simple out-of-offi_345e61' is visible

07-06-2024T13:49:26 - [MESSAGE][PASSED] - Object 'Object Repository/Page_The Story and Evolution of Doodles - G_6e786d/p_The first Doodle was a simple out-of-offi_345e61' is visible

07-06-2024T13:49:26 - [TEST_STEP][PASSED] - verifyElementVisible(findTestObject("Object Repository/Page_The Story and Evolution of Doodles - G_6e786d/h2_Weve created more than 5,000 Doodles ove_111429")): Object 'Object Repository/Page_The Story and Evolution of Doodles - G_6e786d/h2_Weve created more than 5,000 Doodles ove_111429' is visible

07-06-2024T13:49:26 - [MESSAGE][PASSED] - Object 'Object Repository/Page_The Story and Evolution of Doodles - G_6e786d/h2_Weve created more than 5,000 Doodles ove_111429' is visible

07-06-2024T13:49:26 - [TEST_STEP][PASSED] - click(findTestObject("Object Repository/Page_The Story and Evolution of Doodles - G_6e786d/p_The first Doodle was a simple out-of-offi_345e61")): Object: 'Object Repository/Page_The Story and Evolution of Doodles - G_6e786d/p_The first Doodle was a simple out-of-offi_345e61' is clicked on

07-06-2024T13:49:26 - [MESSAGE][PASSED] - Object: 'Object Repository/Page_The Story and Evolution of Doodles - G_6e786d/p_The first Doodle was a simple out-of-offi_345e61' is clicked on

07-06-2024T13:49:26 - [TEST_STEP][PASSED] - verifyElementVisible(findTestObject("Object Repository/Page_The Story and Evolution of Doodles - G_6e786d/h1_The story behind Doodles")): Object 'Object Repository/Page_The Story and Evolution of Doodles - G_6e786d/h1_The story behind Doodles' is visible

07-06-2024T13:49:26 - [MESSAGE][PASSED] - Object 'Object Repository/Page_The Story and Evolution of Doodles - G_6e786d/h1_The story behind Doodles' is visible

07-06-2024T13:49:26 - [TEST_STEP][PASSED] - verifyElementVisible(findTestObject("Object Repository/Page_The Story and Evolution of Doodles - G_6e786d/p_The first Doodle was a simple out-of-offi_345e61")): Object 'Object Repository/Page_The Story and Evolution of Doodles - G_6e786d/p_The first Doodle was a simple out-of-offi_345e61' is visible

07-06-2024T13:49:26 - [MESSAGE][PASSED] - Object 'Object Repository/Page_The Story and Evolution of Doodles - G_6e786d/p_The first Doodle was a simple out-of-offi_345e61' is visible

07-06-2024T13:49:26 - [TEST_STEP][PASSED] - verifyElementVisible(findTestObject("Object Repository/Page_The Story and Evolution of Doodles - G_6e786d/h2_Weve created more than 5,000 Doodles ove_111429")): Object 'Object Repository/Page_The Story and Evolution of Doodles - G_6e786d/h2_Weve created more than 5,000 Doodles ove_111429' is visible

07-06-2024T13:49:26 - [MESSAGE][PASSED] - Object 'Object Repository/Page_The Story and Evolution of Doodles - G_6e786d/h2_Weve created more than 5,000 Doodles ove_111429' is visible

07-06-2024T13:49:26 - [TEST_STEP][PASSED] - click(findTestObject("Object Repository/Page_The Story and Evolution of Doodles - G_6e786d/p_The first Doodle was a simple out-of-offi_345e61")): Object: 'Object Repository/Page_The Story and Evolution of Doodles - G_6e786d/p_The first Doodle was a simple out-of-offi_345e61' is clicked on

07-06-2024T13:49:26 - [MESSAGE][PASSED] - Object: 'Object Repository/Page_The Story and Evolution of Doodles - G_6e786d/p_The first Doodle was a simple out-of-offi_345e61' is clicked on

07-06-2024T13:49:26 - [TEST_STEP][PASSED] - verifyElementVisible(findTestObject("Object Repository/Page_The Story and Evolution of Doodles - G_6e786d/h1_The story behind Doodles")): Object 'Object Repository/Page_The Story and Evolution of Doodles - G_6e786d/h1_The story behind Doodles' is visible

07-06-2024T13:49:26 - [MESSAGE][PASSED] - Object 'Object Repository/Page_The Story and Evolution of Doodles - G_6e786d/h1_The story behind Doodles' is visible

07-06-2024T13:49:26 - [TEST_STEP][PASSED] - verifyElementVisible(findTestObject("Object Repository/Page_The Story and Evolution of Doodles - G_6e786d/p_The first Doodle was a simple out-of-offi_345e61")): Object 'Object Repository/Page_The Story and Evolution of Doodles - G_6e786d/p_The first Doodle was a simple out-of-offi_345e61' is visible

07-06-2024T13:49:27 - [MESSAGE][PASSED] - Object 'Object Repository/Page_The Story and Evolution of Doodles - G_6e786d/p_The first Doodle was a simple out-of-offi_345e61' is visible

07-06-2024T13:49:27 - [TEST_STEP][PASSED] - verifyElementVisible(findTestObject("Object Repository/Page_The Story and Evolution of Doodles - G_6e786d/h2_Weve created more than 5,000 Doodles ove_111429")): Object 'Object Repository/Page_The Story and Evolution of Doodles - G_6e786d/h2_Weve created more than 5,000 Doodles ove_111429' is visible

07-06-2024T13:49:27 - [MESSAGE][PASSED] - Object 'Object Repository/Page_The Story and Evolution of Doodles - G_6e786d/h2_Weve created more than 5,000 Doodles ove_111429' is visible

07-06-2024T13:49:27 - [TEST_STEP][PASSED] - click(findTestObject("Object Repository/Page_The Story and Evolution of Doodles - G_6e786d/p_The first Doodle was a simple out-of-offi_345e61")): Object: 'Object Repository/Page_The Story and Evolution of Doodles - G_6e786d/p_The first Doodle was a simple out-of-offi_345e61' is clicked on

07-06-2024T13:49:27 - [MESSAGE][PASSED] - Object: 'Object Repository/Page_The Story and Evolution of Doodles - G_6e786d/p_The first Doodle was a simple out-of-offi_345e61' is clicked on

07-06-2024T13:49:27 - [TEST_STEP][PASSED] - verifyElementVisible(findTestObject("Object Repository/Page_The Story and Evolution of Doodles - G_6e786d/h1_The story behind Doodles")): Object 'Object Repository/Page_The Story and Evolution of Doodles - G_6e786d/h1_The story behind Doodles' is visible

07-06-2024T13:49:27 - [MESSAGE][PASSED] - Object 'Object Repository/Page_The Story and Evolution of Doodles - G_6e786d/h1_The story behind Doodles' is visible

07-06-2024T13:49:27 - [TEST_STEP][PASSED] - verifyElementVisible(findTestObject("Object Repository/Page_The Story and Evolution of Doodles - G_6e786d/p_The first Doodle was a simple out-of-offi_345e61")): Object 'Object Repository/Page_The Story and Evolution of Doodles - G_6e786d/p_The first Doodle was a simple out-of-offi_345e61' is visible

07-06-2024T13:49:27 - [MESSAGE][PASSED] - Object 'Object Repository/Page_The Story and Evolution of Doodles - G_6e786d/p_The first Doodle was a simple out-of-offi_345e61' is visible

07-06-2024T13:49:27 - [TEST_STEP][PASSED] - verifyElementVisible(findTestObject("Object Repository/Page_The Story and Evolution of Doodles - G_6e786d/h2_Weve created more than 5,000 Doodles ove_111429")): Object 'Object Repository/Page_The Story and Evolution of Doodles - G_6e786d/h2_Weve created more than 5,000 Doodles ove_111429' is visible

07-06-2024T13:49:27 - [MESSAGE][PASSED] - Object 'Object Repository/Page_The Story and Evolution of Doodles - G_6e786d/h2_Weve created more than 5,000 Doodles ove_111429' is visible

07-06-2024T13:49:27 - [TEST_STEP][PASSED] - click(findTestObject("Object Repository/Page_The Story and Evolution of Doodles - G_6e786d/p_The first Doodle was a simple out-of-offi_345e61")): Object: 'Object Repository/Page_The Story and Evolution of Doodles - G_6e786d/p_The first Doodle was a simple out-of-offi_345e61' is clicked on

07-06-2024T13:49:27 - [MESSAGE][PASSED] - Object: 'Object Repository/Page_The Story and Evolution of Doodles - G_6e786d/p_The first Doodle was a simple out-of-offi_345e61' is clicked on

07-06-2024T13:49:27 - [TEST_STEP][PASSED] - verifyElementVisible(findTestObject("Object Repository/Page_The Story and Evolution of Doodles - G_6e786d/h1_The story behind Doodles")): Object 'Object Repository/Page_The Story and Evolution of Doodles - G_6e786d/h1_The story behind Doodles' is visible

07-06-2024T13:49:27 - [MESSAGE][PASSED] - Object 'Object Repository/Page_The Story and Evolution of Doodles - G_6e786d/h1_The story behind Doodles' is visible

07-06-2024T13:49:27 - [TEST_STEP][PASSED] - verifyElementVisible(findTestObject("Object Repository/Page_The Story and Evolution of Doodles - G_6e786d/p_The first Doodle was a simple out-of-offi_345e61")): Object 'Object Repository/Page_The Story and Evolution of Doodles - G_6e786d/p_The first Doodle was a simple out-of-offi_345e61' is visible

07-06-2024T13:49:27 - [MESSAGE][PASSED] - Object 'Object Repository/Page_The Story and Evolution of Doodles - G_6e786d/p_The first Doodle was a simple out-of-offi_345e61' is visible

07-06-2024T13:49:27 - [TEST_STEP][PASSED] - verifyElementVisible(findTestObject("Object Repository/Page_The Story and Evolution of Doodles - G_6e786d/h2_Weve created more than 5,000 Doodles ove_111429")): Object 'Object Repository/Page_The Story and Evolution of Doodles - G_6e786d/h2_Weve created more than 5,000 Doodles ove_111429' is visible

07-06-2024T13:49:27 - [MESSAGE][PASSED] - Object 'Object Repository/Page_The Story and Evolution of Doodles - G_6e786d/h2_Weve created more than 5,000 Doodles ove_111429' is visible]]></system-out>
         <system-err><![CDATA[]]></system-err>
      </testcase>
      <testcase name="Test Cases/test case folder 1/tc1 - Copy (2) - Copy (5)" time="10.022" classname="Test Cases/test case folder 1/tc1 - Copy (2) - Copy (5)" status="PASSED">
         <system-out><![CDATA[07-06-2024T13:49:27 - [TEST_CASE][PASSED] - Test Cases/test case folder 1/tc1 - Copy (2) - Copy (5): Test Cases/test case folder 1/tc1 - Copy (2) - Copy (5)

07-06-2024T13:49:27 - [TEST_STEP][PASSED] - openBrowser(""): Browser is opened with url: ''

07-06-2024T13:49:27 - [MESSAGE][WARNING] - A browser is already opened. Closing browser and opening a new one

07-06-2024T13:49:29 - [MESSAGE][INFO] - Starting 'Firefox (headless)' driver

07-06-2024T13:49:29 - [MESSAGE][INFO] - Action delay is set to 0 milliseconds

07-06-2024T13:49:31 - [MESSAGE][PASSED] - Browser is opened with url: ''

07-06-2024T13:49:31 - [TEST_STEP][PASSED] - navigateToUrl("https://doodles.google/about/"): Navigate to 'https://doodles.google/about/' successfully

07-06-2024T13:49:33 - [MESSAGE][PASSED] - Navigate to 'https://doodles.google/about/' successfully

07-06-2024T13:49:33 - [TEST_STEP][PASSED] - click(findTestObject("Object Repository/Page_The Story and Evolution of Doodles - G_6e786d/p_The first Doodle was a simple out-of-offi_345e61")): Object: 'Object Repository/Page_The Story and Evolution of Doodles - G_6e786d/p_The first Doodle was a simple out-of-offi_345e61' is clicked on

07-06-2024T13:49:33 - [MESSAGE][PASSED] - Object: 'Object Repository/Page_The Story and Evolution of Doodles - G_6e786d/p_The first Doodle was a simple out-of-offi_345e61' is clicked on

07-06-2024T13:49:33 - [TEST_STEP][PASSED] - click(findTestObject("Object Repository/Page_The Story and Evolution of Doodles - G_6e786d/p_The first Doodle was a simple out-of-offi_345e61")): Object: 'Object Repository/Page_The Story and Evolution of Doodles - G_6e786d/p_The first Doodle was a simple out-of-offi_345e61' is clicked on

07-06-2024T13:49:33 - [MESSAGE][PASSED] - Object: 'Object Repository/Page_The Story and Evolution of Doodles - G_6e786d/p_The first Doodle was a simple out-of-offi_345e61' is clicked on

07-06-2024T13:49:33 - [TEST_STEP][PASSED] - verifyElementVisible(findTestObject("Object Repository/Page_The Story and Evolution of Doodles - G_6e786d/h1_The story behind Doodles")): Object 'Object Repository/Page_The Story and Evolution of Doodles - G_6e786d/h1_The story behind Doodles' is visible

07-06-2024T13:49:34 - [MESSAGE][PASSED] - Object 'Object Repository/Page_The Story and Evolution of Doodles - G_6e786d/h1_The story behind Doodles' is visible

07-06-2024T13:49:34 - [TEST_STEP][PASSED] - verifyElementVisible(findTestObject("Object Repository/Page_The Story and Evolution of Doodles - G_6e786d/p_The first Doodle was a simple out-of-offi_345e61")): Object 'Object Repository/Page_The Story and Evolution of Doodles - G_6e786d/p_The first Doodle was a simple out-of-offi_345e61' is visible

07-06-2024T13:49:34 - [MESSAGE][PASSED] - Object 'Object Repository/Page_The Story and Evolution of Doodles - G_6e786d/p_The first Doodle was a simple out-of-offi_345e61' is visible

07-06-2024T13:49:34 - [TEST_STEP][PASSED] - verifyElementVisible(findTestObject("Object Repository/Page_The Story and Evolution of Doodles - G_6e786d/h2_Weve created more than 5,000 Doodles ove_111429")): Object 'Object Repository/Page_The Story and Evolution of Doodles - G_6e786d/h2_Weve created more than 5,000 Doodles ove_111429' is visible

07-06-2024T13:49:34 - [MESSAGE][PASSED] - Object 'Object Repository/Page_The Story and Evolution of Doodles - G_6e786d/h2_Weve created more than 5,000 Doodles ove_111429' is visible

07-06-2024T13:49:34 - [TEST_STEP][PASSED] - verifyElementVisible(findTestObject("Object Repository/Page_The Story and Evolution of Doodles - G_6e786d/h1_The story behind Doodles")): Object 'Object Repository/Page_The Story and Evolution of Doodles - G_6e786d/h1_The story behind Doodles' is visible

07-06-2024T13:49:34 - [MESSAGE][PASSED] - Object 'Object Repository/Page_The Story and Evolution of Doodles - G_6e786d/h1_The story behind Doodles' is visible

07-06-2024T13:49:34 - [TEST_STEP][PASSED] - verifyElementVisible(findTestObject("Object Repository/Page_The Story and Evolution of Doodles - G_6e786d/p_The first Doodle was a simple out-of-offi_345e61")): Object 'Object Repository/Page_The Story and Evolution of Doodles - G_6e786d/p_The first Doodle was a simple out-of-offi_345e61' is visible

07-06-2024T13:49:34 - [MESSAGE][PASSED] - Object 'Object Repository/Page_The Story and Evolution of Doodles - G_6e786d/p_The first Doodle was a simple out-of-offi_345e61' is visible

07-06-2024T13:49:34 - [TEST_STEP][PASSED] - verifyElementVisible(findTestObject("Object Repository/Page_The Story and Evolution of Doodles - G_6e786d/h2_Weve created more than 5,000 Doodles ove_111429")): Object 'Object Repository/Page_The Story and Evolution of Doodles - G_6e786d/h2_Weve created more than 5,000 Doodles ove_111429' is visible

07-06-2024T13:49:34 - [MESSAGE][PASSED] - Object 'Object Repository/Page_The Story and Evolution of Doodles - G_6e786d/h2_Weve created more than 5,000 Doodles ove_111429' is visible

07-06-2024T13:49:34 - [TEST_STEP][PASSED] - click(findTestObject("Object Repository/Page_The Story and Evolution of Doodles - G_6e786d/p_The first Doodle was a simple out-of-offi_345e61")): Object: 'Object Repository/Page_The Story and Evolution of Doodles - G_6e786d/p_The first Doodle was a simple out-of-offi_345e61' is clicked on

07-06-2024T13:49:34 - [MESSAGE][PASSED] - Object: 'Object Repository/Page_The Story and Evolution of Doodles - G_6e786d/p_The first Doodle was a simple out-of-offi_345e61' is clicked on

07-06-2024T13:49:34 - [TEST_STEP][PASSED] - verifyElementVisible(findTestObject("Object Repository/Page_The Story and Evolution of Doodles - G_6e786d/h1_The story behind Doodles")): Object 'Object Repository/Page_The Story and Evolution of Doodles - G_6e786d/h1_The story behind Doodles' is visible

07-06-2024T13:49:34 - [MESSAGE][PASSED] - Object 'Object Repository/Page_The Story and Evolution of Doodles - G_6e786d/h1_The story behind Doodles' is visible

07-06-2024T13:49:34 - [TEST_STEP][PASSED] - verifyElementVisible(findTestObject("Object Repository/Page_The Story and Evolution of Doodles - G_6e786d/p_The first Doodle was a simple out-of-offi_345e61")): Object 'Object Repository/Page_The Story and Evolution of Doodles - G_6e786d/p_The first Doodle was a simple out-of-offi_345e61' is visible

07-06-2024T13:49:34 - [MESSAGE][PASSED] - Object 'Object Repository/Page_The Story and Evolution of Doodles - G_6e786d/p_The first Doodle was a simple out-of-offi_345e61' is visible

07-06-2024T13:49:34 - [TEST_STEP][PASSED] - verifyElementVisible(findTestObject("Object Repository/Page_The Story and Evolution of Doodles - G_6e786d/h2_Weve created more than 5,000 Doodles ove_111429")): Object 'Object Repository/Page_The Story and Evolution of Doodles - G_6e786d/h2_Weve created more than 5,000 Doodles ove_111429' is visible

07-06-2024T13:49:34 - [MESSAGE][PASSED] - Object 'Object Repository/Page_The Story and Evolution of Doodles - G_6e786d/h2_Weve created more than 5,000 Doodles ove_111429' is visible

07-06-2024T13:49:34 - [TEST_STEP][PASSED] - click(findTestObject("Object Repository/Page_The Story and Evolution of Doodles - G_6e786d/p_The first Doodle was a simple out-of-offi_345e61")): Object: 'Object Repository/Page_The Story and Evolution of Doodles - G_6e786d/p_The first Doodle was a simple out-of-offi_345e61' is clicked on

07-06-2024T13:49:34 - [MESSAGE][PASSED] - Object: 'Object Repository/Page_The Story and Evolution of Doodles - G_6e786d/p_The first Doodle was a simple out-of-offi_345e61' is clicked on

07-06-2024T13:49:34 - [TEST_STEP][PASSED] - verifyElementVisible(findTestObject("Object Repository/Page_The Story and Evolution of Doodles - G_6e786d/h1_The story behind Doodles")): Object 'Object Repository/Page_The Story and Evolution of Doodles - G_6e786d/h1_The story behind Doodles' is visible

07-06-2024T13:49:35 - [MESSAGE][PASSED] - Object 'Object Repository/Page_The Story and Evolution of Doodles - G_6e786d/h1_The story behind Doodles' is visible

07-06-2024T13:49:35 - [TEST_STEP][PASSED] - verifyElementVisible(findTestObject("Object Repository/Page_The Story and Evolution of Doodles - G_6e786d/p_The first Doodle was a simple out-of-offi_345e61")): Object 'Object Repository/Page_The Story and Evolution of Doodles - G_6e786d/p_The first Doodle was a simple out-of-offi_345e61' is visible

07-06-2024T13:49:35 - [MESSAGE][PASSED] - Object 'Object Repository/Page_The Story and Evolution of Doodles - G_6e786d/p_The first Doodle was a simple out-of-offi_345e61' is visible

07-06-2024T13:49:35 - [TEST_STEP][PASSED] - verifyElementVisible(findTestObject("Object Repository/Page_The Story and Evolution of Doodles - G_6e786d/h2_Weve created more than 5,000 Doodles ove_111429")): Object 'Object Repository/Page_The Story and Evolution of Doodles - G_6e786d/h2_Weve created more than 5,000 Doodles ove_111429' is visible

07-06-2024T13:49:35 - [MESSAGE][PASSED] - Object 'Object Repository/Page_The Story and Evolution of Doodles - G_6e786d/h2_Weve created more than 5,000 Doodles ove_111429' is visible

07-06-2024T13:49:35 - [TEST_STEP][PASSED] - click(findTestObject("Object Repository/Page_The Story and Evolution of Doodles - G_6e786d/p_The first Doodle was a simple out-of-offi_345e61")): Object: 'Object Repository/Page_The Story and Evolution of Doodles - G_6e786d/p_The first Doodle was a simple out-of-offi_345e61' is clicked on

07-06-2024T13:49:35 - [MESSAGE][PASSED] - Object: 'Object Repository/Page_The Story and Evolution of Doodles - G_6e786d/p_The first Doodle was a simple out-of-offi_345e61' is clicked on

07-06-2024T13:49:35 - [TEST_STEP][PASSED] - verifyElementVisible(findTestObject("Object Repository/Page_The Story and Evolution of Doodles - G_6e786d/h1_The story behind Doodles")): Object 'Object Repository/Page_The Story and Evolution of Doodles - G_6e786d/h1_The story behind Doodles' is visible

07-06-2024T13:49:35 - [MESSAGE][PASSED] - Object 'Object Repository/Page_The Story and Evolution of Doodles - G_6e786d/h1_The story behind Doodles' is visible

07-06-2024T13:49:35 - [TEST_STEP][PASSED] - verifyElementVisible(findTestObject("Object Repository/Page_The Story and Evolution of Doodles - G_6e786d/p_The first Doodle was a simple out-of-offi_345e61")): Object 'Object Repository/Page_The Story and Evolution of Doodles - G_6e786d/p_The first Doodle was a simple out-of-offi_345e61' is visible

07-06-2024T13:49:35 - [MESSAGE][PASSED] - Object 'Object Repository/Page_The Story and Evolution of Doodles - G_6e786d/p_The first Doodle was a simple out-of-offi_345e61' is visible

07-06-2024T13:49:35 - [TEST_STEP][PASSED] - verifyElementVisible(findTestObject("Object Repository/Page_The Story and Evolution of Doodles - G_6e786d/h2_Weve created more than 5,000 Doodles ove_111429")): Object 'Object Repository/Page_The Story and Evolution of Doodles - G_6e786d/h2_Weve created more than 5,000 Doodles ove_111429' is visible

07-06-2024T13:49:35 - [MESSAGE][PASSED] - Object 'Object Repository/Page_The Story and Evolution of Doodles - G_6e786d/h2_Weve created more than 5,000 Doodles ove_111429' is visible

07-06-2024T13:49:35 - [TEST_STEP][PASSED] - click(findTestObject("Object Repository/Page_The Story and Evolution of Doodles - G_6e786d/p_The first Doodle was a simple out-of-offi_345e61")): Object: 'Object Repository/Page_The Story and Evolution of Doodles - G_6e786d/p_The first Doodle was a simple out-of-offi_345e61' is clicked on

07-06-2024T13:49:35 - [MESSAGE][PASSED] - Object: 'Object Repository/Page_The Story and Evolution of Doodles - G_6e786d/p_The first Doodle was a simple out-of-offi_345e61' is clicked on

07-06-2024T13:49:35 - [TEST_STEP][PASSED] - verifyElementVisible(findTestObject("Object Repository/Page_The Story and Evolution of Doodles - G_6e786d/h1_The story behind Doodles")): Object 'Object Repository/Page_The Story and Evolution of Doodles - G_6e786d/h1_The story behind Doodles' is visible

07-06-2024T13:49:35 - [MESSAGE][PASSED] - Object 'Object Repository/Page_The Story and Evolution of Doodles - G_6e786d/h1_The story behind Doodles' is visible

07-06-2024T13:49:35 - [TEST_STEP][PASSED] - verifyElementVisible(findTestObject("Object Repository/Page_The Story and Evolution of Doodles - G_6e786d/p_The first Doodle was a simple out-of-offi_345e61")): Object 'Object Repository/Page_The Story and Evolution of Doodles - G_6e786d/p_The first Doodle was a simple out-of-offi_345e61' is visible

07-06-2024T13:49:35 - [MESSAGE][PASSED] - Object 'Object Repository/Page_The Story and Evolution of Doodles - G_6e786d/p_The first Doodle was a simple out-of-offi_345e61' is visible

07-06-2024T13:49:35 - [TEST_STEP][PASSED] - verifyElementVisible(findTestObject("Object Repository/Page_The Story and Evolution of Doodles - G_6e786d/h2_Weve created more than 5,000 Doodles ove_111429")): Object 'Object Repository/Page_The Story and Evolution of Doodles - G_6e786d/h2_Weve created more than 5,000 Doodles ove_111429' is visible

07-06-2024T13:49:35 - [MESSAGE][PASSED] - Object 'Object Repository/Page_The Story and Evolution of Doodles - G_6e786d/h2_Weve created more than 5,000 Doodles ove_111429' is visible

07-06-2024T13:49:35 - [TEST_STEP][PASSED] - click(findTestObject("Object Repository/Page_The Story and Evolution of Doodles - G_6e786d/p_The first Doodle was a simple out-of-offi_345e61")): Object: 'Object Repository/Page_The Story and Evolution of Doodles - G_6e786d/p_The first Doodle was a simple out-of-offi_345e61' is clicked on

07-06-2024T13:49:36 - [MESSAGE][PASSED] - Object: 'Object Repository/Page_The Story and Evolution of Doodles - G_6e786d/p_The first Doodle was a simple out-of-offi_345e61' is clicked on

07-06-2024T13:49:36 - [TEST_STEP][PASSED] - verifyElementVisible(findTestObject("Object Repository/Page_The Story and Evolution of Doodles - G_6e786d/h1_The story behind Doodles")): Object 'Object Repository/Page_The Story and Evolution of Doodles - G_6e786d/h1_The story behind Doodles' is visible

07-06-2024T13:49:36 - [MESSAGE][PASSED] - Object 'Object Repository/Page_The Story and Evolution of Doodles - G_6e786d/h1_The story behind Doodles' is visible

07-06-2024T13:49:36 - [TEST_STEP][PASSED] - verifyElementVisible(findTestObject("Object Repository/Page_The Story and Evolution of Doodles - G_6e786d/p_The first Doodle was a simple out-of-offi_345e61")): Object 'Object Repository/Page_The Story and Evolution of Doodles - G_6e786d/p_The first Doodle was a simple out-of-offi_345e61' is visible

07-06-2024T13:49:36 - [MESSAGE][PASSED] - Object 'Object Repository/Page_The Story and Evolution of Doodles - G_6e786d/p_The first Doodle was a simple out-of-offi_345e61' is visible

07-06-2024T13:49:36 - [TEST_STEP][PASSED] - verifyElementVisible(findTestObject("Object Repository/Page_The Story and Evolution of Doodles - G_6e786d/h2_Weve created more than 5,000 Doodles ove_111429")): Object 'Object Repository/Page_The Story and Evolution of Doodles - G_6e786d/h2_Weve created more than 5,000 Doodles ove_111429' is visible

07-06-2024T13:49:36 - [MESSAGE][PASSED] - Object 'Object Repository/Page_The Story and Evolution of Doodles - G_6e786d/h2_Weve created more than 5,000 Doodles ove_111429' is visible

07-06-2024T13:49:36 - [TEST_STEP][PASSED] - click(findTestObject("Object Repository/Page_The Story and Evolution of Doodles - G_6e786d/p_The first Doodle was a simple out-of-offi_345e61")): Object: 'Object Repository/Page_The Story and Evolution of Doodles - G_6e786d/p_The first Doodle was a simple out-of-offi_345e61' is clicked on

07-06-2024T13:49:36 - [MESSAGE][PASSED] - Object: 'Object Repository/Page_The Story and Evolution of Doodles - G_6e786d/p_The first Doodle was a simple out-of-offi_345e61' is clicked on

07-06-2024T13:49:36 - [TEST_STEP][PASSED] - verifyElementVisible(findTestObject("Object Repository/Page_The Story and Evolution of Doodles - G_6e786d/h1_The story behind Doodles")): Object 'Object Repository/Page_The Story and Evolution of Doodles - G_6e786d/h1_The story behind Doodles' is visible

07-06-2024T13:49:36 - [MESSAGE][PASSED] - Object 'Object Repository/Page_The Story and Evolution of Doodles - G_6e786d/h1_The story behind Doodles' is visible

07-06-2024T13:49:36 - [TEST_STEP][PASSED] - verifyElementVisible(findTestObject("Object Repository/Page_The Story and Evolution of Doodles - G_6e786d/p_The first Doodle was a simple out-of-offi_345e61")): Object 'Object Repository/Page_The Story and Evolution of Doodles - G_6e786d/p_The first Doodle was a simple out-of-offi_345e61' is visible

07-06-2024T13:49:36 - [MESSAGE][PASSED] - Object 'Object Repository/Page_The Story and Evolution of Doodles - G_6e786d/p_The first Doodle was a simple out-of-offi_345e61' is visible

07-06-2024T13:49:36 - [TEST_STEP][PASSED] - verifyElementVisible(findTestObject("Object Repository/Page_The Story and Evolution of Doodles - G_6e786d/h2_Weve created more than 5,000 Doodles ove_111429")): Object 'Object Repository/Page_The Story and Evolution of Doodles - G_6e786d/h2_Weve created more than 5,000 Doodles ove_111429' is visible

07-06-2024T13:49:36 - [MESSAGE][PASSED] - Object 'Object Repository/Page_The Story and Evolution of Doodles - G_6e786d/h2_Weve created more than 5,000 Doodles ove_111429' is visible

07-06-2024T13:49:36 - [TEST_STEP][PASSED] - click(findTestObject("Object Repository/Page_The Story and Evolution of Doodles - G_6e786d/p_The first Doodle was a simple out-of-offi_345e61")): Object: 'Object Repository/Page_The Story and Evolution of Doodles - G_6e786d/p_The first Doodle was a simple out-of-offi_345e61' is clicked on

07-06-2024T13:49:36 - [MESSAGE][PASSED] - Object: 'Object Repository/Page_The Story and Evolution of Doodles - G_6e786d/p_The first Doodle was a simple out-of-offi_345e61' is clicked on

07-06-2024T13:49:36 - [TEST_STEP][PASSED] - verifyElementVisible(findTestObject("Object Repository/Page_The Story and Evolution of Doodles - G_6e786d/h1_The story behind Doodles")): Object 'Object Repository/Page_The Story and Evolution of Doodles - G_6e786d/h1_The story behind Doodles' is visible

07-06-2024T13:49:36 - [MESSAGE][PASSED] - Object 'Object Repository/Page_The Story and Evolution of Doodles - G_6e786d/h1_The story behind Doodles' is visible

07-06-2024T13:49:36 - [TEST_STEP][PASSED] - verifyElementVisible(findTestObject("Object Repository/Page_The Story and Evolution of Doodles - G_6e786d/p_The first Doodle was a simple out-of-offi_345e61")): Object 'Object Repository/Page_The Story and Evolution of Doodles - G_6e786d/p_The first Doodle was a simple out-of-offi_345e61' is visible

07-06-2024T13:49:36 - [MESSAGE][PASSED] - Object 'Object Repository/Page_The Story and Evolution of Doodles - G_6e786d/p_The first Doodle was a simple out-of-offi_345e61' is visible

07-06-2024T13:49:36 - [TEST_STEP][PASSED] - verifyElementVisible(findTestObject("Object Repository/Page_The Story and Evolution of Doodles - G_6e786d/h2_Weve created more than 5,000 Doodles ove_111429")): Object 'Object Repository/Page_The Story and Evolution of Doodles - G_6e786d/h2_Weve created more than 5,000 Doodles ove_111429' is visible

07-06-2024T13:49:37 - [MESSAGE][PASSED] - Object 'Object Repository/Page_The Story and Evolution of Doodles - G_6e786d/h2_Weve created more than 5,000 Doodles ove_111429' is visible

07-06-2024T13:49:37 - [TEST_STEP][PASSED] - click(findTestObject("Object Repository/Page_The Story and Evolution of Doodles - G_6e786d/p_The first Doodle was a simple out-of-offi_345e61")): Object: 'Object Repository/Page_The Story and Evolution of Doodles - G_6e786d/p_The first Doodle was a simple out-of-offi_345e61' is clicked on

07-06-2024T13:49:37 - [MESSAGE][PASSED] - Object: 'Object Repository/Page_The Story and Evolution of Doodles - G_6e786d/p_The first Doodle was a simple out-of-offi_345e61' is clicked on

07-06-2024T13:49:37 - [TEST_STEP][PASSED] - verifyElementVisible(findTestObject("Object Repository/Page_The Story and Evolution of Doodles - G_6e786d/h1_The story behind Doodles")): Object 'Object Repository/Page_The Story and Evolution of Doodles - G_6e786d/h1_The story behind Doodles' is visible

07-06-2024T13:49:37 - [MESSAGE][PASSED] - Object 'Object Repository/Page_The Story and Evolution of Doodles - G_6e786d/h1_The story behind Doodles' is visible

07-06-2024T13:49:37 - [TEST_STEP][PASSED] - verifyElementVisible(findTestObject("Object Repository/Page_The Story and Evolution of Doodles - G_6e786d/p_The first Doodle was a simple out-of-offi_345e61")): Object 'Object Repository/Page_The Story and Evolution of Doodles - G_6e786d/p_The first Doodle was a simple out-of-offi_345e61' is visible

07-06-2024T13:49:37 - [MESSAGE][PASSED] - Object 'Object Repository/Page_The Story and Evolution of Doodles - G_6e786d/p_The first Doodle was a simple out-of-offi_345e61' is visible

07-06-2024T13:49:37 - [TEST_STEP][PASSED] - verifyElementVisible(findTestObject("Object Repository/Page_The Story and Evolution of Doodles - G_6e786d/h2_Weve created more than 5,000 Doodles ove_111429")): Object 'Object Repository/Page_The Story and Evolution of Doodles - G_6e786d/h2_Weve created more than 5,000 Doodles ove_111429' is visible

07-06-2024T13:49:37 - [MESSAGE][PASSED] - Object 'Object Repository/Page_The Story and Evolution of Doodles - G_6e786d/h2_Weve created more than 5,000 Doodles ove_111429' is visible

07-06-2024T13:49:37 - [TEST_STEP][PASSED] - click(findTestObject("Object Repository/Page_The Story and Evolution of Doodles - G_6e786d/p_The first Doodle was a simple out-of-offi_345e61")): Object: 'Object Repository/Page_The Story and Evolution of Doodles - G_6e786d/p_The first Doodle was a simple out-of-offi_345e61' is clicked on

07-06-2024T13:49:37 - [MESSAGE][PASSED] - Object: 'Object Repository/Page_The Story and Evolution of Doodles - G_6e786d/p_The first Doodle was a simple out-of-offi_345e61' is clicked on

07-06-2024T13:49:37 - [TEST_STEP][PASSED] - verifyElementVisible(findTestObject("Object Repository/Page_The Story and Evolution of Doodles - G_6e786d/h1_The story behind Doodles")): Object 'Object Repository/Page_The Story and Evolution of Doodles - G_6e786d/h1_The story behind Doodles' is visible

07-06-2024T13:49:37 - [MESSAGE][PASSED] - Object 'Object Repository/Page_The Story and Evolution of Doodles - G_6e786d/h1_The story behind Doodles' is visible

07-06-2024T13:49:37 - [TEST_STEP][PASSED] - verifyElementVisible(findTestObject("Object Repository/Page_The Story and Evolution of Doodles - G_6e786d/p_The first Doodle was a simple out-of-offi_345e61")): Object 'Object Repository/Page_The Story and Evolution of Doodles - G_6e786d/p_The first Doodle was a simple out-of-offi_345e61' is visible

07-06-2024T13:49:37 - [MESSAGE][PASSED] - Object 'Object Repository/Page_The Story and Evolution of Doodles - G_6e786d/p_The first Doodle was a simple out-of-offi_345e61' is visible

07-06-2024T13:49:37 - [TEST_STEP][PASSED] - verifyElementVisible(findTestObject("Object Repository/Page_The Story and Evolution of Doodles - G_6e786d/h2_Weve created more than 5,000 Doodles ove_111429")): Object 'Object Repository/Page_The Story and Evolution of Doodles - G_6e786d/h2_Weve created more than 5,000 Doodles ove_111429' is visible

07-06-2024T13:49:37 - [MESSAGE][PASSED] - Object 'Object Repository/Page_The Story and Evolution of Doodles - G_6e786d/h2_Weve created more than 5,000 Doodles ove_111429' is visible]]></system-out>
         <system-err><![CDATA[]]></system-err>
      </testcase>
      <testcase name="Test Cases/test case folder 1/tc1 - Copy (2) - Copy (6)" time="9.965" classname="Test Cases/test case folder 1/tc1 - Copy (2) - Copy (6)" status="PASSED">
         <system-out><![CDATA[07-06-2024T13:49:37 - [TEST_CASE][PASSED] - Test Cases/test case folder 1/tc1 - Copy (2) - Copy (6): Test Cases/test case folder 1/tc1 - Copy (2) - Copy (6)

07-06-2024T13:49:37 - [TEST_STEP][PASSED] - openBrowser(""): Browser is opened with url: ''

07-06-2024T13:49:37 - [MESSAGE][WARNING] - A browser is already opened. Closing browser and opening a new one

07-06-2024T13:49:38 - [MESSAGE][INFO] - Starting 'Firefox (headless)' driver

07-06-2024T13:49:38 - [MESSAGE][INFO] - Action delay is set to 0 milliseconds

07-06-2024T13:49:41 - [MESSAGE][PASSED] - Browser is opened with url: ''

07-06-2024T13:49:41 - [TEST_STEP][PASSED] - navigateToUrl("https://doodles.google/about/"): Navigate to 'https://doodles.google/about/' successfully

07-06-2024T13:49:42 - [MESSAGE][PASSED] - Navigate to 'https://doodles.google/about/' successfully

07-06-2024T13:49:42 - [TEST_STEP][PASSED] - click(findTestObject("Object Repository/Page_The Story and Evolution of Doodles - G_6e786d/p_The first Doodle was a simple out-of-offi_345e61")): Object: 'Object Repository/Page_The Story and Evolution of Doodles - G_6e786d/p_The first Doodle was a simple out-of-offi_345e61' is clicked on

07-06-2024T13:49:42 - [MESSAGE][PASSED] - Object: 'Object Repository/Page_The Story and Evolution of Doodles - G_6e786d/p_The first Doodle was a simple out-of-offi_345e61' is clicked on

07-06-2024T13:49:42 - [TEST_STEP][PASSED] - click(findTestObject("Object Repository/Page_The Story and Evolution of Doodles - G_6e786d/p_The first Doodle was a simple out-of-offi_345e61")): Object: 'Object Repository/Page_The Story and Evolution of Doodles - G_6e786d/p_The first Doodle was a simple out-of-offi_345e61' is clicked on

07-06-2024T13:49:43 - [MESSAGE][PASSED] - Object: 'Object Repository/Page_The Story and Evolution of Doodles - G_6e786d/p_The first Doodle was a simple out-of-offi_345e61' is clicked on

07-06-2024T13:49:43 - [TEST_STEP][PASSED] - verifyElementVisible(findTestObject("Object Repository/Page_The Story and Evolution of Doodles - G_6e786d/h1_The story behind Doodles")): Object 'Object Repository/Page_The Story and Evolution of Doodles - G_6e786d/h1_The story behind Doodles' is visible

07-06-2024T13:49:43 - [MESSAGE][PASSED] - Object 'Object Repository/Page_The Story and Evolution of Doodles - G_6e786d/h1_The story behind Doodles' is visible

07-06-2024T13:49:43 - [TEST_STEP][PASSED] - verifyElementVisible(findTestObject("Object Repository/Page_The Story and Evolution of Doodles - G_6e786d/p_The first Doodle was a simple out-of-offi_345e61")): Object 'Object Repository/Page_The Story and Evolution of Doodles - G_6e786d/p_The first Doodle was a simple out-of-offi_345e61' is visible

07-06-2024T13:49:43 - [MESSAGE][PASSED] - Object 'Object Repository/Page_The Story and Evolution of Doodles - G_6e786d/p_The first Doodle was a simple out-of-offi_345e61' is visible

07-06-2024T13:49:43 - [TEST_STEP][PASSED] - verifyElementVisible(findTestObject("Object Repository/Page_The Story and Evolution of Doodles - G_6e786d/h2_Weve created more than 5,000 Doodles ove_111429")): Object 'Object Repository/Page_The Story and Evolution of Doodles - G_6e786d/h2_Weve created more than 5,000 Doodles ove_111429' is visible

07-06-2024T13:49:43 - [MESSAGE][PASSED] - Object 'Object Repository/Page_The Story and Evolution of Doodles - G_6e786d/h2_Weve created more than 5,000 Doodles ove_111429' is visible

07-06-2024T13:49:43 - [TEST_STEP][PASSED] - verifyElementVisible(findTestObject("Object Repository/Page_The Story and Evolution of Doodles - G_6e786d/h1_The story behind Doodles")): Object 'Object Repository/Page_The Story and Evolution of Doodles - G_6e786d/h1_The story behind Doodles' is visible

07-06-2024T13:49:43 - [MESSAGE][PASSED] - Object 'Object Repository/Page_The Story and Evolution of Doodles - G_6e786d/h1_The story behind Doodles' is visible

07-06-2024T13:49:43 - [TEST_STEP][PASSED] - verifyElementVisible(findTestObject("Object Repository/Page_The Story and Evolution of Doodles - G_6e786d/p_The first Doodle was a simple out-of-offi_345e61")): Object 'Object Repository/Page_The Story and Evolution of Doodles - G_6e786d/p_The first Doodle was a simple out-of-offi_345e61' is visible

07-06-2024T13:49:43 - [MESSAGE][PASSED] - Object 'Object Repository/Page_The Story and Evolution of Doodles - G_6e786d/p_The first Doodle was a simple out-of-offi_345e61' is visible

07-06-2024T13:49:43 - [TEST_STEP][PASSED] - verifyElementVisible(findTestObject("Object Repository/Page_The Story and Evolution of Doodles - G_6e786d/h2_Weve created more than 5,000 Doodles ove_111429")): Object 'Object Repository/Page_The Story and Evolution of Doodles - G_6e786d/h2_Weve created more than 5,000 Doodles ove_111429' is visible

07-06-2024T13:49:43 - [MESSAGE][PASSED] - Object 'Object Repository/Page_The Story and Evolution of Doodles - G_6e786d/h2_Weve created more than 5,000 Doodles ove_111429' is visible

07-06-2024T13:49:43 - [TEST_STEP][PASSED] - click(findTestObject("Object Repository/Page_The Story and Evolution of Doodles - G_6e786d/p_The first Doodle was a simple out-of-offi_345e61")): Object: 'Object Repository/Page_The Story and Evolution of Doodles - G_6e786d/p_The first Doodle was a simple out-of-offi_345e61' is clicked on

07-06-2024T13:49:43 - [MESSAGE][PASSED] - Object: 'Object Repository/Page_The Story and Evolution of Doodles - G_6e786d/p_The first Doodle was a simple out-of-offi_345e61' is clicked on

07-06-2024T13:49:43 - [TEST_STEP][PASSED] - verifyElementVisible(findTestObject("Object Repository/Page_The Story and Evolution of Doodles - G_6e786d/h1_The story behind Doodles")): Object 'Object Repository/Page_The Story and Evolution of Doodles - G_6e786d/h1_The story behind Doodles' is visible

07-06-2024T13:49:43 - [MESSAGE][PASSED] - Object 'Object Repository/Page_The Story and Evolution of Doodles - G_6e786d/h1_The story behind Doodles' is visible

07-06-2024T13:49:43 - [TEST_STEP][PASSED] - verifyElementVisible(findTestObject("Object Repository/Page_The Story and Evolution of Doodles - G_6e786d/p_The first Doodle was a simple out-of-offi_345e61")): Object 'Object Repository/Page_The Story and Evolution of Doodles - G_6e786d/p_The first Doodle was a simple out-of-offi_345e61' is visible

07-06-2024T13:49:43 - [MESSAGE][PASSED] - Object 'Object Repository/Page_The Story and Evolution of Doodles - G_6e786d/p_The first Doodle was a simple out-of-offi_345e61' is visible

07-06-2024T13:49:43 - [TEST_STEP][PASSED] - verifyElementVisible(findTestObject("Object Repository/Page_The Story and Evolution of Doodles - G_6e786d/h2_Weve created more than 5,000 Doodles ove_111429")): Object 'Object Repository/Page_The Story and Evolution of Doodles - G_6e786d/h2_Weve created more than 5,000 Doodles ove_111429' is visible

07-06-2024T13:49:43 - [MESSAGE][PASSED] - Object 'Object Repository/Page_The Story and Evolution of Doodles - G_6e786d/h2_Weve created more than 5,000 Doodles ove_111429' is visible

07-06-2024T13:49:43 - [TEST_STEP][PASSED] - click(findTestObject("Object Repository/Page_The Story and Evolution of Doodles - G_6e786d/p_The first Doodle was a simple out-of-offi_345e61")): Object: 'Object Repository/Page_The Story and Evolution of Doodles - G_6e786d/p_The first Doodle was a simple out-of-offi_345e61' is clicked on

07-06-2024T13:49:44 - [MESSAGE][PASSED] - Object: 'Object Repository/Page_The Story and Evolution of Doodles - G_6e786d/p_The first Doodle was a simple out-of-offi_345e61' is clicked on

07-06-2024T13:49:44 - [TEST_STEP][PASSED] - verifyElementVisible(findTestObject("Object Repository/Page_The Story and Evolution of Doodles - G_6e786d/h1_The story behind Doodles")): Object 'Object Repository/Page_The Story and Evolution of Doodles - G_6e786d/h1_The story behind Doodles' is visible

07-06-2024T13:49:44 - [MESSAGE][PASSED] - Object 'Object Repository/Page_The Story and Evolution of Doodles - G_6e786d/h1_The story behind Doodles' is visible

07-06-2024T13:49:44 - [TEST_STEP][PASSED] - verifyElementVisible(findTestObject("Object Repository/Page_The Story and Evolution of Doodles - G_6e786d/p_The first Doodle was a simple out-of-offi_345e61")): Object 'Object Repository/Page_The Story and Evolution of Doodles - G_6e786d/p_The first Doodle was a simple out-of-offi_345e61' is visible

07-06-2024T13:49:44 - [MESSAGE][PASSED] - Object 'Object Repository/Page_The Story and Evolution of Doodles - G_6e786d/p_The first Doodle was a simple out-of-offi_345e61' is visible

07-06-2024T13:49:44 - [TEST_STEP][PASSED] - verifyElementVisible(findTestObject("Object Repository/Page_The Story and Evolution of Doodles - G_6e786d/h2_Weve created more than 5,000 Doodles ove_111429")): Object 'Object Repository/Page_The Story and Evolution of Doodles - G_6e786d/h2_Weve created more than 5,000 Doodles ove_111429' is visible

07-06-2024T13:49:44 - [MESSAGE][PASSED] - Object 'Object Repository/Page_The Story and Evolution of Doodles - G_6e786d/h2_Weve created more than 5,000 Doodles ove_111429' is visible

07-06-2024T13:49:44 - [TEST_STEP][PASSED] - click(findTestObject("Object Repository/Page_The Story and Evolution of Doodles - G_6e786d/p_The first Doodle was a simple out-of-offi_345e61")): Object: 'Object Repository/Page_The Story and Evolution of Doodles - G_6e786d/p_The first Doodle was a simple out-of-offi_345e61' is clicked on

07-06-2024T13:49:44 - [MESSAGE][PASSED] - Object: 'Object Repository/Page_The Story and Evolution of Doodles - G_6e786d/p_The first Doodle was a simple out-of-offi_345e61' is clicked on

07-06-2024T13:49:44 - [TEST_STEP][PASSED] - verifyElementVisible(findTestObject("Object Repository/Page_The Story and Evolution of Doodles - G_6e786d/h1_The story behind Doodles")): Object 'Object Repository/Page_The Story and Evolution of Doodles - G_6e786d/h1_The story behind Doodles' is visible

07-06-2024T13:49:44 - [MESSAGE][PASSED] - Object 'Object Repository/Page_The Story and Evolution of Doodles - G_6e786d/h1_The story behind Doodles' is visible

07-06-2024T13:49:44 - [TEST_STEP][PASSED] - verifyElementVisible(findTestObject("Object Repository/Page_The Story and Evolution of Doodles - G_6e786d/p_The first Doodle was a simple out-of-offi_345e61")): Object 'Object Repository/Page_The Story and Evolution of Doodles - G_6e786d/p_The first Doodle was a simple out-of-offi_345e61' is visible

07-06-2024T13:49:44 - [MESSAGE][PASSED] - Object 'Object Repository/Page_The Story and Evolution of Doodles - G_6e786d/p_The first Doodle was a simple out-of-offi_345e61' is visible

07-06-2024T13:49:44 - [TEST_STEP][PASSED] - verifyElementVisible(findTestObject("Object Repository/Page_The Story and Evolution of Doodles - G_6e786d/h2_Weve created more than 5,000 Doodles ove_111429")): Object 'Object Repository/Page_The Story and Evolution of Doodles - G_6e786d/h2_Weve created more than 5,000 Doodles ove_111429' is visible

07-06-2024T13:49:44 - [MESSAGE][PASSED] - Object 'Object Repository/Page_The Story and Evolution of Doodles - G_6e786d/h2_Weve created more than 5,000 Doodles ove_111429' is visible

07-06-2024T13:49:44 - [TEST_STEP][PASSED] - click(findTestObject("Object Repository/Page_The Story and Evolution of Doodles - G_6e786d/p_The first Doodle was a simple out-of-offi_345e61")): Object: 'Object Repository/Page_The Story and Evolution of Doodles - G_6e786d/p_The first Doodle was a simple out-of-offi_345e61' is clicked on

07-06-2024T13:49:45 - [MESSAGE][PASSED] - Object: 'Object Repository/Page_The Story and Evolution of Doodles - G_6e786d/p_The first Doodle was a simple out-of-offi_345e61' is clicked on

07-06-2024T13:49:45 - [TEST_STEP][PASSED] - verifyElementVisible(findTestObject("Object Repository/Page_The Story and Evolution of Doodles - G_6e786d/h1_The story behind Doodles")): Object 'Object Repository/Page_The Story and Evolution of Doodles - G_6e786d/h1_The story behind Doodles' is visible

07-06-2024T13:49:45 - [MESSAGE][PASSED] - Object 'Object Repository/Page_The Story and Evolution of Doodles - G_6e786d/h1_The story behind Doodles' is visible

07-06-2024T13:49:45 - [TEST_STEP][PASSED] - verifyElementVisible(findTestObject("Object Repository/Page_The Story and Evolution of Doodles - G_6e786d/p_The first Doodle was a simple out-of-offi_345e61")): Object 'Object Repository/Page_The Story and Evolution of Doodles - G_6e786d/p_The first Doodle was a simple out-of-offi_345e61' is visible

07-06-2024T13:49:45 - [MESSAGE][PASSED] - Object 'Object Repository/Page_The Story and Evolution of Doodles - G_6e786d/p_The first Doodle was a simple out-of-offi_345e61' is visible

07-06-2024T13:49:45 - [TEST_STEP][PASSED] - verifyElementVisible(findTestObject("Object Repository/Page_The Story and Evolution of Doodles - G_6e786d/h2_Weve created more than 5,000 Doodles ove_111429")): Object 'Object Repository/Page_The Story and Evolution of Doodles - G_6e786d/h2_Weve created more than 5,000 Doodles ove_111429' is visible

07-06-2024T13:49:45 - [MESSAGE][PASSED] - Object 'Object Repository/Page_The Story and Evolution of Doodles - G_6e786d/h2_Weve created more than 5,000 Doodles ove_111429' is visible

07-06-2024T13:49:45 - [TEST_STEP][PASSED] - click(findTestObject("Object Repository/Page_The Story and Evolution of Doodles - G_6e786d/p_The first Doodle was a simple out-of-offi_345e61")): Object: 'Object Repository/Page_The Story and Evolution of Doodles - G_6e786d/p_The first Doodle was a simple out-of-offi_345e61' is clicked on

07-06-2024T13:49:45 - [MESSAGE][PASSED] - Object: 'Object Repository/Page_The Story and Evolution of Doodles - G_6e786d/p_The first Doodle was a simple out-of-offi_345e61' is clicked on

07-06-2024T13:49:45 - [TEST_STEP][PASSED] - verifyElementVisible(findTestObject("Object Repository/Page_The Story and Evolution of Doodles - G_6e786d/h1_The story behind Doodles")): Object 'Object Repository/Page_The Story and Evolution of Doodles - G_6e786d/h1_The story behind Doodles' is visible

07-06-2024T13:49:45 - [MESSAGE][PASSED] - Object 'Object Repository/Page_The Story and Evolution of Doodles - G_6e786d/h1_The story behind Doodles' is visible

07-06-2024T13:49:45 - [TEST_STEP][PASSED] - verifyElementVisible(findTestObject("Object Repository/Page_The Story and Evolution of Doodles - G_6e786d/p_The first Doodle was a simple out-of-offi_345e61")): Object 'Object Repository/Page_The Story and Evolution of Doodles - G_6e786d/p_The first Doodle was a simple out-of-offi_345e61' is visible

07-06-2024T13:49:45 - [MESSAGE][PASSED] - Object 'Object Repository/Page_The Story and Evolution of Doodles - G_6e786d/p_The first Doodle was a simple out-of-offi_345e61' is visible

07-06-2024T13:49:45 - [TEST_STEP][PASSED] - verifyElementVisible(findTestObject("Object Repository/Page_The Story and Evolution of Doodles - G_6e786d/h2_Weve created more than 5,000 Doodles ove_111429")): Object 'Object Repository/Page_The Story and Evolution of Doodles - G_6e786d/h2_Weve created more than 5,000 Doodles ove_111429' is visible

07-06-2024T13:49:45 - [MESSAGE][PASSED] - Object 'Object Repository/Page_The Story and Evolution of Doodles - G_6e786d/h2_Weve created more than 5,000 Doodles ove_111429' is visible

07-06-2024T13:49:45 - [TEST_STEP][PASSED] - click(findTestObject("Object Repository/Page_The Story and Evolution of Doodles - G_6e786d/p_The first Doodle was a simple out-of-offi_345e61")): Object: 'Object Repository/Page_The Story and Evolution of Doodles - G_6e786d/p_The first Doodle was a simple out-of-offi_345e61' is clicked on

07-06-2024T13:49:46 - [MESSAGE][PASSED] - Object: 'Object Repository/Page_The Story and Evolution of Doodles - G_6e786d/p_The first Doodle was a simple out-of-offi_345e61' is clicked on

07-06-2024T13:49:46 - [TEST_STEP][PASSED] - verifyElementVisible(findTestObject("Object Repository/Page_The Story and Evolution of Doodles - G_6e786d/h1_The story behind Doodles")): Object 'Object Repository/Page_The Story and Evolution of Doodles - G_6e786d/h1_The story behind Doodles' is visible

07-06-2024T13:49:46 - [MESSAGE][PASSED] - Object 'Object Repository/Page_The Story and Evolution of Doodles - G_6e786d/h1_The story behind Doodles' is visible

07-06-2024T13:49:46 - [TEST_STEP][PASSED] - verifyElementVisible(findTestObject("Object Repository/Page_The Story and Evolution of Doodles - G_6e786d/p_The first Doodle was a simple out-of-offi_345e61")): Object 'Object Repository/Page_The Story and Evolution of Doodles - G_6e786d/p_The first Doodle was a simple out-of-offi_345e61' is visible

07-06-2024T13:49:46 - [MESSAGE][PASSED] - Object 'Object Repository/Page_The Story and Evolution of Doodles - G_6e786d/p_The first Doodle was a simple out-of-offi_345e61' is visible

07-06-2024T13:49:46 - [TEST_STEP][PASSED] - verifyElementVisible(findTestObject("Object Repository/Page_The Story and Evolution of Doodles - G_6e786d/h2_Weve created more than 5,000 Doodles ove_111429")): Object 'Object Repository/Page_The Story and Evolution of Doodles - G_6e786d/h2_Weve created more than 5,000 Doodles ove_111429' is visible

07-06-2024T13:49:46 - [MESSAGE][PASSED] - Object 'Object Repository/Page_The Story and Evolution of Doodles - G_6e786d/h2_Weve created more than 5,000 Doodles ove_111429' is visible

07-06-2024T13:49:46 - [TEST_STEP][PASSED] - click(findTestObject("Object Repository/Page_The Story and Evolution of Doodles - G_6e786d/p_The first Doodle was a simple out-of-offi_345e61")): Object: 'Object Repository/Page_The Story and Evolution of Doodles - G_6e786d/p_The first Doodle was a simple out-of-offi_345e61' is clicked on

07-06-2024T13:49:46 - [MESSAGE][PASSED] - Object: 'Object Repository/Page_The Story and Evolution of Doodles - G_6e786d/p_The first Doodle was a simple out-of-offi_345e61' is clicked on

07-06-2024T13:49:46 - [TEST_STEP][PASSED] - verifyElementVisible(findTestObject("Object Repository/Page_The Story and Evolution of Doodles - G_6e786d/h1_The story behind Doodles")): Object 'Object Repository/Page_The Story and Evolution of Doodles - G_6e786d/h1_The story behind Doodles' is visible

07-06-2024T13:49:46 - [MESSAGE][PASSED] - Object 'Object Repository/Page_The Story and Evolution of Doodles - G_6e786d/h1_The story behind Doodles' is visible

07-06-2024T13:49:46 - [TEST_STEP][PASSED] - verifyElementVisible(findTestObject("Object Repository/Page_The Story and Evolution of Doodles - G_6e786d/p_The first Doodle was a simple out-of-offi_345e61")): Object 'Object Repository/Page_The Story and Evolution of Doodles - G_6e786d/p_The first Doodle was a simple out-of-offi_345e61' is visible

07-06-2024T13:49:46 - [MESSAGE][PASSED] - Object 'Object Repository/Page_The Story and Evolution of Doodles - G_6e786d/p_The first Doodle was a simple out-of-offi_345e61' is visible

07-06-2024T13:49:46 - [TEST_STEP][PASSED] - verifyElementVisible(findTestObject("Object Repository/Page_The Story and Evolution of Doodles - G_6e786d/h2_Weve created more than 5,000 Doodles ove_111429")): Object 'Object Repository/Page_The Story and Evolution of Doodles - G_6e786d/h2_Weve created more than 5,000 Doodles ove_111429' is visible

07-06-2024T13:49:46 - [MESSAGE][PASSED] - Object 'Object Repository/Page_The Story and Evolution of Doodles - G_6e786d/h2_Weve created more than 5,000 Doodles ove_111429' is visible

07-06-2024T13:49:46 - [TEST_STEP][PASSED] - click(findTestObject("Object Repository/Page_The Story and Evolution of Doodles - G_6e786d/p_The first Doodle was a simple out-of-offi_345e61")): Object: 'Object Repository/Page_The Story and Evolution of Doodles - G_6e786d/p_The first Doodle was a simple out-of-offi_345e61' is clicked on

07-06-2024T13:49:46 - [MESSAGE][PASSED] - Object: 'Object Repository/Page_The Story and Evolution of Doodles - G_6e786d/p_The first Doodle was a simple out-of-offi_345e61' is clicked on

07-06-2024T13:49:46 - [TEST_STEP][PASSED] - verifyElementVisible(findTestObject("Object Repository/Page_The Story and Evolution of Doodles - G_6e786d/h1_The story behind Doodles")): Object 'Object Repository/Page_The Story and Evolution of Doodles - G_6e786d/h1_The story behind Doodles' is visible

07-06-2024T13:49:47 - [MESSAGE][PASSED] - Object 'Object Repository/Page_The Story and Evolution of Doodles - G_6e786d/h1_The story behind Doodles' is visible

07-06-2024T13:49:47 - [TEST_STEP][PASSED] - verifyElementVisible(findTestObject("Object Repository/Page_The Story and Evolution of Doodles - G_6e786d/p_The first Doodle was a simple out-of-offi_345e61")): Object 'Object Repository/Page_The Story and Evolution of Doodles - G_6e786d/p_The first Doodle was a simple out-of-offi_345e61' is visible

07-06-2024T13:49:47 - [MESSAGE][PASSED] - Object 'Object Repository/Page_The Story and Evolution of Doodles - G_6e786d/p_The first Doodle was a simple out-of-offi_345e61' is visible

07-06-2024T13:49:47 - [TEST_STEP][PASSED] - verifyElementVisible(findTestObject("Object Repository/Page_The Story and Evolution of Doodles - G_6e786d/h2_Weve created more than 5,000 Doodles ove_111429")): Object 'Object Repository/Page_The Story and Evolution of Doodles - G_6e786d/h2_Weve created more than 5,000 Doodles ove_111429' is visible

07-06-2024T13:49:47 - [MESSAGE][PASSED] - Object 'Object Repository/Page_The Story and Evolution of Doodles - G_6e786d/h2_Weve created more than 5,000 Doodles ove_111429' is visible

07-06-2024T13:49:47 - [TEST_STEP][PASSED] - click(findTestObject("Object Repository/Page_The Story and Evolution of Doodles - G_6e786d/p_The first Doodle was a simple out-of-offi_345e61")): Object: 'Object Repository/Page_The Story and Evolution of Doodles - G_6e786d/p_The first Doodle was a simple out-of-offi_345e61' is clicked on

07-06-2024T13:49:47 - [MESSAGE][PASSED] - Object: 'Object Repository/Page_The Story and Evolution of Doodles - G_6e786d/p_The first Doodle was a simple out-of-offi_345e61' is clicked on

07-06-2024T13:49:47 - [TEST_STEP][PASSED] - verifyElementVisible(findTestObject("Object Repository/Page_The Story and Evolution of Doodles - G_6e786d/h1_The story behind Doodles")): Object 'Object Repository/Page_The Story and Evolution of Doodles - G_6e786d/h1_The story behind Doodles' is visible

07-06-2024T13:49:47 - [MESSAGE][PASSED] - Object 'Object Repository/Page_The Story and Evolution of Doodles - G_6e786d/h1_The story behind Doodles' is visible

07-06-2024T13:49:47 - [TEST_STEP][PASSED] - verifyElementVisible(findTestObject("Object Repository/Page_The Story and Evolution of Doodles - G_6e786d/p_The first Doodle was a simple out-of-offi_345e61")): Object 'Object Repository/Page_The Story and Evolution of Doodles - G_6e786d/p_The first Doodle was a simple out-of-offi_345e61' is visible

07-06-2024T13:49:47 - [MESSAGE][PASSED] - Object 'Object Repository/Page_The Story and Evolution of Doodles - G_6e786d/p_The first Doodle was a simple out-of-offi_345e61' is visible

07-06-2024T13:49:47 - [TEST_STEP][PASSED] - verifyElementVisible(findTestObject("Object Repository/Page_The Story and Evolution of Doodles - G_6e786d/h2_Weve created more than 5,000 Doodles ove_111429")): Object 'Object Repository/Page_The Story and Evolution of Doodles - G_6e786d/h2_Weve created more than 5,000 Doodles ove_111429' is visible

07-06-2024T13:49:47 - [MESSAGE][PASSED] - Object 'Object Repository/Page_The Story and Evolution of Doodles - G_6e786d/h2_Weve created more than 5,000 Doodles ove_111429' is visible]]></system-out>
         <system-err><![CDATA[]]></system-err>
      </testcase>
      <testcase name="Test Cases/test case folder 1/tc1 - Copy (2) - Copy" time="10.034" classname="Test Cases/test case folder 1/tc1 - Copy (2) - Copy" status="PASSED">
         <system-out><![CDATA[07-06-2024T13:49:47 - [TEST_CASE][PASSED] - Test Cases/test case folder 1/tc1 - Copy (2) - Copy: Test Cases/test case folder 1/tc1 - Copy (2) - Copy

07-06-2024T13:49:47 - [TEST_STEP][PASSED] - openBrowser(""): Browser is opened with url: ''

07-06-2024T13:49:47 - [MESSAGE][WARNING] - A browser is already opened. Closing browser and opening a new one

07-06-2024T13:49:49 - [MESSAGE][INFO] - Starting 'Firefox (headless)' driver

07-06-2024T13:49:49 - [MESSAGE][INFO] - Action delay is set to 0 milliseconds

07-06-2024T13:49:52 - [MESSAGE][PASSED] - Browser is opened with url: ''

07-06-2024T13:49:52 - [TEST_STEP][PASSED] - navigateToUrl("https://doodles.google/about/"): Navigate to 'https://doodles.google/about/' successfully

07-06-2024T13:49:53 - [MESSAGE][PASSED] - Navigate to 'https://doodles.google/about/' successfully

07-06-2024T13:49:53 - [TEST_STEP][PASSED] - click(findTestObject("Object Repository/Page_The Story and Evolution of Doodles - G_6e786d/p_The first Doodle was a simple out-of-offi_345e61")): Object: 'Object Repository/Page_The Story and Evolution of Doodles - G_6e786d/p_The first Doodle was a simple out-of-offi_345e61' is clicked on

07-06-2024T13:49:53 - [MESSAGE][PASSED] - Object: 'Object Repository/Page_The Story and Evolution of Doodles - G_6e786d/p_The first Doodle was a simple out-of-offi_345e61' is clicked on

07-06-2024T13:49:53 - [TEST_STEP][PASSED] - click(findTestObject("Object Repository/Page_The Story and Evolution of Doodles - G_6e786d/p_The first Doodle was a simple out-of-offi_345e61")): Object: 'Object Repository/Page_The Story and Evolution of Doodles - G_6e786d/p_The first Doodle was a simple out-of-offi_345e61' is clicked on

07-06-2024T13:49:54 - [MESSAGE][PASSED] - Object: 'Object Repository/Page_The Story and Evolution of Doodles - G_6e786d/p_The first Doodle was a simple out-of-offi_345e61' is clicked on

07-06-2024T13:49:54 - [TEST_STEP][PASSED] - verifyElementVisible(findTestObject("Object Repository/Page_The Story and Evolution of Doodles - G_6e786d/h1_The story behind Doodles")): Object 'Object Repository/Page_The Story and Evolution of Doodles - G_6e786d/h1_The story behind Doodles' is visible

07-06-2024T13:49:54 - [MESSAGE][PASSED] - Object 'Object Repository/Page_The Story and Evolution of Doodles - G_6e786d/h1_The story behind Doodles' is visible

07-06-2024T13:49:54 - [TEST_STEP][PASSED] - verifyElementVisible(findTestObject("Object Repository/Page_The Story and Evolution of Doodles - G_6e786d/p_The first Doodle was a simple out-of-offi_345e61")): Object 'Object Repository/Page_The Story and Evolution of Doodles - G_6e786d/p_The first Doodle was a simple out-of-offi_345e61' is visible

07-06-2024T13:49:54 - [MESSAGE][PASSED] - Object 'Object Repository/Page_The Story and Evolution of Doodles - G_6e786d/p_The first Doodle was a simple out-of-offi_345e61' is visible

07-06-2024T13:49:54 - [TEST_STEP][PASSED] - verifyElementVisible(findTestObject("Object Repository/Page_The Story and Evolution of Doodles - G_6e786d/h2_Weve created more than 5,000 Doodles ove_111429")): Object 'Object Repository/Page_The Story and Evolution of Doodles - G_6e786d/h2_Weve created more than 5,000 Doodles ove_111429' is visible

07-06-2024T13:49:54 - [MESSAGE][PASSED] - Object 'Object Repository/Page_The Story and Evolution of Doodles - G_6e786d/h2_Weve created more than 5,000 Doodles ove_111429' is visible

07-06-2024T13:49:54 - [TEST_STEP][PASSED] - verifyElementVisible(findTestObject("Object Repository/Page_The Story and Evolution of Doodles - G_6e786d/h1_The story behind Doodles")): Object 'Object Repository/Page_The Story and Evolution of Doodles - G_6e786d/h1_The story behind Doodles' is visible

07-06-2024T13:49:54 - [MESSAGE][PASSED] - Object 'Object Repository/Page_The Story and Evolution of Doodles - G_6e786d/h1_The story behind Doodles' is visible

07-06-2024T13:49:54 - [TEST_STEP][PASSED] - verifyElementVisible(findTestObject("Object Repository/Page_The Story and Evolution of Doodles - G_6e786d/p_The first Doodle was a simple out-of-offi_345e61")): Object 'Object Repository/Page_The Story and Evolution of Doodles - G_6e786d/p_The first Doodle was a simple out-of-offi_345e61' is visible

07-06-2024T13:49:54 - [MESSAGE][PASSED] - Object 'Object Repository/Page_The Story and Evolution of Doodles - G_6e786d/p_The first Doodle was a simple out-of-offi_345e61' is visible

07-06-2024T13:49:54 - [TEST_STEP][PASSED] - verifyElementVisible(findTestObject("Object Repository/Page_The Story and Evolution of Doodles - G_6e786d/h2_Weve created more than 5,000 Doodles ove_111429")): Object 'Object Repository/Page_The Story and Evolution of Doodles - G_6e786d/h2_Weve created more than 5,000 Doodles ove_111429' is visible

07-06-2024T13:49:54 - [MESSAGE][PASSED] - Object 'Object Repository/Page_The Story and Evolution of Doodles - G_6e786d/h2_Weve created more than 5,000 Doodles ove_111429' is visible

07-06-2024T13:49:54 - [TEST_STEP][PASSED] - click(findTestObject("Object Repository/Page_The Story and Evolution of Doodles - G_6e786d/p_The first Doodle was a simple out-of-offi_345e61")): Object: 'Object Repository/Page_The Story and Evolution of Doodles - G_6e786d/p_The first Doodle was a simple out-of-offi_345e61' is clicked on

07-06-2024T13:49:54 - [MESSAGE][PASSED] - Object: 'Object Repository/Page_The Story and Evolution of Doodles - G_6e786d/p_The first Doodle was a simple out-of-offi_345e61' is clicked on

07-06-2024T13:49:54 - [TEST_STEP][PASSED] - verifyElementVisible(findTestObject("Object Repository/Page_The Story and Evolution of Doodles - G_6e786d/h1_The story behind Doodles")): Object 'Object Repository/Page_The Story and Evolution of Doodles - G_6e786d/h1_The story behind Doodles' is visible

07-06-2024T13:49:54 - [MESSAGE][PASSED] - Object 'Object Repository/Page_The Story and Evolution of Doodles - G_6e786d/h1_The story behind Doodles' is visible

07-06-2024T13:49:54 - [TEST_STEP][PASSED] - verifyElementVisible(findTestObject("Object Repository/Page_The Story and Evolution of Doodles - G_6e786d/p_The first Doodle was a simple out-of-offi_345e61")): Object 'Object Repository/Page_The Story and Evolution of Doodles - G_6e786d/p_The first Doodle was a simple out-of-offi_345e61' is visible

07-06-2024T13:49:54 - [MESSAGE][PASSED] - Object 'Object Repository/Page_The Story and Evolution of Doodles - G_6e786d/p_The first Doodle was a simple out-of-offi_345e61' is visible

07-06-2024T13:49:54 - [TEST_STEP][PASSED] - verifyElementVisible(findTestObject("Object Repository/Page_The Story and Evolution of Doodles - G_6e786d/h2_Weve created more than 5,000 Doodles ove_111429")): Object 'Object Repository/Page_The Story and Evolution of Doodles - G_6e786d/h2_Weve created more than 5,000 Doodles ove_111429' is visible

07-06-2024T13:49:54 - [MESSAGE][PASSED] - Object 'Object Repository/Page_The Story and Evolution of Doodles - G_6e786d/h2_Weve created more than 5,000 Doodles ove_111429' is visible

07-06-2024T13:49:54 - [TEST_STEP][PASSED] - click(findTestObject("Object Repository/Page_The Story and Evolution of Doodles - G_6e786d/p_The first Doodle was a simple out-of-offi_345e61")): Object: 'Object Repository/Page_The Story and Evolution of Doodles - G_6e786d/p_The first Doodle was a simple out-of-offi_345e61' is clicked on

07-06-2024T13:49:54 - [MESSAGE][PASSED] - Object: 'Object Repository/Page_The Story and Evolution of Doodles - G_6e786d/p_The first Doodle was a simple out-of-offi_345e61' is clicked on

07-06-2024T13:49:54 - [TEST_STEP][PASSED] - verifyElementVisible(findTestObject("Object Repository/Page_The Story and Evolution of Doodles - G_6e786d/h1_The story behind Doodles")): Object 'Object Repository/Page_The Story and Evolution of Doodles - G_6e786d/h1_The story behind Doodles' is visible

07-06-2024T13:49:54 - [MESSAGE][PASSED] - Object 'Object Repository/Page_The Story and Evolution of Doodles - G_6e786d/h1_The story behind Doodles' is visible

07-06-2024T13:49:54 - [TEST_STEP][PASSED] - verifyElementVisible(findTestObject("Object Repository/Page_The Story and Evolution of Doodles - G_6e786d/p_The first Doodle was a simple out-of-offi_345e61")): Object 'Object Repository/Page_The Story and Evolution of Doodles - G_6e786d/p_The first Doodle was a simple out-of-offi_345e61' is visible

07-06-2024T13:49:55 - [MESSAGE][PASSED] - Object 'Object Repository/Page_The Story and Evolution of Doodles - G_6e786d/p_The first Doodle was a simple out-of-offi_345e61' is visible

07-06-2024T13:49:55 - [TEST_STEP][PASSED] - verifyElementVisible(findTestObject("Object Repository/Page_The Story and Evolution of Doodles - G_6e786d/h2_Weve created more than 5,000 Doodles ove_111429")): Object 'Object Repository/Page_The Story and Evolution of Doodles - G_6e786d/h2_Weve created more than 5,000 Doodles ove_111429' is visible

07-06-2024T13:49:55 - [MESSAGE][PASSED] - Object 'Object Repository/Page_The Story and Evolution of Doodles - G_6e786d/h2_Weve created more than 5,000 Doodles ove_111429' is visible

07-06-2024T13:49:55 - [TEST_STEP][PASSED] - click(findTestObject("Object Repository/Page_The Story and Evolution of Doodles - G_6e786d/p_The first Doodle was a simple out-of-offi_345e61")): Object: 'Object Repository/Page_The Story and Evolution of Doodles - G_6e786d/p_The first Doodle was a simple out-of-offi_345e61' is clicked on

07-06-2024T13:49:55 - [MESSAGE][PASSED] - Object: 'Object Repository/Page_The Story and Evolution of Doodles - G_6e786d/p_The first Doodle was a simple out-of-offi_345e61' is clicked on

07-06-2024T13:49:55 - [TEST_STEP][PASSED] - verifyElementVisible(findTestObject("Object Repository/Page_The Story and Evolution of Doodles - G_6e786d/h1_The story behind Doodles")): Object 'Object Repository/Page_The Story and Evolution of Doodles - G_6e786d/h1_The story behind Doodles' is visible

07-06-2024T13:49:55 - [MESSAGE][PASSED] - Object 'Object Repository/Page_The Story and Evolution of Doodles - G_6e786d/h1_The story behind Doodles' is visible

07-06-2024T13:49:55 - [TEST_STEP][PASSED] - verifyElementVisible(findTestObject("Object Repository/Page_The Story and Evolution of Doodles - G_6e786d/p_The first Doodle was a simple out-of-offi_345e61")): Object 'Object Repository/Page_The Story and Evolution of Doodles - G_6e786d/p_The first Doodle was a simple out-of-offi_345e61' is visible

07-06-2024T13:49:55 - [MESSAGE][PASSED] - Object 'Object Repository/Page_The Story and Evolution of Doodles - G_6e786d/p_The first Doodle was a simple out-of-offi_345e61' is visible

07-06-2024T13:49:55 - [TEST_STEP][PASSED] - verifyElementVisible(findTestObject("Object Repository/Page_The Story and Evolution of Doodles - G_6e786d/h2_Weve created more than 5,000 Doodles ove_111429")): Object 'Object Repository/Page_The Story and Evolution of Doodles - G_6e786d/h2_Weve created more than 5,000 Doodles ove_111429' is visible

07-06-2024T13:49:55 - [MESSAGE][PASSED] - Object 'Object Repository/Page_The Story and Evolution of Doodles - G_6e786d/h2_Weve created more than 5,000 Doodles ove_111429' is visible

07-06-2024T13:49:55 - [TEST_STEP][PASSED] - click(findTestObject("Object Repository/Page_The Story and Evolution of Doodles - G_6e786d/p_The first Doodle was a simple out-of-offi_345e61")): Object: 'Object Repository/Page_The Story and Evolution of Doodles - G_6e786d/p_The first Doodle was a simple out-of-offi_345e61' is clicked on

07-06-2024T13:49:55 - [MESSAGE][PASSED] - Object: 'Object Repository/Page_The Story and Evolution of Doodles - G_6e786d/p_The first Doodle was a simple out-of-offi_345e61' is clicked on

07-06-2024T13:49:55 - [TEST_STEP][PASSED] - verifyElementVisible(findTestObject("Object Repository/Page_The Story and Evolution of Doodles - G_6e786d/h1_The story behind Doodles")): Object 'Object Repository/Page_The Story and Evolution of Doodles - G_6e786d/h1_The story behind Doodles' is visible

07-06-2024T13:49:55 - [MESSAGE][PASSED] - Object 'Object Repository/Page_The Story and Evolution of Doodles - G_6e786d/h1_The story behind Doodles' is visible

07-06-2024T13:49:55 - [TEST_STEP][PASSED] - verifyElementVisible(findTestObject("Object Repository/Page_The Story and Evolution of Doodles - G_6e786d/p_The first Doodle was a simple out-of-offi_345e61")): Object 'Object Repository/Page_The Story and Evolution of Doodles - G_6e786d/p_The first Doodle was a simple out-of-offi_345e61' is visible

07-06-2024T13:49:55 - [MESSAGE][PASSED] - Object 'Object Repository/Page_The Story and Evolution of Doodles - G_6e786d/p_The first Doodle was a simple out-of-offi_345e61' is visible

07-06-2024T13:49:55 - [TEST_STEP][PASSED] - verifyElementVisible(findTestObject("Object Repository/Page_The Story and Evolution of Doodles - G_6e786d/h2_Weve created more than 5,000 Doodles ove_111429")): Object 'Object Repository/Page_The Story and Evolution of Doodles - G_6e786d/h2_Weve created more than 5,000 Doodles ove_111429' is visible

07-06-2024T13:49:56 - [MESSAGE][PASSED] - Object 'Object Repository/Page_The Story and Evolution of Doodles - G_6e786d/h2_Weve created more than 5,000 Doodles ove_111429' is visible

07-06-2024T13:49:56 - [TEST_STEP][PASSED] - click(findTestObject("Object Repository/Page_The Story and Evolution of Doodles - G_6e786d/p_The first Doodle was a simple out-of-offi_345e61")): Object: 'Object Repository/Page_The Story and Evolution of Doodles - G_6e786d/p_The first Doodle was a simple out-of-offi_345e61' is clicked on

07-06-2024T13:49:56 - [MESSAGE][PASSED] - Object: 'Object Repository/Page_The Story and Evolution of Doodles - G_6e786d/p_The first Doodle was a simple out-of-offi_345e61' is clicked on

07-06-2024T13:49:56 - [TEST_STEP][PASSED] - verifyElementVisible(findTestObject("Object Repository/Page_The Story and Evolution of Doodles - G_6e786d/h1_The story behind Doodles")): Object 'Object Repository/Page_The Story and Evolution of Doodles - G_6e786d/h1_The story behind Doodles' is visible

07-06-2024T13:49:56 - [MESSAGE][PASSED] - Object 'Object Repository/Page_The Story and Evolution of Doodles - G_6e786d/h1_The story behind Doodles' is visible

07-06-2024T13:49:56 - [TEST_STEP][PASSED] - verifyElementVisible(findTestObject("Object Repository/Page_The Story and Evolution of Doodles - G_6e786d/p_The first Doodle was a simple out-of-offi_345e61")): Object 'Object Repository/Page_The Story and Evolution of Doodles - G_6e786d/p_The first Doodle was a simple out-of-offi_345e61' is visible

07-06-2024T13:49:56 - [MESSAGE][PASSED] - Object 'Object Repository/Page_The Story and Evolution of Doodles - G_6e786d/p_The first Doodle was a simple out-of-offi_345e61' is visible

07-06-2024T13:49:56 - [TEST_STEP][PASSED] - verifyElementVisible(findTestObject("Object Repository/Page_The Story and Evolution of Doodles - G_6e786d/h2_Weve created more than 5,000 Doodles ove_111429")): Object 'Object Repository/Page_The Story and Evolution of Doodles - G_6e786d/h2_Weve created more than 5,000 Doodles ove_111429' is visible

07-06-2024T13:49:56 - [MESSAGE][PASSED] - Object 'Object Repository/Page_The Story and Evolution of Doodles - G_6e786d/h2_Weve created more than 5,000 Doodles ove_111429' is visible

07-06-2024T13:49:56 - [TEST_STEP][PASSED] - click(findTestObject("Object Repository/Page_The Story and Evolution of Doodles - G_6e786d/p_The first Doodle was a simple out-of-offi_345e61")): Object: 'Object Repository/Page_The Story and Evolution of Doodles - G_6e786d/p_The first Doodle was a simple out-of-offi_345e61' is clicked on

07-06-2024T13:49:56 - [MESSAGE][PASSED] - Object: 'Object Repository/Page_The Story and Evolution of Doodles - G_6e786d/p_The first Doodle was a simple out-of-offi_345e61' is clicked on

07-06-2024T13:49:56 - [TEST_STEP][PASSED] - verifyElementVisible(findTestObject("Object Repository/Page_The Story and Evolution of Doodles - G_6e786d/h1_The story behind Doodles")): Object 'Object Repository/Page_The Story and Evolution of Doodles - G_6e786d/h1_The story behind Doodles' is visible

07-06-2024T13:49:56 - [MESSAGE][PASSED] - Object 'Object Repository/Page_The Story and Evolution of Doodles - G_6e786d/h1_The story behind Doodles' is visible

07-06-2024T13:49:56 - [TEST_STEP][PASSED] - verifyElementVisible(findTestObject("Object Repository/Page_The Story and Evolution of Doodles - G_6e786d/p_The first Doodle was a simple out-of-offi_345e61")): Object 'Object Repository/Page_The Story and Evolution of Doodles - G_6e786d/p_The first Doodle was a simple out-of-offi_345e61' is visible

07-06-2024T13:49:56 - [MESSAGE][PASSED] - Object 'Object Repository/Page_The Story and Evolution of Doodles - G_6e786d/p_The first Doodle was a simple out-of-offi_345e61' is visible

07-06-2024T13:49:56 - [TEST_STEP][PASSED] - verifyElementVisible(findTestObject("Object Repository/Page_The Story and Evolution of Doodles - G_6e786d/h2_Weve created more than 5,000 Doodles ove_111429")): Object 'Object Repository/Page_The Story and Evolution of Doodles - G_6e786d/h2_Weve created more than 5,000 Doodles ove_111429' is visible

07-06-2024T13:49:56 - [MESSAGE][PASSED] - Object 'Object Repository/Page_The Story and Evolution of Doodles - G_6e786d/h2_Weve created more than 5,000 Doodles ove_111429' is visible

07-06-2024T13:49:56 - [TEST_STEP][PASSED] - click(findTestObject("Object Repository/Page_The Story and Evolution of Doodles - G_6e786d/p_The first Doodle was a simple out-of-offi_345e61")): Object: 'Object Repository/Page_The Story and Evolution of Doodles - G_6e786d/p_The first Doodle was a simple out-of-offi_345e61' is clicked on

07-06-2024T13:49:56 - [MESSAGE][PASSED] - Object: 'Object Repository/Page_The Story and Evolution of Doodles - G_6e786d/p_The first Doodle was a simple out-of-offi_345e61' is clicked on

07-06-2024T13:49:56 - [TEST_STEP][PASSED] - verifyElementVisible(findTestObject("Object Repository/Page_The Story and Evolution of Doodles - G_6e786d/h1_The story behind Doodles")): Object 'Object Repository/Page_The Story and Evolution of Doodles - G_6e786d/h1_The story behind Doodles' is visible

07-06-2024T13:49:57 - [MESSAGE][PASSED] - Object 'Object Repository/Page_The Story and Evolution of Doodles - G_6e786d/h1_The story behind Doodles' is visible

07-06-2024T13:49:57 - [TEST_STEP][PASSED] - verifyElementVisible(findTestObject("Object Repository/Page_The Story and Evolution of Doodles - G_6e786d/p_The first Doodle was a simple out-of-offi_345e61")): Object 'Object Repository/Page_The Story and Evolution of Doodles - G_6e786d/p_The first Doodle was a simple out-of-offi_345e61' is visible

07-06-2024T13:49:57 - [MESSAGE][PASSED] - Object 'Object Repository/Page_The Story and Evolution of Doodles - G_6e786d/p_The first Doodle was a simple out-of-offi_345e61' is visible

07-06-2024T13:49:57 - [TEST_STEP][PASSED] - verifyElementVisible(findTestObject("Object Repository/Page_The Story and Evolution of Doodles - G_6e786d/h2_Weve created more than 5,000 Doodles ove_111429")): Object 'Object Repository/Page_The Story and Evolution of Doodles - G_6e786d/h2_Weve created more than 5,000 Doodles ove_111429' is visible

07-06-2024T13:49:57 - [MESSAGE][PASSED] - Object 'Object Repository/Page_The Story and Evolution of Doodles - G_6e786d/h2_Weve created more than 5,000 Doodles ove_111429' is visible

07-06-2024T13:49:57 - [TEST_STEP][PASSED] - click(findTestObject("Object Repository/Page_The Story and Evolution of Doodles - G_6e786d/p_The first Doodle was a simple out-of-offi_345e61")): Object: 'Object Repository/Page_The Story and Evolution of Doodles - G_6e786d/p_The first Doodle was a simple out-of-offi_345e61' is clicked on

07-06-2024T13:49:57 - [MESSAGE][PASSED] - Object: 'Object Repository/Page_The Story and Evolution of Doodles - G_6e786d/p_The first Doodle was a simple out-of-offi_345e61' is clicked on

07-06-2024T13:49:57 - [TEST_STEP][PASSED] - verifyElementVisible(findTestObject("Object Repository/Page_The Story and Evolution of Doodles - G_6e786d/h1_The story behind Doodles")): Object 'Object Repository/Page_The Story and Evolution of Doodles - G_6e786d/h1_The story behind Doodles' is visible

07-06-2024T13:49:57 - [MESSAGE][PASSED] - Object 'Object Repository/Page_The Story and Evolution of Doodles - G_6e786d/h1_The story behind Doodles' is visible

07-06-2024T13:49:57 - [TEST_STEP][PASSED] - verifyElementVisible(findTestObject("Object Repository/Page_The Story and Evolution of Doodles - G_6e786d/p_The first Doodle was a simple out-of-offi_345e61")): Object 'Object Repository/Page_The Story and Evolution of Doodles - G_6e786d/p_The first Doodle was a simple out-of-offi_345e61' is visible

07-06-2024T13:49:57 - [MESSAGE][PASSED] - Object 'Object Repository/Page_The Story and Evolution of Doodles - G_6e786d/p_The first Doodle was a simple out-of-offi_345e61' is visible

07-06-2024T13:49:57 - [TEST_STEP][PASSED] - verifyElementVisible(findTestObject("Object Repository/Page_The Story and Evolution of Doodles - G_6e786d/h2_Weve created more than 5,000 Doodles ove_111429")): Object 'Object Repository/Page_The Story and Evolution of Doodles - G_6e786d/h2_Weve created more than 5,000 Doodles ove_111429' is visible

07-06-2024T13:49:57 - [MESSAGE][PASSED] - Object 'Object Repository/Page_The Story and Evolution of Doodles - G_6e786d/h2_Weve created more than 5,000 Doodles ove_111429' is visible

07-06-2024T13:49:57 - [TEST_STEP][PASSED] - click(findTestObject("Object Repository/Page_The Story and Evolution of Doodles - G_6e786d/p_The first Doodle was a simple out-of-offi_345e61")): Object: 'Object Repository/Page_The Story and Evolution of Doodles - G_6e786d/p_The first Doodle was a simple out-of-offi_345e61' is clicked on

07-06-2024T13:49:57 - [MESSAGE][PASSED] - Object: 'Object Repository/Page_The Story and Evolution of Doodles - G_6e786d/p_The first Doodle was a simple out-of-offi_345e61' is clicked on

07-06-2024T13:49:57 - [TEST_STEP][PASSED] - verifyElementVisible(findTestObject("Object Repository/Page_The Story and Evolution of Doodles - G_6e786d/h1_The story behind Doodles")): Object 'Object Repository/Page_The Story and Evolution of Doodles - G_6e786d/h1_The story behind Doodles' is visible

07-06-2024T13:49:57 - [MESSAGE][PASSED] - Object 'Object Repository/Page_The Story and Evolution of Doodles - G_6e786d/h1_The story behind Doodles' is visible

07-06-2024T13:49:57 - [TEST_STEP][PASSED] - verifyElementVisible(findTestObject("Object Repository/Page_The Story and Evolution of Doodles - G_6e786d/p_The first Doodle was a simple out-of-offi_345e61")): Object 'Object Repository/Page_The Story and Evolution of Doodles - G_6e786d/p_The first Doodle was a simple out-of-offi_345e61' is visible

07-06-2024T13:49:57 - [MESSAGE][PASSED] - Object 'Object Repository/Page_The Story and Evolution of Doodles - G_6e786d/p_The first Doodle was a simple out-of-offi_345e61' is visible

07-06-2024T13:49:57 - [TEST_STEP][PASSED] - verifyElementVisible(findTestObject("Object Repository/Page_The Story and Evolution of Doodles - G_6e786d/h2_Weve created more than 5,000 Doodles ove_111429")): Object 'Object Repository/Page_The Story and Evolution of Doodles - G_6e786d/h2_Weve created more than 5,000 Doodles ove_111429' is visible

07-06-2024T13:49:57 - [MESSAGE][PASSED] - Object 'Object Repository/Page_The Story and Evolution of Doodles - G_6e786d/h2_Weve created more than 5,000 Doodles ove_111429' is visible]]></system-out>
         <system-err><![CDATA[]]></system-err>
      </testcase>
      <testcase name="Test Cases/test case folder 1/tc1 - Copy (3) - Copy (1)" time="9.513" classname="Test Cases/test case folder 1/tc1 - Copy (3) - Copy (1)" status="PASSED">
         <system-out><![CDATA[07-06-2024T13:49:57 - [TEST_CASE][PASSED] - Test Cases/test case folder 1/tc1 - Copy (3) - Copy (1): Test Cases/test case folder 1/tc1 - Copy (3) - Copy (1)

07-06-2024T13:49:57 - [TEST_STEP][PASSED] - openBrowser(""): Browser is opened with url: ''

07-06-2024T13:49:57 - [MESSAGE][WARNING] - A browser is already opened. Closing browser and opening a new one

07-06-2024T13:49:59 - [MESSAGE][INFO] - Starting 'Firefox (headless)' driver

07-06-2024T13:49:59 - [MESSAGE][INFO] - Action delay is set to 0 milliseconds

07-06-2024T13:50:01 - [MESSAGE][PASSED] - Browser is opened with url: ''

07-06-2024T13:50:01 - [TEST_STEP][PASSED] - navigateToUrl("https://doodles.google/about/"): Navigate to 'https://doodles.google/about/' successfully

07-06-2024T13:50:02 - [MESSAGE][PASSED] - Navigate to 'https://doodles.google/about/' successfully

07-06-2024T13:50:02 - [TEST_STEP][PASSED] - click(findTestObject("Object Repository/Page_The Story and Evolution of Doodles - G_6e786d/p_The first Doodle was a simple out-of-offi_345e61")): Object: 'Object Repository/Page_The Story and Evolution of Doodles - G_6e786d/p_The first Doodle was a simple out-of-offi_345e61' is clicked on

07-06-2024T13:50:02 - [MESSAGE][PASSED] - Object: 'Object Repository/Page_The Story and Evolution of Doodles - G_6e786d/p_The first Doodle was a simple out-of-offi_345e61' is clicked on

07-06-2024T13:50:02 - [TEST_STEP][PASSED] - click(findTestObject("Object Repository/Page_The Story and Evolution of Doodles - G_6e786d/p_The first Doodle was a simple out-of-offi_345e61")): Object: 'Object Repository/Page_The Story and Evolution of Doodles - G_6e786d/p_The first Doodle was a simple out-of-offi_345e61' is clicked on

07-06-2024T13:50:03 - [MESSAGE][PASSED] - Object: 'Object Repository/Page_The Story and Evolution of Doodles - G_6e786d/p_The first Doodle was a simple out-of-offi_345e61' is clicked on

07-06-2024T13:50:03 - [TEST_STEP][PASSED] - verifyElementVisible(findTestObject("Object Repository/Page_The Story and Evolution of Doodles - G_6e786d/h1_The story behind Doodles")): Object 'Object Repository/Page_The Story and Evolution of Doodles - G_6e786d/h1_The story behind Doodles' is visible

07-06-2024T13:50:03 - [MESSAGE][PASSED] - Object 'Object Repository/Page_The Story and Evolution of Doodles - G_6e786d/h1_The story behind Doodles' is visible

07-06-2024T13:50:03 - [TEST_STEP][PASSED] - verifyElementVisible(findTestObject("Object Repository/Page_The Story and Evolution of Doodles - G_6e786d/p_The first Doodle was a simple out-of-offi_345e61")): Object 'Object Repository/Page_The Story and Evolution of Doodles - G_6e786d/p_The first Doodle was a simple out-of-offi_345e61' is visible

07-06-2024T13:50:03 - [MESSAGE][PASSED] - Object 'Object Repository/Page_The Story and Evolution of Doodles - G_6e786d/p_The first Doodle was a simple out-of-offi_345e61' is visible

07-06-2024T13:50:03 - [TEST_STEP][PASSED] - verifyElementVisible(findTestObject("Object Repository/Page_The Story and Evolution of Doodles - G_6e786d/h2_Weve created more than 5,000 Doodles ove_111429")): Object 'Object Repository/Page_The Story and Evolution of Doodles - G_6e786d/h2_Weve created more than 5,000 Doodles ove_111429' is visible

07-06-2024T13:50:03 - [MESSAGE][PASSED] - Object 'Object Repository/Page_The Story and Evolution of Doodles - G_6e786d/h2_Weve created more than 5,000 Doodles ove_111429' is visible

07-06-2024T13:50:03 - [TEST_STEP][PASSED] - verifyElementVisible(findTestObject("Object Repository/Page_The Story and Evolution of Doodles - G_6e786d/h1_The story behind Doodles")): Object 'Object Repository/Page_The Story and Evolution of Doodles - G_6e786d/h1_The story behind Doodles' is visible

07-06-2024T13:50:03 - [MESSAGE][PASSED] - Object 'Object Repository/Page_The Story and Evolution of Doodles - G_6e786d/h1_The story behind Doodles' is visible

07-06-2024T13:50:03 - [TEST_STEP][PASSED] - verifyElementVisible(findTestObject("Object Repository/Page_The Story and Evolution of Doodles - G_6e786d/p_The first Doodle was a simple out-of-offi_345e61")): Object 'Object Repository/Page_The Story and Evolution of Doodles - G_6e786d/p_The first Doodle was a simple out-of-offi_345e61' is visible

07-06-2024T13:50:03 - [MESSAGE][PASSED] - Object 'Object Repository/Page_The Story and Evolution of Doodles - G_6e786d/p_The first Doodle was a simple out-of-offi_345e61' is visible

07-06-2024T13:50:03 - [TEST_STEP][PASSED] - verifyElementVisible(findTestObject("Object Repository/Page_The Story and Evolution of Doodles - G_6e786d/h2_Weve created more than 5,000 Doodles ove_111429")): Object 'Object Repository/Page_The Story and Evolution of Doodles - G_6e786d/h2_Weve created more than 5,000 Doodles ove_111429' is visible

07-06-2024T13:50:03 - [MESSAGE][PASSED] - Object 'Object Repository/Page_The Story and Evolution of Doodles - G_6e786d/h2_Weve created more than 5,000 Doodles ove_111429' is visible

07-06-2024T13:50:03 - [TEST_STEP][PASSED] - click(findTestObject("Object Repository/Page_The Story and Evolution of Doodles - G_6e786d/p_The first Doodle was a simple out-of-offi_345e61")): Object: 'Object Repository/Page_The Story and Evolution of Doodles - G_6e786d/p_The first Doodle was a simple out-of-offi_345e61' is clicked on

07-06-2024T13:50:03 - [MESSAGE][PASSED] - Object: 'Object Repository/Page_The Story and Evolution of Doodles - G_6e786d/p_The first Doodle was a simple out-of-offi_345e61' is clicked on

07-06-2024T13:50:03 - [TEST_STEP][PASSED] - verifyElementVisible(findTestObject("Object Repository/Page_The Story and Evolution of Doodles - G_6e786d/h1_The story behind Doodles")): Object 'Object Repository/Page_The Story and Evolution of Doodles - G_6e786d/h1_The story behind Doodles' is visible

07-06-2024T13:50:03 - [MESSAGE][PASSED] - Object 'Object Repository/Page_The Story and Evolution of Doodles - G_6e786d/h1_The story behind Doodles' is visible

07-06-2024T13:50:03 - [TEST_STEP][PASSED] - verifyElementVisible(findTestObject("Object Repository/Page_The Story and Evolution of Doodles - G_6e786d/p_The first Doodle was a simple out-of-offi_345e61")): Object 'Object Repository/Page_The Story and Evolution of Doodles - G_6e786d/p_The first Doodle was a simple out-of-offi_345e61' is visible

07-06-2024T13:50:03 - [MESSAGE][PASSED] - Object 'Object Repository/Page_The Story and Evolution of Doodles - G_6e786d/p_The first Doodle was a simple out-of-offi_345e61' is visible

07-06-2024T13:50:03 - [TEST_STEP][PASSED] - verifyElementVisible(findTestObject("Object Repository/Page_The Story and Evolution of Doodles - G_6e786d/h2_Weve created more than 5,000 Doodles ove_111429")): Object 'Object Repository/Page_The Story and Evolution of Doodles - G_6e786d/h2_Weve created more than 5,000 Doodles ove_111429' is visible

07-06-2024T13:50:03 - [MESSAGE][PASSED] - Object 'Object Repository/Page_The Story and Evolution of Doodles - G_6e786d/h2_Weve created more than 5,000 Doodles ove_111429' is visible

07-06-2024T13:50:03 - [TEST_STEP][PASSED] - click(findTestObject("Object Repository/Page_The Story and Evolution of Doodles - G_6e786d/p_The first Doodle was a simple out-of-offi_345e61")): Object: 'Object Repository/Page_The Story and Evolution of Doodles - G_6e786d/p_The first Doodle was a simple out-of-offi_345e61' is clicked on

07-06-2024T13:50:04 - [MESSAGE][PASSED] - Object: 'Object Repository/Page_The Story and Evolution of Doodles - G_6e786d/p_The first Doodle was a simple out-of-offi_345e61' is clicked on

07-06-2024T13:50:04 - [TEST_STEP][PASSED] - verifyElementVisible(findTestObject("Object Repository/Page_The Story and Evolution of Doodles - G_6e786d/h1_The story behind Doodles")): Object 'Object Repository/Page_The Story and Evolution of Doodles - G_6e786d/h1_The story behind Doodles' is visible

07-06-2024T13:50:04 - [MESSAGE][PASSED] - Object 'Object Repository/Page_The Story and Evolution of Doodles - G_6e786d/h1_The story behind Doodles' is visible

07-06-2024T13:50:04 - [TEST_STEP][PASSED] - verifyElementVisible(findTestObject("Object Repository/Page_The Story and Evolution of Doodles - G_6e786d/p_The first Doodle was a simple out-of-offi_345e61")): Object 'Object Repository/Page_The Story and Evolution of Doodles - G_6e786d/p_The first Doodle was a simple out-of-offi_345e61' is visible

07-06-2024T13:50:04 - [MESSAGE][PASSED] - Object 'Object Repository/Page_The Story and Evolution of Doodles - G_6e786d/p_The first Doodle was a simple out-of-offi_345e61' is visible

07-06-2024T13:50:04 - [TEST_STEP][PASSED] - verifyElementVisible(findTestObject("Object Repository/Page_The Story and Evolution of Doodles - G_6e786d/h2_Weve created more than 5,000 Doodles ove_111429")): Object 'Object Repository/Page_The Story and Evolution of Doodles - G_6e786d/h2_Weve created more than 5,000 Doodles ove_111429' is visible

07-06-2024T13:50:04 - [MESSAGE][PASSED] - Object 'Object Repository/Page_The Story and Evolution of Doodles - G_6e786d/h2_Weve created more than 5,000 Doodles ove_111429' is visible

07-06-2024T13:50:04 - [TEST_STEP][PASSED] - click(findTestObject("Object Repository/Page_The Story and Evolution of Doodles - G_6e786d/p_The first Doodle was a simple out-of-offi_345e61")): Object: 'Object Repository/Page_The Story and Evolution of Doodles - G_6e786d/p_The first Doodle was a simple out-of-offi_345e61' is clicked on

07-06-2024T13:50:04 - [MESSAGE][PASSED] - Object: 'Object Repository/Page_The Story and Evolution of Doodles - G_6e786d/p_The first Doodle was a simple out-of-offi_345e61' is clicked on

07-06-2024T13:50:04 - [TEST_STEP][PASSED] - verifyElementVisible(findTestObject("Object Repository/Page_The Story and Evolution of Doodles - G_6e786d/h1_The story behind Doodles")): Object 'Object Repository/Page_The Story and Evolution of Doodles - G_6e786d/h1_The story behind Doodles' is visible

07-06-2024T13:50:04 - [MESSAGE][PASSED] - Object 'Object Repository/Page_The Story and Evolution of Doodles - G_6e786d/h1_The story behind Doodles' is visible

07-06-2024T13:50:04 - [TEST_STEP][PASSED] - verifyElementVisible(findTestObject("Object Repository/Page_The Story and Evolution of Doodles - G_6e786d/p_The first Doodle was a simple out-of-offi_345e61")): Object 'Object Repository/Page_The Story and Evolution of Doodles - G_6e786d/p_The first Doodle was a simple out-of-offi_345e61' is visible

07-06-2024T13:50:04 - [MESSAGE][PASSED] - Object 'Object Repository/Page_The Story and Evolution of Doodles - G_6e786d/p_The first Doodle was a simple out-of-offi_345e61' is visible

07-06-2024T13:50:04 - [TEST_STEP][PASSED] - verifyElementVisible(findTestObject("Object Repository/Page_The Story and Evolution of Doodles - G_6e786d/h2_Weve created more than 5,000 Doodles ove_111429")): Object 'Object Repository/Page_The Story and Evolution of Doodles - G_6e786d/h2_Weve created more than 5,000 Doodles ove_111429' is visible

07-06-2024T13:50:04 - [MESSAGE][PASSED] - Object 'Object Repository/Page_The Story and Evolution of Doodles - G_6e786d/h2_Weve created more than 5,000 Doodles ove_111429' is visible

07-06-2024T13:50:04 - [TEST_STEP][PASSED] - click(findTestObject("Object Repository/Page_The Story and Evolution of Doodles - G_6e786d/p_The first Doodle was a simple out-of-offi_345e61")): Object: 'Object Repository/Page_The Story and Evolution of Doodles - G_6e786d/p_The first Doodle was a simple out-of-offi_345e61' is clicked on

07-06-2024T13:50:05 - [MESSAGE][PASSED] - Object: 'Object Repository/Page_The Story and Evolution of Doodles - G_6e786d/p_The first Doodle was a simple out-of-offi_345e61' is clicked on

07-06-2024T13:50:05 - [TEST_STEP][PASSED] - verifyElementVisible(findTestObject("Object Repository/Page_The Story and Evolution of Doodles - G_6e786d/h1_The story behind Doodles")): Object 'Object Repository/Page_The Story and Evolution of Doodles - G_6e786d/h1_The story behind Doodles' is visible

07-06-2024T13:50:05 - [MESSAGE][PASSED] - Object 'Object Repository/Page_The Story and Evolution of Doodles - G_6e786d/h1_The story behind Doodles' is visible

07-06-2024T13:50:05 - [TEST_STEP][PASSED] - verifyElementVisible(findTestObject("Object Repository/Page_The Story and Evolution of Doodles - G_6e786d/p_The first Doodle was a simple out-of-offi_345e61")): Object 'Object Repository/Page_The Story and Evolution of Doodles - G_6e786d/p_The first Doodle was a simple out-of-offi_345e61' is visible

07-06-2024T13:50:05 - [MESSAGE][PASSED] - Object 'Object Repository/Page_The Story and Evolution of Doodles - G_6e786d/p_The first Doodle was a simple out-of-offi_345e61' is visible

07-06-2024T13:50:05 - [TEST_STEP][PASSED] - verifyElementVisible(findTestObject("Object Repository/Page_The Story and Evolution of Doodles - G_6e786d/h2_Weve created more than 5,000 Doodles ove_111429")): Object 'Object Repository/Page_The Story and Evolution of Doodles - G_6e786d/h2_Weve created more than 5,000 Doodles ove_111429' is visible

07-06-2024T13:50:05 - [MESSAGE][PASSED] - Object 'Object Repository/Page_The Story and Evolution of Doodles - G_6e786d/h2_Weve created more than 5,000 Doodles ove_111429' is visible

07-06-2024T13:50:05 - [TEST_STEP][PASSED] - click(findTestObject("Object Repository/Page_The Story and Evolution of Doodles - G_6e786d/p_The first Doodle was a simple out-of-offi_345e61")): Object: 'Object Repository/Page_The Story and Evolution of Doodles - G_6e786d/p_The first Doodle was a simple out-of-offi_345e61' is clicked on

07-06-2024T13:50:05 - [MESSAGE][PASSED] - Object: 'Object Repository/Page_The Story and Evolution of Doodles - G_6e786d/p_The first Doodle was a simple out-of-offi_345e61' is clicked on

07-06-2024T13:50:05 - [TEST_STEP][PASSED] - verifyElementVisible(findTestObject("Object Repository/Page_The Story and Evolution of Doodles - G_6e786d/h1_The story behind Doodles")): Object 'Object Repository/Page_The Story and Evolution of Doodles - G_6e786d/h1_The story behind Doodles' is visible

07-06-2024T13:50:05 - [MESSAGE][PASSED] - Object 'Object Repository/Page_The Story and Evolution of Doodles - G_6e786d/h1_The story behind Doodles' is visible

07-06-2024T13:50:05 - [TEST_STEP][PASSED] - verifyElementVisible(findTestObject("Object Repository/Page_The Story and Evolution of Doodles - G_6e786d/p_The first Doodle was a simple out-of-offi_345e61")): Object 'Object Repository/Page_The Story and Evolution of Doodles - G_6e786d/p_The first Doodle was a simple out-of-offi_345e61' is visible

07-06-2024T13:50:05 - [MESSAGE][PASSED] - Object 'Object Repository/Page_The Story and Evolution of Doodles - G_6e786d/p_The first Doodle was a simple out-of-offi_345e61' is visible

07-06-2024T13:50:05 - [TEST_STEP][PASSED] - verifyElementVisible(findTestObject("Object Repository/Page_The Story and Evolution of Doodles - G_6e786d/h2_Weve created more than 5,000 Doodles ove_111429")): Object 'Object Repository/Page_The Story and Evolution of Doodles - G_6e786d/h2_Weve created more than 5,000 Doodles ove_111429' is visible

07-06-2024T13:50:05 - [MESSAGE][PASSED] - Object 'Object Repository/Page_The Story and Evolution of Doodles - G_6e786d/h2_Weve created more than 5,000 Doodles ove_111429' is visible

07-06-2024T13:50:05 - [TEST_STEP][PASSED] - click(findTestObject("Object Repository/Page_The Story and Evolution of Doodles - G_6e786d/p_The first Doodle was a simple out-of-offi_345e61")): Object: 'Object Repository/Page_The Story and Evolution of Doodles - G_6e786d/p_The first Doodle was a simple out-of-offi_345e61' is clicked on

07-06-2024T13:50:05 - [MESSAGE][PASSED] - Object: 'Object Repository/Page_The Story and Evolution of Doodles - G_6e786d/p_The first Doodle was a simple out-of-offi_345e61' is clicked on

07-06-2024T13:50:05 - [TEST_STEP][PASSED] - verifyElementVisible(findTestObject("Object Repository/Page_The Story and Evolution of Doodles - G_6e786d/h1_The story behind Doodles")): Object 'Object Repository/Page_The Story and Evolution of Doodles - G_6e786d/h1_The story behind Doodles' is visible

07-06-2024T13:50:05 - [MESSAGE][PASSED] - Object 'Object Repository/Page_The Story and Evolution of Doodles - G_6e786d/h1_The story behind Doodles' is visible

07-06-2024T13:50:05 - [TEST_STEP][PASSED] - verifyElementVisible(findTestObject("Object Repository/Page_The Story and Evolution of Doodles - G_6e786d/p_The first Doodle was a simple out-of-offi_345e61")): Object 'Object Repository/Page_The Story and Evolution of Doodles - G_6e786d/p_The first Doodle was a simple out-of-offi_345e61' is visible

07-06-2024T13:50:06 - [MESSAGE][PASSED] - Object 'Object Repository/Page_The Story and Evolution of Doodles - G_6e786d/p_The first Doodle was a simple out-of-offi_345e61' is visible

07-06-2024T13:50:06 - [TEST_STEP][PASSED] - verifyElementVisible(findTestObject("Object Repository/Page_The Story and Evolution of Doodles - G_6e786d/h2_Weve created more than 5,000 Doodles ove_111429")): Object 'Object Repository/Page_The Story and Evolution of Doodles - G_6e786d/h2_Weve created more than 5,000 Doodles ove_111429' is visible

07-06-2024T13:50:06 - [MESSAGE][PASSED] - Object 'Object Repository/Page_The Story and Evolution of Doodles - G_6e786d/h2_Weve created more than 5,000 Doodles ove_111429' is visible

07-06-2024T13:50:06 - [TEST_STEP][PASSED] - click(findTestObject("Object Repository/Page_The Story and Evolution of Doodles - G_6e786d/p_The first Doodle was a simple out-of-offi_345e61")): Object: 'Object Repository/Page_The Story and Evolution of Doodles - G_6e786d/p_The first Doodle was a simple out-of-offi_345e61' is clicked on

07-06-2024T13:50:06 - [MESSAGE][PASSED] - Object: 'Object Repository/Page_The Story and Evolution of Doodles - G_6e786d/p_The first Doodle was a simple out-of-offi_345e61' is clicked on

07-06-2024T13:50:06 - [TEST_STEP][PASSED] - verifyElementVisible(findTestObject("Object Repository/Page_The Story and Evolution of Doodles - G_6e786d/h1_The story behind Doodles")): Object 'Object Repository/Page_The Story and Evolution of Doodles - G_6e786d/h1_The story behind Doodles' is visible

07-06-2024T13:50:06 - [MESSAGE][PASSED] - Object 'Object Repository/Page_The Story and Evolution of Doodles - G_6e786d/h1_The story behind Doodles' is visible

07-06-2024T13:50:06 - [TEST_STEP][PASSED] - verifyElementVisible(findTestObject("Object Repository/Page_The Story and Evolution of Doodles - G_6e786d/p_The first Doodle was a simple out-of-offi_345e61")): Object 'Object Repository/Page_The Story and Evolution of Doodles - G_6e786d/p_The first Doodle was a simple out-of-offi_345e61' is visible

07-06-2024T13:50:06 - [MESSAGE][PASSED] - Object 'Object Repository/Page_The Story and Evolution of Doodles - G_6e786d/p_The first Doodle was a simple out-of-offi_345e61' is visible

07-06-2024T13:50:06 - [TEST_STEP][PASSED] - verifyElementVisible(findTestObject("Object Repository/Page_The Story and Evolution of Doodles - G_6e786d/h2_Weve created more than 5,000 Doodles ove_111429")): Object 'Object Repository/Page_The Story and Evolution of Doodles - G_6e786d/h2_Weve created more than 5,000 Doodles ove_111429' is visible

07-06-2024T13:50:06 - [MESSAGE][PASSED] - Object 'Object Repository/Page_The Story and Evolution of Doodles - G_6e786d/h2_Weve created more than 5,000 Doodles ove_111429' is visible

07-06-2024T13:50:06 - [TEST_STEP][PASSED] - click(findTestObject("Object Repository/Page_The Story and Evolution of Doodles - G_6e786d/p_The first Doodle was a simple out-of-offi_345e61")): Object: 'Object Repository/Page_The Story and Evolution of Doodles - G_6e786d/p_The first Doodle was a simple out-of-offi_345e61' is clicked on

07-06-2024T13:50:06 - [MESSAGE][PASSED] - Object: 'Object Repository/Page_The Story and Evolution of Doodles - G_6e786d/p_The first Doodle was a simple out-of-offi_345e61' is clicked on

07-06-2024T13:50:06 - [TEST_STEP][PASSED] - verifyElementVisible(findTestObject("Object Repository/Page_The Story and Evolution of Doodles - G_6e786d/h1_The story behind Doodles")): Object 'Object Repository/Page_The Story and Evolution of Doodles - G_6e786d/h1_The story behind Doodles' is visible

07-06-2024T13:50:06 - [MESSAGE][PASSED] - Object 'Object Repository/Page_The Story and Evolution of Doodles - G_6e786d/h1_The story behind Doodles' is visible

07-06-2024T13:50:06 - [TEST_STEP][PASSED] - verifyElementVisible(findTestObject("Object Repository/Page_The Story and Evolution of Doodles - G_6e786d/p_The first Doodle was a simple out-of-offi_345e61")): Object 'Object Repository/Page_The Story and Evolution of Doodles - G_6e786d/p_The first Doodle was a simple out-of-offi_345e61' is visible

07-06-2024T13:50:07 - [MESSAGE][PASSED] - Object 'Object Repository/Page_The Story and Evolution of Doodles - G_6e786d/p_The first Doodle was a simple out-of-offi_345e61' is visible

07-06-2024T13:50:07 - [TEST_STEP][PASSED] - verifyElementVisible(findTestObject("Object Repository/Page_The Story and Evolution of Doodles - G_6e786d/h2_Weve created more than 5,000 Doodles ove_111429")): Object 'Object Repository/Page_The Story and Evolution of Doodles - G_6e786d/h2_Weve created more than 5,000 Doodles ove_111429' is visible

07-06-2024T13:50:07 - [MESSAGE][PASSED] - Object 'Object Repository/Page_The Story and Evolution of Doodles - G_6e786d/h2_Weve created more than 5,000 Doodles ove_111429' is visible

07-06-2024T13:50:07 - [TEST_STEP][PASSED] - click(findTestObject("Object Repository/Page_The Story and Evolution of Doodles - G_6e786d/p_The first Doodle was a simple out-of-offi_345e61")): Object: 'Object Repository/Page_The Story and Evolution of Doodles - G_6e786d/p_The first Doodle was a simple out-of-offi_345e61' is clicked on

07-06-2024T13:50:07 - [MESSAGE][PASSED] - Object: 'Object Repository/Page_The Story and Evolution of Doodles - G_6e786d/p_The first Doodle was a simple out-of-offi_345e61' is clicked on

07-06-2024T13:50:07 - [TEST_STEP][PASSED] - verifyElementVisible(findTestObject("Object Repository/Page_The Story and Evolution of Doodles - G_6e786d/h1_The story behind Doodles")): Object 'Object Repository/Page_The Story and Evolution of Doodles - G_6e786d/h1_The story behind Doodles' is visible

07-06-2024T13:50:07 - [MESSAGE][PASSED] - Object 'Object Repository/Page_The Story and Evolution of Doodles - G_6e786d/h1_The story behind Doodles' is visible

07-06-2024T13:50:07 - [TEST_STEP][PASSED] - verifyElementVisible(findTestObject("Object Repository/Page_The Story and Evolution of Doodles - G_6e786d/p_The first Doodle was a simple out-of-offi_345e61")): Object 'Object Repository/Page_The Story and Evolution of Doodles - G_6e786d/p_The first Doodle was a simple out-of-offi_345e61' is visible

07-06-2024T13:50:07 - [MESSAGE][PASSED] - Object 'Object Repository/Page_The Story and Evolution of Doodles - G_6e786d/p_The first Doodle was a simple out-of-offi_345e61' is visible

07-06-2024T13:50:07 - [TEST_STEP][PASSED] - verifyElementVisible(findTestObject("Object Repository/Page_The Story and Evolution of Doodles - G_6e786d/h2_Weve created more than 5,000 Doodles ove_111429")): Object 'Object Repository/Page_The Story and Evolution of Doodles - G_6e786d/h2_Weve created more than 5,000 Doodles ove_111429' is visible

07-06-2024T13:50:07 - [MESSAGE][PASSED] - Object 'Object Repository/Page_The Story and Evolution of Doodles - G_6e786d/h2_Weve created more than 5,000 Doodles ove_111429' is visible]]></system-out>
         <system-err><![CDATA[]]></system-err>
      </testcase>
      <testcase name="Test Cases/test case folder 1/tc1 - Copy (3) - Copy (2)" time="9.718" classname="Test Cases/test case folder 1/tc1 - Copy (3) - Copy (2)" status="PASSED">
         <system-out><![CDATA[07-06-2024T13:50:07 - [TEST_CASE][PASSED] - Test Cases/test case folder 1/tc1 - Copy (3) - Copy (2): Test Cases/test case folder 1/tc1 - Copy (3) - Copy (2)

07-06-2024T13:50:07 - [TEST_STEP][PASSED] - openBrowser(""): Browser is opened with url: ''

07-06-2024T13:50:07 - [MESSAGE][WARNING] - A browser is already opened. Closing browser and opening a new one

07-06-2024T13:50:08 - [MESSAGE][INFO] - Starting 'Firefox (headless)' driver

07-06-2024T13:50:08 - [MESSAGE][INFO] - Action delay is set to 0 milliseconds

07-06-2024T13:50:10 - [MESSAGE][PASSED] - Browser is opened with url: ''

07-06-2024T13:50:10 - [TEST_STEP][PASSED] - navigateToUrl("https://doodles.google/about/"): Navigate to 'https://doodles.google/about/' successfully

07-06-2024T13:50:12 - [MESSAGE][PASSED] - Navigate to 'https://doodles.google/about/' successfully

07-06-2024T13:50:12 - [TEST_STEP][PASSED] - click(findTestObject("Object Repository/Page_The Story and Evolution of Doodles - G_6e786d/p_The first Doodle was a simple out-of-offi_345e61")): Object: 'Object Repository/Page_The Story and Evolution of Doodles - G_6e786d/p_The first Doodle was a simple out-of-offi_345e61' is clicked on

07-06-2024T13:50:12 - [MESSAGE][PASSED] - Object: 'Object Repository/Page_The Story and Evolution of Doodles - G_6e786d/p_The first Doodle was a simple out-of-offi_345e61' is clicked on

07-06-2024T13:50:12 - [TEST_STEP][PASSED] - click(findTestObject("Object Repository/Page_The Story and Evolution of Doodles - G_6e786d/p_The first Doodle was a simple out-of-offi_345e61")): Object: 'Object Repository/Page_The Story and Evolution of Doodles - G_6e786d/p_The first Doodle was a simple out-of-offi_345e61' is clicked on

07-06-2024T13:50:12 - [MESSAGE][PASSED] - Object: 'Object Repository/Page_The Story and Evolution of Doodles - G_6e786d/p_The first Doodle was a simple out-of-offi_345e61' is clicked on

07-06-2024T13:50:12 - [TEST_STEP][PASSED] - verifyElementVisible(findTestObject("Object Repository/Page_The Story and Evolution of Doodles - G_6e786d/h1_The story behind Doodles")): Object 'Object Repository/Page_The Story and Evolution of Doodles - G_6e786d/h1_The story behind Doodles' is visible

07-06-2024T13:50:12 - [MESSAGE][PASSED] - Object 'Object Repository/Page_The Story and Evolution of Doodles - G_6e786d/h1_The story behind Doodles' is visible

07-06-2024T13:50:12 - [TEST_STEP][PASSED] - verifyElementVisible(findTestObject("Object Repository/Page_The Story and Evolution of Doodles - G_6e786d/p_The first Doodle was a simple out-of-offi_345e61")): Object 'Object Repository/Page_The Story and Evolution of Doodles - G_6e786d/p_The first Doodle was a simple out-of-offi_345e61' is visible

07-06-2024T13:50:12 - [MESSAGE][PASSED] - Object 'Object Repository/Page_The Story and Evolution of Doodles - G_6e786d/p_The first Doodle was a simple out-of-offi_345e61' is visible

07-06-2024T13:50:12 - [TEST_STEP][PASSED] - verifyElementVisible(findTestObject("Object Repository/Page_The Story and Evolution of Doodles - G_6e786d/h2_Weve created more than 5,000 Doodles ove_111429")): Object 'Object Repository/Page_The Story and Evolution of Doodles - G_6e786d/h2_Weve created more than 5,000 Doodles ove_111429' is visible

07-06-2024T13:50:12 - [MESSAGE][PASSED] - Object 'Object Repository/Page_The Story and Evolution of Doodles - G_6e786d/h2_Weve created more than 5,000 Doodles ove_111429' is visible

07-06-2024T13:50:12 - [TEST_STEP][PASSED] - verifyElementVisible(findTestObject("Object Repository/Page_The Story and Evolution of Doodles - G_6e786d/h1_The story behind Doodles")): Object 'Object Repository/Page_The Story and Evolution of Doodles - G_6e786d/h1_The story behind Doodles' is visible

07-06-2024T13:50:12 - [MESSAGE][PASSED] - Object 'Object Repository/Page_The Story and Evolution of Doodles - G_6e786d/h1_The story behind Doodles' is visible

07-06-2024T13:50:12 - [TEST_STEP][PASSED] - verifyElementVisible(findTestObject("Object Repository/Page_The Story and Evolution of Doodles - G_6e786d/p_The first Doodle was a simple out-of-offi_345e61")): Object 'Object Repository/Page_The Story and Evolution of Doodles - G_6e786d/p_The first Doodle was a simple out-of-offi_345e61' is visible

07-06-2024T13:50:13 - [MESSAGE][PASSED] - Object 'Object Repository/Page_The Story and Evolution of Doodles - G_6e786d/p_The first Doodle was a simple out-of-offi_345e61' is visible

07-06-2024T13:50:13 - [TEST_STEP][PASSED] - verifyElementVisible(findTestObject("Object Repository/Page_The Story and Evolution of Doodles - G_6e786d/h2_Weve created more than 5,000 Doodles ove_111429")): Object 'Object Repository/Page_The Story and Evolution of Doodles - G_6e786d/h2_Weve created more than 5,000 Doodles ove_111429' is visible

07-06-2024T13:50:13 - [MESSAGE][PASSED] - Object 'Object Repository/Page_The Story and Evolution of Doodles - G_6e786d/h2_Weve created more than 5,000 Doodles ove_111429' is visible

07-06-2024T13:50:13 - [TEST_STEP][PASSED] - click(findTestObject("Object Repository/Page_The Story and Evolution of Doodles - G_6e786d/p_The first Doodle was a simple out-of-offi_345e61")): Object: 'Object Repository/Page_The Story and Evolution of Doodles - G_6e786d/p_The first Doodle was a simple out-of-offi_345e61' is clicked on

07-06-2024T13:50:13 - [MESSAGE][PASSED] - Object: 'Object Repository/Page_The Story and Evolution of Doodles - G_6e786d/p_The first Doodle was a simple out-of-offi_345e61' is clicked on

07-06-2024T13:50:13 - [TEST_STEP][PASSED] - verifyElementVisible(findTestObject("Object Repository/Page_The Story and Evolution of Doodles - G_6e786d/h1_The story behind Doodles")): Object 'Object Repository/Page_The Story and Evolution of Doodles - G_6e786d/h1_The story behind Doodles' is visible

07-06-2024T13:50:13 - [MESSAGE][PASSED] - Object 'Object Repository/Page_The Story and Evolution of Doodles - G_6e786d/h1_The story behind Doodles' is visible

07-06-2024T13:50:13 - [TEST_STEP][PASSED] - verifyElementVisible(findTestObject("Object Repository/Page_The Story and Evolution of Doodles - G_6e786d/p_The first Doodle was a simple out-of-offi_345e61")): Object 'Object Repository/Page_The Story and Evolution of Doodles - G_6e786d/p_The first Doodle was a simple out-of-offi_345e61' is visible

07-06-2024T13:50:13 - [MESSAGE][PASSED] - Object 'Object Repository/Page_The Story and Evolution of Doodles - G_6e786d/p_The first Doodle was a simple out-of-offi_345e61' is visible

07-06-2024T13:50:13 - [TEST_STEP][PASSED] - verifyElementVisible(findTestObject("Object Repository/Page_The Story and Evolution of Doodles - G_6e786d/h2_Weve created more than 5,000 Doodles ove_111429")): Object 'Object Repository/Page_The Story and Evolution of Doodles - G_6e786d/h2_Weve created more than 5,000 Doodles ove_111429' is visible

07-06-2024T13:50:13 - [MESSAGE][PASSED] - Object 'Object Repository/Page_The Story and Evolution of Doodles - G_6e786d/h2_Weve created more than 5,000 Doodles ove_111429' is visible

07-06-2024T13:50:13 - [TEST_STEP][PASSED] - click(findTestObject("Object Repository/Page_The Story and Evolution of Doodles - G_6e786d/p_The first Doodle was a simple out-of-offi_345e61")): Object: 'Object Repository/Page_The Story and Evolution of Doodles - G_6e786d/p_The first Doodle was a simple out-of-offi_345e61' is clicked on

07-06-2024T13:50:13 - [MESSAGE][PASSED] - Object: 'Object Repository/Page_The Story and Evolution of Doodles - G_6e786d/p_The first Doodle was a simple out-of-offi_345e61' is clicked on

07-06-2024T13:50:13 - [TEST_STEP][PASSED] - verifyElementVisible(findTestObject("Object Repository/Page_The Story and Evolution of Doodles - G_6e786d/h1_The story behind Doodles")): Object 'Object Repository/Page_The Story and Evolution of Doodles - G_6e786d/h1_The story behind Doodles' is visible

07-06-2024T13:50:13 - [MESSAGE][PASSED] - Object 'Object Repository/Page_The Story and Evolution of Doodles - G_6e786d/h1_The story behind Doodles' is visible

07-06-2024T13:50:13 - [TEST_STEP][PASSED] - verifyElementVisible(findTestObject("Object Repository/Page_The Story and Evolution of Doodles - G_6e786d/p_The first Doodle was a simple out-of-offi_345e61")): Object 'Object Repository/Page_The Story and Evolution of Doodles - G_6e786d/p_The first Doodle was a simple out-of-offi_345e61' is visible

07-06-2024T13:50:13 - [MESSAGE][PASSED] - Object 'Object Repository/Page_The Story and Evolution of Doodles - G_6e786d/p_The first Doodle was a simple out-of-offi_345e61' is visible

07-06-2024T13:50:13 - [TEST_STEP][PASSED] - verifyElementVisible(findTestObject("Object Repository/Page_The Story and Evolution of Doodles - G_6e786d/h2_Weve created more than 5,000 Doodles ove_111429")): Object 'Object Repository/Page_The Story and Evolution of Doodles - G_6e786d/h2_Weve created more than 5,000 Doodles ove_111429' is visible

07-06-2024T13:50:13 - [MESSAGE][PASSED] - Object 'Object Repository/Page_The Story and Evolution of Doodles - G_6e786d/h2_Weve created more than 5,000 Doodles ove_111429' is visible

07-06-2024T13:50:13 - [TEST_STEP][PASSED] - click(findTestObject("Object Repository/Page_The Story and Evolution of Doodles - G_6e786d/p_The first Doodle was a simple out-of-offi_345e61")): Object: 'Object Repository/Page_The Story and Evolution of Doodles - G_6e786d/p_The first Doodle was a simple out-of-offi_345e61' is clicked on

07-06-2024T13:50:14 - [MESSAGE][PASSED] - Object: 'Object Repository/Page_The Story and Evolution of Doodles - G_6e786d/p_The first Doodle was a simple out-of-offi_345e61' is clicked on

07-06-2024T13:50:14 - [TEST_STEP][PASSED] - verifyElementVisible(findTestObject("Object Repository/Page_The Story and Evolution of Doodles - G_6e786d/h1_The story behind Doodles")): Object 'Object Repository/Page_The Story and Evolution of Doodles - G_6e786d/h1_The story behind Doodles' is visible

07-06-2024T13:50:14 - [MESSAGE][PASSED] - Object 'Object Repository/Page_The Story and Evolution of Doodles - G_6e786d/h1_The story behind Doodles' is visible

07-06-2024T13:50:14 - [TEST_STEP][PASSED] - verifyElementVisible(findTestObject("Object Repository/Page_The Story and Evolution of Doodles - G_6e786d/p_The first Doodle was a simple out-of-offi_345e61")): Object 'Object Repository/Page_The Story and Evolution of Doodles - G_6e786d/p_The first Doodle was a simple out-of-offi_345e61' is visible

07-06-2024T13:50:14 - [MESSAGE][PASSED] - Object 'Object Repository/Page_The Story and Evolution of Doodles - G_6e786d/p_The first Doodle was a simple out-of-offi_345e61' is visible

07-06-2024T13:50:14 - [TEST_STEP][PASSED] - verifyElementVisible(findTestObject("Object Repository/Page_The Story and Evolution of Doodles - G_6e786d/h2_Weve created more than 5,000 Doodles ove_111429")): Object 'Object Repository/Page_The Story and Evolution of Doodles - G_6e786d/h2_Weve created more than 5,000 Doodles ove_111429' is visible

07-06-2024T13:50:14 - [MESSAGE][PASSED] - Object 'Object Repository/Page_The Story and Evolution of Doodles - G_6e786d/h2_Weve created more than 5,000 Doodles ove_111429' is visible

07-06-2024T13:50:14 - [TEST_STEP][PASSED] - click(findTestObject("Object Repository/Page_The Story and Evolution of Doodles - G_6e786d/p_The first Doodle was a simple out-of-offi_345e61")): Object: 'Object Repository/Page_The Story and Evolution of Doodles - G_6e786d/p_The first Doodle was a simple out-of-offi_345e61' is clicked on

07-06-2024T13:50:14 - [MESSAGE][PASSED] - Object: 'Object Repository/Page_The Story and Evolution of Doodles - G_6e786d/p_The first Doodle was a simple out-of-offi_345e61' is clicked on

07-06-2024T13:50:14 - [TEST_STEP][PASSED] - verifyElementVisible(findTestObject("Object Repository/Page_The Story and Evolution of Doodles - G_6e786d/h1_The story behind Doodles")): Object 'Object Repository/Page_The Story and Evolution of Doodles - G_6e786d/h1_The story behind Doodles' is visible

07-06-2024T13:50:14 - [MESSAGE][PASSED] - Object 'Object Repository/Page_The Story and Evolution of Doodles - G_6e786d/h1_The story behind Doodles' is visible

07-06-2024T13:50:14 - [TEST_STEP][PASSED] - verifyElementVisible(findTestObject("Object Repository/Page_The Story and Evolution of Doodles - G_6e786d/p_The first Doodle was a simple out-of-offi_345e61")): Object 'Object Repository/Page_The Story and Evolution of Doodles - G_6e786d/p_The first Doodle was a simple out-of-offi_345e61' is visible

07-06-2024T13:50:14 - [MESSAGE][PASSED] - Object 'Object Repository/Page_The Story and Evolution of Doodles - G_6e786d/p_The first Doodle was a simple out-of-offi_345e61' is visible

07-06-2024T13:50:14 - [TEST_STEP][PASSED] - verifyElementVisible(findTestObject("Object Repository/Page_The Story and Evolution of Doodles - G_6e786d/h2_Weve created more than 5,000 Doodles ove_111429")): Object 'Object Repository/Page_The Story and Evolution of Doodles - G_6e786d/h2_Weve created more than 5,000 Doodles ove_111429' is visible

07-06-2024T13:50:14 - [MESSAGE][PASSED] - Object 'Object Repository/Page_The Story and Evolution of Doodles - G_6e786d/h2_Weve created more than 5,000 Doodles ove_111429' is visible

07-06-2024T13:50:14 - [TEST_STEP][PASSED] - click(findTestObject("Object Repository/Page_The Story and Evolution of Doodles - G_6e786d/p_The first Doodle was a simple out-of-offi_345e61")): Object: 'Object Repository/Page_The Story and Evolution of Doodles - G_6e786d/p_The first Doodle was a simple out-of-offi_345e61' is clicked on

07-06-2024T13:50:14 - [MESSAGE][PASSED] - Object: 'Object Repository/Page_The Story and Evolution of Doodles - G_6e786d/p_The first Doodle was a simple out-of-offi_345e61' is clicked on

07-06-2024T13:50:14 - [TEST_STEP][PASSED] - verifyElementVisible(findTestObject("Object Repository/Page_The Story and Evolution of Doodles - G_6e786d/h1_The story behind Doodles")): Object 'Object Repository/Page_The Story and Evolution of Doodles - G_6e786d/h1_The story behind Doodles' is visible

07-06-2024T13:50:15 - [MESSAGE][PASSED] - Object 'Object Repository/Page_The Story and Evolution of Doodles - G_6e786d/h1_The story behind Doodles' is visible

07-06-2024T13:50:15 - [TEST_STEP][PASSED] - verifyElementVisible(findTestObject("Object Repository/Page_The Story and Evolution of Doodles - G_6e786d/p_The first Doodle was a simple out-of-offi_345e61")): Object 'Object Repository/Page_The Story and Evolution of Doodles - G_6e786d/p_The first Doodle was a simple out-of-offi_345e61' is visible

07-06-2024T13:50:15 - [MESSAGE][PASSED] - Object 'Object Repository/Page_The Story and Evolution of Doodles - G_6e786d/p_The first Doodle was a simple out-of-offi_345e61' is visible

07-06-2024T13:50:15 - [TEST_STEP][PASSED] - verifyElementVisible(findTestObject("Object Repository/Page_The Story and Evolution of Doodles - G_6e786d/h2_Weve created more than 5,000 Doodles ove_111429")): Object 'Object Repository/Page_The Story and Evolution of Doodles - G_6e786d/h2_Weve created more than 5,000 Doodles ove_111429' is visible

07-06-2024T13:50:15 - [MESSAGE][PASSED] - Object 'Object Repository/Page_The Story and Evolution of Doodles - G_6e786d/h2_Weve created more than 5,000 Doodles ove_111429' is visible

07-06-2024T13:50:15 - [TEST_STEP][PASSED] - click(findTestObject("Object Repository/Page_The Story and Evolution of Doodles - G_6e786d/p_The first Doodle was a simple out-of-offi_345e61")): Object: 'Object Repository/Page_The Story and Evolution of Doodles - G_6e786d/p_The first Doodle was a simple out-of-offi_345e61' is clicked on

07-06-2024T13:50:15 - [MESSAGE][PASSED] - Object: 'Object Repository/Page_The Story and Evolution of Doodles - G_6e786d/p_The first Doodle was a simple out-of-offi_345e61' is clicked on

07-06-2024T13:50:15 - [TEST_STEP][PASSED] - verifyElementVisible(findTestObject("Object Repository/Page_The Story and Evolution of Doodles - G_6e786d/h1_The story behind Doodles")): Object 'Object Repository/Page_The Story and Evolution of Doodles - G_6e786d/h1_The story behind Doodles' is visible

07-06-2024T13:50:15 - [MESSAGE][PASSED] - Object 'Object Repository/Page_The Story and Evolution of Doodles - G_6e786d/h1_The story behind Doodles' is visible

07-06-2024T13:50:15 - [TEST_STEP][PASSED] - verifyElementVisible(findTestObject("Object Repository/Page_The Story and Evolution of Doodles - G_6e786d/p_The first Doodle was a simple out-of-offi_345e61")): Object 'Object Repository/Page_The Story and Evolution of Doodles - G_6e786d/p_The first Doodle was a simple out-of-offi_345e61' is visible

07-06-2024T13:50:15 - [MESSAGE][PASSED] - Object 'Object Repository/Page_The Story and Evolution of Doodles - G_6e786d/p_The first Doodle was a simple out-of-offi_345e61' is visible

07-06-2024T13:50:15 - [TEST_STEP][PASSED] - verifyElementVisible(findTestObject("Object Repository/Page_The Story and Evolution of Doodles - G_6e786d/h2_Weve created more than 5,000 Doodles ove_111429")): Object 'Object Repository/Page_The Story and Evolution of Doodles - G_6e786d/h2_Weve created more than 5,000 Doodles ove_111429' is visible

07-06-2024T13:50:15 - [MESSAGE][PASSED] - Object 'Object Repository/Page_The Story and Evolution of Doodles - G_6e786d/h2_Weve created more than 5,000 Doodles ove_111429' is visible

07-06-2024T13:50:15 - [TEST_STEP][PASSED] - click(findTestObject("Object Repository/Page_The Story and Evolution of Doodles - G_6e786d/p_The first Doodle was a simple out-of-offi_345e61")): Object: 'Object Repository/Page_The Story and Evolution of Doodles - G_6e786d/p_The first Doodle was a simple out-of-offi_345e61' is clicked on

07-06-2024T13:50:15 - [MESSAGE][PASSED] - Object: 'Object Repository/Page_The Story and Evolution of Doodles - G_6e786d/p_The first Doodle was a simple out-of-offi_345e61' is clicked on

07-06-2024T13:50:15 - [TEST_STEP][PASSED] - verifyElementVisible(findTestObject("Object Repository/Page_The Story and Evolution of Doodles - G_6e786d/h1_The story behind Doodles")): Object 'Object Repository/Page_The Story and Evolution of Doodles - G_6e786d/h1_The story behind Doodles' is visible

07-06-2024T13:50:16 - [MESSAGE][PASSED] - Object 'Object Repository/Page_The Story and Evolution of Doodles - G_6e786d/h1_The story behind Doodles' is visible

07-06-2024T13:50:16 - [TEST_STEP][PASSED] - verifyElementVisible(findTestObject("Object Repository/Page_The Story and Evolution of Doodles - G_6e786d/p_The first Doodle was a simple out-of-offi_345e61")): Object 'Object Repository/Page_The Story and Evolution of Doodles - G_6e786d/p_The first Doodle was a simple out-of-offi_345e61' is visible

07-06-2024T13:50:16 - [MESSAGE][PASSED] - Object 'Object Repository/Page_The Story and Evolution of Doodles - G_6e786d/p_The first Doodle was a simple out-of-offi_345e61' is visible

07-06-2024T13:50:16 - [TEST_STEP][PASSED] - verifyElementVisible(findTestObject("Object Repository/Page_The Story and Evolution of Doodles - G_6e786d/h2_Weve created more than 5,000 Doodles ove_111429")): Object 'Object Repository/Page_The Story and Evolution of Doodles - G_6e786d/h2_Weve created more than 5,000 Doodles ove_111429' is visible

07-06-2024T13:50:16 - [MESSAGE][PASSED] - Object 'Object Repository/Page_The Story and Evolution of Doodles - G_6e786d/h2_Weve created more than 5,000 Doodles ove_111429' is visible

07-06-2024T13:50:16 - [TEST_STEP][PASSED] - click(findTestObject("Object Repository/Page_The Story and Evolution of Doodles - G_6e786d/p_The first Doodle was a simple out-of-offi_345e61")): Object: 'Object Repository/Page_The Story and Evolution of Doodles - G_6e786d/p_The first Doodle was a simple out-of-offi_345e61' is clicked on

07-06-2024T13:50:16 - [MESSAGE][PASSED] - Object: 'Object Repository/Page_The Story and Evolution of Doodles - G_6e786d/p_The first Doodle was a simple out-of-offi_345e61' is clicked on

07-06-2024T13:50:16 - [TEST_STEP][PASSED] - verifyElementVisible(findTestObject("Object Repository/Page_The Story and Evolution of Doodles - G_6e786d/h1_The story behind Doodles")): Object 'Object Repository/Page_The Story and Evolution of Doodles - G_6e786d/h1_The story behind Doodles' is visible

07-06-2024T13:50:16 - [MESSAGE][PASSED] - Object 'Object Repository/Page_The Story and Evolution of Doodles - G_6e786d/h1_The story behind Doodles' is visible

07-06-2024T13:50:16 - [TEST_STEP][PASSED] - verifyElementVisible(findTestObject("Object Repository/Page_The Story and Evolution of Doodles - G_6e786d/p_The first Doodle was a simple out-of-offi_345e61")): Object 'Object Repository/Page_The Story and Evolution of Doodles - G_6e786d/p_The first Doodle was a simple out-of-offi_345e61' is visible

07-06-2024T13:50:16 - [MESSAGE][PASSED] - Object 'Object Repository/Page_The Story and Evolution of Doodles - G_6e786d/p_The first Doodle was a simple out-of-offi_345e61' is visible

07-06-2024T13:50:16 - [TEST_STEP][PASSED] - verifyElementVisible(findTestObject("Object Repository/Page_The Story and Evolution of Doodles - G_6e786d/h2_Weve created more than 5,000 Doodles ove_111429")): Object 'Object Repository/Page_The Story and Evolution of Doodles - G_6e786d/h2_Weve created more than 5,000 Doodles ove_111429' is visible

07-06-2024T13:50:16 - [MESSAGE][PASSED] - Object 'Object Repository/Page_The Story and Evolution of Doodles - G_6e786d/h2_Weve created more than 5,000 Doodles ove_111429' is visible

07-06-2024T13:50:16 - [TEST_STEP][PASSED] - click(findTestObject("Object Repository/Page_The Story and Evolution of Doodles - G_6e786d/p_The first Doodle was a simple out-of-offi_345e61")): Object: 'Object Repository/Page_The Story and Evolution of Doodles - G_6e786d/p_The first Doodle was a simple out-of-offi_345e61' is clicked on

07-06-2024T13:50:16 - [MESSAGE][PASSED] - Object: 'Object Repository/Page_The Story and Evolution of Doodles - G_6e786d/p_The first Doodle was a simple out-of-offi_345e61' is clicked on

07-06-2024T13:50:16 - [TEST_STEP][PASSED] - verifyElementVisible(findTestObject("Object Repository/Page_The Story and Evolution of Doodles - G_6e786d/h1_The story behind Doodles")): Object 'Object Repository/Page_The Story and Evolution of Doodles - G_6e786d/h1_The story behind Doodles' is visible

07-06-2024T13:50:17 - [MESSAGE][PASSED] - Object 'Object Repository/Page_The Story and Evolution of Doodles - G_6e786d/h1_The story behind Doodles' is visible

07-06-2024T13:50:17 - [TEST_STEP][PASSED] - verifyElementVisible(findTestObject("Object Repository/Page_The Story and Evolution of Doodles - G_6e786d/p_The first Doodle was a simple out-of-offi_345e61")): Object 'Object Repository/Page_The Story and Evolution of Doodles - G_6e786d/p_The first Doodle was a simple out-of-offi_345e61' is visible

07-06-2024T13:50:17 - [MESSAGE][PASSED] - Object 'Object Repository/Page_The Story and Evolution of Doodles - G_6e786d/p_The first Doodle was a simple out-of-offi_345e61' is visible

07-06-2024T13:50:17 - [TEST_STEP][PASSED] - verifyElementVisible(findTestObject("Object Repository/Page_The Story and Evolution of Doodles - G_6e786d/h2_Weve created more than 5,000 Doodles ove_111429")): Object 'Object Repository/Page_The Story and Evolution of Doodles - G_6e786d/h2_Weve created more than 5,000 Doodles ove_111429' is visible

07-06-2024T13:50:17 - [MESSAGE][PASSED] - Object 'Object Repository/Page_The Story and Evolution of Doodles - G_6e786d/h2_Weve created more than 5,000 Doodles ove_111429' is visible]]></system-out>
         <system-err><![CDATA[]]></system-err>
      </testcase>
      <testcase name="Test Cases/test case folder 1/tc1 - Copy (3) - Copy (3)" time="25.192" classname="Test Cases/test case folder 1/tc1 - Copy (3) - Copy (3)" status="PASSED">
         <system-out><![CDATA[07-06-2024T13:50:17 - [TEST_CASE][PASSED] - Test Cases/test case folder 1/tc1 - Copy (3) - Copy (3): Test Cases/test case folder 1/tc1 - Copy (3) - Copy (3)

07-06-2024T13:50:17 - [TEST_STEP][PASSED] - openBrowser(""): Browser is opened with url: ''

07-06-2024T13:50:17 - [MESSAGE][WARNING] - A browser is already opened. Closing browser and opening a new one

07-06-2024T13:50:18 - [MESSAGE][INFO] - Starting 'Firefox (headless)' driver

07-06-2024T13:50:18 - [MESSAGE][INFO] - Action delay is set to 0 milliseconds

07-06-2024T13:50:20 - [MESSAGE][PASSED] - Browser is opened with url: ''

07-06-2024T13:50:20 - [TEST_STEP][PASSED] - navigateToUrl("https://doodles.google/about/"): Navigate to 'https://doodles.google/about/' successfully

07-06-2024T13:50:37 - [MESSAGE][PASSED] - Navigate to 'https://doodles.google/about/' successfully

07-06-2024T13:50:37 - [TEST_STEP][PASSED] - click(findTestObject("Object Repository/Page_The Story and Evolution of Doodles - G_6e786d/p_The first Doodle was a simple out-of-offi_345e61")): Object: 'Object Repository/Page_The Story and Evolution of Doodles - G_6e786d/p_The first Doodle was a simple out-of-offi_345e61' is clicked on

07-06-2024T13:50:37 - [MESSAGE][PASSED] - Object: 'Object Repository/Page_The Story and Evolution of Doodles - G_6e786d/p_The first Doodle was a simple out-of-offi_345e61' is clicked on

07-06-2024T13:50:37 - [TEST_STEP][PASSED] - click(findTestObject("Object Repository/Page_The Story and Evolution of Doodles - G_6e786d/p_The first Doodle was a simple out-of-offi_345e61")): Object: 'Object Repository/Page_The Story and Evolution of Doodles - G_6e786d/p_The first Doodle was a simple out-of-offi_345e61' is clicked on

07-06-2024T13:50:38 - [MESSAGE][PASSED] - Object: 'Object Repository/Page_The Story and Evolution of Doodles - G_6e786d/p_The first Doodle was a simple out-of-offi_345e61' is clicked on

07-06-2024T13:50:38 - [TEST_STEP][PASSED] - verifyElementVisible(findTestObject("Object Repository/Page_The Story and Evolution of Doodles - G_6e786d/h1_The story behind Doodles")): Object 'Object Repository/Page_The Story and Evolution of Doodles - G_6e786d/h1_The story behind Doodles' is visible

07-06-2024T13:50:38 - [MESSAGE][PASSED] - Object 'Object Repository/Page_The Story and Evolution of Doodles - G_6e786d/h1_The story behind Doodles' is visible

07-06-2024T13:50:38 - [TEST_STEP][PASSED] - verifyElementVisible(findTestObject("Object Repository/Page_The Story and Evolution of Doodles - G_6e786d/p_The first Doodle was a simple out-of-offi_345e61")): Object 'Object Repository/Page_The Story and Evolution of Doodles - G_6e786d/p_The first Doodle was a simple out-of-offi_345e61' is visible

07-06-2024T13:50:38 - [MESSAGE][PASSED] - Object 'Object Repository/Page_The Story and Evolution of Doodles - G_6e786d/p_The first Doodle was a simple out-of-offi_345e61' is visible

07-06-2024T13:50:38 - [TEST_STEP][PASSED] - verifyElementVisible(findTestObject("Object Repository/Page_The Story and Evolution of Doodles - G_6e786d/h2_Weve created more than 5,000 Doodles ove_111429")): Object 'Object Repository/Page_The Story and Evolution of Doodles - G_6e786d/h2_Weve created more than 5,000 Doodles ove_111429' is visible

07-06-2024T13:50:38 - [MESSAGE][PASSED] - Object 'Object Repository/Page_The Story and Evolution of Doodles - G_6e786d/h2_Weve created more than 5,000 Doodles ove_111429' is visible

07-06-2024T13:50:38 - [TEST_STEP][PASSED] - verifyElementVisible(findTestObject("Object Repository/Page_The Story and Evolution of Doodles - G_6e786d/h1_The story behind Doodles")): Object 'Object Repository/Page_The Story and Evolution of Doodles - G_6e786d/h1_The story behind Doodles' is visible

07-06-2024T13:50:38 - [MESSAGE][PASSED] - Object 'Object Repository/Page_The Story and Evolution of Doodles - G_6e786d/h1_The story behind Doodles' is visible

07-06-2024T13:50:38 - [TEST_STEP][PASSED] - verifyElementVisible(findTestObject("Object Repository/Page_The Story and Evolution of Doodles - G_6e786d/p_The first Doodle was a simple out-of-offi_345e61")): Object 'Object Repository/Page_The Story and Evolution of Doodles - G_6e786d/p_The first Doodle was a simple out-of-offi_345e61' is visible

07-06-2024T13:50:38 - [MESSAGE][PASSED] - Object 'Object Repository/Page_The Story and Evolution of Doodles - G_6e786d/p_The first Doodle was a simple out-of-offi_345e61' is visible

07-06-2024T13:50:38 - [TEST_STEP][PASSED] - verifyElementVisible(findTestObject("Object Repository/Page_The Story and Evolution of Doodles - G_6e786d/h2_Weve created more than 5,000 Doodles ove_111429")): Object 'Object Repository/Page_The Story and Evolution of Doodles - G_6e786d/h2_Weve created more than 5,000 Doodles ove_111429' is visible

07-06-2024T13:50:38 - [MESSAGE][PASSED] - Object 'Object Repository/Page_The Story and Evolution of Doodles - G_6e786d/h2_Weve created more than 5,000 Doodles ove_111429' is visible

07-06-2024T13:50:38 - [TEST_STEP][PASSED] - click(findTestObject("Object Repository/Page_The Story and Evolution of Doodles - G_6e786d/p_The first Doodle was a simple out-of-offi_345e61")): Object: 'Object Repository/Page_The Story and Evolution of Doodles - G_6e786d/p_The first Doodle was a simple out-of-offi_345e61' is clicked on

07-06-2024T13:50:38 - [MESSAGE][PASSED] - Object: 'Object Repository/Page_The Story and Evolution of Doodles - G_6e786d/p_The first Doodle was a simple out-of-offi_345e61' is clicked on

07-06-2024T13:50:38 - [TEST_STEP][PASSED] - verifyElementVisible(findTestObject("Object Repository/Page_The Story and Evolution of Doodles - G_6e786d/h1_The story behind Doodles")): Object 'Object Repository/Page_The Story and Evolution of Doodles - G_6e786d/h1_The story behind Doodles' is visible

07-06-2024T13:50:38 - [MESSAGE][PASSED] - Object 'Object Repository/Page_The Story and Evolution of Doodles - G_6e786d/h1_The story behind Doodles' is visible

07-06-2024T13:50:38 - [TEST_STEP][PASSED] - verifyElementVisible(findTestObject("Object Repository/Page_The Story and Evolution of Doodles - G_6e786d/p_The first Doodle was a simple out-of-offi_345e61")): Object 'Object Repository/Page_The Story and Evolution of Doodles - G_6e786d/p_The first Doodle was a simple out-of-offi_345e61' is visible

07-06-2024T13:50:38 - [MESSAGE][PASSED] - Object 'Object Repository/Page_The Story and Evolution of Doodles - G_6e786d/p_The first Doodle was a simple out-of-offi_345e61' is visible

07-06-2024T13:50:38 - [TEST_STEP][PASSED] - verifyElementVisible(findTestObject("Object Repository/Page_The Story and Evolution of Doodles - G_6e786d/h2_Weve created more than 5,000 Doodles ove_111429")): Object 'Object Repository/Page_The Story and Evolution of Doodles - G_6e786d/h2_Weve created more than 5,000 Doodles ove_111429' is visible

07-06-2024T13:50:38 - [MESSAGE][PASSED] - Object 'Object Repository/Page_The Story and Evolution of Doodles - G_6e786d/h2_Weve created more than 5,000 Doodles ove_111429' is visible

07-06-2024T13:50:38 - [TEST_STEP][PASSED] - click(findTestObject("Object Repository/Page_The Story and Evolution of Doodles - G_6e786d/p_The first Doodle was a simple out-of-offi_345e61")): Object: 'Object Repository/Page_The Story and Evolution of Doodles - G_6e786d/p_The first Doodle was a simple out-of-offi_345e61' is clicked on

07-06-2024T13:50:39 - [MESSAGE][PASSED] - Object: 'Object Repository/Page_The Story and Evolution of Doodles - G_6e786d/p_The first Doodle was a simple out-of-offi_345e61' is clicked on

07-06-2024T13:50:39 - [TEST_STEP][PASSED] - verifyElementVisible(findTestObject("Object Repository/Page_The Story and Evolution of Doodles - G_6e786d/h1_The story behind Doodles")): Object 'Object Repository/Page_The Story and Evolution of Doodles - G_6e786d/h1_The story behind Doodles' is visible

07-06-2024T13:50:39 - [MESSAGE][PASSED] - Object 'Object Repository/Page_The Story and Evolution of Doodles - G_6e786d/h1_The story behind Doodles' is visible

07-06-2024T13:50:39 - [TEST_STEP][PASSED] - verifyElementVisible(findTestObject("Object Repository/Page_The Story and Evolution of Doodles - G_6e786d/p_The first Doodle was a simple out-of-offi_345e61")): Object 'Object Repository/Page_The Story and Evolution of Doodles - G_6e786d/p_The first Doodle was a simple out-of-offi_345e61' is visible

07-06-2024T13:50:39 - [MESSAGE][PASSED] - Object 'Object Repository/Page_The Story and Evolution of Doodles - G_6e786d/p_The first Doodle was a simple out-of-offi_345e61' is visible

07-06-2024T13:50:39 - [TEST_STEP][PASSED] - verifyElementVisible(findTestObject("Object Repository/Page_The Story and Evolution of Doodles - G_6e786d/h2_Weve created more than 5,000 Doodles ove_111429")): Object 'Object Repository/Page_The Story and Evolution of Doodles - G_6e786d/h2_Weve created more than 5,000 Doodles ove_111429' is visible

07-06-2024T13:50:39 - [MESSAGE][PASSED] - Object 'Object Repository/Page_The Story and Evolution of Doodles - G_6e786d/h2_Weve created more than 5,000 Doodles ove_111429' is visible

07-06-2024T13:50:39 - [TEST_STEP][PASSED] - click(findTestObject("Object Repository/Page_The Story and Evolution of Doodles - G_6e786d/p_The first Doodle was a simple out-of-offi_345e61")): Object: 'Object Repository/Page_The Story and Evolution of Doodles - G_6e786d/p_The first Doodle was a simple out-of-offi_345e61' is clicked on

07-06-2024T13:50:39 - [MESSAGE][PASSED] - Object: 'Object Repository/Page_The Story and Evolution of Doodles - G_6e786d/p_The first Doodle was a simple out-of-offi_345e61' is clicked on

07-06-2024T13:50:39 - [TEST_STEP][PASSED] - verifyElementVisible(findTestObject("Object Repository/Page_The Story and Evolution of Doodles - G_6e786d/h1_The story behind Doodles")): Object 'Object Repository/Page_The Story and Evolution of Doodles - G_6e786d/h1_The story behind Doodles' is visible

07-06-2024T13:50:39 - [MESSAGE][PASSED] - Object 'Object Repository/Page_The Story and Evolution of Doodles - G_6e786d/h1_The story behind Doodles' is visible

07-06-2024T13:50:39 - [TEST_STEP][PASSED] - verifyElementVisible(findTestObject("Object Repository/Page_The Story and Evolution of Doodles - G_6e786d/p_The first Doodle was a simple out-of-offi_345e61")): Object 'Object Repository/Page_The Story and Evolution of Doodles - G_6e786d/p_The first Doodle was a simple out-of-offi_345e61' is visible

07-06-2024T13:50:39 - [MESSAGE][PASSED] - Object 'Object Repository/Page_The Story and Evolution of Doodles - G_6e786d/p_The first Doodle was a simple out-of-offi_345e61' is visible

07-06-2024T13:50:39 - [TEST_STEP][PASSED] - verifyElementVisible(findTestObject("Object Repository/Page_The Story and Evolution of Doodles - G_6e786d/h2_Weve created more than 5,000 Doodles ove_111429")): Object 'Object Repository/Page_The Story and Evolution of Doodles - G_6e786d/h2_Weve created more than 5,000 Doodles ove_111429' is visible

07-06-2024T13:50:39 - [MESSAGE][PASSED] - Object 'Object Repository/Page_The Story and Evolution of Doodles - G_6e786d/h2_Weve created more than 5,000 Doodles ove_111429' is visible

07-06-2024T13:50:39 - [TEST_STEP][PASSED] - click(findTestObject("Object Repository/Page_The Story and Evolution of Doodles - G_6e786d/p_The first Doodle was a simple out-of-offi_345e61")): Object: 'Object Repository/Page_The Story and Evolution of Doodles - G_6e786d/p_The first Doodle was a simple out-of-offi_345e61' is clicked on

07-06-2024T13:50:40 - [MESSAGE][PASSED] - Object: 'Object Repository/Page_The Story and Evolution of Doodles - G_6e786d/p_The first Doodle was a simple out-of-offi_345e61' is clicked on

07-06-2024T13:50:40 - [TEST_STEP][PASSED] - verifyElementVisible(findTestObject("Object Repository/Page_The Story and Evolution of Doodles - G_6e786d/h1_The story behind Doodles")): Object 'Object Repository/Page_The Story and Evolution of Doodles - G_6e786d/h1_The story behind Doodles' is visible

07-06-2024T13:50:40 - [MESSAGE][PASSED] - Object 'Object Repository/Page_The Story and Evolution of Doodles - G_6e786d/h1_The story behind Doodles' is visible

07-06-2024T13:50:40 - [TEST_STEP][PASSED] - verifyElementVisible(findTestObject("Object Repository/Page_The Story and Evolution of Doodles - G_6e786d/p_The first Doodle was a simple out-of-offi_345e61")): Object 'Object Repository/Page_The Story and Evolution of Doodles - G_6e786d/p_The first Doodle was a simple out-of-offi_345e61' is visible

07-06-2024T13:50:40 - [MESSAGE][PASSED] - Object 'Object Repository/Page_The Story and Evolution of Doodles - G_6e786d/p_The first Doodle was a simple out-of-offi_345e61' is visible

07-06-2024T13:50:40 - [TEST_STEP][PASSED] - verifyElementVisible(findTestObject("Object Repository/Page_The Story and Evolution of Doodles - G_6e786d/h2_Weve created more than 5,000 Doodles ove_111429")): Object 'Object Repository/Page_The Story and Evolution of Doodles - G_6e786d/h2_Weve created more than 5,000 Doodles ove_111429' is visible

07-06-2024T13:50:40 - [MESSAGE][PASSED] - Object 'Object Repository/Page_The Story and Evolution of Doodles - G_6e786d/h2_Weve created more than 5,000 Doodles ove_111429' is visible

07-06-2024T13:50:40 - [TEST_STEP][PASSED] - click(findTestObject("Object Repository/Page_The Story and Evolution of Doodles - G_6e786d/p_The first Doodle was a simple out-of-offi_345e61")): Object: 'Object Repository/Page_The Story and Evolution of Doodles - G_6e786d/p_The first Doodle was a simple out-of-offi_345e61' is clicked on

07-06-2024T13:50:40 - [MESSAGE][PASSED] - Object: 'Object Repository/Page_The Story and Evolution of Doodles - G_6e786d/p_The first Doodle was a simple out-of-offi_345e61' is clicked on

07-06-2024T13:50:40 - [TEST_STEP][PASSED] - verifyElementVisible(findTestObject("Object Repository/Page_The Story and Evolution of Doodles - G_6e786d/h1_The story behind Doodles")): Object 'Object Repository/Page_The Story and Evolution of Doodles - G_6e786d/h1_The story behind Doodles' is visible

07-06-2024T13:50:40 - [MESSAGE][PASSED] - Object 'Object Repository/Page_The Story and Evolution of Doodles - G_6e786d/h1_The story behind Doodles' is visible

07-06-2024T13:50:40 - [TEST_STEP][PASSED] - verifyElementVisible(findTestObject("Object Repository/Page_The Story and Evolution of Doodles - G_6e786d/p_The first Doodle was a simple out-of-offi_345e61")): Object 'Object Repository/Page_The Story and Evolution of Doodles - G_6e786d/p_The first Doodle was a simple out-of-offi_345e61' is visible

07-06-2024T13:50:40 - [MESSAGE][PASSED] - Object 'Object Repository/Page_The Story and Evolution of Doodles - G_6e786d/p_The first Doodle was a simple out-of-offi_345e61' is visible

07-06-2024T13:50:40 - [TEST_STEP][PASSED] - verifyElementVisible(findTestObject("Object Repository/Page_The Story and Evolution of Doodles - G_6e786d/h2_Weve created more than 5,000 Doodles ove_111429")): Object 'Object Repository/Page_The Story and Evolution of Doodles - G_6e786d/h2_Weve created more than 5,000 Doodles ove_111429' is visible

07-06-2024T13:50:40 - [MESSAGE][PASSED] - Object 'Object Repository/Page_The Story and Evolution of Doodles - G_6e786d/h2_Weve created more than 5,000 Doodles ove_111429' is visible

07-06-2024T13:50:40 - [TEST_STEP][PASSED] - click(findTestObject("Object Repository/Page_The Story and Evolution of Doodles - G_6e786d/p_The first Doodle was a simple out-of-offi_345e61")): Object: 'Object Repository/Page_The Story and Evolution of Doodles - G_6e786d/p_The first Doodle was a simple out-of-offi_345e61' is clicked on

07-06-2024T13:50:40 - [MESSAGE][PASSED] - Object: 'Object Repository/Page_The Story and Evolution of Doodles - G_6e786d/p_The first Doodle was a simple out-of-offi_345e61' is clicked on

07-06-2024T13:50:40 - [TEST_STEP][PASSED] - verifyElementVisible(findTestObject("Object Repository/Page_The Story and Evolution of Doodles - G_6e786d/h1_The story behind Doodles")): Object 'Object Repository/Page_The Story and Evolution of Doodles - G_6e786d/h1_The story behind Doodles' is visible

07-06-2024T13:50:41 - [MESSAGE][PASSED] - Object 'Object Repository/Page_The Story and Evolution of Doodles - G_6e786d/h1_The story behind Doodles' is visible

07-06-2024T13:50:41 - [TEST_STEP][PASSED] - verifyElementVisible(findTestObject("Object Repository/Page_The Story and Evolution of Doodles - G_6e786d/p_The first Doodle was a simple out-of-offi_345e61")): Object 'Object Repository/Page_The Story and Evolution of Doodles - G_6e786d/p_The first Doodle was a simple out-of-offi_345e61' is visible

07-06-2024T13:50:41 - [MESSAGE][PASSED] - Object 'Object Repository/Page_The Story and Evolution of Doodles - G_6e786d/p_The first Doodle was a simple out-of-offi_345e61' is visible

07-06-2024T13:50:41 - [TEST_STEP][PASSED] - verifyElementVisible(findTestObject("Object Repository/Page_The Story and Evolution of Doodles - G_6e786d/h2_Weve created more than 5,000 Doodles ove_111429")): Object 'Object Repository/Page_The Story and Evolution of Doodles - G_6e786d/h2_Weve created more than 5,000 Doodles ove_111429' is visible

07-06-2024T13:50:41 - [MESSAGE][PASSED] - Object 'Object Repository/Page_The Story and Evolution of Doodles - G_6e786d/h2_Weve created more than 5,000 Doodles ove_111429' is visible

07-06-2024T13:50:41 - [TEST_STEP][PASSED] - click(findTestObject("Object Repository/Page_The Story and Evolution of Doodles - G_6e786d/p_The first Doodle was a simple out-of-offi_345e61")): Object: 'Object Repository/Page_The Story and Evolution of Doodles - G_6e786d/p_The first Doodle was a simple out-of-offi_345e61' is clicked on

07-06-2024T13:50:41 - [MESSAGE][PASSED] - Object: 'Object Repository/Page_The Story and Evolution of Doodles - G_6e786d/p_The first Doodle was a simple out-of-offi_345e61' is clicked on

07-06-2024T13:50:41 - [TEST_STEP][PASSED] - verifyElementVisible(findTestObject("Object Repository/Page_The Story and Evolution of Doodles - G_6e786d/h1_The story behind Doodles")): Object 'Object Repository/Page_The Story and Evolution of Doodles - G_6e786d/h1_The story behind Doodles' is visible

07-06-2024T13:50:41 - [MESSAGE][PASSED] - Object 'Object Repository/Page_The Story and Evolution of Doodles - G_6e786d/h1_The story behind Doodles' is visible

07-06-2024T13:50:41 - [TEST_STEP][PASSED] - verifyElementVisible(findTestObject("Object Repository/Page_The Story and Evolution of Doodles - G_6e786d/p_The first Doodle was a simple out-of-offi_345e61")): Object 'Object Repository/Page_The Story and Evolution of Doodles - G_6e786d/p_The first Doodle was a simple out-of-offi_345e61' is visible

07-06-2024T13:50:41 - [MESSAGE][PASSED] - Object 'Object Repository/Page_The Story and Evolution of Doodles - G_6e786d/p_The first Doodle was a simple out-of-offi_345e61' is visible

07-06-2024T13:50:41 - [TEST_STEP][PASSED] - verifyElementVisible(findTestObject("Object Repository/Page_The Story and Evolution of Doodles - G_6e786d/h2_Weve created more than 5,000 Doodles ove_111429")): Object 'Object Repository/Page_The Story and Evolution of Doodles - G_6e786d/h2_Weve created more than 5,000 Doodles ove_111429' is visible

07-06-2024T13:50:41 - [MESSAGE][PASSED] - Object 'Object Repository/Page_The Story and Evolution of Doodles - G_6e786d/h2_Weve created more than 5,000 Doodles ove_111429' is visible

07-06-2024T13:50:41 - [TEST_STEP][PASSED] - click(findTestObject("Object Repository/Page_The Story and Evolution of Doodles - G_6e786d/p_The first Doodle was a simple out-of-offi_345e61")): Object: 'Object Repository/Page_The Story and Evolution of Doodles - G_6e786d/p_The first Doodle was a simple out-of-offi_345e61' is clicked on

07-06-2024T13:50:41 - [MESSAGE][PASSED] - Object: 'Object Repository/Page_The Story and Evolution of Doodles - G_6e786d/p_The first Doodle was a simple out-of-offi_345e61' is clicked on

07-06-2024T13:50:41 - [TEST_STEP][PASSED] - verifyElementVisible(findTestObject("Object Repository/Page_The Story and Evolution of Doodles - G_6e786d/h1_The story behind Doodles")): Object 'Object Repository/Page_The Story and Evolution of Doodles - G_6e786d/h1_The story behind Doodles' is visible

07-06-2024T13:50:41 - [MESSAGE][PASSED] - Object 'Object Repository/Page_The Story and Evolution of Doodles - G_6e786d/h1_The story behind Doodles' is visible

07-06-2024T13:50:41 - [TEST_STEP][PASSED] - verifyElementVisible(findTestObject("Object Repository/Page_The Story and Evolution of Doodles - G_6e786d/p_The first Doodle was a simple out-of-offi_345e61")): Object 'Object Repository/Page_The Story and Evolution of Doodles - G_6e786d/p_The first Doodle was a simple out-of-offi_345e61' is visible

07-06-2024T13:50:41 - [MESSAGE][PASSED] - Object 'Object Repository/Page_The Story and Evolution of Doodles - G_6e786d/p_The first Doodle was a simple out-of-offi_345e61' is visible

07-06-2024T13:50:41 - [TEST_STEP][PASSED] - verifyElementVisible(findTestObject("Object Repository/Page_The Story and Evolution of Doodles - G_6e786d/h2_Weve created more than 5,000 Doodles ove_111429")): Object 'Object Repository/Page_The Story and Evolution of Doodles - G_6e786d/h2_Weve created more than 5,000 Doodles ove_111429' is visible

07-06-2024T13:50:41 - [MESSAGE][PASSED] - Object 'Object Repository/Page_The Story and Evolution of Doodles - G_6e786d/h2_Weve created more than 5,000 Doodles ove_111429' is visible

07-06-2024T13:50:41 - [TEST_STEP][PASSED] - click(findTestObject("Object Repository/Page_The Story and Evolution of Doodles - G_6e786d/p_The first Doodle was a simple out-of-offi_345e61")): Object: 'Object Repository/Page_The Story and Evolution of Doodles - G_6e786d/p_The first Doodle was a simple out-of-offi_345e61' is clicked on

07-06-2024T13:50:42 - [MESSAGE][PASSED] - Object: 'Object Repository/Page_The Story and Evolution of Doodles - G_6e786d/p_The first Doodle was a simple out-of-offi_345e61' is clicked on

07-06-2024T13:50:42 - [TEST_STEP][PASSED] - verifyElementVisible(findTestObject("Object Repository/Page_The Story and Evolution of Doodles - G_6e786d/h1_The story behind Doodles")): Object 'Object Repository/Page_The Story and Evolution of Doodles - G_6e786d/h1_The story behind Doodles' is visible

07-06-2024T13:50:42 - [MESSAGE][PASSED] - Object 'Object Repository/Page_The Story and Evolution of Doodles - G_6e786d/h1_The story behind Doodles' is visible

07-06-2024T13:50:42 - [TEST_STEP][PASSED] - verifyElementVisible(findTestObject("Object Repository/Page_The Story and Evolution of Doodles - G_6e786d/p_The first Doodle was a simple out-of-offi_345e61")): Object 'Object Repository/Page_The Story and Evolution of Doodles - G_6e786d/p_The first Doodle was a simple out-of-offi_345e61' is visible

07-06-2024T13:50:42 - [MESSAGE][PASSED] - Object 'Object Repository/Page_The Story and Evolution of Doodles - G_6e786d/p_The first Doodle was a simple out-of-offi_345e61' is visible

07-06-2024T13:50:42 - [TEST_STEP][PASSED] - verifyElementVisible(findTestObject("Object Repository/Page_The Story and Evolution of Doodles - G_6e786d/h2_Weve created more than 5,000 Doodles ove_111429")): Object 'Object Repository/Page_The Story and Evolution of Doodles - G_6e786d/h2_Weve created more than 5,000 Doodles ove_111429' is visible

07-06-2024T13:50:42 - [MESSAGE][PASSED] - Object 'Object Repository/Page_The Story and Evolution of Doodles - G_6e786d/h2_Weve created more than 5,000 Doodles ove_111429' is visible]]></system-out>
         <system-err><![CDATA[]]></system-err>
      </testcase>
      <testcase name="Test Cases/test case folder 1/tc1 - Copy (3) - Copy (4)" time="9.303" classname="Test Cases/test case folder 1/tc1 - Copy (3) - Copy (4)" status="PASSED">
         <system-out><![CDATA[07-06-2024T13:50:42 - [TEST_CASE][PASSED] - Test Cases/test case folder 1/tc1 - Copy (3) - Copy (4): Test Cases/test case folder 1/tc1 - Copy (3) - Copy (4)

07-06-2024T13:50:42 - [TEST_STEP][PASSED] - openBrowser(""): Browser is opened with url: ''

07-06-2024T13:50:42 - [MESSAGE][WARNING] - A browser is already opened. Closing browser and opening a new one

07-06-2024T13:50:43 - [MESSAGE][INFO] - Starting 'Firefox (headless)' driver

07-06-2024T13:50:43 - [MESSAGE][INFO] - Action delay is set to 0 milliseconds

07-06-2024T13:50:45 - [MESSAGE][PASSED] - Browser is opened with url: ''

07-06-2024T13:50:45 - [TEST_STEP][PASSED] - navigateToUrl("https://doodles.google/about/"): Navigate to 'https://doodles.google/about/' successfully

07-06-2024T13:50:47 - [MESSAGE][PASSED] - Navigate to 'https://doodles.google/about/' successfully

07-06-2024T13:50:47 - [TEST_STEP][PASSED] - click(findTestObject("Object Repository/Page_The Story and Evolution of Doodles - G_6e786d/p_The first Doodle was a simple out-of-offi_345e61")): Object: 'Object Repository/Page_The Story and Evolution of Doodles - G_6e786d/p_The first Doodle was a simple out-of-offi_345e61' is clicked on

07-06-2024T13:50:47 - [MESSAGE][PASSED] - Object: 'Object Repository/Page_The Story and Evolution of Doodles - G_6e786d/p_The first Doodle was a simple out-of-offi_345e61' is clicked on

07-06-2024T13:50:47 - [TEST_STEP][PASSED] - click(findTestObject("Object Repository/Page_The Story and Evolution of Doodles - G_6e786d/p_The first Doodle was a simple out-of-offi_345e61")): Object: 'Object Repository/Page_The Story and Evolution of Doodles - G_6e786d/p_The first Doodle was a simple out-of-offi_345e61' is clicked on

07-06-2024T13:50:47 - [MESSAGE][PASSED] - Object: 'Object Repository/Page_The Story and Evolution of Doodles - G_6e786d/p_The first Doodle was a simple out-of-offi_345e61' is clicked on

07-06-2024T13:50:47 - [TEST_STEP][PASSED] - verifyElementVisible(findTestObject("Object Repository/Page_The Story and Evolution of Doodles - G_6e786d/h1_The story behind Doodles")): Object 'Object Repository/Page_The Story and Evolution of Doodles - G_6e786d/h1_The story behind Doodles' is visible

07-06-2024T13:50:47 - [MESSAGE][PASSED] - Object 'Object Repository/Page_The Story and Evolution of Doodles - G_6e786d/h1_The story behind Doodles' is visible

07-06-2024T13:50:47 - [TEST_STEP][PASSED] - verifyElementVisible(findTestObject("Object Repository/Page_The Story and Evolution of Doodles - G_6e786d/p_The first Doodle was a simple out-of-offi_345e61")): Object 'Object Repository/Page_The Story and Evolution of Doodles - G_6e786d/p_The first Doodle was a simple out-of-offi_345e61' is visible

07-06-2024T13:50:47 - [MESSAGE][PASSED] - Object 'Object Repository/Page_The Story and Evolution of Doodles - G_6e786d/p_The first Doodle was a simple out-of-offi_345e61' is visible

07-06-2024T13:50:47 - [TEST_STEP][PASSED] - verifyElementVisible(findTestObject("Object Repository/Page_The Story and Evolution of Doodles - G_6e786d/h2_Weve created more than 5,000 Doodles ove_111429")): Object 'Object Repository/Page_The Story and Evolution of Doodles - G_6e786d/h2_Weve created more than 5,000 Doodles ove_111429' is visible

07-06-2024T13:50:47 - [MESSAGE][PASSED] - Object 'Object Repository/Page_The Story and Evolution of Doodles - G_6e786d/h2_Weve created more than 5,000 Doodles ove_111429' is visible

07-06-2024T13:50:47 - [TEST_STEP][PASSED] - verifyElementVisible(findTestObject("Object Repository/Page_The Story and Evolution of Doodles - G_6e786d/h1_The story behind Doodles")): Object 'Object Repository/Page_The Story and Evolution of Doodles - G_6e786d/h1_The story behind Doodles' is visible

07-06-2024T13:50:47 - [MESSAGE][PASSED] - Object 'Object Repository/Page_The Story and Evolution of Doodles - G_6e786d/h1_The story behind Doodles' is visible

07-06-2024T13:50:47 - [TEST_STEP][PASSED] - verifyElementVisible(findTestObject("Object Repository/Page_The Story and Evolution of Doodles - G_6e786d/p_The first Doodle was a simple out-of-offi_345e61")): Object 'Object Repository/Page_The Story and Evolution of Doodles - G_6e786d/p_The first Doodle was a simple out-of-offi_345e61' is visible

07-06-2024T13:50:47 - [MESSAGE][PASSED] - Object 'Object Repository/Page_The Story and Evolution of Doodles - G_6e786d/p_The first Doodle was a simple out-of-offi_345e61' is visible

07-06-2024T13:50:47 - [TEST_STEP][PASSED] - verifyElementVisible(findTestObject("Object Repository/Page_The Story and Evolution of Doodles - G_6e786d/h2_Weve created more than 5,000 Doodles ove_111429")): Object 'Object Repository/Page_The Story and Evolution of Doodles - G_6e786d/h2_Weve created more than 5,000 Doodles ove_111429' is visible

07-06-2024T13:50:47 - [MESSAGE][PASSED] - Object 'Object Repository/Page_The Story and Evolution of Doodles - G_6e786d/h2_Weve created more than 5,000 Doodles ove_111429' is visible

07-06-2024T13:50:47 - [TEST_STEP][PASSED] - click(findTestObject("Object Repository/Page_The Story and Evolution of Doodles - G_6e786d/p_The first Doodle was a simple out-of-offi_345e61")): Object: 'Object Repository/Page_The Story and Evolution of Doodles - G_6e786d/p_The first Doodle was a simple out-of-offi_345e61' is clicked on

07-06-2024T13:50:48 - [MESSAGE][PASSED] - Object: 'Object Repository/Page_The Story and Evolution of Doodles - G_6e786d/p_The first Doodle was a simple out-of-offi_345e61' is clicked on

07-06-2024T13:50:48 - [TEST_STEP][PASSED] - verifyElementVisible(findTestObject("Object Repository/Page_The Story and Evolution of Doodles - G_6e786d/h1_The story behind Doodles")): Object 'Object Repository/Page_The Story and Evolution of Doodles - G_6e786d/h1_The story behind Doodles' is visible

07-06-2024T13:50:48 - [MESSAGE][PASSED] - Object 'Object Repository/Page_The Story and Evolution of Doodles - G_6e786d/h1_The story behind Doodles' is visible

07-06-2024T13:50:48 - [TEST_STEP][PASSED] - verifyElementVisible(findTestObject("Object Repository/Page_The Story and Evolution of Doodles - G_6e786d/p_The first Doodle was a simple out-of-offi_345e61")): Object 'Object Repository/Page_The Story and Evolution of Doodles - G_6e786d/p_The first Doodle was a simple out-of-offi_345e61' is visible

07-06-2024T13:50:48 - [MESSAGE][PASSED] - Object 'Object Repository/Page_The Story and Evolution of Doodles - G_6e786d/p_The first Doodle was a simple out-of-offi_345e61' is visible

07-06-2024T13:50:48 - [TEST_STEP][PASSED] - verifyElementVisible(findTestObject("Object Repository/Page_The Story and Evolution of Doodles - G_6e786d/h2_Weve created more than 5,000 Doodles ove_111429")): Object 'Object Repository/Page_The Story and Evolution of Doodles - G_6e786d/h2_Weve created more than 5,000 Doodles ove_111429' is visible

07-06-2024T13:50:48 - [MESSAGE][PASSED] - Object 'Object Repository/Page_The Story and Evolution of Doodles - G_6e786d/h2_Weve created more than 5,000 Doodles ove_111429' is visible

07-06-2024T13:50:48 - [TEST_STEP][PASSED] - click(findTestObject("Object Repository/Page_The Story and Evolution of Doodles - G_6e786d/p_The first Doodle was a simple out-of-offi_345e61")): Object: 'Object Repository/Page_The Story and Evolution of Doodles - G_6e786d/p_The first Doodle was a simple out-of-offi_345e61' is clicked on

07-06-2024T13:50:48 - [MESSAGE][PASSED] - Object: 'Object Repository/Page_The Story and Evolution of Doodles - G_6e786d/p_The first Doodle was a simple out-of-offi_345e61' is clicked on

07-06-2024T13:50:48 - [TEST_STEP][PASSED] - verifyElementVisible(findTestObject("Object Repository/Page_The Story and Evolution of Doodles - G_6e786d/h1_The story behind Doodles")): Object 'Object Repository/Page_The Story and Evolution of Doodles - G_6e786d/h1_The story behind Doodles' is visible

07-06-2024T13:50:48 - [MESSAGE][PASSED] - Object 'Object Repository/Page_The Story and Evolution of Doodles - G_6e786d/h1_The story behind Doodles' is visible

07-06-2024T13:50:48 - [TEST_STEP][PASSED] - verifyElementVisible(findTestObject("Object Repository/Page_The Story and Evolution of Doodles - G_6e786d/p_The first Doodle was a simple out-of-offi_345e61")): Object 'Object Repository/Page_The Story and Evolution of Doodles - G_6e786d/p_The first Doodle was a simple out-of-offi_345e61' is visible

07-06-2024T13:50:48 - [MESSAGE][PASSED] - Object 'Object Repository/Page_The Story and Evolution of Doodles - G_6e786d/p_The first Doodle was a simple out-of-offi_345e61' is visible

07-06-2024T13:50:48 - [TEST_STEP][PASSED] - verifyElementVisible(findTestObject("Object Repository/Page_The Story and Evolution of Doodles - G_6e786d/h2_Weve created more than 5,000 Doodles ove_111429")): Object 'Object Repository/Page_The Story and Evolution of Doodles - G_6e786d/h2_Weve created more than 5,000 Doodles ove_111429' is visible

07-06-2024T13:50:48 - [MESSAGE][PASSED] - Object 'Object Repository/Page_The Story and Evolution of Doodles - G_6e786d/h2_Weve created more than 5,000 Doodles ove_111429' is visible

07-06-2024T13:50:48 - [TEST_STEP][PASSED] - click(findTestObject("Object Repository/Page_The Story and Evolution of Doodles - G_6e786d/p_The first Doodle was a simple out-of-offi_345e61")): Object: 'Object Repository/Page_The Story and Evolution of Doodles - G_6e786d/p_The first Doodle was a simple out-of-offi_345e61' is clicked on

07-06-2024T13:50:49 - [MESSAGE][PASSED] - Object: 'Object Repository/Page_The Story and Evolution of Doodles - G_6e786d/p_The first Doodle was a simple out-of-offi_345e61' is clicked on

07-06-2024T13:50:49 - [TEST_STEP][PASSED] - verifyElementVisible(findTestObject("Object Repository/Page_The Story and Evolution of Doodles - G_6e786d/h1_The story behind Doodles")): Object 'Object Repository/Page_The Story and Evolution of Doodles - G_6e786d/h1_The story behind Doodles' is visible

07-06-2024T13:50:49 - [MESSAGE][PASSED] - Object 'Object Repository/Page_The Story and Evolution of Doodles - G_6e786d/h1_The story behind Doodles' is visible

07-06-2024T13:50:49 - [TEST_STEP][PASSED] - verifyElementVisible(findTestObject("Object Repository/Page_The Story and Evolution of Doodles - G_6e786d/p_The first Doodle was a simple out-of-offi_345e61")): Object 'Object Repository/Page_The Story and Evolution of Doodles - G_6e786d/p_The first Doodle was a simple out-of-offi_345e61' is visible

07-06-2024T13:50:49 - [MESSAGE][PASSED] - Object 'Object Repository/Page_The Story and Evolution of Doodles - G_6e786d/p_The first Doodle was a simple out-of-offi_345e61' is visible

07-06-2024T13:50:49 - [TEST_STEP][PASSED] - verifyElementVisible(findTestObject("Object Repository/Page_The Story and Evolution of Doodles - G_6e786d/h2_Weve created more than 5,000 Doodles ove_111429")): Object 'Object Repository/Page_The Story and Evolution of Doodles - G_6e786d/h2_Weve created more than 5,000 Doodles ove_111429' is visible

07-06-2024T13:50:49 - [MESSAGE][PASSED] - Object 'Object Repository/Page_The Story and Evolution of Doodles - G_6e786d/h2_Weve created more than 5,000 Doodles ove_111429' is visible

07-06-2024T13:50:49 - [TEST_STEP][PASSED] - click(findTestObject("Object Repository/Page_The Story and Evolution of Doodles - G_6e786d/p_The first Doodle was a simple out-of-offi_345e61")): Object: 'Object Repository/Page_The Story and Evolution of Doodles - G_6e786d/p_The first Doodle was a simple out-of-offi_345e61' is clicked on

07-06-2024T13:50:49 - [MESSAGE][PASSED] - Object: 'Object Repository/Page_The Story and Evolution of Doodles - G_6e786d/p_The first Doodle was a simple out-of-offi_345e61' is clicked on

07-06-2024T13:50:49 - [TEST_STEP][PASSED] - verifyElementVisible(findTestObject("Object Repository/Page_The Story and Evolution of Doodles - G_6e786d/h1_The story behind Doodles")): Object 'Object Repository/Page_The Story and Evolution of Doodles - G_6e786d/h1_The story behind Doodles' is visible

07-06-2024T13:50:49 - [MESSAGE][PASSED] - Object 'Object Repository/Page_The Story and Evolution of Doodles - G_6e786d/h1_The story behind Doodles' is visible

07-06-2024T13:50:49 - [TEST_STEP][PASSED] - verifyElementVisible(findTestObject("Object Repository/Page_The Story and Evolution of Doodles - G_6e786d/p_The first Doodle was a simple out-of-offi_345e61")): Object 'Object Repository/Page_The Story and Evolution of Doodles - G_6e786d/p_The first Doodle was a simple out-of-offi_345e61' is visible

07-06-2024T13:50:49 - [MESSAGE][PASSED] - Object 'Object Repository/Page_The Story and Evolution of Doodles - G_6e786d/p_The first Doodle was a simple out-of-offi_345e61' is visible

07-06-2024T13:50:49 - [TEST_STEP][PASSED] - verifyElementVisible(findTestObject("Object Repository/Page_The Story and Evolution of Doodles - G_6e786d/h2_Weve created more than 5,000 Doodles ove_111429")): Object 'Object Repository/Page_The Story and Evolution of Doodles - G_6e786d/h2_Weve created more than 5,000 Doodles ove_111429' is visible

07-06-2024T13:50:49 - [MESSAGE][PASSED] - Object 'Object Repository/Page_The Story and Evolution of Doodles - G_6e786d/h2_Weve created more than 5,000 Doodles ove_111429' is visible

07-06-2024T13:50:49 - [TEST_STEP][PASSED] - click(findTestObject("Object Repository/Page_The Story and Evolution of Doodles - G_6e786d/p_The first Doodle was a simple out-of-offi_345e61")): Object: 'Object Repository/Page_The Story and Evolution of Doodles - G_6e786d/p_The first Doodle was a simple out-of-offi_345e61' is clicked on

07-06-2024T13:50:50 - [MESSAGE][PASSED] - Object: 'Object Repository/Page_The Story and Evolution of Doodles - G_6e786d/p_The first Doodle was a simple out-of-offi_345e61' is clicked on

07-06-2024T13:50:50 - [TEST_STEP][PASSED] - verifyElementVisible(findTestObject("Object Repository/Page_The Story and Evolution of Doodles - G_6e786d/h1_The story behind Doodles")): Object 'Object Repository/Page_The Story and Evolution of Doodles - G_6e786d/h1_The story behind Doodles' is visible

07-06-2024T13:50:50 - [MESSAGE][PASSED] - Object 'Object Repository/Page_The Story and Evolution of Doodles - G_6e786d/h1_The story behind Doodles' is visible

07-06-2024T13:50:50 - [TEST_STEP][PASSED] - verifyElementVisible(findTestObject("Object Repository/Page_The Story and Evolution of Doodles - G_6e786d/p_The first Doodle was a simple out-of-offi_345e61")): Object 'Object Repository/Page_The Story and Evolution of Doodles - G_6e786d/p_The first Doodle was a simple out-of-offi_345e61' is visible

07-06-2024T13:50:50 - [MESSAGE][PASSED] - Object 'Object Repository/Page_The Story and Evolution of Doodles - G_6e786d/p_The first Doodle was a simple out-of-offi_345e61' is visible

07-06-2024T13:50:50 - [TEST_STEP][PASSED] - verifyElementVisible(findTestObject("Object Repository/Page_The Story and Evolution of Doodles - G_6e786d/h2_Weve created more than 5,000 Doodles ove_111429")): Object 'Object Repository/Page_The Story and Evolution of Doodles - G_6e786d/h2_Weve created more than 5,000 Doodles ove_111429' is visible

07-06-2024T13:50:50 - [MESSAGE][PASSED] - Object 'Object Repository/Page_The Story and Evolution of Doodles - G_6e786d/h2_Weve created more than 5,000 Doodles ove_111429' is visible

07-06-2024T13:50:50 - [TEST_STEP][PASSED] - click(findTestObject("Object Repository/Page_The Story and Evolution of Doodles - G_6e786d/p_The first Doodle was a simple out-of-offi_345e61")): Object: 'Object Repository/Page_The Story and Evolution of Doodles - G_6e786d/p_The first Doodle was a simple out-of-offi_345e61' is clicked on

07-06-2024T13:50:50 - [MESSAGE][PASSED] - Object: 'Object Repository/Page_The Story and Evolution of Doodles - G_6e786d/p_The first Doodle was a simple out-of-offi_345e61' is clicked on

07-06-2024T13:50:50 - [TEST_STEP][PASSED] - verifyElementVisible(findTestObject("Object Repository/Page_The Story and Evolution of Doodles - G_6e786d/h1_The story behind Doodles")): Object 'Object Repository/Page_The Story and Evolution of Doodles - G_6e786d/h1_The story behind Doodles' is visible

07-06-2024T13:50:50 - [MESSAGE][PASSED] - Object 'Object Repository/Page_The Story and Evolution of Doodles - G_6e786d/h1_The story behind Doodles' is visible

07-06-2024T13:50:50 - [TEST_STEP][PASSED] - verifyElementVisible(findTestObject("Object Repository/Page_The Story and Evolution of Doodles - G_6e786d/p_The first Doodle was a simple out-of-offi_345e61")): Object 'Object Repository/Page_The Story and Evolution of Doodles - G_6e786d/p_The first Doodle was a simple out-of-offi_345e61' is visible

07-06-2024T13:50:50 - [MESSAGE][PASSED] - Object 'Object Repository/Page_The Story and Evolution of Doodles - G_6e786d/p_The first Doodle was a simple out-of-offi_345e61' is visible

07-06-2024T13:50:50 - [TEST_STEP][PASSED] - verifyElementVisible(findTestObject("Object Repository/Page_The Story and Evolution of Doodles - G_6e786d/h2_Weve created more than 5,000 Doodles ove_111429")): Object 'Object Repository/Page_The Story and Evolution of Doodles - G_6e786d/h2_Weve created more than 5,000 Doodles ove_111429' is visible

07-06-2024T13:50:50 - [MESSAGE][PASSED] - Object 'Object Repository/Page_The Story and Evolution of Doodles - G_6e786d/h2_Weve created more than 5,000 Doodles ove_111429' is visible

07-06-2024T13:50:50 - [TEST_STEP][PASSED] - click(findTestObject("Object Repository/Page_The Story and Evolution of Doodles - G_6e786d/p_The first Doodle was a simple out-of-offi_345e61")): Object: 'Object Repository/Page_The Story and Evolution of Doodles - G_6e786d/p_The first Doodle was a simple out-of-offi_345e61' is clicked on

07-06-2024T13:50:50 - [MESSAGE][PASSED] - Object: 'Object Repository/Page_The Story and Evolution of Doodles - G_6e786d/p_The first Doodle was a simple out-of-offi_345e61' is clicked on

07-06-2024T13:50:50 - [TEST_STEP][PASSED] - verifyElementVisible(findTestObject("Object Repository/Page_The Story and Evolution of Doodles - G_6e786d/h1_The story behind Doodles")): Object 'Object Repository/Page_The Story and Evolution of Doodles - G_6e786d/h1_The story behind Doodles' is visible

07-06-2024T13:50:50 - [MESSAGE][PASSED] - Object 'Object Repository/Page_The Story and Evolution of Doodles - G_6e786d/h1_The story behind Doodles' is visible

07-06-2024T13:50:50 - [TEST_STEP][PASSED] - verifyElementVisible(findTestObject("Object Repository/Page_The Story and Evolution of Doodles - G_6e786d/p_The first Doodle was a simple out-of-offi_345e61")): Object 'Object Repository/Page_The Story and Evolution of Doodles - G_6e786d/p_The first Doodle was a simple out-of-offi_345e61' is visible

07-06-2024T13:50:50 - [MESSAGE][PASSED] - Object 'Object Repository/Page_The Story and Evolution of Doodles - G_6e786d/p_The first Doodle was a simple out-of-offi_345e61' is visible

07-06-2024T13:50:50 - [TEST_STEP][PASSED] - verifyElementVisible(findTestObject("Object Repository/Page_The Story and Evolution of Doodles - G_6e786d/h2_Weve created more than 5,000 Doodles ove_111429")): Object 'Object Repository/Page_The Story and Evolution of Doodles - G_6e786d/h2_Weve created more than 5,000 Doodles ove_111429' is visible

07-06-2024T13:50:50 - [MESSAGE][PASSED] - Object 'Object Repository/Page_The Story and Evolution of Doodles - G_6e786d/h2_Weve created more than 5,000 Doodles ove_111429' is visible

07-06-2024T13:50:50 - [TEST_STEP][PASSED] - click(findTestObject("Object Repository/Page_The Story and Evolution of Doodles - G_6e786d/p_The first Doodle was a simple out-of-offi_345e61")): Object: 'Object Repository/Page_The Story and Evolution of Doodles - G_6e786d/p_The first Doodle was a simple out-of-offi_345e61' is clicked on

07-06-2024T13:50:51 - [MESSAGE][PASSED] - Object: 'Object Repository/Page_The Story and Evolution of Doodles - G_6e786d/p_The first Doodle was a simple out-of-offi_345e61' is clicked on

07-06-2024T13:50:51 - [TEST_STEP][PASSED] - verifyElementVisible(findTestObject("Object Repository/Page_The Story and Evolution of Doodles - G_6e786d/h1_The story behind Doodles")): Object 'Object Repository/Page_The Story and Evolution of Doodles - G_6e786d/h1_The story behind Doodles' is visible

07-06-2024T13:50:51 - [MESSAGE][PASSED] - Object 'Object Repository/Page_The Story and Evolution of Doodles - G_6e786d/h1_The story behind Doodles' is visible

07-06-2024T13:50:51 - [TEST_STEP][PASSED] - verifyElementVisible(findTestObject("Object Repository/Page_The Story and Evolution of Doodles - G_6e786d/p_The first Doodle was a simple out-of-offi_345e61")): Object 'Object Repository/Page_The Story and Evolution of Doodles - G_6e786d/p_The first Doodle was a simple out-of-offi_345e61' is visible

07-06-2024T13:50:51 - [MESSAGE][PASSED] - Object 'Object Repository/Page_The Story and Evolution of Doodles - G_6e786d/p_The first Doodle was a simple out-of-offi_345e61' is visible

07-06-2024T13:50:51 - [TEST_STEP][PASSED] - verifyElementVisible(findTestObject("Object Repository/Page_The Story and Evolution of Doodles - G_6e786d/h2_Weve created more than 5,000 Doodles ove_111429")): Object 'Object Repository/Page_The Story and Evolution of Doodles - G_6e786d/h2_Weve created more than 5,000 Doodles ove_111429' is visible

07-06-2024T13:50:51 - [MESSAGE][PASSED] - Object 'Object Repository/Page_The Story and Evolution of Doodles - G_6e786d/h2_Weve created more than 5,000 Doodles ove_111429' is visible

07-06-2024T13:50:51 - [TEST_STEP][PASSED] - click(findTestObject("Object Repository/Page_The Story and Evolution of Doodles - G_6e786d/p_The first Doodle was a simple out-of-offi_345e61")): Object: 'Object Repository/Page_The Story and Evolution of Doodles - G_6e786d/p_The first Doodle was a simple out-of-offi_345e61' is clicked on

07-06-2024T13:50:51 - [MESSAGE][PASSED] - Object: 'Object Repository/Page_The Story and Evolution of Doodles - G_6e786d/p_The first Doodle was a simple out-of-offi_345e61' is clicked on

07-06-2024T13:50:51 - [TEST_STEP][PASSED] - verifyElementVisible(findTestObject("Object Repository/Page_The Story and Evolution of Doodles - G_6e786d/h1_The story behind Doodles")): Object 'Object Repository/Page_The Story and Evolution of Doodles - G_6e786d/h1_The story behind Doodles' is visible

07-06-2024T13:50:51 - [MESSAGE][PASSED] - Object 'Object Repository/Page_The Story and Evolution of Doodles - G_6e786d/h1_The story behind Doodles' is visible

07-06-2024T13:50:51 - [TEST_STEP][PASSED] - verifyElementVisible(findTestObject("Object Repository/Page_The Story and Evolution of Doodles - G_6e786d/p_The first Doodle was a simple out-of-offi_345e61")): Object 'Object Repository/Page_The Story and Evolution of Doodles - G_6e786d/p_The first Doodle was a simple out-of-offi_345e61' is visible

07-06-2024T13:50:51 - [MESSAGE][PASSED] - Object 'Object Repository/Page_The Story and Evolution of Doodles - G_6e786d/p_The first Doodle was a simple out-of-offi_345e61' is visible

07-06-2024T13:50:51 - [TEST_STEP][PASSED] - verifyElementVisible(findTestObject("Object Repository/Page_The Story and Evolution of Doodles - G_6e786d/h2_Weve created more than 5,000 Doodles ove_111429")): Object 'Object Repository/Page_The Story and Evolution of Doodles - G_6e786d/h2_Weve created more than 5,000 Doodles ove_111429' is visible

07-06-2024T13:50:51 - [MESSAGE][PASSED] - Object 'Object Repository/Page_The Story and Evolution of Doodles - G_6e786d/h2_Weve created more than 5,000 Doodles ove_111429' is visible]]></system-out>
         <system-err><![CDATA[]]></system-err>
      </testcase>
      <testcase name="Test Cases/test case folder 1/tc1 - Copy (3) - Copy (5)" time="9.327" classname="Test Cases/test case folder 1/tc1 - Copy (3) - Copy (5)" status="PASSED">
         <system-out><![CDATA[07-06-2024T13:50:51 - [TEST_CASE][PASSED] - Test Cases/test case folder 1/tc1 - Copy (3) - Copy (5): Test Cases/test case folder 1/tc1 - Copy (3) - Copy (5)

07-06-2024T13:50:51 - [TEST_STEP][PASSED] - openBrowser(""): Browser is opened with url: ''

07-06-2024T13:50:51 - [MESSAGE][WARNING] - A browser is already opened. Closing browser and opening a new one

07-06-2024T13:50:52 - [MESSAGE][INFO] - Starting 'Firefox (headless)' driver

07-06-2024T13:50:52 - [MESSAGE][INFO] - Action delay is set to 0 milliseconds

07-06-2024T13:50:54 - [MESSAGE][PASSED] - Browser is opened with url: ''

07-06-2024T13:50:54 - [TEST_STEP][PASSED] - navigateToUrl("https://doodles.google/about/"): Navigate to 'https://doodles.google/about/' successfully

07-06-2024T13:50:56 - [MESSAGE][PASSED] - Navigate to 'https://doodles.google/about/' successfully

07-06-2024T13:50:56 - [TEST_STEP][PASSED] - click(findTestObject("Object Repository/Page_The Story and Evolution of Doodles - G_6e786d/p_The first Doodle was a simple out-of-offi_345e61")): Object: 'Object Repository/Page_The Story and Evolution of Doodles - G_6e786d/p_The first Doodle was a simple out-of-offi_345e61' is clicked on

07-06-2024T13:50:56 - [MESSAGE][PASSED] - Object: 'Object Repository/Page_The Story and Evolution of Doodles - G_6e786d/p_The first Doodle was a simple out-of-offi_345e61' is clicked on

07-06-2024T13:50:56 - [TEST_STEP][PASSED] - click(findTestObject("Object Repository/Page_The Story and Evolution of Doodles - G_6e786d/p_The first Doodle was a simple out-of-offi_345e61")): Object: 'Object Repository/Page_The Story and Evolution of Doodles - G_6e786d/p_The first Doodle was a simple out-of-offi_345e61' is clicked on

07-06-2024T13:50:57 - [MESSAGE][PASSED] - Object: 'Object Repository/Page_The Story and Evolution of Doodles - G_6e786d/p_The first Doodle was a simple out-of-offi_345e61' is clicked on

07-06-2024T13:50:57 - [TEST_STEP][PASSED] - verifyElementVisible(findTestObject("Object Repository/Page_The Story and Evolution of Doodles - G_6e786d/h1_The story behind Doodles")): Object 'Object Repository/Page_The Story and Evolution of Doodles - G_6e786d/h1_The story behind Doodles' is visible

07-06-2024T13:50:57 - [MESSAGE][PASSED] - Object 'Object Repository/Page_The Story and Evolution of Doodles - G_6e786d/h1_The story behind Doodles' is visible

07-06-2024T13:50:57 - [TEST_STEP][PASSED] - verifyElementVisible(findTestObject("Object Repository/Page_The Story and Evolution of Doodles - G_6e786d/p_The first Doodle was a simple out-of-offi_345e61")): Object 'Object Repository/Page_The Story and Evolution of Doodles - G_6e786d/p_The first Doodle was a simple out-of-offi_345e61' is visible

07-06-2024T13:50:57 - [MESSAGE][PASSED] - Object 'Object Repository/Page_The Story and Evolution of Doodles - G_6e786d/p_The first Doodle was a simple out-of-offi_345e61' is visible

07-06-2024T13:50:57 - [TEST_STEP][PASSED] - verifyElementVisible(findTestObject("Object Repository/Page_The Story and Evolution of Doodles - G_6e786d/h2_Weve created more than 5,000 Doodles ove_111429")): Object 'Object Repository/Page_The Story and Evolution of Doodles - G_6e786d/h2_Weve created more than 5,000 Doodles ove_111429' is visible

07-06-2024T13:50:57 - [MESSAGE][PASSED] - Object 'Object Repository/Page_The Story and Evolution of Doodles - G_6e786d/h2_Weve created more than 5,000 Doodles ove_111429' is visible

07-06-2024T13:50:57 - [TEST_STEP][PASSED] - verifyElementVisible(findTestObject("Object Repository/Page_The Story and Evolution of Doodles - G_6e786d/h1_The story behind Doodles")): Object 'Object Repository/Page_The Story and Evolution of Doodles - G_6e786d/h1_The story behind Doodles' is visible

07-06-2024T13:50:57 - [MESSAGE][PASSED] - Object 'Object Repository/Page_The Story and Evolution of Doodles - G_6e786d/h1_The story behind Doodles' is visible

07-06-2024T13:50:57 - [TEST_STEP][PASSED] - verifyElementVisible(findTestObject("Object Repository/Page_The Story and Evolution of Doodles - G_6e786d/p_The first Doodle was a simple out-of-offi_345e61")): Object 'Object Repository/Page_The Story and Evolution of Doodles - G_6e786d/p_The first Doodle was a simple out-of-offi_345e61' is visible

07-06-2024T13:50:57 - [MESSAGE][PASSED] - Object 'Object Repository/Page_The Story and Evolution of Doodles - G_6e786d/p_The first Doodle was a simple out-of-offi_345e61' is visible

07-06-2024T13:50:57 - [TEST_STEP][PASSED] - verifyElementVisible(findTestObject("Object Repository/Page_The Story and Evolution of Doodles - G_6e786d/h2_Weve created more than 5,000 Doodles ove_111429")): Object 'Object Repository/Page_The Story and Evolution of Doodles - G_6e786d/h2_Weve created more than 5,000 Doodles ove_111429' is visible

07-06-2024T13:50:57 - [MESSAGE][PASSED] - Object 'Object Repository/Page_The Story and Evolution of Doodles - G_6e786d/h2_Weve created more than 5,000 Doodles ove_111429' is visible

07-06-2024T13:50:57 - [TEST_STEP][PASSED] - click(findTestObject("Object Repository/Page_The Story and Evolution of Doodles - G_6e786d/p_The first Doodle was a simple out-of-offi_345e61")): Object: 'Object Repository/Page_The Story and Evolution of Doodles - G_6e786d/p_The first Doodle was a simple out-of-offi_345e61' is clicked on

07-06-2024T13:50:57 - [MESSAGE][PASSED] - Object: 'Object Repository/Page_The Story and Evolution of Doodles - G_6e786d/p_The first Doodle was a simple out-of-offi_345e61' is clicked on

07-06-2024T13:50:57 - [TEST_STEP][PASSED] - verifyElementVisible(findTestObject("Object Repository/Page_The Story and Evolution of Doodles - G_6e786d/h1_The story behind Doodles")): Object 'Object Repository/Page_The Story and Evolution of Doodles - G_6e786d/h1_The story behind Doodles' is visible

07-06-2024T13:50:57 - [MESSAGE][PASSED] - Object 'Object Repository/Page_The Story and Evolution of Doodles - G_6e786d/h1_The story behind Doodles' is visible

07-06-2024T13:50:57 - [TEST_STEP][PASSED] - verifyElementVisible(findTestObject("Object Repository/Page_The Story and Evolution of Doodles - G_6e786d/p_The first Doodle was a simple out-of-offi_345e61")): Object 'Object Repository/Page_The Story and Evolution of Doodles - G_6e786d/p_The first Doodle was a simple out-of-offi_345e61' is visible

07-06-2024T13:50:57 - [MESSAGE][PASSED] - Object 'Object Repository/Page_The Story and Evolution of Doodles - G_6e786d/p_The first Doodle was a simple out-of-offi_345e61' is visible

07-06-2024T13:50:57 - [TEST_STEP][PASSED] - verifyElementVisible(findTestObject("Object Repository/Page_The Story and Evolution of Doodles - G_6e786d/h2_Weve created more than 5,000 Doodles ove_111429")): Object 'Object Repository/Page_The Story and Evolution of Doodles - G_6e786d/h2_Weve created more than 5,000 Doodles ove_111429' is visible

07-06-2024T13:50:57 - [MESSAGE][PASSED] - Object 'Object Repository/Page_The Story and Evolution of Doodles - G_6e786d/h2_Weve created more than 5,000 Doodles ove_111429' is visible

07-06-2024T13:50:57 - [TEST_STEP][PASSED] - click(findTestObject("Object Repository/Page_The Story and Evolution of Doodles - G_6e786d/p_The first Doodle was a simple out-of-offi_345e61")): Object: 'Object Repository/Page_The Story and Evolution of Doodles - G_6e786d/p_The first Doodle was a simple out-of-offi_345e61' is clicked on

07-06-2024T13:50:58 - [MESSAGE][PASSED] - Object: 'Object Repository/Page_The Story and Evolution of Doodles - G_6e786d/p_The first Doodle was a simple out-of-offi_345e61' is clicked on

07-06-2024T13:50:58 - [TEST_STEP][PASSED] - verifyElementVisible(findTestObject("Object Repository/Page_The Story and Evolution of Doodles - G_6e786d/h1_The story behind Doodles")): Object 'Object Repository/Page_The Story and Evolution of Doodles - G_6e786d/h1_The story behind Doodles' is visible

07-06-2024T13:50:58 - [MESSAGE][PASSED] - Object 'Object Repository/Page_The Story and Evolution of Doodles - G_6e786d/h1_The story behind Doodles' is visible

07-06-2024T13:50:58 - [TEST_STEP][PASSED] - verifyElementVisible(findTestObject("Object Repository/Page_The Story and Evolution of Doodles - G_6e786d/p_The first Doodle was a simple out-of-offi_345e61")): Object 'Object Repository/Page_The Story and Evolution of Doodles - G_6e786d/p_The first Doodle was a simple out-of-offi_345e61' is visible

07-06-2024T13:50:58 - [MESSAGE][PASSED] - Object 'Object Repository/Page_The Story and Evolution of Doodles - G_6e786d/p_The first Doodle was a simple out-of-offi_345e61' is visible

07-06-2024T13:50:58 - [TEST_STEP][PASSED] - verifyElementVisible(findTestObject("Object Repository/Page_The Story and Evolution of Doodles - G_6e786d/h2_Weve created more than 5,000 Doodles ove_111429")): Object 'Object Repository/Page_The Story and Evolution of Doodles - G_6e786d/h2_Weve created more than 5,000 Doodles ove_111429' is visible

07-06-2024T13:50:58 - [MESSAGE][PASSED] - Object 'Object Repository/Page_The Story and Evolution of Doodles - G_6e786d/h2_Weve created more than 5,000 Doodles ove_111429' is visible

07-06-2024T13:50:58 - [TEST_STEP][PASSED] - click(findTestObject("Object Repository/Page_The Story and Evolution of Doodles - G_6e786d/p_The first Doodle was a simple out-of-offi_345e61")): Object: 'Object Repository/Page_The Story and Evolution of Doodles - G_6e786d/p_The first Doodle was a simple out-of-offi_345e61' is clicked on

07-06-2024T13:50:58 - [MESSAGE][PASSED] - Object: 'Object Repository/Page_The Story and Evolution of Doodles - G_6e786d/p_The first Doodle was a simple out-of-offi_345e61' is clicked on

07-06-2024T13:50:58 - [TEST_STEP][PASSED] - verifyElementVisible(findTestObject("Object Repository/Page_The Story and Evolution of Doodles - G_6e786d/h1_The story behind Doodles")): Object 'Object Repository/Page_The Story and Evolution of Doodles - G_6e786d/h1_The story behind Doodles' is visible

07-06-2024T13:50:58 - [MESSAGE][PASSED] - Object 'Object Repository/Page_The Story and Evolution of Doodles - G_6e786d/h1_The story behind Doodles' is visible

07-06-2024T13:50:58 - [TEST_STEP][PASSED] - verifyElementVisible(findTestObject("Object Repository/Page_The Story and Evolution of Doodles - G_6e786d/p_The first Doodle was a simple out-of-offi_345e61")): Object 'Object Repository/Page_The Story and Evolution of Doodles - G_6e786d/p_The first Doodle was a simple out-of-offi_345e61' is visible

07-06-2024T13:50:58 - [MESSAGE][PASSED] - Object 'Object Repository/Page_The Story and Evolution of Doodles - G_6e786d/p_The first Doodle was a simple out-of-offi_345e61' is visible

07-06-2024T13:50:58 - [TEST_STEP][PASSED] - verifyElementVisible(findTestObject("Object Repository/Page_The Story and Evolution of Doodles - G_6e786d/h2_Weve created more than 5,000 Doodles ove_111429")): Object 'Object Repository/Page_The Story and Evolution of Doodles - G_6e786d/h2_Weve created more than 5,000 Doodles ove_111429' is visible

07-06-2024T13:50:58 - [MESSAGE][PASSED] - Object 'Object Repository/Page_The Story and Evolution of Doodles - G_6e786d/h2_Weve created more than 5,000 Doodles ove_111429' is visible

07-06-2024T13:50:58 - [TEST_STEP][PASSED] - click(findTestObject("Object Repository/Page_The Story and Evolution of Doodles - G_6e786d/p_The first Doodle was a simple out-of-offi_345e61")): Object: 'Object Repository/Page_The Story and Evolution of Doodles - G_6e786d/p_The first Doodle was a simple out-of-offi_345e61' is clicked on

07-06-2024T13:50:58 - [MESSAGE][PASSED] - Object: 'Object Repository/Page_The Story and Evolution of Doodles - G_6e786d/p_The first Doodle was a simple out-of-offi_345e61' is clicked on

07-06-2024T13:50:58 - [TEST_STEP][PASSED] - verifyElementVisible(findTestObject("Object Repository/Page_The Story and Evolution of Doodles - G_6e786d/h1_The story behind Doodles")): Object 'Object Repository/Page_The Story and Evolution of Doodles - G_6e786d/h1_The story behind Doodles' is visible

07-06-2024T13:50:58 - [MESSAGE][PASSED] - Object 'Object Repository/Page_The Story and Evolution of Doodles - G_6e786d/h1_The story behind Doodles' is visible

07-06-2024T13:50:58 - [TEST_STEP][PASSED] - verifyElementVisible(findTestObject("Object Repository/Page_The Story and Evolution of Doodles - G_6e786d/p_The first Doodle was a simple out-of-offi_345e61")): Object 'Object Repository/Page_The Story and Evolution of Doodles - G_6e786d/p_The first Doodle was a simple out-of-offi_345e61' is visible

07-06-2024T13:50:59 - [MESSAGE][PASSED] - Object 'Object Repository/Page_The Story and Evolution of Doodles - G_6e786d/p_The first Doodle was a simple out-of-offi_345e61' is visible

07-06-2024T13:50:59 - [TEST_STEP][PASSED] - verifyElementVisible(findTestObject("Object Repository/Page_The Story and Evolution of Doodles - G_6e786d/h2_Weve created more than 5,000 Doodles ove_111429")): Object 'Object Repository/Page_The Story and Evolution of Doodles - G_6e786d/h2_Weve created more than 5,000 Doodles ove_111429' is visible

07-06-2024T13:50:59 - [MESSAGE][PASSED] - Object 'Object Repository/Page_The Story and Evolution of Doodles - G_6e786d/h2_Weve created more than 5,000 Doodles ove_111429' is visible

07-06-2024T13:50:59 - [TEST_STEP][PASSED] - click(findTestObject("Object Repository/Page_The Story and Evolution of Doodles - G_6e786d/p_The first Doodle was a simple out-of-offi_345e61")): Object: 'Object Repository/Page_The Story and Evolution of Doodles - G_6e786d/p_The first Doodle was a simple out-of-offi_345e61' is clicked on

07-06-2024T13:50:59 - [MESSAGE][PASSED] - Object: 'Object Repository/Page_The Story and Evolution of Doodles - G_6e786d/p_The first Doodle was a simple out-of-offi_345e61' is clicked on

07-06-2024T13:50:59 - [TEST_STEP][PASSED] - verifyElementVisible(findTestObject("Object Repository/Page_The Story and Evolution of Doodles - G_6e786d/h1_The story behind Doodles")): Object 'Object Repository/Page_The Story and Evolution of Doodles - G_6e786d/h1_The story behind Doodles' is visible

07-06-2024T13:50:59 - [MESSAGE][PASSED] - Object 'Object Repository/Page_The Story and Evolution of Doodles - G_6e786d/h1_The story behind Doodles' is visible

07-06-2024T13:50:59 - [TEST_STEP][PASSED] - verifyElementVisible(findTestObject("Object Repository/Page_The Story and Evolution of Doodles - G_6e786d/p_The first Doodle was a simple out-of-offi_345e61")): Object 'Object Repository/Page_The Story and Evolution of Doodles - G_6e786d/p_The first Doodle was a simple out-of-offi_345e61' is visible

07-06-2024T13:50:59 - [MESSAGE][PASSED] - Object 'Object Repository/Page_The Story and Evolution of Doodles - G_6e786d/p_The first Doodle was a simple out-of-offi_345e61' is visible

07-06-2024T13:50:59 - [TEST_STEP][PASSED] - verifyElementVisible(findTestObject("Object Repository/Page_The Story and Evolution of Doodles - G_6e786d/h2_Weve created more than 5,000 Doodles ove_111429")): Object 'Object Repository/Page_The Story and Evolution of Doodles - G_6e786d/h2_Weve created more than 5,000 Doodles ove_111429' is visible

07-06-2024T13:50:59 - [MESSAGE][PASSED] - Object 'Object Repository/Page_The Story and Evolution of Doodles - G_6e786d/h2_Weve created more than 5,000 Doodles ove_111429' is visible

07-06-2024T13:50:59 - [TEST_STEP][PASSED] - click(findTestObject("Object Repository/Page_The Story and Evolution of Doodles - G_6e786d/p_The first Doodle was a simple out-of-offi_345e61")): Object: 'Object Repository/Page_The Story and Evolution of Doodles - G_6e786d/p_The first Doodle was a simple out-of-offi_345e61' is clicked on

07-06-2024T13:50:59 - [MESSAGE][PASSED] - Object: 'Object Repository/Page_The Story and Evolution of Doodles - G_6e786d/p_The first Doodle was a simple out-of-offi_345e61' is clicked on

07-06-2024T13:50:59 - [TEST_STEP][PASSED] - verifyElementVisible(findTestObject("Object Repository/Page_The Story and Evolution of Doodles - G_6e786d/h1_The story behind Doodles")): Object 'Object Repository/Page_The Story and Evolution of Doodles - G_6e786d/h1_The story behind Doodles' is visible

07-06-2024T13:50:59 - [MESSAGE][PASSED] - Object 'Object Repository/Page_The Story and Evolution of Doodles - G_6e786d/h1_The story behind Doodles' is visible

07-06-2024T13:50:59 - [TEST_STEP][PASSED] - verifyElementVisible(findTestObject("Object Repository/Page_The Story and Evolution of Doodles - G_6e786d/p_The first Doodle was a simple out-of-offi_345e61")): Object 'Object Repository/Page_The Story and Evolution of Doodles - G_6e786d/p_The first Doodle was a simple out-of-offi_345e61' is visible

07-06-2024T13:50:59 - [MESSAGE][PASSED] - Object 'Object Repository/Page_The Story and Evolution of Doodles - G_6e786d/p_The first Doodle was a simple out-of-offi_345e61' is visible

07-06-2024T13:50:59 - [TEST_STEP][PASSED] - verifyElementVisible(findTestObject("Object Repository/Page_The Story and Evolution of Doodles - G_6e786d/h2_Weve created more than 5,000 Doodles ove_111429")): Object 'Object Repository/Page_The Story and Evolution of Doodles - G_6e786d/h2_Weve created more than 5,000 Doodles ove_111429' is visible

07-06-2024T13:50:59 - [MESSAGE][PASSED] - Object 'Object Repository/Page_The Story and Evolution of Doodles - G_6e786d/h2_Weve created more than 5,000 Doodles ove_111429' is visible

07-06-2024T13:50:59 - [TEST_STEP][PASSED] - click(findTestObject("Object Repository/Page_The Story and Evolution of Doodles - G_6e786d/p_The first Doodle was a simple out-of-offi_345e61")): Object: 'Object Repository/Page_The Story and Evolution of Doodles - G_6e786d/p_The first Doodle was a simple out-of-offi_345e61' is clicked on

07-06-2024T13:51:00 - [MESSAGE][PASSED] - Object: 'Object Repository/Page_The Story and Evolution of Doodles - G_6e786d/p_The first Doodle was a simple out-of-offi_345e61' is clicked on

07-06-2024T13:51:00 - [TEST_STEP][PASSED] - verifyElementVisible(findTestObject("Object Repository/Page_The Story and Evolution of Doodles - G_6e786d/h1_The story behind Doodles")): Object 'Object Repository/Page_The Story and Evolution of Doodles - G_6e786d/h1_The story behind Doodles' is visible

07-06-2024T13:51:00 - [MESSAGE][PASSED] - Object 'Object Repository/Page_The Story and Evolution of Doodles - G_6e786d/h1_The story behind Doodles' is visible

07-06-2024T13:51:00 - [TEST_STEP][PASSED] - verifyElementVisible(findTestObject("Object Repository/Page_The Story and Evolution of Doodles - G_6e786d/p_The first Doodle was a simple out-of-offi_345e61")): Object 'Object Repository/Page_The Story and Evolution of Doodles - G_6e786d/p_The first Doodle was a simple out-of-offi_345e61' is visible

07-06-2024T13:51:00 - [MESSAGE][PASSED] - Object 'Object Repository/Page_The Story and Evolution of Doodles - G_6e786d/p_The first Doodle was a simple out-of-offi_345e61' is visible

07-06-2024T13:51:00 - [TEST_STEP][PASSED] - verifyElementVisible(findTestObject("Object Repository/Page_The Story and Evolution of Doodles - G_6e786d/h2_Weve created more than 5,000 Doodles ove_111429")): Object 'Object Repository/Page_The Story and Evolution of Doodles - G_6e786d/h2_Weve created more than 5,000 Doodles ove_111429' is visible

07-06-2024T13:51:00 - [MESSAGE][PASSED] - Object 'Object Repository/Page_The Story and Evolution of Doodles - G_6e786d/h2_Weve created more than 5,000 Doodles ove_111429' is visible

07-06-2024T13:51:00 - [TEST_STEP][PASSED] - click(findTestObject("Object Repository/Page_The Story and Evolution of Doodles - G_6e786d/p_The first Doodle was a simple out-of-offi_345e61")): Object: 'Object Repository/Page_The Story and Evolution of Doodles - G_6e786d/p_The first Doodle was a simple out-of-offi_345e61' is clicked on

07-06-2024T13:51:00 - [MESSAGE][PASSED] - Object: 'Object Repository/Page_The Story and Evolution of Doodles - G_6e786d/p_The first Doodle was a simple out-of-offi_345e61' is clicked on

07-06-2024T13:51:00 - [TEST_STEP][PASSED] - verifyElementVisible(findTestObject("Object Repository/Page_The Story and Evolution of Doodles - G_6e786d/h1_The story behind Doodles")): Object 'Object Repository/Page_The Story and Evolution of Doodles - G_6e786d/h1_The story behind Doodles' is visible

07-06-2024T13:51:00 - [MESSAGE][PASSED] - Object 'Object Repository/Page_The Story and Evolution of Doodles - G_6e786d/h1_The story behind Doodles' is visible

07-06-2024T13:51:00 - [TEST_STEP][PASSED] - verifyElementVisible(findTestObject("Object Repository/Page_The Story and Evolution of Doodles - G_6e786d/p_The first Doodle was a simple out-of-offi_345e61")): Object 'Object Repository/Page_The Story and Evolution of Doodles - G_6e786d/p_The first Doodle was a simple out-of-offi_345e61' is visible

07-06-2024T13:51:00 - [MESSAGE][PASSED] - Object 'Object Repository/Page_The Story and Evolution of Doodles - G_6e786d/p_The first Doodle was a simple out-of-offi_345e61' is visible

07-06-2024T13:51:00 - [TEST_STEP][PASSED] - verifyElementVisible(findTestObject("Object Repository/Page_The Story and Evolution of Doodles - G_6e786d/h2_Weve created more than 5,000 Doodles ove_111429")): Object 'Object Repository/Page_The Story and Evolution of Doodles - G_6e786d/h2_Weve created more than 5,000 Doodles ove_111429' is visible

07-06-2024T13:51:00 - [MESSAGE][PASSED] - Object 'Object Repository/Page_The Story and Evolution of Doodles - G_6e786d/h2_Weve created more than 5,000 Doodles ove_111429' is visible

07-06-2024T13:51:00 - [TEST_STEP][PASSED] - click(findTestObject("Object Repository/Page_The Story and Evolution of Doodles - G_6e786d/p_The first Doodle was a simple out-of-offi_345e61")): Object: 'Object Repository/Page_The Story and Evolution of Doodles - G_6e786d/p_The first Doodle was a simple out-of-offi_345e61' is clicked on

07-06-2024T13:51:00 - [MESSAGE][PASSED] - Object: 'Object Repository/Page_The Story and Evolution of Doodles - G_6e786d/p_The first Doodle was a simple out-of-offi_345e61' is clicked on

07-06-2024T13:51:00 - [TEST_STEP][PASSED] - verifyElementVisible(findTestObject("Object Repository/Page_The Story and Evolution of Doodles - G_6e786d/h1_The story behind Doodles")): Object 'Object Repository/Page_The Story and Evolution of Doodles - G_6e786d/h1_The story behind Doodles' is visible

07-06-2024T13:51:00 - [MESSAGE][PASSED] - Object 'Object Repository/Page_The Story and Evolution of Doodles - G_6e786d/h1_The story behind Doodles' is visible

07-06-2024T13:51:00 - [TEST_STEP][PASSED] - verifyElementVisible(findTestObject("Object Repository/Page_The Story and Evolution of Doodles - G_6e786d/p_The first Doodle was a simple out-of-offi_345e61")): Object 'Object Repository/Page_The Story and Evolution of Doodles - G_6e786d/p_The first Doodle was a simple out-of-offi_345e61' is visible

07-06-2024T13:51:00 - [MESSAGE][PASSED] - Object 'Object Repository/Page_The Story and Evolution of Doodles - G_6e786d/p_The first Doodle was a simple out-of-offi_345e61' is visible

07-06-2024T13:51:00 - [TEST_STEP][PASSED] - verifyElementVisible(findTestObject("Object Repository/Page_The Story and Evolution of Doodles - G_6e786d/h2_Weve created more than 5,000 Doodles ove_111429")): Object 'Object Repository/Page_The Story and Evolution of Doodles - G_6e786d/h2_Weve created more than 5,000 Doodles ove_111429' is visible

07-06-2024T13:51:01 - [MESSAGE][PASSED] - Object 'Object Repository/Page_The Story and Evolution of Doodles - G_6e786d/h2_Weve created more than 5,000 Doodles ove_111429' is visible]]></system-out>
         <system-err><![CDATA[]]></system-err>
      </testcase>
      <testcase name="Test Cases/test case folder 1/tc1 - Copy (3) - Copy (6)" time="9.071" classname="Test Cases/test case folder 1/tc1 - Copy (3) - Copy (6)" status="PASSED">
         <system-out><![CDATA[07-06-2024T13:51:01 - [TEST_CASE][PASSED] - Test Cases/test case folder 1/tc1 - Copy (3) - Copy (6): Test Cases/test case folder 1/tc1 - Copy (3) - Copy (6)

07-06-2024T13:51:01 - [TEST_STEP][PASSED] - openBrowser(""): Browser is opened with url: ''

07-06-2024T13:51:01 - [MESSAGE][WARNING] - A browser is already opened. Closing browser and opening a new one

07-06-2024T13:51:02 - [MESSAGE][INFO] - Starting 'Firefox (headless)' driver

07-06-2024T13:51:02 - [MESSAGE][INFO] - Action delay is set to 0 milliseconds

07-06-2024T13:51:04 - [MESSAGE][PASSED] - Browser is opened with url: ''

07-06-2024T13:51:04 - [TEST_STEP][PASSED] - navigateToUrl("https://doodles.google/about/"): Navigate to 'https://doodles.google/about/' successfully

07-06-2024T13:51:06 - [MESSAGE][PASSED] - Navigate to 'https://doodles.google/about/' successfully

07-06-2024T13:51:06 - [TEST_STEP][PASSED] - click(findTestObject("Object Repository/Page_The Story and Evolution of Doodles - G_6e786d/p_The first Doodle was a simple out-of-offi_345e61")): Object: 'Object Repository/Page_The Story and Evolution of Doodles - G_6e786d/p_The first Doodle was a simple out-of-offi_345e61' is clicked on

07-06-2024T13:51:06 - [MESSAGE][PASSED] - Object: 'Object Repository/Page_The Story and Evolution of Doodles - G_6e786d/p_The first Doodle was a simple out-of-offi_345e61' is clicked on

07-06-2024T13:51:06 - [TEST_STEP][PASSED] - click(findTestObject("Object Repository/Page_The Story and Evolution of Doodles - G_6e786d/p_The first Doodle was a simple out-of-offi_345e61")): Object: 'Object Repository/Page_The Story and Evolution of Doodles - G_6e786d/p_The first Doodle was a simple out-of-offi_345e61' is clicked on

07-06-2024T13:51:06 - [MESSAGE][PASSED] - Object: 'Object Repository/Page_The Story and Evolution of Doodles - G_6e786d/p_The first Doodle was a simple out-of-offi_345e61' is clicked on

07-06-2024T13:51:06 - [TEST_STEP][PASSED] - verifyElementVisible(findTestObject("Object Repository/Page_The Story and Evolution of Doodles - G_6e786d/h1_The story behind Doodles")): Object 'Object Repository/Page_The Story and Evolution of Doodles - G_6e786d/h1_The story behind Doodles' is visible

07-06-2024T13:51:06 - [MESSAGE][PASSED] - Object 'Object Repository/Page_The Story and Evolution of Doodles - G_6e786d/h1_The story behind Doodles' is visible

07-06-2024T13:51:06 - [TEST_STEP][PASSED] - verifyElementVisible(findTestObject("Object Repository/Page_The Story and Evolution of Doodles - G_6e786d/p_The first Doodle was a simple out-of-offi_345e61")): Object 'Object Repository/Page_The Story and Evolution of Doodles - G_6e786d/p_The first Doodle was a simple out-of-offi_345e61' is visible

07-06-2024T13:51:06 - [MESSAGE][PASSED] - Object 'Object Repository/Page_The Story and Evolution of Doodles - G_6e786d/p_The first Doodle was a simple out-of-offi_345e61' is visible

07-06-2024T13:51:06 - [TEST_STEP][PASSED] - verifyElementVisible(findTestObject("Object Repository/Page_The Story and Evolution of Doodles - G_6e786d/h2_Weve created more than 5,000 Doodles ove_111429")): Object 'Object Repository/Page_The Story and Evolution of Doodles - G_6e786d/h2_Weve created more than 5,000 Doodles ove_111429' is visible

07-06-2024T13:51:06 - [MESSAGE][PASSED] - Object 'Object Repository/Page_The Story and Evolution of Doodles - G_6e786d/h2_Weve created more than 5,000 Doodles ove_111429' is visible

07-06-2024T13:51:06 - [TEST_STEP][PASSED] - verifyElementVisible(findTestObject("Object Repository/Page_The Story and Evolution of Doodles - G_6e786d/h1_The story behind Doodles")): Object 'Object Repository/Page_The Story and Evolution of Doodles - G_6e786d/h1_The story behind Doodles' is visible

07-06-2024T13:51:06 - [MESSAGE][PASSED] - Object 'Object Repository/Page_The Story and Evolution of Doodles - G_6e786d/h1_The story behind Doodles' is visible

07-06-2024T13:51:06 - [TEST_STEP][PASSED] - verifyElementVisible(findTestObject("Object Repository/Page_The Story and Evolution of Doodles - G_6e786d/p_The first Doodle was a simple out-of-offi_345e61")): Object 'Object Repository/Page_The Story and Evolution of Doodles - G_6e786d/p_The first Doodle was a simple out-of-offi_345e61' is visible

07-06-2024T13:51:06 - [MESSAGE][PASSED] - Object 'Object Repository/Page_The Story and Evolution of Doodles - G_6e786d/p_The first Doodle was a simple out-of-offi_345e61' is visible

07-06-2024T13:51:06 - [TEST_STEP][PASSED] - verifyElementVisible(findTestObject("Object Repository/Page_The Story and Evolution of Doodles - G_6e786d/h2_Weve created more than 5,000 Doodles ove_111429")): Object 'Object Repository/Page_The Story and Evolution of Doodles - G_6e786d/h2_Weve created more than 5,000 Doodles ove_111429' is visible

07-06-2024T13:51:06 - [MESSAGE][PASSED] - Object 'Object Repository/Page_The Story and Evolution of Doodles - G_6e786d/h2_Weve created more than 5,000 Doodles ove_111429' is visible

07-06-2024T13:51:06 - [TEST_STEP][PASSED] - click(findTestObject("Object Repository/Page_The Story and Evolution of Doodles - G_6e786d/p_The first Doodle was a simple out-of-offi_345e61")): Object: 'Object Repository/Page_The Story and Evolution of Doodles - G_6e786d/p_The first Doodle was a simple out-of-offi_345e61' is clicked on

07-06-2024T13:51:07 - [MESSAGE][PASSED] - Object: 'Object Repository/Page_The Story and Evolution of Doodles - G_6e786d/p_The first Doodle was a simple out-of-offi_345e61' is clicked on

07-06-2024T13:51:07 - [TEST_STEP][PASSED] - verifyElementVisible(findTestObject("Object Repository/Page_The Story and Evolution of Doodles - G_6e786d/h1_The story behind Doodles")): Object 'Object Repository/Page_The Story and Evolution of Doodles - G_6e786d/h1_The story behind Doodles' is visible

07-06-2024T13:51:07 - [MESSAGE][PASSED] - Object 'Object Repository/Page_The Story and Evolution of Doodles - G_6e786d/h1_The story behind Doodles' is visible

07-06-2024T13:51:07 - [TEST_STEP][PASSED] - verifyElementVisible(findTestObject("Object Repository/Page_The Story and Evolution of Doodles - G_6e786d/p_The first Doodle was a simple out-of-offi_345e61")): Object 'Object Repository/Page_The Story and Evolution of Doodles - G_6e786d/p_The first Doodle was a simple out-of-offi_345e61' is visible

07-06-2024T13:51:07 - [MESSAGE][PASSED] - Object 'Object Repository/Page_The Story and Evolution of Doodles - G_6e786d/p_The first Doodle was a simple out-of-offi_345e61' is visible

07-06-2024T13:51:07 - [TEST_STEP][PASSED] - verifyElementVisible(findTestObject("Object Repository/Page_The Story and Evolution of Doodles - G_6e786d/h2_Weve created more than 5,000 Doodles ove_111429")): Object 'Object Repository/Page_The Story and Evolution of Doodles - G_6e786d/h2_Weve created more than 5,000 Doodles ove_111429' is visible

07-06-2024T13:51:07 - [MESSAGE][PASSED] - Object 'Object Repository/Page_The Story and Evolution of Doodles - G_6e786d/h2_Weve created more than 5,000 Doodles ove_111429' is visible

07-06-2024T13:51:07 - [TEST_STEP][PASSED] - click(findTestObject("Object Repository/Page_The Story and Evolution of Doodles - G_6e786d/p_The first Doodle was a simple out-of-offi_345e61")): Object: 'Object Repository/Page_The Story and Evolution of Doodles - G_6e786d/p_The first Doodle was a simple out-of-offi_345e61' is clicked on

07-06-2024T13:51:07 - [MESSAGE][PASSED] - Object: 'Object Repository/Page_The Story and Evolution of Doodles - G_6e786d/p_The first Doodle was a simple out-of-offi_345e61' is clicked on

07-06-2024T13:51:07 - [TEST_STEP][PASSED] - verifyElementVisible(findTestObject("Object Repository/Page_The Story and Evolution of Doodles - G_6e786d/h1_The story behind Doodles")): Object 'Object Repository/Page_The Story and Evolution of Doodles - G_6e786d/h1_The story behind Doodles' is visible

07-06-2024T13:51:07 - [MESSAGE][PASSED] - Object 'Object Repository/Page_The Story and Evolution of Doodles - G_6e786d/h1_The story behind Doodles' is visible

07-06-2024T13:51:07 - [TEST_STEP][PASSED] - verifyElementVisible(findTestObject("Object Repository/Page_The Story and Evolution of Doodles - G_6e786d/p_The first Doodle was a simple out-of-offi_345e61")): Object 'Object Repository/Page_The Story and Evolution of Doodles - G_6e786d/p_The first Doodle was a simple out-of-offi_345e61' is visible

07-06-2024T13:51:07 - [MESSAGE][PASSED] - Object 'Object Repository/Page_The Story and Evolution of Doodles - G_6e786d/p_The first Doodle was a simple out-of-offi_345e61' is visible

07-06-2024T13:51:07 - [TEST_STEP][PASSED] - verifyElementVisible(findTestObject("Object Repository/Page_The Story and Evolution of Doodles - G_6e786d/h2_Weve created more than 5,000 Doodles ove_111429")): Object 'Object Repository/Page_The Story and Evolution of Doodles - G_6e786d/h2_Weve created more than 5,000 Doodles ove_111429' is visible

07-06-2024T13:51:07 - [MESSAGE][PASSED] - Object 'Object Repository/Page_The Story and Evolution of Doodles - G_6e786d/h2_Weve created more than 5,000 Doodles ove_111429' is visible

07-06-2024T13:51:07 - [TEST_STEP][PASSED] - click(findTestObject("Object Repository/Page_The Story and Evolution of Doodles - G_6e786d/p_The first Doodle was a simple out-of-offi_345e61")): Object: 'Object Repository/Page_The Story and Evolution of Doodles - G_6e786d/p_The first Doodle was a simple out-of-offi_345e61' is clicked on

07-06-2024T13:51:07 - [MESSAGE][PASSED] - Object: 'Object Repository/Page_The Story and Evolution of Doodles - G_6e786d/p_The first Doodle was a simple out-of-offi_345e61' is clicked on

07-06-2024T13:51:07 - [TEST_STEP][PASSED] - verifyElementVisible(findTestObject("Object Repository/Page_The Story and Evolution of Doodles - G_6e786d/h1_The story behind Doodles")): Object 'Object Repository/Page_The Story and Evolution of Doodles - G_6e786d/h1_The story behind Doodles' is visible

07-06-2024T13:51:07 - [MESSAGE][PASSED] - Object 'Object Repository/Page_The Story and Evolution of Doodles - G_6e786d/h1_The story behind Doodles' is visible

07-06-2024T13:51:07 - [TEST_STEP][PASSED] - verifyElementVisible(findTestObject("Object Repository/Page_The Story and Evolution of Doodles - G_6e786d/p_The first Doodle was a simple out-of-offi_345e61")): Object 'Object Repository/Page_The Story and Evolution of Doodles - G_6e786d/p_The first Doodle was a simple out-of-offi_345e61' is visible

07-06-2024T13:51:07 - [MESSAGE][PASSED] - Object 'Object Repository/Page_The Story and Evolution of Doodles - G_6e786d/p_The first Doodle was a simple out-of-offi_345e61' is visible

07-06-2024T13:51:07 - [TEST_STEP][PASSED] - verifyElementVisible(findTestObject("Object Repository/Page_The Story and Evolution of Doodles - G_6e786d/h2_Weve created more than 5,000 Doodles ove_111429")): Object 'Object Repository/Page_The Story and Evolution of Doodles - G_6e786d/h2_Weve created more than 5,000 Doodles ove_111429' is visible

07-06-2024T13:51:07 - [MESSAGE][PASSED] - Object 'Object Repository/Page_The Story and Evolution of Doodles - G_6e786d/h2_Weve created more than 5,000 Doodles ove_111429' is visible

07-06-2024T13:51:07 - [TEST_STEP][PASSED] - click(findTestObject("Object Repository/Page_The Story and Evolution of Doodles - G_6e786d/p_The first Doodle was a simple out-of-offi_345e61")): Object: 'Object Repository/Page_The Story and Evolution of Doodles - G_6e786d/p_The first Doodle was a simple out-of-offi_345e61' is clicked on

07-06-2024T13:51:08 - [MESSAGE][PASSED] - Object: 'Object Repository/Page_The Story and Evolution of Doodles - G_6e786d/p_The first Doodle was a simple out-of-offi_345e61' is clicked on

07-06-2024T13:51:08 - [TEST_STEP][PASSED] - verifyElementVisible(findTestObject("Object Repository/Page_The Story and Evolution of Doodles - G_6e786d/h1_The story behind Doodles")): Object 'Object Repository/Page_The Story and Evolution of Doodles - G_6e786d/h1_The story behind Doodles' is visible

07-06-2024T13:51:08 - [MESSAGE][PASSED] - Object 'Object Repository/Page_The Story and Evolution of Doodles - G_6e786d/h1_The story behind Doodles' is visible

07-06-2024T13:51:08 - [TEST_STEP][PASSED] - verifyElementVisible(findTestObject("Object Repository/Page_The Story and Evolution of Doodles - G_6e786d/p_The first Doodle was a simple out-of-offi_345e61")): Object 'Object Repository/Page_The Story and Evolution of Doodles - G_6e786d/p_The first Doodle was a simple out-of-offi_345e61' is visible

07-06-2024T13:51:08 - [MESSAGE][PASSED] - Object 'Object Repository/Page_The Story and Evolution of Doodles - G_6e786d/p_The first Doodle was a simple out-of-offi_345e61' is visible

07-06-2024T13:51:08 - [TEST_STEP][PASSED] - verifyElementVisible(findTestObject("Object Repository/Page_The Story and Evolution of Doodles - G_6e786d/h2_Weve created more than 5,000 Doodles ove_111429")): Object 'Object Repository/Page_The Story and Evolution of Doodles - G_6e786d/h2_Weve created more than 5,000 Doodles ove_111429' is visible

07-06-2024T13:51:08 - [MESSAGE][PASSED] - Object 'Object Repository/Page_The Story and Evolution of Doodles - G_6e786d/h2_Weve created more than 5,000 Doodles ove_111429' is visible

07-06-2024T13:51:08 - [TEST_STEP][PASSED] - click(findTestObject("Object Repository/Page_The Story and Evolution of Doodles - G_6e786d/p_The first Doodle was a simple out-of-offi_345e61")): Object: 'Object Repository/Page_The Story and Evolution of Doodles - G_6e786d/p_The first Doodle was a simple out-of-offi_345e61' is clicked on

07-06-2024T13:51:08 - [MESSAGE][PASSED] - Object: 'Object Repository/Page_The Story and Evolution of Doodles - G_6e786d/p_The first Doodle was a simple out-of-offi_345e61' is clicked on

07-06-2024T13:51:08 - [TEST_STEP][PASSED] - verifyElementVisible(findTestObject("Object Repository/Page_The Story and Evolution of Doodles - G_6e786d/h1_The story behind Doodles")): Object 'Object Repository/Page_The Story and Evolution of Doodles - G_6e786d/h1_The story behind Doodles' is visible

07-06-2024T13:51:08 - [MESSAGE][PASSED] - Object 'Object Repository/Page_The Story and Evolution of Doodles - G_6e786d/h1_The story behind Doodles' is visible

07-06-2024T13:51:08 - [TEST_STEP][PASSED] - verifyElementVisible(findTestObject("Object Repository/Page_The Story and Evolution of Doodles - G_6e786d/p_The first Doodle was a simple out-of-offi_345e61")): Object 'Object Repository/Page_The Story and Evolution of Doodles - G_6e786d/p_The first Doodle was a simple out-of-offi_345e61' is visible

07-06-2024T13:51:08 - [MESSAGE][PASSED] - Object 'Object Repository/Page_The Story and Evolution of Doodles - G_6e786d/p_The first Doodle was a simple out-of-offi_345e61' is visible

07-06-2024T13:51:08 - [TEST_STEP][PASSED] - verifyElementVisible(findTestObject("Object Repository/Page_The Story and Evolution of Doodles - G_6e786d/h2_Weve created more than 5,000 Doodles ove_111429")): Object 'Object Repository/Page_The Story and Evolution of Doodles - G_6e786d/h2_Weve created more than 5,000 Doodles ove_111429' is visible

07-06-2024T13:51:08 - [MESSAGE][PASSED] - Object 'Object Repository/Page_The Story and Evolution of Doodles - G_6e786d/h2_Weve created more than 5,000 Doodles ove_111429' is visible

07-06-2024T13:51:08 - [TEST_STEP][PASSED] - click(findTestObject("Object Repository/Page_The Story and Evolution of Doodles - G_6e786d/p_The first Doodle was a simple out-of-offi_345e61")): Object: 'Object Repository/Page_The Story and Evolution of Doodles - G_6e786d/p_The first Doodle was a simple out-of-offi_345e61' is clicked on

07-06-2024T13:51:08 - [MESSAGE][PASSED] - Object: 'Object Repository/Page_The Story and Evolution of Doodles - G_6e786d/p_The first Doodle was a simple out-of-offi_345e61' is clicked on

07-06-2024T13:51:08 - [TEST_STEP][PASSED] - verifyElementVisible(findTestObject("Object Repository/Page_The Story and Evolution of Doodles - G_6e786d/h1_The story behind Doodles")): Object 'Object Repository/Page_The Story and Evolution of Doodles - G_6e786d/h1_The story behind Doodles' is visible

07-06-2024T13:51:08 - [MESSAGE][PASSED] - Object 'Object Repository/Page_The Story and Evolution of Doodles - G_6e786d/h1_The story behind Doodles' is visible

07-06-2024T13:51:08 - [TEST_STEP][PASSED] - verifyElementVisible(findTestObject("Object Repository/Page_The Story and Evolution of Doodles - G_6e786d/p_The first Doodle was a simple out-of-offi_345e61")): Object 'Object Repository/Page_The Story and Evolution of Doodles - G_6e786d/p_The first Doodle was a simple out-of-offi_345e61' is visible

07-06-2024T13:51:09 - [MESSAGE][PASSED] - Object 'Object Repository/Page_The Story and Evolution of Doodles - G_6e786d/p_The first Doodle was a simple out-of-offi_345e61' is visible

07-06-2024T13:51:09 - [TEST_STEP][PASSED] - verifyElementVisible(findTestObject("Object Repository/Page_The Story and Evolution of Doodles - G_6e786d/h2_Weve created more than 5,000 Doodles ove_111429")): Object 'Object Repository/Page_The Story and Evolution of Doodles - G_6e786d/h2_Weve created more than 5,000 Doodles ove_111429' is visible

07-06-2024T13:51:09 - [MESSAGE][PASSED] - Object 'Object Repository/Page_The Story and Evolution of Doodles - G_6e786d/h2_Weve created more than 5,000 Doodles ove_111429' is visible

07-06-2024T13:51:09 - [TEST_STEP][PASSED] - click(findTestObject("Object Repository/Page_The Story and Evolution of Doodles - G_6e786d/p_The first Doodle was a simple out-of-offi_345e61")): Object: 'Object Repository/Page_The Story and Evolution of Doodles - G_6e786d/p_The first Doodle was a simple out-of-offi_345e61' is clicked on

07-06-2024T13:51:09 - [MESSAGE][PASSED] - Object: 'Object Repository/Page_The Story and Evolution of Doodles - G_6e786d/p_The first Doodle was a simple out-of-offi_345e61' is clicked on

07-06-2024T13:51:09 - [TEST_STEP][PASSED] - verifyElementVisible(findTestObject("Object Repository/Page_The Story and Evolution of Doodles - G_6e786d/h1_The story behind Doodles")): Object 'Object Repository/Page_The Story and Evolution of Doodles - G_6e786d/h1_The story behind Doodles' is visible

07-06-2024T13:51:09 - [MESSAGE][PASSED] - Object 'Object Repository/Page_The Story and Evolution of Doodles - G_6e786d/h1_The story behind Doodles' is visible

07-06-2024T13:51:09 - [TEST_STEP][PASSED] - verifyElementVisible(findTestObject("Object Repository/Page_The Story and Evolution of Doodles - G_6e786d/p_The first Doodle was a simple out-of-offi_345e61")): Object 'Object Repository/Page_The Story and Evolution of Doodles - G_6e786d/p_The first Doodle was a simple out-of-offi_345e61' is visible

07-06-2024T13:51:09 - [MESSAGE][PASSED] - Object 'Object Repository/Page_The Story and Evolution of Doodles - G_6e786d/p_The first Doodle was a simple out-of-offi_345e61' is visible

07-06-2024T13:51:09 - [TEST_STEP][PASSED] - verifyElementVisible(findTestObject("Object Repository/Page_The Story and Evolution of Doodles - G_6e786d/h2_Weve created more than 5,000 Doodles ove_111429")): Object 'Object Repository/Page_The Story and Evolution of Doodles - G_6e786d/h2_Weve created more than 5,000 Doodles ove_111429' is visible

07-06-2024T13:51:09 - [MESSAGE][PASSED] - Object 'Object Repository/Page_The Story and Evolution of Doodles - G_6e786d/h2_Weve created more than 5,000 Doodles ove_111429' is visible

07-06-2024T13:51:09 - [TEST_STEP][PASSED] - click(findTestObject("Object Repository/Page_The Story and Evolution of Doodles - G_6e786d/p_The first Doodle was a simple out-of-offi_345e61")): Object: 'Object Repository/Page_The Story and Evolution of Doodles - G_6e786d/p_The first Doodle was a simple out-of-offi_345e61' is clicked on

07-06-2024T13:51:09 - [MESSAGE][PASSED] - Object: 'Object Repository/Page_The Story and Evolution of Doodles - G_6e786d/p_The first Doodle was a simple out-of-offi_345e61' is clicked on

07-06-2024T13:51:09 - [TEST_STEP][PASSED] - verifyElementVisible(findTestObject("Object Repository/Page_The Story and Evolution of Doodles - G_6e786d/h1_The story behind Doodles")): Object 'Object Repository/Page_The Story and Evolution of Doodles - G_6e786d/h1_The story behind Doodles' is visible

07-06-2024T13:51:09 - [MESSAGE][PASSED] - Object 'Object Repository/Page_The Story and Evolution of Doodles - G_6e786d/h1_The story behind Doodles' is visible

07-06-2024T13:51:09 - [TEST_STEP][PASSED] - verifyElementVisible(findTestObject("Object Repository/Page_The Story and Evolution of Doodles - G_6e786d/p_The first Doodle was a simple out-of-offi_345e61")): Object 'Object Repository/Page_The Story and Evolution of Doodles - G_6e786d/p_The first Doodle was a simple out-of-offi_345e61' is visible

07-06-2024T13:51:09 - [MESSAGE][PASSED] - Object 'Object Repository/Page_The Story and Evolution of Doodles - G_6e786d/p_The first Doodle was a simple out-of-offi_345e61' is visible

07-06-2024T13:51:09 - [TEST_STEP][PASSED] - verifyElementVisible(findTestObject("Object Repository/Page_The Story and Evolution of Doodles - G_6e786d/h2_Weve created more than 5,000 Doodles ove_111429")): Object 'Object Repository/Page_The Story and Evolution of Doodles - G_6e786d/h2_Weve created more than 5,000 Doodles ove_111429' is visible

07-06-2024T13:51:09 - [MESSAGE][PASSED] - Object 'Object Repository/Page_The Story and Evolution of Doodles - G_6e786d/h2_Weve created more than 5,000 Doodles ove_111429' is visible

07-06-2024T13:51:09 - [TEST_STEP][PASSED] - click(findTestObject("Object Repository/Page_The Story and Evolution of Doodles - G_6e786d/p_The first Doodle was a simple out-of-offi_345e61")): Object: 'Object Repository/Page_The Story and Evolution of Doodles - G_6e786d/p_The first Doodle was a simple out-of-offi_345e61' is clicked on

07-06-2024T13:51:09 - [MESSAGE][PASSED] - Object: 'Object Repository/Page_The Story and Evolution of Doodles - G_6e786d/p_The first Doodle was a simple out-of-offi_345e61' is clicked on

07-06-2024T13:51:09 - [TEST_STEP][PASSED] - verifyElementVisible(findTestObject("Object Repository/Page_The Story and Evolution of Doodles - G_6e786d/h1_The story behind Doodles")): Object 'Object Repository/Page_The Story and Evolution of Doodles - G_6e786d/h1_The story behind Doodles' is visible

07-06-2024T13:51:10 - [MESSAGE][PASSED] - Object 'Object Repository/Page_The Story and Evolution of Doodles - G_6e786d/h1_The story behind Doodles' is visible

07-06-2024T13:51:10 - [TEST_STEP][PASSED] - verifyElementVisible(findTestObject("Object Repository/Page_The Story and Evolution of Doodles - G_6e786d/p_The first Doodle was a simple out-of-offi_345e61")): Object 'Object Repository/Page_The Story and Evolution of Doodles - G_6e786d/p_The first Doodle was a simple out-of-offi_345e61' is visible

07-06-2024T13:51:10 - [MESSAGE][PASSED] - Object 'Object Repository/Page_The Story and Evolution of Doodles - G_6e786d/p_The first Doodle was a simple out-of-offi_345e61' is visible

07-06-2024T13:51:10 - [TEST_STEP][PASSED] - verifyElementVisible(findTestObject("Object Repository/Page_The Story and Evolution of Doodles - G_6e786d/h2_Weve created more than 5,000 Doodles ove_111429")): Object 'Object Repository/Page_The Story and Evolution of Doodles - G_6e786d/h2_Weve created more than 5,000 Doodles ove_111429' is visible

07-06-2024T13:51:10 - [MESSAGE][PASSED] - Object 'Object Repository/Page_The Story and Evolution of Doodles - G_6e786d/h2_Weve created more than 5,000 Doodles ove_111429' is visible]]></system-out>
         <system-err><![CDATA[]]></system-err>
      </testcase>
      <testcase name="Test Cases/test case folder 1/tc1 - Copy (3) - Copy" time="9.441" classname="Test Cases/test case folder 1/tc1 - Copy (3) - Copy" status="PASSED">
         <system-out><![CDATA[07-06-2024T13:51:10 - [TEST_CASE][PASSED] - Test Cases/test case folder 1/tc1 - Copy (3) - Copy: Test Cases/test case folder 1/tc1 - Copy (3) - Copy

07-06-2024T13:51:10 - [TEST_STEP][PASSED] - openBrowser(""): Browser is opened with url: ''

07-06-2024T13:51:10 - [MESSAGE][WARNING] - A browser is already opened. Closing browser and opening a new one

07-06-2024T13:51:11 - [MESSAGE][INFO] - Starting 'Firefox (headless)' driver

07-06-2024T13:51:11 - [MESSAGE][INFO] - Action delay is set to 0 milliseconds

07-06-2024T13:51:14 - [MESSAGE][PASSED] - Browser is opened with url: ''

07-06-2024T13:51:14 - [TEST_STEP][PASSED] - navigateToUrl("https://doodles.google/about/"): Navigate to 'https://doodles.google/about/' successfully

07-06-2024T13:51:15 - [MESSAGE][PASSED] - Navigate to 'https://doodles.google/about/' successfully

07-06-2024T13:51:15 - [TEST_STEP][PASSED] - click(findTestObject("Object Repository/Page_The Story and Evolution of Doodles - G_6e786d/p_The first Doodle was a simple out-of-offi_345e61")): Object: 'Object Repository/Page_The Story and Evolution of Doodles - G_6e786d/p_The first Doodle was a simple out-of-offi_345e61' is clicked on

07-06-2024T13:51:15 - [MESSAGE][PASSED] - Object: 'Object Repository/Page_The Story and Evolution of Doodles - G_6e786d/p_The first Doodle was a simple out-of-offi_345e61' is clicked on

07-06-2024T13:51:15 - [TEST_STEP][PASSED] - click(findTestObject("Object Repository/Page_The Story and Evolution of Doodles - G_6e786d/p_The first Doodle was a simple out-of-offi_345e61")): Object: 'Object Repository/Page_The Story and Evolution of Doodles - G_6e786d/p_The first Doodle was a simple out-of-offi_345e61' is clicked on

07-06-2024T13:51:16 - [MESSAGE][PASSED] - Object: 'Object Repository/Page_The Story and Evolution of Doodles - G_6e786d/p_The first Doodle was a simple out-of-offi_345e61' is clicked on

07-06-2024T13:51:16 - [TEST_STEP][PASSED] - verifyElementVisible(findTestObject("Object Repository/Page_The Story and Evolution of Doodles - G_6e786d/h1_The story behind Doodles")): Object 'Object Repository/Page_The Story and Evolution of Doodles - G_6e786d/h1_The story behind Doodles' is visible

07-06-2024T13:51:16 - [MESSAGE][PASSED] - Object 'Object Repository/Page_The Story and Evolution of Doodles - G_6e786d/h1_The story behind Doodles' is visible

07-06-2024T13:51:16 - [TEST_STEP][PASSED] - verifyElementVisible(findTestObject("Object Repository/Page_The Story and Evolution of Doodles - G_6e786d/p_The first Doodle was a simple out-of-offi_345e61")): Object 'Object Repository/Page_The Story and Evolution of Doodles - G_6e786d/p_The first Doodle was a simple out-of-offi_345e61' is visible

07-06-2024T13:51:16 - [MESSAGE][PASSED] - Object 'Object Repository/Page_The Story and Evolution of Doodles - G_6e786d/p_The first Doodle was a simple out-of-offi_345e61' is visible

07-06-2024T13:51:16 - [TEST_STEP][PASSED] - verifyElementVisible(findTestObject("Object Repository/Page_The Story and Evolution of Doodles - G_6e786d/h2_Weve created more than 5,000 Doodles ove_111429")): Object 'Object Repository/Page_The Story and Evolution of Doodles - G_6e786d/h2_Weve created more than 5,000 Doodles ove_111429' is visible

07-06-2024T13:51:16 - [MESSAGE][PASSED] - Object 'Object Repository/Page_The Story and Evolution of Doodles - G_6e786d/h2_Weve created more than 5,000 Doodles ove_111429' is visible

07-06-2024T13:51:16 - [TEST_STEP][PASSED] - verifyElementVisible(findTestObject("Object Repository/Page_The Story and Evolution of Doodles - G_6e786d/h1_The story behind Doodles")): Object 'Object Repository/Page_The Story and Evolution of Doodles - G_6e786d/h1_The story behind Doodles' is visible

07-06-2024T13:51:16 - [MESSAGE][PASSED] - Object 'Object Repository/Page_The Story and Evolution of Doodles - G_6e786d/h1_The story behind Doodles' is visible

07-06-2024T13:51:16 - [TEST_STEP][PASSED] - verifyElementVisible(findTestObject("Object Repository/Page_The Story and Evolution of Doodles - G_6e786d/p_The first Doodle was a simple out-of-offi_345e61")): Object 'Object Repository/Page_The Story and Evolution of Doodles - G_6e786d/p_The first Doodle was a simple out-of-offi_345e61' is visible

07-06-2024T13:51:16 - [MESSAGE][PASSED] - Object 'Object Repository/Page_The Story and Evolution of Doodles - G_6e786d/p_The first Doodle was a simple out-of-offi_345e61' is visible

07-06-2024T13:51:16 - [TEST_STEP][PASSED] - verifyElementVisible(findTestObject("Object Repository/Page_The Story and Evolution of Doodles - G_6e786d/h2_Weve created more than 5,000 Doodles ove_111429")): Object 'Object Repository/Page_The Story and Evolution of Doodles - G_6e786d/h2_Weve created more than 5,000 Doodles ove_111429' is visible

07-06-2024T13:51:16 - [MESSAGE][PASSED] - Object 'Object Repository/Page_The Story and Evolution of Doodles - G_6e786d/h2_Weve created more than 5,000 Doodles ove_111429' is visible

07-06-2024T13:51:16 - [TEST_STEP][PASSED] - click(findTestObject("Object Repository/Page_The Story and Evolution of Doodles - G_6e786d/p_The first Doodle was a simple out-of-offi_345e61")): Object: 'Object Repository/Page_The Story and Evolution of Doodles - G_6e786d/p_The first Doodle was a simple out-of-offi_345e61' is clicked on

07-06-2024T13:51:16 - [MESSAGE][PASSED] - Object: 'Object Repository/Page_The Story and Evolution of Doodles - G_6e786d/p_The first Doodle was a simple out-of-offi_345e61' is clicked on

07-06-2024T13:51:16 - [TEST_STEP][PASSED] - verifyElementVisible(findTestObject("Object Repository/Page_The Story and Evolution of Doodles - G_6e786d/h1_The story behind Doodles")): Object 'Object Repository/Page_The Story and Evolution of Doodles - G_6e786d/h1_The story behind Doodles' is visible

07-06-2024T13:51:16 - [MESSAGE][PASSED] - Object 'Object Repository/Page_The Story and Evolution of Doodles - G_6e786d/h1_The story behind Doodles' is visible

07-06-2024T13:51:16 - [TEST_STEP][PASSED] - verifyElementVisible(findTestObject("Object Repository/Page_The Story and Evolution of Doodles - G_6e786d/p_The first Doodle was a simple out-of-offi_345e61")): Object 'Object Repository/Page_The Story and Evolution of Doodles - G_6e786d/p_The first Doodle was a simple out-of-offi_345e61' is visible

07-06-2024T13:51:16 - [MESSAGE][PASSED] - Object 'Object Repository/Page_The Story and Evolution of Doodles - G_6e786d/p_The first Doodle was a simple out-of-offi_345e61' is visible

07-06-2024T13:51:16 - [TEST_STEP][PASSED] - verifyElementVisible(findTestObject("Object Repository/Page_The Story and Evolution of Doodles - G_6e786d/h2_Weve created more than 5,000 Doodles ove_111429")): Object 'Object Repository/Page_The Story and Evolution of Doodles - G_6e786d/h2_Weve created more than 5,000 Doodles ove_111429' is visible

07-06-2024T13:51:16 - [MESSAGE][PASSED] - Object 'Object Repository/Page_The Story and Evolution of Doodles - G_6e786d/h2_Weve created more than 5,000 Doodles ove_111429' is visible

07-06-2024T13:51:16 - [TEST_STEP][PASSED] - click(findTestObject("Object Repository/Page_The Story and Evolution of Doodles - G_6e786d/p_The first Doodle was a simple out-of-offi_345e61")): Object: 'Object Repository/Page_The Story and Evolution of Doodles - G_6e786d/p_The first Doodle was a simple out-of-offi_345e61' is clicked on

07-06-2024T13:51:16 - [MESSAGE][PASSED] - Object: 'Object Repository/Page_The Story and Evolution of Doodles - G_6e786d/p_The first Doodle was a simple out-of-offi_345e61' is clicked on

07-06-2024T13:51:16 - [TEST_STEP][PASSED] - verifyElementVisible(findTestObject("Object Repository/Page_The Story and Evolution of Doodles - G_6e786d/h1_The story behind Doodles")): Object 'Object Repository/Page_The Story and Evolution of Doodles - G_6e786d/h1_The story behind Doodles' is visible

07-06-2024T13:51:16 - [MESSAGE][PASSED] - Object 'Object Repository/Page_The Story and Evolution of Doodles - G_6e786d/h1_The story behind Doodles' is visible

07-06-2024T13:51:16 - [TEST_STEP][PASSED] - verifyElementVisible(findTestObject("Object Repository/Page_The Story and Evolution of Doodles - G_6e786d/p_The first Doodle was a simple out-of-offi_345e61")): Object 'Object Repository/Page_The Story and Evolution of Doodles - G_6e786d/p_The first Doodle was a simple out-of-offi_345e61' is visible

07-06-2024T13:51:17 - [MESSAGE][PASSED] - Object 'Object Repository/Page_The Story and Evolution of Doodles - G_6e786d/p_The first Doodle was a simple out-of-offi_345e61' is visible

07-06-2024T13:51:17 - [TEST_STEP][PASSED] - verifyElementVisible(findTestObject("Object Repository/Page_The Story and Evolution of Doodles - G_6e786d/h2_Weve created more than 5,000 Doodles ove_111429")): Object 'Object Repository/Page_The Story and Evolution of Doodles - G_6e786d/h2_Weve created more than 5,000 Doodles ove_111429' is visible

07-06-2024T13:51:17 - [MESSAGE][PASSED] - Object 'Object Repository/Page_The Story and Evolution of Doodles - G_6e786d/h2_Weve created more than 5,000 Doodles ove_111429' is visible

07-06-2024T13:51:17 - [TEST_STEP][PASSED] - click(findTestObject("Object Repository/Page_The Story and Evolution of Doodles - G_6e786d/p_The first Doodle was a simple out-of-offi_345e61")): Object: 'Object Repository/Page_The Story and Evolution of Doodles - G_6e786d/p_The first Doodle was a simple out-of-offi_345e61' is clicked on

07-06-2024T13:51:17 - [MESSAGE][PASSED] - Object: 'Object Repository/Page_The Story and Evolution of Doodles - G_6e786d/p_The first Doodle was a simple out-of-offi_345e61' is clicked on

07-06-2024T13:51:17 - [TEST_STEP][PASSED] - verifyElementVisible(findTestObject("Object Repository/Page_The Story and Evolution of Doodles - G_6e786d/h1_The story behind Doodles")): Object 'Object Repository/Page_The Story and Evolution of Doodles - G_6e786d/h1_The story behind Doodles' is visible

07-06-2024T13:51:17 - [MESSAGE][PASSED] - Object 'Object Repository/Page_The Story and Evolution of Doodles - G_6e786d/h1_The story behind Doodles' is visible

07-06-2024T13:51:17 - [TEST_STEP][PASSED] - verifyElementVisible(findTestObject("Object Repository/Page_The Story and Evolution of Doodles - G_6e786d/p_The first Doodle was a simple out-of-offi_345e61")): Object 'Object Repository/Page_The Story and Evolution of Doodles - G_6e786d/p_The first Doodle was a simple out-of-offi_345e61' is visible

07-06-2024T13:51:17 - [MESSAGE][PASSED] - Object 'Object Repository/Page_The Story and Evolution of Doodles - G_6e786d/p_The first Doodle was a simple out-of-offi_345e61' is visible

07-06-2024T13:51:17 - [TEST_STEP][PASSED] - verifyElementVisible(findTestObject("Object Repository/Page_The Story and Evolution of Doodles - G_6e786d/h2_Weve created more than 5,000 Doodles ove_111429")): Object 'Object Repository/Page_The Story and Evolution of Doodles - G_6e786d/h2_Weve created more than 5,000 Doodles ove_111429' is visible

07-06-2024T13:51:17 - [MESSAGE][PASSED] - Object 'Object Repository/Page_The Story and Evolution of Doodles - G_6e786d/h2_Weve created more than 5,000 Doodles ove_111429' is visible

07-06-2024T13:51:17 - [TEST_STEP][PASSED] - click(findTestObject("Object Repository/Page_The Story and Evolution of Doodles - G_6e786d/p_The first Doodle was a simple out-of-offi_345e61")): Object: 'Object Repository/Page_The Story and Evolution of Doodles - G_6e786d/p_The first Doodle was a simple out-of-offi_345e61' is clicked on

07-06-2024T13:51:17 - [MESSAGE][PASSED] - Object: 'Object Repository/Page_The Story and Evolution of Doodles - G_6e786d/p_The first Doodle was a simple out-of-offi_345e61' is clicked on

07-06-2024T13:51:17 - [TEST_STEP][PASSED] - verifyElementVisible(findTestObject("Object Repository/Page_The Story and Evolution of Doodles - G_6e786d/h1_The story behind Doodles")): Object 'Object Repository/Page_The Story and Evolution of Doodles - G_6e786d/h1_The story behind Doodles' is visible

07-06-2024T13:51:17 - [MESSAGE][PASSED] - Object 'Object Repository/Page_The Story and Evolution of Doodles - G_6e786d/h1_The story behind Doodles' is visible

07-06-2024T13:51:17 - [TEST_STEP][PASSED] - verifyElementVisible(findTestObject("Object Repository/Page_The Story and Evolution of Doodles - G_6e786d/p_The first Doodle was a simple out-of-offi_345e61")): Object 'Object Repository/Page_The Story and Evolution of Doodles - G_6e786d/p_The first Doodle was a simple out-of-offi_345e61' is visible

07-06-2024T13:51:17 - [MESSAGE][PASSED] - Object 'Object Repository/Page_The Story and Evolution of Doodles - G_6e786d/p_The first Doodle was a simple out-of-offi_345e61' is visible

07-06-2024T13:51:17 - [TEST_STEP][PASSED] - verifyElementVisible(findTestObject("Object Repository/Page_The Story and Evolution of Doodles - G_6e786d/h2_Weve created more than 5,000 Doodles ove_111429")): Object 'Object Repository/Page_The Story and Evolution of Doodles - G_6e786d/h2_Weve created more than 5,000 Doodles ove_111429' is visible

07-06-2024T13:51:17 - [MESSAGE][PASSED] - Object 'Object Repository/Page_The Story and Evolution of Doodles - G_6e786d/h2_Weve created more than 5,000 Doodles ove_111429' is visible

07-06-2024T13:51:17 - [TEST_STEP][PASSED] - click(findTestObject("Object Repository/Page_The Story and Evolution of Doodles - G_6e786d/p_The first Doodle was a simple out-of-offi_345e61")): Object: 'Object Repository/Page_The Story and Evolution of Doodles - G_6e786d/p_The first Doodle was a simple out-of-offi_345e61' is clicked on

07-06-2024T13:51:18 - [MESSAGE][PASSED] - Object: 'Object Repository/Page_The Story and Evolution of Doodles - G_6e786d/p_The first Doodle was a simple out-of-offi_345e61' is clicked on

07-06-2024T13:51:18 - [TEST_STEP][PASSED] - verifyElementVisible(findTestObject("Object Repository/Page_The Story and Evolution of Doodles - G_6e786d/h1_The story behind Doodles")): Object 'Object Repository/Page_The Story and Evolution of Doodles - G_6e786d/h1_The story behind Doodles' is visible

07-06-2024T13:51:18 - [MESSAGE][PASSED] - Object 'Object Repository/Page_The Story and Evolution of Doodles - G_6e786d/h1_The story behind Doodles' is visible

07-06-2024T13:51:18 - [TEST_STEP][PASSED] - verifyElementVisible(findTestObject("Object Repository/Page_The Story and Evolution of Doodles - G_6e786d/p_The first Doodle was a simple out-of-offi_345e61")): Object 'Object Repository/Page_The Story and Evolution of Doodles - G_6e786d/p_The first Doodle was a simple out-of-offi_345e61' is visible

07-06-2024T13:51:18 - [MESSAGE][PASSED] - Object 'Object Repository/Page_The Story and Evolution of Doodles - G_6e786d/p_The first Doodle was a simple out-of-offi_345e61' is visible

07-06-2024T13:51:18 - [TEST_STEP][PASSED] - verifyElementVisible(findTestObject("Object Repository/Page_The Story and Evolution of Doodles - G_6e786d/h2_Weve created more than 5,000 Doodles ove_111429")): Object 'Object Repository/Page_The Story and Evolution of Doodles - G_6e786d/h2_Weve created more than 5,000 Doodles ove_111429' is visible

07-06-2024T13:51:18 - [MESSAGE][PASSED] - Object 'Object Repository/Page_The Story and Evolution of Doodles - G_6e786d/h2_Weve created more than 5,000 Doodles ove_111429' is visible

07-06-2024T13:51:18 - [TEST_STEP][PASSED] - click(findTestObject("Object Repository/Page_The Story and Evolution of Doodles - G_6e786d/p_The first Doodle was a simple out-of-offi_345e61")): Object: 'Object Repository/Page_The Story and Evolution of Doodles - G_6e786d/p_The first Doodle was a simple out-of-offi_345e61' is clicked on

07-06-2024T13:51:18 - [MESSAGE][PASSED] - Object: 'Object Repository/Page_The Story and Evolution of Doodles - G_6e786d/p_The first Doodle was a simple out-of-offi_345e61' is clicked on

07-06-2024T13:51:18 - [TEST_STEP][PASSED] - verifyElementVisible(findTestObject("Object Repository/Page_The Story and Evolution of Doodles - G_6e786d/h1_The story behind Doodles")): Object 'Object Repository/Page_The Story and Evolution of Doodles - G_6e786d/h1_The story behind Doodles' is visible

07-06-2024T13:51:18 - [MESSAGE][PASSED] - Object 'Object Repository/Page_The Story and Evolution of Doodles - G_6e786d/h1_The story behind Doodles' is visible

07-06-2024T13:51:18 - [TEST_STEP][PASSED] - verifyElementVisible(findTestObject("Object Repository/Page_The Story and Evolution of Doodles - G_6e786d/p_The first Doodle was a simple out-of-offi_345e61")): Object 'Object Repository/Page_The Story and Evolution of Doodles - G_6e786d/p_The first Doodle was a simple out-of-offi_345e61' is visible

07-06-2024T13:51:18 - [MESSAGE][PASSED] - Object 'Object Repository/Page_The Story and Evolution of Doodles - G_6e786d/p_The first Doodle was a simple out-of-offi_345e61' is visible

07-06-2024T13:51:18 - [TEST_STEP][PASSED] - verifyElementVisible(findTestObject("Object Repository/Page_The Story and Evolution of Doodles - G_6e786d/h2_Weve created more than 5,000 Doodles ove_111429")): Object 'Object Repository/Page_The Story and Evolution of Doodles - G_6e786d/h2_Weve created more than 5,000 Doodles ove_111429' is visible

07-06-2024T13:51:18 - [MESSAGE][PASSED] - Object 'Object Repository/Page_The Story and Evolution of Doodles - G_6e786d/h2_Weve created more than 5,000 Doodles ove_111429' is visible

07-06-2024T13:51:18 - [TEST_STEP][PASSED] - click(findTestObject("Object Repository/Page_The Story and Evolution of Doodles - G_6e786d/p_The first Doodle was a simple out-of-offi_345e61")): Object: 'Object Repository/Page_The Story and Evolution of Doodles - G_6e786d/p_The first Doodle was a simple out-of-offi_345e61' is clicked on

07-06-2024T13:51:18 - [MESSAGE][PASSED] - Object: 'Object Repository/Page_The Story and Evolution of Doodles - G_6e786d/p_The first Doodle was a simple out-of-offi_345e61' is clicked on

07-06-2024T13:51:18 - [TEST_STEP][PASSED] - verifyElementVisible(findTestObject("Object Repository/Page_The Story and Evolution of Doodles - G_6e786d/h1_The story behind Doodles")): Object 'Object Repository/Page_The Story and Evolution of Doodles - G_6e786d/h1_The story behind Doodles' is visible

07-06-2024T13:51:18 - [MESSAGE][PASSED] - Object 'Object Repository/Page_The Story and Evolution of Doodles - G_6e786d/h1_The story behind Doodles' is visible

07-06-2024T13:51:18 - [TEST_STEP][PASSED] - verifyElementVisible(findTestObject("Object Repository/Page_The Story and Evolution of Doodles - G_6e786d/p_The first Doodle was a simple out-of-offi_345e61")): Object 'Object Repository/Page_The Story and Evolution of Doodles - G_6e786d/p_The first Doodle was a simple out-of-offi_345e61' is visible

07-06-2024T13:51:18 - [MESSAGE][PASSED] - Object 'Object Repository/Page_The Story and Evolution of Doodles - G_6e786d/p_The first Doodle was a simple out-of-offi_345e61' is visible

07-06-2024T13:51:18 - [TEST_STEP][PASSED] - verifyElementVisible(findTestObject("Object Repository/Page_The Story and Evolution of Doodles - G_6e786d/h2_Weve created more than 5,000 Doodles ove_111429")): Object 'Object Repository/Page_The Story and Evolution of Doodles - G_6e786d/h2_Weve created more than 5,000 Doodles ove_111429' is visible

07-06-2024T13:51:18 - [MESSAGE][PASSED] - Object 'Object Repository/Page_The Story and Evolution of Doodles - G_6e786d/h2_Weve created more than 5,000 Doodles ove_111429' is visible

07-06-2024T13:51:18 - [TEST_STEP][PASSED] - click(findTestObject("Object Repository/Page_The Story and Evolution of Doodles - G_6e786d/p_The first Doodle was a simple out-of-offi_345e61")): Object: 'Object Repository/Page_The Story and Evolution of Doodles - G_6e786d/p_The first Doodle was a simple out-of-offi_345e61' is clicked on

07-06-2024T13:51:19 - [MESSAGE][PASSED] - Object: 'Object Repository/Page_The Story and Evolution of Doodles - G_6e786d/p_The first Doodle was a simple out-of-offi_345e61' is clicked on

07-06-2024T13:51:19 - [TEST_STEP][PASSED] - verifyElementVisible(findTestObject("Object Repository/Page_The Story and Evolution of Doodles - G_6e786d/h1_The story behind Doodles")): Object 'Object Repository/Page_The Story and Evolution of Doodles - G_6e786d/h1_The story behind Doodles' is visible

07-06-2024T13:51:19 - [MESSAGE][PASSED] - Object 'Object Repository/Page_The Story and Evolution of Doodles - G_6e786d/h1_The story behind Doodles' is visible

07-06-2024T13:51:19 - [TEST_STEP][PASSED] - verifyElementVisible(findTestObject("Object Repository/Page_The Story and Evolution of Doodles - G_6e786d/p_The first Doodle was a simple out-of-offi_345e61")): Object 'Object Repository/Page_The Story and Evolution of Doodles - G_6e786d/p_The first Doodle was a simple out-of-offi_345e61' is visible

07-06-2024T13:51:19 - [MESSAGE][PASSED] - Object 'Object Repository/Page_The Story and Evolution of Doodles - G_6e786d/p_The first Doodle was a simple out-of-offi_345e61' is visible

07-06-2024T13:51:19 - [TEST_STEP][PASSED] - verifyElementVisible(findTestObject("Object Repository/Page_The Story and Evolution of Doodles - G_6e786d/h2_Weve created more than 5,000 Doodles ove_111429")): Object 'Object Repository/Page_The Story and Evolution of Doodles - G_6e786d/h2_Weve created more than 5,000 Doodles ove_111429' is visible

07-06-2024T13:51:19 - [MESSAGE][PASSED] - Object 'Object Repository/Page_The Story and Evolution of Doodles - G_6e786d/h2_Weve created more than 5,000 Doodles ove_111429' is visible

07-06-2024T13:51:19 - [TEST_STEP][PASSED] - click(findTestObject("Object Repository/Page_The Story and Evolution of Doodles - G_6e786d/p_The first Doodle was a simple out-of-offi_345e61")): Object: 'Object Repository/Page_The Story and Evolution of Doodles - G_6e786d/p_The first Doodle was a simple out-of-offi_345e61' is clicked on

07-06-2024T13:51:19 - [MESSAGE][PASSED] - Object: 'Object Repository/Page_The Story and Evolution of Doodles - G_6e786d/p_The first Doodle was a simple out-of-offi_345e61' is clicked on

07-06-2024T13:51:19 - [TEST_STEP][PASSED] - verifyElementVisible(findTestObject("Object Repository/Page_The Story and Evolution of Doodles - G_6e786d/h1_The story behind Doodles")): Object 'Object Repository/Page_The Story and Evolution of Doodles - G_6e786d/h1_The story behind Doodles' is visible

07-06-2024T13:51:19 - [MESSAGE][PASSED] - Object 'Object Repository/Page_The Story and Evolution of Doodles - G_6e786d/h1_The story behind Doodles' is visible

07-06-2024T13:51:19 - [TEST_STEP][PASSED] - verifyElementVisible(findTestObject("Object Repository/Page_The Story and Evolution of Doodles - G_6e786d/p_The first Doodle was a simple out-of-offi_345e61")): Object 'Object Repository/Page_The Story and Evolution of Doodles - G_6e786d/p_The first Doodle was a simple out-of-offi_345e61' is visible

07-06-2024T13:51:19 - [MESSAGE][PASSED] - Object 'Object Repository/Page_The Story and Evolution of Doodles - G_6e786d/p_The first Doodle was a simple out-of-offi_345e61' is visible

07-06-2024T13:51:19 - [TEST_STEP][PASSED] - verifyElementVisible(findTestObject("Object Repository/Page_The Story and Evolution of Doodles - G_6e786d/h2_Weve created more than 5,000 Doodles ove_111429")): Object 'Object Repository/Page_The Story and Evolution of Doodles - G_6e786d/h2_Weve created more than 5,000 Doodles ove_111429' is visible

07-06-2024T13:51:19 - [MESSAGE][PASSED] - Object 'Object Repository/Page_The Story and Evolution of Doodles - G_6e786d/h2_Weve created more than 5,000 Doodles ove_111429' is visible]]></system-out>
         <system-err><![CDATA[]]></system-err>
      </testcase>
      <testcase name="Test Cases/test case folder 1/tc1 - Copy (4) - Copy (1)" time="8.798" classname="Test Cases/test case folder 1/tc1 - Copy (4) - Copy (1)" status="PASSED">
         <system-out><![CDATA[07-06-2024T13:51:19 - [TEST_CASE][PASSED] - Test Cases/test case folder 1/tc1 - Copy (4) - Copy (1): Test Cases/test case folder 1/tc1 - Copy (4) - Copy (1)

07-06-2024T13:51:19 - [TEST_STEP][PASSED] - openBrowser(""): Browser is opened with url: ''

07-06-2024T13:51:19 - [MESSAGE][WARNING] - A browser is already opened. Closing browser and opening a new one

07-06-2024T13:51:20 - [MESSAGE][INFO] - Starting 'Firefox (headless)' driver

07-06-2024T13:51:20 - [MESSAGE][INFO] - Action delay is set to 0 milliseconds

07-06-2024T13:51:22 - [MESSAGE][PASSED] - Browser is opened with url: ''

07-06-2024T13:51:22 - [TEST_STEP][PASSED] - navigateToUrl("https://doodles.google/about/"): Navigate to 'https://doodles.google/about/' successfully

07-06-2024T13:51:24 - [MESSAGE][PASSED] - Navigate to 'https://doodles.google/about/' successfully

07-06-2024T13:51:24 - [TEST_STEP][PASSED] - click(findTestObject("Object Repository/Page_The Story and Evolution of Doodles - G_6e786d/p_The first Doodle was a simple out-of-offi_345e61")): Object: 'Object Repository/Page_The Story and Evolution of Doodles - G_6e786d/p_The first Doodle was a simple out-of-offi_345e61' is clicked on

07-06-2024T13:51:24 - [MESSAGE][PASSED] - Object: 'Object Repository/Page_The Story and Evolution of Doodles - G_6e786d/p_The first Doodle was a simple out-of-offi_345e61' is clicked on

07-06-2024T13:51:24 - [TEST_STEP][PASSED] - click(findTestObject("Object Repository/Page_The Story and Evolution of Doodles - G_6e786d/p_The first Doodle was a simple out-of-offi_345e61")): Object: 'Object Repository/Page_The Story and Evolution of Doodles - G_6e786d/p_The first Doodle was a simple out-of-offi_345e61' is clicked on

07-06-2024T13:51:24 - [MESSAGE][PASSED] - Object: 'Object Repository/Page_The Story and Evolution of Doodles - G_6e786d/p_The first Doodle was a simple out-of-offi_345e61' is clicked on

07-06-2024T13:51:24 - [TEST_STEP][PASSED] - verifyElementVisible(findTestObject("Object Repository/Page_The Story and Evolution of Doodles - G_6e786d/h1_The story behind Doodles")): Object 'Object Repository/Page_The Story and Evolution of Doodles - G_6e786d/h1_The story behind Doodles' is visible

07-06-2024T13:51:24 - [MESSAGE][PASSED] - Object 'Object Repository/Page_The Story and Evolution of Doodles - G_6e786d/h1_The story behind Doodles' is visible

07-06-2024T13:51:24 - [TEST_STEP][PASSED] - verifyElementVisible(findTestObject("Object Repository/Page_The Story and Evolution of Doodles - G_6e786d/p_The first Doodle was a simple out-of-offi_345e61")): Object 'Object Repository/Page_The Story and Evolution of Doodles - G_6e786d/p_The first Doodle was a simple out-of-offi_345e61' is visible

07-06-2024T13:51:24 - [MESSAGE][PASSED] - Object 'Object Repository/Page_The Story and Evolution of Doodles - G_6e786d/p_The first Doodle was a simple out-of-offi_345e61' is visible

07-06-2024T13:51:24 - [TEST_STEP][PASSED] - verifyElementVisible(findTestObject("Object Repository/Page_The Story and Evolution of Doodles - G_6e786d/h2_Weve created more than 5,000 Doodles ove_111429")): Object 'Object Repository/Page_The Story and Evolution of Doodles - G_6e786d/h2_Weve created more than 5,000 Doodles ove_111429' is visible

07-06-2024T13:51:24 - [MESSAGE][PASSED] - Object 'Object Repository/Page_The Story and Evolution of Doodles - G_6e786d/h2_Weve created more than 5,000 Doodles ove_111429' is visible

07-06-2024T13:51:24 - [TEST_STEP][PASSED] - verifyElementVisible(findTestObject("Object Repository/Page_The Story and Evolution of Doodles - G_6e786d/h1_The story behind Doodles")): Object 'Object Repository/Page_The Story and Evolution of Doodles - G_6e786d/h1_The story behind Doodles' is visible

07-06-2024T13:51:24 - [MESSAGE][PASSED] - Object 'Object Repository/Page_The Story and Evolution of Doodles - G_6e786d/h1_The story behind Doodles' is visible

07-06-2024T13:51:24 - [TEST_STEP][PASSED] - verifyElementVisible(findTestObject("Object Repository/Page_The Story and Evolution of Doodles - G_6e786d/p_The first Doodle was a simple out-of-offi_345e61")): Object 'Object Repository/Page_The Story and Evolution of Doodles - G_6e786d/p_The first Doodle was a simple out-of-offi_345e61' is visible

07-06-2024T13:51:24 - [MESSAGE][PASSED] - Object 'Object Repository/Page_The Story and Evolution of Doodles - G_6e786d/p_The first Doodle was a simple out-of-offi_345e61' is visible

07-06-2024T13:51:24 - [TEST_STEP][PASSED] - verifyElementVisible(findTestObject("Object Repository/Page_The Story and Evolution of Doodles - G_6e786d/h2_Weve created more than 5,000 Doodles ove_111429")): Object 'Object Repository/Page_The Story and Evolution of Doodles - G_6e786d/h2_Weve created more than 5,000 Doodles ove_111429' is visible

07-06-2024T13:51:25 - [MESSAGE][PASSED] - Object 'Object Repository/Page_The Story and Evolution of Doodles - G_6e786d/h2_Weve created more than 5,000 Doodles ove_111429' is visible

07-06-2024T13:51:25 - [TEST_STEP][PASSED] - click(findTestObject("Object Repository/Page_The Story and Evolution of Doodles - G_6e786d/p_The first Doodle was a simple out-of-offi_345e61")): Object: 'Object Repository/Page_The Story and Evolution of Doodles - G_6e786d/p_The first Doodle was a simple out-of-offi_345e61' is clicked on

07-06-2024T13:51:25 - [MESSAGE][PASSED] - Object: 'Object Repository/Page_The Story and Evolution of Doodles - G_6e786d/p_The first Doodle was a simple out-of-offi_345e61' is clicked on

07-06-2024T13:51:25 - [TEST_STEP][PASSED] - verifyElementVisible(findTestObject("Object Repository/Page_The Story and Evolution of Doodles - G_6e786d/h1_The story behind Doodles")): Object 'Object Repository/Page_The Story and Evolution of Doodles - G_6e786d/h1_The story behind Doodles' is visible

07-06-2024T13:51:25 - [MESSAGE][PASSED] - Object 'Object Repository/Page_The Story and Evolution of Doodles - G_6e786d/h1_The story behind Doodles' is visible

07-06-2024T13:51:25 - [TEST_STEP][PASSED] - verifyElementVisible(findTestObject("Object Repository/Page_The Story and Evolution of Doodles - G_6e786d/p_The first Doodle was a simple out-of-offi_345e61")): Object 'Object Repository/Page_The Story and Evolution of Doodles - G_6e786d/p_The first Doodle was a simple out-of-offi_345e61' is visible

07-06-2024T13:51:25 - [MESSAGE][PASSED] - Object 'Object Repository/Page_The Story and Evolution of Doodles - G_6e786d/p_The first Doodle was a simple out-of-offi_345e61' is visible

07-06-2024T13:51:25 - [TEST_STEP][PASSED] - verifyElementVisible(findTestObject("Object Repository/Page_The Story and Evolution of Doodles - G_6e786d/h2_Weve created more than 5,000 Doodles ove_111429")): Object 'Object Repository/Page_The Story and Evolution of Doodles - G_6e786d/h2_Weve created more than 5,000 Doodles ove_111429' is visible

07-06-2024T13:51:25 - [MESSAGE][PASSED] - Object 'Object Repository/Page_The Story and Evolution of Doodles - G_6e786d/h2_Weve created more than 5,000 Doodles ove_111429' is visible

07-06-2024T13:51:25 - [TEST_STEP][PASSED] - click(findTestObject("Object Repository/Page_The Story and Evolution of Doodles - G_6e786d/p_The first Doodle was a simple out-of-offi_345e61")): Object: 'Object Repository/Page_The Story and Evolution of Doodles - G_6e786d/p_The first Doodle was a simple out-of-offi_345e61' is clicked on

07-06-2024T13:51:25 - [MESSAGE][PASSED] - Object: 'Object Repository/Page_The Story and Evolution of Doodles - G_6e786d/p_The first Doodle was a simple out-of-offi_345e61' is clicked on

07-06-2024T13:51:25 - [TEST_STEP][PASSED] - verifyElementVisible(findTestObject("Object Repository/Page_The Story and Evolution of Doodles - G_6e786d/h1_The story behind Doodles")): Object 'Object Repository/Page_The Story and Evolution of Doodles - G_6e786d/h1_The story behind Doodles' is visible

07-06-2024T13:51:25 - [MESSAGE][PASSED] - Object 'Object Repository/Page_The Story and Evolution of Doodles - G_6e786d/h1_The story behind Doodles' is visible

07-06-2024T13:51:25 - [TEST_STEP][PASSED] - verifyElementVisible(findTestObject("Object Repository/Page_The Story and Evolution of Doodles - G_6e786d/p_The first Doodle was a simple out-of-offi_345e61")): Object 'Object Repository/Page_The Story and Evolution of Doodles - G_6e786d/p_The first Doodle was a simple out-of-offi_345e61' is visible

07-06-2024T13:51:25 - [MESSAGE][PASSED] - Object 'Object Repository/Page_The Story and Evolution of Doodles - G_6e786d/p_The first Doodle was a simple out-of-offi_345e61' is visible

07-06-2024T13:51:25 - [TEST_STEP][PASSED] - verifyElementVisible(findTestObject("Object Repository/Page_The Story and Evolution of Doodles - G_6e786d/h2_Weve created more than 5,000 Doodles ove_111429")): Object 'Object Repository/Page_The Story and Evolution of Doodles - G_6e786d/h2_Weve created more than 5,000 Doodles ove_111429' is visible

07-06-2024T13:51:25 - [MESSAGE][PASSED] - Object 'Object Repository/Page_The Story and Evolution of Doodles - G_6e786d/h2_Weve created more than 5,000 Doodles ove_111429' is visible

07-06-2024T13:51:25 - [TEST_STEP][PASSED] - click(findTestObject("Object Repository/Page_The Story and Evolution of Doodles - G_6e786d/p_The first Doodle was a simple out-of-offi_345e61")): Object: 'Object Repository/Page_The Story and Evolution of Doodles - G_6e786d/p_The first Doodle was a simple out-of-offi_345e61' is clicked on

07-06-2024T13:51:25 - [MESSAGE][PASSED] - Object: 'Object Repository/Page_The Story and Evolution of Doodles - G_6e786d/p_The first Doodle was a simple out-of-offi_345e61' is clicked on

07-06-2024T13:51:25 - [TEST_STEP][PASSED] - verifyElementVisible(findTestObject("Object Repository/Page_The Story and Evolution of Doodles - G_6e786d/h1_The story behind Doodles")): Object 'Object Repository/Page_The Story and Evolution of Doodles - G_6e786d/h1_The story behind Doodles' is visible

07-06-2024T13:51:25 - [MESSAGE][PASSED] - Object 'Object Repository/Page_The Story and Evolution of Doodles - G_6e786d/h1_The story behind Doodles' is visible

07-06-2024T13:51:25 - [TEST_STEP][PASSED] - verifyElementVisible(findTestObject("Object Repository/Page_The Story and Evolution of Doodles - G_6e786d/p_The first Doodle was a simple out-of-offi_345e61")): Object 'Object Repository/Page_The Story and Evolution of Doodles - G_6e786d/p_The first Doodle was a simple out-of-offi_345e61' is visible

07-06-2024T13:51:26 - [MESSAGE][PASSED] - Object 'Object Repository/Page_The Story and Evolution of Doodles - G_6e786d/p_The first Doodle was a simple out-of-offi_345e61' is visible

07-06-2024T13:51:26 - [TEST_STEP][PASSED] - verifyElementVisible(findTestObject("Object Repository/Page_The Story and Evolution of Doodles - G_6e786d/h2_Weve created more than 5,000 Doodles ove_111429")): Object 'Object Repository/Page_The Story and Evolution of Doodles - G_6e786d/h2_Weve created more than 5,000 Doodles ove_111429' is visible

07-06-2024T13:51:26 - [MESSAGE][PASSED] - Object 'Object Repository/Page_The Story and Evolution of Doodles - G_6e786d/h2_Weve created more than 5,000 Doodles ove_111429' is visible

07-06-2024T13:51:26 - [TEST_STEP][PASSED] - click(findTestObject("Object Repository/Page_The Story and Evolution of Doodles - G_6e786d/p_The first Doodle was a simple out-of-offi_345e61")): Object: 'Object Repository/Page_The Story and Evolution of Doodles - G_6e786d/p_The first Doodle was a simple out-of-offi_345e61' is clicked on

07-06-2024T13:51:26 - [MESSAGE][PASSED] - Object: 'Object Repository/Page_The Story and Evolution of Doodles - G_6e786d/p_The first Doodle was a simple out-of-offi_345e61' is clicked on

07-06-2024T13:51:26 - [TEST_STEP][PASSED] - verifyElementVisible(findTestObject("Object Repository/Page_The Story and Evolution of Doodles - G_6e786d/h1_The story behind Doodles")): Object 'Object Repository/Page_The Story and Evolution of Doodles - G_6e786d/h1_The story behind Doodles' is visible

07-06-2024T13:51:26 - [MESSAGE][PASSED] - Object 'Object Repository/Page_The Story and Evolution of Doodles - G_6e786d/h1_The story behind Doodles' is visible

07-06-2024T13:51:26 - [TEST_STEP][PASSED] - verifyElementVisible(findTestObject("Object Repository/Page_The Story and Evolution of Doodles - G_6e786d/p_The first Doodle was a simple out-of-offi_345e61")): Object 'Object Repository/Page_The Story and Evolution of Doodles - G_6e786d/p_The first Doodle was a simple out-of-offi_345e61' is visible

07-06-2024T13:51:26 - [MESSAGE][PASSED] - Object 'Object Repository/Page_The Story and Evolution of Doodles - G_6e786d/p_The first Doodle was a simple out-of-offi_345e61' is visible

07-06-2024T13:51:26 - [TEST_STEP][PASSED] - verifyElementVisible(findTestObject("Object Repository/Page_The Story and Evolution of Doodles - G_6e786d/h2_Weve created more than 5,000 Doodles ove_111429")): Object 'Object Repository/Page_The Story and Evolution of Doodles - G_6e786d/h2_Weve created more than 5,000 Doodles ove_111429' is visible

07-06-2024T13:51:26 - [MESSAGE][PASSED] - Object 'Object Repository/Page_The Story and Evolution of Doodles - G_6e786d/h2_Weve created more than 5,000 Doodles ove_111429' is visible

07-06-2024T13:51:26 - [TEST_STEP][PASSED] - click(findTestObject("Object Repository/Page_The Story and Evolution of Doodles - G_6e786d/p_The first Doodle was a simple out-of-offi_345e61")): Object: 'Object Repository/Page_The Story and Evolution of Doodles - G_6e786d/p_The first Doodle was a simple out-of-offi_345e61' is clicked on

07-06-2024T13:51:26 - [MESSAGE][PASSED] - Object: 'Object Repository/Page_The Story and Evolution of Doodles - G_6e786d/p_The first Doodle was a simple out-of-offi_345e61' is clicked on

07-06-2024T13:51:26 - [TEST_STEP][PASSED] - verifyElementVisible(findTestObject("Object Repository/Page_The Story and Evolution of Doodles - G_6e786d/h1_The story behind Doodles")): Object 'Object Repository/Page_The Story and Evolution of Doodles - G_6e786d/h1_The story behind Doodles' is visible

07-06-2024T13:51:26 - [MESSAGE][PASSED] - Object 'Object Repository/Page_The Story and Evolution of Doodles - G_6e786d/h1_The story behind Doodles' is visible

07-06-2024T13:51:26 - [TEST_STEP][PASSED] - verifyElementVisible(findTestObject("Object Repository/Page_The Story and Evolution of Doodles - G_6e786d/p_The first Doodle was a simple out-of-offi_345e61")): Object 'Object Repository/Page_The Story and Evolution of Doodles - G_6e786d/p_The first Doodle was a simple out-of-offi_345e61' is visible

07-06-2024T13:51:26 - [MESSAGE][PASSED] - Object 'Object Repository/Page_The Story and Evolution of Doodles - G_6e786d/p_The first Doodle was a simple out-of-offi_345e61' is visible

07-06-2024T13:51:26 - [TEST_STEP][PASSED] - verifyElementVisible(findTestObject("Object Repository/Page_The Story and Evolution of Doodles - G_6e786d/h2_Weve created more than 5,000 Doodles ove_111429")): Object 'Object Repository/Page_The Story and Evolution of Doodles - G_6e786d/h2_Weve created more than 5,000 Doodles ove_111429' is visible

07-06-2024T13:51:26 - [MESSAGE][PASSED] - Object 'Object Repository/Page_The Story and Evolution of Doodles - G_6e786d/h2_Weve created more than 5,000 Doodles ove_111429' is visible

07-06-2024T13:51:26 - [TEST_STEP][PASSED] - click(findTestObject("Object Repository/Page_The Story and Evolution of Doodles - G_6e786d/p_The first Doodle was a simple out-of-offi_345e61")): Object: 'Object Repository/Page_The Story and Evolution of Doodles - G_6e786d/p_The first Doodle was a simple out-of-offi_345e61' is clicked on

07-06-2024T13:51:26 - [MESSAGE][PASSED] - Object: 'Object Repository/Page_The Story and Evolution of Doodles - G_6e786d/p_The first Doodle was a simple out-of-offi_345e61' is clicked on

07-06-2024T13:51:26 - [TEST_STEP][PASSED] - verifyElementVisible(findTestObject("Object Repository/Page_The Story and Evolution of Doodles - G_6e786d/h1_The story behind Doodles")): Object 'Object Repository/Page_The Story and Evolution of Doodles - G_6e786d/h1_The story behind Doodles' is visible

07-06-2024T13:51:27 - [MESSAGE][PASSED] - Object 'Object Repository/Page_The Story and Evolution of Doodles - G_6e786d/h1_The story behind Doodles' is visible

07-06-2024T13:51:27 - [TEST_STEP][PASSED] - verifyElementVisible(findTestObject("Object Repository/Page_The Story and Evolution of Doodles - G_6e786d/p_The first Doodle was a simple out-of-offi_345e61")): Object 'Object Repository/Page_The Story and Evolution of Doodles - G_6e786d/p_The first Doodle was a simple out-of-offi_345e61' is visible

07-06-2024T13:51:27 - [MESSAGE][PASSED] - Object 'Object Repository/Page_The Story and Evolution of Doodles - G_6e786d/p_The first Doodle was a simple out-of-offi_345e61' is visible

07-06-2024T13:51:27 - [TEST_STEP][PASSED] - verifyElementVisible(findTestObject("Object Repository/Page_The Story and Evolution of Doodles - G_6e786d/h2_Weve created more than 5,000 Doodles ove_111429")): Object 'Object Repository/Page_The Story and Evolution of Doodles - G_6e786d/h2_Weve created more than 5,000 Doodles ove_111429' is visible

07-06-2024T13:51:27 - [MESSAGE][PASSED] - Object 'Object Repository/Page_The Story and Evolution of Doodles - G_6e786d/h2_Weve created more than 5,000 Doodles ove_111429' is visible

07-06-2024T13:51:27 - [TEST_STEP][PASSED] - click(findTestObject("Object Repository/Page_The Story and Evolution of Doodles - G_6e786d/p_The first Doodle was a simple out-of-offi_345e61")): Object: 'Object Repository/Page_The Story and Evolution of Doodles - G_6e786d/p_The first Doodle was a simple out-of-offi_345e61' is clicked on

07-06-2024T13:51:27 - [MESSAGE][PASSED] - Object: 'Object Repository/Page_The Story and Evolution of Doodles - G_6e786d/p_The first Doodle was a simple out-of-offi_345e61' is clicked on

07-06-2024T13:51:27 - [TEST_STEP][PASSED] - verifyElementVisible(findTestObject("Object Repository/Page_The Story and Evolution of Doodles - G_6e786d/h1_The story behind Doodles")): Object 'Object Repository/Page_The Story and Evolution of Doodles - G_6e786d/h1_The story behind Doodles' is visible

07-06-2024T13:51:27 - [MESSAGE][PASSED] - Object 'Object Repository/Page_The Story and Evolution of Doodles - G_6e786d/h1_The story behind Doodles' is visible

07-06-2024T13:51:27 - [TEST_STEP][PASSED] - verifyElementVisible(findTestObject("Object Repository/Page_The Story and Evolution of Doodles - G_6e786d/p_The first Doodle was a simple out-of-offi_345e61")): Object 'Object Repository/Page_The Story and Evolution of Doodles - G_6e786d/p_The first Doodle was a simple out-of-offi_345e61' is visible

07-06-2024T13:51:27 - [MESSAGE][PASSED] - Object 'Object Repository/Page_The Story and Evolution of Doodles - G_6e786d/p_The first Doodle was a simple out-of-offi_345e61' is visible

07-06-2024T13:51:27 - [TEST_STEP][PASSED] - verifyElementVisible(findTestObject("Object Repository/Page_The Story and Evolution of Doodles - G_6e786d/h2_Weve created more than 5,000 Doodles ove_111429")): Object 'Object Repository/Page_The Story and Evolution of Doodles - G_6e786d/h2_Weve created more than 5,000 Doodles ove_111429' is visible

07-06-2024T13:51:27 - [MESSAGE][PASSED] - Object 'Object Repository/Page_The Story and Evolution of Doodles - G_6e786d/h2_Weve created more than 5,000 Doodles ove_111429' is visible

07-06-2024T13:51:27 - [TEST_STEP][PASSED] - click(findTestObject("Object Repository/Page_The Story and Evolution of Doodles - G_6e786d/p_The first Doodle was a simple out-of-offi_345e61")): Object: 'Object Repository/Page_The Story and Evolution of Doodles - G_6e786d/p_The first Doodle was a simple out-of-offi_345e61' is clicked on

07-06-2024T13:51:27 - [MESSAGE][PASSED] - Object: 'Object Repository/Page_The Story and Evolution of Doodles - G_6e786d/p_The first Doodle was a simple out-of-offi_345e61' is clicked on

07-06-2024T13:51:27 - [TEST_STEP][PASSED] - verifyElementVisible(findTestObject("Object Repository/Page_The Story and Evolution of Doodles - G_6e786d/h1_The story behind Doodles")): Object 'Object Repository/Page_The Story and Evolution of Doodles - G_6e786d/h1_The story behind Doodles' is visible

07-06-2024T13:51:27 - [MESSAGE][PASSED] - Object 'Object Repository/Page_The Story and Evolution of Doodles - G_6e786d/h1_The story behind Doodles' is visible

07-06-2024T13:51:27 - [TEST_STEP][PASSED] - verifyElementVisible(findTestObject("Object Repository/Page_The Story and Evolution of Doodles - G_6e786d/p_The first Doodle was a simple out-of-offi_345e61")): Object 'Object Repository/Page_The Story and Evolution of Doodles - G_6e786d/p_The first Doodle was a simple out-of-offi_345e61' is visible

07-06-2024T13:51:27 - [MESSAGE][PASSED] - Object 'Object Repository/Page_The Story and Evolution of Doodles - G_6e786d/p_The first Doodle was a simple out-of-offi_345e61' is visible

07-06-2024T13:51:27 - [TEST_STEP][PASSED] - verifyElementVisible(findTestObject("Object Repository/Page_The Story and Evolution of Doodles - G_6e786d/h2_Weve created more than 5,000 Doodles ove_111429")): Object 'Object Repository/Page_The Story and Evolution of Doodles - G_6e786d/h2_Weve created more than 5,000 Doodles ove_111429' is visible

07-06-2024T13:51:27 - [MESSAGE][PASSED] - Object 'Object Repository/Page_The Story and Evolution of Doodles - G_6e786d/h2_Weve created more than 5,000 Doodles ove_111429' is visible

07-06-2024T13:51:27 - [TEST_STEP][PASSED] - click(findTestObject("Object Repository/Page_The Story and Evolution of Doodles - G_6e786d/p_The first Doodle was a simple out-of-offi_345e61")): Object: 'Object Repository/Page_The Story and Evolution of Doodles - G_6e786d/p_The first Doodle was a simple out-of-offi_345e61' is clicked on

07-06-2024T13:51:28 - [MESSAGE][PASSED] - Object: 'Object Repository/Page_The Story and Evolution of Doodles - G_6e786d/p_The first Doodle was a simple out-of-offi_345e61' is clicked on

07-06-2024T13:51:28 - [TEST_STEP][PASSED] - verifyElementVisible(findTestObject("Object Repository/Page_The Story and Evolution of Doodles - G_6e786d/h1_The story behind Doodles")): Object 'Object Repository/Page_The Story and Evolution of Doodles - G_6e786d/h1_The story behind Doodles' is visible

07-06-2024T13:51:28 - [MESSAGE][PASSED] - Object 'Object Repository/Page_The Story and Evolution of Doodles - G_6e786d/h1_The story behind Doodles' is visible

07-06-2024T13:51:28 - [TEST_STEP][PASSED] - verifyElementVisible(findTestObject("Object Repository/Page_The Story and Evolution of Doodles - G_6e786d/p_The first Doodle was a simple out-of-offi_345e61")): Object 'Object Repository/Page_The Story and Evolution of Doodles - G_6e786d/p_The first Doodle was a simple out-of-offi_345e61' is visible

07-06-2024T13:51:28 - [MESSAGE][PASSED] - Object 'Object Repository/Page_The Story and Evolution of Doodles - G_6e786d/p_The first Doodle was a simple out-of-offi_345e61' is visible

07-06-2024T13:51:28 - [TEST_STEP][PASSED] - verifyElementVisible(findTestObject("Object Repository/Page_The Story and Evolution of Doodles - G_6e786d/h2_Weve created more than 5,000 Doodles ove_111429")): Object 'Object Repository/Page_The Story and Evolution of Doodles - G_6e786d/h2_Weve created more than 5,000 Doodles ove_111429' is visible

07-06-2024T13:51:28 - [MESSAGE][PASSED] - Object 'Object Repository/Page_The Story and Evolution of Doodles - G_6e786d/h2_Weve created more than 5,000 Doodles ove_111429' is visible]]></system-out>
         <system-err><![CDATA[]]></system-err>
      </testcase>
      <testcase name="Test Cases/test case folder 1/tc1 - Copy (4) - Copy (2)" time="9.183" classname="Test Cases/test case folder 1/tc1 - Copy (4) - Copy (2)" status="PASSED">
         <system-out><![CDATA[07-06-2024T13:51:28 - [TEST_CASE][PASSED] - Test Cases/test case folder 1/tc1 - Copy (4) - Copy (2): Test Cases/test case folder 1/tc1 - Copy (4) - Copy (2)

07-06-2024T13:51:28 - [TEST_STEP][PASSED] - openBrowser(""): Browser is opened with url: ''

07-06-2024T13:51:28 - [MESSAGE][WARNING] - A browser is already opened. Closing browser and opening a new one

07-06-2024T13:51:29 - [MESSAGE][INFO] - Starting 'Firefox (headless)' driver

07-06-2024T13:51:29 - [MESSAGE][INFO] - Action delay is set to 0 milliseconds

07-06-2024T13:51:31 - [MESSAGE][PASSED] - Browser is opened with url: ''

07-06-2024T13:51:31 - [TEST_STEP][PASSED] - navigateToUrl("https://doodles.google/about/"): Navigate to 'https://doodles.google/about/' successfully

07-06-2024T13:51:33 - [MESSAGE][PASSED] - Navigate to 'https://doodles.google/about/' successfully

07-06-2024T13:51:33 - [TEST_STEP][PASSED] - click(findTestObject("Object Repository/Page_The Story and Evolution of Doodles - G_6e786d/p_The first Doodle was a simple out-of-offi_345e61")): Object: 'Object Repository/Page_The Story and Evolution of Doodles - G_6e786d/p_The first Doodle was a simple out-of-offi_345e61' is clicked on

07-06-2024T13:51:33 - [MESSAGE][PASSED] - Object: 'Object Repository/Page_The Story and Evolution of Doodles - G_6e786d/p_The first Doodle was a simple out-of-offi_345e61' is clicked on

07-06-2024T13:51:33 - [TEST_STEP][PASSED] - click(findTestObject("Object Repository/Page_The Story and Evolution of Doodles - G_6e786d/p_The first Doodle was a simple out-of-offi_345e61")): Object: 'Object Repository/Page_The Story and Evolution of Doodles - G_6e786d/p_The first Doodle was a simple out-of-offi_345e61' is clicked on

07-06-2024T13:51:33 - [MESSAGE][PASSED] - Object: 'Object Repository/Page_The Story and Evolution of Doodles - G_6e786d/p_The first Doodle was a simple out-of-offi_345e61' is clicked on

07-06-2024T13:51:33 - [TEST_STEP][PASSED] - verifyElementVisible(findTestObject("Object Repository/Page_The Story and Evolution of Doodles - G_6e786d/h1_The story behind Doodles")): Object 'Object Repository/Page_The Story and Evolution of Doodles - G_6e786d/h1_The story behind Doodles' is visible

07-06-2024T13:51:33 - [MESSAGE][PASSED] - Object 'Object Repository/Page_The Story and Evolution of Doodles - G_6e786d/h1_The story behind Doodles' is visible

07-06-2024T13:51:33 - [TEST_STEP][PASSED] - verifyElementVisible(findTestObject("Object Repository/Page_The Story and Evolution of Doodles - G_6e786d/p_The first Doodle was a simple out-of-offi_345e61")): Object 'Object Repository/Page_The Story and Evolution of Doodles - G_6e786d/p_The first Doodle was a simple out-of-offi_345e61' is visible

07-06-2024T13:51:33 - [MESSAGE][PASSED] - Object 'Object Repository/Page_The Story and Evolution of Doodles - G_6e786d/p_The first Doodle was a simple out-of-offi_345e61' is visible

07-06-2024T13:51:33 - [TEST_STEP][PASSED] - verifyElementVisible(findTestObject("Object Repository/Page_The Story and Evolution of Doodles - G_6e786d/h2_Weve created more than 5,000 Doodles ove_111429")): Object 'Object Repository/Page_The Story and Evolution of Doodles - G_6e786d/h2_Weve created more than 5,000 Doodles ove_111429' is visible

07-06-2024T13:51:33 - [MESSAGE][PASSED] - Object 'Object Repository/Page_The Story and Evolution of Doodles - G_6e786d/h2_Weve created more than 5,000 Doodles ove_111429' is visible

07-06-2024T13:51:33 - [TEST_STEP][PASSED] - verifyElementVisible(findTestObject("Object Repository/Page_The Story and Evolution of Doodles - G_6e786d/h1_The story behind Doodles")): Object 'Object Repository/Page_The Story and Evolution of Doodles - G_6e786d/h1_The story behind Doodles' is visible

07-06-2024T13:51:34 - [MESSAGE][PASSED] - Object 'Object Repository/Page_The Story and Evolution of Doodles - G_6e786d/h1_The story behind Doodles' is visible

07-06-2024T13:51:34 - [TEST_STEP][PASSED] - verifyElementVisible(findTestObject("Object Repository/Page_The Story and Evolution of Doodles - G_6e786d/p_The first Doodle was a simple out-of-offi_345e61")): Object 'Object Repository/Page_The Story and Evolution of Doodles - G_6e786d/p_The first Doodle was a simple out-of-offi_345e61' is visible

07-06-2024T13:51:34 - [MESSAGE][PASSED] - Object 'Object Repository/Page_The Story and Evolution of Doodles - G_6e786d/p_The first Doodle was a simple out-of-offi_345e61' is visible

07-06-2024T13:51:34 - [TEST_STEP][PASSED] - verifyElementVisible(findTestObject("Object Repository/Page_The Story and Evolution of Doodles - G_6e786d/h2_Weve created more than 5,000 Doodles ove_111429")): Object 'Object Repository/Page_The Story and Evolution of Doodles - G_6e786d/h2_Weve created more than 5,000 Doodles ove_111429' is visible

07-06-2024T13:51:34 - [MESSAGE][PASSED] - Object 'Object Repository/Page_The Story and Evolution of Doodles - G_6e786d/h2_Weve created more than 5,000 Doodles ove_111429' is visible

07-06-2024T13:51:34 - [TEST_STEP][PASSED] - click(findTestObject("Object Repository/Page_The Story and Evolution of Doodles - G_6e786d/p_The first Doodle was a simple out-of-offi_345e61")): Object: 'Object Repository/Page_The Story and Evolution of Doodles - G_6e786d/p_The first Doodle was a simple out-of-offi_345e61' is clicked on

07-06-2024T13:51:34 - [MESSAGE][PASSED] - Object: 'Object Repository/Page_The Story and Evolution of Doodles - G_6e786d/p_The first Doodle was a simple out-of-offi_345e61' is clicked on

07-06-2024T13:51:34 - [TEST_STEP][PASSED] - verifyElementVisible(findTestObject("Object Repository/Page_The Story and Evolution of Doodles - G_6e786d/h1_The story behind Doodles")): Object 'Object Repository/Page_The Story and Evolution of Doodles - G_6e786d/h1_The story behind Doodles' is visible

07-06-2024T13:51:34 - [MESSAGE][PASSED] - Object 'Object Repository/Page_The Story and Evolution of Doodles - G_6e786d/h1_The story behind Doodles' is visible

07-06-2024T13:51:34 - [TEST_STEP][PASSED] - verifyElementVisible(findTestObject("Object Repository/Page_The Story and Evolution of Doodles - G_6e786d/p_The first Doodle was a simple out-of-offi_345e61")): Object 'Object Repository/Page_The Story and Evolution of Doodles - G_6e786d/p_The first Doodle was a simple out-of-offi_345e61' is visible

07-06-2024T13:51:34 - [MESSAGE][PASSED] - Object 'Object Repository/Page_The Story and Evolution of Doodles - G_6e786d/p_The first Doodle was a simple out-of-offi_345e61' is visible

07-06-2024T13:51:34 - [TEST_STEP][PASSED] - verifyElementVisible(findTestObject("Object Repository/Page_The Story and Evolution of Doodles - G_6e786d/h2_Weve created more than 5,000 Doodles ove_111429")): Object 'Object Repository/Page_The Story and Evolution of Doodles - G_6e786d/h2_Weve created more than 5,000 Doodles ove_111429' is visible

07-06-2024T13:51:34 - [MESSAGE][PASSED] - Object 'Object Repository/Page_The Story and Evolution of Doodles - G_6e786d/h2_Weve created more than 5,000 Doodles ove_111429' is visible

07-06-2024T13:51:34 - [TEST_STEP][PASSED] - click(findTestObject("Object Repository/Page_The Story and Evolution of Doodles - G_6e786d/p_The first Doodle was a simple out-of-offi_345e61")): Object: 'Object Repository/Page_The Story and Evolution of Doodles - G_6e786d/p_The first Doodle was a simple out-of-offi_345e61' is clicked on

07-06-2024T13:51:34 - [MESSAGE][PASSED] - Object: 'Object Repository/Page_The Story and Evolution of Doodles - G_6e786d/p_The first Doodle was a simple out-of-offi_345e61' is clicked on

07-06-2024T13:51:34 - [TEST_STEP][PASSED] - verifyElementVisible(findTestObject("Object Repository/Page_The Story and Evolution of Doodles - G_6e786d/h1_The story behind Doodles")): Object 'Object Repository/Page_The Story and Evolution of Doodles - G_6e786d/h1_The story behind Doodles' is visible

07-06-2024T13:51:34 - [MESSAGE][PASSED] - Object 'Object Repository/Page_The Story and Evolution of Doodles - G_6e786d/h1_The story behind Doodles' is visible

07-06-2024T13:51:34 - [TEST_STEP][PASSED] - verifyElementVisible(findTestObject("Object Repository/Page_The Story and Evolution of Doodles - G_6e786d/p_The first Doodle was a simple out-of-offi_345e61")): Object 'Object Repository/Page_The Story and Evolution of Doodles - G_6e786d/p_The first Doodle was a simple out-of-offi_345e61' is visible

07-06-2024T13:51:34 - [MESSAGE][PASSED] - Object 'Object Repository/Page_The Story and Evolution of Doodles - G_6e786d/p_The first Doodle was a simple out-of-offi_345e61' is visible

07-06-2024T13:51:34 - [TEST_STEP][PASSED] - verifyElementVisible(findTestObject("Object Repository/Page_The Story and Evolution of Doodles - G_6e786d/h2_Weve created more than 5,000 Doodles ove_111429")): Object 'Object Repository/Page_The Story and Evolution of Doodles - G_6e786d/h2_Weve created more than 5,000 Doodles ove_111429' is visible

07-06-2024T13:51:34 - [MESSAGE][PASSED] - Object 'Object Repository/Page_The Story and Evolution of Doodles - G_6e786d/h2_Weve created more than 5,000 Doodles ove_111429' is visible

07-06-2024T13:51:34 - [TEST_STEP][PASSED] - click(findTestObject("Object Repository/Page_The Story and Evolution of Doodles - G_6e786d/p_The first Doodle was a simple out-of-offi_345e61")): Object: 'Object Repository/Page_The Story and Evolution of Doodles - G_6e786d/p_The first Doodle was a simple out-of-offi_345e61' is clicked on

07-06-2024T13:51:34 - [MESSAGE][PASSED] - Object: 'Object Repository/Page_The Story and Evolution of Doodles - G_6e786d/p_The first Doodle was a simple out-of-offi_345e61' is clicked on

07-06-2024T13:51:34 - [TEST_STEP][PASSED] - verifyElementVisible(findTestObject("Object Repository/Page_The Story and Evolution of Doodles - G_6e786d/h1_The story behind Doodles")): Object 'Object Repository/Page_The Story and Evolution of Doodles - G_6e786d/h1_The story behind Doodles' is visible

07-06-2024T13:51:35 - [MESSAGE][PASSED] - Object 'Object Repository/Page_The Story and Evolution of Doodles - G_6e786d/h1_The story behind Doodles' is visible

07-06-2024T13:51:35 - [TEST_STEP][PASSED] - verifyElementVisible(findTestObject("Object Repository/Page_The Story and Evolution of Doodles - G_6e786d/p_The first Doodle was a simple out-of-offi_345e61")): Object 'Object Repository/Page_The Story and Evolution of Doodles - G_6e786d/p_The first Doodle was a simple out-of-offi_345e61' is visible

07-06-2024T13:51:35 - [MESSAGE][PASSED] - Object 'Object Repository/Page_The Story and Evolution of Doodles - G_6e786d/p_The first Doodle was a simple out-of-offi_345e61' is visible

07-06-2024T13:51:35 - [TEST_STEP][PASSED] - verifyElementVisible(findTestObject("Object Repository/Page_The Story and Evolution of Doodles - G_6e786d/h2_Weve created more than 5,000 Doodles ove_111429")): Object 'Object Repository/Page_The Story and Evolution of Doodles - G_6e786d/h2_Weve created more than 5,000 Doodles ove_111429' is visible

07-06-2024T13:51:35 - [MESSAGE][PASSED] - Object 'Object Repository/Page_The Story and Evolution of Doodles - G_6e786d/h2_Weve created more than 5,000 Doodles ove_111429' is visible

07-06-2024T13:51:35 - [TEST_STEP][PASSED] - click(findTestObject("Object Repository/Page_The Story and Evolution of Doodles - G_6e786d/p_The first Doodle was a simple out-of-offi_345e61")): Object: 'Object Repository/Page_The Story and Evolution of Doodles - G_6e786d/p_The first Doodle was a simple out-of-offi_345e61' is clicked on

07-06-2024T13:51:35 - [MESSAGE][PASSED] - Object: 'Object Repository/Page_The Story and Evolution of Doodles - G_6e786d/p_The first Doodle was a simple out-of-offi_345e61' is clicked on

07-06-2024T13:51:35 - [TEST_STEP][PASSED] - verifyElementVisible(findTestObject("Object Repository/Page_The Story and Evolution of Doodles - G_6e786d/h1_The story behind Doodles")): Object 'Object Repository/Page_The Story and Evolution of Doodles - G_6e786d/h1_The story behind Doodles' is visible

07-06-2024T13:51:35 - [MESSAGE][PASSED] - Object 'Object Repository/Page_The Story and Evolution of Doodles - G_6e786d/h1_The story behind Doodles' is visible

07-06-2024T13:51:35 - [TEST_STEP][PASSED] - verifyElementVisible(findTestObject("Object Repository/Page_The Story and Evolution of Doodles - G_6e786d/p_The first Doodle was a simple out-of-offi_345e61")): Object 'Object Repository/Page_The Story and Evolution of Doodles - G_6e786d/p_The first Doodle was a simple out-of-offi_345e61' is visible

07-06-2024T13:51:35 - [MESSAGE][PASSED] - Object 'Object Repository/Page_The Story and Evolution of Doodles - G_6e786d/p_The first Doodle was a simple out-of-offi_345e61' is visible

07-06-2024T13:51:35 - [TEST_STEP][PASSED] - verifyElementVisible(findTestObject("Object Repository/Page_The Story and Evolution of Doodles - G_6e786d/h2_Weve created more than 5,000 Doodles ove_111429")): Object 'Object Repository/Page_The Story and Evolution of Doodles - G_6e786d/h2_Weve created more than 5,000 Doodles ove_111429' is visible

07-06-2024T13:51:35 - [MESSAGE][PASSED] - Object 'Object Repository/Page_The Story and Evolution of Doodles - G_6e786d/h2_Weve created more than 5,000 Doodles ove_111429' is visible

07-06-2024T13:51:35 - [TEST_STEP][PASSED] - click(findTestObject("Object Repository/Page_The Story and Evolution of Doodles - G_6e786d/p_The first Doodle was a simple out-of-offi_345e61")): Object: 'Object Repository/Page_The Story and Evolution of Doodles - G_6e786d/p_The first Doodle was a simple out-of-offi_345e61' is clicked on

07-06-2024T13:51:35 - [MESSAGE][PASSED] - Object: 'Object Repository/Page_The Story and Evolution of Doodles - G_6e786d/p_The first Doodle was a simple out-of-offi_345e61' is clicked on

07-06-2024T13:51:35 - [TEST_STEP][PASSED] - verifyElementVisible(findTestObject("Object Repository/Page_The Story and Evolution of Doodles - G_6e786d/h1_The story behind Doodles")): Object 'Object Repository/Page_The Story and Evolution of Doodles - G_6e786d/h1_The story behind Doodles' is visible

07-06-2024T13:51:35 - [MESSAGE][PASSED] - Object 'Object Repository/Page_The Story and Evolution of Doodles - G_6e786d/h1_The story behind Doodles' is visible

07-06-2024T13:51:35 - [TEST_STEP][PASSED] - verifyElementVisible(findTestObject("Object Repository/Page_The Story and Evolution of Doodles - G_6e786d/p_The first Doodle was a simple out-of-offi_345e61")): Object 'Object Repository/Page_The Story and Evolution of Doodles - G_6e786d/p_The first Doodle was a simple out-of-offi_345e61' is visible

07-06-2024T13:51:35 - [MESSAGE][PASSED] - Object 'Object Repository/Page_The Story and Evolution of Doodles - G_6e786d/p_The first Doodle was a simple out-of-offi_345e61' is visible

07-06-2024T13:51:35 - [TEST_STEP][PASSED] - verifyElementVisible(findTestObject("Object Repository/Page_The Story and Evolution of Doodles - G_6e786d/h2_Weve created more than 5,000 Doodles ove_111429")): Object 'Object Repository/Page_The Story and Evolution of Doodles - G_6e786d/h2_Weve created more than 5,000 Doodles ove_111429' is visible

07-06-2024T13:51:36 - [MESSAGE][PASSED] - Object 'Object Repository/Page_The Story and Evolution of Doodles - G_6e786d/h2_Weve created more than 5,000 Doodles ove_111429' is visible

07-06-2024T13:51:36 - [TEST_STEP][PASSED] - click(findTestObject("Object Repository/Page_The Story and Evolution of Doodles - G_6e786d/p_The first Doodle was a simple out-of-offi_345e61")): Object: 'Object Repository/Page_The Story and Evolution of Doodles - G_6e786d/p_The first Doodle was a simple out-of-offi_345e61' is clicked on

07-06-2024T13:51:36 - [MESSAGE][PASSED] - Object: 'Object Repository/Page_The Story and Evolution of Doodles - G_6e786d/p_The first Doodle was a simple out-of-offi_345e61' is clicked on

07-06-2024T13:51:36 - [TEST_STEP][PASSED] - verifyElementVisible(findTestObject("Object Repository/Page_The Story and Evolution of Doodles - G_6e786d/h1_The story behind Doodles")): Object 'Object Repository/Page_The Story and Evolution of Doodles - G_6e786d/h1_The story behind Doodles' is visible

07-06-2024T13:51:36 - [MESSAGE][PASSED] - Object 'Object Repository/Page_The Story and Evolution of Doodles - G_6e786d/h1_The story behind Doodles' is visible

07-06-2024T13:51:36 - [TEST_STEP][PASSED] - verifyElementVisible(findTestObject("Object Repository/Page_The Story and Evolution of Doodles - G_6e786d/p_The first Doodle was a simple out-of-offi_345e61")): Object 'Object Repository/Page_The Story and Evolution of Doodles - G_6e786d/p_The first Doodle was a simple out-of-offi_345e61' is visible

07-06-2024T13:51:36 - [MESSAGE][PASSED] - Object 'Object Repository/Page_The Story and Evolution of Doodles - G_6e786d/p_The first Doodle was a simple out-of-offi_345e61' is visible

07-06-2024T13:51:36 - [TEST_STEP][PASSED] - verifyElementVisible(findTestObject("Object Repository/Page_The Story and Evolution of Doodles - G_6e786d/h2_Weve created more than 5,000 Doodles ove_111429")): Object 'Object Repository/Page_The Story and Evolution of Doodles - G_6e786d/h2_Weve created more than 5,000 Doodles ove_111429' is visible

07-06-2024T13:51:36 - [MESSAGE][PASSED] - Object 'Object Repository/Page_The Story and Evolution of Doodles - G_6e786d/h2_Weve created more than 5,000 Doodles ove_111429' is visible

07-06-2024T13:51:36 - [TEST_STEP][PASSED] - click(findTestObject("Object Repository/Page_The Story and Evolution of Doodles - G_6e786d/p_The first Doodle was a simple out-of-offi_345e61")): Object: 'Object Repository/Page_The Story and Evolution of Doodles - G_6e786d/p_The first Doodle was a simple out-of-offi_345e61' is clicked on

07-06-2024T13:51:36 - [MESSAGE][PASSED] - Object: 'Object Repository/Page_The Story and Evolution of Doodles - G_6e786d/p_The first Doodle was a simple out-of-offi_345e61' is clicked on

07-06-2024T13:51:36 - [TEST_STEP][PASSED] - verifyElementVisible(findTestObject("Object Repository/Page_The Story and Evolution of Doodles - G_6e786d/h1_The story behind Doodles")): Object 'Object Repository/Page_The Story and Evolution of Doodles - G_6e786d/h1_The story behind Doodles' is visible

07-06-2024T13:51:36 - [MESSAGE][PASSED] - Object 'Object Repository/Page_The Story and Evolution of Doodles - G_6e786d/h1_The story behind Doodles' is visible

07-06-2024T13:51:36 - [TEST_STEP][PASSED] - verifyElementVisible(findTestObject("Object Repository/Page_The Story and Evolution of Doodles - G_6e786d/p_The first Doodle was a simple out-of-offi_345e61")): Object 'Object Repository/Page_The Story and Evolution of Doodles - G_6e786d/p_The first Doodle was a simple out-of-offi_345e61' is visible

07-06-2024T13:51:36 - [MESSAGE][PASSED] - Object 'Object Repository/Page_The Story and Evolution of Doodles - G_6e786d/p_The first Doodle was a simple out-of-offi_345e61' is visible

07-06-2024T13:51:36 - [TEST_STEP][PASSED] - verifyElementVisible(findTestObject("Object Repository/Page_The Story and Evolution of Doodles - G_6e786d/h2_Weve created more than 5,000 Doodles ove_111429")): Object 'Object Repository/Page_The Story and Evolution of Doodles - G_6e786d/h2_Weve created more than 5,000 Doodles ove_111429' is visible

07-06-2024T13:51:36 - [MESSAGE][PASSED] - Object 'Object Repository/Page_The Story and Evolution of Doodles - G_6e786d/h2_Weve created more than 5,000 Doodles ove_111429' is visible

07-06-2024T13:51:36 - [TEST_STEP][PASSED] - click(findTestObject("Object Repository/Page_The Story and Evolution of Doodles - G_6e786d/p_The first Doodle was a simple out-of-offi_345e61")): Object: 'Object Repository/Page_The Story and Evolution of Doodles - G_6e786d/p_The first Doodle was a simple out-of-offi_345e61' is clicked on

07-06-2024T13:51:37 - [MESSAGE][PASSED] - Object: 'Object Repository/Page_The Story and Evolution of Doodles - G_6e786d/p_The first Doodle was a simple out-of-offi_345e61' is clicked on

07-06-2024T13:51:37 - [TEST_STEP][PASSED] - verifyElementVisible(findTestObject("Object Repository/Page_The Story and Evolution of Doodles - G_6e786d/h1_The story behind Doodles")): Object 'Object Repository/Page_The Story and Evolution of Doodles - G_6e786d/h1_The story behind Doodles' is visible

07-06-2024T13:51:37 - [MESSAGE][PASSED] - Object 'Object Repository/Page_The Story and Evolution of Doodles - G_6e786d/h1_The story behind Doodles' is visible

07-06-2024T13:51:37 - [TEST_STEP][PASSED] - verifyElementVisible(findTestObject("Object Repository/Page_The Story and Evolution of Doodles - G_6e786d/p_The first Doodle was a simple out-of-offi_345e61")): Object 'Object Repository/Page_The Story and Evolution of Doodles - G_6e786d/p_The first Doodle was a simple out-of-offi_345e61' is visible

07-06-2024T13:51:37 - [MESSAGE][PASSED] - Object 'Object Repository/Page_The Story and Evolution of Doodles - G_6e786d/p_The first Doodle was a simple out-of-offi_345e61' is visible

07-06-2024T13:51:37 - [TEST_STEP][PASSED] - verifyElementVisible(findTestObject("Object Repository/Page_The Story and Evolution of Doodles - G_6e786d/h2_Weve created more than 5,000 Doodles ove_111429")): Object 'Object Repository/Page_The Story and Evolution of Doodles - G_6e786d/h2_Weve created more than 5,000 Doodles ove_111429' is visible

07-06-2024T13:51:37 - [MESSAGE][PASSED] - Object 'Object Repository/Page_The Story and Evolution of Doodles - G_6e786d/h2_Weve created more than 5,000 Doodles ove_111429' is visible

07-06-2024T13:51:37 - [TEST_STEP][PASSED] - click(findTestObject("Object Repository/Page_The Story and Evolution of Doodles - G_6e786d/p_The first Doodle was a simple out-of-offi_345e61")): Object: 'Object Repository/Page_The Story and Evolution of Doodles - G_6e786d/p_The first Doodle was a simple out-of-offi_345e61' is clicked on

07-06-2024T13:51:37 - [MESSAGE][PASSED] - Object: 'Object Repository/Page_The Story and Evolution of Doodles - G_6e786d/p_The first Doodle was a simple out-of-offi_345e61' is clicked on

07-06-2024T13:51:37 - [TEST_STEP][PASSED] - verifyElementVisible(findTestObject("Object Repository/Page_The Story and Evolution of Doodles - G_6e786d/h1_The story behind Doodles")): Object 'Object Repository/Page_The Story and Evolution of Doodles - G_6e786d/h1_The story behind Doodles' is visible

07-06-2024T13:51:37 - [MESSAGE][PASSED] - Object 'Object Repository/Page_The Story and Evolution of Doodles - G_6e786d/h1_The story behind Doodles' is visible

07-06-2024T13:51:37 - [TEST_STEP][PASSED] - verifyElementVisible(findTestObject("Object Repository/Page_The Story and Evolution of Doodles - G_6e786d/p_The first Doodle was a simple out-of-offi_345e61")): Object 'Object Repository/Page_The Story and Evolution of Doodles - G_6e786d/p_The first Doodle was a simple out-of-offi_345e61' is visible

07-06-2024T13:51:37 - [MESSAGE][PASSED] - Object 'Object Repository/Page_The Story and Evolution of Doodles - G_6e786d/p_The first Doodle was a simple out-of-offi_345e61' is visible

07-06-2024T13:51:37 - [TEST_STEP][PASSED] - verifyElementVisible(findTestObject("Object Repository/Page_The Story and Evolution of Doodles - G_6e786d/h2_Weve created more than 5,000 Doodles ove_111429")): Object 'Object Repository/Page_The Story and Evolution of Doodles - G_6e786d/h2_Weve created more than 5,000 Doodles ove_111429' is visible

07-06-2024T13:51:37 - [MESSAGE][PASSED] - Object 'Object Repository/Page_The Story and Evolution of Doodles - G_6e786d/h2_Weve created more than 5,000 Doodles ove_111429' is visible]]></system-out>
         <system-err><![CDATA[]]></system-err>
      </testcase>
      <testcase name="Test Cases/test case folder 1/tc1 - Copy (4) - Copy (3)" time="8.981" classname="Test Cases/test case folder 1/tc1 - Copy (4) - Copy (3)" status="PASSED">
         <system-out><![CDATA[07-06-2024T13:51:37 - [TEST_CASE][PASSED] - Test Cases/test case folder 1/tc1 - Copy (4) - Copy (3): Test Cases/test case folder 1/tc1 - Copy (4) - Copy (3)

07-06-2024T13:51:37 - [TEST_STEP][PASSED] - openBrowser(""): Browser is opened with url: ''

07-06-2024T13:51:37 - [MESSAGE][WARNING] - A browser is already opened. Closing browser and opening a new one

07-06-2024T13:51:38 - [MESSAGE][INFO] - Starting 'Firefox (headless)' driver

07-06-2024T13:51:38 - [MESSAGE][INFO] - Action delay is set to 0 milliseconds

07-06-2024T13:51:40 - [MESSAGE][PASSED] - Browser is opened with url: ''

07-06-2024T13:51:40 - [TEST_STEP][PASSED] - navigateToUrl("https://doodles.google/about/"): Navigate to 'https://doodles.google/about/' successfully

07-06-2024T13:51:42 - [MESSAGE][PASSED] - Navigate to 'https://doodles.google/about/' successfully

07-06-2024T13:51:42 - [TEST_STEP][PASSED] - click(findTestObject("Object Repository/Page_The Story and Evolution of Doodles - G_6e786d/p_The first Doodle was a simple out-of-offi_345e61")): Object: 'Object Repository/Page_The Story and Evolution of Doodles - G_6e786d/p_The first Doodle was a simple out-of-offi_345e61' is clicked on

07-06-2024T13:51:42 - [MESSAGE][PASSED] - Object: 'Object Repository/Page_The Story and Evolution of Doodles - G_6e786d/p_The first Doodle was a simple out-of-offi_345e61' is clicked on

07-06-2024T13:51:42 - [TEST_STEP][PASSED] - click(findTestObject("Object Repository/Page_The Story and Evolution of Doodles - G_6e786d/p_The first Doodle was a simple out-of-offi_345e61")): Object: 'Object Repository/Page_The Story and Evolution of Doodles - G_6e786d/p_The first Doodle was a simple out-of-offi_345e61' is clicked on

07-06-2024T13:51:42 - [MESSAGE][PASSED] - Object: 'Object Repository/Page_The Story and Evolution of Doodles - G_6e786d/p_The first Doodle was a simple out-of-offi_345e61' is clicked on

07-06-2024T13:51:42 - [TEST_STEP][PASSED] - verifyElementVisible(findTestObject("Object Repository/Page_The Story and Evolution of Doodles - G_6e786d/h1_The story behind Doodles")): Object 'Object Repository/Page_The Story and Evolution of Doodles - G_6e786d/h1_The story behind Doodles' is visible

07-06-2024T13:51:42 - [MESSAGE][PASSED] - Object 'Object Repository/Page_The Story and Evolution of Doodles - G_6e786d/h1_The story behind Doodles' is visible

07-06-2024T13:51:42 - [TEST_STEP][PASSED] - verifyElementVisible(findTestObject("Object Repository/Page_The Story and Evolution of Doodles - G_6e786d/p_The first Doodle was a simple out-of-offi_345e61")): Object 'Object Repository/Page_The Story and Evolution of Doodles - G_6e786d/p_The first Doodle was a simple out-of-offi_345e61' is visible

07-06-2024T13:51:42 - [MESSAGE][PASSED] - Object 'Object Repository/Page_The Story and Evolution of Doodles - G_6e786d/p_The first Doodle was a simple out-of-offi_345e61' is visible

07-06-2024T13:51:42 - [TEST_STEP][PASSED] - verifyElementVisible(findTestObject("Object Repository/Page_The Story and Evolution of Doodles - G_6e786d/h2_Weve created more than 5,000 Doodles ove_111429")): Object 'Object Repository/Page_The Story and Evolution of Doodles - G_6e786d/h2_Weve created more than 5,000 Doodles ove_111429' is visible

07-06-2024T13:51:43 - [MESSAGE][PASSED] - Object 'Object Repository/Page_The Story and Evolution of Doodles - G_6e786d/h2_Weve created more than 5,000 Doodles ove_111429' is visible

07-06-2024T13:51:43 - [TEST_STEP][PASSED] - verifyElementVisible(findTestObject("Object Repository/Page_The Story and Evolution of Doodles - G_6e786d/h1_The story behind Doodles")): Object 'Object Repository/Page_The Story and Evolution of Doodles - G_6e786d/h1_The story behind Doodles' is visible

07-06-2024T13:51:43 - [MESSAGE][PASSED] - Object 'Object Repository/Page_The Story and Evolution of Doodles - G_6e786d/h1_The story behind Doodles' is visible

07-06-2024T13:51:43 - [TEST_STEP][PASSED] - verifyElementVisible(findTestObject("Object Repository/Page_The Story and Evolution of Doodles - G_6e786d/p_The first Doodle was a simple out-of-offi_345e61")): Object 'Object Repository/Page_The Story and Evolution of Doodles - G_6e786d/p_The first Doodle was a simple out-of-offi_345e61' is visible

07-06-2024T13:51:43 - [MESSAGE][PASSED] - Object 'Object Repository/Page_The Story and Evolution of Doodles - G_6e786d/p_The first Doodle was a simple out-of-offi_345e61' is visible

07-06-2024T13:51:43 - [TEST_STEP][PASSED] - verifyElementVisible(findTestObject("Object Repository/Page_The Story and Evolution of Doodles - G_6e786d/h2_Weve created more than 5,000 Doodles ove_111429")): Object 'Object Repository/Page_The Story and Evolution of Doodles - G_6e786d/h2_Weve created more than 5,000 Doodles ove_111429' is visible

07-06-2024T13:51:43 - [MESSAGE][PASSED] - Object 'Object Repository/Page_The Story and Evolution of Doodles - G_6e786d/h2_Weve created more than 5,000 Doodles ove_111429' is visible

07-06-2024T13:51:43 - [TEST_STEP][PASSED] - click(findTestObject("Object Repository/Page_The Story and Evolution of Doodles - G_6e786d/p_The first Doodle was a simple out-of-offi_345e61")): Object: 'Object Repository/Page_The Story and Evolution of Doodles - G_6e786d/p_The first Doodle was a simple out-of-offi_345e61' is clicked on

07-06-2024T13:51:43 - [MESSAGE][PASSED] - Object: 'Object Repository/Page_The Story and Evolution of Doodles - G_6e786d/p_The first Doodle was a simple out-of-offi_345e61' is clicked on

07-06-2024T13:51:43 - [TEST_STEP][PASSED] - verifyElementVisible(findTestObject("Object Repository/Page_The Story and Evolution of Doodles - G_6e786d/h1_The story behind Doodles")): Object 'Object Repository/Page_The Story and Evolution of Doodles - G_6e786d/h1_The story behind Doodles' is visible

07-06-2024T13:51:43 - [MESSAGE][PASSED] - Object 'Object Repository/Page_The Story and Evolution of Doodles - G_6e786d/h1_The story behind Doodles' is visible

07-06-2024T13:51:43 - [TEST_STEP][PASSED] - verifyElementVisible(findTestObject("Object Repository/Page_The Story and Evolution of Doodles - G_6e786d/p_The first Doodle was a simple out-of-offi_345e61")): Object 'Object Repository/Page_The Story and Evolution of Doodles - G_6e786d/p_The first Doodle was a simple out-of-offi_345e61' is visible

07-06-2024T13:51:43 - [MESSAGE][PASSED] - Object 'Object Repository/Page_The Story and Evolution of Doodles - G_6e786d/p_The first Doodle was a simple out-of-offi_345e61' is visible

07-06-2024T13:51:43 - [TEST_STEP][PASSED] - verifyElementVisible(findTestObject("Object Repository/Page_The Story and Evolution of Doodles - G_6e786d/h2_Weve created more than 5,000 Doodles ove_111429")): Object 'Object Repository/Page_The Story and Evolution of Doodles - G_6e786d/h2_Weve created more than 5,000 Doodles ove_111429' is visible

07-06-2024T13:51:43 - [MESSAGE][PASSED] - Object 'Object Repository/Page_The Story and Evolution of Doodles - G_6e786d/h2_Weve created more than 5,000 Doodles ove_111429' is visible

07-06-2024T13:51:43 - [TEST_STEP][PASSED] - click(findTestObject("Object Repository/Page_The Story and Evolution of Doodles - G_6e786d/p_The first Doodle was a simple out-of-offi_345e61")): Object: 'Object Repository/Page_The Story and Evolution of Doodles - G_6e786d/p_The first Doodle was a simple out-of-offi_345e61' is clicked on

07-06-2024T13:51:43 - [MESSAGE][PASSED] - Object: 'Object Repository/Page_The Story and Evolution of Doodles - G_6e786d/p_The first Doodle was a simple out-of-offi_345e61' is clicked on

07-06-2024T13:51:43 - [TEST_STEP][PASSED] - verifyElementVisible(findTestObject("Object Repository/Page_The Story and Evolution of Doodles - G_6e786d/h1_The story behind Doodles")): Object 'Object Repository/Page_The Story and Evolution of Doodles - G_6e786d/h1_The story behind Doodles' is visible

07-06-2024T13:51:43 - [MESSAGE][PASSED] - Object 'Object Repository/Page_The Story and Evolution of Doodles - G_6e786d/h1_The story behind Doodles' is visible

07-06-2024T13:51:43 - [TEST_STEP][PASSED] - verifyElementVisible(findTestObject("Object Repository/Page_The Story and Evolution of Doodles - G_6e786d/p_The first Doodle was a simple out-of-offi_345e61")): Object 'Object Repository/Page_The Story and Evolution of Doodles - G_6e786d/p_The first Doodle was a simple out-of-offi_345e61' is visible

07-06-2024T13:51:43 - [MESSAGE][PASSED] - Object 'Object Repository/Page_The Story and Evolution of Doodles - G_6e786d/p_The first Doodle was a simple out-of-offi_345e61' is visible

07-06-2024T13:51:43 - [TEST_STEP][PASSED] - verifyElementVisible(findTestObject("Object Repository/Page_The Story and Evolution of Doodles - G_6e786d/h2_Weve created more than 5,000 Doodles ove_111429")): Object 'Object Repository/Page_The Story and Evolution of Doodles - G_6e786d/h2_Weve created more than 5,000 Doodles ove_111429' is visible

07-06-2024T13:51:43 - [MESSAGE][PASSED] - Object 'Object Repository/Page_The Story and Evolution of Doodles - G_6e786d/h2_Weve created more than 5,000 Doodles ove_111429' is visible

07-06-2024T13:51:43 - [TEST_STEP][PASSED] - click(findTestObject("Object Repository/Page_The Story and Evolution of Doodles - G_6e786d/p_The first Doodle was a simple out-of-offi_345e61")): Object: 'Object Repository/Page_The Story and Evolution of Doodles - G_6e786d/p_The first Doodle was a simple out-of-offi_345e61' is clicked on

07-06-2024T13:51:44 - [MESSAGE][PASSED] - Object: 'Object Repository/Page_The Story and Evolution of Doodles - G_6e786d/p_The first Doodle was a simple out-of-offi_345e61' is clicked on

07-06-2024T13:51:44 - [TEST_STEP][PASSED] - verifyElementVisible(findTestObject("Object Repository/Page_The Story and Evolution of Doodles - G_6e786d/h1_The story behind Doodles")): Object 'Object Repository/Page_The Story and Evolution of Doodles - G_6e786d/h1_The story behind Doodles' is visible

07-06-2024T13:51:44 - [MESSAGE][PASSED] - Object 'Object Repository/Page_The Story and Evolution of Doodles - G_6e786d/h1_The story behind Doodles' is visible

07-06-2024T13:51:44 - [TEST_STEP][PASSED] - verifyElementVisible(findTestObject("Object Repository/Page_The Story and Evolution of Doodles - G_6e786d/p_The first Doodle was a simple out-of-offi_345e61")): Object 'Object Repository/Page_The Story and Evolution of Doodles - G_6e786d/p_The first Doodle was a simple out-of-offi_345e61' is visible

07-06-2024T13:51:44 - [MESSAGE][PASSED] - Object 'Object Repository/Page_The Story and Evolution of Doodles - G_6e786d/p_The first Doodle was a simple out-of-offi_345e61' is visible

07-06-2024T13:51:44 - [TEST_STEP][PASSED] - verifyElementVisible(findTestObject("Object Repository/Page_The Story and Evolution of Doodles - G_6e786d/h2_Weve created more than 5,000 Doodles ove_111429")): Object 'Object Repository/Page_The Story and Evolution of Doodles - G_6e786d/h2_Weve created more than 5,000 Doodles ove_111429' is visible

07-06-2024T13:51:44 - [MESSAGE][PASSED] - Object 'Object Repository/Page_The Story and Evolution of Doodles - G_6e786d/h2_Weve created more than 5,000 Doodles ove_111429' is visible

07-06-2024T13:51:44 - [TEST_STEP][PASSED] - click(findTestObject("Object Repository/Page_The Story and Evolution of Doodles - G_6e786d/p_The first Doodle was a simple out-of-offi_345e61")): Object: 'Object Repository/Page_The Story and Evolution of Doodles - G_6e786d/p_The first Doodle was a simple out-of-offi_345e61' is clicked on

07-06-2024T13:51:44 - [MESSAGE][PASSED] - Object: 'Object Repository/Page_The Story and Evolution of Doodles - G_6e786d/p_The first Doodle was a simple out-of-offi_345e61' is clicked on

07-06-2024T13:51:44 - [TEST_STEP][PASSED] - verifyElementVisible(findTestObject("Object Repository/Page_The Story and Evolution of Doodles - G_6e786d/h1_The story behind Doodles")): Object 'Object Repository/Page_The Story and Evolution of Doodles - G_6e786d/h1_The story behind Doodles' is visible

07-06-2024T13:51:44 - [MESSAGE][PASSED] - Object 'Object Repository/Page_The Story and Evolution of Doodles - G_6e786d/h1_The story behind Doodles' is visible

07-06-2024T13:51:44 - [TEST_STEP][PASSED] - verifyElementVisible(findTestObject("Object Repository/Page_The Story and Evolution of Doodles - G_6e786d/p_The first Doodle was a simple out-of-offi_345e61")): Object 'Object Repository/Page_The Story and Evolution of Doodles - G_6e786d/p_The first Doodle was a simple out-of-offi_345e61' is visible

07-06-2024T13:51:44 - [MESSAGE][PASSED] - Object 'Object Repository/Page_The Story and Evolution of Doodles - G_6e786d/p_The first Doodle was a simple out-of-offi_345e61' is visible

07-06-2024T13:51:44 - [TEST_STEP][PASSED] - verifyElementVisible(findTestObject("Object Repository/Page_The Story and Evolution of Doodles - G_6e786d/h2_Weve created more than 5,000 Doodles ove_111429")): Object 'Object Repository/Page_The Story and Evolution of Doodles - G_6e786d/h2_Weve created more than 5,000 Doodles ove_111429' is visible

07-06-2024T13:51:44 - [MESSAGE][PASSED] - Object 'Object Repository/Page_The Story and Evolution of Doodles - G_6e786d/h2_Weve created more than 5,000 Doodles ove_111429' is visible

07-06-2024T13:51:44 - [TEST_STEP][PASSED] - click(findTestObject("Object Repository/Page_The Story and Evolution of Doodles - G_6e786d/p_The first Doodle was a simple out-of-offi_345e61")): Object: 'Object Repository/Page_The Story and Evolution of Doodles - G_6e786d/p_The first Doodle was a simple out-of-offi_345e61' is clicked on

07-06-2024T13:51:44 - [MESSAGE][PASSED] - Object: 'Object Repository/Page_The Story and Evolution of Doodles - G_6e786d/p_The first Doodle was a simple out-of-offi_345e61' is clicked on

07-06-2024T13:51:44 - [TEST_STEP][PASSED] - verifyElementVisible(findTestObject("Object Repository/Page_The Story and Evolution of Doodles - G_6e786d/h1_The story behind Doodles")): Object 'Object Repository/Page_The Story and Evolution of Doodles - G_6e786d/h1_The story behind Doodles' is visible

07-06-2024T13:51:45 - [MESSAGE][PASSED] - Object 'Object Repository/Page_The Story and Evolution of Doodles - G_6e786d/h1_The story behind Doodles' is visible

07-06-2024T13:51:45 - [TEST_STEP][PASSED] - verifyElementVisible(findTestObject("Object Repository/Page_The Story and Evolution of Doodles - G_6e786d/p_The first Doodle was a simple out-of-offi_345e61")): Object 'Object Repository/Page_The Story and Evolution of Doodles - G_6e786d/p_The first Doodle was a simple out-of-offi_345e61' is visible

07-06-2024T13:51:45 - [MESSAGE][PASSED] - Object 'Object Repository/Page_The Story and Evolution of Doodles - G_6e786d/p_The first Doodle was a simple out-of-offi_345e61' is visible

07-06-2024T13:51:45 - [TEST_STEP][PASSED] - verifyElementVisible(findTestObject("Object Repository/Page_The Story and Evolution of Doodles - G_6e786d/h2_Weve created more than 5,000 Doodles ove_111429")): Object 'Object Repository/Page_The Story and Evolution of Doodles - G_6e786d/h2_Weve created more than 5,000 Doodles ove_111429' is visible

07-06-2024T13:51:45 - [MESSAGE][PASSED] - Object 'Object Repository/Page_The Story and Evolution of Doodles - G_6e786d/h2_Weve created more than 5,000 Doodles ove_111429' is visible

07-06-2024T13:51:45 - [TEST_STEP][PASSED] - click(findTestObject("Object Repository/Page_The Story and Evolution of Doodles - G_6e786d/p_The first Doodle was a simple out-of-offi_345e61")): Object: 'Object Repository/Page_The Story and Evolution of Doodles - G_6e786d/p_The first Doodle was a simple out-of-offi_345e61' is clicked on

07-06-2024T13:51:45 - [MESSAGE][PASSED] - Object: 'Object Repository/Page_The Story and Evolution of Doodles - G_6e786d/p_The first Doodle was a simple out-of-offi_345e61' is clicked on

07-06-2024T13:51:45 - [TEST_STEP][PASSED] - verifyElementVisible(findTestObject("Object Repository/Page_The Story and Evolution of Doodles - G_6e786d/h1_The story behind Doodles")): Object 'Object Repository/Page_The Story and Evolution of Doodles - G_6e786d/h1_The story behind Doodles' is visible

07-06-2024T13:51:45 - [MESSAGE][PASSED] - Object 'Object Repository/Page_The Story and Evolution of Doodles - G_6e786d/h1_The story behind Doodles' is visible

07-06-2024T13:51:45 - [TEST_STEP][PASSED] - verifyElementVisible(findTestObject("Object Repository/Page_The Story and Evolution of Doodles - G_6e786d/p_The first Doodle was a simple out-of-offi_345e61")): Object 'Object Repository/Page_The Story and Evolution of Doodles - G_6e786d/p_The first Doodle was a simple out-of-offi_345e61' is visible

07-06-2024T13:51:45 - [MESSAGE][PASSED] - Object 'Object Repository/Page_The Story and Evolution of Doodles - G_6e786d/p_The first Doodle was a simple out-of-offi_345e61' is visible

07-06-2024T13:51:45 - [TEST_STEP][PASSED] - verifyElementVisible(findTestObject("Object Repository/Page_The Story and Evolution of Doodles - G_6e786d/h2_Weve created more than 5,000 Doodles ove_111429")): Object 'Object Repository/Page_The Story and Evolution of Doodles - G_6e786d/h2_Weve created more than 5,000 Doodles ove_111429' is visible

07-06-2024T13:51:45 - [MESSAGE][PASSED] - Object 'Object Repository/Page_The Story and Evolution of Doodles - G_6e786d/h2_Weve created more than 5,000 Doodles ove_111429' is visible

07-06-2024T13:51:45 - [TEST_STEP][PASSED] - click(findTestObject("Object Repository/Page_The Story and Evolution of Doodles - G_6e786d/p_The first Doodle was a simple out-of-offi_345e61")): Object: 'Object Repository/Page_The Story and Evolution of Doodles - G_6e786d/p_The first Doodle was a simple out-of-offi_345e61' is clicked on

07-06-2024T13:51:45 - [MESSAGE][PASSED] - Object: 'Object Repository/Page_The Story and Evolution of Doodles - G_6e786d/p_The first Doodle was a simple out-of-offi_345e61' is clicked on

07-06-2024T13:51:45 - [TEST_STEP][PASSED] - verifyElementVisible(findTestObject("Object Repository/Page_The Story and Evolution of Doodles - G_6e786d/h1_The story behind Doodles")): Object 'Object Repository/Page_The Story and Evolution of Doodles - G_6e786d/h1_The story behind Doodles' is visible

07-06-2024T13:51:45 - [MESSAGE][PASSED] - Object 'Object Repository/Page_The Story and Evolution of Doodles - G_6e786d/h1_The story behind Doodles' is visible

07-06-2024T13:51:45 - [TEST_STEP][PASSED] - verifyElementVisible(findTestObject("Object Repository/Page_The Story and Evolution of Doodles - G_6e786d/p_The first Doodle was a simple out-of-offi_345e61")): Object 'Object Repository/Page_The Story and Evolution of Doodles - G_6e786d/p_The first Doodle was a simple out-of-offi_345e61' is visible

07-06-2024T13:51:45 - [MESSAGE][PASSED] - Object 'Object Repository/Page_The Story and Evolution of Doodles - G_6e786d/p_The first Doodle was a simple out-of-offi_345e61' is visible

07-06-2024T13:51:45 - [TEST_STEP][PASSED] - verifyElementVisible(findTestObject("Object Repository/Page_The Story and Evolution of Doodles - G_6e786d/h2_Weve created more than 5,000 Doodles ove_111429")): Object 'Object Repository/Page_The Story and Evolution of Doodles - G_6e786d/h2_Weve created more than 5,000 Doodles ove_111429' is visible

07-06-2024T13:51:45 - [MESSAGE][PASSED] - Object 'Object Repository/Page_The Story and Evolution of Doodles - G_6e786d/h2_Weve created more than 5,000 Doodles ove_111429' is visible

07-06-2024T13:51:45 - [TEST_STEP][PASSED] - click(findTestObject("Object Repository/Page_The Story and Evolution of Doodles - G_6e786d/p_The first Doodle was a simple out-of-offi_345e61")): Object: 'Object Repository/Page_The Story and Evolution of Doodles - G_6e786d/p_The first Doodle was a simple out-of-offi_345e61' is clicked on

07-06-2024T13:51:46 - [MESSAGE][PASSED] - Object: 'Object Repository/Page_The Story and Evolution of Doodles - G_6e786d/p_The first Doodle was a simple out-of-offi_345e61' is clicked on

07-06-2024T13:51:46 - [TEST_STEP][PASSED] - verifyElementVisible(findTestObject("Object Repository/Page_The Story and Evolution of Doodles - G_6e786d/h1_The story behind Doodles")): Object 'Object Repository/Page_The Story and Evolution of Doodles - G_6e786d/h1_The story behind Doodles' is visible

07-06-2024T13:51:46 - [MESSAGE][PASSED] - Object 'Object Repository/Page_The Story and Evolution of Doodles - G_6e786d/h1_The story behind Doodles' is visible

07-06-2024T13:51:46 - [TEST_STEP][PASSED] - verifyElementVisible(findTestObject("Object Repository/Page_The Story and Evolution of Doodles - G_6e786d/p_The first Doodle was a simple out-of-offi_345e61")): Object 'Object Repository/Page_The Story and Evolution of Doodles - G_6e786d/p_The first Doodle was a simple out-of-offi_345e61' is visible

07-06-2024T13:51:46 - [MESSAGE][PASSED] - Object 'Object Repository/Page_The Story and Evolution of Doodles - G_6e786d/p_The first Doodle was a simple out-of-offi_345e61' is visible

07-06-2024T13:51:46 - [TEST_STEP][PASSED] - verifyElementVisible(findTestObject("Object Repository/Page_The Story and Evolution of Doodles - G_6e786d/h2_Weve created more than 5,000 Doodles ove_111429")): Object 'Object Repository/Page_The Story and Evolution of Doodles - G_6e786d/h2_Weve created more than 5,000 Doodles ove_111429' is visible

07-06-2024T13:51:46 - [MESSAGE][PASSED] - Object 'Object Repository/Page_The Story and Evolution of Doodles - G_6e786d/h2_Weve created more than 5,000 Doodles ove_111429' is visible

07-06-2024T13:51:46 - [TEST_STEP][PASSED] - click(findTestObject("Object Repository/Page_The Story and Evolution of Doodles - G_6e786d/p_The first Doodle was a simple out-of-offi_345e61")): Object: 'Object Repository/Page_The Story and Evolution of Doodles - G_6e786d/p_The first Doodle was a simple out-of-offi_345e61' is clicked on

07-06-2024T13:51:46 - [MESSAGE][PASSED] - Object: 'Object Repository/Page_The Story and Evolution of Doodles - G_6e786d/p_The first Doodle was a simple out-of-offi_345e61' is clicked on

07-06-2024T13:51:46 - [TEST_STEP][PASSED] - verifyElementVisible(findTestObject("Object Repository/Page_The Story and Evolution of Doodles - G_6e786d/h1_The story behind Doodles")): Object 'Object Repository/Page_The Story and Evolution of Doodles - G_6e786d/h1_The story behind Doodles' is visible

07-06-2024T13:51:46 - [MESSAGE][PASSED] - Object 'Object Repository/Page_The Story and Evolution of Doodles - G_6e786d/h1_The story behind Doodles' is visible

07-06-2024T13:51:46 - [TEST_STEP][PASSED] - verifyElementVisible(findTestObject("Object Repository/Page_The Story and Evolution of Doodles - G_6e786d/p_The first Doodle was a simple out-of-offi_345e61")): Object 'Object Repository/Page_The Story and Evolution of Doodles - G_6e786d/p_The first Doodle was a simple out-of-offi_345e61' is visible

07-06-2024T13:51:46 - [MESSAGE][PASSED] - Object 'Object Repository/Page_The Story and Evolution of Doodles - G_6e786d/p_The first Doodle was a simple out-of-offi_345e61' is visible

07-06-2024T13:51:46 - [TEST_STEP][PASSED] - verifyElementVisible(findTestObject("Object Repository/Page_The Story and Evolution of Doodles - G_6e786d/h2_Weve created more than 5,000 Doodles ove_111429")): Object 'Object Repository/Page_The Story and Evolution of Doodles - G_6e786d/h2_Weve created more than 5,000 Doodles ove_111429' is visible

07-06-2024T13:51:46 - [MESSAGE][PASSED] - Object 'Object Repository/Page_The Story and Evolution of Doodles - G_6e786d/h2_Weve created more than 5,000 Doodles ove_111429' is visible]]></system-out>
         <system-err><![CDATA[]]></system-err>
      </testcase>
      <testcase name="Test Cases/test case folder 1/tc1 - Copy (4) - Copy (4)" time="8.858" classname="Test Cases/test case folder 1/tc1 - Copy (4) - Copy (4)" status="PASSED">
         <system-out><![CDATA[07-06-2024T13:51:46 - [TEST_CASE][PASSED] - Test Cases/test case folder 1/tc1 - Copy (4) - Copy (4): Test Cases/test case folder 1/tc1 - Copy (4) - Copy (4)

07-06-2024T13:51:46 - [TEST_STEP][PASSED] - openBrowser(""): Browser is opened with url: ''

07-06-2024T13:51:46 - [MESSAGE][WARNING] - A browser is already opened. Closing browser and opening a new one

07-06-2024T13:51:47 - [MESSAGE][INFO] - Starting 'Firefox (headless)' driver

07-06-2024T13:51:47 - [MESSAGE][INFO] - Action delay is set to 0 milliseconds

07-06-2024T13:51:50 - [MESSAGE][PASSED] - Browser is opened with url: ''

07-06-2024T13:51:50 - [TEST_STEP][PASSED] - navigateToUrl("https://doodles.google/about/"): Navigate to 'https://doodles.google/about/' successfully

07-06-2024T13:51:51 - [MESSAGE][PASSED] - Navigate to 'https://doodles.google/about/' successfully

07-06-2024T13:51:51 - [TEST_STEP][PASSED] - click(findTestObject("Object Repository/Page_The Story and Evolution of Doodles - G_6e786d/p_The first Doodle was a simple out-of-offi_345e61")): Object: 'Object Repository/Page_The Story and Evolution of Doodles - G_6e786d/p_The first Doodle was a simple out-of-offi_345e61' is clicked on

07-06-2024T13:51:51 - [MESSAGE][PASSED] - Object: 'Object Repository/Page_The Story and Evolution of Doodles - G_6e786d/p_The first Doodle was a simple out-of-offi_345e61' is clicked on

07-06-2024T13:51:51 - [TEST_STEP][PASSED] - click(findTestObject("Object Repository/Page_The Story and Evolution of Doodles - G_6e786d/p_The first Doodle was a simple out-of-offi_345e61")): Object: 'Object Repository/Page_The Story and Evolution of Doodles - G_6e786d/p_The first Doodle was a simple out-of-offi_345e61' is clicked on

07-06-2024T13:51:52 - [MESSAGE][PASSED] - Object: 'Object Repository/Page_The Story and Evolution of Doodles - G_6e786d/p_The first Doodle was a simple out-of-offi_345e61' is clicked on

07-06-2024T13:51:52 - [TEST_STEP][PASSED] - verifyElementVisible(findTestObject("Object Repository/Page_The Story and Evolution of Doodles - G_6e786d/h1_The story behind Doodles")): Object 'Object Repository/Page_The Story and Evolution of Doodles - G_6e786d/h1_The story behind Doodles' is visible

07-06-2024T13:51:52 - [MESSAGE][PASSED] - Object 'Object Repository/Page_The Story and Evolution of Doodles - G_6e786d/h1_The story behind Doodles' is visible

07-06-2024T13:51:52 - [TEST_STEP][PASSED] - verifyElementVisible(findTestObject("Object Repository/Page_The Story and Evolution of Doodles - G_6e786d/p_The first Doodle was a simple out-of-offi_345e61")): Object 'Object Repository/Page_The Story and Evolution of Doodles - G_6e786d/p_The first Doodle was a simple out-of-offi_345e61' is visible

07-06-2024T13:51:52 - [MESSAGE][PASSED] - Object 'Object Repository/Page_The Story and Evolution of Doodles - G_6e786d/p_The first Doodle was a simple out-of-offi_345e61' is visible

07-06-2024T13:51:52 - [TEST_STEP][PASSED] - verifyElementVisible(findTestObject("Object Repository/Page_The Story and Evolution of Doodles - G_6e786d/h2_Weve created more than 5,000 Doodles ove_111429")): Object 'Object Repository/Page_The Story and Evolution of Doodles - G_6e786d/h2_Weve created more than 5,000 Doodles ove_111429' is visible

07-06-2024T13:51:52 - [MESSAGE][PASSED] - Object 'Object Repository/Page_The Story and Evolution of Doodles - G_6e786d/h2_Weve created more than 5,000 Doodles ove_111429' is visible

07-06-2024T13:51:52 - [TEST_STEP][PASSED] - verifyElementVisible(findTestObject("Object Repository/Page_The Story and Evolution of Doodles - G_6e786d/h1_The story behind Doodles")): Object 'Object Repository/Page_The Story and Evolution of Doodles - G_6e786d/h1_The story behind Doodles' is visible

07-06-2024T13:51:52 - [MESSAGE][PASSED] - Object 'Object Repository/Page_The Story and Evolution of Doodles - G_6e786d/h1_The story behind Doodles' is visible

07-06-2024T13:51:52 - [TEST_STEP][PASSED] - verifyElementVisible(findTestObject("Object Repository/Page_The Story and Evolution of Doodles - G_6e786d/p_The first Doodle was a simple out-of-offi_345e61")): Object 'Object Repository/Page_The Story and Evolution of Doodles - G_6e786d/p_The first Doodle was a simple out-of-offi_345e61' is visible

07-06-2024T13:51:52 - [MESSAGE][PASSED] - Object 'Object Repository/Page_The Story and Evolution of Doodles - G_6e786d/p_The first Doodle was a simple out-of-offi_345e61' is visible

07-06-2024T13:51:52 - [TEST_STEP][PASSED] - verifyElementVisible(findTestObject("Object Repository/Page_The Story and Evolution of Doodles - G_6e786d/h2_Weve created more than 5,000 Doodles ove_111429")): Object 'Object Repository/Page_The Story and Evolution of Doodles - G_6e786d/h2_Weve created more than 5,000 Doodles ove_111429' is visible

07-06-2024T13:51:52 - [MESSAGE][PASSED] - Object 'Object Repository/Page_The Story and Evolution of Doodles - G_6e786d/h2_Weve created more than 5,000 Doodles ove_111429' is visible

07-06-2024T13:51:52 - [TEST_STEP][PASSED] - click(findTestObject("Object Repository/Page_The Story and Evolution of Doodles - G_6e786d/p_The first Doodle was a simple out-of-offi_345e61")): Object: 'Object Repository/Page_The Story and Evolution of Doodles - G_6e786d/p_The first Doodle was a simple out-of-offi_345e61' is clicked on

07-06-2024T13:51:52 - [MESSAGE][PASSED] - Object: 'Object Repository/Page_The Story and Evolution of Doodles - G_6e786d/p_The first Doodle was a simple out-of-offi_345e61' is clicked on

07-06-2024T13:51:52 - [TEST_STEP][PASSED] - verifyElementVisible(findTestObject("Object Repository/Page_The Story and Evolution of Doodles - G_6e786d/h1_The story behind Doodles")): Object 'Object Repository/Page_The Story and Evolution of Doodles - G_6e786d/h1_The story behind Doodles' is visible

07-06-2024T13:51:52 - [MESSAGE][PASSED] - Object 'Object Repository/Page_The Story and Evolution of Doodles - G_6e786d/h1_The story behind Doodles' is visible

07-06-2024T13:51:52 - [TEST_STEP][PASSED] - verifyElementVisible(findTestObject("Object Repository/Page_The Story and Evolution of Doodles - G_6e786d/p_The first Doodle was a simple out-of-offi_345e61")): Object 'Object Repository/Page_The Story and Evolution of Doodles - G_6e786d/p_The first Doodle was a simple out-of-offi_345e61' is visible

07-06-2024T13:51:52 - [MESSAGE][PASSED] - Object 'Object Repository/Page_The Story and Evolution of Doodles - G_6e786d/p_The first Doodle was a simple out-of-offi_345e61' is visible

07-06-2024T13:51:52 - [TEST_STEP][PASSED] - verifyElementVisible(findTestObject("Object Repository/Page_The Story and Evolution of Doodles - G_6e786d/h2_Weve created more than 5,000 Doodles ove_111429")): Object 'Object Repository/Page_The Story and Evolution of Doodles - G_6e786d/h2_Weve created more than 5,000 Doodles ove_111429' is visible

07-06-2024T13:51:52 - [MESSAGE][PASSED] - Object 'Object Repository/Page_The Story and Evolution of Doodles - G_6e786d/h2_Weve created more than 5,000 Doodles ove_111429' is visible

07-06-2024T13:51:52 - [TEST_STEP][PASSED] - click(findTestObject("Object Repository/Page_The Story and Evolution of Doodles - G_6e786d/p_The first Doodle was a simple out-of-offi_345e61")): Object: 'Object Repository/Page_The Story and Evolution of Doodles - G_6e786d/p_The first Doodle was a simple out-of-offi_345e61' is clicked on

07-06-2024T13:51:52 - [MESSAGE][PASSED] - Object: 'Object Repository/Page_The Story and Evolution of Doodles - G_6e786d/p_The first Doodle was a simple out-of-offi_345e61' is clicked on

07-06-2024T13:51:52 - [TEST_STEP][PASSED] - verifyElementVisible(findTestObject("Object Repository/Page_The Story and Evolution of Doodles - G_6e786d/h1_The story behind Doodles")): Object 'Object Repository/Page_The Story and Evolution of Doodles - G_6e786d/h1_The story behind Doodles' is visible

07-06-2024T13:51:52 - [MESSAGE][PASSED] - Object 'Object Repository/Page_The Story and Evolution of Doodles - G_6e786d/h1_The story behind Doodles' is visible

07-06-2024T13:51:52 - [TEST_STEP][PASSED] - verifyElementVisible(findTestObject("Object Repository/Page_The Story and Evolution of Doodles - G_6e786d/p_The first Doodle was a simple out-of-offi_345e61")): Object 'Object Repository/Page_The Story and Evolution of Doodles - G_6e786d/p_The first Doodle was a simple out-of-offi_345e61' is visible

07-06-2024T13:51:52 - [MESSAGE][PASSED] - Object 'Object Repository/Page_The Story and Evolution of Doodles - G_6e786d/p_The first Doodle was a simple out-of-offi_345e61' is visible

07-06-2024T13:51:52 - [TEST_STEP][PASSED] - verifyElementVisible(findTestObject("Object Repository/Page_The Story and Evolution of Doodles - G_6e786d/h2_Weve created more than 5,000 Doodles ove_111429")): Object 'Object Repository/Page_The Story and Evolution of Doodles - G_6e786d/h2_Weve created more than 5,000 Doodles ove_111429' is visible

07-06-2024T13:51:53 - [MESSAGE][PASSED] - Object 'Object Repository/Page_The Story and Evolution of Doodles - G_6e786d/h2_Weve created more than 5,000 Doodles ove_111429' is visible

07-06-2024T13:51:53 - [TEST_STEP][PASSED] - click(findTestObject("Object Repository/Page_The Story and Evolution of Doodles - G_6e786d/p_The first Doodle was a simple out-of-offi_345e61")): Object: 'Object Repository/Page_The Story and Evolution of Doodles - G_6e786d/p_The first Doodle was a simple out-of-offi_345e61' is clicked on

07-06-2024T13:51:53 - [MESSAGE][PASSED] - Object: 'Object Repository/Page_The Story and Evolution of Doodles - G_6e786d/p_The first Doodle was a simple out-of-offi_345e61' is clicked on

07-06-2024T13:51:53 - [TEST_STEP][PASSED] - verifyElementVisible(findTestObject("Object Repository/Page_The Story and Evolution of Doodles - G_6e786d/h1_The story behind Doodles")): Object 'Object Repository/Page_The Story and Evolution of Doodles - G_6e786d/h1_The story behind Doodles' is visible

07-06-2024T13:51:53 - [MESSAGE][PASSED] - Object 'Object Repository/Page_The Story and Evolution of Doodles - G_6e786d/h1_The story behind Doodles' is visible

07-06-2024T13:51:53 - [TEST_STEP][PASSED] - verifyElementVisible(findTestObject("Object Repository/Page_The Story and Evolution of Doodles - G_6e786d/p_The first Doodle was a simple out-of-offi_345e61")): Object 'Object Repository/Page_The Story and Evolution of Doodles - G_6e786d/p_The first Doodle was a simple out-of-offi_345e61' is visible

07-06-2024T13:51:53 - [MESSAGE][PASSED] - Object 'Object Repository/Page_The Story and Evolution of Doodles - G_6e786d/p_The first Doodle was a simple out-of-offi_345e61' is visible

07-06-2024T13:51:53 - [TEST_STEP][PASSED] - verifyElementVisible(findTestObject("Object Repository/Page_The Story and Evolution of Doodles - G_6e786d/h2_Weve created more than 5,000 Doodles ove_111429")): Object 'Object Repository/Page_The Story and Evolution of Doodles - G_6e786d/h2_Weve created more than 5,000 Doodles ove_111429' is visible

07-06-2024T13:51:53 - [MESSAGE][PASSED] - Object 'Object Repository/Page_The Story and Evolution of Doodles - G_6e786d/h2_Weve created more than 5,000 Doodles ove_111429' is visible

07-06-2024T13:51:53 - [TEST_STEP][PASSED] - click(findTestObject("Object Repository/Page_The Story and Evolution of Doodles - G_6e786d/p_The first Doodle was a simple out-of-offi_345e61")): Object: 'Object Repository/Page_The Story and Evolution of Doodles - G_6e786d/p_The first Doodle was a simple out-of-offi_345e61' is clicked on

07-06-2024T13:51:53 - [MESSAGE][PASSED] - Object: 'Object Repository/Page_The Story and Evolution of Doodles - G_6e786d/p_The first Doodle was a simple out-of-offi_345e61' is clicked on

07-06-2024T13:51:53 - [TEST_STEP][PASSED] - verifyElementVisible(findTestObject("Object Repository/Page_The Story and Evolution of Doodles - G_6e786d/h1_The story behind Doodles")): Object 'Object Repository/Page_The Story and Evolution of Doodles - G_6e786d/h1_The story behind Doodles' is visible

07-06-2024T13:51:53 - [MESSAGE][PASSED] - Object 'Object Repository/Page_The Story and Evolution of Doodles - G_6e786d/h1_The story behind Doodles' is visible

07-06-2024T13:51:53 - [TEST_STEP][PASSED] - verifyElementVisible(findTestObject("Object Repository/Page_The Story and Evolution of Doodles - G_6e786d/p_The first Doodle was a simple out-of-offi_345e61")): Object 'Object Repository/Page_The Story and Evolution of Doodles - G_6e786d/p_The first Doodle was a simple out-of-offi_345e61' is visible

07-06-2024T13:51:53 - [MESSAGE][PASSED] - Object 'Object Repository/Page_The Story and Evolution of Doodles - G_6e786d/p_The first Doodle was a simple out-of-offi_345e61' is visible

07-06-2024T13:51:53 - [TEST_STEP][PASSED] - verifyElementVisible(findTestObject("Object Repository/Page_The Story and Evolution of Doodles - G_6e786d/h2_Weve created more than 5,000 Doodles ove_111429")): Object 'Object Repository/Page_The Story and Evolution of Doodles - G_6e786d/h2_Weve created more than 5,000 Doodles ove_111429' is visible

07-06-2024T13:51:53 - [MESSAGE][PASSED] - Object 'Object Repository/Page_The Story and Evolution of Doodles - G_6e786d/h2_Weve created more than 5,000 Doodles ove_111429' is visible

07-06-2024T13:51:53 - [TEST_STEP][PASSED] - click(findTestObject("Object Repository/Page_The Story and Evolution of Doodles - G_6e786d/p_The first Doodle was a simple out-of-offi_345e61")): Object: 'Object Repository/Page_The Story and Evolution of Doodles - G_6e786d/p_The first Doodle was a simple out-of-offi_345e61' is clicked on

07-06-2024T13:51:53 - [MESSAGE][PASSED] - Object: 'Object Repository/Page_The Story and Evolution of Doodles - G_6e786d/p_The first Doodle was a simple out-of-offi_345e61' is clicked on

07-06-2024T13:51:53 - [TEST_STEP][PASSED] - verifyElementVisible(findTestObject("Object Repository/Page_The Story and Evolution of Doodles - G_6e786d/h1_The story behind Doodles")): Object 'Object Repository/Page_The Story and Evolution of Doodles - G_6e786d/h1_The story behind Doodles' is visible

07-06-2024T13:51:53 - [MESSAGE][PASSED] - Object 'Object Repository/Page_The Story and Evolution of Doodles - G_6e786d/h1_The story behind Doodles' is visible

07-06-2024T13:51:53 - [TEST_STEP][PASSED] - verifyElementVisible(findTestObject("Object Repository/Page_The Story and Evolution of Doodles - G_6e786d/p_The first Doodle was a simple out-of-offi_345e61")): Object 'Object Repository/Page_The Story and Evolution of Doodles - G_6e786d/p_The first Doodle was a simple out-of-offi_345e61' is visible

07-06-2024T13:51:54 - [MESSAGE][PASSED] - Object 'Object Repository/Page_The Story and Evolution of Doodles - G_6e786d/p_The first Doodle was a simple out-of-offi_345e61' is visible

07-06-2024T13:51:54 - [TEST_STEP][PASSED] - verifyElementVisible(findTestObject("Object Repository/Page_The Story and Evolution of Doodles - G_6e786d/h2_Weve created more than 5,000 Doodles ove_111429")): Object 'Object Repository/Page_The Story and Evolution of Doodles - G_6e786d/h2_Weve created more than 5,000 Doodles ove_111429' is visible

07-06-2024T13:51:54 - [MESSAGE][PASSED] - Object 'Object Repository/Page_The Story and Evolution of Doodles - G_6e786d/h2_Weve created more than 5,000 Doodles ove_111429' is visible

07-06-2024T13:51:54 - [TEST_STEP][PASSED] - click(findTestObject("Object Repository/Page_The Story and Evolution of Doodles - G_6e786d/p_The first Doodle was a simple out-of-offi_345e61")): Object: 'Object Repository/Page_The Story and Evolution of Doodles - G_6e786d/p_The first Doodle was a simple out-of-offi_345e61' is clicked on

07-06-2024T13:51:54 - [MESSAGE][PASSED] - Object: 'Object Repository/Page_The Story and Evolution of Doodles - G_6e786d/p_The first Doodle was a simple out-of-offi_345e61' is clicked on

07-06-2024T13:51:54 - [TEST_STEP][PASSED] - verifyElementVisible(findTestObject("Object Repository/Page_The Story and Evolution of Doodles - G_6e786d/h1_The story behind Doodles")): Object 'Object Repository/Page_The Story and Evolution of Doodles - G_6e786d/h1_The story behind Doodles' is visible

07-06-2024T13:51:54 - [MESSAGE][PASSED] - Object 'Object Repository/Page_The Story and Evolution of Doodles - G_6e786d/h1_The story behind Doodles' is visible

07-06-2024T13:51:54 - [TEST_STEP][PASSED] - verifyElementVisible(findTestObject("Object Repository/Page_The Story and Evolution of Doodles - G_6e786d/p_The first Doodle was a simple out-of-offi_345e61")): Object 'Object Repository/Page_The Story and Evolution of Doodles - G_6e786d/p_The first Doodle was a simple out-of-offi_345e61' is visible

07-06-2024T13:51:54 - [MESSAGE][PASSED] - Object 'Object Repository/Page_The Story and Evolution of Doodles - G_6e786d/p_The first Doodle was a simple out-of-offi_345e61' is visible

07-06-2024T13:51:54 - [TEST_STEP][PASSED] - verifyElementVisible(findTestObject("Object Repository/Page_The Story and Evolution of Doodles - G_6e786d/h2_Weve created more than 5,000 Doodles ove_111429")): Object 'Object Repository/Page_The Story and Evolution of Doodles - G_6e786d/h2_Weve created more than 5,000 Doodles ove_111429' is visible

07-06-2024T13:51:54 - [MESSAGE][PASSED] - Object 'Object Repository/Page_The Story and Evolution of Doodles - G_6e786d/h2_Weve created more than 5,000 Doodles ove_111429' is visible

07-06-2024T13:51:54 - [TEST_STEP][PASSED] - click(findTestObject("Object Repository/Page_The Story and Evolution of Doodles - G_6e786d/p_The first Doodle was a simple out-of-offi_345e61")): Object: 'Object Repository/Page_The Story and Evolution of Doodles - G_6e786d/p_The first Doodle was a simple out-of-offi_345e61' is clicked on

07-06-2024T13:51:54 - [MESSAGE][PASSED] - Object: 'Object Repository/Page_The Story and Evolution of Doodles - G_6e786d/p_The first Doodle was a simple out-of-offi_345e61' is clicked on

07-06-2024T13:51:54 - [TEST_STEP][PASSED] - verifyElementVisible(findTestObject("Object Repository/Page_The Story and Evolution of Doodles - G_6e786d/h1_The story behind Doodles")): Object 'Object Repository/Page_The Story and Evolution of Doodles - G_6e786d/h1_The story behind Doodles' is visible

07-06-2024T13:51:54 - [MESSAGE][PASSED] - Object 'Object Repository/Page_The Story and Evolution of Doodles - G_6e786d/h1_The story behind Doodles' is visible

07-06-2024T13:51:54 - [TEST_STEP][PASSED] - verifyElementVisible(findTestObject("Object Repository/Page_The Story and Evolution of Doodles - G_6e786d/p_The first Doodle was a simple out-of-offi_345e61")): Object 'Object Repository/Page_The Story and Evolution of Doodles - G_6e786d/p_The first Doodle was a simple out-of-offi_345e61' is visible

07-06-2024T13:51:54 - [MESSAGE][PASSED] - Object 'Object Repository/Page_The Story and Evolution of Doodles - G_6e786d/p_The first Doodle was a simple out-of-offi_345e61' is visible

07-06-2024T13:51:54 - [TEST_STEP][PASSED] - verifyElementVisible(findTestObject("Object Repository/Page_The Story and Evolution of Doodles - G_6e786d/h2_Weve created more than 5,000 Doodles ove_111429")): Object 'Object Repository/Page_The Story and Evolution of Doodles - G_6e786d/h2_Weve created more than 5,000 Doodles ove_111429' is visible

07-06-2024T13:51:54 - [MESSAGE][PASSED] - Object 'Object Repository/Page_The Story and Evolution of Doodles - G_6e786d/h2_Weve created more than 5,000 Doodles ove_111429' is visible

07-06-2024T13:51:54 - [TEST_STEP][PASSED] - click(findTestObject("Object Repository/Page_The Story and Evolution of Doodles - G_6e786d/p_The first Doodle was a simple out-of-offi_345e61")): Object: 'Object Repository/Page_The Story and Evolution of Doodles - G_6e786d/p_The first Doodle was a simple out-of-offi_345e61' is clicked on

07-06-2024T13:51:54 - [MESSAGE][PASSED] - Object: 'Object Repository/Page_The Story and Evolution of Doodles - G_6e786d/p_The first Doodle was a simple out-of-offi_345e61' is clicked on

07-06-2024T13:51:54 - [TEST_STEP][PASSED] - verifyElementVisible(findTestObject("Object Repository/Page_The Story and Evolution of Doodles - G_6e786d/h1_The story behind Doodles")): Object 'Object Repository/Page_The Story and Evolution of Doodles - G_6e786d/h1_The story behind Doodles' is visible

07-06-2024T13:51:54 - [MESSAGE][PASSED] - Object 'Object Repository/Page_The Story and Evolution of Doodles - G_6e786d/h1_The story behind Doodles' is visible

07-06-2024T13:51:54 - [TEST_STEP][PASSED] - verifyElementVisible(findTestObject("Object Repository/Page_The Story and Evolution of Doodles - G_6e786d/p_The first Doodle was a simple out-of-offi_345e61")): Object 'Object Repository/Page_The Story and Evolution of Doodles - G_6e786d/p_The first Doodle was a simple out-of-offi_345e61' is visible

07-06-2024T13:51:55 - [MESSAGE][PASSED] - Object 'Object Repository/Page_The Story and Evolution of Doodles - G_6e786d/p_The first Doodle was a simple out-of-offi_345e61' is visible

07-06-2024T13:51:55 - [TEST_STEP][PASSED] - verifyElementVisible(findTestObject("Object Repository/Page_The Story and Evolution of Doodles - G_6e786d/h2_Weve created more than 5,000 Doodles ove_111429")): Object 'Object Repository/Page_The Story and Evolution of Doodles - G_6e786d/h2_Weve created more than 5,000 Doodles ove_111429' is visible

07-06-2024T13:51:55 - [MESSAGE][PASSED] - Object 'Object Repository/Page_The Story and Evolution of Doodles - G_6e786d/h2_Weve created more than 5,000 Doodles ove_111429' is visible

07-06-2024T13:51:55 - [TEST_STEP][PASSED] - click(findTestObject("Object Repository/Page_The Story and Evolution of Doodles - G_6e786d/p_The first Doodle was a simple out-of-offi_345e61")): Object: 'Object Repository/Page_The Story and Evolution of Doodles - G_6e786d/p_The first Doodle was a simple out-of-offi_345e61' is clicked on

07-06-2024T13:51:55 - [MESSAGE][PASSED] - Object: 'Object Repository/Page_The Story and Evolution of Doodles - G_6e786d/p_The first Doodle was a simple out-of-offi_345e61' is clicked on

07-06-2024T13:51:55 - [TEST_STEP][PASSED] - verifyElementVisible(findTestObject("Object Repository/Page_The Story and Evolution of Doodles - G_6e786d/h1_The story behind Doodles")): Object 'Object Repository/Page_The Story and Evolution of Doodles - G_6e786d/h1_The story behind Doodles' is visible

07-06-2024T13:51:55 - [MESSAGE][PASSED] - Object 'Object Repository/Page_The Story and Evolution of Doodles - G_6e786d/h1_The story behind Doodles' is visible

07-06-2024T13:51:55 - [TEST_STEP][PASSED] - verifyElementVisible(findTestObject("Object Repository/Page_The Story and Evolution of Doodles - G_6e786d/p_The first Doodle was a simple out-of-offi_345e61")): Object 'Object Repository/Page_The Story and Evolution of Doodles - G_6e786d/p_The first Doodle was a simple out-of-offi_345e61' is visible

07-06-2024T13:51:55 - [MESSAGE][PASSED] - Object 'Object Repository/Page_The Story and Evolution of Doodles - G_6e786d/p_The first Doodle was a simple out-of-offi_345e61' is visible

07-06-2024T13:51:55 - [TEST_STEP][PASSED] - verifyElementVisible(findTestObject("Object Repository/Page_The Story and Evolution of Doodles - G_6e786d/h2_Weve created more than 5,000 Doodles ove_111429")): Object 'Object Repository/Page_The Story and Evolution of Doodles - G_6e786d/h2_Weve created more than 5,000 Doodles ove_111429' is visible

07-06-2024T13:51:55 - [MESSAGE][PASSED] - Object 'Object Repository/Page_The Story and Evolution of Doodles - G_6e786d/h2_Weve created more than 5,000 Doodles ove_111429' is visible]]></system-out>
         <system-err><![CDATA[]]></system-err>
      </testcase>
      <testcase name="Test Cases/test case folder 1/tc1 - Copy (4) - Copy (5)" time="10.247" classname="Test Cases/test case folder 1/tc1 - Copy (4) - Copy (5)" status="PASSED">
         <system-out><![CDATA[07-06-2024T13:51:55 - [TEST_CASE][PASSED] - Test Cases/test case folder 1/tc1 - Copy (4) - Copy (5): Test Cases/test case folder 1/tc1 - Copy (4) - Copy (5)

07-06-2024T13:51:55 - [TEST_STEP][PASSED] - openBrowser(""): Browser is opened with url: ''

07-06-2024T13:51:55 - [MESSAGE][WARNING] - A browser is already opened. Closing browser and opening a new one

07-06-2024T13:51:56 - [MESSAGE][INFO] - Starting 'Firefox (headless)' driver

07-06-2024T13:51:56 - [MESSAGE][INFO] - Action delay is set to 0 milliseconds

07-06-2024T13:51:59 - [MESSAGE][PASSED] - Browser is opened with url: ''

07-06-2024T13:51:59 - [TEST_STEP][PASSED] - navigateToUrl("https://doodles.google/about/"): Navigate to 'https://doodles.google/about/' successfully

07-06-2024T13:52:01 - [MESSAGE][PASSED] - Navigate to 'https://doodles.google/about/' successfully

07-06-2024T13:52:01 - [TEST_STEP][PASSED] - click(findTestObject("Object Repository/Page_The Story and Evolution of Doodles - G_6e786d/p_The first Doodle was a simple out-of-offi_345e61")): Object: 'Object Repository/Page_The Story and Evolution of Doodles - G_6e786d/p_The first Doodle was a simple out-of-offi_345e61' is clicked on

07-06-2024T13:52:01 - [MESSAGE][PASSED] - Object: 'Object Repository/Page_The Story and Evolution of Doodles - G_6e786d/p_The first Doodle was a simple out-of-offi_345e61' is clicked on

07-06-2024T13:52:01 - [TEST_STEP][PASSED] - click(findTestObject("Object Repository/Page_The Story and Evolution of Doodles - G_6e786d/p_The first Doodle was a simple out-of-offi_345e61")): Object: 'Object Repository/Page_The Story and Evolution of Doodles - G_6e786d/p_The first Doodle was a simple out-of-offi_345e61' is clicked on

07-06-2024T13:52:01 - [MESSAGE][PASSED] - Object: 'Object Repository/Page_The Story and Evolution of Doodles - G_6e786d/p_The first Doodle was a simple out-of-offi_345e61' is clicked on

07-06-2024T13:52:01 - [TEST_STEP][PASSED] - verifyElementVisible(findTestObject("Object Repository/Page_The Story and Evolution of Doodles - G_6e786d/h1_The story behind Doodles")): Object 'Object Repository/Page_The Story and Evolution of Doodles - G_6e786d/h1_The story behind Doodles' is visible

07-06-2024T13:52:01 - [MESSAGE][PASSED] - Object 'Object Repository/Page_The Story and Evolution of Doodles - G_6e786d/h1_The story behind Doodles' is visible

07-06-2024T13:52:01 - [TEST_STEP][PASSED] - verifyElementVisible(findTestObject("Object Repository/Page_The Story and Evolution of Doodles - G_6e786d/p_The first Doodle was a simple out-of-offi_345e61")): Object 'Object Repository/Page_The Story and Evolution of Doodles - G_6e786d/p_The first Doodle was a simple out-of-offi_345e61' is visible

07-06-2024T13:52:01 - [MESSAGE][PASSED] - Object 'Object Repository/Page_The Story and Evolution of Doodles - G_6e786d/p_The first Doodle was a simple out-of-offi_345e61' is visible

07-06-2024T13:52:01 - [TEST_STEP][PASSED] - verifyElementVisible(findTestObject("Object Repository/Page_The Story and Evolution of Doodles - G_6e786d/h2_Weve created more than 5,000 Doodles ove_111429")): Object 'Object Repository/Page_The Story and Evolution of Doodles - G_6e786d/h2_Weve created more than 5,000 Doodles ove_111429' is visible

07-06-2024T13:52:01 - [MESSAGE][PASSED] - Object 'Object Repository/Page_The Story and Evolution of Doodles - G_6e786d/h2_Weve created more than 5,000 Doodles ove_111429' is visible

07-06-2024T13:52:01 - [TEST_STEP][PASSED] - verifyElementVisible(findTestObject("Object Repository/Page_The Story and Evolution of Doodles - G_6e786d/h1_The story behind Doodles")): Object 'Object Repository/Page_The Story and Evolution of Doodles - G_6e786d/h1_The story behind Doodles' is visible

07-06-2024T13:52:01 - [MESSAGE][PASSED] - Object 'Object Repository/Page_The Story and Evolution of Doodles - G_6e786d/h1_The story behind Doodles' is visible

07-06-2024T13:52:01 - [TEST_STEP][PASSED] - verifyElementVisible(findTestObject("Object Repository/Page_The Story and Evolution of Doodles - G_6e786d/p_The first Doodle was a simple out-of-offi_345e61")): Object 'Object Repository/Page_The Story and Evolution of Doodles - G_6e786d/p_The first Doodle was a simple out-of-offi_345e61' is visible

07-06-2024T13:52:02 - [MESSAGE][PASSED] - Object 'Object Repository/Page_The Story and Evolution of Doodles - G_6e786d/p_The first Doodle was a simple out-of-offi_345e61' is visible

07-06-2024T13:52:02 - [TEST_STEP][PASSED] - verifyElementVisible(findTestObject("Object Repository/Page_The Story and Evolution of Doodles - G_6e786d/h2_Weve created more than 5,000 Doodles ove_111429")): Object 'Object Repository/Page_The Story and Evolution of Doodles - G_6e786d/h2_Weve created more than 5,000 Doodles ove_111429' is visible

07-06-2024T13:52:02 - [MESSAGE][PASSED] - Object 'Object Repository/Page_The Story and Evolution of Doodles - G_6e786d/h2_Weve created more than 5,000 Doodles ove_111429' is visible

07-06-2024T13:52:02 - [TEST_STEP][PASSED] - click(findTestObject("Object Repository/Page_The Story and Evolution of Doodles - G_6e786d/p_The first Doodle was a simple out-of-offi_345e61")): Object: 'Object Repository/Page_The Story and Evolution of Doodles - G_6e786d/p_The first Doodle was a simple out-of-offi_345e61' is clicked on

07-06-2024T13:52:02 - [MESSAGE][PASSED] - Object: 'Object Repository/Page_The Story and Evolution of Doodles - G_6e786d/p_The first Doodle was a simple out-of-offi_345e61' is clicked on

07-06-2024T13:52:02 - [TEST_STEP][PASSED] - verifyElementVisible(findTestObject("Object Repository/Page_The Story and Evolution of Doodles - G_6e786d/h1_The story behind Doodles")): Object 'Object Repository/Page_The Story and Evolution of Doodles - G_6e786d/h1_The story behind Doodles' is visible

07-06-2024T13:52:02 - [MESSAGE][PASSED] - Object 'Object Repository/Page_The Story and Evolution of Doodles - G_6e786d/h1_The story behind Doodles' is visible

07-06-2024T13:52:02 - [TEST_STEP][PASSED] - verifyElementVisible(findTestObject("Object Repository/Page_The Story and Evolution of Doodles - G_6e786d/p_The first Doodle was a simple out-of-offi_345e61")): Object 'Object Repository/Page_The Story and Evolution of Doodles - G_6e786d/p_The first Doodle was a simple out-of-offi_345e61' is visible

07-06-2024T13:52:02 - [MESSAGE][PASSED] - Object 'Object Repository/Page_The Story and Evolution of Doodles - G_6e786d/p_The first Doodle was a simple out-of-offi_345e61' is visible

07-06-2024T13:52:02 - [TEST_STEP][PASSED] - verifyElementVisible(findTestObject("Object Repository/Page_The Story and Evolution of Doodles - G_6e786d/h2_Weve created more than 5,000 Doodles ove_111429")): Object 'Object Repository/Page_The Story and Evolution of Doodles - G_6e786d/h2_Weve created more than 5,000 Doodles ove_111429' is visible

07-06-2024T13:52:02 - [MESSAGE][PASSED] - Object 'Object Repository/Page_The Story and Evolution of Doodles - G_6e786d/h2_Weve created more than 5,000 Doodles ove_111429' is visible

07-06-2024T13:52:02 - [TEST_STEP][PASSED] - click(findTestObject("Object Repository/Page_The Story and Evolution of Doodles - G_6e786d/p_The first Doodle was a simple out-of-offi_345e61")): Object: 'Object Repository/Page_The Story and Evolution of Doodles - G_6e786d/p_The first Doodle was a simple out-of-offi_345e61' is clicked on

07-06-2024T13:52:02 - [MESSAGE][PASSED] - Object: 'Object Repository/Page_The Story and Evolution of Doodles - G_6e786d/p_The first Doodle was a simple out-of-offi_345e61' is clicked on

07-06-2024T13:52:02 - [TEST_STEP][PASSED] - verifyElementVisible(findTestObject("Object Repository/Page_The Story and Evolution of Doodles - G_6e786d/h1_The story behind Doodles")): Object 'Object Repository/Page_The Story and Evolution of Doodles - G_6e786d/h1_The story behind Doodles' is visible

07-06-2024T13:52:02 - [MESSAGE][PASSED] - Object 'Object Repository/Page_The Story and Evolution of Doodles - G_6e786d/h1_The story behind Doodles' is visible

07-06-2024T13:52:02 - [TEST_STEP][PASSED] - verifyElementVisible(findTestObject("Object Repository/Page_The Story and Evolution of Doodles - G_6e786d/p_The first Doodle was a simple out-of-offi_345e61")): Object 'Object Repository/Page_The Story and Evolution of Doodles - G_6e786d/p_The first Doodle was a simple out-of-offi_345e61' is visible

07-06-2024T13:52:02 - [MESSAGE][PASSED] - Object 'Object Repository/Page_The Story and Evolution of Doodles - G_6e786d/p_The first Doodle was a simple out-of-offi_345e61' is visible

07-06-2024T13:52:02 - [TEST_STEP][PASSED] - verifyElementVisible(findTestObject("Object Repository/Page_The Story and Evolution of Doodles - G_6e786d/h2_Weve created more than 5,000 Doodles ove_111429")): Object 'Object Repository/Page_The Story and Evolution of Doodles - G_6e786d/h2_Weve created more than 5,000 Doodles ove_111429' is visible

07-06-2024T13:52:02 - [MESSAGE][PASSED] - Object 'Object Repository/Page_The Story and Evolution of Doodles - G_6e786d/h2_Weve created more than 5,000 Doodles ove_111429' is visible

07-06-2024T13:52:02 - [TEST_STEP][PASSED] - click(findTestObject("Object Repository/Page_The Story and Evolution of Doodles - G_6e786d/p_The first Doodle was a simple out-of-offi_345e61")): Object: 'Object Repository/Page_The Story and Evolution of Doodles - G_6e786d/p_The first Doodle was a simple out-of-offi_345e61' is clicked on

07-06-2024T13:52:02 - [MESSAGE][PASSED] - Object: 'Object Repository/Page_The Story and Evolution of Doodles - G_6e786d/p_The first Doodle was a simple out-of-offi_345e61' is clicked on

07-06-2024T13:52:02 - [TEST_STEP][PASSED] - verifyElementVisible(findTestObject("Object Repository/Page_The Story and Evolution of Doodles - G_6e786d/h1_The story behind Doodles")): Object 'Object Repository/Page_The Story and Evolution of Doodles - G_6e786d/h1_The story behind Doodles' is visible

07-06-2024T13:52:03 - [MESSAGE][PASSED] - Object 'Object Repository/Page_The Story and Evolution of Doodles - G_6e786d/h1_The story behind Doodles' is visible

07-06-2024T13:52:03 - [TEST_STEP][PASSED] - verifyElementVisible(findTestObject("Object Repository/Page_The Story and Evolution of Doodles - G_6e786d/p_The first Doodle was a simple out-of-offi_345e61")): Object 'Object Repository/Page_The Story and Evolution of Doodles - G_6e786d/p_The first Doodle was a simple out-of-offi_345e61' is visible

07-06-2024T13:52:03 - [MESSAGE][PASSED] - Object 'Object Repository/Page_The Story and Evolution of Doodles - G_6e786d/p_The first Doodle was a simple out-of-offi_345e61' is visible

07-06-2024T13:52:03 - [TEST_STEP][PASSED] - verifyElementVisible(findTestObject("Object Repository/Page_The Story and Evolution of Doodles - G_6e786d/h2_Weve created more than 5,000 Doodles ove_111429")): Object 'Object Repository/Page_The Story and Evolution of Doodles - G_6e786d/h2_Weve created more than 5,000 Doodles ove_111429' is visible

07-06-2024T13:52:03 - [MESSAGE][PASSED] - Object 'Object Repository/Page_The Story and Evolution of Doodles - G_6e786d/h2_Weve created more than 5,000 Doodles ove_111429' is visible

07-06-2024T13:52:03 - [TEST_STEP][PASSED] - click(findTestObject("Object Repository/Page_The Story and Evolution of Doodles - G_6e786d/p_The first Doodle was a simple out-of-offi_345e61")): Object: 'Object Repository/Page_The Story and Evolution of Doodles - G_6e786d/p_The first Doodle was a simple out-of-offi_345e61' is clicked on

07-06-2024T13:52:03 - [MESSAGE][PASSED] - Object: 'Object Repository/Page_The Story and Evolution of Doodles - G_6e786d/p_The first Doodle was a simple out-of-offi_345e61' is clicked on

07-06-2024T13:52:03 - [TEST_STEP][PASSED] - verifyElementVisible(findTestObject("Object Repository/Page_The Story and Evolution of Doodles - G_6e786d/h1_The story behind Doodles")): Object 'Object Repository/Page_The Story and Evolution of Doodles - G_6e786d/h1_The story behind Doodles' is visible

07-06-2024T13:52:03 - [MESSAGE][PASSED] - Object 'Object Repository/Page_The Story and Evolution of Doodles - G_6e786d/h1_The story behind Doodles' is visible

07-06-2024T13:52:03 - [TEST_STEP][PASSED] - verifyElementVisible(findTestObject("Object Repository/Page_The Story and Evolution of Doodles - G_6e786d/p_The first Doodle was a simple out-of-offi_345e61")): Object 'Object Repository/Page_The Story and Evolution of Doodles - G_6e786d/p_The first Doodle was a simple out-of-offi_345e61' is visible

07-06-2024T13:52:03 - [MESSAGE][PASSED] - Object 'Object Repository/Page_The Story and Evolution of Doodles - G_6e786d/p_The first Doodle was a simple out-of-offi_345e61' is visible

07-06-2024T13:52:03 - [TEST_STEP][PASSED] - verifyElementVisible(findTestObject("Object Repository/Page_The Story and Evolution of Doodles - G_6e786d/h2_Weve created more than 5,000 Doodles ove_111429")): Object 'Object Repository/Page_The Story and Evolution of Doodles - G_6e786d/h2_Weve created more than 5,000 Doodles ove_111429' is visible

07-06-2024T13:52:03 - [MESSAGE][PASSED] - Object 'Object Repository/Page_The Story and Evolution of Doodles - G_6e786d/h2_Weve created more than 5,000 Doodles ove_111429' is visible

07-06-2024T13:52:03 - [TEST_STEP][PASSED] - click(findTestObject("Object Repository/Page_The Story and Evolution of Doodles - G_6e786d/p_The first Doodle was a simple out-of-offi_345e61")): Object: 'Object Repository/Page_The Story and Evolution of Doodles - G_6e786d/p_The first Doodle was a simple out-of-offi_345e61' is clicked on

07-06-2024T13:52:03 - [MESSAGE][PASSED] - Object: 'Object Repository/Page_The Story and Evolution of Doodles - G_6e786d/p_The first Doodle was a simple out-of-offi_345e61' is clicked on

07-06-2024T13:52:03 - [TEST_STEP][PASSED] - verifyElementVisible(findTestObject("Object Repository/Page_The Story and Evolution of Doodles - G_6e786d/h1_The story behind Doodles")): Object 'Object Repository/Page_The Story and Evolution of Doodles - G_6e786d/h1_The story behind Doodles' is visible

07-06-2024T13:52:03 - [MESSAGE][PASSED] - Object 'Object Repository/Page_The Story and Evolution of Doodles - G_6e786d/h1_The story behind Doodles' is visible

07-06-2024T13:52:03 - [TEST_STEP][PASSED] - verifyElementVisible(findTestObject("Object Repository/Page_The Story and Evolution of Doodles - G_6e786d/p_The first Doodle was a simple out-of-offi_345e61")): Object 'Object Repository/Page_The Story and Evolution of Doodles - G_6e786d/p_The first Doodle was a simple out-of-offi_345e61' is visible

07-06-2024T13:52:03 - [MESSAGE][PASSED] - Object 'Object Repository/Page_The Story and Evolution of Doodles - G_6e786d/p_The first Doodle was a simple out-of-offi_345e61' is visible

07-06-2024T13:52:03 - [TEST_STEP][PASSED] - verifyElementVisible(findTestObject("Object Repository/Page_The Story and Evolution of Doodles - G_6e786d/h2_Weve created more than 5,000 Doodles ove_111429")): Object 'Object Repository/Page_The Story and Evolution of Doodles - G_6e786d/h2_Weve created more than 5,000 Doodles ove_111429' is visible

07-06-2024T13:52:04 - [MESSAGE][PASSED] - Object 'Object Repository/Page_The Story and Evolution of Doodles - G_6e786d/h2_Weve created more than 5,000 Doodles ove_111429' is visible

07-06-2024T13:52:04 - [TEST_STEP][PASSED] - click(findTestObject("Object Repository/Page_The Story and Evolution of Doodles - G_6e786d/p_The first Doodle was a simple out-of-offi_345e61")): Object: 'Object Repository/Page_The Story and Evolution of Doodles - G_6e786d/p_The first Doodle was a simple out-of-offi_345e61' is clicked on

07-06-2024T13:52:04 - [MESSAGE][PASSED] - Object: 'Object Repository/Page_The Story and Evolution of Doodles - G_6e786d/p_The first Doodle was a simple out-of-offi_345e61' is clicked on

07-06-2024T13:52:04 - [TEST_STEP][PASSED] - verifyElementVisible(findTestObject("Object Repository/Page_The Story and Evolution of Doodles - G_6e786d/h1_The story behind Doodles")): Object 'Object Repository/Page_The Story and Evolution of Doodles - G_6e786d/h1_The story behind Doodles' is visible

07-06-2024T13:52:04 - [MESSAGE][PASSED] - Object 'Object Repository/Page_The Story and Evolution of Doodles - G_6e786d/h1_The story behind Doodles' is visible

07-06-2024T13:52:04 - [TEST_STEP][PASSED] - verifyElementVisible(findTestObject("Object Repository/Page_The Story and Evolution of Doodles - G_6e786d/p_The first Doodle was a simple out-of-offi_345e61")): Object 'Object Repository/Page_The Story and Evolution of Doodles - G_6e786d/p_The first Doodle was a simple out-of-offi_345e61' is visible

07-06-2024T13:52:04 - [MESSAGE][PASSED] - Object 'Object Repository/Page_The Story and Evolution of Doodles - G_6e786d/p_The first Doodle was a simple out-of-offi_345e61' is visible

07-06-2024T13:52:04 - [TEST_STEP][PASSED] - verifyElementVisible(findTestObject("Object Repository/Page_The Story and Evolution of Doodles - G_6e786d/h2_Weve created more than 5,000 Doodles ove_111429")): Object 'Object Repository/Page_The Story and Evolution of Doodles - G_6e786d/h2_Weve created more than 5,000 Doodles ove_111429' is visible

07-06-2024T13:52:04 - [MESSAGE][PASSED] - Object 'Object Repository/Page_The Story and Evolution of Doodles - G_6e786d/h2_Weve created more than 5,000 Doodles ove_111429' is visible

07-06-2024T13:52:04 - [TEST_STEP][PASSED] - click(findTestObject("Object Repository/Page_The Story and Evolution of Doodles - G_6e786d/p_The first Doodle was a simple out-of-offi_345e61")): Object: 'Object Repository/Page_The Story and Evolution of Doodles - G_6e786d/p_The first Doodle was a simple out-of-offi_345e61' is clicked on

07-06-2024T13:52:04 - [MESSAGE][PASSED] - Object: 'Object Repository/Page_The Story and Evolution of Doodles - G_6e786d/p_The first Doodle was a simple out-of-offi_345e61' is clicked on

07-06-2024T13:52:04 - [TEST_STEP][PASSED] - verifyElementVisible(findTestObject("Object Repository/Page_The Story and Evolution of Doodles - G_6e786d/h1_The story behind Doodles")): Object 'Object Repository/Page_The Story and Evolution of Doodles - G_6e786d/h1_The story behind Doodles' is visible

07-06-2024T13:52:04 - [MESSAGE][PASSED] - Object 'Object Repository/Page_The Story and Evolution of Doodles - G_6e786d/h1_The story behind Doodles' is visible

07-06-2024T13:52:04 - [TEST_STEP][PASSED] - verifyElementVisible(findTestObject("Object Repository/Page_The Story and Evolution of Doodles - G_6e786d/p_The first Doodle was a simple out-of-offi_345e61")): Object 'Object Repository/Page_The Story and Evolution of Doodles - G_6e786d/p_The first Doodle was a simple out-of-offi_345e61' is visible

07-06-2024T13:52:04 - [MESSAGE][PASSED] - Object 'Object Repository/Page_The Story and Evolution of Doodles - G_6e786d/p_The first Doodle was a simple out-of-offi_345e61' is visible

07-06-2024T13:52:04 - [TEST_STEP][PASSED] - verifyElementVisible(findTestObject("Object Repository/Page_The Story and Evolution of Doodles - G_6e786d/h2_Weve created more than 5,000 Doodles ove_111429")): Object 'Object Repository/Page_The Story and Evolution of Doodles - G_6e786d/h2_Weve created more than 5,000 Doodles ove_111429' is visible

07-06-2024T13:52:04 - [MESSAGE][PASSED] - Object 'Object Repository/Page_The Story and Evolution of Doodles - G_6e786d/h2_Weve created more than 5,000 Doodles ove_111429' is visible

07-06-2024T13:52:04 - [TEST_STEP][PASSED] - click(findTestObject("Object Repository/Page_The Story and Evolution of Doodles - G_6e786d/p_The first Doodle was a simple out-of-offi_345e61")): Object: 'Object Repository/Page_The Story and Evolution of Doodles - G_6e786d/p_The first Doodle was a simple out-of-offi_345e61' is clicked on

07-06-2024T13:52:05 - [MESSAGE][PASSED] - Object: 'Object Repository/Page_The Story and Evolution of Doodles - G_6e786d/p_The first Doodle was a simple out-of-offi_345e61' is clicked on

07-06-2024T13:52:05 - [TEST_STEP][PASSED] - verifyElementVisible(findTestObject("Object Repository/Page_The Story and Evolution of Doodles - G_6e786d/h1_The story behind Doodles")): Object 'Object Repository/Page_The Story and Evolution of Doodles - G_6e786d/h1_The story behind Doodles' is visible

07-06-2024T13:52:05 - [MESSAGE][PASSED] - Object 'Object Repository/Page_The Story and Evolution of Doodles - G_6e786d/h1_The story behind Doodles' is visible

07-06-2024T13:52:05 - [TEST_STEP][PASSED] - verifyElementVisible(findTestObject("Object Repository/Page_The Story and Evolution of Doodles - G_6e786d/p_The first Doodle was a simple out-of-offi_345e61")): Object 'Object Repository/Page_The Story and Evolution of Doodles - G_6e786d/p_The first Doodle was a simple out-of-offi_345e61' is visible

07-06-2024T13:52:05 - [MESSAGE][PASSED] - Object 'Object Repository/Page_The Story and Evolution of Doodles - G_6e786d/p_The first Doodle was a simple out-of-offi_345e61' is visible

07-06-2024T13:52:05 - [TEST_STEP][PASSED] - verifyElementVisible(findTestObject("Object Repository/Page_The Story and Evolution of Doodles - G_6e786d/h2_Weve created more than 5,000 Doodles ove_111429")): Object 'Object Repository/Page_The Story and Evolution of Doodles - G_6e786d/h2_Weve created more than 5,000 Doodles ove_111429' is visible

07-06-2024T13:52:05 - [MESSAGE][PASSED] - Object 'Object Repository/Page_The Story and Evolution of Doodles - G_6e786d/h2_Weve created more than 5,000 Doodles ove_111429' is visible

07-06-2024T13:52:05 - [TEST_STEP][PASSED] - click(findTestObject("Object Repository/Page_The Story and Evolution of Doodles - G_6e786d/p_The first Doodle was a simple out-of-offi_345e61")): Object: 'Object Repository/Page_The Story and Evolution of Doodles - G_6e786d/p_The first Doodle was a simple out-of-offi_345e61' is clicked on

07-06-2024T13:52:05 - [MESSAGE][PASSED] - Object: 'Object Repository/Page_The Story and Evolution of Doodles - G_6e786d/p_The first Doodle was a simple out-of-offi_345e61' is clicked on

07-06-2024T13:52:05 - [TEST_STEP][PASSED] - verifyElementVisible(findTestObject("Object Repository/Page_The Story and Evolution of Doodles - G_6e786d/h1_The story behind Doodles")): Object 'Object Repository/Page_The Story and Evolution of Doodles - G_6e786d/h1_The story behind Doodles' is visible

07-06-2024T13:52:05 - [MESSAGE][PASSED] - Object 'Object Repository/Page_The Story and Evolution of Doodles - G_6e786d/h1_The story behind Doodles' is visible

07-06-2024T13:52:05 - [TEST_STEP][PASSED] - verifyElementVisible(findTestObject("Object Repository/Page_The Story and Evolution of Doodles - G_6e786d/p_The first Doodle was a simple out-of-offi_345e61")): Object 'Object Repository/Page_The Story and Evolution of Doodles - G_6e786d/p_The first Doodle was a simple out-of-offi_345e61' is visible

07-06-2024T13:52:05 - [MESSAGE][PASSED] - Object 'Object Repository/Page_The Story and Evolution of Doodles - G_6e786d/p_The first Doodle was a simple out-of-offi_345e61' is visible

07-06-2024T13:52:05 - [TEST_STEP][PASSED] - verifyElementVisible(findTestObject("Object Repository/Page_The Story and Evolution of Doodles - G_6e786d/h2_Weve created more than 5,000 Doodles ove_111429")): Object 'Object Repository/Page_The Story and Evolution of Doodles - G_6e786d/h2_Weve created more than 5,000 Doodles ove_111429' is visible

07-06-2024T13:52:05 - [MESSAGE][PASSED] - Object 'Object Repository/Page_The Story and Evolution of Doodles - G_6e786d/h2_Weve created more than 5,000 Doodles ove_111429' is visible]]></system-out>
         <system-err><![CDATA[]]></system-err>
      </testcase>
      <testcase name="Test Cases/test case folder 1/tc1 - Copy (4) - Copy (6)" time="9.703" classname="Test Cases/test case folder 1/tc1 - Copy (4) - Copy (6)" status="PASSED">
         <system-out><![CDATA[07-06-2024T13:52:05 - [TEST_CASE][PASSED] - Test Cases/test case folder 1/tc1 - Copy (4) - Copy (6): Test Cases/test case folder 1/tc1 - Copy (4) - Copy (6)

07-06-2024T13:52:05 - [TEST_STEP][PASSED] - openBrowser(""): Browser is opened with url: ''

07-06-2024T13:52:05 - [MESSAGE][WARNING] - A browser is already opened. Closing browser and opening a new one

07-06-2024T13:52:06 - [MESSAGE][INFO] - Starting 'Firefox (headless)' driver

07-06-2024T13:52:06 - [MESSAGE][INFO] - Action delay is set to 0 milliseconds

07-06-2024T13:52:09 - [MESSAGE][PASSED] - Browser is opened with url: ''

07-06-2024T13:52:09 - [TEST_STEP][PASSED] - navigateToUrl("https://doodles.google/about/"): Navigate to 'https://doodles.google/about/' successfully

07-06-2024T13:52:10 - [MESSAGE][PASSED] - Navigate to 'https://doodles.google/about/' successfully

07-06-2024T13:52:10 - [TEST_STEP][PASSED] - click(findTestObject("Object Repository/Page_The Story and Evolution of Doodles - G_6e786d/p_The first Doodle was a simple out-of-offi_345e61")): Object: 'Object Repository/Page_The Story and Evolution of Doodles - G_6e786d/p_The first Doodle was a simple out-of-offi_345e61' is clicked on

07-06-2024T13:52:10 - [MESSAGE][PASSED] - Object: 'Object Repository/Page_The Story and Evolution of Doodles - G_6e786d/p_The first Doodle was a simple out-of-offi_345e61' is clicked on

07-06-2024T13:52:10 - [TEST_STEP][PASSED] - click(findTestObject("Object Repository/Page_The Story and Evolution of Doodles - G_6e786d/p_The first Doodle was a simple out-of-offi_345e61")): Object: 'Object Repository/Page_The Story and Evolution of Doodles - G_6e786d/p_The first Doodle was a simple out-of-offi_345e61' is clicked on

07-06-2024T13:52:10 - [MESSAGE][PASSED] - Object: 'Object Repository/Page_The Story and Evolution of Doodles - G_6e786d/p_The first Doodle was a simple out-of-offi_345e61' is clicked on

07-06-2024T13:52:10 - [TEST_STEP][PASSED] - verifyElementVisible(findTestObject("Object Repository/Page_The Story and Evolution of Doodles - G_6e786d/h1_The story behind Doodles")): Object 'Object Repository/Page_The Story and Evolution of Doodles - G_6e786d/h1_The story behind Doodles' is visible

07-06-2024T13:52:10 - [MESSAGE][PASSED] - Object 'Object Repository/Page_The Story and Evolution of Doodles - G_6e786d/h1_The story behind Doodles' is visible

07-06-2024T13:52:10 - [TEST_STEP][PASSED] - verifyElementVisible(findTestObject("Object Repository/Page_The Story and Evolution of Doodles - G_6e786d/p_The first Doodle was a simple out-of-offi_345e61")): Object 'Object Repository/Page_The Story and Evolution of Doodles - G_6e786d/p_The first Doodle was a simple out-of-offi_345e61' is visible

07-06-2024T13:52:11 - [MESSAGE][PASSED] - Object 'Object Repository/Page_The Story and Evolution of Doodles - G_6e786d/p_The first Doodle was a simple out-of-offi_345e61' is visible

07-06-2024T13:52:11 - [TEST_STEP][PASSED] - verifyElementVisible(findTestObject("Object Repository/Page_The Story and Evolution of Doodles - G_6e786d/h2_Weve created more than 5,000 Doodles ove_111429")): Object 'Object Repository/Page_The Story and Evolution of Doodles - G_6e786d/h2_Weve created more than 5,000 Doodles ove_111429' is visible

07-06-2024T13:52:11 - [MESSAGE][PASSED] - Object 'Object Repository/Page_The Story and Evolution of Doodles - G_6e786d/h2_Weve created more than 5,000 Doodles ove_111429' is visible

07-06-2024T13:52:11 - [TEST_STEP][PASSED] - verifyElementVisible(findTestObject("Object Repository/Page_The Story and Evolution of Doodles - G_6e786d/h1_The story behind Doodles")): Object 'Object Repository/Page_The Story and Evolution of Doodles - G_6e786d/h1_The story behind Doodles' is visible

07-06-2024T13:52:11 - [MESSAGE][PASSED] - Object 'Object Repository/Page_The Story and Evolution of Doodles - G_6e786d/h1_The story behind Doodles' is visible

07-06-2024T13:52:11 - [TEST_STEP][PASSED] - verifyElementVisible(findTestObject("Object Repository/Page_The Story and Evolution of Doodles - G_6e786d/p_The first Doodle was a simple out-of-offi_345e61")): Object 'Object Repository/Page_The Story and Evolution of Doodles - G_6e786d/p_The first Doodle was a simple out-of-offi_345e61' is visible

07-06-2024T13:52:11 - [MESSAGE][PASSED] - Object 'Object Repository/Page_The Story and Evolution of Doodles - G_6e786d/p_The first Doodle was a simple out-of-offi_345e61' is visible

07-06-2024T13:52:11 - [TEST_STEP][PASSED] - verifyElementVisible(findTestObject("Object Repository/Page_The Story and Evolution of Doodles - G_6e786d/h2_Weve created more than 5,000 Doodles ove_111429")): Object 'Object Repository/Page_The Story and Evolution of Doodles - G_6e786d/h2_Weve created more than 5,000 Doodles ove_111429' is visible

07-06-2024T13:52:11 - [MESSAGE][PASSED] - Object 'Object Repository/Page_The Story and Evolution of Doodles - G_6e786d/h2_Weve created more than 5,000 Doodles ove_111429' is visible

07-06-2024T13:52:11 - [TEST_STEP][PASSED] - click(findTestObject("Object Repository/Page_The Story and Evolution of Doodles - G_6e786d/p_The first Doodle was a simple out-of-offi_345e61")): Object: 'Object Repository/Page_The Story and Evolution of Doodles - G_6e786d/p_The first Doodle was a simple out-of-offi_345e61' is clicked on

07-06-2024T13:52:11 - [MESSAGE][PASSED] - Object: 'Object Repository/Page_The Story and Evolution of Doodles - G_6e786d/p_The first Doodle was a simple out-of-offi_345e61' is clicked on

07-06-2024T13:52:11 - [TEST_STEP][PASSED] - verifyElementVisible(findTestObject("Object Repository/Page_The Story and Evolution of Doodles - G_6e786d/h1_The story behind Doodles")): Object 'Object Repository/Page_The Story and Evolution of Doodles - G_6e786d/h1_The story behind Doodles' is visible

07-06-2024T13:52:11 - [MESSAGE][PASSED] - Object 'Object Repository/Page_The Story and Evolution of Doodles - G_6e786d/h1_The story behind Doodles' is visible

07-06-2024T13:52:11 - [TEST_STEP][PASSED] - verifyElementVisible(findTestObject("Object Repository/Page_The Story and Evolution of Doodles - G_6e786d/p_The first Doodle was a simple out-of-offi_345e61")): Object 'Object Repository/Page_The Story and Evolution of Doodles - G_6e786d/p_The first Doodle was a simple out-of-offi_345e61' is visible

07-06-2024T13:52:11 - [MESSAGE][PASSED] - Object 'Object Repository/Page_The Story and Evolution of Doodles - G_6e786d/p_The first Doodle was a simple out-of-offi_345e61' is visible

07-06-2024T13:52:11 - [TEST_STEP][PASSED] - verifyElementVisible(findTestObject("Object Repository/Page_The Story and Evolution of Doodles - G_6e786d/h2_Weve created more than 5,000 Doodles ove_111429")): Object 'Object Repository/Page_The Story and Evolution of Doodles - G_6e786d/h2_Weve created more than 5,000 Doodles ove_111429' is visible

07-06-2024T13:52:11 - [MESSAGE][PASSED] - Object 'Object Repository/Page_The Story and Evolution of Doodles - G_6e786d/h2_Weve created more than 5,000 Doodles ove_111429' is visible

07-06-2024T13:52:11 - [TEST_STEP][PASSED] - click(findTestObject("Object Repository/Page_The Story and Evolution of Doodles - G_6e786d/p_The first Doodle was a simple out-of-offi_345e61")): Object: 'Object Repository/Page_The Story and Evolution of Doodles - G_6e786d/p_The first Doodle was a simple out-of-offi_345e61' is clicked on

07-06-2024T13:52:11 - [MESSAGE][PASSED] - Object: 'Object Repository/Page_The Story and Evolution of Doodles - G_6e786d/p_The first Doodle was a simple out-of-offi_345e61' is clicked on

07-06-2024T13:52:11 - [TEST_STEP][PASSED] - verifyElementVisible(findTestObject("Object Repository/Page_The Story and Evolution of Doodles - G_6e786d/h1_The story behind Doodles")): Object 'Object Repository/Page_The Story and Evolution of Doodles - G_6e786d/h1_The story behind Doodles' is visible

07-06-2024T13:52:11 - [MESSAGE][PASSED] - Object 'Object Repository/Page_The Story and Evolution of Doodles - G_6e786d/h1_The story behind Doodles' is visible

07-06-2024T13:52:11 - [TEST_STEP][PASSED] - verifyElementVisible(findTestObject("Object Repository/Page_The Story and Evolution of Doodles - G_6e786d/p_The first Doodle was a simple out-of-offi_345e61")): Object 'Object Repository/Page_The Story and Evolution of Doodles - G_6e786d/p_The first Doodle was a simple out-of-offi_345e61' is visible

07-06-2024T13:52:12 - [MESSAGE][PASSED] - Object 'Object Repository/Page_The Story and Evolution of Doodles - G_6e786d/p_The first Doodle was a simple out-of-offi_345e61' is visible

07-06-2024T13:52:12 - [TEST_STEP][PASSED] - verifyElementVisible(findTestObject("Object Repository/Page_The Story and Evolution of Doodles - G_6e786d/h2_Weve created more than 5,000 Doodles ove_111429")): Object 'Object Repository/Page_The Story and Evolution of Doodles - G_6e786d/h2_Weve created more than 5,000 Doodles ove_111429' is visible

07-06-2024T13:52:12 - [MESSAGE][PASSED] - Object 'Object Repository/Page_The Story and Evolution of Doodles - G_6e786d/h2_Weve created more than 5,000 Doodles ove_111429' is visible

07-06-2024T13:52:12 - [TEST_STEP][PASSED] - click(findTestObject("Object Repository/Page_The Story and Evolution of Doodles - G_6e786d/p_The first Doodle was a simple out-of-offi_345e61")): Object: 'Object Repository/Page_The Story and Evolution of Doodles - G_6e786d/p_The first Doodle was a simple out-of-offi_345e61' is clicked on

07-06-2024T13:52:12 - [MESSAGE][PASSED] - Object: 'Object Repository/Page_The Story and Evolution of Doodles - G_6e786d/p_The first Doodle was a simple out-of-offi_345e61' is clicked on

07-06-2024T13:52:12 - [TEST_STEP][PASSED] - verifyElementVisible(findTestObject("Object Repository/Page_The Story and Evolution of Doodles - G_6e786d/h1_The story behind Doodles")): Object 'Object Repository/Page_The Story and Evolution of Doodles - G_6e786d/h1_The story behind Doodles' is visible

07-06-2024T13:52:12 - [MESSAGE][PASSED] - Object 'Object Repository/Page_The Story and Evolution of Doodles - G_6e786d/h1_The story behind Doodles' is visible

07-06-2024T13:52:12 - [TEST_STEP][PASSED] - verifyElementVisible(findTestObject("Object Repository/Page_The Story and Evolution of Doodles - G_6e786d/p_The first Doodle was a simple out-of-offi_345e61")): Object 'Object Repository/Page_The Story and Evolution of Doodles - G_6e786d/p_The first Doodle was a simple out-of-offi_345e61' is visible

07-06-2024T13:52:12 - [MESSAGE][PASSED] - Object 'Object Repository/Page_The Story and Evolution of Doodles - G_6e786d/p_The first Doodle was a simple out-of-offi_345e61' is visible

07-06-2024T13:52:12 - [TEST_STEP][PASSED] - verifyElementVisible(findTestObject("Object Repository/Page_The Story and Evolution of Doodles - G_6e786d/h2_Weve created more than 5,000 Doodles ove_111429")): Object 'Object Repository/Page_The Story and Evolution of Doodles - G_6e786d/h2_Weve created more than 5,000 Doodles ove_111429' is visible

07-06-2024T13:52:12 - [MESSAGE][PASSED] - Object 'Object Repository/Page_The Story and Evolution of Doodles - G_6e786d/h2_Weve created more than 5,000 Doodles ove_111429' is visible

07-06-2024T13:52:12 - [TEST_STEP][PASSED] - click(findTestObject("Object Repository/Page_The Story and Evolution of Doodles - G_6e786d/p_The first Doodle was a simple out-of-offi_345e61")): Object: 'Object Repository/Page_The Story and Evolution of Doodles - G_6e786d/p_The first Doodle was a simple out-of-offi_345e61' is clicked on

07-06-2024T13:52:12 - [MESSAGE][PASSED] - Object: 'Object Repository/Page_The Story and Evolution of Doodles - G_6e786d/p_The first Doodle was a simple out-of-offi_345e61' is clicked on

07-06-2024T13:52:12 - [TEST_STEP][PASSED] - verifyElementVisible(findTestObject("Object Repository/Page_The Story and Evolution of Doodles - G_6e786d/h1_The story behind Doodles")): Object 'Object Repository/Page_The Story and Evolution of Doodles - G_6e786d/h1_The story behind Doodles' is visible

07-06-2024T13:52:12 - [MESSAGE][PASSED] - Object 'Object Repository/Page_The Story and Evolution of Doodles - G_6e786d/h1_The story behind Doodles' is visible

07-06-2024T13:52:12 - [TEST_STEP][PASSED] - verifyElementVisible(findTestObject("Object Repository/Page_The Story and Evolution of Doodles - G_6e786d/p_The first Doodle was a simple out-of-offi_345e61")): Object 'Object Repository/Page_The Story and Evolution of Doodles - G_6e786d/p_The first Doodle was a simple out-of-offi_345e61' is visible

07-06-2024T13:52:12 - [MESSAGE][PASSED] - Object 'Object Repository/Page_The Story and Evolution of Doodles - G_6e786d/p_The first Doodle was a simple out-of-offi_345e61' is visible

07-06-2024T13:52:12 - [TEST_STEP][PASSED] - verifyElementVisible(findTestObject("Object Repository/Page_The Story and Evolution of Doodles - G_6e786d/h2_Weve created more than 5,000 Doodles ove_111429")): Object 'Object Repository/Page_The Story and Evolution of Doodles - G_6e786d/h2_Weve created more than 5,000 Doodles ove_111429' is visible

07-06-2024T13:52:13 - [MESSAGE][PASSED] - Object 'Object Repository/Page_The Story and Evolution of Doodles - G_6e786d/h2_Weve created more than 5,000 Doodles ove_111429' is visible

07-06-2024T13:52:13 - [TEST_STEP][PASSED] - click(findTestObject("Object Repository/Page_The Story and Evolution of Doodles - G_6e786d/p_The first Doodle was a simple out-of-offi_345e61")): Object: 'Object Repository/Page_The Story and Evolution of Doodles - G_6e786d/p_The first Doodle was a simple out-of-offi_345e61' is clicked on

07-06-2024T13:52:13 - [MESSAGE][PASSED] - Object: 'Object Repository/Page_The Story and Evolution of Doodles - G_6e786d/p_The first Doodle was a simple out-of-offi_345e61' is clicked on

07-06-2024T13:52:13 - [TEST_STEP][PASSED] - verifyElementVisible(findTestObject("Object Repository/Page_The Story and Evolution of Doodles - G_6e786d/h1_The story behind Doodles")): Object 'Object Repository/Page_The Story and Evolution of Doodles - G_6e786d/h1_The story behind Doodles' is visible

07-06-2024T13:52:13 - [MESSAGE][PASSED] - Object 'Object Repository/Page_The Story and Evolution of Doodles - G_6e786d/h1_The story behind Doodles' is visible

07-06-2024T13:52:13 - [TEST_STEP][PASSED] - verifyElementVisible(findTestObject("Object Repository/Page_The Story and Evolution of Doodles - G_6e786d/p_The first Doodle was a simple out-of-offi_345e61")): Object 'Object Repository/Page_The Story and Evolution of Doodles - G_6e786d/p_The first Doodle was a simple out-of-offi_345e61' is visible

07-06-2024T13:52:13 - [MESSAGE][PASSED] - Object 'Object Repository/Page_The Story and Evolution of Doodles - G_6e786d/p_The first Doodle was a simple out-of-offi_345e61' is visible

07-06-2024T13:52:13 - [TEST_STEP][PASSED] - verifyElementVisible(findTestObject("Object Repository/Page_The Story and Evolution of Doodles - G_6e786d/h2_Weve created more than 5,000 Doodles ove_111429")): Object 'Object Repository/Page_The Story and Evolution of Doodles - G_6e786d/h2_Weve created more than 5,000 Doodles ove_111429' is visible

07-06-2024T13:52:13 - [MESSAGE][PASSED] - Object 'Object Repository/Page_The Story and Evolution of Doodles - G_6e786d/h2_Weve created more than 5,000 Doodles ove_111429' is visible

07-06-2024T13:52:13 - [TEST_STEP][PASSED] - click(findTestObject("Object Repository/Page_The Story and Evolution of Doodles - G_6e786d/p_The first Doodle was a simple out-of-offi_345e61")): Object: 'Object Repository/Page_The Story and Evolution of Doodles - G_6e786d/p_The first Doodle was a simple out-of-offi_345e61' is clicked on

07-06-2024T13:52:13 - [MESSAGE][PASSED] - Object: 'Object Repository/Page_The Story and Evolution of Doodles - G_6e786d/p_The first Doodle was a simple out-of-offi_345e61' is clicked on

07-06-2024T13:52:13 - [TEST_STEP][PASSED] - verifyElementVisible(findTestObject("Object Repository/Page_The Story and Evolution of Doodles - G_6e786d/h1_The story behind Doodles")): Object 'Object Repository/Page_The Story and Evolution of Doodles - G_6e786d/h1_The story behind Doodles' is visible

07-06-2024T13:52:13 - [MESSAGE][PASSED] - Object 'Object Repository/Page_The Story and Evolution of Doodles - G_6e786d/h1_The story behind Doodles' is visible

07-06-2024T13:52:13 - [TEST_STEP][PASSED] - verifyElementVisible(findTestObject("Object Repository/Page_The Story and Evolution of Doodles - G_6e786d/p_The first Doodle was a simple out-of-offi_345e61")): Object 'Object Repository/Page_The Story and Evolution of Doodles - G_6e786d/p_The first Doodle was a simple out-of-offi_345e61' is visible

07-06-2024T13:52:13 - [MESSAGE][PASSED] - Object 'Object Repository/Page_The Story and Evolution of Doodles - G_6e786d/p_The first Doodle was a simple out-of-offi_345e61' is visible

07-06-2024T13:52:13 - [TEST_STEP][PASSED] - verifyElementVisible(findTestObject("Object Repository/Page_The Story and Evolution of Doodles - G_6e786d/h2_Weve created more than 5,000 Doodles ove_111429")): Object 'Object Repository/Page_The Story and Evolution of Doodles - G_6e786d/h2_Weve created more than 5,000 Doodles ove_111429' is visible

07-06-2024T13:52:13 - [MESSAGE][PASSED] - Object 'Object Repository/Page_The Story and Evolution of Doodles - G_6e786d/h2_Weve created more than 5,000 Doodles ove_111429' is visible

07-06-2024T13:52:13 - [TEST_STEP][PASSED] - click(findTestObject("Object Repository/Page_The Story and Evolution of Doodles - G_6e786d/p_The first Doodle was a simple out-of-offi_345e61")): Object: 'Object Repository/Page_The Story and Evolution of Doodles - G_6e786d/p_The first Doodle was a simple out-of-offi_345e61' is clicked on

07-06-2024T13:52:14 - [MESSAGE][PASSED] - Object: 'Object Repository/Page_The Story and Evolution of Doodles - G_6e786d/p_The first Doodle was a simple out-of-offi_345e61' is clicked on

07-06-2024T13:52:14 - [TEST_STEP][PASSED] - verifyElementVisible(findTestObject("Object Repository/Page_The Story and Evolution of Doodles - G_6e786d/h1_The story behind Doodles")): Object 'Object Repository/Page_The Story and Evolution of Doodles - G_6e786d/h1_The story behind Doodles' is visible

07-06-2024T13:52:14 - [MESSAGE][PASSED] - Object 'Object Repository/Page_The Story and Evolution of Doodles - G_6e786d/h1_The story behind Doodles' is visible

07-06-2024T13:52:14 - [TEST_STEP][PASSED] - verifyElementVisible(findTestObject("Object Repository/Page_The Story and Evolution of Doodles - G_6e786d/p_The first Doodle was a simple out-of-offi_345e61")): Object 'Object Repository/Page_The Story and Evolution of Doodles - G_6e786d/p_The first Doodle was a simple out-of-offi_345e61' is visible

07-06-2024T13:52:14 - [MESSAGE][PASSED] - Object 'Object Repository/Page_The Story and Evolution of Doodles - G_6e786d/p_The first Doodle was a simple out-of-offi_345e61' is visible

07-06-2024T13:52:14 - [TEST_STEP][PASSED] - verifyElementVisible(findTestObject("Object Repository/Page_The Story and Evolution of Doodles - G_6e786d/h2_Weve created more than 5,000 Doodles ove_111429")): Object 'Object Repository/Page_The Story and Evolution of Doodles - G_6e786d/h2_Weve created more than 5,000 Doodles ove_111429' is visible

07-06-2024T13:52:14 - [MESSAGE][PASSED] - Object 'Object Repository/Page_The Story and Evolution of Doodles - G_6e786d/h2_Weve created more than 5,000 Doodles ove_111429' is visible

07-06-2024T13:52:14 - [TEST_STEP][PASSED] - click(findTestObject("Object Repository/Page_The Story and Evolution of Doodles - G_6e786d/p_The first Doodle was a simple out-of-offi_345e61")): Object: 'Object Repository/Page_The Story and Evolution of Doodles - G_6e786d/p_The first Doodle was a simple out-of-offi_345e61' is clicked on

07-06-2024T13:52:14 - [MESSAGE][PASSED] - Object: 'Object Repository/Page_The Story and Evolution of Doodles - G_6e786d/p_The first Doodle was a simple out-of-offi_345e61' is clicked on

07-06-2024T13:52:14 - [TEST_STEP][PASSED] - verifyElementVisible(findTestObject("Object Repository/Page_The Story and Evolution of Doodles - G_6e786d/h1_The story behind Doodles")): Object 'Object Repository/Page_The Story and Evolution of Doodles - G_6e786d/h1_The story behind Doodles' is visible

07-06-2024T13:52:14 - [MESSAGE][PASSED] - Object 'Object Repository/Page_The Story and Evolution of Doodles - G_6e786d/h1_The story behind Doodles' is visible

07-06-2024T13:52:14 - [TEST_STEP][PASSED] - verifyElementVisible(findTestObject("Object Repository/Page_The Story and Evolution of Doodles - G_6e786d/p_The first Doodle was a simple out-of-offi_345e61")): Object 'Object Repository/Page_The Story and Evolution of Doodles - G_6e786d/p_The first Doodle was a simple out-of-offi_345e61' is visible

07-06-2024T13:52:14 - [MESSAGE][PASSED] - Object 'Object Repository/Page_The Story and Evolution of Doodles - G_6e786d/p_The first Doodle was a simple out-of-offi_345e61' is visible

07-06-2024T13:52:14 - [TEST_STEP][PASSED] - verifyElementVisible(findTestObject("Object Repository/Page_The Story and Evolution of Doodles - G_6e786d/h2_Weve created more than 5,000 Doodles ove_111429")): Object 'Object Repository/Page_The Story and Evolution of Doodles - G_6e786d/h2_Weve created more than 5,000 Doodles ove_111429' is visible

07-06-2024T13:52:14 - [MESSAGE][PASSED] - Object 'Object Repository/Page_The Story and Evolution of Doodles - G_6e786d/h2_Weve created more than 5,000 Doodles ove_111429' is visible

07-06-2024T13:52:14 - [TEST_STEP][PASSED] - click(findTestObject("Object Repository/Page_The Story and Evolution of Doodles - G_6e786d/p_The first Doodle was a simple out-of-offi_345e61")): Object: 'Object Repository/Page_The Story and Evolution of Doodles - G_6e786d/p_The first Doodle was a simple out-of-offi_345e61' is clicked on

07-06-2024T13:52:15 - [MESSAGE][PASSED] - Object: 'Object Repository/Page_The Story and Evolution of Doodles - G_6e786d/p_The first Doodle was a simple out-of-offi_345e61' is clicked on

07-06-2024T13:52:15 - [TEST_STEP][PASSED] - verifyElementVisible(findTestObject("Object Repository/Page_The Story and Evolution of Doodles - G_6e786d/h1_The story behind Doodles")): Object 'Object Repository/Page_The Story and Evolution of Doodles - G_6e786d/h1_The story behind Doodles' is visible

07-06-2024T13:52:15 - [MESSAGE][PASSED] - Object 'Object Repository/Page_The Story and Evolution of Doodles - G_6e786d/h1_The story behind Doodles' is visible

07-06-2024T13:52:15 - [TEST_STEP][PASSED] - verifyElementVisible(findTestObject("Object Repository/Page_The Story and Evolution of Doodles - G_6e786d/p_The first Doodle was a simple out-of-offi_345e61")): Object 'Object Repository/Page_The Story and Evolution of Doodles - G_6e786d/p_The first Doodle was a simple out-of-offi_345e61' is visible

07-06-2024T13:52:15 - [MESSAGE][PASSED] - Object 'Object Repository/Page_The Story and Evolution of Doodles - G_6e786d/p_The first Doodle was a simple out-of-offi_345e61' is visible

07-06-2024T13:52:15 - [TEST_STEP][PASSED] - verifyElementVisible(findTestObject("Object Repository/Page_The Story and Evolution of Doodles - G_6e786d/h2_Weve created more than 5,000 Doodles ove_111429")): Object 'Object Repository/Page_The Story and Evolution of Doodles - G_6e786d/h2_Weve created more than 5,000 Doodles ove_111429' is visible

07-06-2024T13:52:15 - [MESSAGE][PASSED] - Object 'Object Repository/Page_The Story and Evolution of Doodles - G_6e786d/h2_Weve created more than 5,000 Doodles ove_111429' is visible]]></system-out>
         <system-err><![CDATA[]]></system-err>
      </testcase>
      <testcase name="Test Cases/test case folder 1/tc1 - Copy (4) - Copy" time="24.697" classname="Test Cases/test case folder 1/tc1 - Copy (4) - Copy" status="PASSED">
         <system-out><![CDATA[07-06-2024T13:52:15 - [TEST_CASE][PASSED] - Test Cases/test case folder 1/tc1 - Copy (4) - Copy: Test Cases/test case folder 1/tc1 - Copy (4) - Copy

07-06-2024T13:52:15 - [TEST_STEP][PASSED] - openBrowser(""): Browser is opened with url: ''

07-06-2024T13:52:15 - [MESSAGE][WARNING] - A browser is already opened. Closing browser and opening a new one

07-06-2024T13:52:16 - [MESSAGE][INFO] - Starting 'Firefox (headless)' driver

07-06-2024T13:52:16 - [MESSAGE][INFO] - Action delay is set to 0 milliseconds

07-06-2024T13:52:18 - [MESSAGE][PASSED] - Browser is opened with url: ''

07-06-2024T13:52:18 - [TEST_STEP][PASSED] - navigateToUrl("https://doodles.google/about/"): Navigate to 'https://doodles.google/about/' successfully

07-06-2024T13:52:35 - [MESSAGE][PASSED] - Navigate to 'https://doodles.google/about/' successfully

07-06-2024T13:52:35 - [TEST_STEP][PASSED] - click(findTestObject("Object Repository/Page_The Story and Evolution of Doodles - G_6e786d/p_The first Doodle was a simple out-of-offi_345e61")): Object: 'Object Repository/Page_The Story and Evolution of Doodles - G_6e786d/p_The first Doodle was a simple out-of-offi_345e61' is clicked on

07-06-2024T13:52:35 - [MESSAGE][PASSED] - Object: 'Object Repository/Page_The Story and Evolution of Doodles - G_6e786d/p_The first Doodle was a simple out-of-offi_345e61' is clicked on

07-06-2024T13:52:35 - [TEST_STEP][PASSED] - click(findTestObject("Object Repository/Page_The Story and Evolution of Doodles - G_6e786d/p_The first Doodle was a simple out-of-offi_345e61")): Object: 'Object Repository/Page_The Story and Evolution of Doodles - G_6e786d/p_The first Doodle was a simple out-of-offi_345e61' is clicked on

07-06-2024T13:52:35 - [MESSAGE][PASSED] - Object: 'Object Repository/Page_The Story and Evolution of Doodles - G_6e786d/p_The first Doodle was a simple out-of-offi_345e61' is clicked on

07-06-2024T13:52:35 - [TEST_STEP][PASSED] - verifyElementVisible(findTestObject("Object Repository/Page_The Story and Evolution of Doodles - G_6e786d/h1_The story behind Doodles")): Object 'Object Repository/Page_The Story and Evolution of Doodles - G_6e786d/h1_The story behind Doodles' is visible

07-06-2024T13:52:35 - [MESSAGE][PASSED] - Object 'Object Repository/Page_The Story and Evolution of Doodles - G_6e786d/h1_The story behind Doodles' is visible

07-06-2024T13:52:35 - [TEST_STEP][PASSED] - verifyElementVisible(findTestObject("Object Repository/Page_The Story and Evolution of Doodles - G_6e786d/p_The first Doodle was a simple out-of-offi_345e61")): Object 'Object Repository/Page_The Story and Evolution of Doodles - G_6e786d/p_The first Doodle was a simple out-of-offi_345e61' is visible

07-06-2024T13:52:35 - [MESSAGE][PASSED] - Object 'Object Repository/Page_The Story and Evolution of Doodles - G_6e786d/p_The first Doodle was a simple out-of-offi_345e61' is visible

07-06-2024T13:52:35 - [TEST_STEP][PASSED] - verifyElementVisible(findTestObject("Object Repository/Page_The Story and Evolution of Doodles - G_6e786d/h2_Weve created more than 5,000 Doodles ove_111429")): Object 'Object Repository/Page_The Story and Evolution of Doodles - G_6e786d/h2_Weve created more than 5,000 Doodles ove_111429' is visible

07-06-2024T13:52:36 - [MESSAGE][PASSED] - Object 'Object Repository/Page_The Story and Evolution of Doodles - G_6e786d/h2_Weve created more than 5,000 Doodles ove_111429' is visible

07-06-2024T13:52:36 - [TEST_STEP][PASSED] - verifyElementVisible(findTestObject("Object Repository/Page_The Story and Evolution of Doodles - G_6e786d/h1_The story behind Doodles")): Object 'Object Repository/Page_The Story and Evolution of Doodles - G_6e786d/h1_The story behind Doodles' is visible

07-06-2024T13:52:36 - [MESSAGE][PASSED] - Object 'Object Repository/Page_The Story and Evolution of Doodles - G_6e786d/h1_The story behind Doodles' is visible

07-06-2024T13:52:36 - [TEST_STEP][PASSED] - verifyElementVisible(findTestObject("Object Repository/Page_The Story and Evolution of Doodles - G_6e786d/p_The first Doodle was a simple out-of-offi_345e61")): Object 'Object Repository/Page_The Story and Evolution of Doodles - G_6e786d/p_The first Doodle was a simple out-of-offi_345e61' is visible

07-06-2024T13:52:36 - [MESSAGE][PASSED] - Object 'Object Repository/Page_The Story and Evolution of Doodles - G_6e786d/p_The first Doodle was a simple out-of-offi_345e61' is visible

07-06-2024T13:52:36 - [TEST_STEP][PASSED] - verifyElementVisible(findTestObject("Object Repository/Page_The Story and Evolution of Doodles - G_6e786d/h2_Weve created more than 5,000 Doodles ove_111429")): Object 'Object Repository/Page_The Story and Evolution of Doodles - G_6e786d/h2_Weve created more than 5,000 Doodles ove_111429' is visible

07-06-2024T13:52:36 - [MESSAGE][PASSED] - Object 'Object Repository/Page_The Story and Evolution of Doodles - G_6e786d/h2_Weve created more than 5,000 Doodles ove_111429' is visible

07-06-2024T13:52:36 - [TEST_STEP][PASSED] - click(findTestObject("Object Repository/Page_The Story and Evolution of Doodles - G_6e786d/p_The first Doodle was a simple out-of-offi_345e61")): Object: 'Object Repository/Page_The Story and Evolution of Doodles - G_6e786d/p_The first Doodle was a simple out-of-offi_345e61' is clicked on

07-06-2024T13:52:36 - [MESSAGE][PASSED] - Object: 'Object Repository/Page_The Story and Evolution of Doodles - G_6e786d/p_The first Doodle was a simple out-of-offi_345e61' is clicked on

07-06-2024T13:52:36 - [TEST_STEP][PASSED] - verifyElementVisible(findTestObject("Object Repository/Page_The Story and Evolution of Doodles - G_6e786d/h1_The story behind Doodles")): Object 'Object Repository/Page_The Story and Evolution of Doodles - G_6e786d/h1_The story behind Doodles' is visible

07-06-2024T13:52:36 - [MESSAGE][PASSED] - Object 'Object Repository/Page_The Story and Evolution of Doodles - G_6e786d/h1_The story behind Doodles' is visible

07-06-2024T13:52:36 - [TEST_STEP][PASSED] - verifyElementVisible(findTestObject("Object Repository/Page_The Story and Evolution of Doodles - G_6e786d/p_The first Doodle was a simple out-of-offi_345e61")): Object 'Object Repository/Page_The Story and Evolution of Doodles - G_6e786d/p_The first Doodle was a simple out-of-offi_345e61' is visible

07-06-2024T13:52:36 - [MESSAGE][PASSED] - Object 'Object Repository/Page_The Story and Evolution of Doodles - G_6e786d/p_The first Doodle was a simple out-of-offi_345e61' is visible

07-06-2024T13:52:36 - [TEST_STEP][PASSED] - verifyElementVisible(findTestObject("Object Repository/Page_The Story and Evolution of Doodles - G_6e786d/h2_Weve created more than 5,000 Doodles ove_111429")): Object 'Object Repository/Page_The Story and Evolution of Doodles - G_6e786d/h2_Weve created more than 5,000 Doodles ove_111429' is visible

07-06-2024T13:52:36 - [MESSAGE][PASSED] - Object 'Object Repository/Page_The Story and Evolution of Doodles - G_6e786d/h2_Weve created more than 5,000 Doodles ove_111429' is visible

07-06-2024T13:52:36 - [TEST_STEP][PASSED] - click(findTestObject("Object Repository/Page_The Story and Evolution of Doodles - G_6e786d/p_The first Doodle was a simple out-of-offi_345e61")): Object: 'Object Repository/Page_The Story and Evolution of Doodles - G_6e786d/p_The first Doodle was a simple out-of-offi_345e61' is clicked on

07-06-2024T13:52:36 - [MESSAGE][PASSED] - Object: 'Object Repository/Page_The Story and Evolution of Doodles - G_6e786d/p_The first Doodle was a simple out-of-offi_345e61' is clicked on

07-06-2024T13:52:36 - [TEST_STEP][PASSED] - verifyElementVisible(findTestObject("Object Repository/Page_The Story and Evolution of Doodles - G_6e786d/h1_The story behind Doodles")): Object 'Object Repository/Page_The Story and Evolution of Doodles - G_6e786d/h1_The story behind Doodles' is visible

07-06-2024T13:52:36 - [MESSAGE][PASSED] - Object 'Object Repository/Page_The Story and Evolution of Doodles - G_6e786d/h1_The story behind Doodles' is visible

07-06-2024T13:52:36 - [TEST_STEP][PASSED] - verifyElementVisible(findTestObject("Object Repository/Page_The Story and Evolution of Doodles - G_6e786d/p_The first Doodle was a simple out-of-offi_345e61")): Object 'Object Repository/Page_The Story and Evolution of Doodles - G_6e786d/p_The first Doodle was a simple out-of-offi_345e61' is visible

07-06-2024T13:52:36 - [MESSAGE][PASSED] - Object 'Object Repository/Page_The Story and Evolution of Doodles - G_6e786d/p_The first Doodle was a simple out-of-offi_345e61' is visible

07-06-2024T13:52:36 - [TEST_STEP][PASSED] - verifyElementVisible(findTestObject("Object Repository/Page_The Story and Evolution of Doodles - G_6e786d/h2_Weve created more than 5,000 Doodles ove_111429")): Object 'Object Repository/Page_The Story and Evolution of Doodles - G_6e786d/h2_Weve created more than 5,000 Doodles ove_111429' is visible

07-06-2024T13:52:37 - [MESSAGE][PASSED] - Object 'Object Repository/Page_The Story and Evolution of Doodles - G_6e786d/h2_Weve created more than 5,000 Doodles ove_111429' is visible

07-06-2024T13:52:37 - [TEST_STEP][PASSED] - click(findTestObject("Object Repository/Page_The Story and Evolution of Doodles - G_6e786d/p_The first Doodle was a simple out-of-offi_345e61")): Object: 'Object Repository/Page_The Story and Evolution of Doodles - G_6e786d/p_The first Doodle was a simple out-of-offi_345e61' is clicked on

07-06-2024T13:52:37 - [MESSAGE][PASSED] - Object: 'Object Repository/Page_The Story and Evolution of Doodles - G_6e786d/p_The first Doodle was a simple out-of-offi_345e61' is clicked on

07-06-2024T13:52:37 - [TEST_STEP][PASSED] - verifyElementVisible(findTestObject("Object Repository/Page_The Story and Evolution of Doodles - G_6e786d/h1_The story behind Doodles")): Object 'Object Repository/Page_The Story and Evolution of Doodles - G_6e786d/h1_The story behind Doodles' is visible

07-06-2024T13:52:37 - [MESSAGE][PASSED] - Object 'Object Repository/Page_The Story and Evolution of Doodles - G_6e786d/h1_The story behind Doodles' is visible

07-06-2024T13:52:37 - [TEST_STEP][PASSED] - verifyElementVisible(findTestObject("Object Repository/Page_The Story and Evolution of Doodles - G_6e786d/p_The first Doodle was a simple out-of-offi_345e61")): Object 'Object Repository/Page_The Story and Evolution of Doodles - G_6e786d/p_The first Doodle was a simple out-of-offi_345e61' is visible

07-06-2024T13:52:37 - [MESSAGE][PASSED] - Object 'Object Repository/Page_The Story and Evolution of Doodles - G_6e786d/p_The first Doodle was a simple out-of-offi_345e61' is visible

07-06-2024T13:52:37 - [TEST_STEP][PASSED] - verifyElementVisible(findTestObject("Object Repository/Page_The Story and Evolution of Doodles - G_6e786d/h2_Weve created more than 5,000 Doodles ove_111429")): Object 'Object Repository/Page_The Story and Evolution of Doodles - G_6e786d/h2_Weve created more than 5,000 Doodles ove_111429' is visible

07-06-2024T13:52:37 - [MESSAGE][PASSED] - Object 'Object Repository/Page_The Story and Evolution of Doodles - G_6e786d/h2_Weve created more than 5,000 Doodles ove_111429' is visible

07-06-2024T13:52:37 - [TEST_STEP][PASSED] - click(findTestObject("Object Repository/Page_The Story and Evolution of Doodles - G_6e786d/p_The first Doodle was a simple out-of-offi_345e61")): Object: 'Object Repository/Page_The Story and Evolution of Doodles - G_6e786d/p_The first Doodle was a simple out-of-offi_345e61' is clicked on

07-06-2024T13:52:37 - [MESSAGE][PASSED] - Object: 'Object Repository/Page_The Story and Evolution of Doodles - G_6e786d/p_The first Doodle was a simple out-of-offi_345e61' is clicked on

07-06-2024T13:52:37 - [TEST_STEP][PASSED] - verifyElementVisible(findTestObject("Object Repository/Page_The Story and Evolution of Doodles - G_6e786d/h1_The story behind Doodles")): Object 'Object Repository/Page_The Story and Evolution of Doodles - G_6e786d/h1_The story behind Doodles' is visible

07-06-2024T13:52:37 - [MESSAGE][PASSED] - Object 'Object Repository/Page_The Story and Evolution of Doodles - G_6e786d/h1_The story behind Doodles' is visible

07-06-2024T13:52:37 - [TEST_STEP][PASSED] - verifyElementVisible(findTestObject("Object Repository/Page_The Story and Evolution of Doodles - G_6e786d/p_The first Doodle was a simple out-of-offi_345e61")): Object 'Object Repository/Page_The Story and Evolution of Doodles - G_6e786d/p_The first Doodle was a simple out-of-offi_345e61' is visible

07-06-2024T13:52:37 - [MESSAGE][PASSED] - Object 'Object Repository/Page_The Story and Evolution of Doodles - G_6e786d/p_The first Doodle was a simple out-of-offi_345e61' is visible

07-06-2024T13:52:37 - [TEST_STEP][PASSED] - verifyElementVisible(findTestObject("Object Repository/Page_The Story and Evolution of Doodles - G_6e786d/h2_Weve created more than 5,000 Doodles ove_111429")): Object 'Object Repository/Page_The Story and Evolution of Doodles - G_6e786d/h2_Weve created more than 5,000 Doodles ove_111429' is visible

07-06-2024T13:52:37 - [MESSAGE][PASSED] - Object 'Object Repository/Page_The Story and Evolution of Doodles - G_6e786d/h2_Weve created more than 5,000 Doodles ove_111429' is visible

07-06-2024T13:52:37 - [TEST_STEP][PASSED] - click(findTestObject("Object Repository/Page_The Story and Evolution of Doodles - G_6e786d/p_The first Doodle was a simple out-of-offi_345e61")): Object: 'Object Repository/Page_The Story and Evolution of Doodles - G_6e786d/p_The first Doodle was a simple out-of-offi_345e61' is clicked on

07-06-2024T13:52:38 - [MESSAGE][PASSED] - Object: 'Object Repository/Page_The Story and Evolution of Doodles - G_6e786d/p_The first Doodle was a simple out-of-offi_345e61' is clicked on

07-06-2024T13:52:38 - [TEST_STEP][PASSED] - verifyElementVisible(findTestObject("Object Repository/Page_The Story and Evolution of Doodles - G_6e786d/h1_The story behind Doodles")): Object 'Object Repository/Page_The Story and Evolution of Doodles - G_6e786d/h1_The story behind Doodles' is visible

07-06-2024T13:52:38 - [MESSAGE][PASSED] - Object 'Object Repository/Page_The Story and Evolution of Doodles - G_6e786d/h1_The story behind Doodles' is visible

07-06-2024T13:52:38 - [TEST_STEP][PASSED] - verifyElementVisible(findTestObject("Object Repository/Page_The Story and Evolution of Doodles - G_6e786d/p_The first Doodle was a simple out-of-offi_345e61")): Object 'Object Repository/Page_The Story and Evolution of Doodles - G_6e786d/p_The first Doodle was a simple out-of-offi_345e61' is visible

07-06-2024T13:52:38 - [MESSAGE][PASSED] - Object 'Object Repository/Page_The Story and Evolution of Doodles - G_6e786d/p_The first Doodle was a simple out-of-offi_345e61' is visible

07-06-2024T13:52:38 - [TEST_STEP][PASSED] - verifyElementVisible(findTestObject("Object Repository/Page_The Story and Evolution of Doodles - G_6e786d/h2_Weve created more than 5,000 Doodles ove_111429")): Object 'Object Repository/Page_The Story and Evolution of Doodles - G_6e786d/h2_Weve created more than 5,000 Doodles ove_111429' is visible

07-06-2024T13:52:38 - [MESSAGE][PASSED] - Object 'Object Repository/Page_The Story and Evolution of Doodles - G_6e786d/h2_Weve created more than 5,000 Doodles ove_111429' is visible

07-06-2024T13:52:38 - [TEST_STEP][PASSED] - click(findTestObject("Object Repository/Page_The Story and Evolution of Doodles - G_6e786d/p_The first Doodle was a simple out-of-offi_345e61")): Object: 'Object Repository/Page_The Story and Evolution of Doodles - G_6e786d/p_The first Doodle was a simple out-of-offi_345e61' is clicked on

07-06-2024T13:52:38 - [MESSAGE][PASSED] - Object: 'Object Repository/Page_The Story and Evolution of Doodles - G_6e786d/p_The first Doodle was a simple out-of-offi_345e61' is clicked on

07-06-2024T13:52:38 - [TEST_STEP][PASSED] - verifyElementVisible(findTestObject("Object Repository/Page_The Story and Evolution of Doodles - G_6e786d/h1_The story behind Doodles")): Object 'Object Repository/Page_The Story and Evolution of Doodles - G_6e786d/h1_The story behind Doodles' is visible

07-06-2024T13:52:38 - [MESSAGE][PASSED] - Object 'Object Repository/Page_The Story and Evolution of Doodles - G_6e786d/h1_The story behind Doodles' is visible

07-06-2024T13:52:38 - [TEST_STEP][PASSED] - verifyElementVisible(findTestObject("Object Repository/Page_The Story and Evolution of Doodles - G_6e786d/p_The first Doodle was a simple out-of-offi_345e61")): Object 'Object Repository/Page_The Story and Evolution of Doodles - G_6e786d/p_The first Doodle was a simple out-of-offi_345e61' is visible

07-06-2024T13:52:38 - [MESSAGE][PASSED] - Object 'Object Repository/Page_The Story and Evolution of Doodles - G_6e786d/p_The first Doodle was a simple out-of-offi_345e61' is visible

07-06-2024T13:52:38 - [TEST_STEP][PASSED] - verifyElementVisible(findTestObject("Object Repository/Page_The Story and Evolution of Doodles - G_6e786d/h2_Weve created more than 5,000 Doodles ove_111429")): Object 'Object Repository/Page_The Story and Evolution of Doodles - G_6e786d/h2_Weve created more than 5,000 Doodles ove_111429' is visible

07-06-2024T13:52:38 - [MESSAGE][PASSED] - Object 'Object Repository/Page_The Story and Evolution of Doodles - G_6e786d/h2_Weve created more than 5,000 Doodles ove_111429' is visible

07-06-2024T13:52:38 - [TEST_STEP][PASSED] - click(findTestObject("Object Repository/Page_The Story and Evolution of Doodles - G_6e786d/p_The first Doodle was a simple out-of-offi_345e61")): Object: 'Object Repository/Page_The Story and Evolution of Doodles - G_6e786d/p_The first Doodle was a simple out-of-offi_345e61' is clicked on

07-06-2024T13:52:39 - [MESSAGE][PASSED] - Object: 'Object Repository/Page_The Story and Evolution of Doodles - G_6e786d/p_The first Doodle was a simple out-of-offi_345e61' is clicked on

07-06-2024T13:52:39 - [TEST_STEP][PASSED] - verifyElementVisible(findTestObject("Object Repository/Page_The Story and Evolution of Doodles - G_6e786d/h1_The story behind Doodles")): Object 'Object Repository/Page_The Story and Evolution of Doodles - G_6e786d/h1_The story behind Doodles' is visible

07-06-2024T13:52:39 - [MESSAGE][PASSED] - Object 'Object Repository/Page_The Story and Evolution of Doodles - G_6e786d/h1_The story behind Doodles' is visible

07-06-2024T13:52:39 - [TEST_STEP][PASSED] - verifyElementVisible(findTestObject("Object Repository/Page_The Story and Evolution of Doodles - G_6e786d/p_The first Doodle was a simple out-of-offi_345e61")): Object 'Object Repository/Page_The Story and Evolution of Doodles - G_6e786d/p_The first Doodle was a simple out-of-offi_345e61' is visible

07-06-2024T13:52:39 - [MESSAGE][PASSED] - Object 'Object Repository/Page_The Story and Evolution of Doodles - G_6e786d/p_The first Doodle was a simple out-of-offi_345e61' is visible

07-06-2024T13:52:39 - [TEST_STEP][PASSED] - verifyElementVisible(findTestObject("Object Repository/Page_The Story and Evolution of Doodles - G_6e786d/h2_Weve created more than 5,000 Doodles ove_111429")): Object 'Object Repository/Page_The Story and Evolution of Doodles - G_6e786d/h2_Weve created more than 5,000 Doodles ove_111429' is visible

07-06-2024T13:52:39 - [MESSAGE][PASSED] - Object 'Object Repository/Page_The Story and Evolution of Doodles - G_6e786d/h2_Weve created more than 5,000 Doodles ove_111429' is visible

07-06-2024T13:52:39 - [TEST_STEP][PASSED] - click(findTestObject("Object Repository/Page_The Story and Evolution of Doodles - G_6e786d/p_The first Doodle was a simple out-of-offi_345e61")): Object: 'Object Repository/Page_The Story and Evolution of Doodles - G_6e786d/p_The first Doodle was a simple out-of-offi_345e61' is clicked on

07-06-2024T13:52:39 - [MESSAGE][PASSED] - Object: 'Object Repository/Page_The Story and Evolution of Doodles - G_6e786d/p_The first Doodle was a simple out-of-offi_345e61' is clicked on

07-06-2024T13:52:39 - [TEST_STEP][PASSED] - verifyElementVisible(findTestObject("Object Repository/Page_The Story and Evolution of Doodles - G_6e786d/h1_The story behind Doodles")): Object 'Object Repository/Page_The Story and Evolution of Doodles - G_6e786d/h1_The story behind Doodles' is visible

07-06-2024T13:52:39 - [MESSAGE][PASSED] - Object 'Object Repository/Page_The Story and Evolution of Doodles - G_6e786d/h1_The story behind Doodles' is visible

07-06-2024T13:52:39 - [TEST_STEP][PASSED] - verifyElementVisible(findTestObject("Object Repository/Page_The Story and Evolution of Doodles - G_6e786d/p_The first Doodle was a simple out-of-offi_345e61")): Object 'Object Repository/Page_The Story and Evolution of Doodles - G_6e786d/p_The first Doodle was a simple out-of-offi_345e61' is visible

07-06-2024T13:52:39 - [MESSAGE][PASSED] - Object 'Object Repository/Page_The Story and Evolution of Doodles - G_6e786d/p_The first Doodle was a simple out-of-offi_345e61' is visible

07-06-2024T13:52:39 - [TEST_STEP][PASSED] - verifyElementVisible(findTestObject("Object Repository/Page_The Story and Evolution of Doodles - G_6e786d/h2_Weve created more than 5,000 Doodles ove_111429")): Object 'Object Repository/Page_The Story and Evolution of Doodles - G_6e786d/h2_Weve created more than 5,000 Doodles ove_111429' is visible

07-06-2024T13:52:39 - [MESSAGE][PASSED] - Object 'Object Repository/Page_The Story and Evolution of Doodles - G_6e786d/h2_Weve created more than 5,000 Doodles ove_111429' is visible

07-06-2024T13:52:39 - [TEST_STEP][PASSED] - click(findTestObject("Object Repository/Page_The Story and Evolution of Doodles - G_6e786d/p_The first Doodle was a simple out-of-offi_345e61")): Object: 'Object Repository/Page_The Story and Evolution of Doodles - G_6e786d/p_The first Doodle was a simple out-of-offi_345e61' is clicked on

07-06-2024T13:52:39 - [MESSAGE][PASSED] - Object: 'Object Repository/Page_The Story and Evolution of Doodles - G_6e786d/p_The first Doodle was a simple out-of-offi_345e61' is clicked on

07-06-2024T13:52:39 - [TEST_STEP][PASSED] - verifyElementVisible(findTestObject("Object Repository/Page_The Story and Evolution of Doodles - G_6e786d/h1_The story behind Doodles")): Object 'Object Repository/Page_The Story and Evolution of Doodles - G_6e786d/h1_The story behind Doodles' is visible

07-06-2024T13:52:39 - [MESSAGE][PASSED] - Object 'Object Repository/Page_The Story and Evolution of Doodles - G_6e786d/h1_The story behind Doodles' is visible

07-06-2024T13:52:39 - [TEST_STEP][PASSED] - verifyElementVisible(findTestObject("Object Repository/Page_The Story and Evolution of Doodles - G_6e786d/p_The first Doodle was a simple out-of-offi_345e61")): Object 'Object Repository/Page_The Story and Evolution of Doodles - G_6e786d/p_The first Doodle was a simple out-of-offi_345e61' is visible

07-06-2024T13:52:39 - [MESSAGE][PASSED] - Object 'Object Repository/Page_The Story and Evolution of Doodles - G_6e786d/p_The first Doodle was a simple out-of-offi_345e61' is visible

07-06-2024T13:52:39 - [TEST_STEP][PASSED] - verifyElementVisible(findTestObject("Object Repository/Page_The Story and Evolution of Doodles - G_6e786d/h2_Weve created more than 5,000 Doodles ove_111429")): Object 'Object Repository/Page_The Story and Evolution of Doodles - G_6e786d/h2_Weve created more than 5,000 Doodles ove_111429' is visible

07-06-2024T13:52:40 - [MESSAGE][PASSED] - Object 'Object Repository/Page_The Story and Evolution of Doodles - G_6e786d/h2_Weve created more than 5,000 Doodles ove_111429' is visible]]></system-out>
         <system-err><![CDATA[]]></system-err>
      </testcase>
      <testcase name="Test Cases/test case folder 1/tc1 - Copy (5) - Copy (1)" time="10.27" classname="Test Cases/test case folder 1/tc1 - Copy (5) - Copy (1)" status="PASSED">
         <system-out><![CDATA[07-06-2024T13:52:40 - [TEST_CASE][PASSED] - Test Cases/test case folder 1/tc1 - Copy (5) - Copy (1): Test Cases/test case folder 1/tc1 - Copy (5) - Copy (1)

07-06-2024T13:52:40 - [TEST_STEP][PASSED] - openBrowser(""): Browser is opened with url: ''

07-06-2024T13:52:40 - [MESSAGE][WARNING] - A browser is already opened. Closing browser and opening a new one

07-06-2024T13:52:41 - [MESSAGE][INFO] - Starting 'Firefox (headless)' driver

07-06-2024T13:52:41 - [MESSAGE][INFO] - Action delay is set to 0 milliseconds

07-06-2024T13:52:43 - [MESSAGE][PASSED] - Browser is opened with url: ''

07-06-2024T13:52:43 - [TEST_STEP][PASSED] - navigateToUrl("https://doodles.google/about/"): Navigate to 'https://doodles.google/about/' successfully

07-06-2024T13:52:44 - [MESSAGE][PASSED] - Navigate to 'https://doodles.google/about/' successfully

07-06-2024T13:52:44 - [TEST_STEP][PASSED] - click(findTestObject("Object Repository/Page_The Story and Evolution of Doodles - G_6e786d/p_The first Doodle was a simple out-of-offi_345e61")): Object: 'Object Repository/Page_The Story and Evolution of Doodles - G_6e786d/p_The first Doodle was a simple out-of-offi_345e61' is clicked on

07-06-2024T13:52:45 - [MESSAGE][PASSED] - Object: 'Object Repository/Page_The Story and Evolution of Doodles - G_6e786d/p_The first Doodle was a simple out-of-offi_345e61' is clicked on

07-06-2024T13:52:45 - [TEST_STEP][PASSED] - click(findTestObject("Object Repository/Page_The Story and Evolution of Doodles - G_6e786d/p_The first Doodle was a simple out-of-offi_345e61")): Object: 'Object Repository/Page_The Story and Evolution of Doodles - G_6e786d/p_The first Doodle was a simple out-of-offi_345e61' is clicked on

07-06-2024T13:52:45 - [MESSAGE][PASSED] - Object: 'Object Repository/Page_The Story and Evolution of Doodles - G_6e786d/p_The first Doodle was a simple out-of-offi_345e61' is clicked on

07-06-2024T13:52:45 - [TEST_STEP][PASSED] - verifyElementVisible(findTestObject("Object Repository/Page_The Story and Evolution of Doodles - G_6e786d/h1_The story behind Doodles")): Object 'Object Repository/Page_The Story and Evolution of Doodles - G_6e786d/h1_The story behind Doodles' is visible

07-06-2024T13:52:45 - [MESSAGE][PASSED] - Object 'Object Repository/Page_The Story and Evolution of Doodles - G_6e786d/h1_The story behind Doodles' is visible

07-06-2024T13:52:45 - [TEST_STEP][PASSED] - verifyElementVisible(findTestObject("Object Repository/Page_The Story and Evolution of Doodles - G_6e786d/p_The first Doodle was a simple out-of-offi_345e61")): Object 'Object Repository/Page_The Story and Evolution of Doodles - G_6e786d/p_The first Doodle was a simple out-of-offi_345e61' is visible

07-06-2024T13:52:45 - [MESSAGE][PASSED] - Object 'Object Repository/Page_The Story and Evolution of Doodles - G_6e786d/p_The first Doodle was a simple out-of-offi_345e61' is visible

07-06-2024T13:52:45 - [TEST_STEP][PASSED] - verifyElementVisible(findTestObject("Object Repository/Page_The Story and Evolution of Doodles - G_6e786d/h2_Weve created more than 5,000 Doodles ove_111429")): Object 'Object Repository/Page_The Story and Evolution of Doodles - G_6e786d/h2_Weve created more than 5,000 Doodles ove_111429' is visible

07-06-2024T13:52:45 - [MESSAGE][PASSED] - Object 'Object Repository/Page_The Story and Evolution of Doodles - G_6e786d/h2_Weve created more than 5,000 Doodles ove_111429' is visible

07-06-2024T13:52:45 - [TEST_STEP][PASSED] - verifyElementVisible(findTestObject("Object Repository/Page_The Story and Evolution of Doodles - G_6e786d/h1_The story behind Doodles")): Object 'Object Repository/Page_The Story and Evolution of Doodles - G_6e786d/h1_The story behind Doodles' is visible

07-06-2024T13:52:45 - [MESSAGE][PASSED] - Object 'Object Repository/Page_The Story and Evolution of Doodles - G_6e786d/h1_The story behind Doodles' is visible

07-06-2024T13:52:45 - [TEST_STEP][PASSED] - verifyElementVisible(findTestObject("Object Repository/Page_The Story and Evolution of Doodles - G_6e786d/p_The first Doodle was a simple out-of-offi_345e61")): Object 'Object Repository/Page_The Story and Evolution of Doodles - G_6e786d/p_The first Doodle was a simple out-of-offi_345e61' is visible

07-06-2024T13:52:45 - [MESSAGE][PASSED] - Object 'Object Repository/Page_The Story and Evolution of Doodles - G_6e786d/p_The first Doodle was a simple out-of-offi_345e61' is visible

07-06-2024T13:52:45 - [TEST_STEP][PASSED] - verifyElementVisible(findTestObject("Object Repository/Page_The Story and Evolution of Doodles - G_6e786d/h2_Weve created more than 5,000 Doodles ove_111429")): Object 'Object Repository/Page_The Story and Evolution of Doodles - G_6e786d/h2_Weve created more than 5,000 Doodles ove_111429' is visible

07-06-2024T13:52:45 - [MESSAGE][PASSED] - Object 'Object Repository/Page_The Story and Evolution of Doodles - G_6e786d/h2_Weve created more than 5,000 Doodles ove_111429' is visible

07-06-2024T13:52:45 - [TEST_STEP][PASSED] - click(findTestObject("Object Repository/Page_The Story and Evolution of Doodles - G_6e786d/p_The first Doodle was a simple out-of-offi_345e61")): Object: 'Object Repository/Page_The Story and Evolution of Doodles - G_6e786d/p_The first Doodle was a simple out-of-offi_345e61' is clicked on

07-06-2024T13:52:45 - [MESSAGE][PASSED] - Object: 'Object Repository/Page_The Story and Evolution of Doodles - G_6e786d/p_The first Doodle was a simple out-of-offi_345e61' is clicked on

07-06-2024T13:52:45 - [TEST_STEP][PASSED] - verifyElementVisible(findTestObject("Object Repository/Page_The Story and Evolution of Doodles - G_6e786d/h1_The story behind Doodles")): Object 'Object Repository/Page_The Story and Evolution of Doodles - G_6e786d/h1_The story behind Doodles' is visible

07-06-2024T13:52:45 - [MESSAGE][PASSED] - Object 'Object Repository/Page_The Story and Evolution of Doodles - G_6e786d/h1_The story behind Doodles' is visible

07-06-2024T13:52:45 - [TEST_STEP][PASSED] - verifyElementVisible(findTestObject("Object Repository/Page_The Story and Evolution of Doodles - G_6e786d/p_The first Doodle was a simple out-of-offi_345e61")): Object 'Object Repository/Page_The Story and Evolution of Doodles - G_6e786d/p_The first Doodle was a simple out-of-offi_345e61' is visible

07-06-2024T13:52:46 - [MESSAGE][PASSED] - Object 'Object Repository/Page_The Story and Evolution of Doodles - G_6e786d/p_The first Doodle was a simple out-of-offi_345e61' is visible

07-06-2024T13:52:46 - [TEST_STEP][PASSED] - verifyElementVisible(findTestObject("Object Repository/Page_The Story and Evolution of Doodles - G_6e786d/h2_Weve created more than 5,000 Doodles ove_111429")): Object 'Object Repository/Page_The Story and Evolution of Doodles - G_6e786d/h2_Weve created more than 5,000 Doodles ove_111429' is visible

07-06-2024T13:52:46 - [MESSAGE][PASSED] - Object 'Object Repository/Page_The Story and Evolution of Doodles - G_6e786d/h2_Weve created more than 5,000 Doodles ove_111429' is visible

07-06-2024T13:52:46 - [TEST_STEP][PASSED] - click(findTestObject("Object Repository/Page_The Story and Evolution of Doodles - G_6e786d/p_The first Doodle was a simple out-of-offi_345e61")): Object: 'Object Repository/Page_The Story and Evolution of Doodles - G_6e786d/p_The first Doodle was a simple out-of-offi_345e61' is clicked on

07-06-2024T13:52:46 - [MESSAGE][PASSED] - Object: 'Object Repository/Page_The Story and Evolution of Doodles - G_6e786d/p_The first Doodle was a simple out-of-offi_345e61' is clicked on

07-06-2024T13:52:46 - [TEST_STEP][PASSED] - verifyElementVisible(findTestObject("Object Repository/Page_The Story and Evolution of Doodles - G_6e786d/h1_The story behind Doodles")): Object 'Object Repository/Page_The Story and Evolution of Doodles - G_6e786d/h1_The story behind Doodles' is visible

07-06-2024T13:52:46 - [MESSAGE][PASSED] - Object 'Object Repository/Page_The Story and Evolution of Doodles - G_6e786d/h1_The story behind Doodles' is visible

07-06-2024T13:52:46 - [TEST_STEP][PASSED] - verifyElementVisible(findTestObject("Object Repository/Page_The Story and Evolution of Doodles - G_6e786d/p_The first Doodle was a simple out-of-offi_345e61")): Object 'Object Repository/Page_The Story and Evolution of Doodles - G_6e786d/p_The first Doodle was a simple out-of-offi_345e61' is visible

07-06-2024T13:52:46 - [MESSAGE][PASSED] - Object 'Object Repository/Page_The Story and Evolution of Doodles - G_6e786d/p_The first Doodle was a simple out-of-offi_345e61' is visible

07-06-2024T13:52:46 - [TEST_STEP][PASSED] - verifyElementVisible(findTestObject("Object Repository/Page_The Story and Evolution of Doodles - G_6e786d/h2_Weve created more than 5,000 Doodles ove_111429")): Object 'Object Repository/Page_The Story and Evolution of Doodles - G_6e786d/h2_Weve created more than 5,000 Doodles ove_111429' is visible

07-06-2024T13:52:46 - [MESSAGE][PASSED] - Object 'Object Repository/Page_The Story and Evolution of Doodles - G_6e786d/h2_Weve created more than 5,000 Doodles ove_111429' is visible

07-06-2024T13:52:46 - [TEST_STEP][PASSED] - click(findTestObject("Object Repository/Page_The Story and Evolution of Doodles - G_6e786d/p_The first Doodle was a simple out-of-offi_345e61")): Object: 'Object Repository/Page_The Story and Evolution of Doodles - G_6e786d/p_The first Doodle was a simple out-of-offi_345e61' is clicked on

07-06-2024T13:52:46 - [MESSAGE][PASSED] - Object: 'Object Repository/Page_The Story and Evolution of Doodles - G_6e786d/p_The first Doodle was a simple out-of-offi_345e61' is clicked on

07-06-2024T13:52:46 - [TEST_STEP][PASSED] - verifyElementVisible(findTestObject("Object Repository/Page_The Story and Evolution of Doodles - G_6e786d/h1_The story behind Doodles")): Object 'Object Repository/Page_The Story and Evolution of Doodles - G_6e786d/h1_The story behind Doodles' is visible

07-06-2024T13:52:46 - [MESSAGE][PASSED] - Object 'Object Repository/Page_The Story and Evolution of Doodles - G_6e786d/h1_The story behind Doodles' is visible

07-06-2024T13:52:46 - [TEST_STEP][PASSED] - verifyElementVisible(findTestObject("Object Repository/Page_The Story and Evolution of Doodles - G_6e786d/p_The first Doodle was a simple out-of-offi_345e61")): Object 'Object Repository/Page_The Story and Evolution of Doodles - G_6e786d/p_The first Doodle was a simple out-of-offi_345e61' is visible

07-06-2024T13:52:46 - [MESSAGE][PASSED] - Object 'Object Repository/Page_The Story and Evolution of Doodles - G_6e786d/p_The first Doodle was a simple out-of-offi_345e61' is visible

07-06-2024T13:52:46 - [TEST_STEP][PASSED] - verifyElementVisible(findTestObject("Object Repository/Page_The Story and Evolution of Doodles - G_6e786d/h2_Weve created more than 5,000 Doodles ove_111429")): Object 'Object Repository/Page_The Story and Evolution of Doodles - G_6e786d/h2_Weve created more than 5,000 Doodles ove_111429' is visible

07-06-2024T13:52:46 - [MESSAGE][PASSED] - Object 'Object Repository/Page_The Story and Evolution of Doodles - G_6e786d/h2_Weve created more than 5,000 Doodles ove_111429' is visible

07-06-2024T13:52:46 - [TEST_STEP][PASSED] - click(findTestObject("Object Repository/Page_The Story and Evolution of Doodles - G_6e786d/p_The first Doodle was a simple out-of-offi_345e61")): Object: 'Object Repository/Page_The Story and Evolution of Doodles - G_6e786d/p_The first Doodle was a simple out-of-offi_345e61' is clicked on

07-06-2024T13:52:46 - [MESSAGE][PASSED] - Object: 'Object Repository/Page_The Story and Evolution of Doodles - G_6e786d/p_The first Doodle was a simple out-of-offi_345e61' is clicked on

07-06-2024T13:52:46 - [TEST_STEP][PASSED] - verifyElementVisible(findTestObject("Object Repository/Page_The Story and Evolution of Doodles - G_6e786d/h1_The story behind Doodles")): Object 'Object Repository/Page_The Story and Evolution of Doodles - G_6e786d/h1_The story behind Doodles' is visible

07-06-2024T13:52:47 - [MESSAGE][PASSED] - Object 'Object Repository/Page_The Story and Evolution of Doodles - G_6e786d/h1_The story behind Doodles' is visible

07-06-2024T13:52:47 - [TEST_STEP][PASSED] - verifyElementVisible(findTestObject("Object Repository/Page_The Story and Evolution of Doodles - G_6e786d/p_The first Doodle was a simple out-of-offi_345e61")): Object 'Object Repository/Page_The Story and Evolution of Doodles - G_6e786d/p_The first Doodle was a simple out-of-offi_345e61' is visible

07-06-2024T13:52:47 - [MESSAGE][PASSED] - Object 'Object Repository/Page_The Story and Evolution of Doodles - G_6e786d/p_The first Doodle was a simple out-of-offi_345e61' is visible

07-06-2024T13:52:47 - [TEST_STEP][PASSED] - verifyElementVisible(findTestObject("Object Repository/Page_The Story and Evolution of Doodles - G_6e786d/h2_Weve created more than 5,000 Doodles ove_111429")): Object 'Object Repository/Page_The Story and Evolution of Doodles - G_6e786d/h2_Weve created more than 5,000 Doodles ove_111429' is visible

07-06-2024T13:52:47 - [MESSAGE][PASSED] - Object 'Object Repository/Page_The Story and Evolution of Doodles - G_6e786d/h2_Weve created more than 5,000 Doodles ove_111429' is visible

07-06-2024T13:52:47 - [TEST_STEP][PASSED] - click(findTestObject("Object Repository/Page_The Story and Evolution of Doodles - G_6e786d/p_The first Doodle was a simple out-of-offi_345e61")): Object: 'Object Repository/Page_The Story and Evolution of Doodles - G_6e786d/p_The first Doodle was a simple out-of-offi_345e61' is clicked on

07-06-2024T13:52:48 - [MESSAGE][PASSED] - Object: 'Object Repository/Page_The Story and Evolution of Doodles - G_6e786d/p_The first Doodle was a simple out-of-offi_345e61' is clicked on

07-06-2024T13:52:48 - [TEST_STEP][PASSED] - verifyElementVisible(findTestObject("Object Repository/Page_The Story and Evolution of Doodles - G_6e786d/h1_The story behind Doodles")): Object 'Object Repository/Page_The Story and Evolution of Doodles - G_6e786d/h1_The story behind Doodles' is visible

07-06-2024T13:52:48 - [MESSAGE][PASSED] - Object 'Object Repository/Page_The Story and Evolution of Doodles - G_6e786d/h1_The story behind Doodles' is visible

07-06-2024T13:52:48 - [TEST_STEP][PASSED] - verifyElementVisible(findTestObject("Object Repository/Page_The Story and Evolution of Doodles - G_6e786d/p_The first Doodle was a simple out-of-offi_345e61")): Object 'Object Repository/Page_The Story and Evolution of Doodles - G_6e786d/p_The first Doodle was a simple out-of-offi_345e61' is visible

07-06-2024T13:52:48 - [MESSAGE][PASSED] - Object 'Object Repository/Page_The Story and Evolution of Doodles - G_6e786d/p_The first Doodle was a simple out-of-offi_345e61' is visible

07-06-2024T13:52:48 - [TEST_STEP][PASSED] - verifyElementVisible(findTestObject("Object Repository/Page_The Story and Evolution of Doodles - G_6e786d/h2_Weve created more than 5,000 Doodles ove_111429")): Object 'Object Repository/Page_The Story and Evolution of Doodles - G_6e786d/h2_Weve created more than 5,000 Doodles ove_111429' is visible

07-06-2024T13:52:48 - [MESSAGE][PASSED] - Object 'Object Repository/Page_The Story and Evolution of Doodles - G_6e786d/h2_Weve created more than 5,000 Doodles ove_111429' is visible

07-06-2024T13:52:48 - [TEST_STEP][PASSED] - click(findTestObject("Object Repository/Page_The Story and Evolution of Doodles - G_6e786d/p_The first Doodle was a simple out-of-offi_345e61")): Object: 'Object Repository/Page_The Story and Evolution of Doodles - G_6e786d/p_The first Doodle was a simple out-of-offi_345e61' is clicked on

07-06-2024T13:52:49 - [MESSAGE][PASSED] - Object: 'Object Repository/Page_The Story and Evolution of Doodles - G_6e786d/p_The first Doodle was a simple out-of-offi_345e61' is clicked on

07-06-2024T13:52:49 - [TEST_STEP][PASSED] - verifyElementVisible(findTestObject("Object Repository/Page_The Story and Evolution of Doodles - G_6e786d/h1_The story behind Doodles")): Object 'Object Repository/Page_The Story and Evolution of Doodles - G_6e786d/h1_The story behind Doodles' is visible

07-06-2024T13:52:49 - [MESSAGE][PASSED] - Object 'Object Repository/Page_The Story and Evolution of Doodles - G_6e786d/h1_The story behind Doodles' is visible

07-06-2024T13:52:49 - [TEST_STEP][PASSED] - verifyElementVisible(findTestObject("Object Repository/Page_The Story and Evolution of Doodles - G_6e786d/p_The first Doodle was a simple out-of-offi_345e61")): Object 'Object Repository/Page_The Story and Evolution of Doodles - G_6e786d/p_The first Doodle was a simple out-of-offi_345e61' is visible

07-06-2024T13:52:49 - [MESSAGE][PASSED] - Object 'Object Repository/Page_The Story and Evolution of Doodles - G_6e786d/p_The first Doodle was a simple out-of-offi_345e61' is visible

07-06-2024T13:52:49 - [TEST_STEP][PASSED] - verifyElementVisible(findTestObject("Object Repository/Page_The Story and Evolution of Doodles - G_6e786d/h2_Weve created more than 5,000 Doodles ove_111429")): Object 'Object Repository/Page_The Story and Evolution of Doodles - G_6e786d/h2_Weve created more than 5,000 Doodles ove_111429' is visible

07-06-2024T13:52:49 - [MESSAGE][PASSED] - Object 'Object Repository/Page_The Story and Evolution of Doodles - G_6e786d/h2_Weve created more than 5,000 Doodles ove_111429' is visible

07-06-2024T13:52:49 - [TEST_STEP][PASSED] - click(findTestObject("Object Repository/Page_The Story and Evolution of Doodles - G_6e786d/p_The first Doodle was a simple out-of-offi_345e61")): Object: 'Object Repository/Page_The Story and Evolution of Doodles - G_6e786d/p_The first Doodle was a simple out-of-offi_345e61' is clicked on

07-06-2024T13:52:49 - [MESSAGE][PASSED] - Object: 'Object Repository/Page_The Story and Evolution of Doodles - G_6e786d/p_The first Doodle was a simple out-of-offi_345e61' is clicked on

07-06-2024T13:52:49 - [TEST_STEP][PASSED] - verifyElementVisible(findTestObject("Object Repository/Page_The Story and Evolution of Doodles - G_6e786d/h1_The story behind Doodles")): Object 'Object Repository/Page_The Story and Evolution of Doodles - G_6e786d/h1_The story behind Doodles' is visible

07-06-2024T13:52:49 - [MESSAGE][PASSED] - Object 'Object Repository/Page_The Story and Evolution of Doodles - G_6e786d/h1_The story behind Doodles' is visible

07-06-2024T13:52:49 - [TEST_STEP][PASSED] - verifyElementVisible(findTestObject("Object Repository/Page_The Story and Evolution of Doodles - G_6e786d/p_The first Doodle was a simple out-of-offi_345e61")): Object 'Object Repository/Page_The Story and Evolution of Doodles - G_6e786d/p_The first Doodle was a simple out-of-offi_345e61' is visible

07-06-2024T13:52:49 - [MESSAGE][PASSED] - Object 'Object Repository/Page_The Story and Evolution of Doodles - G_6e786d/p_The first Doodle was a simple out-of-offi_345e61' is visible

07-06-2024T13:52:49 - [TEST_STEP][PASSED] - verifyElementVisible(findTestObject("Object Repository/Page_The Story and Evolution of Doodles - G_6e786d/h2_Weve created more than 5,000 Doodles ove_111429")): Object 'Object Repository/Page_The Story and Evolution of Doodles - G_6e786d/h2_Weve created more than 5,000 Doodles ove_111429' is visible

07-06-2024T13:52:49 - [MESSAGE][PASSED] - Object 'Object Repository/Page_The Story and Evolution of Doodles - G_6e786d/h2_Weve created more than 5,000 Doodles ove_111429' is visible

07-06-2024T13:52:49 - [TEST_STEP][PASSED] - click(findTestObject("Object Repository/Page_The Story and Evolution of Doodles - G_6e786d/p_The first Doodle was a simple out-of-offi_345e61")): Object: 'Object Repository/Page_The Story and Evolution of Doodles - G_6e786d/p_The first Doodle was a simple out-of-offi_345e61' is clicked on

07-06-2024T13:52:49 - [MESSAGE][PASSED] - Object: 'Object Repository/Page_The Story and Evolution of Doodles - G_6e786d/p_The first Doodle was a simple out-of-offi_345e61' is clicked on

07-06-2024T13:52:49 - [TEST_STEP][PASSED] - verifyElementVisible(findTestObject("Object Repository/Page_The Story and Evolution of Doodles - G_6e786d/h1_The story behind Doodles")): Object 'Object Repository/Page_The Story and Evolution of Doodles - G_6e786d/h1_The story behind Doodles' is visible

07-06-2024T13:52:49 - [MESSAGE][PASSED] - Object 'Object Repository/Page_The Story and Evolution of Doodles - G_6e786d/h1_The story behind Doodles' is visible

07-06-2024T13:52:49 - [TEST_STEP][PASSED] - verifyElementVisible(findTestObject("Object Repository/Page_The Story and Evolution of Doodles - G_6e786d/p_The first Doodle was a simple out-of-offi_345e61")): Object 'Object Repository/Page_The Story and Evolution of Doodles - G_6e786d/p_The first Doodle was a simple out-of-offi_345e61' is visible

07-06-2024T13:52:49 - [MESSAGE][PASSED] - Object 'Object Repository/Page_The Story and Evolution of Doodles - G_6e786d/p_The first Doodle was a simple out-of-offi_345e61' is visible

07-06-2024T13:52:49 - [TEST_STEP][PASSED] - verifyElementVisible(findTestObject("Object Repository/Page_The Story and Evolution of Doodles - G_6e786d/h2_Weve created more than 5,000 Doodles ove_111429")): Object 'Object Repository/Page_The Story and Evolution of Doodles - G_6e786d/h2_Weve created more than 5,000 Doodles ove_111429' is visible

07-06-2024T13:52:49 - [MESSAGE][PASSED] - Object 'Object Repository/Page_The Story and Evolution of Doodles - G_6e786d/h2_Weve created more than 5,000 Doodles ove_111429' is visible

07-06-2024T13:52:49 - [TEST_STEP][PASSED] - click(findTestObject("Object Repository/Page_The Story and Evolution of Doodles - G_6e786d/p_The first Doodle was a simple out-of-offi_345e61")): Object: 'Object Repository/Page_The Story and Evolution of Doodles - G_6e786d/p_The first Doodle was a simple out-of-offi_345e61' is clicked on

07-06-2024T13:52:50 - [MESSAGE][PASSED] - Object: 'Object Repository/Page_The Story and Evolution of Doodles - G_6e786d/p_The first Doodle was a simple out-of-offi_345e61' is clicked on

07-06-2024T13:52:50 - [TEST_STEP][PASSED] - verifyElementVisible(findTestObject("Object Repository/Page_The Story and Evolution of Doodles - G_6e786d/h1_The story behind Doodles")): Object 'Object Repository/Page_The Story and Evolution of Doodles - G_6e786d/h1_The story behind Doodles' is visible

07-06-2024T13:52:50 - [MESSAGE][PASSED] - Object 'Object Repository/Page_The Story and Evolution of Doodles - G_6e786d/h1_The story behind Doodles' is visible

07-06-2024T13:52:50 - [TEST_STEP][PASSED] - verifyElementVisible(findTestObject("Object Repository/Page_The Story and Evolution of Doodles - G_6e786d/p_The first Doodle was a simple out-of-offi_345e61")): Object 'Object Repository/Page_The Story and Evolution of Doodles - G_6e786d/p_The first Doodle was a simple out-of-offi_345e61' is visible

07-06-2024T13:52:50 - [MESSAGE][PASSED] - Object 'Object Repository/Page_The Story and Evolution of Doodles - G_6e786d/p_The first Doodle was a simple out-of-offi_345e61' is visible

07-06-2024T13:52:50 - [TEST_STEP][PASSED] - verifyElementVisible(findTestObject("Object Repository/Page_The Story and Evolution of Doodles - G_6e786d/h2_Weve created more than 5,000 Doodles ove_111429")): Object 'Object Repository/Page_The Story and Evolution of Doodles - G_6e786d/h2_Weve created more than 5,000 Doodles ove_111429' is visible

07-06-2024T13:52:50 - [MESSAGE][PASSED] - Object 'Object Repository/Page_The Story and Evolution of Doodles - G_6e786d/h2_Weve created more than 5,000 Doodles ove_111429' is visible]]></system-out>
         <system-err><![CDATA[]]></system-err>
      </testcase>
      <testcase name="Test Cases/test case folder 1/tc1 - Copy (5) - Copy (2)" time="26.192" classname="Test Cases/test case folder 1/tc1 - Copy (5) - Copy (2)" status="PASSED">
         <system-out><![CDATA[07-06-2024T13:52:50 - [TEST_CASE][PASSED] - Test Cases/test case folder 1/tc1 - Copy (5) - Copy (2): Test Cases/test case folder 1/tc1 - Copy (5) - Copy (2)

07-06-2024T13:52:50 - [TEST_STEP][PASSED] - openBrowser(""): Browser is opened with url: ''

07-06-2024T13:52:50 - [MESSAGE][WARNING] - A browser is already opened. Closing browser and opening a new one

07-06-2024T13:52:52 - [MESSAGE][INFO] - Starting 'Firefox (headless)' driver

07-06-2024T13:52:52 - [MESSAGE][INFO] - Action delay is set to 0 milliseconds

07-06-2024T13:52:55 - [MESSAGE][PASSED] - Browser is opened with url: ''

07-06-2024T13:52:55 - [TEST_STEP][PASSED] - navigateToUrl("https://doodles.google/about/"): Navigate to 'https://doodles.google/about/' successfully

07-06-2024T13:53:12 - [MESSAGE][PASSED] - Navigate to 'https://doodles.google/about/' successfully

07-06-2024T13:53:12 - [TEST_STEP][PASSED] - click(findTestObject("Object Repository/Page_The Story and Evolution of Doodles - G_6e786d/p_The first Doodle was a simple out-of-offi_345e61")): Object: 'Object Repository/Page_The Story and Evolution of Doodles - G_6e786d/p_The first Doodle was a simple out-of-offi_345e61' is clicked on

07-06-2024T13:53:12 - [MESSAGE][PASSED] - Object: 'Object Repository/Page_The Story and Evolution of Doodles - G_6e786d/p_The first Doodle was a simple out-of-offi_345e61' is clicked on

07-06-2024T13:53:12 - [TEST_STEP][PASSED] - click(findTestObject("Object Repository/Page_The Story and Evolution of Doodles - G_6e786d/p_The first Doodle was a simple out-of-offi_345e61")): Object: 'Object Repository/Page_The Story and Evolution of Doodles - G_6e786d/p_The first Doodle was a simple out-of-offi_345e61' is clicked on

07-06-2024T13:53:12 - [MESSAGE][PASSED] - Object: 'Object Repository/Page_The Story and Evolution of Doodles - G_6e786d/p_The first Doodle was a simple out-of-offi_345e61' is clicked on

07-06-2024T13:53:12 - [TEST_STEP][PASSED] - verifyElementVisible(findTestObject("Object Repository/Page_The Story and Evolution of Doodles - G_6e786d/h1_The story behind Doodles")): Object 'Object Repository/Page_The Story and Evolution of Doodles - G_6e786d/h1_The story behind Doodles' is visible

07-06-2024T13:53:12 - [MESSAGE][PASSED] - Object 'Object Repository/Page_The Story and Evolution of Doodles - G_6e786d/h1_The story behind Doodles' is visible

07-06-2024T13:53:12 - [TEST_STEP][PASSED] - verifyElementVisible(findTestObject("Object Repository/Page_The Story and Evolution of Doodles - G_6e786d/p_The first Doodle was a simple out-of-offi_345e61")): Object 'Object Repository/Page_The Story and Evolution of Doodles - G_6e786d/p_The first Doodle was a simple out-of-offi_345e61' is visible

07-06-2024T13:53:12 - [MESSAGE][PASSED] - Object 'Object Repository/Page_The Story and Evolution of Doodles - G_6e786d/p_The first Doodle was a simple out-of-offi_345e61' is visible

07-06-2024T13:53:12 - [TEST_STEP][PASSED] - verifyElementVisible(findTestObject("Object Repository/Page_The Story and Evolution of Doodles - G_6e786d/h2_Weve created more than 5,000 Doodles ove_111429")): Object 'Object Repository/Page_The Story and Evolution of Doodles - G_6e786d/h2_Weve created more than 5,000 Doodles ove_111429' is visible

07-06-2024T13:53:12 - [MESSAGE][PASSED] - Object 'Object Repository/Page_The Story and Evolution of Doodles - G_6e786d/h2_Weve created more than 5,000 Doodles ove_111429' is visible

07-06-2024T13:53:12 - [TEST_STEP][PASSED] - verifyElementVisible(findTestObject("Object Repository/Page_The Story and Evolution of Doodles - G_6e786d/h1_The story behind Doodles")): Object 'Object Repository/Page_The Story and Evolution of Doodles - G_6e786d/h1_The story behind Doodles' is visible

07-06-2024T13:53:12 - [MESSAGE][PASSED] - Object 'Object Repository/Page_The Story and Evolution of Doodles - G_6e786d/h1_The story behind Doodles' is visible

07-06-2024T13:53:12 - [TEST_STEP][PASSED] - verifyElementVisible(findTestObject("Object Repository/Page_The Story and Evolution of Doodles - G_6e786d/p_The first Doodle was a simple out-of-offi_345e61")): Object 'Object Repository/Page_The Story and Evolution of Doodles - G_6e786d/p_The first Doodle was a simple out-of-offi_345e61' is visible

07-06-2024T13:53:12 - [MESSAGE][PASSED] - Object 'Object Repository/Page_The Story and Evolution of Doodles - G_6e786d/p_The first Doodle was a simple out-of-offi_345e61' is visible

07-06-2024T13:53:12 - [TEST_STEP][PASSED] - verifyElementVisible(findTestObject("Object Repository/Page_The Story and Evolution of Doodles - G_6e786d/h2_Weve created more than 5,000 Doodles ove_111429")): Object 'Object Repository/Page_The Story and Evolution of Doodles - G_6e786d/h2_Weve created more than 5,000 Doodles ove_111429' is visible

07-06-2024T13:53:12 - [MESSAGE][PASSED] - Object 'Object Repository/Page_The Story and Evolution of Doodles - G_6e786d/h2_Weve created more than 5,000 Doodles ove_111429' is visible

07-06-2024T13:53:12 - [TEST_STEP][PASSED] - click(findTestObject("Object Repository/Page_The Story and Evolution of Doodles - G_6e786d/p_The first Doodle was a simple out-of-offi_345e61")): Object: 'Object Repository/Page_The Story and Evolution of Doodles - G_6e786d/p_The first Doodle was a simple out-of-offi_345e61' is clicked on

07-06-2024T13:53:13 - [MESSAGE][PASSED] - Object: 'Object Repository/Page_The Story and Evolution of Doodles - G_6e786d/p_The first Doodle was a simple out-of-offi_345e61' is clicked on

07-06-2024T13:53:13 - [TEST_STEP][PASSED] - verifyElementVisible(findTestObject("Object Repository/Page_The Story and Evolution of Doodles - G_6e786d/h1_The story behind Doodles")): Object 'Object Repository/Page_The Story and Evolution of Doodles - G_6e786d/h1_The story behind Doodles' is visible

07-06-2024T13:53:13 - [MESSAGE][PASSED] - Object 'Object Repository/Page_The Story and Evolution of Doodles - G_6e786d/h1_The story behind Doodles' is visible

07-06-2024T13:53:13 - [TEST_STEP][PASSED] - verifyElementVisible(findTestObject("Object Repository/Page_The Story and Evolution of Doodles - G_6e786d/p_The first Doodle was a simple out-of-offi_345e61")): Object 'Object Repository/Page_The Story and Evolution of Doodles - G_6e786d/p_The first Doodle was a simple out-of-offi_345e61' is visible

07-06-2024T13:53:13 - [MESSAGE][PASSED] - Object 'Object Repository/Page_The Story and Evolution of Doodles - G_6e786d/p_The first Doodle was a simple out-of-offi_345e61' is visible

07-06-2024T13:53:13 - [TEST_STEP][PASSED] - verifyElementVisible(findTestObject("Object Repository/Page_The Story and Evolution of Doodles - G_6e786d/h2_Weve created more than 5,000 Doodles ove_111429")): Object 'Object Repository/Page_The Story and Evolution of Doodles - G_6e786d/h2_Weve created more than 5,000 Doodles ove_111429' is visible

07-06-2024T13:53:13 - [MESSAGE][PASSED] - Object 'Object Repository/Page_The Story and Evolution of Doodles - G_6e786d/h2_Weve created more than 5,000 Doodles ove_111429' is visible

07-06-2024T13:53:13 - [TEST_STEP][PASSED] - click(findTestObject("Object Repository/Page_The Story and Evolution of Doodles - G_6e786d/p_The first Doodle was a simple out-of-offi_345e61")): Object: 'Object Repository/Page_The Story and Evolution of Doodles - G_6e786d/p_The first Doodle was a simple out-of-offi_345e61' is clicked on

07-06-2024T13:53:13 - [MESSAGE][PASSED] - Object: 'Object Repository/Page_The Story and Evolution of Doodles - G_6e786d/p_The first Doodle was a simple out-of-offi_345e61' is clicked on

07-06-2024T13:53:13 - [TEST_STEP][PASSED] - verifyElementVisible(findTestObject("Object Repository/Page_The Story and Evolution of Doodles - G_6e786d/h1_The story behind Doodles")): Object 'Object Repository/Page_The Story and Evolution of Doodles - G_6e786d/h1_The story behind Doodles' is visible

07-06-2024T13:53:13 - [MESSAGE][PASSED] - Object 'Object Repository/Page_The Story and Evolution of Doodles - G_6e786d/h1_The story behind Doodles' is visible

07-06-2024T13:53:13 - [TEST_STEP][PASSED] - verifyElementVisible(findTestObject("Object Repository/Page_The Story and Evolution of Doodles - G_6e786d/p_The first Doodle was a simple out-of-offi_345e61")): Object 'Object Repository/Page_The Story and Evolution of Doodles - G_6e786d/p_The first Doodle was a simple out-of-offi_345e61' is visible

07-06-2024T13:53:13 - [MESSAGE][PASSED] - Object 'Object Repository/Page_The Story and Evolution of Doodles - G_6e786d/p_The first Doodle was a simple out-of-offi_345e61' is visible

07-06-2024T13:53:13 - [TEST_STEP][PASSED] - verifyElementVisible(findTestObject("Object Repository/Page_The Story and Evolution of Doodles - G_6e786d/h2_Weve created more than 5,000 Doodles ove_111429")): Object 'Object Repository/Page_The Story and Evolution of Doodles - G_6e786d/h2_Weve created more than 5,000 Doodles ove_111429' is visible

07-06-2024T13:53:13 - [MESSAGE][PASSED] - Object 'Object Repository/Page_The Story and Evolution of Doodles - G_6e786d/h2_Weve created more than 5,000 Doodles ove_111429' is visible

07-06-2024T13:53:13 - [TEST_STEP][PASSED] - click(findTestObject("Object Repository/Page_The Story and Evolution of Doodles - G_6e786d/p_The first Doodle was a simple out-of-offi_345e61")): Object: 'Object Repository/Page_The Story and Evolution of Doodles - G_6e786d/p_The first Doodle was a simple out-of-offi_345e61' is clicked on

07-06-2024T13:53:13 - [MESSAGE][PASSED] - Object: 'Object Repository/Page_The Story and Evolution of Doodles - G_6e786d/p_The first Doodle was a simple out-of-offi_345e61' is clicked on

07-06-2024T13:53:13 - [TEST_STEP][PASSED] - verifyElementVisible(findTestObject("Object Repository/Page_The Story and Evolution of Doodles - G_6e786d/h1_The story behind Doodles")): Object 'Object Repository/Page_The Story and Evolution of Doodles - G_6e786d/h1_The story behind Doodles' is visible

07-06-2024T13:53:13 - [MESSAGE][PASSED] - Object 'Object Repository/Page_The Story and Evolution of Doodles - G_6e786d/h1_The story behind Doodles' is visible

07-06-2024T13:53:13 - [TEST_STEP][PASSED] - verifyElementVisible(findTestObject("Object Repository/Page_The Story and Evolution of Doodles - G_6e786d/p_The first Doodle was a simple out-of-offi_345e61")): Object 'Object Repository/Page_The Story and Evolution of Doodles - G_6e786d/p_The first Doodle was a simple out-of-offi_345e61' is visible

07-06-2024T13:53:13 - [MESSAGE][PASSED] - Object 'Object Repository/Page_The Story and Evolution of Doodles - G_6e786d/p_The first Doodle was a simple out-of-offi_345e61' is visible

07-06-2024T13:53:13 - [TEST_STEP][PASSED] - verifyElementVisible(findTestObject("Object Repository/Page_The Story and Evolution of Doodles - G_6e786d/h2_Weve created more than 5,000 Doodles ove_111429")): Object 'Object Repository/Page_The Story and Evolution of Doodles - G_6e786d/h2_Weve created more than 5,000 Doodles ove_111429' is visible

07-06-2024T13:53:13 - [MESSAGE][PASSED] - Object 'Object Repository/Page_The Story and Evolution of Doodles - G_6e786d/h2_Weve created more than 5,000 Doodles ove_111429' is visible

07-06-2024T13:53:13 - [TEST_STEP][PASSED] - click(findTestObject("Object Repository/Page_The Story and Evolution of Doodles - G_6e786d/p_The first Doodle was a simple out-of-offi_345e61")): Object: 'Object Repository/Page_The Story and Evolution of Doodles - G_6e786d/p_The first Doodle was a simple out-of-offi_345e61' is clicked on

07-06-2024T13:53:14 - [MESSAGE][PASSED] - Object: 'Object Repository/Page_The Story and Evolution of Doodles - G_6e786d/p_The first Doodle was a simple out-of-offi_345e61' is clicked on

07-06-2024T13:53:14 - [TEST_STEP][PASSED] - verifyElementVisible(findTestObject("Object Repository/Page_The Story and Evolution of Doodles - G_6e786d/h1_The story behind Doodles")): Object 'Object Repository/Page_The Story and Evolution of Doodles - G_6e786d/h1_The story behind Doodles' is visible

07-06-2024T13:53:14 - [MESSAGE][PASSED] - Object 'Object Repository/Page_The Story and Evolution of Doodles - G_6e786d/h1_The story behind Doodles' is visible

07-06-2024T13:53:14 - [TEST_STEP][PASSED] - verifyElementVisible(findTestObject("Object Repository/Page_The Story and Evolution of Doodles - G_6e786d/p_The first Doodle was a simple out-of-offi_345e61")): Object 'Object Repository/Page_The Story and Evolution of Doodles - G_6e786d/p_The first Doodle was a simple out-of-offi_345e61' is visible

07-06-2024T13:53:14 - [MESSAGE][PASSED] - Object 'Object Repository/Page_The Story and Evolution of Doodles - G_6e786d/p_The first Doodle was a simple out-of-offi_345e61' is visible

07-06-2024T13:53:14 - [TEST_STEP][PASSED] - verifyElementVisible(findTestObject("Object Repository/Page_The Story and Evolution of Doodles - G_6e786d/h2_Weve created more than 5,000 Doodles ove_111429")): Object 'Object Repository/Page_The Story and Evolution of Doodles - G_6e786d/h2_Weve created more than 5,000 Doodles ove_111429' is visible

07-06-2024T13:53:14 - [MESSAGE][PASSED] - Object 'Object Repository/Page_The Story and Evolution of Doodles - G_6e786d/h2_Weve created more than 5,000 Doodles ove_111429' is visible

07-06-2024T13:53:14 - [TEST_STEP][PASSED] - click(findTestObject("Object Repository/Page_The Story and Evolution of Doodles - G_6e786d/p_The first Doodle was a simple out-of-offi_345e61")): Object: 'Object Repository/Page_The Story and Evolution of Doodles - G_6e786d/p_The first Doodle was a simple out-of-offi_345e61' is clicked on

07-06-2024T13:53:14 - [MESSAGE][PASSED] - Object: 'Object Repository/Page_The Story and Evolution of Doodles - G_6e786d/p_The first Doodle was a simple out-of-offi_345e61' is clicked on

07-06-2024T13:53:14 - [TEST_STEP][PASSED] - verifyElementVisible(findTestObject("Object Repository/Page_The Story and Evolution of Doodles - G_6e786d/h1_The story behind Doodles")): Object 'Object Repository/Page_The Story and Evolution of Doodles - G_6e786d/h1_The story behind Doodles' is visible

07-06-2024T13:53:14 - [MESSAGE][PASSED] - Object 'Object Repository/Page_The Story and Evolution of Doodles - G_6e786d/h1_The story behind Doodles' is visible

07-06-2024T13:53:14 - [TEST_STEP][PASSED] - verifyElementVisible(findTestObject("Object Repository/Page_The Story and Evolution of Doodles - G_6e786d/p_The first Doodle was a simple out-of-offi_345e61")): Object 'Object Repository/Page_The Story and Evolution of Doodles - G_6e786d/p_The first Doodle was a simple out-of-offi_345e61' is visible

07-06-2024T13:53:14 - [MESSAGE][PASSED] - Object 'Object Repository/Page_The Story and Evolution of Doodles - G_6e786d/p_The first Doodle was a simple out-of-offi_345e61' is visible

07-06-2024T13:53:14 - [TEST_STEP][PASSED] - verifyElementVisible(findTestObject("Object Repository/Page_The Story and Evolution of Doodles - G_6e786d/h2_Weve created more than 5,000 Doodles ove_111429")): Object 'Object Repository/Page_The Story and Evolution of Doodles - G_6e786d/h2_Weve created more than 5,000 Doodles ove_111429' is visible

07-06-2024T13:53:14 - [MESSAGE][PASSED] - Object 'Object Repository/Page_The Story and Evolution of Doodles - G_6e786d/h2_Weve created more than 5,000 Doodles ove_111429' is visible

07-06-2024T13:53:14 - [TEST_STEP][PASSED] - click(findTestObject("Object Repository/Page_The Story and Evolution of Doodles - G_6e786d/p_The first Doodle was a simple out-of-offi_345e61")): Object: 'Object Repository/Page_The Story and Evolution of Doodles - G_6e786d/p_The first Doodle was a simple out-of-offi_345e61' is clicked on

07-06-2024T13:53:14 - [MESSAGE][PASSED] - Object: 'Object Repository/Page_The Story and Evolution of Doodles - G_6e786d/p_The first Doodle was a simple out-of-offi_345e61' is clicked on

07-06-2024T13:53:14 - [TEST_STEP][PASSED] - verifyElementVisible(findTestObject("Object Repository/Page_The Story and Evolution of Doodles - G_6e786d/h1_The story behind Doodles")): Object 'Object Repository/Page_The Story and Evolution of Doodles - G_6e786d/h1_The story behind Doodles' is visible

07-06-2024T13:53:14 - [MESSAGE][PASSED] - Object 'Object Repository/Page_The Story and Evolution of Doodles - G_6e786d/h1_The story behind Doodles' is visible

07-06-2024T13:53:14 - [TEST_STEP][PASSED] - verifyElementVisible(findTestObject("Object Repository/Page_The Story and Evolution of Doodles - G_6e786d/p_The first Doodle was a simple out-of-offi_345e61")): Object 'Object Repository/Page_The Story and Evolution of Doodles - G_6e786d/p_The first Doodle was a simple out-of-offi_345e61' is visible

07-06-2024T13:53:15 - [MESSAGE][PASSED] - Object 'Object Repository/Page_The Story and Evolution of Doodles - G_6e786d/p_The first Doodle was a simple out-of-offi_345e61' is visible

07-06-2024T13:53:15 - [TEST_STEP][PASSED] - verifyElementVisible(findTestObject("Object Repository/Page_The Story and Evolution of Doodles - G_6e786d/h2_Weve created more than 5,000 Doodles ove_111429")): Object 'Object Repository/Page_The Story and Evolution of Doodles - G_6e786d/h2_Weve created more than 5,000 Doodles ove_111429' is visible

07-06-2024T13:53:15 - [MESSAGE][PASSED] - Object 'Object Repository/Page_The Story and Evolution of Doodles - G_6e786d/h2_Weve created more than 5,000 Doodles ove_111429' is visible

07-06-2024T13:53:15 - [TEST_STEP][PASSED] - click(findTestObject("Object Repository/Page_The Story and Evolution of Doodles - G_6e786d/p_The first Doodle was a simple out-of-offi_345e61")): Object: 'Object Repository/Page_The Story and Evolution of Doodles - G_6e786d/p_The first Doodle was a simple out-of-offi_345e61' is clicked on

07-06-2024T13:53:15 - [MESSAGE][PASSED] - Object: 'Object Repository/Page_The Story and Evolution of Doodles - G_6e786d/p_The first Doodle was a simple out-of-offi_345e61' is clicked on

07-06-2024T13:53:15 - [TEST_STEP][PASSED] - verifyElementVisible(findTestObject("Object Repository/Page_The Story and Evolution of Doodles - G_6e786d/h1_The story behind Doodles")): Object 'Object Repository/Page_The Story and Evolution of Doodles - G_6e786d/h1_The story behind Doodles' is visible

07-06-2024T13:53:15 - [MESSAGE][PASSED] - Object 'Object Repository/Page_The Story and Evolution of Doodles - G_6e786d/h1_The story behind Doodles' is visible

07-06-2024T13:53:15 - [TEST_STEP][PASSED] - verifyElementVisible(findTestObject("Object Repository/Page_The Story and Evolution of Doodles - G_6e786d/p_The first Doodle was a simple out-of-offi_345e61")): Object 'Object Repository/Page_The Story and Evolution of Doodles - G_6e786d/p_The first Doodle was a simple out-of-offi_345e61' is visible

07-06-2024T13:53:15 - [MESSAGE][PASSED] - Object 'Object Repository/Page_The Story and Evolution of Doodles - G_6e786d/p_The first Doodle was a simple out-of-offi_345e61' is visible

07-06-2024T13:53:15 - [TEST_STEP][PASSED] - verifyElementVisible(findTestObject("Object Repository/Page_The Story and Evolution of Doodles - G_6e786d/h2_Weve created more than 5,000 Doodles ove_111429")): Object 'Object Repository/Page_The Story and Evolution of Doodles - G_6e786d/h2_Weve created more than 5,000 Doodles ove_111429' is visible

07-06-2024T13:53:15 - [MESSAGE][PASSED] - Object 'Object Repository/Page_The Story and Evolution of Doodles - G_6e786d/h2_Weve created more than 5,000 Doodles ove_111429' is visible

07-06-2024T13:53:15 - [TEST_STEP][PASSED] - click(findTestObject("Object Repository/Page_The Story and Evolution of Doodles - G_6e786d/p_The first Doodle was a simple out-of-offi_345e61")): Object: 'Object Repository/Page_The Story and Evolution of Doodles - G_6e786d/p_The first Doodle was a simple out-of-offi_345e61' is clicked on

07-06-2024T13:53:15 - [MESSAGE][PASSED] - Object: 'Object Repository/Page_The Story and Evolution of Doodles - G_6e786d/p_The first Doodle was a simple out-of-offi_345e61' is clicked on

07-06-2024T13:53:15 - [TEST_STEP][PASSED] - verifyElementVisible(findTestObject("Object Repository/Page_The Story and Evolution of Doodles - G_6e786d/h1_The story behind Doodles")): Object 'Object Repository/Page_The Story and Evolution of Doodles - G_6e786d/h1_The story behind Doodles' is visible

07-06-2024T13:53:15 - [MESSAGE][PASSED] - Object 'Object Repository/Page_The Story and Evolution of Doodles - G_6e786d/h1_The story behind Doodles' is visible

07-06-2024T13:53:15 - [TEST_STEP][PASSED] - verifyElementVisible(findTestObject("Object Repository/Page_The Story and Evolution of Doodles - G_6e786d/p_The first Doodle was a simple out-of-offi_345e61")): Object 'Object Repository/Page_The Story and Evolution of Doodles - G_6e786d/p_The first Doodle was a simple out-of-offi_345e61' is visible

07-06-2024T13:53:15 - [MESSAGE][PASSED] - Object 'Object Repository/Page_The Story and Evolution of Doodles - G_6e786d/p_The first Doodle was a simple out-of-offi_345e61' is visible

07-06-2024T13:53:15 - [TEST_STEP][PASSED] - verifyElementVisible(findTestObject("Object Repository/Page_The Story and Evolution of Doodles - G_6e786d/h2_Weve created more than 5,000 Doodles ove_111429")): Object 'Object Repository/Page_The Story and Evolution of Doodles - G_6e786d/h2_Weve created more than 5,000 Doodles ove_111429' is visible

07-06-2024T13:53:16 - [MESSAGE][PASSED] - Object 'Object Repository/Page_The Story and Evolution of Doodles - G_6e786d/h2_Weve created more than 5,000 Doodles ove_111429' is visible

07-06-2024T13:53:16 - [TEST_STEP][PASSED] - click(findTestObject("Object Repository/Page_The Story and Evolution of Doodles - G_6e786d/p_The first Doodle was a simple out-of-offi_345e61")): Object: 'Object Repository/Page_The Story and Evolution of Doodles - G_6e786d/p_The first Doodle was a simple out-of-offi_345e61' is clicked on

07-06-2024T13:53:16 - [MESSAGE][PASSED] - Object: 'Object Repository/Page_The Story and Evolution of Doodles - G_6e786d/p_The first Doodle was a simple out-of-offi_345e61' is clicked on

07-06-2024T13:53:16 - [TEST_STEP][PASSED] - verifyElementVisible(findTestObject("Object Repository/Page_The Story and Evolution of Doodles - G_6e786d/h1_The story behind Doodles")): Object 'Object Repository/Page_The Story and Evolution of Doodles - G_6e786d/h1_The story behind Doodles' is visible

07-06-2024T13:53:16 - [MESSAGE][PASSED] - Object 'Object Repository/Page_The Story and Evolution of Doodles - G_6e786d/h1_The story behind Doodles' is visible

07-06-2024T13:53:16 - [TEST_STEP][PASSED] - verifyElementVisible(findTestObject("Object Repository/Page_The Story and Evolution of Doodles - G_6e786d/p_The first Doodle was a simple out-of-offi_345e61")): Object 'Object Repository/Page_The Story and Evolution of Doodles - G_6e786d/p_The first Doodle was a simple out-of-offi_345e61' is visible

07-06-2024T13:53:16 - [MESSAGE][PASSED] - Object 'Object Repository/Page_The Story and Evolution of Doodles - G_6e786d/p_The first Doodle was a simple out-of-offi_345e61' is visible

07-06-2024T13:53:16 - [TEST_STEP][PASSED] - verifyElementVisible(findTestObject("Object Repository/Page_The Story and Evolution of Doodles - G_6e786d/h2_Weve created more than 5,000 Doodles ove_111429")): Object 'Object Repository/Page_The Story and Evolution of Doodles - G_6e786d/h2_Weve created more than 5,000 Doodles ove_111429' is visible

07-06-2024T13:53:16 - [MESSAGE][PASSED] - Object 'Object Repository/Page_The Story and Evolution of Doodles - G_6e786d/h2_Weve created more than 5,000 Doodles ove_111429' is visible]]></system-out>
         <system-err><![CDATA[]]></system-err>
      </testcase>
      <testcase name="Test Cases/test case folder 1/tc1 - Copy (5) - Copy (3)" time="23.546" classname="Test Cases/test case folder 1/tc1 - Copy (5) - Copy (3)" status="PASSED">
         <system-out><![CDATA[07-06-2024T13:58:24 - [TEST_CASE][PASSED] - Test Cases/test case folder 1/tc1 - Copy (5) - Copy (3): Test Cases/test case folder 1/tc1 - Copy (5) - Copy (3)

07-06-2024T13:58:24 - [TEST_STEP][PASSED] - openBrowser(""): Browser is opened with url: ''

07-06-2024T13:58:24 - [MESSAGE][WARNING] - A browser is already opened. Closing browser and opening a new one

07-06-2024T13:58:25 - [MESSAGE][INFO] - Starting 'Firefox (headless)' driver

07-06-2024T13:58:25 - [MESSAGE][INFO] - Action delay is set to 0 milliseconds

07-06-2024T13:58:27 - [MESSAGE][PASSED] - Browser is opened with url: ''

07-06-2024T13:58:27 - [TEST_STEP][PASSED] - navigateToUrl("https://doodles.google/about/"): Navigate to 'https://doodles.google/about/' successfully

07-06-2024T13:58:44 - [MESSAGE][PASSED] - Navigate to 'https://doodles.google/about/' successfully

07-06-2024T13:58:44 - [TEST_STEP][PASSED] - click(findTestObject("Object Repository/Page_The Story and Evolution of Doodles - G_6e786d/p_The first Doodle was a simple out-of-offi_345e61")): Object: 'Object Repository/Page_The Story and Evolution of Doodles - G_6e786d/p_The first Doodle was a simple out-of-offi_345e61' is clicked on

07-06-2024T13:58:44 - [MESSAGE][PASSED] - Object: 'Object Repository/Page_The Story and Evolution of Doodles - G_6e786d/p_The first Doodle was a simple out-of-offi_345e61' is clicked on

07-06-2024T13:58:44 - [TEST_STEP][PASSED] - click(findTestObject("Object Repository/Page_The Story and Evolution of Doodles - G_6e786d/p_The first Doodle was a simple out-of-offi_345e61")): Object: 'Object Repository/Page_The Story and Evolution of Doodles - G_6e786d/p_The first Doodle was a simple out-of-offi_345e61' is clicked on

07-06-2024T13:58:44 - [MESSAGE][PASSED] - Object: 'Object Repository/Page_The Story and Evolution of Doodles - G_6e786d/p_The first Doodle was a simple out-of-offi_345e61' is clicked on

07-06-2024T13:58:44 - [TEST_STEP][PASSED] - verifyElementVisible(findTestObject("Object Repository/Page_The Story and Evolution of Doodles - G_6e786d/h1_The story behind Doodles")): Object 'Object Repository/Page_The Story and Evolution of Doodles - G_6e786d/h1_The story behind Doodles' is visible

07-06-2024T13:58:44 - [MESSAGE][PASSED] - Object 'Object Repository/Page_The Story and Evolution of Doodles - G_6e786d/h1_The story behind Doodles' is visible

07-06-2024T13:58:44 - [TEST_STEP][PASSED] - verifyElementVisible(findTestObject("Object Repository/Page_The Story and Evolution of Doodles - G_6e786d/p_The first Doodle was a simple out-of-offi_345e61")): Object 'Object Repository/Page_The Story and Evolution of Doodles - G_6e786d/p_The first Doodle was a simple out-of-offi_345e61' is visible

07-06-2024T13:58:44 - [MESSAGE][PASSED] - Object 'Object Repository/Page_The Story and Evolution of Doodles - G_6e786d/p_The first Doodle was a simple out-of-offi_345e61' is visible

07-06-2024T13:58:44 - [TEST_STEP][PASSED] - verifyElementVisible(findTestObject("Object Repository/Page_The Story and Evolution of Doodles - G_6e786d/h2_Weve created more than 5,000 Doodles ove_111429")): Object 'Object Repository/Page_The Story and Evolution of Doodles - G_6e786d/h2_Weve created more than 5,000 Doodles ove_111429' is visible

07-06-2024T13:58:44 - [MESSAGE][PASSED] - Object 'Object Repository/Page_The Story and Evolution of Doodles - G_6e786d/h2_Weve created more than 5,000 Doodles ove_111429' is visible

07-06-2024T13:58:44 - [TEST_STEP][PASSED] - verifyElementVisible(findTestObject("Object Repository/Page_The Story and Evolution of Doodles - G_6e786d/h1_The story behind Doodles")): Object 'Object Repository/Page_The Story and Evolution of Doodles - G_6e786d/h1_The story behind Doodles' is visible

07-06-2024T13:58:44 - [MESSAGE][PASSED] - Object 'Object Repository/Page_The Story and Evolution of Doodles - G_6e786d/h1_The story behind Doodles' is visible

07-06-2024T13:58:44 - [TEST_STEP][PASSED] - verifyElementVisible(findTestObject("Object Repository/Page_The Story and Evolution of Doodles - G_6e786d/p_The first Doodle was a simple out-of-offi_345e61")): Object 'Object Repository/Page_The Story and Evolution of Doodles - G_6e786d/p_The first Doodle was a simple out-of-offi_345e61' is visible

07-06-2024T13:58:44 - [MESSAGE][PASSED] - Object 'Object Repository/Page_The Story and Evolution of Doodles - G_6e786d/p_The first Doodle was a simple out-of-offi_345e61' is visible

07-06-2024T13:58:44 - [TEST_STEP][PASSED] - verifyElementVisible(findTestObject("Object Repository/Page_The Story and Evolution of Doodles - G_6e786d/h2_Weve created more than 5,000 Doodles ove_111429")): Object 'Object Repository/Page_The Story and Evolution of Doodles - G_6e786d/h2_Weve created more than 5,000 Doodles ove_111429' is visible

07-06-2024T13:58:44 - [MESSAGE][PASSED] - Object 'Object Repository/Page_The Story and Evolution of Doodles - G_6e786d/h2_Weve created more than 5,000 Doodles ove_111429' is visible

07-06-2024T13:58:44 - [TEST_STEP][PASSED] - click(findTestObject("Object Repository/Page_The Story and Evolution of Doodles - G_6e786d/p_The first Doodle was a simple out-of-offi_345e61")): Object: 'Object Repository/Page_The Story and Evolution of Doodles - G_6e786d/p_The first Doodle was a simple out-of-offi_345e61' is clicked on

07-06-2024T13:58:45 - [MESSAGE][PASSED] - Object: 'Object Repository/Page_The Story and Evolution of Doodles - G_6e786d/p_The first Doodle was a simple out-of-offi_345e61' is clicked on

07-06-2024T13:58:45 - [TEST_STEP][PASSED] - verifyElementVisible(findTestObject("Object Repository/Page_The Story and Evolution of Doodles - G_6e786d/h1_The story behind Doodles")): Object 'Object Repository/Page_The Story and Evolution of Doodles - G_6e786d/h1_The story behind Doodles' is visible

07-06-2024T13:58:45 - [MESSAGE][PASSED] - Object 'Object Repository/Page_The Story and Evolution of Doodles - G_6e786d/h1_The story behind Doodles' is visible

07-06-2024T13:58:45 - [TEST_STEP][PASSED] - verifyElementVisible(findTestObject("Object Repository/Page_The Story and Evolution of Doodles - G_6e786d/p_The first Doodle was a simple out-of-offi_345e61")): Object 'Object Repository/Page_The Story and Evolution of Doodles - G_6e786d/p_The first Doodle was a simple out-of-offi_345e61' is visible

07-06-2024T13:58:45 - [MESSAGE][PASSED] - Object 'Object Repository/Page_The Story and Evolution of Doodles - G_6e786d/p_The first Doodle was a simple out-of-offi_345e61' is visible

07-06-2024T13:58:45 - [TEST_STEP][PASSED] - verifyElementVisible(findTestObject("Object Repository/Page_The Story and Evolution of Doodles - G_6e786d/h2_Weve created more than 5,000 Doodles ove_111429")): Object 'Object Repository/Page_The Story and Evolution of Doodles - G_6e786d/h2_Weve created more than 5,000 Doodles ove_111429' is visible

07-06-2024T13:58:45 - [MESSAGE][PASSED] - Object 'Object Repository/Page_The Story and Evolution of Doodles - G_6e786d/h2_Weve created more than 5,000 Doodles ove_111429' is visible

07-06-2024T13:58:45 - [TEST_STEP][PASSED] - click(findTestObject("Object Repository/Page_The Story and Evolution of Doodles - G_6e786d/p_The first Doodle was a simple out-of-offi_345e61")): Object: 'Object Repository/Page_The Story and Evolution of Doodles - G_6e786d/p_The first Doodle was a simple out-of-offi_345e61' is clicked on

07-06-2024T13:58:45 - [MESSAGE][PASSED] - Object: 'Object Repository/Page_The Story and Evolution of Doodles - G_6e786d/p_The first Doodle was a simple out-of-offi_345e61' is clicked on

07-06-2024T13:58:45 - [TEST_STEP][PASSED] - verifyElementVisible(findTestObject("Object Repository/Page_The Story and Evolution of Doodles - G_6e786d/h1_The story behind Doodles")): Object 'Object Repository/Page_The Story and Evolution of Doodles - G_6e786d/h1_The story behind Doodles' is visible

07-06-2024T13:58:45 - [MESSAGE][PASSED] - Object 'Object Repository/Page_The Story and Evolution of Doodles - G_6e786d/h1_The story behind Doodles' is visible

07-06-2024T13:58:45 - [TEST_STEP][PASSED] - verifyElementVisible(findTestObject("Object Repository/Page_The Story and Evolution of Doodles - G_6e786d/p_The first Doodle was a simple out-of-offi_345e61")): Object 'Object Repository/Page_The Story and Evolution of Doodles - G_6e786d/p_The first Doodle was a simple out-of-offi_345e61' is visible

07-06-2024T13:58:45 - [MESSAGE][PASSED] - Object 'Object Repository/Page_The Story and Evolution of Doodles - G_6e786d/p_The first Doodle was a simple out-of-offi_345e61' is visible

07-06-2024T13:58:45 - [TEST_STEP][PASSED] - verifyElementVisible(findTestObject("Object Repository/Page_The Story and Evolution of Doodles - G_6e786d/h2_Weve created more than 5,000 Doodles ove_111429")): Object 'Object Repository/Page_The Story and Evolution of Doodles - G_6e786d/h2_Weve created more than 5,000 Doodles ove_111429' is visible

07-06-2024T13:58:45 - [MESSAGE][PASSED] - Object 'Object Repository/Page_The Story and Evolution of Doodles - G_6e786d/h2_Weve created more than 5,000 Doodles ove_111429' is visible

07-06-2024T13:58:45 - [TEST_STEP][PASSED] - click(findTestObject("Object Repository/Page_The Story and Evolution of Doodles - G_6e786d/p_The first Doodle was a simple out-of-offi_345e61")): Object: 'Object Repository/Page_The Story and Evolution of Doodles - G_6e786d/p_The first Doodle was a simple out-of-offi_345e61' is clicked on

07-06-2024T13:58:45 - [MESSAGE][PASSED] - Object: 'Object Repository/Page_The Story and Evolution of Doodles - G_6e786d/p_The first Doodle was a simple out-of-offi_345e61' is clicked on

07-06-2024T13:58:45 - [TEST_STEP][PASSED] - verifyElementVisible(findTestObject("Object Repository/Page_The Story and Evolution of Doodles - G_6e786d/h1_The story behind Doodles")): Object 'Object Repository/Page_The Story and Evolution of Doodles - G_6e786d/h1_The story behind Doodles' is visible

07-06-2024T13:58:45 - [MESSAGE][PASSED] - Object 'Object Repository/Page_The Story and Evolution of Doodles - G_6e786d/h1_The story behind Doodles' is visible

07-06-2024T13:58:45 - [TEST_STEP][PASSED] - verifyElementVisible(findTestObject("Object Repository/Page_The Story and Evolution of Doodles - G_6e786d/p_The first Doodle was a simple out-of-offi_345e61")): Object 'Object Repository/Page_The Story and Evolution of Doodles - G_6e786d/p_The first Doodle was a simple out-of-offi_345e61' is visible

07-06-2024T13:58:45 - [MESSAGE][PASSED] - Object 'Object Repository/Page_The Story and Evolution of Doodles - G_6e786d/p_The first Doodle was a simple out-of-offi_345e61' is visible

07-06-2024T13:58:45 - [TEST_STEP][PASSED] - verifyElementVisible(findTestObject("Object Repository/Page_The Story and Evolution of Doodles - G_6e786d/h2_Weve created more than 5,000 Doodles ove_111429")): Object 'Object Repository/Page_The Story and Evolution of Doodles - G_6e786d/h2_Weve created more than 5,000 Doodles ove_111429' is visible

07-06-2024T13:58:45 - [MESSAGE][PASSED] - Object 'Object Repository/Page_The Story and Evolution of Doodles - G_6e786d/h2_Weve created more than 5,000 Doodles ove_111429' is visible

07-06-2024T13:58:45 - [TEST_STEP][PASSED] - click(findTestObject("Object Repository/Page_The Story and Evolution of Doodles - G_6e786d/p_The first Doodle was a simple out-of-offi_345e61")): Object: 'Object Repository/Page_The Story and Evolution of Doodles - G_6e786d/p_The first Doodle was a simple out-of-offi_345e61' is clicked on

07-06-2024T13:58:46 - [MESSAGE][PASSED] - Object: 'Object Repository/Page_The Story and Evolution of Doodles - G_6e786d/p_The first Doodle was a simple out-of-offi_345e61' is clicked on

07-06-2024T13:58:46 - [TEST_STEP][PASSED] - verifyElementVisible(findTestObject("Object Repository/Page_The Story and Evolution of Doodles - G_6e786d/h1_The story behind Doodles")): Object 'Object Repository/Page_The Story and Evolution of Doodles - G_6e786d/h1_The story behind Doodles' is visible

07-06-2024T13:58:46 - [MESSAGE][PASSED] - Object 'Object Repository/Page_The Story and Evolution of Doodles - G_6e786d/h1_The story behind Doodles' is visible

07-06-2024T13:58:46 - [TEST_STEP][PASSED] - verifyElementVisible(findTestObject("Object Repository/Page_The Story and Evolution of Doodles - G_6e786d/p_The first Doodle was a simple out-of-offi_345e61")): Object 'Object Repository/Page_The Story and Evolution of Doodles - G_6e786d/p_The first Doodle was a simple out-of-offi_345e61' is visible

07-06-2024T13:58:46 - [MESSAGE][PASSED] - Object 'Object Repository/Page_The Story and Evolution of Doodles - G_6e786d/p_The first Doodle was a simple out-of-offi_345e61' is visible

07-06-2024T13:58:46 - [TEST_STEP][PASSED] - verifyElementVisible(findTestObject("Object Repository/Page_The Story and Evolution of Doodles - G_6e786d/h2_Weve created more than 5,000 Doodles ove_111429")): Object 'Object Repository/Page_The Story and Evolution of Doodles - G_6e786d/h2_Weve created more than 5,000 Doodles ove_111429' is visible

07-06-2024T13:58:46 - [MESSAGE][PASSED] - Object 'Object Repository/Page_The Story and Evolution of Doodles - G_6e786d/h2_Weve created more than 5,000 Doodles ove_111429' is visible

07-06-2024T13:58:46 - [TEST_STEP][PASSED] - click(findTestObject("Object Repository/Page_The Story and Evolution of Doodles - G_6e786d/p_The first Doodle was a simple out-of-offi_345e61")): Object: 'Object Repository/Page_The Story and Evolution of Doodles - G_6e786d/p_The first Doodle was a simple out-of-offi_345e61' is clicked on

07-06-2024T13:58:46 - [MESSAGE][PASSED] - Object: 'Object Repository/Page_The Story and Evolution of Doodles - G_6e786d/p_The first Doodle was a simple out-of-offi_345e61' is clicked on

07-06-2024T13:58:46 - [TEST_STEP][PASSED] - verifyElementVisible(findTestObject("Object Repository/Page_The Story and Evolution of Doodles - G_6e786d/h1_The story behind Doodles")): Object 'Object Repository/Page_The Story and Evolution of Doodles - G_6e786d/h1_The story behind Doodles' is visible

07-06-2024T13:58:46 - [MESSAGE][PASSED] - Object 'Object Repository/Page_The Story and Evolution of Doodles - G_6e786d/h1_The story behind Doodles' is visible

07-06-2024T13:58:46 - [TEST_STEP][PASSED] - verifyElementVisible(findTestObject("Object Repository/Page_The Story and Evolution of Doodles - G_6e786d/p_The first Doodle was a simple out-of-offi_345e61")): Object 'Object Repository/Page_The Story and Evolution of Doodles - G_6e786d/p_The first Doodle was a simple out-of-offi_345e61' is visible

07-06-2024T13:58:46 - [MESSAGE][PASSED] - Object 'Object Repository/Page_The Story and Evolution of Doodles - G_6e786d/p_The first Doodle was a simple out-of-offi_345e61' is visible

07-06-2024T13:58:46 - [TEST_STEP][PASSED] - verifyElementVisible(findTestObject("Object Repository/Page_The Story and Evolution of Doodles - G_6e786d/h2_Weve created more than 5,000 Doodles ove_111429")): Object 'Object Repository/Page_The Story and Evolution of Doodles - G_6e786d/h2_Weve created more than 5,000 Doodles ove_111429' is visible

07-06-2024T13:58:46 - [MESSAGE][PASSED] - Object 'Object Repository/Page_The Story and Evolution of Doodles - G_6e786d/h2_Weve created more than 5,000 Doodles ove_111429' is visible

07-06-2024T13:58:46 - [TEST_STEP][PASSED] - click(findTestObject("Object Repository/Page_The Story and Evolution of Doodles - G_6e786d/p_The first Doodle was a simple out-of-offi_345e61")): Object: 'Object Repository/Page_The Story and Evolution of Doodles - G_6e786d/p_The first Doodle was a simple out-of-offi_345e61' is clicked on

07-06-2024T13:58:46 - [MESSAGE][PASSED] - Object: 'Object Repository/Page_The Story and Evolution of Doodles - G_6e786d/p_The first Doodle was a simple out-of-offi_345e61' is clicked on

07-06-2024T13:58:46 - [TEST_STEP][PASSED] - verifyElementVisible(findTestObject("Object Repository/Page_The Story and Evolution of Doodles - G_6e786d/h1_The story behind Doodles")): Object 'Object Repository/Page_The Story and Evolution of Doodles - G_6e786d/h1_The story behind Doodles' is visible

07-06-2024T13:58:46 - [MESSAGE][PASSED] - Object 'Object Repository/Page_The Story and Evolution of Doodles - G_6e786d/h1_The story behind Doodles' is visible

07-06-2024T13:58:46 - [TEST_STEP][PASSED] - verifyElementVisible(findTestObject("Object Repository/Page_The Story and Evolution of Doodles - G_6e786d/p_The first Doodle was a simple out-of-offi_345e61")): Object 'Object Repository/Page_The Story and Evolution of Doodles - G_6e786d/p_The first Doodle was a simple out-of-offi_345e61' is visible

07-06-2024T13:58:47 - [MESSAGE][PASSED] - Object 'Object Repository/Page_The Story and Evolution of Doodles - G_6e786d/p_The first Doodle was a simple out-of-offi_345e61' is visible

07-06-2024T13:58:47 - [TEST_STEP][PASSED] - verifyElementVisible(findTestObject("Object Repository/Page_The Story and Evolution of Doodles - G_6e786d/h2_Weve created more than 5,000 Doodles ove_111429")): Object 'Object Repository/Page_The Story and Evolution of Doodles - G_6e786d/h2_Weve created more than 5,000 Doodles ove_111429' is visible

07-06-2024T13:58:47 - [MESSAGE][PASSED] - Object 'Object Repository/Page_The Story and Evolution of Doodles - G_6e786d/h2_Weve created more than 5,000 Doodles ove_111429' is visible

07-06-2024T13:58:47 - [TEST_STEP][PASSED] - click(findTestObject("Object Repository/Page_The Story and Evolution of Doodles - G_6e786d/p_The first Doodle was a simple out-of-offi_345e61")): Object: 'Object Repository/Page_The Story and Evolution of Doodles - G_6e786d/p_The first Doodle was a simple out-of-offi_345e61' is clicked on

07-06-2024T13:58:47 - [MESSAGE][PASSED] - Object: 'Object Repository/Page_The Story and Evolution of Doodles - G_6e786d/p_The first Doodle was a simple out-of-offi_345e61' is clicked on

07-06-2024T13:58:47 - [TEST_STEP][PASSED] - verifyElementVisible(findTestObject("Object Repository/Page_The Story and Evolution of Doodles - G_6e786d/h1_The story behind Doodles")): Object 'Object Repository/Page_The Story and Evolution of Doodles - G_6e786d/h1_The story behind Doodles' is visible

07-06-2024T13:58:47 - [MESSAGE][PASSED] - Object 'Object Repository/Page_The Story and Evolution of Doodles - G_6e786d/h1_The story behind Doodles' is visible

07-06-2024T13:58:47 - [TEST_STEP][PASSED] - verifyElementVisible(findTestObject("Object Repository/Page_The Story and Evolution of Doodles - G_6e786d/p_The first Doodle was a simple out-of-offi_345e61")): Object 'Object Repository/Page_The Story and Evolution of Doodles - G_6e786d/p_The first Doodle was a simple out-of-offi_345e61' is visible

07-06-2024T13:58:47 - [MESSAGE][PASSED] - Object 'Object Repository/Page_The Story and Evolution of Doodles - G_6e786d/p_The first Doodle was a simple out-of-offi_345e61' is visible

07-06-2024T13:58:47 - [TEST_STEP][PASSED] - verifyElementVisible(findTestObject("Object Repository/Page_The Story and Evolution of Doodles - G_6e786d/h2_Weve created more than 5,000 Doodles ove_111429")): Object 'Object Repository/Page_The Story and Evolution of Doodles - G_6e786d/h2_Weve created more than 5,000 Doodles ove_111429' is visible

07-06-2024T13:58:47 - [MESSAGE][PASSED] - Object 'Object Repository/Page_The Story and Evolution of Doodles - G_6e786d/h2_Weve created more than 5,000 Doodles ove_111429' is visible

07-06-2024T13:58:47 - [TEST_STEP][PASSED] - click(findTestObject("Object Repository/Page_The Story and Evolution of Doodles - G_6e786d/p_The first Doodle was a simple out-of-offi_345e61")): Object: 'Object Repository/Page_The Story and Evolution of Doodles - G_6e786d/p_The first Doodle was a simple out-of-offi_345e61' is clicked on

07-06-2024T13:58:47 - [MESSAGE][PASSED] - Object: 'Object Repository/Page_The Story and Evolution of Doodles - G_6e786d/p_The first Doodle was a simple out-of-offi_345e61' is clicked on

07-06-2024T13:58:47 - [TEST_STEP][PASSED] - verifyElementVisible(findTestObject("Object Repository/Page_The Story and Evolution of Doodles - G_6e786d/h1_The story behind Doodles")): Object 'Object Repository/Page_The Story and Evolution of Doodles - G_6e786d/h1_The story behind Doodles' is visible

07-06-2024T13:58:47 - [MESSAGE][PASSED] - Object 'Object Repository/Page_The Story and Evolution of Doodles - G_6e786d/h1_The story behind Doodles' is visible

07-06-2024T13:58:47 - [TEST_STEP][PASSED] - verifyElementVisible(findTestObject("Object Repository/Page_The Story and Evolution of Doodles - G_6e786d/p_The first Doodle was a simple out-of-offi_345e61")): Object 'Object Repository/Page_The Story and Evolution of Doodles - G_6e786d/p_The first Doodle was a simple out-of-offi_345e61' is visible

07-06-2024T13:58:47 - [MESSAGE][PASSED] - Object 'Object Repository/Page_The Story and Evolution of Doodles - G_6e786d/p_The first Doodle was a simple out-of-offi_345e61' is visible

07-06-2024T13:58:47 - [TEST_STEP][PASSED] - verifyElementVisible(findTestObject("Object Repository/Page_The Story and Evolution of Doodles - G_6e786d/h2_Weve created more than 5,000 Doodles ove_111429")): Object 'Object Repository/Page_The Story and Evolution of Doodles - G_6e786d/h2_Weve created more than 5,000 Doodles ove_111429' is visible

07-06-2024T13:58:47 - [MESSAGE][PASSED] - Object 'Object Repository/Page_The Story and Evolution of Doodles - G_6e786d/h2_Weve created more than 5,000 Doodles ove_111429' is visible

07-06-2024T13:58:47 - [TEST_STEP][PASSED] - click(findTestObject("Object Repository/Page_The Story and Evolution of Doodles - G_6e786d/p_The first Doodle was a simple out-of-offi_345e61")): Object: 'Object Repository/Page_The Story and Evolution of Doodles - G_6e786d/p_The first Doodle was a simple out-of-offi_345e61' is clicked on

07-06-2024T13:58:48 - [MESSAGE][PASSED] - Object: 'Object Repository/Page_The Story and Evolution of Doodles - G_6e786d/p_The first Doodle was a simple out-of-offi_345e61' is clicked on

07-06-2024T13:58:48 - [TEST_STEP][PASSED] - verifyElementVisible(findTestObject("Object Repository/Page_The Story and Evolution of Doodles - G_6e786d/h1_The story behind Doodles")): Object 'Object Repository/Page_The Story and Evolution of Doodles - G_6e786d/h1_The story behind Doodles' is visible

07-06-2024T13:58:48 - [MESSAGE][PASSED] - Object 'Object Repository/Page_The Story and Evolution of Doodles - G_6e786d/h1_The story behind Doodles' is visible

07-06-2024T13:58:48 - [TEST_STEP][PASSED] - verifyElementVisible(findTestObject("Object Repository/Page_The Story and Evolution of Doodles - G_6e786d/p_The first Doodle was a simple out-of-offi_345e61")): Object 'Object Repository/Page_The Story and Evolution of Doodles - G_6e786d/p_The first Doodle was a simple out-of-offi_345e61' is visible

07-06-2024T13:58:48 - [MESSAGE][PASSED] - Object 'Object Repository/Page_The Story and Evolution of Doodles - G_6e786d/p_The first Doodle was a simple out-of-offi_345e61' is visible

07-06-2024T13:58:48 - [TEST_STEP][PASSED] - verifyElementVisible(findTestObject("Object Repository/Page_The Story and Evolution of Doodles - G_6e786d/h2_Weve created more than 5,000 Doodles ove_111429")): Object 'Object Repository/Page_The Story and Evolution of Doodles - G_6e786d/h2_Weve created more than 5,000 Doodles ove_111429' is visible

07-06-2024T13:58:48 - [MESSAGE][PASSED] - Object 'Object Repository/Page_The Story and Evolution of Doodles - G_6e786d/h2_Weve created more than 5,000 Doodles ove_111429' is visible]]></system-out>
         <system-err><![CDATA[]]></system-err>
      </testcase>
      <testcase name="Test Cases/test case folder 1/tc1 - Copy (5) - Copy (4)" time="8.585" classname="Test Cases/test case folder 1/tc1 - Copy (5) - Copy (4)" status="PASSED">
         <system-out><![CDATA[07-06-2024T13:58:48 - [TEST_CASE][PASSED] - Test Cases/test case folder 1/tc1 - Copy (5) - Copy (4): Test Cases/test case folder 1/tc1 - Copy (5) - Copy (4)

07-06-2024T13:58:48 - [TEST_STEP][PASSED] - openBrowser(""): Browser is opened with url: ''

07-06-2024T13:58:48 - [MESSAGE][WARNING] - A browser is already opened. Closing browser and opening a new one

07-06-2024T13:58:49 - [MESSAGE][INFO] - Starting 'Firefox (headless)' driver

07-06-2024T13:58:49 - [MESSAGE][INFO] - Action delay is set to 0 milliseconds

07-06-2024T13:58:51 - [MESSAGE][PASSED] - Browser is opened with url: ''

07-06-2024T13:58:51 - [TEST_STEP][PASSED] - navigateToUrl("https://doodles.google/about/"): Navigate to 'https://doodles.google/about/' successfully

07-06-2024T13:58:52 - [MESSAGE][PASSED] - Navigate to 'https://doodles.google/about/' successfully

07-06-2024T13:58:52 - [TEST_STEP][PASSED] - click(findTestObject("Object Repository/Page_The Story and Evolution of Doodles - G_6e786d/p_The first Doodle was a simple out-of-offi_345e61")): Object: 'Object Repository/Page_The Story and Evolution of Doodles - G_6e786d/p_The first Doodle was a simple out-of-offi_345e61' is clicked on

07-06-2024T13:58:53 - [MESSAGE][PASSED] - Object: 'Object Repository/Page_The Story and Evolution of Doodles - G_6e786d/p_The first Doodle was a simple out-of-offi_345e61' is clicked on

07-06-2024T13:58:53 - [TEST_STEP][PASSED] - click(findTestObject("Object Repository/Page_The Story and Evolution of Doodles - G_6e786d/p_The first Doodle was a simple out-of-offi_345e61")): Object: 'Object Repository/Page_The Story and Evolution of Doodles - G_6e786d/p_The first Doodle was a simple out-of-offi_345e61' is clicked on

07-06-2024T13:58:53 - [MESSAGE][PASSED] - Object: 'Object Repository/Page_The Story and Evolution of Doodles - G_6e786d/p_The first Doodle was a simple out-of-offi_345e61' is clicked on

07-06-2024T13:58:53 - [TEST_STEP][PASSED] - verifyElementVisible(findTestObject("Object Repository/Page_The Story and Evolution of Doodles - G_6e786d/h1_The story behind Doodles")): Object 'Object Repository/Page_The Story and Evolution of Doodles - G_6e786d/h1_The story behind Doodles' is visible

07-06-2024T13:58:53 - [MESSAGE][PASSED] - Object 'Object Repository/Page_The Story and Evolution of Doodles - G_6e786d/h1_The story behind Doodles' is visible

07-06-2024T13:58:53 - [TEST_STEP][PASSED] - verifyElementVisible(findTestObject("Object Repository/Page_The Story and Evolution of Doodles - G_6e786d/p_The first Doodle was a simple out-of-offi_345e61")): Object 'Object Repository/Page_The Story and Evolution of Doodles - G_6e786d/p_The first Doodle was a simple out-of-offi_345e61' is visible

07-06-2024T13:58:53 - [MESSAGE][PASSED] - Object 'Object Repository/Page_The Story and Evolution of Doodles - G_6e786d/p_The first Doodle was a simple out-of-offi_345e61' is visible

07-06-2024T13:58:53 - [TEST_STEP][PASSED] - verifyElementVisible(findTestObject("Object Repository/Page_The Story and Evolution of Doodles - G_6e786d/h2_Weve created more than 5,000 Doodles ove_111429")): Object 'Object Repository/Page_The Story and Evolution of Doodles - G_6e786d/h2_Weve created more than 5,000 Doodles ove_111429' is visible

07-06-2024T13:58:53 - [MESSAGE][PASSED] - Object 'Object Repository/Page_The Story and Evolution of Doodles - G_6e786d/h2_Weve created more than 5,000 Doodles ove_111429' is visible

07-06-2024T13:58:53 - [TEST_STEP][PASSED] - verifyElementVisible(findTestObject("Object Repository/Page_The Story and Evolution of Doodles - G_6e786d/h1_The story behind Doodles")): Object 'Object Repository/Page_The Story and Evolution of Doodles - G_6e786d/h1_The story behind Doodles' is visible

07-06-2024T13:58:53 - [MESSAGE][PASSED] - Object 'Object Repository/Page_The Story and Evolution of Doodles - G_6e786d/h1_The story behind Doodles' is visible

07-06-2024T13:58:53 - [TEST_STEP][PASSED] - verifyElementVisible(findTestObject("Object Repository/Page_The Story and Evolution of Doodles - G_6e786d/p_The first Doodle was a simple out-of-offi_345e61")): Object 'Object Repository/Page_The Story and Evolution of Doodles - G_6e786d/p_The first Doodle was a simple out-of-offi_345e61' is visible

07-06-2024T13:58:53 - [MESSAGE][PASSED] - Object 'Object Repository/Page_The Story and Evolution of Doodles - G_6e786d/p_The first Doodle was a simple out-of-offi_345e61' is visible

07-06-2024T13:58:53 - [TEST_STEP][PASSED] - verifyElementVisible(findTestObject("Object Repository/Page_The Story and Evolution of Doodles - G_6e786d/h2_Weve created more than 5,000 Doodles ove_111429")): Object 'Object Repository/Page_The Story and Evolution of Doodles - G_6e786d/h2_Weve created more than 5,000 Doodles ove_111429' is visible

07-06-2024T13:58:53 - [MESSAGE][PASSED] - Object 'Object Repository/Page_The Story and Evolution of Doodles - G_6e786d/h2_Weve created more than 5,000 Doodles ove_111429' is visible

07-06-2024T13:58:53 - [TEST_STEP][PASSED] - click(findTestObject("Object Repository/Page_The Story and Evolution of Doodles - G_6e786d/p_The first Doodle was a simple out-of-offi_345e61")): Object: 'Object Repository/Page_The Story and Evolution of Doodles - G_6e786d/p_The first Doodle was a simple out-of-offi_345e61' is clicked on

07-06-2024T13:58:53 - [MESSAGE][PASSED] - Object: 'Object Repository/Page_The Story and Evolution of Doodles - G_6e786d/p_The first Doodle was a simple out-of-offi_345e61' is clicked on

07-06-2024T13:58:53 - [TEST_STEP][PASSED] - verifyElementVisible(findTestObject("Object Repository/Page_The Story and Evolution of Doodles - G_6e786d/h1_The story behind Doodles")): Object 'Object Repository/Page_The Story and Evolution of Doodles - G_6e786d/h1_The story behind Doodles' is visible

07-06-2024T13:58:53 - [MESSAGE][PASSED] - Object 'Object Repository/Page_The Story and Evolution of Doodles - G_6e786d/h1_The story behind Doodles' is visible

07-06-2024T13:58:53 - [TEST_STEP][PASSED] - verifyElementVisible(findTestObject("Object Repository/Page_The Story and Evolution of Doodles - G_6e786d/p_The first Doodle was a simple out-of-offi_345e61")): Object 'Object Repository/Page_The Story and Evolution of Doodles - G_6e786d/p_The first Doodle was a simple out-of-offi_345e61' is visible

07-06-2024T13:58:54 - [MESSAGE][PASSED] - Object 'Object Repository/Page_The Story and Evolution of Doodles - G_6e786d/p_The first Doodle was a simple out-of-offi_345e61' is visible

07-06-2024T13:58:54 - [TEST_STEP][PASSED] - verifyElementVisible(findTestObject("Object Repository/Page_The Story and Evolution of Doodles - G_6e786d/h2_Weve created more than 5,000 Doodles ove_111429")): Object 'Object Repository/Page_The Story and Evolution of Doodles - G_6e786d/h2_Weve created more than 5,000 Doodles ove_111429' is visible

07-06-2024T13:58:54 - [MESSAGE][PASSED] - Object 'Object Repository/Page_The Story and Evolution of Doodles - G_6e786d/h2_Weve created more than 5,000 Doodles ove_111429' is visible

07-06-2024T13:58:54 - [TEST_STEP][PASSED] - click(findTestObject("Object Repository/Page_The Story and Evolution of Doodles - G_6e786d/p_The first Doodle was a simple out-of-offi_345e61")): Object: 'Object Repository/Page_The Story and Evolution of Doodles - G_6e786d/p_The first Doodle was a simple out-of-offi_345e61' is clicked on

07-06-2024T13:58:54 - [MESSAGE][PASSED] - Object: 'Object Repository/Page_The Story and Evolution of Doodles - G_6e786d/p_The first Doodle was a simple out-of-offi_345e61' is clicked on

07-06-2024T13:58:54 - [TEST_STEP][PASSED] - verifyElementVisible(findTestObject("Object Repository/Page_The Story and Evolution of Doodles - G_6e786d/h1_The story behind Doodles")): Object 'Object Repository/Page_The Story and Evolution of Doodles - G_6e786d/h1_The story behind Doodles' is visible

07-06-2024T13:58:54 - [MESSAGE][PASSED] - Object 'Object Repository/Page_The Story and Evolution of Doodles - G_6e786d/h1_The story behind Doodles' is visible

07-06-2024T13:58:54 - [TEST_STEP][PASSED] - verifyElementVisible(findTestObject("Object Repository/Page_The Story and Evolution of Doodles - G_6e786d/p_The first Doodle was a simple out-of-offi_345e61")): Object 'Object Repository/Page_The Story and Evolution of Doodles - G_6e786d/p_The first Doodle was a simple out-of-offi_345e61' is visible

07-06-2024T13:58:54 - [MESSAGE][PASSED] - Object 'Object Repository/Page_The Story and Evolution of Doodles - G_6e786d/p_The first Doodle was a simple out-of-offi_345e61' is visible

07-06-2024T13:58:54 - [TEST_STEP][PASSED] - verifyElementVisible(findTestObject("Object Repository/Page_The Story and Evolution of Doodles - G_6e786d/h2_Weve created more than 5,000 Doodles ove_111429")): Object 'Object Repository/Page_The Story and Evolution of Doodles - G_6e786d/h2_Weve created more than 5,000 Doodles ove_111429' is visible

07-06-2024T13:58:54 - [MESSAGE][PASSED] - Object 'Object Repository/Page_The Story and Evolution of Doodles - G_6e786d/h2_Weve created more than 5,000 Doodles ove_111429' is visible

07-06-2024T13:58:54 - [TEST_STEP][PASSED] - click(findTestObject("Object Repository/Page_The Story and Evolution of Doodles - G_6e786d/p_The first Doodle was a simple out-of-offi_345e61")): Object: 'Object Repository/Page_The Story and Evolution of Doodles - G_6e786d/p_The first Doodle was a simple out-of-offi_345e61' is clicked on

07-06-2024T13:58:54 - [MESSAGE][PASSED] - Object: 'Object Repository/Page_The Story and Evolution of Doodles - G_6e786d/p_The first Doodle was a simple out-of-offi_345e61' is clicked on

07-06-2024T13:58:54 - [TEST_STEP][PASSED] - verifyElementVisible(findTestObject("Object Repository/Page_The Story and Evolution of Doodles - G_6e786d/h1_The story behind Doodles")): Object 'Object Repository/Page_The Story and Evolution of Doodles - G_6e786d/h1_The story behind Doodles' is visible

07-06-2024T13:58:54 - [MESSAGE][PASSED] - Object 'Object Repository/Page_The Story and Evolution of Doodles - G_6e786d/h1_The story behind Doodles' is visible

07-06-2024T13:58:54 - [TEST_STEP][PASSED] - verifyElementVisible(findTestObject("Object Repository/Page_The Story and Evolution of Doodles - G_6e786d/p_The first Doodle was a simple out-of-offi_345e61")): Object 'Object Repository/Page_The Story and Evolution of Doodles - G_6e786d/p_The first Doodle was a simple out-of-offi_345e61' is visible

07-06-2024T13:58:54 - [MESSAGE][PASSED] - Object 'Object Repository/Page_The Story and Evolution of Doodles - G_6e786d/p_The first Doodle was a simple out-of-offi_345e61' is visible

07-06-2024T13:58:54 - [TEST_STEP][PASSED] - verifyElementVisible(findTestObject("Object Repository/Page_The Story and Evolution of Doodles - G_6e786d/h2_Weve created more than 5,000 Doodles ove_111429")): Object 'Object Repository/Page_The Story and Evolution of Doodles - G_6e786d/h2_Weve created more than 5,000 Doodles ove_111429' is visible

07-06-2024T13:58:54 - [MESSAGE][PASSED] - Object 'Object Repository/Page_The Story and Evolution of Doodles - G_6e786d/h2_Weve created more than 5,000 Doodles ove_111429' is visible

07-06-2024T13:58:54 - [TEST_STEP][PASSED] - click(findTestObject("Object Repository/Page_The Story and Evolution of Doodles - G_6e786d/p_The first Doodle was a simple out-of-offi_345e61")): Object: 'Object Repository/Page_The Story and Evolution of Doodles - G_6e786d/p_The first Doodle was a simple out-of-offi_345e61' is clicked on

07-06-2024T13:58:55 - [MESSAGE][PASSED] - Object: 'Object Repository/Page_The Story and Evolution of Doodles - G_6e786d/p_The first Doodle was a simple out-of-offi_345e61' is clicked on

07-06-2024T13:58:55 - [TEST_STEP][PASSED] - verifyElementVisible(findTestObject("Object Repository/Page_The Story and Evolution of Doodles - G_6e786d/h1_The story behind Doodles")): Object 'Object Repository/Page_The Story and Evolution of Doodles - G_6e786d/h1_The story behind Doodles' is visible

07-06-2024T13:58:55 - [MESSAGE][PASSED] - Object 'Object Repository/Page_The Story and Evolution of Doodles - G_6e786d/h1_The story behind Doodles' is visible

07-06-2024T13:58:55 - [TEST_STEP][PASSED] - verifyElementVisible(findTestObject("Object Repository/Page_The Story and Evolution of Doodles - G_6e786d/p_The first Doodle was a simple out-of-offi_345e61")): Object 'Object Repository/Page_The Story and Evolution of Doodles - G_6e786d/p_The first Doodle was a simple out-of-offi_345e61' is visible

07-06-2024T13:58:55 - [MESSAGE][PASSED] - Object 'Object Repository/Page_The Story and Evolution of Doodles - G_6e786d/p_The first Doodle was a simple out-of-offi_345e61' is visible

07-06-2024T13:58:55 - [TEST_STEP][PASSED] - verifyElementVisible(findTestObject("Object Repository/Page_The Story and Evolution of Doodles - G_6e786d/h2_Weve created more than 5,000 Doodles ove_111429")): Object 'Object Repository/Page_The Story and Evolution of Doodles - G_6e786d/h2_Weve created more than 5,000 Doodles ove_111429' is visible

07-06-2024T13:58:55 - [MESSAGE][PASSED] - Object 'Object Repository/Page_The Story and Evolution of Doodles - G_6e786d/h2_Weve created more than 5,000 Doodles ove_111429' is visible

07-06-2024T13:58:55 - [TEST_STEP][PASSED] - click(findTestObject("Object Repository/Page_The Story and Evolution of Doodles - G_6e786d/p_The first Doodle was a simple out-of-offi_345e61")): Object: 'Object Repository/Page_The Story and Evolution of Doodles - G_6e786d/p_The first Doodle was a simple out-of-offi_345e61' is clicked on

07-06-2024T13:58:55 - [MESSAGE][PASSED] - Object: 'Object Repository/Page_The Story and Evolution of Doodles - G_6e786d/p_The first Doodle was a simple out-of-offi_345e61' is clicked on

07-06-2024T13:58:55 - [TEST_STEP][PASSED] - verifyElementVisible(findTestObject("Object Repository/Page_The Story and Evolution of Doodles - G_6e786d/h1_The story behind Doodles")): Object 'Object Repository/Page_The Story and Evolution of Doodles - G_6e786d/h1_The story behind Doodles' is visible

07-06-2024T13:58:55 - [MESSAGE][PASSED] - Object 'Object Repository/Page_The Story and Evolution of Doodles - G_6e786d/h1_The story behind Doodles' is visible

07-06-2024T13:58:55 - [TEST_STEP][PASSED] - verifyElementVisible(findTestObject("Object Repository/Page_The Story and Evolution of Doodles - G_6e786d/p_The first Doodle was a simple out-of-offi_345e61")): Object 'Object Repository/Page_The Story and Evolution of Doodles - G_6e786d/p_The first Doodle was a simple out-of-offi_345e61' is visible

07-06-2024T13:58:55 - [MESSAGE][PASSED] - Object 'Object Repository/Page_The Story and Evolution of Doodles - G_6e786d/p_The first Doodle was a simple out-of-offi_345e61' is visible

07-06-2024T13:58:55 - [TEST_STEP][PASSED] - verifyElementVisible(findTestObject("Object Repository/Page_The Story and Evolution of Doodles - G_6e786d/h2_Weve created more than 5,000 Doodles ove_111429")): Object 'Object Repository/Page_The Story and Evolution of Doodles - G_6e786d/h2_Weve created more than 5,000 Doodles ove_111429' is visible

07-06-2024T13:58:55 - [MESSAGE][PASSED] - Object 'Object Repository/Page_The Story and Evolution of Doodles - G_6e786d/h2_Weve created more than 5,000 Doodles ove_111429' is visible

07-06-2024T13:58:55 - [TEST_STEP][PASSED] - click(findTestObject("Object Repository/Page_The Story and Evolution of Doodles - G_6e786d/p_The first Doodle was a simple out-of-offi_345e61")): Object: 'Object Repository/Page_The Story and Evolution of Doodles - G_6e786d/p_The first Doodle was a simple out-of-offi_345e61' is clicked on

07-06-2024T13:58:55 - [MESSAGE][PASSED] - Object: 'Object Repository/Page_The Story and Evolution of Doodles - G_6e786d/p_The first Doodle was a simple out-of-offi_345e61' is clicked on

07-06-2024T13:58:55 - [TEST_STEP][PASSED] - verifyElementVisible(findTestObject("Object Repository/Page_The Story and Evolution of Doodles - G_6e786d/h1_The story behind Doodles")): Object 'Object Repository/Page_The Story and Evolution of Doodles - G_6e786d/h1_The story behind Doodles' is visible

07-06-2024T13:58:55 - [MESSAGE][PASSED] - Object 'Object Repository/Page_The Story and Evolution of Doodles - G_6e786d/h1_The story behind Doodles' is visible

07-06-2024T13:58:55 - [TEST_STEP][PASSED] - verifyElementVisible(findTestObject("Object Repository/Page_The Story and Evolution of Doodles - G_6e786d/p_The first Doodle was a simple out-of-offi_345e61")): Object 'Object Repository/Page_The Story and Evolution of Doodles - G_6e786d/p_The first Doodle was a simple out-of-offi_345e61' is visible

07-06-2024T13:58:55 - [MESSAGE][PASSED] - Object 'Object Repository/Page_The Story and Evolution of Doodles - G_6e786d/p_The first Doodle was a simple out-of-offi_345e61' is visible

07-06-2024T13:58:55 - [TEST_STEP][PASSED] - verifyElementVisible(findTestObject("Object Repository/Page_The Story and Evolution of Doodles - G_6e786d/h2_Weve created more than 5,000 Doodles ove_111429")): Object 'Object Repository/Page_The Story and Evolution of Doodles - G_6e786d/h2_Weve created more than 5,000 Doodles ove_111429' is visible

07-06-2024T13:58:55 - [MESSAGE][PASSED] - Object 'Object Repository/Page_The Story and Evolution of Doodles - G_6e786d/h2_Weve created more than 5,000 Doodles ove_111429' is visible

07-06-2024T13:58:55 - [TEST_STEP][PASSED] - click(findTestObject("Object Repository/Page_The Story and Evolution of Doodles - G_6e786d/p_The first Doodle was a simple out-of-offi_345e61")): Object: 'Object Repository/Page_The Story and Evolution of Doodles - G_6e786d/p_The first Doodle was a simple out-of-offi_345e61' is clicked on

07-06-2024T13:58:56 - [MESSAGE][PASSED] - Object: 'Object Repository/Page_The Story and Evolution of Doodles - G_6e786d/p_The first Doodle was a simple out-of-offi_345e61' is clicked on

07-06-2024T13:58:56 - [TEST_STEP][PASSED] - verifyElementVisible(findTestObject("Object Repository/Page_The Story and Evolution of Doodles - G_6e786d/h1_The story behind Doodles")): Object 'Object Repository/Page_The Story and Evolution of Doodles - G_6e786d/h1_The story behind Doodles' is visible

07-06-2024T13:58:56 - [MESSAGE][PASSED] - Object 'Object Repository/Page_The Story and Evolution of Doodles - G_6e786d/h1_The story behind Doodles' is visible

07-06-2024T13:58:56 - [TEST_STEP][PASSED] - verifyElementVisible(findTestObject("Object Repository/Page_The Story and Evolution of Doodles - G_6e786d/p_The first Doodle was a simple out-of-offi_345e61")): Object 'Object Repository/Page_The Story and Evolution of Doodles - G_6e786d/p_The first Doodle was a simple out-of-offi_345e61' is visible

07-06-2024T13:58:56 - [MESSAGE][PASSED] - Object 'Object Repository/Page_The Story and Evolution of Doodles - G_6e786d/p_The first Doodle was a simple out-of-offi_345e61' is visible

07-06-2024T13:58:56 - [TEST_STEP][PASSED] - verifyElementVisible(findTestObject("Object Repository/Page_The Story and Evolution of Doodles - G_6e786d/h2_Weve created more than 5,000 Doodles ove_111429")): Object 'Object Repository/Page_The Story and Evolution of Doodles - G_6e786d/h2_Weve created more than 5,000 Doodles ove_111429' is visible

07-06-2024T13:58:56 - [MESSAGE][PASSED] - Object 'Object Repository/Page_The Story and Evolution of Doodles - G_6e786d/h2_Weve created more than 5,000 Doodles ove_111429' is visible

07-06-2024T13:58:56 - [TEST_STEP][PASSED] - click(findTestObject("Object Repository/Page_The Story and Evolution of Doodles - G_6e786d/p_The first Doodle was a simple out-of-offi_345e61")): Object: 'Object Repository/Page_The Story and Evolution of Doodles - G_6e786d/p_The first Doodle was a simple out-of-offi_345e61' is clicked on

07-06-2024T13:58:56 - [MESSAGE][PASSED] - Object: 'Object Repository/Page_The Story and Evolution of Doodles - G_6e786d/p_The first Doodle was a simple out-of-offi_345e61' is clicked on

07-06-2024T13:58:56 - [TEST_STEP][PASSED] - verifyElementVisible(findTestObject("Object Repository/Page_The Story and Evolution of Doodles - G_6e786d/h1_The story behind Doodles")): Object 'Object Repository/Page_The Story and Evolution of Doodles - G_6e786d/h1_The story behind Doodles' is visible

07-06-2024T13:58:56 - [MESSAGE][PASSED] - Object 'Object Repository/Page_The Story and Evolution of Doodles - G_6e786d/h1_The story behind Doodles' is visible

07-06-2024T13:58:56 - [TEST_STEP][PASSED] - verifyElementVisible(findTestObject("Object Repository/Page_The Story and Evolution of Doodles - G_6e786d/p_The first Doodle was a simple out-of-offi_345e61")): Object 'Object Repository/Page_The Story and Evolution of Doodles - G_6e786d/p_The first Doodle was a simple out-of-offi_345e61' is visible

07-06-2024T13:58:56 - [MESSAGE][PASSED] - Object 'Object Repository/Page_The Story and Evolution of Doodles - G_6e786d/p_The first Doodle was a simple out-of-offi_345e61' is visible

07-06-2024T13:58:56 - [TEST_STEP][PASSED] - verifyElementVisible(findTestObject("Object Repository/Page_The Story and Evolution of Doodles - G_6e786d/h2_Weve created more than 5,000 Doodles ove_111429")): Object 'Object Repository/Page_The Story and Evolution of Doodles - G_6e786d/h2_Weve created more than 5,000 Doodles ove_111429' is visible

07-06-2024T13:58:56 - [MESSAGE][PASSED] - Object 'Object Repository/Page_The Story and Evolution of Doodles - G_6e786d/h2_Weve created more than 5,000 Doodles ove_111429' is visible

07-06-2024T13:58:56 - [TEST_STEP][PASSED] - click(findTestObject("Object Repository/Page_The Story and Evolution of Doodles - G_6e786d/p_The first Doodle was a simple out-of-offi_345e61")): Object: 'Object Repository/Page_The Story and Evolution of Doodles - G_6e786d/p_The first Doodle was a simple out-of-offi_345e61' is clicked on

07-06-2024T13:58:56 - [MESSAGE][PASSED] - Object: 'Object Repository/Page_The Story and Evolution of Doodles - G_6e786d/p_The first Doodle was a simple out-of-offi_345e61' is clicked on

07-06-2024T13:58:56 - [TEST_STEP][PASSED] - verifyElementVisible(findTestObject("Object Repository/Page_The Story and Evolution of Doodles - G_6e786d/h1_The story behind Doodles")): Object 'Object Repository/Page_The Story and Evolution of Doodles - G_6e786d/h1_The story behind Doodles' is visible

07-06-2024T13:58:56 - [MESSAGE][PASSED] - Object 'Object Repository/Page_The Story and Evolution of Doodles - G_6e786d/h1_The story behind Doodles' is visible

07-06-2024T13:58:56 - [TEST_STEP][PASSED] - verifyElementVisible(findTestObject("Object Repository/Page_The Story and Evolution of Doodles - G_6e786d/p_The first Doodle was a simple out-of-offi_345e61")): Object 'Object Repository/Page_The Story and Evolution of Doodles - G_6e786d/p_The first Doodle was a simple out-of-offi_345e61' is visible

07-06-2024T13:58:56 - [MESSAGE][PASSED] - Object 'Object Repository/Page_The Story and Evolution of Doodles - G_6e786d/p_The first Doodle was a simple out-of-offi_345e61' is visible

07-06-2024T13:58:56 - [TEST_STEP][PASSED] - verifyElementVisible(findTestObject("Object Repository/Page_The Story and Evolution of Doodles - G_6e786d/h2_Weve created more than 5,000 Doodles ove_111429")): Object 'Object Repository/Page_The Story and Evolution of Doodles - G_6e786d/h2_Weve created more than 5,000 Doodles ove_111429' is visible

07-06-2024T13:58:56 - [MESSAGE][PASSED] - Object 'Object Repository/Page_The Story and Evolution of Doodles - G_6e786d/h2_Weve created more than 5,000 Doodles ove_111429' is visible]]></system-out>
         <system-err><![CDATA[]]></system-err>
      </testcase>
      <testcase name="Test Cases/test case folder 1/tc1 - Copy (5) - Copy (5)" time="9.279" classname="Test Cases/test case folder 1/tc1 - Copy (5) - Copy (5)" status="PASSED">
         <system-out><![CDATA[07-06-2024T13:58:56 - [TEST_CASE][PASSED] - Test Cases/test case folder 1/tc1 - Copy (5) - Copy (5): Test Cases/test case folder 1/tc1 - Copy (5) - Copy (5)

07-06-2024T13:58:56 - [TEST_STEP][PASSED] - openBrowser(""): Browser is opened with url: ''

07-06-2024T13:58:56 - [MESSAGE][WARNING] - A browser is already opened. Closing browser and opening a new one

07-06-2024T13:58:57 - [MESSAGE][INFO] - Starting 'Firefox (headless)' driver

07-06-2024T13:58:57 - [MESSAGE][INFO] - Action delay is set to 0 milliseconds

07-06-2024T13:58:59 - [MESSAGE][PASSED] - Browser is opened with url: ''

07-06-2024T13:58:59 - [TEST_STEP][PASSED] - navigateToUrl("https://doodles.google/about/"): Navigate to 'https://doodles.google/about/' successfully

07-06-2024T13:59:02 - [MESSAGE][PASSED] - Navigate to 'https://doodles.google/about/' successfully

07-06-2024T13:59:02 - [TEST_STEP][PASSED] - click(findTestObject("Object Repository/Page_The Story and Evolution of Doodles - G_6e786d/p_The first Doodle was a simple out-of-offi_345e61")): Object: 'Object Repository/Page_The Story and Evolution of Doodles - G_6e786d/p_The first Doodle was a simple out-of-offi_345e61' is clicked on

07-06-2024T13:59:02 - [MESSAGE][PASSED] - Object: 'Object Repository/Page_The Story and Evolution of Doodles - G_6e786d/p_The first Doodle was a simple out-of-offi_345e61' is clicked on

07-06-2024T13:59:02 - [TEST_STEP][PASSED] - click(findTestObject("Object Repository/Page_The Story and Evolution of Doodles - G_6e786d/p_The first Doodle was a simple out-of-offi_345e61")): Object: 'Object Repository/Page_The Story and Evolution of Doodles - G_6e786d/p_The first Doodle was a simple out-of-offi_345e61' is clicked on

07-06-2024T13:59:02 - [MESSAGE][PASSED] - Object: 'Object Repository/Page_The Story and Evolution of Doodles - G_6e786d/p_The first Doodle was a simple out-of-offi_345e61' is clicked on

07-06-2024T13:59:02 - [TEST_STEP][PASSED] - verifyElementVisible(findTestObject("Object Repository/Page_The Story and Evolution of Doodles - G_6e786d/h1_The story behind Doodles")): Object 'Object Repository/Page_The Story and Evolution of Doodles - G_6e786d/h1_The story behind Doodles' is visible

07-06-2024T13:59:02 - [MESSAGE][PASSED] - Object 'Object Repository/Page_The Story and Evolution of Doodles - G_6e786d/h1_The story behind Doodles' is visible

07-06-2024T13:59:02 - [TEST_STEP][PASSED] - verifyElementVisible(findTestObject("Object Repository/Page_The Story and Evolution of Doodles - G_6e786d/p_The first Doodle was a simple out-of-offi_345e61")): Object 'Object Repository/Page_The Story and Evolution of Doodles - G_6e786d/p_The first Doodle was a simple out-of-offi_345e61' is visible

07-06-2024T13:59:03 - [MESSAGE][PASSED] - Object 'Object Repository/Page_The Story and Evolution of Doodles - G_6e786d/p_The first Doodle was a simple out-of-offi_345e61' is visible

07-06-2024T13:59:03 - [TEST_STEP][PASSED] - verifyElementVisible(findTestObject("Object Repository/Page_The Story and Evolution of Doodles - G_6e786d/h2_Weve created more than 5,000 Doodles ove_111429")): Object 'Object Repository/Page_The Story and Evolution of Doodles - G_6e786d/h2_Weve created more than 5,000 Doodles ove_111429' is visible

07-06-2024T13:59:03 - [MESSAGE][PASSED] - Object 'Object Repository/Page_The Story and Evolution of Doodles - G_6e786d/h2_Weve created more than 5,000 Doodles ove_111429' is visible

07-06-2024T13:59:03 - [TEST_STEP][PASSED] - verifyElementVisible(findTestObject("Object Repository/Page_The Story and Evolution of Doodles - G_6e786d/h1_The story behind Doodles")): Object 'Object Repository/Page_The Story and Evolution of Doodles - G_6e786d/h1_The story behind Doodles' is visible

07-06-2024T13:59:03 - [MESSAGE][PASSED] - Object 'Object Repository/Page_The Story and Evolution of Doodles - G_6e786d/h1_The story behind Doodles' is visible

07-06-2024T13:59:03 - [TEST_STEP][PASSED] - verifyElementVisible(findTestObject("Object Repository/Page_The Story and Evolution of Doodles - G_6e786d/p_The first Doodle was a simple out-of-offi_345e61")): Object 'Object Repository/Page_The Story and Evolution of Doodles - G_6e786d/p_The first Doodle was a simple out-of-offi_345e61' is visible

07-06-2024T13:59:03 - [MESSAGE][PASSED] - Object 'Object Repository/Page_The Story and Evolution of Doodles - G_6e786d/p_The first Doodle was a simple out-of-offi_345e61' is visible

07-06-2024T13:59:03 - [TEST_STEP][PASSED] - verifyElementVisible(findTestObject("Object Repository/Page_The Story and Evolution of Doodles - G_6e786d/h2_Weve created more than 5,000 Doodles ove_111429")): Object 'Object Repository/Page_The Story and Evolution of Doodles - G_6e786d/h2_Weve created more than 5,000 Doodles ove_111429' is visible

07-06-2024T13:59:03 - [MESSAGE][PASSED] - Object 'Object Repository/Page_The Story and Evolution of Doodles - G_6e786d/h2_Weve created more than 5,000 Doodles ove_111429' is visible

07-06-2024T13:59:03 - [TEST_STEP][PASSED] - click(findTestObject("Object Repository/Page_The Story and Evolution of Doodles - G_6e786d/p_The first Doodle was a simple out-of-offi_345e61")): Object: 'Object Repository/Page_The Story and Evolution of Doodles - G_6e786d/p_The first Doodle was a simple out-of-offi_345e61' is clicked on

07-06-2024T13:59:03 - [MESSAGE][PASSED] - Object: 'Object Repository/Page_The Story and Evolution of Doodles - G_6e786d/p_The first Doodle was a simple out-of-offi_345e61' is clicked on

07-06-2024T13:59:03 - [TEST_STEP][PASSED] - verifyElementVisible(findTestObject("Object Repository/Page_The Story and Evolution of Doodles - G_6e786d/h1_The story behind Doodles")): Object 'Object Repository/Page_The Story and Evolution of Doodles - G_6e786d/h1_The story behind Doodles' is visible

07-06-2024T13:59:03 - [MESSAGE][PASSED] - Object 'Object Repository/Page_The Story and Evolution of Doodles - G_6e786d/h1_The story behind Doodles' is visible

07-06-2024T13:59:03 - [TEST_STEP][PASSED] - verifyElementVisible(findTestObject("Object Repository/Page_The Story and Evolution of Doodles - G_6e786d/p_The first Doodle was a simple out-of-offi_345e61")): Object 'Object Repository/Page_The Story and Evolution of Doodles - G_6e786d/p_The first Doodle was a simple out-of-offi_345e61' is visible

07-06-2024T13:59:03 - [MESSAGE][PASSED] - Object 'Object Repository/Page_The Story and Evolution of Doodles - G_6e786d/p_The first Doodle was a simple out-of-offi_345e61' is visible

07-06-2024T13:59:03 - [TEST_STEP][PASSED] - verifyElementVisible(findTestObject("Object Repository/Page_The Story and Evolution of Doodles - G_6e786d/h2_Weve created more than 5,000 Doodles ove_111429")): Object 'Object Repository/Page_The Story and Evolution of Doodles - G_6e786d/h2_Weve created more than 5,000 Doodles ove_111429' is visible

07-06-2024T13:59:03 - [MESSAGE][PASSED] - Object 'Object Repository/Page_The Story and Evolution of Doodles - G_6e786d/h2_Weve created more than 5,000 Doodles ove_111429' is visible

07-06-2024T13:59:03 - [TEST_STEP][PASSED] - click(findTestObject("Object Repository/Page_The Story and Evolution of Doodles - G_6e786d/p_The first Doodle was a simple out-of-offi_345e61")): Object: 'Object Repository/Page_The Story and Evolution of Doodles - G_6e786d/p_The first Doodle was a simple out-of-offi_345e61' is clicked on

07-06-2024T13:59:03 - [MESSAGE][PASSED] - Object: 'Object Repository/Page_The Story and Evolution of Doodles - G_6e786d/p_The first Doodle was a simple out-of-offi_345e61' is clicked on

07-06-2024T13:59:03 - [TEST_STEP][PASSED] - verifyElementVisible(findTestObject("Object Repository/Page_The Story and Evolution of Doodles - G_6e786d/h1_The story behind Doodles")): Object 'Object Repository/Page_The Story and Evolution of Doodles - G_6e786d/h1_The story behind Doodles' is visible

07-06-2024T13:59:03 - [MESSAGE][PASSED] - Object 'Object Repository/Page_The Story and Evolution of Doodles - G_6e786d/h1_The story behind Doodles' is visible

07-06-2024T13:59:03 - [TEST_STEP][PASSED] - verifyElementVisible(findTestObject("Object Repository/Page_The Story and Evolution of Doodles - G_6e786d/p_The first Doodle was a simple out-of-offi_345e61")): Object 'Object Repository/Page_The Story and Evolution of Doodles - G_6e786d/p_The first Doodle was a simple out-of-offi_345e61' is visible

07-06-2024T13:59:03 - [MESSAGE][PASSED] - Object 'Object Repository/Page_The Story and Evolution of Doodles - G_6e786d/p_The first Doodle was a simple out-of-offi_345e61' is visible

07-06-2024T13:59:03 - [TEST_STEP][PASSED] - verifyElementVisible(findTestObject("Object Repository/Page_The Story and Evolution of Doodles - G_6e786d/h2_Weve created more than 5,000 Doodles ove_111429")): Object 'Object Repository/Page_The Story and Evolution of Doodles - G_6e786d/h2_Weve created more than 5,000 Doodles ove_111429' is visible

07-06-2024T13:59:03 - [MESSAGE][PASSED] - Object 'Object Repository/Page_The Story and Evolution of Doodles - G_6e786d/h2_Weve created more than 5,000 Doodles ove_111429' is visible

07-06-2024T13:59:03 - [TEST_STEP][PASSED] - click(findTestObject("Object Repository/Page_The Story and Evolution of Doodles - G_6e786d/p_The first Doodle was a simple out-of-offi_345e61")): Object: 'Object Repository/Page_The Story and Evolution of Doodles - G_6e786d/p_The first Doodle was a simple out-of-offi_345e61' is clicked on

07-06-2024T13:59:03 - [MESSAGE][PASSED] - Object: 'Object Repository/Page_The Story and Evolution of Doodles - G_6e786d/p_The first Doodle was a simple out-of-offi_345e61' is clicked on

07-06-2024T13:59:03 - [TEST_STEP][PASSED] - verifyElementVisible(findTestObject("Object Repository/Page_The Story and Evolution of Doodles - G_6e786d/h1_The story behind Doodles")): Object 'Object Repository/Page_The Story and Evolution of Doodles - G_6e786d/h1_The story behind Doodles' is visible

07-06-2024T13:59:04 - [MESSAGE][PASSED] - Object 'Object Repository/Page_The Story and Evolution of Doodles - G_6e786d/h1_The story behind Doodles' is visible

07-06-2024T13:59:04 - [TEST_STEP][PASSED] - verifyElementVisible(findTestObject("Object Repository/Page_The Story and Evolution of Doodles - G_6e786d/p_The first Doodle was a simple out-of-offi_345e61")): Object 'Object Repository/Page_The Story and Evolution of Doodles - G_6e786d/p_The first Doodle was a simple out-of-offi_345e61' is visible

07-06-2024T13:59:04 - [MESSAGE][PASSED] - Object 'Object Repository/Page_The Story and Evolution of Doodles - G_6e786d/p_The first Doodle was a simple out-of-offi_345e61' is visible

07-06-2024T13:59:04 - [TEST_STEP][PASSED] - verifyElementVisible(findTestObject("Object Repository/Page_The Story and Evolution of Doodles - G_6e786d/h2_Weve created more than 5,000 Doodles ove_111429")): Object 'Object Repository/Page_The Story and Evolution of Doodles - G_6e786d/h2_Weve created more than 5,000 Doodles ove_111429' is visible

07-06-2024T13:59:04 - [MESSAGE][PASSED] - Object 'Object Repository/Page_The Story and Evolution of Doodles - G_6e786d/h2_Weve created more than 5,000 Doodles ove_111429' is visible

07-06-2024T13:59:04 - [TEST_STEP][PASSED] - click(findTestObject("Object Repository/Page_The Story and Evolution of Doodles - G_6e786d/p_The first Doodle was a simple out-of-offi_345e61")): Object: 'Object Repository/Page_The Story and Evolution of Doodles - G_6e786d/p_The first Doodle was a simple out-of-offi_345e61' is clicked on

07-06-2024T13:59:04 - [MESSAGE][PASSED] - Object: 'Object Repository/Page_The Story and Evolution of Doodles - G_6e786d/p_The first Doodle was a simple out-of-offi_345e61' is clicked on

07-06-2024T13:59:04 - [TEST_STEP][PASSED] - verifyElementVisible(findTestObject("Object Repository/Page_The Story and Evolution of Doodles - G_6e786d/h1_The story behind Doodles")): Object 'Object Repository/Page_The Story and Evolution of Doodles - G_6e786d/h1_The story behind Doodles' is visible

07-06-2024T13:59:04 - [MESSAGE][PASSED] - Object 'Object Repository/Page_The Story and Evolution of Doodles - G_6e786d/h1_The story behind Doodles' is visible

07-06-2024T13:59:04 - [TEST_STEP][PASSED] - verifyElementVisible(findTestObject("Object Repository/Page_The Story and Evolution of Doodles - G_6e786d/p_The first Doodle was a simple out-of-offi_345e61")): Object 'Object Repository/Page_The Story and Evolution of Doodles - G_6e786d/p_The first Doodle was a simple out-of-offi_345e61' is visible

07-06-2024T13:59:04 - [MESSAGE][PASSED] - Object 'Object Repository/Page_The Story and Evolution of Doodles - G_6e786d/p_The first Doodle was a simple out-of-offi_345e61' is visible

07-06-2024T13:59:04 - [TEST_STEP][PASSED] - verifyElementVisible(findTestObject("Object Repository/Page_The Story and Evolution of Doodles - G_6e786d/h2_Weve created more than 5,000 Doodles ove_111429")): Object 'Object Repository/Page_The Story and Evolution of Doodles - G_6e786d/h2_Weve created more than 5,000 Doodles ove_111429' is visible

07-06-2024T13:59:04 - [MESSAGE][PASSED] - Object 'Object Repository/Page_The Story and Evolution of Doodles - G_6e786d/h2_Weve created more than 5,000 Doodles ove_111429' is visible

07-06-2024T13:59:04 - [TEST_STEP][PASSED] - click(findTestObject("Object Repository/Page_The Story and Evolution of Doodles - G_6e786d/p_The first Doodle was a simple out-of-offi_345e61")): Object: 'Object Repository/Page_The Story and Evolution of Doodles - G_6e786d/p_The first Doodle was a simple out-of-offi_345e61' is clicked on

07-06-2024T13:59:04 - [MESSAGE][PASSED] - Object: 'Object Repository/Page_The Story and Evolution of Doodles - G_6e786d/p_The first Doodle was a simple out-of-offi_345e61' is clicked on

07-06-2024T13:59:04 - [TEST_STEP][PASSED] - verifyElementVisible(findTestObject("Object Repository/Page_The Story and Evolution of Doodles - G_6e786d/h1_The story behind Doodles")): Object 'Object Repository/Page_The Story and Evolution of Doodles - G_6e786d/h1_The story behind Doodles' is visible

07-06-2024T13:59:04 - [MESSAGE][PASSED] - Object 'Object Repository/Page_The Story and Evolution of Doodles - G_6e786d/h1_The story behind Doodles' is visible

07-06-2024T13:59:04 - [TEST_STEP][PASSED] - verifyElementVisible(findTestObject("Object Repository/Page_The Story and Evolution of Doodles - G_6e786d/p_The first Doodle was a simple out-of-offi_345e61")): Object 'Object Repository/Page_The Story and Evolution of Doodles - G_6e786d/p_The first Doodle was a simple out-of-offi_345e61' is visible

07-06-2024T13:59:04 - [MESSAGE][PASSED] - Object 'Object Repository/Page_The Story and Evolution of Doodles - G_6e786d/p_The first Doodle was a simple out-of-offi_345e61' is visible

07-06-2024T13:59:04 - [TEST_STEP][PASSED] - verifyElementVisible(findTestObject("Object Repository/Page_The Story and Evolution of Doodles - G_6e786d/h2_Weve created more than 5,000 Doodles ove_111429")): Object 'Object Repository/Page_The Story and Evolution of Doodles - G_6e786d/h2_Weve created more than 5,000 Doodles ove_111429' is visible

07-06-2024T13:59:04 - [MESSAGE][PASSED] - Object 'Object Repository/Page_The Story and Evolution of Doodles - G_6e786d/h2_Weve created more than 5,000 Doodles ove_111429' is visible

07-06-2024T13:59:04 - [TEST_STEP][PASSED] - click(findTestObject("Object Repository/Page_The Story and Evolution of Doodles - G_6e786d/p_The first Doodle was a simple out-of-offi_345e61")): Object: 'Object Repository/Page_The Story and Evolution of Doodles - G_6e786d/p_The first Doodle was a simple out-of-offi_345e61' is clicked on

07-06-2024T13:59:04 - [MESSAGE][PASSED] - Object: 'Object Repository/Page_The Story and Evolution of Doodles - G_6e786d/p_The first Doodle was a simple out-of-offi_345e61' is clicked on

07-06-2024T13:59:04 - [TEST_STEP][PASSED] - verifyElementVisible(findTestObject("Object Repository/Page_The Story and Evolution of Doodles - G_6e786d/h1_The story behind Doodles")): Object 'Object Repository/Page_The Story and Evolution of Doodles - G_6e786d/h1_The story behind Doodles' is visible

07-06-2024T13:59:05 - [MESSAGE][PASSED] - Object 'Object Repository/Page_The Story and Evolution of Doodles - G_6e786d/h1_The story behind Doodles' is visible

07-06-2024T13:59:05 - [TEST_STEP][PASSED] - verifyElementVisible(findTestObject("Object Repository/Page_The Story and Evolution of Doodles - G_6e786d/p_The first Doodle was a simple out-of-offi_345e61")): Object 'Object Repository/Page_The Story and Evolution of Doodles - G_6e786d/p_The first Doodle was a simple out-of-offi_345e61' is visible

07-06-2024T13:59:05 - [MESSAGE][PASSED] - Object 'Object Repository/Page_The Story and Evolution of Doodles - G_6e786d/p_The first Doodle was a simple out-of-offi_345e61' is visible

07-06-2024T13:59:05 - [TEST_STEP][PASSED] - verifyElementVisible(findTestObject("Object Repository/Page_The Story and Evolution of Doodles - G_6e786d/h2_Weve created more than 5,000 Doodles ove_111429")): Object 'Object Repository/Page_The Story and Evolution of Doodles - G_6e786d/h2_Weve created more than 5,000 Doodles ove_111429' is visible

07-06-2024T13:59:05 - [MESSAGE][PASSED] - Object 'Object Repository/Page_The Story and Evolution of Doodles - G_6e786d/h2_Weve created more than 5,000 Doodles ove_111429' is visible

07-06-2024T13:59:05 - [TEST_STEP][PASSED] - click(findTestObject("Object Repository/Page_The Story and Evolution of Doodles - G_6e786d/p_The first Doodle was a simple out-of-offi_345e61")): Object: 'Object Repository/Page_The Story and Evolution of Doodles - G_6e786d/p_The first Doodle was a simple out-of-offi_345e61' is clicked on

07-06-2024T13:59:05 - [MESSAGE][PASSED] - Object: 'Object Repository/Page_The Story and Evolution of Doodles - G_6e786d/p_The first Doodle was a simple out-of-offi_345e61' is clicked on

07-06-2024T13:59:05 - [TEST_STEP][PASSED] - verifyElementVisible(findTestObject("Object Repository/Page_The Story and Evolution of Doodles - G_6e786d/h1_The story behind Doodles")): Object 'Object Repository/Page_The Story and Evolution of Doodles - G_6e786d/h1_The story behind Doodles' is visible

07-06-2024T13:59:05 - [MESSAGE][PASSED] - Object 'Object Repository/Page_The Story and Evolution of Doodles - G_6e786d/h1_The story behind Doodles' is visible

07-06-2024T13:59:05 - [TEST_STEP][PASSED] - verifyElementVisible(findTestObject("Object Repository/Page_The Story and Evolution of Doodles - G_6e786d/p_The first Doodle was a simple out-of-offi_345e61")): Object 'Object Repository/Page_The Story and Evolution of Doodles - G_6e786d/p_The first Doodle was a simple out-of-offi_345e61' is visible

07-06-2024T13:59:05 - [MESSAGE][PASSED] - Object 'Object Repository/Page_The Story and Evolution of Doodles - G_6e786d/p_The first Doodle was a simple out-of-offi_345e61' is visible

07-06-2024T13:59:05 - [TEST_STEP][PASSED] - verifyElementVisible(findTestObject("Object Repository/Page_The Story and Evolution of Doodles - G_6e786d/h2_Weve created more than 5,000 Doodles ove_111429")): Object 'Object Repository/Page_The Story and Evolution of Doodles - G_6e786d/h2_Weve created more than 5,000 Doodles ove_111429' is visible

07-06-2024T13:59:05 - [MESSAGE][PASSED] - Object 'Object Repository/Page_The Story and Evolution of Doodles - G_6e786d/h2_Weve created more than 5,000 Doodles ove_111429' is visible

07-06-2024T13:59:05 - [TEST_STEP][PASSED] - click(findTestObject("Object Repository/Page_The Story and Evolution of Doodles - G_6e786d/p_The first Doodle was a simple out-of-offi_345e61")): Object: 'Object Repository/Page_The Story and Evolution of Doodles - G_6e786d/p_The first Doodle was a simple out-of-offi_345e61' is clicked on

07-06-2024T13:59:05 - [MESSAGE][PASSED] - Object: 'Object Repository/Page_The Story and Evolution of Doodles - G_6e786d/p_The first Doodle was a simple out-of-offi_345e61' is clicked on

07-06-2024T13:59:05 - [TEST_STEP][PASSED] - verifyElementVisible(findTestObject("Object Repository/Page_The Story and Evolution of Doodles - G_6e786d/h1_The story behind Doodles")): Object 'Object Repository/Page_The Story and Evolution of Doodles - G_6e786d/h1_The story behind Doodles' is visible

07-06-2024T13:59:05 - [MESSAGE][PASSED] - Object 'Object Repository/Page_The Story and Evolution of Doodles - G_6e786d/h1_The story behind Doodles' is visible

07-06-2024T13:59:05 - [TEST_STEP][PASSED] - verifyElementVisible(findTestObject("Object Repository/Page_The Story and Evolution of Doodles - G_6e786d/p_The first Doodle was a simple out-of-offi_345e61")): Object 'Object Repository/Page_The Story and Evolution of Doodles - G_6e786d/p_The first Doodle was a simple out-of-offi_345e61' is visible

07-06-2024T13:59:05 - [MESSAGE][PASSED] - Object 'Object Repository/Page_The Story and Evolution of Doodles - G_6e786d/p_The first Doodle was a simple out-of-offi_345e61' is visible

07-06-2024T13:59:05 - [TEST_STEP][PASSED] - verifyElementVisible(findTestObject("Object Repository/Page_The Story and Evolution of Doodles - G_6e786d/h2_Weve created more than 5,000 Doodles ove_111429")): Object 'Object Repository/Page_The Story and Evolution of Doodles - G_6e786d/h2_Weve created more than 5,000 Doodles ove_111429' is visible

07-06-2024T13:59:05 - [MESSAGE][PASSED] - Object 'Object Repository/Page_The Story and Evolution of Doodles - G_6e786d/h2_Weve created more than 5,000 Doodles ove_111429' is visible

07-06-2024T13:59:05 - [TEST_STEP][PASSED] - click(findTestObject("Object Repository/Page_The Story and Evolution of Doodles - G_6e786d/p_The first Doodle was a simple out-of-offi_345e61")): Object: 'Object Repository/Page_The Story and Evolution of Doodles - G_6e786d/p_The first Doodle was a simple out-of-offi_345e61' is clicked on

07-06-2024T13:59:05 - [MESSAGE][PASSED] - Object: 'Object Repository/Page_The Story and Evolution of Doodles - G_6e786d/p_The first Doodle was a simple out-of-offi_345e61' is clicked on

07-06-2024T13:59:05 - [TEST_STEP][PASSED] - verifyElementVisible(findTestObject("Object Repository/Page_The Story and Evolution of Doodles - G_6e786d/h1_The story behind Doodles")): Object 'Object Repository/Page_The Story and Evolution of Doodles - G_6e786d/h1_The story behind Doodles' is visible

07-06-2024T13:59:05 - [MESSAGE][PASSED] - Object 'Object Repository/Page_The Story and Evolution of Doodles - G_6e786d/h1_The story behind Doodles' is visible

07-06-2024T13:59:05 - [TEST_STEP][PASSED] - verifyElementVisible(findTestObject("Object Repository/Page_The Story and Evolution of Doodles - G_6e786d/p_The first Doodle was a simple out-of-offi_345e61")): Object 'Object Repository/Page_The Story and Evolution of Doodles - G_6e786d/p_The first Doodle was a simple out-of-offi_345e61' is visible

07-06-2024T13:59:06 - [MESSAGE][PASSED] - Object 'Object Repository/Page_The Story and Evolution of Doodles - G_6e786d/p_The first Doodle was a simple out-of-offi_345e61' is visible

07-06-2024T13:59:06 - [TEST_STEP][PASSED] - verifyElementVisible(findTestObject("Object Repository/Page_The Story and Evolution of Doodles - G_6e786d/h2_Weve created more than 5,000 Doodles ove_111429")): Object 'Object Repository/Page_The Story and Evolution of Doodles - G_6e786d/h2_Weve created more than 5,000 Doodles ove_111429' is visible

07-06-2024T13:59:06 - [MESSAGE][PASSED] - Object 'Object Repository/Page_The Story and Evolution of Doodles - G_6e786d/h2_Weve created more than 5,000 Doodles ove_111429' is visible]]></system-out>
         <system-err><![CDATA[]]></system-err>
      </testcase>
      <testcase name="Test Cases/test case folder 1/tc1 - Copy (5) - Copy (6)" time="9.684" classname="Test Cases/test case folder 1/tc1 - Copy (5) - Copy (6)" status="PASSED">
         <system-out><![CDATA[07-06-2024T13:59:06 - [TEST_CASE][PASSED] - Test Cases/test case folder 1/tc1 - Copy (5) - Copy (6): Test Cases/test case folder 1/tc1 - Copy (5) - Copy (6)

07-06-2024T13:59:06 - [TEST_STEP][PASSED] - openBrowser(""): Browser is opened with url: ''

07-06-2024T13:59:06 - [MESSAGE][WARNING] - A browser is already opened. Closing browser and opening a new one

07-06-2024T13:59:06 - [MESSAGE][INFO] - Starting 'Firefox (headless)' driver

07-06-2024T13:59:06 - [MESSAGE][INFO] - Action delay is set to 0 milliseconds

07-06-2024T13:59:09 - [MESSAGE][PASSED] - Browser is opened with url: ''

07-06-2024T13:59:09 - [TEST_STEP][PASSED] - navigateToUrl("https://doodles.google/about/"): Navigate to 'https://doodles.google/about/' successfully

07-06-2024T13:59:11 - [MESSAGE][PASSED] - Navigate to 'https://doodles.google/about/' successfully

07-06-2024T13:59:11 - [TEST_STEP][PASSED] - click(findTestObject("Object Repository/Page_The Story and Evolution of Doodles - G_6e786d/p_The first Doodle was a simple out-of-offi_345e61")): Object: 'Object Repository/Page_The Story and Evolution of Doodles - G_6e786d/p_The first Doodle was a simple out-of-offi_345e61' is clicked on

07-06-2024T13:59:11 - [MESSAGE][PASSED] - Object: 'Object Repository/Page_The Story and Evolution of Doodles - G_6e786d/p_The first Doodle was a simple out-of-offi_345e61' is clicked on

07-06-2024T13:59:11 - [TEST_STEP][PASSED] - click(findTestObject("Object Repository/Page_The Story and Evolution of Doodles - G_6e786d/p_The first Doodle was a simple out-of-offi_345e61")): Object: 'Object Repository/Page_The Story and Evolution of Doodles - G_6e786d/p_The first Doodle was a simple out-of-offi_345e61' is clicked on

07-06-2024T13:59:12 - [MESSAGE][PASSED] - Object: 'Object Repository/Page_The Story and Evolution of Doodles - G_6e786d/p_The first Doodle was a simple out-of-offi_345e61' is clicked on

07-06-2024T13:59:12 - [TEST_STEP][PASSED] - verifyElementVisible(findTestObject("Object Repository/Page_The Story and Evolution of Doodles - G_6e786d/h1_The story behind Doodles")): Object 'Object Repository/Page_The Story and Evolution of Doodles - G_6e786d/h1_The story behind Doodles' is visible

07-06-2024T13:59:12 - [MESSAGE][PASSED] - Object 'Object Repository/Page_The Story and Evolution of Doodles - G_6e786d/h1_The story behind Doodles' is visible

07-06-2024T13:59:12 - [TEST_STEP][PASSED] - verifyElementVisible(findTestObject("Object Repository/Page_The Story and Evolution of Doodles - G_6e786d/p_The first Doodle was a simple out-of-offi_345e61")): Object 'Object Repository/Page_The Story and Evolution of Doodles - G_6e786d/p_The first Doodle was a simple out-of-offi_345e61' is visible

07-06-2024T13:59:12 - [MESSAGE][PASSED] - Object 'Object Repository/Page_The Story and Evolution of Doodles - G_6e786d/p_The first Doodle was a simple out-of-offi_345e61' is visible

07-06-2024T13:59:12 - [TEST_STEP][PASSED] - verifyElementVisible(findTestObject("Object Repository/Page_The Story and Evolution of Doodles - G_6e786d/h2_Weve created more than 5,000 Doodles ove_111429")): Object 'Object Repository/Page_The Story and Evolution of Doodles - G_6e786d/h2_Weve created more than 5,000 Doodles ove_111429' is visible

07-06-2024T13:59:12 - [MESSAGE][PASSED] - Object 'Object Repository/Page_The Story and Evolution of Doodles - G_6e786d/h2_Weve created more than 5,000 Doodles ove_111429' is visible

07-06-2024T13:59:12 - [TEST_STEP][PASSED] - verifyElementVisible(findTestObject("Object Repository/Page_The Story and Evolution of Doodles - G_6e786d/h1_The story behind Doodles")): Object 'Object Repository/Page_The Story and Evolution of Doodles - G_6e786d/h1_The story behind Doodles' is visible

07-06-2024T13:59:12 - [MESSAGE][PASSED] - Object 'Object Repository/Page_The Story and Evolution of Doodles - G_6e786d/h1_The story behind Doodles' is visible

07-06-2024T13:59:12 - [TEST_STEP][PASSED] - verifyElementVisible(findTestObject("Object Repository/Page_The Story and Evolution of Doodles - G_6e786d/p_The first Doodle was a simple out-of-offi_345e61")): Object 'Object Repository/Page_The Story and Evolution of Doodles - G_6e786d/p_The first Doodle was a simple out-of-offi_345e61' is visible

07-06-2024T13:59:12 - [MESSAGE][PASSED] - Object 'Object Repository/Page_The Story and Evolution of Doodles - G_6e786d/p_The first Doodle was a simple out-of-offi_345e61' is visible

07-06-2024T13:59:12 - [TEST_STEP][PASSED] - verifyElementVisible(findTestObject("Object Repository/Page_The Story and Evolution of Doodles - G_6e786d/h2_Weve created more than 5,000 Doodles ove_111429")): Object 'Object Repository/Page_The Story and Evolution of Doodles - G_6e786d/h2_Weve created more than 5,000 Doodles ove_111429' is visible

07-06-2024T13:59:12 - [MESSAGE][PASSED] - Object 'Object Repository/Page_The Story and Evolution of Doodles - G_6e786d/h2_Weve created more than 5,000 Doodles ove_111429' is visible

07-06-2024T13:59:12 - [TEST_STEP][PASSED] - click(findTestObject("Object Repository/Page_The Story and Evolution of Doodles - G_6e786d/p_The first Doodle was a simple out-of-offi_345e61")): Object: 'Object Repository/Page_The Story and Evolution of Doodles - G_6e786d/p_The first Doodle was a simple out-of-offi_345e61' is clicked on

07-06-2024T13:59:12 - [MESSAGE][PASSED] - Object: 'Object Repository/Page_The Story and Evolution of Doodles - G_6e786d/p_The first Doodle was a simple out-of-offi_345e61' is clicked on

07-06-2024T13:59:12 - [TEST_STEP][PASSED] - verifyElementVisible(findTestObject("Object Repository/Page_The Story and Evolution of Doodles - G_6e786d/h1_The story behind Doodles")): Object 'Object Repository/Page_The Story and Evolution of Doodles - G_6e786d/h1_The story behind Doodles' is visible

07-06-2024T13:59:12 - [MESSAGE][PASSED] - Object 'Object Repository/Page_The Story and Evolution of Doodles - G_6e786d/h1_The story behind Doodles' is visible

07-06-2024T13:59:12 - [TEST_STEP][PASSED] - verifyElementVisible(findTestObject("Object Repository/Page_The Story and Evolution of Doodles - G_6e786d/p_The first Doodle was a simple out-of-offi_345e61")): Object 'Object Repository/Page_The Story and Evolution of Doodles - G_6e786d/p_The first Doodle was a simple out-of-offi_345e61' is visible

07-06-2024T13:59:12 - [MESSAGE][PASSED] - Object 'Object Repository/Page_The Story and Evolution of Doodles - G_6e786d/p_The first Doodle was a simple out-of-offi_345e61' is visible

07-06-2024T13:59:12 - [TEST_STEP][PASSED] - verifyElementVisible(findTestObject("Object Repository/Page_The Story and Evolution of Doodles - G_6e786d/h2_Weve created more than 5,000 Doodles ove_111429")): Object 'Object Repository/Page_The Story and Evolution of Doodles - G_6e786d/h2_Weve created more than 5,000 Doodles ove_111429' is visible

07-06-2024T13:59:12 - [MESSAGE][PASSED] - Object 'Object Repository/Page_The Story and Evolution of Doodles - G_6e786d/h2_Weve created more than 5,000 Doodles ove_111429' is visible

07-06-2024T13:59:12 - [TEST_STEP][PASSED] - click(findTestObject("Object Repository/Page_The Story and Evolution of Doodles - G_6e786d/p_The first Doodle was a simple out-of-offi_345e61")): Object: 'Object Repository/Page_The Story and Evolution of Doodles - G_6e786d/p_The first Doodle was a simple out-of-offi_345e61' is clicked on

07-06-2024T13:59:12 - [MESSAGE][PASSED] - Object: 'Object Repository/Page_The Story and Evolution of Doodles - G_6e786d/p_The first Doodle was a simple out-of-offi_345e61' is clicked on

07-06-2024T13:59:12 - [TEST_STEP][PASSED] - verifyElementVisible(findTestObject("Object Repository/Page_The Story and Evolution of Doodles - G_6e786d/h1_The story behind Doodles")): Object 'Object Repository/Page_The Story and Evolution of Doodles - G_6e786d/h1_The story behind Doodles' is visible

07-06-2024T13:59:12 - [MESSAGE][PASSED] - Object 'Object Repository/Page_The Story and Evolution of Doodles - G_6e786d/h1_The story behind Doodles' is visible

07-06-2024T13:59:12 - [TEST_STEP][PASSED] - verifyElementVisible(findTestObject("Object Repository/Page_The Story and Evolution of Doodles - G_6e786d/p_The first Doodle was a simple out-of-offi_345e61")): Object 'Object Repository/Page_The Story and Evolution of Doodles - G_6e786d/p_The first Doodle was a simple out-of-offi_345e61' is visible

07-06-2024T13:59:13 - [MESSAGE][PASSED] - Object 'Object Repository/Page_The Story and Evolution of Doodles - G_6e786d/p_The first Doodle was a simple out-of-offi_345e61' is visible

07-06-2024T13:59:13 - [TEST_STEP][PASSED] - verifyElementVisible(findTestObject("Object Repository/Page_The Story and Evolution of Doodles - G_6e786d/h2_Weve created more than 5,000 Doodles ove_111429")): Object 'Object Repository/Page_The Story and Evolution of Doodles - G_6e786d/h2_Weve created more than 5,000 Doodles ove_111429' is visible

07-06-2024T13:59:13 - [MESSAGE][PASSED] - Object 'Object Repository/Page_The Story and Evolution of Doodles - G_6e786d/h2_Weve created more than 5,000 Doodles ove_111429' is visible

07-06-2024T13:59:13 - [TEST_STEP][PASSED] - click(findTestObject("Object Repository/Page_The Story and Evolution of Doodles - G_6e786d/p_The first Doodle was a simple out-of-offi_345e61")): Object: 'Object Repository/Page_The Story and Evolution of Doodles - G_6e786d/p_The first Doodle was a simple out-of-offi_345e61' is clicked on

07-06-2024T13:59:13 - [MESSAGE][PASSED] - Object: 'Object Repository/Page_The Story and Evolution of Doodles - G_6e786d/p_The first Doodle was a simple out-of-offi_345e61' is clicked on

07-06-2024T13:59:13 - [TEST_STEP][PASSED] - verifyElementVisible(findTestObject("Object Repository/Page_The Story and Evolution of Doodles - G_6e786d/h1_The story behind Doodles")): Object 'Object Repository/Page_The Story and Evolution of Doodles - G_6e786d/h1_The story behind Doodles' is visible

07-06-2024T13:59:13 - [MESSAGE][PASSED] - Object 'Object Repository/Page_The Story and Evolution of Doodles - G_6e786d/h1_The story behind Doodles' is visible

07-06-2024T13:59:13 - [TEST_STEP][PASSED] - verifyElementVisible(findTestObject("Object Repository/Page_The Story and Evolution of Doodles - G_6e786d/p_The first Doodle was a simple out-of-offi_345e61")): Object 'Object Repository/Page_The Story and Evolution of Doodles - G_6e786d/p_The first Doodle was a simple out-of-offi_345e61' is visible

07-06-2024T13:59:13 - [MESSAGE][PASSED] - Object 'Object Repository/Page_The Story and Evolution of Doodles - G_6e786d/p_The first Doodle was a simple out-of-offi_345e61' is visible

07-06-2024T13:59:13 - [TEST_STEP][PASSED] - verifyElementVisible(findTestObject("Object Repository/Page_The Story and Evolution of Doodles - G_6e786d/h2_Weve created more than 5,000 Doodles ove_111429")): Object 'Object Repository/Page_The Story and Evolution of Doodles - G_6e786d/h2_Weve created more than 5,000 Doodles ove_111429' is visible

07-06-2024T13:59:13 - [MESSAGE][PASSED] - Object 'Object Repository/Page_The Story and Evolution of Doodles - G_6e786d/h2_Weve created more than 5,000 Doodles ove_111429' is visible

07-06-2024T13:59:13 - [TEST_STEP][PASSED] - click(findTestObject("Object Repository/Page_The Story and Evolution of Doodles - G_6e786d/p_The first Doodle was a simple out-of-offi_345e61")): Object: 'Object Repository/Page_The Story and Evolution of Doodles - G_6e786d/p_The first Doodle was a simple out-of-offi_345e61' is clicked on

07-06-2024T13:59:13 - [MESSAGE][PASSED] - Object: 'Object Repository/Page_The Story and Evolution of Doodles - G_6e786d/p_The first Doodle was a simple out-of-offi_345e61' is clicked on

07-06-2024T13:59:13 - [TEST_STEP][PASSED] - verifyElementVisible(findTestObject("Object Repository/Page_The Story and Evolution of Doodles - G_6e786d/h1_The story behind Doodles")): Object 'Object Repository/Page_The Story and Evolution of Doodles - G_6e786d/h1_The story behind Doodles' is visible

07-06-2024T13:59:13 - [MESSAGE][PASSED] - Object 'Object Repository/Page_The Story and Evolution of Doodles - G_6e786d/h1_The story behind Doodles' is visible

07-06-2024T13:59:13 - [TEST_STEP][PASSED] - verifyElementVisible(findTestObject("Object Repository/Page_The Story and Evolution of Doodles - G_6e786d/p_The first Doodle was a simple out-of-offi_345e61")): Object 'Object Repository/Page_The Story and Evolution of Doodles - G_6e786d/p_The first Doodle was a simple out-of-offi_345e61' is visible

07-06-2024T13:59:13 - [MESSAGE][PASSED] - Object 'Object Repository/Page_The Story and Evolution of Doodles - G_6e786d/p_The first Doodle was a simple out-of-offi_345e61' is visible

07-06-2024T13:59:13 - [TEST_STEP][PASSED] - verifyElementVisible(findTestObject("Object Repository/Page_The Story and Evolution of Doodles - G_6e786d/h2_Weve created more than 5,000 Doodles ove_111429")): Object 'Object Repository/Page_The Story and Evolution of Doodles - G_6e786d/h2_Weve created more than 5,000 Doodles ove_111429' is visible

07-06-2024T13:59:14 - [MESSAGE][PASSED] - Object 'Object Repository/Page_The Story and Evolution of Doodles - G_6e786d/h2_Weve created more than 5,000 Doodles ove_111429' is visible

07-06-2024T13:59:14 - [TEST_STEP][PASSED] - click(findTestObject("Object Repository/Page_The Story and Evolution of Doodles - G_6e786d/p_The first Doodle was a simple out-of-offi_345e61")): Object: 'Object Repository/Page_The Story and Evolution of Doodles - G_6e786d/p_The first Doodle was a simple out-of-offi_345e61' is clicked on

07-06-2024T13:59:14 - [MESSAGE][PASSED] - Object: 'Object Repository/Page_The Story and Evolution of Doodles - G_6e786d/p_The first Doodle was a simple out-of-offi_345e61' is clicked on

07-06-2024T13:59:14 - [TEST_STEP][PASSED] - verifyElementVisible(findTestObject("Object Repository/Page_The Story and Evolution of Doodles - G_6e786d/h1_The story behind Doodles")): Object 'Object Repository/Page_The Story and Evolution of Doodles - G_6e786d/h1_The story behind Doodles' is visible

07-06-2024T13:59:14 - [MESSAGE][PASSED] - Object 'Object Repository/Page_The Story and Evolution of Doodles - G_6e786d/h1_The story behind Doodles' is visible

07-06-2024T13:59:14 - [TEST_STEP][PASSED] - verifyElementVisible(findTestObject("Object Repository/Page_The Story and Evolution of Doodles - G_6e786d/p_The first Doodle was a simple out-of-offi_345e61")): Object 'Object Repository/Page_The Story and Evolution of Doodles - G_6e786d/p_The first Doodle was a simple out-of-offi_345e61' is visible

07-06-2024T13:59:14 - [MESSAGE][PASSED] - Object 'Object Repository/Page_The Story and Evolution of Doodles - G_6e786d/p_The first Doodle was a simple out-of-offi_345e61' is visible

07-06-2024T13:59:14 - [TEST_STEP][PASSED] - verifyElementVisible(findTestObject("Object Repository/Page_The Story and Evolution of Doodles - G_6e786d/h2_Weve created more than 5,000 Doodles ove_111429")): Object 'Object Repository/Page_The Story and Evolution of Doodles - G_6e786d/h2_Weve created more than 5,000 Doodles ove_111429' is visible

07-06-2024T13:59:14 - [MESSAGE][PASSED] - Object 'Object Repository/Page_The Story and Evolution of Doodles - G_6e786d/h2_Weve created more than 5,000 Doodles ove_111429' is visible

07-06-2024T13:59:14 - [TEST_STEP][PASSED] - click(findTestObject("Object Repository/Page_The Story and Evolution of Doodles - G_6e786d/p_The first Doodle was a simple out-of-offi_345e61")): Object: 'Object Repository/Page_The Story and Evolution of Doodles - G_6e786d/p_The first Doodle was a simple out-of-offi_345e61' is clicked on

07-06-2024T13:59:14 - [MESSAGE][PASSED] - Object: 'Object Repository/Page_The Story and Evolution of Doodles - G_6e786d/p_The first Doodle was a simple out-of-offi_345e61' is clicked on

07-06-2024T13:59:14 - [TEST_STEP][PASSED] - verifyElementVisible(findTestObject("Object Repository/Page_The Story and Evolution of Doodles - G_6e786d/h1_The story behind Doodles")): Object 'Object Repository/Page_The Story and Evolution of Doodles - G_6e786d/h1_The story behind Doodles' is visible

07-06-2024T13:59:14 - [MESSAGE][PASSED] - Object 'Object Repository/Page_The Story and Evolution of Doodles - G_6e786d/h1_The story behind Doodles' is visible

07-06-2024T13:59:14 - [TEST_STEP][PASSED] - verifyElementVisible(findTestObject("Object Repository/Page_The Story and Evolution of Doodles - G_6e786d/p_The first Doodle was a simple out-of-offi_345e61")): Object 'Object Repository/Page_The Story and Evolution of Doodles - G_6e786d/p_The first Doodle was a simple out-of-offi_345e61' is visible

07-06-2024T13:59:14 - [MESSAGE][PASSED] - Object 'Object Repository/Page_The Story and Evolution of Doodles - G_6e786d/p_The first Doodle was a simple out-of-offi_345e61' is visible

07-06-2024T13:59:14 - [TEST_STEP][PASSED] - verifyElementVisible(findTestObject("Object Repository/Page_The Story and Evolution of Doodles - G_6e786d/h2_Weve created more than 5,000 Doodles ove_111429")): Object 'Object Repository/Page_The Story and Evolution of Doodles - G_6e786d/h2_Weve created more than 5,000 Doodles ove_111429' is visible

07-06-2024T13:59:14 - [MESSAGE][PASSED] - Object 'Object Repository/Page_The Story and Evolution of Doodles - G_6e786d/h2_Weve created more than 5,000 Doodles ove_111429' is visible

07-06-2024T13:59:14 - [TEST_STEP][PASSED] - click(findTestObject("Object Repository/Page_The Story and Evolution of Doodles - G_6e786d/p_The first Doodle was a simple out-of-offi_345e61")): Object: 'Object Repository/Page_The Story and Evolution of Doodles - G_6e786d/p_The first Doodle was a simple out-of-offi_345e61' is clicked on

07-06-2024T13:59:15 - [MESSAGE][PASSED] - Object: 'Object Repository/Page_The Story and Evolution of Doodles - G_6e786d/p_The first Doodle was a simple out-of-offi_345e61' is clicked on

07-06-2024T13:59:15 - [TEST_STEP][PASSED] - verifyElementVisible(findTestObject("Object Repository/Page_The Story and Evolution of Doodles - G_6e786d/h1_The story behind Doodles")): Object 'Object Repository/Page_The Story and Evolution of Doodles - G_6e786d/h1_The story behind Doodles' is visible

07-06-2024T13:59:15 - [MESSAGE][PASSED] - Object 'Object Repository/Page_The Story and Evolution of Doodles - G_6e786d/h1_The story behind Doodles' is visible

07-06-2024T13:59:15 - [TEST_STEP][PASSED] - verifyElementVisible(findTestObject("Object Repository/Page_The Story and Evolution of Doodles - G_6e786d/p_The first Doodle was a simple out-of-offi_345e61")): Object 'Object Repository/Page_The Story and Evolution of Doodles - G_6e786d/p_The first Doodle was a simple out-of-offi_345e61' is visible

07-06-2024T13:59:15 - [MESSAGE][PASSED] - Object 'Object Repository/Page_The Story and Evolution of Doodles - G_6e786d/p_The first Doodle was a simple out-of-offi_345e61' is visible

07-06-2024T13:59:15 - [TEST_STEP][PASSED] - verifyElementVisible(findTestObject("Object Repository/Page_The Story and Evolution of Doodles - G_6e786d/h2_Weve created more than 5,000 Doodles ove_111429")): Object 'Object Repository/Page_The Story and Evolution of Doodles - G_6e786d/h2_Weve created more than 5,000 Doodles ove_111429' is visible

07-06-2024T13:59:15 - [MESSAGE][PASSED] - Object 'Object Repository/Page_The Story and Evolution of Doodles - G_6e786d/h2_Weve created more than 5,000 Doodles ove_111429' is visible

07-06-2024T13:59:15 - [TEST_STEP][PASSED] - click(findTestObject("Object Repository/Page_The Story and Evolution of Doodles - G_6e786d/p_The first Doodle was a simple out-of-offi_345e61")): Object: 'Object Repository/Page_The Story and Evolution of Doodles - G_6e786d/p_The first Doodle was a simple out-of-offi_345e61' is clicked on

07-06-2024T13:59:15 - [MESSAGE][PASSED] - Object: 'Object Repository/Page_The Story and Evolution of Doodles - G_6e786d/p_The first Doodle was a simple out-of-offi_345e61' is clicked on

07-06-2024T13:59:15 - [TEST_STEP][PASSED] - verifyElementVisible(findTestObject("Object Repository/Page_The Story and Evolution of Doodles - G_6e786d/h1_The story behind Doodles")): Object 'Object Repository/Page_The Story and Evolution of Doodles - G_6e786d/h1_The story behind Doodles' is visible

07-06-2024T13:59:15 - [MESSAGE][PASSED] - Object 'Object Repository/Page_The Story and Evolution of Doodles - G_6e786d/h1_The story behind Doodles' is visible

07-06-2024T13:59:15 - [TEST_STEP][PASSED] - verifyElementVisible(findTestObject("Object Repository/Page_The Story and Evolution of Doodles - G_6e786d/p_The first Doodle was a simple out-of-offi_345e61")): Object 'Object Repository/Page_The Story and Evolution of Doodles - G_6e786d/p_The first Doodle was a simple out-of-offi_345e61' is visible

07-06-2024T13:59:15 - [MESSAGE][PASSED] - Object 'Object Repository/Page_The Story and Evolution of Doodles - G_6e786d/p_The first Doodle was a simple out-of-offi_345e61' is visible

07-06-2024T13:59:15 - [TEST_STEP][PASSED] - verifyElementVisible(findTestObject("Object Repository/Page_The Story and Evolution of Doodles - G_6e786d/h2_Weve created more than 5,000 Doodles ove_111429")): Object 'Object Repository/Page_The Story and Evolution of Doodles - G_6e786d/h2_Weve created more than 5,000 Doodles ove_111429' is visible

07-06-2024T13:59:15 - [MESSAGE][PASSED] - Object 'Object Repository/Page_The Story and Evolution of Doodles - G_6e786d/h2_Weve created more than 5,000 Doodles ove_111429' is visible

07-06-2024T13:59:15 - [TEST_STEP][PASSED] - click(findTestObject("Object Repository/Page_The Story and Evolution of Doodles - G_6e786d/p_The first Doodle was a simple out-of-offi_345e61")): Object: 'Object Repository/Page_The Story and Evolution of Doodles - G_6e786d/p_The first Doodle was a simple out-of-offi_345e61' is clicked on

07-06-2024T13:59:15 - [MESSAGE][PASSED] - Object: 'Object Repository/Page_The Story and Evolution of Doodles - G_6e786d/p_The first Doodle was a simple out-of-offi_345e61' is clicked on

07-06-2024T13:59:15 - [TEST_STEP][PASSED] - verifyElementVisible(findTestObject("Object Repository/Page_The Story and Evolution of Doodles - G_6e786d/h1_The story behind Doodles")): Object 'Object Repository/Page_The Story and Evolution of Doodles - G_6e786d/h1_The story behind Doodles' is visible

07-06-2024T13:59:15 - [MESSAGE][PASSED] - Object 'Object Repository/Page_The Story and Evolution of Doodles - G_6e786d/h1_The story behind Doodles' is visible

07-06-2024T13:59:15 - [TEST_STEP][PASSED] - verifyElementVisible(findTestObject("Object Repository/Page_The Story and Evolution of Doodles - G_6e786d/p_The first Doodle was a simple out-of-offi_345e61")): Object 'Object Repository/Page_The Story and Evolution of Doodles - G_6e786d/p_The first Doodle was a simple out-of-offi_345e61' is visible

07-06-2024T13:59:15 - [MESSAGE][PASSED] - Object 'Object Repository/Page_The Story and Evolution of Doodles - G_6e786d/p_The first Doodle was a simple out-of-offi_345e61' is visible

07-06-2024T13:59:15 - [TEST_STEP][PASSED] - verifyElementVisible(findTestObject("Object Repository/Page_The Story and Evolution of Doodles - G_6e786d/h2_Weve created more than 5,000 Doodles ove_111429")): Object 'Object Repository/Page_The Story and Evolution of Doodles - G_6e786d/h2_Weve created more than 5,000 Doodles ove_111429' is visible

07-06-2024T13:59:15 - [MESSAGE][PASSED] - Object 'Object Repository/Page_The Story and Evolution of Doodles - G_6e786d/h2_Weve created more than 5,000 Doodles ove_111429' is visible]]></system-out>
         <system-err><![CDATA[]]></system-err>
      </testcase>
      <testcase name="Test Cases/test case folder 1/tc1 - Copy (5) - Copy" time="19.108" classname="Test Cases/test case folder 1/tc1 - Copy (5) - Copy" status="PASSED">
         <system-out><![CDATA[07-06-2024T13:59:15 - [TEST_CASE][PASSED] - Test Cases/test case folder 1/tc1 - Copy (5) - Copy: Test Cases/test case folder 1/tc1 - Copy (5) - Copy

07-06-2024T13:59:15 - [TEST_STEP][PASSED] - openBrowser(""): Browser is opened with url: ''

07-06-2024T13:59:15 - [MESSAGE][WARNING] - A browser is already opened. Closing browser and opening a new one

07-06-2024T13:59:16 - [MESSAGE][INFO] - Starting 'Firefox (headless)' driver

07-06-2024T13:59:16 - [MESSAGE][INFO] - Action delay is set to 0 milliseconds

07-06-2024T13:59:18 - [MESSAGE][PASSED] - Browser is opened with url: ''

07-06-2024T13:59:18 - [TEST_STEP][PASSED] - navigateToUrl("https://doodles.google/about/"): Navigate to 'https://doodles.google/about/' successfully

07-06-2024T13:59:20 - [MESSAGE][PASSED] - Navigate to 'https://doodles.google/about/' successfully

07-06-2024T13:59:20 - [TEST_STEP][PASSED] - click(findTestObject("Object Repository/Page_The Story and Evolution of Doodles - G_6e786d/p_The first Doodle was a simple out-of-offi_345e61")): Object: 'Object Repository/Page_The Story and Evolution of Doodles - G_6e786d/p_The first Doodle was a simple out-of-offi_345e61' is clicked on

07-06-2024T13:59:20 - [MESSAGE][PASSED] - Object: 'Object Repository/Page_The Story and Evolution of Doodles - G_6e786d/p_The first Doodle was a simple out-of-offi_345e61' is clicked on

07-06-2024T13:59:20 - [TEST_STEP][PASSED] - click(findTestObject("Object Repository/Page_The Story and Evolution of Doodles - G_6e786d/p_The first Doodle was a simple out-of-offi_345e61")): Object: 'Object Repository/Page_The Story and Evolution of Doodles - G_6e786d/p_The first Doodle was a simple out-of-offi_345e61' is clicked on

07-06-2024T13:59:20 - [MESSAGE][PASSED] - Object: 'Object Repository/Page_The Story and Evolution of Doodles - G_6e786d/p_The first Doodle was a simple out-of-offi_345e61' is clicked on

07-06-2024T13:59:20 - [TEST_STEP][PASSED] - verifyElementVisible(findTestObject("Object Repository/Page_The Story and Evolution of Doodles - G_6e786d/h1_The story behind Doodles")): Object 'Object Repository/Page_The Story and Evolution of Doodles - G_6e786d/h1_The story behind Doodles' is visible

07-06-2024T13:59:20 - [MESSAGE][PASSED] - Object 'Object Repository/Page_The Story and Evolution of Doodles - G_6e786d/h1_The story behind Doodles' is visible

07-06-2024T13:59:20 - [TEST_STEP][PASSED] - verifyElementVisible(findTestObject("Object Repository/Page_The Story and Evolution of Doodles - G_6e786d/p_The first Doodle was a simple out-of-offi_345e61")): Object 'Object Repository/Page_The Story and Evolution of Doodles - G_6e786d/p_The first Doodle was a simple out-of-offi_345e61' is visible

07-06-2024T13:59:20 - [MESSAGE][PASSED] - Object 'Object Repository/Page_The Story and Evolution of Doodles - G_6e786d/p_The first Doodle was a simple out-of-offi_345e61' is visible

07-06-2024T13:59:20 - [TEST_STEP][PASSED] - verifyElementVisible(findTestObject("Object Repository/Page_The Story and Evolution of Doodles - G_6e786d/h2_Weve created more than 5,000 Doodles ove_111429")): Object 'Object Repository/Page_The Story and Evolution of Doodles - G_6e786d/h2_Weve created more than 5,000 Doodles ove_111429' is visible

07-06-2024T13:59:20 - [MESSAGE][PASSED] - Object 'Object Repository/Page_The Story and Evolution of Doodles - G_6e786d/h2_Weve created more than 5,000 Doodles ove_111429' is visible

07-06-2024T13:59:20 - [TEST_STEP][PASSED] - verifyElementVisible(findTestObject("Object Repository/Page_The Story and Evolution of Doodles - G_6e786d/h1_The story behind Doodles")): Object 'Object Repository/Page_The Story and Evolution of Doodles - G_6e786d/h1_The story behind Doodles' is visible

07-06-2024T13:59:20 - [MESSAGE][PASSED] - Object 'Object Repository/Page_The Story and Evolution of Doodles - G_6e786d/h1_The story behind Doodles' is visible

07-06-2024T13:59:20 - [TEST_STEP][PASSED] - verifyElementVisible(findTestObject("Object Repository/Page_The Story and Evolution of Doodles - G_6e786d/p_The first Doodle was a simple out-of-offi_345e61")): Object 'Object Repository/Page_The Story and Evolution of Doodles - G_6e786d/p_The first Doodle was a simple out-of-offi_345e61' is visible

07-06-2024T13:59:20 - [MESSAGE][PASSED] - Object 'Object Repository/Page_The Story and Evolution of Doodles - G_6e786d/p_The first Doodle was a simple out-of-offi_345e61' is visible

07-06-2024T13:59:20 - [TEST_STEP][PASSED] - verifyElementVisible(findTestObject("Object Repository/Page_The Story and Evolution of Doodles - G_6e786d/h2_Weve created more than 5,000 Doodles ove_111429")): Object 'Object Repository/Page_The Story and Evolution of Doodles - G_6e786d/h2_Weve created more than 5,000 Doodles ove_111429' is visible

07-06-2024T13:59:20 - [MESSAGE][PASSED] - Object 'Object Repository/Page_The Story and Evolution of Doodles - G_6e786d/h2_Weve created more than 5,000 Doodles ove_111429' is visible

07-06-2024T13:59:20 - [TEST_STEP][PASSED] - click(findTestObject("Object Repository/Page_The Story and Evolution of Doodles - G_6e786d/p_The first Doodle was a simple out-of-offi_345e61")): Object: 'Object Repository/Page_The Story and Evolution of Doodles - G_6e786d/p_The first Doodle was a simple out-of-offi_345e61' is clicked on

07-06-2024T13:59:21 - [MESSAGE][PASSED] - Object: 'Object Repository/Page_The Story and Evolution of Doodles - G_6e786d/p_The first Doodle was a simple out-of-offi_345e61' is clicked on

07-06-2024T13:59:21 - [TEST_STEP][PASSED] - verifyElementVisible(findTestObject("Object Repository/Page_The Story and Evolution of Doodles - G_6e786d/h1_The story behind Doodles")): Object 'Object Repository/Page_The Story and Evolution of Doodles - G_6e786d/h1_The story behind Doodles' is visible

07-06-2024T13:59:21 - [MESSAGE][PASSED] - Object 'Object Repository/Page_The Story and Evolution of Doodles - G_6e786d/h1_The story behind Doodles' is visible

07-06-2024T13:59:21 - [TEST_STEP][PASSED] - verifyElementVisible(findTestObject("Object Repository/Page_The Story and Evolution of Doodles - G_6e786d/p_The first Doodle was a simple out-of-offi_345e61")): Object 'Object Repository/Page_The Story and Evolution of Doodles - G_6e786d/p_The first Doodle was a simple out-of-offi_345e61' is visible

07-06-2024T13:59:21 - [MESSAGE][PASSED] - Object 'Object Repository/Page_The Story and Evolution of Doodles - G_6e786d/p_The first Doodle was a simple out-of-offi_345e61' is visible

07-06-2024T13:59:21 - [TEST_STEP][PASSED] - verifyElementVisible(findTestObject("Object Repository/Page_The Story and Evolution of Doodles - G_6e786d/h2_Weve created more than 5,000 Doodles ove_111429")): Object 'Object Repository/Page_The Story and Evolution of Doodles - G_6e786d/h2_Weve created more than 5,000 Doodles ove_111429' is visible

07-06-2024T13:59:21 - [MESSAGE][PASSED] - Object 'Object Repository/Page_The Story and Evolution of Doodles - G_6e786d/h2_Weve created more than 5,000 Doodles ove_111429' is visible

07-06-2024T13:59:21 - [TEST_STEP][PASSED] - click(findTestObject("Object Repository/Page_The Story and Evolution of Doodles - G_6e786d/p_The first Doodle was a simple out-of-offi_345e61")): Object: 'Object Repository/Page_The Story and Evolution of Doodles - G_6e786d/p_The first Doodle was a simple out-of-offi_345e61' is clicked on

07-06-2024T13:59:21 - [MESSAGE][PASSED] - Object: 'Object Repository/Page_The Story and Evolution of Doodles - G_6e786d/p_The first Doodle was a simple out-of-offi_345e61' is clicked on

07-06-2024T13:59:21 - [TEST_STEP][PASSED] - verifyElementVisible(findTestObject("Object Repository/Page_The Story and Evolution of Doodles - G_6e786d/h1_The story behind Doodles")): Object 'Object Repository/Page_The Story and Evolution of Doodles - G_6e786d/h1_The story behind Doodles' is visible

07-06-2024T13:59:21 - [MESSAGE][PASSED] - Object 'Object Repository/Page_The Story and Evolution of Doodles - G_6e786d/h1_The story behind Doodles' is visible

07-06-2024T13:59:21 - [TEST_STEP][PASSED] - verifyElementVisible(findTestObject("Object Repository/Page_The Story and Evolution of Doodles - G_6e786d/p_The first Doodle was a simple out-of-offi_345e61")): Object 'Object Repository/Page_The Story and Evolution of Doodles - G_6e786d/p_The first Doodle was a simple out-of-offi_345e61' is visible

07-06-2024T13:59:21 - [MESSAGE][PASSED] - Object 'Object Repository/Page_The Story and Evolution of Doodles - G_6e786d/p_The first Doodle was a simple out-of-offi_345e61' is visible

07-06-2024T13:59:21 - [TEST_STEP][PASSED] - verifyElementVisible(findTestObject("Object Repository/Page_The Story and Evolution of Doodles - G_6e786d/h2_Weve created more than 5,000 Doodles ove_111429")): Object 'Object Repository/Page_The Story and Evolution of Doodles - G_6e786d/h2_Weve created more than 5,000 Doodles ove_111429' is visible

07-06-2024T13:59:21 - [MESSAGE][PASSED] - Object 'Object Repository/Page_The Story and Evolution of Doodles - G_6e786d/h2_Weve created more than 5,000 Doodles ove_111429' is visible

07-06-2024T13:59:21 - [TEST_STEP][PASSED] - click(findTestObject("Object Repository/Page_The Story and Evolution of Doodles - G_6e786d/p_The first Doodle was a simple out-of-offi_345e61")): Object: 'Object Repository/Page_The Story and Evolution of Doodles - G_6e786d/p_The first Doodle was a simple out-of-offi_345e61' is clicked on

07-06-2024T13:59:21 - [MESSAGE][PASSED] - Object: 'Object Repository/Page_The Story and Evolution of Doodles - G_6e786d/p_The first Doodle was a simple out-of-offi_345e61' is clicked on

07-06-2024T13:59:21 - [TEST_STEP][PASSED] - verifyElementVisible(findTestObject("Object Repository/Page_The Story and Evolution of Doodles - G_6e786d/h1_The story behind Doodles")): Object 'Object Repository/Page_The Story and Evolution of Doodles - G_6e786d/h1_The story behind Doodles' is visible

07-06-2024T13:59:21 - [MESSAGE][PASSED] - Object 'Object Repository/Page_The Story and Evolution of Doodles - G_6e786d/h1_The story behind Doodles' is visible

07-06-2024T13:59:21 - [TEST_STEP][PASSED] - verifyElementVisible(findTestObject("Object Repository/Page_The Story and Evolution of Doodles - G_6e786d/p_The first Doodle was a simple out-of-offi_345e61")): Object 'Object Repository/Page_The Story and Evolution of Doodles - G_6e786d/p_The first Doodle was a simple out-of-offi_345e61' is visible

07-06-2024T13:59:21 - [MESSAGE][PASSED] - Object 'Object Repository/Page_The Story and Evolution of Doodles - G_6e786d/p_The first Doodle was a simple out-of-offi_345e61' is visible

07-06-2024T13:59:21 - [TEST_STEP][PASSED] - verifyElementVisible(findTestObject("Object Repository/Page_The Story and Evolution of Doodles - G_6e786d/h2_Weve created more than 5,000 Doodles ove_111429")): Object 'Object Repository/Page_The Story and Evolution of Doodles - G_6e786d/h2_Weve created more than 5,000 Doodles ove_111429' is visible

07-06-2024T13:59:21 - [MESSAGE][PASSED] - Object 'Object Repository/Page_The Story and Evolution of Doodles - G_6e786d/h2_Weve created more than 5,000 Doodles ove_111429' is visible

07-06-2024T13:59:21 - [TEST_STEP][PASSED] - click(findTestObject("Object Repository/Page_The Story and Evolution of Doodles - G_6e786d/p_The first Doodle was a simple out-of-offi_345e61")): Object: 'Object Repository/Page_The Story and Evolution of Doodles - G_6e786d/p_The first Doodle was a simple out-of-offi_345e61' is clicked on

07-06-2024T13:59:22 - [MESSAGE][PASSED] - Object: 'Object Repository/Page_The Story and Evolution of Doodles - G_6e786d/p_The first Doodle was a simple out-of-offi_345e61' is clicked on

07-06-2024T13:59:22 - [TEST_STEP][PASSED] - verifyElementVisible(findTestObject("Object Repository/Page_The Story and Evolution of Doodles - G_6e786d/h1_The story behind Doodles")): Object 'Object Repository/Page_The Story and Evolution of Doodles - G_6e786d/h1_The story behind Doodles' is visible

07-06-2024T13:59:22 - [MESSAGE][PASSED] - Object 'Object Repository/Page_The Story and Evolution of Doodles - G_6e786d/h1_The story behind Doodles' is visible

07-06-2024T13:59:22 - [TEST_STEP][PASSED] - verifyElementVisible(findTestObject("Object Repository/Page_The Story and Evolution of Doodles - G_6e786d/p_The first Doodle was a simple out-of-offi_345e61")): Object 'Object Repository/Page_The Story and Evolution of Doodles - G_6e786d/p_The first Doodle was a simple out-of-offi_345e61' is visible

07-06-2024T13:59:22 - [MESSAGE][PASSED] - Object 'Object Repository/Page_The Story and Evolution of Doodles - G_6e786d/p_The first Doodle was a simple out-of-offi_345e61' is visible

07-06-2024T13:59:22 - [TEST_STEP][PASSED] - verifyElementVisible(findTestObject("Object Repository/Page_The Story and Evolution of Doodles - G_6e786d/h2_Weve created more than 5,000 Doodles ove_111429")): Object 'Object Repository/Page_The Story and Evolution of Doodles - G_6e786d/h2_Weve created more than 5,000 Doodles ove_111429' is visible

07-06-2024T13:59:22 - [MESSAGE][PASSED] - Object 'Object Repository/Page_The Story and Evolution of Doodles - G_6e786d/h2_Weve created more than 5,000 Doodles ove_111429' is visible

07-06-2024T13:59:22 - [TEST_STEP][PASSED] - click(findTestObject("Object Repository/Page_The Story and Evolution of Doodles - G_6e786d/p_The first Doodle was a simple out-of-offi_345e61")): Object: 'Object Repository/Page_The Story and Evolution of Doodles - G_6e786d/p_The first Doodle was a simple out-of-offi_345e61' is clicked on

07-06-2024T13:59:22 - [MESSAGE][PASSED] - Object: 'Object Repository/Page_The Story and Evolution of Doodles - G_6e786d/p_The first Doodle was a simple out-of-offi_345e61' is clicked on

07-06-2024T13:59:22 - [TEST_STEP][PASSED] - verifyElementVisible(findTestObject("Object Repository/Page_The Story and Evolution of Doodles - G_6e786d/h1_The story behind Doodles")): Object 'Object Repository/Page_The Story and Evolution of Doodles - G_6e786d/h1_The story behind Doodles' is visible

07-06-2024T13:59:22 - [MESSAGE][PASSED] - Object 'Object Repository/Page_The Story and Evolution of Doodles - G_6e786d/h1_The story behind Doodles' is visible

07-06-2024T13:59:22 - [TEST_STEP][PASSED] - verifyElementVisible(findTestObject("Object Repository/Page_The Story and Evolution of Doodles - G_6e786d/p_The first Doodle was a simple out-of-offi_345e61")): Object 'Object Repository/Page_The Story and Evolution of Doodles - G_6e786d/p_The first Doodle was a simple out-of-offi_345e61' is visible

07-06-2024T13:59:22 - [MESSAGE][PASSED] - Object 'Object Repository/Page_The Story and Evolution of Doodles - G_6e786d/p_The first Doodle was a simple out-of-offi_345e61' is visible

07-06-2024T13:59:22 - [TEST_STEP][PASSED] - verifyElementVisible(findTestObject("Object Repository/Page_The Story and Evolution of Doodles - G_6e786d/h2_Weve created more than 5,000 Doodles ove_111429")): Object 'Object Repository/Page_The Story and Evolution of Doodles - G_6e786d/h2_Weve created more than 5,000 Doodles ove_111429' is visible

07-06-2024T13:59:22 - [MESSAGE][PASSED] - Object 'Object Repository/Page_The Story and Evolution of Doodles - G_6e786d/h2_Weve created more than 5,000 Doodles ove_111429' is visible

07-06-2024T13:59:22 - [TEST_STEP][PASSED] - click(findTestObject("Object Repository/Page_The Story and Evolution of Doodles - G_6e786d/p_The first Doodle was a simple out-of-offi_345e61")): Object: 'Object Repository/Page_The Story and Evolution of Doodles - G_6e786d/p_The first Doodle was a simple out-of-offi_345e61' is clicked on

07-06-2024T13:59:22 - [MESSAGE][PASSED] - Object: 'Object Repository/Page_The Story and Evolution of Doodles - G_6e786d/p_The first Doodle was a simple out-of-offi_345e61' is clicked on

07-06-2024T13:59:22 - [TEST_STEP][PASSED] - verifyElementVisible(findTestObject("Object Repository/Page_The Story and Evolution of Doodles - G_6e786d/h1_The story behind Doodles")): Object 'Object Repository/Page_The Story and Evolution of Doodles - G_6e786d/h1_The story behind Doodles' is visible

07-06-2024T13:59:22 - [MESSAGE][PASSED] - Object 'Object Repository/Page_The Story and Evolution of Doodles - G_6e786d/h1_The story behind Doodles' is visible

07-06-2024T13:59:22 - [TEST_STEP][PASSED] - verifyElementVisible(findTestObject("Object Repository/Page_The Story and Evolution of Doodles - G_6e786d/p_The first Doodle was a simple out-of-offi_345e61")): Object 'Object Repository/Page_The Story and Evolution of Doodles - G_6e786d/p_The first Doodle was a simple out-of-offi_345e61' is visible

07-06-2024T13:59:22 - [MESSAGE][PASSED] - Object 'Object Repository/Page_The Story and Evolution of Doodles - G_6e786d/p_The first Doodle was a simple out-of-offi_345e61' is visible

07-06-2024T13:59:22 - [TEST_STEP][PASSED] - verifyElementVisible(findTestObject("Object Repository/Page_The Story and Evolution of Doodles - G_6e786d/h2_Weve created more than 5,000 Doodles ove_111429")): Object 'Object Repository/Page_The Story and Evolution of Doodles - G_6e786d/h2_Weve created more than 5,000 Doodles ove_111429' is visible

07-06-2024T13:59:22 - [MESSAGE][PASSED] - Object 'Object Repository/Page_The Story and Evolution of Doodles - G_6e786d/h2_Weve created more than 5,000 Doodles ove_111429' is visible

07-06-2024T13:59:22 - [TEST_STEP][PASSED] - click(findTestObject("Object Repository/Page_The Story and Evolution of Doodles - G_6e786d/p_The first Doodle was a simple out-of-offi_345e61")): Object: 'Object Repository/Page_The Story and Evolution of Doodles - G_6e786d/p_The first Doodle was a simple out-of-offi_345e61' is clicked on

07-06-2024T13:59:22 - [MESSAGE][PASSED] - Object: 'Object Repository/Page_The Story and Evolution of Doodles - G_6e786d/p_The first Doodle was a simple out-of-offi_345e61' is clicked on

07-06-2024T13:59:22 - [TEST_STEP][PASSED] - verifyElementVisible(findTestObject("Object Repository/Page_The Story and Evolution of Doodles - G_6e786d/h1_The story behind Doodles")): Object 'Object Repository/Page_The Story and Evolution of Doodles - G_6e786d/h1_The story behind Doodles' is visible

07-06-2024T13:59:23 - [MESSAGE][PASSED] - Object 'Object Repository/Page_The Story and Evolution of Doodles - G_6e786d/h1_The story behind Doodles' is visible

07-06-2024T13:59:23 - [TEST_STEP][PASSED] - verifyElementVisible(findTestObject("Object Repository/Page_The Story and Evolution of Doodles - G_6e786d/p_The first Doodle was a simple out-of-offi_345e61")): Object 'Object Repository/Page_The Story and Evolution of Doodles - G_6e786d/p_The first Doodle was a simple out-of-offi_345e61' is visible

07-06-2024T13:59:23 - [MESSAGE][PASSED] - Object 'Object Repository/Page_The Story and Evolution of Doodles - G_6e786d/p_The first Doodle was a simple out-of-offi_345e61' is visible

07-06-2024T13:59:23 - [TEST_STEP][PASSED] - verifyElementVisible(findTestObject("Object Repository/Page_The Story and Evolution of Doodles - G_6e786d/h2_Weve created more than 5,000 Doodles ove_111429")): Object 'Object Repository/Page_The Story and Evolution of Doodles - G_6e786d/h2_Weve created more than 5,000 Doodles ove_111429' is visible

07-06-2024T13:59:23 - [MESSAGE][PASSED] - Object 'Object Repository/Page_The Story and Evolution of Doodles - G_6e786d/h2_Weve created more than 5,000 Doodles ove_111429' is visible

07-06-2024T13:59:23 - [TEST_STEP][PASSED] - click(findTestObject("Object Repository/Page_The Story and Evolution of Doodles - G_6e786d/p_The first Doodle was a simple out-of-offi_345e61")): Object: 'Object Repository/Page_The Story and Evolution of Doodles - G_6e786d/p_The first Doodle was a simple out-of-offi_345e61' is clicked on

07-06-2024T13:59:23 - [MESSAGE][PASSED] - Object: 'Object Repository/Page_The Story and Evolution of Doodles - G_6e786d/p_The first Doodle was a simple out-of-offi_345e61' is clicked on

07-06-2024T13:59:23 - [TEST_STEP][PASSED] - verifyElementVisible(findTestObject("Object Repository/Page_The Story and Evolution of Doodles - G_6e786d/h1_The story behind Doodles")): Object 'Object Repository/Page_The Story and Evolution of Doodles - G_6e786d/h1_The story behind Doodles' is visible

07-06-2024T13:59:23 - [MESSAGE][PASSED] - Object 'Object Repository/Page_The Story and Evolution of Doodles - G_6e786d/h1_The story behind Doodles' is visible

07-06-2024T13:59:23 - [TEST_STEP][PASSED] - verifyElementVisible(findTestObject("Object Repository/Page_The Story and Evolution of Doodles - G_6e786d/p_The first Doodle was a simple out-of-offi_345e61")): Object 'Object Repository/Page_The Story and Evolution of Doodles - G_6e786d/p_The first Doodle was a simple out-of-offi_345e61' is visible

07-06-2024T13:59:23 - [MESSAGE][PASSED] - Object 'Object Repository/Page_The Story and Evolution of Doodles - G_6e786d/p_The first Doodle was a simple out-of-offi_345e61' is visible

07-06-2024T13:59:23 - [TEST_STEP][PASSED] - verifyElementVisible(findTestObject("Object Repository/Page_The Story and Evolution of Doodles - G_6e786d/h2_Weve created more than 5,000 Doodles ove_111429")): Object 'Object Repository/Page_The Story and Evolution of Doodles - G_6e786d/h2_Weve created more than 5,000 Doodles ove_111429' is visible

07-06-2024T13:59:23 - [MESSAGE][PASSED] - Object 'Object Repository/Page_The Story and Evolution of Doodles - G_6e786d/h2_Weve created more than 5,000 Doodles ove_111429' is visible

07-06-2024T13:59:23 - [TEST_STEP][PASSED] - click(findTestObject("Object Repository/Page_The Story and Evolution of Doodles - G_6e786d/p_The first Doodle was a simple out-of-offi_345e61")): Object: 'Object Repository/Page_The Story and Evolution of Doodles - G_6e786d/p_The first Doodle was a simple out-of-offi_345e61' is clicked on

07-06-2024T13:59:34 - [MESSAGE][PASSED] - Object: 'Object Repository/Page_The Story and Evolution of Doodles - G_6e786d/p_The first Doodle was a simple out-of-offi_345e61' is clicked on

07-06-2024T13:59:34 - [TEST_STEP][PASSED] - verifyElementVisible(findTestObject("Object Repository/Page_The Story and Evolution of Doodles - G_6e786d/h1_The story behind Doodles")): Object 'Object Repository/Page_The Story and Evolution of Doodles - G_6e786d/h1_The story behind Doodles' is visible

07-06-2024T13:59:34 - [MESSAGE][PASSED] - Object 'Object Repository/Page_The Story and Evolution of Doodles - G_6e786d/h1_The story behind Doodles' is visible

07-06-2024T13:59:34 - [TEST_STEP][PASSED] - verifyElementVisible(findTestObject("Object Repository/Page_The Story and Evolution of Doodles - G_6e786d/p_The first Doodle was a simple out-of-offi_345e61")): Object 'Object Repository/Page_The Story and Evolution of Doodles - G_6e786d/p_The first Doodle was a simple out-of-offi_345e61' is visible

07-06-2024T13:59:34 - [MESSAGE][PASSED] - Object 'Object Repository/Page_The Story and Evolution of Doodles - G_6e786d/p_The first Doodle was a simple out-of-offi_345e61' is visible

07-06-2024T13:59:34 - [TEST_STEP][PASSED] - verifyElementVisible(findTestObject("Object Repository/Page_The Story and Evolution of Doodles - G_6e786d/h2_Weve created more than 5,000 Doodles ove_111429")): Object 'Object Repository/Page_The Story and Evolution of Doodles - G_6e786d/h2_Weve created more than 5,000 Doodles ove_111429' is visible

07-06-2024T13:59:34 - [MESSAGE][PASSED] - Object 'Object Repository/Page_The Story and Evolution of Doodles - G_6e786d/h2_Weve created more than 5,000 Doodles ove_111429' is visible]]></system-out>
         <system-err><![CDATA[]]></system-err>
      </testcase>
      <testcase name="Test Cases/test case folder 1/tc1 - Copy (6) - Copy (1)" time="8.2" classname="Test Cases/test case folder 1/tc1 - Copy (6) - Copy (1)" status="PASSED">
         <system-out><![CDATA[07-06-2024T13:59:34 - [TEST_CASE][PASSED] - Test Cases/test case folder 1/tc1 - Copy (6) - Copy (1): Test Cases/test case folder 1/tc1 - Copy (6) - Copy (1)

07-06-2024T13:59:34 - [TEST_STEP][PASSED] - openBrowser(""): Browser is opened with url: ''

07-06-2024T13:59:34 - [MESSAGE][WARNING] - A browser is already opened. Closing browser and opening a new one

07-06-2024T13:59:35 - [MESSAGE][INFO] - Starting 'Firefox (headless)' driver

07-06-2024T13:59:35 - [MESSAGE][INFO] - Action delay is set to 0 milliseconds

07-06-2024T13:59:37 - [MESSAGE][PASSED] - Browser is opened with url: ''

07-06-2024T13:59:37 - [TEST_STEP][PASSED] - navigateToUrl("https://doodles.google/about/"): Navigate to 'https://doodles.google/about/' successfully

07-06-2024T13:59:39 - [MESSAGE][PASSED] - Navigate to 'https://doodles.google/about/' successfully

07-06-2024T13:59:39 - [TEST_STEP][PASSED] - click(findTestObject("Object Repository/Page_The Story and Evolution of Doodles - G_6e786d/p_The first Doodle was a simple out-of-offi_345e61")): Object: 'Object Repository/Page_The Story and Evolution of Doodles - G_6e786d/p_The first Doodle was a simple out-of-offi_345e61' is clicked on

07-06-2024T13:59:39 - [MESSAGE][PASSED] - Object: 'Object Repository/Page_The Story and Evolution of Doodles - G_6e786d/p_The first Doodle was a simple out-of-offi_345e61' is clicked on

07-06-2024T13:59:39 - [TEST_STEP][PASSED] - click(findTestObject("Object Repository/Page_The Story and Evolution of Doodles - G_6e786d/p_The first Doodle was a simple out-of-offi_345e61")): Object: 'Object Repository/Page_The Story and Evolution of Doodles - G_6e786d/p_The first Doodle was a simple out-of-offi_345e61' is clicked on

07-06-2024T13:59:39 - [MESSAGE][PASSED] - Object: 'Object Repository/Page_The Story and Evolution of Doodles - G_6e786d/p_The first Doodle was a simple out-of-offi_345e61' is clicked on

07-06-2024T13:59:39 - [TEST_STEP][PASSED] - verifyElementVisible(findTestObject("Object Repository/Page_The Story and Evolution of Doodles - G_6e786d/h1_The story behind Doodles")): Object 'Object Repository/Page_The Story and Evolution of Doodles - G_6e786d/h1_The story behind Doodles' is visible

07-06-2024T13:59:39 - [MESSAGE][PASSED] - Object 'Object Repository/Page_The Story and Evolution of Doodles - G_6e786d/h1_The story behind Doodles' is visible

07-06-2024T13:59:39 - [TEST_STEP][PASSED] - verifyElementVisible(findTestObject("Object Repository/Page_The Story and Evolution of Doodles - G_6e786d/p_The first Doodle was a simple out-of-offi_345e61")): Object 'Object Repository/Page_The Story and Evolution of Doodles - G_6e786d/p_The first Doodle was a simple out-of-offi_345e61' is visible

07-06-2024T13:59:39 - [MESSAGE][PASSED] - Object 'Object Repository/Page_The Story and Evolution of Doodles - G_6e786d/p_The first Doodle was a simple out-of-offi_345e61' is visible

07-06-2024T13:59:39 - [TEST_STEP][PASSED] - verifyElementVisible(findTestObject("Object Repository/Page_The Story and Evolution of Doodles - G_6e786d/h2_Weve created more than 5,000 Doodles ove_111429")): Object 'Object Repository/Page_The Story and Evolution of Doodles - G_6e786d/h2_Weve created more than 5,000 Doodles ove_111429' is visible

07-06-2024T13:59:39 - [MESSAGE][PASSED] - Object 'Object Repository/Page_The Story and Evolution of Doodles - G_6e786d/h2_Weve created more than 5,000 Doodles ove_111429' is visible

07-06-2024T13:59:39 - [TEST_STEP][PASSED] - verifyElementVisible(findTestObject("Object Repository/Page_The Story and Evolution of Doodles - G_6e786d/h1_The story behind Doodles")): Object 'Object Repository/Page_The Story and Evolution of Doodles - G_6e786d/h1_The story behind Doodles' is visible

07-06-2024T13:59:39 - [MESSAGE][PASSED] - Object 'Object Repository/Page_The Story and Evolution of Doodles - G_6e786d/h1_The story behind Doodles' is visible

07-06-2024T13:59:39 - [TEST_STEP][PASSED] - verifyElementVisible(findTestObject("Object Repository/Page_The Story and Evolution of Doodles - G_6e786d/p_The first Doodle was a simple out-of-offi_345e61")): Object 'Object Repository/Page_The Story and Evolution of Doodles - G_6e786d/p_The first Doodle was a simple out-of-offi_345e61' is visible

07-06-2024T13:59:39 - [MESSAGE][PASSED] - Object 'Object Repository/Page_The Story and Evolution of Doodles - G_6e786d/p_The first Doodle was a simple out-of-offi_345e61' is visible

07-06-2024T13:59:39 - [TEST_STEP][PASSED] - verifyElementVisible(findTestObject("Object Repository/Page_The Story and Evolution of Doodles - G_6e786d/h2_Weve created more than 5,000 Doodles ove_111429")): Object 'Object Repository/Page_The Story and Evolution of Doodles - G_6e786d/h2_Weve created more than 5,000 Doodles ove_111429' is visible

07-06-2024T13:59:39 - [MESSAGE][PASSED] - Object 'Object Repository/Page_The Story and Evolution of Doodles - G_6e786d/h2_Weve created more than 5,000 Doodles ove_111429' is visible

07-06-2024T13:59:39 - [TEST_STEP][PASSED] - click(findTestObject("Object Repository/Page_The Story and Evolution of Doodles - G_6e786d/p_The first Doodle was a simple out-of-offi_345e61")): Object: 'Object Repository/Page_The Story and Evolution of Doodles - G_6e786d/p_The first Doodle was a simple out-of-offi_345e61' is clicked on

07-06-2024T13:59:40 - [MESSAGE][PASSED] - Object: 'Object Repository/Page_The Story and Evolution of Doodles - G_6e786d/p_The first Doodle was a simple out-of-offi_345e61' is clicked on

07-06-2024T13:59:40 - [TEST_STEP][PASSED] - verifyElementVisible(findTestObject("Object Repository/Page_The Story and Evolution of Doodles - G_6e786d/h1_The story behind Doodles")): Object 'Object Repository/Page_The Story and Evolution of Doodles - G_6e786d/h1_The story behind Doodles' is visible

07-06-2024T13:59:40 - [MESSAGE][PASSED] - Object 'Object Repository/Page_The Story and Evolution of Doodles - G_6e786d/h1_The story behind Doodles' is visible

07-06-2024T13:59:40 - [TEST_STEP][PASSED] - verifyElementVisible(findTestObject("Object Repository/Page_The Story and Evolution of Doodles - G_6e786d/p_The first Doodle was a simple out-of-offi_345e61")): Object 'Object Repository/Page_The Story and Evolution of Doodles - G_6e786d/p_The first Doodle was a simple out-of-offi_345e61' is visible

07-06-2024T13:59:40 - [MESSAGE][PASSED] - Object 'Object Repository/Page_The Story and Evolution of Doodles - G_6e786d/p_The first Doodle was a simple out-of-offi_345e61' is visible

07-06-2024T13:59:40 - [TEST_STEP][PASSED] - verifyElementVisible(findTestObject("Object Repository/Page_The Story and Evolution of Doodles - G_6e786d/h2_Weve created more than 5,000 Doodles ove_111429")): Object 'Object Repository/Page_The Story and Evolution of Doodles - G_6e786d/h2_Weve created more than 5,000 Doodles ove_111429' is visible

07-06-2024T13:59:40 - [MESSAGE][PASSED] - Object 'Object Repository/Page_The Story and Evolution of Doodles - G_6e786d/h2_Weve created more than 5,000 Doodles ove_111429' is visible

07-06-2024T13:59:40 - [TEST_STEP][PASSED] - click(findTestObject("Object Repository/Page_The Story and Evolution of Doodles - G_6e786d/p_The first Doodle was a simple out-of-offi_345e61")): Object: 'Object Repository/Page_The Story and Evolution of Doodles - G_6e786d/p_The first Doodle was a simple out-of-offi_345e61' is clicked on

07-06-2024T13:59:40 - [MESSAGE][PASSED] - Object: 'Object Repository/Page_The Story and Evolution of Doodles - G_6e786d/p_The first Doodle was a simple out-of-offi_345e61' is clicked on

07-06-2024T13:59:40 - [TEST_STEP][PASSED] - verifyElementVisible(findTestObject("Object Repository/Page_The Story and Evolution of Doodles - G_6e786d/h1_The story behind Doodles")): Object 'Object Repository/Page_The Story and Evolution of Doodles - G_6e786d/h1_The story behind Doodles' is visible

07-06-2024T13:59:40 - [MESSAGE][PASSED] - Object 'Object Repository/Page_The Story and Evolution of Doodles - G_6e786d/h1_The story behind Doodles' is visible

07-06-2024T13:59:40 - [TEST_STEP][PASSED] - verifyElementVisible(findTestObject("Object Repository/Page_The Story and Evolution of Doodles - G_6e786d/p_The first Doodle was a simple out-of-offi_345e61")): Object 'Object Repository/Page_The Story and Evolution of Doodles - G_6e786d/p_The first Doodle was a simple out-of-offi_345e61' is visible

07-06-2024T13:59:40 - [MESSAGE][PASSED] - Object 'Object Repository/Page_The Story and Evolution of Doodles - G_6e786d/p_The first Doodle was a simple out-of-offi_345e61' is visible

07-06-2024T13:59:40 - [TEST_STEP][PASSED] - verifyElementVisible(findTestObject("Object Repository/Page_The Story and Evolution of Doodles - G_6e786d/h2_Weve created more than 5,000 Doodles ove_111429")): Object 'Object Repository/Page_The Story and Evolution of Doodles - G_6e786d/h2_Weve created more than 5,000 Doodles ove_111429' is visible

07-06-2024T13:59:40 - [MESSAGE][PASSED] - Object 'Object Repository/Page_The Story and Evolution of Doodles - G_6e786d/h2_Weve created more than 5,000 Doodles ove_111429' is visible

07-06-2024T13:59:40 - [TEST_STEP][PASSED] - click(findTestObject("Object Repository/Page_The Story and Evolution of Doodles - G_6e786d/p_The first Doodle was a simple out-of-offi_345e61")): Object: 'Object Repository/Page_The Story and Evolution of Doodles - G_6e786d/p_The first Doodle was a simple out-of-offi_345e61' is clicked on

07-06-2024T13:59:40 - [MESSAGE][PASSED] - Object: 'Object Repository/Page_The Story and Evolution of Doodles - G_6e786d/p_The first Doodle was a simple out-of-offi_345e61' is clicked on

07-06-2024T13:59:40 - [TEST_STEP][PASSED] - verifyElementVisible(findTestObject("Object Repository/Page_The Story and Evolution of Doodles - G_6e786d/h1_The story behind Doodles")): Object 'Object Repository/Page_The Story and Evolution of Doodles - G_6e786d/h1_The story behind Doodles' is visible

07-06-2024T13:59:41 - [MESSAGE][PASSED] - Object 'Object Repository/Page_The Story and Evolution of Doodles - G_6e786d/h1_The story behind Doodles' is visible

07-06-2024T13:59:41 - [TEST_STEP][PASSED] - verifyElementVisible(findTestObject("Object Repository/Page_The Story and Evolution of Doodles - G_6e786d/p_The first Doodle was a simple out-of-offi_345e61")): Object 'Object Repository/Page_The Story and Evolution of Doodles - G_6e786d/p_The first Doodle was a simple out-of-offi_345e61' is visible

07-06-2024T13:59:41 - [MESSAGE][PASSED] - Object 'Object Repository/Page_The Story and Evolution of Doodles - G_6e786d/p_The first Doodle was a simple out-of-offi_345e61' is visible

07-06-2024T13:59:41 - [TEST_STEP][PASSED] - verifyElementVisible(findTestObject("Object Repository/Page_The Story and Evolution of Doodles - G_6e786d/h2_Weve created more than 5,000 Doodles ove_111429")): Object 'Object Repository/Page_The Story and Evolution of Doodles - G_6e786d/h2_Weve created more than 5,000 Doodles ove_111429' is visible

07-06-2024T13:59:41 - [MESSAGE][PASSED] - Object 'Object Repository/Page_The Story and Evolution of Doodles - G_6e786d/h2_Weve created more than 5,000 Doodles ove_111429' is visible

07-06-2024T13:59:41 - [TEST_STEP][PASSED] - click(findTestObject("Object Repository/Page_The Story and Evolution of Doodles - G_6e786d/p_The first Doodle was a simple out-of-offi_345e61")): Object: 'Object Repository/Page_The Story and Evolution of Doodles - G_6e786d/p_The first Doodle was a simple out-of-offi_345e61' is clicked on

07-06-2024T13:59:41 - [MESSAGE][PASSED] - Object: 'Object Repository/Page_The Story and Evolution of Doodles - G_6e786d/p_The first Doodle was a simple out-of-offi_345e61' is clicked on

07-06-2024T13:59:41 - [TEST_STEP][PASSED] - verifyElementVisible(findTestObject("Object Repository/Page_The Story and Evolution of Doodles - G_6e786d/h1_The story behind Doodles")): Object 'Object Repository/Page_The Story and Evolution of Doodles - G_6e786d/h1_The story behind Doodles' is visible

07-06-2024T13:59:41 - [MESSAGE][PASSED] - Object 'Object Repository/Page_The Story and Evolution of Doodles - G_6e786d/h1_The story behind Doodles' is visible

07-06-2024T13:59:41 - [TEST_STEP][PASSED] - verifyElementVisible(findTestObject("Object Repository/Page_The Story and Evolution of Doodles - G_6e786d/p_The first Doodle was a simple out-of-offi_345e61")): Object 'Object Repository/Page_The Story and Evolution of Doodles - G_6e786d/p_The first Doodle was a simple out-of-offi_345e61' is visible

07-06-2024T13:59:41 - [MESSAGE][PASSED] - Object 'Object Repository/Page_The Story and Evolution of Doodles - G_6e786d/p_The first Doodle was a simple out-of-offi_345e61' is visible

07-06-2024T13:59:41 - [TEST_STEP][PASSED] - verifyElementVisible(findTestObject("Object Repository/Page_The Story and Evolution of Doodles - G_6e786d/h2_Weve created more than 5,000 Doodles ove_111429")): Object 'Object Repository/Page_The Story and Evolution of Doodles - G_6e786d/h2_Weve created more than 5,000 Doodles ove_111429' is visible

07-06-2024T13:59:41 - [MESSAGE][PASSED] - Object 'Object Repository/Page_The Story and Evolution of Doodles - G_6e786d/h2_Weve created more than 5,000 Doodles ove_111429' is visible

07-06-2024T13:59:41 - [TEST_STEP][PASSED] - click(findTestObject("Object Repository/Page_The Story and Evolution of Doodles - G_6e786d/p_The first Doodle was a simple out-of-offi_345e61")): Object: 'Object Repository/Page_The Story and Evolution of Doodles - G_6e786d/p_The first Doodle was a simple out-of-offi_345e61' is clicked on

07-06-2024T13:59:41 - [MESSAGE][PASSED] - Object: 'Object Repository/Page_The Story and Evolution of Doodles - G_6e786d/p_The first Doodle was a simple out-of-offi_345e61' is clicked on

07-06-2024T13:59:41 - [TEST_STEP][PASSED] - verifyElementVisible(findTestObject("Object Repository/Page_The Story and Evolution of Doodles - G_6e786d/h1_The story behind Doodles")): Object 'Object Repository/Page_The Story and Evolution of Doodles - G_6e786d/h1_The story behind Doodles' is visible

07-06-2024T13:59:41 - [MESSAGE][PASSED] - Object 'Object Repository/Page_The Story and Evolution of Doodles - G_6e786d/h1_The story behind Doodles' is visible

07-06-2024T13:59:41 - [TEST_STEP][PASSED] - verifyElementVisible(findTestObject("Object Repository/Page_The Story and Evolution of Doodles - G_6e786d/p_The first Doodle was a simple out-of-offi_345e61")): Object 'Object Repository/Page_The Story and Evolution of Doodles - G_6e786d/p_The first Doodle was a simple out-of-offi_345e61' is visible

07-06-2024T13:59:41 - [MESSAGE][PASSED] - Object 'Object Repository/Page_The Story and Evolution of Doodles - G_6e786d/p_The first Doodle was a simple out-of-offi_345e61' is visible

07-06-2024T13:59:41 - [TEST_STEP][PASSED] - verifyElementVisible(findTestObject("Object Repository/Page_The Story and Evolution of Doodles - G_6e786d/h2_Weve created more than 5,000 Doodles ove_111429")): Object 'Object Repository/Page_The Story and Evolution of Doodles - G_6e786d/h2_Weve created more than 5,000 Doodles ove_111429' is visible

07-06-2024T13:59:41 - [MESSAGE][PASSED] - Object 'Object Repository/Page_The Story and Evolution of Doodles - G_6e786d/h2_Weve created more than 5,000 Doodles ove_111429' is visible

07-06-2024T13:59:41 - [TEST_STEP][PASSED] - click(findTestObject("Object Repository/Page_The Story and Evolution of Doodles - G_6e786d/p_The first Doodle was a simple out-of-offi_345e61")): Object: 'Object Repository/Page_The Story and Evolution of Doodles - G_6e786d/p_The first Doodle was a simple out-of-offi_345e61' is clicked on

07-06-2024T13:59:41 - [MESSAGE][PASSED] - Object: 'Object Repository/Page_The Story and Evolution of Doodles - G_6e786d/p_The first Doodle was a simple out-of-offi_345e61' is clicked on

07-06-2024T13:59:41 - [TEST_STEP][PASSED] - verifyElementVisible(findTestObject("Object Repository/Page_The Story and Evolution of Doodles - G_6e786d/h1_The story behind Doodles")): Object 'Object Repository/Page_The Story and Evolution of Doodles - G_6e786d/h1_The story behind Doodles' is visible

07-06-2024T13:59:42 - [MESSAGE][PASSED] - Object 'Object Repository/Page_The Story and Evolution of Doodles - G_6e786d/h1_The story behind Doodles' is visible

07-06-2024T13:59:42 - [TEST_STEP][PASSED] - verifyElementVisible(findTestObject("Object Repository/Page_The Story and Evolution of Doodles - G_6e786d/p_The first Doodle was a simple out-of-offi_345e61")): Object 'Object Repository/Page_The Story and Evolution of Doodles - G_6e786d/p_The first Doodle was a simple out-of-offi_345e61' is visible

07-06-2024T13:59:42 - [MESSAGE][PASSED] - Object 'Object Repository/Page_The Story and Evolution of Doodles - G_6e786d/p_The first Doodle was a simple out-of-offi_345e61' is visible

07-06-2024T13:59:42 - [TEST_STEP][PASSED] - verifyElementVisible(findTestObject("Object Repository/Page_The Story and Evolution of Doodles - G_6e786d/h2_Weve created more than 5,000 Doodles ove_111429")): Object 'Object Repository/Page_The Story and Evolution of Doodles - G_6e786d/h2_Weve created more than 5,000 Doodles ove_111429' is visible

07-06-2024T13:59:42 - [MESSAGE][PASSED] - Object 'Object Repository/Page_The Story and Evolution of Doodles - G_6e786d/h2_Weve created more than 5,000 Doodles ove_111429' is visible

07-06-2024T13:59:42 - [TEST_STEP][PASSED] - click(findTestObject("Object Repository/Page_The Story and Evolution of Doodles - G_6e786d/p_The first Doodle was a simple out-of-offi_345e61")): Object: 'Object Repository/Page_The Story and Evolution of Doodles - G_6e786d/p_The first Doodle was a simple out-of-offi_345e61' is clicked on

07-06-2024T13:59:42 - [MESSAGE][PASSED] - Object: 'Object Repository/Page_The Story and Evolution of Doodles - G_6e786d/p_The first Doodle was a simple out-of-offi_345e61' is clicked on

07-06-2024T13:59:42 - [TEST_STEP][PASSED] - verifyElementVisible(findTestObject("Object Repository/Page_The Story and Evolution of Doodles - G_6e786d/h1_The story behind Doodles")): Object 'Object Repository/Page_The Story and Evolution of Doodles - G_6e786d/h1_The story behind Doodles' is visible

07-06-2024T13:59:42 - [MESSAGE][PASSED] - Object 'Object Repository/Page_The Story and Evolution of Doodles - G_6e786d/h1_The story behind Doodles' is visible

07-06-2024T13:59:42 - [TEST_STEP][PASSED] - verifyElementVisible(findTestObject("Object Repository/Page_The Story and Evolution of Doodles - G_6e786d/p_The first Doodle was a simple out-of-offi_345e61")): Object 'Object Repository/Page_The Story and Evolution of Doodles - G_6e786d/p_The first Doodle was a simple out-of-offi_345e61' is visible

07-06-2024T13:59:42 - [MESSAGE][PASSED] - Object 'Object Repository/Page_The Story and Evolution of Doodles - G_6e786d/p_The first Doodle was a simple out-of-offi_345e61' is visible

07-06-2024T13:59:42 - [TEST_STEP][PASSED] - verifyElementVisible(findTestObject("Object Repository/Page_The Story and Evolution of Doodles - G_6e786d/h2_Weve created more than 5,000 Doodles ove_111429")): Object 'Object Repository/Page_The Story and Evolution of Doodles - G_6e786d/h2_Weve created more than 5,000 Doodles ove_111429' is visible

07-06-2024T13:59:42 - [MESSAGE][PASSED] - Object 'Object Repository/Page_The Story and Evolution of Doodles - G_6e786d/h2_Weve created more than 5,000 Doodles ove_111429' is visible

07-06-2024T13:59:42 - [TEST_STEP][PASSED] - click(findTestObject("Object Repository/Page_The Story and Evolution of Doodles - G_6e786d/p_The first Doodle was a simple out-of-offi_345e61")): Object: 'Object Repository/Page_The Story and Evolution of Doodles - G_6e786d/p_The first Doodle was a simple out-of-offi_345e61' is clicked on

07-06-2024T13:59:42 - [MESSAGE][PASSED] - Object: 'Object Repository/Page_The Story and Evolution of Doodles - G_6e786d/p_The first Doodle was a simple out-of-offi_345e61' is clicked on

07-06-2024T13:59:42 - [TEST_STEP][PASSED] - verifyElementVisible(findTestObject("Object Repository/Page_The Story and Evolution of Doodles - G_6e786d/h1_The story behind Doodles")): Object 'Object Repository/Page_The Story and Evolution of Doodles - G_6e786d/h1_The story behind Doodles' is visible

07-06-2024T13:59:42 - [MESSAGE][PASSED] - Object 'Object Repository/Page_The Story and Evolution of Doodles - G_6e786d/h1_The story behind Doodles' is visible

07-06-2024T13:59:42 - [TEST_STEP][PASSED] - verifyElementVisible(findTestObject("Object Repository/Page_The Story and Evolution of Doodles - G_6e786d/p_The first Doodle was a simple out-of-offi_345e61")): Object 'Object Repository/Page_The Story and Evolution of Doodles - G_6e786d/p_The first Doodle was a simple out-of-offi_345e61' is visible

07-06-2024T13:59:42 - [MESSAGE][PASSED] - Object 'Object Repository/Page_The Story and Evolution of Doodles - G_6e786d/p_The first Doodle was a simple out-of-offi_345e61' is visible

07-06-2024T13:59:42 - [TEST_STEP][PASSED] - verifyElementVisible(findTestObject("Object Repository/Page_The Story and Evolution of Doodles - G_6e786d/h2_Weve created more than 5,000 Doodles ove_111429")): Object 'Object Repository/Page_The Story and Evolution of Doodles - G_6e786d/h2_Weve created more than 5,000 Doodles ove_111429' is visible

07-06-2024T13:59:42 - [MESSAGE][PASSED] - Object 'Object Repository/Page_The Story and Evolution of Doodles - G_6e786d/h2_Weve created more than 5,000 Doodles ove_111429' is visible

07-06-2024T13:59:42 - [TEST_STEP][PASSED] - click(findTestObject("Object Repository/Page_The Story and Evolution of Doodles - G_6e786d/p_The first Doodle was a simple out-of-offi_345e61")): Object: 'Object Repository/Page_The Story and Evolution of Doodles - G_6e786d/p_The first Doodle was a simple out-of-offi_345e61' is clicked on

07-06-2024T13:59:42 - [MESSAGE][PASSED] - Object: 'Object Repository/Page_The Story and Evolution of Doodles - G_6e786d/p_The first Doodle was a simple out-of-offi_345e61' is clicked on

07-06-2024T13:59:42 - [TEST_STEP][PASSED] - verifyElementVisible(findTestObject("Object Repository/Page_The Story and Evolution of Doodles - G_6e786d/h1_The story behind Doodles")): Object 'Object Repository/Page_The Story and Evolution of Doodles - G_6e786d/h1_The story behind Doodles' is visible

07-06-2024T13:59:42 - [MESSAGE][PASSED] - Object 'Object Repository/Page_The Story and Evolution of Doodles - G_6e786d/h1_The story behind Doodles' is visible

07-06-2024T13:59:42 - [TEST_STEP][PASSED] - verifyElementVisible(findTestObject("Object Repository/Page_The Story and Evolution of Doodles - G_6e786d/p_The first Doodle was a simple out-of-offi_345e61")): Object 'Object Repository/Page_The Story and Evolution of Doodles - G_6e786d/p_The first Doodle was a simple out-of-offi_345e61' is visible

07-06-2024T13:59:43 - [MESSAGE][PASSED] - Object 'Object Repository/Page_The Story and Evolution of Doodles - G_6e786d/p_The first Doodle was a simple out-of-offi_345e61' is visible

07-06-2024T13:59:43 - [TEST_STEP][PASSED] - verifyElementVisible(findTestObject("Object Repository/Page_The Story and Evolution of Doodles - G_6e786d/h2_Weve created more than 5,000 Doodles ove_111429")): Object 'Object Repository/Page_The Story and Evolution of Doodles - G_6e786d/h2_Weve created more than 5,000 Doodles ove_111429' is visible

07-06-2024T13:59:43 - [MESSAGE][PASSED] - Object 'Object Repository/Page_The Story and Evolution of Doodles - G_6e786d/h2_Weve created more than 5,000 Doodles ove_111429' is visible]]></system-out>
         <system-err><![CDATA[]]></system-err>
      </testcase>
      <testcase name="Test Cases/test case folder 1/tc1 - Copy (6) - Copy (2)" time="9.195" classname="Test Cases/test case folder 1/tc1 - Copy (6) - Copy (2)" status="PASSED">
         <system-out><![CDATA[07-06-2024T13:59:43 - [TEST_CASE][PASSED] - Test Cases/test case folder 1/tc1 - Copy (6) - Copy (2): Test Cases/test case folder 1/tc1 - Copy (6) - Copy (2)

07-06-2024T13:59:43 - [TEST_STEP][PASSED] - openBrowser(""): Browser is opened with url: ''

07-06-2024T13:59:43 - [MESSAGE][WARNING] - A browser is already opened. Closing browser and opening a new one

07-06-2024T13:59:43 - [MESSAGE][INFO] - Starting 'Firefox (headless)' driver

07-06-2024T13:59:43 - [MESSAGE][INFO] - Action delay is set to 0 milliseconds

07-06-2024T13:59:45 - [MESSAGE][PASSED] - Browser is opened with url: ''

07-06-2024T13:59:45 - [TEST_STEP][PASSED] - navigateToUrl("https://doodles.google/about/"): Navigate to 'https://doodles.google/about/' successfully

07-06-2024T13:59:48 - [MESSAGE][PASSED] - Navigate to 'https://doodles.google/about/' successfully

07-06-2024T13:59:48 - [TEST_STEP][PASSED] - click(findTestObject("Object Repository/Page_The Story and Evolution of Doodles - G_6e786d/p_The first Doodle was a simple out-of-offi_345e61")): Object: 'Object Repository/Page_The Story and Evolution of Doodles - G_6e786d/p_The first Doodle was a simple out-of-offi_345e61' is clicked on

07-06-2024T13:59:48 - [MESSAGE][PASSED] - Object: 'Object Repository/Page_The Story and Evolution of Doodles - G_6e786d/p_The first Doodle was a simple out-of-offi_345e61' is clicked on

07-06-2024T13:59:48 - [TEST_STEP][PASSED] - click(findTestObject("Object Repository/Page_The Story and Evolution of Doodles - G_6e786d/p_The first Doodle was a simple out-of-offi_345e61")): Object: 'Object Repository/Page_The Story and Evolution of Doodles - G_6e786d/p_The first Doodle was a simple out-of-offi_345e61' is clicked on

07-06-2024T13:59:48 - [MESSAGE][PASSED] - Object: 'Object Repository/Page_The Story and Evolution of Doodles - G_6e786d/p_The first Doodle was a simple out-of-offi_345e61' is clicked on

07-06-2024T13:59:48 - [TEST_STEP][PASSED] - verifyElementVisible(findTestObject("Object Repository/Page_The Story and Evolution of Doodles - G_6e786d/h1_The story behind Doodles")): Object 'Object Repository/Page_The Story and Evolution of Doodles - G_6e786d/h1_The story behind Doodles' is visible

07-06-2024T13:59:48 - [MESSAGE][PASSED] - Object 'Object Repository/Page_The Story and Evolution of Doodles - G_6e786d/h1_The story behind Doodles' is visible

07-06-2024T13:59:48 - [TEST_STEP][PASSED] - verifyElementVisible(findTestObject("Object Repository/Page_The Story and Evolution of Doodles - G_6e786d/p_The first Doodle was a simple out-of-offi_345e61")): Object 'Object Repository/Page_The Story and Evolution of Doodles - G_6e786d/p_The first Doodle was a simple out-of-offi_345e61' is visible

07-06-2024T13:59:48 - [MESSAGE][PASSED] - Object 'Object Repository/Page_The Story and Evolution of Doodles - G_6e786d/p_The first Doodle was a simple out-of-offi_345e61' is visible

07-06-2024T13:59:48 - [TEST_STEP][PASSED] - verifyElementVisible(findTestObject("Object Repository/Page_The Story and Evolution of Doodles - G_6e786d/h2_Weve created more than 5,000 Doodles ove_111429")): Object 'Object Repository/Page_The Story and Evolution of Doodles - G_6e786d/h2_Weve created more than 5,000 Doodles ove_111429' is visible

07-06-2024T13:59:49 - [MESSAGE][PASSED] - Object 'Object Repository/Page_The Story and Evolution of Doodles - G_6e786d/h2_Weve created more than 5,000 Doodles ove_111429' is visible

07-06-2024T13:59:49 - [TEST_STEP][PASSED] - verifyElementVisible(findTestObject("Object Repository/Page_The Story and Evolution of Doodles - G_6e786d/h1_The story behind Doodles")): Object 'Object Repository/Page_The Story and Evolution of Doodles - G_6e786d/h1_The story behind Doodles' is visible

07-06-2024T13:59:49 - [MESSAGE][PASSED] - Object 'Object Repository/Page_The Story and Evolution of Doodles - G_6e786d/h1_The story behind Doodles' is visible

07-06-2024T13:59:49 - [TEST_STEP][PASSED] - verifyElementVisible(findTestObject("Object Repository/Page_The Story and Evolution of Doodles - G_6e786d/p_The first Doodle was a simple out-of-offi_345e61")): Object 'Object Repository/Page_The Story and Evolution of Doodles - G_6e786d/p_The first Doodle was a simple out-of-offi_345e61' is visible

07-06-2024T13:59:49 - [MESSAGE][PASSED] - Object 'Object Repository/Page_The Story and Evolution of Doodles - G_6e786d/p_The first Doodle was a simple out-of-offi_345e61' is visible

07-06-2024T13:59:49 - [TEST_STEP][PASSED] - verifyElementVisible(findTestObject("Object Repository/Page_The Story and Evolution of Doodles - G_6e786d/h2_Weve created more than 5,000 Doodles ove_111429")): Object 'Object Repository/Page_The Story and Evolution of Doodles - G_6e786d/h2_Weve created more than 5,000 Doodles ove_111429' is visible

07-06-2024T13:59:49 - [MESSAGE][PASSED] - Object 'Object Repository/Page_The Story and Evolution of Doodles - G_6e786d/h2_Weve created more than 5,000 Doodles ove_111429' is visible

07-06-2024T13:59:49 - [TEST_STEP][PASSED] - click(findTestObject("Object Repository/Page_The Story and Evolution of Doodles - G_6e786d/p_The first Doodle was a simple out-of-offi_345e61")): Object: 'Object Repository/Page_The Story and Evolution of Doodles - G_6e786d/p_The first Doodle was a simple out-of-offi_345e61' is clicked on

07-06-2024T13:59:49 - [MESSAGE][PASSED] - Object: 'Object Repository/Page_The Story and Evolution of Doodles - G_6e786d/p_The first Doodle was a simple out-of-offi_345e61' is clicked on

07-06-2024T13:59:49 - [TEST_STEP][PASSED] - verifyElementVisible(findTestObject("Object Repository/Page_The Story and Evolution of Doodles - G_6e786d/h1_The story behind Doodles")): Object 'Object Repository/Page_The Story and Evolution of Doodles - G_6e786d/h1_The story behind Doodles' is visible

07-06-2024T13:59:49 - [MESSAGE][PASSED] - Object 'Object Repository/Page_The Story and Evolution of Doodles - G_6e786d/h1_The story behind Doodles' is visible

07-06-2024T13:59:49 - [TEST_STEP][PASSED] - verifyElementVisible(findTestObject("Object Repository/Page_The Story and Evolution of Doodles - G_6e786d/p_The first Doodle was a simple out-of-offi_345e61")): Object 'Object Repository/Page_The Story and Evolution of Doodles - G_6e786d/p_The first Doodle was a simple out-of-offi_345e61' is visible

07-06-2024T13:59:49 - [MESSAGE][PASSED] - Object 'Object Repository/Page_The Story and Evolution of Doodles - G_6e786d/p_The first Doodle was a simple out-of-offi_345e61' is visible

07-06-2024T13:59:49 - [TEST_STEP][PASSED] - verifyElementVisible(findTestObject("Object Repository/Page_The Story and Evolution of Doodles - G_6e786d/h2_Weve created more than 5,000 Doodles ove_111429")): Object 'Object Repository/Page_The Story and Evolution of Doodles - G_6e786d/h2_Weve created more than 5,000 Doodles ove_111429' is visible

07-06-2024T13:59:49 - [MESSAGE][PASSED] - Object 'Object Repository/Page_The Story and Evolution of Doodles - G_6e786d/h2_Weve created more than 5,000 Doodles ove_111429' is visible

07-06-2024T13:59:49 - [TEST_STEP][PASSED] - click(findTestObject("Object Repository/Page_The Story and Evolution of Doodles - G_6e786d/p_The first Doodle was a simple out-of-offi_345e61")): Object: 'Object Repository/Page_The Story and Evolution of Doodles - G_6e786d/p_The first Doodle was a simple out-of-offi_345e61' is clicked on

07-06-2024T13:59:49 - [MESSAGE][PASSED] - Object: 'Object Repository/Page_The Story and Evolution of Doodles - G_6e786d/p_The first Doodle was a simple out-of-offi_345e61' is clicked on

07-06-2024T13:59:49 - [TEST_STEP][PASSED] - verifyElementVisible(findTestObject("Object Repository/Page_The Story and Evolution of Doodles - G_6e786d/h1_The story behind Doodles")): Object 'Object Repository/Page_The Story and Evolution of Doodles - G_6e786d/h1_The story behind Doodles' is visible

07-06-2024T13:59:49 - [MESSAGE][PASSED] - Object 'Object Repository/Page_The Story and Evolution of Doodles - G_6e786d/h1_The story behind Doodles' is visible

07-06-2024T13:59:49 - [TEST_STEP][PASSED] - verifyElementVisible(findTestObject("Object Repository/Page_The Story and Evolution of Doodles - G_6e786d/p_The first Doodle was a simple out-of-offi_345e61")): Object 'Object Repository/Page_The Story and Evolution of Doodles - G_6e786d/p_The first Doodle was a simple out-of-offi_345e61' is visible

07-06-2024T13:59:49 - [MESSAGE][PASSED] - Object 'Object Repository/Page_The Story and Evolution of Doodles - G_6e786d/p_The first Doodle was a simple out-of-offi_345e61' is visible

07-06-2024T13:59:49 - [TEST_STEP][PASSED] - verifyElementVisible(findTestObject("Object Repository/Page_The Story and Evolution of Doodles - G_6e786d/h2_Weve created more than 5,000 Doodles ove_111429")): Object 'Object Repository/Page_The Story and Evolution of Doodles - G_6e786d/h2_Weve created more than 5,000 Doodles ove_111429' is visible

07-06-2024T13:59:49 - [MESSAGE][PASSED] - Object 'Object Repository/Page_The Story and Evolution of Doodles - G_6e786d/h2_Weve created more than 5,000 Doodles ove_111429' is visible

07-06-2024T13:59:49 - [TEST_STEP][PASSED] - click(findTestObject("Object Repository/Page_The Story and Evolution of Doodles - G_6e786d/p_The first Doodle was a simple out-of-offi_345e61")): Object: 'Object Repository/Page_The Story and Evolution of Doodles - G_6e786d/p_The first Doodle was a simple out-of-offi_345e61' is clicked on

07-06-2024T13:59:49 - [MESSAGE][PASSED] - Object: 'Object Repository/Page_The Story and Evolution of Doodles - G_6e786d/p_The first Doodle was a simple out-of-offi_345e61' is clicked on

07-06-2024T13:59:49 - [TEST_STEP][PASSED] - verifyElementVisible(findTestObject("Object Repository/Page_The Story and Evolution of Doodles - G_6e786d/h1_The story behind Doodles")): Object 'Object Repository/Page_The Story and Evolution of Doodles - G_6e786d/h1_The story behind Doodles' is visible

07-06-2024T13:59:50 - [MESSAGE][PASSED] - Object 'Object Repository/Page_The Story and Evolution of Doodles - G_6e786d/h1_The story behind Doodles' is visible

07-06-2024T13:59:50 - [TEST_STEP][PASSED] - verifyElementVisible(findTestObject("Object Repository/Page_The Story and Evolution of Doodles - G_6e786d/p_The first Doodle was a simple out-of-offi_345e61")): Object 'Object Repository/Page_The Story and Evolution of Doodles - G_6e786d/p_The first Doodle was a simple out-of-offi_345e61' is visible

07-06-2024T13:59:50 - [MESSAGE][PASSED] - Object 'Object Repository/Page_The Story and Evolution of Doodles - G_6e786d/p_The first Doodle was a simple out-of-offi_345e61' is visible

07-06-2024T13:59:50 - [TEST_STEP][PASSED] - verifyElementVisible(findTestObject("Object Repository/Page_The Story and Evolution of Doodles - G_6e786d/h2_Weve created more than 5,000 Doodles ove_111429")): Object 'Object Repository/Page_The Story and Evolution of Doodles - G_6e786d/h2_Weve created more than 5,000 Doodles ove_111429' is visible

07-06-2024T13:59:50 - [MESSAGE][PASSED] - Object 'Object Repository/Page_The Story and Evolution of Doodles - G_6e786d/h2_Weve created more than 5,000 Doodles ove_111429' is visible

07-06-2024T13:59:50 - [TEST_STEP][PASSED] - click(findTestObject("Object Repository/Page_The Story and Evolution of Doodles - G_6e786d/p_The first Doodle was a simple out-of-offi_345e61")): Object: 'Object Repository/Page_The Story and Evolution of Doodles - G_6e786d/p_The first Doodle was a simple out-of-offi_345e61' is clicked on

07-06-2024T13:59:50 - [MESSAGE][PASSED] - Object: 'Object Repository/Page_The Story and Evolution of Doodles - G_6e786d/p_The first Doodle was a simple out-of-offi_345e61' is clicked on

07-06-2024T13:59:50 - [TEST_STEP][PASSED] - verifyElementVisible(findTestObject("Object Repository/Page_The Story and Evolution of Doodles - G_6e786d/h1_The story behind Doodles")): Object 'Object Repository/Page_The Story and Evolution of Doodles - G_6e786d/h1_The story behind Doodles' is visible

07-06-2024T13:59:50 - [MESSAGE][PASSED] - Object 'Object Repository/Page_The Story and Evolution of Doodles - G_6e786d/h1_The story behind Doodles' is visible

07-06-2024T13:59:50 - [TEST_STEP][PASSED] - verifyElementVisible(findTestObject("Object Repository/Page_The Story and Evolution of Doodles - G_6e786d/p_The first Doodle was a simple out-of-offi_345e61")): Object 'Object Repository/Page_The Story and Evolution of Doodles - G_6e786d/p_The first Doodle was a simple out-of-offi_345e61' is visible

07-06-2024T13:59:50 - [MESSAGE][PASSED] - Object 'Object Repository/Page_The Story and Evolution of Doodles - G_6e786d/p_The first Doodle was a simple out-of-offi_345e61' is visible

07-06-2024T13:59:50 - [TEST_STEP][PASSED] - verifyElementVisible(findTestObject("Object Repository/Page_The Story and Evolution of Doodles - G_6e786d/h2_Weve created more than 5,000 Doodles ove_111429")): Object 'Object Repository/Page_The Story and Evolution of Doodles - G_6e786d/h2_Weve created more than 5,000 Doodles ove_111429' is visible

07-06-2024T13:59:50 - [MESSAGE][PASSED] - Object 'Object Repository/Page_The Story and Evolution of Doodles - G_6e786d/h2_Weve created more than 5,000 Doodles ove_111429' is visible

07-06-2024T13:59:50 - [TEST_STEP][PASSED] - click(findTestObject("Object Repository/Page_The Story and Evolution of Doodles - G_6e786d/p_The first Doodle was a simple out-of-offi_345e61")): Object: 'Object Repository/Page_The Story and Evolution of Doodles - G_6e786d/p_The first Doodle was a simple out-of-offi_345e61' is clicked on

07-06-2024T13:59:50 - [MESSAGE][PASSED] - Object: 'Object Repository/Page_The Story and Evolution of Doodles - G_6e786d/p_The first Doodle was a simple out-of-offi_345e61' is clicked on

07-06-2024T13:59:50 - [TEST_STEP][PASSED] - verifyElementVisible(findTestObject("Object Repository/Page_The Story and Evolution of Doodles - G_6e786d/h1_The story behind Doodles")): Object 'Object Repository/Page_The Story and Evolution of Doodles - G_6e786d/h1_The story behind Doodles' is visible

07-06-2024T13:59:50 - [MESSAGE][PASSED] - Object 'Object Repository/Page_The Story and Evolution of Doodles - G_6e786d/h1_The story behind Doodles' is visible

07-06-2024T13:59:50 - [TEST_STEP][PASSED] - verifyElementVisible(findTestObject("Object Repository/Page_The Story and Evolution of Doodles - G_6e786d/p_The first Doodle was a simple out-of-offi_345e61")): Object 'Object Repository/Page_The Story and Evolution of Doodles - G_6e786d/p_The first Doodle was a simple out-of-offi_345e61' is visible

07-06-2024T13:59:50 - [MESSAGE][PASSED] - Object 'Object Repository/Page_The Story and Evolution of Doodles - G_6e786d/p_The first Doodle was a simple out-of-offi_345e61' is visible

07-06-2024T13:59:50 - [TEST_STEP][PASSED] - verifyElementVisible(findTestObject("Object Repository/Page_The Story and Evolution of Doodles - G_6e786d/h2_Weve created more than 5,000 Doodles ove_111429")): Object 'Object Repository/Page_The Story and Evolution of Doodles - G_6e786d/h2_Weve created more than 5,000 Doodles ove_111429' is visible

07-06-2024T13:59:50 - [MESSAGE][PASSED] - Object 'Object Repository/Page_The Story and Evolution of Doodles - G_6e786d/h2_Weve created more than 5,000 Doodles ove_111429' is visible

07-06-2024T13:59:50 - [TEST_STEP][PASSED] - click(findTestObject("Object Repository/Page_The Story and Evolution of Doodles - G_6e786d/p_The first Doodle was a simple out-of-offi_345e61")): Object: 'Object Repository/Page_The Story and Evolution of Doodles - G_6e786d/p_The first Doodle was a simple out-of-offi_345e61' is clicked on

07-06-2024T13:59:51 - [MESSAGE][PASSED] - Object: 'Object Repository/Page_The Story and Evolution of Doodles - G_6e786d/p_The first Doodle was a simple out-of-offi_345e61' is clicked on

07-06-2024T13:59:51 - [TEST_STEP][PASSED] - verifyElementVisible(findTestObject("Object Repository/Page_The Story and Evolution of Doodles - G_6e786d/h1_The story behind Doodles")): Object 'Object Repository/Page_The Story and Evolution of Doodles - G_6e786d/h1_The story behind Doodles' is visible

07-06-2024T13:59:51 - [MESSAGE][PASSED] - Object 'Object Repository/Page_The Story and Evolution of Doodles - G_6e786d/h1_The story behind Doodles' is visible

07-06-2024T13:59:51 - [TEST_STEP][PASSED] - verifyElementVisible(findTestObject("Object Repository/Page_The Story and Evolution of Doodles - G_6e786d/p_The first Doodle was a simple out-of-offi_345e61")): Object 'Object Repository/Page_The Story and Evolution of Doodles - G_6e786d/p_The first Doodle was a simple out-of-offi_345e61' is visible

07-06-2024T13:59:51 - [MESSAGE][PASSED] - Object 'Object Repository/Page_The Story and Evolution of Doodles - G_6e786d/p_The first Doodle was a simple out-of-offi_345e61' is visible

07-06-2024T13:59:51 - [TEST_STEP][PASSED] - verifyElementVisible(findTestObject("Object Repository/Page_The Story and Evolution of Doodles - G_6e786d/h2_Weve created more than 5,000 Doodles ove_111429")): Object 'Object Repository/Page_The Story and Evolution of Doodles - G_6e786d/h2_Weve created more than 5,000 Doodles ove_111429' is visible

07-06-2024T13:59:51 - [MESSAGE][PASSED] - Object 'Object Repository/Page_The Story and Evolution of Doodles - G_6e786d/h2_Weve created more than 5,000 Doodles ove_111429' is visible

07-06-2024T13:59:51 - [TEST_STEP][PASSED] - click(findTestObject("Object Repository/Page_The Story and Evolution of Doodles - G_6e786d/p_The first Doodle was a simple out-of-offi_345e61")): Object: 'Object Repository/Page_The Story and Evolution of Doodles - G_6e786d/p_The first Doodle was a simple out-of-offi_345e61' is clicked on

07-06-2024T13:59:51 - [MESSAGE][PASSED] - Object: 'Object Repository/Page_The Story and Evolution of Doodles - G_6e786d/p_The first Doodle was a simple out-of-offi_345e61' is clicked on

07-06-2024T13:59:51 - [TEST_STEP][PASSED] - verifyElementVisible(findTestObject("Object Repository/Page_The Story and Evolution of Doodles - G_6e786d/h1_The story behind Doodles")): Object 'Object Repository/Page_The Story and Evolution of Doodles - G_6e786d/h1_The story behind Doodles' is visible

07-06-2024T13:59:51 - [MESSAGE][PASSED] - Object 'Object Repository/Page_The Story and Evolution of Doodles - G_6e786d/h1_The story behind Doodles' is visible

07-06-2024T13:59:51 - [TEST_STEP][PASSED] - verifyElementVisible(findTestObject("Object Repository/Page_The Story and Evolution of Doodles - G_6e786d/p_The first Doodle was a simple out-of-offi_345e61")): Object 'Object Repository/Page_The Story and Evolution of Doodles - G_6e786d/p_The first Doodle was a simple out-of-offi_345e61' is visible

07-06-2024T13:59:51 - [MESSAGE][PASSED] - Object 'Object Repository/Page_The Story and Evolution of Doodles - G_6e786d/p_The first Doodle was a simple out-of-offi_345e61' is visible

07-06-2024T13:59:51 - [TEST_STEP][PASSED] - verifyElementVisible(findTestObject("Object Repository/Page_The Story and Evolution of Doodles - G_6e786d/h2_Weve created more than 5,000 Doodles ove_111429")): Object 'Object Repository/Page_The Story and Evolution of Doodles - G_6e786d/h2_Weve created more than 5,000 Doodles ove_111429' is visible

07-06-2024T13:59:51 - [MESSAGE][PASSED] - Object 'Object Repository/Page_The Story and Evolution of Doodles - G_6e786d/h2_Weve created more than 5,000 Doodles ove_111429' is visible

07-06-2024T13:59:51 - [TEST_STEP][PASSED] - click(findTestObject("Object Repository/Page_The Story and Evolution of Doodles - G_6e786d/p_The first Doodle was a simple out-of-offi_345e61")): Object: 'Object Repository/Page_The Story and Evolution of Doodles - G_6e786d/p_The first Doodle was a simple out-of-offi_345e61' is clicked on

07-06-2024T13:59:51 - [MESSAGE][PASSED] - Object: 'Object Repository/Page_The Story and Evolution of Doodles - G_6e786d/p_The first Doodle was a simple out-of-offi_345e61' is clicked on

07-06-2024T13:59:51 - [TEST_STEP][PASSED] - verifyElementVisible(findTestObject("Object Repository/Page_The Story and Evolution of Doodles - G_6e786d/h1_The story behind Doodles")): Object 'Object Repository/Page_The Story and Evolution of Doodles - G_6e786d/h1_The story behind Doodles' is visible

07-06-2024T13:59:51 - [MESSAGE][PASSED] - Object 'Object Repository/Page_The Story and Evolution of Doodles - G_6e786d/h1_The story behind Doodles' is visible

07-06-2024T13:59:51 - [TEST_STEP][PASSED] - verifyElementVisible(findTestObject("Object Repository/Page_The Story and Evolution of Doodles - G_6e786d/p_The first Doodle was a simple out-of-offi_345e61")): Object 'Object Repository/Page_The Story and Evolution of Doodles - G_6e786d/p_The first Doodle was a simple out-of-offi_345e61' is visible

07-06-2024T13:59:51 - [MESSAGE][PASSED] - Object 'Object Repository/Page_The Story and Evolution of Doodles - G_6e786d/p_The first Doodle was a simple out-of-offi_345e61' is visible

07-06-2024T13:59:51 - [TEST_STEP][PASSED] - verifyElementVisible(findTestObject("Object Repository/Page_The Story and Evolution of Doodles - G_6e786d/h2_Weve created more than 5,000 Doodles ove_111429")): Object 'Object Repository/Page_The Story and Evolution of Doodles - G_6e786d/h2_Weve created more than 5,000 Doodles ove_111429' is visible

07-06-2024T13:59:51 - [MESSAGE][PASSED] - Object 'Object Repository/Page_The Story and Evolution of Doodles - G_6e786d/h2_Weve created more than 5,000 Doodles ove_111429' is visible

07-06-2024T13:59:51 - [TEST_STEP][PASSED] - click(findTestObject("Object Repository/Page_The Story and Evolution of Doodles - G_6e786d/p_The first Doodle was a simple out-of-offi_345e61")): Object: 'Object Repository/Page_The Story and Evolution of Doodles - G_6e786d/p_The first Doodle was a simple out-of-offi_345e61' is clicked on

07-06-2024T13:59:52 - [MESSAGE][PASSED] - Object: 'Object Repository/Page_The Story and Evolution of Doodles - G_6e786d/p_The first Doodle was a simple out-of-offi_345e61' is clicked on

07-06-2024T13:59:52 - [TEST_STEP][PASSED] - verifyElementVisible(findTestObject("Object Repository/Page_The Story and Evolution of Doodles - G_6e786d/h1_The story behind Doodles")): Object 'Object Repository/Page_The Story and Evolution of Doodles - G_6e786d/h1_The story behind Doodles' is visible

07-06-2024T13:59:52 - [MESSAGE][PASSED] - Object 'Object Repository/Page_The Story and Evolution of Doodles - G_6e786d/h1_The story behind Doodles' is visible

07-06-2024T13:59:52 - [TEST_STEP][PASSED] - verifyElementVisible(findTestObject("Object Repository/Page_The Story and Evolution of Doodles - G_6e786d/p_The first Doodle was a simple out-of-offi_345e61")): Object 'Object Repository/Page_The Story and Evolution of Doodles - G_6e786d/p_The first Doodle was a simple out-of-offi_345e61' is visible

07-06-2024T13:59:52 - [MESSAGE][PASSED] - Object 'Object Repository/Page_The Story and Evolution of Doodles - G_6e786d/p_The first Doodle was a simple out-of-offi_345e61' is visible

07-06-2024T13:59:52 - [TEST_STEP][PASSED] - verifyElementVisible(findTestObject("Object Repository/Page_The Story and Evolution of Doodles - G_6e786d/h2_Weve created more than 5,000 Doodles ove_111429")): Object 'Object Repository/Page_The Story and Evolution of Doodles - G_6e786d/h2_Weve created more than 5,000 Doodles ove_111429' is visible

07-06-2024T13:59:52 - [MESSAGE][PASSED] - Object 'Object Repository/Page_The Story and Evolution of Doodles - G_6e786d/h2_Weve created more than 5,000 Doodles ove_111429' is visible]]></system-out>
         <system-err><![CDATA[]]></system-err>
      </testcase>
      <testcase name="Test Cases/test case folder 1/tc1 - Copy (6) - Copy (3)" time="8.682" classname="Test Cases/test case folder 1/tc1 - Copy (6) - Copy (3)" status="PASSED">
         <system-out><![CDATA[07-06-2024T13:59:52 - [TEST_CASE][PASSED] - Test Cases/test case folder 1/tc1 - Copy (6) - Copy (3): Test Cases/test case folder 1/tc1 - Copy (6) - Copy (3)

07-06-2024T13:59:52 - [TEST_STEP][PASSED] - openBrowser(""): Browser is opened with url: ''

07-06-2024T13:59:52 - [MESSAGE][WARNING] - A browser is already opened. Closing browser and opening a new one

07-06-2024T13:59:53 - [MESSAGE][INFO] - Starting 'Firefox (headless)' driver

07-06-2024T13:59:53 - [MESSAGE][INFO] - Action delay is set to 0 milliseconds

07-06-2024T13:59:55 - [MESSAGE][PASSED] - Browser is opened with url: ''

07-06-2024T13:59:55 - [TEST_STEP][PASSED] - navigateToUrl("https://doodles.google/about/"): Navigate to 'https://doodles.google/about/' successfully

07-06-2024T13:59:56 - [MESSAGE][PASSED] - Navigate to 'https://doodles.google/about/' successfully

07-06-2024T13:59:56 - [TEST_STEP][PASSED] - click(findTestObject("Object Repository/Page_The Story and Evolution of Doodles - G_6e786d/p_The first Doodle was a simple out-of-offi_345e61")): Object: 'Object Repository/Page_The Story and Evolution of Doodles - G_6e786d/p_The first Doodle was a simple out-of-offi_345e61' is clicked on

07-06-2024T13:59:57 - [MESSAGE][PASSED] - Object: 'Object Repository/Page_The Story and Evolution of Doodles - G_6e786d/p_The first Doodle was a simple out-of-offi_345e61' is clicked on

07-06-2024T13:59:57 - [TEST_STEP][PASSED] - click(findTestObject("Object Repository/Page_The Story and Evolution of Doodles - G_6e786d/p_The first Doodle was a simple out-of-offi_345e61")): Object: 'Object Repository/Page_The Story and Evolution of Doodles - G_6e786d/p_The first Doodle was a simple out-of-offi_345e61' is clicked on

07-06-2024T13:59:57 - [MESSAGE][PASSED] - Object: 'Object Repository/Page_The Story and Evolution of Doodles - G_6e786d/p_The first Doodle was a simple out-of-offi_345e61' is clicked on

07-06-2024T13:59:57 - [TEST_STEP][PASSED] - verifyElementVisible(findTestObject("Object Repository/Page_The Story and Evolution of Doodles - G_6e786d/h1_The story behind Doodles")): Object 'Object Repository/Page_The Story and Evolution of Doodles - G_6e786d/h1_The story behind Doodles' is visible

07-06-2024T13:59:57 - [MESSAGE][PASSED] - Object 'Object Repository/Page_The Story and Evolution of Doodles - G_6e786d/h1_The story behind Doodles' is visible

07-06-2024T13:59:57 - [TEST_STEP][PASSED] - verifyElementVisible(findTestObject("Object Repository/Page_The Story and Evolution of Doodles - G_6e786d/p_The first Doodle was a simple out-of-offi_345e61")): Object 'Object Repository/Page_The Story and Evolution of Doodles - G_6e786d/p_The first Doodle was a simple out-of-offi_345e61' is visible

07-06-2024T13:59:57 - [MESSAGE][PASSED] - Object 'Object Repository/Page_The Story and Evolution of Doodles - G_6e786d/p_The first Doodle was a simple out-of-offi_345e61' is visible

07-06-2024T13:59:57 - [TEST_STEP][PASSED] - verifyElementVisible(findTestObject("Object Repository/Page_The Story and Evolution of Doodles - G_6e786d/h2_Weve created more than 5,000 Doodles ove_111429")): Object 'Object Repository/Page_The Story and Evolution of Doodles - G_6e786d/h2_Weve created more than 5,000 Doodles ove_111429' is visible

07-06-2024T13:59:57 - [MESSAGE][PASSED] - Object 'Object Repository/Page_The Story and Evolution of Doodles - G_6e786d/h2_Weve created more than 5,000 Doodles ove_111429' is visible

07-06-2024T13:59:57 - [TEST_STEP][PASSED] - verifyElementVisible(findTestObject("Object Repository/Page_The Story and Evolution of Doodles - G_6e786d/h1_The story behind Doodles")): Object 'Object Repository/Page_The Story and Evolution of Doodles - G_6e786d/h1_The story behind Doodles' is visible

07-06-2024T13:59:57 - [MESSAGE][PASSED] - Object 'Object Repository/Page_The Story and Evolution of Doodles - G_6e786d/h1_The story behind Doodles' is visible

07-06-2024T13:59:57 - [TEST_STEP][PASSED] - verifyElementVisible(findTestObject("Object Repository/Page_The Story and Evolution of Doodles - G_6e786d/p_The first Doodle was a simple out-of-offi_345e61")): Object 'Object Repository/Page_The Story and Evolution of Doodles - G_6e786d/p_The first Doodle was a simple out-of-offi_345e61' is visible

07-06-2024T13:59:57 - [MESSAGE][PASSED] - Object 'Object Repository/Page_The Story and Evolution of Doodles - G_6e786d/p_The first Doodle was a simple out-of-offi_345e61' is visible

07-06-2024T13:59:57 - [TEST_STEP][PASSED] - verifyElementVisible(findTestObject("Object Repository/Page_The Story and Evolution of Doodles - G_6e786d/h2_Weve created more than 5,000 Doodles ove_111429")): Object 'Object Repository/Page_The Story and Evolution of Doodles - G_6e786d/h2_Weve created more than 5,000 Doodles ove_111429' is visible

07-06-2024T13:59:57 - [MESSAGE][PASSED] - Object 'Object Repository/Page_The Story and Evolution of Doodles - G_6e786d/h2_Weve created more than 5,000 Doodles ove_111429' is visible

07-06-2024T13:59:57 - [TEST_STEP][PASSED] - click(findTestObject("Object Repository/Page_The Story and Evolution of Doodles - G_6e786d/p_The first Doodle was a simple out-of-offi_345e61")): Object: 'Object Repository/Page_The Story and Evolution of Doodles - G_6e786d/p_The first Doodle was a simple out-of-offi_345e61' is clicked on

07-06-2024T13:59:57 - [MESSAGE][PASSED] - Object: 'Object Repository/Page_The Story and Evolution of Doodles - G_6e786d/p_The first Doodle was a simple out-of-offi_345e61' is clicked on

07-06-2024T13:59:57 - [TEST_STEP][PASSED] - verifyElementVisible(findTestObject("Object Repository/Page_The Story and Evolution of Doodles - G_6e786d/h1_The story behind Doodles")): Object 'Object Repository/Page_The Story and Evolution of Doodles - G_6e786d/h1_The story behind Doodles' is visible

07-06-2024T13:59:58 - [MESSAGE][PASSED] - Object 'Object Repository/Page_The Story and Evolution of Doodles - G_6e786d/h1_The story behind Doodles' is visible

07-06-2024T13:59:58 - [TEST_STEP][PASSED] - verifyElementVisible(findTestObject("Object Repository/Page_The Story and Evolution of Doodles - G_6e786d/p_The first Doodle was a simple out-of-offi_345e61")): Object 'Object Repository/Page_The Story and Evolution of Doodles - G_6e786d/p_The first Doodle was a simple out-of-offi_345e61' is visible

07-06-2024T13:59:58 - [MESSAGE][PASSED] - Object 'Object Repository/Page_The Story and Evolution of Doodles - G_6e786d/p_The first Doodle was a simple out-of-offi_345e61' is visible

07-06-2024T13:59:58 - [TEST_STEP][PASSED] - verifyElementVisible(findTestObject("Object Repository/Page_The Story and Evolution of Doodles - G_6e786d/h2_Weve created more than 5,000 Doodles ove_111429")): Object 'Object Repository/Page_The Story and Evolution of Doodles - G_6e786d/h2_Weve created more than 5,000 Doodles ove_111429' is visible

07-06-2024T13:59:58 - [MESSAGE][PASSED] - Object 'Object Repository/Page_The Story and Evolution of Doodles - G_6e786d/h2_Weve created more than 5,000 Doodles ove_111429' is visible

07-06-2024T13:59:58 - [TEST_STEP][PASSED] - click(findTestObject("Object Repository/Page_The Story and Evolution of Doodles - G_6e786d/p_The first Doodle was a simple out-of-offi_345e61")): Object: 'Object Repository/Page_The Story and Evolution of Doodles - G_6e786d/p_The first Doodle was a simple out-of-offi_345e61' is clicked on

07-06-2024T13:59:58 - [MESSAGE][PASSED] - Object: 'Object Repository/Page_The Story and Evolution of Doodles - G_6e786d/p_The first Doodle was a simple out-of-offi_345e61' is clicked on

07-06-2024T13:59:58 - [TEST_STEP][PASSED] - verifyElementVisible(findTestObject("Object Repository/Page_The Story and Evolution of Doodles - G_6e786d/h1_The story behind Doodles")): Object 'Object Repository/Page_The Story and Evolution of Doodles - G_6e786d/h1_The story behind Doodles' is visible

07-06-2024T13:59:58 - [MESSAGE][PASSED] - Object 'Object Repository/Page_The Story and Evolution of Doodles - G_6e786d/h1_The story behind Doodles' is visible

07-06-2024T13:59:58 - [TEST_STEP][PASSED] - verifyElementVisible(findTestObject("Object Repository/Page_The Story and Evolution of Doodles - G_6e786d/p_The first Doodle was a simple out-of-offi_345e61")): Object 'Object Repository/Page_The Story and Evolution of Doodles - G_6e786d/p_The first Doodle was a simple out-of-offi_345e61' is visible

07-06-2024T13:59:58 - [MESSAGE][PASSED] - Object 'Object Repository/Page_The Story and Evolution of Doodles - G_6e786d/p_The first Doodle was a simple out-of-offi_345e61' is visible

07-06-2024T13:59:58 - [TEST_STEP][PASSED] - verifyElementVisible(findTestObject("Object Repository/Page_The Story and Evolution of Doodles - G_6e786d/h2_Weve created more than 5,000 Doodles ove_111429")): Object 'Object Repository/Page_The Story and Evolution of Doodles - G_6e786d/h2_Weve created more than 5,000 Doodles ove_111429' is visible

07-06-2024T13:59:58 - [MESSAGE][PASSED] - Object 'Object Repository/Page_The Story and Evolution of Doodles - G_6e786d/h2_Weve created more than 5,000 Doodles ove_111429' is visible

07-06-2024T13:59:58 - [TEST_STEP][PASSED] - click(findTestObject("Object Repository/Page_The Story and Evolution of Doodles - G_6e786d/p_The first Doodle was a simple out-of-offi_345e61")): Object: 'Object Repository/Page_The Story and Evolution of Doodles - G_6e786d/p_The first Doodle was a simple out-of-offi_345e61' is clicked on

07-06-2024T13:59:58 - [MESSAGE][PASSED] - Object: 'Object Repository/Page_The Story and Evolution of Doodles - G_6e786d/p_The first Doodle was a simple out-of-offi_345e61' is clicked on

07-06-2024T13:59:58 - [TEST_STEP][PASSED] - verifyElementVisible(findTestObject("Object Repository/Page_The Story and Evolution of Doodles - G_6e786d/h1_The story behind Doodles")): Object 'Object Repository/Page_The Story and Evolution of Doodles - G_6e786d/h1_The story behind Doodles' is visible

07-06-2024T13:59:58 - [MESSAGE][PASSED] - Object 'Object Repository/Page_The Story and Evolution of Doodles - G_6e786d/h1_The story behind Doodles' is visible

07-06-2024T13:59:58 - [TEST_STEP][PASSED] - verifyElementVisible(findTestObject("Object Repository/Page_The Story and Evolution of Doodles - G_6e786d/p_The first Doodle was a simple out-of-offi_345e61")): Object 'Object Repository/Page_The Story and Evolution of Doodles - G_6e786d/p_The first Doodle was a simple out-of-offi_345e61' is visible

07-06-2024T13:59:58 - [MESSAGE][PASSED] - Object 'Object Repository/Page_The Story and Evolution of Doodles - G_6e786d/p_The first Doodle was a simple out-of-offi_345e61' is visible

07-06-2024T13:59:58 - [TEST_STEP][PASSED] - verifyElementVisible(findTestObject("Object Repository/Page_The Story and Evolution of Doodles - G_6e786d/h2_Weve created more than 5,000 Doodles ove_111429")): Object 'Object Repository/Page_The Story and Evolution of Doodles - G_6e786d/h2_Weve created more than 5,000 Doodles ove_111429' is visible

07-06-2024T13:59:58 - [MESSAGE][PASSED] - Object 'Object Repository/Page_The Story and Evolution of Doodles - G_6e786d/h2_Weve created more than 5,000 Doodles ove_111429' is visible

07-06-2024T13:59:58 - [TEST_STEP][PASSED] - click(findTestObject("Object Repository/Page_The Story and Evolution of Doodles - G_6e786d/p_The first Doodle was a simple out-of-offi_345e61")): Object: 'Object Repository/Page_The Story and Evolution of Doodles - G_6e786d/p_The first Doodle was a simple out-of-offi_345e61' is clicked on

07-06-2024T13:59:59 - [MESSAGE][PASSED] - Object: 'Object Repository/Page_The Story and Evolution of Doodles - G_6e786d/p_The first Doodle was a simple out-of-offi_345e61' is clicked on

07-06-2024T13:59:59 - [TEST_STEP][PASSED] - verifyElementVisible(findTestObject("Object Repository/Page_The Story and Evolution of Doodles - G_6e786d/h1_The story behind Doodles")): Object 'Object Repository/Page_The Story and Evolution of Doodles - G_6e786d/h1_The story behind Doodles' is visible

07-06-2024T13:59:59 - [MESSAGE][PASSED] - Object 'Object Repository/Page_The Story and Evolution of Doodles - G_6e786d/h1_The story behind Doodles' is visible

07-06-2024T13:59:59 - [TEST_STEP][PASSED] - verifyElementVisible(findTestObject("Object Repository/Page_The Story and Evolution of Doodles - G_6e786d/p_The first Doodle was a simple out-of-offi_345e61")): Object 'Object Repository/Page_The Story and Evolution of Doodles - G_6e786d/p_The first Doodle was a simple out-of-offi_345e61' is visible

07-06-2024T13:59:59 - [MESSAGE][PASSED] - Object 'Object Repository/Page_The Story and Evolution of Doodles - G_6e786d/p_The first Doodle was a simple out-of-offi_345e61' is visible

07-06-2024T13:59:59 - [TEST_STEP][PASSED] - verifyElementVisible(findTestObject("Object Repository/Page_The Story and Evolution of Doodles - G_6e786d/h2_Weve created more than 5,000 Doodles ove_111429")): Object 'Object Repository/Page_The Story and Evolution of Doodles - G_6e786d/h2_Weve created more than 5,000 Doodles ove_111429' is visible

07-06-2024T13:59:59 - [MESSAGE][PASSED] - Object 'Object Repository/Page_The Story and Evolution of Doodles - G_6e786d/h2_Weve created more than 5,000 Doodles ove_111429' is visible

07-06-2024T13:59:59 - [TEST_STEP][PASSED] - click(findTestObject("Object Repository/Page_The Story and Evolution of Doodles - G_6e786d/p_The first Doodle was a simple out-of-offi_345e61")): Object: 'Object Repository/Page_The Story and Evolution of Doodles - G_6e786d/p_The first Doodle was a simple out-of-offi_345e61' is clicked on

07-06-2024T13:59:59 - [MESSAGE][PASSED] - Object: 'Object Repository/Page_The Story and Evolution of Doodles - G_6e786d/p_The first Doodle was a simple out-of-offi_345e61' is clicked on

07-06-2024T13:59:59 - [TEST_STEP][PASSED] - verifyElementVisible(findTestObject("Object Repository/Page_The Story and Evolution of Doodles - G_6e786d/h1_The story behind Doodles")): Object 'Object Repository/Page_The Story and Evolution of Doodles - G_6e786d/h1_The story behind Doodles' is visible

07-06-2024T13:59:59 - [MESSAGE][PASSED] - Object 'Object Repository/Page_The Story and Evolution of Doodles - G_6e786d/h1_The story behind Doodles' is visible

07-06-2024T13:59:59 - [TEST_STEP][PASSED] - verifyElementVisible(findTestObject("Object Repository/Page_The Story and Evolution of Doodles - G_6e786d/p_The first Doodle was a simple out-of-offi_345e61")): Object 'Object Repository/Page_The Story and Evolution of Doodles - G_6e786d/p_The first Doodle was a simple out-of-offi_345e61' is visible

07-06-2024T13:59:59 - [MESSAGE][PASSED] - Object 'Object Repository/Page_The Story and Evolution of Doodles - G_6e786d/p_The first Doodle was a simple out-of-offi_345e61' is visible

07-06-2024T13:59:59 - [TEST_STEP][PASSED] - verifyElementVisible(findTestObject("Object Repository/Page_The Story and Evolution of Doodles - G_6e786d/h2_Weve created more than 5,000 Doodles ove_111429")): Object 'Object Repository/Page_The Story and Evolution of Doodles - G_6e786d/h2_Weve created more than 5,000 Doodles ove_111429' is visible

07-06-2024T13:59:59 - [MESSAGE][PASSED] - Object 'Object Repository/Page_The Story and Evolution of Doodles - G_6e786d/h2_Weve created more than 5,000 Doodles ove_111429' is visible

07-06-2024T13:59:59 - [TEST_STEP][PASSED] - click(findTestObject("Object Repository/Page_The Story and Evolution of Doodles - G_6e786d/p_The first Doodle was a simple out-of-offi_345e61")): Object: 'Object Repository/Page_The Story and Evolution of Doodles - G_6e786d/p_The first Doodle was a simple out-of-offi_345e61' is clicked on

07-06-2024T13:59:59 - [MESSAGE][PASSED] - Object: 'Object Repository/Page_The Story and Evolution of Doodles - G_6e786d/p_The first Doodle was a simple out-of-offi_345e61' is clicked on

07-06-2024T13:59:59 - [TEST_STEP][PASSED] - verifyElementVisible(findTestObject("Object Repository/Page_The Story and Evolution of Doodles - G_6e786d/h1_The story behind Doodles")): Object 'Object Repository/Page_The Story and Evolution of Doodles - G_6e786d/h1_The story behind Doodles' is visible

07-06-2024T13:59:59 - [MESSAGE][PASSED] - Object 'Object Repository/Page_The Story and Evolution of Doodles - G_6e786d/h1_The story behind Doodles' is visible

07-06-2024T13:59:59 - [TEST_STEP][PASSED] - verifyElementVisible(findTestObject("Object Repository/Page_The Story and Evolution of Doodles - G_6e786d/p_The first Doodle was a simple out-of-offi_345e61")): Object 'Object Repository/Page_The Story and Evolution of Doodles - G_6e786d/p_The first Doodle was a simple out-of-offi_345e61' is visible

07-06-2024T13:59:59 - [MESSAGE][PASSED] - Object 'Object Repository/Page_The Story and Evolution of Doodles - G_6e786d/p_The first Doodle was a simple out-of-offi_345e61' is visible

07-06-2024T13:59:59 - [TEST_STEP][PASSED] - verifyElementVisible(findTestObject("Object Repository/Page_The Story and Evolution of Doodles - G_6e786d/h2_Weve created more than 5,000 Doodles ove_111429")): Object 'Object Repository/Page_The Story and Evolution of Doodles - G_6e786d/h2_Weve created more than 5,000 Doodles ove_111429' is visible

07-06-2024T13:59:59 - [MESSAGE][PASSED] - Object 'Object Repository/Page_The Story and Evolution of Doodles - G_6e786d/h2_Weve created more than 5,000 Doodles ove_111429' is visible

07-06-2024T13:59:59 - [TEST_STEP][PASSED] - click(findTestObject("Object Repository/Page_The Story and Evolution of Doodles - G_6e786d/p_The first Doodle was a simple out-of-offi_345e61")): Object: 'Object Repository/Page_The Story and Evolution of Doodles - G_6e786d/p_The first Doodle was a simple out-of-offi_345e61' is clicked on

07-06-2024T14:00:00 - [MESSAGE][PASSED] - Object: 'Object Repository/Page_The Story and Evolution of Doodles - G_6e786d/p_The first Doodle was a simple out-of-offi_345e61' is clicked on

07-06-2024T14:00:00 - [TEST_STEP][PASSED] - verifyElementVisible(findTestObject("Object Repository/Page_The Story and Evolution of Doodles - G_6e786d/h1_The story behind Doodles")): Object 'Object Repository/Page_The Story and Evolution of Doodles - G_6e786d/h1_The story behind Doodles' is visible

07-06-2024T14:00:00 - [MESSAGE][PASSED] - Object 'Object Repository/Page_The Story and Evolution of Doodles - G_6e786d/h1_The story behind Doodles' is visible

07-06-2024T14:00:00 - [TEST_STEP][PASSED] - verifyElementVisible(findTestObject("Object Repository/Page_The Story and Evolution of Doodles - G_6e786d/p_The first Doodle was a simple out-of-offi_345e61")): Object 'Object Repository/Page_The Story and Evolution of Doodles - G_6e786d/p_The first Doodle was a simple out-of-offi_345e61' is visible

07-06-2024T14:00:00 - [MESSAGE][PASSED] - Object 'Object Repository/Page_The Story and Evolution of Doodles - G_6e786d/p_The first Doodle was a simple out-of-offi_345e61' is visible

07-06-2024T14:00:00 - [TEST_STEP][PASSED] - verifyElementVisible(findTestObject("Object Repository/Page_The Story and Evolution of Doodles - G_6e786d/h2_Weve created more than 5,000 Doodles ove_111429")): Object 'Object Repository/Page_The Story and Evolution of Doodles - G_6e786d/h2_Weve created more than 5,000 Doodles ove_111429' is visible

07-06-2024T14:00:00 - [MESSAGE][PASSED] - Object 'Object Repository/Page_The Story and Evolution of Doodles - G_6e786d/h2_Weve created more than 5,000 Doodles ove_111429' is visible

07-06-2024T14:00:00 - [TEST_STEP][PASSED] - click(findTestObject("Object Repository/Page_The Story and Evolution of Doodles - G_6e786d/p_The first Doodle was a simple out-of-offi_345e61")): Object: 'Object Repository/Page_The Story and Evolution of Doodles - G_6e786d/p_The first Doodle was a simple out-of-offi_345e61' is clicked on

07-06-2024T14:00:00 - [MESSAGE][PASSED] - Object: 'Object Repository/Page_The Story and Evolution of Doodles - G_6e786d/p_The first Doodle was a simple out-of-offi_345e61' is clicked on

07-06-2024T14:00:00 - [TEST_STEP][PASSED] - verifyElementVisible(findTestObject("Object Repository/Page_The Story and Evolution of Doodles - G_6e786d/h1_The story behind Doodles")): Object 'Object Repository/Page_The Story and Evolution of Doodles - G_6e786d/h1_The story behind Doodles' is visible

07-06-2024T14:00:00 - [MESSAGE][PASSED] - Object 'Object Repository/Page_The Story and Evolution of Doodles - G_6e786d/h1_The story behind Doodles' is visible

07-06-2024T14:00:00 - [TEST_STEP][PASSED] - verifyElementVisible(findTestObject("Object Repository/Page_The Story and Evolution of Doodles - G_6e786d/p_The first Doodle was a simple out-of-offi_345e61")): Object 'Object Repository/Page_The Story and Evolution of Doodles - G_6e786d/p_The first Doodle was a simple out-of-offi_345e61' is visible

07-06-2024T14:00:00 - [MESSAGE][PASSED] - Object 'Object Repository/Page_The Story and Evolution of Doodles - G_6e786d/p_The first Doodle was a simple out-of-offi_345e61' is visible

07-06-2024T14:00:00 - [TEST_STEP][PASSED] - verifyElementVisible(findTestObject("Object Repository/Page_The Story and Evolution of Doodles - G_6e786d/h2_Weve created more than 5,000 Doodles ove_111429")): Object 'Object Repository/Page_The Story and Evolution of Doodles - G_6e786d/h2_Weve created more than 5,000 Doodles ove_111429' is visible

07-06-2024T14:00:00 - [MESSAGE][PASSED] - Object 'Object Repository/Page_The Story and Evolution of Doodles - G_6e786d/h2_Weve created more than 5,000 Doodles ove_111429' is visible

07-06-2024T14:00:00 - [TEST_STEP][PASSED] - click(findTestObject("Object Repository/Page_The Story and Evolution of Doodles - G_6e786d/p_The first Doodle was a simple out-of-offi_345e61")): Object: 'Object Repository/Page_The Story and Evolution of Doodles - G_6e786d/p_The first Doodle was a simple out-of-offi_345e61' is clicked on

07-06-2024T14:00:00 - [MESSAGE][PASSED] - Object: 'Object Repository/Page_The Story and Evolution of Doodles - G_6e786d/p_The first Doodle was a simple out-of-offi_345e61' is clicked on

07-06-2024T14:00:00 - [TEST_STEP][PASSED] - verifyElementVisible(findTestObject("Object Repository/Page_The Story and Evolution of Doodles - G_6e786d/h1_The story behind Doodles")): Object 'Object Repository/Page_The Story and Evolution of Doodles - G_6e786d/h1_The story behind Doodles' is visible

07-06-2024T14:00:00 - [MESSAGE][PASSED] - Object 'Object Repository/Page_The Story and Evolution of Doodles - G_6e786d/h1_The story behind Doodles' is visible

07-06-2024T14:00:00 - [TEST_STEP][PASSED] - verifyElementVisible(findTestObject("Object Repository/Page_The Story and Evolution of Doodles - G_6e786d/p_The first Doodle was a simple out-of-offi_345e61")): Object 'Object Repository/Page_The Story and Evolution of Doodles - G_6e786d/p_The first Doodle was a simple out-of-offi_345e61' is visible

07-06-2024T14:00:00 - [MESSAGE][PASSED] - Object 'Object Repository/Page_The Story and Evolution of Doodles - G_6e786d/p_The first Doodle was a simple out-of-offi_345e61' is visible

07-06-2024T14:00:00 - [TEST_STEP][PASSED] - verifyElementVisible(findTestObject("Object Repository/Page_The Story and Evolution of Doodles - G_6e786d/h2_Weve created more than 5,000 Doodles ove_111429")): Object 'Object Repository/Page_The Story and Evolution of Doodles - G_6e786d/h2_Weve created more than 5,000 Doodles ove_111429' is visible

07-06-2024T14:00:00 - [MESSAGE][PASSED] - Object 'Object Repository/Page_The Story and Evolution of Doodles - G_6e786d/h2_Weve created more than 5,000 Doodles ove_111429' is visible]]></system-out>
         <system-err><![CDATA[]]></system-err>
      </testcase>
      <testcase name="Test Cases/test case folder 1/tc1 - Copy (6) - Copy (4)" time="23.924" classname="Test Cases/test case folder 1/tc1 - Copy (6) - Copy (4)" status="PASSED">
         <system-out><![CDATA[07-06-2024T14:00:00 - [TEST_CASE][PASSED] - Test Cases/test case folder 1/tc1 - Copy (6) - Copy (4): Test Cases/test case folder 1/tc1 - Copy (6) - Copy (4)

07-06-2024T14:00:00 - [TEST_STEP][PASSED] - openBrowser(""): Browser is opened with url: ''

07-06-2024T14:00:00 - [MESSAGE][WARNING] - A browser is already opened. Closing browser and opening a new one

07-06-2024T14:00:01 - [MESSAGE][INFO] - Starting 'Firefox (headless)' driver

07-06-2024T14:00:01 - [MESSAGE][INFO] - Action delay is set to 0 milliseconds

07-06-2024T14:00:04 - [MESSAGE][PASSED] - Browser is opened with url: ''

07-06-2024T14:00:04 - [TEST_STEP][PASSED] - navigateToUrl("https://doodles.google/about/"): Navigate to 'https://doodles.google/about/' successfully

07-06-2024T14:00:20 - [MESSAGE][PASSED] - Navigate to 'https://doodles.google/about/' successfully

07-06-2024T14:00:20 - [TEST_STEP][PASSED] - click(findTestObject("Object Repository/Page_The Story and Evolution of Doodles - G_6e786d/p_The first Doodle was a simple out-of-offi_345e61")): Object: 'Object Repository/Page_The Story and Evolution of Doodles - G_6e786d/p_The first Doodle was a simple out-of-offi_345e61' is clicked on

07-06-2024T14:00:21 - [MESSAGE][PASSED] - Object: 'Object Repository/Page_The Story and Evolution of Doodles - G_6e786d/p_The first Doodle was a simple out-of-offi_345e61' is clicked on

07-06-2024T14:00:21 - [TEST_STEP][PASSED] - click(findTestObject("Object Repository/Page_The Story and Evolution of Doodles - G_6e786d/p_The first Doodle was a simple out-of-offi_345e61")): Object: 'Object Repository/Page_The Story and Evolution of Doodles - G_6e786d/p_The first Doodle was a simple out-of-offi_345e61' is clicked on

07-06-2024T14:00:21 - [MESSAGE][PASSED] - Object: 'Object Repository/Page_The Story and Evolution of Doodles - G_6e786d/p_The first Doodle was a simple out-of-offi_345e61' is clicked on

07-06-2024T14:00:21 - [TEST_STEP][PASSED] - verifyElementVisible(findTestObject("Object Repository/Page_The Story and Evolution of Doodles - G_6e786d/h1_The story behind Doodles")): Object 'Object Repository/Page_The Story and Evolution of Doodles - G_6e786d/h1_The story behind Doodles' is visible

07-06-2024T14:00:21 - [MESSAGE][PASSED] - Object 'Object Repository/Page_The Story and Evolution of Doodles - G_6e786d/h1_The story behind Doodles' is visible

07-06-2024T14:00:21 - [TEST_STEP][PASSED] - verifyElementVisible(findTestObject("Object Repository/Page_The Story and Evolution of Doodles - G_6e786d/p_The first Doodle was a simple out-of-offi_345e61")): Object 'Object Repository/Page_The Story and Evolution of Doodles - G_6e786d/p_The first Doodle was a simple out-of-offi_345e61' is visible

07-06-2024T14:00:21 - [MESSAGE][PASSED] - Object 'Object Repository/Page_The Story and Evolution of Doodles - G_6e786d/p_The first Doodle was a simple out-of-offi_345e61' is visible

07-06-2024T14:00:21 - [TEST_STEP][PASSED] - verifyElementVisible(findTestObject("Object Repository/Page_The Story and Evolution of Doodles - G_6e786d/h2_Weve created more than 5,000 Doodles ove_111429")): Object 'Object Repository/Page_The Story and Evolution of Doodles - G_6e786d/h2_Weve created more than 5,000 Doodles ove_111429' is visible

07-06-2024T14:00:21 - [MESSAGE][PASSED] - Object 'Object Repository/Page_The Story and Evolution of Doodles - G_6e786d/h2_Weve created more than 5,000 Doodles ove_111429' is visible

07-06-2024T14:00:21 - [TEST_STEP][PASSED] - verifyElementVisible(findTestObject("Object Repository/Page_The Story and Evolution of Doodles - G_6e786d/h1_The story behind Doodles")): Object 'Object Repository/Page_The Story and Evolution of Doodles - G_6e786d/h1_The story behind Doodles' is visible

07-06-2024T14:00:21 - [MESSAGE][PASSED] - Object 'Object Repository/Page_The Story and Evolution of Doodles - G_6e786d/h1_The story behind Doodles' is visible

07-06-2024T14:00:21 - [TEST_STEP][PASSED] - verifyElementVisible(findTestObject("Object Repository/Page_The Story and Evolution of Doodles - G_6e786d/p_The first Doodle was a simple out-of-offi_345e61")): Object 'Object Repository/Page_The Story and Evolution of Doodles - G_6e786d/p_The first Doodle was a simple out-of-offi_345e61' is visible

07-06-2024T14:00:21 - [MESSAGE][PASSED] - Object 'Object Repository/Page_The Story and Evolution of Doodles - G_6e786d/p_The first Doodle was a simple out-of-offi_345e61' is visible

07-06-2024T14:00:21 - [TEST_STEP][PASSED] - verifyElementVisible(findTestObject("Object Repository/Page_The Story and Evolution of Doodles - G_6e786d/h2_Weve created more than 5,000 Doodles ove_111429")): Object 'Object Repository/Page_The Story and Evolution of Doodles - G_6e786d/h2_Weve created more than 5,000 Doodles ove_111429' is visible

07-06-2024T14:00:21 - [MESSAGE][PASSED] - Object 'Object Repository/Page_The Story and Evolution of Doodles - G_6e786d/h2_Weve created more than 5,000 Doodles ove_111429' is visible

07-06-2024T14:00:21 - [TEST_STEP][PASSED] - click(findTestObject("Object Repository/Page_The Story and Evolution of Doodles - G_6e786d/p_The first Doodle was a simple out-of-offi_345e61")): Object: 'Object Repository/Page_The Story and Evolution of Doodles - G_6e786d/p_The first Doodle was a simple out-of-offi_345e61' is clicked on

07-06-2024T14:00:21 - [MESSAGE][PASSED] - Object: 'Object Repository/Page_The Story and Evolution of Doodles - G_6e786d/p_The first Doodle was a simple out-of-offi_345e61' is clicked on

07-06-2024T14:00:21 - [TEST_STEP][PASSED] - verifyElementVisible(findTestObject("Object Repository/Page_The Story and Evolution of Doodles - G_6e786d/h1_The story behind Doodles")): Object 'Object Repository/Page_The Story and Evolution of Doodles - G_6e786d/h1_The story behind Doodles' is visible

07-06-2024T14:00:21 - [MESSAGE][PASSED] - Object 'Object Repository/Page_The Story and Evolution of Doodles - G_6e786d/h1_The story behind Doodles' is visible

07-06-2024T14:00:21 - [TEST_STEP][PASSED] - verifyElementVisible(findTestObject("Object Repository/Page_The Story and Evolution of Doodles - G_6e786d/p_The first Doodle was a simple out-of-offi_345e61")): Object 'Object Repository/Page_The Story and Evolution of Doodles - G_6e786d/p_The first Doodle was a simple out-of-offi_345e61' is visible

07-06-2024T14:00:21 - [MESSAGE][PASSED] - Object 'Object Repository/Page_The Story and Evolution of Doodles - G_6e786d/p_The first Doodle was a simple out-of-offi_345e61' is visible

07-06-2024T14:00:21 - [TEST_STEP][PASSED] - verifyElementVisible(findTestObject("Object Repository/Page_The Story and Evolution of Doodles - G_6e786d/h2_Weve created more than 5,000 Doodles ove_111429")): Object 'Object Repository/Page_The Story and Evolution of Doodles - G_6e786d/h2_Weve created more than 5,000 Doodles ove_111429' is visible

07-06-2024T14:00:21 - [MESSAGE][PASSED] - Object 'Object Repository/Page_The Story and Evolution of Doodles - G_6e786d/h2_Weve created more than 5,000 Doodles ove_111429' is visible

07-06-2024T14:00:21 - [TEST_STEP][PASSED] - click(findTestObject("Object Repository/Page_The Story and Evolution of Doodles - G_6e786d/p_The first Doodle was a simple out-of-offi_345e61")): Object: 'Object Repository/Page_The Story and Evolution of Doodles - G_6e786d/p_The first Doodle was a simple out-of-offi_345e61' is clicked on

07-06-2024T14:00:22 - [MESSAGE][PASSED] - Object: 'Object Repository/Page_The Story and Evolution of Doodles - G_6e786d/p_The first Doodle was a simple out-of-offi_345e61' is clicked on

07-06-2024T14:00:22 - [TEST_STEP][PASSED] - verifyElementVisible(findTestObject("Object Repository/Page_The Story and Evolution of Doodles - G_6e786d/h1_The story behind Doodles")): Object 'Object Repository/Page_The Story and Evolution of Doodles - G_6e786d/h1_The story behind Doodles' is visible

07-06-2024T14:00:22 - [MESSAGE][PASSED] - Object 'Object Repository/Page_The Story and Evolution of Doodles - G_6e786d/h1_The story behind Doodles' is visible

07-06-2024T14:00:22 - [TEST_STEP][PASSED] - verifyElementVisible(findTestObject("Object Repository/Page_The Story and Evolution of Doodles - G_6e786d/p_The first Doodle was a simple out-of-offi_345e61")): Object 'Object Repository/Page_The Story and Evolution of Doodles - G_6e786d/p_The first Doodle was a simple out-of-offi_345e61' is visible

07-06-2024T14:00:22 - [MESSAGE][PASSED] - Object 'Object Repository/Page_The Story and Evolution of Doodles - G_6e786d/p_The first Doodle was a simple out-of-offi_345e61' is visible

07-06-2024T14:00:22 - [TEST_STEP][PASSED] - verifyElementVisible(findTestObject("Object Repository/Page_The Story and Evolution of Doodles - G_6e786d/h2_Weve created more than 5,000 Doodles ove_111429")): Object 'Object Repository/Page_The Story and Evolution of Doodles - G_6e786d/h2_Weve created more than 5,000 Doodles ove_111429' is visible

07-06-2024T14:00:22 - [MESSAGE][PASSED] - Object 'Object Repository/Page_The Story and Evolution of Doodles - G_6e786d/h2_Weve created more than 5,000 Doodles ove_111429' is visible

07-06-2024T14:00:22 - [TEST_STEP][PASSED] - click(findTestObject("Object Repository/Page_The Story and Evolution of Doodles - G_6e786d/p_The first Doodle was a simple out-of-offi_345e61")): Object: 'Object Repository/Page_The Story and Evolution of Doodles - G_6e786d/p_The first Doodle was a simple out-of-offi_345e61' is clicked on

07-06-2024T14:00:22 - [MESSAGE][PASSED] - Object: 'Object Repository/Page_The Story and Evolution of Doodles - G_6e786d/p_The first Doodle was a simple out-of-offi_345e61' is clicked on

07-06-2024T14:00:22 - [TEST_STEP][PASSED] - verifyElementVisible(findTestObject("Object Repository/Page_The Story and Evolution of Doodles - G_6e786d/h1_The story behind Doodles")): Object 'Object Repository/Page_The Story and Evolution of Doodles - G_6e786d/h1_The story behind Doodles' is visible

07-06-2024T14:00:22 - [MESSAGE][PASSED] - Object 'Object Repository/Page_The Story and Evolution of Doodles - G_6e786d/h1_The story behind Doodles' is visible

07-06-2024T14:00:22 - [TEST_STEP][PASSED] - verifyElementVisible(findTestObject("Object Repository/Page_The Story and Evolution of Doodles - G_6e786d/p_The first Doodle was a simple out-of-offi_345e61")): Object 'Object Repository/Page_The Story and Evolution of Doodles - G_6e786d/p_The first Doodle was a simple out-of-offi_345e61' is visible

07-06-2024T14:00:22 - [MESSAGE][PASSED] - Object 'Object Repository/Page_The Story and Evolution of Doodles - G_6e786d/p_The first Doodle was a simple out-of-offi_345e61' is visible

07-06-2024T14:00:22 - [TEST_STEP][PASSED] - verifyElementVisible(findTestObject("Object Repository/Page_The Story and Evolution of Doodles - G_6e786d/h2_Weve created more than 5,000 Doodles ove_111429")): Object 'Object Repository/Page_The Story and Evolution of Doodles - G_6e786d/h2_Weve created more than 5,000 Doodles ove_111429' is visible

07-06-2024T14:00:22 - [MESSAGE][PASSED] - Object 'Object Repository/Page_The Story and Evolution of Doodles - G_6e786d/h2_Weve created more than 5,000 Doodles ove_111429' is visible

07-06-2024T14:00:22 - [TEST_STEP][PASSED] - click(findTestObject("Object Repository/Page_The Story and Evolution of Doodles - G_6e786d/p_The first Doodle was a simple out-of-offi_345e61")): Object: 'Object Repository/Page_The Story and Evolution of Doodles - G_6e786d/p_The first Doodle was a simple out-of-offi_345e61' is clicked on

07-06-2024T14:00:22 - [MESSAGE][PASSED] - Object: 'Object Repository/Page_The Story and Evolution of Doodles - G_6e786d/p_The first Doodle was a simple out-of-offi_345e61' is clicked on

07-06-2024T14:00:22 - [TEST_STEP][PASSED] - verifyElementVisible(findTestObject("Object Repository/Page_The Story and Evolution of Doodles - G_6e786d/h1_The story behind Doodles")): Object 'Object Repository/Page_The Story and Evolution of Doodles - G_6e786d/h1_The story behind Doodles' is visible

07-06-2024T14:00:22 - [MESSAGE][PASSED] - Object 'Object Repository/Page_The Story and Evolution of Doodles - G_6e786d/h1_The story behind Doodles' is visible

07-06-2024T14:00:22 - [TEST_STEP][PASSED] - verifyElementVisible(findTestObject("Object Repository/Page_The Story and Evolution of Doodles - G_6e786d/p_The first Doodle was a simple out-of-offi_345e61")): Object 'Object Repository/Page_The Story and Evolution of Doodles - G_6e786d/p_The first Doodle was a simple out-of-offi_345e61' is visible

07-06-2024T14:00:22 - [MESSAGE][PASSED] - Object 'Object Repository/Page_The Story and Evolution of Doodles - G_6e786d/p_The first Doodle was a simple out-of-offi_345e61' is visible

07-06-2024T14:00:22 - [TEST_STEP][PASSED] - verifyElementVisible(findTestObject("Object Repository/Page_The Story and Evolution of Doodles - G_6e786d/h2_Weve created more than 5,000 Doodles ove_111429")): Object 'Object Repository/Page_The Story and Evolution of Doodles - G_6e786d/h2_Weve created more than 5,000 Doodles ove_111429' is visible

07-06-2024T14:00:22 - [MESSAGE][PASSED] - Object 'Object Repository/Page_The Story and Evolution of Doodles - G_6e786d/h2_Weve created more than 5,000 Doodles ove_111429' is visible

07-06-2024T14:00:22 - [TEST_STEP][PASSED] - click(findTestObject("Object Repository/Page_The Story and Evolution of Doodles - G_6e786d/p_The first Doodle was a simple out-of-offi_345e61")): Object: 'Object Repository/Page_The Story and Evolution of Doodles - G_6e786d/p_The first Doodle was a simple out-of-offi_345e61' is clicked on

07-06-2024T14:00:23 - [MESSAGE][PASSED] - Object: 'Object Repository/Page_The Story and Evolution of Doodles - G_6e786d/p_The first Doodle was a simple out-of-offi_345e61' is clicked on

07-06-2024T14:00:23 - [TEST_STEP][PASSED] - verifyElementVisible(findTestObject("Object Repository/Page_The Story and Evolution of Doodles - G_6e786d/h1_The story behind Doodles")): Object 'Object Repository/Page_The Story and Evolution of Doodles - G_6e786d/h1_The story behind Doodles' is visible

07-06-2024T14:00:23 - [MESSAGE][PASSED] - Object 'Object Repository/Page_The Story and Evolution of Doodles - G_6e786d/h1_The story behind Doodles' is visible

07-06-2024T14:00:23 - [TEST_STEP][PASSED] - verifyElementVisible(findTestObject("Object Repository/Page_The Story and Evolution of Doodles - G_6e786d/p_The first Doodle was a simple out-of-offi_345e61")): Object 'Object Repository/Page_The Story and Evolution of Doodles - G_6e786d/p_The first Doodle was a simple out-of-offi_345e61' is visible

07-06-2024T14:00:23 - [MESSAGE][PASSED] - Object 'Object Repository/Page_The Story and Evolution of Doodles - G_6e786d/p_The first Doodle was a simple out-of-offi_345e61' is visible

07-06-2024T14:00:23 - [TEST_STEP][PASSED] - verifyElementVisible(findTestObject("Object Repository/Page_The Story and Evolution of Doodles - G_6e786d/h2_Weve created more than 5,000 Doodles ove_111429")): Object 'Object Repository/Page_The Story and Evolution of Doodles - G_6e786d/h2_Weve created more than 5,000 Doodles ove_111429' is visible

07-06-2024T14:00:23 - [MESSAGE][PASSED] - Object 'Object Repository/Page_The Story and Evolution of Doodles - G_6e786d/h2_Weve created more than 5,000 Doodles ove_111429' is visible

07-06-2024T14:00:23 - [TEST_STEP][PASSED] - click(findTestObject("Object Repository/Page_The Story and Evolution of Doodles - G_6e786d/p_The first Doodle was a simple out-of-offi_345e61")): Object: 'Object Repository/Page_The Story and Evolution of Doodles - G_6e786d/p_The first Doodle was a simple out-of-offi_345e61' is clicked on

07-06-2024T14:00:23 - [MESSAGE][PASSED] - Object: 'Object Repository/Page_The Story and Evolution of Doodles - G_6e786d/p_The first Doodle was a simple out-of-offi_345e61' is clicked on

07-06-2024T14:00:23 - [TEST_STEP][PASSED] - verifyElementVisible(findTestObject("Object Repository/Page_The Story and Evolution of Doodles - G_6e786d/h1_The story behind Doodles")): Object 'Object Repository/Page_The Story and Evolution of Doodles - G_6e786d/h1_The story behind Doodles' is visible

07-06-2024T14:00:23 - [MESSAGE][PASSED] - Object 'Object Repository/Page_The Story and Evolution of Doodles - G_6e786d/h1_The story behind Doodles' is visible

07-06-2024T14:00:23 - [TEST_STEP][PASSED] - verifyElementVisible(findTestObject("Object Repository/Page_The Story and Evolution of Doodles - G_6e786d/p_The first Doodle was a simple out-of-offi_345e61")): Object 'Object Repository/Page_The Story and Evolution of Doodles - G_6e786d/p_The first Doodle was a simple out-of-offi_345e61' is visible

07-06-2024T14:00:23 - [MESSAGE][PASSED] - Object 'Object Repository/Page_The Story and Evolution of Doodles - G_6e786d/p_The first Doodle was a simple out-of-offi_345e61' is visible

07-06-2024T14:00:23 - [TEST_STEP][PASSED] - verifyElementVisible(findTestObject("Object Repository/Page_The Story and Evolution of Doodles - G_6e786d/h2_Weve created more than 5,000 Doodles ove_111429")): Object 'Object Repository/Page_The Story and Evolution of Doodles - G_6e786d/h2_Weve created more than 5,000 Doodles ove_111429' is visible

07-06-2024T14:00:23 - [MESSAGE][PASSED] - Object 'Object Repository/Page_The Story and Evolution of Doodles - G_6e786d/h2_Weve created more than 5,000 Doodles ove_111429' is visible

07-06-2024T14:00:23 - [TEST_STEP][PASSED] - click(findTestObject("Object Repository/Page_The Story and Evolution of Doodles - G_6e786d/p_The first Doodle was a simple out-of-offi_345e61")): Object: 'Object Repository/Page_The Story and Evolution of Doodles - G_6e786d/p_The first Doodle was a simple out-of-offi_345e61' is clicked on

07-06-2024T14:00:23 - [MESSAGE][PASSED] - Object: 'Object Repository/Page_The Story and Evolution of Doodles - G_6e786d/p_The first Doodle was a simple out-of-offi_345e61' is clicked on

07-06-2024T14:00:23 - [TEST_STEP][PASSED] - verifyElementVisible(findTestObject("Object Repository/Page_The Story and Evolution of Doodles - G_6e786d/h1_The story behind Doodles")): Object 'Object Repository/Page_The Story and Evolution of Doodles - G_6e786d/h1_The story behind Doodles' is visible

07-06-2024T14:00:24 - [MESSAGE][PASSED] - Object 'Object Repository/Page_The Story and Evolution of Doodles - G_6e786d/h1_The story behind Doodles' is visible

07-06-2024T14:00:24 - [TEST_STEP][PASSED] - verifyElementVisible(findTestObject("Object Repository/Page_The Story and Evolution of Doodles - G_6e786d/p_The first Doodle was a simple out-of-offi_345e61")): Object 'Object Repository/Page_The Story and Evolution of Doodles - G_6e786d/p_The first Doodle was a simple out-of-offi_345e61' is visible

07-06-2024T14:00:24 - [MESSAGE][PASSED] - Object 'Object Repository/Page_The Story and Evolution of Doodles - G_6e786d/p_The first Doodle was a simple out-of-offi_345e61' is visible

07-06-2024T14:00:24 - [TEST_STEP][PASSED] - verifyElementVisible(findTestObject("Object Repository/Page_The Story and Evolution of Doodles - G_6e786d/h2_Weve created more than 5,000 Doodles ove_111429")): Object 'Object Repository/Page_The Story and Evolution of Doodles - G_6e786d/h2_Weve created more than 5,000 Doodles ove_111429' is visible

07-06-2024T14:00:24 - [MESSAGE][PASSED] - Object 'Object Repository/Page_The Story and Evolution of Doodles - G_6e786d/h2_Weve created more than 5,000 Doodles ove_111429' is visible

07-06-2024T14:00:24 - [TEST_STEP][PASSED] - click(findTestObject("Object Repository/Page_The Story and Evolution of Doodles - G_6e786d/p_The first Doodle was a simple out-of-offi_345e61")): Object: 'Object Repository/Page_The Story and Evolution of Doodles - G_6e786d/p_The first Doodle was a simple out-of-offi_345e61' is clicked on

07-06-2024T14:00:24 - [MESSAGE][PASSED] - Object: 'Object Repository/Page_The Story and Evolution of Doodles - G_6e786d/p_The first Doodle was a simple out-of-offi_345e61' is clicked on

07-06-2024T14:00:24 - [TEST_STEP][PASSED] - verifyElementVisible(findTestObject("Object Repository/Page_The Story and Evolution of Doodles - G_6e786d/h1_The story behind Doodles")): Object 'Object Repository/Page_The Story and Evolution of Doodles - G_6e786d/h1_The story behind Doodles' is visible

07-06-2024T14:00:24 - [MESSAGE][PASSED] - Object 'Object Repository/Page_The Story and Evolution of Doodles - G_6e786d/h1_The story behind Doodles' is visible

07-06-2024T14:00:24 - [TEST_STEP][PASSED] - verifyElementVisible(findTestObject("Object Repository/Page_The Story and Evolution of Doodles - G_6e786d/p_The first Doodle was a simple out-of-offi_345e61")): Object 'Object Repository/Page_The Story and Evolution of Doodles - G_6e786d/p_The first Doodle was a simple out-of-offi_345e61' is visible

07-06-2024T14:00:24 - [MESSAGE][PASSED] - Object 'Object Repository/Page_The Story and Evolution of Doodles - G_6e786d/p_The first Doodle was a simple out-of-offi_345e61' is visible

07-06-2024T14:00:24 - [TEST_STEP][PASSED] - verifyElementVisible(findTestObject("Object Repository/Page_The Story and Evolution of Doodles - G_6e786d/h2_Weve created more than 5,000 Doodles ove_111429")): Object 'Object Repository/Page_The Story and Evolution of Doodles - G_6e786d/h2_Weve created more than 5,000 Doodles ove_111429' is visible

07-06-2024T14:00:24 - [MESSAGE][PASSED] - Object 'Object Repository/Page_The Story and Evolution of Doodles - G_6e786d/h2_Weve created more than 5,000 Doodles ove_111429' is visible

07-06-2024T14:00:24 - [TEST_STEP][PASSED] - click(findTestObject("Object Repository/Page_The Story and Evolution of Doodles - G_6e786d/p_The first Doodle was a simple out-of-offi_345e61")): Object: 'Object Repository/Page_The Story and Evolution of Doodles - G_6e786d/p_The first Doodle was a simple out-of-offi_345e61' is clicked on

07-06-2024T14:00:24 - [MESSAGE][PASSED] - Object: 'Object Repository/Page_The Story and Evolution of Doodles - G_6e786d/p_The first Doodle was a simple out-of-offi_345e61' is clicked on

07-06-2024T14:00:24 - [TEST_STEP][PASSED] - verifyElementVisible(findTestObject("Object Repository/Page_The Story and Evolution of Doodles - G_6e786d/h1_The story behind Doodles")): Object 'Object Repository/Page_The Story and Evolution of Doodles - G_6e786d/h1_The story behind Doodles' is visible

07-06-2024T14:00:24 - [MESSAGE][PASSED] - Object 'Object Repository/Page_The Story and Evolution of Doodles - G_6e786d/h1_The story behind Doodles' is visible

07-06-2024T14:00:24 - [TEST_STEP][PASSED] - verifyElementVisible(findTestObject("Object Repository/Page_The Story and Evolution of Doodles - G_6e786d/p_The first Doodle was a simple out-of-offi_345e61")): Object 'Object Repository/Page_The Story and Evolution of Doodles - G_6e786d/p_The first Doodle was a simple out-of-offi_345e61' is visible

07-06-2024T14:00:24 - [MESSAGE][PASSED] - Object 'Object Repository/Page_The Story and Evolution of Doodles - G_6e786d/p_The first Doodle was a simple out-of-offi_345e61' is visible

07-06-2024T14:00:24 - [TEST_STEP][PASSED] - verifyElementVisible(findTestObject("Object Repository/Page_The Story and Evolution of Doodles - G_6e786d/h2_Weve created more than 5,000 Doodles ove_111429")): Object 'Object Repository/Page_The Story and Evolution of Doodles - G_6e786d/h2_Weve created more than 5,000 Doodles ove_111429' is visible

07-06-2024T14:00:24 - [MESSAGE][PASSED] - Object 'Object Repository/Page_The Story and Evolution of Doodles - G_6e786d/h2_Weve created more than 5,000 Doodles ove_111429' is visible]]></system-out>
         <system-err><![CDATA[]]></system-err>
      </testcase>
      <testcase name="Test Cases/test case folder 1/tc1 - Copy (6) - Copy (5)" time="23.395" classname="Test Cases/test case folder 1/tc1 - Copy (6) - Copy (5)" status="PASSED">
         <system-out><![CDATA[07-06-2024T14:00:24 - [TEST_CASE][PASSED] - Test Cases/test case folder 1/tc1 - Copy (6) - Copy (5): Test Cases/test case folder 1/tc1 - Copy (6) - Copy (5)

07-06-2024T14:00:24 - [TEST_STEP][PASSED] - openBrowser(""): Browser is opened with url: ''

07-06-2024T14:00:24 - [MESSAGE][WARNING] - A browser is already opened. Closing browser and opening a new one

07-06-2024T14:00:25 - [MESSAGE][INFO] - Starting 'Firefox (headless)' driver

07-06-2024T14:00:25 - [MESSAGE][INFO] - Action delay is set to 0 milliseconds

07-06-2024T14:00:27 - [MESSAGE][PASSED] - Browser is opened with url: ''

07-06-2024T14:00:27 - [TEST_STEP][PASSED] - navigateToUrl("https://doodles.google/about/"): Navigate to 'https://doodles.google/about/' successfully

07-06-2024T14:00:44 - [MESSAGE][PASSED] - Navigate to 'https://doodles.google/about/' successfully

07-06-2024T14:00:44 - [TEST_STEP][PASSED] - click(findTestObject("Object Repository/Page_The Story and Evolution of Doodles - G_6e786d/p_The first Doodle was a simple out-of-offi_345e61")): Object: 'Object Repository/Page_The Story and Evolution of Doodles - G_6e786d/p_The first Doodle was a simple out-of-offi_345e61' is clicked on

07-06-2024T14:00:44 - [MESSAGE][PASSED] - Object: 'Object Repository/Page_The Story and Evolution of Doodles - G_6e786d/p_The first Doodle was a simple out-of-offi_345e61' is clicked on

07-06-2024T14:00:44 - [TEST_STEP][PASSED] - click(findTestObject("Object Repository/Page_The Story and Evolution of Doodles - G_6e786d/p_The first Doodle was a simple out-of-offi_345e61")): Object: 'Object Repository/Page_The Story and Evolution of Doodles - G_6e786d/p_The first Doodle was a simple out-of-offi_345e61' is clicked on

07-06-2024T14:00:44 - [MESSAGE][PASSED] - Object: 'Object Repository/Page_The Story and Evolution of Doodles - G_6e786d/p_The first Doodle was a simple out-of-offi_345e61' is clicked on

07-06-2024T14:00:44 - [TEST_STEP][PASSED] - verifyElementVisible(findTestObject("Object Repository/Page_The Story and Evolution of Doodles - G_6e786d/h1_The story behind Doodles")): Object 'Object Repository/Page_The Story and Evolution of Doodles - G_6e786d/h1_The story behind Doodles' is visible

07-06-2024T14:00:45 - [MESSAGE][PASSED] - Object 'Object Repository/Page_The Story and Evolution of Doodles - G_6e786d/h1_The story behind Doodles' is visible

07-06-2024T14:00:45 - [TEST_STEP][PASSED] - verifyElementVisible(findTestObject("Object Repository/Page_The Story and Evolution of Doodles - G_6e786d/p_The first Doodle was a simple out-of-offi_345e61")): Object 'Object Repository/Page_The Story and Evolution of Doodles - G_6e786d/p_The first Doodle was a simple out-of-offi_345e61' is visible

07-06-2024T14:00:45 - [MESSAGE][PASSED] - Object 'Object Repository/Page_The Story and Evolution of Doodles - G_6e786d/p_The first Doodle was a simple out-of-offi_345e61' is visible

07-06-2024T14:00:45 - [TEST_STEP][PASSED] - verifyElementVisible(findTestObject("Object Repository/Page_The Story and Evolution of Doodles - G_6e786d/h2_Weve created more than 5,000 Doodles ove_111429")): Object 'Object Repository/Page_The Story and Evolution of Doodles - G_6e786d/h2_Weve created more than 5,000 Doodles ove_111429' is visible

07-06-2024T14:00:45 - [MESSAGE][PASSED] - Object 'Object Repository/Page_The Story and Evolution of Doodles - G_6e786d/h2_Weve created more than 5,000 Doodles ove_111429' is visible

07-06-2024T14:00:45 - [TEST_STEP][PASSED] - verifyElementVisible(findTestObject("Object Repository/Page_The Story and Evolution of Doodles - G_6e786d/h1_The story behind Doodles")): Object 'Object Repository/Page_The Story and Evolution of Doodles - G_6e786d/h1_The story behind Doodles' is visible

07-06-2024T14:00:45 - [MESSAGE][PASSED] - Object 'Object Repository/Page_The Story and Evolution of Doodles - G_6e786d/h1_The story behind Doodles' is visible

07-06-2024T14:00:45 - [TEST_STEP][PASSED] - verifyElementVisible(findTestObject("Object Repository/Page_The Story and Evolution of Doodles - G_6e786d/p_The first Doodle was a simple out-of-offi_345e61")): Object 'Object Repository/Page_The Story and Evolution of Doodles - G_6e786d/p_The first Doodle was a simple out-of-offi_345e61' is visible

07-06-2024T14:00:45 - [MESSAGE][PASSED] - Object 'Object Repository/Page_The Story and Evolution of Doodles - G_6e786d/p_The first Doodle was a simple out-of-offi_345e61' is visible

07-06-2024T14:00:45 - [TEST_STEP][PASSED] - verifyElementVisible(findTestObject("Object Repository/Page_The Story and Evolution of Doodles - G_6e786d/h2_Weve created more than 5,000 Doodles ove_111429")): Object 'Object Repository/Page_The Story and Evolution of Doodles - G_6e786d/h2_Weve created more than 5,000 Doodles ove_111429' is visible

07-06-2024T14:00:45 - [MESSAGE][PASSED] - Object 'Object Repository/Page_The Story and Evolution of Doodles - G_6e786d/h2_Weve created more than 5,000 Doodles ove_111429' is visible

07-06-2024T14:00:45 - [TEST_STEP][PASSED] - click(findTestObject("Object Repository/Page_The Story and Evolution of Doodles - G_6e786d/p_The first Doodle was a simple out-of-offi_345e61")): Object: 'Object Repository/Page_The Story and Evolution of Doodles - G_6e786d/p_The first Doodle was a simple out-of-offi_345e61' is clicked on

07-06-2024T14:00:45 - [MESSAGE][PASSED] - Object: 'Object Repository/Page_The Story and Evolution of Doodles - G_6e786d/p_The first Doodle was a simple out-of-offi_345e61' is clicked on

07-06-2024T14:00:45 - [TEST_STEP][PASSED] - verifyElementVisible(findTestObject("Object Repository/Page_The Story and Evolution of Doodles - G_6e786d/h1_The story behind Doodles")): Object 'Object Repository/Page_The Story and Evolution of Doodles - G_6e786d/h1_The story behind Doodles' is visible

07-06-2024T14:00:45 - [MESSAGE][PASSED] - Object 'Object Repository/Page_The Story and Evolution of Doodles - G_6e786d/h1_The story behind Doodles' is visible

07-06-2024T14:00:45 - [TEST_STEP][PASSED] - verifyElementVisible(findTestObject("Object Repository/Page_The Story and Evolution of Doodles - G_6e786d/p_The first Doodle was a simple out-of-offi_345e61")): Object 'Object Repository/Page_The Story and Evolution of Doodles - G_6e786d/p_The first Doodle was a simple out-of-offi_345e61' is visible

07-06-2024T14:00:45 - [MESSAGE][PASSED] - Object 'Object Repository/Page_The Story and Evolution of Doodles - G_6e786d/p_The first Doodle was a simple out-of-offi_345e61' is visible

07-06-2024T14:00:45 - [TEST_STEP][PASSED] - verifyElementVisible(findTestObject("Object Repository/Page_The Story and Evolution of Doodles - G_6e786d/h2_Weve created more than 5,000 Doodles ove_111429")): Object 'Object Repository/Page_The Story and Evolution of Doodles - G_6e786d/h2_Weve created more than 5,000 Doodles ove_111429' is visible

07-06-2024T14:00:45 - [MESSAGE][PASSED] - Object 'Object Repository/Page_The Story and Evolution of Doodles - G_6e786d/h2_Weve created more than 5,000 Doodles ove_111429' is visible

07-06-2024T14:00:45 - [TEST_STEP][PASSED] - click(findTestObject("Object Repository/Page_The Story and Evolution of Doodles - G_6e786d/p_The first Doodle was a simple out-of-offi_345e61")): Object: 'Object Repository/Page_The Story and Evolution of Doodles - G_6e786d/p_The first Doodle was a simple out-of-offi_345e61' is clicked on

07-06-2024T14:00:45 - [MESSAGE][PASSED] - Object: 'Object Repository/Page_The Story and Evolution of Doodles - G_6e786d/p_The first Doodle was a simple out-of-offi_345e61' is clicked on

07-06-2024T14:00:45 - [TEST_STEP][PASSED] - verifyElementVisible(findTestObject("Object Repository/Page_The Story and Evolution of Doodles - G_6e786d/h1_The story behind Doodles")): Object 'Object Repository/Page_The Story and Evolution of Doodles - G_6e786d/h1_The story behind Doodles' is visible

07-06-2024T14:00:45 - [MESSAGE][PASSED] - Object 'Object Repository/Page_The Story and Evolution of Doodles - G_6e786d/h1_The story behind Doodles' is visible

07-06-2024T14:00:45 - [TEST_STEP][PASSED] - verifyElementVisible(findTestObject("Object Repository/Page_The Story and Evolution of Doodles - G_6e786d/p_The first Doodle was a simple out-of-offi_345e61")): Object 'Object Repository/Page_The Story and Evolution of Doodles - G_6e786d/p_The first Doodle was a simple out-of-offi_345e61' is visible

07-06-2024T14:00:45 - [MESSAGE][PASSED] - Object 'Object Repository/Page_The Story and Evolution of Doodles - G_6e786d/p_The first Doodle was a simple out-of-offi_345e61' is visible

07-06-2024T14:00:45 - [TEST_STEP][PASSED] - verifyElementVisible(findTestObject("Object Repository/Page_The Story and Evolution of Doodles - G_6e786d/h2_Weve created more than 5,000 Doodles ove_111429")): Object 'Object Repository/Page_The Story and Evolution of Doodles - G_6e786d/h2_Weve created more than 5,000 Doodles ove_111429' is visible

07-06-2024T14:00:45 - [MESSAGE][PASSED] - Object 'Object Repository/Page_The Story and Evolution of Doodles - G_6e786d/h2_Weve created more than 5,000 Doodles ove_111429' is visible

07-06-2024T14:00:45 - [TEST_STEP][PASSED] - click(findTestObject("Object Repository/Page_The Story and Evolution of Doodles - G_6e786d/p_The first Doodle was a simple out-of-offi_345e61")): Object: 'Object Repository/Page_The Story and Evolution of Doodles - G_6e786d/p_The first Doodle was a simple out-of-offi_345e61' is clicked on

07-06-2024T14:00:46 - [MESSAGE][PASSED] - Object: 'Object Repository/Page_The Story and Evolution of Doodles - G_6e786d/p_The first Doodle was a simple out-of-offi_345e61' is clicked on

07-06-2024T14:00:46 - [TEST_STEP][PASSED] - verifyElementVisible(findTestObject("Object Repository/Page_The Story and Evolution of Doodles - G_6e786d/h1_The story behind Doodles")): Object 'Object Repository/Page_The Story and Evolution of Doodles - G_6e786d/h1_The story behind Doodles' is visible

07-06-2024T14:00:46 - [MESSAGE][PASSED] - Object 'Object Repository/Page_The Story and Evolution of Doodles - G_6e786d/h1_The story behind Doodles' is visible

07-06-2024T14:00:46 - [TEST_STEP][PASSED] - verifyElementVisible(findTestObject("Object Repository/Page_The Story and Evolution of Doodles - G_6e786d/p_The first Doodle was a simple out-of-offi_345e61")): Object 'Object Repository/Page_The Story and Evolution of Doodles - G_6e786d/p_The first Doodle was a simple out-of-offi_345e61' is visible

07-06-2024T14:00:46 - [MESSAGE][PASSED] - Object 'Object Repository/Page_The Story and Evolution of Doodles - G_6e786d/p_The first Doodle was a simple out-of-offi_345e61' is visible

07-06-2024T14:00:46 - [TEST_STEP][PASSED] - verifyElementVisible(findTestObject("Object Repository/Page_The Story and Evolution of Doodles - G_6e786d/h2_Weve created more than 5,000 Doodles ove_111429")): Object 'Object Repository/Page_The Story and Evolution of Doodles - G_6e786d/h2_Weve created more than 5,000 Doodles ove_111429' is visible

07-06-2024T14:00:46 - [MESSAGE][PASSED] - Object 'Object Repository/Page_The Story and Evolution of Doodles - G_6e786d/h2_Weve created more than 5,000 Doodles ove_111429' is visible

07-06-2024T14:00:46 - [TEST_STEP][PASSED] - click(findTestObject("Object Repository/Page_The Story and Evolution of Doodles - G_6e786d/p_The first Doodle was a simple out-of-offi_345e61")): Object: 'Object Repository/Page_The Story and Evolution of Doodles - G_6e786d/p_The first Doodle was a simple out-of-offi_345e61' is clicked on

07-06-2024T14:00:46 - [MESSAGE][PASSED] - Object: 'Object Repository/Page_The Story and Evolution of Doodles - G_6e786d/p_The first Doodle was a simple out-of-offi_345e61' is clicked on

07-06-2024T14:00:46 - [TEST_STEP][PASSED] - verifyElementVisible(findTestObject("Object Repository/Page_The Story and Evolution of Doodles - G_6e786d/h1_The story behind Doodles")): Object 'Object Repository/Page_The Story and Evolution of Doodles - G_6e786d/h1_The story behind Doodles' is visible

07-06-2024T14:00:46 - [MESSAGE][PASSED] - Object 'Object Repository/Page_The Story and Evolution of Doodles - G_6e786d/h1_The story behind Doodles' is visible

07-06-2024T14:00:46 - [TEST_STEP][PASSED] - verifyElementVisible(findTestObject("Object Repository/Page_The Story and Evolution of Doodles - G_6e786d/p_The first Doodle was a simple out-of-offi_345e61")): Object 'Object Repository/Page_The Story and Evolution of Doodles - G_6e786d/p_The first Doodle was a simple out-of-offi_345e61' is visible

07-06-2024T14:00:46 - [MESSAGE][PASSED] - Object 'Object Repository/Page_The Story and Evolution of Doodles - G_6e786d/p_The first Doodle was a simple out-of-offi_345e61' is visible

07-06-2024T14:00:46 - [TEST_STEP][PASSED] - verifyElementVisible(findTestObject("Object Repository/Page_The Story and Evolution of Doodles - G_6e786d/h2_Weve created more than 5,000 Doodles ove_111429")): Object 'Object Repository/Page_The Story and Evolution of Doodles - G_6e786d/h2_Weve created more than 5,000 Doodles ove_111429' is visible

07-06-2024T14:00:46 - [MESSAGE][PASSED] - Object 'Object Repository/Page_The Story and Evolution of Doodles - G_6e786d/h2_Weve created more than 5,000 Doodles ove_111429' is visible

07-06-2024T14:00:46 - [TEST_STEP][PASSED] - click(findTestObject("Object Repository/Page_The Story and Evolution of Doodles - G_6e786d/p_The first Doodle was a simple out-of-offi_345e61")): Object: 'Object Repository/Page_The Story and Evolution of Doodles - G_6e786d/p_The first Doodle was a simple out-of-offi_345e61' is clicked on

07-06-2024T14:00:46 - [MESSAGE][PASSED] - Object: 'Object Repository/Page_The Story and Evolution of Doodles - G_6e786d/p_The first Doodle was a simple out-of-offi_345e61' is clicked on

07-06-2024T14:00:46 - [TEST_STEP][PASSED] - verifyElementVisible(findTestObject("Object Repository/Page_The Story and Evolution of Doodles - G_6e786d/h1_The story behind Doodles")): Object 'Object Repository/Page_The Story and Evolution of Doodles - G_6e786d/h1_The story behind Doodles' is visible

07-06-2024T14:00:46 - [MESSAGE][PASSED] - Object 'Object Repository/Page_The Story and Evolution of Doodles - G_6e786d/h1_The story behind Doodles' is visible

07-06-2024T14:00:46 - [TEST_STEP][PASSED] - verifyElementVisible(findTestObject("Object Repository/Page_The Story and Evolution of Doodles - G_6e786d/p_The first Doodle was a simple out-of-offi_345e61")): Object 'Object Repository/Page_The Story and Evolution of Doodles - G_6e786d/p_The first Doodle was a simple out-of-offi_345e61' is visible

07-06-2024T14:00:46 - [MESSAGE][PASSED] - Object 'Object Repository/Page_The Story and Evolution of Doodles - G_6e786d/p_The first Doodle was a simple out-of-offi_345e61' is visible

07-06-2024T14:00:46 - [TEST_STEP][PASSED] - verifyElementVisible(findTestObject("Object Repository/Page_The Story and Evolution of Doodles - G_6e786d/h2_Weve created more than 5,000 Doodles ove_111429")): Object 'Object Repository/Page_The Story and Evolution of Doodles - G_6e786d/h2_Weve created more than 5,000 Doodles ove_111429' is visible

07-06-2024T14:00:46 - [MESSAGE][PASSED] - Object 'Object Repository/Page_The Story and Evolution of Doodles - G_6e786d/h2_Weve created more than 5,000 Doodles ove_111429' is visible

07-06-2024T14:00:46 - [TEST_STEP][PASSED] - click(findTestObject("Object Repository/Page_The Story and Evolution of Doodles - G_6e786d/p_The first Doodle was a simple out-of-offi_345e61")): Object: 'Object Repository/Page_The Story and Evolution of Doodles - G_6e786d/p_The first Doodle was a simple out-of-offi_345e61' is clicked on

07-06-2024T14:00:47 - [MESSAGE][PASSED] - Object: 'Object Repository/Page_The Story and Evolution of Doodles - G_6e786d/p_The first Doodle was a simple out-of-offi_345e61' is clicked on

07-06-2024T14:00:47 - [TEST_STEP][PASSED] - verifyElementVisible(findTestObject("Object Repository/Page_The Story and Evolution of Doodles - G_6e786d/h1_The story behind Doodles")): Object 'Object Repository/Page_The Story and Evolution of Doodles - G_6e786d/h1_The story behind Doodles' is visible

07-06-2024T14:00:47 - [MESSAGE][PASSED] - Object 'Object Repository/Page_The Story and Evolution of Doodles - G_6e786d/h1_The story behind Doodles' is visible

07-06-2024T14:00:47 - [TEST_STEP][PASSED] - verifyElementVisible(findTestObject("Object Repository/Page_The Story and Evolution of Doodles - G_6e786d/p_The first Doodle was a simple out-of-offi_345e61")): Object 'Object Repository/Page_The Story and Evolution of Doodles - G_6e786d/p_The first Doodle was a simple out-of-offi_345e61' is visible

07-06-2024T14:00:47 - [MESSAGE][PASSED] - Object 'Object Repository/Page_The Story and Evolution of Doodles - G_6e786d/p_The first Doodle was a simple out-of-offi_345e61' is visible

07-06-2024T14:00:47 - [TEST_STEP][PASSED] - verifyElementVisible(findTestObject("Object Repository/Page_The Story and Evolution of Doodles - G_6e786d/h2_Weve created more than 5,000 Doodles ove_111429")): Object 'Object Repository/Page_The Story and Evolution of Doodles - G_6e786d/h2_Weve created more than 5,000 Doodles ove_111429' is visible

07-06-2024T14:00:47 - [MESSAGE][PASSED] - Object 'Object Repository/Page_The Story and Evolution of Doodles - G_6e786d/h2_Weve created more than 5,000 Doodles ove_111429' is visible

07-06-2024T14:00:47 - [TEST_STEP][PASSED] - click(findTestObject("Object Repository/Page_The Story and Evolution of Doodles - G_6e786d/p_The first Doodle was a simple out-of-offi_345e61")): Object: 'Object Repository/Page_The Story and Evolution of Doodles - G_6e786d/p_The first Doodle was a simple out-of-offi_345e61' is clicked on

07-06-2024T14:00:47 - [MESSAGE][PASSED] - Object: 'Object Repository/Page_The Story and Evolution of Doodles - G_6e786d/p_The first Doodle was a simple out-of-offi_345e61' is clicked on

07-06-2024T14:00:47 - [TEST_STEP][PASSED] - verifyElementVisible(findTestObject("Object Repository/Page_The Story and Evolution of Doodles - G_6e786d/h1_The story behind Doodles")): Object 'Object Repository/Page_The Story and Evolution of Doodles - G_6e786d/h1_The story behind Doodles' is visible

07-06-2024T14:00:47 - [MESSAGE][PASSED] - Object 'Object Repository/Page_The Story and Evolution of Doodles - G_6e786d/h1_The story behind Doodles' is visible

07-06-2024T14:00:47 - [TEST_STEP][PASSED] - verifyElementVisible(findTestObject("Object Repository/Page_The Story and Evolution of Doodles - G_6e786d/p_The first Doodle was a simple out-of-offi_345e61")): Object 'Object Repository/Page_The Story and Evolution of Doodles - G_6e786d/p_The first Doodle was a simple out-of-offi_345e61' is visible

07-06-2024T14:00:47 - [MESSAGE][PASSED] - Object 'Object Repository/Page_The Story and Evolution of Doodles - G_6e786d/p_The first Doodle was a simple out-of-offi_345e61' is visible

07-06-2024T14:00:47 - [TEST_STEP][PASSED] - verifyElementVisible(findTestObject("Object Repository/Page_The Story and Evolution of Doodles - G_6e786d/h2_Weve created more than 5,000 Doodles ove_111429")): Object 'Object Repository/Page_The Story and Evolution of Doodles - G_6e786d/h2_Weve created more than 5,000 Doodles ove_111429' is visible

07-06-2024T14:00:47 - [MESSAGE][PASSED] - Object 'Object Repository/Page_The Story and Evolution of Doodles - G_6e786d/h2_Weve created more than 5,000 Doodles ove_111429' is visible

07-06-2024T14:00:47 - [TEST_STEP][PASSED] - click(findTestObject("Object Repository/Page_The Story and Evolution of Doodles - G_6e786d/p_The first Doodle was a simple out-of-offi_345e61")): Object: 'Object Repository/Page_The Story and Evolution of Doodles - G_6e786d/p_The first Doodle was a simple out-of-offi_345e61' is clicked on

07-06-2024T14:00:47 - [MESSAGE][PASSED] - Object: 'Object Repository/Page_The Story and Evolution of Doodles - G_6e786d/p_The first Doodle was a simple out-of-offi_345e61' is clicked on

07-06-2024T14:00:47 - [TEST_STEP][PASSED] - verifyElementVisible(findTestObject("Object Repository/Page_The Story and Evolution of Doodles - G_6e786d/h1_The story behind Doodles")): Object 'Object Repository/Page_The Story and Evolution of Doodles - G_6e786d/h1_The story behind Doodles' is visible

07-06-2024T14:00:47 - [MESSAGE][PASSED] - Object 'Object Repository/Page_The Story and Evolution of Doodles - G_6e786d/h1_The story behind Doodles' is visible

07-06-2024T14:00:47 - [TEST_STEP][PASSED] - verifyElementVisible(findTestObject("Object Repository/Page_The Story and Evolution of Doodles - G_6e786d/p_The first Doodle was a simple out-of-offi_345e61")): Object 'Object Repository/Page_The Story and Evolution of Doodles - G_6e786d/p_The first Doodle was a simple out-of-offi_345e61' is visible

07-06-2024T14:00:47 - [MESSAGE][PASSED] - Object 'Object Repository/Page_The Story and Evolution of Doodles - G_6e786d/p_The first Doodle was a simple out-of-offi_345e61' is visible

07-06-2024T14:00:47 - [TEST_STEP][PASSED] - verifyElementVisible(findTestObject("Object Repository/Page_The Story and Evolution of Doodles - G_6e786d/h2_Weve created more than 5,000 Doodles ove_111429")): Object 'Object Repository/Page_The Story and Evolution of Doodles - G_6e786d/h2_Weve created more than 5,000 Doodles ove_111429' is visible

07-06-2024T14:00:47 - [MESSAGE][PASSED] - Object 'Object Repository/Page_The Story and Evolution of Doodles - G_6e786d/h2_Weve created more than 5,000 Doodles ove_111429' is visible

07-06-2024T14:00:47 - [TEST_STEP][PASSED] - click(findTestObject("Object Repository/Page_The Story and Evolution of Doodles - G_6e786d/p_The first Doodle was a simple out-of-offi_345e61")): Object: 'Object Repository/Page_The Story and Evolution of Doodles - G_6e786d/p_The first Doodle was a simple out-of-offi_345e61' is clicked on

07-06-2024T14:00:48 - [MESSAGE][PASSED] - Object: 'Object Repository/Page_The Story and Evolution of Doodles - G_6e786d/p_The first Doodle was a simple out-of-offi_345e61' is clicked on

07-06-2024T14:00:48 - [TEST_STEP][PASSED] - verifyElementVisible(findTestObject("Object Repository/Page_The Story and Evolution of Doodles - G_6e786d/h1_The story behind Doodles")): Object 'Object Repository/Page_The Story and Evolution of Doodles - G_6e786d/h1_The story behind Doodles' is visible

07-06-2024T14:00:48 - [MESSAGE][PASSED] - Object 'Object Repository/Page_The Story and Evolution of Doodles - G_6e786d/h1_The story behind Doodles' is visible

07-06-2024T14:00:48 - [TEST_STEP][PASSED] - verifyElementVisible(findTestObject("Object Repository/Page_The Story and Evolution of Doodles - G_6e786d/p_The first Doodle was a simple out-of-offi_345e61")): Object 'Object Repository/Page_The Story and Evolution of Doodles - G_6e786d/p_The first Doodle was a simple out-of-offi_345e61' is visible

07-06-2024T14:00:48 - [MESSAGE][PASSED] - Object 'Object Repository/Page_The Story and Evolution of Doodles - G_6e786d/p_The first Doodle was a simple out-of-offi_345e61' is visible

07-06-2024T14:00:48 - [TEST_STEP][PASSED] - verifyElementVisible(findTestObject("Object Repository/Page_The Story and Evolution of Doodles - G_6e786d/h2_Weve created more than 5,000 Doodles ove_111429")): Object 'Object Repository/Page_The Story and Evolution of Doodles - G_6e786d/h2_Weve created more than 5,000 Doodles ove_111429' is visible

07-06-2024T14:00:48 - [MESSAGE][PASSED] - Object 'Object Repository/Page_The Story and Evolution of Doodles - G_6e786d/h2_Weve created more than 5,000 Doodles ove_111429' is visible]]></system-out>
         <system-err><![CDATA[]]></system-err>
      </testcase>
      <testcase name="Test Cases/test case folder 1/tc1 - Copy (6) - Copy (6)" time="8.316" classname="Test Cases/test case folder 1/tc1 - Copy (6) - Copy (6)" status="PASSED">
         <system-out><![CDATA[07-06-2024T14:00:48 - [TEST_CASE][PASSED] - Test Cases/test case folder 1/tc1 - Copy (6) - Copy (6): Test Cases/test case folder 1/tc1 - Copy (6) - Copy (6)

07-06-2024T14:00:48 - [TEST_STEP][PASSED] - openBrowser(""): Browser is opened with url: ''

07-06-2024T14:00:48 - [MESSAGE][WARNING] - A browser is already opened. Closing browser and opening a new one

07-06-2024T14:00:49 - [MESSAGE][INFO] - Starting 'Firefox (headless)' driver

07-06-2024T14:00:49 - [MESSAGE][INFO] - Action delay is set to 0 milliseconds

07-06-2024T14:00:51 - [MESSAGE][PASSED] - Browser is opened with url: ''

07-06-2024T14:00:51 - [TEST_STEP][PASSED] - navigateToUrl("https://doodles.google/about/"): Navigate to 'https://doodles.google/about/' successfully

07-06-2024T14:00:52 - [MESSAGE][PASSED] - Navigate to 'https://doodles.google/about/' successfully

07-06-2024T14:00:52 - [TEST_STEP][PASSED] - click(findTestObject("Object Repository/Page_The Story and Evolution of Doodles - G_6e786d/p_The first Doodle was a simple out-of-offi_345e61")): Object: 'Object Repository/Page_The Story and Evolution of Doodles - G_6e786d/p_The first Doodle was a simple out-of-offi_345e61' is clicked on

07-06-2024T14:00:53 - [MESSAGE][PASSED] - Object: 'Object Repository/Page_The Story and Evolution of Doodles - G_6e786d/p_The first Doodle was a simple out-of-offi_345e61' is clicked on

07-06-2024T14:00:53 - [TEST_STEP][PASSED] - click(findTestObject("Object Repository/Page_The Story and Evolution of Doodles - G_6e786d/p_The first Doodle was a simple out-of-offi_345e61")): Object: 'Object Repository/Page_The Story and Evolution of Doodles - G_6e786d/p_The first Doodle was a simple out-of-offi_345e61' is clicked on

07-06-2024T14:00:53 - [MESSAGE][PASSED] - Object: 'Object Repository/Page_The Story and Evolution of Doodles - G_6e786d/p_The first Doodle was a simple out-of-offi_345e61' is clicked on

07-06-2024T14:00:53 - [TEST_STEP][PASSED] - verifyElementVisible(findTestObject("Object Repository/Page_The Story and Evolution of Doodles - G_6e786d/h1_The story behind Doodles")): Object 'Object Repository/Page_The Story and Evolution of Doodles - G_6e786d/h1_The story behind Doodles' is visible

07-06-2024T14:00:53 - [MESSAGE][PASSED] - Object 'Object Repository/Page_The Story and Evolution of Doodles - G_6e786d/h1_The story behind Doodles' is visible

07-06-2024T14:00:53 - [TEST_STEP][PASSED] - verifyElementVisible(findTestObject("Object Repository/Page_The Story and Evolution of Doodles - G_6e786d/p_The first Doodle was a simple out-of-offi_345e61")): Object 'Object Repository/Page_The Story and Evolution of Doodles - G_6e786d/p_The first Doodle was a simple out-of-offi_345e61' is visible

07-06-2024T14:00:53 - [MESSAGE][PASSED] - Object 'Object Repository/Page_The Story and Evolution of Doodles - G_6e786d/p_The first Doodle was a simple out-of-offi_345e61' is visible

07-06-2024T14:00:53 - [TEST_STEP][PASSED] - verifyElementVisible(findTestObject("Object Repository/Page_The Story and Evolution of Doodles - G_6e786d/h2_Weve created more than 5,000 Doodles ove_111429")): Object 'Object Repository/Page_The Story and Evolution of Doodles - G_6e786d/h2_Weve created more than 5,000 Doodles ove_111429' is visible

07-06-2024T14:00:53 - [MESSAGE][PASSED] - Object 'Object Repository/Page_The Story and Evolution of Doodles - G_6e786d/h2_Weve created more than 5,000 Doodles ove_111429' is visible

07-06-2024T14:00:53 - [TEST_STEP][PASSED] - verifyElementVisible(findTestObject("Object Repository/Page_The Story and Evolution of Doodles - G_6e786d/h1_The story behind Doodles")): Object 'Object Repository/Page_The Story and Evolution of Doodles - G_6e786d/h1_The story behind Doodles' is visible

07-06-2024T14:00:53 - [MESSAGE][PASSED] - Object 'Object Repository/Page_The Story and Evolution of Doodles - G_6e786d/h1_The story behind Doodles' is visible

07-06-2024T14:00:53 - [TEST_STEP][PASSED] - verifyElementVisible(findTestObject("Object Repository/Page_The Story and Evolution of Doodles - G_6e786d/p_The first Doodle was a simple out-of-offi_345e61")): Object 'Object Repository/Page_The Story and Evolution of Doodles - G_6e786d/p_The first Doodle was a simple out-of-offi_345e61' is visible

07-06-2024T14:00:53 - [MESSAGE][PASSED] - Object 'Object Repository/Page_The Story and Evolution of Doodles - G_6e786d/p_The first Doodle was a simple out-of-offi_345e61' is visible

07-06-2024T14:00:53 - [TEST_STEP][PASSED] - verifyElementVisible(findTestObject("Object Repository/Page_The Story and Evolution of Doodles - G_6e786d/h2_Weve created more than 5,000 Doodles ove_111429")): Object 'Object Repository/Page_The Story and Evolution of Doodles - G_6e786d/h2_Weve created more than 5,000 Doodles ove_111429' is visible

07-06-2024T14:00:53 - [MESSAGE][PASSED] - Object 'Object Repository/Page_The Story and Evolution of Doodles - G_6e786d/h2_Weve created more than 5,000 Doodles ove_111429' is visible

07-06-2024T14:00:53 - [TEST_STEP][PASSED] - click(findTestObject("Object Repository/Page_The Story and Evolution of Doodles - G_6e786d/p_The first Doodle was a simple out-of-offi_345e61")): Object: 'Object Repository/Page_The Story and Evolution of Doodles - G_6e786d/p_The first Doodle was a simple out-of-offi_345e61' is clicked on

07-06-2024T14:00:53 - [MESSAGE][PASSED] - Object: 'Object Repository/Page_The Story and Evolution of Doodles - G_6e786d/p_The first Doodle was a simple out-of-offi_345e61' is clicked on

07-06-2024T14:00:53 - [TEST_STEP][PASSED] - verifyElementVisible(findTestObject("Object Repository/Page_The Story and Evolution of Doodles - G_6e786d/h1_The story behind Doodles")): Object 'Object Repository/Page_The Story and Evolution of Doodles - G_6e786d/h1_The story behind Doodles' is visible

07-06-2024T14:00:53 - [MESSAGE][PASSED] - Object 'Object Repository/Page_The Story and Evolution of Doodles - G_6e786d/h1_The story behind Doodles' is visible

07-06-2024T14:00:53 - [TEST_STEP][PASSED] - verifyElementVisible(findTestObject("Object Repository/Page_The Story and Evolution of Doodles - G_6e786d/p_The first Doodle was a simple out-of-offi_345e61")): Object 'Object Repository/Page_The Story and Evolution of Doodles - G_6e786d/p_The first Doodle was a simple out-of-offi_345e61' is visible

07-06-2024T14:00:53 - [MESSAGE][PASSED] - Object 'Object Repository/Page_The Story and Evolution of Doodles - G_6e786d/p_The first Doodle was a simple out-of-offi_345e61' is visible

07-06-2024T14:00:53 - [TEST_STEP][PASSED] - verifyElementVisible(findTestObject("Object Repository/Page_The Story and Evolution of Doodles - G_6e786d/h2_Weve created more than 5,000 Doodles ove_111429")): Object 'Object Repository/Page_The Story and Evolution of Doodles - G_6e786d/h2_Weve created more than 5,000 Doodles ove_111429' is visible

07-06-2024T14:00:53 - [MESSAGE][PASSED] - Object 'Object Repository/Page_The Story and Evolution of Doodles - G_6e786d/h2_Weve created more than 5,000 Doodles ove_111429' is visible

07-06-2024T14:00:53 - [TEST_STEP][PASSED] - click(findTestObject("Object Repository/Page_The Story and Evolution of Doodles - G_6e786d/p_The first Doodle was a simple out-of-offi_345e61")): Object: 'Object Repository/Page_The Story and Evolution of Doodles - G_6e786d/p_The first Doodle was a simple out-of-offi_345e61' is clicked on

07-06-2024T14:00:54 - [MESSAGE][PASSED] - Object: 'Object Repository/Page_The Story and Evolution of Doodles - G_6e786d/p_The first Doodle was a simple out-of-offi_345e61' is clicked on

07-06-2024T14:00:54 - [TEST_STEP][PASSED] - verifyElementVisible(findTestObject("Object Repository/Page_The Story and Evolution of Doodles - G_6e786d/h1_The story behind Doodles")): Object 'Object Repository/Page_The Story and Evolution of Doodles - G_6e786d/h1_The story behind Doodles' is visible

07-06-2024T14:00:54 - [MESSAGE][PASSED] - Object 'Object Repository/Page_The Story and Evolution of Doodles - G_6e786d/h1_The story behind Doodles' is visible

07-06-2024T14:00:54 - [TEST_STEP][PASSED] - verifyElementVisible(findTestObject("Object Repository/Page_The Story and Evolution of Doodles - G_6e786d/p_The first Doodle was a simple out-of-offi_345e61")): Object 'Object Repository/Page_The Story and Evolution of Doodles - G_6e786d/p_The first Doodle was a simple out-of-offi_345e61' is visible

07-06-2024T14:00:54 - [MESSAGE][PASSED] - Object 'Object Repository/Page_The Story and Evolution of Doodles - G_6e786d/p_The first Doodle was a simple out-of-offi_345e61' is visible

07-06-2024T14:00:54 - [TEST_STEP][PASSED] - verifyElementVisible(findTestObject("Object Repository/Page_The Story and Evolution of Doodles - G_6e786d/h2_Weve created more than 5,000 Doodles ove_111429")): Object 'Object Repository/Page_The Story and Evolution of Doodles - G_6e786d/h2_Weve created more than 5,000 Doodles ove_111429' is visible

07-06-2024T14:00:54 - [MESSAGE][PASSED] - Object 'Object Repository/Page_The Story and Evolution of Doodles - G_6e786d/h2_Weve created more than 5,000 Doodles ove_111429' is visible

07-06-2024T14:00:54 - [TEST_STEP][PASSED] - click(findTestObject("Object Repository/Page_The Story and Evolution of Doodles - G_6e786d/p_The first Doodle was a simple out-of-offi_345e61")): Object: 'Object Repository/Page_The Story and Evolution of Doodles - G_6e786d/p_The first Doodle was a simple out-of-offi_345e61' is clicked on

07-06-2024T14:00:54 - [MESSAGE][PASSED] - Object: 'Object Repository/Page_The Story and Evolution of Doodles - G_6e786d/p_The first Doodle was a simple out-of-offi_345e61' is clicked on

07-06-2024T14:00:54 - [TEST_STEP][PASSED] - verifyElementVisible(findTestObject("Object Repository/Page_The Story and Evolution of Doodles - G_6e786d/h1_The story behind Doodles")): Object 'Object Repository/Page_The Story and Evolution of Doodles - G_6e786d/h1_The story behind Doodles' is visible

07-06-2024T14:00:54 - [MESSAGE][PASSED] - Object 'Object Repository/Page_The Story and Evolution of Doodles - G_6e786d/h1_The story behind Doodles' is visible

07-06-2024T14:00:54 - [TEST_STEP][PASSED] - verifyElementVisible(findTestObject("Object Repository/Page_The Story and Evolution of Doodles - G_6e786d/p_The first Doodle was a simple out-of-offi_345e61")): Object 'Object Repository/Page_The Story and Evolution of Doodles - G_6e786d/p_The first Doodle was a simple out-of-offi_345e61' is visible

07-06-2024T14:00:54 - [MESSAGE][PASSED] - Object 'Object Repository/Page_The Story and Evolution of Doodles - G_6e786d/p_The first Doodle was a simple out-of-offi_345e61' is visible

07-06-2024T14:00:54 - [TEST_STEP][PASSED] - verifyElementVisible(findTestObject("Object Repository/Page_The Story and Evolution of Doodles - G_6e786d/h2_Weve created more than 5,000 Doodles ove_111429")): Object 'Object Repository/Page_The Story and Evolution of Doodles - G_6e786d/h2_Weve created more than 5,000 Doodles ove_111429' is visible

07-06-2024T14:00:54 - [MESSAGE][PASSED] - Object 'Object Repository/Page_The Story and Evolution of Doodles - G_6e786d/h2_Weve created more than 5,000 Doodles ove_111429' is visible

07-06-2024T14:00:54 - [TEST_STEP][PASSED] - click(findTestObject("Object Repository/Page_The Story and Evolution of Doodles - G_6e786d/p_The first Doodle was a simple out-of-offi_345e61")): Object: 'Object Repository/Page_The Story and Evolution of Doodles - G_6e786d/p_The first Doodle was a simple out-of-offi_345e61' is clicked on

07-06-2024T14:00:54 - [MESSAGE][PASSED] - Object: 'Object Repository/Page_The Story and Evolution of Doodles - G_6e786d/p_The first Doodle was a simple out-of-offi_345e61' is clicked on

07-06-2024T14:00:54 - [TEST_STEP][PASSED] - verifyElementVisible(findTestObject("Object Repository/Page_The Story and Evolution of Doodles - G_6e786d/h1_The story behind Doodles")): Object 'Object Repository/Page_The Story and Evolution of Doodles - G_6e786d/h1_The story behind Doodles' is visible

07-06-2024T14:00:54 - [MESSAGE][PASSED] - Object 'Object Repository/Page_The Story and Evolution of Doodles - G_6e786d/h1_The story behind Doodles' is visible

07-06-2024T14:00:54 - [TEST_STEP][PASSED] - verifyElementVisible(findTestObject("Object Repository/Page_The Story and Evolution of Doodles - G_6e786d/p_The first Doodle was a simple out-of-offi_345e61")): Object 'Object Repository/Page_The Story and Evolution of Doodles - G_6e786d/p_The first Doodle was a simple out-of-offi_345e61' is visible

07-06-2024T14:00:54 - [MESSAGE][PASSED] - Object 'Object Repository/Page_The Story and Evolution of Doodles - G_6e786d/p_The first Doodle was a simple out-of-offi_345e61' is visible

07-06-2024T14:00:54 - [TEST_STEP][PASSED] - verifyElementVisible(findTestObject("Object Repository/Page_The Story and Evolution of Doodles - G_6e786d/h2_Weve created more than 5,000 Doodles ove_111429")): Object 'Object Repository/Page_The Story and Evolution of Doodles - G_6e786d/h2_Weve created more than 5,000 Doodles ove_111429' is visible

07-06-2024T14:00:54 - [MESSAGE][PASSED] - Object 'Object Repository/Page_The Story and Evolution of Doodles - G_6e786d/h2_Weve created more than 5,000 Doodles ove_111429' is visible

07-06-2024T14:00:54 - [TEST_STEP][PASSED] - click(findTestObject("Object Repository/Page_The Story and Evolution of Doodles - G_6e786d/p_The first Doodle was a simple out-of-offi_345e61")): Object: 'Object Repository/Page_The Story and Evolution of Doodles - G_6e786d/p_The first Doodle was a simple out-of-offi_345e61' is clicked on

07-06-2024T14:00:55 - [MESSAGE][PASSED] - Object: 'Object Repository/Page_The Story and Evolution of Doodles - G_6e786d/p_The first Doodle was a simple out-of-offi_345e61' is clicked on

07-06-2024T14:00:55 - [TEST_STEP][PASSED] - verifyElementVisible(findTestObject("Object Repository/Page_The Story and Evolution of Doodles - G_6e786d/h1_The story behind Doodles")): Object 'Object Repository/Page_The Story and Evolution of Doodles - G_6e786d/h1_The story behind Doodles' is visible

07-06-2024T14:00:55 - [MESSAGE][PASSED] - Object 'Object Repository/Page_The Story and Evolution of Doodles - G_6e786d/h1_The story behind Doodles' is visible

07-06-2024T14:00:55 - [TEST_STEP][PASSED] - verifyElementVisible(findTestObject("Object Repository/Page_The Story and Evolution of Doodles - G_6e786d/p_The first Doodle was a simple out-of-offi_345e61")): Object 'Object Repository/Page_The Story and Evolution of Doodles - G_6e786d/p_The first Doodle was a simple out-of-offi_345e61' is visible

07-06-2024T14:00:55 - [MESSAGE][PASSED] - Object 'Object Repository/Page_The Story and Evolution of Doodles - G_6e786d/p_The first Doodle was a simple out-of-offi_345e61' is visible

07-06-2024T14:00:55 - [TEST_STEP][PASSED] - verifyElementVisible(findTestObject("Object Repository/Page_The Story and Evolution of Doodles - G_6e786d/h2_Weve created more than 5,000 Doodles ove_111429")): Object 'Object Repository/Page_The Story and Evolution of Doodles - G_6e786d/h2_Weve created more than 5,000 Doodles ove_111429' is visible

07-06-2024T14:00:55 - [MESSAGE][PASSED] - Object 'Object Repository/Page_The Story and Evolution of Doodles - G_6e786d/h2_Weve created more than 5,000 Doodles ove_111429' is visible

07-06-2024T14:00:55 - [TEST_STEP][PASSED] - click(findTestObject("Object Repository/Page_The Story and Evolution of Doodles - G_6e786d/p_The first Doodle was a simple out-of-offi_345e61")): Object: 'Object Repository/Page_The Story and Evolution of Doodles - G_6e786d/p_The first Doodle was a simple out-of-offi_345e61' is clicked on

07-06-2024T14:00:55 - [MESSAGE][PASSED] - Object: 'Object Repository/Page_The Story and Evolution of Doodles - G_6e786d/p_The first Doodle was a simple out-of-offi_345e61' is clicked on

07-06-2024T14:00:55 - [TEST_STEP][PASSED] - verifyElementVisible(findTestObject("Object Repository/Page_The Story and Evolution of Doodles - G_6e786d/h1_The story behind Doodles")): Object 'Object Repository/Page_The Story and Evolution of Doodles - G_6e786d/h1_The story behind Doodles' is visible

07-06-2024T14:00:55 - [MESSAGE][PASSED] - Object 'Object Repository/Page_The Story and Evolution of Doodles - G_6e786d/h1_The story behind Doodles' is visible

07-06-2024T14:00:55 - [TEST_STEP][PASSED] - verifyElementVisible(findTestObject("Object Repository/Page_The Story and Evolution of Doodles - G_6e786d/p_The first Doodle was a simple out-of-offi_345e61")): Object 'Object Repository/Page_The Story and Evolution of Doodles - G_6e786d/p_The first Doodle was a simple out-of-offi_345e61' is visible

07-06-2024T14:00:55 - [MESSAGE][PASSED] - Object 'Object Repository/Page_The Story and Evolution of Doodles - G_6e786d/p_The first Doodle was a simple out-of-offi_345e61' is visible

07-06-2024T14:00:55 - [TEST_STEP][PASSED] - verifyElementVisible(findTestObject("Object Repository/Page_The Story and Evolution of Doodles - G_6e786d/h2_Weve created more than 5,000 Doodles ove_111429")): Object 'Object Repository/Page_The Story and Evolution of Doodles - G_6e786d/h2_Weve created more than 5,000 Doodles ove_111429' is visible

07-06-2024T14:00:55 - [MESSAGE][PASSED] - Object 'Object Repository/Page_The Story and Evolution of Doodles - G_6e786d/h2_Weve created more than 5,000 Doodles ove_111429' is visible

07-06-2024T14:00:55 - [TEST_STEP][PASSED] - click(findTestObject("Object Repository/Page_The Story and Evolution of Doodles - G_6e786d/p_The first Doodle was a simple out-of-offi_345e61")): Object: 'Object Repository/Page_The Story and Evolution of Doodles - G_6e786d/p_The first Doodle was a simple out-of-offi_345e61' is clicked on

07-06-2024T14:00:55 - [MESSAGE][PASSED] - Object: 'Object Repository/Page_The Story and Evolution of Doodles - G_6e786d/p_The first Doodle was a simple out-of-offi_345e61' is clicked on

07-06-2024T14:00:55 - [TEST_STEP][PASSED] - verifyElementVisible(findTestObject("Object Repository/Page_The Story and Evolution of Doodles - G_6e786d/h1_The story behind Doodles")): Object 'Object Repository/Page_The Story and Evolution of Doodles - G_6e786d/h1_The story behind Doodles' is visible

07-06-2024T14:00:55 - [MESSAGE][PASSED] - Object 'Object Repository/Page_The Story and Evolution of Doodles - G_6e786d/h1_The story behind Doodles' is visible

07-06-2024T14:00:55 - [TEST_STEP][PASSED] - verifyElementVisible(findTestObject("Object Repository/Page_The Story and Evolution of Doodles - G_6e786d/p_The first Doodle was a simple out-of-offi_345e61")): Object 'Object Repository/Page_The Story and Evolution of Doodles - G_6e786d/p_The first Doodle was a simple out-of-offi_345e61' is visible

07-06-2024T14:00:55 - [MESSAGE][PASSED] - Object 'Object Repository/Page_The Story and Evolution of Doodles - G_6e786d/p_The first Doodle was a simple out-of-offi_345e61' is visible

07-06-2024T14:00:55 - [TEST_STEP][PASSED] - verifyElementVisible(findTestObject("Object Repository/Page_The Story and Evolution of Doodles - G_6e786d/h2_Weve created more than 5,000 Doodles ove_111429")): Object 'Object Repository/Page_The Story and Evolution of Doodles - G_6e786d/h2_Weve created more than 5,000 Doodles ove_111429' is visible

07-06-2024T14:00:55 - [MESSAGE][PASSED] - Object 'Object Repository/Page_The Story and Evolution of Doodles - G_6e786d/h2_Weve created more than 5,000 Doodles ove_111429' is visible

07-06-2024T14:00:55 - [TEST_STEP][PASSED] - click(findTestObject("Object Repository/Page_The Story and Evolution of Doodles - G_6e786d/p_The first Doodle was a simple out-of-offi_345e61")): Object: 'Object Repository/Page_The Story and Evolution of Doodles - G_6e786d/p_The first Doodle was a simple out-of-offi_345e61' is clicked on

07-06-2024T14:00:56 - [MESSAGE][PASSED] - Object: 'Object Repository/Page_The Story and Evolution of Doodles - G_6e786d/p_The first Doodle was a simple out-of-offi_345e61' is clicked on

07-06-2024T14:00:56 - [TEST_STEP][PASSED] - verifyElementVisible(findTestObject("Object Repository/Page_The Story and Evolution of Doodles - G_6e786d/h1_The story behind Doodles")): Object 'Object Repository/Page_The Story and Evolution of Doodles - G_6e786d/h1_The story behind Doodles' is visible

07-06-2024T14:00:56 - [MESSAGE][PASSED] - Object 'Object Repository/Page_The Story and Evolution of Doodles - G_6e786d/h1_The story behind Doodles' is visible

07-06-2024T14:00:56 - [TEST_STEP][PASSED] - verifyElementVisible(findTestObject("Object Repository/Page_The Story and Evolution of Doodles - G_6e786d/p_The first Doodle was a simple out-of-offi_345e61")): Object 'Object Repository/Page_The Story and Evolution of Doodles - G_6e786d/p_The first Doodle was a simple out-of-offi_345e61' is visible

07-06-2024T14:00:56 - [MESSAGE][PASSED] - Object 'Object Repository/Page_The Story and Evolution of Doodles - G_6e786d/p_The first Doodle was a simple out-of-offi_345e61' is visible

07-06-2024T14:00:56 - [TEST_STEP][PASSED] - verifyElementVisible(findTestObject("Object Repository/Page_The Story and Evolution of Doodles - G_6e786d/h2_Weve created more than 5,000 Doodles ove_111429")): Object 'Object Repository/Page_The Story and Evolution of Doodles - G_6e786d/h2_Weve created more than 5,000 Doodles ove_111429' is visible

07-06-2024T14:00:56 - [MESSAGE][PASSED] - Object 'Object Repository/Page_The Story and Evolution of Doodles - G_6e786d/h2_Weve created more than 5,000 Doodles ove_111429' is visible

07-06-2024T14:00:56 - [TEST_STEP][PASSED] - click(findTestObject("Object Repository/Page_The Story and Evolution of Doodles - G_6e786d/p_The first Doodle was a simple out-of-offi_345e61")): Object: 'Object Repository/Page_The Story and Evolution of Doodles - G_6e786d/p_The first Doodle was a simple out-of-offi_345e61' is clicked on

07-06-2024T14:00:56 - [MESSAGE][PASSED] - Object: 'Object Repository/Page_The Story and Evolution of Doodles - G_6e786d/p_The first Doodle was a simple out-of-offi_345e61' is clicked on

07-06-2024T14:00:56 - [TEST_STEP][PASSED] - verifyElementVisible(findTestObject("Object Repository/Page_The Story and Evolution of Doodles - G_6e786d/h1_The story behind Doodles")): Object 'Object Repository/Page_The Story and Evolution of Doodles - G_6e786d/h1_The story behind Doodles' is visible

07-06-2024T14:00:56 - [MESSAGE][PASSED] - Object 'Object Repository/Page_The Story and Evolution of Doodles - G_6e786d/h1_The story behind Doodles' is visible

07-06-2024T14:00:56 - [TEST_STEP][PASSED] - verifyElementVisible(findTestObject("Object Repository/Page_The Story and Evolution of Doodles - G_6e786d/p_The first Doodle was a simple out-of-offi_345e61")): Object 'Object Repository/Page_The Story and Evolution of Doodles - G_6e786d/p_The first Doodle was a simple out-of-offi_345e61' is visible

07-06-2024T14:00:56 - [MESSAGE][PASSED] - Object 'Object Repository/Page_The Story and Evolution of Doodles - G_6e786d/p_The first Doodle was a simple out-of-offi_345e61' is visible

07-06-2024T14:00:56 - [TEST_STEP][PASSED] - verifyElementVisible(findTestObject("Object Repository/Page_The Story and Evolution of Doodles - G_6e786d/h2_Weve created more than 5,000 Doodles ove_111429")): Object 'Object Repository/Page_The Story and Evolution of Doodles - G_6e786d/h2_Weve created more than 5,000 Doodles ove_111429' is visible

07-06-2024T14:00:56 - [MESSAGE][PASSED] - Object 'Object Repository/Page_The Story and Evolution of Doodles - G_6e786d/h2_Weve created more than 5,000 Doodles ove_111429' is visible]]></system-out>
         <system-err><![CDATA[]]></system-err>
      </testcase>
      <testcase name="Test Cases/test case folder 1/tc1 - Copy (6) - Copy" time="8.433" classname="Test Cases/test case folder 1/tc1 - Copy (6) - Copy" status="PASSED">
         <system-out><![CDATA[07-06-2024T14:00:56 - [TEST_CASE][PASSED] - Test Cases/test case folder 1/tc1 - Copy (6) - Copy: Test Cases/test case folder 1/tc1 - Copy (6) - Copy

07-06-2024T14:00:56 - [TEST_STEP][PASSED] - openBrowser(""): Browser is opened with url: ''

07-06-2024T14:00:56 - [MESSAGE][WARNING] - A browser is already opened. Closing browser and opening a new one

07-06-2024T14:00:57 - [MESSAGE][INFO] - Starting 'Firefox (headless)' driver

07-06-2024T14:00:57 - [MESSAGE][INFO] - Action delay is set to 0 milliseconds

07-06-2024T14:00:59 - [MESSAGE][PASSED] - Browser is opened with url: ''

07-06-2024T14:00:59 - [TEST_STEP][PASSED] - navigateToUrl("https://doodles.google/about/"): Navigate to 'https://doodles.google/about/' successfully

07-06-2024T14:01:01 - [MESSAGE][PASSED] - Navigate to 'https://doodles.google/about/' successfully

07-06-2024T14:01:01 - [TEST_STEP][PASSED] - click(findTestObject("Object Repository/Page_The Story and Evolution of Doodles - G_6e786d/p_The first Doodle was a simple out-of-offi_345e61")): Object: 'Object Repository/Page_The Story and Evolution of Doodles - G_6e786d/p_The first Doodle was a simple out-of-offi_345e61' is clicked on

07-06-2024T14:01:01 - [MESSAGE][PASSED] - Object: 'Object Repository/Page_The Story and Evolution of Doodles - G_6e786d/p_The first Doodle was a simple out-of-offi_345e61' is clicked on

07-06-2024T14:01:01 - [TEST_STEP][PASSED] - click(findTestObject("Object Repository/Page_The Story and Evolution of Doodles - G_6e786d/p_The first Doodle was a simple out-of-offi_345e61")): Object: 'Object Repository/Page_The Story and Evolution of Doodles - G_6e786d/p_The first Doodle was a simple out-of-offi_345e61' is clicked on

07-06-2024T14:01:01 - [MESSAGE][PASSED] - Object: 'Object Repository/Page_The Story and Evolution of Doodles - G_6e786d/p_The first Doodle was a simple out-of-offi_345e61' is clicked on

07-06-2024T14:01:01 - [TEST_STEP][PASSED] - verifyElementVisible(findTestObject("Object Repository/Page_The Story and Evolution of Doodles - G_6e786d/h1_The story behind Doodles")): Object 'Object Repository/Page_The Story and Evolution of Doodles - G_6e786d/h1_The story behind Doodles' is visible

07-06-2024T14:01:01 - [MESSAGE][PASSED] - Object 'Object Repository/Page_The Story and Evolution of Doodles - G_6e786d/h1_The story behind Doodles' is visible

07-06-2024T14:01:01 - [TEST_STEP][PASSED] - verifyElementVisible(findTestObject("Object Repository/Page_The Story and Evolution of Doodles - G_6e786d/p_The first Doodle was a simple out-of-offi_345e61")): Object 'Object Repository/Page_The Story and Evolution of Doodles - G_6e786d/p_The first Doodle was a simple out-of-offi_345e61' is visible

07-06-2024T14:01:01 - [MESSAGE][PASSED] - Object 'Object Repository/Page_The Story and Evolution of Doodles - G_6e786d/p_The first Doodle was a simple out-of-offi_345e61' is visible

07-06-2024T14:01:01 - [TEST_STEP][PASSED] - verifyElementVisible(findTestObject("Object Repository/Page_The Story and Evolution of Doodles - G_6e786d/h2_Weve created more than 5,000 Doodles ove_111429")): Object 'Object Repository/Page_The Story and Evolution of Doodles - G_6e786d/h2_Weve created more than 5,000 Doodles ove_111429' is visible

07-06-2024T14:01:01 - [MESSAGE][PASSED] - Object 'Object Repository/Page_The Story and Evolution of Doodles - G_6e786d/h2_Weve created more than 5,000 Doodles ove_111429' is visible

07-06-2024T14:01:01 - [TEST_STEP][PASSED] - verifyElementVisible(findTestObject("Object Repository/Page_The Story and Evolution of Doodles - G_6e786d/h1_The story behind Doodles")): Object 'Object Repository/Page_The Story and Evolution of Doodles - G_6e786d/h1_The story behind Doodles' is visible

07-06-2024T14:01:01 - [MESSAGE][PASSED] - Object 'Object Repository/Page_The Story and Evolution of Doodles - G_6e786d/h1_The story behind Doodles' is visible

07-06-2024T14:01:01 - [TEST_STEP][PASSED] - verifyElementVisible(findTestObject("Object Repository/Page_The Story and Evolution of Doodles - G_6e786d/p_The first Doodle was a simple out-of-offi_345e61")): Object 'Object Repository/Page_The Story and Evolution of Doodles - G_6e786d/p_The first Doodle was a simple out-of-offi_345e61' is visible

07-06-2024T14:01:01 - [MESSAGE][PASSED] - Object 'Object Repository/Page_The Story and Evolution of Doodles - G_6e786d/p_The first Doodle was a simple out-of-offi_345e61' is visible

07-06-2024T14:01:01 - [TEST_STEP][PASSED] - verifyElementVisible(findTestObject("Object Repository/Page_The Story and Evolution of Doodles - G_6e786d/h2_Weve created more than 5,000 Doodles ove_111429")): Object 'Object Repository/Page_The Story and Evolution of Doodles - G_6e786d/h2_Weve created more than 5,000 Doodles ove_111429' is visible

07-06-2024T14:01:01 - [MESSAGE][PASSED] - Object 'Object Repository/Page_The Story and Evolution of Doodles - G_6e786d/h2_Weve created more than 5,000 Doodles ove_111429' is visible

07-06-2024T14:01:01 - [TEST_STEP][PASSED] - click(findTestObject("Object Repository/Page_The Story and Evolution of Doodles - G_6e786d/p_The first Doodle was a simple out-of-offi_345e61")): Object: 'Object Repository/Page_The Story and Evolution of Doodles - G_6e786d/p_The first Doodle was a simple out-of-offi_345e61' is clicked on

07-06-2024T14:01:02 - [MESSAGE][PASSED] - Object: 'Object Repository/Page_The Story and Evolution of Doodles - G_6e786d/p_The first Doodle was a simple out-of-offi_345e61' is clicked on

07-06-2024T14:01:02 - [TEST_STEP][PASSED] - verifyElementVisible(findTestObject("Object Repository/Page_The Story and Evolution of Doodles - G_6e786d/h1_The story behind Doodles")): Object 'Object Repository/Page_The Story and Evolution of Doodles - G_6e786d/h1_The story behind Doodles' is visible

07-06-2024T14:01:02 - [MESSAGE][PASSED] - Object 'Object Repository/Page_The Story and Evolution of Doodles - G_6e786d/h1_The story behind Doodles' is visible

07-06-2024T14:01:02 - [TEST_STEP][PASSED] - verifyElementVisible(findTestObject("Object Repository/Page_The Story and Evolution of Doodles - G_6e786d/p_The first Doodle was a simple out-of-offi_345e61")): Object 'Object Repository/Page_The Story and Evolution of Doodles - G_6e786d/p_The first Doodle was a simple out-of-offi_345e61' is visible

07-06-2024T14:01:02 - [MESSAGE][PASSED] - Object 'Object Repository/Page_The Story and Evolution of Doodles - G_6e786d/p_The first Doodle was a simple out-of-offi_345e61' is visible

07-06-2024T14:01:02 - [TEST_STEP][PASSED] - verifyElementVisible(findTestObject("Object Repository/Page_The Story and Evolution of Doodles - G_6e786d/h2_Weve created more than 5,000 Doodles ove_111429")): Object 'Object Repository/Page_The Story and Evolution of Doodles - G_6e786d/h2_Weve created more than 5,000 Doodles ove_111429' is visible

07-06-2024T14:01:02 - [MESSAGE][PASSED] - Object 'Object Repository/Page_The Story and Evolution of Doodles - G_6e786d/h2_Weve created more than 5,000 Doodles ove_111429' is visible

07-06-2024T14:01:02 - [TEST_STEP][PASSED] - click(findTestObject("Object Repository/Page_The Story and Evolution of Doodles - G_6e786d/p_The first Doodle was a simple out-of-offi_345e61")): Object: 'Object Repository/Page_The Story and Evolution of Doodles - G_6e786d/p_The first Doodle was a simple out-of-offi_345e61' is clicked on

07-06-2024T14:01:02 - [MESSAGE][PASSED] - Object: 'Object Repository/Page_The Story and Evolution of Doodles - G_6e786d/p_The first Doodle was a simple out-of-offi_345e61' is clicked on

07-06-2024T14:01:02 - [TEST_STEP][PASSED] - verifyElementVisible(findTestObject("Object Repository/Page_The Story and Evolution of Doodles - G_6e786d/h1_The story behind Doodles")): Object 'Object Repository/Page_The Story and Evolution of Doodles - G_6e786d/h1_The story behind Doodles' is visible

07-06-2024T14:01:02 - [MESSAGE][PASSED] - Object 'Object Repository/Page_The Story and Evolution of Doodles - G_6e786d/h1_The story behind Doodles' is visible

07-06-2024T14:01:02 - [TEST_STEP][PASSED] - verifyElementVisible(findTestObject("Object Repository/Page_The Story and Evolution of Doodles - G_6e786d/p_The first Doodle was a simple out-of-offi_345e61")): Object 'Object Repository/Page_The Story and Evolution of Doodles - G_6e786d/p_The first Doodle was a simple out-of-offi_345e61' is visible

07-06-2024T14:01:02 - [MESSAGE][PASSED] - Object 'Object Repository/Page_The Story and Evolution of Doodles - G_6e786d/p_The first Doodle was a simple out-of-offi_345e61' is visible

07-06-2024T14:01:02 - [TEST_STEP][PASSED] - verifyElementVisible(findTestObject("Object Repository/Page_The Story and Evolution of Doodles - G_6e786d/h2_Weve created more than 5,000 Doodles ove_111429")): Object 'Object Repository/Page_The Story and Evolution of Doodles - G_6e786d/h2_Weve created more than 5,000 Doodles ove_111429' is visible

07-06-2024T14:01:02 - [MESSAGE][PASSED] - Object 'Object Repository/Page_The Story and Evolution of Doodles - G_6e786d/h2_Weve created more than 5,000 Doodles ove_111429' is visible

07-06-2024T14:01:02 - [TEST_STEP][PASSED] - click(findTestObject("Object Repository/Page_The Story and Evolution of Doodles - G_6e786d/p_The first Doodle was a simple out-of-offi_345e61")): Object: 'Object Repository/Page_The Story and Evolution of Doodles - G_6e786d/p_The first Doodle was a simple out-of-offi_345e61' is clicked on

07-06-2024T14:01:02 - [MESSAGE][PASSED] - Object: 'Object Repository/Page_The Story and Evolution of Doodles - G_6e786d/p_The first Doodle was a simple out-of-offi_345e61' is clicked on

07-06-2024T14:01:02 - [TEST_STEP][PASSED] - verifyElementVisible(findTestObject("Object Repository/Page_The Story and Evolution of Doodles - G_6e786d/h1_The story behind Doodles")): Object 'Object Repository/Page_The Story and Evolution of Doodles - G_6e786d/h1_The story behind Doodles' is visible

07-06-2024T14:01:02 - [MESSAGE][PASSED] - Object 'Object Repository/Page_The Story and Evolution of Doodles - G_6e786d/h1_The story behind Doodles' is visible

07-06-2024T14:01:02 - [TEST_STEP][PASSED] - verifyElementVisible(findTestObject("Object Repository/Page_The Story and Evolution of Doodles - G_6e786d/p_The first Doodle was a simple out-of-offi_345e61")): Object 'Object Repository/Page_The Story and Evolution of Doodles - G_6e786d/p_The first Doodle was a simple out-of-offi_345e61' is visible

07-06-2024T14:01:02 - [MESSAGE][PASSED] - Object 'Object Repository/Page_The Story and Evolution of Doodles - G_6e786d/p_The first Doodle was a simple out-of-offi_345e61' is visible

07-06-2024T14:01:02 - [TEST_STEP][PASSED] - verifyElementVisible(findTestObject("Object Repository/Page_The Story and Evolution of Doodles - G_6e786d/h2_Weve created more than 5,000 Doodles ove_111429")): Object 'Object Repository/Page_The Story and Evolution of Doodles - G_6e786d/h2_Weve created more than 5,000 Doodles ove_111429' is visible

07-06-2024T14:01:02 - [MESSAGE][PASSED] - Object 'Object Repository/Page_The Story and Evolution of Doodles - G_6e786d/h2_Weve created more than 5,000 Doodles ove_111429' is visible

07-06-2024T14:01:02 - [TEST_STEP][PASSED] - click(findTestObject("Object Repository/Page_The Story and Evolution of Doodles - G_6e786d/p_The first Doodle was a simple out-of-offi_345e61")): Object: 'Object Repository/Page_The Story and Evolution of Doodles - G_6e786d/p_The first Doodle was a simple out-of-offi_345e61' is clicked on

07-06-2024T14:01:03 - [MESSAGE][PASSED] - Object: 'Object Repository/Page_The Story and Evolution of Doodles - G_6e786d/p_The first Doodle was a simple out-of-offi_345e61' is clicked on

07-06-2024T14:01:03 - [TEST_STEP][PASSED] - verifyElementVisible(findTestObject("Object Repository/Page_The Story and Evolution of Doodles - G_6e786d/h1_The story behind Doodles")): Object 'Object Repository/Page_The Story and Evolution of Doodles - G_6e786d/h1_The story behind Doodles' is visible

07-06-2024T14:01:03 - [MESSAGE][PASSED] - Object 'Object Repository/Page_The Story and Evolution of Doodles - G_6e786d/h1_The story behind Doodles' is visible

07-06-2024T14:01:03 - [TEST_STEP][PASSED] - verifyElementVisible(findTestObject("Object Repository/Page_The Story and Evolution of Doodles - G_6e786d/p_The first Doodle was a simple out-of-offi_345e61")): Object 'Object Repository/Page_The Story and Evolution of Doodles - G_6e786d/p_The first Doodle was a simple out-of-offi_345e61' is visible

07-06-2024T14:01:03 - [MESSAGE][PASSED] - Object 'Object Repository/Page_The Story and Evolution of Doodles - G_6e786d/p_The first Doodle was a simple out-of-offi_345e61' is visible

07-06-2024T14:01:03 - [TEST_STEP][PASSED] - verifyElementVisible(findTestObject("Object Repository/Page_The Story and Evolution of Doodles - G_6e786d/h2_Weve created more than 5,000 Doodles ove_111429")): Object 'Object Repository/Page_The Story and Evolution of Doodles - G_6e786d/h2_Weve created more than 5,000 Doodles ove_111429' is visible

07-06-2024T14:01:03 - [MESSAGE][PASSED] - Object 'Object Repository/Page_The Story and Evolution of Doodles - G_6e786d/h2_Weve created more than 5,000 Doodles ove_111429' is visible

07-06-2024T14:01:03 - [TEST_STEP][PASSED] - click(findTestObject("Object Repository/Page_The Story and Evolution of Doodles - G_6e786d/p_The first Doodle was a simple out-of-offi_345e61")): Object: 'Object Repository/Page_The Story and Evolution of Doodles - G_6e786d/p_The first Doodle was a simple out-of-offi_345e61' is clicked on

07-06-2024T14:01:03 - [MESSAGE][PASSED] - Object: 'Object Repository/Page_The Story and Evolution of Doodles - G_6e786d/p_The first Doodle was a simple out-of-offi_345e61' is clicked on

07-06-2024T14:01:03 - [TEST_STEP][PASSED] - verifyElementVisible(findTestObject("Object Repository/Page_The Story and Evolution of Doodles - G_6e786d/h1_The story behind Doodles")): Object 'Object Repository/Page_The Story and Evolution of Doodles - G_6e786d/h1_The story behind Doodles' is visible

07-06-2024T14:01:03 - [MESSAGE][PASSED] - Object 'Object Repository/Page_The Story and Evolution of Doodles - G_6e786d/h1_The story behind Doodles' is visible

07-06-2024T14:01:03 - [TEST_STEP][PASSED] - verifyElementVisible(findTestObject("Object Repository/Page_The Story and Evolution of Doodles - G_6e786d/p_The first Doodle was a simple out-of-offi_345e61")): Object 'Object Repository/Page_The Story and Evolution of Doodles - G_6e786d/p_The first Doodle was a simple out-of-offi_345e61' is visible

07-06-2024T14:01:03 - [MESSAGE][PASSED] - Object 'Object Repository/Page_The Story and Evolution of Doodles - G_6e786d/p_The first Doodle was a simple out-of-offi_345e61' is visible

07-06-2024T14:01:03 - [TEST_STEP][PASSED] - verifyElementVisible(findTestObject("Object Repository/Page_The Story and Evolution of Doodles - G_6e786d/h2_Weve created more than 5,000 Doodles ove_111429")): Object 'Object Repository/Page_The Story and Evolution of Doodles - G_6e786d/h2_Weve created more than 5,000 Doodles ove_111429' is visible

07-06-2024T14:01:03 - [MESSAGE][PASSED] - Object 'Object Repository/Page_The Story and Evolution of Doodles - G_6e786d/h2_Weve created more than 5,000 Doodles ove_111429' is visible

07-06-2024T14:01:03 - [TEST_STEP][PASSED] - click(findTestObject("Object Repository/Page_The Story and Evolution of Doodles - G_6e786d/p_The first Doodle was a simple out-of-offi_345e61")): Object: 'Object Repository/Page_The Story and Evolution of Doodles - G_6e786d/p_The first Doodle was a simple out-of-offi_345e61' is clicked on

07-06-2024T14:01:03 - [MESSAGE][PASSED] - Object: 'Object Repository/Page_The Story and Evolution of Doodles - G_6e786d/p_The first Doodle was a simple out-of-offi_345e61' is clicked on

07-06-2024T14:01:03 - [TEST_STEP][PASSED] - verifyElementVisible(findTestObject("Object Repository/Page_The Story and Evolution of Doodles - G_6e786d/h1_The story behind Doodles")): Object 'Object Repository/Page_The Story and Evolution of Doodles - G_6e786d/h1_The story behind Doodles' is visible

07-06-2024T14:01:03 - [MESSAGE][PASSED] - Object 'Object Repository/Page_The Story and Evolution of Doodles - G_6e786d/h1_The story behind Doodles' is visible

07-06-2024T14:01:03 - [TEST_STEP][PASSED] - verifyElementVisible(findTestObject("Object Repository/Page_The Story and Evolution of Doodles - G_6e786d/p_The first Doodle was a simple out-of-offi_345e61")): Object 'Object Repository/Page_The Story and Evolution of Doodles - G_6e786d/p_The first Doodle was a simple out-of-offi_345e61' is visible

07-06-2024T14:01:03 - [MESSAGE][PASSED] - Object 'Object Repository/Page_The Story and Evolution of Doodles - G_6e786d/p_The first Doodle was a simple out-of-offi_345e61' is visible

07-06-2024T14:01:03 - [TEST_STEP][PASSED] - verifyElementVisible(findTestObject("Object Repository/Page_The Story and Evolution of Doodles - G_6e786d/h2_Weve created more than 5,000 Doodles ove_111429")): Object 'Object Repository/Page_The Story and Evolution of Doodles - G_6e786d/h2_Weve created more than 5,000 Doodles ove_111429' is visible

07-06-2024T14:01:03 - [MESSAGE][PASSED] - Object 'Object Repository/Page_The Story and Evolution of Doodles - G_6e786d/h2_Weve created more than 5,000 Doodles ove_111429' is visible

07-06-2024T14:01:03 - [TEST_STEP][PASSED] - click(findTestObject("Object Repository/Page_The Story and Evolution of Doodles - G_6e786d/p_The first Doodle was a simple out-of-offi_345e61")): Object: 'Object Repository/Page_The Story and Evolution of Doodles - G_6e786d/p_The first Doodle was a simple out-of-offi_345e61' is clicked on

07-06-2024T14:01:04 - [MESSAGE][PASSED] - Object: 'Object Repository/Page_The Story and Evolution of Doodles - G_6e786d/p_The first Doodle was a simple out-of-offi_345e61' is clicked on

07-06-2024T14:01:04 - [TEST_STEP][PASSED] - verifyElementVisible(findTestObject("Object Repository/Page_The Story and Evolution of Doodles - G_6e786d/h1_The story behind Doodles")): Object 'Object Repository/Page_The Story and Evolution of Doodles - G_6e786d/h1_The story behind Doodles' is visible

07-06-2024T14:01:04 - [MESSAGE][PASSED] - Object 'Object Repository/Page_The Story and Evolution of Doodles - G_6e786d/h1_The story behind Doodles' is visible

07-06-2024T14:01:04 - [TEST_STEP][PASSED] - verifyElementVisible(findTestObject("Object Repository/Page_The Story and Evolution of Doodles - G_6e786d/p_The first Doodle was a simple out-of-offi_345e61")): Object 'Object Repository/Page_The Story and Evolution of Doodles - G_6e786d/p_The first Doodle was a simple out-of-offi_345e61' is visible

07-06-2024T14:01:04 - [MESSAGE][PASSED] - Object 'Object Repository/Page_The Story and Evolution of Doodles - G_6e786d/p_The first Doodle was a simple out-of-offi_345e61' is visible

07-06-2024T14:01:04 - [TEST_STEP][PASSED] - verifyElementVisible(findTestObject("Object Repository/Page_The Story and Evolution of Doodles - G_6e786d/h2_Weve created more than 5,000 Doodles ove_111429")): Object 'Object Repository/Page_The Story and Evolution of Doodles - G_6e786d/h2_Weve created more than 5,000 Doodles ove_111429' is visible

07-06-2024T14:01:04 - [MESSAGE][PASSED] - Object 'Object Repository/Page_The Story and Evolution of Doodles - G_6e786d/h2_Weve created more than 5,000 Doodles ove_111429' is visible

07-06-2024T14:01:04 - [TEST_STEP][PASSED] - click(findTestObject("Object Repository/Page_The Story and Evolution of Doodles - G_6e786d/p_The first Doodle was a simple out-of-offi_345e61")): Object: 'Object Repository/Page_The Story and Evolution of Doodles - G_6e786d/p_The first Doodle was a simple out-of-offi_345e61' is clicked on

07-06-2024T14:01:04 - [MESSAGE][PASSED] - Object: 'Object Repository/Page_The Story and Evolution of Doodles - G_6e786d/p_The first Doodle was a simple out-of-offi_345e61' is clicked on

07-06-2024T14:01:04 - [TEST_STEP][PASSED] - verifyElementVisible(findTestObject("Object Repository/Page_The Story and Evolution of Doodles - G_6e786d/h1_The story behind Doodles")): Object 'Object Repository/Page_The Story and Evolution of Doodles - G_6e786d/h1_The story behind Doodles' is visible

07-06-2024T14:01:04 - [MESSAGE][PASSED] - Object 'Object Repository/Page_The Story and Evolution of Doodles - G_6e786d/h1_The story behind Doodles' is visible

07-06-2024T14:01:04 - [TEST_STEP][PASSED] - verifyElementVisible(findTestObject("Object Repository/Page_The Story and Evolution of Doodles - G_6e786d/p_The first Doodle was a simple out-of-offi_345e61")): Object 'Object Repository/Page_The Story and Evolution of Doodles - G_6e786d/p_The first Doodle was a simple out-of-offi_345e61' is visible

07-06-2024T14:01:04 - [MESSAGE][PASSED] - Object 'Object Repository/Page_The Story and Evolution of Doodles - G_6e786d/p_The first Doodle was a simple out-of-offi_345e61' is visible

07-06-2024T14:01:04 - [TEST_STEP][PASSED] - verifyElementVisible(findTestObject("Object Repository/Page_The Story and Evolution of Doodles - G_6e786d/h2_Weve created more than 5,000 Doodles ove_111429")): Object 'Object Repository/Page_The Story and Evolution of Doodles - G_6e786d/h2_Weve created more than 5,000 Doodles ove_111429' is visible

07-06-2024T14:01:04 - [MESSAGE][PASSED] - Object 'Object Repository/Page_The Story and Evolution of Doodles - G_6e786d/h2_Weve created more than 5,000 Doodles ove_111429' is visible

07-06-2024T14:01:04 - [TEST_STEP][PASSED] - click(findTestObject("Object Repository/Page_The Story and Evolution of Doodles - G_6e786d/p_The first Doodle was a simple out-of-offi_345e61")): Object: 'Object Repository/Page_The Story and Evolution of Doodles - G_6e786d/p_The first Doodle was a simple out-of-offi_345e61' is clicked on

07-06-2024T14:01:04 - [MESSAGE][PASSED] - Object: 'Object Repository/Page_The Story and Evolution of Doodles - G_6e786d/p_The first Doodle was a simple out-of-offi_345e61' is clicked on

07-06-2024T14:01:04 - [TEST_STEP][PASSED] - verifyElementVisible(findTestObject("Object Repository/Page_The Story and Evolution of Doodles - G_6e786d/h1_The story behind Doodles")): Object 'Object Repository/Page_The Story and Evolution of Doodles - G_6e786d/h1_The story behind Doodles' is visible

07-06-2024T14:01:04 - [MESSAGE][PASSED] - Object 'Object Repository/Page_The Story and Evolution of Doodles - G_6e786d/h1_The story behind Doodles' is visible

07-06-2024T14:01:04 - [TEST_STEP][PASSED] - verifyElementVisible(findTestObject("Object Repository/Page_The Story and Evolution of Doodles - G_6e786d/p_The first Doodle was a simple out-of-offi_345e61")): Object 'Object Repository/Page_The Story and Evolution of Doodles - G_6e786d/p_The first Doodle was a simple out-of-offi_345e61' is visible

07-06-2024T14:01:04 - [MESSAGE][PASSED] - Object 'Object Repository/Page_The Story and Evolution of Doodles - G_6e786d/p_The first Doodle was a simple out-of-offi_345e61' is visible

07-06-2024T14:01:04 - [TEST_STEP][PASSED] - verifyElementVisible(findTestObject("Object Repository/Page_The Story and Evolution of Doodles - G_6e786d/h2_Weve created more than 5,000 Doodles ove_111429")): Object 'Object Repository/Page_The Story and Evolution of Doodles - G_6e786d/h2_Weve created more than 5,000 Doodles ove_111429' is visible

07-06-2024T14:01:04 - [MESSAGE][PASSED] - Object 'Object Repository/Page_The Story and Evolution of Doodles - G_6e786d/h2_Weve created more than 5,000 Doodles ove_111429' is visible]]></system-out>
         <system-err><![CDATA[]]></system-err>
      </testcase>
      <testcase name="Test Cases/test case folder 1/tc1 - Copy (7) - Copy (1)" time="8.629" classname="Test Cases/test case folder 1/tc1 - Copy (7) - Copy (1)" status="PASSED">
         <system-out><![CDATA[07-06-2024T14:01:04 - [TEST_CASE][PASSED] - Test Cases/test case folder 1/tc1 - Copy (7) - Copy (1): Test Cases/test case folder 1/tc1 - Copy (7) - Copy (1)

07-06-2024T14:01:05 - [TEST_STEP][PASSED] - openBrowser(""): Browser is opened with url: ''

07-06-2024T14:01:05 - [MESSAGE][WARNING] - A browser is already opened. Closing browser and opening a new one

07-06-2024T14:01:05 - [MESSAGE][INFO] - Starting 'Firefox (headless)' driver

07-06-2024T14:01:05 - [MESSAGE][INFO] - Action delay is set to 0 milliseconds

07-06-2024T14:01:08 - [MESSAGE][PASSED] - Browser is opened with url: ''

07-06-2024T14:01:08 - [TEST_STEP][PASSED] - navigateToUrl("https://doodles.google/about/"): Navigate to 'https://doodles.google/about/' successfully

07-06-2024T14:01:09 - [MESSAGE][PASSED] - Navigate to 'https://doodles.google/about/' successfully

07-06-2024T14:01:09 - [TEST_STEP][PASSED] - click(findTestObject("Object Repository/Page_The Story and Evolution of Doodles - G_6e786d/p_The first Doodle was a simple out-of-offi_345e61")): Object: 'Object Repository/Page_The Story and Evolution of Doodles - G_6e786d/p_The first Doodle was a simple out-of-offi_345e61' is clicked on

07-06-2024T14:01:10 - [MESSAGE][PASSED] - Object: 'Object Repository/Page_The Story and Evolution of Doodles - G_6e786d/p_The first Doodle was a simple out-of-offi_345e61' is clicked on

07-06-2024T14:01:10 - [TEST_STEP][PASSED] - click(findTestObject("Object Repository/Page_The Story and Evolution of Doodles - G_6e786d/p_The first Doodle was a simple out-of-offi_345e61")): Object: 'Object Repository/Page_The Story and Evolution of Doodles - G_6e786d/p_The first Doodle was a simple out-of-offi_345e61' is clicked on

07-06-2024T14:01:10 - [MESSAGE][PASSED] - Object: 'Object Repository/Page_The Story and Evolution of Doodles - G_6e786d/p_The first Doodle was a simple out-of-offi_345e61' is clicked on

07-06-2024T14:01:10 - [TEST_STEP][PASSED] - verifyElementVisible(findTestObject("Object Repository/Page_The Story and Evolution of Doodles - G_6e786d/h1_The story behind Doodles")): Object 'Object Repository/Page_The Story and Evolution of Doodles - G_6e786d/h1_The story behind Doodles' is visible

07-06-2024T14:01:10 - [MESSAGE][PASSED] - Object 'Object Repository/Page_The Story and Evolution of Doodles - G_6e786d/h1_The story behind Doodles' is visible

07-06-2024T14:01:10 - [TEST_STEP][PASSED] - verifyElementVisible(findTestObject("Object Repository/Page_The Story and Evolution of Doodles - G_6e786d/p_The first Doodle was a simple out-of-offi_345e61")): Object 'Object Repository/Page_The Story and Evolution of Doodles - G_6e786d/p_The first Doodle was a simple out-of-offi_345e61' is visible

07-06-2024T14:01:10 - [MESSAGE][PASSED] - Object 'Object Repository/Page_The Story and Evolution of Doodles - G_6e786d/p_The first Doodle was a simple out-of-offi_345e61' is visible

07-06-2024T14:01:10 - [TEST_STEP][PASSED] - verifyElementVisible(findTestObject("Object Repository/Page_The Story and Evolution of Doodles - G_6e786d/h2_Weve created more than 5,000 Doodles ove_111429")): Object 'Object Repository/Page_The Story and Evolution of Doodles - G_6e786d/h2_Weve created more than 5,000 Doodles ove_111429' is visible

07-06-2024T14:01:10 - [MESSAGE][PASSED] - Object 'Object Repository/Page_The Story and Evolution of Doodles - G_6e786d/h2_Weve created more than 5,000 Doodles ove_111429' is visible

07-06-2024T14:01:10 - [TEST_STEP][PASSED] - verifyElementVisible(findTestObject("Object Repository/Page_The Story and Evolution of Doodles - G_6e786d/h1_The story behind Doodles")): Object 'Object Repository/Page_The Story and Evolution of Doodles - G_6e786d/h1_The story behind Doodles' is visible

07-06-2024T14:01:10 - [MESSAGE][PASSED] - Object 'Object Repository/Page_The Story and Evolution of Doodles - G_6e786d/h1_The story behind Doodles' is visible

07-06-2024T14:01:10 - [TEST_STEP][PASSED] - verifyElementVisible(findTestObject("Object Repository/Page_The Story and Evolution of Doodles - G_6e786d/p_The first Doodle was a simple out-of-offi_345e61")): Object 'Object Repository/Page_The Story and Evolution of Doodles - G_6e786d/p_The first Doodle was a simple out-of-offi_345e61' is visible

07-06-2024T14:01:10 - [MESSAGE][PASSED] - Object 'Object Repository/Page_The Story and Evolution of Doodles - G_6e786d/p_The first Doodle was a simple out-of-offi_345e61' is visible

07-06-2024T14:01:10 - [TEST_STEP][PASSED] - verifyElementVisible(findTestObject("Object Repository/Page_The Story and Evolution of Doodles - G_6e786d/h2_Weve created more than 5,000 Doodles ove_111429")): Object 'Object Repository/Page_The Story and Evolution of Doodles - G_6e786d/h2_Weve created more than 5,000 Doodles ove_111429' is visible

07-06-2024T14:01:10 - [MESSAGE][PASSED] - Object 'Object Repository/Page_The Story and Evolution of Doodles - G_6e786d/h2_Weve created more than 5,000 Doodles ove_111429' is visible

07-06-2024T14:01:10 - [TEST_STEP][PASSED] - click(findTestObject("Object Repository/Page_The Story and Evolution of Doodles - G_6e786d/p_The first Doodle was a simple out-of-offi_345e61")): Object: 'Object Repository/Page_The Story and Evolution of Doodles - G_6e786d/p_The first Doodle was a simple out-of-offi_345e61' is clicked on

07-06-2024T14:01:10 - [MESSAGE][PASSED] - Object: 'Object Repository/Page_The Story and Evolution of Doodles - G_6e786d/p_The first Doodle was a simple out-of-offi_345e61' is clicked on

07-06-2024T14:01:10 - [TEST_STEP][PASSED] - verifyElementVisible(findTestObject("Object Repository/Page_The Story and Evolution of Doodles - G_6e786d/h1_The story behind Doodles")): Object 'Object Repository/Page_The Story and Evolution of Doodles - G_6e786d/h1_The story behind Doodles' is visible

07-06-2024T14:01:10 - [MESSAGE][PASSED] - Object 'Object Repository/Page_The Story and Evolution of Doodles - G_6e786d/h1_The story behind Doodles' is visible

07-06-2024T14:01:10 - [TEST_STEP][PASSED] - verifyElementVisible(findTestObject("Object Repository/Page_The Story and Evolution of Doodles - G_6e786d/p_The first Doodle was a simple out-of-offi_345e61")): Object 'Object Repository/Page_The Story and Evolution of Doodles - G_6e786d/p_The first Doodle was a simple out-of-offi_345e61' is visible

07-06-2024T14:01:11 - [MESSAGE][PASSED] - Object 'Object Repository/Page_The Story and Evolution of Doodles - G_6e786d/p_The first Doodle was a simple out-of-offi_345e61' is visible

07-06-2024T14:01:11 - [TEST_STEP][PASSED] - verifyElementVisible(findTestObject("Object Repository/Page_The Story and Evolution of Doodles - G_6e786d/h2_Weve created more than 5,000 Doodles ove_111429")): Object 'Object Repository/Page_The Story and Evolution of Doodles - G_6e786d/h2_Weve created more than 5,000 Doodles ove_111429' is visible

07-06-2024T14:01:11 - [MESSAGE][PASSED] - Object 'Object Repository/Page_The Story and Evolution of Doodles - G_6e786d/h2_Weve created more than 5,000 Doodles ove_111429' is visible

07-06-2024T14:01:11 - [TEST_STEP][PASSED] - click(findTestObject("Object Repository/Page_The Story and Evolution of Doodles - G_6e786d/p_The first Doodle was a simple out-of-offi_345e61")): Object: 'Object Repository/Page_The Story and Evolution of Doodles - G_6e786d/p_The first Doodle was a simple out-of-offi_345e61' is clicked on

07-06-2024T14:01:11 - [MESSAGE][PASSED] - Object: 'Object Repository/Page_The Story and Evolution of Doodles - G_6e786d/p_The first Doodle was a simple out-of-offi_345e61' is clicked on

07-06-2024T14:01:11 - [TEST_STEP][PASSED] - verifyElementVisible(findTestObject("Object Repository/Page_The Story and Evolution of Doodles - G_6e786d/h1_The story behind Doodles")): Object 'Object Repository/Page_The Story and Evolution of Doodles - G_6e786d/h1_The story behind Doodles' is visible

07-06-2024T14:01:11 - [MESSAGE][PASSED] - Object 'Object Repository/Page_The Story and Evolution of Doodles - G_6e786d/h1_The story behind Doodles' is visible

07-06-2024T14:01:11 - [TEST_STEP][PASSED] - verifyElementVisible(findTestObject("Object Repository/Page_The Story and Evolution of Doodles - G_6e786d/p_The first Doodle was a simple out-of-offi_345e61")): Object 'Object Repository/Page_The Story and Evolution of Doodles - G_6e786d/p_The first Doodle was a simple out-of-offi_345e61' is visible

07-06-2024T14:01:11 - [MESSAGE][PASSED] - Object 'Object Repository/Page_The Story and Evolution of Doodles - G_6e786d/p_The first Doodle was a simple out-of-offi_345e61' is visible

07-06-2024T14:01:11 - [TEST_STEP][PASSED] - verifyElementVisible(findTestObject("Object Repository/Page_The Story and Evolution of Doodles - G_6e786d/h2_Weve created more than 5,000 Doodles ove_111429")): Object 'Object Repository/Page_The Story and Evolution of Doodles - G_6e786d/h2_Weve created more than 5,000 Doodles ove_111429' is visible

07-06-2024T14:01:11 - [MESSAGE][PASSED] - Object 'Object Repository/Page_The Story and Evolution of Doodles - G_6e786d/h2_Weve created more than 5,000 Doodles ove_111429' is visible

07-06-2024T14:01:11 - [TEST_STEP][PASSED] - click(findTestObject("Object Repository/Page_The Story and Evolution of Doodles - G_6e786d/p_The first Doodle was a simple out-of-offi_345e61")): Object: 'Object Repository/Page_The Story and Evolution of Doodles - G_6e786d/p_The first Doodle was a simple out-of-offi_345e61' is clicked on

07-06-2024T14:01:11 - [MESSAGE][PASSED] - Object: 'Object Repository/Page_The Story and Evolution of Doodles - G_6e786d/p_The first Doodle was a simple out-of-offi_345e61' is clicked on

07-06-2024T14:01:11 - [TEST_STEP][PASSED] - verifyElementVisible(findTestObject("Object Repository/Page_The Story and Evolution of Doodles - G_6e786d/h1_The story behind Doodles")): Object 'Object Repository/Page_The Story and Evolution of Doodles - G_6e786d/h1_The story behind Doodles' is visible

07-06-2024T14:01:11 - [MESSAGE][PASSED] - Object 'Object Repository/Page_The Story and Evolution of Doodles - G_6e786d/h1_The story behind Doodles' is visible

07-06-2024T14:01:11 - [TEST_STEP][PASSED] - verifyElementVisible(findTestObject("Object Repository/Page_The Story and Evolution of Doodles - G_6e786d/p_The first Doodle was a simple out-of-offi_345e61")): Object 'Object Repository/Page_The Story and Evolution of Doodles - G_6e786d/p_The first Doodle was a simple out-of-offi_345e61' is visible

07-06-2024T14:01:11 - [MESSAGE][PASSED] - Object 'Object Repository/Page_The Story and Evolution of Doodles - G_6e786d/p_The first Doodle was a simple out-of-offi_345e61' is visible

07-06-2024T14:01:11 - [TEST_STEP][PASSED] - verifyElementVisible(findTestObject("Object Repository/Page_The Story and Evolution of Doodles - G_6e786d/h2_Weve created more than 5,000 Doodles ove_111429")): Object 'Object Repository/Page_The Story and Evolution of Doodles - G_6e786d/h2_Weve created more than 5,000 Doodles ove_111429' is visible

07-06-2024T14:01:11 - [MESSAGE][PASSED] - Object 'Object Repository/Page_The Story and Evolution of Doodles - G_6e786d/h2_Weve created more than 5,000 Doodles ove_111429' is visible

07-06-2024T14:01:11 - [TEST_STEP][PASSED] - click(findTestObject("Object Repository/Page_The Story and Evolution of Doodles - G_6e786d/p_The first Doodle was a simple out-of-offi_345e61")): Object: 'Object Repository/Page_The Story and Evolution of Doodles - G_6e786d/p_The first Doodle was a simple out-of-offi_345e61' is clicked on

07-06-2024T14:01:11 - [MESSAGE][PASSED] - Object: 'Object Repository/Page_The Story and Evolution of Doodles - G_6e786d/p_The first Doodle was a simple out-of-offi_345e61' is clicked on

07-06-2024T14:01:11 - [TEST_STEP][PASSED] - verifyElementVisible(findTestObject("Object Repository/Page_The Story and Evolution of Doodles - G_6e786d/h1_The story behind Doodles")): Object 'Object Repository/Page_The Story and Evolution of Doodles - G_6e786d/h1_The story behind Doodles' is visible

07-06-2024T14:01:11 - [MESSAGE][PASSED] - Object 'Object Repository/Page_The Story and Evolution of Doodles - G_6e786d/h1_The story behind Doodles' is visible

07-06-2024T14:01:11 - [TEST_STEP][PASSED] - verifyElementVisible(findTestObject("Object Repository/Page_The Story and Evolution of Doodles - G_6e786d/p_The first Doodle was a simple out-of-offi_345e61")): Object 'Object Repository/Page_The Story and Evolution of Doodles - G_6e786d/p_The first Doodle was a simple out-of-offi_345e61' is visible

07-06-2024T14:01:11 - [MESSAGE][PASSED] - Object 'Object Repository/Page_The Story and Evolution of Doodles - G_6e786d/p_The first Doodle was a simple out-of-offi_345e61' is visible

07-06-2024T14:01:11 - [TEST_STEP][PASSED] - verifyElementVisible(findTestObject("Object Repository/Page_The Story and Evolution of Doodles - G_6e786d/h2_Weve created more than 5,000 Doodles ove_111429")): Object 'Object Repository/Page_The Story and Evolution of Doodles - G_6e786d/h2_Weve created more than 5,000 Doodles ove_111429' is visible

07-06-2024T14:01:12 - [MESSAGE][PASSED] - Object 'Object Repository/Page_The Story and Evolution of Doodles - G_6e786d/h2_Weve created more than 5,000 Doodles ove_111429' is visible

07-06-2024T14:01:12 - [TEST_STEP][PASSED] - click(findTestObject("Object Repository/Page_The Story and Evolution of Doodles - G_6e786d/p_The first Doodle was a simple out-of-offi_345e61")): Object: 'Object Repository/Page_The Story and Evolution of Doodles - G_6e786d/p_The first Doodle was a simple out-of-offi_345e61' is clicked on

07-06-2024T14:01:12 - [MESSAGE][PASSED] - Object: 'Object Repository/Page_The Story and Evolution of Doodles - G_6e786d/p_The first Doodle was a simple out-of-offi_345e61' is clicked on

07-06-2024T14:01:12 - [TEST_STEP][PASSED] - verifyElementVisible(findTestObject("Object Repository/Page_The Story and Evolution of Doodles - G_6e786d/h1_The story behind Doodles")): Object 'Object Repository/Page_The Story and Evolution of Doodles - G_6e786d/h1_The story behind Doodles' is visible

07-06-2024T14:01:12 - [MESSAGE][PASSED] - Object 'Object Repository/Page_The Story and Evolution of Doodles - G_6e786d/h1_The story behind Doodles' is visible

07-06-2024T14:01:12 - [TEST_STEP][PASSED] - verifyElementVisible(findTestObject("Object Repository/Page_The Story and Evolution of Doodles - G_6e786d/p_The first Doodle was a simple out-of-offi_345e61")): Object 'Object Repository/Page_The Story and Evolution of Doodles - G_6e786d/p_The first Doodle was a simple out-of-offi_345e61' is visible

07-06-2024T14:01:12 - [MESSAGE][PASSED] - Object 'Object Repository/Page_The Story and Evolution of Doodles - G_6e786d/p_The first Doodle was a simple out-of-offi_345e61' is visible

07-06-2024T14:01:12 - [TEST_STEP][PASSED] - verifyElementVisible(findTestObject("Object Repository/Page_The Story and Evolution of Doodles - G_6e786d/h2_Weve created more than 5,000 Doodles ove_111429")): Object 'Object Repository/Page_The Story and Evolution of Doodles - G_6e786d/h2_Weve created more than 5,000 Doodles ove_111429' is visible

07-06-2024T14:01:12 - [MESSAGE][PASSED] - Object 'Object Repository/Page_The Story and Evolution of Doodles - G_6e786d/h2_Weve created more than 5,000 Doodles ove_111429' is visible

07-06-2024T14:01:12 - [TEST_STEP][PASSED] - click(findTestObject("Object Repository/Page_The Story and Evolution of Doodles - G_6e786d/p_The first Doodle was a simple out-of-offi_345e61")): Object: 'Object Repository/Page_The Story and Evolution of Doodles - G_6e786d/p_The first Doodle was a simple out-of-offi_345e61' is clicked on

07-06-2024T14:01:12 - [MESSAGE][PASSED] - Object: 'Object Repository/Page_The Story and Evolution of Doodles - G_6e786d/p_The first Doodle was a simple out-of-offi_345e61' is clicked on

07-06-2024T14:01:12 - [TEST_STEP][PASSED] - verifyElementVisible(findTestObject("Object Repository/Page_The Story and Evolution of Doodles - G_6e786d/h1_The story behind Doodles")): Object 'Object Repository/Page_The Story and Evolution of Doodles - G_6e786d/h1_The story behind Doodles' is visible

07-06-2024T14:01:12 - [MESSAGE][PASSED] - Object 'Object Repository/Page_The Story and Evolution of Doodles - G_6e786d/h1_The story behind Doodles' is visible

07-06-2024T14:01:12 - [TEST_STEP][PASSED] - verifyElementVisible(findTestObject("Object Repository/Page_The Story and Evolution of Doodles - G_6e786d/p_The first Doodle was a simple out-of-offi_345e61")): Object 'Object Repository/Page_The Story and Evolution of Doodles - G_6e786d/p_The first Doodle was a simple out-of-offi_345e61' is visible

07-06-2024T14:01:12 - [MESSAGE][PASSED] - Object 'Object Repository/Page_The Story and Evolution of Doodles - G_6e786d/p_The first Doodle was a simple out-of-offi_345e61' is visible

07-06-2024T14:01:12 - [TEST_STEP][PASSED] - verifyElementVisible(findTestObject("Object Repository/Page_The Story and Evolution of Doodles - G_6e786d/h2_Weve created more than 5,000 Doodles ove_111429")): Object 'Object Repository/Page_The Story and Evolution of Doodles - G_6e786d/h2_Weve created more than 5,000 Doodles ove_111429' is visible

07-06-2024T14:01:12 - [MESSAGE][PASSED] - Object 'Object Repository/Page_The Story and Evolution of Doodles - G_6e786d/h2_Weve created more than 5,000 Doodles ove_111429' is visible

07-06-2024T14:01:12 - [TEST_STEP][PASSED] - click(findTestObject("Object Repository/Page_The Story and Evolution of Doodles - G_6e786d/p_The first Doodle was a simple out-of-offi_345e61")): Object: 'Object Repository/Page_The Story and Evolution of Doodles - G_6e786d/p_The first Doodle was a simple out-of-offi_345e61' is clicked on

07-06-2024T14:01:12 - [MESSAGE][PASSED] - Object: 'Object Repository/Page_The Story and Evolution of Doodles - G_6e786d/p_The first Doodle was a simple out-of-offi_345e61' is clicked on

07-06-2024T14:01:12 - [TEST_STEP][PASSED] - verifyElementVisible(findTestObject("Object Repository/Page_The Story and Evolution of Doodles - G_6e786d/h1_The story behind Doodles")): Object 'Object Repository/Page_The Story and Evolution of Doodles - G_6e786d/h1_The story behind Doodles' is visible

07-06-2024T14:01:12 - [MESSAGE][PASSED] - Object 'Object Repository/Page_The Story and Evolution of Doodles - G_6e786d/h1_The story behind Doodles' is visible

07-06-2024T14:01:12 - [TEST_STEP][PASSED] - verifyElementVisible(findTestObject("Object Repository/Page_The Story and Evolution of Doodles - G_6e786d/p_The first Doodle was a simple out-of-offi_345e61")): Object 'Object Repository/Page_The Story and Evolution of Doodles - G_6e786d/p_The first Doodle was a simple out-of-offi_345e61' is visible

07-06-2024T14:01:12 - [MESSAGE][PASSED] - Object 'Object Repository/Page_The Story and Evolution of Doodles - G_6e786d/p_The first Doodle was a simple out-of-offi_345e61' is visible

07-06-2024T14:01:12 - [TEST_STEP][PASSED] - verifyElementVisible(findTestObject("Object Repository/Page_The Story and Evolution of Doodles - G_6e786d/h2_Weve created more than 5,000 Doodles ove_111429")): Object 'Object Repository/Page_The Story and Evolution of Doodles - G_6e786d/h2_Weve created more than 5,000 Doodles ove_111429' is visible

07-06-2024T14:01:13 - [MESSAGE][PASSED] - Object 'Object Repository/Page_The Story and Evolution of Doodles - G_6e786d/h2_Weve created more than 5,000 Doodles ove_111429' is visible

07-06-2024T14:01:13 - [TEST_STEP][PASSED] - click(findTestObject("Object Repository/Page_The Story and Evolution of Doodles - G_6e786d/p_The first Doodle was a simple out-of-offi_345e61")): Object: 'Object Repository/Page_The Story and Evolution of Doodles - G_6e786d/p_The first Doodle was a simple out-of-offi_345e61' is clicked on

07-06-2024T14:01:13 - [MESSAGE][PASSED] - Object: 'Object Repository/Page_The Story and Evolution of Doodles - G_6e786d/p_The first Doodle was a simple out-of-offi_345e61' is clicked on

07-06-2024T14:01:13 - [TEST_STEP][PASSED] - verifyElementVisible(findTestObject("Object Repository/Page_The Story and Evolution of Doodles - G_6e786d/h1_The story behind Doodles")): Object 'Object Repository/Page_The Story and Evolution of Doodles - G_6e786d/h1_The story behind Doodles' is visible

07-06-2024T14:01:13 - [MESSAGE][PASSED] - Object 'Object Repository/Page_The Story and Evolution of Doodles - G_6e786d/h1_The story behind Doodles' is visible

07-06-2024T14:01:13 - [TEST_STEP][PASSED] - verifyElementVisible(findTestObject("Object Repository/Page_The Story and Evolution of Doodles - G_6e786d/p_The first Doodle was a simple out-of-offi_345e61")): Object 'Object Repository/Page_The Story and Evolution of Doodles - G_6e786d/p_The first Doodle was a simple out-of-offi_345e61' is visible

07-06-2024T14:01:13 - [MESSAGE][PASSED] - Object 'Object Repository/Page_The Story and Evolution of Doodles - G_6e786d/p_The first Doodle was a simple out-of-offi_345e61' is visible

07-06-2024T14:01:13 - [TEST_STEP][PASSED] - verifyElementVisible(findTestObject("Object Repository/Page_The Story and Evolution of Doodles - G_6e786d/h2_Weve created more than 5,000 Doodles ove_111429")): Object 'Object Repository/Page_The Story and Evolution of Doodles - G_6e786d/h2_Weve created more than 5,000 Doodles ove_111429' is visible

07-06-2024T14:01:13 - [MESSAGE][PASSED] - Object 'Object Repository/Page_The Story and Evolution of Doodles - G_6e786d/h2_Weve created more than 5,000 Doodles ove_111429' is visible

07-06-2024T14:01:13 - [TEST_STEP][PASSED] - click(findTestObject("Object Repository/Page_The Story and Evolution of Doodles - G_6e786d/p_The first Doodle was a simple out-of-offi_345e61")): Object: 'Object Repository/Page_The Story and Evolution of Doodles - G_6e786d/p_The first Doodle was a simple out-of-offi_345e61' is clicked on

07-06-2024T14:01:13 - [MESSAGE][PASSED] - Object: 'Object Repository/Page_The Story and Evolution of Doodles - G_6e786d/p_The first Doodle was a simple out-of-offi_345e61' is clicked on

07-06-2024T14:01:13 - [TEST_STEP][PASSED] - verifyElementVisible(findTestObject("Object Repository/Page_The Story and Evolution of Doodles - G_6e786d/h1_The story behind Doodles")): Object 'Object Repository/Page_The Story and Evolution of Doodles - G_6e786d/h1_The story behind Doodles' is visible

07-06-2024T14:01:13 - [MESSAGE][PASSED] - Object 'Object Repository/Page_The Story and Evolution of Doodles - G_6e786d/h1_The story behind Doodles' is visible

07-06-2024T14:01:13 - [TEST_STEP][PASSED] - verifyElementVisible(findTestObject("Object Repository/Page_The Story and Evolution of Doodles - G_6e786d/p_The first Doodle was a simple out-of-offi_345e61")): Object 'Object Repository/Page_The Story and Evolution of Doodles - G_6e786d/p_The first Doodle was a simple out-of-offi_345e61' is visible

07-06-2024T14:01:13 - [MESSAGE][PASSED] - Object 'Object Repository/Page_The Story and Evolution of Doodles - G_6e786d/p_The first Doodle was a simple out-of-offi_345e61' is visible

07-06-2024T14:01:13 - [TEST_STEP][PASSED] - verifyElementVisible(findTestObject("Object Repository/Page_The Story and Evolution of Doodles - G_6e786d/h2_Weve created more than 5,000 Doodles ove_111429")): Object 'Object Repository/Page_The Story and Evolution of Doodles - G_6e786d/h2_Weve created more than 5,000 Doodles ove_111429' is visible

07-06-2024T14:01:13 - [MESSAGE][PASSED] - Object 'Object Repository/Page_The Story and Evolution of Doodles - G_6e786d/h2_Weve created more than 5,000 Doodles ove_111429' is visible]]></system-out>
         <system-err><![CDATA[]]></system-err>
      </testcase>
      <testcase name="Test Cases/test case folder 1/tc1 - Copy (7) - Copy (2)" time="8.493" classname="Test Cases/test case folder 1/tc1 - Copy (7) - Copy (2)" status="PASSED">
         <system-out><![CDATA[07-06-2024T14:01:13 - [TEST_CASE][PASSED] - Test Cases/test case folder 1/tc1 - Copy (7) - Copy (2): Test Cases/test case folder 1/tc1 - Copy (7) - Copy (2)

07-06-2024T14:01:13 - [TEST_STEP][PASSED] - openBrowser(""): Browser is opened with url: ''

07-06-2024T14:01:13 - [MESSAGE][WARNING] - A browser is already opened. Closing browser and opening a new one

07-06-2024T14:01:14 - [MESSAGE][INFO] - Starting 'Firefox (headless)' driver

07-06-2024T14:01:14 - [MESSAGE][INFO] - Action delay is set to 0 milliseconds

07-06-2024T14:01:16 - [MESSAGE][PASSED] - Browser is opened with url: ''

07-06-2024T14:01:16 - [TEST_STEP][PASSED] - navigateToUrl("https://doodles.google/about/"): Navigate to 'https://doodles.google/about/' successfully

07-06-2024T14:01:18 - [MESSAGE][PASSED] - Navigate to 'https://doodles.google/about/' successfully

07-06-2024T14:01:18 - [TEST_STEP][PASSED] - click(findTestObject("Object Repository/Page_The Story and Evolution of Doodles - G_6e786d/p_The first Doodle was a simple out-of-offi_345e61")): Object: 'Object Repository/Page_The Story and Evolution of Doodles - G_6e786d/p_The first Doodle was a simple out-of-offi_345e61' is clicked on

07-06-2024T14:01:18 - [MESSAGE][PASSED] - Object: 'Object Repository/Page_The Story and Evolution of Doodles - G_6e786d/p_The first Doodle was a simple out-of-offi_345e61' is clicked on

07-06-2024T14:01:18 - [TEST_STEP][PASSED] - click(findTestObject("Object Repository/Page_The Story and Evolution of Doodles - G_6e786d/p_The first Doodle was a simple out-of-offi_345e61")): Object: 'Object Repository/Page_The Story and Evolution of Doodles - G_6e786d/p_The first Doodle was a simple out-of-offi_345e61' is clicked on

07-06-2024T14:01:18 - [MESSAGE][PASSED] - Object: 'Object Repository/Page_The Story and Evolution of Doodles - G_6e786d/p_The first Doodle was a simple out-of-offi_345e61' is clicked on

07-06-2024T14:01:18 - [TEST_STEP][PASSED] - verifyElementVisible(findTestObject("Object Repository/Page_The Story and Evolution of Doodles - G_6e786d/h1_The story behind Doodles")): Object 'Object Repository/Page_The Story and Evolution of Doodles - G_6e786d/h1_The story behind Doodles' is visible

07-06-2024T14:01:18 - [MESSAGE][PASSED] - Object 'Object Repository/Page_The Story and Evolution of Doodles - G_6e786d/h1_The story behind Doodles' is visible

07-06-2024T14:01:18 - [TEST_STEP][PASSED] - verifyElementVisible(findTestObject("Object Repository/Page_The Story and Evolution of Doodles - G_6e786d/p_The first Doodle was a simple out-of-offi_345e61")): Object 'Object Repository/Page_The Story and Evolution of Doodles - G_6e786d/p_The first Doodle was a simple out-of-offi_345e61' is visible

07-06-2024T14:01:18 - [MESSAGE][PASSED] - Object 'Object Repository/Page_The Story and Evolution of Doodles - G_6e786d/p_The first Doodle was a simple out-of-offi_345e61' is visible

07-06-2024T14:01:18 - [TEST_STEP][PASSED] - verifyElementVisible(findTestObject("Object Repository/Page_The Story and Evolution of Doodles - G_6e786d/h2_Weve created more than 5,000 Doodles ove_111429")): Object 'Object Repository/Page_The Story and Evolution of Doodles - G_6e786d/h2_Weve created more than 5,000 Doodles ove_111429' is visible

07-06-2024T14:01:19 - [MESSAGE][PASSED] - Object 'Object Repository/Page_The Story and Evolution of Doodles - G_6e786d/h2_Weve created more than 5,000 Doodles ove_111429' is visible

07-06-2024T14:01:19 - [TEST_STEP][PASSED] - verifyElementVisible(findTestObject("Object Repository/Page_The Story and Evolution of Doodles - G_6e786d/h1_The story behind Doodles")): Object 'Object Repository/Page_The Story and Evolution of Doodles - G_6e786d/h1_The story behind Doodles' is visible

07-06-2024T14:01:19 - [MESSAGE][PASSED] - Object 'Object Repository/Page_The Story and Evolution of Doodles - G_6e786d/h1_The story behind Doodles' is visible

07-06-2024T14:01:19 - [TEST_STEP][PASSED] - verifyElementVisible(findTestObject("Object Repository/Page_The Story and Evolution of Doodles - G_6e786d/p_The first Doodle was a simple out-of-offi_345e61")): Object 'Object Repository/Page_The Story and Evolution of Doodles - G_6e786d/p_The first Doodle was a simple out-of-offi_345e61' is visible

07-06-2024T14:01:19 - [MESSAGE][PASSED] - Object 'Object Repository/Page_The Story and Evolution of Doodles - G_6e786d/p_The first Doodle was a simple out-of-offi_345e61' is visible

07-06-2024T14:01:19 - [TEST_STEP][PASSED] - verifyElementVisible(findTestObject("Object Repository/Page_The Story and Evolution of Doodles - G_6e786d/h2_Weve created more than 5,000 Doodles ove_111429")): Object 'Object Repository/Page_The Story and Evolution of Doodles - G_6e786d/h2_Weve created more than 5,000 Doodles ove_111429' is visible

07-06-2024T14:01:19 - [MESSAGE][PASSED] - Object 'Object Repository/Page_The Story and Evolution of Doodles - G_6e786d/h2_Weve created more than 5,000 Doodles ove_111429' is visible

07-06-2024T14:01:19 - [TEST_STEP][PASSED] - click(findTestObject("Object Repository/Page_The Story and Evolution of Doodles - G_6e786d/p_The first Doodle was a simple out-of-offi_345e61")): Object: 'Object Repository/Page_The Story and Evolution of Doodles - G_6e786d/p_The first Doodle was a simple out-of-offi_345e61' is clicked on

07-06-2024T14:01:19 - [MESSAGE][PASSED] - Object: 'Object Repository/Page_The Story and Evolution of Doodles - G_6e786d/p_The first Doodle was a simple out-of-offi_345e61' is clicked on

07-06-2024T14:01:19 - [TEST_STEP][PASSED] - verifyElementVisible(findTestObject("Object Repository/Page_The Story and Evolution of Doodles - G_6e786d/h1_The story behind Doodles")): Object 'Object Repository/Page_The Story and Evolution of Doodles - G_6e786d/h1_The story behind Doodles' is visible

07-06-2024T14:01:19 - [MESSAGE][PASSED] - Object 'Object Repository/Page_The Story and Evolution of Doodles - G_6e786d/h1_The story behind Doodles' is visible

07-06-2024T14:01:19 - [TEST_STEP][PASSED] - verifyElementVisible(findTestObject("Object Repository/Page_The Story and Evolution of Doodles - G_6e786d/p_The first Doodle was a simple out-of-offi_345e61")): Object 'Object Repository/Page_The Story and Evolution of Doodles - G_6e786d/p_The first Doodle was a simple out-of-offi_345e61' is visible

07-06-2024T14:01:19 - [MESSAGE][PASSED] - Object 'Object Repository/Page_The Story and Evolution of Doodles - G_6e786d/p_The first Doodle was a simple out-of-offi_345e61' is visible

07-06-2024T14:01:19 - [TEST_STEP][PASSED] - verifyElementVisible(findTestObject("Object Repository/Page_The Story and Evolution of Doodles - G_6e786d/h2_Weve created more than 5,000 Doodles ove_111429")): Object 'Object Repository/Page_The Story and Evolution of Doodles - G_6e786d/h2_Weve created more than 5,000 Doodles ove_111429' is visible

07-06-2024T14:01:19 - [MESSAGE][PASSED] - Object 'Object Repository/Page_The Story and Evolution of Doodles - G_6e786d/h2_Weve created more than 5,000 Doodles ove_111429' is visible

07-06-2024T14:01:19 - [TEST_STEP][PASSED] - click(findTestObject("Object Repository/Page_The Story and Evolution of Doodles - G_6e786d/p_The first Doodle was a simple out-of-offi_345e61")): Object: 'Object Repository/Page_The Story and Evolution of Doodles - G_6e786d/p_The first Doodle was a simple out-of-offi_345e61' is clicked on

07-06-2024T14:01:19 - [MESSAGE][PASSED] - Object: 'Object Repository/Page_The Story and Evolution of Doodles - G_6e786d/p_The first Doodle was a simple out-of-offi_345e61' is clicked on

07-06-2024T14:01:19 - [TEST_STEP][PASSED] - verifyElementVisible(findTestObject("Object Repository/Page_The Story and Evolution of Doodles - G_6e786d/h1_The story behind Doodles")): Object 'Object Repository/Page_The Story and Evolution of Doodles - G_6e786d/h1_The story behind Doodles' is visible

07-06-2024T14:01:19 - [MESSAGE][PASSED] - Object 'Object Repository/Page_The Story and Evolution of Doodles - G_6e786d/h1_The story behind Doodles' is visible

07-06-2024T14:01:19 - [TEST_STEP][PASSED] - verifyElementVisible(findTestObject("Object Repository/Page_The Story and Evolution of Doodles - G_6e786d/p_The first Doodle was a simple out-of-offi_345e61")): Object 'Object Repository/Page_The Story and Evolution of Doodles - G_6e786d/p_The first Doodle was a simple out-of-offi_345e61' is visible

07-06-2024T14:01:19 - [MESSAGE][PASSED] - Object 'Object Repository/Page_The Story and Evolution of Doodles - G_6e786d/p_The first Doodle was a simple out-of-offi_345e61' is visible

07-06-2024T14:01:19 - [TEST_STEP][PASSED] - verifyElementVisible(findTestObject("Object Repository/Page_The Story and Evolution of Doodles - G_6e786d/h2_Weve created more than 5,000 Doodles ove_111429")): Object 'Object Repository/Page_The Story and Evolution of Doodles - G_6e786d/h2_Weve created more than 5,000 Doodles ove_111429' is visible

07-06-2024T14:01:19 - [MESSAGE][PASSED] - Object 'Object Repository/Page_The Story and Evolution of Doodles - G_6e786d/h2_Weve created more than 5,000 Doodles ove_111429' is visible

07-06-2024T14:01:19 - [TEST_STEP][PASSED] - click(findTestObject("Object Repository/Page_The Story and Evolution of Doodles - G_6e786d/p_The first Doodle was a simple out-of-offi_345e61")): Object: 'Object Repository/Page_The Story and Evolution of Doodles - G_6e786d/p_The first Doodle was a simple out-of-offi_345e61' is clicked on

07-06-2024T14:01:20 - [MESSAGE][PASSED] - Object: 'Object Repository/Page_The Story and Evolution of Doodles - G_6e786d/p_The first Doodle was a simple out-of-offi_345e61' is clicked on

07-06-2024T14:01:20 - [TEST_STEP][PASSED] - verifyElementVisible(findTestObject("Object Repository/Page_The Story and Evolution of Doodles - G_6e786d/h1_The story behind Doodles")): Object 'Object Repository/Page_The Story and Evolution of Doodles - G_6e786d/h1_The story behind Doodles' is visible

07-06-2024T14:01:20 - [MESSAGE][PASSED] - Object 'Object Repository/Page_The Story and Evolution of Doodles - G_6e786d/h1_The story behind Doodles' is visible

07-06-2024T14:01:20 - [TEST_STEP][PASSED] - verifyElementVisible(findTestObject("Object Repository/Page_The Story and Evolution of Doodles - G_6e786d/p_The first Doodle was a simple out-of-offi_345e61")): Object 'Object Repository/Page_The Story and Evolution of Doodles - G_6e786d/p_The first Doodle was a simple out-of-offi_345e61' is visible

07-06-2024T14:01:20 - [MESSAGE][PASSED] - Object 'Object Repository/Page_The Story and Evolution of Doodles - G_6e786d/p_The first Doodle was a simple out-of-offi_345e61' is visible

07-06-2024T14:01:20 - [TEST_STEP][PASSED] - verifyElementVisible(findTestObject("Object Repository/Page_The Story and Evolution of Doodles - G_6e786d/h2_Weve created more than 5,000 Doodles ove_111429")): Object 'Object Repository/Page_The Story and Evolution of Doodles - G_6e786d/h2_Weve created more than 5,000 Doodles ove_111429' is visible

07-06-2024T14:01:20 - [MESSAGE][PASSED] - Object 'Object Repository/Page_The Story and Evolution of Doodles - G_6e786d/h2_Weve created more than 5,000 Doodles ove_111429' is visible

07-06-2024T14:01:20 - [TEST_STEP][PASSED] - click(findTestObject("Object Repository/Page_The Story and Evolution of Doodles - G_6e786d/p_The first Doodle was a simple out-of-offi_345e61")): Object: 'Object Repository/Page_The Story and Evolution of Doodles - G_6e786d/p_The first Doodle was a simple out-of-offi_345e61' is clicked on

07-06-2024T14:01:20 - [MESSAGE][PASSED] - Object: 'Object Repository/Page_The Story and Evolution of Doodles - G_6e786d/p_The first Doodle was a simple out-of-offi_345e61' is clicked on

07-06-2024T14:01:20 - [TEST_STEP][PASSED] - verifyElementVisible(findTestObject("Object Repository/Page_The Story and Evolution of Doodles - G_6e786d/h1_The story behind Doodles")): Object 'Object Repository/Page_The Story and Evolution of Doodles - G_6e786d/h1_The story behind Doodles' is visible

07-06-2024T14:01:20 - [MESSAGE][PASSED] - Object 'Object Repository/Page_The Story and Evolution of Doodles - G_6e786d/h1_The story behind Doodles' is visible

07-06-2024T14:01:20 - [TEST_STEP][PASSED] - verifyElementVisible(findTestObject("Object Repository/Page_The Story and Evolution of Doodles - G_6e786d/p_The first Doodle was a simple out-of-offi_345e61")): Object 'Object Repository/Page_The Story and Evolution of Doodles - G_6e786d/p_The first Doodle was a simple out-of-offi_345e61' is visible

07-06-2024T14:01:20 - [MESSAGE][PASSED] - Object 'Object Repository/Page_The Story and Evolution of Doodles - G_6e786d/p_The first Doodle was a simple out-of-offi_345e61' is visible

07-06-2024T14:01:20 - [TEST_STEP][PASSED] - verifyElementVisible(findTestObject("Object Repository/Page_The Story and Evolution of Doodles - G_6e786d/h2_Weve created more than 5,000 Doodles ove_111429")): Object 'Object Repository/Page_The Story and Evolution of Doodles - G_6e786d/h2_Weve created more than 5,000 Doodles ove_111429' is visible

07-06-2024T14:01:20 - [MESSAGE][PASSED] - Object 'Object Repository/Page_The Story and Evolution of Doodles - G_6e786d/h2_Weve created more than 5,000 Doodles ove_111429' is visible

07-06-2024T14:01:20 - [TEST_STEP][PASSED] - click(findTestObject("Object Repository/Page_The Story and Evolution of Doodles - G_6e786d/p_The first Doodle was a simple out-of-offi_345e61")): Object: 'Object Repository/Page_The Story and Evolution of Doodles - G_6e786d/p_The first Doodle was a simple out-of-offi_345e61' is clicked on

07-06-2024T14:01:20 - [MESSAGE][PASSED] - Object: 'Object Repository/Page_The Story and Evolution of Doodles - G_6e786d/p_The first Doodle was a simple out-of-offi_345e61' is clicked on

07-06-2024T14:01:20 - [TEST_STEP][PASSED] - verifyElementVisible(findTestObject("Object Repository/Page_The Story and Evolution of Doodles - G_6e786d/h1_The story behind Doodles")): Object 'Object Repository/Page_The Story and Evolution of Doodles - G_6e786d/h1_The story behind Doodles' is visible

07-06-2024T14:01:20 - [MESSAGE][PASSED] - Object 'Object Repository/Page_The Story and Evolution of Doodles - G_6e786d/h1_The story behind Doodles' is visible

07-06-2024T14:01:20 - [TEST_STEP][PASSED] - verifyElementVisible(findTestObject("Object Repository/Page_The Story and Evolution of Doodles - G_6e786d/p_The first Doodle was a simple out-of-offi_345e61")): Object 'Object Repository/Page_The Story and Evolution of Doodles - G_6e786d/p_The first Doodle was a simple out-of-offi_345e61' is visible

07-06-2024T14:01:20 - [MESSAGE][PASSED] - Object 'Object Repository/Page_The Story and Evolution of Doodles - G_6e786d/p_The first Doodle was a simple out-of-offi_345e61' is visible

07-06-2024T14:01:20 - [TEST_STEP][PASSED] - verifyElementVisible(findTestObject("Object Repository/Page_The Story and Evolution of Doodles - G_6e786d/h2_Weve created more than 5,000 Doodles ove_111429")): Object 'Object Repository/Page_The Story and Evolution of Doodles - G_6e786d/h2_Weve created more than 5,000 Doodles ove_111429' is visible

07-06-2024T14:01:20 - [MESSAGE][PASSED] - Object 'Object Repository/Page_The Story and Evolution of Doodles - G_6e786d/h2_Weve created more than 5,000 Doodles ove_111429' is visible

07-06-2024T14:01:20 - [TEST_STEP][PASSED] - click(findTestObject("Object Repository/Page_The Story and Evolution of Doodles - G_6e786d/p_The first Doodle was a simple out-of-offi_345e61")): Object: 'Object Repository/Page_The Story and Evolution of Doodles - G_6e786d/p_The first Doodle was a simple out-of-offi_345e61' is clicked on

07-06-2024T14:01:21 - [MESSAGE][PASSED] - Object: 'Object Repository/Page_The Story and Evolution of Doodles - G_6e786d/p_The first Doodle was a simple out-of-offi_345e61' is clicked on

07-06-2024T14:01:21 - [TEST_STEP][PASSED] - verifyElementVisible(findTestObject("Object Repository/Page_The Story and Evolution of Doodles - G_6e786d/h1_The story behind Doodles")): Object 'Object Repository/Page_The Story and Evolution of Doodles - G_6e786d/h1_The story behind Doodles' is visible

07-06-2024T14:01:21 - [MESSAGE][PASSED] - Object 'Object Repository/Page_The Story and Evolution of Doodles - G_6e786d/h1_The story behind Doodles' is visible

07-06-2024T14:01:21 - [TEST_STEP][PASSED] - verifyElementVisible(findTestObject("Object Repository/Page_The Story and Evolution of Doodles - G_6e786d/p_The first Doodle was a simple out-of-offi_345e61")): Object 'Object Repository/Page_The Story and Evolution of Doodles - G_6e786d/p_The first Doodle was a simple out-of-offi_345e61' is visible

07-06-2024T14:01:21 - [MESSAGE][PASSED] - Object 'Object Repository/Page_The Story and Evolution of Doodles - G_6e786d/p_The first Doodle was a simple out-of-offi_345e61' is visible

07-06-2024T14:01:21 - [TEST_STEP][PASSED] - verifyElementVisible(findTestObject("Object Repository/Page_The Story and Evolution of Doodles - G_6e786d/h2_Weve created more than 5,000 Doodles ove_111429")): Object 'Object Repository/Page_The Story and Evolution of Doodles - G_6e786d/h2_Weve created more than 5,000 Doodles ove_111429' is visible

07-06-2024T14:01:21 - [MESSAGE][PASSED] - Object 'Object Repository/Page_The Story and Evolution of Doodles - G_6e786d/h2_Weve created more than 5,000 Doodles ove_111429' is visible

07-06-2024T14:01:21 - [TEST_STEP][PASSED] - click(findTestObject("Object Repository/Page_The Story and Evolution of Doodles - G_6e786d/p_The first Doodle was a simple out-of-offi_345e61")): Object: 'Object Repository/Page_The Story and Evolution of Doodles - G_6e786d/p_The first Doodle was a simple out-of-offi_345e61' is clicked on

07-06-2024T14:01:21 - [MESSAGE][PASSED] - Object: 'Object Repository/Page_The Story and Evolution of Doodles - G_6e786d/p_The first Doodle was a simple out-of-offi_345e61' is clicked on

07-06-2024T14:01:21 - [TEST_STEP][PASSED] - verifyElementVisible(findTestObject("Object Repository/Page_The Story and Evolution of Doodles - G_6e786d/h1_The story behind Doodles")): Object 'Object Repository/Page_The Story and Evolution of Doodles - G_6e786d/h1_The story behind Doodles' is visible

07-06-2024T14:01:21 - [MESSAGE][PASSED] - Object 'Object Repository/Page_The Story and Evolution of Doodles - G_6e786d/h1_The story behind Doodles' is visible

07-06-2024T14:01:21 - [TEST_STEP][PASSED] - verifyElementVisible(findTestObject("Object Repository/Page_The Story and Evolution of Doodles - G_6e786d/p_The first Doodle was a simple out-of-offi_345e61")): Object 'Object Repository/Page_The Story and Evolution of Doodles - G_6e786d/p_The first Doodle was a simple out-of-offi_345e61' is visible

07-06-2024T14:01:21 - [MESSAGE][PASSED] - Object 'Object Repository/Page_The Story and Evolution of Doodles - G_6e786d/p_The first Doodle was a simple out-of-offi_345e61' is visible

07-06-2024T14:01:21 - [TEST_STEP][PASSED] - verifyElementVisible(findTestObject("Object Repository/Page_The Story and Evolution of Doodles - G_6e786d/h2_Weve created more than 5,000 Doodles ove_111429")): Object 'Object Repository/Page_The Story and Evolution of Doodles - G_6e786d/h2_Weve created more than 5,000 Doodles ove_111429' is visible

07-06-2024T14:01:21 - [MESSAGE][PASSED] - Object 'Object Repository/Page_The Story and Evolution of Doodles - G_6e786d/h2_Weve created more than 5,000 Doodles ove_111429' is visible

07-06-2024T14:01:21 - [TEST_STEP][PASSED] - click(findTestObject("Object Repository/Page_The Story and Evolution of Doodles - G_6e786d/p_The first Doodle was a simple out-of-offi_345e61")): Object: 'Object Repository/Page_The Story and Evolution of Doodles - G_6e786d/p_The first Doodle was a simple out-of-offi_345e61' is clicked on

07-06-2024T14:01:21 - [MESSAGE][PASSED] - Object: 'Object Repository/Page_The Story and Evolution of Doodles - G_6e786d/p_The first Doodle was a simple out-of-offi_345e61' is clicked on

07-06-2024T14:01:21 - [TEST_STEP][PASSED] - verifyElementVisible(findTestObject("Object Repository/Page_The Story and Evolution of Doodles - G_6e786d/h1_The story behind Doodles")): Object 'Object Repository/Page_The Story and Evolution of Doodles - G_6e786d/h1_The story behind Doodles' is visible

07-06-2024T14:01:21 - [MESSAGE][PASSED] - Object 'Object Repository/Page_The Story and Evolution of Doodles - G_6e786d/h1_The story behind Doodles' is visible

07-06-2024T14:01:21 - [TEST_STEP][PASSED] - verifyElementVisible(findTestObject("Object Repository/Page_The Story and Evolution of Doodles - G_6e786d/p_The first Doodle was a simple out-of-offi_345e61")): Object 'Object Repository/Page_The Story and Evolution of Doodles - G_6e786d/p_The first Doodle was a simple out-of-offi_345e61' is visible

07-06-2024T14:01:21 - [MESSAGE][PASSED] - Object 'Object Repository/Page_The Story and Evolution of Doodles - G_6e786d/p_The first Doodle was a simple out-of-offi_345e61' is visible

07-06-2024T14:01:21 - [TEST_STEP][PASSED] - verifyElementVisible(findTestObject("Object Repository/Page_The Story and Evolution of Doodles - G_6e786d/h2_Weve created more than 5,000 Doodles ove_111429")): Object 'Object Repository/Page_The Story and Evolution of Doodles - G_6e786d/h2_Weve created more than 5,000 Doodles ove_111429' is visible

07-06-2024T14:01:21 - [MESSAGE][PASSED] - Object 'Object Repository/Page_The Story and Evolution of Doodles - G_6e786d/h2_Weve created more than 5,000 Doodles ove_111429' is visible

07-06-2024T14:01:21 - [TEST_STEP][PASSED] - click(findTestObject("Object Repository/Page_The Story and Evolution of Doodles - G_6e786d/p_The first Doodle was a simple out-of-offi_345e61")): Object: 'Object Repository/Page_The Story and Evolution of Doodles - G_6e786d/p_The first Doodle was a simple out-of-offi_345e61' is clicked on

07-06-2024T14:01:22 - [MESSAGE][PASSED] - Object: 'Object Repository/Page_The Story and Evolution of Doodles - G_6e786d/p_The first Doodle was a simple out-of-offi_345e61' is clicked on

07-06-2024T14:01:22 - [TEST_STEP][PASSED] - verifyElementVisible(findTestObject("Object Repository/Page_The Story and Evolution of Doodles - G_6e786d/h1_The story behind Doodles")): Object 'Object Repository/Page_The Story and Evolution of Doodles - G_6e786d/h1_The story behind Doodles' is visible

07-06-2024T14:01:22 - [MESSAGE][PASSED] - Object 'Object Repository/Page_The Story and Evolution of Doodles - G_6e786d/h1_The story behind Doodles' is visible

07-06-2024T14:01:22 - [TEST_STEP][PASSED] - verifyElementVisible(findTestObject("Object Repository/Page_The Story and Evolution of Doodles - G_6e786d/p_The first Doodle was a simple out-of-offi_345e61")): Object 'Object Repository/Page_The Story and Evolution of Doodles - G_6e786d/p_The first Doodle was a simple out-of-offi_345e61' is visible

07-06-2024T14:01:22 - [MESSAGE][PASSED] - Object 'Object Repository/Page_The Story and Evolution of Doodles - G_6e786d/p_The first Doodle was a simple out-of-offi_345e61' is visible

07-06-2024T14:01:22 - [TEST_STEP][PASSED] - verifyElementVisible(findTestObject("Object Repository/Page_The Story and Evolution of Doodles - G_6e786d/h2_Weve created more than 5,000 Doodles ove_111429")): Object 'Object Repository/Page_The Story and Evolution of Doodles - G_6e786d/h2_Weve created more than 5,000 Doodles ove_111429' is visible

07-06-2024T14:01:22 - [MESSAGE][PASSED] - Object 'Object Repository/Page_The Story and Evolution of Doodles - G_6e786d/h2_Weve created more than 5,000 Doodles ove_111429' is visible]]></system-out>
         <system-err><![CDATA[]]></system-err>
      </testcase>
      <testcase name="Test Cases/test case folder 1/tc1 - Copy (7) - Copy (4)" time="8.594" classname="Test Cases/test case folder 1/tc1 - Copy (7) - Copy (4)" status="PASSED">
         <system-out><![CDATA[07-06-2024T14:01:22 - [TEST_CASE][PASSED] - Test Cases/test case folder 1/tc1 - Copy (7) - Copy (4): Test Cases/test case folder 1/tc1 - Copy (7) - Copy (4)

07-06-2024T14:01:22 - [TEST_STEP][PASSED] - openBrowser(""): Browser is opened with url: ''

07-06-2024T14:01:22 - [MESSAGE][WARNING] - A browser is already opened. Closing browser and opening a new one

07-06-2024T14:01:23 - [MESSAGE][INFO] - Starting 'Firefox (headless)' driver

07-06-2024T14:01:23 - [MESSAGE][INFO] - Action delay is set to 0 milliseconds

07-06-2024T14:01:25 - [MESSAGE][PASSED] - Browser is opened with url: ''

07-06-2024T14:01:25 - [TEST_STEP][PASSED] - navigateToUrl("https://doodles.google/about/"): Navigate to 'https://doodles.google/about/' successfully

07-06-2024T14:01:26 - [MESSAGE][PASSED] - Navigate to 'https://doodles.google/about/' successfully

07-06-2024T14:01:26 - [TEST_STEP][PASSED] - click(findTestObject("Object Repository/Page_The Story and Evolution of Doodles - G_6e786d/p_The first Doodle was a simple out-of-offi_345e61")): Object: 'Object Repository/Page_The Story and Evolution of Doodles - G_6e786d/p_The first Doodle was a simple out-of-offi_345e61' is clicked on

07-06-2024T14:01:27 - [MESSAGE][PASSED] - Object: 'Object Repository/Page_The Story and Evolution of Doodles - G_6e786d/p_The first Doodle was a simple out-of-offi_345e61' is clicked on

07-06-2024T14:01:27 - [TEST_STEP][PASSED] - click(findTestObject("Object Repository/Page_The Story and Evolution of Doodles - G_6e786d/p_The first Doodle was a simple out-of-offi_345e61")): Object: 'Object Repository/Page_The Story and Evolution of Doodles - G_6e786d/p_The first Doodle was a simple out-of-offi_345e61' is clicked on

07-06-2024T14:01:27 - [MESSAGE][PASSED] - Object: 'Object Repository/Page_The Story and Evolution of Doodles - G_6e786d/p_The first Doodle was a simple out-of-offi_345e61' is clicked on

07-06-2024T14:01:27 - [TEST_STEP][PASSED] - verifyElementVisible(findTestObject("Object Repository/Page_The Story and Evolution of Doodles - G_6e786d/h1_The story behind Doodles")): Object 'Object Repository/Page_The Story and Evolution of Doodles - G_6e786d/h1_The story behind Doodles' is visible

07-06-2024T14:01:27 - [MESSAGE][PASSED] - Object 'Object Repository/Page_The Story and Evolution of Doodles - G_6e786d/h1_The story behind Doodles' is visible

07-06-2024T14:01:27 - [TEST_STEP][PASSED] - verifyElementVisible(findTestObject("Object Repository/Page_The Story and Evolution of Doodles - G_6e786d/p_The first Doodle was a simple out-of-offi_345e61")): Object 'Object Repository/Page_The Story and Evolution of Doodles - G_6e786d/p_The first Doodle was a simple out-of-offi_345e61' is visible

07-06-2024T14:01:27 - [MESSAGE][PASSED] - Object 'Object Repository/Page_The Story and Evolution of Doodles - G_6e786d/p_The first Doodle was a simple out-of-offi_345e61' is visible

07-06-2024T14:01:27 - [TEST_STEP][PASSED] - verifyElementVisible(findTestObject("Object Repository/Page_The Story and Evolution of Doodles - G_6e786d/h2_Weve created more than 5,000 Doodles ove_111429")): Object 'Object Repository/Page_The Story and Evolution of Doodles - G_6e786d/h2_Weve created more than 5,000 Doodles ove_111429' is visible

07-06-2024T14:01:27 - [MESSAGE][PASSED] - Object 'Object Repository/Page_The Story and Evolution of Doodles - G_6e786d/h2_Weve created more than 5,000 Doodles ove_111429' is visible

07-06-2024T14:01:27 - [TEST_STEP][PASSED] - verifyElementVisible(findTestObject("Object Repository/Page_The Story and Evolution of Doodles - G_6e786d/h1_The story behind Doodles")): Object 'Object Repository/Page_The Story and Evolution of Doodles - G_6e786d/h1_The story behind Doodles' is visible

07-06-2024T14:01:27 - [MESSAGE][PASSED] - Object 'Object Repository/Page_The Story and Evolution of Doodles - G_6e786d/h1_The story behind Doodles' is visible

07-06-2024T14:01:27 - [TEST_STEP][PASSED] - verifyElementVisible(findTestObject("Object Repository/Page_The Story and Evolution of Doodles - G_6e786d/p_The first Doodle was a simple out-of-offi_345e61")): Object 'Object Repository/Page_The Story and Evolution of Doodles - G_6e786d/p_The first Doodle was a simple out-of-offi_345e61' is visible

07-06-2024T14:01:27 - [MESSAGE][PASSED] - Object 'Object Repository/Page_The Story and Evolution of Doodles - G_6e786d/p_The first Doodle was a simple out-of-offi_345e61' is visible

07-06-2024T14:01:27 - [TEST_STEP][PASSED] - verifyElementVisible(findTestObject("Object Repository/Page_The Story and Evolution of Doodles - G_6e786d/h2_Weve created more than 5,000 Doodles ove_111429")): Object 'Object Repository/Page_The Story and Evolution of Doodles - G_6e786d/h2_Weve created more than 5,000 Doodles ove_111429' is visible

07-06-2024T14:01:27 - [MESSAGE][PASSED] - Object 'Object Repository/Page_The Story and Evolution of Doodles - G_6e786d/h2_Weve created more than 5,000 Doodles ove_111429' is visible

07-06-2024T14:01:27 - [TEST_STEP][PASSED] - click(findTestObject("Object Repository/Page_The Story and Evolution of Doodles - G_6e786d/p_The first Doodle was a simple out-of-offi_345e61")): Object: 'Object Repository/Page_The Story and Evolution of Doodles - G_6e786d/p_The first Doodle was a simple out-of-offi_345e61' is clicked on

07-06-2024T14:01:27 - [MESSAGE][PASSED] - Object: 'Object Repository/Page_The Story and Evolution of Doodles - G_6e786d/p_The first Doodle was a simple out-of-offi_345e61' is clicked on

07-06-2024T14:01:27 - [TEST_STEP][PASSED] - verifyElementVisible(findTestObject("Object Repository/Page_The Story and Evolution of Doodles - G_6e786d/h1_The story behind Doodles")): Object 'Object Repository/Page_The Story and Evolution of Doodles - G_6e786d/h1_The story behind Doodles' is visible

07-06-2024T14:01:27 - [MESSAGE][PASSED] - Object 'Object Repository/Page_The Story and Evolution of Doodles - G_6e786d/h1_The story behind Doodles' is visible

07-06-2024T14:01:27 - [TEST_STEP][PASSED] - verifyElementVisible(findTestObject("Object Repository/Page_The Story and Evolution of Doodles - G_6e786d/p_The first Doodle was a simple out-of-offi_345e61")): Object 'Object Repository/Page_The Story and Evolution of Doodles - G_6e786d/p_The first Doodle was a simple out-of-offi_345e61' is visible

07-06-2024T14:01:27 - [MESSAGE][PASSED] - Object 'Object Repository/Page_The Story and Evolution of Doodles - G_6e786d/p_The first Doodle was a simple out-of-offi_345e61' is visible

07-06-2024T14:01:27 - [TEST_STEP][PASSED] - verifyElementVisible(findTestObject("Object Repository/Page_The Story and Evolution of Doodles - G_6e786d/h2_Weve created more than 5,000 Doodles ove_111429")): Object 'Object Repository/Page_The Story and Evolution of Doodles - G_6e786d/h2_Weve created more than 5,000 Doodles ove_111429' is visible

07-06-2024T14:01:27 - [MESSAGE][PASSED] - Object 'Object Repository/Page_The Story and Evolution of Doodles - G_6e786d/h2_Weve created more than 5,000 Doodles ove_111429' is visible

07-06-2024T14:01:27 - [TEST_STEP][PASSED] - click(findTestObject("Object Repository/Page_The Story and Evolution of Doodles - G_6e786d/p_The first Doodle was a simple out-of-offi_345e61")): Object: 'Object Repository/Page_The Story and Evolution of Doodles - G_6e786d/p_The first Doodle was a simple out-of-offi_345e61' is clicked on

07-06-2024T14:01:28 - [MESSAGE][PASSED] - Object: 'Object Repository/Page_The Story and Evolution of Doodles - G_6e786d/p_The first Doodle was a simple out-of-offi_345e61' is clicked on

07-06-2024T14:01:28 - [TEST_STEP][PASSED] - verifyElementVisible(findTestObject("Object Repository/Page_The Story and Evolution of Doodles - G_6e786d/h1_The story behind Doodles")): Object 'Object Repository/Page_The Story and Evolution of Doodles - G_6e786d/h1_The story behind Doodles' is visible

07-06-2024T14:01:28 - [MESSAGE][PASSED] - Object 'Object Repository/Page_The Story and Evolution of Doodles - G_6e786d/h1_The story behind Doodles' is visible

07-06-2024T14:01:28 - [TEST_STEP][PASSED] - verifyElementVisible(findTestObject("Object Repository/Page_The Story and Evolution of Doodles - G_6e786d/p_The first Doodle was a simple out-of-offi_345e61")): Object 'Object Repository/Page_The Story and Evolution of Doodles - G_6e786d/p_The first Doodle was a simple out-of-offi_345e61' is visible

07-06-2024T14:01:28 - [MESSAGE][PASSED] - Object 'Object Repository/Page_The Story and Evolution of Doodles - G_6e786d/p_The first Doodle was a simple out-of-offi_345e61' is visible

07-06-2024T14:01:28 - [TEST_STEP][PASSED] - verifyElementVisible(findTestObject("Object Repository/Page_The Story and Evolution of Doodles - G_6e786d/h2_Weve created more than 5,000 Doodles ove_111429")): Object 'Object Repository/Page_The Story and Evolution of Doodles - G_6e786d/h2_Weve created more than 5,000 Doodles ove_111429' is visible

07-06-2024T14:01:28 - [MESSAGE][PASSED] - Object 'Object Repository/Page_The Story and Evolution of Doodles - G_6e786d/h2_Weve created more than 5,000 Doodles ove_111429' is visible

07-06-2024T14:01:28 - [TEST_STEP][PASSED] - click(findTestObject("Object Repository/Page_The Story and Evolution of Doodles - G_6e786d/p_The first Doodle was a simple out-of-offi_345e61")): Object: 'Object Repository/Page_The Story and Evolution of Doodles - G_6e786d/p_The first Doodle was a simple out-of-offi_345e61' is clicked on

07-06-2024T14:01:28 - [MESSAGE][PASSED] - Object: 'Object Repository/Page_The Story and Evolution of Doodles - G_6e786d/p_The first Doodle was a simple out-of-offi_345e61' is clicked on

07-06-2024T14:01:28 - [TEST_STEP][PASSED] - verifyElementVisible(findTestObject("Object Repository/Page_The Story and Evolution of Doodles - G_6e786d/h1_The story behind Doodles")): Object 'Object Repository/Page_The Story and Evolution of Doodles - G_6e786d/h1_The story behind Doodles' is visible

07-06-2024T14:01:28 - [MESSAGE][PASSED] - Object 'Object Repository/Page_The Story and Evolution of Doodles - G_6e786d/h1_The story behind Doodles' is visible

07-06-2024T14:01:28 - [TEST_STEP][PASSED] - verifyElementVisible(findTestObject("Object Repository/Page_The Story and Evolution of Doodles - G_6e786d/p_The first Doodle was a simple out-of-offi_345e61")): Object 'Object Repository/Page_The Story and Evolution of Doodles - G_6e786d/p_The first Doodle was a simple out-of-offi_345e61' is visible

07-06-2024T14:01:28 - [MESSAGE][PASSED] - Object 'Object Repository/Page_The Story and Evolution of Doodles - G_6e786d/p_The first Doodle was a simple out-of-offi_345e61' is visible

07-06-2024T14:01:28 - [TEST_STEP][PASSED] - verifyElementVisible(findTestObject("Object Repository/Page_The Story and Evolution of Doodles - G_6e786d/h2_Weve created more than 5,000 Doodles ove_111429")): Object 'Object Repository/Page_The Story and Evolution of Doodles - G_6e786d/h2_Weve created more than 5,000 Doodles ove_111429' is visible

07-06-2024T14:01:28 - [MESSAGE][PASSED] - Object 'Object Repository/Page_The Story and Evolution of Doodles - G_6e786d/h2_Weve created more than 5,000 Doodles ove_111429' is visible

07-06-2024T14:01:28 - [TEST_STEP][PASSED] - click(findTestObject("Object Repository/Page_The Story and Evolution of Doodles - G_6e786d/p_The first Doodle was a simple out-of-offi_345e61")): Object: 'Object Repository/Page_The Story and Evolution of Doodles - G_6e786d/p_The first Doodle was a simple out-of-offi_345e61' is clicked on

07-06-2024T14:01:28 - [MESSAGE][PASSED] - Object: 'Object Repository/Page_The Story and Evolution of Doodles - G_6e786d/p_The first Doodle was a simple out-of-offi_345e61' is clicked on

07-06-2024T14:01:28 - [TEST_STEP][PASSED] - verifyElementVisible(findTestObject("Object Repository/Page_The Story and Evolution of Doodles - G_6e786d/h1_The story behind Doodles")): Object 'Object Repository/Page_The Story and Evolution of Doodles - G_6e786d/h1_The story behind Doodles' is visible

07-06-2024T14:01:28 - [MESSAGE][PASSED] - Object 'Object Repository/Page_The Story and Evolution of Doodles - G_6e786d/h1_The story behind Doodles' is visible

07-06-2024T14:01:28 - [TEST_STEP][PASSED] - verifyElementVisible(findTestObject("Object Repository/Page_The Story and Evolution of Doodles - G_6e786d/p_The first Doodle was a simple out-of-offi_345e61")): Object 'Object Repository/Page_The Story and Evolution of Doodles - G_6e786d/p_The first Doodle was a simple out-of-offi_345e61' is visible

07-06-2024T14:01:28 - [MESSAGE][PASSED] - Object 'Object Repository/Page_The Story and Evolution of Doodles - G_6e786d/p_The first Doodle was a simple out-of-offi_345e61' is visible

07-06-2024T14:01:28 - [TEST_STEP][PASSED] - verifyElementVisible(findTestObject("Object Repository/Page_The Story and Evolution of Doodles - G_6e786d/h2_Weve created more than 5,000 Doodles ove_111429")): Object 'Object Repository/Page_The Story and Evolution of Doodles - G_6e786d/h2_Weve created more than 5,000 Doodles ove_111429' is visible

07-06-2024T14:01:28 - [MESSAGE][PASSED] - Object 'Object Repository/Page_The Story and Evolution of Doodles - G_6e786d/h2_Weve created more than 5,000 Doodles ove_111429' is visible

07-06-2024T14:01:28 - [TEST_STEP][PASSED] - click(findTestObject("Object Repository/Page_The Story and Evolution of Doodles - G_6e786d/p_The first Doodle was a simple out-of-offi_345e61")): Object: 'Object Repository/Page_The Story and Evolution of Doodles - G_6e786d/p_The first Doodle was a simple out-of-offi_345e61' is clicked on

07-06-2024T14:01:29 - [MESSAGE][PASSED] - Object: 'Object Repository/Page_The Story and Evolution of Doodles - G_6e786d/p_The first Doodle was a simple out-of-offi_345e61' is clicked on

07-06-2024T14:01:29 - [TEST_STEP][PASSED] - verifyElementVisible(findTestObject("Object Repository/Page_The Story and Evolution of Doodles - G_6e786d/h1_The story behind Doodles")): Object 'Object Repository/Page_The Story and Evolution of Doodles - G_6e786d/h1_The story behind Doodles' is visible

07-06-2024T14:01:29 - [MESSAGE][PASSED] - Object 'Object Repository/Page_The Story and Evolution of Doodles - G_6e786d/h1_The story behind Doodles' is visible

07-06-2024T14:01:29 - [TEST_STEP][PASSED] - verifyElementVisible(findTestObject("Object Repository/Page_The Story and Evolution of Doodles - G_6e786d/p_The first Doodle was a simple out-of-offi_345e61")): Object 'Object Repository/Page_The Story and Evolution of Doodles - G_6e786d/p_The first Doodle was a simple out-of-offi_345e61' is visible

07-06-2024T14:01:29 - [MESSAGE][PASSED] - Object 'Object Repository/Page_The Story and Evolution of Doodles - G_6e786d/p_The first Doodle was a simple out-of-offi_345e61' is visible

07-06-2024T14:01:29 - [TEST_STEP][PASSED] - verifyElementVisible(findTestObject("Object Repository/Page_The Story and Evolution of Doodles - G_6e786d/h2_Weve created more than 5,000 Doodles ove_111429")): Object 'Object Repository/Page_The Story and Evolution of Doodles - G_6e786d/h2_Weve created more than 5,000 Doodles ove_111429' is visible

07-06-2024T14:01:29 - [MESSAGE][PASSED] - Object 'Object Repository/Page_The Story and Evolution of Doodles - G_6e786d/h2_Weve created more than 5,000 Doodles ove_111429' is visible

07-06-2024T14:01:29 - [TEST_STEP][PASSED] - click(findTestObject("Object Repository/Page_The Story and Evolution of Doodles - G_6e786d/p_The first Doodle was a simple out-of-offi_345e61")): Object: 'Object Repository/Page_The Story and Evolution of Doodles - G_6e786d/p_The first Doodle was a simple out-of-offi_345e61' is clicked on

07-06-2024T14:01:29 - [MESSAGE][PASSED] - Object: 'Object Repository/Page_The Story and Evolution of Doodles - G_6e786d/p_The first Doodle was a simple out-of-offi_345e61' is clicked on

07-06-2024T14:01:29 - [TEST_STEP][PASSED] - verifyElementVisible(findTestObject("Object Repository/Page_The Story and Evolution of Doodles - G_6e786d/h1_The story behind Doodles")): Object 'Object Repository/Page_The Story and Evolution of Doodles - G_6e786d/h1_The story behind Doodles' is visible

07-06-2024T14:01:29 - [MESSAGE][PASSED] - Object 'Object Repository/Page_The Story and Evolution of Doodles - G_6e786d/h1_The story behind Doodles' is visible

07-06-2024T14:01:29 - [TEST_STEP][PASSED] - verifyElementVisible(findTestObject("Object Repository/Page_The Story and Evolution of Doodles - G_6e786d/p_The first Doodle was a simple out-of-offi_345e61")): Object 'Object Repository/Page_The Story and Evolution of Doodles - G_6e786d/p_The first Doodle was a simple out-of-offi_345e61' is visible

07-06-2024T14:01:29 - [MESSAGE][PASSED] - Object 'Object Repository/Page_The Story and Evolution of Doodles - G_6e786d/p_The first Doodle was a simple out-of-offi_345e61' is visible

07-06-2024T14:01:29 - [TEST_STEP][PASSED] - verifyElementVisible(findTestObject("Object Repository/Page_The Story and Evolution of Doodles - G_6e786d/h2_Weve created more than 5,000 Doodles ove_111429")): Object 'Object Repository/Page_The Story and Evolution of Doodles - G_6e786d/h2_Weve created more than 5,000 Doodles ove_111429' is visible

07-06-2024T14:01:29 - [MESSAGE][PASSED] - Object 'Object Repository/Page_The Story and Evolution of Doodles - G_6e786d/h2_Weve created more than 5,000 Doodles ove_111429' is visible

07-06-2024T14:01:29 - [TEST_STEP][PASSED] - click(findTestObject("Object Repository/Page_The Story and Evolution of Doodles - G_6e786d/p_The first Doodle was a simple out-of-offi_345e61")): Object: 'Object Repository/Page_The Story and Evolution of Doodles - G_6e786d/p_The first Doodle was a simple out-of-offi_345e61' is clicked on

07-06-2024T14:01:29 - [MESSAGE][PASSED] - Object: 'Object Repository/Page_The Story and Evolution of Doodles - G_6e786d/p_The first Doodle was a simple out-of-offi_345e61' is clicked on

07-06-2024T14:01:29 - [TEST_STEP][PASSED] - verifyElementVisible(findTestObject("Object Repository/Page_The Story and Evolution of Doodles - G_6e786d/h1_The story behind Doodles")): Object 'Object Repository/Page_The Story and Evolution of Doodles - G_6e786d/h1_The story behind Doodles' is visible

07-06-2024T14:01:30 - [MESSAGE][PASSED] - Object 'Object Repository/Page_The Story and Evolution of Doodles - G_6e786d/h1_The story behind Doodles' is visible

07-06-2024T14:01:30 - [TEST_STEP][PASSED] - verifyElementVisible(findTestObject("Object Repository/Page_The Story and Evolution of Doodles - G_6e786d/p_The first Doodle was a simple out-of-offi_345e61")): Object 'Object Repository/Page_The Story and Evolution of Doodles - G_6e786d/p_The first Doodle was a simple out-of-offi_345e61' is visible

07-06-2024T14:01:30 - [MESSAGE][PASSED] - Object 'Object Repository/Page_The Story and Evolution of Doodles - G_6e786d/p_The first Doodle was a simple out-of-offi_345e61' is visible

07-06-2024T14:01:30 - [TEST_STEP][PASSED] - verifyElementVisible(findTestObject("Object Repository/Page_The Story and Evolution of Doodles - G_6e786d/h2_Weve created more than 5,000 Doodles ove_111429")): Object 'Object Repository/Page_The Story and Evolution of Doodles - G_6e786d/h2_Weve created more than 5,000 Doodles ove_111429' is visible

07-06-2024T14:01:30 - [MESSAGE][PASSED] - Object 'Object Repository/Page_The Story and Evolution of Doodles - G_6e786d/h2_Weve created more than 5,000 Doodles ove_111429' is visible

07-06-2024T14:01:30 - [TEST_STEP][PASSED] - click(findTestObject("Object Repository/Page_The Story and Evolution of Doodles - G_6e786d/p_The first Doodle was a simple out-of-offi_345e61")): Object: 'Object Repository/Page_The Story and Evolution of Doodles - G_6e786d/p_The first Doodle was a simple out-of-offi_345e61' is clicked on

07-06-2024T14:01:30 - [MESSAGE][PASSED] - Object: 'Object Repository/Page_The Story and Evolution of Doodles - G_6e786d/p_The first Doodle was a simple out-of-offi_345e61' is clicked on

07-06-2024T14:01:30 - [TEST_STEP][PASSED] - verifyElementVisible(findTestObject("Object Repository/Page_The Story and Evolution of Doodles - G_6e786d/h1_The story behind Doodles")): Object 'Object Repository/Page_The Story and Evolution of Doodles - G_6e786d/h1_The story behind Doodles' is visible

07-06-2024T14:01:30 - [MESSAGE][PASSED] - Object 'Object Repository/Page_The Story and Evolution of Doodles - G_6e786d/h1_The story behind Doodles' is visible

07-06-2024T14:01:30 - [TEST_STEP][PASSED] - verifyElementVisible(findTestObject("Object Repository/Page_The Story and Evolution of Doodles - G_6e786d/p_The first Doodle was a simple out-of-offi_345e61")): Object 'Object Repository/Page_The Story and Evolution of Doodles - G_6e786d/p_The first Doodle was a simple out-of-offi_345e61' is visible

07-06-2024T14:01:30 - [MESSAGE][PASSED] - Object 'Object Repository/Page_The Story and Evolution of Doodles - G_6e786d/p_The first Doodle was a simple out-of-offi_345e61' is visible

07-06-2024T14:01:30 - [TEST_STEP][PASSED] - verifyElementVisible(findTestObject("Object Repository/Page_The Story and Evolution of Doodles - G_6e786d/h2_Weve created more than 5,000 Doodles ove_111429")): Object 'Object Repository/Page_The Story and Evolution of Doodles - G_6e786d/h2_Weve created more than 5,000 Doodles ove_111429' is visible

07-06-2024T14:01:30 - [MESSAGE][PASSED] - Object 'Object Repository/Page_The Story and Evolution of Doodles - G_6e786d/h2_Weve created more than 5,000 Doodles ove_111429' is visible

07-06-2024T14:01:30 - [TEST_STEP][PASSED] - click(findTestObject("Object Repository/Page_The Story and Evolution of Doodles - G_6e786d/p_The first Doodle was a simple out-of-offi_345e61")): Object: 'Object Repository/Page_The Story and Evolution of Doodles - G_6e786d/p_The first Doodle was a simple out-of-offi_345e61' is clicked on

07-06-2024T14:01:30 - [MESSAGE][PASSED] - Object: 'Object Repository/Page_The Story and Evolution of Doodles - G_6e786d/p_The first Doodle was a simple out-of-offi_345e61' is clicked on

07-06-2024T14:01:30 - [TEST_STEP][PASSED] - verifyElementVisible(findTestObject("Object Repository/Page_The Story and Evolution of Doodles - G_6e786d/h1_The story behind Doodles")): Object 'Object Repository/Page_The Story and Evolution of Doodles - G_6e786d/h1_The story behind Doodles' is visible

07-06-2024T14:01:30 - [MESSAGE][PASSED] - Object 'Object Repository/Page_The Story and Evolution of Doodles - G_6e786d/h1_The story behind Doodles' is visible

07-06-2024T14:01:30 - [TEST_STEP][PASSED] - verifyElementVisible(findTestObject("Object Repository/Page_The Story and Evolution of Doodles - G_6e786d/p_The first Doodle was a simple out-of-offi_345e61")): Object 'Object Repository/Page_The Story and Evolution of Doodles - G_6e786d/p_The first Doodle was a simple out-of-offi_345e61' is visible

07-06-2024T14:01:30 - [MESSAGE][PASSED] - Object 'Object Repository/Page_The Story and Evolution of Doodles - G_6e786d/p_The first Doodle was a simple out-of-offi_345e61' is visible

07-06-2024T14:01:30 - [TEST_STEP][PASSED] - verifyElementVisible(findTestObject("Object Repository/Page_The Story and Evolution of Doodles - G_6e786d/h2_Weve created more than 5,000 Doodles ove_111429")): Object 'Object Repository/Page_The Story and Evolution of Doodles - G_6e786d/h2_Weve created more than 5,000 Doodles ove_111429' is visible

07-06-2024T14:01:30 - [MESSAGE][PASSED] - Object 'Object Repository/Page_The Story and Evolution of Doodles - G_6e786d/h2_Weve created more than 5,000 Doodles ove_111429' is visible]]></system-out>
         <system-err><![CDATA[]]></system-err>
      </testcase>
      <testcase name="Test Cases/test case folder 1/tc1 - Copy (7) - Copy (3)" time="8.622" classname="Test Cases/test case folder 1/tc1 - Copy (7) - Copy (3)" status="PASSED">
         <system-out><![CDATA[07-06-2024T14:01:30 - [TEST_CASE][PASSED] - Test Cases/test case folder 1/tc1 - Copy (7) - Copy (3): Test Cases/test case folder 1/tc1 - Copy (7) - Copy (3)

07-06-2024T14:01:30 - [TEST_STEP][PASSED] - openBrowser(""): Browser is opened with url: ''

07-06-2024T14:01:30 - [MESSAGE][WARNING] - A browser is already opened. Closing browser and opening a new one

07-06-2024T14:01:31 - [MESSAGE][INFO] - Starting 'Firefox (headless)' driver

07-06-2024T14:01:31 - [MESSAGE][INFO] - Action delay is set to 0 milliseconds

07-06-2024T14:01:33 - [MESSAGE][PASSED] - Browser is opened with url: ''

07-06-2024T14:01:33 - [TEST_STEP][PASSED] - navigateToUrl("https://doodles.google/about/"): Navigate to 'https://doodles.google/about/' successfully

07-06-2024T14:01:35 - [MESSAGE][PASSED] - Navigate to 'https://doodles.google/about/' successfully

07-06-2024T14:01:35 - [TEST_STEP][PASSED] - click(findTestObject("Object Repository/Page_The Story and Evolution of Doodles - G_6e786d/p_The first Doodle was a simple out-of-offi_345e61")): Object: 'Object Repository/Page_The Story and Evolution of Doodles - G_6e786d/p_The first Doodle was a simple out-of-offi_345e61' is clicked on

07-06-2024T14:01:35 - [MESSAGE][PASSED] - Object: 'Object Repository/Page_The Story and Evolution of Doodles - G_6e786d/p_The first Doodle was a simple out-of-offi_345e61' is clicked on

07-06-2024T14:01:35 - [TEST_STEP][PASSED] - click(findTestObject("Object Repository/Page_The Story and Evolution of Doodles - G_6e786d/p_The first Doodle was a simple out-of-offi_345e61")): Object: 'Object Repository/Page_The Story and Evolution of Doodles - G_6e786d/p_The first Doodle was a simple out-of-offi_345e61' is clicked on

07-06-2024T14:01:35 - [MESSAGE][PASSED] - Object: 'Object Repository/Page_The Story and Evolution of Doodles - G_6e786d/p_The first Doodle was a simple out-of-offi_345e61' is clicked on

07-06-2024T14:01:35 - [TEST_STEP][PASSED] - verifyElementVisible(findTestObject("Object Repository/Page_The Story and Evolution of Doodles - G_6e786d/h1_The story behind Doodles")): Object 'Object Repository/Page_The Story and Evolution of Doodles - G_6e786d/h1_The story behind Doodles' is visible

07-06-2024T14:01:36 - [MESSAGE][PASSED] - Object 'Object Repository/Page_The Story and Evolution of Doodles - G_6e786d/h1_The story behind Doodles' is visible

07-06-2024T14:01:36 - [TEST_STEP][PASSED] - verifyElementVisible(findTestObject("Object Repository/Page_The Story and Evolution of Doodles - G_6e786d/p_The first Doodle was a simple out-of-offi_345e61")): Object 'Object Repository/Page_The Story and Evolution of Doodles - G_6e786d/p_The first Doodle was a simple out-of-offi_345e61' is visible

07-06-2024T14:01:36 - [MESSAGE][PASSED] - Object 'Object Repository/Page_The Story and Evolution of Doodles - G_6e786d/p_The first Doodle was a simple out-of-offi_345e61' is visible

07-06-2024T14:01:36 - [TEST_STEP][PASSED] - verifyElementVisible(findTestObject("Object Repository/Page_The Story and Evolution of Doodles - G_6e786d/h2_Weve created more than 5,000 Doodles ove_111429")): Object 'Object Repository/Page_The Story and Evolution of Doodles - G_6e786d/h2_Weve created more than 5,000 Doodles ove_111429' is visible

07-06-2024T14:01:36 - [MESSAGE][PASSED] - Object 'Object Repository/Page_The Story and Evolution of Doodles - G_6e786d/h2_Weve created more than 5,000 Doodles ove_111429' is visible

07-06-2024T14:01:36 - [TEST_STEP][PASSED] - verifyElementVisible(findTestObject("Object Repository/Page_The Story and Evolution of Doodles - G_6e786d/h1_The story behind Doodles")): Object 'Object Repository/Page_The Story and Evolution of Doodles - G_6e786d/h1_The story behind Doodles' is visible

07-06-2024T14:01:36 - [MESSAGE][PASSED] - Object 'Object Repository/Page_The Story and Evolution of Doodles - G_6e786d/h1_The story behind Doodles' is visible

07-06-2024T14:01:36 - [TEST_STEP][PASSED] - verifyElementVisible(findTestObject("Object Repository/Page_The Story and Evolution of Doodles - G_6e786d/p_The first Doodle was a simple out-of-offi_345e61")): Object 'Object Repository/Page_The Story and Evolution of Doodles - G_6e786d/p_The first Doodle was a simple out-of-offi_345e61' is visible

07-06-2024T14:01:36 - [MESSAGE][PASSED] - Object 'Object Repository/Page_The Story and Evolution of Doodles - G_6e786d/p_The first Doodle was a simple out-of-offi_345e61' is visible

07-06-2024T14:01:36 - [TEST_STEP][PASSED] - verifyElementVisible(findTestObject("Object Repository/Page_The Story and Evolution of Doodles - G_6e786d/h2_Weve created more than 5,000 Doodles ove_111429")): Object 'Object Repository/Page_The Story and Evolution of Doodles - G_6e786d/h2_Weve created more than 5,000 Doodles ove_111429' is visible

07-06-2024T14:01:36 - [MESSAGE][PASSED] - Object 'Object Repository/Page_The Story and Evolution of Doodles - G_6e786d/h2_Weve created more than 5,000 Doodles ove_111429' is visible

07-06-2024T14:01:36 - [TEST_STEP][PASSED] - click(findTestObject("Object Repository/Page_The Story and Evolution of Doodles - G_6e786d/p_The first Doodle was a simple out-of-offi_345e61")): Object: 'Object Repository/Page_The Story and Evolution of Doodles - G_6e786d/p_The first Doodle was a simple out-of-offi_345e61' is clicked on

07-06-2024T14:01:36 - [MESSAGE][PASSED] - Object: 'Object Repository/Page_The Story and Evolution of Doodles - G_6e786d/p_The first Doodle was a simple out-of-offi_345e61' is clicked on

07-06-2024T14:01:36 - [TEST_STEP][PASSED] - verifyElementVisible(findTestObject("Object Repository/Page_The Story and Evolution of Doodles - G_6e786d/h1_The story behind Doodles")): Object 'Object Repository/Page_The Story and Evolution of Doodles - G_6e786d/h1_The story behind Doodles' is visible

07-06-2024T14:01:36 - [MESSAGE][PASSED] - Object 'Object Repository/Page_The Story and Evolution of Doodles - G_6e786d/h1_The story behind Doodles' is visible

07-06-2024T14:01:36 - [TEST_STEP][PASSED] - verifyElementVisible(findTestObject("Object Repository/Page_The Story and Evolution of Doodles - G_6e786d/p_The first Doodle was a simple out-of-offi_345e61")): Object 'Object Repository/Page_The Story and Evolution of Doodles - G_6e786d/p_The first Doodle was a simple out-of-offi_345e61' is visible

07-06-2024T14:01:36 - [MESSAGE][PASSED] - Object 'Object Repository/Page_The Story and Evolution of Doodles - G_6e786d/p_The first Doodle was a simple out-of-offi_345e61' is visible

07-06-2024T14:01:36 - [TEST_STEP][PASSED] - verifyElementVisible(findTestObject("Object Repository/Page_The Story and Evolution of Doodles - G_6e786d/h2_Weve created more than 5,000 Doodles ove_111429")): Object 'Object Repository/Page_The Story and Evolution of Doodles - G_6e786d/h2_Weve created more than 5,000 Doodles ove_111429' is visible

07-06-2024T14:01:36 - [MESSAGE][PASSED] - Object 'Object Repository/Page_The Story and Evolution of Doodles - G_6e786d/h2_Weve created more than 5,000 Doodles ove_111429' is visible

07-06-2024T14:01:36 - [TEST_STEP][PASSED] - click(findTestObject("Object Repository/Page_The Story and Evolution of Doodles - G_6e786d/p_The first Doodle was a simple out-of-offi_345e61")): Object: 'Object Repository/Page_The Story and Evolution of Doodles - G_6e786d/p_The first Doodle was a simple out-of-offi_345e61' is clicked on

07-06-2024T14:01:36 - [MESSAGE][PASSED] - Object: 'Object Repository/Page_The Story and Evolution of Doodles - G_6e786d/p_The first Doodle was a simple out-of-offi_345e61' is clicked on

07-06-2024T14:01:36 - [TEST_STEP][PASSED] - verifyElementVisible(findTestObject("Object Repository/Page_The Story and Evolution of Doodles - G_6e786d/h1_The story behind Doodles")): Object 'Object Repository/Page_The Story and Evolution of Doodles - G_6e786d/h1_The story behind Doodles' is visible

07-06-2024T14:01:36 - [MESSAGE][PASSED] - Object 'Object Repository/Page_The Story and Evolution of Doodles - G_6e786d/h1_The story behind Doodles' is visible

07-06-2024T14:01:36 - [TEST_STEP][PASSED] - verifyElementVisible(findTestObject("Object Repository/Page_The Story and Evolution of Doodles - G_6e786d/p_The first Doodle was a simple out-of-offi_345e61")): Object 'Object Repository/Page_The Story and Evolution of Doodles - G_6e786d/p_The first Doodle was a simple out-of-offi_345e61' is visible

07-06-2024T14:01:36 - [MESSAGE][PASSED] - Object 'Object Repository/Page_The Story and Evolution of Doodles - G_6e786d/p_The first Doodle was a simple out-of-offi_345e61' is visible

07-06-2024T14:01:36 - [TEST_STEP][PASSED] - verifyElementVisible(findTestObject("Object Repository/Page_The Story and Evolution of Doodles - G_6e786d/h2_Weve created more than 5,000 Doodles ove_111429")): Object 'Object Repository/Page_The Story and Evolution of Doodles - G_6e786d/h2_Weve created more than 5,000 Doodles ove_111429' is visible

07-06-2024T14:01:36 - [MESSAGE][PASSED] - Object 'Object Repository/Page_The Story and Evolution of Doodles - G_6e786d/h2_Weve created more than 5,000 Doodles ove_111429' is visible

07-06-2024T14:01:36 - [TEST_STEP][PASSED] - click(findTestObject("Object Repository/Page_The Story and Evolution of Doodles - G_6e786d/p_The first Doodle was a simple out-of-offi_345e61")): Object: 'Object Repository/Page_The Story and Evolution of Doodles - G_6e786d/p_The first Doodle was a simple out-of-offi_345e61' is clicked on

07-06-2024T14:01:37 - [MESSAGE][PASSED] - Object: 'Object Repository/Page_The Story and Evolution of Doodles - G_6e786d/p_The first Doodle was a simple out-of-offi_345e61' is clicked on

07-06-2024T14:01:37 - [TEST_STEP][PASSED] - verifyElementVisible(findTestObject("Object Repository/Page_The Story and Evolution of Doodles - G_6e786d/h1_The story behind Doodles")): Object 'Object Repository/Page_The Story and Evolution of Doodles - G_6e786d/h1_The story behind Doodles' is visible

07-06-2024T14:01:37 - [MESSAGE][PASSED] - Object 'Object Repository/Page_The Story and Evolution of Doodles - G_6e786d/h1_The story behind Doodles' is visible

07-06-2024T14:01:37 - [TEST_STEP][PASSED] - verifyElementVisible(findTestObject("Object Repository/Page_The Story and Evolution of Doodles - G_6e786d/p_The first Doodle was a simple out-of-offi_345e61")): Object 'Object Repository/Page_The Story and Evolution of Doodles - G_6e786d/p_The first Doodle was a simple out-of-offi_345e61' is visible

07-06-2024T14:01:37 - [MESSAGE][PASSED] - Object 'Object Repository/Page_The Story and Evolution of Doodles - G_6e786d/p_The first Doodle was a simple out-of-offi_345e61' is visible

07-06-2024T14:01:37 - [TEST_STEP][PASSED] - verifyElementVisible(findTestObject("Object Repository/Page_The Story and Evolution of Doodles - G_6e786d/h2_Weve created more than 5,000 Doodles ove_111429")): Object 'Object Repository/Page_The Story and Evolution of Doodles - G_6e786d/h2_Weve created more than 5,000 Doodles ove_111429' is visible

07-06-2024T14:01:37 - [MESSAGE][PASSED] - Object 'Object Repository/Page_The Story and Evolution of Doodles - G_6e786d/h2_Weve created more than 5,000 Doodles ove_111429' is visible

07-06-2024T14:01:37 - [TEST_STEP][PASSED] - click(findTestObject("Object Repository/Page_The Story and Evolution of Doodles - G_6e786d/p_The first Doodle was a simple out-of-offi_345e61")): Object: 'Object Repository/Page_The Story and Evolution of Doodles - G_6e786d/p_The first Doodle was a simple out-of-offi_345e61' is clicked on

07-06-2024T14:01:37 - [MESSAGE][PASSED] - Object: 'Object Repository/Page_The Story and Evolution of Doodles - G_6e786d/p_The first Doodle was a simple out-of-offi_345e61' is clicked on

07-06-2024T14:01:37 - [TEST_STEP][PASSED] - verifyElementVisible(findTestObject("Object Repository/Page_The Story and Evolution of Doodles - G_6e786d/h1_The story behind Doodles")): Object 'Object Repository/Page_The Story and Evolution of Doodles - G_6e786d/h1_The story behind Doodles' is visible

07-06-2024T14:01:37 - [MESSAGE][PASSED] - Object 'Object Repository/Page_The Story and Evolution of Doodles - G_6e786d/h1_The story behind Doodles' is visible

07-06-2024T14:01:37 - [TEST_STEP][PASSED] - verifyElementVisible(findTestObject("Object Repository/Page_The Story and Evolution of Doodles - G_6e786d/p_The first Doodle was a simple out-of-offi_345e61")): Object 'Object Repository/Page_The Story and Evolution of Doodles - G_6e786d/p_The first Doodle was a simple out-of-offi_345e61' is visible

07-06-2024T14:01:37 - [MESSAGE][PASSED] - Object 'Object Repository/Page_The Story and Evolution of Doodles - G_6e786d/p_The first Doodle was a simple out-of-offi_345e61' is visible

07-06-2024T14:01:37 - [TEST_STEP][PASSED] - verifyElementVisible(findTestObject("Object Repository/Page_The Story and Evolution of Doodles - G_6e786d/h2_Weve created more than 5,000 Doodles ove_111429")): Object 'Object Repository/Page_The Story and Evolution of Doodles - G_6e786d/h2_Weve created more than 5,000 Doodles ove_111429' is visible

07-06-2024T14:01:37 - [MESSAGE][PASSED] - Object 'Object Repository/Page_The Story and Evolution of Doodles - G_6e786d/h2_Weve created more than 5,000 Doodles ove_111429' is visible

07-06-2024T14:01:37 - [TEST_STEP][PASSED] - click(findTestObject("Object Repository/Page_The Story and Evolution of Doodles - G_6e786d/p_The first Doodle was a simple out-of-offi_345e61")): Object: 'Object Repository/Page_The Story and Evolution of Doodles - G_6e786d/p_The first Doodle was a simple out-of-offi_345e61' is clicked on

07-06-2024T14:01:37 - [MESSAGE][PASSED] - Object: 'Object Repository/Page_The Story and Evolution of Doodles - G_6e786d/p_The first Doodle was a simple out-of-offi_345e61' is clicked on

07-06-2024T14:01:37 - [TEST_STEP][PASSED] - verifyElementVisible(findTestObject("Object Repository/Page_The Story and Evolution of Doodles - G_6e786d/h1_The story behind Doodles")): Object 'Object Repository/Page_The Story and Evolution of Doodles - G_6e786d/h1_The story behind Doodles' is visible

07-06-2024T14:01:37 - [MESSAGE][PASSED] - Object 'Object Repository/Page_The Story and Evolution of Doodles - G_6e786d/h1_The story behind Doodles' is visible

07-06-2024T14:01:37 - [TEST_STEP][PASSED] - verifyElementVisible(findTestObject("Object Repository/Page_The Story and Evolution of Doodles - G_6e786d/p_The first Doodle was a simple out-of-offi_345e61")): Object 'Object Repository/Page_The Story and Evolution of Doodles - G_6e786d/p_The first Doodle was a simple out-of-offi_345e61' is visible

07-06-2024T14:01:37 - [MESSAGE][PASSED] - Object 'Object Repository/Page_The Story and Evolution of Doodles - G_6e786d/p_The first Doodle was a simple out-of-offi_345e61' is visible

07-06-2024T14:01:37 - [TEST_STEP][PASSED] - verifyElementVisible(findTestObject("Object Repository/Page_The Story and Evolution of Doodles - G_6e786d/h2_Weve created more than 5,000 Doodles ove_111429")): Object 'Object Repository/Page_The Story and Evolution of Doodles - G_6e786d/h2_Weve created more than 5,000 Doodles ove_111429' is visible

07-06-2024T14:01:37 - [MESSAGE][PASSED] - Object 'Object Repository/Page_The Story and Evolution of Doodles - G_6e786d/h2_Weve created more than 5,000 Doodles ove_111429' is visible

07-06-2024T14:01:37 - [TEST_STEP][PASSED] - click(findTestObject("Object Repository/Page_The Story and Evolution of Doodles - G_6e786d/p_The first Doodle was a simple out-of-offi_345e61")): Object: 'Object Repository/Page_The Story and Evolution of Doodles - G_6e786d/p_The first Doodle was a simple out-of-offi_345e61' is clicked on

07-06-2024T14:01:38 - [MESSAGE][PASSED] - Object: 'Object Repository/Page_The Story and Evolution of Doodles - G_6e786d/p_The first Doodle was a simple out-of-offi_345e61' is clicked on

07-06-2024T14:01:38 - [TEST_STEP][PASSED] - verifyElementVisible(findTestObject("Object Repository/Page_The Story and Evolution of Doodles - G_6e786d/h1_The story behind Doodles")): Object 'Object Repository/Page_The Story and Evolution of Doodles - G_6e786d/h1_The story behind Doodles' is visible

07-06-2024T14:01:38 - [MESSAGE][PASSED] - Object 'Object Repository/Page_The Story and Evolution of Doodles - G_6e786d/h1_The story behind Doodles' is visible

07-06-2024T14:01:38 - [TEST_STEP][PASSED] - verifyElementVisible(findTestObject("Object Repository/Page_The Story and Evolution of Doodles - G_6e786d/p_The first Doodle was a simple out-of-offi_345e61")): Object 'Object Repository/Page_The Story and Evolution of Doodles - G_6e786d/p_The first Doodle was a simple out-of-offi_345e61' is visible

07-06-2024T14:01:38 - [MESSAGE][PASSED] - Object 'Object Repository/Page_The Story and Evolution of Doodles - G_6e786d/p_The first Doodle was a simple out-of-offi_345e61' is visible

07-06-2024T14:01:38 - [TEST_STEP][PASSED] - verifyElementVisible(findTestObject("Object Repository/Page_The Story and Evolution of Doodles - G_6e786d/h2_Weve created more than 5,000 Doodles ove_111429")): Object 'Object Repository/Page_The Story and Evolution of Doodles - G_6e786d/h2_Weve created more than 5,000 Doodles ove_111429' is visible

07-06-2024T14:01:38 - [MESSAGE][PASSED] - Object 'Object Repository/Page_The Story and Evolution of Doodles - G_6e786d/h2_Weve created more than 5,000 Doodles ove_111429' is visible

07-06-2024T14:01:38 - [TEST_STEP][PASSED] - click(findTestObject("Object Repository/Page_The Story and Evolution of Doodles - G_6e786d/p_The first Doodle was a simple out-of-offi_345e61")): Object: 'Object Repository/Page_The Story and Evolution of Doodles - G_6e786d/p_The first Doodle was a simple out-of-offi_345e61' is clicked on

07-06-2024T14:01:38 - [MESSAGE][PASSED] - Object: 'Object Repository/Page_The Story and Evolution of Doodles - G_6e786d/p_The first Doodle was a simple out-of-offi_345e61' is clicked on

07-06-2024T14:01:38 - [TEST_STEP][PASSED] - verifyElementVisible(findTestObject("Object Repository/Page_The Story and Evolution of Doodles - G_6e786d/h1_The story behind Doodles")): Object 'Object Repository/Page_The Story and Evolution of Doodles - G_6e786d/h1_The story behind Doodles' is visible

07-06-2024T14:01:38 - [MESSAGE][PASSED] - Object 'Object Repository/Page_The Story and Evolution of Doodles - G_6e786d/h1_The story behind Doodles' is visible

07-06-2024T14:01:38 - [TEST_STEP][PASSED] - verifyElementVisible(findTestObject("Object Repository/Page_The Story and Evolution of Doodles - G_6e786d/p_The first Doodle was a simple out-of-offi_345e61")): Object 'Object Repository/Page_The Story and Evolution of Doodles - G_6e786d/p_The first Doodle was a simple out-of-offi_345e61' is visible

07-06-2024T14:01:38 - [MESSAGE][PASSED] - Object 'Object Repository/Page_The Story and Evolution of Doodles - G_6e786d/p_The first Doodle was a simple out-of-offi_345e61' is visible

07-06-2024T14:01:38 - [TEST_STEP][PASSED] - verifyElementVisible(findTestObject("Object Repository/Page_The Story and Evolution of Doodles - G_6e786d/h2_Weve created more than 5,000 Doodles ove_111429")): Object 'Object Repository/Page_The Story and Evolution of Doodles - G_6e786d/h2_Weve created more than 5,000 Doodles ove_111429' is visible

07-06-2024T14:01:38 - [MESSAGE][PASSED] - Object 'Object Repository/Page_The Story and Evolution of Doodles - G_6e786d/h2_Weve created more than 5,000 Doodles ove_111429' is visible

07-06-2024T14:01:38 - [TEST_STEP][PASSED] - click(findTestObject("Object Repository/Page_The Story and Evolution of Doodles - G_6e786d/p_The first Doodle was a simple out-of-offi_345e61")): Object: 'Object Repository/Page_The Story and Evolution of Doodles - G_6e786d/p_The first Doodle was a simple out-of-offi_345e61' is clicked on

07-06-2024T14:01:38 - [MESSAGE][PASSED] - Object: 'Object Repository/Page_The Story and Evolution of Doodles - G_6e786d/p_The first Doodle was a simple out-of-offi_345e61' is clicked on

07-06-2024T14:01:38 - [TEST_STEP][PASSED] - verifyElementVisible(findTestObject("Object Repository/Page_The Story and Evolution of Doodles - G_6e786d/h1_The story behind Doodles")): Object 'Object Repository/Page_The Story and Evolution of Doodles - G_6e786d/h1_The story behind Doodles' is visible

07-06-2024T14:01:38 - [MESSAGE][PASSED] - Object 'Object Repository/Page_The Story and Evolution of Doodles - G_6e786d/h1_The story behind Doodles' is visible

07-06-2024T14:01:38 - [TEST_STEP][PASSED] - verifyElementVisible(findTestObject("Object Repository/Page_The Story and Evolution of Doodles - G_6e786d/p_The first Doodle was a simple out-of-offi_345e61")): Object 'Object Repository/Page_The Story and Evolution of Doodles - G_6e786d/p_The first Doodle was a simple out-of-offi_345e61' is visible

07-06-2024T14:01:38 - [MESSAGE][PASSED] - Object 'Object Repository/Page_The Story and Evolution of Doodles - G_6e786d/p_The first Doodle was a simple out-of-offi_345e61' is visible

07-06-2024T14:01:38 - [TEST_STEP][PASSED] - verifyElementVisible(findTestObject("Object Repository/Page_The Story and Evolution of Doodles - G_6e786d/h2_Weve created more than 5,000 Doodles ove_111429")): Object 'Object Repository/Page_The Story and Evolution of Doodles - G_6e786d/h2_Weve created more than 5,000 Doodles ove_111429' is visible

07-06-2024T14:01:39 - [MESSAGE][PASSED] - Object 'Object Repository/Page_The Story and Evolution of Doodles - G_6e786d/h2_Weve created more than 5,000 Doodles ove_111429' is visible

07-06-2024T14:01:39 - [TEST_STEP][PASSED] - click(findTestObject("Object Repository/Page_The Story and Evolution of Doodles - G_6e786d/p_The first Doodle was a simple out-of-offi_345e61")): Object: 'Object Repository/Page_The Story and Evolution of Doodles - G_6e786d/p_The first Doodle was a simple out-of-offi_345e61' is clicked on

07-06-2024T14:01:39 - [MESSAGE][PASSED] - Object: 'Object Repository/Page_The Story and Evolution of Doodles - G_6e786d/p_The first Doodle was a simple out-of-offi_345e61' is clicked on

07-06-2024T14:01:39 - [TEST_STEP][PASSED] - verifyElementVisible(findTestObject("Object Repository/Page_The Story and Evolution of Doodles - G_6e786d/h1_The story behind Doodles")): Object 'Object Repository/Page_The Story and Evolution of Doodles - G_6e786d/h1_The story behind Doodles' is visible

07-06-2024T14:01:39 - [MESSAGE][PASSED] - Object 'Object Repository/Page_The Story and Evolution of Doodles - G_6e786d/h1_The story behind Doodles' is visible

07-06-2024T14:01:39 - [TEST_STEP][PASSED] - verifyElementVisible(findTestObject("Object Repository/Page_The Story and Evolution of Doodles - G_6e786d/p_The first Doodle was a simple out-of-offi_345e61")): Object 'Object Repository/Page_The Story and Evolution of Doodles - G_6e786d/p_The first Doodle was a simple out-of-offi_345e61' is visible

07-06-2024T14:01:39 - [MESSAGE][PASSED] - Object 'Object Repository/Page_The Story and Evolution of Doodles - G_6e786d/p_The first Doodle was a simple out-of-offi_345e61' is visible

07-06-2024T14:01:39 - [TEST_STEP][PASSED] - verifyElementVisible(findTestObject("Object Repository/Page_The Story and Evolution of Doodles - G_6e786d/h2_Weve created more than 5,000 Doodles ove_111429")): Object 'Object Repository/Page_The Story and Evolution of Doodles - G_6e786d/h2_Weve created more than 5,000 Doodles ove_111429' is visible

07-06-2024T14:01:39 - [MESSAGE][PASSED] - Object 'Object Repository/Page_The Story and Evolution of Doodles - G_6e786d/h2_Weve created more than 5,000 Doodles ove_111429' is visible]]></system-out>
         <system-err><![CDATA[]]></system-err>
      </testcase>
      <testcase name="Test Cases/test case folder 1/tc1 - Copy (7) - Copy (6)" time="8.415" classname="Test Cases/test case folder 1/tc1 - Copy (7) - Copy (6)" status="PASSED">
         <system-out><![CDATA[07-06-2024T14:01:39 - [TEST_CASE][PASSED] - Test Cases/test case folder 1/tc1 - Copy (7) - Copy (6): Test Cases/test case folder 1/tc1 - Copy (7) - Copy (6)

07-06-2024T14:01:39 - [TEST_STEP][PASSED] - openBrowser(""): Browser is opened with url: ''

07-06-2024T14:01:39 - [MESSAGE][WARNING] - A browser is already opened. Closing browser and opening a new one

07-06-2024T14:01:40 - [MESSAGE][INFO] - Starting 'Firefox (headless)' driver

07-06-2024T14:01:40 - [MESSAGE][INFO] - Action delay is set to 0 milliseconds

07-06-2024T14:01:42 - [MESSAGE][PASSED] - Browser is opened with url: ''

07-06-2024T14:01:42 - [TEST_STEP][PASSED] - navigateToUrl("https://doodles.google/about/"): Navigate to 'https://doodles.google/about/' successfully

07-06-2024T14:01:43 - [MESSAGE][PASSED] - Navigate to 'https://doodles.google/about/' successfully

07-06-2024T14:01:43 - [TEST_STEP][PASSED] - click(findTestObject("Object Repository/Page_The Story and Evolution of Doodles - G_6e786d/p_The first Doodle was a simple out-of-offi_345e61")): Object: 'Object Repository/Page_The Story and Evolution of Doodles - G_6e786d/p_The first Doodle was a simple out-of-offi_345e61' is clicked on

07-06-2024T14:01:44 - [MESSAGE][PASSED] - Object: 'Object Repository/Page_The Story and Evolution of Doodles - G_6e786d/p_The first Doodle was a simple out-of-offi_345e61' is clicked on

07-06-2024T14:01:44 - [TEST_STEP][PASSED] - click(findTestObject("Object Repository/Page_The Story and Evolution of Doodles - G_6e786d/p_The first Doodle was a simple out-of-offi_345e61")): Object: 'Object Repository/Page_The Story and Evolution of Doodles - G_6e786d/p_The first Doodle was a simple out-of-offi_345e61' is clicked on

07-06-2024T14:01:44 - [MESSAGE][PASSED] - Object: 'Object Repository/Page_The Story and Evolution of Doodles - G_6e786d/p_The first Doodle was a simple out-of-offi_345e61' is clicked on

07-06-2024T14:01:44 - [TEST_STEP][PASSED] - verifyElementVisible(findTestObject("Object Repository/Page_The Story and Evolution of Doodles - G_6e786d/h1_The story behind Doodles")): Object 'Object Repository/Page_The Story and Evolution of Doodles - G_6e786d/h1_The story behind Doodles' is visible

07-06-2024T14:01:44 - [MESSAGE][PASSED] - Object 'Object Repository/Page_The Story and Evolution of Doodles - G_6e786d/h1_The story behind Doodles' is visible

07-06-2024T14:01:44 - [TEST_STEP][PASSED] - verifyElementVisible(findTestObject("Object Repository/Page_The Story and Evolution of Doodles - G_6e786d/p_The first Doodle was a simple out-of-offi_345e61")): Object 'Object Repository/Page_The Story and Evolution of Doodles - G_6e786d/p_The first Doodle was a simple out-of-offi_345e61' is visible

07-06-2024T14:01:44 - [MESSAGE][PASSED] - Object 'Object Repository/Page_The Story and Evolution of Doodles - G_6e786d/p_The first Doodle was a simple out-of-offi_345e61' is visible

07-06-2024T14:01:44 - [TEST_STEP][PASSED] - verifyElementVisible(findTestObject("Object Repository/Page_The Story and Evolution of Doodles - G_6e786d/h2_Weve created more than 5,000 Doodles ove_111429")): Object 'Object Repository/Page_The Story and Evolution of Doodles - G_6e786d/h2_Weve created more than 5,000 Doodles ove_111429' is visible

07-06-2024T14:01:44 - [MESSAGE][PASSED] - Object 'Object Repository/Page_The Story and Evolution of Doodles - G_6e786d/h2_Weve created more than 5,000 Doodles ove_111429' is visible

07-06-2024T14:01:44 - [TEST_STEP][PASSED] - verifyElementVisible(findTestObject("Object Repository/Page_The Story and Evolution of Doodles - G_6e786d/h1_The story behind Doodles")): Object 'Object Repository/Page_The Story and Evolution of Doodles - G_6e786d/h1_The story behind Doodles' is visible

07-06-2024T14:01:44 - [MESSAGE][PASSED] - Object 'Object Repository/Page_The Story and Evolution of Doodles - G_6e786d/h1_The story behind Doodles' is visible

07-06-2024T14:01:44 - [TEST_STEP][PASSED] - verifyElementVisible(findTestObject("Object Repository/Page_The Story and Evolution of Doodles - G_6e786d/p_The first Doodle was a simple out-of-offi_345e61")): Object 'Object Repository/Page_The Story and Evolution of Doodles - G_6e786d/p_The first Doodle was a simple out-of-offi_345e61' is visible

07-06-2024T14:01:44 - [MESSAGE][PASSED] - Object 'Object Repository/Page_The Story and Evolution of Doodles - G_6e786d/p_The first Doodle was a simple out-of-offi_345e61' is visible

07-06-2024T14:01:44 - [TEST_STEP][PASSED] - verifyElementVisible(findTestObject("Object Repository/Page_The Story and Evolution of Doodles - G_6e786d/h2_Weve created more than 5,000 Doodles ove_111429")): Object 'Object Repository/Page_The Story and Evolution of Doodles - G_6e786d/h2_Weve created more than 5,000 Doodles ove_111429' is visible

07-06-2024T14:01:44 - [MESSAGE][PASSED] - Object 'Object Repository/Page_The Story and Evolution of Doodles - G_6e786d/h2_Weve created more than 5,000 Doodles ove_111429' is visible

07-06-2024T14:01:44 - [TEST_STEP][PASSED] - click(findTestObject("Object Repository/Page_The Story and Evolution of Doodles - G_6e786d/p_The first Doodle was a simple out-of-offi_345e61")): Object: 'Object Repository/Page_The Story and Evolution of Doodles - G_6e786d/p_The first Doodle was a simple out-of-offi_345e61' is clicked on

07-06-2024T14:01:45 - [MESSAGE][PASSED] - Object: 'Object Repository/Page_The Story and Evolution of Doodles - G_6e786d/p_The first Doodle was a simple out-of-offi_345e61' is clicked on

07-06-2024T14:01:45 - [TEST_STEP][PASSED] - verifyElementVisible(findTestObject("Object Repository/Page_The Story and Evolution of Doodles - G_6e786d/h1_The story behind Doodles")): Object 'Object Repository/Page_The Story and Evolution of Doodles - G_6e786d/h1_The story behind Doodles' is visible

07-06-2024T14:01:45 - [MESSAGE][PASSED] - Object 'Object Repository/Page_The Story and Evolution of Doodles - G_6e786d/h1_The story behind Doodles' is visible

07-06-2024T14:01:45 - [TEST_STEP][PASSED] - verifyElementVisible(findTestObject("Object Repository/Page_The Story and Evolution of Doodles - G_6e786d/p_The first Doodle was a simple out-of-offi_345e61")): Object 'Object Repository/Page_The Story and Evolution of Doodles - G_6e786d/p_The first Doodle was a simple out-of-offi_345e61' is visible

07-06-2024T14:01:45 - [MESSAGE][PASSED] - Object 'Object Repository/Page_The Story and Evolution of Doodles - G_6e786d/p_The first Doodle was a simple out-of-offi_345e61' is visible

07-06-2024T14:01:45 - [TEST_STEP][PASSED] - verifyElementVisible(findTestObject("Object Repository/Page_The Story and Evolution of Doodles - G_6e786d/h2_Weve created more than 5,000 Doodles ove_111429")): Object 'Object Repository/Page_The Story and Evolution of Doodles - G_6e786d/h2_Weve created more than 5,000 Doodles ove_111429' is visible

07-06-2024T14:01:45 - [MESSAGE][PASSED] - Object 'Object Repository/Page_The Story and Evolution of Doodles - G_6e786d/h2_Weve created more than 5,000 Doodles ove_111429' is visible

07-06-2024T14:01:45 - [TEST_STEP][PASSED] - click(findTestObject("Object Repository/Page_The Story and Evolution of Doodles - G_6e786d/p_The first Doodle was a simple out-of-offi_345e61")): Object: 'Object Repository/Page_The Story and Evolution of Doodles - G_6e786d/p_The first Doodle was a simple out-of-offi_345e61' is clicked on

07-06-2024T14:01:45 - [MESSAGE][PASSED] - Object: 'Object Repository/Page_The Story and Evolution of Doodles - G_6e786d/p_The first Doodle was a simple out-of-offi_345e61' is clicked on

07-06-2024T14:01:45 - [TEST_STEP][PASSED] - verifyElementVisible(findTestObject("Object Repository/Page_The Story and Evolution of Doodles - G_6e786d/h1_The story behind Doodles")): Object 'Object Repository/Page_The Story and Evolution of Doodles - G_6e786d/h1_The story behind Doodles' is visible

07-06-2024T14:01:45 - [MESSAGE][PASSED] - Object 'Object Repository/Page_The Story and Evolution of Doodles - G_6e786d/h1_The story behind Doodles' is visible

07-06-2024T14:01:45 - [TEST_STEP][PASSED] - verifyElementVisible(findTestObject("Object Repository/Page_The Story and Evolution of Doodles - G_6e786d/p_The first Doodle was a simple out-of-offi_345e61")): Object 'Object Repository/Page_The Story and Evolution of Doodles - G_6e786d/p_The first Doodle was a simple out-of-offi_345e61' is visible

07-06-2024T14:01:45 - [MESSAGE][PASSED] - Object 'Object Repository/Page_The Story and Evolution of Doodles - G_6e786d/p_The first Doodle was a simple out-of-offi_345e61' is visible

07-06-2024T14:01:45 - [TEST_STEP][PASSED] - verifyElementVisible(findTestObject("Object Repository/Page_The Story and Evolution of Doodles - G_6e786d/h2_Weve created more than 5,000 Doodles ove_111429")): Object 'Object Repository/Page_The Story and Evolution of Doodles - G_6e786d/h2_Weve created more than 5,000 Doodles ove_111429' is visible

07-06-2024T14:01:45 - [MESSAGE][PASSED] - Object 'Object Repository/Page_The Story and Evolution of Doodles - G_6e786d/h2_Weve created more than 5,000 Doodles ove_111429' is visible

07-06-2024T14:01:45 - [TEST_STEP][PASSED] - click(findTestObject("Object Repository/Page_The Story and Evolution of Doodles - G_6e786d/p_The first Doodle was a simple out-of-offi_345e61")): Object: 'Object Repository/Page_The Story and Evolution of Doodles - G_6e786d/p_The first Doodle was a simple out-of-offi_345e61' is clicked on

07-06-2024T14:01:45 - [MESSAGE][PASSED] - Object: 'Object Repository/Page_The Story and Evolution of Doodles - G_6e786d/p_The first Doodle was a simple out-of-offi_345e61' is clicked on

07-06-2024T14:01:45 - [TEST_STEP][PASSED] - verifyElementVisible(findTestObject("Object Repository/Page_The Story and Evolution of Doodles - G_6e786d/h1_The story behind Doodles")): Object 'Object Repository/Page_The Story and Evolution of Doodles - G_6e786d/h1_The story behind Doodles' is visible

07-06-2024T14:01:45 - [MESSAGE][PASSED] - Object 'Object Repository/Page_The Story and Evolution of Doodles - G_6e786d/h1_The story behind Doodles' is visible

07-06-2024T14:01:45 - [TEST_STEP][PASSED] - verifyElementVisible(findTestObject("Object Repository/Page_The Story and Evolution of Doodles - G_6e786d/p_The first Doodle was a simple out-of-offi_345e61")): Object 'Object Repository/Page_The Story and Evolution of Doodles - G_6e786d/p_The first Doodle was a simple out-of-offi_345e61' is visible

07-06-2024T14:01:45 - [MESSAGE][PASSED] - Object 'Object Repository/Page_The Story and Evolution of Doodles - G_6e786d/p_The first Doodle was a simple out-of-offi_345e61' is visible

07-06-2024T14:01:45 - [TEST_STEP][PASSED] - verifyElementVisible(findTestObject("Object Repository/Page_The Story and Evolution of Doodles - G_6e786d/h2_Weve created more than 5,000 Doodles ove_111429")): Object 'Object Repository/Page_The Story and Evolution of Doodles - G_6e786d/h2_Weve created more than 5,000 Doodles ove_111429' is visible

07-06-2024T14:01:45 - [MESSAGE][PASSED] - Object 'Object Repository/Page_The Story and Evolution of Doodles - G_6e786d/h2_Weve created more than 5,000 Doodles ove_111429' is visible

07-06-2024T14:01:45 - [TEST_STEP][PASSED] - click(findTestObject("Object Repository/Page_The Story and Evolution of Doodles - G_6e786d/p_The first Doodle was a simple out-of-offi_345e61")): Object: 'Object Repository/Page_The Story and Evolution of Doodles - G_6e786d/p_The first Doodle was a simple out-of-offi_345e61' is clicked on

07-06-2024T14:01:46 - [MESSAGE][PASSED] - Object: 'Object Repository/Page_The Story and Evolution of Doodles - G_6e786d/p_The first Doodle was a simple out-of-offi_345e61' is clicked on

07-06-2024T14:01:46 - [TEST_STEP][PASSED] - verifyElementVisible(findTestObject("Object Repository/Page_The Story and Evolution of Doodles - G_6e786d/h1_The story behind Doodles")): Object 'Object Repository/Page_The Story and Evolution of Doodles - G_6e786d/h1_The story behind Doodles' is visible

07-06-2024T14:01:46 - [MESSAGE][PASSED] - Object 'Object Repository/Page_The Story and Evolution of Doodles - G_6e786d/h1_The story behind Doodles' is visible

07-06-2024T14:01:46 - [TEST_STEP][PASSED] - verifyElementVisible(findTestObject("Object Repository/Page_The Story and Evolution of Doodles - G_6e786d/p_The first Doodle was a simple out-of-offi_345e61")): Object 'Object Repository/Page_The Story and Evolution of Doodles - G_6e786d/p_The first Doodle was a simple out-of-offi_345e61' is visible

07-06-2024T14:01:46 - [MESSAGE][PASSED] - Object 'Object Repository/Page_The Story and Evolution of Doodles - G_6e786d/p_The first Doodle was a simple out-of-offi_345e61' is visible

07-06-2024T14:01:46 - [TEST_STEP][PASSED] - verifyElementVisible(findTestObject("Object Repository/Page_The Story and Evolution of Doodles - G_6e786d/h2_Weve created more than 5,000 Doodles ove_111429")): Object 'Object Repository/Page_The Story and Evolution of Doodles - G_6e786d/h2_Weve created more than 5,000 Doodles ove_111429' is visible

07-06-2024T14:01:46 - [MESSAGE][PASSED] - Object 'Object Repository/Page_The Story and Evolution of Doodles - G_6e786d/h2_Weve created more than 5,000 Doodles ove_111429' is visible

07-06-2024T14:01:46 - [TEST_STEP][PASSED] - click(findTestObject("Object Repository/Page_The Story and Evolution of Doodles - G_6e786d/p_The first Doodle was a simple out-of-offi_345e61")): Object: 'Object Repository/Page_The Story and Evolution of Doodles - G_6e786d/p_The first Doodle was a simple out-of-offi_345e61' is clicked on

07-06-2024T14:01:46 - [MESSAGE][PASSED] - Object: 'Object Repository/Page_The Story and Evolution of Doodles - G_6e786d/p_The first Doodle was a simple out-of-offi_345e61' is clicked on

07-06-2024T14:01:46 - [TEST_STEP][PASSED] - verifyElementVisible(findTestObject("Object Repository/Page_The Story and Evolution of Doodles - G_6e786d/h1_The story behind Doodles")): Object 'Object Repository/Page_The Story and Evolution of Doodles - G_6e786d/h1_The story behind Doodles' is visible

07-06-2024T14:01:46 - [MESSAGE][PASSED] - Object 'Object Repository/Page_The Story and Evolution of Doodles - G_6e786d/h1_The story behind Doodles' is visible

07-06-2024T14:01:46 - [TEST_STEP][PASSED] - verifyElementVisible(findTestObject("Object Repository/Page_The Story and Evolution of Doodles - G_6e786d/p_The first Doodle was a simple out-of-offi_345e61")): Object 'Object Repository/Page_The Story and Evolution of Doodles - G_6e786d/p_The first Doodle was a simple out-of-offi_345e61' is visible

07-06-2024T14:01:46 - [MESSAGE][PASSED] - Object 'Object Repository/Page_The Story and Evolution of Doodles - G_6e786d/p_The first Doodle was a simple out-of-offi_345e61' is visible

07-06-2024T14:01:46 - [TEST_STEP][PASSED] - verifyElementVisible(findTestObject("Object Repository/Page_The Story and Evolution of Doodles - G_6e786d/h2_Weve created more than 5,000 Doodles ove_111429")): Object 'Object Repository/Page_The Story and Evolution of Doodles - G_6e786d/h2_Weve created more than 5,000 Doodles ove_111429' is visible

07-06-2024T14:01:46 - [MESSAGE][PASSED] - Object 'Object Repository/Page_The Story and Evolution of Doodles - G_6e786d/h2_Weve created more than 5,000 Doodles ove_111429' is visible

07-06-2024T14:01:46 - [TEST_STEP][PASSED] - click(findTestObject("Object Repository/Page_The Story and Evolution of Doodles - G_6e786d/p_The first Doodle was a simple out-of-offi_345e61")): Object: 'Object Repository/Page_The Story and Evolution of Doodles - G_6e786d/p_The first Doodle was a simple out-of-offi_345e61' is clicked on

07-06-2024T14:01:46 - [MESSAGE][PASSED] - Object: 'Object Repository/Page_The Story and Evolution of Doodles - G_6e786d/p_The first Doodle was a simple out-of-offi_345e61' is clicked on

07-06-2024T14:01:46 - [TEST_STEP][PASSED] - verifyElementVisible(findTestObject("Object Repository/Page_The Story and Evolution of Doodles - G_6e786d/h1_The story behind Doodles")): Object 'Object Repository/Page_The Story and Evolution of Doodles - G_6e786d/h1_The story behind Doodles' is visible

07-06-2024T14:01:46 - [MESSAGE][PASSED] - Object 'Object Repository/Page_The Story and Evolution of Doodles - G_6e786d/h1_The story behind Doodles' is visible

07-06-2024T14:01:46 - [TEST_STEP][PASSED] - verifyElementVisible(findTestObject("Object Repository/Page_The Story and Evolution of Doodles - G_6e786d/p_The first Doodle was a simple out-of-offi_345e61")): Object 'Object Repository/Page_The Story and Evolution of Doodles - G_6e786d/p_The first Doodle was a simple out-of-offi_345e61' is visible

07-06-2024T14:01:46 - [MESSAGE][PASSED] - Object 'Object Repository/Page_The Story and Evolution of Doodles - G_6e786d/p_The first Doodle was a simple out-of-offi_345e61' is visible

07-06-2024T14:01:46 - [TEST_STEP][PASSED] - verifyElementVisible(findTestObject("Object Repository/Page_The Story and Evolution of Doodles - G_6e786d/h2_Weve created more than 5,000 Doodles ove_111429")): Object 'Object Repository/Page_The Story and Evolution of Doodles - G_6e786d/h2_Weve created more than 5,000 Doodles ove_111429' is visible

07-06-2024T14:01:46 - [MESSAGE][PASSED] - Object 'Object Repository/Page_The Story and Evolution of Doodles - G_6e786d/h2_Weve created more than 5,000 Doodles ove_111429' is visible

07-06-2024T14:01:46 - [TEST_STEP][PASSED] - click(findTestObject("Object Repository/Page_The Story and Evolution of Doodles - G_6e786d/p_The first Doodle was a simple out-of-offi_345e61")): Object: 'Object Repository/Page_The Story and Evolution of Doodles - G_6e786d/p_The first Doodle was a simple out-of-offi_345e61' is clicked on

07-06-2024T14:01:47 - [MESSAGE][PASSED] - Object: 'Object Repository/Page_The Story and Evolution of Doodles - G_6e786d/p_The first Doodle was a simple out-of-offi_345e61' is clicked on

07-06-2024T14:01:47 - [TEST_STEP][PASSED] - verifyElementVisible(findTestObject("Object Repository/Page_The Story and Evolution of Doodles - G_6e786d/h1_The story behind Doodles")): Object 'Object Repository/Page_The Story and Evolution of Doodles - G_6e786d/h1_The story behind Doodles' is visible

07-06-2024T14:01:47 - [MESSAGE][PASSED] - Object 'Object Repository/Page_The Story and Evolution of Doodles - G_6e786d/h1_The story behind Doodles' is visible

07-06-2024T14:01:47 - [TEST_STEP][PASSED] - verifyElementVisible(findTestObject("Object Repository/Page_The Story and Evolution of Doodles - G_6e786d/p_The first Doodle was a simple out-of-offi_345e61")): Object 'Object Repository/Page_The Story and Evolution of Doodles - G_6e786d/p_The first Doodle was a simple out-of-offi_345e61' is visible

07-06-2024T14:01:47 - [MESSAGE][PASSED] - Object 'Object Repository/Page_The Story and Evolution of Doodles - G_6e786d/p_The first Doodle was a simple out-of-offi_345e61' is visible

07-06-2024T14:01:47 - [TEST_STEP][PASSED] - verifyElementVisible(findTestObject("Object Repository/Page_The Story and Evolution of Doodles - G_6e786d/h2_Weve created more than 5,000 Doodles ove_111429")): Object 'Object Repository/Page_The Story and Evolution of Doodles - G_6e786d/h2_Weve created more than 5,000 Doodles ove_111429' is visible

07-06-2024T14:01:47 - [MESSAGE][PASSED] - Object 'Object Repository/Page_The Story and Evolution of Doodles - G_6e786d/h2_Weve created more than 5,000 Doodles ove_111429' is visible

07-06-2024T14:01:47 - [TEST_STEP][PASSED] - click(findTestObject("Object Repository/Page_The Story and Evolution of Doodles - G_6e786d/p_The first Doodle was a simple out-of-offi_345e61")): Object: 'Object Repository/Page_The Story and Evolution of Doodles - G_6e786d/p_The first Doodle was a simple out-of-offi_345e61' is clicked on

07-06-2024T14:01:47 - [MESSAGE][PASSED] - Object: 'Object Repository/Page_The Story and Evolution of Doodles - G_6e786d/p_The first Doodle was a simple out-of-offi_345e61' is clicked on

07-06-2024T14:01:47 - [TEST_STEP][PASSED] - verifyElementVisible(findTestObject("Object Repository/Page_The Story and Evolution of Doodles - G_6e786d/h1_The story behind Doodles")): Object 'Object Repository/Page_The Story and Evolution of Doodles - G_6e786d/h1_The story behind Doodles' is visible

07-06-2024T14:01:47 - [MESSAGE][PASSED] - Object 'Object Repository/Page_The Story and Evolution of Doodles - G_6e786d/h1_The story behind Doodles' is visible

07-06-2024T14:01:47 - [TEST_STEP][PASSED] - verifyElementVisible(findTestObject("Object Repository/Page_The Story and Evolution of Doodles - G_6e786d/p_The first Doodle was a simple out-of-offi_345e61")): Object 'Object Repository/Page_The Story and Evolution of Doodles - G_6e786d/p_The first Doodle was a simple out-of-offi_345e61' is visible

07-06-2024T14:01:47 - [MESSAGE][PASSED] - Object 'Object Repository/Page_The Story and Evolution of Doodles - G_6e786d/p_The first Doodle was a simple out-of-offi_345e61' is visible

07-06-2024T14:01:47 - [TEST_STEP][PASSED] - verifyElementVisible(findTestObject("Object Repository/Page_The Story and Evolution of Doodles - G_6e786d/h2_Weve created more than 5,000 Doodles ove_111429")): Object 'Object Repository/Page_The Story and Evolution of Doodles - G_6e786d/h2_Weve created more than 5,000 Doodles ove_111429' is visible

07-06-2024T14:01:47 - [MESSAGE][PASSED] - Object 'Object Repository/Page_The Story and Evolution of Doodles - G_6e786d/h2_Weve created more than 5,000 Doodles ove_111429' is visible

07-06-2024T14:01:47 - [TEST_STEP][PASSED] - click(findTestObject("Object Repository/Page_The Story and Evolution of Doodles - G_6e786d/p_The first Doodle was a simple out-of-offi_345e61")): Object: 'Object Repository/Page_The Story and Evolution of Doodles - G_6e786d/p_The first Doodle was a simple out-of-offi_345e61' is clicked on

07-06-2024T14:01:47 - [MESSAGE][PASSED] - Object: 'Object Repository/Page_The Story and Evolution of Doodles - G_6e786d/p_The first Doodle was a simple out-of-offi_345e61' is clicked on

07-06-2024T14:01:47 - [TEST_STEP][PASSED] - verifyElementVisible(findTestObject("Object Repository/Page_The Story and Evolution of Doodles - G_6e786d/h1_The story behind Doodles")): Object 'Object Repository/Page_The Story and Evolution of Doodles - G_6e786d/h1_The story behind Doodles' is visible

07-06-2024T14:01:47 - [MESSAGE][PASSED] - Object 'Object Repository/Page_The Story and Evolution of Doodles - G_6e786d/h1_The story behind Doodles' is visible

07-06-2024T14:01:47 - [TEST_STEP][PASSED] - verifyElementVisible(findTestObject("Object Repository/Page_The Story and Evolution of Doodles - G_6e786d/p_The first Doodle was a simple out-of-offi_345e61")): Object 'Object Repository/Page_The Story and Evolution of Doodles - G_6e786d/p_The first Doodle was a simple out-of-offi_345e61' is visible

07-06-2024T14:01:47 - [MESSAGE][PASSED] - Object 'Object Repository/Page_The Story and Evolution of Doodles - G_6e786d/p_The first Doodle was a simple out-of-offi_345e61' is visible

07-06-2024T14:01:47 - [TEST_STEP][PASSED] - verifyElementVisible(findTestObject("Object Repository/Page_The Story and Evolution of Doodles - G_6e786d/h2_Weve created more than 5,000 Doodles ove_111429")): Object 'Object Repository/Page_The Story and Evolution of Doodles - G_6e786d/h2_Weve created more than 5,000 Doodles ove_111429' is visible

07-06-2024T14:01:47 - [MESSAGE][PASSED] - Object 'Object Repository/Page_The Story and Evolution of Doodles - G_6e786d/h2_Weve created more than 5,000 Doodles ove_111429' is visible]]></system-out>
         <system-err><![CDATA[]]></system-err>
      </testcase>
      <testcase name="Test Cases/test case folder 1/tc1 - Copy (7) - Copy (5)" time="8.661" classname="Test Cases/test case folder 1/tc1 - Copy (7) - Copy (5)" status="PASSED">
         <system-out><![CDATA[07-06-2024T14:01:47 - [TEST_CASE][PASSED] - Test Cases/test case folder 1/tc1 - Copy (7) - Copy (5): Test Cases/test case folder 1/tc1 - Copy (7) - Copy (5)

07-06-2024T14:01:47 - [TEST_STEP][PASSED] - openBrowser(""): Browser is opened with url: ''

07-06-2024T14:01:47 - [MESSAGE][WARNING] - A browser is already opened. Closing browser and opening a new one

07-06-2024T14:01:48 - [MESSAGE][INFO] - Starting 'Firefox (headless)' driver

07-06-2024T14:01:48 - [MESSAGE][INFO] - Action delay is set to 0 milliseconds

07-06-2024T14:01:50 - [MESSAGE][PASSED] - Browser is opened with url: ''

07-06-2024T14:01:50 - [TEST_STEP][PASSED] - navigateToUrl("https://doodles.google/about/"): Navigate to 'https://doodles.google/about/' successfully

07-06-2024T14:01:52 - [MESSAGE][PASSED] - Navigate to 'https://doodles.google/about/' successfully

07-06-2024T14:01:52 - [TEST_STEP][PASSED] - click(findTestObject("Object Repository/Page_The Story and Evolution of Doodles - G_6e786d/p_The first Doodle was a simple out-of-offi_345e61")): Object: 'Object Repository/Page_The Story and Evolution of Doodles - G_6e786d/p_The first Doodle was a simple out-of-offi_345e61' is clicked on

07-06-2024T14:01:52 - [MESSAGE][PASSED] - Object: 'Object Repository/Page_The Story and Evolution of Doodles - G_6e786d/p_The first Doodle was a simple out-of-offi_345e61' is clicked on

07-06-2024T14:01:52 - [TEST_STEP][PASSED] - click(findTestObject("Object Repository/Page_The Story and Evolution of Doodles - G_6e786d/p_The first Doodle was a simple out-of-offi_345e61")): Object: 'Object Repository/Page_The Story and Evolution of Doodles - G_6e786d/p_The first Doodle was a simple out-of-offi_345e61' is clicked on

07-06-2024T14:01:52 - [MESSAGE][PASSED] - Object: 'Object Repository/Page_The Story and Evolution of Doodles - G_6e786d/p_The first Doodle was a simple out-of-offi_345e61' is clicked on

07-06-2024T14:01:52 - [TEST_STEP][PASSED] - verifyElementVisible(findTestObject("Object Repository/Page_The Story and Evolution of Doodles - G_6e786d/h1_The story behind Doodles")): Object 'Object Repository/Page_The Story and Evolution of Doodles - G_6e786d/h1_The story behind Doodles' is visible

07-06-2024T14:01:53 - [MESSAGE][PASSED] - Object 'Object Repository/Page_The Story and Evolution of Doodles - G_6e786d/h1_The story behind Doodles' is visible

07-06-2024T14:01:53 - [TEST_STEP][PASSED] - verifyElementVisible(findTestObject("Object Repository/Page_The Story and Evolution of Doodles - G_6e786d/p_The first Doodle was a simple out-of-offi_345e61")): Object 'Object Repository/Page_The Story and Evolution of Doodles - G_6e786d/p_The first Doodle was a simple out-of-offi_345e61' is visible

07-06-2024T14:01:53 - [MESSAGE][PASSED] - Object 'Object Repository/Page_The Story and Evolution of Doodles - G_6e786d/p_The first Doodle was a simple out-of-offi_345e61' is visible

07-06-2024T14:01:53 - [TEST_STEP][PASSED] - verifyElementVisible(findTestObject("Object Repository/Page_The Story and Evolution of Doodles - G_6e786d/h2_Weve created more than 5,000 Doodles ove_111429")): Object 'Object Repository/Page_The Story and Evolution of Doodles - G_6e786d/h2_Weve created more than 5,000 Doodles ove_111429' is visible

07-06-2024T14:01:53 - [MESSAGE][PASSED] - Object 'Object Repository/Page_The Story and Evolution of Doodles - G_6e786d/h2_Weve created more than 5,000 Doodles ove_111429' is visible

07-06-2024T14:01:53 - [TEST_STEP][PASSED] - verifyElementVisible(findTestObject("Object Repository/Page_The Story and Evolution of Doodles - G_6e786d/h1_The story behind Doodles")): Object 'Object Repository/Page_The Story and Evolution of Doodles - G_6e786d/h1_The story behind Doodles' is visible

07-06-2024T14:01:53 - [MESSAGE][PASSED] - Object 'Object Repository/Page_The Story and Evolution of Doodles - G_6e786d/h1_The story behind Doodles' is visible

07-06-2024T14:01:53 - [TEST_STEP][PASSED] - verifyElementVisible(findTestObject("Object Repository/Page_The Story and Evolution of Doodles - G_6e786d/p_The first Doodle was a simple out-of-offi_345e61")): Object 'Object Repository/Page_The Story and Evolution of Doodles - G_6e786d/p_The first Doodle was a simple out-of-offi_345e61' is visible

07-06-2024T14:01:53 - [MESSAGE][PASSED] - Object 'Object Repository/Page_The Story and Evolution of Doodles - G_6e786d/p_The first Doodle was a simple out-of-offi_345e61' is visible

07-06-2024T14:01:53 - [TEST_STEP][PASSED] - verifyElementVisible(findTestObject("Object Repository/Page_The Story and Evolution of Doodles - G_6e786d/h2_Weve created more than 5,000 Doodles ove_111429")): Object 'Object Repository/Page_The Story and Evolution of Doodles - G_6e786d/h2_Weve created more than 5,000 Doodles ove_111429' is visible

07-06-2024T14:01:53 - [MESSAGE][PASSED] - Object 'Object Repository/Page_The Story and Evolution of Doodles - G_6e786d/h2_Weve created more than 5,000 Doodles ove_111429' is visible

07-06-2024T14:01:53 - [TEST_STEP][PASSED] - click(findTestObject("Object Repository/Page_The Story and Evolution of Doodles - G_6e786d/p_The first Doodle was a simple out-of-offi_345e61")): Object: 'Object Repository/Page_The Story and Evolution of Doodles - G_6e786d/p_The first Doodle was a simple out-of-offi_345e61' is clicked on

07-06-2024T14:01:53 - [MESSAGE][PASSED] - Object: 'Object Repository/Page_The Story and Evolution of Doodles - G_6e786d/p_The first Doodle was a simple out-of-offi_345e61' is clicked on

07-06-2024T14:01:53 - [TEST_STEP][PASSED] - verifyElementVisible(findTestObject("Object Repository/Page_The Story and Evolution of Doodles - G_6e786d/h1_The story behind Doodles")): Object 'Object Repository/Page_The Story and Evolution of Doodles - G_6e786d/h1_The story behind Doodles' is visible

07-06-2024T14:01:53 - [MESSAGE][PASSED] - Object 'Object Repository/Page_The Story and Evolution of Doodles - G_6e786d/h1_The story behind Doodles' is visible

07-06-2024T14:01:53 - [TEST_STEP][PASSED] - verifyElementVisible(findTestObject("Object Repository/Page_The Story and Evolution of Doodles - G_6e786d/p_The first Doodle was a simple out-of-offi_345e61")): Object 'Object Repository/Page_The Story and Evolution of Doodles - G_6e786d/p_The first Doodle was a simple out-of-offi_345e61' is visible

07-06-2024T14:01:53 - [MESSAGE][PASSED] - Object 'Object Repository/Page_The Story and Evolution of Doodles - G_6e786d/p_The first Doodle was a simple out-of-offi_345e61' is visible

07-06-2024T14:01:53 - [TEST_STEP][PASSED] - verifyElementVisible(findTestObject("Object Repository/Page_The Story and Evolution of Doodles - G_6e786d/h2_Weve created more than 5,000 Doodles ove_111429")): Object 'Object Repository/Page_The Story and Evolution of Doodles - G_6e786d/h2_Weve created more than 5,000 Doodles ove_111429' is visible

07-06-2024T14:01:53 - [MESSAGE][PASSED] - Object 'Object Repository/Page_The Story and Evolution of Doodles - G_6e786d/h2_Weve created more than 5,000 Doodles ove_111429' is visible

07-06-2024T14:01:53 - [TEST_STEP][PASSED] - click(findTestObject("Object Repository/Page_The Story and Evolution of Doodles - G_6e786d/p_The first Doodle was a simple out-of-offi_345e61")): Object: 'Object Repository/Page_The Story and Evolution of Doodles - G_6e786d/p_The first Doodle was a simple out-of-offi_345e61' is clicked on

07-06-2024T14:01:53 - [MESSAGE][PASSED] - Object: 'Object Repository/Page_The Story and Evolution of Doodles - G_6e786d/p_The first Doodle was a simple out-of-offi_345e61' is clicked on

07-06-2024T14:01:53 - [TEST_STEP][PASSED] - verifyElementVisible(findTestObject("Object Repository/Page_The Story and Evolution of Doodles - G_6e786d/h1_The story behind Doodles")): Object 'Object Repository/Page_The Story and Evolution of Doodles - G_6e786d/h1_The story behind Doodles' is visible

07-06-2024T14:01:53 - [MESSAGE][PASSED] - Object 'Object Repository/Page_The Story and Evolution of Doodles - G_6e786d/h1_The story behind Doodles' is visible

07-06-2024T14:01:53 - [TEST_STEP][PASSED] - verifyElementVisible(findTestObject("Object Repository/Page_The Story and Evolution of Doodles - G_6e786d/p_The first Doodle was a simple out-of-offi_345e61")): Object 'Object Repository/Page_The Story and Evolution of Doodles - G_6e786d/p_The first Doodle was a simple out-of-offi_345e61' is visible

07-06-2024T14:01:53 - [MESSAGE][PASSED] - Object 'Object Repository/Page_The Story and Evolution of Doodles - G_6e786d/p_The first Doodle was a simple out-of-offi_345e61' is visible

07-06-2024T14:01:53 - [TEST_STEP][PASSED] - verifyElementVisible(findTestObject("Object Repository/Page_The Story and Evolution of Doodles - G_6e786d/h2_Weve created more than 5,000 Doodles ove_111429")): Object 'Object Repository/Page_The Story and Evolution of Doodles - G_6e786d/h2_Weve created more than 5,000 Doodles ove_111429' is visible

07-06-2024T14:01:54 - [MESSAGE][PASSED] - Object 'Object Repository/Page_The Story and Evolution of Doodles - G_6e786d/h2_Weve created more than 5,000 Doodles ove_111429' is visible

07-06-2024T14:01:54 - [TEST_STEP][PASSED] - click(findTestObject("Object Repository/Page_The Story and Evolution of Doodles - G_6e786d/p_The first Doodle was a simple out-of-offi_345e61")): Object: 'Object Repository/Page_The Story and Evolution of Doodles - G_6e786d/p_The first Doodle was a simple out-of-offi_345e61' is clicked on

07-06-2024T14:01:54 - [MESSAGE][PASSED] - Object: 'Object Repository/Page_The Story and Evolution of Doodles - G_6e786d/p_The first Doodle was a simple out-of-offi_345e61' is clicked on

07-06-2024T14:01:54 - [TEST_STEP][PASSED] - verifyElementVisible(findTestObject("Object Repository/Page_The Story and Evolution of Doodles - G_6e786d/h1_The story behind Doodles")): Object 'Object Repository/Page_The Story and Evolution of Doodles - G_6e786d/h1_The story behind Doodles' is visible

07-06-2024T14:01:54 - [MESSAGE][PASSED] - Object 'Object Repository/Page_The Story and Evolution of Doodles - G_6e786d/h1_The story behind Doodles' is visible

07-06-2024T14:01:54 - [TEST_STEP][PASSED] - verifyElementVisible(findTestObject("Object Repository/Page_The Story and Evolution of Doodles - G_6e786d/p_The first Doodle was a simple out-of-offi_345e61")): Object 'Object Repository/Page_The Story and Evolution of Doodles - G_6e786d/p_The first Doodle was a simple out-of-offi_345e61' is visible

07-06-2024T14:01:54 - [MESSAGE][PASSED] - Object 'Object Repository/Page_The Story and Evolution of Doodles - G_6e786d/p_The first Doodle was a simple out-of-offi_345e61' is visible

07-06-2024T14:01:54 - [TEST_STEP][PASSED] - verifyElementVisible(findTestObject("Object Repository/Page_The Story and Evolution of Doodles - G_6e786d/h2_Weve created more than 5,000 Doodles ove_111429")): Object 'Object Repository/Page_The Story and Evolution of Doodles - G_6e786d/h2_Weve created more than 5,000 Doodles ove_111429' is visible

07-06-2024T14:01:54 - [MESSAGE][PASSED] - Object 'Object Repository/Page_The Story and Evolution of Doodles - G_6e786d/h2_Weve created more than 5,000 Doodles ove_111429' is visible

07-06-2024T14:01:54 - [TEST_STEP][PASSED] - click(findTestObject("Object Repository/Page_The Story and Evolution of Doodles - G_6e786d/p_The first Doodle was a simple out-of-offi_345e61")): Object: 'Object Repository/Page_The Story and Evolution of Doodles - G_6e786d/p_The first Doodle was a simple out-of-offi_345e61' is clicked on

07-06-2024T14:01:54 - [MESSAGE][PASSED] - Object: 'Object Repository/Page_The Story and Evolution of Doodles - G_6e786d/p_The first Doodle was a simple out-of-offi_345e61' is clicked on

07-06-2024T14:01:54 - [TEST_STEP][PASSED] - verifyElementVisible(findTestObject("Object Repository/Page_The Story and Evolution of Doodles - G_6e786d/h1_The story behind Doodles")): Object 'Object Repository/Page_The Story and Evolution of Doodles - G_6e786d/h1_The story behind Doodles' is visible

07-06-2024T14:01:54 - [MESSAGE][PASSED] - Object 'Object Repository/Page_The Story and Evolution of Doodles - G_6e786d/h1_The story behind Doodles' is visible

07-06-2024T14:01:54 - [TEST_STEP][PASSED] - verifyElementVisible(findTestObject("Object Repository/Page_The Story and Evolution of Doodles - G_6e786d/p_The first Doodle was a simple out-of-offi_345e61")): Object 'Object Repository/Page_The Story and Evolution of Doodles - G_6e786d/p_The first Doodle was a simple out-of-offi_345e61' is visible

07-06-2024T14:01:54 - [MESSAGE][PASSED] - Object 'Object Repository/Page_The Story and Evolution of Doodles - G_6e786d/p_The first Doodle was a simple out-of-offi_345e61' is visible

07-06-2024T14:01:54 - [TEST_STEP][PASSED] - verifyElementVisible(findTestObject("Object Repository/Page_The Story and Evolution of Doodles - G_6e786d/h2_Weve created more than 5,000 Doodles ove_111429")): Object 'Object Repository/Page_The Story and Evolution of Doodles - G_6e786d/h2_Weve created more than 5,000 Doodles ove_111429' is visible

07-06-2024T14:01:54 - [MESSAGE][PASSED] - Object 'Object Repository/Page_The Story and Evolution of Doodles - G_6e786d/h2_Weve created more than 5,000 Doodles ove_111429' is visible

07-06-2024T14:01:54 - [TEST_STEP][PASSED] - click(findTestObject("Object Repository/Page_The Story and Evolution of Doodles - G_6e786d/p_The first Doodle was a simple out-of-offi_345e61")): Object: 'Object Repository/Page_The Story and Evolution of Doodles - G_6e786d/p_The first Doodle was a simple out-of-offi_345e61' is clicked on

07-06-2024T14:01:55 - [MESSAGE][PASSED] - Object: 'Object Repository/Page_The Story and Evolution of Doodles - G_6e786d/p_The first Doodle was a simple out-of-offi_345e61' is clicked on

07-06-2024T14:01:55 - [TEST_STEP][PASSED] - verifyElementVisible(findTestObject("Object Repository/Page_The Story and Evolution of Doodles - G_6e786d/h1_The story behind Doodles")): Object 'Object Repository/Page_The Story and Evolution of Doodles - G_6e786d/h1_The story behind Doodles' is visible

07-06-2024T14:01:55 - [MESSAGE][PASSED] - Object 'Object Repository/Page_The Story and Evolution of Doodles - G_6e786d/h1_The story behind Doodles' is visible

07-06-2024T14:01:55 - [TEST_STEP][PASSED] - verifyElementVisible(findTestObject("Object Repository/Page_The Story and Evolution of Doodles - G_6e786d/p_The first Doodle was a simple out-of-offi_345e61")): Object 'Object Repository/Page_The Story and Evolution of Doodles - G_6e786d/p_The first Doodle was a simple out-of-offi_345e61' is visible

07-06-2024T14:01:55 - [MESSAGE][PASSED] - Object 'Object Repository/Page_The Story and Evolution of Doodles - G_6e786d/p_The first Doodle was a simple out-of-offi_345e61' is visible

07-06-2024T14:01:55 - [TEST_STEP][PASSED] - verifyElementVisible(findTestObject("Object Repository/Page_The Story and Evolution of Doodles - G_6e786d/h2_Weve created more than 5,000 Doodles ove_111429")): Object 'Object Repository/Page_The Story and Evolution of Doodles - G_6e786d/h2_Weve created more than 5,000 Doodles ove_111429' is visible

07-06-2024T14:01:55 - [MESSAGE][PASSED] - Object 'Object Repository/Page_The Story and Evolution of Doodles - G_6e786d/h2_Weve created more than 5,000 Doodles ove_111429' is visible

07-06-2024T14:01:55 - [TEST_STEP][PASSED] - click(findTestObject("Object Repository/Page_The Story and Evolution of Doodles - G_6e786d/p_The first Doodle was a simple out-of-offi_345e61")): Object: 'Object Repository/Page_The Story and Evolution of Doodles - G_6e786d/p_The first Doodle was a simple out-of-offi_345e61' is clicked on

07-06-2024T14:01:55 - [MESSAGE][PASSED] - Object: 'Object Repository/Page_The Story and Evolution of Doodles - G_6e786d/p_The first Doodle was a simple out-of-offi_345e61' is clicked on

07-06-2024T14:01:55 - [TEST_STEP][PASSED] - verifyElementVisible(findTestObject("Object Repository/Page_The Story and Evolution of Doodles - G_6e786d/h1_The story behind Doodles")): Object 'Object Repository/Page_The Story and Evolution of Doodles - G_6e786d/h1_The story behind Doodles' is visible

07-06-2024T14:01:55 - [MESSAGE][PASSED] - Object 'Object Repository/Page_The Story and Evolution of Doodles - G_6e786d/h1_The story behind Doodles' is visible

07-06-2024T14:01:55 - [TEST_STEP][PASSED] - verifyElementVisible(findTestObject("Object Repository/Page_The Story and Evolution of Doodles - G_6e786d/p_The first Doodle was a simple out-of-offi_345e61")): Object 'Object Repository/Page_The Story and Evolution of Doodles - G_6e786d/p_The first Doodle was a simple out-of-offi_345e61' is visible

07-06-2024T14:01:55 - [MESSAGE][PASSED] - Object 'Object Repository/Page_The Story and Evolution of Doodles - G_6e786d/p_The first Doodle was a simple out-of-offi_345e61' is visible

07-06-2024T14:01:55 - [TEST_STEP][PASSED] - verifyElementVisible(findTestObject("Object Repository/Page_The Story and Evolution of Doodles - G_6e786d/h2_Weve created more than 5,000 Doodles ove_111429")): Object 'Object Repository/Page_The Story and Evolution of Doodles - G_6e786d/h2_Weve created more than 5,000 Doodles ove_111429' is visible

07-06-2024T14:01:55 - [MESSAGE][PASSED] - Object 'Object Repository/Page_The Story and Evolution of Doodles - G_6e786d/h2_Weve created more than 5,000 Doodles ove_111429' is visible

07-06-2024T14:01:55 - [TEST_STEP][PASSED] - click(findTestObject("Object Repository/Page_The Story and Evolution of Doodles - G_6e786d/p_The first Doodle was a simple out-of-offi_345e61")): Object: 'Object Repository/Page_The Story and Evolution of Doodles - G_6e786d/p_The first Doodle was a simple out-of-offi_345e61' is clicked on

07-06-2024T14:01:55 - [MESSAGE][PASSED] - Object: 'Object Repository/Page_The Story and Evolution of Doodles - G_6e786d/p_The first Doodle was a simple out-of-offi_345e61' is clicked on

07-06-2024T14:01:55 - [TEST_STEP][PASSED] - verifyElementVisible(findTestObject("Object Repository/Page_The Story and Evolution of Doodles - G_6e786d/h1_The story behind Doodles")): Object 'Object Repository/Page_The Story and Evolution of Doodles - G_6e786d/h1_The story behind Doodles' is visible

07-06-2024T14:01:55 - [MESSAGE][PASSED] - Object 'Object Repository/Page_The Story and Evolution of Doodles - G_6e786d/h1_The story behind Doodles' is visible

07-06-2024T14:01:55 - [TEST_STEP][PASSED] - verifyElementVisible(findTestObject("Object Repository/Page_The Story and Evolution of Doodles - G_6e786d/p_The first Doodle was a simple out-of-offi_345e61")): Object 'Object Repository/Page_The Story and Evolution of Doodles - G_6e786d/p_The first Doodle was a simple out-of-offi_345e61' is visible

07-06-2024T14:01:55 - [MESSAGE][PASSED] - Object 'Object Repository/Page_The Story and Evolution of Doodles - G_6e786d/p_The first Doodle was a simple out-of-offi_345e61' is visible

07-06-2024T14:01:55 - [TEST_STEP][PASSED] - verifyElementVisible(findTestObject("Object Repository/Page_The Story and Evolution of Doodles - G_6e786d/h2_Weve created more than 5,000 Doodles ove_111429")): Object 'Object Repository/Page_The Story and Evolution of Doodles - G_6e786d/h2_Weve created more than 5,000 Doodles ove_111429' is visible

07-06-2024T14:01:55 - [MESSAGE][PASSED] - Object 'Object Repository/Page_The Story and Evolution of Doodles - G_6e786d/h2_Weve created more than 5,000 Doodles ove_111429' is visible

07-06-2024T14:01:55 - [TEST_STEP][PASSED] - click(findTestObject("Object Repository/Page_The Story and Evolution of Doodles - G_6e786d/p_The first Doodle was a simple out-of-offi_345e61")): Object: 'Object Repository/Page_The Story and Evolution of Doodles - G_6e786d/p_The first Doodle was a simple out-of-offi_345e61' is clicked on

07-06-2024T14:01:56 - [MESSAGE][PASSED] - Object: 'Object Repository/Page_The Story and Evolution of Doodles - G_6e786d/p_The first Doodle was a simple out-of-offi_345e61' is clicked on

07-06-2024T14:01:56 - [TEST_STEP][PASSED] - verifyElementVisible(findTestObject("Object Repository/Page_The Story and Evolution of Doodles - G_6e786d/h1_The story behind Doodles")): Object 'Object Repository/Page_The Story and Evolution of Doodles - G_6e786d/h1_The story behind Doodles' is visible

07-06-2024T14:01:56 - [MESSAGE][PASSED] - Object 'Object Repository/Page_The Story and Evolution of Doodles - G_6e786d/h1_The story behind Doodles' is visible

07-06-2024T14:01:56 - [TEST_STEP][PASSED] - verifyElementVisible(findTestObject("Object Repository/Page_The Story and Evolution of Doodles - G_6e786d/p_The first Doodle was a simple out-of-offi_345e61")): Object 'Object Repository/Page_The Story and Evolution of Doodles - G_6e786d/p_The first Doodle was a simple out-of-offi_345e61' is visible

07-06-2024T14:01:56 - [MESSAGE][PASSED] - Object 'Object Repository/Page_The Story and Evolution of Doodles - G_6e786d/p_The first Doodle was a simple out-of-offi_345e61' is visible

07-06-2024T14:01:56 - [TEST_STEP][PASSED] - verifyElementVisible(findTestObject("Object Repository/Page_The Story and Evolution of Doodles - G_6e786d/h2_Weve created more than 5,000 Doodles ove_111429")): Object 'Object Repository/Page_The Story and Evolution of Doodles - G_6e786d/h2_Weve created more than 5,000 Doodles ove_111429' is visible

07-06-2024T14:01:56 - [MESSAGE][PASSED] - Object 'Object Repository/Page_The Story and Evolution of Doodles - G_6e786d/h2_Weve created more than 5,000 Doodles ove_111429' is visible

07-06-2024T14:01:56 - [TEST_STEP][PASSED] - click(findTestObject("Object Repository/Page_The Story and Evolution of Doodles - G_6e786d/p_The first Doodle was a simple out-of-offi_345e61")): Object: 'Object Repository/Page_The Story and Evolution of Doodles - G_6e786d/p_The first Doodle was a simple out-of-offi_345e61' is clicked on

07-06-2024T14:01:56 - [MESSAGE][PASSED] - Object: 'Object Repository/Page_The Story and Evolution of Doodles - G_6e786d/p_The first Doodle was a simple out-of-offi_345e61' is clicked on

07-06-2024T14:01:56 - [TEST_STEP][PASSED] - verifyElementVisible(findTestObject("Object Repository/Page_The Story and Evolution of Doodles - G_6e786d/h1_The story behind Doodles")): Object 'Object Repository/Page_The Story and Evolution of Doodles - G_6e786d/h1_The story behind Doodles' is visible

07-06-2024T14:01:56 - [MESSAGE][PASSED] - Object 'Object Repository/Page_The Story and Evolution of Doodles - G_6e786d/h1_The story behind Doodles' is visible

07-06-2024T14:01:56 - [TEST_STEP][PASSED] - verifyElementVisible(findTestObject("Object Repository/Page_The Story and Evolution of Doodles - G_6e786d/p_The first Doodle was a simple out-of-offi_345e61")): Object 'Object Repository/Page_The Story and Evolution of Doodles - G_6e786d/p_The first Doodle was a simple out-of-offi_345e61' is visible

07-06-2024T14:01:56 - [MESSAGE][PASSED] - Object 'Object Repository/Page_The Story and Evolution of Doodles - G_6e786d/p_The first Doodle was a simple out-of-offi_345e61' is visible

07-06-2024T14:01:56 - [TEST_STEP][PASSED] - verifyElementVisible(findTestObject("Object Repository/Page_The Story and Evolution of Doodles - G_6e786d/h2_Weve created more than 5,000 Doodles ove_111429")): Object 'Object Repository/Page_The Story and Evolution of Doodles - G_6e786d/h2_Weve created more than 5,000 Doodles ove_111429' is visible

07-06-2024T14:01:56 - [MESSAGE][PASSED] - Object 'Object Repository/Page_The Story and Evolution of Doodles - G_6e786d/h2_Weve created more than 5,000 Doodles ove_111429' is visible]]></system-out>
         <system-err><![CDATA[]]></system-err>
      </testcase>
      <testcase name="Test Cases/test case folder 1/tc1 - Copy (7) - Copy" time="8.163" classname="Test Cases/test case folder 1/tc1 - Copy (7) - Copy" status="PASSED">
         <system-out><![CDATA[07-06-2024T14:01:56 - [TEST_CASE][PASSED] - Test Cases/test case folder 1/tc1 - Copy (7) - Copy: Test Cases/test case folder 1/tc1 - Copy (7) - Copy

07-06-2024T14:01:56 - [TEST_STEP][PASSED] - openBrowser(""): Browser is opened with url: ''

07-06-2024T14:01:56 - [MESSAGE][WARNING] - A browser is already opened. Closing browser and opening a new one

07-06-2024T14:01:57 - [MESSAGE][INFO] - Starting 'Firefox (headless)' driver

07-06-2024T14:01:57 - [MESSAGE][INFO] - Action delay is set to 0 milliseconds

07-06-2024T14:01:59 - [MESSAGE][PASSED] - Browser is opened with url: ''

07-06-2024T14:01:59 - [TEST_STEP][PASSED] - navigateToUrl("https://doodles.google/about/"): Navigate to 'https://doodles.google/about/' successfully

07-06-2024T14:02:00 - [MESSAGE][PASSED] - Navigate to 'https://doodles.google/about/' successfully

07-06-2024T14:02:00 - [TEST_STEP][PASSED] - click(findTestObject("Object Repository/Page_The Story and Evolution of Doodles - G_6e786d/p_The first Doodle was a simple out-of-offi_345e61")): Object: 'Object Repository/Page_The Story and Evolution of Doodles - G_6e786d/p_The first Doodle was a simple out-of-offi_345e61' is clicked on

07-06-2024T14:02:01 - [MESSAGE][PASSED] - Object: 'Object Repository/Page_The Story and Evolution of Doodles - G_6e786d/p_The first Doodle was a simple out-of-offi_345e61' is clicked on

07-06-2024T14:02:01 - [TEST_STEP][PASSED] - click(findTestObject("Object Repository/Page_The Story and Evolution of Doodles - G_6e786d/p_The first Doodle was a simple out-of-offi_345e61")): Object: 'Object Repository/Page_The Story and Evolution of Doodles - G_6e786d/p_The first Doodle was a simple out-of-offi_345e61' is clicked on

07-06-2024T14:02:01 - [MESSAGE][PASSED] - Object: 'Object Repository/Page_The Story and Evolution of Doodles - G_6e786d/p_The first Doodle was a simple out-of-offi_345e61' is clicked on

07-06-2024T14:02:01 - [TEST_STEP][PASSED] - verifyElementVisible(findTestObject("Object Repository/Page_The Story and Evolution of Doodles - G_6e786d/h1_The story behind Doodles")): Object 'Object Repository/Page_The Story and Evolution of Doodles - G_6e786d/h1_The story behind Doodles' is visible

07-06-2024T14:02:01 - [MESSAGE][PASSED] - Object 'Object Repository/Page_The Story and Evolution of Doodles - G_6e786d/h1_The story behind Doodles' is visible

07-06-2024T14:02:01 - [TEST_STEP][PASSED] - verifyElementVisible(findTestObject("Object Repository/Page_The Story and Evolution of Doodles - G_6e786d/p_The first Doodle was a simple out-of-offi_345e61")): Object 'Object Repository/Page_The Story and Evolution of Doodles - G_6e786d/p_The first Doodle was a simple out-of-offi_345e61' is visible

07-06-2024T14:02:01 - [MESSAGE][PASSED] - Object 'Object Repository/Page_The Story and Evolution of Doodles - G_6e786d/p_The first Doodle was a simple out-of-offi_345e61' is visible

07-06-2024T14:02:01 - [TEST_STEP][PASSED] - verifyElementVisible(findTestObject("Object Repository/Page_The Story and Evolution of Doodles - G_6e786d/h2_Weve created more than 5,000 Doodles ove_111429")): Object 'Object Repository/Page_The Story and Evolution of Doodles - G_6e786d/h2_Weve created more than 5,000 Doodles ove_111429' is visible

07-06-2024T14:02:01 - [MESSAGE][PASSED] - Object 'Object Repository/Page_The Story and Evolution of Doodles - G_6e786d/h2_Weve created more than 5,000 Doodles ove_111429' is visible

07-06-2024T14:02:01 - [TEST_STEP][PASSED] - verifyElementVisible(findTestObject("Object Repository/Page_The Story and Evolution of Doodles - G_6e786d/h1_The story behind Doodles")): Object 'Object Repository/Page_The Story and Evolution of Doodles - G_6e786d/h1_The story behind Doodles' is visible

07-06-2024T14:02:01 - [MESSAGE][PASSED] - Object 'Object Repository/Page_The Story and Evolution of Doodles - G_6e786d/h1_The story behind Doodles' is visible

07-06-2024T14:02:01 - [TEST_STEP][PASSED] - verifyElementVisible(findTestObject("Object Repository/Page_The Story and Evolution of Doodles - G_6e786d/p_The first Doodle was a simple out-of-offi_345e61")): Object 'Object Repository/Page_The Story and Evolution of Doodles - G_6e786d/p_The first Doodle was a simple out-of-offi_345e61' is visible

07-06-2024T14:02:01 - [MESSAGE][PASSED] - Object 'Object Repository/Page_The Story and Evolution of Doodles - G_6e786d/p_The first Doodle was a simple out-of-offi_345e61' is visible

07-06-2024T14:02:01 - [TEST_STEP][PASSED] - verifyElementVisible(findTestObject("Object Repository/Page_The Story and Evolution of Doodles - G_6e786d/h2_Weve created more than 5,000 Doodles ove_111429")): Object 'Object Repository/Page_The Story and Evolution of Doodles - G_6e786d/h2_Weve created more than 5,000 Doodles ove_111429' is visible

07-06-2024T14:02:01 - [MESSAGE][PASSED] - Object 'Object Repository/Page_The Story and Evolution of Doodles - G_6e786d/h2_Weve created more than 5,000 Doodles ove_111429' is visible

07-06-2024T14:02:01 - [TEST_STEP][PASSED] - click(findTestObject("Object Repository/Page_The Story and Evolution of Doodles - G_6e786d/p_The first Doodle was a simple out-of-offi_345e61")): Object: 'Object Repository/Page_The Story and Evolution of Doodles - G_6e786d/p_The first Doodle was a simple out-of-offi_345e61' is clicked on

07-06-2024T14:02:01 - [MESSAGE][PASSED] - Object: 'Object Repository/Page_The Story and Evolution of Doodles - G_6e786d/p_The first Doodle was a simple out-of-offi_345e61' is clicked on

07-06-2024T14:02:01 - [TEST_STEP][PASSED] - verifyElementVisible(findTestObject("Object Repository/Page_The Story and Evolution of Doodles - G_6e786d/h1_The story behind Doodles")): Object 'Object Repository/Page_The Story and Evolution of Doodles - G_6e786d/h1_The story behind Doodles' is visible

07-06-2024T14:02:01 - [MESSAGE][PASSED] - Object 'Object Repository/Page_The Story and Evolution of Doodles - G_6e786d/h1_The story behind Doodles' is visible

07-06-2024T14:02:01 - [TEST_STEP][PASSED] - verifyElementVisible(findTestObject("Object Repository/Page_The Story and Evolution of Doodles - G_6e786d/p_The first Doodle was a simple out-of-offi_345e61")): Object 'Object Repository/Page_The Story and Evolution of Doodles - G_6e786d/p_The first Doodle was a simple out-of-offi_345e61' is visible

07-06-2024T14:02:02 - [MESSAGE][PASSED] - Object 'Object Repository/Page_The Story and Evolution of Doodles - G_6e786d/p_The first Doodle was a simple out-of-offi_345e61' is visible

07-06-2024T14:02:02 - [TEST_STEP][PASSED] - verifyElementVisible(findTestObject("Object Repository/Page_The Story and Evolution of Doodles - G_6e786d/h2_Weve created more than 5,000 Doodles ove_111429")): Object 'Object Repository/Page_The Story and Evolution of Doodles - G_6e786d/h2_Weve created more than 5,000 Doodles ove_111429' is visible

07-06-2024T14:02:02 - [MESSAGE][PASSED] - Object 'Object Repository/Page_The Story and Evolution of Doodles - G_6e786d/h2_Weve created more than 5,000 Doodles ove_111429' is visible

07-06-2024T14:02:02 - [TEST_STEP][PASSED] - click(findTestObject("Object Repository/Page_The Story and Evolution of Doodles - G_6e786d/p_The first Doodle was a simple out-of-offi_345e61")): Object: 'Object Repository/Page_The Story and Evolution of Doodles - G_6e786d/p_The first Doodle was a simple out-of-offi_345e61' is clicked on

07-06-2024T14:02:02 - [MESSAGE][PASSED] - Object: 'Object Repository/Page_The Story and Evolution of Doodles - G_6e786d/p_The first Doodle was a simple out-of-offi_345e61' is clicked on

07-06-2024T14:02:02 - [TEST_STEP][PASSED] - verifyElementVisible(findTestObject("Object Repository/Page_The Story and Evolution of Doodles - G_6e786d/h1_The story behind Doodles")): Object 'Object Repository/Page_The Story and Evolution of Doodles - G_6e786d/h1_The story behind Doodles' is visible

07-06-2024T14:02:02 - [MESSAGE][PASSED] - Object 'Object Repository/Page_The Story and Evolution of Doodles - G_6e786d/h1_The story behind Doodles' is visible

07-06-2024T14:02:02 - [TEST_STEP][PASSED] - verifyElementVisible(findTestObject("Object Repository/Page_The Story and Evolution of Doodles - G_6e786d/p_The first Doodle was a simple out-of-offi_345e61")): Object 'Object Repository/Page_The Story and Evolution of Doodles - G_6e786d/p_The first Doodle was a simple out-of-offi_345e61' is visible

07-06-2024T14:02:02 - [MESSAGE][PASSED] - Object 'Object Repository/Page_The Story and Evolution of Doodles - G_6e786d/p_The first Doodle was a simple out-of-offi_345e61' is visible

07-06-2024T14:02:02 - [TEST_STEP][PASSED] - verifyElementVisible(findTestObject("Object Repository/Page_The Story and Evolution of Doodles - G_6e786d/h2_Weve created more than 5,000 Doodles ove_111429")): Object 'Object Repository/Page_The Story and Evolution of Doodles - G_6e786d/h2_Weve created more than 5,000 Doodles ove_111429' is visible

07-06-2024T14:02:02 - [MESSAGE][PASSED] - Object 'Object Repository/Page_The Story and Evolution of Doodles - G_6e786d/h2_Weve created more than 5,000 Doodles ove_111429' is visible

07-06-2024T14:02:02 - [TEST_STEP][PASSED] - click(findTestObject("Object Repository/Page_The Story and Evolution of Doodles - G_6e786d/p_The first Doodle was a simple out-of-offi_345e61")): Object: 'Object Repository/Page_The Story and Evolution of Doodles - G_6e786d/p_The first Doodle was a simple out-of-offi_345e61' is clicked on

07-06-2024T14:02:02 - [MESSAGE][PASSED] - Object: 'Object Repository/Page_The Story and Evolution of Doodles - G_6e786d/p_The first Doodle was a simple out-of-offi_345e61' is clicked on

07-06-2024T14:02:02 - [TEST_STEP][PASSED] - verifyElementVisible(findTestObject("Object Repository/Page_The Story and Evolution of Doodles - G_6e786d/h1_The story behind Doodles")): Object 'Object Repository/Page_The Story and Evolution of Doodles - G_6e786d/h1_The story behind Doodles' is visible

07-06-2024T14:02:02 - [MESSAGE][PASSED] - Object 'Object Repository/Page_The Story and Evolution of Doodles - G_6e786d/h1_The story behind Doodles' is visible

07-06-2024T14:02:02 - [TEST_STEP][PASSED] - verifyElementVisible(findTestObject("Object Repository/Page_The Story and Evolution of Doodles - G_6e786d/p_The first Doodle was a simple out-of-offi_345e61")): Object 'Object Repository/Page_The Story and Evolution of Doodles - G_6e786d/p_The first Doodle was a simple out-of-offi_345e61' is visible

07-06-2024T14:02:02 - [MESSAGE][PASSED] - Object 'Object Repository/Page_The Story and Evolution of Doodles - G_6e786d/p_The first Doodle was a simple out-of-offi_345e61' is visible

07-06-2024T14:02:02 - [TEST_STEP][PASSED] - verifyElementVisible(findTestObject("Object Repository/Page_The Story and Evolution of Doodles - G_6e786d/h2_Weve created more than 5,000 Doodles ove_111429")): Object 'Object Repository/Page_The Story and Evolution of Doodles - G_6e786d/h2_Weve created more than 5,000 Doodles ove_111429' is visible

07-06-2024T14:02:02 - [MESSAGE][PASSED] - Object 'Object Repository/Page_The Story and Evolution of Doodles - G_6e786d/h2_Weve created more than 5,000 Doodles ove_111429' is visible

07-06-2024T14:02:02 - [TEST_STEP][PASSED] - click(findTestObject("Object Repository/Page_The Story and Evolution of Doodles - G_6e786d/p_The first Doodle was a simple out-of-offi_345e61")): Object: 'Object Repository/Page_The Story and Evolution of Doodles - G_6e786d/p_The first Doodle was a simple out-of-offi_345e61' is clicked on

07-06-2024T14:02:02 - [MESSAGE][PASSED] - Object: 'Object Repository/Page_The Story and Evolution of Doodles - G_6e786d/p_The first Doodle was a simple out-of-offi_345e61' is clicked on

07-06-2024T14:02:02 - [TEST_STEP][PASSED] - verifyElementVisible(findTestObject("Object Repository/Page_The Story and Evolution of Doodles - G_6e786d/h1_The story behind Doodles")): Object 'Object Repository/Page_The Story and Evolution of Doodles - G_6e786d/h1_The story behind Doodles' is visible

07-06-2024T14:02:02 - [MESSAGE][PASSED] - Object 'Object Repository/Page_The Story and Evolution of Doodles - G_6e786d/h1_The story behind Doodles' is visible

07-06-2024T14:02:02 - [TEST_STEP][PASSED] - verifyElementVisible(findTestObject("Object Repository/Page_The Story and Evolution of Doodles - G_6e786d/p_The first Doodle was a simple out-of-offi_345e61")): Object 'Object Repository/Page_The Story and Evolution of Doodles - G_6e786d/p_The first Doodle was a simple out-of-offi_345e61' is visible

07-06-2024T14:02:02 - [MESSAGE][PASSED] - Object 'Object Repository/Page_The Story and Evolution of Doodles - G_6e786d/p_The first Doodle was a simple out-of-offi_345e61' is visible

07-06-2024T14:02:02 - [TEST_STEP][PASSED] - verifyElementVisible(findTestObject("Object Repository/Page_The Story and Evolution of Doodles - G_6e786d/h2_Weve created more than 5,000 Doodles ove_111429")): Object 'Object Repository/Page_The Story and Evolution of Doodles - G_6e786d/h2_Weve created more than 5,000 Doodles ove_111429' is visible

07-06-2024T14:02:03 - [MESSAGE][PASSED] - Object 'Object Repository/Page_The Story and Evolution of Doodles - G_6e786d/h2_Weve created more than 5,000 Doodles ove_111429' is visible

07-06-2024T14:02:03 - [TEST_STEP][PASSED] - click(findTestObject("Object Repository/Page_The Story and Evolution of Doodles - G_6e786d/p_The first Doodle was a simple out-of-offi_345e61")): Object: 'Object Repository/Page_The Story and Evolution of Doodles - G_6e786d/p_The first Doodle was a simple out-of-offi_345e61' is clicked on

07-06-2024T14:02:03 - [MESSAGE][PASSED] - Object: 'Object Repository/Page_The Story and Evolution of Doodles - G_6e786d/p_The first Doodle was a simple out-of-offi_345e61' is clicked on

07-06-2024T14:02:03 - [TEST_STEP][PASSED] - verifyElementVisible(findTestObject("Object Repository/Page_The Story and Evolution of Doodles - G_6e786d/h1_The story behind Doodles")): Object 'Object Repository/Page_The Story and Evolution of Doodles - G_6e786d/h1_The story behind Doodles' is visible

07-06-2024T14:02:03 - [MESSAGE][PASSED] - Object 'Object Repository/Page_The Story and Evolution of Doodles - G_6e786d/h1_The story behind Doodles' is visible

07-06-2024T14:02:03 - [TEST_STEP][PASSED] - verifyElementVisible(findTestObject("Object Repository/Page_The Story and Evolution of Doodles - G_6e786d/p_The first Doodle was a simple out-of-offi_345e61")): Object 'Object Repository/Page_The Story and Evolution of Doodles - G_6e786d/p_The first Doodle was a simple out-of-offi_345e61' is visible

07-06-2024T14:02:03 - [MESSAGE][PASSED] - Object 'Object Repository/Page_The Story and Evolution of Doodles - G_6e786d/p_The first Doodle was a simple out-of-offi_345e61' is visible

07-06-2024T14:02:03 - [TEST_STEP][PASSED] - verifyElementVisible(findTestObject("Object Repository/Page_The Story and Evolution of Doodles - G_6e786d/h2_Weve created more than 5,000 Doodles ove_111429")): Object 'Object Repository/Page_The Story and Evolution of Doodles - G_6e786d/h2_Weve created more than 5,000 Doodles ove_111429' is visible

07-06-2024T14:02:03 - [MESSAGE][PASSED] - Object 'Object Repository/Page_The Story and Evolution of Doodles - G_6e786d/h2_Weve created more than 5,000 Doodles ove_111429' is visible

07-06-2024T14:02:03 - [TEST_STEP][PASSED] - click(findTestObject("Object Repository/Page_The Story and Evolution of Doodles - G_6e786d/p_The first Doodle was a simple out-of-offi_345e61")): Object: 'Object Repository/Page_The Story and Evolution of Doodles - G_6e786d/p_The first Doodle was a simple out-of-offi_345e61' is clicked on

07-06-2024T14:02:03 - [MESSAGE][PASSED] - Object: 'Object Repository/Page_The Story and Evolution of Doodles - G_6e786d/p_The first Doodle was a simple out-of-offi_345e61' is clicked on

07-06-2024T14:02:03 - [TEST_STEP][PASSED] - verifyElementVisible(findTestObject("Object Repository/Page_The Story and Evolution of Doodles - G_6e786d/h1_The story behind Doodles")): Object 'Object Repository/Page_The Story and Evolution of Doodles - G_6e786d/h1_The story behind Doodles' is visible

07-06-2024T14:02:03 - [MESSAGE][PASSED] - Object 'Object Repository/Page_The Story and Evolution of Doodles - G_6e786d/h1_The story behind Doodles' is visible

07-06-2024T14:02:03 - [TEST_STEP][PASSED] - verifyElementVisible(findTestObject("Object Repository/Page_The Story and Evolution of Doodles - G_6e786d/p_The first Doodle was a simple out-of-offi_345e61")): Object 'Object Repository/Page_The Story and Evolution of Doodles - G_6e786d/p_The first Doodle was a simple out-of-offi_345e61' is visible

07-06-2024T14:02:03 - [MESSAGE][PASSED] - Object 'Object Repository/Page_The Story and Evolution of Doodles - G_6e786d/p_The first Doodle was a simple out-of-offi_345e61' is visible

07-06-2024T14:02:03 - [TEST_STEP][PASSED] - verifyElementVisible(findTestObject("Object Repository/Page_The Story and Evolution of Doodles - G_6e786d/h2_Weve created more than 5,000 Doodles ove_111429")): Object 'Object Repository/Page_The Story and Evolution of Doodles - G_6e786d/h2_Weve created more than 5,000 Doodles ove_111429' is visible

07-06-2024T14:02:03 - [MESSAGE][PASSED] - Object 'Object Repository/Page_The Story and Evolution of Doodles - G_6e786d/h2_Weve created more than 5,000 Doodles ove_111429' is visible

07-06-2024T14:02:03 - [TEST_STEP][PASSED] - click(findTestObject("Object Repository/Page_The Story and Evolution of Doodles - G_6e786d/p_The first Doodle was a simple out-of-offi_345e61")): Object: 'Object Repository/Page_The Story and Evolution of Doodles - G_6e786d/p_The first Doodle was a simple out-of-offi_345e61' is clicked on

07-06-2024T14:02:03 - [MESSAGE][PASSED] - Object: 'Object Repository/Page_The Story and Evolution of Doodles - G_6e786d/p_The first Doodle was a simple out-of-offi_345e61' is clicked on

07-06-2024T14:02:03 - [TEST_STEP][PASSED] - verifyElementVisible(findTestObject("Object Repository/Page_The Story and Evolution of Doodles - G_6e786d/h1_The story behind Doodles")): Object 'Object Repository/Page_The Story and Evolution of Doodles - G_6e786d/h1_The story behind Doodles' is visible

07-06-2024T14:02:03 - [MESSAGE][PASSED] - Object 'Object Repository/Page_The Story and Evolution of Doodles - G_6e786d/h1_The story behind Doodles' is visible

07-06-2024T14:02:03 - [TEST_STEP][PASSED] - verifyElementVisible(findTestObject("Object Repository/Page_The Story and Evolution of Doodles - G_6e786d/p_The first Doodle was a simple out-of-offi_345e61")): Object 'Object Repository/Page_The Story and Evolution of Doodles - G_6e786d/p_The first Doodle was a simple out-of-offi_345e61' is visible

07-06-2024T14:02:03 - [MESSAGE][PASSED] - Object 'Object Repository/Page_The Story and Evolution of Doodles - G_6e786d/p_The first Doodle was a simple out-of-offi_345e61' is visible

07-06-2024T14:02:03 - [TEST_STEP][PASSED] - verifyElementVisible(findTestObject("Object Repository/Page_The Story and Evolution of Doodles - G_6e786d/h2_Weve created more than 5,000 Doodles ove_111429")): Object 'Object Repository/Page_The Story and Evolution of Doodles - G_6e786d/h2_Weve created more than 5,000 Doodles ove_111429' is visible

07-06-2024T14:02:03 - [MESSAGE][PASSED] - Object 'Object Repository/Page_The Story and Evolution of Doodles - G_6e786d/h2_Weve created more than 5,000 Doodles ove_111429' is visible

07-06-2024T14:02:03 - [TEST_STEP][PASSED] - click(findTestObject("Object Repository/Page_The Story and Evolution of Doodles - G_6e786d/p_The first Doodle was a simple out-of-offi_345e61")): Object: 'Object Repository/Page_The Story and Evolution of Doodles - G_6e786d/p_The first Doodle was a simple out-of-offi_345e61' is clicked on

07-06-2024T14:02:04 - [MESSAGE][PASSED] - Object: 'Object Repository/Page_The Story and Evolution of Doodles - G_6e786d/p_The first Doodle was a simple out-of-offi_345e61' is clicked on

07-06-2024T14:02:04 - [TEST_STEP][PASSED] - verifyElementVisible(findTestObject("Object Repository/Page_The Story and Evolution of Doodles - G_6e786d/h1_The story behind Doodles")): Object 'Object Repository/Page_The Story and Evolution of Doodles - G_6e786d/h1_The story behind Doodles' is visible

07-06-2024T14:02:04 - [MESSAGE][PASSED] - Object 'Object Repository/Page_The Story and Evolution of Doodles - G_6e786d/h1_The story behind Doodles' is visible

07-06-2024T14:02:04 - [TEST_STEP][PASSED] - verifyElementVisible(findTestObject("Object Repository/Page_The Story and Evolution of Doodles - G_6e786d/p_The first Doodle was a simple out-of-offi_345e61")): Object 'Object Repository/Page_The Story and Evolution of Doodles - G_6e786d/p_The first Doodle was a simple out-of-offi_345e61' is visible

07-06-2024T14:02:04 - [MESSAGE][PASSED] - Object 'Object Repository/Page_The Story and Evolution of Doodles - G_6e786d/p_The first Doodle was a simple out-of-offi_345e61' is visible

07-06-2024T14:02:04 - [TEST_STEP][PASSED] - verifyElementVisible(findTestObject("Object Repository/Page_The Story and Evolution of Doodles - G_6e786d/h2_Weve created more than 5,000 Doodles ove_111429")): Object 'Object Repository/Page_The Story and Evolution of Doodles - G_6e786d/h2_Weve created more than 5,000 Doodles ove_111429' is visible

07-06-2024T14:02:04 - [MESSAGE][PASSED] - Object 'Object Repository/Page_The Story and Evolution of Doodles - G_6e786d/h2_Weve created more than 5,000 Doodles ove_111429' is visible

07-06-2024T14:02:04 - [TEST_STEP][PASSED] - click(findTestObject("Object Repository/Page_The Story and Evolution of Doodles - G_6e786d/p_The first Doodle was a simple out-of-offi_345e61")): Object: 'Object Repository/Page_The Story and Evolution of Doodles - G_6e786d/p_The first Doodle was a simple out-of-offi_345e61' is clicked on

07-06-2024T14:02:04 - [MESSAGE][PASSED] - Object: 'Object Repository/Page_The Story and Evolution of Doodles - G_6e786d/p_The first Doodle was a simple out-of-offi_345e61' is clicked on

07-06-2024T14:02:04 - [TEST_STEP][PASSED] - verifyElementVisible(findTestObject("Object Repository/Page_The Story and Evolution of Doodles - G_6e786d/h1_The story behind Doodles")): Object 'Object Repository/Page_The Story and Evolution of Doodles - G_6e786d/h1_The story behind Doodles' is visible

07-06-2024T14:02:04 - [MESSAGE][PASSED] - Object 'Object Repository/Page_The Story and Evolution of Doodles - G_6e786d/h1_The story behind Doodles' is visible

07-06-2024T14:02:04 - [TEST_STEP][PASSED] - verifyElementVisible(findTestObject("Object Repository/Page_The Story and Evolution of Doodles - G_6e786d/p_The first Doodle was a simple out-of-offi_345e61")): Object 'Object Repository/Page_The Story and Evolution of Doodles - G_6e786d/p_The first Doodle was a simple out-of-offi_345e61' is visible

07-06-2024T14:02:04 - [MESSAGE][PASSED] - Object 'Object Repository/Page_The Story and Evolution of Doodles - G_6e786d/p_The first Doodle was a simple out-of-offi_345e61' is visible

07-06-2024T14:02:04 - [TEST_STEP][PASSED] - verifyElementVisible(findTestObject("Object Repository/Page_The Story and Evolution of Doodles - G_6e786d/h2_Weve created more than 5,000 Doodles ove_111429")): Object 'Object Repository/Page_The Story and Evolution of Doodles - G_6e786d/h2_Weve created more than 5,000 Doodles ove_111429' is visible

07-06-2024T14:02:04 - [MESSAGE][PASSED] - Object 'Object Repository/Page_The Story and Evolution of Doodles - G_6e786d/h2_Weve created more than 5,000 Doodles ove_111429' is visible]]></system-out>
         <system-err><![CDATA[]]></system-err>
      </testcase>
      <testcase name="Test Cases/test case folder 1/tc1 - Copy (8)" time="25.054" classname="Test Cases/test case folder 1/tc1 - Copy (8)" status="PASSED">
         <system-out><![CDATA[07-06-2024T14:02:04 - [TEST_CASE][PASSED] - Test Cases/test case folder 1/tc1 - Copy (8): Test Cases/test case folder 1/tc1 - Copy (8)

07-06-2024T14:02:04 - [TEST_STEP][PASSED] - openBrowser(""): Browser is opened with url: ''

07-06-2024T14:02:04 - [MESSAGE][WARNING] - A browser is already opened. Closing browser and opening a new one

07-06-2024T14:02:05 - [MESSAGE][INFO] - Starting 'Firefox (headless)' driver

07-06-2024T14:02:05 - [MESSAGE][INFO] - Action delay is set to 0 milliseconds

07-06-2024T14:02:07 - [MESSAGE][PASSED] - Browser is opened with url: ''

07-06-2024T14:02:07 - [TEST_STEP][PASSED] - navigateToUrl("https://doodles.google/about/"): Navigate to 'https://doodles.google/about/' successfully

07-06-2024T14:02:25 - [MESSAGE][PASSED] - Navigate to 'https://doodles.google/about/' successfully

07-06-2024T14:02:25 - [TEST_STEP][PASSED] - click(findTestObject("Object Repository/Page_The Story and Evolution of Doodles - G_6e786d/p_The first Doodle was a simple out-of-offi_345e61")): Object: 'Object Repository/Page_The Story and Evolution of Doodles - G_6e786d/p_The first Doodle was a simple out-of-offi_345e61' is clicked on

07-06-2024T14:02:25 - [MESSAGE][PASSED] - Object: 'Object Repository/Page_The Story and Evolution of Doodles - G_6e786d/p_The first Doodle was a simple out-of-offi_345e61' is clicked on

07-06-2024T14:02:25 - [TEST_STEP][PASSED] - click(findTestObject("Object Repository/Page_The Story and Evolution of Doodles - G_6e786d/p_The first Doodle was a simple out-of-offi_345e61")): Object: 'Object Repository/Page_The Story and Evolution of Doodles - G_6e786d/p_The first Doodle was a simple out-of-offi_345e61' is clicked on

07-06-2024T14:02:26 - [MESSAGE][PASSED] - Object: 'Object Repository/Page_The Story and Evolution of Doodles - G_6e786d/p_The first Doodle was a simple out-of-offi_345e61' is clicked on

07-06-2024T14:02:26 - [TEST_STEP][PASSED] - verifyElementVisible(findTestObject("Object Repository/Page_The Story and Evolution of Doodles - G_6e786d/h1_The story behind Doodles")): Object 'Object Repository/Page_The Story and Evolution of Doodles - G_6e786d/h1_The story behind Doodles' is visible

07-06-2024T14:02:26 - [MESSAGE][PASSED] - Object 'Object Repository/Page_The Story and Evolution of Doodles - G_6e786d/h1_The story behind Doodles' is visible

07-06-2024T14:02:26 - [TEST_STEP][PASSED] - verifyElementVisible(findTestObject("Object Repository/Page_The Story and Evolution of Doodles - G_6e786d/p_The first Doodle was a simple out-of-offi_345e61")): Object 'Object Repository/Page_The Story and Evolution of Doodles - G_6e786d/p_The first Doodle was a simple out-of-offi_345e61' is visible

07-06-2024T14:02:26 - [MESSAGE][PASSED] - Object 'Object Repository/Page_The Story and Evolution of Doodles - G_6e786d/p_The first Doodle was a simple out-of-offi_345e61' is visible

07-06-2024T14:02:26 - [TEST_STEP][PASSED] - verifyElementVisible(findTestObject("Object Repository/Page_The Story and Evolution of Doodles - G_6e786d/h2_Weve created more than 5,000 Doodles ove_111429")): Object 'Object Repository/Page_The Story and Evolution of Doodles - G_6e786d/h2_Weve created more than 5,000 Doodles ove_111429' is visible

07-06-2024T14:02:26 - [MESSAGE][PASSED] - Object 'Object Repository/Page_The Story and Evolution of Doodles - G_6e786d/h2_Weve created more than 5,000 Doodles ove_111429' is visible

07-06-2024T14:02:26 - [TEST_STEP][PASSED] - verifyElementVisible(findTestObject("Object Repository/Page_The Story and Evolution of Doodles - G_6e786d/h1_The story behind Doodles")): Object 'Object Repository/Page_The Story and Evolution of Doodles - G_6e786d/h1_The story behind Doodles' is visible

07-06-2024T14:02:26 - [MESSAGE][PASSED] - Object 'Object Repository/Page_The Story and Evolution of Doodles - G_6e786d/h1_The story behind Doodles' is visible

07-06-2024T14:02:26 - [TEST_STEP][PASSED] - verifyElementVisible(findTestObject("Object Repository/Page_The Story and Evolution of Doodles - G_6e786d/p_The first Doodle was a simple out-of-offi_345e61")): Object 'Object Repository/Page_The Story and Evolution of Doodles - G_6e786d/p_The first Doodle was a simple out-of-offi_345e61' is visible

07-06-2024T14:02:26 - [MESSAGE][PASSED] - Object 'Object Repository/Page_The Story and Evolution of Doodles - G_6e786d/p_The first Doodle was a simple out-of-offi_345e61' is visible

07-06-2024T14:02:26 - [TEST_STEP][PASSED] - verifyElementVisible(findTestObject("Object Repository/Page_The Story and Evolution of Doodles - G_6e786d/h2_Weve created more than 5,000 Doodles ove_111429")): Object 'Object Repository/Page_The Story and Evolution of Doodles - G_6e786d/h2_Weve created more than 5,000 Doodles ove_111429' is visible

07-06-2024T14:02:26 - [MESSAGE][PASSED] - Object 'Object Repository/Page_The Story and Evolution of Doodles - G_6e786d/h2_Weve created more than 5,000 Doodles ove_111429' is visible

07-06-2024T14:02:26 - [TEST_STEP][PASSED] - click(findTestObject("Object Repository/Page_The Story and Evolution of Doodles - G_6e786d/p_The first Doodle was a simple out-of-offi_345e61")): Object: 'Object Repository/Page_The Story and Evolution of Doodles - G_6e786d/p_The first Doodle was a simple out-of-offi_345e61' is clicked on

07-06-2024T14:02:26 - [MESSAGE][PASSED] - Object: 'Object Repository/Page_The Story and Evolution of Doodles - G_6e786d/p_The first Doodle was a simple out-of-offi_345e61' is clicked on

07-06-2024T14:02:26 - [TEST_STEP][PASSED] - verifyElementVisible(findTestObject("Object Repository/Page_The Story and Evolution of Doodles - G_6e786d/h1_The story behind Doodles")): Object 'Object Repository/Page_The Story and Evolution of Doodles - G_6e786d/h1_The story behind Doodles' is visible

07-06-2024T14:02:26 - [MESSAGE][PASSED] - Object 'Object Repository/Page_The Story and Evolution of Doodles - G_6e786d/h1_The story behind Doodles' is visible

07-06-2024T14:02:26 - [TEST_STEP][PASSED] - verifyElementVisible(findTestObject("Object Repository/Page_The Story and Evolution of Doodles - G_6e786d/p_The first Doodle was a simple out-of-offi_345e61")): Object 'Object Repository/Page_The Story and Evolution of Doodles - G_6e786d/p_The first Doodle was a simple out-of-offi_345e61' is visible

07-06-2024T14:02:26 - [MESSAGE][PASSED] - Object 'Object Repository/Page_The Story and Evolution of Doodles - G_6e786d/p_The first Doodle was a simple out-of-offi_345e61' is visible

07-06-2024T14:02:26 - [TEST_STEP][PASSED] - verifyElementVisible(findTestObject("Object Repository/Page_The Story and Evolution of Doodles - G_6e786d/h2_Weve created more than 5,000 Doodles ove_111429")): Object 'Object Repository/Page_The Story and Evolution of Doodles - G_6e786d/h2_Weve created more than 5,000 Doodles ove_111429' is visible

07-06-2024T14:02:26 - [MESSAGE][PASSED] - Object 'Object Repository/Page_The Story and Evolution of Doodles - G_6e786d/h2_Weve created more than 5,000 Doodles ove_111429' is visible

07-06-2024T14:02:26 - [TEST_STEP][PASSED] - click(findTestObject("Object Repository/Page_The Story and Evolution of Doodles - G_6e786d/p_The first Doodle was a simple out-of-offi_345e61")): Object: 'Object Repository/Page_The Story and Evolution of Doodles - G_6e786d/p_The first Doodle was a simple out-of-offi_345e61' is clicked on

07-06-2024T14:02:26 - [MESSAGE][PASSED] - Object: 'Object Repository/Page_The Story and Evolution of Doodles - G_6e786d/p_The first Doodle was a simple out-of-offi_345e61' is clicked on

07-06-2024T14:02:26 - [TEST_STEP][PASSED] - verifyElementVisible(findTestObject("Object Repository/Page_The Story and Evolution of Doodles - G_6e786d/h1_The story behind Doodles")): Object 'Object Repository/Page_The Story and Evolution of Doodles - G_6e786d/h1_The story behind Doodles' is visible

07-06-2024T14:02:26 - [MESSAGE][PASSED] - Object 'Object Repository/Page_The Story and Evolution of Doodles - G_6e786d/h1_The story behind Doodles' is visible

07-06-2024T14:02:26 - [TEST_STEP][PASSED] - verifyElementVisible(findTestObject("Object Repository/Page_The Story and Evolution of Doodles - G_6e786d/p_The first Doodle was a simple out-of-offi_345e61")): Object 'Object Repository/Page_The Story and Evolution of Doodles - G_6e786d/p_The first Doodle was a simple out-of-offi_345e61' is visible

07-06-2024T14:02:26 - [MESSAGE][PASSED] - Object 'Object Repository/Page_The Story and Evolution of Doodles - G_6e786d/p_The first Doodle was a simple out-of-offi_345e61' is visible

07-06-2024T14:02:26 - [TEST_STEP][PASSED] - verifyElementVisible(findTestObject("Object Repository/Page_The Story and Evolution of Doodles - G_6e786d/h2_Weve created more than 5,000 Doodles ove_111429")): Object 'Object Repository/Page_The Story and Evolution of Doodles - G_6e786d/h2_Weve created more than 5,000 Doodles ove_111429' is visible

07-06-2024T14:02:26 - [MESSAGE][PASSED] - Object 'Object Repository/Page_The Story and Evolution of Doodles - G_6e786d/h2_Weve created more than 5,000 Doodles ove_111429' is visible

07-06-2024T14:02:26 - [TEST_STEP][PASSED] - click(findTestObject("Object Repository/Page_The Story and Evolution of Doodles - G_6e786d/p_The first Doodle was a simple out-of-offi_345e61")): Object: 'Object Repository/Page_The Story and Evolution of Doodles - G_6e786d/p_The first Doodle was a simple out-of-offi_345e61' is clicked on

07-06-2024T14:02:27 - [MESSAGE][PASSED] - Object: 'Object Repository/Page_The Story and Evolution of Doodles - G_6e786d/p_The first Doodle was a simple out-of-offi_345e61' is clicked on

07-06-2024T14:02:27 - [TEST_STEP][PASSED] - verifyElementVisible(findTestObject("Object Repository/Page_The Story and Evolution of Doodles - G_6e786d/h1_The story behind Doodles")): Object 'Object Repository/Page_The Story and Evolution of Doodles - G_6e786d/h1_The story behind Doodles' is visible

07-06-2024T14:02:27 - [MESSAGE][PASSED] - Object 'Object Repository/Page_The Story and Evolution of Doodles - G_6e786d/h1_The story behind Doodles' is visible

07-06-2024T14:02:27 - [TEST_STEP][PASSED] - verifyElementVisible(findTestObject("Object Repository/Page_The Story and Evolution of Doodles - G_6e786d/p_The first Doodle was a simple out-of-offi_345e61")): Object 'Object Repository/Page_The Story and Evolution of Doodles - G_6e786d/p_The first Doodle was a simple out-of-offi_345e61' is visible

07-06-2024T14:02:27 - [MESSAGE][PASSED] - Object 'Object Repository/Page_The Story and Evolution of Doodles - G_6e786d/p_The first Doodle was a simple out-of-offi_345e61' is visible

07-06-2024T14:02:27 - [TEST_STEP][PASSED] - verifyElementVisible(findTestObject("Object Repository/Page_The Story and Evolution of Doodles - G_6e786d/h2_Weve created more than 5,000 Doodles ove_111429")): Object 'Object Repository/Page_The Story and Evolution of Doodles - G_6e786d/h2_Weve created more than 5,000 Doodles ove_111429' is visible

07-06-2024T14:02:27 - [MESSAGE][PASSED] - Object 'Object Repository/Page_The Story and Evolution of Doodles - G_6e786d/h2_Weve created more than 5,000 Doodles ove_111429' is visible

07-06-2024T14:02:27 - [TEST_STEP][PASSED] - click(findTestObject("Object Repository/Page_The Story and Evolution of Doodles - G_6e786d/p_The first Doodle was a simple out-of-offi_345e61")): Object: 'Object Repository/Page_The Story and Evolution of Doodles - G_6e786d/p_The first Doodle was a simple out-of-offi_345e61' is clicked on

07-06-2024T14:02:27 - [MESSAGE][PASSED] - Object: 'Object Repository/Page_The Story and Evolution of Doodles - G_6e786d/p_The first Doodle was a simple out-of-offi_345e61' is clicked on

07-06-2024T14:02:27 - [TEST_STEP][PASSED] - verifyElementVisible(findTestObject("Object Repository/Page_The Story and Evolution of Doodles - G_6e786d/h1_The story behind Doodles")): Object 'Object Repository/Page_The Story and Evolution of Doodles - G_6e786d/h1_The story behind Doodles' is visible

07-06-2024T14:02:27 - [MESSAGE][PASSED] - Object 'Object Repository/Page_The Story and Evolution of Doodles - G_6e786d/h1_The story behind Doodles' is visible

07-06-2024T14:02:27 - [TEST_STEP][PASSED] - verifyElementVisible(findTestObject("Object Repository/Page_The Story and Evolution of Doodles - G_6e786d/p_The first Doodle was a simple out-of-offi_345e61")): Object 'Object Repository/Page_The Story and Evolution of Doodles - G_6e786d/p_The first Doodle was a simple out-of-offi_345e61' is visible

07-06-2024T14:02:27 - [MESSAGE][PASSED] - Object 'Object Repository/Page_The Story and Evolution of Doodles - G_6e786d/p_The first Doodle was a simple out-of-offi_345e61' is visible

07-06-2024T14:02:27 - [TEST_STEP][PASSED] - verifyElementVisible(findTestObject("Object Repository/Page_The Story and Evolution of Doodles - G_6e786d/h2_Weve created more than 5,000 Doodles ove_111429")): Object 'Object Repository/Page_The Story and Evolution of Doodles - G_6e786d/h2_Weve created more than 5,000 Doodles ove_111429' is visible

07-06-2024T14:02:27 - [MESSAGE][PASSED] - Object 'Object Repository/Page_The Story and Evolution of Doodles - G_6e786d/h2_Weve created more than 5,000 Doodles ove_111429' is visible

07-06-2024T14:02:27 - [TEST_STEP][PASSED] - click(findTestObject("Object Repository/Page_The Story and Evolution of Doodles - G_6e786d/p_The first Doodle was a simple out-of-offi_345e61")): Object: 'Object Repository/Page_The Story and Evolution of Doodles - G_6e786d/p_The first Doodle was a simple out-of-offi_345e61' is clicked on

07-06-2024T14:02:27 - [MESSAGE][PASSED] - Object: 'Object Repository/Page_The Story and Evolution of Doodles - G_6e786d/p_The first Doodle was a simple out-of-offi_345e61' is clicked on

07-06-2024T14:02:27 - [TEST_STEP][PASSED] - verifyElementVisible(findTestObject("Object Repository/Page_The Story and Evolution of Doodles - G_6e786d/h1_The story behind Doodles")): Object 'Object Repository/Page_The Story and Evolution of Doodles - G_6e786d/h1_The story behind Doodles' is visible

07-06-2024T14:02:28 - [MESSAGE][PASSED] - Object 'Object Repository/Page_The Story and Evolution of Doodles - G_6e786d/h1_The story behind Doodles' is visible

07-06-2024T14:02:28 - [TEST_STEP][PASSED] - verifyElementVisible(findTestObject("Object Repository/Page_The Story and Evolution of Doodles - G_6e786d/p_The first Doodle was a simple out-of-offi_345e61")): Object 'Object Repository/Page_The Story and Evolution of Doodles - G_6e786d/p_The first Doodle was a simple out-of-offi_345e61' is visible

07-06-2024T14:02:28 - [MESSAGE][PASSED] - Object 'Object Repository/Page_The Story and Evolution of Doodles - G_6e786d/p_The first Doodle was a simple out-of-offi_345e61' is visible

07-06-2024T14:02:28 - [TEST_STEP][PASSED] - verifyElementVisible(findTestObject("Object Repository/Page_The Story and Evolution of Doodles - G_6e786d/h2_Weve created more than 5,000 Doodles ove_111429")): Object 'Object Repository/Page_The Story and Evolution of Doodles - G_6e786d/h2_Weve created more than 5,000 Doodles ove_111429' is visible

07-06-2024T14:02:28 - [MESSAGE][PASSED] - Object 'Object Repository/Page_The Story and Evolution of Doodles - G_6e786d/h2_Weve created more than 5,000 Doodles ove_111429' is visible

07-06-2024T14:02:28 - [TEST_STEP][PASSED] - click(findTestObject("Object Repository/Page_The Story and Evolution of Doodles - G_6e786d/p_The first Doodle was a simple out-of-offi_345e61")): Object: 'Object Repository/Page_The Story and Evolution of Doodles - G_6e786d/p_The first Doodle was a simple out-of-offi_345e61' is clicked on

07-06-2024T14:02:28 - [MESSAGE][PASSED] - Object: 'Object Repository/Page_The Story and Evolution of Doodles - G_6e786d/p_The first Doodle was a simple out-of-offi_345e61' is clicked on

07-06-2024T14:02:28 - [TEST_STEP][PASSED] - verifyElementVisible(findTestObject("Object Repository/Page_The Story and Evolution of Doodles - G_6e786d/h1_The story behind Doodles")): Object 'Object Repository/Page_The Story and Evolution of Doodles - G_6e786d/h1_The story behind Doodles' is visible

07-06-2024T14:02:28 - [MESSAGE][PASSED] - Object 'Object Repository/Page_The Story and Evolution of Doodles - G_6e786d/h1_The story behind Doodles' is visible

07-06-2024T14:02:28 - [TEST_STEP][PASSED] - verifyElementVisible(findTestObject("Object Repository/Page_The Story and Evolution of Doodles - G_6e786d/p_The first Doodle was a simple out-of-offi_345e61")): Object 'Object Repository/Page_The Story and Evolution of Doodles - G_6e786d/p_The first Doodle was a simple out-of-offi_345e61' is visible

07-06-2024T14:02:28 - [MESSAGE][PASSED] - Object 'Object Repository/Page_The Story and Evolution of Doodles - G_6e786d/p_The first Doodle was a simple out-of-offi_345e61' is visible

07-06-2024T14:02:28 - [TEST_STEP][PASSED] - verifyElementVisible(findTestObject("Object Repository/Page_The Story and Evolution of Doodles - G_6e786d/h2_Weve created more than 5,000 Doodles ove_111429")): Object 'Object Repository/Page_The Story and Evolution of Doodles - G_6e786d/h2_Weve created more than 5,000 Doodles ove_111429' is visible

07-06-2024T14:02:28 - [MESSAGE][PASSED] - Object 'Object Repository/Page_The Story and Evolution of Doodles - G_6e786d/h2_Weve created more than 5,000 Doodles ove_111429' is visible

07-06-2024T14:02:28 - [TEST_STEP][PASSED] - click(findTestObject("Object Repository/Page_The Story and Evolution of Doodles - G_6e786d/p_The first Doodle was a simple out-of-offi_345e61")): Object: 'Object Repository/Page_The Story and Evolution of Doodles - G_6e786d/p_The first Doodle was a simple out-of-offi_345e61' is clicked on

07-06-2024T14:02:28 - [MESSAGE][PASSED] - Object: 'Object Repository/Page_The Story and Evolution of Doodles - G_6e786d/p_The first Doodle was a simple out-of-offi_345e61' is clicked on

07-06-2024T14:02:28 - [TEST_STEP][PASSED] - verifyElementVisible(findTestObject("Object Repository/Page_The Story and Evolution of Doodles - G_6e786d/h1_The story behind Doodles")): Object 'Object Repository/Page_The Story and Evolution of Doodles - G_6e786d/h1_The story behind Doodles' is visible

07-06-2024T14:02:28 - [MESSAGE][PASSED] - Object 'Object Repository/Page_The Story and Evolution of Doodles - G_6e786d/h1_The story behind Doodles' is visible

07-06-2024T14:02:28 - [TEST_STEP][PASSED] - verifyElementVisible(findTestObject("Object Repository/Page_The Story and Evolution of Doodles - G_6e786d/p_The first Doodle was a simple out-of-offi_345e61")): Object 'Object Repository/Page_The Story and Evolution of Doodles - G_6e786d/p_The first Doodle was a simple out-of-offi_345e61' is visible

07-06-2024T14:02:28 - [MESSAGE][PASSED] - Object 'Object Repository/Page_The Story and Evolution of Doodles - G_6e786d/p_The first Doodle was a simple out-of-offi_345e61' is visible

07-06-2024T14:02:28 - [TEST_STEP][PASSED] - verifyElementVisible(findTestObject("Object Repository/Page_The Story and Evolution of Doodles - G_6e786d/h2_Weve created more than 5,000 Doodles ove_111429")): Object 'Object Repository/Page_The Story and Evolution of Doodles - G_6e786d/h2_Weve created more than 5,000 Doodles ove_111429' is visible

07-06-2024T14:02:28 - [MESSAGE][PASSED] - Object 'Object Repository/Page_The Story and Evolution of Doodles - G_6e786d/h2_Weve created more than 5,000 Doodles ove_111429' is visible

07-06-2024T14:02:28 - [TEST_STEP][PASSED] - click(findTestObject("Object Repository/Page_The Story and Evolution of Doodles - G_6e786d/p_The first Doodle was a simple out-of-offi_345e61")): Object: 'Object Repository/Page_The Story and Evolution of Doodles - G_6e786d/p_The first Doodle was a simple out-of-offi_345e61' is clicked on

07-06-2024T14:02:29 - [MESSAGE][PASSED] - Object: 'Object Repository/Page_The Story and Evolution of Doodles - G_6e786d/p_The first Doodle was a simple out-of-offi_345e61' is clicked on

07-06-2024T14:02:29 - [TEST_STEP][PASSED] - verifyElementVisible(findTestObject("Object Repository/Page_The Story and Evolution of Doodles - G_6e786d/h1_The story behind Doodles")): Object 'Object Repository/Page_The Story and Evolution of Doodles - G_6e786d/h1_The story behind Doodles' is visible

07-06-2024T14:02:29 - [MESSAGE][PASSED] - Object 'Object Repository/Page_The Story and Evolution of Doodles - G_6e786d/h1_The story behind Doodles' is visible

07-06-2024T14:02:29 - [TEST_STEP][PASSED] - verifyElementVisible(findTestObject("Object Repository/Page_The Story and Evolution of Doodles - G_6e786d/p_The first Doodle was a simple out-of-offi_345e61")): Object 'Object Repository/Page_The Story and Evolution of Doodles - G_6e786d/p_The first Doodle was a simple out-of-offi_345e61' is visible

07-06-2024T14:02:29 - [MESSAGE][PASSED] - Object 'Object Repository/Page_The Story and Evolution of Doodles - G_6e786d/p_The first Doodle was a simple out-of-offi_345e61' is visible

07-06-2024T14:02:29 - [TEST_STEP][PASSED] - verifyElementVisible(findTestObject("Object Repository/Page_The Story and Evolution of Doodles - G_6e786d/h2_Weve created more than 5,000 Doodles ove_111429")): Object 'Object Repository/Page_The Story and Evolution of Doodles - G_6e786d/h2_Weve created more than 5,000 Doodles ove_111429' is visible

07-06-2024T14:02:29 - [MESSAGE][PASSED] - Object 'Object Repository/Page_The Story and Evolution of Doodles - G_6e786d/h2_Weve created more than 5,000 Doodles ove_111429' is visible

07-06-2024T14:02:29 - [TEST_STEP][PASSED] - click(findTestObject("Object Repository/Page_The Story and Evolution of Doodles - G_6e786d/p_The first Doodle was a simple out-of-offi_345e61")): Object: 'Object Repository/Page_The Story and Evolution of Doodles - G_6e786d/p_The first Doodle was a simple out-of-offi_345e61' is clicked on

07-06-2024T14:02:29 - [MESSAGE][PASSED] - Object: 'Object Repository/Page_The Story and Evolution of Doodles - G_6e786d/p_The first Doodle was a simple out-of-offi_345e61' is clicked on

07-06-2024T14:02:29 - [TEST_STEP][PASSED] - verifyElementVisible(findTestObject("Object Repository/Page_The Story and Evolution of Doodles - G_6e786d/h1_The story behind Doodles")): Object 'Object Repository/Page_The Story and Evolution of Doodles - G_6e786d/h1_The story behind Doodles' is visible

07-06-2024T14:02:29 - [MESSAGE][PASSED] - Object 'Object Repository/Page_The Story and Evolution of Doodles - G_6e786d/h1_The story behind Doodles' is visible

07-06-2024T14:02:29 - [TEST_STEP][PASSED] - verifyElementVisible(findTestObject("Object Repository/Page_The Story and Evolution of Doodles - G_6e786d/p_The first Doodle was a simple out-of-offi_345e61")): Object 'Object Repository/Page_The Story and Evolution of Doodles - G_6e786d/p_The first Doodle was a simple out-of-offi_345e61' is visible

07-06-2024T14:02:29 - [MESSAGE][PASSED] - Object 'Object Repository/Page_The Story and Evolution of Doodles - G_6e786d/p_The first Doodle was a simple out-of-offi_345e61' is visible

07-06-2024T14:02:29 - [TEST_STEP][PASSED] - verifyElementVisible(findTestObject("Object Repository/Page_The Story and Evolution of Doodles - G_6e786d/h2_Weve created more than 5,000 Doodles ove_111429")): Object 'Object Repository/Page_The Story and Evolution of Doodles - G_6e786d/h2_Weve created more than 5,000 Doodles ove_111429' is visible

07-06-2024T14:02:29 - [MESSAGE][PASSED] - Object 'Object Repository/Page_The Story and Evolution of Doodles - G_6e786d/h2_Weve created more than 5,000 Doodles ove_111429' is visible]]></system-out>
         <system-err><![CDATA[]]></system-err>
      </testcase>
      <testcase name="Test Cases/test case folder 1/tc1 - Copy (9)" time="9.441" classname="Test Cases/test case folder 1/tc1 - Copy (9)" status="PASSED">
         <system-out><![CDATA[07-06-2024T14:02:29 - [TEST_CASE][PASSED] - Test Cases/test case folder 1/tc1 - Copy (9): Test Cases/test case folder 1/tc1 - Copy (9)

07-06-2024T14:02:29 - [TEST_STEP][PASSED] - openBrowser(""): Browser is opened with url: ''

07-06-2024T14:02:29 - [MESSAGE][WARNING] - A browser is already opened. Closing browser and opening a new one

07-06-2024T14:02:30 - [MESSAGE][INFO] - Starting 'Firefox (headless)' driver

07-06-2024T14:02:30 - [MESSAGE][INFO] - Action delay is set to 0 milliseconds

07-06-2024T14:02:32 - [MESSAGE][PASSED] - Browser is opened with url: ''

07-06-2024T14:02:32 - [TEST_STEP][PASSED] - navigateToUrl("https://doodles.google/about/"): Navigate to 'https://doodles.google/about/' successfully

07-06-2024T14:02:35 - [MESSAGE][PASSED] - Navigate to 'https://doodles.google/about/' successfully

07-06-2024T14:02:35 - [TEST_STEP][PASSED] - click(findTestObject("Object Repository/Page_The Story and Evolution of Doodles - G_6e786d/p_The first Doodle was a simple out-of-offi_345e61")): Object: 'Object Repository/Page_The Story and Evolution of Doodles - G_6e786d/p_The first Doodle was a simple out-of-offi_345e61' is clicked on

07-06-2024T14:02:35 - [MESSAGE][PASSED] - Object: 'Object Repository/Page_The Story and Evolution of Doodles - G_6e786d/p_The first Doodle was a simple out-of-offi_345e61' is clicked on

07-06-2024T14:02:35 - [TEST_STEP][PASSED] - click(findTestObject("Object Repository/Page_The Story and Evolution of Doodles - G_6e786d/p_The first Doodle was a simple out-of-offi_345e61")): Object: 'Object Repository/Page_The Story and Evolution of Doodles - G_6e786d/p_The first Doodle was a simple out-of-offi_345e61' is clicked on

07-06-2024T14:02:35 - [MESSAGE][PASSED] - Object: 'Object Repository/Page_The Story and Evolution of Doodles - G_6e786d/p_The first Doodle was a simple out-of-offi_345e61' is clicked on

07-06-2024T14:02:35 - [TEST_STEP][PASSED] - verifyElementVisible(findTestObject("Object Repository/Page_The Story and Evolution of Doodles - G_6e786d/h1_The story behind Doodles")): Object 'Object Repository/Page_The Story and Evolution of Doodles - G_6e786d/h1_The story behind Doodles' is visible

07-06-2024T14:02:36 - [MESSAGE][PASSED] - Object 'Object Repository/Page_The Story and Evolution of Doodles - G_6e786d/h1_The story behind Doodles' is visible

07-06-2024T14:02:36 - [TEST_STEP][PASSED] - verifyElementVisible(findTestObject("Object Repository/Page_The Story and Evolution of Doodles - G_6e786d/p_The first Doodle was a simple out-of-offi_345e61")): Object 'Object Repository/Page_The Story and Evolution of Doodles - G_6e786d/p_The first Doodle was a simple out-of-offi_345e61' is visible

07-06-2024T14:02:36 - [MESSAGE][PASSED] - Object 'Object Repository/Page_The Story and Evolution of Doodles - G_6e786d/p_The first Doodle was a simple out-of-offi_345e61' is visible

07-06-2024T14:02:36 - [TEST_STEP][PASSED] - verifyElementVisible(findTestObject("Object Repository/Page_The Story and Evolution of Doodles - G_6e786d/h2_Weve created more than 5,000 Doodles ove_111429")): Object 'Object Repository/Page_The Story and Evolution of Doodles - G_6e786d/h2_Weve created more than 5,000 Doodles ove_111429' is visible

07-06-2024T14:02:36 - [MESSAGE][PASSED] - Object 'Object Repository/Page_The Story and Evolution of Doodles - G_6e786d/h2_Weve created more than 5,000 Doodles ove_111429' is visible

07-06-2024T14:02:36 - [TEST_STEP][PASSED] - verifyElementVisible(findTestObject("Object Repository/Page_The Story and Evolution of Doodles - G_6e786d/h1_The story behind Doodles")): Object 'Object Repository/Page_The Story and Evolution of Doodles - G_6e786d/h1_The story behind Doodles' is visible

07-06-2024T14:02:36 - [MESSAGE][PASSED] - Object 'Object Repository/Page_The Story and Evolution of Doodles - G_6e786d/h1_The story behind Doodles' is visible

07-06-2024T14:02:36 - [TEST_STEP][PASSED] - verifyElementVisible(findTestObject("Object Repository/Page_The Story and Evolution of Doodles - G_6e786d/p_The first Doodle was a simple out-of-offi_345e61")): Object 'Object Repository/Page_The Story and Evolution of Doodles - G_6e786d/p_The first Doodle was a simple out-of-offi_345e61' is visible

07-06-2024T14:02:36 - [MESSAGE][PASSED] - Object 'Object Repository/Page_The Story and Evolution of Doodles - G_6e786d/p_The first Doodle was a simple out-of-offi_345e61' is visible

07-06-2024T14:02:36 - [TEST_STEP][PASSED] - verifyElementVisible(findTestObject("Object Repository/Page_The Story and Evolution of Doodles - G_6e786d/h2_Weve created more than 5,000 Doodles ove_111429")): Object 'Object Repository/Page_The Story and Evolution of Doodles - G_6e786d/h2_Weve created more than 5,000 Doodles ove_111429' is visible

07-06-2024T14:02:36 - [MESSAGE][PASSED] - Object 'Object Repository/Page_The Story and Evolution of Doodles - G_6e786d/h2_Weve created more than 5,000 Doodles ove_111429' is visible

07-06-2024T14:02:36 - [TEST_STEP][PASSED] - click(findTestObject("Object Repository/Page_The Story and Evolution of Doodles - G_6e786d/p_The first Doodle was a simple out-of-offi_345e61")): Object: 'Object Repository/Page_The Story and Evolution of Doodles - G_6e786d/p_The first Doodle was a simple out-of-offi_345e61' is clicked on

07-06-2024T14:02:36 - [MESSAGE][PASSED] - Object: 'Object Repository/Page_The Story and Evolution of Doodles - G_6e786d/p_The first Doodle was a simple out-of-offi_345e61' is clicked on

07-06-2024T14:02:36 - [TEST_STEP][PASSED] - verifyElementVisible(findTestObject("Object Repository/Page_The Story and Evolution of Doodles - G_6e786d/h1_The story behind Doodles")): Object 'Object Repository/Page_The Story and Evolution of Doodles - G_6e786d/h1_The story behind Doodles' is visible

07-06-2024T14:02:36 - [MESSAGE][PASSED] - Object 'Object Repository/Page_The Story and Evolution of Doodles - G_6e786d/h1_The story behind Doodles' is visible

07-06-2024T14:02:36 - [TEST_STEP][PASSED] - verifyElementVisible(findTestObject("Object Repository/Page_The Story and Evolution of Doodles - G_6e786d/p_The first Doodle was a simple out-of-offi_345e61")): Object 'Object Repository/Page_The Story and Evolution of Doodles - G_6e786d/p_The first Doodle was a simple out-of-offi_345e61' is visible

07-06-2024T14:02:36 - [MESSAGE][PASSED] - Object 'Object Repository/Page_The Story and Evolution of Doodles - G_6e786d/p_The first Doodle was a simple out-of-offi_345e61' is visible

07-06-2024T14:02:36 - [TEST_STEP][PASSED] - verifyElementVisible(findTestObject("Object Repository/Page_The Story and Evolution of Doodles - G_6e786d/h2_Weve created more than 5,000 Doodles ove_111429")): Object 'Object Repository/Page_The Story and Evolution of Doodles - G_6e786d/h2_Weve created more than 5,000 Doodles ove_111429' is visible

07-06-2024T14:02:36 - [MESSAGE][PASSED] - Object 'Object Repository/Page_The Story and Evolution of Doodles - G_6e786d/h2_Weve created more than 5,000 Doodles ove_111429' is visible

07-06-2024T14:02:36 - [TEST_STEP][PASSED] - click(findTestObject("Object Repository/Page_The Story and Evolution of Doodles - G_6e786d/p_The first Doodle was a simple out-of-offi_345e61")): Object: 'Object Repository/Page_The Story and Evolution of Doodles - G_6e786d/p_The first Doodle was a simple out-of-offi_345e61' is clicked on

07-06-2024T14:02:36 - [MESSAGE][PASSED] - Object: 'Object Repository/Page_The Story and Evolution of Doodles - G_6e786d/p_The first Doodle was a simple out-of-offi_345e61' is clicked on

07-06-2024T14:02:36 - [TEST_STEP][PASSED] - verifyElementVisible(findTestObject("Object Repository/Page_The Story and Evolution of Doodles - G_6e786d/h1_The story behind Doodles")): Object 'Object Repository/Page_The Story and Evolution of Doodles - G_6e786d/h1_The story behind Doodles' is visible

07-06-2024T14:02:36 - [MESSAGE][PASSED] - Object 'Object Repository/Page_The Story and Evolution of Doodles - G_6e786d/h1_The story behind Doodles' is visible

07-06-2024T14:02:36 - [TEST_STEP][PASSED] - verifyElementVisible(findTestObject("Object Repository/Page_The Story and Evolution of Doodles - G_6e786d/p_The first Doodle was a simple out-of-offi_345e61")): Object 'Object Repository/Page_The Story and Evolution of Doodles - G_6e786d/p_The first Doodle was a simple out-of-offi_345e61' is visible

07-06-2024T14:02:36 - [MESSAGE][PASSED] - Object 'Object Repository/Page_The Story and Evolution of Doodles - G_6e786d/p_The first Doodle was a simple out-of-offi_345e61' is visible

07-06-2024T14:02:36 - [TEST_STEP][PASSED] - verifyElementVisible(findTestObject("Object Repository/Page_The Story and Evolution of Doodles - G_6e786d/h2_Weve created more than 5,000 Doodles ove_111429")): Object 'Object Repository/Page_The Story and Evolution of Doodles - G_6e786d/h2_Weve created more than 5,000 Doodles ove_111429' is visible

07-06-2024T14:02:36 - [MESSAGE][PASSED] - Object 'Object Repository/Page_The Story and Evolution of Doodles - G_6e786d/h2_Weve created more than 5,000 Doodles ove_111429' is visible

07-06-2024T14:02:36 - [TEST_STEP][PASSED] - click(findTestObject("Object Repository/Page_The Story and Evolution of Doodles - G_6e786d/p_The first Doodle was a simple out-of-offi_345e61")): Object: 'Object Repository/Page_The Story and Evolution of Doodles - G_6e786d/p_The first Doodle was a simple out-of-offi_345e61' is clicked on

07-06-2024T14:02:37 - [MESSAGE][PASSED] - Object: 'Object Repository/Page_The Story and Evolution of Doodles - G_6e786d/p_The first Doodle was a simple out-of-offi_345e61' is clicked on

07-06-2024T14:02:37 - [TEST_STEP][PASSED] - verifyElementVisible(findTestObject("Object Repository/Page_The Story and Evolution of Doodles - G_6e786d/h1_The story behind Doodles")): Object 'Object Repository/Page_The Story and Evolution of Doodles - G_6e786d/h1_The story behind Doodles' is visible

07-06-2024T14:02:37 - [MESSAGE][PASSED] - Object 'Object Repository/Page_The Story and Evolution of Doodles - G_6e786d/h1_The story behind Doodles' is visible

07-06-2024T14:02:37 - [TEST_STEP][PASSED] - verifyElementVisible(findTestObject("Object Repository/Page_The Story and Evolution of Doodles - G_6e786d/p_The first Doodle was a simple out-of-offi_345e61")): Object 'Object Repository/Page_The Story and Evolution of Doodles - G_6e786d/p_The first Doodle was a simple out-of-offi_345e61' is visible

07-06-2024T14:02:37 - [MESSAGE][PASSED] - Object 'Object Repository/Page_The Story and Evolution of Doodles - G_6e786d/p_The first Doodle was a simple out-of-offi_345e61' is visible

07-06-2024T14:02:37 - [TEST_STEP][PASSED] - verifyElementVisible(findTestObject("Object Repository/Page_The Story and Evolution of Doodles - G_6e786d/h2_Weve created more than 5,000 Doodles ove_111429")): Object 'Object Repository/Page_The Story and Evolution of Doodles - G_6e786d/h2_Weve created more than 5,000 Doodles ove_111429' is visible

07-06-2024T14:02:37 - [MESSAGE][PASSED] - Object 'Object Repository/Page_The Story and Evolution of Doodles - G_6e786d/h2_Weve created more than 5,000 Doodles ove_111429' is visible

07-06-2024T14:02:37 - [TEST_STEP][PASSED] - click(findTestObject("Object Repository/Page_The Story and Evolution of Doodles - G_6e786d/p_The first Doodle was a simple out-of-offi_345e61")): Object: 'Object Repository/Page_The Story and Evolution of Doodles - G_6e786d/p_The first Doodle was a simple out-of-offi_345e61' is clicked on

07-06-2024T14:02:37 - [MESSAGE][PASSED] - Object: 'Object Repository/Page_The Story and Evolution of Doodles - G_6e786d/p_The first Doodle was a simple out-of-offi_345e61' is clicked on

07-06-2024T14:02:37 - [TEST_STEP][PASSED] - verifyElementVisible(findTestObject("Object Repository/Page_The Story and Evolution of Doodles - G_6e786d/h1_The story behind Doodles")): Object 'Object Repository/Page_The Story and Evolution of Doodles - G_6e786d/h1_The story behind Doodles' is visible

07-06-2024T14:02:37 - [MESSAGE][PASSED] - Object 'Object Repository/Page_The Story and Evolution of Doodles - G_6e786d/h1_The story behind Doodles' is visible

07-06-2024T14:02:37 - [TEST_STEP][PASSED] - verifyElementVisible(findTestObject("Object Repository/Page_The Story and Evolution of Doodles - G_6e786d/p_The first Doodle was a simple out-of-offi_345e61")): Object 'Object Repository/Page_The Story and Evolution of Doodles - G_6e786d/p_The first Doodle was a simple out-of-offi_345e61' is visible

07-06-2024T14:02:37 - [MESSAGE][PASSED] - Object 'Object Repository/Page_The Story and Evolution of Doodles - G_6e786d/p_The first Doodle was a simple out-of-offi_345e61' is visible

07-06-2024T14:02:37 - [TEST_STEP][PASSED] - verifyElementVisible(findTestObject("Object Repository/Page_The Story and Evolution of Doodles - G_6e786d/h2_Weve created more than 5,000 Doodles ove_111429")): Object 'Object Repository/Page_The Story and Evolution of Doodles - G_6e786d/h2_Weve created more than 5,000 Doodles ove_111429' is visible

07-06-2024T14:02:37 - [MESSAGE][PASSED] - Object 'Object Repository/Page_The Story and Evolution of Doodles - G_6e786d/h2_Weve created more than 5,000 Doodles ove_111429' is visible

07-06-2024T14:02:37 - [TEST_STEP][PASSED] - click(findTestObject("Object Repository/Page_The Story and Evolution of Doodles - G_6e786d/p_The first Doodle was a simple out-of-offi_345e61")): Object: 'Object Repository/Page_The Story and Evolution of Doodles - G_6e786d/p_The first Doodle was a simple out-of-offi_345e61' is clicked on

07-06-2024T14:02:37 - [MESSAGE][PASSED] - Object: 'Object Repository/Page_The Story and Evolution of Doodles - G_6e786d/p_The first Doodle was a simple out-of-offi_345e61' is clicked on

07-06-2024T14:02:37 - [TEST_STEP][PASSED] - verifyElementVisible(findTestObject("Object Repository/Page_The Story and Evolution of Doodles - G_6e786d/h1_The story behind Doodles")): Object 'Object Repository/Page_The Story and Evolution of Doodles - G_6e786d/h1_The story behind Doodles' is visible

07-06-2024T14:02:37 - [MESSAGE][PASSED] - Object 'Object Repository/Page_The Story and Evolution of Doodles - G_6e786d/h1_The story behind Doodles' is visible

07-06-2024T14:02:37 - [TEST_STEP][PASSED] - verifyElementVisible(findTestObject("Object Repository/Page_The Story and Evolution of Doodles - G_6e786d/p_The first Doodle was a simple out-of-offi_345e61")): Object 'Object Repository/Page_The Story and Evolution of Doodles - G_6e786d/p_The first Doodle was a simple out-of-offi_345e61' is visible

07-06-2024T14:02:37 - [MESSAGE][PASSED] - Object 'Object Repository/Page_The Story and Evolution of Doodles - G_6e786d/p_The first Doodle was a simple out-of-offi_345e61' is visible

07-06-2024T14:02:37 - [TEST_STEP][PASSED] - verifyElementVisible(findTestObject("Object Repository/Page_The Story and Evolution of Doodles - G_6e786d/h2_Weve created more than 5,000 Doodles ove_111429")): Object 'Object Repository/Page_The Story and Evolution of Doodles - G_6e786d/h2_Weve created more than 5,000 Doodles ove_111429' is visible

07-06-2024T14:02:37 - [MESSAGE][PASSED] - Object 'Object Repository/Page_The Story and Evolution of Doodles - G_6e786d/h2_Weve created more than 5,000 Doodles ove_111429' is visible

07-06-2024T14:02:37 - [TEST_STEP][PASSED] - click(findTestObject("Object Repository/Page_The Story and Evolution of Doodles - G_6e786d/p_The first Doodle was a simple out-of-offi_345e61")): Object: 'Object Repository/Page_The Story and Evolution of Doodles - G_6e786d/p_The first Doodle was a simple out-of-offi_345e61' is clicked on

07-06-2024T14:02:38 - [MESSAGE][PASSED] - Object: 'Object Repository/Page_The Story and Evolution of Doodles - G_6e786d/p_The first Doodle was a simple out-of-offi_345e61' is clicked on

07-06-2024T14:02:38 - [TEST_STEP][PASSED] - verifyElementVisible(findTestObject("Object Repository/Page_The Story and Evolution of Doodles - G_6e786d/h1_The story behind Doodles")): Object 'Object Repository/Page_The Story and Evolution of Doodles - G_6e786d/h1_The story behind Doodles' is visible

07-06-2024T14:02:38 - [MESSAGE][PASSED] - Object 'Object Repository/Page_The Story and Evolution of Doodles - G_6e786d/h1_The story behind Doodles' is visible

07-06-2024T14:02:38 - [TEST_STEP][PASSED] - verifyElementVisible(findTestObject("Object Repository/Page_The Story and Evolution of Doodles - G_6e786d/p_The first Doodle was a simple out-of-offi_345e61")): Object 'Object Repository/Page_The Story and Evolution of Doodles - G_6e786d/p_The first Doodle was a simple out-of-offi_345e61' is visible

07-06-2024T14:02:38 - [MESSAGE][PASSED] - Object 'Object Repository/Page_The Story and Evolution of Doodles - G_6e786d/p_The first Doodle was a simple out-of-offi_345e61' is visible

07-06-2024T14:02:38 - [TEST_STEP][PASSED] - verifyElementVisible(findTestObject("Object Repository/Page_The Story and Evolution of Doodles - G_6e786d/h2_Weve created more than 5,000 Doodles ove_111429")): Object 'Object Repository/Page_The Story and Evolution of Doodles - G_6e786d/h2_Weve created more than 5,000 Doodles ove_111429' is visible

07-06-2024T14:02:38 - [MESSAGE][PASSED] - Object 'Object Repository/Page_The Story and Evolution of Doodles - G_6e786d/h2_Weve created more than 5,000 Doodles ove_111429' is visible

07-06-2024T14:02:38 - [TEST_STEP][PASSED] - click(findTestObject("Object Repository/Page_The Story and Evolution of Doodles - G_6e786d/p_The first Doodle was a simple out-of-offi_345e61")): Object: 'Object Repository/Page_The Story and Evolution of Doodles - G_6e786d/p_The first Doodle was a simple out-of-offi_345e61' is clicked on

07-06-2024T14:02:38 - [MESSAGE][PASSED] - Object: 'Object Repository/Page_The Story and Evolution of Doodles - G_6e786d/p_The first Doodle was a simple out-of-offi_345e61' is clicked on

07-06-2024T14:02:38 - [TEST_STEP][PASSED] - verifyElementVisible(findTestObject("Object Repository/Page_The Story and Evolution of Doodles - G_6e786d/h1_The story behind Doodles")): Object 'Object Repository/Page_The Story and Evolution of Doodles - G_6e786d/h1_The story behind Doodles' is visible

07-06-2024T14:02:38 - [MESSAGE][PASSED] - Object 'Object Repository/Page_The Story and Evolution of Doodles - G_6e786d/h1_The story behind Doodles' is visible

07-06-2024T14:02:38 - [TEST_STEP][PASSED] - verifyElementVisible(findTestObject("Object Repository/Page_The Story and Evolution of Doodles - G_6e786d/p_The first Doodle was a simple out-of-offi_345e61")): Object 'Object Repository/Page_The Story and Evolution of Doodles - G_6e786d/p_The first Doodle was a simple out-of-offi_345e61' is visible

07-06-2024T14:02:38 - [MESSAGE][PASSED] - Object 'Object Repository/Page_The Story and Evolution of Doodles - G_6e786d/p_The first Doodle was a simple out-of-offi_345e61' is visible

07-06-2024T14:02:38 - [TEST_STEP][PASSED] - verifyElementVisible(findTestObject("Object Repository/Page_The Story and Evolution of Doodles - G_6e786d/h2_Weve created more than 5,000 Doodles ove_111429")): Object 'Object Repository/Page_The Story and Evolution of Doodles - G_6e786d/h2_Weve created more than 5,000 Doodles ove_111429' is visible

07-06-2024T14:02:38 - [MESSAGE][PASSED] - Object 'Object Repository/Page_The Story and Evolution of Doodles - G_6e786d/h2_Weve created more than 5,000 Doodles ove_111429' is visible

07-06-2024T14:02:38 - [TEST_STEP][PASSED] - click(findTestObject("Object Repository/Page_The Story and Evolution of Doodles - G_6e786d/p_The first Doodle was a simple out-of-offi_345e61")): Object: 'Object Repository/Page_The Story and Evolution of Doodles - G_6e786d/p_The first Doodle was a simple out-of-offi_345e61' is clicked on

07-06-2024T14:02:38 - [MESSAGE][PASSED] - Object: 'Object Repository/Page_The Story and Evolution of Doodles - G_6e786d/p_The first Doodle was a simple out-of-offi_345e61' is clicked on

07-06-2024T14:02:38 - [TEST_STEP][PASSED] - verifyElementVisible(findTestObject("Object Repository/Page_The Story and Evolution of Doodles - G_6e786d/h1_The story behind Doodles")): Object 'Object Repository/Page_The Story and Evolution of Doodles - G_6e786d/h1_The story behind Doodles' is visible

07-06-2024T14:02:38 - [MESSAGE][PASSED] - Object 'Object Repository/Page_The Story and Evolution of Doodles - G_6e786d/h1_The story behind Doodles' is visible

07-06-2024T14:02:38 - [TEST_STEP][PASSED] - verifyElementVisible(findTestObject("Object Repository/Page_The Story and Evolution of Doodles - G_6e786d/p_The first Doodle was a simple out-of-offi_345e61")): Object 'Object Repository/Page_The Story and Evolution of Doodles - G_6e786d/p_The first Doodle was a simple out-of-offi_345e61' is visible

07-06-2024T14:02:38 - [MESSAGE][PASSED] - Object 'Object Repository/Page_The Story and Evolution of Doodles - G_6e786d/p_The first Doodle was a simple out-of-offi_345e61' is visible

07-06-2024T14:02:38 - [TEST_STEP][PASSED] - verifyElementVisible(findTestObject("Object Repository/Page_The Story and Evolution of Doodles - G_6e786d/h2_Weve created more than 5,000 Doodles ove_111429")): Object 'Object Repository/Page_The Story and Evolution of Doodles - G_6e786d/h2_Weve created more than 5,000 Doodles ove_111429' is visible

07-06-2024T14:02:38 - [MESSAGE][PASSED] - Object 'Object Repository/Page_The Story and Evolution of Doodles - G_6e786d/h2_Weve created more than 5,000 Doodles ove_111429' is visible

07-06-2024T14:02:38 - [TEST_STEP][PASSED] - click(findTestObject("Object Repository/Page_The Story and Evolution of Doodles - G_6e786d/p_The first Doodle was a simple out-of-offi_345e61")): Object: 'Object Repository/Page_The Story and Evolution of Doodles - G_6e786d/p_The first Doodle was a simple out-of-offi_345e61' is clicked on

07-06-2024T14:02:39 - [MESSAGE][PASSED] - Object: 'Object Repository/Page_The Story and Evolution of Doodles - G_6e786d/p_The first Doodle was a simple out-of-offi_345e61' is clicked on

07-06-2024T14:02:39 - [TEST_STEP][PASSED] - verifyElementVisible(findTestObject("Object Repository/Page_The Story and Evolution of Doodles - G_6e786d/h1_The story behind Doodles")): Object 'Object Repository/Page_The Story and Evolution of Doodles - G_6e786d/h1_The story behind Doodles' is visible

07-06-2024T14:02:39 - [MESSAGE][PASSED] - Object 'Object Repository/Page_The Story and Evolution of Doodles - G_6e786d/h1_The story behind Doodles' is visible

07-06-2024T14:02:39 - [TEST_STEP][PASSED] - verifyElementVisible(findTestObject("Object Repository/Page_The Story and Evolution of Doodles - G_6e786d/p_The first Doodle was a simple out-of-offi_345e61")): Object 'Object Repository/Page_The Story and Evolution of Doodles - G_6e786d/p_The first Doodle was a simple out-of-offi_345e61' is visible

07-06-2024T14:02:39 - [MESSAGE][PASSED] - Object 'Object Repository/Page_The Story and Evolution of Doodles - G_6e786d/p_The first Doodle was a simple out-of-offi_345e61' is visible

07-06-2024T14:02:39 - [TEST_STEP][PASSED] - verifyElementVisible(findTestObject("Object Repository/Page_The Story and Evolution of Doodles - G_6e786d/h2_Weve created more than 5,000 Doodles ove_111429")): Object 'Object Repository/Page_The Story and Evolution of Doodles - G_6e786d/h2_Weve created more than 5,000 Doodles ove_111429' is visible

07-06-2024T14:02:39 - [MESSAGE][PASSED] - Object 'Object Repository/Page_The Story and Evolution of Doodles - G_6e786d/h2_Weve created more than 5,000 Doodles ove_111429' is visible]]></system-out>
         <system-err><![CDATA[]]></system-err>
      </testcase>
      <testcase name="Test Cases/test case folder 1/tc1 - Copy - Copy (1)" time="8.382" classname="Test Cases/test case folder 1/tc1 - Copy - Copy (1)" status="PASSED">
         <system-out><![CDATA[07-06-2024T14:02:39 - [TEST_CASE][PASSED] - Test Cases/test case folder 1/tc1 - Copy - Copy (1): Test Cases/test case folder 1/tc1 - Copy - Copy (1)

07-06-2024T14:02:39 - [TEST_STEP][PASSED] - openBrowser(""): Browser is opened with url: ''

07-06-2024T14:02:39 - [MESSAGE][WARNING] - A browser is already opened. Closing browser and opening a new one

07-06-2024T14:02:40 - [MESSAGE][INFO] - Starting 'Firefox (headless)' driver

07-06-2024T14:02:40 - [MESSAGE][INFO] - Action delay is set to 0 milliseconds

07-06-2024T14:02:41 - [MESSAGE][PASSED] - Browser is opened with url: ''

07-06-2024T14:02:41 - [TEST_STEP][PASSED] - navigateToUrl("https://doodles.google/about/"): Navigate to 'https://doodles.google/about/' successfully

07-06-2024T14:02:43 - [MESSAGE][PASSED] - Navigate to 'https://doodles.google/about/' successfully

07-06-2024T14:02:43 - [TEST_STEP][PASSED] - click(findTestObject("Object Repository/Page_The Story and Evolution of Doodles - G_6e786d/p_The first Doodle was a simple out-of-offi_345e61")): Object: 'Object Repository/Page_The Story and Evolution of Doodles - G_6e786d/p_The first Doodle was a simple out-of-offi_345e61' is clicked on

07-06-2024T14:02:44 - [MESSAGE][PASSED] - Object: 'Object Repository/Page_The Story and Evolution of Doodles - G_6e786d/p_The first Doodle was a simple out-of-offi_345e61' is clicked on

07-06-2024T14:02:44 - [TEST_STEP][PASSED] - click(findTestObject("Object Repository/Page_The Story and Evolution of Doodles - G_6e786d/p_The first Doodle was a simple out-of-offi_345e61")): Object: 'Object Repository/Page_The Story and Evolution of Doodles - G_6e786d/p_The first Doodle was a simple out-of-offi_345e61' is clicked on

07-06-2024T14:02:44 - [MESSAGE][PASSED] - Object: 'Object Repository/Page_The Story and Evolution of Doodles - G_6e786d/p_The first Doodle was a simple out-of-offi_345e61' is clicked on

07-06-2024T14:02:44 - [TEST_STEP][PASSED] - verifyElementVisible(findTestObject("Object Repository/Page_The Story and Evolution of Doodles - G_6e786d/h1_The story behind Doodles")): Object 'Object Repository/Page_The Story and Evolution of Doodles - G_6e786d/h1_The story behind Doodles' is visible

07-06-2024T14:02:44 - [MESSAGE][PASSED] - Object 'Object Repository/Page_The Story and Evolution of Doodles - G_6e786d/h1_The story behind Doodles' is visible

07-06-2024T14:02:44 - [TEST_STEP][PASSED] - verifyElementVisible(findTestObject("Object Repository/Page_The Story and Evolution of Doodles - G_6e786d/p_The first Doodle was a simple out-of-offi_345e61")): Object 'Object Repository/Page_The Story and Evolution of Doodles - G_6e786d/p_The first Doodle was a simple out-of-offi_345e61' is visible

07-06-2024T14:02:44 - [MESSAGE][PASSED] - Object 'Object Repository/Page_The Story and Evolution of Doodles - G_6e786d/p_The first Doodle was a simple out-of-offi_345e61' is visible

07-06-2024T14:02:44 - [TEST_STEP][PASSED] - verifyElementVisible(findTestObject("Object Repository/Page_The Story and Evolution of Doodles - G_6e786d/h2_Weve created more than 5,000 Doodles ove_111429")): Object 'Object Repository/Page_The Story and Evolution of Doodles - G_6e786d/h2_Weve created more than 5,000 Doodles ove_111429' is visible

07-06-2024T14:02:44 - [MESSAGE][PASSED] - Object 'Object Repository/Page_The Story and Evolution of Doodles - G_6e786d/h2_Weve created more than 5,000 Doodles ove_111429' is visible

07-06-2024T14:02:44 - [TEST_STEP][PASSED] - verifyElementVisible(findTestObject("Object Repository/Page_The Story and Evolution of Doodles - G_6e786d/h1_The story behind Doodles")): Object 'Object Repository/Page_The Story and Evolution of Doodles - G_6e786d/h1_The story behind Doodles' is visible

07-06-2024T14:02:44 - [MESSAGE][PASSED] - Object 'Object Repository/Page_The Story and Evolution of Doodles - G_6e786d/h1_The story behind Doodles' is visible

07-06-2024T14:02:44 - [TEST_STEP][PASSED] - verifyElementVisible(findTestObject("Object Repository/Page_The Story and Evolution of Doodles - G_6e786d/p_The first Doodle was a simple out-of-offi_345e61")): Object 'Object Repository/Page_The Story and Evolution of Doodles - G_6e786d/p_The first Doodle was a simple out-of-offi_345e61' is visible

07-06-2024T14:02:44 - [MESSAGE][PASSED] - Object 'Object Repository/Page_The Story and Evolution of Doodles - G_6e786d/p_The first Doodle was a simple out-of-offi_345e61' is visible

07-06-2024T14:02:44 - [TEST_STEP][PASSED] - verifyElementVisible(findTestObject("Object Repository/Page_The Story and Evolution of Doodles - G_6e786d/h2_Weve created more than 5,000 Doodles ove_111429")): Object 'Object Repository/Page_The Story and Evolution of Doodles - G_6e786d/h2_Weve created more than 5,000 Doodles ove_111429' is visible

07-06-2024T14:02:44 - [MESSAGE][PASSED] - Object 'Object Repository/Page_The Story and Evolution of Doodles - G_6e786d/h2_Weve created more than 5,000 Doodles ove_111429' is visible

07-06-2024T14:02:44 - [TEST_STEP][PASSED] - click(findTestObject("Object Repository/Page_The Story and Evolution of Doodles - G_6e786d/p_The first Doodle was a simple out-of-offi_345e61")): Object: 'Object Repository/Page_The Story and Evolution of Doodles - G_6e786d/p_The first Doodle was a simple out-of-offi_345e61' is clicked on

07-06-2024T14:02:44 - [MESSAGE][PASSED] - Object: 'Object Repository/Page_The Story and Evolution of Doodles - G_6e786d/p_The first Doodle was a simple out-of-offi_345e61' is clicked on

07-06-2024T14:02:44 - [TEST_STEP][PASSED] - verifyElementVisible(findTestObject("Object Repository/Page_The Story and Evolution of Doodles - G_6e786d/h1_The story behind Doodles")): Object 'Object Repository/Page_The Story and Evolution of Doodles - G_6e786d/h1_The story behind Doodles' is visible

07-06-2024T14:02:44 - [MESSAGE][PASSED] - Object 'Object Repository/Page_The Story and Evolution of Doodles - G_6e786d/h1_The story behind Doodles' is visible

07-06-2024T14:02:44 - [TEST_STEP][PASSED] - verifyElementVisible(findTestObject("Object Repository/Page_The Story and Evolution of Doodles - G_6e786d/p_The first Doodle was a simple out-of-offi_345e61")): Object 'Object Repository/Page_The Story and Evolution of Doodles - G_6e786d/p_The first Doodle was a simple out-of-offi_345e61' is visible

07-06-2024T14:02:44 - [MESSAGE][PASSED] - Object 'Object Repository/Page_The Story and Evolution of Doodles - G_6e786d/p_The first Doodle was a simple out-of-offi_345e61' is visible

07-06-2024T14:02:44 - [TEST_STEP][PASSED] - verifyElementVisible(findTestObject("Object Repository/Page_The Story and Evolution of Doodles - G_6e786d/h2_Weve created more than 5,000 Doodles ove_111429")): Object 'Object Repository/Page_The Story and Evolution of Doodles - G_6e786d/h2_Weve created more than 5,000 Doodles ove_111429' is visible

07-06-2024T14:02:44 - [MESSAGE][PASSED] - Object 'Object Repository/Page_The Story and Evolution of Doodles - G_6e786d/h2_Weve created more than 5,000 Doodles ove_111429' is visible

07-06-2024T14:02:44 - [TEST_STEP][PASSED] - click(findTestObject("Object Repository/Page_The Story and Evolution of Doodles - G_6e786d/p_The first Doodle was a simple out-of-offi_345e61")): Object: 'Object Repository/Page_The Story and Evolution of Doodles - G_6e786d/p_The first Doodle was a simple out-of-offi_345e61' is clicked on

07-06-2024T14:02:45 - [MESSAGE][PASSED] - Object: 'Object Repository/Page_The Story and Evolution of Doodles - G_6e786d/p_The first Doodle was a simple out-of-offi_345e61' is clicked on

07-06-2024T14:02:45 - [TEST_STEP][PASSED] - verifyElementVisible(findTestObject("Object Repository/Page_The Story and Evolution of Doodles - G_6e786d/h1_The story behind Doodles")): Object 'Object Repository/Page_The Story and Evolution of Doodles - G_6e786d/h1_The story behind Doodles' is visible

07-06-2024T14:02:45 - [MESSAGE][PASSED] - Object 'Object Repository/Page_The Story and Evolution of Doodles - G_6e786d/h1_The story behind Doodles' is visible

07-06-2024T14:02:45 - [TEST_STEP][PASSED] - verifyElementVisible(findTestObject("Object Repository/Page_The Story and Evolution of Doodles - G_6e786d/p_The first Doodle was a simple out-of-offi_345e61")): Object 'Object Repository/Page_The Story and Evolution of Doodles - G_6e786d/p_The first Doodle was a simple out-of-offi_345e61' is visible

07-06-2024T14:02:45 - [MESSAGE][PASSED] - Object 'Object Repository/Page_The Story and Evolution of Doodles - G_6e786d/p_The first Doodle was a simple out-of-offi_345e61' is visible

07-06-2024T14:02:45 - [TEST_STEP][PASSED] - verifyElementVisible(findTestObject("Object Repository/Page_The Story and Evolution of Doodles - G_6e786d/h2_Weve created more than 5,000 Doodles ove_111429")): Object 'Object Repository/Page_The Story and Evolution of Doodles - G_6e786d/h2_Weve created more than 5,000 Doodles ove_111429' is visible

07-06-2024T14:02:45 - [MESSAGE][PASSED] - Object 'Object Repository/Page_The Story and Evolution of Doodles - G_6e786d/h2_Weve created more than 5,000 Doodles ove_111429' is visible

07-06-2024T14:02:45 - [TEST_STEP][PASSED] - click(findTestObject("Object Repository/Page_The Story and Evolution of Doodles - G_6e786d/p_The first Doodle was a simple out-of-offi_345e61")): Object: 'Object Repository/Page_The Story and Evolution of Doodles - G_6e786d/p_The first Doodle was a simple out-of-offi_345e61' is clicked on

07-06-2024T14:02:45 - [MESSAGE][PASSED] - Object: 'Object Repository/Page_The Story and Evolution of Doodles - G_6e786d/p_The first Doodle was a simple out-of-offi_345e61' is clicked on

07-06-2024T14:02:45 - [TEST_STEP][PASSED] - verifyElementVisible(findTestObject("Object Repository/Page_The Story and Evolution of Doodles - G_6e786d/h1_The story behind Doodles")): Object 'Object Repository/Page_The Story and Evolution of Doodles - G_6e786d/h1_The story behind Doodles' is visible

07-06-2024T14:02:45 - [MESSAGE][PASSED] - Object 'Object Repository/Page_The Story and Evolution of Doodles - G_6e786d/h1_The story behind Doodles' is visible

07-06-2024T14:02:45 - [TEST_STEP][PASSED] - verifyElementVisible(findTestObject("Object Repository/Page_The Story and Evolution of Doodles - G_6e786d/p_The first Doodle was a simple out-of-offi_345e61")): Object 'Object Repository/Page_The Story and Evolution of Doodles - G_6e786d/p_The first Doodle was a simple out-of-offi_345e61' is visible

07-06-2024T14:02:45 - [MESSAGE][PASSED] - Object 'Object Repository/Page_The Story and Evolution of Doodles - G_6e786d/p_The first Doodle was a simple out-of-offi_345e61' is visible

07-06-2024T14:02:45 - [TEST_STEP][PASSED] - verifyElementVisible(findTestObject("Object Repository/Page_The Story and Evolution of Doodles - G_6e786d/h2_Weve created more than 5,000 Doodles ove_111429")): Object 'Object Repository/Page_The Story and Evolution of Doodles - G_6e786d/h2_Weve created more than 5,000 Doodles ove_111429' is visible

07-06-2024T14:02:45 - [MESSAGE][PASSED] - Object 'Object Repository/Page_The Story and Evolution of Doodles - G_6e786d/h2_Weve created more than 5,000 Doodles ove_111429' is visible

07-06-2024T14:02:45 - [TEST_STEP][PASSED] - click(findTestObject("Object Repository/Page_The Story and Evolution of Doodles - G_6e786d/p_The first Doodle was a simple out-of-offi_345e61")): Object: 'Object Repository/Page_The Story and Evolution of Doodles - G_6e786d/p_The first Doodle was a simple out-of-offi_345e61' is clicked on

07-06-2024T14:02:45 - [MESSAGE][PASSED] - Object: 'Object Repository/Page_The Story and Evolution of Doodles - G_6e786d/p_The first Doodle was a simple out-of-offi_345e61' is clicked on

07-06-2024T14:02:45 - [TEST_STEP][PASSED] - verifyElementVisible(findTestObject("Object Repository/Page_The Story and Evolution of Doodles - G_6e786d/h1_The story behind Doodles")): Object 'Object Repository/Page_The Story and Evolution of Doodles - G_6e786d/h1_The story behind Doodles' is visible

07-06-2024T14:02:45 - [MESSAGE][PASSED] - Object 'Object Repository/Page_The Story and Evolution of Doodles - G_6e786d/h1_The story behind Doodles' is visible

07-06-2024T14:02:45 - [TEST_STEP][PASSED] - verifyElementVisible(findTestObject("Object Repository/Page_The Story and Evolution of Doodles - G_6e786d/p_The first Doodle was a simple out-of-offi_345e61")): Object 'Object Repository/Page_The Story and Evolution of Doodles - G_6e786d/p_The first Doodle was a simple out-of-offi_345e61' is visible

07-06-2024T14:02:45 - [MESSAGE][PASSED] - Object 'Object Repository/Page_The Story and Evolution of Doodles - G_6e786d/p_The first Doodle was a simple out-of-offi_345e61' is visible

07-06-2024T14:02:45 - [TEST_STEP][PASSED] - verifyElementVisible(findTestObject("Object Repository/Page_The Story and Evolution of Doodles - G_6e786d/h2_Weve created more than 5,000 Doodles ove_111429")): Object 'Object Repository/Page_The Story and Evolution of Doodles - G_6e786d/h2_Weve created more than 5,000 Doodles ove_111429' is visible

07-06-2024T14:02:45 - [MESSAGE][PASSED] - Object 'Object Repository/Page_The Story and Evolution of Doodles - G_6e786d/h2_Weve created more than 5,000 Doodles ove_111429' is visible

07-06-2024T14:02:45 - [TEST_STEP][PASSED] - click(findTestObject("Object Repository/Page_The Story and Evolution of Doodles - G_6e786d/p_The first Doodle was a simple out-of-offi_345e61")): Object: 'Object Repository/Page_The Story and Evolution of Doodles - G_6e786d/p_The first Doodle was a simple out-of-offi_345e61' is clicked on

07-06-2024T14:02:46 - [MESSAGE][PASSED] - Object: 'Object Repository/Page_The Story and Evolution of Doodles - G_6e786d/p_The first Doodle was a simple out-of-offi_345e61' is clicked on

07-06-2024T14:02:46 - [TEST_STEP][PASSED] - verifyElementVisible(findTestObject("Object Repository/Page_The Story and Evolution of Doodles - G_6e786d/h1_The story behind Doodles")): Object 'Object Repository/Page_The Story and Evolution of Doodles - G_6e786d/h1_The story behind Doodles' is visible

07-06-2024T14:02:46 - [MESSAGE][PASSED] - Object 'Object Repository/Page_The Story and Evolution of Doodles - G_6e786d/h1_The story behind Doodles' is visible

07-06-2024T14:02:46 - [TEST_STEP][PASSED] - verifyElementVisible(findTestObject("Object Repository/Page_The Story and Evolution of Doodles - G_6e786d/p_The first Doodle was a simple out-of-offi_345e61")): Object 'Object Repository/Page_The Story and Evolution of Doodles - G_6e786d/p_The first Doodle was a simple out-of-offi_345e61' is visible

07-06-2024T14:02:46 - [MESSAGE][PASSED] - Object 'Object Repository/Page_The Story and Evolution of Doodles - G_6e786d/p_The first Doodle was a simple out-of-offi_345e61' is visible

07-06-2024T14:02:46 - [TEST_STEP][PASSED] - verifyElementVisible(findTestObject("Object Repository/Page_The Story and Evolution of Doodles - G_6e786d/h2_Weve created more than 5,000 Doodles ove_111429")): Object 'Object Repository/Page_The Story and Evolution of Doodles - G_6e786d/h2_Weve created more than 5,000 Doodles ove_111429' is visible

07-06-2024T14:02:46 - [MESSAGE][PASSED] - Object 'Object Repository/Page_The Story and Evolution of Doodles - G_6e786d/h2_Weve created more than 5,000 Doodles ove_111429' is visible

07-06-2024T14:02:46 - [TEST_STEP][PASSED] - click(findTestObject("Object Repository/Page_The Story and Evolution of Doodles - G_6e786d/p_The first Doodle was a simple out-of-offi_345e61")): Object: 'Object Repository/Page_The Story and Evolution of Doodles - G_6e786d/p_The first Doodle was a simple out-of-offi_345e61' is clicked on

07-06-2024T14:02:46 - [MESSAGE][PASSED] - Object: 'Object Repository/Page_The Story and Evolution of Doodles - G_6e786d/p_The first Doodle was a simple out-of-offi_345e61' is clicked on

07-06-2024T14:02:46 - [TEST_STEP][PASSED] - verifyElementVisible(findTestObject("Object Repository/Page_The Story and Evolution of Doodles - G_6e786d/h1_The story behind Doodles")): Object 'Object Repository/Page_The Story and Evolution of Doodles - G_6e786d/h1_The story behind Doodles' is visible

07-06-2024T14:02:46 - [MESSAGE][PASSED] - Object 'Object Repository/Page_The Story and Evolution of Doodles - G_6e786d/h1_The story behind Doodles' is visible

07-06-2024T14:02:46 - [TEST_STEP][PASSED] - verifyElementVisible(findTestObject("Object Repository/Page_The Story and Evolution of Doodles - G_6e786d/p_The first Doodle was a simple out-of-offi_345e61")): Object 'Object Repository/Page_The Story and Evolution of Doodles - G_6e786d/p_The first Doodle was a simple out-of-offi_345e61' is visible

07-06-2024T14:02:46 - [MESSAGE][PASSED] - Object 'Object Repository/Page_The Story and Evolution of Doodles - G_6e786d/p_The first Doodle was a simple out-of-offi_345e61' is visible

07-06-2024T14:02:46 - [TEST_STEP][PASSED] - verifyElementVisible(findTestObject("Object Repository/Page_The Story and Evolution of Doodles - G_6e786d/h2_Weve created more than 5,000 Doodles ove_111429")): Object 'Object Repository/Page_The Story and Evolution of Doodles - G_6e786d/h2_Weve created more than 5,000 Doodles ove_111429' is visible

07-06-2024T14:02:46 - [MESSAGE][PASSED] - Object 'Object Repository/Page_The Story and Evolution of Doodles - G_6e786d/h2_Weve created more than 5,000 Doodles ove_111429' is visible

07-06-2024T14:02:46 - [TEST_STEP][PASSED] - click(findTestObject("Object Repository/Page_The Story and Evolution of Doodles - G_6e786d/p_The first Doodle was a simple out-of-offi_345e61")): Object: 'Object Repository/Page_The Story and Evolution of Doodles - G_6e786d/p_The first Doodle was a simple out-of-offi_345e61' is clicked on

07-06-2024T14:02:46 - [MESSAGE][PASSED] - Object: 'Object Repository/Page_The Story and Evolution of Doodles - G_6e786d/p_The first Doodle was a simple out-of-offi_345e61' is clicked on

07-06-2024T14:02:46 - [TEST_STEP][PASSED] - verifyElementVisible(findTestObject("Object Repository/Page_The Story and Evolution of Doodles - G_6e786d/h1_The story behind Doodles")): Object 'Object Repository/Page_The Story and Evolution of Doodles - G_6e786d/h1_The story behind Doodles' is visible

07-06-2024T14:02:46 - [MESSAGE][PASSED] - Object 'Object Repository/Page_The Story and Evolution of Doodles - G_6e786d/h1_The story behind Doodles' is visible

07-06-2024T14:02:46 - [TEST_STEP][PASSED] - verifyElementVisible(findTestObject("Object Repository/Page_The Story and Evolution of Doodles - G_6e786d/p_The first Doodle was a simple out-of-offi_345e61")): Object 'Object Repository/Page_The Story and Evolution of Doodles - G_6e786d/p_The first Doodle was a simple out-of-offi_345e61' is visible

07-06-2024T14:02:46 - [MESSAGE][PASSED] - Object 'Object Repository/Page_The Story and Evolution of Doodles - G_6e786d/p_The first Doodle was a simple out-of-offi_345e61' is visible

07-06-2024T14:02:46 - [TEST_STEP][PASSED] - verifyElementVisible(findTestObject("Object Repository/Page_The Story and Evolution of Doodles - G_6e786d/h2_Weve created more than 5,000 Doodles ove_111429")): Object 'Object Repository/Page_The Story and Evolution of Doodles - G_6e786d/h2_Weve created more than 5,000 Doodles ove_111429' is visible

07-06-2024T14:02:46 - [MESSAGE][PASSED] - Object 'Object Repository/Page_The Story and Evolution of Doodles - G_6e786d/h2_Weve created more than 5,000 Doodles ove_111429' is visible

07-06-2024T14:02:46 - [TEST_STEP][PASSED] - click(findTestObject("Object Repository/Page_The Story and Evolution of Doodles - G_6e786d/p_The first Doodle was a simple out-of-offi_345e61")): Object: 'Object Repository/Page_The Story and Evolution of Doodles - G_6e786d/p_The first Doodle was a simple out-of-offi_345e61' is clicked on

07-06-2024T14:02:47 - [MESSAGE][PASSED] - Object: 'Object Repository/Page_The Story and Evolution of Doodles - G_6e786d/p_The first Doodle was a simple out-of-offi_345e61' is clicked on

07-06-2024T14:02:47 - [TEST_STEP][PASSED] - verifyElementVisible(findTestObject("Object Repository/Page_The Story and Evolution of Doodles - G_6e786d/h1_The story behind Doodles")): Object 'Object Repository/Page_The Story and Evolution of Doodles - G_6e786d/h1_The story behind Doodles' is visible

07-06-2024T14:02:47 - [MESSAGE][PASSED] - Object 'Object Repository/Page_The Story and Evolution of Doodles - G_6e786d/h1_The story behind Doodles' is visible

07-06-2024T14:02:47 - [TEST_STEP][PASSED] - verifyElementVisible(findTestObject("Object Repository/Page_The Story and Evolution of Doodles - G_6e786d/p_The first Doodle was a simple out-of-offi_345e61")): Object 'Object Repository/Page_The Story and Evolution of Doodles - G_6e786d/p_The first Doodle was a simple out-of-offi_345e61' is visible

07-06-2024T14:02:47 - [MESSAGE][PASSED] - Object 'Object Repository/Page_The Story and Evolution of Doodles - G_6e786d/p_The first Doodle was a simple out-of-offi_345e61' is visible

07-06-2024T14:02:47 - [TEST_STEP][PASSED] - verifyElementVisible(findTestObject("Object Repository/Page_The Story and Evolution of Doodles - G_6e786d/h2_Weve created more than 5,000 Doodles ove_111429")): Object 'Object Repository/Page_The Story and Evolution of Doodles - G_6e786d/h2_Weve created more than 5,000 Doodles ove_111429' is visible

07-06-2024T14:02:47 - [MESSAGE][PASSED] - Object 'Object Repository/Page_The Story and Evolution of Doodles - G_6e786d/h2_Weve created more than 5,000 Doodles ove_111429' is visible

07-06-2024T14:02:47 - [TEST_STEP][PASSED] - click(findTestObject("Object Repository/Page_The Story and Evolution of Doodles - G_6e786d/p_The first Doodle was a simple out-of-offi_345e61")): Object: 'Object Repository/Page_The Story and Evolution of Doodles - G_6e786d/p_The first Doodle was a simple out-of-offi_345e61' is clicked on

07-06-2024T14:02:47 - [MESSAGE][PASSED] - Object: 'Object Repository/Page_The Story and Evolution of Doodles - G_6e786d/p_The first Doodle was a simple out-of-offi_345e61' is clicked on

07-06-2024T14:02:47 - [TEST_STEP][PASSED] - verifyElementVisible(findTestObject("Object Repository/Page_The Story and Evolution of Doodles - G_6e786d/h1_The story behind Doodles")): Object 'Object Repository/Page_The Story and Evolution of Doodles - G_6e786d/h1_The story behind Doodles' is visible

07-06-2024T14:02:47 - [MESSAGE][PASSED] - Object 'Object Repository/Page_The Story and Evolution of Doodles - G_6e786d/h1_The story behind Doodles' is visible

07-06-2024T14:02:47 - [TEST_STEP][PASSED] - verifyElementVisible(findTestObject("Object Repository/Page_The Story and Evolution of Doodles - G_6e786d/p_The first Doodle was a simple out-of-offi_345e61")): Object 'Object Repository/Page_The Story and Evolution of Doodles - G_6e786d/p_The first Doodle was a simple out-of-offi_345e61' is visible

07-06-2024T14:02:47 - [MESSAGE][PASSED] - Object 'Object Repository/Page_The Story and Evolution of Doodles - G_6e786d/p_The first Doodle was a simple out-of-offi_345e61' is visible

07-06-2024T14:02:47 - [TEST_STEP][PASSED] - verifyElementVisible(findTestObject("Object Repository/Page_The Story and Evolution of Doodles - G_6e786d/h2_Weve created more than 5,000 Doodles ove_111429")): Object 'Object Repository/Page_The Story and Evolution of Doodles - G_6e786d/h2_Weve created more than 5,000 Doodles ove_111429' is visible

07-06-2024T14:02:47 - [MESSAGE][PASSED] - Object 'Object Repository/Page_The Story and Evolution of Doodles - G_6e786d/h2_Weve created more than 5,000 Doodles ove_111429' is visible]]></system-out>
         <system-err><![CDATA[]]></system-err>
      </testcase>
      <testcase name="Test Cases/test case folder 1/tc1 - Copy - Copy (2)" time="8.124" classname="Test Cases/test case folder 1/tc1 - Copy - Copy (2)" status="PASSED">
         <system-out><![CDATA[07-06-2024T14:02:47 - [TEST_CASE][PASSED] - Test Cases/test case folder 1/tc1 - Copy - Copy (2): Test Cases/test case folder 1/tc1 - Copy - Copy (2)

07-06-2024T14:02:47 - [TEST_STEP][PASSED] - openBrowser(""): Browser is opened with url: ''

07-06-2024T14:02:47 - [MESSAGE][WARNING] - A browser is already opened. Closing browser and opening a new one

07-06-2024T14:02:48 - [MESSAGE][INFO] - Starting 'Firefox (headless)' driver

07-06-2024T14:02:48 - [MESSAGE][INFO] - Action delay is set to 0 milliseconds

07-06-2024T14:02:50 - [MESSAGE][PASSED] - Browser is opened with url: ''

07-06-2024T14:02:50 - [TEST_STEP][PASSED] - navigateToUrl("https://doodles.google/about/"): Navigate to 'https://doodles.google/about/' successfully

07-06-2024T14:02:51 - [MESSAGE][PASSED] - Navigate to 'https://doodles.google/about/' successfully

07-06-2024T14:02:51 - [TEST_STEP][PASSED] - click(findTestObject("Object Repository/Page_The Story and Evolution of Doodles - G_6e786d/p_The first Doodle was a simple out-of-offi_345e61")): Object: 'Object Repository/Page_The Story and Evolution of Doodles - G_6e786d/p_The first Doodle was a simple out-of-offi_345e61' is clicked on

07-06-2024T14:02:52 - [MESSAGE][PASSED] - Object: 'Object Repository/Page_The Story and Evolution of Doodles - G_6e786d/p_The first Doodle was a simple out-of-offi_345e61' is clicked on

07-06-2024T14:02:52 - [TEST_STEP][PASSED] - click(findTestObject("Object Repository/Page_The Story and Evolution of Doodles - G_6e786d/p_The first Doodle was a simple out-of-offi_345e61")): Object: 'Object Repository/Page_The Story and Evolution of Doodles - G_6e786d/p_The first Doodle was a simple out-of-offi_345e61' is clicked on

07-06-2024T14:02:52 - [MESSAGE][PASSED] - Object: 'Object Repository/Page_The Story and Evolution of Doodles - G_6e786d/p_The first Doodle was a simple out-of-offi_345e61' is clicked on

07-06-2024T14:02:52 - [TEST_STEP][PASSED] - verifyElementVisible(findTestObject("Object Repository/Page_The Story and Evolution of Doodles - G_6e786d/h1_The story behind Doodles")): Object 'Object Repository/Page_The Story and Evolution of Doodles - G_6e786d/h1_The story behind Doodles' is visible

07-06-2024T14:02:52 - [MESSAGE][PASSED] - Object 'Object Repository/Page_The Story and Evolution of Doodles - G_6e786d/h1_The story behind Doodles' is visible

07-06-2024T14:02:52 - [TEST_STEP][PASSED] - verifyElementVisible(findTestObject("Object Repository/Page_The Story and Evolution of Doodles - G_6e786d/p_The first Doodle was a simple out-of-offi_345e61")): Object 'Object Repository/Page_The Story and Evolution of Doodles - G_6e786d/p_The first Doodle was a simple out-of-offi_345e61' is visible

07-06-2024T14:02:52 - [MESSAGE][PASSED] - Object 'Object Repository/Page_The Story and Evolution of Doodles - G_6e786d/p_The first Doodle was a simple out-of-offi_345e61' is visible

07-06-2024T14:02:52 - [TEST_STEP][PASSED] - verifyElementVisible(findTestObject("Object Repository/Page_The Story and Evolution of Doodles - G_6e786d/h2_Weve created more than 5,000 Doodles ove_111429")): Object 'Object Repository/Page_The Story and Evolution of Doodles - G_6e786d/h2_Weve created more than 5,000 Doodles ove_111429' is visible

07-06-2024T14:02:52 - [MESSAGE][PASSED] - Object 'Object Repository/Page_The Story and Evolution of Doodles - G_6e786d/h2_Weve created more than 5,000 Doodles ove_111429' is visible

07-06-2024T14:02:52 - [TEST_STEP][PASSED] - verifyElementVisible(findTestObject("Object Repository/Page_The Story and Evolution of Doodles - G_6e786d/h1_The story behind Doodles")): Object 'Object Repository/Page_The Story and Evolution of Doodles - G_6e786d/h1_The story behind Doodles' is visible

07-06-2024T14:02:52 - [MESSAGE][PASSED] - Object 'Object Repository/Page_The Story and Evolution of Doodles - G_6e786d/h1_The story behind Doodles' is visible

07-06-2024T14:02:52 - [TEST_STEP][PASSED] - verifyElementVisible(findTestObject("Object Repository/Page_The Story and Evolution of Doodles - G_6e786d/p_The first Doodle was a simple out-of-offi_345e61")): Object 'Object Repository/Page_The Story and Evolution of Doodles - G_6e786d/p_The first Doodle was a simple out-of-offi_345e61' is visible

07-06-2024T14:02:52 - [MESSAGE][PASSED] - Object 'Object Repository/Page_The Story and Evolution of Doodles - G_6e786d/p_The first Doodle was a simple out-of-offi_345e61' is visible

07-06-2024T14:02:52 - [TEST_STEP][PASSED] - verifyElementVisible(findTestObject("Object Repository/Page_The Story and Evolution of Doodles - G_6e786d/h2_Weve created more than 5,000 Doodles ove_111429")): Object 'Object Repository/Page_The Story and Evolution of Doodles - G_6e786d/h2_Weve created more than 5,000 Doodles ove_111429' is visible

07-06-2024T14:02:52 - [MESSAGE][PASSED] - Object 'Object Repository/Page_The Story and Evolution of Doodles - G_6e786d/h2_Weve created more than 5,000 Doodles ove_111429' is visible

07-06-2024T14:02:52 - [TEST_STEP][PASSED] - click(findTestObject("Object Repository/Page_The Story and Evolution of Doodles - G_6e786d/p_The first Doodle was a simple out-of-offi_345e61")): Object: 'Object Repository/Page_The Story and Evolution of Doodles - G_6e786d/p_The first Doodle was a simple out-of-offi_345e61' is clicked on

07-06-2024T14:02:52 - [MESSAGE][PASSED] - Object: 'Object Repository/Page_The Story and Evolution of Doodles - G_6e786d/p_The first Doodle was a simple out-of-offi_345e61' is clicked on

07-06-2024T14:02:52 - [TEST_STEP][PASSED] - verifyElementVisible(findTestObject("Object Repository/Page_The Story and Evolution of Doodles - G_6e786d/h1_The story behind Doodles")): Object 'Object Repository/Page_The Story and Evolution of Doodles - G_6e786d/h1_The story behind Doodles' is visible

07-06-2024T14:02:52 - [MESSAGE][PASSED] - Object 'Object Repository/Page_The Story and Evolution of Doodles - G_6e786d/h1_The story behind Doodles' is visible

07-06-2024T14:02:52 - [TEST_STEP][PASSED] - verifyElementVisible(findTestObject("Object Repository/Page_The Story and Evolution of Doodles - G_6e786d/p_The first Doodle was a simple out-of-offi_345e61")): Object 'Object Repository/Page_The Story and Evolution of Doodles - G_6e786d/p_The first Doodle was a simple out-of-offi_345e61' is visible

07-06-2024T14:02:52 - [MESSAGE][PASSED] - Object 'Object Repository/Page_The Story and Evolution of Doodles - G_6e786d/p_The first Doodle was a simple out-of-offi_345e61' is visible

07-06-2024T14:02:52 - [TEST_STEP][PASSED] - verifyElementVisible(findTestObject("Object Repository/Page_The Story and Evolution of Doodles - G_6e786d/h2_Weve created more than 5,000 Doodles ove_111429")): Object 'Object Repository/Page_The Story and Evolution of Doodles - G_6e786d/h2_Weve created more than 5,000 Doodles ove_111429' is visible

07-06-2024T14:02:53 - [MESSAGE][PASSED] - Object 'Object Repository/Page_The Story and Evolution of Doodles - G_6e786d/h2_Weve created more than 5,000 Doodles ove_111429' is visible

07-06-2024T14:02:53 - [TEST_STEP][PASSED] - click(findTestObject("Object Repository/Page_The Story and Evolution of Doodles - G_6e786d/p_The first Doodle was a simple out-of-offi_345e61")): Object: 'Object Repository/Page_The Story and Evolution of Doodles - G_6e786d/p_The first Doodle was a simple out-of-offi_345e61' is clicked on

07-06-2024T14:02:53 - [MESSAGE][PASSED] - Object: 'Object Repository/Page_The Story and Evolution of Doodles - G_6e786d/p_The first Doodle was a simple out-of-offi_345e61' is clicked on

07-06-2024T14:02:53 - [TEST_STEP][PASSED] - verifyElementVisible(findTestObject("Object Repository/Page_The Story and Evolution of Doodles - G_6e786d/h1_The story behind Doodles")): Object 'Object Repository/Page_The Story and Evolution of Doodles - G_6e786d/h1_The story behind Doodles' is visible

07-06-2024T14:02:53 - [MESSAGE][PASSED] - Object 'Object Repository/Page_The Story and Evolution of Doodles - G_6e786d/h1_The story behind Doodles' is visible

07-06-2024T14:02:53 - [TEST_STEP][PASSED] - verifyElementVisible(findTestObject("Object Repository/Page_The Story and Evolution of Doodles - G_6e786d/p_The first Doodle was a simple out-of-offi_345e61")): Object 'Object Repository/Page_The Story and Evolution of Doodles - G_6e786d/p_The first Doodle was a simple out-of-offi_345e61' is visible

07-06-2024T14:02:53 - [MESSAGE][PASSED] - Object 'Object Repository/Page_The Story and Evolution of Doodles - G_6e786d/p_The first Doodle was a simple out-of-offi_345e61' is visible

07-06-2024T14:02:53 - [TEST_STEP][PASSED] - verifyElementVisible(findTestObject("Object Repository/Page_The Story and Evolution of Doodles - G_6e786d/h2_Weve created more than 5,000 Doodles ove_111429")): Object 'Object Repository/Page_The Story and Evolution of Doodles - G_6e786d/h2_Weve created more than 5,000 Doodles ove_111429' is visible

07-06-2024T14:02:53 - [MESSAGE][PASSED] - Object 'Object Repository/Page_The Story and Evolution of Doodles - G_6e786d/h2_Weve created more than 5,000 Doodles ove_111429' is visible

07-06-2024T14:02:53 - [TEST_STEP][PASSED] - click(findTestObject("Object Repository/Page_The Story and Evolution of Doodles - G_6e786d/p_The first Doodle was a simple out-of-offi_345e61")): Object: 'Object Repository/Page_The Story and Evolution of Doodles - G_6e786d/p_The first Doodle was a simple out-of-offi_345e61' is clicked on

07-06-2024T14:02:53 - [MESSAGE][PASSED] - Object: 'Object Repository/Page_The Story and Evolution of Doodles - G_6e786d/p_The first Doodle was a simple out-of-offi_345e61' is clicked on

07-06-2024T14:02:53 - [TEST_STEP][PASSED] - verifyElementVisible(findTestObject("Object Repository/Page_The Story and Evolution of Doodles - G_6e786d/h1_The story behind Doodles")): Object 'Object Repository/Page_The Story and Evolution of Doodles - G_6e786d/h1_The story behind Doodles' is visible

07-06-2024T14:02:53 - [MESSAGE][PASSED] - Object 'Object Repository/Page_The Story and Evolution of Doodles - G_6e786d/h1_The story behind Doodles' is visible

07-06-2024T14:02:53 - [TEST_STEP][PASSED] - verifyElementVisible(findTestObject("Object Repository/Page_The Story and Evolution of Doodles - G_6e786d/p_The first Doodle was a simple out-of-offi_345e61")): Object 'Object Repository/Page_The Story and Evolution of Doodles - G_6e786d/p_The first Doodle was a simple out-of-offi_345e61' is visible

07-06-2024T14:02:53 - [MESSAGE][PASSED] - Object 'Object Repository/Page_The Story and Evolution of Doodles - G_6e786d/p_The first Doodle was a simple out-of-offi_345e61' is visible

07-06-2024T14:02:53 - [TEST_STEP][PASSED] - verifyElementVisible(findTestObject("Object Repository/Page_The Story and Evolution of Doodles - G_6e786d/h2_Weve created more than 5,000 Doodles ove_111429")): Object 'Object Repository/Page_The Story and Evolution of Doodles - G_6e786d/h2_Weve created more than 5,000 Doodles ove_111429' is visible

07-06-2024T14:02:53 - [MESSAGE][PASSED] - Object 'Object Repository/Page_The Story and Evolution of Doodles - G_6e786d/h2_Weve created more than 5,000 Doodles ove_111429' is visible

07-06-2024T14:02:53 - [TEST_STEP][PASSED] - click(findTestObject("Object Repository/Page_The Story and Evolution of Doodles - G_6e786d/p_The first Doodle was a simple out-of-offi_345e61")): Object: 'Object Repository/Page_The Story and Evolution of Doodles - G_6e786d/p_The first Doodle was a simple out-of-offi_345e61' is clicked on

07-06-2024T14:02:53 - [MESSAGE][PASSED] - Object: 'Object Repository/Page_The Story and Evolution of Doodles - G_6e786d/p_The first Doodle was a simple out-of-offi_345e61' is clicked on

07-06-2024T14:02:53 - [TEST_STEP][PASSED] - verifyElementVisible(findTestObject("Object Repository/Page_The Story and Evolution of Doodles - G_6e786d/h1_The story behind Doodles")): Object 'Object Repository/Page_The Story and Evolution of Doodles - G_6e786d/h1_The story behind Doodles' is visible

07-06-2024T14:02:53 - [MESSAGE][PASSED] - Object 'Object Repository/Page_The Story and Evolution of Doodles - G_6e786d/h1_The story behind Doodles' is visible

07-06-2024T14:02:53 - [TEST_STEP][PASSED] - verifyElementVisible(findTestObject("Object Repository/Page_The Story and Evolution of Doodles - G_6e786d/p_The first Doodle was a simple out-of-offi_345e61")): Object 'Object Repository/Page_The Story and Evolution of Doodles - G_6e786d/p_The first Doodle was a simple out-of-offi_345e61' is visible

07-06-2024T14:02:53 - [MESSAGE][PASSED] - Object 'Object Repository/Page_The Story and Evolution of Doodles - G_6e786d/p_The first Doodle was a simple out-of-offi_345e61' is visible

07-06-2024T14:02:53 - [TEST_STEP][PASSED] - verifyElementVisible(findTestObject("Object Repository/Page_The Story and Evolution of Doodles - G_6e786d/h2_Weve created more than 5,000 Doodles ove_111429")): Object 'Object Repository/Page_The Story and Evolution of Doodles - G_6e786d/h2_Weve created more than 5,000 Doodles ove_111429' is visible

07-06-2024T14:02:53 - [MESSAGE][PASSED] - Object 'Object Repository/Page_The Story and Evolution of Doodles - G_6e786d/h2_Weve created more than 5,000 Doodles ove_111429' is visible

07-06-2024T14:02:53 - [TEST_STEP][PASSED] - click(findTestObject("Object Repository/Page_The Story and Evolution of Doodles - G_6e786d/p_The first Doodle was a simple out-of-offi_345e61")): Object: 'Object Repository/Page_The Story and Evolution of Doodles - G_6e786d/p_The first Doodle was a simple out-of-offi_345e61' is clicked on

07-06-2024T14:02:54 - [MESSAGE][PASSED] - Object: 'Object Repository/Page_The Story and Evolution of Doodles - G_6e786d/p_The first Doodle was a simple out-of-offi_345e61' is clicked on

07-06-2024T14:02:54 - [TEST_STEP][PASSED] - verifyElementVisible(findTestObject("Object Repository/Page_The Story and Evolution of Doodles - G_6e786d/h1_The story behind Doodles")): Object 'Object Repository/Page_The Story and Evolution of Doodles - G_6e786d/h1_The story behind Doodles' is visible

07-06-2024T14:02:54 - [MESSAGE][PASSED] - Object 'Object Repository/Page_The Story and Evolution of Doodles - G_6e786d/h1_The story behind Doodles' is visible

07-06-2024T14:02:54 - [TEST_STEP][PASSED] - verifyElementVisible(findTestObject("Object Repository/Page_The Story and Evolution of Doodles - G_6e786d/p_The first Doodle was a simple out-of-offi_345e61")): Object 'Object Repository/Page_The Story and Evolution of Doodles - G_6e786d/p_The first Doodle was a simple out-of-offi_345e61' is visible

07-06-2024T14:02:54 - [MESSAGE][PASSED] - Object 'Object Repository/Page_The Story and Evolution of Doodles - G_6e786d/p_The first Doodle was a simple out-of-offi_345e61' is visible

07-06-2024T14:02:54 - [TEST_STEP][PASSED] - verifyElementVisible(findTestObject("Object Repository/Page_The Story and Evolution of Doodles - G_6e786d/h2_Weve created more than 5,000 Doodles ove_111429")): Object 'Object Repository/Page_The Story and Evolution of Doodles - G_6e786d/h2_Weve created more than 5,000 Doodles ove_111429' is visible

07-06-2024T14:02:54 - [MESSAGE][PASSED] - Object 'Object Repository/Page_The Story and Evolution of Doodles - G_6e786d/h2_Weve created more than 5,000 Doodles ove_111429' is visible

07-06-2024T14:02:54 - [TEST_STEP][PASSED] - click(findTestObject("Object Repository/Page_The Story and Evolution of Doodles - G_6e786d/p_The first Doodle was a simple out-of-offi_345e61")): Object: 'Object Repository/Page_The Story and Evolution of Doodles - G_6e786d/p_The first Doodle was a simple out-of-offi_345e61' is clicked on

07-06-2024T14:02:54 - [MESSAGE][PASSED] - Object: 'Object Repository/Page_The Story and Evolution of Doodles - G_6e786d/p_The first Doodle was a simple out-of-offi_345e61' is clicked on

07-06-2024T14:02:54 - [TEST_STEP][PASSED] - verifyElementVisible(findTestObject("Object Repository/Page_The Story and Evolution of Doodles - G_6e786d/h1_The story behind Doodles")): Object 'Object Repository/Page_The Story and Evolution of Doodles - G_6e786d/h1_The story behind Doodles' is visible

07-06-2024T14:02:54 - [MESSAGE][PASSED] - Object 'Object Repository/Page_The Story and Evolution of Doodles - G_6e786d/h1_The story behind Doodles' is visible

07-06-2024T14:02:54 - [TEST_STEP][PASSED] - verifyElementVisible(findTestObject("Object Repository/Page_The Story and Evolution of Doodles - G_6e786d/p_The first Doodle was a simple out-of-offi_345e61")): Object 'Object Repository/Page_The Story and Evolution of Doodles - G_6e786d/p_The first Doodle was a simple out-of-offi_345e61' is visible

07-06-2024T14:02:54 - [MESSAGE][PASSED] - Object 'Object Repository/Page_The Story and Evolution of Doodles - G_6e786d/p_The first Doodle was a simple out-of-offi_345e61' is visible

07-06-2024T14:02:54 - [TEST_STEP][PASSED] - verifyElementVisible(findTestObject("Object Repository/Page_The Story and Evolution of Doodles - G_6e786d/h2_Weve created more than 5,000 Doodles ove_111429")): Object 'Object Repository/Page_The Story and Evolution of Doodles - G_6e786d/h2_Weve created more than 5,000 Doodles ove_111429' is visible

07-06-2024T14:02:54 - [MESSAGE][PASSED] - Object 'Object Repository/Page_The Story and Evolution of Doodles - G_6e786d/h2_Weve created more than 5,000 Doodles ove_111429' is visible

07-06-2024T14:02:54 - [TEST_STEP][PASSED] - click(findTestObject("Object Repository/Page_The Story and Evolution of Doodles - G_6e786d/p_The first Doodle was a simple out-of-offi_345e61")): Object: 'Object Repository/Page_The Story and Evolution of Doodles - G_6e786d/p_The first Doodle was a simple out-of-offi_345e61' is clicked on

07-06-2024T14:02:54 - [MESSAGE][PASSED] - Object: 'Object Repository/Page_The Story and Evolution of Doodles - G_6e786d/p_The first Doodle was a simple out-of-offi_345e61' is clicked on

07-06-2024T14:02:54 - [TEST_STEP][PASSED] - verifyElementVisible(findTestObject("Object Repository/Page_The Story and Evolution of Doodles - G_6e786d/h1_The story behind Doodles")): Object 'Object Repository/Page_The Story and Evolution of Doodles - G_6e786d/h1_The story behind Doodles' is visible

07-06-2024T14:02:54 - [MESSAGE][PASSED] - Object 'Object Repository/Page_The Story and Evolution of Doodles - G_6e786d/h1_The story behind Doodles' is visible

07-06-2024T14:02:54 - [TEST_STEP][PASSED] - verifyElementVisible(findTestObject("Object Repository/Page_The Story and Evolution of Doodles - G_6e786d/p_The first Doodle was a simple out-of-offi_345e61")): Object 'Object Repository/Page_The Story and Evolution of Doodles - G_6e786d/p_The first Doodle was a simple out-of-offi_345e61' is visible

07-06-2024T14:02:54 - [MESSAGE][PASSED] - Object 'Object Repository/Page_The Story and Evolution of Doodles - G_6e786d/p_The first Doodle was a simple out-of-offi_345e61' is visible

07-06-2024T14:02:54 - [TEST_STEP][PASSED] - verifyElementVisible(findTestObject("Object Repository/Page_The Story and Evolution of Doodles - G_6e786d/h2_Weve created more than 5,000 Doodles ove_111429")): Object 'Object Repository/Page_The Story and Evolution of Doodles - G_6e786d/h2_Weve created more than 5,000 Doodles ove_111429' is visible

07-06-2024T14:02:54 - [MESSAGE][PASSED] - Object 'Object Repository/Page_The Story and Evolution of Doodles - G_6e786d/h2_Weve created more than 5,000 Doodles ove_111429' is visible

07-06-2024T14:02:54 - [TEST_STEP][PASSED] - click(findTestObject("Object Repository/Page_The Story and Evolution of Doodles - G_6e786d/p_The first Doodle was a simple out-of-offi_345e61")): Object: 'Object Repository/Page_The Story and Evolution of Doodles - G_6e786d/p_The first Doodle was a simple out-of-offi_345e61' is clicked on

07-06-2024T14:02:55 - [MESSAGE][PASSED] - Object: 'Object Repository/Page_The Story and Evolution of Doodles - G_6e786d/p_The first Doodle was a simple out-of-offi_345e61' is clicked on

07-06-2024T14:02:55 - [TEST_STEP][PASSED] - verifyElementVisible(findTestObject("Object Repository/Page_The Story and Evolution of Doodles - G_6e786d/h1_The story behind Doodles")): Object 'Object Repository/Page_The Story and Evolution of Doodles - G_6e786d/h1_The story behind Doodles' is visible

07-06-2024T14:02:55 - [MESSAGE][PASSED] - Object 'Object Repository/Page_The Story and Evolution of Doodles - G_6e786d/h1_The story behind Doodles' is visible

07-06-2024T14:02:55 - [TEST_STEP][PASSED] - verifyElementVisible(findTestObject("Object Repository/Page_The Story and Evolution of Doodles - G_6e786d/p_The first Doodle was a simple out-of-offi_345e61")): Object 'Object Repository/Page_The Story and Evolution of Doodles - G_6e786d/p_The first Doodle was a simple out-of-offi_345e61' is visible

07-06-2024T14:02:55 - [MESSAGE][PASSED] - Object 'Object Repository/Page_The Story and Evolution of Doodles - G_6e786d/p_The first Doodle was a simple out-of-offi_345e61' is visible

07-06-2024T14:02:55 - [TEST_STEP][PASSED] - verifyElementVisible(findTestObject("Object Repository/Page_The Story and Evolution of Doodles - G_6e786d/h2_Weve created more than 5,000 Doodles ove_111429")): Object 'Object Repository/Page_The Story and Evolution of Doodles - G_6e786d/h2_Weve created more than 5,000 Doodles ove_111429' is visible

07-06-2024T14:02:55 - [MESSAGE][PASSED] - Object 'Object Repository/Page_The Story and Evolution of Doodles - G_6e786d/h2_Weve created more than 5,000 Doodles ove_111429' is visible

07-06-2024T14:02:55 - [TEST_STEP][PASSED] - click(findTestObject("Object Repository/Page_The Story and Evolution of Doodles - G_6e786d/p_The first Doodle was a simple out-of-offi_345e61")): Object: 'Object Repository/Page_The Story and Evolution of Doodles - G_6e786d/p_The first Doodle was a simple out-of-offi_345e61' is clicked on

07-06-2024T14:02:55 - [MESSAGE][PASSED] - Object: 'Object Repository/Page_The Story and Evolution of Doodles - G_6e786d/p_The first Doodle was a simple out-of-offi_345e61' is clicked on

07-06-2024T14:02:55 - [TEST_STEP][PASSED] - verifyElementVisible(findTestObject("Object Repository/Page_The Story and Evolution of Doodles - G_6e786d/h1_The story behind Doodles")): Object 'Object Repository/Page_The Story and Evolution of Doodles - G_6e786d/h1_The story behind Doodles' is visible

07-06-2024T14:02:55 - [MESSAGE][PASSED] - Object 'Object Repository/Page_The Story and Evolution of Doodles - G_6e786d/h1_The story behind Doodles' is visible

07-06-2024T14:02:55 - [TEST_STEP][PASSED] - verifyElementVisible(findTestObject("Object Repository/Page_The Story and Evolution of Doodles - G_6e786d/p_The first Doodle was a simple out-of-offi_345e61")): Object 'Object Repository/Page_The Story and Evolution of Doodles - G_6e786d/p_The first Doodle was a simple out-of-offi_345e61' is visible

07-06-2024T14:02:55 - [MESSAGE][PASSED] - Object 'Object Repository/Page_The Story and Evolution of Doodles - G_6e786d/p_The first Doodle was a simple out-of-offi_345e61' is visible

07-06-2024T14:02:55 - [TEST_STEP][PASSED] - verifyElementVisible(findTestObject("Object Repository/Page_The Story and Evolution of Doodles - G_6e786d/h2_Weve created more than 5,000 Doodles ove_111429")): Object 'Object Repository/Page_The Story and Evolution of Doodles - G_6e786d/h2_Weve created more than 5,000 Doodles ove_111429' is visible

07-06-2024T14:02:55 - [MESSAGE][PASSED] - Object 'Object Repository/Page_The Story and Evolution of Doodles - G_6e786d/h2_Weve created more than 5,000 Doodles ove_111429' is visible]]></system-out>
         <system-err><![CDATA[]]></system-err>
      </testcase>
      <testcase name="Test Cases/test case folder 1/tc1 - Copy - Copy (4)" time="8.034" classname="Test Cases/test case folder 1/tc1 - Copy - Copy (4)" status="PASSED">
         <system-out><![CDATA[07-06-2024T14:02:55 - [TEST_CASE][PASSED] - Test Cases/test case folder 1/tc1 - Copy - Copy (4): Test Cases/test case folder 1/tc1 - Copy - Copy (4)

07-06-2024T14:02:55 - [TEST_STEP][PASSED] - openBrowser(""): Browser is opened with url: ''

07-06-2024T14:02:55 - [MESSAGE][WARNING] - A browser is already opened. Closing browser and opening a new one

07-06-2024T14:02:56 - [MESSAGE][INFO] - Starting 'Firefox (headless)' driver

07-06-2024T14:02:56 - [MESSAGE][INFO] - Action delay is set to 0 milliseconds

07-06-2024T14:02:58 - [MESSAGE][PASSED] - Browser is opened with url: ''

07-06-2024T14:02:58 - [TEST_STEP][PASSED] - navigateToUrl("https://doodles.google/about/"): Navigate to 'https://doodles.google/about/' successfully

07-06-2024T14:02:59 - [MESSAGE][PASSED] - Navigate to 'https://doodles.google/about/' successfully

07-06-2024T14:02:59 - [TEST_STEP][PASSED] - click(findTestObject("Object Repository/Page_The Story and Evolution of Doodles - G_6e786d/p_The first Doodle was a simple out-of-offi_345e61")): Object: 'Object Repository/Page_The Story and Evolution of Doodles - G_6e786d/p_The first Doodle was a simple out-of-offi_345e61' is clicked on

07-06-2024T14:03:00 - [MESSAGE][PASSED] - Object: 'Object Repository/Page_The Story and Evolution of Doodles - G_6e786d/p_The first Doodle was a simple out-of-offi_345e61' is clicked on

07-06-2024T14:03:00 - [TEST_STEP][PASSED] - click(findTestObject("Object Repository/Page_The Story and Evolution of Doodles - G_6e786d/p_The first Doodle was a simple out-of-offi_345e61")): Object: 'Object Repository/Page_The Story and Evolution of Doodles - G_6e786d/p_The first Doodle was a simple out-of-offi_345e61' is clicked on

07-06-2024T14:03:00 - [MESSAGE][PASSED] - Object: 'Object Repository/Page_The Story and Evolution of Doodles - G_6e786d/p_The first Doodle was a simple out-of-offi_345e61' is clicked on

07-06-2024T14:03:00 - [TEST_STEP][PASSED] - verifyElementVisible(findTestObject("Object Repository/Page_The Story and Evolution of Doodles - G_6e786d/h1_The story behind Doodles")): Object 'Object Repository/Page_The Story and Evolution of Doodles - G_6e786d/h1_The story behind Doodles' is visible

07-06-2024T14:03:00 - [MESSAGE][PASSED] - Object 'Object Repository/Page_The Story and Evolution of Doodles - G_6e786d/h1_The story behind Doodles' is visible

07-06-2024T14:03:00 - [TEST_STEP][PASSED] - verifyElementVisible(findTestObject("Object Repository/Page_The Story and Evolution of Doodles - G_6e786d/p_The first Doodle was a simple out-of-offi_345e61")): Object 'Object Repository/Page_The Story and Evolution of Doodles - G_6e786d/p_The first Doodle was a simple out-of-offi_345e61' is visible

07-06-2024T14:03:00 - [MESSAGE][PASSED] - Object 'Object Repository/Page_The Story and Evolution of Doodles - G_6e786d/p_The first Doodle was a simple out-of-offi_345e61' is visible

07-06-2024T14:03:00 - [TEST_STEP][PASSED] - verifyElementVisible(findTestObject("Object Repository/Page_The Story and Evolution of Doodles - G_6e786d/h2_Weve created more than 5,000 Doodles ove_111429")): Object 'Object Repository/Page_The Story and Evolution of Doodles - G_6e786d/h2_Weve created more than 5,000 Doodles ove_111429' is visible

07-06-2024T14:03:00 - [MESSAGE][PASSED] - Object 'Object Repository/Page_The Story and Evolution of Doodles - G_6e786d/h2_Weve created more than 5,000 Doodles ove_111429' is visible

07-06-2024T14:03:00 - [TEST_STEP][PASSED] - verifyElementVisible(findTestObject("Object Repository/Page_The Story and Evolution of Doodles - G_6e786d/h1_The story behind Doodles")): Object 'Object Repository/Page_The Story and Evolution of Doodles - G_6e786d/h1_The story behind Doodles' is visible

07-06-2024T14:03:00 - [MESSAGE][PASSED] - Object 'Object Repository/Page_The Story and Evolution of Doodles - G_6e786d/h1_The story behind Doodles' is visible

07-06-2024T14:03:00 - [TEST_STEP][PASSED] - verifyElementVisible(findTestObject("Object Repository/Page_The Story and Evolution of Doodles - G_6e786d/p_The first Doodle was a simple out-of-offi_345e61")): Object 'Object Repository/Page_The Story and Evolution of Doodles - G_6e786d/p_The first Doodle was a simple out-of-offi_345e61' is visible

07-06-2024T14:03:00 - [MESSAGE][PASSED] - Object 'Object Repository/Page_The Story and Evolution of Doodles - G_6e786d/p_The first Doodle was a simple out-of-offi_345e61' is visible

07-06-2024T14:03:00 - [TEST_STEP][PASSED] - verifyElementVisible(findTestObject("Object Repository/Page_The Story and Evolution of Doodles - G_6e786d/h2_Weve created more than 5,000 Doodles ove_111429")): Object 'Object Repository/Page_The Story and Evolution of Doodles - G_6e786d/h2_Weve created more than 5,000 Doodles ove_111429' is visible

07-06-2024T14:03:00 - [MESSAGE][PASSED] - Object 'Object Repository/Page_The Story and Evolution of Doodles - G_6e786d/h2_Weve created more than 5,000 Doodles ove_111429' is visible

07-06-2024T14:03:00 - [TEST_STEP][PASSED] - click(findTestObject("Object Repository/Page_The Story and Evolution of Doodles - G_6e786d/p_The first Doodle was a simple out-of-offi_345e61")): Object: 'Object Repository/Page_The Story and Evolution of Doodles - G_6e786d/p_The first Doodle was a simple out-of-offi_345e61' is clicked on

07-06-2024T14:03:00 - [MESSAGE][PASSED] - Object: 'Object Repository/Page_The Story and Evolution of Doodles - G_6e786d/p_The first Doodle was a simple out-of-offi_345e61' is clicked on

07-06-2024T14:03:00 - [TEST_STEP][PASSED] - verifyElementVisible(findTestObject("Object Repository/Page_The Story and Evolution of Doodles - G_6e786d/h1_The story behind Doodles")): Object 'Object Repository/Page_The Story and Evolution of Doodles - G_6e786d/h1_The story behind Doodles' is visible

07-06-2024T14:03:01 - [MESSAGE][PASSED] - Object 'Object Repository/Page_The Story and Evolution of Doodles - G_6e786d/h1_The story behind Doodles' is visible

07-06-2024T14:03:01 - [TEST_STEP][PASSED] - verifyElementVisible(findTestObject("Object Repository/Page_The Story and Evolution of Doodles - G_6e786d/p_The first Doodle was a simple out-of-offi_345e61")): Object 'Object Repository/Page_The Story and Evolution of Doodles - G_6e786d/p_The first Doodle was a simple out-of-offi_345e61' is visible

07-06-2024T14:03:01 - [MESSAGE][PASSED] - Object 'Object Repository/Page_The Story and Evolution of Doodles - G_6e786d/p_The first Doodle was a simple out-of-offi_345e61' is visible

07-06-2024T14:03:01 - [TEST_STEP][PASSED] - verifyElementVisible(findTestObject("Object Repository/Page_The Story and Evolution of Doodles - G_6e786d/h2_Weve created more than 5,000 Doodles ove_111429")): Object 'Object Repository/Page_The Story and Evolution of Doodles - G_6e786d/h2_Weve created more than 5,000 Doodles ove_111429' is visible

07-06-2024T14:03:01 - [MESSAGE][PASSED] - Object 'Object Repository/Page_The Story and Evolution of Doodles - G_6e786d/h2_Weve created more than 5,000 Doodles ove_111429' is visible

07-06-2024T14:03:01 - [TEST_STEP][PASSED] - click(findTestObject("Object Repository/Page_The Story and Evolution of Doodles - G_6e786d/p_The first Doodle was a simple out-of-offi_345e61")): Object: 'Object Repository/Page_The Story and Evolution of Doodles - G_6e786d/p_The first Doodle was a simple out-of-offi_345e61' is clicked on

07-06-2024T14:03:01 - [MESSAGE][PASSED] - Object: 'Object Repository/Page_The Story and Evolution of Doodles - G_6e786d/p_The first Doodle was a simple out-of-offi_345e61' is clicked on

07-06-2024T14:03:01 - [TEST_STEP][PASSED] - verifyElementVisible(findTestObject("Object Repository/Page_The Story and Evolution of Doodles - G_6e786d/h1_The story behind Doodles")): Object 'Object Repository/Page_The Story and Evolution of Doodles - G_6e786d/h1_The story behind Doodles' is visible

07-06-2024T14:03:01 - [MESSAGE][PASSED] - Object 'Object Repository/Page_The Story and Evolution of Doodles - G_6e786d/h1_The story behind Doodles' is visible

07-06-2024T14:03:01 - [TEST_STEP][PASSED] - verifyElementVisible(findTestObject("Object Repository/Page_The Story and Evolution of Doodles - G_6e786d/p_The first Doodle was a simple out-of-offi_345e61")): Object 'Object Repository/Page_The Story and Evolution of Doodles - G_6e786d/p_The first Doodle was a simple out-of-offi_345e61' is visible

07-06-2024T14:03:01 - [MESSAGE][PASSED] - Object 'Object Repository/Page_The Story and Evolution of Doodles - G_6e786d/p_The first Doodle was a simple out-of-offi_345e61' is visible

07-06-2024T14:03:01 - [TEST_STEP][PASSED] - verifyElementVisible(findTestObject("Object Repository/Page_The Story and Evolution of Doodles - G_6e786d/h2_Weve created more than 5,000 Doodles ove_111429")): Object 'Object Repository/Page_The Story and Evolution of Doodles - G_6e786d/h2_Weve created more than 5,000 Doodles ove_111429' is visible

07-06-2024T14:03:01 - [MESSAGE][PASSED] - Object 'Object Repository/Page_The Story and Evolution of Doodles - G_6e786d/h2_Weve created more than 5,000 Doodles ove_111429' is visible

07-06-2024T14:03:01 - [TEST_STEP][PASSED] - click(findTestObject("Object Repository/Page_The Story and Evolution of Doodles - G_6e786d/p_The first Doodle was a simple out-of-offi_345e61")): Object: 'Object Repository/Page_The Story and Evolution of Doodles - G_6e786d/p_The first Doodle was a simple out-of-offi_345e61' is clicked on

07-06-2024T14:03:01 - [MESSAGE][PASSED] - Object: 'Object Repository/Page_The Story and Evolution of Doodles - G_6e786d/p_The first Doodle was a simple out-of-offi_345e61' is clicked on

07-06-2024T14:03:01 - [TEST_STEP][PASSED] - verifyElementVisible(findTestObject("Object Repository/Page_The Story and Evolution of Doodles - G_6e786d/h1_The story behind Doodles")): Object 'Object Repository/Page_The Story and Evolution of Doodles - G_6e786d/h1_The story behind Doodles' is visible

07-06-2024T14:03:01 - [MESSAGE][PASSED] - Object 'Object Repository/Page_The Story and Evolution of Doodles - G_6e786d/h1_The story behind Doodles' is visible

07-06-2024T14:03:01 - [TEST_STEP][PASSED] - verifyElementVisible(findTestObject("Object Repository/Page_The Story and Evolution of Doodles - G_6e786d/p_The first Doodle was a simple out-of-offi_345e61")): Object 'Object Repository/Page_The Story and Evolution of Doodles - G_6e786d/p_The first Doodle was a simple out-of-offi_345e61' is visible

07-06-2024T14:03:01 - [MESSAGE][PASSED] - Object 'Object Repository/Page_The Story and Evolution of Doodles - G_6e786d/p_The first Doodle was a simple out-of-offi_345e61' is visible

07-06-2024T14:03:01 - [TEST_STEP][PASSED] - verifyElementVisible(findTestObject("Object Repository/Page_The Story and Evolution of Doodles - G_6e786d/h2_Weve created more than 5,000 Doodles ove_111429")): Object 'Object Repository/Page_The Story and Evolution of Doodles - G_6e786d/h2_Weve created more than 5,000 Doodles ove_111429' is visible

07-06-2024T14:03:01 - [MESSAGE][PASSED] - Object 'Object Repository/Page_The Story and Evolution of Doodles - G_6e786d/h2_Weve created more than 5,000 Doodles ove_111429' is visible

07-06-2024T14:03:01 - [TEST_STEP][PASSED] - click(findTestObject("Object Repository/Page_The Story and Evolution of Doodles - G_6e786d/p_The first Doodle was a simple out-of-offi_345e61")): Object: 'Object Repository/Page_The Story and Evolution of Doodles - G_6e786d/p_The first Doodle was a simple out-of-offi_345e61' is clicked on

07-06-2024T14:03:01 - [MESSAGE][PASSED] - Object: 'Object Repository/Page_The Story and Evolution of Doodles - G_6e786d/p_The first Doodle was a simple out-of-offi_345e61' is clicked on

07-06-2024T14:03:01 - [TEST_STEP][PASSED] - verifyElementVisible(findTestObject("Object Repository/Page_The Story and Evolution of Doodles - G_6e786d/h1_The story behind Doodles")): Object 'Object Repository/Page_The Story and Evolution of Doodles - G_6e786d/h1_The story behind Doodles' is visible

07-06-2024T14:03:01 - [MESSAGE][PASSED] - Object 'Object Repository/Page_The Story and Evolution of Doodles - G_6e786d/h1_The story behind Doodles' is visible

07-06-2024T14:03:01 - [TEST_STEP][PASSED] - verifyElementVisible(findTestObject("Object Repository/Page_The Story and Evolution of Doodles - G_6e786d/p_The first Doodle was a simple out-of-offi_345e61")): Object 'Object Repository/Page_The Story and Evolution of Doodles - G_6e786d/p_The first Doodle was a simple out-of-offi_345e61' is visible

07-06-2024T14:03:01 - [MESSAGE][PASSED] - Object 'Object Repository/Page_The Story and Evolution of Doodles - G_6e786d/p_The first Doodle was a simple out-of-offi_345e61' is visible

07-06-2024T14:03:01 - [TEST_STEP][PASSED] - verifyElementVisible(findTestObject("Object Repository/Page_The Story and Evolution of Doodles - G_6e786d/h2_Weve created more than 5,000 Doodles ove_111429")): Object 'Object Repository/Page_The Story and Evolution of Doodles - G_6e786d/h2_Weve created more than 5,000 Doodles ove_111429' is visible

07-06-2024T14:03:02 - [MESSAGE][PASSED] - Object 'Object Repository/Page_The Story and Evolution of Doodles - G_6e786d/h2_Weve created more than 5,000 Doodles ove_111429' is visible

07-06-2024T14:03:02 - [TEST_STEP][PASSED] - click(findTestObject("Object Repository/Page_The Story and Evolution of Doodles - G_6e786d/p_The first Doodle was a simple out-of-offi_345e61")): Object: 'Object Repository/Page_The Story and Evolution of Doodles - G_6e786d/p_The first Doodle was a simple out-of-offi_345e61' is clicked on

07-06-2024T14:03:02 - [MESSAGE][PASSED] - Object: 'Object Repository/Page_The Story and Evolution of Doodles - G_6e786d/p_The first Doodle was a simple out-of-offi_345e61' is clicked on

07-06-2024T14:03:02 - [TEST_STEP][PASSED] - verifyElementVisible(findTestObject("Object Repository/Page_The Story and Evolution of Doodles - G_6e786d/h1_The story behind Doodles")): Object 'Object Repository/Page_The Story and Evolution of Doodles - G_6e786d/h1_The story behind Doodles' is visible

07-06-2024T14:03:02 - [MESSAGE][PASSED] - Object 'Object Repository/Page_The Story and Evolution of Doodles - G_6e786d/h1_The story behind Doodles' is visible

07-06-2024T14:03:02 - [TEST_STEP][PASSED] - verifyElementVisible(findTestObject("Object Repository/Page_The Story and Evolution of Doodles - G_6e786d/p_The first Doodle was a simple out-of-offi_345e61")): Object 'Object Repository/Page_The Story and Evolution of Doodles - G_6e786d/p_The first Doodle was a simple out-of-offi_345e61' is visible

07-06-2024T14:03:02 - [MESSAGE][PASSED] - Object 'Object Repository/Page_The Story and Evolution of Doodles - G_6e786d/p_The first Doodle was a simple out-of-offi_345e61' is visible

07-06-2024T14:03:02 - [TEST_STEP][PASSED] - verifyElementVisible(findTestObject("Object Repository/Page_The Story and Evolution of Doodles - G_6e786d/h2_Weve created more than 5,000 Doodles ove_111429")): Object 'Object Repository/Page_The Story and Evolution of Doodles - G_6e786d/h2_Weve created more than 5,000 Doodles ove_111429' is visible

07-06-2024T14:03:02 - [MESSAGE][PASSED] - Object 'Object Repository/Page_The Story and Evolution of Doodles - G_6e786d/h2_Weve created more than 5,000 Doodles ove_111429' is visible

07-06-2024T14:03:02 - [TEST_STEP][PASSED] - click(findTestObject("Object Repository/Page_The Story and Evolution of Doodles - G_6e786d/p_The first Doodle was a simple out-of-offi_345e61")): Object: 'Object Repository/Page_The Story and Evolution of Doodles - G_6e786d/p_The first Doodle was a simple out-of-offi_345e61' is clicked on

07-06-2024T14:03:02 - [MESSAGE][PASSED] - Object: 'Object Repository/Page_The Story and Evolution of Doodles - G_6e786d/p_The first Doodle was a simple out-of-offi_345e61' is clicked on

07-06-2024T14:03:02 - [TEST_STEP][PASSED] - verifyElementVisible(findTestObject("Object Repository/Page_The Story and Evolution of Doodles - G_6e786d/h1_The story behind Doodles")): Object 'Object Repository/Page_The Story and Evolution of Doodles - G_6e786d/h1_The story behind Doodles' is visible

07-06-2024T14:03:02 - [MESSAGE][PASSED] - Object 'Object Repository/Page_The Story and Evolution of Doodles - G_6e786d/h1_The story behind Doodles' is visible

07-06-2024T14:03:02 - [TEST_STEP][PASSED] - verifyElementVisible(findTestObject("Object Repository/Page_The Story and Evolution of Doodles - G_6e786d/p_The first Doodle was a simple out-of-offi_345e61")): Object 'Object Repository/Page_The Story and Evolution of Doodles - G_6e786d/p_The first Doodle was a simple out-of-offi_345e61' is visible

07-06-2024T14:03:02 - [MESSAGE][PASSED] - Object 'Object Repository/Page_The Story and Evolution of Doodles - G_6e786d/p_The first Doodle was a simple out-of-offi_345e61' is visible

07-06-2024T14:03:02 - [TEST_STEP][PASSED] - verifyElementVisible(findTestObject("Object Repository/Page_The Story and Evolution of Doodles - G_6e786d/h2_Weve created more than 5,000 Doodles ove_111429")): Object 'Object Repository/Page_The Story and Evolution of Doodles - G_6e786d/h2_Weve created more than 5,000 Doodles ove_111429' is visible

07-06-2024T14:03:02 - [MESSAGE][PASSED] - Object 'Object Repository/Page_The Story and Evolution of Doodles - G_6e786d/h2_Weve created more than 5,000 Doodles ove_111429' is visible

07-06-2024T14:03:02 - [TEST_STEP][PASSED] - click(findTestObject("Object Repository/Page_The Story and Evolution of Doodles - G_6e786d/p_The first Doodle was a simple out-of-offi_345e61")): Object: 'Object Repository/Page_The Story and Evolution of Doodles - G_6e786d/p_The first Doodle was a simple out-of-offi_345e61' is clicked on

07-06-2024T14:03:02 - [MESSAGE][PASSED] - Object: 'Object Repository/Page_The Story and Evolution of Doodles - G_6e786d/p_The first Doodle was a simple out-of-offi_345e61' is clicked on

07-06-2024T14:03:02 - [TEST_STEP][PASSED] - verifyElementVisible(findTestObject("Object Repository/Page_The Story and Evolution of Doodles - G_6e786d/h1_The story behind Doodles")): Object 'Object Repository/Page_The Story and Evolution of Doodles - G_6e786d/h1_The story behind Doodles' is visible

07-06-2024T14:03:02 - [MESSAGE][PASSED] - Object 'Object Repository/Page_The Story and Evolution of Doodles - G_6e786d/h1_The story behind Doodles' is visible

07-06-2024T14:03:02 - [TEST_STEP][PASSED] - verifyElementVisible(findTestObject("Object Repository/Page_The Story and Evolution of Doodles - G_6e786d/p_The first Doodle was a simple out-of-offi_345e61")): Object 'Object Repository/Page_The Story and Evolution of Doodles - G_6e786d/p_The first Doodle was a simple out-of-offi_345e61' is visible

07-06-2024T14:03:02 - [MESSAGE][PASSED] - Object 'Object Repository/Page_The Story and Evolution of Doodles - G_6e786d/p_The first Doodle was a simple out-of-offi_345e61' is visible

07-06-2024T14:03:02 - [TEST_STEP][PASSED] - verifyElementVisible(findTestObject("Object Repository/Page_The Story and Evolution of Doodles - G_6e786d/h2_Weve created more than 5,000 Doodles ove_111429")): Object 'Object Repository/Page_The Story and Evolution of Doodles - G_6e786d/h2_Weve created more than 5,000 Doodles ove_111429' is visible

07-06-2024T14:03:03 - [MESSAGE][PASSED] - Object 'Object Repository/Page_The Story and Evolution of Doodles - G_6e786d/h2_Weve created more than 5,000 Doodles ove_111429' is visible

07-06-2024T14:03:03 - [TEST_STEP][PASSED] - click(findTestObject("Object Repository/Page_The Story and Evolution of Doodles - G_6e786d/p_The first Doodle was a simple out-of-offi_345e61")): Object: 'Object Repository/Page_The Story and Evolution of Doodles - G_6e786d/p_The first Doodle was a simple out-of-offi_345e61' is clicked on

07-06-2024T14:03:03 - [MESSAGE][PASSED] - Object: 'Object Repository/Page_The Story and Evolution of Doodles - G_6e786d/p_The first Doodle was a simple out-of-offi_345e61' is clicked on

07-06-2024T14:03:03 - [TEST_STEP][PASSED] - verifyElementVisible(findTestObject("Object Repository/Page_The Story and Evolution of Doodles - G_6e786d/h1_The story behind Doodles")): Object 'Object Repository/Page_The Story and Evolution of Doodles - G_6e786d/h1_The story behind Doodles' is visible

07-06-2024T14:03:03 - [MESSAGE][PASSED] - Object 'Object Repository/Page_The Story and Evolution of Doodles - G_6e786d/h1_The story behind Doodles' is visible

07-06-2024T14:03:03 - [TEST_STEP][PASSED] - verifyElementVisible(findTestObject("Object Repository/Page_The Story and Evolution of Doodles - G_6e786d/p_The first Doodle was a simple out-of-offi_345e61")): Object 'Object Repository/Page_The Story and Evolution of Doodles - G_6e786d/p_The first Doodle was a simple out-of-offi_345e61' is visible

07-06-2024T14:03:03 - [MESSAGE][PASSED] - Object 'Object Repository/Page_The Story and Evolution of Doodles - G_6e786d/p_The first Doodle was a simple out-of-offi_345e61' is visible

07-06-2024T14:03:03 - [TEST_STEP][PASSED] - verifyElementVisible(findTestObject("Object Repository/Page_The Story and Evolution of Doodles - G_6e786d/h2_Weve created more than 5,000 Doodles ove_111429")): Object 'Object Repository/Page_The Story and Evolution of Doodles - G_6e786d/h2_Weve created more than 5,000 Doodles ove_111429' is visible

07-06-2024T14:03:03 - [MESSAGE][PASSED] - Object 'Object Repository/Page_The Story and Evolution of Doodles - G_6e786d/h2_Weve created more than 5,000 Doodles ove_111429' is visible

07-06-2024T14:03:03 - [TEST_STEP][PASSED] - click(findTestObject("Object Repository/Page_The Story and Evolution of Doodles - G_6e786d/p_The first Doodle was a simple out-of-offi_345e61")): Object: 'Object Repository/Page_The Story and Evolution of Doodles - G_6e786d/p_The first Doodle was a simple out-of-offi_345e61' is clicked on

07-06-2024T14:03:03 - [MESSAGE][PASSED] - Object: 'Object Repository/Page_The Story and Evolution of Doodles - G_6e786d/p_The first Doodle was a simple out-of-offi_345e61' is clicked on

07-06-2024T14:03:03 - [TEST_STEP][PASSED] - verifyElementVisible(findTestObject("Object Repository/Page_The Story and Evolution of Doodles - G_6e786d/h1_The story behind Doodles")): Object 'Object Repository/Page_The Story and Evolution of Doodles - G_6e786d/h1_The story behind Doodles' is visible

07-06-2024T14:03:03 - [MESSAGE][PASSED] - Object 'Object Repository/Page_The Story and Evolution of Doodles - G_6e786d/h1_The story behind Doodles' is visible

07-06-2024T14:03:03 - [TEST_STEP][PASSED] - verifyElementVisible(findTestObject("Object Repository/Page_The Story and Evolution of Doodles - G_6e786d/p_The first Doodle was a simple out-of-offi_345e61")): Object 'Object Repository/Page_The Story and Evolution of Doodles - G_6e786d/p_The first Doodle was a simple out-of-offi_345e61' is visible

07-06-2024T14:03:03 - [MESSAGE][PASSED] - Object 'Object Repository/Page_The Story and Evolution of Doodles - G_6e786d/p_The first Doodle was a simple out-of-offi_345e61' is visible

07-06-2024T14:03:03 - [TEST_STEP][PASSED] - verifyElementVisible(findTestObject("Object Repository/Page_The Story and Evolution of Doodles - G_6e786d/h2_Weve created more than 5,000 Doodles ove_111429")): Object 'Object Repository/Page_The Story and Evolution of Doodles - G_6e786d/h2_Weve created more than 5,000 Doodles ove_111429' is visible

07-06-2024T14:03:03 - [MESSAGE][PASSED] - Object 'Object Repository/Page_The Story and Evolution of Doodles - G_6e786d/h2_Weve created more than 5,000 Doodles ove_111429' is visible]]></system-out>
         <system-err><![CDATA[]]></system-err>
      </testcase>
      <testcase name="Test Cases/test case folder 1/tc1 - Copy - Copy (3)" time="8.189" classname="Test Cases/test case folder 1/tc1 - Copy - Copy (3)" status="PASSED">
         <system-out><![CDATA[07-06-2024T14:03:03 - [TEST_CASE][PASSED] - Test Cases/test case folder 1/tc1 - Copy - Copy (3): Test Cases/test case folder 1/tc1 - Copy - Copy (3)

07-06-2024T14:03:03 - [TEST_STEP][PASSED] - openBrowser(""): Browser is opened with url: ''

07-06-2024T14:03:03 - [MESSAGE][WARNING] - A browser is already opened. Closing browser and opening a new one

07-06-2024T14:03:04 - [MESSAGE][INFO] - Starting 'Firefox (headless)' driver

07-06-2024T14:03:04 - [MESSAGE][INFO] - Action delay is set to 0 milliseconds

07-06-2024T14:03:06 - [MESSAGE][PASSED] - Browser is opened with url: ''

07-06-2024T14:03:06 - [TEST_STEP][PASSED] - navigateToUrl("https://doodles.google/about/"): Navigate to 'https://doodles.google/about/' successfully

07-06-2024T14:03:08 - [MESSAGE][PASSED] - Navigate to 'https://doodles.google/about/' successfully

07-06-2024T14:03:08 - [TEST_STEP][PASSED] - click(findTestObject("Object Repository/Page_The Story and Evolution of Doodles - G_6e786d/p_The first Doodle was a simple out-of-offi_345e61")): Object: 'Object Repository/Page_The Story and Evolution of Doodles - G_6e786d/p_The first Doodle was a simple out-of-offi_345e61' is clicked on

07-06-2024T14:03:08 - [MESSAGE][PASSED] - Object: 'Object Repository/Page_The Story and Evolution of Doodles - G_6e786d/p_The first Doodle was a simple out-of-offi_345e61' is clicked on

07-06-2024T14:03:08 - [TEST_STEP][PASSED] - click(findTestObject("Object Repository/Page_The Story and Evolution of Doodles - G_6e786d/p_The first Doodle was a simple out-of-offi_345e61")): Object: 'Object Repository/Page_The Story and Evolution of Doodles - G_6e786d/p_The first Doodle was a simple out-of-offi_345e61' is clicked on

07-06-2024T14:03:08 - [MESSAGE][PASSED] - Object: 'Object Repository/Page_The Story and Evolution of Doodles - G_6e786d/p_The first Doodle was a simple out-of-offi_345e61' is clicked on

07-06-2024T14:03:08 - [TEST_STEP][PASSED] - verifyElementVisible(findTestObject("Object Repository/Page_The Story and Evolution of Doodles - G_6e786d/h1_The story behind Doodles")): Object 'Object Repository/Page_The Story and Evolution of Doodles - G_6e786d/h1_The story behind Doodles' is visible

07-06-2024T14:03:08 - [MESSAGE][PASSED] - Object 'Object Repository/Page_The Story and Evolution of Doodles - G_6e786d/h1_The story behind Doodles' is visible

07-06-2024T14:03:08 - [TEST_STEP][PASSED] - verifyElementVisible(findTestObject("Object Repository/Page_The Story and Evolution of Doodles - G_6e786d/p_The first Doodle was a simple out-of-offi_345e61")): Object 'Object Repository/Page_The Story and Evolution of Doodles - G_6e786d/p_The first Doodle was a simple out-of-offi_345e61' is visible

07-06-2024T14:03:08 - [MESSAGE][PASSED] - Object 'Object Repository/Page_The Story and Evolution of Doodles - G_6e786d/p_The first Doodle was a simple out-of-offi_345e61' is visible

07-06-2024T14:03:08 - [TEST_STEP][PASSED] - verifyElementVisible(findTestObject("Object Repository/Page_The Story and Evolution of Doodles - G_6e786d/h2_Weve created more than 5,000 Doodles ove_111429")): Object 'Object Repository/Page_The Story and Evolution of Doodles - G_6e786d/h2_Weve created more than 5,000 Doodles ove_111429' is visible

07-06-2024T14:03:08 - [MESSAGE][PASSED] - Object 'Object Repository/Page_The Story and Evolution of Doodles - G_6e786d/h2_Weve created more than 5,000 Doodles ove_111429' is visible

07-06-2024T14:03:08 - [TEST_STEP][PASSED] - verifyElementVisible(findTestObject("Object Repository/Page_The Story and Evolution of Doodles - G_6e786d/h1_The story behind Doodles")): Object 'Object Repository/Page_The Story and Evolution of Doodles - G_6e786d/h1_The story behind Doodles' is visible

07-06-2024T14:03:08 - [MESSAGE][PASSED] - Object 'Object Repository/Page_The Story and Evolution of Doodles - G_6e786d/h1_The story behind Doodles' is visible

07-06-2024T14:03:08 - [TEST_STEP][PASSED] - verifyElementVisible(findTestObject("Object Repository/Page_The Story and Evolution of Doodles - G_6e786d/p_The first Doodle was a simple out-of-offi_345e61")): Object 'Object Repository/Page_The Story and Evolution of Doodles - G_6e786d/p_The first Doodle was a simple out-of-offi_345e61' is visible

07-06-2024T14:03:08 - [MESSAGE][PASSED] - Object 'Object Repository/Page_The Story and Evolution of Doodles - G_6e786d/p_The first Doodle was a simple out-of-offi_345e61' is visible

07-06-2024T14:03:08 - [TEST_STEP][PASSED] - verifyElementVisible(findTestObject("Object Repository/Page_The Story and Evolution of Doodles - G_6e786d/h2_Weve created more than 5,000 Doodles ove_111429")): Object 'Object Repository/Page_The Story and Evolution of Doodles - G_6e786d/h2_Weve created more than 5,000 Doodles ove_111429' is visible

07-06-2024T14:03:08 - [MESSAGE][PASSED] - Object 'Object Repository/Page_The Story and Evolution of Doodles - G_6e786d/h2_Weve created more than 5,000 Doodles ove_111429' is visible

07-06-2024T14:03:08 - [TEST_STEP][PASSED] - click(findTestObject("Object Repository/Page_The Story and Evolution of Doodles - G_6e786d/p_The first Doodle was a simple out-of-offi_345e61")): Object: 'Object Repository/Page_The Story and Evolution of Doodles - G_6e786d/p_The first Doodle was a simple out-of-offi_345e61' is clicked on

07-06-2024T14:03:09 - [MESSAGE][PASSED] - Object: 'Object Repository/Page_The Story and Evolution of Doodles - G_6e786d/p_The first Doodle was a simple out-of-offi_345e61' is clicked on

07-06-2024T14:03:09 - [TEST_STEP][PASSED] - verifyElementVisible(findTestObject("Object Repository/Page_The Story and Evolution of Doodles - G_6e786d/h1_The story behind Doodles")): Object 'Object Repository/Page_The Story and Evolution of Doodles - G_6e786d/h1_The story behind Doodles' is visible

07-06-2024T14:03:09 - [MESSAGE][PASSED] - Object 'Object Repository/Page_The Story and Evolution of Doodles - G_6e786d/h1_The story behind Doodles' is visible

07-06-2024T14:03:09 - [TEST_STEP][PASSED] - verifyElementVisible(findTestObject("Object Repository/Page_The Story and Evolution of Doodles - G_6e786d/p_The first Doodle was a simple out-of-offi_345e61")): Object 'Object Repository/Page_The Story and Evolution of Doodles - G_6e786d/p_The first Doodle was a simple out-of-offi_345e61' is visible

07-06-2024T14:03:09 - [MESSAGE][PASSED] - Object 'Object Repository/Page_The Story and Evolution of Doodles - G_6e786d/p_The first Doodle was a simple out-of-offi_345e61' is visible

07-06-2024T14:03:09 - [TEST_STEP][PASSED] - verifyElementVisible(findTestObject("Object Repository/Page_The Story and Evolution of Doodles - G_6e786d/h2_Weve created more than 5,000 Doodles ove_111429")): Object 'Object Repository/Page_The Story and Evolution of Doodles - G_6e786d/h2_Weve created more than 5,000 Doodles ove_111429' is visible

07-06-2024T14:03:09 - [MESSAGE][PASSED] - Object 'Object Repository/Page_The Story and Evolution of Doodles - G_6e786d/h2_Weve created more than 5,000 Doodles ove_111429' is visible

07-06-2024T14:03:09 - [TEST_STEP][PASSED] - click(findTestObject("Object Repository/Page_The Story and Evolution of Doodles - G_6e786d/p_The first Doodle was a simple out-of-offi_345e61")): Object: 'Object Repository/Page_The Story and Evolution of Doodles - G_6e786d/p_The first Doodle was a simple out-of-offi_345e61' is clicked on

07-06-2024T14:03:09 - [MESSAGE][PASSED] - Object: 'Object Repository/Page_The Story and Evolution of Doodles - G_6e786d/p_The first Doodle was a simple out-of-offi_345e61' is clicked on

07-06-2024T14:03:09 - [TEST_STEP][PASSED] - verifyElementVisible(findTestObject("Object Repository/Page_The Story and Evolution of Doodles - G_6e786d/h1_The story behind Doodles")): Object 'Object Repository/Page_The Story and Evolution of Doodles - G_6e786d/h1_The story behind Doodles' is visible

07-06-2024T14:03:09 - [MESSAGE][PASSED] - Object 'Object Repository/Page_The Story and Evolution of Doodles - G_6e786d/h1_The story behind Doodles' is visible

07-06-2024T14:03:09 - [TEST_STEP][PASSED] - verifyElementVisible(findTestObject("Object Repository/Page_The Story and Evolution of Doodles - G_6e786d/p_The first Doodle was a simple out-of-offi_345e61")): Object 'Object Repository/Page_The Story and Evolution of Doodles - G_6e786d/p_The first Doodle was a simple out-of-offi_345e61' is visible

07-06-2024T14:03:09 - [MESSAGE][PASSED] - Object 'Object Repository/Page_The Story and Evolution of Doodles - G_6e786d/p_The first Doodle was a simple out-of-offi_345e61' is visible

07-06-2024T14:03:09 - [TEST_STEP][PASSED] - verifyElementVisible(findTestObject("Object Repository/Page_The Story and Evolution of Doodles - G_6e786d/h2_Weve created more than 5,000 Doodles ove_111429")): Object 'Object Repository/Page_The Story and Evolution of Doodles - G_6e786d/h2_Weve created more than 5,000 Doodles ove_111429' is visible

07-06-2024T14:03:09 - [MESSAGE][PASSED] - Object 'Object Repository/Page_The Story and Evolution of Doodles - G_6e786d/h2_Weve created more than 5,000 Doodles ove_111429' is visible

07-06-2024T14:03:09 - [TEST_STEP][PASSED] - click(findTestObject("Object Repository/Page_The Story and Evolution of Doodles - G_6e786d/p_The first Doodle was a simple out-of-offi_345e61")): Object: 'Object Repository/Page_The Story and Evolution of Doodles - G_6e786d/p_The first Doodle was a simple out-of-offi_345e61' is clicked on

07-06-2024T14:03:09 - [MESSAGE][PASSED] - Object: 'Object Repository/Page_The Story and Evolution of Doodles - G_6e786d/p_The first Doodle was a simple out-of-offi_345e61' is clicked on

07-06-2024T14:03:09 - [TEST_STEP][PASSED] - verifyElementVisible(findTestObject("Object Repository/Page_The Story and Evolution of Doodles - G_6e786d/h1_The story behind Doodles")): Object 'Object Repository/Page_The Story and Evolution of Doodles - G_6e786d/h1_The story behind Doodles' is visible

07-06-2024T14:03:09 - [MESSAGE][PASSED] - Object 'Object Repository/Page_The Story and Evolution of Doodles - G_6e786d/h1_The story behind Doodles' is visible

07-06-2024T14:03:09 - [TEST_STEP][PASSED] - verifyElementVisible(findTestObject("Object Repository/Page_The Story and Evolution of Doodles - G_6e786d/p_The first Doodle was a simple out-of-offi_345e61")): Object 'Object Repository/Page_The Story and Evolution of Doodles - G_6e786d/p_The first Doodle was a simple out-of-offi_345e61' is visible

07-06-2024T14:03:09 - [MESSAGE][PASSED] - Object 'Object Repository/Page_The Story and Evolution of Doodles - G_6e786d/p_The first Doodle was a simple out-of-offi_345e61' is visible

07-06-2024T14:03:09 - [TEST_STEP][PASSED] - verifyElementVisible(findTestObject("Object Repository/Page_The Story and Evolution of Doodles - G_6e786d/h2_Weve created more than 5,000 Doodles ove_111429")): Object 'Object Repository/Page_The Story and Evolution of Doodles - G_6e786d/h2_Weve created more than 5,000 Doodles ove_111429' is visible

07-06-2024T14:03:09 - [MESSAGE][PASSED] - Object 'Object Repository/Page_The Story and Evolution of Doodles - G_6e786d/h2_Weve created more than 5,000 Doodles ove_111429' is visible

07-06-2024T14:03:09 - [TEST_STEP][PASSED] - click(findTestObject("Object Repository/Page_The Story and Evolution of Doodles - G_6e786d/p_The first Doodle was a simple out-of-offi_345e61")): Object: 'Object Repository/Page_The Story and Evolution of Doodles - G_6e786d/p_The first Doodle was a simple out-of-offi_345e61' is clicked on

07-06-2024T14:03:10 - [MESSAGE][PASSED] - Object: 'Object Repository/Page_The Story and Evolution of Doodles - G_6e786d/p_The first Doodle was a simple out-of-offi_345e61' is clicked on

07-06-2024T14:03:10 - [TEST_STEP][PASSED] - verifyElementVisible(findTestObject("Object Repository/Page_The Story and Evolution of Doodles - G_6e786d/h1_The story behind Doodles")): Object 'Object Repository/Page_The Story and Evolution of Doodles - G_6e786d/h1_The story behind Doodles' is visible

07-06-2024T14:03:10 - [MESSAGE][PASSED] - Object 'Object Repository/Page_The Story and Evolution of Doodles - G_6e786d/h1_The story behind Doodles' is visible

07-06-2024T14:03:10 - [TEST_STEP][PASSED] - verifyElementVisible(findTestObject("Object Repository/Page_The Story and Evolution of Doodles - G_6e786d/p_The first Doodle was a simple out-of-offi_345e61")): Object 'Object Repository/Page_The Story and Evolution of Doodles - G_6e786d/p_The first Doodle was a simple out-of-offi_345e61' is visible

07-06-2024T14:03:10 - [MESSAGE][PASSED] - Object 'Object Repository/Page_The Story and Evolution of Doodles - G_6e786d/p_The first Doodle was a simple out-of-offi_345e61' is visible

07-06-2024T14:03:10 - [TEST_STEP][PASSED] - verifyElementVisible(findTestObject("Object Repository/Page_The Story and Evolution of Doodles - G_6e786d/h2_Weve created more than 5,000 Doodles ove_111429")): Object 'Object Repository/Page_The Story and Evolution of Doodles - G_6e786d/h2_Weve created more than 5,000 Doodles ove_111429' is visible

07-06-2024T14:03:10 - [MESSAGE][PASSED] - Object 'Object Repository/Page_The Story and Evolution of Doodles - G_6e786d/h2_Weve created more than 5,000 Doodles ove_111429' is visible

07-06-2024T14:03:10 - [TEST_STEP][PASSED] - click(findTestObject("Object Repository/Page_The Story and Evolution of Doodles - G_6e786d/p_The first Doodle was a simple out-of-offi_345e61")): Object: 'Object Repository/Page_The Story and Evolution of Doodles - G_6e786d/p_The first Doodle was a simple out-of-offi_345e61' is clicked on

07-06-2024T14:03:10 - [MESSAGE][PASSED] - Object: 'Object Repository/Page_The Story and Evolution of Doodles - G_6e786d/p_The first Doodle was a simple out-of-offi_345e61' is clicked on

07-06-2024T14:03:10 - [TEST_STEP][PASSED] - verifyElementVisible(findTestObject("Object Repository/Page_The Story and Evolution of Doodles - G_6e786d/h1_The story behind Doodles")): Object 'Object Repository/Page_The Story and Evolution of Doodles - G_6e786d/h1_The story behind Doodles' is visible

07-06-2024T14:03:10 - [MESSAGE][PASSED] - Object 'Object Repository/Page_The Story and Evolution of Doodles - G_6e786d/h1_The story behind Doodles' is visible

07-06-2024T14:03:10 - [TEST_STEP][PASSED] - verifyElementVisible(findTestObject("Object Repository/Page_The Story and Evolution of Doodles - G_6e786d/p_The first Doodle was a simple out-of-offi_345e61")): Object 'Object Repository/Page_The Story and Evolution of Doodles - G_6e786d/p_The first Doodle was a simple out-of-offi_345e61' is visible

07-06-2024T14:03:10 - [MESSAGE][PASSED] - Object 'Object Repository/Page_The Story and Evolution of Doodles - G_6e786d/p_The first Doodle was a simple out-of-offi_345e61' is visible

07-06-2024T14:03:10 - [TEST_STEP][PASSED] - verifyElementVisible(findTestObject("Object Repository/Page_The Story and Evolution of Doodles - G_6e786d/h2_Weve created more than 5,000 Doodles ove_111429")): Object 'Object Repository/Page_The Story and Evolution of Doodles - G_6e786d/h2_Weve created more than 5,000 Doodles ove_111429' is visible

07-06-2024T14:03:10 - [MESSAGE][PASSED] - Object 'Object Repository/Page_The Story and Evolution of Doodles - G_6e786d/h2_Weve created more than 5,000 Doodles ove_111429' is visible

07-06-2024T14:03:10 - [TEST_STEP][PASSED] - click(findTestObject("Object Repository/Page_The Story and Evolution of Doodles - G_6e786d/p_The first Doodle was a simple out-of-offi_345e61")): Object: 'Object Repository/Page_The Story and Evolution of Doodles - G_6e786d/p_The first Doodle was a simple out-of-offi_345e61' is clicked on

07-06-2024T14:03:10 - [MESSAGE][PASSED] - Object: 'Object Repository/Page_The Story and Evolution of Doodles - G_6e786d/p_The first Doodle was a simple out-of-offi_345e61' is clicked on

07-06-2024T14:03:10 - [TEST_STEP][PASSED] - verifyElementVisible(findTestObject("Object Repository/Page_The Story and Evolution of Doodles - G_6e786d/h1_The story behind Doodles")): Object 'Object Repository/Page_The Story and Evolution of Doodles - G_6e786d/h1_The story behind Doodles' is visible

07-06-2024T14:03:10 - [MESSAGE][PASSED] - Object 'Object Repository/Page_The Story and Evolution of Doodles - G_6e786d/h1_The story behind Doodles' is visible

07-06-2024T14:03:10 - [TEST_STEP][PASSED] - verifyElementVisible(findTestObject("Object Repository/Page_The Story and Evolution of Doodles - G_6e786d/p_The first Doodle was a simple out-of-offi_345e61")): Object 'Object Repository/Page_The Story and Evolution of Doodles - G_6e786d/p_The first Doodle was a simple out-of-offi_345e61' is visible

07-06-2024T14:03:10 - [MESSAGE][PASSED] - Object 'Object Repository/Page_The Story and Evolution of Doodles - G_6e786d/p_The first Doodle was a simple out-of-offi_345e61' is visible

07-06-2024T14:03:10 - [TEST_STEP][PASSED] - verifyElementVisible(findTestObject("Object Repository/Page_The Story and Evolution of Doodles - G_6e786d/h2_Weve created more than 5,000 Doodles ove_111429")): Object 'Object Repository/Page_The Story and Evolution of Doodles - G_6e786d/h2_Weve created more than 5,000 Doodles ove_111429' is visible

07-06-2024T14:03:10 - [MESSAGE][PASSED] - Object 'Object Repository/Page_The Story and Evolution of Doodles - G_6e786d/h2_Weve created more than 5,000 Doodles ove_111429' is visible

07-06-2024T14:03:10 - [TEST_STEP][PASSED] - click(findTestObject("Object Repository/Page_The Story and Evolution of Doodles - G_6e786d/p_The first Doodle was a simple out-of-offi_345e61")): Object: 'Object Repository/Page_The Story and Evolution of Doodles - G_6e786d/p_The first Doodle was a simple out-of-offi_345e61' is clicked on

07-06-2024T14:03:11 - [MESSAGE][PASSED] - Object: 'Object Repository/Page_The Story and Evolution of Doodles - G_6e786d/p_The first Doodle was a simple out-of-offi_345e61' is clicked on

07-06-2024T14:03:11 - [TEST_STEP][PASSED] - verifyElementVisible(findTestObject("Object Repository/Page_The Story and Evolution of Doodles - G_6e786d/h1_The story behind Doodles")): Object 'Object Repository/Page_The Story and Evolution of Doodles - G_6e786d/h1_The story behind Doodles' is visible

07-06-2024T14:03:11 - [MESSAGE][PASSED] - Object 'Object Repository/Page_The Story and Evolution of Doodles - G_6e786d/h1_The story behind Doodles' is visible

07-06-2024T14:03:11 - [TEST_STEP][PASSED] - verifyElementVisible(findTestObject("Object Repository/Page_The Story and Evolution of Doodles - G_6e786d/p_The first Doodle was a simple out-of-offi_345e61")): Object 'Object Repository/Page_The Story and Evolution of Doodles - G_6e786d/p_The first Doodle was a simple out-of-offi_345e61' is visible

07-06-2024T14:03:11 - [MESSAGE][PASSED] - Object 'Object Repository/Page_The Story and Evolution of Doodles - G_6e786d/p_The first Doodle was a simple out-of-offi_345e61' is visible

07-06-2024T14:03:11 - [TEST_STEP][PASSED] - verifyElementVisible(findTestObject("Object Repository/Page_The Story and Evolution of Doodles - G_6e786d/h2_Weve created more than 5,000 Doodles ove_111429")): Object 'Object Repository/Page_The Story and Evolution of Doodles - G_6e786d/h2_Weve created more than 5,000 Doodles ove_111429' is visible

07-06-2024T14:03:11 - [MESSAGE][PASSED] - Object 'Object Repository/Page_The Story and Evolution of Doodles - G_6e786d/h2_Weve created more than 5,000 Doodles ove_111429' is visible

07-06-2024T14:03:11 - [TEST_STEP][PASSED] - click(findTestObject("Object Repository/Page_The Story and Evolution of Doodles - G_6e786d/p_The first Doodle was a simple out-of-offi_345e61")): Object: 'Object Repository/Page_The Story and Evolution of Doodles - G_6e786d/p_The first Doodle was a simple out-of-offi_345e61' is clicked on

07-06-2024T14:03:11 - [MESSAGE][PASSED] - Object: 'Object Repository/Page_The Story and Evolution of Doodles - G_6e786d/p_The first Doodle was a simple out-of-offi_345e61' is clicked on

07-06-2024T14:03:11 - [TEST_STEP][PASSED] - verifyElementVisible(findTestObject("Object Repository/Page_The Story and Evolution of Doodles - G_6e786d/h1_The story behind Doodles")): Object 'Object Repository/Page_The Story and Evolution of Doodles - G_6e786d/h1_The story behind Doodles' is visible

07-06-2024T14:03:11 - [MESSAGE][PASSED] - Object 'Object Repository/Page_The Story and Evolution of Doodles - G_6e786d/h1_The story behind Doodles' is visible

07-06-2024T14:03:11 - [TEST_STEP][PASSED] - verifyElementVisible(findTestObject("Object Repository/Page_The Story and Evolution of Doodles - G_6e786d/p_The first Doodle was a simple out-of-offi_345e61")): Object 'Object Repository/Page_The Story and Evolution of Doodles - G_6e786d/p_The first Doodle was a simple out-of-offi_345e61' is visible

07-06-2024T14:03:11 - [MESSAGE][PASSED] - Object 'Object Repository/Page_The Story and Evolution of Doodles - G_6e786d/p_The first Doodle was a simple out-of-offi_345e61' is visible

07-06-2024T14:03:11 - [TEST_STEP][PASSED] - verifyElementVisible(findTestObject("Object Repository/Page_The Story and Evolution of Doodles - G_6e786d/h2_Weve created more than 5,000 Doodles ove_111429")): Object 'Object Repository/Page_The Story and Evolution of Doodles - G_6e786d/h2_Weve created more than 5,000 Doodles ove_111429' is visible

07-06-2024T14:03:11 - [MESSAGE][PASSED] - Object 'Object Repository/Page_The Story and Evolution of Doodles - G_6e786d/h2_Weve created more than 5,000 Doodles ove_111429' is visible

07-06-2024T14:03:11 - [TEST_STEP][PASSED] - click(findTestObject("Object Repository/Page_The Story and Evolution of Doodles - G_6e786d/p_The first Doodle was a simple out-of-offi_345e61")): Object: 'Object Repository/Page_The Story and Evolution of Doodles - G_6e786d/p_The first Doodle was a simple out-of-offi_345e61' is clicked on

07-06-2024T14:03:11 - [MESSAGE][PASSED] - Object: 'Object Repository/Page_The Story and Evolution of Doodles - G_6e786d/p_The first Doodle was a simple out-of-offi_345e61' is clicked on

07-06-2024T14:03:11 - [TEST_STEP][PASSED] - verifyElementVisible(findTestObject("Object Repository/Page_The Story and Evolution of Doodles - G_6e786d/h1_The story behind Doodles")): Object 'Object Repository/Page_The Story and Evolution of Doodles - G_6e786d/h1_The story behind Doodles' is visible

07-06-2024T14:03:11 - [MESSAGE][PASSED] - Object 'Object Repository/Page_The Story and Evolution of Doodles - G_6e786d/h1_The story behind Doodles' is visible

07-06-2024T14:03:11 - [TEST_STEP][PASSED] - verifyElementVisible(findTestObject("Object Repository/Page_The Story and Evolution of Doodles - G_6e786d/p_The first Doodle was a simple out-of-offi_345e61")): Object 'Object Repository/Page_The Story and Evolution of Doodles - G_6e786d/p_The first Doodle was a simple out-of-offi_345e61' is visible

07-06-2024T14:03:11 - [MESSAGE][PASSED] - Object 'Object Repository/Page_The Story and Evolution of Doodles - G_6e786d/p_The first Doodle was a simple out-of-offi_345e61' is visible

07-06-2024T14:03:11 - [TEST_STEP][PASSED] - verifyElementVisible(findTestObject("Object Repository/Page_The Story and Evolution of Doodles - G_6e786d/h2_Weve created more than 5,000 Doodles ove_111429")): Object 'Object Repository/Page_The Story and Evolution of Doodles - G_6e786d/h2_Weve created more than 5,000 Doodles ove_111429' is visible

07-06-2024T14:03:11 - [MESSAGE][PASSED] - Object 'Object Repository/Page_The Story and Evolution of Doodles - G_6e786d/h2_Weve created more than 5,000 Doodles ove_111429' is visible]]></system-out>
         <system-err><![CDATA[]]></system-err>
      </testcase>
      <testcase name="Test Cases/test case folder 1/tc1 - Copy - Copy (5)" time="8.231" classname="Test Cases/test case folder 1/tc1 - Copy - Copy (5)" status="PASSED">
         <system-out><![CDATA[07-06-2024T14:03:11 - [TEST_CASE][PASSED] - Test Cases/test case folder 1/tc1 - Copy - Copy (5): Test Cases/test case folder 1/tc1 - Copy - Copy (5)

07-06-2024T14:03:11 - [TEST_STEP][PASSED] - openBrowser(""): Browser is opened with url: ''

07-06-2024T14:03:11 - [MESSAGE][WARNING] - A browser is already opened. Closing browser and opening a new one

07-06-2024T14:03:12 - [MESSAGE][INFO] - Starting 'Firefox (headless)' driver

07-06-2024T14:03:12 - [MESSAGE][INFO] - Action delay is set to 0 milliseconds

07-06-2024T14:03:14 - [MESSAGE][PASSED] - Browser is opened with url: ''

07-06-2024T14:03:14 - [TEST_STEP][PASSED] - navigateToUrl("https://doodles.google/about/"): Navigate to 'https://doodles.google/about/' successfully

07-06-2024T14:03:16 - [MESSAGE][PASSED] - Navigate to 'https://doodles.google/about/' successfully

07-06-2024T14:03:16 - [TEST_STEP][PASSED] - click(findTestObject("Object Repository/Page_The Story and Evolution of Doodles - G_6e786d/p_The first Doodle was a simple out-of-offi_345e61")): Object: 'Object Repository/Page_The Story and Evolution of Doodles - G_6e786d/p_The first Doodle was a simple out-of-offi_345e61' is clicked on

07-06-2024T14:03:16 - [MESSAGE][PASSED] - Object: 'Object Repository/Page_The Story and Evolution of Doodles - G_6e786d/p_The first Doodle was a simple out-of-offi_345e61' is clicked on

07-06-2024T14:03:16 - [TEST_STEP][PASSED] - click(findTestObject("Object Repository/Page_The Story and Evolution of Doodles - G_6e786d/p_The first Doodle was a simple out-of-offi_345e61")): Object: 'Object Repository/Page_The Story and Evolution of Doodles - G_6e786d/p_The first Doodle was a simple out-of-offi_345e61' is clicked on

07-06-2024T14:03:16 - [MESSAGE][PASSED] - Object: 'Object Repository/Page_The Story and Evolution of Doodles - G_6e786d/p_The first Doodle was a simple out-of-offi_345e61' is clicked on

07-06-2024T14:03:16 - [TEST_STEP][PASSED] - verifyElementVisible(findTestObject("Object Repository/Page_The Story and Evolution of Doodles - G_6e786d/h1_The story behind Doodles")): Object 'Object Repository/Page_The Story and Evolution of Doodles - G_6e786d/h1_The story behind Doodles' is visible

07-06-2024T14:03:16 - [MESSAGE][PASSED] - Object 'Object Repository/Page_The Story and Evolution of Doodles - G_6e786d/h1_The story behind Doodles' is visible

07-06-2024T14:03:16 - [TEST_STEP][PASSED] - verifyElementVisible(findTestObject("Object Repository/Page_The Story and Evolution of Doodles - G_6e786d/p_The first Doodle was a simple out-of-offi_345e61")): Object 'Object Repository/Page_The Story and Evolution of Doodles - G_6e786d/p_The first Doodle was a simple out-of-offi_345e61' is visible

07-06-2024T14:03:16 - [MESSAGE][PASSED] - Object 'Object Repository/Page_The Story and Evolution of Doodles - G_6e786d/p_The first Doodle was a simple out-of-offi_345e61' is visible

07-06-2024T14:03:16 - [TEST_STEP][PASSED] - verifyElementVisible(findTestObject("Object Repository/Page_The Story and Evolution of Doodles - G_6e786d/h2_Weve created more than 5,000 Doodles ove_111429")): Object 'Object Repository/Page_The Story and Evolution of Doodles - G_6e786d/h2_Weve created more than 5,000 Doodles ove_111429' is visible

07-06-2024T14:03:16 - [MESSAGE][PASSED] - Object 'Object Repository/Page_The Story and Evolution of Doodles - G_6e786d/h2_Weve created more than 5,000 Doodles ove_111429' is visible

07-06-2024T14:03:16 - [TEST_STEP][PASSED] - verifyElementVisible(findTestObject("Object Repository/Page_The Story and Evolution of Doodles - G_6e786d/h1_The story behind Doodles")): Object 'Object Repository/Page_The Story and Evolution of Doodles - G_6e786d/h1_The story behind Doodles' is visible

07-06-2024T14:03:16 - [MESSAGE][PASSED] - Object 'Object Repository/Page_The Story and Evolution of Doodles - G_6e786d/h1_The story behind Doodles' is visible

07-06-2024T14:03:16 - [TEST_STEP][PASSED] - verifyElementVisible(findTestObject("Object Repository/Page_The Story and Evolution of Doodles - G_6e786d/p_The first Doodle was a simple out-of-offi_345e61")): Object 'Object Repository/Page_The Story and Evolution of Doodles - G_6e786d/p_The first Doodle was a simple out-of-offi_345e61' is visible

07-06-2024T14:03:16 - [MESSAGE][PASSED] - Object 'Object Repository/Page_The Story and Evolution of Doodles - G_6e786d/p_The first Doodle was a simple out-of-offi_345e61' is visible

07-06-2024T14:03:16 - [TEST_STEP][PASSED] - verifyElementVisible(findTestObject("Object Repository/Page_The Story and Evolution of Doodles - G_6e786d/h2_Weve created more than 5,000 Doodles ove_111429")): Object 'Object Repository/Page_The Story and Evolution of Doodles - G_6e786d/h2_Weve created more than 5,000 Doodles ove_111429' is visible

07-06-2024T14:03:17 - [MESSAGE][PASSED] - Object 'Object Repository/Page_The Story and Evolution of Doodles - G_6e786d/h2_Weve created more than 5,000 Doodles ove_111429' is visible

07-06-2024T14:03:17 - [TEST_STEP][PASSED] - click(findTestObject("Object Repository/Page_The Story and Evolution of Doodles - G_6e786d/p_The first Doodle was a simple out-of-offi_345e61")): Object: 'Object Repository/Page_The Story and Evolution of Doodles - G_6e786d/p_The first Doodle was a simple out-of-offi_345e61' is clicked on

07-06-2024T14:03:17 - [MESSAGE][PASSED] - Object: 'Object Repository/Page_The Story and Evolution of Doodles - G_6e786d/p_The first Doodle was a simple out-of-offi_345e61' is clicked on

07-06-2024T14:03:17 - [TEST_STEP][PASSED] - verifyElementVisible(findTestObject("Object Repository/Page_The Story and Evolution of Doodles - G_6e786d/h1_The story behind Doodles")): Object 'Object Repository/Page_The Story and Evolution of Doodles - G_6e786d/h1_The story behind Doodles' is visible

07-06-2024T14:03:17 - [MESSAGE][PASSED] - Object 'Object Repository/Page_The Story and Evolution of Doodles - G_6e786d/h1_The story behind Doodles' is visible

07-06-2024T14:03:17 - [TEST_STEP][PASSED] - verifyElementVisible(findTestObject("Object Repository/Page_The Story and Evolution of Doodles - G_6e786d/p_The first Doodle was a simple out-of-offi_345e61")): Object 'Object Repository/Page_The Story and Evolution of Doodles - G_6e786d/p_The first Doodle was a simple out-of-offi_345e61' is visible

07-06-2024T14:03:17 - [MESSAGE][PASSED] - Object 'Object Repository/Page_The Story and Evolution of Doodles - G_6e786d/p_The first Doodle was a simple out-of-offi_345e61' is visible

07-06-2024T14:03:17 - [TEST_STEP][PASSED] - verifyElementVisible(findTestObject("Object Repository/Page_The Story and Evolution of Doodles - G_6e786d/h2_Weve created more than 5,000 Doodles ove_111429")): Object 'Object Repository/Page_The Story and Evolution of Doodles - G_6e786d/h2_Weve created more than 5,000 Doodles ove_111429' is visible

07-06-2024T14:03:17 - [MESSAGE][PASSED] - Object 'Object Repository/Page_The Story and Evolution of Doodles - G_6e786d/h2_Weve created more than 5,000 Doodles ove_111429' is visible

07-06-2024T14:03:17 - [TEST_STEP][PASSED] - click(findTestObject("Object Repository/Page_The Story and Evolution of Doodles - G_6e786d/p_The first Doodle was a simple out-of-offi_345e61")): Object: 'Object Repository/Page_The Story and Evolution of Doodles - G_6e786d/p_The first Doodle was a simple out-of-offi_345e61' is clicked on

07-06-2024T14:03:17 - [MESSAGE][PASSED] - Object: 'Object Repository/Page_The Story and Evolution of Doodles - G_6e786d/p_The first Doodle was a simple out-of-offi_345e61' is clicked on

07-06-2024T14:03:17 - [TEST_STEP][PASSED] - verifyElementVisible(findTestObject("Object Repository/Page_The Story and Evolution of Doodles - G_6e786d/h1_The story behind Doodles")): Object 'Object Repository/Page_The Story and Evolution of Doodles - G_6e786d/h1_The story behind Doodles' is visible

07-06-2024T14:03:17 - [MESSAGE][PASSED] - Object 'Object Repository/Page_The Story and Evolution of Doodles - G_6e786d/h1_The story behind Doodles' is visible

07-06-2024T14:03:17 - [TEST_STEP][PASSED] - verifyElementVisible(findTestObject("Object Repository/Page_The Story and Evolution of Doodles - G_6e786d/p_The first Doodle was a simple out-of-offi_345e61")): Object 'Object Repository/Page_The Story and Evolution of Doodles - G_6e786d/p_The first Doodle was a simple out-of-offi_345e61' is visible

07-06-2024T14:03:17 - [MESSAGE][PASSED] - Object 'Object Repository/Page_The Story and Evolution of Doodles - G_6e786d/p_The first Doodle was a simple out-of-offi_345e61' is visible

07-06-2024T14:03:17 - [TEST_STEP][PASSED] - verifyElementVisible(findTestObject("Object Repository/Page_The Story and Evolution of Doodles - G_6e786d/h2_Weve created more than 5,000 Doodles ove_111429")): Object 'Object Repository/Page_The Story and Evolution of Doodles - G_6e786d/h2_Weve created more than 5,000 Doodles ove_111429' is visible

07-06-2024T14:03:17 - [MESSAGE][PASSED] - Object 'Object Repository/Page_The Story and Evolution of Doodles - G_6e786d/h2_Weve created more than 5,000 Doodles ove_111429' is visible

07-06-2024T14:03:17 - [TEST_STEP][PASSED] - click(findTestObject("Object Repository/Page_The Story and Evolution of Doodles - G_6e786d/p_The first Doodle was a simple out-of-offi_345e61")): Object: 'Object Repository/Page_The Story and Evolution of Doodles - G_6e786d/p_The first Doodle was a simple out-of-offi_345e61' is clicked on

07-06-2024T14:03:17 - [MESSAGE][PASSED] - Object: 'Object Repository/Page_The Story and Evolution of Doodles - G_6e786d/p_The first Doodle was a simple out-of-offi_345e61' is clicked on

07-06-2024T14:03:17 - [TEST_STEP][PASSED] - verifyElementVisible(findTestObject("Object Repository/Page_The Story and Evolution of Doodles - G_6e786d/h1_The story behind Doodles")): Object 'Object Repository/Page_The Story and Evolution of Doodles - G_6e786d/h1_The story behind Doodles' is visible

07-06-2024T14:03:17 - [MESSAGE][PASSED] - Object 'Object Repository/Page_The Story and Evolution of Doodles - G_6e786d/h1_The story behind Doodles' is visible

07-06-2024T14:03:17 - [TEST_STEP][PASSED] - verifyElementVisible(findTestObject("Object Repository/Page_The Story and Evolution of Doodles - G_6e786d/p_The first Doodle was a simple out-of-offi_345e61")): Object 'Object Repository/Page_The Story and Evolution of Doodles - G_6e786d/p_The first Doodle was a simple out-of-offi_345e61' is visible

07-06-2024T14:03:18 - [MESSAGE][PASSED] - Object 'Object Repository/Page_The Story and Evolution of Doodles - G_6e786d/p_The first Doodle was a simple out-of-offi_345e61' is visible

07-06-2024T14:03:18 - [TEST_STEP][PASSED] - verifyElementVisible(findTestObject("Object Repository/Page_The Story and Evolution of Doodles - G_6e786d/h2_Weve created more than 5,000 Doodles ove_111429")): Object 'Object Repository/Page_The Story and Evolution of Doodles - G_6e786d/h2_Weve created more than 5,000 Doodles ove_111429' is visible

07-06-2024T14:03:18 - [MESSAGE][PASSED] - Object 'Object Repository/Page_The Story and Evolution of Doodles - G_6e786d/h2_Weve created more than 5,000 Doodles ove_111429' is visible

07-06-2024T14:03:18 - [TEST_STEP][PASSED] - click(findTestObject("Object Repository/Page_The Story and Evolution of Doodles - G_6e786d/p_The first Doodle was a simple out-of-offi_345e61")): Object: 'Object Repository/Page_The Story and Evolution of Doodles - G_6e786d/p_The first Doodle was a simple out-of-offi_345e61' is clicked on

07-06-2024T14:03:18 - [MESSAGE][PASSED] - Object: 'Object Repository/Page_The Story and Evolution of Doodles - G_6e786d/p_The first Doodle was a simple out-of-offi_345e61' is clicked on

07-06-2024T14:03:18 - [TEST_STEP][PASSED] - verifyElementVisible(findTestObject("Object Repository/Page_The Story and Evolution of Doodles - G_6e786d/h1_The story behind Doodles")): Object 'Object Repository/Page_The Story and Evolution of Doodles - G_6e786d/h1_The story behind Doodles' is visible

07-06-2024T14:03:18 - [MESSAGE][PASSED] - Object 'Object Repository/Page_The Story and Evolution of Doodles - G_6e786d/h1_The story behind Doodles' is visible

07-06-2024T14:03:18 - [TEST_STEP][PASSED] - verifyElementVisible(findTestObject("Object Repository/Page_The Story and Evolution of Doodles - G_6e786d/p_The first Doodle was a simple out-of-offi_345e61")): Object 'Object Repository/Page_The Story and Evolution of Doodles - G_6e786d/p_The first Doodle was a simple out-of-offi_345e61' is visible

07-06-2024T14:03:18 - [MESSAGE][PASSED] - Object 'Object Repository/Page_The Story and Evolution of Doodles - G_6e786d/p_The first Doodle was a simple out-of-offi_345e61' is visible

07-06-2024T14:03:18 - [TEST_STEP][PASSED] - verifyElementVisible(findTestObject("Object Repository/Page_The Story and Evolution of Doodles - G_6e786d/h2_Weve created more than 5,000 Doodles ove_111429")): Object 'Object Repository/Page_The Story and Evolution of Doodles - G_6e786d/h2_Weve created more than 5,000 Doodles ove_111429' is visible

07-06-2024T14:03:18 - [MESSAGE][PASSED] - Object 'Object Repository/Page_The Story and Evolution of Doodles - G_6e786d/h2_Weve created more than 5,000 Doodles ove_111429' is visible

07-06-2024T14:03:18 - [TEST_STEP][PASSED] - click(findTestObject("Object Repository/Page_The Story and Evolution of Doodles - G_6e786d/p_The first Doodle was a simple out-of-offi_345e61")): Object: 'Object Repository/Page_The Story and Evolution of Doodles - G_6e786d/p_The first Doodle was a simple out-of-offi_345e61' is clicked on

07-06-2024T14:03:18 - [MESSAGE][PASSED] - Object: 'Object Repository/Page_The Story and Evolution of Doodles - G_6e786d/p_The first Doodle was a simple out-of-offi_345e61' is clicked on

07-06-2024T14:03:18 - [TEST_STEP][PASSED] - verifyElementVisible(findTestObject("Object Repository/Page_The Story and Evolution of Doodles - G_6e786d/h1_The story behind Doodles")): Object 'Object Repository/Page_The Story and Evolution of Doodles - G_6e786d/h1_The story behind Doodles' is visible

07-06-2024T14:03:18 - [MESSAGE][PASSED] - Object 'Object Repository/Page_The Story and Evolution of Doodles - G_6e786d/h1_The story behind Doodles' is visible

07-06-2024T14:03:18 - [TEST_STEP][PASSED] - verifyElementVisible(findTestObject("Object Repository/Page_The Story and Evolution of Doodles - G_6e786d/p_The first Doodle was a simple out-of-offi_345e61")): Object 'Object Repository/Page_The Story and Evolution of Doodles - G_6e786d/p_The first Doodle was a simple out-of-offi_345e61' is visible

07-06-2024T14:03:18 - [MESSAGE][PASSED] - Object 'Object Repository/Page_The Story and Evolution of Doodles - G_6e786d/p_The first Doodle was a simple out-of-offi_345e61' is visible

07-06-2024T14:03:18 - [TEST_STEP][PASSED] - verifyElementVisible(findTestObject("Object Repository/Page_The Story and Evolution of Doodles - G_6e786d/h2_Weve created more than 5,000 Doodles ove_111429")): Object 'Object Repository/Page_The Story and Evolution of Doodles - G_6e786d/h2_Weve created more than 5,000 Doodles ove_111429' is visible

07-06-2024T14:03:18 - [MESSAGE][PASSED] - Object 'Object Repository/Page_The Story and Evolution of Doodles - G_6e786d/h2_Weve created more than 5,000 Doodles ove_111429' is visible

07-06-2024T14:03:18 - [TEST_STEP][PASSED] - click(findTestObject("Object Repository/Page_The Story and Evolution of Doodles - G_6e786d/p_The first Doodle was a simple out-of-offi_345e61")): Object: 'Object Repository/Page_The Story and Evolution of Doodles - G_6e786d/p_The first Doodle was a simple out-of-offi_345e61' is clicked on

07-06-2024T14:03:18 - [MESSAGE][PASSED] - Object: 'Object Repository/Page_The Story and Evolution of Doodles - G_6e786d/p_The first Doodle was a simple out-of-offi_345e61' is clicked on

07-06-2024T14:03:18 - [TEST_STEP][PASSED] - verifyElementVisible(findTestObject("Object Repository/Page_The Story and Evolution of Doodles - G_6e786d/h1_The story behind Doodles")): Object 'Object Repository/Page_The Story and Evolution of Doodles - G_6e786d/h1_The story behind Doodles' is visible

07-06-2024T14:03:18 - [MESSAGE][PASSED] - Object 'Object Repository/Page_The Story and Evolution of Doodles - G_6e786d/h1_The story behind Doodles' is visible

07-06-2024T14:03:18 - [TEST_STEP][PASSED] - verifyElementVisible(findTestObject("Object Repository/Page_The Story and Evolution of Doodles - G_6e786d/p_The first Doodle was a simple out-of-offi_345e61")): Object 'Object Repository/Page_The Story and Evolution of Doodles - G_6e786d/p_The first Doodle was a simple out-of-offi_345e61' is visible

07-06-2024T14:03:18 - [MESSAGE][PASSED] - Object 'Object Repository/Page_The Story and Evolution of Doodles - G_6e786d/p_The first Doodle was a simple out-of-offi_345e61' is visible

07-06-2024T14:03:18 - [TEST_STEP][PASSED] - verifyElementVisible(findTestObject("Object Repository/Page_The Story and Evolution of Doodles - G_6e786d/h2_Weve created more than 5,000 Doodles ove_111429")): Object 'Object Repository/Page_The Story and Evolution of Doodles - G_6e786d/h2_Weve created more than 5,000 Doodles ove_111429' is visible

07-06-2024T14:03:19 - [MESSAGE][PASSED] - Object 'Object Repository/Page_The Story and Evolution of Doodles - G_6e786d/h2_Weve created more than 5,000 Doodles ove_111429' is visible

07-06-2024T14:03:19 - [TEST_STEP][PASSED] - click(findTestObject("Object Repository/Page_The Story and Evolution of Doodles - G_6e786d/p_The first Doodle was a simple out-of-offi_345e61")): Object: 'Object Repository/Page_The Story and Evolution of Doodles - G_6e786d/p_The first Doodle was a simple out-of-offi_345e61' is clicked on

07-06-2024T14:03:19 - [MESSAGE][PASSED] - Object: 'Object Repository/Page_The Story and Evolution of Doodles - G_6e786d/p_The first Doodle was a simple out-of-offi_345e61' is clicked on

07-06-2024T14:03:19 - [TEST_STEP][PASSED] - verifyElementVisible(findTestObject("Object Repository/Page_The Story and Evolution of Doodles - G_6e786d/h1_The story behind Doodles")): Object 'Object Repository/Page_The Story and Evolution of Doodles - G_6e786d/h1_The story behind Doodles' is visible

07-06-2024T14:03:19 - [MESSAGE][PASSED] - Object 'Object Repository/Page_The Story and Evolution of Doodles - G_6e786d/h1_The story behind Doodles' is visible

07-06-2024T14:03:19 - [TEST_STEP][PASSED] - verifyElementVisible(findTestObject("Object Repository/Page_The Story and Evolution of Doodles - G_6e786d/p_The first Doodle was a simple out-of-offi_345e61")): Object 'Object Repository/Page_The Story and Evolution of Doodles - G_6e786d/p_The first Doodle was a simple out-of-offi_345e61' is visible

07-06-2024T14:03:19 - [MESSAGE][PASSED] - Object 'Object Repository/Page_The Story and Evolution of Doodles - G_6e786d/p_The first Doodle was a simple out-of-offi_345e61' is visible

07-06-2024T14:03:19 - [TEST_STEP][PASSED] - verifyElementVisible(findTestObject("Object Repository/Page_The Story and Evolution of Doodles - G_6e786d/h2_Weve created more than 5,000 Doodles ove_111429")): Object 'Object Repository/Page_The Story and Evolution of Doodles - G_6e786d/h2_Weve created more than 5,000 Doodles ove_111429' is visible

07-06-2024T14:03:19 - [MESSAGE][PASSED] - Object 'Object Repository/Page_The Story and Evolution of Doodles - G_6e786d/h2_Weve created more than 5,000 Doodles ove_111429' is visible

07-06-2024T14:03:19 - [TEST_STEP][PASSED] - click(findTestObject("Object Repository/Page_The Story and Evolution of Doodles - G_6e786d/p_The first Doodle was a simple out-of-offi_345e61")): Object: 'Object Repository/Page_The Story and Evolution of Doodles - G_6e786d/p_The first Doodle was a simple out-of-offi_345e61' is clicked on

07-06-2024T14:03:19 - [MESSAGE][PASSED] - Object: 'Object Repository/Page_The Story and Evolution of Doodles - G_6e786d/p_The first Doodle was a simple out-of-offi_345e61' is clicked on

07-06-2024T14:03:19 - [TEST_STEP][PASSED] - verifyElementVisible(findTestObject("Object Repository/Page_The Story and Evolution of Doodles - G_6e786d/h1_The story behind Doodles")): Object 'Object Repository/Page_The Story and Evolution of Doodles - G_6e786d/h1_The story behind Doodles' is visible

07-06-2024T14:03:19 - [MESSAGE][PASSED] - Object 'Object Repository/Page_The Story and Evolution of Doodles - G_6e786d/h1_The story behind Doodles' is visible

07-06-2024T14:03:19 - [TEST_STEP][PASSED] - verifyElementVisible(findTestObject("Object Repository/Page_The Story and Evolution of Doodles - G_6e786d/p_The first Doodle was a simple out-of-offi_345e61")): Object 'Object Repository/Page_The Story and Evolution of Doodles - G_6e786d/p_The first Doodle was a simple out-of-offi_345e61' is visible

07-06-2024T14:03:19 - [MESSAGE][PASSED] - Object 'Object Repository/Page_The Story and Evolution of Doodles - G_6e786d/p_The first Doodle was a simple out-of-offi_345e61' is visible

07-06-2024T14:03:19 - [TEST_STEP][PASSED] - verifyElementVisible(findTestObject("Object Repository/Page_The Story and Evolution of Doodles - G_6e786d/h2_Weve created more than 5,000 Doodles ove_111429")): Object 'Object Repository/Page_The Story and Evolution of Doodles - G_6e786d/h2_Weve created more than 5,000 Doodles ove_111429' is visible

07-06-2024T14:03:19 - [MESSAGE][PASSED] - Object 'Object Repository/Page_The Story and Evolution of Doodles - G_6e786d/h2_Weve created more than 5,000 Doodles ove_111429' is visible

07-06-2024T14:03:19 - [TEST_STEP][PASSED] - click(findTestObject("Object Repository/Page_The Story and Evolution of Doodles - G_6e786d/p_The first Doodle was a simple out-of-offi_345e61")): Object: 'Object Repository/Page_The Story and Evolution of Doodles - G_6e786d/p_The first Doodle was a simple out-of-offi_345e61' is clicked on

07-06-2024T14:03:19 - [MESSAGE][PASSED] - Object: 'Object Repository/Page_The Story and Evolution of Doodles - G_6e786d/p_The first Doodle was a simple out-of-offi_345e61' is clicked on

07-06-2024T14:03:19 - [TEST_STEP][PASSED] - verifyElementVisible(findTestObject("Object Repository/Page_The Story and Evolution of Doodles - G_6e786d/h1_The story behind Doodles")): Object 'Object Repository/Page_The Story and Evolution of Doodles - G_6e786d/h1_The story behind Doodles' is visible

07-06-2024T14:03:19 - [MESSAGE][PASSED] - Object 'Object Repository/Page_The Story and Evolution of Doodles - G_6e786d/h1_The story behind Doodles' is visible

07-06-2024T14:03:19 - [TEST_STEP][PASSED] - verifyElementVisible(findTestObject("Object Repository/Page_The Story and Evolution of Doodles - G_6e786d/p_The first Doodle was a simple out-of-offi_345e61")): Object 'Object Repository/Page_The Story and Evolution of Doodles - G_6e786d/p_The first Doodle was a simple out-of-offi_345e61' is visible

07-06-2024T14:03:20 - [MESSAGE][PASSED] - Object 'Object Repository/Page_The Story and Evolution of Doodles - G_6e786d/p_The first Doodle was a simple out-of-offi_345e61' is visible

07-06-2024T14:03:20 - [TEST_STEP][PASSED] - verifyElementVisible(findTestObject("Object Repository/Page_The Story and Evolution of Doodles - G_6e786d/h2_Weve created more than 5,000 Doodles ove_111429")): Object 'Object Repository/Page_The Story and Evolution of Doodles - G_6e786d/h2_Weve created more than 5,000 Doodles ove_111429' is visible

07-06-2024T14:03:20 - [MESSAGE][PASSED] - Object 'Object Repository/Page_The Story and Evolution of Doodles - G_6e786d/h2_Weve created more than 5,000 Doodles ove_111429' is visible]]></system-out>
         <system-err><![CDATA[]]></system-err>
      </testcase>
      <testcase name="Test Cases/test case folder 1/tc1 - Copy - Copy (6)" time="8.064" classname="Test Cases/test case folder 1/tc1 - Copy - Copy (6)" status="PASSED">
         <system-out><![CDATA[07-06-2024T14:03:20 - [TEST_CASE][PASSED] - Test Cases/test case folder 1/tc1 - Copy - Copy (6): Test Cases/test case folder 1/tc1 - Copy - Copy (6)

07-06-2024T14:03:20 - [TEST_STEP][PASSED] - openBrowser(""): Browser is opened with url: ''

07-06-2024T14:03:20 - [MESSAGE][WARNING] - A browser is already opened. Closing browser and opening a new one

07-06-2024T14:03:21 - [MESSAGE][INFO] - Starting 'Firefox (headless)' driver

07-06-2024T14:03:21 - [MESSAGE][INFO] - Action delay is set to 0 milliseconds

07-06-2024T14:03:23 - [MESSAGE][PASSED] - Browser is opened with url: ''

07-06-2024T14:03:23 - [TEST_STEP][PASSED] - navigateToUrl("https://doodles.google/about/"): Navigate to 'https://doodles.google/about/' successfully

07-06-2024T14:03:24 - [MESSAGE][PASSED] - Navigate to 'https://doodles.google/about/' successfully

07-06-2024T14:03:24 - [TEST_STEP][PASSED] - click(findTestObject("Object Repository/Page_The Story and Evolution of Doodles - G_6e786d/p_The first Doodle was a simple out-of-offi_345e61")): Object: 'Object Repository/Page_The Story and Evolution of Doodles - G_6e786d/p_The first Doodle was a simple out-of-offi_345e61' is clicked on

07-06-2024T14:03:24 - [MESSAGE][PASSED] - Object: 'Object Repository/Page_The Story and Evolution of Doodles - G_6e786d/p_The first Doodle was a simple out-of-offi_345e61' is clicked on

07-06-2024T14:03:24 - [TEST_STEP][PASSED] - click(findTestObject("Object Repository/Page_The Story and Evolution of Doodles - G_6e786d/p_The first Doodle was a simple out-of-offi_345e61")): Object: 'Object Repository/Page_The Story and Evolution of Doodles - G_6e786d/p_The first Doodle was a simple out-of-offi_345e61' is clicked on

07-06-2024T14:03:25 - [MESSAGE][PASSED] - Object: 'Object Repository/Page_The Story and Evolution of Doodles - G_6e786d/p_The first Doodle was a simple out-of-offi_345e61' is clicked on

07-06-2024T14:03:25 - [TEST_STEP][PASSED] - verifyElementVisible(findTestObject("Object Repository/Page_The Story and Evolution of Doodles - G_6e786d/h1_The story behind Doodles")): Object 'Object Repository/Page_The Story and Evolution of Doodles - G_6e786d/h1_The story behind Doodles' is visible

07-06-2024T14:03:25 - [MESSAGE][PASSED] - Object 'Object Repository/Page_The Story and Evolution of Doodles - G_6e786d/h1_The story behind Doodles' is visible

07-06-2024T14:03:25 - [TEST_STEP][PASSED] - verifyElementVisible(findTestObject("Object Repository/Page_The Story and Evolution of Doodles - G_6e786d/p_The first Doodle was a simple out-of-offi_345e61")): Object 'Object Repository/Page_The Story and Evolution of Doodles - G_6e786d/p_The first Doodle was a simple out-of-offi_345e61' is visible

07-06-2024T14:03:25 - [MESSAGE][PASSED] - Object 'Object Repository/Page_The Story and Evolution of Doodles - G_6e786d/p_The first Doodle was a simple out-of-offi_345e61' is visible

07-06-2024T14:03:25 - [TEST_STEP][PASSED] - verifyElementVisible(findTestObject("Object Repository/Page_The Story and Evolution of Doodles - G_6e786d/h2_Weve created more than 5,000 Doodles ove_111429")): Object 'Object Repository/Page_The Story and Evolution of Doodles - G_6e786d/h2_Weve created more than 5,000 Doodles ove_111429' is visible

07-06-2024T14:03:25 - [MESSAGE][PASSED] - Object 'Object Repository/Page_The Story and Evolution of Doodles - G_6e786d/h2_Weve created more than 5,000 Doodles ove_111429' is visible

07-06-2024T14:03:25 - [TEST_STEP][PASSED] - verifyElementVisible(findTestObject("Object Repository/Page_The Story and Evolution of Doodles - G_6e786d/h1_The story behind Doodles")): Object 'Object Repository/Page_The Story and Evolution of Doodles - G_6e786d/h1_The story behind Doodles' is visible

07-06-2024T14:03:25 - [MESSAGE][PASSED] - Object 'Object Repository/Page_The Story and Evolution of Doodles - G_6e786d/h1_The story behind Doodles' is visible

07-06-2024T14:03:25 - [TEST_STEP][PASSED] - verifyElementVisible(findTestObject("Object Repository/Page_The Story and Evolution of Doodles - G_6e786d/p_The first Doodle was a simple out-of-offi_345e61")): Object 'Object Repository/Page_The Story and Evolution of Doodles - G_6e786d/p_The first Doodle was a simple out-of-offi_345e61' is visible

07-06-2024T14:03:25 - [MESSAGE][PASSED] - Object 'Object Repository/Page_The Story and Evolution of Doodles - G_6e786d/p_The first Doodle was a simple out-of-offi_345e61' is visible

07-06-2024T14:03:25 - [TEST_STEP][PASSED] - verifyElementVisible(findTestObject("Object Repository/Page_The Story and Evolution of Doodles - G_6e786d/h2_Weve created more than 5,000 Doodles ove_111429")): Object 'Object Repository/Page_The Story and Evolution of Doodles - G_6e786d/h2_Weve created more than 5,000 Doodles ove_111429' is visible

07-06-2024T14:03:25 - [MESSAGE][PASSED] - Object 'Object Repository/Page_The Story and Evolution of Doodles - G_6e786d/h2_Weve created more than 5,000 Doodles ove_111429' is visible

07-06-2024T14:03:25 - [TEST_STEP][PASSED] - click(findTestObject("Object Repository/Page_The Story and Evolution of Doodles - G_6e786d/p_The first Doodle was a simple out-of-offi_345e61")): Object: 'Object Repository/Page_The Story and Evolution of Doodles - G_6e786d/p_The first Doodle was a simple out-of-offi_345e61' is clicked on

07-06-2024T14:03:25 - [MESSAGE][PASSED] - Object: 'Object Repository/Page_The Story and Evolution of Doodles - G_6e786d/p_The first Doodle was a simple out-of-offi_345e61' is clicked on

07-06-2024T14:03:25 - [TEST_STEP][PASSED] - verifyElementVisible(findTestObject("Object Repository/Page_The Story and Evolution of Doodles - G_6e786d/h1_The story behind Doodles")): Object 'Object Repository/Page_The Story and Evolution of Doodles - G_6e786d/h1_The story behind Doodles' is visible

07-06-2024T14:03:25 - [MESSAGE][PASSED] - Object 'Object Repository/Page_The Story and Evolution of Doodles - G_6e786d/h1_The story behind Doodles' is visible

07-06-2024T14:03:25 - [TEST_STEP][PASSED] - verifyElementVisible(findTestObject("Object Repository/Page_The Story and Evolution of Doodles - G_6e786d/p_The first Doodle was a simple out-of-offi_345e61")): Object 'Object Repository/Page_The Story and Evolution of Doodles - G_6e786d/p_The first Doodle was a simple out-of-offi_345e61' is visible

07-06-2024T14:03:25 - [MESSAGE][PASSED] - Object 'Object Repository/Page_The Story and Evolution of Doodles - G_6e786d/p_The first Doodle was a simple out-of-offi_345e61' is visible

07-06-2024T14:03:25 - [TEST_STEP][PASSED] - verifyElementVisible(findTestObject("Object Repository/Page_The Story and Evolution of Doodles - G_6e786d/h2_Weve created more than 5,000 Doodles ove_111429")): Object 'Object Repository/Page_The Story and Evolution of Doodles - G_6e786d/h2_Weve created more than 5,000 Doodles ove_111429' is visible

07-06-2024T14:03:25 - [MESSAGE][PASSED] - Object 'Object Repository/Page_The Story and Evolution of Doodles - G_6e786d/h2_Weve created more than 5,000 Doodles ove_111429' is visible

07-06-2024T14:03:25 - [TEST_STEP][PASSED] - click(findTestObject("Object Repository/Page_The Story and Evolution of Doodles - G_6e786d/p_The first Doodle was a simple out-of-offi_345e61")): Object: 'Object Repository/Page_The Story and Evolution of Doodles - G_6e786d/p_The first Doodle was a simple out-of-offi_345e61' is clicked on

07-06-2024T14:03:25 - [MESSAGE][PASSED] - Object: 'Object Repository/Page_The Story and Evolution of Doodles - G_6e786d/p_The first Doodle was a simple out-of-offi_345e61' is clicked on

07-06-2024T14:03:25 - [TEST_STEP][PASSED] - verifyElementVisible(findTestObject("Object Repository/Page_The Story and Evolution of Doodles - G_6e786d/h1_The story behind Doodles")): Object 'Object Repository/Page_The Story and Evolution of Doodles - G_6e786d/h1_The story behind Doodles' is visible

07-06-2024T14:03:25 - [MESSAGE][PASSED] - Object 'Object Repository/Page_The Story and Evolution of Doodles - G_6e786d/h1_The story behind Doodles' is visible

07-06-2024T14:03:25 - [TEST_STEP][PASSED] - verifyElementVisible(findTestObject("Object Repository/Page_The Story and Evolution of Doodles - G_6e786d/p_The first Doodle was a simple out-of-offi_345e61")): Object 'Object Repository/Page_The Story and Evolution of Doodles - G_6e786d/p_The first Doodle was a simple out-of-offi_345e61' is visible

07-06-2024T14:03:25 - [MESSAGE][PASSED] - Object 'Object Repository/Page_The Story and Evolution of Doodles - G_6e786d/p_The first Doodle was a simple out-of-offi_345e61' is visible

07-06-2024T14:03:25 - [TEST_STEP][PASSED] - verifyElementVisible(findTestObject("Object Repository/Page_The Story and Evolution of Doodles - G_6e786d/h2_Weve created more than 5,000 Doodles ove_111429")): Object 'Object Repository/Page_The Story and Evolution of Doodles - G_6e786d/h2_Weve created more than 5,000 Doodles ove_111429' is visible

07-06-2024T14:03:25 - [MESSAGE][PASSED] - Object 'Object Repository/Page_The Story and Evolution of Doodles - G_6e786d/h2_Weve created more than 5,000 Doodles ove_111429' is visible

07-06-2024T14:03:25 - [TEST_STEP][PASSED] - click(findTestObject("Object Repository/Page_The Story and Evolution of Doodles - G_6e786d/p_The first Doodle was a simple out-of-offi_345e61")): Object: 'Object Repository/Page_The Story and Evolution of Doodles - G_6e786d/p_The first Doodle was a simple out-of-offi_345e61' is clicked on

07-06-2024T14:03:26 - [MESSAGE][PASSED] - Object: 'Object Repository/Page_The Story and Evolution of Doodles - G_6e786d/p_The first Doodle was a simple out-of-offi_345e61' is clicked on

07-06-2024T14:03:26 - [TEST_STEP][PASSED] - verifyElementVisible(findTestObject("Object Repository/Page_The Story and Evolution of Doodles - G_6e786d/h1_The story behind Doodles")): Object 'Object Repository/Page_The Story and Evolution of Doodles - G_6e786d/h1_The story behind Doodles' is visible

07-06-2024T14:03:26 - [MESSAGE][PASSED] - Object 'Object Repository/Page_The Story and Evolution of Doodles - G_6e786d/h1_The story behind Doodles' is visible

07-06-2024T14:03:26 - [TEST_STEP][PASSED] - verifyElementVisible(findTestObject("Object Repository/Page_The Story and Evolution of Doodles - G_6e786d/p_The first Doodle was a simple out-of-offi_345e61")): Object 'Object Repository/Page_The Story and Evolution of Doodles - G_6e786d/p_The first Doodle was a simple out-of-offi_345e61' is visible

07-06-2024T14:03:26 - [MESSAGE][PASSED] - Object 'Object Repository/Page_The Story and Evolution of Doodles - G_6e786d/p_The first Doodle was a simple out-of-offi_345e61' is visible

07-06-2024T14:03:26 - [TEST_STEP][PASSED] - verifyElementVisible(findTestObject("Object Repository/Page_The Story and Evolution of Doodles - G_6e786d/h2_Weve created more than 5,000 Doodles ove_111429")): Object 'Object Repository/Page_The Story and Evolution of Doodles - G_6e786d/h2_Weve created more than 5,000 Doodles ove_111429' is visible

07-06-2024T14:03:26 - [MESSAGE][PASSED] - Object 'Object Repository/Page_The Story and Evolution of Doodles - G_6e786d/h2_Weve created more than 5,000 Doodles ove_111429' is visible

07-06-2024T14:03:26 - [TEST_STEP][PASSED] - click(findTestObject("Object Repository/Page_The Story and Evolution of Doodles - G_6e786d/p_The first Doodle was a simple out-of-offi_345e61")): Object: 'Object Repository/Page_The Story and Evolution of Doodles - G_6e786d/p_The first Doodle was a simple out-of-offi_345e61' is clicked on

07-06-2024T14:03:26 - [MESSAGE][PASSED] - Object: 'Object Repository/Page_The Story and Evolution of Doodles - G_6e786d/p_The first Doodle was a simple out-of-offi_345e61' is clicked on

07-06-2024T14:03:26 - [TEST_STEP][PASSED] - verifyElementVisible(findTestObject("Object Repository/Page_The Story and Evolution of Doodles - G_6e786d/h1_The story behind Doodles")): Object 'Object Repository/Page_The Story and Evolution of Doodles - G_6e786d/h1_The story behind Doodles' is visible

07-06-2024T14:03:26 - [MESSAGE][PASSED] - Object 'Object Repository/Page_The Story and Evolution of Doodles - G_6e786d/h1_The story behind Doodles' is visible

07-06-2024T14:03:26 - [TEST_STEP][PASSED] - verifyElementVisible(findTestObject("Object Repository/Page_The Story and Evolution of Doodles - G_6e786d/p_The first Doodle was a simple out-of-offi_345e61")): Object 'Object Repository/Page_The Story and Evolution of Doodles - G_6e786d/p_The first Doodle was a simple out-of-offi_345e61' is visible

07-06-2024T14:03:26 - [MESSAGE][PASSED] - Object 'Object Repository/Page_The Story and Evolution of Doodles - G_6e786d/p_The first Doodle was a simple out-of-offi_345e61' is visible

07-06-2024T14:03:26 - [TEST_STEP][PASSED] - verifyElementVisible(findTestObject("Object Repository/Page_The Story and Evolution of Doodles - G_6e786d/h2_Weve created more than 5,000 Doodles ove_111429")): Object 'Object Repository/Page_The Story and Evolution of Doodles - G_6e786d/h2_Weve created more than 5,000 Doodles ove_111429' is visible

07-06-2024T14:03:26 - [MESSAGE][PASSED] - Object 'Object Repository/Page_The Story and Evolution of Doodles - G_6e786d/h2_Weve created more than 5,000 Doodles ove_111429' is visible

07-06-2024T14:03:26 - [TEST_STEP][PASSED] - click(findTestObject("Object Repository/Page_The Story and Evolution of Doodles - G_6e786d/p_The first Doodle was a simple out-of-offi_345e61")): Object: 'Object Repository/Page_The Story and Evolution of Doodles - G_6e786d/p_The first Doodle was a simple out-of-offi_345e61' is clicked on

07-06-2024T14:03:26 - [MESSAGE][PASSED] - Object: 'Object Repository/Page_The Story and Evolution of Doodles - G_6e786d/p_The first Doodle was a simple out-of-offi_345e61' is clicked on

07-06-2024T14:03:26 - [TEST_STEP][PASSED] - verifyElementVisible(findTestObject("Object Repository/Page_The Story and Evolution of Doodles - G_6e786d/h1_The story behind Doodles")): Object 'Object Repository/Page_The Story and Evolution of Doodles - G_6e786d/h1_The story behind Doodles' is visible

07-06-2024T14:03:26 - [MESSAGE][PASSED] - Object 'Object Repository/Page_The Story and Evolution of Doodles - G_6e786d/h1_The story behind Doodles' is visible

07-06-2024T14:03:26 - [TEST_STEP][PASSED] - verifyElementVisible(findTestObject("Object Repository/Page_The Story and Evolution of Doodles - G_6e786d/p_The first Doodle was a simple out-of-offi_345e61")): Object 'Object Repository/Page_The Story and Evolution of Doodles - G_6e786d/p_The first Doodle was a simple out-of-offi_345e61' is visible

07-06-2024T14:03:26 - [MESSAGE][PASSED] - Object 'Object Repository/Page_The Story and Evolution of Doodles - G_6e786d/p_The first Doodle was a simple out-of-offi_345e61' is visible

07-06-2024T14:03:26 - [TEST_STEP][PASSED] - verifyElementVisible(findTestObject("Object Repository/Page_The Story and Evolution of Doodles - G_6e786d/h2_Weve created more than 5,000 Doodles ove_111429")): Object 'Object Repository/Page_The Story and Evolution of Doodles - G_6e786d/h2_Weve created more than 5,000 Doodles ove_111429' is visible

07-06-2024T14:03:26 - [MESSAGE][PASSED] - Object 'Object Repository/Page_The Story and Evolution of Doodles - G_6e786d/h2_Weve created more than 5,000 Doodles ove_111429' is visible

07-06-2024T14:03:26 - [TEST_STEP][PASSED] - click(findTestObject("Object Repository/Page_The Story and Evolution of Doodles - G_6e786d/p_The first Doodle was a simple out-of-offi_345e61")): Object: 'Object Repository/Page_The Story and Evolution of Doodles - G_6e786d/p_The first Doodle was a simple out-of-offi_345e61' is clicked on

07-06-2024T14:03:27 - [MESSAGE][PASSED] - Object: 'Object Repository/Page_The Story and Evolution of Doodles - G_6e786d/p_The first Doodle was a simple out-of-offi_345e61' is clicked on

07-06-2024T14:03:27 - [TEST_STEP][PASSED] - verifyElementVisible(findTestObject("Object Repository/Page_The Story and Evolution of Doodles - G_6e786d/h1_The story behind Doodles")): Object 'Object Repository/Page_The Story and Evolution of Doodles - G_6e786d/h1_The story behind Doodles' is visible

07-06-2024T14:03:27 - [MESSAGE][PASSED] - Object 'Object Repository/Page_The Story and Evolution of Doodles - G_6e786d/h1_The story behind Doodles' is visible

07-06-2024T14:03:27 - [TEST_STEP][PASSED] - verifyElementVisible(findTestObject("Object Repository/Page_The Story and Evolution of Doodles - G_6e786d/p_The first Doodle was a simple out-of-offi_345e61")): Object 'Object Repository/Page_The Story and Evolution of Doodles - G_6e786d/p_The first Doodle was a simple out-of-offi_345e61' is visible

07-06-2024T14:03:27 - [MESSAGE][PASSED] - Object 'Object Repository/Page_The Story and Evolution of Doodles - G_6e786d/p_The first Doodle was a simple out-of-offi_345e61' is visible

07-06-2024T14:03:27 - [TEST_STEP][PASSED] - verifyElementVisible(findTestObject("Object Repository/Page_The Story and Evolution of Doodles - G_6e786d/h2_Weve created more than 5,000 Doodles ove_111429")): Object 'Object Repository/Page_The Story and Evolution of Doodles - G_6e786d/h2_Weve created more than 5,000 Doodles ove_111429' is visible

07-06-2024T14:03:27 - [MESSAGE][PASSED] - Object 'Object Repository/Page_The Story and Evolution of Doodles - G_6e786d/h2_Weve created more than 5,000 Doodles ove_111429' is visible

07-06-2024T14:03:27 - [TEST_STEP][PASSED] - click(findTestObject("Object Repository/Page_The Story and Evolution of Doodles - G_6e786d/p_The first Doodle was a simple out-of-offi_345e61")): Object: 'Object Repository/Page_The Story and Evolution of Doodles - G_6e786d/p_The first Doodle was a simple out-of-offi_345e61' is clicked on

07-06-2024T14:03:27 - [MESSAGE][PASSED] - Object: 'Object Repository/Page_The Story and Evolution of Doodles - G_6e786d/p_The first Doodle was a simple out-of-offi_345e61' is clicked on

07-06-2024T14:03:27 - [TEST_STEP][PASSED] - verifyElementVisible(findTestObject("Object Repository/Page_The Story and Evolution of Doodles - G_6e786d/h1_The story behind Doodles")): Object 'Object Repository/Page_The Story and Evolution of Doodles - G_6e786d/h1_The story behind Doodles' is visible

07-06-2024T14:03:27 - [MESSAGE][PASSED] - Object 'Object Repository/Page_The Story and Evolution of Doodles - G_6e786d/h1_The story behind Doodles' is visible

07-06-2024T14:03:27 - [TEST_STEP][PASSED] - verifyElementVisible(findTestObject("Object Repository/Page_The Story and Evolution of Doodles - G_6e786d/p_The first Doodle was a simple out-of-offi_345e61")): Object 'Object Repository/Page_The Story and Evolution of Doodles - G_6e786d/p_The first Doodle was a simple out-of-offi_345e61' is visible

07-06-2024T14:03:27 - [MESSAGE][PASSED] - Object 'Object Repository/Page_The Story and Evolution of Doodles - G_6e786d/p_The first Doodle was a simple out-of-offi_345e61' is visible

07-06-2024T14:03:27 - [TEST_STEP][PASSED] - verifyElementVisible(findTestObject("Object Repository/Page_The Story and Evolution of Doodles - G_6e786d/h2_Weve created more than 5,000 Doodles ove_111429")): Object 'Object Repository/Page_The Story and Evolution of Doodles - G_6e786d/h2_Weve created more than 5,000 Doodles ove_111429' is visible

07-06-2024T14:03:27 - [MESSAGE][PASSED] - Object 'Object Repository/Page_The Story and Evolution of Doodles - G_6e786d/h2_Weve created more than 5,000 Doodles ove_111429' is visible

07-06-2024T14:03:27 - [TEST_STEP][PASSED] - click(findTestObject("Object Repository/Page_The Story and Evolution of Doodles - G_6e786d/p_The first Doodle was a simple out-of-offi_345e61")): Object: 'Object Repository/Page_The Story and Evolution of Doodles - G_6e786d/p_The first Doodle was a simple out-of-offi_345e61' is clicked on

07-06-2024T14:03:27 - [MESSAGE][PASSED] - Object: 'Object Repository/Page_The Story and Evolution of Doodles - G_6e786d/p_The first Doodle was a simple out-of-offi_345e61' is clicked on

07-06-2024T14:03:27 - [TEST_STEP][PASSED] - verifyElementVisible(findTestObject("Object Repository/Page_The Story and Evolution of Doodles - G_6e786d/h1_The story behind Doodles")): Object 'Object Repository/Page_The Story and Evolution of Doodles - G_6e786d/h1_The story behind Doodles' is visible

07-06-2024T14:03:27 - [MESSAGE][PASSED] - Object 'Object Repository/Page_The Story and Evolution of Doodles - G_6e786d/h1_The story behind Doodles' is visible

07-06-2024T14:03:27 - [TEST_STEP][PASSED] - verifyElementVisible(findTestObject("Object Repository/Page_The Story and Evolution of Doodles - G_6e786d/p_The first Doodle was a simple out-of-offi_345e61")): Object 'Object Repository/Page_The Story and Evolution of Doodles - G_6e786d/p_The first Doodle was a simple out-of-offi_345e61' is visible

07-06-2024T14:03:27 - [MESSAGE][PASSED] - Object 'Object Repository/Page_The Story and Evolution of Doodles - G_6e786d/p_The first Doodle was a simple out-of-offi_345e61' is visible

07-06-2024T14:03:27 - [TEST_STEP][PASSED] - verifyElementVisible(findTestObject("Object Repository/Page_The Story and Evolution of Doodles - G_6e786d/h2_Weve created more than 5,000 Doodles ove_111429")): Object 'Object Repository/Page_The Story and Evolution of Doodles - G_6e786d/h2_Weve created more than 5,000 Doodles ove_111429' is visible

07-06-2024T14:03:27 - [MESSAGE][PASSED] - Object 'Object Repository/Page_The Story and Evolution of Doodles - G_6e786d/h2_Weve created more than 5,000 Doodles ove_111429' is visible

07-06-2024T14:03:27 - [TEST_STEP][PASSED] - click(findTestObject("Object Repository/Page_The Story and Evolution of Doodles - G_6e786d/p_The first Doodle was a simple out-of-offi_345e61")): Object: 'Object Repository/Page_The Story and Evolution of Doodles - G_6e786d/p_The first Doodle was a simple out-of-offi_345e61' is clicked on

07-06-2024T14:03:28 - [MESSAGE][PASSED] - Object: 'Object Repository/Page_The Story and Evolution of Doodles - G_6e786d/p_The first Doodle was a simple out-of-offi_345e61' is clicked on

07-06-2024T14:03:28 - [TEST_STEP][PASSED] - verifyElementVisible(findTestObject("Object Repository/Page_The Story and Evolution of Doodles - G_6e786d/h1_The story behind Doodles")): Object 'Object Repository/Page_The Story and Evolution of Doodles - G_6e786d/h1_The story behind Doodles' is visible

07-06-2024T14:03:28 - [MESSAGE][PASSED] - Object 'Object Repository/Page_The Story and Evolution of Doodles - G_6e786d/h1_The story behind Doodles' is visible

07-06-2024T14:03:28 - [TEST_STEP][PASSED] - verifyElementVisible(findTestObject("Object Repository/Page_The Story and Evolution of Doodles - G_6e786d/p_The first Doodle was a simple out-of-offi_345e61")): Object 'Object Repository/Page_The Story and Evolution of Doodles - G_6e786d/p_The first Doodle was a simple out-of-offi_345e61' is visible

07-06-2024T14:03:28 - [MESSAGE][PASSED] - Object 'Object Repository/Page_The Story and Evolution of Doodles - G_6e786d/p_The first Doodle was a simple out-of-offi_345e61' is visible

07-06-2024T14:03:28 - [TEST_STEP][PASSED] - verifyElementVisible(findTestObject("Object Repository/Page_The Story and Evolution of Doodles - G_6e786d/h2_Weve created more than 5,000 Doodles ove_111429")): Object 'Object Repository/Page_The Story and Evolution of Doodles - G_6e786d/h2_Weve created more than 5,000 Doodles ove_111429' is visible

07-06-2024T14:03:28 - [MESSAGE][PASSED] - Object 'Object Repository/Page_The Story and Evolution of Doodles - G_6e786d/h2_Weve created more than 5,000 Doodles ove_111429' is visible]]></system-out>
         <system-err><![CDATA[]]></system-err>
      </testcase>
      <testcase name="Test Cases/test case folder 1/tc1 - Copy - Copy" time="8.228" classname="Test Cases/test case folder 1/tc1 - Copy - Copy" status="PASSED">
         <system-out><![CDATA[07-06-2024T14:03:28 - [TEST_CASE][PASSED] - Test Cases/test case folder 1/tc1 - Copy - Copy: Test Cases/test case folder 1/tc1 - Copy - Copy

07-06-2024T14:03:28 - [TEST_STEP][PASSED] - openBrowser(""): Browser is opened with url: ''

07-06-2024T14:03:28 - [MESSAGE][WARNING] - A browser is already opened. Closing browser and opening a new one

07-06-2024T14:03:29 - [MESSAGE][INFO] - Starting 'Firefox (headless)' driver

07-06-2024T14:03:29 - [MESSAGE][INFO] - Action delay is set to 0 milliseconds

07-06-2024T14:03:31 - [MESSAGE][PASSED] - Browser is opened with url: ''

07-06-2024T14:03:31 - [TEST_STEP][PASSED] - navigateToUrl("https://doodles.google/about/"): Navigate to 'https://doodles.google/about/' successfully

07-06-2024T14:03:32 - [MESSAGE][PASSED] - Navigate to 'https://doodles.google/about/' successfully

07-06-2024T14:03:32 - [TEST_STEP][PASSED] - click(findTestObject("Object Repository/Page_The Story and Evolution of Doodles - G_6e786d/p_The first Doodle was a simple out-of-offi_345e61")): Object: 'Object Repository/Page_The Story and Evolution of Doodles - G_6e786d/p_The first Doodle was a simple out-of-offi_345e61' is clicked on

07-06-2024T14:03:33 - [MESSAGE][PASSED] - Object: 'Object Repository/Page_The Story and Evolution of Doodles - G_6e786d/p_The first Doodle was a simple out-of-offi_345e61' is clicked on

07-06-2024T14:03:33 - [TEST_STEP][PASSED] - click(findTestObject("Object Repository/Page_The Story and Evolution of Doodles - G_6e786d/p_The first Doodle was a simple out-of-offi_345e61")): Object: 'Object Repository/Page_The Story and Evolution of Doodles - G_6e786d/p_The first Doodle was a simple out-of-offi_345e61' is clicked on

07-06-2024T14:03:33 - [MESSAGE][PASSED] - Object: 'Object Repository/Page_The Story and Evolution of Doodles - G_6e786d/p_The first Doodle was a simple out-of-offi_345e61' is clicked on

07-06-2024T14:03:33 - [TEST_STEP][PASSED] - verifyElementVisible(findTestObject("Object Repository/Page_The Story and Evolution of Doodles - G_6e786d/h1_The story behind Doodles")): Object 'Object Repository/Page_The Story and Evolution of Doodles - G_6e786d/h1_The story behind Doodles' is visible

07-06-2024T14:03:33 - [MESSAGE][PASSED] - Object 'Object Repository/Page_The Story and Evolution of Doodles - G_6e786d/h1_The story behind Doodles' is visible

07-06-2024T14:03:33 - [TEST_STEP][PASSED] - verifyElementVisible(findTestObject("Object Repository/Page_The Story and Evolution of Doodles - G_6e786d/p_The first Doodle was a simple out-of-offi_345e61")): Object 'Object Repository/Page_The Story and Evolution of Doodles - G_6e786d/p_The first Doodle was a simple out-of-offi_345e61' is visible

07-06-2024T14:03:33 - [MESSAGE][PASSED] - Object 'Object Repository/Page_The Story and Evolution of Doodles - G_6e786d/p_The first Doodle was a simple out-of-offi_345e61' is visible

07-06-2024T14:03:33 - [TEST_STEP][PASSED] - verifyElementVisible(findTestObject("Object Repository/Page_The Story and Evolution of Doodles - G_6e786d/h2_Weve created more than 5,000 Doodles ove_111429")): Object 'Object Repository/Page_The Story and Evolution of Doodles - G_6e786d/h2_Weve created more than 5,000 Doodles ove_111429' is visible

07-06-2024T14:03:33 - [MESSAGE][PASSED] - Object 'Object Repository/Page_The Story and Evolution of Doodles - G_6e786d/h2_Weve created more than 5,000 Doodles ove_111429' is visible

07-06-2024T14:03:33 - [TEST_STEP][PASSED] - verifyElementVisible(findTestObject("Object Repository/Page_The Story and Evolution of Doodles - G_6e786d/h1_The story behind Doodles")): Object 'Object Repository/Page_The Story and Evolution of Doodles - G_6e786d/h1_The story behind Doodles' is visible

07-06-2024T14:03:33 - [MESSAGE][PASSED] - Object 'Object Repository/Page_The Story and Evolution of Doodles - G_6e786d/h1_The story behind Doodles' is visible

07-06-2024T14:03:33 - [TEST_STEP][PASSED] - verifyElementVisible(findTestObject("Object Repository/Page_The Story and Evolution of Doodles - G_6e786d/p_The first Doodle was a simple out-of-offi_345e61")): Object 'Object Repository/Page_The Story and Evolution of Doodles - G_6e786d/p_The first Doodle was a simple out-of-offi_345e61' is visible

07-06-2024T14:03:33 - [MESSAGE][PASSED] - Object 'Object Repository/Page_The Story and Evolution of Doodles - G_6e786d/p_The first Doodle was a simple out-of-offi_345e61' is visible

07-06-2024T14:03:33 - [TEST_STEP][PASSED] - verifyElementVisible(findTestObject("Object Repository/Page_The Story and Evolution of Doodles - G_6e786d/h2_Weve created more than 5,000 Doodles ove_111429")): Object 'Object Repository/Page_The Story and Evolution of Doodles - G_6e786d/h2_Weve created more than 5,000 Doodles ove_111429' is visible

07-06-2024T14:03:33 - [MESSAGE][PASSED] - Object 'Object Repository/Page_The Story and Evolution of Doodles - G_6e786d/h2_Weve created more than 5,000 Doodles ove_111429' is visible

07-06-2024T14:03:33 - [TEST_STEP][PASSED] - click(findTestObject("Object Repository/Page_The Story and Evolution of Doodles - G_6e786d/p_The first Doodle was a simple out-of-offi_345e61")): Object: 'Object Repository/Page_The Story and Evolution of Doodles - G_6e786d/p_The first Doodle was a simple out-of-offi_345e61' is clicked on

07-06-2024T14:03:33 - [MESSAGE][PASSED] - Object: 'Object Repository/Page_The Story and Evolution of Doodles - G_6e786d/p_The first Doodle was a simple out-of-offi_345e61' is clicked on

07-06-2024T14:03:33 - [TEST_STEP][PASSED] - verifyElementVisible(findTestObject("Object Repository/Page_The Story and Evolution of Doodles - G_6e786d/h1_The story behind Doodles")): Object 'Object Repository/Page_The Story and Evolution of Doodles - G_6e786d/h1_The story behind Doodles' is visible

07-06-2024T14:03:33 - [MESSAGE][PASSED] - Object 'Object Repository/Page_The Story and Evolution of Doodles - G_6e786d/h1_The story behind Doodles' is visible

07-06-2024T14:03:33 - [TEST_STEP][PASSED] - verifyElementVisible(findTestObject("Object Repository/Page_The Story and Evolution of Doodles - G_6e786d/p_The first Doodle was a simple out-of-offi_345e61")): Object 'Object Repository/Page_The Story and Evolution of Doodles - G_6e786d/p_The first Doodle was a simple out-of-offi_345e61' is visible

07-06-2024T14:03:33 - [MESSAGE][PASSED] - Object 'Object Repository/Page_The Story and Evolution of Doodles - G_6e786d/p_The first Doodle was a simple out-of-offi_345e61' is visible

07-06-2024T14:03:33 - [TEST_STEP][PASSED] - verifyElementVisible(findTestObject("Object Repository/Page_The Story and Evolution of Doodles - G_6e786d/h2_Weve created more than 5,000 Doodles ove_111429")): Object 'Object Repository/Page_The Story and Evolution of Doodles - G_6e786d/h2_Weve created more than 5,000 Doodles ove_111429' is visible

07-06-2024T14:03:33 - [MESSAGE][PASSED] - Object 'Object Repository/Page_The Story and Evolution of Doodles - G_6e786d/h2_Weve created more than 5,000 Doodles ove_111429' is visible

07-06-2024T14:03:33 - [TEST_STEP][PASSED] - click(findTestObject("Object Repository/Page_The Story and Evolution of Doodles - G_6e786d/p_The first Doodle was a simple out-of-offi_345e61")): Object: 'Object Repository/Page_The Story and Evolution of Doodles - G_6e786d/p_The first Doodle was a simple out-of-offi_345e61' is clicked on

07-06-2024T14:03:34 - [MESSAGE][PASSED] - Object: 'Object Repository/Page_The Story and Evolution of Doodles - G_6e786d/p_The first Doodle was a simple out-of-offi_345e61' is clicked on

07-06-2024T14:03:34 - [TEST_STEP][PASSED] - verifyElementVisible(findTestObject("Object Repository/Page_The Story and Evolution of Doodles - G_6e786d/h1_The story behind Doodles")): Object 'Object Repository/Page_The Story and Evolution of Doodles - G_6e786d/h1_The story behind Doodles' is visible

07-06-2024T14:03:34 - [MESSAGE][PASSED] - Object 'Object Repository/Page_The Story and Evolution of Doodles - G_6e786d/h1_The story behind Doodles' is visible

07-06-2024T14:03:34 - [TEST_STEP][PASSED] - verifyElementVisible(findTestObject("Object Repository/Page_The Story and Evolution of Doodles - G_6e786d/p_The first Doodle was a simple out-of-offi_345e61")): Object 'Object Repository/Page_The Story and Evolution of Doodles - G_6e786d/p_The first Doodle was a simple out-of-offi_345e61' is visible

07-06-2024T14:03:34 - [MESSAGE][PASSED] - Object 'Object Repository/Page_The Story and Evolution of Doodles - G_6e786d/p_The first Doodle was a simple out-of-offi_345e61' is visible

07-06-2024T14:03:34 - [TEST_STEP][PASSED] - verifyElementVisible(findTestObject("Object Repository/Page_The Story and Evolution of Doodles - G_6e786d/h2_Weve created more than 5,000 Doodles ove_111429")): Object 'Object Repository/Page_The Story and Evolution of Doodles - G_6e786d/h2_Weve created more than 5,000 Doodles ove_111429' is visible

07-06-2024T14:03:34 - [MESSAGE][PASSED] - Object 'Object Repository/Page_The Story and Evolution of Doodles - G_6e786d/h2_Weve created more than 5,000 Doodles ove_111429' is visible

07-06-2024T14:03:34 - [TEST_STEP][PASSED] - click(findTestObject("Object Repository/Page_The Story and Evolution of Doodles - G_6e786d/p_The first Doodle was a simple out-of-offi_345e61")): Object: 'Object Repository/Page_The Story and Evolution of Doodles - G_6e786d/p_The first Doodle was a simple out-of-offi_345e61' is clicked on

07-06-2024T14:03:34 - [MESSAGE][PASSED] - Object: 'Object Repository/Page_The Story and Evolution of Doodles - G_6e786d/p_The first Doodle was a simple out-of-offi_345e61' is clicked on

07-06-2024T14:03:34 - [TEST_STEP][PASSED] - verifyElementVisible(findTestObject("Object Repository/Page_The Story and Evolution of Doodles - G_6e786d/h1_The story behind Doodles")): Object 'Object Repository/Page_The Story and Evolution of Doodles - G_6e786d/h1_The story behind Doodles' is visible

07-06-2024T14:03:34 - [MESSAGE][PASSED] - Object 'Object Repository/Page_The Story and Evolution of Doodles - G_6e786d/h1_The story behind Doodles' is visible

07-06-2024T14:03:34 - [TEST_STEP][PASSED] - verifyElementVisible(findTestObject("Object Repository/Page_The Story and Evolution of Doodles - G_6e786d/p_The first Doodle was a simple out-of-offi_345e61")): Object 'Object Repository/Page_The Story and Evolution of Doodles - G_6e786d/p_The first Doodle was a simple out-of-offi_345e61' is visible

07-06-2024T14:03:34 - [MESSAGE][PASSED] - Object 'Object Repository/Page_The Story and Evolution of Doodles - G_6e786d/p_The first Doodle was a simple out-of-offi_345e61' is visible

07-06-2024T14:03:34 - [TEST_STEP][PASSED] - verifyElementVisible(findTestObject("Object Repository/Page_The Story and Evolution of Doodles - G_6e786d/h2_Weve created more than 5,000 Doodles ove_111429")): Object 'Object Repository/Page_The Story and Evolution of Doodles - G_6e786d/h2_Weve created more than 5,000 Doodles ove_111429' is visible

07-06-2024T14:03:34 - [MESSAGE][PASSED] - Object 'Object Repository/Page_The Story and Evolution of Doodles - G_6e786d/h2_Weve created more than 5,000 Doodles ove_111429' is visible

07-06-2024T14:03:34 - [TEST_STEP][PASSED] - click(findTestObject("Object Repository/Page_The Story and Evolution of Doodles - G_6e786d/p_The first Doodle was a simple out-of-offi_345e61")): Object: 'Object Repository/Page_The Story and Evolution of Doodles - G_6e786d/p_The first Doodle was a simple out-of-offi_345e61' is clicked on

07-06-2024T14:03:34 - [MESSAGE][PASSED] - Object: 'Object Repository/Page_The Story and Evolution of Doodles - G_6e786d/p_The first Doodle was a simple out-of-offi_345e61' is clicked on

07-06-2024T14:03:34 - [TEST_STEP][PASSED] - verifyElementVisible(findTestObject("Object Repository/Page_The Story and Evolution of Doodles - G_6e786d/h1_The story behind Doodles")): Object 'Object Repository/Page_The Story and Evolution of Doodles - G_6e786d/h1_The story behind Doodles' is visible

07-06-2024T14:03:34 - [MESSAGE][PASSED] - Object 'Object Repository/Page_The Story and Evolution of Doodles - G_6e786d/h1_The story behind Doodles' is visible

07-06-2024T14:03:34 - [TEST_STEP][PASSED] - verifyElementVisible(findTestObject("Object Repository/Page_The Story and Evolution of Doodles - G_6e786d/p_The first Doodle was a simple out-of-offi_345e61")): Object 'Object Repository/Page_The Story and Evolution of Doodles - G_6e786d/p_The first Doodle was a simple out-of-offi_345e61' is visible

07-06-2024T14:03:34 - [MESSAGE][PASSED] - Object 'Object Repository/Page_The Story and Evolution of Doodles - G_6e786d/p_The first Doodle was a simple out-of-offi_345e61' is visible

07-06-2024T14:03:34 - [TEST_STEP][PASSED] - verifyElementVisible(findTestObject("Object Repository/Page_The Story and Evolution of Doodles - G_6e786d/h2_Weve created more than 5,000 Doodles ove_111429")): Object 'Object Repository/Page_The Story and Evolution of Doodles - G_6e786d/h2_Weve created more than 5,000 Doodles ove_111429' is visible

07-06-2024T14:03:34 - [MESSAGE][PASSED] - Object 'Object Repository/Page_The Story and Evolution of Doodles - G_6e786d/h2_Weve created more than 5,000 Doodles ove_111429' is visible

07-06-2024T14:03:34 - [TEST_STEP][PASSED] - click(findTestObject("Object Repository/Page_The Story and Evolution of Doodles - G_6e786d/p_The first Doodle was a simple out-of-offi_345e61")): Object: 'Object Repository/Page_The Story and Evolution of Doodles - G_6e786d/p_The first Doodle was a simple out-of-offi_345e61' is clicked on

07-06-2024T14:03:34 - [MESSAGE][PASSED] - Object: 'Object Repository/Page_The Story and Evolution of Doodles - G_6e786d/p_The first Doodle was a simple out-of-offi_345e61' is clicked on

07-06-2024T14:03:34 - [TEST_STEP][PASSED] - verifyElementVisible(findTestObject("Object Repository/Page_The Story and Evolution of Doodles - G_6e786d/h1_The story behind Doodles")): Object 'Object Repository/Page_The Story and Evolution of Doodles - G_6e786d/h1_The story behind Doodles' is visible

07-06-2024T14:03:35 - [MESSAGE][PASSED] - Object 'Object Repository/Page_The Story and Evolution of Doodles - G_6e786d/h1_The story behind Doodles' is visible

07-06-2024T14:03:35 - [TEST_STEP][PASSED] - verifyElementVisible(findTestObject("Object Repository/Page_The Story and Evolution of Doodles - G_6e786d/p_The first Doodle was a simple out-of-offi_345e61")): Object 'Object Repository/Page_The Story and Evolution of Doodles - G_6e786d/p_The first Doodle was a simple out-of-offi_345e61' is visible

07-06-2024T14:03:35 - [MESSAGE][PASSED] - Object 'Object Repository/Page_The Story and Evolution of Doodles - G_6e786d/p_The first Doodle was a simple out-of-offi_345e61' is visible

07-06-2024T14:03:35 - [TEST_STEP][PASSED] - verifyElementVisible(findTestObject("Object Repository/Page_The Story and Evolution of Doodles - G_6e786d/h2_Weve created more than 5,000 Doodles ove_111429")): Object 'Object Repository/Page_The Story and Evolution of Doodles - G_6e786d/h2_Weve created more than 5,000 Doodles ove_111429' is visible

07-06-2024T14:03:35 - [MESSAGE][PASSED] - Object 'Object Repository/Page_The Story and Evolution of Doodles - G_6e786d/h2_Weve created more than 5,000 Doodles ove_111429' is visible

07-06-2024T14:03:35 - [TEST_STEP][PASSED] - click(findTestObject("Object Repository/Page_The Story and Evolution of Doodles - G_6e786d/p_The first Doodle was a simple out-of-offi_345e61")): Object: 'Object Repository/Page_The Story and Evolution of Doodles - G_6e786d/p_The first Doodle was a simple out-of-offi_345e61' is clicked on

07-06-2024T14:03:35 - [MESSAGE][PASSED] - Object: 'Object Repository/Page_The Story and Evolution of Doodles - G_6e786d/p_The first Doodle was a simple out-of-offi_345e61' is clicked on

07-06-2024T14:03:35 - [TEST_STEP][PASSED] - verifyElementVisible(findTestObject("Object Repository/Page_The Story and Evolution of Doodles - G_6e786d/h1_The story behind Doodles")): Object 'Object Repository/Page_The Story and Evolution of Doodles - G_6e786d/h1_The story behind Doodles' is visible

07-06-2024T14:03:35 - [MESSAGE][PASSED] - Object 'Object Repository/Page_The Story and Evolution of Doodles - G_6e786d/h1_The story behind Doodles' is visible

07-06-2024T14:03:35 - [TEST_STEP][PASSED] - verifyElementVisible(findTestObject("Object Repository/Page_The Story and Evolution of Doodles - G_6e786d/p_The first Doodle was a simple out-of-offi_345e61")): Object 'Object Repository/Page_The Story and Evolution of Doodles - G_6e786d/p_The first Doodle was a simple out-of-offi_345e61' is visible

07-06-2024T14:03:35 - [MESSAGE][PASSED] - Object 'Object Repository/Page_The Story and Evolution of Doodles - G_6e786d/p_The first Doodle was a simple out-of-offi_345e61' is visible

07-06-2024T14:03:35 - [TEST_STEP][PASSED] - verifyElementVisible(findTestObject("Object Repository/Page_The Story and Evolution of Doodles - G_6e786d/h2_Weve created more than 5,000 Doodles ove_111429")): Object 'Object Repository/Page_The Story and Evolution of Doodles - G_6e786d/h2_Weve created more than 5,000 Doodles ove_111429' is visible

07-06-2024T14:03:35 - [MESSAGE][PASSED] - Object 'Object Repository/Page_The Story and Evolution of Doodles - G_6e786d/h2_Weve created more than 5,000 Doodles ove_111429' is visible

07-06-2024T14:03:35 - [TEST_STEP][PASSED] - click(findTestObject("Object Repository/Page_The Story and Evolution of Doodles - G_6e786d/p_The first Doodle was a simple out-of-offi_345e61")): Object: 'Object Repository/Page_The Story and Evolution of Doodles - G_6e786d/p_The first Doodle was a simple out-of-offi_345e61' is clicked on

07-06-2024T14:03:35 - [MESSAGE][PASSED] - Object: 'Object Repository/Page_The Story and Evolution of Doodles - G_6e786d/p_The first Doodle was a simple out-of-offi_345e61' is clicked on

07-06-2024T14:03:35 - [TEST_STEP][PASSED] - verifyElementVisible(findTestObject("Object Repository/Page_The Story and Evolution of Doodles - G_6e786d/h1_The story behind Doodles")): Object 'Object Repository/Page_The Story and Evolution of Doodles - G_6e786d/h1_The story behind Doodles' is visible

07-06-2024T14:03:35 - [MESSAGE][PASSED] - Object 'Object Repository/Page_The Story and Evolution of Doodles - G_6e786d/h1_The story behind Doodles' is visible

07-06-2024T14:03:35 - [TEST_STEP][PASSED] - verifyElementVisible(findTestObject("Object Repository/Page_The Story and Evolution of Doodles - G_6e786d/p_The first Doodle was a simple out-of-offi_345e61")): Object 'Object Repository/Page_The Story and Evolution of Doodles - G_6e786d/p_The first Doodle was a simple out-of-offi_345e61' is visible

07-06-2024T14:03:35 - [MESSAGE][PASSED] - Object 'Object Repository/Page_The Story and Evolution of Doodles - G_6e786d/p_The first Doodle was a simple out-of-offi_345e61' is visible

07-06-2024T14:03:35 - [TEST_STEP][PASSED] - verifyElementVisible(findTestObject("Object Repository/Page_The Story and Evolution of Doodles - G_6e786d/h2_Weve created more than 5,000 Doodles ove_111429")): Object 'Object Repository/Page_The Story and Evolution of Doodles - G_6e786d/h2_Weve created more than 5,000 Doodles ove_111429' is visible

07-06-2024T14:03:35 - [MESSAGE][PASSED] - Object 'Object Repository/Page_The Story and Evolution of Doodles - G_6e786d/h2_Weve created more than 5,000 Doodles ove_111429' is visible

07-06-2024T14:03:35 - [TEST_STEP][PASSED] - click(findTestObject("Object Repository/Page_The Story and Evolution of Doodles - G_6e786d/p_The first Doodle was a simple out-of-offi_345e61")): Object: 'Object Repository/Page_The Story and Evolution of Doodles - G_6e786d/p_The first Doodle was a simple out-of-offi_345e61' is clicked on

07-06-2024T14:03:35 - [MESSAGE][PASSED] - Object: 'Object Repository/Page_The Story and Evolution of Doodles - G_6e786d/p_The first Doodle was a simple out-of-offi_345e61' is clicked on

07-06-2024T14:03:35 - [TEST_STEP][PASSED] - verifyElementVisible(findTestObject("Object Repository/Page_The Story and Evolution of Doodles - G_6e786d/h1_The story behind Doodles")): Object 'Object Repository/Page_The Story and Evolution of Doodles - G_6e786d/h1_The story behind Doodles' is visible

07-06-2024T14:03:35 - [MESSAGE][PASSED] - Object 'Object Repository/Page_The Story and Evolution of Doodles - G_6e786d/h1_The story behind Doodles' is visible

07-06-2024T14:03:35 - [TEST_STEP][PASSED] - verifyElementVisible(findTestObject("Object Repository/Page_The Story and Evolution of Doodles - G_6e786d/p_The first Doodle was a simple out-of-offi_345e61")): Object 'Object Repository/Page_The Story and Evolution of Doodles - G_6e786d/p_The first Doodle was a simple out-of-offi_345e61' is visible

07-06-2024T14:03:35 - [MESSAGE][PASSED] - Object 'Object Repository/Page_The Story and Evolution of Doodles - G_6e786d/p_The first Doodle was a simple out-of-offi_345e61' is visible

07-06-2024T14:03:35 - [TEST_STEP][PASSED] - verifyElementVisible(findTestObject("Object Repository/Page_The Story and Evolution of Doodles - G_6e786d/h2_Weve created more than 5,000 Doodles ove_111429")): Object 'Object Repository/Page_The Story and Evolution of Doodles - G_6e786d/h2_Weve created more than 5,000 Doodles ove_111429' is visible

07-06-2024T14:03:36 - [MESSAGE][PASSED] - Object 'Object Repository/Page_The Story and Evolution of Doodles - G_6e786d/h2_Weve created more than 5,000 Doodles ove_111429' is visible

07-06-2024T14:03:36 - [TEST_STEP][PASSED] - click(findTestObject("Object Repository/Page_The Story and Evolution of Doodles - G_6e786d/p_The first Doodle was a simple out-of-offi_345e61")): Object: 'Object Repository/Page_The Story and Evolution of Doodles - G_6e786d/p_The first Doodle was a simple out-of-offi_345e61' is clicked on

07-06-2024T14:03:36 - [MESSAGE][PASSED] - Object: 'Object Repository/Page_The Story and Evolution of Doodles - G_6e786d/p_The first Doodle was a simple out-of-offi_345e61' is clicked on

07-06-2024T14:03:36 - [TEST_STEP][PASSED] - verifyElementVisible(findTestObject("Object Repository/Page_The Story and Evolution of Doodles - G_6e786d/h1_The story behind Doodles")): Object 'Object Repository/Page_The Story and Evolution of Doodles - G_6e786d/h1_The story behind Doodles' is visible

07-06-2024T14:03:36 - [MESSAGE][PASSED] - Object 'Object Repository/Page_The Story and Evolution of Doodles - G_6e786d/h1_The story behind Doodles' is visible

07-06-2024T14:03:36 - [TEST_STEP][PASSED] - verifyElementVisible(findTestObject("Object Repository/Page_The Story and Evolution of Doodles - G_6e786d/p_The first Doodle was a simple out-of-offi_345e61")): Object 'Object Repository/Page_The Story and Evolution of Doodles - G_6e786d/p_The first Doodle was a simple out-of-offi_345e61' is visible

07-06-2024T14:03:36 - [MESSAGE][PASSED] - Object 'Object Repository/Page_The Story and Evolution of Doodles - G_6e786d/p_The first Doodle was a simple out-of-offi_345e61' is visible

07-06-2024T14:03:36 - [TEST_STEP][PASSED] - verifyElementVisible(findTestObject("Object Repository/Page_The Story and Evolution of Doodles - G_6e786d/h2_Weve created more than 5,000 Doodles ove_111429")): Object 'Object Repository/Page_The Story and Evolution of Doodles - G_6e786d/h2_Weve created more than 5,000 Doodles ove_111429' is visible

07-06-2024T14:03:36 - [MESSAGE][PASSED] - Object 'Object Repository/Page_The Story and Evolution of Doodles - G_6e786d/h2_Weve created more than 5,000 Doodles ove_111429' is visible]]></system-out>
         <system-err><![CDATA[]]></system-err>
      </testcase>
      <testcase name="Test Cases/test case folder 1/tc1 - Copy (1) - Copy (1)" time="8.344" classname="Test Cases/test case folder 1/tc1 - Copy (1) - Copy (1)" status="PASSED">
         <system-out><![CDATA[07-06-2024T14:03:36 - [TEST_CASE][PASSED] - Test Cases/test case folder 1/tc1 - Copy (1) - Copy (1): Test Cases/test case folder 1/tc1 - Copy (1) - Copy (1)

07-06-2024T14:03:36 - [TEST_STEP][PASSED] - openBrowser(""): Browser is opened with url: ''

07-06-2024T14:03:36 - [MESSAGE][WARNING] - A browser is already opened. Closing browser and opening a new one

07-06-2024T14:03:37 - [MESSAGE][INFO] - Starting 'Firefox (headless)' driver

07-06-2024T14:03:37 - [MESSAGE][INFO] - Action delay is set to 0 milliseconds

07-06-2024T14:03:39 - [MESSAGE][PASSED] - Browser is opened with url: ''

07-06-2024T14:03:39 - [TEST_STEP][PASSED] - navigateToUrl("https://doodles.google/about/"): Navigate to 'https://doodles.google/about/' successfully

07-06-2024T14:03:40 - [MESSAGE][PASSED] - Navigate to 'https://doodles.google/about/' successfully

07-06-2024T14:03:40 - [TEST_STEP][PASSED] - click(findTestObject("Object Repository/Page_The Story and Evolution of Doodles - G_6e786d/p_The first Doodle was a simple out-of-offi_345e61")): Object: 'Object Repository/Page_The Story and Evolution of Doodles - G_6e786d/p_The first Doodle was a simple out-of-offi_345e61' is clicked on

07-06-2024T14:03:41 - [MESSAGE][PASSED] - Object: 'Object Repository/Page_The Story and Evolution of Doodles - G_6e786d/p_The first Doodle was a simple out-of-offi_345e61' is clicked on

07-06-2024T14:03:41 - [TEST_STEP][PASSED] - click(findTestObject("Object Repository/Page_The Story and Evolution of Doodles - G_6e786d/p_The first Doodle was a simple out-of-offi_345e61")): Object: 'Object Repository/Page_The Story and Evolution of Doodles - G_6e786d/p_The first Doodle was a simple out-of-offi_345e61' is clicked on

07-06-2024T14:03:41 - [MESSAGE][PASSED] - Object: 'Object Repository/Page_The Story and Evolution of Doodles - G_6e786d/p_The first Doodle was a simple out-of-offi_345e61' is clicked on

07-06-2024T14:03:41 - [TEST_STEP][PASSED] - verifyElementVisible(findTestObject("Object Repository/Page_The Story and Evolution of Doodles - G_6e786d/h1_The story behind Doodles")): Object 'Object Repository/Page_The Story and Evolution of Doodles - G_6e786d/h1_The story behind Doodles' is visible

07-06-2024T14:03:41 - [MESSAGE][PASSED] - Object 'Object Repository/Page_The Story and Evolution of Doodles - G_6e786d/h1_The story behind Doodles' is visible

07-06-2024T14:03:41 - [TEST_STEP][PASSED] - verifyElementVisible(findTestObject("Object Repository/Page_The Story and Evolution of Doodles - G_6e786d/p_The first Doodle was a simple out-of-offi_345e61")): Object 'Object Repository/Page_The Story and Evolution of Doodles - G_6e786d/p_The first Doodle was a simple out-of-offi_345e61' is visible

07-06-2024T14:03:41 - [MESSAGE][PASSED] - Object 'Object Repository/Page_The Story and Evolution of Doodles - G_6e786d/p_The first Doodle was a simple out-of-offi_345e61' is visible

07-06-2024T14:03:41 - [TEST_STEP][PASSED] - verifyElementVisible(findTestObject("Object Repository/Page_The Story and Evolution of Doodles - G_6e786d/h2_Weve created more than 5,000 Doodles ove_111429")): Object 'Object Repository/Page_The Story and Evolution of Doodles - G_6e786d/h2_Weve created more than 5,000 Doodles ove_111429' is visible

07-06-2024T14:03:41 - [MESSAGE][PASSED] - Object 'Object Repository/Page_The Story and Evolution of Doodles - G_6e786d/h2_Weve created more than 5,000 Doodles ove_111429' is visible

07-06-2024T14:03:41 - [TEST_STEP][PASSED] - verifyElementVisible(findTestObject("Object Repository/Page_The Story and Evolution of Doodles - G_6e786d/h1_The story behind Doodles")): Object 'Object Repository/Page_The Story and Evolution of Doodles - G_6e786d/h1_The story behind Doodles' is visible

07-06-2024T14:03:41 - [MESSAGE][PASSED] - Object 'Object Repository/Page_The Story and Evolution of Doodles - G_6e786d/h1_The story behind Doodles' is visible

07-06-2024T14:03:41 - [TEST_STEP][PASSED] - verifyElementVisible(findTestObject("Object Repository/Page_The Story and Evolution of Doodles - G_6e786d/p_The first Doodle was a simple out-of-offi_345e61")): Object 'Object Repository/Page_The Story and Evolution of Doodles - G_6e786d/p_The first Doodle was a simple out-of-offi_345e61' is visible

07-06-2024T14:03:41 - [MESSAGE][PASSED] - Object 'Object Repository/Page_The Story and Evolution of Doodles - G_6e786d/p_The first Doodle was a simple out-of-offi_345e61' is visible

07-06-2024T14:03:41 - [TEST_STEP][PASSED] - verifyElementVisible(findTestObject("Object Repository/Page_The Story and Evolution of Doodles - G_6e786d/h2_Weve created more than 5,000 Doodles ove_111429")): Object 'Object Repository/Page_The Story and Evolution of Doodles - G_6e786d/h2_Weve created more than 5,000 Doodles ove_111429' is visible

07-06-2024T14:03:41 - [MESSAGE][PASSED] - Object 'Object Repository/Page_The Story and Evolution of Doodles - G_6e786d/h2_Weve created more than 5,000 Doodles ove_111429' is visible

07-06-2024T14:03:41 - [TEST_STEP][PASSED] - click(findTestObject("Object Repository/Page_The Story and Evolution of Doodles - G_6e786d/p_The first Doodle was a simple out-of-offi_345e61")): Object: 'Object Repository/Page_The Story and Evolution of Doodles - G_6e786d/p_The first Doodle was a simple out-of-offi_345e61' is clicked on

07-06-2024T14:03:41 - [MESSAGE][PASSED] - Object: 'Object Repository/Page_The Story and Evolution of Doodles - G_6e786d/p_The first Doodle was a simple out-of-offi_345e61' is clicked on

07-06-2024T14:03:41 - [TEST_STEP][PASSED] - verifyElementVisible(findTestObject("Object Repository/Page_The Story and Evolution of Doodles - G_6e786d/h1_The story behind Doodles")): Object 'Object Repository/Page_The Story and Evolution of Doodles - G_6e786d/h1_The story behind Doodles' is visible

07-06-2024T14:03:41 - [MESSAGE][PASSED] - Object 'Object Repository/Page_The Story and Evolution of Doodles - G_6e786d/h1_The story behind Doodles' is visible

07-06-2024T14:03:41 - [TEST_STEP][PASSED] - verifyElementVisible(findTestObject("Object Repository/Page_The Story and Evolution of Doodles - G_6e786d/p_The first Doodle was a simple out-of-offi_345e61")): Object 'Object Repository/Page_The Story and Evolution of Doodles - G_6e786d/p_The first Doodle was a simple out-of-offi_345e61' is visible

07-06-2024T14:03:42 - [MESSAGE][PASSED] - Object 'Object Repository/Page_The Story and Evolution of Doodles - G_6e786d/p_The first Doodle was a simple out-of-offi_345e61' is visible

07-06-2024T14:03:42 - [TEST_STEP][PASSED] - verifyElementVisible(findTestObject("Object Repository/Page_The Story and Evolution of Doodles - G_6e786d/h2_Weve created more than 5,000 Doodles ove_111429")): Object 'Object Repository/Page_The Story and Evolution of Doodles - G_6e786d/h2_Weve created more than 5,000 Doodles ove_111429' is visible

07-06-2024T14:03:42 - [MESSAGE][PASSED] - Object 'Object Repository/Page_The Story and Evolution of Doodles - G_6e786d/h2_Weve created more than 5,000 Doodles ove_111429' is visible

07-06-2024T14:03:42 - [TEST_STEP][PASSED] - click(findTestObject("Object Repository/Page_The Story and Evolution of Doodles - G_6e786d/p_The first Doodle was a simple out-of-offi_345e61")): Object: 'Object Repository/Page_The Story and Evolution of Doodles - G_6e786d/p_The first Doodle was a simple out-of-offi_345e61' is clicked on

07-06-2024T14:03:42 - [MESSAGE][PASSED] - Object: 'Object Repository/Page_The Story and Evolution of Doodles - G_6e786d/p_The first Doodle was a simple out-of-offi_345e61' is clicked on

07-06-2024T14:03:42 - [TEST_STEP][PASSED] - verifyElementVisible(findTestObject("Object Repository/Page_The Story and Evolution of Doodles - G_6e786d/h1_The story behind Doodles")): Object 'Object Repository/Page_The Story and Evolution of Doodles - G_6e786d/h1_The story behind Doodles' is visible

07-06-2024T14:03:42 - [MESSAGE][PASSED] - Object 'Object Repository/Page_The Story and Evolution of Doodles - G_6e786d/h1_The story behind Doodles' is visible

07-06-2024T14:03:42 - [TEST_STEP][PASSED] - verifyElementVisible(findTestObject("Object Repository/Page_The Story and Evolution of Doodles - G_6e786d/p_The first Doodle was a simple out-of-offi_345e61")): Object 'Object Repository/Page_The Story and Evolution of Doodles - G_6e786d/p_The first Doodle was a simple out-of-offi_345e61' is visible

07-06-2024T14:03:42 - [MESSAGE][PASSED] - Object 'Object Repository/Page_The Story and Evolution of Doodles - G_6e786d/p_The first Doodle was a simple out-of-offi_345e61' is visible

07-06-2024T14:03:42 - [TEST_STEP][PASSED] - verifyElementVisible(findTestObject("Object Repository/Page_The Story and Evolution of Doodles - G_6e786d/h2_Weve created more than 5,000 Doodles ove_111429")): Object 'Object Repository/Page_The Story and Evolution of Doodles - G_6e786d/h2_Weve created more than 5,000 Doodles ove_111429' is visible

07-06-2024T14:03:42 - [MESSAGE][PASSED] - Object 'Object Repository/Page_The Story and Evolution of Doodles - G_6e786d/h2_Weve created more than 5,000 Doodles ove_111429' is visible

07-06-2024T14:03:42 - [TEST_STEP][PASSED] - click(findTestObject("Object Repository/Page_The Story and Evolution of Doodles - G_6e786d/p_The first Doodle was a simple out-of-offi_345e61")): Object: 'Object Repository/Page_The Story and Evolution of Doodles - G_6e786d/p_The first Doodle was a simple out-of-offi_345e61' is clicked on

07-06-2024T14:03:42 - [MESSAGE][PASSED] - Object: 'Object Repository/Page_The Story and Evolution of Doodles - G_6e786d/p_The first Doodle was a simple out-of-offi_345e61' is clicked on

07-06-2024T14:03:42 - [TEST_STEP][PASSED] - verifyElementVisible(findTestObject("Object Repository/Page_The Story and Evolution of Doodles - G_6e786d/h1_The story behind Doodles")): Object 'Object Repository/Page_The Story and Evolution of Doodles - G_6e786d/h1_The story behind Doodles' is visible

07-06-2024T14:03:42 - [MESSAGE][PASSED] - Object 'Object Repository/Page_The Story and Evolution of Doodles - G_6e786d/h1_The story behind Doodles' is visible

07-06-2024T14:03:42 - [TEST_STEP][PASSED] - verifyElementVisible(findTestObject("Object Repository/Page_The Story and Evolution of Doodles - G_6e786d/p_The first Doodle was a simple out-of-offi_345e61")): Object 'Object Repository/Page_The Story and Evolution of Doodles - G_6e786d/p_The first Doodle was a simple out-of-offi_345e61' is visible

07-06-2024T14:03:42 - [MESSAGE][PASSED] - Object 'Object Repository/Page_The Story and Evolution of Doodles - G_6e786d/p_The first Doodle was a simple out-of-offi_345e61' is visible

07-06-2024T14:03:42 - [TEST_STEP][PASSED] - verifyElementVisible(findTestObject("Object Repository/Page_The Story and Evolution of Doodles - G_6e786d/h2_Weve created more than 5,000 Doodles ove_111429")): Object 'Object Repository/Page_The Story and Evolution of Doodles - G_6e786d/h2_Weve created more than 5,000 Doodles ove_111429' is visible

07-06-2024T14:03:42 - [MESSAGE][PASSED] - Object 'Object Repository/Page_The Story and Evolution of Doodles - G_6e786d/h2_Weve created more than 5,000 Doodles ove_111429' is visible

07-06-2024T14:03:42 - [TEST_STEP][PASSED] - click(findTestObject("Object Repository/Page_The Story and Evolution of Doodles - G_6e786d/p_The first Doodle was a simple out-of-offi_345e61")): Object: 'Object Repository/Page_The Story and Evolution of Doodles - G_6e786d/p_The first Doodle was a simple out-of-offi_345e61' is clicked on

07-06-2024T14:03:42 - [MESSAGE][PASSED] - Object: 'Object Repository/Page_The Story and Evolution of Doodles - G_6e786d/p_The first Doodle was a simple out-of-offi_345e61' is clicked on

07-06-2024T14:03:42 - [TEST_STEP][PASSED] - verifyElementVisible(findTestObject("Object Repository/Page_The Story and Evolution of Doodles - G_6e786d/h1_The story behind Doodles")): Object 'Object Repository/Page_The Story and Evolution of Doodles - G_6e786d/h1_The story behind Doodles' is visible

07-06-2024T14:03:43 - [MESSAGE][PASSED] - Object 'Object Repository/Page_The Story and Evolution of Doodles - G_6e786d/h1_The story behind Doodles' is visible

07-06-2024T14:03:43 - [TEST_STEP][PASSED] - verifyElementVisible(findTestObject("Object Repository/Page_The Story and Evolution of Doodles - G_6e786d/p_The first Doodle was a simple out-of-offi_345e61")): Object 'Object Repository/Page_The Story and Evolution of Doodles - G_6e786d/p_The first Doodle was a simple out-of-offi_345e61' is visible

07-06-2024T14:03:43 - [MESSAGE][PASSED] - Object 'Object Repository/Page_The Story and Evolution of Doodles - G_6e786d/p_The first Doodle was a simple out-of-offi_345e61' is visible

07-06-2024T14:03:43 - [TEST_STEP][PASSED] - verifyElementVisible(findTestObject("Object Repository/Page_The Story and Evolution of Doodles - G_6e786d/h2_Weve created more than 5,000 Doodles ove_111429")): Object 'Object Repository/Page_The Story and Evolution of Doodles - G_6e786d/h2_Weve created more than 5,000 Doodles ove_111429' is visible

07-06-2024T14:03:43 - [MESSAGE][PASSED] - Object 'Object Repository/Page_The Story and Evolution of Doodles - G_6e786d/h2_Weve created more than 5,000 Doodles ove_111429' is visible

07-06-2024T14:03:43 - [TEST_STEP][PASSED] - click(findTestObject("Object Repository/Page_The Story and Evolution of Doodles - G_6e786d/p_The first Doodle was a simple out-of-offi_345e61")): Object: 'Object Repository/Page_The Story and Evolution of Doodles - G_6e786d/p_The first Doodle was a simple out-of-offi_345e61' is clicked on

07-06-2024T14:03:43 - [MESSAGE][PASSED] - Object: 'Object Repository/Page_The Story and Evolution of Doodles - G_6e786d/p_The first Doodle was a simple out-of-offi_345e61' is clicked on

07-06-2024T14:03:43 - [TEST_STEP][PASSED] - verifyElementVisible(findTestObject("Object Repository/Page_The Story and Evolution of Doodles - G_6e786d/h1_The story behind Doodles")): Object 'Object Repository/Page_The Story and Evolution of Doodles - G_6e786d/h1_The story behind Doodles' is visible

07-06-2024T14:03:43 - [MESSAGE][PASSED] - Object 'Object Repository/Page_The Story and Evolution of Doodles - G_6e786d/h1_The story behind Doodles' is visible

07-06-2024T14:03:43 - [TEST_STEP][PASSED] - verifyElementVisible(findTestObject("Object Repository/Page_The Story and Evolution of Doodles - G_6e786d/p_The first Doodle was a simple out-of-offi_345e61")): Object 'Object Repository/Page_The Story and Evolution of Doodles - G_6e786d/p_The first Doodle was a simple out-of-offi_345e61' is visible

07-06-2024T14:03:43 - [MESSAGE][PASSED] - Object 'Object Repository/Page_The Story and Evolution of Doodles - G_6e786d/p_The first Doodle was a simple out-of-offi_345e61' is visible

07-06-2024T14:03:43 - [TEST_STEP][PASSED] - verifyElementVisible(findTestObject("Object Repository/Page_The Story and Evolution of Doodles - G_6e786d/h2_Weve created more than 5,000 Doodles ove_111429")): Object 'Object Repository/Page_The Story and Evolution of Doodles - G_6e786d/h2_Weve created more than 5,000 Doodles ove_111429' is visible

07-06-2024T14:03:43 - [MESSAGE][PASSED] - Object 'Object Repository/Page_The Story and Evolution of Doodles - G_6e786d/h2_Weve created more than 5,000 Doodles ove_111429' is visible

07-06-2024T14:03:43 - [TEST_STEP][PASSED] - click(findTestObject("Object Repository/Page_The Story and Evolution of Doodles - G_6e786d/p_The first Doodle was a simple out-of-offi_345e61")): Object: 'Object Repository/Page_The Story and Evolution of Doodles - G_6e786d/p_The first Doodle was a simple out-of-offi_345e61' is clicked on

07-06-2024T14:03:43 - [MESSAGE][PASSED] - Object: 'Object Repository/Page_The Story and Evolution of Doodles - G_6e786d/p_The first Doodle was a simple out-of-offi_345e61' is clicked on

07-06-2024T14:03:43 - [TEST_STEP][PASSED] - verifyElementVisible(findTestObject("Object Repository/Page_The Story and Evolution of Doodles - G_6e786d/h1_The story behind Doodles")): Object 'Object Repository/Page_The Story and Evolution of Doodles - G_6e786d/h1_The story behind Doodles' is visible

07-06-2024T14:03:43 - [MESSAGE][PASSED] - Object 'Object Repository/Page_The Story and Evolution of Doodles - G_6e786d/h1_The story behind Doodles' is visible

07-06-2024T14:03:43 - [TEST_STEP][PASSED] - verifyElementVisible(findTestObject("Object Repository/Page_The Story and Evolution of Doodles - G_6e786d/p_The first Doodle was a simple out-of-offi_345e61")): Object 'Object Repository/Page_The Story and Evolution of Doodles - G_6e786d/p_The first Doodle was a simple out-of-offi_345e61' is visible

07-06-2024T14:03:43 - [MESSAGE][PASSED] - Object 'Object Repository/Page_The Story and Evolution of Doodles - G_6e786d/p_The first Doodle was a simple out-of-offi_345e61' is visible

07-06-2024T14:03:43 - [TEST_STEP][PASSED] - verifyElementVisible(findTestObject("Object Repository/Page_The Story and Evolution of Doodles - G_6e786d/h2_Weve created more than 5,000 Doodles ove_111429")): Object 'Object Repository/Page_The Story and Evolution of Doodles - G_6e786d/h2_Weve created more than 5,000 Doodles ove_111429' is visible

07-06-2024T14:03:43 - [MESSAGE][PASSED] - Object 'Object Repository/Page_The Story and Evolution of Doodles - G_6e786d/h2_Weve created more than 5,000 Doodles ove_111429' is visible

07-06-2024T14:03:43 - [TEST_STEP][PASSED] - click(findTestObject("Object Repository/Page_The Story and Evolution of Doodles - G_6e786d/p_The first Doodle was a simple out-of-offi_345e61")): Object: 'Object Repository/Page_The Story and Evolution of Doodles - G_6e786d/p_The first Doodle was a simple out-of-offi_345e61' is clicked on

07-06-2024T14:03:43 - [MESSAGE][PASSED] - Object: 'Object Repository/Page_The Story and Evolution of Doodles - G_6e786d/p_The first Doodle was a simple out-of-offi_345e61' is clicked on

07-06-2024T14:03:43 - [TEST_STEP][PASSED] - verifyElementVisible(findTestObject("Object Repository/Page_The Story and Evolution of Doodles - G_6e786d/h1_The story behind Doodles")): Object 'Object Repository/Page_The Story and Evolution of Doodles - G_6e786d/h1_The story behind Doodles' is visible

07-06-2024T14:03:43 - [MESSAGE][PASSED] - Object 'Object Repository/Page_The Story and Evolution of Doodles - G_6e786d/h1_The story behind Doodles' is visible

07-06-2024T14:03:43 - [TEST_STEP][PASSED] - verifyElementVisible(findTestObject("Object Repository/Page_The Story and Evolution of Doodles - G_6e786d/p_The first Doodle was a simple out-of-offi_345e61")): Object 'Object Repository/Page_The Story and Evolution of Doodles - G_6e786d/p_The first Doodle was a simple out-of-offi_345e61' is visible

07-06-2024T14:03:44 - [MESSAGE][PASSED] - Object 'Object Repository/Page_The Story and Evolution of Doodles - G_6e786d/p_The first Doodle was a simple out-of-offi_345e61' is visible

07-06-2024T14:03:44 - [TEST_STEP][PASSED] - verifyElementVisible(findTestObject("Object Repository/Page_The Story and Evolution of Doodles - G_6e786d/h2_Weve created more than 5,000 Doodles ove_111429")): Object 'Object Repository/Page_The Story and Evolution of Doodles - G_6e786d/h2_Weve created more than 5,000 Doodles ove_111429' is visible

07-06-2024T14:03:44 - [MESSAGE][PASSED] - Object 'Object Repository/Page_The Story and Evolution of Doodles - G_6e786d/h2_Weve created more than 5,000 Doodles ove_111429' is visible

07-06-2024T14:03:44 - [TEST_STEP][PASSED] - click(findTestObject("Object Repository/Page_The Story and Evolution of Doodles - G_6e786d/p_The first Doodle was a simple out-of-offi_345e61")): Object: 'Object Repository/Page_The Story and Evolution of Doodles - G_6e786d/p_The first Doodle was a simple out-of-offi_345e61' is clicked on

07-06-2024T14:03:44 - [MESSAGE][PASSED] - Object: 'Object Repository/Page_The Story and Evolution of Doodles - G_6e786d/p_The first Doodle was a simple out-of-offi_345e61' is clicked on

07-06-2024T14:03:44 - [TEST_STEP][PASSED] - verifyElementVisible(findTestObject("Object Repository/Page_The Story and Evolution of Doodles - G_6e786d/h1_The story behind Doodles")): Object 'Object Repository/Page_The Story and Evolution of Doodles - G_6e786d/h1_The story behind Doodles' is visible

07-06-2024T14:03:44 - [MESSAGE][PASSED] - Object 'Object Repository/Page_The Story and Evolution of Doodles - G_6e786d/h1_The story behind Doodles' is visible

07-06-2024T14:03:44 - [TEST_STEP][PASSED] - verifyElementVisible(findTestObject("Object Repository/Page_The Story and Evolution of Doodles - G_6e786d/p_The first Doodle was a simple out-of-offi_345e61")): Object 'Object Repository/Page_The Story and Evolution of Doodles - G_6e786d/p_The first Doodle was a simple out-of-offi_345e61' is visible

07-06-2024T14:03:44 - [MESSAGE][PASSED] - Object 'Object Repository/Page_The Story and Evolution of Doodles - G_6e786d/p_The first Doodle was a simple out-of-offi_345e61' is visible

07-06-2024T14:03:44 - [TEST_STEP][PASSED] - verifyElementVisible(findTestObject("Object Repository/Page_The Story and Evolution of Doodles - G_6e786d/h2_Weve created more than 5,000 Doodles ove_111429")): Object 'Object Repository/Page_The Story and Evolution of Doodles - G_6e786d/h2_Weve created more than 5,000 Doodles ove_111429' is visible

07-06-2024T14:03:44 - [MESSAGE][PASSED] - Object 'Object Repository/Page_The Story and Evolution of Doodles - G_6e786d/h2_Weve created more than 5,000 Doodles ove_111429' is visible

07-06-2024T14:03:44 - [TEST_STEP][PASSED] - click(findTestObject("Object Repository/Page_The Story and Evolution of Doodles - G_6e786d/p_The first Doodle was a simple out-of-offi_345e61")): Object: 'Object Repository/Page_The Story and Evolution of Doodles - G_6e786d/p_The first Doodle was a simple out-of-offi_345e61' is clicked on

07-06-2024T14:03:44 - [MESSAGE][PASSED] - Object: 'Object Repository/Page_The Story and Evolution of Doodles - G_6e786d/p_The first Doodle was a simple out-of-offi_345e61' is clicked on

07-06-2024T14:03:44 - [TEST_STEP][PASSED] - verifyElementVisible(findTestObject("Object Repository/Page_The Story and Evolution of Doodles - G_6e786d/h1_The story behind Doodles")): Object 'Object Repository/Page_The Story and Evolution of Doodles - G_6e786d/h1_The story behind Doodles' is visible

07-06-2024T14:03:44 - [MESSAGE][PASSED] - Object 'Object Repository/Page_The Story and Evolution of Doodles - G_6e786d/h1_The story behind Doodles' is visible

07-06-2024T14:03:44 - [TEST_STEP][PASSED] - verifyElementVisible(findTestObject("Object Repository/Page_The Story and Evolution of Doodles - G_6e786d/p_The first Doodle was a simple out-of-offi_345e61")): Object 'Object Repository/Page_The Story and Evolution of Doodles - G_6e786d/p_The first Doodle was a simple out-of-offi_345e61' is visible

07-06-2024T14:03:44 - [MESSAGE][PASSED] - Object 'Object Repository/Page_The Story and Evolution of Doodles - G_6e786d/p_The first Doodle was a simple out-of-offi_345e61' is visible

07-06-2024T14:03:44 - [TEST_STEP][PASSED] - verifyElementVisible(findTestObject("Object Repository/Page_The Story and Evolution of Doodles - G_6e786d/h2_Weve created more than 5,000 Doodles ove_111429")): Object 'Object Repository/Page_The Story and Evolution of Doodles - G_6e786d/h2_Weve created more than 5,000 Doodles ove_111429' is visible

07-06-2024T14:03:44 - [MESSAGE][PASSED] - Object 'Object Repository/Page_The Story and Evolution of Doodles - G_6e786d/h2_Weve created more than 5,000 Doodles ove_111429' is visible]]></system-out>
         <system-err><![CDATA[]]></system-err>
      </testcase>
      <testcase name="Test Cases/test case folder 1/tc1 - Copy (1) - Copy (2)" time="9.125" classname="Test Cases/test case folder 1/tc1 - Copy (1) - Copy (2)" status="PASSED">
         <system-out><![CDATA[07-06-2024T14:03:44 - [TEST_CASE][PASSED] - Test Cases/test case folder 1/tc1 - Copy (1) - Copy (2): Test Cases/test case folder 1/tc1 - Copy (1) - Copy (2)

07-06-2024T14:03:44 - [TEST_STEP][PASSED] - openBrowser(""): Browser is opened with url: ''

07-06-2024T14:03:44 - [MESSAGE][WARNING] - A browser is already opened. Closing browser and opening a new one

07-06-2024T14:03:45 - [MESSAGE][INFO] - Starting 'Firefox (headless)' driver

07-06-2024T14:03:45 - [MESSAGE][INFO] - Action delay is set to 0 milliseconds

07-06-2024T14:03:47 - [MESSAGE][PASSED] - Browser is opened with url: ''

07-06-2024T14:03:47 - [TEST_STEP][PASSED] - navigateToUrl("https://doodles.google/about/"): Navigate to 'https://doodles.google/about/' successfully

07-06-2024T14:03:50 - [MESSAGE][PASSED] - Navigate to 'https://doodles.google/about/' successfully

07-06-2024T14:03:50 - [TEST_STEP][PASSED] - click(findTestObject("Object Repository/Page_The Story and Evolution of Doodles - G_6e786d/p_The first Doodle was a simple out-of-offi_345e61")): Object: 'Object Repository/Page_The Story and Evolution of Doodles - G_6e786d/p_The first Doodle was a simple out-of-offi_345e61' is clicked on

07-06-2024T14:03:50 - [MESSAGE][PASSED] - Object: 'Object Repository/Page_The Story and Evolution of Doodles - G_6e786d/p_The first Doodle was a simple out-of-offi_345e61' is clicked on

07-06-2024T14:03:50 - [TEST_STEP][PASSED] - click(findTestObject("Object Repository/Page_The Story and Evolution of Doodles - G_6e786d/p_The first Doodle was a simple out-of-offi_345e61")): Object: 'Object Repository/Page_The Story and Evolution of Doodles - G_6e786d/p_The first Doodle was a simple out-of-offi_345e61' is clicked on

07-06-2024T14:03:50 - [MESSAGE][PASSED] - Object: 'Object Repository/Page_The Story and Evolution of Doodles - G_6e786d/p_The first Doodle was a simple out-of-offi_345e61' is clicked on

07-06-2024T14:03:50 - [TEST_STEP][PASSED] - verifyElementVisible(findTestObject("Object Repository/Page_The Story and Evolution of Doodles - G_6e786d/h1_The story behind Doodles")): Object 'Object Repository/Page_The Story and Evolution of Doodles - G_6e786d/h1_The story behind Doodles' is visible

07-06-2024T14:03:50 - [MESSAGE][PASSED] - Object 'Object Repository/Page_The Story and Evolution of Doodles - G_6e786d/h1_The story behind Doodles' is visible

07-06-2024T14:03:50 - [TEST_STEP][PASSED] - verifyElementVisible(findTestObject("Object Repository/Page_The Story and Evolution of Doodles - G_6e786d/p_The first Doodle was a simple out-of-offi_345e61")): Object 'Object Repository/Page_The Story and Evolution of Doodles - G_6e786d/p_The first Doodle was a simple out-of-offi_345e61' is visible

07-06-2024T14:03:50 - [MESSAGE][PASSED] - Object 'Object Repository/Page_The Story and Evolution of Doodles - G_6e786d/p_The first Doodle was a simple out-of-offi_345e61' is visible

07-06-2024T14:03:50 - [TEST_STEP][PASSED] - verifyElementVisible(findTestObject("Object Repository/Page_The Story and Evolution of Doodles - G_6e786d/h2_Weve created more than 5,000 Doodles ove_111429")): Object 'Object Repository/Page_The Story and Evolution of Doodles - G_6e786d/h2_Weve created more than 5,000 Doodles ove_111429' is visible

07-06-2024T14:03:50 - [MESSAGE][PASSED] - Object 'Object Repository/Page_The Story and Evolution of Doodles - G_6e786d/h2_Weve created more than 5,000 Doodles ove_111429' is visible

07-06-2024T14:03:50 - [TEST_STEP][PASSED] - verifyElementVisible(findTestObject("Object Repository/Page_The Story and Evolution of Doodles - G_6e786d/h1_The story behind Doodles")): Object 'Object Repository/Page_The Story and Evolution of Doodles - G_6e786d/h1_The story behind Doodles' is visible

07-06-2024T14:03:50 - [MESSAGE][PASSED] - Object 'Object Repository/Page_The Story and Evolution of Doodles - G_6e786d/h1_The story behind Doodles' is visible

07-06-2024T14:03:50 - [TEST_STEP][PASSED] - verifyElementVisible(findTestObject("Object Repository/Page_The Story and Evolution of Doodles - G_6e786d/p_The first Doodle was a simple out-of-offi_345e61")): Object 'Object Repository/Page_The Story and Evolution of Doodles - G_6e786d/p_The first Doodle was a simple out-of-offi_345e61' is visible

07-06-2024T14:03:50 - [MESSAGE][PASSED] - Object 'Object Repository/Page_The Story and Evolution of Doodles - G_6e786d/p_The first Doodle was a simple out-of-offi_345e61' is visible

07-06-2024T14:03:50 - [TEST_STEP][PASSED] - verifyElementVisible(findTestObject("Object Repository/Page_The Story and Evolution of Doodles - G_6e786d/h2_Weve created more than 5,000 Doodles ove_111429")): Object 'Object Repository/Page_The Story and Evolution of Doodles - G_6e786d/h2_Weve created more than 5,000 Doodles ove_111429' is visible

07-06-2024T14:03:50 - [MESSAGE][PASSED] - Object 'Object Repository/Page_The Story and Evolution of Doodles - G_6e786d/h2_Weve created more than 5,000 Doodles ove_111429' is visible

07-06-2024T14:03:50 - [TEST_STEP][PASSED] - click(findTestObject("Object Repository/Page_The Story and Evolution of Doodles - G_6e786d/p_The first Doodle was a simple out-of-offi_345e61")): Object: 'Object Repository/Page_The Story and Evolution of Doodles - G_6e786d/p_The first Doodle was a simple out-of-offi_345e61' is clicked on

07-06-2024T14:03:51 - [MESSAGE][PASSED] - Object: 'Object Repository/Page_The Story and Evolution of Doodles - G_6e786d/p_The first Doodle was a simple out-of-offi_345e61' is clicked on

07-06-2024T14:03:51 - [TEST_STEP][PASSED] - verifyElementVisible(findTestObject("Object Repository/Page_The Story and Evolution of Doodles - G_6e786d/h1_The story behind Doodles")): Object 'Object Repository/Page_The Story and Evolution of Doodles - G_6e786d/h1_The story behind Doodles' is visible

07-06-2024T14:03:51 - [MESSAGE][PASSED] - Object 'Object Repository/Page_The Story and Evolution of Doodles - G_6e786d/h1_The story behind Doodles' is visible

07-06-2024T14:03:51 - [TEST_STEP][PASSED] - verifyElementVisible(findTestObject("Object Repository/Page_The Story and Evolution of Doodles - G_6e786d/p_The first Doodle was a simple out-of-offi_345e61")): Object 'Object Repository/Page_The Story and Evolution of Doodles - G_6e786d/p_The first Doodle was a simple out-of-offi_345e61' is visible

07-06-2024T14:03:51 - [MESSAGE][PASSED] - Object 'Object Repository/Page_The Story and Evolution of Doodles - G_6e786d/p_The first Doodle was a simple out-of-offi_345e61' is visible

07-06-2024T14:03:51 - [TEST_STEP][PASSED] - verifyElementVisible(findTestObject("Object Repository/Page_The Story and Evolution of Doodles - G_6e786d/h2_Weve created more than 5,000 Doodles ove_111429")): Object 'Object Repository/Page_The Story and Evolution of Doodles - G_6e786d/h2_Weve created more than 5,000 Doodles ove_111429' is visible

07-06-2024T14:03:51 - [MESSAGE][PASSED] - Object 'Object Repository/Page_The Story and Evolution of Doodles - G_6e786d/h2_Weve created more than 5,000 Doodles ove_111429' is visible

07-06-2024T14:03:51 - [TEST_STEP][PASSED] - click(findTestObject("Object Repository/Page_The Story and Evolution of Doodles - G_6e786d/p_The first Doodle was a simple out-of-offi_345e61")): Object: 'Object Repository/Page_The Story and Evolution of Doodles - G_6e786d/p_The first Doodle was a simple out-of-offi_345e61' is clicked on

07-06-2024T14:03:51 - [MESSAGE][PASSED] - Object: 'Object Repository/Page_The Story and Evolution of Doodles - G_6e786d/p_The first Doodle was a simple out-of-offi_345e61' is clicked on

07-06-2024T14:03:51 - [TEST_STEP][PASSED] - verifyElementVisible(findTestObject("Object Repository/Page_The Story and Evolution of Doodles - G_6e786d/h1_The story behind Doodles")): Object 'Object Repository/Page_The Story and Evolution of Doodles - G_6e786d/h1_The story behind Doodles' is visible

07-06-2024T14:03:51 - [MESSAGE][PASSED] - Object 'Object Repository/Page_The Story and Evolution of Doodles - G_6e786d/h1_The story behind Doodles' is visible

07-06-2024T14:03:51 - [TEST_STEP][PASSED] - verifyElementVisible(findTestObject("Object Repository/Page_The Story and Evolution of Doodles - G_6e786d/p_The first Doodle was a simple out-of-offi_345e61")): Object 'Object Repository/Page_The Story and Evolution of Doodles - G_6e786d/p_The first Doodle was a simple out-of-offi_345e61' is visible

07-06-2024T14:03:51 - [MESSAGE][PASSED] - Object 'Object Repository/Page_The Story and Evolution of Doodles - G_6e786d/p_The first Doodle was a simple out-of-offi_345e61' is visible

07-06-2024T14:03:51 - [TEST_STEP][PASSED] - verifyElementVisible(findTestObject("Object Repository/Page_The Story and Evolution of Doodles - G_6e786d/h2_Weve created more than 5,000 Doodles ove_111429")): Object 'Object Repository/Page_The Story and Evolution of Doodles - G_6e786d/h2_Weve created more than 5,000 Doodles ove_111429' is visible

07-06-2024T14:03:51 - [MESSAGE][PASSED] - Object 'Object Repository/Page_The Story and Evolution of Doodles - G_6e786d/h2_Weve created more than 5,000 Doodles ove_111429' is visible

07-06-2024T14:03:51 - [TEST_STEP][PASSED] - click(findTestObject("Object Repository/Page_The Story and Evolution of Doodles - G_6e786d/p_The first Doodle was a simple out-of-offi_345e61")): Object: 'Object Repository/Page_The Story and Evolution of Doodles - G_6e786d/p_The first Doodle was a simple out-of-offi_345e61' is clicked on

07-06-2024T14:03:51 - [MESSAGE][PASSED] - Object: 'Object Repository/Page_The Story and Evolution of Doodles - G_6e786d/p_The first Doodle was a simple out-of-offi_345e61' is clicked on

07-06-2024T14:03:51 - [TEST_STEP][PASSED] - verifyElementVisible(findTestObject("Object Repository/Page_The Story and Evolution of Doodles - G_6e786d/h1_The story behind Doodles")): Object 'Object Repository/Page_The Story and Evolution of Doodles - G_6e786d/h1_The story behind Doodles' is visible

07-06-2024T14:03:51 - [MESSAGE][PASSED] - Object 'Object Repository/Page_The Story and Evolution of Doodles - G_6e786d/h1_The story behind Doodles' is visible

07-06-2024T14:03:51 - [TEST_STEP][PASSED] - verifyElementVisible(findTestObject("Object Repository/Page_The Story and Evolution of Doodles - G_6e786d/p_The first Doodle was a simple out-of-offi_345e61")): Object 'Object Repository/Page_The Story and Evolution of Doodles - G_6e786d/p_The first Doodle was a simple out-of-offi_345e61' is visible

07-06-2024T14:03:51 - [MESSAGE][PASSED] - Object 'Object Repository/Page_The Story and Evolution of Doodles - G_6e786d/p_The first Doodle was a simple out-of-offi_345e61' is visible

07-06-2024T14:03:51 - [TEST_STEP][PASSED] - verifyElementVisible(findTestObject("Object Repository/Page_The Story and Evolution of Doodles - G_6e786d/h2_Weve created more than 5,000 Doodles ove_111429")): Object 'Object Repository/Page_The Story and Evolution of Doodles - G_6e786d/h2_Weve created more than 5,000 Doodles ove_111429' is visible

07-06-2024T14:03:51 - [MESSAGE][PASSED] - Object 'Object Repository/Page_The Story and Evolution of Doodles - G_6e786d/h2_Weve created more than 5,000 Doodles ove_111429' is visible

07-06-2024T14:03:51 - [TEST_STEP][PASSED] - click(findTestObject("Object Repository/Page_The Story and Evolution of Doodles - G_6e786d/p_The first Doodle was a simple out-of-offi_345e61")): Object: 'Object Repository/Page_The Story and Evolution of Doodles - G_6e786d/p_The first Doodle was a simple out-of-offi_345e61' is clicked on

07-06-2024T14:03:52 - [MESSAGE][PASSED] - Object: 'Object Repository/Page_The Story and Evolution of Doodles - G_6e786d/p_The first Doodle was a simple out-of-offi_345e61' is clicked on

07-06-2024T14:03:52 - [TEST_STEP][PASSED] - verifyElementVisible(findTestObject("Object Repository/Page_The Story and Evolution of Doodles - G_6e786d/h1_The story behind Doodles")): Object 'Object Repository/Page_The Story and Evolution of Doodles - G_6e786d/h1_The story behind Doodles' is visible

07-06-2024T14:03:52 - [MESSAGE][PASSED] - Object 'Object Repository/Page_The Story and Evolution of Doodles - G_6e786d/h1_The story behind Doodles' is visible

07-06-2024T14:03:52 - [TEST_STEP][PASSED] - verifyElementVisible(findTestObject("Object Repository/Page_The Story and Evolution of Doodles - G_6e786d/p_The first Doodle was a simple out-of-offi_345e61")): Object 'Object Repository/Page_The Story and Evolution of Doodles - G_6e786d/p_The first Doodle was a simple out-of-offi_345e61' is visible

07-06-2024T14:03:52 - [MESSAGE][PASSED] - Object 'Object Repository/Page_The Story and Evolution of Doodles - G_6e786d/p_The first Doodle was a simple out-of-offi_345e61' is visible

07-06-2024T14:03:52 - [TEST_STEP][PASSED] - verifyElementVisible(findTestObject("Object Repository/Page_The Story and Evolution of Doodles - G_6e786d/h2_Weve created more than 5,000 Doodles ove_111429")): Object 'Object Repository/Page_The Story and Evolution of Doodles - G_6e786d/h2_Weve created more than 5,000 Doodles ove_111429' is visible

07-06-2024T14:03:52 - [MESSAGE][PASSED] - Object 'Object Repository/Page_The Story and Evolution of Doodles - G_6e786d/h2_Weve created more than 5,000 Doodles ove_111429' is visible

07-06-2024T14:03:52 - [TEST_STEP][PASSED] - click(findTestObject("Object Repository/Page_The Story and Evolution of Doodles - G_6e786d/p_The first Doodle was a simple out-of-offi_345e61")): Object: 'Object Repository/Page_The Story and Evolution of Doodles - G_6e786d/p_The first Doodle was a simple out-of-offi_345e61' is clicked on

07-06-2024T14:03:52 - [MESSAGE][PASSED] - Object: 'Object Repository/Page_The Story and Evolution of Doodles - G_6e786d/p_The first Doodle was a simple out-of-offi_345e61' is clicked on

07-06-2024T14:03:52 - [TEST_STEP][PASSED] - verifyElementVisible(findTestObject("Object Repository/Page_The Story and Evolution of Doodles - G_6e786d/h1_The story behind Doodles")): Object 'Object Repository/Page_The Story and Evolution of Doodles - G_6e786d/h1_The story behind Doodles' is visible

07-06-2024T14:03:52 - [MESSAGE][PASSED] - Object 'Object Repository/Page_The Story and Evolution of Doodles - G_6e786d/h1_The story behind Doodles' is visible

07-06-2024T14:03:52 - [TEST_STEP][PASSED] - verifyElementVisible(findTestObject("Object Repository/Page_The Story and Evolution of Doodles - G_6e786d/p_The first Doodle was a simple out-of-offi_345e61")): Object 'Object Repository/Page_The Story and Evolution of Doodles - G_6e786d/p_The first Doodle was a simple out-of-offi_345e61' is visible

07-06-2024T14:03:52 - [MESSAGE][PASSED] - Object 'Object Repository/Page_The Story and Evolution of Doodles - G_6e786d/p_The first Doodle was a simple out-of-offi_345e61' is visible

07-06-2024T14:03:52 - [TEST_STEP][PASSED] - verifyElementVisible(findTestObject("Object Repository/Page_The Story and Evolution of Doodles - G_6e786d/h2_Weve created more than 5,000 Doodles ove_111429")): Object 'Object Repository/Page_The Story and Evolution of Doodles - G_6e786d/h2_Weve created more than 5,000 Doodles ove_111429' is visible

07-06-2024T14:03:52 - [MESSAGE][PASSED] - Object 'Object Repository/Page_The Story and Evolution of Doodles - G_6e786d/h2_Weve created more than 5,000 Doodles ove_111429' is visible

07-06-2024T14:03:52 - [TEST_STEP][PASSED] - click(findTestObject("Object Repository/Page_The Story and Evolution of Doodles - G_6e786d/p_The first Doodle was a simple out-of-offi_345e61")): Object: 'Object Repository/Page_The Story and Evolution of Doodles - G_6e786d/p_The first Doodle was a simple out-of-offi_345e61' is clicked on

07-06-2024T14:03:52 - [MESSAGE][PASSED] - Object: 'Object Repository/Page_The Story and Evolution of Doodles - G_6e786d/p_The first Doodle was a simple out-of-offi_345e61' is clicked on

07-06-2024T14:03:52 - [TEST_STEP][PASSED] - verifyElementVisible(findTestObject("Object Repository/Page_The Story and Evolution of Doodles - G_6e786d/h1_The story behind Doodles")): Object 'Object Repository/Page_The Story and Evolution of Doodles - G_6e786d/h1_The story behind Doodles' is visible

07-06-2024T14:03:52 - [MESSAGE][PASSED] - Object 'Object Repository/Page_The Story and Evolution of Doodles - G_6e786d/h1_The story behind Doodles' is visible

07-06-2024T14:03:52 - [TEST_STEP][PASSED] - verifyElementVisible(findTestObject("Object Repository/Page_The Story and Evolution of Doodles - G_6e786d/p_The first Doodle was a simple out-of-offi_345e61")): Object 'Object Repository/Page_The Story and Evolution of Doodles - G_6e786d/p_The first Doodle was a simple out-of-offi_345e61' is visible

07-06-2024T14:03:52 - [MESSAGE][PASSED] - Object 'Object Repository/Page_The Story and Evolution of Doodles - G_6e786d/p_The first Doodle was a simple out-of-offi_345e61' is visible

07-06-2024T14:03:52 - [TEST_STEP][PASSED] - verifyElementVisible(findTestObject("Object Repository/Page_The Story and Evolution of Doodles - G_6e786d/h2_Weve created more than 5,000 Doodles ove_111429")): Object 'Object Repository/Page_The Story and Evolution of Doodles - G_6e786d/h2_Weve created more than 5,000 Doodles ove_111429' is visible

07-06-2024T14:03:52 - [MESSAGE][PASSED] - Object 'Object Repository/Page_The Story and Evolution of Doodles - G_6e786d/h2_Weve created more than 5,000 Doodles ove_111429' is visible

07-06-2024T14:03:52 - [TEST_STEP][PASSED] - click(findTestObject("Object Repository/Page_The Story and Evolution of Doodles - G_6e786d/p_The first Doodle was a simple out-of-offi_345e61")): Object: 'Object Repository/Page_The Story and Evolution of Doodles - G_6e786d/p_The first Doodle was a simple out-of-offi_345e61' is clicked on

07-06-2024T14:03:53 - [MESSAGE][PASSED] - Object: 'Object Repository/Page_The Story and Evolution of Doodles - G_6e786d/p_The first Doodle was a simple out-of-offi_345e61' is clicked on

07-06-2024T14:03:53 - [TEST_STEP][PASSED] - verifyElementVisible(findTestObject("Object Repository/Page_The Story and Evolution of Doodles - G_6e786d/h1_The story behind Doodles")): Object 'Object Repository/Page_The Story and Evolution of Doodles - G_6e786d/h1_The story behind Doodles' is visible

07-06-2024T14:03:53 - [MESSAGE][PASSED] - Object 'Object Repository/Page_The Story and Evolution of Doodles - G_6e786d/h1_The story behind Doodles' is visible

07-06-2024T14:03:53 - [TEST_STEP][PASSED] - verifyElementVisible(findTestObject("Object Repository/Page_The Story and Evolution of Doodles - G_6e786d/p_The first Doodle was a simple out-of-offi_345e61")): Object 'Object Repository/Page_The Story and Evolution of Doodles - G_6e786d/p_The first Doodle was a simple out-of-offi_345e61' is visible

07-06-2024T14:03:53 - [MESSAGE][PASSED] - Object 'Object Repository/Page_The Story and Evolution of Doodles - G_6e786d/p_The first Doodle was a simple out-of-offi_345e61' is visible

07-06-2024T14:03:53 - [TEST_STEP][PASSED] - verifyElementVisible(findTestObject("Object Repository/Page_The Story and Evolution of Doodles - G_6e786d/h2_Weve created more than 5,000 Doodles ove_111429")): Object 'Object Repository/Page_The Story and Evolution of Doodles - G_6e786d/h2_Weve created more than 5,000 Doodles ove_111429' is visible

07-06-2024T14:03:53 - [MESSAGE][PASSED] - Object 'Object Repository/Page_The Story and Evolution of Doodles - G_6e786d/h2_Weve created more than 5,000 Doodles ove_111429' is visible

07-06-2024T14:03:53 - [TEST_STEP][PASSED] - click(findTestObject("Object Repository/Page_The Story and Evolution of Doodles - G_6e786d/p_The first Doodle was a simple out-of-offi_345e61")): Object: 'Object Repository/Page_The Story and Evolution of Doodles - G_6e786d/p_The first Doodle was a simple out-of-offi_345e61' is clicked on

07-06-2024T14:03:53 - [MESSAGE][PASSED] - Object: 'Object Repository/Page_The Story and Evolution of Doodles - G_6e786d/p_The first Doodle was a simple out-of-offi_345e61' is clicked on

07-06-2024T14:03:53 - [TEST_STEP][PASSED] - verifyElementVisible(findTestObject("Object Repository/Page_The Story and Evolution of Doodles - G_6e786d/h1_The story behind Doodles")): Object 'Object Repository/Page_The Story and Evolution of Doodles - G_6e786d/h1_The story behind Doodles' is visible

07-06-2024T14:03:53 - [MESSAGE][PASSED] - Object 'Object Repository/Page_The Story and Evolution of Doodles - G_6e786d/h1_The story behind Doodles' is visible

07-06-2024T14:03:53 - [TEST_STEP][PASSED] - verifyElementVisible(findTestObject("Object Repository/Page_The Story and Evolution of Doodles - G_6e786d/p_The first Doodle was a simple out-of-offi_345e61")): Object 'Object Repository/Page_The Story and Evolution of Doodles - G_6e786d/p_The first Doodle was a simple out-of-offi_345e61' is visible

07-06-2024T14:03:53 - [MESSAGE][PASSED] - Object 'Object Repository/Page_The Story and Evolution of Doodles - G_6e786d/p_The first Doodle was a simple out-of-offi_345e61' is visible

07-06-2024T14:03:53 - [TEST_STEP][PASSED] - verifyElementVisible(findTestObject("Object Repository/Page_The Story and Evolution of Doodles - G_6e786d/h2_Weve created more than 5,000 Doodles ove_111429")): Object 'Object Repository/Page_The Story and Evolution of Doodles - G_6e786d/h2_Weve created more than 5,000 Doodles ove_111429' is visible

07-06-2024T14:03:53 - [MESSAGE][PASSED] - Object 'Object Repository/Page_The Story and Evolution of Doodles - G_6e786d/h2_Weve created more than 5,000 Doodles ove_111429' is visible

07-06-2024T14:03:53 - [TEST_STEP][PASSED] - click(findTestObject("Object Repository/Page_The Story and Evolution of Doodles - G_6e786d/p_The first Doodle was a simple out-of-offi_345e61")): Object: 'Object Repository/Page_The Story and Evolution of Doodles - G_6e786d/p_The first Doodle was a simple out-of-offi_345e61' is clicked on

07-06-2024T14:03:53 - [MESSAGE][PASSED] - Object: 'Object Repository/Page_The Story and Evolution of Doodles - G_6e786d/p_The first Doodle was a simple out-of-offi_345e61' is clicked on

07-06-2024T14:03:53 - [TEST_STEP][PASSED] - verifyElementVisible(findTestObject("Object Repository/Page_The Story and Evolution of Doodles - G_6e786d/h1_The story behind Doodles")): Object 'Object Repository/Page_The Story and Evolution of Doodles - G_6e786d/h1_The story behind Doodles' is visible

07-06-2024T14:03:53 - [MESSAGE][PASSED] - Object 'Object Repository/Page_The Story and Evolution of Doodles - G_6e786d/h1_The story behind Doodles' is visible

07-06-2024T14:03:53 - [TEST_STEP][PASSED] - verifyElementVisible(findTestObject("Object Repository/Page_The Story and Evolution of Doodles - G_6e786d/p_The first Doodle was a simple out-of-offi_345e61")): Object 'Object Repository/Page_The Story and Evolution of Doodles - G_6e786d/p_The first Doodle was a simple out-of-offi_345e61' is visible

07-06-2024T14:03:53 - [MESSAGE][PASSED] - Object 'Object Repository/Page_The Story and Evolution of Doodles - G_6e786d/p_The first Doodle was a simple out-of-offi_345e61' is visible

07-06-2024T14:03:53 - [TEST_STEP][PASSED] - verifyElementVisible(findTestObject("Object Repository/Page_The Story and Evolution of Doodles - G_6e786d/h2_Weve created more than 5,000 Doodles ove_111429")): Object 'Object Repository/Page_The Story and Evolution of Doodles - G_6e786d/h2_Weve created more than 5,000 Doodles ove_111429' is visible

07-06-2024T14:03:53 - [MESSAGE][PASSED] - Object 'Object Repository/Page_The Story and Evolution of Doodles - G_6e786d/h2_Weve created more than 5,000 Doodles ove_111429' is visible]]></system-out>
         <system-err><![CDATA[]]></system-err>
      </testcase>
      <testcase name="Test Cases/test case folder 1/tc1 - Copy (1) - Copy (3)" time="8.674" classname="Test Cases/test case folder 1/tc1 - Copy (1) - Copy (3)" status="PASSED">
         <system-out><![CDATA[07-06-2024T14:03:53 - [TEST_CASE][PASSED] - Test Cases/test case folder 1/tc1 - Copy (1) - Copy (3): Test Cases/test case folder 1/tc1 - Copy (1) - Copy (3)

07-06-2024T14:03:53 - [TEST_STEP][PASSED] - openBrowser(""): Browser is opened with url: ''

07-06-2024T14:03:53 - [MESSAGE][WARNING] - A browser is already opened. Closing browser and opening a new one

07-06-2024T14:03:55 - [MESSAGE][INFO] - Starting 'Firefox (headless)' driver

07-06-2024T14:03:55 - [MESSAGE][INFO] - Action delay is set to 0 milliseconds

07-06-2024T14:03:57 - [MESSAGE][PASSED] - Browser is opened with url: ''

07-06-2024T14:03:57 - [TEST_STEP][PASSED] - navigateToUrl("https://doodles.google/about/"): Navigate to 'https://doodles.google/about/' successfully

07-06-2024T14:03:58 - [MESSAGE][PASSED] - Navigate to 'https://doodles.google/about/' successfully

07-06-2024T14:03:58 - [TEST_STEP][PASSED] - click(findTestObject("Object Repository/Page_The Story and Evolution of Doodles - G_6e786d/p_The first Doodle was a simple out-of-offi_345e61")): Object: 'Object Repository/Page_The Story and Evolution of Doodles - G_6e786d/p_The first Doodle was a simple out-of-offi_345e61' is clicked on

07-06-2024T14:03:59 - [MESSAGE][PASSED] - Object: 'Object Repository/Page_The Story and Evolution of Doodles - G_6e786d/p_The first Doodle was a simple out-of-offi_345e61' is clicked on

07-06-2024T14:03:59 - [TEST_STEP][PASSED] - click(findTestObject("Object Repository/Page_The Story and Evolution of Doodles - G_6e786d/p_The first Doodle was a simple out-of-offi_345e61")): Object: 'Object Repository/Page_The Story and Evolution of Doodles - G_6e786d/p_The first Doodle was a simple out-of-offi_345e61' is clicked on

07-06-2024T14:03:59 - [MESSAGE][PASSED] - Object: 'Object Repository/Page_The Story and Evolution of Doodles - G_6e786d/p_The first Doodle was a simple out-of-offi_345e61' is clicked on

07-06-2024T14:03:59 - [TEST_STEP][PASSED] - verifyElementVisible(findTestObject("Object Repository/Page_The Story and Evolution of Doodles - G_6e786d/h1_The story behind Doodles")): Object 'Object Repository/Page_The Story and Evolution of Doodles - G_6e786d/h1_The story behind Doodles' is visible

07-06-2024T14:03:59 - [MESSAGE][PASSED] - Object 'Object Repository/Page_The Story and Evolution of Doodles - G_6e786d/h1_The story behind Doodles' is visible

07-06-2024T14:03:59 - [TEST_STEP][PASSED] - verifyElementVisible(findTestObject("Object Repository/Page_The Story and Evolution of Doodles - G_6e786d/p_The first Doodle was a simple out-of-offi_345e61")): Object 'Object Repository/Page_The Story and Evolution of Doodles - G_6e786d/p_The first Doodle was a simple out-of-offi_345e61' is visible

07-06-2024T14:03:59 - [MESSAGE][PASSED] - Object 'Object Repository/Page_The Story and Evolution of Doodles - G_6e786d/p_The first Doodle was a simple out-of-offi_345e61' is visible

07-06-2024T14:03:59 - [TEST_STEP][PASSED] - verifyElementVisible(findTestObject("Object Repository/Page_The Story and Evolution of Doodles - G_6e786d/h2_Weve created more than 5,000 Doodles ove_111429")): Object 'Object Repository/Page_The Story and Evolution of Doodles - G_6e786d/h2_Weve created more than 5,000 Doodles ove_111429' is visible

07-06-2024T14:03:59 - [MESSAGE][PASSED] - Object 'Object Repository/Page_The Story and Evolution of Doodles - G_6e786d/h2_Weve created more than 5,000 Doodles ove_111429' is visible

07-06-2024T14:03:59 - [TEST_STEP][PASSED] - verifyElementVisible(findTestObject("Object Repository/Page_The Story and Evolution of Doodles - G_6e786d/h1_The story behind Doodles")): Object 'Object Repository/Page_The Story and Evolution of Doodles - G_6e786d/h1_The story behind Doodles' is visible

07-06-2024T14:03:59 - [MESSAGE][PASSED] - Object 'Object Repository/Page_The Story and Evolution of Doodles - G_6e786d/h1_The story behind Doodles' is visible

07-06-2024T14:03:59 - [TEST_STEP][PASSED] - verifyElementVisible(findTestObject("Object Repository/Page_The Story and Evolution of Doodles - G_6e786d/p_The first Doodle was a simple out-of-offi_345e61")): Object 'Object Repository/Page_The Story and Evolution of Doodles - G_6e786d/p_The first Doodle was a simple out-of-offi_345e61' is visible

07-06-2024T14:03:59 - [MESSAGE][PASSED] - Object 'Object Repository/Page_The Story and Evolution of Doodles - G_6e786d/p_The first Doodle was a simple out-of-offi_345e61' is visible

07-06-2024T14:03:59 - [TEST_STEP][PASSED] - verifyElementVisible(findTestObject("Object Repository/Page_The Story and Evolution of Doodles - G_6e786d/h2_Weve created more than 5,000 Doodles ove_111429")): Object 'Object Repository/Page_The Story and Evolution of Doodles - G_6e786d/h2_Weve created more than 5,000 Doodles ove_111429' is visible

07-06-2024T14:03:59 - [MESSAGE][PASSED] - Object 'Object Repository/Page_The Story and Evolution of Doodles - G_6e786d/h2_Weve created more than 5,000 Doodles ove_111429' is visible

07-06-2024T14:03:59 - [TEST_STEP][PASSED] - click(findTestObject("Object Repository/Page_The Story and Evolution of Doodles - G_6e786d/p_The first Doodle was a simple out-of-offi_345e61")): Object: 'Object Repository/Page_The Story and Evolution of Doodles - G_6e786d/p_The first Doodle was a simple out-of-offi_345e61' is clicked on

07-06-2024T14:03:59 - [MESSAGE][PASSED] - Object: 'Object Repository/Page_The Story and Evolution of Doodles - G_6e786d/p_The first Doodle was a simple out-of-offi_345e61' is clicked on

07-06-2024T14:03:59 - [TEST_STEP][PASSED] - verifyElementVisible(findTestObject("Object Repository/Page_The Story and Evolution of Doodles - G_6e786d/h1_The story behind Doodles")): Object 'Object Repository/Page_The Story and Evolution of Doodles - G_6e786d/h1_The story behind Doodles' is visible

07-06-2024T14:03:59 - [MESSAGE][PASSED] - Object 'Object Repository/Page_The Story and Evolution of Doodles - G_6e786d/h1_The story behind Doodles' is visible

07-06-2024T14:03:59 - [TEST_STEP][PASSED] - verifyElementVisible(findTestObject("Object Repository/Page_The Story and Evolution of Doodles - G_6e786d/p_The first Doodle was a simple out-of-offi_345e61")): Object 'Object Repository/Page_The Story and Evolution of Doodles - G_6e786d/p_The first Doodle was a simple out-of-offi_345e61' is visible

07-06-2024T14:03:59 - [MESSAGE][PASSED] - Object 'Object Repository/Page_The Story and Evolution of Doodles - G_6e786d/p_The first Doodle was a simple out-of-offi_345e61' is visible

07-06-2024T14:03:59 - [TEST_STEP][PASSED] - verifyElementVisible(findTestObject("Object Repository/Page_The Story and Evolution of Doodles - G_6e786d/h2_Weve created more than 5,000 Doodles ove_111429")): Object 'Object Repository/Page_The Story and Evolution of Doodles - G_6e786d/h2_Weve created more than 5,000 Doodles ove_111429' is visible

07-06-2024T14:04:00 - [MESSAGE][PASSED] - Object 'Object Repository/Page_The Story and Evolution of Doodles - G_6e786d/h2_Weve created more than 5,000 Doodles ove_111429' is visible

07-06-2024T14:04:00 - [TEST_STEP][PASSED] - click(findTestObject("Object Repository/Page_The Story and Evolution of Doodles - G_6e786d/p_The first Doodle was a simple out-of-offi_345e61")): Object: 'Object Repository/Page_The Story and Evolution of Doodles - G_6e786d/p_The first Doodle was a simple out-of-offi_345e61' is clicked on

07-06-2024T14:04:00 - [MESSAGE][PASSED] - Object: 'Object Repository/Page_The Story and Evolution of Doodles - G_6e786d/p_The first Doodle was a simple out-of-offi_345e61' is clicked on

07-06-2024T14:04:00 - [TEST_STEP][PASSED] - verifyElementVisible(findTestObject("Object Repository/Page_The Story and Evolution of Doodles - G_6e786d/h1_The story behind Doodles")): Object 'Object Repository/Page_The Story and Evolution of Doodles - G_6e786d/h1_The story behind Doodles' is visible

07-06-2024T14:04:00 - [MESSAGE][PASSED] - Object 'Object Repository/Page_The Story and Evolution of Doodles - G_6e786d/h1_The story behind Doodles' is visible

07-06-2024T14:04:00 - [TEST_STEP][PASSED] - verifyElementVisible(findTestObject("Object Repository/Page_The Story and Evolution of Doodles - G_6e786d/p_The first Doodle was a simple out-of-offi_345e61")): Object 'Object Repository/Page_The Story and Evolution of Doodles - G_6e786d/p_The first Doodle was a simple out-of-offi_345e61' is visible

07-06-2024T14:04:00 - [MESSAGE][PASSED] - Object 'Object Repository/Page_The Story and Evolution of Doodles - G_6e786d/p_The first Doodle was a simple out-of-offi_345e61' is visible

07-06-2024T14:04:00 - [TEST_STEP][PASSED] - verifyElementVisible(findTestObject("Object Repository/Page_The Story and Evolution of Doodles - G_6e786d/h2_Weve created more than 5,000 Doodles ove_111429")): Object 'Object Repository/Page_The Story and Evolution of Doodles - G_6e786d/h2_Weve created more than 5,000 Doodles ove_111429' is visible

07-06-2024T14:04:00 - [MESSAGE][PASSED] - Object 'Object Repository/Page_The Story and Evolution of Doodles - G_6e786d/h2_Weve created more than 5,000 Doodles ove_111429' is visible

07-06-2024T14:04:00 - [TEST_STEP][PASSED] - click(findTestObject("Object Repository/Page_The Story and Evolution of Doodles - G_6e786d/p_The first Doodle was a simple out-of-offi_345e61")): Object: 'Object Repository/Page_The Story and Evolution of Doodles - G_6e786d/p_The first Doodle was a simple out-of-offi_345e61' is clicked on

07-06-2024T14:04:00 - [MESSAGE][PASSED] - Object: 'Object Repository/Page_The Story and Evolution of Doodles - G_6e786d/p_The first Doodle was a simple out-of-offi_345e61' is clicked on

07-06-2024T14:04:00 - [TEST_STEP][PASSED] - verifyElementVisible(findTestObject("Object Repository/Page_The Story and Evolution of Doodles - G_6e786d/h1_The story behind Doodles")): Object 'Object Repository/Page_The Story and Evolution of Doodles - G_6e786d/h1_The story behind Doodles' is visible

07-06-2024T14:04:00 - [MESSAGE][PASSED] - Object 'Object Repository/Page_The Story and Evolution of Doodles - G_6e786d/h1_The story behind Doodles' is visible

07-06-2024T14:04:00 - [TEST_STEP][PASSED] - verifyElementVisible(findTestObject("Object Repository/Page_The Story and Evolution of Doodles - G_6e786d/p_The first Doodle was a simple out-of-offi_345e61")): Object 'Object Repository/Page_The Story and Evolution of Doodles - G_6e786d/p_The first Doodle was a simple out-of-offi_345e61' is visible

07-06-2024T14:04:00 - [MESSAGE][PASSED] - Object 'Object Repository/Page_The Story and Evolution of Doodles - G_6e786d/p_The first Doodle was a simple out-of-offi_345e61' is visible

07-06-2024T14:04:00 - [TEST_STEP][PASSED] - verifyElementVisible(findTestObject("Object Repository/Page_The Story and Evolution of Doodles - G_6e786d/h2_Weve created more than 5,000 Doodles ove_111429")): Object 'Object Repository/Page_The Story and Evolution of Doodles - G_6e786d/h2_Weve created more than 5,000 Doodles ove_111429' is visible

07-06-2024T14:04:00 - [MESSAGE][PASSED] - Object 'Object Repository/Page_The Story and Evolution of Doodles - G_6e786d/h2_Weve created more than 5,000 Doodles ove_111429' is visible

07-06-2024T14:04:00 - [TEST_STEP][PASSED] - click(findTestObject("Object Repository/Page_The Story and Evolution of Doodles - G_6e786d/p_The first Doodle was a simple out-of-offi_345e61")): Object: 'Object Repository/Page_The Story and Evolution of Doodles - G_6e786d/p_The first Doodle was a simple out-of-offi_345e61' is clicked on

07-06-2024T14:04:00 - [MESSAGE][PASSED] - Object: 'Object Repository/Page_The Story and Evolution of Doodles - G_6e786d/p_The first Doodle was a simple out-of-offi_345e61' is clicked on

07-06-2024T14:04:00 - [TEST_STEP][PASSED] - verifyElementVisible(findTestObject("Object Repository/Page_The Story and Evolution of Doodles - G_6e786d/h1_The story behind Doodles")): Object 'Object Repository/Page_The Story and Evolution of Doodles - G_6e786d/h1_The story behind Doodles' is visible

07-06-2024T14:04:00 - [MESSAGE][PASSED] - Object 'Object Repository/Page_The Story and Evolution of Doodles - G_6e786d/h1_The story behind Doodles' is visible

07-06-2024T14:04:00 - [TEST_STEP][PASSED] - verifyElementVisible(findTestObject("Object Repository/Page_The Story and Evolution of Doodles - G_6e786d/p_The first Doodle was a simple out-of-offi_345e61")): Object 'Object Repository/Page_The Story and Evolution of Doodles - G_6e786d/p_The first Doodle was a simple out-of-offi_345e61' is visible

07-06-2024T14:04:00 - [MESSAGE][PASSED] - Object 'Object Repository/Page_The Story and Evolution of Doodles - G_6e786d/p_The first Doodle was a simple out-of-offi_345e61' is visible

07-06-2024T14:04:00 - [TEST_STEP][PASSED] - verifyElementVisible(findTestObject("Object Repository/Page_The Story and Evolution of Doodles - G_6e786d/h2_Weve created more than 5,000 Doodles ove_111429")): Object 'Object Repository/Page_The Story and Evolution of Doodles - G_6e786d/h2_Weve created more than 5,000 Doodles ove_111429' is visible

07-06-2024T14:04:00 - [MESSAGE][PASSED] - Object 'Object Repository/Page_The Story and Evolution of Doodles - G_6e786d/h2_Weve created more than 5,000 Doodles ove_111429' is visible

07-06-2024T14:04:00 - [TEST_STEP][PASSED] - click(findTestObject("Object Repository/Page_The Story and Evolution of Doodles - G_6e786d/p_The first Doodle was a simple out-of-offi_345e61")): Object: 'Object Repository/Page_The Story and Evolution of Doodles - G_6e786d/p_The first Doodle was a simple out-of-offi_345e61' is clicked on

07-06-2024T14:04:01 - [MESSAGE][PASSED] - Object: 'Object Repository/Page_The Story and Evolution of Doodles - G_6e786d/p_The first Doodle was a simple out-of-offi_345e61' is clicked on

07-06-2024T14:04:01 - [TEST_STEP][PASSED] - verifyElementVisible(findTestObject("Object Repository/Page_The Story and Evolution of Doodles - G_6e786d/h1_The story behind Doodles")): Object 'Object Repository/Page_The Story and Evolution of Doodles - G_6e786d/h1_The story behind Doodles' is visible

07-06-2024T14:04:01 - [MESSAGE][PASSED] - Object 'Object Repository/Page_The Story and Evolution of Doodles - G_6e786d/h1_The story behind Doodles' is visible

07-06-2024T14:04:01 - [TEST_STEP][PASSED] - verifyElementVisible(findTestObject("Object Repository/Page_The Story and Evolution of Doodles - G_6e786d/p_The first Doodle was a simple out-of-offi_345e61")): Object 'Object Repository/Page_The Story and Evolution of Doodles - G_6e786d/p_The first Doodle was a simple out-of-offi_345e61' is visible

07-06-2024T14:04:01 - [MESSAGE][PASSED] - Object 'Object Repository/Page_The Story and Evolution of Doodles - G_6e786d/p_The first Doodle was a simple out-of-offi_345e61' is visible

07-06-2024T14:04:01 - [TEST_STEP][PASSED] - verifyElementVisible(findTestObject("Object Repository/Page_The Story and Evolution of Doodles - G_6e786d/h2_Weve created more than 5,000 Doodles ove_111429")): Object 'Object Repository/Page_The Story and Evolution of Doodles - G_6e786d/h2_Weve created more than 5,000 Doodles ove_111429' is visible

07-06-2024T14:04:01 - [MESSAGE][PASSED] - Object 'Object Repository/Page_The Story and Evolution of Doodles - G_6e786d/h2_Weve created more than 5,000 Doodles ove_111429' is visible

07-06-2024T14:04:01 - [TEST_STEP][PASSED] - click(findTestObject("Object Repository/Page_The Story and Evolution of Doodles - G_6e786d/p_The first Doodle was a simple out-of-offi_345e61")): Object: 'Object Repository/Page_The Story and Evolution of Doodles - G_6e786d/p_The first Doodle was a simple out-of-offi_345e61' is clicked on

07-06-2024T14:04:01 - [MESSAGE][PASSED] - Object: 'Object Repository/Page_The Story and Evolution of Doodles - G_6e786d/p_The first Doodle was a simple out-of-offi_345e61' is clicked on

07-06-2024T14:04:01 - [TEST_STEP][PASSED] - verifyElementVisible(findTestObject("Object Repository/Page_The Story and Evolution of Doodles - G_6e786d/h1_The story behind Doodles")): Object 'Object Repository/Page_The Story and Evolution of Doodles - G_6e786d/h1_The story behind Doodles' is visible

07-06-2024T14:04:01 - [MESSAGE][PASSED] - Object 'Object Repository/Page_The Story and Evolution of Doodles - G_6e786d/h1_The story behind Doodles' is visible

07-06-2024T14:04:01 - [TEST_STEP][PASSED] - verifyElementVisible(findTestObject("Object Repository/Page_The Story and Evolution of Doodles - G_6e786d/p_The first Doodle was a simple out-of-offi_345e61")): Object 'Object Repository/Page_The Story and Evolution of Doodles - G_6e786d/p_The first Doodle was a simple out-of-offi_345e61' is visible

07-06-2024T14:04:01 - [MESSAGE][PASSED] - Object 'Object Repository/Page_The Story and Evolution of Doodles - G_6e786d/p_The first Doodle was a simple out-of-offi_345e61' is visible

07-06-2024T14:04:01 - [TEST_STEP][PASSED] - verifyElementVisible(findTestObject("Object Repository/Page_The Story and Evolution of Doodles - G_6e786d/h2_Weve created more than 5,000 Doodles ove_111429")): Object 'Object Repository/Page_The Story and Evolution of Doodles - G_6e786d/h2_Weve created more than 5,000 Doodles ove_111429' is visible

07-06-2024T14:04:01 - [MESSAGE][PASSED] - Object 'Object Repository/Page_The Story and Evolution of Doodles - G_6e786d/h2_Weve created more than 5,000 Doodles ove_111429' is visible

07-06-2024T14:04:01 - [TEST_STEP][PASSED] - click(findTestObject("Object Repository/Page_The Story and Evolution of Doodles - G_6e786d/p_The first Doodle was a simple out-of-offi_345e61")): Object: 'Object Repository/Page_The Story and Evolution of Doodles - G_6e786d/p_The first Doodle was a simple out-of-offi_345e61' is clicked on

07-06-2024T14:04:01 - [MESSAGE][PASSED] - Object: 'Object Repository/Page_The Story and Evolution of Doodles - G_6e786d/p_The first Doodle was a simple out-of-offi_345e61' is clicked on

07-06-2024T14:04:01 - [TEST_STEP][PASSED] - verifyElementVisible(findTestObject("Object Repository/Page_The Story and Evolution of Doodles - G_6e786d/h1_The story behind Doodles")): Object 'Object Repository/Page_The Story and Evolution of Doodles - G_6e786d/h1_The story behind Doodles' is visible

07-06-2024T14:04:01 - [MESSAGE][PASSED] - Object 'Object Repository/Page_The Story and Evolution of Doodles - G_6e786d/h1_The story behind Doodles' is visible

07-06-2024T14:04:01 - [TEST_STEP][PASSED] - verifyElementVisible(findTestObject("Object Repository/Page_The Story and Evolution of Doodles - G_6e786d/p_The first Doodle was a simple out-of-offi_345e61")): Object 'Object Repository/Page_The Story and Evolution of Doodles - G_6e786d/p_The first Doodle was a simple out-of-offi_345e61' is visible

07-06-2024T14:04:01 - [MESSAGE][PASSED] - Object 'Object Repository/Page_The Story and Evolution of Doodles - G_6e786d/p_The first Doodle was a simple out-of-offi_345e61' is visible

07-06-2024T14:04:01 - [TEST_STEP][PASSED] - verifyElementVisible(findTestObject("Object Repository/Page_The Story and Evolution of Doodles - G_6e786d/h2_Weve created more than 5,000 Doodles ove_111429")): Object 'Object Repository/Page_The Story and Evolution of Doodles - G_6e786d/h2_Weve created more than 5,000 Doodles ove_111429' is visible

07-06-2024T14:04:01 - [MESSAGE][PASSED] - Object 'Object Repository/Page_The Story and Evolution of Doodles - G_6e786d/h2_Weve created more than 5,000 Doodles ove_111429' is visible

07-06-2024T14:04:01 - [TEST_STEP][PASSED] - click(findTestObject("Object Repository/Page_The Story and Evolution of Doodles - G_6e786d/p_The first Doodle was a simple out-of-offi_345e61")): Object: 'Object Repository/Page_The Story and Evolution of Doodles - G_6e786d/p_The first Doodle was a simple out-of-offi_345e61' is clicked on

07-06-2024T14:04:02 - [MESSAGE][PASSED] - Object: 'Object Repository/Page_The Story and Evolution of Doodles - G_6e786d/p_The first Doodle was a simple out-of-offi_345e61' is clicked on

07-06-2024T14:04:02 - [TEST_STEP][PASSED] - verifyElementVisible(findTestObject("Object Repository/Page_The Story and Evolution of Doodles - G_6e786d/h1_The story behind Doodles")): Object 'Object Repository/Page_The Story and Evolution of Doodles - G_6e786d/h1_The story behind Doodles' is visible

07-06-2024T14:04:02 - [MESSAGE][PASSED] - Object 'Object Repository/Page_The Story and Evolution of Doodles - G_6e786d/h1_The story behind Doodles' is visible

07-06-2024T14:04:02 - [TEST_STEP][PASSED] - verifyElementVisible(findTestObject("Object Repository/Page_The Story and Evolution of Doodles - G_6e786d/p_The first Doodle was a simple out-of-offi_345e61")): Object 'Object Repository/Page_The Story and Evolution of Doodles - G_6e786d/p_The first Doodle was a simple out-of-offi_345e61' is visible

07-06-2024T14:04:02 - [MESSAGE][PASSED] - Object 'Object Repository/Page_The Story and Evolution of Doodles - G_6e786d/p_The first Doodle was a simple out-of-offi_345e61' is visible

07-06-2024T14:04:02 - [TEST_STEP][PASSED] - verifyElementVisible(findTestObject("Object Repository/Page_The Story and Evolution of Doodles - G_6e786d/h2_Weve created more than 5,000 Doodles ove_111429")): Object 'Object Repository/Page_The Story and Evolution of Doodles - G_6e786d/h2_Weve created more than 5,000 Doodles ove_111429' is visible

07-06-2024T14:04:02 - [MESSAGE][PASSED] - Object 'Object Repository/Page_The Story and Evolution of Doodles - G_6e786d/h2_Weve created more than 5,000 Doodles ove_111429' is visible

07-06-2024T14:04:02 - [TEST_STEP][PASSED] - click(findTestObject("Object Repository/Page_The Story and Evolution of Doodles - G_6e786d/p_The first Doodle was a simple out-of-offi_345e61")): Object: 'Object Repository/Page_The Story and Evolution of Doodles - G_6e786d/p_The first Doodle was a simple out-of-offi_345e61' is clicked on

07-06-2024T14:04:02 - [MESSAGE][PASSED] - Object: 'Object Repository/Page_The Story and Evolution of Doodles - G_6e786d/p_The first Doodle was a simple out-of-offi_345e61' is clicked on

07-06-2024T14:04:02 - [TEST_STEP][PASSED] - verifyElementVisible(findTestObject("Object Repository/Page_The Story and Evolution of Doodles - G_6e786d/h1_The story behind Doodles")): Object 'Object Repository/Page_The Story and Evolution of Doodles - G_6e786d/h1_The story behind Doodles' is visible

07-06-2024T14:04:02 - [MESSAGE][PASSED] - Object 'Object Repository/Page_The Story and Evolution of Doodles - G_6e786d/h1_The story behind Doodles' is visible

07-06-2024T14:04:02 - [TEST_STEP][PASSED] - verifyElementVisible(findTestObject("Object Repository/Page_The Story and Evolution of Doodles - G_6e786d/p_The first Doodle was a simple out-of-offi_345e61")): Object 'Object Repository/Page_The Story and Evolution of Doodles - G_6e786d/p_The first Doodle was a simple out-of-offi_345e61' is visible

07-06-2024T14:04:02 - [MESSAGE][PASSED] - Object 'Object Repository/Page_The Story and Evolution of Doodles - G_6e786d/p_The first Doodle was a simple out-of-offi_345e61' is visible

07-06-2024T14:04:02 - [TEST_STEP][PASSED] - verifyElementVisible(findTestObject("Object Repository/Page_The Story and Evolution of Doodles - G_6e786d/h2_Weve created more than 5,000 Doodles ove_111429")): Object 'Object Repository/Page_The Story and Evolution of Doodles - G_6e786d/h2_Weve created more than 5,000 Doodles ove_111429' is visible

07-06-2024T14:04:02 - [MESSAGE][PASSED] - Object 'Object Repository/Page_The Story and Evolution of Doodles - G_6e786d/h2_Weve created more than 5,000 Doodles ove_111429' is visible]]></system-out>
         <system-err><![CDATA[]]></system-err>
      </testcase>
      <testcase name="Test Cases/test case folder 1/tc1 - Copy (1) - Copy (4)" time="8.247" classname="Test Cases/test case folder 1/tc1 - Copy (1) - Copy (4)" status="PASSED">
         <system-out><![CDATA[07-06-2024T14:04:02 - [TEST_CASE][PASSED] - Test Cases/test case folder 1/tc1 - Copy (1) - Copy (4): Test Cases/test case folder 1/tc1 - Copy (1) - Copy (4)

07-06-2024T14:04:02 - [TEST_STEP][PASSED] - openBrowser(""): Browser is opened with url: ''

07-06-2024T14:04:02 - [MESSAGE][WARNING] - A browser is already opened. Closing browser and opening a new one

07-06-2024T14:04:03 - [MESSAGE][INFO] - Starting 'Firefox (headless)' driver

07-06-2024T14:04:03 - [MESSAGE][INFO] - Action delay is set to 0 milliseconds

07-06-2024T14:04:05 - [MESSAGE][PASSED] - Browser is opened with url: ''

07-06-2024T14:04:05 - [TEST_STEP][PASSED] - navigateToUrl("https://doodles.google/about/"): Navigate to 'https://doodles.google/about/' successfully

07-06-2024T14:04:07 - [MESSAGE][PASSED] - Navigate to 'https://doodles.google/about/' successfully

07-06-2024T14:04:07 - [TEST_STEP][PASSED] - click(findTestObject("Object Repository/Page_The Story and Evolution of Doodles - G_6e786d/p_The first Doodle was a simple out-of-offi_345e61")): Object: 'Object Repository/Page_The Story and Evolution of Doodles - G_6e786d/p_The first Doodle was a simple out-of-offi_345e61' is clicked on

07-06-2024T14:04:07 - [MESSAGE][PASSED] - Object: 'Object Repository/Page_The Story and Evolution of Doodles - G_6e786d/p_The first Doodle was a simple out-of-offi_345e61' is clicked on

07-06-2024T14:04:07 - [TEST_STEP][PASSED] - click(findTestObject("Object Repository/Page_The Story and Evolution of Doodles - G_6e786d/p_The first Doodle was a simple out-of-offi_345e61")): Object: 'Object Repository/Page_The Story and Evolution of Doodles - G_6e786d/p_The first Doodle was a simple out-of-offi_345e61' is clicked on

07-06-2024T14:04:07 - [MESSAGE][PASSED] - Object: 'Object Repository/Page_The Story and Evolution of Doodles - G_6e786d/p_The first Doodle was a simple out-of-offi_345e61' is clicked on

07-06-2024T14:04:07 - [TEST_STEP][PASSED] - verifyElementVisible(findTestObject("Object Repository/Page_The Story and Evolution of Doodles - G_6e786d/h1_The story behind Doodles")): Object 'Object Repository/Page_The Story and Evolution of Doodles - G_6e786d/h1_The story behind Doodles' is visible

07-06-2024T14:04:07 - [MESSAGE][PASSED] - Object 'Object Repository/Page_The Story and Evolution of Doodles - G_6e786d/h1_The story behind Doodles' is visible

07-06-2024T14:04:07 - [TEST_STEP][PASSED] - verifyElementVisible(findTestObject("Object Repository/Page_The Story and Evolution of Doodles - G_6e786d/p_The first Doodle was a simple out-of-offi_345e61")): Object 'Object Repository/Page_The Story and Evolution of Doodles - G_6e786d/p_The first Doodle was a simple out-of-offi_345e61' is visible

07-06-2024T14:04:07 - [MESSAGE][PASSED] - Object 'Object Repository/Page_The Story and Evolution of Doodles - G_6e786d/p_The first Doodle was a simple out-of-offi_345e61' is visible

07-06-2024T14:04:07 - [TEST_STEP][PASSED] - verifyElementVisible(findTestObject("Object Repository/Page_The Story and Evolution of Doodles - G_6e786d/h2_Weve created more than 5,000 Doodles ove_111429")): Object 'Object Repository/Page_The Story and Evolution of Doodles - G_6e786d/h2_Weve created more than 5,000 Doodles ove_111429' is visible

07-06-2024T14:04:07 - [MESSAGE][PASSED] - Object 'Object Repository/Page_The Story and Evolution of Doodles - G_6e786d/h2_Weve created more than 5,000 Doodles ove_111429' is visible

07-06-2024T14:04:07 - [TEST_STEP][PASSED] - verifyElementVisible(findTestObject("Object Repository/Page_The Story and Evolution of Doodles - G_6e786d/h1_The story behind Doodles")): Object 'Object Repository/Page_The Story and Evolution of Doodles - G_6e786d/h1_The story behind Doodles' is visible

07-06-2024T14:04:07 - [MESSAGE][PASSED] - Object 'Object Repository/Page_The Story and Evolution of Doodles - G_6e786d/h1_The story behind Doodles' is visible

07-06-2024T14:04:07 - [TEST_STEP][PASSED] - verifyElementVisible(findTestObject("Object Repository/Page_The Story and Evolution of Doodles - G_6e786d/p_The first Doodle was a simple out-of-offi_345e61")): Object 'Object Repository/Page_The Story and Evolution of Doodles - G_6e786d/p_The first Doodle was a simple out-of-offi_345e61' is visible

07-06-2024T14:04:07 - [MESSAGE][PASSED] - Object 'Object Repository/Page_The Story and Evolution of Doodles - G_6e786d/p_The first Doodle was a simple out-of-offi_345e61' is visible

07-06-2024T14:04:07 - [TEST_STEP][PASSED] - verifyElementVisible(findTestObject("Object Repository/Page_The Story and Evolution of Doodles - G_6e786d/h2_Weve created more than 5,000 Doodles ove_111429")): Object 'Object Repository/Page_The Story and Evolution of Doodles - G_6e786d/h2_Weve created more than 5,000 Doodles ove_111429' is visible

07-06-2024T14:04:07 - [MESSAGE][PASSED] - Object 'Object Repository/Page_The Story and Evolution of Doodles - G_6e786d/h2_Weve created more than 5,000 Doodles ove_111429' is visible

07-06-2024T14:04:07 - [TEST_STEP][PASSED] - click(findTestObject("Object Repository/Page_The Story and Evolution of Doodles - G_6e786d/p_The first Doodle was a simple out-of-offi_345e61")): Object: 'Object Repository/Page_The Story and Evolution of Doodles - G_6e786d/p_The first Doodle was a simple out-of-offi_345e61' is clicked on

07-06-2024T14:04:08 - [MESSAGE][PASSED] - Object: 'Object Repository/Page_The Story and Evolution of Doodles - G_6e786d/p_The first Doodle was a simple out-of-offi_345e61' is clicked on

07-06-2024T14:04:08 - [TEST_STEP][PASSED] - verifyElementVisible(findTestObject("Object Repository/Page_The Story and Evolution of Doodles - G_6e786d/h1_The story behind Doodles")): Object 'Object Repository/Page_The Story and Evolution of Doodles - G_6e786d/h1_The story behind Doodles' is visible

07-06-2024T14:04:08 - [MESSAGE][PASSED] - Object 'Object Repository/Page_The Story and Evolution of Doodles - G_6e786d/h1_The story behind Doodles' is visible

07-06-2024T14:04:08 - [TEST_STEP][PASSED] - verifyElementVisible(findTestObject("Object Repository/Page_The Story and Evolution of Doodles - G_6e786d/p_The first Doodle was a simple out-of-offi_345e61")): Object 'Object Repository/Page_The Story and Evolution of Doodles - G_6e786d/p_The first Doodle was a simple out-of-offi_345e61' is visible

07-06-2024T14:04:08 - [MESSAGE][PASSED] - Object 'Object Repository/Page_The Story and Evolution of Doodles - G_6e786d/p_The first Doodle was a simple out-of-offi_345e61' is visible

07-06-2024T14:04:08 - [TEST_STEP][PASSED] - verifyElementVisible(findTestObject("Object Repository/Page_The Story and Evolution of Doodles - G_6e786d/h2_Weve created more than 5,000 Doodles ove_111429")): Object 'Object Repository/Page_The Story and Evolution of Doodles - G_6e786d/h2_Weve created more than 5,000 Doodles ove_111429' is visible

07-06-2024T14:04:08 - [MESSAGE][PASSED] - Object 'Object Repository/Page_The Story and Evolution of Doodles - G_6e786d/h2_Weve created more than 5,000 Doodles ove_111429' is visible

07-06-2024T14:04:08 - [TEST_STEP][PASSED] - click(findTestObject("Object Repository/Page_The Story and Evolution of Doodles - G_6e786d/p_The first Doodle was a simple out-of-offi_345e61")): Object: 'Object Repository/Page_The Story and Evolution of Doodles - G_6e786d/p_The first Doodle was a simple out-of-offi_345e61' is clicked on

07-06-2024T14:04:08 - [MESSAGE][PASSED] - Object: 'Object Repository/Page_The Story and Evolution of Doodles - G_6e786d/p_The first Doodle was a simple out-of-offi_345e61' is clicked on

07-06-2024T14:04:08 - [TEST_STEP][PASSED] - verifyElementVisible(findTestObject("Object Repository/Page_The Story and Evolution of Doodles - G_6e786d/h1_The story behind Doodles")): Object 'Object Repository/Page_The Story and Evolution of Doodles - G_6e786d/h1_The story behind Doodles' is visible

07-06-2024T14:04:08 - [MESSAGE][PASSED] - Object 'Object Repository/Page_The Story and Evolution of Doodles - G_6e786d/h1_The story behind Doodles' is visible

07-06-2024T14:04:08 - [TEST_STEP][PASSED] - verifyElementVisible(findTestObject("Object Repository/Page_The Story and Evolution of Doodles - G_6e786d/p_The first Doodle was a simple out-of-offi_345e61")): Object 'Object Repository/Page_The Story and Evolution of Doodles - G_6e786d/p_The first Doodle was a simple out-of-offi_345e61' is visible

07-06-2024T14:04:08 - [MESSAGE][PASSED] - Object 'Object Repository/Page_The Story and Evolution of Doodles - G_6e786d/p_The first Doodle was a simple out-of-offi_345e61' is visible

07-06-2024T14:04:08 - [TEST_STEP][PASSED] - verifyElementVisible(findTestObject("Object Repository/Page_The Story and Evolution of Doodles - G_6e786d/h2_Weve created more than 5,000 Doodles ove_111429")): Object 'Object Repository/Page_The Story and Evolution of Doodles - G_6e786d/h2_Weve created more than 5,000 Doodles ove_111429' is visible

07-06-2024T14:04:08 - [MESSAGE][PASSED] - Object 'Object Repository/Page_The Story and Evolution of Doodles - G_6e786d/h2_Weve created more than 5,000 Doodles ove_111429' is visible

07-06-2024T14:04:08 - [TEST_STEP][PASSED] - click(findTestObject("Object Repository/Page_The Story and Evolution of Doodles - G_6e786d/p_The first Doodle was a simple out-of-offi_345e61")): Object: 'Object Repository/Page_The Story and Evolution of Doodles - G_6e786d/p_The first Doodle was a simple out-of-offi_345e61' is clicked on

07-06-2024T14:04:08 - [MESSAGE][PASSED] - Object: 'Object Repository/Page_The Story and Evolution of Doodles - G_6e786d/p_The first Doodle was a simple out-of-offi_345e61' is clicked on

07-06-2024T14:04:08 - [TEST_STEP][PASSED] - verifyElementVisible(findTestObject("Object Repository/Page_The Story and Evolution of Doodles - G_6e786d/h1_The story behind Doodles")): Object 'Object Repository/Page_The Story and Evolution of Doodles - G_6e786d/h1_The story behind Doodles' is visible

07-06-2024T14:04:08 - [MESSAGE][PASSED] - Object 'Object Repository/Page_The Story and Evolution of Doodles - G_6e786d/h1_The story behind Doodles' is visible

07-06-2024T14:04:08 - [TEST_STEP][PASSED] - verifyElementVisible(findTestObject("Object Repository/Page_The Story and Evolution of Doodles - G_6e786d/p_The first Doodle was a simple out-of-offi_345e61")): Object 'Object Repository/Page_The Story and Evolution of Doodles - G_6e786d/p_The first Doodle was a simple out-of-offi_345e61' is visible

07-06-2024T14:04:08 - [MESSAGE][PASSED] - Object 'Object Repository/Page_The Story and Evolution of Doodles - G_6e786d/p_The first Doodle was a simple out-of-offi_345e61' is visible

07-06-2024T14:04:08 - [TEST_STEP][PASSED] - verifyElementVisible(findTestObject("Object Repository/Page_The Story and Evolution of Doodles - G_6e786d/h2_Weve created more than 5,000 Doodles ove_111429")): Object 'Object Repository/Page_The Story and Evolution of Doodles - G_6e786d/h2_Weve created more than 5,000 Doodles ove_111429' is visible

07-06-2024T14:04:08 - [MESSAGE][PASSED] - Object 'Object Repository/Page_The Story and Evolution of Doodles - G_6e786d/h2_Weve created more than 5,000 Doodles ove_111429' is visible

07-06-2024T14:04:08 - [TEST_STEP][PASSED] - click(findTestObject("Object Repository/Page_The Story and Evolution of Doodles - G_6e786d/p_The first Doodle was a simple out-of-offi_345e61")): Object: 'Object Repository/Page_The Story and Evolution of Doodles - G_6e786d/p_The first Doodle was a simple out-of-offi_345e61' is clicked on

07-06-2024T14:04:09 - [MESSAGE][PASSED] - Object: 'Object Repository/Page_The Story and Evolution of Doodles - G_6e786d/p_The first Doodle was a simple out-of-offi_345e61' is clicked on

07-06-2024T14:04:09 - [TEST_STEP][PASSED] - verifyElementVisible(findTestObject("Object Repository/Page_The Story and Evolution of Doodles - G_6e786d/h1_The story behind Doodles")): Object 'Object Repository/Page_The Story and Evolution of Doodles - G_6e786d/h1_The story behind Doodles' is visible

07-06-2024T14:04:09 - [MESSAGE][PASSED] - Object 'Object Repository/Page_The Story and Evolution of Doodles - G_6e786d/h1_The story behind Doodles' is visible

07-06-2024T14:04:09 - [TEST_STEP][PASSED] - verifyElementVisible(findTestObject("Object Repository/Page_The Story and Evolution of Doodles - G_6e786d/p_The first Doodle was a simple out-of-offi_345e61")): Object 'Object Repository/Page_The Story and Evolution of Doodles - G_6e786d/p_The first Doodle was a simple out-of-offi_345e61' is visible

07-06-2024T14:04:09 - [MESSAGE][PASSED] - Object 'Object Repository/Page_The Story and Evolution of Doodles - G_6e786d/p_The first Doodle was a simple out-of-offi_345e61' is visible

07-06-2024T14:04:09 - [TEST_STEP][PASSED] - verifyElementVisible(findTestObject("Object Repository/Page_The Story and Evolution of Doodles - G_6e786d/h2_Weve created more than 5,000 Doodles ove_111429")): Object 'Object Repository/Page_The Story and Evolution of Doodles - G_6e786d/h2_Weve created more than 5,000 Doodles ove_111429' is visible

07-06-2024T14:04:09 - [MESSAGE][PASSED] - Object 'Object Repository/Page_The Story and Evolution of Doodles - G_6e786d/h2_Weve created more than 5,000 Doodles ove_111429' is visible

07-06-2024T14:04:09 - [TEST_STEP][PASSED] - click(findTestObject("Object Repository/Page_The Story and Evolution of Doodles - G_6e786d/p_The first Doodle was a simple out-of-offi_345e61")): Object: 'Object Repository/Page_The Story and Evolution of Doodles - G_6e786d/p_The first Doodle was a simple out-of-offi_345e61' is clicked on

07-06-2024T14:04:09 - [MESSAGE][PASSED] - Object: 'Object Repository/Page_The Story and Evolution of Doodles - G_6e786d/p_The first Doodle was a simple out-of-offi_345e61' is clicked on

07-06-2024T14:04:09 - [TEST_STEP][PASSED] - verifyElementVisible(findTestObject("Object Repository/Page_The Story and Evolution of Doodles - G_6e786d/h1_The story behind Doodles")): Object 'Object Repository/Page_The Story and Evolution of Doodles - G_6e786d/h1_The story behind Doodles' is visible

07-06-2024T14:04:09 - [MESSAGE][PASSED] - Object 'Object Repository/Page_The Story and Evolution of Doodles - G_6e786d/h1_The story behind Doodles' is visible

07-06-2024T14:04:09 - [TEST_STEP][PASSED] - verifyElementVisible(findTestObject("Object Repository/Page_The Story and Evolution of Doodles - G_6e786d/p_The first Doodle was a simple out-of-offi_345e61")): Object 'Object Repository/Page_The Story and Evolution of Doodles - G_6e786d/p_The first Doodle was a simple out-of-offi_345e61' is visible

07-06-2024T14:04:09 - [MESSAGE][PASSED] - Object 'Object Repository/Page_The Story and Evolution of Doodles - G_6e786d/p_The first Doodle was a simple out-of-offi_345e61' is visible

07-06-2024T14:04:09 - [TEST_STEP][PASSED] - verifyElementVisible(findTestObject("Object Repository/Page_The Story and Evolution of Doodles - G_6e786d/h2_Weve created more than 5,000 Doodles ove_111429")): Object 'Object Repository/Page_The Story and Evolution of Doodles - G_6e786d/h2_Weve created more than 5,000 Doodles ove_111429' is visible

07-06-2024T14:04:09 - [MESSAGE][PASSED] - Object 'Object Repository/Page_The Story and Evolution of Doodles - G_6e786d/h2_Weve created more than 5,000 Doodles ove_111429' is visible

07-06-2024T14:04:09 - [TEST_STEP][PASSED] - click(findTestObject("Object Repository/Page_The Story and Evolution of Doodles - G_6e786d/p_The first Doodle was a simple out-of-offi_345e61")): Object: 'Object Repository/Page_The Story and Evolution of Doodles - G_6e786d/p_The first Doodle was a simple out-of-offi_345e61' is clicked on

07-06-2024T14:04:09 - [MESSAGE][PASSED] - Object: 'Object Repository/Page_The Story and Evolution of Doodles - G_6e786d/p_The first Doodle was a simple out-of-offi_345e61' is clicked on

07-06-2024T14:04:09 - [TEST_STEP][PASSED] - verifyElementVisible(findTestObject("Object Repository/Page_The Story and Evolution of Doodles - G_6e786d/h1_The story behind Doodles")): Object 'Object Repository/Page_The Story and Evolution of Doodles - G_6e786d/h1_The story behind Doodles' is visible

07-06-2024T14:04:09 - [MESSAGE][PASSED] - Object 'Object Repository/Page_The Story and Evolution of Doodles - G_6e786d/h1_The story behind Doodles' is visible

07-06-2024T14:04:09 - [TEST_STEP][PASSED] - verifyElementVisible(findTestObject("Object Repository/Page_The Story and Evolution of Doodles - G_6e786d/p_The first Doodle was a simple out-of-offi_345e61")): Object 'Object Repository/Page_The Story and Evolution of Doodles - G_6e786d/p_The first Doodle was a simple out-of-offi_345e61' is visible

07-06-2024T14:04:09 - [MESSAGE][PASSED] - Object 'Object Repository/Page_The Story and Evolution of Doodles - G_6e786d/p_The first Doodle was a simple out-of-offi_345e61' is visible

07-06-2024T14:04:09 - [TEST_STEP][PASSED] - verifyElementVisible(findTestObject("Object Repository/Page_The Story and Evolution of Doodles - G_6e786d/h2_Weve created more than 5,000 Doodles ove_111429")): Object 'Object Repository/Page_The Story and Evolution of Doodles - G_6e786d/h2_Weve created more than 5,000 Doodles ove_111429' is visible

07-06-2024T14:04:09 - [MESSAGE][PASSED] - Object 'Object Repository/Page_The Story and Evolution of Doodles - G_6e786d/h2_Weve created more than 5,000 Doodles ove_111429' is visible

07-06-2024T14:04:09 - [TEST_STEP][PASSED] - click(findTestObject("Object Repository/Page_The Story and Evolution of Doodles - G_6e786d/p_The first Doodle was a simple out-of-offi_345e61")): Object: 'Object Repository/Page_The Story and Evolution of Doodles - G_6e786d/p_The first Doodle was a simple out-of-offi_345e61' is clicked on

07-06-2024T14:04:10 - [MESSAGE][PASSED] - Object: 'Object Repository/Page_The Story and Evolution of Doodles - G_6e786d/p_The first Doodle was a simple out-of-offi_345e61' is clicked on

07-06-2024T14:04:10 - [TEST_STEP][PASSED] - verifyElementVisible(findTestObject("Object Repository/Page_The Story and Evolution of Doodles - G_6e786d/h1_The story behind Doodles")): Object 'Object Repository/Page_The Story and Evolution of Doodles - G_6e786d/h1_The story behind Doodles' is visible

07-06-2024T14:04:10 - [MESSAGE][PASSED] - Object 'Object Repository/Page_The Story and Evolution of Doodles - G_6e786d/h1_The story behind Doodles' is visible

07-06-2024T14:04:10 - [TEST_STEP][PASSED] - verifyElementVisible(findTestObject("Object Repository/Page_The Story and Evolution of Doodles - G_6e786d/p_The first Doodle was a simple out-of-offi_345e61")): Object 'Object Repository/Page_The Story and Evolution of Doodles - G_6e786d/p_The first Doodle was a simple out-of-offi_345e61' is visible

07-06-2024T14:04:10 - [MESSAGE][PASSED] - Object 'Object Repository/Page_The Story and Evolution of Doodles - G_6e786d/p_The first Doodle was a simple out-of-offi_345e61' is visible

07-06-2024T14:04:10 - [TEST_STEP][PASSED] - verifyElementVisible(findTestObject("Object Repository/Page_The Story and Evolution of Doodles - G_6e786d/h2_Weve created more than 5,000 Doodles ove_111429")): Object 'Object Repository/Page_The Story and Evolution of Doodles - G_6e786d/h2_Weve created more than 5,000 Doodles ove_111429' is visible

07-06-2024T14:04:10 - [MESSAGE][PASSED] - Object 'Object Repository/Page_The Story and Evolution of Doodles - G_6e786d/h2_Weve created more than 5,000 Doodles ove_111429' is visible

07-06-2024T14:04:10 - [TEST_STEP][PASSED] - click(findTestObject("Object Repository/Page_The Story and Evolution of Doodles - G_6e786d/p_The first Doodle was a simple out-of-offi_345e61")): Object: 'Object Repository/Page_The Story and Evolution of Doodles - G_6e786d/p_The first Doodle was a simple out-of-offi_345e61' is clicked on

07-06-2024T14:04:10 - [MESSAGE][PASSED] - Object: 'Object Repository/Page_The Story and Evolution of Doodles - G_6e786d/p_The first Doodle was a simple out-of-offi_345e61' is clicked on

07-06-2024T14:04:10 - [TEST_STEP][PASSED] - verifyElementVisible(findTestObject("Object Repository/Page_The Story and Evolution of Doodles - G_6e786d/h1_The story behind Doodles")): Object 'Object Repository/Page_The Story and Evolution of Doodles - G_6e786d/h1_The story behind Doodles' is visible

07-06-2024T14:04:10 - [MESSAGE][PASSED] - Object 'Object Repository/Page_The Story and Evolution of Doodles - G_6e786d/h1_The story behind Doodles' is visible

07-06-2024T14:04:10 - [TEST_STEP][PASSED] - verifyElementVisible(findTestObject("Object Repository/Page_The Story and Evolution of Doodles - G_6e786d/p_The first Doodle was a simple out-of-offi_345e61")): Object 'Object Repository/Page_The Story and Evolution of Doodles - G_6e786d/p_The first Doodle was a simple out-of-offi_345e61' is visible

07-06-2024T14:04:10 - [MESSAGE][PASSED] - Object 'Object Repository/Page_The Story and Evolution of Doodles - G_6e786d/p_The first Doodle was a simple out-of-offi_345e61' is visible

07-06-2024T14:04:10 - [TEST_STEP][PASSED] - verifyElementVisible(findTestObject("Object Repository/Page_The Story and Evolution of Doodles - G_6e786d/h2_Weve created more than 5,000 Doodles ove_111429")): Object 'Object Repository/Page_The Story and Evolution of Doodles - G_6e786d/h2_Weve created more than 5,000 Doodles ove_111429' is visible

07-06-2024T14:04:10 - [MESSAGE][PASSED] - Object 'Object Repository/Page_The Story and Evolution of Doodles - G_6e786d/h2_Weve created more than 5,000 Doodles ove_111429' is visible

07-06-2024T14:04:10 - [TEST_STEP][PASSED] - click(findTestObject("Object Repository/Page_The Story and Evolution of Doodles - G_6e786d/p_The first Doodle was a simple out-of-offi_345e61")): Object: 'Object Repository/Page_The Story and Evolution of Doodles - G_6e786d/p_The first Doodle was a simple out-of-offi_345e61' is clicked on

07-06-2024T14:04:10 - [MESSAGE][PASSED] - Object: 'Object Repository/Page_The Story and Evolution of Doodles - G_6e786d/p_The first Doodle was a simple out-of-offi_345e61' is clicked on

07-06-2024T14:04:10 - [TEST_STEP][PASSED] - verifyElementVisible(findTestObject("Object Repository/Page_The Story and Evolution of Doodles - G_6e786d/h1_The story behind Doodles")): Object 'Object Repository/Page_The Story and Evolution of Doodles - G_6e786d/h1_The story behind Doodles' is visible

07-06-2024T14:04:10 - [MESSAGE][PASSED] - Object 'Object Repository/Page_The Story and Evolution of Doodles - G_6e786d/h1_The story behind Doodles' is visible

07-06-2024T14:04:10 - [TEST_STEP][PASSED] - verifyElementVisible(findTestObject("Object Repository/Page_The Story and Evolution of Doodles - G_6e786d/p_The first Doodle was a simple out-of-offi_345e61")): Object 'Object Repository/Page_The Story and Evolution of Doodles - G_6e786d/p_The first Doodle was a simple out-of-offi_345e61' is visible

07-06-2024T14:04:10 - [MESSAGE][PASSED] - Object 'Object Repository/Page_The Story and Evolution of Doodles - G_6e786d/p_The first Doodle was a simple out-of-offi_345e61' is visible

07-06-2024T14:04:10 - [TEST_STEP][PASSED] - verifyElementVisible(findTestObject("Object Repository/Page_The Story and Evolution of Doodles - G_6e786d/h2_Weve created more than 5,000 Doodles ove_111429")): Object 'Object Repository/Page_The Story and Evolution of Doodles - G_6e786d/h2_Weve created more than 5,000 Doodles ove_111429' is visible

07-06-2024T14:04:10 - [MESSAGE][PASSED] - Object 'Object Repository/Page_The Story and Evolution of Doodles - G_6e786d/h2_Weve created more than 5,000 Doodles ove_111429' is visible]]></system-out>
         <system-err><![CDATA[]]></system-err>
      </testcase>
      <testcase name="Test Cases/test case folder 1/tc1 - Copy (1) - Copy (5)" time="23.729" classname="Test Cases/test case folder 1/tc1 - Copy (1) - Copy (5)" status="PASSED">
         <system-out><![CDATA[07-06-2024T14:04:10 - [TEST_CASE][PASSED] - Test Cases/test case folder 1/tc1 - Copy (1) - Copy (5): Test Cases/test case folder 1/tc1 - Copy (1) - Copy (5)

07-06-2024T14:04:10 - [TEST_STEP][PASSED] - openBrowser(""): Browser is opened with url: ''

07-06-2024T14:04:10 - [MESSAGE][WARNING] - A browser is already opened. Closing browser and opening a new one

07-06-2024T14:04:11 - [MESSAGE][INFO] - Starting 'Firefox (headless)' driver

07-06-2024T14:04:11 - [MESSAGE][INFO] - Action delay is set to 0 milliseconds

07-06-2024T14:04:13 - [MESSAGE][PASSED] - Browser is opened with url: ''

07-06-2024T14:04:13 - [TEST_STEP][PASSED] - navigateToUrl("https://doodles.google/about/"): Navigate to 'https://doodles.google/about/' successfully

07-06-2024T14:04:30 - [MESSAGE][PASSED] - Navigate to 'https://doodles.google/about/' successfully

07-06-2024T14:04:30 - [TEST_STEP][PASSED] - click(findTestObject("Object Repository/Page_The Story and Evolution of Doodles - G_6e786d/p_The first Doodle was a simple out-of-offi_345e61")): Object: 'Object Repository/Page_The Story and Evolution of Doodles - G_6e786d/p_The first Doodle was a simple out-of-offi_345e61' is clicked on

07-06-2024T14:04:30 - [MESSAGE][PASSED] - Object: 'Object Repository/Page_The Story and Evolution of Doodles - G_6e786d/p_The first Doodle was a simple out-of-offi_345e61' is clicked on

07-06-2024T14:04:30 - [TEST_STEP][PASSED] - click(findTestObject("Object Repository/Page_The Story and Evolution of Doodles - G_6e786d/p_The first Doodle was a simple out-of-offi_345e61")): Object: 'Object Repository/Page_The Story and Evolution of Doodles - G_6e786d/p_The first Doodle was a simple out-of-offi_345e61' is clicked on

07-06-2024T14:04:31 - [MESSAGE][PASSED] - Object: 'Object Repository/Page_The Story and Evolution of Doodles - G_6e786d/p_The first Doodle was a simple out-of-offi_345e61' is clicked on

07-06-2024T14:04:31 - [TEST_STEP][PASSED] - verifyElementVisible(findTestObject("Object Repository/Page_The Story and Evolution of Doodles - G_6e786d/h1_The story behind Doodles")): Object 'Object Repository/Page_The Story and Evolution of Doodles - G_6e786d/h1_The story behind Doodles' is visible

07-06-2024T14:04:31 - [MESSAGE][PASSED] - Object 'Object Repository/Page_The Story and Evolution of Doodles - G_6e786d/h1_The story behind Doodles' is visible

07-06-2024T14:04:31 - [TEST_STEP][PASSED] - verifyElementVisible(findTestObject("Object Repository/Page_The Story and Evolution of Doodles - G_6e786d/p_The first Doodle was a simple out-of-offi_345e61")): Object 'Object Repository/Page_The Story and Evolution of Doodles - G_6e786d/p_The first Doodle was a simple out-of-offi_345e61' is visible

07-06-2024T14:04:31 - [MESSAGE][PASSED] - Object 'Object Repository/Page_The Story and Evolution of Doodles - G_6e786d/p_The first Doodle was a simple out-of-offi_345e61' is visible

07-06-2024T14:04:31 - [TEST_STEP][PASSED] - verifyElementVisible(findTestObject("Object Repository/Page_The Story and Evolution of Doodles - G_6e786d/h2_Weve created more than 5,000 Doodles ove_111429")): Object 'Object Repository/Page_The Story and Evolution of Doodles - G_6e786d/h2_Weve created more than 5,000 Doodles ove_111429' is visible

07-06-2024T14:04:31 - [MESSAGE][PASSED] - Object 'Object Repository/Page_The Story and Evolution of Doodles - G_6e786d/h2_Weve created more than 5,000 Doodles ove_111429' is visible

07-06-2024T14:04:31 - [TEST_STEP][PASSED] - verifyElementVisible(findTestObject("Object Repository/Page_The Story and Evolution of Doodles - G_6e786d/h1_The story behind Doodles")): Object 'Object Repository/Page_The Story and Evolution of Doodles - G_6e786d/h1_The story behind Doodles' is visible

07-06-2024T14:04:31 - [MESSAGE][PASSED] - Object 'Object Repository/Page_The Story and Evolution of Doodles - G_6e786d/h1_The story behind Doodles' is visible

07-06-2024T14:04:31 - [TEST_STEP][PASSED] - verifyElementVisible(findTestObject("Object Repository/Page_The Story and Evolution of Doodles - G_6e786d/p_The first Doodle was a simple out-of-offi_345e61")): Object 'Object Repository/Page_The Story and Evolution of Doodles - G_6e786d/p_The first Doodle was a simple out-of-offi_345e61' is visible

07-06-2024T14:04:31 - [MESSAGE][PASSED] - Object 'Object Repository/Page_The Story and Evolution of Doodles - G_6e786d/p_The first Doodle was a simple out-of-offi_345e61' is visible

07-06-2024T14:04:31 - [TEST_STEP][PASSED] - verifyElementVisible(findTestObject("Object Repository/Page_The Story and Evolution of Doodles - G_6e786d/h2_Weve created more than 5,000 Doodles ove_111429")): Object 'Object Repository/Page_The Story and Evolution of Doodles - G_6e786d/h2_Weve created more than 5,000 Doodles ove_111429' is visible

07-06-2024T14:04:31 - [MESSAGE][PASSED] - Object 'Object Repository/Page_The Story and Evolution of Doodles - G_6e786d/h2_Weve created more than 5,000 Doodles ove_111429' is visible

07-06-2024T14:04:31 - [TEST_STEP][PASSED] - click(findTestObject("Object Repository/Page_The Story and Evolution of Doodles - G_6e786d/p_The first Doodle was a simple out-of-offi_345e61")): Object: 'Object Repository/Page_The Story and Evolution of Doodles - G_6e786d/p_The first Doodle was a simple out-of-offi_345e61' is clicked on

07-06-2024T14:04:31 - [MESSAGE][PASSED] - Object: 'Object Repository/Page_The Story and Evolution of Doodles - G_6e786d/p_The first Doodle was a simple out-of-offi_345e61' is clicked on

07-06-2024T14:04:31 - [TEST_STEP][PASSED] - verifyElementVisible(findTestObject("Object Repository/Page_The Story and Evolution of Doodles - G_6e786d/h1_The story behind Doodles")): Object 'Object Repository/Page_The Story and Evolution of Doodles - G_6e786d/h1_The story behind Doodles' is visible

07-06-2024T14:04:31 - [MESSAGE][PASSED] - Object 'Object Repository/Page_The Story and Evolution of Doodles - G_6e786d/h1_The story behind Doodles' is visible

07-06-2024T14:04:31 - [TEST_STEP][PASSED] - verifyElementVisible(findTestObject("Object Repository/Page_The Story and Evolution of Doodles - G_6e786d/p_The first Doodle was a simple out-of-offi_345e61")): Object 'Object Repository/Page_The Story and Evolution of Doodles - G_6e786d/p_The first Doodle was a simple out-of-offi_345e61' is visible

07-06-2024T14:04:31 - [MESSAGE][PASSED] - Object 'Object Repository/Page_The Story and Evolution of Doodles - G_6e786d/p_The first Doodle was a simple out-of-offi_345e61' is visible

07-06-2024T14:04:31 - [TEST_STEP][PASSED] - verifyElementVisible(findTestObject("Object Repository/Page_The Story and Evolution of Doodles - G_6e786d/h2_Weve created more than 5,000 Doodles ove_111429")): Object 'Object Repository/Page_The Story and Evolution of Doodles - G_6e786d/h2_Weve created more than 5,000 Doodles ove_111429' is visible

07-06-2024T14:04:31 - [MESSAGE][PASSED] - Object 'Object Repository/Page_The Story and Evolution of Doodles - G_6e786d/h2_Weve created more than 5,000 Doodles ove_111429' is visible

07-06-2024T14:04:31 - [TEST_STEP][PASSED] - click(findTestObject("Object Repository/Page_The Story and Evolution of Doodles - G_6e786d/p_The first Doodle was a simple out-of-offi_345e61")): Object: 'Object Repository/Page_The Story and Evolution of Doodles - G_6e786d/p_The first Doodle was a simple out-of-offi_345e61' is clicked on

07-06-2024T14:04:32 - [MESSAGE][PASSED] - Object: 'Object Repository/Page_The Story and Evolution of Doodles - G_6e786d/p_The first Doodle was a simple out-of-offi_345e61' is clicked on

07-06-2024T14:04:32 - [TEST_STEP][PASSED] - verifyElementVisible(findTestObject("Object Repository/Page_The Story and Evolution of Doodles - G_6e786d/h1_The story behind Doodles")): Object 'Object Repository/Page_The Story and Evolution of Doodles - G_6e786d/h1_The story behind Doodles' is visible

07-06-2024T14:04:32 - [MESSAGE][PASSED] - Object 'Object Repository/Page_The Story and Evolution of Doodles - G_6e786d/h1_The story behind Doodles' is visible

07-06-2024T14:04:32 - [TEST_STEP][PASSED] - verifyElementVisible(findTestObject("Object Repository/Page_The Story and Evolution of Doodles - G_6e786d/p_The first Doodle was a simple out-of-offi_345e61")): Object 'Object Repository/Page_The Story and Evolution of Doodles - G_6e786d/p_The first Doodle was a simple out-of-offi_345e61' is visible

07-06-2024T14:04:32 - [MESSAGE][PASSED] - Object 'Object Repository/Page_The Story and Evolution of Doodles - G_6e786d/p_The first Doodle was a simple out-of-offi_345e61' is visible

07-06-2024T14:04:32 - [TEST_STEP][PASSED] - verifyElementVisible(findTestObject("Object Repository/Page_The Story and Evolution of Doodles - G_6e786d/h2_Weve created more than 5,000 Doodles ove_111429")): Object 'Object Repository/Page_The Story and Evolution of Doodles - G_6e786d/h2_Weve created more than 5,000 Doodles ove_111429' is visible

07-06-2024T14:04:32 - [MESSAGE][PASSED] - Object 'Object Repository/Page_The Story and Evolution of Doodles - G_6e786d/h2_Weve created more than 5,000 Doodles ove_111429' is visible

07-06-2024T14:04:32 - [TEST_STEP][PASSED] - click(findTestObject("Object Repository/Page_The Story and Evolution of Doodles - G_6e786d/p_The first Doodle was a simple out-of-offi_345e61")): Object: 'Object Repository/Page_The Story and Evolution of Doodles - G_6e786d/p_The first Doodle was a simple out-of-offi_345e61' is clicked on

07-06-2024T14:04:32 - [MESSAGE][PASSED] - Object: 'Object Repository/Page_The Story and Evolution of Doodles - G_6e786d/p_The first Doodle was a simple out-of-offi_345e61' is clicked on

07-06-2024T14:04:32 - [TEST_STEP][PASSED] - verifyElementVisible(findTestObject("Object Repository/Page_The Story and Evolution of Doodles - G_6e786d/h1_The story behind Doodles")): Object 'Object Repository/Page_The Story and Evolution of Doodles - G_6e786d/h1_The story behind Doodles' is visible

07-06-2024T14:04:32 - [MESSAGE][PASSED] - Object 'Object Repository/Page_The Story and Evolution of Doodles - G_6e786d/h1_The story behind Doodles' is visible

07-06-2024T14:04:32 - [TEST_STEP][PASSED] - verifyElementVisible(findTestObject("Object Repository/Page_The Story and Evolution of Doodles - G_6e786d/p_The first Doodle was a simple out-of-offi_345e61")): Object 'Object Repository/Page_The Story and Evolution of Doodles - G_6e786d/p_The first Doodle was a simple out-of-offi_345e61' is visible

07-06-2024T14:04:32 - [MESSAGE][PASSED] - Object 'Object Repository/Page_The Story and Evolution of Doodles - G_6e786d/p_The first Doodle was a simple out-of-offi_345e61' is visible

07-06-2024T14:04:32 - [TEST_STEP][PASSED] - verifyElementVisible(findTestObject("Object Repository/Page_The Story and Evolution of Doodles - G_6e786d/h2_Weve created more than 5,000 Doodles ove_111429")): Object 'Object Repository/Page_The Story and Evolution of Doodles - G_6e786d/h2_Weve created more than 5,000 Doodles ove_111429' is visible

07-06-2024T14:04:32 - [MESSAGE][PASSED] - Object 'Object Repository/Page_The Story and Evolution of Doodles - G_6e786d/h2_Weve created more than 5,000 Doodles ove_111429' is visible

07-06-2024T14:04:32 - [TEST_STEP][PASSED] - click(findTestObject("Object Repository/Page_The Story and Evolution of Doodles - G_6e786d/p_The first Doodle was a simple out-of-offi_345e61")): Object: 'Object Repository/Page_The Story and Evolution of Doodles - G_6e786d/p_The first Doodle was a simple out-of-offi_345e61' is clicked on

07-06-2024T14:04:32 - [MESSAGE][PASSED] - Object: 'Object Repository/Page_The Story and Evolution of Doodles - G_6e786d/p_The first Doodle was a simple out-of-offi_345e61' is clicked on

07-06-2024T14:04:32 - [TEST_STEP][PASSED] - verifyElementVisible(findTestObject("Object Repository/Page_The Story and Evolution of Doodles - G_6e786d/h1_The story behind Doodles")): Object 'Object Repository/Page_The Story and Evolution of Doodles - G_6e786d/h1_The story behind Doodles' is visible

07-06-2024T14:04:32 - [MESSAGE][PASSED] - Object 'Object Repository/Page_The Story and Evolution of Doodles - G_6e786d/h1_The story behind Doodles' is visible

07-06-2024T14:04:32 - [TEST_STEP][PASSED] - verifyElementVisible(findTestObject("Object Repository/Page_The Story and Evolution of Doodles - G_6e786d/p_The first Doodle was a simple out-of-offi_345e61")): Object 'Object Repository/Page_The Story and Evolution of Doodles - G_6e786d/p_The first Doodle was a simple out-of-offi_345e61' is visible

07-06-2024T14:04:32 - [MESSAGE][PASSED] - Object 'Object Repository/Page_The Story and Evolution of Doodles - G_6e786d/p_The first Doodle was a simple out-of-offi_345e61' is visible

07-06-2024T14:04:32 - [TEST_STEP][PASSED] - verifyElementVisible(findTestObject("Object Repository/Page_The Story and Evolution of Doodles - G_6e786d/h2_Weve created more than 5,000 Doodles ove_111429")): Object 'Object Repository/Page_The Story and Evolution of Doodles - G_6e786d/h2_Weve created more than 5,000 Doodles ove_111429' is visible

07-06-2024T14:04:32 - [MESSAGE][PASSED] - Object 'Object Repository/Page_The Story and Evolution of Doodles - G_6e786d/h2_Weve created more than 5,000 Doodles ove_111429' is visible

07-06-2024T14:04:32 - [TEST_STEP][PASSED] - click(findTestObject("Object Repository/Page_The Story and Evolution of Doodles - G_6e786d/p_The first Doodle was a simple out-of-offi_345e61")): Object: 'Object Repository/Page_The Story and Evolution of Doodles - G_6e786d/p_The first Doodle was a simple out-of-offi_345e61' is clicked on

07-06-2024T14:04:33 - [MESSAGE][PASSED] - Object: 'Object Repository/Page_The Story and Evolution of Doodles - G_6e786d/p_The first Doodle was a simple out-of-offi_345e61' is clicked on

07-06-2024T14:04:33 - [TEST_STEP][PASSED] - verifyElementVisible(findTestObject("Object Repository/Page_The Story and Evolution of Doodles - G_6e786d/h1_The story behind Doodles")): Object 'Object Repository/Page_The Story and Evolution of Doodles - G_6e786d/h1_The story behind Doodles' is visible

07-06-2024T14:04:33 - [MESSAGE][PASSED] - Object 'Object Repository/Page_The Story and Evolution of Doodles - G_6e786d/h1_The story behind Doodles' is visible

07-06-2024T14:04:33 - [TEST_STEP][PASSED] - verifyElementVisible(findTestObject("Object Repository/Page_The Story and Evolution of Doodles - G_6e786d/p_The first Doodle was a simple out-of-offi_345e61")): Object 'Object Repository/Page_The Story and Evolution of Doodles - G_6e786d/p_The first Doodle was a simple out-of-offi_345e61' is visible

07-06-2024T14:04:33 - [MESSAGE][PASSED] - Object 'Object Repository/Page_The Story and Evolution of Doodles - G_6e786d/p_The first Doodle was a simple out-of-offi_345e61' is visible

07-06-2024T14:04:33 - [TEST_STEP][PASSED] - verifyElementVisible(findTestObject("Object Repository/Page_The Story and Evolution of Doodles - G_6e786d/h2_Weve created more than 5,000 Doodles ove_111429")): Object 'Object Repository/Page_The Story and Evolution of Doodles - G_6e786d/h2_Weve created more than 5,000 Doodles ove_111429' is visible

07-06-2024T14:04:33 - [MESSAGE][PASSED] - Object 'Object Repository/Page_The Story and Evolution of Doodles - G_6e786d/h2_Weve created more than 5,000 Doodles ove_111429' is visible

07-06-2024T14:04:33 - [TEST_STEP][PASSED] - click(findTestObject("Object Repository/Page_The Story and Evolution of Doodles - G_6e786d/p_The first Doodle was a simple out-of-offi_345e61")): Object: 'Object Repository/Page_The Story and Evolution of Doodles - G_6e786d/p_The first Doodle was a simple out-of-offi_345e61' is clicked on

07-06-2024T14:04:33 - [MESSAGE][PASSED] - Object: 'Object Repository/Page_The Story and Evolution of Doodles - G_6e786d/p_The first Doodle was a simple out-of-offi_345e61' is clicked on

07-06-2024T14:04:33 - [TEST_STEP][PASSED] - verifyElementVisible(findTestObject("Object Repository/Page_The Story and Evolution of Doodles - G_6e786d/h1_The story behind Doodles")): Object 'Object Repository/Page_The Story and Evolution of Doodles - G_6e786d/h1_The story behind Doodles' is visible

07-06-2024T14:04:33 - [MESSAGE][PASSED] - Object 'Object Repository/Page_The Story and Evolution of Doodles - G_6e786d/h1_The story behind Doodles' is visible

07-06-2024T14:04:33 - [TEST_STEP][PASSED] - verifyElementVisible(findTestObject("Object Repository/Page_The Story and Evolution of Doodles - G_6e786d/p_The first Doodle was a simple out-of-offi_345e61")): Object 'Object Repository/Page_The Story and Evolution of Doodles - G_6e786d/p_The first Doodle was a simple out-of-offi_345e61' is visible

07-06-2024T14:04:33 - [MESSAGE][PASSED] - Object 'Object Repository/Page_The Story and Evolution of Doodles - G_6e786d/p_The first Doodle was a simple out-of-offi_345e61' is visible

07-06-2024T14:04:33 - [TEST_STEP][PASSED] - verifyElementVisible(findTestObject("Object Repository/Page_The Story and Evolution of Doodles - G_6e786d/h2_Weve created more than 5,000 Doodles ove_111429")): Object 'Object Repository/Page_The Story and Evolution of Doodles - G_6e786d/h2_Weve created more than 5,000 Doodles ove_111429' is visible

07-06-2024T14:04:33 - [MESSAGE][PASSED] - Object 'Object Repository/Page_The Story and Evolution of Doodles - G_6e786d/h2_Weve created more than 5,000 Doodles ove_111429' is visible

07-06-2024T14:04:33 - [TEST_STEP][PASSED] - click(findTestObject("Object Repository/Page_The Story and Evolution of Doodles - G_6e786d/p_The first Doodle was a simple out-of-offi_345e61")): Object: 'Object Repository/Page_The Story and Evolution of Doodles - G_6e786d/p_The first Doodle was a simple out-of-offi_345e61' is clicked on

07-06-2024T14:04:33 - [MESSAGE][PASSED] - Object: 'Object Repository/Page_The Story and Evolution of Doodles - G_6e786d/p_The first Doodle was a simple out-of-offi_345e61' is clicked on

07-06-2024T14:04:33 - [TEST_STEP][PASSED] - verifyElementVisible(findTestObject("Object Repository/Page_The Story and Evolution of Doodles - G_6e786d/h1_The story behind Doodles")): Object 'Object Repository/Page_The Story and Evolution of Doodles - G_6e786d/h1_The story behind Doodles' is visible

07-06-2024T14:04:33 - [MESSAGE][PASSED] - Object 'Object Repository/Page_The Story and Evolution of Doodles - G_6e786d/h1_The story behind Doodles' is visible

07-06-2024T14:04:33 - [TEST_STEP][PASSED] - verifyElementVisible(findTestObject("Object Repository/Page_The Story and Evolution of Doodles - G_6e786d/p_The first Doodle was a simple out-of-offi_345e61")): Object 'Object Repository/Page_The Story and Evolution of Doodles - G_6e786d/p_The first Doodle was a simple out-of-offi_345e61' is visible

07-06-2024T14:04:33 - [MESSAGE][PASSED] - Object 'Object Repository/Page_The Story and Evolution of Doodles - G_6e786d/p_The first Doodle was a simple out-of-offi_345e61' is visible

07-06-2024T14:04:33 - [TEST_STEP][PASSED] - verifyElementVisible(findTestObject("Object Repository/Page_The Story and Evolution of Doodles - G_6e786d/h2_Weve created more than 5,000 Doodles ove_111429")): Object 'Object Repository/Page_The Story and Evolution of Doodles - G_6e786d/h2_Weve created more than 5,000 Doodles ove_111429' is visible

07-06-2024T14:04:33 - [MESSAGE][PASSED] - Object 'Object Repository/Page_The Story and Evolution of Doodles - G_6e786d/h2_Weve created more than 5,000 Doodles ove_111429' is visible

07-06-2024T14:04:33 - [TEST_STEP][PASSED] - click(findTestObject("Object Repository/Page_The Story and Evolution of Doodles - G_6e786d/p_The first Doodle was a simple out-of-offi_345e61")): Object: 'Object Repository/Page_The Story and Evolution of Doodles - G_6e786d/p_The first Doodle was a simple out-of-offi_345e61' is clicked on

07-06-2024T14:04:34 - [MESSAGE][PASSED] - Object: 'Object Repository/Page_The Story and Evolution of Doodles - G_6e786d/p_The first Doodle was a simple out-of-offi_345e61' is clicked on

07-06-2024T14:04:34 - [TEST_STEP][PASSED] - verifyElementVisible(findTestObject("Object Repository/Page_The Story and Evolution of Doodles - G_6e786d/h1_The story behind Doodles")): Object 'Object Repository/Page_The Story and Evolution of Doodles - G_6e786d/h1_The story behind Doodles' is visible

07-06-2024T14:04:34 - [MESSAGE][PASSED] - Object 'Object Repository/Page_The Story and Evolution of Doodles - G_6e786d/h1_The story behind Doodles' is visible

07-06-2024T14:04:34 - [TEST_STEP][PASSED] - verifyElementVisible(findTestObject("Object Repository/Page_The Story and Evolution of Doodles - G_6e786d/p_The first Doodle was a simple out-of-offi_345e61")): Object 'Object Repository/Page_The Story and Evolution of Doodles - G_6e786d/p_The first Doodle was a simple out-of-offi_345e61' is visible

07-06-2024T14:04:34 - [MESSAGE][PASSED] - Object 'Object Repository/Page_The Story and Evolution of Doodles - G_6e786d/p_The first Doodle was a simple out-of-offi_345e61' is visible

07-06-2024T14:04:34 - [TEST_STEP][PASSED] - verifyElementVisible(findTestObject("Object Repository/Page_The Story and Evolution of Doodles - G_6e786d/h2_Weve created more than 5,000 Doodles ove_111429")): Object 'Object Repository/Page_The Story and Evolution of Doodles - G_6e786d/h2_Weve created more than 5,000 Doodles ove_111429' is visible

07-06-2024T14:04:34 - [MESSAGE][PASSED] - Object 'Object Repository/Page_The Story and Evolution of Doodles - G_6e786d/h2_Weve created more than 5,000 Doodles ove_111429' is visible

07-06-2024T14:04:34 - [TEST_STEP][PASSED] - click(findTestObject("Object Repository/Page_The Story and Evolution of Doodles - G_6e786d/p_The first Doodle was a simple out-of-offi_345e61")): Object: 'Object Repository/Page_The Story and Evolution of Doodles - G_6e786d/p_The first Doodle was a simple out-of-offi_345e61' is clicked on

07-06-2024T14:04:34 - [MESSAGE][PASSED] - Object: 'Object Repository/Page_The Story and Evolution of Doodles - G_6e786d/p_The first Doodle was a simple out-of-offi_345e61' is clicked on

07-06-2024T14:04:34 - [TEST_STEP][PASSED] - verifyElementVisible(findTestObject("Object Repository/Page_The Story and Evolution of Doodles - G_6e786d/h1_The story behind Doodles")): Object 'Object Repository/Page_The Story and Evolution of Doodles - G_6e786d/h1_The story behind Doodles' is visible

07-06-2024T14:04:34 - [MESSAGE][PASSED] - Object 'Object Repository/Page_The Story and Evolution of Doodles - G_6e786d/h1_The story behind Doodles' is visible

07-06-2024T14:04:34 - [TEST_STEP][PASSED] - verifyElementVisible(findTestObject("Object Repository/Page_The Story and Evolution of Doodles - G_6e786d/p_The first Doodle was a simple out-of-offi_345e61")): Object 'Object Repository/Page_The Story and Evolution of Doodles - G_6e786d/p_The first Doodle was a simple out-of-offi_345e61' is visible

07-06-2024T14:04:34 - [MESSAGE][PASSED] - Object 'Object Repository/Page_The Story and Evolution of Doodles - G_6e786d/p_The first Doodle was a simple out-of-offi_345e61' is visible

07-06-2024T14:04:34 - [TEST_STEP][PASSED] - verifyElementVisible(findTestObject("Object Repository/Page_The Story and Evolution of Doodles - G_6e786d/h2_Weve created more than 5,000 Doodles ove_111429")): Object 'Object Repository/Page_The Story and Evolution of Doodles - G_6e786d/h2_Weve created more than 5,000 Doodles ove_111429' is visible

07-06-2024T14:04:34 - [MESSAGE][PASSED] - Object 'Object Repository/Page_The Story and Evolution of Doodles - G_6e786d/h2_Weve created more than 5,000 Doodles ove_111429' is visible]]></system-out>
         <system-err><![CDATA[]]></system-err>
      </testcase>
      <testcase name="Test Cases/test case folder 1/tc1 - Copy (1) - Copy (6)" time="8.134" classname="Test Cases/test case folder 1/tc1 - Copy (1) - Copy (6)" status="PASSED">
         <system-out><![CDATA[07-06-2024T14:04:34 - [TEST_CASE][PASSED] - Test Cases/test case folder 1/tc1 - Copy (1) - Copy (6): Test Cases/test case folder 1/tc1 - Copy (1) - Copy (6)

07-06-2024T14:04:34 - [TEST_STEP][PASSED] - openBrowser(""): Browser is opened with url: ''

07-06-2024T14:04:34 - [MESSAGE][WARNING] - A browser is already opened. Closing browser and opening a new one

07-06-2024T14:04:35 - [MESSAGE][INFO] - Starting 'Firefox (headless)' driver

07-06-2024T14:04:35 - [MESSAGE][INFO] - Action delay is set to 0 milliseconds

07-06-2024T14:04:37 - [MESSAGE][PASSED] - Browser is opened with url: ''

07-06-2024T14:04:37 - [TEST_STEP][PASSED] - navigateToUrl("https://doodles.google/about/"): Navigate to 'https://doodles.google/about/' successfully

07-06-2024T14:04:38 - [MESSAGE][PASSED] - Navigate to 'https://doodles.google/about/' successfully

07-06-2024T14:04:38 - [TEST_STEP][PASSED] - click(findTestObject("Object Repository/Page_The Story and Evolution of Doodles - G_6e786d/p_The first Doodle was a simple out-of-offi_345e61")): Object: 'Object Repository/Page_The Story and Evolution of Doodles - G_6e786d/p_The first Doodle was a simple out-of-offi_345e61' is clicked on

07-06-2024T14:04:39 - [MESSAGE][PASSED] - Object: 'Object Repository/Page_The Story and Evolution of Doodles - G_6e786d/p_The first Doodle was a simple out-of-offi_345e61' is clicked on

07-06-2024T14:04:39 - [TEST_STEP][PASSED] - click(findTestObject("Object Repository/Page_The Story and Evolution of Doodles - G_6e786d/p_The first Doodle was a simple out-of-offi_345e61")): Object: 'Object Repository/Page_The Story and Evolution of Doodles - G_6e786d/p_The first Doodle was a simple out-of-offi_345e61' is clicked on

07-06-2024T14:04:39 - [MESSAGE][PASSED] - Object: 'Object Repository/Page_The Story and Evolution of Doodles - G_6e786d/p_The first Doodle was a simple out-of-offi_345e61' is clicked on

07-06-2024T14:04:39 - [TEST_STEP][PASSED] - verifyElementVisible(findTestObject("Object Repository/Page_The Story and Evolution of Doodles - G_6e786d/h1_The story behind Doodles")): Object 'Object Repository/Page_The Story and Evolution of Doodles - G_6e786d/h1_The story behind Doodles' is visible

07-06-2024T14:04:39 - [MESSAGE][PASSED] - Object 'Object Repository/Page_The Story and Evolution of Doodles - G_6e786d/h1_The story behind Doodles' is visible

07-06-2024T14:04:39 - [TEST_STEP][PASSED] - verifyElementVisible(findTestObject("Object Repository/Page_The Story and Evolution of Doodles - G_6e786d/p_The first Doodle was a simple out-of-offi_345e61")): Object 'Object Repository/Page_The Story and Evolution of Doodles - G_6e786d/p_The first Doodle was a simple out-of-offi_345e61' is visible

07-06-2024T14:04:39 - [MESSAGE][PASSED] - Object 'Object Repository/Page_The Story and Evolution of Doodles - G_6e786d/p_The first Doodle was a simple out-of-offi_345e61' is visible

07-06-2024T14:04:39 - [TEST_STEP][PASSED] - verifyElementVisible(findTestObject("Object Repository/Page_The Story and Evolution of Doodles - G_6e786d/h2_Weve created more than 5,000 Doodles ove_111429")): Object 'Object Repository/Page_The Story and Evolution of Doodles - G_6e786d/h2_Weve created more than 5,000 Doodles ove_111429' is visible

07-06-2024T14:04:39 - [MESSAGE][PASSED] - Object 'Object Repository/Page_The Story and Evolution of Doodles - G_6e786d/h2_Weve created more than 5,000 Doodles ove_111429' is visible

07-06-2024T14:04:39 - [TEST_STEP][PASSED] - verifyElementVisible(findTestObject("Object Repository/Page_The Story and Evolution of Doodles - G_6e786d/h1_The story behind Doodles")): Object 'Object Repository/Page_The Story and Evolution of Doodles - G_6e786d/h1_The story behind Doodles' is visible

07-06-2024T14:04:39 - [MESSAGE][PASSED] - Object 'Object Repository/Page_The Story and Evolution of Doodles - G_6e786d/h1_The story behind Doodles' is visible

07-06-2024T14:04:39 - [TEST_STEP][PASSED] - verifyElementVisible(findTestObject("Object Repository/Page_The Story and Evolution of Doodles - G_6e786d/p_The first Doodle was a simple out-of-offi_345e61")): Object 'Object Repository/Page_The Story and Evolution of Doodles - G_6e786d/p_The first Doodle was a simple out-of-offi_345e61' is visible

07-06-2024T14:04:39 - [MESSAGE][PASSED] - Object 'Object Repository/Page_The Story and Evolution of Doodles - G_6e786d/p_The first Doodle was a simple out-of-offi_345e61' is visible

07-06-2024T14:04:39 - [TEST_STEP][PASSED] - verifyElementVisible(findTestObject("Object Repository/Page_The Story and Evolution of Doodles - G_6e786d/h2_Weve created more than 5,000 Doodles ove_111429")): Object 'Object Repository/Page_The Story and Evolution of Doodles - G_6e786d/h2_Weve created more than 5,000 Doodles ove_111429' is visible

07-06-2024T14:04:39 - [MESSAGE][PASSED] - Object 'Object Repository/Page_The Story and Evolution of Doodles - G_6e786d/h2_Weve created more than 5,000 Doodles ove_111429' is visible

07-06-2024T14:04:39 - [TEST_STEP][PASSED] - click(findTestObject("Object Repository/Page_The Story and Evolution of Doodles - G_6e786d/p_The first Doodle was a simple out-of-offi_345e61")): Object: 'Object Repository/Page_The Story and Evolution of Doodles - G_6e786d/p_The first Doodle was a simple out-of-offi_345e61' is clicked on

07-06-2024T14:04:39 - [MESSAGE][PASSED] - Object: 'Object Repository/Page_The Story and Evolution of Doodles - G_6e786d/p_The first Doodle was a simple out-of-offi_345e61' is clicked on

07-06-2024T14:04:39 - [TEST_STEP][PASSED] - verifyElementVisible(findTestObject("Object Repository/Page_The Story and Evolution of Doodles - G_6e786d/h1_The story behind Doodles")): Object 'Object Repository/Page_The Story and Evolution of Doodles - G_6e786d/h1_The story behind Doodles' is visible

07-06-2024T14:04:40 - [MESSAGE][PASSED] - Object 'Object Repository/Page_The Story and Evolution of Doodles - G_6e786d/h1_The story behind Doodles' is visible

07-06-2024T14:04:40 - [TEST_STEP][PASSED] - verifyElementVisible(findTestObject("Object Repository/Page_The Story and Evolution of Doodles - G_6e786d/p_The first Doodle was a simple out-of-offi_345e61")): Object 'Object Repository/Page_The Story and Evolution of Doodles - G_6e786d/p_The first Doodle was a simple out-of-offi_345e61' is visible

07-06-2024T14:04:40 - [MESSAGE][PASSED] - Object 'Object Repository/Page_The Story and Evolution of Doodles - G_6e786d/p_The first Doodle was a simple out-of-offi_345e61' is visible

07-06-2024T14:04:40 - [TEST_STEP][PASSED] - verifyElementVisible(findTestObject("Object Repository/Page_The Story and Evolution of Doodles - G_6e786d/h2_Weve created more than 5,000 Doodles ove_111429")): Object 'Object Repository/Page_The Story and Evolution of Doodles - G_6e786d/h2_Weve created more than 5,000 Doodles ove_111429' is visible

07-06-2024T14:04:40 - [MESSAGE][PASSED] - Object 'Object Repository/Page_The Story and Evolution of Doodles - G_6e786d/h2_Weve created more than 5,000 Doodles ove_111429' is visible

07-06-2024T14:04:40 - [TEST_STEP][PASSED] - click(findTestObject("Object Repository/Page_The Story and Evolution of Doodles - G_6e786d/p_The first Doodle was a simple out-of-offi_345e61")): Object: 'Object Repository/Page_The Story and Evolution of Doodles - G_6e786d/p_The first Doodle was a simple out-of-offi_345e61' is clicked on

07-06-2024T14:04:40 - [MESSAGE][PASSED] - Object: 'Object Repository/Page_The Story and Evolution of Doodles - G_6e786d/p_The first Doodle was a simple out-of-offi_345e61' is clicked on

07-06-2024T14:04:40 - [TEST_STEP][PASSED] - verifyElementVisible(findTestObject("Object Repository/Page_The Story and Evolution of Doodles - G_6e786d/h1_The story behind Doodles")): Object 'Object Repository/Page_The Story and Evolution of Doodles - G_6e786d/h1_The story behind Doodles' is visible

07-06-2024T14:04:40 - [MESSAGE][PASSED] - Object 'Object Repository/Page_The Story and Evolution of Doodles - G_6e786d/h1_The story behind Doodles' is visible

07-06-2024T14:04:40 - [TEST_STEP][PASSED] - verifyElementVisible(findTestObject("Object Repository/Page_The Story and Evolution of Doodles - G_6e786d/p_The first Doodle was a simple out-of-offi_345e61")): Object 'Object Repository/Page_The Story and Evolution of Doodles - G_6e786d/p_The first Doodle was a simple out-of-offi_345e61' is visible

07-06-2024T14:04:40 - [MESSAGE][PASSED] - Object 'Object Repository/Page_The Story and Evolution of Doodles - G_6e786d/p_The first Doodle was a simple out-of-offi_345e61' is visible

07-06-2024T14:04:40 - [TEST_STEP][PASSED] - verifyElementVisible(findTestObject("Object Repository/Page_The Story and Evolution of Doodles - G_6e786d/h2_Weve created more than 5,000 Doodles ove_111429")): Object 'Object Repository/Page_The Story and Evolution of Doodles - G_6e786d/h2_Weve created more than 5,000 Doodles ove_111429' is visible

07-06-2024T14:04:40 - [MESSAGE][PASSED] - Object 'Object Repository/Page_The Story and Evolution of Doodles - G_6e786d/h2_Weve created more than 5,000 Doodles ove_111429' is visible

07-06-2024T14:04:40 - [TEST_STEP][PASSED] - click(findTestObject("Object Repository/Page_The Story and Evolution of Doodles - G_6e786d/p_The first Doodle was a simple out-of-offi_345e61")): Object: 'Object Repository/Page_The Story and Evolution of Doodles - G_6e786d/p_The first Doodle was a simple out-of-offi_345e61' is clicked on

07-06-2024T14:04:40 - [MESSAGE][PASSED] - Object: 'Object Repository/Page_The Story and Evolution of Doodles - G_6e786d/p_The first Doodle was a simple out-of-offi_345e61' is clicked on

07-06-2024T14:04:40 - [TEST_STEP][PASSED] - verifyElementVisible(findTestObject("Object Repository/Page_The Story and Evolution of Doodles - G_6e786d/h1_The story behind Doodles")): Object 'Object Repository/Page_The Story and Evolution of Doodles - G_6e786d/h1_The story behind Doodles' is visible

07-06-2024T14:04:40 - [MESSAGE][PASSED] - Object 'Object Repository/Page_The Story and Evolution of Doodles - G_6e786d/h1_The story behind Doodles' is visible

07-06-2024T14:04:40 - [TEST_STEP][PASSED] - verifyElementVisible(findTestObject("Object Repository/Page_The Story and Evolution of Doodles - G_6e786d/p_The first Doodle was a simple out-of-offi_345e61")): Object 'Object Repository/Page_The Story and Evolution of Doodles - G_6e786d/p_The first Doodle was a simple out-of-offi_345e61' is visible

07-06-2024T14:04:40 - [MESSAGE][PASSED] - Object 'Object Repository/Page_The Story and Evolution of Doodles - G_6e786d/p_The first Doodle was a simple out-of-offi_345e61' is visible

07-06-2024T14:04:40 - [TEST_STEP][PASSED] - verifyElementVisible(findTestObject("Object Repository/Page_The Story and Evolution of Doodles - G_6e786d/h2_Weve created more than 5,000 Doodles ove_111429")): Object 'Object Repository/Page_The Story and Evolution of Doodles - G_6e786d/h2_Weve created more than 5,000 Doodles ove_111429' is visible

07-06-2024T14:04:40 - [MESSAGE][PASSED] - Object 'Object Repository/Page_The Story and Evolution of Doodles - G_6e786d/h2_Weve created more than 5,000 Doodles ove_111429' is visible

07-06-2024T14:04:40 - [TEST_STEP][PASSED] - click(findTestObject("Object Repository/Page_The Story and Evolution of Doodles - G_6e786d/p_The first Doodle was a simple out-of-offi_345e61")): Object: 'Object Repository/Page_The Story and Evolution of Doodles - G_6e786d/p_The first Doodle was a simple out-of-offi_345e61' is clicked on

07-06-2024T14:04:40 - [MESSAGE][PASSED] - Object: 'Object Repository/Page_The Story and Evolution of Doodles - G_6e786d/p_The first Doodle was a simple out-of-offi_345e61' is clicked on

07-06-2024T14:04:40 - [TEST_STEP][PASSED] - verifyElementVisible(findTestObject("Object Repository/Page_The Story and Evolution of Doodles - G_6e786d/h1_The story behind Doodles")): Object 'Object Repository/Page_The Story and Evolution of Doodles - G_6e786d/h1_The story behind Doodles' is visible

07-06-2024T14:04:40 - [MESSAGE][PASSED] - Object 'Object Repository/Page_The Story and Evolution of Doodles - G_6e786d/h1_The story behind Doodles' is visible

07-06-2024T14:04:40 - [TEST_STEP][PASSED] - verifyElementVisible(findTestObject("Object Repository/Page_The Story and Evolution of Doodles - G_6e786d/p_The first Doodle was a simple out-of-offi_345e61")): Object 'Object Repository/Page_The Story and Evolution of Doodles - G_6e786d/p_The first Doodle was a simple out-of-offi_345e61' is visible

07-06-2024T14:04:41 - [MESSAGE][PASSED] - Object 'Object Repository/Page_The Story and Evolution of Doodles - G_6e786d/p_The first Doodle was a simple out-of-offi_345e61' is visible

07-06-2024T14:04:41 - [TEST_STEP][PASSED] - verifyElementVisible(findTestObject("Object Repository/Page_The Story and Evolution of Doodles - G_6e786d/h2_Weve created more than 5,000 Doodles ove_111429")): Object 'Object Repository/Page_The Story and Evolution of Doodles - G_6e786d/h2_Weve created more than 5,000 Doodles ove_111429' is visible

07-06-2024T14:04:41 - [MESSAGE][PASSED] - Object 'Object Repository/Page_The Story and Evolution of Doodles - G_6e786d/h2_Weve created more than 5,000 Doodles ove_111429' is visible

07-06-2024T14:04:41 - [TEST_STEP][PASSED] - click(findTestObject("Object Repository/Page_The Story and Evolution of Doodles - G_6e786d/p_The first Doodle was a simple out-of-offi_345e61")): Object: 'Object Repository/Page_The Story and Evolution of Doodles - G_6e786d/p_The first Doodle was a simple out-of-offi_345e61' is clicked on

07-06-2024T14:04:41 - [MESSAGE][PASSED] - Object: 'Object Repository/Page_The Story and Evolution of Doodles - G_6e786d/p_The first Doodle was a simple out-of-offi_345e61' is clicked on

07-06-2024T14:04:41 - [TEST_STEP][PASSED] - verifyElementVisible(findTestObject("Object Repository/Page_The Story and Evolution of Doodles - G_6e786d/h1_The story behind Doodles")): Object 'Object Repository/Page_The Story and Evolution of Doodles - G_6e786d/h1_The story behind Doodles' is visible

07-06-2024T14:04:41 - [MESSAGE][PASSED] - Object 'Object Repository/Page_The Story and Evolution of Doodles - G_6e786d/h1_The story behind Doodles' is visible

07-06-2024T14:04:41 - [TEST_STEP][PASSED] - verifyElementVisible(findTestObject("Object Repository/Page_The Story and Evolution of Doodles - G_6e786d/p_The first Doodle was a simple out-of-offi_345e61")): Object 'Object Repository/Page_The Story and Evolution of Doodles - G_6e786d/p_The first Doodle was a simple out-of-offi_345e61' is visible

07-06-2024T14:04:41 - [MESSAGE][PASSED] - Object 'Object Repository/Page_The Story and Evolution of Doodles - G_6e786d/p_The first Doodle was a simple out-of-offi_345e61' is visible

07-06-2024T14:04:41 - [TEST_STEP][PASSED] - verifyElementVisible(findTestObject("Object Repository/Page_The Story and Evolution of Doodles - G_6e786d/h2_Weve created more than 5,000 Doodles ove_111429")): Object 'Object Repository/Page_The Story and Evolution of Doodles - G_6e786d/h2_Weve created more than 5,000 Doodles ove_111429' is visible

07-06-2024T14:04:41 - [MESSAGE][PASSED] - Object 'Object Repository/Page_The Story and Evolution of Doodles - G_6e786d/h2_Weve created more than 5,000 Doodles ove_111429' is visible

07-06-2024T14:04:41 - [TEST_STEP][PASSED] - click(findTestObject("Object Repository/Page_The Story and Evolution of Doodles - G_6e786d/p_The first Doodle was a simple out-of-offi_345e61")): Object: 'Object Repository/Page_The Story and Evolution of Doodles - G_6e786d/p_The first Doodle was a simple out-of-offi_345e61' is clicked on

07-06-2024T14:04:41 - [MESSAGE][PASSED] - Object: 'Object Repository/Page_The Story and Evolution of Doodles - G_6e786d/p_The first Doodle was a simple out-of-offi_345e61' is clicked on

07-06-2024T14:04:41 - [TEST_STEP][PASSED] - verifyElementVisible(findTestObject("Object Repository/Page_The Story and Evolution of Doodles - G_6e786d/h1_The story behind Doodles")): Object 'Object Repository/Page_The Story and Evolution of Doodles - G_6e786d/h1_The story behind Doodles' is visible

07-06-2024T14:04:41 - [MESSAGE][PASSED] - Object 'Object Repository/Page_The Story and Evolution of Doodles - G_6e786d/h1_The story behind Doodles' is visible

07-06-2024T14:04:41 - [TEST_STEP][PASSED] - verifyElementVisible(findTestObject("Object Repository/Page_The Story and Evolution of Doodles - G_6e786d/p_The first Doodle was a simple out-of-offi_345e61")): Object 'Object Repository/Page_The Story and Evolution of Doodles - G_6e786d/p_The first Doodle was a simple out-of-offi_345e61' is visible

07-06-2024T14:04:41 - [MESSAGE][PASSED] - Object 'Object Repository/Page_The Story and Evolution of Doodles - G_6e786d/p_The first Doodle was a simple out-of-offi_345e61' is visible

07-06-2024T14:04:41 - [TEST_STEP][PASSED] - verifyElementVisible(findTestObject("Object Repository/Page_The Story and Evolution of Doodles - G_6e786d/h2_Weve created more than 5,000 Doodles ove_111429")): Object 'Object Repository/Page_The Story and Evolution of Doodles - G_6e786d/h2_Weve created more than 5,000 Doodles ove_111429' is visible

07-06-2024T14:04:41 - [MESSAGE][PASSED] - Object 'Object Repository/Page_The Story and Evolution of Doodles - G_6e786d/h2_Weve created more than 5,000 Doodles ove_111429' is visible

07-06-2024T14:04:41 - [TEST_STEP][PASSED] - click(findTestObject("Object Repository/Page_The Story and Evolution of Doodles - G_6e786d/p_The first Doodle was a simple out-of-offi_345e61")): Object: 'Object Repository/Page_The Story and Evolution of Doodles - G_6e786d/p_The first Doodle was a simple out-of-offi_345e61' is clicked on

07-06-2024T14:04:41 - [MESSAGE][PASSED] - Object: 'Object Repository/Page_The Story and Evolution of Doodles - G_6e786d/p_The first Doodle was a simple out-of-offi_345e61' is clicked on

07-06-2024T14:04:41 - [TEST_STEP][PASSED] - verifyElementVisible(findTestObject("Object Repository/Page_The Story and Evolution of Doodles - G_6e786d/h1_The story behind Doodles")): Object 'Object Repository/Page_The Story and Evolution of Doodles - G_6e786d/h1_The story behind Doodles' is visible

07-06-2024T14:04:41 - [MESSAGE][PASSED] - Object 'Object Repository/Page_The Story and Evolution of Doodles - G_6e786d/h1_The story behind Doodles' is visible

07-06-2024T14:04:41 - [TEST_STEP][PASSED] - verifyElementVisible(findTestObject("Object Repository/Page_The Story and Evolution of Doodles - G_6e786d/p_The first Doodle was a simple out-of-offi_345e61")): Object 'Object Repository/Page_The Story and Evolution of Doodles - G_6e786d/p_The first Doodle was a simple out-of-offi_345e61' is visible

07-06-2024T14:04:41 - [MESSAGE][PASSED] - Object 'Object Repository/Page_The Story and Evolution of Doodles - G_6e786d/p_The first Doodle was a simple out-of-offi_345e61' is visible

07-06-2024T14:04:41 - [TEST_STEP][PASSED] - verifyElementVisible(findTestObject("Object Repository/Page_The Story and Evolution of Doodles - G_6e786d/h2_Weve created more than 5,000 Doodles ove_111429")): Object 'Object Repository/Page_The Story and Evolution of Doodles - G_6e786d/h2_Weve created more than 5,000 Doodles ove_111429' is visible

07-06-2024T14:04:42 - [MESSAGE][PASSED] - Object 'Object Repository/Page_The Story and Evolution of Doodles - G_6e786d/h2_Weve created more than 5,000 Doodles ove_111429' is visible

07-06-2024T14:04:42 - [TEST_STEP][PASSED] - click(findTestObject("Object Repository/Page_The Story and Evolution of Doodles - G_6e786d/p_The first Doodle was a simple out-of-offi_345e61")): Object: 'Object Repository/Page_The Story and Evolution of Doodles - G_6e786d/p_The first Doodle was a simple out-of-offi_345e61' is clicked on

07-06-2024T14:04:42 - [MESSAGE][PASSED] - Object: 'Object Repository/Page_The Story and Evolution of Doodles - G_6e786d/p_The first Doodle was a simple out-of-offi_345e61' is clicked on

07-06-2024T14:04:42 - [TEST_STEP][PASSED] - verifyElementVisible(findTestObject("Object Repository/Page_The Story and Evolution of Doodles - G_6e786d/h1_The story behind Doodles")): Object 'Object Repository/Page_The Story and Evolution of Doodles - G_6e786d/h1_The story behind Doodles' is visible

07-06-2024T14:04:42 - [MESSAGE][PASSED] - Object 'Object Repository/Page_The Story and Evolution of Doodles - G_6e786d/h1_The story behind Doodles' is visible

07-06-2024T14:04:42 - [TEST_STEP][PASSED] - verifyElementVisible(findTestObject("Object Repository/Page_The Story and Evolution of Doodles - G_6e786d/p_The first Doodle was a simple out-of-offi_345e61")): Object 'Object Repository/Page_The Story and Evolution of Doodles - G_6e786d/p_The first Doodle was a simple out-of-offi_345e61' is visible

07-06-2024T14:04:42 - [MESSAGE][PASSED] - Object 'Object Repository/Page_The Story and Evolution of Doodles - G_6e786d/p_The first Doodle was a simple out-of-offi_345e61' is visible

07-06-2024T14:04:42 - [TEST_STEP][PASSED] - verifyElementVisible(findTestObject("Object Repository/Page_The Story and Evolution of Doodles - G_6e786d/h2_Weve created more than 5,000 Doodles ove_111429")): Object 'Object Repository/Page_The Story and Evolution of Doodles - G_6e786d/h2_Weve created more than 5,000 Doodles ove_111429' is visible

07-06-2024T14:04:42 - [MESSAGE][PASSED] - Object 'Object Repository/Page_The Story and Evolution of Doodles - G_6e786d/h2_Weve created more than 5,000 Doodles ove_111429' is visible

07-06-2024T14:04:42 - [TEST_STEP][PASSED] - click(findTestObject("Object Repository/Page_The Story and Evolution of Doodles - G_6e786d/p_The first Doodle was a simple out-of-offi_345e61")): Object: 'Object Repository/Page_The Story and Evolution of Doodles - G_6e786d/p_The first Doodle was a simple out-of-offi_345e61' is clicked on

07-06-2024T14:04:42 - [MESSAGE][PASSED] - Object: 'Object Repository/Page_The Story and Evolution of Doodles - G_6e786d/p_The first Doodle was a simple out-of-offi_345e61' is clicked on

07-06-2024T14:04:42 - [TEST_STEP][PASSED] - verifyElementVisible(findTestObject("Object Repository/Page_The Story and Evolution of Doodles - G_6e786d/h1_The story behind Doodles")): Object 'Object Repository/Page_The Story and Evolution of Doodles - G_6e786d/h1_The story behind Doodles' is visible

07-06-2024T14:04:42 - [MESSAGE][PASSED] - Object 'Object Repository/Page_The Story and Evolution of Doodles - G_6e786d/h1_The story behind Doodles' is visible

07-06-2024T14:04:42 - [TEST_STEP][PASSED] - verifyElementVisible(findTestObject("Object Repository/Page_The Story and Evolution of Doodles - G_6e786d/p_The first Doodle was a simple out-of-offi_345e61")): Object 'Object Repository/Page_The Story and Evolution of Doodles - G_6e786d/p_The first Doodle was a simple out-of-offi_345e61' is visible

07-06-2024T14:04:42 - [MESSAGE][PASSED] - Object 'Object Repository/Page_The Story and Evolution of Doodles - G_6e786d/p_The first Doodle was a simple out-of-offi_345e61' is visible

07-06-2024T14:04:42 - [TEST_STEP][PASSED] - verifyElementVisible(findTestObject("Object Repository/Page_The Story and Evolution of Doodles - G_6e786d/h2_Weve created more than 5,000 Doodles ove_111429")): Object 'Object Repository/Page_The Story and Evolution of Doodles - G_6e786d/h2_Weve created more than 5,000 Doodles ove_111429' is visible

07-06-2024T14:04:42 - [MESSAGE][PASSED] - Object 'Object Repository/Page_The Story and Evolution of Doodles - G_6e786d/h2_Weve created more than 5,000 Doodles ove_111429' is visible]]></system-out>
         <system-err><![CDATA[]]></system-err>
      </testcase>
      <testcase name="Test Cases/test case folder 1/tc1 - Copy (1) - Copy" time="8.745" classname="Test Cases/test case folder 1/tc1 - Copy (1) - Copy" status="PASSED">
         <system-out><![CDATA[07-06-2024T14:04:42 - [TEST_CASE][PASSED] - Test Cases/test case folder 1/tc1 - Copy (1) - Copy: Test Cases/test case folder 1/tc1 - Copy (1) - Copy

07-06-2024T14:04:42 - [TEST_STEP][PASSED] - openBrowser(""): Browser is opened with url: ''

07-06-2024T14:04:42 - [MESSAGE][WARNING] - A browser is already opened. Closing browser and opening a new one

07-06-2024T14:04:43 - [MESSAGE][INFO] - Starting 'Firefox (headless)' driver

07-06-2024T14:04:43 - [MESSAGE][INFO] - Action delay is set to 0 milliseconds

07-06-2024T14:04:46 - [MESSAGE][PASSED] - Browser is opened with url: ''

07-06-2024T14:04:46 - [TEST_STEP][PASSED] - navigateToUrl("https://doodles.google/about/"): Navigate to 'https://doodles.google/about/' successfully

07-06-2024T14:04:47 - [MESSAGE][PASSED] - Navigate to 'https://doodles.google/about/' successfully

07-06-2024T14:04:47 - [TEST_STEP][PASSED] - click(findTestObject("Object Repository/Page_The Story and Evolution of Doodles - G_6e786d/p_The first Doodle was a simple out-of-offi_345e61")): Object: 'Object Repository/Page_The Story and Evolution of Doodles - G_6e786d/p_The first Doodle was a simple out-of-offi_345e61' is clicked on

07-06-2024T14:04:47 - [MESSAGE][PASSED] - Object: 'Object Repository/Page_The Story and Evolution of Doodles - G_6e786d/p_The first Doodle was a simple out-of-offi_345e61' is clicked on

07-06-2024T14:04:47 - [TEST_STEP][PASSED] - click(findTestObject("Object Repository/Page_The Story and Evolution of Doodles - G_6e786d/p_The first Doodle was a simple out-of-offi_345e61")): Object: 'Object Repository/Page_The Story and Evolution of Doodles - G_6e786d/p_The first Doodle was a simple out-of-offi_345e61' is clicked on

07-06-2024T14:04:48 - [MESSAGE][PASSED] - Object: 'Object Repository/Page_The Story and Evolution of Doodles - G_6e786d/p_The first Doodle was a simple out-of-offi_345e61' is clicked on

07-06-2024T14:04:48 - [TEST_STEP][PASSED] - verifyElementVisible(findTestObject("Object Repository/Page_The Story and Evolution of Doodles - G_6e786d/h1_The story behind Doodles")): Object 'Object Repository/Page_The Story and Evolution of Doodles - G_6e786d/h1_The story behind Doodles' is visible

07-06-2024T14:04:48 - [MESSAGE][PASSED] - Object 'Object Repository/Page_The Story and Evolution of Doodles - G_6e786d/h1_The story behind Doodles' is visible

07-06-2024T14:04:48 - [TEST_STEP][PASSED] - verifyElementVisible(findTestObject("Object Repository/Page_The Story and Evolution of Doodles - G_6e786d/p_The first Doodle was a simple out-of-offi_345e61")): Object 'Object Repository/Page_The Story and Evolution of Doodles - G_6e786d/p_The first Doodle was a simple out-of-offi_345e61' is visible

07-06-2024T14:04:48 - [MESSAGE][PASSED] - Object 'Object Repository/Page_The Story and Evolution of Doodles - G_6e786d/p_The first Doodle was a simple out-of-offi_345e61' is visible

07-06-2024T14:04:48 - [TEST_STEP][PASSED] - verifyElementVisible(findTestObject("Object Repository/Page_The Story and Evolution of Doodles - G_6e786d/h2_Weve created more than 5,000 Doodles ove_111429")): Object 'Object Repository/Page_The Story and Evolution of Doodles - G_6e786d/h2_Weve created more than 5,000 Doodles ove_111429' is visible

07-06-2024T14:04:48 - [MESSAGE][PASSED] - Object 'Object Repository/Page_The Story and Evolution of Doodles - G_6e786d/h2_Weve created more than 5,000 Doodles ove_111429' is visible

07-06-2024T14:04:48 - [TEST_STEP][PASSED] - verifyElementVisible(findTestObject("Object Repository/Page_The Story and Evolution of Doodles - G_6e786d/h1_The story behind Doodles")): Object 'Object Repository/Page_The Story and Evolution of Doodles - G_6e786d/h1_The story behind Doodles' is visible

07-06-2024T14:04:48 - [MESSAGE][PASSED] - Object 'Object Repository/Page_The Story and Evolution of Doodles - G_6e786d/h1_The story behind Doodles' is visible

07-06-2024T14:04:48 - [TEST_STEP][PASSED] - verifyElementVisible(findTestObject("Object Repository/Page_The Story and Evolution of Doodles - G_6e786d/p_The first Doodle was a simple out-of-offi_345e61")): Object 'Object Repository/Page_The Story and Evolution of Doodles - G_6e786d/p_The first Doodle was a simple out-of-offi_345e61' is visible

07-06-2024T14:04:48 - [MESSAGE][PASSED] - Object 'Object Repository/Page_The Story and Evolution of Doodles - G_6e786d/p_The first Doodle was a simple out-of-offi_345e61' is visible

07-06-2024T14:04:48 - [TEST_STEP][PASSED] - verifyElementVisible(findTestObject("Object Repository/Page_The Story and Evolution of Doodles - G_6e786d/h2_Weve created more than 5,000 Doodles ove_111429")): Object 'Object Repository/Page_The Story and Evolution of Doodles - G_6e786d/h2_Weve created more than 5,000 Doodles ove_111429' is visible

07-06-2024T14:04:48 - [MESSAGE][PASSED] - Object 'Object Repository/Page_The Story and Evolution of Doodles - G_6e786d/h2_Weve created more than 5,000 Doodles ove_111429' is visible

07-06-2024T14:04:48 - [TEST_STEP][PASSED] - click(findTestObject("Object Repository/Page_The Story and Evolution of Doodles - G_6e786d/p_The first Doodle was a simple out-of-offi_345e61")): Object: 'Object Repository/Page_The Story and Evolution of Doodles - G_6e786d/p_The first Doodle was a simple out-of-offi_345e61' is clicked on

07-06-2024T14:04:48 - [MESSAGE][PASSED] - Object: 'Object Repository/Page_The Story and Evolution of Doodles - G_6e786d/p_The first Doodle was a simple out-of-offi_345e61' is clicked on

07-06-2024T14:04:48 - [TEST_STEP][PASSED] - verifyElementVisible(findTestObject("Object Repository/Page_The Story and Evolution of Doodles - G_6e786d/h1_The story behind Doodles")): Object 'Object Repository/Page_The Story and Evolution of Doodles - G_6e786d/h1_The story behind Doodles' is visible

07-06-2024T14:04:48 - [MESSAGE][PASSED] - Object 'Object Repository/Page_The Story and Evolution of Doodles - G_6e786d/h1_The story behind Doodles' is visible

07-06-2024T14:04:48 - [TEST_STEP][PASSED] - verifyElementVisible(findTestObject("Object Repository/Page_The Story and Evolution of Doodles - G_6e786d/p_The first Doodle was a simple out-of-offi_345e61")): Object 'Object Repository/Page_The Story and Evolution of Doodles - G_6e786d/p_The first Doodle was a simple out-of-offi_345e61' is visible

07-06-2024T14:04:48 - [MESSAGE][PASSED] - Object 'Object Repository/Page_The Story and Evolution of Doodles - G_6e786d/p_The first Doodle was a simple out-of-offi_345e61' is visible

07-06-2024T14:04:48 - [TEST_STEP][PASSED] - verifyElementVisible(findTestObject("Object Repository/Page_The Story and Evolution of Doodles - G_6e786d/h2_Weve created more than 5,000 Doodles ove_111429")): Object 'Object Repository/Page_The Story and Evolution of Doodles - G_6e786d/h2_Weve created more than 5,000 Doodles ove_111429' is visible

07-06-2024T14:04:48 - [MESSAGE][PASSED] - Object 'Object Repository/Page_The Story and Evolution of Doodles - G_6e786d/h2_Weve created more than 5,000 Doodles ove_111429' is visible

07-06-2024T14:04:48 - [TEST_STEP][PASSED] - click(findTestObject("Object Repository/Page_The Story and Evolution of Doodles - G_6e786d/p_The first Doodle was a simple out-of-offi_345e61")): Object: 'Object Repository/Page_The Story and Evolution of Doodles - G_6e786d/p_The first Doodle was a simple out-of-offi_345e61' is clicked on

07-06-2024T14:04:49 - [MESSAGE][PASSED] - Object: 'Object Repository/Page_The Story and Evolution of Doodles - G_6e786d/p_The first Doodle was a simple out-of-offi_345e61' is clicked on

07-06-2024T14:04:49 - [TEST_STEP][PASSED] - verifyElementVisible(findTestObject("Object Repository/Page_The Story and Evolution of Doodles - G_6e786d/h1_The story behind Doodles")): Object 'Object Repository/Page_The Story and Evolution of Doodles - G_6e786d/h1_The story behind Doodles' is visible

07-06-2024T14:04:49 - [MESSAGE][PASSED] - Object 'Object Repository/Page_The Story and Evolution of Doodles - G_6e786d/h1_The story behind Doodles' is visible

07-06-2024T14:04:49 - [TEST_STEP][PASSED] - verifyElementVisible(findTestObject("Object Repository/Page_The Story and Evolution of Doodles - G_6e786d/p_The first Doodle was a simple out-of-offi_345e61")): Object 'Object Repository/Page_The Story and Evolution of Doodles - G_6e786d/p_The first Doodle was a simple out-of-offi_345e61' is visible

07-06-2024T14:04:49 - [MESSAGE][PASSED] - Object 'Object Repository/Page_The Story and Evolution of Doodles - G_6e786d/p_The first Doodle was a simple out-of-offi_345e61' is visible

07-06-2024T14:04:49 - [TEST_STEP][PASSED] - verifyElementVisible(findTestObject("Object Repository/Page_The Story and Evolution of Doodles - G_6e786d/h2_Weve created more than 5,000 Doodles ove_111429")): Object 'Object Repository/Page_The Story and Evolution of Doodles - G_6e786d/h2_Weve created more than 5,000 Doodles ove_111429' is visible

07-06-2024T14:04:49 - [MESSAGE][PASSED] - Object 'Object Repository/Page_The Story and Evolution of Doodles - G_6e786d/h2_Weve created more than 5,000 Doodles ove_111429' is visible

07-06-2024T14:04:49 - [TEST_STEP][PASSED] - click(findTestObject("Object Repository/Page_The Story and Evolution of Doodles - G_6e786d/p_The first Doodle was a simple out-of-offi_345e61")): Object: 'Object Repository/Page_The Story and Evolution of Doodles - G_6e786d/p_The first Doodle was a simple out-of-offi_345e61' is clicked on

07-06-2024T14:04:49 - [MESSAGE][PASSED] - Object: 'Object Repository/Page_The Story and Evolution of Doodles - G_6e786d/p_The first Doodle was a simple out-of-offi_345e61' is clicked on

07-06-2024T14:04:49 - [TEST_STEP][PASSED] - verifyElementVisible(findTestObject("Object Repository/Page_The Story and Evolution of Doodles - G_6e786d/h1_The story behind Doodles")): Object 'Object Repository/Page_The Story and Evolution of Doodles - G_6e786d/h1_The story behind Doodles' is visible

07-06-2024T14:04:49 - [MESSAGE][PASSED] - Object 'Object Repository/Page_The Story and Evolution of Doodles - G_6e786d/h1_The story behind Doodles' is visible

07-06-2024T14:04:49 - [TEST_STEP][PASSED] - verifyElementVisible(findTestObject("Object Repository/Page_The Story and Evolution of Doodles - G_6e786d/p_The first Doodle was a simple out-of-offi_345e61")): Object 'Object Repository/Page_The Story and Evolution of Doodles - G_6e786d/p_The first Doodle was a simple out-of-offi_345e61' is visible

07-06-2024T14:04:49 - [MESSAGE][PASSED] - Object 'Object Repository/Page_The Story and Evolution of Doodles - G_6e786d/p_The first Doodle was a simple out-of-offi_345e61' is visible

07-06-2024T14:04:49 - [TEST_STEP][PASSED] - verifyElementVisible(findTestObject("Object Repository/Page_The Story and Evolution of Doodles - G_6e786d/h2_Weve created more than 5,000 Doodles ove_111429")): Object 'Object Repository/Page_The Story and Evolution of Doodles - G_6e786d/h2_Weve created more than 5,000 Doodles ove_111429' is visible

07-06-2024T14:04:49 - [MESSAGE][PASSED] - Object 'Object Repository/Page_The Story and Evolution of Doodles - G_6e786d/h2_Weve created more than 5,000 Doodles ove_111429' is visible

07-06-2024T14:04:49 - [TEST_STEP][PASSED] - click(findTestObject("Object Repository/Page_The Story and Evolution of Doodles - G_6e786d/p_The first Doodle was a simple out-of-offi_345e61")): Object: 'Object Repository/Page_The Story and Evolution of Doodles - G_6e786d/p_The first Doodle was a simple out-of-offi_345e61' is clicked on

07-06-2024T14:04:49 - [MESSAGE][PASSED] - Object: 'Object Repository/Page_The Story and Evolution of Doodles - G_6e786d/p_The first Doodle was a simple out-of-offi_345e61' is clicked on

07-06-2024T14:04:49 - [TEST_STEP][PASSED] - verifyElementVisible(findTestObject("Object Repository/Page_The Story and Evolution of Doodles - G_6e786d/h1_The story behind Doodles")): Object 'Object Repository/Page_The Story and Evolution of Doodles - G_6e786d/h1_The story behind Doodles' is visible

07-06-2024T14:04:49 - [MESSAGE][PASSED] - Object 'Object Repository/Page_The Story and Evolution of Doodles - G_6e786d/h1_The story behind Doodles' is visible

07-06-2024T14:04:49 - [TEST_STEP][PASSED] - verifyElementVisible(findTestObject("Object Repository/Page_The Story and Evolution of Doodles - G_6e786d/p_The first Doodle was a simple out-of-offi_345e61")): Object 'Object Repository/Page_The Story and Evolution of Doodles - G_6e786d/p_The first Doodle was a simple out-of-offi_345e61' is visible

07-06-2024T14:04:49 - [MESSAGE][PASSED] - Object 'Object Repository/Page_The Story and Evolution of Doodles - G_6e786d/p_The first Doodle was a simple out-of-offi_345e61' is visible

07-06-2024T14:04:49 - [TEST_STEP][PASSED] - verifyElementVisible(findTestObject("Object Repository/Page_The Story and Evolution of Doodles - G_6e786d/h2_Weve created more than 5,000 Doodles ove_111429")): Object 'Object Repository/Page_The Story and Evolution of Doodles - G_6e786d/h2_Weve created more than 5,000 Doodles ove_111429' is visible

07-06-2024T14:04:49 - [MESSAGE][PASSED] - Object 'Object Repository/Page_The Story and Evolution of Doodles - G_6e786d/h2_Weve created more than 5,000 Doodles ove_111429' is visible

07-06-2024T14:04:49 - [TEST_STEP][PASSED] - click(findTestObject("Object Repository/Page_The Story and Evolution of Doodles - G_6e786d/p_The first Doodle was a simple out-of-offi_345e61")): Object: 'Object Repository/Page_The Story and Evolution of Doodles - G_6e786d/p_The first Doodle was a simple out-of-offi_345e61' is clicked on

07-06-2024T14:04:50 - [MESSAGE][PASSED] - Object: 'Object Repository/Page_The Story and Evolution of Doodles - G_6e786d/p_The first Doodle was a simple out-of-offi_345e61' is clicked on

07-06-2024T14:04:50 - [TEST_STEP][PASSED] - verifyElementVisible(findTestObject("Object Repository/Page_The Story and Evolution of Doodles - G_6e786d/h1_The story behind Doodles")): Object 'Object Repository/Page_The Story and Evolution of Doodles - G_6e786d/h1_The story behind Doodles' is visible

07-06-2024T14:04:50 - [MESSAGE][PASSED] - Object 'Object Repository/Page_The Story and Evolution of Doodles - G_6e786d/h1_The story behind Doodles' is visible

07-06-2024T14:04:50 - [TEST_STEP][PASSED] - verifyElementVisible(findTestObject("Object Repository/Page_The Story and Evolution of Doodles - G_6e786d/p_The first Doodle was a simple out-of-offi_345e61")): Object 'Object Repository/Page_The Story and Evolution of Doodles - G_6e786d/p_The first Doodle was a simple out-of-offi_345e61' is visible

07-06-2024T14:04:50 - [MESSAGE][PASSED] - Object 'Object Repository/Page_The Story and Evolution of Doodles - G_6e786d/p_The first Doodle was a simple out-of-offi_345e61' is visible

07-06-2024T14:04:50 - [TEST_STEP][PASSED] - verifyElementVisible(findTestObject("Object Repository/Page_The Story and Evolution of Doodles - G_6e786d/h2_Weve created more than 5,000 Doodles ove_111429")): Object 'Object Repository/Page_The Story and Evolution of Doodles - G_6e786d/h2_Weve created more than 5,000 Doodles ove_111429' is visible

07-06-2024T14:04:50 - [MESSAGE][PASSED] - Object 'Object Repository/Page_The Story and Evolution of Doodles - G_6e786d/h2_Weve created more than 5,000 Doodles ove_111429' is visible

07-06-2024T14:04:50 - [TEST_STEP][PASSED] - click(findTestObject("Object Repository/Page_The Story and Evolution of Doodles - G_6e786d/p_The first Doodle was a simple out-of-offi_345e61")): Object: 'Object Repository/Page_The Story and Evolution of Doodles - G_6e786d/p_The first Doodle was a simple out-of-offi_345e61' is clicked on

07-06-2024T14:04:50 - [MESSAGE][PASSED] - Object: 'Object Repository/Page_The Story and Evolution of Doodles - G_6e786d/p_The first Doodle was a simple out-of-offi_345e61' is clicked on

07-06-2024T14:04:50 - [TEST_STEP][PASSED] - verifyElementVisible(findTestObject("Object Repository/Page_The Story and Evolution of Doodles - G_6e786d/h1_The story behind Doodles")): Object 'Object Repository/Page_The Story and Evolution of Doodles - G_6e786d/h1_The story behind Doodles' is visible

07-06-2024T14:04:50 - [MESSAGE][PASSED] - Object 'Object Repository/Page_The Story and Evolution of Doodles - G_6e786d/h1_The story behind Doodles' is visible

07-06-2024T14:04:50 - [TEST_STEP][PASSED] - verifyElementVisible(findTestObject("Object Repository/Page_The Story and Evolution of Doodles - G_6e786d/p_The first Doodle was a simple out-of-offi_345e61")): Object 'Object Repository/Page_The Story and Evolution of Doodles - G_6e786d/p_The first Doodle was a simple out-of-offi_345e61' is visible

07-06-2024T14:04:50 - [MESSAGE][PASSED] - Object 'Object Repository/Page_The Story and Evolution of Doodles - G_6e786d/p_The first Doodle was a simple out-of-offi_345e61' is visible

07-06-2024T14:04:50 - [TEST_STEP][PASSED] - verifyElementVisible(findTestObject("Object Repository/Page_The Story and Evolution of Doodles - G_6e786d/h2_Weve created more than 5,000 Doodles ove_111429")): Object 'Object Repository/Page_The Story and Evolution of Doodles - G_6e786d/h2_Weve created more than 5,000 Doodles ove_111429' is visible

07-06-2024T14:04:50 - [MESSAGE][PASSED] - Object 'Object Repository/Page_The Story and Evolution of Doodles - G_6e786d/h2_Weve created more than 5,000 Doodles ove_111429' is visible

07-06-2024T14:04:50 - [TEST_STEP][PASSED] - click(findTestObject("Object Repository/Page_The Story and Evolution of Doodles - G_6e786d/p_The first Doodle was a simple out-of-offi_345e61")): Object: 'Object Repository/Page_The Story and Evolution of Doodles - G_6e786d/p_The first Doodle was a simple out-of-offi_345e61' is clicked on

07-06-2024T14:04:50 - [MESSAGE][PASSED] - Object: 'Object Repository/Page_The Story and Evolution of Doodles - G_6e786d/p_The first Doodle was a simple out-of-offi_345e61' is clicked on

07-06-2024T14:04:50 - [TEST_STEP][PASSED] - verifyElementVisible(findTestObject("Object Repository/Page_The Story and Evolution of Doodles - G_6e786d/h1_The story behind Doodles")): Object 'Object Repository/Page_The Story and Evolution of Doodles - G_6e786d/h1_The story behind Doodles' is visible

07-06-2024T14:04:50 - [MESSAGE][PASSED] - Object 'Object Repository/Page_The Story and Evolution of Doodles - G_6e786d/h1_The story behind Doodles' is visible

07-06-2024T14:04:50 - [TEST_STEP][PASSED] - verifyElementVisible(findTestObject("Object Repository/Page_The Story and Evolution of Doodles - G_6e786d/p_The first Doodle was a simple out-of-offi_345e61")): Object 'Object Repository/Page_The Story and Evolution of Doodles - G_6e786d/p_The first Doodle was a simple out-of-offi_345e61' is visible

07-06-2024T14:04:50 - [MESSAGE][PASSED] - Object 'Object Repository/Page_The Story and Evolution of Doodles - G_6e786d/p_The first Doodle was a simple out-of-offi_345e61' is visible

07-06-2024T14:04:50 - [TEST_STEP][PASSED] - verifyElementVisible(findTestObject("Object Repository/Page_The Story and Evolution of Doodles - G_6e786d/h2_Weve created more than 5,000 Doodles ove_111429")): Object 'Object Repository/Page_The Story and Evolution of Doodles - G_6e786d/h2_Weve created more than 5,000 Doodles ove_111429' is visible

07-06-2024T14:04:50 - [MESSAGE][PASSED] - Object 'Object Repository/Page_The Story and Evolution of Doodles - G_6e786d/h2_Weve created more than 5,000 Doodles ove_111429' is visible

07-06-2024T14:04:50 - [TEST_STEP][PASSED] - click(findTestObject("Object Repository/Page_The Story and Evolution of Doodles - G_6e786d/p_The first Doodle was a simple out-of-offi_345e61")): Object: 'Object Repository/Page_The Story and Evolution of Doodles - G_6e786d/p_The first Doodle was a simple out-of-offi_345e61' is clicked on

07-06-2024T14:04:50 - [MESSAGE][PASSED] - Object: 'Object Repository/Page_The Story and Evolution of Doodles - G_6e786d/p_The first Doodle was a simple out-of-offi_345e61' is clicked on

07-06-2024T14:04:50 - [TEST_STEP][PASSED] - verifyElementVisible(findTestObject("Object Repository/Page_The Story and Evolution of Doodles - G_6e786d/h1_The story behind Doodles")): Object 'Object Repository/Page_The Story and Evolution of Doodles - G_6e786d/h1_The story behind Doodles' is visible

07-06-2024T14:04:51 - [MESSAGE][PASSED] - Object 'Object Repository/Page_The Story and Evolution of Doodles - G_6e786d/h1_The story behind Doodles' is visible

07-06-2024T14:04:51 - [TEST_STEP][PASSED] - verifyElementVisible(findTestObject("Object Repository/Page_The Story and Evolution of Doodles - G_6e786d/p_The first Doodle was a simple out-of-offi_345e61")): Object 'Object Repository/Page_The Story and Evolution of Doodles - G_6e786d/p_The first Doodle was a simple out-of-offi_345e61' is visible

07-06-2024T14:04:51 - [MESSAGE][PASSED] - Object 'Object Repository/Page_The Story and Evolution of Doodles - G_6e786d/p_The first Doodle was a simple out-of-offi_345e61' is visible

07-06-2024T14:04:51 - [TEST_STEP][PASSED] - verifyElementVisible(findTestObject("Object Repository/Page_The Story and Evolution of Doodles - G_6e786d/h2_Weve created more than 5,000 Doodles ove_111429")): Object 'Object Repository/Page_The Story and Evolution of Doodles - G_6e786d/h2_Weve created more than 5,000 Doodles ove_111429' is visible

07-06-2024T14:04:51 - [MESSAGE][PASSED] - Object 'Object Repository/Page_The Story and Evolution of Doodles - G_6e786d/h2_Weve created more than 5,000 Doodles ove_111429' is visible

07-06-2024T14:04:51 - [TEST_STEP][PASSED] - click(findTestObject("Object Repository/Page_The Story and Evolution of Doodles - G_6e786d/p_The first Doodle was a simple out-of-offi_345e61")): Object: 'Object Repository/Page_The Story and Evolution of Doodles - G_6e786d/p_The first Doodle was a simple out-of-offi_345e61' is clicked on

07-06-2024T14:04:51 - [MESSAGE][PASSED] - Object: 'Object Repository/Page_The Story and Evolution of Doodles - G_6e786d/p_The first Doodle was a simple out-of-offi_345e61' is clicked on

07-06-2024T14:04:51 - [TEST_STEP][PASSED] - verifyElementVisible(findTestObject("Object Repository/Page_The Story and Evolution of Doodles - G_6e786d/h1_The story behind Doodles")): Object 'Object Repository/Page_The Story and Evolution of Doodles - G_6e786d/h1_The story behind Doodles' is visible

07-06-2024T14:04:51 - [MESSAGE][PASSED] - Object 'Object Repository/Page_The Story and Evolution of Doodles - G_6e786d/h1_The story behind Doodles' is visible

07-06-2024T14:04:51 - [TEST_STEP][PASSED] - verifyElementVisible(findTestObject("Object Repository/Page_The Story and Evolution of Doodles - G_6e786d/p_The first Doodle was a simple out-of-offi_345e61")): Object 'Object Repository/Page_The Story and Evolution of Doodles - G_6e786d/p_The first Doodle was a simple out-of-offi_345e61' is visible

07-06-2024T14:04:51 - [MESSAGE][PASSED] - Object 'Object Repository/Page_The Story and Evolution of Doodles - G_6e786d/p_The first Doodle was a simple out-of-offi_345e61' is visible

07-06-2024T14:04:51 - [TEST_STEP][PASSED] - verifyElementVisible(findTestObject("Object Repository/Page_The Story and Evolution of Doodles - G_6e786d/h2_Weve created more than 5,000 Doodles ove_111429")): Object 'Object Repository/Page_The Story and Evolution of Doodles - G_6e786d/h2_Weve created more than 5,000 Doodles ove_111429' is visible

07-06-2024T14:04:51 - [MESSAGE][PASSED] - Object 'Object Repository/Page_The Story and Evolution of Doodles - G_6e786d/h2_Weve created more than 5,000 Doodles ove_111429' is visible]]></system-out>
         <system-err><![CDATA[]]></system-err>
      </testcase>
      <testcase name="Test Cases/test case folder 1/tc1 - Copy (10)" time="8.336" classname="Test Cases/test case folder 1/tc1 - Copy (10)" status="PASSED">
         <system-out><![CDATA[07-06-2024T14:04:51 - [TEST_CASE][PASSED] - Test Cases/test case folder 1/tc1 - Copy (10): Test Cases/test case folder 1/tc1 - Copy (10)

07-06-2024T14:04:51 - [TEST_STEP][PASSED] - openBrowser(""): Browser is opened with url: ''

07-06-2024T14:04:51 - [MESSAGE][WARNING] - A browser is already opened. Closing browser and opening a new one

07-06-2024T14:04:52 - [MESSAGE][INFO] - Starting 'Firefox (headless)' driver

07-06-2024T14:04:52 - [MESSAGE][INFO] - Action delay is set to 0 milliseconds

07-06-2024T14:04:54 - [MESSAGE][PASSED] - Browser is opened with url: ''

07-06-2024T14:04:54 - [TEST_STEP][PASSED] - navigateToUrl("https://doodles.google/about/"): Navigate to 'https://doodles.google/about/' successfully

07-06-2024T14:04:55 - [MESSAGE][PASSED] - Navigate to 'https://doodles.google/about/' successfully

07-06-2024T14:04:55 - [TEST_STEP][PASSED] - click(findTestObject("Object Repository/Page_The Story and Evolution of Doodles - G_6e786d/p_The first Doodle was a simple out-of-offi_345e61")): Object: 'Object Repository/Page_The Story and Evolution of Doodles - G_6e786d/p_The first Doodle was a simple out-of-offi_345e61' is clicked on

07-06-2024T14:04:56 - [MESSAGE][PASSED] - Object: 'Object Repository/Page_The Story and Evolution of Doodles - G_6e786d/p_The first Doodle was a simple out-of-offi_345e61' is clicked on

07-06-2024T14:04:56 - [TEST_STEP][PASSED] - click(findTestObject("Object Repository/Page_The Story and Evolution of Doodles - G_6e786d/p_The first Doodle was a simple out-of-offi_345e61")): Object: 'Object Repository/Page_The Story and Evolution of Doodles - G_6e786d/p_The first Doodle was a simple out-of-offi_345e61' is clicked on

07-06-2024T14:04:56 - [MESSAGE][PASSED] - Object: 'Object Repository/Page_The Story and Evolution of Doodles - G_6e786d/p_The first Doodle was a simple out-of-offi_345e61' is clicked on

07-06-2024T14:04:56 - [TEST_STEP][PASSED] - verifyElementVisible(findTestObject("Object Repository/Page_The Story and Evolution of Doodles - G_6e786d/h1_The story behind Doodles")): Object 'Object Repository/Page_The Story and Evolution of Doodles - G_6e786d/h1_The story behind Doodles' is visible

07-06-2024T14:04:56 - [MESSAGE][PASSED] - Object 'Object Repository/Page_The Story and Evolution of Doodles - G_6e786d/h1_The story behind Doodles' is visible

07-06-2024T14:04:56 - [TEST_STEP][PASSED] - verifyElementVisible(findTestObject("Object Repository/Page_The Story and Evolution of Doodles - G_6e786d/p_The first Doodle was a simple out-of-offi_345e61")): Object 'Object Repository/Page_The Story and Evolution of Doodles - G_6e786d/p_The first Doodle was a simple out-of-offi_345e61' is visible

07-06-2024T14:04:56 - [MESSAGE][PASSED] - Object 'Object Repository/Page_The Story and Evolution of Doodles - G_6e786d/p_The first Doodle was a simple out-of-offi_345e61' is visible

07-06-2024T14:04:56 - [TEST_STEP][PASSED] - verifyElementVisible(findTestObject("Object Repository/Page_The Story and Evolution of Doodles - G_6e786d/h2_Weve created more than 5,000 Doodles ove_111429")): Object 'Object Repository/Page_The Story and Evolution of Doodles - G_6e786d/h2_Weve created more than 5,000 Doodles ove_111429' is visible

07-06-2024T14:04:56 - [MESSAGE][PASSED] - Object 'Object Repository/Page_The Story and Evolution of Doodles - G_6e786d/h2_Weve created more than 5,000 Doodles ove_111429' is visible

07-06-2024T14:04:56 - [TEST_STEP][PASSED] - verifyElementVisible(findTestObject("Object Repository/Page_The Story and Evolution of Doodles - G_6e786d/h1_The story behind Doodles")): Object 'Object Repository/Page_The Story and Evolution of Doodles - G_6e786d/h1_The story behind Doodles' is visible

07-06-2024T14:04:56 - [MESSAGE][PASSED] - Object 'Object Repository/Page_The Story and Evolution of Doodles - G_6e786d/h1_The story behind Doodles' is visible

07-06-2024T14:04:56 - [TEST_STEP][PASSED] - verifyElementVisible(findTestObject("Object Repository/Page_The Story and Evolution of Doodles - G_6e786d/p_The first Doodle was a simple out-of-offi_345e61")): Object 'Object Repository/Page_The Story and Evolution of Doodles - G_6e786d/p_The first Doodle was a simple out-of-offi_345e61' is visible

07-06-2024T14:04:56 - [MESSAGE][PASSED] - Object 'Object Repository/Page_The Story and Evolution of Doodles - G_6e786d/p_The first Doodle was a simple out-of-offi_345e61' is visible

07-06-2024T14:04:56 - [TEST_STEP][PASSED] - verifyElementVisible(findTestObject("Object Repository/Page_The Story and Evolution of Doodles - G_6e786d/h2_Weve created more than 5,000 Doodles ove_111429")): Object 'Object Repository/Page_The Story and Evolution of Doodles - G_6e786d/h2_Weve created more than 5,000 Doodles ove_111429' is visible

07-06-2024T14:04:56 - [MESSAGE][PASSED] - Object 'Object Repository/Page_The Story and Evolution of Doodles - G_6e786d/h2_Weve created more than 5,000 Doodles ove_111429' is visible

07-06-2024T14:04:56 - [TEST_STEP][PASSED] - click(findTestObject("Object Repository/Page_The Story and Evolution of Doodles - G_6e786d/p_The first Doodle was a simple out-of-offi_345e61")): Object: 'Object Repository/Page_The Story and Evolution of Doodles - G_6e786d/p_The first Doodle was a simple out-of-offi_345e61' is clicked on

07-06-2024T14:04:57 - [MESSAGE][PASSED] - Object: 'Object Repository/Page_The Story and Evolution of Doodles - G_6e786d/p_The first Doodle was a simple out-of-offi_345e61' is clicked on

07-06-2024T14:04:57 - [TEST_STEP][PASSED] - verifyElementVisible(findTestObject("Object Repository/Page_The Story and Evolution of Doodles - G_6e786d/h1_The story behind Doodles")): Object 'Object Repository/Page_The Story and Evolution of Doodles - G_6e786d/h1_The story behind Doodles' is visible

07-06-2024T14:04:57 - [MESSAGE][PASSED] - Object 'Object Repository/Page_The Story and Evolution of Doodles - G_6e786d/h1_The story behind Doodles' is visible

07-06-2024T14:04:57 - [TEST_STEP][PASSED] - verifyElementVisible(findTestObject("Object Repository/Page_The Story and Evolution of Doodles - G_6e786d/p_The first Doodle was a simple out-of-offi_345e61")): Object 'Object Repository/Page_The Story and Evolution of Doodles - G_6e786d/p_The first Doodle was a simple out-of-offi_345e61' is visible

07-06-2024T14:04:57 - [MESSAGE][PASSED] - Object 'Object Repository/Page_The Story and Evolution of Doodles - G_6e786d/p_The first Doodle was a simple out-of-offi_345e61' is visible

07-06-2024T14:04:57 - [TEST_STEP][PASSED] - verifyElementVisible(findTestObject("Object Repository/Page_The Story and Evolution of Doodles - G_6e786d/h2_Weve created more than 5,000 Doodles ove_111429")): Object 'Object Repository/Page_The Story and Evolution of Doodles - G_6e786d/h2_Weve created more than 5,000 Doodles ove_111429' is visible

07-06-2024T14:04:57 - [MESSAGE][PASSED] - Object 'Object Repository/Page_The Story and Evolution of Doodles - G_6e786d/h2_Weve created more than 5,000 Doodles ove_111429' is visible

07-06-2024T14:04:57 - [TEST_STEP][PASSED] - click(findTestObject("Object Repository/Page_The Story and Evolution of Doodles - G_6e786d/p_The first Doodle was a simple out-of-offi_345e61")): Object: 'Object Repository/Page_The Story and Evolution of Doodles - G_6e786d/p_The first Doodle was a simple out-of-offi_345e61' is clicked on

07-06-2024T14:04:57 - [MESSAGE][PASSED] - Object: 'Object Repository/Page_The Story and Evolution of Doodles - G_6e786d/p_The first Doodle was a simple out-of-offi_345e61' is clicked on

07-06-2024T14:04:57 - [TEST_STEP][PASSED] - verifyElementVisible(findTestObject("Object Repository/Page_The Story and Evolution of Doodles - G_6e786d/h1_The story behind Doodles")): Object 'Object Repository/Page_The Story and Evolution of Doodles - G_6e786d/h1_The story behind Doodles' is visible

07-06-2024T14:04:57 - [MESSAGE][PASSED] - Object 'Object Repository/Page_The Story and Evolution of Doodles - G_6e786d/h1_The story behind Doodles' is visible

07-06-2024T14:04:57 - [TEST_STEP][PASSED] - verifyElementVisible(findTestObject("Object Repository/Page_The Story and Evolution of Doodles - G_6e786d/p_The first Doodle was a simple out-of-offi_345e61")): Object 'Object Repository/Page_The Story and Evolution of Doodles - G_6e786d/p_The first Doodle was a simple out-of-offi_345e61' is visible

07-06-2024T14:04:57 - [MESSAGE][PASSED] - Object 'Object Repository/Page_The Story and Evolution of Doodles - G_6e786d/p_The first Doodle was a simple out-of-offi_345e61' is visible

07-06-2024T14:04:57 - [TEST_STEP][PASSED] - verifyElementVisible(findTestObject("Object Repository/Page_The Story and Evolution of Doodles - G_6e786d/h2_Weve created more than 5,000 Doodles ove_111429")): Object 'Object Repository/Page_The Story and Evolution of Doodles - G_6e786d/h2_Weve created more than 5,000 Doodles ove_111429' is visible

07-06-2024T14:04:57 - [MESSAGE][PASSED] - Object 'Object Repository/Page_The Story and Evolution of Doodles - G_6e786d/h2_Weve created more than 5,000 Doodles ove_111429' is visible

07-06-2024T14:04:57 - [TEST_STEP][PASSED] - click(findTestObject("Object Repository/Page_The Story and Evolution of Doodles - G_6e786d/p_The first Doodle was a simple out-of-offi_345e61")): Object: 'Object Repository/Page_The Story and Evolution of Doodles - G_6e786d/p_The first Doodle was a simple out-of-offi_345e61' is clicked on

07-06-2024T14:04:57 - [MESSAGE][PASSED] - Object: 'Object Repository/Page_The Story and Evolution of Doodles - G_6e786d/p_The first Doodle was a simple out-of-offi_345e61' is clicked on

07-06-2024T14:04:57 - [TEST_STEP][PASSED] - verifyElementVisible(findTestObject("Object Repository/Page_The Story and Evolution of Doodles - G_6e786d/h1_The story behind Doodles")): Object 'Object Repository/Page_The Story and Evolution of Doodles - G_6e786d/h1_The story behind Doodles' is visible

07-06-2024T14:04:57 - [MESSAGE][PASSED] - Object 'Object Repository/Page_The Story and Evolution of Doodles - G_6e786d/h1_The story behind Doodles' is visible

07-06-2024T14:04:57 - [TEST_STEP][PASSED] - verifyElementVisible(findTestObject("Object Repository/Page_The Story and Evolution of Doodles - G_6e786d/p_The first Doodle was a simple out-of-offi_345e61")): Object 'Object Repository/Page_The Story and Evolution of Doodles - G_6e786d/p_The first Doodle was a simple out-of-offi_345e61' is visible

07-06-2024T14:04:57 - [MESSAGE][PASSED] - Object 'Object Repository/Page_The Story and Evolution of Doodles - G_6e786d/p_The first Doodle was a simple out-of-offi_345e61' is visible

07-06-2024T14:04:57 - [TEST_STEP][PASSED] - verifyElementVisible(findTestObject("Object Repository/Page_The Story and Evolution of Doodles - G_6e786d/h2_Weve created more than 5,000 Doodles ove_111429")): Object 'Object Repository/Page_The Story and Evolution of Doodles - G_6e786d/h2_Weve created more than 5,000 Doodles ove_111429' is visible

07-06-2024T14:04:57 - [MESSAGE][PASSED] - Object 'Object Repository/Page_The Story and Evolution of Doodles - G_6e786d/h2_Weve created more than 5,000 Doodles ove_111429' is visible

07-06-2024T14:04:57 - [TEST_STEP][PASSED] - click(findTestObject("Object Repository/Page_The Story and Evolution of Doodles - G_6e786d/p_The first Doodle was a simple out-of-offi_345e61")): Object: 'Object Repository/Page_The Story and Evolution of Doodles - G_6e786d/p_The first Doodle was a simple out-of-offi_345e61' is clicked on

07-06-2024T14:04:57 - [MESSAGE][PASSED] - Object: 'Object Repository/Page_The Story and Evolution of Doodles - G_6e786d/p_The first Doodle was a simple out-of-offi_345e61' is clicked on

07-06-2024T14:04:57 - [TEST_STEP][PASSED] - verifyElementVisible(findTestObject("Object Repository/Page_The Story and Evolution of Doodles - G_6e786d/h1_The story behind Doodles")): Object 'Object Repository/Page_The Story and Evolution of Doodles - G_6e786d/h1_The story behind Doodles' is visible

07-06-2024T14:04:58 - [MESSAGE][PASSED] - Object 'Object Repository/Page_The Story and Evolution of Doodles - G_6e786d/h1_The story behind Doodles' is visible

07-06-2024T14:04:58 - [TEST_STEP][PASSED] - verifyElementVisible(findTestObject("Object Repository/Page_The Story and Evolution of Doodles - G_6e786d/p_The first Doodle was a simple out-of-offi_345e61")): Object 'Object Repository/Page_The Story and Evolution of Doodles - G_6e786d/p_The first Doodle was a simple out-of-offi_345e61' is visible

07-06-2024T14:04:58 - [MESSAGE][PASSED] - Object 'Object Repository/Page_The Story and Evolution of Doodles - G_6e786d/p_The first Doodle was a simple out-of-offi_345e61' is visible

07-06-2024T14:04:58 - [TEST_STEP][PASSED] - verifyElementVisible(findTestObject("Object Repository/Page_The Story and Evolution of Doodles - G_6e786d/h2_Weve created more than 5,000 Doodles ove_111429")): Object 'Object Repository/Page_The Story and Evolution of Doodles - G_6e786d/h2_Weve created more than 5,000 Doodles ove_111429' is visible

07-06-2024T14:04:58 - [MESSAGE][PASSED] - Object 'Object Repository/Page_The Story and Evolution of Doodles - G_6e786d/h2_Weve created more than 5,000 Doodles ove_111429' is visible

07-06-2024T14:04:58 - [TEST_STEP][PASSED] - click(findTestObject("Object Repository/Page_The Story and Evolution of Doodles - G_6e786d/p_The first Doodle was a simple out-of-offi_345e61")): Object: 'Object Repository/Page_The Story and Evolution of Doodles - G_6e786d/p_The first Doodle was a simple out-of-offi_345e61' is clicked on

07-06-2024T14:04:58 - [MESSAGE][PASSED] - Object: 'Object Repository/Page_The Story and Evolution of Doodles - G_6e786d/p_The first Doodle was a simple out-of-offi_345e61' is clicked on

07-06-2024T14:04:58 - [TEST_STEP][PASSED] - verifyElementVisible(findTestObject("Object Repository/Page_The Story and Evolution of Doodles - G_6e786d/h1_The story behind Doodles")): Object 'Object Repository/Page_The Story and Evolution of Doodles - G_6e786d/h1_The story behind Doodles' is visible

07-06-2024T14:04:58 - [MESSAGE][PASSED] - Object 'Object Repository/Page_The Story and Evolution of Doodles - G_6e786d/h1_The story behind Doodles' is visible

07-06-2024T14:04:58 - [TEST_STEP][PASSED] - verifyElementVisible(findTestObject("Object Repository/Page_The Story and Evolution of Doodles - G_6e786d/p_The first Doodle was a simple out-of-offi_345e61")): Object 'Object Repository/Page_The Story and Evolution of Doodles - G_6e786d/p_The first Doodle was a simple out-of-offi_345e61' is visible

07-06-2024T14:04:58 - [MESSAGE][PASSED] - Object 'Object Repository/Page_The Story and Evolution of Doodles - G_6e786d/p_The first Doodle was a simple out-of-offi_345e61' is visible

07-06-2024T14:04:58 - [TEST_STEP][PASSED] - verifyElementVisible(findTestObject("Object Repository/Page_The Story and Evolution of Doodles - G_6e786d/h2_Weve created more than 5,000 Doodles ove_111429")): Object 'Object Repository/Page_The Story and Evolution of Doodles - G_6e786d/h2_Weve created more than 5,000 Doodles ove_111429' is visible

07-06-2024T14:04:58 - [MESSAGE][PASSED] - Object 'Object Repository/Page_The Story and Evolution of Doodles - G_6e786d/h2_Weve created more than 5,000 Doodles ove_111429' is visible

07-06-2024T14:04:58 - [TEST_STEP][PASSED] - click(findTestObject("Object Repository/Page_The Story and Evolution of Doodles - G_6e786d/p_The first Doodle was a simple out-of-offi_345e61")): Object: 'Object Repository/Page_The Story and Evolution of Doodles - G_6e786d/p_The first Doodle was a simple out-of-offi_345e61' is clicked on

07-06-2024T14:04:58 - [MESSAGE][PASSED] - Object: 'Object Repository/Page_The Story and Evolution of Doodles - G_6e786d/p_The first Doodle was a simple out-of-offi_345e61' is clicked on

07-06-2024T14:04:58 - [TEST_STEP][PASSED] - verifyElementVisible(findTestObject("Object Repository/Page_The Story and Evolution of Doodles - G_6e786d/h1_The story behind Doodles")): Object 'Object Repository/Page_The Story and Evolution of Doodles - G_6e786d/h1_The story behind Doodles' is visible

07-06-2024T14:04:58 - [MESSAGE][PASSED] - Object 'Object Repository/Page_The Story and Evolution of Doodles - G_6e786d/h1_The story behind Doodles' is visible

07-06-2024T14:04:58 - [TEST_STEP][PASSED] - verifyElementVisible(findTestObject("Object Repository/Page_The Story and Evolution of Doodles - G_6e786d/p_The first Doodle was a simple out-of-offi_345e61")): Object 'Object Repository/Page_The Story and Evolution of Doodles - G_6e786d/p_The first Doodle was a simple out-of-offi_345e61' is visible

07-06-2024T14:04:58 - [MESSAGE][PASSED] - Object 'Object Repository/Page_The Story and Evolution of Doodles - G_6e786d/p_The first Doodle was a simple out-of-offi_345e61' is visible

07-06-2024T14:04:58 - [TEST_STEP][PASSED] - verifyElementVisible(findTestObject("Object Repository/Page_The Story and Evolution of Doodles - G_6e786d/h2_Weve created more than 5,000 Doodles ove_111429")): Object 'Object Repository/Page_The Story and Evolution of Doodles - G_6e786d/h2_Weve created more than 5,000 Doodles ove_111429' is visible

07-06-2024T14:04:58 - [MESSAGE][PASSED] - Object 'Object Repository/Page_The Story and Evolution of Doodles - G_6e786d/h2_Weve created more than 5,000 Doodles ove_111429' is visible

07-06-2024T14:04:58 - [TEST_STEP][PASSED] - click(findTestObject("Object Repository/Page_The Story and Evolution of Doodles - G_6e786d/p_The first Doodle was a simple out-of-offi_345e61")): Object: 'Object Repository/Page_The Story and Evolution of Doodles - G_6e786d/p_The first Doodle was a simple out-of-offi_345e61' is clicked on

07-06-2024T14:04:58 - [MESSAGE][PASSED] - Object: 'Object Repository/Page_The Story and Evolution of Doodles - G_6e786d/p_The first Doodle was a simple out-of-offi_345e61' is clicked on

07-06-2024T14:04:58 - [TEST_STEP][PASSED] - verifyElementVisible(findTestObject("Object Repository/Page_The Story and Evolution of Doodles - G_6e786d/h1_The story behind Doodles")): Object 'Object Repository/Page_The Story and Evolution of Doodles - G_6e786d/h1_The story behind Doodles' is visible

07-06-2024T14:04:58 - [MESSAGE][PASSED] - Object 'Object Repository/Page_The Story and Evolution of Doodles - G_6e786d/h1_The story behind Doodles' is visible

07-06-2024T14:04:58 - [TEST_STEP][PASSED] - verifyElementVisible(findTestObject("Object Repository/Page_The Story and Evolution of Doodles - G_6e786d/p_The first Doodle was a simple out-of-offi_345e61")): Object 'Object Repository/Page_The Story and Evolution of Doodles - G_6e786d/p_The first Doodle was a simple out-of-offi_345e61' is visible

07-06-2024T14:04:59 - [MESSAGE][PASSED] - Object 'Object Repository/Page_The Story and Evolution of Doodles - G_6e786d/p_The first Doodle was a simple out-of-offi_345e61' is visible

07-06-2024T14:04:59 - [TEST_STEP][PASSED] - verifyElementVisible(findTestObject("Object Repository/Page_The Story and Evolution of Doodles - G_6e786d/h2_Weve created more than 5,000 Doodles ove_111429")): Object 'Object Repository/Page_The Story and Evolution of Doodles - G_6e786d/h2_Weve created more than 5,000 Doodles ove_111429' is visible

07-06-2024T14:04:59 - [MESSAGE][PASSED] - Object 'Object Repository/Page_The Story and Evolution of Doodles - G_6e786d/h2_Weve created more than 5,000 Doodles ove_111429' is visible

07-06-2024T14:04:59 - [TEST_STEP][PASSED] - click(findTestObject("Object Repository/Page_The Story and Evolution of Doodles - G_6e786d/p_The first Doodle was a simple out-of-offi_345e61")): Object: 'Object Repository/Page_The Story and Evolution of Doodles - G_6e786d/p_The first Doodle was a simple out-of-offi_345e61' is clicked on

07-06-2024T14:04:59 - [MESSAGE][PASSED] - Object: 'Object Repository/Page_The Story and Evolution of Doodles - G_6e786d/p_The first Doodle was a simple out-of-offi_345e61' is clicked on

07-06-2024T14:04:59 - [TEST_STEP][PASSED] - verifyElementVisible(findTestObject("Object Repository/Page_The Story and Evolution of Doodles - G_6e786d/h1_The story behind Doodles")): Object 'Object Repository/Page_The Story and Evolution of Doodles - G_6e786d/h1_The story behind Doodles' is visible

07-06-2024T14:04:59 - [MESSAGE][PASSED] - Object 'Object Repository/Page_The Story and Evolution of Doodles - G_6e786d/h1_The story behind Doodles' is visible

07-06-2024T14:04:59 - [TEST_STEP][PASSED] - verifyElementVisible(findTestObject("Object Repository/Page_The Story and Evolution of Doodles - G_6e786d/p_The first Doodle was a simple out-of-offi_345e61")): Object 'Object Repository/Page_The Story and Evolution of Doodles - G_6e786d/p_The first Doodle was a simple out-of-offi_345e61' is visible

07-06-2024T14:04:59 - [MESSAGE][PASSED] - Object 'Object Repository/Page_The Story and Evolution of Doodles - G_6e786d/p_The first Doodle was a simple out-of-offi_345e61' is visible

07-06-2024T14:04:59 - [TEST_STEP][PASSED] - verifyElementVisible(findTestObject("Object Repository/Page_The Story and Evolution of Doodles - G_6e786d/h2_Weve created more than 5,000 Doodles ove_111429")): Object 'Object Repository/Page_The Story and Evolution of Doodles - G_6e786d/h2_Weve created more than 5,000 Doodles ove_111429' is visible

07-06-2024T14:04:59 - [MESSAGE][PASSED] - Object 'Object Repository/Page_The Story and Evolution of Doodles - G_6e786d/h2_Weve created more than 5,000 Doodles ove_111429' is visible

07-06-2024T14:04:59 - [TEST_STEP][PASSED] - click(findTestObject("Object Repository/Page_The Story and Evolution of Doodles - G_6e786d/p_The first Doodle was a simple out-of-offi_345e61")): Object: 'Object Repository/Page_The Story and Evolution of Doodles - G_6e786d/p_The first Doodle was a simple out-of-offi_345e61' is clicked on

07-06-2024T14:04:59 - [MESSAGE][PASSED] - Object: 'Object Repository/Page_The Story and Evolution of Doodles - G_6e786d/p_The first Doodle was a simple out-of-offi_345e61' is clicked on

07-06-2024T14:04:59 - [TEST_STEP][PASSED] - verifyElementVisible(findTestObject("Object Repository/Page_The Story and Evolution of Doodles - G_6e786d/h1_The story behind Doodles")): Object 'Object Repository/Page_The Story and Evolution of Doodles - G_6e786d/h1_The story behind Doodles' is visible

07-06-2024T14:04:59 - [MESSAGE][PASSED] - Object 'Object Repository/Page_The Story and Evolution of Doodles - G_6e786d/h1_The story behind Doodles' is visible

07-06-2024T14:04:59 - [TEST_STEP][PASSED] - verifyElementVisible(findTestObject("Object Repository/Page_The Story and Evolution of Doodles - G_6e786d/p_The first Doodle was a simple out-of-offi_345e61")): Object 'Object Repository/Page_The Story and Evolution of Doodles - G_6e786d/p_The first Doodle was a simple out-of-offi_345e61' is visible

07-06-2024T14:04:59 - [MESSAGE][PASSED] - Object 'Object Repository/Page_The Story and Evolution of Doodles - G_6e786d/p_The first Doodle was a simple out-of-offi_345e61' is visible

07-06-2024T14:04:59 - [TEST_STEP][PASSED] - verifyElementVisible(findTestObject("Object Repository/Page_The Story and Evolution of Doodles - G_6e786d/h2_Weve created more than 5,000 Doodles ove_111429")): Object 'Object Repository/Page_The Story and Evolution of Doodles - G_6e786d/h2_Weve created more than 5,000 Doodles ove_111429' is visible

07-06-2024T14:04:59 - [MESSAGE][PASSED] - Object 'Object Repository/Page_The Story and Evolution of Doodles - G_6e786d/h2_Weve created more than 5,000 Doodles ove_111429' is visible]]></system-out>
         <system-err><![CDATA[]]></system-err>
      </testcase>
      <testcase name="Test Cases/test case folder 1/tc1 - Copy (11)" time="8.21" classname="Test Cases/test case folder 1/tc1 - Copy (11)" status="PASSED">
         <system-out><![CDATA[07-06-2024T14:04:59 - [TEST_CASE][PASSED] - Test Cases/test case folder 1/tc1 - Copy (11): Test Cases/test case folder 1/tc1 - Copy (11)

07-06-2024T14:04:59 - [TEST_STEP][PASSED] - openBrowser(""): Browser is opened with url: ''

07-06-2024T14:04:59 - [MESSAGE][WARNING] - A browser is already opened. Closing browser and opening a new one

07-06-2024T14:05:00 - [MESSAGE][INFO] - Starting 'Firefox (headless)' driver

07-06-2024T14:05:00 - [MESSAGE][INFO] - Action delay is set to 0 milliseconds

07-06-2024T14:05:02 - [MESSAGE][PASSED] - Browser is opened with url: ''

07-06-2024T14:05:02 - [TEST_STEP][PASSED] - navigateToUrl("https://doodles.google/about/"): Navigate to 'https://doodles.google/about/' successfully

07-06-2024T14:05:04 - [MESSAGE][PASSED] - Navigate to 'https://doodles.google/about/' successfully

07-06-2024T14:05:04 - [TEST_STEP][PASSED] - click(findTestObject("Object Repository/Page_The Story and Evolution of Doodles - G_6e786d/p_The first Doodle was a simple out-of-offi_345e61")): Object: 'Object Repository/Page_The Story and Evolution of Doodles - G_6e786d/p_The first Doodle was a simple out-of-offi_345e61' is clicked on

07-06-2024T14:05:04 - [MESSAGE][PASSED] - Object: 'Object Repository/Page_The Story and Evolution of Doodles - G_6e786d/p_The first Doodle was a simple out-of-offi_345e61' is clicked on

07-06-2024T14:05:04 - [TEST_STEP][PASSED] - click(findTestObject("Object Repository/Page_The Story and Evolution of Doodles - G_6e786d/p_The first Doodle was a simple out-of-offi_345e61")): Object: 'Object Repository/Page_The Story and Evolution of Doodles - G_6e786d/p_The first Doodle was a simple out-of-offi_345e61' is clicked on

07-06-2024T14:05:04 - [MESSAGE][PASSED] - Object: 'Object Repository/Page_The Story and Evolution of Doodles - G_6e786d/p_The first Doodle was a simple out-of-offi_345e61' is clicked on

07-06-2024T14:05:04 - [TEST_STEP][PASSED] - verifyElementVisible(findTestObject("Object Repository/Page_The Story and Evolution of Doodles - G_6e786d/h1_The story behind Doodles")): Object 'Object Repository/Page_The Story and Evolution of Doodles - G_6e786d/h1_The story behind Doodles' is visible

07-06-2024T14:05:04 - [MESSAGE][PASSED] - Object 'Object Repository/Page_The Story and Evolution of Doodles - G_6e786d/h1_The story behind Doodles' is visible

07-06-2024T14:05:04 - [TEST_STEP][PASSED] - verifyElementVisible(findTestObject("Object Repository/Page_The Story and Evolution of Doodles - G_6e786d/p_The first Doodle was a simple out-of-offi_345e61")): Object 'Object Repository/Page_The Story and Evolution of Doodles - G_6e786d/p_The first Doodle was a simple out-of-offi_345e61' is visible

07-06-2024T14:05:04 - [MESSAGE][PASSED] - Object 'Object Repository/Page_The Story and Evolution of Doodles - G_6e786d/p_The first Doodle was a simple out-of-offi_345e61' is visible

07-06-2024T14:05:04 - [TEST_STEP][PASSED] - verifyElementVisible(findTestObject("Object Repository/Page_The Story and Evolution of Doodles - G_6e786d/h2_Weve created more than 5,000 Doodles ove_111429")): Object 'Object Repository/Page_The Story and Evolution of Doodles - G_6e786d/h2_Weve created more than 5,000 Doodles ove_111429' is visible

07-06-2024T14:05:04 - [MESSAGE][PASSED] - Object 'Object Repository/Page_The Story and Evolution of Doodles - G_6e786d/h2_Weve created more than 5,000 Doodles ove_111429' is visible

07-06-2024T14:05:04 - [TEST_STEP][PASSED] - verifyElementVisible(findTestObject("Object Repository/Page_The Story and Evolution of Doodles - G_6e786d/h1_The story behind Doodles")): Object 'Object Repository/Page_The Story and Evolution of Doodles - G_6e786d/h1_The story behind Doodles' is visible

07-06-2024T14:05:04 - [MESSAGE][PASSED] - Object 'Object Repository/Page_The Story and Evolution of Doodles - G_6e786d/h1_The story behind Doodles' is visible

07-06-2024T14:05:04 - [TEST_STEP][PASSED] - verifyElementVisible(findTestObject("Object Repository/Page_The Story and Evolution of Doodles - G_6e786d/p_The first Doodle was a simple out-of-offi_345e61")): Object 'Object Repository/Page_The Story and Evolution of Doodles - G_6e786d/p_The first Doodle was a simple out-of-offi_345e61' is visible

07-06-2024T14:05:04 - [MESSAGE][PASSED] - Object 'Object Repository/Page_The Story and Evolution of Doodles - G_6e786d/p_The first Doodle was a simple out-of-offi_345e61' is visible

07-06-2024T14:05:04 - [TEST_STEP][PASSED] - verifyElementVisible(findTestObject("Object Repository/Page_The Story and Evolution of Doodles - G_6e786d/h2_Weve created more than 5,000 Doodles ove_111429")): Object 'Object Repository/Page_The Story and Evolution of Doodles - G_6e786d/h2_Weve created more than 5,000 Doodles ove_111429' is visible

07-06-2024T14:05:05 - [MESSAGE][PASSED] - Object 'Object Repository/Page_The Story and Evolution of Doodles - G_6e786d/h2_Weve created more than 5,000 Doodles ove_111429' is visible

07-06-2024T14:05:05 - [TEST_STEP][PASSED] - click(findTestObject("Object Repository/Page_The Story and Evolution of Doodles - G_6e786d/p_The first Doodle was a simple out-of-offi_345e61")): Object: 'Object Repository/Page_The Story and Evolution of Doodles - G_6e786d/p_The first Doodle was a simple out-of-offi_345e61' is clicked on

07-06-2024T14:05:05 - [MESSAGE][PASSED] - Object: 'Object Repository/Page_The Story and Evolution of Doodles - G_6e786d/p_The first Doodle was a simple out-of-offi_345e61' is clicked on

07-06-2024T14:05:05 - [TEST_STEP][PASSED] - verifyElementVisible(findTestObject("Object Repository/Page_The Story and Evolution of Doodles - G_6e786d/h1_The story behind Doodles")): Object 'Object Repository/Page_The Story and Evolution of Doodles - G_6e786d/h1_The story behind Doodles' is visible

07-06-2024T14:05:05 - [MESSAGE][PASSED] - Object 'Object Repository/Page_The Story and Evolution of Doodles - G_6e786d/h1_The story behind Doodles' is visible

07-06-2024T14:05:05 - [TEST_STEP][PASSED] - verifyElementVisible(findTestObject("Object Repository/Page_The Story and Evolution of Doodles - G_6e786d/p_The first Doodle was a simple out-of-offi_345e61")): Object 'Object Repository/Page_The Story and Evolution of Doodles - G_6e786d/p_The first Doodle was a simple out-of-offi_345e61' is visible

07-06-2024T14:05:05 - [MESSAGE][PASSED] - Object 'Object Repository/Page_The Story and Evolution of Doodles - G_6e786d/p_The first Doodle was a simple out-of-offi_345e61' is visible

07-06-2024T14:05:05 - [TEST_STEP][PASSED] - verifyElementVisible(findTestObject("Object Repository/Page_The Story and Evolution of Doodles - G_6e786d/h2_Weve created more than 5,000 Doodles ove_111429")): Object 'Object Repository/Page_The Story and Evolution of Doodles - G_6e786d/h2_Weve created more than 5,000 Doodles ove_111429' is visible

07-06-2024T14:05:05 - [MESSAGE][PASSED] - Object 'Object Repository/Page_The Story and Evolution of Doodles - G_6e786d/h2_Weve created more than 5,000 Doodles ove_111429' is visible

07-06-2024T14:05:05 - [TEST_STEP][PASSED] - click(findTestObject("Object Repository/Page_The Story and Evolution of Doodles - G_6e786d/p_The first Doodle was a simple out-of-offi_345e61")): Object: 'Object Repository/Page_The Story and Evolution of Doodles - G_6e786d/p_The first Doodle was a simple out-of-offi_345e61' is clicked on

07-06-2024T14:05:05 - [MESSAGE][PASSED] - Object: 'Object Repository/Page_The Story and Evolution of Doodles - G_6e786d/p_The first Doodle was a simple out-of-offi_345e61' is clicked on

07-06-2024T14:05:05 - [TEST_STEP][PASSED] - verifyElementVisible(findTestObject("Object Repository/Page_The Story and Evolution of Doodles - G_6e786d/h1_The story behind Doodles")): Object 'Object Repository/Page_The Story and Evolution of Doodles - G_6e786d/h1_The story behind Doodles' is visible

07-06-2024T14:05:05 - [MESSAGE][PASSED] - Object 'Object Repository/Page_The Story and Evolution of Doodles - G_6e786d/h1_The story behind Doodles' is visible

07-06-2024T14:05:05 - [TEST_STEP][PASSED] - verifyElementVisible(findTestObject("Object Repository/Page_The Story and Evolution of Doodles - G_6e786d/p_The first Doodle was a simple out-of-offi_345e61")): Object 'Object Repository/Page_The Story and Evolution of Doodles - G_6e786d/p_The first Doodle was a simple out-of-offi_345e61' is visible

07-06-2024T14:05:05 - [MESSAGE][PASSED] - Object 'Object Repository/Page_The Story and Evolution of Doodles - G_6e786d/p_The first Doodle was a simple out-of-offi_345e61' is visible

07-06-2024T14:05:05 - [TEST_STEP][PASSED] - verifyElementVisible(findTestObject("Object Repository/Page_The Story and Evolution of Doodles - G_6e786d/h2_Weve created more than 5,000 Doodles ove_111429")): Object 'Object Repository/Page_The Story and Evolution of Doodles - G_6e786d/h2_Weve created more than 5,000 Doodles ove_111429' is visible

07-06-2024T14:05:05 - [MESSAGE][PASSED] - Object 'Object Repository/Page_The Story and Evolution of Doodles - G_6e786d/h2_Weve created more than 5,000 Doodles ove_111429' is visible

07-06-2024T14:05:05 - [TEST_STEP][PASSED] - click(findTestObject("Object Repository/Page_The Story and Evolution of Doodles - G_6e786d/p_The first Doodle was a simple out-of-offi_345e61")): Object: 'Object Repository/Page_The Story and Evolution of Doodles - G_6e786d/p_The first Doodle was a simple out-of-offi_345e61' is clicked on

07-06-2024T14:05:05 - [MESSAGE][PASSED] - Object: 'Object Repository/Page_The Story and Evolution of Doodles - G_6e786d/p_The first Doodle was a simple out-of-offi_345e61' is clicked on

07-06-2024T14:05:05 - [TEST_STEP][PASSED] - verifyElementVisible(findTestObject("Object Repository/Page_The Story and Evolution of Doodles - G_6e786d/h1_The story behind Doodles")): Object 'Object Repository/Page_The Story and Evolution of Doodles - G_6e786d/h1_The story behind Doodles' is visible

07-06-2024T14:05:05 - [MESSAGE][PASSED] - Object 'Object Repository/Page_The Story and Evolution of Doodles - G_6e786d/h1_The story behind Doodles' is visible

07-06-2024T14:05:05 - [TEST_STEP][PASSED] - verifyElementVisible(findTestObject("Object Repository/Page_The Story and Evolution of Doodles - G_6e786d/p_The first Doodle was a simple out-of-offi_345e61")): Object 'Object Repository/Page_The Story and Evolution of Doodles - G_6e786d/p_The first Doodle was a simple out-of-offi_345e61' is visible

07-06-2024T14:05:05 - [MESSAGE][PASSED] - Object 'Object Repository/Page_The Story and Evolution of Doodles - G_6e786d/p_The first Doodle was a simple out-of-offi_345e61' is visible

07-06-2024T14:05:05 - [TEST_STEP][PASSED] - verifyElementVisible(findTestObject("Object Repository/Page_The Story and Evolution of Doodles - G_6e786d/h2_Weve created more than 5,000 Doodles ove_111429")): Object 'Object Repository/Page_The Story and Evolution of Doodles - G_6e786d/h2_Weve created more than 5,000 Doodles ove_111429' is visible

07-06-2024T14:05:05 - [MESSAGE][PASSED] - Object 'Object Repository/Page_The Story and Evolution of Doodles - G_6e786d/h2_Weve created more than 5,000 Doodles ove_111429' is visible

07-06-2024T14:05:05 - [TEST_STEP][PASSED] - click(findTestObject("Object Repository/Page_The Story and Evolution of Doodles - G_6e786d/p_The first Doodle was a simple out-of-offi_345e61")): Object: 'Object Repository/Page_The Story and Evolution of Doodles - G_6e786d/p_The first Doodle was a simple out-of-offi_345e61' is clicked on

07-06-2024T14:05:06 - [MESSAGE][PASSED] - Object: 'Object Repository/Page_The Story and Evolution of Doodles - G_6e786d/p_The first Doodle was a simple out-of-offi_345e61' is clicked on

07-06-2024T14:05:06 - [TEST_STEP][PASSED] - verifyElementVisible(findTestObject("Object Repository/Page_The Story and Evolution of Doodles - G_6e786d/h1_The story behind Doodles")): Object 'Object Repository/Page_The Story and Evolution of Doodles - G_6e786d/h1_The story behind Doodles' is visible

07-06-2024T14:05:06 - [MESSAGE][PASSED] - Object 'Object Repository/Page_The Story and Evolution of Doodles - G_6e786d/h1_The story behind Doodles' is visible

07-06-2024T14:05:06 - [TEST_STEP][PASSED] - verifyElementVisible(findTestObject("Object Repository/Page_The Story and Evolution of Doodles - G_6e786d/p_The first Doodle was a simple out-of-offi_345e61")): Object 'Object Repository/Page_The Story and Evolution of Doodles - G_6e786d/p_The first Doodle was a simple out-of-offi_345e61' is visible

07-06-2024T14:05:06 - [MESSAGE][PASSED] - Object 'Object Repository/Page_The Story and Evolution of Doodles - G_6e786d/p_The first Doodle was a simple out-of-offi_345e61' is visible

07-06-2024T14:05:06 - [TEST_STEP][PASSED] - verifyElementVisible(findTestObject("Object Repository/Page_The Story and Evolution of Doodles - G_6e786d/h2_Weve created more than 5,000 Doodles ove_111429")): Object 'Object Repository/Page_The Story and Evolution of Doodles - G_6e786d/h2_Weve created more than 5,000 Doodles ove_111429' is visible

07-06-2024T14:05:06 - [MESSAGE][PASSED] - Object 'Object Repository/Page_The Story and Evolution of Doodles - G_6e786d/h2_Weve created more than 5,000 Doodles ove_111429' is visible

07-06-2024T14:05:06 - [TEST_STEP][PASSED] - click(findTestObject("Object Repository/Page_The Story and Evolution of Doodles - G_6e786d/p_The first Doodle was a simple out-of-offi_345e61")): Object: 'Object Repository/Page_The Story and Evolution of Doodles - G_6e786d/p_The first Doodle was a simple out-of-offi_345e61' is clicked on

07-06-2024T14:05:06 - [MESSAGE][PASSED] - Object: 'Object Repository/Page_The Story and Evolution of Doodles - G_6e786d/p_The first Doodle was a simple out-of-offi_345e61' is clicked on

07-06-2024T14:05:06 - [TEST_STEP][PASSED] - verifyElementVisible(findTestObject("Object Repository/Page_The Story and Evolution of Doodles - G_6e786d/h1_The story behind Doodles")): Object 'Object Repository/Page_The Story and Evolution of Doodles - G_6e786d/h1_The story behind Doodles' is visible

07-06-2024T14:05:06 - [MESSAGE][PASSED] - Object 'Object Repository/Page_The Story and Evolution of Doodles - G_6e786d/h1_The story behind Doodles' is visible

07-06-2024T14:05:06 - [TEST_STEP][PASSED] - verifyElementVisible(findTestObject("Object Repository/Page_The Story and Evolution of Doodles - G_6e786d/p_The first Doodle was a simple out-of-offi_345e61")): Object 'Object Repository/Page_The Story and Evolution of Doodles - G_6e786d/p_The first Doodle was a simple out-of-offi_345e61' is visible

07-06-2024T14:05:06 - [MESSAGE][PASSED] - Object 'Object Repository/Page_The Story and Evolution of Doodles - G_6e786d/p_The first Doodle was a simple out-of-offi_345e61' is visible

07-06-2024T14:05:06 - [TEST_STEP][PASSED] - verifyElementVisible(findTestObject("Object Repository/Page_The Story and Evolution of Doodles - G_6e786d/h2_Weve created more than 5,000 Doodles ove_111429")): Object 'Object Repository/Page_The Story and Evolution of Doodles - G_6e786d/h2_Weve created more than 5,000 Doodles ove_111429' is visible

07-06-2024T14:05:06 - [MESSAGE][PASSED] - Object 'Object Repository/Page_The Story and Evolution of Doodles - G_6e786d/h2_Weve created more than 5,000 Doodles ove_111429' is visible

07-06-2024T14:05:06 - [TEST_STEP][PASSED] - click(findTestObject("Object Repository/Page_The Story and Evolution of Doodles - G_6e786d/p_The first Doodle was a simple out-of-offi_345e61")): Object: 'Object Repository/Page_The Story and Evolution of Doodles - G_6e786d/p_The first Doodle was a simple out-of-offi_345e61' is clicked on

07-06-2024T14:05:06 - [MESSAGE][PASSED] - Object: 'Object Repository/Page_The Story and Evolution of Doodles - G_6e786d/p_The first Doodle was a simple out-of-offi_345e61' is clicked on

07-06-2024T14:05:06 - [TEST_STEP][PASSED] - verifyElementVisible(findTestObject("Object Repository/Page_The Story and Evolution of Doodles - G_6e786d/h1_The story behind Doodles")): Object 'Object Repository/Page_The Story and Evolution of Doodles - G_6e786d/h1_The story behind Doodles' is visible

07-06-2024T14:05:06 - [MESSAGE][PASSED] - Object 'Object Repository/Page_The Story and Evolution of Doodles - G_6e786d/h1_The story behind Doodles' is visible

07-06-2024T14:05:06 - [TEST_STEP][PASSED] - verifyElementVisible(findTestObject("Object Repository/Page_The Story and Evolution of Doodles - G_6e786d/p_The first Doodle was a simple out-of-offi_345e61")): Object 'Object Repository/Page_The Story and Evolution of Doodles - G_6e786d/p_The first Doodle was a simple out-of-offi_345e61' is visible

07-06-2024T14:05:06 - [MESSAGE][PASSED] - Object 'Object Repository/Page_The Story and Evolution of Doodles - G_6e786d/p_The first Doodle was a simple out-of-offi_345e61' is visible

07-06-2024T14:05:06 - [TEST_STEP][PASSED] - verifyElementVisible(findTestObject("Object Repository/Page_The Story and Evolution of Doodles - G_6e786d/h2_Weve created more than 5,000 Doodles ove_111429")): Object 'Object Repository/Page_The Story and Evolution of Doodles - G_6e786d/h2_Weve created more than 5,000 Doodles ove_111429' is visible

07-06-2024T14:05:06 - [MESSAGE][PASSED] - Object 'Object Repository/Page_The Story and Evolution of Doodles - G_6e786d/h2_Weve created more than 5,000 Doodles ove_111429' is visible

07-06-2024T14:05:06 - [TEST_STEP][PASSED] - click(findTestObject("Object Repository/Page_The Story and Evolution of Doodles - G_6e786d/p_The first Doodle was a simple out-of-offi_345e61")): Object: 'Object Repository/Page_The Story and Evolution of Doodles - G_6e786d/p_The first Doodle was a simple out-of-offi_345e61' is clicked on

07-06-2024T14:05:07 - [MESSAGE][PASSED] - Object: 'Object Repository/Page_The Story and Evolution of Doodles - G_6e786d/p_The first Doodle was a simple out-of-offi_345e61' is clicked on

07-06-2024T14:05:07 - [TEST_STEP][PASSED] - verifyElementVisible(findTestObject("Object Repository/Page_The Story and Evolution of Doodles - G_6e786d/h1_The story behind Doodles")): Object 'Object Repository/Page_The Story and Evolution of Doodles - G_6e786d/h1_The story behind Doodles' is visible

07-06-2024T14:05:07 - [MESSAGE][PASSED] - Object 'Object Repository/Page_The Story and Evolution of Doodles - G_6e786d/h1_The story behind Doodles' is visible

07-06-2024T14:05:07 - [TEST_STEP][PASSED] - verifyElementVisible(findTestObject("Object Repository/Page_The Story and Evolution of Doodles - G_6e786d/p_The first Doodle was a simple out-of-offi_345e61")): Object 'Object Repository/Page_The Story and Evolution of Doodles - G_6e786d/p_The first Doodle was a simple out-of-offi_345e61' is visible

07-06-2024T14:05:07 - [MESSAGE][PASSED] - Object 'Object Repository/Page_The Story and Evolution of Doodles - G_6e786d/p_The first Doodle was a simple out-of-offi_345e61' is visible

07-06-2024T14:05:07 - [TEST_STEP][PASSED] - verifyElementVisible(findTestObject("Object Repository/Page_The Story and Evolution of Doodles - G_6e786d/h2_Weve created more than 5,000 Doodles ove_111429")): Object 'Object Repository/Page_The Story and Evolution of Doodles - G_6e786d/h2_Weve created more than 5,000 Doodles ove_111429' is visible

07-06-2024T14:05:07 - [MESSAGE][PASSED] - Object 'Object Repository/Page_The Story and Evolution of Doodles - G_6e786d/h2_Weve created more than 5,000 Doodles ove_111429' is visible

07-06-2024T14:05:07 - [TEST_STEP][PASSED] - click(findTestObject("Object Repository/Page_The Story and Evolution of Doodles - G_6e786d/p_The first Doodle was a simple out-of-offi_345e61")): Object: 'Object Repository/Page_The Story and Evolution of Doodles - G_6e786d/p_The first Doodle was a simple out-of-offi_345e61' is clicked on

07-06-2024T14:05:07 - [MESSAGE][PASSED] - Object: 'Object Repository/Page_The Story and Evolution of Doodles - G_6e786d/p_The first Doodle was a simple out-of-offi_345e61' is clicked on

07-06-2024T14:05:07 - [TEST_STEP][PASSED] - verifyElementVisible(findTestObject("Object Repository/Page_The Story and Evolution of Doodles - G_6e786d/h1_The story behind Doodles")): Object 'Object Repository/Page_The Story and Evolution of Doodles - G_6e786d/h1_The story behind Doodles' is visible

07-06-2024T14:05:07 - [MESSAGE][PASSED] - Object 'Object Repository/Page_The Story and Evolution of Doodles - G_6e786d/h1_The story behind Doodles' is visible

07-06-2024T14:05:07 - [TEST_STEP][PASSED] - verifyElementVisible(findTestObject("Object Repository/Page_The Story and Evolution of Doodles - G_6e786d/p_The first Doodle was a simple out-of-offi_345e61")): Object 'Object Repository/Page_The Story and Evolution of Doodles - G_6e786d/p_The first Doodle was a simple out-of-offi_345e61' is visible

07-06-2024T14:05:07 - [MESSAGE][PASSED] - Object 'Object Repository/Page_The Story and Evolution of Doodles - G_6e786d/p_The first Doodle was a simple out-of-offi_345e61' is visible

07-06-2024T14:05:07 - [TEST_STEP][PASSED] - verifyElementVisible(findTestObject("Object Repository/Page_The Story and Evolution of Doodles - G_6e786d/h2_Weve created more than 5,000 Doodles ove_111429")): Object 'Object Repository/Page_The Story and Evolution of Doodles - G_6e786d/h2_Weve created more than 5,000 Doodles ove_111429' is visible

07-06-2024T14:05:07 - [MESSAGE][PASSED] - Object 'Object Repository/Page_The Story and Evolution of Doodles - G_6e786d/h2_Weve created more than 5,000 Doodles ove_111429' is visible

07-06-2024T14:05:07 - [TEST_STEP][PASSED] - click(findTestObject("Object Repository/Page_The Story and Evolution of Doodles - G_6e786d/p_The first Doodle was a simple out-of-offi_345e61")): Object: 'Object Repository/Page_The Story and Evolution of Doodles - G_6e786d/p_The first Doodle was a simple out-of-offi_345e61' is clicked on

07-06-2024T14:05:07 - [MESSAGE][PASSED] - Object: 'Object Repository/Page_The Story and Evolution of Doodles - G_6e786d/p_The first Doodle was a simple out-of-offi_345e61' is clicked on

07-06-2024T14:05:07 - [TEST_STEP][PASSED] - verifyElementVisible(findTestObject("Object Repository/Page_The Story and Evolution of Doodles - G_6e786d/h1_The story behind Doodles")): Object 'Object Repository/Page_The Story and Evolution of Doodles - G_6e786d/h1_The story behind Doodles' is visible

07-06-2024T14:05:07 - [MESSAGE][PASSED] - Object 'Object Repository/Page_The Story and Evolution of Doodles - G_6e786d/h1_The story behind Doodles' is visible

07-06-2024T14:05:07 - [TEST_STEP][PASSED] - verifyElementVisible(findTestObject("Object Repository/Page_The Story and Evolution of Doodles - G_6e786d/p_The first Doodle was a simple out-of-offi_345e61")): Object 'Object Repository/Page_The Story and Evolution of Doodles - G_6e786d/p_The first Doodle was a simple out-of-offi_345e61' is visible

07-06-2024T14:05:07 - [MESSAGE][PASSED] - Object 'Object Repository/Page_The Story and Evolution of Doodles - G_6e786d/p_The first Doodle was a simple out-of-offi_345e61' is visible

07-06-2024T14:05:07 - [TEST_STEP][PASSED] - verifyElementVisible(findTestObject("Object Repository/Page_The Story and Evolution of Doodles - G_6e786d/h2_Weve created more than 5,000 Doodles ove_111429")): Object 'Object Repository/Page_The Story and Evolution of Doodles - G_6e786d/h2_Weve created more than 5,000 Doodles ove_111429' is visible

07-06-2024T14:05:07 - [MESSAGE][PASSED] - Object 'Object Repository/Page_The Story and Evolution of Doodles - G_6e786d/h2_Weve created more than 5,000 Doodles ove_111429' is visible]]></system-out>
         <system-err><![CDATA[]]></system-err>
      </testcase>
      <testcase name="Test Cases/test case folder 1/tc1 - Copy (12)" time="8.299" classname="Test Cases/test case folder 1/tc1 - Copy (12)" status="PASSED">
         <system-out><![CDATA[07-06-2024T14:05:07 - [TEST_CASE][PASSED] - Test Cases/test case folder 1/tc1 - Copy (12): Test Cases/test case folder 1/tc1 - Copy (12)

07-06-2024T14:05:07 - [TEST_STEP][PASSED] - openBrowser(""): Browser is opened with url: ''

07-06-2024T14:05:07 - [MESSAGE][WARNING] - A browser is already opened. Closing browser and opening a new one

07-06-2024T14:05:09 - [MESSAGE][INFO] - Starting 'Firefox (headless)' driver

07-06-2024T14:05:09 - [MESSAGE][INFO] - Action delay is set to 0 milliseconds

07-06-2024T14:05:11 - [MESSAGE][PASSED] - Browser is opened with url: ''

07-06-2024T14:05:11 - [TEST_STEP][PASSED] - navigateToUrl("https://doodles.google/about/"): Navigate to 'https://doodles.google/about/' successfully

07-06-2024T14:05:12 - [MESSAGE][PASSED] - Navigate to 'https://doodles.google/about/' successfully

07-06-2024T14:05:12 - [TEST_STEP][PASSED] - click(findTestObject("Object Repository/Page_The Story and Evolution of Doodles - G_6e786d/p_The first Doodle was a simple out-of-offi_345e61")): Object: 'Object Repository/Page_The Story and Evolution of Doodles - G_6e786d/p_The first Doodle was a simple out-of-offi_345e61' is clicked on

07-06-2024T14:05:12 - [MESSAGE][PASSED] - Object: 'Object Repository/Page_The Story and Evolution of Doodles - G_6e786d/p_The first Doodle was a simple out-of-offi_345e61' is clicked on

07-06-2024T14:05:12 - [TEST_STEP][PASSED] - click(findTestObject("Object Repository/Page_The Story and Evolution of Doodles - G_6e786d/p_The first Doodle was a simple out-of-offi_345e61")): Object: 'Object Repository/Page_The Story and Evolution of Doodles - G_6e786d/p_The first Doodle was a simple out-of-offi_345e61' is clicked on

07-06-2024T14:05:13 - [MESSAGE][PASSED] - Object: 'Object Repository/Page_The Story and Evolution of Doodles - G_6e786d/p_The first Doodle was a simple out-of-offi_345e61' is clicked on

07-06-2024T14:05:13 - [TEST_STEP][PASSED] - verifyElementVisible(findTestObject("Object Repository/Page_The Story and Evolution of Doodles - G_6e786d/h1_The story behind Doodles")): Object 'Object Repository/Page_The Story and Evolution of Doodles - G_6e786d/h1_The story behind Doodles' is visible

07-06-2024T14:05:13 - [MESSAGE][PASSED] - Object 'Object Repository/Page_The Story and Evolution of Doodles - G_6e786d/h1_The story behind Doodles' is visible

07-06-2024T14:05:13 - [TEST_STEP][PASSED] - verifyElementVisible(findTestObject("Object Repository/Page_The Story and Evolution of Doodles - G_6e786d/p_The first Doodle was a simple out-of-offi_345e61")): Object 'Object Repository/Page_The Story and Evolution of Doodles - G_6e786d/p_The first Doodle was a simple out-of-offi_345e61' is visible

07-06-2024T14:05:13 - [MESSAGE][PASSED] - Object 'Object Repository/Page_The Story and Evolution of Doodles - G_6e786d/p_The first Doodle was a simple out-of-offi_345e61' is visible

07-06-2024T14:05:13 - [TEST_STEP][PASSED] - verifyElementVisible(findTestObject("Object Repository/Page_The Story and Evolution of Doodles - G_6e786d/h2_Weve created more than 5,000 Doodles ove_111429")): Object 'Object Repository/Page_The Story and Evolution of Doodles - G_6e786d/h2_Weve created more than 5,000 Doodles ove_111429' is visible

07-06-2024T14:05:13 - [MESSAGE][PASSED] - Object 'Object Repository/Page_The Story and Evolution of Doodles - G_6e786d/h2_Weve created more than 5,000 Doodles ove_111429' is visible

07-06-2024T14:05:13 - [TEST_STEP][PASSED] - verifyElementVisible(findTestObject("Object Repository/Page_The Story and Evolution of Doodles - G_6e786d/h1_The story behind Doodles")): Object 'Object Repository/Page_The Story and Evolution of Doodles - G_6e786d/h1_The story behind Doodles' is visible

07-06-2024T14:05:13 - [MESSAGE][PASSED] - Object 'Object Repository/Page_The Story and Evolution of Doodles - G_6e786d/h1_The story behind Doodles' is visible

07-06-2024T14:05:13 - [TEST_STEP][PASSED] - verifyElementVisible(findTestObject("Object Repository/Page_The Story and Evolution of Doodles - G_6e786d/p_The first Doodle was a simple out-of-offi_345e61")): Object 'Object Repository/Page_The Story and Evolution of Doodles - G_6e786d/p_The first Doodle was a simple out-of-offi_345e61' is visible

07-06-2024T14:05:13 - [MESSAGE][PASSED] - Object 'Object Repository/Page_The Story and Evolution of Doodles - G_6e786d/p_The first Doodle was a simple out-of-offi_345e61' is visible

07-06-2024T14:05:13 - [TEST_STEP][PASSED] - verifyElementVisible(findTestObject("Object Repository/Page_The Story and Evolution of Doodles - G_6e786d/h2_Weve created more than 5,000 Doodles ove_111429")): Object 'Object Repository/Page_The Story and Evolution of Doodles - G_6e786d/h2_Weve created more than 5,000 Doodles ove_111429' is visible

07-06-2024T14:05:13 - [MESSAGE][PASSED] - Object 'Object Repository/Page_The Story and Evolution of Doodles - G_6e786d/h2_Weve created more than 5,000 Doodles ove_111429' is visible

07-06-2024T14:05:13 - [TEST_STEP][PASSED] - click(findTestObject("Object Repository/Page_The Story and Evolution of Doodles - G_6e786d/p_The first Doodle was a simple out-of-offi_345e61")): Object: 'Object Repository/Page_The Story and Evolution of Doodles - G_6e786d/p_The first Doodle was a simple out-of-offi_345e61' is clicked on

07-06-2024T14:05:13 - [MESSAGE][PASSED] - Object: 'Object Repository/Page_The Story and Evolution of Doodles - G_6e786d/p_The first Doodle was a simple out-of-offi_345e61' is clicked on

07-06-2024T14:05:13 - [TEST_STEP][PASSED] - verifyElementVisible(findTestObject("Object Repository/Page_The Story and Evolution of Doodles - G_6e786d/h1_The story behind Doodles")): Object 'Object Repository/Page_The Story and Evolution of Doodles - G_6e786d/h1_The story behind Doodles' is visible

07-06-2024T14:05:13 - [MESSAGE][PASSED] - Object 'Object Repository/Page_The Story and Evolution of Doodles - G_6e786d/h1_The story behind Doodles' is visible

07-06-2024T14:05:13 - [TEST_STEP][PASSED] - verifyElementVisible(findTestObject("Object Repository/Page_The Story and Evolution of Doodles - G_6e786d/p_The first Doodle was a simple out-of-offi_345e61")): Object 'Object Repository/Page_The Story and Evolution of Doodles - G_6e786d/p_The first Doodle was a simple out-of-offi_345e61' is visible

07-06-2024T14:05:13 - [MESSAGE][PASSED] - Object 'Object Repository/Page_The Story and Evolution of Doodles - G_6e786d/p_The first Doodle was a simple out-of-offi_345e61' is visible

07-06-2024T14:05:13 - [TEST_STEP][PASSED] - verifyElementVisible(findTestObject("Object Repository/Page_The Story and Evolution of Doodles - G_6e786d/h2_Weve created more than 5,000 Doodles ove_111429")): Object 'Object Repository/Page_The Story and Evolution of Doodles - G_6e786d/h2_Weve created more than 5,000 Doodles ove_111429' is visible

07-06-2024T14:05:13 - [MESSAGE][PASSED] - Object 'Object Repository/Page_The Story and Evolution of Doodles - G_6e786d/h2_Weve created more than 5,000 Doodles ove_111429' is visible

07-06-2024T14:05:13 - [TEST_STEP][PASSED] - click(findTestObject("Object Repository/Page_The Story and Evolution of Doodles - G_6e786d/p_The first Doodle was a simple out-of-offi_345e61")): Object: 'Object Repository/Page_The Story and Evolution of Doodles - G_6e786d/p_The first Doodle was a simple out-of-offi_345e61' is clicked on

07-06-2024T14:05:13 - [MESSAGE][PASSED] - Object: 'Object Repository/Page_The Story and Evolution of Doodles - G_6e786d/p_The first Doodle was a simple out-of-offi_345e61' is clicked on

07-06-2024T14:05:13 - [TEST_STEP][PASSED] - verifyElementVisible(findTestObject("Object Repository/Page_The Story and Evolution of Doodles - G_6e786d/h1_The story behind Doodles")): Object 'Object Repository/Page_The Story and Evolution of Doodles - G_6e786d/h1_The story behind Doodles' is visible

07-06-2024T14:05:13 - [MESSAGE][PASSED] - Object 'Object Repository/Page_The Story and Evolution of Doodles - G_6e786d/h1_The story behind Doodles' is visible

07-06-2024T14:05:13 - [TEST_STEP][PASSED] - verifyElementVisible(findTestObject("Object Repository/Page_The Story and Evolution of Doodles - G_6e786d/p_The first Doodle was a simple out-of-offi_345e61")): Object 'Object Repository/Page_The Story and Evolution of Doodles - G_6e786d/p_The first Doodle was a simple out-of-offi_345e61' is visible

07-06-2024T14:05:13 - [MESSAGE][PASSED] - Object 'Object Repository/Page_The Story and Evolution of Doodles - G_6e786d/p_The first Doodle was a simple out-of-offi_345e61' is visible

07-06-2024T14:05:13 - [TEST_STEP][PASSED] - verifyElementVisible(findTestObject("Object Repository/Page_The Story and Evolution of Doodles - G_6e786d/h2_Weve created more than 5,000 Doodles ove_111429")): Object 'Object Repository/Page_The Story and Evolution of Doodles - G_6e786d/h2_Weve created more than 5,000 Doodles ove_111429' is visible

07-06-2024T14:05:13 - [MESSAGE][PASSED] - Object 'Object Repository/Page_The Story and Evolution of Doodles - G_6e786d/h2_Weve created more than 5,000 Doodles ove_111429' is visible

07-06-2024T14:05:13 - [TEST_STEP][PASSED] - click(findTestObject("Object Repository/Page_The Story and Evolution of Doodles - G_6e786d/p_The first Doodle was a simple out-of-offi_345e61")): Object: 'Object Repository/Page_The Story and Evolution of Doodles - G_6e786d/p_The first Doodle was a simple out-of-offi_345e61' is clicked on

07-06-2024T14:05:14 - [MESSAGE][PASSED] - Object: 'Object Repository/Page_The Story and Evolution of Doodles - G_6e786d/p_The first Doodle was a simple out-of-offi_345e61' is clicked on

07-06-2024T14:05:14 - [TEST_STEP][PASSED] - verifyElementVisible(findTestObject("Object Repository/Page_The Story and Evolution of Doodles - G_6e786d/h1_The story behind Doodles")): Object 'Object Repository/Page_The Story and Evolution of Doodles - G_6e786d/h1_The story behind Doodles' is visible

07-06-2024T14:05:14 - [MESSAGE][PASSED] - Object 'Object Repository/Page_The Story and Evolution of Doodles - G_6e786d/h1_The story behind Doodles' is visible

07-06-2024T14:05:14 - [TEST_STEP][PASSED] - verifyElementVisible(findTestObject("Object Repository/Page_The Story and Evolution of Doodles - G_6e786d/p_The first Doodle was a simple out-of-offi_345e61")): Object 'Object Repository/Page_The Story and Evolution of Doodles - G_6e786d/p_The first Doodle was a simple out-of-offi_345e61' is visible

07-06-2024T14:05:14 - [MESSAGE][PASSED] - Object 'Object Repository/Page_The Story and Evolution of Doodles - G_6e786d/p_The first Doodle was a simple out-of-offi_345e61' is visible

07-06-2024T14:05:14 - [TEST_STEP][PASSED] - verifyElementVisible(findTestObject("Object Repository/Page_The Story and Evolution of Doodles - G_6e786d/h2_Weve created more than 5,000 Doodles ove_111429")): Object 'Object Repository/Page_The Story and Evolution of Doodles - G_6e786d/h2_Weve created more than 5,000 Doodles ove_111429' is visible

07-06-2024T14:05:14 - [MESSAGE][PASSED] - Object 'Object Repository/Page_The Story and Evolution of Doodles - G_6e786d/h2_Weve created more than 5,000 Doodles ove_111429' is visible

07-06-2024T14:05:14 - [TEST_STEP][PASSED] - click(findTestObject("Object Repository/Page_The Story and Evolution of Doodles - G_6e786d/p_The first Doodle was a simple out-of-offi_345e61")): Object: 'Object Repository/Page_The Story and Evolution of Doodles - G_6e786d/p_The first Doodle was a simple out-of-offi_345e61' is clicked on

07-06-2024T14:05:14 - [MESSAGE][PASSED] - Object: 'Object Repository/Page_The Story and Evolution of Doodles - G_6e786d/p_The first Doodle was a simple out-of-offi_345e61' is clicked on

07-06-2024T14:05:14 - [TEST_STEP][PASSED] - verifyElementVisible(findTestObject("Object Repository/Page_The Story and Evolution of Doodles - G_6e786d/h1_The story behind Doodles")): Object 'Object Repository/Page_The Story and Evolution of Doodles - G_6e786d/h1_The story behind Doodles' is visible

07-06-2024T14:05:14 - [MESSAGE][PASSED] - Object 'Object Repository/Page_The Story and Evolution of Doodles - G_6e786d/h1_The story behind Doodles' is visible

07-06-2024T14:05:14 - [TEST_STEP][PASSED] - verifyElementVisible(findTestObject("Object Repository/Page_The Story and Evolution of Doodles - G_6e786d/p_The first Doodle was a simple out-of-offi_345e61")): Object 'Object Repository/Page_The Story and Evolution of Doodles - G_6e786d/p_The first Doodle was a simple out-of-offi_345e61' is visible

07-06-2024T14:05:14 - [MESSAGE][PASSED] - Object 'Object Repository/Page_The Story and Evolution of Doodles - G_6e786d/p_The first Doodle was a simple out-of-offi_345e61' is visible

07-06-2024T14:05:14 - [TEST_STEP][PASSED] - verifyElementVisible(findTestObject("Object Repository/Page_The Story and Evolution of Doodles - G_6e786d/h2_Weve created more than 5,000 Doodles ove_111429")): Object 'Object Repository/Page_The Story and Evolution of Doodles - G_6e786d/h2_Weve created more than 5,000 Doodles ove_111429' is visible

07-06-2024T14:05:14 - [MESSAGE][PASSED] - Object 'Object Repository/Page_The Story and Evolution of Doodles - G_6e786d/h2_Weve created more than 5,000 Doodles ove_111429' is visible

07-06-2024T14:05:14 - [TEST_STEP][PASSED] - click(findTestObject("Object Repository/Page_The Story and Evolution of Doodles - G_6e786d/p_The first Doodle was a simple out-of-offi_345e61")): Object: 'Object Repository/Page_The Story and Evolution of Doodles - G_6e786d/p_The first Doodle was a simple out-of-offi_345e61' is clicked on

07-06-2024T14:05:14 - [MESSAGE][PASSED] - Object: 'Object Repository/Page_The Story and Evolution of Doodles - G_6e786d/p_The first Doodle was a simple out-of-offi_345e61' is clicked on

07-06-2024T14:05:14 - [TEST_STEP][PASSED] - verifyElementVisible(findTestObject("Object Repository/Page_The Story and Evolution of Doodles - G_6e786d/h1_The story behind Doodles")): Object 'Object Repository/Page_The Story and Evolution of Doodles - G_6e786d/h1_The story behind Doodles' is visible

07-06-2024T14:05:14 - [MESSAGE][PASSED] - Object 'Object Repository/Page_The Story and Evolution of Doodles - G_6e786d/h1_The story behind Doodles' is visible

07-06-2024T14:05:14 - [TEST_STEP][PASSED] - verifyElementVisible(findTestObject("Object Repository/Page_The Story and Evolution of Doodles - G_6e786d/p_The first Doodle was a simple out-of-offi_345e61")): Object 'Object Repository/Page_The Story and Evolution of Doodles - G_6e786d/p_The first Doodle was a simple out-of-offi_345e61' is visible

07-06-2024T14:05:14 - [MESSAGE][PASSED] - Object 'Object Repository/Page_The Story and Evolution of Doodles - G_6e786d/p_The first Doodle was a simple out-of-offi_345e61' is visible

07-06-2024T14:05:14 - [TEST_STEP][PASSED] - verifyElementVisible(findTestObject("Object Repository/Page_The Story and Evolution of Doodles - G_6e786d/h2_Weve created more than 5,000 Doodles ove_111429")): Object 'Object Repository/Page_The Story and Evolution of Doodles - G_6e786d/h2_Weve created more than 5,000 Doodles ove_111429' is visible

07-06-2024T14:05:14 - [MESSAGE][PASSED] - Object 'Object Repository/Page_The Story and Evolution of Doodles - G_6e786d/h2_Weve created more than 5,000 Doodles ove_111429' is visible

07-06-2024T14:05:14 - [TEST_STEP][PASSED] - click(findTestObject("Object Repository/Page_The Story and Evolution of Doodles - G_6e786d/p_The first Doodle was a simple out-of-offi_345e61")): Object: 'Object Repository/Page_The Story and Evolution of Doodles - G_6e786d/p_The first Doodle was a simple out-of-offi_345e61' is clicked on

07-06-2024T14:05:15 - [MESSAGE][PASSED] - Object: 'Object Repository/Page_The Story and Evolution of Doodles - G_6e786d/p_The first Doodle was a simple out-of-offi_345e61' is clicked on

07-06-2024T14:05:15 - [TEST_STEP][PASSED] - verifyElementVisible(findTestObject("Object Repository/Page_The Story and Evolution of Doodles - G_6e786d/h1_The story behind Doodles")): Object 'Object Repository/Page_The Story and Evolution of Doodles - G_6e786d/h1_The story behind Doodles' is visible

07-06-2024T14:05:15 - [MESSAGE][PASSED] - Object 'Object Repository/Page_The Story and Evolution of Doodles - G_6e786d/h1_The story behind Doodles' is visible

07-06-2024T14:05:15 - [TEST_STEP][PASSED] - verifyElementVisible(findTestObject("Object Repository/Page_The Story and Evolution of Doodles - G_6e786d/p_The first Doodle was a simple out-of-offi_345e61")): Object 'Object Repository/Page_The Story and Evolution of Doodles - G_6e786d/p_The first Doodle was a simple out-of-offi_345e61' is visible

07-06-2024T14:05:15 - [MESSAGE][PASSED] - Object 'Object Repository/Page_The Story and Evolution of Doodles - G_6e786d/p_The first Doodle was a simple out-of-offi_345e61' is visible

07-06-2024T14:05:15 - [TEST_STEP][PASSED] - verifyElementVisible(findTestObject("Object Repository/Page_The Story and Evolution of Doodles - G_6e786d/h2_Weve created more than 5,000 Doodles ove_111429")): Object 'Object Repository/Page_The Story and Evolution of Doodles - G_6e786d/h2_Weve created more than 5,000 Doodles ove_111429' is visible

07-06-2024T14:05:15 - [MESSAGE][PASSED] - Object 'Object Repository/Page_The Story and Evolution of Doodles - G_6e786d/h2_Weve created more than 5,000 Doodles ove_111429' is visible

07-06-2024T14:05:15 - [TEST_STEP][PASSED] - click(findTestObject("Object Repository/Page_The Story and Evolution of Doodles - G_6e786d/p_The first Doodle was a simple out-of-offi_345e61")): Object: 'Object Repository/Page_The Story and Evolution of Doodles - G_6e786d/p_The first Doodle was a simple out-of-offi_345e61' is clicked on

07-06-2024T14:05:15 - [MESSAGE][PASSED] - Object: 'Object Repository/Page_The Story and Evolution of Doodles - G_6e786d/p_The first Doodle was a simple out-of-offi_345e61' is clicked on

07-06-2024T14:05:15 - [TEST_STEP][PASSED] - verifyElementVisible(findTestObject("Object Repository/Page_The Story and Evolution of Doodles - G_6e786d/h1_The story behind Doodles")): Object 'Object Repository/Page_The Story and Evolution of Doodles - G_6e786d/h1_The story behind Doodles' is visible

07-06-2024T14:05:15 - [MESSAGE][PASSED] - Object 'Object Repository/Page_The Story and Evolution of Doodles - G_6e786d/h1_The story behind Doodles' is visible

07-06-2024T14:05:15 - [TEST_STEP][PASSED] - verifyElementVisible(findTestObject("Object Repository/Page_The Story and Evolution of Doodles - G_6e786d/p_The first Doodle was a simple out-of-offi_345e61")): Object 'Object Repository/Page_The Story and Evolution of Doodles - G_6e786d/p_The first Doodle was a simple out-of-offi_345e61' is visible

07-06-2024T14:05:15 - [MESSAGE][PASSED] - Object 'Object Repository/Page_The Story and Evolution of Doodles - G_6e786d/p_The first Doodle was a simple out-of-offi_345e61' is visible

07-06-2024T14:05:15 - [TEST_STEP][PASSED] - verifyElementVisible(findTestObject("Object Repository/Page_The Story and Evolution of Doodles - G_6e786d/h2_Weve created more than 5,000 Doodles ove_111429")): Object 'Object Repository/Page_The Story and Evolution of Doodles - G_6e786d/h2_Weve created more than 5,000 Doodles ove_111429' is visible

07-06-2024T14:05:15 - [MESSAGE][PASSED] - Object 'Object Repository/Page_The Story and Evolution of Doodles - G_6e786d/h2_Weve created more than 5,000 Doodles ove_111429' is visible

07-06-2024T14:05:15 - [TEST_STEP][PASSED] - click(findTestObject("Object Repository/Page_The Story and Evolution of Doodles - G_6e786d/p_The first Doodle was a simple out-of-offi_345e61")): Object: 'Object Repository/Page_The Story and Evolution of Doodles - G_6e786d/p_The first Doodle was a simple out-of-offi_345e61' is clicked on

07-06-2024T14:05:15 - [MESSAGE][PASSED] - Object: 'Object Repository/Page_The Story and Evolution of Doodles - G_6e786d/p_The first Doodle was a simple out-of-offi_345e61' is clicked on

07-06-2024T14:05:15 - [TEST_STEP][PASSED] - verifyElementVisible(findTestObject("Object Repository/Page_The Story and Evolution of Doodles - G_6e786d/h1_The story behind Doodles")): Object 'Object Repository/Page_The Story and Evolution of Doodles - G_6e786d/h1_The story behind Doodles' is visible

07-06-2024T14:05:15 - [MESSAGE][PASSED] - Object 'Object Repository/Page_The Story and Evolution of Doodles - G_6e786d/h1_The story behind Doodles' is visible

07-06-2024T14:05:15 - [TEST_STEP][PASSED] - verifyElementVisible(findTestObject("Object Repository/Page_The Story and Evolution of Doodles - G_6e786d/p_The first Doodle was a simple out-of-offi_345e61")): Object 'Object Repository/Page_The Story and Evolution of Doodles - G_6e786d/p_The first Doodle was a simple out-of-offi_345e61' is visible

07-06-2024T14:05:15 - [MESSAGE][PASSED] - Object 'Object Repository/Page_The Story and Evolution of Doodles - G_6e786d/p_The first Doodle was a simple out-of-offi_345e61' is visible

07-06-2024T14:05:15 - [TEST_STEP][PASSED] - verifyElementVisible(findTestObject("Object Repository/Page_The Story and Evolution of Doodles - G_6e786d/h2_Weve created more than 5,000 Doodles ove_111429")): Object 'Object Repository/Page_The Story and Evolution of Doodles - G_6e786d/h2_Weve created more than 5,000 Doodles ove_111429' is visible

07-06-2024T14:05:15 - [MESSAGE][PASSED] - Object 'Object Repository/Page_The Story and Evolution of Doodles - G_6e786d/h2_Weve created more than 5,000 Doodles ove_111429' is visible

07-06-2024T14:05:15 - [TEST_STEP][PASSED] - click(findTestObject("Object Repository/Page_The Story and Evolution of Doodles - G_6e786d/p_The first Doodle was a simple out-of-offi_345e61")): Object: 'Object Repository/Page_The Story and Evolution of Doodles - G_6e786d/p_The first Doodle was a simple out-of-offi_345e61' is clicked on

07-06-2024T14:05:16 - [MESSAGE][PASSED] - Object: 'Object Repository/Page_The Story and Evolution of Doodles - G_6e786d/p_The first Doodle was a simple out-of-offi_345e61' is clicked on

07-06-2024T14:05:16 - [TEST_STEP][PASSED] - verifyElementVisible(findTestObject("Object Repository/Page_The Story and Evolution of Doodles - G_6e786d/h1_The story behind Doodles")): Object 'Object Repository/Page_The Story and Evolution of Doodles - G_6e786d/h1_The story behind Doodles' is visible

07-06-2024T14:05:16 - [MESSAGE][PASSED] - Object 'Object Repository/Page_The Story and Evolution of Doodles - G_6e786d/h1_The story behind Doodles' is visible

07-06-2024T14:05:16 - [TEST_STEP][PASSED] - verifyElementVisible(findTestObject("Object Repository/Page_The Story and Evolution of Doodles - G_6e786d/p_The first Doodle was a simple out-of-offi_345e61")): Object 'Object Repository/Page_The Story and Evolution of Doodles - G_6e786d/p_The first Doodle was a simple out-of-offi_345e61' is visible

07-06-2024T14:05:16 - [MESSAGE][PASSED] - Object 'Object Repository/Page_The Story and Evolution of Doodles - G_6e786d/p_The first Doodle was a simple out-of-offi_345e61' is visible

07-06-2024T14:05:16 - [TEST_STEP][PASSED] - verifyElementVisible(findTestObject("Object Repository/Page_The Story and Evolution of Doodles - G_6e786d/h2_Weve created more than 5,000 Doodles ove_111429")): Object 'Object Repository/Page_The Story and Evolution of Doodles - G_6e786d/h2_Weve created more than 5,000 Doodles ove_111429' is visible

07-06-2024T14:05:16 - [MESSAGE][PASSED] - Object 'Object Repository/Page_The Story and Evolution of Doodles - G_6e786d/h2_Weve created more than 5,000 Doodles ove_111429' is visible]]></system-out>
         <system-err><![CDATA[]]></system-err>
      </testcase>
      <testcase name="Test Cases/test case folder 1/tc1 - Copy (13)" time="8.496" classname="Test Cases/test case folder 1/tc1 - Copy (13)" status="PASSED">
         <system-out><![CDATA[07-06-2024T14:05:16 - [TEST_CASE][PASSED] - Test Cases/test case folder 1/tc1 - Copy (13): Test Cases/test case folder 1/tc1 - Copy (13)

07-06-2024T14:05:16 - [TEST_STEP][PASSED] - openBrowser(""): Browser is opened with url: ''

07-06-2024T14:05:16 - [MESSAGE][WARNING] - A browser is already opened. Closing browser and opening a new one

07-06-2024T14:05:17 - [MESSAGE][INFO] - Starting 'Firefox (headless)' driver

07-06-2024T14:05:17 - [MESSAGE][INFO] - Action delay is set to 0 milliseconds

07-06-2024T14:05:19 - [MESSAGE][PASSED] - Browser is opened with url: ''

07-06-2024T14:05:19 - [TEST_STEP][PASSED] - navigateToUrl("https://doodles.google/about/"): Navigate to 'https://doodles.google/about/' successfully

07-06-2024T14:05:20 - [MESSAGE][PASSED] - Navigate to 'https://doodles.google/about/' successfully

07-06-2024T14:05:20 - [TEST_STEP][PASSED] - click(findTestObject("Object Repository/Page_The Story and Evolution of Doodles - G_6e786d/p_The first Doodle was a simple out-of-offi_345e61")): Object: 'Object Repository/Page_The Story and Evolution of Doodles - G_6e786d/p_The first Doodle was a simple out-of-offi_345e61' is clicked on

07-06-2024T14:05:21 - [MESSAGE][PASSED] - Object: 'Object Repository/Page_The Story and Evolution of Doodles - G_6e786d/p_The first Doodle was a simple out-of-offi_345e61' is clicked on

07-06-2024T14:05:21 - [TEST_STEP][PASSED] - click(findTestObject("Object Repository/Page_The Story and Evolution of Doodles - G_6e786d/p_The first Doodle was a simple out-of-offi_345e61")): Object: 'Object Repository/Page_The Story and Evolution of Doodles - G_6e786d/p_The first Doodle was a simple out-of-offi_345e61' is clicked on

07-06-2024T14:05:21 - [MESSAGE][PASSED] - Object: 'Object Repository/Page_The Story and Evolution of Doodles - G_6e786d/p_The first Doodle was a simple out-of-offi_345e61' is clicked on

07-06-2024T14:05:21 - [TEST_STEP][PASSED] - verifyElementVisible(findTestObject("Object Repository/Page_The Story and Evolution of Doodles - G_6e786d/h1_The story behind Doodles")): Object 'Object Repository/Page_The Story and Evolution of Doodles - G_6e786d/h1_The story behind Doodles' is visible

07-06-2024T14:05:21 - [MESSAGE][PASSED] - Object 'Object Repository/Page_The Story and Evolution of Doodles - G_6e786d/h1_The story behind Doodles' is visible

07-06-2024T14:05:21 - [TEST_STEP][PASSED] - verifyElementVisible(findTestObject("Object Repository/Page_The Story and Evolution of Doodles - G_6e786d/p_The first Doodle was a simple out-of-offi_345e61")): Object 'Object Repository/Page_The Story and Evolution of Doodles - G_6e786d/p_The first Doodle was a simple out-of-offi_345e61' is visible

07-06-2024T14:05:21 - [MESSAGE][PASSED] - Object 'Object Repository/Page_The Story and Evolution of Doodles - G_6e786d/p_The first Doodle was a simple out-of-offi_345e61' is visible

07-06-2024T14:05:21 - [TEST_STEP][PASSED] - verifyElementVisible(findTestObject("Object Repository/Page_The Story and Evolution of Doodles - G_6e786d/h2_Weve created more than 5,000 Doodles ove_111429")): Object 'Object Repository/Page_The Story and Evolution of Doodles - G_6e786d/h2_Weve created more than 5,000 Doodles ove_111429' is visible

07-06-2024T14:05:21 - [MESSAGE][PASSED] - Object 'Object Repository/Page_The Story and Evolution of Doodles - G_6e786d/h2_Weve created more than 5,000 Doodles ove_111429' is visible

07-06-2024T14:05:21 - [TEST_STEP][PASSED] - verifyElementVisible(findTestObject("Object Repository/Page_The Story and Evolution of Doodles - G_6e786d/h1_The story behind Doodles")): Object 'Object Repository/Page_The Story and Evolution of Doodles - G_6e786d/h1_The story behind Doodles' is visible

07-06-2024T14:05:21 - [MESSAGE][PASSED] - Object 'Object Repository/Page_The Story and Evolution of Doodles - G_6e786d/h1_The story behind Doodles' is visible

07-06-2024T14:05:21 - [TEST_STEP][PASSED] - verifyElementVisible(findTestObject("Object Repository/Page_The Story and Evolution of Doodles - G_6e786d/p_The first Doodle was a simple out-of-offi_345e61")): Object 'Object Repository/Page_The Story and Evolution of Doodles - G_6e786d/p_The first Doodle was a simple out-of-offi_345e61' is visible

07-06-2024T14:05:21 - [MESSAGE][PASSED] - Object 'Object Repository/Page_The Story and Evolution of Doodles - G_6e786d/p_The first Doodle was a simple out-of-offi_345e61' is visible

07-06-2024T14:05:21 - [TEST_STEP][PASSED] - verifyElementVisible(findTestObject("Object Repository/Page_The Story and Evolution of Doodles - G_6e786d/h2_Weve created more than 5,000 Doodles ove_111429")): Object 'Object Repository/Page_The Story and Evolution of Doodles - G_6e786d/h2_Weve created more than 5,000 Doodles ove_111429' is visible

07-06-2024T14:05:21 - [MESSAGE][PASSED] - Object 'Object Repository/Page_The Story and Evolution of Doodles - G_6e786d/h2_Weve created more than 5,000 Doodles ove_111429' is visible

07-06-2024T14:05:21 - [TEST_STEP][PASSED] - click(findTestObject("Object Repository/Page_The Story and Evolution of Doodles - G_6e786d/p_The first Doodle was a simple out-of-offi_345e61")): Object: 'Object Repository/Page_The Story and Evolution of Doodles - G_6e786d/p_The first Doodle was a simple out-of-offi_345e61' is clicked on

07-06-2024T14:05:21 - [MESSAGE][PASSED] - Object: 'Object Repository/Page_The Story and Evolution of Doodles - G_6e786d/p_The first Doodle was a simple out-of-offi_345e61' is clicked on

07-06-2024T14:05:21 - [TEST_STEP][PASSED] - verifyElementVisible(findTestObject("Object Repository/Page_The Story and Evolution of Doodles - G_6e786d/h1_The story behind Doodles")): Object 'Object Repository/Page_The Story and Evolution of Doodles - G_6e786d/h1_The story behind Doodles' is visible

07-06-2024T14:05:22 - [MESSAGE][PASSED] - Object 'Object Repository/Page_The Story and Evolution of Doodles - G_6e786d/h1_The story behind Doodles' is visible

07-06-2024T14:05:22 - [TEST_STEP][PASSED] - verifyElementVisible(findTestObject("Object Repository/Page_The Story and Evolution of Doodles - G_6e786d/p_The first Doodle was a simple out-of-offi_345e61")): Object 'Object Repository/Page_The Story and Evolution of Doodles - G_6e786d/p_The first Doodle was a simple out-of-offi_345e61' is visible

07-06-2024T14:05:22 - [MESSAGE][PASSED] - Object 'Object Repository/Page_The Story and Evolution of Doodles - G_6e786d/p_The first Doodle was a simple out-of-offi_345e61' is visible

07-06-2024T14:05:22 - [TEST_STEP][PASSED] - verifyElementVisible(findTestObject("Object Repository/Page_The Story and Evolution of Doodles - G_6e786d/h2_Weve created more than 5,000 Doodles ove_111429")): Object 'Object Repository/Page_The Story and Evolution of Doodles - G_6e786d/h2_Weve created more than 5,000 Doodles ove_111429' is visible

07-06-2024T14:05:22 - [MESSAGE][PASSED] - Object 'Object Repository/Page_The Story and Evolution of Doodles - G_6e786d/h2_Weve created more than 5,000 Doodles ove_111429' is visible

07-06-2024T14:05:22 - [TEST_STEP][PASSED] - click(findTestObject("Object Repository/Page_The Story and Evolution of Doodles - G_6e786d/p_The first Doodle was a simple out-of-offi_345e61")): Object: 'Object Repository/Page_The Story and Evolution of Doodles - G_6e786d/p_The first Doodle was a simple out-of-offi_345e61' is clicked on

07-06-2024T14:05:22 - [MESSAGE][PASSED] - Object: 'Object Repository/Page_The Story and Evolution of Doodles - G_6e786d/p_The first Doodle was a simple out-of-offi_345e61' is clicked on

07-06-2024T14:05:22 - [TEST_STEP][PASSED] - verifyElementVisible(findTestObject("Object Repository/Page_The Story and Evolution of Doodles - G_6e786d/h1_The story behind Doodles")): Object 'Object Repository/Page_The Story and Evolution of Doodles - G_6e786d/h1_The story behind Doodles' is visible

07-06-2024T14:05:22 - [MESSAGE][PASSED] - Object 'Object Repository/Page_The Story and Evolution of Doodles - G_6e786d/h1_The story behind Doodles' is visible

07-06-2024T14:05:22 - [TEST_STEP][PASSED] - verifyElementVisible(findTestObject("Object Repository/Page_The Story and Evolution of Doodles - G_6e786d/p_The first Doodle was a simple out-of-offi_345e61")): Object 'Object Repository/Page_The Story and Evolution of Doodles - G_6e786d/p_The first Doodle was a simple out-of-offi_345e61' is visible

07-06-2024T14:05:22 - [MESSAGE][PASSED] - Object 'Object Repository/Page_The Story and Evolution of Doodles - G_6e786d/p_The first Doodle was a simple out-of-offi_345e61' is visible

07-06-2024T14:05:22 - [TEST_STEP][PASSED] - verifyElementVisible(findTestObject("Object Repository/Page_The Story and Evolution of Doodles - G_6e786d/h2_Weve created more than 5,000 Doodles ove_111429")): Object 'Object Repository/Page_The Story and Evolution of Doodles - G_6e786d/h2_Weve created more than 5,000 Doodles ove_111429' is visible

07-06-2024T14:05:22 - [MESSAGE][PASSED] - Object 'Object Repository/Page_The Story and Evolution of Doodles - G_6e786d/h2_Weve created more than 5,000 Doodles ove_111429' is visible

07-06-2024T14:05:22 - [TEST_STEP][PASSED] - click(findTestObject("Object Repository/Page_The Story and Evolution of Doodles - G_6e786d/p_The first Doodle was a simple out-of-offi_345e61")): Object: 'Object Repository/Page_The Story and Evolution of Doodles - G_6e786d/p_The first Doodle was a simple out-of-offi_345e61' is clicked on

07-06-2024T14:05:22 - [MESSAGE][PASSED] - Object: 'Object Repository/Page_The Story and Evolution of Doodles - G_6e786d/p_The first Doodle was a simple out-of-offi_345e61' is clicked on

07-06-2024T14:05:22 - [TEST_STEP][PASSED] - verifyElementVisible(findTestObject("Object Repository/Page_The Story and Evolution of Doodles - G_6e786d/h1_The story behind Doodles")): Object 'Object Repository/Page_The Story and Evolution of Doodles - G_6e786d/h1_The story behind Doodles' is visible

07-06-2024T14:05:22 - [MESSAGE][PASSED] - Object 'Object Repository/Page_The Story and Evolution of Doodles - G_6e786d/h1_The story behind Doodles' is visible

07-06-2024T14:05:22 - [TEST_STEP][PASSED] - verifyElementVisible(findTestObject("Object Repository/Page_The Story and Evolution of Doodles - G_6e786d/p_The first Doodle was a simple out-of-offi_345e61")): Object 'Object Repository/Page_The Story and Evolution of Doodles - G_6e786d/p_The first Doodle was a simple out-of-offi_345e61' is visible

07-06-2024T14:05:22 - [MESSAGE][PASSED] - Object 'Object Repository/Page_The Story and Evolution of Doodles - G_6e786d/p_The first Doodle was a simple out-of-offi_345e61' is visible

07-06-2024T14:05:22 - [TEST_STEP][PASSED] - verifyElementVisible(findTestObject("Object Repository/Page_The Story and Evolution of Doodles - G_6e786d/h2_Weve created more than 5,000 Doodles ove_111429")): Object 'Object Repository/Page_The Story and Evolution of Doodles - G_6e786d/h2_Weve created more than 5,000 Doodles ove_111429' is visible

07-06-2024T14:05:22 - [MESSAGE][PASSED] - Object 'Object Repository/Page_The Story and Evolution of Doodles - G_6e786d/h2_Weve created more than 5,000 Doodles ove_111429' is visible

07-06-2024T14:05:22 - [TEST_STEP][PASSED] - click(findTestObject("Object Repository/Page_The Story and Evolution of Doodles - G_6e786d/p_The first Doodle was a simple out-of-offi_345e61")): Object: 'Object Repository/Page_The Story and Evolution of Doodles - G_6e786d/p_The first Doodle was a simple out-of-offi_345e61' is clicked on

07-06-2024T14:05:22 - [MESSAGE][PASSED] - Object: 'Object Repository/Page_The Story and Evolution of Doodles - G_6e786d/p_The first Doodle was a simple out-of-offi_345e61' is clicked on

07-06-2024T14:05:22 - [TEST_STEP][PASSED] - verifyElementVisible(findTestObject("Object Repository/Page_The Story and Evolution of Doodles - G_6e786d/h1_The story behind Doodles")): Object 'Object Repository/Page_The Story and Evolution of Doodles - G_6e786d/h1_The story behind Doodles' is visible

07-06-2024T14:05:23 - [MESSAGE][PASSED] - Object 'Object Repository/Page_The Story and Evolution of Doodles - G_6e786d/h1_The story behind Doodles' is visible

07-06-2024T14:05:23 - [TEST_STEP][PASSED] - verifyElementVisible(findTestObject("Object Repository/Page_The Story and Evolution of Doodles - G_6e786d/p_The first Doodle was a simple out-of-offi_345e61")): Object 'Object Repository/Page_The Story and Evolution of Doodles - G_6e786d/p_The first Doodle was a simple out-of-offi_345e61' is visible

07-06-2024T14:05:23 - [MESSAGE][PASSED] - Object 'Object Repository/Page_The Story and Evolution of Doodles - G_6e786d/p_The first Doodle was a simple out-of-offi_345e61' is visible

07-06-2024T14:05:23 - [TEST_STEP][PASSED] - verifyElementVisible(findTestObject("Object Repository/Page_The Story and Evolution of Doodles - G_6e786d/h2_Weve created more than 5,000 Doodles ove_111429")): Object 'Object Repository/Page_The Story and Evolution of Doodles - G_6e786d/h2_Weve created more than 5,000 Doodles ove_111429' is visible

07-06-2024T14:05:23 - [MESSAGE][PASSED] - Object 'Object Repository/Page_The Story and Evolution of Doodles - G_6e786d/h2_Weve created more than 5,000 Doodles ove_111429' is visible

07-06-2024T14:05:23 - [TEST_STEP][PASSED] - click(findTestObject("Object Repository/Page_The Story and Evolution of Doodles - G_6e786d/p_The first Doodle was a simple out-of-offi_345e61")): Object: 'Object Repository/Page_The Story and Evolution of Doodles - G_6e786d/p_The first Doodle was a simple out-of-offi_345e61' is clicked on

07-06-2024T14:05:23 - [MESSAGE][PASSED] - Object: 'Object Repository/Page_The Story and Evolution of Doodles - G_6e786d/p_The first Doodle was a simple out-of-offi_345e61' is clicked on

07-06-2024T14:05:23 - [TEST_STEP][PASSED] - verifyElementVisible(findTestObject("Object Repository/Page_The Story and Evolution of Doodles - G_6e786d/h1_The story behind Doodles")): Object 'Object Repository/Page_The Story and Evolution of Doodles - G_6e786d/h1_The story behind Doodles' is visible

07-06-2024T14:05:23 - [MESSAGE][PASSED] - Object 'Object Repository/Page_The Story and Evolution of Doodles - G_6e786d/h1_The story behind Doodles' is visible

07-06-2024T14:05:23 - [TEST_STEP][PASSED] - verifyElementVisible(findTestObject("Object Repository/Page_The Story and Evolution of Doodles - G_6e786d/p_The first Doodle was a simple out-of-offi_345e61")): Object 'Object Repository/Page_The Story and Evolution of Doodles - G_6e786d/p_The first Doodle was a simple out-of-offi_345e61' is visible

07-06-2024T14:05:23 - [MESSAGE][PASSED] - Object 'Object Repository/Page_The Story and Evolution of Doodles - G_6e786d/p_The first Doodle was a simple out-of-offi_345e61' is visible

07-06-2024T14:05:23 - [TEST_STEP][PASSED] - verifyElementVisible(findTestObject("Object Repository/Page_The Story and Evolution of Doodles - G_6e786d/h2_Weve created more than 5,000 Doodles ove_111429")): Object 'Object Repository/Page_The Story and Evolution of Doodles - G_6e786d/h2_Weve created more than 5,000 Doodles ove_111429' is visible

07-06-2024T14:05:23 - [MESSAGE][PASSED] - Object 'Object Repository/Page_The Story and Evolution of Doodles - G_6e786d/h2_Weve created more than 5,000 Doodles ove_111429' is visible

07-06-2024T14:05:23 - [TEST_STEP][PASSED] - click(findTestObject("Object Repository/Page_The Story and Evolution of Doodles - G_6e786d/p_The first Doodle was a simple out-of-offi_345e61")): Object: 'Object Repository/Page_The Story and Evolution of Doodles - G_6e786d/p_The first Doodle was a simple out-of-offi_345e61' is clicked on

07-06-2024T14:05:23 - [MESSAGE][PASSED] - Object: 'Object Repository/Page_The Story and Evolution of Doodles - G_6e786d/p_The first Doodle was a simple out-of-offi_345e61' is clicked on

07-06-2024T14:05:23 - [TEST_STEP][PASSED] - verifyElementVisible(findTestObject("Object Repository/Page_The Story and Evolution of Doodles - G_6e786d/h1_The story behind Doodles")): Object 'Object Repository/Page_The Story and Evolution of Doodles - G_6e786d/h1_The story behind Doodles' is visible

07-06-2024T14:05:23 - [MESSAGE][PASSED] - Object 'Object Repository/Page_The Story and Evolution of Doodles - G_6e786d/h1_The story behind Doodles' is visible

07-06-2024T14:05:23 - [TEST_STEP][PASSED] - verifyElementVisible(findTestObject("Object Repository/Page_The Story and Evolution of Doodles - G_6e786d/p_The first Doodle was a simple out-of-offi_345e61")): Object 'Object Repository/Page_The Story and Evolution of Doodles - G_6e786d/p_The first Doodle was a simple out-of-offi_345e61' is visible

07-06-2024T14:05:23 - [MESSAGE][PASSED] - Object 'Object Repository/Page_The Story and Evolution of Doodles - G_6e786d/p_The first Doodle was a simple out-of-offi_345e61' is visible

07-06-2024T14:05:23 - [TEST_STEP][PASSED] - verifyElementVisible(findTestObject("Object Repository/Page_The Story and Evolution of Doodles - G_6e786d/h2_Weve created more than 5,000 Doodles ove_111429")): Object 'Object Repository/Page_The Story and Evolution of Doodles - G_6e786d/h2_Weve created more than 5,000 Doodles ove_111429' is visible

07-06-2024T14:05:23 - [MESSAGE][PASSED] - Object 'Object Repository/Page_The Story and Evolution of Doodles - G_6e786d/h2_Weve created more than 5,000 Doodles ove_111429' is visible

07-06-2024T14:05:23 - [TEST_STEP][PASSED] - click(findTestObject("Object Repository/Page_The Story and Evolution of Doodles - G_6e786d/p_The first Doodle was a simple out-of-offi_345e61")): Object: 'Object Repository/Page_The Story and Evolution of Doodles - G_6e786d/p_The first Doodle was a simple out-of-offi_345e61' is clicked on

07-06-2024T14:05:23 - [MESSAGE][PASSED] - Object: 'Object Repository/Page_The Story and Evolution of Doodles - G_6e786d/p_The first Doodle was a simple out-of-offi_345e61' is clicked on

07-06-2024T14:05:23 - [TEST_STEP][PASSED] - verifyElementVisible(findTestObject("Object Repository/Page_The Story and Evolution of Doodles - G_6e786d/h1_The story behind Doodles")): Object 'Object Repository/Page_The Story and Evolution of Doodles - G_6e786d/h1_The story behind Doodles' is visible

07-06-2024T14:05:24 - [MESSAGE][PASSED] - Object 'Object Repository/Page_The Story and Evolution of Doodles - G_6e786d/h1_The story behind Doodles' is visible

07-06-2024T14:05:24 - [TEST_STEP][PASSED] - verifyElementVisible(findTestObject("Object Repository/Page_The Story and Evolution of Doodles - G_6e786d/p_The first Doodle was a simple out-of-offi_345e61")): Object 'Object Repository/Page_The Story and Evolution of Doodles - G_6e786d/p_The first Doodle was a simple out-of-offi_345e61' is visible

07-06-2024T14:05:24 - [MESSAGE][PASSED] - Object 'Object Repository/Page_The Story and Evolution of Doodles - G_6e786d/p_The first Doodle was a simple out-of-offi_345e61' is visible

07-06-2024T14:05:24 - [TEST_STEP][PASSED] - verifyElementVisible(findTestObject("Object Repository/Page_The Story and Evolution of Doodles - G_6e786d/h2_Weve created more than 5,000 Doodles ove_111429")): Object 'Object Repository/Page_The Story and Evolution of Doodles - G_6e786d/h2_Weve created more than 5,000 Doodles ove_111429' is visible

07-06-2024T14:05:24 - [MESSAGE][PASSED] - Object 'Object Repository/Page_The Story and Evolution of Doodles - G_6e786d/h2_Weve created more than 5,000 Doodles ove_111429' is visible

07-06-2024T14:05:24 - [TEST_STEP][PASSED] - click(findTestObject("Object Repository/Page_The Story and Evolution of Doodles - G_6e786d/p_The first Doodle was a simple out-of-offi_345e61")): Object: 'Object Repository/Page_The Story and Evolution of Doodles - G_6e786d/p_The first Doodle was a simple out-of-offi_345e61' is clicked on

07-06-2024T14:05:24 - [MESSAGE][PASSED] - Object: 'Object Repository/Page_The Story and Evolution of Doodles - G_6e786d/p_The first Doodle was a simple out-of-offi_345e61' is clicked on

07-06-2024T14:05:24 - [TEST_STEP][PASSED] - verifyElementVisible(findTestObject("Object Repository/Page_The Story and Evolution of Doodles - G_6e786d/h1_The story behind Doodles")): Object 'Object Repository/Page_The Story and Evolution of Doodles - G_6e786d/h1_The story behind Doodles' is visible

07-06-2024T14:05:24 - [MESSAGE][PASSED] - Object 'Object Repository/Page_The Story and Evolution of Doodles - G_6e786d/h1_The story behind Doodles' is visible

07-06-2024T14:05:24 - [TEST_STEP][PASSED] - verifyElementVisible(findTestObject("Object Repository/Page_The Story and Evolution of Doodles - G_6e786d/p_The first Doodle was a simple out-of-offi_345e61")): Object 'Object Repository/Page_The Story and Evolution of Doodles - G_6e786d/p_The first Doodle was a simple out-of-offi_345e61' is visible

07-06-2024T14:05:24 - [MESSAGE][PASSED] - Object 'Object Repository/Page_The Story and Evolution of Doodles - G_6e786d/p_The first Doodle was a simple out-of-offi_345e61' is visible

07-06-2024T14:05:24 - [TEST_STEP][PASSED] - verifyElementVisible(findTestObject("Object Repository/Page_The Story and Evolution of Doodles - G_6e786d/h2_Weve created more than 5,000 Doodles ove_111429")): Object 'Object Repository/Page_The Story and Evolution of Doodles - G_6e786d/h2_Weve created more than 5,000 Doodles ove_111429' is visible

07-06-2024T14:05:24 - [MESSAGE][PASSED] - Object 'Object Repository/Page_The Story and Evolution of Doodles - G_6e786d/h2_Weve created more than 5,000 Doodles ove_111429' is visible

07-06-2024T14:05:24 - [TEST_STEP][PASSED] - click(findTestObject("Object Repository/Page_The Story and Evolution of Doodles - G_6e786d/p_The first Doodle was a simple out-of-offi_345e61")): Object: 'Object Repository/Page_The Story and Evolution of Doodles - G_6e786d/p_The first Doodle was a simple out-of-offi_345e61' is clicked on

07-06-2024T14:05:24 - [MESSAGE][PASSED] - Object: 'Object Repository/Page_The Story and Evolution of Doodles - G_6e786d/p_The first Doodle was a simple out-of-offi_345e61' is clicked on

07-06-2024T14:05:24 - [TEST_STEP][PASSED] - verifyElementVisible(findTestObject("Object Repository/Page_The Story and Evolution of Doodles - G_6e786d/h1_The story behind Doodles")): Object 'Object Repository/Page_The Story and Evolution of Doodles - G_6e786d/h1_The story behind Doodles' is visible

07-06-2024T14:05:24 - [MESSAGE][PASSED] - Object 'Object Repository/Page_The Story and Evolution of Doodles - G_6e786d/h1_The story behind Doodles' is visible

07-06-2024T14:05:24 - [TEST_STEP][PASSED] - verifyElementVisible(findTestObject("Object Repository/Page_The Story and Evolution of Doodles - G_6e786d/p_The first Doodle was a simple out-of-offi_345e61")): Object 'Object Repository/Page_The Story and Evolution of Doodles - G_6e786d/p_The first Doodle was a simple out-of-offi_345e61' is visible

07-06-2024T14:05:24 - [MESSAGE][PASSED] - Object 'Object Repository/Page_The Story and Evolution of Doodles - G_6e786d/p_The first Doodle was a simple out-of-offi_345e61' is visible

07-06-2024T14:05:24 - [TEST_STEP][PASSED] - verifyElementVisible(findTestObject("Object Repository/Page_The Story and Evolution of Doodles - G_6e786d/h2_Weve created more than 5,000 Doodles ove_111429")): Object 'Object Repository/Page_The Story and Evolution of Doodles - G_6e786d/h2_Weve created more than 5,000 Doodles ove_111429' is visible

07-06-2024T14:05:24 - [MESSAGE][PASSED] - Object 'Object Repository/Page_The Story and Evolution of Doodles - G_6e786d/h2_Weve created more than 5,000 Doodles ove_111429' is visible]]></system-out>
         <system-err><![CDATA[]]></system-err>
      </testcase>
      <testcase name="Test Cases/test case folder 1/tc1 - Copy (2) - Copy (1)" time="8.513" classname="Test Cases/test case folder 1/tc1 - Copy (2) - Copy (1)" status="PASSED">
         <system-out><![CDATA[07-06-2024T14:05:24 - [TEST_CASE][PASSED] - Test Cases/test case folder 1/tc1 - Copy (2) - Copy (1): Test Cases/test case folder 1/tc1 - Copy (2) - Copy (1)

07-06-2024T14:05:24 - [TEST_STEP][PASSED] - openBrowser(""): Browser is opened with url: ''

07-06-2024T14:05:24 - [MESSAGE][WARNING] - A browser is already opened. Closing browser and opening a new one

07-06-2024T14:05:25 - [MESSAGE][INFO] - Starting 'Firefox (headless)' driver

07-06-2024T14:05:25 - [MESSAGE][INFO] - Action delay is set to 0 milliseconds

07-06-2024T14:05:27 - [MESSAGE][PASSED] - Browser is opened with url: ''

07-06-2024T14:05:27 - [TEST_STEP][PASSED] - navigateToUrl("https://doodles.google/about/"): Navigate to 'https://doodles.google/about/' successfully

07-06-2024T14:05:29 - [MESSAGE][PASSED] - Navigate to 'https://doodles.google/about/' successfully

07-06-2024T14:05:29 - [TEST_STEP][PASSED] - click(findTestObject("Object Repository/Page_The Story and Evolution of Doodles - G_6e786d/p_The first Doodle was a simple out-of-offi_345e61")): Object: 'Object Repository/Page_The Story and Evolution of Doodles - G_6e786d/p_The first Doodle was a simple out-of-offi_345e61' is clicked on

07-06-2024T14:05:29 - [MESSAGE][PASSED] - Object: 'Object Repository/Page_The Story and Evolution of Doodles - G_6e786d/p_The first Doodle was a simple out-of-offi_345e61' is clicked on

07-06-2024T14:05:29 - [TEST_STEP][PASSED] - click(findTestObject("Object Repository/Page_The Story and Evolution of Doodles - G_6e786d/p_The first Doodle was a simple out-of-offi_345e61")): Object: 'Object Repository/Page_The Story and Evolution of Doodles - G_6e786d/p_The first Doodle was a simple out-of-offi_345e61' is clicked on

07-06-2024T14:05:30 - [MESSAGE][PASSED] - Object: 'Object Repository/Page_The Story and Evolution of Doodles - G_6e786d/p_The first Doodle was a simple out-of-offi_345e61' is clicked on

07-06-2024T14:05:30 - [TEST_STEP][PASSED] - verifyElementVisible(findTestObject("Object Repository/Page_The Story and Evolution of Doodles - G_6e786d/h1_The story behind Doodles")): Object 'Object Repository/Page_The Story and Evolution of Doodles - G_6e786d/h1_The story behind Doodles' is visible

07-06-2024T14:05:30 - [MESSAGE][PASSED] - Object 'Object Repository/Page_The Story and Evolution of Doodles - G_6e786d/h1_The story behind Doodles' is visible

07-06-2024T14:05:30 - [TEST_STEP][PASSED] - verifyElementVisible(findTestObject("Object Repository/Page_The Story and Evolution of Doodles - G_6e786d/p_The first Doodle was a simple out-of-offi_345e61")): Object 'Object Repository/Page_The Story and Evolution of Doodles - G_6e786d/p_The first Doodle was a simple out-of-offi_345e61' is visible

07-06-2024T14:05:30 - [MESSAGE][PASSED] - Object 'Object Repository/Page_The Story and Evolution of Doodles - G_6e786d/p_The first Doodle was a simple out-of-offi_345e61' is visible

07-06-2024T14:05:30 - [TEST_STEP][PASSED] - verifyElementVisible(findTestObject("Object Repository/Page_The Story and Evolution of Doodles - G_6e786d/h2_Weve created more than 5,000 Doodles ove_111429")): Object 'Object Repository/Page_The Story and Evolution of Doodles - G_6e786d/h2_Weve created more than 5,000 Doodles ove_111429' is visible

07-06-2024T14:05:30 - [MESSAGE][PASSED] - Object 'Object Repository/Page_The Story and Evolution of Doodles - G_6e786d/h2_Weve created more than 5,000 Doodles ove_111429' is visible

07-06-2024T14:05:30 - [TEST_STEP][PASSED] - verifyElementVisible(findTestObject("Object Repository/Page_The Story and Evolution of Doodles - G_6e786d/h1_The story behind Doodles")): Object 'Object Repository/Page_The Story and Evolution of Doodles - G_6e786d/h1_The story behind Doodles' is visible

07-06-2024T14:05:30 - [MESSAGE][PASSED] - Object 'Object Repository/Page_The Story and Evolution of Doodles - G_6e786d/h1_The story behind Doodles' is visible

07-06-2024T14:05:30 - [TEST_STEP][PASSED] - verifyElementVisible(findTestObject("Object Repository/Page_The Story and Evolution of Doodles - G_6e786d/p_The first Doodle was a simple out-of-offi_345e61")): Object 'Object Repository/Page_The Story and Evolution of Doodles - G_6e786d/p_The first Doodle was a simple out-of-offi_345e61' is visible

07-06-2024T14:05:30 - [MESSAGE][PASSED] - Object 'Object Repository/Page_The Story and Evolution of Doodles - G_6e786d/p_The first Doodle was a simple out-of-offi_345e61' is visible

07-06-2024T14:05:30 - [TEST_STEP][PASSED] - verifyElementVisible(findTestObject("Object Repository/Page_The Story and Evolution of Doodles - G_6e786d/h2_Weve created more than 5,000 Doodles ove_111429")): Object 'Object Repository/Page_The Story and Evolution of Doodles - G_6e786d/h2_Weve created more than 5,000 Doodles ove_111429' is visible

07-06-2024T14:05:30 - [MESSAGE][PASSED] - Object 'Object Repository/Page_The Story and Evolution of Doodles - G_6e786d/h2_Weve created more than 5,000 Doodles ove_111429' is visible

07-06-2024T14:05:30 - [TEST_STEP][PASSED] - click(findTestObject("Object Repository/Page_The Story and Evolution of Doodles - G_6e786d/p_The first Doodle was a simple out-of-offi_345e61")): Object: 'Object Repository/Page_The Story and Evolution of Doodles - G_6e786d/p_The first Doodle was a simple out-of-offi_345e61' is clicked on

07-06-2024T14:05:30 - [MESSAGE][PASSED] - Object: 'Object Repository/Page_The Story and Evolution of Doodles - G_6e786d/p_The first Doodle was a simple out-of-offi_345e61' is clicked on

07-06-2024T14:05:30 - [TEST_STEP][PASSED] - verifyElementVisible(findTestObject("Object Repository/Page_The Story and Evolution of Doodles - G_6e786d/h1_The story behind Doodles")): Object 'Object Repository/Page_The Story and Evolution of Doodles - G_6e786d/h1_The story behind Doodles' is visible

07-06-2024T14:05:30 - [MESSAGE][PASSED] - Object 'Object Repository/Page_The Story and Evolution of Doodles - G_6e786d/h1_The story behind Doodles' is visible

07-06-2024T14:05:30 - [TEST_STEP][PASSED] - verifyElementVisible(findTestObject("Object Repository/Page_The Story and Evolution of Doodles - G_6e786d/p_The first Doodle was a simple out-of-offi_345e61")): Object 'Object Repository/Page_The Story and Evolution of Doodles - G_6e786d/p_The first Doodle was a simple out-of-offi_345e61' is visible

07-06-2024T14:05:30 - [MESSAGE][PASSED] - Object 'Object Repository/Page_The Story and Evolution of Doodles - G_6e786d/p_The first Doodle was a simple out-of-offi_345e61' is visible

07-06-2024T14:05:30 - [TEST_STEP][PASSED] - verifyElementVisible(findTestObject("Object Repository/Page_The Story and Evolution of Doodles - G_6e786d/h2_Weve created more than 5,000 Doodles ove_111429")): Object 'Object Repository/Page_The Story and Evolution of Doodles - G_6e786d/h2_Weve created more than 5,000 Doodles ove_111429' is visible

07-06-2024T14:05:30 - [MESSAGE][PASSED] - Object 'Object Repository/Page_The Story and Evolution of Doodles - G_6e786d/h2_Weve created more than 5,000 Doodles ove_111429' is visible

07-06-2024T14:05:30 - [TEST_STEP][PASSED] - click(findTestObject("Object Repository/Page_The Story and Evolution of Doodles - G_6e786d/p_The first Doodle was a simple out-of-offi_345e61")): Object: 'Object Repository/Page_The Story and Evolution of Doodles - G_6e786d/p_The first Doodle was a simple out-of-offi_345e61' is clicked on

07-06-2024T14:05:30 - [MESSAGE][PASSED] - Object: 'Object Repository/Page_The Story and Evolution of Doodles - G_6e786d/p_The first Doodle was a simple out-of-offi_345e61' is clicked on

07-06-2024T14:05:30 - [TEST_STEP][PASSED] - verifyElementVisible(findTestObject("Object Repository/Page_The Story and Evolution of Doodles - G_6e786d/h1_The story behind Doodles")): Object 'Object Repository/Page_The Story and Evolution of Doodles - G_6e786d/h1_The story behind Doodles' is visible

07-06-2024T14:05:30 - [MESSAGE][PASSED] - Object 'Object Repository/Page_The Story and Evolution of Doodles - G_6e786d/h1_The story behind Doodles' is visible

07-06-2024T14:05:30 - [TEST_STEP][PASSED] - verifyElementVisible(findTestObject("Object Repository/Page_The Story and Evolution of Doodles - G_6e786d/p_The first Doodle was a simple out-of-offi_345e61")): Object 'Object Repository/Page_The Story and Evolution of Doodles - G_6e786d/p_The first Doodle was a simple out-of-offi_345e61' is visible

07-06-2024T14:05:30 - [MESSAGE][PASSED] - Object 'Object Repository/Page_The Story and Evolution of Doodles - G_6e786d/p_The first Doodle was a simple out-of-offi_345e61' is visible

07-06-2024T14:05:30 - [TEST_STEP][PASSED] - verifyElementVisible(findTestObject("Object Repository/Page_The Story and Evolution of Doodles - G_6e786d/h2_Weve created more than 5,000 Doodles ove_111429")): Object 'Object Repository/Page_The Story and Evolution of Doodles - G_6e786d/h2_Weve created more than 5,000 Doodles ove_111429' is visible

07-06-2024T14:05:30 - [MESSAGE][PASSED] - Object 'Object Repository/Page_The Story and Evolution of Doodles - G_6e786d/h2_Weve created more than 5,000 Doodles ove_111429' is visible

07-06-2024T14:05:30 - [TEST_STEP][PASSED] - click(findTestObject("Object Repository/Page_The Story and Evolution of Doodles - G_6e786d/p_The first Doodle was a simple out-of-offi_345e61")): Object: 'Object Repository/Page_The Story and Evolution of Doodles - G_6e786d/p_The first Doodle was a simple out-of-offi_345e61' is clicked on

07-06-2024T14:05:31 - [MESSAGE][PASSED] - Object: 'Object Repository/Page_The Story and Evolution of Doodles - G_6e786d/p_The first Doodle was a simple out-of-offi_345e61' is clicked on

07-06-2024T14:05:31 - [TEST_STEP][PASSED] - verifyElementVisible(findTestObject("Object Repository/Page_The Story and Evolution of Doodles - G_6e786d/h1_The story behind Doodles")): Object 'Object Repository/Page_The Story and Evolution of Doodles - G_6e786d/h1_The story behind Doodles' is visible

07-06-2024T14:05:31 - [MESSAGE][PASSED] - Object 'Object Repository/Page_The Story and Evolution of Doodles - G_6e786d/h1_The story behind Doodles' is visible

07-06-2024T14:05:31 - [TEST_STEP][PASSED] - verifyElementVisible(findTestObject("Object Repository/Page_The Story and Evolution of Doodles - G_6e786d/p_The first Doodle was a simple out-of-offi_345e61")): Object 'Object Repository/Page_The Story and Evolution of Doodles - G_6e786d/p_The first Doodle was a simple out-of-offi_345e61' is visible

07-06-2024T14:05:31 - [MESSAGE][PASSED] - Object 'Object Repository/Page_The Story and Evolution of Doodles - G_6e786d/p_The first Doodle was a simple out-of-offi_345e61' is visible

07-06-2024T14:05:31 - [TEST_STEP][PASSED] - verifyElementVisible(findTestObject("Object Repository/Page_The Story and Evolution of Doodles - G_6e786d/h2_Weve created more than 5,000 Doodles ove_111429")): Object 'Object Repository/Page_The Story and Evolution of Doodles - G_6e786d/h2_Weve created more than 5,000 Doodles ove_111429' is visible

07-06-2024T14:05:31 - [MESSAGE][PASSED] - Object 'Object Repository/Page_The Story and Evolution of Doodles - G_6e786d/h2_Weve created more than 5,000 Doodles ove_111429' is visible

07-06-2024T14:05:31 - [TEST_STEP][PASSED] - click(findTestObject("Object Repository/Page_The Story and Evolution of Doodles - G_6e786d/p_The first Doodle was a simple out-of-offi_345e61")): Object: 'Object Repository/Page_The Story and Evolution of Doodles - G_6e786d/p_The first Doodle was a simple out-of-offi_345e61' is clicked on

07-06-2024T14:05:31 - [MESSAGE][PASSED] - Object: 'Object Repository/Page_The Story and Evolution of Doodles - G_6e786d/p_The first Doodle was a simple out-of-offi_345e61' is clicked on

07-06-2024T14:05:31 - [TEST_STEP][PASSED] - verifyElementVisible(findTestObject("Object Repository/Page_The Story and Evolution of Doodles - G_6e786d/h1_The story behind Doodles")): Object 'Object Repository/Page_The Story and Evolution of Doodles - G_6e786d/h1_The story behind Doodles' is visible

07-06-2024T14:05:31 - [MESSAGE][PASSED] - Object 'Object Repository/Page_The Story and Evolution of Doodles - G_6e786d/h1_The story behind Doodles' is visible

07-06-2024T14:05:31 - [TEST_STEP][PASSED] - verifyElementVisible(findTestObject("Object Repository/Page_The Story and Evolution of Doodles - G_6e786d/p_The first Doodle was a simple out-of-offi_345e61")): Object 'Object Repository/Page_The Story and Evolution of Doodles - G_6e786d/p_The first Doodle was a simple out-of-offi_345e61' is visible

07-06-2024T14:05:31 - [MESSAGE][PASSED] - Object 'Object Repository/Page_The Story and Evolution of Doodles - G_6e786d/p_The first Doodle was a simple out-of-offi_345e61' is visible

07-06-2024T14:05:31 - [TEST_STEP][PASSED] - verifyElementVisible(findTestObject("Object Repository/Page_The Story and Evolution of Doodles - G_6e786d/h2_Weve created more than 5,000 Doodles ove_111429")): Object 'Object Repository/Page_The Story and Evolution of Doodles - G_6e786d/h2_Weve created more than 5,000 Doodles ove_111429' is visible

07-06-2024T14:05:31 - [MESSAGE][PASSED] - Object 'Object Repository/Page_The Story and Evolution of Doodles - G_6e786d/h2_Weve created more than 5,000 Doodles ove_111429' is visible

07-06-2024T14:05:31 - [TEST_STEP][PASSED] - click(findTestObject("Object Repository/Page_The Story and Evolution of Doodles - G_6e786d/p_The first Doodle was a simple out-of-offi_345e61")): Object: 'Object Repository/Page_The Story and Evolution of Doodles - G_6e786d/p_The first Doodle was a simple out-of-offi_345e61' is clicked on

07-06-2024T14:05:31 - [MESSAGE][PASSED] - Object: 'Object Repository/Page_The Story and Evolution of Doodles - G_6e786d/p_The first Doodle was a simple out-of-offi_345e61' is clicked on

07-06-2024T14:05:31 - [TEST_STEP][PASSED] - verifyElementVisible(findTestObject("Object Repository/Page_The Story and Evolution of Doodles - G_6e786d/h1_The story behind Doodles")): Object 'Object Repository/Page_The Story and Evolution of Doodles - G_6e786d/h1_The story behind Doodles' is visible

07-06-2024T14:05:31 - [MESSAGE][PASSED] - Object 'Object Repository/Page_The Story and Evolution of Doodles - G_6e786d/h1_The story behind Doodles' is visible

07-06-2024T14:05:31 - [TEST_STEP][PASSED] - verifyElementVisible(findTestObject("Object Repository/Page_The Story and Evolution of Doodles - G_6e786d/p_The first Doodle was a simple out-of-offi_345e61")): Object 'Object Repository/Page_The Story and Evolution of Doodles - G_6e786d/p_The first Doodle was a simple out-of-offi_345e61' is visible

07-06-2024T14:05:31 - [MESSAGE][PASSED] - Object 'Object Repository/Page_The Story and Evolution of Doodles - G_6e786d/p_The first Doodle was a simple out-of-offi_345e61' is visible

07-06-2024T14:05:31 - [TEST_STEP][PASSED] - verifyElementVisible(findTestObject("Object Repository/Page_The Story and Evolution of Doodles - G_6e786d/h2_Weve created more than 5,000 Doodles ove_111429")): Object 'Object Repository/Page_The Story and Evolution of Doodles - G_6e786d/h2_Weve created more than 5,000 Doodles ove_111429' is visible

07-06-2024T14:05:31 - [MESSAGE][PASSED] - Object 'Object Repository/Page_The Story and Evolution of Doodles - G_6e786d/h2_Weve created more than 5,000 Doodles ove_111429' is visible

07-06-2024T14:05:31 - [TEST_STEP][PASSED] - click(findTestObject("Object Repository/Page_The Story and Evolution of Doodles - G_6e786d/p_The first Doodle was a simple out-of-offi_345e61")): Object: 'Object Repository/Page_The Story and Evolution of Doodles - G_6e786d/p_The first Doodle was a simple out-of-offi_345e61' is clicked on

07-06-2024T14:05:32 - [MESSAGE][PASSED] - Object: 'Object Repository/Page_The Story and Evolution of Doodles - G_6e786d/p_The first Doodle was a simple out-of-offi_345e61' is clicked on

07-06-2024T14:05:32 - [TEST_STEP][PASSED] - verifyElementVisible(findTestObject("Object Repository/Page_The Story and Evolution of Doodles - G_6e786d/h1_The story behind Doodles")): Object 'Object Repository/Page_The Story and Evolution of Doodles - G_6e786d/h1_The story behind Doodles' is visible

07-06-2024T14:05:32 - [MESSAGE][PASSED] - Object 'Object Repository/Page_The Story and Evolution of Doodles - G_6e786d/h1_The story behind Doodles' is visible

07-06-2024T14:05:32 - [TEST_STEP][PASSED] - verifyElementVisible(findTestObject("Object Repository/Page_The Story and Evolution of Doodles - G_6e786d/p_The first Doodle was a simple out-of-offi_345e61")): Object 'Object Repository/Page_The Story and Evolution of Doodles - G_6e786d/p_The first Doodle was a simple out-of-offi_345e61' is visible

07-06-2024T14:05:32 - [MESSAGE][PASSED] - Object 'Object Repository/Page_The Story and Evolution of Doodles - G_6e786d/p_The first Doodle was a simple out-of-offi_345e61' is visible

07-06-2024T14:05:32 - [TEST_STEP][PASSED] - verifyElementVisible(findTestObject("Object Repository/Page_The Story and Evolution of Doodles - G_6e786d/h2_Weve created more than 5,000 Doodles ove_111429")): Object 'Object Repository/Page_The Story and Evolution of Doodles - G_6e786d/h2_Weve created more than 5,000 Doodles ove_111429' is visible

07-06-2024T14:05:32 - [MESSAGE][PASSED] - Object 'Object Repository/Page_The Story and Evolution of Doodles - G_6e786d/h2_Weve created more than 5,000 Doodles ove_111429' is visible

07-06-2024T14:05:32 - [TEST_STEP][PASSED] - click(findTestObject("Object Repository/Page_The Story and Evolution of Doodles - G_6e786d/p_The first Doodle was a simple out-of-offi_345e61")): Object: 'Object Repository/Page_The Story and Evolution of Doodles - G_6e786d/p_The first Doodle was a simple out-of-offi_345e61' is clicked on

07-06-2024T14:05:32 - [MESSAGE][PASSED] - Object: 'Object Repository/Page_The Story and Evolution of Doodles - G_6e786d/p_The first Doodle was a simple out-of-offi_345e61' is clicked on

07-06-2024T14:05:32 - [TEST_STEP][PASSED] - verifyElementVisible(findTestObject("Object Repository/Page_The Story and Evolution of Doodles - G_6e786d/h1_The story behind Doodles")): Object 'Object Repository/Page_The Story and Evolution of Doodles - G_6e786d/h1_The story behind Doodles' is visible

07-06-2024T14:05:32 - [MESSAGE][PASSED] - Object 'Object Repository/Page_The Story and Evolution of Doodles - G_6e786d/h1_The story behind Doodles' is visible

07-06-2024T14:05:32 - [TEST_STEP][PASSED] - verifyElementVisible(findTestObject("Object Repository/Page_The Story and Evolution of Doodles - G_6e786d/p_The first Doodle was a simple out-of-offi_345e61")): Object 'Object Repository/Page_The Story and Evolution of Doodles - G_6e786d/p_The first Doodle was a simple out-of-offi_345e61' is visible

07-06-2024T14:05:32 - [MESSAGE][PASSED] - Object 'Object Repository/Page_The Story and Evolution of Doodles - G_6e786d/p_The first Doodle was a simple out-of-offi_345e61' is visible

07-06-2024T14:05:32 - [TEST_STEP][PASSED] - verifyElementVisible(findTestObject("Object Repository/Page_The Story and Evolution of Doodles - G_6e786d/h2_Weve created more than 5,000 Doodles ove_111429")): Object 'Object Repository/Page_The Story and Evolution of Doodles - G_6e786d/h2_Weve created more than 5,000 Doodles ove_111429' is visible

07-06-2024T14:05:32 - [MESSAGE][PASSED] - Object 'Object Repository/Page_The Story and Evolution of Doodles - G_6e786d/h2_Weve created more than 5,000 Doodles ove_111429' is visible

07-06-2024T14:05:32 - [TEST_STEP][PASSED] - click(findTestObject("Object Repository/Page_The Story and Evolution of Doodles - G_6e786d/p_The first Doodle was a simple out-of-offi_345e61")): Object: 'Object Repository/Page_The Story and Evolution of Doodles - G_6e786d/p_The first Doodle was a simple out-of-offi_345e61' is clicked on

07-06-2024T14:05:32 - [MESSAGE][PASSED] - Object: 'Object Repository/Page_The Story and Evolution of Doodles - G_6e786d/p_The first Doodle was a simple out-of-offi_345e61' is clicked on

07-06-2024T14:05:32 - [TEST_STEP][PASSED] - verifyElementVisible(findTestObject("Object Repository/Page_The Story and Evolution of Doodles - G_6e786d/h1_The story behind Doodles")): Object 'Object Repository/Page_The Story and Evolution of Doodles - G_6e786d/h1_The story behind Doodles' is visible

07-06-2024T14:05:32 - [MESSAGE][PASSED] - Object 'Object Repository/Page_The Story and Evolution of Doodles - G_6e786d/h1_The story behind Doodles' is visible

07-06-2024T14:05:32 - [TEST_STEP][PASSED] - verifyElementVisible(findTestObject("Object Repository/Page_The Story and Evolution of Doodles - G_6e786d/p_The first Doodle was a simple out-of-offi_345e61")): Object 'Object Repository/Page_The Story and Evolution of Doodles - G_6e786d/p_The first Doodle was a simple out-of-offi_345e61' is visible

07-06-2024T14:05:32 - [MESSAGE][PASSED] - Object 'Object Repository/Page_The Story and Evolution of Doodles - G_6e786d/p_The first Doodle was a simple out-of-offi_345e61' is visible

07-06-2024T14:05:32 - [TEST_STEP][PASSED] - verifyElementVisible(findTestObject("Object Repository/Page_The Story and Evolution of Doodles - G_6e786d/h2_Weve created more than 5,000 Doodles ove_111429")): Object 'Object Repository/Page_The Story and Evolution of Doodles - G_6e786d/h2_Weve created more than 5,000 Doodles ove_111429' is visible

07-06-2024T14:05:32 - [MESSAGE][PASSED] - Object 'Object Repository/Page_The Story and Evolution of Doodles - G_6e786d/h2_Weve created more than 5,000 Doodles ove_111429' is visible

07-06-2024T14:05:32 - [TEST_STEP][PASSED] - click(findTestObject("Object Repository/Page_The Story and Evolution of Doodles - G_6e786d/p_The first Doodle was a simple out-of-offi_345e61")): Object: 'Object Repository/Page_The Story and Evolution of Doodles - G_6e786d/p_The first Doodle was a simple out-of-offi_345e61' is clicked on

07-06-2024T14:05:33 - [MESSAGE][PASSED] - Object: 'Object Repository/Page_The Story and Evolution of Doodles - G_6e786d/p_The first Doodle was a simple out-of-offi_345e61' is clicked on

07-06-2024T14:05:33 - [TEST_STEP][PASSED] - verifyElementVisible(findTestObject("Object Repository/Page_The Story and Evolution of Doodles - G_6e786d/h1_The story behind Doodles")): Object 'Object Repository/Page_The Story and Evolution of Doodles - G_6e786d/h1_The story behind Doodles' is visible

07-06-2024T14:05:33 - [MESSAGE][PASSED] - Object 'Object Repository/Page_The Story and Evolution of Doodles - G_6e786d/h1_The story behind Doodles' is visible

07-06-2024T14:05:33 - [TEST_STEP][PASSED] - verifyElementVisible(findTestObject("Object Repository/Page_The Story and Evolution of Doodles - G_6e786d/p_The first Doodle was a simple out-of-offi_345e61")): Object 'Object Repository/Page_The Story and Evolution of Doodles - G_6e786d/p_The first Doodle was a simple out-of-offi_345e61' is visible

07-06-2024T14:05:33 - [MESSAGE][PASSED] - Object 'Object Repository/Page_The Story and Evolution of Doodles - G_6e786d/p_The first Doodle was a simple out-of-offi_345e61' is visible

07-06-2024T14:05:33 - [TEST_STEP][PASSED] - verifyElementVisible(findTestObject("Object Repository/Page_The Story and Evolution of Doodles - G_6e786d/h2_Weve created more than 5,000 Doodles ove_111429")): Object 'Object Repository/Page_The Story and Evolution of Doodles - G_6e786d/h2_Weve created more than 5,000 Doodles ove_111429' is visible

07-06-2024T14:05:33 - [MESSAGE][PASSED] - Object 'Object Repository/Page_The Story and Evolution of Doodles - G_6e786d/h2_Weve created more than 5,000 Doodles ove_111429' is visible]]></system-out>
         <system-err><![CDATA[]]></system-err>
      </testcase>
      <testcase name="Test Cases/test case folder 1/tc1 - Copy (14)" time="7.882" classname="Test Cases/test case folder 1/tc1 - Copy (14)" status="PASSED">
         <system-out><![CDATA[07-06-2024T14:05:33 - [TEST_CASE][PASSED] - Test Cases/test case folder 1/tc1 - Copy (14): Test Cases/test case folder 1/tc1 - Copy (14)

07-06-2024T14:05:33 - [TEST_STEP][PASSED] - openBrowser(""): Browser is opened with url: ''

07-06-2024T14:05:33 - [MESSAGE][WARNING] - A browser is already opened. Closing browser and opening a new one

07-06-2024T14:05:34 - [MESSAGE][INFO] - Starting 'Firefox (headless)' driver

07-06-2024T14:05:34 - [MESSAGE][INFO] - Action delay is set to 0 milliseconds

07-06-2024T14:05:36 - [MESSAGE][PASSED] - Browser is opened with url: ''

07-06-2024T14:05:36 - [TEST_STEP][PASSED] - navigateToUrl("https://doodles.google/about/"): Navigate to 'https://doodles.google/about/' successfully

07-06-2024T14:05:37 - [MESSAGE][PASSED] - Navigate to 'https://doodles.google/about/' successfully

07-06-2024T14:05:37 - [TEST_STEP][PASSED] - click(findTestObject("Object Repository/Page_The Story and Evolution of Doodles - G_6e786d/p_The first Doodle was a simple out-of-offi_345e61")): Object: 'Object Repository/Page_The Story and Evolution of Doodles - G_6e786d/p_The first Doodle was a simple out-of-offi_345e61' is clicked on

07-06-2024T14:05:37 - [MESSAGE][PASSED] - Object: 'Object Repository/Page_The Story and Evolution of Doodles - G_6e786d/p_The first Doodle was a simple out-of-offi_345e61' is clicked on

07-06-2024T14:05:37 - [TEST_STEP][PASSED] - click(findTestObject("Object Repository/Page_The Story and Evolution of Doodles - G_6e786d/p_The first Doodle was a simple out-of-offi_345e61")): Object: 'Object Repository/Page_The Story and Evolution of Doodles - G_6e786d/p_The first Doodle was a simple out-of-offi_345e61' is clicked on

07-06-2024T14:05:38 - [MESSAGE][PASSED] - Object: 'Object Repository/Page_The Story and Evolution of Doodles - G_6e786d/p_The first Doodle was a simple out-of-offi_345e61' is clicked on

07-06-2024T14:05:38 - [TEST_STEP][PASSED] - verifyElementVisible(findTestObject("Object Repository/Page_The Story and Evolution of Doodles - G_6e786d/h1_The story behind Doodles")): Object 'Object Repository/Page_The Story and Evolution of Doodles - G_6e786d/h1_The story behind Doodles' is visible

07-06-2024T14:05:38 - [MESSAGE][PASSED] - Object 'Object Repository/Page_The Story and Evolution of Doodles - G_6e786d/h1_The story behind Doodles' is visible

07-06-2024T14:05:38 - [TEST_STEP][PASSED] - verifyElementVisible(findTestObject("Object Repository/Page_The Story and Evolution of Doodles - G_6e786d/p_The first Doodle was a simple out-of-offi_345e61")): Object 'Object Repository/Page_The Story and Evolution of Doodles - G_6e786d/p_The first Doodle was a simple out-of-offi_345e61' is visible

07-06-2024T14:05:38 - [MESSAGE][PASSED] - Object 'Object Repository/Page_The Story and Evolution of Doodles - G_6e786d/p_The first Doodle was a simple out-of-offi_345e61' is visible

07-06-2024T14:05:38 - [TEST_STEP][PASSED] - verifyElementVisible(findTestObject("Object Repository/Page_The Story and Evolution of Doodles - G_6e786d/h2_Weve created more than 5,000 Doodles ove_111429")): Object 'Object Repository/Page_The Story and Evolution of Doodles - G_6e786d/h2_Weve created more than 5,000 Doodles ove_111429' is visible

07-06-2024T14:05:38 - [MESSAGE][PASSED] - Object 'Object Repository/Page_The Story and Evolution of Doodles - G_6e786d/h2_Weve created more than 5,000 Doodles ove_111429' is visible

07-06-2024T14:05:38 - [TEST_STEP][PASSED] - verifyElementVisible(findTestObject("Object Repository/Page_The Story and Evolution of Doodles - G_6e786d/h1_The story behind Doodles")): Object 'Object Repository/Page_The Story and Evolution of Doodles - G_6e786d/h1_The story behind Doodles' is visible

07-06-2024T14:05:38 - [MESSAGE][PASSED] - Object 'Object Repository/Page_The Story and Evolution of Doodles - G_6e786d/h1_The story behind Doodles' is visible

07-06-2024T14:05:38 - [TEST_STEP][PASSED] - verifyElementVisible(findTestObject("Object Repository/Page_The Story and Evolution of Doodles - G_6e786d/p_The first Doodle was a simple out-of-offi_345e61")): Object 'Object Repository/Page_The Story and Evolution of Doodles - G_6e786d/p_The first Doodle was a simple out-of-offi_345e61' is visible

07-06-2024T14:05:38 - [MESSAGE][PASSED] - Object 'Object Repository/Page_The Story and Evolution of Doodles - G_6e786d/p_The first Doodle was a simple out-of-offi_345e61' is visible

07-06-2024T14:05:38 - [TEST_STEP][PASSED] - verifyElementVisible(findTestObject("Object Repository/Page_The Story and Evolution of Doodles - G_6e786d/h2_Weve created more than 5,000 Doodles ove_111429")): Object 'Object Repository/Page_The Story and Evolution of Doodles - G_6e786d/h2_Weve created more than 5,000 Doodles ove_111429' is visible

07-06-2024T14:05:38 - [MESSAGE][PASSED] - Object 'Object Repository/Page_The Story and Evolution of Doodles - G_6e786d/h2_Weve created more than 5,000 Doodles ove_111429' is visible

07-06-2024T14:05:38 - [TEST_STEP][PASSED] - click(findTestObject("Object Repository/Page_The Story and Evolution of Doodles - G_6e786d/p_The first Doodle was a simple out-of-offi_345e61")): Object: 'Object Repository/Page_The Story and Evolution of Doodles - G_6e786d/p_The first Doodle was a simple out-of-offi_345e61' is clicked on

07-06-2024T14:05:38 - [MESSAGE][PASSED] - Object: 'Object Repository/Page_The Story and Evolution of Doodles - G_6e786d/p_The first Doodle was a simple out-of-offi_345e61' is clicked on

07-06-2024T14:05:38 - [TEST_STEP][PASSED] - verifyElementVisible(findTestObject("Object Repository/Page_The Story and Evolution of Doodles - G_6e786d/h1_The story behind Doodles")): Object 'Object Repository/Page_The Story and Evolution of Doodles - G_6e786d/h1_The story behind Doodles' is visible

07-06-2024T14:05:38 - [MESSAGE][PASSED] - Object 'Object Repository/Page_The Story and Evolution of Doodles - G_6e786d/h1_The story behind Doodles' is visible

07-06-2024T14:05:38 - [TEST_STEP][PASSED] - verifyElementVisible(findTestObject("Object Repository/Page_The Story and Evolution of Doodles - G_6e786d/p_The first Doodle was a simple out-of-offi_345e61")): Object 'Object Repository/Page_The Story and Evolution of Doodles - G_6e786d/p_The first Doodle was a simple out-of-offi_345e61' is visible

07-06-2024T14:05:38 - [MESSAGE][PASSED] - Object 'Object Repository/Page_The Story and Evolution of Doodles - G_6e786d/p_The first Doodle was a simple out-of-offi_345e61' is visible

07-06-2024T14:05:38 - [TEST_STEP][PASSED] - verifyElementVisible(findTestObject("Object Repository/Page_The Story and Evolution of Doodles - G_6e786d/h2_Weve created more than 5,000 Doodles ove_111429")): Object 'Object Repository/Page_The Story and Evolution of Doodles - G_6e786d/h2_Weve created more than 5,000 Doodles ove_111429' is visible

07-06-2024T14:05:38 - [MESSAGE][PASSED] - Object 'Object Repository/Page_The Story and Evolution of Doodles - G_6e786d/h2_Weve created more than 5,000 Doodles ove_111429' is visible

07-06-2024T14:05:38 - [TEST_STEP][PASSED] - click(findTestObject("Object Repository/Page_The Story and Evolution of Doodles - G_6e786d/p_The first Doodle was a simple out-of-offi_345e61")): Object: 'Object Repository/Page_The Story and Evolution of Doodles - G_6e786d/p_The first Doodle was a simple out-of-offi_345e61' is clicked on

07-06-2024T14:05:38 - [MESSAGE][PASSED] - Object: 'Object Repository/Page_The Story and Evolution of Doodles - G_6e786d/p_The first Doodle was a simple out-of-offi_345e61' is clicked on

07-06-2024T14:05:38 - [TEST_STEP][PASSED] - verifyElementVisible(findTestObject("Object Repository/Page_The Story and Evolution of Doodles - G_6e786d/h1_The story behind Doodles")): Object 'Object Repository/Page_The Story and Evolution of Doodles - G_6e786d/h1_The story behind Doodles' is visible

07-06-2024T14:05:38 - [MESSAGE][PASSED] - Object 'Object Repository/Page_The Story and Evolution of Doodles - G_6e786d/h1_The story behind Doodles' is visible

07-06-2024T14:05:38 - [TEST_STEP][PASSED] - verifyElementVisible(findTestObject("Object Repository/Page_The Story and Evolution of Doodles - G_6e786d/p_The first Doodle was a simple out-of-offi_345e61")): Object 'Object Repository/Page_The Story and Evolution of Doodles - G_6e786d/p_The first Doodle was a simple out-of-offi_345e61' is visible

07-06-2024T14:05:38 - [MESSAGE][PASSED] - Object 'Object Repository/Page_The Story and Evolution of Doodles - G_6e786d/p_The first Doodle was a simple out-of-offi_345e61' is visible

07-06-2024T14:05:38 - [TEST_STEP][PASSED] - verifyElementVisible(findTestObject("Object Repository/Page_The Story and Evolution of Doodles - G_6e786d/h2_Weve created more than 5,000 Doodles ove_111429")): Object 'Object Repository/Page_The Story and Evolution of Doodles - G_6e786d/h2_Weve created more than 5,000 Doodles ove_111429' is visible

07-06-2024T14:05:38 - [MESSAGE][PASSED] - Object 'Object Repository/Page_The Story and Evolution of Doodles - G_6e786d/h2_Weve created more than 5,000 Doodles ove_111429' is visible

07-06-2024T14:05:38 - [TEST_STEP][PASSED] - click(findTestObject("Object Repository/Page_The Story and Evolution of Doodles - G_6e786d/p_The first Doodle was a simple out-of-offi_345e61")): Object: 'Object Repository/Page_The Story and Evolution of Doodles - G_6e786d/p_The first Doodle was a simple out-of-offi_345e61' is clicked on

07-06-2024T14:05:39 - [MESSAGE][PASSED] - Object: 'Object Repository/Page_The Story and Evolution of Doodles - G_6e786d/p_The first Doodle was a simple out-of-offi_345e61' is clicked on

07-06-2024T14:05:39 - [TEST_STEP][PASSED] - verifyElementVisible(findTestObject("Object Repository/Page_The Story and Evolution of Doodles - G_6e786d/h1_The story behind Doodles")): Object 'Object Repository/Page_The Story and Evolution of Doodles - G_6e786d/h1_The story behind Doodles' is visible

07-06-2024T14:05:39 - [MESSAGE][PASSED] - Object 'Object Repository/Page_The Story and Evolution of Doodles - G_6e786d/h1_The story behind Doodles' is visible

07-06-2024T14:05:39 - [TEST_STEP][PASSED] - verifyElementVisible(findTestObject("Object Repository/Page_The Story and Evolution of Doodles - G_6e786d/p_The first Doodle was a simple out-of-offi_345e61")): Object 'Object Repository/Page_The Story and Evolution of Doodles - G_6e786d/p_The first Doodle was a simple out-of-offi_345e61' is visible

07-06-2024T14:05:39 - [MESSAGE][PASSED] - Object 'Object Repository/Page_The Story and Evolution of Doodles - G_6e786d/p_The first Doodle was a simple out-of-offi_345e61' is visible

07-06-2024T14:05:39 - [TEST_STEP][PASSED] - verifyElementVisible(findTestObject("Object Repository/Page_The Story and Evolution of Doodles - G_6e786d/h2_Weve created more than 5,000 Doodles ove_111429")): Object 'Object Repository/Page_The Story and Evolution of Doodles - G_6e786d/h2_Weve created more than 5,000 Doodles ove_111429' is visible

07-06-2024T14:05:39 - [MESSAGE][PASSED] - Object 'Object Repository/Page_The Story and Evolution of Doodles - G_6e786d/h2_Weve created more than 5,000 Doodles ove_111429' is visible

07-06-2024T14:05:39 - [TEST_STEP][PASSED] - click(findTestObject("Object Repository/Page_The Story and Evolution of Doodles - G_6e786d/p_The first Doodle was a simple out-of-offi_345e61")): Object: 'Object Repository/Page_The Story and Evolution of Doodles - G_6e786d/p_The first Doodle was a simple out-of-offi_345e61' is clicked on

07-06-2024T14:05:39 - [MESSAGE][PASSED] - Object: 'Object Repository/Page_The Story and Evolution of Doodles - G_6e786d/p_The first Doodle was a simple out-of-offi_345e61' is clicked on

07-06-2024T14:05:39 - [TEST_STEP][PASSED] - verifyElementVisible(findTestObject("Object Repository/Page_The Story and Evolution of Doodles - G_6e786d/h1_The story behind Doodles")): Object 'Object Repository/Page_The Story and Evolution of Doodles - G_6e786d/h1_The story behind Doodles' is visible

07-06-2024T14:05:39 - [MESSAGE][PASSED] - Object 'Object Repository/Page_The Story and Evolution of Doodles - G_6e786d/h1_The story behind Doodles' is visible

07-06-2024T14:05:39 - [TEST_STEP][PASSED] - verifyElementVisible(findTestObject("Object Repository/Page_The Story and Evolution of Doodles - G_6e786d/p_The first Doodle was a simple out-of-offi_345e61")): Object 'Object Repository/Page_The Story and Evolution of Doodles - G_6e786d/p_The first Doodle was a simple out-of-offi_345e61' is visible

07-06-2024T14:05:39 - [MESSAGE][PASSED] - Object 'Object Repository/Page_The Story and Evolution of Doodles - G_6e786d/p_The first Doodle was a simple out-of-offi_345e61' is visible

07-06-2024T14:05:39 - [TEST_STEP][PASSED] - verifyElementVisible(findTestObject("Object Repository/Page_The Story and Evolution of Doodles - G_6e786d/h2_Weve created more than 5,000 Doodles ove_111429")): Object 'Object Repository/Page_The Story and Evolution of Doodles - G_6e786d/h2_Weve created more than 5,000 Doodles ove_111429' is visible

07-06-2024T14:05:39 - [MESSAGE][PASSED] - Object 'Object Repository/Page_The Story and Evolution of Doodles - G_6e786d/h2_Weve created more than 5,000 Doodles ove_111429' is visible

07-06-2024T14:05:39 - [TEST_STEP][PASSED] - click(findTestObject("Object Repository/Page_The Story and Evolution of Doodles - G_6e786d/p_The first Doodle was a simple out-of-offi_345e61")): Object: 'Object Repository/Page_The Story and Evolution of Doodles - G_6e786d/p_The first Doodle was a simple out-of-offi_345e61' is clicked on

07-06-2024T14:05:39 - [MESSAGE][PASSED] - Object: 'Object Repository/Page_The Story and Evolution of Doodles - G_6e786d/p_The first Doodle was a simple out-of-offi_345e61' is clicked on

07-06-2024T14:05:39 - [TEST_STEP][PASSED] - verifyElementVisible(findTestObject("Object Repository/Page_The Story and Evolution of Doodles - G_6e786d/h1_The story behind Doodles")): Object 'Object Repository/Page_The Story and Evolution of Doodles - G_6e786d/h1_The story behind Doodles' is visible

07-06-2024T14:05:39 - [MESSAGE][PASSED] - Object 'Object Repository/Page_The Story and Evolution of Doodles - G_6e786d/h1_The story behind Doodles' is visible

07-06-2024T14:05:39 - [TEST_STEP][PASSED] - verifyElementVisible(findTestObject("Object Repository/Page_The Story and Evolution of Doodles - G_6e786d/p_The first Doodle was a simple out-of-offi_345e61")): Object 'Object Repository/Page_The Story and Evolution of Doodles - G_6e786d/p_The first Doodle was a simple out-of-offi_345e61' is visible

07-06-2024T14:05:39 - [MESSAGE][PASSED] - Object 'Object Repository/Page_The Story and Evolution of Doodles - G_6e786d/p_The first Doodle was a simple out-of-offi_345e61' is visible

07-06-2024T14:05:39 - [TEST_STEP][PASSED] - verifyElementVisible(findTestObject("Object Repository/Page_The Story and Evolution of Doodles - G_6e786d/h2_Weve created more than 5,000 Doodles ove_111429")): Object 'Object Repository/Page_The Story and Evolution of Doodles - G_6e786d/h2_Weve created more than 5,000 Doodles ove_111429' is visible

07-06-2024T14:05:39 - [MESSAGE][PASSED] - Object 'Object Repository/Page_The Story and Evolution of Doodles - G_6e786d/h2_Weve created more than 5,000 Doodles ove_111429' is visible

07-06-2024T14:05:39 - [TEST_STEP][PASSED] - click(findTestObject("Object Repository/Page_The Story and Evolution of Doodles - G_6e786d/p_The first Doodle was a simple out-of-offi_345e61")): Object: 'Object Repository/Page_The Story and Evolution of Doodles - G_6e786d/p_The first Doodle was a simple out-of-offi_345e61' is clicked on

07-06-2024T14:05:40 - [MESSAGE][PASSED] - Object: 'Object Repository/Page_The Story and Evolution of Doodles - G_6e786d/p_The first Doodle was a simple out-of-offi_345e61' is clicked on

07-06-2024T14:05:40 - [TEST_STEP][PASSED] - verifyElementVisible(findTestObject("Object Repository/Page_The Story and Evolution of Doodles - G_6e786d/h1_The story behind Doodles")): Object 'Object Repository/Page_The Story and Evolution of Doodles - G_6e786d/h1_The story behind Doodles' is visible

07-06-2024T14:05:40 - [MESSAGE][PASSED] - Object 'Object Repository/Page_The Story and Evolution of Doodles - G_6e786d/h1_The story behind Doodles' is visible

07-06-2024T14:05:40 - [TEST_STEP][PASSED] - verifyElementVisible(findTestObject("Object Repository/Page_The Story and Evolution of Doodles - G_6e786d/p_The first Doodle was a simple out-of-offi_345e61")): Object 'Object Repository/Page_The Story and Evolution of Doodles - G_6e786d/p_The first Doodle was a simple out-of-offi_345e61' is visible

07-06-2024T14:05:40 - [MESSAGE][PASSED] - Object 'Object Repository/Page_The Story and Evolution of Doodles - G_6e786d/p_The first Doodle was a simple out-of-offi_345e61' is visible

07-06-2024T14:05:40 - [TEST_STEP][PASSED] - verifyElementVisible(findTestObject("Object Repository/Page_The Story and Evolution of Doodles - G_6e786d/h2_Weve created more than 5,000 Doodles ove_111429")): Object 'Object Repository/Page_The Story and Evolution of Doodles - G_6e786d/h2_Weve created more than 5,000 Doodles ove_111429' is visible

07-06-2024T14:05:40 - [MESSAGE][PASSED] - Object 'Object Repository/Page_The Story and Evolution of Doodles - G_6e786d/h2_Weve created more than 5,000 Doodles ove_111429' is visible

07-06-2024T14:05:40 - [TEST_STEP][PASSED] - click(findTestObject("Object Repository/Page_The Story and Evolution of Doodles - G_6e786d/p_The first Doodle was a simple out-of-offi_345e61")): Object: 'Object Repository/Page_The Story and Evolution of Doodles - G_6e786d/p_The first Doodle was a simple out-of-offi_345e61' is clicked on

07-06-2024T14:05:40 - [MESSAGE][PASSED] - Object: 'Object Repository/Page_The Story and Evolution of Doodles - G_6e786d/p_The first Doodle was a simple out-of-offi_345e61' is clicked on

07-06-2024T14:05:40 - [TEST_STEP][PASSED] - verifyElementVisible(findTestObject("Object Repository/Page_The Story and Evolution of Doodles - G_6e786d/h1_The story behind Doodles")): Object 'Object Repository/Page_The Story and Evolution of Doodles - G_6e786d/h1_The story behind Doodles' is visible

07-06-2024T14:05:40 - [MESSAGE][PASSED] - Object 'Object Repository/Page_The Story and Evolution of Doodles - G_6e786d/h1_The story behind Doodles' is visible

07-06-2024T14:05:40 - [TEST_STEP][PASSED] - verifyElementVisible(findTestObject("Object Repository/Page_The Story and Evolution of Doodles - G_6e786d/p_The first Doodle was a simple out-of-offi_345e61")): Object 'Object Repository/Page_The Story and Evolution of Doodles - G_6e786d/p_The first Doodle was a simple out-of-offi_345e61' is visible

07-06-2024T14:05:40 - [MESSAGE][PASSED] - Object 'Object Repository/Page_The Story and Evolution of Doodles - G_6e786d/p_The first Doodle was a simple out-of-offi_345e61' is visible

07-06-2024T14:05:40 - [TEST_STEP][PASSED] - verifyElementVisible(findTestObject("Object Repository/Page_The Story and Evolution of Doodles - G_6e786d/h2_Weve created more than 5,000 Doodles ove_111429")): Object 'Object Repository/Page_The Story and Evolution of Doodles - G_6e786d/h2_Weve created more than 5,000 Doodles ove_111429' is visible

07-06-2024T14:05:40 - [MESSAGE][PASSED] - Object 'Object Repository/Page_The Story and Evolution of Doodles - G_6e786d/h2_Weve created more than 5,000 Doodles ove_111429' is visible

07-06-2024T14:05:40 - [TEST_STEP][PASSED] - click(findTestObject("Object Repository/Page_The Story and Evolution of Doodles - G_6e786d/p_The first Doodle was a simple out-of-offi_345e61")): Object: 'Object Repository/Page_The Story and Evolution of Doodles - G_6e786d/p_The first Doodle was a simple out-of-offi_345e61' is clicked on

07-06-2024T14:05:40 - [MESSAGE][PASSED] - Object: 'Object Repository/Page_The Story and Evolution of Doodles - G_6e786d/p_The first Doodle was a simple out-of-offi_345e61' is clicked on

07-06-2024T14:05:40 - [TEST_STEP][PASSED] - verifyElementVisible(findTestObject("Object Repository/Page_The Story and Evolution of Doodles - G_6e786d/h1_The story behind Doodles")): Object 'Object Repository/Page_The Story and Evolution of Doodles - G_6e786d/h1_The story behind Doodles' is visible

07-06-2024T14:05:40 - [MESSAGE][PASSED] - Object 'Object Repository/Page_The Story and Evolution of Doodles - G_6e786d/h1_The story behind Doodles' is visible

07-06-2024T14:05:40 - [TEST_STEP][PASSED] - verifyElementVisible(findTestObject("Object Repository/Page_The Story and Evolution of Doodles - G_6e786d/p_The first Doodle was a simple out-of-offi_345e61")): Object 'Object Repository/Page_The Story and Evolution of Doodles - G_6e786d/p_The first Doodle was a simple out-of-offi_345e61' is visible

07-06-2024T14:05:40 - [MESSAGE][PASSED] - Object 'Object Repository/Page_The Story and Evolution of Doodles - G_6e786d/p_The first Doodle was a simple out-of-offi_345e61' is visible

07-06-2024T14:05:40 - [TEST_STEP][PASSED] - verifyElementVisible(findTestObject("Object Repository/Page_The Story and Evolution of Doodles - G_6e786d/h2_Weve created more than 5,000 Doodles ove_111429")): Object 'Object Repository/Page_The Story and Evolution of Doodles - G_6e786d/h2_Weve created more than 5,000 Doodles ove_111429' is visible

07-06-2024T14:05:40 - [MESSAGE][PASSED] - Object 'Object Repository/Page_The Story and Evolution of Doodles - G_6e786d/h2_Weve created more than 5,000 Doodles ove_111429' is visible

07-06-2024T14:05:40 - [TEST_STEP][PASSED] - click(findTestObject("Object Repository/Page_The Story and Evolution of Doodles - G_6e786d/p_The first Doodle was a simple out-of-offi_345e61")): Object: 'Object Repository/Page_The Story and Evolution of Doodles - G_6e786d/p_The first Doodle was a simple out-of-offi_345e61' is clicked on

07-06-2024T14:05:41 - [MESSAGE][PASSED] - Object: 'Object Repository/Page_The Story and Evolution of Doodles - G_6e786d/p_The first Doodle was a simple out-of-offi_345e61' is clicked on

07-06-2024T14:05:41 - [TEST_STEP][PASSED] - verifyElementVisible(findTestObject("Object Repository/Page_The Story and Evolution of Doodles - G_6e786d/h1_The story behind Doodles")): Object 'Object Repository/Page_The Story and Evolution of Doodles - G_6e786d/h1_The story behind Doodles' is visible

07-06-2024T14:05:41 - [MESSAGE][PASSED] - Object 'Object Repository/Page_The Story and Evolution of Doodles - G_6e786d/h1_The story behind Doodles' is visible

07-06-2024T14:05:41 - [TEST_STEP][PASSED] - verifyElementVisible(findTestObject("Object Repository/Page_The Story and Evolution of Doodles - G_6e786d/p_The first Doodle was a simple out-of-offi_345e61")): Object 'Object Repository/Page_The Story and Evolution of Doodles - G_6e786d/p_The first Doodle was a simple out-of-offi_345e61' is visible

07-06-2024T14:05:41 - [MESSAGE][PASSED] - Object 'Object Repository/Page_The Story and Evolution of Doodles - G_6e786d/p_The first Doodle was a simple out-of-offi_345e61' is visible

07-06-2024T14:05:41 - [TEST_STEP][PASSED] - verifyElementVisible(findTestObject("Object Repository/Page_The Story and Evolution of Doodles - G_6e786d/h2_Weve created more than 5,000 Doodles ove_111429")): Object 'Object Repository/Page_The Story and Evolution of Doodles - G_6e786d/h2_Weve created more than 5,000 Doodles ove_111429' is visible

07-06-2024T14:05:41 - [MESSAGE][PASSED] - Object 'Object Repository/Page_The Story and Evolution of Doodles - G_6e786d/h2_Weve created more than 5,000 Doodles ove_111429' is visible]]></system-out>
         <system-err><![CDATA[]]></system-err>
      </testcase>
      <testcase name="Test Cases/test case folder 1/tc1 - Copy (2) - Copy (3)" time="24.18" classname="Test Cases/test case folder 1/tc1 - Copy (2) - Copy (3)" status="PASSED">
         <system-out><![CDATA[07-06-2024T14:05:41 - [TEST_CASE][PASSED] - Test Cases/test case folder 1/tc1 - Copy (2) - Copy (3): Test Cases/test case folder 1/tc1 - Copy (2) - Copy (3)

07-06-2024T14:05:41 - [TEST_STEP][PASSED] - openBrowser(""): Browser is opened with url: ''

07-06-2024T14:05:41 - [MESSAGE][WARNING] - A browser is already opened. Closing browser and opening a new one

07-06-2024T14:05:42 - [MESSAGE][INFO] - Starting 'Firefox (headless)' driver

07-06-2024T14:05:42 - [MESSAGE][INFO] - Action delay is set to 0 milliseconds

07-06-2024T14:05:44 - [MESSAGE][PASSED] - Browser is opened with url: ''

07-06-2024T14:05:44 - [TEST_STEP][PASSED] - navigateToUrl("https://doodles.google/about/"): Navigate to 'https://doodles.google/about/' successfully

07-06-2024T14:06:01 - [MESSAGE][PASSED] - Navigate to 'https://doodles.google/about/' successfully

07-06-2024T14:06:01 - [TEST_STEP][PASSED] - click(findTestObject("Object Repository/Page_The Story and Evolution of Doodles - G_6e786d/p_The first Doodle was a simple out-of-offi_345e61")): Object: 'Object Repository/Page_The Story and Evolution of Doodles - G_6e786d/p_The first Doodle was a simple out-of-offi_345e61' is clicked on

07-06-2024T14:06:01 - [MESSAGE][PASSED] - Object: 'Object Repository/Page_The Story and Evolution of Doodles - G_6e786d/p_The first Doodle was a simple out-of-offi_345e61' is clicked on

07-06-2024T14:06:01 - [TEST_STEP][PASSED] - click(findTestObject("Object Repository/Page_The Story and Evolution of Doodles - G_6e786d/p_The first Doodle was a simple out-of-offi_345e61")): Object: 'Object Repository/Page_The Story and Evolution of Doodles - G_6e786d/p_The first Doodle was a simple out-of-offi_345e61' is clicked on

07-06-2024T14:06:02 - [MESSAGE][PASSED] - Object: 'Object Repository/Page_The Story and Evolution of Doodles - G_6e786d/p_The first Doodle was a simple out-of-offi_345e61' is clicked on

07-06-2024T14:06:02 - [TEST_STEP][PASSED] - verifyElementVisible(findTestObject("Object Repository/Page_The Story and Evolution of Doodles - G_6e786d/h1_The story behind Doodles")): Object 'Object Repository/Page_The Story and Evolution of Doodles - G_6e786d/h1_The story behind Doodles' is visible

07-06-2024T14:06:02 - [MESSAGE][PASSED] - Object 'Object Repository/Page_The Story and Evolution of Doodles - G_6e786d/h1_The story behind Doodles' is visible

07-06-2024T14:06:02 - [TEST_STEP][PASSED] - verifyElementVisible(findTestObject("Object Repository/Page_The Story and Evolution of Doodles - G_6e786d/p_The first Doodle was a simple out-of-offi_345e61")): Object 'Object Repository/Page_The Story and Evolution of Doodles - G_6e786d/p_The first Doodle was a simple out-of-offi_345e61' is visible

07-06-2024T14:06:02 - [MESSAGE][PASSED] - Object 'Object Repository/Page_The Story and Evolution of Doodles - G_6e786d/p_The first Doodle was a simple out-of-offi_345e61' is visible

07-06-2024T14:06:02 - [TEST_STEP][PASSED] - verifyElementVisible(findTestObject("Object Repository/Page_The Story and Evolution of Doodles - G_6e786d/h2_Weve created more than 5,000 Doodles ove_111429")): Object 'Object Repository/Page_The Story and Evolution of Doodles - G_6e786d/h2_Weve created more than 5,000 Doodles ove_111429' is visible

07-06-2024T14:06:02 - [MESSAGE][PASSED] - Object 'Object Repository/Page_The Story and Evolution of Doodles - G_6e786d/h2_Weve created more than 5,000 Doodles ove_111429' is visible

07-06-2024T14:06:02 - [TEST_STEP][PASSED] - verifyElementVisible(findTestObject("Object Repository/Page_The Story and Evolution of Doodles - G_6e786d/h1_The story behind Doodles")): Object 'Object Repository/Page_The Story and Evolution of Doodles - G_6e786d/h1_The story behind Doodles' is visible

07-06-2024T14:06:02 - [MESSAGE][PASSED] - Object 'Object Repository/Page_The Story and Evolution of Doodles - G_6e786d/h1_The story behind Doodles' is visible

07-06-2024T14:06:02 - [TEST_STEP][PASSED] - verifyElementVisible(findTestObject("Object Repository/Page_The Story and Evolution of Doodles - G_6e786d/p_The first Doodle was a simple out-of-offi_345e61")): Object 'Object Repository/Page_The Story and Evolution of Doodles - G_6e786d/p_The first Doodle was a simple out-of-offi_345e61' is visible

07-06-2024T14:06:02 - [MESSAGE][PASSED] - Object 'Object Repository/Page_The Story and Evolution of Doodles - G_6e786d/p_The first Doodle was a simple out-of-offi_345e61' is visible

07-06-2024T14:06:02 - [TEST_STEP][PASSED] - verifyElementVisible(findTestObject("Object Repository/Page_The Story and Evolution of Doodles - G_6e786d/h2_Weve created more than 5,000 Doodles ove_111429")): Object 'Object Repository/Page_The Story and Evolution of Doodles - G_6e786d/h2_Weve created more than 5,000 Doodles ove_111429' is visible

07-06-2024T14:06:02 - [MESSAGE][PASSED] - Object 'Object Repository/Page_The Story and Evolution of Doodles - G_6e786d/h2_Weve created more than 5,000 Doodles ove_111429' is visible

07-06-2024T14:06:02 - [TEST_STEP][PASSED] - click(findTestObject("Object Repository/Page_The Story and Evolution of Doodles - G_6e786d/p_The first Doodle was a simple out-of-offi_345e61")): Object: 'Object Repository/Page_The Story and Evolution of Doodles - G_6e786d/p_The first Doodle was a simple out-of-offi_345e61' is clicked on

07-06-2024T14:06:02 - [MESSAGE][PASSED] - Object: 'Object Repository/Page_The Story and Evolution of Doodles - G_6e786d/p_The first Doodle was a simple out-of-offi_345e61' is clicked on

07-06-2024T14:06:02 - [TEST_STEP][PASSED] - verifyElementVisible(findTestObject("Object Repository/Page_The Story and Evolution of Doodles - G_6e786d/h1_The story behind Doodles")): Object 'Object Repository/Page_The Story and Evolution of Doodles - G_6e786d/h1_The story behind Doodles' is visible

07-06-2024T14:06:02 - [MESSAGE][PASSED] - Object 'Object Repository/Page_The Story and Evolution of Doodles - G_6e786d/h1_The story behind Doodles' is visible

07-06-2024T14:06:02 - [TEST_STEP][PASSED] - verifyElementVisible(findTestObject("Object Repository/Page_The Story and Evolution of Doodles - G_6e786d/p_The first Doodle was a simple out-of-offi_345e61")): Object 'Object Repository/Page_The Story and Evolution of Doodles - G_6e786d/p_The first Doodle was a simple out-of-offi_345e61' is visible

07-06-2024T14:06:02 - [MESSAGE][PASSED] - Object 'Object Repository/Page_The Story and Evolution of Doodles - G_6e786d/p_The first Doodle was a simple out-of-offi_345e61' is visible

07-06-2024T14:06:02 - [TEST_STEP][PASSED] - verifyElementVisible(findTestObject("Object Repository/Page_The Story and Evolution of Doodles - G_6e786d/h2_Weve created more than 5,000 Doodles ove_111429")): Object 'Object Repository/Page_The Story and Evolution of Doodles - G_6e786d/h2_Weve created more than 5,000 Doodles ove_111429' is visible

07-06-2024T14:06:02 - [MESSAGE][PASSED] - Object 'Object Repository/Page_The Story and Evolution of Doodles - G_6e786d/h2_Weve created more than 5,000 Doodles ove_111429' is visible

07-06-2024T14:06:02 - [TEST_STEP][PASSED] - click(findTestObject("Object Repository/Page_The Story and Evolution of Doodles - G_6e786d/p_The first Doodle was a simple out-of-offi_345e61")): Object: 'Object Repository/Page_The Story and Evolution of Doodles - G_6e786d/p_The first Doodle was a simple out-of-offi_345e61' is clicked on

07-06-2024T14:06:02 - [MESSAGE][PASSED] - Object: 'Object Repository/Page_The Story and Evolution of Doodles - G_6e786d/p_The first Doodle was a simple out-of-offi_345e61' is clicked on

07-06-2024T14:06:02 - [TEST_STEP][PASSED] - verifyElementVisible(findTestObject("Object Repository/Page_The Story and Evolution of Doodles - G_6e786d/h1_The story behind Doodles")): Object 'Object Repository/Page_The Story and Evolution of Doodles - G_6e786d/h1_The story behind Doodles' is visible

07-06-2024T14:06:02 - [MESSAGE][PASSED] - Object 'Object Repository/Page_The Story and Evolution of Doodles - G_6e786d/h1_The story behind Doodles' is visible

07-06-2024T14:06:02 - [TEST_STEP][PASSED] - verifyElementVisible(findTestObject("Object Repository/Page_The Story and Evolution of Doodles - G_6e786d/p_The first Doodle was a simple out-of-offi_345e61")): Object 'Object Repository/Page_The Story and Evolution of Doodles - G_6e786d/p_The first Doodle was a simple out-of-offi_345e61' is visible

07-06-2024T14:06:02 - [MESSAGE][PASSED] - Object 'Object Repository/Page_The Story and Evolution of Doodles - G_6e786d/p_The first Doodle was a simple out-of-offi_345e61' is visible

07-06-2024T14:06:02 - [TEST_STEP][PASSED] - verifyElementVisible(findTestObject("Object Repository/Page_The Story and Evolution of Doodles - G_6e786d/h2_Weve created more than 5,000 Doodles ove_111429")): Object 'Object Repository/Page_The Story and Evolution of Doodles - G_6e786d/h2_Weve created more than 5,000 Doodles ove_111429' is visible

07-06-2024T14:06:02 - [MESSAGE][PASSED] - Object 'Object Repository/Page_The Story and Evolution of Doodles - G_6e786d/h2_Weve created more than 5,000 Doodles ove_111429' is visible

07-06-2024T14:06:02 - [TEST_STEP][PASSED] - click(findTestObject("Object Repository/Page_The Story and Evolution of Doodles - G_6e786d/p_The first Doodle was a simple out-of-offi_345e61")): Object: 'Object Repository/Page_The Story and Evolution of Doodles - G_6e786d/p_The first Doodle was a simple out-of-offi_345e61' is clicked on

07-06-2024T14:06:03 - [MESSAGE][PASSED] - Object: 'Object Repository/Page_The Story and Evolution of Doodles - G_6e786d/p_The first Doodle was a simple out-of-offi_345e61' is clicked on

07-06-2024T14:06:03 - [TEST_STEP][PASSED] - verifyElementVisible(findTestObject("Object Repository/Page_The Story and Evolution of Doodles - G_6e786d/h1_The story behind Doodles")): Object 'Object Repository/Page_The Story and Evolution of Doodles - G_6e786d/h1_The story behind Doodles' is visible

07-06-2024T14:06:03 - [MESSAGE][PASSED] - Object 'Object Repository/Page_The Story and Evolution of Doodles - G_6e786d/h1_The story behind Doodles' is visible

07-06-2024T14:06:03 - [TEST_STEP][PASSED] - verifyElementVisible(findTestObject("Object Repository/Page_The Story and Evolution of Doodles - G_6e786d/p_The first Doodle was a simple out-of-offi_345e61")): Object 'Object Repository/Page_The Story and Evolution of Doodles - G_6e786d/p_The first Doodle was a simple out-of-offi_345e61' is visible

07-06-2024T14:06:03 - [MESSAGE][PASSED] - Object 'Object Repository/Page_The Story and Evolution of Doodles - G_6e786d/p_The first Doodle was a simple out-of-offi_345e61' is visible

07-06-2024T14:06:03 - [TEST_STEP][PASSED] - verifyElementVisible(findTestObject("Object Repository/Page_The Story and Evolution of Doodles - G_6e786d/h2_Weve created more than 5,000 Doodles ove_111429")): Object 'Object Repository/Page_The Story and Evolution of Doodles - G_6e786d/h2_Weve created more than 5,000 Doodles ove_111429' is visible

07-06-2024T14:06:03 - [MESSAGE][PASSED] - Object 'Object Repository/Page_The Story and Evolution of Doodles - G_6e786d/h2_Weve created more than 5,000 Doodles ove_111429' is visible

07-06-2024T14:06:03 - [TEST_STEP][PASSED] - click(findTestObject("Object Repository/Page_The Story and Evolution of Doodles - G_6e786d/p_The first Doodle was a simple out-of-offi_345e61")): Object: 'Object Repository/Page_The Story and Evolution of Doodles - G_6e786d/p_The first Doodle was a simple out-of-offi_345e61' is clicked on

07-06-2024T14:06:03 - [MESSAGE][PASSED] - Object: 'Object Repository/Page_The Story and Evolution of Doodles - G_6e786d/p_The first Doodle was a simple out-of-offi_345e61' is clicked on

07-06-2024T14:06:03 - [TEST_STEP][PASSED] - verifyElementVisible(findTestObject("Object Repository/Page_The Story and Evolution of Doodles - G_6e786d/h1_The story behind Doodles")): Object 'Object Repository/Page_The Story and Evolution of Doodles - G_6e786d/h1_The story behind Doodles' is visible

07-06-2024T14:06:03 - [MESSAGE][PASSED] - Object 'Object Repository/Page_The Story and Evolution of Doodles - G_6e786d/h1_The story behind Doodles' is visible

07-06-2024T14:06:03 - [TEST_STEP][PASSED] - verifyElementVisible(findTestObject("Object Repository/Page_The Story and Evolution of Doodles - G_6e786d/p_The first Doodle was a simple out-of-offi_345e61")): Object 'Object Repository/Page_The Story and Evolution of Doodles - G_6e786d/p_The first Doodle was a simple out-of-offi_345e61' is visible

07-06-2024T14:06:03 - [MESSAGE][PASSED] - Object 'Object Repository/Page_The Story and Evolution of Doodles - G_6e786d/p_The first Doodle was a simple out-of-offi_345e61' is visible

07-06-2024T14:06:03 - [TEST_STEP][PASSED] - verifyElementVisible(findTestObject("Object Repository/Page_The Story and Evolution of Doodles - G_6e786d/h2_Weve created more than 5,000 Doodles ove_111429")): Object 'Object Repository/Page_The Story and Evolution of Doodles - G_6e786d/h2_Weve created more than 5,000 Doodles ove_111429' is visible

07-06-2024T14:06:03 - [MESSAGE][PASSED] - Object 'Object Repository/Page_The Story and Evolution of Doodles - G_6e786d/h2_Weve created more than 5,000 Doodles ove_111429' is visible

07-06-2024T14:06:03 - [TEST_STEP][PASSED] - click(findTestObject("Object Repository/Page_The Story and Evolution of Doodles - G_6e786d/p_The first Doodle was a simple out-of-offi_345e61")): Object: 'Object Repository/Page_The Story and Evolution of Doodles - G_6e786d/p_The first Doodle was a simple out-of-offi_345e61' is clicked on

07-06-2024T14:06:03 - [MESSAGE][PASSED] - Object: 'Object Repository/Page_The Story and Evolution of Doodles - G_6e786d/p_The first Doodle was a simple out-of-offi_345e61' is clicked on

07-06-2024T14:06:03 - [TEST_STEP][PASSED] - verifyElementVisible(findTestObject("Object Repository/Page_The Story and Evolution of Doodles - G_6e786d/h1_The story behind Doodles")): Object 'Object Repository/Page_The Story and Evolution of Doodles - G_6e786d/h1_The story behind Doodles' is visible

07-06-2024T14:06:03 - [MESSAGE][PASSED] - Object 'Object Repository/Page_The Story and Evolution of Doodles - G_6e786d/h1_The story behind Doodles' is visible

07-06-2024T14:06:03 - [TEST_STEP][PASSED] - verifyElementVisible(findTestObject("Object Repository/Page_The Story and Evolution of Doodles - G_6e786d/p_The first Doodle was a simple out-of-offi_345e61")): Object 'Object Repository/Page_The Story and Evolution of Doodles - G_6e786d/p_The first Doodle was a simple out-of-offi_345e61' is visible

07-06-2024T14:06:03 - [MESSAGE][PASSED] - Object 'Object Repository/Page_The Story and Evolution of Doodles - G_6e786d/p_The first Doodle was a simple out-of-offi_345e61' is visible

07-06-2024T14:06:03 - [TEST_STEP][PASSED] - verifyElementVisible(findTestObject("Object Repository/Page_The Story and Evolution of Doodles - G_6e786d/h2_Weve created more than 5,000 Doodles ove_111429")): Object 'Object Repository/Page_The Story and Evolution of Doodles - G_6e786d/h2_Weve created more than 5,000 Doodles ove_111429' is visible

07-06-2024T14:06:03 - [MESSAGE][PASSED] - Object 'Object Repository/Page_The Story and Evolution of Doodles - G_6e786d/h2_Weve created more than 5,000 Doodles ove_111429' is visible

07-06-2024T14:06:03 - [TEST_STEP][PASSED] - click(findTestObject("Object Repository/Page_The Story and Evolution of Doodles - G_6e786d/p_The first Doodle was a simple out-of-offi_345e61")): Object: 'Object Repository/Page_The Story and Evolution of Doodles - G_6e786d/p_The first Doodle was a simple out-of-offi_345e61' is clicked on

07-06-2024T14:06:04 - [MESSAGE][PASSED] - Object: 'Object Repository/Page_The Story and Evolution of Doodles - G_6e786d/p_The first Doodle was a simple out-of-offi_345e61' is clicked on

07-06-2024T14:06:04 - [TEST_STEP][PASSED] - verifyElementVisible(findTestObject("Object Repository/Page_The Story and Evolution of Doodles - G_6e786d/h1_The story behind Doodles")): Object 'Object Repository/Page_The Story and Evolution of Doodles - G_6e786d/h1_The story behind Doodles' is visible

07-06-2024T14:06:04 - [MESSAGE][PASSED] - Object 'Object Repository/Page_The Story and Evolution of Doodles - G_6e786d/h1_The story behind Doodles' is visible

07-06-2024T14:06:04 - [TEST_STEP][PASSED] - verifyElementVisible(findTestObject("Object Repository/Page_The Story and Evolution of Doodles - G_6e786d/p_The first Doodle was a simple out-of-offi_345e61")): Object 'Object Repository/Page_The Story and Evolution of Doodles - G_6e786d/p_The first Doodle was a simple out-of-offi_345e61' is visible

07-06-2024T14:06:04 - [MESSAGE][PASSED] - Object 'Object Repository/Page_The Story and Evolution of Doodles - G_6e786d/p_The first Doodle was a simple out-of-offi_345e61' is visible

07-06-2024T14:06:04 - [TEST_STEP][PASSED] - verifyElementVisible(findTestObject("Object Repository/Page_The Story and Evolution of Doodles - G_6e786d/h2_Weve created more than 5,000 Doodles ove_111429")): Object 'Object Repository/Page_The Story and Evolution of Doodles - G_6e786d/h2_Weve created more than 5,000 Doodles ove_111429' is visible

07-06-2024T14:06:04 - [MESSAGE][PASSED] - Object 'Object Repository/Page_The Story and Evolution of Doodles - G_6e786d/h2_Weve created more than 5,000 Doodles ove_111429' is visible

07-06-2024T14:06:04 - [TEST_STEP][PASSED] - click(findTestObject("Object Repository/Page_The Story and Evolution of Doodles - G_6e786d/p_The first Doodle was a simple out-of-offi_345e61")): Object: 'Object Repository/Page_The Story and Evolution of Doodles - G_6e786d/p_The first Doodle was a simple out-of-offi_345e61' is clicked on

07-06-2024T14:06:04 - [MESSAGE][PASSED] - Object: 'Object Repository/Page_The Story and Evolution of Doodles - G_6e786d/p_The first Doodle was a simple out-of-offi_345e61' is clicked on

07-06-2024T14:06:04 - [TEST_STEP][PASSED] - verifyElementVisible(findTestObject("Object Repository/Page_The Story and Evolution of Doodles - G_6e786d/h1_The story behind Doodles")): Object 'Object Repository/Page_The Story and Evolution of Doodles - G_6e786d/h1_The story behind Doodles' is visible

07-06-2024T14:06:04 - [MESSAGE][PASSED] - Object 'Object Repository/Page_The Story and Evolution of Doodles - G_6e786d/h1_The story behind Doodles' is visible

07-06-2024T14:06:04 - [TEST_STEP][PASSED] - verifyElementVisible(findTestObject("Object Repository/Page_The Story and Evolution of Doodles - G_6e786d/p_The first Doodle was a simple out-of-offi_345e61")): Object 'Object Repository/Page_The Story and Evolution of Doodles - G_6e786d/p_The first Doodle was a simple out-of-offi_345e61' is visible

07-06-2024T14:06:04 - [MESSAGE][PASSED] - Object 'Object Repository/Page_The Story and Evolution of Doodles - G_6e786d/p_The first Doodle was a simple out-of-offi_345e61' is visible

07-06-2024T14:06:04 - [TEST_STEP][PASSED] - verifyElementVisible(findTestObject("Object Repository/Page_The Story and Evolution of Doodles - G_6e786d/h2_Weve created more than 5,000 Doodles ove_111429")): Object 'Object Repository/Page_The Story and Evolution of Doodles - G_6e786d/h2_Weve created more than 5,000 Doodles ove_111429' is visible

07-06-2024T14:06:04 - [MESSAGE][PASSED] - Object 'Object Repository/Page_The Story and Evolution of Doodles - G_6e786d/h2_Weve created more than 5,000 Doodles ove_111429' is visible

07-06-2024T14:06:04 - [TEST_STEP][PASSED] - click(findTestObject("Object Repository/Page_The Story and Evolution of Doodles - G_6e786d/p_The first Doodle was a simple out-of-offi_345e61")): Object: 'Object Repository/Page_The Story and Evolution of Doodles - G_6e786d/p_The first Doodle was a simple out-of-offi_345e61' is clicked on

07-06-2024T14:06:04 - [MESSAGE][PASSED] - Object: 'Object Repository/Page_The Story and Evolution of Doodles - G_6e786d/p_The first Doodle was a simple out-of-offi_345e61' is clicked on

07-06-2024T14:06:04 - [TEST_STEP][PASSED] - verifyElementVisible(findTestObject("Object Repository/Page_The Story and Evolution of Doodles - G_6e786d/h1_The story behind Doodles")): Object 'Object Repository/Page_The Story and Evolution of Doodles - G_6e786d/h1_The story behind Doodles' is visible

07-06-2024T14:06:04 - [MESSAGE][PASSED] - Object 'Object Repository/Page_The Story and Evolution of Doodles - G_6e786d/h1_The story behind Doodles' is visible

07-06-2024T14:06:04 - [TEST_STEP][PASSED] - verifyElementVisible(findTestObject("Object Repository/Page_The Story and Evolution of Doodles - G_6e786d/p_The first Doodle was a simple out-of-offi_345e61")): Object 'Object Repository/Page_The Story and Evolution of Doodles - G_6e786d/p_The first Doodle was a simple out-of-offi_345e61' is visible

07-06-2024T14:06:04 - [MESSAGE][PASSED] - Object 'Object Repository/Page_The Story and Evolution of Doodles - G_6e786d/p_The first Doodle was a simple out-of-offi_345e61' is visible

07-06-2024T14:06:04 - [TEST_STEP][PASSED] - verifyElementVisible(findTestObject("Object Repository/Page_The Story and Evolution of Doodles - G_6e786d/h2_Weve created more than 5,000 Doodles ove_111429")): Object 'Object Repository/Page_The Story and Evolution of Doodles - G_6e786d/h2_Weve created more than 5,000 Doodles ove_111429' is visible

07-06-2024T14:06:05 - [MESSAGE][PASSED] - Object 'Object Repository/Page_The Story and Evolution of Doodles - G_6e786d/h2_Weve created more than 5,000 Doodles ove_111429' is visible

07-06-2024T14:06:05 - [TEST_STEP][PASSED] - click(findTestObject("Object Repository/Page_The Story and Evolution of Doodles - G_6e786d/p_The first Doodle was a simple out-of-offi_345e61")): Object: 'Object Repository/Page_The Story and Evolution of Doodles - G_6e786d/p_The first Doodle was a simple out-of-offi_345e61' is clicked on

07-06-2024T14:06:05 - [MESSAGE][PASSED] - Object: 'Object Repository/Page_The Story and Evolution of Doodles - G_6e786d/p_The first Doodle was a simple out-of-offi_345e61' is clicked on

07-06-2024T14:06:05 - [TEST_STEP][PASSED] - verifyElementVisible(findTestObject("Object Repository/Page_The Story and Evolution of Doodles - G_6e786d/h1_The story behind Doodles")): Object 'Object Repository/Page_The Story and Evolution of Doodles - G_6e786d/h1_The story behind Doodles' is visible

07-06-2024T14:06:05 - [MESSAGE][PASSED] - Object 'Object Repository/Page_The Story and Evolution of Doodles - G_6e786d/h1_The story behind Doodles' is visible

07-06-2024T14:06:05 - [TEST_STEP][PASSED] - verifyElementVisible(findTestObject("Object Repository/Page_The Story and Evolution of Doodles - G_6e786d/p_The first Doodle was a simple out-of-offi_345e61")): Object 'Object Repository/Page_The Story and Evolution of Doodles - G_6e786d/p_The first Doodle was a simple out-of-offi_345e61' is visible

07-06-2024T14:06:05 - [MESSAGE][PASSED] - Object 'Object Repository/Page_The Story and Evolution of Doodles - G_6e786d/p_The first Doodle was a simple out-of-offi_345e61' is visible

07-06-2024T14:06:05 - [TEST_STEP][PASSED] - verifyElementVisible(findTestObject("Object Repository/Page_The Story and Evolution of Doodles - G_6e786d/h2_Weve created more than 5,000 Doodles ove_111429")): Object 'Object Repository/Page_The Story and Evolution of Doodles - G_6e786d/h2_Weve created more than 5,000 Doodles ove_111429' is visible

07-06-2024T14:06:05 - [MESSAGE][PASSED] - Object 'Object Repository/Page_The Story and Evolution of Doodles - G_6e786d/h2_Weve created more than 5,000 Doodles ove_111429' is visible]]></system-out>
         <system-err><![CDATA[]]></system-err>
      </testcase>
      <testcase name="Test Cases/test case folder 1/tc1 - Copy (2) - Copy (2)" time="8.235" classname="Test Cases/test case folder 1/tc1 - Copy (2) - Copy (2)" status="PASSED">
         <system-out><![CDATA[07-06-2024T14:06:05 - [TEST_CASE][PASSED] - Test Cases/test case folder 1/tc1 - Copy (2) - Copy (2): Test Cases/test case folder 1/tc1 - Copy (2) - Copy (2)

07-06-2024T14:06:05 - [TEST_STEP][PASSED] - openBrowser(""): Browser is opened with url: ''

07-06-2024T14:06:05 - [MESSAGE][WARNING] - A browser is already opened. Closing browser and opening a new one

07-06-2024T14:06:06 - [MESSAGE][INFO] - Starting 'Firefox (headless)' driver

07-06-2024T14:06:06 - [MESSAGE][INFO] - Action delay is set to 0 milliseconds

07-06-2024T14:06:08 - [MESSAGE][PASSED] - Browser is opened with url: ''

07-06-2024T14:06:08 - [TEST_STEP][PASSED] - navigateToUrl("https://doodles.google/about/"): Navigate to 'https://doodles.google/about/' successfully

07-06-2024T14:06:09 - [MESSAGE][PASSED] - Navigate to 'https://doodles.google/about/' successfully

07-06-2024T14:06:09 - [TEST_STEP][PASSED] - click(findTestObject("Object Repository/Page_The Story and Evolution of Doodles - G_6e786d/p_The first Doodle was a simple out-of-offi_345e61")): Object: 'Object Repository/Page_The Story and Evolution of Doodles - G_6e786d/p_The first Doodle was a simple out-of-offi_345e61' is clicked on

07-06-2024T14:06:10 - [MESSAGE][PASSED] - Object: 'Object Repository/Page_The Story and Evolution of Doodles - G_6e786d/p_The first Doodle was a simple out-of-offi_345e61' is clicked on

07-06-2024T14:06:10 - [TEST_STEP][PASSED] - click(findTestObject("Object Repository/Page_The Story and Evolution of Doodles - G_6e786d/p_The first Doodle was a simple out-of-offi_345e61")): Object: 'Object Repository/Page_The Story and Evolution of Doodles - G_6e786d/p_The first Doodle was a simple out-of-offi_345e61' is clicked on

07-06-2024T14:06:10 - [MESSAGE][PASSED] - Object: 'Object Repository/Page_The Story and Evolution of Doodles - G_6e786d/p_The first Doodle was a simple out-of-offi_345e61' is clicked on

07-06-2024T14:06:10 - [TEST_STEP][PASSED] - verifyElementVisible(findTestObject("Object Repository/Page_The Story and Evolution of Doodles - G_6e786d/h1_The story behind Doodles")): Object 'Object Repository/Page_The Story and Evolution of Doodles - G_6e786d/h1_The story behind Doodles' is visible

07-06-2024T14:06:10 - [MESSAGE][PASSED] - Object 'Object Repository/Page_The Story and Evolution of Doodles - G_6e786d/h1_The story behind Doodles' is visible

07-06-2024T14:06:10 - [TEST_STEP][PASSED] - verifyElementVisible(findTestObject("Object Repository/Page_The Story and Evolution of Doodles - G_6e786d/p_The first Doodle was a simple out-of-offi_345e61")): Object 'Object Repository/Page_The Story and Evolution of Doodles - G_6e786d/p_The first Doodle was a simple out-of-offi_345e61' is visible

07-06-2024T14:06:10 - [MESSAGE][PASSED] - Object 'Object Repository/Page_The Story and Evolution of Doodles - G_6e786d/p_The first Doodle was a simple out-of-offi_345e61' is visible

07-06-2024T14:06:10 - [TEST_STEP][PASSED] - verifyElementVisible(findTestObject("Object Repository/Page_The Story and Evolution of Doodles - G_6e786d/h2_Weve created more than 5,000 Doodles ove_111429")): Object 'Object Repository/Page_The Story and Evolution of Doodles - G_6e786d/h2_Weve created more than 5,000 Doodles ove_111429' is visible

07-06-2024T14:06:10 - [MESSAGE][PASSED] - Object 'Object Repository/Page_The Story and Evolution of Doodles - G_6e786d/h2_Weve created more than 5,000 Doodles ove_111429' is visible

07-06-2024T14:06:10 - [TEST_STEP][PASSED] - verifyElementVisible(findTestObject("Object Repository/Page_The Story and Evolution of Doodles - G_6e786d/h1_The story behind Doodles")): Object 'Object Repository/Page_The Story and Evolution of Doodles - G_6e786d/h1_The story behind Doodles' is visible

07-06-2024T14:06:10 - [MESSAGE][PASSED] - Object 'Object Repository/Page_The Story and Evolution of Doodles - G_6e786d/h1_The story behind Doodles' is visible

07-06-2024T14:06:10 - [TEST_STEP][PASSED] - verifyElementVisible(findTestObject("Object Repository/Page_The Story and Evolution of Doodles - G_6e786d/p_The first Doodle was a simple out-of-offi_345e61")): Object 'Object Repository/Page_The Story and Evolution of Doodles - G_6e786d/p_The first Doodle was a simple out-of-offi_345e61' is visible

07-06-2024T14:06:10 - [MESSAGE][PASSED] - Object 'Object Repository/Page_The Story and Evolution of Doodles - G_6e786d/p_The first Doodle was a simple out-of-offi_345e61' is visible

07-06-2024T14:06:10 - [TEST_STEP][PASSED] - verifyElementVisible(findTestObject("Object Repository/Page_The Story and Evolution of Doodles - G_6e786d/h2_Weve created more than 5,000 Doodles ove_111429")): Object 'Object Repository/Page_The Story and Evolution of Doodles - G_6e786d/h2_Weve created more than 5,000 Doodles ove_111429' is visible

07-06-2024T14:06:10 - [MESSAGE][PASSED] - Object 'Object Repository/Page_The Story and Evolution of Doodles - G_6e786d/h2_Weve created more than 5,000 Doodles ove_111429' is visible

07-06-2024T14:06:10 - [TEST_STEP][PASSED] - click(findTestObject("Object Repository/Page_The Story and Evolution of Doodles - G_6e786d/p_The first Doodle was a simple out-of-offi_345e61")): Object: 'Object Repository/Page_The Story and Evolution of Doodles - G_6e786d/p_The first Doodle was a simple out-of-offi_345e61' is clicked on

07-06-2024T14:06:10 - [MESSAGE][PASSED] - Object: 'Object Repository/Page_The Story and Evolution of Doodles - G_6e786d/p_The first Doodle was a simple out-of-offi_345e61' is clicked on

07-06-2024T14:06:10 - [TEST_STEP][PASSED] - verifyElementVisible(findTestObject("Object Repository/Page_The Story and Evolution of Doodles - G_6e786d/h1_The story behind Doodles")): Object 'Object Repository/Page_The Story and Evolution of Doodles - G_6e786d/h1_The story behind Doodles' is visible

07-06-2024T14:06:10 - [MESSAGE][PASSED] - Object 'Object Repository/Page_The Story and Evolution of Doodles - G_6e786d/h1_The story behind Doodles' is visible

07-06-2024T14:06:10 - [TEST_STEP][PASSED] - verifyElementVisible(findTestObject("Object Repository/Page_The Story and Evolution of Doodles - G_6e786d/p_The first Doodle was a simple out-of-offi_345e61")): Object 'Object Repository/Page_The Story and Evolution of Doodles - G_6e786d/p_The first Doodle was a simple out-of-offi_345e61' is visible

07-06-2024T14:06:10 - [MESSAGE][PASSED] - Object 'Object Repository/Page_The Story and Evolution of Doodles - G_6e786d/p_The first Doodle was a simple out-of-offi_345e61' is visible

07-06-2024T14:06:10 - [TEST_STEP][PASSED] - verifyElementVisible(findTestObject("Object Repository/Page_The Story and Evolution of Doodles - G_6e786d/h2_Weve created more than 5,000 Doodles ove_111429")): Object 'Object Repository/Page_The Story and Evolution of Doodles - G_6e786d/h2_Weve created more than 5,000 Doodles ove_111429' is visible

07-06-2024T14:06:10 - [MESSAGE][PASSED] - Object 'Object Repository/Page_The Story and Evolution of Doodles - G_6e786d/h2_Weve created more than 5,000 Doodles ove_111429' is visible

07-06-2024T14:06:10 - [TEST_STEP][PASSED] - click(findTestObject("Object Repository/Page_The Story and Evolution of Doodles - G_6e786d/p_The first Doodle was a simple out-of-offi_345e61")): Object: 'Object Repository/Page_The Story and Evolution of Doodles - G_6e786d/p_The first Doodle was a simple out-of-offi_345e61' is clicked on

07-06-2024T14:06:11 - [MESSAGE][PASSED] - Object: 'Object Repository/Page_The Story and Evolution of Doodles - G_6e786d/p_The first Doodle was a simple out-of-offi_345e61' is clicked on

07-06-2024T14:06:11 - [TEST_STEP][PASSED] - verifyElementVisible(findTestObject("Object Repository/Page_The Story and Evolution of Doodles - G_6e786d/h1_The story behind Doodles")): Object 'Object Repository/Page_The Story and Evolution of Doodles - G_6e786d/h1_The story behind Doodles' is visible

07-06-2024T14:06:11 - [MESSAGE][PASSED] - Object 'Object Repository/Page_The Story and Evolution of Doodles - G_6e786d/h1_The story behind Doodles' is visible

07-06-2024T14:06:11 - [TEST_STEP][PASSED] - verifyElementVisible(findTestObject("Object Repository/Page_The Story and Evolution of Doodles - G_6e786d/p_The first Doodle was a simple out-of-offi_345e61")): Object 'Object Repository/Page_The Story and Evolution of Doodles - G_6e786d/p_The first Doodle was a simple out-of-offi_345e61' is visible

07-06-2024T14:06:11 - [MESSAGE][PASSED] - Object 'Object Repository/Page_The Story and Evolution of Doodles - G_6e786d/p_The first Doodle was a simple out-of-offi_345e61' is visible

07-06-2024T14:06:11 - [TEST_STEP][PASSED] - verifyElementVisible(findTestObject("Object Repository/Page_The Story and Evolution of Doodles - G_6e786d/h2_Weve created more than 5,000 Doodles ove_111429")): Object 'Object Repository/Page_The Story and Evolution of Doodles - G_6e786d/h2_Weve created more than 5,000 Doodles ove_111429' is visible

07-06-2024T14:06:11 - [MESSAGE][PASSED] - Object 'Object Repository/Page_The Story and Evolution of Doodles - G_6e786d/h2_Weve created more than 5,000 Doodles ove_111429' is visible

07-06-2024T14:06:11 - [TEST_STEP][PASSED] - click(findTestObject("Object Repository/Page_The Story and Evolution of Doodles - G_6e786d/p_The first Doodle was a simple out-of-offi_345e61")): Object: 'Object Repository/Page_The Story and Evolution of Doodles - G_6e786d/p_The first Doodle was a simple out-of-offi_345e61' is clicked on

07-06-2024T14:06:11 - [MESSAGE][PASSED] - Object: 'Object Repository/Page_The Story and Evolution of Doodles - G_6e786d/p_The first Doodle was a simple out-of-offi_345e61' is clicked on

07-06-2024T14:06:11 - [TEST_STEP][PASSED] - verifyElementVisible(findTestObject("Object Repository/Page_The Story and Evolution of Doodles - G_6e786d/h1_The story behind Doodles")): Object 'Object Repository/Page_The Story and Evolution of Doodles - G_6e786d/h1_The story behind Doodles' is visible

07-06-2024T14:06:11 - [MESSAGE][PASSED] - Object 'Object Repository/Page_The Story and Evolution of Doodles - G_6e786d/h1_The story behind Doodles' is visible

07-06-2024T14:06:11 - [TEST_STEP][PASSED] - verifyElementVisible(findTestObject("Object Repository/Page_The Story and Evolution of Doodles - G_6e786d/p_The first Doodle was a simple out-of-offi_345e61")): Object 'Object Repository/Page_The Story and Evolution of Doodles - G_6e786d/p_The first Doodle was a simple out-of-offi_345e61' is visible

07-06-2024T14:06:11 - [MESSAGE][PASSED] - Object 'Object Repository/Page_The Story and Evolution of Doodles - G_6e786d/p_The first Doodle was a simple out-of-offi_345e61' is visible

07-06-2024T14:06:11 - [TEST_STEP][PASSED] - verifyElementVisible(findTestObject("Object Repository/Page_The Story and Evolution of Doodles - G_6e786d/h2_Weve created more than 5,000 Doodles ove_111429")): Object 'Object Repository/Page_The Story and Evolution of Doodles - G_6e786d/h2_Weve created more than 5,000 Doodles ove_111429' is visible

07-06-2024T14:06:11 - [MESSAGE][PASSED] - Object 'Object Repository/Page_The Story and Evolution of Doodles - G_6e786d/h2_Weve created more than 5,000 Doodles ove_111429' is visible

07-06-2024T14:06:11 - [TEST_STEP][PASSED] - click(findTestObject("Object Repository/Page_The Story and Evolution of Doodles - G_6e786d/p_The first Doodle was a simple out-of-offi_345e61")): Object: 'Object Repository/Page_The Story and Evolution of Doodles - G_6e786d/p_The first Doodle was a simple out-of-offi_345e61' is clicked on

07-06-2024T14:06:11 - [MESSAGE][PASSED] - Object: 'Object Repository/Page_The Story and Evolution of Doodles - G_6e786d/p_The first Doodle was a simple out-of-offi_345e61' is clicked on

07-06-2024T14:06:11 - [TEST_STEP][PASSED] - verifyElementVisible(findTestObject("Object Repository/Page_The Story and Evolution of Doodles - G_6e786d/h1_The story behind Doodles")): Object 'Object Repository/Page_The Story and Evolution of Doodles - G_6e786d/h1_The story behind Doodles' is visible

07-06-2024T14:06:11 - [MESSAGE][PASSED] - Object 'Object Repository/Page_The Story and Evolution of Doodles - G_6e786d/h1_The story behind Doodles' is visible

07-06-2024T14:06:11 - [TEST_STEP][PASSED] - verifyElementVisible(findTestObject("Object Repository/Page_The Story and Evolution of Doodles - G_6e786d/p_The first Doodle was a simple out-of-offi_345e61")): Object 'Object Repository/Page_The Story and Evolution of Doodles - G_6e786d/p_The first Doodle was a simple out-of-offi_345e61' is visible

07-06-2024T14:06:11 - [MESSAGE][PASSED] - Object 'Object Repository/Page_The Story and Evolution of Doodles - G_6e786d/p_The first Doodle was a simple out-of-offi_345e61' is visible

07-06-2024T14:06:11 - [TEST_STEP][PASSED] - verifyElementVisible(findTestObject("Object Repository/Page_The Story and Evolution of Doodles - G_6e786d/h2_Weve created more than 5,000 Doodles ove_111429")): Object 'Object Repository/Page_The Story and Evolution of Doodles - G_6e786d/h2_Weve created more than 5,000 Doodles ove_111429' is visible

07-06-2024T14:06:11 - [MESSAGE][PASSED] - Object 'Object Repository/Page_The Story and Evolution of Doodles - G_6e786d/h2_Weve created more than 5,000 Doodles ove_111429' is visible

07-06-2024T14:06:11 - [TEST_STEP][PASSED] - click(findTestObject("Object Repository/Page_The Story and Evolution of Doodles - G_6e786d/p_The first Doodle was a simple out-of-offi_345e61")): Object: 'Object Repository/Page_The Story and Evolution of Doodles - G_6e786d/p_The first Doodle was a simple out-of-offi_345e61' is clicked on

07-06-2024T14:06:12 - [MESSAGE][PASSED] - Object: 'Object Repository/Page_The Story and Evolution of Doodles - G_6e786d/p_The first Doodle was a simple out-of-offi_345e61' is clicked on

07-06-2024T14:06:12 - [TEST_STEP][PASSED] - verifyElementVisible(findTestObject("Object Repository/Page_The Story and Evolution of Doodles - G_6e786d/h1_The story behind Doodles")): Object 'Object Repository/Page_The Story and Evolution of Doodles - G_6e786d/h1_The story behind Doodles' is visible

07-06-2024T14:06:12 - [MESSAGE][PASSED] - Object 'Object Repository/Page_The Story and Evolution of Doodles - G_6e786d/h1_The story behind Doodles' is visible

07-06-2024T14:06:12 - [TEST_STEP][PASSED] - verifyElementVisible(findTestObject("Object Repository/Page_The Story and Evolution of Doodles - G_6e786d/p_The first Doodle was a simple out-of-offi_345e61")): Object 'Object Repository/Page_The Story and Evolution of Doodles - G_6e786d/p_The first Doodle was a simple out-of-offi_345e61' is visible

07-06-2024T14:06:12 - [MESSAGE][PASSED] - Object 'Object Repository/Page_The Story and Evolution of Doodles - G_6e786d/p_The first Doodle was a simple out-of-offi_345e61' is visible

07-06-2024T14:06:12 - [TEST_STEP][PASSED] - verifyElementVisible(findTestObject("Object Repository/Page_The Story and Evolution of Doodles - G_6e786d/h2_Weve created more than 5,000 Doodles ove_111429")): Object 'Object Repository/Page_The Story and Evolution of Doodles - G_6e786d/h2_Weve created more than 5,000 Doodles ove_111429' is visible

07-06-2024T14:06:12 - [MESSAGE][PASSED] - Object 'Object Repository/Page_The Story and Evolution of Doodles - G_6e786d/h2_Weve created more than 5,000 Doodles ove_111429' is visible

07-06-2024T14:06:12 - [TEST_STEP][PASSED] - click(findTestObject("Object Repository/Page_The Story and Evolution of Doodles - G_6e786d/p_The first Doodle was a simple out-of-offi_345e61")): Object: 'Object Repository/Page_The Story and Evolution of Doodles - G_6e786d/p_The first Doodle was a simple out-of-offi_345e61' is clicked on

07-06-2024T14:06:12 - [MESSAGE][PASSED] - Object: 'Object Repository/Page_The Story and Evolution of Doodles - G_6e786d/p_The first Doodle was a simple out-of-offi_345e61' is clicked on

07-06-2024T14:06:12 - [TEST_STEP][PASSED] - verifyElementVisible(findTestObject("Object Repository/Page_The Story and Evolution of Doodles - G_6e786d/h1_The story behind Doodles")): Object 'Object Repository/Page_The Story and Evolution of Doodles - G_6e786d/h1_The story behind Doodles' is visible

07-06-2024T14:06:12 - [MESSAGE][PASSED] - Object 'Object Repository/Page_The Story and Evolution of Doodles - G_6e786d/h1_The story behind Doodles' is visible

07-06-2024T14:06:12 - [TEST_STEP][PASSED] - verifyElementVisible(findTestObject("Object Repository/Page_The Story and Evolution of Doodles - G_6e786d/p_The first Doodle was a simple out-of-offi_345e61")): Object 'Object Repository/Page_The Story and Evolution of Doodles - G_6e786d/p_The first Doodle was a simple out-of-offi_345e61' is visible

07-06-2024T14:06:12 - [MESSAGE][PASSED] - Object 'Object Repository/Page_The Story and Evolution of Doodles - G_6e786d/p_The first Doodle was a simple out-of-offi_345e61' is visible

07-06-2024T14:06:12 - [TEST_STEP][PASSED] - verifyElementVisible(findTestObject("Object Repository/Page_The Story and Evolution of Doodles - G_6e786d/h2_Weve created more than 5,000 Doodles ove_111429")): Object 'Object Repository/Page_The Story and Evolution of Doodles - G_6e786d/h2_Weve created more than 5,000 Doodles ove_111429' is visible

07-06-2024T14:06:12 - [MESSAGE][PASSED] - Object 'Object Repository/Page_The Story and Evolution of Doodles - G_6e786d/h2_Weve created more than 5,000 Doodles ove_111429' is visible

07-06-2024T14:06:12 - [TEST_STEP][PASSED] - click(findTestObject("Object Repository/Page_The Story and Evolution of Doodles - G_6e786d/p_The first Doodle was a simple out-of-offi_345e61")): Object: 'Object Repository/Page_The Story and Evolution of Doodles - G_6e786d/p_The first Doodle was a simple out-of-offi_345e61' is clicked on

07-06-2024T14:06:12 - [MESSAGE][PASSED] - Object: 'Object Repository/Page_The Story and Evolution of Doodles - G_6e786d/p_The first Doodle was a simple out-of-offi_345e61' is clicked on

07-06-2024T14:06:12 - [TEST_STEP][PASSED] - verifyElementVisible(findTestObject("Object Repository/Page_The Story and Evolution of Doodles - G_6e786d/h1_The story behind Doodles")): Object 'Object Repository/Page_The Story and Evolution of Doodles - G_6e786d/h1_The story behind Doodles' is visible

07-06-2024T14:06:12 - [MESSAGE][PASSED] - Object 'Object Repository/Page_The Story and Evolution of Doodles - G_6e786d/h1_The story behind Doodles' is visible

07-06-2024T14:06:12 - [TEST_STEP][PASSED] - verifyElementVisible(findTestObject("Object Repository/Page_The Story and Evolution of Doodles - G_6e786d/p_The first Doodle was a simple out-of-offi_345e61")): Object 'Object Repository/Page_The Story and Evolution of Doodles - G_6e786d/p_The first Doodle was a simple out-of-offi_345e61' is visible

07-06-2024T14:06:12 - [MESSAGE][PASSED] - Object 'Object Repository/Page_The Story and Evolution of Doodles - G_6e786d/p_The first Doodle was a simple out-of-offi_345e61' is visible

07-06-2024T14:06:12 - [TEST_STEP][PASSED] - verifyElementVisible(findTestObject("Object Repository/Page_The Story and Evolution of Doodles - G_6e786d/h2_Weve created more than 5,000 Doodles ove_111429")): Object 'Object Repository/Page_The Story and Evolution of Doodles - G_6e786d/h2_Weve created more than 5,000 Doodles ove_111429' is visible

07-06-2024T14:06:12 - [MESSAGE][PASSED] - Object 'Object Repository/Page_The Story and Evolution of Doodles - G_6e786d/h2_Weve created more than 5,000 Doodles ove_111429' is visible

07-06-2024T14:06:12 - [TEST_STEP][PASSED] - click(findTestObject("Object Repository/Page_The Story and Evolution of Doodles - G_6e786d/p_The first Doodle was a simple out-of-offi_345e61")): Object: 'Object Repository/Page_The Story and Evolution of Doodles - G_6e786d/p_The first Doodle was a simple out-of-offi_345e61' is clicked on

07-06-2024T14:06:13 - [MESSAGE][PASSED] - Object: 'Object Repository/Page_The Story and Evolution of Doodles - G_6e786d/p_The first Doodle was a simple out-of-offi_345e61' is clicked on

07-06-2024T14:06:13 - [TEST_STEP][PASSED] - verifyElementVisible(findTestObject("Object Repository/Page_The Story and Evolution of Doodles - G_6e786d/h1_The story behind Doodles")): Object 'Object Repository/Page_The Story and Evolution of Doodles - G_6e786d/h1_The story behind Doodles' is visible

07-06-2024T14:06:13 - [MESSAGE][PASSED] - Object 'Object Repository/Page_The Story and Evolution of Doodles - G_6e786d/h1_The story behind Doodles' is visible

07-06-2024T14:06:13 - [TEST_STEP][PASSED] - verifyElementVisible(findTestObject("Object Repository/Page_The Story and Evolution of Doodles - G_6e786d/p_The first Doodle was a simple out-of-offi_345e61")): Object 'Object Repository/Page_The Story and Evolution of Doodles - G_6e786d/p_The first Doodle was a simple out-of-offi_345e61' is visible

07-06-2024T14:06:13 - [MESSAGE][PASSED] - Object 'Object Repository/Page_The Story and Evolution of Doodles - G_6e786d/p_The first Doodle was a simple out-of-offi_345e61' is visible

07-06-2024T14:06:13 - [TEST_STEP][PASSED] - verifyElementVisible(findTestObject("Object Repository/Page_The Story and Evolution of Doodles - G_6e786d/h2_Weve created more than 5,000 Doodles ove_111429")): Object 'Object Repository/Page_The Story and Evolution of Doodles - G_6e786d/h2_Weve created more than 5,000 Doodles ove_111429' is visible

07-06-2024T14:06:13 - [MESSAGE][PASSED] - Object 'Object Repository/Page_The Story and Evolution of Doodles - G_6e786d/h2_Weve created more than 5,000 Doodles ove_111429' is visible

07-06-2024T14:06:13 - [TEST_STEP][PASSED] - click(findTestObject("Object Repository/Page_The Story and Evolution of Doodles - G_6e786d/p_The first Doodle was a simple out-of-offi_345e61")): Object: 'Object Repository/Page_The Story and Evolution of Doodles - G_6e786d/p_The first Doodle was a simple out-of-offi_345e61' is clicked on

07-06-2024T14:06:13 - [MESSAGE][PASSED] - Object: 'Object Repository/Page_The Story and Evolution of Doodles - G_6e786d/p_The first Doodle was a simple out-of-offi_345e61' is clicked on

07-06-2024T14:06:13 - [TEST_STEP][PASSED] - verifyElementVisible(findTestObject("Object Repository/Page_The Story and Evolution of Doodles - G_6e786d/h1_The story behind Doodles")): Object 'Object Repository/Page_The Story and Evolution of Doodles - G_6e786d/h1_The story behind Doodles' is visible

07-06-2024T14:06:13 - [MESSAGE][PASSED] - Object 'Object Repository/Page_The Story and Evolution of Doodles - G_6e786d/h1_The story behind Doodles' is visible

07-06-2024T14:06:13 - [TEST_STEP][PASSED] - verifyElementVisible(findTestObject("Object Repository/Page_The Story and Evolution of Doodles - G_6e786d/p_The first Doodle was a simple out-of-offi_345e61")): Object 'Object Repository/Page_The Story and Evolution of Doodles - G_6e786d/p_The first Doodle was a simple out-of-offi_345e61' is visible

07-06-2024T14:06:13 - [MESSAGE][PASSED] - Object 'Object Repository/Page_The Story and Evolution of Doodles - G_6e786d/p_The first Doodle was a simple out-of-offi_345e61' is visible

07-06-2024T14:06:13 - [TEST_STEP][PASSED] - verifyElementVisible(findTestObject("Object Repository/Page_The Story and Evolution of Doodles - G_6e786d/h2_Weve created more than 5,000 Doodles ove_111429")): Object 'Object Repository/Page_The Story and Evolution of Doodles - G_6e786d/h2_Weve created more than 5,000 Doodles ove_111429' is visible

07-06-2024T14:06:13 - [MESSAGE][PASSED] - Object 'Object Repository/Page_The Story and Evolution of Doodles - G_6e786d/h2_Weve created more than 5,000 Doodles ove_111429' is visible]]></system-out>
         <system-err><![CDATA[]]></system-err>
      </testcase>
      <testcase name="Test Cases/test case folder 1/tc1 - Copy (2) - Copy (4)" time="8.787" classname="Test Cases/test case folder 1/tc1 - Copy (2) - Copy (4)" status="PASSED">
         <system-out><![CDATA[07-06-2024T14:06:13 - [TEST_CASE][PASSED] - Test Cases/test case folder 1/tc1 - Copy (2) - Copy (4): Test Cases/test case folder 1/tc1 - Copy (2) - Copy (4)

07-06-2024T14:06:13 - [TEST_STEP][PASSED] - openBrowser(""): Browser is opened with url: ''

07-06-2024T14:06:13 - [MESSAGE][WARNING] - A browser is already opened. Closing browser and opening a new one

07-06-2024T14:06:14 - [MESSAGE][INFO] - Starting 'Firefox (headless)' driver

07-06-2024T14:06:14 - [MESSAGE][INFO] - Action delay is set to 0 milliseconds

07-06-2024T14:06:16 - [MESSAGE][PASSED] - Browser is opened with url: ''

07-06-2024T14:06:16 - [TEST_STEP][PASSED] - navigateToUrl("https://doodles.google/about/"): Navigate to 'https://doodles.google/about/' successfully

07-06-2024T14:06:18 - [MESSAGE][PASSED] - Navigate to 'https://doodles.google/about/' successfully

07-06-2024T14:06:18 - [TEST_STEP][PASSED] - click(findTestObject("Object Repository/Page_The Story and Evolution of Doodles - G_6e786d/p_The first Doodle was a simple out-of-offi_345e61")): Object: 'Object Repository/Page_The Story and Evolution of Doodles - G_6e786d/p_The first Doodle was a simple out-of-offi_345e61' is clicked on

07-06-2024T14:06:18 - [MESSAGE][PASSED] - Object: 'Object Repository/Page_The Story and Evolution of Doodles - G_6e786d/p_The first Doodle was a simple out-of-offi_345e61' is clicked on

07-06-2024T14:06:18 - [TEST_STEP][PASSED] - click(findTestObject("Object Repository/Page_The Story and Evolution of Doodles - G_6e786d/p_The first Doodle was a simple out-of-offi_345e61")): Object: 'Object Repository/Page_The Story and Evolution of Doodles - G_6e786d/p_The first Doodle was a simple out-of-offi_345e61' is clicked on

07-06-2024T14:06:19 - [MESSAGE][PASSED] - Object: 'Object Repository/Page_The Story and Evolution of Doodles - G_6e786d/p_The first Doodle was a simple out-of-offi_345e61' is clicked on

07-06-2024T14:06:19 - [TEST_STEP][PASSED] - verifyElementVisible(findTestObject("Object Repository/Page_The Story and Evolution of Doodles - G_6e786d/h1_The story behind Doodles")): Object 'Object Repository/Page_The Story and Evolution of Doodles - G_6e786d/h1_The story behind Doodles' is visible

07-06-2024T14:06:19 - [MESSAGE][PASSED] - Object 'Object Repository/Page_The Story and Evolution of Doodles - G_6e786d/h1_The story behind Doodles' is visible

07-06-2024T14:06:19 - [TEST_STEP][PASSED] - verifyElementVisible(findTestObject("Object Repository/Page_The Story and Evolution of Doodles - G_6e786d/p_The first Doodle was a simple out-of-offi_345e61")): Object 'Object Repository/Page_The Story and Evolution of Doodles - G_6e786d/p_The first Doodle was a simple out-of-offi_345e61' is visible

07-06-2024T14:06:19 - [MESSAGE][PASSED] - Object 'Object Repository/Page_The Story and Evolution of Doodles - G_6e786d/p_The first Doodle was a simple out-of-offi_345e61' is visible

07-06-2024T14:06:19 - [TEST_STEP][PASSED] - verifyElementVisible(findTestObject("Object Repository/Page_The Story and Evolution of Doodles - G_6e786d/h2_Weve created more than 5,000 Doodles ove_111429")): Object 'Object Repository/Page_The Story and Evolution of Doodles - G_6e786d/h2_Weve created more than 5,000 Doodles ove_111429' is visible

07-06-2024T14:06:19 - [MESSAGE][PASSED] - Object 'Object Repository/Page_The Story and Evolution of Doodles - G_6e786d/h2_Weve created more than 5,000 Doodles ove_111429' is visible

07-06-2024T14:06:19 - [TEST_STEP][PASSED] - verifyElementVisible(findTestObject("Object Repository/Page_The Story and Evolution of Doodles - G_6e786d/h1_The story behind Doodles")): Object 'Object Repository/Page_The Story and Evolution of Doodles - G_6e786d/h1_The story behind Doodles' is visible

07-06-2024T14:06:19 - [MESSAGE][PASSED] - Object 'Object Repository/Page_The Story and Evolution of Doodles - G_6e786d/h1_The story behind Doodles' is visible

07-06-2024T14:06:19 - [TEST_STEP][PASSED] - verifyElementVisible(findTestObject("Object Repository/Page_The Story and Evolution of Doodles - G_6e786d/p_The first Doodle was a simple out-of-offi_345e61")): Object 'Object Repository/Page_The Story and Evolution of Doodles - G_6e786d/p_The first Doodle was a simple out-of-offi_345e61' is visible

07-06-2024T14:06:19 - [MESSAGE][PASSED] - Object 'Object Repository/Page_The Story and Evolution of Doodles - G_6e786d/p_The first Doodle was a simple out-of-offi_345e61' is visible

07-06-2024T14:06:19 - [TEST_STEP][PASSED] - verifyElementVisible(findTestObject("Object Repository/Page_The Story and Evolution of Doodles - G_6e786d/h2_Weve created more than 5,000 Doodles ove_111429")): Object 'Object Repository/Page_The Story and Evolution of Doodles - G_6e786d/h2_Weve created more than 5,000 Doodles ove_111429' is visible

07-06-2024T14:06:19 - [MESSAGE][PASSED] - Object 'Object Repository/Page_The Story and Evolution of Doodles - G_6e786d/h2_Weve created more than 5,000 Doodles ove_111429' is visible

07-06-2024T14:06:19 - [TEST_STEP][PASSED] - click(findTestObject("Object Repository/Page_The Story and Evolution of Doodles - G_6e786d/p_The first Doodle was a simple out-of-offi_345e61")): Object: 'Object Repository/Page_The Story and Evolution of Doodles - G_6e786d/p_The first Doodle was a simple out-of-offi_345e61' is clicked on

07-06-2024T14:06:19 - [MESSAGE][PASSED] - Object: 'Object Repository/Page_The Story and Evolution of Doodles - G_6e786d/p_The first Doodle was a simple out-of-offi_345e61' is clicked on

07-06-2024T14:06:19 - [TEST_STEP][PASSED] - verifyElementVisible(findTestObject("Object Repository/Page_The Story and Evolution of Doodles - G_6e786d/h1_The story behind Doodles")): Object 'Object Repository/Page_The Story and Evolution of Doodles - G_6e786d/h1_The story behind Doodles' is visible

07-06-2024T14:06:19 - [MESSAGE][PASSED] - Object 'Object Repository/Page_The Story and Evolution of Doodles - G_6e786d/h1_The story behind Doodles' is visible

07-06-2024T14:06:19 - [TEST_STEP][PASSED] - verifyElementVisible(findTestObject("Object Repository/Page_The Story and Evolution of Doodles - G_6e786d/p_The first Doodle was a simple out-of-offi_345e61")): Object 'Object Repository/Page_The Story and Evolution of Doodles - G_6e786d/p_The first Doodle was a simple out-of-offi_345e61' is visible

07-06-2024T14:06:19 - [MESSAGE][PASSED] - Object 'Object Repository/Page_The Story and Evolution of Doodles - G_6e786d/p_The first Doodle was a simple out-of-offi_345e61' is visible

07-06-2024T14:06:19 - [TEST_STEP][PASSED] - verifyElementVisible(findTestObject("Object Repository/Page_The Story and Evolution of Doodles - G_6e786d/h2_Weve created more than 5,000 Doodles ove_111429")): Object 'Object Repository/Page_The Story and Evolution of Doodles - G_6e786d/h2_Weve created more than 5,000 Doodles ove_111429' is visible

07-06-2024T14:06:19 - [MESSAGE][PASSED] - Object 'Object Repository/Page_The Story and Evolution of Doodles - G_6e786d/h2_Weve created more than 5,000 Doodles ove_111429' is visible

07-06-2024T14:06:19 - [TEST_STEP][PASSED] - click(findTestObject("Object Repository/Page_The Story and Evolution of Doodles - G_6e786d/p_The first Doodle was a simple out-of-offi_345e61")): Object: 'Object Repository/Page_The Story and Evolution of Doodles - G_6e786d/p_The first Doodle was a simple out-of-offi_345e61' is clicked on

07-06-2024T14:06:20 - [MESSAGE][PASSED] - Object: 'Object Repository/Page_The Story and Evolution of Doodles - G_6e786d/p_The first Doodle was a simple out-of-offi_345e61' is clicked on

07-06-2024T14:06:20 - [TEST_STEP][PASSED] - verifyElementVisible(findTestObject("Object Repository/Page_The Story and Evolution of Doodles - G_6e786d/h1_The story behind Doodles")): Object 'Object Repository/Page_The Story and Evolution of Doodles - G_6e786d/h1_The story behind Doodles' is visible

07-06-2024T14:06:20 - [MESSAGE][PASSED] - Object 'Object Repository/Page_The Story and Evolution of Doodles - G_6e786d/h1_The story behind Doodles' is visible

07-06-2024T14:06:20 - [TEST_STEP][PASSED] - verifyElementVisible(findTestObject("Object Repository/Page_The Story and Evolution of Doodles - G_6e786d/p_The first Doodle was a simple out-of-offi_345e61")): Object 'Object Repository/Page_The Story and Evolution of Doodles - G_6e786d/p_The first Doodle was a simple out-of-offi_345e61' is visible

07-06-2024T14:06:20 - [MESSAGE][PASSED] - Object 'Object Repository/Page_The Story and Evolution of Doodles - G_6e786d/p_The first Doodle was a simple out-of-offi_345e61' is visible

07-06-2024T14:06:20 - [TEST_STEP][PASSED] - verifyElementVisible(findTestObject("Object Repository/Page_The Story and Evolution of Doodles - G_6e786d/h2_Weve created more than 5,000 Doodles ove_111429")): Object 'Object Repository/Page_The Story and Evolution of Doodles - G_6e786d/h2_Weve created more than 5,000 Doodles ove_111429' is visible

07-06-2024T14:06:20 - [MESSAGE][PASSED] - Object 'Object Repository/Page_The Story and Evolution of Doodles - G_6e786d/h2_Weve created more than 5,000 Doodles ove_111429' is visible

07-06-2024T14:06:20 - [TEST_STEP][PASSED] - click(findTestObject("Object Repository/Page_The Story and Evolution of Doodles - G_6e786d/p_The first Doodle was a simple out-of-offi_345e61")): Object: 'Object Repository/Page_The Story and Evolution of Doodles - G_6e786d/p_The first Doodle was a simple out-of-offi_345e61' is clicked on

07-06-2024T14:06:20 - [MESSAGE][PASSED] - Object: 'Object Repository/Page_The Story and Evolution of Doodles - G_6e786d/p_The first Doodle was a simple out-of-offi_345e61' is clicked on

07-06-2024T14:06:20 - [TEST_STEP][PASSED] - verifyElementVisible(findTestObject("Object Repository/Page_The Story and Evolution of Doodles - G_6e786d/h1_The story behind Doodles")): Object 'Object Repository/Page_The Story and Evolution of Doodles - G_6e786d/h1_The story behind Doodles' is visible

07-06-2024T14:06:20 - [MESSAGE][PASSED] - Object 'Object Repository/Page_The Story and Evolution of Doodles - G_6e786d/h1_The story behind Doodles' is visible

07-06-2024T14:06:20 - [TEST_STEP][PASSED] - verifyElementVisible(findTestObject("Object Repository/Page_The Story and Evolution of Doodles - G_6e786d/p_The first Doodle was a simple out-of-offi_345e61")): Object 'Object Repository/Page_The Story and Evolution of Doodles - G_6e786d/p_The first Doodle was a simple out-of-offi_345e61' is visible

07-06-2024T14:06:20 - [MESSAGE][PASSED] - Object 'Object Repository/Page_The Story and Evolution of Doodles - G_6e786d/p_The first Doodle was a simple out-of-offi_345e61' is visible

07-06-2024T14:06:20 - [TEST_STEP][PASSED] - verifyElementVisible(findTestObject("Object Repository/Page_The Story and Evolution of Doodles - G_6e786d/h2_Weve created more than 5,000 Doodles ove_111429")): Object 'Object Repository/Page_The Story and Evolution of Doodles - G_6e786d/h2_Weve created more than 5,000 Doodles ove_111429' is visible

07-06-2024T14:06:20 - [MESSAGE][PASSED] - Object 'Object Repository/Page_The Story and Evolution of Doodles - G_6e786d/h2_Weve created more than 5,000 Doodles ove_111429' is visible

07-06-2024T14:06:20 - [TEST_STEP][PASSED] - click(findTestObject("Object Repository/Page_The Story and Evolution of Doodles - G_6e786d/p_The first Doodle was a simple out-of-offi_345e61")): Object: 'Object Repository/Page_The Story and Evolution of Doodles - G_6e786d/p_The first Doodle was a simple out-of-offi_345e61' is clicked on

07-06-2024T14:06:20 - [MESSAGE][PASSED] - Object: 'Object Repository/Page_The Story and Evolution of Doodles - G_6e786d/p_The first Doodle was a simple out-of-offi_345e61' is clicked on

07-06-2024T14:06:20 - [TEST_STEP][PASSED] - verifyElementVisible(findTestObject("Object Repository/Page_The Story and Evolution of Doodles - G_6e786d/h1_The story behind Doodles")): Object 'Object Repository/Page_The Story and Evolution of Doodles - G_6e786d/h1_The story behind Doodles' is visible

07-06-2024T14:06:20 - [MESSAGE][PASSED] - Object 'Object Repository/Page_The Story and Evolution of Doodles - G_6e786d/h1_The story behind Doodles' is visible

07-06-2024T14:06:20 - [TEST_STEP][PASSED] - verifyElementVisible(findTestObject("Object Repository/Page_The Story and Evolution of Doodles - G_6e786d/p_The first Doodle was a simple out-of-offi_345e61")): Object 'Object Repository/Page_The Story and Evolution of Doodles - G_6e786d/p_The first Doodle was a simple out-of-offi_345e61' is visible

07-06-2024T14:06:20 - [MESSAGE][PASSED] - Object 'Object Repository/Page_The Story and Evolution of Doodles - G_6e786d/p_The first Doodle was a simple out-of-offi_345e61' is visible

07-06-2024T14:06:20 - [TEST_STEP][PASSED] - verifyElementVisible(findTestObject("Object Repository/Page_The Story and Evolution of Doodles - G_6e786d/h2_Weve created more than 5,000 Doodles ove_111429")): Object 'Object Repository/Page_The Story and Evolution of Doodles - G_6e786d/h2_Weve created more than 5,000 Doodles ove_111429' is visible

07-06-2024T14:06:20 - [MESSAGE][PASSED] - Object 'Object Repository/Page_The Story and Evolution of Doodles - G_6e786d/h2_Weve created more than 5,000 Doodles ove_111429' is visible

07-06-2024T14:06:20 - [TEST_STEP][PASSED] - click(findTestObject("Object Repository/Page_The Story and Evolution of Doodles - G_6e786d/p_The first Doodle was a simple out-of-offi_345e61")): Object: 'Object Repository/Page_The Story and Evolution of Doodles - G_6e786d/p_The first Doodle was a simple out-of-offi_345e61' is clicked on

07-06-2024T14:06:21 - [MESSAGE][PASSED] - Object: 'Object Repository/Page_The Story and Evolution of Doodles - G_6e786d/p_The first Doodle was a simple out-of-offi_345e61' is clicked on

07-06-2024T14:06:21 - [TEST_STEP][PASSED] - verifyElementVisible(findTestObject("Object Repository/Page_The Story and Evolution of Doodles - G_6e786d/h1_The story behind Doodles")): Object 'Object Repository/Page_The Story and Evolution of Doodles - G_6e786d/h1_The story behind Doodles' is visible

07-06-2024T14:06:21 - [MESSAGE][PASSED] - Object 'Object Repository/Page_The Story and Evolution of Doodles - G_6e786d/h1_The story behind Doodles' is visible

07-06-2024T14:06:21 - [TEST_STEP][PASSED] - verifyElementVisible(findTestObject("Object Repository/Page_The Story and Evolution of Doodles - G_6e786d/p_The first Doodle was a simple out-of-offi_345e61")): Object 'Object Repository/Page_The Story and Evolution of Doodles - G_6e786d/p_The first Doodle was a simple out-of-offi_345e61' is visible

07-06-2024T14:06:21 - [MESSAGE][PASSED] - Object 'Object Repository/Page_The Story and Evolution of Doodles - G_6e786d/p_The first Doodle was a simple out-of-offi_345e61' is visible

07-06-2024T14:06:21 - [TEST_STEP][PASSED] - verifyElementVisible(findTestObject("Object Repository/Page_The Story and Evolution of Doodles - G_6e786d/h2_Weve created more than 5,000 Doodles ove_111429")): Object 'Object Repository/Page_The Story and Evolution of Doodles - G_6e786d/h2_Weve created more than 5,000 Doodles ove_111429' is visible

07-06-2024T14:06:21 - [MESSAGE][PASSED] - Object 'Object Repository/Page_The Story and Evolution of Doodles - G_6e786d/h2_Weve created more than 5,000 Doodles ove_111429' is visible

07-06-2024T14:06:21 - [TEST_STEP][PASSED] - click(findTestObject("Object Repository/Page_The Story and Evolution of Doodles - G_6e786d/p_The first Doodle was a simple out-of-offi_345e61")): Object: 'Object Repository/Page_The Story and Evolution of Doodles - G_6e786d/p_The first Doodle was a simple out-of-offi_345e61' is clicked on

07-06-2024T14:06:21 - [MESSAGE][PASSED] - Object: 'Object Repository/Page_The Story and Evolution of Doodles - G_6e786d/p_The first Doodle was a simple out-of-offi_345e61' is clicked on

07-06-2024T14:06:21 - [TEST_STEP][PASSED] - verifyElementVisible(findTestObject("Object Repository/Page_The Story and Evolution of Doodles - G_6e786d/h1_The story behind Doodles")): Object 'Object Repository/Page_The Story and Evolution of Doodles - G_6e786d/h1_The story behind Doodles' is visible

07-06-2024T14:06:21 - [MESSAGE][PASSED] - Object 'Object Repository/Page_The Story and Evolution of Doodles - G_6e786d/h1_The story behind Doodles' is visible

07-06-2024T14:06:21 - [TEST_STEP][PASSED] - verifyElementVisible(findTestObject("Object Repository/Page_The Story and Evolution of Doodles - G_6e786d/p_The first Doodle was a simple out-of-offi_345e61")): Object 'Object Repository/Page_The Story and Evolution of Doodles - G_6e786d/p_The first Doodle was a simple out-of-offi_345e61' is visible

07-06-2024T14:06:21 - [MESSAGE][PASSED] - Object 'Object Repository/Page_The Story and Evolution of Doodles - G_6e786d/p_The first Doodle was a simple out-of-offi_345e61' is visible

07-06-2024T14:06:21 - [TEST_STEP][PASSED] - verifyElementVisible(findTestObject("Object Repository/Page_The Story and Evolution of Doodles - G_6e786d/h2_Weve created more than 5,000 Doodles ove_111429")): Object 'Object Repository/Page_The Story and Evolution of Doodles - G_6e786d/h2_Weve created more than 5,000 Doodles ove_111429' is visible

07-06-2024T14:06:21 - [MESSAGE][PASSED] - Object 'Object Repository/Page_The Story and Evolution of Doodles - G_6e786d/h2_Weve created more than 5,000 Doodles ove_111429' is visible

07-06-2024T14:06:21 - [TEST_STEP][PASSED] - click(findTestObject("Object Repository/Page_The Story and Evolution of Doodles - G_6e786d/p_The first Doodle was a simple out-of-offi_345e61")): Object: 'Object Repository/Page_The Story and Evolution of Doodles - G_6e786d/p_The first Doodle was a simple out-of-offi_345e61' is clicked on

07-06-2024T14:06:21 - [MESSAGE][PASSED] - Object: 'Object Repository/Page_The Story and Evolution of Doodles - G_6e786d/p_The first Doodle was a simple out-of-offi_345e61' is clicked on

07-06-2024T14:06:21 - [TEST_STEP][PASSED] - verifyElementVisible(findTestObject("Object Repository/Page_The Story and Evolution of Doodles - G_6e786d/h1_The story behind Doodles")): Object 'Object Repository/Page_The Story and Evolution of Doodles - G_6e786d/h1_The story behind Doodles' is visible

07-06-2024T14:06:21 - [MESSAGE][PASSED] - Object 'Object Repository/Page_The Story and Evolution of Doodles - G_6e786d/h1_The story behind Doodles' is visible

07-06-2024T14:06:21 - [TEST_STEP][PASSED] - verifyElementVisible(findTestObject("Object Repository/Page_The Story and Evolution of Doodles - G_6e786d/p_The first Doodle was a simple out-of-offi_345e61")): Object 'Object Repository/Page_The Story and Evolution of Doodles - G_6e786d/p_The first Doodle was a simple out-of-offi_345e61' is visible

07-06-2024T14:06:21 - [MESSAGE][PASSED] - Object 'Object Repository/Page_The Story and Evolution of Doodles - G_6e786d/p_The first Doodle was a simple out-of-offi_345e61' is visible

07-06-2024T14:06:21 - [TEST_STEP][PASSED] - verifyElementVisible(findTestObject("Object Repository/Page_The Story and Evolution of Doodles - G_6e786d/h2_Weve created more than 5,000 Doodles ove_111429")): Object 'Object Repository/Page_The Story and Evolution of Doodles - G_6e786d/h2_Weve created more than 5,000 Doodles ove_111429' is visible

07-06-2024T14:06:21 - [MESSAGE][PASSED] - Object 'Object Repository/Page_The Story and Evolution of Doodles - G_6e786d/h2_Weve created more than 5,000 Doodles ove_111429' is visible

07-06-2024T14:06:21 - [TEST_STEP][PASSED] - click(findTestObject("Object Repository/Page_The Story and Evolution of Doodles - G_6e786d/p_The first Doodle was a simple out-of-offi_345e61")): Object: 'Object Repository/Page_The Story and Evolution of Doodles - G_6e786d/p_The first Doodle was a simple out-of-offi_345e61' is clicked on

07-06-2024T14:06:21 - [MESSAGE][PASSED] - Object: 'Object Repository/Page_The Story and Evolution of Doodles - G_6e786d/p_The first Doodle was a simple out-of-offi_345e61' is clicked on

07-06-2024T14:06:21 - [TEST_STEP][PASSED] - verifyElementVisible(findTestObject("Object Repository/Page_The Story and Evolution of Doodles - G_6e786d/h1_The story behind Doodles")): Object 'Object Repository/Page_The Story and Evolution of Doodles - G_6e786d/h1_The story behind Doodles' is visible

07-06-2024T14:06:21 - [MESSAGE][PASSED] - Object 'Object Repository/Page_The Story and Evolution of Doodles - G_6e786d/h1_The story behind Doodles' is visible

07-06-2024T14:06:21 - [TEST_STEP][PASSED] - verifyElementVisible(findTestObject("Object Repository/Page_The Story and Evolution of Doodles - G_6e786d/p_The first Doodle was a simple out-of-offi_345e61")): Object 'Object Repository/Page_The Story and Evolution of Doodles - G_6e786d/p_The first Doodle was a simple out-of-offi_345e61' is visible

07-06-2024T14:06:22 - [MESSAGE][PASSED] - Object 'Object Repository/Page_The Story and Evolution of Doodles - G_6e786d/p_The first Doodle was a simple out-of-offi_345e61' is visible

07-06-2024T14:06:22 - [TEST_STEP][PASSED] - verifyElementVisible(findTestObject("Object Repository/Page_The Story and Evolution of Doodles - G_6e786d/h2_Weve created more than 5,000 Doodles ove_111429")): Object 'Object Repository/Page_The Story and Evolution of Doodles - G_6e786d/h2_Weve created more than 5,000 Doodles ove_111429' is visible

07-06-2024T14:06:22 - [MESSAGE][PASSED] - Object 'Object Repository/Page_The Story and Evolution of Doodles - G_6e786d/h2_Weve created more than 5,000 Doodles ove_111429' is visible

07-06-2024T14:06:22 - [TEST_STEP][PASSED] - click(findTestObject("Object Repository/Page_The Story and Evolution of Doodles - G_6e786d/p_The first Doodle was a simple out-of-offi_345e61")): Object: 'Object Repository/Page_The Story and Evolution of Doodles - G_6e786d/p_The first Doodle was a simple out-of-offi_345e61' is clicked on

07-06-2024T14:06:22 - [MESSAGE][PASSED] - Object: 'Object Repository/Page_The Story and Evolution of Doodles - G_6e786d/p_The first Doodle was a simple out-of-offi_345e61' is clicked on

07-06-2024T14:06:22 - [TEST_STEP][PASSED] - verifyElementVisible(findTestObject("Object Repository/Page_The Story and Evolution of Doodles - G_6e786d/h1_The story behind Doodles")): Object 'Object Repository/Page_The Story and Evolution of Doodles - G_6e786d/h1_The story behind Doodles' is visible

07-06-2024T14:06:22 - [MESSAGE][PASSED] - Object 'Object Repository/Page_The Story and Evolution of Doodles - G_6e786d/h1_The story behind Doodles' is visible

07-06-2024T14:06:22 - [TEST_STEP][PASSED] - verifyElementVisible(findTestObject("Object Repository/Page_The Story and Evolution of Doodles - G_6e786d/p_The first Doodle was a simple out-of-offi_345e61")): Object 'Object Repository/Page_The Story and Evolution of Doodles - G_6e786d/p_The first Doodle was a simple out-of-offi_345e61' is visible

07-06-2024T14:06:22 - [MESSAGE][PASSED] - Object 'Object Repository/Page_The Story and Evolution of Doodles - G_6e786d/p_The first Doodle was a simple out-of-offi_345e61' is visible

07-06-2024T14:06:22 - [TEST_STEP][PASSED] - verifyElementVisible(findTestObject("Object Repository/Page_The Story and Evolution of Doodles - G_6e786d/h2_Weve created more than 5,000 Doodles ove_111429")): Object 'Object Repository/Page_The Story and Evolution of Doodles - G_6e786d/h2_Weve created more than 5,000 Doodles ove_111429' is visible

07-06-2024T14:06:22 - [MESSAGE][PASSED] - Object 'Object Repository/Page_The Story and Evolution of Doodles - G_6e786d/h2_Weve created more than 5,000 Doodles ove_111429' is visible]]></system-out>
         <system-err><![CDATA[]]></system-err>
      </testcase>
      <testcase name="Test Cases/test case folder 1/tc1 - Copy (2) - Copy (5)" time="23.334" classname="Test Cases/test case folder 1/tc1 - Copy (2) - Copy (5)" status="PASSED">
         <system-out><![CDATA[07-06-2024T14:06:22 - [TEST_CASE][PASSED] - Test Cases/test case folder 1/tc1 - Copy (2) - Copy (5): Test Cases/test case folder 1/tc1 - Copy (2) - Copy (5)

07-06-2024T14:06:22 - [TEST_STEP][PASSED] - openBrowser(""): Browser is opened with url: ''

07-06-2024T14:06:22 - [MESSAGE][WARNING] - A browser is already opened. Closing browser and opening a new one

07-06-2024T14:06:23 - [MESSAGE][INFO] - Starting 'Firefox (headless)' driver

07-06-2024T14:06:23 - [MESSAGE][INFO] - Action delay is set to 0 milliseconds

07-06-2024T14:06:25 - [MESSAGE][PASSED] - Browser is opened with url: ''

07-06-2024T14:06:25 - [TEST_STEP][PASSED] - navigateToUrl("https://doodles.google/about/"): Navigate to 'https://doodles.google/about/' successfully

07-06-2024T14:06:41 - [MESSAGE][PASSED] - Navigate to 'https://doodles.google/about/' successfully

07-06-2024T14:06:41 - [TEST_STEP][PASSED] - click(findTestObject("Object Repository/Page_The Story and Evolution of Doodles - G_6e786d/p_The first Doodle was a simple out-of-offi_345e61")): Object: 'Object Repository/Page_The Story and Evolution of Doodles - G_6e786d/p_The first Doodle was a simple out-of-offi_345e61' is clicked on

07-06-2024T14:06:42 - [MESSAGE][PASSED] - Object: 'Object Repository/Page_The Story and Evolution of Doodles - G_6e786d/p_The first Doodle was a simple out-of-offi_345e61' is clicked on

07-06-2024T14:06:42 - [TEST_STEP][PASSED] - click(findTestObject("Object Repository/Page_The Story and Evolution of Doodles - G_6e786d/p_The first Doodle was a simple out-of-offi_345e61")): Object: 'Object Repository/Page_The Story and Evolution of Doodles - G_6e786d/p_The first Doodle was a simple out-of-offi_345e61' is clicked on

07-06-2024T14:06:42 - [MESSAGE][PASSED] - Object: 'Object Repository/Page_The Story and Evolution of Doodles - G_6e786d/p_The first Doodle was a simple out-of-offi_345e61' is clicked on

07-06-2024T14:06:42 - [TEST_STEP][PASSED] - verifyElementVisible(findTestObject("Object Repository/Page_The Story and Evolution of Doodles - G_6e786d/h1_The story behind Doodles")): Object 'Object Repository/Page_The Story and Evolution of Doodles - G_6e786d/h1_The story behind Doodles' is visible

07-06-2024T14:06:42 - [MESSAGE][PASSED] - Object 'Object Repository/Page_The Story and Evolution of Doodles - G_6e786d/h1_The story behind Doodles' is visible

07-06-2024T14:06:42 - [TEST_STEP][PASSED] - verifyElementVisible(findTestObject("Object Repository/Page_The Story and Evolution of Doodles - G_6e786d/p_The first Doodle was a simple out-of-offi_345e61")): Object 'Object Repository/Page_The Story and Evolution of Doodles - G_6e786d/p_The first Doodle was a simple out-of-offi_345e61' is visible

07-06-2024T14:06:42 - [MESSAGE][PASSED] - Object 'Object Repository/Page_The Story and Evolution of Doodles - G_6e786d/p_The first Doodle was a simple out-of-offi_345e61' is visible

07-06-2024T14:06:42 - [TEST_STEP][PASSED] - verifyElementVisible(findTestObject("Object Repository/Page_The Story and Evolution of Doodles - G_6e786d/h2_Weve created more than 5,000 Doodles ove_111429")): Object 'Object Repository/Page_The Story and Evolution of Doodles - G_6e786d/h2_Weve created more than 5,000 Doodles ove_111429' is visible

07-06-2024T14:06:42 - [MESSAGE][PASSED] - Object 'Object Repository/Page_The Story and Evolution of Doodles - G_6e786d/h2_Weve created more than 5,000 Doodles ove_111429' is visible

07-06-2024T14:06:42 - [TEST_STEP][PASSED] - verifyElementVisible(findTestObject("Object Repository/Page_The Story and Evolution of Doodles - G_6e786d/h1_The story behind Doodles")): Object 'Object Repository/Page_The Story and Evolution of Doodles - G_6e786d/h1_The story behind Doodles' is visible

07-06-2024T14:06:42 - [MESSAGE][PASSED] - Object 'Object Repository/Page_The Story and Evolution of Doodles - G_6e786d/h1_The story behind Doodles' is visible

07-06-2024T14:06:42 - [TEST_STEP][PASSED] - verifyElementVisible(findTestObject("Object Repository/Page_The Story and Evolution of Doodles - G_6e786d/p_The first Doodle was a simple out-of-offi_345e61")): Object 'Object Repository/Page_The Story and Evolution of Doodles - G_6e786d/p_The first Doodle was a simple out-of-offi_345e61' is visible

07-06-2024T14:06:42 - [MESSAGE][PASSED] - Object 'Object Repository/Page_The Story and Evolution of Doodles - G_6e786d/p_The first Doodle was a simple out-of-offi_345e61' is visible

07-06-2024T14:06:42 - [TEST_STEP][PASSED] - verifyElementVisible(findTestObject("Object Repository/Page_The Story and Evolution of Doodles - G_6e786d/h2_Weve created more than 5,000 Doodles ove_111429")): Object 'Object Repository/Page_The Story and Evolution of Doodles - G_6e786d/h2_Weve created more than 5,000 Doodles ove_111429' is visible

07-06-2024T14:06:42 - [MESSAGE][PASSED] - Object 'Object Repository/Page_The Story and Evolution of Doodles - G_6e786d/h2_Weve created more than 5,000 Doodles ove_111429' is visible

07-06-2024T14:06:42 - [TEST_STEP][PASSED] - click(findTestObject("Object Repository/Page_The Story and Evolution of Doodles - G_6e786d/p_The first Doodle was a simple out-of-offi_345e61")): Object: 'Object Repository/Page_The Story and Evolution of Doodles - G_6e786d/p_The first Doodle was a simple out-of-offi_345e61' is clicked on

07-06-2024T14:06:42 - [MESSAGE][PASSED] - Object: 'Object Repository/Page_The Story and Evolution of Doodles - G_6e786d/p_The first Doodle was a simple out-of-offi_345e61' is clicked on

07-06-2024T14:06:42 - [TEST_STEP][PASSED] - verifyElementVisible(findTestObject("Object Repository/Page_The Story and Evolution of Doodles - G_6e786d/h1_The story behind Doodles")): Object 'Object Repository/Page_The Story and Evolution of Doodles - G_6e786d/h1_The story behind Doodles' is visible

07-06-2024T14:06:42 - [MESSAGE][PASSED] - Object 'Object Repository/Page_The Story and Evolution of Doodles - G_6e786d/h1_The story behind Doodles' is visible

07-06-2024T14:06:42 - [TEST_STEP][PASSED] - verifyElementVisible(findTestObject("Object Repository/Page_The Story and Evolution of Doodles - G_6e786d/p_The first Doodle was a simple out-of-offi_345e61")): Object 'Object Repository/Page_The Story and Evolution of Doodles - G_6e786d/p_The first Doodle was a simple out-of-offi_345e61' is visible

07-06-2024T14:06:42 - [MESSAGE][PASSED] - Object 'Object Repository/Page_The Story and Evolution of Doodles - G_6e786d/p_The first Doodle was a simple out-of-offi_345e61' is visible

07-06-2024T14:06:42 - [TEST_STEP][PASSED] - verifyElementVisible(findTestObject("Object Repository/Page_The Story and Evolution of Doodles - G_6e786d/h2_Weve created more than 5,000 Doodles ove_111429")): Object 'Object Repository/Page_The Story and Evolution of Doodles - G_6e786d/h2_Weve created more than 5,000 Doodles ove_111429' is visible

07-06-2024T14:06:42 - [MESSAGE][PASSED] - Object 'Object Repository/Page_The Story and Evolution of Doodles - G_6e786d/h2_Weve created more than 5,000 Doodles ove_111429' is visible

07-06-2024T14:06:42 - [TEST_STEP][PASSED] - click(findTestObject("Object Repository/Page_The Story and Evolution of Doodles - G_6e786d/p_The first Doodle was a simple out-of-offi_345e61")): Object: 'Object Repository/Page_The Story and Evolution of Doodles - G_6e786d/p_The first Doodle was a simple out-of-offi_345e61' is clicked on

07-06-2024T14:06:43 - [MESSAGE][PASSED] - Object: 'Object Repository/Page_The Story and Evolution of Doodles - G_6e786d/p_The first Doodle was a simple out-of-offi_345e61' is clicked on

07-06-2024T14:06:43 - [TEST_STEP][PASSED] - verifyElementVisible(findTestObject("Object Repository/Page_The Story and Evolution of Doodles - G_6e786d/h1_The story behind Doodles")): Object 'Object Repository/Page_The Story and Evolution of Doodles - G_6e786d/h1_The story behind Doodles' is visible

07-06-2024T14:06:43 - [MESSAGE][PASSED] - Object 'Object Repository/Page_The Story and Evolution of Doodles - G_6e786d/h1_The story behind Doodles' is visible

07-06-2024T14:06:43 - [TEST_STEP][PASSED] - verifyElementVisible(findTestObject("Object Repository/Page_The Story and Evolution of Doodles - G_6e786d/p_The first Doodle was a simple out-of-offi_345e61")): Object 'Object Repository/Page_The Story and Evolution of Doodles - G_6e786d/p_The first Doodle was a simple out-of-offi_345e61' is visible

07-06-2024T14:06:43 - [MESSAGE][PASSED] - Object 'Object Repository/Page_The Story and Evolution of Doodles - G_6e786d/p_The first Doodle was a simple out-of-offi_345e61' is visible

07-06-2024T14:06:43 - [TEST_STEP][PASSED] - verifyElementVisible(findTestObject("Object Repository/Page_The Story and Evolution of Doodles - G_6e786d/h2_Weve created more than 5,000 Doodles ove_111429")): Object 'Object Repository/Page_The Story and Evolution of Doodles - G_6e786d/h2_Weve created more than 5,000 Doodles ove_111429' is visible

07-06-2024T14:06:43 - [MESSAGE][PASSED] - Object 'Object Repository/Page_The Story and Evolution of Doodles - G_6e786d/h2_Weve created more than 5,000 Doodles ove_111429' is visible

07-06-2024T14:06:43 - [TEST_STEP][PASSED] - click(findTestObject("Object Repository/Page_The Story and Evolution of Doodles - G_6e786d/p_The first Doodle was a simple out-of-offi_345e61")): Object: 'Object Repository/Page_The Story and Evolution of Doodles - G_6e786d/p_The first Doodle was a simple out-of-offi_345e61' is clicked on

07-06-2024T14:06:43 - [MESSAGE][PASSED] - Object: 'Object Repository/Page_The Story and Evolution of Doodles - G_6e786d/p_The first Doodle was a simple out-of-offi_345e61' is clicked on

07-06-2024T14:06:43 - [TEST_STEP][PASSED] - verifyElementVisible(findTestObject("Object Repository/Page_The Story and Evolution of Doodles - G_6e786d/h1_The story behind Doodles")): Object 'Object Repository/Page_The Story and Evolution of Doodles - G_6e786d/h1_The story behind Doodles' is visible

07-06-2024T14:06:43 - [MESSAGE][PASSED] - Object 'Object Repository/Page_The Story and Evolution of Doodles - G_6e786d/h1_The story behind Doodles' is visible

07-06-2024T14:06:43 - [TEST_STEP][PASSED] - verifyElementVisible(findTestObject("Object Repository/Page_The Story and Evolution of Doodles - G_6e786d/p_The first Doodle was a simple out-of-offi_345e61")): Object 'Object Repository/Page_The Story and Evolution of Doodles - G_6e786d/p_The first Doodle was a simple out-of-offi_345e61' is visible

07-06-2024T14:06:43 - [MESSAGE][PASSED] - Object 'Object Repository/Page_The Story and Evolution of Doodles - G_6e786d/p_The first Doodle was a simple out-of-offi_345e61' is visible

07-06-2024T14:06:43 - [TEST_STEP][PASSED] - verifyElementVisible(findTestObject("Object Repository/Page_The Story and Evolution of Doodles - G_6e786d/h2_Weve created more than 5,000 Doodles ove_111429")): Object 'Object Repository/Page_The Story and Evolution of Doodles - G_6e786d/h2_Weve created more than 5,000 Doodles ove_111429' is visible

07-06-2024T14:06:43 - [MESSAGE][PASSED] - Object 'Object Repository/Page_The Story and Evolution of Doodles - G_6e786d/h2_Weve created more than 5,000 Doodles ove_111429' is visible

07-06-2024T14:06:43 - [TEST_STEP][PASSED] - click(findTestObject("Object Repository/Page_The Story and Evolution of Doodles - G_6e786d/p_The first Doodle was a simple out-of-offi_345e61")): Object: 'Object Repository/Page_The Story and Evolution of Doodles - G_6e786d/p_The first Doodle was a simple out-of-offi_345e61' is clicked on

07-06-2024T14:06:43 - [MESSAGE][PASSED] - Object: 'Object Repository/Page_The Story and Evolution of Doodles - G_6e786d/p_The first Doodle was a simple out-of-offi_345e61' is clicked on

07-06-2024T14:06:43 - [TEST_STEP][PASSED] - verifyElementVisible(findTestObject("Object Repository/Page_The Story and Evolution of Doodles - G_6e786d/h1_The story behind Doodles")): Object 'Object Repository/Page_The Story and Evolution of Doodles - G_6e786d/h1_The story behind Doodles' is visible

07-06-2024T14:06:43 - [MESSAGE][PASSED] - Object 'Object Repository/Page_The Story and Evolution of Doodles - G_6e786d/h1_The story behind Doodles' is visible

07-06-2024T14:06:43 - [TEST_STEP][PASSED] - verifyElementVisible(findTestObject("Object Repository/Page_The Story and Evolution of Doodles - G_6e786d/p_The first Doodle was a simple out-of-offi_345e61")): Object 'Object Repository/Page_The Story and Evolution of Doodles - G_6e786d/p_The first Doodle was a simple out-of-offi_345e61' is visible

07-06-2024T14:06:43 - [MESSAGE][PASSED] - Object 'Object Repository/Page_The Story and Evolution of Doodles - G_6e786d/p_The first Doodle was a simple out-of-offi_345e61' is visible

07-06-2024T14:06:43 - [TEST_STEP][PASSED] - verifyElementVisible(findTestObject("Object Repository/Page_The Story and Evolution of Doodles - G_6e786d/h2_Weve created more than 5,000 Doodles ove_111429")): Object 'Object Repository/Page_The Story and Evolution of Doodles - G_6e786d/h2_Weve created more than 5,000 Doodles ove_111429' is visible

07-06-2024T14:06:43 - [MESSAGE][PASSED] - Object 'Object Repository/Page_The Story and Evolution of Doodles - G_6e786d/h2_Weve created more than 5,000 Doodles ove_111429' is visible

07-06-2024T14:06:43 - [TEST_STEP][PASSED] - click(findTestObject("Object Repository/Page_The Story and Evolution of Doodles - G_6e786d/p_The first Doodle was a simple out-of-offi_345e61")): Object: 'Object Repository/Page_The Story and Evolution of Doodles - G_6e786d/p_The first Doodle was a simple out-of-offi_345e61' is clicked on

07-06-2024T14:06:44 - [MESSAGE][PASSED] - Object: 'Object Repository/Page_The Story and Evolution of Doodles - G_6e786d/p_The first Doodle was a simple out-of-offi_345e61' is clicked on

07-06-2024T14:06:44 - [TEST_STEP][PASSED] - verifyElementVisible(findTestObject("Object Repository/Page_The Story and Evolution of Doodles - G_6e786d/h1_The story behind Doodles")): Object 'Object Repository/Page_The Story and Evolution of Doodles - G_6e786d/h1_The story behind Doodles' is visible

07-06-2024T14:06:44 - [MESSAGE][PASSED] - Object 'Object Repository/Page_The Story and Evolution of Doodles - G_6e786d/h1_The story behind Doodles' is visible

07-06-2024T14:06:44 - [TEST_STEP][PASSED] - verifyElementVisible(findTestObject("Object Repository/Page_The Story and Evolution of Doodles - G_6e786d/p_The first Doodle was a simple out-of-offi_345e61")): Object 'Object Repository/Page_The Story and Evolution of Doodles - G_6e786d/p_The first Doodle was a simple out-of-offi_345e61' is visible

07-06-2024T14:06:44 - [MESSAGE][PASSED] - Object 'Object Repository/Page_The Story and Evolution of Doodles - G_6e786d/p_The first Doodle was a simple out-of-offi_345e61' is visible

07-06-2024T14:06:44 - [TEST_STEP][PASSED] - verifyElementVisible(findTestObject("Object Repository/Page_The Story and Evolution of Doodles - G_6e786d/h2_Weve created more than 5,000 Doodles ove_111429")): Object 'Object Repository/Page_The Story and Evolution of Doodles - G_6e786d/h2_Weve created more than 5,000 Doodles ove_111429' is visible

07-06-2024T14:06:44 - [MESSAGE][PASSED] - Object 'Object Repository/Page_The Story and Evolution of Doodles - G_6e786d/h2_Weve created more than 5,000 Doodles ove_111429' is visible

07-06-2024T14:06:44 - [TEST_STEP][PASSED] - click(findTestObject("Object Repository/Page_The Story and Evolution of Doodles - G_6e786d/p_The first Doodle was a simple out-of-offi_345e61")): Object: 'Object Repository/Page_The Story and Evolution of Doodles - G_6e786d/p_The first Doodle was a simple out-of-offi_345e61' is clicked on

07-06-2024T14:06:44 - [MESSAGE][PASSED] - Object: 'Object Repository/Page_The Story and Evolution of Doodles - G_6e786d/p_The first Doodle was a simple out-of-offi_345e61' is clicked on

07-06-2024T14:06:44 - [TEST_STEP][PASSED] - verifyElementVisible(findTestObject("Object Repository/Page_The Story and Evolution of Doodles - G_6e786d/h1_The story behind Doodles")): Object 'Object Repository/Page_The Story and Evolution of Doodles - G_6e786d/h1_The story behind Doodles' is visible

07-06-2024T14:06:44 - [MESSAGE][PASSED] - Object 'Object Repository/Page_The Story and Evolution of Doodles - G_6e786d/h1_The story behind Doodles' is visible

07-06-2024T14:06:44 - [TEST_STEP][PASSED] - verifyElementVisible(findTestObject("Object Repository/Page_The Story and Evolution of Doodles - G_6e786d/p_The first Doodle was a simple out-of-offi_345e61")): Object 'Object Repository/Page_The Story and Evolution of Doodles - G_6e786d/p_The first Doodle was a simple out-of-offi_345e61' is visible

07-06-2024T14:06:44 - [MESSAGE][PASSED] - Object 'Object Repository/Page_The Story and Evolution of Doodles - G_6e786d/p_The first Doodle was a simple out-of-offi_345e61' is visible

07-06-2024T14:06:44 - [TEST_STEP][PASSED] - verifyElementVisible(findTestObject("Object Repository/Page_The Story and Evolution of Doodles - G_6e786d/h2_Weve created more than 5,000 Doodles ove_111429")): Object 'Object Repository/Page_The Story and Evolution of Doodles - G_6e786d/h2_Weve created more than 5,000 Doodles ove_111429' is visible

07-06-2024T14:06:44 - [MESSAGE][PASSED] - Object 'Object Repository/Page_The Story and Evolution of Doodles - G_6e786d/h2_Weve created more than 5,000 Doodles ove_111429' is visible

07-06-2024T14:06:44 - [TEST_STEP][PASSED] - click(findTestObject("Object Repository/Page_The Story and Evolution of Doodles - G_6e786d/p_The first Doodle was a simple out-of-offi_345e61")): Object: 'Object Repository/Page_The Story and Evolution of Doodles - G_6e786d/p_The first Doodle was a simple out-of-offi_345e61' is clicked on

07-06-2024T14:06:44 - [MESSAGE][PASSED] - Object: 'Object Repository/Page_The Story and Evolution of Doodles - G_6e786d/p_The first Doodle was a simple out-of-offi_345e61' is clicked on

07-06-2024T14:06:44 - [TEST_STEP][PASSED] - verifyElementVisible(findTestObject("Object Repository/Page_The Story and Evolution of Doodles - G_6e786d/h1_The story behind Doodles")): Object 'Object Repository/Page_The Story and Evolution of Doodles - G_6e786d/h1_The story behind Doodles' is visible

07-06-2024T14:06:44 - [MESSAGE][PASSED] - Object 'Object Repository/Page_The Story and Evolution of Doodles - G_6e786d/h1_The story behind Doodles' is visible

07-06-2024T14:06:44 - [TEST_STEP][PASSED] - verifyElementVisible(findTestObject("Object Repository/Page_The Story and Evolution of Doodles - G_6e786d/p_The first Doodle was a simple out-of-offi_345e61")): Object 'Object Repository/Page_The Story and Evolution of Doodles - G_6e786d/p_The first Doodle was a simple out-of-offi_345e61' is visible

07-06-2024T14:06:44 - [MESSAGE][PASSED] - Object 'Object Repository/Page_The Story and Evolution of Doodles - G_6e786d/p_The first Doodle was a simple out-of-offi_345e61' is visible

07-06-2024T14:06:44 - [TEST_STEP][PASSED] - verifyElementVisible(findTestObject("Object Repository/Page_The Story and Evolution of Doodles - G_6e786d/h2_Weve created more than 5,000 Doodles ove_111429")): Object 'Object Repository/Page_The Story and Evolution of Doodles - G_6e786d/h2_Weve created more than 5,000 Doodles ove_111429' is visible

07-06-2024T14:06:44 - [MESSAGE][PASSED] - Object 'Object Repository/Page_The Story and Evolution of Doodles - G_6e786d/h2_Weve created more than 5,000 Doodles ove_111429' is visible

07-06-2024T14:06:44 - [TEST_STEP][PASSED] - click(findTestObject("Object Repository/Page_The Story and Evolution of Doodles - G_6e786d/p_The first Doodle was a simple out-of-offi_345e61")): Object: 'Object Repository/Page_The Story and Evolution of Doodles - G_6e786d/p_The first Doodle was a simple out-of-offi_345e61' is clicked on

07-06-2024T14:06:45 - [MESSAGE][PASSED] - Object: 'Object Repository/Page_The Story and Evolution of Doodles - G_6e786d/p_The first Doodle was a simple out-of-offi_345e61' is clicked on

07-06-2024T14:06:45 - [TEST_STEP][PASSED] - verifyElementVisible(findTestObject("Object Repository/Page_The Story and Evolution of Doodles - G_6e786d/h1_The story behind Doodles")): Object 'Object Repository/Page_The Story and Evolution of Doodles - G_6e786d/h1_The story behind Doodles' is visible

07-06-2024T14:06:45 - [MESSAGE][PASSED] - Object 'Object Repository/Page_The Story and Evolution of Doodles - G_6e786d/h1_The story behind Doodles' is visible

07-06-2024T14:06:45 - [TEST_STEP][PASSED] - verifyElementVisible(findTestObject("Object Repository/Page_The Story and Evolution of Doodles - G_6e786d/p_The first Doodle was a simple out-of-offi_345e61")): Object 'Object Repository/Page_The Story and Evolution of Doodles - G_6e786d/p_The first Doodle was a simple out-of-offi_345e61' is visible

07-06-2024T14:06:45 - [MESSAGE][PASSED] - Object 'Object Repository/Page_The Story and Evolution of Doodles - G_6e786d/p_The first Doodle was a simple out-of-offi_345e61' is visible

07-06-2024T14:06:45 - [TEST_STEP][PASSED] - verifyElementVisible(findTestObject("Object Repository/Page_The Story and Evolution of Doodles - G_6e786d/h2_Weve created more than 5,000 Doodles ove_111429")): Object 'Object Repository/Page_The Story and Evolution of Doodles - G_6e786d/h2_Weve created more than 5,000 Doodles ove_111429' is visible

07-06-2024T14:06:45 - [MESSAGE][PASSED] - Object 'Object Repository/Page_The Story and Evolution of Doodles - G_6e786d/h2_Weve created more than 5,000 Doodles ove_111429' is visible

07-06-2024T14:06:45 - [TEST_STEP][PASSED] - click(findTestObject("Object Repository/Page_The Story and Evolution of Doodles - G_6e786d/p_The first Doodle was a simple out-of-offi_345e61")): Object: 'Object Repository/Page_The Story and Evolution of Doodles - G_6e786d/p_The first Doodle was a simple out-of-offi_345e61' is clicked on

07-06-2024T14:06:45 - [MESSAGE][PASSED] - Object: 'Object Repository/Page_The Story and Evolution of Doodles - G_6e786d/p_The first Doodle was a simple out-of-offi_345e61' is clicked on

07-06-2024T14:06:45 - [TEST_STEP][PASSED] - verifyElementVisible(findTestObject("Object Repository/Page_The Story and Evolution of Doodles - G_6e786d/h1_The story behind Doodles")): Object 'Object Repository/Page_The Story and Evolution of Doodles - G_6e786d/h1_The story behind Doodles' is visible

07-06-2024T14:06:45 - [MESSAGE][PASSED] - Object 'Object Repository/Page_The Story and Evolution of Doodles - G_6e786d/h1_The story behind Doodles' is visible

07-06-2024T14:06:45 - [TEST_STEP][PASSED] - verifyElementVisible(findTestObject("Object Repository/Page_The Story and Evolution of Doodles - G_6e786d/p_The first Doodle was a simple out-of-offi_345e61")): Object 'Object Repository/Page_The Story and Evolution of Doodles - G_6e786d/p_The first Doodle was a simple out-of-offi_345e61' is visible

07-06-2024T14:06:45 - [MESSAGE][PASSED] - Object 'Object Repository/Page_The Story and Evolution of Doodles - G_6e786d/p_The first Doodle was a simple out-of-offi_345e61' is visible

07-06-2024T14:06:45 - [TEST_STEP][PASSED] - verifyElementVisible(findTestObject("Object Repository/Page_The Story and Evolution of Doodles - G_6e786d/h2_Weve created more than 5,000 Doodles ove_111429")): Object 'Object Repository/Page_The Story and Evolution of Doodles - G_6e786d/h2_Weve created more than 5,000 Doodles ove_111429' is visible

07-06-2024T14:06:45 - [MESSAGE][PASSED] - Object 'Object Repository/Page_The Story and Evolution of Doodles - G_6e786d/h2_Weve created more than 5,000 Doodles ove_111429' is visible]]></system-out>
         <system-err><![CDATA[]]></system-err>
      </testcase>
      <testcase name="Test Cases/test case folder 1/tc1 - Copy (2) - Copy (6)" time="8.335" classname="Test Cases/test case folder 1/tc1 - Copy (2) - Copy (6)" status="PASSED">
         <system-out><![CDATA[07-06-2024T14:06:45 - [TEST_CASE][PASSED] - Test Cases/test case folder 1/tc1 - Copy (2) - Copy (6): Test Cases/test case folder 1/tc1 - Copy (2) - Copy (6)

07-06-2024T14:06:45 - [TEST_STEP][PASSED] - openBrowser(""): Browser is opened with url: ''

07-06-2024T14:06:45 - [MESSAGE][WARNING] - A browser is already opened. Closing browser and opening a new one

07-06-2024T14:06:46 - [MESSAGE][INFO] - Starting 'Firefox (headless)' driver

07-06-2024T14:06:46 - [MESSAGE][INFO] - Action delay is set to 0 milliseconds

07-06-2024T14:06:48 - [MESSAGE][PASSED] - Browser is opened with url: ''

07-06-2024T14:06:48 - [TEST_STEP][PASSED] - navigateToUrl("https://doodles.google/about/"): Navigate to 'https://doodles.google/about/' successfully

07-06-2024T14:06:50 - [MESSAGE][PASSED] - Navigate to 'https://doodles.google/about/' successfully

07-06-2024T14:06:50 - [TEST_STEP][PASSED] - click(findTestObject("Object Repository/Page_The Story and Evolution of Doodles - G_6e786d/p_The first Doodle was a simple out-of-offi_345e61")): Object: 'Object Repository/Page_The Story and Evolution of Doodles - G_6e786d/p_The first Doodle was a simple out-of-offi_345e61' is clicked on

07-06-2024T14:06:50 - [MESSAGE][PASSED] - Object: 'Object Repository/Page_The Story and Evolution of Doodles - G_6e786d/p_The first Doodle was a simple out-of-offi_345e61' is clicked on

07-06-2024T14:06:50 - [TEST_STEP][PASSED] - click(findTestObject("Object Repository/Page_The Story and Evolution of Doodles - G_6e786d/p_The first Doodle was a simple out-of-offi_345e61")): Object: 'Object Repository/Page_The Story and Evolution of Doodles - G_6e786d/p_The first Doodle was a simple out-of-offi_345e61' is clicked on

07-06-2024T14:06:50 - [MESSAGE][PASSED] - Object: 'Object Repository/Page_The Story and Evolution of Doodles - G_6e786d/p_The first Doodle was a simple out-of-offi_345e61' is clicked on

07-06-2024T14:06:50 - [TEST_STEP][PASSED] - verifyElementVisible(findTestObject("Object Repository/Page_The Story and Evolution of Doodles - G_6e786d/h1_The story behind Doodles")): Object 'Object Repository/Page_The Story and Evolution of Doodles - G_6e786d/h1_The story behind Doodles' is visible

07-06-2024T14:06:50 - [MESSAGE][PASSED] - Object 'Object Repository/Page_The Story and Evolution of Doodles - G_6e786d/h1_The story behind Doodles' is visible

07-06-2024T14:06:50 - [TEST_STEP][PASSED] - verifyElementVisible(findTestObject("Object Repository/Page_The Story and Evolution of Doodles - G_6e786d/p_The first Doodle was a simple out-of-offi_345e61")): Object 'Object Repository/Page_The Story and Evolution of Doodles - G_6e786d/p_The first Doodle was a simple out-of-offi_345e61' is visible

07-06-2024T14:06:50 - [MESSAGE][PASSED] - Object 'Object Repository/Page_The Story and Evolution of Doodles - G_6e786d/p_The first Doodle was a simple out-of-offi_345e61' is visible

07-06-2024T14:06:50 - [TEST_STEP][PASSED] - verifyElementVisible(findTestObject("Object Repository/Page_The Story and Evolution of Doodles - G_6e786d/h2_Weve created more than 5,000 Doodles ove_111429")): Object 'Object Repository/Page_The Story and Evolution of Doodles - G_6e786d/h2_Weve created more than 5,000 Doodles ove_111429' is visible

07-06-2024T14:06:51 - [MESSAGE][PASSED] - Object 'Object Repository/Page_The Story and Evolution of Doodles - G_6e786d/h2_Weve created more than 5,000 Doodles ove_111429' is visible

07-06-2024T14:06:51 - [TEST_STEP][PASSED] - verifyElementVisible(findTestObject("Object Repository/Page_The Story and Evolution of Doodles - G_6e786d/h1_The story behind Doodles")): Object 'Object Repository/Page_The Story and Evolution of Doodles - G_6e786d/h1_The story behind Doodles' is visible

07-06-2024T14:06:51 - [MESSAGE][PASSED] - Object 'Object Repository/Page_The Story and Evolution of Doodles - G_6e786d/h1_The story behind Doodles' is visible

07-06-2024T14:06:51 - [TEST_STEP][PASSED] - verifyElementVisible(findTestObject("Object Repository/Page_The Story and Evolution of Doodles - G_6e786d/p_The first Doodle was a simple out-of-offi_345e61")): Object 'Object Repository/Page_The Story and Evolution of Doodles - G_6e786d/p_The first Doodle was a simple out-of-offi_345e61' is visible

07-06-2024T14:06:51 - [MESSAGE][PASSED] - Object 'Object Repository/Page_The Story and Evolution of Doodles - G_6e786d/p_The first Doodle was a simple out-of-offi_345e61' is visible

07-06-2024T14:06:51 - [TEST_STEP][PASSED] - verifyElementVisible(findTestObject("Object Repository/Page_The Story and Evolution of Doodles - G_6e786d/h2_Weve created more than 5,000 Doodles ove_111429")): Object 'Object Repository/Page_The Story and Evolution of Doodles - G_6e786d/h2_Weve created more than 5,000 Doodles ove_111429' is visible

07-06-2024T14:06:51 - [MESSAGE][PASSED] - Object 'Object Repository/Page_The Story and Evolution of Doodles - G_6e786d/h2_Weve created more than 5,000 Doodles ove_111429' is visible

07-06-2024T14:06:51 - [TEST_STEP][PASSED] - click(findTestObject("Object Repository/Page_The Story and Evolution of Doodles - G_6e786d/p_The first Doodle was a simple out-of-offi_345e61")): Object: 'Object Repository/Page_The Story and Evolution of Doodles - G_6e786d/p_The first Doodle was a simple out-of-offi_345e61' is clicked on

07-06-2024T14:06:51 - [MESSAGE][PASSED] - Object: 'Object Repository/Page_The Story and Evolution of Doodles - G_6e786d/p_The first Doodle was a simple out-of-offi_345e61' is clicked on

07-06-2024T14:06:51 - [TEST_STEP][PASSED] - verifyElementVisible(findTestObject("Object Repository/Page_The Story and Evolution of Doodles - G_6e786d/h1_The story behind Doodles")): Object 'Object Repository/Page_The Story and Evolution of Doodles - G_6e786d/h1_The story behind Doodles' is visible

07-06-2024T14:06:51 - [MESSAGE][PASSED] - Object 'Object Repository/Page_The Story and Evolution of Doodles - G_6e786d/h1_The story behind Doodles' is visible

07-06-2024T14:06:51 - [TEST_STEP][PASSED] - verifyElementVisible(findTestObject("Object Repository/Page_The Story and Evolution of Doodles - G_6e786d/p_The first Doodle was a simple out-of-offi_345e61")): Object 'Object Repository/Page_The Story and Evolution of Doodles - G_6e786d/p_The first Doodle was a simple out-of-offi_345e61' is visible

07-06-2024T14:06:51 - [MESSAGE][PASSED] - Object 'Object Repository/Page_The Story and Evolution of Doodles - G_6e786d/p_The first Doodle was a simple out-of-offi_345e61' is visible

07-06-2024T14:06:51 - [TEST_STEP][PASSED] - verifyElementVisible(findTestObject("Object Repository/Page_The Story and Evolution of Doodles - G_6e786d/h2_Weve created more than 5,000 Doodles ove_111429")): Object 'Object Repository/Page_The Story and Evolution of Doodles - G_6e786d/h2_Weve created more than 5,000 Doodles ove_111429' is visible

07-06-2024T14:06:51 - [MESSAGE][PASSED] - Object 'Object Repository/Page_The Story and Evolution of Doodles - G_6e786d/h2_Weve created more than 5,000 Doodles ove_111429' is visible

07-06-2024T14:06:51 - [TEST_STEP][PASSED] - click(findTestObject("Object Repository/Page_The Story and Evolution of Doodles - G_6e786d/p_The first Doodle was a simple out-of-offi_345e61")): Object: 'Object Repository/Page_The Story and Evolution of Doodles - G_6e786d/p_The first Doodle was a simple out-of-offi_345e61' is clicked on

07-06-2024T14:06:51 - [MESSAGE][PASSED] - Object: 'Object Repository/Page_The Story and Evolution of Doodles - G_6e786d/p_The first Doodle was a simple out-of-offi_345e61' is clicked on

07-06-2024T14:06:51 - [TEST_STEP][PASSED] - verifyElementVisible(findTestObject("Object Repository/Page_The Story and Evolution of Doodles - G_6e786d/h1_The story behind Doodles")): Object 'Object Repository/Page_The Story and Evolution of Doodles - G_6e786d/h1_The story behind Doodles' is visible

07-06-2024T14:06:51 - [MESSAGE][PASSED] - Object 'Object Repository/Page_The Story and Evolution of Doodles - G_6e786d/h1_The story behind Doodles' is visible

07-06-2024T14:06:51 - [TEST_STEP][PASSED] - verifyElementVisible(findTestObject("Object Repository/Page_The Story and Evolution of Doodles - G_6e786d/p_The first Doodle was a simple out-of-offi_345e61")): Object 'Object Repository/Page_The Story and Evolution of Doodles - G_6e786d/p_The first Doodle was a simple out-of-offi_345e61' is visible

07-06-2024T14:06:51 - [MESSAGE][PASSED] - Object 'Object Repository/Page_The Story and Evolution of Doodles - G_6e786d/p_The first Doodle was a simple out-of-offi_345e61' is visible

07-06-2024T14:06:51 - [TEST_STEP][PASSED] - verifyElementVisible(findTestObject("Object Repository/Page_The Story and Evolution of Doodles - G_6e786d/h2_Weve created more than 5,000 Doodles ove_111429")): Object 'Object Repository/Page_The Story and Evolution of Doodles - G_6e786d/h2_Weve created more than 5,000 Doodles ove_111429' is visible

07-06-2024T14:06:51 - [MESSAGE][PASSED] - Object 'Object Repository/Page_The Story and Evolution of Doodles - G_6e786d/h2_Weve created more than 5,000 Doodles ove_111429' is visible

07-06-2024T14:06:51 - [TEST_STEP][PASSED] - click(findTestObject("Object Repository/Page_The Story and Evolution of Doodles - G_6e786d/p_The first Doodle was a simple out-of-offi_345e61")): Object: 'Object Repository/Page_The Story and Evolution of Doodles - G_6e786d/p_The first Doodle was a simple out-of-offi_345e61' is clicked on

07-06-2024T14:06:52 - [MESSAGE][PASSED] - Object: 'Object Repository/Page_The Story and Evolution of Doodles - G_6e786d/p_The first Doodle was a simple out-of-offi_345e61' is clicked on

07-06-2024T14:06:52 - [TEST_STEP][PASSED] - verifyElementVisible(findTestObject("Object Repository/Page_The Story and Evolution of Doodles - G_6e786d/h1_The story behind Doodles")): Object 'Object Repository/Page_The Story and Evolution of Doodles - G_6e786d/h1_The story behind Doodles' is visible

07-06-2024T14:06:52 - [MESSAGE][PASSED] - Object 'Object Repository/Page_The Story and Evolution of Doodles - G_6e786d/h1_The story behind Doodles' is visible

07-06-2024T14:06:52 - [TEST_STEP][PASSED] - verifyElementVisible(findTestObject("Object Repository/Page_The Story and Evolution of Doodles - G_6e786d/p_The first Doodle was a simple out-of-offi_345e61")): Object 'Object Repository/Page_The Story and Evolution of Doodles - G_6e786d/p_The first Doodle was a simple out-of-offi_345e61' is visible

07-06-2024T14:06:52 - [MESSAGE][PASSED] - Object 'Object Repository/Page_The Story and Evolution of Doodles - G_6e786d/p_The first Doodle was a simple out-of-offi_345e61' is visible

07-06-2024T14:06:52 - [TEST_STEP][PASSED] - verifyElementVisible(findTestObject("Object Repository/Page_The Story and Evolution of Doodles - G_6e786d/h2_Weve created more than 5,000 Doodles ove_111429")): Object 'Object Repository/Page_The Story and Evolution of Doodles - G_6e786d/h2_Weve created more than 5,000 Doodles ove_111429' is visible

07-06-2024T14:06:52 - [MESSAGE][PASSED] - Object 'Object Repository/Page_The Story and Evolution of Doodles - G_6e786d/h2_Weve created more than 5,000 Doodles ove_111429' is visible

07-06-2024T14:06:52 - [TEST_STEP][PASSED] - click(findTestObject("Object Repository/Page_The Story and Evolution of Doodles - G_6e786d/p_The first Doodle was a simple out-of-offi_345e61")): Object: 'Object Repository/Page_The Story and Evolution of Doodles - G_6e786d/p_The first Doodle was a simple out-of-offi_345e61' is clicked on

07-06-2024T14:06:52 - [MESSAGE][PASSED] - Object: 'Object Repository/Page_The Story and Evolution of Doodles - G_6e786d/p_The first Doodle was a simple out-of-offi_345e61' is clicked on

07-06-2024T14:06:52 - [TEST_STEP][PASSED] - verifyElementVisible(findTestObject("Object Repository/Page_The Story and Evolution of Doodles - G_6e786d/h1_The story behind Doodles")): Object 'Object Repository/Page_The Story and Evolution of Doodles - G_6e786d/h1_The story behind Doodles' is visible

07-06-2024T14:06:52 - [MESSAGE][PASSED] - Object 'Object Repository/Page_The Story and Evolution of Doodles - G_6e786d/h1_The story behind Doodles' is visible

07-06-2024T14:06:52 - [TEST_STEP][PASSED] - verifyElementVisible(findTestObject("Object Repository/Page_The Story and Evolution of Doodles - G_6e786d/p_The first Doodle was a simple out-of-offi_345e61")): Object 'Object Repository/Page_The Story and Evolution of Doodles - G_6e786d/p_The first Doodle was a simple out-of-offi_345e61' is visible

07-06-2024T14:06:52 - [MESSAGE][PASSED] - Object 'Object Repository/Page_The Story and Evolution of Doodles - G_6e786d/p_The first Doodle was a simple out-of-offi_345e61' is visible

07-06-2024T14:06:52 - [TEST_STEP][PASSED] - verifyElementVisible(findTestObject("Object Repository/Page_The Story and Evolution of Doodles - G_6e786d/h2_Weve created more than 5,000 Doodles ove_111429")): Object 'Object Repository/Page_The Story and Evolution of Doodles - G_6e786d/h2_Weve created more than 5,000 Doodles ove_111429' is visible

07-06-2024T14:06:52 - [MESSAGE][PASSED] - Object 'Object Repository/Page_The Story and Evolution of Doodles - G_6e786d/h2_Weve created more than 5,000 Doodles ove_111429' is visible

07-06-2024T14:06:52 - [TEST_STEP][PASSED] - click(findTestObject("Object Repository/Page_The Story and Evolution of Doodles - G_6e786d/p_The first Doodle was a simple out-of-offi_345e61")): Object: 'Object Repository/Page_The Story and Evolution of Doodles - G_6e786d/p_The first Doodle was a simple out-of-offi_345e61' is clicked on

07-06-2024T14:06:52 - [MESSAGE][PASSED] - Object: 'Object Repository/Page_The Story and Evolution of Doodles - G_6e786d/p_The first Doodle was a simple out-of-offi_345e61' is clicked on

07-06-2024T14:06:52 - [TEST_STEP][PASSED] - verifyElementVisible(findTestObject("Object Repository/Page_The Story and Evolution of Doodles - G_6e786d/h1_The story behind Doodles")): Object 'Object Repository/Page_The Story and Evolution of Doodles - G_6e786d/h1_The story behind Doodles' is visible

07-06-2024T14:06:52 - [MESSAGE][PASSED] - Object 'Object Repository/Page_The Story and Evolution of Doodles - G_6e786d/h1_The story behind Doodles' is visible

07-06-2024T14:06:52 - [TEST_STEP][PASSED] - verifyElementVisible(findTestObject("Object Repository/Page_The Story and Evolution of Doodles - G_6e786d/p_The first Doodle was a simple out-of-offi_345e61")): Object 'Object Repository/Page_The Story and Evolution of Doodles - G_6e786d/p_The first Doodle was a simple out-of-offi_345e61' is visible

07-06-2024T14:06:52 - [MESSAGE][PASSED] - Object 'Object Repository/Page_The Story and Evolution of Doodles - G_6e786d/p_The first Doodle was a simple out-of-offi_345e61' is visible

07-06-2024T14:06:52 - [TEST_STEP][PASSED] - verifyElementVisible(findTestObject("Object Repository/Page_The Story and Evolution of Doodles - G_6e786d/h2_Weve created more than 5,000 Doodles ove_111429")): Object 'Object Repository/Page_The Story and Evolution of Doodles - G_6e786d/h2_Weve created more than 5,000 Doodles ove_111429' is visible

07-06-2024T14:06:52 - [MESSAGE][PASSED] - Object 'Object Repository/Page_The Story and Evolution of Doodles - G_6e786d/h2_Weve created more than 5,000 Doodles ove_111429' is visible

07-06-2024T14:06:52 - [TEST_STEP][PASSED] - click(findTestObject("Object Repository/Page_The Story and Evolution of Doodles - G_6e786d/p_The first Doodle was a simple out-of-offi_345e61")): Object: 'Object Repository/Page_The Story and Evolution of Doodles - G_6e786d/p_The first Doodle was a simple out-of-offi_345e61' is clicked on

07-06-2024T14:06:53 - [MESSAGE][PASSED] - Object: 'Object Repository/Page_The Story and Evolution of Doodles - G_6e786d/p_The first Doodle was a simple out-of-offi_345e61' is clicked on

07-06-2024T14:06:53 - [TEST_STEP][PASSED] - verifyElementVisible(findTestObject("Object Repository/Page_The Story and Evolution of Doodles - G_6e786d/h1_The story behind Doodles")): Object 'Object Repository/Page_The Story and Evolution of Doodles - G_6e786d/h1_The story behind Doodles' is visible

07-06-2024T14:06:53 - [MESSAGE][PASSED] - Object 'Object Repository/Page_The Story and Evolution of Doodles - G_6e786d/h1_The story behind Doodles' is visible

07-06-2024T14:06:53 - [TEST_STEP][PASSED] - verifyElementVisible(findTestObject("Object Repository/Page_The Story and Evolution of Doodles - G_6e786d/p_The first Doodle was a simple out-of-offi_345e61")): Object 'Object Repository/Page_The Story and Evolution of Doodles - G_6e786d/p_The first Doodle was a simple out-of-offi_345e61' is visible

07-06-2024T14:06:53 - [MESSAGE][PASSED] - Object 'Object Repository/Page_The Story and Evolution of Doodles - G_6e786d/p_The first Doodle was a simple out-of-offi_345e61' is visible

07-06-2024T14:06:53 - [TEST_STEP][PASSED] - verifyElementVisible(findTestObject("Object Repository/Page_The Story and Evolution of Doodles - G_6e786d/h2_Weve created more than 5,000 Doodles ove_111429")): Object 'Object Repository/Page_The Story and Evolution of Doodles - G_6e786d/h2_Weve created more than 5,000 Doodles ove_111429' is visible

07-06-2024T14:06:53 - [MESSAGE][PASSED] - Object 'Object Repository/Page_The Story and Evolution of Doodles - G_6e786d/h2_Weve created more than 5,000 Doodles ove_111429' is visible

07-06-2024T14:06:53 - [TEST_STEP][PASSED] - click(findTestObject("Object Repository/Page_The Story and Evolution of Doodles - G_6e786d/p_The first Doodle was a simple out-of-offi_345e61")): Object: 'Object Repository/Page_The Story and Evolution of Doodles - G_6e786d/p_The first Doodle was a simple out-of-offi_345e61' is clicked on

07-06-2024T14:06:53 - [MESSAGE][PASSED] - Object: 'Object Repository/Page_The Story and Evolution of Doodles - G_6e786d/p_The first Doodle was a simple out-of-offi_345e61' is clicked on

07-06-2024T14:06:53 - [TEST_STEP][PASSED] - verifyElementVisible(findTestObject("Object Repository/Page_The Story and Evolution of Doodles - G_6e786d/h1_The story behind Doodles")): Object 'Object Repository/Page_The Story and Evolution of Doodles - G_6e786d/h1_The story behind Doodles' is visible

07-06-2024T14:06:53 - [MESSAGE][PASSED] - Object 'Object Repository/Page_The Story and Evolution of Doodles - G_6e786d/h1_The story behind Doodles' is visible

07-06-2024T14:06:53 - [TEST_STEP][PASSED] - verifyElementVisible(findTestObject("Object Repository/Page_The Story and Evolution of Doodles - G_6e786d/p_The first Doodle was a simple out-of-offi_345e61")): Object 'Object Repository/Page_The Story and Evolution of Doodles - G_6e786d/p_The first Doodle was a simple out-of-offi_345e61' is visible

07-06-2024T14:06:53 - [MESSAGE][PASSED] - Object 'Object Repository/Page_The Story and Evolution of Doodles - G_6e786d/p_The first Doodle was a simple out-of-offi_345e61' is visible

07-06-2024T14:06:53 - [TEST_STEP][PASSED] - verifyElementVisible(findTestObject("Object Repository/Page_The Story and Evolution of Doodles - G_6e786d/h2_Weve created more than 5,000 Doodles ove_111429")): Object 'Object Repository/Page_The Story and Evolution of Doodles - G_6e786d/h2_Weve created more than 5,000 Doodles ove_111429' is visible

07-06-2024T14:06:53 - [MESSAGE][PASSED] - Object 'Object Repository/Page_The Story and Evolution of Doodles - G_6e786d/h2_Weve created more than 5,000 Doodles ove_111429' is visible

07-06-2024T14:06:53 - [TEST_STEP][PASSED] - click(findTestObject("Object Repository/Page_The Story and Evolution of Doodles - G_6e786d/p_The first Doodle was a simple out-of-offi_345e61")): Object: 'Object Repository/Page_The Story and Evolution of Doodles - G_6e786d/p_The first Doodle was a simple out-of-offi_345e61' is clicked on

07-06-2024T14:06:53 - [MESSAGE][PASSED] - Object: 'Object Repository/Page_The Story and Evolution of Doodles - G_6e786d/p_The first Doodle was a simple out-of-offi_345e61' is clicked on

07-06-2024T14:06:53 - [TEST_STEP][PASSED] - verifyElementVisible(findTestObject("Object Repository/Page_The Story and Evolution of Doodles - G_6e786d/h1_The story behind Doodles")): Object 'Object Repository/Page_The Story and Evolution of Doodles - G_6e786d/h1_The story behind Doodles' is visible

07-06-2024T14:06:53 - [MESSAGE][PASSED] - Object 'Object Repository/Page_The Story and Evolution of Doodles - G_6e786d/h1_The story behind Doodles' is visible

07-06-2024T14:06:53 - [TEST_STEP][PASSED] - verifyElementVisible(findTestObject("Object Repository/Page_The Story and Evolution of Doodles - G_6e786d/p_The first Doodle was a simple out-of-offi_345e61")): Object 'Object Repository/Page_The Story and Evolution of Doodles - G_6e786d/p_The first Doodle was a simple out-of-offi_345e61' is visible

07-06-2024T14:06:53 - [MESSAGE][PASSED] - Object 'Object Repository/Page_The Story and Evolution of Doodles - G_6e786d/p_The first Doodle was a simple out-of-offi_345e61' is visible

07-06-2024T14:06:53 - [TEST_STEP][PASSED] - verifyElementVisible(findTestObject("Object Repository/Page_The Story and Evolution of Doodles - G_6e786d/h2_Weve created more than 5,000 Doodles ove_111429")): Object 'Object Repository/Page_The Story and Evolution of Doodles - G_6e786d/h2_Weve created more than 5,000 Doodles ove_111429' is visible

07-06-2024T14:06:53 - [MESSAGE][PASSED] - Object 'Object Repository/Page_The Story and Evolution of Doodles - G_6e786d/h2_Weve created more than 5,000 Doodles ove_111429' is visible

07-06-2024T14:06:53 - [TEST_STEP][PASSED] - click(findTestObject("Object Repository/Page_The Story and Evolution of Doodles - G_6e786d/p_The first Doodle was a simple out-of-offi_345e61")): Object: 'Object Repository/Page_The Story and Evolution of Doodles - G_6e786d/p_The first Doodle was a simple out-of-offi_345e61' is clicked on

07-06-2024T14:06:53 - [MESSAGE][PASSED] - Object: 'Object Repository/Page_The Story and Evolution of Doodles - G_6e786d/p_The first Doodle was a simple out-of-offi_345e61' is clicked on

07-06-2024T14:06:53 - [TEST_STEP][PASSED] - verifyElementVisible(findTestObject("Object Repository/Page_The Story and Evolution of Doodles - G_6e786d/h1_The story behind Doodles")): Object 'Object Repository/Page_The Story and Evolution of Doodles - G_6e786d/h1_The story behind Doodles' is visible

07-06-2024T14:06:53 - [MESSAGE][PASSED] - Object 'Object Repository/Page_The Story and Evolution of Doodles - G_6e786d/h1_The story behind Doodles' is visible

07-06-2024T14:06:53 - [TEST_STEP][PASSED] - verifyElementVisible(findTestObject("Object Repository/Page_The Story and Evolution of Doodles - G_6e786d/p_The first Doodle was a simple out-of-offi_345e61")): Object 'Object Repository/Page_The Story and Evolution of Doodles - G_6e786d/p_The first Doodle was a simple out-of-offi_345e61' is visible

07-06-2024T14:06:53 - [MESSAGE][PASSED] - Object 'Object Repository/Page_The Story and Evolution of Doodles - G_6e786d/p_The first Doodle was a simple out-of-offi_345e61' is visible

07-06-2024T14:06:53 - [TEST_STEP][PASSED] - verifyElementVisible(findTestObject("Object Repository/Page_The Story and Evolution of Doodles - G_6e786d/h2_Weve created more than 5,000 Doodles ove_111429")): Object 'Object Repository/Page_The Story and Evolution of Doodles - G_6e786d/h2_Weve created more than 5,000 Doodles ove_111429' is visible

07-06-2024T14:06:54 - [MESSAGE][PASSED] - Object 'Object Repository/Page_The Story and Evolution of Doodles - G_6e786d/h2_Weve created more than 5,000 Doodles ove_111429' is visible]]></system-out>
         <system-err><![CDATA[]]></system-err>
      </testcase>
      <testcase name="Test Cases/test case folder 1/tc1 - Copy (2) - Copy" time="8.274" classname="Test Cases/test case folder 1/tc1 - Copy (2) - Copy" status="PASSED">
         <system-out><![CDATA[07-06-2024T14:06:54 - [TEST_CASE][PASSED] - Test Cases/test case folder 1/tc1 - Copy (2) - Copy: Test Cases/test case folder 1/tc1 - Copy (2) - Copy

07-06-2024T14:06:54 - [TEST_STEP][PASSED] - openBrowser(""): Browser is opened with url: ''

07-06-2024T14:06:54 - [MESSAGE][WARNING] - A browser is already opened. Closing browser and opening a new one

07-06-2024T14:06:55 - [MESSAGE][INFO] - Starting 'Firefox (headless)' driver

07-06-2024T14:06:55 - [MESSAGE][INFO] - Action delay is set to 0 milliseconds

07-06-2024T14:06:56 - [MESSAGE][PASSED] - Browser is opened with url: ''

07-06-2024T14:06:56 - [TEST_STEP][PASSED] - navigateToUrl("https://doodles.google/about/"): Navigate to 'https://doodles.google/about/' successfully

07-06-2024T14:06:58 - [MESSAGE][PASSED] - Navigate to 'https://doodles.google/about/' successfully

07-06-2024T14:06:58 - [TEST_STEP][PASSED] - click(findTestObject("Object Repository/Page_The Story and Evolution of Doodles - G_6e786d/p_The first Doodle was a simple out-of-offi_345e61")): Object: 'Object Repository/Page_The Story and Evolution of Doodles - G_6e786d/p_The first Doodle was a simple out-of-offi_345e61' is clicked on

07-06-2024T14:06:58 - [MESSAGE][PASSED] - Object: 'Object Repository/Page_The Story and Evolution of Doodles - G_6e786d/p_The first Doodle was a simple out-of-offi_345e61' is clicked on

07-06-2024T14:06:58 - [TEST_STEP][PASSED] - click(findTestObject("Object Repository/Page_The Story and Evolution of Doodles - G_6e786d/p_The first Doodle was a simple out-of-offi_345e61")): Object: 'Object Repository/Page_The Story and Evolution of Doodles - G_6e786d/p_The first Doodle was a simple out-of-offi_345e61' is clicked on

07-06-2024T14:06:59 - [MESSAGE][PASSED] - Object: 'Object Repository/Page_The Story and Evolution of Doodles - G_6e786d/p_The first Doodle was a simple out-of-offi_345e61' is clicked on

07-06-2024T14:06:59 - [TEST_STEP][PASSED] - verifyElementVisible(findTestObject("Object Repository/Page_The Story and Evolution of Doodles - G_6e786d/h1_The story behind Doodles")): Object 'Object Repository/Page_The Story and Evolution of Doodles - G_6e786d/h1_The story behind Doodles' is visible

07-06-2024T14:06:59 - [MESSAGE][PASSED] - Object 'Object Repository/Page_The Story and Evolution of Doodles - G_6e786d/h1_The story behind Doodles' is visible

07-06-2024T14:06:59 - [TEST_STEP][PASSED] - verifyElementVisible(findTestObject("Object Repository/Page_The Story and Evolution of Doodles - G_6e786d/p_The first Doodle was a simple out-of-offi_345e61")): Object 'Object Repository/Page_The Story and Evolution of Doodles - G_6e786d/p_The first Doodle was a simple out-of-offi_345e61' is visible

07-06-2024T14:06:59 - [MESSAGE][PASSED] - Object 'Object Repository/Page_The Story and Evolution of Doodles - G_6e786d/p_The first Doodle was a simple out-of-offi_345e61' is visible

07-06-2024T14:06:59 - [TEST_STEP][PASSED] - verifyElementVisible(findTestObject("Object Repository/Page_The Story and Evolution of Doodles - G_6e786d/h2_Weve created more than 5,000 Doodles ove_111429")): Object 'Object Repository/Page_The Story and Evolution of Doodles - G_6e786d/h2_Weve created more than 5,000 Doodles ove_111429' is visible

07-06-2024T14:06:59 - [MESSAGE][PASSED] - Object 'Object Repository/Page_The Story and Evolution of Doodles - G_6e786d/h2_Weve created more than 5,000 Doodles ove_111429' is visible

07-06-2024T14:06:59 - [TEST_STEP][PASSED] - verifyElementVisible(findTestObject("Object Repository/Page_The Story and Evolution of Doodles - G_6e786d/h1_The story behind Doodles")): Object 'Object Repository/Page_The Story and Evolution of Doodles - G_6e786d/h1_The story behind Doodles' is visible

07-06-2024T14:06:59 - [MESSAGE][PASSED] - Object 'Object Repository/Page_The Story and Evolution of Doodles - G_6e786d/h1_The story behind Doodles' is visible

07-06-2024T14:06:59 - [TEST_STEP][PASSED] - verifyElementVisible(findTestObject("Object Repository/Page_The Story and Evolution of Doodles - G_6e786d/p_The first Doodle was a simple out-of-offi_345e61")): Object 'Object Repository/Page_The Story and Evolution of Doodles - G_6e786d/p_The first Doodle was a simple out-of-offi_345e61' is visible

07-06-2024T14:06:59 - [MESSAGE][PASSED] - Object 'Object Repository/Page_The Story and Evolution of Doodles - G_6e786d/p_The first Doodle was a simple out-of-offi_345e61' is visible

07-06-2024T14:06:59 - [TEST_STEP][PASSED] - verifyElementVisible(findTestObject("Object Repository/Page_The Story and Evolution of Doodles - G_6e786d/h2_Weve created more than 5,000 Doodles ove_111429")): Object 'Object Repository/Page_The Story and Evolution of Doodles - G_6e786d/h2_Weve created more than 5,000 Doodles ove_111429' is visible

07-06-2024T14:06:59 - [MESSAGE][PASSED] - Object 'Object Repository/Page_The Story and Evolution of Doodles - G_6e786d/h2_Weve created more than 5,000 Doodles ove_111429' is visible

07-06-2024T14:06:59 - [TEST_STEP][PASSED] - click(findTestObject("Object Repository/Page_The Story and Evolution of Doodles - G_6e786d/p_The first Doodle was a simple out-of-offi_345e61")): Object: 'Object Repository/Page_The Story and Evolution of Doodles - G_6e786d/p_The first Doodle was a simple out-of-offi_345e61' is clicked on

07-06-2024T14:06:59 - [MESSAGE][PASSED] - Object: 'Object Repository/Page_The Story and Evolution of Doodles - G_6e786d/p_The first Doodle was a simple out-of-offi_345e61' is clicked on

07-06-2024T14:06:59 - [TEST_STEP][PASSED] - verifyElementVisible(findTestObject("Object Repository/Page_The Story and Evolution of Doodles - G_6e786d/h1_The story behind Doodles")): Object 'Object Repository/Page_The Story and Evolution of Doodles - G_6e786d/h1_The story behind Doodles' is visible

07-06-2024T14:06:59 - [MESSAGE][PASSED] - Object 'Object Repository/Page_The Story and Evolution of Doodles - G_6e786d/h1_The story behind Doodles' is visible

07-06-2024T14:06:59 - [TEST_STEP][PASSED] - verifyElementVisible(findTestObject("Object Repository/Page_The Story and Evolution of Doodles - G_6e786d/p_The first Doodle was a simple out-of-offi_345e61")): Object 'Object Repository/Page_The Story and Evolution of Doodles - G_6e786d/p_The first Doodle was a simple out-of-offi_345e61' is visible

07-06-2024T14:06:59 - [MESSAGE][PASSED] - Object 'Object Repository/Page_The Story and Evolution of Doodles - G_6e786d/p_The first Doodle was a simple out-of-offi_345e61' is visible

07-06-2024T14:06:59 - [TEST_STEP][PASSED] - verifyElementVisible(findTestObject("Object Repository/Page_The Story and Evolution of Doodles - G_6e786d/h2_Weve created more than 5,000 Doodles ove_111429")): Object 'Object Repository/Page_The Story and Evolution of Doodles - G_6e786d/h2_Weve created more than 5,000 Doodles ove_111429' is visible

07-06-2024T14:06:59 - [MESSAGE][PASSED] - Object 'Object Repository/Page_The Story and Evolution of Doodles - G_6e786d/h2_Weve created more than 5,000 Doodles ove_111429' is visible

07-06-2024T14:06:59 - [TEST_STEP][PASSED] - click(findTestObject("Object Repository/Page_The Story and Evolution of Doodles - G_6e786d/p_The first Doodle was a simple out-of-offi_345e61")): Object: 'Object Repository/Page_The Story and Evolution of Doodles - G_6e786d/p_The first Doodle was a simple out-of-offi_345e61' is clicked on

07-06-2024T14:06:59 - [MESSAGE][PASSED] - Object: 'Object Repository/Page_The Story and Evolution of Doodles - G_6e786d/p_The first Doodle was a simple out-of-offi_345e61' is clicked on

07-06-2024T14:06:59 - [TEST_STEP][PASSED] - verifyElementVisible(findTestObject("Object Repository/Page_The Story and Evolution of Doodles - G_6e786d/h1_The story behind Doodles")): Object 'Object Repository/Page_The Story and Evolution of Doodles - G_6e786d/h1_The story behind Doodles' is visible

07-06-2024T14:06:59 - [MESSAGE][PASSED] - Object 'Object Repository/Page_The Story and Evolution of Doodles - G_6e786d/h1_The story behind Doodles' is visible

07-06-2024T14:06:59 - [TEST_STEP][PASSED] - verifyElementVisible(findTestObject("Object Repository/Page_The Story and Evolution of Doodles - G_6e786d/p_The first Doodle was a simple out-of-offi_345e61")): Object 'Object Repository/Page_The Story and Evolution of Doodles - G_6e786d/p_The first Doodle was a simple out-of-offi_345e61' is visible

07-06-2024T14:06:59 - [MESSAGE][PASSED] - Object 'Object Repository/Page_The Story and Evolution of Doodles - G_6e786d/p_The first Doodle was a simple out-of-offi_345e61' is visible

07-06-2024T14:06:59 - [TEST_STEP][PASSED] - verifyElementVisible(findTestObject("Object Repository/Page_The Story and Evolution of Doodles - G_6e786d/h2_Weve created more than 5,000 Doodles ove_111429")): Object 'Object Repository/Page_The Story and Evolution of Doodles - G_6e786d/h2_Weve created more than 5,000 Doodles ove_111429' is visible

07-06-2024T14:06:59 - [MESSAGE][PASSED] - Object 'Object Repository/Page_The Story and Evolution of Doodles - G_6e786d/h2_Weve created more than 5,000 Doodles ove_111429' is visible

07-06-2024T14:06:59 - [TEST_STEP][PASSED] - click(findTestObject("Object Repository/Page_The Story and Evolution of Doodles - G_6e786d/p_The first Doodle was a simple out-of-offi_345e61")): Object: 'Object Repository/Page_The Story and Evolution of Doodles - G_6e786d/p_The first Doodle was a simple out-of-offi_345e61' is clicked on

07-06-2024T14:07:00 - [MESSAGE][PASSED] - Object: 'Object Repository/Page_The Story and Evolution of Doodles - G_6e786d/p_The first Doodle was a simple out-of-offi_345e61' is clicked on

07-06-2024T14:07:00 - [TEST_STEP][PASSED] - verifyElementVisible(findTestObject("Object Repository/Page_The Story and Evolution of Doodles - G_6e786d/h1_The story behind Doodles")): Object 'Object Repository/Page_The Story and Evolution of Doodles - G_6e786d/h1_The story behind Doodles' is visible

07-06-2024T14:07:00 - [MESSAGE][PASSED] - Object 'Object Repository/Page_The Story and Evolution of Doodles - G_6e786d/h1_The story behind Doodles' is visible

07-06-2024T14:07:00 - [TEST_STEP][PASSED] - verifyElementVisible(findTestObject("Object Repository/Page_The Story and Evolution of Doodles - G_6e786d/p_The first Doodle was a simple out-of-offi_345e61")): Object 'Object Repository/Page_The Story and Evolution of Doodles - G_6e786d/p_The first Doodle was a simple out-of-offi_345e61' is visible

07-06-2024T14:07:00 - [MESSAGE][PASSED] - Object 'Object Repository/Page_The Story and Evolution of Doodles - G_6e786d/p_The first Doodle was a simple out-of-offi_345e61' is visible

07-06-2024T14:07:00 - [TEST_STEP][PASSED] - verifyElementVisible(findTestObject("Object Repository/Page_The Story and Evolution of Doodles - G_6e786d/h2_Weve created more than 5,000 Doodles ove_111429")): Object 'Object Repository/Page_The Story and Evolution of Doodles - G_6e786d/h2_Weve created more than 5,000 Doodles ove_111429' is visible

07-06-2024T14:07:00 - [MESSAGE][PASSED] - Object 'Object Repository/Page_The Story and Evolution of Doodles - G_6e786d/h2_Weve created more than 5,000 Doodles ove_111429' is visible

07-06-2024T14:07:00 - [TEST_STEP][PASSED] - click(findTestObject("Object Repository/Page_The Story and Evolution of Doodles - G_6e786d/p_The first Doodle was a simple out-of-offi_345e61")): Object: 'Object Repository/Page_The Story and Evolution of Doodles - G_6e786d/p_The first Doodle was a simple out-of-offi_345e61' is clicked on

07-06-2024T14:07:00 - [MESSAGE][PASSED] - Object: 'Object Repository/Page_The Story and Evolution of Doodles - G_6e786d/p_The first Doodle was a simple out-of-offi_345e61' is clicked on

07-06-2024T14:07:00 - [TEST_STEP][PASSED] - verifyElementVisible(findTestObject("Object Repository/Page_The Story and Evolution of Doodles - G_6e786d/h1_The story behind Doodles")): Object 'Object Repository/Page_The Story and Evolution of Doodles - G_6e786d/h1_The story behind Doodles' is visible

07-06-2024T14:07:00 - [MESSAGE][PASSED] - Object 'Object Repository/Page_The Story and Evolution of Doodles - G_6e786d/h1_The story behind Doodles' is visible

07-06-2024T14:07:00 - [TEST_STEP][PASSED] - verifyElementVisible(findTestObject("Object Repository/Page_The Story and Evolution of Doodles - G_6e786d/p_The first Doodle was a simple out-of-offi_345e61")): Object 'Object Repository/Page_The Story and Evolution of Doodles - G_6e786d/p_The first Doodle was a simple out-of-offi_345e61' is visible

07-06-2024T14:07:00 - [MESSAGE][PASSED] - Object 'Object Repository/Page_The Story and Evolution of Doodles - G_6e786d/p_The first Doodle was a simple out-of-offi_345e61' is visible

07-06-2024T14:07:00 - [TEST_STEP][PASSED] - verifyElementVisible(findTestObject("Object Repository/Page_The Story and Evolution of Doodles - G_6e786d/h2_Weve created more than 5,000 Doodles ove_111429")): Object 'Object Repository/Page_The Story and Evolution of Doodles - G_6e786d/h2_Weve created more than 5,000 Doodles ove_111429' is visible

07-06-2024T14:07:00 - [MESSAGE][PASSED] - Object 'Object Repository/Page_The Story and Evolution of Doodles - G_6e786d/h2_Weve created more than 5,000 Doodles ove_111429' is visible

07-06-2024T14:07:00 - [TEST_STEP][PASSED] - click(findTestObject("Object Repository/Page_The Story and Evolution of Doodles - G_6e786d/p_The first Doodle was a simple out-of-offi_345e61")): Object: 'Object Repository/Page_The Story and Evolution of Doodles - G_6e786d/p_The first Doodle was a simple out-of-offi_345e61' is clicked on

07-06-2024T14:07:00 - [MESSAGE][PASSED] - Object: 'Object Repository/Page_The Story and Evolution of Doodles - G_6e786d/p_The first Doodle was a simple out-of-offi_345e61' is clicked on

07-06-2024T14:07:00 - [TEST_STEP][PASSED] - verifyElementVisible(findTestObject("Object Repository/Page_The Story and Evolution of Doodles - G_6e786d/h1_The story behind Doodles")): Object 'Object Repository/Page_The Story and Evolution of Doodles - G_6e786d/h1_The story behind Doodles' is visible

07-06-2024T14:07:00 - [MESSAGE][PASSED] - Object 'Object Repository/Page_The Story and Evolution of Doodles - G_6e786d/h1_The story behind Doodles' is visible

07-06-2024T14:07:00 - [TEST_STEP][PASSED] - verifyElementVisible(findTestObject("Object Repository/Page_The Story and Evolution of Doodles - G_6e786d/p_The first Doodle was a simple out-of-offi_345e61")): Object 'Object Repository/Page_The Story and Evolution of Doodles - G_6e786d/p_The first Doodle was a simple out-of-offi_345e61' is visible

07-06-2024T14:07:00 - [MESSAGE][PASSED] - Object 'Object Repository/Page_The Story and Evolution of Doodles - G_6e786d/p_The first Doodle was a simple out-of-offi_345e61' is visible

07-06-2024T14:07:00 - [TEST_STEP][PASSED] - verifyElementVisible(findTestObject("Object Repository/Page_The Story and Evolution of Doodles - G_6e786d/h2_Weve created more than 5,000 Doodles ove_111429")): Object 'Object Repository/Page_The Story and Evolution of Doodles - G_6e786d/h2_Weve created more than 5,000 Doodles ove_111429' is visible

07-06-2024T14:07:00 - [MESSAGE][PASSED] - Object 'Object Repository/Page_The Story and Evolution of Doodles - G_6e786d/h2_Weve created more than 5,000 Doodles ove_111429' is visible

07-06-2024T14:07:00 - [TEST_STEP][PASSED] - click(findTestObject("Object Repository/Page_The Story and Evolution of Doodles - G_6e786d/p_The first Doodle was a simple out-of-offi_345e61")): Object: 'Object Repository/Page_The Story and Evolution of Doodles - G_6e786d/p_The first Doodle was a simple out-of-offi_345e61' is clicked on

07-06-2024T14:07:01 - [MESSAGE][PASSED] - Object: 'Object Repository/Page_The Story and Evolution of Doodles - G_6e786d/p_The first Doodle was a simple out-of-offi_345e61' is clicked on

07-06-2024T14:07:01 - [TEST_STEP][PASSED] - verifyElementVisible(findTestObject("Object Repository/Page_The Story and Evolution of Doodles - G_6e786d/h1_The story behind Doodles")): Object 'Object Repository/Page_The Story and Evolution of Doodles - G_6e786d/h1_The story behind Doodles' is visible

07-06-2024T14:07:01 - [MESSAGE][PASSED] - Object 'Object Repository/Page_The Story and Evolution of Doodles - G_6e786d/h1_The story behind Doodles' is visible

07-06-2024T14:07:01 - [TEST_STEP][PASSED] - verifyElementVisible(findTestObject("Object Repository/Page_The Story and Evolution of Doodles - G_6e786d/p_The first Doodle was a simple out-of-offi_345e61")): Object 'Object Repository/Page_The Story and Evolution of Doodles - G_6e786d/p_The first Doodle was a simple out-of-offi_345e61' is visible

07-06-2024T14:07:01 - [MESSAGE][PASSED] - Object 'Object Repository/Page_The Story and Evolution of Doodles - G_6e786d/p_The first Doodle was a simple out-of-offi_345e61' is visible

07-06-2024T14:07:01 - [TEST_STEP][PASSED] - verifyElementVisible(findTestObject("Object Repository/Page_The Story and Evolution of Doodles - G_6e786d/h2_Weve created more than 5,000 Doodles ove_111429")): Object 'Object Repository/Page_The Story and Evolution of Doodles - G_6e786d/h2_Weve created more than 5,000 Doodles ove_111429' is visible

07-06-2024T14:07:01 - [MESSAGE][PASSED] - Object 'Object Repository/Page_The Story and Evolution of Doodles - G_6e786d/h2_Weve created more than 5,000 Doodles ove_111429' is visible

07-06-2024T14:07:01 - [TEST_STEP][PASSED] - click(findTestObject("Object Repository/Page_The Story and Evolution of Doodles - G_6e786d/p_The first Doodle was a simple out-of-offi_345e61")): Object: 'Object Repository/Page_The Story and Evolution of Doodles - G_6e786d/p_The first Doodle was a simple out-of-offi_345e61' is clicked on

07-06-2024T14:07:01 - [MESSAGE][PASSED] - Object: 'Object Repository/Page_The Story and Evolution of Doodles - G_6e786d/p_The first Doodle was a simple out-of-offi_345e61' is clicked on

07-06-2024T14:07:01 - [TEST_STEP][PASSED] - verifyElementVisible(findTestObject("Object Repository/Page_The Story and Evolution of Doodles - G_6e786d/h1_The story behind Doodles")): Object 'Object Repository/Page_The Story and Evolution of Doodles - G_6e786d/h1_The story behind Doodles' is visible

07-06-2024T14:07:01 - [MESSAGE][PASSED] - Object 'Object Repository/Page_The Story and Evolution of Doodles - G_6e786d/h1_The story behind Doodles' is visible

07-06-2024T14:07:01 - [TEST_STEP][PASSED] - verifyElementVisible(findTestObject("Object Repository/Page_The Story and Evolution of Doodles - G_6e786d/p_The first Doodle was a simple out-of-offi_345e61")): Object 'Object Repository/Page_The Story and Evolution of Doodles - G_6e786d/p_The first Doodle was a simple out-of-offi_345e61' is visible

07-06-2024T14:07:01 - [MESSAGE][PASSED] - Object 'Object Repository/Page_The Story and Evolution of Doodles - G_6e786d/p_The first Doodle was a simple out-of-offi_345e61' is visible

07-06-2024T14:07:01 - [TEST_STEP][PASSED] - verifyElementVisible(findTestObject("Object Repository/Page_The Story and Evolution of Doodles - G_6e786d/h2_Weve created more than 5,000 Doodles ove_111429")): Object 'Object Repository/Page_The Story and Evolution of Doodles - G_6e786d/h2_Weve created more than 5,000 Doodles ove_111429' is visible

07-06-2024T14:07:01 - [MESSAGE][PASSED] - Object 'Object Repository/Page_The Story and Evolution of Doodles - G_6e786d/h2_Weve created more than 5,000 Doodles ove_111429' is visible

07-06-2024T14:07:01 - [TEST_STEP][PASSED] - click(findTestObject("Object Repository/Page_The Story and Evolution of Doodles - G_6e786d/p_The first Doodle was a simple out-of-offi_345e61")): Object: 'Object Repository/Page_The Story and Evolution of Doodles - G_6e786d/p_The first Doodle was a simple out-of-offi_345e61' is clicked on

07-06-2024T14:07:01 - [MESSAGE][PASSED] - Object: 'Object Repository/Page_The Story and Evolution of Doodles - G_6e786d/p_The first Doodle was a simple out-of-offi_345e61' is clicked on

07-06-2024T14:07:01 - [TEST_STEP][PASSED] - verifyElementVisible(findTestObject("Object Repository/Page_The Story and Evolution of Doodles - G_6e786d/h1_The story behind Doodles")): Object 'Object Repository/Page_The Story and Evolution of Doodles - G_6e786d/h1_The story behind Doodles' is visible

07-06-2024T14:07:01 - [MESSAGE][PASSED] - Object 'Object Repository/Page_The Story and Evolution of Doodles - G_6e786d/h1_The story behind Doodles' is visible

07-06-2024T14:07:01 - [TEST_STEP][PASSED] - verifyElementVisible(findTestObject("Object Repository/Page_The Story and Evolution of Doodles - G_6e786d/p_The first Doodle was a simple out-of-offi_345e61")): Object 'Object Repository/Page_The Story and Evolution of Doodles - G_6e786d/p_The first Doodle was a simple out-of-offi_345e61' is visible

07-06-2024T14:07:01 - [MESSAGE][PASSED] - Object 'Object Repository/Page_The Story and Evolution of Doodles - G_6e786d/p_The first Doodle was a simple out-of-offi_345e61' is visible

07-06-2024T14:07:01 - [TEST_STEP][PASSED] - verifyElementVisible(findTestObject("Object Repository/Page_The Story and Evolution of Doodles - G_6e786d/h2_Weve created more than 5,000 Doodles ove_111429")): Object 'Object Repository/Page_The Story and Evolution of Doodles - G_6e786d/h2_Weve created more than 5,000 Doodles ove_111429' is visible

07-06-2024T14:07:01 - [MESSAGE][PASSED] - Object 'Object Repository/Page_The Story and Evolution of Doodles - G_6e786d/h2_Weve created more than 5,000 Doodles ove_111429' is visible

07-06-2024T14:07:01 - [TEST_STEP][PASSED] - click(findTestObject("Object Repository/Page_The Story and Evolution of Doodles - G_6e786d/p_The first Doodle was a simple out-of-offi_345e61")): Object: 'Object Repository/Page_The Story and Evolution of Doodles - G_6e786d/p_The first Doodle was a simple out-of-offi_345e61' is clicked on

07-06-2024T14:07:02 - [MESSAGE][PASSED] - Object: 'Object Repository/Page_The Story and Evolution of Doodles - G_6e786d/p_The first Doodle was a simple out-of-offi_345e61' is clicked on

07-06-2024T14:07:02 - [TEST_STEP][PASSED] - verifyElementVisible(findTestObject("Object Repository/Page_The Story and Evolution of Doodles - G_6e786d/h1_The story behind Doodles")): Object 'Object Repository/Page_The Story and Evolution of Doodles - G_6e786d/h1_The story behind Doodles' is visible

07-06-2024T14:07:02 - [MESSAGE][PASSED] - Object 'Object Repository/Page_The Story and Evolution of Doodles - G_6e786d/h1_The story behind Doodles' is visible

07-06-2024T14:07:02 - [TEST_STEP][PASSED] - verifyElementVisible(findTestObject("Object Repository/Page_The Story and Evolution of Doodles - G_6e786d/p_The first Doodle was a simple out-of-offi_345e61")): Object 'Object Repository/Page_The Story and Evolution of Doodles - G_6e786d/p_The first Doodle was a simple out-of-offi_345e61' is visible

07-06-2024T14:07:02 - [MESSAGE][PASSED] - Object 'Object Repository/Page_The Story and Evolution of Doodles - G_6e786d/p_The first Doodle was a simple out-of-offi_345e61' is visible

07-06-2024T14:07:02 - [TEST_STEP][PASSED] - verifyElementVisible(findTestObject("Object Repository/Page_The Story and Evolution of Doodles - G_6e786d/h2_Weve created more than 5,000 Doodles ove_111429")): Object 'Object Repository/Page_The Story and Evolution of Doodles - G_6e786d/h2_Weve created more than 5,000 Doodles ove_111429' is visible

07-06-2024T14:07:02 - [MESSAGE][PASSED] - Object 'Object Repository/Page_The Story and Evolution of Doodles - G_6e786d/h2_Weve created more than 5,000 Doodles ove_111429' is visible]]></system-out>
         <system-err><![CDATA[]]></system-err>
      </testcase>
      <testcase name="Test Cases/test case folder 1/tc1 - Copy (3) - Copy (1)" time="8.229" classname="Test Cases/test case folder 1/tc1 - Copy (3) - Copy (1)" status="PASSED">
         <system-out><![CDATA[07-06-2024T14:07:02 - [TEST_CASE][PASSED] - Test Cases/test case folder 1/tc1 - Copy (3) - Copy (1): Test Cases/test case folder 1/tc1 - Copy (3) - Copy (1)

07-06-2024T14:07:02 - [TEST_STEP][PASSED] - openBrowser(""): Browser is opened with url: ''

07-06-2024T14:07:02 - [MESSAGE][WARNING] - A browser is already opened. Closing browser and opening a new one

07-06-2024T14:07:03 - [MESSAGE][INFO] - Starting 'Firefox (headless)' driver

07-06-2024T14:07:03 - [MESSAGE][INFO] - Action delay is set to 0 milliseconds

07-06-2024T14:07:05 - [MESSAGE][PASSED] - Browser is opened with url: ''

07-06-2024T14:07:05 - [TEST_STEP][PASSED] - navigateToUrl("https://doodles.google/about/"): Navigate to 'https://doodles.google/about/' successfully

07-06-2024T14:07:06 - [MESSAGE][PASSED] - Navigate to 'https://doodles.google/about/' successfully

07-06-2024T14:07:06 - [TEST_STEP][PASSED] - click(findTestObject("Object Repository/Page_The Story and Evolution of Doodles - G_6e786d/p_The first Doodle was a simple out-of-offi_345e61")): Object: 'Object Repository/Page_The Story and Evolution of Doodles - G_6e786d/p_The first Doodle was a simple out-of-offi_345e61' is clicked on

07-06-2024T14:07:07 - [MESSAGE][PASSED] - Object: 'Object Repository/Page_The Story and Evolution of Doodles - G_6e786d/p_The first Doodle was a simple out-of-offi_345e61' is clicked on

07-06-2024T14:07:07 - [TEST_STEP][PASSED] - click(findTestObject("Object Repository/Page_The Story and Evolution of Doodles - G_6e786d/p_The first Doodle was a simple out-of-offi_345e61")): Object: 'Object Repository/Page_The Story and Evolution of Doodles - G_6e786d/p_The first Doodle was a simple out-of-offi_345e61' is clicked on

07-06-2024T14:07:07 - [MESSAGE][PASSED] - Object: 'Object Repository/Page_The Story and Evolution of Doodles - G_6e786d/p_The first Doodle was a simple out-of-offi_345e61' is clicked on

07-06-2024T14:07:07 - [TEST_STEP][PASSED] - verifyElementVisible(findTestObject("Object Repository/Page_The Story and Evolution of Doodles - G_6e786d/h1_The story behind Doodles")): Object 'Object Repository/Page_The Story and Evolution of Doodles - G_6e786d/h1_The story behind Doodles' is visible

07-06-2024T14:07:07 - [MESSAGE][PASSED] - Object 'Object Repository/Page_The Story and Evolution of Doodles - G_6e786d/h1_The story behind Doodles' is visible

07-06-2024T14:07:07 - [TEST_STEP][PASSED] - verifyElementVisible(findTestObject("Object Repository/Page_The Story and Evolution of Doodles - G_6e786d/p_The first Doodle was a simple out-of-offi_345e61")): Object 'Object Repository/Page_The Story and Evolution of Doodles - G_6e786d/p_The first Doodle was a simple out-of-offi_345e61' is visible

07-06-2024T14:07:07 - [MESSAGE][PASSED] - Object 'Object Repository/Page_The Story and Evolution of Doodles - G_6e786d/p_The first Doodle was a simple out-of-offi_345e61' is visible

07-06-2024T14:07:07 - [TEST_STEP][PASSED] - verifyElementVisible(findTestObject("Object Repository/Page_The Story and Evolution of Doodles - G_6e786d/h2_Weve created more than 5,000 Doodles ove_111429")): Object 'Object Repository/Page_The Story and Evolution of Doodles - G_6e786d/h2_Weve created more than 5,000 Doodles ove_111429' is visible

07-06-2024T14:07:07 - [MESSAGE][PASSED] - Object 'Object Repository/Page_The Story and Evolution of Doodles - G_6e786d/h2_Weve created more than 5,000 Doodles ove_111429' is visible

07-06-2024T14:07:07 - [TEST_STEP][PASSED] - verifyElementVisible(findTestObject("Object Repository/Page_The Story and Evolution of Doodles - G_6e786d/h1_The story behind Doodles")): Object 'Object Repository/Page_The Story and Evolution of Doodles - G_6e786d/h1_The story behind Doodles' is visible

07-06-2024T14:07:07 - [MESSAGE][PASSED] - Object 'Object Repository/Page_The Story and Evolution of Doodles - G_6e786d/h1_The story behind Doodles' is visible

07-06-2024T14:07:07 - [TEST_STEP][PASSED] - verifyElementVisible(findTestObject("Object Repository/Page_The Story and Evolution of Doodles - G_6e786d/p_The first Doodle was a simple out-of-offi_345e61")): Object 'Object Repository/Page_The Story and Evolution of Doodles - G_6e786d/p_The first Doodle was a simple out-of-offi_345e61' is visible

07-06-2024T14:07:07 - [MESSAGE][PASSED] - Object 'Object Repository/Page_The Story and Evolution of Doodles - G_6e786d/p_The first Doodle was a simple out-of-offi_345e61' is visible

07-06-2024T14:07:07 - [TEST_STEP][PASSED] - verifyElementVisible(findTestObject("Object Repository/Page_The Story and Evolution of Doodles - G_6e786d/h2_Weve created more than 5,000 Doodles ove_111429")): Object 'Object Repository/Page_The Story and Evolution of Doodles - G_6e786d/h2_Weve created more than 5,000 Doodles ove_111429' is visible

07-06-2024T14:07:07 - [MESSAGE][PASSED] - Object 'Object Repository/Page_The Story and Evolution of Doodles - G_6e786d/h2_Weve created more than 5,000 Doodles ove_111429' is visible

07-06-2024T14:07:07 - [TEST_STEP][PASSED] - click(findTestObject("Object Repository/Page_The Story and Evolution of Doodles - G_6e786d/p_The first Doodle was a simple out-of-offi_345e61")): Object: 'Object Repository/Page_The Story and Evolution of Doodles - G_6e786d/p_The first Doodle was a simple out-of-offi_345e61' is clicked on

07-06-2024T14:07:07 - [MESSAGE][PASSED] - Object: 'Object Repository/Page_The Story and Evolution of Doodles - G_6e786d/p_The first Doodle was a simple out-of-offi_345e61' is clicked on

07-06-2024T14:07:07 - [TEST_STEP][PASSED] - verifyElementVisible(findTestObject("Object Repository/Page_The Story and Evolution of Doodles - G_6e786d/h1_The story behind Doodles")): Object 'Object Repository/Page_The Story and Evolution of Doodles - G_6e786d/h1_The story behind Doodles' is visible

07-06-2024T14:07:07 - [MESSAGE][PASSED] - Object 'Object Repository/Page_The Story and Evolution of Doodles - G_6e786d/h1_The story behind Doodles' is visible

07-06-2024T14:07:07 - [TEST_STEP][PASSED] - verifyElementVisible(findTestObject("Object Repository/Page_The Story and Evolution of Doodles - G_6e786d/p_The first Doodle was a simple out-of-offi_345e61")): Object 'Object Repository/Page_The Story and Evolution of Doodles - G_6e786d/p_The first Doodle was a simple out-of-offi_345e61' is visible

07-06-2024T14:07:08 - [MESSAGE][PASSED] - Object 'Object Repository/Page_The Story and Evolution of Doodles - G_6e786d/p_The first Doodle was a simple out-of-offi_345e61' is visible

07-06-2024T14:07:08 - [TEST_STEP][PASSED] - verifyElementVisible(findTestObject("Object Repository/Page_The Story and Evolution of Doodles - G_6e786d/h2_Weve created more than 5,000 Doodles ove_111429")): Object 'Object Repository/Page_The Story and Evolution of Doodles - G_6e786d/h2_Weve created more than 5,000 Doodles ove_111429' is visible

07-06-2024T14:07:08 - [MESSAGE][PASSED] - Object 'Object Repository/Page_The Story and Evolution of Doodles - G_6e786d/h2_Weve created more than 5,000 Doodles ove_111429' is visible

07-06-2024T14:07:08 - [TEST_STEP][PASSED] - click(findTestObject("Object Repository/Page_The Story and Evolution of Doodles - G_6e786d/p_The first Doodle was a simple out-of-offi_345e61")): Object: 'Object Repository/Page_The Story and Evolution of Doodles - G_6e786d/p_The first Doodle was a simple out-of-offi_345e61' is clicked on

07-06-2024T14:07:08 - [MESSAGE][PASSED] - Object: 'Object Repository/Page_The Story and Evolution of Doodles - G_6e786d/p_The first Doodle was a simple out-of-offi_345e61' is clicked on

07-06-2024T14:07:08 - [TEST_STEP][PASSED] - verifyElementVisible(findTestObject("Object Repository/Page_The Story and Evolution of Doodles - G_6e786d/h1_The story behind Doodles")): Object 'Object Repository/Page_The Story and Evolution of Doodles - G_6e786d/h1_The story behind Doodles' is visible

07-06-2024T14:07:08 - [MESSAGE][PASSED] - Object 'Object Repository/Page_The Story and Evolution of Doodles - G_6e786d/h1_The story behind Doodles' is visible

07-06-2024T14:07:08 - [TEST_STEP][PASSED] - verifyElementVisible(findTestObject("Object Repository/Page_The Story and Evolution of Doodles - G_6e786d/p_The first Doodle was a simple out-of-offi_345e61")): Object 'Object Repository/Page_The Story and Evolution of Doodles - G_6e786d/p_The first Doodle was a simple out-of-offi_345e61' is visible

07-06-2024T14:07:08 - [MESSAGE][PASSED] - Object 'Object Repository/Page_The Story and Evolution of Doodles - G_6e786d/p_The first Doodle was a simple out-of-offi_345e61' is visible

07-06-2024T14:07:08 - [TEST_STEP][PASSED] - verifyElementVisible(findTestObject("Object Repository/Page_The Story and Evolution of Doodles - G_6e786d/h2_Weve created more than 5,000 Doodles ove_111429")): Object 'Object Repository/Page_The Story and Evolution of Doodles - G_6e786d/h2_Weve created more than 5,000 Doodles ove_111429' is visible

07-06-2024T14:07:08 - [MESSAGE][PASSED] - Object 'Object Repository/Page_The Story and Evolution of Doodles - G_6e786d/h2_Weve created more than 5,000 Doodles ove_111429' is visible

07-06-2024T14:07:08 - [TEST_STEP][PASSED] - click(findTestObject("Object Repository/Page_The Story and Evolution of Doodles - G_6e786d/p_The first Doodle was a simple out-of-offi_345e61")): Object: 'Object Repository/Page_The Story and Evolution of Doodles - G_6e786d/p_The first Doodle was a simple out-of-offi_345e61' is clicked on

07-06-2024T14:07:08 - [MESSAGE][PASSED] - Object: 'Object Repository/Page_The Story and Evolution of Doodles - G_6e786d/p_The first Doodle was a simple out-of-offi_345e61' is clicked on

07-06-2024T14:07:08 - [TEST_STEP][PASSED] - verifyElementVisible(findTestObject("Object Repository/Page_The Story and Evolution of Doodles - G_6e786d/h1_The story behind Doodles")): Object 'Object Repository/Page_The Story and Evolution of Doodles - G_6e786d/h1_The story behind Doodles' is visible

07-06-2024T14:07:08 - [MESSAGE][PASSED] - Object 'Object Repository/Page_The Story and Evolution of Doodles - G_6e786d/h1_The story behind Doodles' is visible

07-06-2024T14:07:08 - [TEST_STEP][PASSED] - verifyElementVisible(findTestObject("Object Repository/Page_The Story and Evolution of Doodles - G_6e786d/p_The first Doodle was a simple out-of-offi_345e61")): Object 'Object Repository/Page_The Story and Evolution of Doodles - G_6e786d/p_The first Doodle was a simple out-of-offi_345e61' is visible

07-06-2024T14:07:08 - [MESSAGE][PASSED] - Object 'Object Repository/Page_The Story and Evolution of Doodles - G_6e786d/p_The first Doodle was a simple out-of-offi_345e61' is visible

07-06-2024T14:07:08 - [TEST_STEP][PASSED] - verifyElementVisible(findTestObject("Object Repository/Page_The Story and Evolution of Doodles - G_6e786d/h2_Weve created more than 5,000 Doodles ove_111429")): Object 'Object Repository/Page_The Story and Evolution of Doodles - G_6e786d/h2_Weve created more than 5,000 Doodles ove_111429' is visible

07-06-2024T14:07:08 - [MESSAGE][PASSED] - Object 'Object Repository/Page_The Story and Evolution of Doodles - G_6e786d/h2_Weve created more than 5,000 Doodles ove_111429' is visible

07-06-2024T14:07:08 - [TEST_STEP][PASSED] - click(findTestObject("Object Repository/Page_The Story and Evolution of Doodles - G_6e786d/p_The first Doodle was a simple out-of-offi_345e61")): Object: 'Object Repository/Page_The Story and Evolution of Doodles - G_6e786d/p_The first Doodle was a simple out-of-offi_345e61' is clicked on

07-06-2024T14:07:08 - [MESSAGE][PASSED] - Object: 'Object Repository/Page_The Story and Evolution of Doodles - G_6e786d/p_The first Doodle was a simple out-of-offi_345e61' is clicked on

07-06-2024T14:07:08 - [TEST_STEP][PASSED] - verifyElementVisible(findTestObject("Object Repository/Page_The Story and Evolution of Doodles - G_6e786d/h1_The story behind Doodles")): Object 'Object Repository/Page_The Story and Evolution of Doodles - G_6e786d/h1_The story behind Doodles' is visible

07-06-2024T14:07:08 - [MESSAGE][PASSED] - Object 'Object Repository/Page_The Story and Evolution of Doodles - G_6e786d/h1_The story behind Doodles' is visible

07-06-2024T14:07:08 - [TEST_STEP][PASSED] - verifyElementVisible(findTestObject("Object Repository/Page_The Story and Evolution of Doodles - G_6e786d/p_The first Doodle was a simple out-of-offi_345e61")): Object 'Object Repository/Page_The Story and Evolution of Doodles - G_6e786d/p_The first Doodle was a simple out-of-offi_345e61' is visible

07-06-2024T14:07:08 - [MESSAGE][PASSED] - Object 'Object Repository/Page_The Story and Evolution of Doodles - G_6e786d/p_The first Doodle was a simple out-of-offi_345e61' is visible

07-06-2024T14:07:08 - [TEST_STEP][PASSED] - verifyElementVisible(findTestObject("Object Repository/Page_The Story and Evolution of Doodles - G_6e786d/h2_Weve created more than 5,000 Doodles ove_111429")): Object 'Object Repository/Page_The Story and Evolution of Doodles - G_6e786d/h2_Weve created more than 5,000 Doodles ove_111429' is visible

07-06-2024T14:07:08 - [MESSAGE][PASSED] - Object 'Object Repository/Page_The Story and Evolution of Doodles - G_6e786d/h2_Weve created more than 5,000 Doodles ove_111429' is visible

07-06-2024T14:07:08 - [TEST_STEP][PASSED] - click(findTestObject("Object Repository/Page_The Story and Evolution of Doodles - G_6e786d/p_The first Doodle was a simple out-of-offi_345e61")): Object: 'Object Repository/Page_The Story and Evolution of Doodles - G_6e786d/p_The first Doodle was a simple out-of-offi_345e61' is clicked on

07-06-2024T14:07:09 - [MESSAGE][PASSED] - Object: 'Object Repository/Page_The Story and Evolution of Doodles - G_6e786d/p_The first Doodle was a simple out-of-offi_345e61' is clicked on

07-06-2024T14:07:09 - [TEST_STEP][PASSED] - verifyElementVisible(findTestObject("Object Repository/Page_The Story and Evolution of Doodles - G_6e786d/h1_The story behind Doodles")): Object 'Object Repository/Page_The Story and Evolution of Doodles - G_6e786d/h1_The story behind Doodles' is visible

07-06-2024T14:07:09 - [MESSAGE][PASSED] - Object 'Object Repository/Page_The Story and Evolution of Doodles - G_6e786d/h1_The story behind Doodles' is visible

07-06-2024T14:07:09 - [TEST_STEP][PASSED] - verifyElementVisible(findTestObject("Object Repository/Page_The Story and Evolution of Doodles - G_6e786d/p_The first Doodle was a simple out-of-offi_345e61")): Object 'Object Repository/Page_The Story and Evolution of Doodles - G_6e786d/p_The first Doodle was a simple out-of-offi_345e61' is visible

07-06-2024T14:07:09 - [MESSAGE][PASSED] - Object 'Object Repository/Page_The Story and Evolution of Doodles - G_6e786d/p_The first Doodle was a simple out-of-offi_345e61' is visible

07-06-2024T14:07:09 - [TEST_STEP][PASSED] - verifyElementVisible(findTestObject("Object Repository/Page_The Story and Evolution of Doodles - G_6e786d/h2_Weve created more than 5,000 Doodles ove_111429")): Object 'Object Repository/Page_The Story and Evolution of Doodles - G_6e786d/h2_Weve created more than 5,000 Doodles ove_111429' is visible

07-06-2024T14:07:09 - [MESSAGE][PASSED] - Object 'Object Repository/Page_The Story and Evolution of Doodles - G_6e786d/h2_Weve created more than 5,000 Doodles ove_111429' is visible

07-06-2024T14:07:09 - [TEST_STEP][PASSED] - click(findTestObject("Object Repository/Page_The Story and Evolution of Doodles - G_6e786d/p_The first Doodle was a simple out-of-offi_345e61")): Object: 'Object Repository/Page_The Story and Evolution of Doodles - G_6e786d/p_The first Doodle was a simple out-of-offi_345e61' is clicked on

07-06-2024T14:07:09 - [MESSAGE][PASSED] - Object: 'Object Repository/Page_The Story and Evolution of Doodles - G_6e786d/p_The first Doodle was a simple out-of-offi_345e61' is clicked on

07-06-2024T14:07:09 - [TEST_STEP][PASSED] - verifyElementVisible(findTestObject("Object Repository/Page_The Story and Evolution of Doodles - G_6e786d/h1_The story behind Doodles")): Object 'Object Repository/Page_The Story and Evolution of Doodles - G_6e786d/h1_The story behind Doodles' is visible

07-06-2024T14:07:09 - [MESSAGE][PASSED] - Object 'Object Repository/Page_The Story and Evolution of Doodles - G_6e786d/h1_The story behind Doodles' is visible

07-06-2024T14:07:09 - [TEST_STEP][PASSED] - verifyElementVisible(findTestObject("Object Repository/Page_The Story and Evolution of Doodles - G_6e786d/p_The first Doodle was a simple out-of-offi_345e61")): Object 'Object Repository/Page_The Story and Evolution of Doodles - G_6e786d/p_The first Doodle was a simple out-of-offi_345e61' is visible

07-06-2024T14:07:09 - [MESSAGE][PASSED] - Object 'Object Repository/Page_The Story and Evolution of Doodles - G_6e786d/p_The first Doodle was a simple out-of-offi_345e61' is visible

07-06-2024T14:07:09 - [TEST_STEP][PASSED] - verifyElementVisible(findTestObject("Object Repository/Page_The Story and Evolution of Doodles - G_6e786d/h2_Weve created more than 5,000 Doodles ove_111429")): Object 'Object Repository/Page_The Story and Evolution of Doodles - G_6e786d/h2_Weve created more than 5,000 Doodles ove_111429' is visible

07-06-2024T14:07:09 - [MESSAGE][PASSED] - Object 'Object Repository/Page_The Story and Evolution of Doodles - G_6e786d/h2_Weve created more than 5,000 Doodles ove_111429' is visible

07-06-2024T14:07:09 - [TEST_STEP][PASSED] - click(findTestObject("Object Repository/Page_The Story and Evolution of Doodles - G_6e786d/p_The first Doodle was a simple out-of-offi_345e61")): Object: 'Object Repository/Page_The Story and Evolution of Doodles - G_6e786d/p_The first Doodle was a simple out-of-offi_345e61' is clicked on

07-06-2024T14:07:09 - [MESSAGE][PASSED] - Object: 'Object Repository/Page_The Story and Evolution of Doodles - G_6e786d/p_The first Doodle was a simple out-of-offi_345e61' is clicked on

07-06-2024T14:07:09 - [TEST_STEP][PASSED] - verifyElementVisible(findTestObject("Object Repository/Page_The Story and Evolution of Doodles - G_6e786d/h1_The story behind Doodles")): Object 'Object Repository/Page_The Story and Evolution of Doodles - G_6e786d/h1_The story behind Doodles' is visible

07-06-2024T14:07:09 - [MESSAGE][PASSED] - Object 'Object Repository/Page_The Story and Evolution of Doodles - G_6e786d/h1_The story behind Doodles' is visible

07-06-2024T14:07:09 - [TEST_STEP][PASSED] - verifyElementVisible(findTestObject("Object Repository/Page_The Story and Evolution of Doodles - G_6e786d/p_The first Doodle was a simple out-of-offi_345e61")): Object 'Object Repository/Page_The Story and Evolution of Doodles - G_6e786d/p_The first Doodle was a simple out-of-offi_345e61' is visible

07-06-2024T14:07:09 - [MESSAGE][PASSED] - Object 'Object Repository/Page_The Story and Evolution of Doodles - G_6e786d/p_The first Doodle was a simple out-of-offi_345e61' is visible

07-06-2024T14:07:09 - [TEST_STEP][PASSED] - verifyElementVisible(findTestObject("Object Repository/Page_The Story and Evolution of Doodles - G_6e786d/h2_Weve created more than 5,000 Doodles ove_111429")): Object 'Object Repository/Page_The Story and Evolution of Doodles - G_6e786d/h2_Weve created more than 5,000 Doodles ove_111429' is visible

07-06-2024T14:07:09 - [MESSAGE][PASSED] - Object 'Object Repository/Page_The Story and Evolution of Doodles - G_6e786d/h2_Weve created more than 5,000 Doodles ove_111429' is visible

07-06-2024T14:07:09 - [TEST_STEP][PASSED] - click(findTestObject("Object Repository/Page_The Story and Evolution of Doodles - G_6e786d/p_The first Doodle was a simple out-of-offi_345e61")): Object: 'Object Repository/Page_The Story and Evolution of Doodles - G_6e786d/p_The first Doodle was a simple out-of-offi_345e61' is clicked on

07-06-2024T14:07:10 - [MESSAGE][PASSED] - Object: 'Object Repository/Page_The Story and Evolution of Doodles - G_6e786d/p_The first Doodle was a simple out-of-offi_345e61' is clicked on

07-06-2024T14:07:10 - [TEST_STEP][PASSED] - verifyElementVisible(findTestObject("Object Repository/Page_The Story and Evolution of Doodles - G_6e786d/h1_The story behind Doodles")): Object 'Object Repository/Page_The Story and Evolution of Doodles - G_6e786d/h1_The story behind Doodles' is visible

07-06-2024T14:07:10 - [MESSAGE][PASSED] - Object 'Object Repository/Page_The Story and Evolution of Doodles - G_6e786d/h1_The story behind Doodles' is visible

07-06-2024T14:07:10 - [TEST_STEP][PASSED] - verifyElementVisible(findTestObject("Object Repository/Page_The Story and Evolution of Doodles - G_6e786d/p_The first Doodle was a simple out-of-offi_345e61")): Object 'Object Repository/Page_The Story and Evolution of Doodles - G_6e786d/p_The first Doodle was a simple out-of-offi_345e61' is visible

07-06-2024T14:07:10 - [MESSAGE][PASSED] - Object 'Object Repository/Page_The Story and Evolution of Doodles - G_6e786d/p_The first Doodle was a simple out-of-offi_345e61' is visible

07-06-2024T14:07:10 - [TEST_STEP][PASSED] - verifyElementVisible(findTestObject("Object Repository/Page_The Story and Evolution of Doodles - G_6e786d/h2_Weve created more than 5,000 Doodles ove_111429")): Object 'Object Repository/Page_The Story and Evolution of Doodles - G_6e786d/h2_Weve created more than 5,000 Doodles ove_111429' is visible

07-06-2024T14:07:10 - [MESSAGE][PASSED] - Object 'Object Repository/Page_The Story and Evolution of Doodles - G_6e786d/h2_Weve created more than 5,000 Doodles ove_111429' is visible

07-06-2024T14:07:10 - [TEST_STEP][PASSED] - click(findTestObject("Object Repository/Page_The Story and Evolution of Doodles - G_6e786d/p_The first Doodle was a simple out-of-offi_345e61")): Object: 'Object Repository/Page_The Story and Evolution of Doodles - G_6e786d/p_The first Doodle was a simple out-of-offi_345e61' is clicked on

07-06-2024T14:07:10 - [MESSAGE][PASSED] - Object: 'Object Repository/Page_The Story and Evolution of Doodles - G_6e786d/p_The first Doodle was a simple out-of-offi_345e61' is clicked on

07-06-2024T14:07:10 - [TEST_STEP][PASSED] - verifyElementVisible(findTestObject("Object Repository/Page_The Story and Evolution of Doodles - G_6e786d/h1_The story behind Doodles")): Object 'Object Repository/Page_The Story and Evolution of Doodles - G_6e786d/h1_The story behind Doodles' is visible

07-06-2024T14:07:10 - [MESSAGE][PASSED] - Object 'Object Repository/Page_The Story and Evolution of Doodles - G_6e786d/h1_The story behind Doodles' is visible

07-06-2024T14:07:10 - [TEST_STEP][PASSED] - verifyElementVisible(findTestObject("Object Repository/Page_The Story and Evolution of Doodles - G_6e786d/p_The first Doodle was a simple out-of-offi_345e61")): Object 'Object Repository/Page_The Story and Evolution of Doodles - G_6e786d/p_The first Doodle was a simple out-of-offi_345e61' is visible

07-06-2024T14:07:10 - [MESSAGE][PASSED] - Object 'Object Repository/Page_The Story and Evolution of Doodles - G_6e786d/p_The first Doodle was a simple out-of-offi_345e61' is visible

07-06-2024T14:07:10 - [TEST_STEP][PASSED] - verifyElementVisible(findTestObject("Object Repository/Page_The Story and Evolution of Doodles - G_6e786d/h2_Weve created more than 5,000 Doodles ove_111429")): Object 'Object Repository/Page_The Story and Evolution of Doodles - G_6e786d/h2_Weve created more than 5,000 Doodles ove_111429' is visible

07-06-2024T14:07:10 - [MESSAGE][PASSED] - Object 'Object Repository/Page_The Story and Evolution of Doodles - G_6e786d/h2_Weve created more than 5,000 Doodles ove_111429' is visible]]></system-out>
         <system-err><![CDATA[]]></system-err>
      </testcase>
      <testcase name="Test Cases/test case folder 1/tc1 - Copy (3) - Copy (2)" time="7.707" classname="Test Cases/test case folder 1/tc1 - Copy (3) - Copy (2)" status="PASSED">
         <system-out><![CDATA[07-06-2024T14:07:10 - [TEST_CASE][PASSED] - Test Cases/test case folder 1/tc1 - Copy (3) - Copy (2): Test Cases/test case folder 1/tc1 - Copy (3) - Copy (2)

07-06-2024T14:07:10 - [TEST_STEP][PASSED] - openBrowser(""): Browser is opened with url: ''

07-06-2024T14:07:10 - [MESSAGE][WARNING] - A browser is already opened. Closing browser and opening a new one

07-06-2024T14:07:11 - [MESSAGE][INFO] - Starting 'Firefox (headless)' driver

07-06-2024T14:07:11 - [MESSAGE][INFO] - Action delay is set to 0 milliseconds

07-06-2024T14:07:13 - [MESSAGE][PASSED] - Browser is opened with url: ''

07-06-2024T14:07:13 - [TEST_STEP][PASSED] - navigateToUrl("https://doodles.google/about/"): Navigate to 'https://doodles.google/about/' successfully

07-06-2024T14:07:14 - [MESSAGE][PASSED] - Navigate to 'https://doodles.google/about/' successfully

07-06-2024T14:07:14 - [TEST_STEP][PASSED] - click(findTestObject("Object Repository/Page_The Story and Evolution of Doodles - G_6e786d/p_The first Doodle was a simple out-of-offi_345e61")): Object: 'Object Repository/Page_The Story and Evolution of Doodles - G_6e786d/p_The first Doodle was a simple out-of-offi_345e61' is clicked on

07-06-2024T14:07:14 - [MESSAGE][PASSED] - Object: 'Object Repository/Page_The Story and Evolution of Doodles - G_6e786d/p_The first Doodle was a simple out-of-offi_345e61' is clicked on

07-06-2024T14:07:14 - [TEST_STEP][PASSED] - click(findTestObject("Object Repository/Page_The Story and Evolution of Doodles - G_6e786d/p_The first Doodle was a simple out-of-offi_345e61")): Object: 'Object Repository/Page_The Story and Evolution of Doodles - G_6e786d/p_The first Doodle was a simple out-of-offi_345e61' is clicked on

07-06-2024T14:07:15 - [MESSAGE][PASSED] - Object: 'Object Repository/Page_The Story and Evolution of Doodles - G_6e786d/p_The first Doodle was a simple out-of-offi_345e61' is clicked on

07-06-2024T14:07:15 - [TEST_STEP][PASSED] - verifyElementVisible(findTestObject("Object Repository/Page_The Story and Evolution of Doodles - G_6e786d/h1_The story behind Doodles")): Object 'Object Repository/Page_The Story and Evolution of Doodles - G_6e786d/h1_The story behind Doodles' is visible

07-06-2024T14:07:15 - [MESSAGE][PASSED] - Object 'Object Repository/Page_The Story and Evolution of Doodles - G_6e786d/h1_The story behind Doodles' is visible

07-06-2024T14:07:15 - [TEST_STEP][PASSED] - verifyElementVisible(findTestObject("Object Repository/Page_The Story and Evolution of Doodles - G_6e786d/p_The first Doodle was a simple out-of-offi_345e61")): Object 'Object Repository/Page_The Story and Evolution of Doodles - G_6e786d/p_The first Doodle was a simple out-of-offi_345e61' is visible

07-06-2024T14:07:15 - [MESSAGE][PASSED] - Object 'Object Repository/Page_The Story and Evolution of Doodles - G_6e786d/p_The first Doodle was a simple out-of-offi_345e61' is visible

07-06-2024T14:07:15 - [TEST_STEP][PASSED] - verifyElementVisible(findTestObject("Object Repository/Page_The Story and Evolution of Doodles - G_6e786d/h2_Weve created more than 5,000 Doodles ove_111429")): Object 'Object Repository/Page_The Story and Evolution of Doodles - G_6e786d/h2_Weve created more than 5,000 Doodles ove_111429' is visible

07-06-2024T14:07:15 - [MESSAGE][PASSED] - Object 'Object Repository/Page_The Story and Evolution of Doodles - G_6e786d/h2_Weve created more than 5,000 Doodles ove_111429' is visible

07-06-2024T14:07:15 - [TEST_STEP][PASSED] - verifyElementVisible(findTestObject("Object Repository/Page_The Story and Evolution of Doodles - G_6e786d/h1_The story behind Doodles")): Object 'Object Repository/Page_The Story and Evolution of Doodles - G_6e786d/h1_The story behind Doodles' is visible

07-06-2024T14:07:15 - [MESSAGE][PASSED] - Object 'Object Repository/Page_The Story and Evolution of Doodles - G_6e786d/h1_The story behind Doodles' is visible

07-06-2024T14:07:15 - [TEST_STEP][PASSED] - verifyElementVisible(findTestObject("Object Repository/Page_The Story and Evolution of Doodles - G_6e786d/p_The first Doodle was a simple out-of-offi_345e61")): Object 'Object Repository/Page_The Story and Evolution of Doodles - G_6e786d/p_The first Doodle was a simple out-of-offi_345e61' is visible

07-06-2024T14:07:15 - [MESSAGE][PASSED] - Object 'Object Repository/Page_The Story and Evolution of Doodles - G_6e786d/p_The first Doodle was a simple out-of-offi_345e61' is visible

07-06-2024T14:07:15 - [TEST_STEP][PASSED] - verifyElementVisible(findTestObject("Object Repository/Page_The Story and Evolution of Doodles - G_6e786d/h2_Weve created more than 5,000 Doodles ove_111429")): Object 'Object Repository/Page_The Story and Evolution of Doodles - G_6e786d/h2_Weve created more than 5,000 Doodles ove_111429' is visible

07-06-2024T14:07:15 - [MESSAGE][PASSED] - Object 'Object Repository/Page_The Story and Evolution of Doodles - G_6e786d/h2_Weve created more than 5,000 Doodles ove_111429' is visible

07-06-2024T14:07:15 - [TEST_STEP][PASSED] - click(findTestObject("Object Repository/Page_The Story and Evolution of Doodles - G_6e786d/p_The first Doodle was a simple out-of-offi_345e61")): Object: 'Object Repository/Page_The Story and Evolution of Doodles - G_6e786d/p_The first Doodle was a simple out-of-offi_345e61' is clicked on

07-06-2024T14:07:15 - [MESSAGE][PASSED] - Object: 'Object Repository/Page_The Story and Evolution of Doodles - G_6e786d/p_The first Doodle was a simple out-of-offi_345e61' is clicked on

07-06-2024T14:07:15 - [TEST_STEP][PASSED] - verifyElementVisible(findTestObject("Object Repository/Page_The Story and Evolution of Doodles - G_6e786d/h1_The story behind Doodles")): Object 'Object Repository/Page_The Story and Evolution of Doodles - G_6e786d/h1_The story behind Doodles' is visible

07-06-2024T14:07:15 - [MESSAGE][PASSED] - Object 'Object Repository/Page_The Story and Evolution of Doodles - G_6e786d/h1_The story behind Doodles' is visible

07-06-2024T14:07:15 - [TEST_STEP][PASSED] - verifyElementVisible(findTestObject("Object Repository/Page_The Story and Evolution of Doodles - G_6e786d/p_The first Doodle was a simple out-of-offi_345e61")): Object 'Object Repository/Page_The Story and Evolution of Doodles - G_6e786d/p_The first Doodle was a simple out-of-offi_345e61' is visible

07-06-2024T14:07:15 - [MESSAGE][PASSED] - Object 'Object Repository/Page_The Story and Evolution of Doodles - G_6e786d/p_The first Doodle was a simple out-of-offi_345e61' is visible

07-06-2024T14:07:15 - [TEST_STEP][PASSED] - verifyElementVisible(findTestObject("Object Repository/Page_The Story and Evolution of Doodles - G_6e786d/h2_Weve created more than 5,000 Doodles ove_111429")): Object 'Object Repository/Page_The Story and Evolution of Doodles - G_6e786d/h2_Weve created more than 5,000 Doodles ove_111429' is visible

07-06-2024T14:07:15 - [MESSAGE][PASSED] - Object 'Object Repository/Page_The Story and Evolution of Doodles - G_6e786d/h2_Weve created more than 5,000 Doodles ove_111429' is visible

07-06-2024T14:07:15 - [TEST_STEP][PASSED] - click(findTestObject("Object Repository/Page_The Story and Evolution of Doodles - G_6e786d/p_The first Doodle was a simple out-of-offi_345e61")): Object: 'Object Repository/Page_The Story and Evolution of Doodles - G_6e786d/p_The first Doodle was a simple out-of-offi_345e61' is clicked on

07-06-2024T14:07:15 - [MESSAGE][PASSED] - Object: 'Object Repository/Page_The Story and Evolution of Doodles - G_6e786d/p_The first Doodle was a simple out-of-offi_345e61' is clicked on

07-06-2024T14:07:15 - [TEST_STEP][PASSED] - verifyElementVisible(findTestObject("Object Repository/Page_The Story and Evolution of Doodles - G_6e786d/h1_The story behind Doodles")): Object 'Object Repository/Page_The Story and Evolution of Doodles - G_6e786d/h1_The story behind Doodles' is visible

07-06-2024T14:07:15 - [MESSAGE][PASSED] - Object 'Object Repository/Page_The Story and Evolution of Doodles - G_6e786d/h1_The story behind Doodles' is visible

07-06-2024T14:07:15 - [TEST_STEP][PASSED] - verifyElementVisible(findTestObject("Object Repository/Page_The Story and Evolution of Doodles - G_6e786d/p_The first Doodle was a simple out-of-offi_345e61")): Object 'Object Repository/Page_The Story and Evolution of Doodles - G_6e786d/p_The first Doodle was a simple out-of-offi_345e61' is visible

07-06-2024T14:07:15 - [MESSAGE][PASSED] - Object 'Object Repository/Page_The Story and Evolution of Doodles - G_6e786d/p_The first Doodle was a simple out-of-offi_345e61' is visible

07-06-2024T14:07:15 - [TEST_STEP][PASSED] - verifyElementVisible(findTestObject("Object Repository/Page_The Story and Evolution of Doodles - G_6e786d/h2_Weve created more than 5,000 Doodles ove_111429")): Object 'Object Repository/Page_The Story and Evolution of Doodles - G_6e786d/h2_Weve created more than 5,000 Doodles ove_111429' is visible

07-06-2024T14:07:15 - [MESSAGE][PASSED] - Object 'Object Repository/Page_The Story and Evolution of Doodles - G_6e786d/h2_Weve created more than 5,000 Doodles ove_111429' is visible

07-06-2024T14:07:15 - [TEST_STEP][PASSED] - click(findTestObject("Object Repository/Page_The Story and Evolution of Doodles - G_6e786d/p_The first Doodle was a simple out-of-offi_345e61")): Object: 'Object Repository/Page_The Story and Evolution of Doodles - G_6e786d/p_The first Doodle was a simple out-of-offi_345e61' is clicked on

07-06-2024T14:07:16 - [MESSAGE][PASSED] - Object: 'Object Repository/Page_The Story and Evolution of Doodles - G_6e786d/p_The first Doodle was a simple out-of-offi_345e61' is clicked on

07-06-2024T14:07:16 - [TEST_STEP][PASSED] - verifyElementVisible(findTestObject("Object Repository/Page_The Story and Evolution of Doodles - G_6e786d/h1_The story behind Doodles")): Object 'Object Repository/Page_The Story and Evolution of Doodles - G_6e786d/h1_The story behind Doodles' is visible

07-06-2024T14:07:16 - [MESSAGE][PASSED] - Object 'Object Repository/Page_The Story and Evolution of Doodles - G_6e786d/h1_The story behind Doodles' is visible

07-06-2024T14:07:16 - [TEST_STEP][PASSED] - verifyElementVisible(findTestObject("Object Repository/Page_The Story and Evolution of Doodles - G_6e786d/p_The first Doodle was a simple out-of-offi_345e61")): Object 'Object Repository/Page_The Story and Evolution of Doodles - G_6e786d/p_The first Doodle was a simple out-of-offi_345e61' is visible

07-06-2024T14:07:16 - [MESSAGE][PASSED] - Object 'Object Repository/Page_The Story and Evolution of Doodles - G_6e786d/p_The first Doodle was a simple out-of-offi_345e61' is visible

07-06-2024T14:07:16 - [TEST_STEP][PASSED] - verifyElementVisible(findTestObject("Object Repository/Page_The Story and Evolution of Doodles - G_6e786d/h2_Weve created more than 5,000 Doodles ove_111429")): Object 'Object Repository/Page_The Story and Evolution of Doodles - G_6e786d/h2_Weve created more than 5,000 Doodles ove_111429' is visible

07-06-2024T14:07:16 - [MESSAGE][PASSED] - Object 'Object Repository/Page_The Story and Evolution of Doodles - G_6e786d/h2_Weve created more than 5,000 Doodles ove_111429' is visible

07-06-2024T14:07:16 - [TEST_STEP][PASSED] - click(findTestObject("Object Repository/Page_The Story and Evolution of Doodles - G_6e786d/p_The first Doodle was a simple out-of-offi_345e61")): Object: 'Object Repository/Page_The Story and Evolution of Doodles - G_6e786d/p_The first Doodle was a simple out-of-offi_345e61' is clicked on

07-06-2024T14:07:16 - [MESSAGE][PASSED] - Object: 'Object Repository/Page_The Story and Evolution of Doodles - G_6e786d/p_The first Doodle was a simple out-of-offi_345e61' is clicked on

07-06-2024T14:07:16 - [TEST_STEP][PASSED] - verifyElementVisible(findTestObject("Object Repository/Page_The Story and Evolution of Doodles - G_6e786d/h1_The story behind Doodles")): Object 'Object Repository/Page_The Story and Evolution of Doodles - G_6e786d/h1_The story behind Doodles' is visible

07-06-2024T14:07:16 - [MESSAGE][PASSED] - Object 'Object Repository/Page_The Story and Evolution of Doodles - G_6e786d/h1_The story behind Doodles' is visible

07-06-2024T14:07:16 - [TEST_STEP][PASSED] - verifyElementVisible(findTestObject("Object Repository/Page_The Story and Evolution of Doodles - G_6e786d/p_The first Doodle was a simple out-of-offi_345e61")): Object 'Object Repository/Page_The Story and Evolution of Doodles - G_6e786d/p_The first Doodle was a simple out-of-offi_345e61' is visible

07-06-2024T14:07:16 - [MESSAGE][PASSED] - Object 'Object Repository/Page_The Story and Evolution of Doodles - G_6e786d/p_The first Doodle was a simple out-of-offi_345e61' is visible

07-06-2024T14:07:16 - [TEST_STEP][PASSED] - verifyElementVisible(findTestObject("Object Repository/Page_The Story and Evolution of Doodles - G_6e786d/h2_Weve created more than 5,000 Doodles ove_111429")): Object 'Object Repository/Page_The Story and Evolution of Doodles - G_6e786d/h2_Weve created more than 5,000 Doodles ove_111429' is visible

07-06-2024T14:07:16 - [MESSAGE][PASSED] - Object 'Object Repository/Page_The Story and Evolution of Doodles - G_6e786d/h2_Weve created more than 5,000 Doodles ove_111429' is visible

07-06-2024T14:07:16 - [TEST_STEP][PASSED] - click(findTestObject("Object Repository/Page_The Story and Evolution of Doodles - G_6e786d/p_The first Doodle was a simple out-of-offi_345e61")): Object: 'Object Repository/Page_The Story and Evolution of Doodles - G_6e786d/p_The first Doodle was a simple out-of-offi_345e61' is clicked on

07-06-2024T14:07:16 - [MESSAGE][PASSED] - Object: 'Object Repository/Page_The Story and Evolution of Doodles - G_6e786d/p_The first Doodle was a simple out-of-offi_345e61' is clicked on

07-06-2024T14:07:16 - [TEST_STEP][PASSED] - verifyElementVisible(findTestObject("Object Repository/Page_The Story and Evolution of Doodles - G_6e786d/h1_The story behind Doodles")): Object 'Object Repository/Page_The Story and Evolution of Doodles - G_6e786d/h1_The story behind Doodles' is visible

07-06-2024T14:07:16 - [MESSAGE][PASSED] - Object 'Object Repository/Page_The Story and Evolution of Doodles - G_6e786d/h1_The story behind Doodles' is visible

07-06-2024T14:07:16 - [TEST_STEP][PASSED] - verifyElementVisible(findTestObject("Object Repository/Page_The Story and Evolution of Doodles - G_6e786d/p_The first Doodle was a simple out-of-offi_345e61")): Object 'Object Repository/Page_The Story and Evolution of Doodles - G_6e786d/p_The first Doodle was a simple out-of-offi_345e61' is visible

07-06-2024T14:07:16 - [MESSAGE][PASSED] - Object 'Object Repository/Page_The Story and Evolution of Doodles - G_6e786d/p_The first Doodle was a simple out-of-offi_345e61' is visible

07-06-2024T14:07:16 - [TEST_STEP][PASSED] - verifyElementVisible(findTestObject("Object Repository/Page_The Story and Evolution of Doodles - G_6e786d/h2_Weve created more than 5,000 Doodles ove_111429")): Object 'Object Repository/Page_The Story and Evolution of Doodles - G_6e786d/h2_Weve created more than 5,000 Doodles ove_111429' is visible

07-06-2024T14:07:16 - [MESSAGE][PASSED] - Object 'Object Repository/Page_The Story and Evolution of Doodles - G_6e786d/h2_Weve created more than 5,000 Doodles ove_111429' is visible

07-06-2024T14:07:16 - [TEST_STEP][PASSED] - click(findTestObject("Object Repository/Page_The Story and Evolution of Doodles - G_6e786d/p_The first Doodle was a simple out-of-offi_345e61")): Object: 'Object Repository/Page_The Story and Evolution of Doodles - G_6e786d/p_The first Doodle was a simple out-of-offi_345e61' is clicked on

07-06-2024T14:07:17 - [MESSAGE][PASSED] - Object: 'Object Repository/Page_The Story and Evolution of Doodles - G_6e786d/p_The first Doodle was a simple out-of-offi_345e61' is clicked on

07-06-2024T14:07:17 - [TEST_STEP][PASSED] - verifyElementVisible(findTestObject("Object Repository/Page_The Story and Evolution of Doodles - G_6e786d/h1_The story behind Doodles")): Object 'Object Repository/Page_The Story and Evolution of Doodles - G_6e786d/h1_The story behind Doodles' is visible

07-06-2024T14:07:17 - [MESSAGE][PASSED] - Object 'Object Repository/Page_The Story and Evolution of Doodles - G_6e786d/h1_The story behind Doodles' is visible

07-06-2024T14:07:17 - [TEST_STEP][PASSED] - verifyElementVisible(findTestObject("Object Repository/Page_The Story and Evolution of Doodles - G_6e786d/p_The first Doodle was a simple out-of-offi_345e61")): Object 'Object Repository/Page_The Story and Evolution of Doodles - G_6e786d/p_The first Doodle was a simple out-of-offi_345e61' is visible

07-06-2024T14:07:17 - [MESSAGE][PASSED] - Object 'Object Repository/Page_The Story and Evolution of Doodles - G_6e786d/p_The first Doodle was a simple out-of-offi_345e61' is visible

07-06-2024T14:07:17 - [TEST_STEP][PASSED] - verifyElementVisible(findTestObject("Object Repository/Page_The Story and Evolution of Doodles - G_6e786d/h2_Weve created more than 5,000 Doodles ove_111429")): Object 'Object Repository/Page_The Story and Evolution of Doodles - G_6e786d/h2_Weve created more than 5,000 Doodles ove_111429' is visible

07-06-2024T14:07:17 - [MESSAGE][PASSED] - Object 'Object Repository/Page_The Story and Evolution of Doodles - G_6e786d/h2_Weve created more than 5,000 Doodles ove_111429' is visible

07-06-2024T14:07:17 - [TEST_STEP][PASSED] - click(findTestObject("Object Repository/Page_The Story and Evolution of Doodles - G_6e786d/p_The first Doodle was a simple out-of-offi_345e61")): Object: 'Object Repository/Page_The Story and Evolution of Doodles - G_6e786d/p_The first Doodle was a simple out-of-offi_345e61' is clicked on

07-06-2024T14:07:17 - [MESSAGE][PASSED] - Object: 'Object Repository/Page_The Story and Evolution of Doodles - G_6e786d/p_The first Doodle was a simple out-of-offi_345e61' is clicked on

07-06-2024T14:07:17 - [TEST_STEP][PASSED] - verifyElementVisible(findTestObject("Object Repository/Page_The Story and Evolution of Doodles - G_6e786d/h1_The story behind Doodles")): Object 'Object Repository/Page_The Story and Evolution of Doodles - G_6e786d/h1_The story behind Doodles' is visible

07-06-2024T14:07:17 - [MESSAGE][PASSED] - Object 'Object Repository/Page_The Story and Evolution of Doodles - G_6e786d/h1_The story behind Doodles' is visible

07-06-2024T14:07:17 - [TEST_STEP][PASSED] - verifyElementVisible(findTestObject("Object Repository/Page_The Story and Evolution of Doodles - G_6e786d/p_The first Doodle was a simple out-of-offi_345e61")): Object 'Object Repository/Page_The Story and Evolution of Doodles - G_6e786d/p_The first Doodle was a simple out-of-offi_345e61' is visible

07-06-2024T14:07:17 - [MESSAGE][PASSED] - Object 'Object Repository/Page_The Story and Evolution of Doodles - G_6e786d/p_The first Doodle was a simple out-of-offi_345e61' is visible

07-06-2024T14:07:17 - [TEST_STEP][PASSED] - verifyElementVisible(findTestObject("Object Repository/Page_The Story and Evolution of Doodles - G_6e786d/h2_Weve created more than 5,000 Doodles ove_111429")): Object 'Object Repository/Page_The Story and Evolution of Doodles - G_6e786d/h2_Weve created more than 5,000 Doodles ove_111429' is visible

07-06-2024T14:07:17 - [MESSAGE][PASSED] - Object 'Object Repository/Page_The Story and Evolution of Doodles - G_6e786d/h2_Weve created more than 5,000 Doodles ove_111429' is visible

07-06-2024T14:07:17 - [TEST_STEP][PASSED] - click(findTestObject("Object Repository/Page_The Story and Evolution of Doodles - G_6e786d/p_The first Doodle was a simple out-of-offi_345e61")): Object: 'Object Repository/Page_The Story and Evolution of Doodles - G_6e786d/p_The first Doodle was a simple out-of-offi_345e61' is clicked on

07-06-2024T14:07:17 - [MESSAGE][PASSED] - Object: 'Object Repository/Page_The Story and Evolution of Doodles - G_6e786d/p_The first Doodle was a simple out-of-offi_345e61' is clicked on

07-06-2024T14:07:17 - [TEST_STEP][PASSED] - verifyElementVisible(findTestObject("Object Repository/Page_The Story and Evolution of Doodles - G_6e786d/h1_The story behind Doodles")): Object 'Object Repository/Page_The Story and Evolution of Doodles - G_6e786d/h1_The story behind Doodles' is visible

07-06-2024T14:07:17 - [MESSAGE][PASSED] - Object 'Object Repository/Page_The Story and Evolution of Doodles - G_6e786d/h1_The story behind Doodles' is visible

07-06-2024T14:07:17 - [TEST_STEP][PASSED] - verifyElementVisible(findTestObject("Object Repository/Page_The Story and Evolution of Doodles - G_6e786d/p_The first Doodle was a simple out-of-offi_345e61")): Object 'Object Repository/Page_The Story and Evolution of Doodles - G_6e786d/p_The first Doodle was a simple out-of-offi_345e61' is visible

07-06-2024T14:07:17 - [MESSAGE][PASSED] - Object 'Object Repository/Page_The Story and Evolution of Doodles - G_6e786d/p_The first Doodle was a simple out-of-offi_345e61' is visible

07-06-2024T14:07:17 - [TEST_STEP][PASSED] - verifyElementVisible(findTestObject("Object Repository/Page_The Story and Evolution of Doodles - G_6e786d/h2_Weve created more than 5,000 Doodles ove_111429")): Object 'Object Repository/Page_The Story and Evolution of Doodles - G_6e786d/h2_Weve created more than 5,000 Doodles ove_111429' is visible

07-06-2024T14:07:17 - [MESSAGE][PASSED] - Object 'Object Repository/Page_The Story and Evolution of Doodles - G_6e786d/h2_Weve created more than 5,000 Doodles ove_111429' is visible

07-06-2024T14:07:17 - [TEST_STEP][PASSED] - click(findTestObject("Object Repository/Page_The Story and Evolution of Doodles - G_6e786d/p_The first Doodle was a simple out-of-offi_345e61")): Object: 'Object Repository/Page_The Story and Evolution of Doodles - G_6e786d/p_The first Doodle was a simple out-of-offi_345e61' is clicked on

07-06-2024T14:07:18 - [MESSAGE][PASSED] - Object: 'Object Repository/Page_The Story and Evolution of Doodles - G_6e786d/p_The first Doodle was a simple out-of-offi_345e61' is clicked on

07-06-2024T14:07:18 - [TEST_STEP][PASSED] - verifyElementVisible(findTestObject("Object Repository/Page_The Story and Evolution of Doodles - G_6e786d/h1_The story behind Doodles")): Object 'Object Repository/Page_The Story and Evolution of Doodles - G_6e786d/h1_The story behind Doodles' is visible

07-06-2024T14:07:18 - [MESSAGE][PASSED] - Object 'Object Repository/Page_The Story and Evolution of Doodles - G_6e786d/h1_The story behind Doodles' is visible

07-06-2024T14:07:18 - [TEST_STEP][PASSED] - verifyElementVisible(findTestObject("Object Repository/Page_The Story and Evolution of Doodles - G_6e786d/p_The first Doodle was a simple out-of-offi_345e61")): Object 'Object Repository/Page_The Story and Evolution of Doodles - G_6e786d/p_The first Doodle was a simple out-of-offi_345e61' is visible

07-06-2024T14:07:18 - [MESSAGE][PASSED] - Object 'Object Repository/Page_The Story and Evolution of Doodles - G_6e786d/p_The first Doodle was a simple out-of-offi_345e61' is visible

07-06-2024T14:07:18 - [TEST_STEP][PASSED] - verifyElementVisible(findTestObject("Object Repository/Page_The Story and Evolution of Doodles - G_6e786d/h2_Weve created more than 5,000 Doodles ove_111429")): Object 'Object Repository/Page_The Story and Evolution of Doodles - G_6e786d/h2_Weve created more than 5,000 Doodles ove_111429' is visible

07-06-2024T14:07:18 - [MESSAGE][PASSED] - Object 'Object Repository/Page_The Story and Evolution of Doodles - G_6e786d/h2_Weve created more than 5,000 Doodles ove_111429' is visible]]></system-out>
         <system-err><![CDATA[]]></system-err>
      </testcase>
      <testcase name="Test Cases/test case folder 1/tc1 - Copy (3) - Copy (3)" time="8.539" classname="Test Cases/test case folder 1/tc1 - Copy (3) - Copy (3)" status="PASSED">
         <system-out><![CDATA[07-06-2024T14:07:18 - [TEST_CASE][PASSED] - Test Cases/test case folder 1/tc1 - Copy (3) - Copy (3): Test Cases/test case folder 1/tc1 - Copy (3) - Copy (3)

07-06-2024T14:07:18 - [TEST_STEP][PASSED] - openBrowser(""): Browser is opened with url: ''

07-06-2024T14:07:18 - [MESSAGE][WARNING] - A browser is already opened. Closing browser and opening a new one

07-06-2024T14:07:19 - [MESSAGE][INFO] - Starting 'Firefox (headless)' driver

07-06-2024T14:07:19 - [MESSAGE][INFO] - Action delay is set to 0 milliseconds

07-06-2024T14:07:21 - [MESSAGE][PASSED] - Browser is opened with url: ''

07-06-2024T14:07:21 - [TEST_STEP][PASSED] - navigateToUrl("https://doodles.google/about/"): Navigate to 'https://doodles.google/about/' successfully

07-06-2024T14:07:23 - [MESSAGE][PASSED] - Navigate to 'https://doodles.google/about/' successfully

07-06-2024T14:07:23 - [TEST_STEP][PASSED] - click(findTestObject("Object Repository/Page_The Story and Evolution of Doodles - G_6e786d/p_The first Doodle was a simple out-of-offi_345e61")): Object: 'Object Repository/Page_The Story and Evolution of Doodles - G_6e786d/p_The first Doodle was a simple out-of-offi_345e61' is clicked on

07-06-2024T14:07:23 - [MESSAGE][PASSED] - Object: 'Object Repository/Page_The Story and Evolution of Doodles - G_6e786d/p_The first Doodle was a simple out-of-offi_345e61' is clicked on

07-06-2024T14:07:23 - [TEST_STEP][PASSED] - click(findTestObject("Object Repository/Page_The Story and Evolution of Doodles - G_6e786d/p_The first Doodle was a simple out-of-offi_345e61")): Object: 'Object Repository/Page_The Story and Evolution of Doodles - G_6e786d/p_The first Doodle was a simple out-of-offi_345e61' is clicked on

07-06-2024T14:07:23 - [MESSAGE][PASSED] - Object: 'Object Repository/Page_The Story and Evolution of Doodles - G_6e786d/p_The first Doodle was a simple out-of-offi_345e61' is clicked on

07-06-2024T14:07:23 - [TEST_STEP][PASSED] - verifyElementVisible(findTestObject("Object Repository/Page_The Story and Evolution of Doodles - G_6e786d/h1_The story behind Doodles")): Object 'Object Repository/Page_The Story and Evolution of Doodles - G_6e786d/h1_The story behind Doodles' is visible

07-06-2024T14:07:23 - [MESSAGE][PASSED] - Object 'Object Repository/Page_The Story and Evolution of Doodles - G_6e786d/h1_The story behind Doodles' is visible

07-06-2024T14:07:23 - [TEST_STEP][PASSED] - verifyElementVisible(findTestObject("Object Repository/Page_The Story and Evolution of Doodles - G_6e786d/p_The first Doodle was a simple out-of-offi_345e61")): Object 'Object Repository/Page_The Story and Evolution of Doodles - G_6e786d/p_The first Doodle was a simple out-of-offi_345e61' is visible

07-06-2024T14:07:23 - [MESSAGE][PASSED] - Object 'Object Repository/Page_The Story and Evolution of Doodles - G_6e786d/p_The first Doodle was a simple out-of-offi_345e61' is visible

07-06-2024T14:07:23 - [TEST_STEP][PASSED] - verifyElementVisible(findTestObject("Object Repository/Page_The Story and Evolution of Doodles - G_6e786d/h2_Weve created more than 5,000 Doodles ove_111429")): Object 'Object Repository/Page_The Story and Evolution of Doodles - G_6e786d/h2_Weve created more than 5,000 Doodles ove_111429' is visible

07-06-2024T14:07:23 - [MESSAGE][PASSED] - Object 'Object Repository/Page_The Story and Evolution of Doodles - G_6e786d/h2_Weve created more than 5,000 Doodles ove_111429' is visible

07-06-2024T14:07:23 - [TEST_STEP][PASSED] - verifyElementVisible(findTestObject("Object Repository/Page_The Story and Evolution of Doodles - G_6e786d/h1_The story behind Doodles")): Object 'Object Repository/Page_The Story and Evolution of Doodles - G_6e786d/h1_The story behind Doodles' is visible

07-06-2024T14:07:23 - [MESSAGE][PASSED] - Object 'Object Repository/Page_The Story and Evolution of Doodles - G_6e786d/h1_The story behind Doodles' is visible

07-06-2024T14:07:23 - [TEST_STEP][PASSED] - verifyElementVisible(findTestObject("Object Repository/Page_The Story and Evolution of Doodles - G_6e786d/p_The first Doodle was a simple out-of-offi_345e61")): Object 'Object Repository/Page_The Story and Evolution of Doodles - G_6e786d/p_The first Doodle was a simple out-of-offi_345e61' is visible

07-06-2024T14:07:23 - [MESSAGE][PASSED] - Object 'Object Repository/Page_The Story and Evolution of Doodles - G_6e786d/p_The first Doodle was a simple out-of-offi_345e61' is visible

07-06-2024T14:07:23 - [TEST_STEP][PASSED] - verifyElementVisible(findTestObject("Object Repository/Page_The Story and Evolution of Doodles - G_6e786d/h2_Weve created more than 5,000 Doodles ove_111429")): Object 'Object Repository/Page_The Story and Evolution of Doodles - G_6e786d/h2_Weve created more than 5,000 Doodles ove_111429' is visible

07-06-2024T14:07:23 - [MESSAGE][PASSED] - Object 'Object Repository/Page_The Story and Evolution of Doodles - G_6e786d/h2_Weve created more than 5,000 Doodles ove_111429' is visible

07-06-2024T14:07:23 - [TEST_STEP][PASSED] - click(findTestObject("Object Repository/Page_The Story and Evolution of Doodles - G_6e786d/p_The first Doodle was a simple out-of-offi_345e61")): Object: 'Object Repository/Page_The Story and Evolution of Doodles - G_6e786d/p_The first Doodle was a simple out-of-offi_345e61' is clicked on

07-06-2024T14:07:24 - [MESSAGE][PASSED] - Object: 'Object Repository/Page_The Story and Evolution of Doodles - G_6e786d/p_The first Doodle was a simple out-of-offi_345e61' is clicked on

07-06-2024T14:07:24 - [TEST_STEP][PASSED] - verifyElementVisible(findTestObject("Object Repository/Page_The Story and Evolution of Doodles - G_6e786d/h1_The story behind Doodles")): Object 'Object Repository/Page_The Story and Evolution of Doodles - G_6e786d/h1_The story behind Doodles' is visible

07-06-2024T14:07:24 - [MESSAGE][PASSED] - Object 'Object Repository/Page_The Story and Evolution of Doodles - G_6e786d/h1_The story behind Doodles' is visible

07-06-2024T14:07:24 - [TEST_STEP][PASSED] - verifyElementVisible(findTestObject("Object Repository/Page_The Story and Evolution of Doodles - G_6e786d/p_The first Doodle was a simple out-of-offi_345e61")): Object 'Object Repository/Page_The Story and Evolution of Doodles - G_6e786d/p_The first Doodle was a simple out-of-offi_345e61' is visible

07-06-2024T14:07:24 - [MESSAGE][PASSED] - Object 'Object Repository/Page_The Story and Evolution of Doodles - G_6e786d/p_The first Doodle was a simple out-of-offi_345e61' is visible

07-06-2024T14:07:24 - [TEST_STEP][PASSED] - verifyElementVisible(findTestObject("Object Repository/Page_The Story and Evolution of Doodles - G_6e786d/h2_Weve created more than 5,000 Doodles ove_111429")): Object 'Object Repository/Page_The Story and Evolution of Doodles - G_6e786d/h2_Weve created more than 5,000 Doodles ove_111429' is visible

07-06-2024T14:07:24 - [MESSAGE][PASSED] - Object 'Object Repository/Page_The Story and Evolution of Doodles - G_6e786d/h2_Weve created more than 5,000 Doodles ove_111429' is visible

07-06-2024T14:07:24 - [TEST_STEP][PASSED] - click(findTestObject("Object Repository/Page_The Story and Evolution of Doodles - G_6e786d/p_The first Doodle was a simple out-of-offi_345e61")): Object: 'Object Repository/Page_The Story and Evolution of Doodles - G_6e786d/p_The first Doodle was a simple out-of-offi_345e61' is clicked on

07-06-2024T14:07:24 - [MESSAGE][PASSED] - Object: 'Object Repository/Page_The Story and Evolution of Doodles - G_6e786d/p_The first Doodle was a simple out-of-offi_345e61' is clicked on

07-06-2024T14:07:24 - [TEST_STEP][PASSED] - verifyElementVisible(findTestObject("Object Repository/Page_The Story and Evolution of Doodles - G_6e786d/h1_The story behind Doodles")): Object 'Object Repository/Page_The Story and Evolution of Doodles - G_6e786d/h1_The story behind Doodles' is visible

07-06-2024T14:07:24 - [MESSAGE][PASSED] - Object 'Object Repository/Page_The Story and Evolution of Doodles - G_6e786d/h1_The story behind Doodles' is visible

07-06-2024T14:07:24 - [TEST_STEP][PASSED] - verifyElementVisible(findTestObject("Object Repository/Page_The Story and Evolution of Doodles - G_6e786d/p_The first Doodle was a simple out-of-offi_345e61")): Object 'Object Repository/Page_The Story and Evolution of Doodles - G_6e786d/p_The first Doodle was a simple out-of-offi_345e61' is visible

07-06-2024T14:07:24 - [MESSAGE][PASSED] - Object 'Object Repository/Page_The Story and Evolution of Doodles - G_6e786d/p_The first Doodle was a simple out-of-offi_345e61' is visible

07-06-2024T14:07:24 - [TEST_STEP][PASSED] - verifyElementVisible(findTestObject("Object Repository/Page_The Story and Evolution of Doodles - G_6e786d/h2_Weve created more than 5,000 Doodles ove_111429")): Object 'Object Repository/Page_The Story and Evolution of Doodles - G_6e786d/h2_Weve created more than 5,000 Doodles ove_111429' is visible

07-06-2024T14:07:24 - [MESSAGE][PASSED] - Object 'Object Repository/Page_The Story and Evolution of Doodles - G_6e786d/h2_Weve created more than 5,000 Doodles ove_111429' is visible

07-06-2024T14:07:24 - [TEST_STEP][PASSED] - click(findTestObject("Object Repository/Page_The Story and Evolution of Doodles - G_6e786d/p_The first Doodle was a simple out-of-offi_345e61")): Object: 'Object Repository/Page_The Story and Evolution of Doodles - G_6e786d/p_The first Doodle was a simple out-of-offi_345e61' is clicked on

07-06-2024T14:07:24 - [MESSAGE][PASSED] - Object: 'Object Repository/Page_The Story and Evolution of Doodles - G_6e786d/p_The first Doodle was a simple out-of-offi_345e61' is clicked on

07-06-2024T14:07:24 - [TEST_STEP][PASSED] - verifyElementVisible(findTestObject("Object Repository/Page_The Story and Evolution of Doodles - G_6e786d/h1_The story behind Doodles")): Object 'Object Repository/Page_The Story and Evolution of Doodles - G_6e786d/h1_The story behind Doodles' is visible

07-06-2024T14:07:24 - [MESSAGE][PASSED] - Object 'Object Repository/Page_The Story and Evolution of Doodles - G_6e786d/h1_The story behind Doodles' is visible

07-06-2024T14:07:24 - [TEST_STEP][PASSED] - verifyElementVisible(findTestObject("Object Repository/Page_The Story and Evolution of Doodles - G_6e786d/p_The first Doodle was a simple out-of-offi_345e61")): Object 'Object Repository/Page_The Story and Evolution of Doodles - G_6e786d/p_The first Doodle was a simple out-of-offi_345e61' is visible

07-06-2024T14:07:24 - [MESSAGE][PASSED] - Object 'Object Repository/Page_The Story and Evolution of Doodles - G_6e786d/p_The first Doodle was a simple out-of-offi_345e61' is visible

07-06-2024T14:07:24 - [TEST_STEP][PASSED] - verifyElementVisible(findTestObject("Object Repository/Page_The Story and Evolution of Doodles - G_6e786d/h2_Weve created more than 5,000 Doodles ove_111429")): Object 'Object Repository/Page_The Story and Evolution of Doodles - G_6e786d/h2_Weve created more than 5,000 Doodles ove_111429' is visible

07-06-2024T14:07:24 - [MESSAGE][PASSED] - Object 'Object Repository/Page_The Story and Evolution of Doodles - G_6e786d/h2_Weve created more than 5,000 Doodles ove_111429' is visible

07-06-2024T14:07:24 - [TEST_STEP][PASSED] - click(findTestObject("Object Repository/Page_The Story and Evolution of Doodles - G_6e786d/p_The first Doodle was a simple out-of-offi_345e61")): Object: 'Object Repository/Page_The Story and Evolution of Doodles - G_6e786d/p_The first Doodle was a simple out-of-offi_345e61' is clicked on

07-06-2024T14:07:25 - [MESSAGE][PASSED] - Object: 'Object Repository/Page_The Story and Evolution of Doodles - G_6e786d/p_The first Doodle was a simple out-of-offi_345e61' is clicked on

07-06-2024T14:07:25 - [TEST_STEP][PASSED] - verifyElementVisible(findTestObject("Object Repository/Page_The Story and Evolution of Doodles - G_6e786d/h1_The story behind Doodles")): Object 'Object Repository/Page_The Story and Evolution of Doodles - G_6e786d/h1_The story behind Doodles' is visible

07-06-2024T14:07:25 - [MESSAGE][PASSED] - Object 'Object Repository/Page_The Story and Evolution of Doodles - G_6e786d/h1_The story behind Doodles' is visible

07-06-2024T14:07:25 - [TEST_STEP][PASSED] - verifyElementVisible(findTestObject("Object Repository/Page_The Story and Evolution of Doodles - G_6e786d/p_The first Doodle was a simple out-of-offi_345e61")): Object 'Object Repository/Page_The Story and Evolution of Doodles - G_6e786d/p_The first Doodle was a simple out-of-offi_345e61' is visible

07-06-2024T14:07:25 - [MESSAGE][PASSED] - Object 'Object Repository/Page_The Story and Evolution of Doodles - G_6e786d/p_The first Doodle was a simple out-of-offi_345e61' is visible

07-06-2024T14:07:25 - [TEST_STEP][PASSED] - verifyElementVisible(findTestObject("Object Repository/Page_The Story and Evolution of Doodles - G_6e786d/h2_Weve created more than 5,000 Doodles ove_111429")): Object 'Object Repository/Page_The Story and Evolution of Doodles - G_6e786d/h2_Weve created more than 5,000 Doodles ove_111429' is visible

07-06-2024T14:07:25 - [MESSAGE][PASSED] - Object 'Object Repository/Page_The Story and Evolution of Doodles - G_6e786d/h2_Weve created more than 5,000 Doodles ove_111429' is visible

07-06-2024T14:07:25 - [TEST_STEP][PASSED] - click(findTestObject("Object Repository/Page_The Story and Evolution of Doodles - G_6e786d/p_The first Doodle was a simple out-of-offi_345e61")): Object: 'Object Repository/Page_The Story and Evolution of Doodles - G_6e786d/p_The first Doodle was a simple out-of-offi_345e61' is clicked on

07-06-2024T14:07:25 - [MESSAGE][PASSED] - Object: 'Object Repository/Page_The Story and Evolution of Doodles - G_6e786d/p_The first Doodle was a simple out-of-offi_345e61' is clicked on

07-06-2024T14:07:25 - [TEST_STEP][PASSED] - verifyElementVisible(findTestObject("Object Repository/Page_The Story and Evolution of Doodles - G_6e786d/h1_The story behind Doodles")): Object 'Object Repository/Page_The Story and Evolution of Doodles - G_6e786d/h1_The story behind Doodles' is visible

07-06-2024T14:07:25 - [MESSAGE][PASSED] - Object 'Object Repository/Page_The Story and Evolution of Doodles - G_6e786d/h1_The story behind Doodles' is visible

07-06-2024T14:07:25 - [TEST_STEP][PASSED] - verifyElementVisible(findTestObject("Object Repository/Page_The Story and Evolution of Doodles - G_6e786d/p_The first Doodle was a simple out-of-offi_345e61")): Object 'Object Repository/Page_The Story and Evolution of Doodles - G_6e786d/p_The first Doodle was a simple out-of-offi_345e61' is visible

07-06-2024T14:07:25 - [MESSAGE][PASSED] - Object 'Object Repository/Page_The Story and Evolution of Doodles - G_6e786d/p_The first Doodle was a simple out-of-offi_345e61' is visible

07-06-2024T14:07:25 - [TEST_STEP][PASSED] - verifyElementVisible(findTestObject("Object Repository/Page_The Story and Evolution of Doodles - G_6e786d/h2_Weve created more than 5,000 Doodles ove_111429")): Object 'Object Repository/Page_The Story and Evolution of Doodles - G_6e786d/h2_Weve created more than 5,000 Doodles ove_111429' is visible

07-06-2024T14:07:25 - [MESSAGE][PASSED] - Object 'Object Repository/Page_The Story and Evolution of Doodles - G_6e786d/h2_Weve created more than 5,000 Doodles ove_111429' is visible

07-06-2024T14:07:25 - [TEST_STEP][PASSED] - click(findTestObject("Object Repository/Page_The Story and Evolution of Doodles - G_6e786d/p_The first Doodle was a simple out-of-offi_345e61")): Object: 'Object Repository/Page_The Story and Evolution of Doodles - G_6e786d/p_The first Doodle was a simple out-of-offi_345e61' is clicked on

07-06-2024T14:07:25 - [MESSAGE][PASSED] - Object: 'Object Repository/Page_The Story and Evolution of Doodles - G_6e786d/p_The first Doodle was a simple out-of-offi_345e61' is clicked on

07-06-2024T14:07:25 - [TEST_STEP][PASSED] - verifyElementVisible(findTestObject("Object Repository/Page_The Story and Evolution of Doodles - G_6e786d/h1_The story behind Doodles")): Object 'Object Repository/Page_The Story and Evolution of Doodles - G_6e786d/h1_The story behind Doodles' is visible

07-06-2024T14:07:25 - [MESSAGE][PASSED] - Object 'Object Repository/Page_The Story and Evolution of Doodles - G_6e786d/h1_The story behind Doodles' is visible

07-06-2024T14:07:25 - [TEST_STEP][PASSED] - verifyElementVisible(findTestObject("Object Repository/Page_The Story and Evolution of Doodles - G_6e786d/p_The first Doodle was a simple out-of-offi_345e61")): Object 'Object Repository/Page_The Story and Evolution of Doodles - G_6e786d/p_The first Doodle was a simple out-of-offi_345e61' is visible

07-06-2024T14:07:25 - [MESSAGE][PASSED] - Object 'Object Repository/Page_The Story and Evolution of Doodles - G_6e786d/p_The first Doodle was a simple out-of-offi_345e61' is visible

07-06-2024T14:07:25 - [TEST_STEP][PASSED] - verifyElementVisible(findTestObject("Object Repository/Page_The Story and Evolution of Doodles - G_6e786d/h2_Weve created more than 5,000 Doodles ove_111429")): Object 'Object Repository/Page_The Story and Evolution of Doodles - G_6e786d/h2_Weve created more than 5,000 Doodles ove_111429' is visible

07-06-2024T14:07:25 - [MESSAGE][PASSED] - Object 'Object Repository/Page_The Story and Evolution of Doodles - G_6e786d/h2_Weve created more than 5,000 Doodles ove_111429' is visible

07-06-2024T14:07:25 - [TEST_STEP][PASSED] - click(findTestObject("Object Repository/Page_The Story and Evolution of Doodles - G_6e786d/p_The first Doodle was a simple out-of-offi_345e61")): Object: 'Object Repository/Page_The Story and Evolution of Doodles - G_6e786d/p_The first Doodle was a simple out-of-offi_345e61' is clicked on

07-06-2024T14:07:26 - [MESSAGE][PASSED] - Object: 'Object Repository/Page_The Story and Evolution of Doodles - G_6e786d/p_The first Doodle was a simple out-of-offi_345e61' is clicked on

07-06-2024T14:07:26 - [TEST_STEP][PASSED] - verifyElementVisible(findTestObject("Object Repository/Page_The Story and Evolution of Doodles - G_6e786d/h1_The story behind Doodles")): Object 'Object Repository/Page_The Story and Evolution of Doodles - G_6e786d/h1_The story behind Doodles' is visible

07-06-2024T14:07:26 - [MESSAGE][PASSED] - Object 'Object Repository/Page_The Story and Evolution of Doodles - G_6e786d/h1_The story behind Doodles' is visible

07-06-2024T14:07:26 - [TEST_STEP][PASSED] - verifyElementVisible(findTestObject("Object Repository/Page_The Story and Evolution of Doodles - G_6e786d/p_The first Doodle was a simple out-of-offi_345e61")): Object 'Object Repository/Page_The Story and Evolution of Doodles - G_6e786d/p_The first Doodle was a simple out-of-offi_345e61' is visible

07-06-2024T14:07:26 - [MESSAGE][PASSED] - Object 'Object Repository/Page_The Story and Evolution of Doodles - G_6e786d/p_The first Doodle was a simple out-of-offi_345e61' is visible

07-06-2024T14:07:26 - [TEST_STEP][PASSED] - verifyElementVisible(findTestObject("Object Repository/Page_The Story and Evolution of Doodles - G_6e786d/h2_Weve created more than 5,000 Doodles ove_111429")): Object 'Object Repository/Page_The Story and Evolution of Doodles - G_6e786d/h2_Weve created more than 5,000 Doodles ove_111429' is visible

07-06-2024T14:07:26 - [MESSAGE][PASSED] - Object 'Object Repository/Page_The Story and Evolution of Doodles - G_6e786d/h2_Weve created more than 5,000 Doodles ove_111429' is visible

07-06-2024T14:07:26 - [TEST_STEP][PASSED] - click(findTestObject("Object Repository/Page_The Story and Evolution of Doodles - G_6e786d/p_The first Doodle was a simple out-of-offi_345e61")): Object: 'Object Repository/Page_The Story and Evolution of Doodles - G_6e786d/p_The first Doodle was a simple out-of-offi_345e61' is clicked on

07-06-2024T14:07:26 - [MESSAGE][PASSED] - Object: 'Object Repository/Page_The Story and Evolution of Doodles - G_6e786d/p_The first Doodle was a simple out-of-offi_345e61' is clicked on

07-06-2024T14:07:26 - [TEST_STEP][PASSED] - verifyElementVisible(findTestObject("Object Repository/Page_The Story and Evolution of Doodles - G_6e786d/h1_The story behind Doodles")): Object 'Object Repository/Page_The Story and Evolution of Doodles - G_6e786d/h1_The story behind Doodles' is visible

07-06-2024T14:07:26 - [MESSAGE][PASSED] - Object 'Object Repository/Page_The Story and Evolution of Doodles - G_6e786d/h1_The story behind Doodles' is visible

07-06-2024T14:07:26 - [TEST_STEP][PASSED] - verifyElementVisible(findTestObject("Object Repository/Page_The Story and Evolution of Doodles - G_6e786d/p_The first Doodle was a simple out-of-offi_345e61")): Object 'Object Repository/Page_The Story and Evolution of Doodles - G_6e786d/p_The first Doodle was a simple out-of-offi_345e61' is visible

07-06-2024T14:07:26 - [MESSAGE][PASSED] - Object 'Object Repository/Page_The Story and Evolution of Doodles - G_6e786d/p_The first Doodle was a simple out-of-offi_345e61' is visible

07-06-2024T14:07:26 - [TEST_STEP][PASSED] - verifyElementVisible(findTestObject("Object Repository/Page_The Story and Evolution of Doodles - G_6e786d/h2_Weve created more than 5,000 Doodles ove_111429")): Object 'Object Repository/Page_The Story and Evolution of Doodles - G_6e786d/h2_Weve created more than 5,000 Doodles ove_111429' is visible

07-06-2024T14:07:26 - [MESSAGE][PASSED] - Object 'Object Repository/Page_The Story and Evolution of Doodles - G_6e786d/h2_Weve created more than 5,000 Doodles ove_111429' is visible

07-06-2024T14:07:26 - [TEST_STEP][PASSED] - click(findTestObject("Object Repository/Page_The Story and Evolution of Doodles - G_6e786d/p_The first Doodle was a simple out-of-offi_345e61")): Object: 'Object Repository/Page_The Story and Evolution of Doodles - G_6e786d/p_The first Doodle was a simple out-of-offi_345e61' is clicked on

07-06-2024T14:07:26 - [MESSAGE][PASSED] - Object: 'Object Repository/Page_The Story and Evolution of Doodles - G_6e786d/p_The first Doodle was a simple out-of-offi_345e61' is clicked on

07-06-2024T14:07:26 - [TEST_STEP][PASSED] - verifyElementVisible(findTestObject("Object Repository/Page_The Story and Evolution of Doodles - G_6e786d/h1_The story behind Doodles")): Object 'Object Repository/Page_The Story and Evolution of Doodles - G_6e786d/h1_The story behind Doodles' is visible

07-06-2024T14:07:26 - [MESSAGE][PASSED] - Object 'Object Repository/Page_The Story and Evolution of Doodles - G_6e786d/h1_The story behind Doodles' is visible

07-06-2024T14:07:26 - [TEST_STEP][PASSED] - verifyElementVisible(findTestObject("Object Repository/Page_The Story and Evolution of Doodles - G_6e786d/p_The first Doodle was a simple out-of-offi_345e61")): Object 'Object Repository/Page_The Story and Evolution of Doodles - G_6e786d/p_The first Doodle was a simple out-of-offi_345e61' is visible

07-06-2024T14:07:26 - [MESSAGE][PASSED] - Object 'Object Repository/Page_The Story and Evolution of Doodles - G_6e786d/p_The first Doodle was a simple out-of-offi_345e61' is visible

07-06-2024T14:07:26 - [TEST_STEP][PASSED] - verifyElementVisible(findTestObject("Object Repository/Page_The Story and Evolution of Doodles - G_6e786d/h2_Weve created more than 5,000 Doodles ove_111429")): Object 'Object Repository/Page_The Story and Evolution of Doodles - G_6e786d/h2_Weve created more than 5,000 Doodles ove_111429' is visible

07-06-2024T14:07:26 - [MESSAGE][PASSED] - Object 'Object Repository/Page_The Story and Evolution of Doodles - G_6e786d/h2_Weve created more than 5,000 Doodles ove_111429' is visible]]></system-out>
         <system-err><![CDATA[]]></system-err>
      </testcase>
      <testcase name="Test Cases/test case folder 1/tc1 - Copy (3) - Copy (4)" time="8.176" classname="Test Cases/test case folder 1/tc1 - Copy (3) - Copy (4)" status="PASSED">
         <system-out><![CDATA[07-06-2024T14:07:26 - [TEST_CASE][PASSED] - Test Cases/test case folder 1/tc1 - Copy (3) - Copy (4): Test Cases/test case folder 1/tc1 - Copy (3) - Copy (4)

07-06-2024T14:07:26 - [TEST_STEP][PASSED] - openBrowser(""): Browser is opened with url: ''

07-06-2024T14:07:26 - [MESSAGE][WARNING] - A browser is already opened. Closing browser and opening a new one

07-06-2024T14:07:27 - [MESSAGE][INFO] - Starting 'Firefox (headless)' driver

07-06-2024T14:07:27 - [MESSAGE][INFO] - Action delay is set to 0 milliseconds

07-06-2024T14:07:29 - [MESSAGE][PASSED] - Browser is opened with url: ''

07-06-2024T14:07:29 - [TEST_STEP][PASSED] - navigateToUrl("https://doodles.google/about/"): Navigate to 'https://doodles.google/about/' successfully

07-06-2024T14:07:31 - [MESSAGE][PASSED] - Navigate to 'https://doodles.google/about/' successfully

07-06-2024T14:07:31 - [TEST_STEP][PASSED] - click(findTestObject("Object Repository/Page_The Story and Evolution of Doodles - G_6e786d/p_The first Doodle was a simple out-of-offi_345e61")): Object: 'Object Repository/Page_The Story and Evolution of Doodles - G_6e786d/p_The first Doodle was a simple out-of-offi_345e61' is clicked on

07-06-2024T14:07:31 - [MESSAGE][PASSED] - Object: 'Object Repository/Page_The Story and Evolution of Doodles - G_6e786d/p_The first Doodle was a simple out-of-offi_345e61' is clicked on

07-06-2024T14:07:31 - [TEST_STEP][PASSED] - click(findTestObject("Object Repository/Page_The Story and Evolution of Doodles - G_6e786d/p_The first Doodle was a simple out-of-offi_345e61")): Object: 'Object Repository/Page_The Story and Evolution of Doodles - G_6e786d/p_The first Doodle was a simple out-of-offi_345e61' is clicked on

07-06-2024T14:07:31 - [MESSAGE][PASSED] - Object: 'Object Repository/Page_The Story and Evolution of Doodles - G_6e786d/p_The first Doodle was a simple out-of-offi_345e61' is clicked on

07-06-2024T14:07:31 - [TEST_STEP][PASSED] - verifyElementVisible(findTestObject("Object Repository/Page_The Story and Evolution of Doodles - G_6e786d/h1_The story behind Doodles")): Object 'Object Repository/Page_The Story and Evolution of Doodles - G_6e786d/h1_The story behind Doodles' is visible

07-06-2024T14:07:31 - [MESSAGE][PASSED] - Object 'Object Repository/Page_The Story and Evolution of Doodles - G_6e786d/h1_The story behind Doodles' is visible

07-06-2024T14:07:31 - [TEST_STEP][PASSED] - verifyElementVisible(findTestObject("Object Repository/Page_The Story and Evolution of Doodles - G_6e786d/p_The first Doodle was a simple out-of-offi_345e61")): Object 'Object Repository/Page_The Story and Evolution of Doodles - G_6e786d/p_The first Doodle was a simple out-of-offi_345e61' is visible

07-06-2024T14:07:31 - [MESSAGE][PASSED] - Object 'Object Repository/Page_The Story and Evolution of Doodles - G_6e786d/p_The first Doodle was a simple out-of-offi_345e61' is visible

07-06-2024T14:07:31 - [TEST_STEP][PASSED] - verifyElementVisible(findTestObject("Object Repository/Page_The Story and Evolution of Doodles - G_6e786d/h2_Weve created more than 5,000 Doodles ove_111429")): Object 'Object Repository/Page_The Story and Evolution of Doodles - G_6e786d/h2_Weve created more than 5,000 Doodles ove_111429' is visible

07-06-2024T14:07:31 - [MESSAGE][PASSED] - Object 'Object Repository/Page_The Story and Evolution of Doodles - G_6e786d/h2_Weve created more than 5,000 Doodles ove_111429' is visible

07-06-2024T14:07:31 - [TEST_STEP][PASSED] - verifyElementVisible(findTestObject("Object Repository/Page_The Story and Evolution of Doodles - G_6e786d/h1_The story behind Doodles")): Object 'Object Repository/Page_The Story and Evolution of Doodles - G_6e786d/h1_The story behind Doodles' is visible

07-06-2024T14:07:31 - [MESSAGE][PASSED] - Object 'Object Repository/Page_The Story and Evolution of Doodles - G_6e786d/h1_The story behind Doodles' is visible

07-06-2024T14:07:31 - [TEST_STEP][PASSED] - verifyElementVisible(findTestObject("Object Repository/Page_The Story and Evolution of Doodles - G_6e786d/p_The first Doodle was a simple out-of-offi_345e61")): Object 'Object Repository/Page_The Story and Evolution of Doodles - G_6e786d/p_The first Doodle was a simple out-of-offi_345e61' is visible

07-06-2024T14:07:31 - [MESSAGE][PASSED] - Object 'Object Repository/Page_The Story and Evolution of Doodles - G_6e786d/p_The first Doodle was a simple out-of-offi_345e61' is visible

07-06-2024T14:07:31 - [TEST_STEP][PASSED] - verifyElementVisible(findTestObject("Object Repository/Page_The Story and Evolution of Doodles - G_6e786d/h2_Weve created more than 5,000 Doodles ove_111429")): Object 'Object Repository/Page_The Story and Evolution of Doodles - G_6e786d/h2_Weve created more than 5,000 Doodles ove_111429' is visible

07-06-2024T14:07:31 - [MESSAGE][PASSED] - Object 'Object Repository/Page_The Story and Evolution of Doodles - G_6e786d/h2_Weve created more than 5,000 Doodles ove_111429' is visible

07-06-2024T14:07:31 - [TEST_STEP][PASSED] - click(findTestObject("Object Repository/Page_The Story and Evolution of Doodles - G_6e786d/p_The first Doodle was a simple out-of-offi_345e61")): Object: 'Object Repository/Page_The Story and Evolution of Doodles - G_6e786d/p_The first Doodle was a simple out-of-offi_345e61' is clicked on

07-06-2024T14:07:32 - [MESSAGE][PASSED] - Object: 'Object Repository/Page_The Story and Evolution of Doodles - G_6e786d/p_The first Doodle was a simple out-of-offi_345e61' is clicked on

07-06-2024T14:07:32 - [TEST_STEP][PASSED] - verifyElementVisible(findTestObject("Object Repository/Page_The Story and Evolution of Doodles - G_6e786d/h1_The story behind Doodles")): Object 'Object Repository/Page_The Story and Evolution of Doodles - G_6e786d/h1_The story behind Doodles' is visible

07-06-2024T14:07:32 - [MESSAGE][PASSED] - Object 'Object Repository/Page_The Story and Evolution of Doodles - G_6e786d/h1_The story behind Doodles' is visible

07-06-2024T14:07:32 - [TEST_STEP][PASSED] - verifyElementVisible(findTestObject("Object Repository/Page_The Story and Evolution of Doodles - G_6e786d/p_The first Doodle was a simple out-of-offi_345e61")): Object 'Object Repository/Page_The Story and Evolution of Doodles - G_6e786d/p_The first Doodle was a simple out-of-offi_345e61' is visible

07-06-2024T14:07:32 - [MESSAGE][PASSED] - Object 'Object Repository/Page_The Story and Evolution of Doodles - G_6e786d/p_The first Doodle was a simple out-of-offi_345e61' is visible

07-06-2024T14:07:32 - [TEST_STEP][PASSED] - verifyElementVisible(findTestObject("Object Repository/Page_The Story and Evolution of Doodles - G_6e786d/h2_Weve created more than 5,000 Doodles ove_111429")): Object 'Object Repository/Page_The Story and Evolution of Doodles - G_6e786d/h2_Weve created more than 5,000 Doodles ove_111429' is visible

07-06-2024T14:07:32 - [MESSAGE][PASSED] - Object 'Object Repository/Page_The Story and Evolution of Doodles - G_6e786d/h2_Weve created more than 5,000 Doodles ove_111429' is visible

07-06-2024T14:07:32 - [TEST_STEP][PASSED] - click(findTestObject("Object Repository/Page_The Story and Evolution of Doodles - G_6e786d/p_The first Doodle was a simple out-of-offi_345e61")): Object: 'Object Repository/Page_The Story and Evolution of Doodles - G_6e786d/p_The first Doodle was a simple out-of-offi_345e61' is clicked on

07-06-2024T14:07:32 - [MESSAGE][PASSED] - Object: 'Object Repository/Page_The Story and Evolution of Doodles - G_6e786d/p_The first Doodle was a simple out-of-offi_345e61' is clicked on

07-06-2024T14:07:32 - [TEST_STEP][PASSED] - verifyElementVisible(findTestObject("Object Repository/Page_The Story and Evolution of Doodles - G_6e786d/h1_The story behind Doodles")): Object 'Object Repository/Page_The Story and Evolution of Doodles - G_6e786d/h1_The story behind Doodles' is visible

07-06-2024T14:07:32 - [MESSAGE][PASSED] - Object 'Object Repository/Page_The Story and Evolution of Doodles - G_6e786d/h1_The story behind Doodles' is visible

07-06-2024T14:07:32 - [TEST_STEP][PASSED] - verifyElementVisible(findTestObject("Object Repository/Page_The Story and Evolution of Doodles - G_6e786d/p_The first Doodle was a simple out-of-offi_345e61")): Object 'Object Repository/Page_The Story and Evolution of Doodles - G_6e786d/p_The first Doodle was a simple out-of-offi_345e61' is visible

07-06-2024T14:07:32 - [MESSAGE][PASSED] - Object 'Object Repository/Page_The Story and Evolution of Doodles - G_6e786d/p_The first Doodle was a simple out-of-offi_345e61' is visible

07-06-2024T14:07:32 - [TEST_STEP][PASSED] - verifyElementVisible(findTestObject("Object Repository/Page_The Story and Evolution of Doodles - G_6e786d/h2_Weve created more than 5,000 Doodles ove_111429")): Object 'Object Repository/Page_The Story and Evolution of Doodles - G_6e786d/h2_Weve created more than 5,000 Doodles ove_111429' is visible

07-06-2024T14:07:32 - [MESSAGE][PASSED] - Object 'Object Repository/Page_The Story and Evolution of Doodles - G_6e786d/h2_Weve created more than 5,000 Doodles ove_111429' is visible

07-06-2024T14:07:32 - [TEST_STEP][PASSED] - click(findTestObject("Object Repository/Page_The Story and Evolution of Doodles - G_6e786d/p_The first Doodle was a simple out-of-offi_345e61")): Object: 'Object Repository/Page_The Story and Evolution of Doodles - G_6e786d/p_The first Doodle was a simple out-of-offi_345e61' is clicked on

07-06-2024T14:07:32 - [MESSAGE][PASSED] - Object: 'Object Repository/Page_The Story and Evolution of Doodles - G_6e786d/p_The first Doodle was a simple out-of-offi_345e61' is clicked on

07-06-2024T14:07:32 - [TEST_STEP][PASSED] - verifyElementVisible(findTestObject("Object Repository/Page_The Story and Evolution of Doodles - G_6e786d/h1_The story behind Doodles")): Object 'Object Repository/Page_The Story and Evolution of Doodles - G_6e786d/h1_The story behind Doodles' is visible

07-06-2024T14:07:32 - [MESSAGE][PASSED] - Object 'Object Repository/Page_The Story and Evolution of Doodles - G_6e786d/h1_The story behind Doodles' is visible

07-06-2024T14:07:32 - [TEST_STEP][PASSED] - verifyElementVisible(findTestObject("Object Repository/Page_The Story and Evolution of Doodles - G_6e786d/p_The first Doodle was a simple out-of-offi_345e61")): Object 'Object Repository/Page_The Story and Evolution of Doodles - G_6e786d/p_The first Doodle was a simple out-of-offi_345e61' is visible

07-06-2024T14:07:32 - [MESSAGE][PASSED] - Object 'Object Repository/Page_The Story and Evolution of Doodles - G_6e786d/p_The first Doodle was a simple out-of-offi_345e61' is visible

07-06-2024T14:07:32 - [TEST_STEP][PASSED] - verifyElementVisible(findTestObject("Object Repository/Page_The Story and Evolution of Doodles - G_6e786d/h2_Weve created more than 5,000 Doodles ove_111429")): Object 'Object Repository/Page_The Story and Evolution of Doodles - G_6e786d/h2_Weve created more than 5,000 Doodles ove_111429' is visible

07-06-2024T14:07:32 - [MESSAGE][PASSED] - Object 'Object Repository/Page_The Story and Evolution of Doodles - G_6e786d/h2_Weve created more than 5,000 Doodles ove_111429' is visible

07-06-2024T14:07:32 - [TEST_STEP][PASSED] - click(findTestObject("Object Repository/Page_The Story and Evolution of Doodles - G_6e786d/p_The first Doodle was a simple out-of-offi_345e61")): Object: 'Object Repository/Page_The Story and Evolution of Doodles - G_6e786d/p_The first Doodle was a simple out-of-offi_345e61' is clicked on

07-06-2024T14:07:33 - [MESSAGE][PASSED] - Object: 'Object Repository/Page_The Story and Evolution of Doodles - G_6e786d/p_The first Doodle was a simple out-of-offi_345e61' is clicked on

07-06-2024T14:07:33 - [TEST_STEP][PASSED] - verifyElementVisible(findTestObject("Object Repository/Page_The Story and Evolution of Doodles - G_6e786d/h1_The story behind Doodles")): Object 'Object Repository/Page_The Story and Evolution of Doodles - G_6e786d/h1_The story behind Doodles' is visible

07-06-2024T14:07:33 - [MESSAGE][PASSED] - Object 'Object Repository/Page_The Story and Evolution of Doodles - G_6e786d/h1_The story behind Doodles' is visible

07-06-2024T14:07:33 - [TEST_STEP][PASSED] - verifyElementVisible(findTestObject("Object Repository/Page_The Story and Evolution of Doodles - G_6e786d/p_The first Doodle was a simple out-of-offi_345e61")): Object 'Object Repository/Page_The Story and Evolution of Doodles - G_6e786d/p_The first Doodle was a simple out-of-offi_345e61' is visible

07-06-2024T14:07:33 - [MESSAGE][PASSED] - Object 'Object Repository/Page_The Story and Evolution of Doodles - G_6e786d/p_The first Doodle was a simple out-of-offi_345e61' is visible

07-06-2024T14:07:33 - [TEST_STEP][PASSED] - verifyElementVisible(findTestObject("Object Repository/Page_The Story and Evolution of Doodles - G_6e786d/h2_Weve created more than 5,000 Doodles ove_111429")): Object 'Object Repository/Page_The Story and Evolution of Doodles - G_6e786d/h2_Weve created more than 5,000 Doodles ove_111429' is visible

07-06-2024T14:07:33 - [MESSAGE][PASSED] - Object 'Object Repository/Page_The Story and Evolution of Doodles - G_6e786d/h2_Weve created more than 5,000 Doodles ove_111429' is visible

07-06-2024T14:07:33 - [TEST_STEP][PASSED] - click(findTestObject("Object Repository/Page_The Story and Evolution of Doodles - G_6e786d/p_The first Doodle was a simple out-of-offi_345e61")): Object: 'Object Repository/Page_The Story and Evolution of Doodles - G_6e786d/p_The first Doodle was a simple out-of-offi_345e61' is clicked on

07-06-2024T14:07:33 - [MESSAGE][PASSED] - Object: 'Object Repository/Page_The Story and Evolution of Doodles - G_6e786d/p_The first Doodle was a simple out-of-offi_345e61' is clicked on

07-06-2024T14:07:33 - [TEST_STEP][PASSED] - verifyElementVisible(findTestObject("Object Repository/Page_The Story and Evolution of Doodles - G_6e786d/h1_The story behind Doodles")): Object 'Object Repository/Page_The Story and Evolution of Doodles - G_6e786d/h1_The story behind Doodles' is visible

07-06-2024T14:07:33 - [MESSAGE][PASSED] - Object 'Object Repository/Page_The Story and Evolution of Doodles - G_6e786d/h1_The story behind Doodles' is visible

07-06-2024T14:07:33 - [TEST_STEP][PASSED] - verifyElementVisible(findTestObject("Object Repository/Page_The Story and Evolution of Doodles - G_6e786d/p_The first Doodle was a simple out-of-offi_345e61")): Object 'Object Repository/Page_The Story and Evolution of Doodles - G_6e786d/p_The first Doodle was a simple out-of-offi_345e61' is visible

07-06-2024T14:07:33 - [MESSAGE][PASSED] - Object 'Object Repository/Page_The Story and Evolution of Doodles - G_6e786d/p_The first Doodle was a simple out-of-offi_345e61' is visible

07-06-2024T14:07:33 - [TEST_STEP][PASSED] - verifyElementVisible(findTestObject("Object Repository/Page_The Story and Evolution of Doodles - G_6e786d/h2_Weve created more than 5,000 Doodles ove_111429")): Object 'Object Repository/Page_The Story and Evolution of Doodles - G_6e786d/h2_Weve created more than 5,000 Doodles ove_111429' is visible

07-06-2024T14:07:33 - [MESSAGE][PASSED] - Object 'Object Repository/Page_The Story and Evolution of Doodles - G_6e786d/h2_Weve created more than 5,000 Doodles ove_111429' is visible

07-06-2024T14:07:33 - [TEST_STEP][PASSED] - click(findTestObject("Object Repository/Page_The Story and Evolution of Doodles - G_6e786d/p_The first Doodle was a simple out-of-offi_345e61")): Object: 'Object Repository/Page_The Story and Evolution of Doodles - G_6e786d/p_The first Doodle was a simple out-of-offi_345e61' is clicked on

07-06-2024T14:07:33 - [MESSAGE][PASSED] - Object: 'Object Repository/Page_The Story and Evolution of Doodles - G_6e786d/p_The first Doodle was a simple out-of-offi_345e61' is clicked on

07-06-2024T14:07:33 - [TEST_STEP][PASSED] - verifyElementVisible(findTestObject("Object Repository/Page_The Story and Evolution of Doodles - G_6e786d/h1_The story behind Doodles")): Object 'Object Repository/Page_The Story and Evolution of Doodles - G_6e786d/h1_The story behind Doodles' is visible

07-06-2024T14:07:33 - [MESSAGE][PASSED] - Object 'Object Repository/Page_The Story and Evolution of Doodles - G_6e786d/h1_The story behind Doodles' is visible

07-06-2024T14:07:33 - [TEST_STEP][PASSED] - verifyElementVisible(findTestObject("Object Repository/Page_The Story and Evolution of Doodles - G_6e786d/p_The first Doodle was a simple out-of-offi_345e61")): Object 'Object Repository/Page_The Story and Evolution of Doodles - G_6e786d/p_The first Doodle was a simple out-of-offi_345e61' is visible

07-06-2024T14:07:33 - [MESSAGE][PASSED] - Object 'Object Repository/Page_The Story and Evolution of Doodles - G_6e786d/p_The first Doodle was a simple out-of-offi_345e61' is visible

07-06-2024T14:07:33 - [TEST_STEP][PASSED] - verifyElementVisible(findTestObject("Object Repository/Page_The Story and Evolution of Doodles - G_6e786d/h2_Weve created more than 5,000 Doodles ove_111429")): Object 'Object Repository/Page_The Story and Evolution of Doodles - G_6e786d/h2_Weve created more than 5,000 Doodles ove_111429' is visible

07-06-2024T14:07:33 - [MESSAGE][PASSED] - Object 'Object Repository/Page_The Story and Evolution of Doodles - G_6e786d/h2_Weve created more than 5,000 Doodles ove_111429' is visible

07-06-2024T14:07:33 - [TEST_STEP][PASSED] - click(findTestObject("Object Repository/Page_The Story and Evolution of Doodles - G_6e786d/p_The first Doodle was a simple out-of-offi_345e61")): Object: 'Object Repository/Page_The Story and Evolution of Doodles - G_6e786d/p_The first Doodle was a simple out-of-offi_345e61' is clicked on

07-06-2024T14:07:34 - [MESSAGE][PASSED] - Object: 'Object Repository/Page_The Story and Evolution of Doodles - G_6e786d/p_The first Doodle was a simple out-of-offi_345e61' is clicked on

07-06-2024T14:07:34 - [TEST_STEP][PASSED] - verifyElementVisible(findTestObject("Object Repository/Page_The Story and Evolution of Doodles - G_6e786d/h1_The story behind Doodles")): Object 'Object Repository/Page_The Story and Evolution of Doodles - G_6e786d/h1_The story behind Doodles' is visible

07-06-2024T14:07:34 - [MESSAGE][PASSED] - Object 'Object Repository/Page_The Story and Evolution of Doodles - G_6e786d/h1_The story behind Doodles' is visible

07-06-2024T14:07:34 - [TEST_STEP][PASSED] - verifyElementVisible(findTestObject("Object Repository/Page_The Story and Evolution of Doodles - G_6e786d/p_The first Doodle was a simple out-of-offi_345e61")): Object 'Object Repository/Page_The Story and Evolution of Doodles - G_6e786d/p_The first Doodle was a simple out-of-offi_345e61' is visible

07-06-2024T14:07:34 - [MESSAGE][PASSED] - Object 'Object Repository/Page_The Story and Evolution of Doodles - G_6e786d/p_The first Doodle was a simple out-of-offi_345e61' is visible

07-06-2024T14:07:34 - [TEST_STEP][PASSED] - verifyElementVisible(findTestObject("Object Repository/Page_The Story and Evolution of Doodles - G_6e786d/h2_Weve created more than 5,000 Doodles ove_111429")): Object 'Object Repository/Page_The Story and Evolution of Doodles - G_6e786d/h2_Weve created more than 5,000 Doodles ove_111429' is visible

07-06-2024T14:07:34 - [MESSAGE][PASSED] - Object 'Object Repository/Page_The Story and Evolution of Doodles - G_6e786d/h2_Weve created more than 5,000 Doodles ove_111429' is visible

07-06-2024T14:07:34 - [TEST_STEP][PASSED] - click(findTestObject("Object Repository/Page_The Story and Evolution of Doodles - G_6e786d/p_The first Doodle was a simple out-of-offi_345e61")): Object: 'Object Repository/Page_The Story and Evolution of Doodles - G_6e786d/p_The first Doodle was a simple out-of-offi_345e61' is clicked on

07-06-2024T14:07:34 - [MESSAGE][PASSED] - Object: 'Object Repository/Page_The Story and Evolution of Doodles - G_6e786d/p_The first Doodle was a simple out-of-offi_345e61' is clicked on

07-06-2024T14:07:34 - [TEST_STEP][PASSED] - verifyElementVisible(findTestObject("Object Repository/Page_The Story and Evolution of Doodles - G_6e786d/h1_The story behind Doodles")): Object 'Object Repository/Page_The Story and Evolution of Doodles - G_6e786d/h1_The story behind Doodles' is visible

07-06-2024T14:07:34 - [MESSAGE][PASSED] - Object 'Object Repository/Page_The Story and Evolution of Doodles - G_6e786d/h1_The story behind Doodles' is visible

07-06-2024T14:07:34 - [TEST_STEP][PASSED] - verifyElementVisible(findTestObject("Object Repository/Page_The Story and Evolution of Doodles - G_6e786d/p_The first Doodle was a simple out-of-offi_345e61")): Object 'Object Repository/Page_The Story and Evolution of Doodles - G_6e786d/p_The first Doodle was a simple out-of-offi_345e61' is visible

07-06-2024T14:07:34 - [MESSAGE][PASSED] - Object 'Object Repository/Page_The Story and Evolution of Doodles - G_6e786d/p_The first Doodle was a simple out-of-offi_345e61' is visible

07-06-2024T14:07:34 - [TEST_STEP][PASSED] - verifyElementVisible(findTestObject("Object Repository/Page_The Story and Evolution of Doodles - G_6e786d/h2_Weve created more than 5,000 Doodles ove_111429")): Object 'Object Repository/Page_The Story and Evolution of Doodles - G_6e786d/h2_Weve created more than 5,000 Doodles ove_111429' is visible

07-06-2024T14:07:34 - [MESSAGE][PASSED] - Object 'Object Repository/Page_The Story and Evolution of Doodles - G_6e786d/h2_Weve created more than 5,000 Doodles ove_111429' is visible

07-06-2024T14:07:34 - [TEST_STEP][PASSED] - click(findTestObject("Object Repository/Page_The Story and Evolution of Doodles - G_6e786d/p_The first Doodle was a simple out-of-offi_345e61")): Object: 'Object Repository/Page_The Story and Evolution of Doodles - G_6e786d/p_The first Doodle was a simple out-of-offi_345e61' is clicked on

07-06-2024T14:07:34 - [MESSAGE][PASSED] - Object: 'Object Repository/Page_The Story and Evolution of Doodles - G_6e786d/p_The first Doodle was a simple out-of-offi_345e61' is clicked on

07-06-2024T14:07:34 - [TEST_STEP][PASSED] - verifyElementVisible(findTestObject("Object Repository/Page_The Story and Evolution of Doodles - G_6e786d/h1_The story behind Doodles")): Object 'Object Repository/Page_The Story and Evolution of Doodles - G_6e786d/h1_The story behind Doodles' is visible

07-06-2024T14:07:34 - [MESSAGE][PASSED] - Object 'Object Repository/Page_The Story and Evolution of Doodles - G_6e786d/h1_The story behind Doodles' is visible

07-06-2024T14:07:34 - [TEST_STEP][PASSED] - verifyElementVisible(findTestObject("Object Repository/Page_The Story and Evolution of Doodles - G_6e786d/p_The first Doodle was a simple out-of-offi_345e61")): Object 'Object Repository/Page_The Story and Evolution of Doodles - G_6e786d/p_The first Doodle was a simple out-of-offi_345e61' is visible

07-06-2024T14:07:34 - [MESSAGE][PASSED] - Object 'Object Repository/Page_The Story and Evolution of Doodles - G_6e786d/p_The first Doodle was a simple out-of-offi_345e61' is visible

07-06-2024T14:07:34 - [TEST_STEP][PASSED] - verifyElementVisible(findTestObject("Object Repository/Page_The Story and Evolution of Doodles - G_6e786d/h2_Weve created more than 5,000 Doodles ove_111429")): Object 'Object Repository/Page_The Story and Evolution of Doodles - G_6e786d/h2_Weve created more than 5,000 Doodles ove_111429' is visible

07-06-2024T14:07:34 - [MESSAGE][PASSED] - Object 'Object Repository/Page_The Story and Evolution of Doodles - G_6e786d/h2_Weve created more than 5,000 Doodles ove_111429' is visible]]></system-out>
         <system-err><![CDATA[]]></system-err>
      </testcase>
      <testcase name="Test Cases/test case folder 1/tc1 - Copy (3) - Copy (5)" time="8.376" classname="Test Cases/test case folder 1/tc1 - Copy (3) - Copy (5)" status="PASSED">
         <system-out><![CDATA[07-06-2024T14:07:34 - [TEST_CASE][PASSED] - Test Cases/test case folder 1/tc1 - Copy (3) - Copy (5): Test Cases/test case folder 1/tc1 - Copy (3) - Copy (5)

07-06-2024T14:07:34 - [TEST_STEP][PASSED] - openBrowser(""): Browser is opened with url: ''

07-06-2024T14:07:34 - [MESSAGE][WARNING] - A browser is already opened. Closing browser and opening a new one

07-06-2024T14:07:35 - [MESSAGE][INFO] - Starting 'Firefox (headless)' driver

07-06-2024T14:07:36 - [MESSAGE][INFO] - Action delay is set to 0 milliseconds

07-06-2024T14:07:37 - [MESSAGE][PASSED] - Browser is opened with url: ''

07-06-2024T14:07:37 - [TEST_STEP][PASSED] - navigateToUrl("https://doodles.google/about/"): Navigate to 'https://doodles.google/about/' successfully

07-06-2024T14:07:39 - [MESSAGE][PASSED] - Navigate to 'https://doodles.google/about/' successfully

07-06-2024T14:07:39 - [TEST_STEP][PASSED] - click(findTestObject("Object Repository/Page_The Story and Evolution of Doodles - G_6e786d/p_The first Doodle was a simple out-of-offi_345e61")): Object: 'Object Repository/Page_The Story and Evolution of Doodles - G_6e786d/p_The first Doodle was a simple out-of-offi_345e61' is clicked on

07-06-2024T14:07:39 - [MESSAGE][PASSED] - Object: 'Object Repository/Page_The Story and Evolution of Doodles - G_6e786d/p_The first Doodle was a simple out-of-offi_345e61' is clicked on

07-06-2024T14:07:39 - [TEST_STEP][PASSED] - click(findTestObject("Object Repository/Page_The Story and Evolution of Doodles - G_6e786d/p_The first Doodle was a simple out-of-offi_345e61")): Object: 'Object Repository/Page_The Story and Evolution of Doodles - G_6e786d/p_The first Doodle was a simple out-of-offi_345e61' is clicked on

07-06-2024T14:07:40 - [MESSAGE][PASSED] - Object: 'Object Repository/Page_The Story and Evolution of Doodles - G_6e786d/p_The first Doodle was a simple out-of-offi_345e61' is clicked on

07-06-2024T14:07:40 - [TEST_STEP][PASSED] - verifyElementVisible(findTestObject("Object Repository/Page_The Story and Evolution of Doodles - G_6e786d/h1_The story behind Doodles")): Object 'Object Repository/Page_The Story and Evolution of Doodles - G_6e786d/h1_The story behind Doodles' is visible

07-06-2024T14:07:40 - [MESSAGE][PASSED] - Object 'Object Repository/Page_The Story and Evolution of Doodles - G_6e786d/h1_The story behind Doodles' is visible

07-06-2024T14:07:40 - [TEST_STEP][PASSED] - verifyElementVisible(findTestObject("Object Repository/Page_The Story and Evolution of Doodles - G_6e786d/p_The first Doodle was a simple out-of-offi_345e61")): Object 'Object Repository/Page_The Story and Evolution of Doodles - G_6e786d/p_The first Doodle was a simple out-of-offi_345e61' is visible

07-06-2024T14:07:40 - [MESSAGE][PASSED] - Object 'Object Repository/Page_The Story and Evolution of Doodles - G_6e786d/p_The first Doodle was a simple out-of-offi_345e61' is visible

07-06-2024T14:07:40 - [TEST_STEP][PASSED] - verifyElementVisible(findTestObject("Object Repository/Page_The Story and Evolution of Doodles - G_6e786d/h2_Weve created more than 5,000 Doodles ove_111429")): Object 'Object Repository/Page_The Story and Evolution of Doodles - G_6e786d/h2_Weve created more than 5,000 Doodles ove_111429' is visible

07-06-2024T14:07:40 - [MESSAGE][PASSED] - Object 'Object Repository/Page_The Story and Evolution of Doodles - G_6e786d/h2_Weve created more than 5,000 Doodles ove_111429' is visible

07-06-2024T14:07:40 - [TEST_STEP][PASSED] - verifyElementVisible(findTestObject("Object Repository/Page_The Story and Evolution of Doodles - G_6e786d/h1_The story behind Doodles")): Object 'Object Repository/Page_The Story and Evolution of Doodles - G_6e786d/h1_The story behind Doodles' is visible

07-06-2024T14:07:40 - [MESSAGE][PASSED] - Object 'Object Repository/Page_The Story and Evolution of Doodles - G_6e786d/h1_The story behind Doodles' is visible

07-06-2024T14:07:40 - [TEST_STEP][PASSED] - verifyElementVisible(findTestObject("Object Repository/Page_The Story and Evolution of Doodles - G_6e786d/p_The first Doodle was a simple out-of-offi_345e61")): Object 'Object Repository/Page_The Story and Evolution of Doodles - G_6e786d/p_The first Doodle was a simple out-of-offi_345e61' is visible

07-06-2024T14:07:40 - [MESSAGE][PASSED] - Object 'Object Repository/Page_The Story and Evolution of Doodles - G_6e786d/p_The first Doodle was a simple out-of-offi_345e61' is visible

07-06-2024T14:07:40 - [TEST_STEP][PASSED] - verifyElementVisible(findTestObject("Object Repository/Page_The Story and Evolution of Doodles - G_6e786d/h2_Weve created more than 5,000 Doodles ove_111429")): Object 'Object Repository/Page_The Story and Evolution of Doodles - G_6e786d/h2_Weve created more than 5,000 Doodles ove_111429' is visible

07-06-2024T14:07:40 - [MESSAGE][PASSED] - Object 'Object Repository/Page_The Story and Evolution of Doodles - G_6e786d/h2_Weve created more than 5,000 Doodles ove_111429' is visible

07-06-2024T14:07:40 - [TEST_STEP][PASSED] - click(findTestObject("Object Repository/Page_The Story and Evolution of Doodles - G_6e786d/p_The first Doodle was a simple out-of-offi_345e61")): Object: 'Object Repository/Page_The Story and Evolution of Doodles - G_6e786d/p_The first Doodle was a simple out-of-offi_345e61' is clicked on

07-06-2024T14:07:40 - [MESSAGE][PASSED] - Object: 'Object Repository/Page_The Story and Evolution of Doodles - G_6e786d/p_The first Doodle was a simple out-of-offi_345e61' is clicked on

07-06-2024T14:07:40 - [TEST_STEP][PASSED] - verifyElementVisible(findTestObject("Object Repository/Page_The Story and Evolution of Doodles - G_6e786d/h1_The story behind Doodles")): Object 'Object Repository/Page_The Story and Evolution of Doodles - G_6e786d/h1_The story behind Doodles' is visible

07-06-2024T14:07:40 - [MESSAGE][PASSED] - Object 'Object Repository/Page_The Story and Evolution of Doodles - G_6e786d/h1_The story behind Doodles' is visible

07-06-2024T14:07:40 - [TEST_STEP][PASSED] - verifyElementVisible(findTestObject("Object Repository/Page_The Story and Evolution of Doodles - G_6e786d/p_The first Doodle was a simple out-of-offi_345e61")): Object 'Object Repository/Page_The Story and Evolution of Doodles - G_6e786d/p_The first Doodle was a simple out-of-offi_345e61' is visible

07-06-2024T14:07:40 - [MESSAGE][PASSED] - Object 'Object Repository/Page_The Story and Evolution of Doodles - G_6e786d/p_The first Doodle was a simple out-of-offi_345e61' is visible

07-06-2024T14:07:40 - [TEST_STEP][PASSED] - verifyElementVisible(findTestObject("Object Repository/Page_The Story and Evolution of Doodles - G_6e786d/h2_Weve created more than 5,000 Doodles ove_111429")): Object 'Object Repository/Page_The Story and Evolution of Doodles - G_6e786d/h2_Weve created more than 5,000 Doodles ove_111429' is visible

07-06-2024T14:07:40 - [MESSAGE][PASSED] - Object 'Object Repository/Page_The Story and Evolution of Doodles - G_6e786d/h2_Weve created more than 5,000 Doodles ove_111429' is visible

07-06-2024T14:07:40 - [TEST_STEP][PASSED] - click(findTestObject("Object Repository/Page_The Story and Evolution of Doodles - G_6e786d/p_The first Doodle was a simple out-of-offi_345e61")): Object: 'Object Repository/Page_The Story and Evolution of Doodles - G_6e786d/p_The first Doodle was a simple out-of-offi_345e61' is clicked on

07-06-2024T14:07:40 - [MESSAGE][PASSED] - Object: 'Object Repository/Page_The Story and Evolution of Doodles - G_6e786d/p_The first Doodle was a simple out-of-offi_345e61' is clicked on

07-06-2024T14:07:40 - [TEST_STEP][PASSED] - verifyElementVisible(findTestObject("Object Repository/Page_The Story and Evolution of Doodles - G_6e786d/h1_The story behind Doodles")): Object 'Object Repository/Page_The Story and Evolution of Doodles - G_6e786d/h1_The story behind Doodles' is visible

07-06-2024T14:07:41 - [MESSAGE][PASSED] - Object 'Object Repository/Page_The Story and Evolution of Doodles - G_6e786d/h1_The story behind Doodles' is visible

07-06-2024T14:07:41 - [TEST_STEP][PASSED] - verifyElementVisible(findTestObject("Object Repository/Page_The Story and Evolution of Doodles - G_6e786d/p_The first Doodle was a simple out-of-offi_345e61")): Object 'Object Repository/Page_The Story and Evolution of Doodles - G_6e786d/p_The first Doodle was a simple out-of-offi_345e61' is visible

07-06-2024T14:07:41 - [MESSAGE][PASSED] - Object 'Object Repository/Page_The Story and Evolution of Doodles - G_6e786d/p_The first Doodle was a simple out-of-offi_345e61' is visible

07-06-2024T14:07:41 - [TEST_STEP][PASSED] - verifyElementVisible(findTestObject("Object Repository/Page_The Story and Evolution of Doodles - G_6e786d/h2_Weve created more than 5,000 Doodles ove_111429")): Object 'Object Repository/Page_The Story and Evolution of Doodles - G_6e786d/h2_Weve created more than 5,000 Doodles ove_111429' is visible

07-06-2024T14:07:41 - [MESSAGE][PASSED] - Object 'Object Repository/Page_The Story and Evolution of Doodles - G_6e786d/h2_Weve created more than 5,000 Doodles ove_111429' is visible

07-06-2024T14:07:41 - [TEST_STEP][PASSED] - click(findTestObject("Object Repository/Page_The Story and Evolution of Doodles - G_6e786d/p_The first Doodle was a simple out-of-offi_345e61")): Object: 'Object Repository/Page_The Story and Evolution of Doodles - G_6e786d/p_The first Doodle was a simple out-of-offi_345e61' is clicked on

07-06-2024T14:07:41 - [MESSAGE][PASSED] - Object: 'Object Repository/Page_The Story and Evolution of Doodles - G_6e786d/p_The first Doodle was a simple out-of-offi_345e61' is clicked on

07-06-2024T14:07:41 - [TEST_STEP][PASSED] - verifyElementVisible(findTestObject("Object Repository/Page_The Story and Evolution of Doodles - G_6e786d/h1_The story behind Doodles")): Object 'Object Repository/Page_The Story and Evolution of Doodles - G_6e786d/h1_The story behind Doodles' is visible

07-06-2024T14:07:41 - [MESSAGE][PASSED] - Object 'Object Repository/Page_The Story and Evolution of Doodles - G_6e786d/h1_The story behind Doodles' is visible

07-06-2024T14:07:41 - [TEST_STEP][PASSED] - verifyElementVisible(findTestObject("Object Repository/Page_The Story and Evolution of Doodles - G_6e786d/p_The first Doodle was a simple out-of-offi_345e61")): Object 'Object Repository/Page_The Story and Evolution of Doodles - G_6e786d/p_The first Doodle was a simple out-of-offi_345e61' is visible

07-06-2024T14:07:41 - [MESSAGE][PASSED] - Object 'Object Repository/Page_The Story and Evolution of Doodles - G_6e786d/p_The first Doodle was a simple out-of-offi_345e61' is visible

07-06-2024T14:07:41 - [TEST_STEP][PASSED] - verifyElementVisible(findTestObject("Object Repository/Page_The Story and Evolution of Doodles - G_6e786d/h2_Weve created more than 5,000 Doodles ove_111429")): Object 'Object Repository/Page_The Story and Evolution of Doodles - G_6e786d/h2_Weve created more than 5,000 Doodles ove_111429' is visible

07-06-2024T14:07:41 - [MESSAGE][PASSED] - Object 'Object Repository/Page_The Story and Evolution of Doodles - G_6e786d/h2_Weve created more than 5,000 Doodles ove_111429' is visible

07-06-2024T14:07:41 - [TEST_STEP][PASSED] - click(findTestObject("Object Repository/Page_The Story and Evolution of Doodles - G_6e786d/p_The first Doodle was a simple out-of-offi_345e61")): Object: 'Object Repository/Page_The Story and Evolution of Doodles - G_6e786d/p_The first Doodle was a simple out-of-offi_345e61' is clicked on

07-06-2024T14:07:41 - [MESSAGE][PASSED] - Object: 'Object Repository/Page_The Story and Evolution of Doodles - G_6e786d/p_The first Doodle was a simple out-of-offi_345e61' is clicked on

07-06-2024T14:07:41 - [TEST_STEP][PASSED] - verifyElementVisible(findTestObject("Object Repository/Page_The Story and Evolution of Doodles - G_6e786d/h1_The story behind Doodles")): Object 'Object Repository/Page_The Story and Evolution of Doodles - G_6e786d/h1_The story behind Doodles' is visible

07-06-2024T14:07:41 - [MESSAGE][PASSED] - Object 'Object Repository/Page_The Story and Evolution of Doodles - G_6e786d/h1_The story behind Doodles' is visible

07-06-2024T14:07:41 - [TEST_STEP][PASSED] - verifyElementVisible(findTestObject("Object Repository/Page_The Story and Evolution of Doodles - G_6e786d/p_The first Doodle was a simple out-of-offi_345e61")): Object 'Object Repository/Page_The Story and Evolution of Doodles - G_6e786d/p_The first Doodle was a simple out-of-offi_345e61' is visible

07-06-2024T14:07:41 - [MESSAGE][PASSED] - Object 'Object Repository/Page_The Story and Evolution of Doodles - G_6e786d/p_The first Doodle was a simple out-of-offi_345e61' is visible

07-06-2024T14:07:41 - [TEST_STEP][PASSED] - verifyElementVisible(findTestObject("Object Repository/Page_The Story and Evolution of Doodles - G_6e786d/h2_Weve created more than 5,000 Doodles ove_111429")): Object 'Object Repository/Page_The Story and Evolution of Doodles - G_6e786d/h2_Weve created more than 5,000 Doodles ove_111429' is visible

07-06-2024T14:07:41 - [MESSAGE][PASSED] - Object 'Object Repository/Page_The Story and Evolution of Doodles - G_6e786d/h2_Weve created more than 5,000 Doodles ove_111429' is visible

07-06-2024T14:07:41 - [TEST_STEP][PASSED] - click(findTestObject("Object Repository/Page_The Story and Evolution of Doodles - G_6e786d/p_The first Doodle was a simple out-of-offi_345e61")): Object: 'Object Repository/Page_The Story and Evolution of Doodles - G_6e786d/p_The first Doodle was a simple out-of-offi_345e61' is clicked on

07-06-2024T14:07:41 - [MESSAGE][PASSED] - Object: 'Object Repository/Page_The Story and Evolution of Doodles - G_6e786d/p_The first Doodle was a simple out-of-offi_345e61' is clicked on

07-06-2024T14:07:41 - [TEST_STEP][PASSED] - verifyElementVisible(findTestObject("Object Repository/Page_The Story and Evolution of Doodles - G_6e786d/h1_The story behind Doodles")): Object 'Object Repository/Page_The Story and Evolution of Doodles - G_6e786d/h1_The story behind Doodles' is visible

07-06-2024T14:07:41 - [MESSAGE][PASSED] - Object 'Object Repository/Page_The Story and Evolution of Doodles - G_6e786d/h1_The story behind Doodles' is visible

07-06-2024T14:07:41 - [TEST_STEP][PASSED] - verifyElementVisible(findTestObject("Object Repository/Page_The Story and Evolution of Doodles - G_6e786d/p_The first Doodle was a simple out-of-offi_345e61")): Object 'Object Repository/Page_The Story and Evolution of Doodles - G_6e786d/p_The first Doodle was a simple out-of-offi_345e61' is visible

07-06-2024T14:07:42 - [MESSAGE][PASSED] - Object 'Object Repository/Page_The Story and Evolution of Doodles - G_6e786d/p_The first Doodle was a simple out-of-offi_345e61' is visible

07-06-2024T14:07:42 - [TEST_STEP][PASSED] - verifyElementVisible(findTestObject("Object Repository/Page_The Story and Evolution of Doodles - G_6e786d/h2_Weve created more than 5,000 Doodles ove_111429")): Object 'Object Repository/Page_The Story and Evolution of Doodles - G_6e786d/h2_Weve created more than 5,000 Doodles ove_111429' is visible

07-06-2024T14:07:42 - [MESSAGE][PASSED] - Object 'Object Repository/Page_The Story and Evolution of Doodles - G_6e786d/h2_Weve created more than 5,000 Doodles ove_111429' is visible

07-06-2024T14:07:42 - [TEST_STEP][PASSED] - click(findTestObject("Object Repository/Page_The Story and Evolution of Doodles - G_6e786d/p_The first Doodle was a simple out-of-offi_345e61")): Object: 'Object Repository/Page_The Story and Evolution of Doodles - G_6e786d/p_The first Doodle was a simple out-of-offi_345e61' is clicked on

07-06-2024T14:07:42 - [MESSAGE][PASSED] - Object: 'Object Repository/Page_The Story and Evolution of Doodles - G_6e786d/p_The first Doodle was a simple out-of-offi_345e61' is clicked on

07-06-2024T14:07:42 - [TEST_STEP][PASSED] - verifyElementVisible(findTestObject("Object Repository/Page_The Story and Evolution of Doodles - G_6e786d/h1_The story behind Doodles")): Object 'Object Repository/Page_The Story and Evolution of Doodles - G_6e786d/h1_The story behind Doodles' is visible

07-06-2024T14:07:42 - [MESSAGE][PASSED] - Object 'Object Repository/Page_The Story and Evolution of Doodles - G_6e786d/h1_The story behind Doodles' is visible

07-06-2024T14:07:42 - [TEST_STEP][PASSED] - verifyElementVisible(findTestObject("Object Repository/Page_The Story and Evolution of Doodles - G_6e786d/p_The first Doodle was a simple out-of-offi_345e61")): Object 'Object Repository/Page_The Story and Evolution of Doodles - G_6e786d/p_The first Doodle was a simple out-of-offi_345e61' is visible

07-06-2024T14:07:42 - [MESSAGE][PASSED] - Object 'Object Repository/Page_The Story and Evolution of Doodles - G_6e786d/p_The first Doodle was a simple out-of-offi_345e61' is visible

07-06-2024T14:07:42 - [TEST_STEP][PASSED] - verifyElementVisible(findTestObject("Object Repository/Page_The Story and Evolution of Doodles - G_6e786d/h2_Weve created more than 5,000 Doodles ove_111429")): Object 'Object Repository/Page_The Story and Evolution of Doodles - G_6e786d/h2_Weve created more than 5,000 Doodles ove_111429' is visible

07-06-2024T14:07:42 - [MESSAGE][PASSED] - Object 'Object Repository/Page_The Story and Evolution of Doodles - G_6e786d/h2_Weve created more than 5,000 Doodles ove_111429' is visible

07-06-2024T14:07:42 - [TEST_STEP][PASSED] - click(findTestObject("Object Repository/Page_The Story and Evolution of Doodles - G_6e786d/p_The first Doodle was a simple out-of-offi_345e61")): Object: 'Object Repository/Page_The Story and Evolution of Doodles - G_6e786d/p_The first Doodle was a simple out-of-offi_345e61' is clicked on

07-06-2024T14:07:42 - [MESSAGE][PASSED] - Object: 'Object Repository/Page_The Story and Evolution of Doodles - G_6e786d/p_The first Doodle was a simple out-of-offi_345e61' is clicked on

07-06-2024T14:07:42 - [TEST_STEP][PASSED] - verifyElementVisible(findTestObject("Object Repository/Page_The Story and Evolution of Doodles - G_6e786d/h1_The story behind Doodles")): Object 'Object Repository/Page_The Story and Evolution of Doodles - G_6e786d/h1_The story behind Doodles' is visible

07-06-2024T14:07:42 - [MESSAGE][PASSED] - Object 'Object Repository/Page_The Story and Evolution of Doodles - G_6e786d/h1_The story behind Doodles' is visible

07-06-2024T14:07:42 - [TEST_STEP][PASSED] - verifyElementVisible(findTestObject("Object Repository/Page_The Story and Evolution of Doodles - G_6e786d/p_The first Doodle was a simple out-of-offi_345e61")): Object 'Object Repository/Page_The Story and Evolution of Doodles - G_6e786d/p_The first Doodle was a simple out-of-offi_345e61' is visible

07-06-2024T14:07:42 - [MESSAGE][PASSED] - Object 'Object Repository/Page_The Story and Evolution of Doodles - G_6e786d/p_The first Doodle was a simple out-of-offi_345e61' is visible

07-06-2024T14:07:42 - [TEST_STEP][PASSED] - verifyElementVisible(findTestObject("Object Repository/Page_The Story and Evolution of Doodles - G_6e786d/h2_Weve created more than 5,000 Doodles ove_111429")): Object 'Object Repository/Page_The Story and Evolution of Doodles - G_6e786d/h2_Weve created more than 5,000 Doodles ove_111429' is visible

07-06-2024T14:07:42 - [MESSAGE][PASSED] - Object 'Object Repository/Page_The Story and Evolution of Doodles - G_6e786d/h2_Weve created more than 5,000 Doodles ove_111429' is visible

07-06-2024T14:07:42 - [TEST_STEP][PASSED] - click(findTestObject("Object Repository/Page_The Story and Evolution of Doodles - G_6e786d/p_The first Doodle was a simple out-of-offi_345e61")): Object: 'Object Repository/Page_The Story and Evolution of Doodles - G_6e786d/p_The first Doodle was a simple out-of-offi_345e61' is clicked on

07-06-2024T14:07:42 - [MESSAGE][PASSED] - Object: 'Object Repository/Page_The Story and Evolution of Doodles - G_6e786d/p_The first Doodle was a simple out-of-offi_345e61' is clicked on

07-06-2024T14:07:42 - [TEST_STEP][PASSED] - verifyElementVisible(findTestObject("Object Repository/Page_The Story and Evolution of Doodles - G_6e786d/h1_The story behind Doodles")): Object 'Object Repository/Page_The Story and Evolution of Doodles - G_6e786d/h1_The story behind Doodles' is visible

07-06-2024T14:07:42 - [MESSAGE][PASSED] - Object 'Object Repository/Page_The Story and Evolution of Doodles - G_6e786d/h1_The story behind Doodles' is visible

07-06-2024T14:07:42 - [TEST_STEP][PASSED] - verifyElementVisible(findTestObject("Object Repository/Page_The Story and Evolution of Doodles - G_6e786d/p_The first Doodle was a simple out-of-offi_345e61")): Object 'Object Repository/Page_The Story and Evolution of Doodles - G_6e786d/p_The first Doodle was a simple out-of-offi_345e61' is visible

07-06-2024T14:07:42 - [MESSAGE][PASSED] - Object 'Object Repository/Page_The Story and Evolution of Doodles - G_6e786d/p_The first Doodle was a simple out-of-offi_345e61' is visible

07-06-2024T14:07:42 - [TEST_STEP][PASSED] - verifyElementVisible(findTestObject("Object Repository/Page_The Story and Evolution of Doodles - G_6e786d/h2_Weve created more than 5,000 Doodles ove_111429")): Object 'Object Repository/Page_The Story and Evolution of Doodles - G_6e786d/h2_Weve created more than 5,000 Doodles ove_111429' is visible

07-06-2024T14:07:43 - [MESSAGE][PASSED] - Object 'Object Repository/Page_The Story and Evolution of Doodles - G_6e786d/h2_Weve created more than 5,000 Doodles ove_111429' is visible

07-06-2024T14:07:43 - [TEST_STEP][PASSED] - click(findTestObject("Object Repository/Page_The Story and Evolution of Doodles - G_6e786d/p_The first Doodle was a simple out-of-offi_345e61")): Object: 'Object Repository/Page_The Story and Evolution of Doodles - G_6e786d/p_The first Doodle was a simple out-of-offi_345e61' is clicked on

07-06-2024T14:07:43 - [MESSAGE][PASSED] - Object: 'Object Repository/Page_The Story and Evolution of Doodles - G_6e786d/p_The first Doodle was a simple out-of-offi_345e61' is clicked on

07-06-2024T14:07:43 - [TEST_STEP][PASSED] - verifyElementVisible(findTestObject("Object Repository/Page_The Story and Evolution of Doodles - G_6e786d/h1_The story behind Doodles")): Object 'Object Repository/Page_The Story and Evolution of Doodles - G_6e786d/h1_The story behind Doodles' is visible

07-06-2024T14:07:43 - [MESSAGE][PASSED] - Object 'Object Repository/Page_The Story and Evolution of Doodles - G_6e786d/h1_The story behind Doodles' is visible

07-06-2024T14:07:43 - [TEST_STEP][PASSED] - verifyElementVisible(findTestObject("Object Repository/Page_The Story and Evolution of Doodles - G_6e786d/p_The first Doodle was a simple out-of-offi_345e61")): Object 'Object Repository/Page_The Story and Evolution of Doodles - G_6e786d/p_The first Doodle was a simple out-of-offi_345e61' is visible

07-06-2024T14:07:43 - [MESSAGE][PASSED] - Object 'Object Repository/Page_The Story and Evolution of Doodles - G_6e786d/p_The first Doodle was a simple out-of-offi_345e61' is visible

07-06-2024T14:07:43 - [TEST_STEP][PASSED] - verifyElementVisible(findTestObject("Object Repository/Page_The Story and Evolution of Doodles - G_6e786d/h2_Weve created more than 5,000 Doodles ove_111429")): Object 'Object Repository/Page_The Story and Evolution of Doodles - G_6e786d/h2_Weve created more than 5,000 Doodles ove_111429' is visible

07-06-2024T14:07:43 - [MESSAGE][PASSED] - Object 'Object Repository/Page_The Story and Evolution of Doodles - G_6e786d/h2_Weve created more than 5,000 Doodles ove_111429' is visible]]></system-out>
         <system-err><![CDATA[]]></system-err>
      </testcase>
      <testcase name="Test Cases/test case folder 1/tc1 - Copy (3) - Copy (6)" time="24.933" classname="Test Cases/test case folder 1/tc1 - Copy (3) - Copy (6)" status="PASSED">
         <system-out><![CDATA[07-06-2024T14:07:43 - [TEST_CASE][PASSED] - Test Cases/test case folder 1/tc1 - Copy (3) - Copy (6): Test Cases/test case folder 1/tc1 - Copy (3) - Copy (6)

07-06-2024T14:07:43 - [TEST_STEP][PASSED] - openBrowser(""): Browser is opened with url: ''

07-06-2024T14:07:43 - [MESSAGE][WARNING] - A browser is already opened. Closing browser and opening a new one

07-06-2024T14:07:44 - [MESSAGE][INFO] - Starting 'Firefox (headless)' driver

07-06-2024T14:07:44 - [MESSAGE][INFO] - Action delay is set to 0 milliseconds

07-06-2024T14:07:46 - [MESSAGE][PASSED] - Browser is opened with url: ''

07-06-2024T14:07:46 - [TEST_STEP][PASSED] - navigateToUrl("https://doodles.google/about/"): Navigate to 'https://doodles.google/about/' successfully

07-06-2024T14:08:04 - [MESSAGE][PASSED] - Navigate to 'https://doodles.google/about/' successfully

07-06-2024T14:08:04 - [TEST_STEP][PASSED] - click(findTestObject("Object Repository/Page_The Story and Evolution of Doodles - G_6e786d/p_The first Doodle was a simple out-of-offi_345e61")): Object: 'Object Repository/Page_The Story and Evolution of Doodles - G_6e786d/p_The first Doodle was a simple out-of-offi_345e61' is clicked on

07-06-2024T14:08:04 - [MESSAGE][PASSED] - Object: 'Object Repository/Page_The Story and Evolution of Doodles - G_6e786d/p_The first Doodle was a simple out-of-offi_345e61' is clicked on

07-06-2024T14:08:04 - [TEST_STEP][PASSED] - click(findTestObject("Object Repository/Page_The Story and Evolution of Doodles - G_6e786d/p_The first Doodle was a simple out-of-offi_345e61")): Object: 'Object Repository/Page_The Story and Evolution of Doodles - G_6e786d/p_The first Doodle was a simple out-of-offi_345e61' is clicked on

07-06-2024T14:08:04 - [MESSAGE][PASSED] - Object: 'Object Repository/Page_The Story and Evolution of Doodles - G_6e786d/p_The first Doodle was a simple out-of-offi_345e61' is clicked on

07-06-2024T14:08:04 - [TEST_STEP][PASSED] - verifyElementVisible(findTestObject("Object Repository/Page_The Story and Evolution of Doodles - G_6e786d/h1_The story behind Doodles")): Object 'Object Repository/Page_The Story and Evolution of Doodles - G_6e786d/h1_The story behind Doodles' is visible

07-06-2024T14:08:04 - [MESSAGE][PASSED] - Object 'Object Repository/Page_The Story and Evolution of Doodles - G_6e786d/h1_The story behind Doodles' is visible

07-06-2024T14:08:04 - [TEST_STEP][PASSED] - verifyElementVisible(findTestObject("Object Repository/Page_The Story and Evolution of Doodles - G_6e786d/p_The first Doodle was a simple out-of-offi_345e61")): Object 'Object Repository/Page_The Story and Evolution of Doodles - G_6e786d/p_The first Doodle was a simple out-of-offi_345e61' is visible

07-06-2024T14:08:05 - [MESSAGE][PASSED] - Object 'Object Repository/Page_The Story and Evolution of Doodles - G_6e786d/p_The first Doodle was a simple out-of-offi_345e61' is visible

07-06-2024T14:08:05 - [TEST_STEP][PASSED] - verifyElementVisible(findTestObject("Object Repository/Page_The Story and Evolution of Doodles - G_6e786d/h2_Weve created more than 5,000 Doodles ove_111429")): Object 'Object Repository/Page_The Story and Evolution of Doodles - G_6e786d/h2_Weve created more than 5,000 Doodles ove_111429' is visible

07-06-2024T14:08:05 - [MESSAGE][PASSED] - Object 'Object Repository/Page_The Story and Evolution of Doodles - G_6e786d/h2_Weve created more than 5,000 Doodles ove_111429' is visible

07-06-2024T14:08:05 - [TEST_STEP][PASSED] - verifyElementVisible(findTestObject("Object Repository/Page_The Story and Evolution of Doodles - G_6e786d/h1_The story behind Doodles")): Object 'Object Repository/Page_The Story and Evolution of Doodles - G_6e786d/h1_The story behind Doodles' is visible

07-06-2024T14:08:05 - [MESSAGE][PASSED] - Object 'Object Repository/Page_The Story and Evolution of Doodles - G_6e786d/h1_The story behind Doodles' is visible

07-06-2024T14:08:05 - [TEST_STEP][PASSED] - verifyElementVisible(findTestObject("Object Repository/Page_The Story and Evolution of Doodles - G_6e786d/p_The first Doodle was a simple out-of-offi_345e61")): Object 'Object Repository/Page_The Story and Evolution of Doodles - G_6e786d/p_The first Doodle was a simple out-of-offi_345e61' is visible

07-06-2024T14:08:05 - [MESSAGE][PASSED] - Object 'Object Repository/Page_The Story and Evolution of Doodles - G_6e786d/p_The first Doodle was a simple out-of-offi_345e61' is visible

07-06-2024T14:08:05 - [TEST_STEP][PASSED] - verifyElementVisible(findTestObject("Object Repository/Page_The Story and Evolution of Doodles - G_6e786d/h2_Weve created more than 5,000 Doodles ove_111429")): Object 'Object Repository/Page_The Story and Evolution of Doodles - G_6e786d/h2_Weve created more than 5,000 Doodles ove_111429' is visible

07-06-2024T14:08:05 - [MESSAGE][PASSED] - Object 'Object Repository/Page_The Story and Evolution of Doodles - G_6e786d/h2_Weve created more than 5,000 Doodles ove_111429' is visible

07-06-2024T14:08:05 - [TEST_STEP][PASSED] - click(findTestObject("Object Repository/Page_The Story and Evolution of Doodles - G_6e786d/p_The first Doodle was a simple out-of-offi_345e61")): Object: 'Object Repository/Page_The Story and Evolution of Doodles - G_6e786d/p_The first Doodle was a simple out-of-offi_345e61' is clicked on

07-06-2024T14:08:05 - [MESSAGE][PASSED] - Object: 'Object Repository/Page_The Story and Evolution of Doodles - G_6e786d/p_The first Doodle was a simple out-of-offi_345e61' is clicked on

07-06-2024T14:08:05 - [TEST_STEP][PASSED] - verifyElementVisible(findTestObject("Object Repository/Page_The Story and Evolution of Doodles - G_6e786d/h1_The story behind Doodles")): Object 'Object Repository/Page_The Story and Evolution of Doodles - G_6e786d/h1_The story behind Doodles' is visible

07-06-2024T14:08:05 - [MESSAGE][PASSED] - Object 'Object Repository/Page_The Story and Evolution of Doodles - G_6e786d/h1_The story behind Doodles' is visible

07-06-2024T14:08:05 - [TEST_STEP][PASSED] - verifyElementVisible(findTestObject("Object Repository/Page_The Story and Evolution of Doodles - G_6e786d/p_The first Doodle was a simple out-of-offi_345e61")): Object 'Object Repository/Page_The Story and Evolution of Doodles - G_6e786d/p_The first Doodle was a simple out-of-offi_345e61' is visible

07-06-2024T14:08:05 - [MESSAGE][PASSED] - Object 'Object Repository/Page_The Story and Evolution of Doodles - G_6e786d/p_The first Doodle was a simple out-of-offi_345e61' is visible

07-06-2024T14:08:05 - [TEST_STEP][PASSED] - verifyElementVisible(findTestObject("Object Repository/Page_The Story and Evolution of Doodles - G_6e786d/h2_Weve created more than 5,000 Doodles ove_111429")): Object 'Object Repository/Page_The Story and Evolution of Doodles - G_6e786d/h2_Weve created more than 5,000 Doodles ove_111429' is visible

07-06-2024T14:08:05 - [MESSAGE][PASSED] - Object 'Object Repository/Page_The Story and Evolution of Doodles - G_6e786d/h2_Weve created more than 5,000 Doodles ove_111429' is visible

07-06-2024T14:08:05 - [TEST_STEP][PASSED] - click(findTestObject("Object Repository/Page_The Story and Evolution of Doodles - G_6e786d/p_The first Doodle was a simple out-of-offi_345e61")): Object: 'Object Repository/Page_The Story and Evolution of Doodles - G_6e786d/p_The first Doodle was a simple out-of-offi_345e61' is clicked on

07-06-2024T14:08:05 - [MESSAGE][PASSED] - Object: 'Object Repository/Page_The Story and Evolution of Doodles - G_6e786d/p_The first Doodle was a simple out-of-offi_345e61' is clicked on

07-06-2024T14:08:05 - [TEST_STEP][PASSED] - verifyElementVisible(findTestObject("Object Repository/Page_The Story and Evolution of Doodles - G_6e786d/h1_The story behind Doodles")): Object 'Object Repository/Page_The Story and Evolution of Doodles - G_6e786d/h1_The story behind Doodles' is visible

07-06-2024T14:08:05 - [MESSAGE][PASSED] - Object 'Object Repository/Page_The Story and Evolution of Doodles - G_6e786d/h1_The story behind Doodles' is visible

07-06-2024T14:08:05 - [TEST_STEP][PASSED] - verifyElementVisible(findTestObject("Object Repository/Page_The Story and Evolution of Doodles - G_6e786d/p_The first Doodle was a simple out-of-offi_345e61")): Object 'Object Repository/Page_The Story and Evolution of Doodles - G_6e786d/p_The first Doodle was a simple out-of-offi_345e61' is visible

07-06-2024T14:08:05 - [MESSAGE][PASSED] - Object 'Object Repository/Page_The Story and Evolution of Doodles - G_6e786d/p_The first Doodle was a simple out-of-offi_345e61' is visible

07-06-2024T14:08:05 - [TEST_STEP][PASSED] - verifyElementVisible(findTestObject("Object Repository/Page_The Story and Evolution of Doodles - G_6e786d/h2_Weve created more than 5,000 Doodles ove_111429")): Object 'Object Repository/Page_The Story and Evolution of Doodles - G_6e786d/h2_Weve created more than 5,000 Doodles ove_111429' is visible

07-06-2024T14:08:05 - [MESSAGE][PASSED] - Object 'Object Repository/Page_The Story and Evolution of Doodles - G_6e786d/h2_Weve created more than 5,000 Doodles ove_111429' is visible

07-06-2024T14:08:05 - [TEST_STEP][PASSED] - click(findTestObject("Object Repository/Page_The Story and Evolution of Doodles - G_6e786d/p_The first Doodle was a simple out-of-offi_345e61")): Object: 'Object Repository/Page_The Story and Evolution of Doodles - G_6e786d/p_The first Doodle was a simple out-of-offi_345e61' is clicked on

07-06-2024T14:08:06 - [MESSAGE][PASSED] - Object: 'Object Repository/Page_The Story and Evolution of Doodles - G_6e786d/p_The first Doodle was a simple out-of-offi_345e61' is clicked on

07-06-2024T14:08:06 - [TEST_STEP][PASSED] - verifyElementVisible(findTestObject("Object Repository/Page_The Story and Evolution of Doodles - G_6e786d/h1_The story behind Doodles")): Object 'Object Repository/Page_The Story and Evolution of Doodles - G_6e786d/h1_The story behind Doodles' is visible

07-06-2024T14:08:06 - [MESSAGE][PASSED] - Object 'Object Repository/Page_The Story and Evolution of Doodles - G_6e786d/h1_The story behind Doodles' is visible

07-06-2024T14:08:06 - [TEST_STEP][PASSED] - verifyElementVisible(findTestObject("Object Repository/Page_The Story and Evolution of Doodles - G_6e786d/p_The first Doodle was a simple out-of-offi_345e61")): Object 'Object Repository/Page_The Story and Evolution of Doodles - G_6e786d/p_The first Doodle was a simple out-of-offi_345e61' is visible

07-06-2024T14:08:06 - [MESSAGE][PASSED] - Object 'Object Repository/Page_The Story and Evolution of Doodles - G_6e786d/p_The first Doodle was a simple out-of-offi_345e61' is visible

07-06-2024T14:08:06 - [TEST_STEP][PASSED] - verifyElementVisible(findTestObject("Object Repository/Page_The Story and Evolution of Doodles - G_6e786d/h2_Weve created more than 5,000 Doodles ove_111429")): Object 'Object Repository/Page_The Story and Evolution of Doodles - G_6e786d/h2_Weve created more than 5,000 Doodles ove_111429' is visible

07-06-2024T14:08:06 - [MESSAGE][PASSED] - Object 'Object Repository/Page_The Story and Evolution of Doodles - G_6e786d/h2_Weve created more than 5,000 Doodles ove_111429' is visible

07-06-2024T14:08:06 - [TEST_STEP][PASSED] - click(findTestObject("Object Repository/Page_The Story and Evolution of Doodles - G_6e786d/p_The first Doodle was a simple out-of-offi_345e61")): Object: 'Object Repository/Page_The Story and Evolution of Doodles - G_6e786d/p_The first Doodle was a simple out-of-offi_345e61' is clicked on

07-06-2024T14:08:06 - [MESSAGE][PASSED] - Object: 'Object Repository/Page_The Story and Evolution of Doodles - G_6e786d/p_The first Doodle was a simple out-of-offi_345e61' is clicked on

07-06-2024T14:08:06 - [TEST_STEP][PASSED] - verifyElementVisible(findTestObject("Object Repository/Page_The Story and Evolution of Doodles - G_6e786d/h1_The story behind Doodles")): Object 'Object Repository/Page_The Story and Evolution of Doodles - G_6e786d/h1_The story behind Doodles' is visible

07-06-2024T14:08:06 - [MESSAGE][PASSED] - Object 'Object Repository/Page_The Story and Evolution of Doodles - G_6e786d/h1_The story behind Doodles' is visible

07-06-2024T14:08:06 - [TEST_STEP][PASSED] - verifyElementVisible(findTestObject("Object Repository/Page_The Story and Evolution of Doodles - G_6e786d/p_The first Doodle was a simple out-of-offi_345e61")): Object 'Object Repository/Page_The Story and Evolution of Doodles - G_6e786d/p_The first Doodle was a simple out-of-offi_345e61' is visible

07-06-2024T14:08:06 - [MESSAGE][PASSED] - Object 'Object Repository/Page_The Story and Evolution of Doodles - G_6e786d/p_The first Doodle was a simple out-of-offi_345e61' is visible

07-06-2024T14:08:06 - [TEST_STEP][PASSED] - verifyElementVisible(findTestObject("Object Repository/Page_The Story and Evolution of Doodles - G_6e786d/h2_Weve created more than 5,000 Doodles ove_111429")): Object 'Object Repository/Page_The Story and Evolution of Doodles - G_6e786d/h2_Weve created more than 5,000 Doodles ove_111429' is visible

07-06-2024T14:08:06 - [MESSAGE][PASSED] - Object 'Object Repository/Page_The Story and Evolution of Doodles - G_6e786d/h2_Weve created more than 5,000 Doodles ove_111429' is visible

07-06-2024T14:08:06 - [TEST_STEP][PASSED] - click(findTestObject("Object Repository/Page_The Story and Evolution of Doodles - G_6e786d/p_The first Doodle was a simple out-of-offi_345e61")): Object: 'Object Repository/Page_The Story and Evolution of Doodles - G_6e786d/p_The first Doodle was a simple out-of-offi_345e61' is clicked on

07-06-2024T14:08:06 - [MESSAGE][PASSED] - Object: 'Object Repository/Page_The Story and Evolution of Doodles - G_6e786d/p_The first Doodle was a simple out-of-offi_345e61' is clicked on

07-06-2024T14:08:06 - [TEST_STEP][PASSED] - verifyElementVisible(findTestObject("Object Repository/Page_The Story and Evolution of Doodles - G_6e786d/h1_The story behind Doodles")): Object 'Object Repository/Page_The Story and Evolution of Doodles - G_6e786d/h1_The story behind Doodles' is visible

07-06-2024T14:08:06 - [MESSAGE][PASSED] - Object 'Object Repository/Page_The Story and Evolution of Doodles - G_6e786d/h1_The story behind Doodles' is visible

07-06-2024T14:08:06 - [TEST_STEP][PASSED] - verifyElementVisible(findTestObject("Object Repository/Page_The Story and Evolution of Doodles - G_6e786d/p_The first Doodle was a simple out-of-offi_345e61")): Object 'Object Repository/Page_The Story and Evolution of Doodles - G_6e786d/p_The first Doodle was a simple out-of-offi_345e61' is visible

07-06-2024T14:08:06 - [MESSAGE][PASSED] - Object 'Object Repository/Page_The Story and Evolution of Doodles - G_6e786d/p_The first Doodle was a simple out-of-offi_345e61' is visible

07-06-2024T14:08:06 - [TEST_STEP][PASSED] - verifyElementVisible(findTestObject("Object Repository/Page_The Story and Evolution of Doodles - G_6e786d/h2_Weve created more than 5,000 Doodles ove_111429")): Object 'Object Repository/Page_The Story and Evolution of Doodles - G_6e786d/h2_Weve created more than 5,000 Doodles ove_111429' is visible

07-06-2024T14:08:06 - [MESSAGE][PASSED] - Object 'Object Repository/Page_The Story and Evolution of Doodles - G_6e786d/h2_Weve created more than 5,000 Doodles ove_111429' is visible

07-06-2024T14:08:06 - [TEST_STEP][PASSED] - click(findTestObject("Object Repository/Page_The Story and Evolution of Doodles - G_6e786d/p_The first Doodle was a simple out-of-offi_345e61")): Object: 'Object Repository/Page_The Story and Evolution of Doodles - G_6e786d/p_The first Doodle was a simple out-of-offi_345e61' is clicked on

07-06-2024T14:08:07 - [MESSAGE][PASSED] - Object: 'Object Repository/Page_The Story and Evolution of Doodles - G_6e786d/p_The first Doodle was a simple out-of-offi_345e61' is clicked on

07-06-2024T14:08:07 - [TEST_STEP][PASSED] - verifyElementVisible(findTestObject("Object Repository/Page_The Story and Evolution of Doodles - G_6e786d/h1_The story behind Doodles")): Object 'Object Repository/Page_The Story and Evolution of Doodles - G_6e786d/h1_The story behind Doodles' is visible

07-06-2024T14:08:07 - [MESSAGE][PASSED] - Object 'Object Repository/Page_The Story and Evolution of Doodles - G_6e786d/h1_The story behind Doodles' is visible

07-06-2024T14:08:07 - [TEST_STEP][PASSED] - verifyElementVisible(findTestObject("Object Repository/Page_The Story and Evolution of Doodles - G_6e786d/p_The first Doodle was a simple out-of-offi_345e61")): Object 'Object Repository/Page_The Story and Evolution of Doodles - G_6e786d/p_The first Doodle was a simple out-of-offi_345e61' is visible

07-06-2024T14:08:07 - [MESSAGE][PASSED] - Object 'Object Repository/Page_The Story and Evolution of Doodles - G_6e786d/p_The first Doodle was a simple out-of-offi_345e61' is visible

07-06-2024T14:08:07 - [TEST_STEP][PASSED] - verifyElementVisible(findTestObject("Object Repository/Page_The Story and Evolution of Doodles - G_6e786d/h2_Weve created more than 5,000 Doodles ove_111429")): Object 'Object Repository/Page_The Story and Evolution of Doodles - G_6e786d/h2_Weve created more than 5,000 Doodles ove_111429' is visible

07-06-2024T14:08:07 - [MESSAGE][PASSED] - Object 'Object Repository/Page_The Story and Evolution of Doodles - G_6e786d/h2_Weve created more than 5,000 Doodles ove_111429' is visible

07-06-2024T14:08:07 - [TEST_STEP][PASSED] - click(findTestObject("Object Repository/Page_The Story and Evolution of Doodles - G_6e786d/p_The first Doodle was a simple out-of-offi_345e61")): Object: 'Object Repository/Page_The Story and Evolution of Doodles - G_6e786d/p_The first Doodle was a simple out-of-offi_345e61' is clicked on

07-06-2024T14:08:07 - [MESSAGE][PASSED] - Object: 'Object Repository/Page_The Story and Evolution of Doodles - G_6e786d/p_The first Doodle was a simple out-of-offi_345e61' is clicked on

07-06-2024T14:08:07 - [TEST_STEP][PASSED] - verifyElementVisible(findTestObject("Object Repository/Page_The Story and Evolution of Doodles - G_6e786d/h1_The story behind Doodles")): Object 'Object Repository/Page_The Story and Evolution of Doodles - G_6e786d/h1_The story behind Doodles' is visible

07-06-2024T14:08:07 - [MESSAGE][PASSED] - Object 'Object Repository/Page_The Story and Evolution of Doodles - G_6e786d/h1_The story behind Doodles' is visible

07-06-2024T14:08:07 - [TEST_STEP][PASSED] - verifyElementVisible(findTestObject("Object Repository/Page_The Story and Evolution of Doodles - G_6e786d/p_The first Doodle was a simple out-of-offi_345e61")): Object 'Object Repository/Page_The Story and Evolution of Doodles - G_6e786d/p_The first Doodle was a simple out-of-offi_345e61' is visible

07-06-2024T14:08:07 - [MESSAGE][PASSED] - Object 'Object Repository/Page_The Story and Evolution of Doodles - G_6e786d/p_The first Doodle was a simple out-of-offi_345e61' is visible

07-06-2024T14:08:07 - [TEST_STEP][PASSED] - verifyElementVisible(findTestObject("Object Repository/Page_The Story and Evolution of Doodles - G_6e786d/h2_Weve created more than 5,000 Doodles ove_111429")): Object 'Object Repository/Page_The Story and Evolution of Doodles - G_6e786d/h2_Weve created more than 5,000 Doodles ove_111429' is visible

07-06-2024T14:08:07 - [MESSAGE][PASSED] - Object 'Object Repository/Page_The Story and Evolution of Doodles - G_6e786d/h2_Weve created more than 5,000 Doodles ove_111429' is visible

07-06-2024T14:08:07 - [TEST_STEP][PASSED] - click(findTestObject("Object Repository/Page_The Story and Evolution of Doodles - G_6e786d/p_The first Doodle was a simple out-of-offi_345e61")): Object: 'Object Repository/Page_The Story and Evolution of Doodles - G_6e786d/p_The first Doodle was a simple out-of-offi_345e61' is clicked on

07-06-2024T14:08:07 - [MESSAGE][PASSED] - Object: 'Object Repository/Page_The Story and Evolution of Doodles - G_6e786d/p_The first Doodle was a simple out-of-offi_345e61' is clicked on

07-06-2024T14:08:07 - [TEST_STEP][PASSED] - verifyElementVisible(findTestObject("Object Repository/Page_The Story and Evolution of Doodles - G_6e786d/h1_The story behind Doodles")): Object 'Object Repository/Page_The Story and Evolution of Doodles - G_6e786d/h1_The story behind Doodles' is visible

07-06-2024T14:08:07 - [MESSAGE][PASSED] - Object 'Object Repository/Page_The Story and Evolution of Doodles - G_6e786d/h1_The story behind Doodles' is visible

07-06-2024T14:08:07 - [TEST_STEP][PASSED] - verifyElementVisible(findTestObject("Object Repository/Page_The Story and Evolution of Doodles - G_6e786d/p_The first Doodle was a simple out-of-offi_345e61")): Object 'Object Repository/Page_The Story and Evolution of Doodles - G_6e786d/p_The first Doodle was a simple out-of-offi_345e61' is visible

07-06-2024T14:08:07 - [MESSAGE][PASSED] - Object 'Object Repository/Page_The Story and Evolution of Doodles - G_6e786d/p_The first Doodle was a simple out-of-offi_345e61' is visible

07-06-2024T14:08:07 - [TEST_STEP][PASSED] - verifyElementVisible(findTestObject("Object Repository/Page_The Story and Evolution of Doodles - G_6e786d/h2_Weve created more than 5,000 Doodles ove_111429")): Object 'Object Repository/Page_The Story and Evolution of Doodles - G_6e786d/h2_Weve created more than 5,000 Doodles ove_111429' is visible

07-06-2024T14:08:07 - [MESSAGE][PASSED] - Object 'Object Repository/Page_The Story and Evolution of Doodles - G_6e786d/h2_Weve created more than 5,000 Doodles ove_111429' is visible

07-06-2024T14:08:07 - [TEST_STEP][PASSED] - click(findTestObject("Object Repository/Page_The Story and Evolution of Doodles - G_6e786d/p_The first Doodle was a simple out-of-offi_345e61")): Object: 'Object Repository/Page_The Story and Evolution of Doodles - G_6e786d/p_The first Doodle was a simple out-of-offi_345e61' is clicked on

07-06-2024T14:08:08 - [MESSAGE][PASSED] - Object: 'Object Repository/Page_The Story and Evolution of Doodles - G_6e786d/p_The first Doodle was a simple out-of-offi_345e61' is clicked on

07-06-2024T14:08:08 - [TEST_STEP][PASSED] - verifyElementVisible(findTestObject("Object Repository/Page_The Story and Evolution of Doodles - G_6e786d/h1_The story behind Doodles")): Object 'Object Repository/Page_The Story and Evolution of Doodles - G_6e786d/h1_The story behind Doodles' is visible

07-06-2024T14:08:08 - [MESSAGE][PASSED] - Object 'Object Repository/Page_The Story and Evolution of Doodles - G_6e786d/h1_The story behind Doodles' is visible

07-06-2024T14:08:08 - [TEST_STEP][PASSED] - verifyElementVisible(findTestObject("Object Repository/Page_The Story and Evolution of Doodles - G_6e786d/p_The first Doodle was a simple out-of-offi_345e61")): Object 'Object Repository/Page_The Story and Evolution of Doodles - G_6e786d/p_The first Doodle was a simple out-of-offi_345e61' is visible

07-06-2024T14:08:08 - [MESSAGE][PASSED] - Object 'Object Repository/Page_The Story and Evolution of Doodles - G_6e786d/p_The first Doodle was a simple out-of-offi_345e61' is visible

07-06-2024T14:08:08 - [TEST_STEP][PASSED] - verifyElementVisible(findTestObject("Object Repository/Page_The Story and Evolution of Doodles - G_6e786d/h2_Weve created more than 5,000 Doodles ove_111429")): Object 'Object Repository/Page_The Story and Evolution of Doodles - G_6e786d/h2_Weve created more than 5,000 Doodles ove_111429' is visible

07-06-2024T14:08:08 - [MESSAGE][PASSED] - Object 'Object Repository/Page_The Story and Evolution of Doodles - G_6e786d/h2_Weve created more than 5,000 Doodles ove_111429' is visible]]></system-out>
         <system-err><![CDATA[]]></system-err>
      </testcase>
      <testcase name="Test Cases/test case folder 1/tc1 - Copy (3) - Copy" time="9.239" classname="Test Cases/test case folder 1/tc1 - Copy (3) - Copy" status="PASSED">
         <system-out><![CDATA[07-06-2024T14:08:08 - [TEST_CASE][PASSED] - Test Cases/test case folder 1/tc1 - Copy (3) - Copy: Test Cases/test case folder 1/tc1 - Copy (3) - Copy

07-06-2024T14:08:08 - [TEST_STEP][PASSED] - openBrowser(""): Browser is opened with url: ''

07-06-2024T14:08:08 - [MESSAGE][WARNING] - A browser is already opened. Closing browser and opening a new one

07-06-2024T14:08:09 - [MESSAGE][INFO] - Starting 'Firefox (headless)' driver

07-06-2024T14:08:09 - [MESSAGE][INFO] - Action delay is set to 0 milliseconds

07-06-2024T14:08:12 - [MESSAGE][PASSED] - Browser is opened with url: ''

07-06-2024T14:08:12 - [TEST_STEP][PASSED] - navigateToUrl("https://doodles.google/about/"): Navigate to 'https://doodles.google/about/' successfully

07-06-2024T14:08:13 - [MESSAGE][PASSED] - Navigate to 'https://doodles.google/about/' successfully

07-06-2024T14:08:13 - [TEST_STEP][PASSED] - click(findTestObject("Object Repository/Page_The Story and Evolution of Doodles - G_6e786d/p_The first Doodle was a simple out-of-offi_345e61")): Object: 'Object Repository/Page_The Story and Evolution of Doodles - G_6e786d/p_The first Doodle was a simple out-of-offi_345e61' is clicked on

07-06-2024T14:08:14 - [MESSAGE][PASSED] - Object: 'Object Repository/Page_The Story and Evolution of Doodles - G_6e786d/p_The first Doodle was a simple out-of-offi_345e61' is clicked on

07-06-2024T14:08:14 - [TEST_STEP][PASSED] - click(findTestObject("Object Repository/Page_The Story and Evolution of Doodles - G_6e786d/p_The first Doodle was a simple out-of-offi_345e61")): Object: 'Object Repository/Page_The Story and Evolution of Doodles - G_6e786d/p_The first Doodle was a simple out-of-offi_345e61' is clicked on

07-06-2024T14:08:14 - [MESSAGE][PASSED] - Object: 'Object Repository/Page_The Story and Evolution of Doodles - G_6e786d/p_The first Doodle was a simple out-of-offi_345e61' is clicked on

07-06-2024T14:08:14 - [TEST_STEP][PASSED] - verifyElementVisible(findTestObject("Object Repository/Page_The Story and Evolution of Doodles - G_6e786d/h1_The story behind Doodles")): Object 'Object Repository/Page_The Story and Evolution of Doodles - G_6e786d/h1_The story behind Doodles' is visible

07-06-2024T14:08:14 - [MESSAGE][PASSED] - Object 'Object Repository/Page_The Story and Evolution of Doodles - G_6e786d/h1_The story behind Doodles' is visible

07-06-2024T14:08:14 - [TEST_STEP][PASSED] - verifyElementVisible(findTestObject("Object Repository/Page_The Story and Evolution of Doodles - G_6e786d/p_The first Doodle was a simple out-of-offi_345e61")): Object 'Object Repository/Page_The Story and Evolution of Doodles - G_6e786d/p_The first Doodle was a simple out-of-offi_345e61' is visible

07-06-2024T14:08:14 - [MESSAGE][PASSED] - Object 'Object Repository/Page_The Story and Evolution of Doodles - G_6e786d/p_The first Doodle was a simple out-of-offi_345e61' is visible

07-06-2024T14:08:14 - [TEST_STEP][PASSED] - verifyElementVisible(findTestObject("Object Repository/Page_The Story and Evolution of Doodles - G_6e786d/h2_Weve created more than 5,000 Doodles ove_111429")): Object 'Object Repository/Page_The Story and Evolution of Doodles - G_6e786d/h2_Weve created more than 5,000 Doodles ove_111429' is visible

07-06-2024T14:08:14 - [MESSAGE][PASSED] - Object 'Object Repository/Page_The Story and Evolution of Doodles - G_6e786d/h2_Weve created more than 5,000 Doodles ove_111429' is visible

07-06-2024T14:08:14 - [TEST_STEP][PASSED] - verifyElementVisible(findTestObject("Object Repository/Page_The Story and Evolution of Doodles - G_6e786d/h1_The story behind Doodles")): Object 'Object Repository/Page_The Story and Evolution of Doodles - G_6e786d/h1_The story behind Doodles' is visible

07-06-2024T14:08:14 - [MESSAGE][PASSED] - Object 'Object Repository/Page_The Story and Evolution of Doodles - G_6e786d/h1_The story behind Doodles' is visible

07-06-2024T14:08:14 - [TEST_STEP][PASSED] - verifyElementVisible(findTestObject("Object Repository/Page_The Story and Evolution of Doodles - G_6e786d/p_The first Doodle was a simple out-of-offi_345e61")): Object 'Object Repository/Page_The Story and Evolution of Doodles - G_6e786d/p_The first Doodle was a simple out-of-offi_345e61' is visible

07-06-2024T14:08:14 - [MESSAGE][PASSED] - Object 'Object Repository/Page_The Story and Evolution of Doodles - G_6e786d/p_The first Doodle was a simple out-of-offi_345e61' is visible

07-06-2024T14:08:14 - [TEST_STEP][PASSED] - verifyElementVisible(findTestObject("Object Repository/Page_The Story and Evolution of Doodles - G_6e786d/h2_Weve created more than 5,000 Doodles ove_111429")): Object 'Object Repository/Page_The Story and Evolution of Doodles - G_6e786d/h2_Weve created more than 5,000 Doodles ove_111429' is visible

07-06-2024T14:08:14 - [MESSAGE][PASSED] - Object 'Object Repository/Page_The Story and Evolution of Doodles - G_6e786d/h2_Weve created more than 5,000 Doodles ove_111429' is visible

07-06-2024T14:08:14 - [TEST_STEP][PASSED] - click(findTestObject("Object Repository/Page_The Story and Evolution of Doodles - G_6e786d/p_The first Doodle was a simple out-of-offi_345e61")): Object: 'Object Repository/Page_The Story and Evolution of Doodles - G_6e786d/p_The first Doodle was a simple out-of-offi_345e61' is clicked on

07-06-2024T14:08:14 - [MESSAGE][PASSED] - Object: 'Object Repository/Page_The Story and Evolution of Doodles - G_6e786d/p_The first Doodle was a simple out-of-offi_345e61' is clicked on

07-06-2024T14:08:14 - [TEST_STEP][PASSED] - verifyElementVisible(findTestObject("Object Repository/Page_The Story and Evolution of Doodles - G_6e786d/h1_The story behind Doodles")): Object 'Object Repository/Page_The Story and Evolution of Doodles - G_6e786d/h1_The story behind Doodles' is visible

07-06-2024T14:08:14 - [MESSAGE][PASSED] - Object 'Object Repository/Page_The Story and Evolution of Doodles - G_6e786d/h1_The story behind Doodles' is visible

07-06-2024T14:08:14 - [TEST_STEP][PASSED] - verifyElementVisible(findTestObject("Object Repository/Page_The Story and Evolution of Doodles - G_6e786d/p_The first Doodle was a simple out-of-offi_345e61")): Object 'Object Repository/Page_The Story and Evolution of Doodles - G_6e786d/p_The first Doodle was a simple out-of-offi_345e61' is visible

07-06-2024T14:08:14 - [MESSAGE][PASSED] - Object 'Object Repository/Page_The Story and Evolution of Doodles - G_6e786d/p_The first Doodle was a simple out-of-offi_345e61' is visible

07-06-2024T14:08:14 - [TEST_STEP][PASSED] - verifyElementVisible(findTestObject("Object Repository/Page_The Story and Evolution of Doodles - G_6e786d/h2_Weve created more than 5,000 Doodles ove_111429")): Object 'Object Repository/Page_The Story and Evolution of Doodles - G_6e786d/h2_Weve created more than 5,000 Doodles ove_111429' is visible

07-06-2024T14:08:14 - [MESSAGE][PASSED] - Object 'Object Repository/Page_The Story and Evolution of Doodles - G_6e786d/h2_Weve created more than 5,000 Doodles ove_111429' is visible

07-06-2024T14:08:14 - [TEST_STEP][PASSED] - click(findTestObject("Object Repository/Page_The Story and Evolution of Doodles - G_6e786d/p_The first Doodle was a simple out-of-offi_345e61")): Object: 'Object Repository/Page_The Story and Evolution of Doodles - G_6e786d/p_The first Doodle was a simple out-of-offi_345e61' is clicked on

07-06-2024T14:08:15 - [MESSAGE][PASSED] - Object: 'Object Repository/Page_The Story and Evolution of Doodles - G_6e786d/p_The first Doodle was a simple out-of-offi_345e61' is clicked on

07-06-2024T14:08:15 - [TEST_STEP][PASSED] - verifyElementVisible(findTestObject("Object Repository/Page_The Story and Evolution of Doodles - G_6e786d/h1_The story behind Doodles")): Object 'Object Repository/Page_The Story and Evolution of Doodles - G_6e786d/h1_The story behind Doodles' is visible

07-06-2024T14:08:15 - [MESSAGE][PASSED] - Object 'Object Repository/Page_The Story and Evolution of Doodles - G_6e786d/h1_The story behind Doodles' is visible

07-06-2024T14:08:15 - [TEST_STEP][PASSED] - verifyElementVisible(findTestObject("Object Repository/Page_The Story and Evolution of Doodles - G_6e786d/p_The first Doodle was a simple out-of-offi_345e61")): Object 'Object Repository/Page_The Story and Evolution of Doodles - G_6e786d/p_The first Doodle was a simple out-of-offi_345e61' is visible

07-06-2024T14:08:15 - [MESSAGE][PASSED] - Object 'Object Repository/Page_The Story and Evolution of Doodles - G_6e786d/p_The first Doodle was a simple out-of-offi_345e61' is visible

07-06-2024T14:08:15 - [TEST_STEP][PASSED] - verifyElementVisible(findTestObject("Object Repository/Page_The Story and Evolution of Doodles - G_6e786d/h2_Weve created more than 5,000 Doodles ove_111429")): Object 'Object Repository/Page_The Story and Evolution of Doodles - G_6e786d/h2_Weve created more than 5,000 Doodles ove_111429' is visible

07-06-2024T14:08:15 - [MESSAGE][PASSED] - Object 'Object Repository/Page_The Story and Evolution of Doodles - G_6e786d/h2_Weve created more than 5,000 Doodles ove_111429' is visible

07-06-2024T14:08:15 - [TEST_STEP][PASSED] - click(findTestObject("Object Repository/Page_The Story and Evolution of Doodles - G_6e786d/p_The first Doodle was a simple out-of-offi_345e61")): Object: 'Object Repository/Page_The Story and Evolution of Doodles - G_6e786d/p_The first Doodle was a simple out-of-offi_345e61' is clicked on

07-06-2024T14:08:15 - [MESSAGE][PASSED] - Object: 'Object Repository/Page_The Story and Evolution of Doodles - G_6e786d/p_The first Doodle was a simple out-of-offi_345e61' is clicked on

07-06-2024T14:08:15 - [TEST_STEP][PASSED] - verifyElementVisible(findTestObject("Object Repository/Page_The Story and Evolution of Doodles - G_6e786d/h1_The story behind Doodles")): Object 'Object Repository/Page_The Story and Evolution of Doodles - G_6e786d/h1_The story behind Doodles' is visible

07-06-2024T14:08:15 - [MESSAGE][PASSED] - Object 'Object Repository/Page_The Story and Evolution of Doodles - G_6e786d/h1_The story behind Doodles' is visible

07-06-2024T14:08:15 - [TEST_STEP][PASSED] - verifyElementVisible(findTestObject("Object Repository/Page_The Story and Evolution of Doodles - G_6e786d/p_The first Doodle was a simple out-of-offi_345e61")): Object 'Object Repository/Page_The Story and Evolution of Doodles - G_6e786d/p_The first Doodle was a simple out-of-offi_345e61' is visible

07-06-2024T14:08:15 - [MESSAGE][PASSED] - Object 'Object Repository/Page_The Story and Evolution of Doodles - G_6e786d/p_The first Doodle was a simple out-of-offi_345e61' is visible

07-06-2024T14:08:15 - [TEST_STEP][PASSED] - verifyElementVisible(findTestObject("Object Repository/Page_The Story and Evolution of Doodles - G_6e786d/h2_Weve created more than 5,000 Doodles ove_111429")): Object 'Object Repository/Page_The Story and Evolution of Doodles - G_6e786d/h2_Weve created more than 5,000 Doodles ove_111429' is visible

07-06-2024T14:08:15 - [MESSAGE][PASSED] - Object 'Object Repository/Page_The Story and Evolution of Doodles - G_6e786d/h2_Weve created more than 5,000 Doodles ove_111429' is visible

07-06-2024T14:08:15 - [TEST_STEP][PASSED] - click(findTestObject("Object Repository/Page_The Story and Evolution of Doodles - G_6e786d/p_The first Doodle was a simple out-of-offi_345e61")): Object: 'Object Repository/Page_The Story and Evolution of Doodles - G_6e786d/p_The first Doodle was a simple out-of-offi_345e61' is clicked on

07-06-2024T14:08:15 - [MESSAGE][PASSED] - Object: 'Object Repository/Page_The Story and Evolution of Doodles - G_6e786d/p_The first Doodle was a simple out-of-offi_345e61' is clicked on

07-06-2024T14:08:15 - [TEST_STEP][PASSED] - verifyElementVisible(findTestObject("Object Repository/Page_The Story and Evolution of Doodles - G_6e786d/h1_The story behind Doodles")): Object 'Object Repository/Page_The Story and Evolution of Doodles - G_6e786d/h1_The story behind Doodles' is visible

07-06-2024T14:08:15 - [MESSAGE][PASSED] - Object 'Object Repository/Page_The Story and Evolution of Doodles - G_6e786d/h1_The story behind Doodles' is visible

07-06-2024T14:08:15 - [TEST_STEP][PASSED] - verifyElementVisible(findTestObject("Object Repository/Page_The Story and Evolution of Doodles - G_6e786d/p_The first Doodle was a simple out-of-offi_345e61")): Object 'Object Repository/Page_The Story and Evolution of Doodles - G_6e786d/p_The first Doodle was a simple out-of-offi_345e61' is visible

07-06-2024T14:08:15 - [MESSAGE][PASSED] - Object 'Object Repository/Page_The Story and Evolution of Doodles - G_6e786d/p_The first Doodle was a simple out-of-offi_345e61' is visible

07-06-2024T14:08:15 - [TEST_STEP][PASSED] - verifyElementVisible(findTestObject("Object Repository/Page_The Story and Evolution of Doodles - G_6e786d/h2_Weve created more than 5,000 Doodles ove_111429")): Object 'Object Repository/Page_The Story and Evolution of Doodles - G_6e786d/h2_Weve created more than 5,000 Doodles ove_111429' is visible

07-06-2024T14:08:15 - [MESSAGE][PASSED] - Object 'Object Repository/Page_The Story and Evolution of Doodles - G_6e786d/h2_Weve created more than 5,000 Doodles ove_111429' is visible

07-06-2024T14:08:15 - [TEST_STEP][PASSED] - click(findTestObject("Object Repository/Page_The Story and Evolution of Doodles - G_6e786d/p_The first Doodle was a simple out-of-offi_345e61")): Object: 'Object Repository/Page_The Story and Evolution of Doodles - G_6e786d/p_The first Doodle was a simple out-of-offi_345e61' is clicked on

07-06-2024T14:08:16 - [MESSAGE][PASSED] - Object: 'Object Repository/Page_The Story and Evolution of Doodles - G_6e786d/p_The first Doodle was a simple out-of-offi_345e61' is clicked on

07-06-2024T14:08:16 - [TEST_STEP][PASSED] - verifyElementVisible(findTestObject("Object Repository/Page_The Story and Evolution of Doodles - G_6e786d/h1_The story behind Doodles")): Object 'Object Repository/Page_The Story and Evolution of Doodles - G_6e786d/h1_The story behind Doodles' is visible

07-06-2024T14:08:16 - [MESSAGE][PASSED] - Object 'Object Repository/Page_The Story and Evolution of Doodles - G_6e786d/h1_The story behind Doodles' is visible

07-06-2024T14:08:16 - [TEST_STEP][PASSED] - verifyElementVisible(findTestObject("Object Repository/Page_The Story and Evolution of Doodles - G_6e786d/p_The first Doodle was a simple out-of-offi_345e61")): Object 'Object Repository/Page_The Story and Evolution of Doodles - G_6e786d/p_The first Doodle was a simple out-of-offi_345e61' is visible

07-06-2024T14:08:16 - [MESSAGE][PASSED] - Object 'Object Repository/Page_The Story and Evolution of Doodles - G_6e786d/p_The first Doodle was a simple out-of-offi_345e61' is visible

07-06-2024T14:08:16 - [TEST_STEP][PASSED] - verifyElementVisible(findTestObject("Object Repository/Page_The Story and Evolution of Doodles - G_6e786d/h2_Weve created more than 5,000 Doodles ove_111429")): Object 'Object Repository/Page_The Story and Evolution of Doodles - G_6e786d/h2_Weve created more than 5,000 Doodles ove_111429' is visible

07-06-2024T14:08:16 - [MESSAGE][PASSED] - Object 'Object Repository/Page_The Story and Evolution of Doodles - G_6e786d/h2_Weve created more than 5,000 Doodles ove_111429' is visible

07-06-2024T14:08:16 - [TEST_STEP][PASSED] - click(findTestObject("Object Repository/Page_The Story and Evolution of Doodles - G_6e786d/p_The first Doodle was a simple out-of-offi_345e61")): Object: 'Object Repository/Page_The Story and Evolution of Doodles - G_6e786d/p_The first Doodle was a simple out-of-offi_345e61' is clicked on

07-06-2024T14:08:16 - [MESSAGE][PASSED] - Object: 'Object Repository/Page_The Story and Evolution of Doodles - G_6e786d/p_The first Doodle was a simple out-of-offi_345e61' is clicked on

07-06-2024T14:08:16 - [TEST_STEP][PASSED] - verifyElementVisible(findTestObject("Object Repository/Page_The Story and Evolution of Doodles - G_6e786d/h1_The story behind Doodles")): Object 'Object Repository/Page_The Story and Evolution of Doodles - G_6e786d/h1_The story behind Doodles' is visible

07-06-2024T14:08:16 - [MESSAGE][PASSED] - Object 'Object Repository/Page_The Story and Evolution of Doodles - G_6e786d/h1_The story behind Doodles' is visible

07-06-2024T14:08:16 - [TEST_STEP][PASSED] - verifyElementVisible(findTestObject("Object Repository/Page_The Story and Evolution of Doodles - G_6e786d/p_The first Doodle was a simple out-of-offi_345e61")): Object 'Object Repository/Page_The Story and Evolution of Doodles - G_6e786d/p_The first Doodle was a simple out-of-offi_345e61' is visible

07-06-2024T14:08:16 - [MESSAGE][PASSED] - Object 'Object Repository/Page_The Story and Evolution of Doodles - G_6e786d/p_The first Doodle was a simple out-of-offi_345e61' is visible

07-06-2024T14:08:16 - [TEST_STEP][PASSED] - verifyElementVisible(findTestObject("Object Repository/Page_The Story and Evolution of Doodles - G_6e786d/h2_Weve created more than 5,000 Doodles ove_111429")): Object 'Object Repository/Page_The Story and Evolution of Doodles - G_6e786d/h2_Weve created more than 5,000 Doodles ove_111429' is visible

07-06-2024T14:08:16 - [MESSAGE][PASSED] - Object 'Object Repository/Page_The Story and Evolution of Doodles - G_6e786d/h2_Weve created more than 5,000 Doodles ove_111429' is visible

07-06-2024T14:08:16 - [TEST_STEP][PASSED] - click(findTestObject("Object Repository/Page_The Story and Evolution of Doodles - G_6e786d/p_The first Doodle was a simple out-of-offi_345e61")): Object: 'Object Repository/Page_The Story and Evolution of Doodles - G_6e786d/p_The first Doodle was a simple out-of-offi_345e61' is clicked on

07-06-2024T14:08:16 - [MESSAGE][PASSED] - Object: 'Object Repository/Page_The Story and Evolution of Doodles - G_6e786d/p_The first Doodle was a simple out-of-offi_345e61' is clicked on

07-06-2024T14:08:16 - [TEST_STEP][PASSED] - verifyElementVisible(findTestObject("Object Repository/Page_The Story and Evolution of Doodles - G_6e786d/h1_The story behind Doodles")): Object 'Object Repository/Page_The Story and Evolution of Doodles - G_6e786d/h1_The story behind Doodles' is visible

07-06-2024T14:08:16 - [MESSAGE][PASSED] - Object 'Object Repository/Page_The Story and Evolution of Doodles - G_6e786d/h1_The story behind Doodles' is visible

07-06-2024T14:08:16 - [TEST_STEP][PASSED] - verifyElementVisible(findTestObject("Object Repository/Page_The Story and Evolution of Doodles - G_6e786d/p_The first Doodle was a simple out-of-offi_345e61")): Object 'Object Repository/Page_The Story and Evolution of Doodles - G_6e786d/p_The first Doodle was a simple out-of-offi_345e61' is visible

07-06-2024T14:08:16 - [MESSAGE][PASSED] - Object 'Object Repository/Page_The Story and Evolution of Doodles - G_6e786d/p_The first Doodle was a simple out-of-offi_345e61' is visible

07-06-2024T14:08:16 - [TEST_STEP][PASSED] - verifyElementVisible(findTestObject("Object Repository/Page_The Story and Evolution of Doodles - G_6e786d/h2_Weve created more than 5,000 Doodles ove_111429")): Object 'Object Repository/Page_The Story and Evolution of Doodles - G_6e786d/h2_Weve created more than 5,000 Doodles ove_111429' is visible

07-06-2024T14:08:16 - [MESSAGE][PASSED] - Object 'Object Repository/Page_The Story and Evolution of Doodles - G_6e786d/h2_Weve created more than 5,000 Doodles ove_111429' is visible

07-06-2024T14:08:16 - [TEST_STEP][PASSED] - click(findTestObject("Object Repository/Page_The Story and Evolution of Doodles - G_6e786d/p_The first Doodle was a simple out-of-offi_345e61")): Object: 'Object Repository/Page_The Story and Evolution of Doodles - G_6e786d/p_The first Doodle was a simple out-of-offi_345e61' is clicked on

07-06-2024T14:08:17 - [MESSAGE][PASSED] - Object: 'Object Repository/Page_The Story and Evolution of Doodles - G_6e786d/p_The first Doodle was a simple out-of-offi_345e61' is clicked on

07-06-2024T14:08:17 - [TEST_STEP][PASSED] - verifyElementVisible(findTestObject("Object Repository/Page_The Story and Evolution of Doodles - G_6e786d/h1_The story behind Doodles")): Object 'Object Repository/Page_The Story and Evolution of Doodles - G_6e786d/h1_The story behind Doodles' is visible

07-06-2024T14:08:17 - [MESSAGE][PASSED] - Object 'Object Repository/Page_The Story and Evolution of Doodles - G_6e786d/h1_The story behind Doodles' is visible

07-06-2024T14:08:17 - [TEST_STEP][PASSED] - verifyElementVisible(findTestObject("Object Repository/Page_The Story and Evolution of Doodles - G_6e786d/p_The first Doodle was a simple out-of-offi_345e61")): Object 'Object Repository/Page_The Story and Evolution of Doodles - G_6e786d/p_The first Doodle was a simple out-of-offi_345e61' is visible

07-06-2024T14:08:17 - [MESSAGE][PASSED] - Object 'Object Repository/Page_The Story and Evolution of Doodles - G_6e786d/p_The first Doodle was a simple out-of-offi_345e61' is visible

07-06-2024T14:08:17 - [TEST_STEP][PASSED] - verifyElementVisible(findTestObject("Object Repository/Page_The Story and Evolution of Doodles - G_6e786d/h2_Weve created more than 5,000 Doodles ove_111429")): Object 'Object Repository/Page_The Story and Evolution of Doodles - G_6e786d/h2_Weve created more than 5,000 Doodles ove_111429' is visible

07-06-2024T14:08:17 - [MESSAGE][PASSED] - Object 'Object Repository/Page_The Story and Evolution of Doodles - G_6e786d/h2_Weve created more than 5,000 Doodles ove_111429' is visible

07-06-2024T14:08:17 - [TEST_STEP][PASSED] - click(findTestObject("Object Repository/Page_The Story and Evolution of Doodles - G_6e786d/p_The first Doodle was a simple out-of-offi_345e61")): Object: 'Object Repository/Page_The Story and Evolution of Doodles - G_6e786d/p_The first Doodle was a simple out-of-offi_345e61' is clicked on

07-06-2024T14:08:17 - [MESSAGE][PASSED] - Object: 'Object Repository/Page_The Story and Evolution of Doodles - G_6e786d/p_The first Doodle was a simple out-of-offi_345e61' is clicked on

07-06-2024T14:08:17 - [TEST_STEP][PASSED] - verifyElementVisible(findTestObject("Object Repository/Page_The Story and Evolution of Doodles - G_6e786d/h1_The story behind Doodles")): Object 'Object Repository/Page_The Story and Evolution of Doodles - G_6e786d/h1_The story behind Doodles' is visible

07-06-2024T14:08:17 - [MESSAGE][PASSED] - Object 'Object Repository/Page_The Story and Evolution of Doodles - G_6e786d/h1_The story behind Doodles' is visible

07-06-2024T14:08:17 - [TEST_STEP][PASSED] - verifyElementVisible(findTestObject("Object Repository/Page_The Story and Evolution of Doodles - G_6e786d/p_The first Doodle was a simple out-of-offi_345e61")): Object 'Object Repository/Page_The Story and Evolution of Doodles - G_6e786d/p_The first Doodle was a simple out-of-offi_345e61' is visible

07-06-2024T14:08:17 - [MESSAGE][PASSED] - Object 'Object Repository/Page_The Story and Evolution of Doodles - G_6e786d/p_The first Doodle was a simple out-of-offi_345e61' is visible

07-06-2024T14:08:17 - [TEST_STEP][PASSED] - verifyElementVisible(findTestObject("Object Repository/Page_The Story and Evolution of Doodles - G_6e786d/h2_Weve created more than 5,000 Doodles ove_111429")): Object 'Object Repository/Page_The Story and Evolution of Doodles - G_6e786d/h2_Weve created more than 5,000 Doodles ove_111429' is visible

07-06-2024T14:08:17 - [MESSAGE][PASSED] - Object 'Object Repository/Page_The Story and Evolution of Doodles - G_6e786d/h2_Weve created more than 5,000 Doodles ove_111429' is visible]]></system-out>
         <system-err><![CDATA[]]></system-err>
      </testcase>
      <testcase name="Test Cases/test case folder 1/tc1 - Copy (4) - Copy (1)" time="8.189" classname="Test Cases/test case folder 1/tc1 - Copy (4) - Copy (1)" status="PASSED">
         <system-out><![CDATA[07-06-2024T14:08:17 - [TEST_CASE][PASSED] - Test Cases/test case folder 1/tc1 - Copy (4) - Copy (1): Test Cases/test case folder 1/tc1 - Copy (4) - Copy (1)

07-06-2024T14:08:17 - [TEST_STEP][PASSED] - openBrowser(""): Browser is opened with url: ''

07-06-2024T14:08:17 - [MESSAGE][WARNING] - A browser is already opened. Closing browser and opening a new one

07-06-2024T14:08:18 - [MESSAGE][INFO] - Starting 'Firefox (headless)' driver

07-06-2024T14:08:18 - [MESSAGE][INFO] - Action delay is set to 0 milliseconds

07-06-2024T14:08:20 - [MESSAGE][PASSED] - Browser is opened with url: ''

07-06-2024T14:08:20 - [TEST_STEP][PASSED] - navigateToUrl("https://doodles.google/about/"): Navigate to 'https://doodles.google/about/' successfully

07-06-2024T14:08:21 - [MESSAGE][PASSED] - Navigate to 'https://doodles.google/about/' successfully

07-06-2024T14:08:21 - [TEST_STEP][PASSED] - click(findTestObject("Object Repository/Page_The Story and Evolution of Doodles - G_6e786d/p_The first Doodle was a simple out-of-offi_345e61")): Object: 'Object Repository/Page_The Story and Evolution of Doodles - G_6e786d/p_The first Doodle was a simple out-of-offi_345e61' is clicked on

07-06-2024T14:08:22 - [MESSAGE][PASSED] - Object: 'Object Repository/Page_The Story and Evolution of Doodles - G_6e786d/p_The first Doodle was a simple out-of-offi_345e61' is clicked on

07-06-2024T14:08:22 - [TEST_STEP][PASSED] - click(findTestObject("Object Repository/Page_The Story and Evolution of Doodles - G_6e786d/p_The first Doodle was a simple out-of-offi_345e61")): Object: 'Object Repository/Page_The Story and Evolution of Doodles - G_6e786d/p_The first Doodle was a simple out-of-offi_345e61' is clicked on

07-06-2024T14:08:22 - [MESSAGE][PASSED] - Object: 'Object Repository/Page_The Story and Evolution of Doodles - G_6e786d/p_The first Doodle was a simple out-of-offi_345e61' is clicked on

07-06-2024T14:08:22 - [TEST_STEP][PASSED] - verifyElementVisible(findTestObject("Object Repository/Page_The Story and Evolution of Doodles - G_6e786d/h1_The story behind Doodles")): Object 'Object Repository/Page_The Story and Evolution of Doodles - G_6e786d/h1_The story behind Doodles' is visible

07-06-2024T14:08:22 - [MESSAGE][PASSED] - Object 'Object Repository/Page_The Story and Evolution of Doodles - G_6e786d/h1_The story behind Doodles' is visible

07-06-2024T14:08:22 - [TEST_STEP][PASSED] - verifyElementVisible(findTestObject("Object Repository/Page_The Story and Evolution of Doodles - G_6e786d/p_The first Doodle was a simple out-of-offi_345e61")): Object 'Object Repository/Page_The Story and Evolution of Doodles - G_6e786d/p_The first Doodle was a simple out-of-offi_345e61' is visible

07-06-2024T14:08:22 - [MESSAGE][PASSED] - Object 'Object Repository/Page_The Story and Evolution of Doodles - G_6e786d/p_The first Doodle was a simple out-of-offi_345e61' is visible

07-06-2024T14:08:22 - [TEST_STEP][PASSED] - verifyElementVisible(findTestObject("Object Repository/Page_The Story and Evolution of Doodles - G_6e786d/h2_Weve created more than 5,000 Doodles ove_111429")): Object 'Object Repository/Page_The Story and Evolution of Doodles - G_6e786d/h2_Weve created more than 5,000 Doodles ove_111429' is visible

07-06-2024T14:08:22 - [MESSAGE][PASSED] - Object 'Object Repository/Page_The Story and Evolution of Doodles - G_6e786d/h2_Weve created more than 5,000 Doodles ove_111429' is visible

07-06-2024T14:08:22 - [TEST_STEP][PASSED] - verifyElementVisible(findTestObject("Object Repository/Page_The Story and Evolution of Doodles - G_6e786d/h1_The story behind Doodles")): Object 'Object Repository/Page_The Story and Evolution of Doodles - G_6e786d/h1_The story behind Doodles' is visible

07-06-2024T14:08:22 - [MESSAGE][PASSED] - Object 'Object Repository/Page_The Story and Evolution of Doodles - G_6e786d/h1_The story behind Doodles' is visible

07-06-2024T14:08:22 - [TEST_STEP][PASSED] - verifyElementVisible(findTestObject("Object Repository/Page_The Story and Evolution of Doodles - G_6e786d/p_The first Doodle was a simple out-of-offi_345e61")): Object 'Object Repository/Page_The Story and Evolution of Doodles - G_6e786d/p_The first Doodle was a simple out-of-offi_345e61' is visible

07-06-2024T14:08:22 - [MESSAGE][PASSED] - Object 'Object Repository/Page_The Story and Evolution of Doodles - G_6e786d/p_The first Doodle was a simple out-of-offi_345e61' is visible

07-06-2024T14:08:22 - [TEST_STEP][PASSED] - verifyElementVisible(findTestObject("Object Repository/Page_The Story and Evolution of Doodles - G_6e786d/h2_Weve created more than 5,000 Doodles ove_111429")): Object 'Object Repository/Page_The Story and Evolution of Doodles - G_6e786d/h2_Weve created more than 5,000 Doodles ove_111429' is visible

07-06-2024T14:08:22 - [MESSAGE][PASSED] - Object 'Object Repository/Page_The Story and Evolution of Doodles - G_6e786d/h2_Weve created more than 5,000 Doodles ove_111429' is visible

07-06-2024T14:08:22 - [TEST_STEP][PASSED] - click(findTestObject("Object Repository/Page_The Story and Evolution of Doodles - G_6e786d/p_The first Doodle was a simple out-of-offi_345e61")): Object: 'Object Repository/Page_The Story and Evolution of Doodles - G_6e786d/p_The first Doodle was a simple out-of-offi_345e61' is clicked on

07-06-2024T14:08:22 - [MESSAGE][PASSED] - Object: 'Object Repository/Page_The Story and Evolution of Doodles - G_6e786d/p_The first Doodle was a simple out-of-offi_345e61' is clicked on

07-06-2024T14:08:22 - [TEST_STEP][PASSED] - verifyElementVisible(findTestObject("Object Repository/Page_The Story and Evolution of Doodles - G_6e786d/h1_The story behind Doodles")): Object 'Object Repository/Page_The Story and Evolution of Doodles - G_6e786d/h1_The story behind Doodles' is visible

07-06-2024T14:08:22 - [MESSAGE][PASSED] - Object 'Object Repository/Page_The Story and Evolution of Doodles - G_6e786d/h1_The story behind Doodles' is visible

07-06-2024T14:08:22 - [TEST_STEP][PASSED] - verifyElementVisible(findTestObject("Object Repository/Page_The Story and Evolution of Doodles - G_6e786d/p_The first Doodle was a simple out-of-offi_345e61")): Object 'Object Repository/Page_The Story and Evolution of Doodles - G_6e786d/p_The first Doodle was a simple out-of-offi_345e61' is visible

07-06-2024T14:08:23 - [MESSAGE][PASSED] - Object 'Object Repository/Page_The Story and Evolution of Doodles - G_6e786d/p_The first Doodle was a simple out-of-offi_345e61' is visible

07-06-2024T14:08:23 - [TEST_STEP][PASSED] - verifyElementVisible(findTestObject("Object Repository/Page_The Story and Evolution of Doodles - G_6e786d/h2_Weve created more than 5,000 Doodles ove_111429")): Object 'Object Repository/Page_The Story and Evolution of Doodles - G_6e786d/h2_Weve created more than 5,000 Doodles ove_111429' is visible

07-06-2024T14:08:23 - [MESSAGE][PASSED] - Object 'Object Repository/Page_The Story and Evolution of Doodles - G_6e786d/h2_Weve created more than 5,000 Doodles ove_111429' is visible

07-06-2024T14:08:23 - [TEST_STEP][PASSED] - click(findTestObject("Object Repository/Page_The Story and Evolution of Doodles - G_6e786d/p_The first Doodle was a simple out-of-offi_345e61")): Object: 'Object Repository/Page_The Story and Evolution of Doodles - G_6e786d/p_The first Doodle was a simple out-of-offi_345e61' is clicked on

07-06-2024T14:08:23 - [MESSAGE][PASSED] - Object: 'Object Repository/Page_The Story and Evolution of Doodles - G_6e786d/p_The first Doodle was a simple out-of-offi_345e61' is clicked on

07-06-2024T14:08:23 - [TEST_STEP][PASSED] - verifyElementVisible(findTestObject("Object Repository/Page_The Story and Evolution of Doodles - G_6e786d/h1_The story behind Doodles")): Object 'Object Repository/Page_The Story and Evolution of Doodles - G_6e786d/h1_The story behind Doodles' is visible

07-06-2024T14:08:23 - [MESSAGE][PASSED] - Object 'Object Repository/Page_The Story and Evolution of Doodles - G_6e786d/h1_The story behind Doodles' is visible

07-06-2024T14:08:23 - [TEST_STEP][PASSED] - verifyElementVisible(findTestObject("Object Repository/Page_The Story and Evolution of Doodles - G_6e786d/p_The first Doodle was a simple out-of-offi_345e61")): Object 'Object Repository/Page_The Story and Evolution of Doodles - G_6e786d/p_The first Doodle was a simple out-of-offi_345e61' is visible

07-06-2024T14:08:23 - [MESSAGE][PASSED] - Object 'Object Repository/Page_The Story and Evolution of Doodles - G_6e786d/p_The first Doodle was a simple out-of-offi_345e61' is visible

07-06-2024T14:08:23 - [TEST_STEP][PASSED] - verifyElementVisible(findTestObject("Object Repository/Page_The Story and Evolution of Doodles - G_6e786d/h2_Weve created more than 5,000 Doodles ove_111429")): Object 'Object Repository/Page_The Story and Evolution of Doodles - G_6e786d/h2_Weve created more than 5,000 Doodles ove_111429' is visible

07-06-2024T14:08:23 - [MESSAGE][PASSED] - Object 'Object Repository/Page_The Story and Evolution of Doodles - G_6e786d/h2_Weve created more than 5,000 Doodles ove_111429' is visible

07-06-2024T14:08:23 - [TEST_STEP][PASSED] - click(findTestObject("Object Repository/Page_The Story and Evolution of Doodles - G_6e786d/p_The first Doodle was a simple out-of-offi_345e61")): Object: 'Object Repository/Page_The Story and Evolution of Doodles - G_6e786d/p_The first Doodle was a simple out-of-offi_345e61' is clicked on

07-06-2024T14:08:23 - [MESSAGE][PASSED] - Object: 'Object Repository/Page_The Story and Evolution of Doodles - G_6e786d/p_The first Doodle was a simple out-of-offi_345e61' is clicked on

07-06-2024T14:08:23 - [TEST_STEP][PASSED] - verifyElementVisible(findTestObject("Object Repository/Page_The Story and Evolution of Doodles - G_6e786d/h1_The story behind Doodles")): Object 'Object Repository/Page_The Story and Evolution of Doodles - G_6e786d/h1_The story behind Doodles' is visible

07-06-2024T14:08:23 - [MESSAGE][PASSED] - Object 'Object Repository/Page_The Story and Evolution of Doodles - G_6e786d/h1_The story behind Doodles' is visible

07-06-2024T14:08:23 - [TEST_STEP][PASSED] - verifyElementVisible(findTestObject("Object Repository/Page_The Story and Evolution of Doodles - G_6e786d/p_The first Doodle was a simple out-of-offi_345e61")): Object 'Object Repository/Page_The Story and Evolution of Doodles - G_6e786d/p_The first Doodle was a simple out-of-offi_345e61' is visible

07-06-2024T14:08:23 - [MESSAGE][PASSED] - Object 'Object Repository/Page_The Story and Evolution of Doodles - G_6e786d/p_The first Doodle was a simple out-of-offi_345e61' is visible

07-06-2024T14:08:23 - [TEST_STEP][PASSED] - verifyElementVisible(findTestObject("Object Repository/Page_The Story and Evolution of Doodles - G_6e786d/h2_Weve created more than 5,000 Doodles ove_111429")): Object 'Object Repository/Page_The Story and Evolution of Doodles - G_6e786d/h2_Weve created more than 5,000 Doodles ove_111429' is visible

07-06-2024T14:08:23 - [MESSAGE][PASSED] - Object 'Object Repository/Page_The Story and Evolution of Doodles - G_6e786d/h2_Weve created more than 5,000 Doodles ove_111429' is visible

07-06-2024T14:08:23 - [TEST_STEP][PASSED] - click(findTestObject("Object Repository/Page_The Story and Evolution of Doodles - G_6e786d/p_The first Doodle was a simple out-of-offi_345e61")): Object: 'Object Repository/Page_The Story and Evolution of Doodles - G_6e786d/p_The first Doodle was a simple out-of-offi_345e61' is clicked on

07-06-2024T14:08:23 - [MESSAGE][PASSED] - Object: 'Object Repository/Page_The Story and Evolution of Doodles - G_6e786d/p_The first Doodle was a simple out-of-offi_345e61' is clicked on

07-06-2024T14:08:23 - [TEST_STEP][PASSED] - verifyElementVisible(findTestObject("Object Repository/Page_The Story and Evolution of Doodles - G_6e786d/h1_The story behind Doodles")): Object 'Object Repository/Page_The Story and Evolution of Doodles - G_6e786d/h1_The story behind Doodles' is visible

07-06-2024T14:08:23 - [MESSAGE][PASSED] - Object 'Object Repository/Page_The Story and Evolution of Doodles - G_6e786d/h1_The story behind Doodles' is visible

07-06-2024T14:08:23 - [TEST_STEP][PASSED] - verifyElementVisible(findTestObject("Object Repository/Page_The Story and Evolution of Doodles - G_6e786d/p_The first Doodle was a simple out-of-offi_345e61")): Object 'Object Repository/Page_The Story and Evolution of Doodles - G_6e786d/p_The first Doodle was a simple out-of-offi_345e61' is visible

07-06-2024T14:08:24 - [MESSAGE][PASSED] - Object 'Object Repository/Page_The Story and Evolution of Doodles - G_6e786d/p_The first Doodle was a simple out-of-offi_345e61' is visible

07-06-2024T14:08:24 - [TEST_STEP][PASSED] - verifyElementVisible(findTestObject("Object Repository/Page_The Story and Evolution of Doodles - G_6e786d/h2_Weve created more than 5,000 Doodles ove_111429")): Object 'Object Repository/Page_The Story and Evolution of Doodles - G_6e786d/h2_Weve created more than 5,000 Doodles ove_111429' is visible

07-06-2024T14:08:24 - [MESSAGE][PASSED] - Object 'Object Repository/Page_The Story and Evolution of Doodles - G_6e786d/h2_Weve created more than 5,000 Doodles ove_111429' is visible

07-06-2024T14:08:24 - [TEST_STEP][PASSED] - click(findTestObject("Object Repository/Page_The Story and Evolution of Doodles - G_6e786d/p_The first Doodle was a simple out-of-offi_345e61")): Object: 'Object Repository/Page_The Story and Evolution of Doodles - G_6e786d/p_The first Doodle was a simple out-of-offi_345e61' is clicked on

07-06-2024T14:08:24 - [MESSAGE][PASSED] - Object: 'Object Repository/Page_The Story and Evolution of Doodles - G_6e786d/p_The first Doodle was a simple out-of-offi_345e61' is clicked on

07-06-2024T14:08:24 - [TEST_STEP][PASSED] - verifyElementVisible(findTestObject("Object Repository/Page_The Story and Evolution of Doodles - G_6e786d/h1_The story behind Doodles")): Object 'Object Repository/Page_The Story and Evolution of Doodles - G_6e786d/h1_The story behind Doodles' is visible

07-06-2024T14:08:24 - [MESSAGE][PASSED] - Object 'Object Repository/Page_The Story and Evolution of Doodles - G_6e786d/h1_The story behind Doodles' is visible

07-06-2024T14:08:24 - [TEST_STEP][PASSED] - verifyElementVisible(findTestObject("Object Repository/Page_The Story and Evolution of Doodles - G_6e786d/p_The first Doodle was a simple out-of-offi_345e61")): Object 'Object Repository/Page_The Story and Evolution of Doodles - G_6e786d/p_The first Doodle was a simple out-of-offi_345e61' is visible

07-06-2024T14:08:24 - [MESSAGE][PASSED] - Object 'Object Repository/Page_The Story and Evolution of Doodles - G_6e786d/p_The first Doodle was a simple out-of-offi_345e61' is visible

07-06-2024T14:08:24 - [TEST_STEP][PASSED] - verifyElementVisible(findTestObject("Object Repository/Page_The Story and Evolution of Doodles - G_6e786d/h2_Weve created more than 5,000 Doodles ove_111429")): Object 'Object Repository/Page_The Story and Evolution of Doodles - G_6e786d/h2_Weve created more than 5,000 Doodles ove_111429' is visible

07-06-2024T14:08:24 - [MESSAGE][PASSED] - Object 'Object Repository/Page_The Story and Evolution of Doodles - G_6e786d/h2_Weve created more than 5,000 Doodles ove_111429' is visible

07-06-2024T14:08:24 - [TEST_STEP][PASSED] - click(findTestObject("Object Repository/Page_The Story and Evolution of Doodles - G_6e786d/p_The first Doodle was a simple out-of-offi_345e61")): Object: 'Object Repository/Page_The Story and Evolution of Doodles - G_6e786d/p_The first Doodle was a simple out-of-offi_345e61' is clicked on

07-06-2024T14:08:24 - [MESSAGE][PASSED] - Object: 'Object Repository/Page_The Story and Evolution of Doodles - G_6e786d/p_The first Doodle was a simple out-of-offi_345e61' is clicked on

07-06-2024T14:08:24 - [TEST_STEP][PASSED] - verifyElementVisible(findTestObject("Object Repository/Page_The Story and Evolution of Doodles - G_6e786d/h1_The story behind Doodles")): Object 'Object Repository/Page_The Story and Evolution of Doodles - G_6e786d/h1_The story behind Doodles' is visible

07-06-2024T14:08:24 - [MESSAGE][PASSED] - Object 'Object Repository/Page_The Story and Evolution of Doodles - G_6e786d/h1_The story behind Doodles' is visible

07-06-2024T14:08:24 - [TEST_STEP][PASSED] - verifyElementVisible(findTestObject("Object Repository/Page_The Story and Evolution of Doodles - G_6e786d/p_The first Doodle was a simple out-of-offi_345e61")): Object 'Object Repository/Page_The Story and Evolution of Doodles - G_6e786d/p_The first Doodle was a simple out-of-offi_345e61' is visible

07-06-2024T14:08:24 - [MESSAGE][PASSED] - Object 'Object Repository/Page_The Story and Evolution of Doodles - G_6e786d/p_The first Doodle was a simple out-of-offi_345e61' is visible

07-06-2024T14:08:24 - [TEST_STEP][PASSED] - verifyElementVisible(findTestObject("Object Repository/Page_The Story and Evolution of Doodles - G_6e786d/h2_Weve created more than 5,000 Doodles ove_111429")): Object 'Object Repository/Page_The Story and Evolution of Doodles - G_6e786d/h2_Weve created more than 5,000 Doodles ove_111429' is visible

07-06-2024T14:08:24 - [MESSAGE][PASSED] - Object 'Object Repository/Page_The Story and Evolution of Doodles - G_6e786d/h2_Weve created more than 5,000 Doodles ove_111429' is visible

07-06-2024T14:08:24 - [TEST_STEP][PASSED] - click(findTestObject("Object Repository/Page_The Story and Evolution of Doodles - G_6e786d/p_The first Doodle was a simple out-of-offi_345e61")): Object: 'Object Repository/Page_The Story and Evolution of Doodles - G_6e786d/p_The first Doodle was a simple out-of-offi_345e61' is clicked on

07-06-2024T14:08:24 - [MESSAGE][PASSED] - Object: 'Object Repository/Page_The Story and Evolution of Doodles - G_6e786d/p_The first Doodle was a simple out-of-offi_345e61' is clicked on

07-06-2024T14:08:24 - [TEST_STEP][PASSED] - verifyElementVisible(findTestObject("Object Repository/Page_The Story and Evolution of Doodles - G_6e786d/h1_The story behind Doodles")): Object 'Object Repository/Page_The Story and Evolution of Doodles - G_6e786d/h1_The story behind Doodles' is visible

07-06-2024T14:08:24 - [MESSAGE][PASSED] - Object 'Object Repository/Page_The Story and Evolution of Doodles - G_6e786d/h1_The story behind Doodles' is visible

07-06-2024T14:08:24 - [TEST_STEP][PASSED] - verifyElementVisible(findTestObject("Object Repository/Page_The Story and Evolution of Doodles - G_6e786d/p_The first Doodle was a simple out-of-offi_345e61")): Object 'Object Repository/Page_The Story and Evolution of Doodles - G_6e786d/p_The first Doodle was a simple out-of-offi_345e61' is visible

07-06-2024T14:08:24 - [MESSAGE][PASSED] - Object 'Object Repository/Page_The Story and Evolution of Doodles - G_6e786d/p_The first Doodle was a simple out-of-offi_345e61' is visible

07-06-2024T14:08:24 - [TEST_STEP][PASSED] - verifyElementVisible(findTestObject("Object Repository/Page_The Story and Evolution of Doodles - G_6e786d/h2_Weve created more than 5,000 Doodles ove_111429")): Object 'Object Repository/Page_The Story and Evolution of Doodles - G_6e786d/h2_Weve created more than 5,000 Doodles ove_111429' is visible

07-06-2024T14:08:24 - [MESSAGE][PASSED] - Object 'Object Repository/Page_The Story and Evolution of Doodles - G_6e786d/h2_Weve created more than 5,000 Doodles ove_111429' is visible

07-06-2024T14:08:24 - [TEST_STEP][PASSED] - click(findTestObject("Object Repository/Page_The Story and Evolution of Doodles - G_6e786d/p_The first Doodle was a simple out-of-offi_345e61")): Object: 'Object Repository/Page_The Story and Evolution of Doodles - G_6e786d/p_The first Doodle was a simple out-of-offi_345e61' is clicked on

07-06-2024T14:08:25 - [MESSAGE][PASSED] - Object: 'Object Repository/Page_The Story and Evolution of Doodles - G_6e786d/p_The first Doodle was a simple out-of-offi_345e61' is clicked on

07-06-2024T14:08:25 - [TEST_STEP][PASSED] - verifyElementVisible(findTestObject("Object Repository/Page_The Story and Evolution of Doodles - G_6e786d/h1_The story behind Doodles")): Object 'Object Repository/Page_The Story and Evolution of Doodles - G_6e786d/h1_The story behind Doodles' is visible

07-06-2024T14:08:25 - [MESSAGE][PASSED] - Object 'Object Repository/Page_The Story and Evolution of Doodles - G_6e786d/h1_The story behind Doodles' is visible

07-06-2024T14:08:25 - [TEST_STEP][PASSED] - verifyElementVisible(findTestObject("Object Repository/Page_The Story and Evolution of Doodles - G_6e786d/p_The first Doodle was a simple out-of-offi_345e61")): Object 'Object Repository/Page_The Story and Evolution of Doodles - G_6e786d/p_The first Doodle was a simple out-of-offi_345e61' is visible

07-06-2024T14:08:25 - [MESSAGE][PASSED] - Object 'Object Repository/Page_The Story and Evolution of Doodles - G_6e786d/p_The first Doodle was a simple out-of-offi_345e61' is visible

07-06-2024T14:08:25 - [TEST_STEP][PASSED] - verifyElementVisible(findTestObject("Object Repository/Page_The Story and Evolution of Doodles - G_6e786d/h2_Weve created more than 5,000 Doodles ove_111429")): Object 'Object Repository/Page_The Story and Evolution of Doodles - G_6e786d/h2_Weve created more than 5,000 Doodles ove_111429' is visible

07-06-2024T14:08:25 - [MESSAGE][PASSED] - Object 'Object Repository/Page_The Story and Evolution of Doodles - G_6e786d/h2_Weve created more than 5,000 Doodles ove_111429' is visible

07-06-2024T14:08:25 - [TEST_STEP][PASSED] - click(findTestObject("Object Repository/Page_The Story and Evolution of Doodles - G_6e786d/p_The first Doodle was a simple out-of-offi_345e61")): Object: 'Object Repository/Page_The Story and Evolution of Doodles - G_6e786d/p_The first Doodle was a simple out-of-offi_345e61' is clicked on

07-06-2024T14:08:25 - [MESSAGE][PASSED] - Object: 'Object Repository/Page_The Story and Evolution of Doodles - G_6e786d/p_The first Doodle was a simple out-of-offi_345e61' is clicked on

07-06-2024T14:08:25 - [TEST_STEP][PASSED] - verifyElementVisible(findTestObject("Object Repository/Page_The Story and Evolution of Doodles - G_6e786d/h1_The story behind Doodles")): Object 'Object Repository/Page_The Story and Evolution of Doodles - G_6e786d/h1_The story behind Doodles' is visible

07-06-2024T14:08:25 - [MESSAGE][PASSED] - Object 'Object Repository/Page_The Story and Evolution of Doodles - G_6e786d/h1_The story behind Doodles' is visible

07-06-2024T14:08:25 - [TEST_STEP][PASSED] - verifyElementVisible(findTestObject("Object Repository/Page_The Story and Evolution of Doodles - G_6e786d/p_The first Doodle was a simple out-of-offi_345e61")): Object 'Object Repository/Page_The Story and Evolution of Doodles - G_6e786d/p_The first Doodle was a simple out-of-offi_345e61' is visible

07-06-2024T14:08:25 - [MESSAGE][PASSED] - Object 'Object Repository/Page_The Story and Evolution of Doodles - G_6e786d/p_The first Doodle was a simple out-of-offi_345e61' is visible

07-06-2024T14:08:25 - [TEST_STEP][PASSED] - verifyElementVisible(findTestObject("Object Repository/Page_The Story and Evolution of Doodles - G_6e786d/h2_Weve created more than 5,000 Doodles ove_111429")): Object 'Object Repository/Page_The Story and Evolution of Doodles - G_6e786d/h2_Weve created more than 5,000 Doodles ove_111429' is visible

07-06-2024T14:08:25 - [MESSAGE][PASSED] - Object 'Object Repository/Page_The Story and Evolution of Doodles - G_6e786d/h2_Weve created more than 5,000 Doodles ove_111429' is visible]]></system-out>
         <system-err><![CDATA[]]></system-err>
      </testcase>
      <testcase name="Test Cases/test case folder 1/tc1 - Copy (4) - Copy (2)" time="23.339" classname="Test Cases/test case folder 1/tc1 - Copy (4) - Copy (2)" status="PASSED">
         <system-out><![CDATA[07-06-2024T14:08:25 - [TEST_CASE][PASSED] - Test Cases/test case folder 1/tc1 - Copy (4) - Copy (2): Test Cases/test case folder 1/tc1 - Copy (4) - Copy (2)

07-06-2024T14:08:25 - [TEST_STEP][PASSED] - openBrowser(""): Browser is opened with url: ''

07-06-2024T14:08:25 - [MESSAGE][WARNING] - A browser is already opened. Closing browser and opening a new one

07-06-2024T14:08:26 - [MESSAGE][INFO] - Starting 'Firefox (headless)' driver

07-06-2024T14:08:26 - [MESSAGE][INFO] - Action delay is set to 0 milliseconds

07-06-2024T14:08:28 - [MESSAGE][PASSED] - Browser is opened with url: ''

07-06-2024T14:08:28 - [TEST_STEP][PASSED] - navigateToUrl("https://doodles.google/about/"): Navigate to 'https://doodles.google/about/' successfully

07-06-2024T14:08:45 - [MESSAGE][PASSED] - Navigate to 'https://doodles.google/about/' successfully

07-06-2024T14:08:45 - [TEST_STEP][PASSED] - click(findTestObject("Object Repository/Page_The Story and Evolution of Doodles - G_6e786d/p_The first Doodle was a simple out-of-offi_345e61")): Object: 'Object Repository/Page_The Story and Evolution of Doodles - G_6e786d/p_The first Doodle was a simple out-of-offi_345e61' is clicked on

07-06-2024T14:08:45 - [MESSAGE][PASSED] - Object: 'Object Repository/Page_The Story and Evolution of Doodles - G_6e786d/p_The first Doodle was a simple out-of-offi_345e61' is clicked on

07-06-2024T14:08:45 - [TEST_STEP][PASSED] - click(findTestObject("Object Repository/Page_The Story and Evolution of Doodles - G_6e786d/p_The first Doodle was a simple out-of-offi_345e61")): Object: 'Object Repository/Page_The Story and Evolution of Doodles - G_6e786d/p_The first Doodle was a simple out-of-offi_345e61' is clicked on

07-06-2024T14:08:45 - [MESSAGE][PASSED] - Object: 'Object Repository/Page_The Story and Evolution of Doodles - G_6e786d/p_The first Doodle was a simple out-of-offi_345e61' is clicked on

07-06-2024T14:08:45 - [TEST_STEP][PASSED] - verifyElementVisible(findTestObject("Object Repository/Page_The Story and Evolution of Doodles - G_6e786d/h1_The story behind Doodles")): Object 'Object Repository/Page_The Story and Evolution of Doodles - G_6e786d/h1_The story behind Doodles' is visible

07-06-2024T14:08:45 - [MESSAGE][PASSED] - Object 'Object Repository/Page_The Story and Evolution of Doodles - G_6e786d/h1_The story behind Doodles' is visible

07-06-2024T14:08:45 - [TEST_STEP][PASSED] - verifyElementVisible(findTestObject("Object Repository/Page_The Story and Evolution of Doodles - G_6e786d/p_The first Doodle was a simple out-of-offi_345e61")): Object 'Object Repository/Page_The Story and Evolution of Doodles - G_6e786d/p_The first Doodle was a simple out-of-offi_345e61' is visible

07-06-2024T14:08:45 - [MESSAGE][PASSED] - Object 'Object Repository/Page_The Story and Evolution of Doodles - G_6e786d/p_The first Doodle was a simple out-of-offi_345e61' is visible

07-06-2024T14:08:45 - [TEST_STEP][PASSED] - verifyElementVisible(findTestObject("Object Repository/Page_The Story and Evolution of Doodles - G_6e786d/h2_Weve created more than 5,000 Doodles ove_111429")): Object 'Object Repository/Page_The Story and Evolution of Doodles - G_6e786d/h2_Weve created more than 5,000 Doodles ove_111429' is visible

07-06-2024T14:08:45 - [MESSAGE][PASSED] - Object 'Object Repository/Page_The Story and Evolution of Doodles - G_6e786d/h2_Weve created more than 5,000 Doodles ove_111429' is visible

07-06-2024T14:08:45 - [TEST_STEP][PASSED] - verifyElementVisible(findTestObject("Object Repository/Page_The Story and Evolution of Doodles - G_6e786d/h1_The story behind Doodles")): Object 'Object Repository/Page_The Story and Evolution of Doodles - G_6e786d/h1_The story behind Doodles' is visible

07-06-2024T14:08:45 - [MESSAGE][PASSED] - Object 'Object Repository/Page_The Story and Evolution of Doodles - G_6e786d/h1_The story behind Doodles' is visible

07-06-2024T14:08:45 - [TEST_STEP][PASSED] - verifyElementVisible(findTestObject("Object Repository/Page_The Story and Evolution of Doodles - G_6e786d/p_The first Doodle was a simple out-of-offi_345e61")): Object 'Object Repository/Page_The Story and Evolution of Doodles - G_6e786d/p_The first Doodle was a simple out-of-offi_345e61' is visible

07-06-2024T14:08:45 - [MESSAGE][PASSED] - Object 'Object Repository/Page_The Story and Evolution of Doodles - G_6e786d/p_The first Doodle was a simple out-of-offi_345e61' is visible

07-06-2024T14:08:45 - [TEST_STEP][PASSED] - verifyElementVisible(findTestObject("Object Repository/Page_The Story and Evolution of Doodles - G_6e786d/h2_Weve created more than 5,000 Doodles ove_111429")): Object 'Object Repository/Page_The Story and Evolution of Doodles - G_6e786d/h2_Weve created more than 5,000 Doodles ove_111429' is visible

07-06-2024T14:08:45 - [MESSAGE][PASSED] - Object 'Object Repository/Page_The Story and Evolution of Doodles - G_6e786d/h2_Weve created more than 5,000 Doodles ove_111429' is visible

07-06-2024T14:08:45 - [TEST_STEP][PASSED] - click(findTestObject("Object Repository/Page_The Story and Evolution of Doodles - G_6e786d/p_The first Doodle was a simple out-of-offi_345e61")): Object: 'Object Repository/Page_The Story and Evolution of Doodles - G_6e786d/p_The first Doodle was a simple out-of-offi_345e61' is clicked on

07-06-2024T14:08:46 - [MESSAGE][PASSED] - Object: 'Object Repository/Page_The Story and Evolution of Doodles - G_6e786d/p_The first Doodle was a simple out-of-offi_345e61' is clicked on

07-06-2024T14:08:46 - [TEST_STEP][PASSED] - verifyElementVisible(findTestObject("Object Repository/Page_The Story and Evolution of Doodles - G_6e786d/h1_The story behind Doodles")): Object 'Object Repository/Page_The Story and Evolution of Doodles - G_6e786d/h1_The story behind Doodles' is visible

07-06-2024T14:08:46 - [MESSAGE][PASSED] - Object 'Object Repository/Page_The Story and Evolution of Doodles - G_6e786d/h1_The story behind Doodles' is visible

07-06-2024T14:08:46 - [TEST_STEP][PASSED] - verifyElementVisible(findTestObject("Object Repository/Page_The Story and Evolution of Doodles - G_6e786d/p_The first Doodle was a simple out-of-offi_345e61")): Object 'Object Repository/Page_The Story and Evolution of Doodles - G_6e786d/p_The first Doodle was a simple out-of-offi_345e61' is visible

07-06-2024T14:08:46 - [MESSAGE][PASSED] - Object 'Object Repository/Page_The Story and Evolution of Doodles - G_6e786d/p_The first Doodle was a simple out-of-offi_345e61' is visible

07-06-2024T14:08:46 - [TEST_STEP][PASSED] - verifyElementVisible(findTestObject("Object Repository/Page_The Story and Evolution of Doodles - G_6e786d/h2_Weve created more than 5,000 Doodles ove_111429")): Object 'Object Repository/Page_The Story and Evolution of Doodles - G_6e786d/h2_Weve created more than 5,000 Doodles ove_111429' is visible

07-06-2024T14:08:46 - [MESSAGE][PASSED] - Object 'Object Repository/Page_The Story and Evolution of Doodles - G_6e786d/h2_Weve created more than 5,000 Doodles ove_111429' is visible

07-06-2024T14:08:46 - [TEST_STEP][PASSED] - click(findTestObject("Object Repository/Page_The Story and Evolution of Doodles - G_6e786d/p_The first Doodle was a simple out-of-offi_345e61")): Object: 'Object Repository/Page_The Story and Evolution of Doodles - G_6e786d/p_The first Doodle was a simple out-of-offi_345e61' is clicked on

07-06-2024T14:08:46 - [MESSAGE][PASSED] - Object: 'Object Repository/Page_The Story and Evolution of Doodles - G_6e786d/p_The first Doodle was a simple out-of-offi_345e61' is clicked on

07-06-2024T14:08:46 - [TEST_STEP][PASSED] - verifyElementVisible(findTestObject("Object Repository/Page_The Story and Evolution of Doodles - G_6e786d/h1_The story behind Doodles")): Object 'Object Repository/Page_The Story and Evolution of Doodles - G_6e786d/h1_The story behind Doodles' is visible

07-06-2024T14:08:46 - [MESSAGE][PASSED] - Object 'Object Repository/Page_The Story and Evolution of Doodles - G_6e786d/h1_The story behind Doodles' is visible

07-06-2024T14:08:46 - [TEST_STEP][PASSED] - verifyElementVisible(findTestObject("Object Repository/Page_The Story and Evolution of Doodles - G_6e786d/p_The first Doodle was a simple out-of-offi_345e61")): Object 'Object Repository/Page_The Story and Evolution of Doodles - G_6e786d/p_The first Doodle was a simple out-of-offi_345e61' is visible

07-06-2024T14:08:46 - [MESSAGE][PASSED] - Object 'Object Repository/Page_The Story and Evolution of Doodles - G_6e786d/p_The first Doodle was a simple out-of-offi_345e61' is visible

07-06-2024T14:08:46 - [TEST_STEP][PASSED] - verifyElementVisible(findTestObject("Object Repository/Page_The Story and Evolution of Doodles - G_6e786d/h2_Weve created more than 5,000 Doodles ove_111429")): Object 'Object Repository/Page_The Story and Evolution of Doodles - G_6e786d/h2_Weve created more than 5,000 Doodles ove_111429' is visible

07-06-2024T14:08:46 - [MESSAGE][PASSED] - Object 'Object Repository/Page_The Story and Evolution of Doodles - G_6e786d/h2_Weve created more than 5,000 Doodles ove_111429' is visible

07-06-2024T14:08:46 - [TEST_STEP][PASSED] - click(findTestObject("Object Repository/Page_The Story and Evolution of Doodles - G_6e786d/p_The first Doodle was a simple out-of-offi_345e61")): Object: 'Object Repository/Page_The Story and Evolution of Doodles - G_6e786d/p_The first Doodle was a simple out-of-offi_345e61' is clicked on

07-06-2024T14:08:46 - [MESSAGE][PASSED] - Object: 'Object Repository/Page_The Story and Evolution of Doodles - G_6e786d/p_The first Doodle was a simple out-of-offi_345e61' is clicked on

07-06-2024T14:08:46 - [TEST_STEP][PASSED] - verifyElementVisible(findTestObject("Object Repository/Page_The Story and Evolution of Doodles - G_6e786d/h1_The story behind Doodles")): Object 'Object Repository/Page_The Story and Evolution of Doodles - G_6e786d/h1_The story behind Doodles' is visible

07-06-2024T14:08:46 - [MESSAGE][PASSED] - Object 'Object Repository/Page_The Story and Evolution of Doodles - G_6e786d/h1_The story behind Doodles' is visible

07-06-2024T14:08:46 - [TEST_STEP][PASSED] - verifyElementVisible(findTestObject("Object Repository/Page_The Story and Evolution of Doodles - G_6e786d/p_The first Doodle was a simple out-of-offi_345e61")): Object 'Object Repository/Page_The Story and Evolution of Doodles - G_6e786d/p_The first Doodle was a simple out-of-offi_345e61' is visible

07-06-2024T14:08:46 - [MESSAGE][PASSED] - Object 'Object Repository/Page_The Story and Evolution of Doodles - G_6e786d/p_The first Doodle was a simple out-of-offi_345e61' is visible

07-06-2024T14:08:46 - [TEST_STEP][PASSED] - verifyElementVisible(findTestObject("Object Repository/Page_The Story and Evolution of Doodles - G_6e786d/h2_Weve created more than 5,000 Doodles ove_111429")): Object 'Object Repository/Page_The Story and Evolution of Doodles - G_6e786d/h2_Weve created more than 5,000 Doodles ove_111429' is visible

07-06-2024T14:08:46 - [MESSAGE][PASSED] - Object 'Object Repository/Page_The Story and Evolution of Doodles - G_6e786d/h2_Weve created more than 5,000 Doodles ove_111429' is visible

07-06-2024T14:08:46 - [TEST_STEP][PASSED] - click(findTestObject("Object Repository/Page_The Story and Evolution of Doodles - G_6e786d/p_The first Doodle was a simple out-of-offi_345e61")): Object: 'Object Repository/Page_The Story and Evolution of Doodles - G_6e786d/p_The first Doodle was a simple out-of-offi_345e61' is clicked on

07-06-2024T14:08:47 - [MESSAGE][PASSED] - Object: 'Object Repository/Page_The Story and Evolution of Doodles - G_6e786d/p_The first Doodle was a simple out-of-offi_345e61' is clicked on

07-06-2024T14:08:47 - [TEST_STEP][PASSED] - verifyElementVisible(findTestObject("Object Repository/Page_The Story and Evolution of Doodles - G_6e786d/h1_The story behind Doodles")): Object 'Object Repository/Page_The Story and Evolution of Doodles - G_6e786d/h1_The story behind Doodles' is visible

07-06-2024T14:08:47 - [MESSAGE][PASSED] - Object 'Object Repository/Page_The Story and Evolution of Doodles - G_6e786d/h1_The story behind Doodles' is visible

07-06-2024T14:08:47 - [TEST_STEP][PASSED] - verifyElementVisible(findTestObject("Object Repository/Page_The Story and Evolution of Doodles - G_6e786d/p_The first Doodle was a simple out-of-offi_345e61")): Object 'Object Repository/Page_The Story and Evolution of Doodles - G_6e786d/p_The first Doodle was a simple out-of-offi_345e61' is visible

07-06-2024T14:08:47 - [MESSAGE][PASSED] - Object 'Object Repository/Page_The Story and Evolution of Doodles - G_6e786d/p_The first Doodle was a simple out-of-offi_345e61' is visible

07-06-2024T14:08:47 - [TEST_STEP][PASSED] - verifyElementVisible(findTestObject("Object Repository/Page_The Story and Evolution of Doodles - G_6e786d/h2_Weve created more than 5,000 Doodles ove_111429")): Object 'Object Repository/Page_The Story and Evolution of Doodles - G_6e786d/h2_Weve created more than 5,000 Doodles ove_111429' is visible

07-06-2024T14:08:47 - [MESSAGE][PASSED] - Object 'Object Repository/Page_The Story and Evolution of Doodles - G_6e786d/h2_Weve created more than 5,000 Doodles ove_111429' is visible

07-06-2024T14:08:47 - [TEST_STEP][PASSED] - click(findTestObject("Object Repository/Page_The Story and Evolution of Doodles - G_6e786d/p_The first Doodle was a simple out-of-offi_345e61")): Object: 'Object Repository/Page_The Story and Evolution of Doodles - G_6e786d/p_The first Doodle was a simple out-of-offi_345e61' is clicked on

07-06-2024T14:08:47 - [MESSAGE][PASSED] - Object: 'Object Repository/Page_The Story and Evolution of Doodles - G_6e786d/p_The first Doodle was a simple out-of-offi_345e61' is clicked on

07-06-2024T14:08:47 - [TEST_STEP][PASSED] - verifyElementVisible(findTestObject("Object Repository/Page_The Story and Evolution of Doodles - G_6e786d/h1_The story behind Doodles")): Object 'Object Repository/Page_The Story and Evolution of Doodles - G_6e786d/h1_The story behind Doodles' is visible

07-06-2024T14:08:47 - [MESSAGE][PASSED] - Object 'Object Repository/Page_The Story and Evolution of Doodles - G_6e786d/h1_The story behind Doodles' is visible

07-06-2024T14:08:47 - [TEST_STEP][PASSED] - verifyElementVisible(findTestObject("Object Repository/Page_The Story and Evolution of Doodles - G_6e786d/p_The first Doodle was a simple out-of-offi_345e61")): Object 'Object Repository/Page_The Story and Evolution of Doodles - G_6e786d/p_The first Doodle was a simple out-of-offi_345e61' is visible

07-06-2024T14:08:47 - [MESSAGE][PASSED] - Object 'Object Repository/Page_The Story and Evolution of Doodles - G_6e786d/p_The first Doodle was a simple out-of-offi_345e61' is visible

07-06-2024T14:08:47 - [TEST_STEP][PASSED] - verifyElementVisible(findTestObject("Object Repository/Page_The Story and Evolution of Doodles - G_6e786d/h2_Weve created more than 5,000 Doodles ove_111429")): Object 'Object Repository/Page_The Story and Evolution of Doodles - G_6e786d/h2_Weve created more than 5,000 Doodles ove_111429' is visible

07-06-2024T14:08:47 - [MESSAGE][PASSED] - Object 'Object Repository/Page_The Story and Evolution of Doodles - G_6e786d/h2_Weve created more than 5,000 Doodles ove_111429' is visible

07-06-2024T14:08:47 - [TEST_STEP][PASSED] - click(findTestObject("Object Repository/Page_The Story and Evolution of Doodles - G_6e786d/p_The first Doodle was a simple out-of-offi_345e61")): Object: 'Object Repository/Page_The Story and Evolution of Doodles - G_6e786d/p_The first Doodle was a simple out-of-offi_345e61' is clicked on

07-06-2024T14:08:47 - [MESSAGE][PASSED] - Object: 'Object Repository/Page_The Story and Evolution of Doodles - G_6e786d/p_The first Doodle was a simple out-of-offi_345e61' is clicked on

07-06-2024T14:08:47 - [TEST_STEP][PASSED] - verifyElementVisible(findTestObject("Object Repository/Page_The Story and Evolution of Doodles - G_6e786d/h1_The story behind Doodles")): Object 'Object Repository/Page_The Story and Evolution of Doodles - G_6e786d/h1_The story behind Doodles' is visible

07-06-2024T14:08:47 - [MESSAGE][PASSED] - Object 'Object Repository/Page_The Story and Evolution of Doodles - G_6e786d/h1_The story behind Doodles' is visible

07-06-2024T14:08:47 - [TEST_STEP][PASSED] - verifyElementVisible(findTestObject("Object Repository/Page_The Story and Evolution of Doodles - G_6e786d/p_The first Doodle was a simple out-of-offi_345e61")): Object 'Object Repository/Page_The Story and Evolution of Doodles - G_6e786d/p_The first Doodle was a simple out-of-offi_345e61' is visible

07-06-2024T14:08:47 - [MESSAGE][PASSED] - Object 'Object Repository/Page_The Story and Evolution of Doodles - G_6e786d/p_The first Doodle was a simple out-of-offi_345e61' is visible

07-06-2024T14:08:47 - [TEST_STEP][PASSED] - verifyElementVisible(findTestObject("Object Repository/Page_The Story and Evolution of Doodles - G_6e786d/h2_Weve created more than 5,000 Doodles ove_111429")): Object 'Object Repository/Page_The Story and Evolution of Doodles - G_6e786d/h2_Weve created more than 5,000 Doodles ove_111429' is visible

07-06-2024T14:08:47 - [MESSAGE][PASSED] - Object 'Object Repository/Page_The Story and Evolution of Doodles - G_6e786d/h2_Weve created more than 5,000 Doodles ove_111429' is visible

07-06-2024T14:08:47 - [TEST_STEP][PASSED] - click(findTestObject("Object Repository/Page_The Story and Evolution of Doodles - G_6e786d/p_The first Doodle was a simple out-of-offi_345e61")): Object: 'Object Repository/Page_The Story and Evolution of Doodles - G_6e786d/p_The first Doodle was a simple out-of-offi_345e61' is clicked on

07-06-2024T14:08:48 - [MESSAGE][PASSED] - Object: 'Object Repository/Page_The Story and Evolution of Doodles - G_6e786d/p_The first Doodle was a simple out-of-offi_345e61' is clicked on

07-06-2024T14:08:48 - [TEST_STEP][PASSED] - verifyElementVisible(findTestObject("Object Repository/Page_The Story and Evolution of Doodles - G_6e786d/h1_The story behind Doodles")): Object 'Object Repository/Page_The Story and Evolution of Doodles - G_6e786d/h1_The story behind Doodles' is visible

07-06-2024T14:08:48 - [MESSAGE][PASSED] - Object 'Object Repository/Page_The Story and Evolution of Doodles - G_6e786d/h1_The story behind Doodles' is visible

07-06-2024T14:08:48 - [TEST_STEP][PASSED] - verifyElementVisible(findTestObject("Object Repository/Page_The Story and Evolution of Doodles - G_6e786d/p_The first Doodle was a simple out-of-offi_345e61")): Object 'Object Repository/Page_The Story and Evolution of Doodles - G_6e786d/p_The first Doodle was a simple out-of-offi_345e61' is visible

07-06-2024T14:08:48 - [MESSAGE][PASSED] - Object 'Object Repository/Page_The Story and Evolution of Doodles - G_6e786d/p_The first Doodle was a simple out-of-offi_345e61' is visible

07-06-2024T14:08:48 - [TEST_STEP][PASSED] - verifyElementVisible(findTestObject("Object Repository/Page_The Story and Evolution of Doodles - G_6e786d/h2_Weve created more than 5,000 Doodles ove_111429")): Object 'Object Repository/Page_The Story and Evolution of Doodles - G_6e786d/h2_Weve created more than 5,000 Doodles ove_111429' is visible

07-06-2024T14:08:48 - [MESSAGE][PASSED] - Object 'Object Repository/Page_The Story and Evolution of Doodles - G_6e786d/h2_Weve created more than 5,000 Doodles ove_111429' is visible

07-06-2024T14:08:48 - [TEST_STEP][PASSED] - click(findTestObject("Object Repository/Page_The Story and Evolution of Doodles - G_6e786d/p_The first Doodle was a simple out-of-offi_345e61")): Object: 'Object Repository/Page_The Story and Evolution of Doodles - G_6e786d/p_The first Doodle was a simple out-of-offi_345e61' is clicked on

07-06-2024T14:08:48 - [MESSAGE][PASSED] - Object: 'Object Repository/Page_The Story and Evolution of Doodles - G_6e786d/p_The first Doodle was a simple out-of-offi_345e61' is clicked on

07-06-2024T14:08:48 - [TEST_STEP][PASSED] - verifyElementVisible(findTestObject("Object Repository/Page_The Story and Evolution of Doodles - G_6e786d/h1_The story behind Doodles")): Object 'Object Repository/Page_The Story and Evolution of Doodles - G_6e786d/h1_The story behind Doodles' is visible

07-06-2024T14:08:48 - [MESSAGE][PASSED] - Object 'Object Repository/Page_The Story and Evolution of Doodles - G_6e786d/h1_The story behind Doodles' is visible

07-06-2024T14:08:48 - [TEST_STEP][PASSED] - verifyElementVisible(findTestObject("Object Repository/Page_The Story and Evolution of Doodles - G_6e786d/p_The first Doodle was a simple out-of-offi_345e61")): Object 'Object Repository/Page_The Story and Evolution of Doodles - G_6e786d/p_The first Doodle was a simple out-of-offi_345e61' is visible

07-06-2024T14:08:48 - [MESSAGE][PASSED] - Object 'Object Repository/Page_The Story and Evolution of Doodles - G_6e786d/p_The first Doodle was a simple out-of-offi_345e61' is visible

07-06-2024T14:08:48 - [TEST_STEP][PASSED] - verifyElementVisible(findTestObject("Object Repository/Page_The Story and Evolution of Doodles - G_6e786d/h2_Weve created more than 5,000 Doodles ove_111429")): Object 'Object Repository/Page_The Story and Evolution of Doodles - G_6e786d/h2_Weve created more than 5,000 Doodles ove_111429' is visible

07-06-2024T14:08:48 - [MESSAGE][PASSED] - Object 'Object Repository/Page_The Story and Evolution of Doodles - G_6e786d/h2_Weve created more than 5,000 Doodles ove_111429' is visible

07-06-2024T14:08:48 - [TEST_STEP][PASSED] - click(findTestObject("Object Repository/Page_The Story and Evolution of Doodles - G_6e786d/p_The first Doodle was a simple out-of-offi_345e61")): Object: 'Object Repository/Page_The Story and Evolution of Doodles - G_6e786d/p_The first Doodle was a simple out-of-offi_345e61' is clicked on

07-06-2024T14:08:48 - [MESSAGE][PASSED] - Object: 'Object Repository/Page_The Story and Evolution of Doodles - G_6e786d/p_The first Doodle was a simple out-of-offi_345e61' is clicked on

07-06-2024T14:08:48 - [TEST_STEP][PASSED] - verifyElementVisible(findTestObject("Object Repository/Page_The Story and Evolution of Doodles - G_6e786d/h1_The story behind Doodles")): Object 'Object Repository/Page_The Story and Evolution of Doodles - G_6e786d/h1_The story behind Doodles' is visible

07-06-2024T14:08:48 - [MESSAGE][PASSED] - Object 'Object Repository/Page_The Story and Evolution of Doodles - G_6e786d/h1_The story behind Doodles' is visible

07-06-2024T14:08:48 - [TEST_STEP][PASSED] - verifyElementVisible(findTestObject("Object Repository/Page_The Story and Evolution of Doodles - G_6e786d/p_The first Doodle was a simple out-of-offi_345e61")): Object 'Object Repository/Page_The Story and Evolution of Doodles - G_6e786d/p_The first Doodle was a simple out-of-offi_345e61' is visible

07-06-2024T14:08:49 - [MESSAGE][PASSED] - Object 'Object Repository/Page_The Story and Evolution of Doodles - G_6e786d/p_The first Doodle was a simple out-of-offi_345e61' is visible

07-06-2024T14:08:49 - [TEST_STEP][PASSED] - verifyElementVisible(findTestObject("Object Repository/Page_The Story and Evolution of Doodles - G_6e786d/h2_Weve created more than 5,000 Doodles ove_111429")): Object 'Object Repository/Page_The Story and Evolution of Doodles - G_6e786d/h2_Weve created more than 5,000 Doodles ove_111429' is visible

07-06-2024T14:08:49 - [MESSAGE][PASSED] - Object 'Object Repository/Page_The Story and Evolution of Doodles - G_6e786d/h2_Weve created more than 5,000 Doodles ove_111429' is visible]]></system-out>
         <system-err><![CDATA[]]></system-err>
      </testcase>
      <testcase name="Test Cases/test case folder 1/tc1 - Copy (4) - Copy (3)" time="8.676" classname="Test Cases/test case folder 1/tc1 - Copy (4) - Copy (3)" status="PASSED">
         <system-out><![CDATA[07-06-2024T14:08:49 - [TEST_CASE][PASSED] - Test Cases/test case folder 1/tc1 - Copy (4) - Copy (3): Test Cases/test case folder 1/tc1 - Copy (4) - Copy (3)

07-06-2024T14:08:49 - [TEST_STEP][PASSED] - openBrowser(""): Browser is opened with url: ''

07-06-2024T14:08:49 - [MESSAGE][WARNING] - A browser is already opened. Closing browser and opening a new one

07-06-2024T14:08:49 - [MESSAGE][INFO] - Starting 'Firefox (headless)' driver

07-06-2024T14:08:49 - [MESSAGE][INFO] - Action delay is set to 0 milliseconds

07-06-2024T14:08:52 - [MESSAGE][PASSED] - Browser is opened with url: ''

07-06-2024T14:08:52 - [TEST_STEP][PASSED] - navigateToUrl("https://doodles.google/about/"): Navigate to 'https://doodles.google/about/' successfully

07-06-2024T14:08:53 - [MESSAGE][PASSED] - Navigate to 'https://doodles.google/about/' successfully

07-06-2024T14:08:53 - [TEST_STEP][PASSED] - click(findTestObject("Object Repository/Page_The Story and Evolution of Doodles - G_6e786d/p_The first Doodle was a simple out-of-offi_345e61")): Object: 'Object Repository/Page_The Story and Evolution of Doodles - G_6e786d/p_The first Doodle was a simple out-of-offi_345e61' is clicked on

07-06-2024T14:08:54 - [MESSAGE][PASSED] - Object: 'Object Repository/Page_The Story and Evolution of Doodles - G_6e786d/p_The first Doodle was a simple out-of-offi_345e61' is clicked on

07-06-2024T14:08:54 - [TEST_STEP][PASSED] - click(findTestObject("Object Repository/Page_The Story and Evolution of Doodles - G_6e786d/p_The first Doodle was a simple out-of-offi_345e61")): Object: 'Object Repository/Page_The Story and Evolution of Doodles - G_6e786d/p_The first Doodle was a simple out-of-offi_345e61' is clicked on

07-06-2024T14:08:54 - [MESSAGE][PASSED] - Object: 'Object Repository/Page_The Story and Evolution of Doodles - G_6e786d/p_The first Doodle was a simple out-of-offi_345e61' is clicked on

07-06-2024T14:08:54 - [TEST_STEP][PASSED] - verifyElementVisible(findTestObject("Object Repository/Page_The Story and Evolution of Doodles - G_6e786d/h1_The story behind Doodles")): Object 'Object Repository/Page_The Story and Evolution of Doodles - G_6e786d/h1_The story behind Doodles' is visible

07-06-2024T14:08:54 - [MESSAGE][PASSED] - Object 'Object Repository/Page_The Story and Evolution of Doodles - G_6e786d/h1_The story behind Doodles' is visible

07-06-2024T14:08:54 - [TEST_STEP][PASSED] - verifyElementVisible(findTestObject("Object Repository/Page_The Story and Evolution of Doodles - G_6e786d/p_The first Doodle was a simple out-of-offi_345e61")): Object 'Object Repository/Page_The Story and Evolution of Doodles - G_6e786d/p_The first Doodle was a simple out-of-offi_345e61' is visible

07-06-2024T14:08:54 - [MESSAGE][PASSED] - Object 'Object Repository/Page_The Story and Evolution of Doodles - G_6e786d/p_The first Doodle was a simple out-of-offi_345e61' is visible

07-06-2024T14:08:54 - [TEST_STEP][PASSED] - verifyElementVisible(findTestObject("Object Repository/Page_The Story and Evolution of Doodles - G_6e786d/h2_Weve created more than 5,000 Doodles ove_111429")): Object 'Object Repository/Page_The Story and Evolution of Doodles - G_6e786d/h2_Weve created more than 5,000 Doodles ove_111429' is visible

07-06-2024T14:08:54 - [MESSAGE][PASSED] - Object 'Object Repository/Page_The Story and Evolution of Doodles - G_6e786d/h2_Weve created more than 5,000 Doodles ove_111429' is visible

07-06-2024T14:08:54 - [TEST_STEP][PASSED] - verifyElementVisible(findTestObject("Object Repository/Page_The Story and Evolution of Doodles - G_6e786d/h1_The story behind Doodles")): Object 'Object Repository/Page_The Story and Evolution of Doodles - G_6e786d/h1_The story behind Doodles' is visible

07-06-2024T14:08:54 - [MESSAGE][PASSED] - Object 'Object Repository/Page_The Story and Evolution of Doodles - G_6e786d/h1_The story behind Doodles' is visible

07-06-2024T14:08:54 - [TEST_STEP][PASSED] - verifyElementVisible(findTestObject("Object Repository/Page_The Story and Evolution of Doodles - G_6e786d/p_The first Doodle was a simple out-of-offi_345e61")): Object 'Object Repository/Page_The Story and Evolution of Doodles - G_6e786d/p_The first Doodle was a simple out-of-offi_345e61' is visible

07-06-2024T14:08:54 - [MESSAGE][PASSED] - Object 'Object Repository/Page_The Story and Evolution of Doodles - G_6e786d/p_The first Doodle was a simple out-of-offi_345e61' is visible

07-06-2024T14:08:54 - [TEST_STEP][PASSED] - verifyElementVisible(findTestObject("Object Repository/Page_The Story and Evolution of Doodles - G_6e786d/h2_Weve created more than 5,000 Doodles ove_111429")): Object 'Object Repository/Page_The Story and Evolution of Doodles - G_6e786d/h2_Weve created more than 5,000 Doodles ove_111429' is visible

07-06-2024T14:08:54 - [MESSAGE][PASSED] - Object 'Object Repository/Page_The Story and Evolution of Doodles - G_6e786d/h2_Weve created more than 5,000 Doodles ove_111429' is visible

07-06-2024T14:08:54 - [TEST_STEP][PASSED] - click(findTestObject("Object Repository/Page_The Story and Evolution of Doodles - G_6e786d/p_The first Doodle was a simple out-of-offi_345e61")): Object: 'Object Repository/Page_The Story and Evolution of Doodles - G_6e786d/p_The first Doodle was a simple out-of-offi_345e61' is clicked on

07-06-2024T14:08:54 - [MESSAGE][PASSED] - Object: 'Object Repository/Page_The Story and Evolution of Doodles - G_6e786d/p_The first Doodle was a simple out-of-offi_345e61' is clicked on

07-06-2024T14:08:54 - [TEST_STEP][PASSED] - verifyElementVisible(findTestObject("Object Repository/Page_The Story and Evolution of Doodles - G_6e786d/h1_The story behind Doodles")): Object 'Object Repository/Page_The Story and Evolution of Doodles - G_6e786d/h1_The story behind Doodles' is visible

07-06-2024T14:08:55 - [MESSAGE][PASSED] - Object 'Object Repository/Page_The Story and Evolution of Doodles - G_6e786d/h1_The story behind Doodles' is visible

07-06-2024T14:08:55 - [TEST_STEP][PASSED] - verifyElementVisible(findTestObject("Object Repository/Page_The Story and Evolution of Doodles - G_6e786d/p_The first Doodle was a simple out-of-offi_345e61")): Object 'Object Repository/Page_The Story and Evolution of Doodles - G_6e786d/p_The first Doodle was a simple out-of-offi_345e61' is visible

07-06-2024T14:08:55 - [MESSAGE][PASSED] - Object 'Object Repository/Page_The Story and Evolution of Doodles - G_6e786d/p_The first Doodle was a simple out-of-offi_345e61' is visible

07-06-2024T14:08:55 - [TEST_STEP][PASSED] - verifyElementVisible(findTestObject("Object Repository/Page_The Story and Evolution of Doodles - G_6e786d/h2_Weve created more than 5,000 Doodles ove_111429")): Object 'Object Repository/Page_The Story and Evolution of Doodles - G_6e786d/h2_Weve created more than 5,000 Doodles ove_111429' is visible

07-06-2024T14:08:55 - [MESSAGE][PASSED] - Object 'Object Repository/Page_The Story and Evolution of Doodles - G_6e786d/h2_Weve created more than 5,000 Doodles ove_111429' is visible

07-06-2024T14:08:55 - [TEST_STEP][PASSED] - click(findTestObject("Object Repository/Page_The Story and Evolution of Doodles - G_6e786d/p_The first Doodle was a simple out-of-offi_345e61")): Object: 'Object Repository/Page_The Story and Evolution of Doodles - G_6e786d/p_The first Doodle was a simple out-of-offi_345e61' is clicked on

07-06-2024T14:08:55 - [MESSAGE][PASSED] - Object: 'Object Repository/Page_The Story and Evolution of Doodles - G_6e786d/p_The first Doodle was a simple out-of-offi_345e61' is clicked on

07-06-2024T14:08:55 - [TEST_STEP][PASSED] - verifyElementVisible(findTestObject("Object Repository/Page_The Story and Evolution of Doodles - G_6e786d/h1_The story behind Doodles")): Object 'Object Repository/Page_The Story and Evolution of Doodles - G_6e786d/h1_The story behind Doodles' is visible

07-06-2024T14:08:55 - [MESSAGE][PASSED] - Object 'Object Repository/Page_The Story and Evolution of Doodles - G_6e786d/h1_The story behind Doodles' is visible

07-06-2024T14:08:55 - [TEST_STEP][PASSED] - verifyElementVisible(findTestObject("Object Repository/Page_The Story and Evolution of Doodles - G_6e786d/p_The first Doodle was a simple out-of-offi_345e61")): Object 'Object Repository/Page_The Story and Evolution of Doodles - G_6e786d/p_The first Doodle was a simple out-of-offi_345e61' is visible

07-06-2024T14:08:55 - [MESSAGE][PASSED] - Object 'Object Repository/Page_The Story and Evolution of Doodles - G_6e786d/p_The first Doodle was a simple out-of-offi_345e61' is visible

07-06-2024T14:08:55 - [TEST_STEP][PASSED] - verifyElementVisible(findTestObject("Object Repository/Page_The Story and Evolution of Doodles - G_6e786d/h2_Weve created more than 5,000 Doodles ove_111429")): Object 'Object Repository/Page_The Story and Evolution of Doodles - G_6e786d/h2_Weve created more than 5,000 Doodles ove_111429' is visible

07-06-2024T14:08:55 - [MESSAGE][PASSED] - Object 'Object Repository/Page_The Story and Evolution of Doodles - G_6e786d/h2_Weve created more than 5,000 Doodles ove_111429' is visible

07-06-2024T14:08:55 - [TEST_STEP][PASSED] - click(findTestObject("Object Repository/Page_The Story and Evolution of Doodles - G_6e786d/p_The first Doodle was a simple out-of-offi_345e61")): Object: 'Object Repository/Page_The Story and Evolution of Doodles - G_6e786d/p_The first Doodle was a simple out-of-offi_345e61' is clicked on

07-06-2024T14:08:55 - [MESSAGE][PASSED] - Object: 'Object Repository/Page_The Story and Evolution of Doodles - G_6e786d/p_The first Doodle was a simple out-of-offi_345e61' is clicked on

07-06-2024T14:08:55 - [TEST_STEP][PASSED] - verifyElementVisible(findTestObject("Object Repository/Page_The Story and Evolution of Doodles - G_6e786d/h1_The story behind Doodles")): Object 'Object Repository/Page_The Story and Evolution of Doodles - G_6e786d/h1_The story behind Doodles' is visible

07-06-2024T14:08:55 - [MESSAGE][PASSED] - Object 'Object Repository/Page_The Story and Evolution of Doodles - G_6e786d/h1_The story behind Doodles' is visible

07-06-2024T14:08:55 - [TEST_STEP][PASSED] - verifyElementVisible(findTestObject("Object Repository/Page_The Story and Evolution of Doodles - G_6e786d/p_The first Doodle was a simple out-of-offi_345e61")): Object 'Object Repository/Page_The Story and Evolution of Doodles - G_6e786d/p_The first Doodle was a simple out-of-offi_345e61' is visible

07-06-2024T14:08:55 - [MESSAGE][PASSED] - Object 'Object Repository/Page_The Story and Evolution of Doodles - G_6e786d/p_The first Doodle was a simple out-of-offi_345e61' is visible

07-06-2024T14:08:55 - [TEST_STEP][PASSED] - verifyElementVisible(findTestObject("Object Repository/Page_The Story and Evolution of Doodles - G_6e786d/h2_Weve created more than 5,000 Doodles ove_111429")): Object 'Object Repository/Page_The Story and Evolution of Doodles - G_6e786d/h2_Weve created more than 5,000 Doodles ove_111429' is visible

07-06-2024T14:08:55 - [MESSAGE][PASSED] - Object 'Object Repository/Page_The Story and Evolution of Doodles - G_6e786d/h2_Weve created more than 5,000 Doodles ove_111429' is visible

07-06-2024T14:08:55 - [TEST_STEP][PASSED] - click(findTestObject("Object Repository/Page_The Story and Evolution of Doodles - G_6e786d/p_The first Doodle was a simple out-of-offi_345e61")): Object: 'Object Repository/Page_The Story and Evolution of Doodles - G_6e786d/p_The first Doodle was a simple out-of-offi_345e61' is clicked on

07-06-2024T14:08:56 - [MESSAGE][PASSED] - Object: 'Object Repository/Page_The Story and Evolution of Doodles - G_6e786d/p_The first Doodle was a simple out-of-offi_345e61' is clicked on

07-06-2024T14:08:56 - [TEST_STEP][PASSED] - verifyElementVisible(findTestObject("Object Repository/Page_The Story and Evolution of Doodles - G_6e786d/h1_The story behind Doodles")): Object 'Object Repository/Page_The Story and Evolution of Doodles - G_6e786d/h1_The story behind Doodles' is visible

07-06-2024T14:08:56 - [MESSAGE][PASSED] - Object 'Object Repository/Page_The Story and Evolution of Doodles - G_6e786d/h1_The story behind Doodles' is visible

07-06-2024T14:08:56 - [TEST_STEP][PASSED] - verifyElementVisible(findTestObject("Object Repository/Page_The Story and Evolution of Doodles - G_6e786d/p_The first Doodle was a simple out-of-offi_345e61")): Object 'Object Repository/Page_The Story and Evolution of Doodles - G_6e786d/p_The first Doodle was a simple out-of-offi_345e61' is visible

07-06-2024T14:08:56 - [MESSAGE][PASSED] - Object 'Object Repository/Page_The Story and Evolution of Doodles - G_6e786d/p_The first Doodle was a simple out-of-offi_345e61' is visible

07-06-2024T14:08:56 - [TEST_STEP][PASSED] - verifyElementVisible(findTestObject("Object Repository/Page_The Story and Evolution of Doodles - G_6e786d/h2_Weve created more than 5,000 Doodles ove_111429")): Object 'Object Repository/Page_The Story and Evolution of Doodles - G_6e786d/h2_Weve created more than 5,000 Doodles ove_111429' is visible

07-06-2024T14:08:56 - [MESSAGE][PASSED] - Object 'Object Repository/Page_The Story and Evolution of Doodles - G_6e786d/h2_Weve created more than 5,000 Doodles ove_111429' is visible

07-06-2024T14:08:56 - [TEST_STEP][PASSED] - click(findTestObject("Object Repository/Page_The Story and Evolution of Doodles - G_6e786d/p_The first Doodle was a simple out-of-offi_345e61")): Object: 'Object Repository/Page_The Story and Evolution of Doodles - G_6e786d/p_The first Doodle was a simple out-of-offi_345e61' is clicked on

07-06-2024T14:08:56 - [MESSAGE][PASSED] - Object: 'Object Repository/Page_The Story and Evolution of Doodles - G_6e786d/p_The first Doodle was a simple out-of-offi_345e61' is clicked on

07-06-2024T14:08:56 - [TEST_STEP][PASSED] - verifyElementVisible(findTestObject("Object Repository/Page_The Story and Evolution of Doodles - G_6e786d/h1_The story behind Doodles")): Object 'Object Repository/Page_The Story and Evolution of Doodles - G_6e786d/h1_The story behind Doodles' is visible

07-06-2024T14:08:56 - [MESSAGE][PASSED] - Object 'Object Repository/Page_The Story and Evolution of Doodles - G_6e786d/h1_The story behind Doodles' is visible

07-06-2024T14:08:56 - [TEST_STEP][PASSED] - verifyElementVisible(findTestObject("Object Repository/Page_The Story and Evolution of Doodles - G_6e786d/p_The first Doodle was a simple out-of-offi_345e61")): Object 'Object Repository/Page_The Story and Evolution of Doodles - G_6e786d/p_The first Doodle was a simple out-of-offi_345e61' is visible

07-06-2024T14:08:56 - [MESSAGE][PASSED] - Object 'Object Repository/Page_The Story and Evolution of Doodles - G_6e786d/p_The first Doodle was a simple out-of-offi_345e61' is visible

07-06-2024T14:08:56 - [TEST_STEP][PASSED] - verifyElementVisible(findTestObject("Object Repository/Page_The Story and Evolution of Doodles - G_6e786d/h2_Weve created more than 5,000 Doodles ove_111429")): Object 'Object Repository/Page_The Story and Evolution of Doodles - G_6e786d/h2_Weve created more than 5,000 Doodles ove_111429' is visible

07-06-2024T14:08:56 - [MESSAGE][PASSED] - Object 'Object Repository/Page_The Story and Evolution of Doodles - G_6e786d/h2_Weve created more than 5,000 Doodles ove_111429' is visible

07-06-2024T14:08:56 - [TEST_STEP][PASSED] - click(findTestObject("Object Repository/Page_The Story and Evolution of Doodles - G_6e786d/p_The first Doodle was a simple out-of-offi_345e61")): Object: 'Object Repository/Page_The Story and Evolution of Doodles - G_6e786d/p_The first Doodle was a simple out-of-offi_345e61' is clicked on

07-06-2024T14:08:56 - [MESSAGE][PASSED] - Object: 'Object Repository/Page_The Story and Evolution of Doodles - G_6e786d/p_The first Doodle was a simple out-of-offi_345e61' is clicked on

07-06-2024T14:08:56 - [TEST_STEP][PASSED] - verifyElementVisible(findTestObject("Object Repository/Page_The Story and Evolution of Doodles - G_6e786d/h1_The story behind Doodles")): Object 'Object Repository/Page_The Story and Evolution of Doodles - G_6e786d/h1_The story behind Doodles' is visible

07-06-2024T14:08:56 - [MESSAGE][PASSED] - Object 'Object Repository/Page_The Story and Evolution of Doodles - G_6e786d/h1_The story behind Doodles' is visible

07-06-2024T14:08:56 - [TEST_STEP][PASSED] - verifyElementVisible(findTestObject("Object Repository/Page_The Story and Evolution of Doodles - G_6e786d/p_The first Doodle was a simple out-of-offi_345e61")): Object 'Object Repository/Page_The Story and Evolution of Doodles - G_6e786d/p_The first Doodle was a simple out-of-offi_345e61' is visible

07-06-2024T14:08:56 - [MESSAGE][PASSED] - Object 'Object Repository/Page_The Story and Evolution of Doodles - G_6e786d/p_The first Doodle was a simple out-of-offi_345e61' is visible

07-06-2024T14:08:56 - [TEST_STEP][PASSED] - verifyElementVisible(findTestObject("Object Repository/Page_The Story and Evolution of Doodles - G_6e786d/h2_Weve created more than 5,000 Doodles ove_111429")): Object 'Object Repository/Page_The Story and Evolution of Doodles - G_6e786d/h2_Weve created more than 5,000 Doodles ove_111429' is visible

07-06-2024T14:08:56 - [MESSAGE][PASSED] - Object 'Object Repository/Page_The Story and Evolution of Doodles - G_6e786d/h2_Weve created more than 5,000 Doodles ove_111429' is visible

07-06-2024T14:08:56 - [TEST_STEP][PASSED] - click(findTestObject("Object Repository/Page_The Story and Evolution of Doodles - G_6e786d/p_The first Doodle was a simple out-of-offi_345e61")): Object: 'Object Repository/Page_The Story and Evolution of Doodles - G_6e786d/p_The first Doodle was a simple out-of-offi_345e61' is clicked on

07-06-2024T14:08:56 - [MESSAGE][PASSED] - Object: 'Object Repository/Page_The Story and Evolution of Doodles - G_6e786d/p_The first Doodle was a simple out-of-offi_345e61' is clicked on

07-06-2024T14:08:56 - [TEST_STEP][PASSED] - verifyElementVisible(findTestObject("Object Repository/Page_The Story and Evolution of Doodles - G_6e786d/h1_The story behind Doodles")): Object 'Object Repository/Page_The Story and Evolution of Doodles - G_6e786d/h1_The story behind Doodles' is visible

07-06-2024T14:08:57 - [MESSAGE][PASSED] - Object 'Object Repository/Page_The Story and Evolution of Doodles - G_6e786d/h1_The story behind Doodles' is visible

07-06-2024T14:08:57 - [TEST_STEP][PASSED] - verifyElementVisible(findTestObject("Object Repository/Page_The Story and Evolution of Doodles - G_6e786d/p_The first Doodle was a simple out-of-offi_345e61")): Object 'Object Repository/Page_The Story and Evolution of Doodles - G_6e786d/p_The first Doodle was a simple out-of-offi_345e61' is visible

07-06-2024T14:08:57 - [MESSAGE][PASSED] - Object 'Object Repository/Page_The Story and Evolution of Doodles - G_6e786d/p_The first Doodle was a simple out-of-offi_345e61' is visible

07-06-2024T14:08:57 - [TEST_STEP][PASSED] - verifyElementVisible(findTestObject("Object Repository/Page_The Story and Evolution of Doodles - G_6e786d/h2_Weve created more than 5,000 Doodles ove_111429")): Object 'Object Repository/Page_The Story and Evolution of Doodles - G_6e786d/h2_Weve created more than 5,000 Doodles ove_111429' is visible

07-06-2024T14:08:57 - [MESSAGE][PASSED] - Object 'Object Repository/Page_The Story and Evolution of Doodles - G_6e786d/h2_Weve created more than 5,000 Doodles ove_111429' is visible

07-06-2024T14:08:57 - [TEST_STEP][PASSED] - click(findTestObject("Object Repository/Page_The Story and Evolution of Doodles - G_6e786d/p_The first Doodle was a simple out-of-offi_345e61")): Object: 'Object Repository/Page_The Story and Evolution of Doodles - G_6e786d/p_The first Doodle was a simple out-of-offi_345e61' is clicked on

07-06-2024T14:08:57 - [MESSAGE][PASSED] - Object: 'Object Repository/Page_The Story and Evolution of Doodles - G_6e786d/p_The first Doodle was a simple out-of-offi_345e61' is clicked on

07-06-2024T14:08:57 - [TEST_STEP][PASSED] - verifyElementVisible(findTestObject("Object Repository/Page_The Story and Evolution of Doodles - G_6e786d/h1_The story behind Doodles")): Object 'Object Repository/Page_The Story and Evolution of Doodles - G_6e786d/h1_The story behind Doodles' is visible

07-06-2024T14:08:57 - [MESSAGE][PASSED] - Object 'Object Repository/Page_The Story and Evolution of Doodles - G_6e786d/h1_The story behind Doodles' is visible

07-06-2024T14:08:57 - [TEST_STEP][PASSED] - verifyElementVisible(findTestObject("Object Repository/Page_The Story and Evolution of Doodles - G_6e786d/p_The first Doodle was a simple out-of-offi_345e61")): Object 'Object Repository/Page_The Story and Evolution of Doodles - G_6e786d/p_The first Doodle was a simple out-of-offi_345e61' is visible

07-06-2024T14:08:57 - [MESSAGE][PASSED] - Object 'Object Repository/Page_The Story and Evolution of Doodles - G_6e786d/p_The first Doodle was a simple out-of-offi_345e61' is visible

07-06-2024T14:08:57 - [TEST_STEP][PASSED] - verifyElementVisible(findTestObject("Object Repository/Page_The Story and Evolution of Doodles - G_6e786d/h2_Weve created more than 5,000 Doodles ove_111429")): Object 'Object Repository/Page_The Story and Evolution of Doodles - G_6e786d/h2_Weve created more than 5,000 Doodles ove_111429' is visible

07-06-2024T14:08:57 - [MESSAGE][PASSED] - Object 'Object Repository/Page_The Story and Evolution of Doodles - G_6e786d/h2_Weve created more than 5,000 Doodles ove_111429' is visible

07-06-2024T14:08:57 - [TEST_STEP][PASSED] - click(findTestObject("Object Repository/Page_The Story and Evolution of Doodles - G_6e786d/p_The first Doodle was a simple out-of-offi_345e61")): Object: 'Object Repository/Page_The Story and Evolution of Doodles - G_6e786d/p_The first Doodle was a simple out-of-offi_345e61' is clicked on

07-06-2024T14:08:57 - [MESSAGE][PASSED] - Object: 'Object Repository/Page_The Story and Evolution of Doodles - G_6e786d/p_The first Doodle was a simple out-of-offi_345e61' is clicked on

07-06-2024T14:08:57 - [TEST_STEP][PASSED] - verifyElementVisible(findTestObject("Object Repository/Page_The Story and Evolution of Doodles - G_6e786d/h1_The story behind Doodles")): Object 'Object Repository/Page_The Story and Evolution of Doodles - G_6e786d/h1_The story behind Doodles' is visible

07-06-2024T14:08:57 - [MESSAGE][PASSED] - Object 'Object Repository/Page_The Story and Evolution of Doodles - G_6e786d/h1_The story behind Doodles' is visible

07-06-2024T14:08:57 - [TEST_STEP][PASSED] - verifyElementVisible(findTestObject("Object Repository/Page_The Story and Evolution of Doodles - G_6e786d/p_The first Doodle was a simple out-of-offi_345e61")): Object 'Object Repository/Page_The Story and Evolution of Doodles - G_6e786d/p_The first Doodle was a simple out-of-offi_345e61' is visible

07-06-2024T14:08:57 - [MESSAGE][PASSED] - Object 'Object Repository/Page_The Story and Evolution of Doodles - G_6e786d/p_The first Doodle was a simple out-of-offi_345e61' is visible

07-06-2024T14:08:57 - [TEST_STEP][PASSED] - verifyElementVisible(findTestObject("Object Repository/Page_The Story and Evolution of Doodles - G_6e786d/h2_Weve created more than 5,000 Doodles ove_111429")): Object 'Object Repository/Page_The Story and Evolution of Doodles - G_6e786d/h2_Weve created more than 5,000 Doodles ove_111429' is visible

07-06-2024T14:08:57 - [MESSAGE][PASSED] - Object 'Object Repository/Page_The Story and Evolution of Doodles - G_6e786d/h2_Weve created more than 5,000 Doodles ove_111429' is visible]]></system-out>
         <system-err><![CDATA[]]></system-err>
      </testcase>
      <testcase name="Test Cases/test case folder 1/tc1 - Copy (4) - Copy (4)" time="8.827" classname="Test Cases/test case folder 1/tc1 - Copy (4) - Copy (4)" status="PASSED">
         <system-out><![CDATA[07-06-2024T14:08:57 - [TEST_CASE][PASSED] - Test Cases/test case folder 1/tc1 - Copy (4) - Copy (4): Test Cases/test case folder 1/tc1 - Copy (4) - Copy (4)

07-06-2024T14:08:57 - [TEST_STEP][PASSED] - openBrowser(""): Browser is opened with url: ''

07-06-2024T14:08:57 - [MESSAGE][WARNING] - A browser is already opened. Closing browser and opening a new one

07-06-2024T14:08:58 - [MESSAGE][INFO] - Starting 'Firefox (headless)' driver

07-06-2024T14:08:58 - [MESSAGE][INFO] - Action delay is set to 0 milliseconds

07-06-2024T14:09:01 - [MESSAGE][PASSED] - Browser is opened with url: ''

07-06-2024T14:09:01 - [TEST_STEP][PASSED] - navigateToUrl("https://doodles.google/about/"): Navigate to 'https://doodles.google/about/' successfully

07-06-2024T14:09:02 - [MESSAGE][PASSED] - Navigate to 'https://doodles.google/about/' successfully

07-06-2024T14:09:02 - [TEST_STEP][PASSED] - click(findTestObject("Object Repository/Page_The Story and Evolution of Doodles - G_6e786d/p_The first Doodle was a simple out-of-offi_345e61")): Object: 'Object Repository/Page_The Story and Evolution of Doodles - G_6e786d/p_The first Doodle was a simple out-of-offi_345e61' is clicked on

07-06-2024T14:09:03 - [MESSAGE][PASSED] - Object: 'Object Repository/Page_The Story and Evolution of Doodles - G_6e786d/p_The first Doodle was a simple out-of-offi_345e61' is clicked on

07-06-2024T14:09:03 - [TEST_STEP][PASSED] - click(findTestObject("Object Repository/Page_The Story and Evolution of Doodles - G_6e786d/p_The first Doodle was a simple out-of-offi_345e61")): Object: 'Object Repository/Page_The Story and Evolution of Doodles - G_6e786d/p_The first Doodle was a simple out-of-offi_345e61' is clicked on

07-06-2024T14:09:03 - [MESSAGE][PASSED] - Object: 'Object Repository/Page_The Story and Evolution of Doodles - G_6e786d/p_The first Doodle was a simple out-of-offi_345e61' is clicked on

07-06-2024T14:09:03 - [TEST_STEP][PASSED] - verifyElementVisible(findTestObject("Object Repository/Page_The Story and Evolution of Doodles - G_6e786d/h1_The story behind Doodles")): Object 'Object Repository/Page_The Story and Evolution of Doodles - G_6e786d/h1_The story behind Doodles' is visible

07-06-2024T14:09:03 - [MESSAGE][PASSED] - Object 'Object Repository/Page_The Story and Evolution of Doodles - G_6e786d/h1_The story behind Doodles' is visible

07-06-2024T14:09:03 - [TEST_STEP][PASSED] - verifyElementVisible(findTestObject("Object Repository/Page_The Story and Evolution of Doodles - G_6e786d/p_The first Doodle was a simple out-of-offi_345e61")): Object 'Object Repository/Page_The Story and Evolution of Doodles - G_6e786d/p_The first Doodle was a simple out-of-offi_345e61' is visible

07-06-2024T14:09:03 - [MESSAGE][PASSED] - Object 'Object Repository/Page_The Story and Evolution of Doodles - G_6e786d/p_The first Doodle was a simple out-of-offi_345e61' is visible

07-06-2024T14:09:03 - [TEST_STEP][PASSED] - verifyElementVisible(findTestObject("Object Repository/Page_The Story and Evolution of Doodles - G_6e786d/h2_Weve created more than 5,000 Doodles ove_111429")): Object 'Object Repository/Page_The Story and Evolution of Doodles - G_6e786d/h2_Weve created more than 5,000 Doodles ove_111429' is visible

07-06-2024T14:09:03 - [MESSAGE][PASSED] - Object 'Object Repository/Page_The Story and Evolution of Doodles - G_6e786d/h2_Weve created more than 5,000 Doodles ove_111429' is visible

07-06-2024T14:09:03 - [TEST_STEP][PASSED] - verifyElementVisible(findTestObject("Object Repository/Page_The Story and Evolution of Doodles - G_6e786d/h1_The story behind Doodles")): Object 'Object Repository/Page_The Story and Evolution of Doodles - G_6e786d/h1_The story behind Doodles' is visible

07-06-2024T14:09:03 - [MESSAGE][PASSED] - Object 'Object Repository/Page_The Story and Evolution of Doodles - G_6e786d/h1_The story behind Doodles' is visible

07-06-2024T14:09:03 - [TEST_STEP][PASSED] - verifyElementVisible(findTestObject("Object Repository/Page_The Story and Evolution of Doodles - G_6e786d/p_The first Doodle was a simple out-of-offi_345e61")): Object 'Object Repository/Page_The Story and Evolution of Doodles - G_6e786d/p_The first Doodle was a simple out-of-offi_345e61' is visible

07-06-2024T14:09:03 - [MESSAGE][PASSED] - Object 'Object Repository/Page_The Story and Evolution of Doodles - G_6e786d/p_The first Doodle was a simple out-of-offi_345e61' is visible

07-06-2024T14:09:03 - [TEST_STEP][PASSED] - verifyElementVisible(findTestObject("Object Repository/Page_The Story and Evolution of Doodles - G_6e786d/h2_Weve created more than 5,000 Doodles ove_111429")): Object 'Object Repository/Page_The Story and Evolution of Doodles - G_6e786d/h2_Weve created more than 5,000 Doodles ove_111429' is visible

07-06-2024T14:09:03 - [MESSAGE][PASSED] - Object 'Object Repository/Page_The Story and Evolution of Doodles - G_6e786d/h2_Weve created more than 5,000 Doodles ove_111429' is visible

07-06-2024T14:09:03 - [TEST_STEP][PASSED] - click(findTestObject("Object Repository/Page_The Story and Evolution of Doodles - G_6e786d/p_The first Doodle was a simple out-of-offi_345e61")): Object: 'Object Repository/Page_The Story and Evolution of Doodles - G_6e786d/p_The first Doodle was a simple out-of-offi_345e61' is clicked on

07-06-2024T14:09:03 - [MESSAGE][PASSED] - Object: 'Object Repository/Page_The Story and Evolution of Doodles - G_6e786d/p_The first Doodle was a simple out-of-offi_345e61' is clicked on

07-06-2024T14:09:03 - [TEST_STEP][PASSED] - verifyElementVisible(findTestObject("Object Repository/Page_The Story and Evolution of Doodles - G_6e786d/h1_The story behind Doodles")): Object 'Object Repository/Page_The Story and Evolution of Doodles - G_6e786d/h1_The story behind Doodles' is visible

07-06-2024T14:09:03 - [MESSAGE][PASSED] - Object 'Object Repository/Page_The Story and Evolution of Doodles - G_6e786d/h1_The story behind Doodles' is visible

07-06-2024T14:09:03 - [TEST_STEP][PASSED] - verifyElementVisible(findTestObject("Object Repository/Page_The Story and Evolution of Doodles - G_6e786d/p_The first Doodle was a simple out-of-offi_345e61")): Object 'Object Repository/Page_The Story and Evolution of Doodles - G_6e786d/p_The first Doodle was a simple out-of-offi_345e61' is visible

07-06-2024T14:09:03 - [MESSAGE][PASSED] - Object 'Object Repository/Page_The Story and Evolution of Doodles - G_6e786d/p_The first Doodle was a simple out-of-offi_345e61' is visible

07-06-2024T14:09:03 - [TEST_STEP][PASSED] - verifyElementVisible(findTestObject("Object Repository/Page_The Story and Evolution of Doodles - G_6e786d/h2_Weve created more than 5,000 Doodles ove_111429")): Object 'Object Repository/Page_The Story and Evolution of Doodles - G_6e786d/h2_Weve created more than 5,000 Doodles ove_111429' is visible

07-06-2024T14:09:04 - [MESSAGE][PASSED] - Object 'Object Repository/Page_The Story and Evolution of Doodles - G_6e786d/h2_Weve created more than 5,000 Doodles ove_111429' is visible

07-06-2024T14:09:04 - [TEST_STEP][PASSED] - click(findTestObject("Object Repository/Page_The Story and Evolution of Doodles - G_6e786d/p_The first Doodle was a simple out-of-offi_345e61")): Object: 'Object Repository/Page_The Story and Evolution of Doodles - G_6e786d/p_The first Doodle was a simple out-of-offi_345e61' is clicked on

07-06-2024T14:09:04 - [MESSAGE][PASSED] - Object: 'Object Repository/Page_The Story and Evolution of Doodles - G_6e786d/p_The first Doodle was a simple out-of-offi_345e61' is clicked on

07-06-2024T14:09:04 - [TEST_STEP][PASSED] - verifyElementVisible(findTestObject("Object Repository/Page_The Story and Evolution of Doodles - G_6e786d/h1_The story behind Doodles")): Object 'Object Repository/Page_The Story and Evolution of Doodles - G_6e786d/h1_The story behind Doodles' is visible

07-06-2024T14:09:04 - [MESSAGE][PASSED] - Object 'Object Repository/Page_The Story and Evolution of Doodles - G_6e786d/h1_The story behind Doodles' is visible

07-06-2024T14:09:04 - [TEST_STEP][PASSED] - verifyElementVisible(findTestObject("Object Repository/Page_The Story and Evolution of Doodles - G_6e786d/p_The first Doodle was a simple out-of-offi_345e61")): Object 'Object Repository/Page_The Story and Evolution of Doodles - G_6e786d/p_The first Doodle was a simple out-of-offi_345e61' is visible

07-06-2024T14:09:04 - [MESSAGE][PASSED] - Object 'Object Repository/Page_The Story and Evolution of Doodles - G_6e786d/p_The first Doodle was a simple out-of-offi_345e61' is visible

07-06-2024T14:09:04 - [TEST_STEP][PASSED] - verifyElementVisible(findTestObject("Object Repository/Page_The Story and Evolution of Doodles - G_6e786d/h2_Weve created more than 5,000 Doodles ove_111429")): Object 'Object Repository/Page_The Story and Evolution of Doodles - G_6e786d/h2_Weve created more than 5,000 Doodles ove_111429' is visible

07-06-2024T14:09:04 - [MESSAGE][PASSED] - Object 'Object Repository/Page_The Story and Evolution of Doodles - G_6e786d/h2_Weve created more than 5,000 Doodles ove_111429' is visible

07-06-2024T14:09:04 - [TEST_STEP][PASSED] - click(findTestObject("Object Repository/Page_The Story and Evolution of Doodles - G_6e786d/p_The first Doodle was a simple out-of-offi_345e61")): Object: 'Object Repository/Page_The Story and Evolution of Doodles - G_6e786d/p_The first Doodle was a simple out-of-offi_345e61' is clicked on

07-06-2024T14:09:04 - [MESSAGE][PASSED] - Object: 'Object Repository/Page_The Story and Evolution of Doodles - G_6e786d/p_The first Doodle was a simple out-of-offi_345e61' is clicked on

07-06-2024T14:09:04 - [TEST_STEP][PASSED] - verifyElementVisible(findTestObject("Object Repository/Page_The Story and Evolution of Doodles - G_6e786d/h1_The story behind Doodles")): Object 'Object Repository/Page_The Story and Evolution of Doodles - G_6e786d/h1_The story behind Doodles' is visible

07-06-2024T14:09:04 - [MESSAGE][PASSED] - Object 'Object Repository/Page_The Story and Evolution of Doodles - G_6e786d/h1_The story behind Doodles' is visible

07-06-2024T14:09:04 - [TEST_STEP][PASSED] - verifyElementVisible(findTestObject("Object Repository/Page_The Story and Evolution of Doodles - G_6e786d/p_The first Doodle was a simple out-of-offi_345e61")): Object 'Object Repository/Page_The Story and Evolution of Doodles - G_6e786d/p_The first Doodle was a simple out-of-offi_345e61' is visible

07-06-2024T14:09:04 - [MESSAGE][PASSED] - Object 'Object Repository/Page_The Story and Evolution of Doodles - G_6e786d/p_The first Doodle was a simple out-of-offi_345e61' is visible

07-06-2024T14:09:04 - [TEST_STEP][PASSED] - verifyElementVisible(findTestObject("Object Repository/Page_The Story and Evolution of Doodles - G_6e786d/h2_Weve created more than 5,000 Doodles ove_111429")): Object 'Object Repository/Page_The Story and Evolution of Doodles - G_6e786d/h2_Weve created more than 5,000 Doodles ove_111429' is visible

07-06-2024T14:09:04 - [MESSAGE][PASSED] - Object 'Object Repository/Page_The Story and Evolution of Doodles - G_6e786d/h2_Weve created more than 5,000 Doodles ove_111429' is visible

07-06-2024T14:09:04 - [TEST_STEP][PASSED] - click(findTestObject("Object Repository/Page_The Story and Evolution of Doodles - G_6e786d/p_The first Doodle was a simple out-of-offi_345e61")): Object: 'Object Repository/Page_The Story and Evolution of Doodles - G_6e786d/p_The first Doodle was a simple out-of-offi_345e61' is clicked on

07-06-2024T14:09:04 - [MESSAGE][PASSED] - Object: 'Object Repository/Page_The Story and Evolution of Doodles - G_6e786d/p_The first Doodle was a simple out-of-offi_345e61' is clicked on

07-06-2024T14:09:04 - [TEST_STEP][PASSED] - verifyElementVisible(findTestObject("Object Repository/Page_The Story and Evolution of Doodles - G_6e786d/h1_The story behind Doodles")): Object 'Object Repository/Page_The Story and Evolution of Doodles - G_6e786d/h1_The story behind Doodles' is visible

07-06-2024T14:09:04 - [MESSAGE][PASSED] - Object 'Object Repository/Page_The Story and Evolution of Doodles - G_6e786d/h1_The story behind Doodles' is visible

07-06-2024T14:09:04 - [TEST_STEP][PASSED] - verifyElementVisible(findTestObject("Object Repository/Page_The Story and Evolution of Doodles - G_6e786d/p_The first Doodle was a simple out-of-offi_345e61")): Object 'Object Repository/Page_The Story and Evolution of Doodles - G_6e786d/p_The first Doodle was a simple out-of-offi_345e61' is visible

07-06-2024T14:09:04 - [MESSAGE][PASSED] - Object 'Object Repository/Page_The Story and Evolution of Doodles - G_6e786d/p_The first Doodle was a simple out-of-offi_345e61' is visible

07-06-2024T14:09:04 - [TEST_STEP][PASSED] - verifyElementVisible(findTestObject("Object Repository/Page_The Story and Evolution of Doodles - G_6e786d/h2_Weve created more than 5,000 Doodles ove_111429")): Object 'Object Repository/Page_The Story and Evolution of Doodles - G_6e786d/h2_Weve created more than 5,000 Doodles ove_111429' is visible

07-06-2024T14:09:04 - [MESSAGE][PASSED] - Object 'Object Repository/Page_The Story and Evolution of Doodles - G_6e786d/h2_Weve created more than 5,000 Doodles ove_111429' is visible

07-06-2024T14:09:04 - [TEST_STEP][PASSED] - click(findTestObject("Object Repository/Page_The Story and Evolution of Doodles - G_6e786d/p_The first Doodle was a simple out-of-offi_345e61")): Object: 'Object Repository/Page_The Story and Evolution of Doodles - G_6e786d/p_The first Doodle was a simple out-of-offi_345e61' is clicked on

07-06-2024T14:09:05 - [MESSAGE][PASSED] - Object: 'Object Repository/Page_The Story and Evolution of Doodles - G_6e786d/p_The first Doodle was a simple out-of-offi_345e61' is clicked on

07-06-2024T14:09:05 - [TEST_STEP][PASSED] - verifyElementVisible(findTestObject("Object Repository/Page_The Story and Evolution of Doodles - G_6e786d/h1_The story behind Doodles")): Object 'Object Repository/Page_The Story and Evolution of Doodles - G_6e786d/h1_The story behind Doodles' is visible

07-06-2024T14:09:05 - [MESSAGE][PASSED] - Object 'Object Repository/Page_The Story and Evolution of Doodles - G_6e786d/h1_The story behind Doodles' is visible

07-06-2024T14:09:05 - [TEST_STEP][PASSED] - verifyElementVisible(findTestObject("Object Repository/Page_The Story and Evolution of Doodles - G_6e786d/p_The first Doodle was a simple out-of-offi_345e61")): Object 'Object Repository/Page_The Story and Evolution of Doodles - G_6e786d/p_The first Doodle was a simple out-of-offi_345e61' is visible

07-06-2024T14:09:05 - [MESSAGE][PASSED] - Object 'Object Repository/Page_The Story and Evolution of Doodles - G_6e786d/p_The first Doodle was a simple out-of-offi_345e61' is visible

07-06-2024T14:09:05 - [TEST_STEP][PASSED] - verifyElementVisible(findTestObject("Object Repository/Page_The Story and Evolution of Doodles - G_6e786d/h2_Weve created more than 5,000 Doodles ove_111429")): Object 'Object Repository/Page_The Story and Evolution of Doodles - G_6e786d/h2_Weve created more than 5,000 Doodles ove_111429' is visible

07-06-2024T14:09:05 - [MESSAGE][PASSED] - Object 'Object Repository/Page_The Story and Evolution of Doodles - G_6e786d/h2_Weve created more than 5,000 Doodles ove_111429' is visible

07-06-2024T14:09:05 - [TEST_STEP][PASSED] - click(findTestObject("Object Repository/Page_The Story and Evolution of Doodles - G_6e786d/p_The first Doodle was a simple out-of-offi_345e61")): Object: 'Object Repository/Page_The Story and Evolution of Doodles - G_6e786d/p_The first Doodle was a simple out-of-offi_345e61' is clicked on

07-06-2024T14:09:05 - [MESSAGE][PASSED] - Object: 'Object Repository/Page_The Story and Evolution of Doodles - G_6e786d/p_The first Doodle was a simple out-of-offi_345e61' is clicked on

07-06-2024T14:09:05 - [TEST_STEP][PASSED] - verifyElementVisible(findTestObject("Object Repository/Page_The Story and Evolution of Doodles - G_6e786d/h1_The story behind Doodles")): Object 'Object Repository/Page_The Story and Evolution of Doodles - G_6e786d/h1_The story behind Doodles' is visible

07-06-2024T14:09:05 - [MESSAGE][PASSED] - Object 'Object Repository/Page_The Story and Evolution of Doodles - G_6e786d/h1_The story behind Doodles' is visible

07-06-2024T14:09:05 - [TEST_STEP][PASSED] - verifyElementVisible(findTestObject("Object Repository/Page_The Story and Evolution of Doodles - G_6e786d/p_The first Doodle was a simple out-of-offi_345e61")): Object 'Object Repository/Page_The Story and Evolution of Doodles - G_6e786d/p_The first Doodle was a simple out-of-offi_345e61' is visible

07-06-2024T14:09:05 - [MESSAGE][PASSED] - Object 'Object Repository/Page_The Story and Evolution of Doodles - G_6e786d/p_The first Doodle was a simple out-of-offi_345e61' is visible

07-06-2024T14:09:05 - [TEST_STEP][PASSED] - verifyElementVisible(findTestObject("Object Repository/Page_The Story and Evolution of Doodles - G_6e786d/h2_Weve created more than 5,000 Doodles ove_111429")): Object 'Object Repository/Page_The Story and Evolution of Doodles - G_6e786d/h2_Weve created more than 5,000 Doodles ove_111429' is visible

07-06-2024T14:09:05 - [MESSAGE][PASSED] - Object 'Object Repository/Page_The Story and Evolution of Doodles - G_6e786d/h2_Weve created more than 5,000 Doodles ove_111429' is visible

07-06-2024T14:09:05 - [TEST_STEP][PASSED] - click(findTestObject("Object Repository/Page_The Story and Evolution of Doodles - G_6e786d/p_The first Doodle was a simple out-of-offi_345e61")): Object: 'Object Repository/Page_The Story and Evolution of Doodles - G_6e786d/p_The first Doodle was a simple out-of-offi_345e61' is clicked on

07-06-2024T14:09:05 - [MESSAGE][PASSED] - Object: 'Object Repository/Page_The Story and Evolution of Doodles - G_6e786d/p_The first Doodle was a simple out-of-offi_345e61' is clicked on

07-06-2024T14:09:05 - [TEST_STEP][PASSED] - verifyElementVisible(findTestObject("Object Repository/Page_The Story and Evolution of Doodles - G_6e786d/h1_The story behind Doodles")): Object 'Object Repository/Page_The Story and Evolution of Doodles - G_6e786d/h1_The story behind Doodles' is visible

07-06-2024T14:09:05 - [MESSAGE][PASSED] - Object 'Object Repository/Page_The Story and Evolution of Doodles - G_6e786d/h1_The story behind Doodles' is visible

07-06-2024T14:09:05 - [TEST_STEP][PASSED] - verifyElementVisible(findTestObject("Object Repository/Page_The Story and Evolution of Doodles - G_6e786d/p_The first Doodle was a simple out-of-offi_345e61")): Object 'Object Repository/Page_The Story and Evolution of Doodles - G_6e786d/p_The first Doodle was a simple out-of-offi_345e61' is visible

07-06-2024T14:09:05 - [MESSAGE][PASSED] - Object 'Object Repository/Page_The Story and Evolution of Doodles - G_6e786d/p_The first Doodle was a simple out-of-offi_345e61' is visible

07-06-2024T14:09:05 - [TEST_STEP][PASSED] - verifyElementVisible(findTestObject("Object Repository/Page_The Story and Evolution of Doodles - G_6e786d/h2_Weve created more than 5,000 Doodles ove_111429")): Object 'Object Repository/Page_The Story and Evolution of Doodles - G_6e786d/h2_Weve created more than 5,000 Doodles ove_111429' is visible

07-06-2024T14:09:05 - [MESSAGE][PASSED] - Object 'Object Repository/Page_The Story and Evolution of Doodles - G_6e786d/h2_Weve created more than 5,000 Doodles ove_111429' is visible

07-06-2024T14:09:05 - [TEST_STEP][PASSED] - click(findTestObject("Object Repository/Page_The Story and Evolution of Doodles - G_6e786d/p_The first Doodle was a simple out-of-offi_345e61")): Object: 'Object Repository/Page_The Story and Evolution of Doodles - G_6e786d/p_The first Doodle was a simple out-of-offi_345e61' is clicked on

07-06-2024T14:09:06 - [MESSAGE][PASSED] - Object: 'Object Repository/Page_The Story and Evolution of Doodles - G_6e786d/p_The first Doodle was a simple out-of-offi_345e61' is clicked on

07-06-2024T14:09:06 - [TEST_STEP][PASSED] - verifyElementVisible(findTestObject("Object Repository/Page_The Story and Evolution of Doodles - G_6e786d/h1_The story behind Doodles")): Object 'Object Repository/Page_The Story and Evolution of Doodles - G_6e786d/h1_The story behind Doodles' is visible

07-06-2024T14:09:06 - [MESSAGE][PASSED] - Object 'Object Repository/Page_The Story and Evolution of Doodles - G_6e786d/h1_The story behind Doodles' is visible

07-06-2024T14:09:06 - [TEST_STEP][PASSED] - verifyElementVisible(findTestObject("Object Repository/Page_The Story and Evolution of Doodles - G_6e786d/p_The first Doodle was a simple out-of-offi_345e61")): Object 'Object Repository/Page_The Story and Evolution of Doodles - G_6e786d/p_The first Doodle was a simple out-of-offi_345e61' is visible

07-06-2024T14:09:06 - [MESSAGE][PASSED] - Object 'Object Repository/Page_The Story and Evolution of Doodles - G_6e786d/p_The first Doodle was a simple out-of-offi_345e61' is visible

07-06-2024T14:09:06 - [TEST_STEP][PASSED] - verifyElementVisible(findTestObject("Object Repository/Page_The Story and Evolution of Doodles - G_6e786d/h2_Weve created more than 5,000 Doodles ove_111429")): Object 'Object Repository/Page_The Story and Evolution of Doodles - G_6e786d/h2_Weve created more than 5,000 Doodles ove_111429' is visible

07-06-2024T14:09:06 - [MESSAGE][PASSED] - Object 'Object Repository/Page_The Story and Evolution of Doodles - G_6e786d/h2_Weve created more than 5,000 Doodles ove_111429' is visible

07-06-2024T14:09:06 - [TEST_STEP][PASSED] - click(findTestObject("Object Repository/Page_The Story and Evolution of Doodles - G_6e786d/p_The first Doodle was a simple out-of-offi_345e61")): Object: 'Object Repository/Page_The Story and Evolution of Doodles - G_6e786d/p_The first Doodle was a simple out-of-offi_345e61' is clicked on

07-06-2024T14:09:06 - [MESSAGE][PASSED] - Object: 'Object Repository/Page_The Story and Evolution of Doodles - G_6e786d/p_The first Doodle was a simple out-of-offi_345e61' is clicked on

07-06-2024T14:09:06 - [TEST_STEP][PASSED] - verifyElementVisible(findTestObject("Object Repository/Page_The Story and Evolution of Doodles - G_6e786d/h1_The story behind Doodles")): Object 'Object Repository/Page_The Story and Evolution of Doodles - G_6e786d/h1_The story behind Doodles' is visible

07-06-2024T14:09:06 - [MESSAGE][PASSED] - Object 'Object Repository/Page_The Story and Evolution of Doodles - G_6e786d/h1_The story behind Doodles' is visible

07-06-2024T14:09:06 - [TEST_STEP][PASSED] - verifyElementVisible(findTestObject("Object Repository/Page_The Story and Evolution of Doodles - G_6e786d/p_The first Doodle was a simple out-of-offi_345e61")): Object 'Object Repository/Page_The Story and Evolution of Doodles - G_6e786d/p_The first Doodle was a simple out-of-offi_345e61' is visible

07-06-2024T14:09:06 - [MESSAGE][PASSED] - Object 'Object Repository/Page_The Story and Evolution of Doodles - G_6e786d/p_The first Doodle was a simple out-of-offi_345e61' is visible

07-06-2024T14:09:06 - [TEST_STEP][PASSED] - verifyElementVisible(findTestObject("Object Repository/Page_The Story and Evolution of Doodles - G_6e786d/h2_Weve created more than 5,000 Doodles ove_111429")): Object 'Object Repository/Page_The Story and Evolution of Doodles - G_6e786d/h2_Weve created more than 5,000 Doodles ove_111429' is visible

07-06-2024T14:09:06 - [MESSAGE][PASSED] - Object 'Object Repository/Page_The Story and Evolution of Doodles - G_6e786d/h2_Weve created more than 5,000 Doodles ove_111429' is visible]]></system-out>
         <system-err><![CDATA[]]></system-err>
      </testcase>
      <testcase name="Test Cases/test case folder 1/tc1 - Copy (4) - Copy (5)" time="8.538" classname="Test Cases/test case folder 1/tc1 - Copy (4) - Copy (5)" status="PASSED">
         <system-out><![CDATA[07-06-2024T14:09:06 - [TEST_CASE][PASSED] - Test Cases/test case folder 1/tc1 - Copy (4) - Copy (5): Test Cases/test case folder 1/tc1 - Copy (4) - Copy (5)

07-06-2024T14:09:06 - [TEST_STEP][PASSED] - openBrowser(""): Browser is opened with url: ''

07-06-2024T14:09:06 - [MESSAGE][WARNING] - A browser is already opened. Closing browser and opening a new one

07-06-2024T14:09:07 - [MESSAGE][INFO] - Starting 'Firefox (headless)' driver

07-06-2024T14:09:07 - [MESSAGE][INFO] - Action delay is set to 0 milliseconds

07-06-2024T14:09:09 - [MESSAGE][PASSED] - Browser is opened with url: ''

07-06-2024T14:09:09 - [TEST_STEP][PASSED] - navigateToUrl("https://doodles.google/about/"): Navigate to 'https://doodles.google/about/' successfully

07-06-2024T14:09:11 - [MESSAGE][PASSED] - Navigate to 'https://doodles.google/about/' successfully

07-06-2024T14:09:11 - [TEST_STEP][PASSED] - click(findTestObject("Object Repository/Page_The Story and Evolution of Doodles - G_6e786d/p_The first Doodle was a simple out-of-offi_345e61")): Object: 'Object Repository/Page_The Story and Evolution of Doodles - G_6e786d/p_The first Doodle was a simple out-of-offi_345e61' is clicked on

07-06-2024T14:09:11 - [MESSAGE][PASSED] - Object: 'Object Repository/Page_The Story and Evolution of Doodles - G_6e786d/p_The first Doodle was a simple out-of-offi_345e61' is clicked on

07-06-2024T14:09:11 - [TEST_STEP][PASSED] - click(findTestObject("Object Repository/Page_The Story and Evolution of Doodles - G_6e786d/p_The first Doodle was a simple out-of-offi_345e61")): Object: 'Object Repository/Page_The Story and Evolution of Doodles - G_6e786d/p_The first Doodle was a simple out-of-offi_345e61' is clicked on

07-06-2024T14:09:11 - [MESSAGE][PASSED] - Object: 'Object Repository/Page_The Story and Evolution of Doodles - G_6e786d/p_The first Doodle was a simple out-of-offi_345e61' is clicked on

07-06-2024T14:09:11 - [TEST_STEP][PASSED] - verifyElementVisible(findTestObject("Object Repository/Page_The Story and Evolution of Doodles - G_6e786d/h1_The story behind Doodles")): Object 'Object Repository/Page_The Story and Evolution of Doodles - G_6e786d/h1_The story behind Doodles' is visible

07-06-2024T14:09:12 - [MESSAGE][PASSED] - Object 'Object Repository/Page_The Story and Evolution of Doodles - G_6e786d/h1_The story behind Doodles' is visible

07-06-2024T14:09:12 - [TEST_STEP][PASSED] - verifyElementVisible(findTestObject("Object Repository/Page_The Story and Evolution of Doodles - G_6e786d/p_The first Doodle was a simple out-of-offi_345e61")): Object 'Object Repository/Page_The Story and Evolution of Doodles - G_6e786d/p_The first Doodle was a simple out-of-offi_345e61' is visible

07-06-2024T14:09:12 - [MESSAGE][PASSED] - Object 'Object Repository/Page_The Story and Evolution of Doodles - G_6e786d/p_The first Doodle was a simple out-of-offi_345e61' is visible

07-06-2024T14:09:12 - [TEST_STEP][PASSED] - verifyElementVisible(findTestObject("Object Repository/Page_The Story and Evolution of Doodles - G_6e786d/h2_Weve created more than 5,000 Doodles ove_111429")): Object 'Object Repository/Page_The Story and Evolution of Doodles - G_6e786d/h2_Weve created more than 5,000 Doodles ove_111429' is visible

07-06-2024T14:09:12 - [MESSAGE][PASSED] - Object 'Object Repository/Page_The Story and Evolution of Doodles - G_6e786d/h2_Weve created more than 5,000 Doodles ove_111429' is visible

07-06-2024T14:09:12 - [TEST_STEP][PASSED] - verifyElementVisible(findTestObject("Object Repository/Page_The Story and Evolution of Doodles - G_6e786d/h1_The story behind Doodles")): Object 'Object Repository/Page_The Story and Evolution of Doodles - G_6e786d/h1_The story behind Doodles' is visible

07-06-2024T14:09:12 - [MESSAGE][PASSED] - Object 'Object Repository/Page_The Story and Evolution of Doodles - G_6e786d/h1_The story behind Doodles' is visible

07-06-2024T14:09:12 - [TEST_STEP][PASSED] - verifyElementVisible(findTestObject("Object Repository/Page_The Story and Evolution of Doodles - G_6e786d/p_The first Doodle was a simple out-of-offi_345e61")): Object 'Object Repository/Page_The Story and Evolution of Doodles - G_6e786d/p_The first Doodle was a simple out-of-offi_345e61' is visible

07-06-2024T14:09:12 - [MESSAGE][PASSED] - Object 'Object Repository/Page_The Story and Evolution of Doodles - G_6e786d/p_The first Doodle was a simple out-of-offi_345e61' is visible

07-06-2024T14:09:12 - [TEST_STEP][PASSED] - verifyElementVisible(findTestObject("Object Repository/Page_The Story and Evolution of Doodles - G_6e786d/h2_Weve created more than 5,000 Doodles ove_111429")): Object 'Object Repository/Page_The Story and Evolution of Doodles - G_6e786d/h2_Weve created more than 5,000 Doodles ove_111429' is visible

07-06-2024T14:09:12 - [MESSAGE][PASSED] - Object 'Object Repository/Page_The Story and Evolution of Doodles - G_6e786d/h2_Weve created more than 5,000 Doodles ove_111429' is visible

07-06-2024T14:09:12 - [TEST_STEP][PASSED] - click(findTestObject("Object Repository/Page_The Story and Evolution of Doodles - G_6e786d/p_The first Doodle was a simple out-of-offi_345e61")): Object: 'Object Repository/Page_The Story and Evolution of Doodles - G_6e786d/p_The first Doodle was a simple out-of-offi_345e61' is clicked on

07-06-2024T14:09:12 - [MESSAGE][PASSED] - Object: 'Object Repository/Page_The Story and Evolution of Doodles - G_6e786d/p_The first Doodle was a simple out-of-offi_345e61' is clicked on

07-06-2024T14:09:12 - [TEST_STEP][PASSED] - verifyElementVisible(findTestObject("Object Repository/Page_The Story and Evolution of Doodles - G_6e786d/h1_The story behind Doodles")): Object 'Object Repository/Page_The Story and Evolution of Doodles - G_6e786d/h1_The story behind Doodles' is visible

07-06-2024T14:09:12 - [MESSAGE][PASSED] - Object 'Object Repository/Page_The Story and Evolution of Doodles - G_6e786d/h1_The story behind Doodles' is visible

07-06-2024T14:09:12 - [TEST_STEP][PASSED] - verifyElementVisible(findTestObject("Object Repository/Page_The Story and Evolution of Doodles - G_6e786d/p_The first Doodle was a simple out-of-offi_345e61")): Object 'Object Repository/Page_The Story and Evolution of Doodles - G_6e786d/p_The first Doodle was a simple out-of-offi_345e61' is visible

07-06-2024T14:09:12 - [MESSAGE][PASSED] - Object 'Object Repository/Page_The Story and Evolution of Doodles - G_6e786d/p_The first Doodle was a simple out-of-offi_345e61' is visible

07-06-2024T14:09:12 - [TEST_STEP][PASSED] - verifyElementVisible(findTestObject("Object Repository/Page_The Story and Evolution of Doodles - G_6e786d/h2_Weve created more than 5,000 Doodles ove_111429")): Object 'Object Repository/Page_The Story and Evolution of Doodles - G_6e786d/h2_Weve created more than 5,000 Doodles ove_111429' is visible

07-06-2024T14:09:12 - [MESSAGE][PASSED] - Object 'Object Repository/Page_The Story and Evolution of Doodles - G_6e786d/h2_Weve created more than 5,000 Doodles ove_111429' is visible

07-06-2024T14:09:12 - [TEST_STEP][PASSED] - click(findTestObject("Object Repository/Page_The Story and Evolution of Doodles - G_6e786d/p_The first Doodle was a simple out-of-offi_345e61")): Object: 'Object Repository/Page_The Story and Evolution of Doodles - G_6e786d/p_The first Doodle was a simple out-of-offi_345e61' is clicked on

07-06-2024T14:09:12 - [MESSAGE][PASSED] - Object: 'Object Repository/Page_The Story and Evolution of Doodles - G_6e786d/p_The first Doodle was a simple out-of-offi_345e61' is clicked on

07-06-2024T14:09:12 - [TEST_STEP][PASSED] - verifyElementVisible(findTestObject("Object Repository/Page_The Story and Evolution of Doodles - G_6e786d/h1_The story behind Doodles")): Object 'Object Repository/Page_The Story and Evolution of Doodles - G_6e786d/h1_The story behind Doodles' is visible

07-06-2024T14:09:12 - [MESSAGE][PASSED] - Object 'Object Repository/Page_The Story and Evolution of Doodles - G_6e786d/h1_The story behind Doodles' is visible

07-06-2024T14:09:12 - [TEST_STEP][PASSED] - verifyElementVisible(findTestObject("Object Repository/Page_The Story and Evolution of Doodles - G_6e786d/p_The first Doodle was a simple out-of-offi_345e61")): Object 'Object Repository/Page_The Story and Evolution of Doodles - G_6e786d/p_The first Doodle was a simple out-of-offi_345e61' is visible

07-06-2024T14:09:12 - [MESSAGE][PASSED] - Object 'Object Repository/Page_The Story and Evolution of Doodles - G_6e786d/p_The first Doodle was a simple out-of-offi_345e61' is visible

07-06-2024T14:09:12 - [TEST_STEP][PASSED] - verifyElementVisible(findTestObject("Object Repository/Page_The Story and Evolution of Doodles - G_6e786d/h2_Weve created more than 5,000 Doodles ove_111429")): Object 'Object Repository/Page_The Story and Evolution of Doodles - G_6e786d/h2_Weve created more than 5,000 Doodles ove_111429' is visible

07-06-2024T14:09:12 - [MESSAGE][PASSED] - Object 'Object Repository/Page_The Story and Evolution of Doodles - G_6e786d/h2_Weve created more than 5,000 Doodles ove_111429' is visible

07-06-2024T14:09:12 - [TEST_STEP][PASSED] - click(findTestObject("Object Repository/Page_The Story and Evolution of Doodles - G_6e786d/p_The first Doodle was a simple out-of-offi_345e61")): Object: 'Object Repository/Page_The Story and Evolution of Doodles - G_6e786d/p_The first Doodle was a simple out-of-offi_345e61' is clicked on

07-06-2024T14:09:13 - [MESSAGE][PASSED] - Object: 'Object Repository/Page_The Story and Evolution of Doodles - G_6e786d/p_The first Doodle was a simple out-of-offi_345e61' is clicked on

07-06-2024T14:09:13 - [TEST_STEP][PASSED] - verifyElementVisible(findTestObject("Object Repository/Page_The Story and Evolution of Doodles - G_6e786d/h1_The story behind Doodles")): Object 'Object Repository/Page_The Story and Evolution of Doodles - G_6e786d/h1_The story behind Doodles' is visible

07-06-2024T14:09:13 - [MESSAGE][PASSED] - Object 'Object Repository/Page_The Story and Evolution of Doodles - G_6e786d/h1_The story behind Doodles' is visible

07-06-2024T14:09:13 - [TEST_STEP][PASSED] - verifyElementVisible(findTestObject("Object Repository/Page_The Story and Evolution of Doodles - G_6e786d/p_The first Doodle was a simple out-of-offi_345e61")): Object 'Object Repository/Page_The Story and Evolution of Doodles - G_6e786d/p_The first Doodle was a simple out-of-offi_345e61' is visible

07-06-2024T14:09:13 - [MESSAGE][PASSED] - Object 'Object Repository/Page_The Story and Evolution of Doodles - G_6e786d/p_The first Doodle was a simple out-of-offi_345e61' is visible

07-06-2024T14:09:13 - [TEST_STEP][PASSED] - verifyElementVisible(findTestObject("Object Repository/Page_The Story and Evolution of Doodles - G_6e786d/h2_Weve created more than 5,000 Doodles ove_111429")): Object 'Object Repository/Page_The Story and Evolution of Doodles - G_6e786d/h2_Weve created more than 5,000 Doodles ove_111429' is visible

07-06-2024T14:09:13 - [MESSAGE][PASSED] - Object 'Object Repository/Page_The Story and Evolution of Doodles - G_6e786d/h2_Weve created more than 5,000 Doodles ove_111429' is visible

07-06-2024T14:09:13 - [TEST_STEP][PASSED] - click(findTestObject("Object Repository/Page_The Story and Evolution of Doodles - G_6e786d/p_The first Doodle was a simple out-of-offi_345e61")): Object: 'Object Repository/Page_The Story and Evolution of Doodles - G_6e786d/p_The first Doodle was a simple out-of-offi_345e61' is clicked on

07-06-2024T14:09:13 - [MESSAGE][PASSED] - Object: 'Object Repository/Page_The Story and Evolution of Doodles - G_6e786d/p_The first Doodle was a simple out-of-offi_345e61' is clicked on

07-06-2024T14:09:13 - [TEST_STEP][PASSED] - verifyElementVisible(findTestObject("Object Repository/Page_The Story and Evolution of Doodles - G_6e786d/h1_The story behind Doodles")): Object 'Object Repository/Page_The Story and Evolution of Doodles - G_6e786d/h1_The story behind Doodles' is visible

07-06-2024T14:09:13 - [MESSAGE][PASSED] - Object 'Object Repository/Page_The Story and Evolution of Doodles - G_6e786d/h1_The story behind Doodles' is visible

07-06-2024T14:09:13 - [TEST_STEP][PASSED] - verifyElementVisible(findTestObject("Object Repository/Page_The Story and Evolution of Doodles - G_6e786d/p_The first Doodle was a simple out-of-offi_345e61")): Object 'Object Repository/Page_The Story and Evolution of Doodles - G_6e786d/p_The first Doodle was a simple out-of-offi_345e61' is visible

07-06-2024T14:09:13 - [MESSAGE][PASSED] - Object 'Object Repository/Page_The Story and Evolution of Doodles - G_6e786d/p_The first Doodle was a simple out-of-offi_345e61' is visible

07-06-2024T14:09:13 - [TEST_STEP][PASSED] - verifyElementVisible(findTestObject("Object Repository/Page_The Story and Evolution of Doodles - G_6e786d/h2_Weve created more than 5,000 Doodles ove_111429")): Object 'Object Repository/Page_The Story and Evolution of Doodles - G_6e786d/h2_Weve created more than 5,000 Doodles ove_111429' is visible

07-06-2024T14:09:13 - [MESSAGE][PASSED] - Object 'Object Repository/Page_The Story and Evolution of Doodles - G_6e786d/h2_Weve created more than 5,000 Doodles ove_111429' is visible

07-06-2024T14:09:13 - [TEST_STEP][PASSED] - click(findTestObject("Object Repository/Page_The Story and Evolution of Doodles - G_6e786d/p_The first Doodle was a simple out-of-offi_345e61")): Object: 'Object Repository/Page_The Story and Evolution of Doodles - G_6e786d/p_The first Doodle was a simple out-of-offi_345e61' is clicked on

07-06-2024T14:09:13 - [MESSAGE][PASSED] - Object: 'Object Repository/Page_The Story and Evolution of Doodles - G_6e786d/p_The first Doodle was a simple out-of-offi_345e61' is clicked on

07-06-2024T14:09:13 - [TEST_STEP][PASSED] - verifyElementVisible(findTestObject("Object Repository/Page_The Story and Evolution of Doodles - G_6e786d/h1_The story behind Doodles")): Object 'Object Repository/Page_The Story and Evolution of Doodles - G_6e786d/h1_The story behind Doodles' is visible

07-06-2024T14:09:13 - [MESSAGE][PASSED] - Object 'Object Repository/Page_The Story and Evolution of Doodles - G_6e786d/h1_The story behind Doodles' is visible

07-06-2024T14:09:13 - [TEST_STEP][PASSED] - verifyElementVisible(findTestObject("Object Repository/Page_The Story and Evolution of Doodles - G_6e786d/p_The first Doodle was a simple out-of-offi_345e61")): Object 'Object Repository/Page_The Story and Evolution of Doodles - G_6e786d/p_The first Doodle was a simple out-of-offi_345e61' is visible

07-06-2024T14:09:13 - [MESSAGE][PASSED] - Object 'Object Repository/Page_The Story and Evolution of Doodles - G_6e786d/p_The first Doodle was a simple out-of-offi_345e61' is visible

07-06-2024T14:09:13 - [TEST_STEP][PASSED] - verifyElementVisible(findTestObject("Object Repository/Page_The Story and Evolution of Doodles - G_6e786d/h2_Weve created more than 5,000 Doodles ove_111429")): Object 'Object Repository/Page_The Story and Evolution of Doodles - G_6e786d/h2_Weve created more than 5,000 Doodles ove_111429' is visible

07-06-2024T14:09:13 - [MESSAGE][PASSED] - Object 'Object Repository/Page_The Story and Evolution of Doodles - G_6e786d/h2_Weve created more than 5,000 Doodles ove_111429' is visible

07-06-2024T14:09:13 - [TEST_STEP][PASSED] - click(findTestObject("Object Repository/Page_The Story and Evolution of Doodles - G_6e786d/p_The first Doodle was a simple out-of-offi_345e61")): Object: 'Object Repository/Page_The Story and Evolution of Doodles - G_6e786d/p_The first Doodle was a simple out-of-offi_345e61' is clicked on

07-06-2024T14:09:14 - [MESSAGE][PASSED] - Object: 'Object Repository/Page_The Story and Evolution of Doodles - G_6e786d/p_The first Doodle was a simple out-of-offi_345e61' is clicked on

07-06-2024T14:09:14 - [TEST_STEP][PASSED] - verifyElementVisible(findTestObject("Object Repository/Page_The Story and Evolution of Doodles - G_6e786d/h1_The story behind Doodles")): Object 'Object Repository/Page_The Story and Evolution of Doodles - G_6e786d/h1_The story behind Doodles' is visible

07-06-2024T14:09:14 - [MESSAGE][PASSED] - Object 'Object Repository/Page_The Story and Evolution of Doodles - G_6e786d/h1_The story behind Doodles' is visible

07-06-2024T14:09:14 - [TEST_STEP][PASSED] - verifyElementVisible(findTestObject("Object Repository/Page_The Story and Evolution of Doodles - G_6e786d/p_The first Doodle was a simple out-of-offi_345e61")): Object 'Object Repository/Page_The Story and Evolution of Doodles - G_6e786d/p_The first Doodle was a simple out-of-offi_345e61' is visible

07-06-2024T14:09:14 - [MESSAGE][PASSED] - Object 'Object Repository/Page_The Story and Evolution of Doodles - G_6e786d/p_The first Doodle was a simple out-of-offi_345e61' is visible

07-06-2024T14:09:14 - [TEST_STEP][PASSED] - verifyElementVisible(findTestObject("Object Repository/Page_The Story and Evolution of Doodles - G_6e786d/h2_Weve created more than 5,000 Doodles ove_111429")): Object 'Object Repository/Page_The Story and Evolution of Doodles - G_6e786d/h2_Weve created more than 5,000 Doodles ove_111429' is visible

07-06-2024T14:09:14 - [MESSAGE][PASSED] - Object 'Object Repository/Page_The Story and Evolution of Doodles - G_6e786d/h2_Weve created more than 5,000 Doodles ove_111429' is visible

07-06-2024T14:09:14 - [TEST_STEP][PASSED] - click(findTestObject("Object Repository/Page_The Story and Evolution of Doodles - G_6e786d/p_The first Doodle was a simple out-of-offi_345e61")): Object: 'Object Repository/Page_The Story and Evolution of Doodles - G_6e786d/p_The first Doodle was a simple out-of-offi_345e61' is clicked on

07-06-2024T14:09:14 - [MESSAGE][PASSED] - Object: 'Object Repository/Page_The Story and Evolution of Doodles - G_6e786d/p_The first Doodle was a simple out-of-offi_345e61' is clicked on

07-06-2024T14:09:14 - [TEST_STEP][PASSED] - verifyElementVisible(findTestObject("Object Repository/Page_The Story and Evolution of Doodles - G_6e786d/h1_The story behind Doodles")): Object 'Object Repository/Page_The Story and Evolution of Doodles - G_6e786d/h1_The story behind Doodles' is visible

07-06-2024T14:09:14 - [MESSAGE][PASSED] - Object 'Object Repository/Page_The Story and Evolution of Doodles - G_6e786d/h1_The story behind Doodles' is visible

07-06-2024T14:09:14 - [TEST_STEP][PASSED] - verifyElementVisible(findTestObject("Object Repository/Page_The Story and Evolution of Doodles - G_6e786d/p_The first Doodle was a simple out-of-offi_345e61")): Object 'Object Repository/Page_The Story and Evolution of Doodles - G_6e786d/p_The first Doodle was a simple out-of-offi_345e61' is visible

07-06-2024T14:09:14 - [MESSAGE][PASSED] - Object 'Object Repository/Page_The Story and Evolution of Doodles - G_6e786d/p_The first Doodle was a simple out-of-offi_345e61' is visible

07-06-2024T14:09:14 - [TEST_STEP][PASSED] - verifyElementVisible(findTestObject("Object Repository/Page_The Story and Evolution of Doodles - G_6e786d/h2_Weve created more than 5,000 Doodles ove_111429")): Object 'Object Repository/Page_The Story and Evolution of Doodles - G_6e786d/h2_Weve created more than 5,000 Doodles ove_111429' is visible

07-06-2024T14:09:14 - [MESSAGE][PASSED] - Object 'Object Repository/Page_The Story and Evolution of Doodles - G_6e786d/h2_Weve created more than 5,000 Doodles ove_111429' is visible

07-06-2024T14:09:14 - [TEST_STEP][PASSED] - click(findTestObject("Object Repository/Page_The Story and Evolution of Doodles - G_6e786d/p_The first Doodle was a simple out-of-offi_345e61")): Object: 'Object Repository/Page_The Story and Evolution of Doodles - G_6e786d/p_The first Doodle was a simple out-of-offi_345e61' is clicked on

07-06-2024T14:09:14 - [MESSAGE][PASSED] - Object: 'Object Repository/Page_The Story and Evolution of Doodles - G_6e786d/p_The first Doodle was a simple out-of-offi_345e61' is clicked on

07-06-2024T14:09:14 - [TEST_STEP][PASSED] - verifyElementVisible(findTestObject("Object Repository/Page_The Story and Evolution of Doodles - G_6e786d/h1_The story behind Doodles")): Object 'Object Repository/Page_The Story and Evolution of Doodles - G_6e786d/h1_The story behind Doodles' is visible

07-06-2024T14:09:14 - [MESSAGE][PASSED] - Object 'Object Repository/Page_The Story and Evolution of Doodles - G_6e786d/h1_The story behind Doodles' is visible

07-06-2024T14:09:14 - [TEST_STEP][PASSED] - verifyElementVisible(findTestObject("Object Repository/Page_The Story and Evolution of Doodles - G_6e786d/p_The first Doodle was a simple out-of-offi_345e61")): Object 'Object Repository/Page_The Story and Evolution of Doodles - G_6e786d/p_The first Doodle was a simple out-of-offi_345e61' is visible

07-06-2024T14:09:14 - [MESSAGE][PASSED] - Object 'Object Repository/Page_The Story and Evolution of Doodles - G_6e786d/p_The first Doodle was a simple out-of-offi_345e61' is visible

07-06-2024T14:09:14 - [TEST_STEP][PASSED] - verifyElementVisible(findTestObject("Object Repository/Page_The Story and Evolution of Doodles - G_6e786d/h2_Weve created more than 5,000 Doodles ove_111429")): Object 'Object Repository/Page_The Story and Evolution of Doodles - G_6e786d/h2_Weve created more than 5,000 Doodles ove_111429' is visible

07-06-2024T14:09:14 - [MESSAGE][PASSED] - Object 'Object Repository/Page_The Story and Evolution of Doodles - G_6e786d/h2_Weve created more than 5,000 Doodles ove_111429' is visible

07-06-2024T14:09:14 - [TEST_STEP][PASSED] - click(findTestObject("Object Repository/Page_The Story and Evolution of Doodles - G_6e786d/p_The first Doodle was a simple out-of-offi_345e61")): Object: 'Object Repository/Page_The Story and Evolution of Doodles - G_6e786d/p_The first Doodle was a simple out-of-offi_345e61' is clicked on

07-06-2024T14:09:14 - [MESSAGE][PASSED] - Object: 'Object Repository/Page_The Story and Evolution of Doodles - G_6e786d/p_The first Doodle was a simple out-of-offi_345e61' is clicked on

07-06-2024T14:09:14 - [TEST_STEP][PASSED] - verifyElementVisible(findTestObject("Object Repository/Page_The Story and Evolution of Doodles - G_6e786d/h1_The story behind Doodles")): Object 'Object Repository/Page_The Story and Evolution of Doodles - G_6e786d/h1_The story behind Doodles' is visible

07-06-2024T14:09:15 - [MESSAGE][PASSED] - Object 'Object Repository/Page_The Story and Evolution of Doodles - G_6e786d/h1_The story behind Doodles' is visible

07-06-2024T14:09:15 - [TEST_STEP][PASSED] - verifyElementVisible(findTestObject("Object Repository/Page_The Story and Evolution of Doodles - G_6e786d/p_The first Doodle was a simple out-of-offi_345e61")): Object 'Object Repository/Page_The Story and Evolution of Doodles - G_6e786d/p_The first Doodle was a simple out-of-offi_345e61' is visible

07-06-2024T14:09:15 - [MESSAGE][PASSED] - Object 'Object Repository/Page_The Story and Evolution of Doodles - G_6e786d/p_The first Doodle was a simple out-of-offi_345e61' is visible

07-06-2024T14:09:15 - [TEST_STEP][PASSED] - verifyElementVisible(findTestObject("Object Repository/Page_The Story and Evolution of Doodles - G_6e786d/h2_Weve created more than 5,000 Doodles ove_111429")): Object 'Object Repository/Page_The Story and Evolution of Doodles - G_6e786d/h2_Weve created more than 5,000 Doodles ove_111429' is visible

07-06-2024T14:09:15 - [MESSAGE][PASSED] - Object 'Object Repository/Page_The Story and Evolution of Doodles - G_6e786d/h2_Weve created more than 5,000 Doodles ove_111429' is visible]]></system-out>
         <system-err><![CDATA[]]></system-err>
      </testcase>
      <testcase name="Test Cases/test case folder 1/tc1 - Copy (4) - Copy (6)" time="8.186" classname="Test Cases/test case folder 1/tc1 - Copy (4) - Copy (6)" status="PASSED">
         <system-out><![CDATA[07-06-2024T14:09:15 - [TEST_CASE][PASSED] - Test Cases/test case folder 1/tc1 - Copy (4) - Copy (6): Test Cases/test case folder 1/tc1 - Copy (4) - Copy (6)

07-06-2024T14:09:15 - [TEST_STEP][PASSED] - openBrowser(""): Browser is opened with url: ''

07-06-2024T14:09:15 - [MESSAGE][WARNING] - A browser is already opened. Closing browser and opening a new one

07-06-2024T14:09:16 - [MESSAGE][INFO] - Starting 'Firefox (headless)' driver

07-06-2024T14:09:16 - [MESSAGE][INFO] - Action delay is set to 0 milliseconds

07-06-2024T14:09:18 - [MESSAGE][PASSED] - Browser is opened with url: ''

07-06-2024T14:09:18 - [TEST_STEP][PASSED] - navigateToUrl("https://doodles.google/about/"): Navigate to 'https://doodles.google/about/' successfully

07-06-2024T14:09:19 - [MESSAGE][PASSED] - Navigate to 'https://doodles.google/about/' successfully

07-06-2024T14:09:19 - [TEST_STEP][PASSED] - click(findTestObject("Object Repository/Page_The Story and Evolution of Doodles - G_6e786d/p_The first Doodle was a simple out-of-offi_345e61")): Object: 'Object Repository/Page_The Story and Evolution of Doodles - G_6e786d/p_The first Doodle was a simple out-of-offi_345e61' is clicked on

07-06-2024T14:09:19 - [MESSAGE][PASSED] - Object: 'Object Repository/Page_The Story and Evolution of Doodles - G_6e786d/p_The first Doodle was a simple out-of-offi_345e61' is clicked on

07-06-2024T14:09:19 - [TEST_STEP][PASSED] - click(findTestObject("Object Repository/Page_The Story and Evolution of Doodles - G_6e786d/p_The first Doodle was a simple out-of-offi_345e61")): Object: 'Object Repository/Page_The Story and Evolution of Doodles - G_6e786d/p_The first Doodle was a simple out-of-offi_345e61' is clicked on

07-06-2024T14:09:20 - [MESSAGE][PASSED] - Object: 'Object Repository/Page_The Story and Evolution of Doodles - G_6e786d/p_The first Doodle was a simple out-of-offi_345e61' is clicked on

07-06-2024T14:09:20 - [TEST_STEP][PASSED] - verifyElementVisible(findTestObject("Object Repository/Page_The Story and Evolution of Doodles - G_6e786d/h1_The story behind Doodles")): Object 'Object Repository/Page_The Story and Evolution of Doodles - G_6e786d/h1_The story behind Doodles' is visible

07-06-2024T14:09:20 - [MESSAGE][PASSED] - Object 'Object Repository/Page_The Story and Evolution of Doodles - G_6e786d/h1_The story behind Doodles' is visible

07-06-2024T14:09:20 - [TEST_STEP][PASSED] - verifyElementVisible(findTestObject("Object Repository/Page_The Story and Evolution of Doodles - G_6e786d/p_The first Doodle was a simple out-of-offi_345e61")): Object 'Object Repository/Page_The Story and Evolution of Doodles - G_6e786d/p_The first Doodle was a simple out-of-offi_345e61' is visible

07-06-2024T14:09:20 - [MESSAGE][PASSED] - Object 'Object Repository/Page_The Story and Evolution of Doodles - G_6e786d/p_The first Doodle was a simple out-of-offi_345e61' is visible

07-06-2024T14:09:20 - [TEST_STEP][PASSED] - verifyElementVisible(findTestObject("Object Repository/Page_The Story and Evolution of Doodles - G_6e786d/h2_Weve created more than 5,000 Doodles ove_111429")): Object 'Object Repository/Page_The Story and Evolution of Doodles - G_6e786d/h2_Weve created more than 5,000 Doodles ove_111429' is visible

07-06-2024T14:09:20 - [MESSAGE][PASSED] - Object 'Object Repository/Page_The Story and Evolution of Doodles - G_6e786d/h2_Weve created more than 5,000 Doodles ove_111429' is visible

07-06-2024T14:09:20 - [TEST_STEP][PASSED] - verifyElementVisible(findTestObject("Object Repository/Page_The Story and Evolution of Doodles - G_6e786d/h1_The story behind Doodles")): Object 'Object Repository/Page_The Story and Evolution of Doodles - G_6e786d/h1_The story behind Doodles' is visible

07-06-2024T14:09:20 - [MESSAGE][PASSED] - Object 'Object Repository/Page_The Story and Evolution of Doodles - G_6e786d/h1_The story behind Doodles' is visible

07-06-2024T14:09:20 - [TEST_STEP][PASSED] - verifyElementVisible(findTestObject("Object Repository/Page_The Story and Evolution of Doodles - G_6e786d/p_The first Doodle was a simple out-of-offi_345e61")): Object 'Object Repository/Page_The Story and Evolution of Doodles - G_6e786d/p_The first Doodle was a simple out-of-offi_345e61' is visible

07-06-2024T14:09:20 - [MESSAGE][PASSED] - Object 'Object Repository/Page_The Story and Evolution of Doodles - G_6e786d/p_The first Doodle was a simple out-of-offi_345e61' is visible

07-06-2024T14:09:20 - [TEST_STEP][PASSED] - verifyElementVisible(findTestObject("Object Repository/Page_The Story and Evolution of Doodles - G_6e786d/h2_Weve created more than 5,000 Doodles ove_111429")): Object 'Object Repository/Page_The Story and Evolution of Doodles - G_6e786d/h2_Weve created more than 5,000 Doodles ove_111429' is visible

07-06-2024T14:09:20 - [MESSAGE][PASSED] - Object 'Object Repository/Page_The Story and Evolution of Doodles - G_6e786d/h2_Weve created more than 5,000 Doodles ove_111429' is visible

07-06-2024T14:09:20 - [TEST_STEP][PASSED] - click(findTestObject("Object Repository/Page_The Story and Evolution of Doodles - G_6e786d/p_The first Doodle was a simple out-of-offi_345e61")): Object: 'Object Repository/Page_The Story and Evolution of Doodles - G_6e786d/p_The first Doodle was a simple out-of-offi_345e61' is clicked on

07-06-2024T14:09:20 - [MESSAGE][PASSED] - Object: 'Object Repository/Page_The Story and Evolution of Doodles - G_6e786d/p_The first Doodle was a simple out-of-offi_345e61' is clicked on

07-06-2024T14:09:20 - [TEST_STEP][PASSED] - verifyElementVisible(findTestObject("Object Repository/Page_The Story and Evolution of Doodles - G_6e786d/h1_The story behind Doodles")): Object 'Object Repository/Page_The Story and Evolution of Doodles - G_6e786d/h1_The story behind Doodles' is visible

07-06-2024T14:09:20 - [MESSAGE][PASSED] - Object 'Object Repository/Page_The Story and Evolution of Doodles - G_6e786d/h1_The story behind Doodles' is visible

07-06-2024T14:09:20 - [TEST_STEP][PASSED] - verifyElementVisible(findTestObject("Object Repository/Page_The Story and Evolution of Doodles - G_6e786d/p_The first Doodle was a simple out-of-offi_345e61")): Object 'Object Repository/Page_The Story and Evolution of Doodles - G_6e786d/p_The first Doodle was a simple out-of-offi_345e61' is visible

07-06-2024T14:09:20 - [MESSAGE][PASSED] - Object 'Object Repository/Page_The Story and Evolution of Doodles - G_6e786d/p_The first Doodle was a simple out-of-offi_345e61' is visible

07-06-2024T14:09:20 - [TEST_STEP][PASSED] - verifyElementVisible(findTestObject("Object Repository/Page_The Story and Evolution of Doodles - G_6e786d/h2_Weve created more than 5,000 Doodles ove_111429")): Object 'Object Repository/Page_The Story and Evolution of Doodles - G_6e786d/h2_Weve created more than 5,000 Doodles ove_111429' is visible

07-06-2024T14:09:20 - [MESSAGE][PASSED] - Object 'Object Repository/Page_The Story and Evolution of Doodles - G_6e786d/h2_Weve created more than 5,000 Doodles ove_111429' is visible

07-06-2024T14:09:20 - [TEST_STEP][PASSED] - click(findTestObject("Object Repository/Page_The Story and Evolution of Doodles - G_6e786d/p_The first Doodle was a simple out-of-offi_345e61")): Object: 'Object Repository/Page_The Story and Evolution of Doodles - G_6e786d/p_The first Doodle was a simple out-of-offi_345e61' is clicked on

07-06-2024T14:09:20 - [MESSAGE][PASSED] - Object: 'Object Repository/Page_The Story and Evolution of Doodles - G_6e786d/p_The first Doodle was a simple out-of-offi_345e61' is clicked on

07-06-2024T14:09:20 - [TEST_STEP][PASSED] - verifyElementVisible(findTestObject("Object Repository/Page_The Story and Evolution of Doodles - G_6e786d/h1_The story behind Doodles")): Object 'Object Repository/Page_The Story and Evolution of Doodles - G_6e786d/h1_The story behind Doodles' is visible

07-06-2024T14:09:21 - [MESSAGE][PASSED] - Object 'Object Repository/Page_The Story and Evolution of Doodles - G_6e786d/h1_The story behind Doodles' is visible

07-06-2024T14:09:21 - [TEST_STEP][PASSED] - verifyElementVisible(findTestObject("Object Repository/Page_The Story and Evolution of Doodles - G_6e786d/p_The first Doodle was a simple out-of-offi_345e61")): Object 'Object Repository/Page_The Story and Evolution of Doodles - G_6e786d/p_The first Doodle was a simple out-of-offi_345e61' is visible

07-06-2024T14:09:21 - [MESSAGE][PASSED] - Object 'Object Repository/Page_The Story and Evolution of Doodles - G_6e786d/p_The first Doodle was a simple out-of-offi_345e61' is visible

07-06-2024T14:09:21 - [TEST_STEP][PASSED] - verifyElementVisible(findTestObject("Object Repository/Page_The Story and Evolution of Doodles - G_6e786d/h2_Weve created more than 5,000 Doodles ove_111429")): Object 'Object Repository/Page_The Story and Evolution of Doodles - G_6e786d/h2_Weve created more than 5,000 Doodles ove_111429' is visible

07-06-2024T14:09:21 - [MESSAGE][PASSED] - Object 'Object Repository/Page_The Story and Evolution of Doodles - G_6e786d/h2_Weve created more than 5,000 Doodles ove_111429' is visible

07-06-2024T14:09:21 - [TEST_STEP][PASSED] - click(findTestObject("Object Repository/Page_The Story and Evolution of Doodles - G_6e786d/p_The first Doodle was a simple out-of-offi_345e61")): Object: 'Object Repository/Page_The Story and Evolution of Doodles - G_6e786d/p_The first Doodle was a simple out-of-offi_345e61' is clicked on

07-06-2024T14:09:21 - [MESSAGE][PASSED] - Object: 'Object Repository/Page_The Story and Evolution of Doodles - G_6e786d/p_The first Doodle was a simple out-of-offi_345e61' is clicked on

07-06-2024T14:09:21 - [TEST_STEP][PASSED] - verifyElementVisible(findTestObject("Object Repository/Page_The Story and Evolution of Doodles - G_6e786d/h1_The story behind Doodles")): Object 'Object Repository/Page_The Story and Evolution of Doodles - G_6e786d/h1_The story behind Doodles' is visible

07-06-2024T14:09:21 - [MESSAGE][PASSED] - Object 'Object Repository/Page_The Story and Evolution of Doodles - G_6e786d/h1_The story behind Doodles' is visible

07-06-2024T14:09:21 - [TEST_STEP][PASSED] - verifyElementVisible(findTestObject("Object Repository/Page_The Story and Evolution of Doodles - G_6e786d/p_The first Doodle was a simple out-of-offi_345e61")): Object 'Object Repository/Page_The Story and Evolution of Doodles - G_6e786d/p_The first Doodle was a simple out-of-offi_345e61' is visible

07-06-2024T14:09:21 - [MESSAGE][PASSED] - Object 'Object Repository/Page_The Story and Evolution of Doodles - G_6e786d/p_The first Doodle was a simple out-of-offi_345e61' is visible

07-06-2024T14:09:21 - [TEST_STEP][PASSED] - verifyElementVisible(findTestObject("Object Repository/Page_The Story and Evolution of Doodles - G_6e786d/h2_Weve created more than 5,000 Doodles ove_111429")): Object 'Object Repository/Page_The Story and Evolution of Doodles - G_6e786d/h2_Weve created more than 5,000 Doodles ove_111429' is visible

07-06-2024T14:09:21 - [MESSAGE][PASSED] - Object 'Object Repository/Page_The Story and Evolution of Doodles - G_6e786d/h2_Weve created more than 5,000 Doodles ove_111429' is visible

07-06-2024T14:09:21 - [TEST_STEP][PASSED] - click(findTestObject("Object Repository/Page_The Story and Evolution of Doodles - G_6e786d/p_The first Doodle was a simple out-of-offi_345e61")): Object: 'Object Repository/Page_The Story and Evolution of Doodles - G_6e786d/p_The first Doodle was a simple out-of-offi_345e61' is clicked on

07-06-2024T14:09:21 - [MESSAGE][PASSED] - Object: 'Object Repository/Page_The Story and Evolution of Doodles - G_6e786d/p_The first Doodle was a simple out-of-offi_345e61' is clicked on

07-06-2024T14:09:21 - [TEST_STEP][PASSED] - verifyElementVisible(findTestObject("Object Repository/Page_The Story and Evolution of Doodles - G_6e786d/h1_The story behind Doodles")): Object 'Object Repository/Page_The Story and Evolution of Doodles - G_6e786d/h1_The story behind Doodles' is visible

07-06-2024T14:09:21 - [MESSAGE][PASSED] - Object 'Object Repository/Page_The Story and Evolution of Doodles - G_6e786d/h1_The story behind Doodles' is visible

07-06-2024T14:09:21 - [TEST_STEP][PASSED] - verifyElementVisible(findTestObject("Object Repository/Page_The Story and Evolution of Doodles - G_6e786d/p_The first Doodle was a simple out-of-offi_345e61")): Object 'Object Repository/Page_The Story and Evolution of Doodles - G_6e786d/p_The first Doodle was a simple out-of-offi_345e61' is visible

07-06-2024T14:09:21 - [MESSAGE][PASSED] - Object 'Object Repository/Page_The Story and Evolution of Doodles - G_6e786d/p_The first Doodle was a simple out-of-offi_345e61' is visible

07-06-2024T14:09:21 - [TEST_STEP][PASSED] - verifyElementVisible(findTestObject("Object Repository/Page_The Story and Evolution of Doodles - G_6e786d/h2_Weve created more than 5,000 Doodles ove_111429")): Object 'Object Repository/Page_The Story and Evolution of Doodles - G_6e786d/h2_Weve created more than 5,000 Doodles ove_111429' is visible

07-06-2024T14:09:21 - [MESSAGE][PASSED] - Object 'Object Repository/Page_The Story and Evolution of Doodles - G_6e786d/h2_Weve created more than 5,000 Doodles ove_111429' is visible

07-06-2024T14:09:21 - [TEST_STEP][PASSED] - click(findTestObject("Object Repository/Page_The Story and Evolution of Doodles - G_6e786d/p_The first Doodle was a simple out-of-offi_345e61")): Object: 'Object Repository/Page_The Story and Evolution of Doodles - G_6e786d/p_The first Doodle was a simple out-of-offi_345e61' is clicked on

07-06-2024T14:09:21 - [MESSAGE][PASSED] - Object: 'Object Repository/Page_The Story and Evolution of Doodles - G_6e786d/p_The first Doodle was a simple out-of-offi_345e61' is clicked on

07-06-2024T14:09:21 - [TEST_STEP][PASSED] - verifyElementVisible(findTestObject("Object Repository/Page_The Story and Evolution of Doodles - G_6e786d/h1_The story behind Doodles")): Object 'Object Repository/Page_The Story and Evolution of Doodles - G_6e786d/h1_The story behind Doodles' is visible

07-06-2024T14:09:21 - [MESSAGE][PASSED] - Object 'Object Repository/Page_The Story and Evolution of Doodles - G_6e786d/h1_The story behind Doodles' is visible

07-06-2024T14:09:21 - [TEST_STEP][PASSED] - verifyElementVisible(findTestObject("Object Repository/Page_The Story and Evolution of Doodles - G_6e786d/p_The first Doodle was a simple out-of-offi_345e61")): Object 'Object Repository/Page_The Story and Evolution of Doodles - G_6e786d/p_The first Doodle was a simple out-of-offi_345e61' is visible

07-06-2024T14:09:21 - [MESSAGE][PASSED] - Object 'Object Repository/Page_The Story and Evolution of Doodles - G_6e786d/p_The first Doodle was a simple out-of-offi_345e61' is visible

07-06-2024T14:09:21 - [TEST_STEP][PASSED] - verifyElementVisible(findTestObject("Object Repository/Page_The Story and Evolution of Doodles - G_6e786d/h2_Weve created more than 5,000 Doodles ove_111429")): Object 'Object Repository/Page_The Story and Evolution of Doodles - G_6e786d/h2_Weve created more than 5,000 Doodles ove_111429' is visible

07-06-2024T14:09:21 - [MESSAGE][PASSED] - Object 'Object Repository/Page_The Story and Evolution of Doodles - G_6e786d/h2_Weve created more than 5,000 Doodles ove_111429' is visible

07-06-2024T14:09:21 - [TEST_STEP][PASSED] - click(findTestObject("Object Repository/Page_The Story and Evolution of Doodles - G_6e786d/p_The first Doodle was a simple out-of-offi_345e61")): Object: 'Object Repository/Page_The Story and Evolution of Doodles - G_6e786d/p_The first Doodle was a simple out-of-offi_345e61' is clicked on

07-06-2024T14:09:22 - [MESSAGE][PASSED] - Object: 'Object Repository/Page_The Story and Evolution of Doodles - G_6e786d/p_The first Doodle was a simple out-of-offi_345e61' is clicked on

07-06-2024T14:09:22 - [TEST_STEP][PASSED] - verifyElementVisible(findTestObject("Object Repository/Page_The Story and Evolution of Doodles - G_6e786d/h1_The story behind Doodles")): Object 'Object Repository/Page_The Story and Evolution of Doodles - G_6e786d/h1_The story behind Doodles' is visible

07-06-2024T14:09:22 - [MESSAGE][PASSED] - Object 'Object Repository/Page_The Story and Evolution of Doodles - G_6e786d/h1_The story behind Doodles' is visible

07-06-2024T14:09:22 - [TEST_STEP][PASSED] - verifyElementVisible(findTestObject("Object Repository/Page_The Story and Evolution of Doodles - G_6e786d/p_The first Doodle was a simple out-of-offi_345e61")): Object 'Object Repository/Page_The Story and Evolution of Doodles - G_6e786d/p_The first Doodle was a simple out-of-offi_345e61' is visible

07-06-2024T14:09:22 - [MESSAGE][PASSED] - Object 'Object Repository/Page_The Story and Evolution of Doodles - G_6e786d/p_The first Doodle was a simple out-of-offi_345e61' is visible

07-06-2024T14:09:22 - [TEST_STEP][PASSED] - verifyElementVisible(findTestObject("Object Repository/Page_The Story and Evolution of Doodles - G_6e786d/h2_Weve created more than 5,000 Doodles ove_111429")): Object 'Object Repository/Page_The Story and Evolution of Doodles - G_6e786d/h2_Weve created more than 5,000 Doodles ove_111429' is visible

07-06-2024T14:09:22 - [MESSAGE][PASSED] - Object 'Object Repository/Page_The Story and Evolution of Doodles - G_6e786d/h2_Weve created more than 5,000 Doodles ove_111429' is visible

07-06-2024T14:09:22 - [TEST_STEP][PASSED] - click(findTestObject("Object Repository/Page_The Story and Evolution of Doodles - G_6e786d/p_The first Doodle was a simple out-of-offi_345e61")): Object: 'Object Repository/Page_The Story and Evolution of Doodles - G_6e786d/p_The first Doodle was a simple out-of-offi_345e61' is clicked on

07-06-2024T14:09:22 - [MESSAGE][PASSED] - Object: 'Object Repository/Page_The Story and Evolution of Doodles - G_6e786d/p_The first Doodle was a simple out-of-offi_345e61' is clicked on

07-06-2024T14:09:22 - [TEST_STEP][PASSED] - verifyElementVisible(findTestObject("Object Repository/Page_The Story and Evolution of Doodles - G_6e786d/h1_The story behind Doodles")): Object 'Object Repository/Page_The Story and Evolution of Doodles - G_6e786d/h1_The story behind Doodles' is visible

07-06-2024T14:09:22 - [MESSAGE][PASSED] - Object 'Object Repository/Page_The Story and Evolution of Doodles - G_6e786d/h1_The story behind Doodles' is visible

07-06-2024T14:09:22 - [TEST_STEP][PASSED] - verifyElementVisible(findTestObject("Object Repository/Page_The Story and Evolution of Doodles - G_6e786d/p_The first Doodle was a simple out-of-offi_345e61")): Object 'Object Repository/Page_The Story and Evolution of Doodles - G_6e786d/p_The first Doodle was a simple out-of-offi_345e61' is visible

07-06-2024T14:09:22 - [MESSAGE][PASSED] - Object 'Object Repository/Page_The Story and Evolution of Doodles - G_6e786d/p_The first Doodle was a simple out-of-offi_345e61' is visible

07-06-2024T14:09:22 - [TEST_STEP][PASSED] - verifyElementVisible(findTestObject("Object Repository/Page_The Story and Evolution of Doodles - G_6e786d/h2_Weve created more than 5,000 Doodles ove_111429")): Object 'Object Repository/Page_The Story and Evolution of Doodles - G_6e786d/h2_Weve created more than 5,000 Doodles ove_111429' is visible

07-06-2024T14:09:22 - [MESSAGE][PASSED] - Object 'Object Repository/Page_The Story and Evolution of Doodles - G_6e786d/h2_Weve created more than 5,000 Doodles ove_111429' is visible

07-06-2024T14:09:22 - [TEST_STEP][PASSED] - click(findTestObject("Object Repository/Page_The Story and Evolution of Doodles - G_6e786d/p_The first Doodle was a simple out-of-offi_345e61")): Object: 'Object Repository/Page_The Story and Evolution of Doodles - G_6e786d/p_The first Doodle was a simple out-of-offi_345e61' is clicked on

07-06-2024T14:09:22 - [MESSAGE][PASSED] - Object: 'Object Repository/Page_The Story and Evolution of Doodles - G_6e786d/p_The first Doodle was a simple out-of-offi_345e61' is clicked on

07-06-2024T14:09:22 - [TEST_STEP][PASSED] - verifyElementVisible(findTestObject("Object Repository/Page_The Story and Evolution of Doodles - G_6e786d/h1_The story behind Doodles")): Object 'Object Repository/Page_The Story and Evolution of Doodles - G_6e786d/h1_The story behind Doodles' is visible

07-06-2024T14:09:22 - [MESSAGE][PASSED] - Object 'Object Repository/Page_The Story and Evolution of Doodles - G_6e786d/h1_The story behind Doodles' is visible

07-06-2024T14:09:22 - [TEST_STEP][PASSED] - verifyElementVisible(findTestObject("Object Repository/Page_The Story and Evolution of Doodles - G_6e786d/p_The first Doodle was a simple out-of-offi_345e61")): Object 'Object Repository/Page_The Story and Evolution of Doodles - G_6e786d/p_The first Doodle was a simple out-of-offi_345e61' is visible

07-06-2024T14:09:22 - [MESSAGE][PASSED] - Object 'Object Repository/Page_The Story and Evolution of Doodles - G_6e786d/p_The first Doodle was a simple out-of-offi_345e61' is visible

07-06-2024T14:09:22 - [TEST_STEP][PASSED] - verifyElementVisible(findTestObject("Object Repository/Page_The Story and Evolution of Doodles - G_6e786d/h2_Weve created more than 5,000 Doodles ove_111429")): Object 'Object Repository/Page_The Story and Evolution of Doodles - G_6e786d/h2_Weve created more than 5,000 Doodles ove_111429' is visible

07-06-2024T14:09:22 - [MESSAGE][PASSED] - Object 'Object Repository/Page_The Story and Evolution of Doodles - G_6e786d/h2_Weve created more than 5,000 Doodles ove_111429' is visible

07-06-2024T14:09:22 - [TEST_STEP][PASSED] - click(findTestObject("Object Repository/Page_The Story and Evolution of Doodles - G_6e786d/p_The first Doodle was a simple out-of-offi_345e61")): Object: 'Object Repository/Page_The Story and Evolution of Doodles - G_6e786d/p_The first Doodle was a simple out-of-offi_345e61' is clicked on

07-06-2024T14:09:23 - [MESSAGE][PASSED] - Object: 'Object Repository/Page_The Story and Evolution of Doodles - G_6e786d/p_The first Doodle was a simple out-of-offi_345e61' is clicked on

07-06-2024T14:09:23 - [TEST_STEP][PASSED] - verifyElementVisible(findTestObject("Object Repository/Page_The Story and Evolution of Doodles - G_6e786d/h1_The story behind Doodles")): Object 'Object Repository/Page_The Story and Evolution of Doodles - G_6e786d/h1_The story behind Doodles' is visible

07-06-2024T14:09:23 - [MESSAGE][PASSED] - Object 'Object Repository/Page_The Story and Evolution of Doodles - G_6e786d/h1_The story behind Doodles' is visible

07-06-2024T14:09:23 - [TEST_STEP][PASSED] - verifyElementVisible(findTestObject("Object Repository/Page_The Story and Evolution of Doodles - G_6e786d/p_The first Doodle was a simple out-of-offi_345e61")): Object 'Object Repository/Page_The Story and Evolution of Doodles - G_6e786d/p_The first Doodle was a simple out-of-offi_345e61' is visible

07-06-2024T14:09:23 - [MESSAGE][PASSED] - Object 'Object Repository/Page_The Story and Evolution of Doodles - G_6e786d/p_The first Doodle was a simple out-of-offi_345e61' is visible

07-06-2024T14:09:23 - [TEST_STEP][PASSED] - verifyElementVisible(findTestObject("Object Repository/Page_The Story and Evolution of Doodles - G_6e786d/h2_Weve created more than 5,000 Doodles ove_111429")): Object 'Object Repository/Page_The Story and Evolution of Doodles - G_6e786d/h2_Weve created more than 5,000 Doodles ove_111429' is visible

07-06-2024T14:09:23 - [MESSAGE][PASSED] - Object 'Object Repository/Page_The Story and Evolution of Doodles - G_6e786d/h2_Weve created more than 5,000 Doodles ove_111429' is visible]]></system-out>
         <system-err><![CDATA[]]></system-err>
      </testcase>
      <testcase name="Test Cases/test case folder 1/tc1 - Copy (4) - Copy" time="8.21" classname="Test Cases/test case folder 1/tc1 - Copy (4) - Copy" status="PASSED">
         <system-out><![CDATA[07-06-2024T14:09:23 - [TEST_CASE][PASSED] - Test Cases/test case folder 1/tc1 - Copy (4) - Copy: Test Cases/test case folder 1/tc1 - Copy (4) - Copy

07-06-2024T14:09:23 - [TEST_STEP][PASSED] - openBrowser(""): Browser is opened with url: ''

07-06-2024T14:09:23 - [MESSAGE][WARNING] - A browser is already opened. Closing browser and opening a new one

07-06-2024T14:09:24 - [MESSAGE][INFO] - Starting 'Firefox (headless)' driver

07-06-2024T14:09:24 - [MESSAGE][INFO] - Action delay is set to 0 milliseconds

07-06-2024T14:09:26 - [MESSAGE][PASSED] - Browser is opened with url: ''

07-06-2024T14:09:26 - [TEST_STEP][PASSED] - navigateToUrl("https://doodles.google/about/"): Navigate to 'https://doodles.google/about/' successfully

07-06-2024T14:09:27 - [MESSAGE][PASSED] - Navigate to 'https://doodles.google/about/' successfully

07-06-2024T14:09:27 - [TEST_STEP][PASSED] - click(findTestObject("Object Repository/Page_The Story and Evolution of Doodles - G_6e786d/p_The first Doodle was a simple out-of-offi_345e61")): Object: 'Object Repository/Page_The Story and Evolution of Doodles - G_6e786d/p_The first Doodle was a simple out-of-offi_345e61' is clicked on

07-06-2024T14:09:28 - [MESSAGE][PASSED] - Object: 'Object Repository/Page_The Story and Evolution of Doodles - G_6e786d/p_The first Doodle was a simple out-of-offi_345e61' is clicked on

07-06-2024T14:09:28 - [TEST_STEP][PASSED] - click(findTestObject("Object Repository/Page_The Story and Evolution of Doodles - G_6e786d/p_The first Doodle was a simple out-of-offi_345e61")): Object: 'Object Repository/Page_The Story and Evolution of Doodles - G_6e786d/p_The first Doodle was a simple out-of-offi_345e61' is clicked on

07-06-2024T14:09:28 - [MESSAGE][PASSED] - Object: 'Object Repository/Page_The Story and Evolution of Doodles - G_6e786d/p_The first Doodle was a simple out-of-offi_345e61' is clicked on

07-06-2024T14:09:28 - [TEST_STEP][PASSED] - verifyElementVisible(findTestObject("Object Repository/Page_The Story and Evolution of Doodles - G_6e786d/h1_The story behind Doodles")): Object 'Object Repository/Page_The Story and Evolution of Doodles - G_6e786d/h1_The story behind Doodles' is visible

07-06-2024T14:09:28 - [MESSAGE][PASSED] - Object 'Object Repository/Page_The Story and Evolution of Doodles - G_6e786d/h1_The story behind Doodles' is visible

07-06-2024T14:09:28 - [TEST_STEP][PASSED] - verifyElementVisible(findTestObject("Object Repository/Page_The Story and Evolution of Doodles - G_6e786d/p_The first Doodle was a simple out-of-offi_345e61")): Object 'Object Repository/Page_The Story and Evolution of Doodles - G_6e786d/p_The first Doodle was a simple out-of-offi_345e61' is visible

07-06-2024T14:09:28 - [MESSAGE][PASSED] - Object 'Object Repository/Page_The Story and Evolution of Doodles - G_6e786d/p_The first Doodle was a simple out-of-offi_345e61' is visible

07-06-2024T14:09:28 - [TEST_STEP][PASSED] - verifyElementVisible(findTestObject("Object Repository/Page_The Story and Evolution of Doodles - G_6e786d/h2_Weve created more than 5,000 Doodles ove_111429")): Object 'Object Repository/Page_The Story and Evolution of Doodles - G_6e786d/h2_Weve created more than 5,000 Doodles ove_111429' is visible

07-06-2024T14:09:28 - [MESSAGE][PASSED] - Object 'Object Repository/Page_The Story and Evolution of Doodles - G_6e786d/h2_Weve created more than 5,000 Doodles ove_111429' is visible

07-06-2024T14:09:28 - [TEST_STEP][PASSED] - verifyElementVisible(findTestObject("Object Repository/Page_The Story and Evolution of Doodles - G_6e786d/h1_The story behind Doodles")): Object 'Object Repository/Page_The Story and Evolution of Doodles - G_6e786d/h1_The story behind Doodles' is visible

07-06-2024T14:09:28 - [MESSAGE][PASSED] - Object 'Object Repository/Page_The Story and Evolution of Doodles - G_6e786d/h1_The story behind Doodles' is visible

07-06-2024T14:09:28 - [TEST_STEP][PASSED] - verifyElementVisible(findTestObject("Object Repository/Page_The Story and Evolution of Doodles - G_6e786d/p_The first Doodle was a simple out-of-offi_345e61")): Object 'Object Repository/Page_The Story and Evolution of Doodles - G_6e786d/p_The first Doodle was a simple out-of-offi_345e61' is visible

07-06-2024T14:09:28 - [MESSAGE][PASSED] - Object 'Object Repository/Page_The Story and Evolution of Doodles - G_6e786d/p_The first Doodle was a simple out-of-offi_345e61' is visible

07-06-2024T14:09:28 - [TEST_STEP][PASSED] - verifyElementVisible(findTestObject("Object Repository/Page_The Story and Evolution of Doodles - G_6e786d/h2_Weve created more than 5,000 Doodles ove_111429")): Object 'Object Repository/Page_The Story and Evolution of Doodles - G_6e786d/h2_Weve created more than 5,000 Doodles ove_111429' is visible

07-06-2024T14:09:28 - [MESSAGE][PASSED] - Object 'Object Repository/Page_The Story and Evolution of Doodles - G_6e786d/h2_Weve created more than 5,000 Doodles ove_111429' is visible

07-06-2024T14:09:28 - [TEST_STEP][PASSED] - click(findTestObject("Object Repository/Page_The Story and Evolution of Doodles - G_6e786d/p_The first Doodle was a simple out-of-offi_345e61")): Object: 'Object Repository/Page_The Story and Evolution of Doodles - G_6e786d/p_The first Doodle was a simple out-of-offi_345e61' is clicked on

07-06-2024T14:09:28 - [MESSAGE][PASSED] - Object: 'Object Repository/Page_The Story and Evolution of Doodles - G_6e786d/p_The first Doodle was a simple out-of-offi_345e61' is clicked on

07-06-2024T14:09:28 - [TEST_STEP][PASSED] - verifyElementVisible(findTestObject("Object Repository/Page_The Story and Evolution of Doodles - G_6e786d/h1_The story behind Doodles")): Object 'Object Repository/Page_The Story and Evolution of Doodles - G_6e786d/h1_The story behind Doodles' is visible

07-06-2024T14:09:28 - [MESSAGE][PASSED] - Object 'Object Repository/Page_The Story and Evolution of Doodles - G_6e786d/h1_The story behind Doodles' is visible

07-06-2024T14:09:28 - [TEST_STEP][PASSED] - verifyElementVisible(findTestObject("Object Repository/Page_The Story and Evolution of Doodles - G_6e786d/p_The first Doodle was a simple out-of-offi_345e61")): Object 'Object Repository/Page_The Story and Evolution of Doodles - G_6e786d/p_The first Doodle was a simple out-of-offi_345e61' is visible

07-06-2024T14:09:28 - [MESSAGE][PASSED] - Object 'Object Repository/Page_The Story and Evolution of Doodles - G_6e786d/p_The first Doodle was a simple out-of-offi_345e61' is visible

07-06-2024T14:09:28 - [TEST_STEP][PASSED] - verifyElementVisible(findTestObject("Object Repository/Page_The Story and Evolution of Doodles - G_6e786d/h2_Weve created more than 5,000 Doodles ove_111429")): Object 'Object Repository/Page_The Story and Evolution of Doodles - G_6e786d/h2_Weve created more than 5,000 Doodles ove_111429' is visible

07-06-2024T14:09:28 - [MESSAGE][PASSED] - Object 'Object Repository/Page_The Story and Evolution of Doodles - G_6e786d/h2_Weve created more than 5,000 Doodles ove_111429' is visible

07-06-2024T14:09:28 - [TEST_STEP][PASSED] - click(findTestObject("Object Repository/Page_The Story and Evolution of Doodles - G_6e786d/p_The first Doodle was a simple out-of-offi_345e61")): Object: 'Object Repository/Page_The Story and Evolution of Doodles - G_6e786d/p_The first Doodle was a simple out-of-offi_345e61' is clicked on

07-06-2024T14:09:29 - [MESSAGE][PASSED] - Object: 'Object Repository/Page_The Story and Evolution of Doodles - G_6e786d/p_The first Doodle was a simple out-of-offi_345e61' is clicked on

07-06-2024T14:09:29 - [TEST_STEP][PASSED] - verifyElementVisible(findTestObject("Object Repository/Page_The Story and Evolution of Doodles - G_6e786d/h1_The story behind Doodles")): Object 'Object Repository/Page_The Story and Evolution of Doodles - G_6e786d/h1_The story behind Doodles' is visible

07-06-2024T14:09:29 - [MESSAGE][PASSED] - Object 'Object Repository/Page_The Story and Evolution of Doodles - G_6e786d/h1_The story behind Doodles' is visible

07-06-2024T14:09:29 - [TEST_STEP][PASSED] - verifyElementVisible(findTestObject("Object Repository/Page_The Story and Evolution of Doodles - G_6e786d/p_The first Doodle was a simple out-of-offi_345e61")): Object 'Object Repository/Page_The Story and Evolution of Doodles - G_6e786d/p_The first Doodle was a simple out-of-offi_345e61' is visible

07-06-2024T14:09:29 - [MESSAGE][PASSED] - Object 'Object Repository/Page_The Story and Evolution of Doodles - G_6e786d/p_The first Doodle was a simple out-of-offi_345e61' is visible

07-06-2024T14:09:29 - [TEST_STEP][PASSED] - verifyElementVisible(findTestObject("Object Repository/Page_The Story and Evolution of Doodles - G_6e786d/h2_Weve created more than 5,000 Doodles ove_111429")): Object 'Object Repository/Page_The Story and Evolution of Doodles - G_6e786d/h2_Weve created more than 5,000 Doodles ove_111429' is visible

07-06-2024T14:09:29 - [MESSAGE][PASSED] - Object 'Object Repository/Page_The Story and Evolution of Doodles - G_6e786d/h2_Weve created more than 5,000 Doodles ove_111429' is visible

07-06-2024T14:09:29 - [TEST_STEP][PASSED] - click(findTestObject("Object Repository/Page_The Story and Evolution of Doodles - G_6e786d/p_The first Doodle was a simple out-of-offi_345e61")): Object: 'Object Repository/Page_The Story and Evolution of Doodles - G_6e786d/p_The first Doodle was a simple out-of-offi_345e61' is clicked on

07-06-2024T14:09:29 - [MESSAGE][PASSED] - Object: 'Object Repository/Page_The Story and Evolution of Doodles - G_6e786d/p_The first Doodle was a simple out-of-offi_345e61' is clicked on

07-06-2024T14:09:29 - [TEST_STEP][PASSED] - verifyElementVisible(findTestObject("Object Repository/Page_The Story and Evolution of Doodles - G_6e786d/h1_The story behind Doodles")): Object 'Object Repository/Page_The Story and Evolution of Doodles - G_6e786d/h1_The story behind Doodles' is visible

07-06-2024T14:09:29 - [MESSAGE][PASSED] - Object 'Object Repository/Page_The Story and Evolution of Doodles - G_6e786d/h1_The story behind Doodles' is visible

07-06-2024T14:09:29 - [TEST_STEP][PASSED] - verifyElementVisible(findTestObject("Object Repository/Page_The Story and Evolution of Doodles - G_6e786d/p_The first Doodle was a simple out-of-offi_345e61")): Object 'Object Repository/Page_The Story and Evolution of Doodles - G_6e786d/p_The first Doodle was a simple out-of-offi_345e61' is visible

07-06-2024T14:09:29 - [MESSAGE][PASSED] - Object 'Object Repository/Page_The Story and Evolution of Doodles - G_6e786d/p_The first Doodle was a simple out-of-offi_345e61' is visible

07-06-2024T14:09:29 - [TEST_STEP][PASSED] - verifyElementVisible(findTestObject("Object Repository/Page_The Story and Evolution of Doodles - G_6e786d/h2_Weve created more than 5,000 Doodles ove_111429")): Object 'Object Repository/Page_The Story and Evolution of Doodles - G_6e786d/h2_Weve created more than 5,000 Doodles ove_111429' is visible

07-06-2024T14:09:29 - [MESSAGE][PASSED] - Object 'Object Repository/Page_The Story and Evolution of Doodles - G_6e786d/h2_Weve created more than 5,000 Doodles ove_111429' is visible

07-06-2024T14:09:29 - [TEST_STEP][PASSED] - click(findTestObject("Object Repository/Page_The Story and Evolution of Doodles - G_6e786d/p_The first Doodle was a simple out-of-offi_345e61")): Object: 'Object Repository/Page_The Story and Evolution of Doodles - G_6e786d/p_The first Doodle was a simple out-of-offi_345e61' is clicked on

07-06-2024T14:09:29 - [MESSAGE][PASSED] - Object: 'Object Repository/Page_The Story and Evolution of Doodles - G_6e786d/p_The first Doodle was a simple out-of-offi_345e61' is clicked on

07-06-2024T14:09:29 - [TEST_STEP][PASSED] - verifyElementVisible(findTestObject("Object Repository/Page_The Story and Evolution of Doodles - G_6e786d/h1_The story behind Doodles")): Object 'Object Repository/Page_The Story and Evolution of Doodles - G_6e786d/h1_The story behind Doodles' is visible

07-06-2024T14:09:29 - [MESSAGE][PASSED] - Object 'Object Repository/Page_The Story and Evolution of Doodles - G_6e786d/h1_The story behind Doodles' is visible

07-06-2024T14:09:29 - [TEST_STEP][PASSED] - verifyElementVisible(findTestObject("Object Repository/Page_The Story and Evolution of Doodles - G_6e786d/p_The first Doodle was a simple out-of-offi_345e61")): Object 'Object Repository/Page_The Story and Evolution of Doodles - G_6e786d/p_The first Doodle was a simple out-of-offi_345e61' is visible

07-06-2024T14:09:29 - [MESSAGE][PASSED] - Object 'Object Repository/Page_The Story and Evolution of Doodles - G_6e786d/p_The first Doodle was a simple out-of-offi_345e61' is visible

07-06-2024T14:09:29 - [TEST_STEP][PASSED] - verifyElementVisible(findTestObject("Object Repository/Page_The Story and Evolution of Doodles - G_6e786d/h2_Weve created more than 5,000 Doodles ove_111429")): Object 'Object Repository/Page_The Story and Evolution of Doodles - G_6e786d/h2_Weve created more than 5,000 Doodles ove_111429' is visible

07-06-2024T14:09:29 - [MESSAGE][PASSED] - Object 'Object Repository/Page_The Story and Evolution of Doodles - G_6e786d/h2_Weve created more than 5,000 Doodles ove_111429' is visible

07-06-2024T14:09:29 - [TEST_STEP][PASSED] - click(findTestObject("Object Repository/Page_The Story and Evolution of Doodles - G_6e786d/p_The first Doodle was a simple out-of-offi_345e61")): Object: 'Object Repository/Page_The Story and Evolution of Doodles - G_6e786d/p_The first Doodle was a simple out-of-offi_345e61' is clicked on

07-06-2024T14:09:30 - [MESSAGE][PASSED] - Object: 'Object Repository/Page_The Story and Evolution of Doodles - G_6e786d/p_The first Doodle was a simple out-of-offi_345e61' is clicked on

07-06-2024T14:09:30 - [TEST_STEP][PASSED] - verifyElementVisible(findTestObject("Object Repository/Page_The Story and Evolution of Doodles - G_6e786d/h1_The story behind Doodles")): Object 'Object Repository/Page_The Story and Evolution of Doodles - G_6e786d/h1_The story behind Doodles' is visible

07-06-2024T14:09:30 - [MESSAGE][PASSED] - Object 'Object Repository/Page_The Story and Evolution of Doodles - G_6e786d/h1_The story behind Doodles' is visible

07-06-2024T14:09:30 - [TEST_STEP][PASSED] - verifyElementVisible(findTestObject("Object Repository/Page_The Story and Evolution of Doodles - G_6e786d/p_The first Doodle was a simple out-of-offi_345e61")): Object 'Object Repository/Page_The Story and Evolution of Doodles - G_6e786d/p_The first Doodle was a simple out-of-offi_345e61' is visible

07-06-2024T14:09:30 - [MESSAGE][PASSED] - Object 'Object Repository/Page_The Story and Evolution of Doodles - G_6e786d/p_The first Doodle was a simple out-of-offi_345e61' is visible

07-06-2024T14:09:30 - [TEST_STEP][PASSED] - verifyElementVisible(findTestObject("Object Repository/Page_The Story and Evolution of Doodles - G_6e786d/h2_Weve created more than 5,000 Doodles ove_111429")): Object 'Object Repository/Page_The Story and Evolution of Doodles - G_6e786d/h2_Weve created more than 5,000 Doodles ove_111429' is visible

07-06-2024T14:09:30 - [MESSAGE][PASSED] - Object 'Object Repository/Page_The Story and Evolution of Doodles - G_6e786d/h2_Weve created more than 5,000 Doodles ove_111429' is visible

07-06-2024T14:09:30 - [TEST_STEP][PASSED] - click(findTestObject("Object Repository/Page_The Story and Evolution of Doodles - G_6e786d/p_The first Doodle was a simple out-of-offi_345e61")): Object: 'Object Repository/Page_The Story and Evolution of Doodles - G_6e786d/p_The first Doodle was a simple out-of-offi_345e61' is clicked on

07-06-2024T14:09:30 - [MESSAGE][PASSED] - Object: 'Object Repository/Page_The Story and Evolution of Doodles - G_6e786d/p_The first Doodle was a simple out-of-offi_345e61' is clicked on

07-06-2024T14:09:30 - [TEST_STEP][PASSED] - verifyElementVisible(findTestObject("Object Repository/Page_The Story and Evolution of Doodles - G_6e786d/h1_The story behind Doodles")): Object 'Object Repository/Page_The Story and Evolution of Doodles - G_6e786d/h1_The story behind Doodles' is visible

07-06-2024T14:09:30 - [MESSAGE][PASSED] - Object 'Object Repository/Page_The Story and Evolution of Doodles - G_6e786d/h1_The story behind Doodles' is visible

07-06-2024T14:09:30 - [TEST_STEP][PASSED] - verifyElementVisible(findTestObject("Object Repository/Page_The Story and Evolution of Doodles - G_6e786d/p_The first Doodle was a simple out-of-offi_345e61")): Object 'Object Repository/Page_The Story and Evolution of Doodles - G_6e786d/p_The first Doodle was a simple out-of-offi_345e61' is visible

07-06-2024T14:09:30 - [MESSAGE][PASSED] - Object 'Object Repository/Page_The Story and Evolution of Doodles - G_6e786d/p_The first Doodle was a simple out-of-offi_345e61' is visible

07-06-2024T14:09:30 - [TEST_STEP][PASSED] - verifyElementVisible(findTestObject("Object Repository/Page_The Story and Evolution of Doodles - G_6e786d/h2_Weve created more than 5,000 Doodles ove_111429")): Object 'Object Repository/Page_The Story and Evolution of Doodles - G_6e786d/h2_Weve created more than 5,000 Doodles ove_111429' is visible

07-06-2024T14:09:30 - [MESSAGE][PASSED] - Object 'Object Repository/Page_The Story and Evolution of Doodles - G_6e786d/h2_Weve created more than 5,000 Doodles ove_111429' is visible

07-06-2024T14:09:30 - [TEST_STEP][PASSED] - click(findTestObject("Object Repository/Page_The Story and Evolution of Doodles - G_6e786d/p_The first Doodle was a simple out-of-offi_345e61")): Object: 'Object Repository/Page_The Story and Evolution of Doodles - G_6e786d/p_The first Doodle was a simple out-of-offi_345e61' is clicked on

07-06-2024T14:09:30 - [MESSAGE][PASSED] - Object: 'Object Repository/Page_The Story and Evolution of Doodles - G_6e786d/p_The first Doodle was a simple out-of-offi_345e61' is clicked on

07-06-2024T14:09:30 - [TEST_STEP][PASSED] - verifyElementVisible(findTestObject("Object Repository/Page_The Story and Evolution of Doodles - G_6e786d/h1_The story behind Doodles")): Object 'Object Repository/Page_The Story and Evolution of Doodles - G_6e786d/h1_The story behind Doodles' is visible

07-06-2024T14:09:30 - [MESSAGE][PASSED] - Object 'Object Repository/Page_The Story and Evolution of Doodles - G_6e786d/h1_The story behind Doodles' is visible

07-06-2024T14:09:30 - [TEST_STEP][PASSED] - verifyElementVisible(findTestObject("Object Repository/Page_The Story and Evolution of Doodles - G_6e786d/p_The first Doodle was a simple out-of-offi_345e61")): Object 'Object Repository/Page_The Story and Evolution of Doodles - G_6e786d/p_The first Doodle was a simple out-of-offi_345e61' is visible

07-06-2024T14:09:30 - [MESSAGE][PASSED] - Object 'Object Repository/Page_The Story and Evolution of Doodles - G_6e786d/p_The first Doodle was a simple out-of-offi_345e61' is visible

07-06-2024T14:09:30 - [TEST_STEP][PASSED] - verifyElementVisible(findTestObject("Object Repository/Page_The Story and Evolution of Doodles - G_6e786d/h2_Weve created more than 5,000 Doodles ove_111429")): Object 'Object Repository/Page_The Story and Evolution of Doodles - G_6e786d/h2_Weve created more than 5,000 Doodles ove_111429' is visible

07-06-2024T14:09:30 - [MESSAGE][PASSED] - Object 'Object Repository/Page_The Story and Evolution of Doodles - G_6e786d/h2_Weve created more than 5,000 Doodles ove_111429' is visible

07-06-2024T14:09:30 - [TEST_STEP][PASSED] - click(findTestObject("Object Repository/Page_The Story and Evolution of Doodles - G_6e786d/p_The first Doodle was a simple out-of-offi_345e61")): Object: 'Object Repository/Page_The Story and Evolution of Doodles - G_6e786d/p_The first Doodle was a simple out-of-offi_345e61' is clicked on

07-06-2024T14:09:31 - [MESSAGE][PASSED] - Object: 'Object Repository/Page_The Story and Evolution of Doodles - G_6e786d/p_The first Doodle was a simple out-of-offi_345e61' is clicked on

07-06-2024T14:09:31 - [TEST_STEP][PASSED] - verifyElementVisible(findTestObject("Object Repository/Page_The Story and Evolution of Doodles - G_6e786d/h1_The story behind Doodles")): Object 'Object Repository/Page_The Story and Evolution of Doodles - G_6e786d/h1_The story behind Doodles' is visible

07-06-2024T14:09:31 - [MESSAGE][PASSED] - Object 'Object Repository/Page_The Story and Evolution of Doodles - G_6e786d/h1_The story behind Doodles' is visible

07-06-2024T14:09:31 - [TEST_STEP][PASSED] - verifyElementVisible(findTestObject("Object Repository/Page_The Story and Evolution of Doodles - G_6e786d/p_The first Doodle was a simple out-of-offi_345e61")): Object 'Object Repository/Page_The Story and Evolution of Doodles - G_6e786d/p_The first Doodle was a simple out-of-offi_345e61' is visible

07-06-2024T14:09:31 - [MESSAGE][PASSED] - Object 'Object Repository/Page_The Story and Evolution of Doodles - G_6e786d/p_The first Doodle was a simple out-of-offi_345e61' is visible

07-06-2024T14:09:31 - [TEST_STEP][PASSED] - verifyElementVisible(findTestObject("Object Repository/Page_The Story and Evolution of Doodles - G_6e786d/h2_Weve created more than 5,000 Doodles ove_111429")): Object 'Object Repository/Page_The Story and Evolution of Doodles - G_6e786d/h2_Weve created more than 5,000 Doodles ove_111429' is visible

07-06-2024T14:09:31 - [MESSAGE][PASSED] - Object 'Object Repository/Page_The Story and Evolution of Doodles - G_6e786d/h2_Weve created more than 5,000 Doodles ove_111429' is visible

07-06-2024T14:09:31 - [TEST_STEP][PASSED] - click(findTestObject("Object Repository/Page_The Story and Evolution of Doodles - G_6e786d/p_The first Doodle was a simple out-of-offi_345e61")): Object: 'Object Repository/Page_The Story and Evolution of Doodles - G_6e786d/p_The first Doodle was a simple out-of-offi_345e61' is clicked on

07-06-2024T14:09:31 - [MESSAGE][PASSED] - Object: 'Object Repository/Page_The Story and Evolution of Doodles - G_6e786d/p_The first Doodle was a simple out-of-offi_345e61' is clicked on

07-06-2024T14:09:31 - [TEST_STEP][PASSED] - verifyElementVisible(findTestObject("Object Repository/Page_The Story and Evolution of Doodles - G_6e786d/h1_The story behind Doodles")): Object 'Object Repository/Page_The Story and Evolution of Doodles - G_6e786d/h1_The story behind Doodles' is visible

07-06-2024T14:09:31 - [MESSAGE][PASSED] - Object 'Object Repository/Page_The Story and Evolution of Doodles - G_6e786d/h1_The story behind Doodles' is visible

07-06-2024T14:09:31 - [TEST_STEP][PASSED] - verifyElementVisible(findTestObject("Object Repository/Page_The Story and Evolution of Doodles - G_6e786d/p_The first Doodle was a simple out-of-offi_345e61")): Object 'Object Repository/Page_The Story and Evolution of Doodles - G_6e786d/p_The first Doodle was a simple out-of-offi_345e61' is visible

07-06-2024T14:09:31 - [MESSAGE][PASSED] - Object 'Object Repository/Page_The Story and Evolution of Doodles - G_6e786d/p_The first Doodle was a simple out-of-offi_345e61' is visible

07-06-2024T14:09:31 - [TEST_STEP][PASSED] - verifyElementVisible(findTestObject("Object Repository/Page_The Story and Evolution of Doodles - G_6e786d/h2_Weve created more than 5,000 Doodles ove_111429")): Object 'Object Repository/Page_The Story and Evolution of Doodles - G_6e786d/h2_Weve created more than 5,000 Doodles ove_111429' is visible

07-06-2024T14:09:31 - [MESSAGE][PASSED] - Object 'Object Repository/Page_The Story and Evolution of Doodles - G_6e786d/h2_Weve created more than 5,000 Doodles ove_111429' is visible]]></system-out>
         <system-err><![CDATA[]]></system-err>
      </testcase>
      <testcase name="Test Cases/test case folder 1/tc1 - Copy (5) - Copy (1)" time="8.579" classname="Test Cases/test case folder 1/tc1 - Copy (5) - Copy (1)" status="PASSED">
         <system-out><![CDATA[07-06-2024T14:09:31 - [TEST_CASE][PASSED] - Test Cases/test case folder 1/tc1 - Copy (5) - Copy (1): Test Cases/test case folder 1/tc1 - Copy (5) - Copy (1)

07-06-2024T14:09:31 - [TEST_STEP][PASSED] - openBrowser(""): Browser is opened with url: ''

07-06-2024T14:09:31 - [MESSAGE][WARNING] - A browser is already opened. Closing browser and opening a new one

07-06-2024T14:09:32 - [MESSAGE][INFO] - Starting 'Firefox (headless)' driver

07-06-2024T14:09:32 - [MESSAGE][INFO] - Action delay is set to 0 milliseconds

07-06-2024T14:09:34 - [MESSAGE][PASSED] - Browser is opened with url: ''

07-06-2024T14:09:34 - [TEST_STEP][PASSED] - navigateToUrl("https://doodles.google/about/"): Navigate to 'https://doodles.google/about/' successfully

07-06-2024T14:09:36 - [MESSAGE][PASSED] - Navigate to 'https://doodles.google/about/' successfully

07-06-2024T14:09:36 - [TEST_STEP][PASSED] - click(findTestObject("Object Repository/Page_The Story and Evolution of Doodles - G_6e786d/p_The first Doodle was a simple out-of-offi_345e61")): Object: 'Object Repository/Page_The Story and Evolution of Doodles - G_6e786d/p_The first Doodle was a simple out-of-offi_345e61' is clicked on

07-06-2024T14:09:36 - [MESSAGE][PASSED] - Object: 'Object Repository/Page_The Story and Evolution of Doodles - G_6e786d/p_The first Doodle was a simple out-of-offi_345e61' is clicked on

07-06-2024T14:09:36 - [TEST_STEP][PASSED] - click(findTestObject("Object Repository/Page_The Story and Evolution of Doodles - G_6e786d/p_The first Doodle was a simple out-of-offi_345e61")): Object: 'Object Repository/Page_The Story and Evolution of Doodles - G_6e786d/p_The first Doodle was a simple out-of-offi_345e61' is clicked on

07-06-2024T14:09:36 - [MESSAGE][PASSED] - Object: 'Object Repository/Page_The Story and Evolution of Doodles - G_6e786d/p_The first Doodle was a simple out-of-offi_345e61' is clicked on

07-06-2024T14:09:36 - [TEST_STEP][PASSED] - verifyElementVisible(findTestObject("Object Repository/Page_The Story and Evolution of Doodles - G_6e786d/h1_The story behind Doodles")): Object 'Object Repository/Page_The Story and Evolution of Doodles - G_6e786d/h1_The story behind Doodles' is visible

07-06-2024T14:09:36 - [MESSAGE][PASSED] - Object 'Object Repository/Page_The Story and Evolution of Doodles - G_6e786d/h1_The story behind Doodles' is visible

07-06-2024T14:09:36 - [TEST_STEP][PASSED] - verifyElementVisible(findTestObject("Object Repository/Page_The Story and Evolution of Doodles - G_6e786d/p_The first Doodle was a simple out-of-offi_345e61")): Object 'Object Repository/Page_The Story and Evolution of Doodles - G_6e786d/p_The first Doodle was a simple out-of-offi_345e61' is visible

07-06-2024T14:09:37 - [MESSAGE][PASSED] - Object 'Object Repository/Page_The Story and Evolution of Doodles - G_6e786d/p_The first Doodle was a simple out-of-offi_345e61' is visible

07-06-2024T14:09:37 - [TEST_STEP][PASSED] - verifyElementVisible(findTestObject("Object Repository/Page_The Story and Evolution of Doodles - G_6e786d/h2_Weve created more than 5,000 Doodles ove_111429")): Object 'Object Repository/Page_The Story and Evolution of Doodles - G_6e786d/h2_Weve created more than 5,000 Doodles ove_111429' is visible

07-06-2024T14:09:37 - [MESSAGE][PASSED] - Object 'Object Repository/Page_The Story and Evolution of Doodles - G_6e786d/h2_Weve created more than 5,000 Doodles ove_111429' is visible

07-06-2024T14:09:37 - [TEST_STEP][PASSED] - verifyElementVisible(findTestObject("Object Repository/Page_The Story and Evolution of Doodles - G_6e786d/h1_The story behind Doodles")): Object 'Object Repository/Page_The Story and Evolution of Doodles - G_6e786d/h1_The story behind Doodles' is visible

07-06-2024T14:09:37 - [MESSAGE][PASSED] - Object 'Object Repository/Page_The Story and Evolution of Doodles - G_6e786d/h1_The story behind Doodles' is visible

07-06-2024T14:09:37 - [TEST_STEP][PASSED] - verifyElementVisible(findTestObject("Object Repository/Page_The Story and Evolution of Doodles - G_6e786d/p_The first Doodle was a simple out-of-offi_345e61")): Object 'Object Repository/Page_The Story and Evolution of Doodles - G_6e786d/p_The first Doodle was a simple out-of-offi_345e61' is visible

07-06-2024T14:09:37 - [MESSAGE][PASSED] - Object 'Object Repository/Page_The Story and Evolution of Doodles - G_6e786d/p_The first Doodle was a simple out-of-offi_345e61' is visible

07-06-2024T14:09:37 - [TEST_STEP][PASSED] - verifyElementVisible(findTestObject("Object Repository/Page_The Story and Evolution of Doodles - G_6e786d/h2_Weve created more than 5,000 Doodles ove_111429")): Object 'Object Repository/Page_The Story and Evolution of Doodles - G_6e786d/h2_Weve created more than 5,000 Doodles ove_111429' is visible

07-06-2024T14:09:37 - [MESSAGE][PASSED] - Object 'Object Repository/Page_The Story and Evolution of Doodles - G_6e786d/h2_Weve created more than 5,000 Doodles ove_111429' is visible

07-06-2024T14:09:37 - [TEST_STEP][PASSED] - click(findTestObject("Object Repository/Page_The Story and Evolution of Doodles - G_6e786d/p_The first Doodle was a simple out-of-offi_345e61")): Object: 'Object Repository/Page_The Story and Evolution of Doodles - G_6e786d/p_The first Doodle was a simple out-of-offi_345e61' is clicked on

07-06-2024T14:09:37 - [MESSAGE][PASSED] - Object: 'Object Repository/Page_The Story and Evolution of Doodles - G_6e786d/p_The first Doodle was a simple out-of-offi_345e61' is clicked on

07-06-2024T14:09:37 - [TEST_STEP][PASSED] - verifyElementVisible(findTestObject("Object Repository/Page_The Story and Evolution of Doodles - G_6e786d/h1_The story behind Doodles")): Object 'Object Repository/Page_The Story and Evolution of Doodles - G_6e786d/h1_The story behind Doodles' is visible

07-06-2024T14:09:37 - [MESSAGE][PASSED] - Object 'Object Repository/Page_The Story and Evolution of Doodles - G_6e786d/h1_The story behind Doodles' is visible

07-06-2024T14:09:37 - [TEST_STEP][PASSED] - verifyElementVisible(findTestObject("Object Repository/Page_The Story and Evolution of Doodles - G_6e786d/p_The first Doodle was a simple out-of-offi_345e61")): Object 'Object Repository/Page_The Story and Evolution of Doodles - G_6e786d/p_The first Doodle was a simple out-of-offi_345e61' is visible

07-06-2024T14:09:37 - [MESSAGE][PASSED] - Object 'Object Repository/Page_The Story and Evolution of Doodles - G_6e786d/p_The first Doodle was a simple out-of-offi_345e61' is visible

07-06-2024T14:09:37 - [TEST_STEP][PASSED] - verifyElementVisible(findTestObject("Object Repository/Page_The Story and Evolution of Doodles - G_6e786d/h2_Weve created more than 5,000 Doodles ove_111429")): Object 'Object Repository/Page_The Story and Evolution of Doodles - G_6e786d/h2_Weve created more than 5,000 Doodles ove_111429' is visible

07-06-2024T14:09:37 - [MESSAGE][PASSED] - Object 'Object Repository/Page_The Story and Evolution of Doodles - G_6e786d/h2_Weve created more than 5,000 Doodles ove_111429' is visible

07-06-2024T14:09:37 - [TEST_STEP][PASSED] - click(findTestObject("Object Repository/Page_The Story and Evolution of Doodles - G_6e786d/p_The first Doodle was a simple out-of-offi_345e61")): Object: 'Object Repository/Page_The Story and Evolution of Doodles - G_6e786d/p_The first Doodle was a simple out-of-offi_345e61' is clicked on

07-06-2024T14:09:37 - [MESSAGE][PASSED] - Object: 'Object Repository/Page_The Story and Evolution of Doodles - G_6e786d/p_The first Doodle was a simple out-of-offi_345e61' is clicked on

07-06-2024T14:09:37 - [TEST_STEP][PASSED] - verifyElementVisible(findTestObject("Object Repository/Page_The Story and Evolution of Doodles - G_6e786d/h1_The story behind Doodles")): Object 'Object Repository/Page_The Story and Evolution of Doodles - G_6e786d/h1_The story behind Doodles' is visible

07-06-2024T14:09:37 - [MESSAGE][PASSED] - Object 'Object Repository/Page_The Story and Evolution of Doodles - G_6e786d/h1_The story behind Doodles' is visible

07-06-2024T14:09:37 - [TEST_STEP][PASSED] - verifyElementVisible(findTestObject("Object Repository/Page_The Story and Evolution of Doodles - G_6e786d/p_The first Doodle was a simple out-of-offi_345e61")): Object 'Object Repository/Page_The Story and Evolution of Doodles - G_6e786d/p_The first Doodle was a simple out-of-offi_345e61' is visible

07-06-2024T14:09:37 - [MESSAGE][PASSED] - Object 'Object Repository/Page_The Story and Evolution of Doodles - G_6e786d/p_The first Doodle was a simple out-of-offi_345e61' is visible

07-06-2024T14:09:37 - [TEST_STEP][PASSED] - verifyElementVisible(findTestObject("Object Repository/Page_The Story and Evolution of Doodles - G_6e786d/h2_Weve created more than 5,000 Doodles ove_111429")): Object 'Object Repository/Page_The Story and Evolution of Doodles - G_6e786d/h2_Weve created more than 5,000 Doodles ove_111429' is visible

07-06-2024T14:09:37 - [MESSAGE][PASSED] - Object 'Object Repository/Page_The Story and Evolution of Doodles - G_6e786d/h2_Weve created more than 5,000 Doodles ove_111429' is visible

07-06-2024T14:09:37 - [TEST_STEP][PASSED] - click(findTestObject("Object Repository/Page_The Story and Evolution of Doodles - G_6e786d/p_The first Doodle was a simple out-of-offi_345e61")): Object: 'Object Repository/Page_The Story and Evolution of Doodles - G_6e786d/p_The first Doodle was a simple out-of-offi_345e61' is clicked on

07-06-2024T14:09:38 - [MESSAGE][PASSED] - Object: 'Object Repository/Page_The Story and Evolution of Doodles - G_6e786d/p_The first Doodle was a simple out-of-offi_345e61' is clicked on

07-06-2024T14:09:38 - [TEST_STEP][PASSED] - verifyElementVisible(findTestObject("Object Repository/Page_The Story and Evolution of Doodles - G_6e786d/h1_The story behind Doodles")): Object 'Object Repository/Page_The Story and Evolution of Doodles - G_6e786d/h1_The story behind Doodles' is visible

07-06-2024T14:09:38 - [MESSAGE][PASSED] - Object 'Object Repository/Page_The Story and Evolution of Doodles - G_6e786d/h1_The story behind Doodles' is visible

07-06-2024T14:09:38 - [TEST_STEP][PASSED] - verifyElementVisible(findTestObject("Object Repository/Page_The Story and Evolution of Doodles - G_6e786d/p_The first Doodle was a simple out-of-offi_345e61")): Object 'Object Repository/Page_The Story and Evolution of Doodles - G_6e786d/p_The first Doodle was a simple out-of-offi_345e61' is visible

07-06-2024T14:09:38 - [MESSAGE][PASSED] - Object 'Object Repository/Page_The Story and Evolution of Doodles - G_6e786d/p_The first Doodle was a simple out-of-offi_345e61' is visible

07-06-2024T14:09:38 - [TEST_STEP][PASSED] - verifyElementVisible(findTestObject("Object Repository/Page_The Story and Evolution of Doodles - G_6e786d/h2_Weve created more than 5,000 Doodles ove_111429")): Object 'Object Repository/Page_The Story and Evolution of Doodles - G_6e786d/h2_Weve created more than 5,000 Doodles ove_111429' is visible

07-06-2024T14:09:38 - [MESSAGE][PASSED] - Object 'Object Repository/Page_The Story and Evolution of Doodles - G_6e786d/h2_Weve created more than 5,000 Doodles ove_111429' is visible

07-06-2024T14:09:38 - [TEST_STEP][PASSED] - click(findTestObject("Object Repository/Page_The Story and Evolution of Doodles - G_6e786d/p_The first Doodle was a simple out-of-offi_345e61")): Object: 'Object Repository/Page_The Story and Evolution of Doodles - G_6e786d/p_The first Doodle was a simple out-of-offi_345e61' is clicked on

07-06-2024T14:09:38 - [MESSAGE][PASSED] - Object: 'Object Repository/Page_The Story and Evolution of Doodles - G_6e786d/p_The first Doodle was a simple out-of-offi_345e61' is clicked on

07-06-2024T14:09:38 - [TEST_STEP][PASSED] - verifyElementVisible(findTestObject("Object Repository/Page_The Story and Evolution of Doodles - G_6e786d/h1_The story behind Doodles")): Object 'Object Repository/Page_The Story and Evolution of Doodles - G_6e786d/h1_The story behind Doodles' is visible

07-06-2024T14:09:38 - [MESSAGE][PASSED] - Object 'Object Repository/Page_The Story and Evolution of Doodles - G_6e786d/h1_The story behind Doodles' is visible

07-06-2024T14:09:38 - [TEST_STEP][PASSED] - verifyElementVisible(findTestObject("Object Repository/Page_The Story and Evolution of Doodles - G_6e786d/p_The first Doodle was a simple out-of-offi_345e61")): Object 'Object Repository/Page_The Story and Evolution of Doodles - G_6e786d/p_The first Doodle was a simple out-of-offi_345e61' is visible

07-06-2024T14:09:38 - [MESSAGE][PASSED] - Object 'Object Repository/Page_The Story and Evolution of Doodles - G_6e786d/p_The first Doodle was a simple out-of-offi_345e61' is visible

07-06-2024T14:09:38 - [TEST_STEP][PASSED] - verifyElementVisible(findTestObject("Object Repository/Page_The Story and Evolution of Doodles - G_6e786d/h2_Weve created more than 5,000 Doodles ove_111429")): Object 'Object Repository/Page_The Story and Evolution of Doodles - G_6e786d/h2_Weve created more than 5,000 Doodles ove_111429' is visible

07-06-2024T14:09:38 - [MESSAGE][PASSED] - Object 'Object Repository/Page_The Story and Evolution of Doodles - G_6e786d/h2_Weve created more than 5,000 Doodles ove_111429' is visible

07-06-2024T14:09:38 - [TEST_STEP][PASSED] - click(findTestObject("Object Repository/Page_The Story and Evolution of Doodles - G_6e786d/p_The first Doodle was a simple out-of-offi_345e61")): Object: 'Object Repository/Page_The Story and Evolution of Doodles - G_6e786d/p_The first Doodle was a simple out-of-offi_345e61' is clicked on

07-06-2024T14:09:38 - [MESSAGE][PASSED] - Object: 'Object Repository/Page_The Story and Evolution of Doodles - G_6e786d/p_The first Doodle was a simple out-of-offi_345e61' is clicked on

07-06-2024T14:09:38 - [TEST_STEP][PASSED] - verifyElementVisible(findTestObject("Object Repository/Page_The Story and Evolution of Doodles - G_6e786d/h1_The story behind Doodles")): Object 'Object Repository/Page_The Story and Evolution of Doodles - G_6e786d/h1_The story behind Doodles' is visible

07-06-2024T14:09:38 - [MESSAGE][PASSED] - Object 'Object Repository/Page_The Story and Evolution of Doodles - G_6e786d/h1_The story behind Doodles' is visible

07-06-2024T14:09:38 - [TEST_STEP][PASSED] - verifyElementVisible(findTestObject("Object Repository/Page_The Story and Evolution of Doodles - G_6e786d/p_The first Doodle was a simple out-of-offi_345e61")): Object 'Object Repository/Page_The Story and Evolution of Doodles - G_6e786d/p_The first Doodle was a simple out-of-offi_345e61' is visible

07-06-2024T14:09:38 - [MESSAGE][PASSED] - Object 'Object Repository/Page_The Story and Evolution of Doodles - G_6e786d/p_The first Doodle was a simple out-of-offi_345e61' is visible

07-06-2024T14:09:38 - [TEST_STEP][PASSED] - verifyElementVisible(findTestObject("Object Repository/Page_The Story and Evolution of Doodles - G_6e786d/h2_Weve created more than 5,000 Doodles ove_111429")): Object 'Object Repository/Page_The Story and Evolution of Doodles - G_6e786d/h2_Weve created more than 5,000 Doodles ove_111429' is visible

07-06-2024T14:09:38 - [MESSAGE][PASSED] - Object 'Object Repository/Page_The Story and Evolution of Doodles - G_6e786d/h2_Weve created more than 5,000 Doodles ove_111429' is visible

07-06-2024T14:09:38 - [TEST_STEP][PASSED] - click(findTestObject("Object Repository/Page_The Story and Evolution of Doodles - G_6e786d/p_The first Doodle was a simple out-of-offi_345e61")): Object: 'Object Repository/Page_The Story and Evolution of Doodles - G_6e786d/p_The first Doodle was a simple out-of-offi_345e61' is clicked on

07-06-2024T14:09:39 - [MESSAGE][PASSED] - Object: 'Object Repository/Page_The Story and Evolution of Doodles - G_6e786d/p_The first Doodle was a simple out-of-offi_345e61' is clicked on

07-06-2024T14:09:39 - [TEST_STEP][PASSED] - verifyElementVisible(findTestObject("Object Repository/Page_The Story and Evolution of Doodles - G_6e786d/h1_The story behind Doodles")): Object 'Object Repository/Page_The Story and Evolution of Doodles - G_6e786d/h1_The story behind Doodles' is visible

07-06-2024T14:09:39 - [MESSAGE][PASSED] - Object 'Object Repository/Page_The Story and Evolution of Doodles - G_6e786d/h1_The story behind Doodles' is visible

07-06-2024T14:09:39 - [TEST_STEP][PASSED] - verifyElementVisible(findTestObject("Object Repository/Page_The Story and Evolution of Doodles - G_6e786d/p_The first Doodle was a simple out-of-offi_345e61")): Object 'Object Repository/Page_The Story and Evolution of Doodles - G_6e786d/p_The first Doodle was a simple out-of-offi_345e61' is visible

07-06-2024T14:09:39 - [MESSAGE][PASSED] - Object 'Object Repository/Page_The Story and Evolution of Doodles - G_6e786d/p_The first Doodle was a simple out-of-offi_345e61' is visible

07-06-2024T14:09:39 - [TEST_STEP][PASSED] - verifyElementVisible(findTestObject("Object Repository/Page_The Story and Evolution of Doodles - G_6e786d/h2_Weve created more than 5,000 Doodles ove_111429")): Object 'Object Repository/Page_The Story and Evolution of Doodles - G_6e786d/h2_Weve created more than 5,000 Doodles ove_111429' is visible

07-06-2024T14:09:39 - [MESSAGE][PASSED] - Object 'Object Repository/Page_The Story and Evolution of Doodles - G_6e786d/h2_Weve created more than 5,000 Doodles ove_111429' is visible

07-06-2024T14:09:39 - [TEST_STEP][PASSED] - click(findTestObject("Object Repository/Page_The Story and Evolution of Doodles - G_6e786d/p_The first Doodle was a simple out-of-offi_345e61")): Object: 'Object Repository/Page_The Story and Evolution of Doodles - G_6e786d/p_The first Doodle was a simple out-of-offi_345e61' is clicked on

07-06-2024T14:09:39 - [MESSAGE][PASSED] - Object: 'Object Repository/Page_The Story and Evolution of Doodles - G_6e786d/p_The first Doodle was a simple out-of-offi_345e61' is clicked on

07-06-2024T14:09:39 - [TEST_STEP][PASSED] - verifyElementVisible(findTestObject("Object Repository/Page_The Story and Evolution of Doodles - G_6e786d/h1_The story behind Doodles")): Object 'Object Repository/Page_The Story and Evolution of Doodles - G_6e786d/h1_The story behind Doodles' is visible

07-06-2024T14:09:39 - [MESSAGE][PASSED] - Object 'Object Repository/Page_The Story and Evolution of Doodles - G_6e786d/h1_The story behind Doodles' is visible

07-06-2024T14:09:39 - [TEST_STEP][PASSED] - verifyElementVisible(findTestObject("Object Repository/Page_The Story and Evolution of Doodles - G_6e786d/p_The first Doodle was a simple out-of-offi_345e61")): Object 'Object Repository/Page_The Story and Evolution of Doodles - G_6e786d/p_The first Doodle was a simple out-of-offi_345e61' is visible

07-06-2024T14:09:39 - [MESSAGE][PASSED] - Object 'Object Repository/Page_The Story and Evolution of Doodles - G_6e786d/p_The first Doodle was a simple out-of-offi_345e61' is visible

07-06-2024T14:09:39 - [TEST_STEP][PASSED] - verifyElementVisible(findTestObject("Object Repository/Page_The Story and Evolution of Doodles - G_6e786d/h2_Weve created more than 5,000 Doodles ove_111429")): Object 'Object Repository/Page_The Story and Evolution of Doodles - G_6e786d/h2_Weve created more than 5,000 Doodles ove_111429' is visible

07-06-2024T14:09:39 - [MESSAGE][PASSED] - Object 'Object Repository/Page_The Story and Evolution of Doodles - G_6e786d/h2_Weve created more than 5,000 Doodles ove_111429' is visible

07-06-2024T14:09:39 - [TEST_STEP][PASSED] - click(findTestObject("Object Repository/Page_The Story and Evolution of Doodles - G_6e786d/p_The first Doodle was a simple out-of-offi_345e61")): Object: 'Object Repository/Page_The Story and Evolution of Doodles - G_6e786d/p_The first Doodle was a simple out-of-offi_345e61' is clicked on

07-06-2024T14:09:39 - [MESSAGE][PASSED] - Object: 'Object Repository/Page_The Story and Evolution of Doodles - G_6e786d/p_The first Doodle was a simple out-of-offi_345e61' is clicked on

07-06-2024T14:09:39 - [TEST_STEP][PASSED] - verifyElementVisible(findTestObject("Object Repository/Page_The Story and Evolution of Doodles - G_6e786d/h1_The story behind Doodles")): Object 'Object Repository/Page_The Story and Evolution of Doodles - G_6e786d/h1_The story behind Doodles' is visible

07-06-2024T14:09:39 - [MESSAGE][PASSED] - Object 'Object Repository/Page_The Story and Evolution of Doodles - G_6e786d/h1_The story behind Doodles' is visible

07-06-2024T14:09:39 - [TEST_STEP][PASSED] - verifyElementVisible(findTestObject("Object Repository/Page_The Story and Evolution of Doodles - G_6e786d/p_The first Doodle was a simple out-of-offi_345e61")): Object 'Object Repository/Page_The Story and Evolution of Doodles - G_6e786d/p_The first Doodle was a simple out-of-offi_345e61' is visible

07-06-2024T14:09:39 - [MESSAGE][PASSED] - Object 'Object Repository/Page_The Story and Evolution of Doodles - G_6e786d/p_The first Doodle was a simple out-of-offi_345e61' is visible

07-06-2024T14:09:39 - [TEST_STEP][PASSED] - verifyElementVisible(findTestObject("Object Repository/Page_The Story and Evolution of Doodles - G_6e786d/h2_Weve created more than 5,000 Doodles ove_111429")): Object 'Object Repository/Page_The Story and Evolution of Doodles - G_6e786d/h2_Weve created more than 5,000 Doodles ove_111429' is visible

07-06-2024T14:09:39 - [MESSAGE][PASSED] - Object 'Object Repository/Page_The Story and Evolution of Doodles - G_6e786d/h2_Weve created more than 5,000 Doodles ove_111429' is visible

07-06-2024T14:09:39 - [TEST_STEP][PASSED] - click(findTestObject("Object Repository/Page_The Story and Evolution of Doodles - G_6e786d/p_The first Doodle was a simple out-of-offi_345e61")): Object: 'Object Repository/Page_The Story and Evolution of Doodles - G_6e786d/p_The first Doodle was a simple out-of-offi_345e61' is clicked on

07-06-2024T14:09:39 - [MESSAGE][PASSED] - Object: 'Object Repository/Page_The Story and Evolution of Doodles - G_6e786d/p_The first Doodle was a simple out-of-offi_345e61' is clicked on

07-06-2024T14:09:39 - [TEST_STEP][PASSED] - verifyElementVisible(findTestObject("Object Repository/Page_The Story and Evolution of Doodles - G_6e786d/h1_The story behind Doodles")): Object 'Object Repository/Page_The Story and Evolution of Doodles - G_6e786d/h1_The story behind Doodles' is visible

07-06-2024T14:09:40 - [MESSAGE][PASSED] - Object 'Object Repository/Page_The Story and Evolution of Doodles - G_6e786d/h1_The story behind Doodles' is visible

07-06-2024T14:09:40 - [TEST_STEP][PASSED] - verifyElementVisible(findTestObject("Object Repository/Page_The Story and Evolution of Doodles - G_6e786d/p_The first Doodle was a simple out-of-offi_345e61")): Object 'Object Repository/Page_The Story and Evolution of Doodles - G_6e786d/p_The first Doodle was a simple out-of-offi_345e61' is visible

07-06-2024T14:09:40 - [MESSAGE][PASSED] - Object 'Object Repository/Page_The Story and Evolution of Doodles - G_6e786d/p_The first Doodle was a simple out-of-offi_345e61' is visible

07-06-2024T14:09:40 - [TEST_STEP][PASSED] - verifyElementVisible(findTestObject("Object Repository/Page_The Story and Evolution of Doodles - G_6e786d/h2_Weve created more than 5,000 Doodles ove_111429")): Object 'Object Repository/Page_The Story and Evolution of Doodles - G_6e786d/h2_Weve created more than 5,000 Doodles ove_111429' is visible

07-06-2024T14:09:40 - [MESSAGE][PASSED] - Object 'Object Repository/Page_The Story and Evolution of Doodles - G_6e786d/h2_Weve created more than 5,000 Doodles ove_111429' is visible]]></system-out>
         <system-err><![CDATA[]]></system-err>
      </testcase>
      <testcase name="Test Cases/test case folder 1/tc1 - Copy (5) - Copy (2)" time="9.833" classname="Test Cases/test case folder 1/tc1 - Copy (5) - Copy (2)" status="PASSED">
         <system-out><![CDATA[07-06-2024T14:09:40 - [TEST_CASE][PASSED] - Test Cases/test case folder 1/tc1 - Copy (5) - Copy (2): Test Cases/test case folder 1/tc1 - Copy (5) - Copy (2)

07-06-2024T14:09:40 - [TEST_STEP][PASSED] - openBrowser(""): Browser is opened with url: ''

07-06-2024T14:09:40 - [MESSAGE][WARNING] - A browser is already opened. Closing browser and opening a new one

07-06-2024T14:09:41 - [MESSAGE][INFO] - Starting 'Firefox (headless)' driver

07-06-2024T14:09:41 - [MESSAGE][INFO] - Action delay is set to 0 milliseconds

07-06-2024T14:09:43 - [MESSAGE][PASSED] - Browser is opened with url: ''

07-06-2024T14:09:43 - [TEST_STEP][PASSED] - navigateToUrl("https://doodles.google/about/"): Navigate to 'https://doodles.google/about/' successfully

07-06-2024T14:09:46 - [MESSAGE][PASSED] - Navigate to 'https://doodles.google/about/' successfully

07-06-2024T14:09:46 - [TEST_STEP][PASSED] - click(findTestObject("Object Repository/Page_The Story and Evolution of Doodles - G_6e786d/p_The first Doodle was a simple out-of-offi_345e61")): Object: 'Object Repository/Page_The Story and Evolution of Doodles - G_6e786d/p_The first Doodle was a simple out-of-offi_345e61' is clicked on

07-06-2024T14:09:46 - [MESSAGE][PASSED] - Object: 'Object Repository/Page_The Story and Evolution of Doodles - G_6e786d/p_The first Doodle was a simple out-of-offi_345e61' is clicked on

07-06-2024T14:09:46 - [TEST_STEP][PASSED] - click(findTestObject("Object Repository/Page_The Story and Evolution of Doodles - G_6e786d/p_The first Doodle was a simple out-of-offi_345e61")): Object: 'Object Repository/Page_The Story and Evolution of Doodles - G_6e786d/p_The first Doodle was a simple out-of-offi_345e61' is clicked on

07-06-2024T14:09:46 - [MESSAGE][PASSED] - Object: 'Object Repository/Page_The Story and Evolution of Doodles - G_6e786d/p_The first Doodle was a simple out-of-offi_345e61' is clicked on

07-06-2024T14:09:46 - [TEST_STEP][PASSED] - verifyElementVisible(findTestObject("Object Repository/Page_The Story and Evolution of Doodles - G_6e786d/h1_The story behind Doodles")): Object 'Object Repository/Page_The Story and Evolution of Doodles - G_6e786d/h1_The story behind Doodles' is visible

07-06-2024T14:09:46 - [MESSAGE][PASSED] - Object 'Object Repository/Page_The Story and Evolution of Doodles - G_6e786d/h1_The story behind Doodles' is visible

07-06-2024T14:09:46 - [TEST_STEP][PASSED] - verifyElementVisible(findTestObject("Object Repository/Page_The Story and Evolution of Doodles - G_6e786d/p_The first Doodle was a simple out-of-offi_345e61")): Object 'Object Repository/Page_The Story and Evolution of Doodles - G_6e786d/p_The first Doodle was a simple out-of-offi_345e61' is visible

07-06-2024T14:09:46 - [MESSAGE][PASSED] - Object 'Object Repository/Page_The Story and Evolution of Doodles - G_6e786d/p_The first Doodle was a simple out-of-offi_345e61' is visible

07-06-2024T14:09:46 - [TEST_STEP][PASSED] - verifyElementVisible(findTestObject("Object Repository/Page_The Story and Evolution of Doodles - G_6e786d/h2_Weve created more than 5,000 Doodles ove_111429")): Object 'Object Repository/Page_The Story and Evolution of Doodles - G_6e786d/h2_Weve created more than 5,000 Doodles ove_111429' is visible

07-06-2024T14:09:46 - [MESSAGE][PASSED] - Object 'Object Repository/Page_The Story and Evolution of Doodles - G_6e786d/h2_Weve created more than 5,000 Doodles ove_111429' is visible

07-06-2024T14:09:46 - [TEST_STEP][PASSED] - verifyElementVisible(findTestObject("Object Repository/Page_The Story and Evolution of Doodles - G_6e786d/h1_The story behind Doodles")): Object 'Object Repository/Page_The Story and Evolution of Doodles - G_6e786d/h1_The story behind Doodles' is visible

07-06-2024T14:09:46 - [MESSAGE][PASSED] - Object 'Object Repository/Page_The Story and Evolution of Doodles - G_6e786d/h1_The story behind Doodles' is visible

07-06-2024T14:09:46 - [TEST_STEP][PASSED] - verifyElementVisible(findTestObject("Object Repository/Page_The Story and Evolution of Doodles - G_6e786d/p_The first Doodle was a simple out-of-offi_345e61")): Object 'Object Repository/Page_The Story and Evolution of Doodles - G_6e786d/p_The first Doodle was a simple out-of-offi_345e61' is visible

07-06-2024T14:09:46 - [MESSAGE][PASSED] - Object 'Object Repository/Page_The Story and Evolution of Doodles - G_6e786d/p_The first Doodle was a simple out-of-offi_345e61' is visible

07-06-2024T14:09:46 - [TEST_STEP][PASSED] - verifyElementVisible(findTestObject("Object Repository/Page_The Story and Evolution of Doodles - G_6e786d/h2_Weve created more than 5,000 Doodles ove_111429")): Object 'Object Repository/Page_The Story and Evolution of Doodles - G_6e786d/h2_Weve created more than 5,000 Doodles ove_111429' is visible

07-06-2024T14:09:46 - [MESSAGE][PASSED] - Object 'Object Repository/Page_The Story and Evolution of Doodles - G_6e786d/h2_Weve created more than 5,000 Doodles ove_111429' is visible

07-06-2024T14:09:46 - [TEST_STEP][PASSED] - click(findTestObject("Object Repository/Page_The Story and Evolution of Doodles - G_6e786d/p_The first Doodle was a simple out-of-offi_345e61")): Object: 'Object Repository/Page_The Story and Evolution of Doodles - G_6e786d/p_The first Doodle was a simple out-of-offi_345e61' is clicked on

07-06-2024T14:09:47 - [MESSAGE][PASSED] - Object: 'Object Repository/Page_The Story and Evolution of Doodles - G_6e786d/p_The first Doodle was a simple out-of-offi_345e61' is clicked on

07-06-2024T14:09:47 - [TEST_STEP][PASSED] - verifyElementVisible(findTestObject("Object Repository/Page_The Story and Evolution of Doodles - G_6e786d/h1_The story behind Doodles")): Object 'Object Repository/Page_The Story and Evolution of Doodles - G_6e786d/h1_The story behind Doodles' is visible

07-06-2024T14:09:47 - [MESSAGE][PASSED] - Object 'Object Repository/Page_The Story and Evolution of Doodles - G_6e786d/h1_The story behind Doodles' is visible

07-06-2024T14:09:47 - [TEST_STEP][PASSED] - verifyElementVisible(findTestObject("Object Repository/Page_The Story and Evolution of Doodles - G_6e786d/p_The first Doodle was a simple out-of-offi_345e61")): Object 'Object Repository/Page_The Story and Evolution of Doodles - G_6e786d/p_The first Doodle was a simple out-of-offi_345e61' is visible

07-06-2024T14:09:47 - [MESSAGE][PASSED] - Object 'Object Repository/Page_The Story and Evolution of Doodles - G_6e786d/p_The first Doodle was a simple out-of-offi_345e61' is visible

07-06-2024T14:09:47 - [TEST_STEP][PASSED] - verifyElementVisible(findTestObject("Object Repository/Page_The Story and Evolution of Doodles - G_6e786d/h2_Weve created more than 5,000 Doodles ove_111429")): Object 'Object Repository/Page_The Story and Evolution of Doodles - G_6e786d/h2_Weve created more than 5,000 Doodles ove_111429' is visible

07-06-2024T14:09:47 - [MESSAGE][PASSED] - Object 'Object Repository/Page_The Story and Evolution of Doodles - G_6e786d/h2_Weve created more than 5,000 Doodles ove_111429' is visible

07-06-2024T14:09:47 - [TEST_STEP][PASSED] - click(findTestObject("Object Repository/Page_The Story and Evolution of Doodles - G_6e786d/p_The first Doodle was a simple out-of-offi_345e61")): Object: 'Object Repository/Page_The Story and Evolution of Doodles - G_6e786d/p_The first Doodle was a simple out-of-offi_345e61' is clicked on

07-06-2024T14:09:47 - [MESSAGE][PASSED] - Object: 'Object Repository/Page_The Story and Evolution of Doodles - G_6e786d/p_The first Doodle was a simple out-of-offi_345e61' is clicked on

07-06-2024T14:09:47 - [TEST_STEP][PASSED] - verifyElementVisible(findTestObject("Object Repository/Page_The Story and Evolution of Doodles - G_6e786d/h1_The story behind Doodles")): Object 'Object Repository/Page_The Story and Evolution of Doodles - G_6e786d/h1_The story behind Doodles' is visible

07-06-2024T14:09:47 - [MESSAGE][PASSED] - Object 'Object Repository/Page_The Story and Evolution of Doodles - G_6e786d/h1_The story behind Doodles' is visible

07-06-2024T14:09:47 - [TEST_STEP][PASSED] - verifyElementVisible(findTestObject("Object Repository/Page_The Story and Evolution of Doodles - G_6e786d/p_The first Doodle was a simple out-of-offi_345e61")): Object 'Object Repository/Page_The Story and Evolution of Doodles - G_6e786d/p_The first Doodle was a simple out-of-offi_345e61' is visible

07-06-2024T14:09:47 - [MESSAGE][PASSED] - Object 'Object Repository/Page_The Story and Evolution of Doodles - G_6e786d/p_The first Doodle was a simple out-of-offi_345e61' is visible

07-06-2024T14:09:47 - [TEST_STEP][PASSED] - verifyElementVisible(findTestObject("Object Repository/Page_The Story and Evolution of Doodles - G_6e786d/h2_Weve created more than 5,000 Doodles ove_111429")): Object 'Object Repository/Page_The Story and Evolution of Doodles - G_6e786d/h2_Weve created more than 5,000 Doodles ove_111429' is visible

07-06-2024T14:09:47 - [MESSAGE][PASSED] - Object 'Object Repository/Page_The Story and Evolution of Doodles - G_6e786d/h2_Weve created more than 5,000 Doodles ove_111429' is visible

07-06-2024T14:09:47 - [TEST_STEP][PASSED] - click(findTestObject("Object Repository/Page_The Story and Evolution of Doodles - G_6e786d/p_The first Doodle was a simple out-of-offi_345e61")): Object: 'Object Repository/Page_The Story and Evolution of Doodles - G_6e786d/p_The first Doodle was a simple out-of-offi_345e61' is clicked on

07-06-2024T14:09:47 - [MESSAGE][PASSED] - Object: 'Object Repository/Page_The Story and Evolution of Doodles - G_6e786d/p_The first Doodle was a simple out-of-offi_345e61' is clicked on

07-06-2024T14:09:47 - [TEST_STEP][PASSED] - verifyElementVisible(findTestObject("Object Repository/Page_The Story and Evolution of Doodles - G_6e786d/h1_The story behind Doodles")): Object 'Object Repository/Page_The Story and Evolution of Doodles - G_6e786d/h1_The story behind Doodles' is visible

07-06-2024T14:09:47 - [MESSAGE][PASSED] - Object 'Object Repository/Page_The Story and Evolution of Doodles - G_6e786d/h1_The story behind Doodles' is visible

07-06-2024T14:09:47 - [TEST_STEP][PASSED] - verifyElementVisible(findTestObject("Object Repository/Page_The Story and Evolution of Doodles - G_6e786d/p_The first Doodle was a simple out-of-offi_345e61")): Object 'Object Repository/Page_The Story and Evolution of Doodles - G_6e786d/p_The first Doodle was a simple out-of-offi_345e61' is visible

07-06-2024T14:09:47 - [MESSAGE][PASSED] - Object 'Object Repository/Page_The Story and Evolution of Doodles - G_6e786d/p_The first Doodle was a simple out-of-offi_345e61' is visible

07-06-2024T14:09:47 - [TEST_STEP][PASSED] - verifyElementVisible(findTestObject("Object Repository/Page_The Story and Evolution of Doodles - G_6e786d/h2_Weve created more than 5,000 Doodles ove_111429")): Object 'Object Repository/Page_The Story and Evolution of Doodles - G_6e786d/h2_Weve created more than 5,000 Doodles ove_111429' is visible

07-06-2024T14:09:47 - [MESSAGE][PASSED] - Object 'Object Repository/Page_The Story and Evolution of Doodles - G_6e786d/h2_Weve created more than 5,000 Doodles ove_111429' is visible

07-06-2024T14:09:47 - [TEST_STEP][PASSED] - click(findTestObject("Object Repository/Page_The Story and Evolution of Doodles - G_6e786d/p_The first Doodle was a simple out-of-offi_345e61")): Object: 'Object Repository/Page_The Story and Evolution of Doodles - G_6e786d/p_The first Doodle was a simple out-of-offi_345e61' is clicked on

07-06-2024T14:09:48 - [MESSAGE][PASSED] - Object: 'Object Repository/Page_The Story and Evolution of Doodles - G_6e786d/p_The first Doodle was a simple out-of-offi_345e61' is clicked on

07-06-2024T14:09:48 - [TEST_STEP][PASSED] - verifyElementVisible(findTestObject("Object Repository/Page_The Story and Evolution of Doodles - G_6e786d/h1_The story behind Doodles")): Object 'Object Repository/Page_The Story and Evolution of Doodles - G_6e786d/h1_The story behind Doodles' is visible

07-06-2024T14:09:48 - [MESSAGE][PASSED] - Object 'Object Repository/Page_The Story and Evolution of Doodles - G_6e786d/h1_The story behind Doodles' is visible

07-06-2024T14:09:48 - [TEST_STEP][PASSED] - verifyElementVisible(findTestObject("Object Repository/Page_The Story and Evolution of Doodles - G_6e786d/p_The first Doodle was a simple out-of-offi_345e61")): Object 'Object Repository/Page_The Story and Evolution of Doodles - G_6e786d/p_The first Doodle was a simple out-of-offi_345e61' is visible

07-06-2024T14:09:48 - [MESSAGE][PASSED] - Object 'Object Repository/Page_The Story and Evolution of Doodles - G_6e786d/p_The first Doodle was a simple out-of-offi_345e61' is visible

07-06-2024T14:09:48 - [TEST_STEP][PASSED] - verifyElementVisible(findTestObject("Object Repository/Page_The Story and Evolution of Doodles - G_6e786d/h2_Weve created more than 5,000 Doodles ove_111429")): Object 'Object Repository/Page_The Story and Evolution of Doodles - G_6e786d/h2_Weve created more than 5,000 Doodles ove_111429' is visible

07-06-2024T14:09:48 - [MESSAGE][PASSED] - Object 'Object Repository/Page_The Story and Evolution of Doodles - G_6e786d/h2_Weve created more than 5,000 Doodles ove_111429' is visible

07-06-2024T14:09:48 - [TEST_STEP][PASSED] - click(findTestObject("Object Repository/Page_The Story and Evolution of Doodles - G_6e786d/p_The first Doodle was a simple out-of-offi_345e61")): Object: 'Object Repository/Page_The Story and Evolution of Doodles - G_6e786d/p_The first Doodle was a simple out-of-offi_345e61' is clicked on

07-06-2024T14:09:48 - [MESSAGE][PASSED] - Object: 'Object Repository/Page_The Story and Evolution of Doodles - G_6e786d/p_The first Doodle was a simple out-of-offi_345e61' is clicked on

07-06-2024T14:09:48 - [TEST_STEP][PASSED] - verifyElementVisible(findTestObject("Object Repository/Page_The Story and Evolution of Doodles - G_6e786d/h1_The story behind Doodles")): Object 'Object Repository/Page_The Story and Evolution of Doodles - G_6e786d/h1_The story behind Doodles' is visible

07-06-2024T14:09:48 - [MESSAGE][PASSED] - Object 'Object Repository/Page_The Story and Evolution of Doodles - G_6e786d/h1_The story behind Doodles' is visible

07-06-2024T14:09:48 - [TEST_STEP][PASSED] - verifyElementVisible(findTestObject("Object Repository/Page_The Story and Evolution of Doodles - G_6e786d/p_The first Doodle was a simple out-of-offi_345e61")): Object 'Object Repository/Page_The Story and Evolution of Doodles - G_6e786d/p_The first Doodle was a simple out-of-offi_345e61' is visible

07-06-2024T14:09:48 - [MESSAGE][PASSED] - Object 'Object Repository/Page_The Story and Evolution of Doodles - G_6e786d/p_The first Doodle was a simple out-of-offi_345e61' is visible

07-06-2024T14:09:48 - [TEST_STEP][PASSED] - verifyElementVisible(findTestObject("Object Repository/Page_The Story and Evolution of Doodles - G_6e786d/h2_Weve created more than 5,000 Doodles ove_111429")): Object 'Object Repository/Page_The Story and Evolution of Doodles - G_6e786d/h2_Weve created more than 5,000 Doodles ove_111429' is visible

07-06-2024T14:09:48 - [MESSAGE][PASSED] - Object 'Object Repository/Page_The Story and Evolution of Doodles - G_6e786d/h2_Weve created more than 5,000 Doodles ove_111429' is visible

07-06-2024T14:09:48 - [TEST_STEP][PASSED] - click(findTestObject("Object Repository/Page_The Story and Evolution of Doodles - G_6e786d/p_The first Doodle was a simple out-of-offi_345e61")): Object: 'Object Repository/Page_The Story and Evolution of Doodles - G_6e786d/p_The first Doodle was a simple out-of-offi_345e61' is clicked on

07-06-2024T14:09:48 - [MESSAGE][PASSED] - Object: 'Object Repository/Page_The Story and Evolution of Doodles - G_6e786d/p_The first Doodle was a simple out-of-offi_345e61' is clicked on

07-06-2024T14:09:48 - [TEST_STEP][PASSED] - verifyElementVisible(findTestObject("Object Repository/Page_The Story and Evolution of Doodles - G_6e786d/h1_The story behind Doodles")): Object 'Object Repository/Page_The Story and Evolution of Doodles - G_6e786d/h1_The story behind Doodles' is visible

07-06-2024T14:09:48 - [MESSAGE][PASSED] - Object 'Object Repository/Page_The Story and Evolution of Doodles - G_6e786d/h1_The story behind Doodles' is visible

07-06-2024T14:09:48 - [TEST_STEP][PASSED] - verifyElementVisible(findTestObject("Object Repository/Page_The Story and Evolution of Doodles - G_6e786d/p_The first Doodle was a simple out-of-offi_345e61")): Object 'Object Repository/Page_The Story and Evolution of Doodles - G_6e786d/p_The first Doodle was a simple out-of-offi_345e61' is visible

07-06-2024T14:09:48 - [MESSAGE][PASSED] - Object 'Object Repository/Page_The Story and Evolution of Doodles - G_6e786d/p_The first Doodle was a simple out-of-offi_345e61' is visible

07-06-2024T14:09:48 - [TEST_STEP][PASSED] - verifyElementVisible(findTestObject("Object Repository/Page_The Story and Evolution of Doodles - G_6e786d/h2_Weve created more than 5,000 Doodles ove_111429")): Object 'Object Repository/Page_The Story and Evolution of Doodles - G_6e786d/h2_Weve created more than 5,000 Doodles ove_111429' is visible

07-06-2024T14:09:48 - [MESSAGE][PASSED] - Object 'Object Repository/Page_The Story and Evolution of Doodles - G_6e786d/h2_Weve created more than 5,000 Doodles ove_111429' is visible

07-06-2024T14:09:48 - [TEST_STEP][PASSED] - click(findTestObject("Object Repository/Page_The Story and Evolution of Doodles - G_6e786d/p_The first Doodle was a simple out-of-offi_345e61")): Object: 'Object Repository/Page_The Story and Evolution of Doodles - G_6e786d/p_The first Doodle was a simple out-of-offi_345e61' is clicked on

07-06-2024T14:09:49 - [MESSAGE][PASSED] - Object: 'Object Repository/Page_The Story and Evolution of Doodles - G_6e786d/p_The first Doodle was a simple out-of-offi_345e61' is clicked on

07-06-2024T14:09:49 - [TEST_STEP][PASSED] - verifyElementVisible(findTestObject("Object Repository/Page_The Story and Evolution of Doodles - G_6e786d/h1_The story behind Doodles")): Object 'Object Repository/Page_The Story and Evolution of Doodles - G_6e786d/h1_The story behind Doodles' is visible

07-06-2024T14:09:49 - [MESSAGE][PASSED] - Object 'Object Repository/Page_The Story and Evolution of Doodles - G_6e786d/h1_The story behind Doodles' is visible

07-06-2024T14:09:49 - [TEST_STEP][PASSED] - verifyElementVisible(findTestObject("Object Repository/Page_The Story and Evolution of Doodles - G_6e786d/p_The first Doodle was a simple out-of-offi_345e61")): Object 'Object Repository/Page_The Story and Evolution of Doodles - G_6e786d/p_The first Doodle was a simple out-of-offi_345e61' is visible

07-06-2024T14:09:49 - [MESSAGE][PASSED] - Object 'Object Repository/Page_The Story and Evolution of Doodles - G_6e786d/p_The first Doodle was a simple out-of-offi_345e61' is visible

07-06-2024T14:09:49 - [TEST_STEP][PASSED] - verifyElementVisible(findTestObject("Object Repository/Page_The Story and Evolution of Doodles - G_6e786d/h2_Weve created more than 5,000 Doodles ove_111429")): Object 'Object Repository/Page_The Story and Evolution of Doodles - G_6e786d/h2_Weve created more than 5,000 Doodles ove_111429' is visible

07-06-2024T14:09:49 - [MESSAGE][PASSED] - Object 'Object Repository/Page_The Story and Evolution of Doodles - G_6e786d/h2_Weve created more than 5,000 Doodles ove_111429' is visible

07-06-2024T14:09:49 - [TEST_STEP][PASSED] - click(findTestObject("Object Repository/Page_The Story and Evolution of Doodles - G_6e786d/p_The first Doodle was a simple out-of-offi_345e61")): Object: 'Object Repository/Page_The Story and Evolution of Doodles - G_6e786d/p_The first Doodle was a simple out-of-offi_345e61' is clicked on

07-06-2024T14:09:49 - [MESSAGE][PASSED] - Object: 'Object Repository/Page_The Story and Evolution of Doodles - G_6e786d/p_The first Doodle was a simple out-of-offi_345e61' is clicked on

07-06-2024T14:09:49 - [TEST_STEP][PASSED] - verifyElementVisible(findTestObject("Object Repository/Page_The Story and Evolution of Doodles - G_6e786d/h1_The story behind Doodles")): Object 'Object Repository/Page_The Story and Evolution of Doodles - G_6e786d/h1_The story behind Doodles' is visible

07-06-2024T14:09:49 - [MESSAGE][PASSED] - Object 'Object Repository/Page_The Story and Evolution of Doodles - G_6e786d/h1_The story behind Doodles' is visible

07-06-2024T14:09:49 - [TEST_STEP][PASSED] - verifyElementVisible(findTestObject("Object Repository/Page_The Story and Evolution of Doodles - G_6e786d/p_The first Doodle was a simple out-of-offi_345e61")): Object 'Object Repository/Page_The Story and Evolution of Doodles - G_6e786d/p_The first Doodle was a simple out-of-offi_345e61' is visible

07-06-2024T14:09:49 - [MESSAGE][PASSED] - Object 'Object Repository/Page_The Story and Evolution of Doodles - G_6e786d/p_The first Doodle was a simple out-of-offi_345e61' is visible

07-06-2024T14:09:49 - [TEST_STEP][PASSED] - verifyElementVisible(findTestObject("Object Repository/Page_The Story and Evolution of Doodles - G_6e786d/h2_Weve created more than 5,000 Doodles ove_111429")): Object 'Object Repository/Page_The Story and Evolution of Doodles - G_6e786d/h2_Weve created more than 5,000 Doodles ove_111429' is visible

07-06-2024T14:09:49 - [MESSAGE][PASSED] - Object 'Object Repository/Page_The Story and Evolution of Doodles - G_6e786d/h2_Weve created more than 5,000 Doodles ove_111429' is visible

07-06-2024T14:09:49 - [TEST_STEP][PASSED] - click(findTestObject("Object Repository/Page_The Story and Evolution of Doodles - G_6e786d/p_The first Doodle was a simple out-of-offi_345e61")): Object: 'Object Repository/Page_The Story and Evolution of Doodles - G_6e786d/p_The first Doodle was a simple out-of-offi_345e61' is clicked on

07-06-2024T14:09:49 - [MESSAGE][PASSED] - Object: 'Object Repository/Page_The Story and Evolution of Doodles - G_6e786d/p_The first Doodle was a simple out-of-offi_345e61' is clicked on

07-06-2024T14:09:49 - [TEST_STEP][PASSED] - verifyElementVisible(findTestObject("Object Repository/Page_The Story and Evolution of Doodles - G_6e786d/h1_The story behind Doodles")): Object 'Object Repository/Page_The Story and Evolution of Doodles - G_6e786d/h1_The story behind Doodles' is visible

07-06-2024T14:09:49 - [MESSAGE][PASSED] - Object 'Object Repository/Page_The Story and Evolution of Doodles - G_6e786d/h1_The story behind Doodles' is visible

07-06-2024T14:09:49 - [TEST_STEP][PASSED] - verifyElementVisible(findTestObject("Object Repository/Page_The Story and Evolution of Doodles - G_6e786d/p_The first Doodle was a simple out-of-offi_345e61")): Object 'Object Repository/Page_The Story and Evolution of Doodles - G_6e786d/p_The first Doodle was a simple out-of-offi_345e61' is visible

07-06-2024T14:09:49 - [MESSAGE][PASSED] - Object 'Object Repository/Page_The Story and Evolution of Doodles - G_6e786d/p_The first Doodle was a simple out-of-offi_345e61' is visible

07-06-2024T14:09:49 - [TEST_STEP][PASSED] - verifyElementVisible(findTestObject("Object Repository/Page_The Story and Evolution of Doodles - G_6e786d/h2_Weve created more than 5,000 Doodles ove_111429")): Object 'Object Repository/Page_The Story and Evolution of Doodles - G_6e786d/h2_Weve created more than 5,000 Doodles ove_111429' is visible

07-06-2024T14:09:49 - [MESSAGE][PASSED] - Object 'Object Repository/Page_The Story and Evolution of Doodles - G_6e786d/h2_Weve created more than 5,000 Doodles ove_111429' is visible]]></system-out>
         <system-err><![CDATA[]]></system-err>
      </testcase>
      <testcase name="Test Cases/test case folder 1/tc1 - Copy (5) - Copy (3)" time="8.706" classname="Test Cases/test case folder 1/tc1 - Copy (5) - Copy (3)" status="PASSED">
         <system-out><![CDATA[07-06-2024T14:09:49 - [TEST_CASE][PASSED] - Test Cases/test case folder 1/tc1 - Copy (5) - Copy (3): Test Cases/test case folder 1/tc1 - Copy (5) - Copy (3)

07-06-2024T14:09:49 - [TEST_STEP][PASSED] - openBrowser(""): Browser is opened with url: ''

07-06-2024T14:09:49 - [MESSAGE][WARNING] - A browser is already opened. Closing browser and opening a new one

07-06-2024T14:09:50 - [MESSAGE][INFO] - Starting 'Firefox (headless)' driver

07-06-2024T14:09:50 - [MESSAGE][INFO] - Action delay is set to 0 milliseconds

07-06-2024T14:09:53 - [MESSAGE][PASSED] - Browser is opened with url: ''

07-06-2024T14:09:53 - [TEST_STEP][PASSED] - navigateToUrl("https://doodles.google/about/"): Navigate to 'https://doodles.google/about/' successfully

07-06-2024T14:09:54 - [MESSAGE][PASSED] - Navigate to 'https://doodles.google/about/' successfully

07-06-2024T14:09:54 - [TEST_STEP][PASSED] - click(findTestObject("Object Repository/Page_The Story and Evolution of Doodles - G_6e786d/p_The first Doodle was a simple out-of-offi_345e61")): Object: 'Object Repository/Page_The Story and Evolution of Doodles - G_6e786d/p_The first Doodle was a simple out-of-offi_345e61' is clicked on

07-06-2024T14:09:54 - [MESSAGE][PASSED] - Object: 'Object Repository/Page_The Story and Evolution of Doodles - G_6e786d/p_The first Doodle was a simple out-of-offi_345e61' is clicked on

07-06-2024T14:09:54 - [TEST_STEP][PASSED] - click(findTestObject("Object Repository/Page_The Story and Evolution of Doodles - G_6e786d/p_The first Doodle was a simple out-of-offi_345e61")): Object: 'Object Repository/Page_The Story and Evolution of Doodles - G_6e786d/p_The first Doodle was a simple out-of-offi_345e61' is clicked on

07-06-2024T14:09:55 - [MESSAGE][PASSED] - Object: 'Object Repository/Page_The Story and Evolution of Doodles - G_6e786d/p_The first Doodle was a simple out-of-offi_345e61' is clicked on

07-06-2024T14:09:55 - [TEST_STEP][PASSED] - verifyElementVisible(findTestObject("Object Repository/Page_The Story and Evolution of Doodles - G_6e786d/h1_The story behind Doodles")): Object 'Object Repository/Page_The Story and Evolution of Doodles - G_6e786d/h1_The story behind Doodles' is visible

07-06-2024T14:09:55 - [MESSAGE][PASSED] - Object 'Object Repository/Page_The Story and Evolution of Doodles - G_6e786d/h1_The story behind Doodles' is visible

07-06-2024T14:09:55 - [TEST_STEP][PASSED] - verifyElementVisible(findTestObject("Object Repository/Page_The Story and Evolution of Doodles - G_6e786d/p_The first Doodle was a simple out-of-offi_345e61")): Object 'Object Repository/Page_The Story and Evolution of Doodles - G_6e786d/p_The first Doodle was a simple out-of-offi_345e61' is visible

07-06-2024T14:09:55 - [MESSAGE][PASSED] - Object 'Object Repository/Page_The Story and Evolution of Doodles - G_6e786d/p_The first Doodle was a simple out-of-offi_345e61' is visible

07-06-2024T14:09:55 - [TEST_STEP][PASSED] - verifyElementVisible(findTestObject("Object Repository/Page_The Story and Evolution of Doodles - G_6e786d/h2_Weve created more than 5,000 Doodles ove_111429")): Object 'Object Repository/Page_The Story and Evolution of Doodles - G_6e786d/h2_Weve created more than 5,000 Doodles ove_111429' is visible

07-06-2024T14:09:55 - [MESSAGE][PASSED] - Object 'Object Repository/Page_The Story and Evolution of Doodles - G_6e786d/h2_Weve created more than 5,000 Doodles ove_111429' is visible

07-06-2024T14:09:55 - [TEST_STEP][PASSED] - verifyElementVisible(findTestObject("Object Repository/Page_The Story and Evolution of Doodles - G_6e786d/h1_The story behind Doodles")): Object 'Object Repository/Page_The Story and Evolution of Doodles - G_6e786d/h1_The story behind Doodles' is visible

07-06-2024T14:09:55 - [MESSAGE][PASSED] - Object 'Object Repository/Page_The Story and Evolution of Doodles - G_6e786d/h1_The story behind Doodles' is visible

07-06-2024T14:09:55 - [TEST_STEP][PASSED] - verifyElementVisible(findTestObject("Object Repository/Page_The Story and Evolution of Doodles - G_6e786d/p_The first Doodle was a simple out-of-offi_345e61")): Object 'Object Repository/Page_The Story and Evolution of Doodles - G_6e786d/p_The first Doodle was a simple out-of-offi_345e61' is visible

07-06-2024T14:09:55 - [MESSAGE][PASSED] - Object 'Object Repository/Page_The Story and Evolution of Doodles - G_6e786d/p_The first Doodle was a simple out-of-offi_345e61' is visible

07-06-2024T14:09:55 - [TEST_STEP][PASSED] - verifyElementVisible(findTestObject("Object Repository/Page_The Story and Evolution of Doodles - G_6e786d/h2_Weve created more than 5,000 Doodles ove_111429")): Object 'Object Repository/Page_The Story and Evolution of Doodles - G_6e786d/h2_Weve created more than 5,000 Doodles ove_111429' is visible

07-06-2024T14:09:55 - [MESSAGE][PASSED] - Object 'Object Repository/Page_The Story and Evolution of Doodles - G_6e786d/h2_Weve created more than 5,000 Doodles ove_111429' is visible

07-06-2024T14:09:55 - [TEST_STEP][PASSED] - click(findTestObject("Object Repository/Page_The Story and Evolution of Doodles - G_6e786d/p_The first Doodle was a simple out-of-offi_345e61")): Object: 'Object Repository/Page_The Story and Evolution of Doodles - G_6e786d/p_The first Doodle was a simple out-of-offi_345e61' is clicked on

07-06-2024T14:09:55 - [MESSAGE][PASSED] - Object: 'Object Repository/Page_The Story and Evolution of Doodles - G_6e786d/p_The first Doodle was a simple out-of-offi_345e61' is clicked on

07-06-2024T14:09:55 - [TEST_STEP][PASSED] - verifyElementVisible(findTestObject("Object Repository/Page_The Story and Evolution of Doodles - G_6e786d/h1_The story behind Doodles")): Object 'Object Repository/Page_The Story and Evolution of Doodles - G_6e786d/h1_The story behind Doodles' is visible

07-06-2024T14:09:55 - [MESSAGE][PASSED] - Object 'Object Repository/Page_The Story and Evolution of Doodles - G_6e786d/h1_The story behind Doodles' is visible

07-06-2024T14:09:55 - [TEST_STEP][PASSED] - verifyElementVisible(findTestObject("Object Repository/Page_The Story and Evolution of Doodles - G_6e786d/p_The first Doodle was a simple out-of-offi_345e61")): Object 'Object Repository/Page_The Story and Evolution of Doodles - G_6e786d/p_The first Doodle was a simple out-of-offi_345e61' is visible

07-06-2024T14:09:55 - [MESSAGE][PASSED] - Object 'Object Repository/Page_The Story and Evolution of Doodles - G_6e786d/p_The first Doodle was a simple out-of-offi_345e61' is visible

07-06-2024T14:09:55 - [TEST_STEP][PASSED] - verifyElementVisible(findTestObject("Object Repository/Page_The Story and Evolution of Doodles - G_6e786d/h2_Weve created more than 5,000 Doodles ove_111429")): Object 'Object Repository/Page_The Story and Evolution of Doodles - G_6e786d/h2_Weve created more than 5,000 Doodles ove_111429' is visible

07-06-2024T14:09:55 - [MESSAGE][PASSED] - Object 'Object Repository/Page_The Story and Evolution of Doodles - G_6e786d/h2_Weve created more than 5,000 Doodles ove_111429' is visible

07-06-2024T14:09:55 - [TEST_STEP][PASSED] - click(findTestObject("Object Repository/Page_The Story and Evolution of Doodles - G_6e786d/p_The first Doodle was a simple out-of-offi_345e61")): Object: 'Object Repository/Page_The Story and Evolution of Doodles - G_6e786d/p_The first Doodle was a simple out-of-offi_345e61' is clicked on

07-06-2024T14:09:56 - [MESSAGE][PASSED] - Object: 'Object Repository/Page_The Story and Evolution of Doodles - G_6e786d/p_The first Doodle was a simple out-of-offi_345e61' is clicked on

07-06-2024T14:09:56 - [TEST_STEP][PASSED] - verifyElementVisible(findTestObject("Object Repository/Page_The Story and Evolution of Doodles - G_6e786d/h1_The story behind Doodles")): Object 'Object Repository/Page_The Story and Evolution of Doodles - G_6e786d/h1_The story behind Doodles' is visible

07-06-2024T14:09:56 - [MESSAGE][PASSED] - Object 'Object Repository/Page_The Story and Evolution of Doodles - G_6e786d/h1_The story behind Doodles' is visible

07-06-2024T14:09:56 - [TEST_STEP][PASSED] - verifyElementVisible(findTestObject("Object Repository/Page_The Story and Evolution of Doodles - G_6e786d/p_The first Doodle was a simple out-of-offi_345e61")): Object 'Object Repository/Page_The Story and Evolution of Doodles - G_6e786d/p_The first Doodle was a simple out-of-offi_345e61' is visible

07-06-2024T14:09:56 - [MESSAGE][PASSED] - Object 'Object Repository/Page_The Story and Evolution of Doodles - G_6e786d/p_The first Doodle was a simple out-of-offi_345e61' is visible

07-06-2024T14:09:56 - [TEST_STEP][PASSED] - verifyElementVisible(findTestObject("Object Repository/Page_The Story and Evolution of Doodles - G_6e786d/h2_Weve created more than 5,000 Doodles ove_111429")): Object 'Object Repository/Page_The Story and Evolution of Doodles - G_6e786d/h2_Weve created more than 5,000 Doodles ove_111429' is visible

07-06-2024T14:09:56 - [MESSAGE][PASSED] - Object 'Object Repository/Page_The Story and Evolution of Doodles - G_6e786d/h2_Weve created more than 5,000 Doodles ove_111429' is visible

07-06-2024T14:09:56 - [TEST_STEP][PASSED] - click(findTestObject("Object Repository/Page_The Story and Evolution of Doodles - G_6e786d/p_The first Doodle was a simple out-of-offi_345e61")): Object: 'Object Repository/Page_The Story and Evolution of Doodles - G_6e786d/p_The first Doodle was a simple out-of-offi_345e61' is clicked on

07-06-2024T14:09:56 - [MESSAGE][PASSED] - Object: 'Object Repository/Page_The Story and Evolution of Doodles - G_6e786d/p_The first Doodle was a simple out-of-offi_345e61' is clicked on

07-06-2024T14:09:56 - [TEST_STEP][PASSED] - verifyElementVisible(findTestObject("Object Repository/Page_The Story and Evolution of Doodles - G_6e786d/h1_The story behind Doodles")): Object 'Object Repository/Page_The Story and Evolution of Doodles - G_6e786d/h1_The story behind Doodles' is visible

07-06-2024T14:09:56 - [MESSAGE][PASSED] - Object 'Object Repository/Page_The Story and Evolution of Doodles - G_6e786d/h1_The story behind Doodles' is visible

07-06-2024T14:09:56 - [TEST_STEP][PASSED] - verifyElementVisible(findTestObject("Object Repository/Page_The Story and Evolution of Doodles - G_6e786d/p_The first Doodle was a simple out-of-offi_345e61")): Object 'Object Repository/Page_The Story and Evolution of Doodles - G_6e786d/p_The first Doodle was a simple out-of-offi_345e61' is visible

07-06-2024T14:09:56 - [MESSAGE][PASSED] - Object 'Object Repository/Page_The Story and Evolution of Doodles - G_6e786d/p_The first Doodle was a simple out-of-offi_345e61' is visible

07-06-2024T14:09:56 - [TEST_STEP][PASSED] - verifyElementVisible(findTestObject("Object Repository/Page_The Story and Evolution of Doodles - G_6e786d/h2_Weve created more than 5,000 Doodles ove_111429")): Object 'Object Repository/Page_The Story and Evolution of Doodles - G_6e786d/h2_Weve created more than 5,000 Doodles ove_111429' is visible

07-06-2024T14:09:56 - [MESSAGE][PASSED] - Object 'Object Repository/Page_The Story and Evolution of Doodles - G_6e786d/h2_Weve created more than 5,000 Doodles ove_111429' is visible

07-06-2024T14:09:56 - [TEST_STEP][PASSED] - click(findTestObject("Object Repository/Page_The Story and Evolution of Doodles - G_6e786d/p_The first Doodle was a simple out-of-offi_345e61")): Object: 'Object Repository/Page_The Story and Evolution of Doodles - G_6e786d/p_The first Doodle was a simple out-of-offi_345e61' is clicked on

07-06-2024T14:09:56 - [MESSAGE][PASSED] - Object: 'Object Repository/Page_The Story and Evolution of Doodles - G_6e786d/p_The first Doodle was a simple out-of-offi_345e61' is clicked on

07-06-2024T14:09:56 - [TEST_STEP][PASSED] - verifyElementVisible(findTestObject("Object Repository/Page_The Story and Evolution of Doodles - G_6e786d/h1_The story behind Doodles")): Object 'Object Repository/Page_The Story and Evolution of Doodles - G_6e786d/h1_The story behind Doodles' is visible

07-06-2024T14:09:56 - [MESSAGE][PASSED] - Object 'Object Repository/Page_The Story and Evolution of Doodles - G_6e786d/h1_The story behind Doodles' is visible

07-06-2024T14:09:56 - [TEST_STEP][PASSED] - verifyElementVisible(findTestObject("Object Repository/Page_The Story and Evolution of Doodles - G_6e786d/p_The first Doodle was a simple out-of-offi_345e61")): Object 'Object Repository/Page_The Story and Evolution of Doodles - G_6e786d/p_The first Doodle was a simple out-of-offi_345e61' is visible

07-06-2024T14:09:56 - [MESSAGE][PASSED] - Object 'Object Repository/Page_The Story and Evolution of Doodles - G_6e786d/p_The first Doodle was a simple out-of-offi_345e61' is visible

07-06-2024T14:09:56 - [TEST_STEP][PASSED] - verifyElementVisible(findTestObject("Object Repository/Page_The Story and Evolution of Doodles - G_6e786d/h2_Weve created more than 5,000 Doodles ove_111429")): Object 'Object Repository/Page_The Story and Evolution of Doodles - G_6e786d/h2_Weve created more than 5,000 Doodles ove_111429' is visible

07-06-2024T14:09:56 - [MESSAGE][PASSED] - Object 'Object Repository/Page_The Story and Evolution of Doodles - G_6e786d/h2_Weve created more than 5,000 Doodles ove_111429' is visible

07-06-2024T14:09:56 - [TEST_STEP][PASSED] - click(findTestObject("Object Repository/Page_The Story and Evolution of Doodles - G_6e786d/p_The first Doodle was a simple out-of-offi_345e61")): Object: 'Object Repository/Page_The Story and Evolution of Doodles - G_6e786d/p_The first Doodle was a simple out-of-offi_345e61' is clicked on

07-06-2024T14:09:57 - [MESSAGE][PASSED] - Object: 'Object Repository/Page_The Story and Evolution of Doodles - G_6e786d/p_The first Doodle was a simple out-of-offi_345e61' is clicked on

07-06-2024T14:09:57 - [TEST_STEP][PASSED] - verifyElementVisible(findTestObject("Object Repository/Page_The Story and Evolution of Doodles - G_6e786d/h1_The story behind Doodles")): Object 'Object Repository/Page_The Story and Evolution of Doodles - G_6e786d/h1_The story behind Doodles' is visible

07-06-2024T14:09:57 - [MESSAGE][PASSED] - Object 'Object Repository/Page_The Story and Evolution of Doodles - G_6e786d/h1_The story behind Doodles' is visible

07-06-2024T14:09:57 - [TEST_STEP][PASSED] - verifyElementVisible(findTestObject("Object Repository/Page_The Story and Evolution of Doodles - G_6e786d/p_The first Doodle was a simple out-of-offi_345e61")): Object 'Object Repository/Page_The Story and Evolution of Doodles - G_6e786d/p_The first Doodle was a simple out-of-offi_345e61' is visible

07-06-2024T14:09:57 - [MESSAGE][PASSED] - Object 'Object Repository/Page_The Story and Evolution of Doodles - G_6e786d/p_The first Doodle was a simple out-of-offi_345e61' is visible

07-06-2024T14:09:57 - [TEST_STEP][PASSED] - verifyElementVisible(findTestObject("Object Repository/Page_The Story and Evolution of Doodles - G_6e786d/h2_Weve created more than 5,000 Doodles ove_111429")): Object 'Object Repository/Page_The Story and Evolution of Doodles - G_6e786d/h2_Weve created more than 5,000 Doodles ove_111429' is visible

07-06-2024T14:09:57 - [MESSAGE][PASSED] - Object 'Object Repository/Page_The Story and Evolution of Doodles - G_6e786d/h2_Weve created more than 5,000 Doodles ove_111429' is visible

07-06-2024T14:09:57 - [TEST_STEP][PASSED] - click(findTestObject("Object Repository/Page_The Story and Evolution of Doodles - G_6e786d/p_The first Doodle was a simple out-of-offi_345e61")): Object: 'Object Repository/Page_The Story and Evolution of Doodles - G_6e786d/p_The first Doodle was a simple out-of-offi_345e61' is clicked on

07-06-2024T14:09:57 - [MESSAGE][PASSED] - Object: 'Object Repository/Page_The Story and Evolution of Doodles - G_6e786d/p_The first Doodle was a simple out-of-offi_345e61' is clicked on

07-06-2024T14:09:57 - [TEST_STEP][PASSED] - verifyElementVisible(findTestObject("Object Repository/Page_The Story and Evolution of Doodles - G_6e786d/h1_The story behind Doodles")): Object 'Object Repository/Page_The Story and Evolution of Doodles - G_6e786d/h1_The story behind Doodles' is visible

07-06-2024T14:09:57 - [MESSAGE][PASSED] - Object 'Object Repository/Page_The Story and Evolution of Doodles - G_6e786d/h1_The story behind Doodles' is visible

07-06-2024T14:09:57 - [TEST_STEP][PASSED] - verifyElementVisible(findTestObject("Object Repository/Page_The Story and Evolution of Doodles - G_6e786d/p_The first Doodle was a simple out-of-offi_345e61")): Object 'Object Repository/Page_The Story and Evolution of Doodles - G_6e786d/p_The first Doodle was a simple out-of-offi_345e61' is visible

07-06-2024T14:09:57 - [MESSAGE][PASSED] - Object 'Object Repository/Page_The Story and Evolution of Doodles - G_6e786d/p_The first Doodle was a simple out-of-offi_345e61' is visible

07-06-2024T14:09:57 - [TEST_STEP][PASSED] - verifyElementVisible(findTestObject("Object Repository/Page_The Story and Evolution of Doodles - G_6e786d/h2_Weve created more than 5,000 Doodles ove_111429")): Object 'Object Repository/Page_The Story and Evolution of Doodles - G_6e786d/h2_Weve created more than 5,000 Doodles ove_111429' is visible

07-06-2024T14:09:57 - [MESSAGE][PASSED] - Object 'Object Repository/Page_The Story and Evolution of Doodles - G_6e786d/h2_Weve created more than 5,000 Doodles ove_111429' is visible

07-06-2024T14:09:57 - [TEST_STEP][PASSED] - click(findTestObject("Object Repository/Page_The Story and Evolution of Doodles - G_6e786d/p_The first Doodle was a simple out-of-offi_345e61")): Object: 'Object Repository/Page_The Story and Evolution of Doodles - G_6e786d/p_The first Doodle was a simple out-of-offi_345e61' is clicked on

07-06-2024T14:09:57 - [MESSAGE][PASSED] - Object: 'Object Repository/Page_The Story and Evolution of Doodles - G_6e786d/p_The first Doodle was a simple out-of-offi_345e61' is clicked on

07-06-2024T14:09:57 - [TEST_STEP][PASSED] - verifyElementVisible(findTestObject("Object Repository/Page_The Story and Evolution of Doodles - G_6e786d/h1_The story behind Doodles")): Object 'Object Repository/Page_The Story and Evolution of Doodles - G_6e786d/h1_The story behind Doodles' is visible

07-06-2024T14:09:57 - [MESSAGE][PASSED] - Object 'Object Repository/Page_The Story and Evolution of Doodles - G_6e786d/h1_The story behind Doodles' is visible

07-06-2024T14:09:57 - [TEST_STEP][PASSED] - verifyElementVisible(findTestObject("Object Repository/Page_The Story and Evolution of Doodles - G_6e786d/p_The first Doodle was a simple out-of-offi_345e61")): Object 'Object Repository/Page_The Story and Evolution of Doodles - G_6e786d/p_The first Doodle was a simple out-of-offi_345e61' is visible

07-06-2024T14:09:57 - [MESSAGE][PASSED] - Object 'Object Repository/Page_The Story and Evolution of Doodles - G_6e786d/p_The first Doodle was a simple out-of-offi_345e61' is visible

07-06-2024T14:09:57 - [TEST_STEP][PASSED] - verifyElementVisible(findTestObject("Object Repository/Page_The Story and Evolution of Doodles - G_6e786d/h2_Weve created more than 5,000 Doodles ove_111429")): Object 'Object Repository/Page_The Story and Evolution of Doodles - G_6e786d/h2_Weve created more than 5,000 Doodles ove_111429' is visible

07-06-2024T14:09:57 - [MESSAGE][PASSED] - Object 'Object Repository/Page_The Story and Evolution of Doodles - G_6e786d/h2_Weve created more than 5,000 Doodles ove_111429' is visible

07-06-2024T14:09:57 - [TEST_STEP][PASSED] - click(findTestObject("Object Repository/Page_The Story and Evolution of Doodles - G_6e786d/p_The first Doodle was a simple out-of-offi_345e61")): Object: 'Object Repository/Page_The Story and Evolution of Doodles - G_6e786d/p_The first Doodle was a simple out-of-offi_345e61' is clicked on

07-06-2024T14:09:58 - [MESSAGE][PASSED] - Object: 'Object Repository/Page_The Story and Evolution of Doodles - G_6e786d/p_The first Doodle was a simple out-of-offi_345e61' is clicked on

07-06-2024T14:09:58 - [TEST_STEP][PASSED] - verifyElementVisible(findTestObject("Object Repository/Page_The Story and Evolution of Doodles - G_6e786d/h1_The story behind Doodles")): Object 'Object Repository/Page_The Story and Evolution of Doodles - G_6e786d/h1_The story behind Doodles' is visible

07-06-2024T14:09:58 - [MESSAGE][PASSED] - Object 'Object Repository/Page_The Story and Evolution of Doodles - G_6e786d/h1_The story behind Doodles' is visible

07-06-2024T14:09:58 - [TEST_STEP][PASSED] - verifyElementVisible(findTestObject("Object Repository/Page_The Story and Evolution of Doodles - G_6e786d/p_The first Doodle was a simple out-of-offi_345e61")): Object 'Object Repository/Page_The Story and Evolution of Doodles - G_6e786d/p_The first Doodle was a simple out-of-offi_345e61' is visible

07-06-2024T14:09:58 - [MESSAGE][PASSED] - Object 'Object Repository/Page_The Story and Evolution of Doodles - G_6e786d/p_The first Doodle was a simple out-of-offi_345e61' is visible

07-06-2024T14:09:58 - [TEST_STEP][PASSED] - verifyElementVisible(findTestObject("Object Repository/Page_The Story and Evolution of Doodles - G_6e786d/h2_Weve created more than 5,000 Doodles ove_111429")): Object 'Object Repository/Page_The Story and Evolution of Doodles - G_6e786d/h2_Weve created more than 5,000 Doodles ove_111429' is visible

07-06-2024T14:09:58 - [MESSAGE][PASSED] - Object 'Object Repository/Page_The Story and Evolution of Doodles - G_6e786d/h2_Weve created more than 5,000 Doodles ove_111429' is visible

07-06-2024T14:09:58 - [TEST_STEP][PASSED] - click(findTestObject("Object Repository/Page_The Story and Evolution of Doodles - G_6e786d/p_The first Doodle was a simple out-of-offi_345e61")): Object: 'Object Repository/Page_The Story and Evolution of Doodles - G_6e786d/p_The first Doodle was a simple out-of-offi_345e61' is clicked on

07-06-2024T14:09:58 - [MESSAGE][PASSED] - Object: 'Object Repository/Page_The Story and Evolution of Doodles - G_6e786d/p_The first Doodle was a simple out-of-offi_345e61' is clicked on

07-06-2024T14:09:58 - [TEST_STEP][PASSED] - verifyElementVisible(findTestObject("Object Repository/Page_The Story and Evolution of Doodles - G_6e786d/h1_The story behind Doodles")): Object 'Object Repository/Page_The Story and Evolution of Doodles - G_6e786d/h1_The story behind Doodles' is visible

07-06-2024T14:09:58 - [MESSAGE][PASSED] - Object 'Object Repository/Page_The Story and Evolution of Doodles - G_6e786d/h1_The story behind Doodles' is visible

07-06-2024T14:09:58 - [TEST_STEP][PASSED] - verifyElementVisible(findTestObject("Object Repository/Page_The Story and Evolution of Doodles - G_6e786d/p_The first Doodle was a simple out-of-offi_345e61")): Object 'Object Repository/Page_The Story and Evolution of Doodles - G_6e786d/p_The first Doodle was a simple out-of-offi_345e61' is visible

07-06-2024T14:09:58 - [MESSAGE][PASSED] - Object 'Object Repository/Page_The Story and Evolution of Doodles - G_6e786d/p_The first Doodle was a simple out-of-offi_345e61' is visible

07-06-2024T14:09:58 - [TEST_STEP][PASSED] - verifyElementVisible(findTestObject("Object Repository/Page_The Story and Evolution of Doodles - G_6e786d/h2_Weve created more than 5,000 Doodles ove_111429")): Object 'Object Repository/Page_The Story and Evolution of Doodles - G_6e786d/h2_Weve created more than 5,000 Doodles ove_111429' is visible

07-06-2024T14:09:58 - [MESSAGE][PASSED] - Object 'Object Repository/Page_The Story and Evolution of Doodles - G_6e786d/h2_Weve created more than 5,000 Doodles ove_111429' is visible]]></system-out>
         <system-err><![CDATA[]]></system-err>
      </testcase>
      <testcase name="Test Cases/test case folder 1/tc1 - Copy (5) - Copy (4)" time="7.936" classname="Test Cases/test case folder 1/tc1 - Copy (5) - Copy (4)" status="PASSED">
         <system-out><![CDATA[07-06-2024T14:09:58 - [TEST_CASE][PASSED] - Test Cases/test case folder 1/tc1 - Copy (5) - Copy (4): Test Cases/test case folder 1/tc1 - Copy (5) - Copy (4)

07-06-2024T14:09:58 - [TEST_STEP][PASSED] - openBrowser(""): Browser is opened with url: ''

07-06-2024T14:09:58 - [MESSAGE][WARNING] - A browser is already opened. Closing browser and opening a new one

07-06-2024T14:09:59 - [MESSAGE][INFO] - Starting 'Firefox (headless)' driver

07-06-2024T14:09:59 - [MESSAGE][INFO] - Action delay is set to 0 milliseconds

07-06-2024T14:10:01 - [MESSAGE][PASSED] - Browser is opened with url: ''

07-06-2024T14:10:01 - [TEST_STEP][PASSED] - navigateToUrl("https://doodles.google/about/"): Navigate to 'https://doodles.google/about/' successfully

07-06-2024T14:10:02 - [MESSAGE][PASSED] - Navigate to 'https://doodles.google/about/' successfully

07-06-2024T14:10:02 - [TEST_STEP][PASSED] - click(findTestObject("Object Repository/Page_The Story and Evolution of Doodles - G_6e786d/p_The first Doodle was a simple out-of-offi_345e61")): Object: 'Object Repository/Page_The Story and Evolution of Doodles - G_6e786d/p_The first Doodle was a simple out-of-offi_345e61' is clicked on

07-06-2024T14:10:03 - [MESSAGE][PASSED] - Object: 'Object Repository/Page_The Story and Evolution of Doodles - G_6e786d/p_The first Doodle was a simple out-of-offi_345e61' is clicked on

07-06-2024T14:10:03 - [TEST_STEP][PASSED] - click(findTestObject("Object Repository/Page_The Story and Evolution of Doodles - G_6e786d/p_The first Doodle was a simple out-of-offi_345e61")): Object: 'Object Repository/Page_The Story and Evolution of Doodles - G_6e786d/p_The first Doodle was a simple out-of-offi_345e61' is clicked on

07-06-2024T14:10:03 - [MESSAGE][PASSED] - Object: 'Object Repository/Page_The Story and Evolution of Doodles - G_6e786d/p_The first Doodle was a simple out-of-offi_345e61' is clicked on

07-06-2024T14:10:03 - [TEST_STEP][PASSED] - verifyElementVisible(findTestObject("Object Repository/Page_The Story and Evolution of Doodles - G_6e786d/h1_The story behind Doodles")): Object 'Object Repository/Page_The Story and Evolution of Doodles - G_6e786d/h1_The story behind Doodles' is visible

07-06-2024T14:10:03 - [MESSAGE][PASSED] - Object 'Object Repository/Page_The Story and Evolution of Doodles - G_6e786d/h1_The story behind Doodles' is visible

07-06-2024T14:10:03 - [TEST_STEP][PASSED] - verifyElementVisible(findTestObject("Object Repository/Page_The Story and Evolution of Doodles - G_6e786d/p_The first Doodle was a simple out-of-offi_345e61")): Object 'Object Repository/Page_The Story and Evolution of Doodles - G_6e786d/p_The first Doodle was a simple out-of-offi_345e61' is visible

07-06-2024T14:10:03 - [MESSAGE][PASSED] - Object 'Object Repository/Page_The Story and Evolution of Doodles - G_6e786d/p_The first Doodle was a simple out-of-offi_345e61' is visible

07-06-2024T14:10:03 - [TEST_STEP][PASSED] - verifyElementVisible(findTestObject("Object Repository/Page_The Story and Evolution of Doodles - G_6e786d/h2_Weve created more than 5,000 Doodles ove_111429")): Object 'Object Repository/Page_The Story and Evolution of Doodles - G_6e786d/h2_Weve created more than 5,000 Doodles ove_111429' is visible

07-06-2024T14:10:03 - [MESSAGE][PASSED] - Object 'Object Repository/Page_The Story and Evolution of Doodles - G_6e786d/h2_Weve created more than 5,000 Doodles ove_111429' is visible

07-06-2024T14:10:03 - [TEST_STEP][PASSED] - verifyElementVisible(findTestObject("Object Repository/Page_The Story and Evolution of Doodles - G_6e786d/h1_The story behind Doodles")): Object 'Object Repository/Page_The Story and Evolution of Doodles - G_6e786d/h1_The story behind Doodles' is visible

07-06-2024T14:10:03 - [MESSAGE][PASSED] - Object 'Object Repository/Page_The Story and Evolution of Doodles - G_6e786d/h1_The story behind Doodles' is visible

07-06-2024T14:10:03 - [TEST_STEP][PASSED] - verifyElementVisible(findTestObject("Object Repository/Page_The Story and Evolution of Doodles - G_6e786d/p_The first Doodle was a simple out-of-offi_345e61")): Object 'Object Repository/Page_The Story and Evolution of Doodles - G_6e786d/p_The first Doodle was a simple out-of-offi_345e61' is visible

07-06-2024T14:10:03 - [MESSAGE][PASSED] - Object 'Object Repository/Page_The Story and Evolution of Doodles - G_6e786d/p_The first Doodle was a simple out-of-offi_345e61' is visible

07-06-2024T14:10:03 - [TEST_STEP][PASSED] - verifyElementVisible(findTestObject("Object Repository/Page_The Story and Evolution of Doodles - G_6e786d/h2_Weve created more than 5,000 Doodles ove_111429")): Object 'Object Repository/Page_The Story and Evolution of Doodles - G_6e786d/h2_Weve created more than 5,000 Doodles ove_111429' is visible

07-06-2024T14:10:03 - [MESSAGE][PASSED] - Object 'Object Repository/Page_The Story and Evolution of Doodles - G_6e786d/h2_Weve created more than 5,000 Doodles ove_111429' is visible

07-06-2024T14:10:03 - [TEST_STEP][PASSED] - click(findTestObject("Object Repository/Page_The Story and Evolution of Doodles - G_6e786d/p_The first Doodle was a simple out-of-offi_345e61")): Object: 'Object Repository/Page_The Story and Evolution of Doodles - G_6e786d/p_The first Doodle was a simple out-of-offi_345e61' is clicked on

07-06-2024T14:10:03 - [MESSAGE][PASSED] - Object: 'Object Repository/Page_The Story and Evolution of Doodles - G_6e786d/p_The first Doodle was a simple out-of-offi_345e61' is clicked on

07-06-2024T14:10:03 - [TEST_STEP][PASSED] - verifyElementVisible(findTestObject("Object Repository/Page_The Story and Evolution of Doodles - G_6e786d/h1_The story behind Doodles")): Object 'Object Repository/Page_The Story and Evolution of Doodles - G_6e786d/h1_The story behind Doodles' is visible

07-06-2024T14:10:03 - [MESSAGE][PASSED] - Object 'Object Repository/Page_The Story and Evolution of Doodles - G_6e786d/h1_The story behind Doodles' is visible

07-06-2024T14:10:03 - [TEST_STEP][PASSED] - verifyElementVisible(findTestObject("Object Repository/Page_The Story and Evolution of Doodles - G_6e786d/p_The first Doodle was a simple out-of-offi_345e61")): Object 'Object Repository/Page_The Story and Evolution of Doodles - G_6e786d/p_The first Doodle was a simple out-of-offi_345e61' is visible

07-06-2024T14:10:04 - [MESSAGE][PASSED] - Object 'Object Repository/Page_The Story and Evolution of Doodles - G_6e786d/p_The first Doodle was a simple out-of-offi_345e61' is visible

07-06-2024T14:10:04 - [TEST_STEP][PASSED] - verifyElementVisible(findTestObject("Object Repository/Page_The Story and Evolution of Doodles - G_6e786d/h2_Weve created more than 5,000 Doodles ove_111429")): Object 'Object Repository/Page_The Story and Evolution of Doodles - G_6e786d/h2_Weve created more than 5,000 Doodles ove_111429' is visible

07-06-2024T14:10:04 - [MESSAGE][PASSED] - Object 'Object Repository/Page_The Story and Evolution of Doodles - G_6e786d/h2_Weve created more than 5,000 Doodles ove_111429' is visible

07-06-2024T14:10:04 - [TEST_STEP][PASSED] - click(findTestObject("Object Repository/Page_The Story and Evolution of Doodles - G_6e786d/p_The first Doodle was a simple out-of-offi_345e61")): Object: 'Object Repository/Page_The Story and Evolution of Doodles - G_6e786d/p_The first Doodle was a simple out-of-offi_345e61' is clicked on

07-06-2024T14:10:04 - [MESSAGE][PASSED] - Object: 'Object Repository/Page_The Story and Evolution of Doodles - G_6e786d/p_The first Doodle was a simple out-of-offi_345e61' is clicked on

07-06-2024T14:10:04 - [TEST_STEP][PASSED] - verifyElementVisible(findTestObject("Object Repository/Page_The Story and Evolution of Doodles - G_6e786d/h1_The story behind Doodles")): Object 'Object Repository/Page_The Story and Evolution of Doodles - G_6e786d/h1_The story behind Doodles' is visible

07-06-2024T14:10:04 - [MESSAGE][PASSED] - Object 'Object Repository/Page_The Story and Evolution of Doodles - G_6e786d/h1_The story behind Doodles' is visible

07-06-2024T14:10:04 - [TEST_STEP][PASSED] - verifyElementVisible(findTestObject("Object Repository/Page_The Story and Evolution of Doodles - G_6e786d/p_The first Doodle was a simple out-of-offi_345e61")): Object 'Object Repository/Page_The Story and Evolution of Doodles - G_6e786d/p_The first Doodle was a simple out-of-offi_345e61' is visible

07-06-2024T14:10:04 - [MESSAGE][PASSED] - Object 'Object Repository/Page_The Story and Evolution of Doodles - G_6e786d/p_The first Doodle was a simple out-of-offi_345e61' is visible

07-06-2024T14:10:04 - [TEST_STEP][PASSED] - verifyElementVisible(findTestObject("Object Repository/Page_The Story and Evolution of Doodles - G_6e786d/h2_Weve created more than 5,000 Doodles ove_111429")): Object 'Object Repository/Page_The Story and Evolution of Doodles - G_6e786d/h2_Weve created more than 5,000 Doodles ove_111429' is visible

07-06-2024T14:10:04 - [MESSAGE][PASSED] - Object 'Object Repository/Page_The Story and Evolution of Doodles - G_6e786d/h2_Weve created more than 5,000 Doodles ove_111429' is visible

07-06-2024T14:10:04 - [TEST_STEP][PASSED] - click(findTestObject("Object Repository/Page_The Story and Evolution of Doodles - G_6e786d/p_The first Doodle was a simple out-of-offi_345e61")): Object: 'Object Repository/Page_The Story and Evolution of Doodles - G_6e786d/p_The first Doodle was a simple out-of-offi_345e61' is clicked on

07-06-2024T14:10:04 - [MESSAGE][PASSED] - Object: 'Object Repository/Page_The Story and Evolution of Doodles - G_6e786d/p_The first Doodle was a simple out-of-offi_345e61' is clicked on

07-06-2024T14:10:04 - [TEST_STEP][PASSED] - verifyElementVisible(findTestObject("Object Repository/Page_The Story and Evolution of Doodles - G_6e786d/h1_The story behind Doodles")): Object 'Object Repository/Page_The Story and Evolution of Doodles - G_6e786d/h1_The story behind Doodles' is visible

07-06-2024T14:10:04 - [MESSAGE][PASSED] - Object 'Object Repository/Page_The Story and Evolution of Doodles - G_6e786d/h1_The story behind Doodles' is visible

07-06-2024T14:10:04 - [TEST_STEP][PASSED] - verifyElementVisible(findTestObject("Object Repository/Page_The Story and Evolution of Doodles - G_6e786d/p_The first Doodle was a simple out-of-offi_345e61")): Object 'Object Repository/Page_The Story and Evolution of Doodles - G_6e786d/p_The first Doodle was a simple out-of-offi_345e61' is visible

07-06-2024T14:10:04 - [MESSAGE][PASSED] - Object 'Object Repository/Page_The Story and Evolution of Doodles - G_6e786d/p_The first Doodle was a simple out-of-offi_345e61' is visible

07-06-2024T14:10:04 - [TEST_STEP][PASSED] - verifyElementVisible(findTestObject("Object Repository/Page_The Story and Evolution of Doodles - G_6e786d/h2_Weve created more than 5,000 Doodles ove_111429")): Object 'Object Repository/Page_The Story and Evolution of Doodles - G_6e786d/h2_Weve created more than 5,000 Doodles ove_111429' is visible

07-06-2024T14:10:04 - [MESSAGE][PASSED] - Object 'Object Repository/Page_The Story and Evolution of Doodles - G_6e786d/h2_Weve created more than 5,000 Doodles ove_111429' is visible

07-06-2024T14:10:04 - [TEST_STEP][PASSED] - click(findTestObject("Object Repository/Page_The Story and Evolution of Doodles - G_6e786d/p_The first Doodle was a simple out-of-offi_345e61")): Object: 'Object Repository/Page_The Story and Evolution of Doodles - G_6e786d/p_The first Doodle was a simple out-of-offi_345e61' is clicked on

07-06-2024T14:10:04 - [MESSAGE][PASSED] - Object: 'Object Repository/Page_The Story and Evolution of Doodles - G_6e786d/p_The first Doodle was a simple out-of-offi_345e61' is clicked on

07-06-2024T14:10:04 - [TEST_STEP][PASSED] - verifyElementVisible(findTestObject("Object Repository/Page_The Story and Evolution of Doodles - G_6e786d/h1_The story behind Doodles")): Object 'Object Repository/Page_The Story and Evolution of Doodles - G_6e786d/h1_The story behind Doodles' is visible

07-06-2024T14:10:04 - [MESSAGE][PASSED] - Object 'Object Repository/Page_The Story and Evolution of Doodles - G_6e786d/h1_The story behind Doodles' is visible

07-06-2024T14:10:04 - [TEST_STEP][PASSED] - verifyElementVisible(findTestObject("Object Repository/Page_The Story and Evolution of Doodles - G_6e786d/p_The first Doodle was a simple out-of-offi_345e61")): Object 'Object Repository/Page_The Story and Evolution of Doodles - G_6e786d/p_The first Doodle was a simple out-of-offi_345e61' is visible

07-06-2024T14:10:04 - [MESSAGE][PASSED] - Object 'Object Repository/Page_The Story and Evolution of Doodles - G_6e786d/p_The first Doodle was a simple out-of-offi_345e61' is visible

07-06-2024T14:10:04 - [TEST_STEP][PASSED] - verifyElementVisible(findTestObject("Object Repository/Page_The Story and Evolution of Doodles - G_6e786d/h2_Weve created more than 5,000 Doodles ove_111429")): Object 'Object Repository/Page_The Story and Evolution of Doodles - G_6e786d/h2_Weve created more than 5,000 Doodles ove_111429' is visible

07-06-2024T14:10:04 - [MESSAGE][PASSED] - Object 'Object Repository/Page_The Story and Evolution of Doodles - G_6e786d/h2_Weve created more than 5,000 Doodles ove_111429' is visible

07-06-2024T14:10:04 - [TEST_STEP][PASSED] - click(findTestObject("Object Repository/Page_The Story and Evolution of Doodles - G_6e786d/p_The first Doodle was a simple out-of-offi_345e61")): Object: 'Object Repository/Page_The Story and Evolution of Doodles - G_6e786d/p_The first Doodle was a simple out-of-offi_345e61' is clicked on

07-06-2024T14:10:05 - [MESSAGE][PASSED] - Object: 'Object Repository/Page_The Story and Evolution of Doodles - G_6e786d/p_The first Doodle was a simple out-of-offi_345e61' is clicked on

07-06-2024T14:10:05 - [TEST_STEP][PASSED] - verifyElementVisible(findTestObject("Object Repository/Page_The Story and Evolution of Doodles - G_6e786d/h1_The story behind Doodles")): Object 'Object Repository/Page_The Story and Evolution of Doodles - G_6e786d/h1_The story behind Doodles' is visible

07-06-2024T14:10:05 - [MESSAGE][PASSED] - Object 'Object Repository/Page_The Story and Evolution of Doodles - G_6e786d/h1_The story behind Doodles' is visible

07-06-2024T14:10:05 - [TEST_STEP][PASSED] - verifyElementVisible(findTestObject("Object Repository/Page_The Story and Evolution of Doodles - G_6e786d/p_The first Doodle was a simple out-of-offi_345e61")): Object 'Object Repository/Page_The Story and Evolution of Doodles - G_6e786d/p_The first Doodle was a simple out-of-offi_345e61' is visible

07-06-2024T14:10:05 - [MESSAGE][PASSED] - Object 'Object Repository/Page_The Story and Evolution of Doodles - G_6e786d/p_The first Doodle was a simple out-of-offi_345e61' is visible

07-06-2024T14:10:05 - [TEST_STEP][PASSED] - verifyElementVisible(findTestObject("Object Repository/Page_The Story and Evolution of Doodles - G_6e786d/h2_Weve created more than 5,000 Doodles ove_111429")): Object 'Object Repository/Page_The Story and Evolution of Doodles - G_6e786d/h2_Weve created more than 5,000 Doodles ove_111429' is visible

07-06-2024T14:10:05 - [MESSAGE][PASSED] - Object 'Object Repository/Page_The Story and Evolution of Doodles - G_6e786d/h2_Weve created more than 5,000 Doodles ove_111429' is visible

07-06-2024T14:10:05 - [TEST_STEP][PASSED] - click(findTestObject("Object Repository/Page_The Story and Evolution of Doodles - G_6e786d/p_The first Doodle was a simple out-of-offi_345e61")): Object: 'Object Repository/Page_The Story and Evolution of Doodles - G_6e786d/p_The first Doodle was a simple out-of-offi_345e61' is clicked on

07-06-2024T14:10:05 - [MESSAGE][PASSED] - Object: 'Object Repository/Page_The Story and Evolution of Doodles - G_6e786d/p_The first Doodle was a simple out-of-offi_345e61' is clicked on

07-06-2024T14:10:05 - [TEST_STEP][PASSED] - verifyElementVisible(findTestObject("Object Repository/Page_The Story and Evolution of Doodles - G_6e786d/h1_The story behind Doodles")): Object 'Object Repository/Page_The Story and Evolution of Doodles - G_6e786d/h1_The story behind Doodles' is visible

07-06-2024T14:10:05 - [MESSAGE][PASSED] - Object 'Object Repository/Page_The Story and Evolution of Doodles - G_6e786d/h1_The story behind Doodles' is visible

07-06-2024T14:10:05 - [TEST_STEP][PASSED] - verifyElementVisible(findTestObject("Object Repository/Page_The Story and Evolution of Doodles - G_6e786d/p_The first Doodle was a simple out-of-offi_345e61")): Object 'Object Repository/Page_The Story and Evolution of Doodles - G_6e786d/p_The first Doodle was a simple out-of-offi_345e61' is visible

07-06-2024T14:10:05 - [MESSAGE][PASSED] - Object 'Object Repository/Page_The Story and Evolution of Doodles - G_6e786d/p_The first Doodle was a simple out-of-offi_345e61' is visible

07-06-2024T14:10:05 - [TEST_STEP][PASSED] - verifyElementVisible(findTestObject("Object Repository/Page_The Story and Evolution of Doodles - G_6e786d/h2_Weve created more than 5,000 Doodles ove_111429")): Object 'Object Repository/Page_The Story and Evolution of Doodles - G_6e786d/h2_Weve created more than 5,000 Doodles ove_111429' is visible

07-06-2024T14:10:05 - [MESSAGE][PASSED] - Object 'Object Repository/Page_The Story and Evolution of Doodles - G_6e786d/h2_Weve created more than 5,000 Doodles ove_111429' is visible

07-06-2024T14:10:05 - [TEST_STEP][PASSED] - click(findTestObject("Object Repository/Page_The Story and Evolution of Doodles - G_6e786d/p_The first Doodle was a simple out-of-offi_345e61")): Object: 'Object Repository/Page_The Story and Evolution of Doodles - G_6e786d/p_The first Doodle was a simple out-of-offi_345e61' is clicked on

07-06-2024T14:10:05 - [MESSAGE][PASSED] - Object: 'Object Repository/Page_The Story and Evolution of Doodles - G_6e786d/p_The first Doodle was a simple out-of-offi_345e61' is clicked on

07-06-2024T14:10:05 - [TEST_STEP][PASSED] - verifyElementVisible(findTestObject("Object Repository/Page_The Story and Evolution of Doodles - G_6e786d/h1_The story behind Doodles")): Object 'Object Repository/Page_The Story and Evolution of Doodles - G_6e786d/h1_The story behind Doodles' is visible

07-06-2024T14:10:05 - [MESSAGE][PASSED] - Object 'Object Repository/Page_The Story and Evolution of Doodles - G_6e786d/h1_The story behind Doodles' is visible

07-06-2024T14:10:05 - [TEST_STEP][PASSED] - verifyElementVisible(findTestObject("Object Repository/Page_The Story and Evolution of Doodles - G_6e786d/p_The first Doodle was a simple out-of-offi_345e61")): Object 'Object Repository/Page_The Story and Evolution of Doodles - G_6e786d/p_The first Doodle was a simple out-of-offi_345e61' is visible

07-06-2024T14:10:05 - [MESSAGE][PASSED] - Object 'Object Repository/Page_The Story and Evolution of Doodles - G_6e786d/p_The first Doodle was a simple out-of-offi_345e61' is visible

07-06-2024T14:10:05 - [TEST_STEP][PASSED] - verifyElementVisible(findTestObject("Object Repository/Page_The Story and Evolution of Doodles - G_6e786d/h2_Weve created more than 5,000 Doodles ove_111429")): Object 'Object Repository/Page_The Story and Evolution of Doodles - G_6e786d/h2_Weve created more than 5,000 Doodles ove_111429' is visible

07-06-2024T14:10:05 - [MESSAGE][PASSED] - Object 'Object Repository/Page_The Story and Evolution of Doodles - G_6e786d/h2_Weve created more than 5,000 Doodles ove_111429' is visible

07-06-2024T14:10:05 - [TEST_STEP][PASSED] - click(findTestObject("Object Repository/Page_The Story and Evolution of Doodles - G_6e786d/p_The first Doodle was a simple out-of-offi_345e61")): Object: 'Object Repository/Page_The Story and Evolution of Doodles - G_6e786d/p_The first Doodle was a simple out-of-offi_345e61' is clicked on

07-06-2024T14:10:06 - [MESSAGE][PASSED] - Object: 'Object Repository/Page_The Story and Evolution of Doodles - G_6e786d/p_The first Doodle was a simple out-of-offi_345e61' is clicked on

07-06-2024T14:10:06 - [TEST_STEP][PASSED] - verifyElementVisible(findTestObject("Object Repository/Page_The Story and Evolution of Doodles - G_6e786d/h1_The story behind Doodles")): Object 'Object Repository/Page_The Story and Evolution of Doodles - G_6e786d/h1_The story behind Doodles' is visible

07-06-2024T14:10:06 - [MESSAGE][PASSED] - Object 'Object Repository/Page_The Story and Evolution of Doodles - G_6e786d/h1_The story behind Doodles' is visible

07-06-2024T14:10:06 - [TEST_STEP][PASSED] - verifyElementVisible(findTestObject("Object Repository/Page_The Story and Evolution of Doodles - G_6e786d/p_The first Doodle was a simple out-of-offi_345e61")): Object 'Object Repository/Page_The Story and Evolution of Doodles - G_6e786d/p_The first Doodle was a simple out-of-offi_345e61' is visible

07-06-2024T14:10:06 - [MESSAGE][PASSED] - Object 'Object Repository/Page_The Story and Evolution of Doodles - G_6e786d/p_The first Doodle was a simple out-of-offi_345e61' is visible

07-06-2024T14:10:06 - [TEST_STEP][PASSED] - verifyElementVisible(findTestObject("Object Repository/Page_The Story and Evolution of Doodles - G_6e786d/h2_Weve created more than 5,000 Doodles ove_111429")): Object 'Object Repository/Page_The Story and Evolution of Doodles - G_6e786d/h2_Weve created more than 5,000 Doodles ove_111429' is visible

07-06-2024T14:10:06 - [MESSAGE][PASSED] - Object 'Object Repository/Page_The Story and Evolution of Doodles - G_6e786d/h2_Weve created more than 5,000 Doodles ove_111429' is visible

07-06-2024T14:10:06 - [TEST_STEP][PASSED] - click(findTestObject("Object Repository/Page_The Story and Evolution of Doodles - G_6e786d/p_The first Doodle was a simple out-of-offi_345e61")): Object: 'Object Repository/Page_The Story and Evolution of Doodles - G_6e786d/p_The first Doodle was a simple out-of-offi_345e61' is clicked on

07-06-2024T14:10:06 - [MESSAGE][PASSED] - Object: 'Object Repository/Page_The Story and Evolution of Doodles - G_6e786d/p_The first Doodle was a simple out-of-offi_345e61' is clicked on

07-06-2024T14:10:06 - [TEST_STEP][PASSED] - verifyElementVisible(findTestObject("Object Repository/Page_The Story and Evolution of Doodles - G_6e786d/h1_The story behind Doodles")): Object 'Object Repository/Page_The Story and Evolution of Doodles - G_6e786d/h1_The story behind Doodles' is visible

07-06-2024T14:10:06 - [MESSAGE][PASSED] - Object 'Object Repository/Page_The Story and Evolution of Doodles - G_6e786d/h1_The story behind Doodles' is visible

07-06-2024T14:10:06 - [TEST_STEP][PASSED] - verifyElementVisible(findTestObject("Object Repository/Page_The Story and Evolution of Doodles - G_6e786d/p_The first Doodle was a simple out-of-offi_345e61")): Object 'Object Repository/Page_The Story and Evolution of Doodles - G_6e786d/p_The first Doodle was a simple out-of-offi_345e61' is visible

07-06-2024T14:10:06 - [MESSAGE][PASSED] - Object 'Object Repository/Page_The Story and Evolution of Doodles - G_6e786d/p_The first Doodle was a simple out-of-offi_345e61' is visible

07-06-2024T14:10:06 - [TEST_STEP][PASSED] - verifyElementVisible(findTestObject("Object Repository/Page_The Story and Evolution of Doodles - G_6e786d/h2_Weve created more than 5,000 Doodles ove_111429")): Object 'Object Repository/Page_The Story and Evolution of Doodles - G_6e786d/h2_Weve created more than 5,000 Doodles ove_111429' is visible

07-06-2024T14:10:06 - [MESSAGE][PASSED] - Object 'Object Repository/Page_The Story and Evolution of Doodles - G_6e786d/h2_Weve created more than 5,000 Doodles ove_111429' is visible]]></system-out>
         <system-err><![CDATA[]]></system-err>
      </testcase>
      <testcase name="Test Cases/test case folder 1/tc1 - Copy (5) - Copy (5)" time="8.429" classname="Test Cases/test case folder 1/tc1 - Copy (5) - Copy (5)" status="PASSED">
         <system-out><![CDATA[07-06-2024T14:10:06 - [TEST_CASE][PASSED] - Test Cases/test case folder 1/tc1 - Copy (5) - Copy (5): Test Cases/test case folder 1/tc1 - Copy (5) - Copy (5)

07-06-2024T14:10:06 - [TEST_STEP][PASSED] - openBrowser(""): Browser is opened with url: ''

07-06-2024T14:10:06 - [MESSAGE][WARNING] - A browser is already opened. Closing browser and opening a new one

07-06-2024T14:10:07 - [MESSAGE][INFO] - Starting 'Firefox (headless)' driver

07-06-2024T14:10:07 - [MESSAGE][INFO] - Action delay is set to 0 milliseconds

07-06-2024T14:10:09 - [MESSAGE][PASSED] - Browser is opened with url: ''

07-06-2024T14:10:09 - [TEST_STEP][PASSED] - navigateToUrl("https://doodles.google/about/"): Navigate to 'https://doodles.google/about/' successfully

07-06-2024T14:10:11 - [MESSAGE][PASSED] - Navigate to 'https://doodles.google/about/' successfully

07-06-2024T14:10:11 - [TEST_STEP][PASSED] - click(findTestObject("Object Repository/Page_The Story and Evolution of Doodles - G_6e786d/p_The first Doodle was a simple out-of-offi_345e61")): Object: 'Object Repository/Page_The Story and Evolution of Doodles - G_6e786d/p_The first Doodle was a simple out-of-offi_345e61' is clicked on

07-06-2024T14:10:11 - [MESSAGE][PASSED] - Object: 'Object Repository/Page_The Story and Evolution of Doodles - G_6e786d/p_The first Doodle was a simple out-of-offi_345e61' is clicked on

07-06-2024T14:10:11 - [TEST_STEP][PASSED] - click(findTestObject("Object Repository/Page_The Story and Evolution of Doodles - G_6e786d/p_The first Doodle was a simple out-of-offi_345e61")): Object: 'Object Repository/Page_The Story and Evolution of Doodles - G_6e786d/p_The first Doodle was a simple out-of-offi_345e61' is clicked on

07-06-2024T14:10:11 - [MESSAGE][PASSED] - Object: 'Object Repository/Page_The Story and Evolution of Doodles - G_6e786d/p_The first Doodle was a simple out-of-offi_345e61' is clicked on

07-06-2024T14:10:11 - [TEST_STEP][PASSED] - verifyElementVisible(findTestObject("Object Repository/Page_The Story and Evolution of Doodles - G_6e786d/h1_The story behind Doodles")): Object 'Object Repository/Page_The Story and Evolution of Doodles - G_6e786d/h1_The story behind Doodles' is visible

07-06-2024T14:10:11 - [MESSAGE][PASSED] - Object 'Object Repository/Page_The Story and Evolution of Doodles - G_6e786d/h1_The story behind Doodles' is visible

07-06-2024T14:10:11 - [TEST_STEP][PASSED] - verifyElementVisible(findTestObject("Object Repository/Page_The Story and Evolution of Doodles - G_6e786d/p_The first Doodle was a simple out-of-offi_345e61")): Object 'Object Repository/Page_The Story and Evolution of Doodles - G_6e786d/p_The first Doodle was a simple out-of-offi_345e61' is visible

07-06-2024T14:10:11 - [MESSAGE][PASSED] - Object 'Object Repository/Page_The Story and Evolution of Doodles - G_6e786d/p_The first Doodle was a simple out-of-offi_345e61' is visible

07-06-2024T14:10:11 - [TEST_STEP][PASSED] - verifyElementVisible(findTestObject("Object Repository/Page_The Story and Evolution of Doodles - G_6e786d/h2_Weve created more than 5,000 Doodles ove_111429")): Object 'Object Repository/Page_The Story and Evolution of Doodles - G_6e786d/h2_Weve created more than 5,000 Doodles ove_111429' is visible

07-06-2024T14:10:11 - [MESSAGE][PASSED] - Object 'Object Repository/Page_The Story and Evolution of Doodles - G_6e786d/h2_Weve created more than 5,000 Doodles ove_111429' is visible

07-06-2024T14:10:11 - [TEST_STEP][PASSED] - verifyElementVisible(findTestObject("Object Repository/Page_The Story and Evolution of Doodles - G_6e786d/h1_The story behind Doodles")): Object 'Object Repository/Page_The Story and Evolution of Doodles - G_6e786d/h1_The story behind Doodles' is visible

07-06-2024T14:10:11 - [MESSAGE][PASSED] - Object 'Object Repository/Page_The Story and Evolution of Doodles - G_6e786d/h1_The story behind Doodles' is visible

07-06-2024T14:10:11 - [TEST_STEP][PASSED] - verifyElementVisible(findTestObject("Object Repository/Page_The Story and Evolution of Doodles - G_6e786d/p_The first Doodle was a simple out-of-offi_345e61")): Object 'Object Repository/Page_The Story and Evolution of Doodles - G_6e786d/p_The first Doodle was a simple out-of-offi_345e61' is visible

07-06-2024T14:10:11 - [MESSAGE][PASSED] - Object 'Object Repository/Page_The Story and Evolution of Doodles - G_6e786d/p_The first Doodle was a simple out-of-offi_345e61' is visible

07-06-2024T14:10:11 - [TEST_STEP][PASSED] - verifyElementVisible(findTestObject("Object Repository/Page_The Story and Evolution of Doodles - G_6e786d/h2_Weve created more than 5,000 Doodles ove_111429")): Object 'Object Repository/Page_The Story and Evolution of Doodles - G_6e786d/h2_Weve created more than 5,000 Doodles ove_111429' is visible

07-06-2024T14:10:12 - [MESSAGE][PASSED] - Object 'Object Repository/Page_The Story and Evolution of Doodles - G_6e786d/h2_Weve created more than 5,000 Doodles ove_111429' is visible

07-06-2024T14:10:12 - [TEST_STEP][PASSED] - click(findTestObject("Object Repository/Page_The Story and Evolution of Doodles - G_6e786d/p_The first Doodle was a simple out-of-offi_345e61")): Object: 'Object Repository/Page_The Story and Evolution of Doodles - G_6e786d/p_The first Doodle was a simple out-of-offi_345e61' is clicked on

07-06-2024T14:10:12 - [MESSAGE][PASSED] - Object: 'Object Repository/Page_The Story and Evolution of Doodles - G_6e786d/p_The first Doodle was a simple out-of-offi_345e61' is clicked on

07-06-2024T14:10:12 - [TEST_STEP][PASSED] - verifyElementVisible(findTestObject("Object Repository/Page_The Story and Evolution of Doodles - G_6e786d/h1_The story behind Doodles")): Object 'Object Repository/Page_The Story and Evolution of Doodles - G_6e786d/h1_The story behind Doodles' is visible

07-06-2024T14:10:12 - [MESSAGE][PASSED] - Object 'Object Repository/Page_The Story and Evolution of Doodles - G_6e786d/h1_The story behind Doodles' is visible

07-06-2024T14:10:12 - [TEST_STEP][PASSED] - verifyElementVisible(findTestObject("Object Repository/Page_The Story and Evolution of Doodles - G_6e786d/p_The first Doodle was a simple out-of-offi_345e61")): Object 'Object Repository/Page_The Story and Evolution of Doodles - G_6e786d/p_The first Doodle was a simple out-of-offi_345e61' is visible

07-06-2024T14:10:12 - [MESSAGE][PASSED] - Object 'Object Repository/Page_The Story and Evolution of Doodles - G_6e786d/p_The first Doodle was a simple out-of-offi_345e61' is visible

07-06-2024T14:10:12 - [TEST_STEP][PASSED] - verifyElementVisible(findTestObject("Object Repository/Page_The Story and Evolution of Doodles - G_6e786d/h2_Weve created more than 5,000 Doodles ove_111429")): Object 'Object Repository/Page_The Story and Evolution of Doodles - G_6e786d/h2_Weve created more than 5,000 Doodles ove_111429' is visible

07-06-2024T14:10:12 - [MESSAGE][PASSED] - Object 'Object Repository/Page_The Story and Evolution of Doodles - G_6e786d/h2_Weve created more than 5,000 Doodles ove_111429' is visible

07-06-2024T14:10:12 - [TEST_STEP][PASSED] - click(findTestObject("Object Repository/Page_The Story and Evolution of Doodles - G_6e786d/p_The first Doodle was a simple out-of-offi_345e61")): Object: 'Object Repository/Page_The Story and Evolution of Doodles - G_6e786d/p_The first Doodle was a simple out-of-offi_345e61' is clicked on

07-06-2024T14:10:12 - [MESSAGE][PASSED] - Object: 'Object Repository/Page_The Story and Evolution of Doodles - G_6e786d/p_The first Doodle was a simple out-of-offi_345e61' is clicked on

07-06-2024T14:10:12 - [TEST_STEP][PASSED] - verifyElementVisible(findTestObject("Object Repository/Page_The Story and Evolution of Doodles - G_6e786d/h1_The story behind Doodles")): Object 'Object Repository/Page_The Story and Evolution of Doodles - G_6e786d/h1_The story behind Doodles' is visible

07-06-2024T14:10:12 - [MESSAGE][PASSED] - Object 'Object Repository/Page_The Story and Evolution of Doodles - G_6e786d/h1_The story behind Doodles' is visible

07-06-2024T14:10:12 - [TEST_STEP][PASSED] - verifyElementVisible(findTestObject("Object Repository/Page_The Story and Evolution of Doodles - G_6e786d/p_The first Doodle was a simple out-of-offi_345e61")): Object 'Object Repository/Page_The Story and Evolution of Doodles - G_6e786d/p_The first Doodle was a simple out-of-offi_345e61' is visible

07-06-2024T14:10:12 - [MESSAGE][PASSED] - Object 'Object Repository/Page_The Story and Evolution of Doodles - G_6e786d/p_The first Doodle was a simple out-of-offi_345e61' is visible

07-06-2024T14:10:12 - [TEST_STEP][PASSED] - verifyElementVisible(findTestObject("Object Repository/Page_The Story and Evolution of Doodles - G_6e786d/h2_Weve created more than 5,000 Doodles ove_111429")): Object 'Object Repository/Page_The Story and Evolution of Doodles - G_6e786d/h2_Weve created more than 5,000 Doodles ove_111429' is visible

07-06-2024T14:10:12 - [MESSAGE][PASSED] - Object 'Object Repository/Page_The Story and Evolution of Doodles - G_6e786d/h2_Weve created more than 5,000 Doodles ove_111429' is visible

07-06-2024T14:10:12 - [TEST_STEP][PASSED] - click(findTestObject("Object Repository/Page_The Story and Evolution of Doodles - G_6e786d/p_The first Doodle was a simple out-of-offi_345e61")): Object: 'Object Repository/Page_The Story and Evolution of Doodles - G_6e786d/p_The first Doodle was a simple out-of-offi_345e61' is clicked on

07-06-2024T14:10:12 - [MESSAGE][PASSED] - Object: 'Object Repository/Page_The Story and Evolution of Doodles - G_6e786d/p_The first Doodle was a simple out-of-offi_345e61' is clicked on

07-06-2024T14:10:12 - [TEST_STEP][PASSED] - verifyElementVisible(findTestObject("Object Repository/Page_The Story and Evolution of Doodles - G_6e786d/h1_The story behind Doodles")): Object 'Object Repository/Page_The Story and Evolution of Doodles - G_6e786d/h1_The story behind Doodles' is visible

07-06-2024T14:10:12 - [MESSAGE][PASSED] - Object 'Object Repository/Page_The Story and Evolution of Doodles - G_6e786d/h1_The story behind Doodles' is visible

07-06-2024T14:10:12 - [TEST_STEP][PASSED] - verifyElementVisible(findTestObject("Object Repository/Page_The Story and Evolution of Doodles - G_6e786d/p_The first Doodle was a simple out-of-offi_345e61")): Object 'Object Repository/Page_The Story and Evolution of Doodles - G_6e786d/p_The first Doodle was a simple out-of-offi_345e61' is visible

07-06-2024T14:10:12 - [MESSAGE][PASSED] - Object 'Object Repository/Page_The Story and Evolution of Doodles - G_6e786d/p_The first Doodle was a simple out-of-offi_345e61' is visible

07-06-2024T14:10:12 - [TEST_STEP][PASSED] - verifyElementVisible(findTestObject("Object Repository/Page_The Story and Evolution of Doodles - G_6e786d/h2_Weve created more than 5,000 Doodles ove_111429")): Object 'Object Repository/Page_The Story and Evolution of Doodles - G_6e786d/h2_Weve created more than 5,000 Doodles ove_111429' is visible

07-06-2024T14:10:12 - [MESSAGE][PASSED] - Object 'Object Repository/Page_The Story and Evolution of Doodles - G_6e786d/h2_Weve created more than 5,000 Doodles ove_111429' is visible

07-06-2024T14:10:12 - [TEST_STEP][PASSED] - click(findTestObject("Object Repository/Page_The Story and Evolution of Doodles - G_6e786d/p_The first Doodle was a simple out-of-offi_345e61")): Object: 'Object Repository/Page_The Story and Evolution of Doodles - G_6e786d/p_The first Doodle was a simple out-of-offi_345e61' is clicked on

07-06-2024T14:10:13 - [MESSAGE][PASSED] - Object: 'Object Repository/Page_The Story and Evolution of Doodles - G_6e786d/p_The first Doodle was a simple out-of-offi_345e61' is clicked on

07-06-2024T14:10:13 - [TEST_STEP][PASSED] - verifyElementVisible(findTestObject("Object Repository/Page_The Story and Evolution of Doodles - G_6e786d/h1_The story behind Doodles")): Object 'Object Repository/Page_The Story and Evolution of Doodles - G_6e786d/h1_The story behind Doodles' is visible

07-06-2024T14:10:13 - [MESSAGE][PASSED] - Object 'Object Repository/Page_The Story and Evolution of Doodles - G_6e786d/h1_The story behind Doodles' is visible

07-06-2024T14:10:13 - [TEST_STEP][PASSED] - verifyElementVisible(findTestObject("Object Repository/Page_The Story and Evolution of Doodles - G_6e786d/p_The first Doodle was a simple out-of-offi_345e61")): Object 'Object Repository/Page_The Story and Evolution of Doodles - G_6e786d/p_The first Doodle was a simple out-of-offi_345e61' is visible

07-06-2024T14:10:13 - [MESSAGE][PASSED] - Object 'Object Repository/Page_The Story and Evolution of Doodles - G_6e786d/p_The first Doodle was a simple out-of-offi_345e61' is visible

07-06-2024T14:10:13 - [TEST_STEP][PASSED] - verifyElementVisible(findTestObject("Object Repository/Page_The Story and Evolution of Doodles - G_6e786d/h2_Weve created more than 5,000 Doodles ove_111429")): Object 'Object Repository/Page_The Story and Evolution of Doodles - G_6e786d/h2_Weve created more than 5,000 Doodles ove_111429' is visible

07-06-2024T14:10:13 - [MESSAGE][PASSED] - Object 'Object Repository/Page_The Story and Evolution of Doodles - G_6e786d/h2_Weve created more than 5,000 Doodles ove_111429' is visible

07-06-2024T14:10:13 - [TEST_STEP][PASSED] - click(findTestObject("Object Repository/Page_The Story and Evolution of Doodles - G_6e786d/p_The first Doodle was a simple out-of-offi_345e61")): Object: 'Object Repository/Page_The Story and Evolution of Doodles - G_6e786d/p_The first Doodle was a simple out-of-offi_345e61' is clicked on

07-06-2024T14:10:13 - [MESSAGE][PASSED] - Object: 'Object Repository/Page_The Story and Evolution of Doodles - G_6e786d/p_The first Doodle was a simple out-of-offi_345e61' is clicked on

07-06-2024T14:10:13 - [TEST_STEP][PASSED] - verifyElementVisible(findTestObject("Object Repository/Page_The Story and Evolution of Doodles - G_6e786d/h1_The story behind Doodles")): Object 'Object Repository/Page_The Story and Evolution of Doodles - G_6e786d/h1_The story behind Doodles' is visible

07-06-2024T14:10:13 - [MESSAGE][PASSED] - Object 'Object Repository/Page_The Story and Evolution of Doodles - G_6e786d/h1_The story behind Doodles' is visible

07-06-2024T14:10:13 - [TEST_STEP][PASSED] - verifyElementVisible(findTestObject("Object Repository/Page_The Story and Evolution of Doodles - G_6e786d/p_The first Doodle was a simple out-of-offi_345e61")): Object 'Object Repository/Page_The Story and Evolution of Doodles - G_6e786d/p_The first Doodle was a simple out-of-offi_345e61' is visible

07-06-2024T14:10:13 - [MESSAGE][PASSED] - Object 'Object Repository/Page_The Story and Evolution of Doodles - G_6e786d/p_The first Doodle was a simple out-of-offi_345e61' is visible

07-06-2024T14:10:13 - [TEST_STEP][PASSED] - verifyElementVisible(findTestObject("Object Repository/Page_The Story and Evolution of Doodles - G_6e786d/h2_Weve created more than 5,000 Doodles ove_111429")): Object 'Object Repository/Page_The Story and Evolution of Doodles - G_6e786d/h2_Weve created more than 5,000 Doodles ove_111429' is visible

07-06-2024T14:10:13 - [MESSAGE][PASSED] - Object 'Object Repository/Page_The Story and Evolution of Doodles - G_6e786d/h2_Weve created more than 5,000 Doodles ove_111429' is visible

07-06-2024T14:10:13 - [TEST_STEP][PASSED] - click(findTestObject("Object Repository/Page_The Story and Evolution of Doodles - G_6e786d/p_The first Doodle was a simple out-of-offi_345e61")): Object: 'Object Repository/Page_The Story and Evolution of Doodles - G_6e786d/p_The first Doodle was a simple out-of-offi_345e61' is clicked on

07-06-2024T14:10:13 - [MESSAGE][PASSED] - Object: 'Object Repository/Page_The Story and Evolution of Doodles - G_6e786d/p_The first Doodle was a simple out-of-offi_345e61' is clicked on

07-06-2024T14:10:13 - [TEST_STEP][PASSED] - verifyElementVisible(findTestObject("Object Repository/Page_The Story and Evolution of Doodles - G_6e786d/h1_The story behind Doodles")): Object 'Object Repository/Page_The Story and Evolution of Doodles - G_6e786d/h1_The story behind Doodles' is visible

07-06-2024T14:10:13 - [MESSAGE][PASSED] - Object 'Object Repository/Page_The Story and Evolution of Doodles - G_6e786d/h1_The story behind Doodles' is visible

07-06-2024T14:10:13 - [TEST_STEP][PASSED] - verifyElementVisible(findTestObject("Object Repository/Page_The Story and Evolution of Doodles - G_6e786d/p_The first Doodle was a simple out-of-offi_345e61")): Object 'Object Repository/Page_The Story and Evolution of Doodles - G_6e786d/p_The first Doodle was a simple out-of-offi_345e61' is visible

07-06-2024T14:10:13 - [MESSAGE][PASSED] - Object 'Object Repository/Page_The Story and Evolution of Doodles - G_6e786d/p_The first Doodle was a simple out-of-offi_345e61' is visible

07-06-2024T14:10:13 - [TEST_STEP][PASSED] - verifyElementVisible(findTestObject("Object Repository/Page_The Story and Evolution of Doodles - G_6e786d/h2_Weve created more than 5,000 Doodles ove_111429")): Object 'Object Repository/Page_The Story and Evolution of Doodles - G_6e786d/h2_Weve created more than 5,000 Doodles ove_111429' is visible

07-06-2024T14:10:13 - [MESSAGE][PASSED] - Object 'Object Repository/Page_The Story and Evolution of Doodles - G_6e786d/h2_Weve created more than 5,000 Doodles ove_111429' is visible

07-06-2024T14:10:13 - [TEST_STEP][PASSED] - click(findTestObject("Object Repository/Page_The Story and Evolution of Doodles - G_6e786d/p_The first Doodle was a simple out-of-offi_345e61")): Object: 'Object Repository/Page_The Story and Evolution of Doodles - G_6e786d/p_The first Doodle was a simple out-of-offi_345e61' is clicked on

07-06-2024T14:10:14 - [MESSAGE][PASSED] - Object: 'Object Repository/Page_The Story and Evolution of Doodles - G_6e786d/p_The first Doodle was a simple out-of-offi_345e61' is clicked on

07-06-2024T14:10:14 - [TEST_STEP][PASSED] - verifyElementVisible(findTestObject("Object Repository/Page_The Story and Evolution of Doodles - G_6e786d/h1_The story behind Doodles")): Object 'Object Repository/Page_The Story and Evolution of Doodles - G_6e786d/h1_The story behind Doodles' is visible

07-06-2024T14:10:14 - [MESSAGE][PASSED] - Object 'Object Repository/Page_The Story and Evolution of Doodles - G_6e786d/h1_The story behind Doodles' is visible

07-06-2024T14:10:14 - [TEST_STEP][PASSED] - verifyElementVisible(findTestObject("Object Repository/Page_The Story and Evolution of Doodles - G_6e786d/p_The first Doodle was a simple out-of-offi_345e61")): Object 'Object Repository/Page_The Story and Evolution of Doodles - G_6e786d/p_The first Doodle was a simple out-of-offi_345e61' is visible

07-06-2024T14:10:14 - [MESSAGE][PASSED] - Object 'Object Repository/Page_The Story and Evolution of Doodles - G_6e786d/p_The first Doodle was a simple out-of-offi_345e61' is visible

07-06-2024T14:10:14 - [TEST_STEP][PASSED] - verifyElementVisible(findTestObject("Object Repository/Page_The Story and Evolution of Doodles - G_6e786d/h2_Weve created more than 5,000 Doodles ove_111429")): Object 'Object Repository/Page_The Story and Evolution of Doodles - G_6e786d/h2_Weve created more than 5,000 Doodles ove_111429' is visible

07-06-2024T14:10:14 - [MESSAGE][PASSED] - Object 'Object Repository/Page_The Story and Evolution of Doodles - G_6e786d/h2_Weve created more than 5,000 Doodles ove_111429' is visible

07-06-2024T14:10:14 - [TEST_STEP][PASSED] - click(findTestObject("Object Repository/Page_The Story and Evolution of Doodles - G_6e786d/p_The first Doodle was a simple out-of-offi_345e61")): Object: 'Object Repository/Page_The Story and Evolution of Doodles - G_6e786d/p_The first Doodle was a simple out-of-offi_345e61' is clicked on

07-06-2024T14:10:14 - [MESSAGE][PASSED] - Object: 'Object Repository/Page_The Story and Evolution of Doodles - G_6e786d/p_The first Doodle was a simple out-of-offi_345e61' is clicked on

07-06-2024T14:10:14 - [TEST_STEP][PASSED] - verifyElementVisible(findTestObject("Object Repository/Page_The Story and Evolution of Doodles - G_6e786d/h1_The story behind Doodles")): Object 'Object Repository/Page_The Story and Evolution of Doodles - G_6e786d/h1_The story behind Doodles' is visible

07-06-2024T14:10:14 - [MESSAGE][PASSED] - Object 'Object Repository/Page_The Story and Evolution of Doodles - G_6e786d/h1_The story behind Doodles' is visible

07-06-2024T14:10:14 - [TEST_STEP][PASSED] - verifyElementVisible(findTestObject("Object Repository/Page_The Story and Evolution of Doodles - G_6e786d/p_The first Doodle was a simple out-of-offi_345e61")): Object 'Object Repository/Page_The Story and Evolution of Doodles - G_6e786d/p_The first Doodle was a simple out-of-offi_345e61' is visible

07-06-2024T14:10:14 - [MESSAGE][PASSED] - Object 'Object Repository/Page_The Story and Evolution of Doodles - G_6e786d/p_The first Doodle was a simple out-of-offi_345e61' is visible

07-06-2024T14:10:14 - [TEST_STEP][PASSED] - verifyElementVisible(findTestObject("Object Repository/Page_The Story and Evolution of Doodles - G_6e786d/h2_Weve created more than 5,000 Doodles ove_111429")): Object 'Object Repository/Page_The Story and Evolution of Doodles - G_6e786d/h2_Weve created more than 5,000 Doodles ove_111429' is visible

07-06-2024T14:10:14 - [MESSAGE][PASSED] - Object 'Object Repository/Page_The Story and Evolution of Doodles - G_6e786d/h2_Weve created more than 5,000 Doodles ove_111429' is visible

07-06-2024T14:10:14 - [TEST_STEP][PASSED] - click(findTestObject("Object Repository/Page_The Story and Evolution of Doodles - G_6e786d/p_The first Doodle was a simple out-of-offi_345e61")): Object: 'Object Repository/Page_The Story and Evolution of Doodles - G_6e786d/p_The first Doodle was a simple out-of-offi_345e61' is clicked on

07-06-2024T14:10:14 - [MESSAGE][PASSED] - Object: 'Object Repository/Page_The Story and Evolution of Doodles - G_6e786d/p_The first Doodle was a simple out-of-offi_345e61' is clicked on

07-06-2024T14:10:14 - [TEST_STEP][PASSED] - verifyElementVisible(findTestObject("Object Repository/Page_The Story and Evolution of Doodles - G_6e786d/h1_The story behind Doodles")): Object 'Object Repository/Page_The Story and Evolution of Doodles - G_6e786d/h1_The story behind Doodles' is visible

07-06-2024T14:10:14 - [MESSAGE][PASSED] - Object 'Object Repository/Page_The Story and Evolution of Doodles - G_6e786d/h1_The story behind Doodles' is visible

07-06-2024T14:10:14 - [TEST_STEP][PASSED] - verifyElementVisible(findTestObject("Object Repository/Page_The Story and Evolution of Doodles - G_6e786d/p_The first Doodle was a simple out-of-offi_345e61")): Object 'Object Repository/Page_The Story and Evolution of Doodles - G_6e786d/p_The first Doodle was a simple out-of-offi_345e61' is visible

07-06-2024T14:10:14 - [MESSAGE][PASSED] - Object 'Object Repository/Page_The Story and Evolution of Doodles - G_6e786d/p_The first Doodle was a simple out-of-offi_345e61' is visible

07-06-2024T14:10:14 - [TEST_STEP][PASSED] - verifyElementVisible(findTestObject("Object Repository/Page_The Story and Evolution of Doodles - G_6e786d/h2_Weve created more than 5,000 Doodles ove_111429")): Object 'Object Repository/Page_The Story and Evolution of Doodles - G_6e786d/h2_Weve created more than 5,000 Doodles ove_111429' is visible

07-06-2024T14:10:14 - [MESSAGE][PASSED] - Object 'Object Repository/Page_The Story and Evolution of Doodles - G_6e786d/h2_Weve created more than 5,000 Doodles ove_111429' is visible]]></system-out>
         <system-err><![CDATA[]]></system-err>
      </testcase>
      <testcase name="Test Cases/test case folder 1/tc1 - Copy (5) - Copy (6)" time="9.094" classname="Test Cases/test case folder 1/tc1 - Copy (5) - Copy (6)" status="PASSED">
         <system-out><![CDATA[07-06-2024T14:10:14 - [TEST_CASE][PASSED] - Test Cases/test case folder 1/tc1 - Copy (5) - Copy (6): Test Cases/test case folder 1/tc1 - Copy (5) - Copy (6)

07-06-2024T14:10:14 - [TEST_STEP][PASSED] - openBrowser(""): Browser is opened with url: ''

07-06-2024T14:10:14 - [MESSAGE][WARNING] - A browser is already opened. Closing browser and opening a new one

07-06-2024T14:10:16 - [MESSAGE][INFO] - Starting 'Firefox (headless)' driver

07-06-2024T14:10:16 - [MESSAGE][INFO] - Action delay is set to 0 milliseconds

07-06-2024T14:10:18 - [MESSAGE][PASSED] - Browser is opened with url: ''

07-06-2024T14:10:18 - [TEST_STEP][PASSED] - navigateToUrl("https://doodles.google/about/"): Navigate to 'https://doodles.google/about/' successfully

07-06-2024T14:10:20 - [MESSAGE][PASSED] - Navigate to 'https://doodles.google/about/' successfully

07-06-2024T14:10:20 - [TEST_STEP][PASSED] - click(findTestObject("Object Repository/Page_The Story and Evolution of Doodles - G_6e786d/p_The first Doodle was a simple out-of-offi_345e61")): Object: 'Object Repository/Page_The Story and Evolution of Doodles - G_6e786d/p_The first Doodle was a simple out-of-offi_345e61' is clicked on

07-06-2024T14:10:20 - [MESSAGE][PASSED] - Object: 'Object Repository/Page_The Story and Evolution of Doodles - G_6e786d/p_The first Doodle was a simple out-of-offi_345e61' is clicked on

07-06-2024T14:10:20 - [TEST_STEP][PASSED] - click(findTestObject("Object Repository/Page_The Story and Evolution of Doodles - G_6e786d/p_The first Doodle was a simple out-of-offi_345e61")): Object: 'Object Repository/Page_The Story and Evolution of Doodles - G_6e786d/p_The first Doodle was a simple out-of-offi_345e61' is clicked on

07-06-2024T14:10:20 - [MESSAGE][PASSED] - Object: 'Object Repository/Page_The Story and Evolution of Doodles - G_6e786d/p_The first Doodle was a simple out-of-offi_345e61' is clicked on

07-06-2024T14:10:20 - [TEST_STEP][PASSED] - verifyElementVisible(findTestObject("Object Repository/Page_The Story and Evolution of Doodles - G_6e786d/h1_The story behind Doodles")): Object 'Object Repository/Page_The Story and Evolution of Doodles - G_6e786d/h1_The story behind Doodles' is visible

07-06-2024T14:10:20 - [MESSAGE][PASSED] - Object 'Object Repository/Page_The Story and Evolution of Doodles - G_6e786d/h1_The story behind Doodles' is visible

07-06-2024T14:10:20 - [TEST_STEP][PASSED] - verifyElementVisible(findTestObject("Object Repository/Page_The Story and Evolution of Doodles - G_6e786d/p_The first Doodle was a simple out-of-offi_345e61")): Object 'Object Repository/Page_The Story and Evolution of Doodles - G_6e786d/p_The first Doodle was a simple out-of-offi_345e61' is visible

07-06-2024T14:10:20 - [MESSAGE][PASSED] - Object 'Object Repository/Page_The Story and Evolution of Doodles - G_6e786d/p_The first Doodle was a simple out-of-offi_345e61' is visible

07-06-2024T14:10:20 - [TEST_STEP][PASSED] - verifyElementVisible(findTestObject("Object Repository/Page_The Story and Evolution of Doodles - G_6e786d/h2_Weve created more than 5,000 Doodles ove_111429")): Object 'Object Repository/Page_The Story and Evolution of Doodles - G_6e786d/h2_Weve created more than 5,000 Doodles ove_111429' is visible

07-06-2024T14:10:20 - [MESSAGE][PASSED] - Object 'Object Repository/Page_The Story and Evolution of Doodles - G_6e786d/h2_Weve created more than 5,000 Doodles ove_111429' is visible

07-06-2024T14:10:20 - [TEST_STEP][PASSED] - verifyElementVisible(findTestObject("Object Repository/Page_The Story and Evolution of Doodles - G_6e786d/h1_The story behind Doodles")): Object 'Object Repository/Page_The Story and Evolution of Doodles - G_6e786d/h1_The story behind Doodles' is visible

07-06-2024T14:10:20 - [MESSAGE][PASSED] - Object 'Object Repository/Page_The Story and Evolution of Doodles - G_6e786d/h1_The story behind Doodles' is visible

07-06-2024T14:10:20 - [TEST_STEP][PASSED] - verifyElementVisible(findTestObject("Object Repository/Page_The Story and Evolution of Doodles - G_6e786d/p_The first Doodle was a simple out-of-offi_345e61")): Object 'Object Repository/Page_The Story and Evolution of Doodles - G_6e786d/p_The first Doodle was a simple out-of-offi_345e61' is visible

07-06-2024T14:10:20 - [MESSAGE][PASSED] - Object 'Object Repository/Page_The Story and Evolution of Doodles - G_6e786d/p_The first Doodle was a simple out-of-offi_345e61' is visible

07-06-2024T14:10:20 - [TEST_STEP][PASSED] - verifyElementVisible(findTestObject("Object Repository/Page_The Story and Evolution of Doodles - G_6e786d/h2_Weve created more than 5,000 Doodles ove_111429")): Object 'Object Repository/Page_The Story and Evolution of Doodles - G_6e786d/h2_Weve created more than 5,000 Doodles ove_111429' is visible

07-06-2024T14:10:20 - [MESSAGE][PASSED] - Object 'Object Repository/Page_The Story and Evolution of Doodles - G_6e786d/h2_Weve created more than 5,000 Doodles ove_111429' is visible

07-06-2024T14:10:20 - [TEST_STEP][PASSED] - click(findTestObject("Object Repository/Page_The Story and Evolution of Doodles - G_6e786d/p_The first Doodle was a simple out-of-offi_345e61")): Object: 'Object Repository/Page_The Story and Evolution of Doodles - G_6e786d/p_The first Doodle was a simple out-of-offi_345e61' is clicked on

07-06-2024T14:10:21 - [MESSAGE][PASSED] - Object: 'Object Repository/Page_The Story and Evolution of Doodles - G_6e786d/p_The first Doodle was a simple out-of-offi_345e61' is clicked on

07-06-2024T14:10:21 - [TEST_STEP][PASSED] - verifyElementVisible(findTestObject("Object Repository/Page_The Story and Evolution of Doodles - G_6e786d/h1_The story behind Doodles")): Object 'Object Repository/Page_The Story and Evolution of Doodles - G_6e786d/h1_The story behind Doodles' is visible

07-06-2024T14:10:21 - [MESSAGE][PASSED] - Object 'Object Repository/Page_The Story and Evolution of Doodles - G_6e786d/h1_The story behind Doodles' is visible

07-06-2024T14:10:21 - [TEST_STEP][PASSED] - verifyElementVisible(findTestObject("Object Repository/Page_The Story and Evolution of Doodles - G_6e786d/p_The first Doodle was a simple out-of-offi_345e61")): Object 'Object Repository/Page_The Story and Evolution of Doodles - G_6e786d/p_The first Doodle was a simple out-of-offi_345e61' is visible

07-06-2024T14:10:21 - [MESSAGE][PASSED] - Object 'Object Repository/Page_The Story and Evolution of Doodles - G_6e786d/p_The first Doodle was a simple out-of-offi_345e61' is visible

07-06-2024T14:10:21 - [TEST_STEP][PASSED] - verifyElementVisible(findTestObject("Object Repository/Page_The Story and Evolution of Doodles - G_6e786d/h2_Weve created more than 5,000 Doodles ove_111429")): Object 'Object Repository/Page_The Story and Evolution of Doodles - G_6e786d/h2_Weve created more than 5,000 Doodles ove_111429' is visible

07-06-2024T14:10:21 - [MESSAGE][PASSED] - Object 'Object Repository/Page_The Story and Evolution of Doodles - G_6e786d/h2_Weve created more than 5,000 Doodles ove_111429' is visible

07-06-2024T14:10:21 - [TEST_STEP][PASSED] - click(findTestObject("Object Repository/Page_The Story and Evolution of Doodles - G_6e786d/p_The first Doodle was a simple out-of-offi_345e61")): Object: 'Object Repository/Page_The Story and Evolution of Doodles - G_6e786d/p_The first Doodle was a simple out-of-offi_345e61' is clicked on

07-06-2024T14:10:21 - [MESSAGE][PASSED] - Object: 'Object Repository/Page_The Story and Evolution of Doodles - G_6e786d/p_The first Doodle was a simple out-of-offi_345e61' is clicked on

07-06-2024T14:10:21 - [TEST_STEP][PASSED] - verifyElementVisible(findTestObject("Object Repository/Page_The Story and Evolution of Doodles - G_6e786d/h1_The story behind Doodles")): Object 'Object Repository/Page_The Story and Evolution of Doodles - G_6e786d/h1_The story behind Doodles' is visible

07-06-2024T14:10:21 - [MESSAGE][PASSED] - Object 'Object Repository/Page_The Story and Evolution of Doodles - G_6e786d/h1_The story behind Doodles' is visible

07-06-2024T14:10:21 - [TEST_STEP][PASSED] - verifyElementVisible(findTestObject("Object Repository/Page_The Story and Evolution of Doodles - G_6e786d/p_The first Doodle was a simple out-of-offi_345e61")): Object 'Object Repository/Page_The Story and Evolution of Doodles - G_6e786d/p_The first Doodle was a simple out-of-offi_345e61' is visible

07-06-2024T14:10:21 - [MESSAGE][PASSED] - Object 'Object Repository/Page_The Story and Evolution of Doodles - G_6e786d/p_The first Doodle was a simple out-of-offi_345e61' is visible

07-06-2024T14:10:21 - [TEST_STEP][PASSED] - verifyElementVisible(findTestObject("Object Repository/Page_The Story and Evolution of Doodles - G_6e786d/h2_Weve created more than 5,000 Doodles ove_111429")): Object 'Object Repository/Page_The Story and Evolution of Doodles - G_6e786d/h2_Weve created more than 5,000 Doodles ove_111429' is visible

07-06-2024T14:10:21 - [MESSAGE][PASSED] - Object 'Object Repository/Page_The Story and Evolution of Doodles - G_6e786d/h2_Weve created more than 5,000 Doodles ove_111429' is visible

07-06-2024T14:10:21 - [TEST_STEP][PASSED] - click(findTestObject("Object Repository/Page_The Story and Evolution of Doodles - G_6e786d/p_The first Doodle was a simple out-of-offi_345e61")): Object: 'Object Repository/Page_The Story and Evolution of Doodles - G_6e786d/p_The first Doodle was a simple out-of-offi_345e61' is clicked on

07-06-2024T14:10:21 - [MESSAGE][PASSED] - Object: 'Object Repository/Page_The Story and Evolution of Doodles - G_6e786d/p_The first Doodle was a simple out-of-offi_345e61' is clicked on

07-06-2024T14:10:21 - [TEST_STEP][PASSED] - verifyElementVisible(findTestObject("Object Repository/Page_The Story and Evolution of Doodles - G_6e786d/h1_The story behind Doodles")): Object 'Object Repository/Page_The Story and Evolution of Doodles - G_6e786d/h1_The story behind Doodles' is visible

07-06-2024T14:10:22 - [MESSAGE][PASSED] - Object 'Object Repository/Page_The Story and Evolution of Doodles - G_6e786d/h1_The story behind Doodles' is visible

07-06-2024T14:10:22 - [TEST_STEP][PASSED] - verifyElementVisible(findTestObject("Object Repository/Page_The Story and Evolution of Doodles - G_6e786d/p_The first Doodle was a simple out-of-offi_345e61")): Object 'Object Repository/Page_The Story and Evolution of Doodles - G_6e786d/p_The first Doodle was a simple out-of-offi_345e61' is visible

07-06-2024T14:10:22 - [MESSAGE][PASSED] - Object 'Object Repository/Page_The Story and Evolution of Doodles - G_6e786d/p_The first Doodle was a simple out-of-offi_345e61' is visible

07-06-2024T14:10:22 - [TEST_STEP][PASSED] - verifyElementVisible(findTestObject("Object Repository/Page_The Story and Evolution of Doodles - G_6e786d/h2_Weve created more than 5,000 Doodles ove_111429")): Object 'Object Repository/Page_The Story and Evolution of Doodles - G_6e786d/h2_Weve created more than 5,000 Doodles ove_111429' is visible

07-06-2024T14:10:22 - [MESSAGE][PASSED] - Object 'Object Repository/Page_The Story and Evolution of Doodles - G_6e786d/h2_Weve created more than 5,000 Doodles ove_111429' is visible

07-06-2024T14:10:22 - [TEST_STEP][PASSED] - click(findTestObject("Object Repository/Page_The Story and Evolution of Doodles - G_6e786d/p_The first Doodle was a simple out-of-offi_345e61")): Object: 'Object Repository/Page_The Story and Evolution of Doodles - G_6e786d/p_The first Doodle was a simple out-of-offi_345e61' is clicked on

07-06-2024T14:10:22 - [MESSAGE][PASSED] - Object: 'Object Repository/Page_The Story and Evolution of Doodles - G_6e786d/p_The first Doodle was a simple out-of-offi_345e61' is clicked on

07-06-2024T14:10:22 - [TEST_STEP][PASSED] - verifyElementVisible(findTestObject("Object Repository/Page_The Story and Evolution of Doodles - G_6e786d/h1_The story behind Doodles")): Object 'Object Repository/Page_The Story and Evolution of Doodles - G_6e786d/h1_The story behind Doodles' is visible

07-06-2024T14:10:22 - [MESSAGE][PASSED] - Object 'Object Repository/Page_The Story and Evolution of Doodles - G_6e786d/h1_The story behind Doodles' is visible

07-06-2024T14:10:22 - [TEST_STEP][PASSED] - verifyElementVisible(findTestObject("Object Repository/Page_The Story and Evolution of Doodles - G_6e786d/p_The first Doodle was a simple out-of-offi_345e61")): Object 'Object Repository/Page_The Story and Evolution of Doodles - G_6e786d/p_The first Doodle was a simple out-of-offi_345e61' is visible

07-06-2024T14:10:22 - [MESSAGE][PASSED] - Object 'Object Repository/Page_The Story and Evolution of Doodles - G_6e786d/p_The first Doodle was a simple out-of-offi_345e61' is visible

07-06-2024T14:10:22 - [TEST_STEP][PASSED] - verifyElementVisible(findTestObject("Object Repository/Page_The Story and Evolution of Doodles - G_6e786d/h2_Weve created more than 5,000 Doodles ove_111429")): Object 'Object Repository/Page_The Story and Evolution of Doodles - G_6e786d/h2_Weve created more than 5,000 Doodles ove_111429' is visible

07-06-2024T14:10:22 - [MESSAGE][PASSED] - Object 'Object Repository/Page_The Story and Evolution of Doodles - G_6e786d/h2_Weve created more than 5,000 Doodles ove_111429' is visible

07-06-2024T14:10:22 - [TEST_STEP][PASSED] - click(findTestObject("Object Repository/Page_The Story and Evolution of Doodles - G_6e786d/p_The first Doodle was a simple out-of-offi_345e61")): Object: 'Object Repository/Page_The Story and Evolution of Doodles - G_6e786d/p_The first Doodle was a simple out-of-offi_345e61' is clicked on

07-06-2024T14:10:22 - [MESSAGE][PASSED] - Object: 'Object Repository/Page_The Story and Evolution of Doodles - G_6e786d/p_The first Doodle was a simple out-of-offi_345e61' is clicked on

07-06-2024T14:10:22 - [TEST_STEP][PASSED] - verifyElementVisible(findTestObject("Object Repository/Page_The Story and Evolution of Doodles - G_6e786d/h1_The story behind Doodles")): Object 'Object Repository/Page_The Story and Evolution of Doodles - G_6e786d/h1_The story behind Doodles' is visible

07-06-2024T14:10:22 - [MESSAGE][PASSED] - Object 'Object Repository/Page_The Story and Evolution of Doodles - G_6e786d/h1_The story behind Doodles' is visible

07-06-2024T14:10:22 - [TEST_STEP][PASSED] - verifyElementVisible(findTestObject("Object Repository/Page_The Story and Evolution of Doodles - G_6e786d/p_The first Doodle was a simple out-of-offi_345e61")): Object 'Object Repository/Page_The Story and Evolution of Doodles - G_6e786d/p_The first Doodle was a simple out-of-offi_345e61' is visible

07-06-2024T14:10:22 - [MESSAGE][PASSED] - Object 'Object Repository/Page_The Story and Evolution of Doodles - G_6e786d/p_The first Doodle was a simple out-of-offi_345e61' is visible

07-06-2024T14:10:22 - [TEST_STEP][PASSED] - verifyElementVisible(findTestObject("Object Repository/Page_The Story and Evolution of Doodles - G_6e786d/h2_Weve created more than 5,000 Doodles ove_111429")): Object 'Object Repository/Page_The Story and Evolution of Doodles - G_6e786d/h2_Weve created more than 5,000 Doodles ove_111429' is visible

07-06-2024T14:10:22 - [MESSAGE][PASSED] - Object 'Object Repository/Page_The Story and Evolution of Doodles - G_6e786d/h2_Weve created more than 5,000 Doodles ove_111429' is visible

07-06-2024T14:10:22 - [TEST_STEP][PASSED] - click(findTestObject("Object Repository/Page_The Story and Evolution of Doodles - G_6e786d/p_The first Doodle was a simple out-of-offi_345e61")): Object: 'Object Repository/Page_The Story and Evolution of Doodles - G_6e786d/p_The first Doodle was a simple out-of-offi_345e61' is clicked on

07-06-2024T14:10:23 - [MESSAGE][PASSED] - Object: 'Object Repository/Page_The Story and Evolution of Doodles - G_6e786d/p_The first Doodle was a simple out-of-offi_345e61' is clicked on

07-06-2024T14:10:23 - [TEST_STEP][PASSED] - verifyElementVisible(findTestObject("Object Repository/Page_The Story and Evolution of Doodles - G_6e786d/h1_The story behind Doodles")): Object 'Object Repository/Page_The Story and Evolution of Doodles - G_6e786d/h1_The story behind Doodles' is visible

07-06-2024T14:10:23 - [MESSAGE][PASSED] - Object 'Object Repository/Page_The Story and Evolution of Doodles - G_6e786d/h1_The story behind Doodles' is visible

07-06-2024T14:10:23 - [TEST_STEP][PASSED] - verifyElementVisible(findTestObject("Object Repository/Page_The Story and Evolution of Doodles - G_6e786d/p_The first Doodle was a simple out-of-offi_345e61")): Object 'Object Repository/Page_The Story and Evolution of Doodles - G_6e786d/p_The first Doodle was a simple out-of-offi_345e61' is visible

07-06-2024T14:10:23 - [MESSAGE][PASSED] - Object 'Object Repository/Page_The Story and Evolution of Doodles - G_6e786d/p_The first Doodle was a simple out-of-offi_345e61' is visible

07-06-2024T14:10:23 - [TEST_STEP][PASSED] - verifyElementVisible(findTestObject("Object Repository/Page_The Story and Evolution of Doodles - G_6e786d/h2_Weve created more than 5,000 Doodles ove_111429")): Object 'Object Repository/Page_The Story and Evolution of Doodles - G_6e786d/h2_Weve created more than 5,000 Doodles ove_111429' is visible

07-06-2024T14:10:23 - [MESSAGE][PASSED] - Object 'Object Repository/Page_The Story and Evolution of Doodles - G_6e786d/h2_Weve created more than 5,000 Doodles ove_111429' is visible

07-06-2024T14:10:23 - [TEST_STEP][PASSED] - click(findTestObject("Object Repository/Page_The Story and Evolution of Doodles - G_6e786d/p_The first Doodle was a simple out-of-offi_345e61")): Object: 'Object Repository/Page_The Story and Evolution of Doodles - G_6e786d/p_The first Doodle was a simple out-of-offi_345e61' is clicked on

07-06-2024T14:10:23 - [MESSAGE][PASSED] - Object: 'Object Repository/Page_The Story and Evolution of Doodles - G_6e786d/p_The first Doodle was a simple out-of-offi_345e61' is clicked on

07-06-2024T14:10:23 - [TEST_STEP][PASSED] - verifyElementVisible(findTestObject("Object Repository/Page_The Story and Evolution of Doodles - G_6e786d/h1_The story behind Doodles")): Object 'Object Repository/Page_The Story and Evolution of Doodles - G_6e786d/h1_The story behind Doodles' is visible

07-06-2024T14:10:23 - [MESSAGE][PASSED] - Object 'Object Repository/Page_The Story and Evolution of Doodles - G_6e786d/h1_The story behind Doodles' is visible

07-06-2024T14:10:23 - [TEST_STEP][PASSED] - verifyElementVisible(findTestObject("Object Repository/Page_The Story and Evolution of Doodles - G_6e786d/p_The first Doodle was a simple out-of-offi_345e61")): Object 'Object Repository/Page_The Story and Evolution of Doodles - G_6e786d/p_The first Doodle was a simple out-of-offi_345e61' is visible

07-06-2024T14:10:23 - [MESSAGE][PASSED] - Object 'Object Repository/Page_The Story and Evolution of Doodles - G_6e786d/p_The first Doodle was a simple out-of-offi_345e61' is visible

07-06-2024T14:10:23 - [TEST_STEP][PASSED] - verifyElementVisible(findTestObject("Object Repository/Page_The Story and Evolution of Doodles - G_6e786d/h2_Weve created more than 5,000 Doodles ove_111429")): Object 'Object Repository/Page_The Story and Evolution of Doodles - G_6e786d/h2_Weve created more than 5,000 Doodles ove_111429' is visible

07-06-2024T14:10:23 - [MESSAGE][PASSED] - Object 'Object Repository/Page_The Story and Evolution of Doodles - G_6e786d/h2_Weve created more than 5,000 Doodles ove_111429' is visible

07-06-2024T14:10:23 - [TEST_STEP][PASSED] - click(findTestObject("Object Repository/Page_The Story and Evolution of Doodles - G_6e786d/p_The first Doodle was a simple out-of-offi_345e61")): Object: 'Object Repository/Page_The Story and Evolution of Doodles - G_6e786d/p_The first Doodle was a simple out-of-offi_345e61' is clicked on

07-06-2024T14:10:23 - [MESSAGE][PASSED] - Object: 'Object Repository/Page_The Story and Evolution of Doodles - G_6e786d/p_The first Doodle was a simple out-of-offi_345e61' is clicked on

07-06-2024T14:10:23 - [TEST_STEP][PASSED] - verifyElementVisible(findTestObject("Object Repository/Page_The Story and Evolution of Doodles - G_6e786d/h1_The story behind Doodles")): Object 'Object Repository/Page_The Story and Evolution of Doodles - G_6e786d/h1_The story behind Doodles' is visible

07-06-2024T14:10:23 - [MESSAGE][PASSED] - Object 'Object Repository/Page_The Story and Evolution of Doodles - G_6e786d/h1_The story behind Doodles' is visible

07-06-2024T14:10:23 - [TEST_STEP][PASSED] - verifyElementVisible(findTestObject("Object Repository/Page_The Story and Evolution of Doodles - G_6e786d/p_The first Doodle was a simple out-of-offi_345e61")): Object 'Object Repository/Page_The Story and Evolution of Doodles - G_6e786d/p_The first Doodle was a simple out-of-offi_345e61' is visible

07-06-2024T14:10:23 - [MESSAGE][PASSED] - Object 'Object Repository/Page_The Story and Evolution of Doodles - G_6e786d/p_The first Doodle was a simple out-of-offi_345e61' is visible

07-06-2024T14:10:23 - [TEST_STEP][PASSED] - verifyElementVisible(findTestObject("Object Repository/Page_The Story and Evolution of Doodles - G_6e786d/h2_Weve created more than 5,000 Doodles ove_111429")): Object 'Object Repository/Page_The Story and Evolution of Doodles - G_6e786d/h2_Weve created more than 5,000 Doodles ove_111429' is visible

07-06-2024T14:10:23 - [MESSAGE][PASSED] - Object 'Object Repository/Page_The Story and Evolution of Doodles - G_6e786d/h2_Weve created more than 5,000 Doodles ove_111429' is visible

07-06-2024T14:10:23 - [TEST_STEP][PASSED] - click(findTestObject("Object Repository/Page_The Story and Evolution of Doodles - G_6e786d/p_The first Doodle was a simple out-of-offi_345e61")): Object: 'Object Repository/Page_The Story and Evolution of Doodles - G_6e786d/p_The first Doodle was a simple out-of-offi_345e61' is clicked on

07-06-2024T14:10:23 - [MESSAGE][PASSED] - Object: 'Object Repository/Page_The Story and Evolution of Doodles - G_6e786d/p_The first Doodle was a simple out-of-offi_345e61' is clicked on

07-06-2024T14:10:23 - [TEST_STEP][PASSED] - verifyElementVisible(findTestObject("Object Repository/Page_The Story and Evolution of Doodles - G_6e786d/h1_The story behind Doodles")): Object 'Object Repository/Page_The Story and Evolution of Doodles - G_6e786d/h1_The story behind Doodles' is visible

07-06-2024T14:10:24 - [MESSAGE][PASSED] - Object 'Object Repository/Page_The Story and Evolution of Doodles - G_6e786d/h1_The story behind Doodles' is visible

07-06-2024T14:10:24 - [TEST_STEP][PASSED] - verifyElementVisible(findTestObject("Object Repository/Page_The Story and Evolution of Doodles - G_6e786d/p_The first Doodle was a simple out-of-offi_345e61")): Object 'Object Repository/Page_The Story and Evolution of Doodles - G_6e786d/p_The first Doodle was a simple out-of-offi_345e61' is visible

07-06-2024T14:10:24 - [MESSAGE][PASSED] - Object 'Object Repository/Page_The Story and Evolution of Doodles - G_6e786d/p_The first Doodle was a simple out-of-offi_345e61' is visible

07-06-2024T14:10:24 - [TEST_STEP][PASSED] - verifyElementVisible(findTestObject("Object Repository/Page_The Story and Evolution of Doodles - G_6e786d/h2_Weve created more than 5,000 Doodles ove_111429")): Object 'Object Repository/Page_The Story and Evolution of Doodles - G_6e786d/h2_Weve created more than 5,000 Doodles ove_111429' is visible

07-06-2024T14:10:24 - [MESSAGE][PASSED] - Object 'Object Repository/Page_The Story and Evolution of Doodles - G_6e786d/h2_Weve created more than 5,000 Doodles ove_111429' is visible]]></system-out>
         <system-err><![CDATA[]]></system-err>
      </testcase>
      <testcase name="Test Cases/test case folder 1/tc1 - Copy (5) - Copy" time="8.648" classname="Test Cases/test case folder 1/tc1 - Copy (5) - Copy" status="PASSED">
         <system-out><![CDATA[07-06-2024T14:10:24 - [TEST_CASE][PASSED] - Test Cases/test case folder 1/tc1 - Copy (5) - Copy: Test Cases/test case folder 1/tc1 - Copy (5) - Copy

07-06-2024T14:10:24 - [TEST_STEP][PASSED] - openBrowser(""): Browser is opened with url: ''

07-06-2024T14:10:24 - [MESSAGE][WARNING] - A browser is already opened. Closing browser and opening a new one

07-06-2024T14:10:25 - [MESSAGE][INFO] - Starting 'Firefox (headless)' driver

07-06-2024T14:10:25 - [MESSAGE][INFO] - Action delay is set to 0 milliseconds

07-06-2024T14:10:27 - [MESSAGE][PASSED] - Browser is opened with url: ''

07-06-2024T14:10:27 - [TEST_STEP][PASSED] - navigateToUrl("https://doodles.google/about/"): Navigate to 'https://doodles.google/about/' successfully

07-06-2024T14:10:28 - [MESSAGE][PASSED] - Navigate to 'https://doodles.google/about/' successfully

07-06-2024T14:10:28 - [TEST_STEP][PASSED] - click(findTestObject("Object Repository/Page_The Story and Evolution of Doodles - G_6e786d/p_The first Doodle was a simple out-of-offi_345e61")): Object: 'Object Repository/Page_The Story and Evolution of Doodles - G_6e786d/p_The first Doodle was a simple out-of-offi_345e61' is clicked on

07-06-2024T14:10:29 - [MESSAGE][PASSED] - Object: 'Object Repository/Page_The Story and Evolution of Doodles - G_6e786d/p_The first Doodle was a simple out-of-offi_345e61' is clicked on

07-06-2024T14:10:29 - [TEST_STEP][PASSED] - click(findTestObject("Object Repository/Page_The Story and Evolution of Doodles - G_6e786d/p_The first Doodle was a simple out-of-offi_345e61")): Object: 'Object Repository/Page_The Story and Evolution of Doodles - G_6e786d/p_The first Doodle was a simple out-of-offi_345e61' is clicked on

07-06-2024T14:10:29 - [MESSAGE][PASSED] - Object: 'Object Repository/Page_The Story and Evolution of Doodles - G_6e786d/p_The first Doodle was a simple out-of-offi_345e61' is clicked on

07-06-2024T14:10:29 - [TEST_STEP][PASSED] - verifyElementVisible(findTestObject("Object Repository/Page_The Story and Evolution of Doodles - G_6e786d/h1_The story behind Doodles")): Object 'Object Repository/Page_The Story and Evolution of Doodles - G_6e786d/h1_The story behind Doodles' is visible

07-06-2024T14:10:29 - [MESSAGE][PASSED] - Object 'Object Repository/Page_The Story and Evolution of Doodles - G_6e786d/h1_The story behind Doodles' is visible

07-06-2024T14:10:29 - [TEST_STEP][PASSED] - verifyElementVisible(findTestObject("Object Repository/Page_The Story and Evolution of Doodles - G_6e786d/p_The first Doodle was a simple out-of-offi_345e61")): Object 'Object Repository/Page_The Story and Evolution of Doodles - G_6e786d/p_The first Doodle was a simple out-of-offi_345e61' is visible

07-06-2024T14:10:29 - [MESSAGE][PASSED] - Object 'Object Repository/Page_The Story and Evolution of Doodles - G_6e786d/p_The first Doodle was a simple out-of-offi_345e61' is visible

07-06-2024T14:10:29 - [TEST_STEP][PASSED] - verifyElementVisible(findTestObject("Object Repository/Page_The Story and Evolution of Doodles - G_6e786d/h2_Weve created more than 5,000 Doodles ove_111429")): Object 'Object Repository/Page_The Story and Evolution of Doodles - G_6e786d/h2_Weve created more than 5,000 Doodles ove_111429' is visible

07-06-2024T14:10:29 - [MESSAGE][PASSED] - Object 'Object Repository/Page_The Story and Evolution of Doodles - G_6e786d/h2_Weve created more than 5,000 Doodles ove_111429' is visible

07-06-2024T14:10:29 - [TEST_STEP][PASSED] - verifyElementVisible(findTestObject("Object Repository/Page_The Story and Evolution of Doodles - G_6e786d/h1_The story behind Doodles")): Object 'Object Repository/Page_The Story and Evolution of Doodles - G_6e786d/h1_The story behind Doodles' is visible

07-06-2024T14:10:29 - [MESSAGE][PASSED] - Object 'Object Repository/Page_The Story and Evolution of Doodles - G_6e786d/h1_The story behind Doodles' is visible

07-06-2024T14:10:29 - [TEST_STEP][PASSED] - verifyElementVisible(findTestObject("Object Repository/Page_The Story and Evolution of Doodles - G_6e786d/p_The first Doodle was a simple out-of-offi_345e61")): Object 'Object Repository/Page_The Story and Evolution of Doodles - G_6e786d/p_The first Doodle was a simple out-of-offi_345e61' is visible

07-06-2024T14:10:29 - [MESSAGE][PASSED] - Object 'Object Repository/Page_The Story and Evolution of Doodles - G_6e786d/p_The first Doodle was a simple out-of-offi_345e61' is visible

07-06-2024T14:10:29 - [TEST_STEP][PASSED] - verifyElementVisible(findTestObject("Object Repository/Page_The Story and Evolution of Doodles - G_6e786d/h2_Weve created more than 5,000 Doodles ove_111429")): Object 'Object Repository/Page_The Story and Evolution of Doodles - G_6e786d/h2_Weve created more than 5,000 Doodles ove_111429' is visible

07-06-2024T14:10:29 - [MESSAGE][PASSED] - Object 'Object Repository/Page_The Story and Evolution of Doodles - G_6e786d/h2_Weve created more than 5,000 Doodles ove_111429' is visible

07-06-2024T14:10:29 - [TEST_STEP][PASSED] - click(findTestObject("Object Repository/Page_The Story and Evolution of Doodles - G_6e786d/p_The first Doodle was a simple out-of-offi_345e61")): Object: 'Object Repository/Page_The Story and Evolution of Doodles - G_6e786d/p_The first Doodle was a simple out-of-offi_345e61' is clicked on

07-06-2024T14:10:29 - [MESSAGE][PASSED] - Object: 'Object Repository/Page_The Story and Evolution of Doodles - G_6e786d/p_The first Doodle was a simple out-of-offi_345e61' is clicked on

07-06-2024T14:10:29 - [TEST_STEP][PASSED] - verifyElementVisible(findTestObject("Object Repository/Page_The Story and Evolution of Doodles - G_6e786d/h1_The story behind Doodles")): Object 'Object Repository/Page_The Story and Evolution of Doodles - G_6e786d/h1_The story behind Doodles' is visible

07-06-2024T14:10:29 - [MESSAGE][PASSED] - Object 'Object Repository/Page_The Story and Evolution of Doodles - G_6e786d/h1_The story behind Doodles' is visible

07-06-2024T14:10:29 - [TEST_STEP][PASSED] - verifyElementVisible(findTestObject("Object Repository/Page_The Story and Evolution of Doodles - G_6e786d/p_The first Doodle was a simple out-of-offi_345e61")): Object 'Object Repository/Page_The Story and Evolution of Doodles - G_6e786d/p_The first Doodle was a simple out-of-offi_345e61' is visible

07-06-2024T14:10:30 - [MESSAGE][PASSED] - Object 'Object Repository/Page_The Story and Evolution of Doodles - G_6e786d/p_The first Doodle was a simple out-of-offi_345e61' is visible

07-06-2024T14:10:30 - [TEST_STEP][PASSED] - verifyElementVisible(findTestObject("Object Repository/Page_The Story and Evolution of Doodles - G_6e786d/h2_Weve created more than 5,000 Doodles ove_111429")): Object 'Object Repository/Page_The Story and Evolution of Doodles - G_6e786d/h2_Weve created more than 5,000 Doodles ove_111429' is visible

07-06-2024T14:10:30 - [MESSAGE][PASSED] - Object 'Object Repository/Page_The Story and Evolution of Doodles - G_6e786d/h2_Weve created more than 5,000 Doodles ove_111429' is visible

07-06-2024T14:10:30 - [TEST_STEP][PASSED] - click(findTestObject("Object Repository/Page_The Story and Evolution of Doodles - G_6e786d/p_The first Doodle was a simple out-of-offi_345e61")): Object: 'Object Repository/Page_The Story and Evolution of Doodles - G_6e786d/p_The first Doodle was a simple out-of-offi_345e61' is clicked on

07-06-2024T14:10:30 - [MESSAGE][PASSED] - Object: 'Object Repository/Page_The Story and Evolution of Doodles - G_6e786d/p_The first Doodle was a simple out-of-offi_345e61' is clicked on

07-06-2024T14:10:30 - [TEST_STEP][PASSED] - verifyElementVisible(findTestObject("Object Repository/Page_The Story and Evolution of Doodles - G_6e786d/h1_The story behind Doodles")): Object 'Object Repository/Page_The Story and Evolution of Doodles - G_6e786d/h1_The story behind Doodles' is visible

07-06-2024T14:10:30 - [MESSAGE][PASSED] - Object 'Object Repository/Page_The Story and Evolution of Doodles - G_6e786d/h1_The story behind Doodles' is visible

07-06-2024T14:10:30 - [TEST_STEP][PASSED] - verifyElementVisible(findTestObject("Object Repository/Page_The Story and Evolution of Doodles - G_6e786d/p_The first Doodle was a simple out-of-offi_345e61")): Object 'Object Repository/Page_The Story and Evolution of Doodles - G_6e786d/p_The first Doodle was a simple out-of-offi_345e61' is visible

07-06-2024T14:10:30 - [MESSAGE][PASSED] - Object 'Object Repository/Page_The Story and Evolution of Doodles - G_6e786d/p_The first Doodle was a simple out-of-offi_345e61' is visible

07-06-2024T14:10:30 - [TEST_STEP][PASSED] - verifyElementVisible(findTestObject("Object Repository/Page_The Story and Evolution of Doodles - G_6e786d/h2_Weve created more than 5,000 Doodles ove_111429")): Object 'Object Repository/Page_The Story and Evolution of Doodles - G_6e786d/h2_Weve created more than 5,000 Doodles ove_111429' is visible

07-06-2024T14:10:30 - [MESSAGE][PASSED] - Object 'Object Repository/Page_The Story and Evolution of Doodles - G_6e786d/h2_Weve created more than 5,000 Doodles ove_111429' is visible

07-06-2024T14:10:30 - [TEST_STEP][PASSED] - click(findTestObject("Object Repository/Page_The Story and Evolution of Doodles - G_6e786d/p_The first Doodle was a simple out-of-offi_345e61")): Object: 'Object Repository/Page_The Story and Evolution of Doodles - G_6e786d/p_The first Doodle was a simple out-of-offi_345e61' is clicked on

07-06-2024T14:10:30 - [MESSAGE][PASSED] - Object: 'Object Repository/Page_The Story and Evolution of Doodles - G_6e786d/p_The first Doodle was a simple out-of-offi_345e61' is clicked on

07-06-2024T14:10:30 - [TEST_STEP][PASSED] - verifyElementVisible(findTestObject("Object Repository/Page_The Story and Evolution of Doodles - G_6e786d/h1_The story behind Doodles")): Object 'Object Repository/Page_The Story and Evolution of Doodles - G_6e786d/h1_The story behind Doodles' is visible

07-06-2024T14:10:30 - [MESSAGE][PASSED] - Object 'Object Repository/Page_The Story and Evolution of Doodles - G_6e786d/h1_The story behind Doodles' is visible

07-06-2024T14:10:30 - [TEST_STEP][PASSED] - verifyElementVisible(findTestObject("Object Repository/Page_The Story and Evolution of Doodles - G_6e786d/p_The first Doodle was a simple out-of-offi_345e61")): Object 'Object Repository/Page_The Story and Evolution of Doodles - G_6e786d/p_The first Doodle was a simple out-of-offi_345e61' is visible

07-06-2024T14:10:30 - [MESSAGE][PASSED] - Object 'Object Repository/Page_The Story and Evolution of Doodles - G_6e786d/p_The first Doodle was a simple out-of-offi_345e61' is visible

07-06-2024T14:10:30 - [TEST_STEP][PASSED] - verifyElementVisible(findTestObject("Object Repository/Page_The Story and Evolution of Doodles - G_6e786d/h2_Weve created more than 5,000 Doodles ove_111429")): Object 'Object Repository/Page_The Story and Evolution of Doodles - G_6e786d/h2_Weve created more than 5,000 Doodles ove_111429' is visible

07-06-2024T14:10:30 - [MESSAGE][PASSED] - Object 'Object Repository/Page_The Story and Evolution of Doodles - G_6e786d/h2_Weve created more than 5,000 Doodles ove_111429' is visible

07-06-2024T14:10:30 - [TEST_STEP][PASSED] - click(findTestObject("Object Repository/Page_The Story and Evolution of Doodles - G_6e786d/p_The first Doodle was a simple out-of-offi_345e61")): Object: 'Object Repository/Page_The Story and Evolution of Doodles - G_6e786d/p_The first Doodle was a simple out-of-offi_345e61' is clicked on

07-06-2024T14:10:30 - [MESSAGE][PASSED] - Object: 'Object Repository/Page_The Story and Evolution of Doodles - G_6e786d/p_The first Doodle was a simple out-of-offi_345e61' is clicked on

07-06-2024T14:10:30 - [TEST_STEP][PASSED] - verifyElementVisible(findTestObject("Object Repository/Page_The Story and Evolution of Doodles - G_6e786d/h1_The story behind Doodles")): Object 'Object Repository/Page_The Story and Evolution of Doodles - G_6e786d/h1_The story behind Doodles' is visible

07-06-2024T14:10:30 - [MESSAGE][PASSED] - Object 'Object Repository/Page_The Story and Evolution of Doodles - G_6e786d/h1_The story behind Doodles' is visible

07-06-2024T14:10:30 - [TEST_STEP][PASSED] - verifyElementVisible(findTestObject("Object Repository/Page_The Story and Evolution of Doodles - G_6e786d/p_The first Doodle was a simple out-of-offi_345e61")): Object 'Object Repository/Page_The Story and Evolution of Doodles - G_6e786d/p_The first Doodle was a simple out-of-offi_345e61' is visible

07-06-2024T14:10:31 - [MESSAGE][PASSED] - Object 'Object Repository/Page_The Story and Evolution of Doodles - G_6e786d/p_The first Doodle was a simple out-of-offi_345e61' is visible

07-06-2024T14:10:31 - [TEST_STEP][PASSED] - verifyElementVisible(findTestObject("Object Repository/Page_The Story and Evolution of Doodles - G_6e786d/h2_Weve created more than 5,000 Doodles ove_111429")): Object 'Object Repository/Page_The Story and Evolution of Doodles - G_6e786d/h2_Weve created more than 5,000 Doodles ove_111429' is visible

07-06-2024T14:10:31 - [MESSAGE][PASSED] - Object 'Object Repository/Page_The Story and Evolution of Doodles - G_6e786d/h2_Weve created more than 5,000 Doodles ove_111429' is visible

07-06-2024T14:10:31 - [TEST_STEP][PASSED] - click(findTestObject("Object Repository/Page_The Story and Evolution of Doodles - G_6e786d/p_The first Doodle was a simple out-of-offi_345e61")): Object: 'Object Repository/Page_The Story and Evolution of Doodles - G_6e786d/p_The first Doodle was a simple out-of-offi_345e61' is clicked on

07-06-2024T14:10:31 - [MESSAGE][PASSED] - Object: 'Object Repository/Page_The Story and Evolution of Doodles - G_6e786d/p_The first Doodle was a simple out-of-offi_345e61' is clicked on

07-06-2024T14:10:31 - [TEST_STEP][PASSED] - verifyElementVisible(findTestObject("Object Repository/Page_The Story and Evolution of Doodles - G_6e786d/h1_The story behind Doodles")): Object 'Object Repository/Page_The Story and Evolution of Doodles - G_6e786d/h1_The story behind Doodles' is visible

07-06-2024T14:10:31 - [MESSAGE][PASSED] - Object 'Object Repository/Page_The Story and Evolution of Doodles - G_6e786d/h1_The story behind Doodles' is visible

07-06-2024T14:10:31 - [TEST_STEP][PASSED] - verifyElementVisible(findTestObject("Object Repository/Page_The Story and Evolution of Doodles - G_6e786d/p_The first Doodle was a simple out-of-offi_345e61")): Object 'Object Repository/Page_The Story and Evolution of Doodles - G_6e786d/p_The first Doodle was a simple out-of-offi_345e61' is visible

07-06-2024T14:10:31 - [MESSAGE][PASSED] - Object 'Object Repository/Page_The Story and Evolution of Doodles - G_6e786d/p_The first Doodle was a simple out-of-offi_345e61' is visible

07-06-2024T14:10:31 - [TEST_STEP][PASSED] - verifyElementVisible(findTestObject("Object Repository/Page_The Story and Evolution of Doodles - G_6e786d/h2_Weve created more than 5,000 Doodles ove_111429")): Object 'Object Repository/Page_The Story and Evolution of Doodles - G_6e786d/h2_Weve created more than 5,000 Doodles ove_111429' is visible

07-06-2024T14:10:31 - [MESSAGE][PASSED] - Object 'Object Repository/Page_The Story and Evolution of Doodles - G_6e786d/h2_Weve created more than 5,000 Doodles ove_111429' is visible

07-06-2024T14:10:31 - [TEST_STEP][PASSED] - click(findTestObject("Object Repository/Page_The Story and Evolution of Doodles - G_6e786d/p_The first Doodle was a simple out-of-offi_345e61")): Object: 'Object Repository/Page_The Story and Evolution of Doodles - G_6e786d/p_The first Doodle was a simple out-of-offi_345e61' is clicked on

07-06-2024T14:10:31 - [MESSAGE][PASSED] - Object: 'Object Repository/Page_The Story and Evolution of Doodles - G_6e786d/p_The first Doodle was a simple out-of-offi_345e61' is clicked on

07-06-2024T14:10:31 - [TEST_STEP][PASSED] - verifyElementVisible(findTestObject("Object Repository/Page_The Story and Evolution of Doodles - G_6e786d/h1_The story behind Doodles")): Object 'Object Repository/Page_The Story and Evolution of Doodles - G_6e786d/h1_The story behind Doodles' is visible

07-06-2024T14:10:31 - [MESSAGE][PASSED] - Object 'Object Repository/Page_The Story and Evolution of Doodles - G_6e786d/h1_The story behind Doodles' is visible

07-06-2024T14:10:31 - [TEST_STEP][PASSED] - verifyElementVisible(findTestObject("Object Repository/Page_The Story and Evolution of Doodles - G_6e786d/p_The first Doodle was a simple out-of-offi_345e61")): Object 'Object Repository/Page_The Story and Evolution of Doodles - G_6e786d/p_The first Doodle was a simple out-of-offi_345e61' is visible

07-06-2024T14:10:31 - [MESSAGE][PASSED] - Object 'Object Repository/Page_The Story and Evolution of Doodles - G_6e786d/p_The first Doodle was a simple out-of-offi_345e61' is visible

07-06-2024T14:10:31 - [TEST_STEP][PASSED] - verifyElementVisible(findTestObject("Object Repository/Page_The Story and Evolution of Doodles - G_6e786d/h2_Weve created more than 5,000 Doodles ove_111429")): Object 'Object Repository/Page_The Story and Evolution of Doodles - G_6e786d/h2_Weve created more than 5,000 Doodles ove_111429' is visible

07-06-2024T14:10:31 - [MESSAGE][PASSED] - Object 'Object Repository/Page_The Story and Evolution of Doodles - G_6e786d/h2_Weve created more than 5,000 Doodles ove_111429' is visible

07-06-2024T14:10:31 - [TEST_STEP][PASSED] - click(findTestObject("Object Repository/Page_The Story and Evolution of Doodles - G_6e786d/p_The first Doodle was a simple out-of-offi_345e61")): Object: 'Object Repository/Page_The Story and Evolution of Doodles - G_6e786d/p_The first Doodle was a simple out-of-offi_345e61' is clicked on

07-06-2024T14:10:32 - [MESSAGE][PASSED] - Object: 'Object Repository/Page_The Story and Evolution of Doodles - G_6e786d/p_The first Doodle was a simple out-of-offi_345e61' is clicked on

07-06-2024T14:10:32 - [TEST_STEP][PASSED] - verifyElementVisible(findTestObject("Object Repository/Page_The Story and Evolution of Doodles - G_6e786d/h1_The story behind Doodles")): Object 'Object Repository/Page_The Story and Evolution of Doodles - G_6e786d/h1_The story behind Doodles' is visible

07-06-2024T14:10:32 - [MESSAGE][PASSED] - Object 'Object Repository/Page_The Story and Evolution of Doodles - G_6e786d/h1_The story behind Doodles' is visible

07-06-2024T14:10:32 - [TEST_STEP][PASSED] - verifyElementVisible(findTestObject("Object Repository/Page_The Story and Evolution of Doodles - G_6e786d/p_The first Doodle was a simple out-of-offi_345e61")): Object 'Object Repository/Page_The Story and Evolution of Doodles - G_6e786d/p_The first Doodle was a simple out-of-offi_345e61' is visible

07-06-2024T14:10:32 - [MESSAGE][PASSED] - Object 'Object Repository/Page_The Story and Evolution of Doodles - G_6e786d/p_The first Doodle was a simple out-of-offi_345e61' is visible

07-06-2024T14:10:32 - [TEST_STEP][PASSED] - verifyElementVisible(findTestObject("Object Repository/Page_The Story and Evolution of Doodles - G_6e786d/h2_Weve created more than 5,000 Doodles ove_111429")): Object 'Object Repository/Page_The Story and Evolution of Doodles - G_6e786d/h2_Weve created more than 5,000 Doodles ove_111429' is visible

07-06-2024T14:10:32 - [MESSAGE][PASSED] - Object 'Object Repository/Page_The Story and Evolution of Doodles - G_6e786d/h2_Weve created more than 5,000 Doodles ove_111429' is visible

07-06-2024T14:10:32 - [TEST_STEP][PASSED] - click(findTestObject("Object Repository/Page_The Story and Evolution of Doodles - G_6e786d/p_The first Doodle was a simple out-of-offi_345e61")): Object: 'Object Repository/Page_The Story and Evolution of Doodles - G_6e786d/p_The first Doodle was a simple out-of-offi_345e61' is clicked on

07-06-2024T14:10:32 - [MESSAGE][PASSED] - Object: 'Object Repository/Page_The Story and Evolution of Doodles - G_6e786d/p_The first Doodle was a simple out-of-offi_345e61' is clicked on

07-06-2024T14:10:32 - [TEST_STEP][PASSED] - verifyElementVisible(findTestObject("Object Repository/Page_The Story and Evolution of Doodles - G_6e786d/h1_The story behind Doodles")): Object 'Object Repository/Page_The Story and Evolution of Doodles - G_6e786d/h1_The story behind Doodles' is visible

07-06-2024T14:10:32 - [MESSAGE][PASSED] - Object 'Object Repository/Page_The Story and Evolution of Doodles - G_6e786d/h1_The story behind Doodles' is visible

07-06-2024T14:10:32 - [TEST_STEP][PASSED] - verifyElementVisible(findTestObject("Object Repository/Page_The Story and Evolution of Doodles - G_6e786d/p_The first Doodle was a simple out-of-offi_345e61")): Object 'Object Repository/Page_The Story and Evolution of Doodles - G_6e786d/p_The first Doodle was a simple out-of-offi_345e61' is visible

07-06-2024T14:10:32 - [MESSAGE][PASSED] - Object 'Object Repository/Page_The Story and Evolution of Doodles - G_6e786d/p_The first Doodle was a simple out-of-offi_345e61' is visible

07-06-2024T14:10:32 - [TEST_STEP][PASSED] - verifyElementVisible(findTestObject("Object Repository/Page_The Story and Evolution of Doodles - G_6e786d/h2_Weve created more than 5,000 Doodles ove_111429")): Object 'Object Repository/Page_The Story and Evolution of Doodles - G_6e786d/h2_Weve created more than 5,000 Doodles ove_111429' is visible

07-06-2024T14:10:32 - [MESSAGE][PASSED] - Object 'Object Repository/Page_The Story and Evolution of Doodles - G_6e786d/h2_Weve created more than 5,000 Doodles ove_111429' is visible

07-06-2024T14:10:32 - [TEST_STEP][PASSED] - click(findTestObject("Object Repository/Page_The Story and Evolution of Doodles - G_6e786d/p_The first Doodle was a simple out-of-offi_345e61")): Object: 'Object Repository/Page_The Story and Evolution of Doodles - G_6e786d/p_The first Doodle was a simple out-of-offi_345e61' is clicked on

07-06-2024T14:10:32 - [MESSAGE][PASSED] - Object: 'Object Repository/Page_The Story and Evolution of Doodles - G_6e786d/p_The first Doodle was a simple out-of-offi_345e61' is clicked on

07-06-2024T14:10:32 - [TEST_STEP][PASSED] - verifyElementVisible(findTestObject("Object Repository/Page_The Story and Evolution of Doodles - G_6e786d/h1_The story behind Doodles")): Object 'Object Repository/Page_The Story and Evolution of Doodles - G_6e786d/h1_The story behind Doodles' is visible

07-06-2024T14:10:32 - [MESSAGE][PASSED] - Object 'Object Repository/Page_The Story and Evolution of Doodles - G_6e786d/h1_The story behind Doodles' is visible

07-06-2024T14:10:32 - [TEST_STEP][PASSED] - verifyElementVisible(findTestObject("Object Repository/Page_The Story and Evolution of Doodles - G_6e786d/p_The first Doodle was a simple out-of-offi_345e61")): Object 'Object Repository/Page_The Story and Evolution of Doodles - G_6e786d/p_The first Doodle was a simple out-of-offi_345e61' is visible

07-06-2024T14:10:32 - [MESSAGE][PASSED] - Object 'Object Repository/Page_The Story and Evolution of Doodles - G_6e786d/p_The first Doodle was a simple out-of-offi_345e61' is visible

07-06-2024T14:10:32 - [TEST_STEP][PASSED] - verifyElementVisible(findTestObject("Object Repository/Page_The Story and Evolution of Doodles - G_6e786d/h2_Weve created more than 5,000 Doodles ove_111429")): Object 'Object Repository/Page_The Story and Evolution of Doodles - G_6e786d/h2_Weve created more than 5,000 Doodles ove_111429' is visible

07-06-2024T14:10:32 - [MESSAGE][PASSED] - Object 'Object Repository/Page_The Story and Evolution of Doodles - G_6e786d/h2_Weve created more than 5,000 Doodles ove_111429' is visible]]></system-out>
         <system-err><![CDATA[]]></system-err>
      </testcase>
      <testcase name="Test Cases/test case folder 1/tc1 - Copy (6) - Copy (1)" time="8.744" classname="Test Cases/test case folder 1/tc1 - Copy (6) - Copy (1)" status="PASSED">
         <system-out><![CDATA[07-06-2024T14:10:32 - [TEST_CASE][PASSED] - Test Cases/test case folder 1/tc1 - Copy (6) - Copy (1): Test Cases/test case folder 1/tc1 - Copy (6) - Copy (1)

07-06-2024T14:10:32 - [TEST_STEP][PASSED] - openBrowser(""): Browser is opened with url: ''

07-06-2024T14:10:32 - [MESSAGE][WARNING] - A browser is already opened. Closing browser and opening a new one

07-06-2024T14:10:34 - [MESSAGE][INFO] - Starting 'Firefox (headless)' driver

07-06-2024T14:10:34 - [MESSAGE][INFO] - Action delay is set to 0 milliseconds

07-06-2024T14:10:36 - [MESSAGE][PASSED] - Browser is opened with url: ''

07-06-2024T14:10:36 - [TEST_STEP][PASSED] - navigateToUrl("https://doodles.google/about/"): Navigate to 'https://doodles.google/about/' successfully

07-06-2024T14:10:37 - [MESSAGE][PASSED] - Navigate to 'https://doodles.google/about/' successfully

07-06-2024T14:10:37 - [TEST_STEP][PASSED] - click(findTestObject("Object Repository/Page_The Story and Evolution of Doodles - G_6e786d/p_The first Doodle was a simple out-of-offi_345e61")): Object: 'Object Repository/Page_The Story and Evolution of Doodles - G_6e786d/p_The first Doodle was a simple out-of-offi_345e61' is clicked on

07-06-2024T14:10:37 - [MESSAGE][PASSED] - Object: 'Object Repository/Page_The Story and Evolution of Doodles - G_6e786d/p_The first Doodle was a simple out-of-offi_345e61' is clicked on

07-06-2024T14:10:37 - [TEST_STEP][PASSED] - click(findTestObject("Object Repository/Page_The Story and Evolution of Doodles - G_6e786d/p_The first Doodle was a simple out-of-offi_345e61")): Object: 'Object Repository/Page_The Story and Evolution of Doodles - G_6e786d/p_The first Doodle was a simple out-of-offi_345e61' is clicked on

07-06-2024T14:10:38 - [MESSAGE][PASSED] - Object: 'Object Repository/Page_The Story and Evolution of Doodles - G_6e786d/p_The first Doodle was a simple out-of-offi_345e61' is clicked on

07-06-2024T14:10:38 - [TEST_STEP][PASSED] - verifyElementVisible(findTestObject("Object Repository/Page_The Story and Evolution of Doodles - G_6e786d/h1_The story behind Doodles")): Object 'Object Repository/Page_The Story and Evolution of Doodles - G_6e786d/h1_The story behind Doodles' is visible

07-06-2024T14:10:38 - [MESSAGE][PASSED] - Object 'Object Repository/Page_The Story and Evolution of Doodles - G_6e786d/h1_The story behind Doodles' is visible

07-06-2024T14:10:38 - [TEST_STEP][PASSED] - verifyElementVisible(findTestObject("Object Repository/Page_The Story and Evolution of Doodles - G_6e786d/p_The first Doodle was a simple out-of-offi_345e61")): Object 'Object Repository/Page_The Story and Evolution of Doodles - G_6e786d/p_The first Doodle was a simple out-of-offi_345e61' is visible

07-06-2024T14:10:38 - [MESSAGE][PASSED] - Object 'Object Repository/Page_The Story and Evolution of Doodles - G_6e786d/p_The first Doodle was a simple out-of-offi_345e61' is visible

07-06-2024T14:10:38 - [TEST_STEP][PASSED] - verifyElementVisible(findTestObject("Object Repository/Page_The Story and Evolution of Doodles - G_6e786d/h2_Weve created more than 5,000 Doodles ove_111429")): Object 'Object Repository/Page_The Story and Evolution of Doodles - G_6e786d/h2_Weve created more than 5,000 Doodles ove_111429' is visible

07-06-2024T14:10:38 - [MESSAGE][PASSED] - Object 'Object Repository/Page_The Story and Evolution of Doodles - G_6e786d/h2_Weve created more than 5,000 Doodles ove_111429' is visible

07-06-2024T14:10:38 - [TEST_STEP][PASSED] - verifyElementVisible(findTestObject("Object Repository/Page_The Story and Evolution of Doodles - G_6e786d/h1_The story behind Doodles")): Object 'Object Repository/Page_The Story and Evolution of Doodles - G_6e786d/h1_The story behind Doodles' is visible

07-06-2024T14:10:38 - [MESSAGE][PASSED] - Object 'Object Repository/Page_The Story and Evolution of Doodles - G_6e786d/h1_The story behind Doodles' is visible

07-06-2024T14:10:38 - [TEST_STEP][PASSED] - verifyElementVisible(findTestObject("Object Repository/Page_The Story and Evolution of Doodles - G_6e786d/p_The first Doodle was a simple out-of-offi_345e61")): Object 'Object Repository/Page_The Story and Evolution of Doodles - G_6e786d/p_The first Doodle was a simple out-of-offi_345e61' is visible

07-06-2024T14:10:38 - [MESSAGE][PASSED] - Object 'Object Repository/Page_The Story and Evolution of Doodles - G_6e786d/p_The first Doodle was a simple out-of-offi_345e61' is visible

07-06-2024T14:10:38 - [TEST_STEP][PASSED] - verifyElementVisible(findTestObject("Object Repository/Page_The Story and Evolution of Doodles - G_6e786d/h2_Weve created more than 5,000 Doodles ove_111429")): Object 'Object Repository/Page_The Story and Evolution of Doodles - G_6e786d/h2_Weve created more than 5,000 Doodles ove_111429' is visible

07-06-2024T14:10:38 - [MESSAGE][PASSED] - Object 'Object Repository/Page_The Story and Evolution of Doodles - G_6e786d/h2_Weve created more than 5,000 Doodles ove_111429' is visible

07-06-2024T14:10:38 - [TEST_STEP][PASSED] - click(findTestObject("Object Repository/Page_The Story and Evolution of Doodles - G_6e786d/p_The first Doodle was a simple out-of-offi_345e61")): Object: 'Object Repository/Page_The Story and Evolution of Doodles - G_6e786d/p_The first Doodle was a simple out-of-offi_345e61' is clicked on

07-06-2024T14:10:38 - [MESSAGE][PASSED] - Object: 'Object Repository/Page_The Story and Evolution of Doodles - G_6e786d/p_The first Doodle was a simple out-of-offi_345e61' is clicked on

07-06-2024T14:10:38 - [TEST_STEP][PASSED] - verifyElementVisible(findTestObject("Object Repository/Page_The Story and Evolution of Doodles - G_6e786d/h1_The story behind Doodles")): Object 'Object Repository/Page_The Story and Evolution of Doodles - G_6e786d/h1_The story behind Doodles' is visible

07-06-2024T14:10:38 - [MESSAGE][PASSED] - Object 'Object Repository/Page_The Story and Evolution of Doodles - G_6e786d/h1_The story behind Doodles' is visible

07-06-2024T14:10:38 - [TEST_STEP][PASSED] - verifyElementVisible(findTestObject("Object Repository/Page_The Story and Evolution of Doodles - G_6e786d/p_The first Doodle was a simple out-of-offi_345e61")): Object 'Object Repository/Page_The Story and Evolution of Doodles - G_6e786d/p_The first Doodle was a simple out-of-offi_345e61' is visible

07-06-2024T14:10:38 - [MESSAGE][PASSED] - Object 'Object Repository/Page_The Story and Evolution of Doodles - G_6e786d/p_The first Doodle was a simple out-of-offi_345e61' is visible

07-06-2024T14:10:38 - [TEST_STEP][PASSED] - verifyElementVisible(findTestObject("Object Repository/Page_The Story and Evolution of Doodles - G_6e786d/h2_Weve created more than 5,000 Doodles ove_111429")): Object 'Object Repository/Page_The Story and Evolution of Doodles - G_6e786d/h2_Weve created more than 5,000 Doodles ove_111429' is visible

07-06-2024T14:10:38 - [MESSAGE][PASSED] - Object 'Object Repository/Page_The Story and Evolution of Doodles - G_6e786d/h2_Weve created more than 5,000 Doodles ove_111429' is visible

07-06-2024T14:10:38 - [TEST_STEP][PASSED] - click(findTestObject("Object Repository/Page_The Story and Evolution of Doodles - G_6e786d/p_The first Doodle was a simple out-of-offi_345e61")): Object: 'Object Repository/Page_The Story and Evolution of Doodles - G_6e786d/p_The first Doodle was a simple out-of-offi_345e61' is clicked on

07-06-2024T14:10:39 - [MESSAGE][PASSED] - Object: 'Object Repository/Page_The Story and Evolution of Doodles - G_6e786d/p_The first Doodle was a simple out-of-offi_345e61' is clicked on

07-06-2024T14:10:39 - [TEST_STEP][PASSED] - verifyElementVisible(findTestObject("Object Repository/Page_The Story and Evolution of Doodles - G_6e786d/h1_The story behind Doodles")): Object 'Object Repository/Page_The Story and Evolution of Doodles - G_6e786d/h1_The story behind Doodles' is visible

07-06-2024T14:10:39 - [MESSAGE][PASSED] - Object 'Object Repository/Page_The Story and Evolution of Doodles - G_6e786d/h1_The story behind Doodles' is visible

07-06-2024T14:10:39 - [TEST_STEP][PASSED] - verifyElementVisible(findTestObject("Object Repository/Page_The Story and Evolution of Doodles - G_6e786d/p_The first Doodle was a simple out-of-offi_345e61")): Object 'Object Repository/Page_The Story and Evolution of Doodles - G_6e786d/p_The first Doodle was a simple out-of-offi_345e61' is visible

07-06-2024T14:10:39 - [MESSAGE][PASSED] - Object 'Object Repository/Page_The Story and Evolution of Doodles - G_6e786d/p_The first Doodle was a simple out-of-offi_345e61' is visible

07-06-2024T14:10:39 - [TEST_STEP][PASSED] - verifyElementVisible(findTestObject("Object Repository/Page_The Story and Evolution of Doodles - G_6e786d/h2_Weve created more than 5,000 Doodles ove_111429")): Object 'Object Repository/Page_The Story and Evolution of Doodles - G_6e786d/h2_Weve created more than 5,000 Doodles ove_111429' is visible

07-06-2024T14:10:39 - [MESSAGE][PASSED] - Object 'Object Repository/Page_The Story and Evolution of Doodles - G_6e786d/h2_Weve created more than 5,000 Doodles ove_111429' is visible

07-06-2024T14:10:39 - [TEST_STEP][PASSED] - click(findTestObject("Object Repository/Page_The Story and Evolution of Doodles - G_6e786d/p_The first Doodle was a simple out-of-offi_345e61")): Object: 'Object Repository/Page_The Story and Evolution of Doodles - G_6e786d/p_The first Doodle was a simple out-of-offi_345e61' is clicked on

07-06-2024T14:10:39 - [MESSAGE][PASSED] - Object: 'Object Repository/Page_The Story and Evolution of Doodles - G_6e786d/p_The first Doodle was a simple out-of-offi_345e61' is clicked on

07-06-2024T14:10:39 - [TEST_STEP][PASSED] - verifyElementVisible(findTestObject("Object Repository/Page_The Story and Evolution of Doodles - G_6e786d/h1_The story behind Doodles")): Object 'Object Repository/Page_The Story and Evolution of Doodles - G_6e786d/h1_The story behind Doodles' is visible

07-06-2024T14:10:39 - [MESSAGE][PASSED] - Object 'Object Repository/Page_The Story and Evolution of Doodles - G_6e786d/h1_The story behind Doodles' is visible

07-06-2024T14:10:39 - [TEST_STEP][PASSED] - verifyElementVisible(findTestObject("Object Repository/Page_The Story and Evolution of Doodles - G_6e786d/p_The first Doodle was a simple out-of-offi_345e61")): Object 'Object Repository/Page_The Story and Evolution of Doodles - G_6e786d/p_The first Doodle was a simple out-of-offi_345e61' is visible

07-06-2024T14:10:39 - [MESSAGE][PASSED] - Object 'Object Repository/Page_The Story and Evolution of Doodles - G_6e786d/p_The first Doodle was a simple out-of-offi_345e61' is visible

07-06-2024T14:10:39 - [TEST_STEP][PASSED] - verifyElementVisible(findTestObject("Object Repository/Page_The Story and Evolution of Doodles - G_6e786d/h2_Weve created more than 5,000 Doodles ove_111429")): Object 'Object Repository/Page_The Story and Evolution of Doodles - G_6e786d/h2_Weve created more than 5,000 Doodles ove_111429' is visible

07-06-2024T14:10:39 - [MESSAGE][PASSED] - Object 'Object Repository/Page_The Story and Evolution of Doodles - G_6e786d/h2_Weve created more than 5,000 Doodles ove_111429' is visible

07-06-2024T14:10:39 - [TEST_STEP][PASSED] - click(findTestObject("Object Repository/Page_The Story and Evolution of Doodles - G_6e786d/p_The first Doodle was a simple out-of-offi_345e61")): Object: 'Object Repository/Page_The Story and Evolution of Doodles - G_6e786d/p_The first Doodle was a simple out-of-offi_345e61' is clicked on

07-06-2024T14:10:39 - [MESSAGE][PASSED] - Object: 'Object Repository/Page_The Story and Evolution of Doodles - G_6e786d/p_The first Doodle was a simple out-of-offi_345e61' is clicked on

07-06-2024T14:10:39 - [TEST_STEP][PASSED] - verifyElementVisible(findTestObject("Object Repository/Page_The Story and Evolution of Doodles - G_6e786d/h1_The story behind Doodles")): Object 'Object Repository/Page_The Story and Evolution of Doodles - G_6e786d/h1_The story behind Doodles' is visible

07-06-2024T14:10:39 - [MESSAGE][PASSED] - Object 'Object Repository/Page_The Story and Evolution of Doodles - G_6e786d/h1_The story behind Doodles' is visible

07-06-2024T14:10:39 - [TEST_STEP][PASSED] - verifyElementVisible(findTestObject("Object Repository/Page_The Story and Evolution of Doodles - G_6e786d/p_The first Doodle was a simple out-of-offi_345e61")): Object 'Object Repository/Page_The Story and Evolution of Doodles - G_6e786d/p_The first Doodle was a simple out-of-offi_345e61' is visible

07-06-2024T14:10:39 - [MESSAGE][PASSED] - Object 'Object Repository/Page_The Story and Evolution of Doodles - G_6e786d/p_The first Doodle was a simple out-of-offi_345e61' is visible

07-06-2024T14:10:39 - [TEST_STEP][PASSED] - verifyElementVisible(findTestObject("Object Repository/Page_The Story and Evolution of Doodles - G_6e786d/h2_Weve created more than 5,000 Doodles ove_111429")): Object 'Object Repository/Page_The Story and Evolution of Doodles - G_6e786d/h2_Weve created more than 5,000 Doodles ove_111429' is visible

07-06-2024T14:10:39 - [MESSAGE][PASSED] - Object 'Object Repository/Page_The Story and Evolution of Doodles - G_6e786d/h2_Weve created more than 5,000 Doodles ove_111429' is visible

07-06-2024T14:10:39 - [TEST_STEP][PASSED] - click(findTestObject("Object Repository/Page_The Story and Evolution of Doodles - G_6e786d/p_The first Doodle was a simple out-of-offi_345e61")): Object: 'Object Repository/Page_The Story and Evolution of Doodles - G_6e786d/p_The first Doodle was a simple out-of-offi_345e61' is clicked on

07-06-2024T14:10:39 - [MESSAGE][PASSED] - Object: 'Object Repository/Page_The Story and Evolution of Doodles - G_6e786d/p_The first Doodle was a simple out-of-offi_345e61' is clicked on

07-06-2024T14:10:39 - [TEST_STEP][PASSED] - verifyElementVisible(findTestObject("Object Repository/Page_The Story and Evolution of Doodles - G_6e786d/h1_The story behind Doodles")): Object 'Object Repository/Page_The Story and Evolution of Doodles - G_6e786d/h1_The story behind Doodles' is visible

07-06-2024T14:10:40 - [MESSAGE][PASSED] - Object 'Object Repository/Page_The Story and Evolution of Doodles - G_6e786d/h1_The story behind Doodles' is visible

07-06-2024T14:10:40 - [TEST_STEP][PASSED] - verifyElementVisible(findTestObject("Object Repository/Page_The Story and Evolution of Doodles - G_6e786d/p_The first Doodle was a simple out-of-offi_345e61")): Object 'Object Repository/Page_The Story and Evolution of Doodles - G_6e786d/p_The first Doodle was a simple out-of-offi_345e61' is visible

07-06-2024T14:10:40 - [MESSAGE][PASSED] - Object 'Object Repository/Page_The Story and Evolution of Doodles - G_6e786d/p_The first Doodle was a simple out-of-offi_345e61' is visible

07-06-2024T14:10:40 - [TEST_STEP][PASSED] - verifyElementVisible(findTestObject("Object Repository/Page_The Story and Evolution of Doodles - G_6e786d/h2_Weve created more than 5,000 Doodles ove_111429")): Object 'Object Repository/Page_The Story and Evolution of Doodles - G_6e786d/h2_Weve created more than 5,000 Doodles ove_111429' is visible

07-06-2024T14:10:40 - [MESSAGE][PASSED] - Object 'Object Repository/Page_The Story and Evolution of Doodles - G_6e786d/h2_Weve created more than 5,000 Doodles ove_111429' is visible

07-06-2024T14:10:40 - [TEST_STEP][PASSED] - click(findTestObject("Object Repository/Page_The Story and Evolution of Doodles - G_6e786d/p_The first Doodle was a simple out-of-offi_345e61")): Object: 'Object Repository/Page_The Story and Evolution of Doodles - G_6e786d/p_The first Doodle was a simple out-of-offi_345e61' is clicked on

07-06-2024T14:10:40 - [MESSAGE][PASSED] - Object: 'Object Repository/Page_The Story and Evolution of Doodles - G_6e786d/p_The first Doodle was a simple out-of-offi_345e61' is clicked on

07-06-2024T14:10:40 - [TEST_STEP][PASSED] - verifyElementVisible(findTestObject("Object Repository/Page_The Story and Evolution of Doodles - G_6e786d/h1_The story behind Doodles")): Object 'Object Repository/Page_The Story and Evolution of Doodles - G_6e786d/h1_The story behind Doodles' is visible

07-06-2024T14:10:40 - [MESSAGE][PASSED] - Object 'Object Repository/Page_The Story and Evolution of Doodles - G_6e786d/h1_The story behind Doodles' is visible

07-06-2024T14:10:40 - [TEST_STEP][PASSED] - verifyElementVisible(findTestObject("Object Repository/Page_The Story and Evolution of Doodles - G_6e786d/p_The first Doodle was a simple out-of-offi_345e61")): Object 'Object Repository/Page_The Story and Evolution of Doodles - G_6e786d/p_The first Doodle was a simple out-of-offi_345e61' is visible

07-06-2024T14:10:40 - [MESSAGE][PASSED] - Object 'Object Repository/Page_The Story and Evolution of Doodles - G_6e786d/p_The first Doodle was a simple out-of-offi_345e61' is visible

07-06-2024T14:10:40 - [TEST_STEP][PASSED] - verifyElementVisible(findTestObject("Object Repository/Page_The Story and Evolution of Doodles - G_6e786d/h2_Weve created more than 5,000 Doodles ove_111429")): Object 'Object Repository/Page_The Story and Evolution of Doodles - G_6e786d/h2_Weve created more than 5,000 Doodles ove_111429' is visible

07-06-2024T14:10:40 - [MESSAGE][PASSED] - Object 'Object Repository/Page_The Story and Evolution of Doodles - G_6e786d/h2_Weve created more than 5,000 Doodles ove_111429' is visible

07-06-2024T14:10:40 - [TEST_STEP][PASSED] - click(findTestObject("Object Repository/Page_The Story and Evolution of Doodles - G_6e786d/p_The first Doodle was a simple out-of-offi_345e61")): Object: 'Object Repository/Page_The Story and Evolution of Doodles - G_6e786d/p_The first Doodle was a simple out-of-offi_345e61' is clicked on

07-06-2024T14:10:40 - [MESSAGE][PASSED] - Object: 'Object Repository/Page_The Story and Evolution of Doodles - G_6e786d/p_The first Doodle was a simple out-of-offi_345e61' is clicked on

07-06-2024T14:10:40 - [TEST_STEP][PASSED] - verifyElementVisible(findTestObject("Object Repository/Page_The Story and Evolution of Doodles - G_6e786d/h1_The story behind Doodles")): Object 'Object Repository/Page_The Story and Evolution of Doodles - G_6e786d/h1_The story behind Doodles' is visible

07-06-2024T14:10:40 - [MESSAGE][PASSED] - Object 'Object Repository/Page_The Story and Evolution of Doodles - G_6e786d/h1_The story behind Doodles' is visible

07-06-2024T14:10:40 - [TEST_STEP][PASSED] - verifyElementVisible(findTestObject("Object Repository/Page_The Story and Evolution of Doodles - G_6e786d/p_The first Doodle was a simple out-of-offi_345e61")): Object 'Object Repository/Page_The Story and Evolution of Doodles - G_6e786d/p_The first Doodle was a simple out-of-offi_345e61' is visible

07-06-2024T14:10:40 - [MESSAGE][PASSED] - Object 'Object Repository/Page_The Story and Evolution of Doodles - G_6e786d/p_The first Doodle was a simple out-of-offi_345e61' is visible

07-06-2024T14:10:40 - [TEST_STEP][PASSED] - verifyElementVisible(findTestObject("Object Repository/Page_The Story and Evolution of Doodles - G_6e786d/h2_Weve created more than 5,000 Doodles ove_111429")): Object 'Object Repository/Page_The Story and Evolution of Doodles - G_6e786d/h2_Weve created more than 5,000 Doodles ove_111429' is visible

07-06-2024T14:10:40 - [MESSAGE][PASSED] - Object 'Object Repository/Page_The Story and Evolution of Doodles - G_6e786d/h2_Weve created more than 5,000 Doodles ove_111429' is visible

07-06-2024T14:10:40 - [TEST_STEP][PASSED] - click(findTestObject("Object Repository/Page_The Story and Evolution of Doodles - G_6e786d/p_The first Doodle was a simple out-of-offi_345e61")): Object: 'Object Repository/Page_The Story and Evolution of Doodles - G_6e786d/p_The first Doodle was a simple out-of-offi_345e61' is clicked on

07-06-2024T14:10:40 - [MESSAGE][PASSED] - Object: 'Object Repository/Page_The Story and Evolution of Doodles - G_6e786d/p_The first Doodle was a simple out-of-offi_345e61' is clicked on

07-06-2024T14:10:40 - [TEST_STEP][PASSED] - verifyElementVisible(findTestObject("Object Repository/Page_The Story and Evolution of Doodles - G_6e786d/h1_The story behind Doodles")): Object 'Object Repository/Page_The Story and Evolution of Doodles - G_6e786d/h1_The story behind Doodles' is visible

07-06-2024T14:10:41 - [MESSAGE][PASSED] - Object 'Object Repository/Page_The Story and Evolution of Doodles - G_6e786d/h1_The story behind Doodles' is visible

07-06-2024T14:10:41 - [TEST_STEP][PASSED] - verifyElementVisible(findTestObject("Object Repository/Page_The Story and Evolution of Doodles - G_6e786d/p_The first Doodle was a simple out-of-offi_345e61")): Object 'Object Repository/Page_The Story and Evolution of Doodles - G_6e786d/p_The first Doodle was a simple out-of-offi_345e61' is visible

07-06-2024T14:10:41 - [MESSAGE][PASSED] - Object 'Object Repository/Page_The Story and Evolution of Doodles - G_6e786d/p_The first Doodle was a simple out-of-offi_345e61' is visible

07-06-2024T14:10:41 - [TEST_STEP][PASSED] - verifyElementVisible(findTestObject("Object Repository/Page_The Story and Evolution of Doodles - G_6e786d/h2_Weve created more than 5,000 Doodles ove_111429")): Object 'Object Repository/Page_The Story and Evolution of Doodles - G_6e786d/h2_Weve created more than 5,000 Doodles ove_111429' is visible

07-06-2024T14:10:41 - [MESSAGE][PASSED] - Object 'Object Repository/Page_The Story and Evolution of Doodles - G_6e786d/h2_Weve created more than 5,000 Doodles ove_111429' is visible

07-06-2024T14:10:41 - [TEST_STEP][PASSED] - click(findTestObject("Object Repository/Page_The Story and Evolution of Doodles - G_6e786d/p_The first Doodle was a simple out-of-offi_345e61")): Object: 'Object Repository/Page_The Story and Evolution of Doodles - G_6e786d/p_The first Doodle was a simple out-of-offi_345e61' is clicked on

07-06-2024T14:10:41 - [MESSAGE][PASSED] - Object: 'Object Repository/Page_The Story and Evolution of Doodles - G_6e786d/p_The first Doodle was a simple out-of-offi_345e61' is clicked on

07-06-2024T14:10:41 - [TEST_STEP][PASSED] - verifyElementVisible(findTestObject("Object Repository/Page_The Story and Evolution of Doodles - G_6e786d/h1_The story behind Doodles")): Object 'Object Repository/Page_The Story and Evolution of Doodles - G_6e786d/h1_The story behind Doodles' is visible

07-06-2024T14:10:41 - [MESSAGE][PASSED] - Object 'Object Repository/Page_The Story and Evolution of Doodles - G_6e786d/h1_The story behind Doodles' is visible

07-06-2024T14:10:41 - [TEST_STEP][PASSED] - verifyElementVisible(findTestObject("Object Repository/Page_The Story and Evolution of Doodles - G_6e786d/p_The first Doodle was a simple out-of-offi_345e61")): Object 'Object Repository/Page_The Story and Evolution of Doodles - G_6e786d/p_The first Doodle was a simple out-of-offi_345e61' is visible

07-06-2024T14:10:41 - [MESSAGE][PASSED] - Object 'Object Repository/Page_The Story and Evolution of Doodles - G_6e786d/p_The first Doodle was a simple out-of-offi_345e61' is visible

07-06-2024T14:10:41 - [TEST_STEP][PASSED] - verifyElementVisible(findTestObject("Object Repository/Page_The Story and Evolution of Doodles - G_6e786d/h2_Weve created more than 5,000 Doodles ove_111429")): Object 'Object Repository/Page_The Story and Evolution of Doodles - G_6e786d/h2_Weve created more than 5,000 Doodles ove_111429' is visible

07-06-2024T14:10:41 - [MESSAGE][PASSED] - Object 'Object Repository/Page_The Story and Evolution of Doodles - G_6e786d/h2_Weve created more than 5,000 Doodles ove_111429' is visible]]></system-out>
         <system-err><![CDATA[]]></system-err>
      </testcase>
      <testcase name="Test Cases/test case folder 1/tc1 - Copy (6) - Copy (2)" time="8.968" classname="Test Cases/test case folder 1/tc1 - Copy (6) - Copy (2)" status="PASSED">
         <system-out><![CDATA[07-06-2024T14:10:41 - [TEST_CASE][PASSED] - Test Cases/test case folder 1/tc1 - Copy (6) - Copy (2): Test Cases/test case folder 1/tc1 - Copy (6) - Copy (2)

07-06-2024T14:10:41 - [TEST_STEP][PASSED] - openBrowser(""): Browser is opened with url: ''

07-06-2024T14:10:41 - [MESSAGE][WARNING] - A browser is already opened. Closing browser and opening a new one

07-06-2024T14:10:42 - [MESSAGE][INFO] - Starting 'Firefox (headless)' driver

07-06-2024T14:10:42 - [MESSAGE][INFO] - Action delay is set to 0 milliseconds

07-06-2024T14:10:44 - [MESSAGE][PASSED] - Browser is opened with url: ''

07-06-2024T14:10:44 - [TEST_STEP][PASSED] - navigateToUrl("https://doodles.google/about/"): Navigate to 'https://doodles.google/about/' successfully

07-06-2024T14:10:46 - [MESSAGE][PASSED] - Navigate to 'https://doodles.google/about/' successfully

07-06-2024T14:10:46 - [TEST_STEP][PASSED] - click(findTestObject("Object Repository/Page_The Story and Evolution of Doodles - G_6e786d/p_The first Doodle was a simple out-of-offi_345e61")): Object: 'Object Repository/Page_The Story and Evolution of Doodles - G_6e786d/p_The first Doodle was a simple out-of-offi_345e61' is clicked on

07-06-2024T14:10:46 - [MESSAGE][PASSED] - Object: 'Object Repository/Page_The Story and Evolution of Doodles - G_6e786d/p_The first Doodle was a simple out-of-offi_345e61' is clicked on

07-06-2024T14:10:46 - [TEST_STEP][PASSED] - click(findTestObject("Object Repository/Page_The Story and Evolution of Doodles - G_6e786d/p_The first Doodle was a simple out-of-offi_345e61")): Object: 'Object Repository/Page_The Story and Evolution of Doodles - G_6e786d/p_The first Doodle was a simple out-of-offi_345e61' is clicked on

07-06-2024T14:10:47 - [MESSAGE][PASSED] - Object: 'Object Repository/Page_The Story and Evolution of Doodles - G_6e786d/p_The first Doodle was a simple out-of-offi_345e61' is clicked on

07-06-2024T14:10:47 - [TEST_STEP][PASSED] - verifyElementVisible(findTestObject("Object Repository/Page_The Story and Evolution of Doodles - G_6e786d/h1_The story behind Doodles")): Object 'Object Repository/Page_The Story and Evolution of Doodles - G_6e786d/h1_The story behind Doodles' is visible

07-06-2024T14:10:47 - [MESSAGE][PASSED] - Object 'Object Repository/Page_The Story and Evolution of Doodles - G_6e786d/h1_The story behind Doodles' is visible

07-06-2024T14:10:47 - [TEST_STEP][PASSED] - verifyElementVisible(findTestObject("Object Repository/Page_The Story and Evolution of Doodles - G_6e786d/p_The first Doodle was a simple out-of-offi_345e61")): Object 'Object Repository/Page_The Story and Evolution of Doodles - G_6e786d/p_The first Doodle was a simple out-of-offi_345e61' is visible

07-06-2024T14:10:47 - [MESSAGE][PASSED] - Object 'Object Repository/Page_The Story and Evolution of Doodles - G_6e786d/p_The first Doodle was a simple out-of-offi_345e61' is visible

07-06-2024T14:10:47 - [TEST_STEP][PASSED] - verifyElementVisible(findTestObject("Object Repository/Page_The Story and Evolution of Doodles - G_6e786d/h2_Weve created more than 5,000 Doodles ove_111429")): Object 'Object Repository/Page_The Story and Evolution of Doodles - G_6e786d/h2_Weve created more than 5,000 Doodles ove_111429' is visible

07-06-2024T14:10:47 - [MESSAGE][PASSED] - Object 'Object Repository/Page_The Story and Evolution of Doodles - G_6e786d/h2_Weve created more than 5,000 Doodles ove_111429' is visible

07-06-2024T14:10:47 - [TEST_STEP][PASSED] - verifyElementVisible(findTestObject("Object Repository/Page_The Story and Evolution of Doodles - G_6e786d/h1_The story behind Doodles")): Object 'Object Repository/Page_The Story and Evolution of Doodles - G_6e786d/h1_The story behind Doodles' is visible

07-06-2024T14:10:47 - [MESSAGE][PASSED] - Object 'Object Repository/Page_The Story and Evolution of Doodles - G_6e786d/h1_The story behind Doodles' is visible

07-06-2024T14:10:47 - [TEST_STEP][PASSED] - verifyElementVisible(findTestObject("Object Repository/Page_The Story and Evolution of Doodles - G_6e786d/p_The first Doodle was a simple out-of-offi_345e61")): Object 'Object Repository/Page_The Story and Evolution of Doodles - G_6e786d/p_The first Doodle was a simple out-of-offi_345e61' is visible

07-06-2024T14:10:47 - [MESSAGE][PASSED] - Object 'Object Repository/Page_The Story and Evolution of Doodles - G_6e786d/p_The first Doodle was a simple out-of-offi_345e61' is visible

07-06-2024T14:10:47 - [TEST_STEP][PASSED] - verifyElementVisible(findTestObject("Object Repository/Page_The Story and Evolution of Doodles - G_6e786d/h2_Weve created more than 5,000 Doodles ove_111429")): Object 'Object Repository/Page_The Story and Evolution of Doodles - G_6e786d/h2_Weve created more than 5,000 Doodles ove_111429' is visible

07-06-2024T14:10:47 - [MESSAGE][PASSED] - Object 'Object Repository/Page_The Story and Evolution of Doodles - G_6e786d/h2_Weve created more than 5,000 Doodles ove_111429' is visible

07-06-2024T14:10:47 - [TEST_STEP][PASSED] - click(findTestObject("Object Repository/Page_The Story and Evolution of Doodles - G_6e786d/p_The first Doodle was a simple out-of-offi_345e61")): Object: 'Object Repository/Page_The Story and Evolution of Doodles - G_6e786d/p_The first Doodle was a simple out-of-offi_345e61' is clicked on

07-06-2024T14:10:47 - [MESSAGE][PASSED] - Object: 'Object Repository/Page_The Story and Evolution of Doodles - G_6e786d/p_The first Doodle was a simple out-of-offi_345e61' is clicked on

07-06-2024T14:10:47 - [TEST_STEP][PASSED] - verifyElementVisible(findTestObject("Object Repository/Page_The Story and Evolution of Doodles - G_6e786d/h1_The story behind Doodles")): Object 'Object Repository/Page_The Story and Evolution of Doodles - G_6e786d/h1_The story behind Doodles' is visible

07-06-2024T14:10:47 - [MESSAGE][PASSED] - Object 'Object Repository/Page_The Story and Evolution of Doodles - G_6e786d/h1_The story behind Doodles' is visible

07-06-2024T14:10:47 - [TEST_STEP][PASSED] - verifyElementVisible(findTestObject("Object Repository/Page_The Story and Evolution of Doodles - G_6e786d/p_The first Doodle was a simple out-of-offi_345e61")): Object 'Object Repository/Page_The Story and Evolution of Doodles - G_6e786d/p_The first Doodle was a simple out-of-offi_345e61' is visible

07-06-2024T14:10:47 - [MESSAGE][PASSED] - Object 'Object Repository/Page_The Story and Evolution of Doodles - G_6e786d/p_The first Doodle was a simple out-of-offi_345e61' is visible

07-06-2024T14:10:47 - [TEST_STEP][PASSED] - verifyElementVisible(findTestObject("Object Repository/Page_The Story and Evolution of Doodles - G_6e786d/h2_Weve created more than 5,000 Doodles ove_111429")): Object 'Object Repository/Page_The Story and Evolution of Doodles - G_6e786d/h2_Weve created more than 5,000 Doodles ove_111429' is visible

07-06-2024T14:10:47 - [MESSAGE][PASSED] - Object 'Object Repository/Page_The Story and Evolution of Doodles - G_6e786d/h2_Weve created more than 5,000 Doodles ove_111429' is visible

07-06-2024T14:10:47 - [TEST_STEP][PASSED] - click(findTestObject("Object Repository/Page_The Story and Evolution of Doodles - G_6e786d/p_The first Doodle was a simple out-of-offi_345e61")): Object: 'Object Repository/Page_The Story and Evolution of Doodles - G_6e786d/p_The first Doodle was a simple out-of-offi_345e61' is clicked on

07-06-2024T14:10:48 - [MESSAGE][PASSED] - Object: 'Object Repository/Page_The Story and Evolution of Doodles - G_6e786d/p_The first Doodle was a simple out-of-offi_345e61' is clicked on

07-06-2024T14:10:48 - [TEST_STEP][PASSED] - verifyElementVisible(findTestObject("Object Repository/Page_The Story and Evolution of Doodles - G_6e786d/h1_The story behind Doodles")): Object 'Object Repository/Page_The Story and Evolution of Doodles - G_6e786d/h1_The story behind Doodles' is visible

07-06-2024T14:10:48 - [MESSAGE][PASSED] - Object 'Object Repository/Page_The Story and Evolution of Doodles - G_6e786d/h1_The story behind Doodles' is visible

07-06-2024T14:10:48 - [TEST_STEP][PASSED] - verifyElementVisible(findTestObject("Object Repository/Page_The Story and Evolution of Doodles - G_6e786d/p_The first Doodle was a simple out-of-offi_345e61")): Object 'Object Repository/Page_The Story and Evolution of Doodles - G_6e786d/p_The first Doodle was a simple out-of-offi_345e61' is visible

07-06-2024T14:10:48 - [MESSAGE][PASSED] - Object 'Object Repository/Page_The Story and Evolution of Doodles - G_6e786d/p_The first Doodle was a simple out-of-offi_345e61' is visible

07-06-2024T14:10:48 - [TEST_STEP][PASSED] - verifyElementVisible(findTestObject("Object Repository/Page_The Story and Evolution of Doodles - G_6e786d/h2_Weve created more than 5,000 Doodles ove_111429")): Object 'Object Repository/Page_The Story and Evolution of Doodles - G_6e786d/h2_Weve created more than 5,000 Doodles ove_111429' is visible

07-06-2024T14:10:48 - [MESSAGE][PASSED] - Object 'Object Repository/Page_The Story and Evolution of Doodles - G_6e786d/h2_Weve created more than 5,000 Doodles ove_111429' is visible

07-06-2024T14:10:48 - [TEST_STEP][PASSED] - click(findTestObject("Object Repository/Page_The Story and Evolution of Doodles - G_6e786d/p_The first Doodle was a simple out-of-offi_345e61")): Object: 'Object Repository/Page_The Story and Evolution of Doodles - G_6e786d/p_The first Doodle was a simple out-of-offi_345e61' is clicked on

07-06-2024T14:10:48 - [MESSAGE][PASSED] - Object: 'Object Repository/Page_The Story and Evolution of Doodles - G_6e786d/p_The first Doodle was a simple out-of-offi_345e61' is clicked on

07-06-2024T14:10:48 - [TEST_STEP][PASSED] - verifyElementVisible(findTestObject("Object Repository/Page_The Story and Evolution of Doodles - G_6e786d/h1_The story behind Doodles")): Object 'Object Repository/Page_The Story and Evolution of Doodles - G_6e786d/h1_The story behind Doodles' is visible

07-06-2024T14:10:48 - [MESSAGE][PASSED] - Object 'Object Repository/Page_The Story and Evolution of Doodles - G_6e786d/h1_The story behind Doodles' is visible

07-06-2024T14:10:48 - [TEST_STEP][PASSED] - verifyElementVisible(findTestObject("Object Repository/Page_The Story and Evolution of Doodles - G_6e786d/p_The first Doodle was a simple out-of-offi_345e61")): Object 'Object Repository/Page_The Story and Evolution of Doodles - G_6e786d/p_The first Doodle was a simple out-of-offi_345e61' is visible

07-06-2024T14:10:48 - [MESSAGE][PASSED] - Object 'Object Repository/Page_The Story and Evolution of Doodles - G_6e786d/p_The first Doodle was a simple out-of-offi_345e61' is visible

07-06-2024T14:10:48 - [TEST_STEP][PASSED] - verifyElementVisible(findTestObject("Object Repository/Page_The Story and Evolution of Doodles - G_6e786d/h2_Weve created more than 5,000 Doodles ove_111429")): Object 'Object Repository/Page_The Story and Evolution of Doodles - G_6e786d/h2_Weve created more than 5,000 Doodles ove_111429' is visible

07-06-2024T14:10:48 - [MESSAGE][PASSED] - Object 'Object Repository/Page_The Story and Evolution of Doodles - G_6e786d/h2_Weve created more than 5,000 Doodles ove_111429' is visible

07-06-2024T14:10:48 - [TEST_STEP][PASSED] - click(findTestObject("Object Repository/Page_The Story and Evolution of Doodles - G_6e786d/p_The first Doodle was a simple out-of-offi_345e61")): Object: 'Object Repository/Page_The Story and Evolution of Doodles - G_6e786d/p_The first Doodle was a simple out-of-offi_345e61' is clicked on

07-06-2024T14:10:48 - [MESSAGE][PASSED] - Object: 'Object Repository/Page_The Story and Evolution of Doodles - G_6e786d/p_The first Doodle was a simple out-of-offi_345e61' is clicked on

07-06-2024T14:10:48 - [TEST_STEP][PASSED] - verifyElementVisible(findTestObject("Object Repository/Page_The Story and Evolution of Doodles - G_6e786d/h1_The story behind Doodles")): Object 'Object Repository/Page_The Story and Evolution of Doodles - G_6e786d/h1_The story behind Doodles' is visible

07-06-2024T14:10:48 - [MESSAGE][PASSED] - Object 'Object Repository/Page_The Story and Evolution of Doodles - G_6e786d/h1_The story behind Doodles' is visible

07-06-2024T14:10:48 - [TEST_STEP][PASSED] - verifyElementVisible(findTestObject("Object Repository/Page_The Story and Evolution of Doodles - G_6e786d/p_The first Doodle was a simple out-of-offi_345e61")): Object 'Object Repository/Page_The Story and Evolution of Doodles - G_6e786d/p_The first Doodle was a simple out-of-offi_345e61' is visible

07-06-2024T14:10:48 - [MESSAGE][PASSED] - Object 'Object Repository/Page_The Story and Evolution of Doodles - G_6e786d/p_The first Doodle was a simple out-of-offi_345e61' is visible

07-06-2024T14:10:48 - [TEST_STEP][PASSED] - verifyElementVisible(findTestObject("Object Repository/Page_The Story and Evolution of Doodles - G_6e786d/h2_Weve created more than 5,000 Doodles ove_111429")): Object 'Object Repository/Page_The Story and Evolution of Doodles - G_6e786d/h2_Weve created more than 5,000 Doodles ove_111429' is visible

07-06-2024T14:10:48 - [MESSAGE][PASSED] - Object 'Object Repository/Page_The Story and Evolution of Doodles - G_6e786d/h2_Weve created more than 5,000 Doodles ove_111429' is visible

07-06-2024T14:10:48 - [TEST_STEP][PASSED] - click(findTestObject("Object Repository/Page_The Story and Evolution of Doodles - G_6e786d/p_The first Doodle was a simple out-of-offi_345e61")): Object: 'Object Repository/Page_The Story and Evolution of Doodles - G_6e786d/p_The first Doodle was a simple out-of-offi_345e61' is clicked on

07-06-2024T14:10:49 - [MESSAGE][PASSED] - Object: 'Object Repository/Page_The Story and Evolution of Doodles - G_6e786d/p_The first Doodle was a simple out-of-offi_345e61' is clicked on

07-06-2024T14:10:49 - [TEST_STEP][PASSED] - verifyElementVisible(findTestObject("Object Repository/Page_The Story and Evolution of Doodles - G_6e786d/h1_The story behind Doodles")): Object 'Object Repository/Page_The Story and Evolution of Doodles - G_6e786d/h1_The story behind Doodles' is visible

07-06-2024T14:10:49 - [MESSAGE][PASSED] - Object 'Object Repository/Page_The Story and Evolution of Doodles - G_6e786d/h1_The story behind Doodles' is visible

07-06-2024T14:10:49 - [TEST_STEP][PASSED] - verifyElementVisible(findTestObject("Object Repository/Page_The Story and Evolution of Doodles - G_6e786d/p_The first Doodle was a simple out-of-offi_345e61")): Object 'Object Repository/Page_The Story and Evolution of Doodles - G_6e786d/p_The first Doodle was a simple out-of-offi_345e61' is visible

07-06-2024T14:10:49 - [MESSAGE][PASSED] - Object 'Object Repository/Page_The Story and Evolution of Doodles - G_6e786d/p_The first Doodle was a simple out-of-offi_345e61' is visible

07-06-2024T14:10:49 - [TEST_STEP][PASSED] - verifyElementVisible(findTestObject("Object Repository/Page_The Story and Evolution of Doodles - G_6e786d/h2_Weve created more than 5,000 Doodles ove_111429")): Object 'Object Repository/Page_The Story and Evolution of Doodles - G_6e786d/h2_Weve created more than 5,000 Doodles ove_111429' is visible

07-06-2024T14:10:49 - [MESSAGE][PASSED] - Object 'Object Repository/Page_The Story and Evolution of Doodles - G_6e786d/h2_Weve created more than 5,000 Doodles ove_111429' is visible

07-06-2024T14:10:49 - [TEST_STEP][PASSED] - click(findTestObject("Object Repository/Page_The Story and Evolution of Doodles - G_6e786d/p_The first Doodle was a simple out-of-offi_345e61")): Object: 'Object Repository/Page_The Story and Evolution of Doodles - G_6e786d/p_The first Doodle was a simple out-of-offi_345e61' is clicked on

07-06-2024T14:10:49 - [MESSAGE][PASSED] - Object: 'Object Repository/Page_The Story and Evolution of Doodles - G_6e786d/p_The first Doodle was a simple out-of-offi_345e61' is clicked on

07-06-2024T14:10:49 - [TEST_STEP][PASSED] - verifyElementVisible(findTestObject("Object Repository/Page_The Story and Evolution of Doodles - G_6e786d/h1_The story behind Doodles")): Object 'Object Repository/Page_The Story and Evolution of Doodles - G_6e786d/h1_The story behind Doodles' is visible

07-06-2024T14:10:49 - [MESSAGE][PASSED] - Object 'Object Repository/Page_The Story and Evolution of Doodles - G_6e786d/h1_The story behind Doodles' is visible

07-06-2024T14:10:49 - [TEST_STEP][PASSED] - verifyElementVisible(findTestObject("Object Repository/Page_The Story and Evolution of Doodles - G_6e786d/p_The first Doodle was a simple out-of-offi_345e61")): Object 'Object Repository/Page_The Story and Evolution of Doodles - G_6e786d/p_The first Doodle was a simple out-of-offi_345e61' is visible

07-06-2024T14:10:49 - [MESSAGE][PASSED] - Object 'Object Repository/Page_The Story and Evolution of Doodles - G_6e786d/p_The first Doodle was a simple out-of-offi_345e61' is visible

07-06-2024T14:10:49 - [TEST_STEP][PASSED] - verifyElementVisible(findTestObject("Object Repository/Page_The Story and Evolution of Doodles - G_6e786d/h2_Weve created more than 5,000 Doodles ove_111429")): Object 'Object Repository/Page_The Story and Evolution of Doodles - G_6e786d/h2_Weve created more than 5,000 Doodles ove_111429' is visible

07-06-2024T14:10:49 - [MESSAGE][PASSED] - Object 'Object Repository/Page_The Story and Evolution of Doodles - G_6e786d/h2_Weve created more than 5,000 Doodles ove_111429' is visible

07-06-2024T14:10:49 - [TEST_STEP][PASSED] - click(findTestObject("Object Repository/Page_The Story and Evolution of Doodles - G_6e786d/p_The first Doodle was a simple out-of-offi_345e61")): Object: 'Object Repository/Page_The Story and Evolution of Doodles - G_6e786d/p_The first Doodle was a simple out-of-offi_345e61' is clicked on

07-06-2024T14:10:49 - [MESSAGE][PASSED] - Object: 'Object Repository/Page_The Story and Evolution of Doodles - G_6e786d/p_The first Doodle was a simple out-of-offi_345e61' is clicked on

07-06-2024T14:10:49 - [TEST_STEP][PASSED] - verifyElementVisible(findTestObject("Object Repository/Page_The Story and Evolution of Doodles - G_6e786d/h1_The story behind Doodles")): Object 'Object Repository/Page_The Story and Evolution of Doodles - G_6e786d/h1_The story behind Doodles' is visible

07-06-2024T14:10:49 - [MESSAGE][PASSED] - Object 'Object Repository/Page_The Story and Evolution of Doodles - G_6e786d/h1_The story behind Doodles' is visible

07-06-2024T14:10:49 - [TEST_STEP][PASSED] - verifyElementVisible(findTestObject("Object Repository/Page_The Story and Evolution of Doodles - G_6e786d/p_The first Doodle was a simple out-of-offi_345e61")): Object 'Object Repository/Page_The Story and Evolution of Doodles - G_6e786d/p_The first Doodle was a simple out-of-offi_345e61' is visible

07-06-2024T14:10:49 - [MESSAGE][PASSED] - Object 'Object Repository/Page_The Story and Evolution of Doodles - G_6e786d/p_The first Doodle was a simple out-of-offi_345e61' is visible

07-06-2024T14:10:49 - [TEST_STEP][PASSED] - verifyElementVisible(findTestObject("Object Repository/Page_The Story and Evolution of Doodles - G_6e786d/h2_Weve created more than 5,000 Doodles ove_111429")): Object 'Object Repository/Page_The Story and Evolution of Doodles - G_6e786d/h2_Weve created more than 5,000 Doodles ove_111429' is visible

07-06-2024T14:10:49 - [MESSAGE][PASSED] - Object 'Object Repository/Page_The Story and Evolution of Doodles - G_6e786d/h2_Weve created more than 5,000 Doodles ove_111429' is visible

07-06-2024T14:10:49 - [TEST_STEP][PASSED] - click(findTestObject("Object Repository/Page_The Story and Evolution of Doodles - G_6e786d/p_The first Doodle was a simple out-of-offi_345e61")): Object: 'Object Repository/Page_The Story and Evolution of Doodles - G_6e786d/p_The first Doodle was a simple out-of-offi_345e61' is clicked on

07-06-2024T14:10:49 - [MESSAGE][PASSED] - Object: 'Object Repository/Page_The Story and Evolution of Doodles - G_6e786d/p_The first Doodle was a simple out-of-offi_345e61' is clicked on

07-06-2024T14:10:49 - [TEST_STEP][PASSED] - verifyElementVisible(findTestObject("Object Repository/Page_The Story and Evolution of Doodles - G_6e786d/h1_The story behind Doodles")): Object 'Object Repository/Page_The Story and Evolution of Doodles - G_6e786d/h1_The story behind Doodles' is visible

07-06-2024T14:10:50 - [MESSAGE][PASSED] - Object 'Object Repository/Page_The Story and Evolution of Doodles - G_6e786d/h1_The story behind Doodles' is visible

07-06-2024T14:10:50 - [TEST_STEP][PASSED] - verifyElementVisible(findTestObject("Object Repository/Page_The Story and Evolution of Doodles - G_6e786d/p_The first Doodle was a simple out-of-offi_345e61")): Object 'Object Repository/Page_The Story and Evolution of Doodles - G_6e786d/p_The first Doodle was a simple out-of-offi_345e61' is visible

07-06-2024T14:10:50 - [MESSAGE][PASSED] - Object 'Object Repository/Page_The Story and Evolution of Doodles - G_6e786d/p_The first Doodle was a simple out-of-offi_345e61' is visible

07-06-2024T14:10:50 - [TEST_STEP][PASSED] - verifyElementVisible(findTestObject("Object Repository/Page_The Story and Evolution of Doodles - G_6e786d/h2_Weve created more than 5,000 Doodles ove_111429")): Object 'Object Repository/Page_The Story and Evolution of Doodles - G_6e786d/h2_Weve created more than 5,000 Doodles ove_111429' is visible

07-06-2024T14:10:50 - [MESSAGE][PASSED] - Object 'Object Repository/Page_The Story and Evolution of Doodles - G_6e786d/h2_Weve created more than 5,000 Doodles ove_111429' is visible

07-06-2024T14:10:50 - [TEST_STEP][PASSED] - click(findTestObject("Object Repository/Page_The Story and Evolution of Doodles - G_6e786d/p_The first Doodle was a simple out-of-offi_345e61")): Object: 'Object Repository/Page_The Story and Evolution of Doodles - G_6e786d/p_The first Doodle was a simple out-of-offi_345e61' is clicked on

07-06-2024T14:10:50 - [MESSAGE][PASSED] - Object: 'Object Repository/Page_The Story and Evolution of Doodles - G_6e786d/p_The first Doodle was a simple out-of-offi_345e61' is clicked on

07-06-2024T14:10:50 - [TEST_STEP][PASSED] - verifyElementVisible(findTestObject("Object Repository/Page_The Story and Evolution of Doodles - G_6e786d/h1_The story behind Doodles")): Object 'Object Repository/Page_The Story and Evolution of Doodles - G_6e786d/h1_The story behind Doodles' is visible

07-06-2024T14:10:50 - [MESSAGE][PASSED] - Object 'Object Repository/Page_The Story and Evolution of Doodles - G_6e786d/h1_The story behind Doodles' is visible

07-06-2024T14:10:50 - [TEST_STEP][PASSED] - verifyElementVisible(findTestObject("Object Repository/Page_The Story and Evolution of Doodles - G_6e786d/p_The first Doodle was a simple out-of-offi_345e61")): Object 'Object Repository/Page_The Story and Evolution of Doodles - G_6e786d/p_The first Doodle was a simple out-of-offi_345e61' is visible

07-06-2024T14:10:50 - [MESSAGE][PASSED] - Object 'Object Repository/Page_The Story and Evolution of Doodles - G_6e786d/p_The first Doodle was a simple out-of-offi_345e61' is visible

07-06-2024T14:10:50 - [TEST_STEP][PASSED] - verifyElementVisible(findTestObject("Object Repository/Page_The Story and Evolution of Doodles - G_6e786d/h2_Weve created more than 5,000 Doodles ove_111429")): Object 'Object Repository/Page_The Story and Evolution of Doodles - G_6e786d/h2_Weve created more than 5,000 Doodles ove_111429' is visible

07-06-2024T14:10:50 - [MESSAGE][PASSED] - Object 'Object Repository/Page_The Story and Evolution of Doodles - G_6e786d/h2_Weve created more than 5,000 Doodles ove_111429' is visible]]></system-out>
         <system-err><![CDATA[]]></system-err>
      </testcase>
      <testcase name="Test Cases/test case folder 1/tc1 - Copy (6) - Copy (3)" time="8.086" classname="Test Cases/test case folder 1/tc1 - Copy (6) - Copy (3)" status="PASSED">
         <system-out><![CDATA[07-06-2024T14:10:50 - [TEST_CASE][PASSED] - Test Cases/test case folder 1/tc1 - Copy (6) - Copy (3): Test Cases/test case folder 1/tc1 - Copy (6) - Copy (3)

07-06-2024T14:10:50 - [TEST_STEP][PASSED] - openBrowser(""): Browser is opened with url: ''

07-06-2024T14:10:50 - [MESSAGE][WARNING] - A browser is already opened. Closing browser and opening a new one

07-06-2024T14:10:51 - [MESSAGE][INFO] - Starting 'Firefox (headless)' driver

07-06-2024T14:10:51 - [MESSAGE][INFO] - Action delay is set to 0 milliseconds

07-06-2024T14:10:53 - [MESSAGE][PASSED] - Browser is opened with url: ''

07-06-2024T14:10:53 - [TEST_STEP][PASSED] - navigateToUrl("https://doodles.google/about/"): Navigate to 'https://doodles.google/about/' successfully

07-06-2024T14:10:54 - [MESSAGE][PASSED] - Navigate to 'https://doodles.google/about/' successfully

07-06-2024T14:10:54 - [TEST_STEP][PASSED] - click(findTestObject("Object Repository/Page_The Story and Evolution of Doodles - G_6e786d/p_The first Doodle was a simple out-of-offi_345e61")): Object: 'Object Repository/Page_The Story and Evolution of Doodles - G_6e786d/p_The first Doodle was a simple out-of-offi_345e61' is clicked on

07-06-2024T14:10:55 - [MESSAGE][PASSED] - Object: 'Object Repository/Page_The Story and Evolution of Doodles - G_6e786d/p_The first Doodle was a simple out-of-offi_345e61' is clicked on

07-06-2024T14:10:55 - [TEST_STEP][PASSED] - click(findTestObject("Object Repository/Page_The Story and Evolution of Doodles - G_6e786d/p_The first Doodle was a simple out-of-offi_345e61")): Object: 'Object Repository/Page_The Story and Evolution of Doodles - G_6e786d/p_The first Doodle was a simple out-of-offi_345e61' is clicked on

07-06-2024T14:10:55 - [MESSAGE][PASSED] - Object: 'Object Repository/Page_The Story and Evolution of Doodles - G_6e786d/p_The first Doodle was a simple out-of-offi_345e61' is clicked on

07-06-2024T14:10:55 - [TEST_STEP][PASSED] - verifyElementVisible(findTestObject("Object Repository/Page_The Story and Evolution of Doodles - G_6e786d/h1_The story behind Doodles")): Object 'Object Repository/Page_The Story and Evolution of Doodles - G_6e786d/h1_The story behind Doodles' is visible

07-06-2024T14:10:55 - [MESSAGE][PASSED] - Object 'Object Repository/Page_The Story and Evolution of Doodles - G_6e786d/h1_The story behind Doodles' is visible

07-06-2024T14:10:55 - [TEST_STEP][PASSED] - verifyElementVisible(findTestObject("Object Repository/Page_The Story and Evolution of Doodles - G_6e786d/p_The first Doodle was a simple out-of-offi_345e61")): Object 'Object Repository/Page_The Story and Evolution of Doodles - G_6e786d/p_The first Doodle was a simple out-of-offi_345e61' is visible

07-06-2024T14:10:55 - [MESSAGE][PASSED] - Object 'Object Repository/Page_The Story and Evolution of Doodles - G_6e786d/p_The first Doodle was a simple out-of-offi_345e61' is visible

07-06-2024T14:10:55 - [TEST_STEP][PASSED] - verifyElementVisible(findTestObject("Object Repository/Page_The Story and Evolution of Doodles - G_6e786d/h2_Weve created more than 5,000 Doodles ove_111429")): Object 'Object Repository/Page_The Story and Evolution of Doodles - G_6e786d/h2_Weve created more than 5,000 Doodles ove_111429' is visible

07-06-2024T14:10:55 - [MESSAGE][PASSED] - Object 'Object Repository/Page_The Story and Evolution of Doodles - G_6e786d/h2_Weve created more than 5,000 Doodles ove_111429' is visible

07-06-2024T14:10:55 - [TEST_STEP][PASSED] - verifyElementVisible(findTestObject("Object Repository/Page_The Story and Evolution of Doodles - G_6e786d/h1_The story behind Doodles")): Object 'Object Repository/Page_The Story and Evolution of Doodles - G_6e786d/h1_The story behind Doodles' is visible

07-06-2024T14:10:55 - [MESSAGE][PASSED] - Object 'Object Repository/Page_The Story and Evolution of Doodles - G_6e786d/h1_The story behind Doodles' is visible

07-06-2024T14:10:55 - [TEST_STEP][PASSED] - verifyElementVisible(findTestObject("Object Repository/Page_The Story and Evolution of Doodles - G_6e786d/p_The first Doodle was a simple out-of-offi_345e61")): Object 'Object Repository/Page_The Story and Evolution of Doodles - G_6e786d/p_The first Doodle was a simple out-of-offi_345e61' is visible

07-06-2024T14:10:55 - [MESSAGE][PASSED] - Object 'Object Repository/Page_The Story and Evolution of Doodles - G_6e786d/p_The first Doodle was a simple out-of-offi_345e61' is visible

07-06-2024T14:10:55 - [TEST_STEP][PASSED] - verifyElementVisible(findTestObject("Object Repository/Page_The Story and Evolution of Doodles - G_6e786d/h2_Weve created more than 5,000 Doodles ove_111429")): Object 'Object Repository/Page_The Story and Evolution of Doodles - G_6e786d/h2_Weve created more than 5,000 Doodles ove_111429' is visible

07-06-2024T14:10:55 - [MESSAGE][PASSED] - Object 'Object Repository/Page_The Story and Evolution of Doodles - G_6e786d/h2_Weve created more than 5,000 Doodles ove_111429' is visible

07-06-2024T14:10:55 - [TEST_STEP][PASSED] - click(findTestObject("Object Repository/Page_The Story and Evolution of Doodles - G_6e786d/p_The first Doodle was a simple out-of-offi_345e61")): Object: 'Object Repository/Page_The Story and Evolution of Doodles - G_6e786d/p_The first Doodle was a simple out-of-offi_345e61' is clicked on

07-06-2024T14:10:55 - [MESSAGE][PASSED] - Object: 'Object Repository/Page_The Story and Evolution of Doodles - G_6e786d/p_The first Doodle was a simple out-of-offi_345e61' is clicked on

07-06-2024T14:10:55 - [TEST_STEP][PASSED] - verifyElementVisible(findTestObject("Object Repository/Page_The Story and Evolution of Doodles - G_6e786d/h1_The story behind Doodles")): Object 'Object Repository/Page_The Story and Evolution of Doodles - G_6e786d/h1_The story behind Doodles' is visible

07-06-2024T14:10:55 - [MESSAGE][PASSED] - Object 'Object Repository/Page_The Story and Evolution of Doodles - G_6e786d/h1_The story behind Doodles' is visible

07-06-2024T14:10:55 - [TEST_STEP][PASSED] - verifyElementVisible(findTestObject("Object Repository/Page_The Story and Evolution of Doodles - G_6e786d/p_The first Doodle was a simple out-of-offi_345e61")): Object 'Object Repository/Page_The Story and Evolution of Doodles - G_6e786d/p_The first Doodle was a simple out-of-offi_345e61' is visible

07-06-2024T14:10:55 - [MESSAGE][PASSED] - Object 'Object Repository/Page_The Story and Evolution of Doodles - G_6e786d/p_The first Doodle was a simple out-of-offi_345e61' is visible

07-06-2024T14:10:55 - [TEST_STEP][PASSED] - verifyElementVisible(findTestObject("Object Repository/Page_The Story and Evolution of Doodles - G_6e786d/h2_Weve created more than 5,000 Doodles ove_111429")): Object 'Object Repository/Page_The Story and Evolution of Doodles - G_6e786d/h2_Weve created more than 5,000 Doodles ove_111429' is visible

07-06-2024T14:10:55 - [MESSAGE][PASSED] - Object 'Object Repository/Page_The Story and Evolution of Doodles - G_6e786d/h2_Weve created more than 5,000 Doodles ove_111429' is visible

07-06-2024T14:10:55 - [TEST_STEP][PASSED] - click(findTestObject("Object Repository/Page_The Story and Evolution of Doodles - G_6e786d/p_The first Doodle was a simple out-of-offi_345e61")): Object: 'Object Repository/Page_The Story and Evolution of Doodles - G_6e786d/p_The first Doodle was a simple out-of-offi_345e61' is clicked on

07-06-2024T14:10:56 - [MESSAGE][PASSED] - Object: 'Object Repository/Page_The Story and Evolution of Doodles - G_6e786d/p_The first Doodle was a simple out-of-offi_345e61' is clicked on

07-06-2024T14:10:56 - [TEST_STEP][PASSED] - verifyElementVisible(findTestObject("Object Repository/Page_The Story and Evolution of Doodles - G_6e786d/h1_The story behind Doodles")): Object 'Object Repository/Page_The Story and Evolution of Doodles - G_6e786d/h1_The story behind Doodles' is visible

07-06-2024T14:10:56 - [MESSAGE][PASSED] - Object 'Object Repository/Page_The Story and Evolution of Doodles - G_6e786d/h1_The story behind Doodles' is visible

07-06-2024T14:10:56 - [TEST_STEP][PASSED] - verifyElementVisible(findTestObject("Object Repository/Page_The Story and Evolution of Doodles - G_6e786d/p_The first Doodle was a simple out-of-offi_345e61")): Object 'Object Repository/Page_The Story and Evolution of Doodles - G_6e786d/p_The first Doodle was a simple out-of-offi_345e61' is visible

07-06-2024T14:10:56 - [MESSAGE][PASSED] - Object 'Object Repository/Page_The Story and Evolution of Doodles - G_6e786d/p_The first Doodle was a simple out-of-offi_345e61' is visible

07-06-2024T14:10:56 - [TEST_STEP][PASSED] - verifyElementVisible(findTestObject("Object Repository/Page_The Story and Evolution of Doodles - G_6e786d/h2_Weve created more than 5,000 Doodles ove_111429")): Object 'Object Repository/Page_The Story and Evolution of Doodles - G_6e786d/h2_Weve created more than 5,000 Doodles ove_111429' is visible

07-06-2024T14:10:56 - [MESSAGE][PASSED] - Object 'Object Repository/Page_The Story and Evolution of Doodles - G_6e786d/h2_Weve created more than 5,000 Doodles ove_111429' is visible

07-06-2024T14:10:56 - [TEST_STEP][PASSED] - click(findTestObject("Object Repository/Page_The Story and Evolution of Doodles - G_6e786d/p_The first Doodle was a simple out-of-offi_345e61")): Object: 'Object Repository/Page_The Story and Evolution of Doodles - G_6e786d/p_The first Doodle was a simple out-of-offi_345e61' is clicked on

07-06-2024T14:10:56 - [MESSAGE][PASSED] - Object: 'Object Repository/Page_The Story and Evolution of Doodles - G_6e786d/p_The first Doodle was a simple out-of-offi_345e61' is clicked on

07-06-2024T14:10:56 - [TEST_STEP][PASSED] - verifyElementVisible(findTestObject("Object Repository/Page_The Story and Evolution of Doodles - G_6e786d/h1_The story behind Doodles")): Object 'Object Repository/Page_The Story and Evolution of Doodles - G_6e786d/h1_The story behind Doodles' is visible

07-06-2024T14:10:56 - [MESSAGE][PASSED] - Object 'Object Repository/Page_The Story and Evolution of Doodles - G_6e786d/h1_The story behind Doodles' is visible

07-06-2024T14:10:56 - [TEST_STEP][PASSED] - verifyElementVisible(findTestObject("Object Repository/Page_The Story and Evolution of Doodles - G_6e786d/p_The first Doodle was a simple out-of-offi_345e61")): Object 'Object Repository/Page_The Story and Evolution of Doodles - G_6e786d/p_The first Doodle was a simple out-of-offi_345e61' is visible

07-06-2024T14:10:56 - [MESSAGE][PASSED] - Object 'Object Repository/Page_The Story and Evolution of Doodles - G_6e786d/p_The first Doodle was a simple out-of-offi_345e61' is visible

07-06-2024T14:10:56 - [TEST_STEP][PASSED] - verifyElementVisible(findTestObject("Object Repository/Page_The Story and Evolution of Doodles - G_6e786d/h2_Weve created more than 5,000 Doodles ove_111429")): Object 'Object Repository/Page_The Story and Evolution of Doodles - G_6e786d/h2_Weve created more than 5,000 Doodles ove_111429' is visible

07-06-2024T14:10:56 - [MESSAGE][PASSED] - Object 'Object Repository/Page_The Story and Evolution of Doodles - G_6e786d/h2_Weve created more than 5,000 Doodles ove_111429' is visible

07-06-2024T14:10:56 - [TEST_STEP][PASSED] - click(findTestObject("Object Repository/Page_The Story and Evolution of Doodles - G_6e786d/p_The first Doodle was a simple out-of-offi_345e61")): Object: 'Object Repository/Page_The Story and Evolution of Doodles - G_6e786d/p_The first Doodle was a simple out-of-offi_345e61' is clicked on

07-06-2024T14:10:56 - [MESSAGE][PASSED] - Object: 'Object Repository/Page_The Story and Evolution of Doodles - G_6e786d/p_The first Doodle was a simple out-of-offi_345e61' is clicked on

07-06-2024T14:10:56 - [TEST_STEP][PASSED] - verifyElementVisible(findTestObject("Object Repository/Page_The Story and Evolution of Doodles - G_6e786d/h1_The story behind Doodles")): Object 'Object Repository/Page_The Story and Evolution of Doodles - G_6e786d/h1_The story behind Doodles' is visible

07-06-2024T14:10:56 - [MESSAGE][PASSED] - Object 'Object Repository/Page_The Story and Evolution of Doodles - G_6e786d/h1_The story behind Doodles' is visible

07-06-2024T14:10:56 - [TEST_STEP][PASSED] - verifyElementVisible(findTestObject("Object Repository/Page_The Story and Evolution of Doodles - G_6e786d/p_The first Doodle was a simple out-of-offi_345e61")): Object 'Object Repository/Page_The Story and Evolution of Doodles - G_6e786d/p_The first Doodle was a simple out-of-offi_345e61' is visible

07-06-2024T14:10:56 - [MESSAGE][PASSED] - Object 'Object Repository/Page_The Story and Evolution of Doodles - G_6e786d/p_The first Doodle was a simple out-of-offi_345e61' is visible

07-06-2024T14:10:56 - [TEST_STEP][PASSED] - verifyElementVisible(findTestObject("Object Repository/Page_The Story and Evolution of Doodles - G_6e786d/h2_Weve created more than 5,000 Doodles ove_111429")): Object 'Object Repository/Page_The Story and Evolution of Doodles - G_6e786d/h2_Weve created more than 5,000 Doodles ove_111429' is visible

07-06-2024T14:10:56 - [MESSAGE][PASSED] - Object 'Object Repository/Page_The Story and Evolution of Doodles - G_6e786d/h2_Weve created more than 5,000 Doodles ove_111429' is visible

07-06-2024T14:10:56 - [TEST_STEP][PASSED] - click(findTestObject("Object Repository/Page_The Story and Evolution of Doodles - G_6e786d/p_The first Doodle was a simple out-of-offi_345e61")): Object: 'Object Repository/Page_The Story and Evolution of Doodles - G_6e786d/p_The first Doodle was a simple out-of-offi_345e61' is clicked on

07-06-2024T14:10:57 - [MESSAGE][PASSED] - Object: 'Object Repository/Page_The Story and Evolution of Doodles - G_6e786d/p_The first Doodle was a simple out-of-offi_345e61' is clicked on

07-06-2024T14:10:57 - [TEST_STEP][PASSED] - verifyElementVisible(findTestObject("Object Repository/Page_The Story and Evolution of Doodles - G_6e786d/h1_The story behind Doodles")): Object 'Object Repository/Page_The Story and Evolution of Doodles - G_6e786d/h1_The story behind Doodles' is visible

07-06-2024T14:10:57 - [MESSAGE][PASSED] - Object 'Object Repository/Page_The Story and Evolution of Doodles - G_6e786d/h1_The story behind Doodles' is visible

07-06-2024T14:10:57 - [TEST_STEP][PASSED] - verifyElementVisible(findTestObject("Object Repository/Page_The Story and Evolution of Doodles - G_6e786d/p_The first Doodle was a simple out-of-offi_345e61")): Object 'Object Repository/Page_The Story and Evolution of Doodles - G_6e786d/p_The first Doodle was a simple out-of-offi_345e61' is visible

07-06-2024T14:10:57 - [MESSAGE][PASSED] - Object 'Object Repository/Page_The Story and Evolution of Doodles - G_6e786d/p_The first Doodle was a simple out-of-offi_345e61' is visible

07-06-2024T14:10:57 - [TEST_STEP][PASSED] - verifyElementVisible(findTestObject("Object Repository/Page_The Story and Evolution of Doodles - G_6e786d/h2_Weve created more than 5,000 Doodles ove_111429")): Object 'Object Repository/Page_The Story and Evolution of Doodles - G_6e786d/h2_Weve created more than 5,000 Doodles ove_111429' is visible

07-06-2024T14:10:57 - [MESSAGE][PASSED] - Object 'Object Repository/Page_The Story and Evolution of Doodles - G_6e786d/h2_Weve created more than 5,000 Doodles ove_111429' is visible

07-06-2024T14:10:57 - [TEST_STEP][PASSED] - click(findTestObject("Object Repository/Page_The Story and Evolution of Doodles - G_6e786d/p_The first Doodle was a simple out-of-offi_345e61")): Object: 'Object Repository/Page_The Story and Evolution of Doodles - G_6e786d/p_The first Doodle was a simple out-of-offi_345e61' is clicked on

07-06-2024T14:10:57 - [MESSAGE][PASSED] - Object: 'Object Repository/Page_The Story and Evolution of Doodles - G_6e786d/p_The first Doodle was a simple out-of-offi_345e61' is clicked on

07-06-2024T14:10:57 - [TEST_STEP][PASSED] - verifyElementVisible(findTestObject("Object Repository/Page_The Story and Evolution of Doodles - G_6e786d/h1_The story behind Doodles")): Object 'Object Repository/Page_The Story and Evolution of Doodles - G_6e786d/h1_The story behind Doodles' is visible

07-06-2024T14:10:57 - [MESSAGE][PASSED] - Object 'Object Repository/Page_The Story and Evolution of Doodles - G_6e786d/h1_The story behind Doodles' is visible

07-06-2024T14:10:57 - [TEST_STEP][PASSED] - verifyElementVisible(findTestObject("Object Repository/Page_The Story and Evolution of Doodles - G_6e786d/p_The first Doodle was a simple out-of-offi_345e61")): Object 'Object Repository/Page_The Story and Evolution of Doodles - G_6e786d/p_The first Doodle was a simple out-of-offi_345e61' is visible

07-06-2024T14:10:57 - [MESSAGE][PASSED] - Object 'Object Repository/Page_The Story and Evolution of Doodles - G_6e786d/p_The first Doodle was a simple out-of-offi_345e61' is visible

07-06-2024T14:10:57 - [TEST_STEP][PASSED] - verifyElementVisible(findTestObject("Object Repository/Page_The Story and Evolution of Doodles - G_6e786d/h2_Weve created more than 5,000 Doodles ove_111429")): Object 'Object Repository/Page_The Story and Evolution of Doodles - G_6e786d/h2_Weve created more than 5,000 Doodles ove_111429' is visible

07-06-2024T14:10:57 - [MESSAGE][PASSED] - Object 'Object Repository/Page_The Story and Evolution of Doodles - G_6e786d/h2_Weve created more than 5,000 Doodles ove_111429' is visible

07-06-2024T14:10:57 - [TEST_STEP][PASSED] - click(findTestObject("Object Repository/Page_The Story and Evolution of Doodles - G_6e786d/p_The first Doodle was a simple out-of-offi_345e61")): Object: 'Object Repository/Page_The Story and Evolution of Doodles - G_6e786d/p_The first Doodle was a simple out-of-offi_345e61' is clicked on

07-06-2024T14:10:57 - [MESSAGE][PASSED] - Object: 'Object Repository/Page_The Story and Evolution of Doodles - G_6e786d/p_The first Doodle was a simple out-of-offi_345e61' is clicked on

07-06-2024T14:10:57 - [TEST_STEP][PASSED] - verifyElementVisible(findTestObject("Object Repository/Page_The Story and Evolution of Doodles - G_6e786d/h1_The story behind Doodles")): Object 'Object Repository/Page_The Story and Evolution of Doodles - G_6e786d/h1_The story behind Doodles' is visible

07-06-2024T14:10:57 - [MESSAGE][PASSED] - Object 'Object Repository/Page_The Story and Evolution of Doodles - G_6e786d/h1_The story behind Doodles' is visible

07-06-2024T14:10:57 - [TEST_STEP][PASSED] - verifyElementVisible(findTestObject("Object Repository/Page_The Story and Evolution of Doodles - G_6e786d/p_The first Doodle was a simple out-of-offi_345e61")): Object 'Object Repository/Page_The Story and Evolution of Doodles - G_6e786d/p_The first Doodle was a simple out-of-offi_345e61' is visible

07-06-2024T14:10:57 - [MESSAGE][PASSED] - Object 'Object Repository/Page_The Story and Evolution of Doodles - G_6e786d/p_The first Doodle was a simple out-of-offi_345e61' is visible

07-06-2024T14:10:57 - [TEST_STEP][PASSED] - verifyElementVisible(findTestObject("Object Repository/Page_The Story and Evolution of Doodles - G_6e786d/h2_Weve created more than 5,000 Doodles ove_111429")): Object 'Object Repository/Page_The Story and Evolution of Doodles - G_6e786d/h2_Weve created more than 5,000 Doodles ove_111429' is visible

07-06-2024T14:10:57 - [MESSAGE][PASSED] - Object 'Object Repository/Page_The Story and Evolution of Doodles - G_6e786d/h2_Weve created more than 5,000 Doodles ove_111429' is visible

07-06-2024T14:10:57 - [TEST_STEP][PASSED] - click(findTestObject("Object Repository/Page_The Story and Evolution of Doodles - G_6e786d/p_The first Doodle was a simple out-of-offi_345e61")): Object: 'Object Repository/Page_The Story and Evolution of Doodles - G_6e786d/p_The first Doodle was a simple out-of-offi_345e61' is clicked on

07-06-2024T14:10:58 - [MESSAGE][PASSED] - Object: 'Object Repository/Page_The Story and Evolution of Doodles - G_6e786d/p_The first Doodle was a simple out-of-offi_345e61' is clicked on

07-06-2024T14:10:58 - [TEST_STEP][PASSED] - verifyElementVisible(findTestObject("Object Repository/Page_The Story and Evolution of Doodles - G_6e786d/h1_The story behind Doodles")): Object 'Object Repository/Page_The Story and Evolution of Doodles - G_6e786d/h1_The story behind Doodles' is visible

07-06-2024T14:10:58 - [MESSAGE][PASSED] - Object 'Object Repository/Page_The Story and Evolution of Doodles - G_6e786d/h1_The story behind Doodles' is visible

07-06-2024T14:10:58 - [TEST_STEP][PASSED] - verifyElementVisible(findTestObject("Object Repository/Page_The Story and Evolution of Doodles - G_6e786d/p_The first Doodle was a simple out-of-offi_345e61")): Object 'Object Repository/Page_The Story and Evolution of Doodles - G_6e786d/p_The first Doodle was a simple out-of-offi_345e61' is visible

07-06-2024T14:10:58 - [MESSAGE][PASSED] - Object 'Object Repository/Page_The Story and Evolution of Doodles - G_6e786d/p_The first Doodle was a simple out-of-offi_345e61' is visible

07-06-2024T14:10:58 - [TEST_STEP][PASSED] - verifyElementVisible(findTestObject("Object Repository/Page_The Story and Evolution of Doodles - G_6e786d/h2_Weve created more than 5,000 Doodles ove_111429")): Object 'Object Repository/Page_The Story and Evolution of Doodles - G_6e786d/h2_Weve created more than 5,000 Doodles ove_111429' is visible

07-06-2024T14:10:58 - [MESSAGE][PASSED] - Object 'Object Repository/Page_The Story and Evolution of Doodles - G_6e786d/h2_Weve created more than 5,000 Doodles ove_111429' is visible

07-06-2024T14:10:58 - [TEST_STEP][PASSED] - click(findTestObject("Object Repository/Page_The Story and Evolution of Doodles - G_6e786d/p_The first Doodle was a simple out-of-offi_345e61")): Object: 'Object Repository/Page_The Story and Evolution of Doodles - G_6e786d/p_The first Doodle was a simple out-of-offi_345e61' is clicked on

07-06-2024T14:10:58 - [MESSAGE][PASSED] - Object: 'Object Repository/Page_The Story and Evolution of Doodles - G_6e786d/p_The first Doodle was a simple out-of-offi_345e61' is clicked on

07-06-2024T14:10:58 - [TEST_STEP][PASSED] - verifyElementVisible(findTestObject("Object Repository/Page_The Story and Evolution of Doodles - G_6e786d/h1_The story behind Doodles")): Object 'Object Repository/Page_The Story and Evolution of Doodles - G_6e786d/h1_The story behind Doodles' is visible

07-06-2024T14:10:58 - [MESSAGE][PASSED] - Object 'Object Repository/Page_The Story and Evolution of Doodles - G_6e786d/h1_The story behind Doodles' is visible

07-06-2024T14:10:58 - [TEST_STEP][PASSED] - verifyElementVisible(findTestObject("Object Repository/Page_The Story and Evolution of Doodles - G_6e786d/p_The first Doodle was a simple out-of-offi_345e61")): Object 'Object Repository/Page_The Story and Evolution of Doodles - G_6e786d/p_The first Doodle was a simple out-of-offi_345e61' is visible

07-06-2024T14:10:58 - [MESSAGE][PASSED] - Object 'Object Repository/Page_The Story and Evolution of Doodles - G_6e786d/p_The first Doodle was a simple out-of-offi_345e61' is visible

07-06-2024T14:10:58 - [TEST_STEP][PASSED] - verifyElementVisible(findTestObject("Object Repository/Page_The Story and Evolution of Doodles - G_6e786d/h2_Weve created more than 5,000 Doodles ove_111429")): Object 'Object Repository/Page_The Story and Evolution of Doodles - G_6e786d/h2_Weve created more than 5,000 Doodles ove_111429' is visible

07-06-2024T14:10:58 - [MESSAGE][PASSED] - Object 'Object Repository/Page_The Story and Evolution of Doodles - G_6e786d/h2_Weve created more than 5,000 Doodles ove_111429' is visible]]></system-out>
         <system-err><![CDATA[]]></system-err>
      </testcase>
      <testcase name="Test Cases/test case folder 1/tc1 - Copy (6) - Copy (4)" time="8.463" classname="Test Cases/test case folder 1/tc1 - Copy (6) - Copy (4)" status="PASSED">
         <system-out><![CDATA[07-06-2024T14:10:58 - [TEST_CASE][PASSED] - Test Cases/test case folder 1/tc1 - Copy (6) - Copy (4): Test Cases/test case folder 1/tc1 - Copy (6) - Copy (4)

07-06-2024T14:10:58 - [TEST_STEP][PASSED] - openBrowser(""): Browser is opened with url: ''

07-06-2024T14:10:58 - [MESSAGE][WARNING] - A browser is already opened. Closing browser and opening a new one

07-06-2024T14:10:59 - [MESSAGE][INFO] - Starting 'Firefox (headless)' driver

07-06-2024T14:10:59 - [MESSAGE][INFO] - Action delay is set to 0 milliseconds

07-06-2024T14:11:01 - [MESSAGE][PASSED] - Browser is opened with url: ''

07-06-2024T14:11:01 - [TEST_STEP][PASSED] - navigateToUrl("https://doodles.google/about/"): Navigate to 'https://doodles.google/about/' successfully

07-06-2024T14:11:03 - [MESSAGE][PASSED] - Navigate to 'https://doodles.google/about/' successfully

07-06-2024T14:11:03 - [TEST_STEP][PASSED] - click(findTestObject("Object Repository/Page_The Story and Evolution of Doodles - G_6e786d/p_The first Doodle was a simple out-of-offi_345e61")): Object: 'Object Repository/Page_The Story and Evolution of Doodles - G_6e786d/p_The first Doodle was a simple out-of-offi_345e61' is clicked on

07-06-2024T14:11:03 - [MESSAGE][PASSED] - Object: 'Object Repository/Page_The Story and Evolution of Doodles - G_6e786d/p_The first Doodle was a simple out-of-offi_345e61' is clicked on

07-06-2024T14:11:03 - [TEST_STEP][PASSED] - click(findTestObject("Object Repository/Page_The Story and Evolution of Doodles - G_6e786d/p_The first Doodle was a simple out-of-offi_345e61")): Object: 'Object Repository/Page_The Story and Evolution of Doodles - G_6e786d/p_The first Doodle was a simple out-of-offi_345e61' is clicked on

07-06-2024T14:11:03 - [MESSAGE][PASSED] - Object: 'Object Repository/Page_The Story and Evolution of Doodles - G_6e786d/p_The first Doodle was a simple out-of-offi_345e61' is clicked on

07-06-2024T14:11:03 - [TEST_STEP][PASSED] - verifyElementVisible(findTestObject("Object Repository/Page_The Story and Evolution of Doodles - G_6e786d/h1_The story behind Doodles")): Object 'Object Repository/Page_The Story and Evolution of Doodles - G_6e786d/h1_The story behind Doodles' is visible

07-06-2024T14:11:03 - [MESSAGE][PASSED] - Object 'Object Repository/Page_The Story and Evolution of Doodles - G_6e786d/h1_The story behind Doodles' is visible

07-06-2024T14:11:03 - [TEST_STEP][PASSED] - verifyElementVisible(findTestObject("Object Repository/Page_The Story and Evolution of Doodles - G_6e786d/p_The first Doodle was a simple out-of-offi_345e61")): Object 'Object Repository/Page_The Story and Evolution of Doodles - G_6e786d/p_The first Doodle was a simple out-of-offi_345e61' is visible

07-06-2024T14:11:04 - [MESSAGE][PASSED] - Object 'Object Repository/Page_The Story and Evolution of Doodles - G_6e786d/p_The first Doodle was a simple out-of-offi_345e61' is visible

07-06-2024T14:11:04 - [TEST_STEP][PASSED] - verifyElementVisible(findTestObject("Object Repository/Page_The Story and Evolution of Doodles - G_6e786d/h2_Weve created more than 5,000 Doodles ove_111429")): Object 'Object Repository/Page_The Story and Evolution of Doodles - G_6e786d/h2_Weve created more than 5,000 Doodles ove_111429' is visible

07-06-2024T14:11:04 - [MESSAGE][PASSED] - Object 'Object Repository/Page_The Story and Evolution of Doodles - G_6e786d/h2_Weve created more than 5,000 Doodles ove_111429' is visible

07-06-2024T14:11:04 - [TEST_STEP][PASSED] - verifyElementVisible(findTestObject("Object Repository/Page_The Story and Evolution of Doodles - G_6e786d/h1_The story behind Doodles")): Object 'Object Repository/Page_The Story and Evolution of Doodles - G_6e786d/h1_The story behind Doodles' is visible

07-06-2024T14:11:04 - [MESSAGE][PASSED] - Object 'Object Repository/Page_The Story and Evolution of Doodles - G_6e786d/h1_The story behind Doodles' is visible

07-06-2024T14:11:04 - [TEST_STEP][PASSED] - verifyElementVisible(findTestObject("Object Repository/Page_The Story and Evolution of Doodles - G_6e786d/p_The first Doodle was a simple out-of-offi_345e61")): Object 'Object Repository/Page_The Story and Evolution of Doodles - G_6e786d/p_The first Doodle was a simple out-of-offi_345e61' is visible

07-06-2024T14:11:04 - [MESSAGE][PASSED] - Object 'Object Repository/Page_The Story and Evolution of Doodles - G_6e786d/p_The first Doodle was a simple out-of-offi_345e61' is visible

07-06-2024T14:11:04 - [TEST_STEP][PASSED] - verifyElementVisible(findTestObject("Object Repository/Page_The Story and Evolution of Doodles - G_6e786d/h2_Weve created more than 5,000 Doodles ove_111429")): Object 'Object Repository/Page_The Story and Evolution of Doodles - G_6e786d/h2_Weve created more than 5,000 Doodles ove_111429' is visible

07-06-2024T14:11:04 - [MESSAGE][PASSED] - Object 'Object Repository/Page_The Story and Evolution of Doodles - G_6e786d/h2_Weve created more than 5,000 Doodles ove_111429' is visible

07-06-2024T14:11:04 - [TEST_STEP][PASSED] - click(findTestObject("Object Repository/Page_The Story and Evolution of Doodles - G_6e786d/p_The first Doodle was a simple out-of-offi_345e61")): Object: 'Object Repository/Page_The Story and Evolution of Doodles - G_6e786d/p_The first Doodle was a simple out-of-offi_345e61' is clicked on

07-06-2024T14:11:04 - [MESSAGE][PASSED] - Object: 'Object Repository/Page_The Story and Evolution of Doodles - G_6e786d/p_The first Doodle was a simple out-of-offi_345e61' is clicked on

07-06-2024T14:11:04 - [TEST_STEP][PASSED] - verifyElementVisible(findTestObject("Object Repository/Page_The Story and Evolution of Doodles - G_6e786d/h1_The story behind Doodles")): Object 'Object Repository/Page_The Story and Evolution of Doodles - G_6e786d/h1_The story behind Doodles' is visible

07-06-2024T14:11:04 - [MESSAGE][PASSED] - Object 'Object Repository/Page_The Story and Evolution of Doodles - G_6e786d/h1_The story behind Doodles' is visible

07-06-2024T14:11:04 - [TEST_STEP][PASSED] - verifyElementVisible(findTestObject("Object Repository/Page_The Story and Evolution of Doodles - G_6e786d/p_The first Doodle was a simple out-of-offi_345e61")): Object 'Object Repository/Page_The Story and Evolution of Doodles - G_6e786d/p_The first Doodle was a simple out-of-offi_345e61' is visible

07-06-2024T14:11:04 - [MESSAGE][PASSED] - Object 'Object Repository/Page_The Story and Evolution of Doodles - G_6e786d/p_The first Doodle was a simple out-of-offi_345e61' is visible

07-06-2024T14:11:04 - [TEST_STEP][PASSED] - verifyElementVisible(findTestObject("Object Repository/Page_The Story and Evolution of Doodles - G_6e786d/h2_Weve created more than 5,000 Doodles ove_111429")): Object 'Object Repository/Page_The Story and Evolution of Doodles - G_6e786d/h2_Weve created more than 5,000 Doodles ove_111429' is visible

07-06-2024T14:11:04 - [MESSAGE][PASSED] - Object 'Object Repository/Page_The Story and Evolution of Doodles - G_6e786d/h2_Weve created more than 5,000 Doodles ove_111429' is visible

07-06-2024T14:11:04 - [TEST_STEP][PASSED] - click(findTestObject("Object Repository/Page_The Story and Evolution of Doodles - G_6e786d/p_The first Doodle was a simple out-of-offi_345e61")): Object: 'Object Repository/Page_The Story and Evolution of Doodles - G_6e786d/p_The first Doodle was a simple out-of-offi_345e61' is clicked on

07-06-2024T14:11:04 - [MESSAGE][PASSED] - Object: 'Object Repository/Page_The Story and Evolution of Doodles - G_6e786d/p_The first Doodle was a simple out-of-offi_345e61' is clicked on

07-06-2024T14:11:04 - [TEST_STEP][PASSED] - verifyElementVisible(findTestObject("Object Repository/Page_The Story and Evolution of Doodles - G_6e786d/h1_The story behind Doodles")): Object 'Object Repository/Page_The Story and Evolution of Doodles - G_6e786d/h1_The story behind Doodles' is visible

07-06-2024T14:11:04 - [MESSAGE][PASSED] - Object 'Object Repository/Page_The Story and Evolution of Doodles - G_6e786d/h1_The story behind Doodles' is visible

07-06-2024T14:11:04 - [TEST_STEP][PASSED] - verifyElementVisible(findTestObject("Object Repository/Page_The Story and Evolution of Doodles - G_6e786d/p_The first Doodle was a simple out-of-offi_345e61")): Object 'Object Repository/Page_The Story and Evolution of Doodles - G_6e786d/p_The first Doodle was a simple out-of-offi_345e61' is visible

07-06-2024T14:11:04 - [MESSAGE][PASSED] - Object 'Object Repository/Page_The Story and Evolution of Doodles - G_6e786d/p_The first Doodle was a simple out-of-offi_345e61' is visible

07-06-2024T14:11:04 - [TEST_STEP][PASSED] - verifyElementVisible(findTestObject("Object Repository/Page_The Story and Evolution of Doodles - G_6e786d/h2_Weve created more than 5,000 Doodles ove_111429")): Object 'Object Repository/Page_The Story and Evolution of Doodles - G_6e786d/h2_Weve created more than 5,000 Doodles ove_111429' is visible

07-06-2024T14:11:04 - [MESSAGE][PASSED] - Object 'Object Repository/Page_The Story and Evolution of Doodles - G_6e786d/h2_Weve created more than 5,000 Doodles ove_111429' is visible

07-06-2024T14:11:04 - [TEST_STEP][PASSED] - click(findTestObject("Object Repository/Page_The Story and Evolution of Doodles - G_6e786d/p_The first Doodle was a simple out-of-offi_345e61")): Object: 'Object Repository/Page_The Story and Evolution of Doodles - G_6e786d/p_The first Doodle was a simple out-of-offi_345e61' is clicked on

07-06-2024T14:11:05 - [MESSAGE][PASSED] - Object: 'Object Repository/Page_The Story and Evolution of Doodles - G_6e786d/p_The first Doodle was a simple out-of-offi_345e61' is clicked on

07-06-2024T14:11:05 - [TEST_STEP][PASSED] - verifyElementVisible(findTestObject("Object Repository/Page_The Story and Evolution of Doodles - G_6e786d/h1_The story behind Doodles")): Object 'Object Repository/Page_The Story and Evolution of Doodles - G_6e786d/h1_The story behind Doodles' is visible

07-06-2024T14:11:05 - [MESSAGE][PASSED] - Object 'Object Repository/Page_The Story and Evolution of Doodles - G_6e786d/h1_The story behind Doodles' is visible

07-06-2024T14:11:05 - [TEST_STEP][PASSED] - verifyElementVisible(findTestObject("Object Repository/Page_The Story and Evolution of Doodles - G_6e786d/p_The first Doodle was a simple out-of-offi_345e61")): Object 'Object Repository/Page_The Story and Evolution of Doodles - G_6e786d/p_The first Doodle was a simple out-of-offi_345e61' is visible

07-06-2024T14:11:05 - [MESSAGE][PASSED] - Object 'Object Repository/Page_The Story and Evolution of Doodles - G_6e786d/p_The first Doodle was a simple out-of-offi_345e61' is visible

07-06-2024T14:11:05 - [TEST_STEP][PASSED] - verifyElementVisible(findTestObject("Object Repository/Page_The Story and Evolution of Doodles - G_6e786d/h2_Weve created more than 5,000 Doodles ove_111429")): Object 'Object Repository/Page_The Story and Evolution of Doodles - G_6e786d/h2_Weve created more than 5,000 Doodles ove_111429' is visible

07-06-2024T14:11:05 - [MESSAGE][PASSED] - Object 'Object Repository/Page_The Story and Evolution of Doodles - G_6e786d/h2_Weve created more than 5,000 Doodles ove_111429' is visible

07-06-2024T14:11:05 - [TEST_STEP][PASSED] - click(findTestObject("Object Repository/Page_The Story and Evolution of Doodles - G_6e786d/p_The first Doodle was a simple out-of-offi_345e61")): Object: 'Object Repository/Page_The Story and Evolution of Doodles - G_6e786d/p_The first Doodle was a simple out-of-offi_345e61' is clicked on

07-06-2024T14:11:05 - [MESSAGE][PASSED] - Object: 'Object Repository/Page_The Story and Evolution of Doodles - G_6e786d/p_The first Doodle was a simple out-of-offi_345e61' is clicked on

07-06-2024T14:11:05 - [TEST_STEP][PASSED] - verifyElementVisible(findTestObject("Object Repository/Page_The Story and Evolution of Doodles - G_6e786d/h1_The story behind Doodles")): Object 'Object Repository/Page_The Story and Evolution of Doodles - G_6e786d/h1_The story behind Doodles' is visible

07-06-2024T14:11:05 - [MESSAGE][PASSED] - Object 'Object Repository/Page_The Story and Evolution of Doodles - G_6e786d/h1_The story behind Doodles' is visible

07-06-2024T14:11:05 - [TEST_STEP][PASSED] - verifyElementVisible(findTestObject("Object Repository/Page_The Story and Evolution of Doodles - G_6e786d/p_The first Doodle was a simple out-of-offi_345e61")): Object 'Object Repository/Page_The Story and Evolution of Doodles - G_6e786d/p_The first Doodle was a simple out-of-offi_345e61' is visible

07-06-2024T14:11:05 - [MESSAGE][PASSED] - Object 'Object Repository/Page_The Story and Evolution of Doodles - G_6e786d/p_The first Doodle was a simple out-of-offi_345e61' is visible

07-06-2024T14:11:05 - [TEST_STEP][PASSED] - verifyElementVisible(findTestObject("Object Repository/Page_The Story and Evolution of Doodles - G_6e786d/h2_Weve created more than 5,000 Doodles ove_111429")): Object 'Object Repository/Page_The Story and Evolution of Doodles - G_6e786d/h2_Weve created more than 5,000 Doodles ove_111429' is visible

07-06-2024T14:11:05 - [MESSAGE][PASSED] - Object 'Object Repository/Page_The Story and Evolution of Doodles - G_6e786d/h2_Weve created more than 5,000 Doodles ove_111429' is visible

07-06-2024T14:11:05 - [TEST_STEP][PASSED] - click(findTestObject("Object Repository/Page_The Story and Evolution of Doodles - G_6e786d/p_The first Doodle was a simple out-of-offi_345e61")): Object: 'Object Repository/Page_The Story and Evolution of Doodles - G_6e786d/p_The first Doodle was a simple out-of-offi_345e61' is clicked on

07-06-2024T14:11:05 - [MESSAGE][PASSED] - Object: 'Object Repository/Page_The Story and Evolution of Doodles - G_6e786d/p_The first Doodle was a simple out-of-offi_345e61' is clicked on

07-06-2024T14:11:05 - [TEST_STEP][PASSED] - verifyElementVisible(findTestObject("Object Repository/Page_The Story and Evolution of Doodles - G_6e786d/h1_The story behind Doodles")): Object 'Object Repository/Page_The Story and Evolution of Doodles - G_6e786d/h1_The story behind Doodles' is visible

07-06-2024T14:11:05 - [MESSAGE][PASSED] - Object 'Object Repository/Page_The Story and Evolution of Doodles - G_6e786d/h1_The story behind Doodles' is visible

07-06-2024T14:11:05 - [TEST_STEP][PASSED] - verifyElementVisible(findTestObject("Object Repository/Page_The Story and Evolution of Doodles - G_6e786d/p_The first Doodle was a simple out-of-offi_345e61")): Object 'Object Repository/Page_The Story and Evolution of Doodles - G_6e786d/p_The first Doodle was a simple out-of-offi_345e61' is visible

07-06-2024T14:11:05 - [MESSAGE][PASSED] - Object 'Object Repository/Page_The Story and Evolution of Doodles - G_6e786d/p_The first Doodle was a simple out-of-offi_345e61' is visible

07-06-2024T14:11:05 - [TEST_STEP][PASSED] - verifyElementVisible(findTestObject("Object Repository/Page_The Story and Evolution of Doodles - G_6e786d/h2_Weve created more than 5,000 Doodles ove_111429")): Object 'Object Repository/Page_The Story and Evolution of Doodles - G_6e786d/h2_Weve created more than 5,000 Doodles ove_111429' is visible

07-06-2024T14:11:05 - [MESSAGE][PASSED] - Object 'Object Repository/Page_The Story and Evolution of Doodles - G_6e786d/h2_Weve created more than 5,000 Doodles ove_111429' is visible

07-06-2024T14:11:05 - [TEST_STEP][PASSED] - click(findTestObject("Object Repository/Page_The Story and Evolution of Doodles - G_6e786d/p_The first Doodle was a simple out-of-offi_345e61")): Object: 'Object Repository/Page_The Story and Evolution of Doodles - G_6e786d/p_The first Doodle was a simple out-of-offi_345e61' is clicked on

07-06-2024T14:11:05 - [MESSAGE][PASSED] - Object: 'Object Repository/Page_The Story and Evolution of Doodles - G_6e786d/p_The first Doodle was a simple out-of-offi_345e61' is clicked on

07-06-2024T14:11:05 - [TEST_STEP][PASSED] - verifyElementVisible(findTestObject("Object Repository/Page_The Story and Evolution of Doodles - G_6e786d/h1_The story behind Doodles")): Object 'Object Repository/Page_The Story and Evolution of Doodles - G_6e786d/h1_The story behind Doodles' is visible

07-06-2024T14:11:06 - [MESSAGE][PASSED] - Object 'Object Repository/Page_The Story and Evolution of Doodles - G_6e786d/h1_The story behind Doodles' is visible

07-06-2024T14:11:06 - [TEST_STEP][PASSED] - verifyElementVisible(findTestObject("Object Repository/Page_The Story and Evolution of Doodles - G_6e786d/p_The first Doodle was a simple out-of-offi_345e61")): Object 'Object Repository/Page_The Story and Evolution of Doodles - G_6e786d/p_The first Doodle was a simple out-of-offi_345e61' is visible

07-06-2024T14:11:06 - [MESSAGE][PASSED] - Object 'Object Repository/Page_The Story and Evolution of Doodles - G_6e786d/p_The first Doodle was a simple out-of-offi_345e61' is visible

07-06-2024T14:11:06 - [TEST_STEP][PASSED] - verifyElementVisible(findTestObject("Object Repository/Page_The Story and Evolution of Doodles - G_6e786d/h2_Weve created more than 5,000 Doodles ove_111429")): Object 'Object Repository/Page_The Story and Evolution of Doodles - G_6e786d/h2_Weve created more than 5,000 Doodles ove_111429' is visible

07-06-2024T14:11:06 - [MESSAGE][PASSED] - Object 'Object Repository/Page_The Story and Evolution of Doodles - G_6e786d/h2_Weve created more than 5,000 Doodles ove_111429' is visible

07-06-2024T14:11:06 - [TEST_STEP][PASSED] - click(findTestObject("Object Repository/Page_The Story and Evolution of Doodles - G_6e786d/p_The first Doodle was a simple out-of-offi_345e61")): Object: 'Object Repository/Page_The Story and Evolution of Doodles - G_6e786d/p_The first Doodle was a simple out-of-offi_345e61' is clicked on

07-06-2024T14:11:06 - [MESSAGE][PASSED] - Object: 'Object Repository/Page_The Story and Evolution of Doodles - G_6e786d/p_The first Doodle was a simple out-of-offi_345e61' is clicked on

07-06-2024T14:11:06 - [TEST_STEP][PASSED] - verifyElementVisible(findTestObject("Object Repository/Page_The Story and Evolution of Doodles - G_6e786d/h1_The story behind Doodles")): Object 'Object Repository/Page_The Story and Evolution of Doodles - G_6e786d/h1_The story behind Doodles' is visible

07-06-2024T14:11:06 - [MESSAGE][PASSED] - Object 'Object Repository/Page_The Story and Evolution of Doodles - G_6e786d/h1_The story behind Doodles' is visible

07-06-2024T14:11:06 - [TEST_STEP][PASSED] - verifyElementVisible(findTestObject("Object Repository/Page_The Story and Evolution of Doodles - G_6e786d/p_The first Doodle was a simple out-of-offi_345e61")): Object 'Object Repository/Page_The Story and Evolution of Doodles - G_6e786d/p_The first Doodle was a simple out-of-offi_345e61' is visible

07-06-2024T14:11:06 - [MESSAGE][PASSED] - Object 'Object Repository/Page_The Story and Evolution of Doodles - G_6e786d/p_The first Doodle was a simple out-of-offi_345e61' is visible

07-06-2024T14:11:06 - [TEST_STEP][PASSED] - verifyElementVisible(findTestObject("Object Repository/Page_The Story and Evolution of Doodles - G_6e786d/h2_Weve created more than 5,000 Doodles ove_111429")): Object 'Object Repository/Page_The Story and Evolution of Doodles - G_6e786d/h2_Weve created more than 5,000 Doodles ove_111429' is visible

07-06-2024T14:11:06 - [MESSAGE][PASSED] - Object 'Object Repository/Page_The Story and Evolution of Doodles - G_6e786d/h2_Weve created more than 5,000 Doodles ove_111429' is visible

07-06-2024T14:11:06 - [TEST_STEP][PASSED] - click(findTestObject("Object Repository/Page_The Story and Evolution of Doodles - G_6e786d/p_The first Doodle was a simple out-of-offi_345e61")): Object: 'Object Repository/Page_The Story and Evolution of Doodles - G_6e786d/p_The first Doodle was a simple out-of-offi_345e61' is clicked on

07-06-2024T14:11:06 - [MESSAGE][PASSED] - Object: 'Object Repository/Page_The Story and Evolution of Doodles - G_6e786d/p_The first Doodle was a simple out-of-offi_345e61' is clicked on

07-06-2024T14:11:06 - [TEST_STEP][PASSED] - verifyElementVisible(findTestObject("Object Repository/Page_The Story and Evolution of Doodles - G_6e786d/h1_The story behind Doodles")): Object 'Object Repository/Page_The Story and Evolution of Doodles - G_6e786d/h1_The story behind Doodles' is visible

07-06-2024T14:11:06 - [MESSAGE][PASSED] - Object 'Object Repository/Page_The Story and Evolution of Doodles - G_6e786d/h1_The story behind Doodles' is visible

07-06-2024T14:11:06 - [TEST_STEP][PASSED] - verifyElementVisible(findTestObject("Object Repository/Page_The Story and Evolution of Doodles - G_6e786d/p_The first Doodle was a simple out-of-offi_345e61")): Object 'Object Repository/Page_The Story and Evolution of Doodles - G_6e786d/p_The first Doodle was a simple out-of-offi_345e61' is visible

07-06-2024T14:11:06 - [MESSAGE][PASSED] - Object 'Object Repository/Page_The Story and Evolution of Doodles - G_6e786d/p_The first Doodle was a simple out-of-offi_345e61' is visible

07-06-2024T14:11:06 - [TEST_STEP][PASSED] - verifyElementVisible(findTestObject("Object Repository/Page_The Story and Evolution of Doodles - G_6e786d/h2_Weve created more than 5,000 Doodles ove_111429")): Object 'Object Repository/Page_The Story and Evolution of Doodles - G_6e786d/h2_Weve created more than 5,000 Doodles ove_111429' is visible

07-06-2024T14:11:06 - [MESSAGE][PASSED] - Object 'Object Repository/Page_The Story and Evolution of Doodles - G_6e786d/h2_Weve created more than 5,000 Doodles ove_111429' is visible

07-06-2024T14:11:06 - [TEST_STEP][PASSED] - click(findTestObject("Object Repository/Page_The Story and Evolution of Doodles - G_6e786d/p_The first Doodle was a simple out-of-offi_345e61")): Object: 'Object Repository/Page_The Story and Evolution of Doodles - G_6e786d/p_The first Doodle was a simple out-of-offi_345e61' is clicked on

07-06-2024T14:11:06 - [MESSAGE][PASSED] - Object: 'Object Repository/Page_The Story and Evolution of Doodles - G_6e786d/p_The first Doodle was a simple out-of-offi_345e61' is clicked on

07-06-2024T14:11:06 - [TEST_STEP][PASSED] - verifyElementVisible(findTestObject("Object Repository/Page_The Story and Evolution of Doodles - G_6e786d/h1_The story behind Doodles")): Object 'Object Repository/Page_The Story and Evolution of Doodles - G_6e786d/h1_The story behind Doodles' is visible

07-06-2024T14:11:06 - [MESSAGE][PASSED] - Object 'Object Repository/Page_The Story and Evolution of Doodles - G_6e786d/h1_The story behind Doodles' is visible

07-06-2024T14:11:06 - [TEST_STEP][PASSED] - verifyElementVisible(findTestObject("Object Repository/Page_The Story and Evolution of Doodles - G_6e786d/p_The first Doodle was a simple out-of-offi_345e61")): Object 'Object Repository/Page_The Story and Evolution of Doodles - G_6e786d/p_The first Doodle was a simple out-of-offi_345e61' is visible

07-06-2024T14:11:06 - [MESSAGE][PASSED] - Object 'Object Repository/Page_The Story and Evolution of Doodles - G_6e786d/p_The first Doodle was a simple out-of-offi_345e61' is visible

07-06-2024T14:11:06 - [TEST_STEP][PASSED] - verifyElementVisible(findTestObject("Object Repository/Page_The Story and Evolution of Doodles - G_6e786d/h2_Weve created more than 5,000 Doodles ove_111429")): Object 'Object Repository/Page_The Story and Evolution of Doodles - G_6e786d/h2_Weve created more than 5,000 Doodles ove_111429' is visible

07-06-2024T14:11:06 - [MESSAGE][PASSED] - Object 'Object Repository/Page_The Story and Evolution of Doodles - G_6e786d/h2_Weve created more than 5,000 Doodles ove_111429' is visible]]></system-out>
         <system-err><![CDATA[]]></system-err>
      </testcase>
      <testcase name="Test Cases/test case folder 1/tc1 - Copy (6) - Copy (5)" time="8.403" classname="Test Cases/test case folder 1/tc1 - Copy (6) - Copy (5)" status="PASSED">
         <system-out><![CDATA[07-06-2024T14:11:06 - [TEST_CASE][PASSED] - Test Cases/test case folder 1/tc1 - Copy (6) - Copy (5): Test Cases/test case folder 1/tc1 - Copy (6) - Copy (5)

07-06-2024T14:11:07 - [TEST_STEP][PASSED] - openBrowser(""): Browser is opened with url: ''

07-06-2024T14:11:07 - [MESSAGE][WARNING] - A browser is already opened. Closing browser and opening a new one

07-06-2024T14:11:07 - [MESSAGE][INFO] - Starting 'Firefox (headless)' driver

07-06-2024T14:11:08 - [MESSAGE][INFO] - Action delay is set to 0 milliseconds

07-06-2024T14:11:10 - [MESSAGE][PASSED] - Browser is opened with url: ''

07-06-2024T14:11:10 - [TEST_STEP][PASSED] - navigateToUrl("https://doodles.google/about/"): Navigate to 'https://doodles.google/about/' successfully

07-06-2024T14:11:11 - [MESSAGE][PASSED] - Navigate to 'https://doodles.google/about/' successfully

07-06-2024T14:11:11 - [TEST_STEP][PASSED] - click(findTestObject("Object Repository/Page_The Story and Evolution of Doodles - G_6e786d/p_The first Doodle was a simple out-of-offi_345e61")): Object: 'Object Repository/Page_The Story and Evolution of Doodles - G_6e786d/p_The first Doodle was a simple out-of-offi_345e61' is clicked on

07-06-2024T14:11:11 - [MESSAGE][PASSED] - Object: 'Object Repository/Page_The Story and Evolution of Doodles - G_6e786d/p_The first Doodle was a simple out-of-offi_345e61' is clicked on

07-06-2024T14:11:11 - [TEST_STEP][PASSED] - click(findTestObject("Object Repository/Page_The Story and Evolution of Doodles - G_6e786d/p_The first Doodle was a simple out-of-offi_345e61")): Object: 'Object Repository/Page_The Story and Evolution of Doodles - G_6e786d/p_The first Doodle was a simple out-of-offi_345e61' is clicked on

07-06-2024T14:11:12 - [MESSAGE][PASSED] - Object: 'Object Repository/Page_The Story and Evolution of Doodles - G_6e786d/p_The first Doodle was a simple out-of-offi_345e61' is clicked on

07-06-2024T14:11:12 - [TEST_STEP][PASSED] - verifyElementVisible(findTestObject("Object Repository/Page_The Story and Evolution of Doodles - G_6e786d/h1_The story behind Doodles")): Object 'Object Repository/Page_The Story and Evolution of Doodles - G_6e786d/h1_The story behind Doodles' is visible

07-06-2024T14:11:12 - [MESSAGE][PASSED] - Object 'Object Repository/Page_The Story and Evolution of Doodles - G_6e786d/h1_The story behind Doodles' is visible

07-06-2024T14:11:12 - [TEST_STEP][PASSED] - verifyElementVisible(findTestObject("Object Repository/Page_The Story and Evolution of Doodles - G_6e786d/p_The first Doodle was a simple out-of-offi_345e61")): Object 'Object Repository/Page_The Story and Evolution of Doodles - G_6e786d/p_The first Doodle was a simple out-of-offi_345e61' is visible

07-06-2024T14:11:12 - [MESSAGE][PASSED] - Object 'Object Repository/Page_The Story and Evolution of Doodles - G_6e786d/p_The first Doodle was a simple out-of-offi_345e61' is visible

07-06-2024T14:11:12 - [TEST_STEP][PASSED] - verifyElementVisible(findTestObject("Object Repository/Page_The Story and Evolution of Doodles - G_6e786d/h2_Weve created more than 5,000 Doodles ove_111429")): Object 'Object Repository/Page_The Story and Evolution of Doodles - G_6e786d/h2_Weve created more than 5,000 Doodles ove_111429' is visible

07-06-2024T14:11:12 - [MESSAGE][PASSED] - Object 'Object Repository/Page_The Story and Evolution of Doodles - G_6e786d/h2_Weve created more than 5,000 Doodles ove_111429' is visible

07-06-2024T14:11:12 - [TEST_STEP][PASSED] - verifyElementVisible(findTestObject("Object Repository/Page_The Story and Evolution of Doodles - G_6e786d/h1_The story behind Doodles")): Object 'Object Repository/Page_The Story and Evolution of Doodles - G_6e786d/h1_The story behind Doodles' is visible

07-06-2024T14:11:12 - [MESSAGE][PASSED] - Object 'Object Repository/Page_The Story and Evolution of Doodles - G_6e786d/h1_The story behind Doodles' is visible

07-06-2024T14:11:12 - [TEST_STEP][PASSED] - verifyElementVisible(findTestObject("Object Repository/Page_The Story and Evolution of Doodles - G_6e786d/p_The first Doodle was a simple out-of-offi_345e61")): Object 'Object Repository/Page_The Story and Evolution of Doodles - G_6e786d/p_The first Doodle was a simple out-of-offi_345e61' is visible

07-06-2024T14:11:12 - [MESSAGE][PASSED] - Object 'Object Repository/Page_The Story and Evolution of Doodles - G_6e786d/p_The first Doodle was a simple out-of-offi_345e61' is visible

07-06-2024T14:11:12 - [TEST_STEP][PASSED] - verifyElementVisible(findTestObject("Object Repository/Page_The Story and Evolution of Doodles - G_6e786d/h2_Weve created more than 5,000 Doodles ove_111429")): Object 'Object Repository/Page_The Story and Evolution of Doodles - G_6e786d/h2_Weve created more than 5,000 Doodles ove_111429' is visible

07-06-2024T14:11:12 - [MESSAGE][PASSED] - Object 'Object Repository/Page_The Story and Evolution of Doodles - G_6e786d/h2_Weve created more than 5,000 Doodles ove_111429' is visible

07-06-2024T14:11:12 - [TEST_STEP][PASSED] - click(findTestObject("Object Repository/Page_The Story and Evolution of Doodles - G_6e786d/p_The first Doodle was a simple out-of-offi_345e61")): Object: 'Object Repository/Page_The Story and Evolution of Doodles - G_6e786d/p_The first Doodle was a simple out-of-offi_345e61' is clicked on

07-06-2024T14:11:12 - [MESSAGE][PASSED] - Object: 'Object Repository/Page_The Story and Evolution of Doodles - G_6e786d/p_The first Doodle was a simple out-of-offi_345e61' is clicked on

07-06-2024T14:11:12 - [TEST_STEP][PASSED] - verifyElementVisible(findTestObject("Object Repository/Page_The Story and Evolution of Doodles - G_6e786d/h1_The story behind Doodles")): Object 'Object Repository/Page_The Story and Evolution of Doodles - G_6e786d/h1_The story behind Doodles' is visible

07-06-2024T14:11:12 - [MESSAGE][PASSED] - Object 'Object Repository/Page_The Story and Evolution of Doodles - G_6e786d/h1_The story behind Doodles' is visible

07-06-2024T14:11:12 - [TEST_STEP][PASSED] - verifyElementVisible(findTestObject("Object Repository/Page_The Story and Evolution of Doodles - G_6e786d/p_The first Doodle was a simple out-of-offi_345e61")): Object 'Object Repository/Page_The Story and Evolution of Doodles - G_6e786d/p_The first Doodle was a simple out-of-offi_345e61' is visible

07-06-2024T14:11:12 - [MESSAGE][PASSED] - Object 'Object Repository/Page_The Story and Evolution of Doodles - G_6e786d/p_The first Doodle was a simple out-of-offi_345e61' is visible

07-06-2024T14:11:12 - [TEST_STEP][PASSED] - verifyElementVisible(findTestObject("Object Repository/Page_The Story and Evolution of Doodles - G_6e786d/h2_Weve created more than 5,000 Doodles ove_111429")): Object 'Object Repository/Page_The Story and Evolution of Doodles - G_6e786d/h2_Weve created more than 5,000 Doodles ove_111429' is visible

07-06-2024T14:11:12 - [MESSAGE][PASSED] - Object 'Object Repository/Page_The Story and Evolution of Doodles - G_6e786d/h2_Weve created more than 5,000 Doodles ove_111429' is visible

07-06-2024T14:11:12 - [TEST_STEP][PASSED] - click(findTestObject("Object Repository/Page_The Story and Evolution of Doodles - G_6e786d/p_The first Doodle was a simple out-of-offi_345e61")): Object: 'Object Repository/Page_The Story and Evolution of Doodles - G_6e786d/p_The first Doodle was a simple out-of-offi_345e61' is clicked on

07-06-2024T14:11:13 - [MESSAGE][PASSED] - Object: 'Object Repository/Page_The Story and Evolution of Doodles - G_6e786d/p_The first Doodle was a simple out-of-offi_345e61' is clicked on

07-06-2024T14:11:13 - [TEST_STEP][PASSED] - verifyElementVisible(findTestObject("Object Repository/Page_The Story and Evolution of Doodles - G_6e786d/h1_The story behind Doodles")): Object 'Object Repository/Page_The Story and Evolution of Doodles - G_6e786d/h1_The story behind Doodles' is visible

07-06-2024T14:11:13 - [MESSAGE][PASSED] - Object 'Object Repository/Page_The Story and Evolution of Doodles - G_6e786d/h1_The story behind Doodles' is visible

07-06-2024T14:11:13 - [TEST_STEP][PASSED] - verifyElementVisible(findTestObject("Object Repository/Page_The Story and Evolution of Doodles - G_6e786d/p_The first Doodle was a simple out-of-offi_345e61")): Object 'Object Repository/Page_The Story and Evolution of Doodles - G_6e786d/p_The first Doodle was a simple out-of-offi_345e61' is visible

07-06-2024T14:11:13 - [MESSAGE][PASSED] - Object 'Object Repository/Page_The Story and Evolution of Doodles - G_6e786d/p_The first Doodle was a simple out-of-offi_345e61' is visible

07-06-2024T14:11:13 - [TEST_STEP][PASSED] - verifyElementVisible(findTestObject("Object Repository/Page_The Story and Evolution of Doodles - G_6e786d/h2_Weve created more than 5,000 Doodles ove_111429")): Object 'Object Repository/Page_The Story and Evolution of Doodles - G_6e786d/h2_Weve created more than 5,000 Doodles ove_111429' is visible

07-06-2024T14:11:13 - [MESSAGE][PASSED] - Object 'Object Repository/Page_The Story and Evolution of Doodles - G_6e786d/h2_Weve created more than 5,000 Doodles ove_111429' is visible

07-06-2024T14:11:13 - [TEST_STEP][PASSED] - click(findTestObject("Object Repository/Page_The Story and Evolution of Doodles - G_6e786d/p_The first Doodle was a simple out-of-offi_345e61")): Object: 'Object Repository/Page_The Story and Evolution of Doodles - G_6e786d/p_The first Doodle was a simple out-of-offi_345e61' is clicked on

07-06-2024T14:11:13 - [MESSAGE][PASSED] - Object: 'Object Repository/Page_The Story and Evolution of Doodles - G_6e786d/p_The first Doodle was a simple out-of-offi_345e61' is clicked on

07-06-2024T14:11:13 - [TEST_STEP][PASSED] - verifyElementVisible(findTestObject("Object Repository/Page_The Story and Evolution of Doodles - G_6e786d/h1_The story behind Doodles")): Object 'Object Repository/Page_The Story and Evolution of Doodles - G_6e786d/h1_The story behind Doodles' is visible

07-06-2024T14:11:13 - [MESSAGE][PASSED] - Object 'Object Repository/Page_The Story and Evolution of Doodles - G_6e786d/h1_The story behind Doodles' is visible

07-06-2024T14:11:13 - [TEST_STEP][PASSED] - verifyElementVisible(findTestObject("Object Repository/Page_The Story and Evolution of Doodles - G_6e786d/p_The first Doodle was a simple out-of-offi_345e61")): Object 'Object Repository/Page_The Story and Evolution of Doodles - G_6e786d/p_The first Doodle was a simple out-of-offi_345e61' is visible

07-06-2024T14:11:13 - [MESSAGE][PASSED] - Object 'Object Repository/Page_The Story and Evolution of Doodles - G_6e786d/p_The first Doodle was a simple out-of-offi_345e61' is visible

07-06-2024T14:11:13 - [TEST_STEP][PASSED] - verifyElementVisible(findTestObject("Object Repository/Page_The Story and Evolution of Doodles - G_6e786d/h2_Weve created more than 5,000 Doodles ove_111429")): Object 'Object Repository/Page_The Story and Evolution of Doodles - G_6e786d/h2_Weve created more than 5,000 Doodles ove_111429' is visible

07-06-2024T14:11:13 - [MESSAGE][PASSED] - Object 'Object Repository/Page_The Story and Evolution of Doodles - G_6e786d/h2_Weve created more than 5,000 Doodles ove_111429' is visible

07-06-2024T14:11:13 - [TEST_STEP][PASSED] - click(findTestObject("Object Repository/Page_The Story and Evolution of Doodles - G_6e786d/p_The first Doodle was a simple out-of-offi_345e61")): Object: 'Object Repository/Page_The Story and Evolution of Doodles - G_6e786d/p_The first Doodle was a simple out-of-offi_345e61' is clicked on

07-06-2024T14:11:13 - [MESSAGE][PASSED] - Object: 'Object Repository/Page_The Story and Evolution of Doodles - G_6e786d/p_The first Doodle was a simple out-of-offi_345e61' is clicked on

07-06-2024T14:11:13 - [TEST_STEP][PASSED] - verifyElementVisible(findTestObject("Object Repository/Page_The Story and Evolution of Doodles - G_6e786d/h1_The story behind Doodles")): Object 'Object Repository/Page_The Story and Evolution of Doodles - G_6e786d/h1_The story behind Doodles' is visible

07-06-2024T14:11:13 - [MESSAGE][PASSED] - Object 'Object Repository/Page_The Story and Evolution of Doodles - G_6e786d/h1_The story behind Doodles' is visible

07-06-2024T14:11:13 - [TEST_STEP][PASSED] - verifyElementVisible(findTestObject("Object Repository/Page_The Story and Evolution of Doodles - G_6e786d/p_The first Doodle was a simple out-of-offi_345e61")): Object 'Object Repository/Page_The Story and Evolution of Doodles - G_6e786d/p_The first Doodle was a simple out-of-offi_345e61' is visible

07-06-2024T14:11:13 - [MESSAGE][PASSED] - Object 'Object Repository/Page_The Story and Evolution of Doodles - G_6e786d/p_The first Doodle was a simple out-of-offi_345e61' is visible

07-06-2024T14:11:13 - [TEST_STEP][PASSED] - verifyElementVisible(findTestObject("Object Repository/Page_The Story and Evolution of Doodles - G_6e786d/h2_Weve created more than 5,000 Doodles ove_111429")): Object 'Object Repository/Page_The Story and Evolution of Doodles - G_6e786d/h2_Weve created more than 5,000 Doodles ove_111429' is visible

07-06-2024T14:11:13 - [MESSAGE][PASSED] - Object 'Object Repository/Page_The Story and Evolution of Doodles - G_6e786d/h2_Weve created more than 5,000 Doodles ove_111429' is visible

07-06-2024T14:11:13 - [TEST_STEP][PASSED] - click(findTestObject("Object Repository/Page_The Story and Evolution of Doodles - G_6e786d/p_The first Doodle was a simple out-of-offi_345e61")): Object: 'Object Repository/Page_The Story and Evolution of Doodles - G_6e786d/p_The first Doodle was a simple out-of-offi_345e61' is clicked on

07-06-2024T14:11:13 - [MESSAGE][PASSED] - Object: 'Object Repository/Page_The Story and Evolution of Doodles - G_6e786d/p_The first Doodle was a simple out-of-offi_345e61' is clicked on

07-06-2024T14:11:13 - [TEST_STEP][PASSED] - verifyElementVisible(findTestObject("Object Repository/Page_The Story and Evolution of Doodles - G_6e786d/h1_The story behind Doodles")): Object 'Object Repository/Page_The Story and Evolution of Doodles - G_6e786d/h1_The story behind Doodles' is visible

07-06-2024T14:11:14 - [MESSAGE][PASSED] - Object 'Object Repository/Page_The Story and Evolution of Doodles - G_6e786d/h1_The story behind Doodles' is visible

07-06-2024T14:11:14 - [TEST_STEP][PASSED] - verifyElementVisible(findTestObject("Object Repository/Page_The Story and Evolution of Doodles - G_6e786d/p_The first Doodle was a simple out-of-offi_345e61")): Object 'Object Repository/Page_The Story and Evolution of Doodles - G_6e786d/p_The first Doodle was a simple out-of-offi_345e61' is visible

07-06-2024T14:11:14 - [MESSAGE][PASSED] - Object 'Object Repository/Page_The Story and Evolution of Doodles - G_6e786d/p_The first Doodle was a simple out-of-offi_345e61' is visible

07-06-2024T14:11:14 - [TEST_STEP][PASSED] - verifyElementVisible(findTestObject("Object Repository/Page_The Story and Evolution of Doodles - G_6e786d/h2_Weve created more than 5,000 Doodles ove_111429")): Object 'Object Repository/Page_The Story and Evolution of Doodles - G_6e786d/h2_Weve created more than 5,000 Doodles ove_111429' is visible

07-06-2024T14:11:14 - [MESSAGE][PASSED] - Object 'Object Repository/Page_The Story and Evolution of Doodles - G_6e786d/h2_Weve created more than 5,000 Doodles ove_111429' is visible

07-06-2024T14:11:14 - [TEST_STEP][PASSED] - click(findTestObject("Object Repository/Page_The Story and Evolution of Doodles - G_6e786d/p_The first Doodle was a simple out-of-offi_345e61")): Object: 'Object Repository/Page_The Story and Evolution of Doodles - G_6e786d/p_The first Doodle was a simple out-of-offi_345e61' is clicked on

07-06-2024T14:11:14 - [MESSAGE][PASSED] - Object: 'Object Repository/Page_The Story and Evolution of Doodles - G_6e786d/p_The first Doodle was a simple out-of-offi_345e61' is clicked on

07-06-2024T14:11:14 - [TEST_STEP][PASSED] - verifyElementVisible(findTestObject("Object Repository/Page_The Story and Evolution of Doodles - G_6e786d/h1_The story behind Doodles")): Object 'Object Repository/Page_The Story and Evolution of Doodles - G_6e786d/h1_The story behind Doodles' is visible

07-06-2024T14:11:14 - [MESSAGE][PASSED] - Object 'Object Repository/Page_The Story and Evolution of Doodles - G_6e786d/h1_The story behind Doodles' is visible

07-06-2024T14:11:14 - [TEST_STEP][PASSED] - verifyElementVisible(findTestObject("Object Repository/Page_The Story and Evolution of Doodles - G_6e786d/p_The first Doodle was a simple out-of-offi_345e61")): Object 'Object Repository/Page_The Story and Evolution of Doodles - G_6e786d/p_The first Doodle was a simple out-of-offi_345e61' is visible

07-06-2024T14:11:14 - [MESSAGE][PASSED] - Object 'Object Repository/Page_The Story and Evolution of Doodles - G_6e786d/p_The first Doodle was a simple out-of-offi_345e61' is visible

07-06-2024T14:11:14 - [TEST_STEP][PASSED] - verifyElementVisible(findTestObject("Object Repository/Page_The Story and Evolution of Doodles - G_6e786d/h2_Weve created more than 5,000 Doodles ove_111429")): Object 'Object Repository/Page_The Story and Evolution of Doodles - G_6e786d/h2_Weve created more than 5,000 Doodles ove_111429' is visible

07-06-2024T14:11:14 - [MESSAGE][PASSED] - Object 'Object Repository/Page_The Story and Evolution of Doodles - G_6e786d/h2_Weve created more than 5,000 Doodles ove_111429' is visible

07-06-2024T14:11:14 - [TEST_STEP][PASSED] - click(findTestObject("Object Repository/Page_The Story and Evolution of Doodles - G_6e786d/p_The first Doodle was a simple out-of-offi_345e61")): Object: 'Object Repository/Page_The Story and Evolution of Doodles - G_6e786d/p_The first Doodle was a simple out-of-offi_345e61' is clicked on

07-06-2024T14:11:14 - [MESSAGE][PASSED] - Object: 'Object Repository/Page_The Story and Evolution of Doodles - G_6e786d/p_The first Doodle was a simple out-of-offi_345e61' is clicked on

07-06-2024T14:11:14 - [TEST_STEP][PASSED] - verifyElementVisible(findTestObject("Object Repository/Page_The Story and Evolution of Doodles - G_6e786d/h1_The story behind Doodles")): Object 'Object Repository/Page_The Story and Evolution of Doodles - G_6e786d/h1_The story behind Doodles' is visible

07-06-2024T14:11:14 - [MESSAGE][PASSED] - Object 'Object Repository/Page_The Story and Evolution of Doodles - G_6e786d/h1_The story behind Doodles' is visible

07-06-2024T14:11:14 - [TEST_STEP][PASSED] - verifyElementVisible(findTestObject("Object Repository/Page_The Story and Evolution of Doodles - G_6e786d/p_The first Doodle was a simple out-of-offi_345e61")): Object 'Object Repository/Page_The Story and Evolution of Doodles - G_6e786d/p_The first Doodle was a simple out-of-offi_345e61' is visible

07-06-2024T14:11:14 - [MESSAGE][PASSED] - Object 'Object Repository/Page_The Story and Evolution of Doodles - G_6e786d/p_The first Doodle was a simple out-of-offi_345e61' is visible

07-06-2024T14:11:14 - [TEST_STEP][PASSED] - verifyElementVisible(findTestObject("Object Repository/Page_The Story and Evolution of Doodles - G_6e786d/h2_Weve created more than 5,000 Doodles ove_111429")): Object 'Object Repository/Page_The Story and Evolution of Doodles - G_6e786d/h2_Weve created more than 5,000 Doodles ove_111429' is visible

07-06-2024T14:11:14 - [MESSAGE][PASSED] - Object 'Object Repository/Page_The Story and Evolution of Doodles - G_6e786d/h2_Weve created more than 5,000 Doodles ove_111429' is visible

07-06-2024T14:11:14 - [TEST_STEP][PASSED] - click(findTestObject("Object Repository/Page_The Story and Evolution of Doodles - G_6e786d/p_The first Doodle was a simple out-of-offi_345e61")): Object: 'Object Repository/Page_The Story and Evolution of Doodles - G_6e786d/p_The first Doodle was a simple out-of-offi_345e61' is clicked on

07-06-2024T14:11:14 - [MESSAGE][PASSED] - Object: 'Object Repository/Page_The Story and Evolution of Doodles - G_6e786d/p_The first Doodle was a simple out-of-offi_345e61' is clicked on

07-06-2024T14:11:14 - [TEST_STEP][PASSED] - verifyElementVisible(findTestObject("Object Repository/Page_The Story and Evolution of Doodles - G_6e786d/h1_The story behind Doodles")): Object 'Object Repository/Page_The Story and Evolution of Doodles - G_6e786d/h1_The story behind Doodles' is visible

07-06-2024T14:11:15 - [MESSAGE][PASSED] - Object 'Object Repository/Page_The Story and Evolution of Doodles - G_6e786d/h1_The story behind Doodles' is visible

07-06-2024T14:11:15 - [TEST_STEP][PASSED] - verifyElementVisible(findTestObject("Object Repository/Page_The Story and Evolution of Doodles - G_6e786d/p_The first Doodle was a simple out-of-offi_345e61")): Object 'Object Repository/Page_The Story and Evolution of Doodles - G_6e786d/p_The first Doodle was a simple out-of-offi_345e61' is visible

07-06-2024T14:11:15 - [MESSAGE][PASSED] - Object 'Object Repository/Page_The Story and Evolution of Doodles - G_6e786d/p_The first Doodle was a simple out-of-offi_345e61' is visible

07-06-2024T14:11:15 - [TEST_STEP][PASSED] - verifyElementVisible(findTestObject("Object Repository/Page_The Story and Evolution of Doodles - G_6e786d/h2_Weve created more than 5,000 Doodles ove_111429")): Object 'Object Repository/Page_The Story and Evolution of Doodles - G_6e786d/h2_Weve created more than 5,000 Doodles ove_111429' is visible

07-06-2024T14:11:15 - [MESSAGE][PASSED] - Object 'Object Repository/Page_The Story and Evolution of Doodles - G_6e786d/h2_Weve created more than 5,000 Doodles ove_111429' is visible

07-06-2024T14:11:15 - [TEST_STEP][PASSED] - click(findTestObject("Object Repository/Page_The Story and Evolution of Doodles - G_6e786d/p_The first Doodle was a simple out-of-offi_345e61")): Object: 'Object Repository/Page_The Story and Evolution of Doodles - G_6e786d/p_The first Doodle was a simple out-of-offi_345e61' is clicked on

07-06-2024T14:11:15 - [MESSAGE][PASSED] - Object: 'Object Repository/Page_The Story and Evolution of Doodles - G_6e786d/p_The first Doodle was a simple out-of-offi_345e61' is clicked on

07-06-2024T14:11:15 - [TEST_STEP][PASSED] - verifyElementVisible(findTestObject("Object Repository/Page_The Story and Evolution of Doodles - G_6e786d/h1_The story behind Doodles")): Object 'Object Repository/Page_The Story and Evolution of Doodles - G_6e786d/h1_The story behind Doodles' is visible

07-06-2024T14:11:15 - [MESSAGE][PASSED] - Object 'Object Repository/Page_The Story and Evolution of Doodles - G_6e786d/h1_The story behind Doodles' is visible

07-06-2024T14:11:15 - [TEST_STEP][PASSED] - verifyElementVisible(findTestObject("Object Repository/Page_The Story and Evolution of Doodles - G_6e786d/p_The first Doodle was a simple out-of-offi_345e61")): Object 'Object Repository/Page_The Story and Evolution of Doodles - G_6e786d/p_The first Doodle was a simple out-of-offi_345e61' is visible

07-06-2024T14:11:15 - [MESSAGE][PASSED] - Object 'Object Repository/Page_The Story and Evolution of Doodles - G_6e786d/p_The first Doodle was a simple out-of-offi_345e61' is visible

07-06-2024T14:11:15 - [TEST_STEP][PASSED] - verifyElementVisible(findTestObject("Object Repository/Page_The Story and Evolution of Doodles - G_6e786d/h2_Weve created more than 5,000 Doodles ove_111429")): Object 'Object Repository/Page_The Story and Evolution of Doodles - G_6e786d/h2_Weve created more than 5,000 Doodles ove_111429' is visible

07-06-2024T14:11:15 - [MESSAGE][PASSED] - Object 'Object Repository/Page_The Story and Evolution of Doodles - G_6e786d/h2_Weve created more than 5,000 Doodles ove_111429' is visible]]></system-out>
         <system-err><![CDATA[]]></system-err>
      </testcase>
      <testcase name="Test Cases/test case folder 1/tc1 - Copy (6) - Copy (6)" time="8.401" classname="Test Cases/test case folder 1/tc1 - Copy (6) - Copy (6)" status="PASSED">
         <system-out><![CDATA[07-06-2024T14:11:15 - [TEST_CASE][PASSED] - Test Cases/test case folder 1/tc1 - Copy (6) - Copy (6): Test Cases/test case folder 1/tc1 - Copy (6) - Copy (6)

07-06-2024T14:11:15 - [TEST_STEP][PASSED] - openBrowser(""): Browser is opened with url: ''

07-06-2024T14:11:15 - [MESSAGE][WARNING] - A browser is already opened. Closing browser and opening a new one

07-06-2024T14:11:16 - [MESSAGE][INFO] - Starting 'Firefox (headless)' driver

07-06-2024T14:11:16 - [MESSAGE][INFO] - Action delay is set to 0 milliseconds

07-06-2024T14:11:18 - [MESSAGE][PASSED] - Browser is opened with url: ''

07-06-2024T14:11:18 - [TEST_STEP][PASSED] - navigateToUrl("https://doodles.google/about/"): Navigate to 'https://doodles.google/about/' successfully

07-06-2024T14:11:20 - [MESSAGE][PASSED] - Navigate to 'https://doodles.google/about/' successfully

07-06-2024T14:11:20 - [TEST_STEP][PASSED] - click(findTestObject("Object Repository/Page_The Story and Evolution of Doodles - G_6e786d/p_The first Doodle was a simple out-of-offi_345e61")): Object: 'Object Repository/Page_The Story and Evolution of Doodles - G_6e786d/p_The first Doodle was a simple out-of-offi_345e61' is clicked on

07-06-2024T14:11:20 - [MESSAGE][PASSED] - Object: 'Object Repository/Page_The Story and Evolution of Doodles - G_6e786d/p_The first Doodle was a simple out-of-offi_345e61' is clicked on

07-06-2024T14:11:20 - [TEST_STEP][PASSED] - click(findTestObject("Object Repository/Page_The Story and Evolution of Doodles - G_6e786d/p_The first Doodle was a simple out-of-offi_345e61")): Object: 'Object Repository/Page_The Story and Evolution of Doodles - G_6e786d/p_The first Doodle was a simple out-of-offi_345e61' is clicked on

07-06-2024T14:11:20 - [MESSAGE][PASSED] - Object: 'Object Repository/Page_The Story and Evolution of Doodles - G_6e786d/p_The first Doodle was a simple out-of-offi_345e61' is clicked on

07-06-2024T14:11:20 - [TEST_STEP][PASSED] - verifyElementVisible(findTestObject("Object Repository/Page_The Story and Evolution of Doodles - G_6e786d/h1_The story behind Doodles")): Object 'Object Repository/Page_The Story and Evolution of Doodles - G_6e786d/h1_The story behind Doodles' is visible

07-06-2024T14:11:20 - [MESSAGE][PASSED] - Object 'Object Repository/Page_The Story and Evolution of Doodles - G_6e786d/h1_The story behind Doodles' is visible

07-06-2024T14:11:20 - [TEST_STEP][PASSED] - verifyElementVisible(findTestObject("Object Repository/Page_The Story and Evolution of Doodles - G_6e786d/p_The first Doodle was a simple out-of-offi_345e61")): Object 'Object Repository/Page_The Story and Evolution of Doodles - G_6e786d/p_The first Doodle was a simple out-of-offi_345e61' is visible

07-06-2024T14:11:20 - [MESSAGE][PASSED] - Object 'Object Repository/Page_The Story and Evolution of Doodles - G_6e786d/p_The first Doodle was a simple out-of-offi_345e61' is visible

07-06-2024T14:11:20 - [TEST_STEP][PASSED] - verifyElementVisible(findTestObject("Object Repository/Page_The Story and Evolution of Doodles - G_6e786d/h2_Weve created more than 5,000 Doodles ove_111429")): Object 'Object Repository/Page_The Story and Evolution of Doodles - G_6e786d/h2_Weve created more than 5,000 Doodles ove_111429' is visible

07-06-2024T14:11:20 - [MESSAGE][PASSED] - Object 'Object Repository/Page_The Story and Evolution of Doodles - G_6e786d/h2_Weve created more than 5,000 Doodles ove_111429' is visible

07-06-2024T14:11:20 - [TEST_STEP][PASSED] - verifyElementVisible(findTestObject("Object Repository/Page_The Story and Evolution of Doodles - G_6e786d/h1_The story behind Doodles")): Object 'Object Repository/Page_The Story and Evolution of Doodles - G_6e786d/h1_The story behind Doodles' is visible

07-06-2024T14:11:20 - [MESSAGE][PASSED] - Object 'Object Repository/Page_The Story and Evolution of Doodles - G_6e786d/h1_The story behind Doodles' is visible

07-06-2024T14:11:20 - [TEST_STEP][PASSED] - verifyElementVisible(findTestObject("Object Repository/Page_The Story and Evolution of Doodles - G_6e786d/p_The first Doodle was a simple out-of-offi_345e61")): Object 'Object Repository/Page_The Story and Evolution of Doodles - G_6e786d/p_The first Doodle was a simple out-of-offi_345e61' is visible

07-06-2024T14:11:20 - [MESSAGE][PASSED] - Object 'Object Repository/Page_The Story and Evolution of Doodles - G_6e786d/p_The first Doodle was a simple out-of-offi_345e61' is visible

07-06-2024T14:11:20 - [TEST_STEP][PASSED] - verifyElementVisible(findTestObject("Object Repository/Page_The Story and Evolution of Doodles - G_6e786d/h2_Weve created more than 5,000 Doodles ove_111429")): Object 'Object Repository/Page_The Story and Evolution of Doodles - G_6e786d/h2_Weve created more than 5,000 Doodles ove_111429' is visible

07-06-2024T14:11:20 - [MESSAGE][PASSED] - Object 'Object Repository/Page_The Story and Evolution of Doodles - G_6e786d/h2_Weve created more than 5,000 Doodles ove_111429' is visible

07-06-2024T14:11:20 - [TEST_STEP][PASSED] - click(findTestObject("Object Repository/Page_The Story and Evolution of Doodles - G_6e786d/p_The first Doodle was a simple out-of-offi_345e61")): Object: 'Object Repository/Page_The Story and Evolution of Doodles - G_6e786d/p_The first Doodle was a simple out-of-offi_345e61' is clicked on

07-06-2024T14:11:21 - [MESSAGE][PASSED] - Object: 'Object Repository/Page_The Story and Evolution of Doodles - G_6e786d/p_The first Doodle was a simple out-of-offi_345e61' is clicked on

07-06-2024T14:11:21 - [TEST_STEP][PASSED] - verifyElementVisible(findTestObject("Object Repository/Page_The Story and Evolution of Doodles - G_6e786d/h1_The story behind Doodles")): Object 'Object Repository/Page_The Story and Evolution of Doodles - G_6e786d/h1_The story behind Doodles' is visible

07-06-2024T14:11:21 - [MESSAGE][PASSED] - Object 'Object Repository/Page_The Story and Evolution of Doodles - G_6e786d/h1_The story behind Doodles' is visible

07-06-2024T14:11:21 - [TEST_STEP][PASSED] - verifyElementVisible(findTestObject("Object Repository/Page_The Story and Evolution of Doodles - G_6e786d/p_The first Doodle was a simple out-of-offi_345e61")): Object 'Object Repository/Page_The Story and Evolution of Doodles - G_6e786d/p_The first Doodle was a simple out-of-offi_345e61' is visible

07-06-2024T14:11:21 - [MESSAGE][PASSED] - Object 'Object Repository/Page_The Story and Evolution of Doodles - G_6e786d/p_The first Doodle was a simple out-of-offi_345e61' is visible

07-06-2024T14:11:21 - [TEST_STEP][PASSED] - verifyElementVisible(findTestObject("Object Repository/Page_The Story and Evolution of Doodles - G_6e786d/h2_Weve created more than 5,000 Doodles ove_111429")): Object 'Object Repository/Page_The Story and Evolution of Doodles - G_6e786d/h2_Weve created more than 5,000 Doodles ove_111429' is visible

07-06-2024T14:11:21 - [MESSAGE][PASSED] - Object 'Object Repository/Page_The Story and Evolution of Doodles - G_6e786d/h2_Weve created more than 5,000 Doodles ove_111429' is visible

07-06-2024T14:11:21 - [TEST_STEP][PASSED] - click(findTestObject("Object Repository/Page_The Story and Evolution of Doodles - G_6e786d/p_The first Doodle was a simple out-of-offi_345e61")): Object: 'Object Repository/Page_The Story and Evolution of Doodles - G_6e786d/p_The first Doodle was a simple out-of-offi_345e61' is clicked on

07-06-2024T14:11:21 - [MESSAGE][PASSED] - Object: 'Object Repository/Page_The Story and Evolution of Doodles - G_6e786d/p_The first Doodle was a simple out-of-offi_345e61' is clicked on

07-06-2024T14:11:21 - [TEST_STEP][PASSED] - verifyElementVisible(findTestObject("Object Repository/Page_The Story and Evolution of Doodles - G_6e786d/h1_The story behind Doodles")): Object 'Object Repository/Page_The Story and Evolution of Doodles - G_6e786d/h1_The story behind Doodles' is visible

07-06-2024T14:11:21 - [MESSAGE][PASSED] - Object 'Object Repository/Page_The Story and Evolution of Doodles - G_6e786d/h1_The story behind Doodles' is visible

07-06-2024T14:11:21 - [TEST_STEP][PASSED] - verifyElementVisible(findTestObject("Object Repository/Page_The Story and Evolution of Doodles - G_6e786d/p_The first Doodle was a simple out-of-offi_345e61")): Object 'Object Repository/Page_The Story and Evolution of Doodles - G_6e786d/p_The first Doodle was a simple out-of-offi_345e61' is visible

07-06-2024T14:11:21 - [MESSAGE][PASSED] - Object 'Object Repository/Page_The Story and Evolution of Doodles - G_6e786d/p_The first Doodle was a simple out-of-offi_345e61' is visible

07-06-2024T14:11:21 - [TEST_STEP][PASSED] - verifyElementVisible(findTestObject("Object Repository/Page_The Story and Evolution of Doodles - G_6e786d/h2_Weve created more than 5,000 Doodles ove_111429")): Object 'Object Repository/Page_The Story and Evolution of Doodles - G_6e786d/h2_Weve created more than 5,000 Doodles ove_111429' is visible

07-06-2024T14:11:21 - [MESSAGE][PASSED] - Object 'Object Repository/Page_The Story and Evolution of Doodles - G_6e786d/h2_Weve created more than 5,000 Doodles ove_111429' is visible

07-06-2024T14:11:21 - [TEST_STEP][PASSED] - click(findTestObject("Object Repository/Page_The Story and Evolution of Doodles - G_6e786d/p_The first Doodle was a simple out-of-offi_345e61")): Object: 'Object Repository/Page_The Story and Evolution of Doodles - G_6e786d/p_The first Doodle was a simple out-of-offi_345e61' is clicked on

07-06-2024T14:11:21 - [MESSAGE][PASSED] - Object: 'Object Repository/Page_The Story and Evolution of Doodles - G_6e786d/p_The first Doodle was a simple out-of-offi_345e61' is clicked on

07-06-2024T14:11:21 - [TEST_STEP][PASSED] - verifyElementVisible(findTestObject("Object Repository/Page_The Story and Evolution of Doodles - G_6e786d/h1_The story behind Doodles")): Object 'Object Repository/Page_The Story and Evolution of Doodles - G_6e786d/h1_The story behind Doodles' is visible

07-06-2024T14:11:21 - [MESSAGE][PASSED] - Object 'Object Repository/Page_The Story and Evolution of Doodles - G_6e786d/h1_The story behind Doodles' is visible

07-06-2024T14:11:21 - [TEST_STEP][PASSED] - verifyElementVisible(findTestObject("Object Repository/Page_The Story and Evolution of Doodles - G_6e786d/p_The first Doodle was a simple out-of-offi_345e61")): Object 'Object Repository/Page_The Story and Evolution of Doodles - G_6e786d/p_The first Doodle was a simple out-of-offi_345e61' is visible

07-06-2024T14:11:21 - [MESSAGE][PASSED] - Object 'Object Repository/Page_The Story and Evolution of Doodles - G_6e786d/p_The first Doodle was a simple out-of-offi_345e61' is visible

07-06-2024T14:11:21 - [TEST_STEP][PASSED] - verifyElementVisible(findTestObject("Object Repository/Page_The Story and Evolution of Doodles - G_6e786d/h2_Weve created more than 5,000 Doodles ove_111429")): Object 'Object Repository/Page_The Story and Evolution of Doodles - G_6e786d/h2_Weve created more than 5,000 Doodles ove_111429' is visible

07-06-2024T14:11:21 - [MESSAGE][PASSED] - Object 'Object Repository/Page_The Story and Evolution of Doodles - G_6e786d/h2_Weve created more than 5,000 Doodles ove_111429' is visible

07-06-2024T14:11:21 - [TEST_STEP][PASSED] - click(findTestObject("Object Repository/Page_The Story and Evolution of Doodles - G_6e786d/p_The first Doodle was a simple out-of-offi_345e61")): Object: 'Object Repository/Page_The Story and Evolution of Doodles - G_6e786d/p_The first Doodle was a simple out-of-offi_345e61' is clicked on

07-06-2024T14:11:22 - [MESSAGE][PASSED] - Object: 'Object Repository/Page_The Story and Evolution of Doodles - G_6e786d/p_The first Doodle was a simple out-of-offi_345e61' is clicked on

07-06-2024T14:11:22 - [TEST_STEP][PASSED] - verifyElementVisible(findTestObject("Object Repository/Page_The Story and Evolution of Doodles - G_6e786d/h1_The story behind Doodles")): Object 'Object Repository/Page_The Story and Evolution of Doodles - G_6e786d/h1_The story behind Doodles' is visible

07-06-2024T14:11:22 - [MESSAGE][PASSED] - Object 'Object Repository/Page_The Story and Evolution of Doodles - G_6e786d/h1_The story behind Doodles' is visible

07-06-2024T14:11:22 - [TEST_STEP][PASSED] - verifyElementVisible(findTestObject("Object Repository/Page_The Story and Evolution of Doodles - G_6e786d/p_The first Doodle was a simple out-of-offi_345e61")): Object 'Object Repository/Page_The Story and Evolution of Doodles - G_6e786d/p_The first Doodle was a simple out-of-offi_345e61' is visible

07-06-2024T14:11:22 - [MESSAGE][PASSED] - Object 'Object Repository/Page_The Story and Evolution of Doodles - G_6e786d/p_The first Doodle was a simple out-of-offi_345e61' is visible

07-06-2024T14:11:22 - [TEST_STEP][PASSED] - verifyElementVisible(findTestObject("Object Repository/Page_The Story and Evolution of Doodles - G_6e786d/h2_Weve created more than 5,000 Doodles ove_111429")): Object 'Object Repository/Page_The Story and Evolution of Doodles - G_6e786d/h2_Weve created more than 5,000 Doodles ove_111429' is visible

07-06-2024T14:11:22 - [MESSAGE][PASSED] - Object 'Object Repository/Page_The Story and Evolution of Doodles - G_6e786d/h2_Weve created more than 5,000 Doodles ove_111429' is visible

07-06-2024T14:11:22 - [TEST_STEP][PASSED] - click(findTestObject("Object Repository/Page_The Story and Evolution of Doodles - G_6e786d/p_The first Doodle was a simple out-of-offi_345e61")): Object: 'Object Repository/Page_The Story and Evolution of Doodles - G_6e786d/p_The first Doodle was a simple out-of-offi_345e61' is clicked on

07-06-2024T14:11:22 - [MESSAGE][PASSED] - Object: 'Object Repository/Page_The Story and Evolution of Doodles - G_6e786d/p_The first Doodle was a simple out-of-offi_345e61' is clicked on

07-06-2024T14:11:22 - [TEST_STEP][PASSED] - verifyElementVisible(findTestObject("Object Repository/Page_The Story and Evolution of Doodles - G_6e786d/h1_The story behind Doodles")): Object 'Object Repository/Page_The Story and Evolution of Doodles - G_6e786d/h1_The story behind Doodles' is visible

07-06-2024T14:11:22 - [MESSAGE][PASSED] - Object 'Object Repository/Page_The Story and Evolution of Doodles - G_6e786d/h1_The story behind Doodles' is visible

07-06-2024T14:11:22 - [TEST_STEP][PASSED] - verifyElementVisible(findTestObject("Object Repository/Page_The Story and Evolution of Doodles - G_6e786d/p_The first Doodle was a simple out-of-offi_345e61")): Object 'Object Repository/Page_The Story and Evolution of Doodles - G_6e786d/p_The first Doodle was a simple out-of-offi_345e61' is visible

07-06-2024T14:11:22 - [MESSAGE][PASSED] - Object 'Object Repository/Page_The Story and Evolution of Doodles - G_6e786d/p_The first Doodle was a simple out-of-offi_345e61' is visible

07-06-2024T14:11:22 - [TEST_STEP][PASSED] - verifyElementVisible(findTestObject("Object Repository/Page_The Story and Evolution of Doodles - G_6e786d/h2_Weve created more than 5,000 Doodles ove_111429")): Object 'Object Repository/Page_The Story and Evolution of Doodles - G_6e786d/h2_Weve created more than 5,000 Doodles ove_111429' is visible

07-06-2024T14:11:22 - [MESSAGE][PASSED] - Object 'Object Repository/Page_The Story and Evolution of Doodles - G_6e786d/h2_Weve created more than 5,000 Doodles ove_111429' is visible

07-06-2024T14:11:22 - [TEST_STEP][PASSED] - click(findTestObject("Object Repository/Page_The Story and Evolution of Doodles - G_6e786d/p_The first Doodle was a simple out-of-offi_345e61")): Object: 'Object Repository/Page_The Story and Evolution of Doodles - G_6e786d/p_The first Doodle was a simple out-of-offi_345e61' is clicked on

07-06-2024T14:11:22 - [MESSAGE][PASSED] - Object: 'Object Repository/Page_The Story and Evolution of Doodles - G_6e786d/p_The first Doodle was a simple out-of-offi_345e61' is clicked on

07-06-2024T14:11:22 - [TEST_STEP][PASSED] - verifyElementVisible(findTestObject("Object Repository/Page_The Story and Evolution of Doodles - G_6e786d/h1_The story behind Doodles")): Object 'Object Repository/Page_The Story and Evolution of Doodles - G_6e786d/h1_The story behind Doodles' is visible

07-06-2024T14:11:22 - [MESSAGE][PASSED] - Object 'Object Repository/Page_The Story and Evolution of Doodles - G_6e786d/h1_The story behind Doodles' is visible

07-06-2024T14:11:22 - [TEST_STEP][PASSED] - verifyElementVisible(findTestObject("Object Repository/Page_The Story and Evolution of Doodles - G_6e786d/p_The first Doodle was a simple out-of-offi_345e61")): Object 'Object Repository/Page_The Story and Evolution of Doodles - G_6e786d/p_The first Doodle was a simple out-of-offi_345e61' is visible

07-06-2024T14:11:22 - [MESSAGE][PASSED] - Object 'Object Repository/Page_The Story and Evolution of Doodles - G_6e786d/p_The first Doodle was a simple out-of-offi_345e61' is visible

07-06-2024T14:11:22 - [TEST_STEP][PASSED] - verifyElementVisible(findTestObject("Object Repository/Page_The Story and Evolution of Doodles - G_6e786d/h2_Weve created more than 5,000 Doodles ove_111429")): Object 'Object Repository/Page_The Story and Evolution of Doodles - G_6e786d/h2_Weve created more than 5,000 Doodles ove_111429' is visible

07-06-2024T14:11:22 - [MESSAGE][PASSED] - Object 'Object Repository/Page_The Story and Evolution of Doodles - G_6e786d/h2_Weve created more than 5,000 Doodles ove_111429' is visible

07-06-2024T14:11:22 - [TEST_STEP][PASSED] - click(findTestObject("Object Repository/Page_The Story and Evolution of Doodles - G_6e786d/p_The first Doodle was a simple out-of-offi_345e61")): Object: 'Object Repository/Page_The Story and Evolution of Doodles - G_6e786d/p_The first Doodle was a simple out-of-offi_345e61' is clicked on

07-06-2024T14:11:23 - [MESSAGE][PASSED] - Object: 'Object Repository/Page_The Story and Evolution of Doodles - G_6e786d/p_The first Doodle was a simple out-of-offi_345e61' is clicked on

07-06-2024T14:11:23 - [TEST_STEP][PASSED] - verifyElementVisible(findTestObject("Object Repository/Page_The Story and Evolution of Doodles - G_6e786d/h1_The story behind Doodles")): Object 'Object Repository/Page_The Story and Evolution of Doodles - G_6e786d/h1_The story behind Doodles' is visible

07-06-2024T14:11:23 - [MESSAGE][PASSED] - Object 'Object Repository/Page_The Story and Evolution of Doodles - G_6e786d/h1_The story behind Doodles' is visible

07-06-2024T14:11:23 - [TEST_STEP][PASSED] - verifyElementVisible(findTestObject("Object Repository/Page_The Story and Evolution of Doodles - G_6e786d/p_The first Doodle was a simple out-of-offi_345e61")): Object 'Object Repository/Page_The Story and Evolution of Doodles - G_6e786d/p_The first Doodle was a simple out-of-offi_345e61' is visible

07-06-2024T14:11:23 - [MESSAGE][PASSED] - Object 'Object Repository/Page_The Story and Evolution of Doodles - G_6e786d/p_The first Doodle was a simple out-of-offi_345e61' is visible

07-06-2024T14:11:23 - [TEST_STEP][PASSED] - verifyElementVisible(findTestObject("Object Repository/Page_The Story and Evolution of Doodles - G_6e786d/h2_Weve created more than 5,000 Doodles ove_111429")): Object 'Object Repository/Page_The Story and Evolution of Doodles - G_6e786d/h2_Weve created more than 5,000 Doodles ove_111429' is visible

07-06-2024T14:11:23 - [MESSAGE][PASSED] - Object 'Object Repository/Page_The Story and Evolution of Doodles - G_6e786d/h2_Weve created more than 5,000 Doodles ove_111429' is visible

07-06-2024T14:11:23 - [TEST_STEP][PASSED] - click(findTestObject("Object Repository/Page_The Story and Evolution of Doodles - G_6e786d/p_The first Doodle was a simple out-of-offi_345e61")): Object: 'Object Repository/Page_The Story and Evolution of Doodles - G_6e786d/p_The first Doodle was a simple out-of-offi_345e61' is clicked on

07-06-2024T14:11:23 - [MESSAGE][PASSED] - Object: 'Object Repository/Page_The Story and Evolution of Doodles - G_6e786d/p_The first Doodle was a simple out-of-offi_345e61' is clicked on

07-06-2024T14:11:23 - [TEST_STEP][PASSED] - verifyElementVisible(findTestObject("Object Repository/Page_The Story and Evolution of Doodles - G_6e786d/h1_The story behind Doodles")): Object 'Object Repository/Page_The Story and Evolution of Doodles - G_6e786d/h1_The story behind Doodles' is visible

07-06-2024T14:11:23 - [MESSAGE][PASSED] - Object 'Object Repository/Page_The Story and Evolution of Doodles - G_6e786d/h1_The story behind Doodles' is visible

07-06-2024T14:11:23 - [TEST_STEP][PASSED] - verifyElementVisible(findTestObject("Object Repository/Page_The Story and Evolution of Doodles - G_6e786d/p_The first Doodle was a simple out-of-offi_345e61")): Object 'Object Repository/Page_The Story and Evolution of Doodles - G_6e786d/p_The first Doodle was a simple out-of-offi_345e61' is visible

07-06-2024T14:11:23 - [MESSAGE][PASSED] - Object 'Object Repository/Page_The Story and Evolution of Doodles - G_6e786d/p_The first Doodle was a simple out-of-offi_345e61' is visible

07-06-2024T14:11:23 - [TEST_STEP][PASSED] - verifyElementVisible(findTestObject("Object Repository/Page_The Story and Evolution of Doodles - G_6e786d/h2_Weve created more than 5,000 Doodles ove_111429")): Object 'Object Repository/Page_The Story and Evolution of Doodles - G_6e786d/h2_Weve created more than 5,000 Doodles ove_111429' is visible

07-06-2024T14:11:23 - [MESSAGE][PASSED] - Object 'Object Repository/Page_The Story and Evolution of Doodles - G_6e786d/h2_Weve created more than 5,000 Doodles ove_111429' is visible

07-06-2024T14:11:23 - [TEST_STEP][PASSED] - click(findTestObject("Object Repository/Page_The Story and Evolution of Doodles - G_6e786d/p_The first Doodle was a simple out-of-offi_345e61")): Object: 'Object Repository/Page_The Story and Evolution of Doodles - G_6e786d/p_The first Doodle was a simple out-of-offi_345e61' is clicked on

07-06-2024T14:11:23 - [MESSAGE][PASSED] - Object: 'Object Repository/Page_The Story and Evolution of Doodles - G_6e786d/p_The first Doodle was a simple out-of-offi_345e61' is clicked on

07-06-2024T14:11:23 - [TEST_STEP][PASSED] - verifyElementVisible(findTestObject("Object Repository/Page_The Story and Evolution of Doodles - G_6e786d/h1_The story behind Doodles")): Object 'Object Repository/Page_The Story and Evolution of Doodles - G_6e786d/h1_The story behind Doodles' is visible

07-06-2024T14:11:23 - [MESSAGE][PASSED] - Object 'Object Repository/Page_The Story and Evolution of Doodles - G_6e786d/h1_The story behind Doodles' is visible

07-06-2024T14:11:23 - [TEST_STEP][PASSED] - verifyElementVisible(findTestObject("Object Repository/Page_The Story and Evolution of Doodles - G_6e786d/p_The first Doodle was a simple out-of-offi_345e61")): Object 'Object Repository/Page_The Story and Evolution of Doodles - G_6e786d/p_The first Doodle was a simple out-of-offi_345e61' is visible

07-06-2024T14:11:23 - [MESSAGE][PASSED] - Object 'Object Repository/Page_The Story and Evolution of Doodles - G_6e786d/p_The first Doodle was a simple out-of-offi_345e61' is visible

07-06-2024T14:11:23 - [TEST_STEP][PASSED] - verifyElementVisible(findTestObject("Object Repository/Page_The Story and Evolution of Doodles - G_6e786d/h2_Weve created more than 5,000 Doodles ove_111429")): Object 'Object Repository/Page_The Story and Evolution of Doodles - G_6e786d/h2_Weve created more than 5,000 Doodles ove_111429' is visible

07-06-2024T14:11:23 - [MESSAGE][PASSED] - Object 'Object Repository/Page_The Story and Evolution of Doodles - G_6e786d/h2_Weve created more than 5,000 Doodles ove_111429' is visible]]></system-out>
         <system-err><![CDATA[]]></system-err>
      </testcase>
      <testcase name="Test Cases/test case folder 1/tc1 - Copy (6) - Copy" time="8.962" classname="Test Cases/test case folder 1/tc1 - Copy (6) - Copy" status="PASSED">
         <system-out><![CDATA[07-06-2024T14:11:23 - [TEST_CASE][PASSED] - Test Cases/test case folder 1/tc1 - Copy (6) - Copy: Test Cases/test case folder 1/tc1 - Copy (6) - Copy

07-06-2024T14:11:23 - [TEST_STEP][PASSED] - openBrowser(""): Browser is opened with url: ''

07-06-2024T14:11:23 - [MESSAGE][WARNING] - A browser is already opened. Closing browser and opening a new one

07-06-2024T14:11:24 - [MESSAGE][INFO] - Starting 'Firefox (headless)' driver

07-06-2024T14:11:24 - [MESSAGE][INFO] - Action delay is set to 0 milliseconds

07-06-2024T14:11:27 - [MESSAGE][PASSED] - Browser is opened with url: ''

07-06-2024T14:11:27 - [TEST_STEP][PASSED] - navigateToUrl("https://doodles.google/about/"): Navigate to 'https://doodles.google/about/' successfully

07-06-2024T14:11:28 - [MESSAGE][PASSED] - Navigate to 'https://doodles.google/about/' successfully

07-06-2024T14:11:28 - [TEST_STEP][PASSED] - click(findTestObject("Object Repository/Page_The Story and Evolution of Doodles - G_6e786d/p_The first Doodle was a simple out-of-offi_345e61")): Object: 'Object Repository/Page_The Story and Evolution of Doodles - G_6e786d/p_The first Doodle was a simple out-of-offi_345e61' is clicked on

07-06-2024T14:11:29 - [MESSAGE][PASSED] - Object: 'Object Repository/Page_The Story and Evolution of Doodles - G_6e786d/p_The first Doodle was a simple out-of-offi_345e61' is clicked on

07-06-2024T14:11:29 - [TEST_STEP][PASSED] - click(findTestObject("Object Repository/Page_The Story and Evolution of Doodles - G_6e786d/p_The first Doodle was a simple out-of-offi_345e61")): Object: 'Object Repository/Page_The Story and Evolution of Doodles - G_6e786d/p_The first Doodle was a simple out-of-offi_345e61' is clicked on

07-06-2024T14:11:29 - [MESSAGE][PASSED] - Object: 'Object Repository/Page_The Story and Evolution of Doodles - G_6e786d/p_The first Doodle was a simple out-of-offi_345e61' is clicked on

07-06-2024T14:11:29 - [TEST_STEP][PASSED] - verifyElementVisible(findTestObject("Object Repository/Page_The Story and Evolution of Doodles - G_6e786d/h1_The story behind Doodles")): Object 'Object Repository/Page_The Story and Evolution of Doodles - G_6e786d/h1_The story behind Doodles' is visible

07-06-2024T14:11:29 - [MESSAGE][PASSED] - Object 'Object Repository/Page_The Story and Evolution of Doodles - G_6e786d/h1_The story behind Doodles' is visible

07-06-2024T14:11:29 - [TEST_STEP][PASSED] - verifyElementVisible(findTestObject("Object Repository/Page_The Story and Evolution of Doodles - G_6e786d/p_The first Doodle was a simple out-of-offi_345e61")): Object 'Object Repository/Page_The Story and Evolution of Doodles - G_6e786d/p_The first Doodle was a simple out-of-offi_345e61' is visible

07-06-2024T14:11:29 - [MESSAGE][PASSED] - Object 'Object Repository/Page_The Story and Evolution of Doodles - G_6e786d/p_The first Doodle was a simple out-of-offi_345e61' is visible

07-06-2024T14:11:29 - [TEST_STEP][PASSED] - verifyElementVisible(findTestObject("Object Repository/Page_The Story and Evolution of Doodles - G_6e786d/h2_Weve created more than 5,000 Doodles ove_111429")): Object 'Object Repository/Page_The Story and Evolution of Doodles - G_6e786d/h2_Weve created more than 5,000 Doodles ove_111429' is visible

07-06-2024T14:11:29 - [MESSAGE][PASSED] - Object 'Object Repository/Page_The Story and Evolution of Doodles - G_6e786d/h2_Weve created more than 5,000 Doodles ove_111429' is visible

07-06-2024T14:11:29 - [TEST_STEP][PASSED] - verifyElementVisible(findTestObject("Object Repository/Page_The Story and Evolution of Doodles - G_6e786d/h1_The story behind Doodles")): Object 'Object Repository/Page_The Story and Evolution of Doodles - G_6e786d/h1_The story behind Doodles' is visible

07-06-2024T14:11:29 - [MESSAGE][PASSED] - Object 'Object Repository/Page_The Story and Evolution of Doodles - G_6e786d/h1_The story behind Doodles' is visible

07-06-2024T14:11:29 - [TEST_STEP][PASSED] - verifyElementVisible(findTestObject("Object Repository/Page_The Story and Evolution of Doodles - G_6e786d/p_The first Doodle was a simple out-of-offi_345e61")): Object 'Object Repository/Page_The Story and Evolution of Doodles - G_6e786d/p_The first Doodle was a simple out-of-offi_345e61' is visible

07-06-2024T14:11:29 - [MESSAGE][PASSED] - Object 'Object Repository/Page_The Story and Evolution of Doodles - G_6e786d/p_The first Doodle was a simple out-of-offi_345e61' is visible

07-06-2024T14:11:29 - [TEST_STEP][PASSED] - verifyElementVisible(findTestObject("Object Repository/Page_The Story and Evolution of Doodles - G_6e786d/h2_Weve created more than 5,000 Doodles ove_111429")): Object 'Object Repository/Page_The Story and Evolution of Doodles - G_6e786d/h2_Weve created more than 5,000 Doodles ove_111429' is visible

07-06-2024T14:11:29 - [MESSAGE][PASSED] - Object 'Object Repository/Page_The Story and Evolution of Doodles - G_6e786d/h2_Weve created more than 5,000 Doodles ove_111429' is visible

07-06-2024T14:11:29 - [TEST_STEP][PASSED] - click(findTestObject("Object Repository/Page_The Story and Evolution of Doodles - G_6e786d/p_The first Doodle was a simple out-of-offi_345e61")): Object: 'Object Repository/Page_The Story and Evolution of Doodles - G_6e786d/p_The first Doodle was a simple out-of-offi_345e61' is clicked on

07-06-2024T14:11:29 - [MESSAGE][PASSED] - Object: 'Object Repository/Page_The Story and Evolution of Doodles - G_6e786d/p_The first Doodle was a simple out-of-offi_345e61' is clicked on

07-06-2024T14:11:29 - [TEST_STEP][PASSED] - verifyElementVisible(findTestObject("Object Repository/Page_The Story and Evolution of Doodles - G_6e786d/h1_The story behind Doodles")): Object 'Object Repository/Page_The Story and Evolution of Doodles - G_6e786d/h1_The story behind Doodles' is visible

07-06-2024T14:11:29 - [MESSAGE][PASSED] - Object 'Object Repository/Page_The Story and Evolution of Doodles - G_6e786d/h1_The story behind Doodles' is visible

07-06-2024T14:11:29 - [TEST_STEP][PASSED] - verifyElementVisible(findTestObject("Object Repository/Page_The Story and Evolution of Doodles - G_6e786d/p_The first Doodle was a simple out-of-offi_345e61")): Object 'Object Repository/Page_The Story and Evolution of Doodles - G_6e786d/p_The first Doodle was a simple out-of-offi_345e61' is visible

07-06-2024T14:11:29 - [MESSAGE][PASSED] - Object 'Object Repository/Page_The Story and Evolution of Doodles - G_6e786d/p_The first Doodle was a simple out-of-offi_345e61' is visible

07-06-2024T14:11:29 - [TEST_STEP][PASSED] - verifyElementVisible(findTestObject("Object Repository/Page_The Story and Evolution of Doodles - G_6e786d/h2_Weve created more than 5,000 Doodles ove_111429")): Object 'Object Repository/Page_The Story and Evolution of Doodles - G_6e786d/h2_Weve created more than 5,000 Doodles ove_111429' is visible

07-06-2024T14:11:30 - [MESSAGE][PASSED] - Object 'Object Repository/Page_The Story and Evolution of Doodles - G_6e786d/h2_Weve created more than 5,000 Doodles ove_111429' is visible

07-06-2024T14:11:30 - [TEST_STEP][PASSED] - click(findTestObject("Object Repository/Page_The Story and Evolution of Doodles - G_6e786d/p_The first Doodle was a simple out-of-offi_345e61")): Object: 'Object Repository/Page_The Story and Evolution of Doodles - G_6e786d/p_The first Doodle was a simple out-of-offi_345e61' is clicked on

07-06-2024T14:11:30 - [MESSAGE][PASSED] - Object: 'Object Repository/Page_The Story and Evolution of Doodles - G_6e786d/p_The first Doodle was a simple out-of-offi_345e61' is clicked on

07-06-2024T14:11:30 - [TEST_STEP][PASSED] - verifyElementVisible(findTestObject("Object Repository/Page_The Story and Evolution of Doodles - G_6e786d/h1_The story behind Doodles")): Object 'Object Repository/Page_The Story and Evolution of Doodles - G_6e786d/h1_The story behind Doodles' is visible

07-06-2024T14:11:30 - [MESSAGE][PASSED] - Object 'Object Repository/Page_The Story and Evolution of Doodles - G_6e786d/h1_The story behind Doodles' is visible

07-06-2024T14:11:30 - [TEST_STEP][PASSED] - verifyElementVisible(findTestObject("Object Repository/Page_The Story and Evolution of Doodles - G_6e786d/p_The first Doodle was a simple out-of-offi_345e61")): Object 'Object Repository/Page_The Story and Evolution of Doodles - G_6e786d/p_The first Doodle was a simple out-of-offi_345e61' is visible

07-06-2024T14:11:30 - [MESSAGE][PASSED] - Object 'Object Repository/Page_The Story and Evolution of Doodles - G_6e786d/p_The first Doodle was a simple out-of-offi_345e61' is visible

07-06-2024T14:11:30 - [TEST_STEP][PASSED] - verifyElementVisible(findTestObject("Object Repository/Page_The Story and Evolution of Doodles - G_6e786d/h2_Weve created more than 5,000 Doodles ove_111429")): Object 'Object Repository/Page_The Story and Evolution of Doodles - G_6e786d/h2_Weve created more than 5,000 Doodles ove_111429' is visible

07-06-2024T14:11:30 - [MESSAGE][PASSED] - Object 'Object Repository/Page_The Story and Evolution of Doodles - G_6e786d/h2_Weve created more than 5,000 Doodles ove_111429' is visible

07-06-2024T14:11:30 - [TEST_STEP][PASSED] - click(findTestObject("Object Repository/Page_The Story and Evolution of Doodles - G_6e786d/p_The first Doodle was a simple out-of-offi_345e61")): Object: 'Object Repository/Page_The Story and Evolution of Doodles - G_6e786d/p_The first Doodle was a simple out-of-offi_345e61' is clicked on

07-06-2024T14:11:30 - [MESSAGE][PASSED] - Object: 'Object Repository/Page_The Story and Evolution of Doodles - G_6e786d/p_The first Doodle was a simple out-of-offi_345e61' is clicked on

07-06-2024T14:11:30 - [TEST_STEP][PASSED] - verifyElementVisible(findTestObject("Object Repository/Page_The Story and Evolution of Doodles - G_6e786d/h1_The story behind Doodles")): Object 'Object Repository/Page_The Story and Evolution of Doodles - G_6e786d/h1_The story behind Doodles' is visible

07-06-2024T14:11:30 - [MESSAGE][PASSED] - Object 'Object Repository/Page_The Story and Evolution of Doodles - G_6e786d/h1_The story behind Doodles' is visible

07-06-2024T14:11:30 - [TEST_STEP][PASSED] - verifyElementVisible(findTestObject("Object Repository/Page_The Story and Evolution of Doodles - G_6e786d/p_The first Doodle was a simple out-of-offi_345e61")): Object 'Object Repository/Page_The Story and Evolution of Doodles - G_6e786d/p_The first Doodle was a simple out-of-offi_345e61' is visible

07-06-2024T14:11:30 - [MESSAGE][PASSED] - Object 'Object Repository/Page_The Story and Evolution of Doodles - G_6e786d/p_The first Doodle was a simple out-of-offi_345e61' is visible

07-06-2024T14:11:30 - [TEST_STEP][PASSED] - verifyElementVisible(findTestObject("Object Repository/Page_The Story and Evolution of Doodles - G_6e786d/h2_Weve created more than 5,000 Doodles ove_111429")): Object 'Object Repository/Page_The Story and Evolution of Doodles - G_6e786d/h2_Weve created more than 5,000 Doodles ove_111429' is visible

07-06-2024T14:11:30 - [MESSAGE][PASSED] - Object 'Object Repository/Page_The Story and Evolution of Doodles - G_6e786d/h2_Weve created more than 5,000 Doodles ove_111429' is visible

07-06-2024T14:11:30 - [TEST_STEP][PASSED] - click(findTestObject("Object Repository/Page_The Story and Evolution of Doodles - G_6e786d/p_The first Doodle was a simple out-of-offi_345e61")): Object: 'Object Repository/Page_The Story and Evolution of Doodles - G_6e786d/p_The first Doodle was a simple out-of-offi_345e61' is clicked on

07-06-2024T14:11:30 - [MESSAGE][PASSED] - Object: 'Object Repository/Page_The Story and Evolution of Doodles - G_6e786d/p_The first Doodle was a simple out-of-offi_345e61' is clicked on

07-06-2024T14:11:31 - [TEST_STEP][PASSED] - verifyElementVisible(findTestObject("Object Repository/Page_The Story and Evolution of Doodles - G_6e786d/h1_The story behind Doodles")): Object 'Object Repository/Page_The Story and Evolution of Doodles - G_6e786d/h1_The story behind Doodles' is visible

07-06-2024T14:11:31 - [MESSAGE][PASSED] - Object 'Object Repository/Page_The Story and Evolution of Doodles - G_6e786d/h1_The story behind Doodles' is visible

07-06-2024T14:11:31 - [TEST_STEP][PASSED] - verifyElementVisible(findTestObject("Object Repository/Page_The Story and Evolution of Doodles - G_6e786d/p_The first Doodle was a simple out-of-offi_345e61")): Object 'Object Repository/Page_The Story and Evolution of Doodles - G_6e786d/p_The first Doodle was a simple out-of-offi_345e61' is visible

07-06-2024T14:11:31 - [MESSAGE][PASSED] - Object 'Object Repository/Page_The Story and Evolution of Doodles - G_6e786d/p_The first Doodle was a simple out-of-offi_345e61' is visible

07-06-2024T14:11:31 - [TEST_STEP][PASSED] - verifyElementVisible(findTestObject("Object Repository/Page_The Story and Evolution of Doodles - G_6e786d/h2_Weve created more than 5,000 Doodles ove_111429")): Object 'Object Repository/Page_The Story and Evolution of Doodles - G_6e786d/h2_Weve created more than 5,000 Doodles ove_111429' is visible

07-06-2024T14:11:31 - [MESSAGE][PASSED] - Object 'Object Repository/Page_The Story and Evolution of Doodles - G_6e786d/h2_Weve created more than 5,000 Doodles ove_111429' is visible

07-06-2024T14:11:31 - [TEST_STEP][PASSED] - click(findTestObject("Object Repository/Page_The Story and Evolution of Doodles - G_6e786d/p_The first Doodle was a simple out-of-offi_345e61")): Object: 'Object Repository/Page_The Story and Evolution of Doodles - G_6e786d/p_The first Doodle was a simple out-of-offi_345e61' is clicked on

07-06-2024T14:11:31 - [MESSAGE][PASSED] - Object: 'Object Repository/Page_The Story and Evolution of Doodles - G_6e786d/p_The first Doodle was a simple out-of-offi_345e61' is clicked on

07-06-2024T14:11:31 - [TEST_STEP][PASSED] - verifyElementVisible(findTestObject("Object Repository/Page_The Story and Evolution of Doodles - G_6e786d/h1_The story behind Doodles")): Object 'Object Repository/Page_The Story and Evolution of Doodles - G_6e786d/h1_The story behind Doodles' is visible

07-06-2024T14:11:31 - [MESSAGE][PASSED] - Object 'Object Repository/Page_The Story and Evolution of Doodles - G_6e786d/h1_The story behind Doodles' is visible

07-06-2024T14:11:31 - [TEST_STEP][PASSED] - verifyElementVisible(findTestObject("Object Repository/Page_The Story and Evolution of Doodles - G_6e786d/p_The first Doodle was a simple out-of-offi_345e61")): Object 'Object Repository/Page_The Story and Evolution of Doodles - G_6e786d/p_The first Doodle was a simple out-of-offi_345e61' is visible

07-06-2024T14:11:31 - [MESSAGE][PASSED] - Object 'Object Repository/Page_The Story and Evolution of Doodles - G_6e786d/p_The first Doodle was a simple out-of-offi_345e61' is visible

07-06-2024T14:11:31 - [TEST_STEP][PASSED] - verifyElementVisible(findTestObject("Object Repository/Page_The Story and Evolution of Doodles - G_6e786d/h2_Weve created more than 5,000 Doodles ove_111429")): Object 'Object Repository/Page_The Story and Evolution of Doodles - G_6e786d/h2_Weve created more than 5,000 Doodles ove_111429' is visible

07-06-2024T14:11:31 - [MESSAGE][PASSED] - Object 'Object Repository/Page_The Story and Evolution of Doodles - G_6e786d/h2_Weve created more than 5,000 Doodles ove_111429' is visible

07-06-2024T14:11:31 - [TEST_STEP][PASSED] - click(findTestObject("Object Repository/Page_The Story and Evolution of Doodles - G_6e786d/p_The first Doodle was a simple out-of-offi_345e61")): Object: 'Object Repository/Page_The Story and Evolution of Doodles - G_6e786d/p_The first Doodle was a simple out-of-offi_345e61' is clicked on

07-06-2024T14:11:31 - [MESSAGE][PASSED] - Object: 'Object Repository/Page_The Story and Evolution of Doodles - G_6e786d/p_The first Doodle was a simple out-of-offi_345e61' is clicked on

07-06-2024T14:11:31 - [TEST_STEP][PASSED] - verifyElementVisible(findTestObject("Object Repository/Page_The Story and Evolution of Doodles - G_6e786d/h1_The story behind Doodles")): Object 'Object Repository/Page_The Story and Evolution of Doodles - G_6e786d/h1_The story behind Doodles' is visible

07-06-2024T14:11:31 - [MESSAGE][PASSED] - Object 'Object Repository/Page_The Story and Evolution of Doodles - G_6e786d/h1_The story behind Doodles' is visible

07-06-2024T14:11:31 - [TEST_STEP][PASSED] - verifyElementVisible(findTestObject("Object Repository/Page_The Story and Evolution of Doodles - G_6e786d/p_The first Doodle was a simple out-of-offi_345e61")): Object 'Object Repository/Page_The Story and Evolution of Doodles - G_6e786d/p_The first Doodle was a simple out-of-offi_345e61' is visible

07-06-2024T14:11:31 - [MESSAGE][PASSED] - Object 'Object Repository/Page_The Story and Evolution of Doodles - G_6e786d/p_The first Doodle was a simple out-of-offi_345e61' is visible

07-06-2024T14:11:31 - [TEST_STEP][PASSED] - verifyElementVisible(findTestObject("Object Repository/Page_The Story and Evolution of Doodles - G_6e786d/h2_Weve created more than 5,000 Doodles ove_111429")): Object 'Object Repository/Page_The Story and Evolution of Doodles - G_6e786d/h2_Weve created more than 5,000 Doodles ove_111429' is visible

07-06-2024T14:11:31 - [MESSAGE][PASSED] - Object 'Object Repository/Page_The Story and Evolution of Doodles - G_6e786d/h2_Weve created more than 5,000 Doodles ove_111429' is visible

07-06-2024T14:11:31 - [TEST_STEP][PASSED] - click(findTestObject("Object Repository/Page_The Story and Evolution of Doodles - G_6e786d/p_The first Doodle was a simple out-of-offi_345e61")): Object: 'Object Repository/Page_The Story and Evolution of Doodles - G_6e786d/p_The first Doodle was a simple out-of-offi_345e61' is clicked on

07-06-2024T14:11:31 - [MESSAGE][PASSED] - Object: 'Object Repository/Page_The Story and Evolution of Doodles - G_6e786d/p_The first Doodle was a simple out-of-offi_345e61' is clicked on

07-06-2024T14:11:31 - [TEST_STEP][PASSED] - verifyElementVisible(findTestObject("Object Repository/Page_The Story and Evolution of Doodles - G_6e786d/h1_The story behind Doodles")): Object 'Object Repository/Page_The Story and Evolution of Doodles - G_6e786d/h1_The story behind Doodles' is visible

07-06-2024T14:11:32 - [MESSAGE][PASSED] - Object 'Object Repository/Page_The Story and Evolution of Doodles - G_6e786d/h1_The story behind Doodles' is visible

07-06-2024T14:11:32 - [TEST_STEP][PASSED] - verifyElementVisible(findTestObject("Object Repository/Page_The Story and Evolution of Doodles - G_6e786d/p_The first Doodle was a simple out-of-offi_345e61")): Object 'Object Repository/Page_The Story and Evolution of Doodles - G_6e786d/p_The first Doodle was a simple out-of-offi_345e61' is visible

07-06-2024T14:11:32 - [MESSAGE][PASSED] - Object 'Object Repository/Page_The Story and Evolution of Doodles - G_6e786d/p_The first Doodle was a simple out-of-offi_345e61' is visible

07-06-2024T14:11:32 - [TEST_STEP][PASSED] - verifyElementVisible(findTestObject("Object Repository/Page_The Story and Evolution of Doodles - G_6e786d/h2_Weve created more than 5,000 Doodles ove_111429")): Object 'Object Repository/Page_The Story and Evolution of Doodles - G_6e786d/h2_Weve created more than 5,000 Doodles ove_111429' is visible

07-06-2024T14:11:32 - [MESSAGE][PASSED] - Object 'Object Repository/Page_The Story and Evolution of Doodles - G_6e786d/h2_Weve created more than 5,000 Doodles ove_111429' is visible

07-06-2024T14:11:32 - [TEST_STEP][PASSED] - click(findTestObject("Object Repository/Page_The Story and Evolution of Doodles - G_6e786d/p_The first Doodle was a simple out-of-offi_345e61")): Object: 'Object Repository/Page_The Story and Evolution of Doodles - G_6e786d/p_The first Doodle was a simple out-of-offi_345e61' is clicked on

07-06-2024T14:11:32 - [MESSAGE][PASSED] - Object: 'Object Repository/Page_The Story and Evolution of Doodles - G_6e786d/p_The first Doodle was a simple out-of-offi_345e61' is clicked on

07-06-2024T14:11:32 - [TEST_STEP][PASSED] - verifyElementVisible(findTestObject("Object Repository/Page_The Story and Evolution of Doodles - G_6e786d/h1_The story behind Doodles")): Object 'Object Repository/Page_The Story and Evolution of Doodles - G_6e786d/h1_The story behind Doodles' is visible

07-06-2024T14:11:32 - [MESSAGE][PASSED] - Object 'Object Repository/Page_The Story and Evolution of Doodles - G_6e786d/h1_The story behind Doodles' is visible

07-06-2024T14:11:32 - [TEST_STEP][PASSED] - verifyElementVisible(findTestObject("Object Repository/Page_The Story and Evolution of Doodles - G_6e786d/p_The first Doodle was a simple out-of-offi_345e61")): Object 'Object Repository/Page_The Story and Evolution of Doodles - G_6e786d/p_The first Doodle was a simple out-of-offi_345e61' is visible

07-06-2024T14:11:32 - [MESSAGE][PASSED] - Object 'Object Repository/Page_The Story and Evolution of Doodles - G_6e786d/p_The first Doodle was a simple out-of-offi_345e61' is visible

07-06-2024T14:11:32 - [TEST_STEP][PASSED] - verifyElementVisible(findTestObject("Object Repository/Page_The Story and Evolution of Doodles - G_6e786d/h2_Weve created more than 5,000 Doodles ove_111429")): Object 'Object Repository/Page_The Story and Evolution of Doodles - G_6e786d/h2_Weve created more than 5,000 Doodles ove_111429' is visible

07-06-2024T14:11:32 - [MESSAGE][PASSED] - Object 'Object Repository/Page_The Story and Evolution of Doodles - G_6e786d/h2_Weve created more than 5,000 Doodles ove_111429' is visible

07-06-2024T14:11:32 - [TEST_STEP][PASSED] - click(findTestObject("Object Repository/Page_The Story and Evolution of Doodles - G_6e786d/p_The first Doodle was a simple out-of-offi_345e61")): Object: 'Object Repository/Page_The Story and Evolution of Doodles - G_6e786d/p_The first Doodle was a simple out-of-offi_345e61' is clicked on

07-06-2024T14:11:32 - [MESSAGE][PASSED] - Object: 'Object Repository/Page_The Story and Evolution of Doodles - G_6e786d/p_The first Doodle was a simple out-of-offi_345e61' is clicked on

07-06-2024T14:11:32 - [TEST_STEP][PASSED] - verifyElementVisible(findTestObject("Object Repository/Page_The Story and Evolution of Doodles - G_6e786d/h1_The story behind Doodles")): Object 'Object Repository/Page_The Story and Evolution of Doodles - G_6e786d/h1_The story behind Doodles' is visible

07-06-2024T14:11:32 - [MESSAGE][PASSED] - Object 'Object Repository/Page_The Story and Evolution of Doodles - G_6e786d/h1_The story behind Doodles' is visible

07-06-2024T14:11:32 - [TEST_STEP][PASSED] - verifyElementVisible(findTestObject("Object Repository/Page_The Story and Evolution of Doodles - G_6e786d/p_The first Doodle was a simple out-of-offi_345e61")): Object 'Object Repository/Page_The Story and Evolution of Doodles - G_6e786d/p_The first Doodle was a simple out-of-offi_345e61' is visible

07-06-2024T14:11:32 - [MESSAGE][PASSED] - Object 'Object Repository/Page_The Story and Evolution of Doodles - G_6e786d/p_The first Doodle was a simple out-of-offi_345e61' is visible

07-06-2024T14:11:32 - [TEST_STEP][PASSED] - verifyElementVisible(findTestObject("Object Repository/Page_The Story and Evolution of Doodles - G_6e786d/h2_Weve created more than 5,000 Doodles ove_111429")): Object 'Object Repository/Page_The Story and Evolution of Doodles - G_6e786d/h2_Weve created more than 5,000 Doodles ove_111429' is visible

07-06-2024T14:11:32 - [MESSAGE][PASSED] - Object 'Object Repository/Page_The Story and Evolution of Doodles - G_6e786d/h2_Weve created more than 5,000 Doodles ove_111429' is visible]]></system-out>
         <system-err><![CDATA[]]></system-err>
      </testcase>
      <testcase name="Test Cases/test case folder 1/tc1 - Copy (7) - Copy (1)" time="8.42" classname="Test Cases/test case folder 1/tc1 - Copy (7) - Copy (1)" status="PASSED">
         <system-out><![CDATA[07-06-2024T14:11:32 - [TEST_CASE][PASSED] - Test Cases/test case folder 1/tc1 - Copy (7) - Copy (1): Test Cases/test case folder 1/tc1 - Copy (7) - Copy (1)

07-06-2024T14:11:32 - [TEST_STEP][PASSED] - openBrowser(""): Browser is opened with url: ''

07-06-2024T14:11:32 - [MESSAGE][WARNING] - A browser is already opened. Closing browser and opening a new one

07-06-2024T14:11:33 - [MESSAGE][INFO] - Starting 'Firefox (headless)' driver

07-06-2024T14:11:33 - [MESSAGE][INFO] - Action delay is set to 0 milliseconds

07-06-2024T14:11:35 - [MESSAGE][PASSED] - Browser is opened with url: ''

07-06-2024T14:11:35 - [TEST_STEP][PASSED] - navigateToUrl("https://doodles.google/about/"): Navigate to 'https://doodles.google/about/' successfully

07-06-2024T14:11:37 - [MESSAGE][PASSED] - Navigate to 'https://doodles.google/about/' successfully

07-06-2024T14:11:37 - [TEST_STEP][PASSED] - click(findTestObject("Object Repository/Page_The Story and Evolution of Doodles - G_6e786d/p_The first Doodle was a simple out-of-offi_345e61")): Object: 'Object Repository/Page_The Story and Evolution of Doodles - G_6e786d/p_The first Doodle was a simple out-of-offi_345e61' is clicked on

07-06-2024T14:11:37 - [MESSAGE][PASSED] - Object: 'Object Repository/Page_The Story and Evolution of Doodles - G_6e786d/p_The first Doodle was a simple out-of-offi_345e61' is clicked on

07-06-2024T14:11:37 - [TEST_STEP][PASSED] - click(findTestObject("Object Repository/Page_The Story and Evolution of Doodles - G_6e786d/p_The first Doodle was a simple out-of-offi_345e61")): Object: 'Object Repository/Page_The Story and Evolution of Doodles - G_6e786d/p_The first Doodle was a simple out-of-offi_345e61' is clicked on

07-06-2024T14:11:37 - [MESSAGE][PASSED] - Object: 'Object Repository/Page_The Story and Evolution of Doodles - G_6e786d/p_The first Doodle was a simple out-of-offi_345e61' is clicked on

07-06-2024T14:11:37 - [TEST_STEP][PASSED] - verifyElementVisible(findTestObject("Object Repository/Page_The Story and Evolution of Doodles - G_6e786d/h1_The story behind Doodles")): Object 'Object Repository/Page_The Story and Evolution of Doodles - G_6e786d/h1_The story behind Doodles' is visible

07-06-2024T14:11:38 - [MESSAGE][PASSED] - Object 'Object Repository/Page_The Story and Evolution of Doodles - G_6e786d/h1_The story behind Doodles' is visible

07-06-2024T14:11:38 - [TEST_STEP][PASSED] - verifyElementVisible(findTestObject("Object Repository/Page_The Story and Evolution of Doodles - G_6e786d/p_The first Doodle was a simple out-of-offi_345e61")): Object 'Object Repository/Page_The Story and Evolution of Doodles - G_6e786d/p_The first Doodle was a simple out-of-offi_345e61' is visible

07-06-2024T14:11:38 - [MESSAGE][PASSED] - Object 'Object Repository/Page_The Story and Evolution of Doodles - G_6e786d/p_The first Doodle was a simple out-of-offi_345e61' is visible

07-06-2024T14:11:38 - [TEST_STEP][PASSED] - verifyElementVisible(findTestObject("Object Repository/Page_The Story and Evolution of Doodles - G_6e786d/h2_Weve created more than 5,000 Doodles ove_111429")): Object 'Object Repository/Page_The Story and Evolution of Doodles - G_6e786d/h2_Weve created more than 5,000 Doodles ove_111429' is visible

07-06-2024T14:11:38 - [MESSAGE][PASSED] - Object 'Object Repository/Page_The Story and Evolution of Doodles - G_6e786d/h2_Weve created more than 5,000 Doodles ove_111429' is visible

07-06-2024T14:11:38 - [TEST_STEP][PASSED] - verifyElementVisible(findTestObject("Object Repository/Page_The Story and Evolution of Doodles - G_6e786d/h1_The story behind Doodles")): Object 'Object Repository/Page_The Story and Evolution of Doodles - G_6e786d/h1_The story behind Doodles' is visible

07-06-2024T14:11:38 - [MESSAGE][PASSED] - Object 'Object Repository/Page_The Story and Evolution of Doodles - G_6e786d/h1_The story behind Doodles' is visible

07-06-2024T14:11:38 - [TEST_STEP][PASSED] - verifyElementVisible(findTestObject("Object Repository/Page_The Story and Evolution of Doodles - G_6e786d/p_The first Doodle was a simple out-of-offi_345e61")): Object 'Object Repository/Page_The Story and Evolution of Doodles - G_6e786d/p_The first Doodle was a simple out-of-offi_345e61' is visible

07-06-2024T14:11:38 - [MESSAGE][PASSED] - Object 'Object Repository/Page_The Story and Evolution of Doodles - G_6e786d/p_The first Doodle was a simple out-of-offi_345e61' is visible

07-06-2024T14:11:38 - [TEST_STEP][PASSED] - verifyElementVisible(findTestObject("Object Repository/Page_The Story and Evolution of Doodles - G_6e786d/h2_Weve created more than 5,000 Doodles ove_111429")): Object 'Object Repository/Page_The Story and Evolution of Doodles - G_6e786d/h2_Weve created more than 5,000 Doodles ove_111429' is visible

07-06-2024T14:11:38 - [MESSAGE][PASSED] - Object 'Object Repository/Page_The Story and Evolution of Doodles - G_6e786d/h2_Weve created more than 5,000 Doodles ove_111429' is visible

07-06-2024T14:11:38 - [TEST_STEP][PASSED] - click(findTestObject("Object Repository/Page_The Story and Evolution of Doodles - G_6e786d/p_The first Doodle was a simple out-of-offi_345e61")): Object: 'Object Repository/Page_The Story and Evolution of Doodles - G_6e786d/p_The first Doodle was a simple out-of-offi_345e61' is clicked on

07-06-2024T14:11:38 - [MESSAGE][PASSED] - Object: 'Object Repository/Page_The Story and Evolution of Doodles - G_6e786d/p_The first Doodle was a simple out-of-offi_345e61' is clicked on

07-06-2024T14:11:38 - [TEST_STEP][PASSED] - verifyElementVisible(findTestObject("Object Repository/Page_The Story and Evolution of Doodles - G_6e786d/h1_The story behind Doodles")): Object 'Object Repository/Page_The Story and Evolution of Doodles - G_6e786d/h1_The story behind Doodles' is visible

07-06-2024T14:11:38 - [MESSAGE][PASSED] - Object 'Object Repository/Page_The Story and Evolution of Doodles - G_6e786d/h1_The story behind Doodles' is visible

07-06-2024T14:11:38 - [TEST_STEP][PASSED] - verifyElementVisible(findTestObject("Object Repository/Page_The Story and Evolution of Doodles - G_6e786d/p_The first Doodle was a simple out-of-offi_345e61")): Object 'Object Repository/Page_The Story and Evolution of Doodles - G_6e786d/p_The first Doodle was a simple out-of-offi_345e61' is visible

07-06-2024T14:11:38 - [MESSAGE][PASSED] - Object 'Object Repository/Page_The Story and Evolution of Doodles - G_6e786d/p_The first Doodle was a simple out-of-offi_345e61' is visible

07-06-2024T14:11:38 - [TEST_STEP][PASSED] - verifyElementVisible(findTestObject("Object Repository/Page_The Story and Evolution of Doodles - G_6e786d/h2_Weve created more than 5,000 Doodles ove_111429")): Object 'Object Repository/Page_The Story and Evolution of Doodles - G_6e786d/h2_Weve created more than 5,000 Doodles ove_111429' is visible

07-06-2024T14:11:38 - [MESSAGE][PASSED] - Object 'Object Repository/Page_The Story and Evolution of Doodles - G_6e786d/h2_Weve created more than 5,000 Doodles ove_111429' is visible

07-06-2024T14:11:38 - [TEST_STEP][PASSED] - click(findTestObject("Object Repository/Page_The Story and Evolution of Doodles - G_6e786d/p_The first Doodle was a simple out-of-offi_345e61")): Object: 'Object Repository/Page_The Story and Evolution of Doodles - G_6e786d/p_The first Doodle was a simple out-of-offi_345e61' is clicked on

07-06-2024T14:11:38 - [MESSAGE][PASSED] - Object: 'Object Repository/Page_The Story and Evolution of Doodles - G_6e786d/p_The first Doodle was a simple out-of-offi_345e61' is clicked on

07-06-2024T14:11:38 - [TEST_STEP][PASSED] - verifyElementVisible(findTestObject("Object Repository/Page_The Story and Evolution of Doodles - G_6e786d/h1_The story behind Doodles")): Object 'Object Repository/Page_The Story and Evolution of Doodles - G_6e786d/h1_The story behind Doodles' is visible

07-06-2024T14:11:38 - [MESSAGE][PASSED] - Object 'Object Repository/Page_The Story and Evolution of Doodles - G_6e786d/h1_The story behind Doodles' is visible

07-06-2024T14:11:38 - [TEST_STEP][PASSED] - verifyElementVisible(findTestObject("Object Repository/Page_The Story and Evolution of Doodles - G_6e786d/p_The first Doodle was a simple out-of-offi_345e61")): Object 'Object Repository/Page_The Story and Evolution of Doodles - G_6e786d/p_The first Doodle was a simple out-of-offi_345e61' is visible

07-06-2024T14:11:38 - [MESSAGE][PASSED] - Object 'Object Repository/Page_The Story and Evolution of Doodles - G_6e786d/p_The first Doodle was a simple out-of-offi_345e61' is visible

07-06-2024T14:11:38 - [TEST_STEP][PASSED] - verifyElementVisible(findTestObject("Object Repository/Page_The Story and Evolution of Doodles - G_6e786d/h2_Weve created more than 5,000 Doodles ove_111429")): Object 'Object Repository/Page_The Story and Evolution of Doodles - G_6e786d/h2_Weve created more than 5,000 Doodles ove_111429' is visible

07-06-2024T14:11:38 - [MESSAGE][PASSED] - Object 'Object Repository/Page_The Story and Evolution of Doodles - G_6e786d/h2_Weve created more than 5,000 Doodles ove_111429' is visible

07-06-2024T14:11:38 - [TEST_STEP][PASSED] - click(findTestObject("Object Repository/Page_The Story and Evolution of Doodles - G_6e786d/p_The first Doodle was a simple out-of-offi_345e61")): Object: 'Object Repository/Page_The Story and Evolution of Doodles - G_6e786d/p_The first Doodle was a simple out-of-offi_345e61' is clicked on

07-06-2024T14:11:39 - [MESSAGE][PASSED] - Object: 'Object Repository/Page_The Story and Evolution of Doodles - G_6e786d/p_The first Doodle was a simple out-of-offi_345e61' is clicked on

07-06-2024T14:11:39 - [TEST_STEP][PASSED] - verifyElementVisible(findTestObject("Object Repository/Page_The Story and Evolution of Doodles - G_6e786d/h1_The story behind Doodles")): Object 'Object Repository/Page_The Story and Evolution of Doodles - G_6e786d/h1_The story behind Doodles' is visible

07-06-2024T14:11:39 - [MESSAGE][PASSED] - Object 'Object Repository/Page_The Story and Evolution of Doodles - G_6e786d/h1_The story behind Doodles' is visible

07-06-2024T14:11:39 - [TEST_STEP][PASSED] - verifyElementVisible(findTestObject("Object Repository/Page_The Story and Evolution of Doodles - G_6e786d/p_The first Doodle was a simple out-of-offi_345e61")): Object 'Object Repository/Page_The Story and Evolution of Doodles - G_6e786d/p_The first Doodle was a simple out-of-offi_345e61' is visible

07-06-2024T14:11:39 - [MESSAGE][PASSED] - Object 'Object Repository/Page_The Story and Evolution of Doodles - G_6e786d/p_The first Doodle was a simple out-of-offi_345e61' is visible

07-06-2024T14:11:39 - [TEST_STEP][PASSED] - verifyElementVisible(findTestObject("Object Repository/Page_The Story and Evolution of Doodles - G_6e786d/h2_Weve created more than 5,000 Doodles ove_111429")): Object 'Object Repository/Page_The Story and Evolution of Doodles - G_6e786d/h2_Weve created more than 5,000 Doodles ove_111429' is visible

07-06-2024T14:11:39 - [MESSAGE][PASSED] - Object 'Object Repository/Page_The Story and Evolution of Doodles - G_6e786d/h2_Weve created more than 5,000 Doodles ove_111429' is visible

07-06-2024T14:11:39 - [TEST_STEP][PASSED] - click(findTestObject("Object Repository/Page_The Story and Evolution of Doodles - G_6e786d/p_The first Doodle was a simple out-of-offi_345e61")): Object: 'Object Repository/Page_The Story and Evolution of Doodles - G_6e786d/p_The first Doodle was a simple out-of-offi_345e61' is clicked on

07-06-2024T14:11:39 - [MESSAGE][PASSED] - Object: 'Object Repository/Page_The Story and Evolution of Doodles - G_6e786d/p_The first Doodle was a simple out-of-offi_345e61' is clicked on

07-06-2024T14:11:39 - [TEST_STEP][PASSED] - verifyElementVisible(findTestObject("Object Repository/Page_The Story and Evolution of Doodles - G_6e786d/h1_The story behind Doodles")): Object 'Object Repository/Page_The Story and Evolution of Doodles - G_6e786d/h1_The story behind Doodles' is visible

07-06-2024T14:11:39 - [MESSAGE][PASSED] - Object 'Object Repository/Page_The Story and Evolution of Doodles - G_6e786d/h1_The story behind Doodles' is visible

07-06-2024T14:11:39 - [TEST_STEP][PASSED] - verifyElementVisible(findTestObject("Object Repository/Page_The Story and Evolution of Doodles - G_6e786d/p_The first Doodle was a simple out-of-offi_345e61")): Object 'Object Repository/Page_The Story and Evolution of Doodles - G_6e786d/p_The first Doodle was a simple out-of-offi_345e61' is visible

07-06-2024T14:11:39 - [MESSAGE][PASSED] - Object 'Object Repository/Page_The Story and Evolution of Doodles - G_6e786d/p_The first Doodle was a simple out-of-offi_345e61' is visible

07-06-2024T14:11:39 - [TEST_STEP][PASSED] - verifyElementVisible(findTestObject("Object Repository/Page_The Story and Evolution of Doodles - G_6e786d/h2_Weve created more than 5,000 Doodles ove_111429")): Object 'Object Repository/Page_The Story and Evolution of Doodles - G_6e786d/h2_Weve created more than 5,000 Doodles ove_111429' is visible

07-06-2024T14:11:39 - [MESSAGE][PASSED] - Object 'Object Repository/Page_The Story and Evolution of Doodles - G_6e786d/h2_Weve created more than 5,000 Doodles ove_111429' is visible

07-06-2024T14:11:39 - [TEST_STEP][PASSED] - click(findTestObject("Object Repository/Page_The Story and Evolution of Doodles - G_6e786d/p_The first Doodle was a simple out-of-offi_345e61")): Object: 'Object Repository/Page_The Story and Evolution of Doodles - G_6e786d/p_The first Doodle was a simple out-of-offi_345e61' is clicked on

07-06-2024T14:11:39 - [MESSAGE][PASSED] - Object: 'Object Repository/Page_The Story and Evolution of Doodles - G_6e786d/p_The first Doodle was a simple out-of-offi_345e61' is clicked on

07-06-2024T14:11:39 - [TEST_STEP][PASSED] - verifyElementVisible(findTestObject("Object Repository/Page_The Story and Evolution of Doodles - G_6e786d/h1_The story behind Doodles")): Object 'Object Repository/Page_The Story and Evolution of Doodles - G_6e786d/h1_The story behind Doodles' is visible

07-06-2024T14:11:39 - [MESSAGE][PASSED] - Object 'Object Repository/Page_The Story and Evolution of Doodles - G_6e786d/h1_The story behind Doodles' is visible

07-06-2024T14:11:39 - [TEST_STEP][PASSED] - verifyElementVisible(findTestObject("Object Repository/Page_The Story and Evolution of Doodles - G_6e786d/p_The first Doodle was a simple out-of-offi_345e61")): Object 'Object Repository/Page_The Story and Evolution of Doodles - G_6e786d/p_The first Doodle was a simple out-of-offi_345e61' is visible

07-06-2024T14:11:39 - [MESSAGE][PASSED] - Object 'Object Repository/Page_The Story and Evolution of Doodles - G_6e786d/p_The first Doodle was a simple out-of-offi_345e61' is visible

07-06-2024T14:11:39 - [TEST_STEP][PASSED] - verifyElementVisible(findTestObject("Object Repository/Page_The Story and Evolution of Doodles - G_6e786d/h2_Weve created more than 5,000 Doodles ove_111429")): Object 'Object Repository/Page_The Story and Evolution of Doodles - G_6e786d/h2_Weve created more than 5,000 Doodles ove_111429' is visible

07-06-2024T14:11:39 - [MESSAGE][PASSED] - Object 'Object Repository/Page_The Story and Evolution of Doodles - G_6e786d/h2_Weve created more than 5,000 Doodles ove_111429' is visible

07-06-2024T14:11:39 - [TEST_STEP][PASSED] - click(findTestObject("Object Repository/Page_The Story and Evolution of Doodles - G_6e786d/p_The first Doodle was a simple out-of-offi_345e61")): Object: 'Object Repository/Page_The Story and Evolution of Doodles - G_6e786d/p_The first Doodle was a simple out-of-offi_345e61' is clicked on

07-06-2024T14:11:40 - [MESSAGE][PASSED] - Object: 'Object Repository/Page_The Story and Evolution of Doodles - G_6e786d/p_The first Doodle was a simple out-of-offi_345e61' is clicked on

07-06-2024T14:11:40 - [TEST_STEP][PASSED] - verifyElementVisible(findTestObject("Object Repository/Page_The Story and Evolution of Doodles - G_6e786d/h1_The story behind Doodles")): Object 'Object Repository/Page_The Story and Evolution of Doodles - G_6e786d/h1_The story behind Doodles' is visible

07-06-2024T14:11:40 - [MESSAGE][PASSED] - Object 'Object Repository/Page_The Story and Evolution of Doodles - G_6e786d/h1_The story behind Doodles' is visible

07-06-2024T14:11:40 - [TEST_STEP][PASSED] - verifyElementVisible(findTestObject("Object Repository/Page_The Story and Evolution of Doodles - G_6e786d/p_The first Doodle was a simple out-of-offi_345e61")): Object 'Object Repository/Page_The Story and Evolution of Doodles - G_6e786d/p_The first Doodle was a simple out-of-offi_345e61' is visible

07-06-2024T14:11:40 - [MESSAGE][PASSED] - Object 'Object Repository/Page_The Story and Evolution of Doodles - G_6e786d/p_The first Doodle was a simple out-of-offi_345e61' is visible

07-06-2024T14:11:40 - [TEST_STEP][PASSED] - verifyElementVisible(findTestObject("Object Repository/Page_The Story and Evolution of Doodles - G_6e786d/h2_Weve created more than 5,000 Doodles ove_111429")): Object 'Object Repository/Page_The Story and Evolution of Doodles - G_6e786d/h2_Weve created more than 5,000 Doodles ove_111429' is visible

07-06-2024T14:11:40 - [MESSAGE][PASSED] - Object 'Object Repository/Page_The Story and Evolution of Doodles - G_6e786d/h2_Weve created more than 5,000 Doodles ove_111429' is visible

07-06-2024T14:11:40 - [TEST_STEP][PASSED] - click(findTestObject("Object Repository/Page_The Story and Evolution of Doodles - G_6e786d/p_The first Doodle was a simple out-of-offi_345e61")): Object: 'Object Repository/Page_The Story and Evolution of Doodles - G_6e786d/p_The first Doodle was a simple out-of-offi_345e61' is clicked on

07-06-2024T14:11:40 - [MESSAGE][PASSED] - Object: 'Object Repository/Page_The Story and Evolution of Doodles - G_6e786d/p_The first Doodle was a simple out-of-offi_345e61' is clicked on

07-06-2024T14:11:40 - [TEST_STEP][PASSED] - verifyElementVisible(findTestObject("Object Repository/Page_The Story and Evolution of Doodles - G_6e786d/h1_The story behind Doodles")): Object 'Object Repository/Page_The Story and Evolution of Doodles - G_6e786d/h1_The story behind Doodles' is visible

07-06-2024T14:11:40 - [MESSAGE][PASSED] - Object 'Object Repository/Page_The Story and Evolution of Doodles - G_6e786d/h1_The story behind Doodles' is visible

07-06-2024T14:11:40 - [TEST_STEP][PASSED] - verifyElementVisible(findTestObject("Object Repository/Page_The Story and Evolution of Doodles - G_6e786d/p_The first Doodle was a simple out-of-offi_345e61")): Object 'Object Repository/Page_The Story and Evolution of Doodles - G_6e786d/p_The first Doodle was a simple out-of-offi_345e61' is visible

07-06-2024T14:11:40 - [MESSAGE][PASSED] - Object 'Object Repository/Page_The Story and Evolution of Doodles - G_6e786d/p_The first Doodle was a simple out-of-offi_345e61' is visible

07-06-2024T14:11:40 - [TEST_STEP][PASSED] - verifyElementVisible(findTestObject("Object Repository/Page_The Story and Evolution of Doodles - G_6e786d/h2_Weve created more than 5,000 Doodles ove_111429")): Object 'Object Repository/Page_The Story and Evolution of Doodles - G_6e786d/h2_Weve created more than 5,000 Doodles ove_111429' is visible

07-06-2024T14:11:40 - [MESSAGE][PASSED] - Object 'Object Repository/Page_The Story and Evolution of Doodles - G_6e786d/h2_Weve created more than 5,000 Doodles ove_111429' is visible

07-06-2024T14:11:40 - [TEST_STEP][PASSED] - click(findTestObject("Object Repository/Page_The Story and Evolution of Doodles - G_6e786d/p_The first Doodle was a simple out-of-offi_345e61")): Object: 'Object Repository/Page_The Story and Evolution of Doodles - G_6e786d/p_The first Doodle was a simple out-of-offi_345e61' is clicked on

07-06-2024T14:11:40 - [MESSAGE][PASSED] - Object: 'Object Repository/Page_The Story and Evolution of Doodles - G_6e786d/p_The first Doodle was a simple out-of-offi_345e61' is clicked on

07-06-2024T14:11:40 - [TEST_STEP][PASSED] - verifyElementVisible(findTestObject("Object Repository/Page_The Story and Evolution of Doodles - G_6e786d/h1_The story behind Doodles")): Object 'Object Repository/Page_The Story and Evolution of Doodles - G_6e786d/h1_The story behind Doodles' is visible

07-06-2024T14:11:40 - [MESSAGE][PASSED] - Object 'Object Repository/Page_The Story and Evolution of Doodles - G_6e786d/h1_The story behind Doodles' is visible

07-06-2024T14:11:40 - [TEST_STEP][PASSED] - verifyElementVisible(findTestObject("Object Repository/Page_The Story and Evolution of Doodles - G_6e786d/p_The first Doodle was a simple out-of-offi_345e61")): Object 'Object Repository/Page_The Story and Evolution of Doodles - G_6e786d/p_The first Doodle was a simple out-of-offi_345e61' is visible

07-06-2024T14:11:40 - [MESSAGE][PASSED] - Object 'Object Repository/Page_The Story and Evolution of Doodles - G_6e786d/p_The first Doodle was a simple out-of-offi_345e61' is visible

07-06-2024T14:11:40 - [TEST_STEP][PASSED] - verifyElementVisible(findTestObject("Object Repository/Page_The Story and Evolution of Doodles - G_6e786d/h2_Weve created more than 5,000 Doodles ove_111429")): Object 'Object Repository/Page_The Story and Evolution of Doodles - G_6e786d/h2_Weve created more than 5,000 Doodles ove_111429' is visible

07-06-2024T14:11:40 - [MESSAGE][PASSED] - Object 'Object Repository/Page_The Story and Evolution of Doodles - G_6e786d/h2_Weve created more than 5,000 Doodles ove_111429' is visible

07-06-2024T14:11:40 - [TEST_STEP][PASSED] - click(findTestObject("Object Repository/Page_The Story and Evolution of Doodles - G_6e786d/p_The first Doodle was a simple out-of-offi_345e61")): Object: 'Object Repository/Page_The Story and Evolution of Doodles - G_6e786d/p_The first Doodle was a simple out-of-offi_345e61' is clicked on

07-06-2024T14:11:41 - [MESSAGE][PASSED] - Object: 'Object Repository/Page_The Story and Evolution of Doodles - G_6e786d/p_The first Doodle was a simple out-of-offi_345e61' is clicked on

07-06-2024T14:11:41 - [TEST_STEP][PASSED] - verifyElementVisible(findTestObject("Object Repository/Page_The Story and Evolution of Doodles - G_6e786d/h1_The story behind Doodles")): Object 'Object Repository/Page_The Story and Evolution of Doodles - G_6e786d/h1_The story behind Doodles' is visible

07-06-2024T14:11:41 - [MESSAGE][PASSED] - Object 'Object Repository/Page_The Story and Evolution of Doodles - G_6e786d/h1_The story behind Doodles' is visible

07-06-2024T14:11:41 - [TEST_STEP][PASSED] - verifyElementVisible(findTestObject("Object Repository/Page_The Story and Evolution of Doodles - G_6e786d/p_The first Doodle was a simple out-of-offi_345e61")): Object 'Object Repository/Page_The Story and Evolution of Doodles - G_6e786d/p_The first Doodle was a simple out-of-offi_345e61' is visible

07-06-2024T14:11:41 - [MESSAGE][PASSED] - Object 'Object Repository/Page_The Story and Evolution of Doodles - G_6e786d/p_The first Doodle was a simple out-of-offi_345e61' is visible

07-06-2024T14:11:41 - [TEST_STEP][PASSED] - verifyElementVisible(findTestObject("Object Repository/Page_The Story and Evolution of Doodles - G_6e786d/h2_Weve created more than 5,000 Doodles ove_111429")): Object 'Object Repository/Page_The Story and Evolution of Doodles - G_6e786d/h2_Weve created more than 5,000 Doodles ove_111429' is visible

07-06-2024T14:11:41 - [MESSAGE][PASSED] - Object 'Object Repository/Page_The Story and Evolution of Doodles - G_6e786d/h2_Weve created more than 5,000 Doodles ove_111429' is visible]]></system-out>
         <system-err><![CDATA[]]></system-err>
      </testcase>
      <testcase name="Test Cases/test case folder 1/tc1 - Copy (7) - Copy (2)" time="8.399" classname="Test Cases/test case folder 1/tc1 - Copy (7) - Copy (2)" status="PASSED">
         <system-out><![CDATA[07-06-2024T14:11:41 - [TEST_CASE][PASSED] - Test Cases/test case folder 1/tc1 - Copy (7) - Copy (2): Test Cases/test case folder 1/tc1 - Copy (7) - Copy (2)

07-06-2024T14:11:41 - [TEST_STEP][PASSED] - openBrowser(""): Browser is opened with url: ''

07-06-2024T14:11:41 - [MESSAGE][WARNING] - A browser is already opened. Closing browser and opening a new one

07-06-2024T14:11:42 - [MESSAGE][INFO] - Starting 'Firefox (headless)' driver

07-06-2024T14:11:42 - [MESSAGE][INFO] - Action delay is set to 0 milliseconds

07-06-2024T14:11:44 - [MESSAGE][PASSED] - Browser is opened with url: ''

07-06-2024T14:11:44 - [TEST_STEP][PASSED] - navigateToUrl("https://doodles.google/about/"): Navigate to 'https://doodles.google/about/' successfully

07-06-2024T14:11:45 - [MESSAGE][PASSED] - Navigate to 'https://doodles.google/about/' successfully

07-06-2024T14:11:45 - [TEST_STEP][PASSED] - click(findTestObject("Object Repository/Page_The Story and Evolution of Doodles - G_6e786d/p_The first Doodle was a simple out-of-offi_345e61")): Object: 'Object Repository/Page_The Story and Evolution of Doodles - G_6e786d/p_The first Doodle was a simple out-of-offi_345e61' is clicked on

07-06-2024T14:11:46 - [MESSAGE][PASSED] - Object: 'Object Repository/Page_The Story and Evolution of Doodles - G_6e786d/p_The first Doodle was a simple out-of-offi_345e61' is clicked on

07-06-2024T14:11:46 - [TEST_STEP][PASSED] - click(findTestObject("Object Repository/Page_The Story and Evolution of Doodles - G_6e786d/p_The first Doodle was a simple out-of-offi_345e61")): Object: 'Object Repository/Page_The Story and Evolution of Doodles - G_6e786d/p_The first Doodle was a simple out-of-offi_345e61' is clicked on

07-06-2024T14:11:46 - [MESSAGE][PASSED] - Object: 'Object Repository/Page_The Story and Evolution of Doodles - G_6e786d/p_The first Doodle was a simple out-of-offi_345e61' is clicked on

07-06-2024T14:11:46 - [TEST_STEP][PASSED] - verifyElementVisible(findTestObject("Object Repository/Page_The Story and Evolution of Doodles - G_6e786d/h1_The story behind Doodles")): Object 'Object Repository/Page_The Story and Evolution of Doodles - G_6e786d/h1_The story behind Doodles' is visible

07-06-2024T14:11:46 - [MESSAGE][PASSED] - Object 'Object Repository/Page_The Story and Evolution of Doodles - G_6e786d/h1_The story behind Doodles' is visible

07-06-2024T14:11:46 - [TEST_STEP][PASSED] - verifyElementVisible(findTestObject("Object Repository/Page_The Story and Evolution of Doodles - G_6e786d/p_The first Doodle was a simple out-of-offi_345e61")): Object 'Object Repository/Page_The Story and Evolution of Doodles - G_6e786d/p_The first Doodle was a simple out-of-offi_345e61' is visible

07-06-2024T14:11:46 - [MESSAGE][PASSED] - Object 'Object Repository/Page_The Story and Evolution of Doodles - G_6e786d/p_The first Doodle was a simple out-of-offi_345e61' is visible

07-06-2024T14:11:46 - [TEST_STEP][PASSED] - verifyElementVisible(findTestObject("Object Repository/Page_The Story and Evolution of Doodles - G_6e786d/h2_Weve created more than 5,000 Doodles ove_111429")): Object 'Object Repository/Page_The Story and Evolution of Doodles - G_6e786d/h2_Weve created more than 5,000 Doodles ove_111429' is visible

07-06-2024T14:11:46 - [MESSAGE][PASSED] - Object 'Object Repository/Page_The Story and Evolution of Doodles - G_6e786d/h2_Weve created more than 5,000 Doodles ove_111429' is visible

07-06-2024T14:11:46 - [TEST_STEP][PASSED] - verifyElementVisible(findTestObject("Object Repository/Page_The Story and Evolution of Doodles - G_6e786d/h1_The story behind Doodles")): Object 'Object Repository/Page_The Story and Evolution of Doodles - G_6e786d/h1_The story behind Doodles' is visible

07-06-2024T14:11:46 - [MESSAGE][PASSED] - Object 'Object Repository/Page_The Story and Evolution of Doodles - G_6e786d/h1_The story behind Doodles' is visible

07-06-2024T14:11:46 - [TEST_STEP][PASSED] - verifyElementVisible(findTestObject("Object Repository/Page_The Story and Evolution of Doodles - G_6e786d/p_The first Doodle was a simple out-of-offi_345e61")): Object 'Object Repository/Page_The Story and Evolution of Doodles - G_6e786d/p_The first Doodle was a simple out-of-offi_345e61' is visible

07-06-2024T14:11:46 - [MESSAGE][PASSED] - Object 'Object Repository/Page_The Story and Evolution of Doodles - G_6e786d/p_The first Doodle was a simple out-of-offi_345e61' is visible

07-06-2024T14:11:46 - [TEST_STEP][PASSED] - verifyElementVisible(findTestObject("Object Repository/Page_The Story and Evolution of Doodles - G_6e786d/h2_Weve created more than 5,000 Doodles ove_111429")): Object 'Object Repository/Page_The Story and Evolution of Doodles - G_6e786d/h2_Weve created more than 5,000 Doodles ove_111429' is visible

07-06-2024T14:11:46 - [MESSAGE][PASSED] - Object 'Object Repository/Page_The Story and Evolution of Doodles - G_6e786d/h2_Weve created more than 5,000 Doodles ove_111429' is visible

07-06-2024T14:11:46 - [TEST_STEP][PASSED] - click(findTestObject("Object Repository/Page_The Story and Evolution of Doodles - G_6e786d/p_The first Doodle was a simple out-of-offi_345e61")): Object: 'Object Repository/Page_The Story and Evolution of Doodles - G_6e786d/p_The first Doodle was a simple out-of-offi_345e61' is clicked on

07-06-2024T14:11:46 - [MESSAGE][PASSED] - Object: 'Object Repository/Page_The Story and Evolution of Doodles - G_6e786d/p_The first Doodle was a simple out-of-offi_345e61' is clicked on

07-06-2024T14:11:46 - [TEST_STEP][PASSED] - verifyElementVisible(findTestObject("Object Repository/Page_The Story and Evolution of Doodles - G_6e786d/h1_The story behind Doodles")): Object 'Object Repository/Page_The Story and Evolution of Doodles - G_6e786d/h1_The story behind Doodles' is visible

07-06-2024T14:11:46 - [MESSAGE][PASSED] - Object 'Object Repository/Page_The Story and Evolution of Doodles - G_6e786d/h1_The story behind Doodles' is visible

07-06-2024T14:11:46 - [TEST_STEP][PASSED] - verifyElementVisible(findTestObject("Object Repository/Page_The Story and Evolution of Doodles - G_6e786d/p_The first Doodle was a simple out-of-offi_345e61")): Object 'Object Repository/Page_The Story and Evolution of Doodles - G_6e786d/p_The first Doodle was a simple out-of-offi_345e61' is visible

07-06-2024T14:11:46 - [MESSAGE][PASSED] - Object 'Object Repository/Page_The Story and Evolution of Doodles - G_6e786d/p_The first Doodle was a simple out-of-offi_345e61' is visible

07-06-2024T14:11:46 - [TEST_STEP][PASSED] - verifyElementVisible(findTestObject("Object Repository/Page_The Story and Evolution of Doodles - G_6e786d/h2_Weve created more than 5,000 Doodles ove_111429")): Object 'Object Repository/Page_The Story and Evolution of Doodles - G_6e786d/h2_Weve created more than 5,000 Doodles ove_111429' is visible

07-06-2024T14:11:46 - [MESSAGE][PASSED] - Object 'Object Repository/Page_The Story and Evolution of Doodles - G_6e786d/h2_Weve created more than 5,000 Doodles ove_111429' is visible

07-06-2024T14:11:46 - [TEST_STEP][PASSED] - click(findTestObject("Object Repository/Page_The Story and Evolution of Doodles - G_6e786d/p_The first Doodle was a simple out-of-offi_345e61")): Object: 'Object Repository/Page_The Story and Evolution of Doodles - G_6e786d/p_The first Doodle was a simple out-of-offi_345e61' is clicked on

07-06-2024T14:11:47 - [MESSAGE][PASSED] - Object: 'Object Repository/Page_The Story and Evolution of Doodles - G_6e786d/p_The first Doodle was a simple out-of-offi_345e61' is clicked on

07-06-2024T14:11:47 - [TEST_STEP][PASSED] - verifyElementVisible(findTestObject("Object Repository/Page_The Story and Evolution of Doodles - G_6e786d/h1_The story behind Doodles")): Object 'Object Repository/Page_The Story and Evolution of Doodles - G_6e786d/h1_The story behind Doodles' is visible

07-06-2024T14:11:47 - [MESSAGE][PASSED] - Object 'Object Repository/Page_The Story and Evolution of Doodles - G_6e786d/h1_The story behind Doodles' is visible

07-06-2024T14:11:47 - [TEST_STEP][PASSED] - verifyElementVisible(findTestObject("Object Repository/Page_The Story and Evolution of Doodles - G_6e786d/p_The first Doodle was a simple out-of-offi_345e61")): Object 'Object Repository/Page_The Story and Evolution of Doodles - G_6e786d/p_The first Doodle was a simple out-of-offi_345e61' is visible

07-06-2024T14:11:47 - [MESSAGE][PASSED] - Object 'Object Repository/Page_The Story and Evolution of Doodles - G_6e786d/p_The first Doodle was a simple out-of-offi_345e61' is visible

07-06-2024T14:11:47 - [TEST_STEP][PASSED] - verifyElementVisible(findTestObject("Object Repository/Page_The Story and Evolution of Doodles - G_6e786d/h2_Weve created more than 5,000 Doodles ove_111429")): Object 'Object Repository/Page_The Story and Evolution of Doodles - G_6e786d/h2_Weve created more than 5,000 Doodles ove_111429' is visible

07-06-2024T14:11:47 - [MESSAGE][PASSED] - Object 'Object Repository/Page_The Story and Evolution of Doodles - G_6e786d/h2_Weve created more than 5,000 Doodles ove_111429' is visible

07-06-2024T14:11:47 - [TEST_STEP][PASSED] - click(findTestObject("Object Repository/Page_The Story and Evolution of Doodles - G_6e786d/p_The first Doodle was a simple out-of-offi_345e61")): Object: 'Object Repository/Page_The Story and Evolution of Doodles - G_6e786d/p_The first Doodle was a simple out-of-offi_345e61' is clicked on

07-06-2024T14:11:47 - [MESSAGE][PASSED] - Object: 'Object Repository/Page_The Story and Evolution of Doodles - G_6e786d/p_The first Doodle was a simple out-of-offi_345e61' is clicked on

07-06-2024T14:11:47 - [TEST_STEP][PASSED] - verifyElementVisible(findTestObject("Object Repository/Page_The Story and Evolution of Doodles - G_6e786d/h1_The story behind Doodles")): Object 'Object Repository/Page_The Story and Evolution of Doodles - G_6e786d/h1_The story behind Doodles' is visible

07-06-2024T14:11:47 - [MESSAGE][PASSED] - Object 'Object Repository/Page_The Story and Evolution of Doodles - G_6e786d/h1_The story behind Doodles' is visible

07-06-2024T14:11:47 - [TEST_STEP][PASSED] - verifyElementVisible(findTestObject("Object Repository/Page_The Story and Evolution of Doodles - G_6e786d/p_The first Doodle was a simple out-of-offi_345e61")): Object 'Object Repository/Page_The Story and Evolution of Doodles - G_6e786d/p_The first Doodle was a simple out-of-offi_345e61' is visible

07-06-2024T14:11:47 - [MESSAGE][PASSED] - Object 'Object Repository/Page_The Story and Evolution of Doodles - G_6e786d/p_The first Doodle was a simple out-of-offi_345e61' is visible

07-06-2024T14:11:47 - [TEST_STEP][PASSED] - verifyElementVisible(findTestObject("Object Repository/Page_The Story and Evolution of Doodles - G_6e786d/h2_Weve created more than 5,000 Doodles ove_111429")): Object 'Object Repository/Page_The Story and Evolution of Doodles - G_6e786d/h2_Weve created more than 5,000 Doodles ove_111429' is visible

07-06-2024T14:11:47 - [MESSAGE][PASSED] - Object 'Object Repository/Page_The Story and Evolution of Doodles - G_6e786d/h2_Weve created more than 5,000 Doodles ove_111429' is visible

07-06-2024T14:11:47 - [TEST_STEP][PASSED] - click(findTestObject("Object Repository/Page_The Story and Evolution of Doodles - G_6e786d/p_The first Doodle was a simple out-of-offi_345e61")): Object: 'Object Repository/Page_The Story and Evolution of Doodles - G_6e786d/p_The first Doodle was a simple out-of-offi_345e61' is clicked on

07-06-2024T14:11:47 - [MESSAGE][PASSED] - Object: 'Object Repository/Page_The Story and Evolution of Doodles - G_6e786d/p_The first Doodle was a simple out-of-offi_345e61' is clicked on

07-06-2024T14:11:47 - [TEST_STEP][PASSED] - verifyElementVisible(findTestObject("Object Repository/Page_The Story and Evolution of Doodles - G_6e786d/h1_The story behind Doodles")): Object 'Object Repository/Page_The Story and Evolution of Doodles - G_6e786d/h1_The story behind Doodles' is visible

07-06-2024T14:11:47 - [MESSAGE][PASSED] - Object 'Object Repository/Page_The Story and Evolution of Doodles - G_6e786d/h1_The story behind Doodles' is visible

07-06-2024T14:11:47 - [TEST_STEP][PASSED] - verifyElementVisible(findTestObject("Object Repository/Page_The Story and Evolution of Doodles - G_6e786d/p_The first Doodle was a simple out-of-offi_345e61")): Object 'Object Repository/Page_The Story and Evolution of Doodles - G_6e786d/p_The first Doodle was a simple out-of-offi_345e61' is visible

07-06-2024T14:11:47 - [MESSAGE][PASSED] - Object 'Object Repository/Page_The Story and Evolution of Doodles - G_6e786d/p_The first Doodle was a simple out-of-offi_345e61' is visible

07-06-2024T14:11:47 - [TEST_STEP][PASSED] - verifyElementVisible(findTestObject("Object Repository/Page_The Story and Evolution of Doodles - G_6e786d/h2_Weve created more than 5,000 Doodles ove_111429")): Object 'Object Repository/Page_The Story and Evolution of Doodles - G_6e786d/h2_Weve created more than 5,000 Doodles ove_111429' is visible

07-06-2024T14:11:47 - [MESSAGE][PASSED] - Object 'Object Repository/Page_The Story and Evolution of Doodles - G_6e786d/h2_Weve created more than 5,000 Doodles ove_111429' is visible

07-06-2024T14:11:47 - [TEST_STEP][PASSED] - click(findTestObject("Object Repository/Page_The Story and Evolution of Doodles - G_6e786d/p_The first Doodle was a simple out-of-offi_345e61")): Object: 'Object Repository/Page_The Story and Evolution of Doodles - G_6e786d/p_The first Doodle was a simple out-of-offi_345e61' is clicked on

07-06-2024T14:11:48 - [MESSAGE][PASSED] - Object: 'Object Repository/Page_The Story and Evolution of Doodles - G_6e786d/p_The first Doodle was a simple out-of-offi_345e61' is clicked on

07-06-2024T14:11:48 - [TEST_STEP][PASSED] - verifyElementVisible(findTestObject("Object Repository/Page_The Story and Evolution of Doodles - G_6e786d/h1_The story behind Doodles")): Object 'Object Repository/Page_The Story and Evolution of Doodles - G_6e786d/h1_The story behind Doodles' is visible

07-06-2024T14:11:48 - [MESSAGE][PASSED] - Object 'Object Repository/Page_The Story and Evolution of Doodles - G_6e786d/h1_The story behind Doodles' is visible

07-06-2024T14:11:48 - [TEST_STEP][PASSED] - verifyElementVisible(findTestObject("Object Repository/Page_The Story and Evolution of Doodles - G_6e786d/p_The first Doodle was a simple out-of-offi_345e61")): Object 'Object Repository/Page_The Story and Evolution of Doodles - G_6e786d/p_The first Doodle was a simple out-of-offi_345e61' is visible

07-06-2024T14:11:48 - [MESSAGE][PASSED] - Object 'Object Repository/Page_The Story and Evolution of Doodles - G_6e786d/p_The first Doodle was a simple out-of-offi_345e61' is visible

07-06-2024T14:11:48 - [TEST_STEP][PASSED] - verifyElementVisible(findTestObject("Object Repository/Page_The Story and Evolution of Doodles - G_6e786d/h2_Weve created more than 5,000 Doodles ove_111429")): Object 'Object Repository/Page_The Story and Evolution of Doodles - G_6e786d/h2_Weve created more than 5,000 Doodles ove_111429' is visible

07-06-2024T14:11:48 - [MESSAGE][PASSED] - Object 'Object Repository/Page_The Story and Evolution of Doodles - G_6e786d/h2_Weve created more than 5,000 Doodles ove_111429' is visible

07-06-2024T14:11:48 - [TEST_STEP][PASSED] - click(findTestObject("Object Repository/Page_The Story and Evolution of Doodles - G_6e786d/p_The first Doodle was a simple out-of-offi_345e61")): Object: 'Object Repository/Page_The Story and Evolution of Doodles - G_6e786d/p_The first Doodle was a simple out-of-offi_345e61' is clicked on

07-06-2024T14:11:48 - [MESSAGE][PASSED] - Object: 'Object Repository/Page_The Story and Evolution of Doodles - G_6e786d/p_The first Doodle was a simple out-of-offi_345e61' is clicked on

07-06-2024T14:11:48 - [TEST_STEP][PASSED] - verifyElementVisible(findTestObject("Object Repository/Page_The Story and Evolution of Doodles - G_6e786d/h1_The story behind Doodles")): Object 'Object Repository/Page_The Story and Evolution of Doodles - G_6e786d/h1_The story behind Doodles' is visible

07-06-2024T14:11:48 - [MESSAGE][PASSED] - Object 'Object Repository/Page_The Story and Evolution of Doodles - G_6e786d/h1_The story behind Doodles' is visible

07-06-2024T14:11:48 - [TEST_STEP][PASSED] - verifyElementVisible(findTestObject("Object Repository/Page_The Story and Evolution of Doodles - G_6e786d/p_The first Doodle was a simple out-of-offi_345e61")): Object 'Object Repository/Page_The Story and Evolution of Doodles - G_6e786d/p_The first Doodle was a simple out-of-offi_345e61' is visible

07-06-2024T14:11:48 - [MESSAGE][PASSED] - Object 'Object Repository/Page_The Story and Evolution of Doodles - G_6e786d/p_The first Doodle was a simple out-of-offi_345e61' is visible

07-06-2024T14:11:48 - [TEST_STEP][PASSED] - verifyElementVisible(findTestObject("Object Repository/Page_The Story and Evolution of Doodles - G_6e786d/h2_Weve created more than 5,000 Doodles ove_111429")): Object 'Object Repository/Page_The Story and Evolution of Doodles - G_6e786d/h2_Weve created more than 5,000 Doodles ove_111429' is visible

07-06-2024T14:11:48 - [MESSAGE][PASSED] - Object 'Object Repository/Page_The Story and Evolution of Doodles - G_6e786d/h2_Weve created more than 5,000 Doodles ove_111429' is visible

07-06-2024T14:11:48 - [TEST_STEP][PASSED] - click(findTestObject("Object Repository/Page_The Story and Evolution of Doodles - G_6e786d/p_The first Doodle was a simple out-of-offi_345e61")): Object: 'Object Repository/Page_The Story and Evolution of Doodles - G_6e786d/p_The first Doodle was a simple out-of-offi_345e61' is clicked on

07-06-2024T14:11:48 - [MESSAGE][PASSED] - Object: 'Object Repository/Page_The Story and Evolution of Doodles - G_6e786d/p_The first Doodle was a simple out-of-offi_345e61' is clicked on

07-06-2024T14:11:48 - [TEST_STEP][PASSED] - verifyElementVisible(findTestObject("Object Repository/Page_The Story and Evolution of Doodles - G_6e786d/h1_The story behind Doodles")): Object 'Object Repository/Page_The Story and Evolution of Doodles - G_6e786d/h1_The story behind Doodles' is visible

07-06-2024T14:11:48 - [MESSAGE][PASSED] - Object 'Object Repository/Page_The Story and Evolution of Doodles - G_6e786d/h1_The story behind Doodles' is visible

07-06-2024T14:11:48 - [TEST_STEP][PASSED] - verifyElementVisible(findTestObject("Object Repository/Page_The Story and Evolution of Doodles - G_6e786d/p_The first Doodle was a simple out-of-offi_345e61")): Object 'Object Repository/Page_The Story and Evolution of Doodles - G_6e786d/p_The first Doodle was a simple out-of-offi_345e61' is visible

07-06-2024T14:11:48 - [MESSAGE][PASSED] - Object 'Object Repository/Page_The Story and Evolution of Doodles - G_6e786d/p_The first Doodle was a simple out-of-offi_345e61' is visible

07-06-2024T14:11:48 - [TEST_STEP][PASSED] - verifyElementVisible(findTestObject("Object Repository/Page_The Story and Evolution of Doodles - G_6e786d/h2_Weve created more than 5,000 Doodles ove_111429")): Object 'Object Repository/Page_The Story and Evolution of Doodles - G_6e786d/h2_Weve created more than 5,000 Doodles ove_111429' is visible

07-06-2024T14:11:48 - [MESSAGE][PASSED] - Object 'Object Repository/Page_The Story and Evolution of Doodles - G_6e786d/h2_Weve created more than 5,000 Doodles ove_111429' is visible

07-06-2024T14:11:48 - [TEST_STEP][PASSED] - click(findTestObject("Object Repository/Page_The Story and Evolution of Doodles - G_6e786d/p_The first Doodle was a simple out-of-offi_345e61")): Object: 'Object Repository/Page_The Story and Evolution of Doodles - G_6e786d/p_The first Doodle was a simple out-of-offi_345e61' is clicked on

07-06-2024T14:11:49 - [MESSAGE][PASSED] - Object: 'Object Repository/Page_The Story and Evolution of Doodles - G_6e786d/p_The first Doodle was a simple out-of-offi_345e61' is clicked on

07-06-2024T14:11:49 - [TEST_STEP][PASSED] - verifyElementVisible(findTestObject("Object Repository/Page_The Story and Evolution of Doodles - G_6e786d/h1_The story behind Doodles")): Object 'Object Repository/Page_The Story and Evolution of Doodles - G_6e786d/h1_The story behind Doodles' is visible

07-06-2024T14:11:49 - [MESSAGE][PASSED] - Object 'Object Repository/Page_The Story and Evolution of Doodles - G_6e786d/h1_The story behind Doodles' is visible

07-06-2024T14:11:49 - [TEST_STEP][PASSED] - verifyElementVisible(findTestObject("Object Repository/Page_The Story and Evolution of Doodles - G_6e786d/p_The first Doodle was a simple out-of-offi_345e61")): Object 'Object Repository/Page_The Story and Evolution of Doodles - G_6e786d/p_The first Doodle was a simple out-of-offi_345e61' is visible

07-06-2024T14:11:49 - [MESSAGE][PASSED] - Object 'Object Repository/Page_The Story and Evolution of Doodles - G_6e786d/p_The first Doodle was a simple out-of-offi_345e61' is visible

07-06-2024T14:11:49 - [TEST_STEP][PASSED] - verifyElementVisible(findTestObject("Object Repository/Page_The Story and Evolution of Doodles - G_6e786d/h2_Weve created more than 5,000 Doodles ove_111429")): Object 'Object Repository/Page_The Story and Evolution of Doodles - G_6e786d/h2_Weve created more than 5,000 Doodles ove_111429' is visible

07-06-2024T14:11:49 - [MESSAGE][PASSED] - Object 'Object Repository/Page_The Story and Evolution of Doodles - G_6e786d/h2_Weve created more than 5,000 Doodles ove_111429' is visible

07-06-2024T14:11:49 - [TEST_STEP][PASSED] - click(findTestObject("Object Repository/Page_The Story and Evolution of Doodles - G_6e786d/p_The first Doodle was a simple out-of-offi_345e61")): Object: 'Object Repository/Page_The Story and Evolution of Doodles - G_6e786d/p_The first Doodle was a simple out-of-offi_345e61' is clicked on

07-06-2024T14:11:49 - [MESSAGE][PASSED] - Object: 'Object Repository/Page_The Story and Evolution of Doodles - G_6e786d/p_The first Doodle was a simple out-of-offi_345e61' is clicked on

07-06-2024T14:11:49 - [TEST_STEP][PASSED] - verifyElementVisible(findTestObject("Object Repository/Page_The Story and Evolution of Doodles - G_6e786d/h1_The story behind Doodles")): Object 'Object Repository/Page_The Story and Evolution of Doodles - G_6e786d/h1_The story behind Doodles' is visible

07-06-2024T14:11:49 - [MESSAGE][PASSED] - Object 'Object Repository/Page_The Story and Evolution of Doodles - G_6e786d/h1_The story behind Doodles' is visible

07-06-2024T14:11:49 - [TEST_STEP][PASSED] - verifyElementVisible(findTestObject("Object Repository/Page_The Story and Evolution of Doodles - G_6e786d/p_The first Doodle was a simple out-of-offi_345e61")): Object 'Object Repository/Page_The Story and Evolution of Doodles - G_6e786d/p_The first Doodle was a simple out-of-offi_345e61' is visible

07-06-2024T14:11:49 - [MESSAGE][PASSED] - Object 'Object Repository/Page_The Story and Evolution of Doodles - G_6e786d/p_The first Doodle was a simple out-of-offi_345e61' is visible

07-06-2024T14:11:49 - [TEST_STEP][PASSED] - verifyElementVisible(findTestObject("Object Repository/Page_The Story and Evolution of Doodles - G_6e786d/h2_Weve created more than 5,000 Doodles ove_111429")): Object 'Object Repository/Page_The Story and Evolution of Doodles - G_6e786d/h2_Weve created more than 5,000 Doodles ove_111429' is visible

07-06-2024T14:11:49 - [MESSAGE][PASSED] - Object 'Object Repository/Page_The Story and Evolution of Doodles - G_6e786d/h2_Weve created more than 5,000 Doodles ove_111429' is visible]]></system-out>
         <system-err><![CDATA[]]></system-err>
      </testcase>
      <testcase name="Test Cases/test case folder 1/tc1 - Copy (7) - Copy (4)" time="10.648" classname="Test Cases/test case folder 1/tc1 - Copy (7) - Copy (4)" status="PASSED">
         <system-out><![CDATA[07-06-2024T14:11:49 - [TEST_CASE][PASSED] - Test Cases/test case folder 1/tc1 - Copy (7) - Copy (4): Test Cases/test case folder 1/tc1 - Copy (7) - Copy (4)

07-06-2024T14:11:49 - [TEST_STEP][PASSED] - openBrowser(""): Browser is opened with url: ''

07-06-2024T14:11:49 - [MESSAGE][WARNING] - A browser is already opened. Closing browser and opening a new one

07-06-2024T14:11:50 - [MESSAGE][INFO] - Starting 'Firefox (headless)' driver

07-06-2024T14:11:50 - [MESSAGE][INFO] - Action delay is set to 0 milliseconds

07-06-2024T14:11:52 - [MESSAGE][PASSED] - Browser is opened with url: ''

07-06-2024T14:11:52 - [TEST_STEP][PASSED] - navigateToUrl("https://doodles.google/about/"): Navigate to 'https://doodles.google/about/' successfully

07-06-2024T14:11:56 - [MESSAGE][PASSED] - Navigate to 'https://doodles.google/about/' successfully

07-06-2024T14:11:56 - [TEST_STEP][PASSED] - click(findTestObject("Object Repository/Page_The Story and Evolution of Doodles - G_6e786d/p_The first Doodle was a simple out-of-offi_345e61")): Object: 'Object Repository/Page_The Story and Evolution of Doodles - G_6e786d/p_The first Doodle was a simple out-of-offi_345e61' is clicked on

07-06-2024T14:11:56 - [MESSAGE][PASSED] - Object: 'Object Repository/Page_The Story and Evolution of Doodles - G_6e786d/p_The first Doodle was a simple out-of-offi_345e61' is clicked on

07-06-2024T14:11:56 - [TEST_STEP][PASSED] - click(findTestObject("Object Repository/Page_The Story and Evolution of Doodles - G_6e786d/p_The first Doodle was a simple out-of-offi_345e61")): Object: 'Object Repository/Page_The Story and Evolution of Doodles - G_6e786d/p_The first Doodle was a simple out-of-offi_345e61' is clicked on

07-06-2024T14:11:56 - [MESSAGE][PASSED] - Object: 'Object Repository/Page_The Story and Evolution of Doodles - G_6e786d/p_The first Doodle was a simple out-of-offi_345e61' is clicked on

07-06-2024T14:11:56 - [TEST_STEP][PASSED] - verifyElementVisible(findTestObject("Object Repository/Page_The Story and Evolution of Doodles - G_6e786d/h1_The story behind Doodles")): Object 'Object Repository/Page_The Story and Evolution of Doodles - G_6e786d/h1_The story behind Doodles' is visible

07-06-2024T14:11:56 - [MESSAGE][PASSED] - Object 'Object Repository/Page_The Story and Evolution of Doodles - G_6e786d/h1_The story behind Doodles' is visible

07-06-2024T14:11:56 - [TEST_STEP][PASSED] - verifyElementVisible(findTestObject("Object Repository/Page_The Story and Evolution of Doodles - G_6e786d/p_The first Doodle was a simple out-of-offi_345e61")): Object 'Object Repository/Page_The Story and Evolution of Doodles - G_6e786d/p_The first Doodle was a simple out-of-offi_345e61' is visible

07-06-2024T14:11:56 - [MESSAGE][PASSED] - Object 'Object Repository/Page_The Story and Evolution of Doodles - G_6e786d/p_The first Doodle was a simple out-of-offi_345e61' is visible

07-06-2024T14:11:56 - [TEST_STEP][PASSED] - verifyElementVisible(findTestObject("Object Repository/Page_The Story and Evolution of Doodles - G_6e786d/h2_Weve created more than 5,000 Doodles ove_111429")): Object 'Object Repository/Page_The Story and Evolution of Doodles - G_6e786d/h2_Weve created more than 5,000 Doodles ove_111429' is visible

07-06-2024T14:11:57 - [MESSAGE][PASSED] - Object 'Object Repository/Page_The Story and Evolution of Doodles - G_6e786d/h2_Weve created more than 5,000 Doodles ove_111429' is visible

07-06-2024T14:11:57 - [TEST_STEP][PASSED] - verifyElementVisible(findTestObject("Object Repository/Page_The Story and Evolution of Doodles - G_6e786d/h1_The story behind Doodles")): Object 'Object Repository/Page_The Story and Evolution of Doodles - G_6e786d/h1_The story behind Doodles' is visible

07-06-2024T14:11:57 - [MESSAGE][PASSED] - Object 'Object Repository/Page_The Story and Evolution of Doodles - G_6e786d/h1_The story behind Doodles' is visible

07-06-2024T14:11:57 - [TEST_STEP][PASSED] - verifyElementVisible(findTestObject("Object Repository/Page_The Story and Evolution of Doodles - G_6e786d/p_The first Doodle was a simple out-of-offi_345e61")): Object 'Object Repository/Page_The Story and Evolution of Doodles - G_6e786d/p_The first Doodle was a simple out-of-offi_345e61' is visible

07-06-2024T14:11:57 - [MESSAGE][PASSED] - Object 'Object Repository/Page_The Story and Evolution of Doodles - G_6e786d/p_The first Doodle was a simple out-of-offi_345e61' is visible

07-06-2024T14:11:57 - [TEST_STEP][PASSED] - verifyElementVisible(findTestObject("Object Repository/Page_The Story and Evolution of Doodles - G_6e786d/h2_Weve created more than 5,000 Doodles ove_111429")): Object 'Object Repository/Page_The Story and Evolution of Doodles - G_6e786d/h2_Weve created more than 5,000 Doodles ove_111429' is visible

07-06-2024T14:11:57 - [MESSAGE][PASSED] - Object 'Object Repository/Page_The Story and Evolution of Doodles - G_6e786d/h2_Weve created more than 5,000 Doodles ove_111429' is visible

07-06-2024T14:11:57 - [TEST_STEP][PASSED] - click(findTestObject("Object Repository/Page_The Story and Evolution of Doodles - G_6e786d/p_The first Doodle was a simple out-of-offi_345e61")): Object: 'Object Repository/Page_The Story and Evolution of Doodles - G_6e786d/p_The first Doodle was a simple out-of-offi_345e61' is clicked on

07-06-2024T14:11:57 - [MESSAGE][PASSED] - Object: 'Object Repository/Page_The Story and Evolution of Doodles - G_6e786d/p_The first Doodle was a simple out-of-offi_345e61' is clicked on

07-06-2024T14:11:57 - [TEST_STEP][PASSED] - verifyElementVisible(findTestObject("Object Repository/Page_The Story and Evolution of Doodles - G_6e786d/h1_The story behind Doodles")): Object 'Object Repository/Page_The Story and Evolution of Doodles - G_6e786d/h1_The story behind Doodles' is visible

07-06-2024T14:11:57 - [MESSAGE][PASSED] - Object 'Object Repository/Page_The Story and Evolution of Doodles - G_6e786d/h1_The story behind Doodles' is visible

07-06-2024T14:11:57 - [TEST_STEP][PASSED] - verifyElementVisible(findTestObject("Object Repository/Page_The Story and Evolution of Doodles - G_6e786d/p_The first Doodle was a simple out-of-offi_345e61")): Object 'Object Repository/Page_The Story and Evolution of Doodles - G_6e786d/p_The first Doodle was a simple out-of-offi_345e61' is visible

07-06-2024T14:11:57 - [MESSAGE][PASSED] - Object 'Object Repository/Page_The Story and Evolution of Doodles - G_6e786d/p_The first Doodle was a simple out-of-offi_345e61' is visible

07-06-2024T14:11:57 - [TEST_STEP][PASSED] - verifyElementVisible(findTestObject("Object Repository/Page_The Story and Evolution of Doodles - G_6e786d/h2_Weve created more than 5,000 Doodles ove_111429")): Object 'Object Repository/Page_The Story and Evolution of Doodles - G_6e786d/h2_Weve created more than 5,000 Doodles ove_111429' is visible

07-06-2024T14:11:57 - [MESSAGE][PASSED] - Object 'Object Repository/Page_The Story and Evolution of Doodles - G_6e786d/h2_Weve created more than 5,000 Doodles ove_111429' is visible

07-06-2024T14:11:57 - [TEST_STEP][PASSED] - click(findTestObject("Object Repository/Page_The Story and Evolution of Doodles - G_6e786d/p_The first Doodle was a simple out-of-offi_345e61")): Object: 'Object Repository/Page_The Story and Evolution of Doodles - G_6e786d/p_The first Doodle was a simple out-of-offi_345e61' is clicked on

07-06-2024T14:11:57 - [MESSAGE][PASSED] - Object: 'Object Repository/Page_The Story and Evolution of Doodles - G_6e786d/p_The first Doodle was a simple out-of-offi_345e61' is clicked on

07-06-2024T14:11:57 - [TEST_STEP][PASSED] - verifyElementVisible(findTestObject("Object Repository/Page_The Story and Evolution of Doodles - G_6e786d/h1_The story behind Doodles")): Object 'Object Repository/Page_The Story and Evolution of Doodles - G_6e786d/h1_The story behind Doodles' is visible

07-06-2024T14:11:57 - [MESSAGE][PASSED] - Object 'Object Repository/Page_The Story and Evolution of Doodles - G_6e786d/h1_The story behind Doodles' is visible

07-06-2024T14:11:57 - [TEST_STEP][PASSED] - verifyElementVisible(findTestObject("Object Repository/Page_The Story and Evolution of Doodles - G_6e786d/p_The first Doodle was a simple out-of-offi_345e61")): Object 'Object Repository/Page_The Story and Evolution of Doodles - G_6e786d/p_The first Doodle was a simple out-of-offi_345e61' is visible

07-06-2024T14:11:57 - [MESSAGE][PASSED] - Object 'Object Repository/Page_The Story and Evolution of Doodles - G_6e786d/p_The first Doodle was a simple out-of-offi_345e61' is visible

07-06-2024T14:11:57 - [TEST_STEP][PASSED] - verifyElementVisible(findTestObject("Object Repository/Page_The Story and Evolution of Doodles - G_6e786d/h2_Weve created more than 5,000 Doodles ove_111429")): Object 'Object Repository/Page_The Story and Evolution of Doodles - G_6e786d/h2_Weve created more than 5,000 Doodles ove_111429' is visible

07-06-2024T14:11:57 - [MESSAGE][PASSED] - Object 'Object Repository/Page_The Story and Evolution of Doodles - G_6e786d/h2_Weve created more than 5,000 Doodles ove_111429' is visible

07-06-2024T14:11:57 - [TEST_STEP][PASSED] - click(findTestObject("Object Repository/Page_The Story and Evolution of Doodles - G_6e786d/p_The first Doodle was a simple out-of-offi_345e61")): Object: 'Object Repository/Page_The Story and Evolution of Doodles - G_6e786d/p_The first Doodle was a simple out-of-offi_345e61' is clicked on

07-06-2024T14:11:58 - [MESSAGE][PASSED] - Object: 'Object Repository/Page_The Story and Evolution of Doodles - G_6e786d/p_The first Doodle was a simple out-of-offi_345e61' is clicked on

07-06-2024T14:11:58 - [TEST_STEP][PASSED] - verifyElementVisible(findTestObject("Object Repository/Page_The Story and Evolution of Doodles - G_6e786d/h1_The story behind Doodles")): Object 'Object Repository/Page_The Story and Evolution of Doodles - G_6e786d/h1_The story behind Doodles' is visible

07-06-2024T14:11:58 - [MESSAGE][PASSED] - Object 'Object Repository/Page_The Story and Evolution of Doodles - G_6e786d/h1_The story behind Doodles' is visible

07-06-2024T14:11:58 - [TEST_STEP][PASSED] - verifyElementVisible(findTestObject("Object Repository/Page_The Story and Evolution of Doodles - G_6e786d/p_The first Doodle was a simple out-of-offi_345e61")): Object 'Object Repository/Page_The Story and Evolution of Doodles - G_6e786d/p_The first Doodle was a simple out-of-offi_345e61' is visible

07-06-2024T14:11:58 - [MESSAGE][PASSED] - Object 'Object Repository/Page_The Story and Evolution of Doodles - G_6e786d/p_The first Doodle was a simple out-of-offi_345e61' is visible

07-06-2024T14:11:58 - [TEST_STEP][PASSED] - verifyElementVisible(findTestObject("Object Repository/Page_The Story and Evolution of Doodles - G_6e786d/h2_Weve created more than 5,000 Doodles ove_111429")): Object 'Object Repository/Page_The Story and Evolution of Doodles - G_6e786d/h2_Weve created more than 5,000 Doodles ove_111429' is visible

07-06-2024T14:11:58 - [MESSAGE][PASSED] - Object 'Object Repository/Page_The Story and Evolution of Doodles - G_6e786d/h2_Weve created more than 5,000 Doodles ove_111429' is visible

07-06-2024T14:11:58 - [TEST_STEP][PASSED] - click(findTestObject("Object Repository/Page_The Story and Evolution of Doodles - G_6e786d/p_The first Doodle was a simple out-of-offi_345e61")): Object: 'Object Repository/Page_The Story and Evolution of Doodles - G_6e786d/p_The first Doodle was a simple out-of-offi_345e61' is clicked on

07-06-2024T14:11:58 - [MESSAGE][PASSED] - Object: 'Object Repository/Page_The Story and Evolution of Doodles - G_6e786d/p_The first Doodle was a simple out-of-offi_345e61' is clicked on

07-06-2024T14:11:58 - [TEST_STEP][PASSED] - verifyElementVisible(findTestObject("Object Repository/Page_The Story and Evolution of Doodles - G_6e786d/h1_The story behind Doodles")): Object 'Object Repository/Page_The Story and Evolution of Doodles - G_6e786d/h1_The story behind Doodles' is visible

07-06-2024T14:11:58 - [MESSAGE][PASSED] - Object 'Object Repository/Page_The Story and Evolution of Doodles - G_6e786d/h1_The story behind Doodles' is visible

07-06-2024T14:11:58 - [TEST_STEP][PASSED] - verifyElementVisible(findTestObject("Object Repository/Page_The Story and Evolution of Doodles - G_6e786d/p_The first Doodle was a simple out-of-offi_345e61")): Object 'Object Repository/Page_The Story and Evolution of Doodles - G_6e786d/p_The first Doodle was a simple out-of-offi_345e61' is visible

07-06-2024T14:11:58 - [MESSAGE][PASSED] - Object 'Object Repository/Page_The Story and Evolution of Doodles - G_6e786d/p_The first Doodle was a simple out-of-offi_345e61' is visible

07-06-2024T14:11:58 - [TEST_STEP][PASSED] - verifyElementVisible(findTestObject("Object Repository/Page_The Story and Evolution of Doodles - G_6e786d/h2_Weve created more than 5,000 Doodles ove_111429")): Object 'Object Repository/Page_The Story and Evolution of Doodles - G_6e786d/h2_Weve created more than 5,000 Doodles ove_111429' is visible

07-06-2024T14:11:58 - [MESSAGE][PASSED] - Object 'Object Repository/Page_The Story and Evolution of Doodles - G_6e786d/h2_Weve created more than 5,000 Doodles ove_111429' is visible

07-06-2024T14:11:58 - [TEST_STEP][PASSED] - click(findTestObject("Object Repository/Page_The Story and Evolution of Doodles - G_6e786d/p_The first Doodle was a simple out-of-offi_345e61")): Object: 'Object Repository/Page_The Story and Evolution of Doodles - G_6e786d/p_The first Doodle was a simple out-of-offi_345e61' is clicked on

07-06-2024T14:11:58 - [MESSAGE][PASSED] - Object: 'Object Repository/Page_The Story and Evolution of Doodles - G_6e786d/p_The first Doodle was a simple out-of-offi_345e61' is clicked on

07-06-2024T14:11:58 - [TEST_STEP][PASSED] - verifyElementVisible(findTestObject("Object Repository/Page_The Story and Evolution of Doodles - G_6e786d/h1_The story behind Doodles")): Object 'Object Repository/Page_The Story and Evolution of Doodles - G_6e786d/h1_The story behind Doodles' is visible

07-06-2024T14:11:58 - [MESSAGE][PASSED] - Object 'Object Repository/Page_The Story and Evolution of Doodles - G_6e786d/h1_The story behind Doodles' is visible

07-06-2024T14:11:58 - [TEST_STEP][PASSED] - verifyElementVisible(findTestObject("Object Repository/Page_The Story and Evolution of Doodles - G_6e786d/p_The first Doodle was a simple out-of-offi_345e61")): Object 'Object Repository/Page_The Story and Evolution of Doodles - G_6e786d/p_The first Doodle was a simple out-of-offi_345e61' is visible

07-06-2024T14:11:58 - [MESSAGE][PASSED] - Object 'Object Repository/Page_The Story and Evolution of Doodles - G_6e786d/p_The first Doodle was a simple out-of-offi_345e61' is visible

07-06-2024T14:11:58 - [TEST_STEP][PASSED] - verifyElementVisible(findTestObject("Object Repository/Page_The Story and Evolution of Doodles - G_6e786d/h2_Weve created more than 5,000 Doodles ove_111429")): Object 'Object Repository/Page_The Story and Evolution of Doodles - G_6e786d/h2_Weve created more than 5,000 Doodles ove_111429' is visible

07-06-2024T14:11:58 - [MESSAGE][PASSED] - Object 'Object Repository/Page_The Story and Evolution of Doodles - G_6e786d/h2_Weve created more than 5,000 Doodles ove_111429' is visible

07-06-2024T14:11:58 - [TEST_STEP][PASSED] - click(findTestObject("Object Repository/Page_The Story and Evolution of Doodles - G_6e786d/p_The first Doodle was a simple out-of-offi_345e61")): Object: 'Object Repository/Page_The Story and Evolution of Doodles - G_6e786d/p_The first Doodle was a simple out-of-offi_345e61' is clicked on

07-06-2024T14:11:59 - [MESSAGE][PASSED] - Object: 'Object Repository/Page_The Story and Evolution of Doodles - G_6e786d/p_The first Doodle was a simple out-of-offi_345e61' is clicked on

07-06-2024T14:11:59 - [TEST_STEP][PASSED] - verifyElementVisible(findTestObject("Object Repository/Page_The Story and Evolution of Doodles - G_6e786d/h1_The story behind Doodles")): Object 'Object Repository/Page_The Story and Evolution of Doodles - G_6e786d/h1_The story behind Doodles' is visible

07-06-2024T14:11:59 - [MESSAGE][PASSED] - Object 'Object Repository/Page_The Story and Evolution of Doodles - G_6e786d/h1_The story behind Doodles' is visible

07-06-2024T14:11:59 - [TEST_STEP][PASSED] - verifyElementVisible(findTestObject("Object Repository/Page_The Story and Evolution of Doodles - G_6e786d/p_The first Doodle was a simple out-of-offi_345e61")): Object 'Object Repository/Page_The Story and Evolution of Doodles - G_6e786d/p_The first Doodle was a simple out-of-offi_345e61' is visible

07-06-2024T14:11:59 - [MESSAGE][PASSED] - Object 'Object Repository/Page_The Story and Evolution of Doodles - G_6e786d/p_The first Doodle was a simple out-of-offi_345e61' is visible

07-06-2024T14:11:59 - [TEST_STEP][PASSED] - verifyElementVisible(findTestObject("Object Repository/Page_The Story and Evolution of Doodles - G_6e786d/h2_Weve created more than 5,000 Doodles ove_111429")): Object 'Object Repository/Page_The Story and Evolution of Doodles - G_6e786d/h2_Weve created more than 5,000 Doodles ove_111429' is visible

07-06-2024T14:11:59 - [MESSAGE][PASSED] - Object 'Object Repository/Page_The Story and Evolution of Doodles - G_6e786d/h2_Weve created more than 5,000 Doodles ove_111429' is visible

07-06-2024T14:11:59 - [TEST_STEP][PASSED] - click(findTestObject("Object Repository/Page_The Story and Evolution of Doodles - G_6e786d/p_The first Doodle was a simple out-of-offi_345e61")): Object: 'Object Repository/Page_The Story and Evolution of Doodles - G_6e786d/p_The first Doodle was a simple out-of-offi_345e61' is clicked on

07-06-2024T14:11:59 - [MESSAGE][PASSED] - Object: 'Object Repository/Page_The Story and Evolution of Doodles - G_6e786d/p_The first Doodle was a simple out-of-offi_345e61' is clicked on

07-06-2024T14:11:59 - [TEST_STEP][PASSED] - verifyElementVisible(findTestObject("Object Repository/Page_The Story and Evolution of Doodles - G_6e786d/h1_The story behind Doodles")): Object 'Object Repository/Page_The Story and Evolution of Doodles - G_6e786d/h1_The story behind Doodles' is visible

07-06-2024T14:11:59 - [MESSAGE][PASSED] - Object 'Object Repository/Page_The Story and Evolution of Doodles - G_6e786d/h1_The story behind Doodles' is visible

07-06-2024T14:11:59 - [TEST_STEP][PASSED] - verifyElementVisible(findTestObject("Object Repository/Page_The Story and Evolution of Doodles - G_6e786d/p_The first Doodle was a simple out-of-offi_345e61")): Object 'Object Repository/Page_The Story and Evolution of Doodles - G_6e786d/p_The first Doodle was a simple out-of-offi_345e61' is visible

07-06-2024T14:11:59 - [MESSAGE][PASSED] - Object 'Object Repository/Page_The Story and Evolution of Doodles - G_6e786d/p_The first Doodle was a simple out-of-offi_345e61' is visible

07-06-2024T14:11:59 - [TEST_STEP][PASSED] - verifyElementVisible(findTestObject("Object Repository/Page_The Story and Evolution of Doodles - G_6e786d/h2_Weve created more than 5,000 Doodles ove_111429")): Object 'Object Repository/Page_The Story and Evolution of Doodles - G_6e786d/h2_Weve created more than 5,000 Doodles ove_111429' is visible

07-06-2024T14:11:59 - [MESSAGE][PASSED] - Object 'Object Repository/Page_The Story and Evolution of Doodles - G_6e786d/h2_Weve created more than 5,000 Doodles ove_111429' is visible

07-06-2024T14:11:59 - [TEST_STEP][PASSED] - click(findTestObject("Object Repository/Page_The Story and Evolution of Doodles - G_6e786d/p_The first Doodle was a simple out-of-offi_345e61")): Object: 'Object Repository/Page_The Story and Evolution of Doodles - G_6e786d/p_The first Doodle was a simple out-of-offi_345e61' is clicked on

07-06-2024T14:11:59 - [MESSAGE][PASSED] - Object: 'Object Repository/Page_The Story and Evolution of Doodles - G_6e786d/p_The first Doodle was a simple out-of-offi_345e61' is clicked on

07-06-2024T14:11:59 - [TEST_STEP][PASSED] - verifyElementVisible(findTestObject("Object Repository/Page_The Story and Evolution of Doodles - G_6e786d/h1_The story behind Doodles")): Object 'Object Repository/Page_The Story and Evolution of Doodles - G_6e786d/h1_The story behind Doodles' is visible

07-06-2024T14:11:59 - [MESSAGE][PASSED] - Object 'Object Repository/Page_The Story and Evolution of Doodles - G_6e786d/h1_The story behind Doodles' is visible

07-06-2024T14:11:59 - [TEST_STEP][PASSED] - verifyElementVisible(findTestObject("Object Repository/Page_The Story and Evolution of Doodles - G_6e786d/p_The first Doodle was a simple out-of-offi_345e61")): Object 'Object Repository/Page_The Story and Evolution of Doodles - G_6e786d/p_The first Doodle was a simple out-of-offi_345e61' is visible

07-06-2024T14:11:59 - [MESSAGE][PASSED] - Object 'Object Repository/Page_The Story and Evolution of Doodles - G_6e786d/p_The first Doodle was a simple out-of-offi_345e61' is visible

07-06-2024T14:11:59 - [TEST_STEP][PASSED] - verifyElementVisible(findTestObject("Object Repository/Page_The Story and Evolution of Doodles - G_6e786d/h2_Weve created more than 5,000 Doodles ove_111429")): Object 'Object Repository/Page_The Story and Evolution of Doodles - G_6e786d/h2_Weve created more than 5,000 Doodles ove_111429' is visible

07-06-2024T14:11:59 - [MESSAGE][PASSED] - Object 'Object Repository/Page_The Story and Evolution of Doodles - G_6e786d/h2_Weve created more than 5,000 Doodles ove_111429' is visible

07-06-2024T14:11:59 - [TEST_STEP][PASSED] - click(findTestObject("Object Repository/Page_The Story and Evolution of Doodles - G_6e786d/p_The first Doodle was a simple out-of-offi_345e61")): Object: 'Object Repository/Page_The Story and Evolution of Doodles - G_6e786d/p_The first Doodle was a simple out-of-offi_345e61' is clicked on

07-06-2024T14:12:00 - [MESSAGE][PASSED] - Object: 'Object Repository/Page_The Story and Evolution of Doodles - G_6e786d/p_The first Doodle was a simple out-of-offi_345e61' is clicked on

07-06-2024T14:12:00 - [TEST_STEP][PASSED] - verifyElementVisible(findTestObject("Object Repository/Page_The Story and Evolution of Doodles - G_6e786d/h1_The story behind Doodles")): Object 'Object Repository/Page_The Story and Evolution of Doodles - G_6e786d/h1_The story behind Doodles' is visible

07-06-2024T14:12:00 - [MESSAGE][PASSED] - Object 'Object Repository/Page_The Story and Evolution of Doodles - G_6e786d/h1_The story behind Doodles' is visible

07-06-2024T14:12:00 - [TEST_STEP][PASSED] - verifyElementVisible(findTestObject("Object Repository/Page_The Story and Evolution of Doodles - G_6e786d/p_The first Doodle was a simple out-of-offi_345e61")): Object 'Object Repository/Page_The Story and Evolution of Doodles - G_6e786d/p_The first Doodle was a simple out-of-offi_345e61' is visible

07-06-2024T14:12:00 - [MESSAGE][PASSED] - Object 'Object Repository/Page_The Story and Evolution of Doodles - G_6e786d/p_The first Doodle was a simple out-of-offi_345e61' is visible

07-06-2024T14:12:00 - [TEST_STEP][PASSED] - verifyElementVisible(findTestObject("Object Repository/Page_The Story and Evolution of Doodles - G_6e786d/h2_Weve created more than 5,000 Doodles ove_111429")): Object 'Object Repository/Page_The Story and Evolution of Doodles - G_6e786d/h2_Weve created more than 5,000 Doodles ove_111429' is visible

07-06-2024T14:12:00 - [MESSAGE][PASSED] - Object 'Object Repository/Page_The Story and Evolution of Doodles - G_6e786d/h2_Weve created more than 5,000 Doodles ove_111429' is visible]]></system-out>
         <system-err><![CDATA[]]></system-err>
      </testcase>
      <testcase name="Test Cases/test case folder 1/tc1 - Copy (7) - Copy (3)" time="8.373" classname="Test Cases/test case folder 1/tc1 - Copy (7) - Copy (3)" status="PASSED">
         <system-out><![CDATA[07-06-2024T14:12:00 - [TEST_CASE][PASSED] - Test Cases/test case folder 1/tc1 - Copy (7) - Copy (3): Test Cases/test case folder 1/tc1 - Copy (7) - Copy (3)

07-06-2024T14:12:00 - [TEST_STEP][PASSED] - openBrowser(""): Browser is opened with url: ''

07-06-2024T14:12:00 - [MESSAGE][WARNING] - A browser is already opened. Closing browser and opening a new one

07-06-2024T14:12:01 - [MESSAGE][INFO] - Starting 'Firefox (headless)' driver

07-06-2024T14:12:01 - [MESSAGE][INFO] - Action delay is set to 0 milliseconds

07-06-2024T14:12:03 - [MESSAGE][PASSED] - Browser is opened with url: ''

07-06-2024T14:12:03 - [TEST_STEP][PASSED] - navigateToUrl("https://doodles.google/about/"): Navigate to 'https://doodles.google/about/' successfully

07-06-2024T14:12:04 - [MESSAGE][PASSED] - Navigate to 'https://doodles.google/about/' successfully

07-06-2024T14:12:04 - [TEST_STEP][PASSED] - click(findTestObject("Object Repository/Page_The Story and Evolution of Doodles - G_6e786d/p_The first Doodle was a simple out-of-offi_345e61")): Object: 'Object Repository/Page_The Story and Evolution of Doodles - G_6e786d/p_The first Doodle was a simple out-of-offi_345e61' is clicked on

07-06-2024T14:12:05 - [MESSAGE][PASSED] - Object: 'Object Repository/Page_The Story and Evolution of Doodles - G_6e786d/p_The first Doodle was a simple out-of-offi_345e61' is clicked on

07-06-2024T14:12:05 - [TEST_STEP][PASSED] - click(findTestObject("Object Repository/Page_The Story and Evolution of Doodles - G_6e786d/p_The first Doodle was a simple out-of-offi_345e61")): Object: 'Object Repository/Page_The Story and Evolution of Doodles - G_6e786d/p_The first Doodle was a simple out-of-offi_345e61' is clicked on

07-06-2024T14:12:05 - [MESSAGE][PASSED] - Object: 'Object Repository/Page_The Story and Evolution of Doodles - G_6e786d/p_The first Doodle was a simple out-of-offi_345e61' is clicked on

07-06-2024T14:12:05 - [TEST_STEP][PASSED] - verifyElementVisible(findTestObject("Object Repository/Page_The Story and Evolution of Doodles - G_6e786d/h1_The story behind Doodles")): Object 'Object Repository/Page_The Story and Evolution of Doodles - G_6e786d/h1_The story behind Doodles' is visible

07-06-2024T14:12:05 - [MESSAGE][PASSED] - Object 'Object Repository/Page_The Story and Evolution of Doodles - G_6e786d/h1_The story behind Doodles' is visible

07-06-2024T14:12:05 - [TEST_STEP][PASSED] - verifyElementVisible(findTestObject("Object Repository/Page_The Story and Evolution of Doodles - G_6e786d/p_The first Doodle was a simple out-of-offi_345e61")): Object 'Object Repository/Page_The Story and Evolution of Doodles - G_6e786d/p_The first Doodle was a simple out-of-offi_345e61' is visible

07-06-2024T14:12:05 - [MESSAGE][PASSED] - Object 'Object Repository/Page_The Story and Evolution of Doodles - G_6e786d/p_The first Doodle was a simple out-of-offi_345e61' is visible

07-06-2024T14:12:05 - [TEST_STEP][PASSED] - verifyElementVisible(findTestObject("Object Repository/Page_The Story and Evolution of Doodles - G_6e786d/h2_Weve created more than 5,000 Doodles ove_111429")): Object 'Object Repository/Page_The Story and Evolution of Doodles - G_6e786d/h2_Weve created more than 5,000 Doodles ove_111429' is visible

07-06-2024T14:12:05 - [MESSAGE][PASSED] - Object 'Object Repository/Page_The Story and Evolution of Doodles - G_6e786d/h2_Weve created more than 5,000 Doodles ove_111429' is visible

07-06-2024T14:12:05 - [TEST_STEP][PASSED] - verifyElementVisible(findTestObject("Object Repository/Page_The Story and Evolution of Doodles - G_6e786d/h1_The story behind Doodles")): Object 'Object Repository/Page_The Story and Evolution of Doodles - G_6e786d/h1_The story behind Doodles' is visible

07-06-2024T14:12:05 - [MESSAGE][PASSED] - Object 'Object Repository/Page_The Story and Evolution of Doodles - G_6e786d/h1_The story behind Doodles' is visible

07-06-2024T14:12:05 - [TEST_STEP][PASSED] - verifyElementVisible(findTestObject("Object Repository/Page_The Story and Evolution of Doodles - G_6e786d/p_The first Doodle was a simple out-of-offi_345e61")): Object 'Object Repository/Page_The Story and Evolution of Doodles - G_6e786d/p_The first Doodle was a simple out-of-offi_345e61' is visible

07-06-2024T14:12:05 - [MESSAGE][PASSED] - Object 'Object Repository/Page_The Story and Evolution of Doodles - G_6e786d/p_The first Doodle was a simple out-of-offi_345e61' is visible

07-06-2024T14:12:05 - [TEST_STEP][PASSED] - verifyElementVisible(findTestObject("Object Repository/Page_The Story and Evolution of Doodles - G_6e786d/h2_Weve created more than 5,000 Doodles ove_111429")): Object 'Object Repository/Page_The Story and Evolution of Doodles - G_6e786d/h2_Weve created more than 5,000 Doodles ove_111429' is visible

07-06-2024T14:12:05 - [MESSAGE][PASSED] - Object 'Object Repository/Page_The Story and Evolution of Doodles - G_6e786d/h2_Weve created more than 5,000 Doodles ove_111429' is visible

07-06-2024T14:12:05 - [TEST_STEP][PASSED] - click(findTestObject("Object Repository/Page_The Story and Evolution of Doodles - G_6e786d/p_The first Doodle was a simple out-of-offi_345e61")): Object: 'Object Repository/Page_The Story and Evolution of Doodles - G_6e786d/p_The first Doodle was a simple out-of-offi_345e61' is clicked on

07-06-2024T14:12:05 - [MESSAGE][PASSED] - Object: 'Object Repository/Page_The Story and Evolution of Doodles - G_6e786d/p_The first Doodle was a simple out-of-offi_345e61' is clicked on

07-06-2024T14:12:05 - [TEST_STEP][PASSED] - verifyElementVisible(findTestObject("Object Repository/Page_The Story and Evolution of Doodles - G_6e786d/h1_The story behind Doodles")): Object 'Object Repository/Page_The Story and Evolution of Doodles - G_6e786d/h1_The story behind Doodles' is visible

07-06-2024T14:12:05 - [MESSAGE][PASSED] - Object 'Object Repository/Page_The Story and Evolution of Doodles - G_6e786d/h1_The story behind Doodles' is visible

07-06-2024T14:12:05 - [TEST_STEP][PASSED] - verifyElementVisible(findTestObject("Object Repository/Page_The Story and Evolution of Doodles - G_6e786d/p_The first Doodle was a simple out-of-offi_345e61")): Object 'Object Repository/Page_The Story and Evolution of Doodles - G_6e786d/p_The first Doodle was a simple out-of-offi_345e61' is visible

07-06-2024T14:12:05 - [MESSAGE][PASSED] - Object 'Object Repository/Page_The Story and Evolution of Doodles - G_6e786d/p_The first Doodle was a simple out-of-offi_345e61' is visible

07-06-2024T14:12:05 - [TEST_STEP][PASSED] - verifyElementVisible(findTestObject("Object Repository/Page_The Story and Evolution of Doodles - G_6e786d/h2_Weve created more than 5,000 Doodles ove_111429")): Object 'Object Repository/Page_The Story and Evolution of Doodles - G_6e786d/h2_Weve created more than 5,000 Doodles ove_111429' is visible

07-06-2024T14:12:05 - [MESSAGE][PASSED] - Object 'Object Repository/Page_The Story and Evolution of Doodles - G_6e786d/h2_Weve created more than 5,000 Doodles ove_111429' is visible

07-06-2024T14:12:05 - [TEST_STEP][PASSED] - click(findTestObject("Object Repository/Page_The Story and Evolution of Doodles - G_6e786d/p_The first Doodle was a simple out-of-offi_345e61")): Object: 'Object Repository/Page_The Story and Evolution of Doodles - G_6e786d/p_The first Doodle was a simple out-of-offi_345e61' is clicked on

07-06-2024T14:12:06 - [MESSAGE][PASSED] - Object: 'Object Repository/Page_The Story and Evolution of Doodles - G_6e786d/p_The first Doodle was a simple out-of-offi_345e61' is clicked on

07-06-2024T14:12:06 - [TEST_STEP][PASSED] - verifyElementVisible(findTestObject("Object Repository/Page_The Story and Evolution of Doodles - G_6e786d/h1_The story behind Doodles")): Object 'Object Repository/Page_The Story and Evolution of Doodles - G_6e786d/h1_The story behind Doodles' is visible

07-06-2024T14:12:06 - [MESSAGE][PASSED] - Object 'Object Repository/Page_The Story and Evolution of Doodles - G_6e786d/h1_The story behind Doodles' is visible

07-06-2024T14:12:06 - [TEST_STEP][PASSED] - verifyElementVisible(findTestObject("Object Repository/Page_The Story and Evolution of Doodles - G_6e786d/p_The first Doodle was a simple out-of-offi_345e61")): Object 'Object Repository/Page_The Story and Evolution of Doodles - G_6e786d/p_The first Doodle was a simple out-of-offi_345e61' is visible

07-06-2024T14:12:06 - [MESSAGE][PASSED] - Object 'Object Repository/Page_The Story and Evolution of Doodles - G_6e786d/p_The first Doodle was a simple out-of-offi_345e61' is visible

07-06-2024T14:12:06 - [TEST_STEP][PASSED] - verifyElementVisible(findTestObject("Object Repository/Page_The Story and Evolution of Doodles - G_6e786d/h2_Weve created more than 5,000 Doodles ove_111429")): Object 'Object Repository/Page_The Story and Evolution of Doodles - G_6e786d/h2_Weve created more than 5,000 Doodles ove_111429' is visible

07-06-2024T14:12:06 - [MESSAGE][PASSED] - Object 'Object Repository/Page_The Story and Evolution of Doodles - G_6e786d/h2_Weve created more than 5,000 Doodles ove_111429' is visible

07-06-2024T14:12:06 - [TEST_STEP][PASSED] - click(findTestObject("Object Repository/Page_The Story and Evolution of Doodles - G_6e786d/p_The first Doodle was a simple out-of-offi_345e61")): Object: 'Object Repository/Page_The Story and Evolution of Doodles - G_6e786d/p_The first Doodle was a simple out-of-offi_345e61' is clicked on

07-06-2024T14:12:06 - [MESSAGE][PASSED] - Object: 'Object Repository/Page_The Story and Evolution of Doodles - G_6e786d/p_The first Doodle was a simple out-of-offi_345e61' is clicked on

07-06-2024T14:12:06 - [TEST_STEP][PASSED] - verifyElementVisible(findTestObject("Object Repository/Page_The Story and Evolution of Doodles - G_6e786d/h1_The story behind Doodles")): Object 'Object Repository/Page_The Story and Evolution of Doodles - G_6e786d/h1_The story behind Doodles' is visible

07-06-2024T14:12:06 - [MESSAGE][PASSED] - Object 'Object Repository/Page_The Story and Evolution of Doodles - G_6e786d/h1_The story behind Doodles' is visible

07-06-2024T14:12:06 - [TEST_STEP][PASSED] - verifyElementVisible(findTestObject("Object Repository/Page_The Story and Evolution of Doodles - G_6e786d/p_The first Doodle was a simple out-of-offi_345e61")): Object 'Object Repository/Page_The Story and Evolution of Doodles - G_6e786d/p_The first Doodle was a simple out-of-offi_345e61' is visible

07-06-2024T14:12:06 - [MESSAGE][PASSED] - Object 'Object Repository/Page_The Story and Evolution of Doodles - G_6e786d/p_The first Doodle was a simple out-of-offi_345e61' is visible

07-06-2024T14:12:06 - [TEST_STEP][PASSED] - verifyElementVisible(findTestObject("Object Repository/Page_The Story and Evolution of Doodles - G_6e786d/h2_Weve created more than 5,000 Doodles ove_111429")): Object 'Object Repository/Page_The Story and Evolution of Doodles - G_6e786d/h2_Weve created more than 5,000 Doodles ove_111429' is visible

07-06-2024T14:12:06 - [MESSAGE][PASSED] - Object 'Object Repository/Page_The Story and Evolution of Doodles - G_6e786d/h2_Weve created more than 5,000 Doodles ove_111429' is visible

07-06-2024T14:12:06 - [TEST_STEP][PASSED] - click(findTestObject("Object Repository/Page_The Story and Evolution of Doodles - G_6e786d/p_The first Doodle was a simple out-of-offi_345e61")): Object: 'Object Repository/Page_The Story and Evolution of Doodles - G_6e786d/p_The first Doodle was a simple out-of-offi_345e61' is clicked on

07-06-2024T14:12:06 - [MESSAGE][PASSED] - Object: 'Object Repository/Page_The Story and Evolution of Doodles - G_6e786d/p_The first Doodle was a simple out-of-offi_345e61' is clicked on

07-06-2024T14:12:06 - [TEST_STEP][PASSED] - verifyElementVisible(findTestObject("Object Repository/Page_The Story and Evolution of Doodles - G_6e786d/h1_The story behind Doodles")): Object 'Object Repository/Page_The Story and Evolution of Doodles - G_6e786d/h1_The story behind Doodles' is visible

07-06-2024T14:12:06 - [MESSAGE][PASSED] - Object 'Object Repository/Page_The Story and Evolution of Doodles - G_6e786d/h1_The story behind Doodles' is visible

07-06-2024T14:12:06 - [TEST_STEP][PASSED] - verifyElementVisible(findTestObject("Object Repository/Page_The Story and Evolution of Doodles - G_6e786d/p_The first Doodle was a simple out-of-offi_345e61")): Object 'Object Repository/Page_The Story and Evolution of Doodles - G_6e786d/p_The first Doodle was a simple out-of-offi_345e61' is visible

07-06-2024T14:12:06 - [MESSAGE][PASSED] - Object 'Object Repository/Page_The Story and Evolution of Doodles - G_6e786d/p_The first Doodle was a simple out-of-offi_345e61' is visible

07-06-2024T14:12:06 - [TEST_STEP][PASSED] - verifyElementVisible(findTestObject("Object Repository/Page_The Story and Evolution of Doodles - G_6e786d/h2_Weve created more than 5,000 Doodles ove_111429")): Object 'Object Repository/Page_The Story and Evolution of Doodles - G_6e786d/h2_Weve created more than 5,000 Doodles ove_111429' is visible

07-06-2024T14:12:06 - [MESSAGE][PASSED] - Object 'Object Repository/Page_The Story and Evolution of Doodles - G_6e786d/h2_Weve created more than 5,000 Doodles ove_111429' is visible

07-06-2024T14:12:06 - [TEST_STEP][PASSED] - click(findTestObject("Object Repository/Page_The Story and Evolution of Doodles - G_6e786d/p_The first Doodle was a simple out-of-offi_345e61")): Object: 'Object Repository/Page_The Story and Evolution of Doodles - G_6e786d/p_The first Doodle was a simple out-of-offi_345e61' is clicked on

07-06-2024T14:12:07 - [MESSAGE][PASSED] - Object: 'Object Repository/Page_The Story and Evolution of Doodles - G_6e786d/p_The first Doodle was a simple out-of-offi_345e61' is clicked on

07-06-2024T14:12:07 - [TEST_STEP][PASSED] - verifyElementVisible(findTestObject("Object Repository/Page_The Story and Evolution of Doodles - G_6e786d/h1_The story behind Doodles")): Object 'Object Repository/Page_The Story and Evolution of Doodles - G_6e786d/h1_The story behind Doodles' is visible

07-06-2024T14:12:07 - [MESSAGE][PASSED] - Object 'Object Repository/Page_The Story and Evolution of Doodles - G_6e786d/h1_The story behind Doodles' is visible

07-06-2024T14:12:07 - [TEST_STEP][PASSED] - verifyElementVisible(findTestObject("Object Repository/Page_The Story and Evolution of Doodles - G_6e786d/p_The first Doodle was a simple out-of-offi_345e61")): Object 'Object Repository/Page_The Story and Evolution of Doodles - G_6e786d/p_The first Doodle was a simple out-of-offi_345e61' is visible

07-06-2024T14:12:07 - [MESSAGE][PASSED] - Object 'Object Repository/Page_The Story and Evolution of Doodles - G_6e786d/p_The first Doodle was a simple out-of-offi_345e61' is visible

07-06-2024T14:12:07 - [TEST_STEP][PASSED] - verifyElementVisible(findTestObject("Object Repository/Page_The Story and Evolution of Doodles - G_6e786d/h2_Weve created more than 5,000 Doodles ove_111429")): Object 'Object Repository/Page_The Story and Evolution of Doodles - G_6e786d/h2_Weve created more than 5,000 Doodles ove_111429' is visible

07-06-2024T14:12:07 - [MESSAGE][PASSED] - Object 'Object Repository/Page_The Story and Evolution of Doodles - G_6e786d/h2_Weve created more than 5,000 Doodles ove_111429' is visible

07-06-2024T14:12:07 - [TEST_STEP][PASSED] - click(findTestObject("Object Repository/Page_The Story and Evolution of Doodles - G_6e786d/p_The first Doodle was a simple out-of-offi_345e61")): Object: 'Object Repository/Page_The Story and Evolution of Doodles - G_6e786d/p_The first Doodle was a simple out-of-offi_345e61' is clicked on

07-06-2024T14:12:07 - [MESSAGE][PASSED] - Object: 'Object Repository/Page_The Story and Evolution of Doodles - G_6e786d/p_The first Doodle was a simple out-of-offi_345e61' is clicked on

07-06-2024T14:12:07 - [TEST_STEP][PASSED] - verifyElementVisible(findTestObject("Object Repository/Page_The Story and Evolution of Doodles - G_6e786d/h1_The story behind Doodles")): Object 'Object Repository/Page_The Story and Evolution of Doodles - G_6e786d/h1_The story behind Doodles' is visible

07-06-2024T14:12:07 - [MESSAGE][PASSED] - Object 'Object Repository/Page_The Story and Evolution of Doodles - G_6e786d/h1_The story behind Doodles' is visible

07-06-2024T14:12:07 - [TEST_STEP][PASSED] - verifyElementVisible(findTestObject("Object Repository/Page_The Story and Evolution of Doodles - G_6e786d/p_The first Doodle was a simple out-of-offi_345e61")): Object 'Object Repository/Page_The Story and Evolution of Doodles - G_6e786d/p_The first Doodle was a simple out-of-offi_345e61' is visible

07-06-2024T14:12:07 - [MESSAGE][PASSED] - Object 'Object Repository/Page_The Story and Evolution of Doodles - G_6e786d/p_The first Doodle was a simple out-of-offi_345e61' is visible

07-06-2024T14:12:07 - [TEST_STEP][PASSED] - verifyElementVisible(findTestObject("Object Repository/Page_The Story and Evolution of Doodles - G_6e786d/h2_Weve created more than 5,000 Doodles ove_111429")): Object 'Object Repository/Page_The Story and Evolution of Doodles - G_6e786d/h2_Weve created more than 5,000 Doodles ove_111429' is visible

07-06-2024T14:12:07 - [MESSAGE][PASSED] - Object 'Object Repository/Page_The Story and Evolution of Doodles - G_6e786d/h2_Weve created more than 5,000 Doodles ove_111429' is visible

07-06-2024T14:12:07 - [TEST_STEP][PASSED] - click(findTestObject("Object Repository/Page_The Story and Evolution of Doodles - G_6e786d/p_The first Doodle was a simple out-of-offi_345e61")): Object: 'Object Repository/Page_The Story and Evolution of Doodles - G_6e786d/p_The first Doodle was a simple out-of-offi_345e61' is clicked on

07-06-2024T14:12:07 - [MESSAGE][PASSED] - Object: 'Object Repository/Page_The Story and Evolution of Doodles - G_6e786d/p_The first Doodle was a simple out-of-offi_345e61' is clicked on

07-06-2024T14:12:07 - [TEST_STEP][PASSED] - verifyElementVisible(findTestObject("Object Repository/Page_The Story and Evolution of Doodles - G_6e786d/h1_The story behind Doodles")): Object 'Object Repository/Page_The Story and Evolution of Doodles - G_6e786d/h1_The story behind Doodles' is visible

07-06-2024T14:12:07 - [MESSAGE][PASSED] - Object 'Object Repository/Page_The Story and Evolution of Doodles - G_6e786d/h1_The story behind Doodles' is visible

07-06-2024T14:12:07 - [TEST_STEP][PASSED] - verifyElementVisible(findTestObject("Object Repository/Page_The Story and Evolution of Doodles - G_6e786d/p_The first Doodle was a simple out-of-offi_345e61")): Object 'Object Repository/Page_The Story and Evolution of Doodles - G_6e786d/p_The first Doodle was a simple out-of-offi_345e61' is visible

07-06-2024T14:12:07 - [MESSAGE][PASSED] - Object 'Object Repository/Page_The Story and Evolution of Doodles - G_6e786d/p_The first Doodle was a simple out-of-offi_345e61' is visible

07-06-2024T14:12:07 - [TEST_STEP][PASSED] - verifyElementVisible(findTestObject("Object Repository/Page_The Story and Evolution of Doodles - G_6e786d/h2_Weve created more than 5,000 Doodles ove_111429")): Object 'Object Repository/Page_The Story and Evolution of Doodles - G_6e786d/h2_Weve created more than 5,000 Doodles ove_111429' is visible

07-06-2024T14:12:07 - [MESSAGE][PASSED] - Object 'Object Repository/Page_The Story and Evolution of Doodles - G_6e786d/h2_Weve created more than 5,000 Doodles ove_111429' is visible

07-06-2024T14:12:07 - [TEST_STEP][PASSED] - click(findTestObject("Object Repository/Page_The Story and Evolution of Doodles - G_6e786d/p_The first Doodle was a simple out-of-offi_345e61")): Object: 'Object Repository/Page_The Story and Evolution of Doodles - G_6e786d/p_The first Doodle was a simple out-of-offi_345e61' is clicked on

07-06-2024T14:12:08 - [MESSAGE][PASSED] - Object: 'Object Repository/Page_The Story and Evolution of Doodles - G_6e786d/p_The first Doodle was a simple out-of-offi_345e61' is clicked on

07-06-2024T14:12:08 - [TEST_STEP][PASSED] - verifyElementVisible(findTestObject("Object Repository/Page_The Story and Evolution of Doodles - G_6e786d/h1_The story behind Doodles")): Object 'Object Repository/Page_The Story and Evolution of Doodles - G_6e786d/h1_The story behind Doodles' is visible

07-06-2024T14:12:08 - [MESSAGE][PASSED] - Object 'Object Repository/Page_The Story and Evolution of Doodles - G_6e786d/h1_The story behind Doodles' is visible

07-06-2024T14:12:08 - [TEST_STEP][PASSED] - verifyElementVisible(findTestObject("Object Repository/Page_The Story and Evolution of Doodles - G_6e786d/p_The first Doodle was a simple out-of-offi_345e61")): Object 'Object Repository/Page_The Story and Evolution of Doodles - G_6e786d/p_The first Doodle was a simple out-of-offi_345e61' is visible

07-06-2024T14:12:08 - [MESSAGE][PASSED] - Object 'Object Repository/Page_The Story and Evolution of Doodles - G_6e786d/p_The first Doodle was a simple out-of-offi_345e61' is visible

07-06-2024T14:12:08 - [TEST_STEP][PASSED] - verifyElementVisible(findTestObject("Object Repository/Page_The Story and Evolution of Doodles - G_6e786d/h2_Weve created more than 5,000 Doodles ove_111429")): Object 'Object Repository/Page_The Story and Evolution of Doodles - G_6e786d/h2_Weve created more than 5,000 Doodles ove_111429' is visible

07-06-2024T14:12:08 - [MESSAGE][PASSED] - Object 'Object Repository/Page_The Story and Evolution of Doodles - G_6e786d/h2_Weve created more than 5,000 Doodles ove_111429' is visible

07-06-2024T14:12:08 - [TEST_STEP][PASSED] - click(findTestObject("Object Repository/Page_The Story and Evolution of Doodles - G_6e786d/p_The first Doodle was a simple out-of-offi_345e61")): Object: 'Object Repository/Page_The Story and Evolution of Doodles - G_6e786d/p_The first Doodle was a simple out-of-offi_345e61' is clicked on

07-06-2024T14:12:08 - [MESSAGE][PASSED] - Object: 'Object Repository/Page_The Story and Evolution of Doodles - G_6e786d/p_The first Doodle was a simple out-of-offi_345e61' is clicked on

07-06-2024T14:12:08 - [TEST_STEP][PASSED] - verifyElementVisible(findTestObject("Object Repository/Page_The Story and Evolution of Doodles - G_6e786d/h1_The story behind Doodles")): Object 'Object Repository/Page_The Story and Evolution of Doodles - G_6e786d/h1_The story behind Doodles' is visible

07-06-2024T14:12:08 - [MESSAGE][PASSED] - Object 'Object Repository/Page_The Story and Evolution of Doodles - G_6e786d/h1_The story behind Doodles' is visible

07-06-2024T14:12:08 - [TEST_STEP][PASSED] - verifyElementVisible(findTestObject("Object Repository/Page_The Story and Evolution of Doodles - G_6e786d/p_The first Doodle was a simple out-of-offi_345e61")): Object 'Object Repository/Page_The Story and Evolution of Doodles - G_6e786d/p_The first Doodle was a simple out-of-offi_345e61' is visible

07-06-2024T14:12:08 - [MESSAGE][PASSED] - Object 'Object Repository/Page_The Story and Evolution of Doodles - G_6e786d/p_The first Doodle was a simple out-of-offi_345e61' is visible

07-06-2024T14:12:08 - [TEST_STEP][PASSED] - verifyElementVisible(findTestObject("Object Repository/Page_The Story and Evolution of Doodles - G_6e786d/h2_Weve created more than 5,000 Doodles ove_111429")): Object 'Object Repository/Page_The Story and Evolution of Doodles - G_6e786d/h2_Weve created more than 5,000 Doodles ove_111429' is visible

07-06-2024T14:12:08 - [MESSAGE][PASSED] - Object 'Object Repository/Page_The Story and Evolution of Doodles - G_6e786d/h2_Weve created more than 5,000 Doodles ove_111429' is visible]]></system-out>
         <system-err><![CDATA[]]></system-err>
      </testcase>
      <testcase name="Test Cases/test case folder 1/tc1 - Copy (7) - Copy (6)" time="8.538" classname="Test Cases/test case folder 1/tc1 - Copy (7) - Copy (6)" status="PASSED">
         <system-out><![CDATA[07-06-2024T14:12:08 - [TEST_CASE][PASSED] - Test Cases/test case folder 1/tc1 - Copy (7) - Copy (6): Test Cases/test case folder 1/tc1 - Copy (7) - Copy (6)

07-06-2024T14:12:08 - [TEST_STEP][PASSED] - openBrowser(""): Browser is opened with url: ''

07-06-2024T14:12:08 - [MESSAGE][WARNING] - A browser is already opened. Closing browser and opening a new one

07-06-2024T14:12:09 - [MESSAGE][INFO] - Starting 'Firefox (headless)' driver

07-06-2024T14:12:09 - [MESSAGE][INFO] - Action delay is set to 0 milliseconds

07-06-2024T14:12:11 - [MESSAGE][PASSED] - Browser is opened with url: ''

07-06-2024T14:12:11 - [TEST_STEP][PASSED] - navigateToUrl("https://doodles.google/about/"): Navigate to 'https://doodles.google/about/' successfully

07-06-2024T14:12:13 - [MESSAGE][PASSED] - Navigate to 'https://doodles.google/about/' successfully

07-06-2024T14:12:13 - [TEST_STEP][PASSED] - click(findTestObject("Object Repository/Page_The Story and Evolution of Doodles - G_6e786d/p_The first Doodle was a simple out-of-offi_345e61")): Object: 'Object Repository/Page_The Story and Evolution of Doodles - G_6e786d/p_The first Doodle was a simple out-of-offi_345e61' is clicked on

07-06-2024T14:12:13 - [MESSAGE][PASSED] - Object: 'Object Repository/Page_The Story and Evolution of Doodles - G_6e786d/p_The first Doodle was a simple out-of-offi_345e61' is clicked on

07-06-2024T14:12:13 - [TEST_STEP][PASSED] - click(findTestObject("Object Repository/Page_The Story and Evolution of Doodles - G_6e786d/p_The first Doodle was a simple out-of-offi_345e61")): Object: 'Object Repository/Page_The Story and Evolution of Doodles - G_6e786d/p_The first Doodle was a simple out-of-offi_345e61' is clicked on

07-06-2024T14:12:13 - [MESSAGE][PASSED] - Object: 'Object Repository/Page_The Story and Evolution of Doodles - G_6e786d/p_The first Doodle was a simple out-of-offi_345e61' is clicked on

07-06-2024T14:12:13 - [TEST_STEP][PASSED] - verifyElementVisible(findTestObject("Object Repository/Page_The Story and Evolution of Doodles - G_6e786d/h1_The story behind Doodles")): Object 'Object Repository/Page_The Story and Evolution of Doodles - G_6e786d/h1_The story behind Doodles' is visible

07-06-2024T14:12:13 - [MESSAGE][PASSED] - Object 'Object Repository/Page_The Story and Evolution of Doodles - G_6e786d/h1_The story behind Doodles' is visible

07-06-2024T14:12:13 - [TEST_STEP][PASSED] - verifyElementVisible(findTestObject("Object Repository/Page_The Story and Evolution of Doodles - G_6e786d/p_The first Doodle was a simple out-of-offi_345e61")): Object 'Object Repository/Page_The Story and Evolution of Doodles - G_6e786d/p_The first Doodle was a simple out-of-offi_345e61' is visible

07-06-2024T14:12:14 - [MESSAGE][PASSED] - Object 'Object Repository/Page_The Story and Evolution of Doodles - G_6e786d/p_The first Doodle was a simple out-of-offi_345e61' is visible

07-06-2024T14:12:14 - [TEST_STEP][PASSED] - verifyElementVisible(findTestObject("Object Repository/Page_The Story and Evolution of Doodles - G_6e786d/h2_Weve created more than 5,000 Doodles ove_111429")): Object 'Object Repository/Page_The Story and Evolution of Doodles - G_6e786d/h2_Weve created more than 5,000 Doodles ove_111429' is visible

07-06-2024T14:12:14 - [MESSAGE][PASSED] - Object 'Object Repository/Page_The Story and Evolution of Doodles - G_6e786d/h2_Weve created more than 5,000 Doodles ove_111429' is visible

07-06-2024T14:12:14 - [TEST_STEP][PASSED] - verifyElementVisible(findTestObject("Object Repository/Page_The Story and Evolution of Doodles - G_6e786d/h1_The story behind Doodles")): Object 'Object Repository/Page_The Story and Evolution of Doodles - G_6e786d/h1_The story behind Doodles' is visible

07-06-2024T14:12:14 - [MESSAGE][PASSED] - Object 'Object Repository/Page_The Story and Evolution of Doodles - G_6e786d/h1_The story behind Doodles' is visible

07-06-2024T14:12:14 - [TEST_STEP][PASSED] - verifyElementVisible(findTestObject("Object Repository/Page_The Story and Evolution of Doodles - G_6e786d/p_The first Doodle was a simple out-of-offi_345e61")): Object 'Object Repository/Page_The Story and Evolution of Doodles - G_6e786d/p_The first Doodle was a simple out-of-offi_345e61' is visible

07-06-2024T14:12:14 - [MESSAGE][PASSED] - Object 'Object Repository/Page_The Story and Evolution of Doodles - G_6e786d/p_The first Doodle was a simple out-of-offi_345e61' is visible

07-06-2024T14:12:14 - [TEST_STEP][PASSED] - verifyElementVisible(findTestObject("Object Repository/Page_The Story and Evolution of Doodles - G_6e786d/h2_Weve created more than 5,000 Doodles ove_111429")): Object 'Object Repository/Page_The Story and Evolution of Doodles - G_6e786d/h2_Weve created more than 5,000 Doodles ove_111429' is visible

07-06-2024T14:12:14 - [MESSAGE][PASSED] - Object 'Object Repository/Page_The Story and Evolution of Doodles - G_6e786d/h2_Weve created more than 5,000 Doodles ove_111429' is visible

07-06-2024T14:12:14 - [TEST_STEP][PASSED] - click(findTestObject("Object Repository/Page_The Story and Evolution of Doodles - G_6e786d/p_The first Doodle was a simple out-of-offi_345e61")): Object: 'Object Repository/Page_The Story and Evolution of Doodles - G_6e786d/p_The first Doodle was a simple out-of-offi_345e61' is clicked on

07-06-2024T14:12:14 - [MESSAGE][PASSED] - Object: 'Object Repository/Page_The Story and Evolution of Doodles - G_6e786d/p_The first Doodle was a simple out-of-offi_345e61' is clicked on

07-06-2024T14:12:14 - [TEST_STEP][PASSED] - verifyElementVisible(findTestObject("Object Repository/Page_The Story and Evolution of Doodles - G_6e786d/h1_The story behind Doodles")): Object 'Object Repository/Page_The Story and Evolution of Doodles - G_6e786d/h1_The story behind Doodles' is visible

07-06-2024T14:12:14 - [MESSAGE][PASSED] - Object 'Object Repository/Page_The Story and Evolution of Doodles - G_6e786d/h1_The story behind Doodles' is visible

07-06-2024T14:12:14 - [TEST_STEP][PASSED] - verifyElementVisible(findTestObject("Object Repository/Page_The Story and Evolution of Doodles - G_6e786d/p_The first Doodle was a simple out-of-offi_345e61")): Object 'Object Repository/Page_The Story and Evolution of Doodles - G_6e786d/p_The first Doodle was a simple out-of-offi_345e61' is visible

07-06-2024T14:12:14 - [MESSAGE][PASSED] - Object 'Object Repository/Page_The Story and Evolution of Doodles - G_6e786d/p_The first Doodle was a simple out-of-offi_345e61' is visible

07-06-2024T14:12:14 - [TEST_STEP][PASSED] - verifyElementVisible(findTestObject("Object Repository/Page_The Story and Evolution of Doodles - G_6e786d/h2_Weve created more than 5,000 Doodles ove_111429")): Object 'Object Repository/Page_The Story and Evolution of Doodles - G_6e786d/h2_Weve created more than 5,000 Doodles ove_111429' is visible

07-06-2024T14:12:14 - [MESSAGE][PASSED] - Object 'Object Repository/Page_The Story and Evolution of Doodles - G_6e786d/h2_Weve created more than 5,000 Doodles ove_111429' is visible

07-06-2024T14:12:14 - [TEST_STEP][PASSED] - click(findTestObject("Object Repository/Page_The Story and Evolution of Doodles - G_6e786d/p_The first Doodle was a simple out-of-offi_345e61")): Object: 'Object Repository/Page_The Story and Evolution of Doodles - G_6e786d/p_The first Doodle was a simple out-of-offi_345e61' is clicked on

07-06-2024T14:12:14 - [MESSAGE][PASSED] - Object: 'Object Repository/Page_The Story and Evolution of Doodles - G_6e786d/p_The first Doodle was a simple out-of-offi_345e61' is clicked on

07-06-2024T14:12:14 - [TEST_STEP][PASSED] - verifyElementVisible(findTestObject("Object Repository/Page_The Story and Evolution of Doodles - G_6e786d/h1_The story behind Doodles")): Object 'Object Repository/Page_The Story and Evolution of Doodles - G_6e786d/h1_The story behind Doodles' is visible

07-06-2024T14:12:14 - [MESSAGE][PASSED] - Object 'Object Repository/Page_The Story and Evolution of Doodles - G_6e786d/h1_The story behind Doodles' is visible

07-06-2024T14:12:14 - [TEST_STEP][PASSED] - verifyElementVisible(findTestObject("Object Repository/Page_The Story and Evolution of Doodles - G_6e786d/p_The first Doodle was a simple out-of-offi_345e61")): Object 'Object Repository/Page_The Story and Evolution of Doodles - G_6e786d/p_The first Doodle was a simple out-of-offi_345e61' is visible

07-06-2024T14:12:14 - [MESSAGE][PASSED] - Object 'Object Repository/Page_The Story and Evolution of Doodles - G_6e786d/p_The first Doodle was a simple out-of-offi_345e61' is visible

07-06-2024T14:12:14 - [TEST_STEP][PASSED] - verifyElementVisible(findTestObject("Object Repository/Page_The Story and Evolution of Doodles - G_6e786d/h2_Weve created more than 5,000 Doodles ove_111429")): Object 'Object Repository/Page_The Story and Evolution of Doodles - G_6e786d/h2_Weve created more than 5,000 Doodles ove_111429' is visible

07-06-2024T14:12:14 - [MESSAGE][PASSED] - Object 'Object Repository/Page_The Story and Evolution of Doodles - G_6e786d/h2_Weve created more than 5,000 Doodles ove_111429' is visible

07-06-2024T14:12:14 - [TEST_STEP][PASSED] - click(findTestObject("Object Repository/Page_The Story and Evolution of Doodles - G_6e786d/p_The first Doodle was a simple out-of-offi_345e61")): Object: 'Object Repository/Page_The Story and Evolution of Doodles - G_6e786d/p_The first Doodle was a simple out-of-offi_345e61' is clicked on

07-06-2024T14:12:15 - [MESSAGE][PASSED] - Object: 'Object Repository/Page_The Story and Evolution of Doodles - G_6e786d/p_The first Doodle was a simple out-of-offi_345e61' is clicked on

07-06-2024T14:12:15 - [TEST_STEP][PASSED] - verifyElementVisible(findTestObject("Object Repository/Page_The Story and Evolution of Doodles - G_6e786d/h1_The story behind Doodles")): Object 'Object Repository/Page_The Story and Evolution of Doodles - G_6e786d/h1_The story behind Doodles' is visible

07-06-2024T14:12:15 - [MESSAGE][PASSED] - Object 'Object Repository/Page_The Story and Evolution of Doodles - G_6e786d/h1_The story behind Doodles' is visible

07-06-2024T14:12:15 - [TEST_STEP][PASSED] - verifyElementVisible(findTestObject("Object Repository/Page_The Story and Evolution of Doodles - G_6e786d/p_The first Doodle was a simple out-of-offi_345e61")): Object 'Object Repository/Page_The Story and Evolution of Doodles - G_6e786d/p_The first Doodle was a simple out-of-offi_345e61' is visible

07-06-2024T14:12:15 - [MESSAGE][PASSED] - Object 'Object Repository/Page_The Story and Evolution of Doodles - G_6e786d/p_The first Doodle was a simple out-of-offi_345e61' is visible

07-06-2024T14:12:15 - [TEST_STEP][PASSED] - verifyElementVisible(findTestObject("Object Repository/Page_The Story and Evolution of Doodles - G_6e786d/h2_Weve created more than 5,000 Doodles ove_111429")): Object 'Object Repository/Page_The Story and Evolution of Doodles - G_6e786d/h2_Weve created more than 5,000 Doodles ove_111429' is visible

07-06-2024T14:12:15 - [MESSAGE][PASSED] - Object 'Object Repository/Page_The Story and Evolution of Doodles - G_6e786d/h2_Weve created more than 5,000 Doodles ove_111429' is visible

07-06-2024T14:12:15 - [TEST_STEP][PASSED] - click(findTestObject("Object Repository/Page_The Story and Evolution of Doodles - G_6e786d/p_The first Doodle was a simple out-of-offi_345e61")): Object: 'Object Repository/Page_The Story and Evolution of Doodles - G_6e786d/p_The first Doodle was a simple out-of-offi_345e61' is clicked on

07-06-2024T14:12:15 - [MESSAGE][PASSED] - Object: 'Object Repository/Page_The Story and Evolution of Doodles - G_6e786d/p_The first Doodle was a simple out-of-offi_345e61' is clicked on

07-06-2024T14:12:15 - [TEST_STEP][PASSED] - verifyElementVisible(findTestObject("Object Repository/Page_The Story and Evolution of Doodles - G_6e786d/h1_The story behind Doodles")): Object 'Object Repository/Page_The Story and Evolution of Doodles - G_6e786d/h1_The story behind Doodles' is visible

07-06-2024T14:12:15 - [MESSAGE][PASSED] - Object 'Object Repository/Page_The Story and Evolution of Doodles - G_6e786d/h1_The story behind Doodles' is visible

07-06-2024T14:12:15 - [TEST_STEP][PASSED] - verifyElementVisible(findTestObject("Object Repository/Page_The Story and Evolution of Doodles - G_6e786d/p_The first Doodle was a simple out-of-offi_345e61")): Object 'Object Repository/Page_The Story and Evolution of Doodles - G_6e786d/p_The first Doodle was a simple out-of-offi_345e61' is visible

07-06-2024T14:12:15 - [MESSAGE][PASSED] - Object 'Object Repository/Page_The Story and Evolution of Doodles - G_6e786d/p_The first Doodle was a simple out-of-offi_345e61' is visible

07-06-2024T14:12:15 - [TEST_STEP][PASSED] - verifyElementVisible(findTestObject("Object Repository/Page_The Story and Evolution of Doodles - G_6e786d/h2_Weve created more than 5,000 Doodles ove_111429")): Object 'Object Repository/Page_The Story and Evolution of Doodles - G_6e786d/h2_Weve created more than 5,000 Doodles ove_111429' is visible

07-06-2024T14:12:15 - [MESSAGE][PASSED] - Object 'Object Repository/Page_The Story and Evolution of Doodles - G_6e786d/h2_Weve created more than 5,000 Doodles ove_111429' is visible

07-06-2024T14:12:15 - [TEST_STEP][PASSED] - click(findTestObject("Object Repository/Page_The Story and Evolution of Doodles - G_6e786d/p_The first Doodle was a simple out-of-offi_345e61")): Object: 'Object Repository/Page_The Story and Evolution of Doodles - G_6e786d/p_The first Doodle was a simple out-of-offi_345e61' is clicked on

07-06-2024T14:12:15 - [MESSAGE][PASSED] - Object: 'Object Repository/Page_The Story and Evolution of Doodles - G_6e786d/p_The first Doodle was a simple out-of-offi_345e61' is clicked on

07-06-2024T14:12:15 - [TEST_STEP][PASSED] - verifyElementVisible(findTestObject("Object Repository/Page_The Story and Evolution of Doodles - G_6e786d/h1_The story behind Doodles")): Object 'Object Repository/Page_The Story and Evolution of Doodles - G_6e786d/h1_The story behind Doodles' is visible

07-06-2024T14:12:15 - [MESSAGE][PASSED] - Object 'Object Repository/Page_The Story and Evolution of Doodles - G_6e786d/h1_The story behind Doodles' is visible

07-06-2024T14:12:15 - [TEST_STEP][PASSED] - verifyElementVisible(findTestObject("Object Repository/Page_The Story and Evolution of Doodles - G_6e786d/p_The first Doodle was a simple out-of-offi_345e61")): Object 'Object Repository/Page_The Story and Evolution of Doodles - G_6e786d/p_The first Doodle was a simple out-of-offi_345e61' is visible

07-06-2024T14:12:15 - [MESSAGE][PASSED] - Object 'Object Repository/Page_The Story and Evolution of Doodles - G_6e786d/p_The first Doodle was a simple out-of-offi_345e61' is visible

07-06-2024T14:12:15 - [TEST_STEP][PASSED] - verifyElementVisible(findTestObject("Object Repository/Page_The Story and Evolution of Doodles - G_6e786d/h2_Weve created more than 5,000 Doodles ove_111429")): Object 'Object Repository/Page_The Story and Evolution of Doodles - G_6e786d/h2_Weve created more than 5,000 Doodles ove_111429' is visible

07-06-2024T14:12:15 - [MESSAGE][PASSED] - Object 'Object Repository/Page_The Story and Evolution of Doodles - G_6e786d/h2_Weve created more than 5,000 Doodles ove_111429' is visible

07-06-2024T14:12:15 - [TEST_STEP][PASSED] - click(findTestObject("Object Repository/Page_The Story and Evolution of Doodles - G_6e786d/p_The first Doodle was a simple out-of-offi_345e61")): Object: 'Object Repository/Page_The Story and Evolution of Doodles - G_6e786d/p_The first Doodle was a simple out-of-offi_345e61' is clicked on

07-06-2024T14:12:16 - [MESSAGE][PASSED] - Object: 'Object Repository/Page_The Story and Evolution of Doodles - G_6e786d/p_The first Doodle was a simple out-of-offi_345e61' is clicked on

07-06-2024T14:12:16 - [TEST_STEP][PASSED] - verifyElementVisible(findTestObject("Object Repository/Page_The Story and Evolution of Doodles - G_6e786d/h1_The story behind Doodles")): Object 'Object Repository/Page_The Story and Evolution of Doodles - G_6e786d/h1_The story behind Doodles' is visible

07-06-2024T14:12:16 - [MESSAGE][PASSED] - Object 'Object Repository/Page_The Story and Evolution of Doodles - G_6e786d/h1_The story behind Doodles' is visible

07-06-2024T14:12:16 - [TEST_STEP][PASSED] - verifyElementVisible(findTestObject("Object Repository/Page_The Story and Evolution of Doodles - G_6e786d/p_The first Doodle was a simple out-of-offi_345e61")): Object 'Object Repository/Page_The Story and Evolution of Doodles - G_6e786d/p_The first Doodle was a simple out-of-offi_345e61' is visible

07-06-2024T14:12:16 - [MESSAGE][PASSED] - Object 'Object Repository/Page_The Story and Evolution of Doodles - G_6e786d/p_The first Doodle was a simple out-of-offi_345e61' is visible

07-06-2024T14:12:16 - [TEST_STEP][PASSED] - verifyElementVisible(findTestObject("Object Repository/Page_The Story and Evolution of Doodles - G_6e786d/h2_Weve created more than 5,000 Doodles ove_111429")): Object 'Object Repository/Page_The Story and Evolution of Doodles - G_6e786d/h2_Weve created more than 5,000 Doodles ove_111429' is visible

07-06-2024T14:12:16 - [MESSAGE][PASSED] - Object 'Object Repository/Page_The Story and Evolution of Doodles - G_6e786d/h2_Weve created more than 5,000 Doodles ove_111429' is visible

07-06-2024T14:12:16 - [TEST_STEP][PASSED] - click(findTestObject("Object Repository/Page_The Story and Evolution of Doodles - G_6e786d/p_The first Doodle was a simple out-of-offi_345e61")): Object: 'Object Repository/Page_The Story and Evolution of Doodles - G_6e786d/p_The first Doodle was a simple out-of-offi_345e61' is clicked on

07-06-2024T14:12:16 - [MESSAGE][PASSED] - Object: 'Object Repository/Page_The Story and Evolution of Doodles - G_6e786d/p_The first Doodle was a simple out-of-offi_345e61' is clicked on

07-06-2024T14:12:16 - [TEST_STEP][PASSED] - verifyElementVisible(findTestObject("Object Repository/Page_The Story and Evolution of Doodles - G_6e786d/h1_The story behind Doodles")): Object 'Object Repository/Page_The Story and Evolution of Doodles - G_6e786d/h1_The story behind Doodles' is visible

07-06-2024T14:12:16 - [MESSAGE][PASSED] - Object 'Object Repository/Page_The Story and Evolution of Doodles - G_6e786d/h1_The story behind Doodles' is visible

07-06-2024T14:12:16 - [TEST_STEP][PASSED] - verifyElementVisible(findTestObject("Object Repository/Page_The Story and Evolution of Doodles - G_6e786d/p_The first Doodle was a simple out-of-offi_345e61")): Object 'Object Repository/Page_The Story and Evolution of Doodles - G_6e786d/p_The first Doodle was a simple out-of-offi_345e61' is visible

07-06-2024T14:12:16 - [MESSAGE][PASSED] - Object 'Object Repository/Page_The Story and Evolution of Doodles - G_6e786d/p_The first Doodle was a simple out-of-offi_345e61' is visible

07-06-2024T14:12:16 - [TEST_STEP][PASSED] - verifyElementVisible(findTestObject("Object Repository/Page_The Story and Evolution of Doodles - G_6e786d/h2_Weve created more than 5,000 Doodles ove_111429")): Object 'Object Repository/Page_The Story and Evolution of Doodles - G_6e786d/h2_Weve created more than 5,000 Doodles ove_111429' is visible

07-06-2024T14:12:16 - [MESSAGE][PASSED] - Object 'Object Repository/Page_The Story and Evolution of Doodles - G_6e786d/h2_Weve created more than 5,000 Doodles ove_111429' is visible

07-06-2024T14:12:16 - [TEST_STEP][PASSED] - click(findTestObject("Object Repository/Page_The Story and Evolution of Doodles - G_6e786d/p_The first Doodle was a simple out-of-offi_345e61")): Object: 'Object Repository/Page_The Story and Evolution of Doodles - G_6e786d/p_The first Doodle was a simple out-of-offi_345e61' is clicked on

07-06-2024T14:12:16 - [MESSAGE][PASSED] - Object: 'Object Repository/Page_The Story and Evolution of Doodles - G_6e786d/p_The first Doodle was a simple out-of-offi_345e61' is clicked on

07-06-2024T14:12:16 - [TEST_STEP][PASSED] - verifyElementVisible(findTestObject("Object Repository/Page_The Story and Evolution of Doodles - G_6e786d/h1_The story behind Doodles")): Object 'Object Repository/Page_The Story and Evolution of Doodles - G_6e786d/h1_The story behind Doodles' is visible

07-06-2024T14:12:16 - [MESSAGE][PASSED] - Object 'Object Repository/Page_The Story and Evolution of Doodles - G_6e786d/h1_The story behind Doodles' is visible

07-06-2024T14:12:16 - [TEST_STEP][PASSED] - verifyElementVisible(findTestObject("Object Repository/Page_The Story and Evolution of Doodles - G_6e786d/p_The first Doodle was a simple out-of-offi_345e61")): Object 'Object Repository/Page_The Story and Evolution of Doodles - G_6e786d/p_The first Doodle was a simple out-of-offi_345e61' is visible

07-06-2024T14:12:16 - [MESSAGE][PASSED] - Object 'Object Repository/Page_The Story and Evolution of Doodles - G_6e786d/p_The first Doodle was a simple out-of-offi_345e61' is visible

07-06-2024T14:12:16 - [TEST_STEP][PASSED] - verifyElementVisible(findTestObject("Object Repository/Page_The Story and Evolution of Doodles - G_6e786d/h2_Weve created more than 5,000 Doodles ove_111429")): Object 'Object Repository/Page_The Story and Evolution of Doodles - G_6e786d/h2_Weve created more than 5,000 Doodles ove_111429' is visible

07-06-2024T14:12:16 - [MESSAGE][PASSED] - Object 'Object Repository/Page_The Story and Evolution of Doodles - G_6e786d/h2_Weve created more than 5,000 Doodles ove_111429' is visible

07-06-2024T14:12:16 - [TEST_STEP][PASSED] - click(findTestObject("Object Repository/Page_The Story and Evolution of Doodles - G_6e786d/p_The first Doodle was a simple out-of-offi_345e61")): Object: 'Object Repository/Page_The Story and Evolution of Doodles - G_6e786d/p_The first Doodle was a simple out-of-offi_345e61' is clicked on

07-06-2024T14:12:17 - [MESSAGE][PASSED] - Object: 'Object Repository/Page_The Story and Evolution of Doodles - G_6e786d/p_The first Doodle was a simple out-of-offi_345e61' is clicked on

07-06-2024T14:12:17 - [TEST_STEP][PASSED] - verifyElementVisible(findTestObject("Object Repository/Page_The Story and Evolution of Doodles - G_6e786d/h1_The story behind Doodles")): Object 'Object Repository/Page_The Story and Evolution of Doodles - G_6e786d/h1_The story behind Doodles' is visible

07-06-2024T14:12:17 - [MESSAGE][PASSED] - Object 'Object Repository/Page_The Story and Evolution of Doodles - G_6e786d/h1_The story behind Doodles' is visible

07-06-2024T14:12:17 - [TEST_STEP][PASSED] - verifyElementVisible(findTestObject("Object Repository/Page_The Story and Evolution of Doodles - G_6e786d/p_The first Doodle was a simple out-of-offi_345e61")): Object 'Object Repository/Page_The Story and Evolution of Doodles - G_6e786d/p_The first Doodle was a simple out-of-offi_345e61' is visible

07-06-2024T14:12:17 - [MESSAGE][PASSED] - Object 'Object Repository/Page_The Story and Evolution of Doodles - G_6e786d/p_The first Doodle was a simple out-of-offi_345e61' is visible

07-06-2024T14:12:17 - [TEST_STEP][PASSED] - verifyElementVisible(findTestObject("Object Repository/Page_The Story and Evolution of Doodles - G_6e786d/h2_Weve created more than 5,000 Doodles ove_111429")): Object 'Object Repository/Page_The Story and Evolution of Doodles - G_6e786d/h2_Weve created more than 5,000 Doodles ove_111429' is visible

07-06-2024T14:12:17 - [MESSAGE][PASSED] - Object 'Object Repository/Page_The Story and Evolution of Doodles - G_6e786d/h2_Weve created more than 5,000 Doodles ove_111429' is visible]]></system-out>
         <system-err><![CDATA[]]></system-err>
      </testcase>
      <testcase name="Test Cases/test case folder 1/tc1 - Copy (7) - Copy (5)" time="8.651" classname="Test Cases/test case folder 1/tc1 - Copy (7) - Copy (5)" status="PASSED">
         <system-out><![CDATA[07-06-2024T14:12:17 - [TEST_CASE][PASSED] - Test Cases/test case folder 1/tc1 - Copy (7) - Copy (5): Test Cases/test case folder 1/tc1 - Copy (7) - Copy (5)

07-06-2024T14:12:17 - [TEST_STEP][PASSED] - openBrowser(""): Browser is opened with url: ''

07-06-2024T14:12:17 - [MESSAGE][WARNING] - A browser is already opened. Closing browser and opening a new one

07-06-2024T14:12:18 - [MESSAGE][INFO] - Starting 'Firefox (headless)' driver

07-06-2024T14:12:18 - [MESSAGE][INFO] - Action delay is set to 0 milliseconds

07-06-2024T14:12:20 - [MESSAGE][PASSED] - Browser is opened with url: ''

07-06-2024T14:12:20 - [TEST_STEP][PASSED] - navigateToUrl("https://doodles.google/about/"): Navigate to 'https://doodles.google/about/' successfully

07-06-2024T14:12:21 - [MESSAGE][PASSED] - Navigate to 'https://doodles.google/about/' successfully

07-06-2024T14:12:21 - [TEST_STEP][PASSED] - click(findTestObject("Object Repository/Page_The Story and Evolution of Doodles - G_6e786d/p_The first Doodle was a simple out-of-offi_345e61")): Object: 'Object Repository/Page_The Story and Evolution of Doodles - G_6e786d/p_The first Doodle was a simple out-of-offi_345e61' is clicked on

07-06-2024T14:12:22 - [MESSAGE][PASSED] - Object: 'Object Repository/Page_The Story and Evolution of Doodles - G_6e786d/p_The first Doodle was a simple out-of-offi_345e61' is clicked on

07-06-2024T14:12:22 - [TEST_STEP][PASSED] - click(findTestObject("Object Repository/Page_The Story and Evolution of Doodles - G_6e786d/p_The first Doodle was a simple out-of-offi_345e61")): Object: 'Object Repository/Page_The Story and Evolution of Doodles - G_6e786d/p_The first Doodle was a simple out-of-offi_345e61' is clicked on

07-06-2024T14:12:22 - [MESSAGE][PASSED] - Object: 'Object Repository/Page_The Story and Evolution of Doodles - G_6e786d/p_The first Doodle was a simple out-of-offi_345e61' is clicked on

07-06-2024T14:12:22 - [TEST_STEP][PASSED] - verifyElementVisible(findTestObject("Object Repository/Page_The Story and Evolution of Doodles - G_6e786d/h1_The story behind Doodles")): Object 'Object Repository/Page_The Story and Evolution of Doodles - G_6e786d/h1_The story behind Doodles' is visible

07-06-2024T14:12:22 - [MESSAGE][PASSED] - Object 'Object Repository/Page_The Story and Evolution of Doodles - G_6e786d/h1_The story behind Doodles' is visible

07-06-2024T14:12:22 - [TEST_STEP][PASSED] - verifyElementVisible(findTestObject("Object Repository/Page_The Story and Evolution of Doodles - G_6e786d/p_The first Doodle was a simple out-of-offi_345e61")): Object 'Object Repository/Page_The Story and Evolution of Doodles - G_6e786d/p_The first Doodle was a simple out-of-offi_345e61' is visible

07-06-2024T14:12:22 - [MESSAGE][PASSED] - Object 'Object Repository/Page_The Story and Evolution of Doodles - G_6e786d/p_The first Doodle was a simple out-of-offi_345e61' is visible

07-06-2024T14:12:22 - [TEST_STEP][PASSED] - verifyElementVisible(findTestObject("Object Repository/Page_The Story and Evolution of Doodles - G_6e786d/h2_Weve created more than 5,000 Doodles ove_111429")): Object 'Object Repository/Page_The Story and Evolution of Doodles - G_6e786d/h2_Weve created more than 5,000 Doodles ove_111429' is visible

07-06-2024T14:12:22 - [MESSAGE][PASSED] - Object 'Object Repository/Page_The Story and Evolution of Doodles - G_6e786d/h2_Weve created more than 5,000 Doodles ove_111429' is visible

07-06-2024T14:12:22 - [TEST_STEP][PASSED] - verifyElementVisible(findTestObject("Object Repository/Page_The Story and Evolution of Doodles - G_6e786d/h1_The story behind Doodles")): Object 'Object Repository/Page_The Story and Evolution of Doodles - G_6e786d/h1_The story behind Doodles' is visible

07-06-2024T14:12:22 - [MESSAGE][PASSED] - Object 'Object Repository/Page_The Story and Evolution of Doodles - G_6e786d/h1_The story behind Doodles' is visible

07-06-2024T14:12:22 - [TEST_STEP][PASSED] - verifyElementVisible(findTestObject("Object Repository/Page_The Story and Evolution of Doodles - G_6e786d/p_The first Doodle was a simple out-of-offi_345e61")): Object 'Object Repository/Page_The Story and Evolution of Doodles - G_6e786d/p_The first Doodle was a simple out-of-offi_345e61' is visible

07-06-2024T14:12:22 - [MESSAGE][PASSED] - Object 'Object Repository/Page_The Story and Evolution of Doodles - G_6e786d/p_The first Doodle was a simple out-of-offi_345e61' is visible

07-06-2024T14:12:22 - [TEST_STEP][PASSED] - verifyElementVisible(findTestObject("Object Repository/Page_The Story and Evolution of Doodles - G_6e786d/h2_Weve created more than 5,000 Doodles ove_111429")): Object 'Object Repository/Page_The Story and Evolution of Doodles - G_6e786d/h2_Weve created more than 5,000 Doodles ove_111429' is visible

07-06-2024T14:12:22 - [MESSAGE][PASSED] - Object 'Object Repository/Page_The Story and Evolution of Doodles - G_6e786d/h2_Weve created more than 5,000 Doodles ove_111429' is visible

07-06-2024T14:12:22 - [TEST_STEP][PASSED] - click(findTestObject("Object Repository/Page_The Story and Evolution of Doodles - G_6e786d/p_The first Doodle was a simple out-of-offi_345e61")): Object: 'Object Repository/Page_The Story and Evolution of Doodles - G_6e786d/p_The first Doodle was a simple out-of-offi_345e61' is clicked on

07-06-2024T14:12:23 - [MESSAGE][PASSED] - Object: 'Object Repository/Page_The Story and Evolution of Doodles - G_6e786d/p_The first Doodle was a simple out-of-offi_345e61' is clicked on

07-06-2024T14:12:23 - [TEST_STEP][PASSED] - verifyElementVisible(findTestObject("Object Repository/Page_The Story and Evolution of Doodles - G_6e786d/h1_The story behind Doodles")): Object 'Object Repository/Page_The Story and Evolution of Doodles - G_6e786d/h1_The story behind Doodles' is visible

07-06-2024T14:12:23 - [MESSAGE][PASSED] - Object 'Object Repository/Page_The Story and Evolution of Doodles - G_6e786d/h1_The story behind Doodles' is visible

07-06-2024T14:12:23 - [TEST_STEP][PASSED] - verifyElementVisible(findTestObject("Object Repository/Page_The Story and Evolution of Doodles - G_6e786d/p_The first Doodle was a simple out-of-offi_345e61")): Object 'Object Repository/Page_The Story and Evolution of Doodles - G_6e786d/p_The first Doodle was a simple out-of-offi_345e61' is visible

07-06-2024T14:12:23 - [MESSAGE][PASSED] - Object 'Object Repository/Page_The Story and Evolution of Doodles - G_6e786d/p_The first Doodle was a simple out-of-offi_345e61' is visible

07-06-2024T14:12:23 - [TEST_STEP][PASSED] - verifyElementVisible(findTestObject("Object Repository/Page_The Story and Evolution of Doodles - G_6e786d/h2_Weve created more than 5,000 Doodles ove_111429")): Object 'Object Repository/Page_The Story and Evolution of Doodles - G_6e786d/h2_Weve created more than 5,000 Doodles ove_111429' is visible

07-06-2024T14:12:23 - [MESSAGE][PASSED] - Object 'Object Repository/Page_The Story and Evolution of Doodles - G_6e786d/h2_Weve created more than 5,000 Doodles ove_111429' is visible

07-06-2024T14:12:23 - [TEST_STEP][PASSED] - click(findTestObject("Object Repository/Page_The Story and Evolution of Doodles - G_6e786d/p_The first Doodle was a simple out-of-offi_345e61")): Object: 'Object Repository/Page_The Story and Evolution of Doodles - G_6e786d/p_The first Doodle was a simple out-of-offi_345e61' is clicked on

07-06-2024T14:12:23 - [MESSAGE][PASSED] - Object: 'Object Repository/Page_The Story and Evolution of Doodles - G_6e786d/p_The first Doodle was a simple out-of-offi_345e61' is clicked on

07-06-2024T14:12:23 - [TEST_STEP][PASSED] - verifyElementVisible(findTestObject("Object Repository/Page_The Story and Evolution of Doodles - G_6e786d/h1_The story behind Doodles")): Object 'Object Repository/Page_The Story and Evolution of Doodles - G_6e786d/h1_The story behind Doodles' is visible

07-06-2024T14:12:23 - [MESSAGE][PASSED] - Object 'Object Repository/Page_The Story and Evolution of Doodles - G_6e786d/h1_The story behind Doodles' is visible

07-06-2024T14:12:23 - [TEST_STEP][PASSED] - verifyElementVisible(findTestObject("Object Repository/Page_The Story and Evolution of Doodles - G_6e786d/p_The first Doodle was a simple out-of-offi_345e61")): Object 'Object Repository/Page_The Story and Evolution of Doodles - G_6e786d/p_The first Doodle was a simple out-of-offi_345e61' is visible

07-06-2024T14:12:23 - [MESSAGE][PASSED] - Object 'Object Repository/Page_The Story and Evolution of Doodles - G_6e786d/p_The first Doodle was a simple out-of-offi_345e61' is visible

07-06-2024T14:12:23 - [TEST_STEP][PASSED] - verifyElementVisible(findTestObject("Object Repository/Page_The Story and Evolution of Doodles - G_6e786d/h2_Weve created more than 5,000 Doodles ove_111429")): Object 'Object Repository/Page_The Story and Evolution of Doodles - G_6e786d/h2_Weve created more than 5,000 Doodles ove_111429' is visible

07-06-2024T14:12:23 - [MESSAGE][PASSED] - Object 'Object Repository/Page_The Story and Evolution of Doodles - G_6e786d/h2_Weve created more than 5,000 Doodles ove_111429' is visible

07-06-2024T14:12:23 - [TEST_STEP][PASSED] - click(findTestObject("Object Repository/Page_The Story and Evolution of Doodles - G_6e786d/p_The first Doodle was a simple out-of-offi_345e61")): Object: 'Object Repository/Page_The Story and Evolution of Doodles - G_6e786d/p_The first Doodle was a simple out-of-offi_345e61' is clicked on

07-06-2024T14:12:23 - [MESSAGE][PASSED] - Object: 'Object Repository/Page_The Story and Evolution of Doodles - G_6e786d/p_The first Doodle was a simple out-of-offi_345e61' is clicked on

07-06-2024T14:12:23 - [TEST_STEP][PASSED] - verifyElementVisible(findTestObject("Object Repository/Page_The Story and Evolution of Doodles - G_6e786d/h1_The story behind Doodles")): Object 'Object Repository/Page_The Story and Evolution of Doodles - G_6e786d/h1_The story behind Doodles' is visible

07-06-2024T14:12:23 - [MESSAGE][PASSED] - Object 'Object Repository/Page_The Story and Evolution of Doodles - G_6e786d/h1_The story behind Doodles' is visible

07-06-2024T14:12:23 - [TEST_STEP][PASSED] - verifyElementVisible(findTestObject("Object Repository/Page_The Story and Evolution of Doodles - G_6e786d/p_The first Doodle was a simple out-of-offi_345e61")): Object 'Object Repository/Page_The Story and Evolution of Doodles - G_6e786d/p_The first Doodle was a simple out-of-offi_345e61' is visible

07-06-2024T14:12:23 - [MESSAGE][PASSED] - Object 'Object Repository/Page_The Story and Evolution of Doodles - G_6e786d/p_The first Doodle was a simple out-of-offi_345e61' is visible

07-06-2024T14:12:23 - [TEST_STEP][PASSED] - verifyElementVisible(findTestObject("Object Repository/Page_The Story and Evolution of Doodles - G_6e786d/h2_Weve created more than 5,000 Doodles ove_111429")): Object 'Object Repository/Page_The Story and Evolution of Doodles - G_6e786d/h2_Weve created more than 5,000 Doodles ove_111429' is visible

07-06-2024T14:12:23 - [MESSAGE][PASSED] - Object 'Object Repository/Page_The Story and Evolution of Doodles - G_6e786d/h2_Weve created more than 5,000 Doodles ove_111429' is visible

07-06-2024T14:12:23 - [TEST_STEP][PASSED] - click(findTestObject("Object Repository/Page_The Story and Evolution of Doodles - G_6e786d/p_The first Doodle was a simple out-of-offi_345e61")): Object: 'Object Repository/Page_The Story and Evolution of Doodles - G_6e786d/p_The first Doodle was a simple out-of-offi_345e61' is clicked on

07-06-2024T14:12:24 - [MESSAGE][PASSED] - Object: 'Object Repository/Page_The Story and Evolution of Doodles - G_6e786d/p_The first Doodle was a simple out-of-offi_345e61' is clicked on

07-06-2024T14:12:24 - [TEST_STEP][PASSED] - verifyElementVisible(findTestObject("Object Repository/Page_The Story and Evolution of Doodles - G_6e786d/h1_The story behind Doodles")): Object 'Object Repository/Page_The Story and Evolution of Doodles - G_6e786d/h1_The story behind Doodles' is visible

07-06-2024T14:12:24 - [MESSAGE][PASSED] - Object 'Object Repository/Page_The Story and Evolution of Doodles - G_6e786d/h1_The story behind Doodles' is visible

07-06-2024T14:12:24 - [TEST_STEP][PASSED] - verifyElementVisible(findTestObject("Object Repository/Page_The Story and Evolution of Doodles - G_6e786d/p_The first Doodle was a simple out-of-offi_345e61")): Object 'Object Repository/Page_The Story and Evolution of Doodles - G_6e786d/p_The first Doodle was a simple out-of-offi_345e61' is visible

07-06-2024T14:12:24 - [MESSAGE][PASSED] - Object 'Object Repository/Page_The Story and Evolution of Doodles - G_6e786d/p_The first Doodle was a simple out-of-offi_345e61' is visible

07-06-2024T14:12:24 - [TEST_STEP][PASSED] - verifyElementVisible(findTestObject("Object Repository/Page_The Story and Evolution of Doodles - G_6e786d/h2_Weve created more than 5,000 Doodles ove_111429")): Object 'Object Repository/Page_The Story and Evolution of Doodles - G_6e786d/h2_Weve created more than 5,000 Doodles ove_111429' is visible

07-06-2024T14:12:24 - [MESSAGE][PASSED] - Object 'Object Repository/Page_The Story and Evolution of Doodles - G_6e786d/h2_Weve created more than 5,000 Doodles ove_111429' is visible

07-06-2024T14:12:24 - [TEST_STEP][PASSED] - click(findTestObject("Object Repository/Page_The Story and Evolution of Doodles - G_6e786d/p_The first Doodle was a simple out-of-offi_345e61")): Object: 'Object Repository/Page_The Story and Evolution of Doodles - G_6e786d/p_The first Doodle was a simple out-of-offi_345e61' is clicked on

07-06-2024T14:12:24 - [MESSAGE][PASSED] - Object: 'Object Repository/Page_The Story and Evolution of Doodles - G_6e786d/p_The first Doodle was a simple out-of-offi_345e61' is clicked on

07-06-2024T14:12:24 - [TEST_STEP][PASSED] - verifyElementVisible(findTestObject("Object Repository/Page_The Story and Evolution of Doodles - G_6e786d/h1_The story behind Doodles")): Object 'Object Repository/Page_The Story and Evolution of Doodles - G_6e786d/h1_The story behind Doodles' is visible

07-06-2024T14:12:24 - [MESSAGE][PASSED] - Object 'Object Repository/Page_The Story and Evolution of Doodles - G_6e786d/h1_The story behind Doodles' is visible

07-06-2024T14:12:24 - [TEST_STEP][PASSED] - verifyElementVisible(findTestObject("Object Repository/Page_The Story and Evolution of Doodles - G_6e786d/p_The first Doodle was a simple out-of-offi_345e61")): Object 'Object Repository/Page_The Story and Evolution of Doodles - G_6e786d/p_The first Doodle was a simple out-of-offi_345e61' is visible

07-06-2024T14:12:24 - [MESSAGE][PASSED] - Object 'Object Repository/Page_The Story and Evolution of Doodles - G_6e786d/p_The first Doodle was a simple out-of-offi_345e61' is visible

07-06-2024T14:12:24 - [TEST_STEP][PASSED] - verifyElementVisible(findTestObject("Object Repository/Page_The Story and Evolution of Doodles - G_6e786d/h2_Weve created more than 5,000 Doodles ove_111429")): Object 'Object Repository/Page_The Story and Evolution of Doodles - G_6e786d/h2_Weve created more than 5,000 Doodles ove_111429' is visible

07-06-2024T14:12:24 - [MESSAGE][PASSED] - Object 'Object Repository/Page_The Story and Evolution of Doodles - G_6e786d/h2_Weve created more than 5,000 Doodles ove_111429' is visible

07-06-2024T14:12:24 - [TEST_STEP][PASSED] - click(findTestObject("Object Repository/Page_The Story and Evolution of Doodles - G_6e786d/p_The first Doodle was a simple out-of-offi_345e61")): Object: 'Object Repository/Page_The Story and Evolution of Doodles - G_6e786d/p_The first Doodle was a simple out-of-offi_345e61' is clicked on

07-06-2024T14:12:24 - [MESSAGE][PASSED] - Object: 'Object Repository/Page_The Story and Evolution of Doodles - G_6e786d/p_The first Doodle was a simple out-of-offi_345e61' is clicked on

07-06-2024T14:12:24 - [TEST_STEP][PASSED] - verifyElementVisible(findTestObject("Object Repository/Page_The Story and Evolution of Doodles - G_6e786d/h1_The story behind Doodles")): Object 'Object Repository/Page_The Story and Evolution of Doodles - G_6e786d/h1_The story behind Doodles' is visible

07-06-2024T14:12:24 - [MESSAGE][PASSED] - Object 'Object Repository/Page_The Story and Evolution of Doodles - G_6e786d/h1_The story behind Doodles' is visible

07-06-2024T14:12:24 - [TEST_STEP][PASSED] - verifyElementVisible(findTestObject("Object Repository/Page_The Story and Evolution of Doodles - G_6e786d/p_The first Doodle was a simple out-of-offi_345e61")): Object 'Object Repository/Page_The Story and Evolution of Doodles - G_6e786d/p_The first Doodle was a simple out-of-offi_345e61' is visible

07-06-2024T14:12:24 - [MESSAGE][PASSED] - Object 'Object Repository/Page_The Story and Evolution of Doodles - G_6e786d/p_The first Doodle was a simple out-of-offi_345e61' is visible

07-06-2024T14:12:24 - [TEST_STEP][PASSED] - verifyElementVisible(findTestObject("Object Repository/Page_The Story and Evolution of Doodles - G_6e786d/h2_Weve created more than 5,000 Doodles ove_111429")): Object 'Object Repository/Page_The Story and Evolution of Doodles - G_6e786d/h2_Weve created more than 5,000 Doodles ove_111429' is visible

07-06-2024T14:12:24 - [MESSAGE][PASSED] - Object 'Object Repository/Page_The Story and Evolution of Doodles - G_6e786d/h2_Weve created more than 5,000 Doodles ove_111429' is visible

07-06-2024T14:12:24 - [TEST_STEP][PASSED] - click(findTestObject("Object Repository/Page_The Story and Evolution of Doodles - G_6e786d/p_The first Doodle was a simple out-of-offi_345e61")): Object: 'Object Repository/Page_The Story and Evolution of Doodles - G_6e786d/p_The first Doodle was a simple out-of-offi_345e61' is clicked on

07-06-2024T14:12:25 - [MESSAGE][PASSED] - Object: 'Object Repository/Page_The Story and Evolution of Doodles - G_6e786d/p_The first Doodle was a simple out-of-offi_345e61' is clicked on

07-06-2024T14:12:25 - [TEST_STEP][PASSED] - verifyElementVisible(findTestObject("Object Repository/Page_The Story and Evolution of Doodles - G_6e786d/h1_The story behind Doodles")): Object 'Object Repository/Page_The Story and Evolution of Doodles - G_6e786d/h1_The story behind Doodles' is visible

07-06-2024T14:12:25 - [MESSAGE][PASSED] - Object 'Object Repository/Page_The Story and Evolution of Doodles - G_6e786d/h1_The story behind Doodles' is visible

07-06-2024T14:12:25 - [TEST_STEP][PASSED] - verifyElementVisible(findTestObject("Object Repository/Page_The Story and Evolution of Doodles - G_6e786d/p_The first Doodle was a simple out-of-offi_345e61")): Object 'Object Repository/Page_The Story and Evolution of Doodles - G_6e786d/p_The first Doodle was a simple out-of-offi_345e61' is visible

07-06-2024T14:12:25 - [MESSAGE][PASSED] - Object 'Object Repository/Page_The Story and Evolution of Doodles - G_6e786d/p_The first Doodle was a simple out-of-offi_345e61' is visible

07-06-2024T14:12:25 - [TEST_STEP][PASSED] - verifyElementVisible(findTestObject("Object Repository/Page_The Story and Evolution of Doodles - G_6e786d/h2_Weve created more than 5,000 Doodles ove_111429")): Object 'Object Repository/Page_The Story and Evolution of Doodles - G_6e786d/h2_Weve created more than 5,000 Doodles ove_111429' is visible

07-06-2024T14:12:25 - [MESSAGE][PASSED] - Object 'Object Repository/Page_The Story and Evolution of Doodles - G_6e786d/h2_Weve created more than 5,000 Doodles ove_111429' is visible

07-06-2024T14:12:25 - [TEST_STEP][PASSED] - click(findTestObject("Object Repository/Page_The Story and Evolution of Doodles - G_6e786d/p_The first Doodle was a simple out-of-offi_345e61")): Object: 'Object Repository/Page_The Story and Evolution of Doodles - G_6e786d/p_The first Doodle was a simple out-of-offi_345e61' is clicked on

07-06-2024T14:12:25 - [MESSAGE][PASSED] - Object: 'Object Repository/Page_The Story and Evolution of Doodles - G_6e786d/p_The first Doodle was a simple out-of-offi_345e61' is clicked on

07-06-2024T14:12:25 - [TEST_STEP][PASSED] - verifyElementVisible(findTestObject("Object Repository/Page_The Story and Evolution of Doodles - G_6e786d/h1_The story behind Doodles")): Object 'Object Repository/Page_The Story and Evolution of Doodles - G_6e786d/h1_The story behind Doodles' is visible

07-06-2024T14:12:25 - [MESSAGE][PASSED] - Object 'Object Repository/Page_The Story and Evolution of Doodles - G_6e786d/h1_The story behind Doodles' is visible

07-06-2024T14:12:25 - [TEST_STEP][PASSED] - verifyElementVisible(findTestObject("Object Repository/Page_The Story and Evolution of Doodles - G_6e786d/p_The first Doodle was a simple out-of-offi_345e61")): Object 'Object Repository/Page_The Story and Evolution of Doodles - G_6e786d/p_The first Doodle was a simple out-of-offi_345e61' is visible

07-06-2024T14:12:25 - [MESSAGE][PASSED] - Object 'Object Repository/Page_The Story and Evolution of Doodles - G_6e786d/p_The first Doodle was a simple out-of-offi_345e61' is visible

07-06-2024T14:12:25 - [TEST_STEP][PASSED] - verifyElementVisible(findTestObject("Object Repository/Page_The Story and Evolution of Doodles - G_6e786d/h2_Weve created more than 5,000 Doodles ove_111429")): Object 'Object Repository/Page_The Story and Evolution of Doodles - G_6e786d/h2_Weve created more than 5,000 Doodles ove_111429' is visible

07-06-2024T14:12:25 - [MESSAGE][PASSED] - Object 'Object Repository/Page_The Story and Evolution of Doodles - G_6e786d/h2_Weve created more than 5,000 Doodles ove_111429' is visible

07-06-2024T14:12:25 - [TEST_STEP][PASSED] - click(findTestObject("Object Repository/Page_The Story and Evolution of Doodles - G_6e786d/p_The first Doodle was a simple out-of-offi_345e61")): Object: 'Object Repository/Page_The Story and Evolution of Doodles - G_6e786d/p_The first Doodle was a simple out-of-offi_345e61' is clicked on

07-06-2024T14:12:25 - [MESSAGE][PASSED] - Object: 'Object Repository/Page_The Story and Evolution of Doodles - G_6e786d/p_The first Doodle was a simple out-of-offi_345e61' is clicked on

07-06-2024T14:12:25 - [TEST_STEP][PASSED] - verifyElementVisible(findTestObject("Object Repository/Page_The Story and Evolution of Doodles - G_6e786d/h1_The story behind Doodles")): Object 'Object Repository/Page_The Story and Evolution of Doodles - G_6e786d/h1_The story behind Doodles' is visible

07-06-2024T14:12:25 - [MESSAGE][PASSED] - Object 'Object Repository/Page_The Story and Evolution of Doodles - G_6e786d/h1_The story behind Doodles' is visible

07-06-2024T14:12:25 - [TEST_STEP][PASSED] - verifyElementVisible(findTestObject("Object Repository/Page_The Story and Evolution of Doodles - G_6e786d/p_The first Doodle was a simple out-of-offi_345e61")): Object 'Object Repository/Page_The Story and Evolution of Doodles - G_6e786d/p_The first Doodle was a simple out-of-offi_345e61' is visible

07-06-2024T14:12:25 - [MESSAGE][PASSED] - Object 'Object Repository/Page_The Story and Evolution of Doodles - G_6e786d/p_The first Doodle was a simple out-of-offi_345e61' is visible

07-06-2024T14:12:25 - [TEST_STEP][PASSED] - verifyElementVisible(findTestObject("Object Repository/Page_The Story and Evolution of Doodles - G_6e786d/h2_Weve created more than 5,000 Doodles ove_111429")): Object 'Object Repository/Page_The Story and Evolution of Doodles - G_6e786d/h2_Weve created more than 5,000 Doodles ove_111429' is visible

07-06-2024T14:12:25 - [MESSAGE][PASSED] - Object 'Object Repository/Page_The Story and Evolution of Doodles - G_6e786d/h2_Weve created more than 5,000 Doodles ove_111429' is visible]]></system-out>
         <system-err><![CDATA[]]></system-err>
      </testcase>
      <testcase name="Test Cases/test case folder 1/tc1 - Copy (7) - Copy" time="8.353" classname="Test Cases/test case folder 1/tc1 - Copy (7) - Copy" status="PASSED">
         <system-out><![CDATA[07-06-2024T14:12:25 - [TEST_CASE][PASSED] - Test Cases/test case folder 1/tc1 - Copy (7) - Copy: Test Cases/test case folder 1/tc1 - Copy (7) - Copy

07-06-2024T14:12:25 - [TEST_STEP][PASSED] - openBrowser(""): Browser is opened with url: ''

07-06-2024T14:12:25 - [MESSAGE][WARNING] - A browser is already opened. Closing browser and opening a new one

07-06-2024T14:12:26 - [MESSAGE][INFO] - Starting 'Firefox (headless)' driver

07-06-2024T14:12:26 - [MESSAGE][INFO] - Action delay is set to 0 milliseconds

07-06-2024T14:12:28 - [MESSAGE][PASSED] - Browser is opened with url: ''

07-06-2024T14:12:28 - [TEST_STEP][PASSED] - navigateToUrl("https://doodles.google/about/"): Navigate to 'https://doodles.google/about/' successfully

07-06-2024T14:12:30 - [MESSAGE][PASSED] - Navigate to 'https://doodles.google/about/' successfully

07-06-2024T14:12:30 - [TEST_STEP][PASSED] - click(findTestObject("Object Repository/Page_The Story and Evolution of Doodles - G_6e786d/p_The first Doodle was a simple out-of-offi_345e61")): Object: 'Object Repository/Page_The Story and Evolution of Doodles - G_6e786d/p_The first Doodle was a simple out-of-offi_345e61' is clicked on

07-06-2024T14:12:30 - [MESSAGE][PASSED] - Object: 'Object Repository/Page_The Story and Evolution of Doodles - G_6e786d/p_The first Doodle was a simple out-of-offi_345e61' is clicked on

07-06-2024T14:12:30 - [TEST_STEP][PASSED] - click(findTestObject("Object Repository/Page_The Story and Evolution of Doodles - G_6e786d/p_The first Doodle was a simple out-of-offi_345e61")): Object: 'Object Repository/Page_The Story and Evolution of Doodles - G_6e786d/p_The first Doodle was a simple out-of-offi_345e61' is clicked on

07-06-2024T14:12:30 - [MESSAGE][PASSED] - Object: 'Object Repository/Page_The Story and Evolution of Doodles - G_6e786d/p_The first Doodle was a simple out-of-offi_345e61' is clicked on

07-06-2024T14:12:30 - [TEST_STEP][PASSED] - verifyElementVisible(findTestObject("Object Repository/Page_The Story and Evolution of Doodles - G_6e786d/h1_The story behind Doodles")): Object 'Object Repository/Page_The Story and Evolution of Doodles - G_6e786d/h1_The story behind Doodles' is visible

07-06-2024T14:12:31 - [MESSAGE][PASSED] - Object 'Object Repository/Page_The Story and Evolution of Doodles - G_6e786d/h1_The story behind Doodles' is visible

07-06-2024T14:12:31 - [TEST_STEP][PASSED] - verifyElementVisible(findTestObject("Object Repository/Page_The Story and Evolution of Doodles - G_6e786d/p_The first Doodle was a simple out-of-offi_345e61")): Object 'Object Repository/Page_The Story and Evolution of Doodles - G_6e786d/p_The first Doodle was a simple out-of-offi_345e61' is visible

07-06-2024T14:12:31 - [MESSAGE][PASSED] - Object 'Object Repository/Page_The Story and Evolution of Doodles - G_6e786d/p_The first Doodle was a simple out-of-offi_345e61' is visible

07-06-2024T14:12:31 - [TEST_STEP][PASSED] - verifyElementVisible(findTestObject("Object Repository/Page_The Story and Evolution of Doodles - G_6e786d/h2_Weve created more than 5,000 Doodles ove_111429")): Object 'Object Repository/Page_The Story and Evolution of Doodles - G_6e786d/h2_Weve created more than 5,000 Doodles ove_111429' is visible

07-06-2024T14:12:31 - [MESSAGE][PASSED] - Object 'Object Repository/Page_The Story and Evolution of Doodles - G_6e786d/h2_Weve created more than 5,000 Doodles ove_111429' is visible

07-06-2024T14:12:31 - [TEST_STEP][PASSED] - verifyElementVisible(findTestObject("Object Repository/Page_The Story and Evolution of Doodles - G_6e786d/h1_The story behind Doodles")): Object 'Object Repository/Page_The Story and Evolution of Doodles - G_6e786d/h1_The story behind Doodles' is visible

07-06-2024T14:12:31 - [MESSAGE][PASSED] - Object 'Object Repository/Page_The Story and Evolution of Doodles - G_6e786d/h1_The story behind Doodles' is visible

07-06-2024T14:12:31 - [TEST_STEP][PASSED] - verifyElementVisible(findTestObject("Object Repository/Page_The Story and Evolution of Doodles - G_6e786d/p_The first Doodle was a simple out-of-offi_345e61")): Object 'Object Repository/Page_The Story and Evolution of Doodles - G_6e786d/p_The first Doodle was a simple out-of-offi_345e61' is visible

07-06-2024T14:12:31 - [MESSAGE][PASSED] - Object 'Object Repository/Page_The Story and Evolution of Doodles - G_6e786d/p_The first Doodle was a simple out-of-offi_345e61' is visible

07-06-2024T14:12:31 - [TEST_STEP][PASSED] - verifyElementVisible(findTestObject("Object Repository/Page_The Story and Evolution of Doodles - G_6e786d/h2_Weve created more than 5,000 Doodles ove_111429")): Object 'Object Repository/Page_The Story and Evolution of Doodles - G_6e786d/h2_Weve created more than 5,000 Doodles ove_111429' is visible

07-06-2024T14:12:31 - [MESSAGE][PASSED] - Object 'Object Repository/Page_The Story and Evolution of Doodles - G_6e786d/h2_Weve created more than 5,000 Doodles ove_111429' is visible

07-06-2024T14:12:31 - [TEST_STEP][PASSED] - click(findTestObject("Object Repository/Page_The Story and Evolution of Doodles - G_6e786d/p_The first Doodle was a simple out-of-offi_345e61")): Object: 'Object Repository/Page_The Story and Evolution of Doodles - G_6e786d/p_The first Doodle was a simple out-of-offi_345e61' is clicked on

07-06-2024T14:12:31 - [MESSAGE][PASSED] - Object: 'Object Repository/Page_The Story and Evolution of Doodles - G_6e786d/p_The first Doodle was a simple out-of-offi_345e61' is clicked on

07-06-2024T14:12:31 - [TEST_STEP][PASSED] - verifyElementVisible(findTestObject("Object Repository/Page_The Story and Evolution of Doodles - G_6e786d/h1_The story behind Doodles")): Object 'Object Repository/Page_The Story and Evolution of Doodles - G_6e786d/h1_The story behind Doodles' is visible

07-06-2024T14:12:31 - [MESSAGE][PASSED] - Object 'Object Repository/Page_The Story and Evolution of Doodles - G_6e786d/h1_The story behind Doodles' is visible

07-06-2024T14:12:31 - [TEST_STEP][PASSED] - verifyElementVisible(findTestObject("Object Repository/Page_The Story and Evolution of Doodles - G_6e786d/p_The first Doodle was a simple out-of-offi_345e61")): Object 'Object Repository/Page_The Story and Evolution of Doodles - G_6e786d/p_The first Doodle was a simple out-of-offi_345e61' is visible

07-06-2024T14:12:31 - [MESSAGE][PASSED] - Object 'Object Repository/Page_The Story and Evolution of Doodles - G_6e786d/p_The first Doodle was a simple out-of-offi_345e61' is visible

07-06-2024T14:12:31 - [TEST_STEP][PASSED] - verifyElementVisible(findTestObject("Object Repository/Page_The Story and Evolution of Doodles - G_6e786d/h2_Weve created more than 5,000 Doodles ove_111429")): Object 'Object Repository/Page_The Story and Evolution of Doodles - G_6e786d/h2_Weve created more than 5,000 Doodles ove_111429' is visible

07-06-2024T14:12:31 - [MESSAGE][PASSED] - Object 'Object Repository/Page_The Story and Evolution of Doodles - G_6e786d/h2_Weve created more than 5,000 Doodles ove_111429' is visible

07-06-2024T14:12:31 - [TEST_STEP][PASSED] - click(findTestObject("Object Repository/Page_The Story and Evolution of Doodles - G_6e786d/p_The first Doodle was a simple out-of-offi_345e61")): Object: 'Object Repository/Page_The Story and Evolution of Doodles - G_6e786d/p_The first Doodle was a simple out-of-offi_345e61' is clicked on

07-06-2024T14:12:31 - [MESSAGE][PASSED] - Object: 'Object Repository/Page_The Story and Evolution of Doodles - G_6e786d/p_The first Doodle was a simple out-of-offi_345e61' is clicked on

07-06-2024T14:12:31 - [TEST_STEP][PASSED] - verifyElementVisible(findTestObject("Object Repository/Page_The Story and Evolution of Doodles - G_6e786d/h1_The story behind Doodles")): Object 'Object Repository/Page_The Story and Evolution of Doodles - G_6e786d/h1_The story behind Doodles' is visible

07-06-2024T14:12:31 - [MESSAGE][PASSED] - Object 'Object Repository/Page_The Story and Evolution of Doodles - G_6e786d/h1_The story behind Doodles' is visible

07-06-2024T14:12:31 - [TEST_STEP][PASSED] - verifyElementVisible(findTestObject("Object Repository/Page_The Story and Evolution of Doodles - G_6e786d/p_The first Doodle was a simple out-of-offi_345e61")): Object 'Object Repository/Page_The Story and Evolution of Doodles - G_6e786d/p_The first Doodle was a simple out-of-offi_345e61' is visible

07-06-2024T14:12:31 - [MESSAGE][PASSED] - Object 'Object Repository/Page_The Story and Evolution of Doodles - G_6e786d/p_The first Doodle was a simple out-of-offi_345e61' is visible

07-06-2024T14:12:31 - [TEST_STEP][PASSED] - verifyElementVisible(findTestObject("Object Repository/Page_The Story and Evolution of Doodles - G_6e786d/h2_Weve created more than 5,000 Doodles ove_111429")): Object 'Object Repository/Page_The Story and Evolution of Doodles - G_6e786d/h2_Weve created more than 5,000 Doodles ove_111429' is visible

07-06-2024T14:12:32 - [MESSAGE][PASSED] - Object 'Object Repository/Page_The Story and Evolution of Doodles - G_6e786d/h2_Weve created more than 5,000 Doodles ove_111429' is visible

07-06-2024T14:12:32 - [TEST_STEP][PASSED] - click(findTestObject("Object Repository/Page_The Story and Evolution of Doodles - G_6e786d/p_The first Doodle was a simple out-of-offi_345e61")): Object: 'Object Repository/Page_The Story and Evolution of Doodles - G_6e786d/p_The first Doodle was a simple out-of-offi_345e61' is clicked on

07-06-2024T14:12:32 - [MESSAGE][PASSED] - Object: 'Object Repository/Page_The Story and Evolution of Doodles - G_6e786d/p_The first Doodle was a simple out-of-offi_345e61' is clicked on

07-06-2024T14:12:32 - [TEST_STEP][PASSED] - verifyElementVisible(findTestObject("Object Repository/Page_The Story and Evolution of Doodles - G_6e786d/h1_The story behind Doodles")): Object 'Object Repository/Page_The Story and Evolution of Doodles - G_6e786d/h1_The story behind Doodles' is visible

07-06-2024T14:12:32 - [MESSAGE][PASSED] - Object 'Object Repository/Page_The Story and Evolution of Doodles - G_6e786d/h1_The story behind Doodles' is visible

07-06-2024T14:12:32 - [TEST_STEP][PASSED] - verifyElementVisible(findTestObject("Object Repository/Page_The Story and Evolution of Doodles - G_6e786d/p_The first Doodle was a simple out-of-offi_345e61")): Object 'Object Repository/Page_The Story and Evolution of Doodles - G_6e786d/p_The first Doodle was a simple out-of-offi_345e61' is visible

07-06-2024T14:12:32 - [MESSAGE][PASSED] - Object 'Object Repository/Page_The Story and Evolution of Doodles - G_6e786d/p_The first Doodle was a simple out-of-offi_345e61' is visible

07-06-2024T14:12:32 - [TEST_STEP][PASSED] - verifyElementVisible(findTestObject("Object Repository/Page_The Story and Evolution of Doodles - G_6e786d/h2_Weve created more than 5,000 Doodles ove_111429")): Object 'Object Repository/Page_The Story and Evolution of Doodles - G_6e786d/h2_Weve created more than 5,000 Doodles ove_111429' is visible

07-06-2024T14:12:32 - [MESSAGE][PASSED] - Object 'Object Repository/Page_The Story and Evolution of Doodles - G_6e786d/h2_Weve created more than 5,000 Doodles ove_111429' is visible

07-06-2024T14:12:32 - [TEST_STEP][PASSED] - click(findTestObject("Object Repository/Page_The Story and Evolution of Doodles - G_6e786d/p_The first Doodle was a simple out-of-offi_345e61")): Object: 'Object Repository/Page_The Story and Evolution of Doodles - G_6e786d/p_The first Doodle was a simple out-of-offi_345e61' is clicked on

07-06-2024T14:12:32 - [MESSAGE][PASSED] - Object: 'Object Repository/Page_The Story and Evolution of Doodles - G_6e786d/p_The first Doodle was a simple out-of-offi_345e61' is clicked on

07-06-2024T14:12:32 - [TEST_STEP][PASSED] - verifyElementVisible(findTestObject("Object Repository/Page_The Story and Evolution of Doodles - G_6e786d/h1_The story behind Doodles")): Object 'Object Repository/Page_The Story and Evolution of Doodles - G_6e786d/h1_The story behind Doodles' is visible

07-06-2024T14:12:32 - [MESSAGE][PASSED] - Object 'Object Repository/Page_The Story and Evolution of Doodles - G_6e786d/h1_The story behind Doodles' is visible

07-06-2024T14:12:32 - [TEST_STEP][PASSED] - verifyElementVisible(findTestObject("Object Repository/Page_The Story and Evolution of Doodles - G_6e786d/p_The first Doodle was a simple out-of-offi_345e61")): Object 'Object Repository/Page_The Story and Evolution of Doodles - G_6e786d/p_The first Doodle was a simple out-of-offi_345e61' is visible

07-06-2024T14:12:32 - [MESSAGE][PASSED] - Object 'Object Repository/Page_The Story and Evolution of Doodles - G_6e786d/p_The first Doodle was a simple out-of-offi_345e61' is visible

07-06-2024T14:12:32 - [TEST_STEP][PASSED] - verifyElementVisible(findTestObject("Object Repository/Page_The Story and Evolution of Doodles - G_6e786d/h2_Weve created more than 5,000 Doodles ove_111429")): Object 'Object Repository/Page_The Story and Evolution of Doodles - G_6e786d/h2_Weve created more than 5,000 Doodles ove_111429' is visible

07-06-2024T14:12:32 - [MESSAGE][PASSED] - Object 'Object Repository/Page_The Story and Evolution of Doodles - G_6e786d/h2_Weve created more than 5,000 Doodles ove_111429' is visible

07-06-2024T14:12:32 - [TEST_STEP][PASSED] - click(findTestObject("Object Repository/Page_The Story and Evolution of Doodles - G_6e786d/p_The first Doodle was a simple out-of-offi_345e61")): Object: 'Object Repository/Page_The Story and Evolution of Doodles - G_6e786d/p_The first Doodle was a simple out-of-offi_345e61' is clicked on

07-06-2024T14:12:32 - [MESSAGE][PASSED] - Object: 'Object Repository/Page_The Story and Evolution of Doodles - G_6e786d/p_The first Doodle was a simple out-of-offi_345e61' is clicked on

07-06-2024T14:12:32 - [TEST_STEP][PASSED] - verifyElementVisible(findTestObject("Object Repository/Page_The Story and Evolution of Doodles - G_6e786d/h1_The story behind Doodles")): Object 'Object Repository/Page_The Story and Evolution of Doodles - G_6e786d/h1_The story behind Doodles' is visible

07-06-2024T14:12:32 - [MESSAGE][PASSED] - Object 'Object Repository/Page_The Story and Evolution of Doodles - G_6e786d/h1_The story behind Doodles' is visible

07-06-2024T14:12:32 - [TEST_STEP][PASSED] - verifyElementVisible(findTestObject("Object Repository/Page_The Story and Evolution of Doodles - G_6e786d/p_The first Doodle was a simple out-of-offi_345e61")): Object 'Object Repository/Page_The Story and Evolution of Doodles - G_6e786d/p_The first Doodle was a simple out-of-offi_345e61' is visible

07-06-2024T14:12:32 - [MESSAGE][PASSED] - Object 'Object Repository/Page_The Story and Evolution of Doodles - G_6e786d/p_The first Doodle was a simple out-of-offi_345e61' is visible

07-06-2024T14:12:32 - [TEST_STEP][PASSED] - verifyElementVisible(findTestObject("Object Repository/Page_The Story and Evolution of Doodles - G_6e786d/h2_Weve created more than 5,000 Doodles ove_111429")): Object 'Object Repository/Page_The Story and Evolution of Doodles - G_6e786d/h2_Weve created more than 5,000 Doodles ove_111429' is visible

07-06-2024T14:12:32 - [MESSAGE][PASSED] - Object 'Object Repository/Page_The Story and Evolution of Doodles - G_6e786d/h2_Weve created more than 5,000 Doodles ove_111429' is visible

07-06-2024T14:12:32 - [TEST_STEP][PASSED] - click(findTestObject("Object Repository/Page_The Story and Evolution of Doodles - G_6e786d/p_The first Doodle was a simple out-of-offi_345e61")): Object: 'Object Repository/Page_The Story and Evolution of Doodles - G_6e786d/p_The first Doodle was a simple out-of-offi_345e61' is clicked on

07-06-2024T14:12:33 - [MESSAGE][PASSED] - Object: 'Object Repository/Page_The Story and Evolution of Doodles - G_6e786d/p_The first Doodle was a simple out-of-offi_345e61' is clicked on

07-06-2024T14:12:33 - [TEST_STEP][PASSED] - verifyElementVisible(findTestObject("Object Repository/Page_The Story and Evolution of Doodles - G_6e786d/h1_The story behind Doodles")): Object 'Object Repository/Page_The Story and Evolution of Doodles - G_6e786d/h1_The story behind Doodles' is visible

07-06-2024T14:12:33 - [MESSAGE][PASSED] - Object 'Object Repository/Page_The Story and Evolution of Doodles - G_6e786d/h1_The story behind Doodles' is visible

07-06-2024T14:12:33 - [TEST_STEP][PASSED] - verifyElementVisible(findTestObject("Object Repository/Page_The Story and Evolution of Doodles - G_6e786d/p_The first Doodle was a simple out-of-offi_345e61")): Object 'Object Repository/Page_The Story and Evolution of Doodles - G_6e786d/p_The first Doodle was a simple out-of-offi_345e61' is visible

07-06-2024T14:12:33 - [MESSAGE][PASSED] - Object 'Object Repository/Page_The Story and Evolution of Doodles - G_6e786d/p_The first Doodle was a simple out-of-offi_345e61' is visible

07-06-2024T14:12:33 - [TEST_STEP][PASSED] - verifyElementVisible(findTestObject("Object Repository/Page_The Story and Evolution of Doodles - G_6e786d/h2_Weve created more than 5,000 Doodles ove_111429")): Object 'Object Repository/Page_The Story and Evolution of Doodles - G_6e786d/h2_Weve created more than 5,000 Doodles ove_111429' is visible

07-06-2024T14:12:33 - [MESSAGE][PASSED] - Object 'Object Repository/Page_The Story and Evolution of Doodles - G_6e786d/h2_Weve created more than 5,000 Doodles ove_111429' is visible

07-06-2024T14:12:33 - [TEST_STEP][PASSED] - click(findTestObject("Object Repository/Page_The Story and Evolution of Doodles - G_6e786d/p_The first Doodle was a simple out-of-offi_345e61")): Object: 'Object Repository/Page_The Story and Evolution of Doodles - G_6e786d/p_The first Doodle was a simple out-of-offi_345e61' is clicked on

07-06-2024T14:12:33 - [MESSAGE][PASSED] - Object: 'Object Repository/Page_The Story and Evolution of Doodles - G_6e786d/p_The first Doodle was a simple out-of-offi_345e61' is clicked on

07-06-2024T14:12:33 - [TEST_STEP][PASSED] - verifyElementVisible(findTestObject("Object Repository/Page_The Story and Evolution of Doodles - G_6e786d/h1_The story behind Doodles")): Object 'Object Repository/Page_The Story and Evolution of Doodles - G_6e786d/h1_The story behind Doodles' is visible

07-06-2024T14:12:33 - [MESSAGE][PASSED] - Object 'Object Repository/Page_The Story and Evolution of Doodles - G_6e786d/h1_The story behind Doodles' is visible

07-06-2024T14:12:33 - [TEST_STEP][PASSED] - verifyElementVisible(findTestObject("Object Repository/Page_The Story and Evolution of Doodles - G_6e786d/p_The first Doodle was a simple out-of-offi_345e61")): Object 'Object Repository/Page_The Story and Evolution of Doodles - G_6e786d/p_The first Doodle was a simple out-of-offi_345e61' is visible

07-06-2024T14:12:33 - [MESSAGE][PASSED] - Object 'Object Repository/Page_The Story and Evolution of Doodles - G_6e786d/p_The first Doodle was a simple out-of-offi_345e61' is visible

07-06-2024T14:12:33 - [TEST_STEP][PASSED] - verifyElementVisible(findTestObject("Object Repository/Page_The Story and Evolution of Doodles - G_6e786d/h2_Weve created more than 5,000 Doodles ove_111429")): Object 'Object Repository/Page_The Story and Evolution of Doodles - G_6e786d/h2_Weve created more than 5,000 Doodles ove_111429' is visible

07-06-2024T14:12:33 - [MESSAGE][PASSED] - Object 'Object Repository/Page_The Story and Evolution of Doodles - G_6e786d/h2_Weve created more than 5,000 Doodles ove_111429' is visible

07-06-2024T14:12:33 - [TEST_STEP][PASSED] - click(findTestObject("Object Repository/Page_The Story and Evolution of Doodles - G_6e786d/p_The first Doodle was a simple out-of-offi_345e61")): Object: 'Object Repository/Page_The Story and Evolution of Doodles - G_6e786d/p_The first Doodle was a simple out-of-offi_345e61' is clicked on

07-06-2024T14:12:33 - [MESSAGE][PASSED] - Object: 'Object Repository/Page_The Story and Evolution of Doodles - G_6e786d/p_The first Doodle was a simple out-of-offi_345e61' is clicked on

07-06-2024T14:12:33 - [TEST_STEP][PASSED] - verifyElementVisible(findTestObject("Object Repository/Page_The Story and Evolution of Doodles - G_6e786d/h1_The story behind Doodles")): Object 'Object Repository/Page_The Story and Evolution of Doodles - G_6e786d/h1_The story behind Doodles' is visible

07-06-2024T14:12:33 - [MESSAGE][PASSED] - Object 'Object Repository/Page_The Story and Evolution of Doodles - G_6e786d/h1_The story behind Doodles' is visible

07-06-2024T14:12:33 - [TEST_STEP][PASSED] - verifyElementVisible(findTestObject("Object Repository/Page_The Story and Evolution of Doodles - G_6e786d/p_The first Doodle was a simple out-of-offi_345e61")): Object 'Object Repository/Page_The Story and Evolution of Doodles - G_6e786d/p_The first Doodle was a simple out-of-offi_345e61' is visible

07-06-2024T14:12:33 - [MESSAGE][PASSED] - Object 'Object Repository/Page_The Story and Evolution of Doodles - G_6e786d/p_The first Doodle was a simple out-of-offi_345e61' is visible

07-06-2024T14:12:33 - [TEST_STEP][PASSED] - verifyElementVisible(findTestObject("Object Repository/Page_The Story and Evolution of Doodles - G_6e786d/h2_Weve created more than 5,000 Doodles ove_111429")): Object 'Object Repository/Page_The Story and Evolution of Doodles - G_6e786d/h2_Weve created more than 5,000 Doodles ove_111429' is visible

07-06-2024T14:12:33 - [MESSAGE][PASSED] - Object 'Object Repository/Page_The Story and Evolution of Doodles - G_6e786d/h2_Weve created more than 5,000 Doodles ove_111429' is visible

07-06-2024T14:12:33 - [TEST_STEP][PASSED] - click(findTestObject("Object Repository/Page_The Story and Evolution of Doodles - G_6e786d/p_The first Doodle was a simple out-of-offi_345e61")): Object: 'Object Repository/Page_The Story and Evolution of Doodles - G_6e786d/p_The first Doodle was a simple out-of-offi_345e61' is clicked on

07-06-2024T14:12:34 - [MESSAGE][PASSED] - Object: 'Object Repository/Page_The Story and Evolution of Doodles - G_6e786d/p_The first Doodle was a simple out-of-offi_345e61' is clicked on

07-06-2024T14:12:34 - [TEST_STEP][PASSED] - verifyElementVisible(findTestObject("Object Repository/Page_The Story and Evolution of Doodles - G_6e786d/h1_The story behind Doodles")): Object 'Object Repository/Page_The Story and Evolution of Doodles - G_6e786d/h1_The story behind Doodles' is visible

07-06-2024T14:12:34 - [MESSAGE][PASSED] - Object 'Object Repository/Page_The Story and Evolution of Doodles - G_6e786d/h1_The story behind Doodles' is visible

07-06-2024T14:12:34 - [TEST_STEP][PASSED] - verifyElementVisible(findTestObject("Object Repository/Page_The Story and Evolution of Doodles - G_6e786d/p_The first Doodle was a simple out-of-offi_345e61")): Object 'Object Repository/Page_The Story and Evolution of Doodles - G_6e786d/p_The first Doodle was a simple out-of-offi_345e61' is visible

07-06-2024T14:12:34 - [MESSAGE][PASSED] - Object 'Object Repository/Page_The Story and Evolution of Doodles - G_6e786d/p_The first Doodle was a simple out-of-offi_345e61' is visible

07-06-2024T14:12:34 - [TEST_STEP][PASSED] - verifyElementVisible(findTestObject("Object Repository/Page_The Story and Evolution of Doodles - G_6e786d/h2_Weve created more than 5,000 Doodles ove_111429")): Object 'Object Repository/Page_The Story and Evolution of Doodles - G_6e786d/h2_Weve created more than 5,000 Doodles ove_111429' is visible

07-06-2024T14:12:34 - [MESSAGE][PASSED] - Object 'Object Repository/Page_The Story and Evolution of Doodles - G_6e786d/h2_Weve created more than 5,000 Doodles ove_111429' is visible]]></system-out>
         <system-err><![CDATA[]]></system-err>
      </testcase>
      <testcase name="Test Cases/test case folder 1/tc1 - Copy (8)" time="8.525" classname="Test Cases/test case folder 1/tc1 - Copy (8)" status="PASSED">
         <system-out><![CDATA[07-06-2024T14:12:34 - [TEST_CASE][PASSED] - Test Cases/test case folder 1/tc1 - Copy (8): Test Cases/test case folder 1/tc1 - Copy (8)

07-06-2024T14:12:34 - [TEST_STEP][PASSED] - openBrowser(""): Browser is opened with url: ''

07-06-2024T14:12:34 - [MESSAGE][WARNING] - A browser is already opened. Closing browser and opening a new one

07-06-2024T14:12:35 - [MESSAGE][INFO] - Starting 'Firefox (headless)' driver

07-06-2024T14:12:35 - [MESSAGE][INFO] - Action delay is set to 0 milliseconds

07-06-2024T14:12:37 - [MESSAGE][PASSED] - Browser is opened with url: ''

07-06-2024T14:12:37 - [TEST_STEP][PASSED] - navigateToUrl("https://doodles.google/about/"): Navigate to 'https://doodles.google/about/' successfully

07-06-2024T14:12:38 - [MESSAGE][PASSED] - Navigate to 'https://doodles.google/about/' successfully

07-06-2024T14:12:38 - [TEST_STEP][PASSED] - click(findTestObject("Object Repository/Page_The Story and Evolution of Doodles - G_6e786d/p_The first Doodle was a simple out-of-offi_345e61")): Object: 'Object Repository/Page_The Story and Evolution of Doodles - G_6e786d/p_The first Doodle was a simple out-of-offi_345e61' is clicked on

07-06-2024T14:12:38 - [MESSAGE][PASSED] - Object: 'Object Repository/Page_The Story and Evolution of Doodles - G_6e786d/p_The first Doodle was a simple out-of-offi_345e61' is clicked on

07-06-2024T14:12:38 - [TEST_STEP][PASSED] - click(findTestObject("Object Repository/Page_The Story and Evolution of Doodles - G_6e786d/p_The first Doodle was a simple out-of-offi_345e61")): Object: 'Object Repository/Page_The Story and Evolution of Doodles - G_6e786d/p_The first Doodle was a simple out-of-offi_345e61' is clicked on

07-06-2024T14:12:39 - [MESSAGE][PASSED] - Object: 'Object Repository/Page_The Story and Evolution of Doodles - G_6e786d/p_The first Doodle was a simple out-of-offi_345e61' is clicked on

07-06-2024T14:12:39 - [TEST_STEP][PASSED] - verifyElementVisible(findTestObject("Object Repository/Page_The Story and Evolution of Doodles - G_6e786d/h1_The story behind Doodles")): Object 'Object Repository/Page_The Story and Evolution of Doodles - G_6e786d/h1_The story behind Doodles' is visible

07-06-2024T14:12:39 - [MESSAGE][PASSED] - Object 'Object Repository/Page_The Story and Evolution of Doodles - G_6e786d/h1_The story behind Doodles' is visible

07-06-2024T14:12:39 - [TEST_STEP][PASSED] - verifyElementVisible(findTestObject("Object Repository/Page_The Story and Evolution of Doodles - G_6e786d/p_The first Doodle was a simple out-of-offi_345e61")): Object 'Object Repository/Page_The Story and Evolution of Doodles - G_6e786d/p_The first Doodle was a simple out-of-offi_345e61' is visible

07-06-2024T14:12:39 - [MESSAGE][PASSED] - Object 'Object Repository/Page_The Story and Evolution of Doodles - G_6e786d/p_The first Doodle was a simple out-of-offi_345e61' is visible

07-06-2024T14:12:39 - [TEST_STEP][PASSED] - verifyElementVisible(findTestObject("Object Repository/Page_The Story and Evolution of Doodles - G_6e786d/h2_Weve created more than 5,000 Doodles ove_111429")): Object 'Object Repository/Page_The Story and Evolution of Doodles - G_6e786d/h2_Weve created more than 5,000 Doodles ove_111429' is visible

07-06-2024T14:12:39 - [MESSAGE][PASSED] - Object 'Object Repository/Page_The Story and Evolution of Doodles - G_6e786d/h2_Weve created more than 5,000 Doodles ove_111429' is visible

07-06-2024T14:12:39 - [TEST_STEP][PASSED] - verifyElementVisible(findTestObject("Object Repository/Page_The Story and Evolution of Doodles - G_6e786d/h1_The story behind Doodles")): Object 'Object Repository/Page_The Story and Evolution of Doodles - G_6e786d/h1_The story behind Doodles' is visible

07-06-2024T14:12:39 - [MESSAGE][PASSED] - Object 'Object Repository/Page_The Story and Evolution of Doodles - G_6e786d/h1_The story behind Doodles' is visible

07-06-2024T14:12:39 - [TEST_STEP][PASSED] - verifyElementVisible(findTestObject("Object Repository/Page_The Story and Evolution of Doodles - G_6e786d/p_The first Doodle was a simple out-of-offi_345e61")): Object 'Object Repository/Page_The Story and Evolution of Doodles - G_6e786d/p_The first Doodle was a simple out-of-offi_345e61' is visible

07-06-2024T14:12:39 - [MESSAGE][PASSED] - Object 'Object Repository/Page_The Story and Evolution of Doodles - G_6e786d/p_The first Doodle was a simple out-of-offi_345e61' is visible

07-06-2024T14:12:39 - [TEST_STEP][PASSED] - verifyElementVisible(findTestObject("Object Repository/Page_The Story and Evolution of Doodles - G_6e786d/h2_Weve created more than 5,000 Doodles ove_111429")): Object 'Object Repository/Page_The Story and Evolution of Doodles - G_6e786d/h2_Weve created more than 5,000 Doodles ove_111429' is visible

07-06-2024T14:12:39 - [MESSAGE][PASSED] - Object 'Object Repository/Page_The Story and Evolution of Doodles - G_6e786d/h2_Weve created more than 5,000 Doodles ove_111429' is visible

07-06-2024T14:12:39 - [TEST_STEP][PASSED] - click(findTestObject("Object Repository/Page_The Story and Evolution of Doodles - G_6e786d/p_The first Doodle was a simple out-of-offi_345e61")): Object: 'Object Repository/Page_The Story and Evolution of Doodles - G_6e786d/p_The first Doodle was a simple out-of-offi_345e61' is clicked on

07-06-2024T14:12:39 - [MESSAGE][PASSED] - Object: 'Object Repository/Page_The Story and Evolution of Doodles - G_6e786d/p_The first Doodle was a simple out-of-offi_345e61' is clicked on

07-06-2024T14:12:39 - [TEST_STEP][PASSED] - verifyElementVisible(findTestObject("Object Repository/Page_The Story and Evolution of Doodles - G_6e786d/h1_The story behind Doodles")): Object 'Object Repository/Page_The Story and Evolution of Doodles - G_6e786d/h1_The story behind Doodles' is visible

07-06-2024T14:12:39 - [MESSAGE][PASSED] - Object 'Object Repository/Page_The Story and Evolution of Doodles - G_6e786d/h1_The story behind Doodles' is visible

07-06-2024T14:12:39 - [TEST_STEP][PASSED] - verifyElementVisible(findTestObject("Object Repository/Page_The Story and Evolution of Doodles - G_6e786d/p_The first Doodle was a simple out-of-offi_345e61")): Object 'Object Repository/Page_The Story and Evolution of Doodles - G_6e786d/p_The first Doodle was a simple out-of-offi_345e61' is visible

07-06-2024T14:12:39 - [MESSAGE][PASSED] - Object 'Object Repository/Page_The Story and Evolution of Doodles - G_6e786d/p_The first Doodle was a simple out-of-offi_345e61' is visible

07-06-2024T14:12:39 - [TEST_STEP][PASSED] - verifyElementVisible(findTestObject("Object Repository/Page_The Story and Evolution of Doodles - G_6e786d/h2_Weve created more than 5,000 Doodles ove_111429")): Object 'Object Repository/Page_The Story and Evolution of Doodles - G_6e786d/h2_Weve created more than 5,000 Doodles ove_111429' is visible

07-06-2024T14:12:39 - [MESSAGE][PASSED] - Object 'Object Repository/Page_The Story and Evolution of Doodles - G_6e786d/h2_Weve created more than 5,000 Doodles ove_111429' is visible

07-06-2024T14:12:39 - [TEST_STEP][PASSED] - click(findTestObject("Object Repository/Page_The Story and Evolution of Doodles - G_6e786d/p_The first Doodle was a simple out-of-offi_345e61")): Object: 'Object Repository/Page_The Story and Evolution of Doodles - G_6e786d/p_The first Doodle was a simple out-of-offi_345e61' is clicked on

07-06-2024T14:12:40 - [MESSAGE][PASSED] - Object: 'Object Repository/Page_The Story and Evolution of Doodles - G_6e786d/p_The first Doodle was a simple out-of-offi_345e61' is clicked on

07-06-2024T14:12:40 - [TEST_STEP][PASSED] - verifyElementVisible(findTestObject("Object Repository/Page_The Story and Evolution of Doodles - G_6e786d/h1_The story behind Doodles")): Object 'Object Repository/Page_The Story and Evolution of Doodles - G_6e786d/h1_The story behind Doodles' is visible

07-06-2024T14:12:40 - [MESSAGE][PASSED] - Object 'Object Repository/Page_The Story and Evolution of Doodles - G_6e786d/h1_The story behind Doodles' is visible

07-06-2024T14:12:40 - [TEST_STEP][PASSED] - verifyElementVisible(findTestObject("Object Repository/Page_The Story and Evolution of Doodles - G_6e786d/p_The first Doodle was a simple out-of-offi_345e61")): Object 'Object Repository/Page_The Story and Evolution of Doodles - G_6e786d/p_The first Doodle was a simple out-of-offi_345e61' is visible

07-06-2024T14:12:40 - [MESSAGE][PASSED] - Object 'Object Repository/Page_The Story and Evolution of Doodles - G_6e786d/p_The first Doodle was a simple out-of-offi_345e61' is visible

07-06-2024T14:12:40 - [TEST_STEP][PASSED] - verifyElementVisible(findTestObject("Object Repository/Page_The Story and Evolution of Doodles - G_6e786d/h2_Weve created more than 5,000 Doodles ove_111429")): Object 'Object Repository/Page_The Story and Evolution of Doodles - G_6e786d/h2_Weve created more than 5,000 Doodles ove_111429' is visible

07-06-2024T14:12:40 - [MESSAGE][PASSED] - Object 'Object Repository/Page_The Story and Evolution of Doodles - G_6e786d/h2_Weve created more than 5,000 Doodles ove_111429' is visible

07-06-2024T14:12:40 - [TEST_STEP][PASSED] - click(findTestObject("Object Repository/Page_The Story and Evolution of Doodles - G_6e786d/p_The first Doodle was a simple out-of-offi_345e61")): Object: 'Object Repository/Page_The Story and Evolution of Doodles - G_6e786d/p_The first Doodle was a simple out-of-offi_345e61' is clicked on

07-06-2024T14:12:40 - [MESSAGE][PASSED] - Object: 'Object Repository/Page_The Story and Evolution of Doodles - G_6e786d/p_The first Doodle was a simple out-of-offi_345e61' is clicked on

07-06-2024T14:12:40 - [TEST_STEP][PASSED] - verifyElementVisible(findTestObject("Object Repository/Page_The Story and Evolution of Doodles - G_6e786d/h1_The story behind Doodles")): Object 'Object Repository/Page_The Story and Evolution of Doodles - G_6e786d/h1_The story behind Doodles' is visible

07-06-2024T14:12:40 - [MESSAGE][PASSED] - Object 'Object Repository/Page_The Story and Evolution of Doodles - G_6e786d/h1_The story behind Doodles' is visible

07-06-2024T14:12:40 - [TEST_STEP][PASSED] - verifyElementVisible(findTestObject("Object Repository/Page_The Story and Evolution of Doodles - G_6e786d/p_The first Doodle was a simple out-of-offi_345e61")): Object 'Object Repository/Page_The Story and Evolution of Doodles - G_6e786d/p_The first Doodle was a simple out-of-offi_345e61' is visible

07-06-2024T14:12:40 - [MESSAGE][PASSED] - Object 'Object Repository/Page_The Story and Evolution of Doodles - G_6e786d/p_The first Doodle was a simple out-of-offi_345e61' is visible

07-06-2024T14:12:40 - [TEST_STEP][PASSED] - verifyElementVisible(findTestObject("Object Repository/Page_The Story and Evolution of Doodles - G_6e786d/h2_Weve created more than 5,000 Doodles ove_111429")): Object 'Object Repository/Page_The Story and Evolution of Doodles - G_6e786d/h2_Weve created more than 5,000 Doodles ove_111429' is visible

07-06-2024T14:12:40 - [MESSAGE][PASSED] - Object 'Object Repository/Page_The Story and Evolution of Doodles - G_6e786d/h2_Weve created more than 5,000 Doodles ove_111429' is visible

07-06-2024T14:12:40 - [TEST_STEP][PASSED] - click(findTestObject("Object Repository/Page_The Story and Evolution of Doodles - G_6e786d/p_The first Doodle was a simple out-of-offi_345e61")): Object: 'Object Repository/Page_The Story and Evolution of Doodles - G_6e786d/p_The first Doodle was a simple out-of-offi_345e61' is clicked on

07-06-2024T14:12:40 - [MESSAGE][PASSED] - Object: 'Object Repository/Page_The Story and Evolution of Doodles - G_6e786d/p_The first Doodle was a simple out-of-offi_345e61' is clicked on

07-06-2024T14:12:40 - [TEST_STEP][PASSED] - verifyElementVisible(findTestObject("Object Repository/Page_The Story and Evolution of Doodles - G_6e786d/h1_The story behind Doodles")): Object 'Object Repository/Page_The Story and Evolution of Doodles - G_6e786d/h1_The story behind Doodles' is visible

07-06-2024T14:12:40 - [MESSAGE][PASSED] - Object 'Object Repository/Page_The Story and Evolution of Doodles - G_6e786d/h1_The story behind Doodles' is visible

07-06-2024T14:12:40 - [TEST_STEP][PASSED] - verifyElementVisible(findTestObject("Object Repository/Page_The Story and Evolution of Doodles - G_6e786d/p_The first Doodle was a simple out-of-offi_345e61")): Object 'Object Repository/Page_The Story and Evolution of Doodles - G_6e786d/p_The first Doodle was a simple out-of-offi_345e61' is visible

07-06-2024T14:12:40 - [MESSAGE][PASSED] - Object 'Object Repository/Page_The Story and Evolution of Doodles - G_6e786d/p_The first Doodle was a simple out-of-offi_345e61' is visible

07-06-2024T14:12:40 - [TEST_STEP][PASSED] - verifyElementVisible(findTestObject("Object Repository/Page_The Story and Evolution of Doodles - G_6e786d/h2_Weve created more than 5,000 Doodles ove_111429")): Object 'Object Repository/Page_The Story and Evolution of Doodles - G_6e786d/h2_Weve created more than 5,000 Doodles ove_111429' is visible

07-06-2024T14:12:40 - [MESSAGE][PASSED] - Object 'Object Repository/Page_The Story and Evolution of Doodles - G_6e786d/h2_Weve created more than 5,000 Doodles ove_111429' is visible

07-06-2024T14:12:40 - [TEST_STEP][PASSED] - click(findTestObject("Object Repository/Page_The Story and Evolution of Doodles - G_6e786d/p_The first Doodle was a simple out-of-offi_345e61")): Object: 'Object Repository/Page_The Story and Evolution of Doodles - G_6e786d/p_The first Doodle was a simple out-of-offi_345e61' is clicked on

07-06-2024T14:12:41 - [MESSAGE][PASSED] - Object: 'Object Repository/Page_The Story and Evolution of Doodles - G_6e786d/p_The first Doodle was a simple out-of-offi_345e61' is clicked on

07-06-2024T14:12:41 - [TEST_STEP][PASSED] - verifyElementVisible(findTestObject("Object Repository/Page_The Story and Evolution of Doodles - G_6e786d/h1_The story behind Doodles")): Object 'Object Repository/Page_The Story and Evolution of Doodles - G_6e786d/h1_The story behind Doodles' is visible

07-06-2024T14:12:41 - [MESSAGE][PASSED] - Object 'Object Repository/Page_The Story and Evolution of Doodles - G_6e786d/h1_The story behind Doodles' is visible

07-06-2024T14:12:41 - [TEST_STEP][PASSED] - verifyElementVisible(findTestObject("Object Repository/Page_The Story and Evolution of Doodles - G_6e786d/p_The first Doodle was a simple out-of-offi_345e61")): Object 'Object Repository/Page_The Story and Evolution of Doodles - G_6e786d/p_The first Doodle was a simple out-of-offi_345e61' is visible

07-06-2024T14:12:41 - [MESSAGE][PASSED] - Object 'Object Repository/Page_The Story and Evolution of Doodles - G_6e786d/p_The first Doodle was a simple out-of-offi_345e61' is visible

07-06-2024T14:12:41 - [TEST_STEP][PASSED] - verifyElementVisible(findTestObject("Object Repository/Page_The Story and Evolution of Doodles - G_6e786d/h2_Weve created more than 5,000 Doodles ove_111429")): Object 'Object Repository/Page_The Story and Evolution of Doodles - G_6e786d/h2_Weve created more than 5,000 Doodles ove_111429' is visible

07-06-2024T14:12:41 - [MESSAGE][PASSED] - Object 'Object Repository/Page_The Story and Evolution of Doodles - G_6e786d/h2_Weve created more than 5,000 Doodles ove_111429' is visible

07-06-2024T14:12:41 - [TEST_STEP][PASSED] - click(findTestObject("Object Repository/Page_The Story and Evolution of Doodles - G_6e786d/p_The first Doodle was a simple out-of-offi_345e61")): Object: 'Object Repository/Page_The Story and Evolution of Doodles - G_6e786d/p_The first Doodle was a simple out-of-offi_345e61' is clicked on

07-06-2024T14:12:41 - [MESSAGE][PASSED] - Object: 'Object Repository/Page_The Story and Evolution of Doodles - G_6e786d/p_The first Doodle was a simple out-of-offi_345e61' is clicked on

07-06-2024T14:12:41 - [TEST_STEP][PASSED] - verifyElementVisible(findTestObject("Object Repository/Page_The Story and Evolution of Doodles - G_6e786d/h1_The story behind Doodles")): Object 'Object Repository/Page_The Story and Evolution of Doodles - G_6e786d/h1_The story behind Doodles' is visible

07-06-2024T14:12:41 - [MESSAGE][PASSED] - Object 'Object Repository/Page_The Story and Evolution of Doodles - G_6e786d/h1_The story behind Doodles' is visible

07-06-2024T14:12:41 - [TEST_STEP][PASSED] - verifyElementVisible(findTestObject("Object Repository/Page_The Story and Evolution of Doodles - G_6e786d/p_The first Doodle was a simple out-of-offi_345e61")): Object 'Object Repository/Page_The Story and Evolution of Doodles - G_6e786d/p_The first Doodle was a simple out-of-offi_345e61' is visible

07-06-2024T14:12:41 - [MESSAGE][PASSED] - Object 'Object Repository/Page_The Story and Evolution of Doodles - G_6e786d/p_The first Doodle was a simple out-of-offi_345e61' is visible

07-06-2024T14:12:41 - [TEST_STEP][PASSED] - verifyElementVisible(findTestObject("Object Repository/Page_The Story and Evolution of Doodles - G_6e786d/h2_Weve created more than 5,000 Doodles ove_111429")): Object 'Object Repository/Page_The Story and Evolution of Doodles - G_6e786d/h2_Weve created more than 5,000 Doodles ove_111429' is visible

07-06-2024T14:12:41 - [MESSAGE][PASSED] - Object 'Object Repository/Page_The Story and Evolution of Doodles - G_6e786d/h2_Weve created more than 5,000 Doodles ove_111429' is visible

07-06-2024T14:12:41 - [TEST_STEP][PASSED] - click(findTestObject("Object Repository/Page_The Story and Evolution of Doodles - G_6e786d/p_The first Doodle was a simple out-of-offi_345e61")): Object: 'Object Repository/Page_The Story and Evolution of Doodles - G_6e786d/p_The first Doodle was a simple out-of-offi_345e61' is clicked on

07-06-2024T14:12:41 - [MESSAGE][PASSED] - Object: 'Object Repository/Page_The Story and Evolution of Doodles - G_6e786d/p_The first Doodle was a simple out-of-offi_345e61' is clicked on

07-06-2024T14:12:41 - [TEST_STEP][PASSED] - verifyElementVisible(findTestObject("Object Repository/Page_The Story and Evolution of Doodles - G_6e786d/h1_The story behind Doodles")): Object 'Object Repository/Page_The Story and Evolution of Doodles - G_6e786d/h1_The story behind Doodles' is visible

07-06-2024T14:12:41 - [MESSAGE][PASSED] - Object 'Object Repository/Page_The Story and Evolution of Doodles - G_6e786d/h1_The story behind Doodles' is visible

07-06-2024T14:12:41 - [TEST_STEP][PASSED] - verifyElementVisible(findTestObject("Object Repository/Page_The Story and Evolution of Doodles - G_6e786d/p_The first Doodle was a simple out-of-offi_345e61")): Object 'Object Repository/Page_The Story and Evolution of Doodles - G_6e786d/p_The first Doodle was a simple out-of-offi_345e61' is visible

07-06-2024T14:12:41 - [MESSAGE][PASSED] - Object 'Object Repository/Page_The Story and Evolution of Doodles - G_6e786d/p_The first Doodle was a simple out-of-offi_345e61' is visible

07-06-2024T14:12:41 - [TEST_STEP][PASSED] - verifyElementVisible(findTestObject("Object Repository/Page_The Story and Evolution of Doodles - G_6e786d/h2_Weve created more than 5,000 Doodles ove_111429")): Object 'Object Repository/Page_The Story and Evolution of Doodles - G_6e786d/h2_Weve created more than 5,000 Doodles ove_111429' is visible

07-06-2024T14:12:42 - [MESSAGE][PASSED] - Object 'Object Repository/Page_The Story and Evolution of Doodles - G_6e786d/h2_Weve created more than 5,000 Doodles ove_111429' is visible

07-06-2024T14:12:42 - [TEST_STEP][PASSED] - click(findTestObject("Object Repository/Page_The Story and Evolution of Doodles - G_6e786d/p_The first Doodle was a simple out-of-offi_345e61")): Object: 'Object Repository/Page_The Story and Evolution of Doodles - G_6e786d/p_The first Doodle was a simple out-of-offi_345e61' is clicked on

07-06-2024T14:12:42 - [MESSAGE][PASSED] - Object: 'Object Repository/Page_The Story and Evolution of Doodles - G_6e786d/p_The first Doodle was a simple out-of-offi_345e61' is clicked on

07-06-2024T14:12:42 - [TEST_STEP][PASSED] - verifyElementVisible(findTestObject("Object Repository/Page_The Story and Evolution of Doodles - G_6e786d/h1_The story behind Doodles")): Object 'Object Repository/Page_The Story and Evolution of Doodles - G_6e786d/h1_The story behind Doodles' is visible

07-06-2024T14:12:42 - [MESSAGE][PASSED] - Object 'Object Repository/Page_The Story and Evolution of Doodles - G_6e786d/h1_The story behind Doodles' is visible

07-06-2024T14:12:42 - [TEST_STEP][PASSED] - verifyElementVisible(findTestObject("Object Repository/Page_The Story and Evolution of Doodles - G_6e786d/p_The first Doodle was a simple out-of-offi_345e61")): Object 'Object Repository/Page_The Story and Evolution of Doodles - G_6e786d/p_The first Doodle was a simple out-of-offi_345e61' is visible

07-06-2024T14:12:42 - [MESSAGE][PASSED] - Object 'Object Repository/Page_The Story and Evolution of Doodles - G_6e786d/p_The first Doodle was a simple out-of-offi_345e61' is visible

07-06-2024T14:12:42 - [TEST_STEP][PASSED] - verifyElementVisible(findTestObject("Object Repository/Page_The Story and Evolution of Doodles - G_6e786d/h2_Weve created more than 5,000 Doodles ove_111429")): Object 'Object Repository/Page_The Story and Evolution of Doodles - G_6e786d/h2_Weve created more than 5,000 Doodles ove_111429' is visible

07-06-2024T14:12:42 - [MESSAGE][PASSED] - Object 'Object Repository/Page_The Story and Evolution of Doodles - G_6e786d/h2_Weve created more than 5,000 Doodles ove_111429' is visible

07-06-2024T14:12:42 - [TEST_STEP][PASSED] - click(findTestObject("Object Repository/Page_The Story and Evolution of Doodles - G_6e786d/p_The first Doodle was a simple out-of-offi_345e61")): Object: 'Object Repository/Page_The Story and Evolution of Doodles - G_6e786d/p_The first Doodle was a simple out-of-offi_345e61' is clicked on

07-06-2024T14:12:42 - [MESSAGE][PASSED] - Object: 'Object Repository/Page_The Story and Evolution of Doodles - G_6e786d/p_The first Doodle was a simple out-of-offi_345e61' is clicked on

07-06-2024T14:12:42 - [TEST_STEP][PASSED] - verifyElementVisible(findTestObject("Object Repository/Page_The Story and Evolution of Doodles - G_6e786d/h1_The story behind Doodles")): Object 'Object Repository/Page_The Story and Evolution of Doodles - G_6e786d/h1_The story behind Doodles' is visible

07-06-2024T14:12:42 - [MESSAGE][PASSED] - Object 'Object Repository/Page_The Story and Evolution of Doodles - G_6e786d/h1_The story behind Doodles' is visible

07-06-2024T14:12:42 - [TEST_STEP][PASSED] - verifyElementVisible(findTestObject("Object Repository/Page_The Story and Evolution of Doodles - G_6e786d/p_The first Doodle was a simple out-of-offi_345e61")): Object 'Object Repository/Page_The Story and Evolution of Doodles - G_6e786d/p_The first Doodle was a simple out-of-offi_345e61' is visible

07-06-2024T14:12:42 - [MESSAGE][PASSED] - Object 'Object Repository/Page_The Story and Evolution of Doodles - G_6e786d/p_The first Doodle was a simple out-of-offi_345e61' is visible

07-06-2024T14:12:42 - [TEST_STEP][PASSED] - verifyElementVisible(findTestObject("Object Repository/Page_The Story and Evolution of Doodles - G_6e786d/h2_Weve created more than 5,000 Doodles ove_111429")): Object 'Object Repository/Page_The Story and Evolution of Doodles - G_6e786d/h2_Weve created more than 5,000 Doodles ove_111429' is visible

07-06-2024T14:12:42 - [MESSAGE][PASSED] - Object 'Object Repository/Page_The Story and Evolution of Doodles - G_6e786d/h2_Weve created more than 5,000 Doodles ove_111429' is visible]]></system-out>
         <system-err><![CDATA[]]></system-err>
      </testcase>
      <testcase name="Test Cases/test case folder 1/tc1 - Copy (9)" time="8.319" classname="Test Cases/test case folder 1/tc1 - Copy (9)" status="PASSED">
         <system-out><![CDATA[07-06-2024T14:12:42 - [TEST_CASE][PASSED] - Test Cases/test case folder 1/tc1 - Copy (9): Test Cases/test case folder 1/tc1 - Copy (9)

07-06-2024T14:12:42 - [TEST_STEP][PASSED] - openBrowser(""): Browser is opened with url: ''

07-06-2024T14:12:42 - [MESSAGE][WARNING] - A browser is already opened. Closing browser and opening a new one

07-06-2024T14:12:43 - [MESSAGE][INFO] - Starting 'Firefox (headless)' driver

07-06-2024T14:12:43 - [MESSAGE][INFO] - Action delay is set to 0 milliseconds

07-06-2024T14:12:45 - [MESSAGE][PASSED] - Browser is opened with url: ''

07-06-2024T14:12:45 - [TEST_STEP][PASSED] - navigateToUrl("https://doodles.google/about/"): Navigate to 'https://doodles.google/about/' successfully

07-06-2024T14:12:47 - [MESSAGE][PASSED] - Navigate to 'https://doodles.google/about/' successfully

07-06-2024T14:12:47 - [TEST_STEP][PASSED] - click(findTestObject("Object Repository/Page_The Story and Evolution of Doodles - G_6e786d/p_The first Doodle was a simple out-of-offi_345e61")): Object: 'Object Repository/Page_The Story and Evolution of Doodles - G_6e786d/p_The first Doodle was a simple out-of-offi_345e61' is clicked on

07-06-2024T14:12:47 - [MESSAGE][PASSED] - Object: 'Object Repository/Page_The Story and Evolution of Doodles - G_6e786d/p_The first Doodle was a simple out-of-offi_345e61' is clicked on

07-06-2024T14:12:47 - [TEST_STEP][PASSED] - click(findTestObject("Object Repository/Page_The Story and Evolution of Doodles - G_6e786d/p_The first Doodle was a simple out-of-offi_345e61")): Object: 'Object Repository/Page_The Story and Evolution of Doodles - G_6e786d/p_The first Doodle was a simple out-of-offi_345e61' is clicked on

07-06-2024T14:12:47 - [MESSAGE][PASSED] - Object: 'Object Repository/Page_The Story and Evolution of Doodles - G_6e786d/p_The first Doodle was a simple out-of-offi_345e61' is clicked on

07-06-2024T14:12:47 - [TEST_STEP][PASSED] - verifyElementVisible(findTestObject("Object Repository/Page_The Story and Evolution of Doodles - G_6e786d/h1_The story behind Doodles")): Object 'Object Repository/Page_The Story and Evolution of Doodles - G_6e786d/h1_The story behind Doodles' is visible

07-06-2024T14:12:47 - [MESSAGE][PASSED] - Object 'Object Repository/Page_The Story and Evolution of Doodles - G_6e786d/h1_The story behind Doodles' is visible

07-06-2024T14:12:47 - [TEST_STEP][PASSED] - verifyElementVisible(findTestObject("Object Repository/Page_The Story and Evolution of Doodles - G_6e786d/p_The first Doodle was a simple out-of-offi_345e61")): Object 'Object Repository/Page_The Story and Evolution of Doodles - G_6e786d/p_The first Doodle was a simple out-of-offi_345e61' is visible

07-06-2024T14:12:47 - [MESSAGE][PASSED] - Object 'Object Repository/Page_The Story and Evolution of Doodles - G_6e786d/p_The first Doodle was a simple out-of-offi_345e61' is visible

07-06-2024T14:12:47 - [TEST_STEP][PASSED] - verifyElementVisible(findTestObject("Object Repository/Page_The Story and Evolution of Doodles - G_6e786d/h2_Weve created more than 5,000 Doodles ove_111429")): Object 'Object Repository/Page_The Story and Evolution of Doodles - G_6e786d/h2_Weve created more than 5,000 Doodles ove_111429' is visible

07-06-2024T14:12:47 - [MESSAGE][PASSED] - Object 'Object Repository/Page_The Story and Evolution of Doodles - G_6e786d/h2_Weve created more than 5,000 Doodles ove_111429' is visible

07-06-2024T14:12:47 - [TEST_STEP][PASSED] - verifyElementVisible(findTestObject("Object Repository/Page_The Story and Evolution of Doodles - G_6e786d/h1_The story behind Doodles")): Object 'Object Repository/Page_The Story and Evolution of Doodles - G_6e786d/h1_The story behind Doodles' is visible

07-06-2024T14:12:47 - [MESSAGE][PASSED] - Object 'Object Repository/Page_The Story and Evolution of Doodles - G_6e786d/h1_The story behind Doodles' is visible

07-06-2024T14:12:47 - [TEST_STEP][PASSED] - verifyElementVisible(findTestObject("Object Repository/Page_The Story and Evolution of Doodles - G_6e786d/p_The first Doodle was a simple out-of-offi_345e61")): Object 'Object Repository/Page_The Story and Evolution of Doodles - G_6e786d/p_The first Doodle was a simple out-of-offi_345e61' is visible

07-06-2024T14:12:47 - [MESSAGE][PASSED] - Object 'Object Repository/Page_The Story and Evolution of Doodles - G_6e786d/p_The first Doodle was a simple out-of-offi_345e61' is visible

07-06-2024T14:12:47 - [TEST_STEP][PASSED] - verifyElementVisible(findTestObject("Object Repository/Page_The Story and Evolution of Doodles - G_6e786d/h2_Weve created more than 5,000 Doodles ove_111429")): Object 'Object Repository/Page_The Story and Evolution of Doodles - G_6e786d/h2_Weve created more than 5,000 Doodles ove_111429' is visible

07-06-2024T14:12:47 - [MESSAGE][PASSED] - Object 'Object Repository/Page_The Story and Evolution of Doodles - G_6e786d/h2_Weve created more than 5,000 Doodles ove_111429' is visible

07-06-2024T14:12:47 - [TEST_STEP][PASSED] - click(findTestObject("Object Repository/Page_The Story and Evolution of Doodles - G_6e786d/p_The first Doodle was a simple out-of-offi_345e61")): Object: 'Object Repository/Page_The Story and Evolution of Doodles - G_6e786d/p_The first Doodle was a simple out-of-offi_345e61' is clicked on

07-06-2024T14:12:48 - [MESSAGE][PASSED] - Object: 'Object Repository/Page_The Story and Evolution of Doodles - G_6e786d/p_The first Doodle was a simple out-of-offi_345e61' is clicked on

07-06-2024T14:12:48 - [TEST_STEP][PASSED] - verifyElementVisible(findTestObject("Object Repository/Page_The Story and Evolution of Doodles - G_6e786d/h1_The story behind Doodles")): Object 'Object Repository/Page_The Story and Evolution of Doodles - G_6e786d/h1_The story behind Doodles' is visible

07-06-2024T14:12:48 - [MESSAGE][PASSED] - Object 'Object Repository/Page_The Story and Evolution of Doodles - G_6e786d/h1_The story behind Doodles' is visible

07-06-2024T14:12:48 - [TEST_STEP][PASSED] - verifyElementVisible(findTestObject("Object Repository/Page_The Story and Evolution of Doodles - G_6e786d/p_The first Doodle was a simple out-of-offi_345e61")): Object 'Object Repository/Page_The Story and Evolution of Doodles - G_6e786d/p_The first Doodle was a simple out-of-offi_345e61' is visible

07-06-2024T14:12:48 - [MESSAGE][PASSED] - Object 'Object Repository/Page_The Story and Evolution of Doodles - G_6e786d/p_The first Doodle was a simple out-of-offi_345e61' is visible

07-06-2024T14:12:48 - [TEST_STEP][PASSED] - verifyElementVisible(findTestObject("Object Repository/Page_The Story and Evolution of Doodles - G_6e786d/h2_Weve created more than 5,000 Doodles ove_111429")): Object 'Object Repository/Page_The Story and Evolution of Doodles - G_6e786d/h2_Weve created more than 5,000 Doodles ove_111429' is visible

07-06-2024T14:12:48 - [MESSAGE][PASSED] - Object 'Object Repository/Page_The Story and Evolution of Doodles - G_6e786d/h2_Weve created more than 5,000 Doodles ove_111429' is visible

07-06-2024T14:12:48 - [TEST_STEP][PASSED] - click(findTestObject("Object Repository/Page_The Story and Evolution of Doodles - G_6e786d/p_The first Doodle was a simple out-of-offi_345e61")): Object: 'Object Repository/Page_The Story and Evolution of Doodles - G_6e786d/p_The first Doodle was a simple out-of-offi_345e61' is clicked on

07-06-2024T14:12:48 - [MESSAGE][PASSED] - Object: 'Object Repository/Page_The Story and Evolution of Doodles - G_6e786d/p_The first Doodle was a simple out-of-offi_345e61' is clicked on

07-06-2024T14:12:48 - [TEST_STEP][PASSED] - verifyElementVisible(findTestObject("Object Repository/Page_The Story and Evolution of Doodles - G_6e786d/h1_The story behind Doodles")): Object 'Object Repository/Page_The Story and Evolution of Doodles - G_6e786d/h1_The story behind Doodles' is visible

07-06-2024T14:12:48 - [MESSAGE][PASSED] - Object 'Object Repository/Page_The Story and Evolution of Doodles - G_6e786d/h1_The story behind Doodles' is visible

07-06-2024T14:12:48 - [TEST_STEP][PASSED] - verifyElementVisible(findTestObject("Object Repository/Page_The Story and Evolution of Doodles - G_6e786d/p_The first Doodle was a simple out-of-offi_345e61")): Object 'Object Repository/Page_The Story and Evolution of Doodles - G_6e786d/p_The first Doodle was a simple out-of-offi_345e61' is visible

07-06-2024T14:12:48 - [MESSAGE][PASSED] - Object 'Object Repository/Page_The Story and Evolution of Doodles - G_6e786d/p_The first Doodle was a simple out-of-offi_345e61' is visible

07-06-2024T14:12:48 - [TEST_STEP][PASSED] - verifyElementVisible(findTestObject("Object Repository/Page_The Story and Evolution of Doodles - G_6e786d/h2_Weve created more than 5,000 Doodles ove_111429")): Object 'Object Repository/Page_The Story and Evolution of Doodles - G_6e786d/h2_Weve created more than 5,000 Doodles ove_111429' is visible

07-06-2024T14:12:48 - [MESSAGE][PASSED] - Object 'Object Repository/Page_The Story and Evolution of Doodles - G_6e786d/h2_Weve created more than 5,000 Doodles ove_111429' is visible

07-06-2024T14:12:48 - [TEST_STEP][PASSED] - click(findTestObject("Object Repository/Page_The Story and Evolution of Doodles - G_6e786d/p_The first Doodle was a simple out-of-offi_345e61")): Object: 'Object Repository/Page_The Story and Evolution of Doodles - G_6e786d/p_The first Doodle was a simple out-of-offi_345e61' is clicked on

07-06-2024T14:12:48 - [MESSAGE][PASSED] - Object: 'Object Repository/Page_The Story and Evolution of Doodles - G_6e786d/p_The first Doodle was a simple out-of-offi_345e61' is clicked on

07-06-2024T14:12:48 - [TEST_STEP][PASSED] - verifyElementVisible(findTestObject("Object Repository/Page_The Story and Evolution of Doodles - G_6e786d/h1_The story behind Doodles")): Object 'Object Repository/Page_The Story and Evolution of Doodles - G_6e786d/h1_The story behind Doodles' is visible

07-06-2024T14:12:48 - [MESSAGE][PASSED] - Object 'Object Repository/Page_The Story and Evolution of Doodles - G_6e786d/h1_The story behind Doodles' is visible

07-06-2024T14:12:48 - [TEST_STEP][PASSED] - verifyElementVisible(findTestObject("Object Repository/Page_The Story and Evolution of Doodles - G_6e786d/p_The first Doodle was a simple out-of-offi_345e61")): Object 'Object Repository/Page_The Story and Evolution of Doodles - G_6e786d/p_The first Doodle was a simple out-of-offi_345e61' is visible

07-06-2024T14:12:48 - [MESSAGE][PASSED] - Object 'Object Repository/Page_The Story and Evolution of Doodles - G_6e786d/p_The first Doodle was a simple out-of-offi_345e61' is visible

07-06-2024T14:12:48 - [TEST_STEP][PASSED] - verifyElementVisible(findTestObject("Object Repository/Page_The Story and Evolution of Doodles - G_6e786d/h2_Weve created more than 5,000 Doodles ove_111429")): Object 'Object Repository/Page_The Story and Evolution of Doodles - G_6e786d/h2_Weve created more than 5,000 Doodles ove_111429' is visible

07-06-2024T14:12:48 - [MESSAGE][PASSED] - Object 'Object Repository/Page_The Story and Evolution of Doodles - G_6e786d/h2_Weve created more than 5,000 Doodles ove_111429' is visible

07-06-2024T14:12:48 - [TEST_STEP][PASSED] - click(findTestObject("Object Repository/Page_The Story and Evolution of Doodles - G_6e786d/p_The first Doodle was a simple out-of-offi_345e61")): Object: 'Object Repository/Page_The Story and Evolution of Doodles - G_6e786d/p_The first Doodle was a simple out-of-offi_345e61' is clicked on

07-06-2024T14:12:49 - [MESSAGE][PASSED] - Object: 'Object Repository/Page_The Story and Evolution of Doodles - G_6e786d/p_The first Doodle was a simple out-of-offi_345e61' is clicked on

07-06-2024T14:12:49 - [TEST_STEP][PASSED] - verifyElementVisible(findTestObject("Object Repository/Page_The Story and Evolution of Doodles - G_6e786d/h1_The story behind Doodles")): Object 'Object Repository/Page_The Story and Evolution of Doodles - G_6e786d/h1_The story behind Doodles' is visible

07-06-2024T14:12:49 - [MESSAGE][PASSED] - Object 'Object Repository/Page_The Story and Evolution of Doodles - G_6e786d/h1_The story behind Doodles' is visible

07-06-2024T14:12:49 - [TEST_STEP][PASSED] - verifyElementVisible(findTestObject("Object Repository/Page_The Story and Evolution of Doodles - G_6e786d/p_The first Doodle was a simple out-of-offi_345e61")): Object 'Object Repository/Page_The Story and Evolution of Doodles - G_6e786d/p_The first Doodle was a simple out-of-offi_345e61' is visible

07-06-2024T14:12:49 - [MESSAGE][PASSED] - Object 'Object Repository/Page_The Story and Evolution of Doodles - G_6e786d/p_The first Doodle was a simple out-of-offi_345e61' is visible

07-06-2024T14:12:49 - [TEST_STEP][PASSED] - verifyElementVisible(findTestObject("Object Repository/Page_The Story and Evolution of Doodles - G_6e786d/h2_Weve created more than 5,000 Doodles ove_111429")): Object 'Object Repository/Page_The Story and Evolution of Doodles - G_6e786d/h2_Weve created more than 5,000 Doodles ove_111429' is visible

07-06-2024T14:12:49 - [MESSAGE][PASSED] - Object 'Object Repository/Page_The Story and Evolution of Doodles - G_6e786d/h2_Weve created more than 5,000 Doodles ove_111429' is visible

07-06-2024T14:12:49 - [TEST_STEP][PASSED] - click(findTestObject("Object Repository/Page_The Story and Evolution of Doodles - G_6e786d/p_The first Doodle was a simple out-of-offi_345e61")): Object: 'Object Repository/Page_The Story and Evolution of Doodles - G_6e786d/p_The first Doodle was a simple out-of-offi_345e61' is clicked on

07-06-2024T14:12:49 - [MESSAGE][PASSED] - Object: 'Object Repository/Page_The Story and Evolution of Doodles - G_6e786d/p_The first Doodle was a simple out-of-offi_345e61' is clicked on

07-06-2024T14:12:49 - [TEST_STEP][PASSED] - verifyElementVisible(findTestObject("Object Repository/Page_The Story and Evolution of Doodles - G_6e786d/h1_The story behind Doodles")): Object 'Object Repository/Page_The Story and Evolution of Doodles - G_6e786d/h1_The story behind Doodles' is visible

07-06-2024T14:12:49 - [MESSAGE][PASSED] - Object 'Object Repository/Page_The Story and Evolution of Doodles - G_6e786d/h1_The story behind Doodles' is visible

07-06-2024T14:12:49 - [TEST_STEP][PASSED] - verifyElementVisible(findTestObject("Object Repository/Page_The Story and Evolution of Doodles - G_6e786d/p_The first Doodle was a simple out-of-offi_345e61")): Object 'Object Repository/Page_The Story and Evolution of Doodles - G_6e786d/p_The first Doodle was a simple out-of-offi_345e61' is visible

07-06-2024T14:12:49 - [MESSAGE][PASSED] - Object 'Object Repository/Page_The Story and Evolution of Doodles - G_6e786d/p_The first Doodle was a simple out-of-offi_345e61' is visible

07-06-2024T14:12:49 - [TEST_STEP][PASSED] - verifyElementVisible(findTestObject("Object Repository/Page_The Story and Evolution of Doodles - G_6e786d/h2_Weve created more than 5,000 Doodles ove_111429")): Object 'Object Repository/Page_The Story and Evolution of Doodles - G_6e786d/h2_Weve created more than 5,000 Doodles ove_111429' is visible

07-06-2024T14:12:49 - [MESSAGE][PASSED] - Object 'Object Repository/Page_The Story and Evolution of Doodles - G_6e786d/h2_Weve created more than 5,000 Doodles ove_111429' is visible

07-06-2024T14:12:49 - [TEST_STEP][PASSED] - click(findTestObject("Object Repository/Page_The Story and Evolution of Doodles - G_6e786d/p_The first Doodle was a simple out-of-offi_345e61")): Object: 'Object Repository/Page_The Story and Evolution of Doodles - G_6e786d/p_The first Doodle was a simple out-of-offi_345e61' is clicked on

07-06-2024T14:12:49 - [MESSAGE][PASSED] - Object: 'Object Repository/Page_The Story and Evolution of Doodles - G_6e786d/p_The first Doodle was a simple out-of-offi_345e61' is clicked on

07-06-2024T14:12:49 - [TEST_STEP][PASSED] - verifyElementVisible(findTestObject("Object Repository/Page_The Story and Evolution of Doodles - G_6e786d/h1_The story behind Doodles")): Object 'Object Repository/Page_The Story and Evolution of Doodles - G_6e786d/h1_The story behind Doodles' is visible

07-06-2024T14:12:49 - [MESSAGE][PASSED] - Object 'Object Repository/Page_The Story and Evolution of Doodles - G_6e786d/h1_The story behind Doodles' is visible

07-06-2024T14:12:49 - [TEST_STEP][PASSED] - verifyElementVisible(findTestObject("Object Repository/Page_The Story and Evolution of Doodles - G_6e786d/p_The first Doodle was a simple out-of-offi_345e61")): Object 'Object Repository/Page_The Story and Evolution of Doodles - G_6e786d/p_The first Doodle was a simple out-of-offi_345e61' is visible

07-06-2024T14:12:49 - [MESSAGE][PASSED] - Object 'Object Repository/Page_The Story and Evolution of Doodles - G_6e786d/p_The first Doodle was a simple out-of-offi_345e61' is visible

07-06-2024T14:12:49 - [TEST_STEP][PASSED] - verifyElementVisible(findTestObject("Object Repository/Page_The Story and Evolution of Doodles - G_6e786d/h2_Weve created more than 5,000 Doodles ove_111429")): Object 'Object Repository/Page_The Story and Evolution of Doodles - G_6e786d/h2_Weve created more than 5,000 Doodles ove_111429' is visible

07-06-2024T14:12:49 - [MESSAGE][PASSED] - Object 'Object Repository/Page_The Story and Evolution of Doodles - G_6e786d/h2_Weve created more than 5,000 Doodles ove_111429' is visible

07-06-2024T14:12:49 - [TEST_STEP][PASSED] - click(findTestObject("Object Repository/Page_The Story and Evolution of Doodles - G_6e786d/p_The first Doodle was a simple out-of-offi_345e61")): Object: 'Object Repository/Page_The Story and Evolution of Doodles - G_6e786d/p_The first Doodle was a simple out-of-offi_345e61' is clicked on

07-06-2024T14:12:50 - [MESSAGE][PASSED] - Object: 'Object Repository/Page_The Story and Evolution of Doodles - G_6e786d/p_The first Doodle was a simple out-of-offi_345e61' is clicked on

07-06-2024T14:12:50 - [TEST_STEP][PASSED] - verifyElementVisible(findTestObject("Object Repository/Page_The Story and Evolution of Doodles - G_6e786d/h1_The story behind Doodles")): Object 'Object Repository/Page_The Story and Evolution of Doodles - G_6e786d/h1_The story behind Doodles' is visible

07-06-2024T14:12:50 - [MESSAGE][PASSED] - Object 'Object Repository/Page_The Story and Evolution of Doodles - G_6e786d/h1_The story behind Doodles' is visible

07-06-2024T14:12:50 - [TEST_STEP][PASSED] - verifyElementVisible(findTestObject("Object Repository/Page_The Story and Evolution of Doodles - G_6e786d/p_The first Doodle was a simple out-of-offi_345e61")): Object 'Object Repository/Page_The Story and Evolution of Doodles - G_6e786d/p_The first Doodle was a simple out-of-offi_345e61' is visible

07-06-2024T14:12:50 - [MESSAGE][PASSED] - Object 'Object Repository/Page_The Story and Evolution of Doodles - G_6e786d/p_The first Doodle was a simple out-of-offi_345e61' is visible

07-06-2024T14:12:50 - [TEST_STEP][PASSED] - verifyElementVisible(findTestObject("Object Repository/Page_The Story and Evolution of Doodles - G_6e786d/h2_Weve created more than 5,000 Doodles ove_111429")): Object 'Object Repository/Page_The Story and Evolution of Doodles - G_6e786d/h2_Weve created more than 5,000 Doodles ove_111429' is visible

07-06-2024T14:12:50 - [MESSAGE][PASSED] - Object 'Object Repository/Page_The Story and Evolution of Doodles - G_6e786d/h2_Weve created more than 5,000 Doodles ove_111429' is visible

07-06-2024T14:12:50 - [TEST_STEP][PASSED] - click(findTestObject("Object Repository/Page_The Story and Evolution of Doodles - G_6e786d/p_The first Doodle was a simple out-of-offi_345e61")): Object: 'Object Repository/Page_The Story and Evolution of Doodles - G_6e786d/p_The first Doodle was a simple out-of-offi_345e61' is clicked on

07-06-2024T14:12:50 - [MESSAGE][PASSED] - Object: 'Object Repository/Page_The Story and Evolution of Doodles - G_6e786d/p_The first Doodle was a simple out-of-offi_345e61' is clicked on

07-06-2024T14:12:50 - [TEST_STEP][PASSED] - verifyElementVisible(findTestObject("Object Repository/Page_The Story and Evolution of Doodles - G_6e786d/h1_The story behind Doodles")): Object 'Object Repository/Page_The Story and Evolution of Doodles - G_6e786d/h1_The story behind Doodles' is visible

07-06-2024T14:12:50 - [MESSAGE][PASSED] - Object 'Object Repository/Page_The Story and Evolution of Doodles - G_6e786d/h1_The story behind Doodles' is visible

07-06-2024T14:12:50 - [TEST_STEP][PASSED] - verifyElementVisible(findTestObject("Object Repository/Page_The Story and Evolution of Doodles - G_6e786d/p_The first Doodle was a simple out-of-offi_345e61")): Object 'Object Repository/Page_The Story and Evolution of Doodles - G_6e786d/p_The first Doodle was a simple out-of-offi_345e61' is visible

07-06-2024T14:12:50 - [MESSAGE][PASSED] - Object 'Object Repository/Page_The Story and Evolution of Doodles - G_6e786d/p_The first Doodle was a simple out-of-offi_345e61' is visible

07-06-2024T14:12:50 - [TEST_STEP][PASSED] - verifyElementVisible(findTestObject("Object Repository/Page_The Story and Evolution of Doodles - G_6e786d/h2_Weve created more than 5,000 Doodles ove_111429")): Object 'Object Repository/Page_The Story and Evolution of Doodles - G_6e786d/h2_Weve created more than 5,000 Doodles ove_111429' is visible

07-06-2024T14:12:50 - [MESSAGE][PASSED] - Object 'Object Repository/Page_The Story and Evolution of Doodles - G_6e786d/h2_Weve created more than 5,000 Doodles ove_111429' is visible

07-06-2024T14:12:50 - [TEST_STEP][PASSED] - click(findTestObject("Object Repository/Page_The Story and Evolution of Doodles - G_6e786d/p_The first Doodle was a simple out-of-offi_345e61")): Object: 'Object Repository/Page_The Story and Evolution of Doodles - G_6e786d/p_The first Doodle was a simple out-of-offi_345e61' is clicked on

07-06-2024T14:12:50 - [MESSAGE][PASSED] - Object: 'Object Repository/Page_The Story and Evolution of Doodles - G_6e786d/p_The first Doodle was a simple out-of-offi_345e61' is clicked on

07-06-2024T14:12:50 - [TEST_STEP][PASSED] - verifyElementVisible(findTestObject("Object Repository/Page_The Story and Evolution of Doodles - G_6e786d/h1_The story behind Doodles")): Object 'Object Repository/Page_The Story and Evolution of Doodles - G_6e786d/h1_The story behind Doodles' is visible

07-06-2024T14:12:50 - [MESSAGE][PASSED] - Object 'Object Repository/Page_The Story and Evolution of Doodles - G_6e786d/h1_The story behind Doodles' is visible

07-06-2024T14:12:50 - [TEST_STEP][PASSED] - verifyElementVisible(findTestObject("Object Repository/Page_The Story and Evolution of Doodles - G_6e786d/p_The first Doodle was a simple out-of-offi_345e61")): Object 'Object Repository/Page_The Story and Evolution of Doodles - G_6e786d/p_The first Doodle was a simple out-of-offi_345e61' is visible

07-06-2024T14:12:50 - [MESSAGE][PASSED] - Object 'Object Repository/Page_The Story and Evolution of Doodles - G_6e786d/p_The first Doodle was a simple out-of-offi_345e61' is visible

07-06-2024T14:12:50 - [TEST_STEP][PASSED] - verifyElementVisible(findTestObject("Object Repository/Page_The Story and Evolution of Doodles - G_6e786d/h2_Weve created more than 5,000 Doodles ove_111429")): Object 'Object Repository/Page_The Story and Evolution of Doodles - G_6e786d/h2_Weve created more than 5,000 Doodles ove_111429' is visible

07-06-2024T14:12:51 - [MESSAGE][PASSED] - Object 'Object Repository/Page_The Story and Evolution of Doodles - G_6e786d/h2_Weve created more than 5,000 Doodles ove_111429' is visible]]></system-out>
         <system-err><![CDATA[]]></system-err>
      </testcase>
      <testcase name="Test Cases/test case folder 1/tc1 - Copy - Copy (1)" time="8.77" classname="Test Cases/test case folder 1/tc1 - Copy - Copy (1)" status="PASSED">
         <system-out><![CDATA[07-06-2024T14:12:51 - [TEST_CASE][PASSED] - Test Cases/test case folder 1/tc1 - Copy - Copy (1): Test Cases/test case folder 1/tc1 - Copy - Copy (1)

07-06-2024T14:12:51 - [TEST_STEP][PASSED] - openBrowser(""): Browser is opened with url: ''

07-06-2024T14:12:51 - [MESSAGE][WARNING] - A browser is already opened. Closing browser and opening a new one

07-06-2024T14:12:52 - [MESSAGE][INFO] - Starting 'Firefox (headless)' driver

07-06-2024T14:12:52 - [MESSAGE][INFO] - Action delay is set to 0 milliseconds

07-06-2024T14:12:54 - [MESSAGE][PASSED] - Browser is opened with url: ''

07-06-2024T14:12:54 - [TEST_STEP][PASSED] - navigateToUrl("https://doodles.google/about/"): Navigate to 'https://doodles.google/about/' successfully

07-06-2024T14:12:56 - [MESSAGE][PASSED] - Navigate to 'https://doodles.google/about/' successfully

07-06-2024T14:12:56 - [TEST_STEP][PASSED] - click(findTestObject("Object Repository/Page_The Story and Evolution of Doodles - G_6e786d/p_The first Doodle was a simple out-of-offi_345e61")): Object: 'Object Repository/Page_The Story and Evolution of Doodles - G_6e786d/p_The first Doodle was a simple out-of-offi_345e61' is clicked on

07-06-2024T14:12:56 - [MESSAGE][PASSED] - Object: 'Object Repository/Page_The Story and Evolution of Doodles - G_6e786d/p_The first Doodle was a simple out-of-offi_345e61' is clicked on

07-06-2024T14:12:56 - [TEST_STEP][PASSED] - click(findTestObject("Object Repository/Page_The Story and Evolution of Doodles - G_6e786d/p_The first Doodle was a simple out-of-offi_345e61")): Object: 'Object Repository/Page_The Story and Evolution of Doodles - G_6e786d/p_The first Doodle was a simple out-of-offi_345e61' is clicked on

07-06-2024T14:12:56 - [MESSAGE][PASSED] - Object: 'Object Repository/Page_The Story and Evolution of Doodles - G_6e786d/p_The first Doodle was a simple out-of-offi_345e61' is clicked on

07-06-2024T14:12:56 - [TEST_STEP][PASSED] - verifyElementVisible(findTestObject("Object Repository/Page_The Story and Evolution of Doodles - G_6e786d/h1_The story behind Doodles")): Object 'Object Repository/Page_The Story and Evolution of Doodles - G_6e786d/h1_The story behind Doodles' is visible

07-06-2024T14:12:56 - [MESSAGE][PASSED] - Object 'Object Repository/Page_The Story and Evolution of Doodles - G_6e786d/h1_The story behind Doodles' is visible

07-06-2024T14:12:56 - [TEST_STEP][PASSED] - verifyElementVisible(findTestObject("Object Repository/Page_The Story and Evolution of Doodles - G_6e786d/p_The first Doodle was a simple out-of-offi_345e61")): Object 'Object Repository/Page_The Story and Evolution of Doodles - G_6e786d/p_The first Doodle was a simple out-of-offi_345e61' is visible

07-06-2024T14:12:56 - [MESSAGE][PASSED] - Object 'Object Repository/Page_The Story and Evolution of Doodles - G_6e786d/p_The first Doodle was a simple out-of-offi_345e61' is visible

07-06-2024T14:12:56 - [TEST_STEP][PASSED] - verifyElementVisible(findTestObject("Object Repository/Page_The Story and Evolution of Doodles - G_6e786d/h2_Weve created more than 5,000 Doodles ove_111429")): Object 'Object Repository/Page_The Story and Evolution of Doodles - G_6e786d/h2_Weve created more than 5,000 Doodles ove_111429' is visible

07-06-2024T14:12:56 - [MESSAGE][PASSED] - Object 'Object Repository/Page_The Story and Evolution of Doodles - G_6e786d/h2_Weve created more than 5,000 Doodles ove_111429' is visible

07-06-2024T14:12:56 - [TEST_STEP][PASSED] - verifyElementVisible(findTestObject("Object Repository/Page_The Story and Evolution of Doodles - G_6e786d/h1_The story behind Doodles")): Object 'Object Repository/Page_The Story and Evolution of Doodles - G_6e786d/h1_The story behind Doodles' is visible

07-06-2024T14:12:56 - [MESSAGE][PASSED] - Object 'Object Repository/Page_The Story and Evolution of Doodles - G_6e786d/h1_The story behind Doodles' is visible

07-06-2024T14:12:56 - [TEST_STEP][PASSED] - verifyElementVisible(findTestObject("Object Repository/Page_The Story and Evolution of Doodles - G_6e786d/p_The first Doodle was a simple out-of-offi_345e61")): Object 'Object Repository/Page_The Story and Evolution of Doodles - G_6e786d/p_The first Doodle was a simple out-of-offi_345e61' is visible

07-06-2024T14:12:56 - [MESSAGE][PASSED] - Object 'Object Repository/Page_The Story and Evolution of Doodles - G_6e786d/p_The first Doodle was a simple out-of-offi_345e61' is visible

07-06-2024T14:12:56 - [TEST_STEP][PASSED] - verifyElementVisible(findTestObject("Object Repository/Page_The Story and Evolution of Doodles - G_6e786d/h2_Weve created more than 5,000 Doodles ove_111429")): Object 'Object Repository/Page_The Story and Evolution of Doodles - G_6e786d/h2_Weve created more than 5,000 Doodles ove_111429' is visible

07-06-2024T14:12:56 - [MESSAGE][PASSED] - Object 'Object Repository/Page_The Story and Evolution of Doodles - G_6e786d/h2_Weve created more than 5,000 Doodles ove_111429' is visible

07-06-2024T14:12:56 - [TEST_STEP][PASSED] - click(findTestObject("Object Repository/Page_The Story and Evolution of Doodles - G_6e786d/p_The first Doodle was a simple out-of-offi_345e61")): Object: 'Object Repository/Page_The Story and Evolution of Doodles - G_6e786d/p_The first Doodle was a simple out-of-offi_345e61' is clicked on

07-06-2024T14:12:57 - [MESSAGE][PASSED] - Object: 'Object Repository/Page_The Story and Evolution of Doodles - G_6e786d/p_The first Doodle was a simple out-of-offi_345e61' is clicked on

07-06-2024T14:12:57 - [TEST_STEP][PASSED] - verifyElementVisible(findTestObject("Object Repository/Page_The Story and Evolution of Doodles - G_6e786d/h1_The story behind Doodles")): Object 'Object Repository/Page_The Story and Evolution of Doodles - G_6e786d/h1_The story behind Doodles' is visible

07-06-2024T14:12:57 - [MESSAGE][PASSED] - Object 'Object Repository/Page_The Story and Evolution of Doodles - G_6e786d/h1_The story behind Doodles' is visible

07-06-2024T14:12:57 - [TEST_STEP][PASSED] - verifyElementVisible(findTestObject("Object Repository/Page_The Story and Evolution of Doodles - G_6e786d/p_The first Doodle was a simple out-of-offi_345e61")): Object 'Object Repository/Page_The Story and Evolution of Doodles - G_6e786d/p_The first Doodle was a simple out-of-offi_345e61' is visible

07-06-2024T14:12:57 - [MESSAGE][PASSED] - Object 'Object Repository/Page_The Story and Evolution of Doodles - G_6e786d/p_The first Doodle was a simple out-of-offi_345e61' is visible

07-06-2024T14:12:57 - [TEST_STEP][PASSED] - verifyElementVisible(findTestObject("Object Repository/Page_The Story and Evolution of Doodles - G_6e786d/h2_Weve created more than 5,000 Doodles ove_111429")): Object 'Object Repository/Page_The Story and Evolution of Doodles - G_6e786d/h2_Weve created more than 5,000 Doodles ove_111429' is visible

07-06-2024T14:12:57 - [MESSAGE][PASSED] - Object 'Object Repository/Page_The Story and Evolution of Doodles - G_6e786d/h2_Weve created more than 5,000 Doodles ove_111429' is visible

07-06-2024T14:12:57 - [TEST_STEP][PASSED] - click(findTestObject("Object Repository/Page_The Story and Evolution of Doodles - G_6e786d/p_The first Doodle was a simple out-of-offi_345e61")): Object: 'Object Repository/Page_The Story and Evolution of Doodles - G_6e786d/p_The first Doodle was a simple out-of-offi_345e61' is clicked on

07-06-2024T14:12:57 - [MESSAGE][PASSED] - Object: 'Object Repository/Page_The Story and Evolution of Doodles - G_6e786d/p_The first Doodle was a simple out-of-offi_345e61' is clicked on

07-06-2024T14:12:57 - [TEST_STEP][PASSED] - verifyElementVisible(findTestObject("Object Repository/Page_The Story and Evolution of Doodles - G_6e786d/h1_The story behind Doodles")): Object 'Object Repository/Page_The Story and Evolution of Doodles - G_6e786d/h1_The story behind Doodles' is visible

07-06-2024T14:12:57 - [MESSAGE][PASSED] - Object 'Object Repository/Page_The Story and Evolution of Doodles - G_6e786d/h1_The story behind Doodles' is visible

07-06-2024T14:12:57 - [TEST_STEP][PASSED] - verifyElementVisible(findTestObject("Object Repository/Page_The Story and Evolution of Doodles - G_6e786d/p_The first Doodle was a simple out-of-offi_345e61")): Object 'Object Repository/Page_The Story and Evolution of Doodles - G_6e786d/p_The first Doodle was a simple out-of-offi_345e61' is visible

07-06-2024T14:12:57 - [MESSAGE][PASSED] - Object 'Object Repository/Page_The Story and Evolution of Doodles - G_6e786d/p_The first Doodle was a simple out-of-offi_345e61' is visible

07-06-2024T14:12:57 - [TEST_STEP][PASSED] - verifyElementVisible(findTestObject("Object Repository/Page_The Story and Evolution of Doodles - G_6e786d/h2_Weve created more than 5,000 Doodles ove_111429")): Object 'Object Repository/Page_The Story and Evolution of Doodles - G_6e786d/h2_Weve created more than 5,000 Doodles ove_111429' is visible

07-06-2024T14:12:57 - [MESSAGE][PASSED] - Object 'Object Repository/Page_The Story and Evolution of Doodles - G_6e786d/h2_Weve created more than 5,000 Doodles ove_111429' is visible

07-06-2024T14:12:57 - [TEST_STEP][PASSED] - click(findTestObject("Object Repository/Page_The Story and Evolution of Doodles - G_6e786d/p_The first Doodle was a simple out-of-offi_345e61")): Object: 'Object Repository/Page_The Story and Evolution of Doodles - G_6e786d/p_The first Doodle was a simple out-of-offi_345e61' is clicked on

07-06-2024T14:12:57 - [MESSAGE][PASSED] - Object: 'Object Repository/Page_The Story and Evolution of Doodles - G_6e786d/p_The first Doodle was a simple out-of-offi_345e61' is clicked on

07-06-2024T14:12:57 - [TEST_STEP][PASSED] - verifyElementVisible(findTestObject("Object Repository/Page_The Story and Evolution of Doodles - G_6e786d/h1_The story behind Doodles")): Object 'Object Repository/Page_The Story and Evolution of Doodles - G_6e786d/h1_The story behind Doodles' is visible

07-06-2024T14:12:57 - [MESSAGE][PASSED] - Object 'Object Repository/Page_The Story and Evolution of Doodles - G_6e786d/h1_The story behind Doodles' is visible

07-06-2024T14:12:57 - [TEST_STEP][PASSED] - verifyElementVisible(findTestObject("Object Repository/Page_The Story and Evolution of Doodles - G_6e786d/p_The first Doodle was a simple out-of-offi_345e61")): Object 'Object Repository/Page_The Story and Evolution of Doodles - G_6e786d/p_The first Doodle was a simple out-of-offi_345e61' is visible

07-06-2024T14:12:57 - [MESSAGE][PASSED] - Object 'Object Repository/Page_The Story and Evolution of Doodles - G_6e786d/p_The first Doodle was a simple out-of-offi_345e61' is visible

07-06-2024T14:12:57 - [TEST_STEP][PASSED] - verifyElementVisible(findTestObject("Object Repository/Page_The Story and Evolution of Doodles - G_6e786d/h2_Weve created more than 5,000 Doodles ove_111429")): Object 'Object Repository/Page_The Story and Evolution of Doodles - G_6e786d/h2_Weve created more than 5,000 Doodles ove_111429' is visible

07-06-2024T14:12:57 - [MESSAGE][PASSED] - Object 'Object Repository/Page_The Story and Evolution of Doodles - G_6e786d/h2_Weve created more than 5,000 Doodles ove_111429' is visible

07-06-2024T14:12:57 - [TEST_STEP][PASSED] - click(findTestObject("Object Repository/Page_The Story and Evolution of Doodles - G_6e786d/p_The first Doodle was a simple out-of-offi_345e61")): Object: 'Object Repository/Page_The Story and Evolution of Doodles - G_6e786d/p_The first Doodle was a simple out-of-offi_345e61' is clicked on

07-06-2024T14:12:58 - [MESSAGE][PASSED] - Object: 'Object Repository/Page_The Story and Evolution of Doodles - G_6e786d/p_The first Doodle was a simple out-of-offi_345e61' is clicked on

07-06-2024T14:12:58 - [TEST_STEP][PASSED] - verifyElementVisible(findTestObject("Object Repository/Page_The Story and Evolution of Doodles - G_6e786d/h1_The story behind Doodles")): Object 'Object Repository/Page_The Story and Evolution of Doodles - G_6e786d/h1_The story behind Doodles' is visible

07-06-2024T14:12:58 - [MESSAGE][PASSED] - Object 'Object Repository/Page_The Story and Evolution of Doodles - G_6e786d/h1_The story behind Doodles' is visible

07-06-2024T14:12:58 - [TEST_STEP][PASSED] - verifyElementVisible(findTestObject("Object Repository/Page_The Story and Evolution of Doodles - G_6e786d/p_The first Doodle was a simple out-of-offi_345e61")): Object 'Object Repository/Page_The Story and Evolution of Doodles - G_6e786d/p_The first Doodle was a simple out-of-offi_345e61' is visible

07-06-2024T14:12:58 - [MESSAGE][PASSED] - Object 'Object Repository/Page_The Story and Evolution of Doodles - G_6e786d/p_The first Doodle was a simple out-of-offi_345e61' is visible

07-06-2024T14:12:58 - [TEST_STEP][PASSED] - verifyElementVisible(findTestObject("Object Repository/Page_The Story and Evolution of Doodles - G_6e786d/h2_Weve created more than 5,000 Doodles ove_111429")): Object 'Object Repository/Page_The Story and Evolution of Doodles - G_6e786d/h2_Weve created more than 5,000 Doodles ove_111429' is visible

07-06-2024T14:12:58 - [MESSAGE][PASSED] - Object 'Object Repository/Page_The Story and Evolution of Doodles - G_6e786d/h2_Weve created more than 5,000 Doodles ove_111429' is visible

07-06-2024T14:12:58 - [TEST_STEP][PASSED] - click(findTestObject("Object Repository/Page_The Story and Evolution of Doodles - G_6e786d/p_The first Doodle was a simple out-of-offi_345e61")): Object: 'Object Repository/Page_The Story and Evolution of Doodles - G_6e786d/p_The first Doodle was a simple out-of-offi_345e61' is clicked on

07-06-2024T14:12:58 - [MESSAGE][PASSED] - Object: 'Object Repository/Page_The Story and Evolution of Doodles - G_6e786d/p_The first Doodle was a simple out-of-offi_345e61' is clicked on

07-06-2024T14:12:58 - [TEST_STEP][PASSED] - verifyElementVisible(findTestObject("Object Repository/Page_The Story and Evolution of Doodles - G_6e786d/h1_The story behind Doodles")): Object 'Object Repository/Page_The Story and Evolution of Doodles - G_6e786d/h1_The story behind Doodles' is visible

07-06-2024T14:12:58 - [MESSAGE][PASSED] - Object 'Object Repository/Page_The Story and Evolution of Doodles - G_6e786d/h1_The story behind Doodles' is visible

07-06-2024T14:12:58 - [TEST_STEP][PASSED] - verifyElementVisible(findTestObject("Object Repository/Page_The Story and Evolution of Doodles - G_6e786d/p_The first Doodle was a simple out-of-offi_345e61")): Object 'Object Repository/Page_The Story and Evolution of Doodles - G_6e786d/p_The first Doodle was a simple out-of-offi_345e61' is visible

07-06-2024T14:12:58 - [MESSAGE][PASSED] - Object 'Object Repository/Page_The Story and Evolution of Doodles - G_6e786d/p_The first Doodle was a simple out-of-offi_345e61' is visible

07-06-2024T14:12:58 - [TEST_STEP][PASSED] - verifyElementVisible(findTestObject("Object Repository/Page_The Story and Evolution of Doodles - G_6e786d/h2_Weve created more than 5,000 Doodles ove_111429")): Object 'Object Repository/Page_The Story and Evolution of Doodles - G_6e786d/h2_Weve created more than 5,000 Doodles ove_111429' is visible

07-06-2024T14:12:58 - [MESSAGE][PASSED] - Object 'Object Repository/Page_The Story and Evolution of Doodles - G_6e786d/h2_Weve created more than 5,000 Doodles ove_111429' is visible

07-06-2024T14:12:58 - [TEST_STEP][PASSED] - click(findTestObject("Object Repository/Page_The Story and Evolution of Doodles - G_6e786d/p_The first Doodle was a simple out-of-offi_345e61")): Object: 'Object Repository/Page_The Story and Evolution of Doodles - G_6e786d/p_The first Doodle was a simple out-of-offi_345e61' is clicked on

07-06-2024T14:12:58 - [MESSAGE][PASSED] - Object: 'Object Repository/Page_The Story and Evolution of Doodles - G_6e786d/p_The first Doodle was a simple out-of-offi_345e61' is clicked on

07-06-2024T14:12:58 - [TEST_STEP][PASSED] - verifyElementVisible(findTestObject("Object Repository/Page_The Story and Evolution of Doodles - G_6e786d/h1_The story behind Doodles")): Object 'Object Repository/Page_The Story and Evolution of Doodles - G_6e786d/h1_The story behind Doodles' is visible

07-06-2024T14:12:58 - [MESSAGE][PASSED] - Object 'Object Repository/Page_The Story and Evolution of Doodles - G_6e786d/h1_The story behind Doodles' is visible

07-06-2024T14:12:58 - [TEST_STEP][PASSED] - verifyElementVisible(findTestObject("Object Repository/Page_The Story and Evolution of Doodles - G_6e786d/p_The first Doodle was a simple out-of-offi_345e61")): Object 'Object Repository/Page_The Story and Evolution of Doodles - G_6e786d/p_The first Doodle was a simple out-of-offi_345e61' is visible

07-06-2024T14:12:58 - [MESSAGE][PASSED] - Object 'Object Repository/Page_The Story and Evolution of Doodles - G_6e786d/p_The first Doodle was a simple out-of-offi_345e61' is visible

07-06-2024T14:12:58 - [TEST_STEP][PASSED] - verifyElementVisible(findTestObject("Object Repository/Page_The Story and Evolution of Doodles - G_6e786d/h2_Weve created more than 5,000 Doodles ove_111429")): Object 'Object Repository/Page_The Story and Evolution of Doodles - G_6e786d/h2_Weve created more than 5,000 Doodles ove_111429' is visible

07-06-2024T14:12:58 - [MESSAGE][PASSED] - Object 'Object Repository/Page_The Story and Evolution of Doodles - G_6e786d/h2_Weve created more than 5,000 Doodles ove_111429' is visible

07-06-2024T14:12:58 - [TEST_STEP][PASSED] - click(findTestObject("Object Repository/Page_The Story and Evolution of Doodles - G_6e786d/p_The first Doodle was a simple out-of-offi_345e61")): Object: 'Object Repository/Page_The Story and Evolution of Doodles - G_6e786d/p_The first Doodle was a simple out-of-offi_345e61' is clicked on

07-06-2024T14:12:59 - [MESSAGE][PASSED] - Object: 'Object Repository/Page_The Story and Evolution of Doodles - G_6e786d/p_The first Doodle was a simple out-of-offi_345e61' is clicked on

07-06-2024T14:12:59 - [TEST_STEP][PASSED] - verifyElementVisible(findTestObject("Object Repository/Page_The Story and Evolution of Doodles - G_6e786d/h1_The story behind Doodles")): Object 'Object Repository/Page_The Story and Evolution of Doodles - G_6e786d/h1_The story behind Doodles' is visible

07-06-2024T14:12:59 - [MESSAGE][PASSED] - Object 'Object Repository/Page_The Story and Evolution of Doodles - G_6e786d/h1_The story behind Doodles' is visible

07-06-2024T14:12:59 - [TEST_STEP][PASSED] - verifyElementVisible(findTestObject("Object Repository/Page_The Story and Evolution of Doodles - G_6e786d/p_The first Doodle was a simple out-of-offi_345e61")): Object 'Object Repository/Page_The Story and Evolution of Doodles - G_6e786d/p_The first Doodle was a simple out-of-offi_345e61' is visible

07-06-2024T14:12:59 - [MESSAGE][PASSED] - Object 'Object Repository/Page_The Story and Evolution of Doodles - G_6e786d/p_The first Doodle was a simple out-of-offi_345e61' is visible

07-06-2024T14:12:59 - [TEST_STEP][PASSED] - verifyElementVisible(findTestObject("Object Repository/Page_The Story and Evolution of Doodles - G_6e786d/h2_Weve created more than 5,000 Doodles ove_111429")): Object 'Object Repository/Page_The Story and Evolution of Doodles - G_6e786d/h2_Weve created more than 5,000 Doodles ove_111429' is visible

07-06-2024T14:12:59 - [MESSAGE][PASSED] - Object 'Object Repository/Page_The Story and Evolution of Doodles - G_6e786d/h2_Weve created more than 5,000 Doodles ove_111429' is visible

07-06-2024T14:12:59 - [TEST_STEP][PASSED] - click(findTestObject("Object Repository/Page_The Story and Evolution of Doodles - G_6e786d/p_The first Doodle was a simple out-of-offi_345e61")): Object: 'Object Repository/Page_The Story and Evolution of Doodles - G_6e786d/p_The first Doodle was a simple out-of-offi_345e61' is clicked on

07-06-2024T14:12:59 - [MESSAGE][PASSED] - Object: 'Object Repository/Page_The Story and Evolution of Doodles - G_6e786d/p_The first Doodle was a simple out-of-offi_345e61' is clicked on

07-06-2024T14:12:59 - [TEST_STEP][PASSED] - verifyElementVisible(findTestObject("Object Repository/Page_The Story and Evolution of Doodles - G_6e786d/h1_The story behind Doodles")): Object 'Object Repository/Page_The Story and Evolution of Doodles - G_6e786d/h1_The story behind Doodles' is visible

07-06-2024T14:12:59 - [MESSAGE][PASSED] - Object 'Object Repository/Page_The Story and Evolution of Doodles - G_6e786d/h1_The story behind Doodles' is visible

07-06-2024T14:12:59 - [TEST_STEP][PASSED] - verifyElementVisible(findTestObject("Object Repository/Page_The Story and Evolution of Doodles - G_6e786d/p_The first Doodle was a simple out-of-offi_345e61")): Object 'Object Repository/Page_The Story and Evolution of Doodles - G_6e786d/p_The first Doodle was a simple out-of-offi_345e61' is visible

07-06-2024T14:12:59 - [MESSAGE][PASSED] - Object 'Object Repository/Page_The Story and Evolution of Doodles - G_6e786d/p_The first Doodle was a simple out-of-offi_345e61' is visible

07-06-2024T14:12:59 - [TEST_STEP][PASSED] - verifyElementVisible(findTestObject("Object Repository/Page_The Story and Evolution of Doodles - G_6e786d/h2_Weve created more than 5,000 Doodles ove_111429")): Object 'Object Repository/Page_The Story and Evolution of Doodles - G_6e786d/h2_Weve created more than 5,000 Doodles ove_111429' is visible

07-06-2024T14:12:59 - [MESSAGE][PASSED] - Object 'Object Repository/Page_The Story and Evolution of Doodles - G_6e786d/h2_Weve created more than 5,000 Doodles ove_111429' is visible

07-06-2024T14:12:59 - [TEST_STEP][PASSED] - click(findTestObject("Object Repository/Page_The Story and Evolution of Doodles - G_6e786d/p_The first Doodle was a simple out-of-offi_345e61")): Object: 'Object Repository/Page_The Story and Evolution of Doodles - G_6e786d/p_The first Doodle was a simple out-of-offi_345e61' is clicked on

07-06-2024T14:12:59 - [MESSAGE][PASSED] - Object: 'Object Repository/Page_The Story and Evolution of Doodles - G_6e786d/p_The first Doodle was a simple out-of-offi_345e61' is clicked on

07-06-2024T14:12:59 - [TEST_STEP][PASSED] - verifyElementVisible(findTestObject("Object Repository/Page_The Story and Evolution of Doodles - G_6e786d/h1_The story behind Doodles")): Object 'Object Repository/Page_The Story and Evolution of Doodles - G_6e786d/h1_The story behind Doodles' is visible

07-06-2024T14:12:59 - [MESSAGE][PASSED] - Object 'Object Repository/Page_The Story and Evolution of Doodles - G_6e786d/h1_The story behind Doodles' is visible

07-06-2024T14:12:59 - [TEST_STEP][PASSED] - verifyElementVisible(findTestObject("Object Repository/Page_The Story and Evolution of Doodles - G_6e786d/p_The first Doodle was a simple out-of-offi_345e61")): Object 'Object Repository/Page_The Story and Evolution of Doodles - G_6e786d/p_The first Doodle was a simple out-of-offi_345e61' is visible

07-06-2024T14:12:59 - [MESSAGE][PASSED] - Object 'Object Repository/Page_The Story and Evolution of Doodles - G_6e786d/p_The first Doodle was a simple out-of-offi_345e61' is visible

07-06-2024T14:12:59 - [TEST_STEP][PASSED] - verifyElementVisible(findTestObject("Object Repository/Page_The Story and Evolution of Doodles - G_6e786d/h2_Weve created more than 5,000 Doodles ove_111429")): Object 'Object Repository/Page_The Story and Evolution of Doodles - G_6e786d/h2_Weve created more than 5,000 Doodles ove_111429' is visible

07-06-2024T14:12:59 - [MESSAGE][PASSED] - Object 'Object Repository/Page_The Story and Evolution of Doodles - G_6e786d/h2_Weve created more than 5,000 Doodles ove_111429' is visible]]></system-out>
         <system-err><![CDATA[]]></system-err>
      </testcase>
      <testcase name="Test Cases/test case folder 1/tc1 - Copy - Copy (2)" time="8.002" classname="Test Cases/test case folder 1/tc1 - Copy - Copy (2)" status="PASSED">
         <system-out><![CDATA[07-06-2024T14:18:07 - [TEST_CASE][PASSED] - Test Cases/test case folder 1/tc1 - Copy - Copy (2): Test Cases/test case folder 1/tc1 - Copy - Copy (2)

07-06-2024T14:18:07 - [TEST_STEP][PASSED] - openBrowser(""): Browser is opened with url: ''

07-06-2024T14:18:07 - [MESSAGE][WARNING] - A browser is already opened. Closing browser and opening a new one

07-06-2024T14:18:07 - [MESSAGE][INFO] - Starting 'Firefox (headless)' driver

07-06-2024T14:18:08 - [MESSAGE][INFO] - Action delay is set to 0 milliseconds

07-06-2024T14:18:09 - [MESSAGE][PASSED] - Browser is opened with url: ''

07-06-2024T14:18:09 - [TEST_STEP][PASSED] - navigateToUrl("https://doodles.google/about/"): Navigate to 'https://doodles.google/about/' successfully

07-06-2024T14:18:11 - [MESSAGE][PASSED] - Navigate to 'https://doodles.google/about/' successfully

07-06-2024T14:18:11 - [TEST_STEP][PASSED] - click(findTestObject("Object Repository/Page_The Story and Evolution of Doodles - G_6e786d/p_The first Doodle was a simple out-of-offi_345e61")): Object: 'Object Repository/Page_The Story and Evolution of Doodles - G_6e786d/p_The first Doodle was a simple out-of-offi_345e61' is clicked on

07-06-2024T14:18:11 - [MESSAGE][PASSED] - Object: 'Object Repository/Page_The Story and Evolution of Doodles - G_6e786d/p_The first Doodle was a simple out-of-offi_345e61' is clicked on

07-06-2024T14:18:11 - [TEST_STEP][PASSED] - click(findTestObject("Object Repository/Page_The Story and Evolution of Doodles - G_6e786d/p_The first Doodle was a simple out-of-offi_345e61")): Object: 'Object Repository/Page_The Story and Evolution of Doodles - G_6e786d/p_The first Doodle was a simple out-of-offi_345e61' is clicked on

07-06-2024T14:18:12 - [MESSAGE][PASSED] - Object: 'Object Repository/Page_The Story and Evolution of Doodles - G_6e786d/p_The first Doodle was a simple out-of-offi_345e61' is clicked on

07-06-2024T14:18:12 - [TEST_STEP][PASSED] - verifyElementVisible(findTestObject("Object Repository/Page_The Story and Evolution of Doodles - G_6e786d/h1_The story behind Doodles")): Object 'Object Repository/Page_The Story and Evolution of Doodles - G_6e786d/h1_The story behind Doodles' is visible

07-06-2024T14:18:12 - [MESSAGE][PASSED] - Object 'Object Repository/Page_The Story and Evolution of Doodles - G_6e786d/h1_The story behind Doodles' is visible

07-06-2024T14:18:12 - [TEST_STEP][PASSED] - verifyElementVisible(findTestObject("Object Repository/Page_The Story and Evolution of Doodles - G_6e786d/p_The first Doodle was a simple out-of-offi_345e61")): Object 'Object Repository/Page_The Story and Evolution of Doodles - G_6e786d/p_The first Doodle was a simple out-of-offi_345e61' is visible

07-06-2024T14:18:12 - [MESSAGE][PASSED] - Object 'Object Repository/Page_The Story and Evolution of Doodles - G_6e786d/p_The first Doodle was a simple out-of-offi_345e61' is visible

07-06-2024T14:18:12 - [TEST_STEP][PASSED] - verifyElementVisible(findTestObject("Object Repository/Page_The Story and Evolution of Doodles - G_6e786d/h2_Weve created more than 5,000 Doodles ove_111429")): Object 'Object Repository/Page_The Story and Evolution of Doodles - G_6e786d/h2_Weve created more than 5,000 Doodles ove_111429' is visible

07-06-2024T14:18:12 - [MESSAGE][PASSED] - Object 'Object Repository/Page_The Story and Evolution of Doodles - G_6e786d/h2_Weve created more than 5,000 Doodles ove_111429' is visible

07-06-2024T14:18:12 - [TEST_STEP][PASSED] - verifyElementVisible(findTestObject("Object Repository/Page_The Story and Evolution of Doodles - G_6e786d/h1_The story behind Doodles")): Object 'Object Repository/Page_The Story and Evolution of Doodles - G_6e786d/h1_The story behind Doodles' is visible

07-06-2024T14:18:12 - [MESSAGE][PASSED] - Object 'Object Repository/Page_The Story and Evolution of Doodles - G_6e786d/h1_The story behind Doodles' is visible

07-06-2024T14:18:12 - [TEST_STEP][PASSED] - verifyElementVisible(findTestObject("Object Repository/Page_The Story and Evolution of Doodles - G_6e786d/p_The first Doodle was a simple out-of-offi_345e61")): Object 'Object Repository/Page_The Story and Evolution of Doodles - G_6e786d/p_The first Doodle was a simple out-of-offi_345e61' is visible

07-06-2024T14:18:12 - [MESSAGE][PASSED] - Object 'Object Repository/Page_The Story and Evolution of Doodles - G_6e786d/p_The first Doodle was a simple out-of-offi_345e61' is visible

07-06-2024T14:18:12 - [TEST_STEP][PASSED] - verifyElementVisible(findTestObject("Object Repository/Page_The Story and Evolution of Doodles - G_6e786d/h2_Weve created more than 5,000 Doodles ove_111429")): Object 'Object Repository/Page_The Story and Evolution of Doodles - G_6e786d/h2_Weve created more than 5,000 Doodles ove_111429' is visible

07-06-2024T14:18:12 - [MESSAGE][PASSED] - Object 'Object Repository/Page_The Story and Evolution of Doodles - G_6e786d/h2_Weve created more than 5,000 Doodles ove_111429' is visible

07-06-2024T14:18:12 - [TEST_STEP][PASSED] - click(findTestObject("Object Repository/Page_The Story and Evolution of Doodles - G_6e786d/p_The first Doodle was a simple out-of-offi_345e61")): Object: 'Object Repository/Page_The Story and Evolution of Doodles - G_6e786d/p_The first Doodle was a simple out-of-offi_345e61' is clicked on

07-06-2024T14:18:12 - [MESSAGE][PASSED] - Object: 'Object Repository/Page_The Story and Evolution of Doodles - G_6e786d/p_The first Doodle was a simple out-of-offi_345e61' is clicked on

07-06-2024T14:18:12 - [TEST_STEP][PASSED] - verifyElementVisible(findTestObject("Object Repository/Page_The Story and Evolution of Doodles - G_6e786d/h1_The story behind Doodles")): Object 'Object Repository/Page_The Story and Evolution of Doodles - G_6e786d/h1_The story behind Doodles' is visible

07-06-2024T14:18:12 - [MESSAGE][PASSED] - Object 'Object Repository/Page_The Story and Evolution of Doodles - G_6e786d/h1_The story behind Doodles' is visible

07-06-2024T14:18:12 - [TEST_STEP][PASSED] - verifyElementVisible(findTestObject("Object Repository/Page_The Story and Evolution of Doodles - G_6e786d/p_The first Doodle was a simple out-of-offi_345e61")): Object 'Object Repository/Page_The Story and Evolution of Doodles - G_6e786d/p_The first Doodle was a simple out-of-offi_345e61' is visible

07-06-2024T14:18:12 - [MESSAGE][PASSED] - Object 'Object Repository/Page_The Story and Evolution of Doodles - G_6e786d/p_The first Doodle was a simple out-of-offi_345e61' is visible

07-06-2024T14:18:12 - [TEST_STEP][PASSED] - verifyElementVisible(findTestObject("Object Repository/Page_The Story and Evolution of Doodles - G_6e786d/h2_Weve created more than 5,000 Doodles ove_111429")): Object 'Object Repository/Page_The Story and Evolution of Doodles - G_6e786d/h2_Weve created more than 5,000 Doodles ove_111429' is visible

07-06-2024T14:18:12 - [MESSAGE][PASSED] - Object 'Object Repository/Page_The Story and Evolution of Doodles - G_6e786d/h2_Weve created more than 5,000 Doodles ove_111429' is visible

07-06-2024T14:18:12 - [TEST_STEP][PASSED] - click(findTestObject("Object Repository/Page_The Story and Evolution of Doodles - G_6e786d/p_The first Doodle was a simple out-of-offi_345e61")): Object: 'Object Repository/Page_The Story and Evolution of Doodles - G_6e786d/p_The first Doodle was a simple out-of-offi_345e61' is clicked on

07-06-2024T14:18:12 - [MESSAGE][PASSED] - Object: 'Object Repository/Page_The Story and Evolution of Doodles - G_6e786d/p_The first Doodle was a simple out-of-offi_345e61' is clicked on

07-06-2024T14:18:12 - [TEST_STEP][PASSED] - verifyElementVisible(findTestObject("Object Repository/Page_The Story and Evolution of Doodles - G_6e786d/h1_The story behind Doodles")): Object 'Object Repository/Page_The Story and Evolution of Doodles - G_6e786d/h1_The story behind Doodles' is visible

07-06-2024T14:18:12 - [MESSAGE][PASSED] - Object 'Object Repository/Page_The Story and Evolution of Doodles - G_6e786d/h1_The story behind Doodles' is visible

07-06-2024T14:18:12 - [TEST_STEP][PASSED] - verifyElementVisible(findTestObject("Object Repository/Page_The Story and Evolution of Doodles - G_6e786d/p_The first Doodle was a simple out-of-offi_345e61")): Object 'Object Repository/Page_The Story and Evolution of Doodles - G_6e786d/p_The first Doodle was a simple out-of-offi_345e61' is visible

07-06-2024T14:18:12 - [MESSAGE][PASSED] - Object 'Object Repository/Page_The Story and Evolution of Doodles - G_6e786d/p_The first Doodle was a simple out-of-offi_345e61' is visible

07-06-2024T14:18:12 - [TEST_STEP][PASSED] - verifyElementVisible(findTestObject("Object Repository/Page_The Story and Evolution of Doodles - G_6e786d/h2_Weve created more than 5,000 Doodles ove_111429")): Object 'Object Repository/Page_The Story and Evolution of Doodles - G_6e786d/h2_Weve created more than 5,000 Doodles ove_111429' is visible

07-06-2024T14:18:13 - [MESSAGE][PASSED] - Object 'Object Repository/Page_The Story and Evolution of Doodles - G_6e786d/h2_Weve created more than 5,000 Doodles ove_111429' is visible

07-06-2024T14:18:13 - [TEST_STEP][PASSED] - click(findTestObject("Object Repository/Page_The Story and Evolution of Doodles - G_6e786d/p_The first Doodle was a simple out-of-offi_345e61")): Object: 'Object Repository/Page_The Story and Evolution of Doodles - G_6e786d/p_The first Doodle was a simple out-of-offi_345e61' is clicked on

07-06-2024T14:18:13 - [MESSAGE][PASSED] - Object: 'Object Repository/Page_The Story and Evolution of Doodles - G_6e786d/p_The first Doodle was a simple out-of-offi_345e61' is clicked on

07-06-2024T14:18:13 - [TEST_STEP][PASSED] - verifyElementVisible(findTestObject("Object Repository/Page_The Story and Evolution of Doodles - G_6e786d/h1_The story behind Doodles")): Object 'Object Repository/Page_The Story and Evolution of Doodles - G_6e786d/h1_The story behind Doodles' is visible

07-06-2024T14:18:13 - [MESSAGE][PASSED] - Object 'Object Repository/Page_The Story and Evolution of Doodles - G_6e786d/h1_The story behind Doodles' is visible

07-06-2024T14:18:13 - [TEST_STEP][PASSED] - verifyElementVisible(findTestObject("Object Repository/Page_The Story and Evolution of Doodles - G_6e786d/p_The first Doodle was a simple out-of-offi_345e61")): Object 'Object Repository/Page_The Story and Evolution of Doodles - G_6e786d/p_The first Doodle was a simple out-of-offi_345e61' is visible

07-06-2024T14:18:13 - [MESSAGE][PASSED] - Object 'Object Repository/Page_The Story and Evolution of Doodles - G_6e786d/p_The first Doodle was a simple out-of-offi_345e61' is visible

07-06-2024T14:18:13 - [TEST_STEP][PASSED] - verifyElementVisible(findTestObject("Object Repository/Page_The Story and Evolution of Doodles - G_6e786d/h2_Weve created more than 5,000 Doodles ove_111429")): Object 'Object Repository/Page_The Story and Evolution of Doodles - G_6e786d/h2_Weve created more than 5,000 Doodles ove_111429' is visible

07-06-2024T14:18:13 - [MESSAGE][PASSED] - Object 'Object Repository/Page_The Story and Evolution of Doodles - G_6e786d/h2_Weve created more than 5,000 Doodles ove_111429' is visible

07-06-2024T14:18:13 - [TEST_STEP][PASSED] - click(findTestObject("Object Repository/Page_The Story and Evolution of Doodles - G_6e786d/p_The first Doodle was a simple out-of-offi_345e61")): Object: 'Object Repository/Page_The Story and Evolution of Doodles - G_6e786d/p_The first Doodle was a simple out-of-offi_345e61' is clicked on

07-06-2024T14:18:13 - [MESSAGE][PASSED] - Object: 'Object Repository/Page_The Story and Evolution of Doodles - G_6e786d/p_The first Doodle was a simple out-of-offi_345e61' is clicked on

07-06-2024T14:18:13 - [TEST_STEP][PASSED] - verifyElementVisible(findTestObject("Object Repository/Page_The Story and Evolution of Doodles - G_6e786d/h1_The story behind Doodles")): Object 'Object Repository/Page_The Story and Evolution of Doodles - G_6e786d/h1_The story behind Doodles' is visible

07-06-2024T14:18:13 - [MESSAGE][PASSED] - Object 'Object Repository/Page_The Story and Evolution of Doodles - G_6e786d/h1_The story behind Doodles' is visible

07-06-2024T14:18:13 - [TEST_STEP][PASSED] - verifyElementVisible(findTestObject("Object Repository/Page_The Story and Evolution of Doodles - G_6e786d/p_The first Doodle was a simple out-of-offi_345e61")): Object 'Object Repository/Page_The Story and Evolution of Doodles - G_6e786d/p_The first Doodle was a simple out-of-offi_345e61' is visible

07-06-2024T14:18:13 - [MESSAGE][PASSED] - Object 'Object Repository/Page_The Story and Evolution of Doodles - G_6e786d/p_The first Doodle was a simple out-of-offi_345e61' is visible

07-06-2024T14:18:13 - [TEST_STEP][PASSED] - verifyElementVisible(findTestObject("Object Repository/Page_The Story and Evolution of Doodles - G_6e786d/h2_Weve created more than 5,000 Doodles ove_111429")): Object 'Object Repository/Page_The Story and Evolution of Doodles - G_6e786d/h2_Weve created more than 5,000 Doodles ove_111429' is visible

07-06-2024T14:18:13 - [MESSAGE][PASSED] - Object 'Object Repository/Page_The Story and Evolution of Doodles - G_6e786d/h2_Weve created more than 5,000 Doodles ove_111429' is visible

07-06-2024T14:18:13 - [TEST_STEP][PASSED] - click(findTestObject("Object Repository/Page_The Story and Evolution of Doodles - G_6e786d/p_The first Doodle was a simple out-of-offi_345e61")): Object: 'Object Repository/Page_The Story and Evolution of Doodles - G_6e786d/p_The first Doodle was a simple out-of-offi_345e61' is clicked on

07-06-2024T14:18:13 - [MESSAGE][PASSED] - Object: 'Object Repository/Page_The Story and Evolution of Doodles - G_6e786d/p_The first Doodle was a simple out-of-offi_345e61' is clicked on

07-06-2024T14:18:13 - [TEST_STEP][PASSED] - verifyElementVisible(findTestObject("Object Repository/Page_The Story and Evolution of Doodles - G_6e786d/h1_The story behind Doodles")): Object 'Object Repository/Page_The Story and Evolution of Doodles - G_6e786d/h1_The story behind Doodles' is visible

07-06-2024T14:18:13 - [MESSAGE][PASSED] - Object 'Object Repository/Page_The Story and Evolution of Doodles - G_6e786d/h1_The story behind Doodles' is visible

07-06-2024T14:18:13 - [TEST_STEP][PASSED] - verifyElementVisible(findTestObject("Object Repository/Page_The Story and Evolution of Doodles - G_6e786d/p_The first Doodle was a simple out-of-offi_345e61")): Object 'Object Repository/Page_The Story and Evolution of Doodles - G_6e786d/p_The first Doodle was a simple out-of-offi_345e61' is visible

07-06-2024T14:18:13 - [MESSAGE][PASSED] - Object 'Object Repository/Page_The Story and Evolution of Doodles - G_6e786d/p_The first Doodle was a simple out-of-offi_345e61' is visible

07-06-2024T14:18:13 - [TEST_STEP][PASSED] - verifyElementVisible(findTestObject("Object Repository/Page_The Story and Evolution of Doodles - G_6e786d/h2_Weve created more than 5,000 Doodles ove_111429")): Object 'Object Repository/Page_The Story and Evolution of Doodles - G_6e786d/h2_Weve created more than 5,000 Doodles ove_111429' is visible

07-06-2024T14:18:13 - [MESSAGE][PASSED] - Object 'Object Repository/Page_The Story and Evolution of Doodles - G_6e786d/h2_Weve created more than 5,000 Doodles ove_111429' is visible

07-06-2024T14:18:13 - [TEST_STEP][PASSED] - click(findTestObject("Object Repository/Page_The Story and Evolution of Doodles - G_6e786d/p_The first Doodle was a simple out-of-offi_345e61")): Object: 'Object Repository/Page_The Story and Evolution of Doodles - G_6e786d/p_The first Doodle was a simple out-of-offi_345e61' is clicked on

07-06-2024T14:18:14 - [MESSAGE][PASSED] - Object: 'Object Repository/Page_The Story and Evolution of Doodles - G_6e786d/p_The first Doodle was a simple out-of-offi_345e61' is clicked on

07-06-2024T14:18:14 - [TEST_STEP][PASSED] - verifyElementVisible(findTestObject("Object Repository/Page_The Story and Evolution of Doodles - G_6e786d/h1_The story behind Doodles")): Object 'Object Repository/Page_The Story and Evolution of Doodles - G_6e786d/h1_The story behind Doodles' is visible

07-06-2024T14:18:14 - [MESSAGE][PASSED] - Object 'Object Repository/Page_The Story and Evolution of Doodles - G_6e786d/h1_The story behind Doodles' is visible

07-06-2024T14:18:14 - [TEST_STEP][PASSED] - verifyElementVisible(findTestObject("Object Repository/Page_The Story and Evolution of Doodles - G_6e786d/p_The first Doodle was a simple out-of-offi_345e61")): Object 'Object Repository/Page_The Story and Evolution of Doodles - G_6e786d/p_The first Doodle was a simple out-of-offi_345e61' is visible

07-06-2024T14:18:14 - [MESSAGE][PASSED] - Object 'Object Repository/Page_The Story and Evolution of Doodles - G_6e786d/p_The first Doodle was a simple out-of-offi_345e61' is visible

07-06-2024T14:18:14 - [TEST_STEP][PASSED] - verifyElementVisible(findTestObject("Object Repository/Page_The Story and Evolution of Doodles - G_6e786d/h2_Weve created more than 5,000 Doodles ove_111429")): Object 'Object Repository/Page_The Story and Evolution of Doodles - G_6e786d/h2_Weve created more than 5,000 Doodles ove_111429' is visible

07-06-2024T14:18:14 - [MESSAGE][PASSED] - Object 'Object Repository/Page_The Story and Evolution of Doodles - G_6e786d/h2_Weve created more than 5,000 Doodles ove_111429' is visible

07-06-2024T14:18:14 - [TEST_STEP][PASSED] - click(findTestObject("Object Repository/Page_The Story and Evolution of Doodles - G_6e786d/p_The first Doodle was a simple out-of-offi_345e61")): Object: 'Object Repository/Page_The Story and Evolution of Doodles - G_6e786d/p_The first Doodle was a simple out-of-offi_345e61' is clicked on

07-06-2024T14:18:14 - [MESSAGE][PASSED] - Object: 'Object Repository/Page_The Story and Evolution of Doodles - G_6e786d/p_The first Doodle was a simple out-of-offi_345e61' is clicked on

07-06-2024T14:18:14 - [TEST_STEP][PASSED] - verifyElementVisible(findTestObject("Object Repository/Page_The Story and Evolution of Doodles - G_6e786d/h1_The story behind Doodles")): Object 'Object Repository/Page_The Story and Evolution of Doodles - G_6e786d/h1_The story behind Doodles' is visible

07-06-2024T14:18:14 - [MESSAGE][PASSED] - Object 'Object Repository/Page_The Story and Evolution of Doodles - G_6e786d/h1_The story behind Doodles' is visible

07-06-2024T14:18:14 - [TEST_STEP][PASSED] - verifyElementVisible(findTestObject("Object Repository/Page_The Story and Evolution of Doodles - G_6e786d/p_The first Doodle was a simple out-of-offi_345e61")): Object 'Object Repository/Page_The Story and Evolution of Doodles - G_6e786d/p_The first Doodle was a simple out-of-offi_345e61' is visible

07-06-2024T14:18:14 - [MESSAGE][PASSED] - Object 'Object Repository/Page_The Story and Evolution of Doodles - G_6e786d/p_The first Doodle was a simple out-of-offi_345e61' is visible

07-06-2024T14:18:14 - [TEST_STEP][PASSED] - verifyElementVisible(findTestObject("Object Repository/Page_The Story and Evolution of Doodles - G_6e786d/h2_Weve created more than 5,000 Doodles ove_111429")): Object 'Object Repository/Page_The Story and Evolution of Doodles - G_6e786d/h2_Weve created more than 5,000 Doodles ove_111429' is visible

07-06-2024T14:18:14 - [MESSAGE][PASSED] - Object 'Object Repository/Page_The Story and Evolution of Doodles - G_6e786d/h2_Weve created more than 5,000 Doodles ove_111429' is visible

07-06-2024T14:18:14 - [TEST_STEP][PASSED] - click(findTestObject("Object Repository/Page_The Story and Evolution of Doodles - G_6e786d/p_The first Doodle was a simple out-of-offi_345e61")): Object: 'Object Repository/Page_The Story and Evolution of Doodles - G_6e786d/p_The first Doodle was a simple out-of-offi_345e61' is clicked on

07-06-2024T14:18:14 - [MESSAGE][PASSED] - Object: 'Object Repository/Page_The Story and Evolution of Doodles - G_6e786d/p_The first Doodle was a simple out-of-offi_345e61' is clicked on

07-06-2024T14:18:14 - [TEST_STEP][PASSED] - verifyElementVisible(findTestObject("Object Repository/Page_The Story and Evolution of Doodles - G_6e786d/h1_The story behind Doodles")): Object 'Object Repository/Page_The Story and Evolution of Doodles - G_6e786d/h1_The story behind Doodles' is visible

07-06-2024T14:18:14 - [MESSAGE][PASSED] - Object 'Object Repository/Page_The Story and Evolution of Doodles - G_6e786d/h1_The story behind Doodles' is visible

07-06-2024T14:18:14 - [TEST_STEP][PASSED] - verifyElementVisible(findTestObject("Object Repository/Page_The Story and Evolution of Doodles - G_6e786d/p_The first Doodle was a simple out-of-offi_345e61")): Object 'Object Repository/Page_The Story and Evolution of Doodles - G_6e786d/p_The first Doodle was a simple out-of-offi_345e61' is visible

07-06-2024T14:18:14 - [MESSAGE][PASSED] - Object 'Object Repository/Page_The Story and Evolution of Doodles - G_6e786d/p_The first Doodle was a simple out-of-offi_345e61' is visible

07-06-2024T14:18:14 - [TEST_STEP][PASSED] - verifyElementVisible(findTestObject("Object Repository/Page_The Story and Evolution of Doodles - G_6e786d/h2_Weve created more than 5,000 Doodles ove_111429")): Object 'Object Repository/Page_The Story and Evolution of Doodles - G_6e786d/h2_Weve created more than 5,000 Doodles ove_111429' is visible

07-06-2024T14:18:14 - [MESSAGE][PASSED] - Object 'Object Repository/Page_The Story and Evolution of Doodles - G_6e786d/h2_Weve created more than 5,000 Doodles ove_111429' is visible

07-06-2024T14:18:14 - [TEST_STEP][PASSED] - click(findTestObject("Object Repository/Page_The Story and Evolution of Doodles - G_6e786d/p_The first Doodle was a simple out-of-offi_345e61")): Object: 'Object Repository/Page_The Story and Evolution of Doodles - G_6e786d/p_The first Doodle was a simple out-of-offi_345e61' is clicked on

07-06-2024T14:18:15 - [MESSAGE][PASSED] - Object: 'Object Repository/Page_The Story and Evolution of Doodles - G_6e786d/p_The first Doodle was a simple out-of-offi_345e61' is clicked on

07-06-2024T14:18:15 - [TEST_STEP][PASSED] - verifyElementVisible(findTestObject("Object Repository/Page_The Story and Evolution of Doodles - G_6e786d/h1_The story behind Doodles")): Object 'Object Repository/Page_The Story and Evolution of Doodles - G_6e786d/h1_The story behind Doodles' is visible

07-06-2024T14:18:15 - [MESSAGE][PASSED] - Object 'Object Repository/Page_The Story and Evolution of Doodles - G_6e786d/h1_The story behind Doodles' is visible

07-06-2024T14:18:15 - [TEST_STEP][PASSED] - verifyElementVisible(findTestObject("Object Repository/Page_The Story and Evolution of Doodles - G_6e786d/p_The first Doodle was a simple out-of-offi_345e61")): Object 'Object Repository/Page_The Story and Evolution of Doodles - G_6e786d/p_The first Doodle was a simple out-of-offi_345e61' is visible

07-06-2024T14:18:15 - [MESSAGE][PASSED] - Object 'Object Repository/Page_The Story and Evolution of Doodles - G_6e786d/p_The first Doodle was a simple out-of-offi_345e61' is visible

07-06-2024T14:18:15 - [TEST_STEP][PASSED] - verifyElementVisible(findTestObject("Object Repository/Page_The Story and Evolution of Doodles - G_6e786d/h2_Weve created more than 5,000 Doodles ove_111429")): Object 'Object Repository/Page_The Story and Evolution of Doodles - G_6e786d/h2_Weve created more than 5,000 Doodles ove_111429' is visible

07-06-2024T14:18:15 - [MESSAGE][PASSED] - Object 'Object Repository/Page_The Story and Evolution of Doodles - G_6e786d/h2_Weve created more than 5,000 Doodles ove_111429' is visible]]></system-out>
         <system-err><![CDATA[]]></system-err>
      </testcase>
      <testcase name="Test Cases/test case folder 1/tc1 - Copy - Copy (4)" time="8.563" classname="Test Cases/test case folder 1/tc1 - Copy - Copy (4)" status="PASSED">
         <system-out><![CDATA[07-06-2024T14:18:15 - [TEST_CASE][PASSED] - Test Cases/test case folder 1/tc1 - Copy - Copy (4): Test Cases/test case folder 1/tc1 - Copy - Copy (4)

07-06-2024T14:18:15 - [TEST_STEP][PASSED] - openBrowser(""): Browser is opened with url: ''

07-06-2024T14:18:15 - [MESSAGE][WARNING] - A browser is already opened. Closing browser and opening a new one

07-06-2024T14:18:16 - [MESSAGE][INFO] - Starting 'Firefox (headless)' driver

07-06-2024T14:18:16 - [MESSAGE][INFO] - Action delay is set to 0 milliseconds

07-06-2024T14:18:18 - [MESSAGE][PASSED] - Browser is opened with url: ''

07-06-2024T14:18:18 - [TEST_STEP][PASSED] - navigateToUrl("https://doodles.google/about/"): Navigate to 'https://doodles.google/about/' successfully

07-06-2024T14:18:20 - [MESSAGE][PASSED] - Navigate to 'https://doodles.google/about/' successfully

07-06-2024T14:18:20 - [TEST_STEP][PASSED] - click(findTestObject("Object Repository/Page_The Story and Evolution of Doodles - G_6e786d/p_The first Doodle was a simple out-of-offi_345e61")): Object: 'Object Repository/Page_The Story and Evolution of Doodles - G_6e786d/p_The first Doodle was a simple out-of-offi_345e61' is clicked on

07-06-2024T14:18:20 - [MESSAGE][PASSED] - Object: 'Object Repository/Page_The Story and Evolution of Doodles - G_6e786d/p_The first Doodle was a simple out-of-offi_345e61' is clicked on

07-06-2024T14:18:20 - [TEST_STEP][PASSED] - click(findTestObject("Object Repository/Page_The Story and Evolution of Doodles - G_6e786d/p_The first Doodle was a simple out-of-offi_345e61")): Object: 'Object Repository/Page_The Story and Evolution of Doodles - G_6e786d/p_The first Doodle was a simple out-of-offi_345e61' is clicked on

07-06-2024T14:18:20 - [MESSAGE][PASSED] - Object: 'Object Repository/Page_The Story and Evolution of Doodles - G_6e786d/p_The first Doodle was a simple out-of-offi_345e61' is clicked on

07-06-2024T14:18:20 - [TEST_STEP][PASSED] - verifyElementVisible(findTestObject("Object Repository/Page_The Story and Evolution of Doodles - G_6e786d/h1_The story behind Doodles")): Object 'Object Repository/Page_The Story and Evolution of Doodles - G_6e786d/h1_The story behind Doodles' is visible

07-06-2024T14:18:20 - [MESSAGE][PASSED] - Object 'Object Repository/Page_The Story and Evolution of Doodles - G_6e786d/h1_The story behind Doodles' is visible

07-06-2024T14:18:20 - [TEST_STEP][PASSED] - verifyElementVisible(findTestObject("Object Repository/Page_The Story and Evolution of Doodles - G_6e786d/p_The first Doodle was a simple out-of-offi_345e61")): Object 'Object Repository/Page_The Story and Evolution of Doodles - G_6e786d/p_The first Doodle was a simple out-of-offi_345e61' is visible

07-06-2024T14:18:20 - [MESSAGE][PASSED] - Object 'Object Repository/Page_The Story and Evolution of Doodles - G_6e786d/p_The first Doodle was a simple out-of-offi_345e61' is visible

07-06-2024T14:18:20 - [TEST_STEP][PASSED] - verifyElementVisible(findTestObject("Object Repository/Page_The Story and Evolution of Doodles - G_6e786d/h2_Weve created more than 5,000 Doodles ove_111429")): Object 'Object Repository/Page_The Story and Evolution of Doodles - G_6e786d/h2_Weve created more than 5,000 Doodles ove_111429' is visible

07-06-2024T14:18:20 - [MESSAGE][PASSED] - Object 'Object Repository/Page_The Story and Evolution of Doodles - G_6e786d/h2_Weve created more than 5,000 Doodles ove_111429' is visible

07-06-2024T14:18:20 - [TEST_STEP][PASSED] - verifyElementVisible(findTestObject("Object Repository/Page_The Story and Evolution of Doodles - G_6e786d/h1_The story behind Doodles")): Object 'Object Repository/Page_The Story and Evolution of Doodles - G_6e786d/h1_The story behind Doodles' is visible

07-06-2024T14:18:20 - [MESSAGE][PASSED] - Object 'Object Repository/Page_The Story and Evolution of Doodles - G_6e786d/h1_The story behind Doodles' is visible

07-06-2024T14:18:20 - [TEST_STEP][PASSED] - verifyElementVisible(findTestObject("Object Repository/Page_The Story and Evolution of Doodles - G_6e786d/p_The first Doodle was a simple out-of-offi_345e61")): Object 'Object Repository/Page_The Story and Evolution of Doodles - G_6e786d/p_The first Doodle was a simple out-of-offi_345e61' is visible

07-06-2024T14:18:21 - [MESSAGE][PASSED] - Object 'Object Repository/Page_The Story and Evolution of Doodles - G_6e786d/p_The first Doodle was a simple out-of-offi_345e61' is visible

07-06-2024T14:18:21 - [TEST_STEP][PASSED] - verifyElementVisible(findTestObject("Object Repository/Page_The Story and Evolution of Doodles - G_6e786d/h2_Weve created more than 5,000 Doodles ove_111429")): Object 'Object Repository/Page_The Story and Evolution of Doodles - G_6e786d/h2_Weve created more than 5,000 Doodles ove_111429' is visible

07-06-2024T14:18:21 - [MESSAGE][PASSED] - Object 'Object Repository/Page_The Story and Evolution of Doodles - G_6e786d/h2_Weve created more than 5,000 Doodles ove_111429' is visible

07-06-2024T14:18:21 - [TEST_STEP][PASSED] - click(findTestObject("Object Repository/Page_The Story and Evolution of Doodles - G_6e786d/p_The first Doodle was a simple out-of-offi_345e61")): Object: 'Object Repository/Page_The Story and Evolution of Doodles - G_6e786d/p_The first Doodle was a simple out-of-offi_345e61' is clicked on

07-06-2024T14:18:21 - [MESSAGE][PASSED] - Object: 'Object Repository/Page_The Story and Evolution of Doodles - G_6e786d/p_The first Doodle was a simple out-of-offi_345e61' is clicked on

07-06-2024T14:18:21 - [TEST_STEP][PASSED] - verifyElementVisible(findTestObject("Object Repository/Page_The Story and Evolution of Doodles - G_6e786d/h1_The story behind Doodles")): Object 'Object Repository/Page_The Story and Evolution of Doodles - G_6e786d/h1_The story behind Doodles' is visible

07-06-2024T14:18:21 - [MESSAGE][PASSED] - Object 'Object Repository/Page_The Story and Evolution of Doodles - G_6e786d/h1_The story behind Doodles' is visible

07-06-2024T14:18:21 - [TEST_STEP][PASSED] - verifyElementVisible(findTestObject("Object Repository/Page_The Story and Evolution of Doodles - G_6e786d/p_The first Doodle was a simple out-of-offi_345e61")): Object 'Object Repository/Page_The Story and Evolution of Doodles - G_6e786d/p_The first Doodle was a simple out-of-offi_345e61' is visible

07-06-2024T14:18:21 - [MESSAGE][PASSED] - Object 'Object Repository/Page_The Story and Evolution of Doodles - G_6e786d/p_The first Doodle was a simple out-of-offi_345e61' is visible

07-06-2024T14:18:21 - [TEST_STEP][PASSED] - verifyElementVisible(findTestObject("Object Repository/Page_The Story and Evolution of Doodles - G_6e786d/h2_Weve created more than 5,000 Doodles ove_111429")): Object 'Object Repository/Page_The Story and Evolution of Doodles - G_6e786d/h2_Weve created more than 5,000 Doodles ove_111429' is visible

07-06-2024T14:18:21 - [MESSAGE][PASSED] - Object 'Object Repository/Page_The Story and Evolution of Doodles - G_6e786d/h2_Weve created more than 5,000 Doodles ove_111429' is visible

07-06-2024T14:18:21 - [TEST_STEP][PASSED] - click(findTestObject("Object Repository/Page_The Story and Evolution of Doodles - G_6e786d/p_The first Doodle was a simple out-of-offi_345e61")): Object: 'Object Repository/Page_The Story and Evolution of Doodles - G_6e786d/p_The first Doodle was a simple out-of-offi_345e61' is clicked on

07-06-2024T14:18:21 - [MESSAGE][PASSED] - Object: 'Object Repository/Page_The Story and Evolution of Doodles - G_6e786d/p_The first Doodle was a simple out-of-offi_345e61' is clicked on

07-06-2024T14:18:21 - [TEST_STEP][PASSED] - verifyElementVisible(findTestObject("Object Repository/Page_The Story and Evolution of Doodles - G_6e786d/h1_The story behind Doodles")): Object 'Object Repository/Page_The Story and Evolution of Doodles - G_6e786d/h1_The story behind Doodles' is visible

07-06-2024T14:18:21 - [MESSAGE][PASSED] - Object 'Object Repository/Page_The Story and Evolution of Doodles - G_6e786d/h1_The story behind Doodles' is visible

07-06-2024T14:18:21 - [TEST_STEP][PASSED] - verifyElementVisible(findTestObject("Object Repository/Page_The Story and Evolution of Doodles - G_6e786d/p_The first Doodle was a simple out-of-offi_345e61")): Object 'Object Repository/Page_The Story and Evolution of Doodles - G_6e786d/p_The first Doodle was a simple out-of-offi_345e61' is visible

07-06-2024T14:18:21 - [MESSAGE][PASSED] - Object 'Object Repository/Page_The Story and Evolution of Doodles - G_6e786d/p_The first Doodle was a simple out-of-offi_345e61' is visible

07-06-2024T14:18:21 - [TEST_STEP][PASSED] - verifyElementVisible(findTestObject("Object Repository/Page_The Story and Evolution of Doodles - G_6e786d/h2_Weve created more than 5,000 Doodles ove_111429")): Object 'Object Repository/Page_The Story and Evolution of Doodles - G_6e786d/h2_Weve created more than 5,000 Doodles ove_111429' is visible

07-06-2024T14:18:21 - [MESSAGE][PASSED] - Object 'Object Repository/Page_The Story and Evolution of Doodles - G_6e786d/h2_Weve created more than 5,000 Doodles ove_111429' is visible

07-06-2024T14:18:21 - [TEST_STEP][PASSED] - click(findTestObject("Object Repository/Page_The Story and Evolution of Doodles - G_6e786d/p_The first Doodle was a simple out-of-offi_345e61")): Object: 'Object Repository/Page_The Story and Evolution of Doodles - G_6e786d/p_The first Doodle was a simple out-of-offi_345e61' is clicked on

07-06-2024T14:18:21 - [MESSAGE][PASSED] - Object: 'Object Repository/Page_The Story and Evolution of Doodles - G_6e786d/p_The first Doodle was a simple out-of-offi_345e61' is clicked on

07-06-2024T14:18:21 - [TEST_STEP][PASSED] - verifyElementVisible(findTestObject("Object Repository/Page_The Story and Evolution of Doodles - G_6e786d/h1_The story behind Doodles")): Object 'Object Repository/Page_The Story and Evolution of Doodles - G_6e786d/h1_The story behind Doodles' is visible

07-06-2024T14:18:21 - [MESSAGE][PASSED] - Object 'Object Repository/Page_The Story and Evolution of Doodles - G_6e786d/h1_The story behind Doodles' is visible

07-06-2024T14:18:21 - [TEST_STEP][PASSED] - verifyElementVisible(findTestObject("Object Repository/Page_The Story and Evolution of Doodles - G_6e786d/p_The first Doodle was a simple out-of-offi_345e61")): Object 'Object Repository/Page_The Story and Evolution of Doodles - G_6e786d/p_The first Doodle was a simple out-of-offi_345e61' is visible

07-06-2024T14:18:21 - [MESSAGE][PASSED] - Object 'Object Repository/Page_The Story and Evolution of Doodles - G_6e786d/p_The first Doodle was a simple out-of-offi_345e61' is visible

07-06-2024T14:18:21 - [TEST_STEP][PASSED] - verifyElementVisible(findTestObject("Object Repository/Page_The Story and Evolution of Doodles - G_6e786d/h2_Weve created more than 5,000 Doodles ove_111429")): Object 'Object Repository/Page_The Story and Evolution of Doodles - G_6e786d/h2_Weve created more than 5,000 Doodles ove_111429' is visible

07-06-2024T14:18:21 - [MESSAGE][PASSED] - Object 'Object Repository/Page_The Story and Evolution of Doodles - G_6e786d/h2_Weve created more than 5,000 Doodles ove_111429' is visible

07-06-2024T14:18:21 - [TEST_STEP][PASSED] - click(findTestObject("Object Repository/Page_The Story and Evolution of Doodles - G_6e786d/p_The first Doodle was a simple out-of-offi_345e61")): Object: 'Object Repository/Page_The Story and Evolution of Doodles - G_6e786d/p_The first Doodle was a simple out-of-offi_345e61' is clicked on

07-06-2024T14:18:22 - [MESSAGE][PASSED] - Object: 'Object Repository/Page_The Story and Evolution of Doodles - G_6e786d/p_The first Doodle was a simple out-of-offi_345e61' is clicked on

07-06-2024T14:18:22 - [TEST_STEP][PASSED] - verifyElementVisible(findTestObject("Object Repository/Page_The Story and Evolution of Doodles - G_6e786d/h1_The story behind Doodles")): Object 'Object Repository/Page_The Story and Evolution of Doodles - G_6e786d/h1_The story behind Doodles' is visible

07-06-2024T14:18:22 - [MESSAGE][PASSED] - Object 'Object Repository/Page_The Story and Evolution of Doodles - G_6e786d/h1_The story behind Doodles' is visible

07-06-2024T14:18:22 - [TEST_STEP][PASSED] - verifyElementVisible(findTestObject("Object Repository/Page_The Story and Evolution of Doodles - G_6e786d/p_The first Doodle was a simple out-of-offi_345e61")): Object 'Object Repository/Page_The Story and Evolution of Doodles - G_6e786d/p_The first Doodle was a simple out-of-offi_345e61' is visible

07-06-2024T14:18:22 - [MESSAGE][PASSED] - Object 'Object Repository/Page_The Story and Evolution of Doodles - G_6e786d/p_The first Doodle was a simple out-of-offi_345e61' is visible

07-06-2024T14:18:22 - [TEST_STEP][PASSED] - verifyElementVisible(findTestObject("Object Repository/Page_The Story and Evolution of Doodles - G_6e786d/h2_Weve created more than 5,000 Doodles ove_111429")): Object 'Object Repository/Page_The Story and Evolution of Doodles - G_6e786d/h2_Weve created more than 5,000 Doodles ove_111429' is visible

07-06-2024T14:18:22 - [MESSAGE][PASSED] - Object 'Object Repository/Page_The Story and Evolution of Doodles - G_6e786d/h2_Weve created more than 5,000 Doodles ove_111429' is visible

07-06-2024T14:18:22 - [TEST_STEP][PASSED] - click(findTestObject("Object Repository/Page_The Story and Evolution of Doodles - G_6e786d/p_The first Doodle was a simple out-of-offi_345e61")): Object: 'Object Repository/Page_The Story and Evolution of Doodles - G_6e786d/p_The first Doodle was a simple out-of-offi_345e61' is clicked on

07-06-2024T14:18:22 - [MESSAGE][PASSED] - Object: 'Object Repository/Page_The Story and Evolution of Doodles - G_6e786d/p_The first Doodle was a simple out-of-offi_345e61' is clicked on

07-06-2024T14:18:22 - [TEST_STEP][PASSED] - verifyElementVisible(findTestObject("Object Repository/Page_The Story and Evolution of Doodles - G_6e786d/h1_The story behind Doodles")): Object 'Object Repository/Page_The Story and Evolution of Doodles - G_6e786d/h1_The story behind Doodles' is visible

07-06-2024T14:18:22 - [MESSAGE][PASSED] - Object 'Object Repository/Page_The Story and Evolution of Doodles - G_6e786d/h1_The story behind Doodles' is visible

07-06-2024T14:18:22 - [TEST_STEP][PASSED] - verifyElementVisible(findTestObject("Object Repository/Page_The Story and Evolution of Doodles - G_6e786d/p_The first Doodle was a simple out-of-offi_345e61")): Object 'Object Repository/Page_The Story and Evolution of Doodles - G_6e786d/p_The first Doodle was a simple out-of-offi_345e61' is visible

07-06-2024T14:18:22 - [MESSAGE][PASSED] - Object 'Object Repository/Page_The Story and Evolution of Doodles - G_6e786d/p_The first Doodle was a simple out-of-offi_345e61' is visible

07-06-2024T14:18:22 - [TEST_STEP][PASSED] - verifyElementVisible(findTestObject("Object Repository/Page_The Story and Evolution of Doodles - G_6e786d/h2_Weve created more than 5,000 Doodles ove_111429")): Object 'Object Repository/Page_The Story and Evolution of Doodles - G_6e786d/h2_Weve created more than 5,000 Doodles ove_111429' is visible

07-06-2024T14:18:22 - [MESSAGE][PASSED] - Object 'Object Repository/Page_The Story and Evolution of Doodles - G_6e786d/h2_Weve created more than 5,000 Doodles ove_111429' is visible

07-06-2024T14:18:22 - [TEST_STEP][PASSED] - click(findTestObject("Object Repository/Page_The Story and Evolution of Doodles - G_6e786d/p_The first Doodle was a simple out-of-offi_345e61")): Object: 'Object Repository/Page_The Story and Evolution of Doodles - G_6e786d/p_The first Doodle was a simple out-of-offi_345e61' is clicked on

07-06-2024T14:18:22 - [MESSAGE][PASSED] - Object: 'Object Repository/Page_The Story and Evolution of Doodles - G_6e786d/p_The first Doodle was a simple out-of-offi_345e61' is clicked on

07-06-2024T14:18:22 - [TEST_STEP][PASSED] - verifyElementVisible(findTestObject("Object Repository/Page_The Story and Evolution of Doodles - G_6e786d/h1_The story behind Doodles")): Object 'Object Repository/Page_The Story and Evolution of Doodles - G_6e786d/h1_The story behind Doodles' is visible

07-06-2024T14:18:22 - [MESSAGE][PASSED] - Object 'Object Repository/Page_The Story and Evolution of Doodles - G_6e786d/h1_The story behind Doodles' is visible

07-06-2024T14:18:22 - [TEST_STEP][PASSED] - verifyElementVisible(findTestObject("Object Repository/Page_The Story and Evolution of Doodles - G_6e786d/p_The first Doodle was a simple out-of-offi_345e61")): Object 'Object Repository/Page_The Story and Evolution of Doodles - G_6e786d/p_The first Doodle was a simple out-of-offi_345e61' is visible

07-06-2024T14:18:22 - [MESSAGE][PASSED] - Object 'Object Repository/Page_The Story and Evolution of Doodles - G_6e786d/p_The first Doodle was a simple out-of-offi_345e61' is visible

07-06-2024T14:18:22 - [TEST_STEP][PASSED] - verifyElementVisible(findTestObject("Object Repository/Page_The Story and Evolution of Doodles - G_6e786d/h2_Weve created more than 5,000 Doodles ove_111429")): Object 'Object Repository/Page_The Story and Evolution of Doodles - G_6e786d/h2_Weve created more than 5,000 Doodles ove_111429' is visible

07-06-2024T14:18:22 - [MESSAGE][PASSED] - Object 'Object Repository/Page_The Story and Evolution of Doodles - G_6e786d/h2_Weve created more than 5,000 Doodles ove_111429' is visible

07-06-2024T14:18:22 - [TEST_STEP][PASSED] - click(findTestObject("Object Repository/Page_The Story and Evolution of Doodles - G_6e786d/p_The first Doodle was a simple out-of-offi_345e61")): Object: 'Object Repository/Page_The Story and Evolution of Doodles - G_6e786d/p_The first Doodle was a simple out-of-offi_345e61' is clicked on

07-06-2024T14:18:23 - [MESSAGE][PASSED] - Object: 'Object Repository/Page_The Story and Evolution of Doodles - G_6e786d/p_The first Doodle was a simple out-of-offi_345e61' is clicked on

07-06-2024T14:18:23 - [TEST_STEP][PASSED] - verifyElementVisible(findTestObject("Object Repository/Page_The Story and Evolution of Doodles - G_6e786d/h1_The story behind Doodles")): Object 'Object Repository/Page_The Story and Evolution of Doodles - G_6e786d/h1_The story behind Doodles' is visible

07-06-2024T14:18:23 - [MESSAGE][PASSED] - Object 'Object Repository/Page_The Story and Evolution of Doodles - G_6e786d/h1_The story behind Doodles' is visible

07-06-2024T14:18:23 - [TEST_STEP][PASSED] - verifyElementVisible(findTestObject("Object Repository/Page_The Story and Evolution of Doodles - G_6e786d/p_The first Doodle was a simple out-of-offi_345e61")): Object 'Object Repository/Page_The Story and Evolution of Doodles - G_6e786d/p_The first Doodle was a simple out-of-offi_345e61' is visible

07-06-2024T14:18:23 - [MESSAGE][PASSED] - Object 'Object Repository/Page_The Story and Evolution of Doodles - G_6e786d/p_The first Doodle was a simple out-of-offi_345e61' is visible

07-06-2024T14:18:23 - [TEST_STEP][PASSED] - verifyElementVisible(findTestObject("Object Repository/Page_The Story and Evolution of Doodles - G_6e786d/h2_Weve created more than 5,000 Doodles ove_111429")): Object 'Object Repository/Page_The Story and Evolution of Doodles - G_6e786d/h2_Weve created more than 5,000 Doodles ove_111429' is visible

07-06-2024T14:18:23 - [MESSAGE][PASSED] - Object 'Object Repository/Page_The Story and Evolution of Doodles - G_6e786d/h2_Weve created more than 5,000 Doodles ove_111429' is visible

07-06-2024T14:18:23 - [TEST_STEP][PASSED] - click(findTestObject("Object Repository/Page_The Story and Evolution of Doodles - G_6e786d/p_The first Doodle was a simple out-of-offi_345e61")): Object: 'Object Repository/Page_The Story and Evolution of Doodles - G_6e786d/p_The first Doodle was a simple out-of-offi_345e61' is clicked on

07-06-2024T14:18:23 - [MESSAGE][PASSED] - Object: 'Object Repository/Page_The Story and Evolution of Doodles - G_6e786d/p_The first Doodle was a simple out-of-offi_345e61' is clicked on

07-06-2024T14:18:23 - [TEST_STEP][PASSED] - verifyElementVisible(findTestObject("Object Repository/Page_The Story and Evolution of Doodles - G_6e786d/h1_The story behind Doodles")): Object 'Object Repository/Page_The Story and Evolution of Doodles - G_6e786d/h1_The story behind Doodles' is visible

07-06-2024T14:18:23 - [MESSAGE][PASSED] - Object 'Object Repository/Page_The Story and Evolution of Doodles - G_6e786d/h1_The story behind Doodles' is visible

07-06-2024T14:18:23 - [TEST_STEP][PASSED] - verifyElementVisible(findTestObject("Object Repository/Page_The Story and Evolution of Doodles - G_6e786d/p_The first Doodle was a simple out-of-offi_345e61")): Object 'Object Repository/Page_The Story and Evolution of Doodles - G_6e786d/p_The first Doodle was a simple out-of-offi_345e61' is visible

07-06-2024T14:18:23 - [MESSAGE][PASSED] - Object 'Object Repository/Page_The Story and Evolution of Doodles - G_6e786d/p_The first Doodle was a simple out-of-offi_345e61' is visible

07-06-2024T14:18:23 - [TEST_STEP][PASSED] - verifyElementVisible(findTestObject("Object Repository/Page_The Story and Evolution of Doodles - G_6e786d/h2_Weve created more than 5,000 Doodles ove_111429")): Object 'Object Repository/Page_The Story and Evolution of Doodles - G_6e786d/h2_Weve created more than 5,000 Doodles ove_111429' is visible

07-06-2024T14:18:23 - [MESSAGE][PASSED] - Object 'Object Repository/Page_The Story and Evolution of Doodles - G_6e786d/h2_Weve created more than 5,000 Doodles ove_111429' is visible

07-06-2024T14:18:23 - [TEST_STEP][PASSED] - click(findTestObject("Object Repository/Page_The Story and Evolution of Doodles - G_6e786d/p_The first Doodle was a simple out-of-offi_345e61")): Object: 'Object Repository/Page_The Story and Evolution of Doodles - G_6e786d/p_The first Doodle was a simple out-of-offi_345e61' is clicked on

07-06-2024T14:18:23 - [MESSAGE][PASSED] - Object: 'Object Repository/Page_The Story and Evolution of Doodles - G_6e786d/p_The first Doodle was a simple out-of-offi_345e61' is clicked on

07-06-2024T14:18:23 - [TEST_STEP][PASSED] - verifyElementVisible(findTestObject("Object Repository/Page_The Story and Evolution of Doodles - G_6e786d/h1_The story behind Doodles")): Object 'Object Repository/Page_The Story and Evolution of Doodles - G_6e786d/h1_The story behind Doodles' is visible

07-06-2024T14:18:23 - [MESSAGE][PASSED] - Object 'Object Repository/Page_The Story and Evolution of Doodles - G_6e786d/h1_The story behind Doodles' is visible

07-06-2024T14:18:23 - [TEST_STEP][PASSED] - verifyElementVisible(findTestObject("Object Repository/Page_The Story and Evolution of Doodles - G_6e786d/p_The first Doodle was a simple out-of-offi_345e61")): Object 'Object Repository/Page_The Story and Evolution of Doodles - G_6e786d/p_The first Doodle was a simple out-of-offi_345e61' is visible

07-06-2024T14:18:23 - [MESSAGE][PASSED] - Object 'Object Repository/Page_The Story and Evolution of Doodles - G_6e786d/p_The first Doodle was a simple out-of-offi_345e61' is visible

07-06-2024T14:18:23 - [TEST_STEP][PASSED] - verifyElementVisible(findTestObject("Object Repository/Page_The Story and Evolution of Doodles - G_6e786d/h2_Weve created more than 5,000 Doodles ove_111429")): Object 'Object Repository/Page_The Story and Evolution of Doodles - G_6e786d/h2_Weve created more than 5,000 Doodles ove_111429' is visible

07-06-2024T14:18:23 - [MESSAGE][PASSED] - Object 'Object Repository/Page_The Story and Evolution of Doodles - G_6e786d/h2_Weve created more than 5,000 Doodles ove_111429' is visible]]></system-out>
         <system-err><![CDATA[]]></system-err>
      </testcase>
      <testcase name="Test Cases/test case folder 1/tc1 - Copy - Copy (3)" time="8.344" classname="Test Cases/test case folder 1/tc1 - Copy - Copy (3)" status="PASSED">
         <system-out><![CDATA[07-06-2024T14:18:23 - [TEST_CASE][PASSED] - Test Cases/test case folder 1/tc1 - Copy - Copy (3): Test Cases/test case folder 1/tc1 - Copy - Copy (3)

07-06-2024T14:18:23 - [TEST_STEP][PASSED] - openBrowser(""): Browser is opened with url: ''

07-06-2024T14:18:23 - [MESSAGE][WARNING] - A browser is already opened. Closing browser and opening a new one

07-06-2024T14:18:24 - [MESSAGE][INFO] - Starting 'Firefox (headless)' driver

07-06-2024T14:18:24 - [MESSAGE][INFO] - Action delay is set to 0 milliseconds

07-06-2024T14:18:26 - [MESSAGE][PASSED] - Browser is opened with url: ''

07-06-2024T14:18:26 - [TEST_STEP][PASSED] - navigateToUrl("https://doodles.google/about/"): Navigate to 'https://doodles.google/about/' successfully

07-06-2024T14:18:28 - [MESSAGE][PASSED] - Navigate to 'https://doodles.google/about/' successfully

07-06-2024T14:18:28 - [TEST_STEP][PASSED] - click(findTestObject("Object Repository/Page_The Story and Evolution of Doodles - G_6e786d/p_The first Doodle was a simple out-of-offi_345e61")): Object: 'Object Repository/Page_The Story and Evolution of Doodles - G_6e786d/p_The first Doodle was a simple out-of-offi_345e61' is clicked on

07-06-2024T14:18:28 - [MESSAGE][PASSED] - Object: 'Object Repository/Page_The Story and Evolution of Doodles - G_6e786d/p_The first Doodle was a simple out-of-offi_345e61' is clicked on

07-06-2024T14:18:28 - [TEST_STEP][PASSED] - click(findTestObject("Object Repository/Page_The Story and Evolution of Doodles - G_6e786d/p_The first Doodle was a simple out-of-offi_345e61")): Object: 'Object Repository/Page_The Story and Evolution of Doodles - G_6e786d/p_The first Doodle was a simple out-of-offi_345e61' is clicked on

07-06-2024T14:18:29 - [MESSAGE][PASSED] - Object: 'Object Repository/Page_The Story and Evolution of Doodles - G_6e786d/p_The first Doodle was a simple out-of-offi_345e61' is clicked on

07-06-2024T14:18:29 - [TEST_STEP][PASSED] - verifyElementVisible(findTestObject("Object Repository/Page_The Story and Evolution of Doodles - G_6e786d/h1_The story behind Doodles")): Object 'Object Repository/Page_The Story and Evolution of Doodles - G_6e786d/h1_The story behind Doodles' is visible

07-06-2024T14:18:29 - [MESSAGE][PASSED] - Object 'Object Repository/Page_The Story and Evolution of Doodles - G_6e786d/h1_The story behind Doodles' is visible

07-06-2024T14:18:29 - [TEST_STEP][PASSED] - verifyElementVisible(findTestObject("Object Repository/Page_The Story and Evolution of Doodles - G_6e786d/p_The first Doodle was a simple out-of-offi_345e61")): Object 'Object Repository/Page_The Story and Evolution of Doodles - G_6e786d/p_The first Doodle was a simple out-of-offi_345e61' is visible

07-06-2024T14:18:29 - [MESSAGE][PASSED] - Object 'Object Repository/Page_The Story and Evolution of Doodles - G_6e786d/p_The first Doodle was a simple out-of-offi_345e61' is visible

07-06-2024T14:18:29 - [TEST_STEP][PASSED] - verifyElementVisible(findTestObject("Object Repository/Page_The Story and Evolution of Doodles - G_6e786d/h2_Weve created more than 5,000 Doodles ove_111429")): Object 'Object Repository/Page_The Story and Evolution of Doodles - G_6e786d/h2_Weve created more than 5,000 Doodles ove_111429' is visible

07-06-2024T14:18:29 - [MESSAGE][PASSED] - Object 'Object Repository/Page_The Story and Evolution of Doodles - G_6e786d/h2_Weve created more than 5,000 Doodles ove_111429' is visible

07-06-2024T14:18:29 - [TEST_STEP][PASSED] - verifyElementVisible(findTestObject("Object Repository/Page_The Story and Evolution of Doodles - G_6e786d/h1_The story behind Doodles")): Object 'Object Repository/Page_The Story and Evolution of Doodles - G_6e786d/h1_The story behind Doodles' is visible

07-06-2024T14:18:29 - [MESSAGE][PASSED] - Object 'Object Repository/Page_The Story and Evolution of Doodles - G_6e786d/h1_The story behind Doodles' is visible

07-06-2024T14:18:29 - [TEST_STEP][PASSED] - verifyElementVisible(findTestObject("Object Repository/Page_The Story and Evolution of Doodles - G_6e786d/p_The first Doodle was a simple out-of-offi_345e61")): Object 'Object Repository/Page_The Story and Evolution of Doodles - G_6e786d/p_The first Doodle was a simple out-of-offi_345e61' is visible

07-06-2024T14:18:29 - [MESSAGE][PASSED] - Object 'Object Repository/Page_The Story and Evolution of Doodles - G_6e786d/p_The first Doodle was a simple out-of-offi_345e61' is visible

07-06-2024T14:18:29 - [TEST_STEP][PASSED] - verifyElementVisible(findTestObject("Object Repository/Page_The Story and Evolution of Doodles - G_6e786d/h2_Weve created more than 5,000 Doodles ove_111429")): Object 'Object Repository/Page_The Story and Evolution of Doodles - G_6e786d/h2_Weve created more than 5,000 Doodles ove_111429' is visible

07-06-2024T14:18:29 - [MESSAGE][PASSED] - Object 'Object Repository/Page_The Story and Evolution of Doodles - G_6e786d/h2_Weve created more than 5,000 Doodles ove_111429' is visible

07-06-2024T14:18:29 - [TEST_STEP][PASSED] - click(findTestObject("Object Repository/Page_The Story and Evolution of Doodles - G_6e786d/p_The first Doodle was a simple out-of-offi_345e61")): Object: 'Object Repository/Page_The Story and Evolution of Doodles - G_6e786d/p_The first Doodle was a simple out-of-offi_345e61' is clicked on

07-06-2024T14:18:29 - [MESSAGE][PASSED] - Object: 'Object Repository/Page_The Story and Evolution of Doodles - G_6e786d/p_The first Doodle was a simple out-of-offi_345e61' is clicked on

07-06-2024T14:18:29 - [TEST_STEP][PASSED] - verifyElementVisible(findTestObject("Object Repository/Page_The Story and Evolution of Doodles - G_6e786d/h1_The story behind Doodles")): Object 'Object Repository/Page_The Story and Evolution of Doodles - G_6e786d/h1_The story behind Doodles' is visible

07-06-2024T14:18:29 - [MESSAGE][PASSED] - Object 'Object Repository/Page_The Story and Evolution of Doodles - G_6e786d/h1_The story behind Doodles' is visible

07-06-2024T14:18:29 - [TEST_STEP][PASSED] - verifyElementVisible(findTestObject("Object Repository/Page_The Story and Evolution of Doodles - G_6e786d/p_The first Doodle was a simple out-of-offi_345e61")): Object 'Object Repository/Page_The Story and Evolution of Doodles - G_6e786d/p_The first Doodle was a simple out-of-offi_345e61' is visible

07-06-2024T14:18:29 - [MESSAGE][PASSED] - Object 'Object Repository/Page_The Story and Evolution of Doodles - G_6e786d/p_The first Doodle was a simple out-of-offi_345e61' is visible

07-06-2024T14:18:29 - [TEST_STEP][PASSED] - verifyElementVisible(findTestObject("Object Repository/Page_The Story and Evolution of Doodles - G_6e786d/h2_Weve created more than 5,000 Doodles ove_111429")): Object 'Object Repository/Page_The Story and Evolution of Doodles - G_6e786d/h2_Weve created more than 5,000 Doodles ove_111429' is visible

07-06-2024T14:18:29 - [MESSAGE][PASSED] - Object 'Object Repository/Page_The Story and Evolution of Doodles - G_6e786d/h2_Weve created more than 5,000 Doodles ove_111429' is visible

07-06-2024T14:18:29 - [TEST_STEP][PASSED] - click(findTestObject("Object Repository/Page_The Story and Evolution of Doodles - G_6e786d/p_The first Doodle was a simple out-of-offi_345e61")): Object: 'Object Repository/Page_The Story and Evolution of Doodles - G_6e786d/p_The first Doodle was a simple out-of-offi_345e61' is clicked on

07-06-2024T14:18:29 - [MESSAGE][PASSED] - Object: 'Object Repository/Page_The Story and Evolution of Doodles - G_6e786d/p_The first Doodle was a simple out-of-offi_345e61' is clicked on

07-06-2024T14:18:29 - [TEST_STEP][PASSED] - verifyElementVisible(findTestObject("Object Repository/Page_The Story and Evolution of Doodles - G_6e786d/h1_The story behind Doodles")): Object 'Object Repository/Page_The Story and Evolution of Doodles - G_6e786d/h1_The story behind Doodles' is visible

07-06-2024T14:18:29 - [MESSAGE][PASSED] - Object 'Object Repository/Page_The Story and Evolution of Doodles - G_6e786d/h1_The story behind Doodles' is visible

07-06-2024T14:18:30 - [TEST_STEP][PASSED] - verifyElementVisible(findTestObject("Object Repository/Page_The Story and Evolution of Doodles - G_6e786d/p_The first Doodle was a simple out-of-offi_345e61")): Object 'Object Repository/Page_The Story and Evolution of Doodles - G_6e786d/p_The first Doodle was a simple out-of-offi_345e61' is visible

07-06-2024T14:18:30 - [MESSAGE][PASSED] - Object 'Object Repository/Page_The Story and Evolution of Doodles - G_6e786d/p_The first Doodle was a simple out-of-offi_345e61' is visible

07-06-2024T14:18:30 - [TEST_STEP][PASSED] - verifyElementVisible(findTestObject("Object Repository/Page_The Story and Evolution of Doodles - G_6e786d/h2_Weve created more than 5,000 Doodles ove_111429")): Object 'Object Repository/Page_The Story and Evolution of Doodles - G_6e786d/h2_Weve created more than 5,000 Doodles ove_111429' is visible

07-06-2024T14:18:30 - [MESSAGE][PASSED] - Object 'Object Repository/Page_The Story and Evolution of Doodles - G_6e786d/h2_Weve created more than 5,000 Doodles ove_111429' is visible

07-06-2024T14:18:30 - [TEST_STEP][PASSED] - click(findTestObject("Object Repository/Page_The Story and Evolution of Doodles - G_6e786d/p_The first Doodle was a simple out-of-offi_345e61")): Object: 'Object Repository/Page_The Story and Evolution of Doodles - G_6e786d/p_The first Doodle was a simple out-of-offi_345e61' is clicked on

07-06-2024T14:18:30 - [MESSAGE][PASSED] - Object: 'Object Repository/Page_The Story and Evolution of Doodles - G_6e786d/p_The first Doodle was a simple out-of-offi_345e61' is clicked on

07-06-2024T14:18:30 - [TEST_STEP][PASSED] - verifyElementVisible(findTestObject("Object Repository/Page_The Story and Evolution of Doodles - G_6e786d/h1_The story behind Doodles")): Object 'Object Repository/Page_The Story and Evolution of Doodles - G_6e786d/h1_The story behind Doodles' is visible

07-06-2024T14:18:30 - [MESSAGE][PASSED] - Object 'Object Repository/Page_The Story and Evolution of Doodles - G_6e786d/h1_The story behind Doodles' is visible

07-06-2024T14:18:30 - [TEST_STEP][PASSED] - verifyElementVisible(findTestObject("Object Repository/Page_The Story and Evolution of Doodles - G_6e786d/p_The first Doodle was a simple out-of-offi_345e61")): Object 'Object Repository/Page_The Story and Evolution of Doodles - G_6e786d/p_The first Doodle was a simple out-of-offi_345e61' is visible

07-06-2024T14:18:30 - [MESSAGE][PASSED] - Object 'Object Repository/Page_The Story and Evolution of Doodles - G_6e786d/p_The first Doodle was a simple out-of-offi_345e61' is visible

07-06-2024T14:18:30 - [TEST_STEP][PASSED] - verifyElementVisible(findTestObject("Object Repository/Page_The Story and Evolution of Doodles - G_6e786d/h2_Weve created more than 5,000 Doodles ove_111429")): Object 'Object Repository/Page_The Story and Evolution of Doodles - G_6e786d/h2_Weve created more than 5,000 Doodles ove_111429' is visible

07-06-2024T14:18:30 - [MESSAGE][PASSED] - Object 'Object Repository/Page_The Story and Evolution of Doodles - G_6e786d/h2_Weve created more than 5,000 Doodles ove_111429' is visible

07-06-2024T14:18:30 - [TEST_STEP][PASSED] - click(findTestObject("Object Repository/Page_The Story and Evolution of Doodles - G_6e786d/p_The first Doodle was a simple out-of-offi_345e61")): Object: 'Object Repository/Page_The Story and Evolution of Doodles - G_6e786d/p_The first Doodle was a simple out-of-offi_345e61' is clicked on

07-06-2024T14:18:30 - [MESSAGE][PASSED] - Object: 'Object Repository/Page_The Story and Evolution of Doodles - G_6e786d/p_The first Doodle was a simple out-of-offi_345e61' is clicked on

07-06-2024T14:18:30 - [TEST_STEP][PASSED] - verifyElementVisible(findTestObject("Object Repository/Page_The Story and Evolution of Doodles - G_6e786d/h1_The story behind Doodles")): Object 'Object Repository/Page_The Story and Evolution of Doodles - G_6e786d/h1_The story behind Doodles' is visible

07-06-2024T14:18:30 - [MESSAGE][PASSED] - Object 'Object Repository/Page_The Story and Evolution of Doodles - G_6e786d/h1_The story behind Doodles' is visible

07-06-2024T14:18:30 - [TEST_STEP][PASSED] - verifyElementVisible(findTestObject("Object Repository/Page_The Story and Evolution of Doodles - G_6e786d/p_The first Doodle was a simple out-of-offi_345e61")): Object 'Object Repository/Page_The Story and Evolution of Doodles - G_6e786d/p_The first Doodle was a simple out-of-offi_345e61' is visible

07-06-2024T14:18:30 - [MESSAGE][PASSED] - Object 'Object Repository/Page_The Story and Evolution of Doodles - G_6e786d/p_The first Doodle was a simple out-of-offi_345e61' is visible

07-06-2024T14:18:30 - [TEST_STEP][PASSED] - verifyElementVisible(findTestObject("Object Repository/Page_The Story and Evolution of Doodles - G_6e786d/h2_Weve created more than 5,000 Doodles ove_111429")): Object 'Object Repository/Page_The Story and Evolution of Doodles - G_6e786d/h2_Weve created more than 5,000 Doodles ove_111429' is visible

07-06-2024T14:18:30 - [MESSAGE][PASSED] - Object 'Object Repository/Page_The Story and Evolution of Doodles - G_6e786d/h2_Weve created more than 5,000 Doodles ove_111429' is visible

07-06-2024T14:18:30 - [TEST_STEP][PASSED] - click(findTestObject("Object Repository/Page_The Story and Evolution of Doodles - G_6e786d/p_The first Doodle was a simple out-of-offi_345e61")): Object: 'Object Repository/Page_The Story and Evolution of Doodles - G_6e786d/p_The first Doodle was a simple out-of-offi_345e61' is clicked on

07-06-2024T14:18:30 - [MESSAGE][PASSED] - Object: 'Object Repository/Page_The Story and Evolution of Doodles - G_6e786d/p_The first Doodle was a simple out-of-offi_345e61' is clicked on

07-06-2024T14:18:30 - [TEST_STEP][PASSED] - verifyElementVisible(findTestObject("Object Repository/Page_The Story and Evolution of Doodles - G_6e786d/h1_The story behind Doodles")): Object 'Object Repository/Page_The Story and Evolution of Doodles - G_6e786d/h1_The story behind Doodles' is visible

07-06-2024T14:18:30 - [MESSAGE][PASSED] - Object 'Object Repository/Page_The Story and Evolution of Doodles - G_6e786d/h1_The story behind Doodles' is visible

07-06-2024T14:18:30 - [TEST_STEP][PASSED] - verifyElementVisible(findTestObject("Object Repository/Page_The Story and Evolution of Doodles - G_6e786d/p_The first Doodle was a simple out-of-offi_345e61")): Object 'Object Repository/Page_The Story and Evolution of Doodles - G_6e786d/p_The first Doodle was a simple out-of-offi_345e61' is visible

07-06-2024T14:18:30 - [MESSAGE][PASSED] - Object 'Object Repository/Page_The Story and Evolution of Doodles - G_6e786d/p_The first Doodle was a simple out-of-offi_345e61' is visible

07-06-2024T14:18:30 - [TEST_STEP][PASSED] - verifyElementVisible(findTestObject("Object Repository/Page_The Story and Evolution of Doodles - G_6e786d/h2_Weve created more than 5,000 Doodles ove_111429")): Object 'Object Repository/Page_The Story and Evolution of Doodles - G_6e786d/h2_Weve created more than 5,000 Doodles ove_111429' is visible

07-06-2024T14:18:30 - [MESSAGE][PASSED] - Object 'Object Repository/Page_The Story and Evolution of Doodles - G_6e786d/h2_Weve created more than 5,000 Doodles ove_111429' is visible

07-06-2024T14:18:30 - [TEST_STEP][PASSED] - click(findTestObject("Object Repository/Page_The Story and Evolution of Doodles - G_6e786d/p_The first Doodle was a simple out-of-offi_345e61")): Object: 'Object Repository/Page_The Story and Evolution of Doodles - G_6e786d/p_The first Doodle was a simple out-of-offi_345e61' is clicked on

07-06-2024T14:18:31 - [MESSAGE][PASSED] - Object: 'Object Repository/Page_The Story and Evolution of Doodles - G_6e786d/p_The first Doodle was a simple out-of-offi_345e61' is clicked on

07-06-2024T14:18:31 - [TEST_STEP][PASSED] - verifyElementVisible(findTestObject("Object Repository/Page_The Story and Evolution of Doodles - G_6e786d/h1_The story behind Doodles")): Object 'Object Repository/Page_The Story and Evolution of Doodles - G_6e786d/h1_The story behind Doodles' is visible

07-06-2024T14:18:31 - [MESSAGE][PASSED] - Object 'Object Repository/Page_The Story and Evolution of Doodles - G_6e786d/h1_The story behind Doodles' is visible

07-06-2024T14:18:31 - [TEST_STEP][PASSED] - verifyElementVisible(findTestObject("Object Repository/Page_The Story and Evolution of Doodles - G_6e786d/p_The first Doodle was a simple out-of-offi_345e61")): Object 'Object Repository/Page_The Story and Evolution of Doodles - G_6e786d/p_The first Doodle was a simple out-of-offi_345e61' is visible

07-06-2024T14:18:31 - [MESSAGE][PASSED] - Object 'Object Repository/Page_The Story and Evolution of Doodles - G_6e786d/p_The first Doodle was a simple out-of-offi_345e61' is visible

07-06-2024T14:18:31 - [TEST_STEP][PASSED] - verifyElementVisible(findTestObject("Object Repository/Page_The Story and Evolution of Doodles - G_6e786d/h2_Weve created more than 5,000 Doodles ove_111429")): Object 'Object Repository/Page_The Story and Evolution of Doodles - G_6e786d/h2_Weve created more than 5,000 Doodles ove_111429' is visible

07-06-2024T14:18:31 - [MESSAGE][PASSED] - Object 'Object Repository/Page_The Story and Evolution of Doodles - G_6e786d/h2_Weve created more than 5,000 Doodles ove_111429' is visible

07-06-2024T14:18:31 - [TEST_STEP][PASSED] - click(findTestObject("Object Repository/Page_The Story and Evolution of Doodles - G_6e786d/p_The first Doodle was a simple out-of-offi_345e61")): Object: 'Object Repository/Page_The Story and Evolution of Doodles - G_6e786d/p_The first Doodle was a simple out-of-offi_345e61' is clicked on

07-06-2024T14:18:31 - [MESSAGE][PASSED] - Object: 'Object Repository/Page_The Story and Evolution of Doodles - G_6e786d/p_The first Doodle was a simple out-of-offi_345e61' is clicked on

07-06-2024T14:18:31 - [TEST_STEP][PASSED] - verifyElementVisible(findTestObject("Object Repository/Page_The Story and Evolution of Doodles - G_6e786d/h1_The story behind Doodles")): Object 'Object Repository/Page_The Story and Evolution of Doodles - G_6e786d/h1_The story behind Doodles' is visible

07-06-2024T14:18:31 - [MESSAGE][PASSED] - Object 'Object Repository/Page_The Story and Evolution of Doodles - G_6e786d/h1_The story behind Doodles' is visible

07-06-2024T14:18:31 - [TEST_STEP][PASSED] - verifyElementVisible(findTestObject("Object Repository/Page_The Story and Evolution of Doodles - G_6e786d/p_The first Doodle was a simple out-of-offi_345e61")): Object 'Object Repository/Page_The Story and Evolution of Doodles - G_6e786d/p_The first Doodle was a simple out-of-offi_345e61' is visible

07-06-2024T14:18:31 - [MESSAGE][PASSED] - Object 'Object Repository/Page_The Story and Evolution of Doodles - G_6e786d/p_The first Doodle was a simple out-of-offi_345e61' is visible

07-06-2024T14:18:31 - [TEST_STEP][PASSED] - verifyElementVisible(findTestObject("Object Repository/Page_The Story and Evolution of Doodles - G_6e786d/h2_Weve created more than 5,000 Doodles ove_111429")): Object 'Object Repository/Page_The Story and Evolution of Doodles - G_6e786d/h2_Weve created more than 5,000 Doodles ove_111429' is visible

07-06-2024T14:18:31 - [MESSAGE][PASSED] - Object 'Object Repository/Page_The Story and Evolution of Doodles - G_6e786d/h2_Weve created more than 5,000 Doodles ove_111429' is visible

07-06-2024T14:18:31 - [TEST_STEP][PASSED] - click(findTestObject("Object Repository/Page_The Story and Evolution of Doodles - G_6e786d/p_The first Doodle was a simple out-of-offi_345e61")): Object: 'Object Repository/Page_The Story and Evolution of Doodles - G_6e786d/p_The first Doodle was a simple out-of-offi_345e61' is clicked on

07-06-2024T14:18:31 - [MESSAGE][PASSED] - Object: 'Object Repository/Page_The Story and Evolution of Doodles - G_6e786d/p_The first Doodle was a simple out-of-offi_345e61' is clicked on

07-06-2024T14:18:31 - [TEST_STEP][PASSED] - verifyElementVisible(findTestObject("Object Repository/Page_The Story and Evolution of Doodles - G_6e786d/h1_The story behind Doodles")): Object 'Object Repository/Page_The Story and Evolution of Doodles - G_6e786d/h1_The story behind Doodles' is visible

07-06-2024T14:18:31 - [MESSAGE][PASSED] - Object 'Object Repository/Page_The Story and Evolution of Doodles - G_6e786d/h1_The story behind Doodles' is visible

07-06-2024T14:18:31 - [TEST_STEP][PASSED] - verifyElementVisible(findTestObject("Object Repository/Page_The Story and Evolution of Doodles - G_6e786d/p_The first Doodle was a simple out-of-offi_345e61")): Object 'Object Repository/Page_The Story and Evolution of Doodles - G_6e786d/p_The first Doodle was a simple out-of-offi_345e61' is visible

07-06-2024T14:18:31 - [MESSAGE][PASSED] - Object 'Object Repository/Page_The Story and Evolution of Doodles - G_6e786d/p_The first Doodle was a simple out-of-offi_345e61' is visible

07-06-2024T14:18:31 - [TEST_STEP][PASSED] - verifyElementVisible(findTestObject("Object Repository/Page_The Story and Evolution of Doodles - G_6e786d/h2_Weve created more than 5,000 Doodles ove_111429")): Object 'Object Repository/Page_The Story and Evolution of Doodles - G_6e786d/h2_Weve created more than 5,000 Doodles ove_111429' is visible

07-06-2024T14:18:31 - [MESSAGE][PASSED] - Object 'Object Repository/Page_The Story and Evolution of Doodles - G_6e786d/h2_Weve created more than 5,000 Doodles ove_111429' is visible

07-06-2024T14:18:31 - [TEST_STEP][PASSED] - click(findTestObject("Object Repository/Page_The Story and Evolution of Doodles - G_6e786d/p_The first Doodle was a simple out-of-offi_345e61")): Object: 'Object Repository/Page_The Story and Evolution of Doodles - G_6e786d/p_The first Doodle was a simple out-of-offi_345e61' is clicked on

07-06-2024T14:18:32 - [MESSAGE][PASSED] - Object: 'Object Repository/Page_The Story and Evolution of Doodles - G_6e786d/p_The first Doodle was a simple out-of-offi_345e61' is clicked on

07-06-2024T14:18:32 - [TEST_STEP][PASSED] - verifyElementVisible(findTestObject("Object Repository/Page_The Story and Evolution of Doodles - G_6e786d/h1_The story behind Doodles")): Object 'Object Repository/Page_The Story and Evolution of Doodles - G_6e786d/h1_The story behind Doodles' is visible

07-06-2024T14:18:32 - [MESSAGE][PASSED] - Object 'Object Repository/Page_The Story and Evolution of Doodles - G_6e786d/h1_The story behind Doodles' is visible

07-06-2024T14:18:32 - [TEST_STEP][PASSED] - verifyElementVisible(findTestObject("Object Repository/Page_The Story and Evolution of Doodles - G_6e786d/p_The first Doodle was a simple out-of-offi_345e61")): Object 'Object Repository/Page_The Story and Evolution of Doodles - G_6e786d/p_The first Doodle was a simple out-of-offi_345e61' is visible

07-06-2024T14:18:32 - [MESSAGE][PASSED] - Object 'Object Repository/Page_The Story and Evolution of Doodles - G_6e786d/p_The first Doodle was a simple out-of-offi_345e61' is visible

07-06-2024T14:18:32 - [TEST_STEP][PASSED] - verifyElementVisible(findTestObject("Object Repository/Page_The Story and Evolution of Doodles - G_6e786d/h2_Weve created more than 5,000 Doodles ove_111429")): Object 'Object Repository/Page_The Story and Evolution of Doodles - G_6e786d/h2_Weve created more than 5,000 Doodles ove_111429' is visible

07-06-2024T14:18:32 - [MESSAGE][PASSED] - Object 'Object Repository/Page_The Story and Evolution of Doodles - G_6e786d/h2_Weve created more than 5,000 Doodles ove_111429' is visible]]></system-out>
         <system-err><![CDATA[]]></system-err>
      </testcase>
      <testcase name="Test Cases/test case folder 1/tc1 - Copy - Copy (5)" time="8.505" classname="Test Cases/test case folder 1/tc1 - Copy - Copy (5)" status="PASSED">
         <system-out><![CDATA[07-06-2024T14:18:32 - [TEST_CASE][PASSED] - Test Cases/test case folder 1/tc1 - Copy - Copy (5): Test Cases/test case folder 1/tc1 - Copy - Copy (5)

07-06-2024T14:18:32 - [TEST_STEP][PASSED] - openBrowser(""): Browser is opened with url: ''

07-06-2024T14:18:32 - [MESSAGE][WARNING] - A browser is already opened. Closing browser and opening a new one

07-06-2024T14:18:33 - [MESSAGE][INFO] - Starting 'Firefox (headless)' driver

07-06-2024T14:18:33 - [MESSAGE][INFO] - Action delay is set to 0 milliseconds

07-06-2024T14:18:35 - [MESSAGE][PASSED] - Browser is opened with url: ''

07-06-2024T14:18:35 - [TEST_STEP][PASSED] - navigateToUrl("https://doodles.google/about/"): Navigate to 'https://doodles.google/about/' successfully

07-06-2024T14:18:37 - [MESSAGE][PASSED] - Navigate to 'https://doodles.google/about/' successfully

07-06-2024T14:18:37 - [TEST_STEP][PASSED] - click(findTestObject("Object Repository/Page_The Story and Evolution of Doodles - G_6e786d/p_The first Doodle was a simple out-of-offi_345e61")): Object: 'Object Repository/Page_The Story and Evolution of Doodles - G_6e786d/p_The first Doodle was a simple out-of-offi_345e61' is clicked on

07-06-2024T14:18:37 - [MESSAGE][PASSED] - Object: 'Object Repository/Page_The Story and Evolution of Doodles - G_6e786d/p_The first Doodle was a simple out-of-offi_345e61' is clicked on

07-06-2024T14:18:37 - [TEST_STEP][PASSED] - click(findTestObject("Object Repository/Page_The Story and Evolution of Doodles - G_6e786d/p_The first Doodle was a simple out-of-offi_345e61")): Object: 'Object Repository/Page_The Story and Evolution of Doodles - G_6e786d/p_The first Doodle was a simple out-of-offi_345e61' is clicked on

07-06-2024T14:18:37 - [MESSAGE][PASSED] - Object: 'Object Repository/Page_The Story and Evolution of Doodles - G_6e786d/p_The first Doodle was a simple out-of-offi_345e61' is clicked on

07-06-2024T14:18:37 - [TEST_STEP][PASSED] - verifyElementVisible(findTestObject("Object Repository/Page_The Story and Evolution of Doodles - G_6e786d/h1_The story behind Doodles")): Object 'Object Repository/Page_The Story and Evolution of Doodles - G_6e786d/h1_The story behind Doodles' is visible

07-06-2024T14:18:37 - [MESSAGE][PASSED] - Object 'Object Repository/Page_The Story and Evolution of Doodles - G_6e786d/h1_The story behind Doodles' is visible

07-06-2024T14:18:37 - [TEST_STEP][PASSED] - verifyElementVisible(findTestObject("Object Repository/Page_The Story and Evolution of Doodles - G_6e786d/p_The first Doodle was a simple out-of-offi_345e61")): Object 'Object Repository/Page_The Story and Evolution of Doodles - G_6e786d/p_The first Doodle was a simple out-of-offi_345e61' is visible

07-06-2024T14:18:37 - [MESSAGE][PASSED] - Object 'Object Repository/Page_The Story and Evolution of Doodles - G_6e786d/p_The first Doodle was a simple out-of-offi_345e61' is visible

07-06-2024T14:18:37 - [TEST_STEP][PASSED] - verifyElementVisible(findTestObject("Object Repository/Page_The Story and Evolution of Doodles - G_6e786d/h2_Weve created more than 5,000 Doodles ove_111429")): Object 'Object Repository/Page_The Story and Evolution of Doodles - G_6e786d/h2_Weve created more than 5,000 Doodles ove_111429' is visible

07-06-2024T14:18:37 - [MESSAGE][PASSED] - Object 'Object Repository/Page_The Story and Evolution of Doodles - G_6e786d/h2_Weve created more than 5,000 Doodles ove_111429' is visible

07-06-2024T14:18:37 - [TEST_STEP][PASSED] - verifyElementVisible(findTestObject("Object Repository/Page_The Story and Evolution of Doodles - G_6e786d/h1_The story behind Doodles")): Object 'Object Repository/Page_The Story and Evolution of Doodles - G_6e786d/h1_The story behind Doodles' is visible

07-06-2024T14:18:37 - [MESSAGE][PASSED] - Object 'Object Repository/Page_The Story and Evolution of Doodles - G_6e786d/h1_The story behind Doodles' is visible

07-06-2024T14:18:37 - [TEST_STEP][PASSED] - verifyElementVisible(findTestObject("Object Repository/Page_The Story and Evolution of Doodles - G_6e786d/p_The first Doodle was a simple out-of-offi_345e61")): Object 'Object Repository/Page_The Story and Evolution of Doodles - G_6e786d/p_The first Doodle was a simple out-of-offi_345e61' is visible

07-06-2024T14:18:37 - [MESSAGE][PASSED] - Object 'Object Repository/Page_The Story and Evolution of Doodles - G_6e786d/p_The first Doodle was a simple out-of-offi_345e61' is visible

07-06-2024T14:18:37 - [TEST_STEP][PASSED] - verifyElementVisible(findTestObject("Object Repository/Page_The Story and Evolution of Doodles - G_6e786d/h2_Weve created more than 5,000 Doodles ove_111429")): Object 'Object Repository/Page_The Story and Evolution of Doodles - G_6e786d/h2_Weve created more than 5,000 Doodles ove_111429' is visible

07-06-2024T14:18:37 - [MESSAGE][PASSED] - Object 'Object Repository/Page_The Story and Evolution of Doodles - G_6e786d/h2_Weve created more than 5,000 Doodles ove_111429' is visible

07-06-2024T14:18:37 - [TEST_STEP][PASSED] - click(findTestObject("Object Repository/Page_The Story and Evolution of Doodles - G_6e786d/p_The first Doodle was a simple out-of-offi_345e61")): Object: 'Object Repository/Page_The Story and Evolution of Doodles - G_6e786d/p_The first Doodle was a simple out-of-offi_345e61' is clicked on

07-06-2024T14:18:38 - [MESSAGE][PASSED] - Object: 'Object Repository/Page_The Story and Evolution of Doodles - G_6e786d/p_The first Doodle was a simple out-of-offi_345e61' is clicked on

07-06-2024T14:18:38 - [TEST_STEP][PASSED] - verifyElementVisible(findTestObject("Object Repository/Page_The Story and Evolution of Doodles - G_6e786d/h1_The story behind Doodles")): Object 'Object Repository/Page_The Story and Evolution of Doodles - G_6e786d/h1_The story behind Doodles' is visible

07-06-2024T14:18:38 - [MESSAGE][PASSED] - Object 'Object Repository/Page_The Story and Evolution of Doodles - G_6e786d/h1_The story behind Doodles' is visible

07-06-2024T14:18:38 - [TEST_STEP][PASSED] - verifyElementVisible(findTestObject("Object Repository/Page_The Story and Evolution of Doodles - G_6e786d/p_The first Doodle was a simple out-of-offi_345e61")): Object 'Object Repository/Page_The Story and Evolution of Doodles - G_6e786d/p_The first Doodle was a simple out-of-offi_345e61' is visible

07-06-2024T14:18:38 - [MESSAGE][PASSED] - Object 'Object Repository/Page_The Story and Evolution of Doodles - G_6e786d/p_The first Doodle was a simple out-of-offi_345e61' is visible

07-06-2024T14:18:38 - [TEST_STEP][PASSED] - verifyElementVisible(findTestObject("Object Repository/Page_The Story and Evolution of Doodles - G_6e786d/h2_Weve created more than 5,000 Doodles ove_111429")): Object 'Object Repository/Page_The Story and Evolution of Doodles - G_6e786d/h2_Weve created more than 5,000 Doodles ove_111429' is visible

07-06-2024T14:18:38 - [MESSAGE][PASSED] - Object 'Object Repository/Page_The Story and Evolution of Doodles - G_6e786d/h2_Weve created more than 5,000 Doodles ove_111429' is visible

07-06-2024T14:18:38 - [TEST_STEP][PASSED] - click(findTestObject("Object Repository/Page_The Story and Evolution of Doodles - G_6e786d/p_The first Doodle was a simple out-of-offi_345e61")): Object: 'Object Repository/Page_The Story and Evolution of Doodles - G_6e786d/p_The first Doodle was a simple out-of-offi_345e61' is clicked on

07-06-2024T14:18:38 - [MESSAGE][PASSED] - Object: 'Object Repository/Page_The Story and Evolution of Doodles - G_6e786d/p_The first Doodle was a simple out-of-offi_345e61' is clicked on

07-06-2024T14:18:38 - [TEST_STEP][PASSED] - verifyElementVisible(findTestObject("Object Repository/Page_The Story and Evolution of Doodles - G_6e786d/h1_The story behind Doodles")): Object 'Object Repository/Page_The Story and Evolution of Doodles - G_6e786d/h1_The story behind Doodles' is visible

07-06-2024T14:18:38 - [MESSAGE][PASSED] - Object 'Object Repository/Page_The Story and Evolution of Doodles - G_6e786d/h1_The story behind Doodles' is visible

07-06-2024T14:18:38 - [TEST_STEP][PASSED] - verifyElementVisible(findTestObject("Object Repository/Page_The Story and Evolution of Doodles - G_6e786d/p_The first Doodle was a simple out-of-offi_345e61")): Object 'Object Repository/Page_The Story and Evolution of Doodles - G_6e786d/p_The first Doodle was a simple out-of-offi_345e61' is visible

07-06-2024T14:18:38 - [MESSAGE][PASSED] - Object 'Object Repository/Page_The Story and Evolution of Doodles - G_6e786d/p_The first Doodle was a simple out-of-offi_345e61' is visible

07-06-2024T14:18:38 - [TEST_STEP][PASSED] - verifyElementVisible(findTestObject("Object Repository/Page_The Story and Evolution of Doodles - G_6e786d/h2_Weve created more than 5,000 Doodles ove_111429")): Object 'Object Repository/Page_The Story and Evolution of Doodles - G_6e786d/h2_Weve created more than 5,000 Doodles ove_111429' is visible

07-06-2024T14:18:38 - [MESSAGE][PASSED] - Object 'Object Repository/Page_The Story and Evolution of Doodles - G_6e786d/h2_Weve created more than 5,000 Doodles ove_111429' is visible

07-06-2024T14:18:38 - [TEST_STEP][PASSED] - click(findTestObject("Object Repository/Page_The Story and Evolution of Doodles - G_6e786d/p_The first Doodle was a simple out-of-offi_345e61")): Object: 'Object Repository/Page_The Story and Evolution of Doodles - G_6e786d/p_The first Doodle was a simple out-of-offi_345e61' is clicked on

07-06-2024T14:18:38 - [MESSAGE][PASSED] - Object: 'Object Repository/Page_The Story and Evolution of Doodles - G_6e786d/p_The first Doodle was a simple out-of-offi_345e61' is clicked on

07-06-2024T14:18:38 - [TEST_STEP][PASSED] - verifyElementVisible(findTestObject("Object Repository/Page_The Story and Evolution of Doodles - G_6e786d/h1_The story behind Doodles")): Object 'Object Repository/Page_The Story and Evolution of Doodles - G_6e786d/h1_The story behind Doodles' is visible

07-06-2024T14:18:38 - [MESSAGE][PASSED] - Object 'Object Repository/Page_The Story and Evolution of Doodles - G_6e786d/h1_The story behind Doodles' is visible

07-06-2024T14:18:38 - [TEST_STEP][PASSED] - verifyElementVisible(findTestObject("Object Repository/Page_The Story and Evolution of Doodles - G_6e786d/p_The first Doodle was a simple out-of-offi_345e61")): Object 'Object Repository/Page_The Story and Evolution of Doodles - G_6e786d/p_The first Doodle was a simple out-of-offi_345e61' is visible

07-06-2024T14:18:38 - [MESSAGE][PASSED] - Object 'Object Repository/Page_The Story and Evolution of Doodles - G_6e786d/p_The first Doodle was a simple out-of-offi_345e61' is visible

07-06-2024T14:18:38 - [TEST_STEP][PASSED] - verifyElementVisible(findTestObject("Object Repository/Page_The Story and Evolution of Doodles - G_6e786d/h2_Weve created more than 5,000 Doodles ove_111429")): Object 'Object Repository/Page_The Story and Evolution of Doodles - G_6e786d/h2_Weve created more than 5,000 Doodles ove_111429' is visible

07-06-2024T14:18:38 - [MESSAGE][PASSED] - Object 'Object Repository/Page_The Story and Evolution of Doodles - G_6e786d/h2_Weve created more than 5,000 Doodles ove_111429' is visible

07-06-2024T14:18:38 - [TEST_STEP][PASSED] - click(findTestObject("Object Repository/Page_The Story and Evolution of Doodles - G_6e786d/p_The first Doodle was a simple out-of-offi_345e61")): Object: 'Object Repository/Page_The Story and Evolution of Doodles - G_6e786d/p_The first Doodle was a simple out-of-offi_345e61' is clicked on

07-06-2024T14:18:39 - [MESSAGE][PASSED] - Object: 'Object Repository/Page_The Story and Evolution of Doodles - G_6e786d/p_The first Doodle was a simple out-of-offi_345e61' is clicked on

07-06-2024T14:18:39 - [TEST_STEP][PASSED] - verifyElementVisible(findTestObject("Object Repository/Page_The Story and Evolution of Doodles - G_6e786d/h1_The story behind Doodles")): Object 'Object Repository/Page_The Story and Evolution of Doodles - G_6e786d/h1_The story behind Doodles' is visible

07-06-2024T14:18:39 - [MESSAGE][PASSED] - Object 'Object Repository/Page_The Story and Evolution of Doodles - G_6e786d/h1_The story behind Doodles' is visible

07-06-2024T14:18:39 - [TEST_STEP][PASSED] - verifyElementVisible(findTestObject("Object Repository/Page_The Story and Evolution of Doodles - G_6e786d/p_The first Doodle was a simple out-of-offi_345e61")): Object 'Object Repository/Page_The Story and Evolution of Doodles - G_6e786d/p_The first Doodle was a simple out-of-offi_345e61' is visible

07-06-2024T14:18:39 - [MESSAGE][PASSED] - Object 'Object Repository/Page_The Story and Evolution of Doodles - G_6e786d/p_The first Doodle was a simple out-of-offi_345e61' is visible

07-06-2024T14:18:39 - [TEST_STEP][PASSED] - verifyElementVisible(findTestObject("Object Repository/Page_The Story and Evolution of Doodles - G_6e786d/h2_Weve created more than 5,000 Doodles ove_111429")): Object 'Object Repository/Page_The Story and Evolution of Doodles - G_6e786d/h2_Weve created more than 5,000 Doodles ove_111429' is visible

07-06-2024T14:18:39 - [MESSAGE][PASSED] - Object 'Object Repository/Page_The Story and Evolution of Doodles - G_6e786d/h2_Weve created more than 5,000 Doodles ove_111429' is visible

07-06-2024T14:18:39 - [TEST_STEP][PASSED] - click(findTestObject("Object Repository/Page_The Story and Evolution of Doodles - G_6e786d/p_The first Doodle was a simple out-of-offi_345e61")): Object: 'Object Repository/Page_The Story and Evolution of Doodles - G_6e786d/p_The first Doodle was a simple out-of-offi_345e61' is clicked on

07-06-2024T14:18:39 - [MESSAGE][PASSED] - Object: 'Object Repository/Page_The Story and Evolution of Doodles - G_6e786d/p_The first Doodle was a simple out-of-offi_345e61' is clicked on

07-06-2024T14:18:39 - [TEST_STEP][PASSED] - verifyElementVisible(findTestObject("Object Repository/Page_The Story and Evolution of Doodles - G_6e786d/h1_The story behind Doodles")): Object 'Object Repository/Page_The Story and Evolution of Doodles - G_6e786d/h1_The story behind Doodles' is visible

07-06-2024T14:18:39 - [MESSAGE][PASSED] - Object 'Object Repository/Page_The Story and Evolution of Doodles - G_6e786d/h1_The story behind Doodles' is visible

07-06-2024T14:18:39 - [TEST_STEP][PASSED] - verifyElementVisible(findTestObject("Object Repository/Page_The Story and Evolution of Doodles - G_6e786d/p_The first Doodle was a simple out-of-offi_345e61")): Object 'Object Repository/Page_The Story and Evolution of Doodles - G_6e786d/p_The first Doodle was a simple out-of-offi_345e61' is visible

07-06-2024T14:18:39 - [MESSAGE][PASSED] - Object 'Object Repository/Page_The Story and Evolution of Doodles - G_6e786d/p_The first Doodle was a simple out-of-offi_345e61' is visible

07-06-2024T14:18:39 - [TEST_STEP][PASSED] - verifyElementVisible(findTestObject("Object Repository/Page_The Story and Evolution of Doodles - G_6e786d/h2_Weve created more than 5,000 Doodles ove_111429")): Object 'Object Repository/Page_The Story and Evolution of Doodles - G_6e786d/h2_Weve created more than 5,000 Doodles ove_111429' is visible

07-06-2024T14:18:39 - [MESSAGE][PASSED] - Object 'Object Repository/Page_The Story and Evolution of Doodles - G_6e786d/h2_Weve created more than 5,000 Doodles ove_111429' is visible

07-06-2024T14:18:39 - [TEST_STEP][PASSED] - click(findTestObject("Object Repository/Page_The Story and Evolution of Doodles - G_6e786d/p_The first Doodle was a simple out-of-offi_345e61")): Object: 'Object Repository/Page_The Story and Evolution of Doodles - G_6e786d/p_The first Doodle was a simple out-of-offi_345e61' is clicked on

07-06-2024T14:18:39 - [MESSAGE][PASSED] - Object: 'Object Repository/Page_The Story and Evolution of Doodles - G_6e786d/p_The first Doodle was a simple out-of-offi_345e61' is clicked on

07-06-2024T14:18:39 - [TEST_STEP][PASSED] - verifyElementVisible(findTestObject("Object Repository/Page_The Story and Evolution of Doodles - G_6e786d/h1_The story behind Doodles")): Object 'Object Repository/Page_The Story and Evolution of Doodles - G_6e786d/h1_The story behind Doodles' is visible

07-06-2024T14:18:39 - [MESSAGE][PASSED] - Object 'Object Repository/Page_The Story and Evolution of Doodles - G_6e786d/h1_The story behind Doodles' is visible

07-06-2024T14:18:39 - [TEST_STEP][PASSED] - verifyElementVisible(findTestObject("Object Repository/Page_The Story and Evolution of Doodles - G_6e786d/p_The first Doodle was a simple out-of-offi_345e61")): Object 'Object Repository/Page_The Story and Evolution of Doodles - G_6e786d/p_The first Doodle was a simple out-of-offi_345e61' is visible

07-06-2024T14:18:39 - [MESSAGE][PASSED] - Object 'Object Repository/Page_The Story and Evolution of Doodles - G_6e786d/p_The first Doodle was a simple out-of-offi_345e61' is visible

07-06-2024T14:18:39 - [TEST_STEP][PASSED] - verifyElementVisible(findTestObject("Object Repository/Page_The Story and Evolution of Doodles - G_6e786d/h2_Weve created more than 5,000 Doodles ove_111429")): Object 'Object Repository/Page_The Story and Evolution of Doodles - G_6e786d/h2_Weve created more than 5,000 Doodles ove_111429' is visible

07-06-2024T14:18:39 - [MESSAGE][PASSED] - Object 'Object Repository/Page_The Story and Evolution of Doodles - G_6e786d/h2_Weve created more than 5,000 Doodles ove_111429' is visible

07-06-2024T14:18:39 - [TEST_STEP][PASSED] - click(findTestObject("Object Repository/Page_The Story and Evolution of Doodles - G_6e786d/p_The first Doodle was a simple out-of-offi_345e61")): Object: 'Object Repository/Page_The Story and Evolution of Doodles - G_6e786d/p_The first Doodle was a simple out-of-offi_345e61' is clicked on

07-06-2024T14:18:40 - [MESSAGE][PASSED] - Object: 'Object Repository/Page_The Story and Evolution of Doodles - G_6e786d/p_The first Doodle was a simple out-of-offi_345e61' is clicked on

07-06-2024T14:18:40 - [TEST_STEP][PASSED] - verifyElementVisible(findTestObject("Object Repository/Page_The Story and Evolution of Doodles - G_6e786d/h1_The story behind Doodles")): Object 'Object Repository/Page_The Story and Evolution of Doodles - G_6e786d/h1_The story behind Doodles' is visible

07-06-2024T14:18:40 - [MESSAGE][PASSED] - Object 'Object Repository/Page_The Story and Evolution of Doodles - G_6e786d/h1_The story behind Doodles' is visible

07-06-2024T14:18:40 - [TEST_STEP][PASSED] - verifyElementVisible(findTestObject("Object Repository/Page_The Story and Evolution of Doodles - G_6e786d/p_The first Doodle was a simple out-of-offi_345e61")): Object 'Object Repository/Page_The Story and Evolution of Doodles - G_6e786d/p_The first Doodle was a simple out-of-offi_345e61' is visible

07-06-2024T14:18:40 - [MESSAGE][PASSED] - Object 'Object Repository/Page_The Story and Evolution of Doodles - G_6e786d/p_The first Doodle was a simple out-of-offi_345e61' is visible

07-06-2024T14:18:40 - [TEST_STEP][PASSED] - verifyElementVisible(findTestObject("Object Repository/Page_The Story and Evolution of Doodles - G_6e786d/h2_Weve created more than 5,000 Doodles ove_111429")): Object 'Object Repository/Page_The Story and Evolution of Doodles - G_6e786d/h2_Weve created more than 5,000 Doodles ove_111429' is visible

07-06-2024T14:18:40 - [MESSAGE][PASSED] - Object 'Object Repository/Page_The Story and Evolution of Doodles - G_6e786d/h2_Weve created more than 5,000 Doodles ove_111429' is visible

07-06-2024T14:18:40 - [TEST_STEP][PASSED] - click(findTestObject("Object Repository/Page_The Story and Evolution of Doodles - G_6e786d/p_The first Doodle was a simple out-of-offi_345e61")): Object: 'Object Repository/Page_The Story and Evolution of Doodles - G_6e786d/p_The first Doodle was a simple out-of-offi_345e61' is clicked on

07-06-2024T14:18:40 - [MESSAGE][PASSED] - Object: 'Object Repository/Page_The Story and Evolution of Doodles - G_6e786d/p_The first Doodle was a simple out-of-offi_345e61' is clicked on

07-06-2024T14:18:40 - [TEST_STEP][PASSED] - verifyElementVisible(findTestObject("Object Repository/Page_The Story and Evolution of Doodles - G_6e786d/h1_The story behind Doodles")): Object 'Object Repository/Page_The Story and Evolution of Doodles - G_6e786d/h1_The story behind Doodles' is visible

07-06-2024T14:18:40 - [MESSAGE][PASSED] - Object 'Object Repository/Page_The Story and Evolution of Doodles - G_6e786d/h1_The story behind Doodles' is visible

07-06-2024T14:18:40 - [TEST_STEP][PASSED] - verifyElementVisible(findTestObject("Object Repository/Page_The Story and Evolution of Doodles - G_6e786d/p_The first Doodle was a simple out-of-offi_345e61")): Object 'Object Repository/Page_The Story and Evolution of Doodles - G_6e786d/p_The first Doodle was a simple out-of-offi_345e61' is visible

07-06-2024T14:18:40 - [MESSAGE][PASSED] - Object 'Object Repository/Page_The Story and Evolution of Doodles - G_6e786d/p_The first Doodle was a simple out-of-offi_345e61' is visible

07-06-2024T14:18:40 - [TEST_STEP][PASSED] - verifyElementVisible(findTestObject("Object Repository/Page_The Story and Evolution of Doodles - G_6e786d/h2_Weve created more than 5,000 Doodles ove_111429")): Object 'Object Repository/Page_The Story and Evolution of Doodles - G_6e786d/h2_Weve created more than 5,000 Doodles ove_111429' is visible

07-06-2024T14:18:40 - [MESSAGE][PASSED] - Object 'Object Repository/Page_The Story and Evolution of Doodles - G_6e786d/h2_Weve created more than 5,000 Doodles ove_111429' is visible

07-06-2024T14:18:40 - [TEST_STEP][PASSED] - click(findTestObject("Object Repository/Page_The Story and Evolution of Doodles - G_6e786d/p_The first Doodle was a simple out-of-offi_345e61")): Object: 'Object Repository/Page_The Story and Evolution of Doodles - G_6e786d/p_The first Doodle was a simple out-of-offi_345e61' is clicked on

07-06-2024T14:18:40 - [MESSAGE][PASSED] - Object: 'Object Repository/Page_The Story and Evolution of Doodles - G_6e786d/p_The first Doodle was a simple out-of-offi_345e61' is clicked on

07-06-2024T14:18:40 - [TEST_STEP][PASSED] - verifyElementVisible(findTestObject("Object Repository/Page_The Story and Evolution of Doodles - G_6e786d/h1_The story behind Doodles")): Object 'Object Repository/Page_The Story and Evolution of Doodles - G_6e786d/h1_The story behind Doodles' is visible

07-06-2024T14:18:40 - [MESSAGE][PASSED] - Object 'Object Repository/Page_The Story and Evolution of Doodles - G_6e786d/h1_The story behind Doodles' is visible

07-06-2024T14:18:40 - [TEST_STEP][PASSED] - verifyElementVisible(findTestObject("Object Repository/Page_The Story and Evolution of Doodles - G_6e786d/p_The first Doodle was a simple out-of-offi_345e61")): Object 'Object Repository/Page_The Story and Evolution of Doodles - G_6e786d/p_The first Doodle was a simple out-of-offi_345e61' is visible

07-06-2024T14:18:40 - [MESSAGE][PASSED] - Object 'Object Repository/Page_The Story and Evolution of Doodles - G_6e786d/p_The first Doodle was a simple out-of-offi_345e61' is visible

07-06-2024T14:18:40 - [TEST_STEP][PASSED] - verifyElementVisible(findTestObject("Object Repository/Page_The Story and Evolution of Doodles - G_6e786d/h2_Weve created more than 5,000 Doodles ove_111429")): Object 'Object Repository/Page_The Story and Evolution of Doodles - G_6e786d/h2_Weve created more than 5,000 Doodles ove_111429' is visible

07-06-2024T14:18:40 - [MESSAGE][PASSED] - Object 'Object Repository/Page_The Story and Evolution of Doodles - G_6e786d/h2_Weve created more than 5,000 Doodles ove_111429' is visible]]></system-out>
         <system-err><![CDATA[]]></system-err>
      </testcase>
      <testcase name="Test Cases/test case folder 1/tc1 - Copy - Copy (6)" time="8.218" classname="Test Cases/test case folder 1/tc1 - Copy - Copy (6)" status="PASSED">
         <system-out><![CDATA[07-06-2024T14:23:48 - [TEST_CASE][PASSED] - Test Cases/test case folder 1/tc1 - Copy - Copy (6): Test Cases/test case folder 1/tc1 - Copy - Copy (6)

07-06-2024T14:23:48 - [TEST_STEP][PASSED] - openBrowser(""): Browser is opened with url: ''

07-06-2024T14:23:48 - [MESSAGE][WARNING] - A browser is already opened. Closing browser and opening a new one

07-06-2024T14:23:48 - [MESSAGE][INFO] - Starting 'Firefox (headless)' driver

07-06-2024T14:23:48 - [MESSAGE][INFO] - Action delay is set to 0 milliseconds

07-06-2024T14:23:50 - [MESSAGE][PASSED] - Browser is opened with url: ''

07-06-2024T14:23:50 - [TEST_STEP][PASSED] - navigateToUrl("https://doodles.google/about/"): Navigate to 'https://doodles.google/about/' successfully

07-06-2024T14:23:52 - [MESSAGE][PASSED] - Navigate to 'https://doodles.google/about/' successfully

07-06-2024T14:23:52 - [TEST_STEP][PASSED] - click(findTestObject("Object Repository/Page_The Story and Evolution of Doodles - G_6e786d/p_The first Doodle was a simple out-of-offi_345e61")): Object: 'Object Repository/Page_The Story and Evolution of Doodles - G_6e786d/p_The first Doodle was a simple out-of-offi_345e61' is clicked on

07-06-2024T14:23:52 - [MESSAGE][PASSED] - Object: 'Object Repository/Page_The Story and Evolution of Doodles - G_6e786d/p_The first Doodle was a simple out-of-offi_345e61' is clicked on

07-06-2024T14:23:52 - [TEST_STEP][PASSED] - click(findTestObject("Object Repository/Page_The Story and Evolution of Doodles - G_6e786d/p_The first Doodle was a simple out-of-offi_345e61")): Object: 'Object Repository/Page_The Story and Evolution of Doodles - G_6e786d/p_The first Doodle was a simple out-of-offi_345e61' is clicked on

07-06-2024T14:23:53 - [MESSAGE][PASSED] - Object: 'Object Repository/Page_The Story and Evolution of Doodles - G_6e786d/p_The first Doodle was a simple out-of-offi_345e61' is clicked on

07-06-2024T14:23:53 - [TEST_STEP][PASSED] - verifyElementVisible(findTestObject("Object Repository/Page_The Story and Evolution of Doodles - G_6e786d/h1_The story behind Doodles")): Object 'Object Repository/Page_The Story and Evolution of Doodles - G_6e786d/h1_The story behind Doodles' is visible

07-06-2024T14:23:53 - [MESSAGE][PASSED] - Object 'Object Repository/Page_The Story and Evolution of Doodles - G_6e786d/h1_The story behind Doodles' is visible

07-06-2024T14:23:53 - [TEST_STEP][PASSED] - verifyElementVisible(findTestObject("Object Repository/Page_The Story and Evolution of Doodles - G_6e786d/p_The first Doodle was a simple out-of-offi_345e61")): Object 'Object Repository/Page_The Story and Evolution of Doodles - G_6e786d/p_The first Doodle was a simple out-of-offi_345e61' is visible

07-06-2024T14:23:53 - [MESSAGE][PASSED] - Object 'Object Repository/Page_The Story and Evolution of Doodles - G_6e786d/p_The first Doodle was a simple out-of-offi_345e61' is visible

07-06-2024T14:23:53 - [TEST_STEP][PASSED] - verifyElementVisible(findTestObject("Object Repository/Page_The Story and Evolution of Doodles - G_6e786d/h2_Weve created more than 5,000 Doodles ove_111429")): Object 'Object Repository/Page_The Story and Evolution of Doodles - G_6e786d/h2_Weve created more than 5,000 Doodles ove_111429' is visible

07-06-2024T14:23:53 - [MESSAGE][PASSED] - Object 'Object Repository/Page_The Story and Evolution of Doodles - G_6e786d/h2_Weve created more than 5,000 Doodles ove_111429' is visible

07-06-2024T14:23:53 - [TEST_STEP][PASSED] - verifyElementVisible(findTestObject("Object Repository/Page_The Story and Evolution of Doodles - G_6e786d/h1_The story behind Doodles")): Object 'Object Repository/Page_The Story and Evolution of Doodles - G_6e786d/h1_The story behind Doodles' is visible

07-06-2024T14:23:53 - [MESSAGE][PASSED] - Object 'Object Repository/Page_The Story and Evolution of Doodles - G_6e786d/h1_The story behind Doodles' is visible

07-06-2024T14:23:53 - [TEST_STEP][PASSED] - verifyElementVisible(findTestObject("Object Repository/Page_The Story and Evolution of Doodles - G_6e786d/p_The first Doodle was a simple out-of-offi_345e61")): Object 'Object Repository/Page_The Story and Evolution of Doodles - G_6e786d/p_The first Doodle was a simple out-of-offi_345e61' is visible

07-06-2024T14:23:53 - [MESSAGE][PASSED] - Object 'Object Repository/Page_The Story and Evolution of Doodles - G_6e786d/p_The first Doodle was a simple out-of-offi_345e61' is visible

07-06-2024T14:23:53 - [TEST_STEP][PASSED] - verifyElementVisible(findTestObject("Object Repository/Page_The Story and Evolution of Doodles - G_6e786d/h2_Weve created more than 5,000 Doodles ove_111429")): Object 'Object Repository/Page_The Story and Evolution of Doodles - G_6e786d/h2_Weve created more than 5,000 Doodles ove_111429' is visible

07-06-2024T14:23:53 - [MESSAGE][PASSED] - Object 'Object Repository/Page_The Story and Evolution of Doodles - G_6e786d/h2_Weve created more than 5,000 Doodles ove_111429' is visible

07-06-2024T14:23:53 - [TEST_STEP][PASSED] - click(findTestObject("Object Repository/Page_The Story and Evolution of Doodles - G_6e786d/p_The first Doodle was a simple out-of-offi_345e61")): Object: 'Object Repository/Page_The Story and Evolution of Doodles - G_6e786d/p_The first Doodle was a simple out-of-offi_345e61' is clicked on

07-06-2024T14:23:53 - [MESSAGE][PASSED] - Object: 'Object Repository/Page_The Story and Evolution of Doodles - G_6e786d/p_The first Doodle was a simple out-of-offi_345e61' is clicked on

07-06-2024T14:23:53 - [TEST_STEP][PASSED] - verifyElementVisible(findTestObject("Object Repository/Page_The Story and Evolution of Doodles - G_6e786d/h1_The story behind Doodles")): Object 'Object Repository/Page_The Story and Evolution of Doodles - G_6e786d/h1_The story behind Doodles' is visible

07-06-2024T14:23:53 - [MESSAGE][PASSED] - Object 'Object Repository/Page_The Story and Evolution of Doodles - G_6e786d/h1_The story behind Doodles' is visible

07-06-2024T14:23:53 - [TEST_STEP][PASSED] - verifyElementVisible(findTestObject("Object Repository/Page_The Story and Evolution of Doodles - G_6e786d/p_The first Doodle was a simple out-of-offi_345e61")): Object 'Object Repository/Page_The Story and Evolution of Doodles - G_6e786d/p_The first Doodle was a simple out-of-offi_345e61' is visible

07-06-2024T14:23:53 - [MESSAGE][PASSED] - Object 'Object Repository/Page_The Story and Evolution of Doodles - G_6e786d/p_The first Doodle was a simple out-of-offi_345e61' is visible

07-06-2024T14:23:53 - [TEST_STEP][PASSED] - verifyElementVisible(findTestObject("Object Repository/Page_The Story and Evolution of Doodles - G_6e786d/h2_Weve created more than 5,000 Doodles ove_111429")): Object 'Object Repository/Page_The Story and Evolution of Doodles - G_6e786d/h2_Weve created more than 5,000 Doodles ove_111429' is visible

07-06-2024T14:23:53 - [MESSAGE][PASSED] - Object 'Object Repository/Page_The Story and Evolution of Doodles - G_6e786d/h2_Weve created more than 5,000 Doodles ove_111429' is visible

07-06-2024T14:23:53 - [TEST_STEP][PASSED] - click(findTestObject("Object Repository/Page_The Story and Evolution of Doodles - G_6e786d/p_The first Doodle was a simple out-of-offi_345e61")): Object: 'Object Repository/Page_The Story and Evolution of Doodles - G_6e786d/p_The first Doodle was a simple out-of-offi_345e61' is clicked on

07-06-2024T14:23:54 - [MESSAGE][PASSED] - Object: 'Object Repository/Page_The Story and Evolution of Doodles - G_6e786d/p_The first Doodle was a simple out-of-offi_345e61' is clicked on

07-06-2024T14:23:54 - [TEST_STEP][PASSED] - verifyElementVisible(findTestObject("Object Repository/Page_The Story and Evolution of Doodles - G_6e786d/h1_The story behind Doodles")): Object 'Object Repository/Page_The Story and Evolution of Doodles - G_6e786d/h1_The story behind Doodles' is visible

07-06-2024T14:23:54 - [MESSAGE][PASSED] - Object 'Object Repository/Page_The Story and Evolution of Doodles - G_6e786d/h1_The story behind Doodles' is visible

07-06-2024T14:23:54 - [TEST_STEP][PASSED] - verifyElementVisible(findTestObject("Object Repository/Page_The Story and Evolution of Doodles - G_6e786d/p_The first Doodle was a simple out-of-offi_345e61")): Object 'Object Repository/Page_The Story and Evolution of Doodles - G_6e786d/p_The first Doodle was a simple out-of-offi_345e61' is visible

07-06-2024T14:23:54 - [MESSAGE][PASSED] - Object 'Object Repository/Page_The Story and Evolution of Doodles - G_6e786d/p_The first Doodle was a simple out-of-offi_345e61' is visible

07-06-2024T14:23:54 - [TEST_STEP][PASSED] - verifyElementVisible(findTestObject("Object Repository/Page_The Story and Evolution of Doodles - G_6e786d/h2_Weve created more than 5,000 Doodles ove_111429")): Object 'Object Repository/Page_The Story and Evolution of Doodles - G_6e786d/h2_Weve created more than 5,000 Doodles ove_111429' is visible

07-06-2024T14:23:54 - [MESSAGE][PASSED] - Object 'Object Repository/Page_The Story and Evolution of Doodles - G_6e786d/h2_Weve created more than 5,000 Doodles ove_111429' is visible

07-06-2024T14:23:54 - [TEST_STEP][PASSED] - click(findTestObject("Object Repository/Page_The Story and Evolution of Doodles - G_6e786d/p_The first Doodle was a simple out-of-offi_345e61")): Object: 'Object Repository/Page_The Story and Evolution of Doodles - G_6e786d/p_The first Doodle was a simple out-of-offi_345e61' is clicked on

07-06-2024T14:23:54 - [MESSAGE][PASSED] - Object: 'Object Repository/Page_The Story and Evolution of Doodles - G_6e786d/p_The first Doodle was a simple out-of-offi_345e61' is clicked on

07-06-2024T14:23:54 - [TEST_STEP][PASSED] - verifyElementVisible(findTestObject("Object Repository/Page_The Story and Evolution of Doodles - G_6e786d/h1_The story behind Doodles")): Object 'Object Repository/Page_The Story and Evolution of Doodles - G_6e786d/h1_The story behind Doodles' is visible

07-06-2024T14:23:54 - [MESSAGE][PASSED] - Object 'Object Repository/Page_The Story and Evolution of Doodles - G_6e786d/h1_The story behind Doodles' is visible

07-06-2024T14:23:54 - [TEST_STEP][PASSED] - verifyElementVisible(findTestObject("Object Repository/Page_The Story and Evolution of Doodles - G_6e786d/p_The first Doodle was a simple out-of-offi_345e61")): Object 'Object Repository/Page_The Story and Evolution of Doodles - G_6e786d/p_The first Doodle was a simple out-of-offi_345e61' is visible

07-06-2024T14:23:54 - [MESSAGE][PASSED] - Object 'Object Repository/Page_The Story and Evolution of Doodles - G_6e786d/p_The first Doodle was a simple out-of-offi_345e61' is visible

07-06-2024T14:23:54 - [TEST_STEP][PASSED] - verifyElementVisible(findTestObject("Object Repository/Page_The Story and Evolution of Doodles - G_6e786d/h2_Weve created more than 5,000 Doodles ove_111429")): Object 'Object Repository/Page_The Story and Evolution of Doodles - G_6e786d/h2_Weve created more than 5,000 Doodles ove_111429' is visible

07-06-2024T14:23:54 - [MESSAGE][PASSED] - Object 'Object Repository/Page_The Story and Evolution of Doodles - G_6e786d/h2_Weve created more than 5,000 Doodles ove_111429' is visible

07-06-2024T14:23:54 - [TEST_STEP][PASSED] - click(findTestObject("Object Repository/Page_The Story and Evolution of Doodles - G_6e786d/p_The first Doodle was a simple out-of-offi_345e61")): Object: 'Object Repository/Page_The Story and Evolution of Doodles - G_6e786d/p_The first Doodle was a simple out-of-offi_345e61' is clicked on

07-06-2024T14:23:54 - [MESSAGE][PASSED] - Object: 'Object Repository/Page_The Story and Evolution of Doodles - G_6e786d/p_The first Doodle was a simple out-of-offi_345e61' is clicked on

07-06-2024T14:23:54 - [TEST_STEP][PASSED] - verifyElementVisible(findTestObject("Object Repository/Page_The Story and Evolution of Doodles - G_6e786d/h1_The story behind Doodles")): Object 'Object Repository/Page_The Story and Evolution of Doodles - G_6e786d/h1_The story behind Doodles' is visible

07-06-2024T14:23:54 - [MESSAGE][PASSED] - Object 'Object Repository/Page_The Story and Evolution of Doodles - G_6e786d/h1_The story behind Doodles' is visible

07-06-2024T14:23:54 - [TEST_STEP][PASSED] - verifyElementVisible(findTestObject("Object Repository/Page_The Story and Evolution of Doodles - G_6e786d/p_The first Doodle was a simple out-of-offi_345e61")): Object 'Object Repository/Page_The Story and Evolution of Doodles - G_6e786d/p_The first Doodle was a simple out-of-offi_345e61' is visible

07-06-2024T14:23:54 - [MESSAGE][PASSED] - Object 'Object Repository/Page_The Story and Evolution of Doodles - G_6e786d/p_The first Doodle was a simple out-of-offi_345e61' is visible

07-06-2024T14:23:54 - [TEST_STEP][PASSED] - verifyElementVisible(findTestObject("Object Repository/Page_The Story and Evolution of Doodles - G_6e786d/h2_Weve created more than 5,000 Doodles ove_111429")): Object 'Object Repository/Page_The Story and Evolution of Doodles - G_6e786d/h2_Weve created more than 5,000 Doodles ove_111429' is visible

07-06-2024T14:23:54 - [MESSAGE][PASSED] - Object 'Object Repository/Page_The Story and Evolution of Doodles - G_6e786d/h2_Weve created more than 5,000 Doodles ove_111429' is visible

07-06-2024T14:23:54 - [TEST_STEP][PASSED] - click(findTestObject("Object Repository/Page_The Story and Evolution of Doodles - G_6e786d/p_The first Doodle was a simple out-of-offi_345e61")): Object: 'Object Repository/Page_The Story and Evolution of Doodles - G_6e786d/p_The first Doodle was a simple out-of-offi_345e61' is clicked on

07-06-2024T14:23:55 - [MESSAGE][PASSED] - Object: 'Object Repository/Page_The Story and Evolution of Doodles - G_6e786d/p_The first Doodle was a simple out-of-offi_345e61' is clicked on

07-06-2024T14:23:55 - [TEST_STEP][PASSED] - verifyElementVisible(findTestObject("Object Repository/Page_The Story and Evolution of Doodles - G_6e786d/h1_The story behind Doodles")): Object 'Object Repository/Page_The Story and Evolution of Doodles - G_6e786d/h1_The story behind Doodles' is visible

07-06-2024T14:23:55 - [MESSAGE][PASSED] - Object 'Object Repository/Page_The Story and Evolution of Doodles - G_6e786d/h1_The story behind Doodles' is visible

07-06-2024T14:23:55 - [TEST_STEP][PASSED] - verifyElementVisible(findTestObject("Object Repository/Page_The Story and Evolution of Doodles - G_6e786d/p_The first Doodle was a simple out-of-offi_345e61")): Object 'Object Repository/Page_The Story and Evolution of Doodles - G_6e786d/p_The first Doodle was a simple out-of-offi_345e61' is visible

07-06-2024T14:23:55 - [MESSAGE][PASSED] - Object 'Object Repository/Page_The Story and Evolution of Doodles - G_6e786d/p_The first Doodle was a simple out-of-offi_345e61' is visible

07-06-2024T14:23:55 - [TEST_STEP][PASSED] - verifyElementVisible(findTestObject("Object Repository/Page_The Story and Evolution of Doodles - G_6e786d/h2_Weve created more than 5,000 Doodles ove_111429")): Object 'Object Repository/Page_The Story and Evolution of Doodles - G_6e786d/h2_Weve created more than 5,000 Doodles ove_111429' is visible

07-06-2024T14:23:55 - [MESSAGE][PASSED] - Object 'Object Repository/Page_The Story and Evolution of Doodles - G_6e786d/h2_Weve created more than 5,000 Doodles ove_111429' is visible

07-06-2024T14:23:55 - [TEST_STEP][PASSED] - click(findTestObject("Object Repository/Page_The Story and Evolution of Doodles - G_6e786d/p_The first Doodle was a simple out-of-offi_345e61")): Object: 'Object Repository/Page_The Story and Evolution of Doodles - G_6e786d/p_The first Doodle was a simple out-of-offi_345e61' is clicked on

07-06-2024T14:23:55 - [MESSAGE][PASSED] - Object: 'Object Repository/Page_The Story and Evolution of Doodles - G_6e786d/p_The first Doodle was a simple out-of-offi_345e61' is clicked on

07-06-2024T14:23:55 - [TEST_STEP][PASSED] - verifyElementVisible(findTestObject("Object Repository/Page_The Story and Evolution of Doodles - G_6e786d/h1_The story behind Doodles")): Object 'Object Repository/Page_The Story and Evolution of Doodles - G_6e786d/h1_The story behind Doodles' is visible

07-06-2024T14:23:55 - [MESSAGE][PASSED] - Object 'Object Repository/Page_The Story and Evolution of Doodles - G_6e786d/h1_The story behind Doodles' is visible

07-06-2024T14:23:55 - [TEST_STEP][PASSED] - verifyElementVisible(findTestObject("Object Repository/Page_The Story and Evolution of Doodles - G_6e786d/p_The first Doodle was a simple out-of-offi_345e61")): Object 'Object Repository/Page_The Story and Evolution of Doodles - G_6e786d/p_The first Doodle was a simple out-of-offi_345e61' is visible

07-06-2024T14:23:55 - [MESSAGE][PASSED] - Object 'Object Repository/Page_The Story and Evolution of Doodles - G_6e786d/p_The first Doodle was a simple out-of-offi_345e61' is visible

07-06-2024T14:23:55 - [TEST_STEP][PASSED] - verifyElementVisible(findTestObject("Object Repository/Page_The Story and Evolution of Doodles - G_6e786d/h2_Weve created more than 5,000 Doodles ove_111429")): Object 'Object Repository/Page_The Story and Evolution of Doodles - G_6e786d/h2_Weve created more than 5,000 Doodles ove_111429' is visible

07-06-2024T14:23:55 - [MESSAGE][PASSED] - Object 'Object Repository/Page_The Story and Evolution of Doodles - G_6e786d/h2_Weve created more than 5,000 Doodles ove_111429' is visible

07-06-2024T14:23:55 - [TEST_STEP][PASSED] - click(findTestObject("Object Repository/Page_The Story and Evolution of Doodles - G_6e786d/p_The first Doodle was a simple out-of-offi_345e61")): Object: 'Object Repository/Page_The Story and Evolution of Doodles - G_6e786d/p_The first Doodle was a simple out-of-offi_345e61' is clicked on

07-06-2024T14:23:55 - [MESSAGE][PASSED] - Object: 'Object Repository/Page_The Story and Evolution of Doodles - G_6e786d/p_The first Doodle was a simple out-of-offi_345e61' is clicked on

07-06-2024T14:23:55 - [TEST_STEP][PASSED] - verifyElementVisible(findTestObject("Object Repository/Page_The Story and Evolution of Doodles - G_6e786d/h1_The story behind Doodles")): Object 'Object Repository/Page_The Story and Evolution of Doodles - G_6e786d/h1_The story behind Doodles' is visible

07-06-2024T14:23:55 - [MESSAGE][PASSED] - Object 'Object Repository/Page_The Story and Evolution of Doodles - G_6e786d/h1_The story behind Doodles' is visible

07-06-2024T14:23:55 - [TEST_STEP][PASSED] - verifyElementVisible(findTestObject("Object Repository/Page_The Story and Evolution of Doodles - G_6e786d/p_The first Doodle was a simple out-of-offi_345e61")): Object 'Object Repository/Page_The Story and Evolution of Doodles - G_6e786d/p_The first Doodle was a simple out-of-offi_345e61' is visible

07-06-2024T14:23:55 - [MESSAGE][PASSED] - Object 'Object Repository/Page_The Story and Evolution of Doodles - G_6e786d/p_The first Doodle was a simple out-of-offi_345e61' is visible

07-06-2024T14:23:55 - [TEST_STEP][PASSED] - verifyElementVisible(findTestObject("Object Repository/Page_The Story and Evolution of Doodles - G_6e786d/h2_Weve created more than 5,000 Doodles ove_111429")): Object 'Object Repository/Page_The Story and Evolution of Doodles - G_6e786d/h2_Weve created more than 5,000 Doodles ove_111429' is visible

07-06-2024T14:23:55 - [MESSAGE][PASSED] - Object 'Object Repository/Page_The Story and Evolution of Doodles - G_6e786d/h2_Weve created more than 5,000 Doodles ove_111429' is visible

07-06-2024T14:23:55 - [TEST_STEP][PASSED] - click(findTestObject("Object Repository/Page_The Story and Evolution of Doodles - G_6e786d/p_The first Doodle was a simple out-of-offi_345e61")): Object: 'Object Repository/Page_The Story and Evolution of Doodles - G_6e786d/p_The first Doodle was a simple out-of-offi_345e61' is clicked on

07-06-2024T14:23:55 - [MESSAGE][PASSED] - Object: 'Object Repository/Page_The Story and Evolution of Doodles - G_6e786d/p_The first Doodle was a simple out-of-offi_345e61' is clicked on

07-06-2024T14:23:55 - [TEST_STEP][PASSED] - verifyElementVisible(findTestObject("Object Repository/Page_The Story and Evolution of Doodles - G_6e786d/h1_The story behind Doodles")): Object 'Object Repository/Page_The Story and Evolution of Doodles - G_6e786d/h1_The story behind Doodles' is visible

07-06-2024T14:23:55 - [MESSAGE][PASSED] - Object 'Object Repository/Page_The Story and Evolution of Doodles - G_6e786d/h1_The story behind Doodles' is visible

07-06-2024T14:23:55 - [TEST_STEP][PASSED] - verifyElementVisible(findTestObject("Object Repository/Page_The Story and Evolution of Doodles - G_6e786d/p_The first Doodle was a simple out-of-offi_345e61")): Object 'Object Repository/Page_The Story and Evolution of Doodles - G_6e786d/p_The first Doodle was a simple out-of-offi_345e61' is visible

07-06-2024T14:23:55 - [MESSAGE][PASSED] - Object 'Object Repository/Page_The Story and Evolution of Doodles - G_6e786d/p_The first Doodle was a simple out-of-offi_345e61' is visible

07-06-2024T14:23:55 - [TEST_STEP][PASSED] - verifyElementVisible(findTestObject("Object Repository/Page_The Story and Evolution of Doodles - G_6e786d/h2_Weve created more than 5,000 Doodles ove_111429")): Object 'Object Repository/Page_The Story and Evolution of Doodles - G_6e786d/h2_Weve created more than 5,000 Doodles ove_111429' is visible

07-06-2024T14:23:56 - [MESSAGE][PASSED] - Object 'Object Repository/Page_The Story and Evolution of Doodles - G_6e786d/h2_Weve created more than 5,000 Doodles ove_111429' is visible

07-06-2024T14:23:56 - [TEST_STEP][PASSED] - click(findTestObject("Object Repository/Page_The Story and Evolution of Doodles - G_6e786d/p_The first Doodle was a simple out-of-offi_345e61")): Object: 'Object Repository/Page_The Story and Evolution of Doodles - G_6e786d/p_The first Doodle was a simple out-of-offi_345e61' is clicked on

07-06-2024T14:23:56 - [MESSAGE][PASSED] - Object: 'Object Repository/Page_The Story and Evolution of Doodles - G_6e786d/p_The first Doodle was a simple out-of-offi_345e61' is clicked on

07-06-2024T14:23:56 - [TEST_STEP][PASSED] - verifyElementVisible(findTestObject("Object Repository/Page_The Story and Evolution of Doodles - G_6e786d/h1_The story behind Doodles")): Object 'Object Repository/Page_The Story and Evolution of Doodles - G_6e786d/h1_The story behind Doodles' is visible

07-06-2024T14:23:56 - [MESSAGE][PASSED] - Object 'Object Repository/Page_The Story and Evolution of Doodles - G_6e786d/h1_The story behind Doodles' is visible

07-06-2024T14:23:56 - [TEST_STEP][PASSED] - verifyElementVisible(findTestObject("Object Repository/Page_The Story and Evolution of Doodles - G_6e786d/p_The first Doodle was a simple out-of-offi_345e61")): Object 'Object Repository/Page_The Story and Evolution of Doodles - G_6e786d/p_The first Doodle was a simple out-of-offi_345e61' is visible

07-06-2024T14:23:56 - [MESSAGE][PASSED] - Object 'Object Repository/Page_The Story and Evolution of Doodles - G_6e786d/p_The first Doodle was a simple out-of-offi_345e61' is visible

07-06-2024T14:23:56 - [TEST_STEP][PASSED] - verifyElementVisible(findTestObject("Object Repository/Page_The Story and Evolution of Doodles - G_6e786d/h2_Weve created more than 5,000 Doodles ove_111429")): Object 'Object Repository/Page_The Story and Evolution of Doodles - G_6e786d/h2_Weve created more than 5,000 Doodles ove_111429' is visible

07-06-2024T14:23:56 - [MESSAGE][PASSED] - Object 'Object Repository/Page_The Story and Evolution of Doodles - G_6e786d/h2_Weve created more than 5,000 Doodles ove_111429' is visible]]></system-out>
         <system-err><![CDATA[]]></system-err>
      </testcase>
      <testcase name="Test Cases/test case folder 1/tc1 - Copy - Copy" time="8.597" classname="Test Cases/test case folder 1/tc1 - Copy - Copy" status="PASSED">
         <system-out><![CDATA[07-06-2024T14:23:56 - [TEST_CASE][PASSED] - Test Cases/test case folder 1/tc1 - Copy - Copy: Test Cases/test case folder 1/tc1 - Copy - Copy

07-06-2024T14:23:56 - [TEST_STEP][PASSED] - openBrowser(""): Browser is opened with url: ''

07-06-2024T14:23:56 - [MESSAGE][WARNING] - A browser is already opened. Closing browser and opening a new one

07-06-2024T14:23:57 - [MESSAGE][INFO] - Starting 'Firefox (headless)' driver

07-06-2024T14:23:57 - [MESSAGE][INFO] - Action delay is set to 0 milliseconds

07-06-2024T14:23:59 - [MESSAGE][PASSED] - Browser is opened with url: ''

07-06-2024T14:23:59 - [TEST_STEP][PASSED] - navigateToUrl("https://doodles.google/about/"): Navigate to 'https://doodles.google/about/' successfully

07-06-2024T14:24:01 - [MESSAGE][PASSED] - Navigate to 'https://doodles.google/about/' successfully

07-06-2024T14:24:01 - [TEST_STEP][PASSED] - click(findTestObject("Object Repository/Page_The Story and Evolution of Doodles - G_6e786d/p_The first Doodle was a simple out-of-offi_345e61")): Object: 'Object Repository/Page_The Story and Evolution of Doodles - G_6e786d/p_The first Doodle was a simple out-of-offi_345e61' is clicked on

07-06-2024T14:24:01 - [MESSAGE][PASSED] - Object: 'Object Repository/Page_The Story and Evolution of Doodles - G_6e786d/p_The first Doodle was a simple out-of-offi_345e61' is clicked on

07-06-2024T14:24:01 - [TEST_STEP][PASSED] - click(findTestObject("Object Repository/Page_The Story and Evolution of Doodles - G_6e786d/p_The first Doodle was a simple out-of-offi_345e61")): Object: 'Object Repository/Page_The Story and Evolution of Doodles - G_6e786d/p_The first Doodle was a simple out-of-offi_345e61' is clicked on

07-06-2024T14:24:01 - [MESSAGE][PASSED] - Object: 'Object Repository/Page_The Story and Evolution of Doodles - G_6e786d/p_The first Doodle was a simple out-of-offi_345e61' is clicked on

07-06-2024T14:24:01 - [TEST_STEP][PASSED] - verifyElementVisible(findTestObject("Object Repository/Page_The Story and Evolution of Doodles - G_6e786d/h1_The story behind Doodles")): Object 'Object Repository/Page_The Story and Evolution of Doodles - G_6e786d/h1_The story behind Doodles' is visible

07-06-2024T14:24:01 - [MESSAGE][PASSED] - Object 'Object Repository/Page_The Story and Evolution of Doodles - G_6e786d/h1_The story behind Doodles' is visible

07-06-2024T14:24:01 - [TEST_STEP][PASSED] - verifyElementVisible(findTestObject("Object Repository/Page_The Story and Evolution of Doodles - G_6e786d/p_The first Doodle was a simple out-of-offi_345e61")): Object 'Object Repository/Page_The Story and Evolution of Doodles - G_6e786d/p_The first Doodle was a simple out-of-offi_345e61' is visible

07-06-2024T14:24:01 - [MESSAGE][PASSED] - Object 'Object Repository/Page_The Story and Evolution of Doodles - G_6e786d/p_The first Doodle was a simple out-of-offi_345e61' is visible

07-06-2024T14:24:01 - [TEST_STEP][PASSED] - verifyElementVisible(findTestObject("Object Repository/Page_The Story and Evolution of Doodles - G_6e786d/h2_Weve created more than 5,000 Doodles ove_111429")): Object 'Object Repository/Page_The Story and Evolution of Doodles - G_6e786d/h2_Weve created more than 5,000 Doodles ove_111429' is visible

07-06-2024T14:24:01 - [MESSAGE][PASSED] - Object 'Object Repository/Page_The Story and Evolution of Doodles - G_6e786d/h2_Weve created more than 5,000 Doodles ove_111429' is visible

07-06-2024T14:24:01 - [TEST_STEP][PASSED] - verifyElementVisible(findTestObject("Object Repository/Page_The Story and Evolution of Doodles - G_6e786d/h1_The story behind Doodles")): Object 'Object Repository/Page_The Story and Evolution of Doodles - G_6e786d/h1_The story behind Doodles' is visible

07-06-2024T14:24:01 - [MESSAGE][PASSED] - Object 'Object Repository/Page_The Story and Evolution of Doodles - G_6e786d/h1_The story behind Doodles' is visible

07-06-2024T14:24:01 - [TEST_STEP][PASSED] - verifyElementVisible(findTestObject("Object Repository/Page_The Story and Evolution of Doodles - G_6e786d/p_The first Doodle was a simple out-of-offi_345e61")): Object 'Object Repository/Page_The Story and Evolution of Doodles - G_6e786d/p_The first Doodle was a simple out-of-offi_345e61' is visible

07-06-2024T14:24:01 - [MESSAGE][PASSED] - Object 'Object Repository/Page_The Story and Evolution of Doodles - G_6e786d/p_The first Doodle was a simple out-of-offi_345e61' is visible

07-06-2024T14:24:01 - [TEST_STEP][PASSED] - verifyElementVisible(findTestObject("Object Repository/Page_The Story and Evolution of Doodles - G_6e786d/h2_Weve created more than 5,000 Doodles ove_111429")): Object 'Object Repository/Page_The Story and Evolution of Doodles - G_6e786d/h2_Weve created more than 5,000 Doodles ove_111429' is visible

07-06-2024T14:24:01 - [MESSAGE][PASSED] - Object 'Object Repository/Page_The Story and Evolution of Doodles - G_6e786d/h2_Weve created more than 5,000 Doodles ove_111429' is visible

07-06-2024T14:24:01 - [TEST_STEP][PASSED] - click(findTestObject("Object Repository/Page_The Story and Evolution of Doodles - G_6e786d/p_The first Doodle was a simple out-of-offi_345e61")): Object: 'Object Repository/Page_The Story and Evolution of Doodles - G_6e786d/p_The first Doodle was a simple out-of-offi_345e61' is clicked on

07-06-2024T14:24:02 - [MESSAGE][PASSED] - Object: 'Object Repository/Page_The Story and Evolution of Doodles - G_6e786d/p_The first Doodle was a simple out-of-offi_345e61' is clicked on

07-06-2024T14:24:02 - [TEST_STEP][PASSED] - verifyElementVisible(findTestObject("Object Repository/Page_The Story and Evolution of Doodles - G_6e786d/h1_The story behind Doodles")): Object 'Object Repository/Page_The Story and Evolution of Doodles - G_6e786d/h1_The story behind Doodles' is visible

07-06-2024T14:24:02 - [MESSAGE][PASSED] - Object 'Object Repository/Page_The Story and Evolution of Doodles - G_6e786d/h1_The story behind Doodles' is visible

07-06-2024T14:24:02 - [TEST_STEP][PASSED] - verifyElementVisible(findTestObject("Object Repository/Page_The Story and Evolution of Doodles - G_6e786d/p_The first Doodle was a simple out-of-offi_345e61")): Object 'Object Repository/Page_The Story and Evolution of Doodles - G_6e786d/p_The first Doodle was a simple out-of-offi_345e61' is visible

07-06-2024T14:24:02 - [MESSAGE][PASSED] - Object 'Object Repository/Page_The Story and Evolution of Doodles - G_6e786d/p_The first Doodle was a simple out-of-offi_345e61' is visible

07-06-2024T14:24:02 - [TEST_STEP][PASSED] - verifyElementVisible(findTestObject("Object Repository/Page_The Story and Evolution of Doodles - G_6e786d/h2_Weve created more than 5,000 Doodles ove_111429")): Object 'Object Repository/Page_The Story and Evolution of Doodles - G_6e786d/h2_Weve created more than 5,000 Doodles ove_111429' is visible

07-06-2024T14:24:02 - [MESSAGE][PASSED] - Object 'Object Repository/Page_The Story and Evolution of Doodles - G_6e786d/h2_Weve created more than 5,000 Doodles ove_111429' is visible

07-06-2024T14:24:02 - [TEST_STEP][PASSED] - click(findTestObject("Object Repository/Page_The Story and Evolution of Doodles - G_6e786d/p_The first Doodle was a simple out-of-offi_345e61")): Object: 'Object Repository/Page_The Story and Evolution of Doodles - G_6e786d/p_The first Doodle was a simple out-of-offi_345e61' is clicked on

07-06-2024T14:24:02 - [MESSAGE][PASSED] - Object: 'Object Repository/Page_The Story and Evolution of Doodles - G_6e786d/p_The first Doodle was a simple out-of-offi_345e61' is clicked on

07-06-2024T14:24:02 - [TEST_STEP][PASSED] - verifyElementVisible(findTestObject("Object Repository/Page_The Story and Evolution of Doodles - G_6e786d/h1_The story behind Doodles")): Object 'Object Repository/Page_The Story and Evolution of Doodles - G_6e786d/h1_The story behind Doodles' is visible

07-06-2024T14:24:02 - [MESSAGE][PASSED] - Object 'Object Repository/Page_The Story and Evolution of Doodles - G_6e786d/h1_The story behind Doodles' is visible

07-06-2024T14:24:02 - [TEST_STEP][PASSED] - verifyElementVisible(findTestObject("Object Repository/Page_The Story and Evolution of Doodles - G_6e786d/p_The first Doodle was a simple out-of-offi_345e61")): Object 'Object Repository/Page_The Story and Evolution of Doodles - G_6e786d/p_The first Doodle was a simple out-of-offi_345e61' is visible

07-06-2024T14:24:02 - [MESSAGE][PASSED] - Object 'Object Repository/Page_The Story and Evolution of Doodles - G_6e786d/p_The first Doodle was a simple out-of-offi_345e61' is visible

07-06-2024T14:24:02 - [TEST_STEP][PASSED] - verifyElementVisible(findTestObject("Object Repository/Page_The Story and Evolution of Doodles - G_6e786d/h2_Weve created more than 5,000 Doodles ove_111429")): Object 'Object Repository/Page_The Story and Evolution of Doodles - G_6e786d/h2_Weve created more than 5,000 Doodles ove_111429' is visible

07-06-2024T14:24:02 - [MESSAGE][PASSED] - Object 'Object Repository/Page_The Story and Evolution of Doodles - G_6e786d/h2_Weve created more than 5,000 Doodles ove_111429' is visible

07-06-2024T14:24:02 - [TEST_STEP][PASSED] - click(findTestObject("Object Repository/Page_The Story and Evolution of Doodles - G_6e786d/p_The first Doodle was a simple out-of-offi_345e61")): Object: 'Object Repository/Page_The Story and Evolution of Doodles - G_6e786d/p_The first Doodle was a simple out-of-offi_345e61' is clicked on

07-06-2024T14:24:02 - [MESSAGE][PASSED] - Object: 'Object Repository/Page_The Story and Evolution of Doodles - G_6e786d/p_The first Doodle was a simple out-of-offi_345e61' is clicked on

07-06-2024T14:24:02 - [TEST_STEP][PASSED] - verifyElementVisible(findTestObject("Object Repository/Page_The Story and Evolution of Doodles - G_6e786d/h1_The story behind Doodles")): Object 'Object Repository/Page_The Story and Evolution of Doodles - G_6e786d/h1_The story behind Doodles' is visible

07-06-2024T14:24:02 - [MESSAGE][PASSED] - Object 'Object Repository/Page_The Story and Evolution of Doodles - G_6e786d/h1_The story behind Doodles' is visible

07-06-2024T14:24:02 - [TEST_STEP][PASSED] - verifyElementVisible(findTestObject("Object Repository/Page_The Story and Evolution of Doodles - G_6e786d/p_The first Doodle was a simple out-of-offi_345e61")): Object 'Object Repository/Page_The Story and Evolution of Doodles - G_6e786d/p_The first Doodle was a simple out-of-offi_345e61' is visible

07-06-2024T14:24:02 - [MESSAGE][PASSED] - Object 'Object Repository/Page_The Story and Evolution of Doodles - G_6e786d/p_The first Doodle was a simple out-of-offi_345e61' is visible

07-06-2024T14:24:02 - [TEST_STEP][PASSED] - verifyElementVisible(findTestObject("Object Repository/Page_The Story and Evolution of Doodles - G_6e786d/h2_Weve created more than 5,000 Doodles ove_111429")): Object 'Object Repository/Page_The Story and Evolution of Doodles - G_6e786d/h2_Weve created more than 5,000 Doodles ove_111429' is visible

07-06-2024T14:24:02 - [MESSAGE][PASSED] - Object 'Object Repository/Page_The Story and Evolution of Doodles - G_6e786d/h2_Weve created more than 5,000 Doodles ove_111429' is visible

07-06-2024T14:24:02 - [TEST_STEP][PASSED] - click(findTestObject("Object Repository/Page_The Story and Evolution of Doodles - G_6e786d/p_The first Doodle was a simple out-of-offi_345e61")): Object: 'Object Repository/Page_The Story and Evolution of Doodles - G_6e786d/p_The first Doodle was a simple out-of-offi_345e61' is clicked on

07-06-2024T14:24:03 - [MESSAGE][PASSED] - Object: 'Object Repository/Page_The Story and Evolution of Doodles - G_6e786d/p_The first Doodle was a simple out-of-offi_345e61' is clicked on

07-06-2024T14:24:03 - [TEST_STEP][PASSED] - verifyElementVisible(findTestObject("Object Repository/Page_The Story and Evolution of Doodles - G_6e786d/h1_The story behind Doodles")): Object 'Object Repository/Page_The Story and Evolution of Doodles - G_6e786d/h1_The story behind Doodles' is visible

07-06-2024T14:24:03 - [MESSAGE][PASSED] - Object 'Object Repository/Page_The Story and Evolution of Doodles - G_6e786d/h1_The story behind Doodles' is visible

07-06-2024T14:24:03 - [TEST_STEP][PASSED] - verifyElementVisible(findTestObject("Object Repository/Page_The Story and Evolution of Doodles - G_6e786d/p_The first Doodle was a simple out-of-offi_345e61")): Object 'Object Repository/Page_The Story and Evolution of Doodles - G_6e786d/p_The first Doodle was a simple out-of-offi_345e61' is visible

07-06-2024T14:24:03 - [MESSAGE][PASSED] - Object 'Object Repository/Page_The Story and Evolution of Doodles - G_6e786d/p_The first Doodle was a simple out-of-offi_345e61' is visible

07-06-2024T14:24:03 - [TEST_STEP][PASSED] - verifyElementVisible(findTestObject("Object Repository/Page_The Story and Evolution of Doodles - G_6e786d/h2_Weve created more than 5,000 Doodles ove_111429")): Object 'Object Repository/Page_The Story and Evolution of Doodles - G_6e786d/h2_Weve created more than 5,000 Doodles ove_111429' is visible

07-06-2024T14:24:03 - [MESSAGE][PASSED] - Object 'Object Repository/Page_The Story and Evolution of Doodles - G_6e786d/h2_Weve created more than 5,000 Doodles ove_111429' is visible

07-06-2024T14:24:03 - [TEST_STEP][PASSED] - click(findTestObject("Object Repository/Page_The Story and Evolution of Doodles - G_6e786d/p_The first Doodle was a simple out-of-offi_345e61")): Object: 'Object Repository/Page_The Story and Evolution of Doodles - G_6e786d/p_The first Doodle was a simple out-of-offi_345e61' is clicked on

07-06-2024T14:24:03 - [MESSAGE][PASSED] - Object: 'Object Repository/Page_The Story and Evolution of Doodles - G_6e786d/p_The first Doodle was a simple out-of-offi_345e61' is clicked on

07-06-2024T14:24:03 - [TEST_STEP][PASSED] - verifyElementVisible(findTestObject("Object Repository/Page_The Story and Evolution of Doodles - G_6e786d/h1_The story behind Doodles")): Object 'Object Repository/Page_The Story and Evolution of Doodles - G_6e786d/h1_The story behind Doodles' is visible

07-06-2024T14:24:03 - [MESSAGE][PASSED] - Object 'Object Repository/Page_The Story and Evolution of Doodles - G_6e786d/h1_The story behind Doodles' is visible

07-06-2024T14:24:03 - [TEST_STEP][PASSED] - verifyElementVisible(findTestObject("Object Repository/Page_The Story and Evolution of Doodles - G_6e786d/p_The first Doodle was a simple out-of-offi_345e61")): Object 'Object Repository/Page_The Story and Evolution of Doodles - G_6e786d/p_The first Doodle was a simple out-of-offi_345e61' is visible

07-06-2024T14:24:03 - [MESSAGE][PASSED] - Object 'Object Repository/Page_The Story and Evolution of Doodles - G_6e786d/p_The first Doodle was a simple out-of-offi_345e61' is visible

07-06-2024T14:24:03 - [TEST_STEP][PASSED] - verifyElementVisible(findTestObject("Object Repository/Page_The Story and Evolution of Doodles - G_6e786d/h2_Weve created more than 5,000 Doodles ove_111429")): Object 'Object Repository/Page_The Story and Evolution of Doodles - G_6e786d/h2_Weve created more than 5,000 Doodles ove_111429' is visible

07-06-2024T14:24:03 - [MESSAGE][PASSED] - Object 'Object Repository/Page_The Story and Evolution of Doodles - G_6e786d/h2_Weve created more than 5,000 Doodles ove_111429' is visible

07-06-2024T14:24:03 - [TEST_STEP][PASSED] - click(findTestObject("Object Repository/Page_The Story and Evolution of Doodles - G_6e786d/p_The first Doodle was a simple out-of-offi_345e61")): Object: 'Object Repository/Page_The Story and Evolution of Doodles - G_6e786d/p_The first Doodle was a simple out-of-offi_345e61' is clicked on

07-06-2024T14:24:03 - [MESSAGE][PASSED] - Object: 'Object Repository/Page_The Story and Evolution of Doodles - G_6e786d/p_The first Doodle was a simple out-of-offi_345e61' is clicked on

07-06-2024T14:24:03 - [TEST_STEP][PASSED] - verifyElementVisible(findTestObject("Object Repository/Page_The Story and Evolution of Doodles - G_6e786d/h1_The story behind Doodles")): Object 'Object Repository/Page_The Story and Evolution of Doodles - G_6e786d/h1_The story behind Doodles' is visible

07-06-2024T14:24:03 - [MESSAGE][PASSED] - Object 'Object Repository/Page_The Story and Evolution of Doodles - G_6e786d/h1_The story behind Doodles' is visible

07-06-2024T14:24:03 - [TEST_STEP][PASSED] - verifyElementVisible(findTestObject("Object Repository/Page_The Story and Evolution of Doodles - G_6e786d/p_The first Doodle was a simple out-of-offi_345e61")): Object 'Object Repository/Page_The Story and Evolution of Doodles - G_6e786d/p_The first Doodle was a simple out-of-offi_345e61' is visible

07-06-2024T14:24:03 - [MESSAGE][PASSED] - Object 'Object Repository/Page_The Story and Evolution of Doodles - G_6e786d/p_The first Doodle was a simple out-of-offi_345e61' is visible

07-06-2024T14:24:03 - [TEST_STEP][PASSED] - verifyElementVisible(findTestObject("Object Repository/Page_The Story and Evolution of Doodles - G_6e786d/h2_Weve created more than 5,000 Doodles ove_111429")): Object 'Object Repository/Page_The Story and Evolution of Doodles - G_6e786d/h2_Weve created more than 5,000 Doodles ove_111429' is visible

07-06-2024T14:24:03 - [MESSAGE][PASSED] - Object 'Object Repository/Page_The Story and Evolution of Doodles - G_6e786d/h2_Weve created more than 5,000 Doodles ove_111429' is visible

07-06-2024T14:24:03 - [TEST_STEP][PASSED] - click(findTestObject("Object Repository/Page_The Story and Evolution of Doodles - G_6e786d/p_The first Doodle was a simple out-of-offi_345e61")): Object: 'Object Repository/Page_The Story and Evolution of Doodles - G_6e786d/p_The first Doodle was a simple out-of-offi_345e61' is clicked on

07-06-2024T14:24:04 - [MESSAGE][PASSED] - Object: 'Object Repository/Page_The Story and Evolution of Doodles - G_6e786d/p_The first Doodle was a simple out-of-offi_345e61' is clicked on

07-06-2024T14:24:04 - [TEST_STEP][PASSED] - verifyElementVisible(findTestObject("Object Repository/Page_The Story and Evolution of Doodles - G_6e786d/h1_The story behind Doodles")): Object 'Object Repository/Page_The Story and Evolution of Doodles - G_6e786d/h1_The story behind Doodles' is visible

07-06-2024T14:24:04 - [MESSAGE][PASSED] - Object 'Object Repository/Page_The Story and Evolution of Doodles - G_6e786d/h1_The story behind Doodles' is visible

07-06-2024T14:24:04 - [TEST_STEP][PASSED] - verifyElementVisible(findTestObject("Object Repository/Page_The Story and Evolution of Doodles - G_6e786d/p_The first Doodle was a simple out-of-offi_345e61")): Object 'Object Repository/Page_The Story and Evolution of Doodles - G_6e786d/p_The first Doodle was a simple out-of-offi_345e61' is visible

07-06-2024T14:24:04 - [MESSAGE][PASSED] - Object 'Object Repository/Page_The Story and Evolution of Doodles - G_6e786d/p_The first Doodle was a simple out-of-offi_345e61' is visible

07-06-2024T14:24:04 - [TEST_STEP][PASSED] - verifyElementVisible(findTestObject("Object Repository/Page_The Story and Evolution of Doodles - G_6e786d/h2_Weve created more than 5,000 Doodles ove_111429")): Object 'Object Repository/Page_The Story and Evolution of Doodles - G_6e786d/h2_Weve created more than 5,000 Doodles ove_111429' is visible

07-06-2024T14:24:04 - [MESSAGE][PASSED] - Object 'Object Repository/Page_The Story and Evolution of Doodles - G_6e786d/h2_Weve created more than 5,000 Doodles ove_111429' is visible

07-06-2024T14:24:04 - [TEST_STEP][PASSED] - click(findTestObject("Object Repository/Page_The Story and Evolution of Doodles - G_6e786d/p_The first Doodle was a simple out-of-offi_345e61")): Object: 'Object Repository/Page_The Story and Evolution of Doodles - G_6e786d/p_The first Doodle was a simple out-of-offi_345e61' is clicked on

07-06-2024T14:24:04 - [MESSAGE][PASSED] - Object: 'Object Repository/Page_The Story and Evolution of Doodles - G_6e786d/p_The first Doodle was a simple out-of-offi_345e61' is clicked on

07-06-2024T14:24:04 - [TEST_STEP][PASSED] - verifyElementVisible(findTestObject("Object Repository/Page_The Story and Evolution of Doodles - G_6e786d/h1_The story behind Doodles")): Object 'Object Repository/Page_The Story and Evolution of Doodles - G_6e786d/h1_The story behind Doodles' is visible

07-06-2024T14:24:04 - [MESSAGE][PASSED] - Object 'Object Repository/Page_The Story and Evolution of Doodles - G_6e786d/h1_The story behind Doodles' is visible

07-06-2024T14:24:04 - [TEST_STEP][PASSED] - verifyElementVisible(findTestObject("Object Repository/Page_The Story and Evolution of Doodles - G_6e786d/p_The first Doodle was a simple out-of-offi_345e61")): Object 'Object Repository/Page_The Story and Evolution of Doodles - G_6e786d/p_The first Doodle was a simple out-of-offi_345e61' is visible

07-06-2024T14:24:04 - [MESSAGE][PASSED] - Object 'Object Repository/Page_The Story and Evolution of Doodles - G_6e786d/p_The first Doodle was a simple out-of-offi_345e61' is visible

07-06-2024T14:24:04 - [TEST_STEP][PASSED] - verifyElementVisible(findTestObject("Object Repository/Page_The Story and Evolution of Doodles - G_6e786d/h2_Weve created more than 5,000 Doodles ove_111429")): Object 'Object Repository/Page_The Story and Evolution of Doodles - G_6e786d/h2_Weve created more than 5,000 Doodles ove_111429' is visible

07-06-2024T14:24:04 - [MESSAGE][PASSED] - Object 'Object Repository/Page_The Story and Evolution of Doodles - G_6e786d/h2_Weve created more than 5,000 Doodles ove_111429' is visible

07-06-2024T14:24:04 - [TEST_STEP][PASSED] - click(findTestObject("Object Repository/Page_The Story and Evolution of Doodles - G_6e786d/p_The first Doodle was a simple out-of-offi_345e61")): Object: 'Object Repository/Page_The Story and Evolution of Doodles - G_6e786d/p_The first Doodle was a simple out-of-offi_345e61' is clicked on

07-06-2024T14:24:04 - [MESSAGE][PASSED] - Object: 'Object Repository/Page_The Story and Evolution of Doodles - G_6e786d/p_The first Doodle was a simple out-of-offi_345e61' is clicked on

07-06-2024T14:24:04 - [TEST_STEP][PASSED] - verifyElementVisible(findTestObject("Object Repository/Page_The Story and Evolution of Doodles - G_6e786d/h1_The story behind Doodles")): Object 'Object Repository/Page_The Story and Evolution of Doodles - G_6e786d/h1_The story behind Doodles' is visible

07-06-2024T14:24:04 - [MESSAGE][PASSED] - Object 'Object Repository/Page_The Story and Evolution of Doodles - G_6e786d/h1_The story behind Doodles' is visible

07-06-2024T14:24:04 - [TEST_STEP][PASSED] - verifyElementVisible(findTestObject("Object Repository/Page_The Story and Evolution of Doodles - G_6e786d/p_The first Doodle was a simple out-of-offi_345e61")): Object 'Object Repository/Page_The Story and Evolution of Doodles - G_6e786d/p_The first Doodle was a simple out-of-offi_345e61' is visible

07-06-2024T14:24:04 - [MESSAGE][PASSED] - Object 'Object Repository/Page_The Story and Evolution of Doodles - G_6e786d/p_The first Doodle was a simple out-of-offi_345e61' is visible

07-06-2024T14:24:04 - [TEST_STEP][PASSED] - verifyElementVisible(findTestObject("Object Repository/Page_The Story and Evolution of Doodles - G_6e786d/h2_Weve created more than 5,000 Doodles ove_111429")): Object 'Object Repository/Page_The Story and Evolution of Doodles - G_6e786d/h2_Weve created more than 5,000 Doodles ove_111429' is visible

07-06-2024T14:24:04 - [MESSAGE][PASSED] - Object 'Object Repository/Page_The Story and Evolution of Doodles - G_6e786d/h2_Weve created more than 5,000 Doodles ove_111429' is visible]]></system-out>
         <system-err><![CDATA[]]></system-err>
      </testcase>
      <system-out><![CDATA[07-06-2024T13:42:57 - [TEST_SUITE][FAILED] - New Test Suite: Test Cases/test case folder 1/tc1 - Copy (5) - Copy (3) FAILED.
Reason:
com.kms.katalon.core.exception.StepFailedException: Unable to navigate to 'https://doodles.google/about/'
	at com.kms.katalon.core.webui.keyword.internal.WebUIKeywordMain.stepFailed(WebUIKeywordMain.groovy:64)
	at com.kms.katalon.core.webui.keyword.internal.WebUIKeywordMain.runKeyword(WebUIKeywordMain.groovy:26)
	at com.kms.katalon.core.webui.keyword.builtin.NavigateToUrlKeyword.navigateToUrl(NavigateToUrlKeyword.groovy:83)
	at com.kms.katalon.core.webui.keyword.builtin.NavigateToUrlKeyword.execute(NavigateToUrlKeyword.groovy:67)
	at com.kms.katalon.core.keyword.internal.KeywordExecutor.executeKeywordForPlatform(KeywordExecutor.groovy:74)
	at com.kms.katalon.core.webui.keyword.WebUiBuiltInKeywords.navigateToUrl(WebUiBuiltInKeywords.groovy:187)
	at tc1 - Copy (1).run(tc1 - Copy (1):22)
	at com.kms.katalon.core.main.ScriptEngine.run(ScriptEngine.java:194)
	at com.kms.katalon.core.main.ScriptEngine.runScriptAsRawText(ScriptEngine.java:119)
	at com.kms.katalon.core.main.TestCaseExecutor.runScript(TestCaseExecutor.java:448)
	at com.kms.katalon.core.main.TestCaseExecutor.doExecute(TestCaseExecutor.java:439)
	at com.kms.katalon.core.main.TestCaseExecutor.processExecutionPhase(TestCaseExecutor.java:418)
	at com.kms.katalon.core.main.TestCaseExecutor.accessMainPhase(TestCaseExecutor.java:410)
	at com.kms.katalon.core.main.TestCaseExecutor.execute(TestCaseExecutor.java:285)
	at com.kms.katalon.core.common.CommonExecutor.accessTestCaseMainPhase(CommonExecutor.java:65)
	at com.kms.katalon.core.main.TestSuiteExecutor.accessTestSuiteMainPhase(TestSuiteExecutor.java:150)
	at com.kms.katalon.core.main.TestSuiteExecutor.execute(TestSuiteExecutor.java:106)
	at com.kms.katalon.core.main.TestCaseMain.startTestSuite(TestCaseMain.java:180)
	at TempTestSuite1717742571880.run(TempTestSuite1717742571880.groovy:35)
	at java.base/jdk.internal.reflect.NativeMethodAccessorImpl.invoke0(Native Method)
	at java.base/jdk.internal.reflect.NativeMethodAccessorImpl.invoke(NativeMethodAccessorImpl.java:77)
	at java.base/jdk.internal.reflect.DelegatingMethodAccessorImpl.invoke(DelegatingMethodAccessorImpl.java:43)
Caused by: org.openqa.selenium.TimeoutException: Navigation timed out after 300000 ms
Build info: version: '3.141.59', revision: 'unknown', time: 'unknown'
System info: host: 'LAPTOP-FS2TU90B', ip: '192.168.1.189', os.name: 'Windows 11', os.arch: 'amd64', os.version: '10.0', java.version: '17.0.7'
Driver info: com.kms.katalon.core.webui.driver.firefox.CGeckoDriver
Capabilities {acceptInsecureCerts: true, browserName: firefox, browserVersion: 126.0.1, javascriptEnabled: true, moz:accessibilityChecks: false, moz:buildID: 20240526221752, moz:geckodriverVersion: 0.34.0, moz:headless: true, moz:platformVersion: 10.0, moz:processID: 14780, moz:profile: C:\Users\SonTung\AppData\Lo..., moz:shutdownTimeout: 60000, moz:webdriverClick: true, moz:windowless: false, pageLoadStrategy: normal, platform: WINDOWS, platformName: WINDOWS, proxy: Proxy(direct), setWindowRect: true, strictFileInteractability: false, timeouts: {implicit: 0, pageLoad: 300000, script: 30000}, unhandledPromptBehavior: dismiss and notify, userAgent: Mozilla/5.0 (Windows NT 10....}
Session ID: 5882e7f4-7bf8-411f-8c58-14fa4ce20d37
	at java.base/jdk.internal.reflect.NativeConstructorAccessorImpl.newInstance0(Native Method)
	at java.base/jdk.internal.reflect.NativeConstructorAccessorImpl.newInstance(NativeConstructorAccessorImpl.java:77)
	at java.base/jdk.internal.reflect.DelegatingConstructorAccessorImpl.newInstance(DelegatingConstructorAccessorImpl.java:45)
	at org.openqa.selenium.remote.http.W3CHttpResponseCodec.createException(W3CHttpResponseCodec.java:187)
	at org.openqa.selenium.remote.http.W3CHttpResponseCodec.decode(W3CHttpResponseCodec.java:122)
	at org.openqa.selenium.remote.http.W3CHttpResponseCodec.decode(W3CHttpResponseCodec.java:49)
	at org.openqa.selenium.remote.HttpCommandExecutor.execute(HttpCommandExecutor.java:158)
	at org.openqa.selenium.remote.service.DriverCommandExecutor.execute(DriverCommandExecutor.java:83)
	at org.openqa.selenium.remote.RemoteWebDriver.execute(RemoteWebDriver.java:552)
	at com.kms.katalon.selenium.driver.CFirefoxDriver.execute(CFirefoxDriver.java:28)
	at org.openqa.selenium.remote.RemoteWebDriver.get(RemoteWebDriver.java:277)
	at org.openqa.selenium.remote.RemoteWebDriver$RemoteNavigation.to(RemoteWebDriver.java:857)
	at org.openqa.selenium.support.events.EventFiringWebDriver$EventFiringNavigation.to(EventFiringWebDriver.java:569)
	at com.kms.katalon.core.webui.keyword.builtin.NavigateToUrlKeyword$_navigateToUrl_closure1.doCall(NavigateToUrlKeyword.groovy:81)
	at com.kms.katalon.core.webui.keyword.builtin.NavigateToUrlKeyword$_navigateToUrl_closure1.call(NavigateToUrlKeyword.groovy)
	at com.kms.katalon.core.webui.keyword.internal.WebUIKeywordMain.runKeyword(WebUIKeywordMain.groovy:20)
	... 20 more]]></system-out>
      <system-err><![CDATA[07-06-2024T13:42:57 - [TEST_SUITE][FAILED] - New Test Suite: Test Cases/test case folder 1/tc1 - Copy (5) - Copy (3) FAILED.
Reason:
com.kms.katalon.core.exception.StepFailedException: Unable to navigate to 'https://doodles.google/about/'
	at com.kms.katalon.core.webui.keyword.internal.WebUIKeywordMain.stepFailed(WebUIKeywordMain.groovy:64)
	at com.kms.katalon.core.webui.keyword.internal.WebUIKeywordMain.runKeyword(WebUIKeywordMain.groovy:26)
	at com.kms.katalon.core.webui.keyword.builtin.NavigateToUrlKeyword.navigateToUrl(NavigateToUrlKeyword.groovy:83)
	at com.kms.katalon.core.webui.keyword.builtin.NavigateToUrlKeyword.execute(NavigateToUrlKeyword.groovy:67)
	at com.kms.katalon.core.keyword.internal.KeywordExecutor.executeKeywordForPlatform(KeywordExecutor.groovy:74)
	at com.kms.katalon.core.webui.keyword.WebUiBuiltInKeywords.navigateToUrl(WebUiBuiltInKeywords.groovy:187)
	at tc1 - Copy (1).run(tc1 - Copy (1):22)
	at com.kms.katalon.core.main.ScriptEngine.run(ScriptEngine.java:194)
	at com.kms.katalon.core.main.ScriptEngine.runScriptAsRawText(ScriptEngine.java:119)
	at com.kms.katalon.core.main.TestCaseExecutor.runScript(TestCaseExecutor.java:448)
	at com.kms.katalon.core.main.TestCaseExecutor.doExecute(TestCaseExecutor.java:439)
	at com.kms.katalon.core.main.TestCaseExecutor.processExecutionPhase(TestCaseExecutor.java:418)
	at com.kms.katalon.core.main.TestCaseExecutor.accessMainPhase(TestCaseExecutor.java:410)
	at com.kms.katalon.core.main.TestCaseExecutor.execute(TestCaseExecutor.java:285)
	at com.kms.katalon.core.common.CommonExecutor.accessTestCaseMainPhase(CommonExecutor.java:65)
	at com.kms.katalon.core.main.TestSuiteExecutor.accessTestSuiteMainPhase(TestSuiteExecutor.java:150)
	at com.kms.katalon.core.main.TestSuiteExecutor.execute(TestSuiteExecutor.java:106)
	at com.kms.katalon.core.main.TestCaseMain.startTestSuite(TestCaseMain.java:180)
	at TempTestSuite1717742571880.run(TempTestSuite1717742571880.groovy:35)
	at java.base/jdk.internal.reflect.NativeMethodAccessorImpl.invoke0(Native Method)
	at java.base/jdk.internal.reflect.NativeMethodAccessorImpl.invoke(NativeMethodAccessorImpl.java:77)
	at java.base/jdk.internal.reflect.DelegatingMethodAccessorImpl.invoke(DelegatingMethodAccessorImpl.java:43)
Caused by: org.openqa.selenium.TimeoutException: Navigation timed out after 300000 ms
Build info: version: '3.141.59', revision: 'unknown', time: 'unknown'
System info: host: 'LAPTOP-FS2TU90B', ip: '192.168.1.189', os.name: 'Windows 11', os.arch: 'amd64', os.version: '10.0', java.version: '17.0.7'
Driver info: com.kms.katalon.core.webui.driver.firefox.CGeckoDriver
Capabilities {acceptInsecureCerts: true, browserName: firefox, browserVersion: 126.0.1, javascriptEnabled: true, moz:accessibilityChecks: false, moz:buildID: 20240526221752, moz:geckodriverVersion: 0.34.0, moz:headless: true, moz:platformVersion: 10.0, moz:processID: 14780, moz:profile: C:\Users\SonTung\AppData\Lo..., moz:shutdownTimeout: 60000, moz:webdriverClick: true, moz:windowless: false, pageLoadStrategy: normal, platform: WINDOWS, platformName: WINDOWS, proxy: Proxy(direct), setWindowRect: true, strictFileInteractability: false, timeouts: {implicit: 0, pageLoad: 300000, script: 30000}, unhandledPromptBehavior: dismiss and notify, userAgent: Mozilla/5.0 (Windows NT 10....}
Session ID: 5882e7f4-7bf8-411f-8c58-14fa4ce20d37
	at java.base/jdk.internal.reflect.NativeConstructorAccessorImpl.newInstance0(Native Method)
	at java.base/jdk.internal.reflect.NativeConstructorAccessorImpl.newInstance(NativeConstructorAccessorImpl.java:77)
	at java.base/jdk.internal.reflect.DelegatingConstructorAccessorImpl.newInstance(DelegatingConstructorAccessorImpl.java:45)
	at org.openqa.selenium.remote.http.W3CHttpResponseCodec.createException(W3CHttpResponseCodec.java:187)
	at org.openqa.selenium.remote.http.W3CHttpResponseCodec.decode(W3CHttpResponseCodec.java:122)
	at org.openqa.selenium.remote.http.W3CHttpResponseCodec.decode(W3CHttpResponseCodec.java:49)
	at org.openqa.selenium.remote.HttpCommandExecutor.execute(HttpCommandExecutor.java:158)
	at org.openqa.selenium.remote.service.DriverCommandExecutor.execute(DriverCommandExecutor.java:83)
	at org.openqa.selenium.remote.RemoteWebDriver.execute(RemoteWebDriver.java:552)
	at com.kms.katalon.selenium.driver.CFirefoxDriver.execute(CFirefoxDriver.java:28)
	at org.openqa.selenium.remote.RemoteWebDriver.get(RemoteWebDriver.java:277)
	at org.openqa.selenium.remote.RemoteWebDriver$RemoteNavigation.to(RemoteWebDriver.java:857)
	at org.openqa.selenium.support.events.EventFiringWebDriver$EventFiringNavigation.to(EventFiringWebDriver.java:569)
	at com.kms.katalon.core.webui.keyword.builtin.NavigateToUrlKeyword$_navigateToUrl_closure1.doCall(NavigateToUrlKeyword.groovy:81)
	at com.kms.katalon.core.webui.keyword.builtin.NavigateToUrlKeyword$_navigateToUrl_closure1.call(NavigateToUrlKeyword.groovy)
	at com.kms.katalon.core.webui.keyword.internal.WebUIKeywordMain.runKeyword(WebUIKeywordMain.groovy:20)
	... 20 more]]></system-err>
   </testsuite>
</testsuites>
