<?xml version="1.0" encoding="UTF-8"?>
<testsuites name="New Test Suite" time="3987.623" tests="309" failures="0" errors="0">
   <testsuite name="New Test Suite" tests="309" failures="0" errors="0" time="3987.623" skipped="0" timestamp="17-06-2024T18:07:38" hostname="SonTung - LAPTOP-FS2TU90B" id="Test Suites/New Test Suite">
      <properties>
         <property name="deviceName" value=""/>
         <property name="devicePlatform"/>
         <property name="logFolder" value="C:\\Users\\SonTung\\git\\test\\Reports\\20240617_180731\\New Test Suite\\20240617_180732"/>
         <property name="logFiles" value="C:\\Users\\SonTung\\git\\test\\Reports\\20240617_180731\\New Test Suite\\20240617_180732\\execution0.log, C:\\Users\\SonTung\\git\\test\\Reports\\20240617_180731\\New Test Suite\\20240617_180732\\execution1.log"/>
         <property name="attachments" value=""/>
         <property name="hostName" value="SonTung - LAPTOP-FS2TU90B"/>
         <property name="os" value="Windows 11 64bit"/>
         <property name="katalonVersion" value="9.5.0.217"/>
         <property name="browser" value="Chrome 126.0.0.0"/>
         <property name="hostAddress" value="192.168.1.189"/>
         <property name="sessionId" value="393ae0172a2760d225b250f91b0cda36"/>
         <property name="seleniumVersion" value="3.141.59"/>
         <property name="proxyInformation" value="ProxyInformation { proxyOption=NO_PROXY, proxyServerType=HTTP, username=, password=********, proxyServerAddress=, proxyServerPort=0, executionList=&quot;&quot;, isApplyToDesiredCapabilities=true }"/>
         <property name="platform" value="Windows 11"/>
      </properties>
      <testcase name="Test Cases/test case folder 1/tc1 - Copy (1)" time="26.058" classname="Test Cases/test case folder 1/tc1 - Copy (1)" status="PASSED">
         <system-out><![CDATA[17-06-2024T18:07:38 - [TEST_CASE][PASSED] - Test Cases/test case folder 1/tc1 - Copy (1): Test Cases/test case folder 1/tc1 - Copy (1)

17-06-2024T18:07:39 - [TEST_STEP][PASSED] - openBrowser(""): Browser is opened with url: ''

17-06-2024T18:07:39 - [MESSAGE][INFO] - Starting 'Chrome (headless)' driver

17-06-2024T18:07:40 - [MESSAGE][INFO] - Action delay is set to 0 milliseconds

17-06-2024T18:07:42 - [MESSAGE][PASSED] - Browser is opened with url: ''

17-06-2024T18:07:42 - [TEST_STEP][PASSED] - navigateToUrl("https://doodles.google/about/"): Navigate to 'https://doodles.google/about/' successfully

17-06-2024T18:07:46 - [MESSAGE][PASSED] - Navigate to 'https://doodles.google/about/' successfully

17-06-2024T18:07:47 - [TEST_STEP][PASSED] - click(findTestObject("Object Repository/Page_The Story and Evolution of Doodles - G_6e786d/p_The first Doodle was a simple out-of-offi_345e61")): Object: 'Object Repository/Page_The Story and Evolution of Doodles - G_6e786d/p_The first Doodle was a simple out-of-offi_345e61' is clicked on

17-06-2024T18:07:47 - [MESSAGE][PASSED] - Object: 'Object Repository/Page_The Story and Evolution of Doodles - G_6e786d/p_The first Doodle was a simple out-of-offi_345e61' is clicked on

17-06-2024T18:07:47 - [TEST_STEP][PASSED] - click(findTestObject("Object Repository/Page_The Story and Evolution of Doodles - G_6e786d/p_The first Doodle was a simple out-of-offi_345e61")): Object: 'Object Repository/Page_The Story and Evolution of Doodles - G_6e786d/p_The first Doodle was a simple out-of-offi_345e61' is clicked on

17-06-2024T18:07:48 - [MESSAGE][PASSED] - Object: 'Object Repository/Page_The Story and Evolution of Doodles - G_6e786d/p_The first Doodle was a simple out-of-offi_345e61' is clicked on

17-06-2024T18:07:48 - [TEST_STEP][PASSED] - verifyElementVisible(findTestObject("Object Repository/Page_The Story and Evolution of Doodles - G_6e786d/h1_The story behind Doodles")): Object 'Object Repository/Page_The Story and Evolution of Doodles - G_6e786d/h1_The story behind Doodles' is visible

17-06-2024T18:07:48 - [MESSAGE][PASSED] - Object 'Object Repository/Page_The Story and Evolution of Doodles - G_6e786d/h1_The story behind Doodles' is visible

17-06-2024T18:07:48 - [TEST_STEP][PASSED] - verifyElementVisible(findTestObject("Object Repository/Page_The Story and Evolution of Doodles - G_6e786d/p_The first Doodle was a simple out-of-offi_345e61")): Object 'Object Repository/Page_The Story and Evolution of Doodles - G_6e786d/p_The first Doodle was a simple out-of-offi_345e61' is visible

17-06-2024T18:07:49 - [MESSAGE][PASSED] - Object 'Object Repository/Page_The Story and Evolution of Doodles - G_6e786d/p_The first Doodle was a simple out-of-offi_345e61' is visible

17-06-2024T18:07:49 - [TEST_STEP][PASSED] - verifyElementVisible(findTestObject("Object Repository/Page_The Story and Evolution of Doodles - G_6e786d/h2_Weve created more than 5,000 Doodles ove_111429")): Object 'Object Repository/Page_The Story and Evolution of Doodles - G_6e786d/h2_Weve created more than 5,000 Doodles ove_111429' is visible

17-06-2024T18:07:49 - [MESSAGE][PASSED] - Object 'Object Repository/Page_The Story and Evolution of Doodles - G_6e786d/h2_Weve created more than 5,000 Doodles ove_111429' is visible

17-06-2024T18:07:49 - [TEST_STEP][PASSED] - verifyElementVisible(findTestObject("Object Repository/Page_The Story and Evolution of Doodles - G_6e786d/h1_The story behind Doodles")): Object 'Object Repository/Page_The Story and Evolution of Doodles - G_6e786d/h1_The story behind Doodles' is visible

17-06-2024T18:07:50 - [MESSAGE][PASSED] - Object 'Object Repository/Page_The Story and Evolution of Doodles - G_6e786d/h1_The story behind Doodles' is visible

17-06-2024T18:07:50 - [TEST_STEP][PASSED] - verifyElementVisible(findTestObject("Object Repository/Page_The Story and Evolution of Doodles - G_6e786d/p_The first Doodle was a simple out-of-offi_345e61")): Object 'Object Repository/Page_The Story and Evolution of Doodles - G_6e786d/p_The first Doodle was a simple out-of-offi_345e61' is visible

17-06-2024T18:07:50 - [MESSAGE][PASSED] - Object 'Object Repository/Page_The Story and Evolution of Doodles - G_6e786d/p_The first Doodle was a simple out-of-offi_345e61' is visible

17-06-2024T18:07:50 - [TEST_STEP][PASSED] - verifyElementVisible(findTestObject("Object Repository/Page_The Story and Evolution of Doodles - G_6e786d/h2_Weve created more than 5,000 Doodles ove_111429")): Object 'Object Repository/Page_The Story and Evolution of Doodles - G_6e786d/h2_Weve created more than 5,000 Doodles ove_111429' is visible

17-06-2024T18:07:50 - [MESSAGE][PASSED] - Object 'Object Repository/Page_The Story and Evolution of Doodles - G_6e786d/h2_Weve created more than 5,000 Doodles ove_111429' is visible

17-06-2024T18:07:50 - [TEST_STEP][PASSED] - click(findTestObject("Object Repository/Page_The Story and Evolution of Doodles - G_6e786d/p_The first Doodle was a simple out-of-offi_345e61")): Object: 'Object Repository/Page_The Story and Evolution of Doodles - G_6e786d/p_The first Doodle was a simple out-of-offi_345e61' is clicked on

17-06-2024T18:07:51 - [MESSAGE][PASSED] - Object: 'Object Repository/Page_The Story and Evolution of Doodles - G_6e786d/p_The first Doodle was a simple out-of-offi_345e61' is clicked on

17-06-2024T18:07:51 - [TEST_STEP][PASSED] - verifyElementVisible(findTestObject("Object Repository/Page_The Story and Evolution of Doodles - G_6e786d/h1_The story behind Doodles")): Object 'Object Repository/Page_The Story and Evolution of Doodles - G_6e786d/h1_The story behind Doodles' is visible

17-06-2024T18:07:51 - [MESSAGE][PASSED] - Object 'Object Repository/Page_The Story and Evolution of Doodles - G_6e786d/h1_The story behind Doodles' is visible

17-06-2024T18:07:51 - [TEST_STEP][PASSED] - verifyElementVisible(findTestObject("Object Repository/Page_The Story and Evolution of Doodles - G_6e786d/p_The first Doodle was a simple out-of-offi_345e61")): Object 'Object Repository/Page_The Story and Evolution of Doodles - G_6e786d/p_The first Doodle was a simple out-of-offi_345e61' is visible

17-06-2024T18:07:52 - [MESSAGE][PASSED] - Object 'Object Repository/Page_The Story and Evolution of Doodles - G_6e786d/p_The first Doodle was a simple out-of-offi_345e61' is visible

17-06-2024T18:07:52 - [TEST_STEP][PASSED] - verifyElementVisible(findTestObject("Object Repository/Page_The Story and Evolution of Doodles - G_6e786d/h2_Weve created more than 5,000 Doodles ove_111429")): Object 'Object Repository/Page_The Story and Evolution of Doodles - G_6e786d/h2_Weve created more than 5,000 Doodles ove_111429' is visible

17-06-2024T18:07:52 - [MESSAGE][PASSED] - Object 'Object Repository/Page_The Story and Evolution of Doodles - G_6e786d/h2_Weve created more than 5,000 Doodles ove_111429' is visible

17-06-2024T18:07:52 - [TEST_STEP][PASSED] - click(findTestObject("Object Repository/Page_The Story and Evolution of Doodles - G_6e786d/p_The first Doodle was a simple out-of-offi_345e61")): Object: 'Object Repository/Page_The Story and Evolution of Doodles - G_6e786d/p_The first Doodle was a simple out-of-offi_345e61' is clicked on

17-06-2024T18:07:52 - [MESSAGE][PASSED] - Object: 'Object Repository/Page_The Story and Evolution of Doodles - G_6e786d/p_The first Doodle was a simple out-of-offi_345e61' is clicked on

17-06-2024T18:07:52 - [TEST_STEP][PASSED] - verifyElementVisible(findTestObject("Object Repository/Page_The Story and Evolution of Doodles - G_6e786d/h1_The story behind Doodles")): Object 'Object Repository/Page_The Story and Evolution of Doodles - G_6e786d/h1_The story behind Doodles' is visible

17-06-2024T18:07:53 - [MESSAGE][PASSED] - Object 'Object Repository/Page_The Story and Evolution of Doodles - G_6e786d/h1_The story behind Doodles' is visible

17-06-2024T18:07:53 - [TEST_STEP][PASSED] - verifyElementVisible(findTestObject("Object Repository/Page_The Story and Evolution of Doodles - G_6e786d/p_The first Doodle was a simple out-of-offi_345e61")): Object 'Object Repository/Page_The Story and Evolution of Doodles - G_6e786d/p_The first Doodle was a simple out-of-offi_345e61' is visible

17-06-2024T18:07:53 - [MESSAGE][PASSED] - Object 'Object Repository/Page_The Story and Evolution of Doodles - G_6e786d/p_The first Doodle was a simple out-of-offi_345e61' is visible

17-06-2024T18:07:53 - [TEST_STEP][PASSED] - verifyElementVisible(findTestObject("Object Repository/Page_The Story and Evolution of Doodles - G_6e786d/h2_Weve created more than 5,000 Doodles ove_111429")): Object 'Object Repository/Page_The Story and Evolution of Doodles - G_6e786d/h2_Weve created more than 5,000 Doodles ove_111429' is visible

17-06-2024T18:07:53 - [MESSAGE][PASSED] - Object 'Object Repository/Page_The Story and Evolution of Doodles - G_6e786d/h2_Weve created more than 5,000 Doodles ove_111429' is visible

17-06-2024T18:07:53 - [TEST_STEP][PASSED] - click(findTestObject("Object Repository/Page_The Story and Evolution of Doodles - G_6e786d/p_The first Doodle was a simple out-of-offi_345e61")): Object: 'Object Repository/Page_The Story and Evolution of Doodles - G_6e786d/p_The first Doodle was a simple out-of-offi_345e61' is clicked on

17-06-2024T18:07:54 - [MESSAGE][PASSED] - Object: 'Object Repository/Page_The Story and Evolution of Doodles - G_6e786d/p_The first Doodle was a simple out-of-offi_345e61' is clicked on

17-06-2024T18:07:54 - [TEST_STEP][PASSED] - verifyElementVisible(findTestObject("Object Repository/Page_The Story and Evolution of Doodles - G_6e786d/h1_The story behind Doodles")): Object 'Object Repository/Page_The Story and Evolution of Doodles - G_6e786d/h1_The story behind Doodles' is visible

17-06-2024T18:07:54 - [MESSAGE][PASSED] - Object 'Object Repository/Page_The Story and Evolution of Doodles - G_6e786d/h1_The story behind Doodles' is visible

17-06-2024T18:07:54 - [TEST_STEP][PASSED] - verifyElementVisible(findTestObject("Object Repository/Page_The Story and Evolution of Doodles - G_6e786d/p_The first Doodle was a simple out-of-offi_345e61")): Object 'Object Repository/Page_The Story and Evolution of Doodles - G_6e786d/p_The first Doodle was a simple out-of-offi_345e61' is visible

17-06-2024T18:07:55 - [MESSAGE][PASSED] - Object 'Object Repository/Page_The Story and Evolution of Doodles - G_6e786d/p_The first Doodle was a simple out-of-offi_345e61' is visible

17-06-2024T18:07:55 - [TEST_STEP][PASSED] - verifyElementVisible(findTestObject("Object Repository/Page_The Story and Evolution of Doodles - G_6e786d/h2_Weve created more than 5,000 Doodles ove_111429")): Object 'Object Repository/Page_The Story and Evolution of Doodles - G_6e786d/h2_Weve created more than 5,000 Doodles ove_111429' is visible

17-06-2024T18:07:55 - [MESSAGE][PASSED] - Object 'Object Repository/Page_The Story and Evolution of Doodles - G_6e786d/h2_Weve created more than 5,000 Doodles ove_111429' is visible

17-06-2024T18:07:55 - [TEST_STEP][PASSED] - click(findTestObject("Object Repository/Page_The Story and Evolution of Doodles - G_6e786d/p_The first Doodle was a simple out-of-offi_345e61")): Object: 'Object Repository/Page_The Story and Evolution of Doodles - G_6e786d/p_The first Doodle was a simple out-of-offi_345e61' is clicked on

17-06-2024T18:07:56 - [MESSAGE][PASSED] - Object: 'Object Repository/Page_The Story and Evolution of Doodles - G_6e786d/p_The first Doodle was a simple out-of-offi_345e61' is clicked on

17-06-2024T18:07:56 - [TEST_STEP][PASSED] - verifyElementVisible(findTestObject("Object Repository/Page_The Story and Evolution of Doodles - G_6e786d/h1_The story behind Doodles")): Object 'Object Repository/Page_The Story and Evolution of Doodles - G_6e786d/h1_The story behind Doodles' is visible

17-06-2024T18:07:56 - [MESSAGE][PASSED] - Object 'Object Repository/Page_The Story and Evolution of Doodles - G_6e786d/h1_The story behind Doodles' is visible

17-06-2024T18:07:56 - [TEST_STEP][PASSED] - verifyElementVisible(findTestObject("Object Repository/Page_The Story and Evolution of Doodles - G_6e786d/p_The first Doodle was a simple out-of-offi_345e61")): Object 'Object Repository/Page_The Story and Evolution of Doodles - G_6e786d/p_The first Doodle was a simple out-of-offi_345e61' is visible

17-06-2024T18:07:56 - [MESSAGE][PASSED] - Object 'Object Repository/Page_The Story and Evolution of Doodles - G_6e786d/p_The first Doodle was a simple out-of-offi_345e61' is visible

17-06-2024T18:07:56 - [TEST_STEP][PASSED] - verifyElementVisible(findTestObject("Object Repository/Page_The Story and Evolution of Doodles - G_6e786d/h2_Weve created more than 5,000 Doodles ove_111429")): Object 'Object Repository/Page_The Story and Evolution of Doodles - G_6e786d/h2_Weve created more than 5,000 Doodles ove_111429' is visible

17-06-2024T18:07:57 - [MESSAGE][PASSED] - Object 'Object Repository/Page_The Story and Evolution of Doodles - G_6e786d/h2_Weve created more than 5,000 Doodles ove_111429' is visible

17-06-2024T18:07:57 - [TEST_STEP][PASSED] - click(findTestObject("Object Repository/Page_The Story and Evolution of Doodles - G_6e786d/p_The first Doodle was a simple out-of-offi_345e61")): Object: 'Object Repository/Page_The Story and Evolution of Doodles - G_6e786d/p_The first Doodle was a simple out-of-offi_345e61' is clicked on

17-06-2024T18:07:57 - [MESSAGE][PASSED] - Object: 'Object Repository/Page_The Story and Evolution of Doodles - G_6e786d/p_The first Doodle was a simple out-of-offi_345e61' is clicked on

17-06-2024T18:07:57 - [TEST_STEP][PASSED] - verifyElementVisible(findTestObject("Object Repository/Page_The Story and Evolution of Doodles - G_6e786d/h1_The story behind Doodles")): Object 'Object Repository/Page_The Story and Evolution of Doodles - G_6e786d/h1_The story behind Doodles' is visible

17-06-2024T18:07:57 - [MESSAGE][PASSED] - Object 'Object Repository/Page_The Story and Evolution of Doodles - G_6e786d/h1_The story behind Doodles' is visible

17-06-2024T18:07:57 - [TEST_STEP][PASSED] - verifyElementVisible(findTestObject("Object Repository/Page_The Story and Evolution of Doodles - G_6e786d/p_The first Doodle was a simple out-of-offi_345e61")): Object 'Object Repository/Page_The Story and Evolution of Doodles - G_6e786d/p_The first Doodle was a simple out-of-offi_345e61' is visible

17-06-2024T18:07:58 - [MESSAGE][PASSED] - Object 'Object Repository/Page_The Story and Evolution of Doodles - G_6e786d/p_The first Doodle was a simple out-of-offi_345e61' is visible

17-06-2024T18:07:58 - [TEST_STEP][PASSED] - verifyElementVisible(findTestObject("Object Repository/Page_The Story and Evolution of Doodles - G_6e786d/h2_Weve created more than 5,000 Doodles ove_111429")): Object 'Object Repository/Page_The Story and Evolution of Doodles - G_6e786d/h2_Weve created more than 5,000 Doodles ove_111429' is visible

17-06-2024T18:07:58 - [MESSAGE][PASSED] - Object 'Object Repository/Page_The Story and Evolution of Doodles - G_6e786d/h2_Weve created more than 5,000 Doodles ove_111429' is visible

17-06-2024T18:07:58 - [TEST_STEP][PASSED] - click(findTestObject("Object Repository/Page_The Story and Evolution of Doodles - G_6e786d/p_The first Doodle was a simple out-of-offi_345e61")): Object: 'Object Repository/Page_The Story and Evolution of Doodles - G_6e786d/p_The first Doodle was a simple out-of-offi_345e61' is clicked on

17-06-2024T18:07:59 - [MESSAGE][PASSED] - Object: 'Object Repository/Page_The Story and Evolution of Doodles - G_6e786d/p_The first Doodle was a simple out-of-offi_345e61' is clicked on

17-06-2024T18:07:59 - [TEST_STEP][PASSED] - verifyElementVisible(findTestObject("Object Repository/Page_The Story and Evolution of Doodles - G_6e786d/h1_The story behind Doodles")): Object 'Object Repository/Page_The Story and Evolution of Doodles - G_6e786d/h1_The story behind Doodles' is visible

17-06-2024T18:07:59 - [MESSAGE][PASSED] - Object 'Object Repository/Page_The Story and Evolution of Doodles - G_6e786d/h1_The story behind Doodles' is visible

17-06-2024T18:07:59 - [TEST_STEP][PASSED] - verifyElementVisible(findTestObject("Object Repository/Page_The Story and Evolution of Doodles - G_6e786d/p_The first Doodle was a simple out-of-offi_345e61")): Object 'Object Repository/Page_The Story and Evolution of Doodles - G_6e786d/p_The first Doodle was a simple out-of-offi_345e61' is visible

17-06-2024T18:07:59 - [MESSAGE][PASSED] - Object 'Object Repository/Page_The Story and Evolution of Doodles - G_6e786d/p_The first Doodle was a simple out-of-offi_345e61' is visible

17-06-2024T18:07:59 - [TEST_STEP][PASSED] - verifyElementVisible(findTestObject("Object Repository/Page_The Story and Evolution of Doodles - G_6e786d/h2_Weve created more than 5,000 Doodles ove_111429")): Object 'Object Repository/Page_The Story and Evolution of Doodles - G_6e786d/h2_Weve created more than 5,000 Doodles ove_111429' is visible

17-06-2024T18:08:00 - [MESSAGE][PASSED] - Object 'Object Repository/Page_The Story and Evolution of Doodles - G_6e786d/h2_Weve created more than 5,000 Doodles ove_111429' is visible

17-06-2024T18:08:00 - [TEST_STEP][PASSED] - click(findTestObject("Object Repository/Page_The Story and Evolution of Doodles - G_6e786d/p_The first Doodle was a simple out-of-offi_345e61")): Object: 'Object Repository/Page_The Story and Evolution of Doodles - G_6e786d/p_The first Doodle was a simple out-of-offi_345e61' is clicked on

17-06-2024T18:08:00 - [MESSAGE][PASSED] - Object: 'Object Repository/Page_The Story and Evolution of Doodles - G_6e786d/p_The first Doodle was a simple out-of-offi_345e61' is clicked on

17-06-2024T18:08:00 - [TEST_STEP][PASSED] - verifyElementVisible(findTestObject("Object Repository/Page_The Story and Evolution of Doodles - G_6e786d/h1_The story behind Doodles")): Object 'Object Repository/Page_The Story and Evolution of Doodles - G_6e786d/h1_The story behind Doodles' is visible

17-06-2024T18:08:00 - [MESSAGE][PASSED] - Object 'Object Repository/Page_The Story and Evolution of Doodles - G_6e786d/h1_The story behind Doodles' is visible

17-06-2024T18:08:00 - [TEST_STEP][PASSED] - verifyElementVisible(findTestObject("Object Repository/Page_The Story and Evolution of Doodles - G_6e786d/p_The first Doodle was a simple out-of-offi_345e61")): Object 'Object Repository/Page_The Story and Evolution of Doodles - G_6e786d/p_The first Doodle was a simple out-of-offi_345e61' is visible

17-06-2024T18:08:01 - [MESSAGE][PASSED] - Object 'Object Repository/Page_The Story and Evolution of Doodles - G_6e786d/p_The first Doodle was a simple out-of-offi_345e61' is visible

17-06-2024T18:08:01 - [TEST_STEP][PASSED] - verifyElementVisible(findTestObject("Object Repository/Page_The Story and Evolution of Doodles - G_6e786d/h2_Weve created more than 5,000 Doodles ove_111429")): Object 'Object Repository/Page_The Story and Evolution of Doodles - G_6e786d/h2_Weve created more than 5,000 Doodles ove_111429' is visible

17-06-2024T18:08:01 - [MESSAGE][PASSED] - Object 'Object Repository/Page_The Story and Evolution of Doodles - G_6e786d/h2_Weve created more than 5,000 Doodles ove_111429' is visible

17-06-2024T18:08:01 - [TEST_STEP][PASSED] - click(findTestObject("Object Repository/Page_The Story and Evolution of Doodles - G_6e786d/p_The first Doodle was a simple out-of-offi_345e61")): Object: 'Object Repository/Page_The Story and Evolution of Doodles - G_6e786d/p_The first Doodle was a simple out-of-offi_345e61' is clicked on

17-06-2024T18:08:02 - [MESSAGE][PASSED] - Object: 'Object Repository/Page_The Story and Evolution of Doodles - G_6e786d/p_The first Doodle was a simple out-of-offi_345e61' is clicked on

17-06-2024T18:08:02 - [TEST_STEP][PASSED] - verifyElementVisible(findTestObject("Object Repository/Page_The Story and Evolution of Doodles - G_6e786d/h1_The story behind Doodles")): Object 'Object Repository/Page_The Story and Evolution of Doodles - G_6e786d/h1_The story behind Doodles' is visible

17-06-2024T18:08:02 - [MESSAGE][PASSED] - Object 'Object Repository/Page_The Story and Evolution of Doodles - G_6e786d/h1_The story behind Doodles' is visible

17-06-2024T18:08:02 - [TEST_STEP][PASSED] - verifyElementVisible(findTestObject("Object Repository/Page_The Story and Evolution of Doodles - G_6e786d/p_The first Doodle was a simple out-of-offi_345e61")): Object 'Object Repository/Page_The Story and Evolution of Doodles - G_6e786d/p_The first Doodle was a simple out-of-offi_345e61' is visible

17-06-2024T18:08:02 - [MESSAGE][PASSED] - Object 'Object Repository/Page_The Story and Evolution of Doodles - G_6e786d/p_The first Doodle was a simple out-of-offi_345e61' is visible

17-06-2024T18:08:02 - [TEST_STEP][PASSED] - verifyElementVisible(findTestObject("Object Repository/Page_The Story and Evolution of Doodles - G_6e786d/h2_Weve created more than 5,000 Doodles ove_111429")): Object 'Object Repository/Page_The Story and Evolution of Doodles - G_6e786d/h2_Weve created more than 5,000 Doodles ove_111429' is visible

17-06-2024T18:08:03 - [MESSAGE][PASSED] - Object 'Object Repository/Page_The Story and Evolution of Doodles - G_6e786d/h2_Weve created more than 5,000 Doodles ove_111429' is visible

17-06-2024T18:08:03 - [TEST_STEP][PASSED] - click(findTestObject("Object Repository/Page_The Story and Evolution of Doodles - G_6e786d/p_The first Doodle was a simple out-of-offi_345e61")): Object: 'Object Repository/Page_The Story and Evolution of Doodles - G_6e786d/p_The first Doodle was a simple out-of-offi_345e61' is clicked on

17-06-2024T18:08:03 - [MESSAGE][PASSED] - Object: 'Object Repository/Page_The Story and Evolution of Doodles - G_6e786d/p_The first Doodle was a simple out-of-offi_345e61' is clicked on

17-06-2024T18:08:03 - [TEST_STEP][PASSED] - verifyElementVisible(findTestObject("Object Repository/Page_The Story and Evolution of Doodles - G_6e786d/h1_The story behind Doodles")): Object 'Object Repository/Page_The Story and Evolution of Doodles - G_6e786d/h1_The story behind Doodles' is visible

17-06-2024T18:08:04 - [MESSAGE][PASSED] - Object 'Object Repository/Page_The Story and Evolution of Doodles - G_6e786d/h1_The story behind Doodles' is visible

17-06-2024T18:08:04 - [TEST_STEP][PASSED] - verifyElementVisible(findTestObject("Object Repository/Page_The Story and Evolution of Doodles - G_6e786d/p_The first Doodle was a simple out-of-offi_345e61")): Object 'Object Repository/Page_The Story and Evolution of Doodles - G_6e786d/p_The first Doodle was a simple out-of-offi_345e61' is visible

17-06-2024T18:08:04 - [MESSAGE][PASSED] - Object 'Object Repository/Page_The Story and Evolution of Doodles - G_6e786d/p_The first Doodle was a simple out-of-offi_345e61' is visible

17-06-2024T18:08:04 - [TEST_STEP][PASSED] - verifyElementVisible(findTestObject("Object Repository/Page_The Story and Evolution of Doodles - G_6e786d/h2_Weve created more than 5,000 Doodles ove_111429")): Object 'Object Repository/Page_The Story and Evolution of Doodles - G_6e786d/h2_Weve created more than 5,000 Doodles ove_111429' is visible

17-06-2024T18:08:04 - [MESSAGE][PASSED] - Object 'Object Repository/Page_The Story and Evolution of Doodles - G_6e786d/h2_Weve created more than 5,000 Doodles ove_111429' is visible]]></system-out>
         <system-err><![CDATA[]]></system-err>
      </testcase>
      <testcase name="Test Cases/test case folder 1/tc1 - Copy (2)" time="19.855" classname="Test Cases/test case folder 1/tc1 - Copy (2)" status="PASSED">
         <system-out><![CDATA[17-06-2024T18:08:04 - [TEST_CASE][PASSED] - Test Cases/test case folder 1/tc1 - Copy (2): Test Cases/test case folder 1/tc1 - Copy (2)

17-06-2024T18:08:04 - [TEST_STEP][PASSED] - openBrowser(""): Browser is opened with url: ''

17-06-2024T18:08:04 - [MESSAGE][WARNING] - A browser is already opened. Closing browser and opening a new one

17-06-2024T18:08:05 - [MESSAGE][INFO] - Starting 'Chrome (headless)' driver

17-06-2024T18:08:05 - [MESSAGE][INFO] - Action delay is set to 0 milliseconds

17-06-2024T18:08:06 - [MESSAGE][PASSED] - Browser is opened with url: ''

17-06-2024T18:08:06 - [TEST_STEP][PASSED] - navigateToUrl("https://doodles.google/about/"): Navigate to 'https://doodles.google/about/' successfully

17-06-2024T18:08:09 - [MESSAGE][PASSED] - Navigate to 'https://doodles.google/about/' successfully

17-06-2024T18:08:09 - [TEST_STEP][PASSED] - click(findTestObject("Object Repository/Page_The Story and Evolution of Doodles - G_6e786d/p_The first Doodle was a simple out-of-offi_345e61")): Object: 'Object Repository/Page_The Story and Evolution of Doodles - G_6e786d/p_The first Doodle was a simple out-of-offi_345e61' is clicked on

17-06-2024T18:08:09 - [MESSAGE][PASSED] - Object: 'Object Repository/Page_The Story and Evolution of Doodles - G_6e786d/p_The first Doodle was a simple out-of-offi_345e61' is clicked on

17-06-2024T18:08:09 - [TEST_STEP][PASSED] - click(findTestObject("Object Repository/Page_The Story and Evolution of Doodles - G_6e786d/p_The first Doodle was a simple out-of-offi_345e61")): Object: 'Object Repository/Page_The Story and Evolution of Doodles - G_6e786d/p_The first Doodle was a simple out-of-offi_345e61' is clicked on

17-06-2024T18:08:09 - [MESSAGE][PASSED] - Object: 'Object Repository/Page_The Story and Evolution of Doodles - G_6e786d/p_The first Doodle was a simple out-of-offi_345e61' is clicked on

17-06-2024T18:08:09 - [TEST_STEP][PASSED] - verifyElementVisible(findTestObject("Object Repository/Page_The Story and Evolution of Doodles - G_6e786d/h1_The story behind Doodles")): Object 'Object Repository/Page_The Story and Evolution of Doodles - G_6e786d/h1_The story behind Doodles' is visible

17-06-2024T18:08:10 - [MESSAGE][PASSED] - Object 'Object Repository/Page_The Story and Evolution of Doodles - G_6e786d/h1_The story behind Doodles' is visible

17-06-2024T18:08:10 - [TEST_STEP][PASSED] - verifyElementVisible(findTestObject("Object Repository/Page_The Story and Evolution of Doodles - G_6e786d/p_The first Doodle was a simple out-of-offi_345e61")): Object 'Object Repository/Page_The Story and Evolution of Doodles - G_6e786d/p_The first Doodle was a simple out-of-offi_345e61' is visible

17-06-2024T18:08:10 - [MESSAGE][PASSED] - Object 'Object Repository/Page_The Story and Evolution of Doodles - G_6e786d/p_The first Doodle was a simple out-of-offi_345e61' is visible

17-06-2024T18:08:10 - [TEST_STEP][PASSED] - verifyElementVisible(findTestObject("Object Repository/Page_The Story and Evolution of Doodles - G_6e786d/h2_Weve created more than 5,000 Doodles ove_111429")): Object 'Object Repository/Page_The Story and Evolution of Doodles - G_6e786d/h2_Weve created more than 5,000 Doodles ove_111429' is visible

17-06-2024T18:08:10 - [MESSAGE][PASSED] - Object 'Object Repository/Page_The Story and Evolution of Doodles - G_6e786d/h2_Weve created more than 5,000 Doodles ove_111429' is visible

17-06-2024T18:08:10 - [TEST_STEP][PASSED] - verifyElementVisible(findTestObject("Object Repository/Page_The Story and Evolution of Doodles - G_6e786d/h1_The story behind Doodles")): Object 'Object Repository/Page_The Story and Evolution of Doodles - G_6e786d/h1_The story behind Doodles' is visible

17-06-2024T18:08:11 - [MESSAGE][PASSED] - Object 'Object Repository/Page_The Story and Evolution of Doodles - G_6e786d/h1_The story behind Doodles' is visible

17-06-2024T18:08:11 - [TEST_STEP][PASSED] - verifyElementVisible(findTestObject("Object Repository/Page_The Story and Evolution of Doodles - G_6e786d/p_The first Doodle was a simple out-of-offi_345e61")): Object 'Object Repository/Page_The Story and Evolution of Doodles - G_6e786d/p_The first Doodle was a simple out-of-offi_345e61' is visible

17-06-2024T18:08:11 - [MESSAGE][PASSED] - Object 'Object Repository/Page_The Story and Evolution of Doodles - G_6e786d/p_The first Doodle was a simple out-of-offi_345e61' is visible

17-06-2024T18:08:11 - [TEST_STEP][PASSED] - verifyElementVisible(findTestObject("Object Repository/Page_The Story and Evolution of Doodles - G_6e786d/h2_Weve created more than 5,000 Doodles ove_111429")): Object 'Object Repository/Page_The Story and Evolution of Doodles - G_6e786d/h2_Weve created more than 5,000 Doodles ove_111429' is visible

17-06-2024T18:08:11 - [MESSAGE][PASSED] - Object 'Object Repository/Page_The Story and Evolution of Doodles - G_6e786d/h2_Weve created more than 5,000 Doodles ove_111429' is visible

17-06-2024T18:08:11 - [TEST_STEP][PASSED] - click(findTestObject("Object Repository/Page_The Story and Evolution of Doodles - G_6e786d/p_The first Doodle was a simple out-of-offi_345e61")): Object: 'Object Repository/Page_The Story and Evolution of Doodles - G_6e786d/p_The first Doodle was a simple out-of-offi_345e61' is clicked on

17-06-2024T18:08:12 - [MESSAGE][PASSED] - Object: 'Object Repository/Page_The Story and Evolution of Doodles - G_6e786d/p_The first Doodle was a simple out-of-offi_345e61' is clicked on

17-06-2024T18:08:12 - [TEST_STEP][PASSED] - verifyElementVisible(findTestObject("Object Repository/Page_The Story and Evolution of Doodles - G_6e786d/h1_The story behind Doodles")): Object 'Object Repository/Page_The Story and Evolution of Doodles - G_6e786d/h1_The story behind Doodles' is visible

17-06-2024T18:08:12 - [MESSAGE][PASSED] - Object 'Object Repository/Page_The Story and Evolution of Doodles - G_6e786d/h1_The story behind Doodles' is visible

17-06-2024T18:08:12 - [TEST_STEP][PASSED] - verifyElementVisible(findTestObject("Object Repository/Page_The Story and Evolution of Doodles - G_6e786d/p_The first Doodle was a simple out-of-offi_345e61")): Object 'Object Repository/Page_The Story and Evolution of Doodles - G_6e786d/p_The first Doodle was a simple out-of-offi_345e61' is visible

17-06-2024T18:08:13 - [MESSAGE][PASSED] - Object 'Object Repository/Page_The Story and Evolution of Doodles - G_6e786d/p_The first Doodle was a simple out-of-offi_345e61' is visible

17-06-2024T18:08:13 - [TEST_STEP][PASSED] - verifyElementVisible(findTestObject("Object Repository/Page_The Story and Evolution of Doodles - G_6e786d/h2_Weve created more than 5,000 Doodles ove_111429")): Object 'Object Repository/Page_The Story and Evolution of Doodles - G_6e786d/h2_Weve created more than 5,000 Doodles ove_111429' is visible

17-06-2024T18:08:13 - [MESSAGE][PASSED] - Object 'Object Repository/Page_The Story and Evolution of Doodles - G_6e786d/h2_Weve created more than 5,000 Doodles ove_111429' is visible

17-06-2024T18:08:13 - [TEST_STEP][PASSED] - click(findTestObject("Object Repository/Page_The Story and Evolution of Doodles - G_6e786d/p_The first Doodle was a simple out-of-offi_345e61")): Object: 'Object Repository/Page_The Story and Evolution of Doodles - G_6e786d/p_The first Doodle was a simple out-of-offi_345e61' is clicked on

17-06-2024T18:08:13 - [MESSAGE][PASSED] - Object: 'Object Repository/Page_The Story and Evolution of Doodles - G_6e786d/p_The first Doodle was a simple out-of-offi_345e61' is clicked on

17-06-2024T18:08:13 - [TEST_STEP][PASSED] - verifyElementVisible(findTestObject("Object Repository/Page_The Story and Evolution of Doodles - G_6e786d/h1_The story behind Doodles")): Object 'Object Repository/Page_The Story and Evolution of Doodles - G_6e786d/h1_The story behind Doodles' is visible

17-06-2024T18:08:14 - [MESSAGE][PASSED] - Object 'Object Repository/Page_The Story and Evolution of Doodles - G_6e786d/h1_The story behind Doodles' is visible

17-06-2024T18:08:14 - [TEST_STEP][PASSED] - verifyElementVisible(findTestObject("Object Repository/Page_The Story and Evolution of Doodles - G_6e786d/p_The first Doodle was a simple out-of-offi_345e61")): Object 'Object Repository/Page_The Story and Evolution of Doodles - G_6e786d/p_The first Doodle was a simple out-of-offi_345e61' is visible

17-06-2024T18:08:14 - [MESSAGE][PASSED] - Object 'Object Repository/Page_The Story and Evolution of Doodles - G_6e786d/p_The first Doodle was a simple out-of-offi_345e61' is visible

17-06-2024T18:08:14 - [TEST_STEP][PASSED] - verifyElementVisible(findTestObject("Object Repository/Page_The Story and Evolution of Doodles - G_6e786d/h2_Weve created more than 5,000 Doodles ove_111429")): Object 'Object Repository/Page_The Story and Evolution of Doodles - G_6e786d/h2_Weve created more than 5,000 Doodles ove_111429' is visible

17-06-2024T18:08:14 - [MESSAGE][PASSED] - Object 'Object Repository/Page_The Story and Evolution of Doodles - G_6e786d/h2_Weve created more than 5,000 Doodles ove_111429' is visible

17-06-2024T18:08:14 - [TEST_STEP][PASSED] - click(findTestObject("Object Repository/Page_The Story and Evolution of Doodles - G_6e786d/p_The first Doodle was a simple out-of-offi_345e61")): Object: 'Object Repository/Page_The Story and Evolution of Doodles - G_6e786d/p_The first Doodle was a simple out-of-offi_345e61' is clicked on

17-06-2024T18:08:15 - [MESSAGE][PASSED] - Object: 'Object Repository/Page_The Story and Evolution of Doodles - G_6e786d/p_The first Doodle was a simple out-of-offi_345e61' is clicked on

17-06-2024T18:08:15 - [TEST_STEP][PASSED] - verifyElementVisible(findTestObject("Object Repository/Page_The Story and Evolution of Doodles - G_6e786d/h1_The story behind Doodles")): Object 'Object Repository/Page_The Story and Evolution of Doodles - G_6e786d/h1_The story behind Doodles' is visible

17-06-2024T18:08:15 - [MESSAGE][PASSED] - Object 'Object Repository/Page_The Story and Evolution of Doodles - G_6e786d/h1_The story behind Doodles' is visible

17-06-2024T18:08:15 - [TEST_STEP][PASSED] - verifyElementVisible(findTestObject("Object Repository/Page_The Story and Evolution of Doodles - G_6e786d/p_The first Doodle was a simple out-of-offi_345e61")): Object 'Object Repository/Page_The Story and Evolution of Doodles - G_6e786d/p_The first Doodle was a simple out-of-offi_345e61' is visible

17-06-2024T18:08:16 - [MESSAGE][PASSED] - Object 'Object Repository/Page_The Story and Evolution of Doodles - G_6e786d/p_The first Doodle was a simple out-of-offi_345e61' is visible

17-06-2024T18:08:16 - [TEST_STEP][PASSED] - verifyElementVisible(findTestObject("Object Repository/Page_The Story and Evolution of Doodles - G_6e786d/h2_Weve created more than 5,000 Doodles ove_111429")): Object 'Object Repository/Page_The Story and Evolution of Doodles - G_6e786d/h2_Weve created more than 5,000 Doodles ove_111429' is visible

17-06-2024T18:08:16 - [MESSAGE][PASSED] - Object 'Object Repository/Page_The Story and Evolution of Doodles - G_6e786d/h2_Weve created more than 5,000 Doodles ove_111429' is visible

17-06-2024T18:08:16 - [TEST_STEP][PASSED] - click(findTestObject("Object Repository/Page_The Story and Evolution of Doodles - G_6e786d/p_The first Doodle was a simple out-of-offi_345e61")): Object: 'Object Repository/Page_The Story and Evolution of Doodles - G_6e786d/p_The first Doodle was a simple out-of-offi_345e61' is clicked on

17-06-2024T18:08:16 - [MESSAGE][PASSED] - Object: 'Object Repository/Page_The Story and Evolution of Doodles - G_6e786d/p_The first Doodle was a simple out-of-offi_345e61' is clicked on

17-06-2024T18:08:16 - [TEST_STEP][PASSED] - verifyElementVisible(findTestObject("Object Repository/Page_The Story and Evolution of Doodles - G_6e786d/h1_The story behind Doodles")): Object 'Object Repository/Page_The Story and Evolution of Doodles - G_6e786d/h1_The story behind Doodles' is visible

17-06-2024T18:08:17 - [MESSAGE][PASSED] - Object 'Object Repository/Page_The Story and Evolution of Doodles - G_6e786d/h1_The story behind Doodles' is visible

17-06-2024T18:08:17 - [TEST_STEP][PASSED] - verifyElementVisible(findTestObject("Object Repository/Page_The Story and Evolution of Doodles - G_6e786d/p_The first Doodle was a simple out-of-offi_345e61")): Object 'Object Repository/Page_The Story and Evolution of Doodles - G_6e786d/p_The first Doodle was a simple out-of-offi_345e61' is visible

17-06-2024T18:08:17 - [MESSAGE][PASSED] - Object 'Object Repository/Page_The Story and Evolution of Doodles - G_6e786d/p_The first Doodle was a simple out-of-offi_345e61' is visible

17-06-2024T18:08:17 - [TEST_STEP][PASSED] - verifyElementVisible(findTestObject("Object Repository/Page_The Story and Evolution of Doodles - G_6e786d/h2_Weve created more than 5,000 Doodles ove_111429")): Object 'Object Repository/Page_The Story and Evolution of Doodles - G_6e786d/h2_Weve created more than 5,000 Doodles ove_111429' is visible

17-06-2024T18:08:17 - [MESSAGE][PASSED] - Object 'Object Repository/Page_The Story and Evolution of Doodles - G_6e786d/h2_Weve created more than 5,000 Doodles ove_111429' is visible

17-06-2024T18:08:17 - [TEST_STEP][PASSED] - click(findTestObject("Object Repository/Page_The Story and Evolution of Doodles - G_6e786d/p_The first Doodle was a simple out-of-offi_345e61")): Object: 'Object Repository/Page_The Story and Evolution of Doodles - G_6e786d/p_The first Doodle was a simple out-of-offi_345e61' is clicked on

17-06-2024T18:08:18 - [MESSAGE][PASSED] - Object: 'Object Repository/Page_The Story and Evolution of Doodles - G_6e786d/p_The first Doodle was a simple out-of-offi_345e61' is clicked on

17-06-2024T18:08:18 - [TEST_STEP][PASSED] - verifyElementVisible(findTestObject("Object Repository/Page_The Story and Evolution of Doodles - G_6e786d/h1_The story behind Doodles")): Object 'Object Repository/Page_The Story and Evolution of Doodles - G_6e786d/h1_The story behind Doodles' is visible

17-06-2024T18:08:18 - [MESSAGE][PASSED] - Object 'Object Repository/Page_The Story and Evolution of Doodles - G_6e786d/h1_The story behind Doodles' is visible

17-06-2024T18:08:18 - [TEST_STEP][PASSED] - verifyElementVisible(findTestObject("Object Repository/Page_The Story and Evolution of Doodles - G_6e786d/p_The first Doodle was a simple out-of-offi_345e61")): Object 'Object Repository/Page_The Story and Evolution of Doodles - G_6e786d/p_The first Doodle was a simple out-of-offi_345e61' is visible

17-06-2024T18:08:18 - [MESSAGE][PASSED] - Object 'Object Repository/Page_The Story and Evolution of Doodles - G_6e786d/p_The first Doodle was a simple out-of-offi_345e61' is visible

17-06-2024T18:08:18 - [TEST_STEP][PASSED] - verifyElementVisible(findTestObject("Object Repository/Page_The Story and Evolution of Doodles - G_6e786d/h2_Weve created more than 5,000 Doodles ove_111429")): Object 'Object Repository/Page_The Story and Evolution of Doodles - G_6e786d/h2_Weve created more than 5,000 Doodles ove_111429' is visible

17-06-2024T18:08:19 - [MESSAGE][PASSED] - Object 'Object Repository/Page_The Story and Evolution of Doodles - G_6e786d/h2_Weve created more than 5,000 Doodles ove_111429' is visible

17-06-2024T18:08:19 - [TEST_STEP][PASSED] - click(findTestObject("Object Repository/Page_The Story and Evolution of Doodles - G_6e786d/p_The first Doodle was a simple out-of-offi_345e61")): Object: 'Object Repository/Page_The Story and Evolution of Doodles - G_6e786d/p_The first Doodle was a simple out-of-offi_345e61' is clicked on

17-06-2024T18:08:19 - [MESSAGE][PASSED] - Object: 'Object Repository/Page_The Story and Evolution of Doodles - G_6e786d/p_The first Doodle was a simple out-of-offi_345e61' is clicked on

17-06-2024T18:08:19 - [TEST_STEP][PASSED] - verifyElementVisible(findTestObject("Object Repository/Page_The Story and Evolution of Doodles - G_6e786d/h1_The story behind Doodles")): Object 'Object Repository/Page_The Story and Evolution of Doodles - G_6e786d/h1_The story behind Doodles' is visible

17-06-2024T18:08:19 - [MESSAGE][PASSED] - Object 'Object Repository/Page_The Story and Evolution of Doodles - G_6e786d/h1_The story behind Doodles' is visible

17-06-2024T18:08:19 - [TEST_STEP][PASSED] - verifyElementVisible(findTestObject("Object Repository/Page_The Story and Evolution of Doodles - G_6e786d/p_The first Doodle was a simple out-of-offi_345e61")): Object 'Object Repository/Page_The Story and Evolution of Doodles - G_6e786d/p_The first Doodle was a simple out-of-offi_345e61' is visible

17-06-2024T18:08:20 - [MESSAGE][PASSED] - Object 'Object Repository/Page_The Story and Evolution of Doodles - G_6e786d/p_The first Doodle was a simple out-of-offi_345e61' is visible

17-06-2024T18:08:20 - [TEST_STEP][PASSED] - verifyElementVisible(findTestObject("Object Repository/Page_The Story and Evolution of Doodles - G_6e786d/h2_Weve created more than 5,000 Doodles ove_111429")): Object 'Object Repository/Page_The Story and Evolution of Doodles - G_6e786d/h2_Weve created more than 5,000 Doodles ove_111429' is visible

17-06-2024T18:08:20 - [MESSAGE][PASSED] - Object 'Object Repository/Page_The Story and Evolution of Doodles - G_6e786d/h2_Weve created more than 5,000 Doodles ove_111429' is visible

17-06-2024T18:08:20 - [TEST_STEP][PASSED] - click(findTestObject("Object Repository/Page_The Story and Evolution of Doodles - G_6e786d/p_The first Doodle was a simple out-of-offi_345e61")): Object: 'Object Repository/Page_The Story and Evolution of Doodles - G_6e786d/p_The first Doodle was a simple out-of-offi_345e61' is clicked on

17-06-2024T18:08:20 - [MESSAGE][PASSED] - Object: 'Object Repository/Page_The Story and Evolution of Doodles - G_6e786d/p_The first Doodle was a simple out-of-offi_345e61' is clicked on

17-06-2024T18:08:20 - [TEST_STEP][PASSED] - verifyElementVisible(findTestObject("Object Repository/Page_The Story and Evolution of Doodles - G_6e786d/h1_The story behind Doodles")): Object 'Object Repository/Page_The Story and Evolution of Doodles - G_6e786d/h1_The story behind Doodles' is visible

17-06-2024T18:08:21 - [MESSAGE][PASSED] - Object 'Object Repository/Page_The Story and Evolution of Doodles - G_6e786d/h1_The story behind Doodles' is visible

17-06-2024T18:08:21 - [TEST_STEP][PASSED] - verifyElementVisible(findTestObject("Object Repository/Page_The Story and Evolution of Doodles - G_6e786d/p_The first Doodle was a simple out-of-offi_345e61")): Object 'Object Repository/Page_The Story and Evolution of Doodles - G_6e786d/p_The first Doodle was a simple out-of-offi_345e61' is visible

17-06-2024T18:08:21 - [MESSAGE][PASSED] - Object 'Object Repository/Page_The Story and Evolution of Doodles - G_6e786d/p_The first Doodle was a simple out-of-offi_345e61' is visible

17-06-2024T18:08:21 - [TEST_STEP][PASSED] - verifyElementVisible(findTestObject("Object Repository/Page_The Story and Evolution of Doodles - G_6e786d/h2_Weve created more than 5,000 Doodles ove_111429")): Object 'Object Repository/Page_The Story and Evolution of Doodles - G_6e786d/h2_Weve created more than 5,000 Doodles ove_111429' is visible

17-06-2024T18:08:21 - [MESSAGE][PASSED] - Object 'Object Repository/Page_The Story and Evolution of Doodles - G_6e786d/h2_Weve created more than 5,000 Doodles ove_111429' is visible

17-06-2024T18:08:21 - [TEST_STEP][PASSED] - click(findTestObject("Object Repository/Page_The Story and Evolution of Doodles - G_6e786d/p_The first Doodle was a simple out-of-offi_345e61")): Object: 'Object Repository/Page_The Story and Evolution of Doodles - G_6e786d/p_The first Doodle was a simple out-of-offi_345e61' is clicked on

17-06-2024T18:08:22 - [MESSAGE][PASSED] - Object: 'Object Repository/Page_The Story and Evolution of Doodles - G_6e786d/p_The first Doodle was a simple out-of-offi_345e61' is clicked on

17-06-2024T18:08:22 - [TEST_STEP][PASSED] - verifyElementVisible(findTestObject("Object Repository/Page_The Story and Evolution of Doodles - G_6e786d/h1_The story behind Doodles")): Object 'Object Repository/Page_The Story and Evolution of Doodles - G_6e786d/h1_The story behind Doodles' is visible

17-06-2024T18:08:22 - [MESSAGE][PASSED] - Object 'Object Repository/Page_The Story and Evolution of Doodles - G_6e786d/h1_The story behind Doodles' is visible

17-06-2024T18:08:22 - [TEST_STEP][PASSED] - verifyElementVisible(findTestObject("Object Repository/Page_The Story and Evolution of Doodles - G_6e786d/p_The first Doodle was a simple out-of-offi_345e61")): Object 'Object Repository/Page_The Story and Evolution of Doodles - G_6e786d/p_The first Doodle was a simple out-of-offi_345e61' is visible

17-06-2024T18:08:22 - [MESSAGE][PASSED] - Object 'Object Repository/Page_The Story and Evolution of Doodles - G_6e786d/p_The first Doodle was a simple out-of-offi_345e61' is visible

17-06-2024T18:08:22 - [TEST_STEP][PASSED] - verifyElementVisible(findTestObject("Object Repository/Page_The Story and Evolution of Doodles - G_6e786d/h2_Weve created more than 5,000 Doodles ove_111429")): Object 'Object Repository/Page_The Story and Evolution of Doodles - G_6e786d/h2_Weve created more than 5,000 Doodles ove_111429' is visible

17-06-2024T18:08:23 - [MESSAGE][PASSED] - Object 'Object Repository/Page_The Story and Evolution of Doodles - G_6e786d/h2_Weve created more than 5,000 Doodles ove_111429' is visible

17-06-2024T18:08:23 - [TEST_STEP][PASSED] - click(findTestObject("Object Repository/Page_The Story and Evolution of Doodles - G_6e786d/p_The first Doodle was a simple out-of-offi_345e61")): Object: 'Object Repository/Page_The Story and Evolution of Doodles - G_6e786d/p_The first Doodle was a simple out-of-offi_345e61' is clicked on

17-06-2024T18:08:23 - [MESSAGE][PASSED] - Object: 'Object Repository/Page_The Story and Evolution of Doodles - G_6e786d/p_The first Doodle was a simple out-of-offi_345e61' is clicked on

17-06-2024T18:08:23 - [TEST_STEP][PASSED] - verifyElementVisible(findTestObject("Object Repository/Page_The Story and Evolution of Doodles - G_6e786d/h1_The story behind Doodles")): Object 'Object Repository/Page_The Story and Evolution of Doodles - G_6e786d/h1_The story behind Doodles' is visible

17-06-2024T18:08:23 - [MESSAGE][PASSED] - Object 'Object Repository/Page_The Story and Evolution of Doodles - G_6e786d/h1_The story behind Doodles' is visible

17-06-2024T18:08:24 - [TEST_STEP][PASSED] - verifyElementVisible(findTestObject("Object Repository/Page_The Story and Evolution of Doodles - G_6e786d/p_The first Doodle was a simple out-of-offi_345e61")): Object 'Object Repository/Page_The Story and Evolution of Doodles - G_6e786d/p_The first Doodle was a simple out-of-offi_345e61' is visible

17-06-2024T18:08:24 - [MESSAGE][PASSED] - Object 'Object Repository/Page_The Story and Evolution of Doodles - G_6e786d/p_The first Doodle was a simple out-of-offi_345e61' is visible

17-06-2024T18:08:24 - [TEST_STEP][PASSED] - verifyElementVisible(findTestObject("Object Repository/Page_The Story and Evolution of Doodles - G_6e786d/h2_Weve created more than 5,000 Doodles ove_111429")): Object 'Object Repository/Page_The Story and Evolution of Doodles - G_6e786d/h2_Weve created more than 5,000 Doodles ove_111429' is visible

17-06-2024T18:08:24 - [MESSAGE][PASSED] - Object 'Object Repository/Page_The Story and Evolution of Doodles - G_6e786d/h2_Weve created more than 5,000 Doodles ove_111429' is visible]]></system-out>
         <system-err><![CDATA[]]></system-err>
      </testcase>
      <testcase name="Test Cases/test case folder 1/tc1 - Copy (3)" time="20.339" classname="Test Cases/test case folder 1/tc1 - Copy (3)" status="PASSED">
         <system-out><![CDATA[17-06-2024T18:08:24 - [TEST_CASE][PASSED] - Test Cases/test case folder 1/tc1 - Copy (3): Test Cases/test case folder 1/tc1 - Copy (3)

17-06-2024T18:08:24 - [TEST_STEP][PASSED] - openBrowser(""): Browser is opened with url: ''

17-06-2024T18:08:24 - [MESSAGE][WARNING] - A browser is already opened. Closing browser and opening a new one

17-06-2024T18:08:25 - [MESSAGE][INFO] - Starting 'Chrome (headless)' driver

17-06-2024T18:08:25 - [MESSAGE][INFO] - Action delay is set to 0 milliseconds

17-06-2024T18:08:26 - [MESSAGE][PASSED] - Browser is opened with url: ''

17-06-2024T18:08:26 - [TEST_STEP][PASSED] - navigateToUrl("https://doodles.google/about/"): Navigate to 'https://doodles.google/about/' successfully

17-06-2024T18:08:29 - [MESSAGE][PASSED] - Navigate to 'https://doodles.google/about/' successfully

17-06-2024T18:08:29 - [TEST_STEP][PASSED] - click(findTestObject("Object Repository/Page_The Story and Evolution of Doodles - G_6e786d/p_The first Doodle was a simple out-of-offi_345e61")): Object: 'Object Repository/Page_The Story and Evolution of Doodles - G_6e786d/p_The first Doodle was a simple out-of-offi_345e61' is clicked on

17-06-2024T18:08:29 - [MESSAGE][PASSED] - Object: 'Object Repository/Page_The Story and Evolution of Doodles - G_6e786d/p_The first Doodle was a simple out-of-offi_345e61' is clicked on

17-06-2024T18:08:29 - [TEST_STEP][PASSED] - click(findTestObject("Object Repository/Page_The Story and Evolution of Doodles - G_6e786d/p_The first Doodle was a simple out-of-offi_345e61")): Object: 'Object Repository/Page_The Story and Evolution of Doodles - G_6e786d/p_The first Doodle was a simple out-of-offi_345e61' is clicked on

17-06-2024T18:08:30 - [MESSAGE][PASSED] - Object: 'Object Repository/Page_The Story and Evolution of Doodles - G_6e786d/p_The first Doodle was a simple out-of-offi_345e61' is clicked on

17-06-2024T18:08:30 - [TEST_STEP][PASSED] - verifyElementVisible(findTestObject("Object Repository/Page_The Story and Evolution of Doodles - G_6e786d/h1_The story behind Doodles")): Object 'Object Repository/Page_The Story and Evolution of Doodles - G_6e786d/h1_The story behind Doodles' is visible

17-06-2024T18:08:30 - [MESSAGE][PASSED] - Object 'Object Repository/Page_The Story and Evolution of Doodles - G_6e786d/h1_The story behind Doodles' is visible

17-06-2024T18:08:30 - [TEST_STEP][PASSED] - verifyElementVisible(findTestObject("Object Repository/Page_The Story and Evolution of Doodles - G_6e786d/p_The first Doodle was a simple out-of-offi_345e61")): Object 'Object Repository/Page_The Story and Evolution of Doodles - G_6e786d/p_The first Doodle was a simple out-of-offi_345e61' is visible

17-06-2024T18:08:30 - [MESSAGE][PASSED] - Object 'Object Repository/Page_The Story and Evolution of Doodles - G_6e786d/p_The first Doodle was a simple out-of-offi_345e61' is visible

17-06-2024T18:08:30 - [TEST_STEP][PASSED] - verifyElementVisible(findTestObject("Object Repository/Page_The Story and Evolution of Doodles - G_6e786d/h2_Weve created more than 5,000 Doodles ove_111429")): Object 'Object Repository/Page_The Story and Evolution of Doodles - G_6e786d/h2_Weve created more than 5,000 Doodles ove_111429' is visible

17-06-2024T18:08:31 - [MESSAGE][PASSED] - Object 'Object Repository/Page_The Story and Evolution of Doodles - G_6e786d/h2_Weve created more than 5,000 Doodles ove_111429' is visible

17-06-2024T18:08:31 - [TEST_STEP][PASSED] - verifyElementVisible(findTestObject("Object Repository/Page_The Story and Evolution of Doodles - G_6e786d/h1_The story behind Doodles")): Object 'Object Repository/Page_The Story and Evolution of Doodles - G_6e786d/h1_The story behind Doodles' is visible

17-06-2024T18:08:31 - [MESSAGE][PASSED] - Object 'Object Repository/Page_The Story and Evolution of Doodles - G_6e786d/h1_The story behind Doodles' is visible

17-06-2024T18:08:31 - [TEST_STEP][PASSED] - verifyElementVisible(findTestObject("Object Repository/Page_The Story and Evolution of Doodles - G_6e786d/p_The first Doodle was a simple out-of-offi_345e61")): Object 'Object Repository/Page_The Story and Evolution of Doodles - G_6e786d/p_The first Doodle was a simple out-of-offi_345e61' is visible

17-06-2024T18:08:31 - [MESSAGE][PASSED] - Object 'Object Repository/Page_The Story and Evolution of Doodles - G_6e786d/p_The first Doodle was a simple out-of-offi_345e61' is visible

17-06-2024T18:08:31 - [TEST_STEP][PASSED] - verifyElementVisible(findTestObject("Object Repository/Page_The Story and Evolution of Doodles - G_6e786d/h2_Weve created more than 5,000 Doodles ove_111429")): Object 'Object Repository/Page_The Story and Evolution of Doodles - G_6e786d/h2_Weve created more than 5,000 Doodles ove_111429' is visible

17-06-2024T18:08:32 - [MESSAGE][PASSED] - Object 'Object Repository/Page_The Story and Evolution of Doodles - G_6e786d/h2_Weve created more than 5,000 Doodles ove_111429' is visible

17-06-2024T18:08:32 - [TEST_STEP][PASSED] - click(findTestObject("Object Repository/Page_The Story and Evolution of Doodles - G_6e786d/p_The first Doodle was a simple out-of-offi_345e61")): Object: 'Object Repository/Page_The Story and Evolution of Doodles - G_6e786d/p_The first Doodle was a simple out-of-offi_345e61' is clicked on

17-06-2024T18:08:32 - [MESSAGE][PASSED] - Object: 'Object Repository/Page_The Story and Evolution of Doodles - G_6e786d/p_The first Doodle was a simple out-of-offi_345e61' is clicked on

17-06-2024T18:08:32 - [TEST_STEP][PASSED] - verifyElementVisible(findTestObject("Object Repository/Page_The Story and Evolution of Doodles - G_6e786d/h1_The story behind Doodles")): Object 'Object Repository/Page_The Story and Evolution of Doodles - G_6e786d/h1_The story behind Doodles' is visible

17-06-2024T18:08:32 - [MESSAGE][PASSED] - Object 'Object Repository/Page_The Story and Evolution of Doodles - G_6e786d/h1_The story behind Doodles' is visible

17-06-2024T18:08:32 - [TEST_STEP][PASSED] - verifyElementVisible(findTestObject("Object Repository/Page_The Story and Evolution of Doodles - G_6e786d/p_The first Doodle was a simple out-of-offi_345e61")): Object 'Object Repository/Page_The Story and Evolution of Doodles - G_6e786d/p_The first Doodle was a simple out-of-offi_345e61' is visible

17-06-2024T18:08:33 - [MESSAGE][PASSED] - Object 'Object Repository/Page_The Story and Evolution of Doodles - G_6e786d/p_The first Doodle was a simple out-of-offi_345e61' is visible

17-06-2024T18:08:33 - [TEST_STEP][PASSED] - verifyElementVisible(findTestObject("Object Repository/Page_The Story and Evolution of Doodles - G_6e786d/h2_Weve created more than 5,000 Doodles ove_111429")): Object 'Object Repository/Page_The Story and Evolution of Doodles - G_6e786d/h2_Weve created more than 5,000 Doodles ove_111429' is visible

17-06-2024T18:08:33 - [MESSAGE][PASSED] - Object 'Object Repository/Page_The Story and Evolution of Doodles - G_6e786d/h2_Weve created more than 5,000 Doodles ove_111429' is visible

17-06-2024T18:08:33 - [TEST_STEP][PASSED] - click(findTestObject("Object Repository/Page_The Story and Evolution of Doodles - G_6e786d/p_The first Doodle was a simple out-of-offi_345e61")): Object: 'Object Repository/Page_The Story and Evolution of Doodles - G_6e786d/p_The first Doodle was a simple out-of-offi_345e61' is clicked on

17-06-2024T18:08:34 - [MESSAGE][PASSED] - Object: 'Object Repository/Page_The Story and Evolution of Doodles - G_6e786d/p_The first Doodle was a simple out-of-offi_345e61' is clicked on

17-06-2024T18:08:34 - [TEST_STEP][PASSED] - verifyElementVisible(findTestObject("Object Repository/Page_The Story and Evolution of Doodles - G_6e786d/h1_The story behind Doodles")): Object 'Object Repository/Page_The Story and Evolution of Doodles - G_6e786d/h1_The story behind Doodles' is visible

17-06-2024T18:08:34 - [MESSAGE][PASSED] - Object 'Object Repository/Page_The Story and Evolution of Doodles - G_6e786d/h1_The story behind Doodles' is visible

17-06-2024T18:08:34 - [TEST_STEP][PASSED] - verifyElementVisible(findTestObject("Object Repository/Page_The Story and Evolution of Doodles - G_6e786d/p_The first Doodle was a simple out-of-offi_345e61")): Object 'Object Repository/Page_The Story and Evolution of Doodles - G_6e786d/p_The first Doodle was a simple out-of-offi_345e61' is visible

17-06-2024T18:08:34 - [MESSAGE][PASSED] - Object 'Object Repository/Page_The Story and Evolution of Doodles - G_6e786d/p_The first Doodle was a simple out-of-offi_345e61' is visible

17-06-2024T18:08:34 - [TEST_STEP][PASSED] - verifyElementVisible(findTestObject("Object Repository/Page_The Story and Evolution of Doodles - G_6e786d/h2_Weve created more than 5,000 Doodles ove_111429")): Object 'Object Repository/Page_The Story and Evolution of Doodles - G_6e786d/h2_Weve created more than 5,000 Doodles ove_111429' is visible

17-06-2024T18:08:35 - [MESSAGE][PASSED] - Object 'Object Repository/Page_The Story and Evolution of Doodles - G_6e786d/h2_Weve created more than 5,000 Doodles ove_111429' is visible

17-06-2024T18:08:35 - [TEST_STEP][PASSED] - click(findTestObject("Object Repository/Page_The Story and Evolution of Doodles - G_6e786d/p_The first Doodle was a simple out-of-offi_345e61")): Object: 'Object Repository/Page_The Story and Evolution of Doodles - G_6e786d/p_The first Doodle was a simple out-of-offi_345e61' is clicked on

17-06-2024T18:08:35 - [MESSAGE][PASSED] - Object: 'Object Repository/Page_The Story and Evolution of Doodles - G_6e786d/p_The first Doodle was a simple out-of-offi_345e61' is clicked on

17-06-2024T18:08:35 - [TEST_STEP][PASSED] - verifyElementVisible(findTestObject("Object Repository/Page_The Story and Evolution of Doodles - G_6e786d/h1_The story behind Doodles")): Object 'Object Repository/Page_The Story and Evolution of Doodles - G_6e786d/h1_The story behind Doodles' is visible

17-06-2024T18:08:35 - [MESSAGE][PASSED] - Object 'Object Repository/Page_The Story and Evolution of Doodles - G_6e786d/h1_The story behind Doodles' is visible

17-06-2024T18:08:35 - [TEST_STEP][PASSED] - verifyElementVisible(findTestObject("Object Repository/Page_The Story and Evolution of Doodles - G_6e786d/p_The first Doodle was a simple out-of-offi_345e61")): Object 'Object Repository/Page_The Story and Evolution of Doodles - G_6e786d/p_The first Doodle was a simple out-of-offi_345e61' is visible

17-06-2024T18:08:36 - [MESSAGE][PASSED] - Object 'Object Repository/Page_The Story and Evolution of Doodles - G_6e786d/p_The first Doodle was a simple out-of-offi_345e61' is visible

17-06-2024T18:08:36 - [TEST_STEP][PASSED] - verifyElementVisible(findTestObject("Object Repository/Page_The Story and Evolution of Doodles - G_6e786d/h2_Weve created more than 5,000 Doodles ove_111429")): Object 'Object Repository/Page_The Story and Evolution of Doodles - G_6e786d/h2_Weve created more than 5,000 Doodles ove_111429' is visible

17-06-2024T18:08:36 - [MESSAGE][PASSED] - Object 'Object Repository/Page_The Story and Evolution of Doodles - G_6e786d/h2_Weve created more than 5,000 Doodles ove_111429' is visible

17-06-2024T18:08:36 - [TEST_STEP][PASSED] - click(findTestObject("Object Repository/Page_The Story and Evolution of Doodles - G_6e786d/p_The first Doodle was a simple out-of-offi_345e61")): Object: 'Object Repository/Page_The Story and Evolution of Doodles - G_6e786d/p_The first Doodle was a simple out-of-offi_345e61' is clicked on

17-06-2024T18:08:36 - [MESSAGE][PASSED] - Object: 'Object Repository/Page_The Story and Evolution of Doodles - G_6e786d/p_The first Doodle was a simple out-of-offi_345e61' is clicked on

17-06-2024T18:08:36 - [TEST_STEP][PASSED] - verifyElementVisible(findTestObject("Object Repository/Page_The Story and Evolution of Doodles - G_6e786d/h1_The story behind Doodles")): Object 'Object Repository/Page_The Story and Evolution of Doodles - G_6e786d/h1_The story behind Doodles' is visible

17-06-2024T18:08:37 - [MESSAGE][PASSED] - Object 'Object Repository/Page_The Story and Evolution of Doodles - G_6e786d/h1_The story behind Doodles' is visible

17-06-2024T18:08:37 - [TEST_STEP][PASSED] - verifyElementVisible(findTestObject("Object Repository/Page_The Story and Evolution of Doodles - G_6e786d/p_The first Doodle was a simple out-of-offi_345e61")): Object 'Object Repository/Page_The Story and Evolution of Doodles - G_6e786d/p_The first Doodle was a simple out-of-offi_345e61' is visible

17-06-2024T18:08:37 - [MESSAGE][PASSED] - Object 'Object Repository/Page_The Story and Evolution of Doodles - G_6e786d/p_The first Doodle was a simple out-of-offi_345e61' is visible

17-06-2024T18:08:37 - [TEST_STEP][PASSED] - verifyElementVisible(findTestObject("Object Repository/Page_The Story and Evolution of Doodles - G_6e786d/h2_Weve created more than 5,000 Doodles ove_111429")): Object 'Object Repository/Page_The Story and Evolution of Doodles - G_6e786d/h2_Weve created more than 5,000 Doodles ove_111429' is visible

17-06-2024T18:08:37 - [MESSAGE][PASSED] - Object 'Object Repository/Page_The Story and Evolution of Doodles - G_6e786d/h2_Weve created more than 5,000 Doodles ove_111429' is visible

17-06-2024T18:08:37 - [TEST_STEP][PASSED] - click(findTestObject("Object Repository/Page_The Story and Evolution of Doodles - G_6e786d/p_The first Doodle was a simple out-of-offi_345e61")): Object: 'Object Repository/Page_The Story and Evolution of Doodles - G_6e786d/p_The first Doodle was a simple out-of-offi_345e61' is clicked on

17-06-2024T18:08:38 - [MESSAGE][PASSED] - Object: 'Object Repository/Page_The Story and Evolution of Doodles - G_6e786d/p_The first Doodle was a simple out-of-offi_345e61' is clicked on

17-06-2024T18:08:38 - [TEST_STEP][PASSED] - verifyElementVisible(findTestObject("Object Repository/Page_The Story and Evolution of Doodles - G_6e786d/h1_The story behind Doodles")): Object 'Object Repository/Page_The Story and Evolution of Doodles - G_6e786d/h1_The story behind Doodles' is visible

17-06-2024T18:08:38 - [MESSAGE][PASSED] - Object 'Object Repository/Page_The Story and Evolution of Doodles - G_6e786d/h1_The story behind Doodles' is visible

17-06-2024T18:08:38 - [TEST_STEP][PASSED] - verifyElementVisible(findTestObject("Object Repository/Page_The Story and Evolution of Doodles - G_6e786d/p_The first Doodle was a simple out-of-offi_345e61")): Object 'Object Repository/Page_The Story and Evolution of Doodles - G_6e786d/p_The first Doodle was a simple out-of-offi_345e61' is visible

17-06-2024T18:08:39 - [MESSAGE][PASSED] - Object 'Object Repository/Page_The Story and Evolution of Doodles - G_6e786d/p_The first Doodle was a simple out-of-offi_345e61' is visible

17-06-2024T18:08:39 - [TEST_STEP][PASSED] - verifyElementVisible(findTestObject("Object Repository/Page_The Story and Evolution of Doodles - G_6e786d/h2_Weve created more than 5,000 Doodles ove_111429")): Object 'Object Repository/Page_The Story and Evolution of Doodles - G_6e786d/h2_Weve created more than 5,000 Doodles ove_111429' is visible

17-06-2024T18:08:39 - [MESSAGE][PASSED] - Object 'Object Repository/Page_The Story and Evolution of Doodles - G_6e786d/h2_Weve created more than 5,000 Doodles ove_111429' is visible

17-06-2024T18:08:39 - [TEST_STEP][PASSED] - click(findTestObject("Object Repository/Page_The Story and Evolution of Doodles - G_6e786d/p_The first Doodle was a simple out-of-offi_345e61")): Object: 'Object Repository/Page_The Story and Evolution of Doodles - G_6e786d/p_The first Doodle was a simple out-of-offi_345e61' is clicked on

17-06-2024T18:08:39 - [MESSAGE][PASSED] - Object: 'Object Repository/Page_The Story and Evolution of Doodles - G_6e786d/p_The first Doodle was a simple out-of-offi_345e61' is clicked on

17-06-2024T18:08:39 - [TEST_STEP][PASSED] - verifyElementVisible(findTestObject("Object Repository/Page_The Story and Evolution of Doodles - G_6e786d/h1_The story behind Doodles")): Object 'Object Repository/Page_The Story and Evolution of Doodles - G_6e786d/h1_The story behind Doodles' is visible

17-06-2024T18:08:39 - [MESSAGE][PASSED] - Object 'Object Repository/Page_The Story and Evolution of Doodles - G_6e786d/h1_The story behind Doodles' is visible

17-06-2024T18:08:39 - [TEST_STEP][PASSED] - verifyElementVisible(findTestObject("Object Repository/Page_The Story and Evolution of Doodles - G_6e786d/p_The first Doodle was a simple out-of-offi_345e61")): Object 'Object Repository/Page_The Story and Evolution of Doodles - G_6e786d/p_The first Doodle was a simple out-of-offi_345e61' is visible

17-06-2024T18:08:40 - [MESSAGE][PASSED] - Object 'Object Repository/Page_The Story and Evolution of Doodles - G_6e786d/p_The first Doodle was a simple out-of-offi_345e61' is visible

17-06-2024T18:08:40 - [TEST_STEP][PASSED] - verifyElementVisible(findTestObject("Object Repository/Page_The Story and Evolution of Doodles - G_6e786d/h2_Weve created more than 5,000 Doodles ove_111429")): Object 'Object Repository/Page_The Story and Evolution of Doodles - G_6e786d/h2_Weve created more than 5,000 Doodles ove_111429' is visible

17-06-2024T18:08:40 - [MESSAGE][PASSED] - Object 'Object Repository/Page_The Story and Evolution of Doodles - G_6e786d/h2_Weve created more than 5,000 Doodles ove_111429' is visible

17-06-2024T18:08:40 - [TEST_STEP][PASSED] - click(findTestObject("Object Repository/Page_The Story and Evolution of Doodles - G_6e786d/p_The first Doodle was a simple out-of-offi_345e61")): Object: 'Object Repository/Page_The Story and Evolution of Doodles - G_6e786d/p_The first Doodle was a simple out-of-offi_345e61' is clicked on

17-06-2024T18:08:41 - [MESSAGE][PASSED] - Object: 'Object Repository/Page_The Story and Evolution of Doodles - G_6e786d/p_The first Doodle was a simple out-of-offi_345e61' is clicked on

17-06-2024T18:08:41 - [TEST_STEP][PASSED] - verifyElementVisible(findTestObject("Object Repository/Page_The Story and Evolution of Doodles - G_6e786d/h1_The story behind Doodles")): Object 'Object Repository/Page_The Story and Evolution of Doodles - G_6e786d/h1_The story behind Doodles' is visible

17-06-2024T18:08:41 - [MESSAGE][PASSED] - Object 'Object Repository/Page_The Story and Evolution of Doodles - G_6e786d/h1_The story behind Doodles' is visible

17-06-2024T18:08:41 - [TEST_STEP][PASSED] - verifyElementVisible(findTestObject("Object Repository/Page_The Story and Evolution of Doodles - G_6e786d/p_The first Doodle was a simple out-of-offi_345e61")): Object 'Object Repository/Page_The Story and Evolution of Doodles - G_6e786d/p_The first Doodle was a simple out-of-offi_345e61' is visible

17-06-2024T18:08:41 - [MESSAGE][PASSED] - Object 'Object Repository/Page_The Story and Evolution of Doodles - G_6e786d/p_The first Doodle was a simple out-of-offi_345e61' is visible

17-06-2024T18:08:41 - [TEST_STEP][PASSED] - verifyElementVisible(findTestObject("Object Repository/Page_The Story and Evolution of Doodles - G_6e786d/h2_Weve created more than 5,000 Doodles ove_111429")): Object 'Object Repository/Page_The Story and Evolution of Doodles - G_6e786d/h2_Weve created more than 5,000 Doodles ove_111429' is visible

17-06-2024T18:08:42 - [MESSAGE][PASSED] - Object 'Object Repository/Page_The Story and Evolution of Doodles - G_6e786d/h2_Weve created more than 5,000 Doodles ove_111429' is visible

17-06-2024T18:08:42 - [TEST_STEP][PASSED] - click(findTestObject("Object Repository/Page_The Story and Evolution of Doodles - G_6e786d/p_The first Doodle was a simple out-of-offi_345e61")): Object: 'Object Repository/Page_The Story and Evolution of Doodles - G_6e786d/p_The first Doodle was a simple out-of-offi_345e61' is clicked on

17-06-2024T18:08:42 - [MESSAGE][PASSED] - Object: 'Object Repository/Page_The Story and Evolution of Doodles - G_6e786d/p_The first Doodle was a simple out-of-offi_345e61' is clicked on

17-06-2024T18:08:42 - [TEST_STEP][PASSED] - verifyElementVisible(findTestObject("Object Repository/Page_The Story and Evolution of Doodles - G_6e786d/h1_The story behind Doodles")): Object 'Object Repository/Page_The Story and Evolution of Doodles - G_6e786d/h1_The story behind Doodles' is visible

17-06-2024T18:08:42 - [MESSAGE][PASSED] - Object 'Object Repository/Page_The Story and Evolution of Doodles - G_6e786d/h1_The story behind Doodles' is visible

17-06-2024T18:08:42 - [TEST_STEP][PASSED] - verifyElementVisible(findTestObject("Object Repository/Page_The Story and Evolution of Doodles - G_6e786d/p_The first Doodle was a simple out-of-offi_345e61")): Object 'Object Repository/Page_The Story and Evolution of Doodles - G_6e786d/p_The first Doodle was a simple out-of-offi_345e61' is visible

17-06-2024T18:08:43 - [MESSAGE][PASSED] - Object 'Object Repository/Page_The Story and Evolution of Doodles - G_6e786d/p_The first Doodle was a simple out-of-offi_345e61' is visible

17-06-2024T18:08:43 - [TEST_STEP][PASSED] - verifyElementVisible(findTestObject("Object Repository/Page_The Story and Evolution of Doodles - G_6e786d/h2_Weve created more than 5,000 Doodles ove_111429")): Object 'Object Repository/Page_The Story and Evolution of Doodles - G_6e786d/h2_Weve created more than 5,000 Doodles ove_111429' is visible

17-06-2024T18:08:43 - [MESSAGE][PASSED] - Object 'Object Repository/Page_The Story and Evolution of Doodles - G_6e786d/h2_Weve created more than 5,000 Doodles ove_111429' is visible

17-06-2024T18:08:43 - [TEST_STEP][PASSED] - click(findTestObject("Object Repository/Page_The Story and Evolution of Doodles - G_6e786d/p_The first Doodle was a simple out-of-offi_345e61")): Object: 'Object Repository/Page_The Story and Evolution of Doodles - G_6e786d/p_The first Doodle was a simple out-of-offi_345e61' is clicked on

17-06-2024T18:08:43 - [MESSAGE][PASSED] - Object: 'Object Repository/Page_The Story and Evolution of Doodles - G_6e786d/p_The first Doodle was a simple out-of-offi_345e61' is clicked on

17-06-2024T18:08:43 - [TEST_STEP][PASSED] - verifyElementVisible(findTestObject("Object Repository/Page_The Story and Evolution of Doodles - G_6e786d/h1_The story behind Doodles")): Object 'Object Repository/Page_The Story and Evolution of Doodles - G_6e786d/h1_The story behind Doodles' is visible

17-06-2024T18:08:44 - [MESSAGE][PASSED] - Object 'Object Repository/Page_The Story and Evolution of Doodles - G_6e786d/h1_The story behind Doodles' is visible

17-06-2024T18:08:44 - [TEST_STEP][PASSED] - verifyElementVisible(findTestObject("Object Repository/Page_The Story and Evolution of Doodles - G_6e786d/p_The first Doodle was a simple out-of-offi_345e61")): Object 'Object Repository/Page_The Story and Evolution of Doodles - G_6e786d/p_The first Doodle was a simple out-of-offi_345e61' is visible

17-06-2024T18:08:44 - [MESSAGE][PASSED] - Object 'Object Repository/Page_The Story and Evolution of Doodles - G_6e786d/p_The first Doodle was a simple out-of-offi_345e61' is visible

17-06-2024T18:08:44 - [TEST_STEP][PASSED] - verifyElementVisible(findTestObject("Object Repository/Page_The Story and Evolution of Doodles - G_6e786d/h2_Weve created more than 5,000 Doodles ove_111429")): Object 'Object Repository/Page_The Story and Evolution of Doodles - G_6e786d/h2_Weve created more than 5,000 Doodles ove_111429' is visible

17-06-2024T18:08:45 - [MESSAGE][PASSED] - Object 'Object Repository/Page_The Story and Evolution of Doodles - G_6e786d/h2_Weve created more than 5,000 Doodles ove_111429' is visible]]></system-out>
         <system-err><![CDATA[]]></system-err>
      </testcase>
      <testcase name="Test Cases/test case folder 1/tc1 - Copy (4)" time="21.361" classname="Test Cases/test case folder 1/tc1 - Copy (4)" status="PASSED">
         <system-out><![CDATA[17-06-2024T18:08:45 - [TEST_CASE][PASSED] - Test Cases/test case folder 1/tc1 - Copy (4): Test Cases/test case folder 1/tc1 - Copy (4)

17-06-2024T18:08:45 - [TEST_STEP][PASSED] - openBrowser(""): Browser is opened with url: ''

17-06-2024T18:08:45 - [MESSAGE][WARNING] - A browser is already opened. Closing browser and opening a new one

17-06-2024T18:08:45 - [MESSAGE][INFO] - Starting 'Chrome (headless)' driver

17-06-2024T18:08:45 - [MESSAGE][INFO] - Action delay is set to 0 milliseconds

17-06-2024T18:08:46 - [MESSAGE][PASSED] - Browser is opened with url: ''

17-06-2024T18:08:46 - [TEST_STEP][PASSED] - navigateToUrl("https://doodles.google/about/"): Navigate to 'https://doodles.google/about/' successfully

17-06-2024T18:08:50 - [MESSAGE][PASSED] - Navigate to 'https://doodles.google/about/' successfully

17-06-2024T18:08:50 - [TEST_STEP][PASSED] - click(findTestObject("Object Repository/Page_The Story and Evolution of Doodles - G_6e786d/p_The first Doodle was a simple out-of-offi_345e61")): Object: 'Object Repository/Page_The Story and Evolution of Doodles - G_6e786d/p_The first Doodle was a simple out-of-offi_345e61' is clicked on

17-06-2024T18:08:51 - [MESSAGE][PASSED] - Object: 'Object Repository/Page_The Story and Evolution of Doodles - G_6e786d/p_The first Doodle was a simple out-of-offi_345e61' is clicked on

17-06-2024T18:08:51 - [TEST_STEP][PASSED] - click(findTestObject("Object Repository/Page_The Story and Evolution of Doodles - G_6e786d/p_The first Doodle was a simple out-of-offi_345e61")): Object: 'Object Repository/Page_The Story and Evolution of Doodles - G_6e786d/p_The first Doodle was a simple out-of-offi_345e61' is clicked on

17-06-2024T18:08:51 - [MESSAGE][PASSED] - Object: 'Object Repository/Page_The Story and Evolution of Doodles - G_6e786d/p_The first Doodle was a simple out-of-offi_345e61' is clicked on

17-06-2024T18:08:51 - [TEST_STEP][PASSED] - verifyElementVisible(findTestObject("Object Repository/Page_The Story and Evolution of Doodles - G_6e786d/h1_The story behind Doodles")): Object 'Object Repository/Page_The Story and Evolution of Doodles - G_6e786d/h1_The story behind Doodles' is visible

17-06-2024T18:08:52 - [MESSAGE][PASSED] - Object 'Object Repository/Page_The Story and Evolution of Doodles - G_6e786d/h1_The story behind Doodles' is visible

17-06-2024T18:08:52 - [TEST_STEP][PASSED] - verifyElementVisible(findTestObject("Object Repository/Page_The Story and Evolution of Doodles - G_6e786d/p_The first Doodle was a simple out-of-offi_345e61")): Object 'Object Repository/Page_The Story and Evolution of Doodles - G_6e786d/p_The first Doodle was a simple out-of-offi_345e61' is visible

17-06-2024T18:08:52 - [MESSAGE][PASSED] - Object 'Object Repository/Page_The Story and Evolution of Doodles - G_6e786d/p_The first Doodle was a simple out-of-offi_345e61' is visible

17-06-2024T18:08:52 - [TEST_STEP][PASSED] - verifyElementVisible(findTestObject("Object Repository/Page_The Story and Evolution of Doodles - G_6e786d/h2_Weve created more than 5,000 Doodles ove_111429")): Object 'Object Repository/Page_The Story and Evolution of Doodles - G_6e786d/h2_Weve created more than 5,000 Doodles ove_111429' is visible

17-06-2024T18:08:52 - [MESSAGE][PASSED] - Object 'Object Repository/Page_The Story and Evolution of Doodles - G_6e786d/h2_Weve created more than 5,000 Doodles ove_111429' is visible

17-06-2024T18:08:52 - [TEST_STEP][PASSED] - verifyElementVisible(findTestObject("Object Repository/Page_The Story and Evolution of Doodles - G_6e786d/h1_The story behind Doodles")): Object 'Object Repository/Page_The Story and Evolution of Doodles - G_6e786d/h1_The story behind Doodles' is visible

17-06-2024T18:08:53 - [MESSAGE][PASSED] - Object 'Object Repository/Page_The Story and Evolution of Doodles - G_6e786d/h1_The story behind Doodles' is visible

17-06-2024T18:08:53 - [TEST_STEP][PASSED] - verifyElementVisible(findTestObject("Object Repository/Page_The Story and Evolution of Doodles - G_6e786d/p_The first Doodle was a simple out-of-offi_345e61")): Object 'Object Repository/Page_The Story and Evolution of Doodles - G_6e786d/p_The first Doodle was a simple out-of-offi_345e61' is visible

17-06-2024T18:08:53 - [MESSAGE][PASSED] - Object 'Object Repository/Page_The Story and Evolution of Doodles - G_6e786d/p_The first Doodle was a simple out-of-offi_345e61' is visible

17-06-2024T18:08:53 - [TEST_STEP][PASSED] - verifyElementVisible(findTestObject("Object Repository/Page_The Story and Evolution of Doodles - G_6e786d/h2_Weve created more than 5,000 Doodles ove_111429")): Object 'Object Repository/Page_The Story and Evolution of Doodles - G_6e786d/h2_Weve created more than 5,000 Doodles ove_111429' is visible

17-06-2024T18:08:53 - [MESSAGE][PASSED] - Object 'Object Repository/Page_The Story and Evolution of Doodles - G_6e786d/h2_Weve created more than 5,000 Doodles ove_111429' is visible

17-06-2024T18:08:53 - [TEST_STEP][PASSED] - click(findTestObject("Object Repository/Page_The Story and Evolution of Doodles - G_6e786d/p_The first Doodle was a simple out-of-offi_345e61")): Object: 'Object Repository/Page_The Story and Evolution of Doodles - G_6e786d/p_The first Doodle was a simple out-of-offi_345e61' is clicked on

17-06-2024T18:08:54 - [MESSAGE][PASSED] - Object: 'Object Repository/Page_The Story and Evolution of Doodles - G_6e786d/p_The first Doodle was a simple out-of-offi_345e61' is clicked on

17-06-2024T18:08:54 - [TEST_STEP][PASSED] - verifyElementVisible(findTestObject("Object Repository/Page_The Story and Evolution of Doodles - G_6e786d/h1_The story behind Doodles")): Object 'Object Repository/Page_The Story and Evolution of Doodles - G_6e786d/h1_The story behind Doodles' is visible

17-06-2024T18:08:54 - [MESSAGE][PASSED] - Object 'Object Repository/Page_The Story and Evolution of Doodles - G_6e786d/h1_The story behind Doodles' is visible

17-06-2024T18:08:54 - [TEST_STEP][PASSED] - verifyElementVisible(findTestObject("Object Repository/Page_The Story and Evolution of Doodles - G_6e786d/p_The first Doodle was a simple out-of-offi_345e61")): Object 'Object Repository/Page_The Story and Evolution of Doodles - G_6e786d/p_The first Doodle was a simple out-of-offi_345e61' is visible

17-06-2024T18:08:54 - [MESSAGE][PASSED] - Object 'Object Repository/Page_The Story and Evolution of Doodles - G_6e786d/p_The first Doodle was a simple out-of-offi_345e61' is visible

17-06-2024T18:08:54 - [TEST_STEP][PASSED] - verifyElementVisible(findTestObject("Object Repository/Page_The Story and Evolution of Doodles - G_6e786d/h2_Weve created more than 5,000 Doodles ove_111429")): Object 'Object Repository/Page_The Story and Evolution of Doodles - G_6e786d/h2_Weve created more than 5,000 Doodles ove_111429' is visible

17-06-2024T18:08:55 - [MESSAGE][PASSED] - Object 'Object Repository/Page_The Story and Evolution of Doodles - G_6e786d/h2_Weve created more than 5,000 Doodles ove_111429' is visible

17-06-2024T18:08:55 - [TEST_STEP][PASSED] - click(findTestObject("Object Repository/Page_The Story and Evolution of Doodles - G_6e786d/p_The first Doodle was a simple out-of-offi_345e61")): Object: 'Object Repository/Page_The Story and Evolution of Doodles - G_6e786d/p_The first Doodle was a simple out-of-offi_345e61' is clicked on

17-06-2024T18:08:55 - [MESSAGE][PASSED] - Object: 'Object Repository/Page_The Story and Evolution of Doodles - G_6e786d/p_The first Doodle was a simple out-of-offi_345e61' is clicked on

17-06-2024T18:08:55 - [TEST_STEP][PASSED] - verifyElementVisible(findTestObject("Object Repository/Page_The Story and Evolution of Doodles - G_6e786d/h1_The story behind Doodles")): Object 'Object Repository/Page_The Story and Evolution of Doodles - G_6e786d/h1_The story behind Doodles' is visible

17-06-2024T18:08:56 - [MESSAGE][PASSED] - Object 'Object Repository/Page_The Story and Evolution of Doodles - G_6e786d/h1_The story behind Doodles' is visible

17-06-2024T18:08:56 - [TEST_STEP][PASSED] - verifyElementVisible(findTestObject("Object Repository/Page_The Story and Evolution of Doodles - G_6e786d/p_The first Doodle was a simple out-of-offi_345e61")): Object 'Object Repository/Page_The Story and Evolution of Doodles - G_6e786d/p_The first Doodle was a simple out-of-offi_345e61' is visible

17-06-2024T18:08:56 - [MESSAGE][PASSED] - Object 'Object Repository/Page_The Story and Evolution of Doodles - G_6e786d/p_The first Doodle was a simple out-of-offi_345e61' is visible

17-06-2024T18:08:56 - [TEST_STEP][PASSED] - verifyElementVisible(findTestObject("Object Repository/Page_The Story and Evolution of Doodles - G_6e786d/h2_Weve created more than 5,000 Doodles ove_111429")): Object 'Object Repository/Page_The Story and Evolution of Doodles - G_6e786d/h2_Weve created more than 5,000 Doodles ove_111429' is visible

17-06-2024T18:08:56 - [MESSAGE][PASSED] - Object 'Object Repository/Page_The Story and Evolution of Doodles - G_6e786d/h2_Weve created more than 5,000 Doodles ove_111429' is visible

17-06-2024T18:08:56 - [TEST_STEP][PASSED] - click(findTestObject("Object Repository/Page_The Story and Evolution of Doodles - G_6e786d/p_The first Doodle was a simple out-of-offi_345e61")): Object: 'Object Repository/Page_The Story and Evolution of Doodles - G_6e786d/p_The first Doodle was a simple out-of-offi_345e61' is clicked on

17-06-2024T18:08:57 - [MESSAGE][PASSED] - Object: 'Object Repository/Page_The Story and Evolution of Doodles - G_6e786d/p_The first Doodle was a simple out-of-offi_345e61' is clicked on

17-06-2024T18:08:57 - [TEST_STEP][PASSED] - verifyElementVisible(findTestObject("Object Repository/Page_The Story and Evolution of Doodles - G_6e786d/h1_The story behind Doodles")): Object 'Object Repository/Page_The Story and Evolution of Doodles - G_6e786d/h1_The story behind Doodles' is visible

17-06-2024T18:08:57 - [MESSAGE][PASSED] - Object 'Object Repository/Page_The Story and Evolution of Doodles - G_6e786d/h1_The story behind Doodles' is visible

17-06-2024T18:08:57 - [TEST_STEP][PASSED] - verifyElementVisible(findTestObject("Object Repository/Page_The Story and Evolution of Doodles - G_6e786d/p_The first Doodle was a simple out-of-offi_345e61")): Object 'Object Repository/Page_The Story and Evolution of Doodles - G_6e786d/p_The first Doodle was a simple out-of-offi_345e61' is visible

17-06-2024T18:08:57 - [MESSAGE][PASSED] - Object 'Object Repository/Page_The Story and Evolution of Doodles - G_6e786d/p_The first Doodle was a simple out-of-offi_345e61' is visible

17-06-2024T18:08:57 - [TEST_STEP][PASSED] - verifyElementVisible(findTestObject("Object Repository/Page_The Story and Evolution of Doodles - G_6e786d/h2_Weve created more than 5,000 Doodles ove_111429")): Object 'Object Repository/Page_The Story and Evolution of Doodles - G_6e786d/h2_Weve created more than 5,000 Doodles ove_111429' is visible

17-06-2024T18:08:58 - [MESSAGE][PASSED] - Object 'Object Repository/Page_The Story and Evolution of Doodles - G_6e786d/h2_Weve created more than 5,000 Doodles ove_111429' is visible

17-06-2024T18:08:58 - [TEST_STEP][PASSED] - click(findTestObject("Object Repository/Page_The Story and Evolution of Doodles - G_6e786d/p_The first Doodle was a simple out-of-offi_345e61")): Object: 'Object Repository/Page_The Story and Evolution of Doodles - G_6e786d/p_The first Doodle was a simple out-of-offi_345e61' is clicked on

17-06-2024T18:08:58 - [MESSAGE][PASSED] - Object: 'Object Repository/Page_The Story and Evolution of Doodles - G_6e786d/p_The first Doodle was a simple out-of-offi_345e61' is clicked on

17-06-2024T18:08:58 - [TEST_STEP][PASSED] - verifyElementVisible(findTestObject("Object Repository/Page_The Story and Evolution of Doodles - G_6e786d/h1_The story behind Doodles")): Object 'Object Repository/Page_The Story and Evolution of Doodles - G_6e786d/h1_The story behind Doodles' is visible

17-06-2024T18:08:58 - [MESSAGE][PASSED] - Object 'Object Repository/Page_The Story and Evolution of Doodles - G_6e786d/h1_The story behind Doodles' is visible

17-06-2024T18:08:58 - [TEST_STEP][PASSED] - verifyElementVisible(findTestObject("Object Repository/Page_The Story and Evolution of Doodles - G_6e786d/p_The first Doodle was a simple out-of-offi_345e61")): Object 'Object Repository/Page_The Story and Evolution of Doodles - G_6e786d/p_The first Doodle was a simple out-of-offi_345e61' is visible

17-06-2024T18:08:59 - [MESSAGE][PASSED] - Object 'Object Repository/Page_The Story and Evolution of Doodles - G_6e786d/p_The first Doodle was a simple out-of-offi_345e61' is visible

17-06-2024T18:08:59 - [TEST_STEP][PASSED] - verifyElementVisible(findTestObject("Object Repository/Page_The Story and Evolution of Doodles - G_6e786d/h2_Weve created more than 5,000 Doodles ove_111429")): Object 'Object Repository/Page_The Story and Evolution of Doodles - G_6e786d/h2_Weve created more than 5,000 Doodles ove_111429' is visible

17-06-2024T18:08:59 - [MESSAGE][PASSED] - Object 'Object Repository/Page_The Story and Evolution of Doodles - G_6e786d/h2_Weve created more than 5,000 Doodles ove_111429' is visible

17-06-2024T18:08:59 - [TEST_STEP][PASSED] - click(findTestObject("Object Repository/Page_The Story and Evolution of Doodles - G_6e786d/p_The first Doodle was a simple out-of-offi_345e61")): Object: 'Object Repository/Page_The Story and Evolution of Doodles - G_6e786d/p_The first Doodle was a simple out-of-offi_345e61' is clicked on

17-06-2024T18:08:59 - [MESSAGE][PASSED] - Object: 'Object Repository/Page_The Story and Evolution of Doodles - G_6e786d/p_The first Doodle was a simple out-of-offi_345e61' is clicked on

17-06-2024T18:08:59 - [TEST_STEP][PASSED] - verifyElementVisible(findTestObject("Object Repository/Page_The Story and Evolution of Doodles - G_6e786d/h1_The story behind Doodles")): Object 'Object Repository/Page_The Story and Evolution of Doodles - G_6e786d/h1_The story behind Doodles' is visible

17-06-2024T18:09:00 - [MESSAGE][PASSED] - Object 'Object Repository/Page_The Story and Evolution of Doodles - G_6e786d/h1_The story behind Doodles' is visible

17-06-2024T18:09:00 - [TEST_STEP][PASSED] - verifyElementVisible(findTestObject("Object Repository/Page_The Story and Evolution of Doodles - G_6e786d/p_The first Doodle was a simple out-of-offi_345e61")): Object 'Object Repository/Page_The Story and Evolution of Doodles - G_6e786d/p_The first Doodle was a simple out-of-offi_345e61' is visible

17-06-2024T18:09:00 - [MESSAGE][PASSED] - Object 'Object Repository/Page_The Story and Evolution of Doodles - G_6e786d/p_The first Doodle was a simple out-of-offi_345e61' is visible

17-06-2024T18:09:00 - [TEST_STEP][PASSED] - verifyElementVisible(findTestObject("Object Repository/Page_The Story and Evolution of Doodles - G_6e786d/h2_Weve created more than 5,000 Doodles ove_111429")): Object 'Object Repository/Page_The Story and Evolution of Doodles - G_6e786d/h2_Weve created more than 5,000 Doodles ove_111429' is visible

17-06-2024T18:09:00 - [MESSAGE][PASSED] - Object 'Object Repository/Page_The Story and Evolution of Doodles - G_6e786d/h2_Weve created more than 5,000 Doodles ove_111429' is visible

17-06-2024T18:09:00 - [TEST_STEP][PASSED] - click(findTestObject("Object Repository/Page_The Story and Evolution of Doodles - G_6e786d/p_The first Doodle was a simple out-of-offi_345e61")): Object: 'Object Repository/Page_The Story and Evolution of Doodles - G_6e786d/p_The first Doodle was a simple out-of-offi_345e61' is clicked on

17-06-2024T18:09:01 - [MESSAGE][PASSED] - Object: 'Object Repository/Page_The Story and Evolution of Doodles - G_6e786d/p_The first Doodle was a simple out-of-offi_345e61' is clicked on

17-06-2024T18:09:01 - [TEST_STEP][PASSED] - verifyElementVisible(findTestObject("Object Repository/Page_The Story and Evolution of Doodles - G_6e786d/h1_The story behind Doodles")): Object 'Object Repository/Page_The Story and Evolution of Doodles - G_6e786d/h1_The story behind Doodles' is visible

17-06-2024T18:09:01 - [MESSAGE][PASSED] - Object 'Object Repository/Page_The Story and Evolution of Doodles - G_6e786d/h1_The story behind Doodles' is visible

17-06-2024T18:09:01 - [TEST_STEP][PASSED] - verifyElementVisible(findTestObject("Object Repository/Page_The Story and Evolution of Doodles - G_6e786d/p_The first Doodle was a simple out-of-offi_345e61")): Object 'Object Repository/Page_The Story and Evolution of Doodles - G_6e786d/p_The first Doodle was a simple out-of-offi_345e61' is visible

17-06-2024T18:09:01 - [MESSAGE][PASSED] - Object 'Object Repository/Page_The Story and Evolution of Doodles - G_6e786d/p_The first Doodle was a simple out-of-offi_345e61' is visible

17-06-2024T18:09:01 - [TEST_STEP][PASSED] - verifyElementVisible(findTestObject("Object Repository/Page_The Story and Evolution of Doodles - G_6e786d/h2_Weve created more than 5,000 Doodles ove_111429")): Object 'Object Repository/Page_The Story and Evolution of Doodles - G_6e786d/h2_Weve created more than 5,000 Doodles ove_111429' is visible

17-06-2024T18:09:02 - [MESSAGE][PASSED] - Object 'Object Repository/Page_The Story and Evolution of Doodles - G_6e786d/h2_Weve created more than 5,000 Doodles ove_111429' is visible

17-06-2024T18:09:02 - [TEST_STEP][PASSED] - click(findTestObject("Object Repository/Page_The Story and Evolution of Doodles - G_6e786d/p_The first Doodle was a simple out-of-offi_345e61")): Object: 'Object Repository/Page_The Story and Evolution of Doodles - G_6e786d/p_The first Doodle was a simple out-of-offi_345e61' is clicked on

17-06-2024T18:09:02 - [MESSAGE][PASSED] - Object: 'Object Repository/Page_The Story and Evolution of Doodles - G_6e786d/p_The first Doodle was a simple out-of-offi_345e61' is clicked on

17-06-2024T18:09:02 - [TEST_STEP][PASSED] - verifyElementVisible(findTestObject("Object Repository/Page_The Story and Evolution of Doodles - G_6e786d/h1_The story behind Doodles")): Object 'Object Repository/Page_The Story and Evolution of Doodles - G_6e786d/h1_The story behind Doodles' is visible

17-06-2024T18:09:02 - [MESSAGE][PASSED] - Object 'Object Repository/Page_The Story and Evolution of Doodles - G_6e786d/h1_The story behind Doodles' is visible

17-06-2024T18:09:02 - [TEST_STEP][PASSED] - verifyElementVisible(findTestObject("Object Repository/Page_The Story and Evolution of Doodles - G_6e786d/p_The first Doodle was a simple out-of-offi_345e61")): Object 'Object Repository/Page_The Story and Evolution of Doodles - G_6e786d/p_The first Doodle was a simple out-of-offi_345e61' is visible

17-06-2024T18:09:03 - [MESSAGE][PASSED] - Object 'Object Repository/Page_The Story and Evolution of Doodles - G_6e786d/p_The first Doodle was a simple out-of-offi_345e61' is visible

17-06-2024T18:09:03 - [TEST_STEP][PASSED] - verifyElementVisible(findTestObject("Object Repository/Page_The Story and Evolution of Doodles - G_6e786d/h2_Weve created more than 5,000 Doodles ove_111429")): Object 'Object Repository/Page_The Story and Evolution of Doodles - G_6e786d/h2_Weve created more than 5,000 Doodles ove_111429' is visible

17-06-2024T18:09:03 - [MESSAGE][PASSED] - Object 'Object Repository/Page_The Story and Evolution of Doodles - G_6e786d/h2_Weve created more than 5,000 Doodles ove_111429' is visible

17-06-2024T18:09:03 - [TEST_STEP][PASSED] - click(findTestObject("Object Repository/Page_The Story and Evolution of Doodles - G_6e786d/p_The first Doodle was a simple out-of-offi_345e61")): Object: 'Object Repository/Page_The Story and Evolution of Doodles - G_6e786d/p_The first Doodle was a simple out-of-offi_345e61' is clicked on

17-06-2024T18:09:03 - [MESSAGE][PASSED] - Object: 'Object Repository/Page_The Story and Evolution of Doodles - G_6e786d/p_The first Doodle was a simple out-of-offi_345e61' is clicked on

17-06-2024T18:09:03 - [TEST_STEP][PASSED] - verifyElementVisible(findTestObject("Object Repository/Page_The Story and Evolution of Doodles - G_6e786d/h1_The story behind Doodles")): Object 'Object Repository/Page_The Story and Evolution of Doodles - G_6e786d/h1_The story behind Doodles' is visible

17-06-2024T18:09:04 - [MESSAGE][PASSED] - Object 'Object Repository/Page_The Story and Evolution of Doodles - G_6e786d/h1_The story behind Doodles' is visible

17-06-2024T18:09:04 - [TEST_STEP][PASSED] - verifyElementVisible(findTestObject("Object Repository/Page_The Story and Evolution of Doodles - G_6e786d/p_The first Doodle was a simple out-of-offi_345e61")): Object 'Object Repository/Page_The Story and Evolution of Doodles - G_6e786d/p_The first Doodle was a simple out-of-offi_345e61' is visible

17-06-2024T18:09:04 - [MESSAGE][PASSED] - Object 'Object Repository/Page_The Story and Evolution of Doodles - G_6e786d/p_The first Doodle was a simple out-of-offi_345e61' is visible

17-06-2024T18:09:04 - [TEST_STEP][PASSED] - verifyElementVisible(findTestObject("Object Repository/Page_The Story and Evolution of Doodles - G_6e786d/h2_Weve created more than 5,000 Doodles ove_111429")): Object 'Object Repository/Page_The Story and Evolution of Doodles - G_6e786d/h2_Weve created more than 5,000 Doodles ove_111429' is visible

17-06-2024T18:09:05 - [MESSAGE][PASSED] - Object 'Object Repository/Page_The Story and Evolution of Doodles - G_6e786d/h2_Weve created more than 5,000 Doodles ove_111429' is visible

17-06-2024T18:09:05 - [TEST_STEP][PASSED] - click(findTestObject("Object Repository/Page_The Story and Evolution of Doodles - G_6e786d/p_The first Doodle was a simple out-of-offi_345e61")): Object: 'Object Repository/Page_The Story and Evolution of Doodles - G_6e786d/p_The first Doodle was a simple out-of-offi_345e61' is clicked on

17-06-2024T18:09:05 - [MESSAGE][PASSED] - Object: 'Object Repository/Page_The Story and Evolution of Doodles - G_6e786d/p_The first Doodle was a simple out-of-offi_345e61' is clicked on

17-06-2024T18:09:05 - [TEST_STEP][PASSED] - verifyElementVisible(findTestObject("Object Repository/Page_The Story and Evolution of Doodles - G_6e786d/h1_The story behind Doodles")): Object 'Object Repository/Page_The Story and Evolution of Doodles - G_6e786d/h1_The story behind Doodles' is visible

17-06-2024T18:09:05 - [MESSAGE][PASSED] - Object 'Object Repository/Page_The Story and Evolution of Doodles - G_6e786d/h1_The story behind Doodles' is visible

17-06-2024T18:09:05 - [TEST_STEP][PASSED] - verifyElementVisible(findTestObject("Object Repository/Page_The Story and Evolution of Doodles - G_6e786d/p_The first Doodle was a simple out-of-offi_345e61")): Object 'Object Repository/Page_The Story and Evolution of Doodles - G_6e786d/p_The first Doodle was a simple out-of-offi_345e61' is visible

17-06-2024T18:09:06 - [MESSAGE][PASSED] - Object 'Object Repository/Page_The Story and Evolution of Doodles - G_6e786d/p_The first Doodle was a simple out-of-offi_345e61' is visible

17-06-2024T18:09:06 - [TEST_STEP][PASSED] - verifyElementVisible(findTestObject("Object Repository/Page_The Story and Evolution of Doodles - G_6e786d/h2_Weve created more than 5,000 Doodles ove_111429")): Object 'Object Repository/Page_The Story and Evolution of Doodles - G_6e786d/h2_Weve created more than 5,000 Doodles ove_111429' is visible

17-06-2024T18:09:06 - [MESSAGE][PASSED] - Object 'Object Repository/Page_The Story and Evolution of Doodles - G_6e786d/h2_Weve created more than 5,000 Doodles ove_111429' is visible]]></system-out>
         <system-err><![CDATA[]]></system-err>
      </testcase>
      <testcase name="Test Cases/test case folder 1/tc1 - Copy (5)" time="19.9" classname="Test Cases/test case folder 1/tc1 - Copy (5)" status="PASSED">
         <system-out><![CDATA[17-06-2024T18:09:06 - [TEST_CASE][PASSED] - Test Cases/test case folder 1/tc1 - Copy (5): Test Cases/test case folder 1/tc1 - Copy (5)

17-06-2024T18:09:06 - [TEST_STEP][PASSED] - openBrowser(""): Browser is opened with url: ''

17-06-2024T18:09:06 - [MESSAGE][WARNING] - A browser is already opened. Closing browser and opening a new one

17-06-2024T18:09:06 - [MESSAGE][INFO] - Starting 'Chrome (headless)' driver

17-06-2024T18:09:06 - [MESSAGE][INFO] - Action delay is set to 0 milliseconds

17-06-2024T18:09:07 - [MESSAGE][PASSED] - Browser is opened with url: ''

17-06-2024T18:09:07 - [TEST_STEP][PASSED] - navigateToUrl("https://doodles.google/about/"): Navigate to 'https://doodles.google/about/' successfully

17-06-2024T18:09:10 - [MESSAGE][PASSED] - Navigate to 'https://doodles.google/about/' successfully

17-06-2024T18:09:10 - [TEST_STEP][PASSED] - click(findTestObject("Object Repository/Page_The Story and Evolution of Doodles - G_6e786d/p_The first Doodle was a simple out-of-offi_345e61")): Object: 'Object Repository/Page_The Story and Evolution of Doodles - G_6e786d/p_The first Doodle was a simple out-of-offi_345e61' is clicked on

17-06-2024T18:09:10 - [MESSAGE][PASSED] - Object: 'Object Repository/Page_The Story and Evolution of Doodles - G_6e786d/p_The first Doodle was a simple out-of-offi_345e61' is clicked on

17-06-2024T18:09:10 - [TEST_STEP][PASSED] - click(findTestObject("Object Repository/Page_The Story and Evolution of Doodles - G_6e786d/p_The first Doodle was a simple out-of-offi_345e61")): Object: 'Object Repository/Page_The Story and Evolution of Doodles - G_6e786d/p_The first Doodle was a simple out-of-offi_345e61' is clicked on

17-06-2024T18:09:11 - [MESSAGE][PASSED] - Object: 'Object Repository/Page_The Story and Evolution of Doodles - G_6e786d/p_The first Doodle was a simple out-of-offi_345e61' is clicked on

17-06-2024T18:09:11 - [TEST_STEP][PASSED] - verifyElementVisible(findTestObject("Object Repository/Page_The Story and Evolution of Doodles - G_6e786d/h1_The story behind Doodles")): Object 'Object Repository/Page_The Story and Evolution of Doodles - G_6e786d/h1_The story behind Doodles' is visible

17-06-2024T18:09:11 - [MESSAGE][PASSED] - Object 'Object Repository/Page_The Story and Evolution of Doodles - G_6e786d/h1_The story behind Doodles' is visible

17-06-2024T18:09:11 - [TEST_STEP][PASSED] - verifyElementVisible(findTestObject("Object Repository/Page_The Story and Evolution of Doodles - G_6e786d/p_The first Doodle was a simple out-of-offi_345e61")): Object 'Object Repository/Page_The Story and Evolution of Doodles - G_6e786d/p_The first Doodle was a simple out-of-offi_345e61' is visible

17-06-2024T18:09:12 - [MESSAGE][PASSED] - Object 'Object Repository/Page_The Story and Evolution of Doodles - G_6e786d/p_The first Doodle was a simple out-of-offi_345e61' is visible

17-06-2024T18:09:12 - [TEST_STEP][PASSED] - verifyElementVisible(findTestObject("Object Repository/Page_The Story and Evolution of Doodles - G_6e786d/h2_Weve created more than 5,000 Doodles ove_111429")): Object 'Object Repository/Page_The Story and Evolution of Doodles - G_6e786d/h2_Weve created more than 5,000 Doodles ove_111429' is visible

17-06-2024T18:09:12 - [MESSAGE][PASSED] - Object 'Object Repository/Page_The Story and Evolution of Doodles - G_6e786d/h2_Weve created more than 5,000 Doodles ove_111429' is visible

17-06-2024T18:09:12 - [TEST_STEP][PASSED] - verifyElementVisible(findTestObject("Object Repository/Page_The Story and Evolution of Doodles - G_6e786d/h1_The story behind Doodles")): Object 'Object Repository/Page_The Story and Evolution of Doodles - G_6e786d/h1_The story behind Doodles' is visible

17-06-2024T18:09:12 - [MESSAGE][PASSED] - Object 'Object Repository/Page_The Story and Evolution of Doodles - G_6e786d/h1_The story behind Doodles' is visible

17-06-2024T18:09:12 - [TEST_STEP][PASSED] - verifyElementVisible(findTestObject("Object Repository/Page_The Story and Evolution of Doodles - G_6e786d/p_The first Doodle was a simple out-of-offi_345e61")): Object 'Object Repository/Page_The Story and Evolution of Doodles - G_6e786d/p_The first Doodle was a simple out-of-offi_345e61' is visible

17-06-2024T18:09:13 - [MESSAGE][PASSED] - Object 'Object Repository/Page_The Story and Evolution of Doodles - G_6e786d/p_The first Doodle was a simple out-of-offi_345e61' is visible

17-06-2024T18:09:13 - [TEST_STEP][PASSED] - verifyElementVisible(findTestObject("Object Repository/Page_The Story and Evolution of Doodles - G_6e786d/h2_Weve created more than 5,000 Doodles ove_111429")): Object 'Object Repository/Page_The Story and Evolution of Doodles - G_6e786d/h2_Weve created more than 5,000 Doodles ove_111429' is visible

17-06-2024T18:09:13 - [MESSAGE][PASSED] - Object 'Object Repository/Page_The Story and Evolution of Doodles - G_6e786d/h2_Weve created more than 5,000 Doodles ove_111429' is visible

17-06-2024T18:09:13 - [TEST_STEP][PASSED] - click(findTestObject("Object Repository/Page_The Story and Evolution of Doodles - G_6e786d/p_The first Doodle was a simple out-of-offi_345e61")): Object: 'Object Repository/Page_The Story and Evolution of Doodles - G_6e786d/p_The first Doodle was a simple out-of-offi_345e61' is clicked on

17-06-2024T18:09:13 - [MESSAGE][PASSED] - Object: 'Object Repository/Page_The Story and Evolution of Doodles - G_6e786d/p_The first Doodle was a simple out-of-offi_345e61' is clicked on

17-06-2024T18:09:13 - [TEST_STEP][PASSED] - verifyElementVisible(findTestObject("Object Repository/Page_The Story and Evolution of Doodles - G_6e786d/h1_The story behind Doodles")): Object 'Object Repository/Page_The Story and Evolution of Doodles - G_6e786d/h1_The story behind Doodles' is visible

17-06-2024T18:09:14 - [MESSAGE][PASSED] - Object 'Object Repository/Page_The Story and Evolution of Doodles - G_6e786d/h1_The story behind Doodles' is visible

17-06-2024T18:09:14 - [TEST_STEP][PASSED] - verifyElementVisible(findTestObject("Object Repository/Page_The Story and Evolution of Doodles - G_6e786d/p_The first Doodle was a simple out-of-offi_345e61")): Object 'Object Repository/Page_The Story and Evolution of Doodles - G_6e786d/p_The first Doodle was a simple out-of-offi_345e61' is visible

17-06-2024T18:09:14 - [MESSAGE][PASSED] - Object 'Object Repository/Page_The Story and Evolution of Doodles - G_6e786d/p_The first Doodle was a simple out-of-offi_345e61' is visible

17-06-2024T18:09:14 - [TEST_STEP][PASSED] - verifyElementVisible(findTestObject("Object Repository/Page_The Story and Evolution of Doodles - G_6e786d/h2_Weve created more than 5,000 Doodles ove_111429")): Object 'Object Repository/Page_The Story and Evolution of Doodles - G_6e786d/h2_Weve created more than 5,000 Doodles ove_111429' is visible

17-06-2024T18:09:14 - [MESSAGE][PASSED] - Object 'Object Repository/Page_The Story and Evolution of Doodles - G_6e786d/h2_Weve created more than 5,000 Doodles ove_111429' is visible

17-06-2024T18:09:14 - [TEST_STEP][PASSED] - click(findTestObject("Object Repository/Page_The Story and Evolution of Doodles - G_6e786d/p_The first Doodle was a simple out-of-offi_345e61")): Object: 'Object Repository/Page_The Story and Evolution of Doodles - G_6e786d/p_The first Doodle was a simple out-of-offi_345e61' is clicked on

17-06-2024T18:09:15 - [MESSAGE][PASSED] - Object: 'Object Repository/Page_The Story and Evolution of Doodles - G_6e786d/p_The first Doodle was a simple out-of-offi_345e61' is clicked on

17-06-2024T18:09:15 - [TEST_STEP][PASSED] - verifyElementVisible(findTestObject("Object Repository/Page_The Story and Evolution of Doodles - G_6e786d/h1_The story behind Doodles")): Object 'Object Repository/Page_The Story and Evolution of Doodles - G_6e786d/h1_The story behind Doodles' is visible

17-06-2024T18:09:15 - [MESSAGE][PASSED] - Object 'Object Repository/Page_The Story and Evolution of Doodles - G_6e786d/h1_The story behind Doodles' is visible

17-06-2024T18:09:15 - [TEST_STEP][PASSED] - verifyElementVisible(findTestObject("Object Repository/Page_The Story and Evolution of Doodles - G_6e786d/p_The first Doodle was a simple out-of-offi_345e61")): Object 'Object Repository/Page_The Story and Evolution of Doodles - G_6e786d/p_The first Doodle was a simple out-of-offi_345e61' is visible

17-06-2024T18:09:16 - [MESSAGE][PASSED] - Object 'Object Repository/Page_The Story and Evolution of Doodles - G_6e786d/p_The first Doodle was a simple out-of-offi_345e61' is visible

17-06-2024T18:09:16 - [TEST_STEP][PASSED] - verifyElementVisible(findTestObject("Object Repository/Page_The Story and Evolution of Doodles - G_6e786d/h2_Weve created more than 5,000 Doodles ove_111429")): Object 'Object Repository/Page_The Story and Evolution of Doodles - G_6e786d/h2_Weve created more than 5,000 Doodles ove_111429' is visible

17-06-2024T18:09:16 - [MESSAGE][PASSED] - Object 'Object Repository/Page_The Story and Evolution of Doodles - G_6e786d/h2_Weve created more than 5,000 Doodles ove_111429' is visible

17-06-2024T18:09:16 - [TEST_STEP][PASSED] - click(findTestObject("Object Repository/Page_The Story and Evolution of Doodles - G_6e786d/p_The first Doodle was a simple out-of-offi_345e61")): Object: 'Object Repository/Page_The Story and Evolution of Doodles - G_6e786d/p_The first Doodle was a simple out-of-offi_345e61' is clicked on

17-06-2024T18:09:16 - [MESSAGE][PASSED] - Object: 'Object Repository/Page_The Story and Evolution of Doodles - G_6e786d/p_The first Doodle was a simple out-of-offi_345e61' is clicked on

17-06-2024T18:09:16 - [TEST_STEP][PASSED] - verifyElementVisible(findTestObject("Object Repository/Page_The Story and Evolution of Doodles - G_6e786d/h1_The story behind Doodles")): Object 'Object Repository/Page_The Story and Evolution of Doodles - G_6e786d/h1_The story behind Doodles' is visible

17-06-2024T18:09:17 - [MESSAGE][PASSED] - Object 'Object Repository/Page_The Story and Evolution of Doodles - G_6e786d/h1_The story behind Doodles' is visible

17-06-2024T18:09:17 - [TEST_STEP][PASSED] - verifyElementVisible(findTestObject("Object Repository/Page_The Story and Evolution of Doodles - G_6e786d/p_The first Doodle was a simple out-of-offi_345e61")): Object 'Object Repository/Page_The Story and Evolution of Doodles - G_6e786d/p_The first Doodle was a simple out-of-offi_345e61' is visible

17-06-2024T18:09:17 - [MESSAGE][PASSED] - Object 'Object Repository/Page_The Story and Evolution of Doodles - G_6e786d/p_The first Doodle was a simple out-of-offi_345e61' is visible

17-06-2024T18:09:17 - [TEST_STEP][PASSED] - verifyElementVisible(findTestObject("Object Repository/Page_The Story and Evolution of Doodles - G_6e786d/h2_Weve created more than 5,000 Doodles ove_111429")): Object 'Object Repository/Page_The Story and Evolution of Doodles - G_6e786d/h2_Weve created more than 5,000 Doodles ove_111429' is visible

17-06-2024T18:09:17 - [MESSAGE][PASSED] - Object 'Object Repository/Page_The Story and Evolution of Doodles - G_6e786d/h2_Weve created more than 5,000 Doodles ove_111429' is visible

17-06-2024T18:09:17 - [TEST_STEP][PASSED] - click(findTestObject("Object Repository/Page_The Story and Evolution of Doodles - G_6e786d/p_The first Doodle was a simple out-of-offi_345e61")): Object: 'Object Repository/Page_The Story and Evolution of Doodles - G_6e786d/p_The first Doodle was a simple out-of-offi_345e61' is clicked on

17-06-2024T18:09:18 - [MESSAGE][PASSED] - Object: 'Object Repository/Page_The Story and Evolution of Doodles - G_6e786d/p_The first Doodle was a simple out-of-offi_345e61' is clicked on

17-06-2024T18:09:18 - [TEST_STEP][PASSED] - verifyElementVisible(findTestObject("Object Repository/Page_The Story and Evolution of Doodles - G_6e786d/h1_The story behind Doodles")): Object 'Object Repository/Page_The Story and Evolution of Doodles - G_6e786d/h1_The story behind Doodles' is visible

17-06-2024T18:09:18 - [MESSAGE][PASSED] - Object 'Object Repository/Page_The Story and Evolution of Doodles - G_6e786d/h1_The story behind Doodles' is visible

17-06-2024T18:09:18 - [TEST_STEP][PASSED] - verifyElementVisible(findTestObject("Object Repository/Page_The Story and Evolution of Doodles - G_6e786d/p_The first Doodle was a simple out-of-offi_345e61")): Object 'Object Repository/Page_The Story and Evolution of Doodles - G_6e786d/p_The first Doodle was a simple out-of-offi_345e61' is visible

17-06-2024T18:09:18 - [MESSAGE][PASSED] - Object 'Object Repository/Page_The Story and Evolution of Doodles - G_6e786d/p_The first Doodle was a simple out-of-offi_345e61' is visible

17-06-2024T18:09:18 - [TEST_STEP][PASSED] - verifyElementVisible(findTestObject("Object Repository/Page_The Story and Evolution of Doodles - G_6e786d/h2_Weve created more than 5,000 Doodles ove_111429")): Object 'Object Repository/Page_The Story and Evolution of Doodles - G_6e786d/h2_Weve created more than 5,000 Doodles ove_111429' is visible

17-06-2024T18:09:19 - [MESSAGE][PASSED] - Object 'Object Repository/Page_The Story and Evolution of Doodles - G_6e786d/h2_Weve created more than 5,000 Doodles ove_111429' is visible

17-06-2024T18:09:19 - [TEST_STEP][PASSED] - click(findTestObject("Object Repository/Page_The Story and Evolution of Doodles - G_6e786d/p_The first Doodle was a simple out-of-offi_345e61")): Object: 'Object Repository/Page_The Story and Evolution of Doodles - G_6e786d/p_The first Doodle was a simple out-of-offi_345e61' is clicked on

17-06-2024T18:09:19 - [MESSAGE][PASSED] - Object: 'Object Repository/Page_The Story and Evolution of Doodles - G_6e786d/p_The first Doodle was a simple out-of-offi_345e61' is clicked on

17-06-2024T18:09:19 - [TEST_STEP][PASSED] - verifyElementVisible(findTestObject("Object Repository/Page_The Story and Evolution of Doodles - G_6e786d/h1_The story behind Doodles")): Object 'Object Repository/Page_The Story and Evolution of Doodles - G_6e786d/h1_The story behind Doodles' is visible

17-06-2024T18:09:20 - [MESSAGE][PASSED] - Object 'Object Repository/Page_The Story and Evolution of Doodles - G_6e786d/h1_The story behind Doodles' is visible

17-06-2024T18:09:20 - [TEST_STEP][PASSED] - verifyElementVisible(findTestObject("Object Repository/Page_The Story and Evolution of Doodles - G_6e786d/p_The first Doodle was a simple out-of-offi_345e61")): Object 'Object Repository/Page_The Story and Evolution of Doodles - G_6e786d/p_The first Doodle was a simple out-of-offi_345e61' is visible

17-06-2024T18:09:20 - [MESSAGE][PASSED] - Object 'Object Repository/Page_The Story and Evolution of Doodles - G_6e786d/p_The first Doodle was a simple out-of-offi_345e61' is visible

17-06-2024T18:09:20 - [TEST_STEP][PASSED] - verifyElementVisible(findTestObject("Object Repository/Page_The Story and Evolution of Doodles - G_6e786d/h2_Weve created more than 5,000 Doodles ove_111429")): Object 'Object Repository/Page_The Story and Evolution of Doodles - G_6e786d/h2_Weve created more than 5,000 Doodles ove_111429' is visible

17-06-2024T18:09:20 - [MESSAGE][PASSED] - Object 'Object Repository/Page_The Story and Evolution of Doodles - G_6e786d/h2_Weve created more than 5,000 Doodles ove_111429' is visible

17-06-2024T18:09:20 - [TEST_STEP][PASSED] - click(findTestObject("Object Repository/Page_The Story and Evolution of Doodles - G_6e786d/p_The first Doodle was a simple out-of-offi_345e61")): Object: 'Object Repository/Page_The Story and Evolution of Doodles - G_6e786d/p_The first Doodle was a simple out-of-offi_345e61' is clicked on

17-06-2024T18:09:21 - [MESSAGE][PASSED] - Object: 'Object Repository/Page_The Story and Evolution of Doodles - G_6e786d/p_The first Doodle was a simple out-of-offi_345e61' is clicked on

17-06-2024T18:09:21 - [TEST_STEP][PASSED] - verifyElementVisible(findTestObject("Object Repository/Page_The Story and Evolution of Doodles - G_6e786d/h1_The story behind Doodles")): Object 'Object Repository/Page_The Story and Evolution of Doodles - G_6e786d/h1_The story behind Doodles' is visible

17-06-2024T18:09:21 - [MESSAGE][PASSED] - Object 'Object Repository/Page_The Story and Evolution of Doodles - G_6e786d/h1_The story behind Doodles' is visible

17-06-2024T18:09:21 - [TEST_STEP][PASSED] - verifyElementVisible(findTestObject("Object Repository/Page_The Story and Evolution of Doodles - G_6e786d/p_The first Doodle was a simple out-of-offi_345e61")): Object 'Object Repository/Page_The Story and Evolution of Doodles - G_6e786d/p_The first Doodle was a simple out-of-offi_345e61' is visible

17-06-2024T18:09:21 - [MESSAGE][PASSED] - Object 'Object Repository/Page_The Story and Evolution of Doodles - G_6e786d/p_The first Doodle was a simple out-of-offi_345e61' is visible

17-06-2024T18:09:21 - [TEST_STEP][PASSED] - verifyElementVisible(findTestObject("Object Repository/Page_The Story and Evolution of Doodles - G_6e786d/h2_Weve created more than 5,000 Doodles ove_111429")): Object 'Object Repository/Page_The Story and Evolution of Doodles - G_6e786d/h2_Weve created more than 5,000 Doodles ove_111429' is visible

17-06-2024T18:09:22 - [MESSAGE][PASSED] - Object 'Object Repository/Page_The Story and Evolution of Doodles - G_6e786d/h2_Weve created more than 5,000 Doodles ove_111429' is visible

17-06-2024T18:09:22 - [TEST_STEP][PASSED] - click(findTestObject("Object Repository/Page_The Story and Evolution of Doodles - G_6e786d/p_The first Doodle was a simple out-of-offi_345e61")): Object: 'Object Repository/Page_The Story and Evolution of Doodles - G_6e786d/p_The first Doodle was a simple out-of-offi_345e61' is clicked on

17-06-2024T18:09:22 - [MESSAGE][PASSED] - Object: 'Object Repository/Page_The Story and Evolution of Doodles - G_6e786d/p_The first Doodle was a simple out-of-offi_345e61' is clicked on

17-06-2024T18:09:22 - [TEST_STEP][PASSED] - verifyElementVisible(findTestObject("Object Repository/Page_The Story and Evolution of Doodles - G_6e786d/h1_The story behind Doodles")): Object 'Object Repository/Page_The Story and Evolution of Doodles - G_6e786d/h1_The story behind Doodles' is visible

17-06-2024T18:09:22 - [MESSAGE][PASSED] - Object 'Object Repository/Page_The Story and Evolution of Doodles - G_6e786d/h1_The story behind Doodles' is visible

17-06-2024T18:09:22 - [TEST_STEP][PASSED] - verifyElementVisible(findTestObject("Object Repository/Page_The Story and Evolution of Doodles - G_6e786d/p_The first Doodle was a simple out-of-offi_345e61")): Object 'Object Repository/Page_The Story and Evolution of Doodles - G_6e786d/p_The first Doodle was a simple out-of-offi_345e61' is visible

17-06-2024T18:09:23 - [MESSAGE][PASSED] - Object 'Object Repository/Page_The Story and Evolution of Doodles - G_6e786d/p_The first Doodle was a simple out-of-offi_345e61' is visible

17-06-2024T18:09:23 - [TEST_STEP][PASSED] - verifyElementVisible(findTestObject("Object Repository/Page_The Story and Evolution of Doodles - G_6e786d/h2_Weve created more than 5,000 Doodles ove_111429")): Object 'Object Repository/Page_The Story and Evolution of Doodles - G_6e786d/h2_Weve created more than 5,000 Doodles ove_111429' is visible

17-06-2024T18:09:23 - [MESSAGE][PASSED] - Object 'Object Repository/Page_The Story and Evolution of Doodles - G_6e786d/h2_Weve created more than 5,000 Doodles ove_111429' is visible

17-06-2024T18:09:23 - [TEST_STEP][PASSED] - click(findTestObject("Object Repository/Page_The Story and Evolution of Doodles - G_6e786d/p_The first Doodle was a simple out-of-offi_345e61")): Object: 'Object Repository/Page_The Story and Evolution of Doodles - G_6e786d/p_The first Doodle was a simple out-of-offi_345e61' is clicked on

17-06-2024T18:09:23 - [MESSAGE][PASSED] - Object: 'Object Repository/Page_The Story and Evolution of Doodles - G_6e786d/p_The first Doodle was a simple out-of-offi_345e61' is clicked on

17-06-2024T18:09:23 - [TEST_STEP][PASSED] - verifyElementVisible(findTestObject("Object Repository/Page_The Story and Evolution of Doodles - G_6e786d/h1_The story behind Doodles")): Object 'Object Repository/Page_The Story and Evolution of Doodles - G_6e786d/h1_The story behind Doodles' is visible

17-06-2024T18:09:24 - [MESSAGE][PASSED] - Object 'Object Repository/Page_The Story and Evolution of Doodles - G_6e786d/h1_The story behind Doodles' is visible

17-06-2024T18:09:24 - [TEST_STEP][PASSED] - verifyElementVisible(findTestObject("Object Repository/Page_The Story and Evolution of Doodles - G_6e786d/p_The first Doodle was a simple out-of-offi_345e61")): Object 'Object Repository/Page_The Story and Evolution of Doodles - G_6e786d/p_The first Doodle was a simple out-of-offi_345e61' is visible

17-06-2024T18:09:24 - [MESSAGE][PASSED] - Object 'Object Repository/Page_The Story and Evolution of Doodles - G_6e786d/p_The first Doodle was a simple out-of-offi_345e61' is visible

17-06-2024T18:09:24 - [TEST_STEP][PASSED] - verifyElementVisible(findTestObject("Object Repository/Page_The Story and Evolution of Doodles - G_6e786d/h2_Weve created more than 5,000 Doodles ove_111429")): Object 'Object Repository/Page_The Story and Evolution of Doodles - G_6e786d/h2_Weve created more than 5,000 Doodles ove_111429' is visible

17-06-2024T18:09:24 - [MESSAGE][PASSED] - Object 'Object Repository/Page_The Story and Evolution of Doodles - G_6e786d/h2_Weve created more than 5,000 Doodles ove_111429' is visible

17-06-2024T18:09:24 - [TEST_STEP][PASSED] - click(findTestObject("Object Repository/Page_The Story and Evolution of Doodles - G_6e786d/p_The first Doodle was a simple out-of-offi_345e61")): Object: 'Object Repository/Page_The Story and Evolution of Doodles - G_6e786d/p_The first Doodle was a simple out-of-offi_345e61' is clicked on

17-06-2024T18:09:25 - [MESSAGE][PASSED] - Object: 'Object Repository/Page_The Story and Evolution of Doodles - G_6e786d/p_The first Doodle was a simple out-of-offi_345e61' is clicked on

17-06-2024T18:09:25 - [TEST_STEP][PASSED] - verifyElementVisible(findTestObject("Object Repository/Page_The Story and Evolution of Doodles - G_6e786d/h1_The story behind Doodles")): Object 'Object Repository/Page_The Story and Evolution of Doodles - G_6e786d/h1_The story behind Doodles' is visible

17-06-2024T18:09:25 - [MESSAGE][PASSED] - Object 'Object Repository/Page_The Story and Evolution of Doodles - G_6e786d/h1_The story behind Doodles' is visible

17-06-2024T18:09:25 - [TEST_STEP][PASSED] - verifyElementVisible(findTestObject("Object Repository/Page_The Story and Evolution of Doodles - G_6e786d/p_The first Doodle was a simple out-of-offi_345e61")): Object 'Object Repository/Page_The Story and Evolution of Doodles - G_6e786d/p_The first Doodle was a simple out-of-offi_345e61' is visible

17-06-2024T18:09:26 - [MESSAGE][PASSED] - Object 'Object Repository/Page_The Story and Evolution of Doodles - G_6e786d/p_The first Doodle was a simple out-of-offi_345e61' is visible

17-06-2024T18:09:26 - [TEST_STEP][PASSED] - verifyElementVisible(findTestObject("Object Repository/Page_The Story and Evolution of Doodles - G_6e786d/h2_Weve created more than 5,000 Doodles ove_111429")): Object 'Object Repository/Page_The Story and Evolution of Doodles - G_6e786d/h2_Weve created more than 5,000 Doodles ove_111429' is visible

17-06-2024T18:09:26 - [MESSAGE][PASSED] - Object 'Object Repository/Page_The Story and Evolution of Doodles - G_6e786d/h2_Weve created more than 5,000 Doodles ove_111429' is visible]]></system-out>
         <system-err><![CDATA[]]></system-err>
      </testcase>
      <testcase name="Test Cases/test case folder 1/tc1 - Copy (7)" time="20.757" classname="Test Cases/test case folder 1/tc1 - Copy (7)" status="PASSED">
         <system-out><![CDATA[17-06-2024T18:09:26 - [TEST_CASE][PASSED] - Test Cases/test case folder 1/tc1 - Copy (7): Test Cases/test case folder 1/tc1 - Copy (7)

17-06-2024T18:09:26 - [TEST_STEP][PASSED] - openBrowser(""): Browser is opened with url: ''

17-06-2024T18:09:26 - [MESSAGE][WARNING] - A browser is already opened. Closing browser and opening a new one

17-06-2024T18:09:26 - [MESSAGE][INFO] - Starting 'Chrome (headless)' driver

17-06-2024T18:09:26 - [MESSAGE][INFO] - Action delay is set to 0 milliseconds

17-06-2024T18:09:27 - [MESSAGE][PASSED] - Browser is opened with url: ''

17-06-2024T18:09:27 - [TEST_STEP][PASSED] - navigateToUrl("https://doodles.google/about/"): Navigate to 'https://doodles.google/about/' successfully

17-06-2024T18:09:31 - [MESSAGE][PASSED] - Navigate to 'https://doodles.google/about/' successfully

17-06-2024T18:09:31 - [TEST_STEP][PASSED] - click(findTestObject("Object Repository/Page_The Story and Evolution of Doodles - G_6e786d/p_The first Doodle was a simple out-of-offi_345e61")): Object: 'Object Repository/Page_The Story and Evolution of Doodles - G_6e786d/p_The first Doodle was a simple out-of-offi_345e61' is clicked on

17-06-2024T18:09:31 - [MESSAGE][PASSED] - Object: 'Object Repository/Page_The Story and Evolution of Doodles - G_6e786d/p_The first Doodle was a simple out-of-offi_345e61' is clicked on

17-06-2024T18:09:31 - [TEST_STEP][PASSED] - click(findTestObject("Object Repository/Page_The Story and Evolution of Doodles - G_6e786d/p_The first Doodle was a simple out-of-offi_345e61")): Object: 'Object Repository/Page_The Story and Evolution of Doodles - G_6e786d/p_The first Doodle was a simple out-of-offi_345e61' is clicked on

17-06-2024T18:09:31 - [MESSAGE][PASSED] - Object: 'Object Repository/Page_The Story and Evolution of Doodles - G_6e786d/p_The first Doodle was a simple out-of-offi_345e61' is clicked on

17-06-2024T18:09:31 - [TEST_STEP][PASSED] - verifyElementVisible(findTestObject("Object Repository/Page_The Story and Evolution of Doodles - G_6e786d/h1_The story behind Doodles")): Object 'Object Repository/Page_The Story and Evolution of Doodles - G_6e786d/h1_The story behind Doodles' is visible

17-06-2024T18:09:32 - [MESSAGE][PASSED] - Object 'Object Repository/Page_The Story and Evolution of Doodles - G_6e786d/h1_The story behind Doodles' is visible

17-06-2024T18:09:32 - [TEST_STEP][PASSED] - verifyElementVisible(findTestObject("Object Repository/Page_The Story and Evolution of Doodles - G_6e786d/p_The first Doodle was a simple out-of-offi_345e61")): Object 'Object Repository/Page_The Story and Evolution of Doodles - G_6e786d/p_The first Doodle was a simple out-of-offi_345e61' is visible

17-06-2024T18:09:32 - [MESSAGE][PASSED] - Object 'Object Repository/Page_The Story and Evolution of Doodles - G_6e786d/p_The first Doodle was a simple out-of-offi_345e61' is visible

17-06-2024T18:09:32 - [TEST_STEP][PASSED] - verifyElementVisible(findTestObject("Object Repository/Page_The Story and Evolution of Doodles - G_6e786d/h2_Weve created more than 5,000 Doodles ove_111429")): Object 'Object Repository/Page_The Story and Evolution of Doodles - G_6e786d/h2_Weve created more than 5,000 Doodles ove_111429' is visible

17-06-2024T18:09:32 - [MESSAGE][PASSED] - Object 'Object Repository/Page_The Story and Evolution of Doodles - G_6e786d/h2_Weve created more than 5,000 Doodles ove_111429' is visible

17-06-2024T18:09:32 - [TEST_STEP][PASSED] - verifyElementVisible(findTestObject("Object Repository/Page_The Story and Evolution of Doodles - G_6e786d/h1_The story behind Doodles")): Object 'Object Repository/Page_The Story and Evolution of Doodles - G_6e786d/h1_The story behind Doodles' is visible

17-06-2024T18:09:33 - [MESSAGE][PASSED] - Object 'Object Repository/Page_The Story and Evolution of Doodles - G_6e786d/h1_The story behind Doodles' is visible

17-06-2024T18:09:33 - [TEST_STEP][PASSED] - verifyElementVisible(findTestObject("Object Repository/Page_The Story and Evolution of Doodles - G_6e786d/p_The first Doodle was a simple out-of-offi_345e61")): Object 'Object Repository/Page_The Story and Evolution of Doodles - G_6e786d/p_The first Doodle was a simple out-of-offi_345e61' is visible

17-06-2024T18:09:33 - [MESSAGE][PASSED] - Object 'Object Repository/Page_The Story and Evolution of Doodles - G_6e786d/p_The first Doodle was a simple out-of-offi_345e61' is visible

17-06-2024T18:09:33 - [TEST_STEP][PASSED] - verifyElementVisible(findTestObject("Object Repository/Page_The Story and Evolution of Doodles - G_6e786d/h2_Weve created more than 5,000 Doodles ove_111429")): Object 'Object Repository/Page_The Story and Evolution of Doodles - G_6e786d/h2_Weve created more than 5,000 Doodles ove_111429' is visible

17-06-2024T18:09:34 - [MESSAGE][PASSED] - Object 'Object Repository/Page_The Story and Evolution of Doodles - G_6e786d/h2_Weve created more than 5,000 Doodles ove_111429' is visible

17-06-2024T18:09:34 - [TEST_STEP][PASSED] - click(findTestObject("Object Repository/Page_The Story and Evolution of Doodles - G_6e786d/p_The first Doodle was a simple out-of-offi_345e61")): Object: 'Object Repository/Page_The Story and Evolution of Doodles - G_6e786d/p_The first Doodle was a simple out-of-offi_345e61' is clicked on

17-06-2024T18:09:34 - [MESSAGE][PASSED] - Object: 'Object Repository/Page_The Story and Evolution of Doodles - G_6e786d/p_The first Doodle was a simple out-of-offi_345e61' is clicked on

17-06-2024T18:09:34 - [TEST_STEP][PASSED] - verifyElementVisible(findTestObject("Object Repository/Page_The Story and Evolution of Doodles - G_6e786d/h1_The story behind Doodles")): Object 'Object Repository/Page_The Story and Evolution of Doodles - G_6e786d/h1_The story behind Doodles' is visible

17-06-2024T18:09:34 - [MESSAGE][PASSED] - Object 'Object Repository/Page_The Story and Evolution of Doodles - G_6e786d/h1_The story behind Doodles' is visible

17-06-2024T18:09:34 - [TEST_STEP][PASSED] - verifyElementVisible(findTestObject("Object Repository/Page_The Story and Evolution of Doodles - G_6e786d/p_The first Doodle was a simple out-of-offi_345e61")): Object 'Object Repository/Page_The Story and Evolution of Doodles - G_6e786d/p_The first Doodle was a simple out-of-offi_345e61' is visible

17-06-2024T18:09:35 - [MESSAGE][PASSED] - Object 'Object Repository/Page_The Story and Evolution of Doodles - G_6e786d/p_The first Doodle was a simple out-of-offi_345e61' is visible

17-06-2024T18:09:35 - [TEST_STEP][PASSED] - verifyElementVisible(findTestObject("Object Repository/Page_The Story and Evolution of Doodles - G_6e786d/h2_Weve created more than 5,000 Doodles ove_111429")): Object 'Object Repository/Page_The Story and Evolution of Doodles - G_6e786d/h2_Weve created more than 5,000 Doodles ove_111429' is visible

17-06-2024T18:09:35 - [MESSAGE][PASSED] - Object 'Object Repository/Page_The Story and Evolution of Doodles - G_6e786d/h2_Weve created more than 5,000 Doodles ove_111429' is visible

17-06-2024T18:09:35 - [TEST_STEP][PASSED] - click(findTestObject("Object Repository/Page_The Story and Evolution of Doodles - G_6e786d/p_The first Doodle was a simple out-of-offi_345e61")): Object: 'Object Repository/Page_The Story and Evolution of Doodles - G_6e786d/p_The first Doodle was a simple out-of-offi_345e61' is clicked on

17-06-2024T18:09:35 - [MESSAGE][PASSED] - Object: 'Object Repository/Page_The Story and Evolution of Doodles - G_6e786d/p_The first Doodle was a simple out-of-offi_345e61' is clicked on

17-06-2024T18:09:35 - [TEST_STEP][PASSED] - verifyElementVisible(findTestObject("Object Repository/Page_The Story and Evolution of Doodles - G_6e786d/h1_The story behind Doodles")): Object 'Object Repository/Page_The Story and Evolution of Doodles - G_6e786d/h1_The story behind Doodles' is visible

17-06-2024T18:09:36 - [MESSAGE][PASSED] - Object 'Object Repository/Page_The Story and Evolution of Doodles - G_6e786d/h1_The story behind Doodles' is visible

17-06-2024T18:09:36 - [TEST_STEP][PASSED] - verifyElementVisible(findTestObject("Object Repository/Page_The Story and Evolution of Doodles - G_6e786d/p_The first Doodle was a simple out-of-offi_345e61")): Object 'Object Repository/Page_The Story and Evolution of Doodles - G_6e786d/p_The first Doodle was a simple out-of-offi_345e61' is visible

17-06-2024T18:09:36 - [MESSAGE][PASSED] - Object 'Object Repository/Page_The Story and Evolution of Doodles - G_6e786d/p_The first Doodle was a simple out-of-offi_345e61' is visible

17-06-2024T18:09:36 - [TEST_STEP][PASSED] - verifyElementVisible(findTestObject("Object Repository/Page_The Story and Evolution of Doodles - G_6e786d/h2_Weve created more than 5,000 Doodles ove_111429")): Object 'Object Repository/Page_The Story and Evolution of Doodles - G_6e786d/h2_Weve created more than 5,000 Doodles ove_111429' is visible

17-06-2024T18:09:36 - [MESSAGE][PASSED] - Object 'Object Repository/Page_The Story and Evolution of Doodles - G_6e786d/h2_Weve created more than 5,000 Doodles ove_111429' is visible

17-06-2024T18:09:36 - [TEST_STEP][PASSED] - click(findTestObject("Object Repository/Page_The Story and Evolution of Doodles - G_6e786d/p_The first Doodle was a simple out-of-offi_345e61")): Object: 'Object Repository/Page_The Story and Evolution of Doodles - G_6e786d/p_The first Doodle was a simple out-of-offi_345e61' is clicked on

17-06-2024T18:09:37 - [MESSAGE][PASSED] - Object: 'Object Repository/Page_The Story and Evolution of Doodles - G_6e786d/p_The first Doodle was a simple out-of-offi_345e61' is clicked on

17-06-2024T18:09:37 - [TEST_STEP][PASSED] - verifyElementVisible(findTestObject("Object Repository/Page_The Story and Evolution of Doodles - G_6e786d/h1_The story behind Doodles")): Object 'Object Repository/Page_The Story and Evolution of Doodles - G_6e786d/h1_The story behind Doodles' is visible

17-06-2024T18:09:37 - [MESSAGE][PASSED] - Object 'Object Repository/Page_The Story and Evolution of Doodles - G_6e786d/h1_The story behind Doodles' is visible

17-06-2024T18:09:37 - [TEST_STEP][PASSED] - verifyElementVisible(findTestObject("Object Repository/Page_The Story and Evolution of Doodles - G_6e786d/p_The first Doodle was a simple out-of-offi_345e61")): Object 'Object Repository/Page_The Story and Evolution of Doodles - G_6e786d/p_The first Doodle was a simple out-of-offi_345e61' is visible

17-06-2024T18:09:37 - [MESSAGE][PASSED] - Object 'Object Repository/Page_The Story and Evolution of Doodles - G_6e786d/p_The first Doodle was a simple out-of-offi_345e61' is visible

17-06-2024T18:09:37 - [TEST_STEP][PASSED] - verifyElementVisible(findTestObject("Object Repository/Page_The Story and Evolution of Doodles - G_6e786d/h2_Weve created more than 5,000 Doodles ove_111429")): Object 'Object Repository/Page_The Story and Evolution of Doodles - G_6e786d/h2_Weve created more than 5,000 Doodles ove_111429' is visible

17-06-2024T18:09:38 - [MESSAGE][PASSED] - Object 'Object Repository/Page_The Story and Evolution of Doodles - G_6e786d/h2_Weve created more than 5,000 Doodles ove_111429' is visible

17-06-2024T18:09:38 - [TEST_STEP][PASSED] - click(findTestObject("Object Repository/Page_The Story and Evolution of Doodles - G_6e786d/p_The first Doodle was a simple out-of-offi_345e61")): Object: 'Object Repository/Page_The Story and Evolution of Doodles - G_6e786d/p_The first Doodle was a simple out-of-offi_345e61' is clicked on

17-06-2024T18:09:38 - [MESSAGE][PASSED] - Object: 'Object Repository/Page_The Story and Evolution of Doodles - G_6e786d/p_The first Doodle was a simple out-of-offi_345e61' is clicked on

17-06-2024T18:09:38 - [TEST_STEP][PASSED] - verifyElementVisible(findTestObject("Object Repository/Page_The Story and Evolution of Doodles - G_6e786d/h1_The story behind Doodles")): Object 'Object Repository/Page_The Story and Evolution of Doodles - G_6e786d/h1_The story behind Doodles' is visible

17-06-2024T18:09:38 - [MESSAGE][PASSED] - Object 'Object Repository/Page_The Story and Evolution of Doodles - G_6e786d/h1_The story behind Doodles' is visible

17-06-2024T18:09:38 - [TEST_STEP][PASSED] - verifyElementVisible(findTestObject("Object Repository/Page_The Story and Evolution of Doodles - G_6e786d/p_The first Doodle was a simple out-of-offi_345e61")): Object 'Object Repository/Page_The Story and Evolution of Doodles - G_6e786d/p_The first Doodle was a simple out-of-offi_345e61' is visible

17-06-2024T18:09:39 - [MESSAGE][PASSED] - Object 'Object Repository/Page_The Story and Evolution of Doodles - G_6e786d/p_The first Doodle was a simple out-of-offi_345e61' is visible

17-06-2024T18:09:39 - [TEST_STEP][PASSED] - verifyElementVisible(findTestObject("Object Repository/Page_The Story and Evolution of Doodles - G_6e786d/h2_Weve created more than 5,000 Doodles ove_111429")): Object 'Object Repository/Page_The Story and Evolution of Doodles - G_6e786d/h2_Weve created more than 5,000 Doodles ove_111429' is visible

17-06-2024T18:09:39 - [MESSAGE][PASSED] - Object 'Object Repository/Page_The Story and Evolution of Doodles - G_6e786d/h2_Weve created more than 5,000 Doodles ove_111429' is visible

17-06-2024T18:09:39 - [TEST_STEP][PASSED] - click(findTestObject("Object Repository/Page_The Story and Evolution of Doodles - G_6e786d/p_The first Doodle was a simple out-of-offi_345e61")): Object: 'Object Repository/Page_The Story and Evolution of Doodles - G_6e786d/p_The first Doodle was a simple out-of-offi_345e61' is clicked on

17-06-2024T18:09:40 - [MESSAGE][PASSED] - Object: 'Object Repository/Page_The Story and Evolution of Doodles - G_6e786d/p_The first Doodle was a simple out-of-offi_345e61' is clicked on

17-06-2024T18:09:40 - [TEST_STEP][PASSED] - verifyElementVisible(findTestObject("Object Repository/Page_The Story and Evolution of Doodles - G_6e786d/h1_The story behind Doodles")): Object 'Object Repository/Page_The Story and Evolution of Doodles - G_6e786d/h1_The story behind Doodles' is visible

17-06-2024T18:09:40 - [MESSAGE][PASSED] - Object 'Object Repository/Page_The Story and Evolution of Doodles - G_6e786d/h1_The story behind Doodles' is visible

17-06-2024T18:09:40 - [TEST_STEP][PASSED] - verifyElementVisible(findTestObject("Object Repository/Page_The Story and Evolution of Doodles - G_6e786d/p_The first Doodle was a simple out-of-offi_345e61")): Object 'Object Repository/Page_The Story and Evolution of Doodles - G_6e786d/p_The first Doodle was a simple out-of-offi_345e61' is visible

17-06-2024T18:09:40 - [MESSAGE][PASSED] - Object 'Object Repository/Page_The Story and Evolution of Doodles - G_6e786d/p_The first Doodle was a simple out-of-offi_345e61' is visible

17-06-2024T18:09:40 - [TEST_STEP][PASSED] - verifyElementVisible(findTestObject("Object Repository/Page_The Story and Evolution of Doodles - G_6e786d/h2_Weve created more than 5,000 Doodles ove_111429")): Object 'Object Repository/Page_The Story and Evolution of Doodles - G_6e786d/h2_Weve created more than 5,000 Doodles ove_111429' is visible

17-06-2024T18:09:41 - [MESSAGE][PASSED] - Object 'Object Repository/Page_The Story and Evolution of Doodles - G_6e786d/h2_Weve created more than 5,000 Doodles ove_111429' is visible

17-06-2024T18:09:41 - [TEST_STEP][PASSED] - click(findTestObject("Object Repository/Page_The Story and Evolution of Doodles - G_6e786d/p_The first Doodle was a simple out-of-offi_345e61")): Object: 'Object Repository/Page_The Story and Evolution of Doodles - G_6e786d/p_The first Doodle was a simple out-of-offi_345e61' is clicked on

17-06-2024T18:09:41 - [MESSAGE][PASSED] - Object: 'Object Repository/Page_The Story and Evolution of Doodles - G_6e786d/p_The first Doodle was a simple out-of-offi_345e61' is clicked on

17-06-2024T18:09:41 - [TEST_STEP][PASSED] - verifyElementVisible(findTestObject("Object Repository/Page_The Story and Evolution of Doodles - G_6e786d/h1_The story behind Doodles")): Object 'Object Repository/Page_The Story and Evolution of Doodles - G_6e786d/h1_The story behind Doodles' is visible

17-06-2024T18:09:41 - [MESSAGE][PASSED] - Object 'Object Repository/Page_The Story and Evolution of Doodles - G_6e786d/h1_The story behind Doodles' is visible

17-06-2024T18:09:41 - [TEST_STEP][PASSED] - verifyElementVisible(findTestObject("Object Repository/Page_The Story and Evolution of Doodles - G_6e786d/p_The first Doodle was a simple out-of-offi_345e61")): Object 'Object Repository/Page_The Story and Evolution of Doodles - G_6e786d/p_The first Doodle was a simple out-of-offi_345e61' is visible

17-06-2024T18:09:42 - [MESSAGE][PASSED] - Object 'Object Repository/Page_The Story and Evolution of Doodles - G_6e786d/p_The first Doodle was a simple out-of-offi_345e61' is visible

17-06-2024T18:09:42 - [TEST_STEP][PASSED] - verifyElementVisible(findTestObject("Object Repository/Page_The Story and Evolution of Doodles - G_6e786d/h2_Weve created more than 5,000 Doodles ove_111429")): Object 'Object Repository/Page_The Story and Evolution of Doodles - G_6e786d/h2_Weve created more than 5,000 Doodles ove_111429' is visible

17-06-2024T18:09:42 - [MESSAGE][PASSED] - Object 'Object Repository/Page_The Story and Evolution of Doodles - G_6e786d/h2_Weve created more than 5,000 Doodles ove_111429' is visible

17-06-2024T18:09:42 - [TEST_STEP][PASSED] - click(findTestObject("Object Repository/Page_The Story and Evolution of Doodles - G_6e786d/p_The first Doodle was a simple out-of-offi_345e61")): Object: 'Object Repository/Page_The Story and Evolution of Doodles - G_6e786d/p_The first Doodle was a simple out-of-offi_345e61' is clicked on

17-06-2024T18:09:43 - [MESSAGE][PASSED] - Object: 'Object Repository/Page_The Story and Evolution of Doodles - G_6e786d/p_The first Doodle was a simple out-of-offi_345e61' is clicked on

17-06-2024T18:09:43 - [TEST_STEP][PASSED] - verifyElementVisible(findTestObject("Object Repository/Page_The Story and Evolution of Doodles - G_6e786d/h1_The story behind Doodles")): Object 'Object Repository/Page_The Story and Evolution of Doodles - G_6e786d/h1_The story behind Doodles' is visible

17-06-2024T18:09:43 - [MESSAGE][PASSED] - Object 'Object Repository/Page_The Story and Evolution of Doodles - G_6e786d/h1_The story behind Doodles' is visible

17-06-2024T18:09:43 - [TEST_STEP][PASSED] - verifyElementVisible(findTestObject("Object Repository/Page_The Story and Evolution of Doodles - G_6e786d/p_The first Doodle was a simple out-of-offi_345e61")): Object 'Object Repository/Page_The Story and Evolution of Doodles - G_6e786d/p_The first Doodle was a simple out-of-offi_345e61' is visible

17-06-2024T18:09:43 - [MESSAGE][PASSED] - Object 'Object Repository/Page_The Story and Evolution of Doodles - G_6e786d/p_The first Doodle was a simple out-of-offi_345e61' is visible

17-06-2024T18:09:43 - [TEST_STEP][PASSED] - verifyElementVisible(findTestObject("Object Repository/Page_The Story and Evolution of Doodles - G_6e786d/h2_Weve created more than 5,000 Doodles ove_111429")): Object 'Object Repository/Page_The Story and Evolution of Doodles - G_6e786d/h2_Weve created more than 5,000 Doodles ove_111429' is visible

17-06-2024T18:09:44 - [MESSAGE][PASSED] - Object 'Object Repository/Page_The Story and Evolution of Doodles - G_6e786d/h2_Weve created more than 5,000 Doodles ove_111429' is visible

17-06-2024T18:09:44 - [TEST_STEP][PASSED] - click(findTestObject("Object Repository/Page_The Story and Evolution of Doodles - G_6e786d/p_The first Doodle was a simple out-of-offi_345e61")): Object: 'Object Repository/Page_The Story and Evolution of Doodles - G_6e786d/p_The first Doodle was a simple out-of-offi_345e61' is clicked on

17-06-2024T18:09:44 - [MESSAGE][PASSED] - Object: 'Object Repository/Page_The Story and Evolution of Doodles - G_6e786d/p_The first Doodle was a simple out-of-offi_345e61' is clicked on

17-06-2024T18:09:44 - [TEST_STEP][PASSED] - verifyElementVisible(findTestObject("Object Repository/Page_The Story and Evolution of Doodles - G_6e786d/h1_The story behind Doodles")): Object 'Object Repository/Page_The Story and Evolution of Doodles - G_6e786d/h1_The story behind Doodles' is visible

17-06-2024T18:09:44 - [MESSAGE][PASSED] - Object 'Object Repository/Page_The Story and Evolution of Doodles - G_6e786d/h1_The story behind Doodles' is visible

17-06-2024T18:09:44 - [TEST_STEP][PASSED] - verifyElementVisible(findTestObject("Object Repository/Page_The Story and Evolution of Doodles - G_6e786d/p_The first Doodle was a simple out-of-offi_345e61")): Object 'Object Repository/Page_The Story and Evolution of Doodles - G_6e786d/p_The first Doodle was a simple out-of-offi_345e61' is visible

17-06-2024T18:09:45 - [MESSAGE][PASSED] - Object 'Object Repository/Page_The Story and Evolution of Doodles - G_6e786d/p_The first Doodle was a simple out-of-offi_345e61' is visible

17-06-2024T18:09:45 - [TEST_STEP][PASSED] - verifyElementVisible(findTestObject("Object Repository/Page_The Story and Evolution of Doodles - G_6e786d/h2_Weve created more than 5,000 Doodles ove_111429")): Object 'Object Repository/Page_The Story and Evolution of Doodles - G_6e786d/h2_Weve created more than 5,000 Doodles ove_111429' is visible

17-06-2024T18:09:45 - [MESSAGE][PASSED] - Object 'Object Repository/Page_The Story and Evolution of Doodles - G_6e786d/h2_Weve created more than 5,000 Doodles ove_111429' is visible

17-06-2024T18:09:45 - [TEST_STEP][PASSED] - click(findTestObject("Object Repository/Page_The Story and Evolution of Doodles - G_6e786d/p_The first Doodle was a simple out-of-offi_345e61")): Object: 'Object Repository/Page_The Story and Evolution of Doodles - G_6e786d/p_The first Doodle was a simple out-of-offi_345e61' is clicked on

17-06-2024T18:09:45 - [MESSAGE][PASSED] - Object: 'Object Repository/Page_The Story and Evolution of Doodles - G_6e786d/p_The first Doodle was a simple out-of-offi_345e61' is clicked on

17-06-2024T18:09:45 - [TEST_STEP][PASSED] - verifyElementVisible(findTestObject("Object Repository/Page_The Story and Evolution of Doodles - G_6e786d/h1_The story behind Doodles")): Object 'Object Repository/Page_The Story and Evolution of Doodles - G_6e786d/h1_The story behind Doodles' is visible

17-06-2024T18:09:46 - [MESSAGE][PASSED] - Object 'Object Repository/Page_The Story and Evolution of Doodles - G_6e786d/h1_The story behind Doodles' is visible

17-06-2024T18:09:46 - [TEST_STEP][PASSED] - verifyElementVisible(findTestObject("Object Repository/Page_The Story and Evolution of Doodles - G_6e786d/p_The first Doodle was a simple out-of-offi_345e61")): Object 'Object Repository/Page_The Story and Evolution of Doodles - G_6e786d/p_The first Doodle was a simple out-of-offi_345e61' is visible

17-06-2024T18:09:46 - [MESSAGE][PASSED] - Object 'Object Repository/Page_The Story and Evolution of Doodles - G_6e786d/p_The first Doodle was a simple out-of-offi_345e61' is visible

17-06-2024T18:09:46 - [TEST_STEP][PASSED] - verifyElementVisible(findTestObject("Object Repository/Page_The Story and Evolution of Doodles - G_6e786d/h2_Weve created more than 5,000 Doodles ove_111429")): Object 'Object Repository/Page_The Story and Evolution of Doodles - G_6e786d/h2_Weve created more than 5,000 Doodles ove_111429' is visible

17-06-2024T18:09:47 - [MESSAGE][PASSED] - Object 'Object Repository/Page_The Story and Evolution of Doodles - G_6e786d/h2_Weve created more than 5,000 Doodles ove_111429' is visible]]></system-out>
         <system-err><![CDATA[]]></system-err>
      </testcase>
      <testcase name="Test Cases/test case folder 1/tc1 - Copy (6)" time="20.265" classname="Test Cases/test case folder 1/tc1 - Copy (6)" status="PASSED">
         <system-out><![CDATA[17-06-2024T18:09:47 - [TEST_CASE][PASSED] - Test Cases/test case folder 1/tc1 - Copy (6): Test Cases/test case folder 1/tc1 - Copy (6)

17-06-2024T18:09:47 - [TEST_STEP][PASSED] - openBrowser(""): Browser is opened with url: ''

17-06-2024T18:09:47 - [MESSAGE][WARNING] - A browser is already opened. Closing browser and opening a new one

17-06-2024T18:09:47 - [MESSAGE][INFO] - Starting 'Chrome (headless)' driver

17-06-2024T18:09:47 - [MESSAGE][INFO] - Action delay is set to 0 milliseconds

17-06-2024T18:09:48 - [MESSAGE][PASSED] - Browser is opened with url: ''

17-06-2024T18:09:48 - [TEST_STEP][PASSED] - navigateToUrl("https://doodles.google/about/"): Navigate to 'https://doodles.google/about/' successfully

17-06-2024T18:09:51 - [MESSAGE][PASSED] - Navigate to 'https://doodles.google/about/' successfully

17-06-2024T18:09:51 - [TEST_STEP][PASSED] - click(findTestObject("Object Repository/Page_The Story and Evolution of Doodles - G_6e786d/p_The first Doodle was a simple out-of-offi_345e61")): Object: 'Object Repository/Page_The Story and Evolution of Doodles - G_6e786d/p_The first Doodle was a simple out-of-offi_345e61' is clicked on

17-06-2024T18:09:52 - [MESSAGE][PASSED] - Object: 'Object Repository/Page_The Story and Evolution of Doodles - G_6e786d/p_The first Doodle was a simple out-of-offi_345e61' is clicked on

17-06-2024T18:09:52 - [TEST_STEP][PASSED] - click(findTestObject("Object Repository/Page_The Story and Evolution of Doodles - G_6e786d/p_The first Doodle was a simple out-of-offi_345e61")): Object: 'Object Repository/Page_The Story and Evolution of Doodles - G_6e786d/p_The first Doodle was a simple out-of-offi_345e61' is clicked on

17-06-2024T18:09:52 - [MESSAGE][PASSED] - Object: 'Object Repository/Page_The Story and Evolution of Doodles - G_6e786d/p_The first Doodle was a simple out-of-offi_345e61' is clicked on

17-06-2024T18:09:52 - [TEST_STEP][PASSED] - verifyElementVisible(findTestObject("Object Repository/Page_The Story and Evolution of Doodles - G_6e786d/h1_The story behind Doodles")): Object 'Object Repository/Page_The Story and Evolution of Doodles - G_6e786d/h1_The story behind Doodles' is visible

17-06-2024T18:09:52 - [MESSAGE][PASSED] - Object 'Object Repository/Page_The Story and Evolution of Doodles - G_6e786d/h1_The story behind Doodles' is visible

17-06-2024T18:09:52 - [TEST_STEP][PASSED] - verifyElementVisible(findTestObject("Object Repository/Page_The Story and Evolution of Doodles - G_6e786d/p_The first Doodle was a simple out-of-offi_345e61")): Object 'Object Repository/Page_The Story and Evolution of Doodles - G_6e786d/p_The first Doodle was a simple out-of-offi_345e61' is visible

17-06-2024T18:09:53 - [MESSAGE][PASSED] - Object 'Object Repository/Page_The Story and Evolution of Doodles - G_6e786d/p_The first Doodle was a simple out-of-offi_345e61' is visible

17-06-2024T18:09:53 - [TEST_STEP][PASSED] - verifyElementVisible(findTestObject("Object Repository/Page_The Story and Evolution of Doodles - G_6e786d/h2_Weve created more than 5,000 Doodles ove_111429")): Object 'Object Repository/Page_The Story and Evolution of Doodles - G_6e786d/h2_Weve created more than 5,000 Doodles ove_111429' is visible

17-06-2024T18:09:53 - [MESSAGE][PASSED] - Object 'Object Repository/Page_The Story and Evolution of Doodles - G_6e786d/h2_Weve created more than 5,000 Doodles ove_111429' is visible

17-06-2024T18:09:53 - [TEST_STEP][PASSED] - verifyElementVisible(findTestObject("Object Repository/Page_The Story and Evolution of Doodles - G_6e786d/h1_The story behind Doodles")): Object 'Object Repository/Page_The Story and Evolution of Doodles - G_6e786d/h1_The story behind Doodles' is visible

17-06-2024T18:09:53 - [MESSAGE][PASSED] - Object 'Object Repository/Page_The Story and Evolution of Doodles - G_6e786d/h1_The story behind Doodles' is visible

17-06-2024T18:09:53 - [TEST_STEP][PASSED] - verifyElementVisible(findTestObject("Object Repository/Page_The Story and Evolution of Doodles - G_6e786d/p_The first Doodle was a simple out-of-offi_345e61")): Object 'Object Repository/Page_The Story and Evolution of Doodles - G_6e786d/p_The first Doodle was a simple out-of-offi_345e61' is visible

17-06-2024T18:09:54 - [MESSAGE][PASSED] - Object 'Object Repository/Page_The Story and Evolution of Doodles - G_6e786d/p_The first Doodle was a simple out-of-offi_345e61' is visible

17-06-2024T18:09:54 - [TEST_STEP][PASSED] - verifyElementVisible(findTestObject("Object Repository/Page_The Story and Evolution of Doodles - G_6e786d/h2_Weve created more than 5,000 Doodles ove_111429")): Object 'Object Repository/Page_The Story and Evolution of Doodles - G_6e786d/h2_Weve created more than 5,000 Doodles ove_111429' is visible

17-06-2024T18:09:54 - [MESSAGE][PASSED] - Object 'Object Repository/Page_The Story and Evolution of Doodles - G_6e786d/h2_Weve created more than 5,000 Doodles ove_111429' is visible

17-06-2024T18:09:54 - [TEST_STEP][PASSED] - click(findTestObject("Object Repository/Page_The Story and Evolution of Doodles - G_6e786d/p_The first Doodle was a simple out-of-offi_345e61")): Object: 'Object Repository/Page_The Story and Evolution of Doodles - G_6e786d/p_The first Doodle was a simple out-of-offi_345e61' is clicked on

17-06-2024T18:09:54 - [MESSAGE][PASSED] - Object: 'Object Repository/Page_The Story and Evolution of Doodles - G_6e786d/p_The first Doodle was a simple out-of-offi_345e61' is clicked on

17-06-2024T18:09:54 - [TEST_STEP][PASSED] - verifyElementVisible(findTestObject("Object Repository/Page_The Story and Evolution of Doodles - G_6e786d/h1_The story behind Doodles")): Object 'Object Repository/Page_The Story and Evolution of Doodles - G_6e786d/h1_The story behind Doodles' is visible

17-06-2024T18:09:55 - [MESSAGE][PASSED] - Object 'Object Repository/Page_The Story and Evolution of Doodles - G_6e786d/h1_The story behind Doodles' is visible

17-06-2024T18:09:55 - [TEST_STEP][PASSED] - verifyElementVisible(findTestObject("Object Repository/Page_The Story and Evolution of Doodles - G_6e786d/p_The first Doodle was a simple out-of-offi_345e61")): Object 'Object Repository/Page_The Story and Evolution of Doodles - G_6e786d/p_The first Doodle was a simple out-of-offi_345e61' is visible

17-06-2024T18:09:55 - [MESSAGE][PASSED] - Object 'Object Repository/Page_The Story and Evolution of Doodles - G_6e786d/p_The first Doodle was a simple out-of-offi_345e61' is visible

17-06-2024T18:09:55 - [TEST_STEP][PASSED] - verifyElementVisible(findTestObject("Object Repository/Page_The Story and Evolution of Doodles - G_6e786d/h2_Weve created more than 5,000 Doodles ove_111429")): Object 'Object Repository/Page_The Story and Evolution of Doodles - G_6e786d/h2_Weve created more than 5,000 Doodles ove_111429' is visible

17-06-2024T18:09:55 - [MESSAGE][PASSED] - Object 'Object Repository/Page_The Story and Evolution of Doodles - G_6e786d/h2_Weve created more than 5,000 Doodles ove_111429' is visible

17-06-2024T18:09:55 - [TEST_STEP][PASSED] - click(findTestObject("Object Repository/Page_The Story and Evolution of Doodles - G_6e786d/p_The first Doodle was a simple out-of-offi_345e61")): Object: 'Object Repository/Page_The Story and Evolution of Doodles - G_6e786d/p_The first Doodle was a simple out-of-offi_345e61' is clicked on

17-06-2024T18:09:56 - [MESSAGE][PASSED] - Object: 'Object Repository/Page_The Story and Evolution of Doodles - G_6e786d/p_The first Doodle was a simple out-of-offi_345e61' is clicked on

17-06-2024T18:09:56 - [TEST_STEP][PASSED] - verifyElementVisible(findTestObject("Object Repository/Page_The Story and Evolution of Doodles - G_6e786d/h1_The story behind Doodles")): Object 'Object Repository/Page_The Story and Evolution of Doodles - G_6e786d/h1_The story behind Doodles' is visible

17-06-2024T18:09:56 - [MESSAGE][PASSED] - Object 'Object Repository/Page_The Story and Evolution of Doodles - G_6e786d/h1_The story behind Doodles' is visible

17-06-2024T18:09:56 - [TEST_STEP][PASSED] - verifyElementVisible(findTestObject("Object Repository/Page_The Story and Evolution of Doodles - G_6e786d/p_The first Doodle was a simple out-of-offi_345e61")): Object 'Object Repository/Page_The Story and Evolution of Doodles - G_6e786d/p_The first Doodle was a simple out-of-offi_345e61' is visible

17-06-2024T18:09:56 - [MESSAGE][PASSED] - Object 'Object Repository/Page_The Story and Evolution of Doodles - G_6e786d/p_The first Doodle was a simple out-of-offi_345e61' is visible

17-06-2024T18:09:56 - [TEST_STEP][PASSED] - verifyElementVisible(findTestObject("Object Repository/Page_The Story and Evolution of Doodles - G_6e786d/h2_Weve created more than 5,000 Doodles ove_111429")): Object 'Object Repository/Page_The Story and Evolution of Doodles - G_6e786d/h2_Weve created more than 5,000 Doodles ove_111429' is visible

17-06-2024T18:09:57 - [MESSAGE][PASSED] - Object 'Object Repository/Page_The Story and Evolution of Doodles - G_6e786d/h2_Weve created more than 5,000 Doodles ove_111429' is visible

17-06-2024T18:09:57 - [TEST_STEP][PASSED] - click(findTestObject("Object Repository/Page_The Story and Evolution of Doodles - G_6e786d/p_The first Doodle was a simple out-of-offi_345e61")): Object: 'Object Repository/Page_The Story and Evolution of Doodles - G_6e786d/p_The first Doodle was a simple out-of-offi_345e61' is clicked on

17-06-2024T18:09:57 - [MESSAGE][PASSED] - Object: 'Object Repository/Page_The Story and Evolution of Doodles - G_6e786d/p_The first Doodle was a simple out-of-offi_345e61' is clicked on

17-06-2024T18:09:57 - [TEST_STEP][PASSED] - verifyElementVisible(findTestObject("Object Repository/Page_The Story and Evolution of Doodles - G_6e786d/h1_The story behind Doodles")): Object 'Object Repository/Page_The Story and Evolution of Doodles - G_6e786d/h1_The story behind Doodles' is visible

17-06-2024T18:09:58 - [MESSAGE][PASSED] - Object 'Object Repository/Page_The Story and Evolution of Doodles - G_6e786d/h1_The story behind Doodles' is visible

17-06-2024T18:09:58 - [TEST_STEP][PASSED] - verifyElementVisible(findTestObject("Object Repository/Page_The Story and Evolution of Doodles - G_6e786d/p_The first Doodle was a simple out-of-offi_345e61")): Object 'Object Repository/Page_The Story and Evolution of Doodles - G_6e786d/p_The first Doodle was a simple out-of-offi_345e61' is visible

17-06-2024T18:09:58 - [MESSAGE][PASSED] - Object 'Object Repository/Page_The Story and Evolution of Doodles - G_6e786d/p_The first Doodle was a simple out-of-offi_345e61' is visible

17-06-2024T18:09:58 - [TEST_STEP][PASSED] - verifyElementVisible(findTestObject("Object Repository/Page_The Story and Evolution of Doodles - G_6e786d/h2_Weve created more than 5,000 Doodles ove_111429")): Object 'Object Repository/Page_The Story and Evolution of Doodles - G_6e786d/h2_Weve created more than 5,000 Doodles ove_111429' is visible

17-06-2024T18:09:58 - [MESSAGE][PASSED] - Object 'Object Repository/Page_The Story and Evolution of Doodles - G_6e786d/h2_Weve created more than 5,000 Doodles ove_111429' is visible

17-06-2024T18:09:58 - [TEST_STEP][PASSED] - click(findTestObject("Object Repository/Page_The Story and Evolution of Doodles - G_6e786d/p_The first Doodle was a simple out-of-offi_345e61")): Object: 'Object Repository/Page_The Story and Evolution of Doodles - G_6e786d/p_The first Doodle was a simple out-of-offi_345e61' is clicked on

17-06-2024T18:09:59 - [MESSAGE][PASSED] - Object: 'Object Repository/Page_The Story and Evolution of Doodles - G_6e786d/p_The first Doodle was a simple out-of-offi_345e61' is clicked on

17-06-2024T18:09:59 - [TEST_STEP][PASSED] - verifyElementVisible(findTestObject("Object Repository/Page_The Story and Evolution of Doodles - G_6e786d/h1_The story behind Doodles")): Object 'Object Repository/Page_The Story and Evolution of Doodles - G_6e786d/h1_The story behind Doodles' is visible

17-06-2024T18:09:59 - [MESSAGE][PASSED] - Object 'Object Repository/Page_The Story and Evolution of Doodles - G_6e786d/h1_The story behind Doodles' is visible

17-06-2024T18:09:59 - [TEST_STEP][PASSED] - verifyElementVisible(findTestObject("Object Repository/Page_The Story and Evolution of Doodles - G_6e786d/p_The first Doodle was a simple out-of-offi_345e61")): Object 'Object Repository/Page_The Story and Evolution of Doodles - G_6e786d/p_The first Doodle was a simple out-of-offi_345e61' is visible

17-06-2024T18:09:59 - [MESSAGE][PASSED] - Object 'Object Repository/Page_The Story and Evolution of Doodles - G_6e786d/p_The first Doodle was a simple out-of-offi_345e61' is visible

17-06-2024T18:09:59 - [TEST_STEP][PASSED] - verifyElementVisible(findTestObject("Object Repository/Page_The Story and Evolution of Doodles - G_6e786d/h2_Weve created more than 5,000 Doodles ove_111429")): Object 'Object Repository/Page_The Story and Evolution of Doodles - G_6e786d/h2_Weve created more than 5,000 Doodles ove_111429' is visible

17-06-2024T18:10:00 - [MESSAGE][PASSED] - Object 'Object Repository/Page_The Story and Evolution of Doodles - G_6e786d/h2_Weve created more than 5,000 Doodles ove_111429' is visible

17-06-2024T18:10:00 - [TEST_STEP][PASSED] - click(findTestObject("Object Repository/Page_The Story and Evolution of Doodles - G_6e786d/p_The first Doodle was a simple out-of-offi_345e61")): Object: 'Object Repository/Page_The Story and Evolution of Doodles - G_6e786d/p_The first Doodle was a simple out-of-offi_345e61' is clicked on

17-06-2024T18:10:00 - [MESSAGE][PASSED] - Object: 'Object Repository/Page_The Story and Evolution of Doodles - G_6e786d/p_The first Doodle was a simple out-of-offi_345e61' is clicked on

17-06-2024T18:10:00 - [TEST_STEP][PASSED] - verifyElementVisible(findTestObject("Object Repository/Page_The Story and Evolution of Doodles - G_6e786d/h1_The story behind Doodles")): Object 'Object Repository/Page_The Story and Evolution of Doodles - G_6e786d/h1_The story behind Doodles' is visible

17-06-2024T18:10:00 - [MESSAGE][PASSED] - Object 'Object Repository/Page_The Story and Evolution of Doodles - G_6e786d/h1_The story behind Doodles' is visible

17-06-2024T18:10:00 - [TEST_STEP][PASSED] - verifyElementVisible(findTestObject("Object Repository/Page_The Story and Evolution of Doodles - G_6e786d/p_The first Doodle was a simple out-of-offi_345e61")): Object 'Object Repository/Page_The Story and Evolution of Doodles - G_6e786d/p_The first Doodle was a simple out-of-offi_345e61' is visible

17-06-2024T18:10:01 - [MESSAGE][PASSED] - Object 'Object Repository/Page_The Story and Evolution of Doodles - G_6e786d/p_The first Doodle was a simple out-of-offi_345e61' is visible

17-06-2024T18:10:01 - [TEST_STEP][PASSED] - verifyElementVisible(findTestObject("Object Repository/Page_The Story and Evolution of Doodles - G_6e786d/h2_Weve created more than 5,000 Doodles ove_111429")): Object 'Object Repository/Page_The Story and Evolution of Doodles - G_6e786d/h2_Weve created more than 5,000 Doodles ove_111429' is visible

17-06-2024T18:10:01 - [MESSAGE][PASSED] - Object 'Object Repository/Page_The Story and Evolution of Doodles - G_6e786d/h2_Weve created more than 5,000 Doodles ove_111429' is visible

17-06-2024T18:10:01 - [TEST_STEP][PASSED] - click(findTestObject("Object Repository/Page_The Story and Evolution of Doodles - G_6e786d/p_The first Doodle was a simple out-of-offi_345e61")): Object: 'Object Repository/Page_The Story and Evolution of Doodles - G_6e786d/p_The first Doodle was a simple out-of-offi_345e61' is clicked on

17-06-2024T18:10:01 - [MESSAGE][PASSED] - Object: 'Object Repository/Page_The Story and Evolution of Doodles - G_6e786d/p_The first Doodle was a simple out-of-offi_345e61' is clicked on

17-06-2024T18:10:01 - [TEST_STEP][PASSED] - verifyElementVisible(findTestObject("Object Repository/Page_The Story and Evolution of Doodles - G_6e786d/h1_The story behind Doodles")): Object 'Object Repository/Page_The Story and Evolution of Doodles - G_6e786d/h1_The story behind Doodles' is visible

17-06-2024T18:10:02 - [MESSAGE][PASSED] - Object 'Object Repository/Page_The Story and Evolution of Doodles - G_6e786d/h1_The story behind Doodles' is visible

17-06-2024T18:10:02 - [TEST_STEP][PASSED] - verifyElementVisible(findTestObject("Object Repository/Page_The Story and Evolution of Doodles - G_6e786d/p_The first Doodle was a simple out-of-offi_345e61")): Object 'Object Repository/Page_The Story and Evolution of Doodles - G_6e786d/p_The first Doodle was a simple out-of-offi_345e61' is visible

17-06-2024T18:10:02 - [MESSAGE][PASSED] - Object 'Object Repository/Page_The Story and Evolution of Doodles - G_6e786d/p_The first Doodle was a simple out-of-offi_345e61' is visible

17-06-2024T18:10:02 - [TEST_STEP][PASSED] - verifyElementVisible(findTestObject("Object Repository/Page_The Story and Evolution of Doodles - G_6e786d/h2_Weve created more than 5,000 Doodles ove_111429")): Object 'Object Repository/Page_The Story and Evolution of Doodles - G_6e786d/h2_Weve created more than 5,000 Doodles ove_111429' is visible

17-06-2024T18:10:03 - [MESSAGE][PASSED] - Object 'Object Repository/Page_The Story and Evolution of Doodles - G_6e786d/h2_Weve created more than 5,000 Doodles ove_111429' is visible

17-06-2024T18:10:03 - [TEST_STEP][PASSED] - click(findTestObject("Object Repository/Page_The Story and Evolution of Doodles - G_6e786d/p_The first Doodle was a simple out-of-offi_345e61")): Object: 'Object Repository/Page_The Story and Evolution of Doodles - G_6e786d/p_The first Doodle was a simple out-of-offi_345e61' is clicked on

17-06-2024T18:10:03 - [MESSAGE][PASSED] - Object: 'Object Repository/Page_The Story and Evolution of Doodles - G_6e786d/p_The first Doodle was a simple out-of-offi_345e61' is clicked on

17-06-2024T18:10:03 - [TEST_STEP][PASSED] - verifyElementVisible(findTestObject("Object Repository/Page_The Story and Evolution of Doodles - G_6e786d/h1_The story behind Doodles")): Object 'Object Repository/Page_The Story and Evolution of Doodles - G_6e786d/h1_The story behind Doodles' is visible

17-06-2024T18:10:03 - [MESSAGE][PASSED] - Object 'Object Repository/Page_The Story and Evolution of Doodles - G_6e786d/h1_The story behind Doodles' is visible

17-06-2024T18:10:03 - [TEST_STEP][PASSED] - verifyElementVisible(findTestObject("Object Repository/Page_The Story and Evolution of Doodles - G_6e786d/p_The first Doodle was a simple out-of-offi_345e61")): Object 'Object Repository/Page_The Story and Evolution of Doodles - G_6e786d/p_The first Doodle was a simple out-of-offi_345e61' is visible

17-06-2024T18:10:04 - [MESSAGE][PASSED] - Object 'Object Repository/Page_The Story and Evolution of Doodles - G_6e786d/p_The first Doodle was a simple out-of-offi_345e61' is visible

17-06-2024T18:10:04 - [TEST_STEP][PASSED] - verifyElementVisible(findTestObject("Object Repository/Page_The Story and Evolution of Doodles - G_6e786d/h2_Weve created more than 5,000 Doodles ove_111429")): Object 'Object Repository/Page_The Story and Evolution of Doodles - G_6e786d/h2_Weve created more than 5,000 Doodles ove_111429' is visible

17-06-2024T18:10:04 - [MESSAGE][PASSED] - Object 'Object Repository/Page_The Story and Evolution of Doodles - G_6e786d/h2_Weve created more than 5,000 Doodles ove_111429' is visible

17-06-2024T18:10:04 - [TEST_STEP][PASSED] - click(findTestObject("Object Repository/Page_The Story and Evolution of Doodles - G_6e786d/p_The first Doodle was a simple out-of-offi_345e61")): Object: 'Object Repository/Page_The Story and Evolution of Doodles - G_6e786d/p_The first Doodle was a simple out-of-offi_345e61' is clicked on

17-06-2024T18:10:04 - [MESSAGE][PASSED] - Object: 'Object Repository/Page_The Story and Evolution of Doodles - G_6e786d/p_The first Doodle was a simple out-of-offi_345e61' is clicked on

17-06-2024T18:10:04 - [TEST_STEP][PASSED] - verifyElementVisible(findTestObject("Object Repository/Page_The Story and Evolution of Doodles - G_6e786d/h1_The story behind Doodles")): Object 'Object Repository/Page_The Story and Evolution of Doodles - G_6e786d/h1_The story behind Doodles' is visible

17-06-2024T18:10:05 - [MESSAGE][PASSED] - Object 'Object Repository/Page_The Story and Evolution of Doodles - G_6e786d/h1_The story behind Doodles' is visible

17-06-2024T18:10:05 - [TEST_STEP][PASSED] - verifyElementVisible(findTestObject("Object Repository/Page_The Story and Evolution of Doodles - G_6e786d/p_The first Doodle was a simple out-of-offi_345e61")): Object 'Object Repository/Page_The Story and Evolution of Doodles - G_6e786d/p_The first Doodle was a simple out-of-offi_345e61' is visible

17-06-2024T18:10:05 - [MESSAGE][PASSED] - Object 'Object Repository/Page_The Story and Evolution of Doodles - G_6e786d/p_The first Doodle was a simple out-of-offi_345e61' is visible

17-06-2024T18:10:05 - [TEST_STEP][PASSED] - verifyElementVisible(findTestObject("Object Repository/Page_The Story and Evolution of Doodles - G_6e786d/h2_Weve created more than 5,000 Doodles ove_111429")): Object 'Object Repository/Page_The Story and Evolution of Doodles - G_6e786d/h2_Weve created more than 5,000 Doodles ove_111429' is visible

17-06-2024T18:10:05 - [MESSAGE][PASSED] - Object 'Object Repository/Page_The Story and Evolution of Doodles - G_6e786d/h2_Weve created more than 5,000 Doodles ove_111429' is visible

17-06-2024T18:10:05 - [TEST_STEP][PASSED] - click(findTestObject("Object Repository/Page_The Story and Evolution of Doodles - G_6e786d/p_The first Doodle was a simple out-of-offi_345e61")): Object: 'Object Repository/Page_The Story and Evolution of Doodles - G_6e786d/p_The first Doodle was a simple out-of-offi_345e61' is clicked on

17-06-2024T18:10:06 - [MESSAGE][PASSED] - Object: 'Object Repository/Page_The Story and Evolution of Doodles - G_6e786d/p_The first Doodle was a simple out-of-offi_345e61' is clicked on

17-06-2024T18:10:06 - [TEST_STEP][PASSED] - verifyElementVisible(findTestObject("Object Repository/Page_The Story and Evolution of Doodles - G_6e786d/h1_The story behind Doodles")): Object 'Object Repository/Page_The Story and Evolution of Doodles - G_6e786d/h1_The story behind Doodles' is visible

17-06-2024T18:10:06 - [MESSAGE][PASSED] - Object 'Object Repository/Page_The Story and Evolution of Doodles - G_6e786d/h1_The story behind Doodles' is visible

17-06-2024T18:10:06 - [TEST_STEP][PASSED] - verifyElementVisible(findTestObject("Object Repository/Page_The Story and Evolution of Doodles - G_6e786d/p_The first Doodle was a simple out-of-offi_345e61")): Object 'Object Repository/Page_The Story and Evolution of Doodles - G_6e786d/p_The first Doodle was a simple out-of-offi_345e61' is visible

17-06-2024T18:10:07 - [MESSAGE][PASSED] - Object 'Object Repository/Page_The Story and Evolution of Doodles - G_6e786d/p_The first Doodle was a simple out-of-offi_345e61' is visible

17-06-2024T18:10:07 - [TEST_STEP][PASSED] - verifyElementVisible(findTestObject("Object Repository/Page_The Story and Evolution of Doodles - G_6e786d/h2_Weve created more than 5,000 Doodles ove_111429")): Object 'Object Repository/Page_The Story and Evolution of Doodles - G_6e786d/h2_Weve created more than 5,000 Doodles ove_111429' is visible

17-06-2024T18:10:07 - [MESSAGE][PASSED] - Object 'Object Repository/Page_The Story and Evolution of Doodles - G_6e786d/h2_Weve created more than 5,000 Doodles ove_111429' is visible]]></system-out>
         <system-err><![CDATA[]]></system-err>
      </testcase>
      <testcase name="Test Cases/test case folder 1/tc1 - Copy" time="19.994" classname="Test Cases/test case folder 1/tc1 - Copy" status="PASSED">
         <system-out><![CDATA[17-06-2024T18:10:07 - [TEST_CASE][PASSED] - Test Cases/test case folder 1/tc1 - Copy: Test Cases/test case folder 1/tc1 - Copy

17-06-2024T18:10:07 - [TEST_STEP][PASSED] - openBrowser(""): Browser is opened with url: ''

17-06-2024T18:10:07 - [MESSAGE][WARNING] - A browser is already opened. Closing browser and opening a new one

17-06-2024T18:10:07 - [MESSAGE][INFO] - Starting 'Chrome (headless)' driver

17-06-2024T18:10:07 - [MESSAGE][INFO] - Action delay is set to 0 milliseconds

17-06-2024T18:10:08 - [MESSAGE][PASSED] - Browser is opened with url: ''

17-06-2024T18:10:08 - [TEST_STEP][PASSED] - navigateToUrl("https://doodles.google/about/"): Navigate to 'https://doodles.google/about/' successfully

17-06-2024T18:10:11 - [MESSAGE][PASSED] - Navigate to 'https://doodles.google/about/' successfully

17-06-2024T18:10:11 - [TEST_STEP][PASSED] - click(findTestObject("Object Repository/Page_The Story and Evolution of Doodles - G_6e786d/p_The first Doodle was a simple out-of-offi_345e61")): Object: 'Object Repository/Page_The Story and Evolution of Doodles - G_6e786d/p_The first Doodle was a simple out-of-offi_345e61' is clicked on

17-06-2024T18:10:12 - [MESSAGE][PASSED] - Object: 'Object Repository/Page_The Story and Evolution of Doodles - G_6e786d/p_The first Doodle was a simple out-of-offi_345e61' is clicked on

17-06-2024T18:10:12 - [TEST_STEP][PASSED] - click(findTestObject("Object Repository/Page_The Story and Evolution of Doodles - G_6e786d/p_The first Doodle was a simple out-of-offi_345e61")): Object: 'Object Repository/Page_The Story and Evolution of Doodles - G_6e786d/p_The first Doodle was a simple out-of-offi_345e61' is clicked on

17-06-2024T18:10:12 - [MESSAGE][PASSED] - Object: 'Object Repository/Page_The Story and Evolution of Doodles - G_6e786d/p_The first Doodle was a simple out-of-offi_345e61' is clicked on

17-06-2024T18:10:12 - [TEST_STEP][PASSED] - verifyElementVisible(findTestObject("Object Repository/Page_The Story and Evolution of Doodles - G_6e786d/h1_The story behind Doodles")): Object 'Object Repository/Page_The Story and Evolution of Doodles - G_6e786d/h1_The story behind Doodles' is visible

17-06-2024T18:10:12 - [MESSAGE][PASSED] - Object 'Object Repository/Page_The Story and Evolution of Doodles - G_6e786d/h1_The story behind Doodles' is visible

17-06-2024T18:10:12 - [TEST_STEP][PASSED] - verifyElementVisible(findTestObject("Object Repository/Page_The Story and Evolution of Doodles - G_6e786d/p_The first Doodle was a simple out-of-offi_345e61")): Object 'Object Repository/Page_The Story and Evolution of Doodles - G_6e786d/p_The first Doodle was a simple out-of-offi_345e61' is visible

17-06-2024T18:10:13 - [MESSAGE][PASSED] - Object 'Object Repository/Page_The Story and Evolution of Doodles - G_6e786d/p_The first Doodle was a simple out-of-offi_345e61' is visible

17-06-2024T18:10:13 - [TEST_STEP][PASSED] - verifyElementVisible(findTestObject("Object Repository/Page_The Story and Evolution of Doodles - G_6e786d/h2_Weve created more than 5,000 Doodles ove_111429")): Object 'Object Repository/Page_The Story and Evolution of Doodles - G_6e786d/h2_Weve created more than 5,000 Doodles ove_111429' is visible

17-06-2024T18:10:13 - [MESSAGE][PASSED] - Object 'Object Repository/Page_The Story and Evolution of Doodles - G_6e786d/h2_Weve created more than 5,000 Doodles ove_111429' is visible

17-06-2024T18:10:13 - [TEST_STEP][PASSED] - verifyElementVisible(findTestObject("Object Repository/Page_The Story and Evolution of Doodles - G_6e786d/h1_The story behind Doodles")): Object 'Object Repository/Page_The Story and Evolution of Doodles - G_6e786d/h1_The story behind Doodles' is visible

17-06-2024T18:10:14 - [MESSAGE][PASSED] - Object 'Object Repository/Page_The Story and Evolution of Doodles - G_6e786d/h1_The story behind Doodles' is visible

17-06-2024T18:10:14 - [TEST_STEP][PASSED] - verifyElementVisible(findTestObject("Object Repository/Page_The Story and Evolution of Doodles - G_6e786d/p_The first Doodle was a simple out-of-offi_345e61")): Object 'Object Repository/Page_The Story and Evolution of Doodles - G_6e786d/p_The first Doodle was a simple out-of-offi_345e61' is visible

17-06-2024T18:10:14 - [MESSAGE][PASSED] - Object 'Object Repository/Page_The Story and Evolution of Doodles - G_6e786d/p_The first Doodle was a simple out-of-offi_345e61' is visible

17-06-2024T18:10:14 - [TEST_STEP][PASSED] - verifyElementVisible(findTestObject("Object Repository/Page_The Story and Evolution of Doodles - G_6e786d/h2_Weve created more than 5,000 Doodles ove_111429")): Object 'Object Repository/Page_The Story and Evolution of Doodles - G_6e786d/h2_Weve created more than 5,000 Doodles ove_111429' is visible

17-06-2024T18:10:14 - [MESSAGE][PASSED] - Object 'Object Repository/Page_The Story and Evolution of Doodles - G_6e786d/h2_Weve created more than 5,000 Doodles ove_111429' is visible

17-06-2024T18:10:14 - [TEST_STEP][PASSED] - click(findTestObject("Object Repository/Page_The Story and Evolution of Doodles - G_6e786d/p_The first Doodle was a simple out-of-offi_345e61")): Object: 'Object Repository/Page_The Story and Evolution of Doodles - G_6e786d/p_The first Doodle was a simple out-of-offi_345e61' is clicked on

17-06-2024T18:10:15 - [MESSAGE][PASSED] - Object: 'Object Repository/Page_The Story and Evolution of Doodles - G_6e786d/p_The first Doodle was a simple out-of-offi_345e61' is clicked on

17-06-2024T18:10:15 - [TEST_STEP][PASSED] - verifyElementVisible(findTestObject("Object Repository/Page_The Story and Evolution of Doodles - G_6e786d/h1_The story behind Doodles")): Object 'Object Repository/Page_The Story and Evolution of Doodles - G_6e786d/h1_The story behind Doodles' is visible

17-06-2024T18:10:15 - [MESSAGE][PASSED] - Object 'Object Repository/Page_The Story and Evolution of Doodles - G_6e786d/h1_The story behind Doodles' is visible

17-06-2024T18:10:15 - [TEST_STEP][PASSED] - verifyElementVisible(findTestObject("Object Repository/Page_The Story and Evolution of Doodles - G_6e786d/p_The first Doodle was a simple out-of-offi_345e61")): Object 'Object Repository/Page_The Story and Evolution of Doodles - G_6e786d/p_The first Doodle was a simple out-of-offi_345e61' is visible

17-06-2024T18:10:15 - [MESSAGE][PASSED] - Object 'Object Repository/Page_The Story and Evolution of Doodles - G_6e786d/p_The first Doodle was a simple out-of-offi_345e61' is visible

17-06-2024T18:10:15 - [TEST_STEP][PASSED] - verifyElementVisible(findTestObject("Object Repository/Page_The Story and Evolution of Doodles - G_6e786d/h2_Weve created more than 5,000 Doodles ove_111429")): Object 'Object Repository/Page_The Story and Evolution of Doodles - G_6e786d/h2_Weve created more than 5,000 Doodles ove_111429' is visible

17-06-2024T18:10:16 - [MESSAGE][PASSED] - Object 'Object Repository/Page_The Story and Evolution of Doodles - G_6e786d/h2_Weve created more than 5,000 Doodles ove_111429' is visible

17-06-2024T18:10:16 - [TEST_STEP][PASSED] - click(findTestObject("Object Repository/Page_The Story and Evolution of Doodles - G_6e786d/p_The first Doodle was a simple out-of-offi_345e61")): Object: 'Object Repository/Page_The Story and Evolution of Doodles - G_6e786d/p_The first Doodle was a simple out-of-offi_345e61' is clicked on

17-06-2024T18:10:16 - [MESSAGE][PASSED] - Object: 'Object Repository/Page_The Story and Evolution of Doodles - G_6e786d/p_The first Doodle was a simple out-of-offi_345e61' is clicked on

17-06-2024T18:10:16 - [TEST_STEP][PASSED] - verifyElementVisible(findTestObject("Object Repository/Page_The Story and Evolution of Doodles - G_6e786d/h1_The story behind Doodles")): Object 'Object Repository/Page_The Story and Evolution of Doodles - G_6e786d/h1_The story behind Doodles' is visible

17-06-2024T18:10:16 - [MESSAGE][PASSED] - Object 'Object Repository/Page_The Story and Evolution of Doodles - G_6e786d/h1_The story behind Doodles' is visible

17-06-2024T18:10:16 - [TEST_STEP][PASSED] - verifyElementVisible(findTestObject("Object Repository/Page_The Story and Evolution of Doodles - G_6e786d/p_The first Doodle was a simple out-of-offi_345e61")): Object 'Object Repository/Page_The Story and Evolution of Doodles - G_6e786d/p_The first Doodle was a simple out-of-offi_345e61' is visible

17-06-2024T18:10:17 - [MESSAGE][PASSED] - Object 'Object Repository/Page_The Story and Evolution of Doodles - G_6e786d/p_The first Doodle was a simple out-of-offi_345e61' is visible

17-06-2024T18:10:17 - [TEST_STEP][PASSED] - verifyElementVisible(findTestObject("Object Repository/Page_The Story and Evolution of Doodles - G_6e786d/h2_Weve created more than 5,000 Doodles ove_111429")): Object 'Object Repository/Page_The Story and Evolution of Doodles - G_6e786d/h2_Weve created more than 5,000 Doodles ove_111429' is visible

17-06-2024T18:10:17 - [MESSAGE][PASSED] - Object 'Object Repository/Page_The Story and Evolution of Doodles - G_6e786d/h2_Weve created more than 5,000 Doodles ove_111429' is visible

17-06-2024T18:10:17 - [TEST_STEP][PASSED] - click(findTestObject("Object Repository/Page_The Story and Evolution of Doodles - G_6e786d/p_The first Doodle was a simple out-of-offi_345e61")): Object: 'Object Repository/Page_The Story and Evolution of Doodles - G_6e786d/p_The first Doodle was a simple out-of-offi_345e61' is clicked on

17-06-2024T18:10:17 - [MESSAGE][PASSED] - Object: 'Object Repository/Page_The Story and Evolution of Doodles - G_6e786d/p_The first Doodle was a simple out-of-offi_345e61' is clicked on

17-06-2024T18:10:17 - [TEST_STEP][PASSED] - verifyElementVisible(findTestObject("Object Repository/Page_The Story and Evolution of Doodles - G_6e786d/h1_The story behind Doodles")): Object 'Object Repository/Page_The Story and Evolution of Doodles - G_6e786d/h1_The story behind Doodles' is visible

17-06-2024T18:10:18 - [MESSAGE][PASSED] - Object 'Object Repository/Page_The Story and Evolution of Doodles - G_6e786d/h1_The story behind Doodles' is visible

17-06-2024T18:10:18 - [TEST_STEP][PASSED] - verifyElementVisible(findTestObject("Object Repository/Page_The Story and Evolution of Doodles - G_6e786d/p_The first Doodle was a simple out-of-offi_345e61")): Object 'Object Repository/Page_The Story and Evolution of Doodles - G_6e786d/p_The first Doodle was a simple out-of-offi_345e61' is visible

17-06-2024T18:10:18 - [MESSAGE][PASSED] - Object 'Object Repository/Page_The Story and Evolution of Doodles - G_6e786d/p_The first Doodle was a simple out-of-offi_345e61' is visible

17-06-2024T18:10:18 - [TEST_STEP][PASSED] - verifyElementVisible(findTestObject("Object Repository/Page_The Story and Evolution of Doodles - G_6e786d/h2_Weve created more than 5,000 Doodles ove_111429")): Object 'Object Repository/Page_The Story and Evolution of Doodles - G_6e786d/h2_Weve created more than 5,000 Doodles ove_111429' is visible

17-06-2024T18:10:18 - [MESSAGE][PASSED] - Object 'Object Repository/Page_The Story and Evolution of Doodles - G_6e786d/h2_Weve created more than 5,000 Doodles ove_111429' is visible

17-06-2024T18:10:18 - [TEST_STEP][PASSED] - click(findTestObject("Object Repository/Page_The Story and Evolution of Doodles - G_6e786d/p_The first Doodle was a simple out-of-offi_345e61")): Object: 'Object Repository/Page_The Story and Evolution of Doodles - G_6e786d/p_The first Doodle was a simple out-of-offi_345e61' is clicked on

17-06-2024T18:10:19 - [MESSAGE][PASSED] - Object: 'Object Repository/Page_The Story and Evolution of Doodles - G_6e786d/p_The first Doodle was a simple out-of-offi_345e61' is clicked on

17-06-2024T18:10:19 - [TEST_STEP][PASSED] - verifyElementVisible(findTestObject("Object Repository/Page_The Story and Evolution of Doodles - G_6e786d/h1_The story behind Doodles")): Object 'Object Repository/Page_The Story and Evolution of Doodles - G_6e786d/h1_The story behind Doodles' is visible

17-06-2024T18:10:19 - [MESSAGE][PASSED] - Object 'Object Repository/Page_The Story and Evolution of Doodles - G_6e786d/h1_The story behind Doodles' is visible

17-06-2024T18:10:19 - [TEST_STEP][PASSED] - verifyElementVisible(findTestObject("Object Repository/Page_The Story and Evolution of Doodles - G_6e786d/p_The first Doodle was a simple out-of-offi_345e61")): Object 'Object Repository/Page_The Story and Evolution of Doodles - G_6e786d/p_The first Doodle was a simple out-of-offi_345e61' is visible

17-06-2024T18:10:19 - [MESSAGE][PASSED] - Object 'Object Repository/Page_The Story and Evolution of Doodles - G_6e786d/p_The first Doodle was a simple out-of-offi_345e61' is visible

17-06-2024T18:10:19 - [TEST_STEP][PASSED] - verifyElementVisible(findTestObject("Object Repository/Page_The Story and Evolution of Doodles - G_6e786d/h2_Weve created more than 5,000 Doodles ove_111429")): Object 'Object Repository/Page_The Story and Evolution of Doodles - G_6e786d/h2_Weve created more than 5,000 Doodles ove_111429' is visible

17-06-2024T18:10:20 - [MESSAGE][PASSED] - Object 'Object Repository/Page_The Story and Evolution of Doodles - G_6e786d/h2_Weve created more than 5,000 Doodles ove_111429' is visible

17-06-2024T18:10:20 - [TEST_STEP][PASSED] - click(findTestObject("Object Repository/Page_The Story and Evolution of Doodles - G_6e786d/p_The first Doodle was a simple out-of-offi_345e61")): Object: 'Object Repository/Page_The Story and Evolution of Doodles - G_6e786d/p_The first Doodle was a simple out-of-offi_345e61' is clicked on

17-06-2024T18:10:20 - [MESSAGE][PASSED] - Object: 'Object Repository/Page_The Story and Evolution of Doodles - G_6e786d/p_The first Doodle was a simple out-of-offi_345e61' is clicked on

17-06-2024T18:10:20 - [TEST_STEP][PASSED] - verifyElementVisible(findTestObject("Object Repository/Page_The Story and Evolution of Doodles - G_6e786d/h1_The story behind Doodles")): Object 'Object Repository/Page_The Story and Evolution of Doodles - G_6e786d/h1_The story behind Doodles' is visible

17-06-2024T18:10:20 - [MESSAGE][PASSED] - Object 'Object Repository/Page_The Story and Evolution of Doodles - G_6e786d/h1_The story behind Doodles' is visible

17-06-2024T18:10:20 - [TEST_STEP][PASSED] - verifyElementVisible(findTestObject("Object Repository/Page_The Story and Evolution of Doodles - G_6e786d/p_The first Doodle was a simple out-of-offi_345e61")): Object 'Object Repository/Page_The Story and Evolution of Doodles - G_6e786d/p_The first Doodle was a simple out-of-offi_345e61' is visible

17-06-2024T18:10:21 - [MESSAGE][PASSED] - Object 'Object Repository/Page_The Story and Evolution of Doodles - G_6e786d/p_The first Doodle was a simple out-of-offi_345e61' is visible

17-06-2024T18:10:21 - [TEST_STEP][PASSED] - verifyElementVisible(findTestObject("Object Repository/Page_The Story and Evolution of Doodles - G_6e786d/h2_Weve created more than 5,000 Doodles ove_111429")): Object 'Object Repository/Page_The Story and Evolution of Doodles - G_6e786d/h2_Weve created more than 5,000 Doodles ove_111429' is visible

17-06-2024T18:10:21 - [MESSAGE][PASSED] - Object 'Object Repository/Page_The Story and Evolution of Doodles - G_6e786d/h2_Weve created more than 5,000 Doodles ove_111429' is visible

17-06-2024T18:10:21 - [TEST_STEP][PASSED] - click(findTestObject("Object Repository/Page_The Story and Evolution of Doodles - G_6e786d/p_The first Doodle was a simple out-of-offi_345e61")): Object: 'Object Repository/Page_The Story and Evolution of Doodles - G_6e786d/p_The first Doodle was a simple out-of-offi_345e61' is clicked on

17-06-2024T18:10:22 - [MESSAGE][PASSED] - Object: 'Object Repository/Page_The Story and Evolution of Doodles - G_6e786d/p_The first Doodle was a simple out-of-offi_345e61' is clicked on

17-06-2024T18:10:22 - [TEST_STEP][PASSED] - verifyElementVisible(findTestObject("Object Repository/Page_The Story and Evolution of Doodles - G_6e786d/h1_The story behind Doodles")): Object 'Object Repository/Page_The Story and Evolution of Doodles - G_6e786d/h1_The story behind Doodles' is visible

17-06-2024T18:10:22 - [MESSAGE][PASSED] - Object 'Object Repository/Page_The Story and Evolution of Doodles - G_6e786d/h1_The story behind Doodles' is visible

17-06-2024T18:10:22 - [TEST_STEP][PASSED] - verifyElementVisible(findTestObject("Object Repository/Page_The Story and Evolution of Doodles - G_6e786d/p_The first Doodle was a simple out-of-offi_345e61")): Object 'Object Repository/Page_The Story and Evolution of Doodles - G_6e786d/p_The first Doodle was a simple out-of-offi_345e61' is visible

17-06-2024T18:10:22 - [MESSAGE][PASSED] - Object 'Object Repository/Page_The Story and Evolution of Doodles - G_6e786d/p_The first Doodle was a simple out-of-offi_345e61' is visible

17-06-2024T18:10:22 - [TEST_STEP][PASSED] - verifyElementVisible(findTestObject("Object Repository/Page_The Story and Evolution of Doodles - G_6e786d/h2_Weve created more than 5,000 Doodles ove_111429")): Object 'Object Repository/Page_The Story and Evolution of Doodles - G_6e786d/h2_Weve created more than 5,000 Doodles ove_111429' is visible

17-06-2024T18:10:23 - [MESSAGE][PASSED] - Object 'Object Repository/Page_The Story and Evolution of Doodles - G_6e786d/h2_Weve created more than 5,000 Doodles ove_111429' is visible

17-06-2024T18:10:23 - [TEST_STEP][PASSED] - click(findTestObject("Object Repository/Page_The Story and Evolution of Doodles - G_6e786d/p_The first Doodle was a simple out-of-offi_345e61")): Object: 'Object Repository/Page_The Story and Evolution of Doodles - G_6e786d/p_The first Doodle was a simple out-of-offi_345e61' is clicked on

17-06-2024T18:10:23 - [MESSAGE][PASSED] - Object: 'Object Repository/Page_The Story and Evolution of Doodles - G_6e786d/p_The first Doodle was a simple out-of-offi_345e61' is clicked on

17-06-2024T18:10:23 - [TEST_STEP][PASSED] - verifyElementVisible(findTestObject("Object Repository/Page_The Story and Evolution of Doodles - G_6e786d/h1_The story behind Doodles")): Object 'Object Repository/Page_The Story and Evolution of Doodles - G_6e786d/h1_The story behind Doodles' is visible

17-06-2024T18:10:23 - [MESSAGE][PASSED] - Object 'Object Repository/Page_The Story and Evolution of Doodles - G_6e786d/h1_The story behind Doodles' is visible

17-06-2024T18:10:23 - [TEST_STEP][PASSED] - verifyElementVisible(findTestObject("Object Repository/Page_The Story and Evolution of Doodles - G_6e786d/p_The first Doodle was a simple out-of-offi_345e61")): Object 'Object Repository/Page_The Story and Evolution of Doodles - G_6e786d/p_The first Doodle was a simple out-of-offi_345e61' is visible

17-06-2024T18:10:24 - [MESSAGE][PASSED] - Object 'Object Repository/Page_The Story and Evolution of Doodles - G_6e786d/p_The first Doodle was a simple out-of-offi_345e61' is visible

17-06-2024T18:10:24 - [TEST_STEP][PASSED] - verifyElementVisible(findTestObject("Object Repository/Page_The Story and Evolution of Doodles - G_6e786d/h2_Weve created more than 5,000 Doodles ove_111429")): Object 'Object Repository/Page_The Story and Evolution of Doodles - G_6e786d/h2_Weve created more than 5,000 Doodles ove_111429' is visible

17-06-2024T18:10:24 - [MESSAGE][PASSED] - Object 'Object Repository/Page_The Story and Evolution of Doodles - G_6e786d/h2_Weve created more than 5,000 Doodles ove_111429' is visible

17-06-2024T18:10:24 - [TEST_STEP][PASSED] - click(findTestObject("Object Repository/Page_The Story and Evolution of Doodles - G_6e786d/p_The first Doodle was a simple out-of-offi_345e61")): Object: 'Object Repository/Page_The Story and Evolution of Doodles - G_6e786d/p_The first Doodle was a simple out-of-offi_345e61' is clicked on

17-06-2024T18:10:24 - [MESSAGE][PASSED] - Object: 'Object Repository/Page_The Story and Evolution of Doodles - G_6e786d/p_The first Doodle was a simple out-of-offi_345e61' is clicked on

17-06-2024T18:10:24 - [TEST_STEP][PASSED] - verifyElementVisible(findTestObject("Object Repository/Page_The Story and Evolution of Doodles - G_6e786d/h1_The story behind Doodles")): Object 'Object Repository/Page_The Story and Evolution of Doodles - G_6e786d/h1_The story behind Doodles' is visible

17-06-2024T18:10:25 - [MESSAGE][PASSED] - Object 'Object Repository/Page_The Story and Evolution of Doodles - G_6e786d/h1_The story behind Doodles' is visible

17-06-2024T18:10:25 - [TEST_STEP][PASSED] - verifyElementVisible(findTestObject("Object Repository/Page_The Story and Evolution of Doodles - G_6e786d/p_The first Doodle was a simple out-of-offi_345e61")): Object 'Object Repository/Page_The Story and Evolution of Doodles - G_6e786d/p_The first Doodle was a simple out-of-offi_345e61' is visible

17-06-2024T18:10:25 - [MESSAGE][PASSED] - Object 'Object Repository/Page_The Story and Evolution of Doodles - G_6e786d/p_The first Doodle was a simple out-of-offi_345e61' is visible

17-06-2024T18:10:25 - [TEST_STEP][PASSED] - verifyElementVisible(findTestObject("Object Repository/Page_The Story and Evolution of Doodles - G_6e786d/h2_Weve created more than 5,000 Doodles ove_111429")): Object 'Object Repository/Page_The Story and Evolution of Doodles - G_6e786d/h2_Weve created more than 5,000 Doodles ove_111429' is visible

17-06-2024T18:10:25 - [MESSAGE][PASSED] - Object 'Object Repository/Page_The Story and Evolution of Doodles - G_6e786d/h2_Weve created more than 5,000 Doodles ove_111429' is visible

17-06-2024T18:10:25 - [TEST_STEP][PASSED] - click(findTestObject("Object Repository/Page_The Story and Evolution of Doodles - G_6e786d/p_The first Doodle was a simple out-of-offi_345e61")): Object: 'Object Repository/Page_The Story and Evolution of Doodles - G_6e786d/p_The first Doodle was a simple out-of-offi_345e61' is clicked on

17-06-2024T18:10:26 - [MESSAGE][PASSED] - Object: 'Object Repository/Page_The Story and Evolution of Doodles - G_6e786d/p_The first Doodle was a simple out-of-offi_345e61' is clicked on

17-06-2024T18:10:26 - [TEST_STEP][PASSED] - verifyElementVisible(findTestObject("Object Repository/Page_The Story and Evolution of Doodles - G_6e786d/h1_The story behind Doodles")): Object 'Object Repository/Page_The Story and Evolution of Doodles - G_6e786d/h1_The story behind Doodles' is visible

17-06-2024T18:10:26 - [MESSAGE][PASSED] - Object 'Object Repository/Page_The Story and Evolution of Doodles - G_6e786d/h1_The story behind Doodles' is visible

17-06-2024T18:10:26 - [TEST_STEP][PASSED] - verifyElementVisible(findTestObject("Object Repository/Page_The Story and Evolution of Doodles - G_6e786d/p_The first Doodle was a simple out-of-offi_345e61")): Object 'Object Repository/Page_The Story and Evolution of Doodles - G_6e786d/p_The first Doodle was a simple out-of-offi_345e61' is visible

17-06-2024T18:10:27 - [MESSAGE][PASSED] - Object 'Object Repository/Page_The Story and Evolution of Doodles - G_6e786d/p_The first Doodle was a simple out-of-offi_345e61' is visible

17-06-2024T18:10:27 - [TEST_STEP][PASSED] - verifyElementVisible(findTestObject("Object Repository/Page_The Story and Evolution of Doodles - G_6e786d/h2_Weve created more than 5,000 Doodles ove_111429")): Object 'Object Repository/Page_The Story and Evolution of Doodles - G_6e786d/h2_Weve created more than 5,000 Doodles ove_111429' is visible

17-06-2024T18:10:27 - [MESSAGE][PASSED] - Object 'Object Repository/Page_The Story and Evolution of Doodles - G_6e786d/h2_Weve created more than 5,000 Doodles ove_111429' is visible]]></system-out>
         <system-err><![CDATA[]]></system-err>
      </testcase>
      <testcase name="Test Cases/test case folder 1/tc1" time="34.426" classname="Test Cases/test case folder 1/tc1" status="PASSED">
         <system-out><![CDATA[17-06-2024T18:10:27 - [TEST_CASE][PASSED] - Test Cases/test case folder 1/tc1: Test Cases/test case folder 1/tc1

17-06-2024T18:10:27 - [TEST_STEP][PASSED] - openBrowser(""): Browser is opened with url: ''

17-06-2024T18:10:27 - [MESSAGE][WARNING] - A browser is already opened. Closing browser and opening a new one

17-06-2024T18:10:27 - [MESSAGE][INFO] - Starting 'Chrome (headless)' driver

17-06-2024T18:10:27 - [MESSAGE][INFO] - Action delay is set to 0 milliseconds

17-06-2024T18:10:28 - [MESSAGE][PASSED] - Browser is opened with url: ''

17-06-2024T18:10:28 - [TEST_STEP][PASSED] - navigateToUrl("https://doodles.google/about/"): Navigate to 'https://doodles.google/about/' successfully

17-06-2024T18:10:46 - [MESSAGE][PASSED] - Navigate to 'https://doodles.google/about/' successfully

17-06-2024T18:10:46 - [TEST_STEP][PASSED] - click(findTestObject("Object Repository/Page_The Story and Evolution of Doodles - G_6e786d/p_The first Doodle was a simple out-of-offi_345e61")): Object: 'Object Repository/Page_The Story and Evolution of Doodles - G_6e786d/p_The first Doodle was a simple out-of-offi_345e61' is clicked on

17-06-2024T18:10:46 - [MESSAGE][PASSED] - Object: 'Object Repository/Page_The Story and Evolution of Doodles - G_6e786d/p_The first Doodle was a simple out-of-offi_345e61' is clicked on

17-06-2024T18:10:46 - [TEST_STEP][PASSED] - click(findTestObject("Object Repository/Page_The Story and Evolution of Doodles - G_6e786d/p_The first Doodle was a simple out-of-offi_345e61")): Object: 'Object Repository/Page_The Story and Evolution of Doodles - G_6e786d/p_The first Doodle was a simple out-of-offi_345e61' is clicked on

17-06-2024T18:10:47 - [MESSAGE][PASSED] - Object: 'Object Repository/Page_The Story and Evolution of Doodles - G_6e786d/p_The first Doodle was a simple out-of-offi_345e61' is clicked on

17-06-2024T18:10:47 - [TEST_STEP][PASSED] - verifyElementVisible(findTestObject("Object Repository/Page_The Story and Evolution of Doodles - G_6e786d/h1_The story behind Doodles")): Object 'Object Repository/Page_The Story and Evolution of Doodles - G_6e786d/h1_The story behind Doodles' is visible

17-06-2024T18:10:47 - [MESSAGE][PASSED] - Object 'Object Repository/Page_The Story and Evolution of Doodles - G_6e786d/h1_The story behind Doodles' is visible

17-06-2024T18:10:47 - [TEST_STEP][PASSED] - verifyElementVisible(findTestObject("Object Repository/Page_The Story and Evolution of Doodles - G_6e786d/p_The first Doodle was a simple out-of-offi_345e61")): Object 'Object Repository/Page_The Story and Evolution of Doodles - G_6e786d/p_The first Doodle was a simple out-of-offi_345e61' is visible

17-06-2024T18:10:47 - [MESSAGE][PASSED] - Object 'Object Repository/Page_The Story and Evolution of Doodles - G_6e786d/p_The first Doodle was a simple out-of-offi_345e61' is visible

17-06-2024T18:10:47 - [TEST_STEP][PASSED] - verifyElementVisible(findTestObject("Object Repository/Page_The Story and Evolution of Doodles - G_6e786d/h2_Weve created more than 5,000 Doodles ove_111429")): Object 'Object Repository/Page_The Story and Evolution of Doodles - G_6e786d/h2_Weve created more than 5,000 Doodles ove_111429' is visible

17-06-2024T18:10:48 - [MESSAGE][PASSED] - Object 'Object Repository/Page_The Story and Evolution of Doodles - G_6e786d/h2_Weve created more than 5,000 Doodles ove_111429' is visible

17-06-2024T18:10:48 - [TEST_STEP][PASSED] - verifyElementVisible(findTestObject("Object Repository/Page_The Story and Evolution of Doodles - G_6e786d/h1_The story behind Doodles")): Object 'Object Repository/Page_The Story and Evolution of Doodles - G_6e786d/h1_The story behind Doodles' is visible

17-06-2024T18:10:48 - [MESSAGE][PASSED] - Object 'Object Repository/Page_The Story and Evolution of Doodles - G_6e786d/h1_The story behind Doodles' is visible

17-06-2024T18:10:48 - [TEST_STEP][PASSED] - verifyElementVisible(findTestObject("Object Repository/Page_The Story and Evolution of Doodles - G_6e786d/p_The first Doodle was a simple out-of-offi_345e61")): Object 'Object Repository/Page_The Story and Evolution of Doodles - G_6e786d/p_The first Doodle was a simple out-of-offi_345e61' is visible

17-06-2024T18:10:48 - [MESSAGE][PASSED] - Object 'Object Repository/Page_The Story and Evolution of Doodles - G_6e786d/p_The first Doodle was a simple out-of-offi_345e61' is visible

17-06-2024T18:10:48 - [TEST_STEP][PASSED] - verifyElementVisible(findTestObject("Object Repository/Page_The Story and Evolution of Doodles - G_6e786d/h2_Weve created more than 5,000 Doodles ove_111429")): Object 'Object Repository/Page_The Story and Evolution of Doodles - G_6e786d/h2_Weve created more than 5,000 Doodles ove_111429' is visible

17-06-2024T18:10:49 - [MESSAGE][PASSED] - Object 'Object Repository/Page_The Story and Evolution of Doodles - G_6e786d/h2_Weve created more than 5,000 Doodles ove_111429' is visible

17-06-2024T18:10:49 - [TEST_STEP][PASSED] - click(findTestObject("Object Repository/Page_The Story and Evolution of Doodles - G_6e786d/p_The first Doodle was a simple out-of-offi_345e61")): Object: 'Object Repository/Page_The Story and Evolution of Doodles - G_6e786d/p_The first Doodle was a simple out-of-offi_345e61' is clicked on

17-06-2024T18:10:49 - [MESSAGE][PASSED] - Object: 'Object Repository/Page_The Story and Evolution of Doodles - G_6e786d/p_The first Doodle was a simple out-of-offi_345e61' is clicked on

17-06-2024T18:10:49 - [TEST_STEP][PASSED] - verifyElementVisible(findTestObject("Object Repository/Page_The Story and Evolution of Doodles - G_6e786d/h1_The story behind Doodles")): Object 'Object Repository/Page_The Story and Evolution of Doodles - G_6e786d/h1_The story behind Doodles' is visible

17-06-2024T18:10:49 - [MESSAGE][PASSED] - Object 'Object Repository/Page_The Story and Evolution of Doodles - G_6e786d/h1_The story behind Doodles' is visible

17-06-2024T18:10:49 - [TEST_STEP][PASSED] - verifyElementVisible(findTestObject("Object Repository/Page_The Story and Evolution of Doodles - G_6e786d/p_The first Doodle was a simple out-of-offi_345e61")): Object 'Object Repository/Page_The Story and Evolution of Doodles - G_6e786d/p_The first Doodle was a simple out-of-offi_345e61' is visible

17-06-2024T18:10:50 - [MESSAGE][PASSED] - Object 'Object Repository/Page_The Story and Evolution of Doodles - G_6e786d/p_The first Doodle was a simple out-of-offi_345e61' is visible

17-06-2024T18:10:50 - [TEST_STEP][PASSED] - verifyElementVisible(findTestObject("Object Repository/Page_The Story and Evolution of Doodles - G_6e786d/h2_Weve created more than 5,000 Doodles ove_111429")): Object 'Object Repository/Page_The Story and Evolution of Doodles - G_6e786d/h2_Weve created more than 5,000 Doodles ove_111429' is visible

17-06-2024T18:10:50 - [MESSAGE][PASSED] - Object 'Object Repository/Page_The Story and Evolution of Doodles - G_6e786d/h2_Weve created more than 5,000 Doodles ove_111429' is visible

17-06-2024T18:10:50 - [TEST_STEP][PASSED] - click(findTestObject("Object Repository/Page_The Story and Evolution of Doodles - G_6e786d/p_The first Doodle was a simple out-of-offi_345e61")): Object: 'Object Repository/Page_The Story and Evolution of Doodles - G_6e786d/p_The first Doodle was a simple out-of-offi_345e61' is clicked on

17-06-2024T18:10:51 - [MESSAGE][PASSED] - Object: 'Object Repository/Page_The Story and Evolution of Doodles - G_6e786d/p_The first Doodle was a simple out-of-offi_345e61' is clicked on

17-06-2024T18:10:51 - [TEST_STEP][PASSED] - verifyElementVisible(findTestObject("Object Repository/Page_The Story and Evolution of Doodles - G_6e786d/h1_The story behind Doodles")): Object 'Object Repository/Page_The Story and Evolution of Doodles - G_6e786d/h1_The story behind Doodles' is visible

17-06-2024T18:10:51 - [MESSAGE][PASSED] - Object 'Object Repository/Page_The Story and Evolution of Doodles - G_6e786d/h1_The story behind Doodles' is visible

17-06-2024T18:10:51 - [TEST_STEP][PASSED] - verifyElementVisible(findTestObject("Object Repository/Page_The Story and Evolution of Doodles - G_6e786d/p_The first Doodle was a simple out-of-offi_345e61")): Object 'Object Repository/Page_The Story and Evolution of Doodles - G_6e786d/p_The first Doodle was a simple out-of-offi_345e61' is visible

17-06-2024T18:10:51 - [MESSAGE][PASSED] - Object 'Object Repository/Page_The Story and Evolution of Doodles - G_6e786d/p_The first Doodle was a simple out-of-offi_345e61' is visible

17-06-2024T18:10:51 - [TEST_STEP][PASSED] - verifyElementVisible(findTestObject("Object Repository/Page_The Story and Evolution of Doodles - G_6e786d/h2_Weve created more than 5,000 Doodles ove_111429")): Object 'Object Repository/Page_The Story and Evolution of Doodles - G_6e786d/h2_Weve created more than 5,000 Doodles ove_111429' is visible

17-06-2024T18:10:52 - [MESSAGE][PASSED] - Object 'Object Repository/Page_The Story and Evolution of Doodles - G_6e786d/h2_Weve created more than 5,000 Doodles ove_111429' is visible

17-06-2024T18:10:52 - [TEST_STEP][PASSED] - click(findTestObject("Object Repository/Page_The Story and Evolution of Doodles - G_6e786d/p_The first Doodle was a simple out-of-offi_345e61")): Object: 'Object Repository/Page_The Story and Evolution of Doodles - G_6e786d/p_The first Doodle was a simple out-of-offi_345e61' is clicked on

17-06-2024T18:10:52 - [MESSAGE][PASSED] - Object: 'Object Repository/Page_The Story and Evolution of Doodles - G_6e786d/p_The first Doodle was a simple out-of-offi_345e61' is clicked on

17-06-2024T18:10:52 - [TEST_STEP][PASSED] - verifyElementVisible(findTestObject("Object Repository/Page_The Story and Evolution of Doodles - G_6e786d/h1_The story behind Doodles")): Object 'Object Repository/Page_The Story and Evolution of Doodles - G_6e786d/h1_The story behind Doodles' is visible

17-06-2024T18:10:52 - [MESSAGE][PASSED] - Object 'Object Repository/Page_The Story and Evolution of Doodles - G_6e786d/h1_The story behind Doodles' is visible

17-06-2024T18:10:52 - [TEST_STEP][PASSED] - verifyElementVisible(findTestObject("Object Repository/Page_The Story and Evolution of Doodles - G_6e786d/p_The first Doodle was a simple out-of-offi_345e61")): Object 'Object Repository/Page_The Story and Evolution of Doodles - G_6e786d/p_The first Doodle was a simple out-of-offi_345e61' is visible

17-06-2024T18:10:53 - [MESSAGE][PASSED] - Object 'Object Repository/Page_The Story and Evolution of Doodles - G_6e786d/p_The first Doodle was a simple out-of-offi_345e61' is visible

17-06-2024T18:10:53 - [TEST_STEP][PASSED] - verifyElementVisible(findTestObject("Object Repository/Page_The Story and Evolution of Doodles - G_6e786d/h2_Weve created more than 5,000 Doodles ove_111429")): Object 'Object Repository/Page_The Story and Evolution of Doodles - G_6e786d/h2_Weve created more than 5,000 Doodles ove_111429' is visible

17-06-2024T18:10:53 - [MESSAGE][PASSED] - Object 'Object Repository/Page_The Story and Evolution of Doodles - G_6e786d/h2_Weve created more than 5,000 Doodles ove_111429' is visible

17-06-2024T18:10:53 - [TEST_STEP][PASSED] - click(findTestObject("Object Repository/Page_The Story and Evolution of Doodles - G_6e786d/p_The first Doodle was a simple out-of-offi_345e61")): Object: 'Object Repository/Page_The Story and Evolution of Doodles - G_6e786d/p_The first Doodle was a simple out-of-offi_345e61' is clicked on

17-06-2024T18:10:53 - [MESSAGE][PASSED] - Object: 'Object Repository/Page_The Story and Evolution of Doodles - G_6e786d/p_The first Doodle was a simple out-of-offi_345e61' is clicked on

17-06-2024T18:10:53 - [TEST_STEP][PASSED] - verifyElementVisible(findTestObject("Object Repository/Page_The Story and Evolution of Doodles - G_6e786d/h1_The story behind Doodles")): Object 'Object Repository/Page_The Story and Evolution of Doodles - G_6e786d/h1_The story behind Doodles' is visible

17-06-2024T18:10:54 - [MESSAGE][PASSED] - Object 'Object Repository/Page_The Story and Evolution of Doodles - G_6e786d/h1_The story behind Doodles' is visible

17-06-2024T18:10:54 - [TEST_STEP][PASSED] - verifyElementVisible(findTestObject("Object Repository/Page_The Story and Evolution of Doodles - G_6e786d/p_The first Doodle was a simple out-of-offi_345e61")): Object 'Object Repository/Page_The Story and Evolution of Doodles - G_6e786d/p_The first Doodle was a simple out-of-offi_345e61' is visible

17-06-2024T18:10:54 - [MESSAGE][PASSED] - Object 'Object Repository/Page_The Story and Evolution of Doodles - G_6e786d/p_The first Doodle was a simple out-of-offi_345e61' is visible

17-06-2024T18:10:54 - [TEST_STEP][PASSED] - verifyElementVisible(findTestObject("Object Repository/Page_The Story and Evolution of Doodles - G_6e786d/h2_Weve created more than 5,000 Doodles ove_111429")): Object 'Object Repository/Page_The Story and Evolution of Doodles - G_6e786d/h2_Weve created more than 5,000 Doodles ove_111429' is visible

17-06-2024T18:10:54 - [MESSAGE][PASSED] - Object 'Object Repository/Page_The Story and Evolution of Doodles - G_6e786d/h2_Weve created more than 5,000 Doodles ove_111429' is visible

17-06-2024T18:10:54 - [TEST_STEP][PASSED] - click(findTestObject("Object Repository/Page_The Story and Evolution of Doodles - G_6e786d/p_The first Doodle was a simple out-of-offi_345e61")): Object: 'Object Repository/Page_The Story and Evolution of Doodles - G_6e786d/p_The first Doodle was a simple out-of-offi_345e61' is clicked on

17-06-2024T18:10:55 - [MESSAGE][PASSED] - Object: 'Object Repository/Page_The Story and Evolution of Doodles - G_6e786d/p_The first Doodle was a simple out-of-offi_345e61' is clicked on

17-06-2024T18:10:55 - [TEST_STEP][PASSED] - verifyElementVisible(findTestObject("Object Repository/Page_The Story and Evolution of Doodles - G_6e786d/h1_The story behind Doodles")): Object 'Object Repository/Page_The Story and Evolution of Doodles - G_6e786d/h1_The story behind Doodles' is visible

17-06-2024T18:10:55 - [MESSAGE][PASSED] - Object 'Object Repository/Page_The Story and Evolution of Doodles - G_6e786d/h1_The story behind Doodles' is visible

17-06-2024T18:10:55 - [TEST_STEP][PASSED] - verifyElementVisible(findTestObject("Object Repository/Page_The Story and Evolution of Doodles - G_6e786d/p_The first Doodle was a simple out-of-offi_345e61")): Object 'Object Repository/Page_The Story and Evolution of Doodles - G_6e786d/p_The first Doodle was a simple out-of-offi_345e61' is visible

17-06-2024T18:10:55 - [MESSAGE][PASSED] - Object 'Object Repository/Page_The Story and Evolution of Doodles - G_6e786d/p_The first Doodle was a simple out-of-offi_345e61' is visible

17-06-2024T18:10:55 - [TEST_STEP][PASSED] - verifyElementVisible(findTestObject("Object Repository/Page_The Story and Evolution of Doodles - G_6e786d/h2_Weve created more than 5,000 Doodles ove_111429")): Object 'Object Repository/Page_The Story and Evolution of Doodles - G_6e786d/h2_Weve created more than 5,000 Doodles ove_111429' is visible

17-06-2024T18:10:56 - [MESSAGE][PASSED] - Object 'Object Repository/Page_The Story and Evolution of Doodles - G_6e786d/h2_Weve created more than 5,000 Doodles ove_111429' is visible

17-06-2024T18:10:56 - [TEST_STEP][PASSED] - click(findTestObject("Object Repository/Page_The Story and Evolution of Doodles - G_6e786d/p_The first Doodle was a simple out-of-offi_345e61")): Object: 'Object Repository/Page_The Story and Evolution of Doodles - G_6e786d/p_The first Doodle was a simple out-of-offi_345e61' is clicked on

17-06-2024T18:10:56 - [MESSAGE][PASSED] - Object: 'Object Repository/Page_The Story and Evolution of Doodles - G_6e786d/p_The first Doodle was a simple out-of-offi_345e61' is clicked on

17-06-2024T18:10:56 - [TEST_STEP][PASSED] - verifyElementVisible(findTestObject("Object Repository/Page_The Story and Evolution of Doodles - G_6e786d/h1_The story behind Doodles")): Object 'Object Repository/Page_The Story and Evolution of Doodles - G_6e786d/h1_The story behind Doodles' is visible

17-06-2024T18:10:56 - [MESSAGE][PASSED] - Object 'Object Repository/Page_The Story and Evolution of Doodles - G_6e786d/h1_The story behind Doodles' is visible

17-06-2024T18:10:56 - [TEST_STEP][PASSED] - verifyElementVisible(findTestObject("Object Repository/Page_The Story and Evolution of Doodles - G_6e786d/p_The first Doodle was a simple out-of-offi_345e61")): Object 'Object Repository/Page_The Story and Evolution of Doodles - G_6e786d/p_The first Doodle was a simple out-of-offi_345e61' is visible

17-06-2024T18:10:57 - [MESSAGE][PASSED] - Object 'Object Repository/Page_The Story and Evolution of Doodles - G_6e786d/p_The first Doodle was a simple out-of-offi_345e61' is visible

17-06-2024T18:10:57 - [TEST_STEP][PASSED] - verifyElementVisible(findTestObject("Object Repository/Page_The Story and Evolution of Doodles - G_6e786d/h2_Weve created more than 5,000 Doodles ove_111429")): Object 'Object Repository/Page_The Story and Evolution of Doodles - G_6e786d/h2_Weve created more than 5,000 Doodles ove_111429' is visible

17-06-2024T18:10:57 - [MESSAGE][PASSED] - Object 'Object Repository/Page_The Story and Evolution of Doodles - G_6e786d/h2_Weve created more than 5,000 Doodles ove_111429' is visible

17-06-2024T18:10:57 - [TEST_STEP][PASSED] - click(findTestObject("Object Repository/Page_The Story and Evolution of Doodles - G_6e786d/p_The first Doodle was a simple out-of-offi_345e61")): Object: 'Object Repository/Page_The Story and Evolution of Doodles - G_6e786d/p_The first Doodle was a simple out-of-offi_345e61' is clicked on

17-06-2024T18:10:58 - [MESSAGE][PASSED] - Object: 'Object Repository/Page_The Story and Evolution of Doodles - G_6e786d/p_The first Doodle was a simple out-of-offi_345e61' is clicked on

17-06-2024T18:10:58 - [TEST_STEP][PASSED] - verifyElementVisible(findTestObject("Object Repository/Page_The Story and Evolution of Doodles - G_6e786d/h1_The story behind Doodles")): Object 'Object Repository/Page_The Story and Evolution of Doodles - G_6e786d/h1_The story behind Doodles' is visible

17-06-2024T18:10:58 - [MESSAGE][PASSED] - Object 'Object Repository/Page_The Story and Evolution of Doodles - G_6e786d/h1_The story behind Doodles' is visible

17-06-2024T18:10:58 - [TEST_STEP][PASSED] - verifyElementVisible(findTestObject("Object Repository/Page_The Story and Evolution of Doodles - G_6e786d/p_The first Doodle was a simple out-of-offi_345e61")): Object 'Object Repository/Page_The Story and Evolution of Doodles - G_6e786d/p_The first Doodle was a simple out-of-offi_345e61' is visible

17-06-2024T18:10:58 - [MESSAGE][PASSED] - Object 'Object Repository/Page_The Story and Evolution of Doodles - G_6e786d/p_The first Doodle was a simple out-of-offi_345e61' is visible

17-06-2024T18:10:58 - [TEST_STEP][PASSED] - verifyElementVisible(findTestObject("Object Repository/Page_The Story and Evolution of Doodles - G_6e786d/h2_Weve created more than 5,000 Doodles ove_111429")): Object 'Object Repository/Page_The Story and Evolution of Doodles - G_6e786d/h2_Weve created more than 5,000 Doodles ove_111429' is visible

17-06-2024T18:10:59 - [MESSAGE][PASSED] - Object 'Object Repository/Page_The Story and Evolution of Doodles - G_6e786d/h2_Weve created more than 5,000 Doodles ove_111429' is visible

17-06-2024T18:10:59 - [TEST_STEP][PASSED] - click(findTestObject("Object Repository/Page_The Story and Evolution of Doodles - G_6e786d/p_The first Doodle was a simple out-of-offi_345e61")): Object: 'Object Repository/Page_The Story and Evolution of Doodles - G_6e786d/p_The first Doodle was a simple out-of-offi_345e61' is clicked on

17-06-2024T18:10:59 - [MESSAGE][PASSED] - Object: 'Object Repository/Page_The Story and Evolution of Doodles - G_6e786d/p_The first Doodle was a simple out-of-offi_345e61' is clicked on

17-06-2024T18:10:59 - [TEST_STEP][PASSED] - verifyElementVisible(findTestObject("Object Repository/Page_The Story and Evolution of Doodles - G_6e786d/h1_The story behind Doodles")): Object 'Object Repository/Page_The Story and Evolution of Doodles - G_6e786d/h1_The story behind Doodles' is visible

17-06-2024T18:10:59 - [MESSAGE][PASSED] - Object 'Object Repository/Page_The Story and Evolution of Doodles - G_6e786d/h1_The story behind Doodles' is visible

17-06-2024T18:10:59 - [TEST_STEP][PASSED] - verifyElementVisible(findTestObject("Object Repository/Page_The Story and Evolution of Doodles - G_6e786d/p_The first Doodle was a simple out-of-offi_345e61")): Object 'Object Repository/Page_The Story and Evolution of Doodles - G_6e786d/p_The first Doodle was a simple out-of-offi_345e61' is visible

17-06-2024T18:11:00 - [MESSAGE][PASSED] - Object 'Object Repository/Page_The Story and Evolution of Doodles - G_6e786d/p_The first Doodle was a simple out-of-offi_345e61' is visible

17-06-2024T18:11:00 - [TEST_STEP][PASSED] - verifyElementVisible(findTestObject("Object Repository/Page_The Story and Evolution of Doodles - G_6e786d/h2_Weve created more than 5,000 Doodles ove_111429")): Object 'Object Repository/Page_The Story and Evolution of Doodles - G_6e786d/h2_Weve created more than 5,000 Doodles ove_111429' is visible

17-06-2024T18:11:00 - [MESSAGE][PASSED] - Object 'Object Repository/Page_The Story and Evolution of Doodles - G_6e786d/h2_Weve created more than 5,000 Doodles ove_111429' is visible

17-06-2024T18:11:00 - [TEST_STEP][PASSED] - click(findTestObject("Object Repository/Page_The Story and Evolution of Doodles - G_6e786d/p_The first Doodle was a simple out-of-offi_345e61")): Object: 'Object Repository/Page_The Story and Evolution of Doodles - G_6e786d/p_The first Doodle was a simple out-of-offi_345e61' is clicked on

17-06-2024T18:11:00 - [MESSAGE][PASSED] - Object: 'Object Repository/Page_The Story and Evolution of Doodles - G_6e786d/p_The first Doodle was a simple out-of-offi_345e61' is clicked on

17-06-2024T18:11:00 - [TEST_STEP][PASSED] - verifyElementVisible(findTestObject("Object Repository/Page_The Story and Evolution of Doodles - G_6e786d/h1_The story behind Doodles")): Object 'Object Repository/Page_The Story and Evolution of Doodles - G_6e786d/h1_The story behind Doodles' is visible

17-06-2024T18:11:01 - [MESSAGE][PASSED] - Object 'Object Repository/Page_The Story and Evolution of Doodles - G_6e786d/h1_The story behind Doodles' is visible

17-06-2024T18:11:01 - [TEST_STEP][PASSED] - verifyElementVisible(findTestObject("Object Repository/Page_The Story and Evolution of Doodles - G_6e786d/p_The first Doodle was a simple out-of-offi_345e61")): Object 'Object Repository/Page_The Story and Evolution of Doodles - G_6e786d/p_The first Doodle was a simple out-of-offi_345e61' is visible

17-06-2024T18:11:01 - [MESSAGE][PASSED] - Object 'Object Repository/Page_The Story and Evolution of Doodles - G_6e786d/p_The first Doodle was a simple out-of-offi_345e61' is visible

17-06-2024T18:11:01 - [TEST_STEP][PASSED] - verifyElementVisible(findTestObject("Object Repository/Page_The Story and Evolution of Doodles - G_6e786d/h2_Weve created more than 5,000 Doodles ove_111429")): Object 'Object Repository/Page_The Story and Evolution of Doodles - G_6e786d/h2_Weve created more than 5,000 Doodles ove_111429' is visible

17-06-2024T18:11:01 - [MESSAGE][PASSED] - Object 'Object Repository/Page_The Story and Evolution of Doodles - G_6e786d/h2_Weve created more than 5,000 Doodles ove_111429' is visible]]></system-out>
         <system-err><![CDATA[]]></system-err>
      </testcase>
      <testcase name="Test Cases/test case folder 1/tc1 - Copy (1)" time="19.451" classname="Test Cases/test case folder 1/tc1 - Copy (1)" status="PASSED">
         <system-out><![CDATA[17-06-2024T18:11:01 - [TEST_CASE][PASSED] - Test Cases/test case folder 1/tc1 - Copy (1): Test Cases/test case folder 1/tc1 - Copy (1)

17-06-2024T18:11:01 - [TEST_STEP][PASSED] - openBrowser(""): Browser is opened with url: ''

17-06-2024T18:11:01 - [MESSAGE][WARNING] - A browser is already opened. Closing browser and opening a new one

17-06-2024T18:11:02 - [MESSAGE][INFO] - Starting 'Chrome (headless)' driver

17-06-2024T18:11:02 - [MESSAGE][INFO] - Action delay is set to 0 milliseconds

17-06-2024T18:11:03 - [MESSAGE][PASSED] - Browser is opened with url: ''

17-06-2024T18:11:03 - [TEST_STEP][PASSED] - navigateToUrl("https://doodles.google/about/"): Navigate to 'https://doodles.google/about/' successfully

17-06-2024T18:11:06 - [MESSAGE][PASSED] - Navigate to 'https://doodles.google/about/' successfully

17-06-2024T18:11:06 - [TEST_STEP][PASSED] - click(findTestObject("Object Repository/Page_The Story and Evolution of Doodles - G_6e786d/p_The first Doodle was a simple out-of-offi_345e61")): Object: 'Object Repository/Page_The Story and Evolution of Doodles - G_6e786d/p_The first Doodle was a simple out-of-offi_345e61' is clicked on

17-06-2024T18:11:06 - [MESSAGE][PASSED] - Object: 'Object Repository/Page_The Story and Evolution of Doodles - G_6e786d/p_The first Doodle was a simple out-of-offi_345e61' is clicked on

17-06-2024T18:11:06 - [TEST_STEP][PASSED] - click(findTestObject("Object Repository/Page_The Story and Evolution of Doodles - G_6e786d/p_The first Doodle was a simple out-of-offi_345e61")): Object: 'Object Repository/Page_The Story and Evolution of Doodles - G_6e786d/p_The first Doodle was a simple out-of-offi_345e61' is clicked on

17-06-2024T18:11:06 - [MESSAGE][PASSED] - Object: 'Object Repository/Page_The Story and Evolution of Doodles - G_6e786d/p_The first Doodle was a simple out-of-offi_345e61' is clicked on

17-06-2024T18:11:06 - [TEST_STEP][PASSED] - verifyElementVisible(findTestObject("Object Repository/Page_The Story and Evolution of Doodles - G_6e786d/h1_The story behind Doodles")): Object 'Object Repository/Page_The Story and Evolution of Doodles - G_6e786d/h1_The story behind Doodles' is visible

17-06-2024T18:11:07 - [MESSAGE][PASSED] - Object 'Object Repository/Page_The Story and Evolution of Doodles - G_6e786d/h1_The story behind Doodles' is visible

17-06-2024T18:11:07 - [TEST_STEP][PASSED] - verifyElementVisible(findTestObject("Object Repository/Page_The Story and Evolution of Doodles - G_6e786d/p_The first Doodle was a simple out-of-offi_345e61")): Object 'Object Repository/Page_The Story and Evolution of Doodles - G_6e786d/p_The first Doodle was a simple out-of-offi_345e61' is visible

17-06-2024T18:11:07 - [MESSAGE][PASSED] - Object 'Object Repository/Page_The Story and Evolution of Doodles - G_6e786d/p_The first Doodle was a simple out-of-offi_345e61' is visible

17-06-2024T18:11:07 - [TEST_STEP][PASSED] - verifyElementVisible(findTestObject("Object Repository/Page_The Story and Evolution of Doodles - G_6e786d/h2_Weve created more than 5,000 Doodles ove_111429")): Object 'Object Repository/Page_The Story and Evolution of Doodles - G_6e786d/h2_Weve created more than 5,000 Doodles ove_111429' is visible

17-06-2024T18:11:07 - [MESSAGE][PASSED] - Object 'Object Repository/Page_The Story and Evolution of Doodles - G_6e786d/h2_Weve created more than 5,000 Doodles ove_111429' is visible

17-06-2024T18:11:07 - [TEST_STEP][PASSED] - verifyElementVisible(findTestObject("Object Repository/Page_The Story and Evolution of Doodles - G_6e786d/h1_The story behind Doodles")): Object 'Object Repository/Page_The Story and Evolution of Doodles - G_6e786d/h1_The story behind Doodles' is visible

17-06-2024T18:11:07 - [MESSAGE][PASSED] - Object 'Object Repository/Page_The Story and Evolution of Doodles - G_6e786d/h1_The story behind Doodles' is visible

17-06-2024T18:11:07 - [TEST_STEP][PASSED] - verifyElementVisible(findTestObject("Object Repository/Page_The Story and Evolution of Doodles - G_6e786d/p_The first Doodle was a simple out-of-offi_345e61")): Object 'Object Repository/Page_The Story and Evolution of Doodles - G_6e786d/p_The first Doodle was a simple out-of-offi_345e61' is visible

17-06-2024T18:11:08 - [MESSAGE][PASSED] - Object 'Object Repository/Page_The Story and Evolution of Doodles - G_6e786d/p_The first Doodle was a simple out-of-offi_345e61' is visible

17-06-2024T18:11:08 - [TEST_STEP][PASSED] - verifyElementVisible(findTestObject("Object Repository/Page_The Story and Evolution of Doodles - G_6e786d/h2_Weve created more than 5,000 Doodles ove_111429")): Object 'Object Repository/Page_The Story and Evolution of Doodles - G_6e786d/h2_Weve created more than 5,000 Doodles ove_111429' is visible

17-06-2024T18:11:08 - [MESSAGE][PASSED] - Object 'Object Repository/Page_The Story and Evolution of Doodles - G_6e786d/h2_Weve created more than 5,000 Doodles ove_111429' is visible

17-06-2024T18:11:08 - [TEST_STEP][PASSED] - click(findTestObject("Object Repository/Page_The Story and Evolution of Doodles - G_6e786d/p_The first Doodle was a simple out-of-offi_345e61")): Object: 'Object Repository/Page_The Story and Evolution of Doodles - G_6e786d/p_The first Doodle was a simple out-of-offi_345e61' is clicked on

17-06-2024T18:11:09 - [MESSAGE][PASSED] - Object: 'Object Repository/Page_The Story and Evolution of Doodles - G_6e786d/p_The first Doodle was a simple out-of-offi_345e61' is clicked on

17-06-2024T18:11:09 - [TEST_STEP][PASSED] - verifyElementVisible(findTestObject("Object Repository/Page_The Story and Evolution of Doodles - G_6e786d/h1_The story behind Doodles")): Object 'Object Repository/Page_The Story and Evolution of Doodles - G_6e786d/h1_The story behind Doodles' is visible

17-06-2024T18:11:09 - [MESSAGE][PASSED] - Object 'Object Repository/Page_The Story and Evolution of Doodles - G_6e786d/h1_The story behind Doodles' is visible

17-06-2024T18:11:09 - [TEST_STEP][PASSED] - verifyElementVisible(findTestObject("Object Repository/Page_The Story and Evolution of Doodles - G_6e786d/p_The first Doodle was a simple out-of-offi_345e61")): Object 'Object Repository/Page_The Story and Evolution of Doodles - G_6e786d/p_The first Doodle was a simple out-of-offi_345e61' is visible

17-06-2024T18:11:09 - [MESSAGE][PASSED] - Object 'Object Repository/Page_The Story and Evolution of Doodles - G_6e786d/p_The first Doodle was a simple out-of-offi_345e61' is visible

17-06-2024T18:11:09 - [TEST_STEP][PASSED] - verifyElementVisible(findTestObject("Object Repository/Page_The Story and Evolution of Doodles - G_6e786d/h2_Weve created more than 5,000 Doodles ove_111429")): Object 'Object Repository/Page_The Story and Evolution of Doodles - G_6e786d/h2_Weve created more than 5,000 Doodles ove_111429' is visible

17-06-2024T18:11:10 - [MESSAGE][PASSED] - Object 'Object Repository/Page_The Story and Evolution of Doodles - G_6e786d/h2_Weve created more than 5,000 Doodles ove_111429' is visible

17-06-2024T18:11:10 - [TEST_STEP][PASSED] - click(findTestObject("Object Repository/Page_The Story and Evolution of Doodles - G_6e786d/p_The first Doodle was a simple out-of-offi_345e61")): Object: 'Object Repository/Page_The Story and Evolution of Doodles - G_6e786d/p_The first Doodle was a simple out-of-offi_345e61' is clicked on

17-06-2024T18:11:10 - [MESSAGE][PASSED] - Object: 'Object Repository/Page_The Story and Evolution of Doodles - G_6e786d/p_The first Doodle was a simple out-of-offi_345e61' is clicked on

17-06-2024T18:11:10 - [TEST_STEP][PASSED] - verifyElementVisible(findTestObject("Object Repository/Page_The Story and Evolution of Doodles - G_6e786d/h1_The story behind Doodles")): Object 'Object Repository/Page_The Story and Evolution of Doodles - G_6e786d/h1_The story behind Doodles' is visible

17-06-2024T18:11:10 - [MESSAGE][PASSED] - Object 'Object Repository/Page_The Story and Evolution of Doodles - G_6e786d/h1_The story behind Doodles' is visible

17-06-2024T18:11:10 - [TEST_STEP][PASSED] - verifyElementVisible(findTestObject("Object Repository/Page_The Story and Evolution of Doodles - G_6e786d/p_The first Doodle was a simple out-of-offi_345e61")): Object 'Object Repository/Page_The Story and Evolution of Doodles - G_6e786d/p_The first Doodle was a simple out-of-offi_345e61' is visible

17-06-2024T18:11:11 - [MESSAGE][PASSED] - Object 'Object Repository/Page_The Story and Evolution of Doodles - G_6e786d/p_The first Doodle was a simple out-of-offi_345e61' is visible

17-06-2024T18:11:11 - [TEST_STEP][PASSED] - verifyElementVisible(findTestObject("Object Repository/Page_The Story and Evolution of Doodles - G_6e786d/h2_Weve created more than 5,000 Doodles ove_111429")): Object 'Object Repository/Page_The Story and Evolution of Doodles - G_6e786d/h2_Weve created more than 5,000 Doodles ove_111429' is visible

17-06-2024T18:11:11 - [MESSAGE][PASSED] - Object 'Object Repository/Page_The Story and Evolution of Doodles - G_6e786d/h2_Weve created more than 5,000 Doodles ove_111429' is visible

17-06-2024T18:11:11 - [TEST_STEP][PASSED] - click(findTestObject("Object Repository/Page_The Story and Evolution of Doodles - G_6e786d/p_The first Doodle was a simple out-of-offi_345e61")): Object: 'Object Repository/Page_The Story and Evolution of Doodles - G_6e786d/p_The first Doodle was a simple out-of-offi_345e61' is clicked on

17-06-2024T18:11:11 - [MESSAGE][PASSED] - Object: 'Object Repository/Page_The Story and Evolution of Doodles - G_6e786d/p_The first Doodle was a simple out-of-offi_345e61' is clicked on

17-06-2024T18:11:11 - [TEST_STEP][PASSED] - verifyElementVisible(findTestObject("Object Repository/Page_The Story and Evolution of Doodles - G_6e786d/h1_The story behind Doodles")): Object 'Object Repository/Page_The Story and Evolution of Doodles - G_6e786d/h1_The story behind Doodles' is visible

17-06-2024T18:11:12 - [MESSAGE][PASSED] - Object 'Object Repository/Page_The Story and Evolution of Doodles - G_6e786d/h1_The story behind Doodles' is visible

17-06-2024T18:11:12 - [TEST_STEP][PASSED] - verifyElementVisible(findTestObject("Object Repository/Page_The Story and Evolution of Doodles - G_6e786d/p_The first Doodle was a simple out-of-offi_345e61")): Object 'Object Repository/Page_The Story and Evolution of Doodles - G_6e786d/p_The first Doodle was a simple out-of-offi_345e61' is visible

17-06-2024T18:11:12 - [MESSAGE][PASSED] - Object 'Object Repository/Page_The Story and Evolution of Doodles - G_6e786d/p_The first Doodle was a simple out-of-offi_345e61' is visible

17-06-2024T18:11:12 - [TEST_STEP][PASSED] - verifyElementVisible(findTestObject("Object Repository/Page_The Story and Evolution of Doodles - G_6e786d/h2_Weve created more than 5,000 Doodles ove_111429")): Object 'Object Repository/Page_The Story and Evolution of Doodles - G_6e786d/h2_Weve created more than 5,000 Doodles ove_111429' is visible

17-06-2024T18:11:12 - [MESSAGE][PASSED] - Object 'Object Repository/Page_The Story and Evolution of Doodles - G_6e786d/h2_Weve created more than 5,000 Doodles ove_111429' is visible

17-06-2024T18:11:12 - [TEST_STEP][PASSED] - click(findTestObject("Object Repository/Page_The Story and Evolution of Doodles - G_6e786d/p_The first Doodle was a simple out-of-offi_345e61")): Object: 'Object Repository/Page_The Story and Evolution of Doodles - G_6e786d/p_The first Doodle was a simple out-of-offi_345e61' is clicked on

17-06-2024T18:11:13 - [MESSAGE][PASSED] - Object: 'Object Repository/Page_The Story and Evolution of Doodles - G_6e786d/p_The first Doodle was a simple out-of-offi_345e61' is clicked on

17-06-2024T18:11:13 - [TEST_STEP][PASSED] - verifyElementVisible(findTestObject("Object Repository/Page_The Story and Evolution of Doodles - G_6e786d/h1_The story behind Doodles")): Object 'Object Repository/Page_The Story and Evolution of Doodles - G_6e786d/h1_The story behind Doodles' is visible

17-06-2024T18:11:13 - [MESSAGE][PASSED] - Object 'Object Repository/Page_The Story and Evolution of Doodles - G_6e786d/h1_The story behind Doodles' is visible

17-06-2024T18:11:13 - [TEST_STEP][PASSED] - verifyElementVisible(findTestObject("Object Repository/Page_The Story and Evolution of Doodles - G_6e786d/p_The first Doodle was a simple out-of-offi_345e61")): Object 'Object Repository/Page_The Story and Evolution of Doodles - G_6e786d/p_The first Doodle was a simple out-of-offi_345e61' is visible

17-06-2024T18:11:13 - [MESSAGE][PASSED] - Object 'Object Repository/Page_The Story and Evolution of Doodles - G_6e786d/p_The first Doodle was a simple out-of-offi_345e61' is visible

17-06-2024T18:11:13 - [TEST_STEP][PASSED] - verifyElementVisible(findTestObject("Object Repository/Page_The Story and Evolution of Doodles - G_6e786d/h2_Weve created more than 5,000 Doodles ove_111429")): Object 'Object Repository/Page_The Story and Evolution of Doodles - G_6e786d/h2_Weve created more than 5,000 Doodles ove_111429' is visible

17-06-2024T18:11:14 - [MESSAGE][PASSED] - Object 'Object Repository/Page_The Story and Evolution of Doodles - G_6e786d/h2_Weve created more than 5,000 Doodles ove_111429' is visible

17-06-2024T18:11:14 - [TEST_STEP][PASSED] - click(findTestObject("Object Repository/Page_The Story and Evolution of Doodles - G_6e786d/p_The first Doodle was a simple out-of-offi_345e61")): Object: 'Object Repository/Page_The Story and Evolution of Doodles - G_6e786d/p_The first Doodle was a simple out-of-offi_345e61' is clicked on

17-06-2024T18:11:14 - [MESSAGE][PASSED] - Object: 'Object Repository/Page_The Story and Evolution of Doodles - G_6e786d/p_The first Doodle was a simple out-of-offi_345e61' is clicked on

17-06-2024T18:11:14 - [TEST_STEP][PASSED] - verifyElementVisible(findTestObject("Object Repository/Page_The Story and Evolution of Doodles - G_6e786d/h1_The story behind Doodles")): Object 'Object Repository/Page_The Story and Evolution of Doodles - G_6e786d/h1_The story behind Doodles' is visible

17-06-2024T18:11:15 - [MESSAGE][PASSED] - Object 'Object Repository/Page_The Story and Evolution of Doodles - G_6e786d/h1_The story behind Doodles' is visible

17-06-2024T18:11:15 - [TEST_STEP][PASSED] - verifyElementVisible(findTestObject("Object Repository/Page_The Story and Evolution of Doodles - G_6e786d/p_The first Doodle was a simple out-of-offi_345e61")): Object 'Object Repository/Page_The Story and Evolution of Doodles - G_6e786d/p_The first Doodle was a simple out-of-offi_345e61' is visible

17-06-2024T18:11:15 - [MESSAGE][PASSED] - Object 'Object Repository/Page_The Story and Evolution of Doodles - G_6e786d/p_The first Doodle was a simple out-of-offi_345e61' is visible

17-06-2024T18:11:15 - [TEST_STEP][PASSED] - verifyElementVisible(findTestObject("Object Repository/Page_The Story and Evolution of Doodles - G_6e786d/h2_Weve created more than 5,000 Doodles ove_111429")): Object 'Object Repository/Page_The Story and Evolution of Doodles - G_6e786d/h2_Weve created more than 5,000 Doodles ove_111429' is visible

17-06-2024T18:11:15 - [MESSAGE][PASSED] - Object 'Object Repository/Page_The Story and Evolution of Doodles - G_6e786d/h2_Weve created more than 5,000 Doodles ove_111429' is visible

17-06-2024T18:11:15 - [TEST_STEP][PASSED] - click(findTestObject("Object Repository/Page_The Story and Evolution of Doodles - G_6e786d/p_The first Doodle was a simple out-of-offi_345e61")): Object: 'Object Repository/Page_The Story and Evolution of Doodles - G_6e786d/p_The first Doodle was a simple out-of-offi_345e61' is clicked on

17-06-2024T18:11:16 - [MESSAGE][PASSED] - Object: 'Object Repository/Page_The Story and Evolution of Doodles - G_6e786d/p_The first Doodle was a simple out-of-offi_345e61' is clicked on

17-06-2024T18:11:16 - [TEST_STEP][PASSED] - verifyElementVisible(findTestObject("Object Repository/Page_The Story and Evolution of Doodles - G_6e786d/h1_The story behind Doodles")): Object 'Object Repository/Page_The Story and Evolution of Doodles - G_6e786d/h1_The story behind Doodles' is visible

17-06-2024T18:11:16 - [MESSAGE][PASSED] - Object 'Object Repository/Page_The Story and Evolution of Doodles - G_6e786d/h1_The story behind Doodles' is visible

17-06-2024T18:11:16 - [TEST_STEP][PASSED] - verifyElementVisible(findTestObject("Object Repository/Page_The Story and Evolution of Doodles - G_6e786d/p_The first Doodle was a simple out-of-offi_345e61")): Object 'Object Repository/Page_The Story and Evolution of Doodles - G_6e786d/p_The first Doodle was a simple out-of-offi_345e61' is visible

17-06-2024T18:11:16 - [MESSAGE][PASSED] - Object 'Object Repository/Page_The Story and Evolution of Doodles - G_6e786d/p_The first Doodle was a simple out-of-offi_345e61' is visible

17-06-2024T18:11:16 - [TEST_STEP][PASSED] - verifyElementVisible(findTestObject("Object Repository/Page_The Story and Evolution of Doodles - G_6e786d/h2_Weve created more than 5,000 Doodles ove_111429")): Object 'Object Repository/Page_The Story and Evolution of Doodles - G_6e786d/h2_Weve created more than 5,000 Doodles ove_111429' is visible

17-06-2024T18:11:17 - [MESSAGE][PASSED] - Object 'Object Repository/Page_The Story and Evolution of Doodles - G_6e786d/h2_Weve created more than 5,000 Doodles ove_111429' is visible

17-06-2024T18:11:17 - [TEST_STEP][PASSED] - click(findTestObject("Object Repository/Page_The Story and Evolution of Doodles - G_6e786d/p_The first Doodle was a simple out-of-offi_345e61")): Object: 'Object Repository/Page_The Story and Evolution of Doodles - G_6e786d/p_The first Doodle was a simple out-of-offi_345e61' is clicked on

17-06-2024T18:11:17 - [MESSAGE][PASSED] - Object: 'Object Repository/Page_The Story and Evolution of Doodles - G_6e786d/p_The first Doodle was a simple out-of-offi_345e61' is clicked on

17-06-2024T18:11:17 - [TEST_STEP][PASSED] - verifyElementVisible(findTestObject("Object Repository/Page_The Story and Evolution of Doodles - G_6e786d/h1_The story behind Doodles")): Object 'Object Repository/Page_The Story and Evolution of Doodles - G_6e786d/h1_The story behind Doodles' is visible

17-06-2024T18:11:17 - [MESSAGE][PASSED] - Object 'Object Repository/Page_The Story and Evolution of Doodles - G_6e786d/h1_The story behind Doodles' is visible

17-06-2024T18:11:17 - [TEST_STEP][PASSED] - verifyElementVisible(findTestObject("Object Repository/Page_The Story and Evolution of Doodles - G_6e786d/p_The first Doodle was a simple out-of-offi_345e61")): Object 'Object Repository/Page_The Story and Evolution of Doodles - G_6e786d/p_The first Doodle was a simple out-of-offi_345e61' is visible

17-06-2024T18:11:18 - [MESSAGE][PASSED] - Object 'Object Repository/Page_The Story and Evolution of Doodles - G_6e786d/p_The first Doodle was a simple out-of-offi_345e61' is visible

17-06-2024T18:11:18 - [TEST_STEP][PASSED] - verifyElementVisible(findTestObject("Object Repository/Page_The Story and Evolution of Doodles - G_6e786d/h2_Weve created more than 5,000 Doodles ove_111429")): Object 'Object Repository/Page_The Story and Evolution of Doodles - G_6e786d/h2_Weve created more than 5,000 Doodles ove_111429' is visible

17-06-2024T18:11:18 - [MESSAGE][PASSED] - Object 'Object Repository/Page_The Story and Evolution of Doodles - G_6e786d/h2_Weve created more than 5,000 Doodles ove_111429' is visible

17-06-2024T18:11:18 - [TEST_STEP][PASSED] - click(findTestObject("Object Repository/Page_The Story and Evolution of Doodles - G_6e786d/p_The first Doodle was a simple out-of-offi_345e61")): Object: 'Object Repository/Page_The Story and Evolution of Doodles - G_6e786d/p_The first Doodle was a simple out-of-offi_345e61' is clicked on

17-06-2024T18:11:18 - [MESSAGE][PASSED] - Object: 'Object Repository/Page_The Story and Evolution of Doodles - G_6e786d/p_The first Doodle was a simple out-of-offi_345e61' is clicked on

17-06-2024T18:11:18 - [TEST_STEP][PASSED] - verifyElementVisible(findTestObject("Object Repository/Page_The Story and Evolution of Doodles - G_6e786d/h1_The story behind Doodles")): Object 'Object Repository/Page_The Story and Evolution of Doodles - G_6e786d/h1_The story behind Doodles' is visible

17-06-2024T18:11:19 - [MESSAGE][PASSED] - Object 'Object Repository/Page_The Story and Evolution of Doodles - G_6e786d/h1_The story behind Doodles' is visible

17-06-2024T18:11:19 - [TEST_STEP][PASSED] - verifyElementVisible(findTestObject("Object Repository/Page_The Story and Evolution of Doodles - G_6e786d/p_The first Doodle was a simple out-of-offi_345e61")): Object 'Object Repository/Page_The Story and Evolution of Doodles - G_6e786d/p_The first Doodle was a simple out-of-offi_345e61' is visible

17-06-2024T18:11:19 - [MESSAGE][PASSED] - Object 'Object Repository/Page_The Story and Evolution of Doodles - G_6e786d/p_The first Doodle was a simple out-of-offi_345e61' is visible

17-06-2024T18:11:19 - [TEST_STEP][PASSED] - verifyElementVisible(findTestObject("Object Repository/Page_The Story and Evolution of Doodles - G_6e786d/h2_Weve created more than 5,000 Doodles ove_111429")): Object 'Object Repository/Page_The Story and Evolution of Doodles - G_6e786d/h2_Weve created more than 5,000 Doodles ove_111429' is visible

17-06-2024T18:11:19 - [MESSAGE][PASSED] - Object 'Object Repository/Page_The Story and Evolution of Doodles - G_6e786d/h2_Weve created more than 5,000 Doodles ove_111429' is visible

17-06-2024T18:11:19 - [TEST_STEP][PASSED] - click(findTestObject("Object Repository/Page_The Story and Evolution of Doodles - G_6e786d/p_The first Doodle was a simple out-of-offi_345e61")): Object: 'Object Repository/Page_The Story and Evolution of Doodles - G_6e786d/p_The first Doodle was a simple out-of-offi_345e61' is clicked on

17-06-2024T18:11:20 - [MESSAGE][PASSED] - Object: 'Object Repository/Page_The Story and Evolution of Doodles - G_6e786d/p_The first Doodle was a simple out-of-offi_345e61' is clicked on

17-06-2024T18:11:20 - [TEST_STEP][PASSED] - verifyElementVisible(findTestObject("Object Repository/Page_The Story and Evolution of Doodles - G_6e786d/h1_The story behind Doodles")): Object 'Object Repository/Page_The Story and Evolution of Doodles - G_6e786d/h1_The story behind Doodles' is visible

17-06-2024T18:11:20 - [MESSAGE][PASSED] - Object 'Object Repository/Page_The Story and Evolution of Doodles - G_6e786d/h1_The story behind Doodles' is visible

17-06-2024T18:11:20 - [TEST_STEP][PASSED] - verifyElementVisible(findTestObject("Object Repository/Page_The Story and Evolution of Doodles - G_6e786d/p_The first Doodle was a simple out-of-offi_345e61")): Object 'Object Repository/Page_The Story and Evolution of Doodles - G_6e786d/p_The first Doodle was a simple out-of-offi_345e61' is visible

17-06-2024T18:11:20 - [MESSAGE][PASSED] - Object 'Object Repository/Page_The Story and Evolution of Doodles - G_6e786d/p_The first Doodle was a simple out-of-offi_345e61' is visible

17-06-2024T18:11:20 - [TEST_STEP][PASSED] - verifyElementVisible(findTestObject("Object Repository/Page_The Story and Evolution of Doodles - G_6e786d/h2_Weve created more than 5,000 Doodles ove_111429")): Object 'Object Repository/Page_The Story and Evolution of Doodles - G_6e786d/h2_Weve created more than 5,000 Doodles ove_111429' is visible

17-06-2024T18:11:21 - [MESSAGE][PASSED] - Object 'Object Repository/Page_The Story and Evolution of Doodles - G_6e786d/h2_Weve created more than 5,000 Doodles ove_111429' is visible]]></system-out>
         <system-err><![CDATA[]]></system-err>
      </testcase>
      <testcase name="Test Cases/test case folder 1/tc1 - Copy (2)" time="19.587" classname="Test Cases/test case folder 1/tc1 - Copy (2)" status="PASSED">
         <system-out><![CDATA[17-06-2024T18:11:21 - [TEST_CASE][PASSED] - Test Cases/test case folder 1/tc1 - Copy (2): Test Cases/test case folder 1/tc1 - Copy (2)

17-06-2024T18:11:21 - [TEST_STEP][PASSED] - openBrowser(""): Browser is opened with url: ''

17-06-2024T18:11:21 - [MESSAGE][WARNING] - A browser is already opened. Closing browser and opening a new one

17-06-2024T18:11:21 - [MESSAGE][INFO] - Starting 'Chrome (headless)' driver

17-06-2024T18:11:21 - [MESSAGE][INFO] - Action delay is set to 0 milliseconds

17-06-2024T18:11:22 - [MESSAGE][PASSED] - Browser is opened with url: ''

17-06-2024T18:11:22 - [TEST_STEP][PASSED] - navigateToUrl("https://doodles.google/about/"): Navigate to 'https://doodles.google/about/' successfully

17-06-2024T18:11:25 - [MESSAGE][PASSED] - Navigate to 'https://doodles.google/about/' successfully

17-06-2024T18:11:25 - [TEST_STEP][PASSED] - click(findTestObject("Object Repository/Page_The Story and Evolution of Doodles - G_6e786d/p_The first Doodle was a simple out-of-offi_345e61")): Object: 'Object Repository/Page_The Story and Evolution of Doodles - G_6e786d/p_The first Doodle was a simple out-of-offi_345e61' is clicked on

17-06-2024T18:11:25 - [MESSAGE][PASSED] - Object: 'Object Repository/Page_The Story and Evolution of Doodles - G_6e786d/p_The first Doodle was a simple out-of-offi_345e61' is clicked on

17-06-2024T18:11:25 - [TEST_STEP][PASSED] - click(findTestObject("Object Repository/Page_The Story and Evolution of Doodles - G_6e786d/p_The first Doodle was a simple out-of-offi_345e61")): Object: 'Object Repository/Page_The Story and Evolution of Doodles - G_6e786d/p_The first Doodle was a simple out-of-offi_345e61' is clicked on

17-06-2024T18:11:26 - [MESSAGE][PASSED] - Object: 'Object Repository/Page_The Story and Evolution of Doodles - G_6e786d/p_The first Doodle was a simple out-of-offi_345e61' is clicked on

17-06-2024T18:11:26 - [TEST_STEP][PASSED] - verifyElementVisible(findTestObject("Object Repository/Page_The Story and Evolution of Doodles - G_6e786d/h1_The story behind Doodles")): Object 'Object Repository/Page_The Story and Evolution of Doodles - G_6e786d/h1_The story behind Doodles' is visible

17-06-2024T18:11:26 - [MESSAGE][PASSED] - Object 'Object Repository/Page_The Story and Evolution of Doodles - G_6e786d/h1_The story behind Doodles' is visible

17-06-2024T18:11:26 - [TEST_STEP][PASSED] - verifyElementVisible(findTestObject("Object Repository/Page_The Story and Evolution of Doodles - G_6e786d/p_The first Doodle was a simple out-of-offi_345e61")): Object 'Object Repository/Page_The Story and Evolution of Doodles - G_6e786d/p_The first Doodle was a simple out-of-offi_345e61' is visible

17-06-2024T18:11:27 - [MESSAGE][PASSED] - Object 'Object Repository/Page_The Story and Evolution of Doodles - G_6e786d/p_The first Doodle was a simple out-of-offi_345e61' is visible

17-06-2024T18:11:27 - [TEST_STEP][PASSED] - verifyElementVisible(findTestObject("Object Repository/Page_The Story and Evolution of Doodles - G_6e786d/h2_Weve created more than 5,000 Doodles ove_111429")): Object 'Object Repository/Page_The Story and Evolution of Doodles - G_6e786d/h2_Weve created more than 5,000 Doodles ove_111429' is visible

17-06-2024T18:11:27 - [MESSAGE][PASSED] - Object 'Object Repository/Page_The Story and Evolution of Doodles - G_6e786d/h2_Weve created more than 5,000 Doodles ove_111429' is visible

17-06-2024T18:11:27 - [TEST_STEP][PASSED] - verifyElementVisible(findTestObject("Object Repository/Page_The Story and Evolution of Doodles - G_6e786d/h1_The story behind Doodles")): Object 'Object Repository/Page_The Story and Evolution of Doodles - G_6e786d/h1_The story behind Doodles' is visible

17-06-2024T18:11:27 - [MESSAGE][PASSED] - Object 'Object Repository/Page_The Story and Evolution of Doodles - G_6e786d/h1_The story behind Doodles' is visible

17-06-2024T18:11:27 - [TEST_STEP][PASSED] - verifyElementVisible(findTestObject("Object Repository/Page_The Story and Evolution of Doodles - G_6e786d/p_The first Doodle was a simple out-of-offi_345e61")): Object 'Object Repository/Page_The Story and Evolution of Doodles - G_6e786d/p_The first Doodle was a simple out-of-offi_345e61' is visible

17-06-2024T18:11:27 - [MESSAGE][PASSED] - Object 'Object Repository/Page_The Story and Evolution of Doodles - G_6e786d/p_The first Doodle was a simple out-of-offi_345e61' is visible

17-06-2024T18:11:27 - [TEST_STEP][PASSED] - verifyElementVisible(findTestObject("Object Repository/Page_The Story and Evolution of Doodles - G_6e786d/h2_Weve created more than 5,000 Doodles ove_111429")): Object 'Object Repository/Page_The Story and Evolution of Doodles - G_6e786d/h2_Weve created more than 5,000 Doodles ove_111429' is visible

17-06-2024T18:11:28 - [MESSAGE][PASSED] - Object 'Object Repository/Page_The Story and Evolution of Doodles - G_6e786d/h2_Weve created more than 5,000 Doodles ove_111429' is visible

17-06-2024T18:11:28 - [TEST_STEP][PASSED] - click(findTestObject("Object Repository/Page_The Story and Evolution of Doodles - G_6e786d/p_The first Doodle was a simple out-of-offi_345e61")): Object: 'Object Repository/Page_The Story and Evolution of Doodles - G_6e786d/p_The first Doodle was a simple out-of-offi_345e61' is clicked on

17-06-2024T18:11:28 - [MESSAGE][PASSED] - Object: 'Object Repository/Page_The Story and Evolution of Doodles - G_6e786d/p_The first Doodle was a simple out-of-offi_345e61' is clicked on

17-06-2024T18:11:28 - [TEST_STEP][PASSED] - verifyElementVisible(findTestObject("Object Repository/Page_The Story and Evolution of Doodles - G_6e786d/h1_The story behind Doodles")): Object 'Object Repository/Page_The Story and Evolution of Doodles - G_6e786d/h1_The story behind Doodles' is visible

17-06-2024T18:11:29 - [MESSAGE][PASSED] - Object 'Object Repository/Page_The Story and Evolution of Doodles - G_6e786d/h1_The story behind Doodles' is visible

17-06-2024T18:11:29 - [TEST_STEP][PASSED] - verifyElementVisible(findTestObject("Object Repository/Page_The Story and Evolution of Doodles - G_6e786d/p_The first Doodle was a simple out-of-offi_345e61")): Object 'Object Repository/Page_The Story and Evolution of Doodles - G_6e786d/p_The first Doodle was a simple out-of-offi_345e61' is visible

17-06-2024T18:11:29 - [MESSAGE][PASSED] - Object 'Object Repository/Page_The Story and Evolution of Doodles - G_6e786d/p_The first Doodle was a simple out-of-offi_345e61' is visible

17-06-2024T18:11:29 - [TEST_STEP][PASSED] - verifyElementVisible(findTestObject("Object Repository/Page_The Story and Evolution of Doodles - G_6e786d/h2_Weve created more than 5,000 Doodles ove_111429")): Object 'Object Repository/Page_The Story and Evolution of Doodles - G_6e786d/h2_Weve created more than 5,000 Doodles ove_111429' is visible

17-06-2024T18:11:29 - [MESSAGE][PASSED] - Object 'Object Repository/Page_The Story and Evolution of Doodles - G_6e786d/h2_Weve created more than 5,000 Doodles ove_111429' is visible

17-06-2024T18:11:29 - [TEST_STEP][PASSED] - click(findTestObject("Object Repository/Page_The Story and Evolution of Doodles - G_6e786d/p_The first Doodle was a simple out-of-offi_345e61")): Object: 'Object Repository/Page_The Story and Evolution of Doodles - G_6e786d/p_The first Doodle was a simple out-of-offi_345e61' is clicked on

17-06-2024T18:11:30 - [MESSAGE][PASSED] - Object: 'Object Repository/Page_The Story and Evolution of Doodles - G_6e786d/p_The first Doodle was a simple out-of-offi_345e61' is clicked on

17-06-2024T18:11:30 - [TEST_STEP][PASSED] - verifyElementVisible(findTestObject("Object Repository/Page_The Story and Evolution of Doodles - G_6e786d/h1_The story behind Doodles")): Object 'Object Repository/Page_The Story and Evolution of Doodles - G_6e786d/h1_The story behind Doodles' is visible

17-06-2024T18:11:30 - [MESSAGE][PASSED] - Object 'Object Repository/Page_The Story and Evolution of Doodles - G_6e786d/h1_The story behind Doodles' is visible

17-06-2024T18:11:30 - [TEST_STEP][PASSED] - verifyElementVisible(findTestObject("Object Repository/Page_The Story and Evolution of Doodles - G_6e786d/p_The first Doodle was a simple out-of-offi_345e61")): Object 'Object Repository/Page_The Story and Evolution of Doodles - G_6e786d/p_The first Doodle was a simple out-of-offi_345e61' is visible

17-06-2024T18:11:30 - [MESSAGE][PASSED] - Object 'Object Repository/Page_The Story and Evolution of Doodles - G_6e786d/p_The first Doodle was a simple out-of-offi_345e61' is visible

17-06-2024T18:11:30 - [TEST_STEP][PASSED] - verifyElementVisible(findTestObject("Object Repository/Page_The Story and Evolution of Doodles - G_6e786d/h2_Weve created more than 5,000 Doodles ove_111429")): Object 'Object Repository/Page_The Story and Evolution of Doodles - G_6e786d/h2_Weve created more than 5,000 Doodles ove_111429' is visible

17-06-2024T18:11:31 - [MESSAGE][PASSED] - Object 'Object Repository/Page_The Story and Evolution of Doodles - G_6e786d/h2_Weve created more than 5,000 Doodles ove_111429' is visible

17-06-2024T18:11:31 - [TEST_STEP][PASSED] - click(findTestObject("Object Repository/Page_The Story and Evolution of Doodles - G_6e786d/p_The first Doodle was a simple out-of-offi_345e61")): Object: 'Object Repository/Page_The Story and Evolution of Doodles - G_6e786d/p_The first Doodle was a simple out-of-offi_345e61' is clicked on

17-06-2024T18:11:31 - [MESSAGE][PASSED] - Object: 'Object Repository/Page_The Story and Evolution of Doodles - G_6e786d/p_The first Doodle was a simple out-of-offi_345e61' is clicked on

17-06-2024T18:11:31 - [TEST_STEP][PASSED] - verifyElementVisible(findTestObject("Object Repository/Page_The Story and Evolution of Doodles - G_6e786d/h1_The story behind Doodles")): Object 'Object Repository/Page_The Story and Evolution of Doodles - G_6e786d/h1_The story behind Doodles' is visible

17-06-2024T18:11:31 - [MESSAGE][PASSED] - Object 'Object Repository/Page_The Story and Evolution of Doodles - G_6e786d/h1_The story behind Doodles' is visible

17-06-2024T18:11:31 - [TEST_STEP][PASSED] - verifyElementVisible(findTestObject("Object Repository/Page_The Story and Evolution of Doodles - G_6e786d/p_The first Doodle was a simple out-of-offi_345e61")): Object 'Object Repository/Page_The Story and Evolution of Doodles - G_6e786d/p_The first Doodle was a simple out-of-offi_345e61' is visible

17-06-2024T18:11:32 - [MESSAGE][PASSED] - Object 'Object Repository/Page_The Story and Evolution of Doodles - G_6e786d/p_The first Doodle was a simple out-of-offi_345e61' is visible

17-06-2024T18:11:32 - [TEST_STEP][PASSED] - verifyElementVisible(findTestObject("Object Repository/Page_The Story and Evolution of Doodles - G_6e786d/h2_Weve created more than 5,000 Doodles ove_111429")): Object 'Object Repository/Page_The Story and Evolution of Doodles - G_6e786d/h2_Weve created more than 5,000 Doodles ove_111429' is visible

17-06-2024T18:11:32 - [MESSAGE][PASSED] - Object 'Object Repository/Page_The Story and Evolution of Doodles - G_6e786d/h2_Weve created more than 5,000 Doodles ove_111429' is visible

17-06-2024T18:11:32 - [TEST_STEP][PASSED] - click(findTestObject("Object Repository/Page_The Story and Evolution of Doodles - G_6e786d/p_The first Doodle was a simple out-of-offi_345e61")): Object: 'Object Repository/Page_The Story and Evolution of Doodles - G_6e786d/p_The first Doodle was a simple out-of-offi_345e61' is clicked on

17-06-2024T18:11:32 - [MESSAGE][PASSED] - Object: 'Object Repository/Page_The Story and Evolution of Doodles - G_6e786d/p_The first Doodle was a simple out-of-offi_345e61' is clicked on

17-06-2024T18:11:32 - [TEST_STEP][PASSED] - verifyElementVisible(findTestObject("Object Repository/Page_The Story and Evolution of Doodles - G_6e786d/h1_The story behind Doodles")): Object 'Object Repository/Page_The Story and Evolution of Doodles - G_6e786d/h1_The story behind Doodles' is visible

17-06-2024T18:11:33 - [MESSAGE][PASSED] - Object 'Object Repository/Page_The Story and Evolution of Doodles - G_6e786d/h1_The story behind Doodles' is visible

17-06-2024T18:11:33 - [TEST_STEP][PASSED] - verifyElementVisible(findTestObject("Object Repository/Page_The Story and Evolution of Doodles - G_6e786d/p_The first Doodle was a simple out-of-offi_345e61")): Object 'Object Repository/Page_The Story and Evolution of Doodles - G_6e786d/p_The first Doodle was a simple out-of-offi_345e61' is visible

17-06-2024T18:11:33 - [MESSAGE][PASSED] - Object 'Object Repository/Page_The Story and Evolution of Doodles - G_6e786d/p_The first Doodle was a simple out-of-offi_345e61' is visible

17-06-2024T18:11:33 - [TEST_STEP][PASSED] - verifyElementVisible(findTestObject("Object Repository/Page_The Story and Evolution of Doodles - G_6e786d/h2_Weve created more than 5,000 Doodles ove_111429")): Object 'Object Repository/Page_The Story and Evolution of Doodles - G_6e786d/h2_Weve created more than 5,000 Doodles ove_111429' is visible

17-06-2024T18:11:33 - [MESSAGE][PASSED] - Object 'Object Repository/Page_The Story and Evolution of Doodles - G_6e786d/h2_Weve created more than 5,000 Doodles ove_111429' is visible

17-06-2024T18:11:33 - [TEST_STEP][PASSED] - click(findTestObject("Object Repository/Page_The Story and Evolution of Doodles - G_6e786d/p_The first Doodle was a simple out-of-offi_345e61")): Object: 'Object Repository/Page_The Story and Evolution of Doodles - G_6e786d/p_The first Doodle was a simple out-of-offi_345e61' is clicked on

17-06-2024T18:11:34 - [MESSAGE][PASSED] - Object: 'Object Repository/Page_The Story and Evolution of Doodles - G_6e786d/p_The first Doodle was a simple out-of-offi_345e61' is clicked on

17-06-2024T18:11:34 - [TEST_STEP][PASSED] - verifyElementVisible(findTestObject("Object Repository/Page_The Story and Evolution of Doodles - G_6e786d/h1_The story behind Doodles")): Object 'Object Repository/Page_The Story and Evolution of Doodles - G_6e786d/h1_The story behind Doodles' is visible

17-06-2024T18:11:34 - [MESSAGE][PASSED] - Object 'Object Repository/Page_The Story and Evolution of Doodles - G_6e786d/h1_The story behind Doodles' is visible

17-06-2024T18:11:34 - [TEST_STEP][PASSED] - verifyElementVisible(findTestObject("Object Repository/Page_The Story and Evolution of Doodles - G_6e786d/p_The first Doodle was a simple out-of-offi_345e61")): Object 'Object Repository/Page_The Story and Evolution of Doodles - G_6e786d/p_The first Doodle was a simple out-of-offi_345e61' is visible

17-06-2024T18:11:34 - [MESSAGE][PASSED] - Object 'Object Repository/Page_The Story and Evolution of Doodles - G_6e786d/p_The first Doodle was a simple out-of-offi_345e61' is visible

17-06-2024T18:11:34 - [TEST_STEP][PASSED] - verifyElementVisible(findTestObject("Object Repository/Page_The Story and Evolution of Doodles - G_6e786d/h2_Weve created more than 5,000 Doodles ove_111429")): Object 'Object Repository/Page_The Story and Evolution of Doodles - G_6e786d/h2_Weve created more than 5,000 Doodles ove_111429' is visible

17-06-2024T18:11:35 - [MESSAGE][PASSED] - Object 'Object Repository/Page_The Story and Evolution of Doodles - G_6e786d/h2_Weve created more than 5,000 Doodles ove_111429' is visible

17-06-2024T18:11:35 - [TEST_STEP][PASSED] - click(findTestObject("Object Repository/Page_The Story and Evolution of Doodles - G_6e786d/p_The first Doodle was a simple out-of-offi_345e61")): Object: 'Object Repository/Page_The Story and Evolution of Doodles - G_6e786d/p_The first Doodle was a simple out-of-offi_345e61' is clicked on

17-06-2024T18:11:35 - [MESSAGE][PASSED] - Object: 'Object Repository/Page_The Story and Evolution of Doodles - G_6e786d/p_The first Doodle was a simple out-of-offi_345e61' is clicked on

17-06-2024T18:11:35 - [TEST_STEP][PASSED] - verifyElementVisible(findTestObject("Object Repository/Page_The Story and Evolution of Doodles - G_6e786d/h1_The story behind Doodles")): Object 'Object Repository/Page_The Story and Evolution of Doodles - G_6e786d/h1_The story behind Doodles' is visible

17-06-2024T18:11:35 - [MESSAGE][PASSED] - Object 'Object Repository/Page_The Story and Evolution of Doodles - G_6e786d/h1_The story behind Doodles' is visible

17-06-2024T18:11:35 - [TEST_STEP][PASSED] - verifyElementVisible(findTestObject("Object Repository/Page_The Story and Evolution of Doodles - G_6e786d/p_The first Doodle was a simple out-of-offi_345e61")): Object 'Object Repository/Page_The Story and Evolution of Doodles - G_6e786d/p_The first Doodle was a simple out-of-offi_345e61' is visible

17-06-2024T18:11:36 - [MESSAGE][PASSED] - Object 'Object Repository/Page_The Story and Evolution of Doodles - G_6e786d/p_The first Doodle was a simple out-of-offi_345e61' is visible

17-06-2024T18:11:36 - [TEST_STEP][PASSED] - verifyElementVisible(findTestObject("Object Repository/Page_The Story and Evolution of Doodles - G_6e786d/h2_Weve created more than 5,000 Doodles ove_111429")): Object 'Object Repository/Page_The Story and Evolution of Doodles - G_6e786d/h2_Weve created more than 5,000 Doodles ove_111429' is visible

17-06-2024T18:11:36 - [MESSAGE][PASSED] - Object 'Object Repository/Page_The Story and Evolution of Doodles - G_6e786d/h2_Weve created more than 5,000 Doodles ove_111429' is visible

17-06-2024T18:11:36 - [TEST_STEP][PASSED] - click(findTestObject("Object Repository/Page_The Story and Evolution of Doodles - G_6e786d/p_The first Doodle was a simple out-of-offi_345e61")): Object: 'Object Repository/Page_The Story and Evolution of Doodles - G_6e786d/p_The first Doodle was a simple out-of-offi_345e61' is clicked on

17-06-2024T18:11:36 - [MESSAGE][PASSED] - Object: 'Object Repository/Page_The Story and Evolution of Doodles - G_6e786d/p_The first Doodle was a simple out-of-offi_345e61' is clicked on

17-06-2024T18:11:36 - [TEST_STEP][PASSED] - verifyElementVisible(findTestObject("Object Repository/Page_The Story and Evolution of Doodles - G_6e786d/h1_The story behind Doodles")): Object 'Object Repository/Page_The Story and Evolution of Doodles - G_6e786d/h1_The story behind Doodles' is visible

17-06-2024T18:11:37 - [MESSAGE][PASSED] - Object 'Object Repository/Page_The Story and Evolution of Doodles - G_6e786d/h1_The story behind Doodles' is visible

17-06-2024T18:11:37 - [TEST_STEP][PASSED] - verifyElementVisible(findTestObject("Object Repository/Page_The Story and Evolution of Doodles - G_6e786d/p_The first Doodle was a simple out-of-offi_345e61")): Object 'Object Repository/Page_The Story and Evolution of Doodles - G_6e786d/p_The first Doodle was a simple out-of-offi_345e61' is visible

17-06-2024T18:11:37 - [MESSAGE][PASSED] - Object 'Object Repository/Page_The Story and Evolution of Doodles - G_6e786d/p_The first Doodle was a simple out-of-offi_345e61' is visible

17-06-2024T18:11:37 - [TEST_STEP][PASSED] - verifyElementVisible(findTestObject("Object Repository/Page_The Story and Evolution of Doodles - G_6e786d/h2_Weve created more than 5,000 Doodles ove_111429")): Object 'Object Repository/Page_The Story and Evolution of Doodles - G_6e786d/h2_Weve created more than 5,000 Doodles ove_111429' is visible

17-06-2024T18:11:37 - [MESSAGE][PASSED] - Object 'Object Repository/Page_The Story and Evolution of Doodles - G_6e786d/h2_Weve created more than 5,000 Doodles ove_111429' is visible

17-06-2024T18:11:37 - [TEST_STEP][PASSED] - click(findTestObject("Object Repository/Page_The Story and Evolution of Doodles - G_6e786d/p_The first Doodle was a simple out-of-offi_345e61")): Object: 'Object Repository/Page_The Story and Evolution of Doodles - G_6e786d/p_The first Doodle was a simple out-of-offi_345e61' is clicked on

17-06-2024T18:11:38 - [MESSAGE][PASSED] - Object: 'Object Repository/Page_The Story and Evolution of Doodles - G_6e786d/p_The first Doodle was a simple out-of-offi_345e61' is clicked on

17-06-2024T18:11:38 - [TEST_STEP][PASSED] - verifyElementVisible(findTestObject("Object Repository/Page_The Story and Evolution of Doodles - G_6e786d/h1_The story behind Doodles")): Object 'Object Repository/Page_The Story and Evolution of Doodles - G_6e786d/h1_The story behind Doodles' is visible

17-06-2024T18:11:38 - [MESSAGE][PASSED] - Object 'Object Repository/Page_The Story and Evolution of Doodles - G_6e786d/h1_The story behind Doodles' is visible

17-06-2024T18:11:38 - [TEST_STEP][PASSED] - verifyElementVisible(findTestObject("Object Repository/Page_The Story and Evolution of Doodles - G_6e786d/p_The first Doodle was a simple out-of-offi_345e61")): Object 'Object Repository/Page_The Story and Evolution of Doodles - G_6e786d/p_The first Doodle was a simple out-of-offi_345e61' is visible

17-06-2024T18:11:39 - [MESSAGE][PASSED] - Object 'Object Repository/Page_The Story and Evolution of Doodles - G_6e786d/p_The first Doodle was a simple out-of-offi_345e61' is visible

17-06-2024T18:11:39 - [TEST_STEP][PASSED] - verifyElementVisible(findTestObject("Object Repository/Page_The Story and Evolution of Doodles - G_6e786d/h2_Weve created more than 5,000 Doodles ove_111429")): Object 'Object Repository/Page_The Story and Evolution of Doodles - G_6e786d/h2_Weve created more than 5,000 Doodles ove_111429' is visible

17-06-2024T18:11:39 - [MESSAGE][PASSED] - Object 'Object Repository/Page_The Story and Evolution of Doodles - G_6e786d/h2_Weve created more than 5,000 Doodles ove_111429' is visible

17-06-2024T18:11:39 - [TEST_STEP][PASSED] - click(findTestObject("Object Repository/Page_The Story and Evolution of Doodles - G_6e786d/p_The first Doodle was a simple out-of-offi_345e61")): Object: 'Object Repository/Page_The Story and Evolution of Doodles - G_6e786d/p_The first Doodle was a simple out-of-offi_345e61' is clicked on

17-06-2024T18:11:39 - [MESSAGE][PASSED] - Object: 'Object Repository/Page_The Story and Evolution of Doodles - G_6e786d/p_The first Doodle was a simple out-of-offi_345e61' is clicked on

17-06-2024T18:11:39 - [TEST_STEP][PASSED] - verifyElementVisible(findTestObject("Object Repository/Page_The Story and Evolution of Doodles - G_6e786d/h1_The story behind Doodles")): Object 'Object Repository/Page_The Story and Evolution of Doodles - G_6e786d/h1_The story behind Doodles' is visible

17-06-2024T18:11:40 - [MESSAGE][PASSED] - Object 'Object Repository/Page_The Story and Evolution of Doodles - G_6e786d/h1_The story behind Doodles' is visible

17-06-2024T18:11:40 - [TEST_STEP][PASSED] - verifyElementVisible(findTestObject("Object Repository/Page_The Story and Evolution of Doodles - G_6e786d/p_The first Doodle was a simple out-of-offi_345e61")): Object 'Object Repository/Page_The Story and Evolution of Doodles - G_6e786d/p_The first Doodle was a simple out-of-offi_345e61' is visible

17-06-2024T18:11:40 - [MESSAGE][PASSED] - Object 'Object Repository/Page_The Story and Evolution of Doodles - G_6e786d/p_The first Doodle was a simple out-of-offi_345e61' is visible

17-06-2024T18:11:40 - [TEST_STEP][PASSED] - verifyElementVisible(findTestObject("Object Repository/Page_The Story and Evolution of Doodles - G_6e786d/h2_Weve created more than 5,000 Doodles ove_111429")): Object 'Object Repository/Page_The Story and Evolution of Doodles - G_6e786d/h2_Weve created more than 5,000 Doodles ove_111429' is visible

17-06-2024T18:11:40 - [MESSAGE][PASSED] - Object 'Object Repository/Page_The Story and Evolution of Doodles - G_6e786d/h2_Weve created more than 5,000 Doodles ove_111429' is visible]]></system-out>
         <system-err><![CDATA[]]></system-err>
      </testcase>
      <testcase name="Test Cases/test case folder 1/tc1 - Copy (3)" time="20.658" classname="Test Cases/test case folder 1/tc1 - Copy (3)" status="PASSED">
         <system-out><![CDATA[17-06-2024T18:11:40 - [TEST_CASE][PASSED] - Test Cases/test case folder 1/tc1 - Copy (3): Test Cases/test case folder 1/tc1 - Copy (3)

17-06-2024T18:11:40 - [TEST_STEP][PASSED] - openBrowser(""): Browser is opened with url: ''

17-06-2024T18:11:40 - [MESSAGE][WARNING] - A browser is already opened. Closing browser and opening a new one

17-06-2024T18:11:41 - [MESSAGE][INFO] - Starting 'Chrome (headless)' driver

17-06-2024T18:11:41 - [MESSAGE][INFO] - Action delay is set to 0 milliseconds

17-06-2024T18:11:42 - [MESSAGE][PASSED] - Browser is opened with url: ''

17-06-2024T18:11:42 - [TEST_STEP][PASSED] - navigateToUrl("https://doodles.google/about/"): Navigate to 'https://doodles.google/about/' successfully

17-06-2024T18:11:46 - [MESSAGE][PASSED] - Navigate to 'https://doodles.google/about/' successfully

17-06-2024T18:11:46 - [TEST_STEP][PASSED] - click(findTestObject("Object Repository/Page_The Story and Evolution of Doodles - G_6e786d/p_The first Doodle was a simple out-of-offi_345e61")): Object: 'Object Repository/Page_The Story and Evolution of Doodles - G_6e786d/p_The first Doodle was a simple out-of-offi_345e61' is clicked on

17-06-2024T18:11:46 - [MESSAGE][PASSED] - Object: 'Object Repository/Page_The Story and Evolution of Doodles - G_6e786d/p_The first Doodle was a simple out-of-offi_345e61' is clicked on

17-06-2024T18:11:46 - [TEST_STEP][PASSED] - click(findTestObject("Object Repository/Page_The Story and Evolution of Doodles - G_6e786d/p_The first Doodle was a simple out-of-offi_345e61")): Object: 'Object Repository/Page_The Story and Evolution of Doodles - G_6e786d/p_The first Doodle was a simple out-of-offi_345e61' is clicked on

17-06-2024T18:11:46 - [MESSAGE][PASSED] - Object: 'Object Repository/Page_The Story and Evolution of Doodles - G_6e786d/p_The first Doodle was a simple out-of-offi_345e61' is clicked on

17-06-2024T18:11:46 - [TEST_STEP][PASSED] - verifyElementVisible(findTestObject("Object Repository/Page_The Story and Evolution of Doodles - G_6e786d/h1_The story behind Doodles")): Object 'Object Repository/Page_The Story and Evolution of Doodles - G_6e786d/h1_The story behind Doodles' is visible

17-06-2024T18:11:47 - [MESSAGE][PASSED] - Object 'Object Repository/Page_The Story and Evolution of Doodles - G_6e786d/h1_The story behind Doodles' is visible

17-06-2024T18:11:47 - [TEST_STEP][PASSED] - verifyElementVisible(findTestObject("Object Repository/Page_The Story and Evolution of Doodles - G_6e786d/p_The first Doodle was a simple out-of-offi_345e61")): Object 'Object Repository/Page_The Story and Evolution of Doodles - G_6e786d/p_The first Doodle was a simple out-of-offi_345e61' is visible

17-06-2024T18:11:47 - [MESSAGE][PASSED] - Object 'Object Repository/Page_The Story and Evolution of Doodles - G_6e786d/p_The first Doodle was a simple out-of-offi_345e61' is visible

17-06-2024T18:11:47 - [TEST_STEP][PASSED] - verifyElementVisible(findTestObject("Object Repository/Page_The Story and Evolution of Doodles - G_6e786d/h2_Weve created more than 5,000 Doodles ove_111429")): Object 'Object Repository/Page_The Story and Evolution of Doodles - G_6e786d/h2_Weve created more than 5,000 Doodles ove_111429' is visible

17-06-2024T18:11:48 - [MESSAGE][PASSED] - Object 'Object Repository/Page_The Story and Evolution of Doodles - G_6e786d/h2_Weve created more than 5,000 Doodles ove_111429' is visible

17-06-2024T18:11:48 - [TEST_STEP][PASSED] - verifyElementVisible(findTestObject("Object Repository/Page_The Story and Evolution of Doodles - G_6e786d/h1_The story behind Doodles")): Object 'Object Repository/Page_The Story and Evolution of Doodles - G_6e786d/h1_The story behind Doodles' is visible

17-06-2024T18:11:48 - [MESSAGE][PASSED] - Object 'Object Repository/Page_The Story and Evolution of Doodles - G_6e786d/h1_The story behind Doodles' is visible

17-06-2024T18:11:48 - [TEST_STEP][PASSED] - verifyElementVisible(findTestObject("Object Repository/Page_The Story and Evolution of Doodles - G_6e786d/p_The first Doodle was a simple out-of-offi_345e61")): Object 'Object Repository/Page_The Story and Evolution of Doodles - G_6e786d/p_The first Doodle was a simple out-of-offi_345e61' is visible

17-06-2024T18:11:48 - [MESSAGE][PASSED] - Object 'Object Repository/Page_The Story and Evolution of Doodles - G_6e786d/p_The first Doodle was a simple out-of-offi_345e61' is visible

17-06-2024T18:11:48 - [TEST_STEP][PASSED] - verifyElementVisible(findTestObject("Object Repository/Page_The Story and Evolution of Doodles - G_6e786d/h2_Weve created more than 5,000 Doodles ove_111429")): Object 'Object Repository/Page_The Story and Evolution of Doodles - G_6e786d/h2_Weve created more than 5,000 Doodles ove_111429' is visible

17-06-2024T18:11:49 - [MESSAGE][PASSED] - Object 'Object Repository/Page_The Story and Evolution of Doodles - G_6e786d/h2_Weve created more than 5,000 Doodles ove_111429' is visible

17-06-2024T18:11:49 - [TEST_STEP][PASSED] - click(findTestObject("Object Repository/Page_The Story and Evolution of Doodles - G_6e786d/p_The first Doodle was a simple out-of-offi_345e61")): Object: 'Object Repository/Page_The Story and Evolution of Doodles - G_6e786d/p_The first Doodle was a simple out-of-offi_345e61' is clicked on

17-06-2024T18:11:49 - [MESSAGE][PASSED] - Object: 'Object Repository/Page_The Story and Evolution of Doodles - G_6e786d/p_The first Doodle was a simple out-of-offi_345e61' is clicked on

17-06-2024T18:11:49 - [TEST_STEP][PASSED] - verifyElementVisible(findTestObject("Object Repository/Page_The Story and Evolution of Doodles - G_6e786d/h1_The story behind Doodles")): Object 'Object Repository/Page_The Story and Evolution of Doodles - G_6e786d/h1_The story behind Doodles' is visible

17-06-2024T18:11:49 - [MESSAGE][PASSED] - Object 'Object Repository/Page_The Story and Evolution of Doodles - G_6e786d/h1_The story behind Doodles' is visible

17-06-2024T18:11:49 - [TEST_STEP][PASSED] - verifyElementVisible(findTestObject("Object Repository/Page_The Story and Evolution of Doodles - G_6e786d/p_The first Doodle was a simple out-of-offi_345e61")): Object 'Object Repository/Page_The Story and Evolution of Doodles - G_6e786d/p_The first Doodle was a simple out-of-offi_345e61' is visible

17-06-2024T18:11:50 - [MESSAGE][PASSED] - Object 'Object Repository/Page_The Story and Evolution of Doodles - G_6e786d/p_The first Doodle was a simple out-of-offi_345e61' is visible

17-06-2024T18:11:50 - [TEST_STEP][PASSED] - verifyElementVisible(findTestObject("Object Repository/Page_The Story and Evolution of Doodles - G_6e786d/h2_Weve created more than 5,000 Doodles ove_111429")): Object 'Object Repository/Page_The Story and Evolution of Doodles - G_6e786d/h2_Weve created more than 5,000 Doodles ove_111429' is visible

17-06-2024T18:11:50 - [MESSAGE][PASSED] - Object 'Object Repository/Page_The Story and Evolution of Doodles - G_6e786d/h2_Weve created more than 5,000 Doodles ove_111429' is visible

17-06-2024T18:11:50 - [TEST_STEP][PASSED] - click(findTestObject("Object Repository/Page_The Story and Evolution of Doodles - G_6e786d/p_The first Doodle was a simple out-of-offi_345e61")): Object: 'Object Repository/Page_The Story and Evolution of Doodles - G_6e786d/p_The first Doodle was a simple out-of-offi_345e61' is clicked on

17-06-2024T18:11:50 - [MESSAGE][PASSED] - Object: 'Object Repository/Page_The Story and Evolution of Doodles - G_6e786d/p_The first Doodle was a simple out-of-offi_345e61' is clicked on

17-06-2024T18:11:50 - [TEST_STEP][PASSED] - verifyElementVisible(findTestObject("Object Repository/Page_The Story and Evolution of Doodles - G_6e786d/h1_The story behind Doodles")): Object 'Object Repository/Page_The Story and Evolution of Doodles - G_6e786d/h1_The story behind Doodles' is visible

17-06-2024T18:11:51 - [MESSAGE][PASSED] - Object 'Object Repository/Page_The Story and Evolution of Doodles - G_6e786d/h1_The story behind Doodles' is visible

17-06-2024T18:11:51 - [TEST_STEP][PASSED] - verifyElementVisible(findTestObject("Object Repository/Page_The Story and Evolution of Doodles - G_6e786d/p_The first Doodle was a simple out-of-offi_345e61")): Object 'Object Repository/Page_The Story and Evolution of Doodles - G_6e786d/p_The first Doodle was a simple out-of-offi_345e61' is visible

17-06-2024T18:11:51 - [MESSAGE][PASSED] - Object 'Object Repository/Page_The Story and Evolution of Doodles - G_6e786d/p_The first Doodle was a simple out-of-offi_345e61' is visible

17-06-2024T18:11:51 - [TEST_STEP][PASSED] - verifyElementVisible(findTestObject("Object Repository/Page_The Story and Evolution of Doodles - G_6e786d/h2_Weve created more than 5,000 Doodles ove_111429")): Object 'Object Repository/Page_The Story and Evolution of Doodles - G_6e786d/h2_Weve created more than 5,000 Doodles ove_111429' is visible

17-06-2024T18:11:51 - [MESSAGE][PASSED] - Object 'Object Repository/Page_The Story and Evolution of Doodles - G_6e786d/h2_Weve created more than 5,000 Doodles ove_111429' is visible

17-06-2024T18:11:51 - [TEST_STEP][PASSED] - click(findTestObject("Object Repository/Page_The Story and Evolution of Doodles - G_6e786d/p_The first Doodle was a simple out-of-offi_345e61")): Object: 'Object Repository/Page_The Story and Evolution of Doodles - G_6e786d/p_The first Doodle was a simple out-of-offi_345e61' is clicked on

17-06-2024T18:11:52 - [MESSAGE][PASSED] - Object: 'Object Repository/Page_The Story and Evolution of Doodles - G_6e786d/p_The first Doodle was a simple out-of-offi_345e61' is clicked on

17-06-2024T18:11:52 - [TEST_STEP][PASSED] - verifyElementVisible(findTestObject("Object Repository/Page_The Story and Evolution of Doodles - G_6e786d/h1_The story behind Doodles")): Object 'Object Repository/Page_The Story and Evolution of Doodles - G_6e786d/h1_The story behind Doodles' is visible

17-06-2024T18:11:52 - [MESSAGE][PASSED] - Object 'Object Repository/Page_The Story and Evolution of Doodles - G_6e786d/h1_The story behind Doodles' is visible

17-06-2024T18:11:52 - [TEST_STEP][PASSED] - verifyElementVisible(findTestObject("Object Repository/Page_The Story and Evolution of Doodles - G_6e786d/p_The first Doodle was a simple out-of-offi_345e61")): Object 'Object Repository/Page_The Story and Evolution of Doodles - G_6e786d/p_The first Doodle was a simple out-of-offi_345e61' is visible

17-06-2024T18:11:52 - [MESSAGE][PASSED] - Object 'Object Repository/Page_The Story and Evolution of Doodles - G_6e786d/p_The first Doodle was a simple out-of-offi_345e61' is visible

17-06-2024T18:11:52 - [TEST_STEP][PASSED] - verifyElementVisible(findTestObject("Object Repository/Page_The Story and Evolution of Doodles - G_6e786d/h2_Weve created more than 5,000 Doodles ove_111429")): Object 'Object Repository/Page_The Story and Evolution of Doodles - G_6e786d/h2_Weve created more than 5,000 Doodles ove_111429' is visible

17-06-2024T18:11:53 - [MESSAGE][PASSED] - Object 'Object Repository/Page_The Story and Evolution of Doodles - G_6e786d/h2_Weve created more than 5,000 Doodles ove_111429' is visible

17-06-2024T18:11:53 - [TEST_STEP][PASSED] - click(findTestObject("Object Repository/Page_The Story and Evolution of Doodles - G_6e786d/p_The first Doodle was a simple out-of-offi_345e61")): Object: 'Object Repository/Page_The Story and Evolution of Doodles - G_6e786d/p_The first Doodle was a simple out-of-offi_345e61' is clicked on

17-06-2024T18:11:53 - [MESSAGE][PASSED] - Object: 'Object Repository/Page_The Story and Evolution of Doodles - G_6e786d/p_The first Doodle was a simple out-of-offi_345e61' is clicked on

17-06-2024T18:11:53 - [TEST_STEP][PASSED] - verifyElementVisible(findTestObject("Object Repository/Page_The Story and Evolution of Doodles - G_6e786d/h1_The story behind Doodles")): Object 'Object Repository/Page_The Story and Evolution of Doodles - G_6e786d/h1_The story behind Doodles' is visible

17-06-2024T18:11:53 - [MESSAGE][PASSED] - Object 'Object Repository/Page_The Story and Evolution of Doodles - G_6e786d/h1_The story behind Doodles' is visible

17-06-2024T18:11:53 - [TEST_STEP][PASSED] - verifyElementVisible(findTestObject("Object Repository/Page_The Story and Evolution of Doodles - G_6e786d/p_The first Doodle was a simple out-of-offi_345e61")): Object 'Object Repository/Page_The Story and Evolution of Doodles - G_6e786d/p_The first Doodle was a simple out-of-offi_345e61' is visible

17-06-2024T18:11:54 - [MESSAGE][PASSED] - Object 'Object Repository/Page_The Story and Evolution of Doodles - G_6e786d/p_The first Doodle was a simple out-of-offi_345e61' is visible

17-06-2024T18:11:54 - [TEST_STEP][PASSED] - verifyElementVisible(findTestObject("Object Repository/Page_The Story and Evolution of Doodles - G_6e786d/h2_Weve created more than 5,000 Doodles ove_111429")): Object 'Object Repository/Page_The Story and Evolution of Doodles - G_6e786d/h2_Weve created more than 5,000 Doodles ove_111429' is visible

17-06-2024T18:11:54 - [MESSAGE][PASSED] - Object 'Object Repository/Page_The Story and Evolution of Doodles - G_6e786d/h2_Weve created more than 5,000 Doodles ove_111429' is visible

17-06-2024T18:11:54 - [TEST_STEP][PASSED] - click(findTestObject("Object Repository/Page_The Story and Evolution of Doodles - G_6e786d/p_The first Doodle was a simple out-of-offi_345e61")): Object: 'Object Repository/Page_The Story and Evolution of Doodles - G_6e786d/p_The first Doodle was a simple out-of-offi_345e61' is clicked on

17-06-2024T18:11:54 - [MESSAGE][PASSED] - Object: 'Object Repository/Page_The Story and Evolution of Doodles - G_6e786d/p_The first Doodle was a simple out-of-offi_345e61' is clicked on

17-06-2024T18:11:54 - [TEST_STEP][PASSED] - verifyElementVisible(findTestObject("Object Repository/Page_The Story and Evolution of Doodles - G_6e786d/h1_The story behind Doodles")): Object 'Object Repository/Page_The Story and Evolution of Doodles - G_6e786d/h1_The story behind Doodles' is visible

17-06-2024T18:11:55 - [MESSAGE][PASSED] - Object 'Object Repository/Page_The Story and Evolution of Doodles - G_6e786d/h1_The story behind Doodles' is visible

17-06-2024T18:11:55 - [TEST_STEP][PASSED] - verifyElementVisible(findTestObject("Object Repository/Page_The Story and Evolution of Doodles - G_6e786d/p_The first Doodle was a simple out-of-offi_345e61")): Object 'Object Repository/Page_The Story and Evolution of Doodles - G_6e786d/p_The first Doodle was a simple out-of-offi_345e61' is visible

17-06-2024T18:11:55 - [MESSAGE][PASSED] - Object 'Object Repository/Page_The Story and Evolution of Doodles - G_6e786d/p_The first Doodle was a simple out-of-offi_345e61' is visible

17-06-2024T18:11:55 - [TEST_STEP][PASSED] - verifyElementVisible(findTestObject("Object Repository/Page_The Story and Evolution of Doodles - G_6e786d/h2_Weve created more than 5,000 Doodles ove_111429")): Object 'Object Repository/Page_The Story and Evolution of Doodles - G_6e786d/h2_Weve created more than 5,000 Doodles ove_111429' is visible

17-06-2024T18:11:55 - [MESSAGE][PASSED] - Object 'Object Repository/Page_The Story and Evolution of Doodles - G_6e786d/h2_Weve created more than 5,000 Doodles ove_111429' is visible

17-06-2024T18:11:55 - [TEST_STEP][PASSED] - click(findTestObject("Object Repository/Page_The Story and Evolution of Doodles - G_6e786d/p_The first Doodle was a simple out-of-offi_345e61")): Object: 'Object Repository/Page_The Story and Evolution of Doodles - G_6e786d/p_The first Doodle was a simple out-of-offi_345e61' is clicked on

17-06-2024T18:11:56 - [MESSAGE][PASSED] - Object: 'Object Repository/Page_The Story and Evolution of Doodles - G_6e786d/p_The first Doodle was a simple out-of-offi_345e61' is clicked on

17-06-2024T18:11:56 - [TEST_STEP][PASSED] - verifyElementVisible(findTestObject("Object Repository/Page_The Story and Evolution of Doodles - G_6e786d/h1_The story behind Doodles")): Object 'Object Repository/Page_The Story and Evolution of Doodles - G_6e786d/h1_The story behind Doodles' is visible

17-06-2024T18:11:56 - [MESSAGE][PASSED] - Object 'Object Repository/Page_The Story and Evolution of Doodles - G_6e786d/h1_The story behind Doodles' is visible

17-06-2024T18:11:56 - [TEST_STEP][PASSED] - verifyElementVisible(findTestObject("Object Repository/Page_The Story and Evolution of Doodles - G_6e786d/p_The first Doodle was a simple out-of-offi_345e61")): Object 'Object Repository/Page_The Story and Evolution of Doodles - G_6e786d/p_The first Doodle was a simple out-of-offi_345e61' is visible

17-06-2024T18:11:56 - [MESSAGE][PASSED] - Object 'Object Repository/Page_The Story and Evolution of Doodles - G_6e786d/p_The first Doodle was a simple out-of-offi_345e61' is visible

17-06-2024T18:11:56 - [TEST_STEP][PASSED] - verifyElementVisible(findTestObject("Object Repository/Page_The Story and Evolution of Doodles - G_6e786d/h2_Weve created more than 5,000 Doodles ove_111429")): Object 'Object Repository/Page_The Story and Evolution of Doodles - G_6e786d/h2_Weve created more than 5,000 Doodles ove_111429' is visible

17-06-2024T18:11:57 - [MESSAGE][PASSED] - Object 'Object Repository/Page_The Story and Evolution of Doodles - G_6e786d/h2_Weve created more than 5,000 Doodles ove_111429' is visible

17-06-2024T18:11:57 - [TEST_STEP][PASSED] - click(findTestObject("Object Repository/Page_The Story and Evolution of Doodles - G_6e786d/p_The first Doodle was a simple out-of-offi_345e61")): Object: 'Object Repository/Page_The Story and Evolution of Doodles - G_6e786d/p_The first Doodle was a simple out-of-offi_345e61' is clicked on

17-06-2024T18:11:57 - [MESSAGE][PASSED] - Object: 'Object Repository/Page_The Story and Evolution of Doodles - G_6e786d/p_The first Doodle was a simple out-of-offi_345e61' is clicked on

17-06-2024T18:11:57 - [TEST_STEP][PASSED] - verifyElementVisible(findTestObject("Object Repository/Page_The Story and Evolution of Doodles - G_6e786d/h1_The story behind Doodles")): Object 'Object Repository/Page_The Story and Evolution of Doodles - G_6e786d/h1_The story behind Doodles' is visible

17-06-2024T18:11:57 - [MESSAGE][PASSED] - Object 'Object Repository/Page_The Story and Evolution of Doodles - G_6e786d/h1_The story behind Doodles' is visible

17-06-2024T18:11:57 - [TEST_STEP][PASSED] - verifyElementVisible(findTestObject("Object Repository/Page_The Story and Evolution of Doodles - G_6e786d/p_The first Doodle was a simple out-of-offi_345e61")): Object 'Object Repository/Page_The Story and Evolution of Doodles - G_6e786d/p_The first Doodle was a simple out-of-offi_345e61' is visible

17-06-2024T18:11:58 - [MESSAGE][PASSED] - Object 'Object Repository/Page_The Story and Evolution of Doodles - G_6e786d/p_The first Doodle was a simple out-of-offi_345e61' is visible

17-06-2024T18:11:58 - [TEST_STEP][PASSED] - verifyElementVisible(findTestObject("Object Repository/Page_The Story and Evolution of Doodles - G_6e786d/h2_Weve created more than 5,000 Doodles ove_111429")): Object 'Object Repository/Page_The Story and Evolution of Doodles - G_6e786d/h2_Weve created more than 5,000 Doodles ove_111429' is visible

17-06-2024T18:11:58 - [MESSAGE][PASSED] - Object 'Object Repository/Page_The Story and Evolution of Doodles - G_6e786d/h2_Weve created more than 5,000 Doodles ove_111429' is visible

17-06-2024T18:11:58 - [TEST_STEP][PASSED] - click(findTestObject("Object Repository/Page_The Story and Evolution of Doodles - G_6e786d/p_The first Doodle was a simple out-of-offi_345e61")): Object: 'Object Repository/Page_The Story and Evolution of Doodles - G_6e786d/p_The first Doodle was a simple out-of-offi_345e61' is clicked on

17-06-2024T18:11:59 - [MESSAGE][PASSED] - Object: 'Object Repository/Page_The Story and Evolution of Doodles - G_6e786d/p_The first Doodle was a simple out-of-offi_345e61' is clicked on

17-06-2024T18:11:59 - [TEST_STEP][PASSED] - verifyElementVisible(findTestObject("Object Repository/Page_The Story and Evolution of Doodles - G_6e786d/h1_The story behind Doodles")): Object 'Object Repository/Page_The Story and Evolution of Doodles - G_6e786d/h1_The story behind Doodles' is visible

17-06-2024T18:11:59 - [MESSAGE][PASSED] - Object 'Object Repository/Page_The Story and Evolution of Doodles - G_6e786d/h1_The story behind Doodles' is visible

17-06-2024T18:11:59 - [TEST_STEP][PASSED] - verifyElementVisible(findTestObject("Object Repository/Page_The Story and Evolution of Doodles - G_6e786d/p_The first Doodle was a simple out-of-offi_345e61")): Object 'Object Repository/Page_The Story and Evolution of Doodles - G_6e786d/p_The first Doodle was a simple out-of-offi_345e61' is visible

17-06-2024T18:11:59 - [MESSAGE][PASSED] - Object 'Object Repository/Page_The Story and Evolution of Doodles - G_6e786d/p_The first Doodle was a simple out-of-offi_345e61' is visible

17-06-2024T18:11:59 - [TEST_STEP][PASSED] - verifyElementVisible(findTestObject("Object Repository/Page_The Story and Evolution of Doodles - G_6e786d/h2_Weve created more than 5,000 Doodles ove_111429")): Object 'Object Repository/Page_The Story and Evolution of Doodles - G_6e786d/h2_Weve created more than 5,000 Doodles ove_111429' is visible

17-06-2024T18:12:00 - [MESSAGE][PASSED] - Object 'Object Repository/Page_The Story and Evolution of Doodles - G_6e786d/h2_Weve created more than 5,000 Doodles ove_111429' is visible

17-06-2024T18:12:00 - [TEST_STEP][PASSED] - click(findTestObject("Object Repository/Page_The Story and Evolution of Doodles - G_6e786d/p_The first Doodle was a simple out-of-offi_345e61")): Object: 'Object Repository/Page_The Story and Evolution of Doodles - G_6e786d/p_The first Doodle was a simple out-of-offi_345e61' is clicked on

17-06-2024T18:12:00 - [MESSAGE][PASSED] - Object: 'Object Repository/Page_The Story and Evolution of Doodles - G_6e786d/p_The first Doodle was a simple out-of-offi_345e61' is clicked on

17-06-2024T18:12:00 - [TEST_STEP][PASSED] - verifyElementVisible(findTestObject("Object Repository/Page_The Story and Evolution of Doodles - G_6e786d/h1_The story behind Doodles")): Object 'Object Repository/Page_The Story and Evolution of Doodles - G_6e786d/h1_The story behind Doodles' is visible

17-06-2024T18:12:00 - [MESSAGE][PASSED] - Object 'Object Repository/Page_The Story and Evolution of Doodles - G_6e786d/h1_The story behind Doodles' is visible

17-06-2024T18:12:00 - [TEST_STEP][PASSED] - verifyElementVisible(findTestObject("Object Repository/Page_The Story and Evolution of Doodles - G_6e786d/p_The first Doodle was a simple out-of-offi_345e61")): Object 'Object Repository/Page_The Story and Evolution of Doodles - G_6e786d/p_The first Doodle was a simple out-of-offi_345e61' is visible

17-06-2024T18:12:01 - [MESSAGE][PASSED] - Object 'Object Repository/Page_The Story and Evolution of Doodles - G_6e786d/p_The first Doodle was a simple out-of-offi_345e61' is visible

17-06-2024T18:12:01 - [TEST_STEP][PASSED] - verifyElementVisible(findTestObject("Object Repository/Page_The Story and Evolution of Doodles - G_6e786d/h2_Weve created more than 5,000 Doodles ove_111429")): Object 'Object Repository/Page_The Story and Evolution of Doodles - G_6e786d/h2_Weve created more than 5,000 Doodles ove_111429' is visible

17-06-2024T18:12:01 - [MESSAGE][PASSED] - Object 'Object Repository/Page_The Story and Evolution of Doodles - G_6e786d/h2_Weve created more than 5,000 Doodles ove_111429' is visible]]></system-out>
         <system-err><![CDATA[]]></system-err>
      </testcase>
      <testcase name="Test Cases/test case folder 1/tc1 - Copy (4)" time="19.256" classname="Test Cases/test case folder 1/tc1 - Copy (4)" status="PASSED">
         <system-out><![CDATA[17-06-2024T18:12:01 - [TEST_CASE][PASSED] - Test Cases/test case folder 1/tc1 - Copy (4): Test Cases/test case folder 1/tc1 - Copy (4)

17-06-2024T18:12:01 - [TEST_STEP][PASSED] - openBrowser(""): Browser is opened with url: ''

17-06-2024T18:12:01 - [MESSAGE][WARNING] - A browser is already opened. Closing browser and opening a new one

17-06-2024T18:12:01 - [MESSAGE][INFO] - Starting 'Chrome (headless)' driver

17-06-2024T18:12:01 - [MESSAGE][INFO] - Action delay is set to 0 milliseconds

17-06-2024T18:12:02 - [MESSAGE][PASSED] - Browser is opened with url: ''

17-06-2024T18:12:02 - [TEST_STEP][PASSED] - navigateToUrl("https://doodles.google/about/"): Navigate to 'https://doodles.google/about/' successfully

17-06-2024T18:12:03 - [MESSAGE][PASSED] - Navigate to 'https://doodles.google/about/' successfully

17-06-2024T18:12:03 - [TEST_STEP][PASSED] - click(findTestObject("Object Repository/Page_The Story and Evolution of Doodles - G_6e786d/p_The first Doodle was a simple out-of-offi_345e61")): Object: 'Object Repository/Page_The Story and Evolution of Doodles - G_6e786d/p_The first Doodle was a simple out-of-offi_345e61' is clicked on

17-06-2024T18:12:05 - [MESSAGE][PASSED] - Object: 'Object Repository/Page_The Story and Evolution of Doodles - G_6e786d/p_The first Doodle was a simple out-of-offi_345e61' is clicked on

17-06-2024T18:12:05 - [TEST_STEP][PASSED] - click(findTestObject("Object Repository/Page_The Story and Evolution of Doodles - G_6e786d/p_The first Doodle was a simple out-of-offi_345e61")): Object: 'Object Repository/Page_The Story and Evolution of Doodles - G_6e786d/p_The first Doodle was a simple out-of-offi_345e61' is clicked on

17-06-2024T18:12:05 - [MESSAGE][PASSED] - Object: 'Object Repository/Page_The Story and Evolution of Doodles - G_6e786d/p_The first Doodle was a simple out-of-offi_345e61' is clicked on

17-06-2024T18:12:05 - [TEST_STEP][PASSED] - verifyElementVisible(findTestObject("Object Repository/Page_The Story and Evolution of Doodles - G_6e786d/h1_The story behind Doodles")): Object 'Object Repository/Page_The Story and Evolution of Doodles - G_6e786d/h1_The story behind Doodles' is visible

17-06-2024T18:12:06 - [MESSAGE][PASSED] - Object 'Object Repository/Page_The Story and Evolution of Doodles - G_6e786d/h1_The story behind Doodles' is visible

17-06-2024T18:12:06 - [TEST_STEP][PASSED] - verifyElementVisible(findTestObject("Object Repository/Page_The Story and Evolution of Doodles - G_6e786d/p_The first Doodle was a simple out-of-offi_345e61")): Object 'Object Repository/Page_The Story and Evolution of Doodles - G_6e786d/p_The first Doodle was a simple out-of-offi_345e61' is visible

17-06-2024T18:12:06 - [MESSAGE][PASSED] - Object 'Object Repository/Page_The Story and Evolution of Doodles - G_6e786d/p_The first Doodle was a simple out-of-offi_345e61' is visible

17-06-2024T18:12:06 - [TEST_STEP][PASSED] - verifyElementVisible(findTestObject("Object Repository/Page_The Story and Evolution of Doodles - G_6e786d/h2_Weve created more than 5,000 Doodles ove_111429")): Object 'Object Repository/Page_The Story and Evolution of Doodles - G_6e786d/h2_Weve created more than 5,000 Doodles ove_111429' is visible

17-06-2024T18:12:07 - [MESSAGE][PASSED] - Object 'Object Repository/Page_The Story and Evolution of Doodles - G_6e786d/h2_Weve created more than 5,000 Doodles ove_111429' is visible

17-06-2024T18:12:07 - [TEST_STEP][PASSED] - verifyElementVisible(findTestObject("Object Repository/Page_The Story and Evolution of Doodles - G_6e786d/h1_The story behind Doodles")): Object 'Object Repository/Page_The Story and Evolution of Doodles - G_6e786d/h1_The story behind Doodles' is visible

17-06-2024T18:12:07 - [MESSAGE][PASSED] - Object 'Object Repository/Page_The Story and Evolution of Doodles - G_6e786d/h1_The story behind Doodles' is visible

17-06-2024T18:12:07 - [TEST_STEP][PASSED] - verifyElementVisible(findTestObject("Object Repository/Page_The Story and Evolution of Doodles - G_6e786d/p_The first Doodle was a simple out-of-offi_345e61")): Object 'Object Repository/Page_The Story and Evolution of Doodles - G_6e786d/p_The first Doodle was a simple out-of-offi_345e61' is visible

17-06-2024T18:12:07 - [MESSAGE][PASSED] - Object 'Object Repository/Page_The Story and Evolution of Doodles - G_6e786d/p_The first Doodle was a simple out-of-offi_345e61' is visible

17-06-2024T18:12:07 - [TEST_STEP][PASSED] - verifyElementVisible(findTestObject("Object Repository/Page_The Story and Evolution of Doodles - G_6e786d/h2_Weve created more than 5,000 Doodles ove_111429")): Object 'Object Repository/Page_The Story and Evolution of Doodles - G_6e786d/h2_Weve created more than 5,000 Doodles ove_111429' is visible

17-06-2024T18:12:08 - [MESSAGE][PASSED] - Object 'Object Repository/Page_The Story and Evolution of Doodles - G_6e786d/h2_Weve created more than 5,000 Doodles ove_111429' is visible

17-06-2024T18:12:08 - [TEST_STEP][PASSED] - click(findTestObject("Object Repository/Page_The Story and Evolution of Doodles - G_6e786d/p_The first Doodle was a simple out-of-offi_345e61")): Object: 'Object Repository/Page_The Story and Evolution of Doodles - G_6e786d/p_The first Doodle was a simple out-of-offi_345e61' is clicked on

17-06-2024T18:12:08 - [MESSAGE][PASSED] - Object: 'Object Repository/Page_The Story and Evolution of Doodles - G_6e786d/p_The first Doodle was a simple out-of-offi_345e61' is clicked on

17-06-2024T18:12:08 - [TEST_STEP][PASSED] - verifyElementVisible(findTestObject("Object Repository/Page_The Story and Evolution of Doodles - G_6e786d/h1_The story behind Doodles")): Object 'Object Repository/Page_The Story and Evolution of Doodles - G_6e786d/h1_The story behind Doodles' is visible

17-06-2024T18:12:08 - [MESSAGE][PASSED] - Object 'Object Repository/Page_The Story and Evolution of Doodles - G_6e786d/h1_The story behind Doodles' is visible

17-06-2024T18:12:08 - [TEST_STEP][PASSED] - verifyElementVisible(findTestObject("Object Repository/Page_The Story and Evolution of Doodles - G_6e786d/p_The first Doodle was a simple out-of-offi_345e61")): Object 'Object Repository/Page_The Story and Evolution of Doodles - G_6e786d/p_The first Doodle was a simple out-of-offi_345e61' is visible

17-06-2024T18:12:08 - [MESSAGE][PASSED] - Object 'Object Repository/Page_The Story and Evolution of Doodles - G_6e786d/p_The first Doodle was a simple out-of-offi_345e61' is visible

17-06-2024T18:12:08 - [TEST_STEP][PASSED] - verifyElementVisible(findTestObject("Object Repository/Page_The Story and Evolution of Doodles - G_6e786d/h2_Weve created more than 5,000 Doodles ove_111429")): Object 'Object Repository/Page_The Story and Evolution of Doodles - G_6e786d/h2_Weve created more than 5,000 Doodles ove_111429' is visible

17-06-2024T18:12:09 - [MESSAGE][PASSED] - Object 'Object Repository/Page_The Story and Evolution of Doodles - G_6e786d/h2_Weve created more than 5,000 Doodles ove_111429' is visible

17-06-2024T18:12:09 - [TEST_STEP][PASSED] - click(findTestObject("Object Repository/Page_The Story and Evolution of Doodles - G_6e786d/p_The first Doodle was a simple out-of-offi_345e61")): Object: 'Object Repository/Page_The Story and Evolution of Doodles - G_6e786d/p_The first Doodle was a simple out-of-offi_345e61' is clicked on

17-06-2024T18:12:09 - [MESSAGE][PASSED] - Object: 'Object Repository/Page_The Story and Evolution of Doodles - G_6e786d/p_The first Doodle was a simple out-of-offi_345e61' is clicked on

17-06-2024T18:12:09 - [TEST_STEP][PASSED] - verifyElementVisible(findTestObject("Object Repository/Page_The Story and Evolution of Doodles - G_6e786d/h1_The story behind Doodles")): Object 'Object Repository/Page_The Story and Evolution of Doodles - G_6e786d/h1_The story behind Doodles' is visible

17-06-2024T18:12:10 - [MESSAGE][PASSED] - Object 'Object Repository/Page_The Story and Evolution of Doodles - G_6e786d/h1_The story behind Doodles' is visible

17-06-2024T18:12:10 - [TEST_STEP][PASSED] - verifyElementVisible(findTestObject("Object Repository/Page_The Story and Evolution of Doodles - G_6e786d/p_The first Doodle was a simple out-of-offi_345e61")): Object 'Object Repository/Page_The Story and Evolution of Doodles - G_6e786d/p_The first Doodle was a simple out-of-offi_345e61' is visible

17-06-2024T18:12:10 - [MESSAGE][PASSED] - Object 'Object Repository/Page_The Story and Evolution of Doodles - G_6e786d/p_The first Doodle was a simple out-of-offi_345e61' is visible

17-06-2024T18:12:10 - [TEST_STEP][PASSED] - verifyElementVisible(findTestObject("Object Repository/Page_The Story and Evolution of Doodles - G_6e786d/h2_Weve created more than 5,000 Doodles ove_111429")): Object 'Object Repository/Page_The Story and Evolution of Doodles - G_6e786d/h2_Weve created more than 5,000 Doodles ove_111429' is visible

17-06-2024T18:12:10 - [MESSAGE][PASSED] - Object 'Object Repository/Page_The Story and Evolution of Doodles - G_6e786d/h2_Weve created more than 5,000 Doodles ove_111429' is visible

17-06-2024T18:12:10 - [TEST_STEP][PASSED] - click(findTestObject("Object Repository/Page_The Story and Evolution of Doodles - G_6e786d/p_The first Doodle was a simple out-of-offi_345e61")): Object: 'Object Repository/Page_The Story and Evolution of Doodles - G_6e786d/p_The first Doodle was a simple out-of-offi_345e61' is clicked on

17-06-2024T18:12:11 - [MESSAGE][PASSED] - Object: 'Object Repository/Page_The Story and Evolution of Doodles - G_6e786d/p_The first Doodle was a simple out-of-offi_345e61' is clicked on

17-06-2024T18:12:11 - [TEST_STEP][PASSED] - verifyElementVisible(findTestObject("Object Repository/Page_The Story and Evolution of Doodles - G_6e786d/h1_The story behind Doodles")): Object 'Object Repository/Page_The Story and Evolution of Doodles - G_6e786d/h1_The story behind Doodles' is visible

17-06-2024T18:12:11 - [MESSAGE][PASSED] - Object 'Object Repository/Page_The Story and Evolution of Doodles - G_6e786d/h1_The story behind Doodles' is visible

17-06-2024T18:12:11 - [TEST_STEP][PASSED] - verifyElementVisible(findTestObject("Object Repository/Page_The Story and Evolution of Doodles - G_6e786d/p_The first Doodle was a simple out-of-offi_345e61")): Object 'Object Repository/Page_The Story and Evolution of Doodles - G_6e786d/p_The first Doodle was a simple out-of-offi_345e61' is visible

17-06-2024T18:12:11 - [MESSAGE][PASSED] - Object 'Object Repository/Page_The Story and Evolution of Doodles - G_6e786d/p_The first Doodle was a simple out-of-offi_345e61' is visible

17-06-2024T18:12:11 - [TEST_STEP][PASSED] - verifyElementVisible(findTestObject("Object Repository/Page_The Story and Evolution of Doodles - G_6e786d/h2_Weve created more than 5,000 Doodles ove_111429")): Object 'Object Repository/Page_The Story and Evolution of Doodles - G_6e786d/h2_Weve created more than 5,000 Doodles ove_111429' is visible

17-06-2024T18:12:12 - [MESSAGE][PASSED] - Object 'Object Repository/Page_The Story and Evolution of Doodles - G_6e786d/h2_Weve created more than 5,000 Doodles ove_111429' is visible

17-06-2024T18:12:12 - [TEST_STEP][PASSED] - click(findTestObject("Object Repository/Page_The Story and Evolution of Doodles - G_6e786d/p_The first Doodle was a simple out-of-offi_345e61")): Object: 'Object Repository/Page_The Story and Evolution of Doodles - G_6e786d/p_The first Doodle was a simple out-of-offi_345e61' is clicked on

17-06-2024T18:12:12 - [MESSAGE][PASSED] - Object: 'Object Repository/Page_The Story and Evolution of Doodles - G_6e786d/p_The first Doodle was a simple out-of-offi_345e61' is clicked on

17-06-2024T18:12:12 - [TEST_STEP][PASSED] - verifyElementVisible(findTestObject("Object Repository/Page_The Story and Evolution of Doodles - G_6e786d/h1_The story behind Doodles")): Object 'Object Repository/Page_The Story and Evolution of Doodles - G_6e786d/h1_The story behind Doodles' is visible

17-06-2024T18:12:12 - [MESSAGE][PASSED] - Object 'Object Repository/Page_The Story and Evolution of Doodles - G_6e786d/h1_The story behind Doodles' is visible

17-06-2024T18:12:12 - [TEST_STEP][PASSED] - verifyElementVisible(findTestObject("Object Repository/Page_The Story and Evolution of Doodles - G_6e786d/p_The first Doodle was a simple out-of-offi_345e61")): Object 'Object Repository/Page_The Story and Evolution of Doodles - G_6e786d/p_The first Doodle was a simple out-of-offi_345e61' is visible

17-06-2024T18:12:13 - [MESSAGE][PASSED] - Object 'Object Repository/Page_The Story and Evolution of Doodles - G_6e786d/p_The first Doodle was a simple out-of-offi_345e61' is visible

17-06-2024T18:12:13 - [TEST_STEP][PASSED] - verifyElementVisible(findTestObject("Object Repository/Page_The Story and Evolution of Doodles - G_6e786d/h2_Weve created more than 5,000 Doodles ove_111429")): Object 'Object Repository/Page_The Story and Evolution of Doodles - G_6e786d/h2_Weve created more than 5,000 Doodles ove_111429' is visible

17-06-2024T18:12:13 - [MESSAGE][PASSED] - Object 'Object Repository/Page_The Story and Evolution of Doodles - G_6e786d/h2_Weve created more than 5,000 Doodles ove_111429' is visible

17-06-2024T18:12:13 - [TEST_STEP][PASSED] - click(findTestObject("Object Repository/Page_The Story and Evolution of Doodles - G_6e786d/p_The first Doodle was a simple out-of-offi_345e61")): Object: 'Object Repository/Page_The Story and Evolution of Doodles - G_6e786d/p_The first Doodle was a simple out-of-offi_345e61' is clicked on

17-06-2024T18:12:13 - [MESSAGE][PASSED] - Object: 'Object Repository/Page_The Story and Evolution of Doodles - G_6e786d/p_The first Doodle was a simple out-of-offi_345e61' is clicked on

17-06-2024T18:12:13 - [TEST_STEP][PASSED] - verifyElementVisible(findTestObject("Object Repository/Page_The Story and Evolution of Doodles - G_6e786d/h1_The story behind Doodles")): Object 'Object Repository/Page_The Story and Evolution of Doodles - G_6e786d/h1_The story behind Doodles' is visible

17-06-2024T18:12:14 - [MESSAGE][PASSED] - Object 'Object Repository/Page_The Story and Evolution of Doodles - G_6e786d/h1_The story behind Doodles' is visible

17-06-2024T18:12:14 - [TEST_STEP][PASSED] - verifyElementVisible(findTestObject("Object Repository/Page_The Story and Evolution of Doodles - G_6e786d/p_The first Doodle was a simple out-of-offi_345e61")): Object 'Object Repository/Page_The Story and Evolution of Doodles - G_6e786d/p_The first Doodle was a simple out-of-offi_345e61' is visible

17-06-2024T18:12:14 - [MESSAGE][PASSED] - Object 'Object Repository/Page_The Story and Evolution of Doodles - G_6e786d/p_The first Doodle was a simple out-of-offi_345e61' is visible

17-06-2024T18:12:14 - [TEST_STEP][PASSED] - verifyElementVisible(findTestObject("Object Repository/Page_The Story and Evolution of Doodles - G_6e786d/h2_Weve created more than 5,000 Doodles ove_111429")): Object 'Object Repository/Page_The Story and Evolution of Doodles - G_6e786d/h2_Weve created more than 5,000 Doodles ove_111429' is visible

17-06-2024T18:12:14 - [MESSAGE][PASSED] - Object 'Object Repository/Page_The Story and Evolution of Doodles - G_6e786d/h2_Weve created more than 5,000 Doodles ove_111429' is visible

17-06-2024T18:12:14 - [TEST_STEP][PASSED] - click(findTestObject("Object Repository/Page_The Story and Evolution of Doodles - G_6e786d/p_The first Doodle was a simple out-of-offi_345e61")): Object: 'Object Repository/Page_The Story and Evolution of Doodles - G_6e786d/p_The first Doodle was a simple out-of-offi_345e61' is clicked on

17-06-2024T18:12:15 - [MESSAGE][PASSED] - Object: 'Object Repository/Page_The Story and Evolution of Doodles - G_6e786d/p_The first Doodle was a simple out-of-offi_345e61' is clicked on

17-06-2024T18:12:15 - [TEST_STEP][PASSED] - verifyElementVisible(findTestObject("Object Repository/Page_The Story and Evolution of Doodles - G_6e786d/h1_The story behind Doodles")): Object 'Object Repository/Page_The Story and Evolution of Doodles - G_6e786d/h1_The story behind Doodles' is visible

17-06-2024T18:12:15 - [MESSAGE][PASSED] - Object 'Object Repository/Page_The Story and Evolution of Doodles - G_6e786d/h1_The story behind Doodles' is visible

17-06-2024T18:12:15 - [TEST_STEP][PASSED] - verifyElementVisible(findTestObject("Object Repository/Page_The Story and Evolution of Doodles - G_6e786d/p_The first Doodle was a simple out-of-offi_345e61")): Object 'Object Repository/Page_The Story and Evolution of Doodles - G_6e786d/p_The first Doodle was a simple out-of-offi_345e61' is visible

17-06-2024T18:12:16 - [MESSAGE][PASSED] - Object 'Object Repository/Page_The Story and Evolution of Doodles - G_6e786d/p_The first Doodle was a simple out-of-offi_345e61' is visible

17-06-2024T18:12:16 - [TEST_STEP][PASSED] - verifyElementVisible(findTestObject("Object Repository/Page_The Story and Evolution of Doodles - G_6e786d/h2_Weve created more than 5,000 Doodles ove_111429")): Object 'Object Repository/Page_The Story and Evolution of Doodles - G_6e786d/h2_Weve created more than 5,000 Doodles ove_111429' is visible

17-06-2024T18:12:16 - [MESSAGE][PASSED] - Object 'Object Repository/Page_The Story and Evolution of Doodles - G_6e786d/h2_Weve created more than 5,000 Doodles ove_111429' is visible

17-06-2024T18:12:16 - [TEST_STEP][PASSED] - click(findTestObject("Object Repository/Page_The Story and Evolution of Doodles - G_6e786d/p_The first Doodle was a simple out-of-offi_345e61")): Object: 'Object Repository/Page_The Story and Evolution of Doodles - G_6e786d/p_The first Doodle was a simple out-of-offi_345e61' is clicked on

17-06-2024T18:12:16 - [MESSAGE][PASSED] - Object: 'Object Repository/Page_The Story and Evolution of Doodles - G_6e786d/p_The first Doodle was a simple out-of-offi_345e61' is clicked on

17-06-2024T18:12:16 - [TEST_STEP][PASSED] - verifyElementVisible(findTestObject("Object Repository/Page_The Story and Evolution of Doodles - G_6e786d/h1_The story behind Doodles")): Object 'Object Repository/Page_The Story and Evolution of Doodles - G_6e786d/h1_The story behind Doodles' is visible

17-06-2024T18:12:17 - [MESSAGE][PASSED] - Object 'Object Repository/Page_The Story and Evolution of Doodles - G_6e786d/h1_The story behind Doodles' is visible

17-06-2024T18:12:17 - [TEST_STEP][PASSED] - verifyElementVisible(findTestObject("Object Repository/Page_The Story and Evolution of Doodles - G_6e786d/p_The first Doodle was a simple out-of-offi_345e61")): Object 'Object Repository/Page_The Story and Evolution of Doodles - G_6e786d/p_The first Doodle was a simple out-of-offi_345e61' is visible

17-06-2024T18:12:17 - [MESSAGE][PASSED] - Object 'Object Repository/Page_The Story and Evolution of Doodles - G_6e786d/p_The first Doodle was a simple out-of-offi_345e61' is visible

17-06-2024T18:12:17 - [TEST_STEP][PASSED] - verifyElementVisible(findTestObject("Object Repository/Page_The Story and Evolution of Doodles - G_6e786d/h2_Weve created more than 5,000 Doodles ove_111429")): Object 'Object Repository/Page_The Story and Evolution of Doodles - G_6e786d/h2_Weve created more than 5,000 Doodles ove_111429' is visible

17-06-2024T18:12:17 - [MESSAGE][PASSED] - Object 'Object Repository/Page_The Story and Evolution of Doodles - G_6e786d/h2_Weve created more than 5,000 Doodles ove_111429' is visible

17-06-2024T18:12:17 - [TEST_STEP][PASSED] - click(findTestObject("Object Repository/Page_The Story and Evolution of Doodles - G_6e786d/p_The first Doodle was a simple out-of-offi_345e61")): Object: 'Object Repository/Page_The Story and Evolution of Doodles - G_6e786d/p_The first Doodle was a simple out-of-offi_345e61' is clicked on

17-06-2024T18:12:18 - [MESSAGE][PASSED] - Object: 'Object Repository/Page_The Story and Evolution of Doodles - G_6e786d/p_The first Doodle was a simple out-of-offi_345e61' is clicked on

17-06-2024T18:12:18 - [TEST_STEP][PASSED] - verifyElementVisible(findTestObject("Object Repository/Page_The Story and Evolution of Doodles - G_6e786d/h1_The story behind Doodles")): Object 'Object Repository/Page_The Story and Evolution of Doodles - G_6e786d/h1_The story behind Doodles' is visible

17-06-2024T18:12:18 - [MESSAGE][PASSED] - Object 'Object Repository/Page_The Story and Evolution of Doodles - G_6e786d/h1_The story behind Doodles' is visible

17-06-2024T18:12:18 - [TEST_STEP][PASSED] - verifyElementVisible(findTestObject("Object Repository/Page_The Story and Evolution of Doodles - G_6e786d/p_The first Doodle was a simple out-of-offi_345e61")): Object 'Object Repository/Page_The Story and Evolution of Doodles - G_6e786d/p_The first Doodle was a simple out-of-offi_345e61' is visible

17-06-2024T18:12:18 - [MESSAGE][PASSED] - Object 'Object Repository/Page_The Story and Evolution of Doodles - G_6e786d/p_The first Doodle was a simple out-of-offi_345e61' is visible

17-06-2024T18:12:18 - [TEST_STEP][PASSED] - verifyElementVisible(findTestObject("Object Repository/Page_The Story and Evolution of Doodles - G_6e786d/h2_Weve created more than 5,000 Doodles ove_111429")): Object 'Object Repository/Page_The Story and Evolution of Doodles - G_6e786d/h2_Weve created more than 5,000 Doodles ove_111429' is visible

17-06-2024T18:12:19 - [MESSAGE][PASSED] - Object 'Object Repository/Page_The Story and Evolution of Doodles - G_6e786d/h2_Weve created more than 5,000 Doodles ove_111429' is visible

17-06-2024T18:12:19 - [TEST_STEP][PASSED] - click(findTestObject("Object Repository/Page_The Story and Evolution of Doodles - G_6e786d/p_The first Doodle was a simple out-of-offi_345e61")): Object: 'Object Repository/Page_The Story and Evolution of Doodles - G_6e786d/p_The first Doodle was a simple out-of-offi_345e61' is clicked on

17-06-2024T18:12:19 - [MESSAGE][PASSED] - Object: 'Object Repository/Page_The Story and Evolution of Doodles - G_6e786d/p_The first Doodle was a simple out-of-offi_345e61' is clicked on

17-06-2024T18:12:19 - [TEST_STEP][PASSED] - verifyElementVisible(findTestObject("Object Repository/Page_The Story and Evolution of Doodles - G_6e786d/h1_The story behind Doodles")): Object 'Object Repository/Page_The Story and Evolution of Doodles - G_6e786d/h1_The story behind Doodles' is visible

17-06-2024T18:12:20 - [MESSAGE][PASSED] - Object 'Object Repository/Page_The Story and Evolution of Doodles - G_6e786d/h1_The story behind Doodles' is visible

17-06-2024T18:12:20 - [TEST_STEP][PASSED] - verifyElementVisible(findTestObject("Object Repository/Page_The Story and Evolution of Doodles - G_6e786d/p_The first Doodle was a simple out-of-offi_345e61")): Object 'Object Repository/Page_The Story and Evolution of Doodles - G_6e786d/p_The first Doodle was a simple out-of-offi_345e61' is visible

17-06-2024T18:12:20 - [MESSAGE][PASSED] - Object 'Object Repository/Page_The Story and Evolution of Doodles - G_6e786d/p_The first Doodle was a simple out-of-offi_345e61' is visible

17-06-2024T18:12:20 - [TEST_STEP][PASSED] - verifyElementVisible(findTestObject("Object Repository/Page_The Story and Evolution of Doodles - G_6e786d/h2_Weve created more than 5,000 Doodles ove_111429")): Object 'Object Repository/Page_The Story and Evolution of Doodles - G_6e786d/h2_Weve created more than 5,000 Doodles ove_111429' is visible

17-06-2024T18:12:20 - [MESSAGE][PASSED] - Object 'Object Repository/Page_The Story and Evolution of Doodles - G_6e786d/h2_Weve created more than 5,000 Doodles ove_111429' is visible]]></system-out>
         <system-err><![CDATA[]]></system-err>
      </testcase>
      <testcase name="Test Cases/test case folder 1/tc1 - Copy (5)" time="18.63" classname="Test Cases/test case folder 1/tc1 - Copy (5)" status="PASSED">
         <system-out><![CDATA[17-06-2024T18:12:20 - [TEST_CASE][PASSED] - Test Cases/test case folder 1/tc1 - Copy (5): Test Cases/test case folder 1/tc1 - Copy (5)

17-06-2024T18:12:20 - [TEST_STEP][PASSED] - openBrowser(""): Browser is opened with url: ''

17-06-2024T18:12:20 - [MESSAGE][WARNING] - A browser is already opened. Closing browser and opening a new one

17-06-2024T18:12:21 - [MESSAGE][INFO] - Starting 'Chrome (headless)' driver

17-06-2024T18:12:21 - [MESSAGE][INFO] - Action delay is set to 0 milliseconds

17-06-2024T18:12:21 - [MESSAGE][PASSED] - Browser is opened with url: ''

17-06-2024T18:12:21 - [TEST_STEP][PASSED] - navigateToUrl("https://doodles.google/about/"): Navigate to 'https://doodles.google/about/' successfully

17-06-2024T18:12:24 - [MESSAGE][PASSED] - Navigate to 'https://doodles.google/about/' successfully

17-06-2024T18:12:24 - [TEST_STEP][PASSED] - click(findTestObject("Object Repository/Page_The Story and Evolution of Doodles - G_6e786d/p_The first Doodle was a simple out-of-offi_345e61")): Object: 'Object Repository/Page_The Story and Evolution of Doodles - G_6e786d/p_The first Doodle was a simple out-of-offi_345e61' is clicked on

17-06-2024T18:12:24 - [MESSAGE][PASSED] - Object: 'Object Repository/Page_The Story and Evolution of Doodles - G_6e786d/p_The first Doodle was a simple out-of-offi_345e61' is clicked on

17-06-2024T18:12:24 - [TEST_STEP][PASSED] - click(findTestObject("Object Repository/Page_The Story and Evolution of Doodles - G_6e786d/p_The first Doodle was a simple out-of-offi_345e61")): Object: 'Object Repository/Page_The Story and Evolution of Doodles - G_6e786d/p_The first Doodle was a simple out-of-offi_345e61' is clicked on

17-06-2024T18:12:25 - [MESSAGE][PASSED] - Object: 'Object Repository/Page_The Story and Evolution of Doodles - G_6e786d/p_The first Doodle was a simple out-of-offi_345e61' is clicked on

17-06-2024T18:12:25 - [TEST_STEP][PASSED] - verifyElementVisible(findTestObject("Object Repository/Page_The Story and Evolution of Doodles - G_6e786d/h1_The story behind Doodles")): Object 'Object Repository/Page_The Story and Evolution of Doodles - G_6e786d/h1_The story behind Doodles' is visible

17-06-2024T18:12:25 - [MESSAGE][PASSED] - Object 'Object Repository/Page_The Story and Evolution of Doodles - G_6e786d/h1_The story behind Doodles' is visible

17-06-2024T18:12:25 - [TEST_STEP][PASSED] - verifyElementVisible(findTestObject("Object Repository/Page_The Story and Evolution of Doodles - G_6e786d/p_The first Doodle was a simple out-of-offi_345e61")): Object 'Object Repository/Page_The Story and Evolution of Doodles - G_6e786d/p_The first Doodle was a simple out-of-offi_345e61' is visible

17-06-2024T18:12:25 - [MESSAGE][PASSED] - Object 'Object Repository/Page_The Story and Evolution of Doodles - G_6e786d/p_The first Doodle was a simple out-of-offi_345e61' is visible

17-06-2024T18:12:25 - [TEST_STEP][PASSED] - verifyElementVisible(findTestObject("Object Repository/Page_The Story and Evolution of Doodles - G_6e786d/h2_Weve created more than 5,000 Doodles ove_111429")): Object 'Object Repository/Page_The Story and Evolution of Doodles - G_6e786d/h2_Weve created more than 5,000 Doodles ove_111429' is visible

17-06-2024T18:12:26 - [MESSAGE][PASSED] - Object 'Object Repository/Page_The Story and Evolution of Doodles - G_6e786d/h2_Weve created more than 5,000 Doodles ove_111429' is visible

17-06-2024T18:12:26 - [TEST_STEP][PASSED] - verifyElementVisible(findTestObject("Object Repository/Page_The Story and Evolution of Doodles - G_6e786d/h1_The story behind Doodles")): Object 'Object Repository/Page_The Story and Evolution of Doodles - G_6e786d/h1_The story behind Doodles' is visible

17-06-2024T18:12:26 - [MESSAGE][PASSED] - Object 'Object Repository/Page_The Story and Evolution of Doodles - G_6e786d/h1_The story behind Doodles' is visible

17-06-2024T18:12:26 - [TEST_STEP][PASSED] - verifyElementVisible(findTestObject("Object Repository/Page_The Story and Evolution of Doodles - G_6e786d/p_The first Doodle was a simple out-of-offi_345e61")): Object 'Object Repository/Page_The Story and Evolution of Doodles - G_6e786d/p_The first Doodle was a simple out-of-offi_345e61' is visible

17-06-2024T18:12:26 - [MESSAGE][PASSED] - Object 'Object Repository/Page_The Story and Evolution of Doodles - G_6e786d/p_The first Doodle was a simple out-of-offi_345e61' is visible

17-06-2024T18:12:26 - [TEST_STEP][PASSED] - verifyElementVisible(findTestObject("Object Repository/Page_The Story and Evolution of Doodles - G_6e786d/h2_Weve created more than 5,000 Doodles ove_111429")): Object 'Object Repository/Page_The Story and Evolution of Doodles - G_6e786d/h2_Weve created more than 5,000 Doodles ove_111429' is visible

17-06-2024T18:12:27 - [MESSAGE][PASSED] - Object 'Object Repository/Page_The Story and Evolution of Doodles - G_6e786d/h2_Weve created more than 5,000 Doodles ove_111429' is visible

17-06-2024T18:12:27 - [TEST_STEP][PASSED] - click(findTestObject("Object Repository/Page_The Story and Evolution of Doodles - G_6e786d/p_The first Doodle was a simple out-of-offi_345e61")): Object: 'Object Repository/Page_The Story and Evolution of Doodles - G_6e786d/p_The first Doodle was a simple out-of-offi_345e61' is clicked on

17-06-2024T18:12:27 - [MESSAGE][PASSED] - Object: 'Object Repository/Page_The Story and Evolution of Doodles - G_6e786d/p_The first Doodle was a simple out-of-offi_345e61' is clicked on

17-06-2024T18:12:27 - [TEST_STEP][PASSED] - verifyElementVisible(findTestObject("Object Repository/Page_The Story and Evolution of Doodles - G_6e786d/h1_The story behind Doodles")): Object 'Object Repository/Page_The Story and Evolution of Doodles - G_6e786d/h1_The story behind Doodles' is visible

17-06-2024T18:12:27 - [MESSAGE][PASSED] - Object 'Object Repository/Page_The Story and Evolution of Doodles - G_6e786d/h1_The story behind Doodles' is visible

17-06-2024T18:12:27 - [TEST_STEP][PASSED] - verifyElementVisible(findTestObject("Object Repository/Page_The Story and Evolution of Doodles - G_6e786d/p_The first Doodle was a simple out-of-offi_345e61")): Object 'Object Repository/Page_The Story and Evolution of Doodles - G_6e786d/p_The first Doodle was a simple out-of-offi_345e61' is visible

17-06-2024T18:12:28 - [MESSAGE][PASSED] - Object 'Object Repository/Page_The Story and Evolution of Doodles - G_6e786d/p_The first Doodle was a simple out-of-offi_345e61' is visible

17-06-2024T18:12:28 - [TEST_STEP][PASSED] - verifyElementVisible(findTestObject("Object Repository/Page_The Story and Evolution of Doodles - G_6e786d/h2_Weve created more than 5,000 Doodles ove_111429")): Object 'Object Repository/Page_The Story and Evolution of Doodles - G_6e786d/h2_Weve created more than 5,000 Doodles ove_111429' is visible

17-06-2024T18:12:28 - [MESSAGE][PASSED] - Object 'Object Repository/Page_The Story and Evolution of Doodles - G_6e786d/h2_Weve created more than 5,000 Doodles ove_111429' is visible

17-06-2024T18:12:28 - [TEST_STEP][PASSED] - click(findTestObject("Object Repository/Page_The Story and Evolution of Doodles - G_6e786d/p_The first Doodle was a simple out-of-offi_345e61")): Object: 'Object Repository/Page_The Story and Evolution of Doodles - G_6e786d/p_The first Doodle was a simple out-of-offi_345e61' is clicked on

17-06-2024T18:12:28 - [MESSAGE][PASSED] - Object: 'Object Repository/Page_The Story and Evolution of Doodles - G_6e786d/p_The first Doodle was a simple out-of-offi_345e61' is clicked on

17-06-2024T18:12:28 - [TEST_STEP][PASSED] - verifyElementVisible(findTestObject("Object Repository/Page_The Story and Evolution of Doodles - G_6e786d/h1_The story behind Doodles")): Object 'Object Repository/Page_The Story and Evolution of Doodles - G_6e786d/h1_The story behind Doodles' is visible

17-06-2024T18:12:29 - [MESSAGE][PASSED] - Object 'Object Repository/Page_The Story and Evolution of Doodles - G_6e786d/h1_The story behind Doodles' is visible

17-06-2024T18:12:29 - [TEST_STEP][PASSED] - verifyElementVisible(findTestObject("Object Repository/Page_The Story and Evolution of Doodles - G_6e786d/p_The first Doodle was a simple out-of-offi_345e61")): Object 'Object Repository/Page_The Story and Evolution of Doodles - G_6e786d/p_The first Doodle was a simple out-of-offi_345e61' is visible

17-06-2024T18:12:29 - [MESSAGE][PASSED] - Object 'Object Repository/Page_The Story and Evolution of Doodles - G_6e786d/p_The first Doodle was a simple out-of-offi_345e61' is visible

17-06-2024T18:12:29 - [TEST_STEP][PASSED] - verifyElementVisible(findTestObject("Object Repository/Page_The Story and Evolution of Doodles - G_6e786d/h2_Weve created more than 5,000 Doodles ove_111429")): Object 'Object Repository/Page_The Story and Evolution of Doodles - G_6e786d/h2_Weve created more than 5,000 Doodles ove_111429' is visible

17-06-2024T18:12:29 - [MESSAGE][PASSED] - Object 'Object Repository/Page_The Story and Evolution of Doodles - G_6e786d/h2_Weve created more than 5,000 Doodles ove_111429' is visible

17-06-2024T18:12:29 - [TEST_STEP][PASSED] - click(findTestObject("Object Repository/Page_The Story and Evolution of Doodles - G_6e786d/p_The first Doodle was a simple out-of-offi_345e61")): Object: 'Object Repository/Page_The Story and Evolution of Doodles - G_6e786d/p_The first Doodle was a simple out-of-offi_345e61' is clicked on

17-06-2024T18:12:30 - [MESSAGE][PASSED] - Object: 'Object Repository/Page_The Story and Evolution of Doodles - G_6e786d/p_The first Doodle was a simple out-of-offi_345e61' is clicked on

17-06-2024T18:12:30 - [TEST_STEP][PASSED] - verifyElementVisible(findTestObject("Object Repository/Page_The Story and Evolution of Doodles - G_6e786d/h1_The story behind Doodles")): Object 'Object Repository/Page_The Story and Evolution of Doodles - G_6e786d/h1_The story behind Doodles' is visible

17-06-2024T18:12:30 - [MESSAGE][PASSED] - Object 'Object Repository/Page_The Story and Evolution of Doodles - G_6e786d/h1_The story behind Doodles' is visible

17-06-2024T18:12:30 - [TEST_STEP][PASSED] - verifyElementVisible(findTestObject("Object Repository/Page_The Story and Evolution of Doodles - G_6e786d/p_The first Doodle was a simple out-of-offi_345e61")): Object 'Object Repository/Page_The Story and Evolution of Doodles - G_6e786d/p_The first Doodle was a simple out-of-offi_345e61' is visible

17-06-2024T18:12:30 - [MESSAGE][PASSED] - Object 'Object Repository/Page_The Story and Evolution of Doodles - G_6e786d/p_The first Doodle was a simple out-of-offi_345e61' is visible

17-06-2024T18:12:30 - [TEST_STEP][PASSED] - verifyElementVisible(findTestObject("Object Repository/Page_The Story and Evolution of Doodles - G_6e786d/h2_Weve created more than 5,000 Doodles ove_111429")): Object 'Object Repository/Page_The Story and Evolution of Doodles - G_6e786d/h2_Weve created more than 5,000 Doodles ove_111429' is visible

17-06-2024T18:12:31 - [MESSAGE][PASSED] - Object 'Object Repository/Page_The Story and Evolution of Doodles - G_6e786d/h2_Weve created more than 5,000 Doodles ove_111429' is visible

17-06-2024T18:12:31 - [TEST_STEP][PASSED] - click(findTestObject("Object Repository/Page_The Story and Evolution of Doodles - G_6e786d/p_The first Doodle was a simple out-of-offi_345e61")): Object: 'Object Repository/Page_The Story and Evolution of Doodles - G_6e786d/p_The first Doodle was a simple out-of-offi_345e61' is clicked on

17-06-2024T18:12:31 - [MESSAGE][PASSED] - Object: 'Object Repository/Page_The Story and Evolution of Doodles - G_6e786d/p_The first Doodle was a simple out-of-offi_345e61' is clicked on

17-06-2024T18:12:31 - [TEST_STEP][PASSED] - verifyElementVisible(findTestObject("Object Repository/Page_The Story and Evolution of Doodles - G_6e786d/h1_The story behind Doodles")): Object 'Object Repository/Page_The Story and Evolution of Doodles - G_6e786d/h1_The story behind Doodles' is visible

17-06-2024T18:12:31 - [MESSAGE][PASSED] - Object 'Object Repository/Page_The Story and Evolution of Doodles - G_6e786d/h1_The story behind Doodles' is visible

17-06-2024T18:12:31 - [TEST_STEP][PASSED] - verifyElementVisible(findTestObject("Object Repository/Page_The Story and Evolution of Doodles - G_6e786d/p_The first Doodle was a simple out-of-offi_345e61")): Object 'Object Repository/Page_The Story and Evolution of Doodles - G_6e786d/p_The first Doodle was a simple out-of-offi_345e61' is visible

17-06-2024T18:12:32 - [MESSAGE][PASSED] - Object 'Object Repository/Page_The Story and Evolution of Doodles - G_6e786d/p_The first Doodle was a simple out-of-offi_345e61' is visible

17-06-2024T18:12:32 - [TEST_STEP][PASSED] - verifyElementVisible(findTestObject("Object Repository/Page_The Story and Evolution of Doodles - G_6e786d/h2_Weve created more than 5,000 Doodles ove_111429")): Object 'Object Repository/Page_The Story and Evolution of Doodles - G_6e786d/h2_Weve created more than 5,000 Doodles ove_111429' is visible

17-06-2024T18:12:32 - [MESSAGE][PASSED] - Object 'Object Repository/Page_The Story and Evolution of Doodles - G_6e786d/h2_Weve created more than 5,000 Doodles ove_111429' is visible

17-06-2024T18:12:32 - [TEST_STEP][PASSED] - click(findTestObject("Object Repository/Page_The Story and Evolution of Doodles - G_6e786d/p_The first Doodle was a simple out-of-offi_345e61")): Object: 'Object Repository/Page_The Story and Evolution of Doodles - G_6e786d/p_The first Doodle was a simple out-of-offi_345e61' is clicked on

17-06-2024T18:12:32 - [MESSAGE][PASSED] - Object: 'Object Repository/Page_The Story and Evolution of Doodles - G_6e786d/p_The first Doodle was a simple out-of-offi_345e61' is clicked on

17-06-2024T18:12:32 - [TEST_STEP][PASSED] - verifyElementVisible(findTestObject("Object Repository/Page_The Story and Evolution of Doodles - G_6e786d/h1_The story behind Doodles")): Object 'Object Repository/Page_The Story and Evolution of Doodles - G_6e786d/h1_The story behind Doodles' is visible

17-06-2024T18:12:33 - [MESSAGE][PASSED] - Object 'Object Repository/Page_The Story and Evolution of Doodles - G_6e786d/h1_The story behind Doodles' is visible

17-06-2024T18:12:33 - [TEST_STEP][PASSED] - verifyElementVisible(findTestObject("Object Repository/Page_The Story and Evolution of Doodles - G_6e786d/p_The first Doodle was a simple out-of-offi_345e61")): Object 'Object Repository/Page_The Story and Evolution of Doodles - G_6e786d/p_The first Doodle was a simple out-of-offi_345e61' is visible

17-06-2024T18:12:33 - [MESSAGE][PASSED] - Object 'Object Repository/Page_The Story and Evolution of Doodles - G_6e786d/p_The first Doodle was a simple out-of-offi_345e61' is visible

17-06-2024T18:12:33 - [TEST_STEP][PASSED] - verifyElementVisible(findTestObject("Object Repository/Page_The Story and Evolution of Doodles - G_6e786d/h2_Weve created more than 5,000 Doodles ove_111429")): Object 'Object Repository/Page_The Story and Evolution of Doodles - G_6e786d/h2_Weve created more than 5,000 Doodles ove_111429' is visible

17-06-2024T18:12:33 - [MESSAGE][PASSED] - Object 'Object Repository/Page_The Story and Evolution of Doodles - G_6e786d/h2_Weve created more than 5,000 Doodles ove_111429' is visible

17-06-2024T18:12:33 - [TEST_STEP][PASSED] - click(findTestObject("Object Repository/Page_The Story and Evolution of Doodles - G_6e786d/p_The first Doodle was a simple out-of-offi_345e61")): Object: 'Object Repository/Page_The Story and Evolution of Doodles - G_6e786d/p_The first Doodle was a simple out-of-offi_345e61' is clicked on

17-06-2024T18:12:34 - [MESSAGE][PASSED] - Object: 'Object Repository/Page_The Story and Evolution of Doodles - G_6e786d/p_The first Doodle was a simple out-of-offi_345e61' is clicked on

17-06-2024T18:12:34 - [TEST_STEP][PASSED] - verifyElementVisible(findTestObject("Object Repository/Page_The Story and Evolution of Doodles - G_6e786d/h1_The story behind Doodles")): Object 'Object Repository/Page_The Story and Evolution of Doodles - G_6e786d/h1_The story behind Doodles' is visible

17-06-2024T18:12:34 - [MESSAGE][PASSED] - Object 'Object Repository/Page_The Story and Evolution of Doodles - G_6e786d/h1_The story behind Doodles' is visible

17-06-2024T18:12:34 - [TEST_STEP][PASSED] - verifyElementVisible(findTestObject("Object Repository/Page_The Story and Evolution of Doodles - G_6e786d/p_The first Doodle was a simple out-of-offi_345e61")): Object 'Object Repository/Page_The Story and Evolution of Doodles - G_6e786d/p_The first Doodle was a simple out-of-offi_345e61' is visible

17-06-2024T18:12:34 - [MESSAGE][PASSED] - Object 'Object Repository/Page_The Story and Evolution of Doodles - G_6e786d/p_The first Doodle was a simple out-of-offi_345e61' is visible

17-06-2024T18:12:34 - [TEST_STEP][PASSED] - verifyElementVisible(findTestObject("Object Repository/Page_The Story and Evolution of Doodles - G_6e786d/h2_Weve created more than 5,000 Doodles ove_111429")): Object 'Object Repository/Page_The Story and Evolution of Doodles - G_6e786d/h2_Weve created more than 5,000 Doodles ove_111429' is visible

17-06-2024T18:12:35 - [MESSAGE][PASSED] - Object 'Object Repository/Page_The Story and Evolution of Doodles - G_6e786d/h2_Weve created more than 5,000 Doodles ove_111429' is visible

17-06-2024T18:12:35 - [TEST_STEP][PASSED] - click(findTestObject("Object Repository/Page_The Story and Evolution of Doodles - G_6e786d/p_The first Doodle was a simple out-of-offi_345e61")): Object: 'Object Repository/Page_The Story and Evolution of Doodles - G_6e786d/p_The first Doodle was a simple out-of-offi_345e61' is clicked on

17-06-2024T18:12:35 - [MESSAGE][PASSED] - Object: 'Object Repository/Page_The Story and Evolution of Doodles - G_6e786d/p_The first Doodle was a simple out-of-offi_345e61' is clicked on

17-06-2024T18:12:35 - [TEST_STEP][PASSED] - verifyElementVisible(findTestObject("Object Repository/Page_The Story and Evolution of Doodles - G_6e786d/h1_The story behind Doodles")): Object 'Object Repository/Page_The Story and Evolution of Doodles - G_6e786d/h1_The story behind Doodles' is visible

17-06-2024T18:12:35 - [MESSAGE][PASSED] - Object 'Object Repository/Page_The Story and Evolution of Doodles - G_6e786d/h1_The story behind Doodles' is visible

17-06-2024T18:12:35 - [TEST_STEP][PASSED] - verifyElementVisible(findTestObject("Object Repository/Page_The Story and Evolution of Doodles - G_6e786d/p_The first Doodle was a simple out-of-offi_345e61")): Object 'Object Repository/Page_The Story and Evolution of Doodles - G_6e786d/p_The first Doodle was a simple out-of-offi_345e61' is visible

17-06-2024T18:12:36 - [MESSAGE][PASSED] - Object 'Object Repository/Page_The Story and Evolution of Doodles - G_6e786d/p_The first Doodle was a simple out-of-offi_345e61' is visible

17-06-2024T18:12:36 - [TEST_STEP][PASSED] - verifyElementVisible(findTestObject("Object Repository/Page_The Story and Evolution of Doodles - G_6e786d/h2_Weve created more than 5,000 Doodles ove_111429")): Object 'Object Repository/Page_The Story and Evolution of Doodles - G_6e786d/h2_Weve created more than 5,000 Doodles ove_111429' is visible

17-06-2024T18:12:36 - [MESSAGE][PASSED] - Object 'Object Repository/Page_The Story and Evolution of Doodles - G_6e786d/h2_Weve created more than 5,000 Doodles ove_111429' is visible

17-06-2024T18:12:36 - [TEST_STEP][PASSED] - click(findTestObject("Object Repository/Page_The Story and Evolution of Doodles - G_6e786d/p_The first Doodle was a simple out-of-offi_345e61")): Object: 'Object Repository/Page_The Story and Evolution of Doodles - G_6e786d/p_The first Doodle was a simple out-of-offi_345e61' is clicked on

17-06-2024T18:12:36 - [MESSAGE][PASSED] - Object: 'Object Repository/Page_The Story and Evolution of Doodles - G_6e786d/p_The first Doodle was a simple out-of-offi_345e61' is clicked on

17-06-2024T18:12:36 - [TEST_STEP][PASSED] - verifyElementVisible(findTestObject("Object Repository/Page_The Story and Evolution of Doodles - G_6e786d/h1_The story behind Doodles")): Object 'Object Repository/Page_The Story and Evolution of Doodles - G_6e786d/h1_The story behind Doodles' is visible

17-06-2024T18:12:37 - [MESSAGE][PASSED] - Object 'Object Repository/Page_The Story and Evolution of Doodles - G_6e786d/h1_The story behind Doodles' is visible

17-06-2024T18:12:37 - [TEST_STEP][PASSED] - verifyElementVisible(findTestObject("Object Repository/Page_The Story and Evolution of Doodles - G_6e786d/p_The first Doodle was a simple out-of-offi_345e61")): Object 'Object Repository/Page_The Story and Evolution of Doodles - G_6e786d/p_The first Doodle was a simple out-of-offi_345e61' is visible

17-06-2024T18:12:37 - [MESSAGE][PASSED] - Object 'Object Repository/Page_The Story and Evolution of Doodles - G_6e786d/p_The first Doodle was a simple out-of-offi_345e61' is visible

17-06-2024T18:12:37 - [TEST_STEP][PASSED] - verifyElementVisible(findTestObject("Object Repository/Page_The Story and Evolution of Doodles - G_6e786d/h2_Weve created more than 5,000 Doodles ove_111429")): Object 'Object Repository/Page_The Story and Evolution of Doodles - G_6e786d/h2_Weve created more than 5,000 Doodles ove_111429' is visible

17-06-2024T18:12:37 - [MESSAGE][PASSED] - Object 'Object Repository/Page_The Story and Evolution of Doodles - G_6e786d/h2_Weve created more than 5,000 Doodles ove_111429' is visible

17-06-2024T18:12:37 - [TEST_STEP][PASSED] - click(findTestObject("Object Repository/Page_The Story and Evolution of Doodles - G_6e786d/p_The first Doodle was a simple out-of-offi_345e61")): Object: 'Object Repository/Page_The Story and Evolution of Doodles - G_6e786d/p_The first Doodle was a simple out-of-offi_345e61' is clicked on

17-06-2024T18:12:38 - [MESSAGE][PASSED] - Object: 'Object Repository/Page_The Story and Evolution of Doodles - G_6e786d/p_The first Doodle was a simple out-of-offi_345e61' is clicked on

17-06-2024T18:12:38 - [TEST_STEP][PASSED] - verifyElementVisible(findTestObject("Object Repository/Page_The Story and Evolution of Doodles - G_6e786d/h1_The story behind Doodles")): Object 'Object Repository/Page_The Story and Evolution of Doodles - G_6e786d/h1_The story behind Doodles' is visible

17-06-2024T18:12:38 - [MESSAGE][PASSED] - Object 'Object Repository/Page_The Story and Evolution of Doodles - G_6e786d/h1_The story behind Doodles' is visible

17-06-2024T18:12:38 - [TEST_STEP][PASSED] - verifyElementVisible(findTestObject("Object Repository/Page_The Story and Evolution of Doodles - G_6e786d/p_The first Doodle was a simple out-of-offi_345e61")): Object 'Object Repository/Page_The Story and Evolution of Doodles - G_6e786d/p_The first Doodle was a simple out-of-offi_345e61' is visible

17-06-2024T18:12:39 - [MESSAGE][PASSED] - Object 'Object Repository/Page_The Story and Evolution of Doodles - G_6e786d/p_The first Doodle was a simple out-of-offi_345e61' is visible

17-06-2024T18:12:39 - [TEST_STEP][PASSED] - verifyElementVisible(findTestObject("Object Repository/Page_The Story and Evolution of Doodles - G_6e786d/h2_Weve created more than 5,000 Doodles ove_111429")): Object 'Object Repository/Page_The Story and Evolution of Doodles - G_6e786d/h2_Weve created more than 5,000 Doodles ove_111429' is visible

17-06-2024T18:12:39 - [MESSAGE][PASSED] - Object 'Object Repository/Page_The Story and Evolution of Doodles - G_6e786d/h2_Weve created more than 5,000 Doodles ove_111429' is visible]]></system-out>
         <system-err><![CDATA[]]></system-err>
      </testcase>
      <testcase name="Test Cases/test case folder 1/tc1 - Copy (7)" time="19.316" classname="Test Cases/test case folder 1/tc1 - Copy (7)" status="PASSED">
         <system-out><![CDATA[17-06-2024T18:12:39 - [TEST_CASE][PASSED] - Test Cases/test case folder 1/tc1 - Copy (7): Test Cases/test case folder 1/tc1 - Copy (7)

17-06-2024T18:12:39 - [TEST_STEP][PASSED] - openBrowser(""): Browser is opened with url: ''

17-06-2024T18:12:39 - [MESSAGE][WARNING] - A browser is already opened. Closing browser and opening a new one

17-06-2024T18:12:39 - [MESSAGE][INFO] - Starting 'Chrome (headless)' driver

17-06-2024T18:12:39 - [MESSAGE][INFO] - Action delay is set to 0 milliseconds

17-06-2024T18:12:40 - [MESSAGE][PASSED] - Browser is opened with url: ''

17-06-2024T18:12:40 - [TEST_STEP][PASSED] - navigateToUrl("https://doodles.google/about/"): Navigate to 'https://doodles.google/about/' successfully

17-06-2024T18:12:43 - [MESSAGE][PASSED] - Navigate to 'https://doodles.google/about/' successfully

17-06-2024T18:12:43 - [TEST_STEP][PASSED] - click(findTestObject("Object Repository/Page_The Story and Evolution of Doodles - G_6e786d/p_The first Doodle was a simple out-of-offi_345e61")): Object: 'Object Repository/Page_The Story and Evolution of Doodles - G_6e786d/p_The first Doodle was a simple out-of-offi_345e61' is clicked on

17-06-2024T18:12:43 - [MESSAGE][PASSED] - Object: 'Object Repository/Page_The Story and Evolution of Doodles - G_6e786d/p_The first Doodle was a simple out-of-offi_345e61' is clicked on

17-06-2024T18:12:43 - [TEST_STEP][PASSED] - click(findTestObject("Object Repository/Page_The Story and Evolution of Doodles - G_6e786d/p_The first Doodle was a simple out-of-offi_345e61")): Object: 'Object Repository/Page_The Story and Evolution of Doodles - G_6e786d/p_The first Doodle was a simple out-of-offi_345e61' is clicked on

17-06-2024T18:12:44 - [MESSAGE][PASSED] - Object: 'Object Repository/Page_The Story and Evolution of Doodles - G_6e786d/p_The first Doodle was a simple out-of-offi_345e61' is clicked on

17-06-2024T18:12:44 - [TEST_STEP][PASSED] - verifyElementVisible(findTestObject("Object Repository/Page_The Story and Evolution of Doodles - G_6e786d/h1_The story behind Doodles")): Object 'Object Repository/Page_The Story and Evolution of Doodles - G_6e786d/h1_The story behind Doodles' is visible

17-06-2024T18:12:44 - [MESSAGE][PASSED] - Object 'Object Repository/Page_The Story and Evolution of Doodles - G_6e786d/h1_The story behind Doodles' is visible

17-06-2024T18:12:44 - [TEST_STEP][PASSED] - verifyElementVisible(findTestObject("Object Repository/Page_The Story and Evolution of Doodles - G_6e786d/p_The first Doodle was a simple out-of-offi_345e61")): Object 'Object Repository/Page_The Story and Evolution of Doodles - G_6e786d/p_The first Doodle was a simple out-of-offi_345e61' is visible

17-06-2024T18:12:44 - [MESSAGE][PASSED] - Object 'Object Repository/Page_The Story and Evolution of Doodles - G_6e786d/p_The first Doodle was a simple out-of-offi_345e61' is visible

17-06-2024T18:12:44 - [TEST_STEP][PASSED] - verifyElementVisible(findTestObject("Object Repository/Page_The Story and Evolution of Doodles - G_6e786d/h2_Weve created more than 5,000 Doodles ove_111429")): Object 'Object Repository/Page_The Story and Evolution of Doodles - G_6e786d/h2_Weve created more than 5,000 Doodles ove_111429' is visible

17-06-2024T18:12:45 - [MESSAGE][PASSED] - Object 'Object Repository/Page_The Story and Evolution of Doodles - G_6e786d/h2_Weve created more than 5,000 Doodles ove_111429' is visible

17-06-2024T18:12:45 - [TEST_STEP][PASSED] - verifyElementVisible(findTestObject("Object Repository/Page_The Story and Evolution of Doodles - G_6e786d/h1_The story behind Doodles")): Object 'Object Repository/Page_The Story and Evolution of Doodles - G_6e786d/h1_The story behind Doodles' is visible

17-06-2024T18:12:45 - [MESSAGE][PASSED] - Object 'Object Repository/Page_The Story and Evolution of Doodles - G_6e786d/h1_The story behind Doodles' is visible

17-06-2024T18:12:45 - [TEST_STEP][PASSED] - verifyElementVisible(findTestObject("Object Repository/Page_The Story and Evolution of Doodles - G_6e786d/p_The first Doodle was a simple out-of-offi_345e61")): Object 'Object Repository/Page_The Story and Evolution of Doodles - G_6e786d/p_The first Doodle was a simple out-of-offi_345e61' is visible

17-06-2024T18:12:45 - [MESSAGE][PASSED] - Object 'Object Repository/Page_The Story and Evolution of Doodles - G_6e786d/p_The first Doodle was a simple out-of-offi_345e61' is visible

17-06-2024T18:12:45 - [TEST_STEP][PASSED] - verifyElementVisible(findTestObject("Object Repository/Page_The Story and Evolution of Doodles - G_6e786d/h2_Weve created more than 5,000 Doodles ove_111429")): Object 'Object Repository/Page_The Story and Evolution of Doodles - G_6e786d/h2_Weve created more than 5,000 Doodles ove_111429' is visible

17-06-2024T18:12:46 - [MESSAGE][PASSED] - Object 'Object Repository/Page_The Story and Evolution of Doodles - G_6e786d/h2_Weve created more than 5,000 Doodles ove_111429' is visible

17-06-2024T18:12:46 - [TEST_STEP][PASSED] - click(findTestObject("Object Repository/Page_The Story and Evolution of Doodles - G_6e786d/p_The first Doodle was a simple out-of-offi_345e61")): Object: 'Object Repository/Page_The Story and Evolution of Doodles - G_6e786d/p_The first Doodle was a simple out-of-offi_345e61' is clicked on

17-06-2024T18:12:46 - [MESSAGE][PASSED] - Object: 'Object Repository/Page_The Story and Evolution of Doodles - G_6e786d/p_The first Doodle was a simple out-of-offi_345e61' is clicked on

17-06-2024T18:12:46 - [TEST_STEP][PASSED] - verifyElementVisible(findTestObject("Object Repository/Page_The Story and Evolution of Doodles - G_6e786d/h1_The story behind Doodles")): Object 'Object Repository/Page_The Story and Evolution of Doodles - G_6e786d/h1_The story behind Doodles' is visible

17-06-2024T18:12:46 - [MESSAGE][PASSED] - Object 'Object Repository/Page_The Story and Evolution of Doodles - G_6e786d/h1_The story behind Doodles' is visible

17-06-2024T18:12:46 - [TEST_STEP][PASSED] - verifyElementVisible(findTestObject("Object Repository/Page_The Story and Evolution of Doodles - G_6e786d/p_The first Doodle was a simple out-of-offi_345e61")): Object 'Object Repository/Page_The Story and Evolution of Doodles - G_6e786d/p_The first Doodle was a simple out-of-offi_345e61' is visible

17-06-2024T18:12:47 - [MESSAGE][PASSED] - Object 'Object Repository/Page_The Story and Evolution of Doodles - G_6e786d/p_The first Doodle was a simple out-of-offi_345e61' is visible

17-06-2024T18:12:47 - [TEST_STEP][PASSED] - verifyElementVisible(findTestObject("Object Repository/Page_The Story and Evolution of Doodles - G_6e786d/h2_Weve created more than 5,000 Doodles ove_111429")): Object 'Object Repository/Page_The Story and Evolution of Doodles - G_6e786d/h2_Weve created more than 5,000 Doodles ove_111429' is visible

17-06-2024T18:12:47 - [MESSAGE][PASSED] - Object 'Object Repository/Page_The Story and Evolution of Doodles - G_6e786d/h2_Weve created more than 5,000 Doodles ove_111429' is visible

17-06-2024T18:12:47 - [TEST_STEP][PASSED] - click(findTestObject("Object Repository/Page_The Story and Evolution of Doodles - G_6e786d/p_The first Doodle was a simple out-of-offi_345e61")): Object: 'Object Repository/Page_The Story and Evolution of Doodles - G_6e786d/p_The first Doodle was a simple out-of-offi_345e61' is clicked on

17-06-2024T18:12:47 - [MESSAGE][PASSED] - Object: 'Object Repository/Page_The Story and Evolution of Doodles - G_6e786d/p_The first Doodle was a simple out-of-offi_345e61' is clicked on

17-06-2024T18:12:47 - [TEST_STEP][PASSED] - verifyElementVisible(findTestObject("Object Repository/Page_The Story and Evolution of Doodles - G_6e786d/h1_The story behind Doodles")): Object 'Object Repository/Page_The Story and Evolution of Doodles - G_6e786d/h1_The story behind Doodles' is visible

17-06-2024T18:12:48 - [MESSAGE][PASSED] - Object 'Object Repository/Page_The Story and Evolution of Doodles - G_6e786d/h1_The story behind Doodles' is visible

17-06-2024T18:12:48 - [TEST_STEP][PASSED] - verifyElementVisible(findTestObject("Object Repository/Page_The Story and Evolution of Doodles - G_6e786d/p_The first Doodle was a simple out-of-offi_345e61")): Object 'Object Repository/Page_The Story and Evolution of Doodles - G_6e786d/p_The first Doodle was a simple out-of-offi_345e61' is visible

17-06-2024T18:12:48 - [MESSAGE][PASSED] - Object 'Object Repository/Page_The Story and Evolution of Doodles - G_6e786d/p_The first Doodle was a simple out-of-offi_345e61' is visible

17-06-2024T18:12:48 - [TEST_STEP][PASSED] - verifyElementVisible(findTestObject("Object Repository/Page_The Story and Evolution of Doodles - G_6e786d/h2_Weve created more than 5,000 Doodles ove_111429")): Object 'Object Repository/Page_The Story and Evolution of Doodles - G_6e786d/h2_Weve created more than 5,000 Doodles ove_111429' is visible

17-06-2024T18:12:49 - [MESSAGE][PASSED] - Object 'Object Repository/Page_The Story and Evolution of Doodles - G_6e786d/h2_Weve created more than 5,000 Doodles ove_111429' is visible

17-06-2024T18:12:49 - [TEST_STEP][PASSED] - click(findTestObject("Object Repository/Page_The Story and Evolution of Doodles - G_6e786d/p_The first Doodle was a simple out-of-offi_345e61")): Object: 'Object Repository/Page_The Story and Evolution of Doodles - G_6e786d/p_The first Doodle was a simple out-of-offi_345e61' is clicked on

17-06-2024T18:12:49 - [MESSAGE][PASSED] - Object: 'Object Repository/Page_The Story and Evolution of Doodles - G_6e786d/p_The first Doodle was a simple out-of-offi_345e61' is clicked on

17-06-2024T18:12:49 - [TEST_STEP][PASSED] - verifyElementVisible(findTestObject("Object Repository/Page_The Story and Evolution of Doodles - G_6e786d/h1_The story behind Doodles")): Object 'Object Repository/Page_The Story and Evolution of Doodles - G_6e786d/h1_The story behind Doodles' is visible

17-06-2024T18:12:49 - [MESSAGE][PASSED] - Object 'Object Repository/Page_The Story and Evolution of Doodles - G_6e786d/h1_The story behind Doodles' is visible

17-06-2024T18:12:49 - [TEST_STEP][PASSED] - verifyElementVisible(findTestObject("Object Repository/Page_The Story and Evolution of Doodles - G_6e786d/p_The first Doodle was a simple out-of-offi_345e61")): Object 'Object Repository/Page_The Story and Evolution of Doodles - G_6e786d/p_The first Doodle was a simple out-of-offi_345e61' is visible

17-06-2024T18:12:50 - [MESSAGE][PASSED] - Object 'Object Repository/Page_The Story and Evolution of Doodles - G_6e786d/p_The first Doodle was a simple out-of-offi_345e61' is visible

17-06-2024T18:12:50 - [TEST_STEP][PASSED] - verifyElementVisible(findTestObject("Object Repository/Page_The Story and Evolution of Doodles - G_6e786d/h2_Weve created more than 5,000 Doodles ove_111429")): Object 'Object Repository/Page_The Story and Evolution of Doodles - G_6e786d/h2_Weve created more than 5,000 Doodles ove_111429' is visible

17-06-2024T18:12:50 - [MESSAGE][PASSED] - Object 'Object Repository/Page_The Story and Evolution of Doodles - G_6e786d/h2_Weve created more than 5,000 Doodles ove_111429' is visible

17-06-2024T18:12:50 - [TEST_STEP][PASSED] - click(findTestObject("Object Repository/Page_The Story and Evolution of Doodles - G_6e786d/p_The first Doodle was a simple out-of-offi_345e61")): Object: 'Object Repository/Page_The Story and Evolution of Doodles - G_6e786d/p_The first Doodle was a simple out-of-offi_345e61' is clicked on

17-06-2024T18:12:50 - [MESSAGE][PASSED] - Object: 'Object Repository/Page_The Story and Evolution of Doodles - G_6e786d/p_The first Doodle was a simple out-of-offi_345e61' is clicked on

17-06-2024T18:12:50 - [TEST_STEP][PASSED] - verifyElementVisible(findTestObject("Object Repository/Page_The Story and Evolution of Doodles - G_6e786d/h1_The story behind Doodles")): Object 'Object Repository/Page_The Story and Evolution of Doodles - G_6e786d/h1_The story behind Doodles' is visible

17-06-2024T18:12:51 - [MESSAGE][PASSED] - Object 'Object Repository/Page_The Story and Evolution of Doodles - G_6e786d/h1_The story behind Doodles' is visible

17-06-2024T18:12:51 - [TEST_STEP][PASSED] - verifyElementVisible(findTestObject("Object Repository/Page_The Story and Evolution of Doodles - G_6e786d/p_The first Doodle was a simple out-of-offi_345e61")): Object 'Object Repository/Page_The Story and Evolution of Doodles - G_6e786d/p_The first Doodle was a simple out-of-offi_345e61' is visible

17-06-2024T18:12:51 - [MESSAGE][PASSED] - Object 'Object Repository/Page_The Story and Evolution of Doodles - G_6e786d/p_The first Doodle was a simple out-of-offi_345e61' is visible

17-06-2024T18:12:51 - [TEST_STEP][PASSED] - verifyElementVisible(findTestObject("Object Repository/Page_The Story and Evolution of Doodles - G_6e786d/h2_Weve created more than 5,000 Doodles ove_111429")): Object 'Object Repository/Page_The Story and Evolution of Doodles - G_6e786d/h2_Weve created more than 5,000 Doodles ove_111429' is visible

17-06-2024T18:12:51 - [MESSAGE][PASSED] - Object 'Object Repository/Page_The Story and Evolution of Doodles - G_6e786d/h2_Weve created more than 5,000 Doodles ove_111429' is visible

17-06-2024T18:12:51 - [TEST_STEP][PASSED] - click(findTestObject("Object Repository/Page_The Story and Evolution of Doodles - G_6e786d/p_The first Doodle was a simple out-of-offi_345e61")): Object: 'Object Repository/Page_The Story and Evolution of Doodles - G_6e786d/p_The first Doodle was a simple out-of-offi_345e61' is clicked on

17-06-2024T18:12:52 - [MESSAGE][PASSED] - Object: 'Object Repository/Page_The Story and Evolution of Doodles - G_6e786d/p_The first Doodle was a simple out-of-offi_345e61' is clicked on

17-06-2024T18:12:52 - [TEST_STEP][PASSED] - verifyElementVisible(findTestObject("Object Repository/Page_The Story and Evolution of Doodles - G_6e786d/h1_The story behind Doodles")): Object 'Object Repository/Page_The Story and Evolution of Doodles - G_6e786d/h1_The story behind Doodles' is visible

17-06-2024T18:12:52 - [MESSAGE][PASSED] - Object 'Object Repository/Page_The Story and Evolution of Doodles - G_6e786d/h1_The story behind Doodles' is visible

17-06-2024T18:12:52 - [TEST_STEP][PASSED] - verifyElementVisible(findTestObject("Object Repository/Page_The Story and Evolution of Doodles - G_6e786d/p_The first Doodle was a simple out-of-offi_345e61")): Object 'Object Repository/Page_The Story and Evolution of Doodles - G_6e786d/p_The first Doodle was a simple out-of-offi_345e61' is visible

17-06-2024T18:12:52 - [MESSAGE][PASSED] - Object 'Object Repository/Page_The Story and Evolution of Doodles - G_6e786d/p_The first Doodle was a simple out-of-offi_345e61' is visible

17-06-2024T18:12:52 - [TEST_STEP][PASSED] - verifyElementVisible(findTestObject("Object Repository/Page_The Story and Evolution of Doodles - G_6e786d/h2_Weve created more than 5,000 Doodles ove_111429")): Object 'Object Repository/Page_The Story and Evolution of Doodles - G_6e786d/h2_Weve created more than 5,000 Doodles ove_111429' is visible

17-06-2024T18:12:53 - [MESSAGE][PASSED] - Object 'Object Repository/Page_The Story and Evolution of Doodles - G_6e786d/h2_Weve created more than 5,000 Doodles ove_111429' is visible

17-06-2024T18:12:53 - [TEST_STEP][PASSED] - click(findTestObject("Object Repository/Page_The Story and Evolution of Doodles - G_6e786d/p_The first Doodle was a simple out-of-offi_345e61")): Object: 'Object Repository/Page_The Story and Evolution of Doodles - G_6e786d/p_The first Doodle was a simple out-of-offi_345e61' is clicked on

17-06-2024T18:12:53 - [MESSAGE][PASSED] - Object: 'Object Repository/Page_The Story and Evolution of Doodles - G_6e786d/p_The first Doodle was a simple out-of-offi_345e61' is clicked on

17-06-2024T18:12:53 - [TEST_STEP][PASSED] - verifyElementVisible(findTestObject("Object Repository/Page_The Story and Evolution of Doodles - G_6e786d/h1_The story behind Doodles")): Object 'Object Repository/Page_The Story and Evolution of Doodles - G_6e786d/h1_The story behind Doodles' is visible

17-06-2024T18:12:53 - [MESSAGE][PASSED] - Object 'Object Repository/Page_The Story and Evolution of Doodles - G_6e786d/h1_The story behind Doodles' is visible

17-06-2024T18:12:53 - [TEST_STEP][PASSED] - verifyElementVisible(findTestObject("Object Repository/Page_The Story and Evolution of Doodles - G_6e786d/p_The first Doodle was a simple out-of-offi_345e61")): Object 'Object Repository/Page_The Story and Evolution of Doodles - G_6e786d/p_The first Doodle was a simple out-of-offi_345e61' is visible

17-06-2024T18:12:54 - [MESSAGE][PASSED] - Object 'Object Repository/Page_The Story and Evolution of Doodles - G_6e786d/p_The first Doodle was a simple out-of-offi_345e61' is visible

17-06-2024T18:12:54 - [TEST_STEP][PASSED] - verifyElementVisible(findTestObject("Object Repository/Page_The Story and Evolution of Doodles - G_6e786d/h2_Weve created more than 5,000 Doodles ove_111429")): Object 'Object Repository/Page_The Story and Evolution of Doodles - G_6e786d/h2_Weve created more than 5,000 Doodles ove_111429' is visible

17-06-2024T18:12:54 - [MESSAGE][PASSED] - Object 'Object Repository/Page_The Story and Evolution of Doodles - G_6e786d/h2_Weve created more than 5,000 Doodles ove_111429' is visible

17-06-2024T18:12:54 - [TEST_STEP][PASSED] - click(findTestObject("Object Repository/Page_The Story and Evolution of Doodles - G_6e786d/p_The first Doodle was a simple out-of-offi_345e61")): Object: 'Object Repository/Page_The Story and Evolution of Doodles - G_6e786d/p_The first Doodle was a simple out-of-offi_345e61' is clicked on

17-06-2024T18:12:54 - [MESSAGE][PASSED] - Object: 'Object Repository/Page_The Story and Evolution of Doodles - G_6e786d/p_The first Doodle was a simple out-of-offi_345e61' is clicked on

17-06-2024T18:12:54 - [TEST_STEP][PASSED] - verifyElementVisible(findTestObject("Object Repository/Page_The Story and Evolution of Doodles - G_6e786d/h1_The story behind Doodles")): Object 'Object Repository/Page_The Story and Evolution of Doodles - G_6e786d/h1_The story behind Doodles' is visible

17-06-2024T18:12:55 - [MESSAGE][PASSED] - Object 'Object Repository/Page_The Story and Evolution of Doodles - G_6e786d/h1_The story behind Doodles' is visible

17-06-2024T18:12:55 - [TEST_STEP][PASSED] - verifyElementVisible(findTestObject("Object Repository/Page_The Story and Evolution of Doodles - G_6e786d/p_The first Doodle was a simple out-of-offi_345e61")): Object 'Object Repository/Page_The Story and Evolution of Doodles - G_6e786d/p_The first Doodle was a simple out-of-offi_345e61' is visible

17-06-2024T18:12:55 - [MESSAGE][PASSED] - Object 'Object Repository/Page_The Story and Evolution of Doodles - G_6e786d/p_The first Doodle was a simple out-of-offi_345e61' is visible

17-06-2024T18:12:55 - [TEST_STEP][PASSED] - verifyElementVisible(findTestObject("Object Repository/Page_The Story and Evolution of Doodles - G_6e786d/h2_Weve created more than 5,000 Doodles ove_111429")): Object 'Object Repository/Page_The Story and Evolution of Doodles - G_6e786d/h2_Weve created more than 5,000 Doodles ove_111429' is visible

17-06-2024T18:12:55 - [MESSAGE][PASSED] - Object 'Object Repository/Page_The Story and Evolution of Doodles - G_6e786d/h2_Weve created more than 5,000 Doodles ove_111429' is visible

17-06-2024T18:12:55 - [TEST_STEP][PASSED] - click(findTestObject("Object Repository/Page_The Story and Evolution of Doodles - G_6e786d/p_The first Doodle was a simple out-of-offi_345e61")): Object: 'Object Repository/Page_The Story and Evolution of Doodles - G_6e786d/p_The first Doodle was a simple out-of-offi_345e61' is clicked on

17-06-2024T18:12:56 - [MESSAGE][PASSED] - Object: 'Object Repository/Page_The Story and Evolution of Doodles - G_6e786d/p_The first Doodle was a simple out-of-offi_345e61' is clicked on

17-06-2024T18:12:56 - [TEST_STEP][PASSED] - verifyElementVisible(findTestObject("Object Repository/Page_The Story and Evolution of Doodles - G_6e786d/h1_The story behind Doodles")): Object 'Object Repository/Page_The Story and Evolution of Doodles - G_6e786d/h1_The story behind Doodles' is visible

17-06-2024T18:12:56 - [MESSAGE][PASSED] - Object 'Object Repository/Page_The Story and Evolution of Doodles - G_6e786d/h1_The story behind Doodles' is visible

17-06-2024T18:12:56 - [TEST_STEP][PASSED] - verifyElementVisible(findTestObject("Object Repository/Page_The Story and Evolution of Doodles - G_6e786d/p_The first Doodle was a simple out-of-offi_345e61")): Object 'Object Repository/Page_The Story and Evolution of Doodles - G_6e786d/p_The first Doodle was a simple out-of-offi_345e61' is visible

17-06-2024T18:12:56 - [MESSAGE][PASSED] - Object 'Object Repository/Page_The Story and Evolution of Doodles - G_6e786d/p_The first Doodle was a simple out-of-offi_345e61' is visible

17-06-2024T18:12:56 - [TEST_STEP][PASSED] - verifyElementVisible(findTestObject("Object Repository/Page_The Story and Evolution of Doodles - G_6e786d/h2_Weve created more than 5,000 Doodles ove_111429")): Object 'Object Repository/Page_The Story and Evolution of Doodles - G_6e786d/h2_Weve created more than 5,000 Doodles ove_111429' is visible

17-06-2024T18:12:57 - [MESSAGE][PASSED] - Object 'Object Repository/Page_The Story and Evolution of Doodles - G_6e786d/h2_Weve created more than 5,000 Doodles ove_111429' is visible

17-06-2024T18:12:57 - [TEST_STEP][PASSED] - click(findTestObject("Object Repository/Page_The Story and Evolution of Doodles - G_6e786d/p_The first Doodle was a simple out-of-offi_345e61")): Object: 'Object Repository/Page_The Story and Evolution of Doodles - G_6e786d/p_The first Doodle was a simple out-of-offi_345e61' is clicked on

17-06-2024T18:12:57 - [MESSAGE][PASSED] - Object: 'Object Repository/Page_The Story and Evolution of Doodles - G_6e786d/p_The first Doodle was a simple out-of-offi_345e61' is clicked on

17-06-2024T18:12:57 - [TEST_STEP][PASSED] - verifyElementVisible(findTestObject("Object Repository/Page_The Story and Evolution of Doodles - G_6e786d/h1_The story behind Doodles")): Object 'Object Repository/Page_The Story and Evolution of Doodles - G_6e786d/h1_The story behind Doodles' is visible

17-06-2024T18:12:57 - [MESSAGE][PASSED] - Object 'Object Repository/Page_The Story and Evolution of Doodles - G_6e786d/h1_The story behind Doodles' is visible

17-06-2024T18:12:57 - [TEST_STEP][PASSED] - verifyElementVisible(findTestObject("Object Repository/Page_The Story and Evolution of Doodles - G_6e786d/p_The first Doodle was a simple out-of-offi_345e61")): Object 'Object Repository/Page_The Story and Evolution of Doodles - G_6e786d/p_The first Doodle was a simple out-of-offi_345e61' is visible

17-06-2024T18:12:58 - [MESSAGE][PASSED] - Object 'Object Repository/Page_The Story and Evolution of Doodles - G_6e786d/p_The first Doodle was a simple out-of-offi_345e61' is visible

17-06-2024T18:12:58 - [TEST_STEP][PASSED] - verifyElementVisible(findTestObject("Object Repository/Page_The Story and Evolution of Doodles - G_6e786d/h2_Weve created more than 5,000 Doodles ove_111429")): Object 'Object Repository/Page_The Story and Evolution of Doodles - G_6e786d/h2_Weve created more than 5,000 Doodles ove_111429' is visible

17-06-2024T18:12:58 - [MESSAGE][PASSED] - Object 'Object Repository/Page_The Story and Evolution of Doodles - G_6e786d/h2_Weve created more than 5,000 Doodles ove_111429' is visible]]></system-out>
         <system-err><![CDATA[]]></system-err>
      </testcase>
      <testcase name="Test Cases/test case folder 1/tc1 - Copy (6)" time="20.323" classname="Test Cases/test case folder 1/tc1 - Copy (6)" status="PASSED">
         <system-out><![CDATA[17-06-2024T18:12:58 - [TEST_CASE][PASSED] - Test Cases/test case folder 1/tc1 - Copy (6): Test Cases/test case folder 1/tc1 - Copy (6)

17-06-2024T18:12:58 - [TEST_STEP][PASSED] - openBrowser(""): Browser is opened with url: ''

17-06-2024T18:12:58 - [MESSAGE][WARNING] - A browser is already opened. Closing browser and opening a new one

17-06-2024T18:12:59 - [MESSAGE][INFO] - Starting 'Chrome (headless)' driver

17-06-2024T18:12:59 - [MESSAGE][INFO] - Action delay is set to 0 milliseconds

17-06-2024T18:12:59 - [MESSAGE][PASSED] - Browser is opened with url: ''

17-06-2024T18:12:59 - [TEST_STEP][PASSED] - navigateToUrl("https://doodles.google/about/"): Navigate to 'https://doodles.google/about/' successfully

17-06-2024T18:13:02 - [MESSAGE][PASSED] - Navigate to 'https://doodles.google/about/' successfully

17-06-2024T18:13:02 - [TEST_STEP][PASSED] - click(findTestObject("Object Repository/Page_The Story and Evolution of Doodles - G_6e786d/p_The first Doodle was a simple out-of-offi_345e61")): Object: 'Object Repository/Page_The Story and Evolution of Doodles - G_6e786d/p_The first Doodle was a simple out-of-offi_345e61' is clicked on

17-06-2024T18:13:04 - [MESSAGE][PASSED] - Object: 'Object Repository/Page_The Story and Evolution of Doodles - G_6e786d/p_The first Doodle was a simple out-of-offi_345e61' is clicked on

17-06-2024T18:13:04 - [TEST_STEP][PASSED] - click(findTestObject("Object Repository/Page_The Story and Evolution of Doodles - G_6e786d/p_The first Doodle was a simple out-of-offi_345e61")): Object: 'Object Repository/Page_The Story and Evolution of Doodles - G_6e786d/p_The first Doodle was a simple out-of-offi_345e61' is clicked on

17-06-2024T18:13:04 - [MESSAGE][PASSED] - Object: 'Object Repository/Page_The Story and Evolution of Doodles - G_6e786d/p_The first Doodle was a simple out-of-offi_345e61' is clicked on

17-06-2024T18:13:04 - [TEST_STEP][PASSED] - verifyElementVisible(findTestObject("Object Repository/Page_The Story and Evolution of Doodles - G_6e786d/h1_The story behind Doodles")): Object 'Object Repository/Page_The Story and Evolution of Doodles - G_6e786d/h1_The story behind Doodles' is visible

17-06-2024T18:13:04 - [MESSAGE][PASSED] - Object 'Object Repository/Page_The Story and Evolution of Doodles - G_6e786d/h1_The story behind Doodles' is visible

17-06-2024T18:13:04 - [TEST_STEP][PASSED] - verifyElementVisible(findTestObject("Object Repository/Page_The Story and Evolution of Doodles - G_6e786d/p_The first Doodle was a simple out-of-offi_345e61")): Object 'Object Repository/Page_The Story and Evolution of Doodles - G_6e786d/p_The first Doodle was a simple out-of-offi_345e61' is visible

17-06-2024T18:13:05 - [MESSAGE][PASSED] - Object 'Object Repository/Page_The Story and Evolution of Doodles - G_6e786d/p_The first Doodle was a simple out-of-offi_345e61' is visible

17-06-2024T18:13:05 - [TEST_STEP][PASSED] - verifyElementVisible(findTestObject("Object Repository/Page_The Story and Evolution of Doodles - G_6e786d/h2_Weve created more than 5,000 Doodles ove_111429")): Object 'Object Repository/Page_The Story and Evolution of Doodles - G_6e786d/h2_Weve created more than 5,000 Doodles ove_111429' is visible

17-06-2024T18:13:05 - [MESSAGE][PASSED] - Object 'Object Repository/Page_The Story and Evolution of Doodles - G_6e786d/h2_Weve created more than 5,000 Doodles ove_111429' is visible

17-06-2024T18:13:05 - [TEST_STEP][PASSED] - verifyElementVisible(findTestObject("Object Repository/Page_The Story and Evolution of Doodles - G_6e786d/h1_The story behind Doodles")): Object 'Object Repository/Page_The Story and Evolution of Doodles - G_6e786d/h1_The story behind Doodles' is visible

17-06-2024T18:13:05 - [MESSAGE][PASSED] - Object 'Object Repository/Page_The Story and Evolution of Doodles - G_6e786d/h1_The story behind Doodles' is visible

17-06-2024T18:13:05 - [TEST_STEP][PASSED] - verifyElementVisible(findTestObject("Object Repository/Page_The Story and Evolution of Doodles - G_6e786d/p_The first Doodle was a simple out-of-offi_345e61")): Object 'Object Repository/Page_The Story and Evolution of Doodles - G_6e786d/p_The first Doodle was a simple out-of-offi_345e61' is visible

17-06-2024T18:13:06 - [MESSAGE][PASSED] - Object 'Object Repository/Page_The Story and Evolution of Doodles - G_6e786d/p_The first Doodle was a simple out-of-offi_345e61' is visible

17-06-2024T18:13:06 - [TEST_STEP][PASSED] - verifyElementVisible(findTestObject("Object Repository/Page_The Story and Evolution of Doodles - G_6e786d/h2_Weve created more than 5,000 Doodles ove_111429")): Object 'Object Repository/Page_The Story and Evolution of Doodles - G_6e786d/h2_Weve created more than 5,000 Doodles ove_111429' is visible

17-06-2024T18:13:06 - [MESSAGE][PASSED] - Object 'Object Repository/Page_The Story and Evolution of Doodles - G_6e786d/h2_Weve created more than 5,000 Doodles ove_111429' is visible

17-06-2024T18:13:06 - [TEST_STEP][PASSED] - click(findTestObject("Object Repository/Page_The Story and Evolution of Doodles - G_6e786d/p_The first Doodle was a simple out-of-offi_345e61")): Object: 'Object Repository/Page_The Story and Evolution of Doodles - G_6e786d/p_The first Doodle was a simple out-of-offi_345e61' is clicked on

17-06-2024T18:13:06 - [MESSAGE][PASSED] - Object: 'Object Repository/Page_The Story and Evolution of Doodles - G_6e786d/p_The first Doodle was a simple out-of-offi_345e61' is clicked on

17-06-2024T18:13:06 - [TEST_STEP][PASSED] - verifyElementVisible(findTestObject("Object Repository/Page_The Story and Evolution of Doodles - G_6e786d/h1_The story behind Doodles")): Object 'Object Repository/Page_The Story and Evolution of Doodles - G_6e786d/h1_The story behind Doodles' is visible

17-06-2024T18:13:07 - [MESSAGE][PASSED] - Object 'Object Repository/Page_The Story and Evolution of Doodles - G_6e786d/h1_The story behind Doodles' is visible

17-06-2024T18:13:07 - [TEST_STEP][PASSED] - verifyElementVisible(findTestObject("Object Repository/Page_The Story and Evolution of Doodles - G_6e786d/p_The first Doodle was a simple out-of-offi_345e61")): Object 'Object Repository/Page_The Story and Evolution of Doodles - G_6e786d/p_The first Doodle was a simple out-of-offi_345e61' is visible

17-06-2024T18:13:07 - [MESSAGE][PASSED] - Object 'Object Repository/Page_The Story and Evolution of Doodles - G_6e786d/p_The first Doodle was a simple out-of-offi_345e61' is visible

17-06-2024T18:13:07 - [TEST_STEP][PASSED] - verifyElementVisible(findTestObject("Object Repository/Page_The Story and Evolution of Doodles - G_6e786d/h2_Weve created more than 5,000 Doodles ove_111429")): Object 'Object Repository/Page_The Story and Evolution of Doodles - G_6e786d/h2_Weve created more than 5,000 Doodles ove_111429' is visible

17-06-2024T18:13:07 - [MESSAGE][PASSED] - Object 'Object Repository/Page_The Story and Evolution of Doodles - G_6e786d/h2_Weve created more than 5,000 Doodles ove_111429' is visible

17-06-2024T18:13:07 - [TEST_STEP][PASSED] - click(findTestObject("Object Repository/Page_The Story and Evolution of Doodles - G_6e786d/p_The first Doodle was a simple out-of-offi_345e61")): Object: 'Object Repository/Page_The Story and Evolution of Doodles - G_6e786d/p_The first Doodle was a simple out-of-offi_345e61' is clicked on

17-06-2024T18:13:08 - [MESSAGE][PASSED] - Object: 'Object Repository/Page_The Story and Evolution of Doodles - G_6e786d/p_The first Doodle was a simple out-of-offi_345e61' is clicked on

17-06-2024T18:13:08 - [TEST_STEP][PASSED] - verifyElementVisible(findTestObject("Object Repository/Page_The Story and Evolution of Doodles - G_6e786d/h1_The story behind Doodles")): Object 'Object Repository/Page_The Story and Evolution of Doodles - G_6e786d/h1_The story behind Doodles' is visible

17-06-2024T18:13:08 - [MESSAGE][PASSED] - Object 'Object Repository/Page_The Story and Evolution of Doodles - G_6e786d/h1_The story behind Doodles' is visible

17-06-2024T18:13:08 - [TEST_STEP][PASSED] - verifyElementVisible(findTestObject("Object Repository/Page_The Story and Evolution of Doodles - G_6e786d/p_The first Doodle was a simple out-of-offi_345e61")): Object 'Object Repository/Page_The Story and Evolution of Doodles - G_6e786d/p_The first Doodle was a simple out-of-offi_345e61' is visible

17-06-2024T18:13:08 - [MESSAGE][PASSED] - Object 'Object Repository/Page_The Story and Evolution of Doodles - G_6e786d/p_The first Doodle was a simple out-of-offi_345e61' is visible

17-06-2024T18:13:08 - [TEST_STEP][PASSED] - verifyElementVisible(findTestObject("Object Repository/Page_The Story and Evolution of Doodles - G_6e786d/h2_Weve created more than 5,000 Doodles ove_111429")): Object 'Object Repository/Page_The Story and Evolution of Doodles - G_6e786d/h2_Weve created more than 5,000 Doodles ove_111429' is visible

17-06-2024T18:13:09 - [MESSAGE][PASSED] - Object 'Object Repository/Page_The Story and Evolution of Doodles - G_6e786d/h2_Weve created more than 5,000 Doodles ove_111429' is visible

17-06-2024T18:13:09 - [TEST_STEP][PASSED] - click(findTestObject("Object Repository/Page_The Story and Evolution of Doodles - G_6e786d/p_The first Doodle was a simple out-of-offi_345e61")): Object: 'Object Repository/Page_The Story and Evolution of Doodles - G_6e786d/p_The first Doodle was a simple out-of-offi_345e61' is clicked on

17-06-2024T18:13:09 - [MESSAGE][PASSED] - Object: 'Object Repository/Page_The Story and Evolution of Doodles - G_6e786d/p_The first Doodle was a simple out-of-offi_345e61' is clicked on

17-06-2024T18:13:09 - [TEST_STEP][PASSED] - verifyElementVisible(findTestObject("Object Repository/Page_The Story and Evolution of Doodles - G_6e786d/h1_The story behind Doodles")): Object 'Object Repository/Page_The Story and Evolution of Doodles - G_6e786d/h1_The story behind Doodles' is visible

17-06-2024T18:13:09 - [MESSAGE][PASSED] - Object 'Object Repository/Page_The Story and Evolution of Doodles - G_6e786d/h1_The story behind Doodles' is visible

17-06-2024T18:13:09 - [TEST_STEP][PASSED] - verifyElementVisible(findTestObject("Object Repository/Page_The Story and Evolution of Doodles - G_6e786d/p_The first Doodle was a simple out-of-offi_345e61")): Object 'Object Repository/Page_The Story and Evolution of Doodles - G_6e786d/p_The first Doodle was a simple out-of-offi_345e61' is visible

17-06-2024T18:13:10 - [MESSAGE][PASSED] - Object 'Object Repository/Page_The Story and Evolution of Doodles - G_6e786d/p_The first Doodle was a simple out-of-offi_345e61' is visible

17-06-2024T18:13:10 - [TEST_STEP][PASSED] - verifyElementVisible(findTestObject("Object Repository/Page_The Story and Evolution of Doodles - G_6e786d/h2_Weve created more than 5,000 Doodles ove_111429")): Object 'Object Repository/Page_The Story and Evolution of Doodles - G_6e786d/h2_Weve created more than 5,000 Doodles ove_111429' is visible

17-06-2024T18:13:10 - [MESSAGE][PASSED] - Object 'Object Repository/Page_The Story and Evolution of Doodles - G_6e786d/h2_Weve created more than 5,000 Doodles ove_111429' is visible

17-06-2024T18:13:10 - [TEST_STEP][PASSED] - click(findTestObject("Object Repository/Page_The Story and Evolution of Doodles - G_6e786d/p_The first Doodle was a simple out-of-offi_345e61")): Object: 'Object Repository/Page_The Story and Evolution of Doodles - G_6e786d/p_The first Doodle was a simple out-of-offi_345e61' is clicked on

17-06-2024T18:13:10 - [MESSAGE][PASSED] - Object: 'Object Repository/Page_The Story and Evolution of Doodles - G_6e786d/p_The first Doodle was a simple out-of-offi_345e61' is clicked on

17-06-2024T18:13:10 - [TEST_STEP][PASSED] - verifyElementVisible(findTestObject("Object Repository/Page_The Story and Evolution of Doodles - G_6e786d/h1_The story behind Doodles")): Object 'Object Repository/Page_The Story and Evolution of Doodles - G_6e786d/h1_The story behind Doodles' is visible

17-06-2024T18:13:11 - [MESSAGE][PASSED] - Object 'Object Repository/Page_The Story and Evolution of Doodles - G_6e786d/h1_The story behind Doodles' is visible

17-06-2024T18:13:11 - [TEST_STEP][PASSED] - verifyElementVisible(findTestObject("Object Repository/Page_The Story and Evolution of Doodles - G_6e786d/p_The first Doodle was a simple out-of-offi_345e61")): Object 'Object Repository/Page_The Story and Evolution of Doodles - G_6e786d/p_The first Doodle was a simple out-of-offi_345e61' is visible

17-06-2024T18:13:11 - [MESSAGE][PASSED] - Object 'Object Repository/Page_The Story and Evolution of Doodles - G_6e786d/p_The first Doodle was a simple out-of-offi_345e61' is visible

17-06-2024T18:13:11 - [TEST_STEP][PASSED] - verifyElementVisible(findTestObject("Object Repository/Page_The Story and Evolution of Doodles - G_6e786d/h2_Weve created more than 5,000 Doodles ove_111429")): Object 'Object Repository/Page_The Story and Evolution of Doodles - G_6e786d/h2_Weve created more than 5,000 Doodles ove_111429' is visible

17-06-2024T18:13:12 - [MESSAGE][PASSED] - Object 'Object Repository/Page_The Story and Evolution of Doodles - G_6e786d/h2_Weve created more than 5,000 Doodles ove_111429' is visible

17-06-2024T18:13:12 - [TEST_STEP][PASSED] - click(findTestObject("Object Repository/Page_The Story and Evolution of Doodles - G_6e786d/p_The first Doodle was a simple out-of-offi_345e61")): Object: 'Object Repository/Page_The Story and Evolution of Doodles - G_6e786d/p_The first Doodle was a simple out-of-offi_345e61' is clicked on

17-06-2024T18:13:12 - [MESSAGE][PASSED] - Object: 'Object Repository/Page_The Story and Evolution of Doodles - G_6e786d/p_The first Doodle was a simple out-of-offi_345e61' is clicked on

17-06-2024T18:13:12 - [TEST_STEP][PASSED] - verifyElementVisible(findTestObject("Object Repository/Page_The Story and Evolution of Doodles - G_6e786d/h1_The story behind Doodles")): Object 'Object Repository/Page_The Story and Evolution of Doodles - G_6e786d/h1_The story behind Doodles' is visible

17-06-2024T18:13:12 - [MESSAGE][PASSED] - Object 'Object Repository/Page_The Story and Evolution of Doodles - G_6e786d/h1_The story behind Doodles' is visible

17-06-2024T18:13:12 - [TEST_STEP][PASSED] - verifyElementVisible(findTestObject("Object Repository/Page_The Story and Evolution of Doodles - G_6e786d/p_The first Doodle was a simple out-of-offi_345e61")): Object 'Object Repository/Page_The Story and Evolution of Doodles - G_6e786d/p_The first Doodle was a simple out-of-offi_345e61' is visible

17-06-2024T18:13:13 - [MESSAGE][PASSED] - Object 'Object Repository/Page_The Story and Evolution of Doodles - G_6e786d/p_The first Doodle was a simple out-of-offi_345e61' is visible

17-06-2024T18:13:13 - [TEST_STEP][PASSED] - verifyElementVisible(findTestObject("Object Repository/Page_The Story and Evolution of Doodles - G_6e786d/h2_Weve created more than 5,000 Doodles ove_111429")): Object 'Object Repository/Page_The Story and Evolution of Doodles - G_6e786d/h2_Weve created more than 5,000 Doodles ove_111429' is visible

17-06-2024T18:13:13 - [MESSAGE][PASSED] - Object 'Object Repository/Page_The Story and Evolution of Doodles - G_6e786d/h2_Weve created more than 5,000 Doodles ove_111429' is visible

17-06-2024T18:13:13 - [TEST_STEP][PASSED] - click(findTestObject("Object Repository/Page_The Story and Evolution of Doodles - G_6e786d/p_The first Doodle was a simple out-of-offi_345e61")): Object: 'Object Repository/Page_The Story and Evolution of Doodles - G_6e786d/p_The first Doodle was a simple out-of-offi_345e61' is clicked on

17-06-2024T18:13:13 - [MESSAGE][PASSED] - Object: 'Object Repository/Page_The Story and Evolution of Doodles - G_6e786d/p_The first Doodle was a simple out-of-offi_345e61' is clicked on

17-06-2024T18:13:13 - [TEST_STEP][PASSED] - verifyElementVisible(findTestObject("Object Repository/Page_The Story and Evolution of Doodles - G_6e786d/h1_The story behind Doodles")): Object 'Object Repository/Page_The Story and Evolution of Doodles - G_6e786d/h1_The story behind Doodles' is visible

17-06-2024T18:13:14 - [MESSAGE][PASSED] - Object 'Object Repository/Page_The Story and Evolution of Doodles - G_6e786d/h1_The story behind Doodles' is visible

17-06-2024T18:13:14 - [TEST_STEP][PASSED] - verifyElementVisible(findTestObject("Object Repository/Page_The Story and Evolution of Doodles - G_6e786d/p_The first Doodle was a simple out-of-offi_345e61")): Object 'Object Repository/Page_The Story and Evolution of Doodles - G_6e786d/p_The first Doodle was a simple out-of-offi_345e61' is visible

17-06-2024T18:13:14 - [MESSAGE][PASSED] - Object 'Object Repository/Page_The Story and Evolution of Doodles - G_6e786d/p_The first Doodle was a simple out-of-offi_345e61' is visible

17-06-2024T18:13:14 - [TEST_STEP][PASSED] - verifyElementVisible(findTestObject("Object Repository/Page_The Story and Evolution of Doodles - G_6e786d/h2_Weve created more than 5,000 Doodles ove_111429")): Object 'Object Repository/Page_The Story and Evolution of Doodles - G_6e786d/h2_Weve created more than 5,000 Doodles ove_111429' is visible

17-06-2024T18:13:14 - [MESSAGE][PASSED] - Object 'Object Repository/Page_The Story and Evolution of Doodles - G_6e786d/h2_Weve created more than 5,000 Doodles ove_111429' is visible

17-06-2024T18:13:14 - [TEST_STEP][PASSED] - click(findTestObject("Object Repository/Page_The Story and Evolution of Doodles - G_6e786d/p_The first Doodle was a simple out-of-offi_345e61")): Object: 'Object Repository/Page_The Story and Evolution of Doodles - G_6e786d/p_The first Doodle was a simple out-of-offi_345e61' is clicked on

17-06-2024T18:13:15 - [MESSAGE][PASSED] - Object: 'Object Repository/Page_The Story and Evolution of Doodles - G_6e786d/p_The first Doodle was a simple out-of-offi_345e61' is clicked on

17-06-2024T18:13:15 - [TEST_STEP][PASSED] - verifyElementVisible(findTestObject("Object Repository/Page_The Story and Evolution of Doodles - G_6e786d/h1_The story behind Doodles")): Object 'Object Repository/Page_The Story and Evolution of Doodles - G_6e786d/h1_The story behind Doodles' is visible

17-06-2024T18:13:15 - [MESSAGE][PASSED] - Object 'Object Repository/Page_The Story and Evolution of Doodles - G_6e786d/h1_The story behind Doodles' is visible

17-06-2024T18:13:15 - [TEST_STEP][PASSED] - verifyElementVisible(findTestObject("Object Repository/Page_The Story and Evolution of Doodles - G_6e786d/p_The first Doodle was a simple out-of-offi_345e61")): Object 'Object Repository/Page_The Story and Evolution of Doodles - G_6e786d/p_The first Doodle was a simple out-of-offi_345e61' is visible

17-06-2024T18:13:15 - [MESSAGE][PASSED] - Object 'Object Repository/Page_The Story and Evolution of Doodles - G_6e786d/p_The first Doodle was a simple out-of-offi_345e61' is visible

17-06-2024T18:13:15 - [TEST_STEP][PASSED] - verifyElementVisible(findTestObject("Object Repository/Page_The Story and Evolution of Doodles - G_6e786d/h2_Weve created more than 5,000 Doodles ove_111429")): Object 'Object Repository/Page_The Story and Evolution of Doodles - G_6e786d/h2_Weve created more than 5,000 Doodles ove_111429' is visible

17-06-2024T18:13:16 - [MESSAGE][PASSED] - Object 'Object Repository/Page_The Story and Evolution of Doodles - G_6e786d/h2_Weve created more than 5,000 Doodles ove_111429' is visible

17-06-2024T18:13:16 - [TEST_STEP][PASSED] - click(findTestObject("Object Repository/Page_The Story and Evolution of Doodles - G_6e786d/p_The first Doodle was a simple out-of-offi_345e61")): Object: 'Object Repository/Page_The Story and Evolution of Doodles - G_6e786d/p_The first Doodle was a simple out-of-offi_345e61' is clicked on

17-06-2024T18:13:16 - [MESSAGE][PASSED] - Object: 'Object Repository/Page_The Story and Evolution of Doodles - G_6e786d/p_The first Doodle was a simple out-of-offi_345e61' is clicked on

17-06-2024T18:13:16 - [TEST_STEP][PASSED] - verifyElementVisible(findTestObject("Object Repository/Page_The Story and Evolution of Doodles - G_6e786d/h1_The story behind Doodles")): Object 'Object Repository/Page_The Story and Evolution of Doodles - G_6e786d/h1_The story behind Doodles' is visible

17-06-2024T18:13:16 - [MESSAGE][PASSED] - Object 'Object Repository/Page_The Story and Evolution of Doodles - G_6e786d/h1_The story behind Doodles' is visible

17-06-2024T18:13:16 - [TEST_STEP][PASSED] - verifyElementVisible(findTestObject("Object Repository/Page_The Story and Evolution of Doodles - G_6e786d/p_The first Doodle was a simple out-of-offi_345e61")): Object 'Object Repository/Page_The Story and Evolution of Doodles - G_6e786d/p_The first Doodle was a simple out-of-offi_345e61' is visible

17-06-2024T18:13:17 - [MESSAGE][PASSED] - Object 'Object Repository/Page_The Story and Evolution of Doodles - G_6e786d/p_The first Doodle was a simple out-of-offi_345e61' is visible

17-06-2024T18:13:17 - [TEST_STEP][PASSED] - verifyElementVisible(findTestObject("Object Repository/Page_The Story and Evolution of Doodles - G_6e786d/h2_Weve created more than 5,000 Doodles ove_111429")): Object 'Object Repository/Page_The Story and Evolution of Doodles - G_6e786d/h2_Weve created more than 5,000 Doodles ove_111429' is visible

17-06-2024T18:13:17 - [MESSAGE][PASSED] - Object 'Object Repository/Page_The Story and Evolution of Doodles - G_6e786d/h2_Weve created more than 5,000 Doodles ove_111429' is visible

17-06-2024T18:13:17 - [TEST_STEP][PASSED] - click(findTestObject("Object Repository/Page_The Story and Evolution of Doodles - G_6e786d/p_The first Doodle was a simple out-of-offi_345e61")): Object: 'Object Repository/Page_The Story and Evolution of Doodles - G_6e786d/p_The first Doodle was a simple out-of-offi_345e61' is clicked on

17-06-2024T18:13:18 - [MESSAGE][PASSED] - Object: 'Object Repository/Page_The Story and Evolution of Doodles - G_6e786d/p_The first Doodle was a simple out-of-offi_345e61' is clicked on

17-06-2024T18:13:18 - [TEST_STEP][PASSED] - verifyElementVisible(findTestObject("Object Repository/Page_The Story and Evolution of Doodles - G_6e786d/h1_The story behind Doodles")): Object 'Object Repository/Page_The Story and Evolution of Doodles - G_6e786d/h1_The story behind Doodles' is visible

17-06-2024T18:13:18 - [MESSAGE][PASSED] - Object 'Object Repository/Page_The Story and Evolution of Doodles - G_6e786d/h1_The story behind Doodles' is visible

17-06-2024T18:13:18 - [TEST_STEP][PASSED] - verifyElementVisible(findTestObject("Object Repository/Page_The Story and Evolution of Doodles - G_6e786d/p_The first Doodle was a simple out-of-offi_345e61")): Object 'Object Repository/Page_The Story and Evolution of Doodles - G_6e786d/p_The first Doodle was a simple out-of-offi_345e61' is visible

17-06-2024T18:13:18 - [MESSAGE][PASSED] - Object 'Object Repository/Page_The Story and Evolution of Doodles - G_6e786d/p_The first Doodle was a simple out-of-offi_345e61' is visible

17-06-2024T18:13:18 - [TEST_STEP][PASSED] - verifyElementVisible(findTestObject("Object Repository/Page_The Story and Evolution of Doodles - G_6e786d/h2_Weve created more than 5,000 Doodles ove_111429")): Object 'Object Repository/Page_The Story and Evolution of Doodles - G_6e786d/h2_Weve created more than 5,000 Doodles ove_111429' is visible

17-06-2024T18:13:19 - [MESSAGE][PASSED] - Object 'Object Repository/Page_The Story and Evolution of Doodles - G_6e786d/h2_Weve created more than 5,000 Doodles ove_111429' is visible]]></system-out>
         <system-err><![CDATA[]]></system-err>
      </testcase>
      <testcase name="Test Cases/test case folder 1/tc1 - Copy" time="35.711" classname="Test Cases/test case folder 1/tc1 - Copy" status="PASSED">
         <system-out><![CDATA[17-06-2024T18:13:19 - [TEST_CASE][PASSED] - Test Cases/test case folder 1/tc1 - Copy: Test Cases/test case folder 1/tc1 - Copy

17-06-2024T18:13:19 - [TEST_STEP][PASSED] - openBrowser(""): Browser is opened with url: ''

17-06-2024T18:13:19 - [MESSAGE][WARNING] - A browser is already opened. Closing browser and opening a new one

17-06-2024T18:13:19 - [MESSAGE][INFO] - Starting 'Chrome (headless)' driver

17-06-2024T18:13:19 - [MESSAGE][INFO] - Action delay is set to 0 milliseconds

17-06-2024T18:13:20 - [MESSAGE][PASSED] - Browser is opened with url: ''

17-06-2024T18:13:20 - [TEST_STEP][PASSED] - navigateToUrl("https://doodles.google/about/"): Navigate to 'https://doodles.google/about/' successfully

17-06-2024T18:13:39 - [MESSAGE][PASSED] - Navigate to 'https://doodles.google/about/' successfully

17-06-2024T18:13:39 - [TEST_STEP][PASSED] - click(findTestObject("Object Repository/Page_The Story and Evolution of Doodles - G_6e786d/p_The first Doodle was a simple out-of-offi_345e61")): Object: 'Object Repository/Page_The Story and Evolution of Doodles - G_6e786d/p_The first Doodle was a simple out-of-offi_345e61' is clicked on

17-06-2024T18:13:39 - [MESSAGE][PASSED] - Object: 'Object Repository/Page_The Story and Evolution of Doodles - G_6e786d/p_The first Doodle was a simple out-of-offi_345e61' is clicked on

17-06-2024T18:13:39 - [TEST_STEP][PASSED] - click(findTestObject("Object Repository/Page_The Story and Evolution of Doodles - G_6e786d/p_The first Doodle was a simple out-of-offi_345e61")): Object: 'Object Repository/Page_The Story and Evolution of Doodles - G_6e786d/p_The first Doodle was a simple out-of-offi_345e61' is clicked on

17-06-2024T18:13:40 - [MESSAGE][PASSED] - Object: 'Object Repository/Page_The Story and Evolution of Doodles - G_6e786d/p_The first Doodle was a simple out-of-offi_345e61' is clicked on

17-06-2024T18:13:40 - [TEST_STEP][PASSED] - verifyElementVisible(findTestObject("Object Repository/Page_The Story and Evolution of Doodles - G_6e786d/h1_The story behind Doodles")): Object 'Object Repository/Page_The Story and Evolution of Doodles - G_6e786d/h1_The story behind Doodles' is visible

17-06-2024T18:13:40 - [MESSAGE][PASSED] - Object 'Object Repository/Page_The Story and Evolution of Doodles - G_6e786d/h1_The story behind Doodles' is visible

17-06-2024T18:13:40 - [TEST_STEP][PASSED] - verifyElementVisible(findTestObject("Object Repository/Page_The Story and Evolution of Doodles - G_6e786d/p_The first Doodle was a simple out-of-offi_345e61")): Object 'Object Repository/Page_The Story and Evolution of Doodles - G_6e786d/p_The first Doodle was a simple out-of-offi_345e61' is visible

17-06-2024T18:13:40 - [MESSAGE][PASSED] - Object 'Object Repository/Page_The Story and Evolution of Doodles - G_6e786d/p_The first Doodle was a simple out-of-offi_345e61' is visible

17-06-2024T18:13:40 - [TEST_STEP][PASSED] - verifyElementVisible(findTestObject("Object Repository/Page_The Story and Evolution of Doodles - G_6e786d/h2_Weve created more than 5,000 Doodles ove_111429")): Object 'Object Repository/Page_The Story and Evolution of Doodles - G_6e786d/h2_Weve created more than 5,000 Doodles ove_111429' is visible

17-06-2024T18:13:41 - [MESSAGE][PASSED] - Object 'Object Repository/Page_The Story and Evolution of Doodles - G_6e786d/h2_Weve created more than 5,000 Doodles ove_111429' is visible

17-06-2024T18:13:41 - [TEST_STEP][PASSED] - verifyElementVisible(findTestObject("Object Repository/Page_The Story and Evolution of Doodles - G_6e786d/h1_The story behind Doodles")): Object 'Object Repository/Page_The Story and Evolution of Doodles - G_6e786d/h1_The story behind Doodles' is visible

17-06-2024T18:13:41 - [MESSAGE][PASSED] - Object 'Object Repository/Page_The Story and Evolution of Doodles - G_6e786d/h1_The story behind Doodles' is visible

17-06-2024T18:13:41 - [TEST_STEP][PASSED] - verifyElementVisible(findTestObject("Object Repository/Page_The Story and Evolution of Doodles - G_6e786d/p_The first Doodle was a simple out-of-offi_345e61")): Object 'Object Repository/Page_The Story and Evolution of Doodles - G_6e786d/p_The first Doodle was a simple out-of-offi_345e61' is visible

17-06-2024T18:13:41 - [MESSAGE][PASSED] - Object 'Object Repository/Page_The Story and Evolution of Doodles - G_6e786d/p_The first Doodle was a simple out-of-offi_345e61' is visible

17-06-2024T18:13:41 - [TEST_STEP][PASSED] - verifyElementVisible(findTestObject("Object Repository/Page_The Story and Evolution of Doodles - G_6e786d/h2_Weve created more than 5,000 Doodles ove_111429")): Object 'Object Repository/Page_The Story and Evolution of Doodles - G_6e786d/h2_Weve created more than 5,000 Doodles ove_111429' is visible

17-06-2024T18:13:42 - [MESSAGE][PASSED] - Object 'Object Repository/Page_The Story and Evolution of Doodles - G_6e786d/h2_Weve created more than 5,000 Doodles ove_111429' is visible

17-06-2024T18:13:42 - [TEST_STEP][PASSED] - click(findTestObject("Object Repository/Page_The Story and Evolution of Doodles - G_6e786d/p_The first Doodle was a simple out-of-offi_345e61")): Object: 'Object Repository/Page_The Story and Evolution of Doodles - G_6e786d/p_The first Doodle was a simple out-of-offi_345e61' is clicked on

17-06-2024T18:13:42 - [MESSAGE][PASSED] - Object: 'Object Repository/Page_The Story and Evolution of Doodles - G_6e786d/p_The first Doodle was a simple out-of-offi_345e61' is clicked on

17-06-2024T18:13:42 - [TEST_STEP][PASSED] - verifyElementVisible(findTestObject("Object Repository/Page_The Story and Evolution of Doodles - G_6e786d/h1_The story behind Doodles")): Object 'Object Repository/Page_The Story and Evolution of Doodles - G_6e786d/h1_The story behind Doodles' is visible

17-06-2024T18:13:42 - [MESSAGE][PASSED] - Object 'Object Repository/Page_The Story and Evolution of Doodles - G_6e786d/h1_The story behind Doodles' is visible

17-06-2024T18:13:42 - [TEST_STEP][PASSED] - verifyElementVisible(findTestObject("Object Repository/Page_The Story and Evolution of Doodles - G_6e786d/p_The first Doodle was a simple out-of-offi_345e61")): Object 'Object Repository/Page_The Story and Evolution of Doodles - G_6e786d/p_The first Doodle was a simple out-of-offi_345e61' is visible

17-06-2024T18:13:43 - [MESSAGE][PASSED] - Object 'Object Repository/Page_The Story and Evolution of Doodles - G_6e786d/p_The first Doodle was a simple out-of-offi_345e61' is visible

17-06-2024T18:13:43 - [TEST_STEP][PASSED] - verifyElementVisible(findTestObject("Object Repository/Page_The Story and Evolution of Doodles - G_6e786d/h2_Weve created more than 5,000 Doodles ove_111429")): Object 'Object Repository/Page_The Story and Evolution of Doodles - G_6e786d/h2_Weve created more than 5,000 Doodles ove_111429' is visible

17-06-2024T18:13:43 - [MESSAGE][PASSED] - Object 'Object Repository/Page_The Story and Evolution of Doodles - G_6e786d/h2_Weve created more than 5,000 Doodles ove_111429' is visible

17-06-2024T18:13:43 - [TEST_STEP][PASSED] - click(findTestObject("Object Repository/Page_The Story and Evolution of Doodles - G_6e786d/p_The first Doodle was a simple out-of-offi_345e61")): Object: 'Object Repository/Page_The Story and Evolution of Doodles - G_6e786d/p_The first Doodle was a simple out-of-offi_345e61' is clicked on

17-06-2024T18:13:43 - [MESSAGE][PASSED] - Object: 'Object Repository/Page_The Story and Evolution of Doodles - G_6e786d/p_The first Doodle was a simple out-of-offi_345e61' is clicked on

17-06-2024T18:13:43 - [TEST_STEP][PASSED] - verifyElementVisible(findTestObject("Object Repository/Page_The Story and Evolution of Doodles - G_6e786d/h1_The story behind Doodles")): Object 'Object Repository/Page_The Story and Evolution of Doodles - G_6e786d/h1_The story behind Doodles' is visible

17-06-2024T18:13:44 - [MESSAGE][PASSED] - Object 'Object Repository/Page_The Story and Evolution of Doodles - G_6e786d/h1_The story behind Doodles' is visible

17-06-2024T18:13:44 - [TEST_STEP][PASSED] - verifyElementVisible(findTestObject("Object Repository/Page_The Story and Evolution of Doodles - G_6e786d/p_The first Doodle was a simple out-of-offi_345e61")): Object 'Object Repository/Page_The Story and Evolution of Doodles - G_6e786d/p_The first Doodle was a simple out-of-offi_345e61' is visible

17-06-2024T18:13:44 - [MESSAGE][PASSED] - Object 'Object Repository/Page_The Story and Evolution of Doodles - G_6e786d/p_The first Doodle was a simple out-of-offi_345e61' is visible

17-06-2024T18:13:44 - [TEST_STEP][PASSED] - verifyElementVisible(findTestObject("Object Repository/Page_The Story and Evolution of Doodles - G_6e786d/h2_Weve created more than 5,000 Doodles ove_111429")): Object 'Object Repository/Page_The Story and Evolution of Doodles - G_6e786d/h2_Weve created more than 5,000 Doodles ove_111429' is visible

17-06-2024T18:13:44 - [MESSAGE][PASSED] - Object 'Object Repository/Page_The Story and Evolution of Doodles - G_6e786d/h2_Weve created more than 5,000 Doodles ove_111429' is visible

17-06-2024T18:13:44 - [TEST_STEP][PASSED] - click(findTestObject("Object Repository/Page_The Story and Evolution of Doodles - G_6e786d/p_The first Doodle was a simple out-of-offi_345e61")): Object: 'Object Repository/Page_The Story and Evolution of Doodles - G_6e786d/p_The first Doodle was a simple out-of-offi_345e61' is clicked on

17-06-2024T18:13:45 - [MESSAGE][PASSED] - Object: 'Object Repository/Page_The Story and Evolution of Doodles - G_6e786d/p_The first Doodle was a simple out-of-offi_345e61' is clicked on

17-06-2024T18:13:45 - [TEST_STEP][PASSED] - verifyElementVisible(findTestObject("Object Repository/Page_The Story and Evolution of Doodles - G_6e786d/h1_The story behind Doodles")): Object 'Object Repository/Page_The Story and Evolution of Doodles - G_6e786d/h1_The story behind Doodles' is visible

17-06-2024T18:13:45 - [MESSAGE][PASSED] - Object 'Object Repository/Page_The Story and Evolution of Doodles - G_6e786d/h1_The story behind Doodles' is visible

17-06-2024T18:13:45 - [TEST_STEP][PASSED] - verifyElementVisible(findTestObject("Object Repository/Page_The Story and Evolution of Doodles - G_6e786d/p_The first Doodle was a simple out-of-offi_345e61")): Object 'Object Repository/Page_The Story and Evolution of Doodles - G_6e786d/p_The first Doodle was a simple out-of-offi_345e61' is visible

17-06-2024T18:13:46 - [MESSAGE][PASSED] - Object 'Object Repository/Page_The Story and Evolution of Doodles - G_6e786d/p_The first Doodle was a simple out-of-offi_345e61' is visible

17-06-2024T18:13:46 - [TEST_STEP][PASSED] - verifyElementVisible(findTestObject("Object Repository/Page_The Story and Evolution of Doodles - G_6e786d/h2_Weve created more than 5,000 Doodles ove_111429")): Object 'Object Repository/Page_The Story and Evolution of Doodles - G_6e786d/h2_Weve created more than 5,000 Doodles ove_111429' is visible

17-06-2024T18:13:46 - [MESSAGE][PASSED] - Object 'Object Repository/Page_The Story and Evolution of Doodles - G_6e786d/h2_Weve created more than 5,000 Doodles ove_111429' is visible

17-06-2024T18:13:46 - [TEST_STEP][PASSED] - click(findTestObject("Object Repository/Page_The Story and Evolution of Doodles - G_6e786d/p_The first Doodle was a simple out-of-offi_345e61")): Object: 'Object Repository/Page_The Story and Evolution of Doodles - G_6e786d/p_The first Doodle was a simple out-of-offi_345e61' is clicked on

17-06-2024T18:13:46 - [MESSAGE][PASSED] - Object: 'Object Repository/Page_The Story and Evolution of Doodles - G_6e786d/p_The first Doodle was a simple out-of-offi_345e61' is clicked on

17-06-2024T18:13:46 - [TEST_STEP][PASSED] - verifyElementVisible(findTestObject("Object Repository/Page_The Story and Evolution of Doodles - G_6e786d/h1_The story behind Doodles")): Object 'Object Repository/Page_The Story and Evolution of Doodles - G_6e786d/h1_The story behind Doodles' is visible

17-06-2024T18:13:47 - [MESSAGE][PASSED] - Object 'Object Repository/Page_The Story and Evolution of Doodles - G_6e786d/h1_The story behind Doodles' is visible

17-06-2024T18:13:47 - [TEST_STEP][PASSED] - verifyElementVisible(findTestObject("Object Repository/Page_The Story and Evolution of Doodles - G_6e786d/p_The first Doodle was a simple out-of-offi_345e61")): Object 'Object Repository/Page_The Story and Evolution of Doodles - G_6e786d/p_The first Doodle was a simple out-of-offi_345e61' is visible

17-06-2024T18:13:47 - [MESSAGE][PASSED] - Object 'Object Repository/Page_The Story and Evolution of Doodles - G_6e786d/p_The first Doodle was a simple out-of-offi_345e61' is visible

17-06-2024T18:13:47 - [TEST_STEP][PASSED] - verifyElementVisible(findTestObject("Object Repository/Page_The Story and Evolution of Doodles - G_6e786d/h2_Weve created more than 5,000 Doodles ove_111429")): Object 'Object Repository/Page_The Story and Evolution of Doodles - G_6e786d/h2_Weve created more than 5,000 Doodles ove_111429' is visible

17-06-2024T18:13:47 - [MESSAGE][PASSED] - Object 'Object Repository/Page_The Story and Evolution of Doodles - G_6e786d/h2_Weve created more than 5,000 Doodles ove_111429' is visible

17-06-2024T18:13:47 - [TEST_STEP][PASSED] - click(findTestObject("Object Repository/Page_The Story and Evolution of Doodles - G_6e786d/p_The first Doodle was a simple out-of-offi_345e61")): Object: 'Object Repository/Page_The Story and Evolution of Doodles - G_6e786d/p_The first Doodle was a simple out-of-offi_345e61' is clicked on

17-06-2024T18:13:48 - [MESSAGE][PASSED] - Object: 'Object Repository/Page_The Story and Evolution of Doodles - G_6e786d/p_The first Doodle was a simple out-of-offi_345e61' is clicked on

17-06-2024T18:13:48 - [TEST_STEP][PASSED] - verifyElementVisible(findTestObject("Object Repository/Page_The Story and Evolution of Doodles - G_6e786d/h1_The story behind Doodles")): Object 'Object Repository/Page_The Story and Evolution of Doodles - G_6e786d/h1_The story behind Doodles' is visible

17-06-2024T18:13:48 - [MESSAGE][PASSED] - Object 'Object Repository/Page_The Story and Evolution of Doodles - G_6e786d/h1_The story behind Doodles' is visible

17-06-2024T18:13:48 - [TEST_STEP][PASSED] - verifyElementVisible(findTestObject("Object Repository/Page_The Story and Evolution of Doodles - G_6e786d/p_The first Doodle was a simple out-of-offi_345e61")): Object 'Object Repository/Page_The Story and Evolution of Doodles - G_6e786d/p_The first Doodle was a simple out-of-offi_345e61' is visible

17-06-2024T18:13:48 - [MESSAGE][PASSED] - Object 'Object Repository/Page_The Story and Evolution of Doodles - G_6e786d/p_The first Doodle was a simple out-of-offi_345e61' is visible

17-06-2024T18:13:48 - [TEST_STEP][PASSED] - verifyElementVisible(findTestObject("Object Repository/Page_The Story and Evolution of Doodles - G_6e786d/h2_Weve created more than 5,000 Doodles ove_111429")): Object 'Object Repository/Page_The Story and Evolution of Doodles - G_6e786d/h2_Weve created more than 5,000 Doodles ove_111429' is visible

17-06-2024T18:13:49 - [MESSAGE][PASSED] - Object 'Object Repository/Page_The Story and Evolution of Doodles - G_6e786d/h2_Weve created more than 5,000 Doodles ove_111429' is visible

17-06-2024T18:13:49 - [TEST_STEP][PASSED] - click(findTestObject("Object Repository/Page_The Story and Evolution of Doodles - G_6e786d/p_The first Doodle was a simple out-of-offi_345e61")): Object: 'Object Repository/Page_The Story and Evolution of Doodles - G_6e786d/p_The first Doodle was a simple out-of-offi_345e61' is clicked on

17-06-2024T18:13:49 - [MESSAGE][PASSED] - Object: 'Object Repository/Page_The Story and Evolution of Doodles - G_6e786d/p_The first Doodle was a simple out-of-offi_345e61' is clicked on

17-06-2024T18:13:49 - [TEST_STEP][PASSED] - verifyElementVisible(findTestObject("Object Repository/Page_The Story and Evolution of Doodles - G_6e786d/h1_The story behind Doodles")): Object 'Object Repository/Page_The Story and Evolution of Doodles - G_6e786d/h1_The story behind Doodles' is visible

17-06-2024T18:13:49 - [MESSAGE][PASSED] - Object 'Object Repository/Page_The Story and Evolution of Doodles - G_6e786d/h1_The story behind Doodles' is visible

17-06-2024T18:13:49 - [TEST_STEP][PASSED] - verifyElementVisible(findTestObject("Object Repository/Page_The Story and Evolution of Doodles - G_6e786d/p_The first Doodle was a simple out-of-offi_345e61")): Object 'Object Repository/Page_The Story and Evolution of Doodles - G_6e786d/p_The first Doodle was a simple out-of-offi_345e61' is visible

17-06-2024T18:13:50 - [MESSAGE][PASSED] - Object 'Object Repository/Page_The Story and Evolution of Doodles - G_6e786d/p_The first Doodle was a simple out-of-offi_345e61' is visible

17-06-2024T18:13:50 - [TEST_STEP][PASSED] - verifyElementVisible(findTestObject("Object Repository/Page_The Story and Evolution of Doodles - G_6e786d/h2_Weve created more than 5,000 Doodles ove_111429")): Object 'Object Repository/Page_The Story and Evolution of Doodles - G_6e786d/h2_Weve created more than 5,000 Doodles ove_111429' is visible

17-06-2024T18:13:50 - [MESSAGE][PASSED] - Object 'Object Repository/Page_The Story and Evolution of Doodles - G_6e786d/h2_Weve created more than 5,000 Doodles ove_111429' is visible

17-06-2024T18:13:50 - [TEST_STEP][PASSED] - click(findTestObject("Object Repository/Page_The Story and Evolution of Doodles - G_6e786d/p_The first Doodle was a simple out-of-offi_345e61")): Object: 'Object Repository/Page_The Story and Evolution of Doodles - G_6e786d/p_The first Doodle was a simple out-of-offi_345e61' is clicked on

17-06-2024T18:13:50 - [MESSAGE][PASSED] - Object: 'Object Repository/Page_The Story and Evolution of Doodles - G_6e786d/p_The first Doodle was a simple out-of-offi_345e61' is clicked on

17-06-2024T18:13:50 - [TEST_STEP][PASSED] - verifyElementVisible(findTestObject("Object Repository/Page_The Story and Evolution of Doodles - G_6e786d/h1_The story behind Doodles")): Object 'Object Repository/Page_The Story and Evolution of Doodles - G_6e786d/h1_The story behind Doodles' is visible

17-06-2024T18:13:51 - [MESSAGE][PASSED] - Object 'Object Repository/Page_The Story and Evolution of Doodles - G_6e786d/h1_The story behind Doodles' is visible

17-06-2024T18:13:51 - [TEST_STEP][PASSED] - verifyElementVisible(findTestObject("Object Repository/Page_The Story and Evolution of Doodles - G_6e786d/p_The first Doodle was a simple out-of-offi_345e61")): Object 'Object Repository/Page_The Story and Evolution of Doodles - G_6e786d/p_The first Doodle was a simple out-of-offi_345e61' is visible

17-06-2024T18:13:51 - [MESSAGE][PASSED] - Object 'Object Repository/Page_The Story and Evolution of Doodles - G_6e786d/p_The first Doodle was a simple out-of-offi_345e61' is visible

17-06-2024T18:13:51 - [TEST_STEP][PASSED] - verifyElementVisible(findTestObject("Object Repository/Page_The Story and Evolution of Doodles - G_6e786d/h2_Weve created more than 5,000 Doodles ove_111429")): Object 'Object Repository/Page_The Story and Evolution of Doodles - G_6e786d/h2_Weve created more than 5,000 Doodles ove_111429' is visible

17-06-2024T18:13:51 - [MESSAGE][PASSED] - Object 'Object Repository/Page_The Story and Evolution of Doodles - G_6e786d/h2_Weve created more than 5,000 Doodles ove_111429' is visible

17-06-2024T18:13:51 - [TEST_STEP][PASSED] - click(findTestObject("Object Repository/Page_The Story and Evolution of Doodles - G_6e786d/p_The first Doodle was a simple out-of-offi_345e61")): Object: 'Object Repository/Page_The Story and Evolution of Doodles - G_6e786d/p_The first Doodle was a simple out-of-offi_345e61' is clicked on

17-06-2024T18:13:52 - [MESSAGE][PASSED] - Object: 'Object Repository/Page_The Story and Evolution of Doodles - G_6e786d/p_The first Doodle was a simple out-of-offi_345e61' is clicked on

17-06-2024T18:13:52 - [TEST_STEP][PASSED] - verifyElementVisible(findTestObject("Object Repository/Page_The Story and Evolution of Doodles - G_6e786d/h1_The story behind Doodles")): Object 'Object Repository/Page_The Story and Evolution of Doodles - G_6e786d/h1_The story behind Doodles' is visible

17-06-2024T18:13:52 - [MESSAGE][PASSED] - Object 'Object Repository/Page_The Story and Evolution of Doodles - G_6e786d/h1_The story behind Doodles' is visible

17-06-2024T18:13:52 - [TEST_STEP][PASSED] - verifyElementVisible(findTestObject("Object Repository/Page_The Story and Evolution of Doodles - G_6e786d/p_The first Doodle was a simple out-of-offi_345e61")): Object 'Object Repository/Page_The Story and Evolution of Doodles - G_6e786d/p_The first Doodle was a simple out-of-offi_345e61' is visible

17-06-2024T18:13:52 - [MESSAGE][PASSED] - Object 'Object Repository/Page_The Story and Evolution of Doodles - G_6e786d/p_The first Doodle was a simple out-of-offi_345e61' is visible

17-06-2024T18:13:52 - [TEST_STEP][PASSED] - verifyElementVisible(findTestObject("Object Repository/Page_The Story and Evolution of Doodles - G_6e786d/h2_Weve created more than 5,000 Doodles ove_111429")): Object 'Object Repository/Page_The Story and Evolution of Doodles - G_6e786d/h2_Weve created more than 5,000 Doodles ove_111429' is visible

17-06-2024T18:13:53 - [MESSAGE][PASSED] - Object 'Object Repository/Page_The Story and Evolution of Doodles - G_6e786d/h2_Weve created more than 5,000 Doodles ove_111429' is visible

17-06-2024T18:13:53 - [TEST_STEP][PASSED] - click(findTestObject("Object Repository/Page_The Story and Evolution of Doodles - G_6e786d/p_The first Doodle was a simple out-of-offi_345e61")): Object: 'Object Repository/Page_The Story and Evolution of Doodles - G_6e786d/p_The first Doodle was a simple out-of-offi_345e61' is clicked on

17-06-2024T18:13:53 - [MESSAGE][PASSED] - Object: 'Object Repository/Page_The Story and Evolution of Doodles - G_6e786d/p_The first Doodle was a simple out-of-offi_345e61' is clicked on

17-06-2024T18:13:53 - [TEST_STEP][PASSED] - verifyElementVisible(findTestObject("Object Repository/Page_The Story and Evolution of Doodles - G_6e786d/h1_The story behind Doodles")): Object 'Object Repository/Page_The Story and Evolution of Doodles - G_6e786d/h1_The story behind Doodles' is visible

17-06-2024T18:13:54 - [MESSAGE][PASSED] - Object 'Object Repository/Page_The Story and Evolution of Doodles - G_6e786d/h1_The story behind Doodles' is visible

17-06-2024T18:13:54 - [TEST_STEP][PASSED] - verifyElementVisible(findTestObject("Object Repository/Page_The Story and Evolution of Doodles - G_6e786d/p_The first Doodle was a simple out-of-offi_345e61")): Object 'Object Repository/Page_The Story and Evolution of Doodles - G_6e786d/p_The first Doodle was a simple out-of-offi_345e61' is visible

17-06-2024T18:13:54 - [MESSAGE][PASSED] - Object 'Object Repository/Page_The Story and Evolution of Doodles - G_6e786d/p_The first Doodle was a simple out-of-offi_345e61' is visible

17-06-2024T18:13:54 - [TEST_STEP][PASSED] - verifyElementVisible(findTestObject("Object Repository/Page_The Story and Evolution of Doodles - G_6e786d/h2_Weve created more than 5,000 Doodles ove_111429")): Object 'Object Repository/Page_The Story and Evolution of Doodles - G_6e786d/h2_Weve created more than 5,000 Doodles ove_111429' is visible

17-06-2024T18:13:54 - [MESSAGE][PASSED] - Object 'Object Repository/Page_The Story and Evolution of Doodles - G_6e786d/h2_Weve created more than 5,000 Doodles ove_111429' is visible]]></system-out>
         <system-err><![CDATA[]]></system-err>
      </testcase>
      <testcase name="Test Cases/test case folder 1/tc1" time="20.105" classname="Test Cases/test case folder 1/tc1" status="PASSED">
         <system-out><![CDATA[17-06-2024T18:13:54 - [TEST_CASE][PASSED] - Test Cases/test case folder 1/tc1: Test Cases/test case folder 1/tc1

17-06-2024T18:13:54 - [TEST_STEP][PASSED] - openBrowser(""): Browser is opened with url: ''

17-06-2024T18:13:54 - [MESSAGE][WARNING] - A browser is already opened. Closing browser and opening a new one

17-06-2024T18:13:55 - [MESSAGE][INFO] - Starting 'Chrome (headless)' driver

17-06-2024T18:13:55 - [MESSAGE][INFO] - Action delay is set to 0 milliseconds

17-06-2024T18:13:56 - [MESSAGE][PASSED] - Browser is opened with url: ''

17-06-2024T18:13:56 - [TEST_STEP][PASSED] - navigateToUrl("https://doodles.google/about/"): Navigate to 'https://doodles.google/about/' successfully

17-06-2024T18:13:59 - [MESSAGE][PASSED] - Navigate to 'https://doodles.google/about/' successfully

17-06-2024T18:13:59 - [TEST_STEP][PASSED] - click(findTestObject("Object Repository/Page_The Story and Evolution of Doodles - G_6e786d/p_The first Doodle was a simple out-of-offi_345e61")): Object: 'Object Repository/Page_The Story and Evolution of Doodles - G_6e786d/p_The first Doodle was a simple out-of-offi_345e61' is clicked on

17-06-2024T18:13:59 - [MESSAGE][PASSED] - Object: 'Object Repository/Page_The Story and Evolution of Doodles - G_6e786d/p_The first Doodle was a simple out-of-offi_345e61' is clicked on

17-06-2024T18:13:59 - [TEST_STEP][PASSED] - click(findTestObject("Object Repository/Page_The Story and Evolution of Doodles - G_6e786d/p_The first Doodle was a simple out-of-offi_345e61")): Object: 'Object Repository/Page_The Story and Evolution of Doodles - G_6e786d/p_The first Doodle was a simple out-of-offi_345e61' is clicked on

17-06-2024T18:13:59 - [MESSAGE][PASSED] - Object: 'Object Repository/Page_The Story and Evolution of Doodles - G_6e786d/p_The first Doodle was a simple out-of-offi_345e61' is clicked on

17-06-2024T18:13:59 - [TEST_STEP][PASSED] - verifyElementVisible(findTestObject("Object Repository/Page_The Story and Evolution of Doodles - G_6e786d/h1_The story behind Doodles")): Object 'Object Repository/Page_The Story and Evolution of Doodles - G_6e786d/h1_The story behind Doodles' is visible

17-06-2024T18:14:00 - [MESSAGE][PASSED] - Object 'Object Repository/Page_The Story and Evolution of Doodles - G_6e786d/h1_The story behind Doodles' is visible

17-06-2024T18:14:00 - [TEST_STEP][PASSED] - verifyElementVisible(findTestObject("Object Repository/Page_The Story and Evolution of Doodles - G_6e786d/p_The first Doodle was a simple out-of-offi_345e61")): Object 'Object Repository/Page_The Story and Evolution of Doodles - G_6e786d/p_The first Doodle was a simple out-of-offi_345e61' is visible

17-06-2024T18:14:00 - [MESSAGE][PASSED] - Object 'Object Repository/Page_The Story and Evolution of Doodles - G_6e786d/p_The first Doodle was a simple out-of-offi_345e61' is visible

17-06-2024T18:14:00 - [TEST_STEP][PASSED] - verifyElementVisible(findTestObject("Object Repository/Page_The Story and Evolution of Doodles - G_6e786d/h2_Weve created more than 5,000 Doodles ove_111429")): Object 'Object Repository/Page_The Story and Evolution of Doodles - G_6e786d/h2_Weve created more than 5,000 Doodles ove_111429' is visible

17-06-2024T18:14:01 - [MESSAGE][PASSED] - Object 'Object Repository/Page_The Story and Evolution of Doodles - G_6e786d/h2_Weve created more than 5,000 Doodles ove_111429' is visible

17-06-2024T18:14:01 - [TEST_STEP][PASSED] - verifyElementVisible(findTestObject("Object Repository/Page_The Story and Evolution of Doodles - G_6e786d/h1_The story behind Doodles")): Object 'Object Repository/Page_The Story and Evolution of Doodles - G_6e786d/h1_The story behind Doodles' is visible

17-06-2024T18:14:01 - [MESSAGE][PASSED] - Object 'Object Repository/Page_The Story and Evolution of Doodles - G_6e786d/h1_The story behind Doodles' is visible

17-06-2024T18:14:01 - [TEST_STEP][PASSED] - verifyElementVisible(findTestObject("Object Repository/Page_The Story and Evolution of Doodles - G_6e786d/p_The first Doodle was a simple out-of-offi_345e61")): Object 'Object Repository/Page_The Story and Evolution of Doodles - G_6e786d/p_The first Doodle was a simple out-of-offi_345e61' is visible

17-06-2024T18:14:01 - [MESSAGE][PASSED] - Object 'Object Repository/Page_The Story and Evolution of Doodles - G_6e786d/p_The first Doodle was a simple out-of-offi_345e61' is visible

17-06-2024T18:14:01 - [TEST_STEP][PASSED] - verifyElementVisible(findTestObject("Object Repository/Page_The Story and Evolution of Doodles - G_6e786d/h2_Weve created more than 5,000 Doodles ove_111429")): Object 'Object Repository/Page_The Story and Evolution of Doodles - G_6e786d/h2_Weve created more than 5,000 Doodles ove_111429' is visible

17-06-2024T18:14:01 - [MESSAGE][PASSED] - Object 'Object Repository/Page_The Story and Evolution of Doodles - G_6e786d/h2_Weve created more than 5,000 Doodles ove_111429' is visible

17-06-2024T18:14:01 - [TEST_STEP][PASSED] - click(findTestObject("Object Repository/Page_The Story and Evolution of Doodles - G_6e786d/p_The first Doodle was a simple out-of-offi_345e61")): Object: 'Object Repository/Page_The Story and Evolution of Doodles - G_6e786d/p_The first Doodle was a simple out-of-offi_345e61' is clicked on

17-06-2024T18:14:02 - [MESSAGE][PASSED] - Object: 'Object Repository/Page_The Story and Evolution of Doodles - G_6e786d/p_The first Doodle was a simple out-of-offi_345e61' is clicked on

17-06-2024T18:14:02 - [TEST_STEP][PASSED] - verifyElementVisible(findTestObject("Object Repository/Page_The Story and Evolution of Doodles - G_6e786d/h1_The story behind Doodles")): Object 'Object Repository/Page_The Story and Evolution of Doodles - G_6e786d/h1_The story behind Doodles' is visible

17-06-2024T18:14:02 - [MESSAGE][PASSED] - Object 'Object Repository/Page_The Story and Evolution of Doodles - G_6e786d/h1_The story behind Doodles' is visible

17-06-2024T18:14:02 - [TEST_STEP][PASSED] - verifyElementVisible(findTestObject("Object Repository/Page_The Story and Evolution of Doodles - G_6e786d/p_The first Doodle was a simple out-of-offi_345e61")): Object 'Object Repository/Page_The Story and Evolution of Doodles - G_6e786d/p_The first Doodle was a simple out-of-offi_345e61' is visible

17-06-2024T18:14:02 - [MESSAGE][PASSED] - Object 'Object Repository/Page_The Story and Evolution of Doodles - G_6e786d/p_The first Doodle was a simple out-of-offi_345e61' is visible

17-06-2024T18:14:02 - [TEST_STEP][PASSED] - verifyElementVisible(findTestObject("Object Repository/Page_The Story and Evolution of Doodles - G_6e786d/h2_Weve created more than 5,000 Doodles ove_111429")): Object 'Object Repository/Page_The Story and Evolution of Doodles - G_6e786d/h2_Weve created more than 5,000 Doodles ove_111429' is visible

17-06-2024T18:14:03 - [MESSAGE][PASSED] - Object 'Object Repository/Page_The Story and Evolution of Doodles - G_6e786d/h2_Weve created more than 5,000 Doodles ove_111429' is visible

17-06-2024T18:14:03 - [TEST_STEP][PASSED] - click(findTestObject("Object Repository/Page_The Story and Evolution of Doodles - G_6e786d/p_The first Doodle was a simple out-of-offi_345e61")): Object: 'Object Repository/Page_The Story and Evolution of Doodles - G_6e786d/p_The first Doodle was a simple out-of-offi_345e61' is clicked on

17-06-2024T18:14:03 - [MESSAGE][PASSED] - Object: 'Object Repository/Page_The Story and Evolution of Doodles - G_6e786d/p_The first Doodle was a simple out-of-offi_345e61' is clicked on

17-06-2024T18:14:03 - [TEST_STEP][PASSED] - verifyElementVisible(findTestObject("Object Repository/Page_The Story and Evolution of Doodles - G_6e786d/h1_The story behind Doodles")): Object 'Object Repository/Page_The Story and Evolution of Doodles - G_6e786d/h1_The story behind Doodles' is visible

17-06-2024T18:14:04 - [MESSAGE][PASSED] - Object 'Object Repository/Page_The Story and Evolution of Doodles - G_6e786d/h1_The story behind Doodles' is visible

17-06-2024T18:14:04 - [TEST_STEP][PASSED] - verifyElementVisible(findTestObject("Object Repository/Page_The Story and Evolution of Doodles - G_6e786d/p_The first Doodle was a simple out-of-offi_345e61")): Object 'Object Repository/Page_The Story and Evolution of Doodles - G_6e786d/p_The first Doodle was a simple out-of-offi_345e61' is visible

17-06-2024T18:14:04 - [MESSAGE][PASSED] - Object 'Object Repository/Page_The Story and Evolution of Doodles - G_6e786d/p_The first Doodle was a simple out-of-offi_345e61' is visible

17-06-2024T18:14:04 - [TEST_STEP][PASSED] - verifyElementVisible(findTestObject("Object Repository/Page_The Story and Evolution of Doodles - G_6e786d/h2_Weve created more than 5,000 Doodles ove_111429")): Object 'Object Repository/Page_The Story and Evolution of Doodles - G_6e786d/h2_Weve created more than 5,000 Doodles ove_111429' is visible

17-06-2024T18:14:04 - [MESSAGE][PASSED] - Object 'Object Repository/Page_The Story and Evolution of Doodles - G_6e786d/h2_Weve created more than 5,000 Doodles ove_111429' is visible

17-06-2024T18:14:04 - [TEST_STEP][PASSED] - click(findTestObject("Object Repository/Page_The Story and Evolution of Doodles - G_6e786d/p_The first Doodle was a simple out-of-offi_345e61")): Object: 'Object Repository/Page_The Story and Evolution of Doodles - G_6e786d/p_The first Doodle was a simple out-of-offi_345e61' is clicked on

17-06-2024T18:14:05 - [MESSAGE][PASSED] - Object: 'Object Repository/Page_The Story and Evolution of Doodles - G_6e786d/p_The first Doodle was a simple out-of-offi_345e61' is clicked on

17-06-2024T18:14:05 - [TEST_STEP][PASSED] - verifyElementVisible(findTestObject("Object Repository/Page_The Story and Evolution of Doodles - G_6e786d/h1_The story behind Doodles")): Object 'Object Repository/Page_The Story and Evolution of Doodles - G_6e786d/h1_The story behind Doodles' is visible

17-06-2024T18:14:05 - [MESSAGE][PASSED] - Object 'Object Repository/Page_The Story and Evolution of Doodles - G_6e786d/h1_The story behind Doodles' is visible

17-06-2024T18:14:05 - [TEST_STEP][PASSED] - verifyElementVisible(findTestObject("Object Repository/Page_The Story and Evolution of Doodles - G_6e786d/p_The first Doodle was a simple out-of-offi_345e61")): Object 'Object Repository/Page_The Story and Evolution of Doodles - G_6e786d/p_The first Doodle was a simple out-of-offi_345e61' is visible

17-06-2024T18:14:05 - [MESSAGE][PASSED] - Object 'Object Repository/Page_The Story and Evolution of Doodles - G_6e786d/p_The first Doodle was a simple out-of-offi_345e61' is visible

17-06-2024T18:14:05 - [TEST_STEP][PASSED] - verifyElementVisible(findTestObject("Object Repository/Page_The Story and Evolution of Doodles - G_6e786d/h2_Weve created more than 5,000 Doodles ove_111429")): Object 'Object Repository/Page_The Story and Evolution of Doodles - G_6e786d/h2_Weve created more than 5,000 Doodles ove_111429' is visible

17-06-2024T18:14:06 - [MESSAGE][PASSED] - Object 'Object Repository/Page_The Story and Evolution of Doodles - G_6e786d/h2_Weve created more than 5,000 Doodles ove_111429' is visible

17-06-2024T18:14:06 - [TEST_STEP][PASSED] - click(findTestObject("Object Repository/Page_The Story and Evolution of Doodles - G_6e786d/p_The first Doodle was a simple out-of-offi_345e61")): Object: 'Object Repository/Page_The Story and Evolution of Doodles - G_6e786d/p_The first Doodle was a simple out-of-offi_345e61' is clicked on

17-06-2024T18:14:06 - [MESSAGE][PASSED] - Object: 'Object Repository/Page_The Story and Evolution of Doodles - G_6e786d/p_The first Doodle was a simple out-of-offi_345e61' is clicked on

17-06-2024T18:14:06 - [TEST_STEP][PASSED] - verifyElementVisible(findTestObject("Object Repository/Page_The Story and Evolution of Doodles - G_6e786d/h1_The story behind Doodles")): Object 'Object Repository/Page_The Story and Evolution of Doodles - G_6e786d/h1_The story behind Doodles' is visible

17-06-2024T18:14:06 - [MESSAGE][PASSED] - Object 'Object Repository/Page_The Story and Evolution of Doodles - G_6e786d/h1_The story behind Doodles' is visible

17-06-2024T18:14:06 - [TEST_STEP][PASSED] - verifyElementVisible(findTestObject("Object Repository/Page_The Story and Evolution of Doodles - G_6e786d/p_The first Doodle was a simple out-of-offi_345e61")): Object 'Object Repository/Page_The Story and Evolution of Doodles - G_6e786d/p_The first Doodle was a simple out-of-offi_345e61' is visible

17-06-2024T18:14:07 - [MESSAGE][PASSED] - Object 'Object Repository/Page_The Story and Evolution of Doodles - G_6e786d/p_The first Doodle was a simple out-of-offi_345e61' is visible

17-06-2024T18:14:07 - [TEST_STEP][PASSED] - verifyElementVisible(findTestObject("Object Repository/Page_The Story and Evolution of Doodles - G_6e786d/h2_Weve created more than 5,000 Doodles ove_111429")): Object 'Object Repository/Page_The Story and Evolution of Doodles - G_6e786d/h2_Weve created more than 5,000 Doodles ove_111429' is visible

17-06-2024T18:14:07 - [MESSAGE][PASSED] - Object 'Object Repository/Page_The Story and Evolution of Doodles - G_6e786d/h2_Weve created more than 5,000 Doodles ove_111429' is visible

17-06-2024T18:14:07 - [TEST_STEP][PASSED] - click(findTestObject("Object Repository/Page_The Story and Evolution of Doodles - G_6e786d/p_The first Doodle was a simple out-of-offi_345e61")): Object: 'Object Repository/Page_The Story and Evolution of Doodles - G_6e786d/p_The first Doodle was a simple out-of-offi_345e61' is clicked on

17-06-2024T18:14:07 - [MESSAGE][PASSED] - Object: 'Object Repository/Page_The Story and Evolution of Doodles - G_6e786d/p_The first Doodle was a simple out-of-offi_345e61' is clicked on

17-06-2024T18:14:07 - [TEST_STEP][PASSED] - verifyElementVisible(findTestObject("Object Repository/Page_The Story and Evolution of Doodles - G_6e786d/h1_The story behind Doodles")): Object 'Object Repository/Page_The Story and Evolution of Doodles - G_6e786d/h1_The story behind Doodles' is visible

17-06-2024T18:14:08 - [MESSAGE][PASSED] - Object 'Object Repository/Page_The Story and Evolution of Doodles - G_6e786d/h1_The story behind Doodles' is visible

17-06-2024T18:14:08 - [TEST_STEP][PASSED] - verifyElementVisible(findTestObject("Object Repository/Page_The Story and Evolution of Doodles - G_6e786d/p_The first Doodle was a simple out-of-offi_345e61")): Object 'Object Repository/Page_The Story and Evolution of Doodles - G_6e786d/p_The first Doodle was a simple out-of-offi_345e61' is visible

17-06-2024T18:14:08 - [MESSAGE][PASSED] - Object 'Object Repository/Page_The Story and Evolution of Doodles - G_6e786d/p_The first Doodle was a simple out-of-offi_345e61' is visible

17-06-2024T18:14:08 - [TEST_STEP][PASSED] - verifyElementVisible(findTestObject("Object Repository/Page_The Story and Evolution of Doodles - G_6e786d/h2_Weve created more than 5,000 Doodles ove_111429")): Object 'Object Repository/Page_The Story and Evolution of Doodles - G_6e786d/h2_Weve created more than 5,000 Doodles ove_111429' is visible

17-06-2024T18:14:09 - [MESSAGE][PASSED] - Object 'Object Repository/Page_The Story and Evolution of Doodles - G_6e786d/h2_Weve created more than 5,000 Doodles ove_111429' is visible

17-06-2024T18:14:09 - [TEST_STEP][PASSED] - click(findTestObject("Object Repository/Page_The Story and Evolution of Doodles - G_6e786d/p_The first Doodle was a simple out-of-offi_345e61")): Object: 'Object Repository/Page_The Story and Evolution of Doodles - G_6e786d/p_The first Doodle was a simple out-of-offi_345e61' is clicked on

17-06-2024T18:14:09 - [MESSAGE][PASSED] - Object: 'Object Repository/Page_The Story and Evolution of Doodles - G_6e786d/p_The first Doodle was a simple out-of-offi_345e61' is clicked on

17-06-2024T18:14:09 - [TEST_STEP][PASSED] - verifyElementVisible(findTestObject("Object Repository/Page_The Story and Evolution of Doodles - G_6e786d/h1_The story behind Doodles")): Object 'Object Repository/Page_The Story and Evolution of Doodles - G_6e786d/h1_The story behind Doodles' is visible

17-06-2024T18:14:09 - [MESSAGE][PASSED] - Object 'Object Repository/Page_The Story and Evolution of Doodles - G_6e786d/h1_The story behind Doodles' is visible

17-06-2024T18:14:09 - [TEST_STEP][PASSED] - verifyElementVisible(findTestObject("Object Repository/Page_The Story and Evolution of Doodles - G_6e786d/p_The first Doodle was a simple out-of-offi_345e61")): Object 'Object Repository/Page_The Story and Evolution of Doodles - G_6e786d/p_The first Doodle was a simple out-of-offi_345e61' is visible

17-06-2024T18:14:10 - [MESSAGE][PASSED] - Object 'Object Repository/Page_The Story and Evolution of Doodles - G_6e786d/p_The first Doodle was a simple out-of-offi_345e61' is visible

17-06-2024T18:14:10 - [TEST_STEP][PASSED] - verifyElementVisible(findTestObject("Object Repository/Page_The Story and Evolution of Doodles - G_6e786d/h2_Weve created more than 5,000 Doodles ove_111429")): Object 'Object Repository/Page_The Story and Evolution of Doodles - G_6e786d/h2_Weve created more than 5,000 Doodles ove_111429' is visible

17-06-2024T18:14:10 - [MESSAGE][PASSED] - Object 'Object Repository/Page_The Story and Evolution of Doodles - G_6e786d/h2_Weve created more than 5,000 Doodles ove_111429' is visible

17-06-2024T18:14:10 - [TEST_STEP][PASSED] - click(findTestObject("Object Repository/Page_The Story and Evolution of Doodles - G_6e786d/p_The first Doodle was a simple out-of-offi_345e61")): Object: 'Object Repository/Page_The Story and Evolution of Doodles - G_6e786d/p_The first Doodle was a simple out-of-offi_345e61' is clicked on

17-06-2024T18:14:11 - [MESSAGE][PASSED] - Object: 'Object Repository/Page_The Story and Evolution of Doodles - G_6e786d/p_The first Doodle was a simple out-of-offi_345e61' is clicked on

17-06-2024T18:14:11 - [TEST_STEP][PASSED] - verifyElementVisible(findTestObject("Object Repository/Page_The Story and Evolution of Doodles - G_6e786d/h1_The story behind Doodles")): Object 'Object Repository/Page_The Story and Evolution of Doodles - G_6e786d/h1_The story behind Doodles' is visible

17-06-2024T18:14:11 - [MESSAGE][PASSED] - Object 'Object Repository/Page_The Story and Evolution of Doodles - G_6e786d/h1_The story behind Doodles' is visible

17-06-2024T18:14:11 - [TEST_STEP][PASSED] - verifyElementVisible(findTestObject("Object Repository/Page_The Story and Evolution of Doodles - G_6e786d/p_The first Doodle was a simple out-of-offi_345e61")): Object 'Object Repository/Page_The Story and Evolution of Doodles - G_6e786d/p_The first Doodle was a simple out-of-offi_345e61' is visible

17-06-2024T18:14:11 - [MESSAGE][PASSED] - Object 'Object Repository/Page_The Story and Evolution of Doodles - G_6e786d/p_The first Doodle was a simple out-of-offi_345e61' is visible

17-06-2024T18:14:11 - [TEST_STEP][PASSED] - verifyElementVisible(findTestObject("Object Repository/Page_The Story and Evolution of Doodles - G_6e786d/h2_Weve created more than 5,000 Doodles ove_111429")): Object 'Object Repository/Page_The Story and Evolution of Doodles - G_6e786d/h2_Weve created more than 5,000 Doodles ove_111429' is visible

17-06-2024T18:14:12 - [MESSAGE][PASSED] - Object 'Object Repository/Page_The Story and Evolution of Doodles - G_6e786d/h2_Weve created more than 5,000 Doodles ove_111429' is visible

17-06-2024T18:14:12 - [TEST_STEP][PASSED] - click(findTestObject("Object Repository/Page_The Story and Evolution of Doodles - G_6e786d/p_The first Doodle was a simple out-of-offi_345e61")): Object: 'Object Repository/Page_The Story and Evolution of Doodles - G_6e786d/p_The first Doodle was a simple out-of-offi_345e61' is clicked on

17-06-2024T18:14:12 - [MESSAGE][PASSED] - Object: 'Object Repository/Page_The Story and Evolution of Doodles - G_6e786d/p_The first Doodle was a simple out-of-offi_345e61' is clicked on

17-06-2024T18:14:12 - [TEST_STEP][PASSED] - verifyElementVisible(findTestObject("Object Repository/Page_The Story and Evolution of Doodles - G_6e786d/h1_The story behind Doodles")): Object 'Object Repository/Page_The Story and Evolution of Doodles - G_6e786d/h1_The story behind Doodles' is visible

17-06-2024T18:14:12 - [MESSAGE][PASSED] - Object 'Object Repository/Page_The Story and Evolution of Doodles - G_6e786d/h1_The story behind Doodles' is visible

17-06-2024T18:14:12 - [TEST_STEP][PASSED] - verifyElementVisible(findTestObject("Object Repository/Page_The Story and Evolution of Doodles - G_6e786d/p_The first Doodle was a simple out-of-offi_345e61")): Object 'Object Repository/Page_The Story and Evolution of Doodles - G_6e786d/p_The first Doodle was a simple out-of-offi_345e61' is visible

17-06-2024T18:14:13 - [MESSAGE][PASSED] - Object 'Object Repository/Page_The Story and Evolution of Doodles - G_6e786d/p_The first Doodle was a simple out-of-offi_345e61' is visible

17-06-2024T18:14:13 - [TEST_STEP][PASSED] - verifyElementVisible(findTestObject("Object Repository/Page_The Story and Evolution of Doodles - G_6e786d/h2_Weve created more than 5,000 Doodles ove_111429")): Object 'Object Repository/Page_The Story and Evolution of Doodles - G_6e786d/h2_Weve created more than 5,000 Doodles ove_111429' is visible

17-06-2024T18:14:13 - [MESSAGE][PASSED] - Object 'Object Repository/Page_The Story and Evolution of Doodles - G_6e786d/h2_Weve created more than 5,000 Doodles ove_111429' is visible

17-06-2024T18:14:13 - [TEST_STEP][PASSED] - click(findTestObject("Object Repository/Page_The Story and Evolution of Doodles - G_6e786d/p_The first Doodle was a simple out-of-offi_345e61")): Object: 'Object Repository/Page_The Story and Evolution of Doodles - G_6e786d/p_The first Doodle was a simple out-of-offi_345e61' is clicked on

17-06-2024T18:14:13 - [MESSAGE][PASSED] - Object: 'Object Repository/Page_The Story and Evolution of Doodles - G_6e786d/p_The first Doodle was a simple out-of-offi_345e61' is clicked on

17-06-2024T18:14:13 - [TEST_STEP][PASSED] - verifyElementVisible(findTestObject("Object Repository/Page_The Story and Evolution of Doodles - G_6e786d/h1_The story behind Doodles")): Object 'Object Repository/Page_The Story and Evolution of Doodles - G_6e786d/h1_The story behind Doodles' is visible

17-06-2024T18:14:14 - [MESSAGE][PASSED] - Object 'Object Repository/Page_The Story and Evolution of Doodles - G_6e786d/h1_The story behind Doodles' is visible

17-06-2024T18:14:14 - [TEST_STEP][PASSED] - verifyElementVisible(findTestObject("Object Repository/Page_The Story and Evolution of Doodles - G_6e786d/p_The first Doodle was a simple out-of-offi_345e61")): Object 'Object Repository/Page_The Story and Evolution of Doodles - G_6e786d/p_The first Doodle was a simple out-of-offi_345e61' is visible

17-06-2024T18:14:14 - [MESSAGE][PASSED] - Object 'Object Repository/Page_The Story and Evolution of Doodles - G_6e786d/p_The first Doodle was a simple out-of-offi_345e61' is visible

17-06-2024T18:14:14 - [TEST_STEP][PASSED] - verifyElementVisible(findTestObject("Object Repository/Page_The Story and Evolution of Doodles - G_6e786d/h2_Weve created more than 5,000 Doodles ove_111429")): Object 'Object Repository/Page_The Story and Evolution of Doodles - G_6e786d/h2_Weve created more than 5,000 Doodles ove_111429' is visible

17-06-2024T18:14:14 - [MESSAGE][PASSED] - Object 'Object Repository/Page_The Story and Evolution of Doodles - G_6e786d/h2_Weve created more than 5,000 Doodles ove_111429' is visible]]></system-out>
         <system-err><![CDATA[]]></system-err>
      </testcase>
      <testcase name="Test Cases/test case folder 1/tc1 - Copy (1) - Copy (1)" time="19.397" classname="Test Cases/test case folder 1/tc1 - Copy (1) - Copy (1)" status="PASSED">
         <system-out><![CDATA[17-06-2024T18:14:14 - [TEST_CASE][PASSED] - Test Cases/test case folder 1/tc1 - Copy (1) - Copy (1): Test Cases/test case folder 1/tc1 - Copy (1) - Copy (1)

17-06-2024T18:14:14 - [TEST_STEP][PASSED] - openBrowser(""): Browser is opened with url: ''

17-06-2024T18:14:14 - [MESSAGE][WARNING] - A browser is already opened. Closing browser and opening a new one

17-06-2024T18:14:15 - [MESSAGE][INFO] - Starting 'Chrome (headless)' driver

17-06-2024T18:14:15 - [MESSAGE][INFO] - Action delay is set to 0 milliseconds

17-06-2024T18:14:16 - [MESSAGE][PASSED] - Browser is opened with url: ''

17-06-2024T18:14:16 - [TEST_STEP][PASSED] - navigateToUrl("https://doodles.google/about/"): Navigate to 'https://doodles.google/about/' successfully

17-06-2024T18:14:18 - [MESSAGE][PASSED] - Navigate to 'https://doodles.google/about/' successfully

17-06-2024T18:14:18 - [TEST_STEP][PASSED] - click(findTestObject("Object Repository/Page_The Story and Evolution of Doodles - G_6e786d/p_The first Doodle was a simple out-of-offi_345e61")): Object: 'Object Repository/Page_The Story and Evolution of Doodles - G_6e786d/p_The first Doodle was a simple out-of-offi_345e61' is clicked on

17-06-2024T18:14:19 - [MESSAGE][PASSED] - Object: 'Object Repository/Page_The Story and Evolution of Doodles - G_6e786d/p_The first Doodle was a simple out-of-offi_345e61' is clicked on

17-06-2024T18:14:19 - [TEST_STEP][PASSED] - click(findTestObject("Object Repository/Page_The Story and Evolution of Doodles - G_6e786d/p_The first Doodle was a simple out-of-offi_345e61")): Object: 'Object Repository/Page_The Story and Evolution of Doodles - G_6e786d/p_The first Doodle was a simple out-of-offi_345e61' is clicked on

17-06-2024T18:14:19 - [MESSAGE][PASSED] - Object: 'Object Repository/Page_The Story and Evolution of Doodles - G_6e786d/p_The first Doodle was a simple out-of-offi_345e61' is clicked on

17-06-2024T18:14:19 - [TEST_STEP][PASSED] - verifyElementVisible(findTestObject("Object Repository/Page_The Story and Evolution of Doodles - G_6e786d/h1_The story behind Doodles")): Object 'Object Repository/Page_The Story and Evolution of Doodles - G_6e786d/h1_The story behind Doodles' is visible

17-06-2024T18:14:19 - [MESSAGE][PASSED] - Object 'Object Repository/Page_The Story and Evolution of Doodles - G_6e786d/h1_The story behind Doodles' is visible

17-06-2024T18:14:19 - [TEST_STEP][PASSED] - verifyElementVisible(findTestObject("Object Repository/Page_The Story and Evolution of Doodles - G_6e786d/p_The first Doodle was a simple out-of-offi_345e61")): Object 'Object Repository/Page_The Story and Evolution of Doodles - G_6e786d/p_The first Doodle was a simple out-of-offi_345e61' is visible

17-06-2024T18:14:20 - [MESSAGE][PASSED] - Object 'Object Repository/Page_The Story and Evolution of Doodles - G_6e786d/p_The first Doodle was a simple out-of-offi_345e61' is visible

17-06-2024T18:14:20 - [TEST_STEP][PASSED] - verifyElementVisible(findTestObject("Object Repository/Page_The Story and Evolution of Doodles - G_6e786d/h2_Weve created more than 5,000 Doodles ove_111429")): Object 'Object Repository/Page_The Story and Evolution of Doodles - G_6e786d/h2_Weve created more than 5,000 Doodles ove_111429' is visible

17-06-2024T18:14:20 - [MESSAGE][PASSED] - Object 'Object Repository/Page_The Story and Evolution of Doodles - G_6e786d/h2_Weve created more than 5,000 Doodles ove_111429' is visible

17-06-2024T18:14:20 - [TEST_STEP][PASSED] - verifyElementVisible(findTestObject("Object Repository/Page_The Story and Evolution of Doodles - G_6e786d/h1_The story behind Doodles")): Object 'Object Repository/Page_The Story and Evolution of Doodles - G_6e786d/h1_The story behind Doodles' is visible

17-06-2024T18:14:20 - [MESSAGE][PASSED] - Object 'Object Repository/Page_The Story and Evolution of Doodles - G_6e786d/h1_The story behind Doodles' is visible

17-06-2024T18:14:20 - [TEST_STEP][PASSED] - verifyElementVisible(findTestObject("Object Repository/Page_The Story and Evolution of Doodles - G_6e786d/p_The first Doodle was a simple out-of-offi_345e61")): Object 'Object Repository/Page_The Story and Evolution of Doodles - G_6e786d/p_The first Doodle was a simple out-of-offi_345e61' is visible

17-06-2024T18:14:21 - [MESSAGE][PASSED] - Object 'Object Repository/Page_The Story and Evolution of Doodles - G_6e786d/p_The first Doodle was a simple out-of-offi_345e61' is visible

17-06-2024T18:14:21 - [TEST_STEP][PASSED] - verifyElementVisible(findTestObject("Object Repository/Page_The Story and Evolution of Doodles - G_6e786d/h2_Weve created more than 5,000 Doodles ove_111429")): Object 'Object Repository/Page_The Story and Evolution of Doodles - G_6e786d/h2_Weve created more than 5,000 Doodles ove_111429' is visible

17-06-2024T18:14:21 - [MESSAGE][PASSED] - Object 'Object Repository/Page_The Story and Evolution of Doodles - G_6e786d/h2_Weve created more than 5,000 Doodles ove_111429' is visible

17-06-2024T18:14:21 - [TEST_STEP][PASSED] - click(findTestObject("Object Repository/Page_The Story and Evolution of Doodles - G_6e786d/p_The first Doodle was a simple out-of-offi_345e61")): Object: 'Object Repository/Page_The Story and Evolution of Doodles - G_6e786d/p_The first Doodle was a simple out-of-offi_345e61' is clicked on

17-06-2024T18:14:21 - [MESSAGE][PASSED] - Object: 'Object Repository/Page_The Story and Evolution of Doodles - G_6e786d/p_The first Doodle was a simple out-of-offi_345e61' is clicked on

17-06-2024T18:14:21 - [TEST_STEP][PASSED] - verifyElementVisible(findTestObject("Object Repository/Page_The Story and Evolution of Doodles - G_6e786d/h1_The story behind Doodles")): Object 'Object Repository/Page_The Story and Evolution of Doodles - G_6e786d/h1_The story behind Doodles' is visible

17-06-2024T18:14:22 - [MESSAGE][PASSED] - Object 'Object Repository/Page_The Story and Evolution of Doodles - G_6e786d/h1_The story behind Doodles' is visible

17-06-2024T18:14:22 - [TEST_STEP][PASSED] - verifyElementVisible(findTestObject("Object Repository/Page_The Story and Evolution of Doodles - G_6e786d/p_The first Doodle was a simple out-of-offi_345e61")): Object 'Object Repository/Page_The Story and Evolution of Doodles - G_6e786d/p_The first Doodle was a simple out-of-offi_345e61' is visible

17-06-2024T18:14:22 - [MESSAGE][PASSED] - Object 'Object Repository/Page_The Story and Evolution of Doodles - G_6e786d/p_The first Doodle was a simple out-of-offi_345e61' is visible

17-06-2024T18:14:22 - [TEST_STEP][PASSED] - verifyElementVisible(findTestObject("Object Repository/Page_The Story and Evolution of Doodles - G_6e786d/h2_Weve created more than 5,000 Doodles ove_111429")): Object 'Object Repository/Page_The Story and Evolution of Doodles - G_6e786d/h2_Weve created more than 5,000 Doodles ove_111429' is visible

17-06-2024T18:14:22 - [MESSAGE][PASSED] - Object 'Object Repository/Page_The Story and Evolution of Doodles - G_6e786d/h2_Weve created more than 5,000 Doodles ove_111429' is visible

17-06-2024T18:14:22 - [TEST_STEP][PASSED] - click(findTestObject("Object Repository/Page_The Story and Evolution of Doodles - G_6e786d/p_The first Doodle was a simple out-of-offi_345e61")): Object: 'Object Repository/Page_The Story and Evolution of Doodles - G_6e786d/p_The first Doodle was a simple out-of-offi_345e61' is clicked on

17-06-2024T18:14:23 - [MESSAGE][PASSED] - Object: 'Object Repository/Page_The Story and Evolution of Doodles - G_6e786d/p_The first Doodle was a simple out-of-offi_345e61' is clicked on

17-06-2024T18:14:23 - [TEST_STEP][PASSED] - verifyElementVisible(findTestObject("Object Repository/Page_The Story and Evolution of Doodles - G_6e786d/h1_The story behind Doodles")): Object 'Object Repository/Page_The Story and Evolution of Doodles - G_6e786d/h1_The story behind Doodles' is visible

17-06-2024T18:14:23 - [MESSAGE][PASSED] - Object 'Object Repository/Page_The Story and Evolution of Doodles - G_6e786d/h1_The story behind Doodles' is visible

17-06-2024T18:14:23 - [TEST_STEP][PASSED] - verifyElementVisible(findTestObject("Object Repository/Page_The Story and Evolution of Doodles - G_6e786d/p_The first Doodle was a simple out-of-offi_345e61")): Object 'Object Repository/Page_The Story and Evolution of Doodles - G_6e786d/p_The first Doodle was a simple out-of-offi_345e61' is visible

17-06-2024T18:14:23 - [MESSAGE][PASSED] - Object 'Object Repository/Page_The Story and Evolution of Doodles - G_6e786d/p_The first Doodle was a simple out-of-offi_345e61' is visible

17-06-2024T18:14:23 - [TEST_STEP][PASSED] - verifyElementVisible(findTestObject("Object Repository/Page_The Story and Evolution of Doodles - G_6e786d/h2_Weve created more than 5,000 Doodles ove_111429")): Object 'Object Repository/Page_The Story and Evolution of Doodles - G_6e786d/h2_Weve created more than 5,000 Doodles ove_111429' is visible

17-06-2024T18:14:24 - [MESSAGE][PASSED] - Object 'Object Repository/Page_The Story and Evolution of Doodles - G_6e786d/h2_Weve created more than 5,000 Doodles ove_111429' is visible

17-06-2024T18:14:24 - [TEST_STEP][PASSED] - click(findTestObject("Object Repository/Page_The Story and Evolution of Doodles - G_6e786d/p_The first Doodle was a simple out-of-offi_345e61")): Object: 'Object Repository/Page_The Story and Evolution of Doodles - G_6e786d/p_The first Doodle was a simple out-of-offi_345e61' is clicked on

17-06-2024T18:14:24 - [MESSAGE][PASSED] - Object: 'Object Repository/Page_The Story and Evolution of Doodles - G_6e786d/p_The first Doodle was a simple out-of-offi_345e61' is clicked on

17-06-2024T18:14:24 - [TEST_STEP][PASSED] - verifyElementVisible(findTestObject("Object Repository/Page_The Story and Evolution of Doodles - G_6e786d/h1_The story behind Doodles")): Object 'Object Repository/Page_The Story and Evolution of Doodles - G_6e786d/h1_The story behind Doodles' is visible

17-06-2024T18:14:25 - [MESSAGE][PASSED] - Object 'Object Repository/Page_The Story and Evolution of Doodles - G_6e786d/h1_The story behind Doodles' is visible

17-06-2024T18:14:25 - [TEST_STEP][PASSED] - verifyElementVisible(findTestObject("Object Repository/Page_The Story and Evolution of Doodles - G_6e786d/p_The first Doodle was a simple out-of-offi_345e61")): Object 'Object Repository/Page_The Story and Evolution of Doodles - G_6e786d/p_The first Doodle was a simple out-of-offi_345e61' is visible

17-06-2024T18:14:25 - [MESSAGE][PASSED] - Object 'Object Repository/Page_The Story and Evolution of Doodles - G_6e786d/p_The first Doodle was a simple out-of-offi_345e61' is visible

17-06-2024T18:14:25 - [TEST_STEP][PASSED] - verifyElementVisible(findTestObject("Object Repository/Page_The Story and Evolution of Doodles - G_6e786d/h2_Weve created more than 5,000 Doodles ove_111429")): Object 'Object Repository/Page_The Story and Evolution of Doodles - G_6e786d/h2_Weve created more than 5,000 Doodles ove_111429' is visible

17-06-2024T18:14:25 - [MESSAGE][PASSED] - Object 'Object Repository/Page_The Story and Evolution of Doodles - G_6e786d/h2_Weve created more than 5,000 Doodles ove_111429' is visible

17-06-2024T18:14:25 - [TEST_STEP][PASSED] - click(findTestObject("Object Repository/Page_The Story and Evolution of Doodles - G_6e786d/p_The first Doodle was a simple out-of-offi_345e61")): Object: 'Object Repository/Page_The Story and Evolution of Doodles - G_6e786d/p_The first Doodle was a simple out-of-offi_345e61' is clicked on

17-06-2024T18:14:26 - [MESSAGE][PASSED] - Object: 'Object Repository/Page_The Story and Evolution of Doodles - G_6e786d/p_The first Doodle was a simple out-of-offi_345e61' is clicked on

17-06-2024T18:14:26 - [TEST_STEP][PASSED] - verifyElementVisible(findTestObject("Object Repository/Page_The Story and Evolution of Doodles - G_6e786d/h1_The story behind Doodles")): Object 'Object Repository/Page_The Story and Evolution of Doodles - G_6e786d/h1_The story behind Doodles' is visible

17-06-2024T18:14:26 - [MESSAGE][PASSED] - Object 'Object Repository/Page_The Story and Evolution of Doodles - G_6e786d/h1_The story behind Doodles' is visible

17-06-2024T18:14:26 - [TEST_STEP][PASSED] - verifyElementVisible(findTestObject("Object Repository/Page_The Story and Evolution of Doodles - G_6e786d/p_The first Doodle was a simple out-of-offi_345e61")): Object 'Object Repository/Page_The Story and Evolution of Doodles - G_6e786d/p_The first Doodle was a simple out-of-offi_345e61' is visible

17-06-2024T18:14:26 - [MESSAGE][PASSED] - Object 'Object Repository/Page_The Story and Evolution of Doodles - G_6e786d/p_The first Doodle was a simple out-of-offi_345e61' is visible

17-06-2024T18:14:26 - [TEST_STEP][PASSED] - verifyElementVisible(findTestObject("Object Repository/Page_The Story and Evolution of Doodles - G_6e786d/h2_Weve created more than 5,000 Doodles ove_111429")): Object 'Object Repository/Page_The Story and Evolution of Doodles - G_6e786d/h2_Weve created more than 5,000 Doodles ove_111429' is visible

17-06-2024T18:14:27 - [MESSAGE][PASSED] - Object 'Object Repository/Page_The Story and Evolution of Doodles - G_6e786d/h2_Weve created more than 5,000 Doodles ove_111429' is visible

17-06-2024T18:14:27 - [TEST_STEP][PASSED] - click(findTestObject("Object Repository/Page_The Story and Evolution of Doodles - G_6e786d/p_The first Doodle was a simple out-of-offi_345e61")): Object: 'Object Repository/Page_The Story and Evolution of Doodles - G_6e786d/p_The first Doodle was a simple out-of-offi_345e61' is clicked on

17-06-2024T18:14:27 - [MESSAGE][PASSED] - Object: 'Object Repository/Page_The Story and Evolution of Doodles - G_6e786d/p_The first Doodle was a simple out-of-offi_345e61' is clicked on

17-06-2024T18:14:27 - [TEST_STEP][PASSED] - verifyElementVisible(findTestObject("Object Repository/Page_The Story and Evolution of Doodles - G_6e786d/h1_The story behind Doodles")): Object 'Object Repository/Page_The Story and Evolution of Doodles - G_6e786d/h1_The story behind Doodles' is visible

17-06-2024T18:14:27 - [MESSAGE][PASSED] - Object 'Object Repository/Page_The Story and Evolution of Doodles - G_6e786d/h1_The story behind Doodles' is visible

17-06-2024T18:14:27 - [TEST_STEP][PASSED] - verifyElementVisible(findTestObject("Object Repository/Page_The Story and Evolution of Doodles - G_6e786d/p_The first Doodle was a simple out-of-offi_345e61")): Object 'Object Repository/Page_The Story and Evolution of Doodles - G_6e786d/p_The first Doodle was a simple out-of-offi_345e61' is visible

17-06-2024T18:14:28 - [MESSAGE][PASSED] - Object 'Object Repository/Page_The Story and Evolution of Doodles - G_6e786d/p_The first Doodle was a simple out-of-offi_345e61' is visible

17-06-2024T18:14:28 - [TEST_STEP][PASSED] - verifyElementVisible(findTestObject("Object Repository/Page_The Story and Evolution of Doodles - G_6e786d/h2_Weve created more than 5,000 Doodles ove_111429")): Object 'Object Repository/Page_The Story and Evolution of Doodles - G_6e786d/h2_Weve created more than 5,000 Doodles ove_111429' is visible

17-06-2024T18:14:28 - [MESSAGE][PASSED] - Object 'Object Repository/Page_The Story and Evolution of Doodles - G_6e786d/h2_Weve created more than 5,000 Doodles ove_111429' is visible

17-06-2024T18:14:28 - [TEST_STEP][PASSED] - click(findTestObject("Object Repository/Page_The Story and Evolution of Doodles - G_6e786d/p_The first Doodle was a simple out-of-offi_345e61")): Object: 'Object Repository/Page_The Story and Evolution of Doodles - G_6e786d/p_The first Doodle was a simple out-of-offi_345e61' is clicked on

17-06-2024T18:14:28 - [MESSAGE][PASSED] - Object: 'Object Repository/Page_The Story and Evolution of Doodles - G_6e786d/p_The first Doodle was a simple out-of-offi_345e61' is clicked on

17-06-2024T18:14:28 - [TEST_STEP][PASSED] - verifyElementVisible(findTestObject("Object Repository/Page_The Story and Evolution of Doodles - G_6e786d/h1_The story behind Doodles")): Object 'Object Repository/Page_The Story and Evolution of Doodles - G_6e786d/h1_The story behind Doodles' is visible

17-06-2024T18:14:29 - [MESSAGE][PASSED] - Object 'Object Repository/Page_The Story and Evolution of Doodles - G_6e786d/h1_The story behind Doodles' is visible

17-06-2024T18:14:29 - [TEST_STEP][PASSED] - verifyElementVisible(findTestObject("Object Repository/Page_The Story and Evolution of Doodles - G_6e786d/p_The first Doodle was a simple out-of-offi_345e61")): Object 'Object Repository/Page_The Story and Evolution of Doodles - G_6e786d/p_The first Doodle was a simple out-of-offi_345e61' is visible

17-06-2024T18:14:29 - [MESSAGE][PASSED] - Object 'Object Repository/Page_The Story and Evolution of Doodles - G_6e786d/p_The first Doodle was a simple out-of-offi_345e61' is visible

17-06-2024T18:14:29 - [TEST_STEP][PASSED] - verifyElementVisible(findTestObject("Object Repository/Page_The Story and Evolution of Doodles - G_6e786d/h2_Weve created more than 5,000 Doodles ove_111429")): Object 'Object Repository/Page_The Story and Evolution of Doodles - G_6e786d/h2_Weve created more than 5,000 Doodles ove_111429' is visible

17-06-2024T18:14:30 - [MESSAGE][PASSED] - Object 'Object Repository/Page_The Story and Evolution of Doodles - G_6e786d/h2_Weve created more than 5,000 Doodles ove_111429' is visible

17-06-2024T18:14:30 - [TEST_STEP][PASSED] - click(findTestObject("Object Repository/Page_The Story and Evolution of Doodles - G_6e786d/p_The first Doodle was a simple out-of-offi_345e61")): Object: 'Object Repository/Page_The Story and Evolution of Doodles - G_6e786d/p_The first Doodle was a simple out-of-offi_345e61' is clicked on

17-06-2024T18:14:30 - [MESSAGE][PASSED] - Object: 'Object Repository/Page_The Story and Evolution of Doodles - G_6e786d/p_The first Doodle was a simple out-of-offi_345e61' is clicked on

17-06-2024T18:14:30 - [TEST_STEP][PASSED] - verifyElementVisible(findTestObject("Object Repository/Page_The Story and Evolution of Doodles - G_6e786d/h1_The story behind Doodles")): Object 'Object Repository/Page_The Story and Evolution of Doodles - G_6e786d/h1_The story behind Doodles' is visible

17-06-2024T18:14:30 - [MESSAGE][PASSED] - Object 'Object Repository/Page_The Story and Evolution of Doodles - G_6e786d/h1_The story behind Doodles' is visible

17-06-2024T18:14:30 - [TEST_STEP][PASSED] - verifyElementVisible(findTestObject("Object Repository/Page_The Story and Evolution of Doodles - G_6e786d/p_The first Doodle was a simple out-of-offi_345e61")): Object 'Object Repository/Page_The Story and Evolution of Doodles - G_6e786d/p_The first Doodle was a simple out-of-offi_345e61' is visible

17-06-2024T18:14:31 - [MESSAGE][PASSED] - Object 'Object Repository/Page_The Story and Evolution of Doodles - G_6e786d/p_The first Doodle was a simple out-of-offi_345e61' is visible

17-06-2024T18:14:31 - [TEST_STEP][PASSED] - verifyElementVisible(findTestObject("Object Repository/Page_The Story and Evolution of Doodles - G_6e786d/h2_Weve created more than 5,000 Doodles ove_111429")): Object 'Object Repository/Page_The Story and Evolution of Doodles - G_6e786d/h2_Weve created more than 5,000 Doodles ove_111429' is visible

17-06-2024T18:14:31 - [MESSAGE][PASSED] - Object 'Object Repository/Page_The Story and Evolution of Doodles - G_6e786d/h2_Weve created more than 5,000 Doodles ove_111429' is visible

17-06-2024T18:14:31 - [TEST_STEP][PASSED] - click(findTestObject("Object Repository/Page_The Story and Evolution of Doodles - G_6e786d/p_The first Doodle was a simple out-of-offi_345e61")): Object: 'Object Repository/Page_The Story and Evolution of Doodles - G_6e786d/p_The first Doodle was a simple out-of-offi_345e61' is clicked on

17-06-2024T18:14:31 - [MESSAGE][PASSED] - Object: 'Object Repository/Page_The Story and Evolution of Doodles - G_6e786d/p_The first Doodle was a simple out-of-offi_345e61' is clicked on

17-06-2024T18:14:31 - [TEST_STEP][PASSED] - verifyElementVisible(findTestObject("Object Repository/Page_The Story and Evolution of Doodles - G_6e786d/h1_The story behind Doodles")): Object 'Object Repository/Page_The Story and Evolution of Doodles - G_6e786d/h1_The story behind Doodles' is visible

17-06-2024T18:14:32 - [MESSAGE][PASSED] - Object 'Object Repository/Page_The Story and Evolution of Doodles - G_6e786d/h1_The story behind Doodles' is visible

17-06-2024T18:14:32 - [TEST_STEP][PASSED] - verifyElementVisible(findTestObject("Object Repository/Page_The Story and Evolution of Doodles - G_6e786d/p_The first Doodle was a simple out-of-offi_345e61")): Object 'Object Repository/Page_The Story and Evolution of Doodles - G_6e786d/p_The first Doodle was a simple out-of-offi_345e61' is visible

17-06-2024T18:14:32 - [MESSAGE][PASSED] - Object 'Object Repository/Page_The Story and Evolution of Doodles - G_6e786d/p_The first Doodle was a simple out-of-offi_345e61' is visible

17-06-2024T18:14:32 - [TEST_STEP][PASSED] - verifyElementVisible(findTestObject("Object Repository/Page_The Story and Evolution of Doodles - G_6e786d/h2_Weve created more than 5,000 Doodles ove_111429")): Object 'Object Repository/Page_The Story and Evolution of Doodles - G_6e786d/h2_Weve created more than 5,000 Doodles ove_111429' is visible

17-06-2024T18:14:32 - [MESSAGE][PASSED] - Object 'Object Repository/Page_The Story and Evolution of Doodles - G_6e786d/h2_Weve created more than 5,000 Doodles ove_111429' is visible

17-06-2024T18:14:32 - [TEST_STEP][PASSED] - click(findTestObject("Object Repository/Page_The Story and Evolution of Doodles - G_6e786d/p_The first Doodle was a simple out-of-offi_345e61")): Object: 'Object Repository/Page_The Story and Evolution of Doodles - G_6e786d/p_The first Doodle was a simple out-of-offi_345e61' is clicked on

17-06-2024T18:14:33 - [MESSAGE][PASSED] - Object: 'Object Repository/Page_The Story and Evolution of Doodles - G_6e786d/p_The first Doodle was a simple out-of-offi_345e61' is clicked on

17-06-2024T18:14:33 - [TEST_STEP][PASSED] - verifyElementVisible(findTestObject("Object Repository/Page_The Story and Evolution of Doodles - G_6e786d/h1_The story behind Doodles")): Object 'Object Repository/Page_The Story and Evolution of Doodles - G_6e786d/h1_The story behind Doodles' is visible

17-06-2024T18:14:33 - [MESSAGE][PASSED] - Object 'Object Repository/Page_The Story and Evolution of Doodles - G_6e786d/h1_The story behind Doodles' is visible

17-06-2024T18:14:33 - [TEST_STEP][PASSED] - verifyElementVisible(findTestObject("Object Repository/Page_The Story and Evolution of Doodles - G_6e786d/p_The first Doodle was a simple out-of-offi_345e61")): Object 'Object Repository/Page_The Story and Evolution of Doodles - G_6e786d/p_The first Doodle was a simple out-of-offi_345e61' is visible

17-06-2024T18:14:33 - [MESSAGE][PASSED] - Object 'Object Repository/Page_The Story and Evolution of Doodles - G_6e786d/p_The first Doodle was a simple out-of-offi_345e61' is visible

17-06-2024T18:14:33 - [TEST_STEP][PASSED] - verifyElementVisible(findTestObject("Object Repository/Page_The Story and Evolution of Doodles - G_6e786d/h2_Weve created more than 5,000 Doodles ove_111429")): Object 'Object Repository/Page_The Story and Evolution of Doodles - G_6e786d/h2_Weve created more than 5,000 Doodles ove_111429' is visible

17-06-2024T18:14:34 - [MESSAGE][PASSED] - Object 'Object Repository/Page_The Story and Evolution of Doodles - G_6e786d/h2_Weve created more than 5,000 Doodles ove_111429' is visible]]></system-out>
         <system-err><![CDATA[]]></system-err>
      </testcase>
      <testcase name="Test Cases/test case folder 1/tc1 - Copy (1) - Copy (2)" time="35.802" classname="Test Cases/test case folder 1/tc1 - Copy (1) - Copy (2)" status="PASSED">
         <system-out><![CDATA[17-06-2024T18:14:34 - [TEST_CASE][PASSED] - Test Cases/test case folder 1/tc1 - Copy (1) - Copy (2): Test Cases/test case folder 1/tc1 - Copy (1) - Copy (2)

17-06-2024T18:14:34 - [TEST_STEP][PASSED] - openBrowser(""): Browser is opened with url: ''

17-06-2024T18:14:34 - [MESSAGE][WARNING] - A browser is already opened. Closing browser and opening a new one

17-06-2024T18:14:34 - [MESSAGE][INFO] - Starting 'Chrome (headless)' driver

17-06-2024T18:14:34 - [MESSAGE][INFO] - Action delay is set to 0 milliseconds

17-06-2024T18:14:35 - [MESSAGE][PASSED] - Browser is opened with url: ''

17-06-2024T18:14:35 - [TEST_STEP][PASSED] - navigateToUrl("https://doodles.google/about/"): Navigate to 'https://doodles.google/about/' successfully

17-06-2024T18:14:54 - [MESSAGE][PASSED] - Navigate to 'https://doodles.google/about/' successfully

17-06-2024T18:14:54 - [TEST_STEP][PASSED] - click(findTestObject("Object Repository/Page_The Story and Evolution of Doodles - G_6e786d/p_The first Doodle was a simple out-of-offi_345e61")): Object: 'Object Repository/Page_The Story and Evolution of Doodles - G_6e786d/p_The first Doodle was a simple out-of-offi_345e61' is clicked on

17-06-2024T18:14:55 - [MESSAGE][PASSED] - Object: 'Object Repository/Page_The Story and Evolution of Doodles - G_6e786d/p_The first Doodle was a simple out-of-offi_345e61' is clicked on

17-06-2024T18:14:55 - [TEST_STEP][PASSED] - click(findTestObject("Object Repository/Page_The Story and Evolution of Doodles - G_6e786d/p_The first Doodle was a simple out-of-offi_345e61")): Object: 'Object Repository/Page_The Story and Evolution of Doodles - G_6e786d/p_The first Doodle was a simple out-of-offi_345e61' is clicked on

17-06-2024T18:14:55 - [MESSAGE][PASSED] - Object: 'Object Repository/Page_The Story and Evolution of Doodles - G_6e786d/p_The first Doodle was a simple out-of-offi_345e61' is clicked on

17-06-2024T18:14:55 - [TEST_STEP][PASSED] - verifyElementVisible(findTestObject("Object Repository/Page_The Story and Evolution of Doodles - G_6e786d/h1_The story behind Doodles")): Object 'Object Repository/Page_The Story and Evolution of Doodles - G_6e786d/h1_The story behind Doodles' is visible

17-06-2024T18:14:55 - [MESSAGE][PASSED] - Object 'Object Repository/Page_The Story and Evolution of Doodles - G_6e786d/h1_The story behind Doodles' is visible

17-06-2024T18:14:55 - [TEST_STEP][PASSED] - verifyElementVisible(findTestObject("Object Repository/Page_The Story and Evolution of Doodles - G_6e786d/p_The first Doodle was a simple out-of-offi_345e61")): Object 'Object Repository/Page_The Story and Evolution of Doodles - G_6e786d/p_The first Doodle was a simple out-of-offi_345e61' is visible

17-06-2024T18:14:56 - [MESSAGE][PASSED] - Object 'Object Repository/Page_The Story and Evolution of Doodles - G_6e786d/p_The first Doodle was a simple out-of-offi_345e61' is visible

17-06-2024T18:14:56 - [TEST_STEP][PASSED] - verifyElementVisible(findTestObject("Object Repository/Page_The Story and Evolution of Doodles - G_6e786d/h2_Weve created more than 5,000 Doodles ove_111429")): Object 'Object Repository/Page_The Story and Evolution of Doodles - G_6e786d/h2_Weve created more than 5,000 Doodles ove_111429' is visible

17-06-2024T18:14:56 - [MESSAGE][PASSED] - Object 'Object Repository/Page_The Story and Evolution of Doodles - G_6e786d/h2_Weve created more than 5,000 Doodles ove_111429' is visible

17-06-2024T18:14:56 - [TEST_STEP][PASSED] - verifyElementVisible(findTestObject("Object Repository/Page_The Story and Evolution of Doodles - G_6e786d/h1_The story behind Doodles")): Object 'Object Repository/Page_The Story and Evolution of Doodles - G_6e786d/h1_The story behind Doodles' is visible

17-06-2024T18:14:56 - [MESSAGE][PASSED] - Object 'Object Repository/Page_The Story and Evolution of Doodles - G_6e786d/h1_The story behind Doodles' is visible

17-06-2024T18:14:56 - [TEST_STEP][PASSED] - verifyElementVisible(findTestObject("Object Repository/Page_The Story and Evolution of Doodles - G_6e786d/p_The first Doodle was a simple out-of-offi_345e61")): Object 'Object Repository/Page_The Story and Evolution of Doodles - G_6e786d/p_The first Doodle was a simple out-of-offi_345e61' is visible

17-06-2024T18:14:57 - [MESSAGE][PASSED] - Object 'Object Repository/Page_The Story and Evolution of Doodles - G_6e786d/p_The first Doodle was a simple out-of-offi_345e61' is visible

17-06-2024T18:14:57 - [TEST_STEP][PASSED] - verifyElementVisible(findTestObject("Object Repository/Page_The Story and Evolution of Doodles - G_6e786d/h2_Weve created more than 5,000 Doodles ove_111429")): Object 'Object Repository/Page_The Story and Evolution of Doodles - G_6e786d/h2_Weve created more than 5,000 Doodles ove_111429' is visible

17-06-2024T18:14:57 - [MESSAGE][PASSED] - Object 'Object Repository/Page_The Story and Evolution of Doodles - G_6e786d/h2_Weve created more than 5,000 Doodles ove_111429' is visible

17-06-2024T18:14:57 - [TEST_STEP][PASSED] - click(findTestObject("Object Repository/Page_The Story and Evolution of Doodles - G_6e786d/p_The first Doodle was a simple out-of-offi_345e61")): Object: 'Object Repository/Page_The Story and Evolution of Doodles - G_6e786d/p_The first Doodle was a simple out-of-offi_345e61' is clicked on

17-06-2024T18:14:57 - [MESSAGE][PASSED] - Object: 'Object Repository/Page_The Story and Evolution of Doodles - G_6e786d/p_The first Doodle was a simple out-of-offi_345e61' is clicked on

17-06-2024T18:14:57 - [TEST_STEP][PASSED] - verifyElementVisible(findTestObject("Object Repository/Page_The Story and Evolution of Doodles - G_6e786d/h1_The story behind Doodles")): Object 'Object Repository/Page_The Story and Evolution of Doodles - G_6e786d/h1_The story behind Doodles' is visible

17-06-2024T18:14:58 - [MESSAGE][PASSED] - Object 'Object Repository/Page_The Story and Evolution of Doodles - G_6e786d/h1_The story behind Doodles' is visible

17-06-2024T18:14:58 - [TEST_STEP][PASSED] - verifyElementVisible(findTestObject("Object Repository/Page_The Story and Evolution of Doodles - G_6e786d/p_The first Doodle was a simple out-of-offi_345e61")): Object 'Object Repository/Page_The Story and Evolution of Doodles - G_6e786d/p_The first Doodle was a simple out-of-offi_345e61' is visible

17-06-2024T18:14:58 - [MESSAGE][PASSED] - Object 'Object Repository/Page_The Story and Evolution of Doodles - G_6e786d/p_The first Doodle was a simple out-of-offi_345e61' is visible

17-06-2024T18:14:58 - [TEST_STEP][PASSED] - verifyElementVisible(findTestObject("Object Repository/Page_The Story and Evolution of Doodles - G_6e786d/h2_Weve created more than 5,000 Doodles ove_111429")): Object 'Object Repository/Page_The Story and Evolution of Doodles - G_6e786d/h2_Weve created more than 5,000 Doodles ove_111429' is visible

17-06-2024T18:14:58 - [MESSAGE][PASSED] - Object 'Object Repository/Page_The Story and Evolution of Doodles - G_6e786d/h2_Weve created more than 5,000 Doodles ove_111429' is visible

17-06-2024T18:14:58 - [TEST_STEP][PASSED] - click(findTestObject("Object Repository/Page_The Story and Evolution of Doodles - G_6e786d/p_The first Doodle was a simple out-of-offi_345e61")): Object: 'Object Repository/Page_The Story and Evolution of Doodles - G_6e786d/p_The first Doodle was a simple out-of-offi_345e61' is clicked on

17-06-2024T18:14:59 - [MESSAGE][PASSED] - Object: 'Object Repository/Page_The Story and Evolution of Doodles - G_6e786d/p_The first Doodle was a simple out-of-offi_345e61' is clicked on

17-06-2024T18:14:59 - [TEST_STEP][PASSED] - verifyElementVisible(findTestObject("Object Repository/Page_The Story and Evolution of Doodles - G_6e786d/h1_The story behind Doodles")): Object 'Object Repository/Page_The Story and Evolution of Doodles - G_6e786d/h1_The story behind Doodles' is visible

17-06-2024T18:14:59 - [MESSAGE][PASSED] - Object 'Object Repository/Page_The Story and Evolution of Doodles - G_6e786d/h1_The story behind Doodles' is visible

17-06-2024T18:14:59 - [TEST_STEP][PASSED] - verifyElementVisible(findTestObject("Object Repository/Page_The Story and Evolution of Doodles - G_6e786d/p_The first Doodle was a simple out-of-offi_345e61")): Object 'Object Repository/Page_The Story and Evolution of Doodles - G_6e786d/p_The first Doodle was a simple out-of-offi_345e61' is visible

17-06-2024T18:14:59 - [MESSAGE][PASSED] - Object 'Object Repository/Page_The Story and Evolution of Doodles - G_6e786d/p_The first Doodle was a simple out-of-offi_345e61' is visible

17-06-2024T18:14:59 - [TEST_STEP][PASSED] - verifyElementVisible(findTestObject("Object Repository/Page_The Story and Evolution of Doodles - G_6e786d/h2_Weve created more than 5,000 Doodles ove_111429")): Object 'Object Repository/Page_The Story and Evolution of Doodles - G_6e786d/h2_Weve created more than 5,000 Doodles ove_111429' is visible

17-06-2024T18:15:00 - [MESSAGE][PASSED] - Object 'Object Repository/Page_The Story and Evolution of Doodles - G_6e786d/h2_Weve created more than 5,000 Doodles ove_111429' is visible

17-06-2024T18:15:00 - [TEST_STEP][PASSED] - click(findTestObject("Object Repository/Page_The Story and Evolution of Doodles - G_6e786d/p_The first Doodle was a simple out-of-offi_345e61")): Object: 'Object Repository/Page_The Story and Evolution of Doodles - G_6e786d/p_The first Doodle was a simple out-of-offi_345e61' is clicked on

17-06-2024T18:15:00 - [MESSAGE][PASSED] - Object: 'Object Repository/Page_The Story and Evolution of Doodles - G_6e786d/p_The first Doodle was a simple out-of-offi_345e61' is clicked on

17-06-2024T18:15:00 - [TEST_STEP][PASSED] - verifyElementVisible(findTestObject("Object Repository/Page_The Story and Evolution of Doodles - G_6e786d/h1_The story behind Doodles")): Object 'Object Repository/Page_The Story and Evolution of Doodles - G_6e786d/h1_The story behind Doodles' is visible

17-06-2024T18:15:01 - [MESSAGE][PASSED] - Object 'Object Repository/Page_The Story and Evolution of Doodles - G_6e786d/h1_The story behind Doodles' is visible

17-06-2024T18:15:01 - [TEST_STEP][PASSED] - verifyElementVisible(findTestObject("Object Repository/Page_The Story and Evolution of Doodles - G_6e786d/p_The first Doodle was a simple out-of-offi_345e61")): Object 'Object Repository/Page_The Story and Evolution of Doodles - G_6e786d/p_The first Doodle was a simple out-of-offi_345e61' is visible

17-06-2024T18:15:01 - [MESSAGE][PASSED] - Object 'Object Repository/Page_The Story and Evolution of Doodles - G_6e786d/p_The first Doodle was a simple out-of-offi_345e61' is visible

17-06-2024T18:15:01 - [TEST_STEP][PASSED] - verifyElementVisible(findTestObject("Object Repository/Page_The Story and Evolution of Doodles - G_6e786d/h2_Weve created more than 5,000 Doodles ove_111429")): Object 'Object Repository/Page_The Story and Evolution of Doodles - G_6e786d/h2_Weve created more than 5,000 Doodles ove_111429' is visible

17-06-2024T18:15:01 - [MESSAGE][PASSED] - Object 'Object Repository/Page_The Story and Evolution of Doodles - G_6e786d/h2_Weve created more than 5,000 Doodles ove_111429' is visible

17-06-2024T18:15:01 - [TEST_STEP][PASSED] - click(findTestObject("Object Repository/Page_The Story and Evolution of Doodles - G_6e786d/p_The first Doodle was a simple out-of-offi_345e61")): Object: 'Object Repository/Page_The Story and Evolution of Doodles - G_6e786d/p_The first Doodle was a simple out-of-offi_345e61' is clicked on

17-06-2024T18:15:02 - [MESSAGE][PASSED] - Object: 'Object Repository/Page_The Story and Evolution of Doodles - G_6e786d/p_The first Doodle was a simple out-of-offi_345e61' is clicked on

17-06-2024T18:15:02 - [TEST_STEP][PASSED] - verifyElementVisible(findTestObject("Object Repository/Page_The Story and Evolution of Doodles - G_6e786d/h1_The story behind Doodles")): Object 'Object Repository/Page_The Story and Evolution of Doodles - G_6e786d/h1_The story behind Doodles' is visible

17-06-2024T18:15:02 - [MESSAGE][PASSED] - Object 'Object Repository/Page_The Story and Evolution of Doodles - G_6e786d/h1_The story behind Doodles' is visible

17-06-2024T18:15:02 - [TEST_STEP][PASSED] - verifyElementVisible(findTestObject("Object Repository/Page_The Story and Evolution of Doodles - G_6e786d/p_The first Doodle was a simple out-of-offi_345e61")): Object 'Object Repository/Page_The Story and Evolution of Doodles - G_6e786d/p_The first Doodle was a simple out-of-offi_345e61' is visible

17-06-2024T18:15:02 - [MESSAGE][PASSED] - Object 'Object Repository/Page_The Story and Evolution of Doodles - G_6e786d/p_The first Doodle was a simple out-of-offi_345e61' is visible

17-06-2024T18:15:02 - [TEST_STEP][PASSED] - verifyElementVisible(findTestObject("Object Repository/Page_The Story and Evolution of Doodles - G_6e786d/h2_Weve created more than 5,000 Doodles ove_111429")): Object 'Object Repository/Page_The Story and Evolution of Doodles - G_6e786d/h2_Weve created more than 5,000 Doodles ove_111429' is visible

17-06-2024T18:15:03 - [MESSAGE][PASSED] - Object 'Object Repository/Page_The Story and Evolution of Doodles - G_6e786d/h2_Weve created more than 5,000 Doodles ove_111429' is visible

17-06-2024T18:15:03 - [TEST_STEP][PASSED] - click(findTestObject("Object Repository/Page_The Story and Evolution of Doodles - G_6e786d/p_The first Doodle was a simple out-of-offi_345e61")): Object: 'Object Repository/Page_The Story and Evolution of Doodles - G_6e786d/p_The first Doodle was a simple out-of-offi_345e61' is clicked on

17-06-2024T18:15:03 - [MESSAGE][PASSED] - Object: 'Object Repository/Page_The Story and Evolution of Doodles - G_6e786d/p_The first Doodle was a simple out-of-offi_345e61' is clicked on

17-06-2024T18:15:03 - [TEST_STEP][PASSED] - verifyElementVisible(findTestObject("Object Repository/Page_The Story and Evolution of Doodles - G_6e786d/h1_The story behind Doodles")): Object 'Object Repository/Page_The Story and Evolution of Doodles - G_6e786d/h1_The story behind Doodles' is visible

17-06-2024T18:15:03 - [MESSAGE][PASSED] - Object 'Object Repository/Page_The Story and Evolution of Doodles - G_6e786d/h1_The story behind Doodles' is visible

17-06-2024T18:15:03 - [TEST_STEP][PASSED] - verifyElementVisible(findTestObject("Object Repository/Page_The Story and Evolution of Doodles - G_6e786d/p_The first Doodle was a simple out-of-offi_345e61")): Object 'Object Repository/Page_The Story and Evolution of Doodles - G_6e786d/p_The first Doodle was a simple out-of-offi_345e61' is visible

17-06-2024T18:15:04 - [MESSAGE][PASSED] - Object 'Object Repository/Page_The Story and Evolution of Doodles - G_6e786d/p_The first Doodle was a simple out-of-offi_345e61' is visible

17-06-2024T18:15:04 - [TEST_STEP][PASSED] - verifyElementVisible(findTestObject("Object Repository/Page_The Story and Evolution of Doodles - G_6e786d/h2_Weve created more than 5,000 Doodles ove_111429")): Object 'Object Repository/Page_The Story and Evolution of Doodles - G_6e786d/h2_Weve created more than 5,000 Doodles ove_111429' is visible

17-06-2024T18:15:04 - [MESSAGE][PASSED] - Object 'Object Repository/Page_The Story and Evolution of Doodles - G_6e786d/h2_Weve created more than 5,000 Doodles ove_111429' is visible

17-06-2024T18:15:04 - [TEST_STEP][PASSED] - click(findTestObject("Object Repository/Page_The Story and Evolution of Doodles - G_6e786d/p_The first Doodle was a simple out-of-offi_345e61")): Object: 'Object Repository/Page_The Story and Evolution of Doodles - G_6e786d/p_The first Doodle was a simple out-of-offi_345e61' is clicked on

17-06-2024T18:15:04 - [MESSAGE][PASSED] - Object: 'Object Repository/Page_The Story and Evolution of Doodles - G_6e786d/p_The first Doodle was a simple out-of-offi_345e61' is clicked on

17-06-2024T18:15:04 - [TEST_STEP][PASSED] - verifyElementVisible(findTestObject("Object Repository/Page_The Story and Evolution of Doodles - G_6e786d/h1_The story behind Doodles")): Object 'Object Repository/Page_The Story and Evolution of Doodles - G_6e786d/h1_The story behind Doodles' is visible

17-06-2024T18:15:05 - [MESSAGE][PASSED] - Object 'Object Repository/Page_The Story and Evolution of Doodles - G_6e786d/h1_The story behind Doodles' is visible

17-06-2024T18:15:05 - [TEST_STEP][PASSED] - verifyElementVisible(findTestObject("Object Repository/Page_The Story and Evolution of Doodles - G_6e786d/p_The first Doodle was a simple out-of-offi_345e61")): Object 'Object Repository/Page_The Story and Evolution of Doodles - G_6e786d/p_The first Doodle was a simple out-of-offi_345e61' is visible

17-06-2024T18:15:05 - [MESSAGE][PASSED] - Object 'Object Repository/Page_The Story and Evolution of Doodles - G_6e786d/p_The first Doodle was a simple out-of-offi_345e61' is visible

17-06-2024T18:15:05 - [TEST_STEP][PASSED] - verifyElementVisible(findTestObject("Object Repository/Page_The Story and Evolution of Doodles - G_6e786d/h2_Weve created more than 5,000 Doodles ove_111429")): Object 'Object Repository/Page_The Story and Evolution of Doodles - G_6e786d/h2_Weve created more than 5,000 Doodles ove_111429' is visible

17-06-2024T18:15:05 - [MESSAGE][PASSED] - Object 'Object Repository/Page_The Story and Evolution of Doodles - G_6e786d/h2_Weve created more than 5,000 Doodles ove_111429' is visible

17-06-2024T18:15:05 - [TEST_STEP][PASSED] - click(findTestObject("Object Repository/Page_The Story and Evolution of Doodles - G_6e786d/p_The first Doodle was a simple out-of-offi_345e61")): Object: 'Object Repository/Page_The Story and Evolution of Doodles - G_6e786d/p_The first Doodle was a simple out-of-offi_345e61' is clicked on

17-06-2024T18:15:06 - [MESSAGE][PASSED] - Object: 'Object Repository/Page_The Story and Evolution of Doodles - G_6e786d/p_The first Doodle was a simple out-of-offi_345e61' is clicked on

17-06-2024T18:15:06 - [TEST_STEP][PASSED] - verifyElementVisible(findTestObject("Object Repository/Page_The Story and Evolution of Doodles - G_6e786d/h1_The story behind Doodles")): Object 'Object Repository/Page_The Story and Evolution of Doodles - G_6e786d/h1_The story behind Doodles' is visible

17-06-2024T18:15:06 - [MESSAGE][PASSED] - Object 'Object Repository/Page_The Story and Evolution of Doodles - G_6e786d/h1_The story behind Doodles' is visible

17-06-2024T18:15:06 - [TEST_STEP][PASSED] - verifyElementVisible(findTestObject("Object Repository/Page_The Story and Evolution of Doodles - G_6e786d/p_The first Doodle was a simple out-of-offi_345e61")): Object 'Object Repository/Page_The Story and Evolution of Doodles - G_6e786d/p_The first Doodle was a simple out-of-offi_345e61' is visible

17-06-2024T18:15:06 - [MESSAGE][PASSED] - Object 'Object Repository/Page_The Story and Evolution of Doodles - G_6e786d/p_The first Doodle was a simple out-of-offi_345e61' is visible

17-06-2024T18:15:06 - [TEST_STEP][PASSED] - verifyElementVisible(findTestObject("Object Repository/Page_The Story and Evolution of Doodles - G_6e786d/h2_Weve created more than 5,000 Doodles ove_111429")): Object 'Object Repository/Page_The Story and Evolution of Doodles - G_6e786d/h2_Weve created more than 5,000 Doodles ove_111429' is visible

17-06-2024T18:15:07 - [MESSAGE][PASSED] - Object 'Object Repository/Page_The Story and Evolution of Doodles - G_6e786d/h2_Weve created more than 5,000 Doodles ove_111429' is visible

17-06-2024T18:15:07 - [TEST_STEP][PASSED] - click(findTestObject("Object Repository/Page_The Story and Evolution of Doodles - G_6e786d/p_The first Doodle was a simple out-of-offi_345e61")): Object: 'Object Repository/Page_The Story and Evolution of Doodles - G_6e786d/p_The first Doodle was a simple out-of-offi_345e61' is clicked on

17-06-2024T18:15:07 - [MESSAGE][PASSED] - Object: 'Object Repository/Page_The Story and Evolution of Doodles - G_6e786d/p_The first Doodle was a simple out-of-offi_345e61' is clicked on

17-06-2024T18:15:07 - [TEST_STEP][PASSED] - verifyElementVisible(findTestObject("Object Repository/Page_The Story and Evolution of Doodles - G_6e786d/h1_The story behind Doodles")): Object 'Object Repository/Page_The Story and Evolution of Doodles - G_6e786d/h1_The story behind Doodles' is visible

17-06-2024T18:15:07 - [MESSAGE][PASSED] - Object 'Object Repository/Page_The Story and Evolution of Doodles - G_6e786d/h1_The story behind Doodles' is visible

17-06-2024T18:15:07 - [TEST_STEP][PASSED] - verifyElementVisible(findTestObject("Object Repository/Page_The Story and Evolution of Doodles - G_6e786d/p_The first Doodle was a simple out-of-offi_345e61")): Object 'Object Repository/Page_The Story and Evolution of Doodles - G_6e786d/p_The first Doodle was a simple out-of-offi_345e61' is visible

17-06-2024T18:15:08 - [MESSAGE][PASSED] - Object 'Object Repository/Page_The Story and Evolution of Doodles - G_6e786d/p_The first Doodle was a simple out-of-offi_345e61' is visible

17-06-2024T18:15:08 - [TEST_STEP][PASSED] - verifyElementVisible(findTestObject("Object Repository/Page_The Story and Evolution of Doodles - G_6e786d/h2_Weve created more than 5,000 Doodles ove_111429")): Object 'Object Repository/Page_The Story and Evolution of Doodles - G_6e786d/h2_Weve created more than 5,000 Doodles ove_111429' is visible

17-06-2024T18:15:08 - [MESSAGE][PASSED] - Object 'Object Repository/Page_The Story and Evolution of Doodles - G_6e786d/h2_Weve created more than 5,000 Doodles ove_111429' is visible

17-06-2024T18:15:08 - [TEST_STEP][PASSED] - click(findTestObject("Object Repository/Page_The Story and Evolution of Doodles - G_6e786d/p_The first Doodle was a simple out-of-offi_345e61")): Object: 'Object Repository/Page_The Story and Evolution of Doodles - G_6e786d/p_The first Doodle was a simple out-of-offi_345e61' is clicked on

17-06-2024T18:15:09 - [MESSAGE][PASSED] - Object: 'Object Repository/Page_The Story and Evolution of Doodles - G_6e786d/p_The first Doodle was a simple out-of-offi_345e61' is clicked on

17-06-2024T18:15:09 - [TEST_STEP][PASSED] - verifyElementVisible(findTestObject("Object Repository/Page_The Story and Evolution of Doodles - G_6e786d/h1_The story behind Doodles")): Object 'Object Repository/Page_The Story and Evolution of Doodles - G_6e786d/h1_The story behind Doodles' is visible

17-06-2024T18:15:09 - [MESSAGE][PASSED] - Object 'Object Repository/Page_The Story and Evolution of Doodles - G_6e786d/h1_The story behind Doodles' is visible

17-06-2024T18:15:09 - [TEST_STEP][PASSED] - verifyElementVisible(findTestObject("Object Repository/Page_The Story and Evolution of Doodles - G_6e786d/p_The first Doodle was a simple out-of-offi_345e61")): Object 'Object Repository/Page_The Story and Evolution of Doodles - G_6e786d/p_The first Doodle was a simple out-of-offi_345e61' is visible

17-06-2024T18:15:09 - [MESSAGE][PASSED] - Object 'Object Repository/Page_The Story and Evolution of Doodles - G_6e786d/p_The first Doodle was a simple out-of-offi_345e61' is visible

17-06-2024T18:15:09 - [TEST_STEP][PASSED] - verifyElementVisible(findTestObject("Object Repository/Page_The Story and Evolution of Doodles - G_6e786d/h2_Weve created more than 5,000 Doodles ove_111429")): Object 'Object Repository/Page_The Story and Evolution of Doodles - G_6e786d/h2_Weve created more than 5,000 Doodles ove_111429' is visible

17-06-2024T18:15:10 - [MESSAGE][PASSED] - Object 'Object Repository/Page_The Story and Evolution of Doodles - G_6e786d/h2_Weve created more than 5,000 Doodles ove_111429' is visible]]></system-out>
         <system-err><![CDATA[]]></system-err>
      </testcase>
      <testcase name="Test Cases/test case folder 1/tc1 - Copy (1) - Copy (3)" time="18.608" classname="Test Cases/test case folder 1/tc1 - Copy (1) - Copy (3)" status="PASSED">
         <system-out><![CDATA[17-06-2024T18:15:10 - [TEST_CASE][PASSED] - Test Cases/test case folder 1/tc1 - Copy (1) - Copy (3): Test Cases/test case folder 1/tc1 - Copy (1) - Copy (3)

17-06-2024T18:15:10 - [TEST_STEP][PASSED] - openBrowser(""): Browser is opened with url: ''

17-06-2024T18:15:10 - [MESSAGE][WARNING] - A browser is already opened. Closing browser and opening a new one

17-06-2024T18:15:10 - [MESSAGE][INFO] - Starting 'Chrome (headless)' driver

17-06-2024T18:15:10 - [MESSAGE][INFO] - Action delay is set to 0 milliseconds

17-06-2024T18:15:11 - [MESSAGE][PASSED] - Browser is opened with url: ''

17-06-2024T18:15:11 - [TEST_STEP][PASSED] - navigateToUrl("https://doodles.google/about/"): Navigate to 'https://doodles.google/about/' successfully

17-06-2024T18:15:13 - [MESSAGE][PASSED] - Navigate to 'https://doodles.google/about/' successfully

17-06-2024T18:15:13 - [TEST_STEP][PASSED] - click(findTestObject("Object Repository/Page_The Story and Evolution of Doodles - G_6e786d/p_The first Doodle was a simple out-of-offi_345e61")): Object: 'Object Repository/Page_The Story and Evolution of Doodles - G_6e786d/p_The first Doodle was a simple out-of-offi_345e61' is clicked on

17-06-2024T18:15:13 - [MESSAGE][PASSED] - Object: 'Object Repository/Page_The Story and Evolution of Doodles - G_6e786d/p_The first Doodle was a simple out-of-offi_345e61' is clicked on

17-06-2024T18:15:13 - [TEST_STEP][PASSED] - click(findTestObject("Object Repository/Page_The Story and Evolution of Doodles - G_6e786d/p_The first Doodle was a simple out-of-offi_345e61")): Object: 'Object Repository/Page_The Story and Evolution of Doodles - G_6e786d/p_The first Doodle was a simple out-of-offi_345e61' is clicked on

17-06-2024T18:15:14 - [MESSAGE][PASSED] - Object: 'Object Repository/Page_The Story and Evolution of Doodles - G_6e786d/p_The first Doodle was a simple out-of-offi_345e61' is clicked on

17-06-2024T18:15:14 - [TEST_STEP][PASSED] - verifyElementVisible(findTestObject("Object Repository/Page_The Story and Evolution of Doodles - G_6e786d/h1_The story behind Doodles")): Object 'Object Repository/Page_The Story and Evolution of Doodles - G_6e786d/h1_The story behind Doodles' is visible

17-06-2024T18:15:14 - [MESSAGE][PASSED] - Object 'Object Repository/Page_The Story and Evolution of Doodles - G_6e786d/h1_The story behind Doodles' is visible

17-06-2024T18:15:14 - [TEST_STEP][PASSED] - verifyElementVisible(findTestObject("Object Repository/Page_The Story and Evolution of Doodles - G_6e786d/p_The first Doodle was a simple out-of-offi_345e61")): Object 'Object Repository/Page_The Story and Evolution of Doodles - G_6e786d/p_The first Doodle was a simple out-of-offi_345e61' is visible

17-06-2024T18:15:14 - [MESSAGE][PASSED] - Object 'Object Repository/Page_The Story and Evolution of Doodles - G_6e786d/p_The first Doodle was a simple out-of-offi_345e61' is visible

17-06-2024T18:15:14 - [TEST_STEP][PASSED] - verifyElementVisible(findTestObject("Object Repository/Page_The Story and Evolution of Doodles - G_6e786d/h2_Weve created more than 5,000 Doodles ove_111429")): Object 'Object Repository/Page_The Story and Evolution of Doodles - G_6e786d/h2_Weve created more than 5,000 Doodles ove_111429' is visible

17-06-2024T18:15:15 - [MESSAGE][PASSED] - Object 'Object Repository/Page_The Story and Evolution of Doodles - G_6e786d/h2_Weve created more than 5,000 Doodles ove_111429' is visible

17-06-2024T18:15:15 - [TEST_STEP][PASSED] - verifyElementVisible(findTestObject("Object Repository/Page_The Story and Evolution of Doodles - G_6e786d/h1_The story behind Doodles")): Object 'Object Repository/Page_The Story and Evolution of Doodles - G_6e786d/h1_The story behind Doodles' is visible

17-06-2024T18:15:15 - [MESSAGE][PASSED] - Object 'Object Repository/Page_The Story and Evolution of Doodles - G_6e786d/h1_The story behind Doodles' is visible

17-06-2024T18:15:15 - [TEST_STEP][PASSED] - verifyElementVisible(findTestObject("Object Repository/Page_The Story and Evolution of Doodles - G_6e786d/p_The first Doodle was a simple out-of-offi_345e61")): Object 'Object Repository/Page_The Story and Evolution of Doodles - G_6e786d/p_The first Doodle was a simple out-of-offi_345e61' is visible

17-06-2024T18:15:15 - [MESSAGE][PASSED] - Object 'Object Repository/Page_The Story and Evolution of Doodles - G_6e786d/p_The first Doodle was a simple out-of-offi_345e61' is visible

17-06-2024T18:15:15 - [TEST_STEP][PASSED] - verifyElementVisible(findTestObject("Object Repository/Page_The Story and Evolution of Doodles - G_6e786d/h2_Weve created more than 5,000 Doodles ove_111429")): Object 'Object Repository/Page_The Story and Evolution of Doodles - G_6e786d/h2_Weve created more than 5,000 Doodles ove_111429' is visible

17-06-2024T18:15:16 - [MESSAGE][PASSED] - Object 'Object Repository/Page_The Story and Evolution of Doodles - G_6e786d/h2_Weve created more than 5,000 Doodles ove_111429' is visible

17-06-2024T18:15:16 - [TEST_STEP][PASSED] - click(findTestObject("Object Repository/Page_The Story and Evolution of Doodles - G_6e786d/p_The first Doodle was a simple out-of-offi_345e61")): Object: 'Object Repository/Page_The Story and Evolution of Doodles - G_6e786d/p_The first Doodle was a simple out-of-offi_345e61' is clicked on

17-06-2024T18:15:16 - [MESSAGE][PASSED] - Object: 'Object Repository/Page_The Story and Evolution of Doodles - G_6e786d/p_The first Doodle was a simple out-of-offi_345e61' is clicked on

17-06-2024T18:15:16 - [TEST_STEP][PASSED] - verifyElementVisible(findTestObject("Object Repository/Page_The Story and Evolution of Doodles - G_6e786d/h1_The story behind Doodles")): Object 'Object Repository/Page_The Story and Evolution of Doodles - G_6e786d/h1_The story behind Doodles' is visible

17-06-2024T18:15:17 - [MESSAGE][PASSED] - Object 'Object Repository/Page_The Story and Evolution of Doodles - G_6e786d/h1_The story behind Doodles' is visible

17-06-2024T18:15:17 - [TEST_STEP][PASSED] - verifyElementVisible(findTestObject("Object Repository/Page_The Story and Evolution of Doodles - G_6e786d/p_The first Doodle was a simple out-of-offi_345e61")): Object 'Object Repository/Page_The Story and Evolution of Doodles - G_6e786d/p_The first Doodle was a simple out-of-offi_345e61' is visible

17-06-2024T18:15:17 - [MESSAGE][PASSED] - Object 'Object Repository/Page_The Story and Evolution of Doodles - G_6e786d/p_The first Doodle was a simple out-of-offi_345e61' is visible

17-06-2024T18:15:17 - [TEST_STEP][PASSED] - verifyElementVisible(findTestObject("Object Repository/Page_The Story and Evolution of Doodles - G_6e786d/h2_Weve created more than 5,000 Doodles ove_111429")): Object 'Object Repository/Page_The Story and Evolution of Doodles - G_6e786d/h2_Weve created more than 5,000 Doodles ove_111429' is visible

17-06-2024T18:15:17 - [MESSAGE][PASSED] - Object 'Object Repository/Page_The Story and Evolution of Doodles - G_6e786d/h2_Weve created more than 5,000 Doodles ove_111429' is visible

17-06-2024T18:15:17 - [TEST_STEP][PASSED] - click(findTestObject("Object Repository/Page_The Story and Evolution of Doodles - G_6e786d/p_The first Doodle was a simple out-of-offi_345e61")): Object: 'Object Repository/Page_The Story and Evolution of Doodles - G_6e786d/p_The first Doodle was a simple out-of-offi_345e61' is clicked on

17-06-2024T18:15:18 - [MESSAGE][PASSED] - Object: 'Object Repository/Page_The Story and Evolution of Doodles - G_6e786d/p_The first Doodle was a simple out-of-offi_345e61' is clicked on

17-06-2024T18:15:18 - [TEST_STEP][PASSED] - verifyElementVisible(findTestObject("Object Repository/Page_The Story and Evolution of Doodles - G_6e786d/h1_The story behind Doodles")): Object 'Object Repository/Page_The Story and Evolution of Doodles - G_6e786d/h1_The story behind Doodles' is visible

17-06-2024T18:15:18 - [MESSAGE][PASSED] - Object 'Object Repository/Page_The Story and Evolution of Doodles - G_6e786d/h1_The story behind Doodles' is visible

17-06-2024T18:15:18 - [TEST_STEP][PASSED] - verifyElementVisible(findTestObject("Object Repository/Page_The Story and Evolution of Doodles - G_6e786d/p_The first Doodle was a simple out-of-offi_345e61")): Object 'Object Repository/Page_The Story and Evolution of Doodles - G_6e786d/p_The first Doodle was a simple out-of-offi_345e61' is visible

17-06-2024T18:15:18 - [MESSAGE][PASSED] - Object 'Object Repository/Page_The Story and Evolution of Doodles - G_6e786d/p_The first Doodle was a simple out-of-offi_345e61' is visible

17-06-2024T18:15:18 - [TEST_STEP][PASSED] - verifyElementVisible(findTestObject("Object Repository/Page_The Story and Evolution of Doodles - G_6e786d/h2_Weve created more than 5,000 Doodles ove_111429")): Object 'Object Repository/Page_The Story and Evolution of Doodles - G_6e786d/h2_Weve created more than 5,000 Doodles ove_111429' is visible

17-06-2024T18:15:19 - [MESSAGE][PASSED] - Object 'Object Repository/Page_The Story and Evolution of Doodles - G_6e786d/h2_Weve created more than 5,000 Doodles ove_111429' is visible

17-06-2024T18:15:19 - [TEST_STEP][PASSED] - click(findTestObject("Object Repository/Page_The Story and Evolution of Doodles - G_6e786d/p_The first Doodle was a simple out-of-offi_345e61")): Object: 'Object Repository/Page_The Story and Evolution of Doodles - G_6e786d/p_The first Doodle was a simple out-of-offi_345e61' is clicked on

17-06-2024T18:15:19 - [MESSAGE][PASSED] - Object: 'Object Repository/Page_The Story and Evolution of Doodles - G_6e786d/p_The first Doodle was a simple out-of-offi_345e61' is clicked on

17-06-2024T18:15:19 - [TEST_STEP][PASSED] - verifyElementVisible(findTestObject("Object Repository/Page_The Story and Evolution of Doodles - G_6e786d/h1_The story behind Doodles")): Object 'Object Repository/Page_The Story and Evolution of Doodles - G_6e786d/h1_The story behind Doodles' is visible

17-06-2024T18:15:19 - [MESSAGE][PASSED] - Object 'Object Repository/Page_The Story and Evolution of Doodles - G_6e786d/h1_The story behind Doodles' is visible

17-06-2024T18:15:19 - [TEST_STEP][PASSED] - verifyElementVisible(findTestObject("Object Repository/Page_The Story and Evolution of Doodles - G_6e786d/p_The first Doodle was a simple out-of-offi_345e61")): Object 'Object Repository/Page_The Story and Evolution of Doodles - G_6e786d/p_The first Doodle was a simple out-of-offi_345e61' is visible

17-06-2024T18:15:20 - [MESSAGE][PASSED] - Object 'Object Repository/Page_The Story and Evolution of Doodles - G_6e786d/p_The first Doodle was a simple out-of-offi_345e61' is visible

17-06-2024T18:15:20 - [TEST_STEP][PASSED] - verifyElementVisible(findTestObject("Object Repository/Page_The Story and Evolution of Doodles - G_6e786d/h2_Weve created more than 5,000 Doodles ove_111429")): Object 'Object Repository/Page_The Story and Evolution of Doodles - G_6e786d/h2_Weve created more than 5,000 Doodles ove_111429' is visible

17-06-2024T18:15:20 - [MESSAGE][PASSED] - Object 'Object Repository/Page_The Story and Evolution of Doodles - G_6e786d/h2_Weve created more than 5,000 Doodles ove_111429' is visible

17-06-2024T18:15:20 - [TEST_STEP][PASSED] - click(findTestObject("Object Repository/Page_The Story and Evolution of Doodles - G_6e786d/p_The first Doodle was a simple out-of-offi_345e61")): Object: 'Object Repository/Page_The Story and Evolution of Doodles - G_6e786d/p_The first Doodle was a simple out-of-offi_345e61' is clicked on

17-06-2024T18:15:20 - [MESSAGE][PASSED] - Object: 'Object Repository/Page_The Story and Evolution of Doodles - G_6e786d/p_The first Doodle was a simple out-of-offi_345e61' is clicked on

17-06-2024T18:15:20 - [TEST_STEP][PASSED] - verifyElementVisible(findTestObject("Object Repository/Page_The Story and Evolution of Doodles - G_6e786d/h1_The story behind Doodles")): Object 'Object Repository/Page_The Story and Evolution of Doodles - G_6e786d/h1_The story behind Doodles' is visible

17-06-2024T18:15:21 - [MESSAGE][PASSED] - Object 'Object Repository/Page_The Story and Evolution of Doodles - G_6e786d/h1_The story behind Doodles' is visible

17-06-2024T18:15:21 - [TEST_STEP][PASSED] - verifyElementVisible(findTestObject("Object Repository/Page_The Story and Evolution of Doodles - G_6e786d/p_The first Doodle was a simple out-of-offi_345e61")): Object 'Object Repository/Page_The Story and Evolution of Doodles - G_6e786d/p_The first Doodle was a simple out-of-offi_345e61' is visible

17-06-2024T18:15:21 - [MESSAGE][PASSED] - Object 'Object Repository/Page_The Story and Evolution of Doodles - G_6e786d/p_The first Doodle was a simple out-of-offi_345e61' is visible

17-06-2024T18:15:21 - [TEST_STEP][PASSED] - verifyElementVisible(findTestObject("Object Repository/Page_The Story and Evolution of Doodles - G_6e786d/h2_Weve created more than 5,000 Doodles ove_111429")): Object 'Object Repository/Page_The Story and Evolution of Doodles - G_6e786d/h2_Weve created more than 5,000 Doodles ove_111429' is visible

17-06-2024T18:15:21 - [MESSAGE][PASSED] - Object 'Object Repository/Page_The Story and Evolution of Doodles - G_6e786d/h2_Weve created more than 5,000 Doodles ove_111429' is visible

17-06-2024T18:15:21 - [TEST_STEP][PASSED] - click(findTestObject("Object Repository/Page_The Story and Evolution of Doodles - G_6e786d/p_The first Doodle was a simple out-of-offi_345e61")): Object: 'Object Repository/Page_The Story and Evolution of Doodles - G_6e786d/p_The first Doodle was a simple out-of-offi_345e61' is clicked on

17-06-2024T18:15:22 - [MESSAGE][PASSED] - Object: 'Object Repository/Page_The Story and Evolution of Doodles - G_6e786d/p_The first Doodle was a simple out-of-offi_345e61' is clicked on

17-06-2024T18:15:22 - [TEST_STEP][PASSED] - verifyElementVisible(findTestObject("Object Repository/Page_The Story and Evolution of Doodles - G_6e786d/h1_The story behind Doodles")): Object 'Object Repository/Page_The Story and Evolution of Doodles - G_6e786d/h1_The story behind Doodles' is visible

17-06-2024T18:15:22 - [MESSAGE][PASSED] - Object 'Object Repository/Page_The Story and Evolution of Doodles - G_6e786d/h1_The story behind Doodles' is visible

17-06-2024T18:15:22 - [TEST_STEP][PASSED] - verifyElementVisible(findTestObject("Object Repository/Page_The Story and Evolution of Doodles - G_6e786d/p_The first Doodle was a simple out-of-offi_345e61")): Object 'Object Repository/Page_The Story and Evolution of Doodles - G_6e786d/p_The first Doodle was a simple out-of-offi_345e61' is visible

17-06-2024T18:15:22 - [MESSAGE][PASSED] - Object 'Object Repository/Page_The Story and Evolution of Doodles - G_6e786d/p_The first Doodle was a simple out-of-offi_345e61' is visible

17-06-2024T18:15:22 - [TEST_STEP][PASSED] - verifyElementVisible(findTestObject("Object Repository/Page_The Story and Evolution of Doodles - G_6e786d/h2_Weve created more than 5,000 Doodles ove_111429")): Object 'Object Repository/Page_The Story and Evolution of Doodles - G_6e786d/h2_Weve created more than 5,000 Doodles ove_111429' is visible

17-06-2024T18:15:23 - [MESSAGE][PASSED] - Object 'Object Repository/Page_The Story and Evolution of Doodles - G_6e786d/h2_Weve created more than 5,000 Doodles ove_111429' is visible

17-06-2024T18:15:23 - [TEST_STEP][PASSED] - click(findTestObject("Object Repository/Page_The Story and Evolution of Doodles - G_6e786d/p_The first Doodle was a simple out-of-offi_345e61")): Object: 'Object Repository/Page_The Story and Evolution of Doodles - G_6e786d/p_The first Doodle was a simple out-of-offi_345e61' is clicked on

17-06-2024T18:15:23 - [MESSAGE][PASSED] - Object: 'Object Repository/Page_The Story and Evolution of Doodles - G_6e786d/p_The first Doodle was a simple out-of-offi_345e61' is clicked on

17-06-2024T18:15:23 - [TEST_STEP][PASSED] - verifyElementVisible(findTestObject("Object Repository/Page_The Story and Evolution of Doodles - G_6e786d/h1_The story behind Doodles")): Object 'Object Repository/Page_The Story and Evolution of Doodles - G_6e786d/h1_The story behind Doodles' is visible

17-06-2024T18:15:23 - [MESSAGE][PASSED] - Object 'Object Repository/Page_The Story and Evolution of Doodles - G_6e786d/h1_The story behind Doodles' is visible

17-06-2024T18:15:23 - [TEST_STEP][PASSED] - verifyElementVisible(findTestObject("Object Repository/Page_The Story and Evolution of Doodles - G_6e786d/p_The first Doodle was a simple out-of-offi_345e61")): Object 'Object Repository/Page_The Story and Evolution of Doodles - G_6e786d/p_The first Doodle was a simple out-of-offi_345e61' is visible

17-06-2024T18:15:24 - [MESSAGE][PASSED] - Object 'Object Repository/Page_The Story and Evolution of Doodles - G_6e786d/p_The first Doodle was a simple out-of-offi_345e61' is visible

17-06-2024T18:15:24 - [TEST_STEP][PASSED] - verifyElementVisible(findTestObject("Object Repository/Page_The Story and Evolution of Doodles - G_6e786d/h2_Weve created more than 5,000 Doodles ove_111429")): Object 'Object Repository/Page_The Story and Evolution of Doodles - G_6e786d/h2_Weve created more than 5,000 Doodles ove_111429' is visible

17-06-2024T18:15:24 - [MESSAGE][PASSED] - Object 'Object Repository/Page_The Story and Evolution of Doodles - G_6e786d/h2_Weve created more than 5,000 Doodles ove_111429' is visible

17-06-2024T18:15:24 - [TEST_STEP][PASSED] - click(findTestObject("Object Repository/Page_The Story and Evolution of Doodles - G_6e786d/p_The first Doodle was a simple out-of-offi_345e61")): Object: 'Object Repository/Page_The Story and Evolution of Doodles - G_6e786d/p_The first Doodle was a simple out-of-offi_345e61' is clicked on

17-06-2024T18:15:24 - [MESSAGE][PASSED] - Object: 'Object Repository/Page_The Story and Evolution of Doodles - G_6e786d/p_The first Doodle was a simple out-of-offi_345e61' is clicked on

17-06-2024T18:15:24 - [TEST_STEP][PASSED] - verifyElementVisible(findTestObject("Object Repository/Page_The Story and Evolution of Doodles - G_6e786d/h1_The story behind Doodles")): Object 'Object Repository/Page_The Story and Evolution of Doodles - G_6e786d/h1_The story behind Doodles' is visible

17-06-2024T18:15:25 - [MESSAGE][PASSED] - Object 'Object Repository/Page_The Story and Evolution of Doodles - G_6e786d/h1_The story behind Doodles' is visible

17-06-2024T18:15:25 - [TEST_STEP][PASSED] - verifyElementVisible(findTestObject("Object Repository/Page_The Story and Evolution of Doodles - G_6e786d/p_The first Doodle was a simple out-of-offi_345e61")): Object 'Object Repository/Page_The Story and Evolution of Doodles - G_6e786d/p_The first Doodle was a simple out-of-offi_345e61' is visible

17-06-2024T18:15:25 - [MESSAGE][PASSED] - Object 'Object Repository/Page_The Story and Evolution of Doodles - G_6e786d/p_The first Doodle was a simple out-of-offi_345e61' is visible

17-06-2024T18:15:25 - [TEST_STEP][PASSED] - verifyElementVisible(findTestObject("Object Repository/Page_The Story and Evolution of Doodles - G_6e786d/h2_Weve created more than 5,000 Doodles ove_111429")): Object 'Object Repository/Page_The Story and Evolution of Doodles - G_6e786d/h2_Weve created more than 5,000 Doodles ove_111429' is visible

17-06-2024T18:15:25 - [MESSAGE][PASSED] - Object 'Object Repository/Page_The Story and Evolution of Doodles - G_6e786d/h2_Weve created more than 5,000 Doodles ove_111429' is visible

17-06-2024T18:15:25 - [TEST_STEP][PASSED] - click(findTestObject("Object Repository/Page_The Story and Evolution of Doodles - G_6e786d/p_The first Doodle was a simple out-of-offi_345e61")): Object: 'Object Repository/Page_The Story and Evolution of Doodles - G_6e786d/p_The first Doodle was a simple out-of-offi_345e61' is clicked on

17-06-2024T18:15:26 - [MESSAGE][PASSED] - Object: 'Object Repository/Page_The Story and Evolution of Doodles - G_6e786d/p_The first Doodle was a simple out-of-offi_345e61' is clicked on

17-06-2024T18:15:26 - [TEST_STEP][PASSED] - verifyElementVisible(findTestObject("Object Repository/Page_The Story and Evolution of Doodles - G_6e786d/h1_The story behind Doodles")): Object 'Object Repository/Page_The Story and Evolution of Doodles - G_6e786d/h1_The story behind Doodles' is visible

17-06-2024T18:15:26 - [MESSAGE][PASSED] - Object 'Object Repository/Page_The Story and Evolution of Doodles - G_6e786d/h1_The story behind Doodles' is visible

17-06-2024T18:15:26 - [TEST_STEP][PASSED] - verifyElementVisible(findTestObject("Object Repository/Page_The Story and Evolution of Doodles - G_6e786d/p_The first Doodle was a simple out-of-offi_345e61")): Object 'Object Repository/Page_The Story and Evolution of Doodles - G_6e786d/p_The first Doodle was a simple out-of-offi_345e61' is visible

17-06-2024T18:15:26 - [MESSAGE][PASSED] - Object 'Object Repository/Page_The Story and Evolution of Doodles - G_6e786d/p_The first Doodle was a simple out-of-offi_345e61' is visible

17-06-2024T18:15:26 - [TEST_STEP][PASSED] - verifyElementVisible(findTestObject("Object Repository/Page_The Story and Evolution of Doodles - G_6e786d/h2_Weve created more than 5,000 Doodles ove_111429")): Object 'Object Repository/Page_The Story and Evolution of Doodles - G_6e786d/h2_Weve created more than 5,000 Doodles ove_111429' is visible

17-06-2024T18:15:27 - [MESSAGE][PASSED] - Object 'Object Repository/Page_The Story and Evolution of Doodles - G_6e786d/h2_Weve created more than 5,000 Doodles ove_111429' is visible

17-06-2024T18:15:27 - [TEST_STEP][PASSED] - click(findTestObject("Object Repository/Page_The Story and Evolution of Doodles - G_6e786d/p_The first Doodle was a simple out-of-offi_345e61")): Object: 'Object Repository/Page_The Story and Evolution of Doodles - G_6e786d/p_The first Doodle was a simple out-of-offi_345e61' is clicked on

17-06-2024T18:15:27 - [MESSAGE][PASSED] - Object: 'Object Repository/Page_The Story and Evolution of Doodles - G_6e786d/p_The first Doodle was a simple out-of-offi_345e61' is clicked on

17-06-2024T18:15:27 - [TEST_STEP][PASSED] - verifyElementVisible(findTestObject("Object Repository/Page_The Story and Evolution of Doodles - G_6e786d/h1_The story behind Doodles")): Object 'Object Repository/Page_The Story and Evolution of Doodles - G_6e786d/h1_The story behind Doodles' is visible

17-06-2024T18:15:27 - [MESSAGE][PASSED] - Object 'Object Repository/Page_The Story and Evolution of Doodles - G_6e786d/h1_The story behind Doodles' is visible

17-06-2024T18:15:27 - [TEST_STEP][PASSED] - verifyElementVisible(findTestObject("Object Repository/Page_The Story and Evolution of Doodles - G_6e786d/p_The first Doodle was a simple out-of-offi_345e61")): Object 'Object Repository/Page_The Story and Evolution of Doodles - G_6e786d/p_The first Doodle was a simple out-of-offi_345e61' is visible

17-06-2024T18:15:28 - [MESSAGE][PASSED] - Object 'Object Repository/Page_The Story and Evolution of Doodles - G_6e786d/p_The first Doodle was a simple out-of-offi_345e61' is visible

17-06-2024T18:15:28 - [TEST_STEP][PASSED] - verifyElementVisible(findTestObject("Object Repository/Page_The Story and Evolution of Doodles - G_6e786d/h2_Weve created more than 5,000 Doodles ove_111429")): Object 'Object Repository/Page_The Story and Evolution of Doodles - G_6e786d/h2_Weve created more than 5,000 Doodles ove_111429' is visible

17-06-2024T18:15:28 - [MESSAGE][PASSED] - Object 'Object Repository/Page_The Story and Evolution of Doodles - G_6e786d/h2_Weve created more than 5,000 Doodles ove_111429' is visible]]></system-out>
         <system-err><![CDATA[]]></system-err>
      </testcase>
      <testcase name="Test Cases/test case folder 1/tc1 - Copy (1) - Copy (4)" time="19.885" classname="Test Cases/test case folder 1/tc1 - Copy (1) - Copy (4)" status="PASSED">
         <system-out><![CDATA[17-06-2024T18:15:28 - [TEST_CASE][PASSED] - Test Cases/test case folder 1/tc1 - Copy (1) - Copy (4): Test Cases/test case folder 1/tc1 - Copy (1) - Copy (4)

17-06-2024T18:15:28 - [TEST_STEP][PASSED] - openBrowser(""): Browser is opened with url: ''

17-06-2024T18:15:28 - [MESSAGE][WARNING] - A browser is already opened. Closing browser and opening a new one

17-06-2024T18:15:29 - [MESSAGE][INFO] - Starting 'Chrome (headless)' driver

17-06-2024T18:15:29 - [MESSAGE][INFO] - Action delay is set to 0 milliseconds

17-06-2024T18:15:30 - [MESSAGE][PASSED] - Browser is opened with url: ''

17-06-2024T18:15:30 - [TEST_STEP][PASSED] - navigateToUrl("https://doodles.google/about/"): Navigate to 'https://doodles.google/about/' successfully

17-06-2024T18:15:32 - [MESSAGE][PASSED] - Navigate to 'https://doodles.google/about/' successfully

17-06-2024T18:15:32 - [TEST_STEP][PASSED] - click(findTestObject("Object Repository/Page_The Story and Evolution of Doodles - G_6e786d/p_The first Doodle was a simple out-of-offi_345e61")): Object: 'Object Repository/Page_The Story and Evolution of Doodles - G_6e786d/p_The first Doodle was a simple out-of-offi_345e61' is clicked on

17-06-2024T18:15:33 - [MESSAGE][PASSED] - Object: 'Object Repository/Page_The Story and Evolution of Doodles - G_6e786d/p_The first Doodle was a simple out-of-offi_345e61' is clicked on

17-06-2024T18:15:33 - [TEST_STEP][PASSED] - click(findTestObject("Object Repository/Page_The Story and Evolution of Doodles - G_6e786d/p_The first Doodle was a simple out-of-offi_345e61")): Object: 'Object Repository/Page_The Story and Evolution of Doodles - G_6e786d/p_The first Doodle was a simple out-of-offi_345e61' is clicked on

17-06-2024T18:15:33 - [MESSAGE][PASSED] - Object: 'Object Repository/Page_The Story and Evolution of Doodles - G_6e786d/p_The first Doodle was a simple out-of-offi_345e61' is clicked on

17-06-2024T18:15:33 - [TEST_STEP][PASSED] - verifyElementVisible(findTestObject("Object Repository/Page_The Story and Evolution of Doodles - G_6e786d/h1_The story behind Doodles")): Object 'Object Repository/Page_The Story and Evolution of Doodles - G_6e786d/h1_The story behind Doodles' is visible

17-06-2024T18:15:34 - [MESSAGE][PASSED] - Object 'Object Repository/Page_The Story and Evolution of Doodles - G_6e786d/h1_The story behind Doodles' is visible

17-06-2024T18:15:34 - [TEST_STEP][PASSED] - verifyElementVisible(findTestObject("Object Repository/Page_The Story and Evolution of Doodles - G_6e786d/p_The first Doodle was a simple out-of-offi_345e61")): Object 'Object Repository/Page_The Story and Evolution of Doodles - G_6e786d/p_The first Doodle was a simple out-of-offi_345e61' is visible

17-06-2024T18:15:34 - [MESSAGE][PASSED] - Object 'Object Repository/Page_The Story and Evolution of Doodles - G_6e786d/p_The first Doodle was a simple out-of-offi_345e61' is visible

17-06-2024T18:15:34 - [TEST_STEP][PASSED] - verifyElementVisible(findTestObject("Object Repository/Page_The Story and Evolution of Doodles - G_6e786d/h2_Weve created more than 5,000 Doodles ove_111429")): Object 'Object Repository/Page_The Story and Evolution of Doodles - G_6e786d/h2_Weve created more than 5,000 Doodles ove_111429' is visible

17-06-2024T18:15:34 - [MESSAGE][PASSED] - Object 'Object Repository/Page_The Story and Evolution of Doodles - G_6e786d/h2_Weve created more than 5,000 Doodles ove_111429' is visible

17-06-2024T18:15:34 - [TEST_STEP][PASSED] - verifyElementVisible(findTestObject("Object Repository/Page_The Story and Evolution of Doodles - G_6e786d/h1_The story behind Doodles")): Object 'Object Repository/Page_The Story and Evolution of Doodles - G_6e786d/h1_The story behind Doodles' is visible

17-06-2024T18:15:35 - [MESSAGE][PASSED] - Object 'Object Repository/Page_The Story and Evolution of Doodles - G_6e786d/h1_The story behind Doodles' is visible

17-06-2024T18:15:35 - [TEST_STEP][PASSED] - verifyElementVisible(findTestObject("Object Repository/Page_The Story and Evolution of Doodles - G_6e786d/p_The first Doodle was a simple out-of-offi_345e61")): Object 'Object Repository/Page_The Story and Evolution of Doodles - G_6e786d/p_The first Doodle was a simple out-of-offi_345e61' is visible

17-06-2024T18:15:35 - [MESSAGE][PASSED] - Object 'Object Repository/Page_The Story and Evolution of Doodles - G_6e786d/p_The first Doodle was a simple out-of-offi_345e61' is visible

17-06-2024T18:15:35 - [TEST_STEP][PASSED] - verifyElementVisible(findTestObject("Object Repository/Page_The Story and Evolution of Doodles - G_6e786d/h2_Weve created more than 5,000 Doodles ove_111429")): Object 'Object Repository/Page_The Story and Evolution of Doodles - G_6e786d/h2_Weve created more than 5,000 Doodles ove_111429' is visible

17-06-2024T18:15:35 - [MESSAGE][PASSED] - Object 'Object Repository/Page_The Story and Evolution of Doodles - G_6e786d/h2_Weve created more than 5,000 Doodles ove_111429' is visible

17-06-2024T18:15:35 - [TEST_STEP][PASSED] - click(findTestObject("Object Repository/Page_The Story and Evolution of Doodles - G_6e786d/p_The first Doodle was a simple out-of-offi_345e61")): Object: 'Object Repository/Page_The Story and Evolution of Doodles - G_6e786d/p_The first Doodle was a simple out-of-offi_345e61' is clicked on

17-06-2024T18:15:36 - [MESSAGE][PASSED] - Object: 'Object Repository/Page_The Story and Evolution of Doodles - G_6e786d/p_The first Doodle was a simple out-of-offi_345e61' is clicked on

17-06-2024T18:15:36 - [TEST_STEP][PASSED] - verifyElementVisible(findTestObject("Object Repository/Page_The Story and Evolution of Doodles - G_6e786d/h1_The story behind Doodles")): Object 'Object Repository/Page_The Story and Evolution of Doodles - G_6e786d/h1_The story behind Doodles' is visible

17-06-2024T18:15:36 - [MESSAGE][PASSED] - Object 'Object Repository/Page_The Story and Evolution of Doodles - G_6e786d/h1_The story behind Doodles' is visible

17-06-2024T18:15:36 - [TEST_STEP][PASSED] - verifyElementVisible(findTestObject("Object Repository/Page_The Story and Evolution of Doodles - G_6e786d/p_The first Doodle was a simple out-of-offi_345e61")): Object 'Object Repository/Page_The Story and Evolution of Doodles - G_6e786d/p_The first Doodle was a simple out-of-offi_345e61' is visible

17-06-2024T18:15:36 - [MESSAGE][PASSED] - Object 'Object Repository/Page_The Story and Evolution of Doodles - G_6e786d/p_The first Doodle was a simple out-of-offi_345e61' is visible

17-06-2024T18:15:36 - [TEST_STEP][PASSED] - verifyElementVisible(findTestObject("Object Repository/Page_The Story and Evolution of Doodles - G_6e786d/h2_Weve created more than 5,000 Doodles ove_111429")): Object 'Object Repository/Page_The Story and Evolution of Doodles - G_6e786d/h2_Weve created more than 5,000 Doodles ove_111429' is visible

17-06-2024T18:15:37 - [MESSAGE][PASSED] - Object 'Object Repository/Page_The Story and Evolution of Doodles - G_6e786d/h2_Weve created more than 5,000 Doodles ove_111429' is visible

17-06-2024T18:15:37 - [TEST_STEP][PASSED] - click(findTestObject("Object Repository/Page_The Story and Evolution of Doodles - G_6e786d/p_The first Doodle was a simple out-of-offi_345e61")): Object: 'Object Repository/Page_The Story and Evolution of Doodles - G_6e786d/p_The first Doodle was a simple out-of-offi_345e61' is clicked on

17-06-2024T18:15:37 - [MESSAGE][PASSED] - Object: 'Object Repository/Page_The Story and Evolution of Doodles - G_6e786d/p_The first Doodle was a simple out-of-offi_345e61' is clicked on

17-06-2024T18:15:37 - [TEST_STEP][PASSED] - verifyElementVisible(findTestObject("Object Repository/Page_The Story and Evolution of Doodles - G_6e786d/h1_The story behind Doodles")): Object 'Object Repository/Page_The Story and Evolution of Doodles - G_6e786d/h1_The story behind Doodles' is visible

17-06-2024T18:15:38 - [MESSAGE][PASSED] - Object 'Object Repository/Page_The Story and Evolution of Doodles - G_6e786d/h1_The story behind Doodles' is visible

17-06-2024T18:15:38 - [TEST_STEP][PASSED] - verifyElementVisible(findTestObject("Object Repository/Page_The Story and Evolution of Doodles - G_6e786d/p_The first Doodle was a simple out-of-offi_345e61")): Object 'Object Repository/Page_The Story and Evolution of Doodles - G_6e786d/p_The first Doodle was a simple out-of-offi_345e61' is visible

17-06-2024T18:15:38 - [MESSAGE][PASSED] - Object 'Object Repository/Page_The Story and Evolution of Doodles - G_6e786d/p_The first Doodle was a simple out-of-offi_345e61' is visible

17-06-2024T18:15:38 - [TEST_STEP][PASSED] - verifyElementVisible(findTestObject("Object Repository/Page_The Story and Evolution of Doodles - G_6e786d/h2_Weve created more than 5,000 Doodles ove_111429")): Object 'Object Repository/Page_The Story and Evolution of Doodles - G_6e786d/h2_Weve created more than 5,000 Doodles ove_111429' is visible

17-06-2024T18:15:38 - [MESSAGE][PASSED] - Object 'Object Repository/Page_The Story and Evolution of Doodles - G_6e786d/h2_Weve created more than 5,000 Doodles ove_111429' is visible

17-06-2024T18:15:38 - [TEST_STEP][PASSED] - click(findTestObject("Object Repository/Page_The Story and Evolution of Doodles - G_6e786d/p_The first Doodle was a simple out-of-offi_345e61")): Object: 'Object Repository/Page_The Story and Evolution of Doodles - G_6e786d/p_The first Doodle was a simple out-of-offi_345e61' is clicked on

17-06-2024T18:15:39 - [MESSAGE][PASSED] - Object: 'Object Repository/Page_The Story and Evolution of Doodles - G_6e786d/p_The first Doodle was a simple out-of-offi_345e61' is clicked on

17-06-2024T18:15:39 - [TEST_STEP][PASSED] - verifyElementVisible(findTestObject("Object Repository/Page_The Story and Evolution of Doodles - G_6e786d/h1_The story behind Doodles")): Object 'Object Repository/Page_The Story and Evolution of Doodles - G_6e786d/h1_The story behind Doodles' is visible

17-06-2024T18:15:39 - [MESSAGE][PASSED] - Object 'Object Repository/Page_The Story and Evolution of Doodles - G_6e786d/h1_The story behind Doodles' is visible

17-06-2024T18:15:39 - [TEST_STEP][PASSED] - verifyElementVisible(findTestObject("Object Repository/Page_The Story and Evolution of Doodles - G_6e786d/p_The first Doodle was a simple out-of-offi_345e61")): Object 'Object Repository/Page_The Story and Evolution of Doodles - G_6e786d/p_The first Doodle was a simple out-of-offi_345e61' is visible

17-06-2024T18:15:39 - [MESSAGE][PASSED] - Object 'Object Repository/Page_The Story and Evolution of Doodles - G_6e786d/p_The first Doodle was a simple out-of-offi_345e61' is visible

17-06-2024T18:15:39 - [TEST_STEP][PASSED] - verifyElementVisible(findTestObject("Object Repository/Page_The Story and Evolution of Doodles - G_6e786d/h2_Weve created more than 5,000 Doodles ove_111429")): Object 'Object Repository/Page_The Story and Evolution of Doodles - G_6e786d/h2_Weve created more than 5,000 Doodles ove_111429' is visible

17-06-2024T18:15:40 - [MESSAGE][PASSED] - Object 'Object Repository/Page_The Story and Evolution of Doodles - G_6e786d/h2_Weve created more than 5,000 Doodles ove_111429' is visible

17-06-2024T18:15:40 - [TEST_STEP][PASSED] - click(findTestObject("Object Repository/Page_The Story and Evolution of Doodles - G_6e786d/p_The first Doodle was a simple out-of-offi_345e61")): Object: 'Object Repository/Page_The Story and Evolution of Doodles - G_6e786d/p_The first Doodle was a simple out-of-offi_345e61' is clicked on

17-06-2024T18:15:40 - [MESSAGE][PASSED] - Object: 'Object Repository/Page_The Story and Evolution of Doodles - G_6e786d/p_The first Doodle was a simple out-of-offi_345e61' is clicked on

17-06-2024T18:15:40 - [TEST_STEP][PASSED] - verifyElementVisible(findTestObject("Object Repository/Page_The Story and Evolution of Doodles - G_6e786d/h1_The story behind Doodles")): Object 'Object Repository/Page_The Story and Evolution of Doodles - G_6e786d/h1_The story behind Doodles' is visible

17-06-2024T18:15:40 - [MESSAGE][PASSED] - Object 'Object Repository/Page_The Story and Evolution of Doodles - G_6e786d/h1_The story behind Doodles' is visible

17-06-2024T18:15:40 - [TEST_STEP][PASSED] - verifyElementVisible(findTestObject("Object Repository/Page_The Story and Evolution of Doodles - G_6e786d/p_The first Doodle was a simple out-of-offi_345e61")): Object 'Object Repository/Page_The Story and Evolution of Doodles - G_6e786d/p_The first Doodle was a simple out-of-offi_345e61' is visible

17-06-2024T18:15:41 - [MESSAGE][PASSED] - Object 'Object Repository/Page_The Story and Evolution of Doodles - G_6e786d/p_The first Doodle was a simple out-of-offi_345e61' is visible

17-06-2024T18:15:41 - [TEST_STEP][PASSED] - verifyElementVisible(findTestObject("Object Repository/Page_The Story and Evolution of Doodles - G_6e786d/h2_Weve created more than 5,000 Doodles ove_111429")): Object 'Object Repository/Page_The Story and Evolution of Doodles - G_6e786d/h2_Weve created more than 5,000 Doodles ove_111429' is visible

17-06-2024T18:15:41 - [MESSAGE][PASSED] - Object 'Object Repository/Page_The Story and Evolution of Doodles - G_6e786d/h2_Weve created more than 5,000 Doodles ove_111429' is visible

17-06-2024T18:15:41 - [TEST_STEP][PASSED] - click(findTestObject("Object Repository/Page_The Story and Evolution of Doodles - G_6e786d/p_The first Doodle was a simple out-of-offi_345e61")): Object: 'Object Repository/Page_The Story and Evolution of Doodles - G_6e786d/p_The first Doodle was a simple out-of-offi_345e61' is clicked on

17-06-2024T18:15:41 - [MESSAGE][PASSED] - Object: 'Object Repository/Page_The Story and Evolution of Doodles - G_6e786d/p_The first Doodle was a simple out-of-offi_345e61' is clicked on

17-06-2024T18:15:41 - [TEST_STEP][PASSED] - verifyElementVisible(findTestObject("Object Repository/Page_The Story and Evolution of Doodles - G_6e786d/h1_The story behind Doodles")): Object 'Object Repository/Page_The Story and Evolution of Doodles - G_6e786d/h1_The story behind Doodles' is visible

17-06-2024T18:15:42 - [MESSAGE][PASSED] - Object 'Object Repository/Page_The Story and Evolution of Doodles - G_6e786d/h1_The story behind Doodles' is visible

17-06-2024T18:15:42 - [TEST_STEP][PASSED] - verifyElementVisible(findTestObject("Object Repository/Page_The Story and Evolution of Doodles - G_6e786d/p_The first Doodle was a simple out-of-offi_345e61")): Object 'Object Repository/Page_The Story and Evolution of Doodles - G_6e786d/p_The first Doodle was a simple out-of-offi_345e61' is visible

17-06-2024T18:15:42 - [MESSAGE][PASSED] - Object 'Object Repository/Page_The Story and Evolution of Doodles - G_6e786d/p_The first Doodle was a simple out-of-offi_345e61' is visible

17-06-2024T18:15:42 - [TEST_STEP][PASSED] - verifyElementVisible(findTestObject("Object Repository/Page_The Story and Evolution of Doodles - G_6e786d/h2_Weve created more than 5,000 Doodles ove_111429")): Object 'Object Repository/Page_The Story and Evolution of Doodles - G_6e786d/h2_Weve created more than 5,000 Doodles ove_111429' is visible

17-06-2024T18:15:42 - [MESSAGE][PASSED] - Object 'Object Repository/Page_The Story and Evolution of Doodles - G_6e786d/h2_Weve created more than 5,000 Doodles ove_111429' is visible

17-06-2024T18:15:42 - [TEST_STEP][PASSED] - click(findTestObject("Object Repository/Page_The Story and Evolution of Doodles - G_6e786d/p_The first Doodle was a simple out-of-offi_345e61")): Object: 'Object Repository/Page_The Story and Evolution of Doodles - G_6e786d/p_The first Doodle was a simple out-of-offi_345e61' is clicked on

17-06-2024T18:15:43 - [MESSAGE][PASSED] - Object: 'Object Repository/Page_The Story and Evolution of Doodles - G_6e786d/p_The first Doodle was a simple out-of-offi_345e61' is clicked on

17-06-2024T18:15:43 - [TEST_STEP][PASSED] - verifyElementVisible(findTestObject("Object Repository/Page_The Story and Evolution of Doodles - G_6e786d/h1_The story behind Doodles")): Object 'Object Repository/Page_The Story and Evolution of Doodles - G_6e786d/h1_The story behind Doodles' is visible

17-06-2024T18:15:43 - [MESSAGE][PASSED] - Object 'Object Repository/Page_The Story and Evolution of Doodles - G_6e786d/h1_The story behind Doodles' is visible

17-06-2024T18:15:43 - [TEST_STEP][PASSED] - verifyElementVisible(findTestObject("Object Repository/Page_The Story and Evolution of Doodles - G_6e786d/p_The first Doodle was a simple out-of-offi_345e61")): Object 'Object Repository/Page_The Story and Evolution of Doodles - G_6e786d/p_The first Doodle was a simple out-of-offi_345e61' is visible

17-06-2024T18:15:43 - [MESSAGE][PASSED] - Object 'Object Repository/Page_The Story and Evolution of Doodles - G_6e786d/p_The first Doodle was a simple out-of-offi_345e61' is visible

17-06-2024T18:15:43 - [TEST_STEP][PASSED] - verifyElementVisible(findTestObject("Object Repository/Page_The Story and Evolution of Doodles - G_6e786d/h2_Weve created more than 5,000 Doodles ove_111429")): Object 'Object Repository/Page_The Story and Evolution of Doodles - G_6e786d/h2_Weve created more than 5,000 Doodles ove_111429' is visible

17-06-2024T18:15:44 - [MESSAGE][PASSED] - Object 'Object Repository/Page_The Story and Evolution of Doodles - G_6e786d/h2_Weve created more than 5,000 Doodles ove_111429' is visible

17-06-2024T18:15:44 - [TEST_STEP][PASSED] - click(findTestObject("Object Repository/Page_The Story and Evolution of Doodles - G_6e786d/p_The first Doodle was a simple out-of-offi_345e61")): Object: 'Object Repository/Page_The Story and Evolution of Doodles - G_6e786d/p_The first Doodle was a simple out-of-offi_345e61' is clicked on

17-06-2024T18:15:44 - [MESSAGE][PASSED] - Object: 'Object Repository/Page_The Story and Evolution of Doodles - G_6e786d/p_The first Doodle was a simple out-of-offi_345e61' is clicked on

17-06-2024T18:15:44 - [TEST_STEP][PASSED] - verifyElementVisible(findTestObject("Object Repository/Page_The Story and Evolution of Doodles - G_6e786d/h1_The story behind Doodles")): Object 'Object Repository/Page_The Story and Evolution of Doodles - G_6e786d/h1_The story behind Doodles' is visible

17-06-2024T18:15:45 - [MESSAGE][PASSED] - Object 'Object Repository/Page_The Story and Evolution of Doodles - G_6e786d/h1_The story behind Doodles' is visible

17-06-2024T18:15:45 - [TEST_STEP][PASSED] - verifyElementVisible(findTestObject("Object Repository/Page_The Story and Evolution of Doodles - G_6e786d/p_The first Doodle was a simple out-of-offi_345e61")): Object 'Object Repository/Page_The Story and Evolution of Doodles - G_6e786d/p_The first Doodle was a simple out-of-offi_345e61' is visible

17-06-2024T18:15:45 - [MESSAGE][PASSED] - Object 'Object Repository/Page_The Story and Evolution of Doodles - G_6e786d/p_The first Doodle was a simple out-of-offi_345e61' is visible

17-06-2024T18:15:45 - [TEST_STEP][PASSED] - verifyElementVisible(findTestObject("Object Repository/Page_The Story and Evolution of Doodles - G_6e786d/h2_Weve created more than 5,000 Doodles ove_111429")): Object 'Object Repository/Page_The Story and Evolution of Doodles - G_6e786d/h2_Weve created more than 5,000 Doodles ove_111429' is visible

17-06-2024T18:15:45 - [MESSAGE][PASSED] - Object 'Object Repository/Page_The Story and Evolution of Doodles - G_6e786d/h2_Weve created more than 5,000 Doodles ove_111429' is visible

17-06-2024T18:15:45 - [TEST_STEP][PASSED] - click(findTestObject("Object Repository/Page_The Story and Evolution of Doodles - G_6e786d/p_The first Doodle was a simple out-of-offi_345e61")): Object: 'Object Repository/Page_The Story and Evolution of Doodles - G_6e786d/p_The first Doodle was a simple out-of-offi_345e61' is clicked on

17-06-2024T18:15:46 - [MESSAGE][PASSED] - Object: 'Object Repository/Page_The Story and Evolution of Doodles - G_6e786d/p_The first Doodle was a simple out-of-offi_345e61' is clicked on

17-06-2024T18:15:46 - [TEST_STEP][PASSED] - verifyElementVisible(findTestObject("Object Repository/Page_The Story and Evolution of Doodles - G_6e786d/h1_The story behind Doodles")): Object 'Object Repository/Page_The Story and Evolution of Doodles - G_6e786d/h1_The story behind Doodles' is visible

17-06-2024T18:15:46 - [MESSAGE][PASSED] - Object 'Object Repository/Page_The Story and Evolution of Doodles - G_6e786d/h1_The story behind Doodles' is visible

17-06-2024T18:15:46 - [TEST_STEP][PASSED] - verifyElementVisible(findTestObject("Object Repository/Page_The Story and Evolution of Doodles - G_6e786d/p_The first Doodle was a simple out-of-offi_345e61")): Object 'Object Repository/Page_The Story and Evolution of Doodles - G_6e786d/p_The first Doodle was a simple out-of-offi_345e61' is visible

17-06-2024T18:15:46 - [MESSAGE][PASSED] - Object 'Object Repository/Page_The Story and Evolution of Doodles - G_6e786d/p_The first Doodle was a simple out-of-offi_345e61' is visible

17-06-2024T18:15:46 - [TEST_STEP][PASSED] - verifyElementVisible(findTestObject("Object Repository/Page_The Story and Evolution of Doodles - G_6e786d/h2_Weve created more than 5,000 Doodles ove_111429")): Object 'Object Repository/Page_The Story and Evolution of Doodles - G_6e786d/h2_Weve created more than 5,000 Doodles ove_111429' is visible

17-06-2024T18:15:47 - [MESSAGE][PASSED] - Object 'Object Repository/Page_The Story and Evolution of Doodles - G_6e786d/h2_Weve created more than 5,000 Doodles ove_111429' is visible

17-06-2024T18:15:47 - [TEST_STEP][PASSED] - click(findTestObject("Object Repository/Page_The Story and Evolution of Doodles - G_6e786d/p_The first Doodle was a simple out-of-offi_345e61")): Object: 'Object Repository/Page_The Story and Evolution of Doodles - G_6e786d/p_The first Doodle was a simple out-of-offi_345e61' is clicked on

17-06-2024T18:15:47 - [MESSAGE][PASSED] - Object: 'Object Repository/Page_The Story and Evolution of Doodles - G_6e786d/p_The first Doodle was a simple out-of-offi_345e61' is clicked on

17-06-2024T18:15:47 - [TEST_STEP][PASSED] - verifyElementVisible(findTestObject("Object Repository/Page_The Story and Evolution of Doodles - G_6e786d/h1_The story behind Doodles")): Object 'Object Repository/Page_The Story and Evolution of Doodles - G_6e786d/h1_The story behind Doodles' is visible

17-06-2024T18:15:47 - [MESSAGE][PASSED] - Object 'Object Repository/Page_The Story and Evolution of Doodles - G_6e786d/h1_The story behind Doodles' is visible

17-06-2024T18:15:47 - [TEST_STEP][PASSED] - verifyElementVisible(findTestObject("Object Repository/Page_The Story and Evolution of Doodles - G_6e786d/p_The first Doodle was a simple out-of-offi_345e61")): Object 'Object Repository/Page_The Story and Evolution of Doodles - G_6e786d/p_The first Doodle was a simple out-of-offi_345e61' is visible

17-06-2024T18:15:48 - [MESSAGE][PASSED] - Object 'Object Repository/Page_The Story and Evolution of Doodles - G_6e786d/p_The first Doodle was a simple out-of-offi_345e61' is visible

17-06-2024T18:15:48 - [TEST_STEP][PASSED] - verifyElementVisible(findTestObject("Object Repository/Page_The Story and Evolution of Doodles - G_6e786d/h2_Weve created more than 5,000 Doodles ove_111429")): Object 'Object Repository/Page_The Story and Evolution of Doodles - G_6e786d/h2_Weve created more than 5,000 Doodles ove_111429' is visible

17-06-2024T18:15:48 - [MESSAGE][PASSED] - Object 'Object Repository/Page_The Story and Evolution of Doodles - G_6e786d/h2_Weve created more than 5,000 Doodles ove_111429' is visible]]></system-out>
         <system-err><![CDATA[]]></system-err>
      </testcase>
      <testcase name="Test Cases/test case folder 1/tc1 - Copy (1) - Copy (5)" time="19.483" classname="Test Cases/test case folder 1/tc1 - Copy (1) - Copy (5)" status="PASSED">
         <system-out><![CDATA[17-06-2024T18:15:48 - [TEST_CASE][PASSED] - Test Cases/test case folder 1/tc1 - Copy (1) - Copy (5): Test Cases/test case folder 1/tc1 - Copy (1) - Copy (5)

17-06-2024T18:15:48 - [TEST_STEP][PASSED] - openBrowser(""): Browser is opened with url: ''

17-06-2024T18:15:48 - [MESSAGE][WARNING] - A browser is already opened. Closing browser and opening a new one

17-06-2024T18:15:48 - [MESSAGE][INFO] - Starting 'Chrome (headless)' driver

17-06-2024T18:15:48 - [MESSAGE][INFO] - Action delay is set to 0 milliseconds

17-06-2024T18:15:49 - [MESSAGE][PASSED] - Browser is opened with url: ''

17-06-2024T18:15:49 - [TEST_STEP][PASSED] - navigateToUrl("https://doodles.google/about/"): Navigate to 'https://doodles.google/about/' successfully

17-06-2024T18:15:52 - [MESSAGE][PASSED] - Navigate to 'https://doodles.google/about/' successfully

17-06-2024T18:15:52 - [TEST_STEP][PASSED] - click(findTestObject("Object Repository/Page_The Story and Evolution of Doodles - G_6e786d/p_The first Doodle was a simple out-of-offi_345e61")): Object: 'Object Repository/Page_The Story and Evolution of Doodles - G_6e786d/p_The first Doodle was a simple out-of-offi_345e61' is clicked on

17-06-2024T18:15:53 - [MESSAGE][PASSED] - Object: 'Object Repository/Page_The Story and Evolution of Doodles - G_6e786d/p_The first Doodle was a simple out-of-offi_345e61' is clicked on

17-06-2024T18:15:53 - [TEST_STEP][PASSED] - click(findTestObject("Object Repository/Page_The Story and Evolution of Doodles - G_6e786d/p_The first Doodle was a simple out-of-offi_345e61")): Object: 'Object Repository/Page_The Story and Evolution of Doodles - G_6e786d/p_The first Doodle was a simple out-of-offi_345e61' is clicked on

17-06-2024T18:15:53 - [MESSAGE][PASSED] - Object: 'Object Repository/Page_The Story and Evolution of Doodles - G_6e786d/p_The first Doodle was a simple out-of-offi_345e61' is clicked on

17-06-2024T18:15:53 - [TEST_STEP][PASSED] - verifyElementVisible(findTestObject("Object Repository/Page_The Story and Evolution of Doodles - G_6e786d/h1_The story behind Doodles")): Object 'Object Repository/Page_The Story and Evolution of Doodles - G_6e786d/h1_The story behind Doodles' is visible

17-06-2024T18:15:53 - [MESSAGE][PASSED] - Object 'Object Repository/Page_The Story and Evolution of Doodles - G_6e786d/h1_The story behind Doodles' is visible

17-06-2024T18:15:53 - [TEST_STEP][PASSED] - verifyElementVisible(findTestObject("Object Repository/Page_The Story and Evolution of Doodles - G_6e786d/p_The first Doodle was a simple out-of-offi_345e61")): Object 'Object Repository/Page_The Story and Evolution of Doodles - G_6e786d/p_The first Doodle was a simple out-of-offi_345e61' is visible

17-06-2024T18:15:54 - [MESSAGE][PASSED] - Object 'Object Repository/Page_The Story and Evolution of Doodles - G_6e786d/p_The first Doodle was a simple out-of-offi_345e61' is visible

17-06-2024T18:15:54 - [TEST_STEP][PASSED] - verifyElementVisible(findTestObject("Object Repository/Page_The Story and Evolution of Doodles - G_6e786d/h2_Weve created more than 5,000 Doodles ove_111429")): Object 'Object Repository/Page_The Story and Evolution of Doodles - G_6e786d/h2_Weve created more than 5,000 Doodles ove_111429' is visible

17-06-2024T18:15:54 - [MESSAGE][PASSED] - Object 'Object Repository/Page_The Story and Evolution of Doodles - G_6e786d/h2_Weve created more than 5,000 Doodles ove_111429' is visible

17-06-2024T18:15:54 - [TEST_STEP][PASSED] - verifyElementVisible(findTestObject("Object Repository/Page_The Story and Evolution of Doodles - G_6e786d/h1_The story behind Doodles")): Object 'Object Repository/Page_The Story and Evolution of Doodles - G_6e786d/h1_The story behind Doodles' is visible

17-06-2024T18:15:54 - [MESSAGE][PASSED] - Object 'Object Repository/Page_The Story and Evolution of Doodles - G_6e786d/h1_The story behind Doodles' is visible

17-06-2024T18:15:54 - [TEST_STEP][PASSED] - verifyElementVisible(findTestObject("Object Repository/Page_The Story and Evolution of Doodles - G_6e786d/p_The first Doodle was a simple out-of-offi_345e61")): Object 'Object Repository/Page_The Story and Evolution of Doodles - G_6e786d/p_The first Doodle was a simple out-of-offi_345e61' is visible

17-06-2024T18:15:55 - [MESSAGE][PASSED] - Object 'Object Repository/Page_The Story and Evolution of Doodles - G_6e786d/p_The first Doodle was a simple out-of-offi_345e61' is visible

17-06-2024T18:15:55 - [TEST_STEP][PASSED] - verifyElementVisible(findTestObject("Object Repository/Page_The Story and Evolution of Doodles - G_6e786d/h2_Weve created more than 5,000 Doodles ove_111429")): Object 'Object Repository/Page_The Story and Evolution of Doodles - G_6e786d/h2_Weve created more than 5,000 Doodles ove_111429' is visible

17-06-2024T18:15:55 - [MESSAGE][PASSED] - Object 'Object Repository/Page_The Story and Evolution of Doodles - G_6e786d/h2_Weve created more than 5,000 Doodles ove_111429' is visible

17-06-2024T18:15:55 - [TEST_STEP][PASSED] - click(findTestObject("Object Repository/Page_The Story and Evolution of Doodles - G_6e786d/p_The first Doodle was a simple out-of-offi_345e61")): Object: 'Object Repository/Page_The Story and Evolution of Doodles - G_6e786d/p_The first Doodle was a simple out-of-offi_345e61' is clicked on

17-06-2024T18:15:55 - [MESSAGE][PASSED] - Object: 'Object Repository/Page_The Story and Evolution of Doodles - G_6e786d/p_The first Doodle was a simple out-of-offi_345e61' is clicked on

17-06-2024T18:15:55 - [TEST_STEP][PASSED] - verifyElementVisible(findTestObject("Object Repository/Page_The Story and Evolution of Doodles - G_6e786d/h1_The story behind Doodles")): Object 'Object Repository/Page_The Story and Evolution of Doodles - G_6e786d/h1_The story behind Doodles' is visible

17-06-2024T18:15:56 - [MESSAGE][PASSED] - Object 'Object Repository/Page_The Story and Evolution of Doodles - G_6e786d/h1_The story behind Doodles' is visible

17-06-2024T18:15:56 - [TEST_STEP][PASSED] - verifyElementVisible(findTestObject("Object Repository/Page_The Story and Evolution of Doodles - G_6e786d/p_The first Doodle was a simple out-of-offi_345e61")): Object 'Object Repository/Page_The Story and Evolution of Doodles - G_6e786d/p_The first Doodle was a simple out-of-offi_345e61' is visible

17-06-2024T18:15:56 - [MESSAGE][PASSED] - Object 'Object Repository/Page_The Story and Evolution of Doodles - G_6e786d/p_The first Doodle was a simple out-of-offi_345e61' is visible

17-06-2024T18:15:56 - [TEST_STEP][PASSED] - verifyElementVisible(findTestObject("Object Repository/Page_The Story and Evolution of Doodles - G_6e786d/h2_Weve created more than 5,000 Doodles ove_111429")): Object 'Object Repository/Page_The Story and Evolution of Doodles - G_6e786d/h2_Weve created more than 5,000 Doodles ove_111429' is visible

17-06-2024T18:15:56 - [MESSAGE][PASSED] - Object 'Object Repository/Page_The Story and Evolution of Doodles - G_6e786d/h2_Weve created more than 5,000 Doodles ove_111429' is visible

17-06-2024T18:15:56 - [TEST_STEP][PASSED] - click(findTestObject("Object Repository/Page_The Story and Evolution of Doodles - G_6e786d/p_The first Doodle was a simple out-of-offi_345e61")): Object: 'Object Repository/Page_The Story and Evolution of Doodles - G_6e786d/p_The first Doodle was a simple out-of-offi_345e61' is clicked on

17-06-2024T18:15:57 - [MESSAGE][PASSED] - Object: 'Object Repository/Page_The Story and Evolution of Doodles - G_6e786d/p_The first Doodle was a simple out-of-offi_345e61' is clicked on

17-06-2024T18:15:57 - [TEST_STEP][PASSED] - verifyElementVisible(findTestObject("Object Repository/Page_The Story and Evolution of Doodles - G_6e786d/h1_The story behind Doodles")): Object 'Object Repository/Page_The Story and Evolution of Doodles - G_6e786d/h1_The story behind Doodles' is visible

17-06-2024T18:15:57 - [MESSAGE][PASSED] - Object 'Object Repository/Page_The Story and Evolution of Doodles - G_6e786d/h1_The story behind Doodles' is visible

17-06-2024T18:15:57 - [TEST_STEP][PASSED] - verifyElementVisible(findTestObject("Object Repository/Page_The Story and Evolution of Doodles - G_6e786d/p_The first Doodle was a simple out-of-offi_345e61")): Object 'Object Repository/Page_The Story and Evolution of Doodles - G_6e786d/p_The first Doodle was a simple out-of-offi_345e61' is visible

17-06-2024T18:15:57 - [MESSAGE][PASSED] - Object 'Object Repository/Page_The Story and Evolution of Doodles - G_6e786d/p_The first Doodle was a simple out-of-offi_345e61' is visible

17-06-2024T18:15:57 - [TEST_STEP][PASSED] - verifyElementVisible(findTestObject("Object Repository/Page_The Story and Evolution of Doodles - G_6e786d/h2_Weve created more than 5,000 Doodles ove_111429")): Object 'Object Repository/Page_The Story and Evolution of Doodles - G_6e786d/h2_Weve created more than 5,000 Doodles ove_111429' is visible

17-06-2024T18:15:58 - [MESSAGE][PASSED] - Object 'Object Repository/Page_The Story and Evolution of Doodles - G_6e786d/h2_Weve created more than 5,000 Doodles ove_111429' is visible

17-06-2024T18:15:58 - [TEST_STEP][PASSED] - click(findTestObject("Object Repository/Page_The Story and Evolution of Doodles - G_6e786d/p_The first Doodle was a simple out-of-offi_345e61")): Object: 'Object Repository/Page_The Story and Evolution of Doodles - G_6e786d/p_The first Doodle was a simple out-of-offi_345e61' is clicked on

17-06-2024T18:15:58 - [MESSAGE][PASSED] - Object: 'Object Repository/Page_The Story and Evolution of Doodles - G_6e786d/p_The first Doodle was a simple out-of-offi_345e61' is clicked on

17-06-2024T18:15:58 - [TEST_STEP][PASSED] - verifyElementVisible(findTestObject("Object Repository/Page_The Story and Evolution of Doodles - G_6e786d/h1_The story behind Doodles")): Object 'Object Repository/Page_The Story and Evolution of Doodles - G_6e786d/h1_The story behind Doodles' is visible

17-06-2024T18:15:58 - [MESSAGE][PASSED] - Object 'Object Repository/Page_The Story and Evolution of Doodles - G_6e786d/h1_The story behind Doodles' is visible

17-06-2024T18:15:58 - [TEST_STEP][PASSED] - verifyElementVisible(findTestObject("Object Repository/Page_The Story and Evolution of Doodles - G_6e786d/p_The first Doodle was a simple out-of-offi_345e61")): Object 'Object Repository/Page_The Story and Evolution of Doodles - G_6e786d/p_The first Doodle was a simple out-of-offi_345e61' is visible

17-06-2024T18:15:59 - [MESSAGE][PASSED] - Object 'Object Repository/Page_The Story and Evolution of Doodles - G_6e786d/p_The first Doodle was a simple out-of-offi_345e61' is visible

17-06-2024T18:15:59 - [TEST_STEP][PASSED] - verifyElementVisible(findTestObject("Object Repository/Page_The Story and Evolution of Doodles - G_6e786d/h2_Weve created more than 5,000 Doodles ove_111429")): Object 'Object Repository/Page_The Story and Evolution of Doodles - G_6e786d/h2_Weve created more than 5,000 Doodles ove_111429' is visible

17-06-2024T18:15:59 - [MESSAGE][PASSED] - Object 'Object Repository/Page_The Story and Evolution of Doodles - G_6e786d/h2_Weve created more than 5,000 Doodles ove_111429' is visible

17-06-2024T18:15:59 - [TEST_STEP][PASSED] - click(findTestObject("Object Repository/Page_The Story and Evolution of Doodles - G_6e786d/p_The first Doodle was a simple out-of-offi_345e61")): Object: 'Object Repository/Page_The Story and Evolution of Doodles - G_6e786d/p_The first Doodle was a simple out-of-offi_345e61' is clicked on

17-06-2024T18:15:59 - [MESSAGE][PASSED] - Object: 'Object Repository/Page_The Story and Evolution of Doodles - G_6e786d/p_The first Doodle was a simple out-of-offi_345e61' is clicked on

17-06-2024T18:15:59 - [TEST_STEP][PASSED] - verifyElementVisible(findTestObject("Object Repository/Page_The Story and Evolution of Doodles - G_6e786d/h1_The story behind Doodles")): Object 'Object Repository/Page_The Story and Evolution of Doodles - G_6e786d/h1_The story behind Doodles' is visible

17-06-2024T18:16:00 - [MESSAGE][PASSED] - Object 'Object Repository/Page_The Story and Evolution of Doodles - G_6e786d/h1_The story behind Doodles' is visible

17-06-2024T18:16:00 - [TEST_STEP][PASSED] - verifyElementVisible(findTestObject("Object Repository/Page_The Story and Evolution of Doodles - G_6e786d/p_The first Doodle was a simple out-of-offi_345e61")): Object 'Object Repository/Page_The Story and Evolution of Doodles - G_6e786d/p_The first Doodle was a simple out-of-offi_345e61' is visible

17-06-2024T18:16:00 - [MESSAGE][PASSED] - Object 'Object Repository/Page_The Story and Evolution of Doodles - G_6e786d/p_The first Doodle was a simple out-of-offi_345e61' is visible

17-06-2024T18:16:00 - [TEST_STEP][PASSED] - verifyElementVisible(findTestObject("Object Repository/Page_The Story and Evolution of Doodles - G_6e786d/h2_Weve created more than 5,000 Doodles ove_111429")): Object 'Object Repository/Page_The Story and Evolution of Doodles - G_6e786d/h2_Weve created more than 5,000 Doodles ove_111429' is visible

17-06-2024T18:16:01 - [MESSAGE][PASSED] - Object 'Object Repository/Page_The Story and Evolution of Doodles - G_6e786d/h2_Weve created more than 5,000 Doodles ove_111429' is visible

17-06-2024T18:16:01 - [TEST_STEP][PASSED] - click(findTestObject("Object Repository/Page_The Story and Evolution of Doodles - G_6e786d/p_The first Doodle was a simple out-of-offi_345e61")): Object: 'Object Repository/Page_The Story and Evolution of Doodles - G_6e786d/p_The first Doodle was a simple out-of-offi_345e61' is clicked on

17-06-2024T18:16:01 - [MESSAGE][PASSED] - Object: 'Object Repository/Page_The Story and Evolution of Doodles - G_6e786d/p_The first Doodle was a simple out-of-offi_345e61' is clicked on

17-06-2024T18:16:01 - [TEST_STEP][PASSED] - verifyElementVisible(findTestObject("Object Repository/Page_The Story and Evolution of Doodles - G_6e786d/h1_The story behind Doodles")): Object 'Object Repository/Page_The Story and Evolution of Doodles - G_6e786d/h1_The story behind Doodles' is visible

17-06-2024T18:16:01 - [MESSAGE][PASSED] - Object 'Object Repository/Page_The Story and Evolution of Doodles - G_6e786d/h1_The story behind Doodles' is visible

17-06-2024T18:16:01 - [TEST_STEP][PASSED] - verifyElementVisible(findTestObject("Object Repository/Page_The Story and Evolution of Doodles - G_6e786d/p_The first Doodle was a simple out-of-offi_345e61")): Object 'Object Repository/Page_The Story and Evolution of Doodles - G_6e786d/p_The first Doodle was a simple out-of-offi_345e61' is visible

17-06-2024T18:16:02 - [MESSAGE][PASSED] - Object 'Object Repository/Page_The Story and Evolution of Doodles - G_6e786d/p_The first Doodle was a simple out-of-offi_345e61' is visible

17-06-2024T18:16:02 - [TEST_STEP][PASSED] - verifyElementVisible(findTestObject("Object Repository/Page_The Story and Evolution of Doodles - G_6e786d/h2_Weve created more than 5,000 Doodles ove_111429")): Object 'Object Repository/Page_The Story and Evolution of Doodles - G_6e786d/h2_Weve created more than 5,000 Doodles ove_111429' is visible

17-06-2024T18:16:02 - [MESSAGE][PASSED] - Object 'Object Repository/Page_The Story and Evolution of Doodles - G_6e786d/h2_Weve created more than 5,000 Doodles ove_111429' is visible

17-06-2024T18:16:02 - [TEST_STEP][PASSED] - click(findTestObject("Object Repository/Page_The Story and Evolution of Doodles - G_6e786d/p_The first Doodle was a simple out-of-offi_345e61")): Object: 'Object Repository/Page_The Story and Evolution of Doodles - G_6e786d/p_The first Doodle was a simple out-of-offi_345e61' is clicked on

17-06-2024T18:16:03 - [MESSAGE][PASSED] - Object: 'Object Repository/Page_The Story and Evolution of Doodles - G_6e786d/p_The first Doodle was a simple out-of-offi_345e61' is clicked on

17-06-2024T18:16:03 - [TEST_STEP][PASSED] - verifyElementVisible(findTestObject("Object Repository/Page_The Story and Evolution of Doodles - G_6e786d/h1_The story behind Doodles")): Object 'Object Repository/Page_The Story and Evolution of Doodles - G_6e786d/h1_The story behind Doodles' is visible

17-06-2024T18:16:03 - [MESSAGE][PASSED] - Object 'Object Repository/Page_The Story and Evolution of Doodles - G_6e786d/h1_The story behind Doodles' is visible

17-06-2024T18:16:03 - [TEST_STEP][PASSED] - verifyElementVisible(findTestObject("Object Repository/Page_The Story and Evolution of Doodles - G_6e786d/p_The first Doodle was a simple out-of-offi_345e61")): Object 'Object Repository/Page_The Story and Evolution of Doodles - G_6e786d/p_The first Doodle was a simple out-of-offi_345e61' is visible

17-06-2024T18:16:03 - [MESSAGE][PASSED] - Object 'Object Repository/Page_The Story and Evolution of Doodles - G_6e786d/p_The first Doodle was a simple out-of-offi_345e61' is visible

17-06-2024T18:16:03 - [TEST_STEP][PASSED] - verifyElementVisible(findTestObject("Object Repository/Page_The Story and Evolution of Doodles - G_6e786d/h2_Weve created more than 5,000 Doodles ove_111429")): Object 'Object Repository/Page_The Story and Evolution of Doodles - G_6e786d/h2_Weve created more than 5,000 Doodles ove_111429' is visible

17-06-2024T18:16:04 - [MESSAGE][PASSED] - Object 'Object Repository/Page_The Story and Evolution of Doodles - G_6e786d/h2_Weve created more than 5,000 Doodles ove_111429' is visible

17-06-2024T18:16:04 - [TEST_STEP][PASSED] - click(findTestObject("Object Repository/Page_The Story and Evolution of Doodles - G_6e786d/p_The first Doodle was a simple out-of-offi_345e61")): Object: 'Object Repository/Page_The Story and Evolution of Doodles - G_6e786d/p_The first Doodle was a simple out-of-offi_345e61' is clicked on

17-06-2024T18:16:04 - [MESSAGE][PASSED] - Object: 'Object Repository/Page_The Story and Evolution of Doodles - G_6e786d/p_The first Doodle was a simple out-of-offi_345e61' is clicked on

17-06-2024T18:16:04 - [TEST_STEP][PASSED] - verifyElementVisible(findTestObject("Object Repository/Page_The Story and Evolution of Doodles - G_6e786d/h1_The story behind Doodles")): Object 'Object Repository/Page_The Story and Evolution of Doodles - G_6e786d/h1_The story behind Doodles' is visible

17-06-2024T18:16:04 - [MESSAGE][PASSED] - Object 'Object Repository/Page_The Story and Evolution of Doodles - G_6e786d/h1_The story behind Doodles' is visible

17-06-2024T18:16:04 - [TEST_STEP][PASSED] - verifyElementVisible(findTestObject("Object Repository/Page_The Story and Evolution of Doodles - G_6e786d/p_The first Doodle was a simple out-of-offi_345e61")): Object 'Object Repository/Page_The Story and Evolution of Doodles - G_6e786d/p_The first Doodle was a simple out-of-offi_345e61' is visible

17-06-2024T18:16:05 - [MESSAGE][PASSED] - Object 'Object Repository/Page_The Story and Evolution of Doodles - G_6e786d/p_The first Doodle was a simple out-of-offi_345e61' is visible

17-06-2024T18:16:05 - [TEST_STEP][PASSED] - verifyElementVisible(findTestObject("Object Repository/Page_The Story and Evolution of Doodles - G_6e786d/h2_Weve created more than 5,000 Doodles ove_111429")): Object 'Object Repository/Page_The Story and Evolution of Doodles - G_6e786d/h2_Weve created more than 5,000 Doodles ove_111429' is visible

17-06-2024T18:16:05 - [MESSAGE][PASSED] - Object 'Object Repository/Page_The Story and Evolution of Doodles - G_6e786d/h2_Weve created more than 5,000 Doodles ove_111429' is visible

17-06-2024T18:16:05 - [TEST_STEP][PASSED] - click(findTestObject("Object Repository/Page_The Story and Evolution of Doodles - G_6e786d/p_The first Doodle was a simple out-of-offi_345e61")): Object: 'Object Repository/Page_The Story and Evolution of Doodles - G_6e786d/p_The first Doodle was a simple out-of-offi_345e61' is clicked on

17-06-2024T18:16:05 - [MESSAGE][PASSED] - Object: 'Object Repository/Page_The Story and Evolution of Doodles - G_6e786d/p_The first Doodle was a simple out-of-offi_345e61' is clicked on

17-06-2024T18:16:05 - [TEST_STEP][PASSED] - verifyElementVisible(findTestObject("Object Repository/Page_The Story and Evolution of Doodles - G_6e786d/h1_The story behind Doodles")): Object 'Object Repository/Page_The Story and Evolution of Doodles - G_6e786d/h1_The story behind Doodles' is visible

17-06-2024T18:16:05 - [MESSAGE][PASSED] - Object 'Object Repository/Page_The Story and Evolution of Doodles - G_6e786d/h1_The story behind Doodles' is visible

17-06-2024T18:16:05 - [TEST_STEP][PASSED] - verifyElementVisible(findTestObject("Object Repository/Page_The Story and Evolution of Doodles - G_6e786d/p_The first Doodle was a simple out-of-offi_345e61")): Object 'Object Repository/Page_The Story and Evolution of Doodles - G_6e786d/p_The first Doodle was a simple out-of-offi_345e61' is visible

17-06-2024T18:16:06 - [MESSAGE][PASSED] - Object 'Object Repository/Page_The Story and Evolution of Doodles - G_6e786d/p_The first Doodle was a simple out-of-offi_345e61' is visible

17-06-2024T18:16:06 - [TEST_STEP][PASSED] - verifyElementVisible(findTestObject("Object Repository/Page_The Story and Evolution of Doodles - G_6e786d/h2_Weve created more than 5,000 Doodles ove_111429")): Object 'Object Repository/Page_The Story and Evolution of Doodles - G_6e786d/h2_Weve created more than 5,000 Doodles ove_111429' is visible

17-06-2024T18:16:06 - [MESSAGE][PASSED] - Object 'Object Repository/Page_The Story and Evolution of Doodles - G_6e786d/h2_Weve created more than 5,000 Doodles ove_111429' is visible

17-06-2024T18:16:06 - [TEST_STEP][PASSED] - click(findTestObject("Object Repository/Page_The Story and Evolution of Doodles - G_6e786d/p_The first Doodle was a simple out-of-offi_345e61")): Object: 'Object Repository/Page_The Story and Evolution of Doodles - G_6e786d/p_The first Doodle was a simple out-of-offi_345e61' is clicked on

17-06-2024T18:16:06 - [MESSAGE][PASSED] - Object: 'Object Repository/Page_The Story and Evolution of Doodles - G_6e786d/p_The first Doodle was a simple out-of-offi_345e61' is clicked on

17-06-2024T18:16:06 - [TEST_STEP][PASSED] - verifyElementVisible(findTestObject("Object Repository/Page_The Story and Evolution of Doodles - G_6e786d/h1_The story behind Doodles")): Object 'Object Repository/Page_The Story and Evolution of Doodles - G_6e786d/h1_The story behind Doodles' is visible

17-06-2024T18:16:07 - [MESSAGE][PASSED] - Object 'Object Repository/Page_The Story and Evolution of Doodles - G_6e786d/h1_The story behind Doodles' is visible

17-06-2024T18:16:07 - [TEST_STEP][PASSED] - verifyElementVisible(findTestObject("Object Repository/Page_The Story and Evolution of Doodles - G_6e786d/p_The first Doodle was a simple out-of-offi_345e61")): Object 'Object Repository/Page_The Story and Evolution of Doodles - G_6e786d/p_The first Doodle was a simple out-of-offi_345e61' is visible

17-06-2024T18:16:07 - [MESSAGE][PASSED] - Object 'Object Repository/Page_The Story and Evolution of Doodles - G_6e786d/p_The first Doodle was a simple out-of-offi_345e61' is visible

17-06-2024T18:16:07 - [TEST_STEP][PASSED] - verifyElementVisible(findTestObject("Object Repository/Page_The Story and Evolution of Doodles - G_6e786d/h2_Weve created more than 5,000 Doodles ove_111429")): Object 'Object Repository/Page_The Story and Evolution of Doodles - G_6e786d/h2_Weve created more than 5,000 Doodles ove_111429' is visible

17-06-2024T18:16:08 - [MESSAGE][PASSED] - Object 'Object Repository/Page_The Story and Evolution of Doodles - G_6e786d/h2_Weve created more than 5,000 Doodles ove_111429' is visible]]></system-out>
         <system-err><![CDATA[]]></system-err>
      </testcase>
      <testcase name="Test Cases/test case folder 1/tc1 - Copy (1) - Copy (6)" time="19.509" classname="Test Cases/test case folder 1/tc1 - Copy (1) - Copy (6)" status="PASSED">
         <system-out><![CDATA[17-06-2024T18:16:08 - [TEST_CASE][PASSED] - Test Cases/test case folder 1/tc1 - Copy (1) - Copy (6): Test Cases/test case folder 1/tc1 - Copy (1) - Copy (6)

17-06-2024T18:16:08 - [TEST_STEP][PASSED] - openBrowser(""): Browser is opened with url: ''

17-06-2024T18:16:08 - [MESSAGE][WARNING] - A browser is already opened. Closing browser and opening a new one

17-06-2024T18:16:08 - [MESSAGE][INFO] - Starting 'Chrome (headless)' driver

17-06-2024T18:16:08 - [MESSAGE][INFO] - Action delay is set to 0 milliseconds

17-06-2024T18:16:09 - [MESSAGE][PASSED] - Browser is opened with url: ''

17-06-2024T18:16:09 - [TEST_STEP][PASSED] - navigateToUrl("https://doodles.google/about/"): Navigate to 'https://doodles.google/about/' successfully

17-06-2024T18:16:10 - [MESSAGE][PASSED] - Navigate to 'https://doodles.google/about/' successfully

17-06-2024T18:16:10 - [TEST_STEP][PASSED] - click(findTestObject("Object Repository/Page_The Story and Evolution of Doodles - G_6e786d/p_The first Doodle was a simple out-of-offi_345e61")): Object: 'Object Repository/Page_The Story and Evolution of Doodles - G_6e786d/p_The first Doodle was a simple out-of-offi_345e61' is clicked on

17-06-2024T18:16:12 - [MESSAGE][PASSED] - Object: 'Object Repository/Page_The Story and Evolution of Doodles - G_6e786d/p_The first Doodle was a simple out-of-offi_345e61' is clicked on

17-06-2024T18:16:12 - [TEST_STEP][PASSED] - click(findTestObject("Object Repository/Page_The Story and Evolution of Doodles - G_6e786d/p_The first Doodle was a simple out-of-offi_345e61")): Object: 'Object Repository/Page_The Story and Evolution of Doodles - G_6e786d/p_The first Doodle was a simple out-of-offi_345e61' is clicked on

17-06-2024T18:16:13 - [MESSAGE][PASSED] - Object: 'Object Repository/Page_The Story and Evolution of Doodles - G_6e786d/p_The first Doodle was a simple out-of-offi_345e61' is clicked on

17-06-2024T18:16:13 - [TEST_STEP][PASSED] - verifyElementVisible(findTestObject("Object Repository/Page_The Story and Evolution of Doodles - G_6e786d/h1_The story behind Doodles")): Object 'Object Repository/Page_The Story and Evolution of Doodles - G_6e786d/h1_The story behind Doodles' is visible

17-06-2024T18:16:13 - [MESSAGE][PASSED] - Object 'Object Repository/Page_The Story and Evolution of Doodles - G_6e786d/h1_The story behind Doodles' is visible

17-06-2024T18:16:13 - [TEST_STEP][PASSED] - verifyElementVisible(findTestObject("Object Repository/Page_The Story and Evolution of Doodles - G_6e786d/p_The first Doodle was a simple out-of-offi_345e61")): Object 'Object Repository/Page_The Story and Evolution of Doodles - G_6e786d/p_The first Doodle was a simple out-of-offi_345e61' is visible

17-06-2024T18:16:13 - [MESSAGE][PASSED] - Object 'Object Repository/Page_The Story and Evolution of Doodles - G_6e786d/p_The first Doodle was a simple out-of-offi_345e61' is visible

17-06-2024T18:16:13 - [TEST_STEP][PASSED] - verifyElementVisible(findTestObject("Object Repository/Page_The Story and Evolution of Doodles - G_6e786d/h2_Weve created more than 5,000 Doodles ove_111429")): Object 'Object Repository/Page_The Story and Evolution of Doodles - G_6e786d/h2_Weve created more than 5,000 Doodles ove_111429' is visible

17-06-2024T18:16:14 - [MESSAGE][PASSED] - Object 'Object Repository/Page_The Story and Evolution of Doodles - G_6e786d/h2_Weve created more than 5,000 Doodles ove_111429' is visible

17-06-2024T18:16:14 - [TEST_STEP][PASSED] - verifyElementVisible(findTestObject("Object Repository/Page_The Story and Evolution of Doodles - G_6e786d/h1_The story behind Doodles")): Object 'Object Repository/Page_The Story and Evolution of Doodles - G_6e786d/h1_The story behind Doodles' is visible

17-06-2024T18:16:14 - [MESSAGE][PASSED] - Object 'Object Repository/Page_The Story and Evolution of Doodles - G_6e786d/h1_The story behind Doodles' is visible

17-06-2024T18:16:14 - [TEST_STEP][PASSED] - verifyElementVisible(findTestObject("Object Repository/Page_The Story and Evolution of Doodles - G_6e786d/p_The first Doodle was a simple out-of-offi_345e61")): Object 'Object Repository/Page_The Story and Evolution of Doodles - G_6e786d/p_The first Doodle was a simple out-of-offi_345e61' is visible

17-06-2024T18:16:14 - [MESSAGE][PASSED] - Object 'Object Repository/Page_The Story and Evolution of Doodles - G_6e786d/p_The first Doodle was a simple out-of-offi_345e61' is visible

17-06-2024T18:16:14 - [TEST_STEP][PASSED] - verifyElementVisible(findTestObject("Object Repository/Page_The Story and Evolution of Doodles - G_6e786d/h2_Weve created more than 5,000 Doodles ove_111429")): Object 'Object Repository/Page_The Story and Evolution of Doodles - G_6e786d/h2_Weve created more than 5,000 Doodles ove_111429' is visible

17-06-2024T18:16:15 - [MESSAGE][PASSED] - Object 'Object Repository/Page_The Story and Evolution of Doodles - G_6e786d/h2_Weve created more than 5,000 Doodles ove_111429' is visible

17-06-2024T18:16:15 - [TEST_STEP][PASSED] - click(findTestObject("Object Repository/Page_The Story and Evolution of Doodles - G_6e786d/p_The first Doodle was a simple out-of-offi_345e61")): Object: 'Object Repository/Page_The Story and Evolution of Doodles - G_6e786d/p_The first Doodle was a simple out-of-offi_345e61' is clicked on

17-06-2024T18:16:15 - [MESSAGE][PASSED] - Object: 'Object Repository/Page_The Story and Evolution of Doodles - G_6e786d/p_The first Doodle was a simple out-of-offi_345e61' is clicked on

17-06-2024T18:16:15 - [TEST_STEP][PASSED] - verifyElementVisible(findTestObject("Object Repository/Page_The Story and Evolution of Doodles - G_6e786d/h1_The story behind Doodles")): Object 'Object Repository/Page_The Story and Evolution of Doodles - G_6e786d/h1_The story behind Doodles' is visible

17-06-2024T18:16:15 - [MESSAGE][PASSED] - Object 'Object Repository/Page_The Story and Evolution of Doodles - G_6e786d/h1_The story behind Doodles' is visible

17-06-2024T18:16:15 - [TEST_STEP][PASSED] - verifyElementVisible(findTestObject("Object Repository/Page_The Story and Evolution of Doodles - G_6e786d/p_The first Doodle was a simple out-of-offi_345e61")): Object 'Object Repository/Page_The Story and Evolution of Doodles - G_6e786d/p_The first Doodle was a simple out-of-offi_345e61' is visible

17-06-2024T18:16:16 - [MESSAGE][PASSED] - Object 'Object Repository/Page_The Story and Evolution of Doodles - G_6e786d/p_The first Doodle was a simple out-of-offi_345e61' is visible

17-06-2024T18:16:16 - [TEST_STEP][PASSED] - verifyElementVisible(findTestObject("Object Repository/Page_The Story and Evolution of Doodles - G_6e786d/h2_Weve created more than 5,000 Doodles ove_111429")): Object 'Object Repository/Page_The Story and Evolution of Doodles - G_6e786d/h2_Weve created more than 5,000 Doodles ove_111429' is visible

17-06-2024T18:16:16 - [MESSAGE][PASSED] - Object 'Object Repository/Page_The Story and Evolution of Doodles - G_6e786d/h2_Weve created more than 5,000 Doodles ove_111429' is visible

17-06-2024T18:16:16 - [TEST_STEP][PASSED] - click(findTestObject("Object Repository/Page_The Story and Evolution of Doodles - G_6e786d/p_The first Doodle was a simple out-of-offi_345e61")): Object: 'Object Repository/Page_The Story and Evolution of Doodles - G_6e786d/p_The first Doodle was a simple out-of-offi_345e61' is clicked on

17-06-2024T18:16:16 - [MESSAGE][PASSED] - Object: 'Object Repository/Page_The Story and Evolution of Doodles - G_6e786d/p_The first Doodle was a simple out-of-offi_345e61' is clicked on

17-06-2024T18:16:16 - [TEST_STEP][PASSED] - verifyElementVisible(findTestObject("Object Repository/Page_The Story and Evolution of Doodles - G_6e786d/h1_The story behind Doodles")): Object 'Object Repository/Page_The Story and Evolution of Doodles - G_6e786d/h1_The story behind Doodles' is visible

17-06-2024T18:16:17 - [MESSAGE][PASSED] - Object 'Object Repository/Page_The Story and Evolution of Doodles - G_6e786d/h1_The story behind Doodles' is visible

17-06-2024T18:16:17 - [TEST_STEP][PASSED] - verifyElementVisible(findTestObject("Object Repository/Page_The Story and Evolution of Doodles - G_6e786d/p_The first Doodle was a simple out-of-offi_345e61")): Object 'Object Repository/Page_The Story and Evolution of Doodles - G_6e786d/p_The first Doodle was a simple out-of-offi_345e61' is visible

17-06-2024T18:16:17 - [MESSAGE][PASSED] - Object 'Object Repository/Page_The Story and Evolution of Doodles - G_6e786d/p_The first Doodle was a simple out-of-offi_345e61' is visible

17-06-2024T18:16:17 - [TEST_STEP][PASSED] - verifyElementVisible(findTestObject("Object Repository/Page_The Story and Evolution of Doodles - G_6e786d/h2_Weve created more than 5,000 Doodles ove_111429")): Object 'Object Repository/Page_The Story and Evolution of Doodles - G_6e786d/h2_Weve created more than 5,000 Doodles ove_111429' is visible

17-06-2024T18:16:17 - [MESSAGE][PASSED] - Object 'Object Repository/Page_The Story and Evolution of Doodles - G_6e786d/h2_Weve created more than 5,000 Doodles ove_111429' is visible

17-06-2024T18:16:17 - [TEST_STEP][PASSED] - click(findTestObject("Object Repository/Page_The Story and Evolution of Doodles - G_6e786d/p_The first Doodle was a simple out-of-offi_345e61")): Object: 'Object Repository/Page_The Story and Evolution of Doodles - G_6e786d/p_The first Doodle was a simple out-of-offi_345e61' is clicked on

17-06-2024T18:16:18 - [MESSAGE][PASSED] - Object: 'Object Repository/Page_The Story and Evolution of Doodles - G_6e786d/p_The first Doodle was a simple out-of-offi_345e61' is clicked on

17-06-2024T18:16:18 - [TEST_STEP][PASSED] - verifyElementVisible(findTestObject("Object Repository/Page_The Story and Evolution of Doodles - G_6e786d/h1_The story behind Doodles")): Object 'Object Repository/Page_The Story and Evolution of Doodles - G_6e786d/h1_The story behind Doodles' is visible

17-06-2024T18:16:18 - [MESSAGE][PASSED] - Object 'Object Repository/Page_The Story and Evolution of Doodles - G_6e786d/h1_The story behind Doodles' is visible

17-06-2024T18:16:18 - [TEST_STEP][PASSED] - verifyElementVisible(findTestObject("Object Repository/Page_The Story and Evolution of Doodles - G_6e786d/p_The first Doodle was a simple out-of-offi_345e61")): Object 'Object Repository/Page_The Story and Evolution of Doodles - G_6e786d/p_The first Doodle was a simple out-of-offi_345e61' is visible

17-06-2024T18:16:18 - [MESSAGE][PASSED] - Object 'Object Repository/Page_The Story and Evolution of Doodles - G_6e786d/p_The first Doodle was a simple out-of-offi_345e61' is visible

17-06-2024T18:16:19 - [TEST_STEP][PASSED] - verifyElementVisible(findTestObject("Object Repository/Page_The Story and Evolution of Doodles - G_6e786d/h2_Weve created more than 5,000 Doodles ove_111429")): Object 'Object Repository/Page_The Story and Evolution of Doodles - G_6e786d/h2_Weve created more than 5,000 Doodles ove_111429' is visible

17-06-2024T18:16:19 - [MESSAGE][PASSED] - Object 'Object Repository/Page_The Story and Evolution of Doodles - G_6e786d/h2_Weve created more than 5,000 Doodles ove_111429' is visible

17-06-2024T18:16:19 - [TEST_STEP][PASSED] - click(findTestObject("Object Repository/Page_The Story and Evolution of Doodles - G_6e786d/p_The first Doodle was a simple out-of-offi_345e61")): Object: 'Object Repository/Page_The Story and Evolution of Doodles - G_6e786d/p_The first Doodle was a simple out-of-offi_345e61' is clicked on

17-06-2024T18:16:19 - [MESSAGE][PASSED] - Object: 'Object Repository/Page_The Story and Evolution of Doodles - G_6e786d/p_The first Doodle was a simple out-of-offi_345e61' is clicked on

17-06-2024T18:16:19 - [TEST_STEP][PASSED] - verifyElementVisible(findTestObject("Object Repository/Page_The Story and Evolution of Doodles - G_6e786d/h1_The story behind Doodles")): Object 'Object Repository/Page_The Story and Evolution of Doodles - G_6e786d/h1_The story behind Doodles' is visible

17-06-2024T18:16:19 - [MESSAGE][PASSED] - Object 'Object Repository/Page_The Story and Evolution of Doodles - G_6e786d/h1_The story behind Doodles' is visible

17-06-2024T18:16:19 - [TEST_STEP][PASSED] - verifyElementVisible(findTestObject("Object Repository/Page_The Story and Evolution of Doodles - G_6e786d/p_The first Doodle was a simple out-of-offi_345e61")): Object 'Object Repository/Page_The Story and Evolution of Doodles - G_6e786d/p_The first Doodle was a simple out-of-offi_345e61' is visible

17-06-2024T18:16:20 - [MESSAGE][PASSED] - Object 'Object Repository/Page_The Story and Evolution of Doodles - G_6e786d/p_The first Doodle was a simple out-of-offi_345e61' is visible

17-06-2024T18:16:20 - [TEST_STEP][PASSED] - verifyElementVisible(findTestObject("Object Repository/Page_The Story and Evolution of Doodles - G_6e786d/h2_Weve created more than 5,000 Doodles ove_111429")): Object 'Object Repository/Page_The Story and Evolution of Doodles - G_6e786d/h2_Weve created more than 5,000 Doodles ove_111429' is visible

17-06-2024T18:16:20 - [MESSAGE][PASSED] - Object 'Object Repository/Page_The Story and Evolution of Doodles - G_6e786d/h2_Weve created more than 5,000 Doodles ove_111429' is visible

17-06-2024T18:16:20 - [TEST_STEP][PASSED] - click(findTestObject("Object Repository/Page_The Story and Evolution of Doodles - G_6e786d/p_The first Doodle was a simple out-of-offi_345e61")): Object: 'Object Repository/Page_The Story and Evolution of Doodles - G_6e786d/p_The first Doodle was a simple out-of-offi_345e61' is clicked on

17-06-2024T18:16:21 - [MESSAGE][PASSED] - Object: 'Object Repository/Page_The Story and Evolution of Doodles - G_6e786d/p_The first Doodle was a simple out-of-offi_345e61' is clicked on

17-06-2024T18:16:21 - [TEST_STEP][PASSED] - verifyElementVisible(findTestObject("Object Repository/Page_The Story and Evolution of Doodles - G_6e786d/h1_The story behind Doodles")): Object 'Object Repository/Page_The Story and Evolution of Doodles - G_6e786d/h1_The story behind Doodles' is visible

17-06-2024T18:16:21 - [MESSAGE][PASSED] - Object 'Object Repository/Page_The Story and Evolution of Doodles - G_6e786d/h1_The story behind Doodles' is visible

17-06-2024T18:16:21 - [TEST_STEP][PASSED] - verifyElementVisible(findTestObject("Object Repository/Page_The Story and Evolution of Doodles - G_6e786d/p_The first Doodle was a simple out-of-offi_345e61")): Object 'Object Repository/Page_The Story and Evolution of Doodles - G_6e786d/p_The first Doodle was a simple out-of-offi_345e61' is visible

17-06-2024T18:16:21 - [MESSAGE][PASSED] - Object 'Object Repository/Page_The Story and Evolution of Doodles - G_6e786d/p_The first Doodle was a simple out-of-offi_345e61' is visible

17-06-2024T18:16:21 - [TEST_STEP][PASSED] - verifyElementVisible(findTestObject("Object Repository/Page_The Story and Evolution of Doodles - G_6e786d/h2_Weve created more than 5,000 Doodles ove_111429")): Object 'Object Repository/Page_The Story and Evolution of Doodles - G_6e786d/h2_Weve created more than 5,000 Doodles ove_111429' is visible

17-06-2024T18:16:22 - [MESSAGE][PASSED] - Object 'Object Repository/Page_The Story and Evolution of Doodles - G_6e786d/h2_Weve created more than 5,000 Doodles ove_111429' is visible

17-06-2024T18:16:22 - [TEST_STEP][PASSED] - click(findTestObject("Object Repository/Page_The Story and Evolution of Doodles - G_6e786d/p_The first Doodle was a simple out-of-offi_345e61")): Object: 'Object Repository/Page_The Story and Evolution of Doodles - G_6e786d/p_The first Doodle was a simple out-of-offi_345e61' is clicked on

17-06-2024T18:16:22 - [MESSAGE][PASSED] - Object: 'Object Repository/Page_The Story and Evolution of Doodles - G_6e786d/p_The first Doodle was a simple out-of-offi_345e61' is clicked on

17-06-2024T18:16:22 - [TEST_STEP][PASSED] - verifyElementVisible(findTestObject("Object Repository/Page_The Story and Evolution of Doodles - G_6e786d/h1_The story behind Doodles")): Object 'Object Repository/Page_The Story and Evolution of Doodles - G_6e786d/h1_The story behind Doodles' is visible

17-06-2024T18:16:22 - [MESSAGE][PASSED] - Object 'Object Repository/Page_The Story and Evolution of Doodles - G_6e786d/h1_The story behind Doodles' is visible

17-06-2024T18:16:22 - [TEST_STEP][PASSED] - verifyElementVisible(findTestObject("Object Repository/Page_The Story and Evolution of Doodles - G_6e786d/p_The first Doodle was a simple out-of-offi_345e61")): Object 'Object Repository/Page_The Story and Evolution of Doodles - G_6e786d/p_The first Doodle was a simple out-of-offi_345e61' is visible

17-06-2024T18:16:23 - [MESSAGE][PASSED] - Object 'Object Repository/Page_The Story and Evolution of Doodles - G_6e786d/p_The first Doodle was a simple out-of-offi_345e61' is visible

17-06-2024T18:16:23 - [TEST_STEP][PASSED] - verifyElementVisible(findTestObject("Object Repository/Page_The Story and Evolution of Doodles - G_6e786d/h2_Weve created more than 5,000 Doodles ove_111429")): Object 'Object Repository/Page_The Story and Evolution of Doodles - G_6e786d/h2_Weve created more than 5,000 Doodles ove_111429' is visible

17-06-2024T18:16:23 - [MESSAGE][PASSED] - Object 'Object Repository/Page_The Story and Evolution of Doodles - G_6e786d/h2_Weve created more than 5,000 Doodles ove_111429' is visible

17-06-2024T18:16:23 - [TEST_STEP][PASSED] - click(findTestObject("Object Repository/Page_The Story and Evolution of Doodles - G_6e786d/p_The first Doodle was a simple out-of-offi_345e61")): Object: 'Object Repository/Page_The Story and Evolution of Doodles - G_6e786d/p_The first Doodle was a simple out-of-offi_345e61' is clicked on

17-06-2024T18:16:23 - [MESSAGE][PASSED] - Object: 'Object Repository/Page_The Story and Evolution of Doodles - G_6e786d/p_The first Doodle was a simple out-of-offi_345e61' is clicked on

17-06-2024T18:16:23 - [TEST_STEP][PASSED] - verifyElementVisible(findTestObject("Object Repository/Page_The Story and Evolution of Doodles - G_6e786d/h1_The story behind Doodles")): Object 'Object Repository/Page_The Story and Evolution of Doodles - G_6e786d/h1_The story behind Doodles' is visible

17-06-2024T18:16:24 - [MESSAGE][PASSED] - Object 'Object Repository/Page_The Story and Evolution of Doodles - G_6e786d/h1_The story behind Doodles' is visible

17-06-2024T18:16:24 - [TEST_STEP][PASSED] - verifyElementVisible(findTestObject("Object Repository/Page_The Story and Evolution of Doodles - G_6e786d/p_The first Doodle was a simple out-of-offi_345e61")): Object 'Object Repository/Page_The Story and Evolution of Doodles - G_6e786d/p_The first Doodle was a simple out-of-offi_345e61' is visible

17-06-2024T18:16:24 - [MESSAGE][PASSED] - Object 'Object Repository/Page_The Story and Evolution of Doodles - G_6e786d/p_The first Doodle was a simple out-of-offi_345e61' is visible

17-06-2024T18:16:24 - [TEST_STEP][PASSED] - verifyElementVisible(findTestObject("Object Repository/Page_The Story and Evolution of Doodles - G_6e786d/h2_Weve created more than 5,000 Doodles ove_111429")): Object 'Object Repository/Page_The Story and Evolution of Doodles - G_6e786d/h2_Weve created more than 5,000 Doodles ove_111429' is visible

17-06-2024T18:16:24 - [MESSAGE][PASSED] - Object 'Object Repository/Page_The Story and Evolution of Doodles - G_6e786d/h2_Weve created more than 5,000 Doodles ove_111429' is visible

17-06-2024T18:16:24 - [TEST_STEP][PASSED] - click(findTestObject("Object Repository/Page_The Story and Evolution of Doodles - G_6e786d/p_The first Doodle was a simple out-of-offi_345e61")): Object: 'Object Repository/Page_The Story and Evolution of Doodles - G_6e786d/p_The first Doodle was a simple out-of-offi_345e61' is clicked on

17-06-2024T18:16:25 - [MESSAGE][PASSED] - Object: 'Object Repository/Page_The Story and Evolution of Doodles - G_6e786d/p_The first Doodle was a simple out-of-offi_345e61' is clicked on

17-06-2024T18:16:25 - [TEST_STEP][PASSED] - verifyElementVisible(findTestObject("Object Repository/Page_The Story and Evolution of Doodles - G_6e786d/h1_The story behind Doodles")): Object 'Object Repository/Page_The Story and Evolution of Doodles - G_6e786d/h1_The story behind Doodles' is visible

17-06-2024T18:16:25 - [MESSAGE][PASSED] - Object 'Object Repository/Page_The Story and Evolution of Doodles - G_6e786d/h1_The story behind Doodles' is visible

17-06-2024T18:16:25 - [TEST_STEP][PASSED] - verifyElementVisible(findTestObject("Object Repository/Page_The Story and Evolution of Doodles - G_6e786d/p_The first Doodle was a simple out-of-offi_345e61")): Object 'Object Repository/Page_The Story and Evolution of Doodles - G_6e786d/p_The first Doodle was a simple out-of-offi_345e61' is visible

17-06-2024T18:16:25 - [MESSAGE][PASSED] - Object 'Object Repository/Page_The Story and Evolution of Doodles - G_6e786d/p_The first Doodle was a simple out-of-offi_345e61' is visible

17-06-2024T18:16:25 - [TEST_STEP][PASSED] - verifyElementVisible(findTestObject("Object Repository/Page_The Story and Evolution of Doodles - G_6e786d/h2_Weve created more than 5,000 Doodles ove_111429")): Object 'Object Repository/Page_The Story and Evolution of Doodles - G_6e786d/h2_Weve created more than 5,000 Doodles ove_111429' is visible

17-06-2024T18:16:26 - [MESSAGE][PASSED] - Object 'Object Repository/Page_The Story and Evolution of Doodles - G_6e786d/h2_Weve created more than 5,000 Doodles ove_111429' is visible

17-06-2024T18:16:26 - [TEST_STEP][PASSED] - click(findTestObject("Object Repository/Page_The Story and Evolution of Doodles - G_6e786d/p_The first Doodle was a simple out-of-offi_345e61")): Object: 'Object Repository/Page_The Story and Evolution of Doodles - G_6e786d/p_The first Doodle was a simple out-of-offi_345e61' is clicked on

17-06-2024T18:16:26 - [MESSAGE][PASSED] - Object: 'Object Repository/Page_The Story and Evolution of Doodles - G_6e786d/p_The first Doodle was a simple out-of-offi_345e61' is clicked on

17-06-2024T18:16:26 - [TEST_STEP][PASSED] - verifyElementVisible(findTestObject("Object Repository/Page_The Story and Evolution of Doodles - G_6e786d/h1_The story behind Doodles")): Object 'Object Repository/Page_The Story and Evolution of Doodles - G_6e786d/h1_The story behind Doodles' is visible

17-06-2024T18:16:26 - [MESSAGE][PASSED] - Object 'Object Repository/Page_The Story and Evolution of Doodles - G_6e786d/h1_The story behind Doodles' is visible

17-06-2024T18:16:26 - [TEST_STEP][PASSED] - verifyElementVisible(findTestObject("Object Repository/Page_The Story and Evolution of Doodles - G_6e786d/p_The first Doodle was a simple out-of-offi_345e61")): Object 'Object Repository/Page_The Story and Evolution of Doodles - G_6e786d/p_The first Doodle was a simple out-of-offi_345e61' is visible

17-06-2024T18:16:27 - [MESSAGE][PASSED] - Object 'Object Repository/Page_The Story and Evolution of Doodles - G_6e786d/p_The first Doodle was a simple out-of-offi_345e61' is visible

17-06-2024T18:16:27 - [TEST_STEP][PASSED] - verifyElementVisible(findTestObject("Object Repository/Page_The Story and Evolution of Doodles - G_6e786d/h2_Weve created more than 5,000 Doodles ove_111429")): Object 'Object Repository/Page_The Story and Evolution of Doodles - G_6e786d/h2_Weve created more than 5,000 Doodles ove_111429' is visible

17-06-2024T18:16:27 - [MESSAGE][PASSED] - Object 'Object Repository/Page_The Story and Evolution of Doodles - G_6e786d/h2_Weve created more than 5,000 Doodles ove_111429' is visible]]></system-out>
         <system-err><![CDATA[]]></system-err>
      </testcase>
      <testcase name="Test Cases/test case folder 1/tc1 - Copy (1) - Copy" time="22.11" classname="Test Cases/test case folder 1/tc1 - Copy (1) - Copy" status="PASSED">
         <system-out><![CDATA[17-06-2024T18:16:27 - [TEST_CASE][PASSED] - Test Cases/test case folder 1/tc1 - Copy (1) - Copy: Test Cases/test case folder 1/tc1 - Copy (1) - Copy

17-06-2024T18:16:27 - [TEST_STEP][PASSED] - openBrowser(""): Browser is opened with url: ''

17-06-2024T18:16:27 - [MESSAGE][WARNING] - A browser is already opened. Closing browser and opening a new one

17-06-2024T18:16:27 - [MESSAGE][INFO] - Starting 'Chrome (headless)' driver

17-06-2024T18:16:27 - [MESSAGE][INFO] - Action delay is set to 0 milliseconds

17-06-2024T18:16:28 - [MESSAGE][PASSED] - Browser is opened with url: ''

17-06-2024T18:16:28 - [TEST_STEP][PASSED] - navigateToUrl("https://doodles.google/about/"): Navigate to 'https://doodles.google/about/' successfully

17-06-2024T18:16:34 - [MESSAGE][PASSED] - Navigate to 'https://doodles.google/about/' successfully

17-06-2024T18:16:34 - [TEST_STEP][PASSED] - click(findTestObject("Object Repository/Page_The Story and Evolution of Doodles - G_6e786d/p_The first Doodle was a simple out-of-offi_345e61")): Object: 'Object Repository/Page_The Story and Evolution of Doodles - G_6e786d/p_The first Doodle was a simple out-of-offi_345e61' is clicked on

17-06-2024T18:16:34 - [MESSAGE][PASSED] - Object: 'Object Repository/Page_The Story and Evolution of Doodles - G_6e786d/p_The first Doodle was a simple out-of-offi_345e61' is clicked on

17-06-2024T18:16:34 - [TEST_STEP][PASSED] - click(findTestObject("Object Repository/Page_The Story and Evolution of Doodles - G_6e786d/p_The first Doodle was a simple out-of-offi_345e61")): Object: 'Object Repository/Page_The Story and Evolution of Doodles - G_6e786d/p_The first Doodle was a simple out-of-offi_345e61' is clicked on

17-06-2024T18:16:35 - [MESSAGE][PASSED] - Object: 'Object Repository/Page_The Story and Evolution of Doodles - G_6e786d/p_The first Doodle was a simple out-of-offi_345e61' is clicked on

17-06-2024T18:16:35 - [TEST_STEP][PASSED] - verifyElementVisible(findTestObject("Object Repository/Page_The Story and Evolution of Doodles - G_6e786d/h1_The story behind Doodles")): Object 'Object Repository/Page_The Story and Evolution of Doodles - G_6e786d/h1_The story behind Doodles' is visible

17-06-2024T18:16:35 - [MESSAGE][PASSED] - Object 'Object Repository/Page_The Story and Evolution of Doodles - G_6e786d/h1_The story behind Doodles' is visible

17-06-2024T18:16:35 - [TEST_STEP][PASSED] - verifyElementVisible(findTestObject("Object Repository/Page_The Story and Evolution of Doodles - G_6e786d/p_The first Doodle was a simple out-of-offi_345e61")): Object 'Object Repository/Page_The Story and Evolution of Doodles - G_6e786d/p_The first Doodle was a simple out-of-offi_345e61' is visible

17-06-2024T18:16:35 - [MESSAGE][PASSED] - Object 'Object Repository/Page_The Story and Evolution of Doodles - G_6e786d/p_The first Doodle was a simple out-of-offi_345e61' is visible

17-06-2024T18:16:35 - [TEST_STEP][PASSED] - verifyElementVisible(findTestObject("Object Repository/Page_The Story and Evolution of Doodles - G_6e786d/h2_Weve created more than 5,000 Doodles ove_111429")): Object 'Object Repository/Page_The Story and Evolution of Doodles - G_6e786d/h2_Weve created more than 5,000 Doodles ove_111429' is visible

17-06-2024T18:16:36 - [MESSAGE][PASSED] - Object 'Object Repository/Page_The Story and Evolution of Doodles - G_6e786d/h2_Weve created more than 5,000 Doodles ove_111429' is visible

17-06-2024T18:16:36 - [TEST_STEP][PASSED] - verifyElementVisible(findTestObject("Object Repository/Page_The Story and Evolution of Doodles - G_6e786d/h1_The story behind Doodles")): Object 'Object Repository/Page_The Story and Evolution of Doodles - G_6e786d/h1_The story behind Doodles' is visible

17-06-2024T18:16:36 - [MESSAGE][PASSED] - Object 'Object Repository/Page_The Story and Evolution of Doodles - G_6e786d/h1_The story behind Doodles' is visible

17-06-2024T18:16:36 - [TEST_STEP][PASSED] - verifyElementVisible(findTestObject("Object Repository/Page_The Story and Evolution of Doodles - G_6e786d/p_The first Doodle was a simple out-of-offi_345e61")): Object 'Object Repository/Page_The Story and Evolution of Doodles - G_6e786d/p_The first Doodle was a simple out-of-offi_345e61' is visible

17-06-2024T18:16:36 - [MESSAGE][PASSED] - Object 'Object Repository/Page_The Story and Evolution of Doodles - G_6e786d/p_The first Doodle was a simple out-of-offi_345e61' is visible

17-06-2024T18:16:36 - [TEST_STEP][PASSED] - verifyElementVisible(findTestObject("Object Repository/Page_The Story and Evolution of Doodles - G_6e786d/h2_Weve created more than 5,000 Doodles ove_111429")): Object 'Object Repository/Page_The Story and Evolution of Doodles - G_6e786d/h2_Weve created more than 5,000 Doodles ove_111429' is visible

17-06-2024T18:16:37 - [MESSAGE][PASSED] - Object 'Object Repository/Page_The Story and Evolution of Doodles - G_6e786d/h2_Weve created more than 5,000 Doodles ove_111429' is visible

17-06-2024T18:16:37 - [TEST_STEP][PASSED] - click(findTestObject("Object Repository/Page_The Story and Evolution of Doodles - G_6e786d/p_The first Doodle was a simple out-of-offi_345e61")): Object: 'Object Repository/Page_The Story and Evolution of Doodles - G_6e786d/p_The first Doodle was a simple out-of-offi_345e61' is clicked on

17-06-2024T18:16:37 - [MESSAGE][PASSED] - Object: 'Object Repository/Page_The Story and Evolution of Doodles - G_6e786d/p_The first Doodle was a simple out-of-offi_345e61' is clicked on

17-06-2024T18:16:37 - [TEST_STEP][PASSED] - verifyElementVisible(findTestObject("Object Repository/Page_The Story and Evolution of Doodles - G_6e786d/h1_The story behind Doodles")): Object 'Object Repository/Page_The Story and Evolution of Doodles - G_6e786d/h1_The story behind Doodles' is visible

17-06-2024T18:16:37 - [MESSAGE][PASSED] - Object 'Object Repository/Page_The Story and Evolution of Doodles - G_6e786d/h1_The story behind Doodles' is visible

17-06-2024T18:16:37 - [TEST_STEP][PASSED] - verifyElementVisible(findTestObject("Object Repository/Page_The Story and Evolution of Doodles - G_6e786d/p_The first Doodle was a simple out-of-offi_345e61")): Object 'Object Repository/Page_The Story and Evolution of Doodles - G_6e786d/p_The first Doodle was a simple out-of-offi_345e61' is visible

17-06-2024T18:16:38 - [MESSAGE][PASSED] - Object 'Object Repository/Page_The Story and Evolution of Doodles - G_6e786d/p_The first Doodle was a simple out-of-offi_345e61' is visible

17-06-2024T18:16:38 - [TEST_STEP][PASSED] - verifyElementVisible(findTestObject("Object Repository/Page_The Story and Evolution of Doodles - G_6e786d/h2_Weve created more than 5,000 Doodles ove_111429")): Object 'Object Repository/Page_The Story and Evolution of Doodles - G_6e786d/h2_Weve created more than 5,000 Doodles ove_111429' is visible

17-06-2024T18:16:38 - [MESSAGE][PASSED] - Object 'Object Repository/Page_The Story and Evolution of Doodles - G_6e786d/h2_Weve created more than 5,000 Doodles ove_111429' is visible

17-06-2024T18:16:38 - [TEST_STEP][PASSED] - click(findTestObject("Object Repository/Page_The Story and Evolution of Doodles - G_6e786d/p_The first Doodle was a simple out-of-offi_345e61")): Object: 'Object Repository/Page_The Story and Evolution of Doodles - G_6e786d/p_The first Doodle was a simple out-of-offi_345e61' is clicked on

17-06-2024T18:16:39 - [MESSAGE][PASSED] - Object: 'Object Repository/Page_The Story and Evolution of Doodles - G_6e786d/p_The first Doodle was a simple out-of-offi_345e61' is clicked on

17-06-2024T18:16:39 - [TEST_STEP][PASSED] - verifyElementVisible(findTestObject("Object Repository/Page_The Story and Evolution of Doodles - G_6e786d/h1_The story behind Doodles")): Object 'Object Repository/Page_The Story and Evolution of Doodles - G_6e786d/h1_The story behind Doodles' is visible

17-06-2024T18:16:39 - [MESSAGE][PASSED] - Object 'Object Repository/Page_The Story and Evolution of Doodles - G_6e786d/h1_The story behind Doodles' is visible

17-06-2024T18:16:39 - [TEST_STEP][PASSED] - verifyElementVisible(findTestObject("Object Repository/Page_The Story and Evolution of Doodles - G_6e786d/p_The first Doodle was a simple out-of-offi_345e61")): Object 'Object Repository/Page_The Story and Evolution of Doodles - G_6e786d/p_The first Doodle was a simple out-of-offi_345e61' is visible

17-06-2024T18:16:39 - [MESSAGE][PASSED] - Object 'Object Repository/Page_The Story and Evolution of Doodles - G_6e786d/p_The first Doodle was a simple out-of-offi_345e61' is visible

17-06-2024T18:16:39 - [TEST_STEP][PASSED] - verifyElementVisible(findTestObject("Object Repository/Page_The Story and Evolution of Doodles - G_6e786d/h2_Weve created more than 5,000 Doodles ove_111429")): Object 'Object Repository/Page_The Story and Evolution of Doodles - G_6e786d/h2_Weve created more than 5,000 Doodles ove_111429' is visible

17-06-2024T18:16:40 - [MESSAGE][PASSED] - Object 'Object Repository/Page_The Story and Evolution of Doodles - G_6e786d/h2_Weve created more than 5,000 Doodles ove_111429' is visible

17-06-2024T18:16:40 - [TEST_STEP][PASSED] - click(findTestObject("Object Repository/Page_The Story and Evolution of Doodles - G_6e786d/p_The first Doodle was a simple out-of-offi_345e61")): Object: 'Object Repository/Page_The Story and Evolution of Doodles - G_6e786d/p_The first Doodle was a simple out-of-offi_345e61' is clicked on

17-06-2024T18:16:40 - [MESSAGE][PASSED] - Object: 'Object Repository/Page_The Story and Evolution of Doodles - G_6e786d/p_The first Doodle was a simple out-of-offi_345e61' is clicked on

17-06-2024T18:16:40 - [TEST_STEP][PASSED] - verifyElementVisible(findTestObject("Object Repository/Page_The Story and Evolution of Doodles - G_6e786d/h1_The story behind Doodles")): Object 'Object Repository/Page_The Story and Evolution of Doodles - G_6e786d/h1_The story behind Doodles' is visible

17-06-2024T18:16:40 - [MESSAGE][PASSED] - Object 'Object Repository/Page_The Story and Evolution of Doodles - G_6e786d/h1_The story behind Doodles' is visible

17-06-2024T18:16:40 - [TEST_STEP][PASSED] - verifyElementVisible(findTestObject("Object Repository/Page_The Story and Evolution of Doodles - G_6e786d/p_The first Doodle was a simple out-of-offi_345e61")): Object 'Object Repository/Page_The Story and Evolution of Doodles - G_6e786d/p_The first Doodle was a simple out-of-offi_345e61' is visible

17-06-2024T18:16:41 - [MESSAGE][PASSED] - Object 'Object Repository/Page_The Story and Evolution of Doodles - G_6e786d/p_The first Doodle was a simple out-of-offi_345e61' is visible

17-06-2024T18:16:41 - [TEST_STEP][PASSED] - verifyElementVisible(findTestObject("Object Repository/Page_The Story and Evolution of Doodles - G_6e786d/h2_Weve created more than 5,000 Doodles ove_111429")): Object 'Object Repository/Page_The Story and Evolution of Doodles - G_6e786d/h2_Weve created more than 5,000 Doodles ove_111429' is visible

17-06-2024T18:16:41 - [MESSAGE][PASSED] - Object 'Object Repository/Page_The Story and Evolution of Doodles - G_6e786d/h2_Weve created more than 5,000 Doodles ove_111429' is visible

17-06-2024T18:16:41 - [TEST_STEP][PASSED] - click(findTestObject("Object Repository/Page_The Story and Evolution of Doodles - G_6e786d/p_The first Doodle was a simple out-of-offi_345e61")): Object: 'Object Repository/Page_The Story and Evolution of Doodles - G_6e786d/p_The first Doodle was a simple out-of-offi_345e61' is clicked on

17-06-2024T18:16:41 - [MESSAGE][PASSED] - Object: 'Object Repository/Page_The Story and Evolution of Doodles - G_6e786d/p_The first Doodle was a simple out-of-offi_345e61' is clicked on

17-06-2024T18:16:41 - [TEST_STEP][PASSED] - verifyElementVisible(findTestObject("Object Repository/Page_The Story and Evolution of Doodles - G_6e786d/h1_The story behind Doodles")): Object 'Object Repository/Page_The Story and Evolution of Doodles - G_6e786d/h1_The story behind Doodles' is visible

17-06-2024T18:16:42 - [MESSAGE][PASSED] - Object 'Object Repository/Page_The Story and Evolution of Doodles - G_6e786d/h1_The story behind Doodles' is visible

17-06-2024T18:16:42 - [TEST_STEP][PASSED] - verifyElementVisible(findTestObject("Object Repository/Page_The Story and Evolution of Doodles - G_6e786d/p_The first Doodle was a simple out-of-offi_345e61")): Object 'Object Repository/Page_The Story and Evolution of Doodles - G_6e786d/p_The first Doodle was a simple out-of-offi_345e61' is visible

17-06-2024T18:16:42 - [MESSAGE][PASSED] - Object 'Object Repository/Page_The Story and Evolution of Doodles - G_6e786d/p_The first Doodle was a simple out-of-offi_345e61' is visible

17-06-2024T18:16:42 - [TEST_STEP][PASSED] - verifyElementVisible(findTestObject("Object Repository/Page_The Story and Evolution of Doodles - G_6e786d/h2_Weve created more than 5,000 Doodles ove_111429")): Object 'Object Repository/Page_The Story and Evolution of Doodles - G_6e786d/h2_Weve created more than 5,000 Doodles ove_111429' is visible

17-06-2024T18:16:42 - [MESSAGE][PASSED] - Object 'Object Repository/Page_The Story and Evolution of Doodles - G_6e786d/h2_Weve created more than 5,000 Doodles ove_111429' is visible

17-06-2024T18:16:42 - [TEST_STEP][PASSED] - click(findTestObject("Object Repository/Page_The Story and Evolution of Doodles - G_6e786d/p_The first Doodle was a simple out-of-offi_345e61")): Object: 'Object Repository/Page_The Story and Evolution of Doodles - G_6e786d/p_The first Doodle was a simple out-of-offi_345e61' is clicked on

17-06-2024T18:16:43 - [MESSAGE][PASSED] - Object: 'Object Repository/Page_The Story and Evolution of Doodles - G_6e786d/p_The first Doodle was a simple out-of-offi_345e61' is clicked on

17-06-2024T18:16:43 - [TEST_STEP][PASSED] - verifyElementVisible(findTestObject("Object Repository/Page_The Story and Evolution of Doodles - G_6e786d/h1_The story behind Doodles")): Object 'Object Repository/Page_The Story and Evolution of Doodles - G_6e786d/h1_The story behind Doodles' is visible

17-06-2024T18:16:43 - [MESSAGE][PASSED] - Object 'Object Repository/Page_The Story and Evolution of Doodles - G_6e786d/h1_The story behind Doodles' is visible

17-06-2024T18:16:43 - [TEST_STEP][PASSED] - verifyElementVisible(findTestObject("Object Repository/Page_The Story and Evolution of Doodles - G_6e786d/p_The first Doodle was a simple out-of-offi_345e61")): Object 'Object Repository/Page_The Story and Evolution of Doodles - G_6e786d/p_The first Doodle was a simple out-of-offi_345e61' is visible

17-06-2024T18:16:43 - [MESSAGE][PASSED] - Object 'Object Repository/Page_The Story and Evolution of Doodles - G_6e786d/p_The first Doodle was a simple out-of-offi_345e61' is visible

17-06-2024T18:16:43 - [TEST_STEP][PASSED] - verifyElementVisible(findTestObject("Object Repository/Page_The Story and Evolution of Doodles - G_6e786d/h2_Weve created more than 5,000 Doodles ove_111429")): Object 'Object Repository/Page_The Story and Evolution of Doodles - G_6e786d/h2_Weve created more than 5,000 Doodles ove_111429' is visible

17-06-2024T18:16:44 - [MESSAGE][PASSED] - Object 'Object Repository/Page_The Story and Evolution of Doodles - G_6e786d/h2_Weve created more than 5,000 Doodles ove_111429' is visible

17-06-2024T18:16:44 - [TEST_STEP][PASSED] - click(findTestObject("Object Repository/Page_The Story and Evolution of Doodles - G_6e786d/p_The first Doodle was a simple out-of-offi_345e61")): Object: 'Object Repository/Page_The Story and Evolution of Doodles - G_6e786d/p_The first Doodle was a simple out-of-offi_345e61' is clicked on

17-06-2024T18:16:44 - [MESSAGE][PASSED] - Object: 'Object Repository/Page_The Story and Evolution of Doodles - G_6e786d/p_The first Doodle was a simple out-of-offi_345e61' is clicked on

17-06-2024T18:16:44 - [TEST_STEP][PASSED] - verifyElementVisible(findTestObject("Object Repository/Page_The Story and Evolution of Doodles - G_6e786d/h1_The story behind Doodles")): Object 'Object Repository/Page_The Story and Evolution of Doodles - G_6e786d/h1_The story behind Doodles' is visible

17-06-2024T18:16:44 - [MESSAGE][PASSED] - Object 'Object Repository/Page_The Story and Evolution of Doodles - G_6e786d/h1_The story behind Doodles' is visible

17-06-2024T18:16:44 - [TEST_STEP][PASSED] - verifyElementVisible(findTestObject("Object Repository/Page_The Story and Evolution of Doodles - G_6e786d/p_The first Doodle was a simple out-of-offi_345e61")): Object 'Object Repository/Page_The Story and Evolution of Doodles - G_6e786d/p_The first Doodle was a simple out-of-offi_345e61' is visible

17-06-2024T18:16:45 - [MESSAGE][PASSED] - Object 'Object Repository/Page_The Story and Evolution of Doodles - G_6e786d/p_The first Doodle was a simple out-of-offi_345e61' is visible

17-06-2024T18:16:45 - [TEST_STEP][PASSED] - verifyElementVisible(findTestObject("Object Repository/Page_The Story and Evolution of Doodles - G_6e786d/h2_Weve created more than 5,000 Doodles ove_111429")): Object 'Object Repository/Page_The Story and Evolution of Doodles - G_6e786d/h2_Weve created more than 5,000 Doodles ove_111429' is visible

17-06-2024T18:16:45 - [MESSAGE][PASSED] - Object 'Object Repository/Page_The Story and Evolution of Doodles - G_6e786d/h2_Weve created more than 5,000 Doodles ove_111429' is visible

17-06-2024T18:16:45 - [TEST_STEP][PASSED] - click(findTestObject("Object Repository/Page_The Story and Evolution of Doodles - G_6e786d/p_The first Doodle was a simple out-of-offi_345e61")): Object: 'Object Repository/Page_The Story and Evolution of Doodles - G_6e786d/p_The first Doodle was a simple out-of-offi_345e61' is clicked on

17-06-2024T18:16:45 - [MESSAGE][PASSED] - Object: 'Object Repository/Page_The Story and Evolution of Doodles - G_6e786d/p_The first Doodle was a simple out-of-offi_345e61' is clicked on

17-06-2024T18:16:45 - [TEST_STEP][PASSED] - verifyElementVisible(findTestObject("Object Repository/Page_The Story and Evolution of Doodles - G_6e786d/h1_The story behind Doodles")): Object 'Object Repository/Page_The Story and Evolution of Doodles - G_6e786d/h1_The story behind Doodles' is visible

17-06-2024T18:16:46 - [MESSAGE][PASSED] - Object 'Object Repository/Page_The Story and Evolution of Doodles - G_6e786d/h1_The story behind Doodles' is visible

17-06-2024T18:16:46 - [TEST_STEP][PASSED] - verifyElementVisible(findTestObject("Object Repository/Page_The Story and Evolution of Doodles - G_6e786d/p_The first Doodle was a simple out-of-offi_345e61")): Object 'Object Repository/Page_The Story and Evolution of Doodles - G_6e786d/p_The first Doodle was a simple out-of-offi_345e61' is visible

17-06-2024T18:16:46 - [MESSAGE][PASSED] - Object 'Object Repository/Page_The Story and Evolution of Doodles - G_6e786d/p_The first Doodle was a simple out-of-offi_345e61' is visible

17-06-2024T18:16:46 - [TEST_STEP][PASSED] - verifyElementVisible(findTestObject("Object Repository/Page_The Story and Evolution of Doodles - G_6e786d/h2_Weve created more than 5,000 Doodles ove_111429")): Object 'Object Repository/Page_The Story and Evolution of Doodles - G_6e786d/h2_Weve created more than 5,000 Doodles ove_111429' is visible

17-06-2024T18:16:46 - [MESSAGE][PASSED] - Object 'Object Repository/Page_The Story and Evolution of Doodles - G_6e786d/h2_Weve created more than 5,000 Doodles ove_111429' is visible

17-06-2024T18:16:46 - [TEST_STEP][PASSED] - click(findTestObject("Object Repository/Page_The Story and Evolution of Doodles - G_6e786d/p_The first Doodle was a simple out-of-offi_345e61")): Object: 'Object Repository/Page_The Story and Evolution of Doodles - G_6e786d/p_The first Doodle was a simple out-of-offi_345e61' is clicked on

17-06-2024T18:16:47 - [MESSAGE][PASSED] - Object: 'Object Repository/Page_The Story and Evolution of Doodles - G_6e786d/p_The first Doodle was a simple out-of-offi_345e61' is clicked on

17-06-2024T18:16:47 - [TEST_STEP][PASSED] - verifyElementVisible(findTestObject("Object Repository/Page_The Story and Evolution of Doodles - G_6e786d/h1_The story behind Doodles")): Object 'Object Repository/Page_The Story and Evolution of Doodles - G_6e786d/h1_The story behind Doodles' is visible

17-06-2024T18:16:47 - [MESSAGE][PASSED] - Object 'Object Repository/Page_The Story and Evolution of Doodles - G_6e786d/h1_The story behind Doodles' is visible

17-06-2024T18:16:47 - [TEST_STEP][PASSED] - verifyElementVisible(findTestObject("Object Repository/Page_The Story and Evolution of Doodles - G_6e786d/p_The first Doodle was a simple out-of-offi_345e61")): Object 'Object Repository/Page_The Story and Evolution of Doodles - G_6e786d/p_The first Doodle was a simple out-of-offi_345e61' is visible

17-06-2024T18:16:47 - [MESSAGE][PASSED] - Object 'Object Repository/Page_The Story and Evolution of Doodles - G_6e786d/p_The first Doodle was a simple out-of-offi_345e61' is visible

17-06-2024T18:16:47 - [TEST_STEP][PASSED] - verifyElementVisible(findTestObject("Object Repository/Page_The Story and Evolution of Doodles - G_6e786d/h2_Weve created more than 5,000 Doodles ove_111429")): Object 'Object Repository/Page_The Story and Evolution of Doodles - G_6e786d/h2_Weve created more than 5,000 Doodles ove_111429' is visible

17-06-2024T18:16:48 - [MESSAGE][PASSED] - Object 'Object Repository/Page_The Story and Evolution of Doodles - G_6e786d/h2_Weve created more than 5,000 Doodles ove_111429' is visible

17-06-2024T18:16:48 - [TEST_STEP][PASSED] - click(findTestObject("Object Repository/Page_The Story and Evolution of Doodles - G_6e786d/p_The first Doodle was a simple out-of-offi_345e61")): Object: 'Object Repository/Page_The Story and Evolution of Doodles - G_6e786d/p_The first Doodle was a simple out-of-offi_345e61' is clicked on

17-06-2024T18:16:48 - [MESSAGE][PASSED] - Object: 'Object Repository/Page_The Story and Evolution of Doodles - G_6e786d/p_The first Doodle was a simple out-of-offi_345e61' is clicked on

17-06-2024T18:16:48 - [TEST_STEP][PASSED] - verifyElementVisible(findTestObject("Object Repository/Page_The Story and Evolution of Doodles - G_6e786d/h1_The story behind Doodles")): Object 'Object Repository/Page_The Story and Evolution of Doodles - G_6e786d/h1_The story behind Doodles' is visible

17-06-2024T18:16:48 - [MESSAGE][PASSED] - Object 'Object Repository/Page_The Story and Evolution of Doodles - G_6e786d/h1_The story behind Doodles' is visible

17-06-2024T18:16:48 - [TEST_STEP][PASSED] - verifyElementVisible(findTestObject("Object Repository/Page_The Story and Evolution of Doodles - G_6e786d/p_The first Doodle was a simple out-of-offi_345e61")): Object 'Object Repository/Page_The Story and Evolution of Doodles - G_6e786d/p_The first Doodle was a simple out-of-offi_345e61' is visible

17-06-2024T18:16:49 - [MESSAGE][PASSED] - Object 'Object Repository/Page_The Story and Evolution of Doodles - G_6e786d/p_The first Doodle was a simple out-of-offi_345e61' is visible

17-06-2024T18:16:49 - [TEST_STEP][PASSED] - verifyElementVisible(findTestObject("Object Repository/Page_The Story and Evolution of Doodles - G_6e786d/h2_Weve created more than 5,000 Doodles ove_111429")): Object 'Object Repository/Page_The Story and Evolution of Doodles - G_6e786d/h2_Weve created more than 5,000 Doodles ove_111429' is visible

17-06-2024T18:16:49 - [MESSAGE][PASSED] - Object 'Object Repository/Page_The Story and Evolution of Doodles - G_6e786d/h2_Weve created more than 5,000 Doodles ove_111429' is visible]]></system-out>
         <system-err><![CDATA[]]></system-err>
      </testcase>
      <testcase name="Test Cases/test case folder 1/tc1 - Copy (10)" time="19.308" classname="Test Cases/test case folder 1/tc1 - Copy (10)" status="PASSED">
         <system-out><![CDATA[17-06-2024T18:16:49 - [TEST_CASE][PASSED] - Test Cases/test case folder 1/tc1 - Copy (10): Test Cases/test case folder 1/tc1 - Copy (10)

17-06-2024T18:16:49 - [TEST_STEP][PASSED] - openBrowser(""): Browser is opened with url: ''

17-06-2024T18:16:49 - [MESSAGE][WARNING] - A browser is already opened. Closing browser and opening a new one

17-06-2024T18:16:50 - [MESSAGE][INFO] - Starting 'Chrome (headless)' driver

17-06-2024T18:16:50 - [MESSAGE][INFO] - Action delay is set to 0 milliseconds

17-06-2024T18:16:51 - [MESSAGE][PASSED] - Browser is opened with url: ''

17-06-2024T18:16:51 - [TEST_STEP][PASSED] - navigateToUrl("https://doodles.google/about/"): Navigate to 'https://doodles.google/about/' successfully

17-06-2024T18:16:53 - [MESSAGE][PASSED] - Navigate to 'https://doodles.google/about/' successfully

17-06-2024T18:16:53 - [TEST_STEP][PASSED] - click(findTestObject("Object Repository/Page_The Story and Evolution of Doodles - G_6e786d/p_The first Doodle was a simple out-of-offi_345e61")): Object: 'Object Repository/Page_The Story and Evolution of Doodles - G_6e786d/p_The first Doodle was a simple out-of-offi_345e61' is clicked on

17-06-2024T18:16:54 - [MESSAGE][PASSED] - Object: 'Object Repository/Page_The Story and Evolution of Doodles - G_6e786d/p_The first Doodle was a simple out-of-offi_345e61' is clicked on

17-06-2024T18:16:54 - [TEST_STEP][PASSED] - click(findTestObject("Object Repository/Page_The Story and Evolution of Doodles - G_6e786d/p_The first Doodle was a simple out-of-offi_345e61")): Object: 'Object Repository/Page_The Story and Evolution of Doodles - G_6e786d/p_The first Doodle was a simple out-of-offi_345e61' is clicked on

17-06-2024T18:16:54 - [MESSAGE][PASSED] - Object: 'Object Repository/Page_The Story and Evolution of Doodles - G_6e786d/p_The first Doodle was a simple out-of-offi_345e61' is clicked on

17-06-2024T18:16:54 - [TEST_STEP][PASSED] - verifyElementVisible(findTestObject("Object Repository/Page_The Story and Evolution of Doodles - G_6e786d/h1_The story behind Doodles")): Object 'Object Repository/Page_The Story and Evolution of Doodles - G_6e786d/h1_The story behind Doodles' is visible

17-06-2024T18:16:55 - [MESSAGE][PASSED] - Object 'Object Repository/Page_The Story and Evolution of Doodles - G_6e786d/h1_The story behind Doodles' is visible

17-06-2024T18:16:55 - [TEST_STEP][PASSED] - verifyElementVisible(findTestObject("Object Repository/Page_The Story and Evolution of Doodles - G_6e786d/p_The first Doodle was a simple out-of-offi_345e61")): Object 'Object Repository/Page_The Story and Evolution of Doodles - G_6e786d/p_The first Doodle was a simple out-of-offi_345e61' is visible

17-06-2024T18:16:55 - [MESSAGE][PASSED] - Object 'Object Repository/Page_The Story and Evolution of Doodles - G_6e786d/p_The first Doodle was a simple out-of-offi_345e61' is visible

17-06-2024T18:16:55 - [TEST_STEP][PASSED] - verifyElementVisible(findTestObject("Object Repository/Page_The Story and Evolution of Doodles - G_6e786d/h2_Weve created more than 5,000 Doodles ove_111429")): Object 'Object Repository/Page_The Story and Evolution of Doodles - G_6e786d/h2_Weve created more than 5,000 Doodles ove_111429' is visible

17-06-2024T18:16:55 - [MESSAGE][PASSED] - Object 'Object Repository/Page_The Story and Evolution of Doodles - G_6e786d/h2_Weve created more than 5,000 Doodles ove_111429' is visible

17-06-2024T18:16:55 - [TEST_STEP][PASSED] - verifyElementVisible(findTestObject("Object Repository/Page_The Story and Evolution of Doodles - G_6e786d/h1_The story behind Doodles")): Object 'Object Repository/Page_The Story and Evolution of Doodles - G_6e786d/h1_The story behind Doodles' is visible

17-06-2024T18:16:55 - [MESSAGE][PASSED] - Object 'Object Repository/Page_The Story and Evolution of Doodles - G_6e786d/h1_The story behind Doodles' is visible

17-06-2024T18:16:56 - [TEST_STEP][PASSED] - verifyElementVisible(findTestObject("Object Repository/Page_The Story and Evolution of Doodles - G_6e786d/p_The first Doodle was a simple out-of-offi_345e61")): Object 'Object Repository/Page_The Story and Evolution of Doodles - G_6e786d/p_The first Doodle was a simple out-of-offi_345e61' is visible

17-06-2024T18:16:56 - [MESSAGE][PASSED] - Object 'Object Repository/Page_The Story and Evolution of Doodles - G_6e786d/p_The first Doodle was a simple out-of-offi_345e61' is visible

17-06-2024T18:16:56 - [TEST_STEP][PASSED] - verifyElementVisible(findTestObject("Object Repository/Page_The Story and Evolution of Doodles - G_6e786d/h2_Weve created more than 5,000 Doodles ove_111429")): Object 'Object Repository/Page_The Story and Evolution of Doodles - G_6e786d/h2_Weve created more than 5,000 Doodles ove_111429' is visible

17-06-2024T18:16:56 - [MESSAGE][PASSED] - Object 'Object Repository/Page_The Story and Evolution of Doodles - G_6e786d/h2_Weve created more than 5,000 Doodles ove_111429' is visible

17-06-2024T18:16:56 - [TEST_STEP][PASSED] - click(findTestObject("Object Repository/Page_The Story and Evolution of Doodles - G_6e786d/p_The first Doodle was a simple out-of-offi_345e61")): Object: 'Object Repository/Page_The Story and Evolution of Doodles - G_6e786d/p_The first Doodle was a simple out-of-offi_345e61' is clicked on

17-06-2024T18:16:57 - [MESSAGE][PASSED] - Object: 'Object Repository/Page_The Story and Evolution of Doodles - G_6e786d/p_The first Doodle was a simple out-of-offi_345e61' is clicked on

17-06-2024T18:16:57 - [TEST_STEP][PASSED] - verifyElementVisible(findTestObject("Object Repository/Page_The Story and Evolution of Doodles - G_6e786d/h1_The story behind Doodles")): Object 'Object Repository/Page_The Story and Evolution of Doodles - G_6e786d/h1_The story behind Doodles' is visible

17-06-2024T18:16:57 - [MESSAGE][PASSED] - Object 'Object Repository/Page_The Story and Evolution of Doodles - G_6e786d/h1_The story behind Doodles' is visible

17-06-2024T18:16:57 - [TEST_STEP][PASSED] - verifyElementVisible(findTestObject("Object Repository/Page_The Story and Evolution of Doodles - G_6e786d/p_The first Doodle was a simple out-of-offi_345e61")): Object 'Object Repository/Page_The Story and Evolution of Doodles - G_6e786d/p_The first Doodle was a simple out-of-offi_345e61' is visible

17-06-2024T18:16:57 - [MESSAGE][PASSED] - Object 'Object Repository/Page_The Story and Evolution of Doodles - G_6e786d/p_The first Doodle was a simple out-of-offi_345e61' is visible

17-06-2024T18:16:57 - [TEST_STEP][PASSED] - verifyElementVisible(findTestObject("Object Repository/Page_The Story and Evolution of Doodles - G_6e786d/h2_Weve created more than 5,000 Doodles ove_111429")): Object 'Object Repository/Page_The Story and Evolution of Doodles - G_6e786d/h2_Weve created more than 5,000 Doodles ove_111429' is visible

17-06-2024T18:16:58 - [MESSAGE][PASSED] - Object 'Object Repository/Page_The Story and Evolution of Doodles - G_6e786d/h2_Weve created more than 5,000 Doodles ove_111429' is visible

17-06-2024T18:16:58 - [TEST_STEP][PASSED] - click(findTestObject("Object Repository/Page_The Story and Evolution of Doodles - G_6e786d/p_The first Doodle was a simple out-of-offi_345e61")): Object: 'Object Repository/Page_The Story and Evolution of Doodles - G_6e786d/p_The first Doodle was a simple out-of-offi_345e61' is clicked on

17-06-2024T18:16:58 - [MESSAGE][PASSED] - Object: 'Object Repository/Page_The Story and Evolution of Doodles - G_6e786d/p_The first Doodle was a simple out-of-offi_345e61' is clicked on

17-06-2024T18:16:58 - [TEST_STEP][PASSED] - verifyElementVisible(findTestObject("Object Repository/Page_The Story and Evolution of Doodles - G_6e786d/h1_The story behind Doodles")): Object 'Object Repository/Page_The Story and Evolution of Doodles - G_6e786d/h1_The story behind Doodles' is visible

17-06-2024T18:16:58 - [MESSAGE][PASSED] - Object 'Object Repository/Page_The Story and Evolution of Doodles - G_6e786d/h1_The story behind Doodles' is visible

17-06-2024T18:16:58 - [TEST_STEP][PASSED] - verifyElementVisible(findTestObject("Object Repository/Page_The Story and Evolution of Doodles - G_6e786d/p_The first Doodle was a simple out-of-offi_345e61")): Object 'Object Repository/Page_The Story and Evolution of Doodles - G_6e786d/p_The first Doodle was a simple out-of-offi_345e61' is visible

17-06-2024T18:16:59 - [MESSAGE][PASSED] - Object 'Object Repository/Page_The Story and Evolution of Doodles - G_6e786d/p_The first Doodle was a simple out-of-offi_345e61' is visible

17-06-2024T18:16:59 - [TEST_STEP][PASSED] - verifyElementVisible(findTestObject("Object Repository/Page_The Story and Evolution of Doodles - G_6e786d/h2_Weve created more than 5,000 Doodles ove_111429")): Object 'Object Repository/Page_The Story and Evolution of Doodles - G_6e786d/h2_Weve created more than 5,000 Doodles ove_111429' is visible

17-06-2024T18:16:59 - [MESSAGE][PASSED] - Object 'Object Repository/Page_The Story and Evolution of Doodles - G_6e786d/h2_Weve created more than 5,000 Doodles ove_111429' is visible

17-06-2024T18:16:59 - [TEST_STEP][PASSED] - click(findTestObject("Object Repository/Page_The Story and Evolution of Doodles - G_6e786d/p_The first Doodle was a simple out-of-offi_345e61")): Object: 'Object Repository/Page_The Story and Evolution of Doodles - G_6e786d/p_The first Doodle was a simple out-of-offi_345e61' is clicked on

17-06-2024T18:16:59 - [MESSAGE][PASSED] - Object: 'Object Repository/Page_The Story and Evolution of Doodles - G_6e786d/p_The first Doodle was a simple out-of-offi_345e61' is clicked on

17-06-2024T18:16:59 - [TEST_STEP][PASSED] - verifyElementVisible(findTestObject("Object Repository/Page_The Story and Evolution of Doodles - G_6e786d/h1_The story behind Doodles")): Object 'Object Repository/Page_The Story and Evolution of Doodles - G_6e786d/h1_The story behind Doodles' is visible

17-06-2024T18:17:00 - [MESSAGE][PASSED] - Object 'Object Repository/Page_The Story and Evolution of Doodles - G_6e786d/h1_The story behind Doodles' is visible

17-06-2024T18:17:00 - [TEST_STEP][PASSED] - verifyElementVisible(findTestObject("Object Repository/Page_The Story and Evolution of Doodles - G_6e786d/p_The first Doodle was a simple out-of-offi_345e61")): Object 'Object Repository/Page_The Story and Evolution of Doodles - G_6e786d/p_The first Doodle was a simple out-of-offi_345e61' is visible

17-06-2024T18:17:00 - [MESSAGE][PASSED] - Object 'Object Repository/Page_The Story and Evolution of Doodles - G_6e786d/p_The first Doodle was a simple out-of-offi_345e61' is visible

17-06-2024T18:17:00 - [TEST_STEP][PASSED] - verifyElementVisible(findTestObject("Object Repository/Page_The Story and Evolution of Doodles - G_6e786d/h2_Weve created more than 5,000 Doodles ove_111429")): Object 'Object Repository/Page_The Story and Evolution of Doodles - G_6e786d/h2_Weve created more than 5,000 Doodles ove_111429' is visible

17-06-2024T18:17:00 - [MESSAGE][PASSED] - Object 'Object Repository/Page_The Story and Evolution of Doodles - G_6e786d/h2_Weve created more than 5,000 Doodles ove_111429' is visible

17-06-2024T18:17:00 - [TEST_STEP][PASSED] - click(findTestObject("Object Repository/Page_The Story and Evolution of Doodles - G_6e786d/p_The first Doodle was a simple out-of-offi_345e61")): Object: 'Object Repository/Page_The Story and Evolution of Doodles - G_6e786d/p_The first Doodle was a simple out-of-offi_345e61' is clicked on

17-06-2024T18:17:01 - [MESSAGE][PASSED] - Object: 'Object Repository/Page_The Story and Evolution of Doodles - G_6e786d/p_The first Doodle was a simple out-of-offi_345e61' is clicked on

17-06-2024T18:17:01 - [TEST_STEP][PASSED] - verifyElementVisible(findTestObject("Object Repository/Page_The Story and Evolution of Doodles - G_6e786d/h1_The story behind Doodles")): Object 'Object Repository/Page_The Story and Evolution of Doodles - G_6e786d/h1_The story behind Doodles' is visible

17-06-2024T18:17:01 - [MESSAGE][PASSED] - Object 'Object Repository/Page_The Story and Evolution of Doodles - G_6e786d/h1_The story behind Doodles' is visible

17-06-2024T18:17:01 - [TEST_STEP][PASSED] - verifyElementVisible(findTestObject("Object Repository/Page_The Story and Evolution of Doodles - G_6e786d/p_The first Doodle was a simple out-of-offi_345e61")): Object 'Object Repository/Page_The Story and Evolution of Doodles - G_6e786d/p_The first Doodle was a simple out-of-offi_345e61' is visible

17-06-2024T18:17:01 - [MESSAGE][PASSED] - Object 'Object Repository/Page_The Story and Evolution of Doodles - G_6e786d/p_The first Doodle was a simple out-of-offi_345e61' is visible

17-06-2024T18:17:01 - [TEST_STEP][PASSED] - verifyElementVisible(findTestObject("Object Repository/Page_The Story and Evolution of Doodles - G_6e786d/h2_Weve created more than 5,000 Doodles ove_111429")): Object 'Object Repository/Page_The Story and Evolution of Doodles - G_6e786d/h2_Weve created more than 5,000 Doodles ove_111429' is visible

17-06-2024T18:17:02 - [MESSAGE][PASSED] - Object 'Object Repository/Page_The Story and Evolution of Doodles - G_6e786d/h2_Weve created more than 5,000 Doodles ove_111429' is visible

17-06-2024T18:17:02 - [TEST_STEP][PASSED] - click(findTestObject("Object Repository/Page_The Story and Evolution of Doodles - G_6e786d/p_The first Doodle was a simple out-of-offi_345e61")): Object: 'Object Repository/Page_The Story and Evolution of Doodles - G_6e786d/p_The first Doodle was a simple out-of-offi_345e61' is clicked on

17-06-2024T18:17:02 - [MESSAGE][PASSED] - Object: 'Object Repository/Page_The Story and Evolution of Doodles - G_6e786d/p_The first Doodle was a simple out-of-offi_345e61' is clicked on

17-06-2024T18:17:02 - [TEST_STEP][PASSED] - verifyElementVisible(findTestObject("Object Repository/Page_The Story and Evolution of Doodles - G_6e786d/h1_The story behind Doodles")): Object 'Object Repository/Page_The Story and Evolution of Doodles - G_6e786d/h1_The story behind Doodles' is visible

17-06-2024T18:17:02 - [MESSAGE][PASSED] - Object 'Object Repository/Page_The Story and Evolution of Doodles - G_6e786d/h1_The story behind Doodles' is visible

17-06-2024T18:17:02 - [TEST_STEP][PASSED] - verifyElementVisible(findTestObject("Object Repository/Page_The Story and Evolution of Doodles - G_6e786d/p_The first Doodle was a simple out-of-offi_345e61")): Object 'Object Repository/Page_The Story and Evolution of Doodles - G_6e786d/p_The first Doodle was a simple out-of-offi_345e61' is visible

17-06-2024T18:17:03 - [MESSAGE][PASSED] - Object 'Object Repository/Page_The Story and Evolution of Doodles - G_6e786d/p_The first Doodle was a simple out-of-offi_345e61' is visible

17-06-2024T18:17:03 - [TEST_STEP][PASSED] - verifyElementVisible(findTestObject("Object Repository/Page_The Story and Evolution of Doodles - G_6e786d/h2_Weve created more than 5,000 Doodles ove_111429")): Object 'Object Repository/Page_The Story and Evolution of Doodles - G_6e786d/h2_Weve created more than 5,000 Doodles ove_111429' is visible

17-06-2024T18:17:03 - [MESSAGE][PASSED] - Object 'Object Repository/Page_The Story and Evolution of Doodles - G_6e786d/h2_Weve created more than 5,000 Doodles ove_111429' is visible

17-06-2024T18:17:03 - [TEST_STEP][PASSED] - click(findTestObject("Object Repository/Page_The Story and Evolution of Doodles - G_6e786d/p_The first Doodle was a simple out-of-offi_345e61")): Object: 'Object Repository/Page_The Story and Evolution of Doodles - G_6e786d/p_The first Doodle was a simple out-of-offi_345e61' is clicked on

17-06-2024T18:17:03 - [MESSAGE][PASSED] - Object: 'Object Repository/Page_The Story and Evolution of Doodles - G_6e786d/p_The first Doodle was a simple out-of-offi_345e61' is clicked on

17-06-2024T18:17:03 - [TEST_STEP][PASSED] - verifyElementVisible(findTestObject("Object Repository/Page_The Story and Evolution of Doodles - G_6e786d/h1_The story behind Doodles")): Object 'Object Repository/Page_The Story and Evolution of Doodles - G_6e786d/h1_The story behind Doodles' is visible

17-06-2024T18:17:04 - [MESSAGE][PASSED] - Object 'Object Repository/Page_The Story and Evolution of Doodles - G_6e786d/h1_The story behind Doodles' is visible

17-06-2024T18:17:04 - [TEST_STEP][PASSED] - verifyElementVisible(findTestObject("Object Repository/Page_The Story and Evolution of Doodles - G_6e786d/p_The first Doodle was a simple out-of-offi_345e61")): Object 'Object Repository/Page_The Story and Evolution of Doodles - G_6e786d/p_The first Doodle was a simple out-of-offi_345e61' is visible

17-06-2024T18:17:04 - [MESSAGE][PASSED] - Object 'Object Repository/Page_The Story and Evolution of Doodles - G_6e786d/p_The first Doodle was a simple out-of-offi_345e61' is visible

17-06-2024T18:17:04 - [TEST_STEP][PASSED] - verifyElementVisible(findTestObject("Object Repository/Page_The Story and Evolution of Doodles - G_6e786d/h2_Weve created more than 5,000 Doodles ove_111429")): Object 'Object Repository/Page_The Story and Evolution of Doodles - G_6e786d/h2_Weve created more than 5,000 Doodles ove_111429' is visible

17-06-2024T18:17:04 - [MESSAGE][PASSED] - Object 'Object Repository/Page_The Story and Evolution of Doodles - G_6e786d/h2_Weve created more than 5,000 Doodles ove_111429' is visible

17-06-2024T18:17:04 - [TEST_STEP][PASSED] - click(findTestObject("Object Repository/Page_The Story and Evolution of Doodles - G_6e786d/p_The first Doodle was a simple out-of-offi_345e61")): Object: 'Object Repository/Page_The Story and Evolution of Doodles - G_6e786d/p_The first Doodle was a simple out-of-offi_345e61' is clicked on

17-06-2024T18:17:05 - [MESSAGE][PASSED] - Object: 'Object Repository/Page_The Story and Evolution of Doodles - G_6e786d/p_The first Doodle was a simple out-of-offi_345e61' is clicked on

17-06-2024T18:17:05 - [TEST_STEP][PASSED] - verifyElementVisible(findTestObject("Object Repository/Page_The Story and Evolution of Doodles - G_6e786d/h1_The story behind Doodles")): Object 'Object Repository/Page_The Story and Evolution of Doodles - G_6e786d/h1_The story behind Doodles' is visible

17-06-2024T18:17:05 - [MESSAGE][PASSED] - Object 'Object Repository/Page_The Story and Evolution of Doodles - G_6e786d/h1_The story behind Doodles' is visible

17-06-2024T18:17:05 - [TEST_STEP][PASSED] - verifyElementVisible(findTestObject("Object Repository/Page_The Story and Evolution of Doodles - G_6e786d/p_The first Doodle was a simple out-of-offi_345e61")): Object 'Object Repository/Page_The Story and Evolution of Doodles - G_6e786d/p_The first Doodle was a simple out-of-offi_345e61' is visible

17-06-2024T18:17:05 - [MESSAGE][PASSED] - Object 'Object Repository/Page_The Story and Evolution of Doodles - G_6e786d/p_The first Doodle was a simple out-of-offi_345e61' is visible

17-06-2024T18:17:05 - [TEST_STEP][PASSED] - verifyElementVisible(findTestObject("Object Repository/Page_The Story and Evolution of Doodles - G_6e786d/h2_Weve created more than 5,000 Doodles ove_111429")): Object 'Object Repository/Page_The Story and Evolution of Doodles - G_6e786d/h2_Weve created more than 5,000 Doodles ove_111429' is visible

17-06-2024T18:17:06 - [MESSAGE][PASSED] - Object 'Object Repository/Page_The Story and Evolution of Doodles - G_6e786d/h2_Weve created more than 5,000 Doodles ove_111429' is visible

17-06-2024T18:17:06 - [TEST_STEP][PASSED] - click(findTestObject("Object Repository/Page_The Story and Evolution of Doodles - G_6e786d/p_The first Doodle was a simple out-of-offi_345e61")): Object: 'Object Repository/Page_The Story and Evolution of Doodles - G_6e786d/p_The first Doodle was a simple out-of-offi_345e61' is clicked on

17-06-2024T18:17:06 - [MESSAGE][PASSED] - Object: 'Object Repository/Page_The Story and Evolution of Doodles - G_6e786d/p_The first Doodle was a simple out-of-offi_345e61' is clicked on

17-06-2024T18:17:06 - [TEST_STEP][PASSED] - verifyElementVisible(findTestObject("Object Repository/Page_The Story and Evolution of Doodles - G_6e786d/h1_The story behind Doodles")): Object 'Object Repository/Page_The Story and Evolution of Doodles - G_6e786d/h1_The story behind Doodles' is visible

17-06-2024T18:17:06 - [MESSAGE][PASSED] - Object 'Object Repository/Page_The Story and Evolution of Doodles - G_6e786d/h1_The story behind Doodles' is visible

17-06-2024T18:17:06 - [TEST_STEP][PASSED] - verifyElementVisible(findTestObject("Object Repository/Page_The Story and Evolution of Doodles - G_6e786d/p_The first Doodle was a simple out-of-offi_345e61")): Object 'Object Repository/Page_The Story and Evolution of Doodles - G_6e786d/p_The first Doodle was a simple out-of-offi_345e61' is visible

17-06-2024T18:17:07 - [MESSAGE][PASSED] - Object 'Object Repository/Page_The Story and Evolution of Doodles - G_6e786d/p_The first Doodle was a simple out-of-offi_345e61' is visible

17-06-2024T18:17:07 - [TEST_STEP][PASSED] - verifyElementVisible(findTestObject("Object Repository/Page_The Story and Evolution of Doodles - G_6e786d/h2_Weve created more than 5,000 Doodles ove_111429")): Object 'Object Repository/Page_The Story and Evolution of Doodles - G_6e786d/h2_Weve created more than 5,000 Doodles ove_111429' is visible

17-06-2024T18:17:07 - [MESSAGE][PASSED] - Object 'Object Repository/Page_The Story and Evolution of Doodles - G_6e786d/h2_Weve created more than 5,000 Doodles ove_111429' is visible

17-06-2024T18:17:07 - [TEST_STEP][PASSED] - click(findTestObject("Object Repository/Page_The Story and Evolution of Doodles - G_6e786d/p_The first Doodle was a simple out-of-offi_345e61")): Object: 'Object Repository/Page_The Story and Evolution of Doodles - G_6e786d/p_The first Doodle was a simple out-of-offi_345e61' is clicked on

17-06-2024T18:17:07 - [MESSAGE][PASSED] - Object: 'Object Repository/Page_The Story and Evolution of Doodles - G_6e786d/p_The first Doodle was a simple out-of-offi_345e61' is clicked on

17-06-2024T18:17:07 - [TEST_STEP][PASSED] - verifyElementVisible(findTestObject("Object Repository/Page_The Story and Evolution of Doodles - G_6e786d/h1_The story behind Doodles")): Object 'Object Repository/Page_The Story and Evolution of Doodles - G_6e786d/h1_The story behind Doodles' is visible

17-06-2024T18:17:08 - [MESSAGE][PASSED] - Object 'Object Repository/Page_The Story and Evolution of Doodles - G_6e786d/h1_The story behind Doodles' is visible

17-06-2024T18:17:08 - [TEST_STEP][PASSED] - verifyElementVisible(findTestObject("Object Repository/Page_The Story and Evolution of Doodles - G_6e786d/p_The first Doodle was a simple out-of-offi_345e61")): Object 'Object Repository/Page_The Story and Evolution of Doodles - G_6e786d/p_The first Doodle was a simple out-of-offi_345e61' is visible

17-06-2024T18:17:08 - [MESSAGE][PASSED] - Object 'Object Repository/Page_The Story and Evolution of Doodles - G_6e786d/p_The first Doodle was a simple out-of-offi_345e61' is visible

17-06-2024T18:17:08 - [TEST_STEP][PASSED] - verifyElementVisible(findTestObject("Object Repository/Page_The Story and Evolution of Doodles - G_6e786d/h2_Weve created more than 5,000 Doodles ove_111429")): Object 'Object Repository/Page_The Story and Evolution of Doodles - G_6e786d/h2_Weve created more than 5,000 Doodles ove_111429' is visible

17-06-2024T18:17:08 - [MESSAGE][PASSED] - Object 'Object Repository/Page_The Story and Evolution of Doodles - G_6e786d/h2_Weve created more than 5,000 Doodles ove_111429' is visible]]></system-out>
         <system-err><![CDATA[]]></system-err>
      </testcase>
      <testcase name="Test Cases/test case folder 1/tc1 - Copy (11)" time="19.857" classname="Test Cases/test case folder 1/tc1 - Copy (11)" status="PASSED">
         <system-out><![CDATA[17-06-2024T18:17:08 - [TEST_CASE][PASSED] - Test Cases/test case folder 1/tc1 - Copy (11): Test Cases/test case folder 1/tc1 - Copy (11)

17-06-2024T18:17:09 - [TEST_STEP][PASSED] - openBrowser(""): Browser is opened with url: ''

17-06-2024T18:17:09 - [MESSAGE][WARNING] - A browser is already opened. Closing browser and opening a new one

17-06-2024T18:17:09 - [MESSAGE][INFO] - Starting 'Chrome (headless)' driver

17-06-2024T18:17:09 - [MESSAGE][INFO] - Action delay is set to 0 milliseconds

17-06-2024T18:17:10 - [MESSAGE][PASSED] - Browser is opened with url: ''

17-06-2024T18:17:10 - [TEST_STEP][PASSED] - navigateToUrl("https://doodles.google/about/"): Navigate to 'https://doodles.google/about/' successfully

17-06-2024T18:17:13 - [MESSAGE][PASSED] - Navigate to 'https://doodles.google/about/' successfully

17-06-2024T18:17:13 - [TEST_STEP][PASSED] - click(findTestObject("Object Repository/Page_The Story and Evolution of Doodles - G_6e786d/p_The first Doodle was a simple out-of-offi_345e61")): Object: 'Object Repository/Page_The Story and Evolution of Doodles - G_6e786d/p_The first Doodle was a simple out-of-offi_345e61' is clicked on

17-06-2024T18:17:13 - [MESSAGE][PASSED] - Object: 'Object Repository/Page_The Story and Evolution of Doodles - G_6e786d/p_The first Doodle was a simple out-of-offi_345e61' is clicked on

17-06-2024T18:17:13 - [TEST_STEP][PASSED] - click(findTestObject("Object Repository/Page_The Story and Evolution of Doodles - G_6e786d/p_The first Doodle was a simple out-of-offi_345e61")): Object: 'Object Repository/Page_The Story and Evolution of Doodles - G_6e786d/p_The first Doodle was a simple out-of-offi_345e61' is clicked on

17-06-2024T18:17:14 - [MESSAGE][PASSED] - Object: 'Object Repository/Page_The Story and Evolution of Doodles - G_6e786d/p_The first Doodle was a simple out-of-offi_345e61' is clicked on

17-06-2024T18:17:14 - [TEST_STEP][PASSED] - verifyElementVisible(findTestObject("Object Repository/Page_The Story and Evolution of Doodles - G_6e786d/h1_The story behind Doodles")): Object 'Object Repository/Page_The Story and Evolution of Doodles - G_6e786d/h1_The story behind Doodles' is visible

17-06-2024T18:17:14 - [MESSAGE][PASSED] - Object 'Object Repository/Page_The Story and Evolution of Doodles - G_6e786d/h1_The story behind Doodles' is visible

17-06-2024T18:17:14 - [TEST_STEP][PASSED] - verifyElementVisible(findTestObject("Object Repository/Page_The Story and Evolution of Doodles - G_6e786d/p_The first Doodle was a simple out-of-offi_345e61")): Object 'Object Repository/Page_The Story and Evolution of Doodles - G_6e786d/p_The first Doodle was a simple out-of-offi_345e61' is visible

17-06-2024T18:17:14 - [MESSAGE][PASSED] - Object 'Object Repository/Page_The Story and Evolution of Doodles - G_6e786d/p_The first Doodle was a simple out-of-offi_345e61' is visible

17-06-2024T18:17:14 - [TEST_STEP][PASSED] - verifyElementVisible(findTestObject("Object Repository/Page_The Story and Evolution of Doodles - G_6e786d/h2_Weve created more than 5,000 Doodles ove_111429")): Object 'Object Repository/Page_The Story and Evolution of Doodles - G_6e786d/h2_Weve created more than 5,000 Doodles ove_111429' is visible

17-06-2024T18:17:15 - [MESSAGE][PASSED] - Object 'Object Repository/Page_The Story and Evolution of Doodles - G_6e786d/h2_Weve created more than 5,000 Doodles ove_111429' is visible

17-06-2024T18:17:15 - [TEST_STEP][PASSED] - verifyElementVisible(findTestObject("Object Repository/Page_The Story and Evolution of Doodles - G_6e786d/h1_The story behind Doodles")): Object 'Object Repository/Page_The Story and Evolution of Doodles - G_6e786d/h1_The story behind Doodles' is visible

17-06-2024T18:17:15 - [MESSAGE][PASSED] - Object 'Object Repository/Page_The Story and Evolution of Doodles - G_6e786d/h1_The story behind Doodles' is visible

17-06-2024T18:17:15 - [TEST_STEP][PASSED] - verifyElementVisible(findTestObject("Object Repository/Page_The Story and Evolution of Doodles - G_6e786d/p_The first Doodle was a simple out-of-offi_345e61")): Object 'Object Repository/Page_The Story and Evolution of Doodles - G_6e786d/p_The first Doodle was a simple out-of-offi_345e61' is visible

17-06-2024T18:17:15 - [MESSAGE][PASSED] - Object 'Object Repository/Page_The Story and Evolution of Doodles - G_6e786d/p_The first Doodle was a simple out-of-offi_345e61' is visible

17-06-2024T18:17:15 - [TEST_STEP][PASSED] - verifyElementVisible(findTestObject("Object Repository/Page_The Story and Evolution of Doodles - G_6e786d/h2_Weve created more than 5,000 Doodles ove_111429")): Object 'Object Repository/Page_The Story and Evolution of Doodles - G_6e786d/h2_Weve created more than 5,000 Doodles ove_111429' is visible

17-06-2024T18:17:16 - [MESSAGE][PASSED] - Object 'Object Repository/Page_The Story and Evolution of Doodles - G_6e786d/h2_Weve created more than 5,000 Doodles ove_111429' is visible

17-06-2024T18:17:16 - [TEST_STEP][PASSED] - click(findTestObject("Object Repository/Page_The Story and Evolution of Doodles - G_6e786d/p_The first Doodle was a simple out-of-offi_345e61")): Object: 'Object Repository/Page_The Story and Evolution of Doodles - G_6e786d/p_The first Doodle was a simple out-of-offi_345e61' is clicked on

17-06-2024T18:17:16 - [MESSAGE][PASSED] - Object: 'Object Repository/Page_The Story and Evolution of Doodles - G_6e786d/p_The first Doodle was a simple out-of-offi_345e61' is clicked on

17-06-2024T18:17:16 - [TEST_STEP][PASSED] - verifyElementVisible(findTestObject("Object Repository/Page_The Story and Evolution of Doodles - G_6e786d/h1_The story behind Doodles")): Object 'Object Repository/Page_The Story and Evolution of Doodles - G_6e786d/h1_The story behind Doodles' is visible

17-06-2024T18:17:16 - [MESSAGE][PASSED] - Object 'Object Repository/Page_The Story and Evolution of Doodles - G_6e786d/h1_The story behind Doodles' is visible

17-06-2024T18:17:16 - [TEST_STEP][PASSED] - verifyElementVisible(findTestObject("Object Repository/Page_The Story and Evolution of Doodles - G_6e786d/p_The first Doodle was a simple out-of-offi_345e61")): Object 'Object Repository/Page_The Story and Evolution of Doodles - G_6e786d/p_The first Doodle was a simple out-of-offi_345e61' is visible

17-06-2024T18:17:17 - [MESSAGE][PASSED] - Object 'Object Repository/Page_The Story and Evolution of Doodles - G_6e786d/p_The first Doodle was a simple out-of-offi_345e61' is visible

17-06-2024T18:17:17 - [TEST_STEP][PASSED] - verifyElementVisible(findTestObject("Object Repository/Page_The Story and Evolution of Doodles - G_6e786d/h2_Weve created more than 5,000 Doodles ove_111429")): Object 'Object Repository/Page_The Story and Evolution of Doodles - G_6e786d/h2_Weve created more than 5,000 Doodles ove_111429' is visible

17-06-2024T18:17:17 - [MESSAGE][PASSED] - Object 'Object Repository/Page_The Story and Evolution of Doodles - G_6e786d/h2_Weve created more than 5,000 Doodles ove_111429' is visible

17-06-2024T18:17:17 - [TEST_STEP][PASSED] - click(findTestObject("Object Repository/Page_The Story and Evolution of Doodles - G_6e786d/p_The first Doodle was a simple out-of-offi_345e61")): Object: 'Object Repository/Page_The Story and Evolution of Doodles - G_6e786d/p_The first Doodle was a simple out-of-offi_345e61' is clicked on

17-06-2024T18:17:17 - [MESSAGE][PASSED] - Object: 'Object Repository/Page_The Story and Evolution of Doodles - G_6e786d/p_The first Doodle was a simple out-of-offi_345e61' is clicked on

17-06-2024T18:17:17 - [TEST_STEP][PASSED] - verifyElementVisible(findTestObject("Object Repository/Page_The Story and Evolution of Doodles - G_6e786d/h1_The story behind Doodles")): Object 'Object Repository/Page_The Story and Evolution of Doodles - G_6e786d/h1_The story behind Doodles' is visible

17-06-2024T18:17:18 - [MESSAGE][PASSED] - Object 'Object Repository/Page_The Story and Evolution of Doodles - G_6e786d/h1_The story behind Doodles' is visible

17-06-2024T18:17:18 - [TEST_STEP][PASSED] - verifyElementVisible(findTestObject("Object Repository/Page_The Story and Evolution of Doodles - G_6e786d/p_The first Doodle was a simple out-of-offi_345e61")): Object 'Object Repository/Page_The Story and Evolution of Doodles - G_6e786d/p_The first Doodle was a simple out-of-offi_345e61' is visible

17-06-2024T18:17:18 - [MESSAGE][PASSED] - Object 'Object Repository/Page_The Story and Evolution of Doodles - G_6e786d/p_The first Doodle was a simple out-of-offi_345e61' is visible

17-06-2024T18:17:18 - [TEST_STEP][PASSED] - verifyElementVisible(findTestObject("Object Repository/Page_The Story and Evolution of Doodles - G_6e786d/h2_Weve created more than 5,000 Doodles ove_111429")): Object 'Object Repository/Page_The Story and Evolution of Doodles - G_6e786d/h2_Weve created more than 5,000 Doodles ove_111429' is visible

17-06-2024T18:17:19 - [MESSAGE][PASSED] - Object 'Object Repository/Page_The Story and Evolution of Doodles - G_6e786d/h2_Weve created more than 5,000 Doodles ove_111429' is visible

17-06-2024T18:17:19 - [TEST_STEP][PASSED] - click(findTestObject("Object Repository/Page_The Story and Evolution of Doodles - G_6e786d/p_The first Doodle was a simple out-of-offi_345e61")): Object: 'Object Repository/Page_The Story and Evolution of Doodles - G_6e786d/p_The first Doodle was a simple out-of-offi_345e61' is clicked on

17-06-2024T18:17:19 - [MESSAGE][PASSED] - Object: 'Object Repository/Page_The Story and Evolution of Doodles - G_6e786d/p_The first Doodle was a simple out-of-offi_345e61' is clicked on

17-06-2024T18:17:19 - [TEST_STEP][PASSED] - verifyElementVisible(findTestObject("Object Repository/Page_The Story and Evolution of Doodles - G_6e786d/h1_The story behind Doodles")): Object 'Object Repository/Page_The Story and Evolution of Doodles - G_6e786d/h1_The story behind Doodles' is visible

17-06-2024T18:17:19 - [MESSAGE][PASSED] - Object 'Object Repository/Page_The Story and Evolution of Doodles - G_6e786d/h1_The story behind Doodles' is visible

17-06-2024T18:17:19 - [TEST_STEP][PASSED] - verifyElementVisible(findTestObject("Object Repository/Page_The Story and Evolution of Doodles - G_6e786d/p_The first Doodle was a simple out-of-offi_345e61")): Object 'Object Repository/Page_The Story and Evolution of Doodles - G_6e786d/p_The first Doodle was a simple out-of-offi_345e61' is visible

17-06-2024T18:17:20 - [MESSAGE][PASSED] - Object 'Object Repository/Page_The Story and Evolution of Doodles - G_6e786d/p_The first Doodle was a simple out-of-offi_345e61' is visible

17-06-2024T18:17:20 - [TEST_STEP][PASSED] - verifyElementVisible(findTestObject("Object Repository/Page_The Story and Evolution of Doodles - G_6e786d/h2_Weve created more than 5,000 Doodles ove_111429")): Object 'Object Repository/Page_The Story and Evolution of Doodles - G_6e786d/h2_Weve created more than 5,000 Doodles ove_111429' is visible

17-06-2024T18:17:20 - [MESSAGE][PASSED] - Object 'Object Repository/Page_The Story and Evolution of Doodles - G_6e786d/h2_Weve created more than 5,000 Doodles ove_111429' is visible

17-06-2024T18:17:20 - [TEST_STEP][PASSED] - click(findTestObject("Object Repository/Page_The Story and Evolution of Doodles - G_6e786d/p_The first Doodle was a simple out-of-offi_345e61")): Object: 'Object Repository/Page_The Story and Evolution of Doodles - G_6e786d/p_The first Doodle was a simple out-of-offi_345e61' is clicked on

17-06-2024T18:17:20 - [MESSAGE][PASSED] - Object: 'Object Repository/Page_The Story and Evolution of Doodles - G_6e786d/p_The first Doodle was a simple out-of-offi_345e61' is clicked on

17-06-2024T18:17:20 - [TEST_STEP][PASSED] - verifyElementVisible(findTestObject("Object Repository/Page_The Story and Evolution of Doodles - G_6e786d/h1_The story behind Doodles")): Object 'Object Repository/Page_The Story and Evolution of Doodles - G_6e786d/h1_The story behind Doodles' is visible

17-06-2024T18:17:21 - [MESSAGE][PASSED] - Object 'Object Repository/Page_The Story and Evolution of Doodles - G_6e786d/h1_The story behind Doodles' is visible

17-06-2024T18:17:21 - [TEST_STEP][PASSED] - verifyElementVisible(findTestObject("Object Repository/Page_The Story and Evolution of Doodles - G_6e786d/p_The first Doodle was a simple out-of-offi_345e61")): Object 'Object Repository/Page_The Story and Evolution of Doodles - G_6e786d/p_The first Doodle was a simple out-of-offi_345e61' is visible

17-06-2024T18:17:21 - [MESSAGE][PASSED] - Object 'Object Repository/Page_The Story and Evolution of Doodles - G_6e786d/p_The first Doodle was a simple out-of-offi_345e61' is visible

17-06-2024T18:17:21 - [TEST_STEP][PASSED] - verifyElementVisible(findTestObject("Object Repository/Page_The Story and Evolution of Doodles - G_6e786d/h2_Weve created more than 5,000 Doodles ove_111429")): Object 'Object Repository/Page_The Story and Evolution of Doodles - G_6e786d/h2_Weve created more than 5,000 Doodles ove_111429' is visible

17-06-2024T18:17:21 - [MESSAGE][PASSED] - Object 'Object Repository/Page_The Story and Evolution of Doodles - G_6e786d/h2_Weve created more than 5,000 Doodles ove_111429' is visible

17-06-2024T18:17:21 - [TEST_STEP][PASSED] - click(findTestObject("Object Repository/Page_The Story and Evolution of Doodles - G_6e786d/p_The first Doodle was a simple out-of-offi_345e61")): Object: 'Object Repository/Page_The Story and Evolution of Doodles - G_6e786d/p_The first Doodle was a simple out-of-offi_345e61' is clicked on

17-06-2024T18:17:22 - [MESSAGE][PASSED] - Object: 'Object Repository/Page_The Story and Evolution of Doodles - G_6e786d/p_The first Doodle was a simple out-of-offi_345e61' is clicked on

17-06-2024T18:17:22 - [TEST_STEP][PASSED] - verifyElementVisible(findTestObject("Object Repository/Page_The Story and Evolution of Doodles - G_6e786d/h1_The story behind Doodles")): Object 'Object Repository/Page_The Story and Evolution of Doodles - G_6e786d/h1_The story behind Doodles' is visible

17-06-2024T18:17:22 - [MESSAGE][PASSED] - Object 'Object Repository/Page_The Story and Evolution of Doodles - G_6e786d/h1_The story behind Doodles' is visible

17-06-2024T18:17:22 - [TEST_STEP][PASSED] - verifyElementVisible(findTestObject("Object Repository/Page_The Story and Evolution of Doodles - G_6e786d/p_The first Doodle was a simple out-of-offi_345e61")): Object 'Object Repository/Page_The Story and Evolution of Doodles - G_6e786d/p_The first Doodle was a simple out-of-offi_345e61' is visible

17-06-2024T18:17:22 - [MESSAGE][PASSED] - Object 'Object Repository/Page_The Story and Evolution of Doodles - G_6e786d/p_The first Doodle was a simple out-of-offi_345e61' is visible

17-06-2024T18:17:22 - [TEST_STEP][PASSED] - verifyElementVisible(findTestObject("Object Repository/Page_The Story and Evolution of Doodles - G_6e786d/h2_Weve created more than 5,000 Doodles ove_111429")): Object 'Object Repository/Page_The Story and Evolution of Doodles - G_6e786d/h2_Weve created more than 5,000 Doodles ove_111429' is visible

17-06-2024T18:17:23 - [MESSAGE][PASSED] - Object 'Object Repository/Page_The Story and Evolution of Doodles - G_6e786d/h2_Weve created more than 5,000 Doodles ove_111429' is visible

17-06-2024T18:17:23 - [TEST_STEP][PASSED] - click(findTestObject("Object Repository/Page_The Story and Evolution of Doodles - G_6e786d/p_The first Doodle was a simple out-of-offi_345e61")): Object: 'Object Repository/Page_The Story and Evolution of Doodles - G_6e786d/p_The first Doodle was a simple out-of-offi_345e61' is clicked on

17-06-2024T18:17:23 - [MESSAGE][PASSED] - Object: 'Object Repository/Page_The Story and Evolution of Doodles - G_6e786d/p_The first Doodle was a simple out-of-offi_345e61' is clicked on

17-06-2024T18:17:23 - [TEST_STEP][PASSED] - verifyElementVisible(findTestObject("Object Repository/Page_The Story and Evolution of Doodles - G_6e786d/h1_The story behind Doodles")): Object 'Object Repository/Page_The Story and Evolution of Doodles - G_6e786d/h1_The story behind Doodles' is visible

17-06-2024T18:17:23 - [MESSAGE][PASSED] - Object 'Object Repository/Page_The Story and Evolution of Doodles - G_6e786d/h1_The story behind Doodles' is visible

17-06-2024T18:17:23 - [TEST_STEP][PASSED] - verifyElementVisible(findTestObject("Object Repository/Page_The Story and Evolution of Doodles - G_6e786d/p_The first Doodle was a simple out-of-offi_345e61")): Object 'Object Repository/Page_The Story and Evolution of Doodles - G_6e786d/p_The first Doodle was a simple out-of-offi_345e61' is visible

17-06-2024T18:17:24 - [MESSAGE][PASSED] - Object 'Object Repository/Page_The Story and Evolution of Doodles - G_6e786d/p_The first Doodle was a simple out-of-offi_345e61' is visible

17-06-2024T18:17:24 - [TEST_STEP][PASSED] - verifyElementVisible(findTestObject("Object Repository/Page_The Story and Evolution of Doodles - G_6e786d/h2_Weve created more than 5,000 Doodles ove_111429")): Object 'Object Repository/Page_The Story and Evolution of Doodles - G_6e786d/h2_Weve created more than 5,000 Doodles ove_111429' is visible

17-06-2024T18:17:24 - [MESSAGE][PASSED] - Object 'Object Repository/Page_The Story and Evolution of Doodles - G_6e786d/h2_Weve created more than 5,000 Doodles ove_111429' is visible

17-06-2024T18:17:24 - [TEST_STEP][PASSED] - click(findTestObject("Object Repository/Page_The Story and Evolution of Doodles - G_6e786d/p_The first Doodle was a simple out-of-offi_345e61")): Object: 'Object Repository/Page_The Story and Evolution of Doodles - G_6e786d/p_The first Doodle was a simple out-of-offi_345e61' is clicked on

17-06-2024T18:17:24 - [MESSAGE][PASSED] - Object: 'Object Repository/Page_The Story and Evolution of Doodles - G_6e786d/p_The first Doodle was a simple out-of-offi_345e61' is clicked on

17-06-2024T18:17:24 - [TEST_STEP][PASSED] - verifyElementVisible(findTestObject("Object Repository/Page_The Story and Evolution of Doodles - G_6e786d/h1_The story behind Doodles")): Object 'Object Repository/Page_The Story and Evolution of Doodles - G_6e786d/h1_The story behind Doodles' is visible

17-06-2024T18:17:25 - [MESSAGE][PASSED] - Object 'Object Repository/Page_The Story and Evolution of Doodles - G_6e786d/h1_The story behind Doodles' is visible

17-06-2024T18:17:25 - [TEST_STEP][PASSED] - verifyElementVisible(findTestObject("Object Repository/Page_The Story and Evolution of Doodles - G_6e786d/p_The first Doodle was a simple out-of-offi_345e61")): Object 'Object Repository/Page_The Story and Evolution of Doodles - G_6e786d/p_The first Doodle was a simple out-of-offi_345e61' is visible

17-06-2024T18:17:25 - [MESSAGE][PASSED] - Object 'Object Repository/Page_The Story and Evolution of Doodles - G_6e786d/p_The first Doodle was a simple out-of-offi_345e61' is visible

17-06-2024T18:17:25 - [TEST_STEP][PASSED] - verifyElementVisible(findTestObject("Object Repository/Page_The Story and Evolution of Doodles - G_6e786d/h2_Weve created more than 5,000 Doodles ove_111429")): Object 'Object Repository/Page_The Story and Evolution of Doodles - G_6e786d/h2_Weve created more than 5,000 Doodles ove_111429' is visible

17-06-2024T18:17:26 - [MESSAGE][PASSED] - Object 'Object Repository/Page_The Story and Evolution of Doodles - G_6e786d/h2_Weve created more than 5,000 Doodles ove_111429' is visible

17-06-2024T18:17:26 - [TEST_STEP][PASSED] - click(findTestObject("Object Repository/Page_The Story and Evolution of Doodles - G_6e786d/p_The first Doodle was a simple out-of-offi_345e61")): Object: 'Object Repository/Page_The Story and Evolution of Doodles - G_6e786d/p_The first Doodle was a simple out-of-offi_345e61' is clicked on

17-06-2024T18:17:26 - [MESSAGE][PASSED] - Object: 'Object Repository/Page_The Story and Evolution of Doodles - G_6e786d/p_The first Doodle was a simple out-of-offi_345e61' is clicked on

17-06-2024T18:17:26 - [TEST_STEP][PASSED] - verifyElementVisible(findTestObject("Object Repository/Page_The Story and Evolution of Doodles - G_6e786d/h1_The story behind Doodles")): Object 'Object Repository/Page_The Story and Evolution of Doodles - G_6e786d/h1_The story behind Doodles' is visible

17-06-2024T18:17:26 - [MESSAGE][PASSED] - Object 'Object Repository/Page_The Story and Evolution of Doodles - G_6e786d/h1_The story behind Doodles' is visible

17-06-2024T18:17:26 - [TEST_STEP][PASSED] - verifyElementVisible(findTestObject("Object Repository/Page_The Story and Evolution of Doodles - G_6e786d/p_The first Doodle was a simple out-of-offi_345e61")): Object 'Object Repository/Page_The Story and Evolution of Doodles - G_6e786d/p_The first Doodle was a simple out-of-offi_345e61' is visible

17-06-2024T18:17:27 - [MESSAGE][PASSED] - Object 'Object Repository/Page_The Story and Evolution of Doodles - G_6e786d/p_The first Doodle was a simple out-of-offi_345e61' is visible

17-06-2024T18:17:27 - [TEST_STEP][PASSED] - verifyElementVisible(findTestObject("Object Repository/Page_The Story and Evolution of Doodles - G_6e786d/h2_Weve created more than 5,000 Doodles ove_111429")): Object 'Object Repository/Page_The Story and Evolution of Doodles - G_6e786d/h2_Weve created more than 5,000 Doodles ove_111429' is visible

17-06-2024T18:17:27 - [MESSAGE][PASSED] - Object 'Object Repository/Page_The Story and Evolution of Doodles - G_6e786d/h2_Weve created more than 5,000 Doodles ove_111429' is visible

17-06-2024T18:17:27 - [TEST_STEP][PASSED] - click(findTestObject("Object Repository/Page_The Story and Evolution of Doodles - G_6e786d/p_The first Doodle was a simple out-of-offi_345e61")): Object: 'Object Repository/Page_The Story and Evolution of Doodles - G_6e786d/p_The first Doodle was a simple out-of-offi_345e61' is clicked on

17-06-2024T18:17:27 - [MESSAGE][PASSED] - Object: 'Object Repository/Page_The Story and Evolution of Doodles - G_6e786d/p_The first Doodle was a simple out-of-offi_345e61' is clicked on

17-06-2024T18:17:27 - [TEST_STEP][PASSED] - verifyElementVisible(findTestObject("Object Repository/Page_The Story and Evolution of Doodles - G_6e786d/h1_The story behind Doodles")): Object 'Object Repository/Page_The Story and Evolution of Doodles - G_6e786d/h1_The story behind Doodles' is visible

17-06-2024T18:17:28 - [MESSAGE][PASSED] - Object 'Object Repository/Page_The Story and Evolution of Doodles - G_6e786d/h1_The story behind Doodles' is visible

17-06-2024T18:17:28 - [TEST_STEP][PASSED] - verifyElementVisible(findTestObject("Object Repository/Page_The Story and Evolution of Doodles - G_6e786d/p_The first Doodle was a simple out-of-offi_345e61")): Object 'Object Repository/Page_The Story and Evolution of Doodles - G_6e786d/p_The first Doodle was a simple out-of-offi_345e61' is visible

17-06-2024T18:17:28 - [MESSAGE][PASSED] - Object 'Object Repository/Page_The Story and Evolution of Doodles - G_6e786d/p_The first Doodle was a simple out-of-offi_345e61' is visible

17-06-2024T18:17:28 - [TEST_STEP][PASSED] - verifyElementVisible(findTestObject("Object Repository/Page_The Story and Evolution of Doodles - G_6e786d/h2_Weve created more than 5,000 Doodles ove_111429")): Object 'Object Repository/Page_The Story and Evolution of Doodles - G_6e786d/h2_Weve created more than 5,000 Doodles ove_111429' is visible

17-06-2024T18:17:28 - [MESSAGE][PASSED] - Object 'Object Repository/Page_The Story and Evolution of Doodles - G_6e786d/h2_Weve created more than 5,000 Doodles ove_111429' is visible]]></system-out>
         <system-err><![CDATA[]]></system-err>
      </testcase>
      <testcase name="Test Cases/test case folder 1/tc1 - Copy (12)" time="18.853" classname="Test Cases/test case folder 1/tc1 - Copy (12)" status="PASSED">
         <system-out><![CDATA[17-06-2024T18:17:28 - [TEST_CASE][PASSED] - Test Cases/test case folder 1/tc1 - Copy (12): Test Cases/test case folder 1/tc1 - Copy (12)

17-06-2024T18:17:28 - [TEST_STEP][PASSED] - openBrowser(""): Browser is opened with url: ''

17-06-2024T18:17:28 - [MESSAGE][WARNING] - A browser is already opened. Closing browser and opening a new one

17-06-2024T18:17:29 - [MESSAGE][INFO] - Starting 'Chrome (headless)' driver

17-06-2024T18:17:29 - [MESSAGE][INFO] - Action delay is set to 0 milliseconds

17-06-2024T18:17:29 - [MESSAGE][PASSED] - Browser is opened with url: ''

17-06-2024T18:17:29 - [TEST_STEP][PASSED] - navigateToUrl("https://doodles.google/about/"): Navigate to 'https://doodles.google/about/' successfully

17-06-2024T18:17:32 - [MESSAGE][PASSED] - Navigate to 'https://doodles.google/about/' successfully

17-06-2024T18:17:32 - [TEST_STEP][PASSED] - click(findTestObject("Object Repository/Page_The Story and Evolution of Doodles - G_6e786d/p_The first Doodle was a simple out-of-offi_345e61")): Object: 'Object Repository/Page_The Story and Evolution of Doodles - G_6e786d/p_The first Doodle was a simple out-of-offi_345e61' is clicked on

17-06-2024T18:17:32 - [MESSAGE][PASSED] - Object: 'Object Repository/Page_The Story and Evolution of Doodles - G_6e786d/p_The first Doodle was a simple out-of-offi_345e61' is clicked on

17-06-2024T18:17:32 - [TEST_STEP][PASSED] - click(findTestObject("Object Repository/Page_The Story and Evolution of Doodles - G_6e786d/p_The first Doodle was a simple out-of-offi_345e61")): Object: 'Object Repository/Page_The Story and Evolution of Doodles - G_6e786d/p_The first Doodle was a simple out-of-offi_345e61' is clicked on

17-06-2024T18:17:33 - [MESSAGE][PASSED] - Object: 'Object Repository/Page_The Story and Evolution of Doodles - G_6e786d/p_The first Doodle was a simple out-of-offi_345e61' is clicked on

17-06-2024T18:17:33 - [TEST_STEP][PASSED] - verifyElementVisible(findTestObject("Object Repository/Page_The Story and Evolution of Doodles - G_6e786d/h1_The story behind Doodles")): Object 'Object Repository/Page_The Story and Evolution of Doodles - G_6e786d/h1_The story behind Doodles' is visible

17-06-2024T18:17:33 - [MESSAGE][PASSED] - Object 'Object Repository/Page_The Story and Evolution of Doodles - G_6e786d/h1_The story behind Doodles' is visible

17-06-2024T18:17:33 - [TEST_STEP][PASSED] - verifyElementVisible(findTestObject("Object Repository/Page_The Story and Evolution of Doodles - G_6e786d/p_The first Doodle was a simple out-of-offi_345e61")): Object 'Object Repository/Page_The Story and Evolution of Doodles - G_6e786d/p_The first Doodle was a simple out-of-offi_345e61' is visible

17-06-2024T18:17:33 - [MESSAGE][PASSED] - Object 'Object Repository/Page_The Story and Evolution of Doodles - G_6e786d/p_The first Doodle was a simple out-of-offi_345e61' is visible

17-06-2024T18:17:33 - [TEST_STEP][PASSED] - verifyElementVisible(findTestObject("Object Repository/Page_The Story and Evolution of Doodles - G_6e786d/h2_Weve created more than 5,000 Doodles ove_111429")): Object 'Object Repository/Page_The Story and Evolution of Doodles - G_6e786d/h2_Weve created more than 5,000 Doodles ove_111429' is visible

17-06-2024T18:17:34 - [MESSAGE][PASSED] - Object 'Object Repository/Page_The Story and Evolution of Doodles - G_6e786d/h2_Weve created more than 5,000 Doodles ove_111429' is visible

17-06-2024T18:17:34 - [TEST_STEP][PASSED] - verifyElementVisible(findTestObject("Object Repository/Page_The Story and Evolution of Doodles - G_6e786d/h1_The story behind Doodles")): Object 'Object Repository/Page_The Story and Evolution of Doodles - G_6e786d/h1_The story behind Doodles' is visible

17-06-2024T18:17:34 - [MESSAGE][PASSED] - Object 'Object Repository/Page_The Story and Evolution of Doodles - G_6e786d/h1_The story behind Doodles' is visible

17-06-2024T18:17:34 - [TEST_STEP][PASSED] - verifyElementVisible(findTestObject("Object Repository/Page_The Story and Evolution of Doodles - G_6e786d/p_The first Doodle was a simple out-of-offi_345e61")): Object 'Object Repository/Page_The Story and Evolution of Doodles - G_6e786d/p_The first Doodle was a simple out-of-offi_345e61' is visible

17-06-2024T18:17:34 - [MESSAGE][PASSED] - Object 'Object Repository/Page_The Story and Evolution of Doodles - G_6e786d/p_The first Doodle was a simple out-of-offi_345e61' is visible

17-06-2024T18:17:34 - [TEST_STEP][PASSED] - verifyElementVisible(findTestObject("Object Repository/Page_The Story and Evolution of Doodles - G_6e786d/h2_Weve created more than 5,000 Doodles ove_111429")): Object 'Object Repository/Page_The Story and Evolution of Doodles - G_6e786d/h2_Weve created more than 5,000 Doodles ove_111429' is visible

17-06-2024T18:17:35 - [MESSAGE][PASSED] - Object 'Object Repository/Page_The Story and Evolution of Doodles - G_6e786d/h2_Weve created more than 5,000 Doodles ove_111429' is visible

17-06-2024T18:17:35 - [TEST_STEP][PASSED] - click(findTestObject("Object Repository/Page_The Story and Evolution of Doodles - G_6e786d/p_The first Doodle was a simple out-of-offi_345e61")): Object: 'Object Repository/Page_The Story and Evolution of Doodles - G_6e786d/p_The first Doodle was a simple out-of-offi_345e61' is clicked on

17-06-2024T18:17:35 - [MESSAGE][PASSED] - Object: 'Object Repository/Page_The Story and Evolution of Doodles - G_6e786d/p_The first Doodle was a simple out-of-offi_345e61' is clicked on

17-06-2024T18:17:35 - [TEST_STEP][PASSED] - verifyElementVisible(findTestObject("Object Repository/Page_The Story and Evolution of Doodles - G_6e786d/h1_The story behind Doodles")): Object 'Object Repository/Page_The Story and Evolution of Doodles - G_6e786d/h1_The story behind Doodles' is visible

17-06-2024T18:17:36 - [MESSAGE][PASSED] - Object 'Object Repository/Page_The Story and Evolution of Doodles - G_6e786d/h1_The story behind Doodles' is visible

17-06-2024T18:17:36 - [TEST_STEP][PASSED] - verifyElementVisible(findTestObject("Object Repository/Page_The Story and Evolution of Doodles - G_6e786d/p_The first Doodle was a simple out-of-offi_345e61")): Object 'Object Repository/Page_The Story and Evolution of Doodles - G_6e786d/p_The first Doodle was a simple out-of-offi_345e61' is visible

17-06-2024T18:17:36 - [MESSAGE][PASSED] - Object 'Object Repository/Page_The Story and Evolution of Doodles - G_6e786d/p_The first Doodle was a simple out-of-offi_345e61' is visible

17-06-2024T18:17:36 - [TEST_STEP][PASSED] - verifyElementVisible(findTestObject("Object Repository/Page_The Story and Evolution of Doodles - G_6e786d/h2_Weve created more than 5,000 Doodles ove_111429")): Object 'Object Repository/Page_The Story and Evolution of Doodles - G_6e786d/h2_Weve created more than 5,000 Doodles ove_111429' is visible

17-06-2024T18:17:36 - [MESSAGE][PASSED] - Object 'Object Repository/Page_The Story and Evolution of Doodles - G_6e786d/h2_Weve created more than 5,000 Doodles ove_111429' is visible

17-06-2024T18:17:36 - [TEST_STEP][PASSED] - click(findTestObject("Object Repository/Page_The Story and Evolution of Doodles - G_6e786d/p_The first Doodle was a simple out-of-offi_345e61")): Object: 'Object Repository/Page_The Story and Evolution of Doodles - G_6e786d/p_The first Doodle was a simple out-of-offi_345e61' is clicked on

17-06-2024T18:17:37 - [MESSAGE][PASSED] - Object: 'Object Repository/Page_The Story and Evolution of Doodles - G_6e786d/p_The first Doodle was a simple out-of-offi_345e61' is clicked on

17-06-2024T18:17:37 - [TEST_STEP][PASSED] - verifyElementVisible(findTestObject("Object Repository/Page_The Story and Evolution of Doodles - G_6e786d/h1_The story behind Doodles")): Object 'Object Repository/Page_The Story and Evolution of Doodles - G_6e786d/h1_The story behind Doodles' is visible

17-06-2024T18:17:37 - [MESSAGE][PASSED] - Object 'Object Repository/Page_The Story and Evolution of Doodles - G_6e786d/h1_The story behind Doodles' is visible

17-06-2024T18:17:37 - [TEST_STEP][PASSED] - verifyElementVisible(findTestObject("Object Repository/Page_The Story and Evolution of Doodles - G_6e786d/p_The first Doodle was a simple out-of-offi_345e61")): Object 'Object Repository/Page_The Story and Evolution of Doodles - G_6e786d/p_The first Doodle was a simple out-of-offi_345e61' is visible

17-06-2024T18:17:37 - [MESSAGE][PASSED] - Object 'Object Repository/Page_The Story and Evolution of Doodles - G_6e786d/p_The first Doodle was a simple out-of-offi_345e61' is visible

17-06-2024T18:17:37 - [TEST_STEP][PASSED] - verifyElementVisible(findTestObject("Object Repository/Page_The Story and Evolution of Doodles - G_6e786d/h2_Weve created more than 5,000 Doodles ove_111429")): Object 'Object Repository/Page_The Story and Evolution of Doodles - G_6e786d/h2_Weve created more than 5,000 Doodles ove_111429' is visible

17-06-2024T18:17:38 - [MESSAGE][PASSED] - Object 'Object Repository/Page_The Story and Evolution of Doodles - G_6e786d/h2_Weve created more than 5,000 Doodles ove_111429' is visible

17-06-2024T18:17:38 - [TEST_STEP][PASSED] - click(findTestObject("Object Repository/Page_The Story and Evolution of Doodles - G_6e786d/p_The first Doodle was a simple out-of-offi_345e61")): Object: 'Object Repository/Page_The Story and Evolution of Doodles - G_6e786d/p_The first Doodle was a simple out-of-offi_345e61' is clicked on

17-06-2024T18:17:38 - [MESSAGE][PASSED] - Object: 'Object Repository/Page_The Story and Evolution of Doodles - G_6e786d/p_The first Doodle was a simple out-of-offi_345e61' is clicked on

17-06-2024T18:17:38 - [TEST_STEP][PASSED] - verifyElementVisible(findTestObject("Object Repository/Page_The Story and Evolution of Doodles - G_6e786d/h1_The story behind Doodles")): Object 'Object Repository/Page_The Story and Evolution of Doodles - G_6e786d/h1_The story behind Doodles' is visible

17-06-2024T18:17:38 - [MESSAGE][PASSED] - Object 'Object Repository/Page_The Story and Evolution of Doodles - G_6e786d/h1_The story behind Doodles' is visible

17-06-2024T18:17:38 - [TEST_STEP][PASSED] - verifyElementVisible(findTestObject("Object Repository/Page_The Story and Evolution of Doodles - G_6e786d/p_The first Doodle was a simple out-of-offi_345e61")): Object 'Object Repository/Page_The Story and Evolution of Doodles - G_6e786d/p_The first Doodle was a simple out-of-offi_345e61' is visible

17-06-2024T18:17:39 - [MESSAGE][PASSED] - Object 'Object Repository/Page_The Story and Evolution of Doodles - G_6e786d/p_The first Doodle was a simple out-of-offi_345e61' is visible

17-06-2024T18:17:39 - [TEST_STEP][PASSED] - verifyElementVisible(findTestObject("Object Repository/Page_The Story and Evolution of Doodles - G_6e786d/h2_Weve created more than 5,000 Doodles ove_111429")): Object 'Object Repository/Page_The Story and Evolution of Doodles - G_6e786d/h2_Weve created more than 5,000 Doodles ove_111429' is visible

17-06-2024T18:17:39 - [MESSAGE][PASSED] - Object 'Object Repository/Page_The Story and Evolution of Doodles - G_6e786d/h2_Weve created more than 5,000 Doodles ove_111429' is visible

17-06-2024T18:17:39 - [TEST_STEP][PASSED] - click(findTestObject("Object Repository/Page_The Story and Evolution of Doodles - G_6e786d/p_The first Doodle was a simple out-of-offi_345e61")): Object: 'Object Repository/Page_The Story and Evolution of Doodles - G_6e786d/p_The first Doodle was a simple out-of-offi_345e61' is clicked on

17-06-2024T18:17:39 - [MESSAGE][PASSED] - Object: 'Object Repository/Page_The Story and Evolution of Doodles - G_6e786d/p_The first Doodle was a simple out-of-offi_345e61' is clicked on

17-06-2024T18:17:39 - [TEST_STEP][PASSED] - verifyElementVisible(findTestObject("Object Repository/Page_The Story and Evolution of Doodles - G_6e786d/h1_The story behind Doodles")): Object 'Object Repository/Page_The Story and Evolution of Doodles - G_6e786d/h1_The story behind Doodles' is visible

17-06-2024T18:17:40 - [MESSAGE][PASSED] - Object 'Object Repository/Page_The Story and Evolution of Doodles - G_6e786d/h1_The story behind Doodles' is visible

17-06-2024T18:17:40 - [TEST_STEP][PASSED] - verifyElementVisible(findTestObject("Object Repository/Page_The Story and Evolution of Doodles - G_6e786d/p_The first Doodle was a simple out-of-offi_345e61")): Object 'Object Repository/Page_The Story and Evolution of Doodles - G_6e786d/p_The first Doodle was a simple out-of-offi_345e61' is visible

17-06-2024T18:17:40 - [MESSAGE][PASSED] - Object 'Object Repository/Page_The Story and Evolution of Doodles - G_6e786d/p_The first Doodle was a simple out-of-offi_345e61' is visible

17-06-2024T18:17:40 - [TEST_STEP][PASSED] - verifyElementVisible(findTestObject("Object Repository/Page_The Story and Evolution of Doodles - G_6e786d/h2_Weve created more than 5,000 Doodles ove_111429")): Object 'Object Repository/Page_The Story and Evolution of Doodles - G_6e786d/h2_Weve created more than 5,000 Doodles ove_111429' is visible

17-06-2024T18:17:40 - [MESSAGE][PASSED] - Object 'Object Repository/Page_The Story and Evolution of Doodles - G_6e786d/h2_Weve created more than 5,000 Doodles ove_111429' is visible

17-06-2024T18:17:40 - [TEST_STEP][PASSED] - click(findTestObject("Object Repository/Page_The Story and Evolution of Doodles - G_6e786d/p_The first Doodle was a simple out-of-offi_345e61")): Object: 'Object Repository/Page_The Story and Evolution of Doodles - G_6e786d/p_The first Doodle was a simple out-of-offi_345e61' is clicked on

17-06-2024T18:17:41 - [MESSAGE][PASSED] - Object: 'Object Repository/Page_The Story and Evolution of Doodles - G_6e786d/p_The first Doodle was a simple out-of-offi_345e61' is clicked on

17-06-2024T18:17:41 - [TEST_STEP][PASSED] - verifyElementVisible(findTestObject("Object Repository/Page_The Story and Evolution of Doodles - G_6e786d/h1_The story behind Doodles")): Object 'Object Repository/Page_The Story and Evolution of Doodles - G_6e786d/h1_The story behind Doodles' is visible

17-06-2024T18:17:41 - [MESSAGE][PASSED] - Object 'Object Repository/Page_The Story and Evolution of Doodles - G_6e786d/h1_The story behind Doodles' is visible

17-06-2024T18:17:41 - [TEST_STEP][PASSED] - verifyElementVisible(findTestObject("Object Repository/Page_The Story and Evolution of Doodles - G_6e786d/p_The first Doodle was a simple out-of-offi_345e61")): Object 'Object Repository/Page_The Story and Evolution of Doodles - G_6e786d/p_The first Doodle was a simple out-of-offi_345e61' is visible

17-06-2024T18:17:41 - [MESSAGE][PASSED] - Object 'Object Repository/Page_The Story and Evolution of Doodles - G_6e786d/p_The first Doodle was a simple out-of-offi_345e61' is visible

17-06-2024T18:17:41 - [TEST_STEP][PASSED] - verifyElementVisible(findTestObject("Object Repository/Page_The Story and Evolution of Doodles - G_6e786d/h2_Weve created more than 5,000 Doodles ove_111429")): Object 'Object Repository/Page_The Story and Evolution of Doodles - G_6e786d/h2_Weve created more than 5,000 Doodles ove_111429' is visible

17-06-2024T18:17:42 - [MESSAGE][PASSED] - Object 'Object Repository/Page_The Story and Evolution of Doodles - G_6e786d/h2_Weve created more than 5,000 Doodles ove_111429' is visible

17-06-2024T18:17:42 - [TEST_STEP][PASSED] - click(findTestObject("Object Repository/Page_The Story and Evolution of Doodles - G_6e786d/p_The first Doodle was a simple out-of-offi_345e61")): Object: 'Object Repository/Page_The Story and Evolution of Doodles - G_6e786d/p_The first Doodle was a simple out-of-offi_345e61' is clicked on

17-06-2024T18:17:42 - [MESSAGE][PASSED] - Object: 'Object Repository/Page_The Story and Evolution of Doodles - G_6e786d/p_The first Doodle was a simple out-of-offi_345e61' is clicked on

17-06-2024T18:17:42 - [TEST_STEP][PASSED] - verifyElementVisible(findTestObject("Object Repository/Page_The Story and Evolution of Doodles - G_6e786d/h1_The story behind Doodles")): Object 'Object Repository/Page_The Story and Evolution of Doodles - G_6e786d/h1_The story behind Doodles' is visible

17-06-2024T18:17:42 - [MESSAGE][PASSED] - Object 'Object Repository/Page_The Story and Evolution of Doodles - G_6e786d/h1_The story behind Doodles' is visible

17-06-2024T18:17:42 - [TEST_STEP][PASSED] - verifyElementVisible(findTestObject("Object Repository/Page_The Story and Evolution of Doodles - G_6e786d/p_The first Doodle was a simple out-of-offi_345e61")): Object 'Object Repository/Page_The Story and Evolution of Doodles - G_6e786d/p_The first Doodle was a simple out-of-offi_345e61' is visible

17-06-2024T18:17:43 - [MESSAGE][PASSED] - Object 'Object Repository/Page_The Story and Evolution of Doodles - G_6e786d/p_The first Doodle was a simple out-of-offi_345e61' is visible

17-06-2024T18:17:43 - [TEST_STEP][PASSED] - verifyElementVisible(findTestObject("Object Repository/Page_The Story and Evolution of Doodles - G_6e786d/h2_Weve created more than 5,000 Doodles ove_111429")): Object 'Object Repository/Page_The Story and Evolution of Doodles - G_6e786d/h2_Weve created more than 5,000 Doodles ove_111429' is visible

17-06-2024T18:17:43 - [MESSAGE][PASSED] - Object 'Object Repository/Page_The Story and Evolution of Doodles - G_6e786d/h2_Weve created more than 5,000 Doodles ove_111429' is visible

17-06-2024T18:17:43 - [TEST_STEP][PASSED] - click(findTestObject("Object Repository/Page_The Story and Evolution of Doodles - G_6e786d/p_The first Doodle was a simple out-of-offi_345e61")): Object: 'Object Repository/Page_The Story and Evolution of Doodles - G_6e786d/p_The first Doodle was a simple out-of-offi_345e61' is clicked on

17-06-2024T18:17:43 - [MESSAGE][PASSED] - Object: 'Object Repository/Page_The Story and Evolution of Doodles - G_6e786d/p_The first Doodle was a simple out-of-offi_345e61' is clicked on

17-06-2024T18:17:43 - [TEST_STEP][PASSED] - verifyElementVisible(findTestObject("Object Repository/Page_The Story and Evolution of Doodles - G_6e786d/h1_The story behind Doodles")): Object 'Object Repository/Page_The Story and Evolution of Doodles - G_6e786d/h1_The story behind Doodles' is visible

17-06-2024T18:17:44 - [MESSAGE][PASSED] - Object 'Object Repository/Page_The Story and Evolution of Doodles - G_6e786d/h1_The story behind Doodles' is visible

17-06-2024T18:17:44 - [TEST_STEP][PASSED] - verifyElementVisible(findTestObject("Object Repository/Page_The Story and Evolution of Doodles - G_6e786d/p_The first Doodle was a simple out-of-offi_345e61")): Object 'Object Repository/Page_The Story and Evolution of Doodles - G_6e786d/p_The first Doodle was a simple out-of-offi_345e61' is visible

17-06-2024T18:17:44 - [MESSAGE][PASSED] - Object 'Object Repository/Page_The Story and Evolution of Doodles - G_6e786d/p_The first Doodle was a simple out-of-offi_345e61' is visible

17-06-2024T18:17:44 - [TEST_STEP][PASSED] - verifyElementVisible(findTestObject("Object Repository/Page_The Story and Evolution of Doodles - G_6e786d/h2_Weve created more than 5,000 Doodles ove_111429")): Object 'Object Repository/Page_The Story and Evolution of Doodles - G_6e786d/h2_Weve created more than 5,000 Doodles ove_111429' is visible

17-06-2024T18:17:44 - [MESSAGE][PASSED] - Object 'Object Repository/Page_The Story and Evolution of Doodles - G_6e786d/h2_Weve created more than 5,000 Doodles ove_111429' is visible

17-06-2024T18:17:44 - [TEST_STEP][PASSED] - click(findTestObject("Object Repository/Page_The Story and Evolution of Doodles - G_6e786d/p_The first Doodle was a simple out-of-offi_345e61")): Object: 'Object Repository/Page_The Story and Evolution of Doodles - G_6e786d/p_The first Doodle was a simple out-of-offi_345e61' is clicked on

17-06-2024T18:17:45 - [MESSAGE][PASSED] - Object: 'Object Repository/Page_The Story and Evolution of Doodles - G_6e786d/p_The first Doodle was a simple out-of-offi_345e61' is clicked on

17-06-2024T18:17:45 - [TEST_STEP][PASSED] - verifyElementVisible(findTestObject("Object Repository/Page_The Story and Evolution of Doodles - G_6e786d/h1_The story behind Doodles")): Object 'Object Repository/Page_The Story and Evolution of Doodles - G_6e786d/h1_The story behind Doodles' is visible

17-06-2024T18:17:45 - [MESSAGE][PASSED] - Object 'Object Repository/Page_The Story and Evolution of Doodles - G_6e786d/h1_The story behind Doodles' is visible

17-06-2024T18:17:45 - [TEST_STEP][PASSED] - verifyElementVisible(findTestObject("Object Repository/Page_The Story and Evolution of Doodles - G_6e786d/p_The first Doodle was a simple out-of-offi_345e61")): Object 'Object Repository/Page_The Story and Evolution of Doodles - G_6e786d/p_The first Doodle was a simple out-of-offi_345e61' is visible

17-06-2024T18:17:45 - [MESSAGE][PASSED] - Object 'Object Repository/Page_The Story and Evolution of Doodles - G_6e786d/p_The first Doodle was a simple out-of-offi_345e61' is visible

17-06-2024T18:17:45 - [TEST_STEP][PASSED] - verifyElementVisible(findTestObject("Object Repository/Page_The Story and Evolution of Doodles - G_6e786d/h2_Weve created more than 5,000 Doodles ove_111429")): Object 'Object Repository/Page_The Story and Evolution of Doodles - G_6e786d/h2_Weve created more than 5,000 Doodles ove_111429' is visible

17-06-2024T18:17:46 - [MESSAGE][PASSED] - Object 'Object Repository/Page_The Story and Evolution of Doodles - G_6e786d/h2_Weve created more than 5,000 Doodles ove_111429' is visible

17-06-2024T18:17:46 - [TEST_STEP][PASSED] - click(findTestObject("Object Repository/Page_The Story and Evolution of Doodles - G_6e786d/p_The first Doodle was a simple out-of-offi_345e61")): Object: 'Object Repository/Page_The Story and Evolution of Doodles - G_6e786d/p_The first Doodle was a simple out-of-offi_345e61' is clicked on

17-06-2024T18:17:46 - [MESSAGE][PASSED] - Object: 'Object Repository/Page_The Story and Evolution of Doodles - G_6e786d/p_The first Doodle was a simple out-of-offi_345e61' is clicked on

17-06-2024T18:17:46 - [TEST_STEP][PASSED] - verifyElementVisible(findTestObject("Object Repository/Page_The Story and Evolution of Doodles - G_6e786d/h1_The story behind Doodles")): Object 'Object Repository/Page_The Story and Evolution of Doodles - G_6e786d/h1_The story behind Doodles' is visible

17-06-2024T18:17:46 - [MESSAGE][PASSED] - Object 'Object Repository/Page_The Story and Evolution of Doodles - G_6e786d/h1_The story behind Doodles' is visible

17-06-2024T18:17:46 - [TEST_STEP][PASSED] - verifyElementVisible(findTestObject("Object Repository/Page_The Story and Evolution of Doodles - G_6e786d/p_The first Doodle was a simple out-of-offi_345e61")): Object 'Object Repository/Page_The Story and Evolution of Doodles - G_6e786d/p_The first Doodle was a simple out-of-offi_345e61' is visible

17-06-2024T18:17:47 - [MESSAGE][PASSED] - Object 'Object Repository/Page_The Story and Evolution of Doodles - G_6e786d/p_The first Doodle was a simple out-of-offi_345e61' is visible

17-06-2024T18:17:47 - [TEST_STEP][PASSED] - verifyElementVisible(findTestObject("Object Repository/Page_The Story and Evolution of Doodles - G_6e786d/h2_Weve created more than 5,000 Doodles ove_111429")): Object 'Object Repository/Page_The Story and Evolution of Doodles - G_6e786d/h2_Weve created more than 5,000 Doodles ove_111429' is visible

17-06-2024T18:17:47 - [MESSAGE][PASSED] - Object 'Object Repository/Page_The Story and Evolution of Doodles - G_6e786d/h2_Weve created more than 5,000 Doodles ove_111429' is visible]]></system-out>
         <system-err><![CDATA[]]></system-err>
      </testcase>
      <testcase name="Test Cases/test case folder 1/tc1 - Copy (13)" time="19.887" classname="Test Cases/test case folder 1/tc1 - Copy (13)" status="PASSED">
         <system-out><![CDATA[17-06-2024T18:17:47 - [TEST_CASE][PASSED] - Test Cases/test case folder 1/tc1 - Copy (13): Test Cases/test case folder 1/tc1 - Copy (13)

17-06-2024T18:17:47 - [TEST_STEP][PASSED] - openBrowser(""): Browser is opened with url: ''

17-06-2024T18:17:47 - [MESSAGE][WARNING] - A browser is already opened. Closing browser and opening a new one

17-06-2024T18:17:48 - [MESSAGE][INFO] - Starting 'Chrome (headless)' driver

17-06-2024T18:17:48 - [MESSAGE][INFO] - Action delay is set to 0 milliseconds

17-06-2024T18:17:49 - [MESSAGE][PASSED] - Browser is opened with url: ''

17-06-2024T18:17:49 - [TEST_STEP][PASSED] - navigateToUrl("https://doodles.google/about/"): Navigate to 'https://doodles.google/about/' successfully

17-06-2024T18:17:51 - [MESSAGE][PASSED] - Navigate to 'https://doodles.google/about/' successfully

17-06-2024T18:17:51 - [TEST_STEP][PASSED] - click(findTestObject("Object Repository/Page_The Story and Evolution of Doodles - G_6e786d/p_The first Doodle was a simple out-of-offi_345e61")): Object: 'Object Repository/Page_The Story and Evolution of Doodles - G_6e786d/p_The first Doodle was a simple out-of-offi_345e61' is clicked on

17-06-2024T18:17:52 - [MESSAGE][PASSED] - Object: 'Object Repository/Page_The Story and Evolution of Doodles - G_6e786d/p_The first Doodle was a simple out-of-offi_345e61' is clicked on

17-06-2024T18:17:52 - [TEST_STEP][PASSED] - click(findTestObject("Object Repository/Page_The Story and Evolution of Doodles - G_6e786d/p_The first Doodle was a simple out-of-offi_345e61")): Object: 'Object Repository/Page_The Story and Evolution of Doodles - G_6e786d/p_The first Doodle was a simple out-of-offi_345e61' is clicked on

17-06-2024T18:17:52 - [MESSAGE][PASSED] - Object: 'Object Repository/Page_The Story and Evolution of Doodles - G_6e786d/p_The first Doodle was a simple out-of-offi_345e61' is clicked on

17-06-2024T18:17:52 - [TEST_STEP][PASSED] - verifyElementVisible(findTestObject("Object Repository/Page_The Story and Evolution of Doodles - G_6e786d/h1_The story behind Doodles")): Object 'Object Repository/Page_The Story and Evolution of Doodles - G_6e786d/h1_The story behind Doodles' is visible

17-06-2024T18:17:53 - [MESSAGE][PASSED] - Object 'Object Repository/Page_The Story and Evolution of Doodles - G_6e786d/h1_The story behind Doodles' is visible

17-06-2024T18:17:53 - [TEST_STEP][PASSED] - verifyElementVisible(findTestObject("Object Repository/Page_The Story and Evolution of Doodles - G_6e786d/p_The first Doodle was a simple out-of-offi_345e61")): Object 'Object Repository/Page_The Story and Evolution of Doodles - G_6e786d/p_The first Doodle was a simple out-of-offi_345e61' is visible

17-06-2024T18:17:53 - [MESSAGE][PASSED] - Object 'Object Repository/Page_The Story and Evolution of Doodles - G_6e786d/p_The first Doodle was a simple out-of-offi_345e61' is visible

17-06-2024T18:17:53 - [TEST_STEP][PASSED] - verifyElementVisible(findTestObject("Object Repository/Page_The Story and Evolution of Doodles - G_6e786d/h2_Weve created more than 5,000 Doodles ove_111429")): Object 'Object Repository/Page_The Story and Evolution of Doodles - G_6e786d/h2_Weve created more than 5,000 Doodles ove_111429' is visible

17-06-2024T18:17:53 - [MESSAGE][PASSED] - Object 'Object Repository/Page_The Story and Evolution of Doodles - G_6e786d/h2_Weve created more than 5,000 Doodles ove_111429' is visible

17-06-2024T18:17:53 - [TEST_STEP][PASSED] - verifyElementVisible(findTestObject("Object Repository/Page_The Story and Evolution of Doodles - G_6e786d/h1_The story behind Doodles")): Object 'Object Repository/Page_The Story and Evolution of Doodles - G_6e786d/h1_The story behind Doodles' is visible

17-06-2024T18:17:54 - [MESSAGE][PASSED] - Object 'Object Repository/Page_The Story and Evolution of Doodles - G_6e786d/h1_The story behind Doodles' is visible

17-06-2024T18:17:54 - [TEST_STEP][PASSED] - verifyElementVisible(findTestObject("Object Repository/Page_The Story and Evolution of Doodles - G_6e786d/p_The first Doodle was a simple out-of-offi_345e61")): Object 'Object Repository/Page_The Story and Evolution of Doodles - G_6e786d/p_The first Doodle was a simple out-of-offi_345e61' is visible

17-06-2024T18:17:54 - [MESSAGE][PASSED] - Object 'Object Repository/Page_The Story and Evolution of Doodles - G_6e786d/p_The first Doodle was a simple out-of-offi_345e61' is visible

17-06-2024T18:17:54 - [TEST_STEP][PASSED] - verifyElementVisible(findTestObject("Object Repository/Page_The Story and Evolution of Doodles - G_6e786d/h2_Weve created more than 5,000 Doodles ove_111429")): Object 'Object Repository/Page_The Story and Evolution of Doodles - G_6e786d/h2_Weve created more than 5,000 Doodles ove_111429' is visible

17-06-2024T18:17:54 - [MESSAGE][PASSED] - Object 'Object Repository/Page_The Story and Evolution of Doodles - G_6e786d/h2_Weve created more than 5,000 Doodles ove_111429' is visible

17-06-2024T18:17:54 - [TEST_STEP][PASSED] - click(findTestObject("Object Repository/Page_The Story and Evolution of Doodles - G_6e786d/p_The first Doodle was a simple out-of-offi_345e61")): Object: 'Object Repository/Page_The Story and Evolution of Doodles - G_6e786d/p_The first Doodle was a simple out-of-offi_345e61' is clicked on

17-06-2024T18:17:55 - [MESSAGE][PASSED] - Object: 'Object Repository/Page_The Story and Evolution of Doodles - G_6e786d/p_The first Doodle was a simple out-of-offi_345e61' is clicked on

17-06-2024T18:17:55 - [TEST_STEP][PASSED] - verifyElementVisible(findTestObject("Object Repository/Page_The Story and Evolution of Doodles - G_6e786d/h1_The story behind Doodles")): Object 'Object Repository/Page_The Story and Evolution of Doodles - G_6e786d/h1_The story behind Doodles' is visible

17-06-2024T18:17:55 - [MESSAGE][PASSED] - Object 'Object Repository/Page_The Story and Evolution of Doodles - G_6e786d/h1_The story behind Doodles' is visible

17-06-2024T18:17:55 - [TEST_STEP][PASSED] - verifyElementVisible(findTestObject("Object Repository/Page_The Story and Evolution of Doodles - G_6e786d/p_The first Doodle was a simple out-of-offi_345e61")): Object 'Object Repository/Page_The Story and Evolution of Doodles - G_6e786d/p_The first Doodle was a simple out-of-offi_345e61' is visible

17-06-2024T18:17:55 - [MESSAGE][PASSED] - Object 'Object Repository/Page_The Story and Evolution of Doodles - G_6e786d/p_The first Doodle was a simple out-of-offi_345e61' is visible

17-06-2024T18:17:55 - [TEST_STEP][PASSED] - verifyElementVisible(findTestObject("Object Repository/Page_The Story and Evolution of Doodles - G_6e786d/h2_Weve created more than 5,000 Doodles ove_111429")): Object 'Object Repository/Page_The Story and Evolution of Doodles - G_6e786d/h2_Weve created more than 5,000 Doodles ove_111429' is visible

17-06-2024T18:17:56 - [MESSAGE][PASSED] - Object 'Object Repository/Page_The Story and Evolution of Doodles - G_6e786d/h2_Weve created more than 5,000 Doodles ove_111429' is visible

17-06-2024T18:17:56 - [TEST_STEP][PASSED] - click(findTestObject("Object Repository/Page_The Story and Evolution of Doodles - G_6e786d/p_The first Doodle was a simple out-of-offi_345e61")): Object: 'Object Repository/Page_The Story and Evolution of Doodles - G_6e786d/p_The first Doodle was a simple out-of-offi_345e61' is clicked on

17-06-2024T18:17:56 - [MESSAGE][PASSED] - Object: 'Object Repository/Page_The Story and Evolution of Doodles - G_6e786d/p_The first Doodle was a simple out-of-offi_345e61' is clicked on

17-06-2024T18:17:56 - [TEST_STEP][PASSED] - verifyElementVisible(findTestObject("Object Repository/Page_The Story and Evolution of Doodles - G_6e786d/h1_The story behind Doodles")): Object 'Object Repository/Page_The Story and Evolution of Doodles - G_6e786d/h1_The story behind Doodles' is visible

17-06-2024T18:17:56 - [MESSAGE][PASSED] - Object 'Object Repository/Page_The Story and Evolution of Doodles - G_6e786d/h1_The story behind Doodles' is visible

17-06-2024T18:17:56 - [TEST_STEP][PASSED] - verifyElementVisible(findTestObject("Object Repository/Page_The Story and Evolution of Doodles - G_6e786d/p_The first Doodle was a simple out-of-offi_345e61")): Object 'Object Repository/Page_The Story and Evolution of Doodles - G_6e786d/p_The first Doodle was a simple out-of-offi_345e61' is visible

17-06-2024T18:17:57 - [MESSAGE][PASSED] - Object 'Object Repository/Page_The Story and Evolution of Doodles - G_6e786d/p_The first Doodle was a simple out-of-offi_345e61' is visible

17-06-2024T18:17:57 - [TEST_STEP][PASSED] - verifyElementVisible(findTestObject("Object Repository/Page_The Story and Evolution of Doodles - G_6e786d/h2_Weve created more than 5,000 Doodles ove_111429")): Object 'Object Repository/Page_The Story and Evolution of Doodles - G_6e786d/h2_Weve created more than 5,000 Doodles ove_111429' is visible

17-06-2024T18:17:57 - [MESSAGE][PASSED] - Object 'Object Repository/Page_The Story and Evolution of Doodles - G_6e786d/h2_Weve created more than 5,000 Doodles ove_111429' is visible

17-06-2024T18:17:57 - [TEST_STEP][PASSED] - click(findTestObject("Object Repository/Page_The Story and Evolution of Doodles - G_6e786d/p_The first Doodle was a simple out-of-offi_345e61")): Object: 'Object Repository/Page_The Story and Evolution of Doodles - G_6e786d/p_The first Doodle was a simple out-of-offi_345e61' is clicked on

17-06-2024T18:17:57 - [MESSAGE][PASSED] - Object: 'Object Repository/Page_The Story and Evolution of Doodles - G_6e786d/p_The first Doodle was a simple out-of-offi_345e61' is clicked on

17-06-2024T18:17:57 - [TEST_STEP][PASSED] - verifyElementVisible(findTestObject("Object Repository/Page_The Story and Evolution of Doodles - G_6e786d/h1_The story behind Doodles")): Object 'Object Repository/Page_The Story and Evolution of Doodles - G_6e786d/h1_The story behind Doodles' is visible

17-06-2024T18:17:58 - [MESSAGE][PASSED] - Object 'Object Repository/Page_The Story and Evolution of Doodles - G_6e786d/h1_The story behind Doodles' is visible

17-06-2024T18:17:58 - [TEST_STEP][PASSED] - verifyElementVisible(findTestObject("Object Repository/Page_The Story and Evolution of Doodles - G_6e786d/p_The first Doodle was a simple out-of-offi_345e61")): Object 'Object Repository/Page_The Story and Evolution of Doodles - G_6e786d/p_The first Doodle was a simple out-of-offi_345e61' is visible

17-06-2024T18:17:58 - [MESSAGE][PASSED] - Object 'Object Repository/Page_The Story and Evolution of Doodles - G_6e786d/p_The first Doodle was a simple out-of-offi_345e61' is visible

17-06-2024T18:17:58 - [TEST_STEP][PASSED] - verifyElementVisible(findTestObject("Object Repository/Page_The Story and Evolution of Doodles - G_6e786d/h2_Weve created more than 5,000 Doodles ove_111429")): Object 'Object Repository/Page_The Story and Evolution of Doodles - G_6e786d/h2_Weve created more than 5,000 Doodles ove_111429' is visible

17-06-2024T18:17:58 - [MESSAGE][PASSED] - Object 'Object Repository/Page_The Story and Evolution of Doodles - G_6e786d/h2_Weve created more than 5,000 Doodles ove_111429' is visible

17-06-2024T18:17:58 - [TEST_STEP][PASSED] - click(findTestObject("Object Repository/Page_The Story and Evolution of Doodles - G_6e786d/p_The first Doodle was a simple out-of-offi_345e61")): Object: 'Object Repository/Page_The Story and Evolution of Doodles - G_6e786d/p_The first Doodle was a simple out-of-offi_345e61' is clicked on

17-06-2024T18:17:59 - [MESSAGE][PASSED] - Object: 'Object Repository/Page_The Story and Evolution of Doodles - G_6e786d/p_The first Doodle was a simple out-of-offi_345e61' is clicked on

17-06-2024T18:17:59 - [TEST_STEP][PASSED] - verifyElementVisible(findTestObject("Object Repository/Page_The Story and Evolution of Doodles - G_6e786d/h1_The story behind Doodles")): Object 'Object Repository/Page_The Story and Evolution of Doodles - G_6e786d/h1_The story behind Doodles' is visible

17-06-2024T18:17:59 - [MESSAGE][PASSED] - Object 'Object Repository/Page_The Story and Evolution of Doodles - G_6e786d/h1_The story behind Doodles' is visible

17-06-2024T18:17:59 - [TEST_STEP][PASSED] - verifyElementVisible(findTestObject("Object Repository/Page_The Story and Evolution of Doodles - G_6e786d/p_The first Doodle was a simple out-of-offi_345e61")): Object 'Object Repository/Page_The Story and Evolution of Doodles - G_6e786d/p_The first Doodle was a simple out-of-offi_345e61' is visible

17-06-2024T18:18:00 - [MESSAGE][PASSED] - Object 'Object Repository/Page_The Story and Evolution of Doodles - G_6e786d/p_The first Doodle was a simple out-of-offi_345e61' is visible

17-06-2024T18:18:00 - [TEST_STEP][PASSED] - verifyElementVisible(findTestObject("Object Repository/Page_The Story and Evolution of Doodles - G_6e786d/h2_Weve created more than 5,000 Doodles ove_111429")): Object 'Object Repository/Page_The Story and Evolution of Doodles - G_6e786d/h2_Weve created more than 5,000 Doodles ove_111429' is visible

17-06-2024T18:18:00 - [MESSAGE][PASSED] - Object 'Object Repository/Page_The Story and Evolution of Doodles - G_6e786d/h2_Weve created more than 5,000 Doodles ove_111429' is visible

17-06-2024T18:18:00 - [TEST_STEP][PASSED] - click(findTestObject("Object Repository/Page_The Story and Evolution of Doodles - G_6e786d/p_The first Doodle was a simple out-of-offi_345e61")): Object: 'Object Repository/Page_The Story and Evolution of Doodles - G_6e786d/p_The first Doodle was a simple out-of-offi_345e61' is clicked on

17-06-2024T18:18:00 - [MESSAGE][PASSED] - Object: 'Object Repository/Page_The Story and Evolution of Doodles - G_6e786d/p_The first Doodle was a simple out-of-offi_345e61' is clicked on

17-06-2024T18:18:00 - [TEST_STEP][PASSED] - verifyElementVisible(findTestObject("Object Repository/Page_The Story and Evolution of Doodles - G_6e786d/h1_The story behind Doodles")): Object 'Object Repository/Page_The Story and Evolution of Doodles - G_6e786d/h1_The story behind Doodles' is visible

17-06-2024T18:18:01 - [MESSAGE][PASSED] - Object 'Object Repository/Page_The Story and Evolution of Doodles - G_6e786d/h1_The story behind Doodles' is visible

17-06-2024T18:18:01 - [TEST_STEP][PASSED] - verifyElementVisible(findTestObject("Object Repository/Page_The Story and Evolution of Doodles - G_6e786d/p_The first Doodle was a simple out-of-offi_345e61")): Object 'Object Repository/Page_The Story and Evolution of Doodles - G_6e786d/p_The first Doodle was a simple out-of-offi_345e61' is visible

17-06-2024T18:18:01 - [MESSAGE][PASSED] - Object 'Object Repository/Page_The Story and Evolution of Doodles - G_6e786d/p_The first Doodle was a simple out-of-offi_345e61' is visible

17-06-2024T18:18:01 - [TEST_STEP][PASSED] - verifyElementVisible(findTestObject("Object Repository/Page_The Story and Evolution of Doodles - G_6e786d/h2_Weve created more than 5,000 Doodles ove_111429")): Object 'Object Repository/Page_The Story and Evolution of Doodles - G_6e786d/h2_Weve created more than 5,000 Doodles ove_111429' is visible

17-06-2024T18:18:01 - [MESSAGE][PASSED] - Object 'Object Repository/Page_The Story and Evolution of Doodles - G_6e786d/h2_Weve created more than 5,000 Doodles ove_111429' is visible

17-06-2024T18:18:01 - [TEST_STEP][PASSED] - click(findTestObject("Object Repository/Page_The Story and Evolution of Doodles - G_6e786d/p_The first Doodle was a simple out-of-offi_345e61")): Object: 'Object Repository/Page_The Story and Evolution of Doodles - G_6e786d/p_The first Doodle was a simple out-of-offi_345e61' is clicked on

17-06-2024T18:18:02 - [MESSAGE][PASSED] - Object: 'Object Repository/Page_The Story and Evolution of Doodles - G_6e786d/p_The first Doodle was a simple out-of-offi_345e61' is clicked on

17-06-2024T18:18:02 - [TEST_STEP][PASSED] - verifyElementVisible(findTestObject("Object Repository/Page_The Story and Evolution of Doodles - G_6e786d/h1_The story behind Doodles")): Object 'Object Repository/Page_The Story and Evolution of Doodles - G_6e786d/h1_The story behind Doodles' is visible

17-06-2024T18:18:02 - [MESSAGE][PASSED] - Object 'Object Repository/Page_The Story and Evolution of Doodles - G_6e786d/h1_The story behind Doodles' is visible

17-06-2024T18:18:02 - [TEST_STEP][PASSED] - verifyElementVisible(findTestObject("Object Repository/Page_The Story and Evolution of Doodles - G_6e786d/p_The first Doodle was a simple out-of-offi_345e61")): Object 'Object Repository/Page_The Story and Evolution of Doodles - G_6e786d/p_The first Doodle was a simple out-of-offi_345e61' is visible

17-06-2024T18:18:02 - [MESSAGE][PASSED] - Object 'Object Repository/Page_The Story and Evolution of Doodles - G_6e786d/p_The first Doodle was a simple out-of-offi_345e61' is visible

17-06-2024T18:18:02 - [TEST_STEP][PASSED] - verifyElementVisible(findTestObject("Object Repository/Page_The Story and Evolution of Doodles - G_6e786d/h2_Weve created more than 5,000 Doodles ove_111429")): Object 'Object Repository/Page_The Story and Evolution of Doodles - G_6e786d/h2_Weve created more than 5,000 Doodles ove_111429' is visible

17-06-2024T18:18:03 - [MESSAGE][PASSED] - Object 'Object Repository/Page_The Story and Evolution of Doodles - G_6e786d/h2_Weve created more than 5,000 Doodles ove_111429' is visible

17-06-2024T18:18:03 - [TEST_STEP][PASSED] - click(findTestObject("Object Repository/Page_The Story and Evolution of Doodles - G_6e786d/p_The first Doodle was a simple out-of-offi_345e61")): Object: 'Object Repository/Page_The Story and Evolution of Doodles - G_6e786d/p_The first Doodle was a simple out-of-offi_345e61' is clicked on

17-06-2024T18:18:03 - [MESSAGE][PASSED] - Object: 'Object Repository/Page_The Story and Evolution of Doodles - G_6e786d/p_The first Doodle was a simple out-of-offi_345e61' is clicked on

17-06-2024T18:18:03 - [TEST_STEP][PASSED] - verifyElementVisible(findTestObject("Object Repository/Page_The Story and Evolution of Doodles - G_6e786d/h1_The story behind Doodles")): Object 'Object Repository/Page_The Story and Evolution of Doodles - G_6e786d/h1_The story behind Doodles' is visible

17-06-2024T18:18:04 - [MESSAGE][PASSED] - Object 'Object Repository/Page_The Story and Evolution of Doodles - G_6e786d/h1_The story behind Doodles' is visible

17-06-2024T18:18:04 - [TEST_STEP][PASSED] - verifyElementVisible(findTestObject("Object Repository/Page_The Story and Evolution of Doodles - G_6e786d/p_The first Doodle was a simple out-of-offi_345e61")): Object 'Object Repository/Page_The Story and Evolution of Doodles - G_6e786d/p_The first Doodle was a simple out-of-offi_345e61' is visible

17-06-2024T18:18:04 - [MESSAGE][PASSED] - Object 'Object Repository/Page_The Story and Evolution of Doodles - G_6e786d/p_The first Doodle was a simple out-of-offi_345e61' is visible

17-06-2024T18:18:04 - [TEST_STEP][PASSED] - verifyElementVisible(findTestObject("Object Repository/Page_The Story and Evolution of Doodles - G_6e786d/h2_Weve created more than 5,000 Doodles ove_111429")): Object 'Object Repository/Page_The Story and Evolution of Doodles - G_6e786d/h2_Weve created more than 5,000 Doodles ove_111429' is visible

17-06-2024T18:18:04 - [MESSAGE][PASSED] - Object 'Object Repository/Page_The Story and Evolution of Doodles - G_6e786d/h2_Weve created more than 5,000 Doodles ove_111429' is visible

17-06-2024T18:18:04 - [TEST_STEP][PASSED] - click(findTestObject("Object Repository/Page_The Story and Evolution of Doodles - G_6e786d/p_The first Doodle was a simple out-of-offi_345e61")): Object: 'Object Repository/Page_The Story and Evolution of Doodles - G_6e786d/p_The first Doodle was a simple out-of-offi_345e61' is clicked on

17-06-2024T18:18:05 - [MESSAGE][PASSED] - Object: 'Object Repository/Page_The Story and Evolution of Doodles - G_6e786d/p_The first Doodle was a simple out-of-offi_345e61' is clicked on

17-06-2024T18:18:05 - [TEST_STEP][PASSED] - verifyElementVisible(findTestObject("Object Repository/Page_The Story and Evolution of Doodles - G_6e786d/h1_The story behind Doodles")): Object 'Object Repository/Page_The Story and Evolution of Doodles - G_6e786d/h1_The story behind Doodles' is visible

17-06-2024T18:18:05 - [MESSAGE][PASSED] - Object 'Object Repository/Page_The Story and Evolution of Doodles - G_6e786d/h1_The story behind Doodles' is visible

17-06-2024T18:18:05 - [TEST_STEP][PASSED] - verifyElementVisible(findTestObject("Object Repository/Page_The Story and Evolution of Doodles - G_6e786d/p_The first Doodle was a simple out-of-offi_345e61")): Object 'Object Repository/Page_The Story and Evolution of Doodles - G_6e786d/p_The first Doodle was a simple out-of-offi_345e61' is visible

17-06-2024T18:18:05 - [MESSAGE][PASSED] - Object 'Object Repository/Page_The Story and Evolution of Doodles - G_6e786d/p_The first Doodle was a simple out-of-offi_345e61' is visible

17-06-2024T18:18:05 - [TEST_STEP][PASSED] - verifyElementVisible(findTestObject("Object Repository/Page_The Story and Evolution of Doodles - G_6e786d/h2_Weve created more than 5,000 Doodles ove_111429")): Object 'Object Repository/Page_The Story and Evolution of Doodles - G_6e786d/h2_Weve created more than 5,000 Doodles ove_111429' is visible

17-06-2024T18:18:06 - [MESSAGE][PASSED] - Object 'Object Repository/Page_The Story and Evolution of Doodles - G_6e786d/h2_Weve created more than 5,000 Doodles ove_111429' is visible

17-06-2024T18:18:06 - [TEST_STEP][PASSED] - click(findTestObject("Object Repository/Page_The Story and Evolution of Doodles - G_6e786d/p_The first Doodle was a simple out-of-offi_345e61")): Object: 'Object Repository/Page_The Story and Evolution of Doodles - G_6e786d/p_The first Doodle was a simple out-of-offi_345e61' is clicked on

17-06-2024T18:18:06 - [MESSAGE][PASSED] - Object: 'Object Repository/Page_The Story and Evolution of Doodles - G_6e786d/p_The first Doodle was a simple out-of-offi_345e61' is clicked on

17-06-2024T18:18:06 - [TEST_STEP][PASSED] - verifyElementVisible(findTestObject("Object Repository/Page_The Story and Evolution of Doodles - G_6e786d/h1_The story behind Doodles")): Object 'Object Repository/Page_The Story and Evolution of Doodles - G_6e786d/h1_The story behind Doodles' is visible

17-06-2024T18:18:06 - [MESSAGE][PASSED] - Object 'Object Repository/Page_The Story and Evolution of Doodles - G_6e786d/h1_The story behind Doodles' is visible

17-06-2024T18:18:06 - [TEST_STEP][PASSED] - verifyElementVisible(findTestObject("Object Repository/Page_The Story and Evolution of Doodles - G_6e786d/p_The first Doodle was a simple out-of-offi_345e61")): Object 'Object Repository/Page_The Story and Evolution of Doodles - G_6e786d/p_The first Doodle was a simple out-of-offi_345e61' is visible

17-06-2024T18:18:07 - [MESSAGE][PASSED] - Object 'Object Repository/Page_The Story and Evolution of Doodles - G_6e786d/p_The first Doodle was a simple out-of-offi_345e61' is visible

17-06-2024T18:18:07 - [TEST_STEP][PASSED] - verifyElementVisible(findTestObject("Object Repository/Page_The Story and Evolution of Doodles - G_6e786d/h2_Weve created more than 5,000 Doodles ove_111429")): Object 'Object Repository/Page_The Story and Evolution of Doodles - G_6e786d/h2_Weve created more than 5,000 Doodles ove_111429' is visible

17-06-2024T18:18:07 - [MESSAGE][PASSED] - Object 'Object Repository/Page_The Story and Evolution of Doodles - G_6e786d/h2_Weve created more than 5,000 Doodles ove_111429' is visible]]></system-out>
         <system-err><![CDATA[]]></system-err>
      </testcase>
      <testcase name="Test Cases/test case folder 1/tc1 - Copy (2) - Copy (1)" time="19.797" classname="Test Cases/test case folder 1/tc1 - Copy (2) - Copy (1)" status="PASSED">
         <system-out><![CDATA[17-06-2024T18:18:07 - [TEST_CASE][PASSED] - Test Cases/test case folder 1/tc1 - Copy (2) - Copy (1): Test Cases/test case folder 1/tc1 - Copy (2) - Copy (1)

17-06-2024T18:18:07 - [TEST_STEP][PASSED] - openBrowser(""): Browser is opened with url: ''

17-06-2024T18:18:07 - [MESSAGE][WARNING] - A browser is already opened. Closing browser and opening a new one

17-06-2024T18:18:07 - [MESSAGE][INFO] - Starting 'Chrome (headless)' driver

17-06-2024T18:18:07 - [MESSAGE][INFO] - Action delay is set to 0 milliseconds

17-06-2024T18:18:08 - [MESSAGE][PASSED] - Browser is opened with url: ''

17-06-2024T18:18:08 - [TEST_STEP][PASSED] - navigateToUrl("https://doodles.google/about/"): Navigate to 'https://doodles.google/about/' successfully

17-06-2024T18:18:11 - [MESSAGE][PASSED] - Navigate to 'https://doodles.google/about/' successfully

17-06-2024T18:18:11 - [TEST_STEP][PASSED] - click(findTestObject("Object Repository/Page_The Story and Evolution of Doodles - G_6e786d/p_The first Doodle was a simple out-of-offi_345e61")): Object: 'Object Repository/Page_The Story and Evolution of Doodles - G_6e786d/p_The first Doodle was a simple out-of-offi_345e61' is clicked on

17-06-2024T18:18:11 - [MESSAGE][PASSED] - Object: 'Object Repository/Page_The Story and Evolution of Doodles - G_6e786d/p_The first Doodle was a simple out-of-offi_345e61' is clicked on

17-06-2024T18:18:11 - [TEST_STEP][PASSED] - click(findTestObject("Object Repository/Page_The Story and Evolution of Doodles - G_6e786d/p_The first Doodle was a simple out-of-offi_345e61")): Object: 'Object Repository/Page_The Story and Evolution of Doodles - G_6e786d/p_The first Doodle was a simple out-of-offi_345e61' is clicked on

17-06-2024T18:18:12 - [MESSAGE][PASSED] - Object: 'Object Repository/Page_The Story and Evolution of Doodles - G_6e786d/p_The first Doodle was a simple out-of-offi_345e61' is clicked on

17-06-2024T18:18:12 - [TEST_STEP][PASSED] - verifyElementVisible(findTestObject("Object Repository/Page_The Story and Evolution of Doodles - G_6e786d/h1_The story behind Doodles")): Object 'Object Repository/Page_The Story and Evolution of Doodles - G_6e786d/h1_The story behind Doodles' is visible

17-06-2024T18:18:12 - [MESSAGE][PASSED] - Object 'Object Repository/Page_The Story and Evolution of Doodles - G_6e786d/h1_The story behind Doodles' is visible

17-06-2024T18:18:12 - [TEST_STEP][PASSED] - verifyElementVisible(findTestObject("Object Repository/Page_The Story and Evolution of Doodles - G_6e786d/p_The first Doodle was a simple out-of-offi_345e61")): Object 'Object Repository/Page_The Story and Evolution of Doodles - G_6e786d/p_The first Doodle was a simple out-of-offi_345e61' is visible

17-06-2024T18:18:13 - [MESSAGE][PASSED] - Object 'Object Repository/Page_The Story and Evolution of Doodles - G_6e786d/p_The first Doodle was a simple out-of-offi_345e61' is visible

17-06-2024T18:18:13 - [TEST_STEP][PASSED] - verifyElementVisible(findTestObject("Object Repository/Page_The Story and Evolution of Doodles - G_6e786d/h2_Weve created more than 5,000 Doodles ove_111429")): Object 'Object Repository/Page_The Story and Evolution of Doodles - G_6e786d/h2_Weve created more than 5,000 Doodles ove_111429' is visible

17-06-2024T18:18:13 - [MESSAGE][PASSED] - Object 'Object Repository/Page_The Story and Evolution of Doodles - G_6e786d/h2_Weve created more than 5,000 Doodles ove_111429' is visible

17-06-2024T18:18:13 - [TEST_STEP][PASSED] - verifyElementVisible(findTestObject("Object Repository/Page_The Story and Evolution of Doodles - G_6e786d/h1_The story behind Doodles")): Object 'Object Repository/Page_The Story and Evolution of Doodles - G_6e786d/h1_The story behind Doodles' is visible

17-06-2024T18:18:13 - [MESSAGE][PASSED] - Object 'Object Repository/Page_The Story and Evolution of Doodles - G_6e786d/h1_The story behind Doodles' is visible

17-06-2024T18:18:13 - [TEST_STEP][PASSED] - verifyElementVisible(findTestObject("Object Repository/Page_The Story and Evolution of Doodles - G_6e786d/p_The first Doodle was a simple out-of-offi_345e61")): Object 'Object Repository/Page_The Story and Evolution of Doodles - G_6e786d/p_The first Doodle was a simple out-of-offi_345e61' is visible

17-06-2024T18:18:14 - [MESSAGE][PASSED] - Object 'Object Repository/Page_The Story and Evolution of Doodles - G_6e786d/p_The first Doodle was a simple out-of-offi_345e61' is visible

17-06-2024T18:18:14 - [TEST_STEP][PASSED] - verifyElementVisible(findTestObject("Object Repository/Page_The Story and Evolution of Doodles - G_6e786d/h2_Weve created more than 5,000 Doodles ove_111429")): Object 'Object Repository/Page_The Story and Evolution of Doodles - G_6e786d/h2_Weve created more than 5,000 Doodles ove_111429' is visible

17-06-2024T18:18:14 - [MESSAGE][PASSED] - Object 'Object Repository/Page_The Story and Evolution of Doodles - G_6e786d/h2_Weve created more than 5,000 Doodles ove_111429' is visible

17-06-2024T18:18:14 - [TEST_STEP][PASSED] - click(findTestObject("Object Repository/Page_The Story and Evolution of Doodles - G_6e786d/p_The first Doodle was a simple out-of-offi_345e61")): Object: 'Object Repository/Page_The Story and Evolution of Doodles - G_6e786d/p_The first Doodle was a simple out-of-offi_345e61' is clicked on

17-06-2024T18:18:14 - [MESSAGE][PASSED] - Object: 'Object Repository/Page_The Story and Evolution of Doodles - G_6e786d/p_The first Doodle was a simple out-of-offi_345e61' is clicked on

17-06-2024T18:18:14 - [TEST_STEP][PASSED] - verifyElementVisible(findTestObject("Object Repository/Page_The Story and Evolution of Doodles - G_6e786d/h1_The story behind Doodles")): Object 'Object Repository/Page_The Story and Evolution of Doodles - G_6e786d/h1_The story behind Doodles' is visible

17-06-2024T18:18:15 - [MESSAGE][PASSED] - Object 'Object Repository/Page_The Story and Evolution of Doodles - G_6e786d/h1_The story behind Doodles' is visible

17-06-2024T18:18:15 - [TEST_STEP][PASSED] - verifyElementVisible(findTestObject("Object Repository/Page_The Story and Evolution of Doodles - G_6e786d/p_The first Doodle was a simple out-of-offi_345e61")): Object 'Object Repository/Page_The Story and Evolution of Doodles - G_6e786d/p_The first Doodle was a simple out-of-offi_345e61' is visible

17-06-2024T18:18:15 - [MESSAGE][PASSED] - Object 'Object Repository/Page_The Story and Evolution of Doodles - G_6e786d/p_The first Doodle was a simple out-of-offi_345e61' is visible

17-06-2024T18:18:15 - [TEST_STEP][PASSED] - verifyElementVisible(findTestObject("Object Repository/Page_The Story and Evolution of Doodles - G_6e786d/h2_Weve created more than 5,000 Doodles ove_111429")): Object 'Object Repository/Page_The Story and Evolution of Doodles - G_6e786d/h2_Weve created more than 5,000 Doodles ove_111429' is visible

17-06-2024T18:18:15 - [MESSAGE][PASSED] - Object 'Object Repository/Page_The Story and Evolution of Doodles - G_6e786d/h2_Weve created more than 5,000 Doodles ove_111429' is visible

17-06-2024T18:18:15 - [TEST_STEP][PASSED] - click(findTestObject("Object Repository/Page_The Story and Evolution of Doodles - G_6e786d/p_The first Doodle was a simple out-of-offi_345e61")): Object: 'Object Repository/Page_The Story and Evolution of Doodles - G_6e786d/p_The first Doodle was a simple out-of-offi_345e61' is clicked on

17-06-2024T18:18:16 - [MESSAGE][PASSED] - Object: 'Object Repository/Page_The Story and Evolution of Doodles - G_6e786d/p_The first Doodle was a simple out-of-offi_345e61' is clicked on

17-06-2024T18:18:16 - [TEST_STEP][PASSED] - verifyElementVisible(findTestObject("Object Repository/Page_The Story and Evolution of Doodles - G_6e786d/h1_The story behind Doodles")): Object 'Object Repository/Page_The Story and Evolution of Doodles - G_6e786d/h1_The story behind Doodles' is visible

17-06-2024T18:18:16 - [MESSAGE][PASSED] - Object 'Object Repository/Page_The Story and Evolution of Doodles - G_6e786d/h1_The story behind Doodles' is visible

17-06-2024T18:18:16 - [TEST_STEP][PASSED] - verifyElementVisible(findTestObject("Object Repository/Page_The Story and Evolution of Doodles - G_6e786d/p_The first Doodle was a simple out-of-offi_345e61")): Object 'Object Repository/Page_The Story and Evolution of Doodles - G_6e786d/p_The first Doodle was a simple out-of-offi_345e61' is visible

17-06-2024T18:18:16 - [MESSAGE][PASSED] - Object 'Object Repository/Page_The Story and Evolution of Doodles - G_6e786d/p_The first Doodle was a simple out-of-offi_345e61' is visible

17-06-2024T18:18:16 - [TEST_STEP][PASSED] - verifyElementVisible(findTestObject("Object Repository/Page_The Story and Evolution of Doodles - G_6e786d/h2_Weve created more than 5,000 Doodles ove_111429")): Object 'Object Repository/Page_The Story and Evolution of Doodles - G_6e786d/h2_Weve created more than 5,000 Doodles ove_111429' is visible

17-06-2024T18:18:17 - [MESSAGE][PASSED] - Object 'Object Repository/Page_The Story and Evolution of Doodles - G_6e786d/h2_Weve created more than 5,000 Doodles ove_111429' is visible

17-06-2024T18:18:17 - [TEST_STEP][PASSED] - click(findTestObject("Object Repository/Page_The Story and Evolution of Doodles - G_6e786d/p_The first Doodle was a simple out-of-offi_345e61")): Object: 'Object Repository/Page_The Story and Evolution of Doodles - G_6e786d/p_The first Doodle was a simple out-of-offi_345e61' is clicked on

17-06-2024T18:18:17 - [MESSAGE][PASSED] - Object: 'Object Repository/Page_The Story and Evolution of Doodles - G_6e786d/p_The first Doodle was a simple out-of-offi_345e61' is clicked on

17-06-2024T18:18:17 - [TEST_STEP][PASSED] - verifyElementVisible(findTestObject("Object Repository/Page_The Story and Evolution of Doodles - G_6e786d/h1_The story behind Doodles")): Object 'Object Repository/Page_The Story and Evolution of Doodles - G_6e786d/h1_The story behind Doodles' is visible

17-06-2024T18:18:18 - [MESSAGE][PASSED] - Object 'Object Repository/Page_The Story and Evolution of Doodles - G_6e786d/h1_The story behind Doodles' is visible

17-06-2024T18:18:18 - [TEST_STEP][PASSED] - verifyElementVisible(findTestObject("Object Repository/Page_The Story and Evolution of Doodles - G_6e786d/p_The first Doodle was a simple out-of-offi_345e61")): Object 'Object Repository/Page_The Story and Evolution of Doodles - G_6e786d/p_The first Doodle was a simple out-of-offi_345e61' is visible

17-06-2024T18:18:18 - [MESSAGE][PASSED] - Object 'Object Repository/Page_The Story and Evolution of Doodles - G_6e786d/p_The first Doodle was a simple out-of-offi_345e61' is visible

17-06-2024T18:18:18 - [TEST_STEP][PASSED] - verifyElementVisible(findTestObject("Object Repository/Page_The Story and Evolution of Doodles - G_6e786d/h2_Weve created more than 5,000 Doodles ove_111429")): Object 'Object Repository/Page_The Story and Evolution of Doodles - G_6e786d/h2_Weve created more than 5,000 Doodles ove_111429' is visible

17-06-2024T18:18:18 - [MESSAGE][PASSED] - Object 'Object Repository/Page_The Story and Evolution of Doodles - G_6e786d/h2_Weve created more than 5,000 Doodles ove_111429' is visible

17-06-2024T18:18:18 - [TEST_STEP][PASSED] - click(findTestObject("Object Repository/Page_The Story and Evolution of Doodles - G_6e786d/p_The first Doodle was a simple out-of-offi_345e61")): Object: 'Object Repository/Page_The Story and Evolution of Doodles - G_6e786d/p_The first Doodle was a simple out-of-offi_345e61' is clicked on

17-06-2024T18:18:19 - [MESSAGE][PASSED] - Object: 'Object Repository/Page_The Story and Evolution of Doodles - G_6e786d/p_The first Doodle was a simple out-of-offi_345e61' is clicked on

17-06-2024T18:18:19 - [TEST_STEP][PASSED] - verifyElementVisible(findTestObject("Object Repository/Page_The Story and Evolution of Doodles - G_6e786d/h1_The story behind Doodles")): Object 'Object Repository/Page_The Story and Evolution of Doodles - G_6e786d/h1_The story behind Doodles' is visible

17-06-2024T18:18:19 - [MESSAGE][PASSED] - Object 'Object Repository/Page_The Story and Evolution of Doodles - G_6e786d/h1_The story behind Doodles' is visible

17-06-2024T18:18:19 - [TEST_STEP][PASSED] - verifyElementVisible(findTestObject("Object Repository/Page_The Story and Evolution of Doodles - G_6e786d/p_The first Doodle was a simple out-of-offi_345e61")): Object 'Object Repository/Page_The Story and Evolution of Doodles - G_6e786d/p_The first Doodle was a simple out-of-offi_345e61' is visible

17-06-2024T18:18:19 - [MESSAGE][PASSED] - Object 'Object Repository/Page_The Story and Evolution of Doodles - G_6e786d/p_The first Doodle was a simple out-of-offi_345e61' is visible

17-06-2024T18:18:19 - [TEST_STEP][PASSED] - verifyElementVisible(findTestObject("Object Repository/Page_The Story and Evolution of Doodles - G_6e786d/h2_Weve created more than 5,000 Doodles ove_111429")): Object 'Object Repository/Page_The Story and Evolution of Doodles - G_6e786d/h2_Weve created more than 5,000 Doodles ove_111429' is visible

17-06-2024T18:18:20 - [MESSAGE][PASSED] - Object 'Object Repository/Page_The Story and Evolution of Doodles - G_6e786d/h2_Weve created more than 5,000 Doodles ove_111429' is visible

17-06-2024T18:18:20 - [TEST_STEP][PASSED] - click(findTestObject("Object Repository/Page_The Story and Evolution of Doodles - G_6e786d/p_The first Doodle was a simple out-of-offi_345e61")): Object: 'Object Repository/Page_The Story and Evolution of Doodles - G_6e786d/p_The first Doodle was a simple out-of-offi_345e61' is clicked on

17-06-2024T18:18:20 - [MESSAGE][PASSED] - Object: 'Object Repository/Page_The Story and Evolution of Doodles - G_6e786d/p_The first Doodle was a simple out-of-offi_345e61' is clicked on

17-06-2024T18:18:20 - [TEST_STEP][PASSED] - verifyElementVisible(findTestObject("Object Repository/Page_The Story and Evolution of Doodles - G_6e786d/h1_The story behind Doodles")): Object 'Object Repository/Page_The Story and Evolution of Doodles - G_6e786d/h1_The story behind Doodles' is visible

17-06-2024T18:18:20 - [MESSAGE][PASSED] - Object 'Object Repository/Page_The Story and Evolution of Doodles - G_6e786d/h1_The story behind Doodles' is visible

17-06-2024T18:18:20 - [TEST_STEP][PASSED] - verifyElementVisible(findTestObject("Object Repository/Page_The Story and Evolution of Doodles - G_6e786d/p_The first Doodle was a simple out-of-offi_345e61")): Object 'Object Repository/Page_The Story and Evolution of Doodles - G_6e786d/p_The first Doodle was a simple out-of-offi_345e61' is visible

17-06-2024T18:18:21 - [MESSAGE][PASSED] - Object 'Object Repository/Page_The Story and Evolution of Doodles - G_6e786d/p_The first Doodle was a simple out-of-offi_345e61' is visible

17-06-2024T18:18:21 - [TEST_STEP][PASSED] - verifyElementVisible(findTestObject("Object Repository/Page_The Story and Evolution of Doodles - G_6e786d/h2_Weve created more than 5,000 Doodles ove_111429")): Object 'Object Repository/Page_The Story and Evolution of Doodles - G_6e786d/h2_Weve created more than 5,000 Doodles ove_111429' is visible

17-06-2024T18:18:21 - [MESSAGE][PASSED] - Object 'Object Repository/Page_The Story and Evolution of Doodles - G_6e786d/h2_Weve created more than 5,000 Doodles ove_111429' is visible

17-06-2024T18:18:21 - [TEST_STEP][PASSED] - click(findTestObject("Object Repository/Page_The Story and Evolution of Doodles - G_6e786d/p_The first Doodle was a simple out-of-offi_345e61")): Object: 'Object Repository/Page_The Story and Evolution of Doodles - G_6e786d/p_The first Doodle was a simple out-of-offi_345e61' is clicked on

17-06-2024T18:18:22 - [MESSAGE][PASSED] - Object: 'Object Repository/Page_The Story and Evolution of Doodles - G_6e786d/p_The first Doodle was a simple out-of-offi_345e61' is clicked on

17-06-2024T18:18:22 - [TEST_STEP][PASSED] - verifyElementVisible(findTestObject("Object Repository/Page_The Story and Evolution of Doodles - G_6e786d/h1_The story behind Doodles")): Object 'Object Repository/Page_The Story and Evolution of Doodles - G_6e786d/h1_The story behind Doodles' is visible

17-06-2024T18:18:22 - [MESSAGE][PASSED] - Object 'Object Repository/Page_The Story and Evolution of Doodles - G_6e786d/h1_The story behind Doodles' is visible

17-06-2024T18:18:22 - [TEST_STEP][PASSED] - verifyElementVisible(findTestObject("Object Repository/Page_The Story and Evolution of Doodles - G_6e786d/p_The first Doodle was a simple out-of-offi_345e61")): Object 'Object Repository/Page_The Story and Evolution of Doodles - G_6e786d/p_The first Doodle was a simple out-of-offi_345e61' is visible

17-06-2024T18:18:22 - [MESSAGE][PASSED] - Object 'Object Repository/Page_The Story and Evolution of Doodles - G_6e786d/p_The first Doodle was a simple out-of-offi_345e61' is visible

17-06-2024T18:18:22 - [TEST_STEP][PASSED] - verifyElementVisible(findTestObject("Object Repository/Page_The Story and Evolution of Doodles - G_6e786d/h2_Weve created more than 5,000 Doodles ove_111429")): Object 'Object Repository/Page_The Story and Evolution of Doodles - G_6e786d/h2_Weve created more than 5,000 Doodles ove_111429' is visible

17-06-2024T18:18:23 - [MESSAGE][PASSED] - Object 'Object Repository/Page_The Story and Evolution of Doodles - G_6e786d/h2_Weve created more than 5,000 Doodles ove_111429' is visible

17-06-2024T18:18:23 - [TEST_STEP][PASSED] - click(findTestObject("Object Repository/Page_The Story and Evolution of Doodles - G_6e786d/p_The first Doodle was a simple out-of-offi_345e61")): Object: 'Object Repository/Page_The Story and Evolution of Doodles - G_6e786d/p_The first Doodle was a simple out-of-offi_345e61' is clicked on

17-06-2024T18:18:23 - [MESSAGE][PASSED] - Object: 'Object Repository/Page_The Story and Evolution of Doodles - G_6e786d/p_The first Doodle was a simple out-of-offi_345e61' is clicked on

17-06-2024T18:18:23 - [TEST_STEP][PASSED] - verifyElementVisible(findTestObject("Object Repository/Page_The Story and Evolution of Doodles - G_6e786d/h1_The story behind Doodles")): Object 'Object Repository/Page_The Story and Evolution of Doodles - G_6e786d/h1_The story behind Doodles' is visible

17-06-2024T18:18:23 - [MESSAGE][PASSED] - Object 'Object Repository/Page_The Story and Evolution of Doodles - G_6e786d/h1_The story behind Doodles' is visible

17-06-2024T18:18:23 - [TEST_STEP][PASSED] - verifyElementVisible(findTestObject("Object Repository/Page_The Story and Evolution of Doodles - G_6e786d/p_The first Doodle was a simple out-of-offi_345e61")): Object 'Object Repository/Page_The Story and Evolution of Doodles - G_6e786d/p_The first Doodle was a simple out-of-offi_345e61' is visible

17-06-2024T18:18:24 - [MESSAGE][PASSED] - Object 'Object Repository/Page_The Story and Evolution of Doodles - G_6e786d/p_The first Doodle was a simple out-of-offi_345e61' is visible

17-06-2024T18:18:24 - [TEST_STEP][PASSED] - verifyElementVisible(findTestObject("Object Repository/Page_The Story and Evolution of Doodles - G_6e786d/h2_Weve created more than 5,000 Doodles ove_111429")): Object 'Object Repository/Page_The Story and Evolution of Doodles - G_6e786d/h2_Weve created more than 5,000 Doodles ove_111429' is visible

17-06-2024T18:18:24 - [MESSAGE][PASSED] - Object 'Object Repository/Page_The Story and Evolution of Doodles - G_6e786d/h2_Weve created more than 5,000 Doodles ove_111429' is visible

17-06-2024T18:18:24 - [TEST_STEP][PASSED] - click(findTestObject("Object Repository/Page_The Story and Evolution of Doodles - G_6e786d/p_The first Doodle was a simple out-of-offi_345e61")): Object: 'Object Repository/Page_The Story and Evolution of Doodles - G_6e786d/p_The first Doodle was a simple out-of-offi_345e61' is clicked on

17-06-2024T18:18:24 - [MESSAGE][PASSED] - Object: 'Object Repository/Page_The Story and Evolution of Doodles - G_6e786d/p_The first Doodle was a simple out-of-offi_345e61' is clicked on

17-06-2024T18:18:24 - [TEST_STEP][PASSED] - verifyElementVisible(findTestObject("Object Repository/Page_The Story and Evolution of Doodles - G_6e786d/h1_The story behind Doodles")): Object 'Object Repository/Page_The Story and Evolution of Doodles - G_6e786d/h1_The story behind Doodles' is visible

17-06-2024T18:18:25 - [MESSAGE][PASSED] - Object 'Object Repository/Page_The Story and Evolution of Doodles - G_6e786d/h1_The story behind Doodles' is visible

17-06-2024T18:18:25 - [TEST_STEP][PASSED] - verifyElementVisible(findTestObject("Object Repository/Page_The Story and Evolution of Doodles - G_6e786d/p_The first Doodle was a simple out-of-offi_345e61")): Object 'Object Repository/Page_The Story and Evolution of Doodles - G_6e786d/p_The first Doodle was a simple out-of-offi_345e61' is visible

17-06-2024T18:18:25 - [MESSAGE][PASSED] - Object 'Object Repository/Page_The Story and Evolution of Doodles - G_6e786d/p_The first Doodle was a simple out-of-offi_345e61' is visible

17-06-2024T18:18:25 - [TEST_STEP][PASSED] - verifyElementVisible(findTestObject("Object Repository/Page_The Story and Evolution of Doodles - G_6e786d/h2_Weve created more than 5,000 Doodles ove_111429")): Object 'Object Repository/Page_The Story and Evolution of Doodles - G_6e786d/h2_Weve created more than 5,000 Doodles ove_111429' is visible

17-06-2024T18:18:25 - [MESSAGE][PASSED] - Object 'Object Repository/Page_The Story and Evolution of Doodles - G_6e786d/h2_Weve created more than 5,000 Doodles ove_111429' is visible

17-06-2024T18:18:25 - [TEST_STEP][PASSED] - click(findTestObject("Object Repository/Page_The Story and Evolution of Doodles - G_6e786d/p_The first Doodle was a simple out-of-offi_345e61")): Object: 'Object Repository/Page_The Story and Evolution of Doodles - G_6e786d/p_The first Doodle was a simple out-of-offi_345e61' is clicked on

17-06-2024T18:18:26 - [MESSAGE][PASSED] - Object: 'Object Repository/Page_The Story and Evolution of Doodles - G_6e786d/p_The first Doodle was a simple out-of-offi_345e61' is clicked on

17-06-2024T18:18:26 - [TEST_STEP][PASSED] - verifyElementVisible(findTestObject("Object Repository/Page_The Story and Evolution of Doodles - G_6e786d/h1_The story behind Doodles")): Object 'Object Repository/Page_The Story and Evolution of Doodles - G_6e786d/h1_The story behind Doodles' is visible

17-06-2024T18:18:26 - [MESSAGE][PASSED] - Object 'Object Repository/Page_The Story and Evolution of Doodles - G_6e786d/h1_The story behind Doodles' is visible

17-06-2024T18:18:26 - [TEST_STEP][PASSED] - verifyElementVisible(findTestObject("Object Repository/Page_The Story and Evolution of Doodles - G_6e786d/p_The first Doodle was a simple out-of-offi_345e61")): Object 'Object Repository/Page_The Story and Evolution of Doodles - G_6e786d/p_The first Doodle was a simple out-of-offi_345e61' is visible

17-06-2024T18:18:27 - [MESSAGE][PASSED] - Object 'Object Repository/Page_The Story and Evolution of Doodles - G_6e786d/p_The first Doodle was a simple out-of-offi_345e61' is visible

17-06-2024T18:18:27 - [TEST_STEP][PASSED] - verifyElementVisible(findTestObject("Object Repository/Page_The Story and Evolution of Doodles - G_6e786d/h2_Weve created more than 5,000 Doodles ove_111429")): Object 'Object Repository/Page_The Story and Evolution of Doodles - G_6e786d/h2_Weve created more than 5,000 Doodles ove_111429' is visible

17-06-2024T18:18:27 - [MESSAGE][PASSED] - Object 'Object Repository/Page_The Story and Evolution of Doodles - G_6e786d/h2_Weve created more than 5,000 Doodles ove_111429' is visible]]></system-out>
         <system-err><![CDATA[]]></system-err>
      </testcase>
      <testcase name="Test Cases/test case folder 1/tc1 - Copy (14)" time="19.256" classname="Test Cases/test case folder 1/tc1 - Copy (14)" status="PASSED">
         <system-out><![CDATA[17-06-2024T18:18:27 - [TEST_CASE][PASSED] - Test Cases/test case folder 1/tc1 - Copy (14): Test Cases/test case folder 1/tc1 - Copy (14)

17-06-2024T18:18:27 - [TEST_STEP][PASSED] - openBrowser(""): Browser is opened with url: ''

17-06-2024T18:18:27 - [MESSAGE][WARNING] - A browser is already opened. Closing browser and opening a new one

17-06-2024T18:18:27 - [MESSAGE][INFO] - Starting 'Chrome (headless)' driver

17-06-2024T18:18:27 - [MESSAGE][INFO] - Action delay is set to 0 milliseconds

17-06-2024T18:18:28 - [MESSAGE][PASSED] - Browser is opened with url: ''

17-06-2024T18:18:28 - [TEST_STEP][PASSED] - navigateToUrl("https://doodles.google/about/"): Navigate to 'https://doodles.google/about/' successfully

17-06-2024T18:18:31 - [MESSAGE][PASSED] - Navigate to 'https://doodles.google/about/' successfully

17-06-2024T18:18:31 - [TEST_STEP][PASSED] - click(findTestObject("Object Repository/Page_The Story and Evolution of Doodles - G_6e786d/p_The first Doodle was a simple out-of-offi_345e61")): Object: 'Object Repository/Page_The Story and Evolution of Doodles - G_6e786d/p_The first Doodle was a simple out-of-offi_345e61' is clicked on

17-06-2024T18:18:31 - [MESSAGE][PASSED] - Object: 'Object Repository/Page_The Story and Evolution of Doodles - G_6e786d/p_The first Doodle was a simple out-of-offi_345e61' is clicked on

17-06-2024T18:18:31 - [TEST_STEP][PASSED] - click(findTestObject("Object Repository/Page_The Story and Evolution of Doodles - G_6e786d/p_The first Doodle was a simple out-of-offi_345e61")): Object: 'Object Repository/Page_The Story and Evolution of Doodles - G_6e786d/p_The first Doodle was a simple out-of-offi_345e61' is clicked on

17-06-2024T18:18:32 - [MESSAGE][PASSED] - Object: 'Object Repository/Page_The Story and Evolution of Doodles - G_6e786d/p_The first Doodle was a simple out-of-offi_345e61' is clicked on

17-06-2024T18:18:32 - [TEST_STEP][PASSED] - verifyElementVisible(findTestObject("Object Repository/Page_The Story and Evolution of Doodles - G_6e786d/h1_The story behind Doodles")): Object 'Object Repository/Page_The Story and Evolution of Doodles - G_6e786d/h1_The story behind Doodles' is visible

17-06-2024T18:18:32 - [MESSAGE][PASSED] - Object 'Object Repository/Page_The Story and Evolution of Doodles - G_6e786d/h1_The story behind Doodles' is visible

17-06-2024T18:18:32 - [TEST_STEP][PASSED] - verifyElementVisible(findTestObject("Object Repository/Page_The Story and Evolution of Doodles - G_6e786d/p_The first Doodle was a simple out-of-offi_345e61")): Object 'Object Repository/Page_The Story and Evolution of Doodles - G_6e786d/p_The first Doodle was a simple out-of-offi_345e61' is visible

17-06-2024T18:18:33 - [MESSAGE][PASSED] - Object 'Object Repository/Page_The Story and Evolution of Doodles - G_6e786d/p_The first Doodle was a simple out-of-offi_345e61' is visible

17-06-2024T18:18:33 - [TEST_STEP][PASSED] - verifyElementVisible(findTestObject("Object Repository/Page_The Story and Evolution of Doodles - G_6e786d/h2_Weve created more than 5,000 Doodles ove_111429")): Object 'Object Repository/Page_The Story and Evolution of Doodles - G_6e786d/h2_Weve created more than 5,000 Doodles ove_111429' is visible

17-06-2024T18:18:33 - [MESSAGE][PASSED] - Object 'Object Repository/Page_The Story and Evolution of Doodles - G_6e786d/h2_Weve created more than 5,000 Doodles ove_111429' is visible

17-06-2024T18:18:33 - [TEST_STEP][PASSED] - verifyElementVisible(findTestObject("Object Repository/Page_The Story and Evolution of Doodles - G_6e786d/h1_The story behind Doodles")): Object 'Object Repository/Page_The Story and Evolution of Doodles - G_6e786d/h1_The story behind Doodles' is visible

17-06-2024T18:18:33 - [MESSAGE][PASSED] - Object 'Object Repository/Page_The Story and Evolution of Doodles - G_6e786d/h1_The story behind Doodles' is visible

17-06-2024T18:18:33 - [TEST_STEP][PASSED] - verifyElementVisible(findTestObject("Object Repository/Page_The Story and Evolution of Doodles - G_6e786d/p_The first Doodle was a simple out-of-offi_345e61")): Object 'Object Repository/Page_The Story and Evolution of Doodles - G_6e786d/p_The first Doodle was a simple out-of-offi_345e61' is visible

17-06-2024T18:18:34 - [MESSAGE][PASSED] - Object 'Object Repository/Page_The Story and Evolution of Doodles - G_6e786d/p_The first Doodle was a simple out-of-offi_345e61' is visible

17-06-2024T18:18:34 - [TEST_STEP][PASSED] - verifyElementVisible(findTestObject("Object Repository/Page_The Story and Evolution of Doodles - G_6e786d/h2_Weve created more than 5,000 Doodles ove_111429")): Object 'Object Repository/Page_The Story and Evolution of Doodles - G_6e786d/h2_Weve created more than 5,000 Doodles ove_111429' is visible

17-06-2024T18:18:34 - [MESSAGE][PASSED] - Object 'Object Repository/Page_The Story and Evolution of Doodles - G_6e786d/h2_Weve created more than 5,000 Doodles ove_111429' is visible

17-06-2024T18:18:34 - [TEST_STEP][PASSED] - click(findTestObject("Object Repository/Page_The Story and Evolution of Doodles - G_6e786d/p_The first Doodle was a simple out-of-offi_345e61")): Object: 'Object Repository/Page_The Story and Evolution of Doodles - G_6e786d/p_The first Doodle was a simple out-of-offi_345e61' is clicked on

17-06-2024T18:18:34 - [MESSAGE][PASSED] - Object: 'Object Repository/Page_The Story and Evolution of Doodles - G_6e786d/p_The first Doodle was a simple out-of-offi_345e61' is clicked on

17-06-2024T18:18:34 - [TEST_STEP][PASSED] - verifyElementVisible(findTestObject("Object Repository/Page_The Story and Evolution of Doodles - G_6e786d/h1_The story behind Doodles")): Object 'Object Repository/Page_The Story and Evolution of Doodles - G_6e786d/h1_The story behind Doodles' is visible

17-06-2024T18:18:35 - [MESSAGE][PASSED] - Object 'Object Repository/Page_The Story and Evolution of Doodles - G_6e786d/h1_The story behind Doodles' is visible

17-06-2024T18:18:35 - [TEST_STEP][PASSED] - verifyElementVisible(findTestObject("Object Repository/Page_The Story and Evolution of Doodles - G_6e786d/p_The first Doodle was a simple out-of-offi_345e61")): Object 'Object Repository/Page_The Story and Evolution of Doodles - G_6e786d/p_The first Doodle was a simple out-of-offi_345e61' is visible

17-06-2024T18:18:35 - [MESSAGE][PASSED] - Object 'Object Repository/Page_The Story and Evolution of Doodles - G_6e786d/p_The first Doodle was a simple out-of-offi_345e61' is visible

17-06-2024T18:18:35 - [TEST_STEP][PASSED] - verifyElementVisible(findTestObject("Object Repository/Page_The Story and Evolution of Doodles - G_6e786d/h2_Weve created more than 5,000 Doodles ove_111429")): Object 'Object Repository/Page_The Story and Evolution of Doodles - G_6e786d/h2_Weve created more than 5,000 Doodles ove_111429' is visible

17-06-2024T18:18:35 - [MESSAGE][PASSED] - Object 'Object Repository/Page_The Story and Evolution of Doodles - G_6e786d/h2_Weve created more than 5,000 Doodles ove_111429' is visible

17-06-2024T18:18:35 - [TEST_STEP][PASSED] - click(findTestObject("Object Repository/Page_The Story and Evolution of Doodles - G_6e786d/p_The first Doodle was a simple out-of-offi_345e61")): Object: 'Object Repository/Page_The Story and Evolution of Doodles - G_6e786d/p_The first Doodle was a simple out-of-offi_345e61' is clicked on

17-06-2024T18:18:36 - [MESSAGE][PASSED] - Object: 'Object Repository/Page_The Story and Evolution of Doodles - G_6e786d/p_The first Doodle was a simple out-of-offi_345e61' is clicked on

17-06-2024T18:18:36 - [TEST_STEP][PASSED] - verifyElementVisible(findTestObject("Object Repository/Page_The Story and Evolution of Doodles - G_6e786d/h1_The story behind Doodles")): Object 'Object Repository/Page_The Story and Evolution of Doodles - G_6e786d/h1_The story behind Doodles' is visible

17-06-2024T18:18:36 - [MESSAGE][PASSED] - Object 'Object Repository/Page_The Story and Evolution of Doodles - G_6e786d/h1_The story behind Doodles' is visible

17-06-2024T18:18:36 - [TEST_STEP][PASSED] - verifyElementVisible(findTestObject("Object Repository/Page_The Story and Evolution of Doodles - G_6e786d/p_The first Doodle was a simple out-of-offi_345e61")): Object 'Object Repository/Page_The Story and Evolution of Doodles - G_6e786d/p_The first Doodle was a simple out-of-offi_345e61' is visible

17-06-2024T18:18:36 - [MESSAGE][PASSED] - Object 'Object Repository/Page_The Story and Evolution of Doodles - G_6e786d/p_The first Doodle was a simple out-of-offi_345e61' is visible

17-06-2024T18:18:36 - [TEST_STEP][PASSED] - verifyElementVisible(findTestObject("Object Repository/Page_The Story and Evolution of Doodles - G_6e786d/h2_Weve created more than 5,000 Doodles ove_111429")): Object 'Object Repository/Page_The Story and Evolution of Doodles - G_6e786d/h2_Weve created more than 5,000 Doodles ove_111429' is visible

17-06-2024T18:18:37 - [MESSAGE][PASSED] - Object 'Object Repository/Page_The Story and Evolution of Doodles - G_6e786d/h2_Weve created more than 5,000 Doodles ove_111429' is visible

17-06-2024T18:18:37 - [TEST_STEP][PASSED] - click(findTestObject("Object Repository/Page_The Story and Evolution of Doodles - G_6e786d/p_The first Doodle was a simple out-of-offi_345e61")): Object: 'Object Repository/Page_The Story and Evolution of Doodles - G_6e786d/p_The first Doodle was a simple out-of-offi_345e61' is clicked on

17-06-2024T18:18:37 - [MESSAGE][PASSED] - Object: 'Object Repository/Page_The Story and Evolution of Doodles - G_6e786d/p_The first Doodle was a simple out-of-offi_345e61' is clicked on

17-06-2024T18:18:37 - [TEST_STEP][PASSED] - verifyElementVisible(findTestObject("Object Repository/Page_The Story and Evolution of Doodles - G_6e786d/h1_The story behind Doodles")): Object 'Object Repository/Page_The Story and Evolution of Doodles - G_6e786d/h1_The story behind Doodles' is visible

17-06-2024T18:18:37 - [MESSAGE][PASSED] - Object 'Object Repository/Page_The Story and Evolution of Doodles - G_6e786d/h1_The story behind Doodles' is visible

17-06-2024T18:18:37 - [TEST_STEP][PASSED] - verifyElementVisible(findTestObject("Object Repository/Page_The Story and Evolution of Doodles - G_6e786d/p_The first Doodle was a simple out-of-offi_345e61")): Object 'Object Repository/Page_The Story and Evolution of Doodles - G_6e786d/p_The first Doodle was a simple out-of-offi_345e61' is visible

17-06-2024T18:18:38 - [MESSAGE][PASSED] - Object 'Object Repository/Page_The Story and Evolution of Doodles - G_6e786d/p_The first Doodle was a simple out-of-offi_345e61' is visible

17-06-2024T18:18:38 - [TEST_STEP][PASSED] - verifyElementVisible(findTestObject("Object Repository/Page_The Story and Evolution of Doodles - G_6e786d/h2_Weve created more than 5,000 Doodles ove_111429")): Object 'Object Repository/Page_The Story and Evolution of Doodles - G_6e786d/h2_Weve created more than 5,000 Doodles ove_111429' is visible

17-06-2024T18:18:38 - [MESSAGE][PASSED] - Object 'Object Repository/Page_The Story and Evolution of Doodles - G_6e786d/h2_Weve created more than 5,000 Doodles ove_111429' is visible

17-06-2024T18:18:38 - [TEST_STEP][PASSED] - click(findTestObject("Object Repository/Page_The Story and Evolution of Doodles - G_6e786d/p_The first Doodle was a simple out-of-offi_345e61")): Object: 'Object Repository/Page_The Story and Evolution of Doodles - G_6e786d/p_The first Doodle was a simple out-of-offi_345e61' is clicked on

17-06-2024T18:18:38 - [MESSAGE][PASSED] - Object: 'Object Repository/Page_The Story and Evolution of Doodles - G_6e786d/p_The first Doodle was a simple out-of-offi_345e61' is clicked on

17-06-2024T18:18:38 - [TEST_STEP][PASSED] - verifyElementVisible(findTestObject("Object Repository/Page_The Story and Evolution of Doodles - G_6e786d/h1_The story behind Doodles")): Object 'Object Repository/Page_The Story and Evolution of Doodles - G_6e786d/h1_The story behind Doodles' is visible

17-06-2024T18:18:39 - [MESSAGE][PASSED] - Object 'Object Repository/Page_The Story and Evolution of Doodles - G_6e786d/h1_The story behind Doodles' is visible

17-06-2024T18:18:39 - [TEST_STEP][PASSED] - verifyElementVisible(findTestObject("Object Repository/Page_The Story and Evolution of Doodles - G_6e786d/p_The first Doodle was a simple out-of-offi_345e61")): Object 'Object Repository/Page_The Story and Evolution of Doodles - G_6e786d/p_The first Doodle was a simple out-of-offi_345e61' is visible

17-06-2024T18:18:39 - [MESSAGE][PASSED] - Object 'Object Repository/Page_The Story and Evolution of Doodles - G_6e786d/p_The first Doodle was a simple out-of-offi_345e61' is visible

17-06-2024T18:18:39 - [TEST_STEP][PASSED] - verifyElementVisible(findTestObject("Object Repository/Page_The Story and Evolution of Doodles - G_6e786d/h2_Weve created more than 5,000 Doodles ove_111429")): Object 'Object Repository/Page_The Story and Evolution of Doodles - G_6e786d/h2_Weve created more than 5,000 Doodles ove_111429' is visible

17-06-2024T18:18:39 - [MESSAGE][PASSED] - Object 'Object Repository/Page_The Story and Evolution of Doodles - G_6e786d/h2_Weve created more than 5,000 Doodles ove_111429' is visible

17-06-2024T18:18:39 - [TEST_STEP][PASSED] - click(findTestObject("Object Repository/Page_The Story and Evolution of Doodles - G_6e786d/p_The first Doodle was a simple out-of-offi_345e61")): Object: 'Object Repository/Page_The Story and Evolution of Doodles - G_6e786d/p_The first Doodle was a simple out-of-offi_345e61' is clicked on

17-06-2024T18:18:40 - [MESSAGE][PASSED] - Object: 'Object Repository/Page_The Story and Evolution of Doodles - G_6e786d/p_The first Doodle was a simple out-of-offi_345e61' is clicked on

17-06-2024T18:18:40 - [TEST_STEP][PASSED] - verifyElementVisible(findTestObject("Object Repository/Page_The Story and Evolution of Doodles - G_6e786d/h1_The story behind Doodles")): Object 'Object Repository/Page_The Story and Evolution of Doodles - G_6e786d/h1_The story behind Doodles' is visible

17-06-2024T18:18:40 - [MESSAGE][PASSED] - Object 'Object Repository/Page_The Story and Evolution of Doodles - G_6e786d/h1_The story behind Doodles' is visible

17-06-2024T18:18:40 - [TEST_STEP][PASSED] - verifyElementVisible(findTestObject("Object Repository/Page_The Story and Evolution of Doodles - G_6e786d/p_The first Doodle was a simple out-of-offi_345e61")): Object 'Object Repository/Page_The Story and Evolution of Doodles - G_6e786d/p_The first Doodle was a simple out-of-offi_345e61' is visible

17-06-2024T18:18:40 - [MESSAGE][PASSED] - Object 'Object Repository/Page_The Story and Evolution of Doodles - G_6e786d/p_The first Doodle was a simple out-of-offi_345e61' is visible

17-06-2024T18:18:40 - [TEST_STEP][PASSED] - verifyElementVisible(findTestObject("Object Repository/Page_The Story and Evolution of Doodles - G_6e786d/h2_Weve created more than 5,000 Doodles ove_111429")): Object 'Object Repository/Page_The Story and Evolution of Doodles - G_6e786d/h2_Weve created more than 5,000 Doodles ove_111429' is visible

17-06-2024T18:18:41 - [MESSAGE][PASSED] - Object 'Object Repository/Page_The Story and Evolution of Doodles - G_6e786d/h2_Weve created more than 5,000 Doodles ove_111429' is visible

17-06-2024T18:18:41 - [TEST_STEP][PASSED] - click(findTestObject("Object Repository/Page_The Story and Evolution of Doodles - G_6e786d/p_The first Doodle was a simple out-of-offi_345e61")): Object: 'Object Repository/Page_The Story and Evolution of Doodles - G_6e786d/p_The first Doodle was a simple out-of-offi_345e61' is clicked on

17-06-2024T18:18:41 - [MESSAGE][PASSED] - Object: 'Object Repository/Page_The Story and Evolution of Doodles - G_6e786d/p_The first Doodle was a simple out-of-offi_345e61' is clicked on

17-06-2024T18:18:41 - [TEST_STEP][PASSED] - verifyElementVisible(findTestObject("Object Repository/Page_The Story and Evolution of Doodles - G_6e786d/h1_The story behind Doodles")): Object 'Object Repository/Page_The Story and Evolution of Doodles - G_6e786d/h1_The story behind Doodles' is visible

17-06-2024T18:18:41 - [MESSAGE][PASSED] - Object 'Object Repository/Page_The Story and Evolution of Doodles - G_6e786d/h1_The story behind Doodles' is visible

17-06-2024T18:18:41 - [TEST_STEP][PASSED] - verifyElementVisible(findTestObject("Object Repository/Page_The Story and Evolution of Doodles - G_6e786d/p_The first Doodle was a simple out-of-offi_345e61")): Object 'Object Repository/Page_The Story and Evolution of Doodles - G_6e786d/p_The first Doodle was a simple out-of-offi_345e61' is visible

17-06-2024T18:18:42 - [MESSAGE][PASSED] - Object 'Object Repository/Page_The Story and Evolution of Doodles - G_6e786d/p_The first Doodle was a simple out-of-offi_345e61' is visible

17-06-2024T18:18:42 - [TEST_STEP][PASSED] - verifyElementVisible(findTestObject("Object Repository/Page_The Story and Evolution of Doodles - G_6e786d/h2_Weve created more than 5,000 Doodles ove_111429")): Object 'Object Repository/Page_The Story and Evolution of Doodles - G_6e786d/h2_Weve created more than 5,000 Doodles ove_111429' is visible

17-06-2024T18:18:42 - [MESSAGE][PASSED] - Object 'Object Repository/Page_The Story and Evolution of Doodles - G_6e786d/h2_Weve created more than 5,000 Doodles ove_111429' is visible

17-06-2024T18:18:42 - [TEST_STEP][PASSED] - click(findTestObject("Object Repository/Page_The Story and Evolution of Doodles - G_6e786d/p_The first Doodle was a simple out-of-offi_345e61")): Object: 'Object Repository/Page_The Story and Evolution of Doodles - G_6e786d/p_The first Doodle was a simple out-of-offi_345e61' is clicked on

17-06-2024T18:18:42 - [MESSAGE][PASSED] - Object: 'Object Repository/Page_The Story and Evolution of Doodles - G_6e786d/p_The first Doodle was a simple out-of-offi_345e61' is clicked on

17-06-2024T18:18:42 - [TEST_STEP][PASSED] - verifyElementVisible(findTestObject("Object Repository/Page_The Story and Evolution of Doodles - G_6e786d/h1_The story behind Doodles")): Object 'Object Repository/Page_The Story and Evolution of Doodles - G_6e786d/h1_The story behind Doodles' is visible

17-06-2024T18:18:43 - [MESSAGE][PASSED] - Object 'Object Repository/Page_The Story and Evolution of Doodles - G_6e786d/h1_The story behind Doodles' is visible

17-06-2024T18:18:43 - [TEST_STEP][PASSED] - verifyElementVisible(findTestObject("Object Repository/Page_The Story and Evolution of Doodles - G_6e786d/p_The first Doodle was a simple out-of-offi_345e61")): Object 'Object Repository/Page_The Story and Evolution of Doodles - G_6e786d/p_The first Doodle was a simple out-of-offi_345e61' is visible

17-06-2024T18:18:43 - [MESSAGE][PASSED] - Object 'Object Repository/Page_The Story and Evolution of Doodles - G_6e786d/p_The first Doodle was a simple out-of-offi_345e61' is visible

17-06-2024T18:18:43 - [TEST_STEP][PASSED] - verifyElementVisible(findTestObject("Object Repository/Page_The Story and Evolution of Doodles - G_6e786d/h2_Weve created more than 5,000 Doodles ove_111429")): Object 'Object Repository/Page_The Story and Evolution of Doodles - G_6e786d/h2_Weve created more than 5,000 Doodles ove_111429' is visible

17-06-2024T18:18:43 - [MESSAGE][PASSED] - Object 'Object Repository/Page_The Story and Evolution of Doodles - G_6e786d/h2_Weve created more than 5,000 Doodles ove_111429' is visible

17-06-2024T18:18:43 - [TEST_STEP][PASSED] - click(findTestObject("Object Repository/Page_The Story and Evolution of Doodles - G_6e786d/p_The first Doodle was a simple out-of-offi_345e61")): Object: 'Object Repository/Page_The Story and Evolution of Doodles - G_6e786d/p_The first Doodle was a simple out-of-offi_345e61' is clicked on

17-06-2024T18:18:44 - [MESSAGE][PASSED] - Object: 'Object Repository/Page_The Story and Evolution of Doodles - G_6e786d/p_The first Doodle was a simple out-of-offi_345e61' is clicked on

17-06-2024T18:18:44 - [TEST_STEP][PASSED] - verifyElementVisible(findTestObject("Object Repository/Page_The Story and Evolution of Doodles - G_6e786d/h1_The story behind Doodles")): Object 'Object Repository/Page_The Story and Evolution of Doodles - G_6e786d/h1_The story behind Doodles' is visible

17-06-2024T18:18:44 - [MESSAGE][PASSED] - Object 'Object Repository/Page_The Story and Evolution of Doodles - G_6e786d/h1_The story behind Doodles' is visible

17-06-2024T18:18:44 - [TEST_STEP][PASSED] - verifyElementVisible(findTestObject("Object Repository/Page_The Story and Evolution of Doodles - G_6e786d/p_The first Doodle was a simple out-of-offi_345e61")): Object 'Object Repository/Page_The Story and Evolution of Doodles - G_6e786d/p_The first Doodle was a simple out-of-offi_345e61' is visible

17-06-2024T18:18:44 - [MESSAGE][PASSED] - Object 'Object Repository/Page_The Story and Evolution of Doodles - G_6e786d/p_The first Doodle was a simple out-of-offi_345e61' is visible

17-06-2024T18:18:44 - [TEST_STEP][PASSED] - verifyElementVisible(findTestObject("Object Repository/Page_The Story and Evolution of Doodles - G_6e786d/h2_Weve created more than 5,000 Doodles ove_111429")): Object 'Object Repository/Page_The Story and Evolution of Doodles - G_6e786d/h2_Weve created more than 5,000 Doodles ove_111429' is visible

17-06-2024T18:18:45 - [MESSAGE][PASSED] - Object 'Object Repository/Page_The Story and Evolution of Doodles - G_6e786d/h2_Weve created more than 5,000 Doodles ove_111429' is visible

17-06-2024T18:18:45 - [TEST_STEP][PASSED] - click(findTestObject("Object Repository/Page_The Story and Evolution of Doodles - G_6e786d/p_The first Doodle was a simple out-of-offi_345e61")): Object: 'Object Repository/Page_The Story and Evolution of Doodles - G_6e786d/p_The first Doodle was a simple out-of-offi_345e61' is clicked on

17-06-2024T18:18:45 - [MESSAGE][PASSED] - Object: 'Object Repository/Page_The Story and Evolution of Doodles - G_6e786d/p_The first Doodle was a simple out-of-offi_345e61' is clicked on

17-06-2024T18:18:45 - [TEST_STEP][PASSED] - verifyElementVisible(findTestObject("Object Repository/Page_The Story and Evolution of Doodles - G_6e786d/h1_The story behind Doodles")): Object 'Object Repository/Page_The Story and Evolution of Doodles - G_6e786d/h1_The story behind Doodles' is visible

17-06-2024T18:18:45 - [MESSAGE][PASSED] - Object 'Object Repository/Page_The Story and Evolution of Doodles - G_6e786d/h1_The story behind Doodles' is visible

17-06-2024T18:18:45 - [TEST_STEP][PASSED] - verifyElementVisible(findTestObject("Object Repository/Page_The Story and Evolution of Doodles - G_6e786d/p_The first Doodle was a simple out-of-offi_345e61")): Object 'Object Repository/Page_The Story and Evolution of Doodles - G_6e786d/p_The first Doodle was a simple out-of-offi_345e61' is visible

17-06-2024T18:18:46 - [MESSAGE][PASSED] - Object 'Object Repository/Page_The Story and Evolution of Doodles - G_6e786d/p_The first Doodle was a simple out-of-offi_345e61' is visible

17-06-2024T18:18:46 - [TEST_STEP][PASSED] - verifyElementVisible(findTestObject("Object Repository/Page_The Story and Evolution of Doodles - G_6e786d/h2_Weve created more than 5,000 Doodles ove_111429")): Object 'Object Repository/Page_The Story and Evolution of Doodles - G_6e786d/h2_Weve created more than 5,000 Doodles ove_111429' is visible

17-06-2024T18:18:46 - [MESSAGE][PASSED] - Object 'Object Repository/Page_The Story and Evolution of Doodles - G_6e786d/h2_Weve created more than 5,000 Doodles ove_111429' is visible]]></system-out>
         <system-err><![CDATA[]]></system-err>
      </testcase>
      <testcase name="Test Cases/test case folder 1/tc1 - Copy (2) - Copy (3)" time="20.145" classname="Test Cases/test case folder 1/tc1 - Copy (2) - Copy (3)" status="PASSED">
         <system-out><![CDATA[17-06-2024T18:18:46 - [TEST_CASE][PASSED] - Test Cases/test case folder 1/tc1 - Copy (2) - Copy (3): Test Cases/test case folder 1/tc1 - Copy (2) - Copy (3)

17-06-2024T18:18:46 - [TEST_STEP][PASSED] - openBrowser(""): Browser is opened with url: ''

17-06-2024T18:18:46 - [MESSAGE][WARNING] - A browser is already opened. Closing browser and opening a new one

17-06-2024T18:18:47 - [MESSAGE][INFO] - Starting 'Chrome (headless)' driver

17-06-2024T18:18:47 - [MESSAGE][INFO] - Action delay is set to 0 milliseconds

17-06-2024T18:18:47 - [MESSAGE][PASSED] - Browser is opened with url: ''

17-06-2024T18:18:47 - [TEST_STEP][PASSED] - navigateToUrl("https://doodles.google/about/"): Navigate to 'https://doodles.google/about/' successfully

17-06-2024T18:18:51 - [MESSAGE][PASSED] - Navigate to 'https://doodles.google/about/' successfully

17-06-2024T18:18:51 - [TEST_STEP][PASSED] - click(findTestObject("Object Repository/Page_The Story and Evolution of Doodles - G_6e786d/p_The first Doodle was a simple out-of-offi_345e61")): Object: 'Object Repository/Page_The Story and Evolution of Doodles - G_6e786d/p_The first Doodle was a simple out-of-offi_345e61' is clicked on

17-06-2024T18:18:51 - [MESSAGE][PASSED] - Object: 'Object Repository/Page_The Story and Evolution of Doodles - G_6e786d/p_The first Doodle was a simple out-of-offi_345e61' is clicked on

17-06-2024T18:18:51 - [TEST_STEP][PASSED] - click(findTestObject("Object Repository/Page_The Story and Evolution of Doodles - G_6e786d/p_The first Doodle was a simple out-of-offi_345e61")): Object: 'Object Repository/Page_The Story and Evolution of Doodles - G_6e786d/p_The first Doodle was a simple out-of-offi_345e61' is clicked on

17-06-2024T18:18:52 - [MESSAGE][PASSED] - Object: 'Object Repository/Page_The Story and Evolution of Doodles - G_6e786d/p_The first Doodle was a simple out-of-offi_345e61' is clicked on

17-06-2024T18:18:52 - [TEST_STEP][PASSED] - verifyElementVisible(findTestObject("Object Repository/Page_The Story and Evolution of Doodles - G_6e786d/h1_The story behind Doodles")): Object 'Object Repository/Page_The Story and Evolution of Doodles - G_6e786d/h1_The story behind Doodles' is visible

17-06-2024T18:18:52 - [MESSAGE][PASSED] - Object 'Object Repository/Page_The Story and Evolution of Doodles - G_6e786d/h1_The story behind Doodles' is visible

17-06-2024T18:18:52 - [TEST_STEP][PASSED] - verifyElementVisible(findTestObject("Object Repository/Page_The Story and Evolution of Doodles - G_6e786d/p_The first Doodle was a simple out-of-offi_345e61")): Object 'Object Repository/Page_The Story and Evolution of Doodles - G_6e786d/p_The first Doodle was a simple out-of-offi_345e61' is visible

17-06-2024T18:18:52 - [MESSAGE][PASSED] - Object 'Object Repository/Page_The Story and Evolution of Doodles - G_6e786d/p_The first Doodle was a simple out-of-offi_345e61' is visible

17-06-2024T18:18:52 - [TEST_STEP][PASSED] - verifyElementVisible(findTestObject("Object Repository/Page_The Story and Evolution of Doodles - G_6e786d/h2_Weve created more than 5,000 Doodles ove_111429")): Object 'Object Repository/Page_The Story and Evolution of Doodles - G_6e786d/h2_Weve created more than 5,000 Doodles ove_111429' is visible

17-06-2024T18:18:53 - [MESSAGE][PASSED] - Object 'Object Repository/Page_The Story and Evolution of Doodles - G_6e786d/h2_Weve created more than 5,000 Doodles ove_111429' is visible

17-06-2024T18:18:53 - [TEST_STEP][PASSED] - verifyElementVisible(findTestObject("Object Repository/Page_The Story and Evolution of Doodles - G_6e786d/h1_The story behind Doodles")): Object 'Object Repository/Page_The Story and Evolution of Doodles - G_6e786d/h1_The story behind Doodles' is visible

17-06-2024T18:18:53 - [MESSAGE][PASSED] - Object 'Object Repository/Page_The Story and Evolution of Doodles - G_6e786d/h1_The story behind Doodles' is visible

17-06-2024T18:18:53 - [TEST_STEP][PASSED] - verifyElementVisible(findTestObject("Object Repository/Page_The Story and Evolution of Doodles - G_6e786d/p_The first Doodle was a simple out-of-offi_345e61")): Object 'Object Repository/Page_The Story and Evolution of Doodles - G_6e786d/p_The first Doodle was a simple out-of-offi_345e61' is visible

17-06-2024T18:18:53 - [MESSAGE][PASSED] - Object 'Object Repository/Page_The Story and Evolution of Doodles - G_6e786d/p_The first Doodle was a simple out-of-offi_345e61' is visible

17-06-2024T18:18:53 - [TEST_STEP][PASSED] - verifyElementVisible(findTestObject("Object Repository/Page_The Story and Evolution of Doodles - G_6e786d/h2_Weve created more than 5,000 Doodles ove_111429")): Object 'Object Repository/Page_The Story and Evolution of Doodles - G_6e786d/h2_Weve created more than 5,000 Doodles ove_111429' is visible

17-06-2024T18:18:54 - [MESSAGE][PASSED] - Object 'Object Repository/Page_The Story and Evolution of Doodles - G_6e786d/h2_Weve created more than 5,000 Doodles ove_111429' is visible

17-06-2024T18:18:54 - [TEST_STEP][PASSED] - click(findTestObject("Object Repository/Page_The Story and Evolution of Doodles - G_6e786d/p_The first Doodle was a simple out-of-offi_345e61")): Object: 'Object Repository/Page_The Story and Evolution of Doodles - G_6e786d/p_The first Doodle was a simple out-of-offi_345e61' is clicked on

17-06-2024T18:18:54 - [MESSAGE][PASSED] - Object: 'Object Repository/Page_The Story and Evolution of Doodles - G_6e786d/p_The first Doodle was a simple out-of-offi_345e61' is clicked on

17-06-2024T18:18:54 - [TEST_STEP][PASSED] - verifyElementVisible(findTestObject("Object Repository/Page_The Story and Evolution of Doodles - G_6e786d/h1_The story behind Doodles")): Object 'Object Repository/Page_The Story and Evolution of Doodles - G_6e786d/h1_The story behind Doodles' is visible

17-06-2024T18:18:54 - [MESSAGE][PASSED] - Object 'Object Repository/Page_The Story and Evolution of Doodles - G_6e786d/h1_The story behind Doodles' is visible

17-06-2024T18:18:54 - [TEST_STEP][PASSED] - verifyElementVisible(findTestObject("Object Repository/Page_The Story and Evolution of Doodles - G_6e786d/p_The first Doodle was a simple out-of-offi_345e61")): Object 'Object Repository/Page_The Story and Evolution of Doodles - G_6e786d/p_The first Doodle was a simple out-of-offi_345e61' is visible

17-06-2024T18:18:55 - [MESSAGE][PASSED] - Object 'Object Repository/Page_The Story and Evolution of Doodles - G_6e786d/p_The first Doodle was a simple out-of-offi_345e61' is visible

17-06-2024T18:18:55 - [TEST_STEP][PASSED] - verifyElementVisible(findTestObject("Object Repository/Page_The Story and Evolution of Doodles - G_6e786d/h2_Weve created more than 5,000 Doodles ove_111429")): Object 'Object Repository/Page_The Story and Evolution of Doodles - G_6e786d/h2_Weve created more than 5,000 Doodles ove_111429' is visible

17-06-2024T18:18:55 - [MESSAGE][PASSED] - Object 'Object Repository/Page_The Story and Evolution of Doodles - G_6e786d/h2_Weve created more than 5,000 Doodles ove_111429' is visible

17-06-2024T18:18:55 - [TEST_STEP][PASSED] - click(findTestObject("Object Repository/Page_The Story and Evolution of Doodles - G_6e786d/p_The first Doodle was a simple out-of-offi_345e61")): Object: 'Object Repository/Page_The Story and Evolution of Doodles - G_6e786d/p_The first Doodle was a simple out-of-offi_345e61' is clicked on

17-06-2024T18:18:56 - [MESSAGE][PASSED] - Object: 'Object Repository/Page_The Story and Evolution of Doodles - G_6e786d/p_The first Doodle was a simple out-of-offi_345e61' is clicked on

17-06-2024T18:18:56 - [TEST_STEP][PASSED] - verifyElementVisible(findTestObject("Object Repository/Page_The Story and Evolution of Doodles - G_6e786d/h1_The story behind Doodles")): Object 'Object Repository/Page_The Story and Evolution of Doodles - G_6e786d/h1_The story behind Doodles' is visible

17-06-2024T18:18:56 - [MESSAGE][PASSED] - Object 'Object Repository/Page_The Story and Evolution of Doodles - G_6e786d/h1_The story behind Doodles' is visible

17-06-2024T18:18:56 - [TEST_STEP][PASSED] - verifyElementVisible(findTestObject("Object Repository/Page_The Story and Evolution of Doodles - G_6e786d/p_The first Doodle was a simple out-of-offi_345e61")): Object 'Object Repository/Page_The Story and Evolution of Doodles - G_6e786d/p_The first Doodle was a simple out-of-offi_345e61' is visible

17-06-2024T18:18:56 - [MESSAGE][PASSED] - Object 'Object Repository/Page_The Story and Evolution of Doodles - G_6e786d/p_The first Doodle was a simple out-of-offi_345e61' is visible

17-06-2024T18:18:56 - [TEST_STEP][PASSED] - verifyElementVisible(findTestObject("Object Repository/Page_The Story and Evolution of Doodles - G_6e786d/h2_Weve created more than 5,000 Doodles ove_111429")): Object 'Object Repository/Page_The Story and Evolution of Doodles - G_6e786d/h2_Weve created more than 5,000 Doodles ove_111429' is visible

17-06-2024T18:18:57 - [MESSAGE][PASSED] - Object 'Object Repository/Page_The Story and Evolution of Doodles - G_6e786d/h2_Weve created more than 5,000 Doodles ove_111429' is visible

17-06-2024T18:18:57 - [TEST_STEP][PASSED] - click(findTestObject("Object Repository/Page_The Story and Evolution of Doodles - G_6e786d/p_The first Doodle was a simple out-of-offi_345e61")): Object: 'Object Repository/Page_The Story and Evolution of Doodles - G_6e786d/p_The first Doodle was a simple out-of-offi_345e61' is clicked on

17-06-2024T18:18:57 - [MESSAGE][PASSED] - Object: 'Object Repository/Page_The Story and Evolution of Doodles - G_6e786d/p_The first Doodle was a simple out-of-offi_345e61' is clicked on

17-06-2024T18:18:57 - [TEST_STEP][PASSED] - verifyElementVisible(findTestObject("Object Repository/Page_The Story and Evolution of Doodles - G_6e786d/h1_The story behind Doodles")): Object 'Object Repository/Page_The Story and Evolution of Doodles - G_6e786d/h1_The story behind Doodles' is visible

17-06-2024T18:18:57 - [MESSAGE][PASSED] - Object 'Object Repository/Page_The Story and Evolution of Doodles - G_6e786d/h1_The story behind Doodles' is visible

17-06-2024T18:18:57 - [TEST_STEP][PASSED] - verifyElementVisible(findTestObject("Object Repository/Page_The Story and Evolution of Doodles - G_6e786d/p_The first Doodle was a simple out-of-offi_345e61")): Object 'Object Repository/Page_The Story and Evolution of Doodles - G_6e786d/p_The first Doodle was a simple out-of-offi_345e61' is visible

17-06-2024T18:18:58 - [MESSAGE][PASSED] - Object 'Object Repository/Page_The Story and Evolution of Doodles - G_6e786d/p_The first Doodle was a simple out-of-offi_345e61' is visible

17-06-2024T18:18:58 - [TEST_STEP][PASSED] - verifyElementVisible(findTestObject("Object Repository/Page_The Story and Evolution of Doodles - G_6e786d/h2_Weve created more than 5,000 Doodles ove_111429")): Object 'Object Repository/Page_The Story and Evolution of Doodles - G_6e786d/h2_Weve created more than 5,000 Doodles ove_111429' is visible

17-06-2024T18:18:58 - [MESSAGE][PASSED] - Object 'Object Repository/Page_The Story and Evolution of Doodles - G_6e786d/h2_Weve created more than 5,000 Doodles ove_111429' is visible

17-06-2024T18:18:58 - [TEST_STEP][PASSED] - click(findTestObject("Object Repository/Page_The Story and Evolution of Doodles - G_6e786d/p_The first Doodle was a simple out-of-offi_345e61")): Object: 'Object Repository/Page_The Story and Evolution of Doodles - G_6e786d/p_The first Doodle was a simple out-of-offi_345e61' is clicked on

17-06-2024T18:18:58 - [MESSAGE][PASSED] - Object: 'Object Repository/Page_The Story and Evolution of Doodles - G_6e786d/p_The first Doodle was a simple out-of-offi_345e61' is clicked on

17-06-2024T18:18:58 - [TEST_STEP][PASSED] - verifyElementVisible(findTestObject("Object Repository/Page_The Story and Evolution of Doodles - G_6e786d/h1_The story behind Doodles")): Object 'Object Repository/Page_The Story and Evolution of Doodles - G_6e786d/h1_The story behind Doodles' is visible

17-06-2024T18:18:59 - [MESSAGE][PASSED] - Object 'Object Repository/Page_The Story and Evolution of Doodles - G_6e786d/h1_The story behind Doodles' is visible

17-06-2024T18:18:59 - [TEST_STEP][PASSED] - verifyElementVisible(findTestObject("Object Repository/Page_The Story and Evolution of Doodles - G_6e786d/p_The first Doodle was a simple out-of-offi_345e61")): Object 'Object Repository/Page_The Story and Evolution of Doodles - G_6e786d/p_The first Doodle was a simple out-of-offi_345e61' is visible

17-06-2024T18:18:59 - [MESSAGE][PASSED] - Object 'Object Repository/Page_The Story and Evolution of Doodles - G_6e786d/p_The first Doodle was a simple out-of-offi_345e61' is visible

17-06-2024T18:18:59 - [TEST_STEP][PASSED] - verifyElementVisible(findTestObject("Object Repository/Page_The Story and Evolution of Doodles - G_6e786d/h2_Weve created more than 5,000 Doodles ove_111429")): Object 'Object Repository/Page_The Story and Evolution of Doodles - G_6e786d/h2_Weve created more than 5,000 Doodles ove_111429' is visible

17-06-2024T18:18:59 - [MESSAGE][PASSED] - Object 'Object Repository/Page_The Story and Evolution of Doodles - G_6e786d/h2_Weve created more than 5,000 Doodles ove_111429' is visible

17-06-2024T18:18:59 - [TEST_STEP][PASSED] - click(findTestObject("Object Repository/Page_The Story and Evolution of Doodles - G_6e786d/p_The first Doodle was a simple out-of-offi_345e61")): Object: 'Object Repository/Page_The Story and Evolution of Doodles - G_6e786d/p_The first Doodle was a simple out-of-offi_345e61' is clicked on

17-06-2024T18:19:00 - [MESSAGE][PASSED] - Object: 'Object Repository/Page_The Story and Evolution of Doodles - G_6e786d/p_The first Doodle was a simple out-of-offi_345e61' is clicked on

17-06-2024T18:19:00 - [TEST_STEP][PASSED] - verifyElementVisible(findTestObject("Object Repository/Page_The Story and Evolution of Doodles - G_6e786d/h1_The story behind Doodles")): Object 'Object Repository/Page_The Story and Evolution of Doodles - G_6e786d/h1_The story behind Doodles' is visible

17-06-2024T18:19:00 - [MESSAGE][PASSED] - Object 'Object Repository/Page_The Story and Evolution of Doodles - G_6e786d/h1_The story behind Doodles' is visible

17-06-2024T18:19:00 - [TEST_STEP][PASSED] - verifyElementVisible(findTestObject("Object Repository/Page_The Story and Evolution of Doodles - G_6e786d/p_The first Doodle was a simple out-of-offi_345e61")): Object 'Object Repository/Page_The Story and Evolution of Doodles - G_6e786d/p_The first Doodle was a simple out-of-offi_345e61' is visible

17-06-2024T18:19:00 - [MESSAGE][PASSED] - Object 'Object Repository/Page_The Story and Evolution of Doodles - G_6e786d/p_The first Doodle was a simple out-of-offi_345e61' is visible

17-06-2024T18:19:00 - [TEST_STEP][PASSED] - verifyElementVisible(findTestObject("Object Repository/Page_The Story and Evolution of Doodles - G_6e786d/h2_Weve created more than 5,000 Doodles ove_111429")): Object 'Object Repository/Page_The Story and Evolution of Doodles - G_6e786d/h2_Weve created more than 5,000 Doodles ove_111429' is visible

17-06-2024T18:19:01 - [MESSAGE][PASSED] - Object 'Object Repository/Page_The Story and Evolution of Doodles - G_6e786d/h2_Weve created more than 5,000 Doodles ove_111429' is visible

17-06-2024T18:19:01 - [TEST_STEP][PASSED] - click(findTestObject("Object Repository/Page_The Story and Evolution of Doodles - G_6e786d/p_The first Doodle was a simple out-of-offi_345e61")): Object: 'Object Repository/Page_The Story and Evolution of Doodles - G_6e786d/p_The first Doodle was a simple out-of-offi_345e61' is clicked on

17-06-2024T18:19:01 - [MESSAGE][PASSED] - Object: 'Object Repository/Page_The Story and Evolution of Doodles - G_6e786d/p_The first Doodle was a simple out-of-offi_345e61' is clicked on

17-06-2024T18:19:01 - [TEST_STEP][PASSED] - verifyElementVisible(findTestObject("Object Repository/Page_The Story and Evolution of Doodles - G_6e786d/h1_The story behind Doodles")): Object 'Object Repository/Page_The Story and Evolution of Doodles - G_6e786d/h1_The story behind Doodles' is visible

17-06-2024T18:19:01 - [MESSAGE][PASSED] - Object 'Object Repository/Page_The Story and Evolution of Doodles - G_6e786d/h1_The story behind Doodles' is visible

17-06-2024T18:19:01 - [TEST_STEP][PASSED] - verifyElementVisible(findTestObject("Object Repository/Page_The Story and Evolution of Doodles - G_6e786d/p_The first Doodle was a simple out-of-offi_345e61")): Object 'Object Repository/Page_The Story and Evolution of Doodles - G_6e786d/p_The first Doodle was a simple out-of-offi_345e61' is visible

17-06-2024T18:19:02 - [MESSAGE][PASSED] - Object 'Object Repository/Page_The Story and Evolution of Doodles - G_6e786d/p_The first Doodle was a simple out-of-offi_345e61' is visible

17-06-2024T18:19:02 - [TEST_STEP][PASSED] - verifyElementVisible(findTestObject("Object Repository/Page_The Story and Evolution of Doodles - G_6e786d/h2_Weve created more than 5,000 Doodles ove_111429")): Object 'Object Repository/Page_The Story and Evolution of Doodles - G_6e786d/h2_Weve created more than 5,000 Doodles ove_111429' is visible

17-06-2024T18:19:02 - [MESSAGE][PASSED] - Object 'Object Repository/Page_The Story and Evolution of Doodles - G_6e786d/h2_Weve created more than 5,000 Doodles ove_111429' is visible

17-06-2024T18:19:02 - [TEST_STEP][PASSED] - click(findTestObject("Object Repository/Page_The Story and Evolution of Doodles - G_6e786d/p_The first Doodle was a simple out-of-offi_345e61")): Object: 'Object Repository/Page_The Story and Evolution of Doodles - G_6e786d/p_The first Doodle was a simple out-of-offi_345e61' is clicked on

17-06-2024T18:19:03 - [MESSAGE][PASSED] - Object: 'Object Repository/Page_The Story and Evolution of Doodles - G_6e786d/p_The first Doodle was a simple out-of-offi_345e61' is clicked on

17-06-2024T18:19:03 - [TEST_STEP][PASSED] - verifyElementVisible(findTestObject("Object Repository/Page_The Story and Evolution of Doodles - G_6e786d/h1_The story behind Doodles")): Object 'Object Repository/Page_The Story and Evolution of Doodles - G_6e786d/h1_The story behind Doodles' is visible

17-06-2024T18:19:03 - [MESSAGE][PASSED] - Object 'Object Repository/Page_The Story and Evolution of Doodles - G_6e786d/h1_The story behind Doodles' is visible

17-06-2024T18:19:03 - [TEST_STEP][PASSED] - verifyElementVisible(findTestObject("Object Repository/Page_The Story and Evolution of Doodles - G_6e786d/p_The first Doodle was a simple out-of-offi_345e61")): Object 'Object Repository/Page_The Story and Evolution of Doodles - G_6e786d/p_The first Doodle was a simple out-of-offi_345e61' is visible

17-06-2024T18:19:03 - [MESSAGE][PASSED] - Object 'Object Repository/Page_The Story and Evolution of Doodles - G_6e786d/p_The first Doodle was a simple out-of-offi_345e61' is visible

17-06-2024T18:19:03 - [TEST_STEP][PASSED] - verifyElementVisible(findTestObject("Object Repository/Page_The Story and Evolution of Doodles - G_6e786d/h2_Weve created more than 5,000 Doodles ove_111429")): Object 'Object Repository/Page_The Story and Evolution of Doodles - G_6e786d/h2_Weve created more than 5,000 Doodles ove_111429' is visible

17-06-2024T18:19:04 - [MESSAGE][PASSED] - Object 'Object Repository/Page_The Story and Evolution of Doodles - G_6e786d/h2_Weve created more than 5,000 Doodles ove_111429' is visible

17-06-2024T18:19:04 - [TEST_STEP][PASSED] - click(findTestObject("Object Repository/Page_The Story and Evolution of Doodles - G_6e786d/p_The first Doodle was a simple out-of-offi_345e61")): Object: 'Object Repository/Page_The Story and Evolution of Doodles - G_6e786d/p_The first Doodle was a simple out-of-offi_345e61' is clicked on

17-06-2024T18:19:04 - [MESSAGE][PASSED] - Object: 'Object Repository/Page_The Story and Evolution of Doodles - G_6e786d/p_The first Doodle was a simple out-of-offi_345e61' is clicked on

17-06-2024T18:19:04 - [TEST_STEP][PASSED] - verifyElementVisible(findTestObject("Object Repository/Page_The Story and Evolution of Doodles - G_6e786d/h1_The story behind Doodles")): Object 'Object Repository/Page_The Story and Evolution of Doodles - G_6e786d/h1_The story behind Doodles' is visible

17-06-2024T18:19:04 - [MESSAGE][PASSED] - Object 'Object Repository/Page_The Story and Evolution of Doodles - G_6e786d/h1_The story behind Doodles' is visible

17-06-2024T18:19:04 - [TEST_STEP][PASSED] - verifyElementVisible(findTestObject("Object Repository/Page_The Story and Evolution of Doodles - G_6e786d/p_The first Doodle was a simple out-of-offi_345e61")): Object 'Object Repository/Page_The Story and Evolution of Doodles - G_6e786d/p_The first Doodle was a simple out-of-offi_345e61' is visible

17-06-2024T18:19:05 - [MESSAGE][PASSED] - Object 'Object Repository/Page_The Story and Evolution of Doodles - G_6e786d/p_The first Doodle was a simple out-of-offi_345e61' is visible

17-06-2024T18:19:05 - [TEST_STEP][PASSED] - verifyElementVisible(findTestObject("Object Repository/Page_The Story and Evolution of Doodles - G_6e786d/h2_Weve created more than 5,000 Doodles ove_111429")): Object 'Object Repository/Page_The Story and Evolution of Doodles - G_6e786d/h2_Weve created more than 5,000 Doodles ove_111429' is visible

17-06-2024T18:19:05 - [MESSAGE][PASSED] - Object 'Object Repository/Page_The Story and Evolution of Doodles - G_6e786d/h2_Weve created more than 5,000 Doodles ove_111429' is visible

17-06-2024T18:19:05 - [TEST_STEP][PASSED] - click(findTestObject("Object Repository/Page_The Story and Evolution of Doodles - G_6e786d/p_The first Doodle was a simple out-of-offi_345e61")): Object: 'Object Repository/Page_The Story and Evolution of Doodles - G_6e786d/p_The first Doodle was a simple out-of-offi_345e61' is clicked on

17-06-2024T18:19:05 - [MESSAGE][PASSED] - Object: 'Object Repository/Page_The Story and Evolution of Doodles - G_6e786d/p_The first Doodle was a simple out-of-offi_345e61' is clicked on

17-06-2024T18:19:05 - [TEST_STEP][PASSED] - verifyElementVisible(findTestObject("Object Repository/Page_The Story and Evolution of Doodles - G_6e786d/h1_The story behind Doodles")): Object 'Object Repository/Page_The Story and Evolution of Doodles - G_6e786d/h1_The story behind Doodles' is visible

17-06-2024T18:19:06 - [MESSAGE][PASSED] - Object 'Object Repository/Page_The Story and Evolution of Doodles - G_6e786d/h1_The story behind Doodles' is visible

17-06-2024T18:19:06 - [TEST_STEP][PASSED] - verifyElementVisible(findTestObject("Object Repository/Page_The Story and Evolution of Doodles - G_6e786d/p_The first Doodle was a simple out-of-offi_345e61")): Object 'Object Repository/Page_The Story and Evolution of Doodles - G_6e786d/p_The first Doodle was a simple out-of-offi_345e61' is visible

17-06-2024T18:19:06 - [MESSAGE][PASSED] - Object 'Object Repository/Page_The Story and Evolution of Doodles - G_6e786d/p_The first Doodle was a simple out-of-offi_345e61' is visible

17-06-2024T18:19:06 - [TEST_STEP][PASSED] - verifyElementVisible(findTestObject("Object Repository/Page_The Story and Evolution of Doodles - G_6e786d/h2_Weve created more than 5,000 Doodles ove_111429")): Object 'Object Repository/Page_The Story and Evolution of Doodles - G_6e786d/h2_Weve created more than 5,000 Doodles ove_111429' is visible

17-06-2024T18:19:06 - [MESSAGE][PASSED] - Object 'Object Repository/Page_The Story and Evolution of Doodles - G_6e786d/h2_Weve created more than 5,000 Doodles ove_111429' is visible]]></system-out>
         <system-err><![CDATA[]]></system-err>
      </testcase>
      <testcase name="Test Cases/test case folder 1/tc1 - Copy (2) - Copy (2)" time="20.228" classname="Test Cases/test case folder 1/tc1 - Copy (2) - Copy (2)" status="PASSED">
         <system-out><![CDATA[17-06-2024T18:19:06 - [TEST_CASE][PASSED] - Test Cases/test case folder 1/tc1 - Copy (2) - Copy (2): Test Cases/test case folder 1/tc1 - Copy (2) - Copy (2)

17-06-2024T18:19:06 - [TEST_STEP][PASSED] - openBrowser(""): Browser is opened with url: ''

17-06-2024T18:19:06 - [MESSAGE][WARNING] - A browser is already opened. Closing browser and opening a new one

17-06-2024T18:19:07 - [MESSAGE][INFO] - Starting 'Chrome (headless)' driver

17-06-2024T18:19:07 - [MESSAGE][INFO] - Action delay is set to 0 milliseconds

17-06-2024T18:19:08 - [MESSAGE][PASSED] - Browser is opened with url: ''

17-06-2024T18:19:08 - [TEST_STEP][PASSED] - navigateToUrl("https://doodles.google/about/"): Navigate to 'https://doodles.google/about/' successfully

17-06-2024T18:19:12 - [MESSAGE][PASSED] - Navigate to 'https://doodles.google/about/' successfully

17-06-2024T18:19:12 - [TEST_STEP][PASSED] - click(findTestObject("Object Repository/Page_The Story and Evolution of Doodles - G_6e786d/p_The first Doodle was a simple out-of-offi_345e61")): Object: 'Object Repository/Page_The Story and Evolution of Doodles - G_6e786d/p_The first Doodle was a simple out-of-offi_345e61' is clicked on

17-06-2024T18:19:12 - [MESSAGE][PASSED] - Object: 'Object Repository/Page_The Story and Evolution of Doodles - G_6e786d/p_The first Doodle was a simple out-of-offi_345e61' is clicked on

17-06-2024T18:19:12 - [TEST_STEP][PASSED] - click(findTestObject("Object Repository/Page_The Story and Evolution of Doodles - G_6e786d/p_The first Doodle was a simple out-of-offi_345e61")): Object: 'Object Repository/Page_The Story and Evolution of Doodles - G_6e786d/p_The first Doodle was a simple out-of-offi_345e61' is clicked on

17-06-2024T18:19:12 - [MESSAGE][PASSED] - Object: 'Object Repository/Page_The Story and Evolution of Doodles - G_6e786d/p_The first Doodle was a simple out-of-offi_345e61' is clicked on

17-06-2024T18:19:12 - [TEST_STEP][PASSED] - verifyElementVisible(findTestObject("Object Repository/Page_The Story and Evolution of Doodles - G_6e786d/h1_The story behind Doodles")): Object 'Object Repository/Page_The Story and Evolution of Doodles - G_6e786d/h1_The story behind Doodles' is visible

17-06-2024T18:19:13 - [MESSAGE][PASSED] - Object 'Object Repository/Page_The Story and Evolution of Doodles - G_6e786d/h1_The story behind Doodles' is visible

17-06-2024T18:19:13 - [TEST_STEP][PASSED] - verifyElementVisible(findTestObject("Object Repository/Page_The Story and Evolution of Doodles - G_6e786d/p_The first Doodle was a simple out-of-offi_345e61")): Object 'Object Repository/Page_The Story and Evolution of Doodles - G_6e786d/p_The first Doodle was a simple out-of-offi_345e61' is visible

17-06-2024T18:19:13 - [MESSAGE][PASSED] - Object 'Object Repository/Page_The Story and Evolution of Doodles - G_6e786d/p_The first Doodle was a simple out-of-offi_345e61' is visible

17-06-2024T18:19:13 - [TEST_STEP][PASSED] - verifyElementVisible(findTestObject("Object Repository/Page_The Story and Evolution of Doodles - G_6e786d/h2_Weve created more than 5,000 Doodles ove_111429")): Object 'Object Repository/Page_The Story and Evolution of Doodles - G_6e786d/h2_Weve created more than 5,000 Doodles ove_111429' is visible

17-06-2024T18:19:13 - [MESSAGE][PASSED] - Object 'Object Repository/Page_The Story and Evolution of Doodles - G_6e786d/h2_Weve created more than 5,000 Doodles ove_111429' is visible

17-06-2024T18:19:13 - [TEST_STEP][PASSED] - verifyElementVisible(findTestObject("Object Repository/Page_The Story and Evolution of Doodles - G_6e786d/h1_The story behind Doodles")): Object 'Object Repository/Page_The Story and Evolution of Doodles - G_6e786d/h1_The story behind Doodles' is visible

17-06-2024T18:19:14 - [MESSAGE][PASSED] - Object 'Object Repository/Page_The Story and Evolution of Doodles - G_6e786d/h1_The story behind Doodles' is visible

17-06-2024T18:19:14 - [TEST_STEP][PASSED] - verifyElementVisible(findTestObject("Object Repository/Page_The Story and Evolution of Doodles - G_6e786d/p_The first Doodle was a simple out-of-offi_345e61")): Object 'Object Repository/Page_The Story and Evolution of Doodles - G_6e786d/p_The first Doodle was a simple out-of-offi_345e61' is visible

17-06-2024T18:19:14 - [MESSAGE][PASSED] - Object 'Object Repository/Page_The Story and Evolution of Doodles - G_6e786d/p_The first Doodle was a simple out-of-offi_345e61' is visible

17-06-2024T18:19:14 - [TEST_STEP][PASSED] - verifyElementVisible(findTestObject("Object Repository/Page_The Story and Evolution of Doodles - G_6e786d/h2_Weve created more than 5,000 Doodles ove_111429")): Object 'Object Repository/Page_The Story and Evolution of Doodles - G_6e786d/h2_Weve created more than 5,000 Doodles ove_111429' is visible

17-06-2024T18:19:14 - [MESSAGE][PASSED] - Object 'Object Repository/Page_The Story and Evolution of Doodles - G_6e786d/h2_Weve created more than 5,000 Doodles ove_111429' is visible

17-06-2024T18:19:14 - [TEST_STEP][PASSED] - click(findTestObject("Object Repository/Page_The Story and Evolution of Doodles - G_6e786d/p_The first Doodle was a simple out-of-offi_345e61")): Object: 'Object Repository/Page_The Story and Evolution of Doodles - G_6e786d/p_The first Doodle was a simple out-of-offi_345e61' is clicked on

17-06-2024T18:19:15 - [MESSAGE][PASSED] - Object: 'Object Repository/Page_The Story and Evolution of Doodles - G_6e786d/p_The first Doodle was a simple out-of-offi_345e61' is clicked on

17-06-2024T18:19:15 - [TEST_STEP][PASSED] - verifyElementVisible(findTestObject("Object Repository/Page_The Story and Evolution of Doodles - G_6e786d/h1_The story behind Doodles")): Object 'Object Repository/Page_The Story and Evolution of Doodles - G_6e786d/h1_The story behind Doodles' is visible

17-06-2024T18:19:15 - [MESSAGE][PASSED] - Object 'Object Repository/Page_The Story and Evolution of Doodles - G_6e786d/h1_The story behind Doodles' is visible

17-06-2024T18:19:15 - [TEST_STEP][PASSED] - verifyElementVisible(findTestObject("Object Repository/Page_The Story and Evolution of Doodles - G_6e786d/p_The first Doodle was a simple out-of-offi_345e61")): Object 'Object Repository/Page_The Story and Evolution of Doodles - G_6e786d/p_The first Doodle was a simple out-of-offi_345e61' is visible

17-06-2024T18:19:15 - [MESSAGE][PASSED] - Object 'Object Repository/Page_The Story and Evolution of Doodles - G_6e786d/p_The first Doodle was a simple out-of-offi_345e61' is visible

17-06-2024T18:19:15 - [TEST_STEP][PASSED] - verifyElementVisible(findTestObject("Object Repository/Page_The Story and Evolution of Doodles - G_6e786d/h2_Weve created more than 5,000 Doodles ove_111429")): Object 'Object Repository/Page_The Story and Evolution of Doodles - G_6e786d/h2_Weve created more than 5,000 Doodles ove_111429' is visible

17-06-2024T18:19:16 - [MESSAGE][PASSED] - Object 'Object Repository/Page_The Story and Evolution of Doodles - G_6e786d/h2_Weve created more than 5,000 Doodles ove_111429' is visible

17-06-2024T18:19:16 - [TEST_STEP][PASSED] - click(findTestObject("Object Repository/Page_The Story and Evolution of Doodles - G_6e786d/p_The first Doodle was a simple out-of-offi_345e61")): Object: 'Object Repository/Page_The Story and Evolution of Doodles - G_6e786d/p_The first Doodle was a simple out-of-offi_345e61' is clicked on

17-06-2024T18:19:16 - [MESSAGE][PASSED] - Object: 'Object Repository/Page_The Story and Evolution of Doodles - G_6e786d/p_The first Doodle was a simple out-of-offi_345e61' is clicked on

17-06-2024T18:19:16 - [TEST_STEP][PASSED] - verifyElementVisible(findTestObject("Object Repository/Page_The Story and Evolution of Doodles - G_6e786d/h1_The story behind Doodles")): Object 'Object Repository/Page_The Story and Evolution of Doodles - G_6e786d/h1_The story behind Doodles' is visible

17-06-2024T18:19:16 - [MESSAGE][PASSED] - Object 'Object Repository/Page_The Story and Evolution of Doodles - G_6e786d/h1_The story behind Doodles' is visible

17-06-2024T18:19:16 - [TEST_STEP][PASSED] - verifyElementVisible(findTestObject("Object Repository/Page_The Story and Evolution of Doodles - G_6e786d/p_The first Doodle was a simple out-of-offi_345e61")): Object 'Object Repository/Page_The Story and Evolution of Doodles - G_6e786d/p_The first Doodle was a simple out-of-offi_345e61' is visible

17-06-2024T18:19:17 - [MESSAGE][PASSED] - Object 'Object Repository/Page_The Story and Evolution of Doodles - G_6e786d/p_The first Doodle was a simple out-of-offi_345e61' is visible

17-06-2024T18:19:17 - [TEST_STEP][PASSED] - verifyElementVisible(findTestObject("Object Repository/Page_The Story and Evolution of Doodles - G_6e786d/h2_Weve created more than 5,000 Doodles ove_111429")): Object 'Object Repository/Page_The Story and Evolution of Doodles - G_6e786d/h2_Weve created more than 5,000 Doodles ove_111429' is visible

17-06-2024T18:19:17 - [MESSAGE][PASSED] - Object 'Object Repository/Page_The Story and Evolution of Doodles - G_6e786d/h2_Weve created more than 5,000 Doodles ove_111429' is visible

17-06-2024T18:19:17 - [TEST_STEP][PASSED] - click(findTestObject("Object Repository/Page_The Story and Evolution of Doodles - G_6e786d/p_The first Doodle was a simple out-of-offi_345e61")): Object: 'Object Repository/Page_The Story and Evolution of Doodles - G_6e786d/p_The first Doodle was a simple out-of-offi_345e61' is clicked on

17-06-2024T18:19:17 - [MESSAGE][PASSED] - Object: 'Object Repository/Page_The Story and Evolution of Doodles - G_6e786d/p_The first Doodle was a simple out-of-offi_345e61' is clicked on

17-06-2024T18:19:17 - [TEST_STEP][PASSED] - verifyElementVisible(findTestObject("Object Repository/Page_The Story and Evolution of Doodles - G_6e786d/h1_The story behind Doodles")): Object 'Object Repository/Page_The Story and Evolution of Doodles - G_6e786d/h1_The story behind Doodles' is visible

17-06-2024T18:19:18 - [MESSAGE][PASSED] - Object 'Object Repository/Page_The Story and Evolution of Doodles - G_6e786d/h1_The story behind Doodles' is visible

17-06-2024T18:19:18 - [TEST_STEP][PASSED] - verifyElementVisible(findTestObject("Object Repository/Page_The Story and Evolution of Doodles - G_6e786d/p_The first Doodle was a simple out-of-offi_345e61")): Object 'Object Repository/Page_The Story and Evolution of Doodles - G_6e786d/p_The first Doodle was a simple out-of-offi_345e61' is visible

17-06-2024T18:19:18 - [MESSAGE][PASSED] - Object 'Object Repository/Page_The Story and Evolution of Doodles - G_6e786d/p_The first Doodle was a simple out-of-offi_345e61' is visible

17-06-2024T18:19:18 - [TEST_STEP][PASSED] - verifyElementVisible(findTestObject("Object Repository/Page_The Story and Evolution of Doodles - G_6e786d/h2_Weve created more than 5,000 Doodles ove_111429")): Object 'Object Repository/Page_The Story and Evolution of Doodles - G_6e786d/h2_Weve created more than 5,000 Doodles ove_111429' is visible

17-06-2024T18:19:18 - [MESSAGE][PASSED] - Object 'Object Repository/Page_The Story and Evolution of Doodles - G_6e786d/h2_Weve created more than 5,000 Doodles ove_111429' is visible

17-06-2024T18:19:18 - [TEST_STEP][PASSED] - click(findTestObject("Object Repository/Page_The Story and Evolution of Doodles - G_6e786d/p_The first Doodle was a simple out-of-offi_345e61")): Object: 'Object Repository/Page_The Story and Evolution of Doodles - G_6e786d/p_The first Doodle was a simple out-of-offi_345e61' is clicked on

17-06-2024T18:19:19 - [MESSAGE][PASSED] - Object: 'Object Repository/Page_The Story and Evolution of Doodles - G_6e786d/p_The first Doodle was a simple out-of-offi_345e61' is clicked on

17-06-2024T18:19:19 - [TEST_STEP][PASSED] - verifyElementVisible(findTestObject("Object Repository/Page_The Story and Evolution of Doodles - G_6e786d/h1_The story behind Doodles")): Object 'Object Repository/Page_The Story and Evolution of Doodles - G_6e786d/h1_The story behind Doodles' is visible

17-06-2024T18:19:19 - [MESSAGE][PASSED] - Object 'Object Repository/Page_The Story and Evolution of Doodles - G_6e786d/h1_The story behind Doodles' is visible

17-06-2024T18:19:19 - [TEST_STEP][PASSED] - verifyElementVisible(findTestObject("Object Repository/Page_The Story and Evolution of Doodles - G_6e786d/p_The first Doodle was a simple out-of-offi_345e61")): Object 'Object Repository/Page_The Story and Evolution of Doodles - G_6e786d/p_The first Doodle was a simple out-of-offi_345e61' is visible

17-06-2024T18:19:19 - [MESSAGE][PASSED] - Object 'Object Repository/Page_The Story and Evolution of Doodles - G_6e786d/p_The first Doodle was a simple out-of-offi_345e61' is visible

17-06-2024T18:19:19 - [TEST_STEP][PASSED] - verifyElementVisible(findTestObject("Object Repository/Page_The Story and Evolution of Doodles - G_6e786d/h2_Weve created more than 5,000 Doodles ove_111429")): Object 'Object Repository/Page_The Story and Evolution of Doodles - G_6e786d/h2_Weve created more than 5,000 Doodles ove_111429' is visible

17-06-2024T18:19:20 - [MESSAGE][PASSED] - Object 'Object Repository/Page_The Story and Evolution of Doodles - G_6e786d/h2_Weve created more than 5,000 Doodles ove_111429' is visible

17-06-2024T18:19:20 - [TEST_STEP][PASSED] - click(findTestObject("Object Repository/Page_The Story and Evolution of Doodles - G_6e786d/p_The first Doodle was a simple out-of-offi_345e61")): Object: 'Object Repository/Page_The Story and Evolution of Doodles - G_6e786d/p_The first Doodle was a simple out-of-offi_345e61' is clicked on

17-06-2024T18:19:20 - [MESSAGE][PASSED] - Object: 'Object Repository/Page_The Story and Evolution of Doodles - G_6e786d/p_The first Doodle was a simple out-of-offi_345e61' is clicked on

17-06-2024T18:19:20 - [TEST_STEP][PASSED] - verifyElementVisible(findTestObject("Object Repository/Page_The Story and Evolution of Doodles - G_6e786d/h1_The story behind Doodles")): Object 'Object Repository/Page_The Story and Evolution of Doodles - G_6e786d/h1_The story behind Doodles' is visible

17-06-2024T18:19:20 - [MESSAGE][PASSED] - Object 'Object Repository/Page_The Story and Evolution of Doodles - G_6e786d/h1_The story behind Doodles' is visible

17-06-2024T18:19:20 - [TEST_STEP][PASSED] - verifyElementVisible(findTestObject("Object Repository/Page_The Story and Evolution of Doodles - G_6e786d/p_The first Doodle was a simple out-of-offi_345e61")): Object 'Object Repository/Page_The Story and Evolution of Doodles - G_6e786d/p_The first Doodle was a simple out-of-offi_345e61' is visible

17-06-2024T18:19:21 - [MESSAGE][PASSED] - Object 'Object Repository/Page_The Story and Evolution of Doodles - G_6e786d/p_The first Doodle was a simple out-of-offi_345e61' is visible

17-06-2024T18:19:21 - [TEST_STEP][PASSED] - verifyElementVisible(findTestObject("Object Repository/Page_The Story and Evolution of Doodles - G_6e786d/h2_Weve created more than 5,000 Doodles ove_111429")): Object 'Object Repository/Page_The Story and Evolution of Doodles - G_6e786d/h2_Weve created more than 5,000 Doodles ove_111429' is visible

17-06-2024T18:19:21 - [MESSAGE][PASSED] - Object 'Object Repository/Page_The Story and Evolution of Doodles - G_6e786d/h2_Weve created more than 5,000 Doodles ove_111429' is visible

17-06-2024T18:19:21 - [TEST_STEP][PASSED] - click(findTestObject("Object Repository/Page_The Story and Evolution of Doodles - G_6e786d/p_The first Doodle was a simple out-of-offi_345e61")): Object: 'Object Repository/Page_The Story and Evolution of Doodles - G_6e786d/p_The first Doodle was a simple out-of-offi_345e61' is clicked on

17-06-2024T18:19:21 - [MESSAGE][PASSED] - Object: 'Object Repository/Page_The Story and Evolution of Doodles - G_6e786d/p_The first Doodle was a simple out-of-offi_345e61' is clicked on

17-06-2024T18:19:21 - [TEST_STEP][PASSED] - verifyElementVisible(findTestObject("Object Repository/Page_The Story and Evolution of Doodles - G_6e786d/h1_The story behind Doodles")): Object 'Object Repository/Page_The Story and Evolution of Doodles - G_6e786d/h1_The story behind Doodles' is visible

17-06-2024T18:19:22 - [MESSAGE][PASSED] - Object 'Object Repository/Page_The Story and Evolution of Doodles - G_6e786d/h1_The story behind Doodles' is visible

17-06-2024T18:19:22 - [TEST_STEP][PASSED] - verifyElementVisible(findTestObject("Object Repository/Page_The Story and Evolution of Doodles - G_6e786d/p_The first Doodle was a simple out-of-offi_345e61")): Object 'Object Repository/Page_The Story and Evolution of Doodles - G_6e786d/p_The first Doodle was a simple out-of-offi_345e61' is visible

17-06-2024T18:19:22 - [MESSAGE][PASSED] - Object 'Object Repository/Page_The Story and Evolution of Doodles - G_6e786d/p_The first Doodle was a simple out-of-offi_345e61' is visible

17-06-2024T18:19:22 - [TEST_STEP][PASSED] - verifyElementVisible(findTestObject("Object Repository/Page_The Story and Evolution of Doodles - G_6e786d/h2_Weve created more than 5,000 Doodles ove_111429")): Object 'Object Repository/Page_The Story and Evolution of Doodles - G_6e786d/h2_Weve created more than 5,000 Doodles ove_111429' is visible

17-06-2024T18:19:22 - [MESSAGE][PASSED] - Object 'Object Repository/Page_The Story and Evolution of Doodles - G_6e786d/h2_Weve created more than 5,000 Doodles ove_111429' is visible

17-06-2024T18:19:22 - [TEST_STEP][PASSED] - click(findTestObject("Object Repository/Page_The Story and Evolution of Doodles - G_6e786d/p_The first Doodle was a simple out-of-offi_345e61")): Object: 'Object Repository/Page_The Story and Evolution of Doodles - G_6e786d/p_The first Doodle was a simple out-of-offi_345e61' is clicked on

17-06-2024T18:19:23 - [MESSAGE][PASSED] - Object: 'Object Repository/Page_The Story and Evolution of Doodles - G_6e786d/p_The first Doodle was a simple out-of-offi_345e61' is clicked on

17-06-2024T18:19:23 - [TEST_STEP][PASSED] - verifyElementVisible(findTestObject("Object Repository/Page_The Story and Evolution of Doodles - G_6e786d/h1_The story behind Doodles")): Object 'Object Repository/Page_The Story and Evolution of Doodles - G_6e786d/h1_The story behind Doodles' is visible

17-06-2024T18:19:23 - [MESSAGE][PASSED] - Object 'Object Repository/Page_The Story and Evolution of Doodles - G_6e786d/h1_The story behind Doodles' is visible

17-06-2024T18:19:23 - [TEST_STEP][PASSED] - verifyElementVisible(findTestObject("Object Repository/Page_The Story and Evolution of Doodles - G_6e786d/p_The first Doodle was a simple out-of-offi_345e61")): Object 'Object Repository/Page_The Story and Evolution of Doodles - G_6e786d/p_The first Doodle was a simple out-of-offi_345e61' is visible

17-06-2024T18:19:23 - [MESSAGE][PASSED] - Object 'Object Repository/Page_The Story and Evolution of Doodles - G_6e786d/p_The first Doodle was a simple out-of-offi_345e61' is visible

17-06-2024T18:19:23 - [TEST_STEP][PASSED] - verifyElementVisible(findTestObject("Object Repository/Page_The Story and Evolution of Doodles - G_6e786d/h2_Weve created more than 5,000 Doodles ove_111429")): Object 'Object Repository/Page_The Story and Evolution of Doodles - G_6e786d/h2_Weve created more than 5,000 Doodles ove_111429' is visible

17-06-2024T18:19:24 - [MESSAGE][PASSED] - Object 'Object Repository/Page_The Story and Evolution of Doodles - G_6e786d/h2_Weve created more than 5,000 Doodles ove_111429' is visible

17-06-2024T18:19:24 - [TEST_STEP][PASSED] - click(findTestObject("Object Repository/Page_The Story and Evolution of Doodles - G_6e786d/p_The first Doodle was a simple out-of-offi_345e61")): Object: 'Object Repository/Page_The Story and Evolution of Doodles - G_6e786d/p_The first Doodle was a simple out-of-offi_345e61' is clicked on

17-06-2024T18:19:24 - [MESSAGE][PASSED] - Object: 'Object Repository/Page_The Story and Evolution of Doodles - G_6e786d/p_The first Doodle was a simple out-of-offi_345e61' is clicked on

17-06-2024T18:19:24 - [TEST_STEP][PASSED] - verifyElementVisible(findTestObject("Object Repository/Page_The Story and Evolution of Doodles - G_6e786d/h1_The story behind Doodles")): Object 'Object Repository/Page_The Story and Evolution of Doodles - G_6e786d/h1_The story behind Doodles' is visible

17-06-2024T18:19:24 - [MESSAGE][PASSED] - Object 'Object Repository/Page_The Story and Evolution of Doodles - G_6e786d/h1_The story behind Doodles' is visible

17-06-2024T18:19:24 - [TEST_STEP][PASSED] - verifyElementVisible(findTestObject("Object Repository/Page_The Story and Evolution of Doodles - G_6e786d/p_The first Doodle was a simple out-of-offi_345e61")): Object 'Object Repository/Page_The Story and Evolution of Doodles - G_6e786d/p_The first Doodle was a simple out-of-offi_345e61' is visible

17-06-2024T18:19:25 - [MESSAGE][PASSED] - Object 'Object Repository/Page_The Story and Evolution of Doodles - G_6e786d/p_The first Doodle was a simple out-of-offi_345e61' is visible

17-06-2024T18:19:25 - [TEST_STEP][PASSED] - verifyElementVisible(findTestObject("Object Repository/Page_The Story and Evolution of Doodles - G_6e786d/h2_Weve created more than 5,000 Doodles ove_111429")): Object 'Object Repository/Page_The Story and Evolution of Doodles - G_6e786d/h2_Weve created more than 5,000 Doodles ove_111429' is visible

17-06-2024T18:19:25 - [MESSAGE][PASSED] - Object 'Object Repository/Page_The Story and Evolution of Doodles - G_6e786d/h2_Weve created more than 5,000 Doodles ove_111429' is visible

17-06-2024T18:19:25 - [TEST_STEP][PASSED] - click(findTestObject("Object Repository/Page_The Story and Evolution of Doodles - G_6e786d/p_The first Doodle was a simple out-of-offi_345e61")): Object: 'Object Repository/Page_The Story and Evolution of Doodles - G_6e786d/p_The first Doodle was a simple out-of-offi_345e61' is clicked on

17-06-2024T18:19:25 - [MESSAGE][PASSED] - Object: 'Object Repository/Page_The Story and Evolution of Doodles - G_6e786d/p_The first Doodle was a simple out-of-offi_345e61' is clicked on

17-06-2024T18:19:25 - [TEST_STEP][PASSED] - verifyElementVisible(findTestObject("Object Repository/Page_The Story and Evolution of Doodles - G_6e786d/h1_The story behind Doodles")): Object 'Object Repository/Page_The Story and Evolution of Doodles - G_6e786d/h1_The story behind Doodles' is visible

17-06-2024T18:19:26 - [MESSAGE][PASSED] - Object 'Object Repository/Page_The Story and Evolution of Doodles - G_6e786d/h1_The story behind Doodles' is visible

17-06-2024T18:19:26 - [TEST_STEP][PASSED] - verifyElementVisible(findTestObject("Object Repository/Page_The Story and Evolution of Doodles - G_6e786d/p_The first Doodle was a simple out-of-offi_345e61")): Object 'Object Repository/Page_The Story and Evolution of Doodles - G_6e786d/p_The first Doodle was a simple out-of-offi_345e61' is visible

17-06-2024T18:19:26 - [MESSAGE][PASSED] - Object 'Object Repository/Page_The Story and Evolution of Doodles - G_6e786d/p_The first Doodle was a simple out-of-offi_345e61' is visible

17-06-2024T18:19:26 - [TEST_STEP][PASSED] - verifyElementVisible(findTestObject("Object Repository/Page_The Story and Evolution of Doodles - G_6e786d/h2_Weve created more than 5,000 Doodles ove_111429")): Object 'Object Repository/Page_The Story and Evolution of Doodles - G_6e786d/h2_Weve created more than 5,000 Doodles ove_111429' is visible

17-06-2024T18:19:27 - [MESSAGE][PASSED] - Object 'Object Repository/Page_The Story and Evolution of Doodles - G_6e786d/h2_Weve created more than 5,000 Doodles ove_111429' is visible]]></system-out>
         <system-err><![CDATA[]]></system-err>
      </testcase>
      <testcase name="Test Cases/test case folder 1/tc1 - Copy (2) - Copy (4)" time="18.741" classname="Test Cases/test case folder 1/tc1 - Copy (2) - Copy (4)" status="PASSED">
         <system-out><![CDATA[17-06-2024T18:19:27 - [TEST_CASE][PASSED] - Test Cases/test case folder 1/tc1 - Copy (2) - Copy (4): Test Cases/test case folder 1/tc1 - Copy (2) - Copy (4)

17-06-2024T18:19:27 - [TEST_STEP][PASSED] - openBrowser(""): Browser is opened with url: ''

17-06-2024T18:19:27 - [MESSAGE][WARNING] - A browser is already opened. Closing browser and opening a new one

17-06-2024T18:19:27 - [MESSAGE][INFO] - Starting 'Chrome (headless)' driver

17-06-2024T18:19:27 - [MESSAGE][INFO] - Action delay is set to 0 milliseconds

17-06-2024T18:19:28 - [MESSAGE][PASSED] - Browser is opened with url: ''

17-06-2024T18:19:28 - [TEST_STEP][PASSED] - navigateToUrl("https://doodles.google/about/"): Navigate to 'https://doodles.google/about/' successfully

17-06-2024T18:19:30 - [MESSAGE][PASSED] - Navigate to 'https://doodles.google/about/' successfully

17-06-2024T18:19:30 - [TEST_STEP][PASSED] - click(findTestObject("Object Repository/Page_The Story and Evolution of Doodles - G_6e786d/p_The first Doodle was a simple out-of-offi_345e61")): Object: 'Object Repository/Page_The Story and Evolution of Doodles - G_6e786d/p_The first Doodle was a simple out-of-offi_345e61' is clicked on

17-06-2024T18:19:31 - [MESSAGE][PASSED] - Object: 'Object Repository/Page_The Story and Evolution of Doodles - G_6e786d/p_The first Doodle was a simple out-of-offi_345e61' is clicked on

17-06-2024T18:19:31 - [TEST_STEP][PASSED] - click(findTestObject("Object Repository/Page_The Story and Evolution of Doodles - G_6e786d/p_The first Doodle was a simple out-of-offi_345e61")): Object: 'Object Repository/Page_The Story and Evolution of Doodles - G_6e786d/p_The first Doodle was a simple out-of-offi_345e61' is clicked on

17-06-2024T18:19:31 - [MESSAGE][PASSED] - Object: 'Object Repository/Page_The Story and Evolution of Doodles - G_6e786d/p_The first Doodle was a simple out-of-offi_345e61' is clicked on

17-06-2024T18:19:31 - [TEST_STEP][PASSED] - verifyElementVisible(findTestObject("Object Repository/Page_The Story and Evolution of Doodles - G_6e786d/h1_The story behind Doodles")): Object 'Object Repository/Page_The Story and Evolution of Doodles - G_6e786d/h1_The story behind Doodles' is visible

17-06-2024T18:19:31 - [MESSAGE][PASSED] - Object 'Object Repository/Page_The Story and Evolution of Doodles - G_6e786d/h1_The story behind Doodles' is visible

17-06-2024T18:19:31 - [TEST_STEP][PASSED] - verifyElementVisible(findTestObject("Object Repository/Page_The Story and Evolution of Doodles - G_6e786d/p_The first Doodle was a simple out-of-offi_345e61")): Object 'Object Repository/Page_The Story and Evolution of Doodles - G_6e786d/p_The first Doodle was a simple out-of-offi_345e61' is visible

17-06-2024T18:19:32 - [MESSAGE][PASSED] - Object 'Object Repository/Page_The Story and Evolution of Doodles - G_6e786d/p_The first Doodle was a simple out-of-offi_345e61' is visible

17-06-2024T18:19:32 - [TEST_STEP][PASSED] - verifyElementVisible(findTestObject("Object Repository/Page_The Story and Evolution of Doodles - G_6e786d/h2_Weve created more than 5,000 Doodles ove_111429")): Object 'Object Repository/Page_The Story and Evolution of Doodles - G_6e786d/h2_Weve created more than 5,000 Doodles ove_111429' is visible

17-06-2024T18:19:32 - [MESSAGE][PASSED] - Object 'Object Repository/Page_The Story and Evolution of Doodles - G_6e786d/h2_Weve created more than 5,000 Doodles ove_111429' is visible

17-06-2024T18:19:32 - [TEST_STEP][PASSED] - verifyElementVisible(findTestObject("Object Repository/Page_The Story and Evolution of Doodles - G_6e786d/h1_The story behind Doodles")): Object 'Object Repository/Page_The Story and Evolution of Doodles - G_6e786d/h1_The story behind Doodles' is visible

17-06-2024T18:19:32 - [MESSAGE][PASSED] - Object 'Object Repository/Page_The Story and Evolution of Doodles - G_6e786d/h1_The story behind Doodles' is visible

17-06-2024T18:19:32 - [TEST_STEP][PASSED] - verifyElementVisible(findTestObject("Object Repository/Page_The Story and Evolution of Doodles - G_6e786d/p_The first Doodle was a simple out-of-offi_345e61")): Object 'Object Repository/Page_The Story and Evolution of Doodles - G_6e786d/p_The first Doodle was a simple out-of-offi_345e61' is visible

17-06-2024T18:19:33 - [MESSAGE][PASSED] - Object 'Object Repository/Page_The Story and Evolution of Doodles - G_6e786d/p_The first Doodle was a simple out-of-offi_345e61' is visible

17-06-2024T18:19:33 - [TEST_STEP][PASSED] - verifyElementVisible(findTestObject("Object Repository/Page_The Story and Evolution of Doodles - G_6e786d/h2_Weve created more than 5,000 Doodles ove_111429")): Object 'Object Repository/Page_The Story and Evolution of Doodles - G_6e786d/h2_Weve created more than 5,000 Doodles ove_111429' is visible

17-06-2024T18:19:33 - [MESSAGE][PASSED] - Object 'Object Repository/Page_The Story and Evolution of Doodles - G_6e786d/h2_Weve created more than 5,000 Doodles ove_111429' is visible

17-06-2024T18:19:33 - [TEST_STEP][PASSED] - click(findTestObject("Object Repository/Page_The Story and Evolution of Doodles - G_6e786d/p_The first Doodle was a simple out-of-offi_345e61")): Object: 'Object Repository/Page_The Story and Evolution of Doodles - G_6e786d/p_The first Doodle was a simple out-of-offi_345e61' is clicked on

17-06-2024T18:19:33 - [MESSAGE][PASSED] - Object: 'Object Repository/Page_The Story and Evolution of Doodles - G_6e786d/p_The first Doodle was a simple out-of-offi_345e61' is clicked on

17-06-2024T18:19:33 - [TEST_STEP][PASSED] - verifyElementVisible(findTestObject("Object Repository/Page_The Story and Evolution of Doodles - G_6e786d/h1_The story behind Doodles")): Object 'Object Repository/Page_The Story and Evolution of Doodles - G_6e786d/h1_The story behind Doodles' is visible

17-06-2024T18:19:34 - [MESSAGE][PASSED] - Object 'Object Repository/Page_The Story and Evolution of Doodles - G_6e786d/h1_The story behind Doodles' is visible

17-06-2024T18:19:34 - [TEST_STEP][PASSED] - verifyElementVisible(findTestObject("Object Repository/Page_The Story and Evolution of Doodles - G_6e786d/p_The first Doodle was a simple out-of-offi_345e61")): Object 'Object Repository/Page_The Story and Evolution of Doodles - G_6e786d/p_The first Doodle was a simple out-of-offi_345e61' is visible

17-06-2024T18:19:34 - [MESSAGE][PASSED] - Object 'Object Repository/Page_The Story and Evolution of Doodles - G_6e786d/p_The first Doodle was a simple out-of-offi_345e61' is visible

17-06-2024T18:19:34 - [TEST_STEP][PASSED] - verifyElementVisible(findTestObject("Object Repository/Page_The Story and Evolution of Doodles - G_6e786d/h2_Weve created more than 5,000 Doodles ove_111429")): Object 'Object Repository/Page_The Story and Evolution of Doodles - G_6e786d/h2_Weve created more than 5,000 Doodles ove_111429' is visible

17-06-2024T18:19:34 - [MESSAGE][PASSED] - Object 'Object Repository/Page_The Story and Evolution of Doodles - G_6e786d/h2_Weve created more than 5,000 Doodles ove_111429' is visible

17-06-2024T18:19:34 - [TEST_STEP][PASSED] - click(findTestObject("Object Repository/Page_The Story and Evolution of Doodles - G_6e786d/p_The first Doodle was a simple out-of-offi_345e61")): Object: 'Object Repository/Page_The Story and Evolution of Doodles - G_6e786d/p_The first Doodle was a simple out-of-offi_345e61' is clicked on

17-06-2024T18:19:35 - [MESSAGE][PASSED] - Object: 'Object Repository/Page_The Story and Evolution of Doodles - G_6e786d/p_The first Doodle was a simple out-of-offi_345e61' is clicked on

17-06-2024T18:19:35 - [TEST_STEP][PASSED] - verifyElementVisible(findTestObject("Object Repository/Page_The Story and Evolution of Doodles - G_6e786d/h1_The story behind Doodles")): Object 'Object Repository/Page_The Story and Evolution of Doodles - G_6e786d/h1_The story behind Doodles' is visible

17-06-2024T18:19:35 - [MESSAGE][PASSED] - Object 'Object Repository/Page_The Story and Evolution of Doodles - G_6e786d/h1_The story behind Doodles' is visible

17-06-2024T18:19:35 - [TEST_STEP][PASSED] - verifyElementVisible(findTestObject("Object Repository/Page_The Story and Evolution of Doodles - G_6e786d/p_The first Doodle was a simple out-of-offi_345e61")): Object 'Object Repository/Page_The Story and Evolution of Doodles - G_6e786d/p_The first Doodle was a simple out-of-offi_345e61' is visible

17-06-2024T18:19:35 - [MESSAGE][PASSED] - Object 'Object Repository/Page_The Story and Evolution of Doodles - G_6e786d/p_The first Doodle was a simple out-of-offi_345e61' is visible

17-06-2024T18:19:35 - [TEST_STEP][PASSED] - verifyElementVisible(findTestObject("Object Repository/Page_The Story and Evolution of Doodles - G_6e786d/h2_Weve created more than 5,000 Doodles ove_111429")): Object 'Object Repository/Page_The Story and Evolution of Doodles - G_6e786d/h2_Weve created more than 5,000 Doodles ove_111429' is visible

17-06-2024T18:19:36 - [MESSAGE][PASSED] - Object 'Object Repository/Page_The Story and Evolution of Doodles - G_6e786d/h2_Weve created more than 5,000 Doodles ove_111429' is visible

17-06-2024T18:19:36 - [TEST_STEP][PASSED] - click(findTestObject("Object Repository/Page_The Story and Evolution of Doodles - G_6e786d/p_The first Doodle was a simple out-of-offi_345e61")): Object: 'Object Repository/Page_The Story and Evolution of Doodles - G_6e786d/p_The first Doodle was a simple out-of-offi_345e61' is clicked on

17-06-2024T18:19:36 - [MESSAGE][PASSED] - Object: 'Object Repository/Page_The Story and Evolution of Doodles - G_6e786d/p_The first Doodle was a simple out-of-offi_345e61' is clicked on

17-06-2024T18:19:36 - [TEST_STEP][PASSED] - verifyElementVisible(findTestObject("Object Repository/Page_The Story and Evolution of Doodles - G_6e786d/h1_The story behind Doodles")): Object 'Object Repository/Page_The Story and Evolution of Doodles - G_6e786d/h1_The story behind Doodles' is visible

17-06-2024T18:19:36 - [MESSAGE][PASSED] - Object 'Object Repository/Page_The Story and Evolution of Doodles - G_6e786d/h1_The story behind Doodles' is visible

17-06-2024T18:19:36 - [TEST_STEP][PASSED] - verifyElementVisible(findTestObject("Object Repository/Page_The Story and Evolution of Doodles - G_6e786d/p_The first Doodle was a simple out-of-offi_345e61")): Object 'Object Repository/Page_The Story and Evolution of Doodles - G_6e786d/p_The first Doodle was a simple out-of-offi_345e61' is visible

17-06-2024T18:19:37 - [MESSAGE][PASSED] - Object 'Object Repository/Page_The Story and Evolution of Doodles - G_6e786d/p_The first Doodle was a simple out-of-offi_345e61' is visible

17-06-2024T18:19:37 - [TEST_STEP][PASSED] - verifyElementVisible(findTestObject("Object Repository/Page_The Story and Evolution of Doodles - G_6e786d/h2_Weve created more than 5,000 Doodles ove_111429")): Object 'Object Repository/Page_The Story and Evolution of Doodles - G_6e786d/h2_Weve created more than 5,000 Doodles ove_111429' is visible

17-06-2024T18:19:37 - [MESSAGE][PASSED] - Object 'Object Repository/Page_The Story and Evolution of Doodles - G_6e786d/h2_Weve created more than 5,000 Doodles ove_111429' is visible

17-06-2024T18:19:37 - [TEST_STEP][PASSED] - click(findTestObject("Object Repository/Page_The Story and Evolution of Doodles - G_6e786d/p_The first Doodle was a simple out-of-offi_345e61")): Object: 'Object Repository/Page_The Story and Evolution of Doodles - G_6e786d/p_The first Doodle was a simple out-of-offi_345e61' is clicked on

17-06-2024T18:19:37 - [MESSAGE][PASSED] - Object: 'Object Repository/Page_The Story and Evolution of Doodles - G_6e786d/p_The first Doodle was a simple out-of-offi_345e61' is clicked on

17-06-2024T18:19:37 - [TEST_STEP][PASSED] - verifyElementVisible(findTestObject("Object Repository/Page_The Story and Evolution of Doodles - G_6e786d/h1_The story behind Doodles")): Object 'Object Repository/Page_The Story and Evolution of Doodles - G_6e786d/h1_The story behind Doodles' is visible

17-06-2024T18:19:38 - [MESSAGE][PASSED] - Object 'Object Repository/Page_The Story and Evolution of Doodles - G_6e786d/h1_The story behind Doodles' is visible

17-06-2024T18:19:38 - [TEST_STEP][PASSED] - verifyElementVisible(findTestObject("Object Repository/Page_The Story and Evolution of Doodles - G_6e786d/p_The first Doodle was a simple out-of-offi_345e61")): Object 'Object Repository/Page_The Story and Evolution of Doodles - G_6e786d/p_The first Doodle was a simple out-of-offi_345e61' is visible

17-06-2024T18:19:38 - [MESSAGE][PASSED] - Object 'Object Repository/Page_The Story and Evolution of Doodles - G_6e786d/p_The first Doodle was a simple out-of-offi_345e61' is visible

17-06-2024T18:19:38 - [TEST_STEP][PASSED] - verifyElementVisible(findTestObject("Object Repository/Page_The Story and Evolution of Doodles - G_6e786d/h2_Weve created more than 5,000 Doodles ove_111429")): Object 'Object Repository/Page_The Story and Evolution of Doodles - G_6e786d/h2_Weve created more than 5,000 Doodles ove_111429' is visible

17-06-2024T18:19:38 - [MESSAGE][PASSED] - Object 'Object Repository/Page_The Story and Evolution of Doodles - G_6e786d/h2_Weve created more than 5,000 Doodles ove_111429' is visible

17-06-2024T18:19:38 - [TEST_STEP][PASSED] - click(findTestObject("Object Repository/Page_The Story and Evolution of Doodles - G_6e786d/p_The first Doodle was a simple out-of-offi_345e61")): Object: 'Object Repository/Page_The Story and Evolution of Doodles - G_6e786d/p_The first Doodle was a simple out-of-offi_345e61' is clicked on

17-06-2024T18:19:39 - [MESSAGE][PASSED] - Object: 'Object Repository/Page_The Story and Evolution of Doodles - G_6e786d/p_The first Doodle was a simple out-of-offi_345e61' is clicked on

17-06-2024T18:19:39 - [TEST_STEP][PASSED] - verifyElementVisible(findTestObject("Object Repository/Page_The Story and Evolution of Doodles - G_6e786d/h1_The story behind Doodles")): Object 'Object Repository/Page_The Story and Evolution of Doodles - G_6e786d/h1_The story behind Doodles' is visible

17-06-2024T18:19:39 - [MESSAGE][PASSED] - Object 'Object Repository/Page_The Story and Evolution of Doodles - G_6e786d/h1_The story behind Doodles' is visible

17-06-2024T18:19:39 - [TEST_STEP][PASSED] - verifyElementVisible(findTestObject("Object Repository/Page_The Story and Evolution of Doodles - G_6e786d/p_The first Doodle was a simple out-of-offi_345e61")): Object 'Object Repository/Page_The Story and Evolution of Doodles - G_6e786d/p_The first Doodle was a simple out-of-offi_345e61' is visible

17-06-2024T18:19:39 - [MESSAGE][PASSED] - Object 'Object Repository/Page_The Story and Evolution of Doodles - G_6e786d/p_The first Doodle was a simple out-of-offi_345e61' is visible

17-06-2024T18:19:39 - [TEST_STEP][PASSED] - verifyElementVisible(findTestObject("Object Repository/Page_The Story and Evolution of Doodles - G_6e786d/h2_Weve created more than 5,000 Doodles ove_111429")): Object 'Object Repository/Page_The Story and Evolution of Doodles - G_6e786d/h2_Weve created more than 5,000 Doodles ove_111429' is visible

17-06-2024T18:19:40 - [MESSAGE][PASSED] - Object 'Object Repository/Page_The Story and Evolution of Doodles - G_6e786d/h2_Weve created more than 5,000 Doodles ove_111429' is visible

17-06-2024T18:19:40 - [TEST_STEP][PASSED] - click(findTestObject("Object Repository/Page_The Story and Evolution of Doodles - G_6e786d/p_The first Doodle was a simple out-of-offi_345e61")): Object: 'Object Repository/Page_The Story and Evolution of Doodles - G_6e786d/p_The first Doodle was a simple out-of-offi_345e61' is clicked on

17-06-2024T18:19:40 - [MESSAGE][PASSED] - Object: 'Object Repository/Page_The Story and Evolution of Doodles - G_6e786d/p_The first Doodle was a simple out-of-offi_345e61' is clicked on

17-06-2024T18:19:40 - [TEST_STEP][PASSED] - verifyElementVisible(findTestObject("Object Repository/Page_The Story and Evolution of Doodles - G_6e786d/h1_The story behind Doodles")): Object 'Object Repository/Page_The Story and Evolution of Doodles - G_6e786d/h1_The story behind Doodles' is visible

17-06-2024T18:19:40 - [MESSAGE][PASSED] - Object 'Object Repository/Page_The Story and Evolution of Doodles - G_6e786d/h1_The story behind Doodles' is visible

17-06-2024T18:19:40 - [TEST_STEP][PASSED] - verifyElementVisible(findTestObject("Object Repository/Page_The Story and Evolution of Doodles - G_6e786d/p_The first Doodle was a simple out-of-offi_345e61")): Object 'Object Repository/Page_The Story and Evolution of Doodles - G_6e786d/p_The first Doodle was a simple out-of-offi_345e61' is visible

17-06-2024T18:19:41 - [MESSAGE][PASSED] - Object 'Object Repository/Page_The Story and Evolution of Doodles - G_6e786d/p_The first Doodle was a simple out-of-offi_345e61' is visible

17-06-2024T18:19:41 - [TEST_STEP][PASSED] - verifyElementVisible(findTestObject("Object Repository/Page_The Story and Evolution of Doodles - G_6e786d/h2_Weve created more than 5,000 Doodles ove_111429")): Object 'Object Repository/Page_The Story and Evolution of Doodles - G_6e786d/h2_Weve created more than 5,000 Doodles ove_111429' is visible

17-06-2024T18:19:41 - [MESSAGE][PASSED] - Object 'Object Repository/Page_The Story and Evolution of Doodles - G_6e786d/h2_Weve created more than 5,000 Doodles ove_111429' is visible

17-06-2024T18:19:41 - [TEST_STEP][PASSED] - click(findTestObject("Object Repository/Page_The Story and Evolution of Doodles - G_6e786d/p_The first Doodle was a simple out-of-offi_345e61")): Object: 'Object Repository/Page_The Story and Evolution of Doodles - G_6e786d/p_The first Doodle was a simple out-of-offi_345e61' is clicked on

17-06-2024T18:19:42 - [MESSAGE][PASSED] - Object: 'Object Repository/Page_The Story and Evolution of Doodles - G_6e786d/p_The first Doodle was a simple out-of-offi_345e61' is clicked on

17-06-2024T18:19:42 - [TEST_STEP][PASSED] - verifyElementVisible(findTestObject("Object Repository/Page_The Story and Evolution of Doodles - G_6e786d/h1_The story behind Doodles")): Object 'Object Repository/Page_The Story and Evolution of Doodles - G_6e786d/h1_The story behind Doodles' is visible

17-06-2024T18:19:42 - [MESSAGE][PASSED] - Object 'Object Repository/Page_The Story and Evolution of Doodles - G_6e786d/h1_The story behind Doodles' is visible

17-06-2024T18:19:42 - [TEST_STEP][PASSED] - verifyElementVisible(findTestObject("Object Repository/Page_The Story and Evolution of Doodles - G_6e786d/p_The first Doodle was a simple out-of-offi_345e61")): Object 'Object Repository/Page_The Story and Evolution of Doodles - G_6e786d/p_The first Doodle was a simple out-of-offi_345e61' is visible

17-06-2024T18:19:42 - [MESSAGE][PASSED] - Object 'Object Repository/Page_The Story and Evolution of Doodles - G_6e786d/p_The first Doodle was a simple out-of-offi_345e61' is visible

17-06-2024T18:19:42 - [TEST_STEP][PASSED] - verifyElementVisible(findTestObject("Object Repository/Page_The Story and Evolution of Doodles - G_6e786d/h2_Weve created more than 5,000 Doodles ove_111429")): Object 'Object Repository/Page_The Story and Evolution of Doodles - G_6e786d/h2_Weve created more than 5,000 Doodles ove_111429' is visible

17-06-2024T18:19:43 - [MESSAGE][PASSED] - Object 'Object Repository/Page_The Story and Evolution of Doodles - G_6e786d/h2_Weve created more than 5,000 Doodles ove_111429' is visible

17-06-2024T18:19:43 - [TEST_STEP][PASSED] - click(findTestObject("Object Repository/Page_The Story and Evolution of Doodles - G_6e786d/p_The first Doodle was a simple out-of-offi_345e61")): Object: 'Object Repository/Page_The Story and Evolution of Doodles - G_6e786d/p_The first Doodle was a simple out-of-offi_345e61' is clicked on

17-06-2024T18:19:43 - [MESSAGE][PASSED] - Object: 'Object Repository/Page_The Story and Evolution of Doodles - G_6e786d/p_The first Doodle was a simple out-of-offi_345e61' is clicked on

17-06-2024T18:19:43 - [TEST_STEP][PASSED] - verifyElementVisible(findTestObject("Object Repository/Page_The Story and Evolution of Doodles - G_6e786d/h1_The story behind Doodles")): Object 'Object Repository/Page_The Story and Evolution of Doodles - G_6e786d/h1_The story behind Doodles' is visible

17-06-2024T18:19:43 - [MESSAGE][PASSED] - Object 'Object Repository/Page_The Story and Evolution of Doodles - G_6e786d/h1_The story behind Doodles' is visible

17-06-2024T18:19:43 - [TEST_STEP][PASSED] - verifyElementVisible(findTestObject("Object Repository/Page_The Story and Evolution of Doodles - G_6e786d/p_The first Doodle was a simple out-of-offi_345e61")): Object 'Object Repository/Page_The Story and Evolution of Doodles - G_6e786d/p_The first Doodle was a simple out-of-offi_345e61' is visible

17-06-2024T18:19:44 - [MESSAGE][PASSED] - Object 'Object Repository/Page_The Story and Evolution of Doodles - G_6e786d/p_The first Doodle was a simple out-of-offi_345e61' is visible

17-06-2024T18:19:44 - [TEST_STEP][PASSED] - verifyElementVisible(findTestObject("Object Repository/Page_The Story and Evolution of Doodles - G_6e786d/h2_Weve created more than 5,000 Doodles ove_111429")): Object 'Object Repository/Page_The Story and Evolution of Doodles - G_6e786d/h2_Weve created more than 5,000 Doodles ove_111429' is visible

17-06-2024T18:19:44 - [MESSAGE][PASSED] - Object 'Object Repository/Page_The Story and Evolution of Doodles - G_6e786d/h2_Weve created more than 5,000 Doodles ove_111429' is visible

17-06-2024T18:19:44 - [TEST_STEP][PASSED] - click(findTestObject("Object Repository/Page_The Story and Evolution of Doodles - G_6e786d/p_The first Doodle was a simple out-of-offi_345e61")): Object: 'Object Repository/Page_The Story and Evolution of Doodles - G_6e786d/p_The first Doodle was a simple out-of-offi_345e61' is clicked on

17-06-2024T18:19:44 - [MESSAGE][PASSED] - Object: 'Object Repository/Page_The Story and Evolution of Doodles - G_6e786d/p_The first Doodle was a simple out-of-offi_345e61' is clicked on

17-06-2024T18:19:44 - [TEST_STEP][PASSED] - verifyElementVisible(findTestObject("Object Repository/Page_The Story and Evolution of Doodles - G_6e786d/h1_The story behind Doodles")): Object 'Object Repository/Page_The Story and Evolution of Doodles - G_6e786d/h1_The story behind Doodles' is visible

17-06-2024T18:19:45 - [MESSAGE][PASSED] - Object 'Object Repository/Page_The Story and Evolution of Doodles - G_6e786d/h1_The story behind Doodles' is visible

17-06-2024T18:19:45 - [TEST_STEP][PASSED] - verifyElementVisible(findTestObject("Object Repository/Page_The Story and Evolution of Doodles - G_6e786d/p_The first Doodle was a simple out-of-offi_345e61")): Object 'Object Repository/Page_The Story and Evolution of Doodles - G_6e786d/p_The first Doodle was a simple out-of-offi_345e61' is visible

17-06-2024T18:19:45 - [MESSAGE][PASSED] - Object 'Object Repository/Page_The Story and Evolution of Doodles - G_6e786d/p_The first Doodle was a simple out-of-offi_345e61' is visible

17-06-2024T18:19:45 - [TEST_STEP][PASSED] - verifyElementVisible(findTestObject("Object Repository/Page_The Story and Evolution of Doodles - G_6e786d/h2_Weve created more than 5,000 Doodles ove_111429")): Object 'Object Repository/Page_The Story and Evolution of Doodles - G_6e786d/h2_Weve created more than 5,000 Doodles ove_111429' is visible

17-06-2024T18:19:45 - [MESSAGE][PASSED] - Object 'Object Repository/Page_The Story and Evolution of Doodles - G_6e786d/h2_Weve created more than 5,000 Doodles ove_111429' is visible]]></system-out>
         <system-err><![CDATA[]]></system-err>
      </testcase>
      <testcase name="Test Cases/test case folder 1/tc1 - Copy (2) - Copy (5)" time="19.78" classname="Test Cases/test case folder 1/tc1 - Copy (2) - Copy (5)" status="PASSED">
         <system-out><![CDATA[17-06-2024T18:19:45 - [TEST_CASE][PASSED] - Test Cases/test case folder 1/tc1 - Copy (2) - Copy (5): Test Cases/test case folder 1/tc1 - Copy (2) - Copy (5)

17-06-2024T18:19:45 - [TEST_STEP][PASSED] - openBrowser(""): Browser is opened with url: ''

17-06-2024T18:19:45 - [MESSAGE][WARNING] - A browser is already opened. Closing browser and opening a new one

17-06-2024T18:19:46 - [MESSAGE][INFO] - Starting 'Chrome (headless)' driver

17-06-2024T18:19:46 - [MESSAGE][INFO] - Action delay is set to 0 milliseconds

17-06-2024T18:19:47 - [MESSAGE][PASSED] - Browser is opened with url: ''

17-06-2024T18:19:47 - [TEST_STEP][PASSED] - navigateToUrl("https://doodles.google/about/"): Navigate to 'https://doodles.google/about/' successfully

17-06-2024T18:19:50 - [MESSAGE][PASSED] - Navigate to 'https://doodles.google/about/' successfully

17-06-2024T18:19:50 - [TEST_STEP][PASSED] - click(findTestObject("Object Repository/Page_The Story and Evolution of Doodles - G_6e786d/p_The first Doodle was a simple out-of-offi_345e61")): Object: 'Object Repository/Page_The Story and Evolution of Doodles - G_6e786d/p_The first Doodle was a simple out-of-offi_345e61' is clicked on

17-06-2024T18:19:50 - [MESSAGE][PASSED] - Object: 'Object Repository/Page_The Story and Evolution of Doodles - G_6e786d/p_The first Doodle was a simple out-of-offi_345e61' is clicked on

17-06-2024T18:19:50 - [TEST_STEP][PASSED] - click(findTestObject("Object Repository/Page_The Story and Evolution of Doodles - G_6e786d/p_The first Doodle was a simple out-of-offi_345e61")): Object: 'Object Repository/Page_The Story and Evolution of Doodles - G_6e786d/p_The first Doodle was a simple out-of-offi_345e61' is clicked on

17-06-2024T18:19:50 - [MESSAGE][PASSED] - Object: 'Object Repository/Page_The Story and Evolution of Doodles - G_6e786d/p_The first Doodle was a simple out-of-offi_345e61' is clicked on

17-06-2024T18:19:50 - [TEST_STEP][PASSED] - verifyElementVisible(findTestObject("Object Repository/Page_The Story and Evolution of Doodles - G_6e786d/h1_The story behind Doodles")): Object 'Object Repository/Page_The Story and Evolution of Doodles - G_6e786d/h1_The story behind Doodles' is visible

17-06-2024T18:19:51 - [MESSAGE][PASSED] - Object 'Object Repository/Page_The Story and Evolution of Doodles - G_6e786d/h1_The story behind Doodles' is visible

17-06-2024T18:19:51 - [TEST_STEP][PASSED] - verifyElementVisible(findTestObject("Object Repository/Page_The Story and Evolution of Doodles - G_6e786d/p_The first Doodle was a simple out-of-offi_345e61")): Object 'Object Repository/Page_The Story and Evolution of Doodles - G_6e786d/p_The first Doodle was a simple out-of-offi_345e61' is visible

17-06-2024T18:19:51 - [MESSAGE][PASSED] - Object 'Object Repository/Page_The Story and Evolution of Doodles - G_6e786d/p_The first Doodle was a simple out-of-offi_345e61' is visible

17-06-2024T18:19:51 - [TEST_STEP][PASSED] - verifyElementVisible(findTestObject("Object Repository/Page_The Story and Evolution of Doodles - G_6e786d/h2_Weve created more than 5,000 Doodles ove_111429")): Object 'Object Repository/Page_The Story and Evolution of Doodles - G_6e786d/h2_Weve created more than 5,000 Doodles ove_111429' is visible

17-06-2024T18:19:51 - [MESSAGE][PASSED] - Object 'Object Repository/Page_The Story and Evolution of Doodles - G_6e786d/h2_Weve created more than 5,000 Doodles ove_111429' is visible

17-06-2024T18:19:51 - [TEST_STEP][PASSED] - verifyElementVisible(findTestObject("Object Repository/Page_The Story and Evolution of Doodles - G_6e786d/h1_The story behind Doodles")): Object 'Object Repository/Page_The Story and Evolution of Doodles - G_6e786d/h1_The story behind Doodles' is visible

17-06-2024T18:19:52 - [MESSAGE][PASSED] - Object 'Object Repository/Page_The Story and Evolution of Doodles - G_6e786d/h1_The story behind Doodles' is visible

17-06-2024T18:19:52 - [TEST_STEP][PASSED] - verifyElementVisible(findTestObject("Object Repository/Page_The Story and Evolution of Doodles - G_6e786d/p_The first Doodle was a simple out-of-offi_345e61")): Object 'Object Repository/Page_The Story and Evolution of Doodles - G_6e786d/p_The first Doodle was a simple out-of-offi_345e61' is visible

17-06-2024T18:19:52 - [MESSAGE][PASSED] - Object 'Object Repository/Page_The Story and Evolution of Doodles - G_6e786d/p_The first Doodle was a simple out-of-offi_345e61' is visible

17-06-2024T18:19:52 - [TEST_STEP][PASSED] - verifyElementVisible(findTestObject("Object Repository/Page_The Story and Evolution of Doodles - G_6e786d/h2_Weve created more than 5,000 Doodles ove_111429")): Object 'Object Repository/Page_The Story and Evolution of Doodles - G_6e786d/h2_Weve created more than 5,000 Doodles ove_111429' is visible

17-06-2024T18:19:52 - [MESSAGE][PASSED] - Object 'Object Repository/Page_The Story and Evolution of Doodles - G_6e786d/h2_Weve created more than 5,000 Doodles ove_111429' is visible

17-06-2024T18:19:52 - [TEST_STEP][PASSED] - click(findTestObject("Object Repository/Page_The Story and Evolution of Doodles - G_6e786d/p_The first Doodle was a simple out-of-offi_345e61")): Object: 'Object Repository/Page_The Story and Evolution of Doodles - G_6e786d/p_The first Doodle was a simple out-of-offi_345e61' is clicked on

17-06-2024T18:19:53 - [MESSAGE][PASSED] - Object: 'Object Repository/Page_The Story and Evolution of Doodles - G_6e786d/p_The first Doodle was a simple out-of-offi_345e61' is clicked on

17-06-2024T18:19:53 - [TEST_STEP][PASSED] - verifyElementVisible(findTestObject("Object Repository/Page_The Story and Evolution of Doodles - G_6e786d/h1_The story behind Doodles")): Object 'Object Repository/Page_The Story and Evolution of Doodles - G_6e786d/h1_The story behind Doodles' is visible

17-06-2024T18:19:53 - [MESSAGE][PASSED] - Object 'Object Repository/Page_The Story and Evolution of Doodles - G_6e786d/h1_The story behind Doodles' is visible

17-06-2024T18:19:53 - [TEST_STEP][PASSED] - verifyElementVisible(findTestObject("Object Repository/Page_The Story and Evolution of Doodles - G_6e786d/p_The first Doodle was a simple out-of-offi_345e61")): Object 'Object Repository/Page_The Story and Evolution of Doodles - G_6e786d/p_The first Doodle was a simple out-of-offi_345e61' is visible

17-06-2024T18:19:54 - [MESSAGE][PASSED] - Object 'Object Repository/Page_The Story and Evolution of Doodles - G_6e786d/p_The first Doodle was a simple out-of-offi_345e61' is visible

17-06-2024T18:19:54 - [TEST_STEP][PASSED] - verifyElementVisible(findTestObject("Object Repository/Page_The Story and Evolution of Doodles - G_6e786d/h2_Weve created more than 5,000 Doodles ove_111429")): Object 'Object Repository/Page_The Story and Evolution of Doodles - G_6e786d/h2_Weve created more than 5,000 Doodles ove_111429' is visible

17-06-2024T18:19:54 - [MESSAGE][PASSED] - Object 'Object Repository/Page_The Story and Evolution of Doodles - G_6e786d/h2_Weve created more than 5,000 Doodles ove_111429' is visible

17-06-2024T18:19:54 - [TEST_STEP][PASSED] - click(findTestObject("Object Repository/Page_The Story and Evolution of Doodles - G_6e786d/p_The first Doodle was a simple out-of-offi_345e61")): Object: 'Object Repository/Page_The Story and Evolution of Doodles - G_6e786d/p_The first Doodle was a simple out-of-offi_345e61' is clicked on

17-06-2024T18:19:54 - [MESSAGE][PASSED] - Object: 'Object Repository/Page_The Story and Evolution of Doodles - G_6e786d/p_The first Doodle was a simple out-of-offi_345e61' is clicked on

17-06-2024T18:19:54 - [TEST_STEP][PASSED] - verifyElementVisible(findTestObject("Object Repository/Page_The Story and Evolution of Doodles - G_6e786d/h1_The story behind Doodles")): Object 'Object Repository/Page_The Story and Evolution of Doodles - G_6e786d/h1_The story behind Doodles' is visible

17-06-2024T18:19:55 - [MESSAGE][PASSED] - Object 'Object Repository/Page_The Story and Evolution of Doodles - G_6e786d/h1_The story behind Doodles' is visible

17-06-2024T18:19:55 - [TEST_STEP][PASSED] - verifyElementVisible(findTestObject("Object Repository/Page_The Story and Evolution of Doodles - G_6e786d/p_The first Doodle was a simple out-of-offi_345e61")): Object 'Object Repository/Page_The Story and Evolution of Doodles - G_6e786d/p_The first Doodle was a simple out-of-offi_345e61' is visible

17-06-2024T18:19:55 - [MESSAGE][PASSED] - Object 'Object Repository/Page_The Story and Evolution of Doodles - G_6e786d/p_The first Doodle was a simple out-of-offi_345e61' is visible

17-06-2024T18:19:55 - [TEST_STEP][PASSED] - verifyElementVisible(findTestObject("Object Repository/Page_The Story and Evolution of Doodles - G_6e786d/h2_Weve created more than 5,000 Doodles ove_111429")): Object 'Object Repository/Page_The Story and Evolution of Doodles - G_6e786d/h2_Weve created more than 5,000 Doodles ove_111429' is visible

17-06-2024T18:19:55 - [MESSAGE][PASSED] - Object 'Object Repository/Page_The Story and Evolution of Doodles - G_6e786d/h2_Weve created more than 5,000 Doodles ove_111429' is visible

17-06-2024T18:19:55 - [TEST_STEP][PASSED] - click(findTestObject("Object Repository/Page_The Story and Evolution of Doodles - G_6e786d/p_The first Doodle was a simple out-of-offi_345e61")): Object: 'Object Repository/Page_The Story and Evolution of Doodles - G_6e786d/p_The first Doodle was a simple out-of-offi_345e61' is clicked on

17-06-2024T18:19:56 - [MESSAGE][PASSED] - Object: 'Object Repository/Page_The Story and Evolution of Doodles - G_6e786d/p_The first Doodle was a simple out-of-offi_345e61' is clicked on

17-06-2024T18:19:56 - [TEST_STEP][PASSED] - verifyElementVisible(findTestObject("Object Repository/Page_The Story and Evolution of Doodles - G_6e786d/h1_The story behind Doodles")): Object 'Object Repository/Page_The Story and Evolution of Doodles - G_6e786d/h1_The story behind Doodles' is visible

17-06-2024T18:19:56 - [MESSAGE][PASSED] - Object 'Object Repository/Page_The Story and Evolution of Doodles - G_6e786d/h1_The story behind Doodles' is visible

17-06-2024T18:19:56 - [TEST_STEP][PASSED] - verifyElementVisible(findTestObject("Object Repository/Page_The Story and Evolution of Doodles - G_6e786d/p_The first Doodle was a simple out-of-offi_345e61")): Object 'Object Repository/Page_The Story and Evolution of Doodles - G_6e786d/p_The first Doodle was a simple out-of-offi_345e61' is visible

17-06-2024T18:19:56 - [MESSAGE][PASSED] - Object 'Object Repository/Page_The Story and Evolution of Doodles - G_6e786d/p_The first Doodle was a simple out-of-offi_345e61' is visible

17-06-2024T18:19:56 - [TEST_STEP][PASSED] - verifyElementVisible(findTestObject("Object Repository/Page_The Story and Evolution of Doodles - G_6e786d/h2_Weve created more than 5,000 Doodles ove_111429")): Object 'Object Repository/Page_The Story and Evolution of Doodles - G_6e786d/h2_Weve created more than 5,000 Doodles ove_111429' is visible

17-06-2024T18:19:57 - [MESSAGE][PASSED] - Object 'Object Repository/Page_The Story and Evolution of Doodles - G_6e786d/h2_Weve created more than 5,000 Doodles ove_111429' is visible

17-06-2024T18:19:57 - [TEST_STEP][PASSED] - click(findTestObject("Object Repository/Page_The Story and Evolution of Doodles - G_6e786d/p_The first Doodle was a simple out-of-offi_345e61")): Object: 'Object Repository/Page_The Story and Evolution of Doodles - G_6e786d/p_The first Doodle was a simple out-of-offi_345e61' is clicked on

17-06-2024T18:19:57 - [MESSAGE][PASSED] - Object: 'Object Repository/Page_The Story and Evolution of Doodles - G_6e786d/p_The first Doodle was a simple out-of-offi_345e61' is clicked on

17-06-2024T18:19:57 - [TEST_STEP][PASSED] - verifyElementVisible(findTestObject("Object Repository/Page_The Story and Evolution of Doodles - G_6e786d/h1_The story behind Doodles")): Object 'Object Repository/Page_The Story and Evolution of Doodles - G_6e786d/h1_The story behind Doodles' is visible

17-06-2024T18:19:57 - [MESSAGE][PASSED] - Object 'Object Repository/Page_The Story and Evolution of Doodles - G_6e786d/h1_The story behind Doodles' is visible

17-06-2024T18:19:57 - [TEST_STEP][PASSED] - verifyElementVisible(findTestObject("Object Repository/Page_The Story and Evolution of Doodles - G_6e786d/p_The first Doodle was a simple out-of-offi_345e61")): Object 'Object Repository/Page_The Story and Evolution of Doodles - G_6e786d/p_The first Doodle was a simple out-of-offi_345e61' is visible

17-06-2024T18:19:58 - [MESSAGE][PASSED] - Object 'Object Repository/Page_The Story and Evolution of Doodles - G_6e786d/p_The first Doodle was a simple out-of-offi_345e61' is visible

17-06-2024T18:19:58 - [TEST_STEP][PASSED] - verifyElementVisible(findTestObject("Object Repository/Page_The Story and Evolution of Doodles - G_6e786d/h2_Weve created more than 5,000 Doodles ove_111429")): Object 'Object Repository/Page_The Story and Evolution of Doodles - G_6e786d/h2_Weve created more than 5,000 Doodles ove_111429' is visible

17-06-2024T18:19:58 - [MESSAGE][PASSED] - Object 'Object Repository/Page_The Story and Evolution of Doodles - G_6e786d/h2_Weve created more than 5,000 Doodles ove_111429' is visible

17-06-2024T18:19:58 - [TEST_STEP][PASSED] - click(findTestObject("Object Repository/Page_The Story and Evolution of Doodles - G_6e786d/p_The first Doodle was a simple out-of-offi_345e61")): Object: 'Object Repository/Page_The Story and Evolution of Doodles - G_6e786d/p_The first Doodle was a simple out-of-offi_345e61' is clicked on

17-06-2024T18:19:58 - [MESSAGE][PASSED] - Object: 'Object Repository/Page_The Story and Evolution of Doodles - G_6e786d/p_The first Doodle was a simple out-of-offi_345e61' is clicked on

17-06-2024T18:19:58 - [TEST_STEP][PASSED] - verifyElementVisible(findTestObject("Object Repository/Page_The Story and Evolution of Doodles - G_6e786d/h1_The story behind Doodles")): Object 'Object Repository/Page_The Story and Evolution of Doodles - G_6e786d/h1_The story behind Doodles' is visible

17-06-2024T18:19:59 - [MESSAGE][PASSED] - Object 'Object Repository/Page_The Story and Evolution of Doodles - G_6e786d/h1_The story behind Doodles' is visible

17-06-2024T18:19:59 - [TEST_STEP][PASSED] - verifyElementVisible(findTestObject("Object Repository/Page_The Story and Evolution of Doodles - G_6e786d/p_The first Doodle was a simple out-of-offi_345e61")): Object 'Object Repository/Page_The Story and Evolution of Doodles - G_6e786d/p_The first Doodle was a simple out-of-offi_345e61' is visible

17-06-2024T18:19:59 - [MESSAGE][PASSED] - Object 'Object Repository/Page_The Story and Evolution of Doodles - G_6e786d/p_The first Doodle was a simple out-of-offi_345e61' is visible

17-06-2024T18:19:59 - [TEST_STEP][PASSED] - verifyElementVisible(findTestObject("Object Repository/Page_The Story and Evolution of Doodles - G_6e786d/h2_Weve created more than 5,000 Doodles ove_111429")): Object 'Object Repository/Page_The Story and Evolution of Doodles - G_6e786d/h2_Weve created more than 5,000 Doodles ove_111429' is visible

17-06-2024T18:19:59 - [MESSAGE][PASSED] - Object 'Object Repository/Page_The Story and Evolution of Doodles - G_6e786d/h2_Weve created more than 5,000 Doodles ove_111429' is visible

17-06-2024T18:19:59 - [TEST_STEP][PASSED] - click(findTestObject("Object Repository/Page_The Story and Evolution of Doodles - G_6e786d/p_The first Doodle was a simple out-of-offi_345e61")): Object: 'Object Repository/Page_The Story and Evolution of Doodles - G_6e786d/p_The first Doodle was a simple out-of-offi_345e61' is clicked on

17-06-2024T18:20:00 - [MESSAGE][PASSED] - Object: 'Object Repository/Page_The Story and Evolution of Doodles - G_6e786d/p_The first Doodle was a simple out-of-offi_345e61' is clicked on

17-06-2024T18:20:00 - [TEST_STEP][PASSED] - verifyElementVisible(findTestObject("Object Repository/Page_The Story and Evolution of Doodles - G_6e786d/h1_The story behind Doodles")): Object 'Object Repository/Page_The Story and Evolution of Doodles - G_6e786d/h1_The story behind Doodles' is visible

17-06-2024T18:20:00 - [MESSAGE][PASSED] - Object 'Object Repository/Page_The Story and Evolution of Doodles - G_6e786d/h1_The story behind Doodles' is visible

17-06-2024T18:20:00 - [TEST_STEP][PASSED] - verifyElementVisible(findTestObject("Object Repository/Page_The Story and Evolution of Doodles - G_6e786d/p_The first Doodle was a simple out-of-offi_345e61")): Object 'Object Repository/Page_The Story and Evolution of Doodles - G_6e786d/p_The first Doodle was a simple out-of-offi_345e61' is visible

17-06-2024T18:20:00 - [MESSAGE][PASSED] - Object 'Object Repository/Page_The Story and Evolution of Doodles - G_6e786d/p_The first Doodle was a simple out-of-offi_345e61' is visible

17-06-2024T18:20:00 - [TEST_STEP][PASSED] - verifyElementVisible(findTestObject("Object Repository/Page_The Story and Evolution of Doodles - G_6e786d/h2_Weve created more than 5,000 Doodles ove_111429")): Object 'Object Repository/Page_The Story and Evolution of Doodles - G_6e786d/h2_Weve created more than 5,000 Doodles ove_111429' is visible

17-06-2024T18:20:01 - [MESSAGE][PASSED] - Object 'Object Repository/Page_The Story and Evolution of Doodles - G_6e786d/h2_Weve created more than 5,000 Doodles ove_111429' is visible

17-06-2024T18:20:01 - [TEST_STEP][PASSED] - click(findTestObject("Object Repository/Page_The Story and Evolution of Doodles - G_6e786d/p_The first Doodle was a simple out-of-offi_345e61")): Object: 'Object Repository/Page_The Story and Evolution of Doodles - G_6e786d/p_The first Doodle was a simple out-of-offi_345e61' is clicked on

17-06-2024T18:20:01 - [MESSAGE][PASSED] - Object: 'Object Repository/Page_The Story and Evolution of Doodles - G_6e786d/p_The first Doodle was a simple out-of-offi_345e61' is clicked on

17-06-2024T18:20:01 - [TEST_STEP][PASSED] - verifyElementVisible(findTestObject("Object Repository/Page_The Story and Evolution of Doodles - G_6e786d/h1_The story behind Doodles")): Object 'Object Repository/Page_The Story and Evolution of Doodles - G_6e786d/h1_The story behind Doodles' is visible

17-06-2024T18:20:02 - [MESSAGE][PASSED] - Object 'Object Repository/Page_The Story and Evolution of Doodles - G_6e786d/h1_The story behind Doodles' is visible

17-06-2024T18:20:02 - [TEST_STEP][PASSED] - verifyElementVisible(findTestObject("Object Repository/Page_The Story and Evolution of Doodles - G_6e786d/p_The first Doodle was a simple out-of-offi_345e61")): Object 'Object Repository/Page_The Story and Evolution of Doodles - G_6e786d/p_The first Doodle was a simple out-of-offi_345e61' is visible

17-06-2024T18:20:02 - [MESSAGE][PASSED] - Object 'Object Repository/Page_The Story and Evolution of Doodles - G_6e786d/p_The first Doodle was a simple out-of-offi_345e61' is visible

17-06-2024T18:20:02 - [TEST_STEP][PASSED] - verifyElementVisible(findTestObject("Object Repository/Page_The Story and Evolution of Doodles - G_6e786d/h2_Weve created more than 5,000 Doodles ove_111429")): Object 'Object Repository/Page_The Story and Evolution of Doodles - G_6e786d/h2_Weve created more than 5,000 Doodles ove_111429' is visible

17-06-2024T18:20:02 - [MESSAGE][PASSED] - Object 'Object Repository/Page_The Story and Evolution of Doodles - G_6e786d/h2_Weve created more than 5,000 Doodles ove_111429' is visible

17-06-2024T18:20:02 - [TEST_STEP][PASSED] - click(findTestObject("Object Repository/Page_The Story and Evolution of Doodles - G_6e786d/p_The first Doodle was a simple out-of-offi_345e61")): Object: 'Object Repository/Page_The Story and Evolution of Doodles - G_6e786d/p_The first Doodle was a simple out-of-offi_345e61' is clicked on

17-06-2024T18:20:03 - [MESSAGE][PASSED] - Object: 'Object Repository/Page_The Story and Evolution of Doodles - G_6e786d/p_The first Doodle was a simple out-of-offi_345e61' is clicked on

17-06-2024T18:20:03 - [TEST_STEP][PASSED] - verifyElementVisible(findTestObject("Object Repository/Page_The Story and Evolution of Doodles - G_6e786d/h1_The story behind Doodles")): Object 'Object Repository/Page_The Story and Evolution of Doodles - G_6e786d/h1_The story behind Doodles' is visible

17-06-2024T18:20:03 - [MESSAGE][PASSED] - Object 'Object Repository/Page_The Story and Evolution of Doodles - G_6e786d/h1_The story behind Doodles' is visible

17-06-2024T18:20:03 - [TEST_STEP][PASSED] - verifyElementVisible(findTestObject("Object Repository/Page_The Story and Evolution of Doodles - G_6e786d/p_The first Doodle was a simple out-of-offi_345e61")): Object 'Object Repository/Page_The Story and Evolution of Doodles - G_6e786d/p_The first Doodle was a simple out-of-offi_345e61' is visible

17-06-2024T18:20:03 - [MESSAGE][PASSED] - Object 'Object Repository/Page_The Story and Evolution of Doodles - G_6e786d/p_The first Doodle was a simple out-of-offi_345e61' is visible

17-06-2024T18:20:03 - [TEST_STEP][PASSED] - verifyElementVisible(findTestObject("Object Repository/Page_The Story and Evolution of Doodles - G_6e786d/h2_Weve created more than 5,000 Doodles ove_111429")): Object 'Object Repository/Page_The Story and Evolution of Doodles - G_6e786d/h2_Weve created more than 5,000 Doodles ove_111429' is visible

17-06-2024T18:20:04 - [MESSAGE][PASSED] - Object 'Object Repository/Page_The Story and Evolution of Doodles - G_6e786d/h2_Weve created more than 5,000 Doodles ove_111429' is visible

17-06-2024T18:20:04 - [TEST_STEP][PASSED] - click(findTestObject("Object Repository/Page_The Story and Evolution of Doodles - G_6e786d/p_The first Doodle was a simple out-of-offi_345e61")): Object: 'Object Repository/Page_The Story and Evolution of Doodles - G_6e786d/p_The first Doodle was a simple out-of-offi_345e61' is clicked on

17-06-2024T18:20:04 - [MESSAGE][PASSED] - Object: 'Object Repository/Page_The Story and Evolution of Doodles - G_6e786d/p_The first Doodle was a simple out-of-offi_345e61' is clicked on

17-06-2024T18:20:04 - [TEST_STEP][PASSED] - verifyElementVisible(findTestObject("Object Repository/Page_The Story and Evolution of Doodles - G_6e786d/h1_The story behind Doodles")): Object 'Object Repository/Page_The Story and Evolution of Doodles - G_6e786d/h1_The story behind Doodles' is visible

17-06-2024T18:20:04 - [MESSAGE][PASSED] - Object 'Object Repository/Page_The Story and Evolution of Doodles - G_6e786d/h1_The story behind Doodles' is visible

17-06-2024T18:20:04 - [TEST_STEP][PASSED] - verifyElementVisible(findTestObject("Object Repository/Page_The Story and Evolution of Doodles - G_6e786d/p_The first Doodle was a simple out-of-offi_345e61")): Object 'Object Repository/Page_The Story and Evolution of Doodles - G_6e786d/p_The first Doodle was a simple out-of-offi_345e61' is visible

17-06-2024T18:20:05 - [MESSAGE][PASSED] - Object 'Object Repository/Page_The Story and Evolution of Doodles - G_6e786d/p_The first Doodle was a simple out-of-offi_345e61' is visible

17-06-2024T18:20:05 - [TEST_STEP][PASSED] - verifyElementVisible(findTestObject("Object Repository/Page_The Story and Evolution of Doodles - G_6e786d/h2_Weve created more than 5,000 Doodles ove_111429")): Object 'Object Repository/Page_The Story and Evolution of Doodles - G_6e786d/h2_Weve created more than 5,000 Doodles ove_111429' is visible

17-06-2024T18:20:05 - [MESSAGE][PASSED] - Object 'Object Repository/Page_The Story and Evolution of Doodles - G_6e786d/h2_Weve created more than 5,000 Doodles ove_111429' is visible]]></system-out>
         <system-err><![CDATA[]]></system-err>
      </testcase>
      <testcase name="Test Cases/test case folder 1/tc1 - Copy (2) - Copy (6)" time="19.58" classname="Test Cases/test case folder 1/tc1 - Copy (2) - Copy (6)" status="PASSED">
         <system-out><![CDATA[17-06-2024T18:20:05 - [TEST_CASE][PASSED] - Test Cases/test case folder 1/tc1 - Copy (2) - Copy (6): Test Cases/test case folder 1/tc1 - Copy (2) - Copy (6)

17-06-2024T18:20:05 - [TEST_STEP][PASSED] - openBrowser(""): Browser is opened with url: ''

17-06-2024T18:20:05 - [MESSAGE][WARNING] - A browser is already opened. Closing browser and opening a new one

17-06-2024T18:20:06 - [MESSAGE][INFO] - Starting 'Chrome (headless)' driver

17-06-2024T18:20:06 - [MESSAGE][INFO] - Action delay is set to 0 milliseconds

17-06-2024T18:20:06 - [MESSAGE][PASSED] - Browser is opened with url: ''

17-06-2024T18:20:06 - [TEST_STEP][PASSED] - navigateToUrl("https://doodles.google/about/"): Navigate to 'https://doodles.google/about/' successfully

17-06-2024T18:20:10 - [MESSAGE][PASSED] - Navigate to 'https://doodles.google/about/' successfully

17-06-2024T18:20:10 - [TEST_STEP][PASSED] - click(findTestObject("Object Repository/Page_The Story and Evolution of Doodles - G_6e786d/p_The first Doodle was a simple out-of-offi_345e61")): Object: 'Object Repository/Page_The Story and Evolution of Doodles - G_6e786d/p_The first Doodle was a simple out-of-offi_345e61' is clicked on

17-06-2024T18:20:10 - [MESSAGE][PASSED] - Object: 'Object Repository/Page_The Story and Evolution of Doodles - G_6e786d/p_The first Doodle was a simple out-of-offi_345e61' is clicked on

17-06-2024T18:20:10 - [TEST_STEP][PASSED] - click(findTestObject("Object Repository/Page_The Story and Evolution of Doodles - G_6e786d/p_The first Doodle was a simple out-of-offi_345e61")): Object: 'Object Repository/Page_The Story and Evolution of Doodles - G_6e786d/p_The first Doodle was a simple out-of-offi_345e61' is clicked on

17-06-2024T18:20:10 - [MESSAGE][PASSED] - Object: 'Object Repository/Page_The Story and Evolution of Doodles - G_6e786d/p_The first Doodle was a simple out-of-offi_345e61' is clicked on

17-06-2024T18:20:10 - [TEST_STEP][PASSED] - verifyElementVisible(findTestObject("Object Repository/Page_The Story and Evolution of Doodles - G_6e786d/h1_The story behind Doodles")): Object 'Object Repository/Page_The Story and Evolution of Doodles - G_6e786d/h1_The story behind Doodles' is visible

17-06-2024T18:20:11 - [MESSAGE][PASSED] - Object 'Object Repository/Page_The Story and Evolution of Doodles - G_6e786d/h1_The story behind Doodles' is visible

17-06-2024T18:20:11 - [TEST_STEP][PASSED] - verifyElementVisible(findTestObject("Object Repository/Page_The Story and Evolution of Doodles - G_6e786d/p_The first Doodle was a simple out-of-offi_345e61")): Object 'Object Repository/Page_The Story and Evolution of Doodles - G_6e786d/p_The first Doodle was a simple out-of-offi_345e61' is visible

17-06-2024T18:20:11 - [MESSAGE][PASSED] - Object 'Object Repository/Page_The Story and Evolution of Doodles - G_6e786d/p_The first Doodle was a simple out-of-offi_345e61' is visible

17-06-2024T18:20:11 - [TEST_STEP][PASSED] - verifyElementVisible(findTestObject("Object Repository/Page_The Story and Evolution of Doodles - G_6e786d/h2_Weve created more than 5,000 Doodles ove_111429")): Object 'Object Repository/Page_The Story and Evolution of Doodles - G_6e786d/h2_Weve created more than 5,000 Doodles ove_111429' is visible

17-06-2024T18:20:11 - [MESSAGE][PASSED] - Object 'Object Repository/Page_The Story and Evolution of Doodles - G_6e786d/h2_Weve created more than 5,000 Doodles ove_111429' is visible

17-06-2024T18:20:11 - [TEST_STEP][PASSED] - verifyElementVisible(findTestObject("Object Repository/Page_The Story and Evolution of Doodles - G_6e786d/h1_The story behind Doodles")): Object 'Object Repository/Page_The Story and Evolution of Doodles - G_6e786d/h1_The story behind Doodles' is visible

17-06-2024T18:20:12 - [MESSAGE][PASSED] - Object 'Object Repository/Page_The Story and Evolution of Doodles - G_6e786d/h1_The story behind Doodles' is visible

17-06-2024T18:20:12 - [TEST_STEP][PASSED] - verifyElementVisible(findTestObject("Object Repository/Page_The Story and Evolution of Doodles - G_6e786d/p_The first Doodle was a simple out-of-offi_345e61")): Object 'Object Repository/Page_The Story and Evolution of Doodles - G_6e786d/p_The first Doodle was a simple out-of-offi_345e61' is visible

17-06-2024T18:20:12 - [MESSAGE][PASSED] - Object 'Object Repository/Page_The Story and Evolution of Doodles - G_6e786d/p_The first Doodle was a simple out-of-offi_345e61' is visible

17-06-2024T18:20:12 - [TEST_STEP][PASSED] - verifyElementVisible(findTestObject("Object Repository/Page_The Story and Evolution of Doodles - G_6e786d/h2_Weve created more than 5,000 Doodles ove_111429")): Object 'Object Repository/Page_The Story and Evolution of Doodles - G_6e786d/h2_Weve created more than 5,000 Doodles ove_111429' is visible

17-06-2024T18:20:12 - [MESSAGE][PASSED] - Object 'Object Repository/Page_The Story and Evolution of Doodles - G_6e786d/h2_Weve created more than 5,000 Doodles ove_111429' is visible

17-06-2024T18:20:12 - [TEST_STEP][PASSED] - click(findTestObject("Object Repository/Page_The Story and Evolution of Doodles - G_6e786d/p_The first Doodle was a simple out-of-offi_345e61")): Object: 'Object Repository/Page_The Story and Evolution of Doodles - G_6e786d/p_The first Doodle was a simple out-of-offi_345e61' is clicked on

17-06-2024T18:20:13 - [MESSAGE][PASSED] - Object: 'Object Repository/Page_The Story and Evolution of Doodles - G_6e786d/p_The first Doodle was a simple out-of-offi_345e61' is clicked on

17-06-2024T18:20:13 - [TEST_STEP][PASSED] - verifyElementVisible(findTestObject("Object Repository/Page_The Story and Evolution of Doodles - G_6e786d/h1_The story behind Doodles")): Object 'Object Repository/Page_The Story and Evolution of Doodles - G_6e786d/h1_The story behind Doodles' is visible

17-06-2024T18:20:13 - [MESSAGE][PASSED] - Object 'Object Repository/Page_The Story and Evolution of Doodles - G_6e786d/h1_The story behind Doodles' is visible

17-06-2024T18:20:13 - [TEST_STEP][PASSED] - verifyElementVisible(findTestObject("Object Repository/Page_The Story and Evolution of Doodles - G_6e786d/p_The first Doodle was a simple out-of-offi_345e61")): Object 'Object Repository/Page_The Story and Evolution of Doodles - G_6e786d/p_The first Doodle was a simple out-of-offi_345e61' is visible

17-06-2024T18:20:13 - [MESSAGE][PASSED] - Object 'Object Repository/Page_The Story and Evolution of Doodles - G_6e786d/p_The first Doodle was a simple out-of-offi_345e61' is visible

17-06-2024T18:20:13 - [TEST_STEP][PASSED] - verifyElementVisible(findTestObject("Object Repository/Page_The Story and Evolution of Doodles - G_6e786d/h2_Weve created more than 5,000 Doodles ove_111429")): Object 'Object Repository/Page_The Story and Evolution of Doodles - G_6e786d/h2_Weve created more than 5,000 Doodles ove_111429' is visible

17-06-2024T18:20:14 - [MESSAGE][PASSED] - Object 'Object Repository/Page_The Story and Evolution of Doodles - G_6e786d/h2_Weve created more than 5,000 Doodles ove_111429' is visible

17-06-2024T18:20:14 - [TEST_STEP][PASSED] - click(findTestObject("Object Repository/Page_The Story and Evolution of Doodles - G_6e786d/p_The first Doodle was a simple out-of-offi_345e61")): Object: 'Object Repository/Page_The Story and Evolution of Doodles - G_6e786d/p_The first Doodle was a simple out-of-offi_345e61' is clicked on

17-06-2024T18:20:14 - [MESSAGE][PASSED] - Object: 'Object Repository/Page_The Story and Evolution of Doodles - G_6e786d/p_The first Doodle was a simple out-of-offi_345e61' is clicked on

17-06-2024T18:20:14 - [TEST_STEP][PASSED] - verifyElementVisible(findTestObject("Object Repository/Page_The Story and Evolution of Doodles - G_6e786d/h1_The story behind Doodles")): Object 'Object Repository/Page_The Story and Evolution of Doodles - G_6e786d/h1_The story behind Doodles' is visible

17-06-2024T18:20:15 - [MESSAGE][PASSED] - Object 'Object Repository/Page_The Story and Evolution of Doodles - G_6e786d/h1_The story behind Doodles' is visible

17-06-2024T18:20:15 - [TEST_STEP][PASSED] - verifyElementVisible(findTestObject("Object Repository/Page_The Story and Evolution of Doodles - G_6e786d/p_The first Doodle was a simple out-of-offi_345e61")): Object 'Object Repository/Page_The Story and Evolution of Doodles - G_6e786d/p_The first Doodle was a simple out-of-offi_345e61' is visible

17-06-2024T18:20:15 - [MESSAGE][PASSED] - Object 'Object Repository/Page_The Story and Evolution of Doodles - G_6e786d/p_The first Doodle was a simple out-of-offi_345e61' is visible

17-06-2024T18:20:15 - [TEST_STEP][PASSED] - verifyElementVisible(findTestObject("Object Repository/Page_The Story and Evolution of Doodles - G_6e786d/h2_Weve created more than 5,000 Doodles ove_111429")): Object 'Object Repository/Page_The Story and Evolution of Doodles - G_6e786d/h2_Weve created more than 5,000 Doodles ove_111429' is visible

17-06-2024T18:20:15 - [MESSAGE][PASSED] - Object 'Object Repository/Page_The Story and Evolution of Doodles - G_6e786d/h2_Weve created more than 5,000 Doodles ove_111429' is visible

17-06-2024T18:20:15 - [TEST_STEP][PASSED] - click(findTestObject("Object Repository/Page_The Story and Evolution of Doodles - G_6e786d/p_The first Doodle was a simple out-of-offi_345e61")): Object: 'Object Repository/Page_The Story and Evolution of Doodles - G_6e786d/p_The first Doodle was a simple out-of-offi_345e61' is clicked on

17-06-2024T18:20:16 - [MESSAGE][PASSED] - Object: 'Object Repository/Page_The Story and Evolution of Doodles - G_6e786d/p_The first Doodle was a simple out-of-offi_345e61' is clicked on

17-06-2024T18:20:16 - [TEST_STEP][PASSED] - verifyElementVisible(findTestObject("Object Repository/Page_The Story and Evolution of Doodles - G_6e786d/h1_The story behind Doodles")): Object 'Object Repository/Page_The Story and Evolution of Doodles - G_6e786d/h1_The story behind Doodles' is visible

17-06-2024T18:20:16 - [MESSAGE][PASSED] - Object 'Object Repository/Page_The Story and Evolution of Doodles - G_6e786d/h1_The story behind Doodles' is visible

17-06-2024T18:20:16 - [TEST_STEP][PASSED] - verifyElementVisible(findTestObject("Object Repository/Page_The Story and Evolution of Doodles - G_6e786d/p_The first Doodle was a simple out-of-offi_345e61")): Object 'Object Repository/Page_The Story and Evolution of Doodles - G_6e786d/p_The first Doodle was a simple out-of-offi_345e61' is visible

17-06-2024T18:20:16 - [MESSAGE][PASSED] - Object 'Object Repository/Page_The Story and Evolution of Doodles - G_6e786d/p_The first Doodle was a simple out-of-offi_345e61' is visible

17-06-2024T18:20:16 - [TEST_STEP][PASSED] - verifyElementVisible(findTestObject("Object Repository/Page_The Story and Evolution of Doodles - G_6e786d/h2_Weve created more than 5,000 Doodles ove_111429")): Object 'Object Repository/Page_The Story and Evolution of Doodles - G_6e786d/h2_Weve created more than 5,000 Doodles ove_111429' is visible

17-06-2024T18:20:17 - [MESSAGE][PASSED] - Object 'Object Repository/Page_The Story and Evolution of Doodles - G_6e786d/h2_Weve created more than 5,000 Doodles ove_111429' is visible

17-06-2024T18:20:17 - [TEST_STEP][PASSED] - click(findTestObject("Object Repository/Page_The Story and Evolution of Doodles - G_6e786d/p_The first Doodle was a simple out-of-offi_345e61")): Object: 'Object Repository/Page_The Story and Evolution of Doodles - G_6e786d/p_The first Doodle was a simple out-of-offi_345e61' is clicked on

17-06-2024T18:20:17 - [MESSAGE][PASSED] - Object: 'Object Repository/Page_The Story and Evolution of Doodles - G_6e786d/p_The first Doodle was a simple out-of-offi_345e61' is clicked on

17-06-2024T18:20:17 - [TEST_STEP][PASSED] - verifyElementVisible(findTestObject("Object Repository/Page_The Story and Evolution of Doodles - G_6e786d/h1_The story behind Doodles")): Object 'Object Repository/Page_The Story and Evolution of Doodles - G_6e786d/h1_The story behind Doodles' is visible

17-06-2024T18:20:17 - [MESSAGE][PASSED] - Object 'Object Repository/Page_The Story and Evolution of Doodles - G_6e786d/h1_The story behind Doodles' is visible

17-06-2024T18:20:17 - [TEST_STEP][PASSED] - verifyElementVisible(findTestObject("Object Repository/Page_The Story and Evolution of Doodles - G_6e786d/p_The first Doodle was a simple out-of-offi_345e61")): Object 'Object Repository/Page_The Story and Evolution of Doodles - G_6e786d/p_The first Doodle was a simple out-of-offi_345e61' is visible

17-06-2024T18:20:18 - [MESSAGE][PASSED] - Object 'Object Repository/Page_The Story and Evolution of Doodles - G_6e786d/p_The first Doodle was a simple out-of-offi_345e61' is visible

17-06-2024T18:20:18 - [TEST_STEP][PASSED] - verifyElementVisible(findTestObject("Object Repository/Page_The Story and Evolution of Doodles - G_6e786d/h2_Weve created more than 5,000 Doodles ove_111429")): Object 'Object Repository/Page_The Story and Evolution of Doodles - G_6e786d/h2_Weve created more than 5,000 Doodles ove_111429' is visible

17-06-2024T18:20:18 - [MESSAGE][PASSED] - Object 'Object Repository/Page_The Story and Evolution of Doodles - G_6e786d/h2_Weve created more than 5,000 Doodles ove_111429' is visible

17-06-2024T18:20:18 - [TEST_STEP][PASSED] - click(findTestObject("Object Repository/Page_The Story and Evolution of Doodles - G_6e786d/p_The first Doodle was a simple out-of-offi_345e61")): Object: 'Object Repository/Page_The Story and Evolution of Doodles - G_6e786d/p_The first Doodle was a simple out-of-offi_345e61' is clicked on

17-06-2024T18:20:18 - [MESSAGE][PASSED] - Object: 'Object Repository/Page_The Story and Evolution of Doodles - G_6e786d/p_The first Doodle was a simple out-of-offi_345e61' is clicked on

17-06-2024T18:20:18 - [TEST_STEP][PASSED] - verifyElementVisible(findTestObject("Object Repository/Page_The Story and Evolution of Doodles - G_6e786d/h1_The story behind Doodles")): Object 'Object Repository/Page_The Story and Evolution of Doodles - G_6e786d/h1_The story behind Doodles' is visible

17-06-2024T18:20:19 - [MESSAGE][PASSED] - Object 'Object Repository/Page_The Story and Evolution of Doodles - G_6e786d/h1_The story behind Doodles' is visible

17-06-2024T18:20:19 - [TEST_STEP][PASSED] - verifyElementVisible(findTestObject("Object Repository/Page_The Story and Evolution of Doodles - G_6e786d/p_The first Doodle was a simple out-of-offi_345e61")): Object 'Object Repository/Page_The Story and Evolution of Doodles - G_6e786d/p_The first Doodle was a simple out-of-offi_345e61' is visible

17-06-2024T18:20:19 - [MESSAGE][PASSED] - Object 'Object Repository/Page_The Story and Evolution of Doodles - G_6e786d/p_The first Doodle was a simple out-of-offi_345e61' is visible

17-06-2024T18:20:19 - [TEST_STEP][PASSED] - verifyElementVisible(findTestObject("Object Repository/Page_The Story and Evolution of Doodles - G_6e786d/h2_Weve created more than 5,000 Doodles ove_111429")): Object 'Object Repository/Page_The Story and Evolution of Doodles - G_6e786d/h2_Weve created more than 5,000 Doodles ove_111429' is visible

17-06-2024T18:20:19 - [MESSAGE][PASSED] - Object 'Object Repository/Page_The Story and Evolution of Doodles - G_6e786d/h2_Weve created more than 5,000 Doodles ove_111429' is visible

17-06-2024T18:20:19 - [TEST_STEP][PASSED] - click(findTestObject("Object Repository/Page_The Story and Evolution of Doodles - G_6e786d/p_The first Doodle was a simple out-of-offi_345e61")): Object: 'Object Repository/Page_The Story and Evolution of Doodles - G_6e786d/p_The first Doodle was a simple out-of-offi_345e61' is clicked on

17-06-2024T18:20:19 - [MESSAGE][PASSED] - Object: 'Object Repository/Page_The Story and Evolution of Doodles - G_6e786d/p_The first Doodle was a simple out-of-offi_345e61' is clicked on

17-06-2024T18:20:19 - [TEST_STEP][PASSED] - verifyElementVisible(findTestObject("Object Repository/Page_The Story and Evolution of Doodles - G_6e786d/h1_The story behind Doodles")): Object 'Object Repository/Page_The Story and Evolution of Doodles - G_6e786d/h1_The story behind Doodles' is visible

17-06-2024T18:20:20 - [MESSAGE][PASSED] - Object 'Object Repository/Page_The Story and Evolution of Doodles - G_6e786d/h1_The story behind Doodles' is visible

17-06-2024T18:20:20 - [TEST_STEP][PASSED] - verifyElementVisible(findTestObject("Object Repository/Page_The Story and Evolution of Doodles - G_6e786d/p_The first Doodle was a simple out-of-offi_345e61")): Object 'Object Repository/Page_The Story and Evolution of Doodles - G_6e786d/p_The first Doodle was a simple out-of-offi_345e61' is visible

17-06-2024T18:20:20 - [MESSAGE][PASSED] - Object 'Object Repository/Page_The Story and Evolution of Doodles - G_6e786d/p_The first Doodle was a simple out-of-offi_345e61' is visible

17-06-2024T18:20:20 - [TEST_STEP][PASSED] - verifyElementVisible(findTestObject("Object Repository/Page_The Story and Evolution of Doodles - G_6e786d/h2_Weve created more than 5,000 Doodles ove_111429")): Object 'Object Repository/Page_The Story and Evolution of Doodles - G_6e786d/h2_Weve created more than 5,000 Doodles ove_111429' is visible

17-06-2024T18:20:21 - [MESSAGE][PASSED] - Object 'Object Repository/Page_The Story and Evolution of Doodles - G_6e786d/h2_Weve created more than 5,000 Doodles ove_111429' is visible

17-06-2024T18:20:21 - [TEST_STEP][PASSED] - click(findTestObject("Object Repository/Page_The Story and Evolution of Doodles - G_6e786d/p_The first Doodle was a simple out-of-offi_345e61")): Object: 'Object Repository/Page_The Story and Evolution of Doodles - G_6e786d/p_The first Doodle was a simple out-of-offi_345e61' is clicked on

17-06-2024T18:20:21 - [MESSAGE][PASSED] - Object: 'Object Repository/Page_The Story and Evolution of Doodles - G_6e786d/p_The first Doodle was a simple out-of-offi_345e61' is clicked on

17-06-2024T18:20:21 - [TEST_STEP][PASSED] - verifyElementVisible(findTestObject("Object Repository/Page_The Story and Evolution of Doodles - G_6e786d/h1_The story behind Doodles")): Object 'Object Repository/Page_The Story and Evolution of Doodles - G_6e786d/h1_The story behind Doodles' is visible

17-06-2024T18:20:21 - [MESSAGE][PASSED] - Object 'Object Repository/Page_The Story and Evolution of Doodles - G_6e786d/h1_The story behind Doodles' is visible

17-06-2024T18:20:21 - [TEST_STEP][PASSED] - verifyElementVisible(findTestObject("Object Repository/Page_The Story and Evolution of Doodles - G_6e786d/p_The first Doodle was a simple out-of-offi_345e61")): Object 'Object Repository/Page_The Story and Evolution of Doodles - G_6e786d/p_The first Doodle was a simple out-of-offi_345e61' is visible

17-06-2024T18:20:21 - [MESSAGE][PASSED] - Object 'Object Repository/Page_The Story and Evolution of Doodles - G_6e786d/p_The first Doodle was a simple out-of-offi_345e61' is visible

17-06-2024T18:20:21 - [TEST_STEP][PASSED] - verifyElementVisible(findTestObject("Object Repository/Page_The Story and Evolution of Doodles - G_6e786d/h2_Weve created more than 5,000 Doodles ove_111429")): Object 'Object Repository/Page_The Story and Evolution of Doodles - G_6e786d/h2_Weve created more than 5,000 Doodles ove_111429' is visible

17-06-2024T18:20:22 - [MESSAGE][PASSED] - Object 'Object Repository/Page_The Story and Evolution of Doodles - G_6e786d/h2_Weve created more than 5,000 Doodles ove_111429' is visible

17-06-2024T18:20:22 - [TEST_STEP][PASSED] - click(findTestObject("Object Repository/Page_The Story and Evolution of Doodles - G_6e786d/p_The first Doodle was a simple out-of-offi_345e61")): Object: 'Object Repository/Page_The Story and Evolution of Doodles - G_6e786d/p_The first Doodle was a simple out-of-offi_345e61' is clicked on

17-06-2024T18:20:22 - [MESSAGE][PASSED] - Object: 'Object Repository/Page_The Story and Evolution of Doodles - G_6e786d/p_The first Doodle was a simple out-of-offi_345e61' is clicked on

17-06-2024T18:20:22 - [TEST_STEP][PASSED] - verifyElementVisible(findTestObject("Object Repository/Page_The Story and Evolution of Doodles - G_6e786d/h1_The story behind Doodles")): Object 'Object Repository/Page_The Story and Evolution of Doodles - G_6e786d/h1_The story behind Doodles' is visible

17-06-2024T18:20:23 - [MESSAGE][PASSED] - Object 'Object Repository/Page_The Story and Evolution of Doodles - G_6e786d/h1_The story behind Doodles' is visible

17-06-2024T18:20:23 - [TEST_STEP][PASSED] - verifyElementVisible(findTestObject("Object Repository/Page_The Story and Evolution of Doodles - G_6e786d/p_The first Doodle was a simple out-of-offi_345e61")): Object 'Object Repository/Page_The Story and Evolution of Doodles - G_6e786d/p_The first Doodle was a simple out-of-offi_345e61' is visible

17-06-2024T18:20:23 - [MESSAGE][PASSED] - Object 'Object Repository/Page_The Story and Evolution of Doodles - G_6e786d/p_The first Doodle was a simple out-of-offi_345e61' is visible

17-06-2024T18:20:23 - [TEST_STEP][PASSED] - verifyElementVisible(findTestObject("Object Repository/Page_The Story and Evolution of Doodles - G_6e786d/h2_Weve created more than 5,000 Doodles ove_111429")): Object 'Object Repository/Page_The Story and Evolution of Doodles - G_6e786d/h2_Weve created more than 5,000 Doodles ove_111429' is visible

17-06-2024T18:20:23 - [MESSAGE][PASSED] - Object 'Object Repository/Page_The Story and Evolution of Doodles - G_6e786d/h2_Weve created more than 5,000 Doodles ove_111429' is visible

17-06-2024T18:20:23 - [TEST_STEP][PASSED] - click(findTestObject("Object Repository/Page_The Story and Evolution of Doodles - G_6e786d/p_The first Doodle was a simple out-of-offi_345e61")): Object: 'Object Repository/Page_The Story and Evolution of Doodles - G_6e786d/p_The first Doodle was a simple out-of-offi_345e61' is clicked on

17-06-2024T18:20:24 - [MESSAGE][PASSED] - Object: 'Object Repository/Page_The Story and Evolution of Doodles - G_6e786d/p_The first Doodle was a simple out-of-offi_345e61' is clicked on

17-06-2024T18:20:24 - [TEST_STEP][PASSED] - verifyElementVisible(findTestObject("Object Repository/Page_The Story and Evolution of Doodles - G_6e786d/h1_The story behind Doodles")): Object 'Object Repository/Page_The Story and Evolution of Doodles - G_6e786d/h1_The story behind Doodles' is visible

17-06-2024T18:20:24 - [MESSAGE][PASSED] - Object 'Object Repository/Page_The Story and Evolution of Doodles - G_6e786d/h1_The story behind Doodles' is visible

17-06-2024T18:20:24 - [TEST_STEP][PASSED] - verifyElementVisible(findTestObject("Object Repository/Page_The Story and Evolution of Doodles - G_6e786d/p_The first Doodle was a simple out-of-offi_345e61")): Object 'Object Repository/Page_The Story and Evolution of Doodles - G_6e786d/p_The first Doodle was a simple out-of-offi_345e61' is visible

17-06-2024T18:20:24 - [MESSAGE][PASSED] - Object 'Object Repository/Page_The Story and Evolution of Doodles - G_6e786d/p_The first Doodle was a simple out-of-offi_345e61' is visible

17-06-2024T18:20:24 - [TEST_STEP][PASSED] - verifyElementVisible(findTestObject("Object Repository/Page_The Story and Evolution of Doodles - G_6e786d/h2_Weve created more than 5,000 Doodles ove_111429")): Object 'Object Repository/Page_The Story and Evolution of Doodles - G_6e786d/h2_Weve created more than 5,000 Doodles ove_111429' is visible

17-06-2024T18:20:25 - [MESSAGE][PASSED] - Object 'Object Repository/Page_The Story and Evolution of Doodles - G_6e786d/h2_Weve created more than 5,000 Doodles ove_111429' is visible]]></system-out>
         <system-err><![CDATA[]]></system-err>
      </testcase>
      <testcase name="Test Cases/test case folder 1/tc1 - Copy (2) - Copy" time="19.699" classname="Test Cases/test case folder 1/tc1 - Copy (2) - Copy" status="PASSED">
         <system-out><![CDATA[17-06-2024T18:20:25 - [TEST_CASE][PASSED] - Test Cases/test case folder 1/tc1 - Copy (2) - Copy: Test Cases/test case folder 1/tc1 - Copy (2) - Copy

17-06-2024T18:20:25 - [TEST_STEP][PASSED] - openBrowser(""): Browser is opened with url: ''

17-06-2024T18:20:25 - [MESSAGE][WARNING] - A browser is already opened. Closing browser and opening a new one

17-06-2024T18:20:25 - [MESSAGE][INFO] - Starting 'Chrome (headless)' driver

17-06-2024T18:20:25 - [MESSAGE][INFO] - Action delay is set to 0 milliseconds

17-06-2024T18:20:26 - [MESSAGE][PASSED] - Browser is opened with url: ''

17-06-2024T18:20:26 - [TEST_STEP][PASSED] - navigateToUrl("https://doodles.google/about/"): Navigate to 'https://doodles.google/about/' successfully

17-06-2024T18:20:29 - [MESSAGE][PASSED] - Navigate to 'https://doodles.google/about/' successfully

17-06-2024T18:20:29 - [TEST_STEP][PASSED] - click(findTestObject("Object Repository/Page_The Story and Evolution of Doodles - G_6e786d/p_The first Doodle was a simple out-of-offi_345e61")): Object: 'Object Repository/Page_The Story and Evolution of Doodles - G_6e786d/p_The first Doodle was a simple out-of-offi_345e61' is clicked on

17-06-2024T18:20:29 - [MESSAGE][PASSED] - Object: 'Object Repository/Page_The Story and Evolution of Doodles - G_6e786d/p_The first Doodle was a simple out-of-offi_345e61' is clicked on

17-06-2024T18:20:29 - [TEST_STEP][PASSED] - click(findTestObject("Object Repository/Page_The Story and Evolution of Doodles - G_6e786d/p_The first Doodle was a simple out-of-offi_345e61")): Object: 'Object Repository/Page_The Story and Evolution of Doodles - G_6e786d/p_The first Doodle was a simple out-of-offi_345e61' is clicked on

17-06-2024T18:20:30 - [MESSAGE][PASSED] - Object: 'Object Repository/Page_The Story and Evolution of Doodles - G_6e786d/p_The first Doodle was a simple out-of-offi_345e61' is clicked on

17-06-2024T18:20:30 - [TEST_STEP][PASSED] - verifyElementVisible(findTestObject("Object Repository/Page_The Story and Evolution of Doodles - G_6e786d/h1_The story behind Doodles")): Object 'Object Repository/Page_The Story and Evolution of Doodles - G_6e786d/h1_The story behind Doodles' is visible

17-06-2024T18:20:30 - [MESSAGE][PASSED] - Object 'Object Repository/Page_The Story and Evolution of Doodles - G_6e786d/h1_The story behind Doodles' is visible

17-06-2024T18:20:30 - [TEST_STEP][PASSED] - verifyElementVisible(findTestObject("Object Repository/Page_The Story and Evolution of Doodles - G_6e786d/p_The first Doodle was a simple out-of-offi_345e61")): Object 'Object Repository/Page_The Story and Evolution of Doodles - G_6e786d/p_The first Doodle was a simple out-of-offi_345e61' is visible

17-06-2024T18:20:31 - [MESSAGE][PASSED] - Object 'Object Repository/Page_The Story and Evolution of Doodles - G_6e786d/p_The first Doodle was a simple out-of-offi_345e61' is visible

17-06-2024T18:20:31 - [TEST_STEP][PASSED] - verifyElementVisible(findTestObject("Object Repository/Page_The Story and Evolution of Doodles - G_6e786d/h2_Weve created more than 5,000 Doodles ove_111429")): Object 'Object Repository/Page_The Story and Evolution of Doodles - G_6e786d/h2_Weve created more than 5,000 Doodles ove_111429' is visible

17-06-2024T18:20:31 - [MESSAGE][PASSED] - Object 'Object Repository/Page_The Story and Evolution of Doodles - G_6e786d/h2_Weve created more than 5,000 Doodles ove_111429' is visible

17-06-2024T18:20:31 - [TEST_STEP][PASSED] - verifyElementVisible(findTestObject("Object Repository/Page_The Story and Evolution of Doodles - G_6e786d/h1_The story behind Doodles")): Object 'Object Repository/Page_The Story and Evolution of Doodles - G_6e786d/h1_The story behind Doodles' is visible

17-06-2024T18:20:31 - [MESSAGE][PASSED] - Object 'Object Repository/Page_The Story and Evolution of Doodles - G_6e786d/h1_The story behind Doodles' is visible

17-06-2024T18:20:31 - [TEST_STEP][PASSED] - verifyElementVisible(findTestObject("Object Repository/Page_The Story and Evolution of Doodles - G_6e786d/p_The first Doodle was a simple out-of-offi_345e61")): Object 'Object Repository/Page_The Story and Evolution of Doodles - G_6e786d/p_The first Doodle was a simple out-of-offi_345e61' is visible

17-06-2024T18:20:32 - [MESSAGE][PASSED] - Object 'Object Repository/Page_The Story and Evolution of Doodles - G_6e786d/p_The first Doodle was a simple out-of-offi_345e61' is visible

17-06-2024T18:20:32 - [TEST_STEP][PASSED] - verifyElementVisible(findTestObject("Object Repository/Page_The Story and Evolution of Doodles - G_6e786d/h2_Weve created more than 5,000 Doodles ove_111429")): Object 'Object Repository/Page_The Story and Evolution of Doodles - G_6e786d/h2_Weve created more than 5,000 Doodles ove_111429' is visible

17-06-2024T18:20:32 - [MESSAGE][PASSED] - Object 'Object Repository/Page_The Story and Evolution of Doodles - G_6e786d/h2_Weve created more than 5,000 Doodles ove_111429' is visible

17-06-2024T18:20:32 - [TEST_STEP][PASSED] - click(findTestObject("Object Repository/Page_The Story and Evolution of Doodles - G_6e786d/p_The first Doodle was a simple out-of-offi_345e61")): Object: 'Object Repository/Page_The Story and Evolution of Doodles - G_6e786d/p_The first Doodle was a simple out-of-offi_345e61' is clicked on

17-06-2024T18:20:32 - [MESSAGE][PASSED] - Object: 'Object Repository/Page_The Story and Evolution of Doodles - G_6e786d/p_The first Doodle was a simple out-of-offi_345e61' is clicked on

17-06-2024T18:20:32 - [TEST_STEP][PASSED] - verifyElementVisible(findTestObject("Object Repository/Page_The Story and Evolution of Doodles - G_6e786d/h1_The story behind Doodles")): Object 'Object Repository/Page_The Story and Evolution of Doodles - G_6e786d/h1_The story behind Doodles' is visible

17-06-2024T18:20:33 - [MESSAGE][PASSED] - Object 'Object Repository/Page_The Story and Evolution of Doodles - G_6e786d/h1_The story behind Doodles' is visible

17-06-2024T18:20:33 - [TEST_STEP][PASSED] - verifyElementVisible(findTestObject("Object Repository/Page_The Story and Evolution of Doodles - G_6e786d/p_The first Doodle was a simple out-of-offi_345e61")): Object 'Object Repository/Page_The Story and Evolution of Doodles - G_6e786d/p_The first Doodle was a simple out-of-offi_345e61' is visible

17-06-2024T18:20:33 - [MESSAGE][PASSED] - Object 'Object Repository/Page_The Story and Evolution of Doodles - G_6e786d/p_The first Doodle was a simple out-of-offi_345e61' is visible

17-06-2024T18:20:33 - [TEST_STEP][PASSED] - verifyElementVisible(findTestObject("Object Repository/Page_The Story and Evolution of Doodles - G_6e786d/h2_Weve created more than 5,000 Doodles ove_111429")): Object 'Object Repository/Page_The Story and Evolution of Doodles - G_6e786d/h2_Weve created more than 5,000 Doodles ove_111429' is visible

17-06-2024T18:20:33 - [MESSAGE][PASSED] - Object 'Object Repository/Page_The Story and Evolution of Doodles - G_6e786d/h2_Weve created more than 5,000 Doodles ove_111429' is visible

17-06-2024T18:20:33 - [TEST_STEP][PASSED] - click(findTestObject("Object Repository/Page_The Story and Evolution of Doodles - G_6e786d/p_The first Doodle was a simple out-of-offi_345e61")): Object: 'Object Repository/Page_The Story and Evolution of Doodles - G_6e786d/p_The first Doodle was a simple out-of-offi_345e61' is clicked on

17-06-2024T18:20:34 - [MESSAGE][PASSED] - Object: 'Object Repository/Page_The Story and Evolution of Doodles - G_6e786d/p_The first Doodle was a simple out-of-offi_345e61' is clicked on

17-06-2024T18:20:34 - [TEST_STEP][PASSED] - verifyElementVisible(findTestObject("Object Repository/Page_The Story and Evolution of Doodles - G_6e786d/h1_The story behind Doodles")): Object 'Object Repository/Page_The Story and Evolution of Doodles - G_6e786d/h1_The story behind Doodles' is visible

17-06-2024T18:20:34 - [MESSAGE][PASSED] - Object 'Object Repository/Page_The Story and Evolution of Doodles - G_6e786d/h1_The story behind Doodles' is visible

17-06-2024T18:20:34 - [TEST_STEP][PASSED] - verifyElementVisible(findTestObject("Object Repository/Page_The Story and Evolution of Doodles - G_6e786d/p_The first Doodle was a simple out-of-offi_345e61")): Object 'Object Repository/Page_The Story and Evolution of Doodles - G_6e786d/p_The first Doodle was a simple out-of-offi_345e61' is visible

17-06-2024T18:20:34 - [MESSAGE][PASSED] - Object 'Object Repository/Page_The Story and Evolution of Doodles - G_6e786d/p_The first Doodle was a simple out-of-offi_345e61' is visible

17-06-2024T18:20:34 - [TEST_STEP][PASSED] - verifyElementVisible(findTestObject("Object Repository/Page_The Story and Evolution of Doodles - G_6e786d/h2_Weve created more than 5,000 Doodles ove_111429")): Object 'Object Repository/Page_The Story and Evolution of Doodles - G_6e786d/h2_Weve created more than 5,000 Doodles ove_111429' is visible

17-06-2024T18:20:35 - [MESSAGE][PASSED] - Object 'Object Repository/Page_The Story and Evolution of Doodles - G_6e786d/h2_Weve created more than 5,000 Doodles ove_111429' is visible

17-06-2024T18:20:35 - [TEST_STEP][PASSED] - click(findTestObject("Object Repository/Page_The Story and Evolution of Doodles - G_6e786d/p_The first Doodle was a simple out-of-offi_345e61")): Object: 'Object Repository/Page_The Story and Evolution of Doodles - G_6e786d/p_The first Doodle was a simple out-of-offi_345e61' is clicked on

17-06-2024T18:20:35 - [MESSAGE][PASSED] - Object: 'Object Repository/Page_The Story and Evolution of Doodles - G_6e786d/p_The first Doodle was a simple out-of-offi_345e61' is clicked on

17-06-2024T18:20:35 - [TEST_STEP][PASSED] - verifyElementVisible(findTestObject("Object Repository/Page_The Story and Evolution of Doodles - G_6e786d/h1_The story behind Doodles")): Object 'Object Repository/Page_The Story and Evolution of Doodles - G_6e786d/h1_The story behind Doodles' is visible

17-06-2024T18:20:35 - [MESSAGE][PASSED] - Object 'Object Repository/Page_The Story and Evolution of Doodles - G_6e786d/h1_The story behind Doodles' is visible

17-06-2024T18:20:35 - [TEST_STEP][PASSED] - verifyElementVisible(findTestObject("Object Repository/Page_The Story and Evolution of Doodles - G_6e786d/p_The first Doodle was a simple out-of-offi_345e61")): Object 'Object Repository/Page_The Story and Evolution of Doodles - G_6e786d/p_The first Doodle was a simple out-of-offi_345e61' is visible

17-06-2024T18:20:36 - [MESSAGE][PASSED] - Object 'Object Repository/Page_The Story and Evolution of Doodles - G_6e786d/p_The first Doodle was a simple out-of-offi_345e61' is visible

17-06-2024T18:20:36 - [TEST_STEP][PASSED] - verifyElementVisible(findTestObject("Object Repository/Page_The Story and Evolution of Doodles - G_6e786d/h2_Weve created more than 5,000 Doodles ove_111429")): Object 'Object Repository/Page_The Story and Evolution of Doodles - G_6e786d/h2_Weve created more than 5,000 Doodles ove_111429' is visible

17-06-2024T18:20:36 - [MESSAGE][PASSED] - Object 'Object Repository/Page_The Story and Evolution of Doodles - G_6e786d/h2_Weve created more than 5,000 Doodles ove_111429' is visible

17-06-2024T18:20:36 - [TEST_STEP][PASSED] - click(findTestObject("Object Repository/Page_The Story and Evolution of Doodles - G_6e786d/p_The first Doodle was a simple out-of-offi_345e61")): Object: 'Object Repository/Page_The Story and Evolution of Doodles - G_6e786d/p_The first Doodle was a simple out-of-offi_345e61' is clicked on

17-06-2024T18:20:36 - [MESSAGE][PASSED] - Object: 'Object Repository/Page_The Story and Evolution of Doodles - G_6e786d/p_The first Doodle was a simple out-of-offi_345e61' is clicked on

17-06-2024T18:20:36 - [TEST_STEP][PASSED] - verifyElementVisible(findTestObject("Object Repository/Page_The Story and Evolution of Doodles - G_6e786d/h1_The story behind Doodles")): Object 'Object Repository/Page_The Story and Evolution of Doodles - G_6e786d/h1_The story behind Doodles' is visible

17-06-2024T18:20:37 - [MESSAGE][PASSED] - Object 'Object Repository/Page_The Story and Evolution of Doodles - G_6e786d/h1_The story behind Doodles' is visible

17-06-2024T18:20:37 - [TEST_STEP][PASSED] - verifyElementVisible(findTestObject("Object Repository/Page_The Story and Evolution of Doodles - G_6e786d/p_The first Doodle was a simple out-of-offi_345e61")): Object 'Object Repository/Page_The Story and Evolution of Doodles - G_6e786d/p_The first Doodle was a simple out-of-offi_345e61' is visible

17-06-2024T18:20:37 - [MESSAGE][PASSED] - Object 'Object Repository/Page_The Story and Evolution of Doodles - G_6e786d/p_The first Doodle was a simple out-of-offi_345e61' is visible

17-06-2024T18:20:37 - [TEST_STEP][PASSED] - verifyElementVisible(findTestObject("Object Repository/Page_The Story and Evolution of Doodles - G_6e786d/h2_Weve created more than 5,000 Doodles ove_111429")): Object 'Object Repository/Page_The Story and Evolution of Doodles - G_6e786d/h2_Weve created more than 5,000 Doodles ove_111429' is visible

17-06-2024T18:20:37 - [MESSAGE][PASSED] - Object 'Object Repository/Page_The Story and Evolution of Doodles - G_6e786d/h2_Weve created more than 5,000 Doodles ove_111429' is visible

17-06-2024T18:20:37 - [TEST_STEP][PASSED] - click(findTestObject("Object Repository/Page_The Story and Evolution of Doodles - G_6e786d/p_The first Doodle was a simple out-of-offi_345e61")): Object: 'Object Repository/Page_The Story and Evolution of Doodles - G_6e786d/p_The first Doodle was a simple out-of-offi_345e61' is clicked on

17-06-2024T18:20:38 - [MESSAGE][PASSED] - Object: 'Object Repository/Page_The Story and Evolution of Doodles - G_6e786d/p_The first Doodle was a simple out-of-offi_345e61' is clicked on

17-06-2024T18:20:38 - [TEST_STEP][PASSED] - verifyElementVisible(findTestObject("Object Repository/Page_The Story and Evolution of Doodles - G_6e786d/h1_The story behind Doodles")): Object 'Object Repository/Page_The Story and Evolution of Doodles - G_6e786d/h1_The story behind Doodles' is visible

17-06-2024T18:20:38 - [MESSAGE][PASSED] - Object 'Object Repository/Page_The Story and Evolution of Doodles - G_6e786d/h1_The story behind Doodles' is visible

17-06-2024T18:20:38 - [TEST_STEP][PASSED] - verifyElementVisible(findTestObject("Object Repository/Page_The Story and Evolution of Doodles - G_6e786d/p_The first Doodle was a simple out-of-offi_345e61")): Object 'Object Repository/Page_The Story and Evolution of Doodles - G_6e786d/p_The first Doodle was a simple out-of-offi_345e61' is visible

17-06-2024T18:20:38 - [MESSAGE][PASSED] - Object 'Object Repository/Page_The Story and Evolution of Doodles - G_6e786d/p_The first Doodle was a simple out-of-offi_345e61' is visible

17-06-2024T18:20:38 - [TEST_STEP][PASSED] - verifyElementVisible(findTestObject("Object Repository/Page_The Story and Evolution of Doodles - G_6e786d/h2_Weve created more than 5,000 Doodles ove_111429")): Object 'Object Repository/Page_The Story and Evolution of Doodles - G_6e786d/h2_Weve created more than 5,000 Doodles ove_111429' is visible

17-06-2024T18:20:39 - [MESSAGE][PASSED] - Object 'Object Repository/Page_The Story and Evolution of Doodles - G_6e786d/h2_Weve created more than 5,000 Doodles ove_111429' is visible

17-06-2024T18:20:39 - [TEST_STEP][PASSED] - click(findTestObject("Object Repository/Page_The Story and Evolution of Doodles - G_6e786d/p_The first Doodle was a simple out-of-offi_345e61")): Object: 'Object Repository/Page_The Story and Evolution of Doodles - G_6e786d/p_The first Doodle was a simple out-of-offi_345e61' is clicked on

17-06-2024T18:20:39 - [MESSAGE][PASSED] - Object: 'Object Repository/Page_The Story and Evolution of Doodles - G_6e786d/p_The first Doodle was a simple out-of-offi_345e61' is clicked on

17-06-2024T18:20:39 - [TEST_STEP][PASSED] - verifyElementVisible(findTestObject("Object Repository/Page_The Story and Evolution of Doodles - G_6e786d/h1_The story behind Doodles")): Object 'Object Repository/Page_The Story and Evolution of Doodles - G_6e786d/h1_The story behind Doodles' is visible

17-06-2024T18:20:39 - [MESSAGE][PASSED] - Object 'Object Repository/Page_The Story and Evolution of Doodles - G_6e786d/h1_The story behind Doodles' is visible

17-06-2024T18:20:39 - [TEST_STEP][PASSED] - verifyElementVisible(findTestObject("Object Repository/Page_The Story and Evolution of Doodles - G_6e786d/p_The first Doodle was a simple out-of-offi_345e61")): Object 'Object Repository/Page_The Story and Evolution of Doodles - G_6e786d/p_The first Doodle was a simple out-of-offi_345e61' is visible

17-06-2024T18:20:40 - [MESSAGE][PASSED] - Object 'Object Repository/Page_The Story and Evolution of Doodles - G_6e786d/p_The first Doodle was a simple out-of-offi_345e61' is visible

17-06-2024T18:20:40 - [TEST_STEP][PASSED] - verifyElementVisible(findTestObject("Object Repository/Page_The Story and Evolution of Doodles - G_6e786d/h2_Weve created more than 5,000 Doodles ove_111429")): Object 'Object Repository/Page_The Story and Evolution of Doodles - G_6e786d/h2_Weve created more than 5,000 Doodles ove_111429' is visible

17-06-2024T18:20:40 - [MESSAGE][PASSED] - Object 'Object Repository/Page_The Story and Evolution of Doodles - G_6e786d/h2_Weve created more than 5,000 Doodles ove_111429' is visible

17-06-2024T18:20:40 - [TEST_STEP][PASSED] - click(findTestObject("Object Repository/Page_The Story and Evolution of Doodles - G_6e786d/p_The first Doodle was a simple out-of-offi_345e61")): Object: 'Object Repository/Page_The Story and Evolution of Doodles - G_6e786d/p_The first Doodle was a simple out-of-offi_345e61' is clicked on

17-06-2024T18:20:41 - [MESSAGE][PASSED] - Object: 'Object Repository/Page_The Story and Evolution of Doodles - G_6e786d/p_The first Doodle was a simple out-of-offi_345e61' is clicked on

17-06-2024T18:20:41 - [TEST_STEP][PASSED] - verifyElementVisible(findTestObject("Object Repository/Page_The Story and Evolution of Doodles - G_6e786d/h1_The story behind Doodles")): Object 'Object Repository/Page_The Story and Evolution of Doodles - G_6e786d/h1_The story behind Doodles' is visible

17-06-2024T18:20:41 - [MESSAGE][PASSED] - Object 'Object Repository/Page_The Story and Evolution of Doodles - G_6e786d/h1_The story behind Doodles' is visible

17-06-2024T18:20:41 - [TEST_STEP][PASSED] - verifyElementVisible(findTestObject("Object Repository/Page_The Story and Evolution of Doodles - G_6e786d/p_The first Doodle was a simple out-of-offi_345e61")): Object 'Object Repository/Page_The Story and Evolution of Doodles - G_6e786d/p_The first Doodle was a simple out-of-offi_345e61' is visible

17-06-2024T18:20:41 - [MESSAGE][PASSED] - Object 'Object Repository/Page_The Story and Evolution of Doodles - G_6e786d/p_The first Doodle was a simple out-of-offi_345e61' is visible

17-06-2024T18:20:41 - [TEST_STEP][PASSED] - verifyElementVisible(findTestObject("Object Repository/Page_The Story and Evolution of Doodles - G_6e786d/h2_Weve created more than 5,000 Doodles ove_111429")): Object 'Object Repository/Page_The Story and Evolution of Doodles - G_6e786d/h2_Weve created more than 5,000 Doodles ove_111429' is visible

17-06-2024T18:20:42 - [MESSAGE][PASSED] - Object 'Object Repository/Page_The Story and Evolution of Doodles - G_6e786d/h2_Weve created more than 5,000 Doodles ove_111429' is visible

17-06-2024T18:20:42 - [TEST_STEP][PASSED] - click(findTestObject("Object Repository/Page_The Story and Evolution of Doodles - G_6e786d/p_The first Doodle was a simple out-of-offi_345e61")): Object: 'Object Repository/Page_The Story and Evolution of Doodles - G_6e786d/p_The first Doodle was a simple out-of-offi_345e61' is clicked on

17-06-2024T18:20:42 - [MESSAGE][PASSED] - Object: 'Object Repository/Page_The Story and Evolution of Doodles - G_6e786d/p_The first Doodle was a simple out-of-offi_345e61' is clicked on

17-06-2024T18:20:42 - [TEST_STEP][PASSED] - verifyElementVisible(findTestObject("Object Repository/Page_The Story and Evolution of Doodles - G_6e786d/h1_The story behind Doodles")): Object 'Object Repository/Page_The Story and Evolution of Doodles - G_6e786d/h1_The story behind Doodles' is visible

17-06-2024T18:20:42 - [MESSAGE][PASSED] - Object 'Object Repository/Page_The Story and Evolution of Doodles - G_6e786d/h1_The story behind Doodles' is visible

17-06-2024T18:20:42 - [TEST_STEP][PASSED] - verifyElementVisible(findTestObject("Object Repository/Page_The Story and Evolution of Doodles - G_6e786d/p_The first Doodle was a simple out-of-offi_345e61")): Object 'Object Repository/Page_The Story and Evolution of Doodles - G_6e786d/p_The first Doodle was a simple out-of-offi_345e61' is visible

17-06-2024T18:20:43 - [MESSAGE][PASSED] - Object 'Object Repository/Page_The Story and Evolution of Doodles - G_6e786d/p_The first Doodle was a simple out-of-offi_345e61' is visible

17-06-2024T18:20:43 - [TEST_STEP][PASSED] - verifyElementVisible(findTestObject("Object Repository/Page_The Story and Evolution of Doodles - G_6e786d/h2_Weve created more than 5,000 Doodles ove_111429")): Object 'Object Repository/Page_The Story and Evolution of Doodles - G_6e786d/h2_Weve created more than 5,000 Doodles ove_111429' is visible

17-06-2024T18:20:43 - [MESSAGE][PASSED] - Object 'Object Repository/Page_The Story and Evolution of Doodles - G_6e786d/h2_Weve created more than 5,000 Doodles ove_111429' is visible

17-06-2024T18:20:43 - [TEST_STEP][PASSED] - click(findTestObject("Object Repository/Page_The Story and Evolution of Doodles - G_6e786d/p_The first Doodle was a simple out-of-offi_345e61")): Object: 'Object Repository/Page_The Story and Evolution of Doodles - G_6e786d/p_The first Doodle was a simple out-of-offi_345e61' is clicked on

17-06-2024T18:20:43 - [MESSAGE][PASSED] - Object: 'Object Repository/Page_The Story and Evolution of Doodles - G_6e786d/p_The first Doodle was a simple out-of-offi_345e61' is clicked on

17-06-2024T18:20:43 - [TEST_STEP][PASSED] - verifyElementVisible(findTestObject("Object Repository/Page_The Story and Evolution of Doodles - G_6e786d/h1_The story behind Doodles")): Object 'Object Repository/Page_The Story and Evolution of Doodles - G_6e786d/h1_The story behind Doodles' is visible

17-06-2024T18:20:44 - [MESSAGE][PASSED] - Object 'Object Repository/Page_The Story and Evolution of Doodles - G_6e786d/h1_The story behind Doodles' is visible

17-06-2024T18:20:44 - [TEST_STEP][PASSED] - verifyElementVisible(findTestObject("Object Repository/Page_The Story and Evolution of Doodles - G_6e786d/p_The first Doodle was a simple out-of-offi_345e61")): Object 'Object Repository/Page_The Story and Evolution of Doodles - G_6e786d/p_The first Doodle was a simple out-of-offi_345e61' is visible

17-06-2024T18:20:44 - [MESSAGE][PASSED] - Object 'Object Repository/Page_The Story and Evolution of Doodles - G_6e786d/p_The first Doodle was a simple out-of-offi_345e61' is visible

17-06-2024T18:20:44 - [TEST_STEP][PASSED] - verifyElementVisible(findTestObject("Object Repository/Page_The Story and Evolution of Doodles - G_6e786d/h2_Weve created more than 5,000 Doodles ove_111429")): Object 'Object Repository/Page_The Story and Evolution of Doodles - G_6e786d/h2_Weve created more than 5,000 Doodles ove_111429' is visible

17-06-2024T18:20:44 - [MESSAGE][PASSED] - Object 'Object Repository/Page_The Story and Evolution of Doodles - G_6e786d/h2_Weve created more than 5,000 Doodles ove_111429' is visible]]></system-out>
         <system-err><![CDATA[]]></system-err>
      </testcase>
      <testcase name="Test Cases/test case folder 1/tc1 - Copy (3) - Copy (1)" time="32.154" classname="Test Cases/test case folder 1/tc1 - Copy (3) - Copy (1)" status="PASSED">
         <system-out><![CDATA[17-06-2024T18:20:44 - [TEST_CASE][PASSED] - Test Cases/test case folder 1/tc1 - Copy (3) - Copy (1): Test Cases/test case folder 1/tc1 - Copy (3) - Copy (1)

17-06-2024T18:20:44 - [TEST_STEP][PASSED] - openBrowser(""): Browser is opened with url: ''

17-06-2024T18:20:44 - [MESSAGE][WARNING] - A browser is already opened. Closing browser and opening a new one

17-06-2024T18:20:45 - [MESSAGE][INFO] - Starting 'Chrome (headless)' driver

17-06-2024T18:20:45 - [MESSAGE][INFO] - Action delay is set to 0 milliseconds

17-06-2024T18:20:46 - [MESSAGE][PASSED] - Browser is opened with url: ''

17-06-2024T18:20:46 - [TEST_STEP][PASSED] - navigateToUrl("https://doodles.google/about/"): Navigate to 'https://doodles.google/about/' successfully

17-06-2024T18:21:02 - [MESSAGE][PASSED] - Navigate to 'https://doodles.google/about/' successfully

17-06-2024T18:21:02 - [TEST_STEP][PASSED] - click(findTestObject("Object Repository/Page_The Story and Evolution of Doodles - G_6e786d/p_The first Doodle was a simple out-of-offi_345e61")): Object: 'Object Repository/Page_The Story and Evolution of Doodles - G_6e786d/p_The first Doodle was a simple out-of-offi_345e61' is clicked on

17-06-2024T18:21:02 - [MESSAGE][PASSED] - Object: 'Object Repository/Page_The Story and Evolution of Doodles - G_6e786d/p_The first Doodle was a simple out-of-offi_345e61' is clicked on

17-06-2024T18:21:02 - [TEST_STEP][PASSED] - click(findTestObject("Object Repository/Page_The Story and Evolution of Doodles - G_6e786d/p_The first Doodle was a simple out-of-offi_345e61")): Object: 'Object Repository/Page_The Story and Evolution of Doodles - G_6e786d/p_The first Doodle was a simple out-of-offi_345e61' is clicked on

17-06-2024T18:21:02 - [MESSAGE][PASSED] - Object: 'Object Repository/Page_The Story and Evolution of Doodles - G_6e786d/p_The first Doodle was a simple out-of-offi_345e61' is clicked on

17-06-2024T18:21:02 - [TEST_STEP][PASSED] - verifyElementVisible(findTestObject("Object Repository/Page_The Story and Evolution of Doodles - G_6e786d/h1_The story behind Doodles")): Object 'Object Repository/Page_The Story and Evolution of Doodles - G_6e786d/h1_The story behind Doodles' is visible

17-06-2024T18:21:03 - [MESSAGE][PASSED] - Object 'Object Repository/Page_The Story and Evolution of Doodles - G_6e786d/h1_The story behind Doodles' is visible

17-06-2024T18:21:03 - [TEST_STEP][PASSED] - verifyElementVisible(findTestObject("Object Repository/Page_The Story and Evolution of Doodles - G_6e786d/p_The first Doodle was a simple out-of-offi_345e61")): Object 'Object Repository/Page_The Story and Evolution of Doodles - G_6e786d/p_The first Doodle was a simple out-of-offi_345e61' is visible

17-06-2024T18:21:03 - [MESSAGE][PASSED] - Object 'Object Repository/Page_The Story and Evolution of Doodles - G_6e786d/p_The first Doodle was a simple out-of-offi_345e61' is visible

17-06-2024T18:21:03 - [TEST_STEP][PASSED] - verifyElementVisible(findTestObject("Object Repository/Page_The Story and Evolution of Doodles - G_6e786d/h2_Weve created more than 5,000 Doodles ove_111429")): Object 'Object Repository/Page_The Story and Evolution of Doodles - G_6e786d/h2_Weve created more than 5,000 Doodles ove_111429' is visible

17-06-2024T18:21:03 - [MESSAGE][PASSED] - Object 'Object Repository/Page_The Story and Evolution of Doodles - G_6e786d/h2_Weve created more than 5,000 Doodles ove_111429' is visible

17-06-2024T18:21:03 - [TEST_STEP][PASSED] - verifyElementVisible(findTestObject("Object Repository/Page_The Story and Evolution of Doodles - G_6e786d/h1_The story behind Doodles")): Object 'Object Repository/Page_The Story and Evolution of Doodles - G_6e786d/h1_The story behind Doodles' is visible

17-06-2024T18:21:04 - [MESSAGE][PASSED] - Object 'Object Repository/Page_The Story and Evolution of Doodles - G_6e786d/h1_The story behind Doodles' is visible

17-06-2024T18:21:04 - [TEST_STEP][PASSED] - verifyElementVisible(findTestObject("Object Repository/Page_The Story and Evolution of Doodles - G_6e786d/p_The first Doodle was a simple out-of-offi_345e61")): Object 'Object Repository/Page_The Story and Evolution of Doodles - G_6e786d/p_The first Doodle was a simple out-of-offi_345e61' is visible

17-06-2024T18:21:04 - [MESSAGE][PASSED] - Object 'Object Repository/Page_The Story and Evolution of Doodles - G_6e786d/p_The first Doodle was a simple out-of-offi_345e61' is visible

17-06-2024T18:21:04 - [TEST_STEP][PASSED] - verifyElementVisible(findTestObject("Object Repository/Page_The Story and Evolution of Doodles - G_6e786d/h2_Weve created more than 5,000 Doodles ove_111429")): Object 'Object Repository/Page_The Story and Evolution of Doodles - G_6e786d/h2_Weve created more than 5,000 Doodles ove_111429' is visible

17-06-2024T18:21:04 - [MESSAGE][PASSED] - Object 'Object Repository/Page_The Story and Evolution of Doodles - G_6e786d/h2_Weve created more than 5,000 Doodles ove_111429' is visible

17-06-2024T18:21:04 - [TEST_STEP][PASSED] - click(findTestObject("Object Repository/Page_The Story and Evolution of Doodles - G_6e786d/p_The first Doodle was a simple out-of-offi_345e61")): Object: 'Object Repository/Page_The Story and Evolution of Doodles - G_6e786d/p_The first Doodle was a simple out-of-offi_345e61' is clicked on

17-06-2024T18:21:05 - [MESSAGE][PASSED] - Object: 'Object Repository/Page_The Story and Evolution of Doodles - G_6e786d/p_The first Doodle was a simple out-of-offi_345e61' is clicked on

17-06-2024T18:21:05 - [TEST_STEP][PASSED] - verifyElementVisible(findTestObject("Object Repository/Page_The Story and Evolution of Doodles - G_6e786d/h1_The story behind Doodles")): Object 'Object Repository/Page_The Story and Evolution of Doodles - G_6e786d/h1_The story behind Doodles' is visible

17-06-2024T18:21:05 - [MESSAGE][PASSED] - Object 'Object Repository/Page_The Story and Evolution of Doodles - G_6e786d/h1_The story behind Doodles' is visible

17-06-2024T18:21:05 - [TEST_STEP][PASSED] - verifyElementVisible(findTestObject("Object Repository/Page_The Story and Evolution of Doodles - G_6e786d/p_The first Doodle was a simple out-of-offi_345e61")): Object 'Object Repository/Page_The Story and Evolution of Doodles - G_6e786d/p_The first Doodle was a simple out-of-offi_345e61' is visible

17-06-2024T18:21:05 - [MESSAGE][PASSED] - Object 'Object Repository/Page_The Story and Evolution of Doodles - G_6e786d/p_The first Doodle was a simple out-of-offi_345e61' is visible

17-06-2024T18:21:05 - [TEST_STEP][PASSED] - verifyElementVisible(findTestObject("Object Repository/Page_The Story and Evolution of Doodles - G_6e786d/h2_Weve created more than 5,000 Doodles ove_111429")): Object 'Object Repository/Page_The Story and Evolution of Doodles - G_6e786d/h2_Weve created more than 5,000 Doodles ove_111429' is visible

17-06-2024T18:21:06 - [MESSAGE][PASSED] - Object 'Object Repository/Page_The Story and Evolution of Doodles - G_6e786d/h2_Weve created more than 5,000 Doodles ove_111429' is visible

17-06-2024T18:21:06 - [TEST_STEP][PASSED] - click(findTestObject("Object Repository/Page_The Story and Evolution of Doodles - G_6e786d/p_The first Doodle was a simple out-of-offi_345e61")): Object: 'Object Repository/Page_The Story and Evolution of Doodles - G_6e786d/p_The first Doodle was a simple out-of-offi_345e61' is clicked on

17-06-2024T18:21:06 - [MESSAGE][PASSED] - Object: 'Object Repository/Page_The Story and Evolution of Doodles - G_6e786d/p_The first Doodle was a simple out-of-offi_345e61' is clicked on

17-06-2024T18:21:06 - [TEST_STEP][PASSED] - verifyElementVisible(findTestObject("Object Repository/Page_The Story and Evolution of Doodles - G_6e786d/h1_The story behind Doodles")): Object 'Object Repository/Page_The Story and Evolution of Doodles - G_6e786d/h1_The story behind Doodles' is visible

17-06-2024T18:21:06 - [MESSAGE][PASSED] - Object 'Object Repository/Page_The Story and Evolution of Doodles - G_6e786d/h1_The story behind Doodles' is visible

17-06-2024T18:21:06 - [TEST_STEP][PASSED] - verifyElementVisible(findTestObject("Object Repository/Page_The Story and Evolution of Doodles - G_6e786d/p_The first Doodle was a simple out-of-offi_345e61")): Object 'Object Repository/Page_The Story and Evolution of Doodles - G_6e786d/p_The first Doodle was a simple out-of-offi_345e61' is visible

17-06-2024T18:21:07 - [MESSAGE][PASSED] - Object 'Object Repository/Page_The Story and Evolution of Doodles - G_6e786d/p_The first Doodle was a simple out-of-offi_345e61' is visible

17-06-2024T18:21:07 - [TEST_STEP][PASSED] - verifyElementVisible(findTestObject("Object Repository/Page_The Story and Evolution of Doodles - G_6e786d/h2_Weve created more than 5,000 Doodles ove_111429")): Object 'Object Repository/Page_The Story and Evolution of Doodles - G_6e786d/h2_Weve created more than 5,000 Doodles ove_111429' is visible

17-06-2024T18:21:07 - [MESSAGE][PASSED] - Object 'Object Repository/Page_The Story and Evolution of Doodles - G_6e786d/h2_Weve created more than 5,000 Doodles ove_111429' is visible

17-06-2024T18:21:07 - [TEST_STEP][PASSED] - click(findTestObject("Object Repository/Page_The Story and Evolution of Doodles - G_6e786d/p_The first Doodle was a simple out-of-offi_345e61")): Object: 'Object Repository/Page_The Story and Evolution of Doodles - G_6e786d/p_The first Doodle was a simple out-of-offi_345e61' is clicked on

17-06-2024T18:21:07 - [MESSAGE][PASSED] - Object: 'Object Repository/Page_The Story and Evolution of Doodles - G_6e786d/p_The first Doodle was a simple out-of-offi_345e61' is clicked on

17-06-2024T18:21:07 - [TEST_STEP][PASSED] - verifyElementVisible(findTestObject("Object Repository/Page_The Story and Evolution of Doodles - G_6e786d/h1_The story behind Doodles")): Object 'Object Repository/Page_The Story and Evolution of Doodles - G_6e786d/h1_The story behind Doodles' is visible

17-06-2024T18:21:08 - [MESSAGE][PASSED] - Object 'Object Repository/Page_The Story and Evolution of Doodles - G_6e786d/h1_The story behind Doodles' is visible

17-06-2024T18:21:08 - [TEST_STEP][PASSED] - verifyElementVisible(findTestObject("Object Repository/Page_The Story and Evolution of Doodles - G_6e786d/p_The first Doodle was a simple out-of-offi_345e61")): Object 'Object Repository/Page_The Story and Evolution of Doodles - G_6e786d/p_The first Doodle was a simple out-of-offi_345e61' is visible

17-06-2024T18:21:08 - [MESSAGE][PASSED] - Object 'Object Repository/Page_The Story and Evolution of Doodles - G_6e786d/p_The first Doodle was a simple out-of-offi_345e61' is visible

17-06-2024T18:21:08 - [TEST_STEP][PASSED] - verifyElementVisible(findTestObject("Object Repository/Page_The Story and Evolution of Doodles - G_6e786d/h2_Weve created more than 5,000 Doodles ove_111429")): Object 'Object Repository/Page_The Story and Evolution of Doodles - G_6e786d/h2_Weve created more than 5,000 Doodles ove_111429' is visible

17-06-2024T18:21:08 - [MESSAGE][PASSED] - Object 'Object Repository/Page_The Story and Evolution of Doodles - G_6e786d/h2_Weve created more than 5,000 Doodles ove_111429' is visible

17-06-2024T18:21:08 - [TEST_STEP][PASSED] - click(findTestObject("Object Repository/Page_The Story and Evolution of Doodles - G_6e786d/p_The first Doodle was a simple out-of-offi_345e61")): Object: 'Object Repository/Page_The Story and Evolution of Doodles - G_6e786d/p_The first Doodle was a simple out-of-offi_345e61' is clicked on

17-06-2024T18:21:09 - [MESSAGE][PASSED] - Object: 'Object Repository/Page_The Story and Evolution of Doodles - G_6e786d/p_The first Doodle was a simple out-of-offi_345e61' is clicked on

17-06-2024T18:21:09 - [TEST_STEP][PASSED] - verifyElementVisible(findTestObject("Object Repository/Page_The Story and Evolution of Doodles - G_6e786d/h1_The story behind Doodles")): Object 'Object Repository/Page_The Story and Evolution of Doodles - G_6e786d/h1_The story behind Doodles' is visible

17-06-2024T18:21:09 - [MESSAGE][PASSED] - Object 'Object Repository/Page_The Story and Evolution of Doodles - G_6e786d/h1_The story behind Doodles' is visible

17-06-2024T18:21:09 - [TEST_STEP][PASSED] - verifyElementVisible(findTestObject("Object Repository/Page_The Story and Evolution of Doodles - G_6e786d/p_The first Doodle was a simple out-of-offi_345e61")): Object 'Object Repository/Page_The Story and Evolution of Doodles - G_6e786d/p_The first Doodle was a simple out-of-offi_345e61' is visible

17-06-2024T18:21:09 - [MESSAGE][PASSED] - Object 'Object Repository/Page_The Story and Evolution of Doodles - G_6e786d/p_The first Doodle was a simple out-of-offi_345e61' is visible

17-06-2024T18:21:09 - [TEST_STEP][PASSED] - verifyElementVisible(findTestObject("Object Repository/Page_The Story and Evolution of Doodles - G_6e786d/h2_Weve created more than 5,000 Doodles ove_111429")): Object 'Object Repository/Page_The Story and Evolution of Doodles - G_6e786d/h2_Weve created more than 5,000 Doodles ove_111429' is visible

17-06-2024T18:21:10 - [MESSAGE][PASSED] - Object 'Object Repository/Page_The Story and Evolution of Doodles - G_6e786d/h2_Weve created more than 5,000 Doodles ove_111429' is visible

17-06-2024T18:21:10 - [TEST_STEP][PASSED] - click(findTestObject("Object Repository/Page_The Story and Evolution of Doodles - G_6e786d/p_The first Doodle was a simple out-of-offi_345e61")): Object: 'Object Repository/Page_The Story and Evolution of Doodles - G_6e786d/p_The first Doodle was a simple out-of-offi_345e61' is clicked on

17-06-2024T18:21:10 - [MESSAGE][PASSED] - Object: 'Object Repository/Page_The Story and Evolution of Doodles - G_6e786d/p_The first Doodle was a simple out-of-offi_345e61' is clicked on

17-06-2024T18:21:10 - [TEST_STEP][PASSED] - verifyElementVisible(findTestObject("Object Repository/Page_The Story and Evolution of Doodles - G_6e786d/h1_The story behind Doodles")): Object 'Object Repository/Page_The Story and Evolution of Doodles - G_6e786d/h1_The story behind Doodles' is visible

17-06-2024T18:21:10 - [MESSAGE][PASSED] - Object 'Object Repository/Page_The Story and Evolution of Doodles - G_6e786d/h1_The story behind Doodles' is visible

17-06-2024T18:21:10 - [TEST_STEP][PASSED] - verifyElementVisible(findTestObject("Object Repository/Page_The Story and Evolution of Doodles - G_6e786d/p_The first Doodle was a simple out-of-offi_345e61")): Object 'Object Repository/Page_The Story and Evolution of Doodles - G_6e786d/p_The first Doodle was a simple out-of-offi_345e61' is visible

17-06-2024T18:21:11 - [MESSAGE][PASSED] - Object 'Object Repository/Page_The Story and Evolution of Doodles - G_6e786d/p_The first Doodle was a simple out-of-offi_345e61' is visible

17-06-2024T18:21:11 - [TEST_STEP][PASSED] - verifyElementVisible(findTestObject("Object Repository/Page_The Story and Evolution of Doodles - G_6e786d/h2_Weve created more than 5,000 Doodles ove_111429")): Object 'Object Repository/Page_The Story and Evolution of Doodles - G_6e786d/h2_Weve created more than 5,000 Doodles ove_111429' is visible

17-06-2024T18:21:11 - [MESSAGE][PASSED] - Object 'Object Repository/Page_The Story and Evolution of Doodles - G_6e786d/h2_Weve created more than 5,000 Doodles ove_111429' is visible

17-06-2024T18:21:11 - [TEST_STEP][PASSED] - click(findTestObject("Object Repository/Page_The Story and Evolution of Doodles - G_6e786d/p_The first Doodle was a simple out-of-offi_345e61")): Object: 'Object Repository/Page_The Story and Evolution of Doodles - G_6e786d/p_The first Doodle was a simple out-of-offi_345e61' is clicked on

17-06-2024T18:21:11 - [MESSAGE][PASSED] - Object: 'Object Repository/Page_The Story and Evolution of Doodles - G_6e786d/p_The first Doodle was a simple out-of-offi_345e61' is clicked on

17-06-2024T18:21:11 - [TEST_STEP][PASSED] - verifyElementVisible(findTestObject("Object Repository/Page_The Story and Evolution of Doodles - G_6e786d/h1_The story behind Doodles")): Object 'Object Repository/Page_The Story and Evolution of Doodles - G_6e786d/h1_The story behind Doodles' is visible

17-06-2024T18:21:12 - [MESSAGE][PASSED] - Object 'Object Repository/Page_The Story and Evolution of Doodles - G_6e786d/h1_The story behind Doodles' is visible

17-06-2024T18:21:12 - [TEST_STEP][PASSED] - verifyElementVisible(findTestObject("Object Repository/Page_The Story and Evolution of Doodles - G_6e786d/p_The first Doodle was a simple out-of-offi_345e61")): Object 'Object Repository/Page_The Story and Evolution of Doodles - G_6e786d/p_The first Doodle was a simple out-of-offi_345e61' is visible

17-06-2024T18:21:12 - [MESSAGE][PASSED] - Object 'Object Repository/Page_The Story and Evolution of Doodles - G_6e786d/p_The first Doodle was a simple out-of-offi_345e61' is visible

17-06-2024T18:21:12 - [TEST_STEP][PASSED] - verifyElementVisible(findTestObject("Object Repository/Page_The Story and Evolution of Doodles - G_6e786d/h2_Weve created more than 5,000 Doodles ove_111429")): Object 'Object Repository/Page_The Story and Evolution of Doodles - G_6e786d/h2_Weve created more than 5,000 Doodles ove_111429' is visible

17-06-2024T18:21:12 - [MESSAGE][PASSED] - Object 'Object Repository/Page_The Story and Evolution of Doodles - G_6e786d/h2_Weve created more than 5,000 Doodles ove_111429' is visible

17-06-2024T18:21:12 - [TEST_STEP][PASSED] - click(findTestObject("Object Repository/Page_The Story and Evolution of Doodles - G_6e786d/p_The first Doodle was a simple out-of-offi_345e61")): Object: 'Object Repository/Page_The Story and Evolution of Doodles - G_6e786d/p_The first Doodle was a simple out-of-offi_345e61' is clicked on

17-06-2024T18:21:13 - [MESSAGE][PASSED] - Object: 'Object Repository/Page_The Story and Evolution of Doodles - G_6e786d/p_The first Doodle was a simple out-of-offi_345e61' is clicked on

17-06-2024T18:21:13 - [TEST_STEP][PASSED] - verifyElementVisible(findTestObject("Object Repository/Page_The Story and Evolution of Doodles - G_6e786d/h1_The story behind Doodles")): Object 'Object Repository/Page_The Story and Evolution of Doodles - G_6e786d/h1_The story behind Doodles' is visible

17-06-2024T18:21:13 - [MESSAGE][PASSED] - Object 'Object Repository/Page_The Story and Evolution of Doodles - G_6e786d/h1_The story behind Doodles' is visible

17-06-2024T18:21:13 - [TEST_STEP][PASSED] - verifyElementVisible(findTestObject("Object Repository/Page_The Story and Evolution of Doodles - G_6e786d/p_The first Doodle was a simple out-of-offi_345e61")): Object 'Object Repository/Page_The Story and Evolution of Doodles - G_6e786d/p_The first Doodle was a simple out-of-offi_345e61' is visible

17-06-2024T18:21:13 - [MESSAGE][PASSED] - Object 'Object Repository/Page_The Story and Evolution of Doodles - G_6e786d/p_The first Doodle was a simple out-of-offi_345e61' is visible

17-06-2024T18:21:13 - [TEST_STEP][PASSED] - verifyElementVisible(findTestObject("Object Repository/Page_The Story and Evolution of Doodles - G_6e786d/h2_Weve created more than 5,000 Doodles ove_111429")): Object 'Object Repository/Page_The Story and Evolution of Doodles - G_6e786d/h2_Weve created more than 5,000 Doodles ove_111429' is visible

17-06-2024T18:21:14 - [MESSAGE][PASSED] - Object 'Object Repository/Page_The Story and Evolution of Doodles - G_6e786d/h2_Weve created more than 5,000 Doodles ove_111429' is visible

17-06-2024T18:21:14 - [TEST_STEP][PASSED] - click(findTestObject("Object Repository/Page_The Story and Evolution of Doodles - G_6e786d/p_The first Doodle was a simple out-of-offi_345e61")): Object: 'Object Repository/Page_The Story and Evolution of Doodles - G_6e786d/p_The first Doodle was a simple out-of-offi_345e61' is clicked on

17-06-2024T18:21:14 - [MESSAGE][PASSED] - Object: 'Object Repository/Page_The Story and Evolution of Doodles - G_6e786d/p_The first Doodle was a simple out-of-offi_345e61' is clicked on

17-06-2024T18:21:14 - [TEST_STEP][PASSED] - verifyElementVisible(findTestObject("Object Repository/Page_The Story and Evolution of Doodles - G_6e786d/h1_The story behind Doodles")): Object 'Object Repository/Page_The Story and Evolution of Doodles - G_6e786d/h1_The story behind Doodles' is visible

17-06-2024T18:21:14 - [MESSAGE][PASSED] - Object 'Object Repository/Page_The Story and Evolution of Doodles - G_6e786d/h1_The story behind Doodles' is visible

17-06-2024T18:21:14 - [TEST_STEP][PASSED] - verifyElementVisible(findTestObject("Object Repository/Page_The Story and Evolution of Doodles - G_6e786d/p_The first Doodle was a simple out-of-offi_345e61")): Object 'Object Repository/Page_The Story and Evolution of Doodles - G_6e786d/p_The first Doodle was a simple out-of-offi_345e61' is visible

17-06-2024T18:21:15 - [MESSAGE][PASSED] - Object 'Object Repository/Page_The Story and Evolution of Doodles - G_6e786d/p_The first Doodle was a simple out-of-offi_345e61' is visible

17-06-2024T18:21:15 - [TEST_STEP][PASSED] - verifyElementVisible(findTestObject("Object Repository/Page_The Story and Evolution of Doodles - G_6e786d/h2_Weve created more than 5,000 Doodles ove_111429")): Object 'Object Repository/Page_The Story and Evolution of Doodles - G_6e786d/h2_Weve created more than 5,000 Doodles ove_111429' is visible

17-06-2024T18:21:15 - [MESSAGE][PASSED] - Object 'Object Repository/Page_The Story and Evolution of Doodles - G_6e786d/h2_Weve created more than 5,000 Doodles ove_111429' is visible

17-06-2024T18:21:15 - [TEST_STEP][PASSED] - click(findTestObject("Object Repository/Page_The Story and Evolution of Doodles - G_6e786d/p_The first Doodle was a simple out-of-offi_345e61")): Object: 'Object Repository/Page_The Story and Evolution of Doodles - G_6e786d/p_The first Doodle was a simple out-of-offi_345e61' is clicked on

17-06-2024T18:21:15 - [MESSAGE][PASSED] - Object: 'Object Repository/Page_The Story and Evolution of Doodles - G_6e786d/p_The first Doodle was a simple out-of-offi_345e61' is clicked on

17-06-2024T18:21:15 - [TEST_STEP][PASSED] - verifyElementVisible(findTestObject("Object Repository/Page_The Story and Evolution of Doodles - G_6e786d/h1_The story behind Doodles")): Object 'Object Repository/Page_The Story and Evolution of Doodles - G_6e786d/h1_The story behind Doodles' is visible

17-06-2024T18:21:16 - [MESSAGE][PASSED] - Object 'Object Repository/Page_The Story and Evolution of Doodles - G_6e786d/h1_The story behind Doodles' is visible

17-06-2024T18:21:16 - [TEST_STEP][PASSED] - verifyElementVisible(findTestObject("Object Repository/Page_The Story and Evolution of Doodles - G_6e786d/p_The first Doodle was a simple out-of-offi_345e61")): Object 'Object Repository/Page_The Story and Evolution of Doodles - G_6e786d/p_The first Doodle was a simple out-of-offi_345e61' is visible

17-06-2024T18:21:16 - [MESSAGE][PASSED] - Object 'Object Repository/Page_The Story and Evolution of Doodles - G_6e786d/p_The first Doodle was a simple out-of-offi_345e61' is visible

17-06-2024T18:21:16 - [TEST_STEP][PASSED] - verifyElementVisible(findTestObject("Object Repository/Page_The Story and Evolution of Doodles - G_6e786d/h2_Weve created more than 5,000 Doodles ove_111429")): Object 'Object Repository/Page_The Story and Evolution of Doodles - G_6e786d/h2_Weve created more than 5,000 Doodles ove_111429' is visible

17-06-2024T18:21:16 - [MESSAGE][PASSED] - Object 'Object Repository/Page_The Story and Evolution of Doodles - G_6e786d/h2_Weve created more than 5,000 Doodles ove_111429' is visible]]></system-out>
         <system-err><![CDATA[]]></system-err>
      </testcase>
      <testcase name="Test Cases/test case folder 1/tc1 - Copy (3) - Copy (2)" time="19.372" classname="Test Cases/test case folder 1/tc1 - Copy (3) - Copy (2)" status="PASSED">
         <system-out><![CDATA[17-06-2024T18:21:17 - [TEST_CASE][PASSED] - Test Cases/test case folder 1/tc1 - Copy (3) - Copy (2): Test Cases/test case folder 1/tc1 - Copy (3) - Copy (2)

17-06-2024T18:21:17 - [TEST_STEP][PASSED] - openBrowser(""): Browser is opened with url: ''

17-06-2024T18:21:17 - [MESSAGE][WARNING] - A browser is already opened. Closing browser and opening a new one

17-06-2024T18:21:17 - [MESSAGE][INFO] - Starting 'Chrome (headless)' driver

17-06-2024T18:21:17 - [MESSAGE][INFO] - Action delay is set to 0 milliseconds

17-06-2024T18:21:18 - [MESSAGE][PASSED] - Browser is opened with url: ''

17-06-2024T18:21:18 - [TEST_STEP][PASSED] - navigateToUrl("https://doodles.google/about/"): Navigate to 'https://doodles.google/about/' successfully

17-06-2024T18:21:21 - [MESSAGE][PASSED] - Navigate to 'https://doodles.google/about/' successfully

17-06-2024T18:21:21 - [TEST_STEP][PASSED] - click(findTestObject("Object Repository/Page_The Story and Evolution of Doodles - G_6e786d/p_The first Doodle was a simple out-of-offi_345e61")): Object: 'Object Repository/Page_The Story and Evolution of Doodles - G_6e786d/p_The first Doodle was a simple out-of-offi_345e61' is clicked on

17-06-2024T18:21:21 - [MESSAGE][PASSED] - Object: 'Object Repository/Page_The Story and Evolution of Doodles - G_6e786d/p_The first Doodle was a simple out-of-offi_345e61' is clicked on

17-06-2024T18:21:21 - [TEST_STEP][PASSED] - click(findTestObject("Object Repository/Page_The Story and Evolution of Doodles - G_6e786d/p_The first Doodle was a simple out-of-offi_345e61")): Object: 'Object Repository/Page_The Story and Evolution of Doodles - G_6e786d/p_The first Doodle was a simple out-of-offi_345e61' is clicked on

17-06-2024T18:21:22 - [MESSAGE][PASSED] - Object: 'Object Repository/Page_The Story and Evolution of Doodles - G_6e786d/p_The first Doodle was a simple out-of-offi_345e61' is clicked on

17-06-2024T18:21:22 - [TEST_STEP][PASSED] - verifyElementVisible(findTestObject("Object Repository/Page_The Story and Evolution of Doodles - G_6e786d/h1_The story behind Doodles")): Object 'Object Repository/Page_The Story and Evolution of Doodles - G_6e786d/h1_The story behind Doodles' is visible

17-06-2024T18:21:22 - [MESSAGE][PASSED] - Object 'Object Repository/Page_The Story and Evolution of Doodles - G_6e786d/h1_The story behind Doodles' is visible

17-06-2024T18:21:22 - [TEST_STEP][PASSED] - verifyElementVisible(findTestObject("Object Repository/Page_The Story and Evolution of Doodles - G_6e786d/p_The first Doodle was a simple out-of-offi_345e61")): Object 'Object Repository/Page_The Story and Evolution of Doodles - G_6e786d/p_The first Doodle was a simple out-of-offi_345e61' is visible

17-06-2024T18:21:22 - [MESSAGE][PASSED] - Object 'Object Repository/Page_The Story and Evolution of Doodles - G_6e786d/p_The first Doodle was a simple out-of-offi_345e61' is visible

17-06-2024T18:21:22 - [TEST_STEP][PASSED] - verifyElementVisible(findTestObject("Object Repository/Page_The Story and Evolution of Doodles - G_6e786d/h2_Weve created more than 5,000 Doodles ove_111429")): Object 'Object Repository/Page_The Story and Evolution of Doodles - G_6e786d/h2_Weve created more than 5,000 Doodles ove_111429' is visible

17-06-2024T18:21:23 - [MESSAGE][PASSED] - Object 'Object Repository/Page_The Story and Evolution of Doodles - G_6e786d/h2_Weve created more than 5,000 Doodles ove_111429' is visible

17-06-2024T18:21:23 - [TEST_STEP][PASSED] - verifyElementVisible(findTestObject("Object Repository/Page_The Story and Evolution of Doodles - G_6e786d/h1_The story behind Doodles")): Object 'Object Repository/Page_The Story and Evolution of Doodles - G_6e786d/h1_The story behind Doodles' is visible

17-06-2024T18:21:23 - [MESSAGE][PASSED] - Object 'Object Repository/Page_The Story and Evolution of Doodles - G_6e786d/h1_The story behind Doodles' is visible

17-06-2024T18:21:23 - [TEST_STEP][PASSED] - verifyElementVisible(findTestObject("Object Repository/Page_The Story and Evolution of Doodles - G_6e786d/p_The first Doodle was a simple out-of-offi_345e61")): Object 'Object Repository/Page_The Story and Evolution of Doodles - G_6e786d/p_The first Doodle was a simple out-of-offi_345e61' is visible

17-06-2024T18:21:23 - [MESSAGE][PASSED] - Object 'Object Repository/Page_The Story and Evolution of Doodles - G_6e786d/p_The first Doodle was a simple out-of-offi_345e61' is visible

17-06-2024T18:21:23 - [TEST_STEP][PASSED] - verifyElementVisible(findTestObject("Object Repository/Page_The Story and Evolution of Doodles - G_6e786d/h2_Weve created more than 5,000 Doodles ove_111429")): Object 'Object Repository/Page_The Story and Evolution of Doodles - G_6e786d/h2_Weve created more than 5,000 Doodles ove_111429' is visible

17-06-2024T18:21:24 - [MESSAGE][PASSED] - Object 'Object Repository/Page_The Story and Evolution of Doodles - G_6e786d/h2_Weve created more than 5,000 Doodles ove_111429' is visible

17-06-2024T18:21:24 - [TEST_STEP][PASSED] - click(findTestObject("Object Repository/Page_The Story and Evolution of Doodles - G_6e786d/p_The first Doodle was a simple out-of-offi_345e61")): Object: 'Object Repository/Page_The Story and Evolution of Doodles - G_6e786d/p_The first Doodle was a simple out-of-offi_345e61' is clicked on

17-06-2024T18:21:24 - [MESSAGE][PASSED] - Object: 'Object Repository/Page_The Story and Evolution of Doodles - G_6e786d/p_The first Doodle was a simple out-of-offi_345e61' is clicked on

17-06-2024T18:21:24 - [TEST_STEP][PASSED] - verifyElementVisible(findTestObject("Object Repository/Page_The Story and Evolution of Doodles - G_6e786d/h1_The story behind Doodles")): Object 'Object Repository/Page_The Story and Evolution of Doodles - G_6e786d/h1_The story behind Doodles' is visible

17-06-2024T18:21:24 - [MESSAGE][PASSED] - Object 'Object Repository/Page_The Story and Evolution of Doodles - G_6e786d/h1_The story behind Doodles' is visible

17-06-2024T18:21:24 - [TEST_STEP][PASSED] - verifyElementVisible(findTestObject("Object Repository/Page_The Story and Evolution of Doodles - G_6e786d/p_The first Doodle was a simple out-of-offi_345e61")): Object 'Object Repository/Page_The Story and Evolution of Doodles - G_6e786d/p_The first Doodle was a simple out-of-offi_345e61' is visible

17-06-2024T18:21:25 - [MESSAGE][PASSED] - Object 'Object Repository/Page_The Story and Evolution of Doodles - G_6e786d/p_The first Doodle was a simple out-of-offi_345e61' is visible

17-06-2024T18:21:25 - [TEST_STEP][PASSED] - verifyElementVisible(findTestObject("Object Repository/Page_The Story and Evolution of Doodles - G_6e786d/h2_Weve created more than 5,000 Doodles ove_111429")): Object 'Object Repository/Page_The Story and Evolution of Doodles - G_6e786d/h2_Weve created more than 5,000 Doodles ove_111429' is visible

17-06-2024T18:21:25 - [MESSAGE][PASSED] - Object 'Object Repository/Page_The Story and Evolution of Doodles - G_6e786d/h2_Weve created more than 5,000 Doodles ove_111429' is visible

17-06-2024T18:21:25 - [TEST_STEP][PASSED] - click(findTestObject("Object Repository/Page_The Story and Evolution of Doodles - G_6e786d/p_The first Doodle was a simple out-of-offi_345e61")): Object: 'Object Repository/Page_The Story and Evolution of Doodles - G_6e786d/p_The first Doodle was a simple out-of-offi_345e61' is clicked on

17-06-2024T18:21:25 - [MESSAGE][PASSED] - Object: 'Object Repository/Page_The Story and Evolution of Doodles - G_6e786d/p_The first Doodle was a simple out-of-offi_345e61' is clicked on

17-06-2024T18:21:25 - [TEST_STEP][PASSED] - verifyElementVisible(findTestObject("Object Repository/Page_The Story and Evolution of Doodles - G_6e786d/h1_The story behind Doodles")): Object 'Object Repository/Page_The Story and Evolution of Doodles - G_6e786d/h1_The story behind Doodles' is visible

17-06-2024T18:21:26 - [MESSAGE][PASSED] - Object 'Object Repository/Page_The Story and Evolution of Doodles - G_6e786d/h1_The story behind Doodles' is visible

17-06-2024T18:21:26 - [TEST_STEP][PASSED] - verifyElementVisible(findTestObject("Object Repository/Page_The Story and Evolution of Doodles - G_6e786d/p_The first Doodle was a simple out-of-offi_345e61")): Object 'Object Repository/Page_The Story and Evolution of Doodles - G_6e786d/p_The first Doodle was a simple out-of-offi_345e61' is visible

17-06-2024T18:21:26 - [MESSAGE][PASSED] - Object 'Object Repository/Page_The Story and Evolution of Doodles - G_6e786d/p_The first Doodle was a simple out-of-offi_345e61' is visible

17-06-2024T18:21:26 - [TEST_STEP][PASSED] - verifyElementVisible(findTestObject("Object Repository/Page_The Story and Evolution of Doodles - G_6e786d/h2_Weve created more than 5,000 Doodles ove_111429")): Object 'Object Repository/Page_The Story and Evolution of Doodles - G_6e786d/h2_Weve created more than 5,000 Doodles ove_111429' is visible

17-06-2024T18:21:26 - [MESSAGE][PASSED] - Object 'Object Repository/Page_The Story and Evolution of Doodles - G_6e786d/h2_Weve created more than 5,000 Doodles ove_111429' is visible

17-06-2024T18:21:26 - [TEST_STEP][PASSED] - click(findTestObject("Object Repository/Page_The Story and Evolution of Doodles - G_6e786d/p_The first Doodle was a simple out-of-offi_345e61")): Object: 'Object Repository/Page_The Story and Evolution of Doodles - G_6e786d/p_The first Doodle was a simple out-of-offi_345e61' is clicked on

17-06-2024T18:21:27 - [MESSAGE][PASSED] - Object: 'Object Repository/Page_The Story and Evolution of Doodles - G_6e786d/p_The first Doodle was a simple out-of-offi_345e61' is clicked on

17-06-2024T18:21:27 - [TEST_STEP][PASSED] - verifyElementVisible(findTestObject("Object Repository/Page_The Story and Evolution of Doodles - G_6e786d/h1_The story behind Doodles")): Object 'Object Repository/Page_The Story and Evolution of Doodles - G_6e786d/h1_The story behind Doodles' is visible

17-06-2024T18:21:27 - [MESSAGE][PASSED] - Object 'Object Repository/Page_The Story and Evolution of Doodles - G_6e786d/h1_The story behind Doodles' is visible

17-06-2024T18:21:27 - [TEST_STEP][PASSED] - verifyElementVisible(findTestObject("Object Repository/Page_The Story and Evolution of Doodles - G_6e786d/p_The first Doodle was a simple out-of-offi_345e61")): Object 'Object Repository/Page_The Story and Evolution of Doodles - G_6e786d/p_The first Doodle was a simple out-of-offi_345e61' is visible

17-06-2024T18:21:27 - [MESSAGE][PASSED] - Object 'Object Repository/Page_The Story and Evolution of Doodles - G_6e786d/p_The first Doodle was a simple out-of-offi_345e61' is visible

17-06-2024T18:21:27 - [TEST_STEP][PASSED] - verifyElementVisible(findTestObject("Object Repository/Page_The Story and Evolution of Doodles - G_6e786d/h2_Weve created more than 5,000 Doodles ove_111429")): Object 'Object Repository/Page_The Story and Evolution of Doodles - G_6e786d/h2_Weve created more than 5,000 Doodles ove_111429' is visible

17-06-2024T18:21:28 - [MESSAGE][PASSED] - Object 'Object Repository/Page_The Story and Evolution of Doodles - G_6e786d/h2_Weve created more than 5,000 Doodles ove_111429' is visible

17-06-2024T18:21:28 - [TEST_STEP][PASSED] - click(findTestObject("Object Repository/Page_The Story and Evolution of Doodles - G_6e786d/p_The first Doodle was a simple out-of-offi_345e61")): Object: 'Object Repository/Page_The Story and Evolution of Doodles - G_6e786d/p_The first Doodle was a simple out-of-offi_345e61' is clicked on

17-06-2024T18:21:28 - [MESSAGE][PASSED] - Object: 'Object Repository/Page_The Story and Evolution of Doodles - G_6e786d/p_The first Doodle was a simple out-of-offi_345e61' is clicked on

17-06-2024T18:21:28 - [TEST_STEP][PASSED] - verifyElementVisible(findTestObject("Object Repository/Page_The Story and Evolution of Doodles - G_6e786d/h1_The story behind Doodles")): Object 'Object Repository/Page_The Story and Evolution of Doodles - G_6e786d/h1_The story behind Doodles' is visible

17-06-2024T18:21:29 - [MESSAGE][PASSED] - Object 'Object Repository/Page_The Story and Evolution of Doodles - G_6e786d/h1_The story behind Doodles' is visible

17-06-2024T18:21:29 - [TEST_STEP][PASSED] - verifyElementVisible(findTestObject("Object Repository/Page_The Story and Evolution of Doodles - G_6e786d/p_The first Doodle was a simple out-of-offi_345e61")): Object 'Object Repository/Page_The Story and Evolution of Doodles - G_6e786d/p_The first Doodle was a simple out-of-offi_345e61' is visible

17-06-2024T18:21:29 - [MESSAGE][PASSED] - Object 'Object Repository/Page_The Story and Evolution of Doodles - G_6e786d/p_The first Doodle was a simple out-of-offi_345e61' is visible

17-06-2024T18:21:29 - [TEST_STEP][PASSED] - verifyElementVisible(findTestObject("Object Repository/Page_The Story and Evolution of Doodles - G_6e786d/h2_Weve created more than 5,000 Doodles ove_111429")): Object 'Object Repository/Page_The Story and Evolution of Doodles - G_6e786d/h2_Weve created more than 5,000 Doodles ove_111429' is visible

17-06-2024T18:21:29 - [MESSAGE][PASSED] - Object 'Object Repository/Page_The Story and Evolution of Doodles - G_6e786d/h2_Weve created more than 5,000 Doodles ove_111429' is visible

17-06-2024T18:21:29 - [TEST_STEP][PASSED] - click(findTestObject("Object Repository/Page_The Story and Evolution of Doodles - G_6e786d/p_The first Doodle was a simple out-of-offi_345e61")): Object: 'Object Repository/Page_The Story and Evolution of Doodles - G_6e786d/p_The first Doodle was a simple out-of-offi_345e61' is clicked on

17-06-2024T18:21:29 - [MESSAGE][PASSED] - Object: 'Object Repository/Page_The Story and Evolution of Doodles - G_6e786d/p_The first Doodle was a simple out-of-offi_345e61' is clicked on

17-06-2024T18:21:29 - [TEST_STEP][PASSED] - verifyElementVisible(findTestObject("Object Repository/Page_The Story and Evolution of Doodles - G_6e786d/h1_The story behind Doodles")): Object 'Object Repository/Page_The Story and Evolution of Doodles - G_6e786d/h1_The story behind Doodles' is visible

17-06-2024T18:21:30 - [MESSAGE][PASSED] - Object 'Object Repository/Page_The Story and Evolution of Doodles - G_6e786d/h1_The story behind Doodles' is visible

17-06-2024T18:21:30 - [TEST_STEP][PASSED] - verifyElementVisible(findTestObject("Object Repository/Page_The Story and Evolution of Doodles - G_6e786d/p_The first Doodle was a simple out-of-offi_345e61")): Object 'Object Repository/Page_The Story and Evolution of Doodles - G_6e786d/p_The first Doodle was a simple out-of-offi_345e61' is visible

17-06-2024T18:21:30 - [MESSAGE][PASSED] - Object 'Object Repository/Page_The Story and Evolution of Doodles - G_6e786d/p_The first Doodle was a simple out-of-offi_345e61' is visible

17-06-2024T18:21:30 - [TEST_STEP][PASSED] - verifyElementVisible(findTestObject("Object Repository/Page_The Story and Evolution of Doodles - G_6e786d/h2_Weve created more than 5,000 Doodles ove_111429")): Object 'Object Repository/Page_The Story and Evolution of Doodles - G_6e786d/h2_Weve created more than 5,000 Doodles ove_111429' is visible

17-06-2024T18:21:31 - [MESSAGE][PASSED] - Object 'Object Repository/Page_The Story and Evolution of Doodles - G_6e786d/h2_Weve created more than 5,000 Doodles ove_111429' is visible

17-06-2024T18:21:31 - [TEST_STEP][PASSED] - click(findTestObject("Object Repository/Page_The Story and Evolution of Doodles - G_6e786d/p_The first Doodle was a simple out-of-offi_345e61")): Object: 'Object Repository/Page_The Story and Evolution of Doodles - G_6e786d/p_The first Doodle was a simple out-of-offi_345e61' is clicked on

17-06-2024T18:21:31 - [MESSAGE][PASSED] - Object: 'Object Repository/Page_The Story and Evolution of Doodles - G_6e786d/p_The first Doodle was a simple out-of-offi_345e61' is clicked on

17-06-2024T18:21:31 - [TEST_STEP][PASSED] - verifyElementVisible(findTestObject("Object Repository/Page_The Story and Evolution of Doodles - G_6e786d/h1_The story behind Doodles")): Object 'Object Repository/Page_The Story and Evolution of Doodles - G_6e786d/h1_The story behind Doodles' is visible

17-06-2024T18:21:31 - [MESSAGE][PASSED] - Object 'Object Repository/Page_The Story and Evolution of Doodles - G_6e786d/h1_The story behind Doodles' is visible

17-06-2024T18:21:31 - [TEST_STEP][PASSED] - verifyElementVisible(findTestObject("Object Repository/Page_The Story and Evolution of Doodles - G_6e786d/p_The first Doodle was a simple out-of-offi_345e61")): Object 'Object Repository/Page_The Story and Evolution of Doodles - G_6e786d/p_The first Doodle was a simple out-of-offi_345e61' is visible

17-06-2024T18:21:32 - [MESSAGE][PASSED] - Object 'Object Repository/Page_The Story and Evolution of Doodles - G_6e786d/p_The first Doodle was a simple out-of-offi_345e61' is visible

17-06-2024T18:21:32 - [TEST_STEP][PASSED] - verifyElementVisible(findTestObject("Object Repository/Page_The Story and Evolution of Doodles - G_6e786d/h2_Weve created more than 5,000 Doodles ove_111429")): Object 'Object Repository/Page_The Story and Evolution of Doodles - G_6e786d/h2_Weve created more than 5,000 Doodles ove_111429' is visible

17-06-2024T18:21:32 - [MESSAGE][PASSED] - Object 'Object Repository/Page_The Story and Evolution of Doodles - G_6e786d/h2_Weve created more than 5,000 Doodles ove_111429' is visible

17-06-2024T18:21:32 - [TEST_STEP][PASSED] - click(findTestObject("Object Repository/Page_The Story and Evolution of Doodles - G_6e786d/p_The first Doodle was a simple out-of-offi_345e61")): Object: 'Object Repository/Page_The Story and Evolution of Doodles - G_6e786d/p_The first Doodle was a simple out-of-offi_345e61' is clicked on

17-06-2024T18:21:32 - [MESSAGE][PASSED] - Object: 'Object Repository/Page_The Story and Evolution of Doodles - G_6e786d/p_The first Doodle was a simple out-of-offi_345e61' is clicked on

17-06-2024T18:21:32 - [TEST_STEP][PASSED] - verifyElementVisible(findTestObject("Object Repository/Page_The Story and Evolution of Doodles - G_6e786d/h1_The story behind Doodles")): Object 'Object Repository/Page_The Story and Evolution of Doodles - G_6e786d/h1_The story behind Doodles' is visible

17-06-2024T18:21:33 - [MESSAGE][PASSED] - Object 'Object Repository/Page_The Story and Evolution of Doodles - G_6e786d/h1_The story behind Doodles' is visible

17-06-2024T18:21:33 - [TEST_STEP][PASSED] - verifyElementVisible(findTestObject("Object Repository/Page_The Story and Evolution of Doodles - G_6e786d/p_The first Doodle was a simple out-of-offi_345e61")): Object 'Object Repository/Page_The Story and Evolution of Doodles - G_6e786d/p_The first Doodle was a simple out-of-offi_345e61' is visible

17-06-2024T18:21:33 - [MESSAGE][PASSED] - Object 'Object Repository/Page_The Story and Evolution of Doodles - G_6e786d/p_The first Doodle was a simple out-of-offi_345e61' is visible

17-06-2024T18:21:33 - [TEST_STEP][PASSED] - verifyElementVisible(findTestObject("Object Repository/Page_The Story and Evolution of Doodles - G_6e786d/h2_Weve created more than 5,000 Doodles ove_111429")): Object 'Object Repository/Page_The Story and Evolution of Doodles - G_6e786d/h2_Weve created more than 5,000 Doodles ove_111429' is visible

17-06-2024T18:21:33 - [MESSAGE][PASSED] - Object 'Object Repository/Page_The Story and Evolution of Doodles - G_6e786d/h2_Weve created more than 5,000 Doodles ove_111429' is visible

17-06-2024T18:21:33 - [TEST_STEP][PASSED] - click(findTestObject("Object Repository/Page_The Story and Evolution of Doodles - G_6e786d/p_The first Doodle was a simple out-of-offi_345e61")): Object: 'Object Repository/Page_The Story and Evolution of Doodles - G_6e786d/p_The first Doodle was a simple out-of-offi_345e61' is clicked on

17-06-2024T18:21:34 - [MESSAGE][PASSED] - Object: 'Object Repository/Page_The Story and Evolution of Doodles - G_6e786d/p_The first Doodle was a simple out-of-offi_345e61' is clicked on

17-06-2024T18:21:34 - [TEST_STEP][PASSED] - verifyElementVisible(findTestObject("Object Repository/Page_The Story and Evolution of Doodles - G_6e786d/h1_The story behind Doodles")): Object 'Object Repository/Page_The Story and Evolution of Doodles - G_6e786d/h1_The story behind Doodles' is visible

17-06-2024T18:21:34 - [MESSAGE][PASSED] - Object 'Object Repository/Page_The Story and Evolution of Doodles - G_6e786d/h1_The story behind Doodles' is visible

17-06-2024T18:21:34 - [TEST_STEP][PASSED] - verifyElementVisible(findTestObject("Object Repository/Page_The Story and Evolution of Doodles - G_6e786d/p_The first Doodle was a simple out-of-offi_345e61")): Object 'Object Repository/Page_The Story and Evolution of Doodles - G_6e786d/p_The first Doodle was a simple out-of-offi_345e61' is visible

17-06-2024T18:21:34 - [MESSAGE][PASSED] - Object 'Object Repository/Page_The Story and Evolution of Doodles - G_6e786d/p_The first Doodle was a simple out-of-offi_345e61' is visible

17-06-2024T18:21:34 - [TEST_STEP][PASSED] - verifyElementVisible(findTestObject("Object Repository/Page_The Story and Evolution of Doodles - G_6e786d/h2_Weve created more than 5,000 Doodles ove_111429")): Object 'Object Repository/Page_The Story and Evolution of Doodles - G_6e786d/h2_Weve created more than 5,000 Doodles ove_111429' is visible

17-06-2024T18:21:35 - [MESSAGE][PASSED] - Object 'Object Repository/Page_The Story and Evolution of Doodles - G_6e786d/h2_Weve created more than 5,000 Doodles ove_111429' is visible

17-06-2024T18:21:35 - [TEST_STEP][PASSED] - click(findTestObject("Object Repository/Page_The Story and Evolution of Doodles - G_6e786d/p_The first Doodle was a simple out-of-offi_345e61")): Object: 'Object Repository/Page_The Story and Evolution of Doodles - G_6e786d/p_The first Doodle was a simple out-of-offi_345e61' is clicked on

17-06-2024T18:21:35 - [MESSAGE][PASSED] - Object: 'Object Repository/Page_The Story and Evolution of Doodles - G_6e786d/p_The first Doodle was a simple out-of-offi_345e61' is clicked on

17-06-2024T18:21:35 - [TEST_STEP][PASSED] - verifyElementVisible(findTestObject("Object Repository/Page_The Story and Evolution of Doodles - G_6e786d/h1_The story behind Doodles")): Object 'Object Repository/Page_The Story and Evolution of Doodles - G_6e786d/h1_The story behind Doodles' is visible

17-06-2024T18:21:35 - [MESSAGE][PASSED] - Object 'Object Repository/Page_The Story and Evolution of Doodles - G_6e786d/h1_The story behind Doodles' is visible

17-06-2024T18:21:35 - [TEST_STEP][PASSED] - verifyElementVisible(findTestObject("Object Repository/Page_The Story and Evolution of Doodles - G_6e786d/p_The first Doodle was a simple out-of-offi_345e61")): Object 'Object Repository/Page_The Story and Evolution of Doodles - G_6e786d/p_The first Doodle was a simple out-of-offi_345e61' is visible

17-06-2024T18:21:36 - [MESSAGE][PASSED] - Object 'Object Repository/Page_The Story and Evolution of Doodles - G_6e786d/p_The first Doodle was a simple out-of-offi_345e61' is visible

17-06-2024T18:21:36 - [TEST_STEP][PASSED] - verifyElementVisible(findTestObject("Object Repository/Page_The Story and Evolution of Doodles - G_6e786d/h2_Weve created more than 5,000 Doodles ove_111429")): Object 'Object Repository/Page_The Story and Evolution of Doodles - G_6e786d/h2_Weve created more than 5,000 Doodles ove_111429' is visible

17-06-2024T18:21:36 - [MESSAGE][PASSED] - Object 'Object Repository/Page_The Story and Evolution of Doodles - G_6e786d/h2_Weve created more than 5,000 Doodles ove_111429' is visible]]></system-out>
         <system-err><![CDATA[]]></system-err>
      </testcase>
      <testcase name="Test Cases/test case folder 1/tc1 - Copy (3) - Copy (3)" time="19.065" classname="Test Cases/test case folder 1/tc1 - Copy (3) - Copy (3)" status="PASSED">
         <system-out><![CDATA[17-06-2024T18:21:36 - [TEST_CASE][PASSED] - Test Cases/test case folder 1/tc1 - Copy (3) - Copy (3): Test Cases/test case folder 1/tc1 - Copy (3) - Copy (3)

17-06-2024T18:21:36 - [TEST_STEP][PASSED] - openBrowser(""): Browser is opened with url: ''

17-06-2024T18:21:36 - [MESSAGE][WARNING] - A browser is already opened. Closing browser and opening a new one

17-06-2024T18:21:36 - [MESSAGE][INFO] - Starting 'Chrome (headless)' driver

17-06-2024T18:21:36 - [MESSAGE][INFO] - Action delay is set to 0 milliseconds

17-06-2024T18:21:37 - [MESSAGE][PASSED] - Browser is opened with url: ''

17-06-2024T18:21:37 - [TEST_STEP][PASSED] - navigateToUrl("https://doodles.google/about/"): Navigate to 'https://doodles.google/about/' successfully

17-06-2024T18:21:40 - [MESSAGE][PASSED] - Navigate to 'https://doodles.google/about/' successfully

17-06-2024T18:21:40 - [TEST_STEP][PASSED] - click(findTestObject("Object Repository/Page_The Story and Evolution of Doodles - G_6e786d/p_The first Doodle was a simple out-of-offi_345e61")): Object: 'Object Repository/Page_The Story and Evolution of Doodles - G_6e786d/p_The first Doodle was a simple out-of-offi_345e61' is clicked on

17-06-2024T18:21:40 - [MESSAGE][PASSED] - Object: 'Object Repository/Page_The Story and Evolution of Doodles - G_6e786d/p_The first Doodle was a simple out-of-offi_345e61' is clicked on

17-06-2024T18:21:40 - [TEST_STEP][PASSED] - click(findTestObject("Object Repository/Page_The Story and Evolution of Doodles - G_6e786d/p_The first Doodle was a simple out-of-offi_345e61")): Object: 'Object Repository/Page_The Story and Evolution of Doodles - G_6e786d/p_The first Doodle was a simple out-of-offi_345e61' is clicked on

17-06-2024T18:21:41 - [MESSAGE][PASSED] - Object: 'Object Repository/Page_The Story and Evolution of Doodles - G_6e786d/p_The first Doodle was a simple out-of-offi_345e61' is clicked on

17-06-2024T18:21:41 - [TEST_STEP][PASSED] - verifyElementVisible(findTestObject("Object Repository/Page_The Story and Evolution of Doodles - G_6e786d/h1_The story behind Doodles")): Object 'Object Repository/Page_The Story and Evolution of Doodles - G_6e786d/h1_The story behind Doodles' is visible

17-06-2024T18:21:41 - [MESSAGE][PASSED] - Object 'Object Repository/Page_The Story and Evolution of Doodles - G_6e786d/h1_The story behind Doodles' is visible

17-06-2024T18:21:41 - [TEST_STEP][PASSED] - verifyElementVisible(findTestObject("Object Repository/Page_The Story and Evolution of Doodles - G_6e786d/p_The first Doodle was a simple out-of-offi_345e61")): Object 'Object Repository/Page_The Story and Evolution of Doodles - G_6e786d/p_The first Doodle was a simple out-of-offi_345e61' is visible

17-06-2024T18:21:41 - [MESSAGE][PASSED] - Object 'Object Repository/Page_The Story and Evolution of Doodles - G_6e786d/p_The first Doodle was a simple out-of-offi_345e61' is visible

17-06-2024T18:21:41 - [TEST_STEP][PASSED] - verifyElementVisible(findTestObject("Object Repository/Page_The Story and Evolution of Doodles - G_6e786d/h2_Weve created more than 5,000 Doodles ove_111429")): Object 'Object Repository/Page_The Story and Evolution of Doodles - G_6e786d/h2_Weve created more than 5,000 Doodles ove_111429' is visible

17-06-2024T18:21:42 - [MESSAGE][PASSED] - Object 'Object Repository/Page_The Story and Evolution of Doodles - G_6e786d/h2_Weve created more than 5,000 Doodles ove_111429' is visible

17-06-2024T18:21:42 - [TEST_STEP][PASSED] - verifyElementVisible(findTestObject("Object Repository/Page_The Story and Evolution of Doodles - G_6e786d/h1_The story behind Doodles")): Object 'Object Repository/Page_The Story and Evolution of Doodles - G_6e786d/h1_The story behind Doodles' is visible

17-06-2024T18:21:42 - [MESSAGE][PASSED] - Object 'Object Repository/Page_The Story and Evolution of Doodles - G_6e786d/h1_The story behind Doodles' is visible

17-06-2024T18:21:42 - [TEST_STEP][PASSED] - verifyElementVisible(findTestObject("Object Repository/Page_The Story and Evolution of Doodles - G_6e786d/p_The first Doodle was a simple out-of-offi_345e61")): Object 'Object Repository/Page_The Story and Evolution of Doodles - G_6e786d/p_The first Doodle was a simple out-of-offi_345e61' is visible

17-06-2024T18:21:42 - [MESSAGE][PASSED] - Object 'Object Repository/Page_The Story and Evolution of Doodles - G_6e786d/p_The first Doodle was a simple out-of-offi_345e61' is visible

17-06-2024T18:21:42 - [TEST_STEP][PASSED] - verifyElementVisible(findTestObject("Object Repository/Page_The Story and Evolution of Doodles - G_6e786d/h2_Weve created more than 5,000 Doodles ove_111429")): Object 'Object Repository/Page_The Story and Evolution of Doodles - G_6e786d/h2_Weve created more than 5,000 Doodles ove_111429' is visible

17-06-2024T18:21:43 - [MESSAGE][PASSED] - Object 'Object Repository/Page_The Story and Evolution of Doodles - G_6e786d/h2_Weve created more than 5,000 Doodles ove_111429' is visible

17-06-2024T18:21:43 - [TEST_STEP][PASSED] - click(findTestObject("Object Repository/Page_The Story and Evolution of Doodles - G_6e786d/p_The first Doodle was a simple out-of-offi_345e61")): Object: 'Object Repository/Page_The Story and Evolution of Doodles - G_6e786d/p_The first Doodle was a simple out-of-offi_345e61' is clicked on

17-06-2024T18:21:43 - [MESSAGE][PASSED] - Object: 'Object Repository/Page_The Story and Evolution of Doodles - G_6e786d/p_The first Doodle was a simple out-of-offi_345e61' is clicked on

17-06-2024T18:21:43 - [TEST_STEP][PASSED] - verifyElementVisible(findTestObject("Object Repository/Page_The Story and Evolution of Doodles - G_6e786d/h1_The story behind Doodles")): Object 'Object Repository/Page_The Story and Evolution of Doodles - G_6e786d/h1_The story behind Doodles' is visible

17-06-2024T18:21:43 - [MESSAGE][PASSED] - Object 'Object Repository/Page_The Story and Evolution of Doodles - G_6e786d/h1_The story behind Doodles' is visible

17-06-2024T18:21:43 - [TEST_STEP][PASSED] - verifyElementVisible(findTestObject("Object Repository/Page_The Story and Evolution of Doodles - G_6e786d/p_The first Doodle was a simple out-of-offi_345e61")): Object 'Object Repository/Page_The Story and Evolution of Doodles - G_6e786d/p_The first Doodle was a simple out-of-offi_345e61' is visible

17-06-2024T18:21:44 - [MESSAGE][PASSED] - Object 'Object Repository/Page_The Story and Evolution of Doodles - G_6e786d/p_The first Doodle was a simple out-of-offi_345e61' is visible

17-06-2024T18:21:44 - [TEST_STEP][PASSED] - verifyElementVisible(findTestObject("Object Repository/Page_The Story and Evolution of Doodles - G_6e786d/h2_Weve created more than 5,000 Doodles ove_111429")): Object 'Object Repository/Page_The Story and Evolution of Doodles - G_6e786d/h2_Weve created more than 5,000 Doodles ove_111429' is visible

17-06-2024T18:21:44 - [MESSAGE][PASSED] - Object 'Object Repository/Page_The Story and Evolution of Doodles - G_6e786d/h2_Weve created more than 5,000 Doodles ove_111429' is visible

17-06-2024T18:21:44 - [TEST_STEP][PASSED] - click(findTestObject("Object Repository/Page_The Story and Evolution of Doodles - G_6e786d/p_The first Doodle was a simple out-of-offi_345e61")): Object: 'Object Repository/Page_The Story and Evolution of Doodles - G_6e786d/p_The first Doodle was a simple out-of-offi_345e61' is clicked on

17-06-2024T18:21:44 - [MESSAGE][PASSED] - Object: 'Object Repository/Page_The Story and Evolution of Doodles - G_6e786d/p_The first Doodle was a simple out-of-offi_345e61' is clicked on

17-06-2024T18:21:44 - [TEST_STEP][PASSED] - verifyElementVisible(findTestObject("Object Repository/Page_The Story and Evolution of Doodles - G_6e786d/h1_The story behind Doodles")): Object 'Object Repository/Page_The Story and Evolution of Doodles - G_6e786d/h1_The story behind Doodles' is visible

17-06-2024T18:21:45 - [MESSAGE][PASSED] - Object 'Object Repository/Page_The Story and Evolution of Doodles - G_6e786d/h1_The story behind Doodles' is visible

17-06-2024T18:21:45 - [TEST_STEP][PASSED] - verifyElementVisible(findTestObject("Object Repository/Page_The Story and Evolution of Doodles - G_6e786d/p_The first Doodle was a simple out-of-offi_345e61")): Object 'Object Repository/Page_The Story and Evolution of Doodles - G_6e786d/p_The first Doodle was a simple out-of-offi_345e61' is visible

17-06-2024T18:21:45 - [MESSAGE][PASSED] - Object 'Object Repository/Page_The Story and Evolution of Doodles - G_6e786d/p_The first Doodle was a simple out-of-offi_345e61' is visible

17-06-2024T18:21:45 - [TEST_STEP][PASSED] - verifyElementVisible(findTestObject("Object Repository/Page_The Story and Evolution of Doodles - G_6e786d/h2_Weve created more than 5,000 Doodles ove_111429")): Object 'Object Repository/Page_The Story and Evolution of Doodles - G_6e786d/h2_Weve created more than 5,000 Doodles ove_111429' is visible

17-06-2024T18:21:45 - [MESSAGE][PASSED] - Object 'Object Repository/Page_The Story and Evolution of Doodles - G_6e786d/h2_Weve created more than 5,000 Doodles ove_111429' is visible

17-06-2024T18:21:45 - [TEST_STEP][PASSED] - click(findTestObject("Object Repository/Page_The Story and Evolution of Doodles - G_6e786d/p_The first Doodle was a simple out-of-offi_345e61")): Object: 'Object Repository/Page_The Story and Evolution of Doodles - G_6e786d/p_The first Doodle was a simple out-of-offi_345e61' is clicked on

17-06-2024T18:21:46 - [MESSAGE][PASSED] - Object: 'Object Repository/Page_The Story and Evolution of Doodles - G_6e786d/p_The first Doodle was a simple out-of-offi_345e61' is clicked on

17-06-2024T18:21:46 - [TEST_STEP][PASSED] - verifyElementVisible(findTestObject("Object Repository/Page_The Story and Evolution of Doodles - G_6e786d/h1_The story behind Doodles")): Object 'Object Repository/Page_The Story and Evolution of Doodles - G_6e786d/h1_The story behind Doodles' is visible

17-06-2024T18:21:46 - [MESSAGE][PASSED] - Object 'Object Repository/Page_The Story and Evolution of Doodles - G_6e786d/h1_The story behind Doodles' is visible

17-06-2024T18:21:46 - [TEST_STEP][PASSED] - verifyElementVisible(findTestObject("Object Repository/Page_The Story and Evolution of Doodles - G_6e786d/p_The first Doodle was a simple out-of-offi_345e61")): Object 'Object Repository/Page_The Story and Evolution of Doodles - G_6e786d/p_The first Doodle was a simple out-of-offi_345e61' is visible

17-06-2024T18:21:46 - [MESSAGE][PASSED] - Object 'Object Repository/Page_The Story and Evolution of Doodles - G_6e786d/p_The first Doodle was a simple out-of-offi_345e61' is visible

17-06-2024T18:21:46 - [TEST_STEP][PASSED] - verifyElementVisible(findTestObject("Object Repository/Page_The Story and Evolution of Doodles - G_6e786d/h2_Weve created more than 5,000 Doodles ove_111429")): Object 'Object Repository/Page_The Story and Evolution of Doodles - G_6e786d/h2_Weve created more than 5,000 Doodles ove_111429' is visible

17-06-2024T18:21:47 - [MESSAGE][PASSED] - Object 'Object Repository/Page_The Story and Evolution of Doodles - G_6e786d/h2_Weve created more than 5,000 Doodles ove_111429' is visible

17-06-2024T18:21:47 - [TEST_STEP][PASSED] - click(findTestObject("Object Repository/Page_The Story and Evolution of Doodles - G_6e786d/p_The first Doodle was a simple out-of-offi_345e61")): Object: 'Object Repository/Page_The Story and Evolution of Doodles - G_6e786d/p_The first Doodle was a simple out-of-offi_345e61' is clicked on

17-06-2024T18:21:47 - [MESSAGE][PASSED] - Object: 'Object Repository/Page_The Story and Evolution of Doodles - G_6e786d/p_The first Doodle was a simple out-of-offi_345e61' is clicked on

17-06-2024T18:21:47 - [TEST_STEP][PASSED] - verifyElementVisible(findTestObject("Object Repository/Page_The Story and Evolution of Doodles - G_6e786d/h1_The story behind Doodles")): Object 'Object Repository/Page_The Story and Evolution of Doodles - G_6e786d/h1_The story behind Doodles' is visible

17-06-2024T18:21:47 - [MESSAGE][PASSED] - Object 'Object Repository/Page_The Story and Evolution of Doodles - G_6e786d/h1_The story behind Doodles' is visible

17-06-2024T18:21:47 - [TEST_STEP][PASSED] - verifyElementVisible(findTestObject("Object Repository/Page_The Story and Evolution of Doodles - G_6e786d/p_The first Doodle was a simple out-of-offi_345e61")): Object 'Object Repository/Page_The Story and Evolution of Doodles - G_6e786d/p_The first Doodle was a simple out-of-offi_345e61' is visible

17-06-2024T18:21:48 - [MESSAGE][PASSED] - Object 'Object Repository/Page_The Story and Evolution of Doodles - G_6e786d/p_The first Doodle was a simple out-of-offi_345e61' is visible

17-06-2024T18:21:48 - [TEST_STEP][PASSED] - verifyElementVisible(findTestObject("Object Repository/Page_The Story and Evolution of Doodles - G_6e786d/h2_Weve created more than 5,000 Doodles ove_111429")): Object 'Object Repository/Page_The Story and Evolution of Doodles - G_6e786d/h2_Weve created more than 5,000 Doodles ove_111429' is visible

17-06-2024T18:21:48 - [MESSAGE][PASSED] - Object 'Object Repository/Page_The Story and Evolution of Doodles - G_6e786d/h2_Weve created more than 5,000 Doodles ove_111429' is visible

17-06-2024T18:21:48 - [TEST_STEP][PASSED] - click(findTestObject("Object Repository/Page_The Story and Evolution of Doodles - G_6e786d/p_The first Doodle was a simple out-of-offi_345e61")): Object: 'Object Repository/Page_The Story and Evolution of Doodles - G_6e786d/p_The first Doodle was a simple out-of-offi_345e61' is clicked on

17-06-2024T18:21:48 - [MESSAGE][PASSED] - Object: 'Object Repository/Page_The Story and Evolution of Doodles - G_6e786d/p_The first Doodle was a simple out-of-offi_345e61' is clicked on

17-06-2024T18:21:48 - [TEST_STEP][PASSED] - verifyElementVisible(findTestObject("Object Repository/Page_The Story and Evolution of Doodles - G_6e786d/h1_The story behind Doodles")): Object 'Object Repository/Page_The Story and Evolution of Doodles - G_6e786d/h1_The story behind Doodles' is visible

17-06-2024T18:21:49 - [MESSAGE][PASSED] - Object 'Object Repository/Page_The Story and Evolution of Doodles - G_6e786d/h1_The story behind Doodles' is visible

17-06-2024T18:21:49 - [TEST_STEP][PASSED] - verifyElementVisible(findTestObject("Object Repository/Page_The Story and Evolution of Doodles - G_6e786d/p_The first Doodle was a simple out-of-offi_345e61")): Object 'Object Repository/Page_The Story and Evolution of Doodles - G_6e786d/p_The first Doodle was a simple out-of-offi_345e61' is visible

17-06-2024T18:21:49 - [MESSAGE][PASSED] - Object 'Object Repository/Page_The Story and Evolution of Doodles - G_6e786d/p_The first Doodle was a simple out-of-offi_345e61' is visible

17-06-2024T18:21:49 - [TEST_STEP][PASSED] - verifyElementVisible(findTestObject("Object Repository/Page_The Story and Evolution of Doodles - G_6e786d/h2_Weve created more than 5,000 Doodles ove_111429")): Object 'Object Repository/Page_The Story and Evolution of Doodles - G_6e786d/h2_Weve created more than 5,000 Doodles ove_111429' is visible

17-06-2024T18:21:49 - [MESSAGE][PASSED] - Object 'Object Repository/Page_The Story and Evolution of Doodles - G_6e786d/h2_Weve created more than 5,000 Doodles ove_111429' is visible

17-06-2024T18:21:49 - [TEST_STEP][PASSED] - click(findTestObject("Object Repository/Page_The Story and Evolution of Doodles - G_6e786d/p_The first Doodle was a simple out-of-offi_345e61")): Object: 'Object Repository/Page_The Story and Evolution of Doodles - G_6e786d/p_The first Doodle was a simple out-of-offi_345e61' is clicked on

17-06-2024T18:21:50 - [MESSAGE][PASSED] - Object: 'Object Repository/Page_The Story and Evolution of Doodles - G_6e786d/p_The first Doodle was a simple out-of-offi_345e61' is clicked on

17-06-2024T18:21:50 - [TEST_STEP][PASSED] - verifyElementVisible(findTestObject("Object Repository/Page_The Story and Evolution of Doodles - G_6e786d/h1_The story behind Doodles")): Object 'Object Repository/Page_The Story and Evolution of Doodles - G_6e786d/h1_The story behind Doodles' is visible

17-06-2024T18:21:50 - [MESSAGE][PASSED] - Object 'Object Repository/Page_The Story and Evolution of Doodles - G_6e786d/h1_The story behind Doodles' is visible

17-06-2024T18:21:50 - [TEST_STEP][PASSED] - verifyElementVisible(findTestObject("Object Repository/Page_The Story and Evolution of Doodles - G_6e786d/p_The first Doodle was a simple out-of-offi_345e61")): Object 'Object Repository/Page_The Story and Evolution of Doodles - G_6e786d/p_The first Doodle was a simple out-of-offi_345e61' is visible

17-06-2024T18:21:50 - [MESSAGE][PASSED] - Object 'Object Repository/Page_The Story and Evolution of Doodles - G_6e786d/p_The first Doodle was a simple out-of-offi_345e61' is visible

17-06-2024T18:21:50 - [TEST_STEP][PASSED] - verifyElementVisible(findTestObject("Object Repository/Page_The Story and Evolution of Doodles - G_6e786d/h2_Weve created more than 5,000 Doodles ove_111429")): Object 'Object Repository/Page_The Story and Evolution of Doodles - G_6e786d/h2_Weve created more than 5,000 Doodles ove_111429' is visible

17-06-2024T18:21:51 - [MESSAGE][PASSED] - Object 'Object Repository/Page_The Story and Evolution of Doodles - G_6e786d/h2_Weve created more than 5,000 Doodles ove_111429' is visible

17-06-2024T18:21:51 - [TEST_STEP][PASSED] - click(findTestObject("Object Repository/Page_The Story and Evolution of Doodles - G_6e786d/p_The first Doodle was a simple out-of-offi_345e61")): Object: 'Object Repository/Page_The Story and Evolution of Doodles - G_6e786d/p_The first Doodle was a simple out-of-offi_345e61' is clicked on

17-06-2024T18:21:51 - [MESSAGE][PASSED] - Object: 'Object Repository/Page_The Story and Evolution of Doodles - G_6e786d/p_The first Doodle was a simple out-of-offi_345e61' is clicked on

17-06-2024T18:21:51 - [TEST_STEP][PASSED] - verifyElementVisible(findTestObject("Object Repository/Page_The Story and Evolution of Doodles - G_6e786d/h1_The story behind Doodles")): Object 'Object Repository/Page_The Story and Evolution of Doodles - G_6e786d/h1_The story behind Doodles' is visible

17-06-2024T18:21:51 - [MESSAGE][PASSED] - Object 'Object Repository/Page_The Story and Evolution of Doodles - G_6e786d/h1_The story behind Doodles' is visible

17-06-2024T18:21:51 - [TEST_STEP][PASSED] - verifyElementVisible(findTestObject("Object Repository/Page_The Story and Evolution of Doodles - G_6e786d/p_The first Doodle was a simple out-of-offi_345e61")): Object 'Object Repository/Page_The Story and Evolution of Doodles - G_6e786d/p_The first Doodle was a simple out-of-offi_345e61' is visible

17-06-2024T18:21:52 - [MESSAGE][PASSED] - Object 'Object Repository/Page_The Story and Evolution of Doodles - G_6e786d/p_The first Doodle was a simple out-of-offi_345e61' is visible

17-06-2024T18:21:52 - [TEST_STEP][PASSED] - verifyElementVisible(findTestObject("Object Repository/Page_The Story and Evolution of Doodles - G_6e786d/h2_Weve created more than 5,000 Doodles ove_111429")): Object 'Object Repository/Page_The Story and Evolution of Doodles - G_6e786d/h2_Weve created more than 5,000 Doodles ove_111429' is visible

17-06-2024T18:21:52 - [MESSAGE][PASSED] - Object 'Object Repository/Page_The Story and Evolution of Doodles - G_6e786d/h2_Weve created more than 5,000 Doodles ove_111429' is visible

17-06-2024T18:21:52 - [TEST_STEP][PASSED] - click(findTestObject("Object Repository/Page_The Story and Evolution of Doodles - G_6e786d/p_The first Doodle was a simple out-of-offi_345e61")): Object: 'Object Repository/Page_The Story and Evolution of Doodles - G_6e786d/p_The first Doodle was a simple out-of-offi_345e61' is clicked on

17-06-2024T18:21:53 - [MESSAGE][PASSED] - Object: 'Object Repository/Page_The Story and Evolution of Doodles - G_6e786d/p_The first Doodle was a simple out-of-offi_345e61' is clicked on

17-06-2024T18:21:53 - [TEST_STEP][PASSED] - verifyElementVisible(findTestObject("Object Repository/Page_The Story and Evolution of Doodles - G_6e786d/h1_The story behind Doodles")): Object 'Object Repository/Page_The Story and Evolution of Doodles - G_6e786d/h1_The story behind Doodles' is visible

17-06-2024T18:21:53 - [MESSAGE][PASSED] - Object 'Object Repository/Page_The Story and Evolution of Doodles - G_6e786d/h1_The story behind Doodles' is visible

17-06-2024T18:21:53 - [TEST_STEP][PASSED] - verifyElementVisible(findTestObject("Object Repository/Page_The Story and Evolution of Doodles - G_6e786d/p_The first Doodle was a simple out-of-offi_345e61")): Object 'Object Repository/Page_The Story and Evolution of Doodles - G_6e786d/p_The first Doodle was a simple out-of-offi_345e61' is visible

17-06-2024T18:21:53 - [MESSAGE][PASSED] - Object 'Object Repository/Page_The Story and Evolution of Doodles - G_6e786d/p_The first Doodle was a simple out-of-offi_345e61' is visible

17-06-2024T18:21:53 - [TEST_STEP][PASSED] - verifyElementVisible(findTestObject("Object Repository/Page_The Story and Evolution of Doodles - G_6e786d/h2_Weve created more than 5,000 Doodles ove_111429")): Object 'Object Repository/Page_The Story and Evolution of Doodles - G_6e786d/h2_Weve created more than 5,000 Doodles ove_111429' is visible

17-06-2024T18:21:54 - [MESSAGE][PASSED] - Object 'Object Repository/Page_The Story and Evolution of Doodles - G_6e786d/h2_Weve created more than 5,000 Doodles ove_111429' is visible

17-06-2024T18:21:54 - [TEST_STEP][PASSED] - click(findTestObject("Object Repository/Page_The Story and Evolution of Doodles - G_6e786d/p_The first Doodle was a simple out-of-offi_345e61")): Object: 'Object Repository/Page_The Story and Evolution of Doodles - G_6e786d/p_The first Doodle was a simple out-of-offi_345e61' is clicked on

17-06-2024T18:21:54 - [MESSAGE][PASSED] - Object: 'Object Repository/Page_The Story and Evolution of Doodles - G_6e786d/p_The first Doodle was a simple out-of-offi_345e61' is clicked on

17-06-2024T18:21:54 - [TEST_STEP][PASSED] - verifyElementVisible(findTestObject("Object Repository/Page_The Story and Evolution of Doodles - G_6e786d/h1_The story behind Doodles")): Object 'Object Repository/Page_The Story and Evolution of Doodles - G_6e786d/h1_The story behind Doodles' is visible

17-06-2024T18:21:54 - [MESSAGE][PASSED] - Object 'Object Repository/Page_The Story and Evolution of Doodles - G_6e786d/h1_The story behind Doodles' is visible

17-06-2024T18:21:54 - [TEST_STEP][PASSED] - verifyElementVisible(findTestObject("Object Repository/Page_The Story and Evolution of Doodles - G_6e786d/p_The first Doodle was a simple out-of-offi_345e61")): Object 'Object Repository/Page_The Story and Evolution of Doodles - G_6e786d/p_The first Doodle was a simple out-of-offi_345e61' is visible

17-06-2024T18:21:55 - [MESSAGE][PASSED] - Object 'Object Repository/Page_The Story and Evolution of Doodles - G_6e786d/p_The first Doodle was a simple out-of-offi_345e61' is visible

17-06-2024T18:21:55 - [TEST_STEP][PASSED] - verifyElementVisible(findTestObject("Object Repository/Page_The Story and Evolution of Doodles - G_6e786d/h2_Weve created more than 5,000 Doodles ove_111429")): Object 'Object Repository/Page_The Story and Evolution of Doodles - G_6e786d/h2_Weve created more than 5,000 Doodles ove_111429' is visible

17-06-2024T18:21:55 - [MESSAGE][PASSED] - Object 'Object Repository/Page_The Story and Evolution of Doodles - G_6e786d/h2_Weve created more than 5,000 Doodles ove_111429' is visible]]></system-out>
         <system-err><![CDATA[]]></system-err>
      </testcase>
      <testcase name="Test Cases/test case folder 1/tc1 - Copy (3) - Copy (4)" time="33.542" classname="Test Cases/test case folder 1/tc1 - Copy (3) - Copy (4)" status="PASSED">
         <system-out><![CDATA[17-06-2024T18:21:55 - [TEST_CASE][PASSED] - Test Cases/test case folder 1/tc1 - Copy (3) - Copy (4): Test Cases/test case folder 1/tc1 - Copy (3) - Copy (4)

17-06-2024T18:21:55 - [TEST_STEP][PASSED] - openBrowser(""): Browser is opened with url: ''

17-06-2024T18:21:55 - [MESSAGE][WARNING] - A browser is already opened. Closing browser and opening a new one

17-06-2024T18:21:55 - [MESSAGE][INFO] - Starting 'Chrome (headless)' driver

17-06-2024T18:21:56 - [MESSAGE][INFO] - Action delay is set to 0 milliseconds

17-06-2024T18:21:56 - [MESSAGE][PASSED] - Browser is opened with url: ''

17-06-2024T18:21:56 - [TEST_STEP][PASSED] - navigateToUrl("https://doodles.google/about/"): Navigate to 'https://doodles.google/about/' successfully

17-06-2024T18:22:13 - [MESSAGE][PASSED] - Navigate to 'https://doodles.google/about/' successfully

17-06-2024T18:22:13 - [TEST_STEP][PASSED] - click(findTestObject("Object Repository/Page_The Story and Evolution of Doodles - G_6e786d/p_The first Doodle was a simple out-of-offi_345e61")): Object: 'Object Repository/Page_The Story and Evolution of Doodles - G_6e786d/p_The first Doodle was a simple out-of-offi_345e61' is clicked on

17-06-2024T18:22:13 - [MESSAGE][PASSED] - Object: 'Object Repository/Page_The Story and Evolution of Doodles - G_6e786d/p_The first Doodle was a simple out-of-offi_345e61' is clicked on

17-06-2024T18:22:13 - [TEST_STEP][PASSED] - click(findTestObject("Object Repository/Page_The Story and Evolution of Doodles - G_6e786d/p_The first Doodle was a simple out-of-offi_345e61")): Object: 'Object Repository/Page_The Story and Evolution of Doodles - G_6e786d/p_The first Doodle was a simple out-of-offi_345e61' is clicked on

17-06-2024T18:22:14 - [MESSAGE][PASSED] - Object: 'Object Repository/Page_The Story and Evolution of Doodles - G_6e786d/p_The first Doodle was a simple out-of-offi_345e61' is clicked on

17-06-2024T18:22:14 - [TEST_STEP][PASSED] - verifyElementVisible(findTestObject("Object Repository/Page_The Story and Evolution of Doodles - G_6e786d/h1_The story behind Doodles")): Object 'Object Repository/Page_The Story and Evolution of Doodles - G_6e786d/h1_The story behind Doodles' is visible

17-06-2024T18:22:14 - [MESSAGE][PASSED] - Object 'Object Repository/Page_The Story and Evolution of Doodles - G_6e786d/h1_The story behind Doodles' is visible

17-06-2024T18:22:14 - [TEST_STEP][PASSED] - verifyElementVisible(findTestObject("Object Repository/Page_The Story and Evolution of Doodles - G_6e786d/p_The first Doodle was a simple out-of-offi_345e61")): Object 'Object Repository/Page_The Story and Evolution of Doodles - G_6e786d/p_The first Doodle was a simple out-of-offi_345e61' is visible

17-06-2024T18:22:14 - [MESSAGE][PASSED] - Object 'Object Repository/Page_The Story and Evolution of Doodles - G_6e786d/p_The first Doodle was a simple out-of-offi_345e61' is visible

17-06-2024T18:22:14 - [TEST_STEP][PASSED] - verifyElementVisible(findTestObject("Object Repository/Page_The Story and Evolution of Doodles - G_6e786d/h2_Weve created more than 5,000 Doodles ove_111429")): Object 'Object Repository/Page_The Story and Evolution of Doodles - G_6e786d/h2_Weve created more than 5,000 Doodles ove_111429' is visible

17-06-2024T18:22:15 - [MESSAGE][PASSED] - Object 'Object Repository/Page_The Story and Evolution of Doodles - G_6e786d/h2_Weve created more than 5,000 Doodles ove_111429' is visible

17-06-2024T18:22:15 - [TEST_STEP][PASSED] - verifyElementVisible(findTestObject("Object Repository/Page_The Story and Evolution of Doodles - G_6e786d/h1_The story behind Doodles")): Object 'Object Repository/Page_The Story and Evolution of Doodles - G_6e786d/h1_The story behind Doodles' is visible

17-06-2024T18:22:15 - [MESSAGE][PASSED] - Object 'Object Repository/Page_The Story and Evolution of Doodles - G_6e786d/h1_The story behind Doodles' is visible

17-06-2024T18:22:15 - [TEST_STEP][PASSED] - verifyElementVisible(findTestObject("Object Repository/Page_The Story and Evolution of Doodles - G_6e786d/p_The first Doodle was a simple out-of-offi_345e61")): Object 'Object Repository/Page_The Story and Evolution of Doodles - G_6e786d/p_The first Doodle was a simple out-of-offi_345e61' is visible

17-06-2024T18:22:15 - [MESSAGE][PASSED] - Object 'Object Repository/Page_The Story and Evolution of Doodles - G_6e786d/p_The first Doodle was a simple out-of-offi_345e61' is visible

17-06-2024T18:22:15 - [TEST_STEP][PASSED] - verifyElementVisible(findTestObject("Object Repository/Page_The Story and Evolution of Doodles - G_6e786d/h2_Weve created more than 5,000 Doodles ove_111429")): Object 'Object Repository/Page_The Story and Evolution of Doodles - G_6e786d/h2_Weve created more than 5,000 Doodles ove_111429' is visible

17-06-2024T18:22:16 - [MESSAGE][PASSED] - Object 'Object Repository/Page_The Story and Evolution of Doodles - G_6e786d/h2_Weve created more than 5,000 Doodles ove_111429' is visible

17-06-2024T18:22:16 - [TEST_STEP][PASSED] - click(findTestObject("Object Repository/Page_The Story and Evolution of Doodles - G_6e786d/p_The first Doodle was a simple out-of-offi_345e61")): Object: 'Object Repository/Page_The Story and Evolution of Doodles - G_6e786d/p_The first Doodle was a simple out-of-offi_345e61' is clicked on

17-06-2024T18:22:16 - [MESSAGE][PASSED] - Object: 'Object Repository/Page_The Story and Evolution of Doodles - G_6e786d/p_The first Doodle was a simple out-of-offi_345e61' is clicked on

17-06-2024T18:22:16 - [TEST_STEP][PASSED] - verifyElementVisible(findTestObject("Object Repository/Page_The Story and Evolution of Doodles - G_6e786d/h1_The story behind Doodles")): Object 'Object Repository/Page_The Story and Evolution of Doodles - G_6e786d/h1_The story behind Doodles' is visible

17-06-2024T18:22:16 - [MESSAGE][PASSED] - Object 'Object Repository/Page_The Story and Evolution of Doodles - G_6e786d/h1_The story behind Doodles' is visible

17-06-2024T18:22:16 - [TEST_STEP][PASSED] - verifyElementVisible(findTestObject("Object Repository/Page_The Story and Evolution of Doodles - G_6e786d/p_The first Doodle was a simple out-of-offi_345e61")): Object 'Object Repository/Page_The Story and Evolution of Doodles - G_6e786d/p_The first Doodle was a simple out-of-offi_345e61' is visible

17-06-2024T18:22:17 - [MESSAGE][PASSED] - Object 'Object Repository/Page_The Story and Evolution of Doodles - G_6e786d/p_The first Doodle was a simple out-of-offi_345e61' is visible

17-06-2024T18:22:17 - [TEST_STEP][PASSED] - verifyElementVisible(findTestObject("Object Repository/Page_The Story and Evolution of Doodles - G_6e786d/h2_Weve created more than 5,000 Doodles ove_111429")): Object 'Object Repository/Page_The Story and Evolution of Doodles - G_6e786d/h2_Weve created more than 5,000 Doodles ove_111429' is visible

17-06-2024T18:22:17 - [MESSAGE][PASSED] - Object 'Object Repository/Page_The Story and Evolution of Doodles - G_6e786d/h2_Weve created more than 5,000 Doodles ove_111429' is visible

17-06-2024T18:22:17 - [TEST_STEP][PASSED] - click(findTestObject("Object Repository/Page_The Story and Evolution of Doodles - G_6e786d/p_The first Doodle was a simple out-of-offi_345e61")): Object: 'Object Repository/Page_The Story and Evolution of Doodles - G_6e786d/p_The first Doodle was a simple out-of-offi_345e61' is clicked on

17-06-2024T18:22:18 - [MESSAGE][PASSED] - Object: 'Object Repository/Page_The Story and Evolution of Doodles - G_6e786d/p_The first Doodle was a simple out-of-offi_345e61' is clicked on

17-06-2024T18:22:18 - [TEST_STEP][PASSED] - verifyElementVisible(findTestObject("Object Repository/Page_The Story and Evolution of Doodles - G_6e786d/h1_The story behind Doodles")): Object 'Object Repository/Page_The Story and Evolution of Doodles - G_6e786d/h1_The story behind Doodles' is visible

17-06-2024T18:22:18 - [MESSAGE][PASSED] - Object 'Object Repository/Page_The Story and Evolution of Doodles - G_6e786d/h1_The story behind Doodles' is visible

17-06-2024T18:22:18 - [TEST_STEP][PASSED] - verifyElementVisible(findTestObject("Object Repository/Page_The Story and Evolution of Doodles - G_6e786d/p_The first Doodle was a simple out-of-offi_345e61")): Object 'Object Repository/Page_The Story and Evolution of Doodles - G_6e786d/p_The first Doodle was a simple out-of-offi_345e61' is visible

17-06-2024T18:22:18 - [MESSAGE][PASSED] - Object 'Object Repository/Page_The Story and Evolution of Doodles - G_6e786d/p_The first Doodle was a simple out-of-offi_345e61' is visible

17-06-2024T18:22:18 - [TEST_STEP][PASSED] - verifyElementVisible(findTestObject("Object Repository/Page_The Story and Evolution of Doodles - G_6e786d/h2_Weve created more than 5,000 Doodles ove_111429")): Object 'Object Repository/Page_The Story and Evolution of Doodles - G_6e786d/h2_Weve created more than 5,000 Doodles ove_111429' is visible

17-06-2024T18:22:19 - [MESSAGE][PASSED] - Object 'Object Repository/Page_The Story and Evolution of Doodles - G_6e786d/h2_Weve created more than 5,000 Doodles ove_111429' is visible

17-06-2024T18:22:19 - [TEST_STEP][PASSED] - click(findTestObject("Object Repository/Page_The Story and Evolution of Doodles - G_6e786d/p_The first Doodle was a simple out-of-offi_345e61")): Object: 'Object Repository/Page_The Story and Evolution of Doodles - G_6e786d/p_The first Doodle was a simple out-of-offi_345e61' is clicked on

17-06-2024T18:22:19 - [MESSAGE][PASSED] - Object: 'Object Repository/Page_The Story and Evolution of Doodles - G_6e786d/p_The first Doodle was a simple out-of-offi_345e61' is clicked on

17-06-2024T18:22:19 - [TEST_STEP][PASSED] - verifyElementVisible(findTestObject("Object Repository/Page_The Story and Evolution of Doodles - G_6e786d/h1_The story behind Doodles")): Object 'Object Repository/Page_The Story and Evolution of Doodles - G_6e786d/h1_The story behind Doodles' is visible

17-06-2024T18:22:19 - [MESSAGE][PASSED] - Object 'Object Repository/Page_The Story and Evolution of Doodles - G_6e786d/h1_The story behind Doodles' is visible

17-06-2024T18:22:19 - [TEST_STEP][PASSED] - verifyElementVisible(findTestObject("Object Repository/Page_The Story and Evolution of Doodles - G_6e786d/p_The first Doodle was a simple out-of-offi_345e61")): Object 'Object Repository/Page_The Story and Evolution of Doodles - G_6e786d/p_The first Doodle was a simple out-of-offi_345e61' is visible

17-06-2024T18:22:20 - [MESSAGE][PASSED] - Object 'Object Repository/Page_The Story and Evolution of Doodles - G_6e786d/p_The first Doodle was a simple out-of-offi_345e61' is visible

17-06-2024T18:22:20 - [TEST_STEP][PASSED] - verifyElementVisible(findTestObject("Object Repository/Page_The Story and Evolution of Doodles - G_6e786d/h2_Weve created more than 5,000 Doodles ove_111429")): Object 'Object Repository/Page_The Story and Evolution of Doodles - G_6e786d/h2_Weve created more than 5,000 Doodles ove_111429' is visible

17-06-2024T18:22:20 - [MESSAGE][PASSED] - Object 'Object Repository/Page_The Story and Evolution of Doodles - G_6e786d/h2_Weve created more than 5,000 Doodles ove_111429' is visible

17-06-2024T18:22:20 - [TEST_STEP][PASSED] - click(findTestObject("Object Repository/Page_The Story and Evolution of Doodles - G_6e786d/p_The first Doodle was a simple out-of-offi_345e61")): Object: 'Object Repository/Page_The Story and Evolution of Doodles - G_6e786d/p_The first Doodle was a simple out-of-offi_345e61' is clicked on

17-06-2024T18:22:21 - [MESSAGE][PASSED] - Object: 'Object Repository/Page_The Story and Evolution of Doodles - G_6e786d/p_The first Doodle was a simple out-of-offi_345e61' is clicked on

17-06-2024T18:22:21 - [TEST_STEP][PASSED] - verifyElementVisible(findTestObject("Object Repository/Page_The Story and Evolution of Doodles - G_6e786d/h1_The story behind Doodles")): Object 'Object Repository/Page_The Story and Evolution of Doodles - G_6e786d/h1_The story behind Doodles' is visible

17-06-2024T18:22:21 - [MESSAGE][PASSED] - Object 'Object Repository/Page_The Story and Evolution of Doodles - G_6e786d/h1_The story behind Doodles' is visible

17-06-2024T18:22:21 - [TEST_STEP][PASSED] - verifyElementVisible(findTestObject("Object Repository/Page_The Story and Evolution of Doodles - G_6e786d/p_The first Doodle was a simple out-of-offi_345e61")): Object 'Object Repository/Page_The Story and Evolution of Doodles - G_6e786d/p_The first Doodle was a simple out-of-offi_345e61' is visible

17-06-2024T18:22:21 - [MESSAGE][PASSED] - Object 'Object Repository/Page_The Story and Evolution of Doodles - G_6e786d/p_The first Doodle was a simple out-of-offi_345e61' is visible

17-06-2024T18:22:21 - [TEST_STEP][PASSED] - verifyElementVisible(findTestObject("Object Repository/Page_The Story and Evolution of Doodles - G_6e786d/h2_Weve created more than 5,000 Doodles ove_111429")): Object 'Object Repository/Page_The Story and Evolution of Doodles - G_6e786d/h2_Weve created more than 5,000 Doodles ove_111429' is visible

17-06-2024T18:22:22 - [MESSAGE][PASSED] - Object 'Object Repository/Page_The Story and Evolution of Doodles - G_6e786d/h2_Weve created more than 5,000 Doodles ove_111429' is visible

17-06-2024T18:22:22 - [TEST_STEP][PASSED] - click(findTestObject("Object Repository/Page_The Story and Evolution of Doodles - G_6e786d/p_The first Doodle was a simple out-of-offi_345e61")): Object: 'Object Repository/Page_The Story and Evolution of Doodles - G_6e786d/p_The first Doodle was a simple out-of-offi_345e61' is clicked on

17-06-2024T18:22:22 - [MESSAGE][PASSED] - Object: 'Object Repository/Page_The Story and Evolution of Doodles - G_6e786d/p_The first Doodle was a simple out-of-offi_345e61' is clicked on

17-06-2024T18:22:22 - [TEST_STEP][PASSED] - verifyElementVisible(findTestObject("Object Repository/Page_The Story and Evolution of Doodles - G_6e786d/h1_The story behind Doodles")): Object 'Object Repository/Page_The Story and Evolution of Doodles - G_6e786d/h1_The story behind Doodles' is visible

17-06-2024T18:22:22 - [MESSAGE][PASSED] - Object 'Object Repository/Page_The Story and Evolution of Doodles - G_6e786d/h1_The story behind Doodles' is visible

17-06-2024T18:22:22 - [TEST_STEP][PASSED] - verifyElementVisible(findTestObject("Object Repository/Page_The Story and Evolution of Doodles - G_6e786d/p_The first Doodle was a simple out-of-offi_345e61")): Object 'Object Repository/Page_The Story and Evolution of Doodles - G_6e786d/p_The first Doodle was a simple out-of-offi_345e61' is visible

17-06-2024T18:22:23 - [MESSAGE][PASSED] - Object 'Object Repository/Page_The Story and Evolution of Doodles - G_6e786d/p_The first Doodle was a simple out-of-offi_345e61' is visible

17-06-2024T18:22:23 - [TEST_STEP][PASSED] - verifyElementVisible(findTestObject("Object Repository/Page_The Story and Evolution of Doodles - G_6e786d/h2_Weve created more than 5,000 Doodles ove_111429")): Object 'Object Repository/Page_The Story and Evolution of Doodles - G_6e786d/h2_Weve created more than 5,000 Doodles ove_111429' is visible

17-06-2024T18:22:23 - [MESSAGE][PASSED] - Object 'Object Repository/Page_The Story and Evolution of Doodles - G_6e786d/h2_Weve created more than 5,000 Doodles ove_111429' is visible

17-06-2024T18:22:23 - [TEST_STEP][PASSED] - click(findTestObject("Object Repository/Page_The Story and Evolution of Doodles - G_6e786d/p_The first Doodle was a simple out-of-offi_345e61")): Object: 'Object Repository/Page_The Story and Evolution of Doodles - G_6e786d/p_The first Doodle was a simple out-of-offi_345e61' is clicked on

17-06-2024T18:22:23 - [MESSAGE][PASSED] - Object: 'Object Repository/Page_The Story and Evolution of Doodles - G_6e786d/p_The first Doodle was a simple out-of-offi_345e61' is clicked on

17-06-2024T18:22:23 - [TEST_STEP][PASSED] - verifyElementVisible(findTestObject("Object Repository/Page_The Story and Evolution of Doodles - G_6e786d/h1_The story behind Doodles")): Object 'Object Repository/Page_The Story and Evolution of Doodles - G_6e786d/h1_The story behind Doodles' is visible

17-06-2024T18:22:24 - [MESSAGE][PASSED] - Object 'Object Repository/Page_The Story and Evolution of Doodles - G_6e786d/h1_The story behind Doodles' is visible

17-06-2024T18:22:24 - [TEST_STEP][PASSED] - verifyElementVisible(findTestObject("Object Repository/Page_The Story and Evolution of Doodles - G_6e786d/p_The first Doodle was a simple out-of-offi_345e61")): Object 'Object Repository/Page_The Story and Evolution of Doodles - G_6e786d/p_The first Doodle was a simple out-of-offi_345e61' is visible

17-06-2024T18:22:24 - [MESSAGE][PASSED] - Object 'Object Repository/Page_The Story and Evolution of Doodles - G_6e786d/p_The first Doodle was a simple out-of-offi_345e61' is visible

17-06-2024T18:22:24 - [TEST_STEP][PASSED] - verifyElementVisible(findTestObject("Object Repository/Page_The Story and Evolution of Doodles - G_6e786d/h2_Weve created more than 5,000 Doodles ove_111429")): Object 'Object Repository/Page_The Story and Evolution of Doodles - G_6e786d/h2_Weve created more than 5,000 Doodles ove_111429' is visible

17-06-2024T18:22:24 - [MESSAGE][PASSED] - Object 'Object Repository/Page_The Story and Evolution of Doodles - G_6e786d/h2_Weve created more than 5,000 Doodles ove_111429' is visible

17-06-2024T18:22:24 - [TEST_STEP][PASSED] - click(findTestObject("Object Repository/Page_The Story and Evolution of Doodles - G_6e786d/p_The first Doodle was a simple out-of-offi_345e61")): Object: 'Object Repository/Page_The Story and Evolution of Doodles - G_6e786d/p_The first Doodle was a simple out-of-offi_345e61' is clicked on

17-06-2024T18:22:25 - [MESSAGE][PASSED] - Object: 'Object Repository/Page_The Story and Evolution of Doodles - G_6e786d/p_The first Doodle was a simple out-of-offi_345e61' is clicked on

17-06-2024T18:22:25 - [TEST_STEP][PASSED] - verifyElementVisible(findTestObject("Object Repository/Page_The Story and Evolution of Doodles - G_6e786d/h1_The story behind Doodles")): Object 'Object Repository/Page_The Story and Evolution of Doodles - G_6e786d/h1_The story behind Doodles' is visible

17-06-2024T18:22:25 - [MESSAGE][PASSED] - Object 'Object Repository/Page_The Story and Evolution of Doodles - G_6e786d/h1_The story behind Doodles' is visible

17-06-2024T18:22:25 - [TEST_STEP][PASSED] - verifyElementVisible(findTestObject("Object Repository/Page_The Story and Evolution of Doodles - G_6e786d/p_The first Doodle was a simple out-of-offi_345e61")): Object 'Object Repository/Page_The Story and Evolution of Doodles - G_6e786d/p_The first Doodle was a simple out-of-offi_345e61' is visible

17-06-2024T18:22:25 - [MESSAGE][PASSED] - Object 'Object Repository/Page_The Story and Evolution of Doodles - G_6e786d/p_The first Doodle was a simple out-of-offi_345e61' is visible

17-06-2024T18:22:25 - [TEST_STEP][PASSED] - verifyElementVisible(findTestObject("Object Repository/Page_The Story and Evolution of Doodles - G_6e786d/h2_Weve created more than 5,000 Doodles ove_111429")): Object 'Object Repository/Page_The Story and Evolution of Doodles - G_6e786d/h2_Weve created more than 5,000 Doodles ove_111429' is visible

17-06-2024T18:22:26 - [MESSAGE][PASSED] - Object 'Object Repository/Page_The Story and Evolution of Doodles - G_6e786d/h2_Weve created more than 5,000 Doodles ove_111429' is visible

17-06-2024T18:22:26 - [TEST_STEP][PASSED] - click(findTestObject("Object Repository/Page_The Story and Evolution of Doodles - G_6e786d/p_The first Doodle was a simple out-of-offi_345e61")): Object: 'Object Repository/Page_The Story and Evolution of Doodles - G_6e786d/p_The first Doodle was a simple out-of-offi_345e61' is clicked on

17-06-2024T18:22:26 - [MESSAGE][PASSED] - Object: 'Object Repository/Page_The Story and Evolution of Doodles - G_6e786d/p_The first Doodle was a simple out-of-offi_345e61' is clicked on

17-06-2024T18:22:26 - [TEST_STEP][PASSED] - verifyElementVisible(findTestObject("Object Repository/Page_The Story and Evolution of Doodles - G_6e786d/h1_The story behind Doodles")): Object 'Object Repository/Page_The Story and Evolution of Doodles - G_6e786d/h1_The story behind Doodles' is visible

17-06-2024T18:22:26 - [MESSAGE][PASSED] - Object 'Object Repository/Page_The Story and Evolution of Doodles - G_6e786d/h1_The story behind Doodles' is visible

17-06-2024T18:22:26 - [TEST_STEP][PASSED] - verifyElementVisible(findTestObject("Object Repository/Page_The Story and Evolution of Doodles - G_6e786d/p_The first Doodle was a simple out-of-offi_345e61")): Object 'Object Repository/Page_The Story and Evolution of Doodles - G_6e786d/p_The first Doodle was a simple out-of-offi_345e61' is visible

17-06-2024T18:22:27 - [MESSAGE][PASSED] - Object 'Object Repository/Page_The Story and Evolution of Doodles - G_6e786d/p_The first Doodle was a simple out-of-offi_345e61' is visible

17-06-2024T18:22:27 - [TEST_STEP][PASSED] - verifyElementVisible(findTestObject("Object Repository/Page_The Story and Evolution of Doodles - G_6e786d/h2_Weve created more than 5,000 Doodles ove_111429")): Object 'Object Repository/Page_The Story and Evolution of Doodles - G_6e786d/h2_Weve created more than 5,000 Doodles ove_111429' is visible

17-06-2024T18:22:27 - [MESSAGE][PASSED] - Object 'Object Repository/Page_The Story and Evolution of Doodles - G_6e786d/h2_Weve created more than 5,000 Doodles ove_111429' is visible

17-06-2024T18:22:27 - [TEST_STEP][PASSED] - click(findTestObject("Object Repository/Page_The Story and Evolution of Doodles - G_6e786d/p_The first Doodle was a simple out-of-offi_345e61")): Object: 'Object Repository/Page_The Story and Evolution of Doodles - G_6e786d/p_The first Doodle was a simple out-of-offi_345e61' is clicked on

17-06-2024T18:22:27 - [MESSAGE][PASSED] - Object: 'Object Repository/Page_The Story and Evolution of Doodles - G_6e786d/p_The first Doodle was a simple out-of-offi_345e61' is clicked on

17-06-2024T18:22:27 - [TEST_STEP][PASSED] - verifyElementVisible(findTestObject("Object Repository/Page_The Story and Evolution of Doodles - G_6e786d/h1_The story behind Doodles")): Object 'Object Repository/Page_The Story and Evolution of Doodles - G_6e786d/h1_The story behind Doodles' is visible

17-06-2024T18:22:28 - [MESSAGE][PASSED] - Object 'Object Repository/Page_The Story and Evolution of Doodles - G_6e786d/h1_The story behind Doodles' is visible

17-06-2024T18:22:28 - [TEST_STEP][PASSED] - verifyElementVisible(findTestObject("Object Repository/Page_The Story and Evolution of Doodles - G_6e786d/p_The first Doodle was a simple out-of-offi_345e61")): Object 'Object Repository/Page_The Story and Evolution of Doodles - G_6e786d/p_The first Doodle was a simple out-of-offi_345e61' is visible

17-06-2024T18:22:28 - [MESSAGE][PASSED] - Object 'Object Repository/Page_The Story and Evolution of Doodles - G_6e786d/p_The first Doodle was a simple out-of-offi_345e61' is visible

17-06-2024T18:22:28 - [TEST_STEP][PASSED] - verifyElementVisible(findTestObject("Object Repository/Page_The Story and Evolution of Doodles - G_6e786d/h2_Weve created more than 5,000 Doodles ove_111429")): Object 'Object Repository/Page_The Story and Evolution of Doodles - G_6e786d/h2_Weve created more than 5,000 Doodles ove_111429' is visible

17-06-2024T18:22:28 - [MESSAGE][PASSED] - Object 'Object Repository/Page_The Story and Evolution of Doodles - G_6e786d/h2_Weve created more than 5,000 Doodles ove_111429' is visible]]></system-out>
         <system-err><![CDATA[]]></system-err>
      </testcase>
      <testcase name="Test Cases/test case folder 1/tc1 - Copy (3) - Copy (5)" time="18.934" classname="Test Cases/test case folder 1/tc1 - Copy (3) - Copy (5)" status="PASSED">
         <system-out><![CDATA[17-06-2024T18:22:29 - [TEST_CASE][PASSED] - Test Cases/test case folder 1/tc1 - Copy (3) - Copy (5): Test Cases/test case folder 1/tc1 - Copy (3) - Copy (5)

17-06-2024T18:22:29 - [TEST_STEP][PASSED] - openBrowser(""): Browser is opened with url: ''

17-06-2024T18:22:29 - [MESSAGE][WARNING] - A browser is already opened. Closing browser and opening a new one

17-06-2024T18:22:29 - [MESSAGE][INFO] - Starting 'Chrome (headless)' driver

17-06-2024T18:22:29 - [MESSAGE][INFO] - Action delay is set to 0 milliseconds

17-06-2024T18:22:30 - [MESSAGE][PASSED] - Browser is opened with url: ''

17-06-2024T18:22:30 - [TEST_STEP][PASSED] - navigateToUrl("https://doodles.google/about/"): Navigate to 'https://doodles.google/about/' successfully

17-06-2024T18:22:33 - [MESSAGE][PASSED] - Navigate to 'https://doodles.google/about/' successfully

17-06-2024T18:22:33 - [TEST_STEP][PASSED] - click(findTestObject("Object Repository/Page_The Story and Evolution of Doodles - G_6e786d/p_The first Doodle was a simple out-of-offi_345e61")): Object: 'Object Repository/Page_The Story and Evolution of Doodles - G_6e786d/p_The first Doodle was a simple out-of-offi_345e61' is clicked on

17-06-2024T18:22:33 - [MESSAGE][PASSED] - Object: 'Object Repository/Page_The Story and Evolution of Doodles - G_6e786d/p_The first Doodle was a simple out-of-offi_345e61' is clicked on

17-06-2024T18:22:33 - [TEST_STEP][PASSED] - click(findTestObject("Object Repository/Page_The Story and Evolution of Doodles - G_6e786d/p_The first Doodle was a simple out-of-offi_345e61")): Object: 'Object Repository/Page_The Story and Evolution of Doodles - G_6e786d/p_The first Doodle was a simple out-of-offi_345e61' is clicked on

17-06-2024T18:22:33 - [MESSAGE][PASSED] - Object: 'Object Repository/Page_The Story and Evolution of Doodles - G_6e786d/p_The first Doodle was a simple out-of-offi_345e61' is clicked on

17-06-2024T18:22:33 - [TEST_STEP][PASSED] - verifyElementVisible(findTestObject("Object Repository/Page_The Story and Evolution of Doodles - G_6e786d/h1_The story behind Doodles")): Object 'Object Repository/Page_The Story and Evolution of Doodles - G_6e786d/h1_The story behind Doodles' is visible

17-06-2024T18:22:34 - [MESSAGE][PASSED] - Object 'Object Repository/Page_The Story and Evolution of Doodles - G_6e786d/h1_The story behind Doodles' is visible

17-06-2024T18:22:34 - [TEST_STEP][PASSED] - verifyElementVisible(findTestObject("Object Repository/Page_The Story and Evolution of Doodles - G_6e786d/p_The first Doodle was a simple out-of-offi_345e61")): Object 'Object Repository/Page_The Story and Evolution of Doodles - G_6e786d/p_The first Doodle was a simple out-of-offi_345e61' is visible

17-06-2024T18:22:34 - [MESSAGE][PASSED] - Object 'Object Repository/Page_The Story and Evolution of Doodles - G_6e786d/p_The first Doodle was a simple out-of-offi_345e61' is visible

17-06-2024T18:22:34 - [TEST_STEP][PASSED] - verifyElementVisible(findTestObject("Object Repository/Page_The Story and Evolution of Doodles - G_6e786d/h2_Weve created more than 5,000 Doodles ove_111429")): Object 'Object Repository/Page_The Story and Evolution of Doodles - G_6e786d/h2_Weve created more than 5,000 Doodles ove_111429' is visible

17-06-2024T18:22:34 - [MESSAGE][PASSED] - Object 'Object Repository/Page_The Story and Evolution of Doodles - G_6e786d/h2_Weve created more than 5,000 Doodles ove_111429' is visible

17-06-2024T18:22:34 - [TEST_STEP][PASSED] - verifyElementVisible(findTestObject("Object Repository/Page_The Story and Evolution of Doodles - G_6e786d/h1_The story behind Doodles")): Object 'Object Repository/Page_The Story and Evolution of Doodles - G_6e786d/h1_The story behind Doodles' is visible

17-06-2024T18:22:35 - [MESSAGE][PASSED] - Object 'Object Repository/Page_The Story and Evolution of Doodles - G_6e786d/h1_The story behind Doodles' is visible

17-06-2024T18:22:35 - [TEST_STEP][PASSED] - verifyElementVisible(findTestObject("Object Repository/Page_The Story and Evolution of Doodles - G_6e786d/p_The first Doodle was a simple out-of-offi_345e61")): Object 'Object Repository/Page_The Story and Evolution of Doodles - G_6e786d/p_The first Doodle was a simple out-of-offi_345e61' is visible

17-06-2024T18:22:35 - [MESSAGE][PASSED] - Object 'Object Repository/Page_The Story and Evolution of Doodles - G_6e786d/p_The first Doodle was a simple out-of-offi_345e61' is visible

17-06-2024T18:22:35 - [TEST_STEP][PASSED] - verifyElementVisible(findTestObject("Object Repository/Page_The Story and Evolution of Doodles - G_6e786d/h2_Weve created more than 5,000 Doodles ove_111429")): Object 'Object Repository/Page_The Story and Evolution of Doodles - G_6e786d/h2_Weve created more than 5,000 Doodles ove_111429' is visible

17-06-2024T18:22:35 - [MESSAGE][PASSED] - Object 'Object Repository/Page_The Story and Evolution of Doodles - G_6e786d/h2_Weve created more than 5,000 Doodles ove_111429' is visible

17-06-2024T18:22:35 - [TEST_STEP][PASSED] - click(findTestObject("Object Repository/Page_The Story and Evolution of Doodles - G_6e786d/p_The first Doodle was a simple out-of-offi_345e61")): Object: 'Object Repository/Page_The Story and Evolution of Doodles - G_6e786d/p_The first Doodle was a simple out-of-offi_345e61' is clicked on

17-06-2024T18:22:36 - [MESSAGE][PASSED] - Object: 'Object Repository/Page_The Story and Evolution of Doodles - G_6e786d/p_The first Doodle was a simple out-of-offi_345e61' is clicked on

17-06-2024T18:22:36 - [TEST_STEP][PASSED] - verifyElementVisible(findTestObject("Object Repository/Page_The Story and Evolution of Doodles - G_6e786d/h1_The story behind Doodles")): Object 'Object Repository/Page_The Story and Evolution of Doodles - G_6e786d/h1_The story behind Doodles' is visible

17-06-2024T18:22:36 - [MESSAGE][PASSED] - Object 'Object Repository/Page_The Story and Evolution of Doodles - G_6e786d/h1_The story behind Doodles' is visible

17-06-2024T18:22:36 - [TEST_STEP][PASSED] - verifyElementVisible(findTestObject("Object Repository/Page_The Story and Evolution of Doodles - G_6e786d/p_The first Doodle was a simple out-of-offi_345e61")): Object 'Object Repository/Page_The Story and Evolution of Doodles - G_6e786d/p_The first Doodle was a simple out-of-offi_345e61' is visible

17-06-2024T18:22:36 - [MESSAGE][PASSED] - Object 'Object Repository/Page_The Story and Evolution of Doodles - G_6e786d/p_The first Doodle was a simple out-of-offi_345e61' is visible

17-06-2024T18:22:36 - [TEST_STEP][PASSED] - verifyElementVisible(findTestObject("Object Repository/Page_The Story and Evolution of Doodles - G_6e786d/h2_Weve created more than 5,000 Doodles ove_111429")): Object 'Object Repository/Page_The Story and Evolution of Doodles - G_6e786d/h2_Weve created more than 5,000 Doodles ove_111429' is visible

17-06-2024T18:22:37 - [MESSAGE][PASSED] - Object 'Object Repository/Page_The Story and Evolution of Doodles - G_6e786d/h2_Weve created more than 5,000 Doodles ove_111429' is visible

17-06-2024T18:22:37 - [TEST_STEP][PASSED] - click(findTestObject("Object Repository/Page_The Story and Evolution of Doodles - G_6e786d/p_The first Doodle was a simple out-of-offi_345e61")): Object: 'Object Repository/Page_The Story and Evolution of Doodles - G_6e786d/p_The first Doodle was a simple out-of-offi_345e61' is clicked on

17-06-2024T18:22:37 - [MESSAGE][PASSED] - Object: 'Object Repository/Page_The Story and Evolution of Doodles - G_6e786d/p_The first Doodle was a simple out-of-offi_345e61' is clicked on

17-06-2024T18:22:37 - [TEST_STEP][PASSED] - verifyElementVisible(findTestObject("Object Repository/Page_The Story and Evolution of Doodles - G_6e786d/h1_The story behind Doodles")): Object 'Object Repository/Page_The Story and Evolution of Doodles - G_6e786d/h1_The story behind Doodles' is visible

17-06-2024T18:22:37 - [MESSAGE][PASSED] - Object 'Object Repository/Page_The Story and Evolution of Doodles - G_6e786d/h1_The story behind Doodles' is visible

17-06-2024T18:22:37 - [TEST_STEP][PASSED] - verifyElementVisible(findTestObject("Object Repository/Page_The Story and Evolution of Doodles - G_6e786d/p_The first Doodle was a simple out-of-offi_345e61")): Object 'Object Repository/Page_The Story and Evolution of Doodles - G_6e786d/p_The first Doodle was a simple out-of-offi_345e61' is visible

17-06-2024T18:22:38 - [MESSAGE][PASSED] - Object 'Object Repository/Page_The Story and Evolution of Doodles - G_6e786d/p_The first Doodle was a simple out-of-offi_345e61' is visible

17-06-2024T18:22:38 - [TEST_STEP][PASSED] - verifyElementVisible(findTestObject("Object Repository/Page_The Story and Evolution of Doodles - G_6e786d/h2_Weve created more than 5,000 Doodles ove_111429")): Object 'Object Repository/Page_The Story and Evolution of Doodles - G_6e786d/h2_Weve created more than 5,000 Doodles ove_111429' is visible

17-06-2024T18:22:38 - [MESSAGE][PASSED] - Object 'Object Repository/Page_The Story and Evolution of Doodles - G_6e786d/h2_Weve created more than 5,000 Doodles ove_111429' is visible

17-06-2024T18:22:38 - [TEST_STEP][PASSED] - click(findTestObject("Object Repository/Page_The Story and Evolution of Doodles - G_6e786d/p_The first Doodle was a simple out-of-offi_345e61")): Object: 'Object Repository/Page_The Story and Evolution of Doodles - G_6e786d/p_The first Doodle was a simple out-of-offi_345e61' is clicked on

17-06-2024T18:22:38 - [MESSAGE][PASSED] - Object: 'Object Repository/Page_The Story and Evolution of Doodles - G_6e786d/p_The first Doodle was a simple out-of-offi_345e61' is clicked on

17-06-2024T18:22:38 - [TEST_STEP][PASSED] - verifyElementVisible(findTestObject("Object Repository/Page_The Story and Evolution of Doodles - G_6e786d/h1_The story behind Doodles")): Object 'Object Repository/Page_The Story and Evolution of Doodles - G_6e786d/h1_The story behind Doodles' is visible

17-06-2024T18:22:39 - [MESSAGE][PASSED] - Object 'Object Repository/Page_The Story and Evolution of Doodles - G_6e786d/h1_The story behind Doodles' is visible

17-06-2024T18:22:39 - [TEST_STEP][PASSED] - verifyElementVisible(findTestObject("Object Repository/Page_The Story and Evolution of Doodles - G_6e786d/p_The first Doodle was a simple out-of-offi_345e61")): Object 'Object Repository/Page_The Story and Evolution of Doodles - G_6e786d/p_The first Doodle was a simple out-of-offi_345e61' is visible

17-06-2024T18:22:39 - [MESSAGE][PASSED] - Object 'Object Repository/Page_The Story and Evolution of Doodles - G_6e786d/p_The first Doodle was a simple out-of-offi_345e61' is visible

17-06-2024T18:22:39 - [TEST_STEP][PASSED] - verifyElementVisible(findTestObject("Object Repository/Page_The Story and Evolution of Doodles - G_6e786d/h2_Weve created more than 5,000 Doodles ove_111429")): Object 'Object Repository/Page_The Story and Evolution of Doodles - G_6e786d/h2_Weve created more than 5,000 Doodles ove_111429' is visible

17-06-2024T18:22:39 - [MESSAGE][PASSED] - Object 'Object Repository/Page_The Story and Evolution of Doodles - G_6e786d/h2_Weve created more than 5,000 Doodles ove_111429' is visible

17-06-2024T18:22:39 - [TEST_STEP][PASSED] - click(findTestObject("Object Repository/Page_The Story and Evolution of Doodles - G_6e786d/p_The first Doodle was a simple out-of-offi_345e61")): Object: 'Object Repository/Page_The Story and Evolution of Doodles - G_6e786d/p_The first Doodle was a simple out-of-offi_345e61' is clicked on

17-06-2024T18:22:40 - [MESSAGE][PASSED] - Object: 'Object Repository/Page_The Story and Evolution of Doodles - G_6e786d/p_The first Doodle was a simple out-of-offi_345e61' is clicked on

17-06-2024T18:22:40 - [TEST_STEP][PASSED] - verifyElementVisible(findTestObject("Object Repository/Page_The Story and Evolution of Doodles - G_6e786d/h1_The story behind Doodles")): Object 'Object Repository/Page_The Story and Evolution of Doodles - G_6e786d/h1_The story behind Doodles' is visible

17-06-2024T18:22:40 - [MESSAGE][PASSED] - Object 'Object Repository/Page_The Story and Evolution of Doodles - G_6e786d/h1_The story behind Doodles' is visible

17-06-2024T18:22:40 - [TEST_STEP][PASSED] - verifyElementVisible(findTestObject("Object Repository/Page_The Story and Evolution of Doodles - G_6e786d/p_The first Doodle was a simple out-of-offi_345e61")): Object 'Object Repository/Page_The Story and Evolution of Doodles - G_6e786d/p_The first Doodle was a simple out-of-offi_345e61' is visible

17-06-2024T18:22:41 - [MESSAGE][PASSED] - Object 'Object Repository/Page_The Story and Evolution of Doodles - G_6e786d/p_The first Doodle was a simple out-of-offi_345e61' is visible

17-06-2024T18:22:41 - [TEST_STEP][PASSED] - verifyElementVisible(findTestObject("Object Repository/Page_The Story and Evolution of Doodles - G_6e786d/h2_Weve created more than 5,000 Doodles ove_111429")): Object 'Object Repository/Page_The Story and Evolution of Doodles - G_6e786d/h2_Weve created more than 5,000 Doodles ove_111429' is visible

17-06-2024T18:22:41 - [MESSAGE][PASSED] - Object 'Object Repository/Page_The Story and Evolution of Doodles - G_6e786d/h2_Weve created more than 5,000 Doodles ove_111429' is visible

17-06-2024T18:22:41 - [TEST_STEP][PASSED] - click(findTestObject("Object Repository/Page_The Story and Evolution of Doodles - G_6e786d/p_The first Doodle was a simple out-of-offi_345e61")): Object: 'Object Repository/Page_The Story and Evolution of Doodles - G_6e786d/p_The first Doodle was a simple out-of-offi_345e61' is clicked on

17-06-2024T18:22:41 - [MESSAGE][PASSED] - Object: 'Object Repository/Page_The Story and Evolution of Doodles - G_6e786d/p_The first Doodle was a simple out-of-offi_345e61' is clicked on

17-06-2024T18:22:41 - [TEST_STEP][PASSED] - verifyElementVisible(findTestObject("Object Repository/Page_The Story and Evolution of Doodles - G_6e786d/h1_The story behind Doodles")): Object 'Object Repository/Page_The Story and Evolution of Doodles - G_6e786d/h1_The story behind Doodles' is visible

17-06-2024T18:22:41 - [MESSAGE][PASSED] - Object 'Object Repository/Page_The Story and Evolution of Doodles - G_6e786d/h1_The story behind Doodles' is visible

17-06-2024T18:22:41 - [TEST_STEP][PASSED] - verifyElementVisible(findTestObject("Object Repository/Page_The Story and Evolution of Doodles - G_6e786d/p_The first Doodle was a simple out-of-offi_345e61")): Object 'Object Repository/Page_The Story and Evolution of Doodles - G_6e786d/p_The first Doodle was a simple out-of-offi_345e61' is visible

17-06-2024T18:22:42 - [MESSAGE][PASSED] - Object 'Object Repository/Page_The Story and Evolution of Doodles - G_6e786d/p_The first Doodle was a simple out-of-offi_345e61' is visible

17-06-2024T18:22:42 - [TEST_STEP][PASSED] - verifyElementVisible(findTestObject("Object Repository/Page_The Story and Evolution of Doodles - G_6e786d/h2_Weve created more than 5,000 Doodles ove_111429")): Object 'Object Repository/Page_The Story and Evolution of Doodles - G_6e786d/h2_Weve created more than 5,000 Doodles ove_111429' is visible

17-06-2024T18:22:42 - [MESSAGE][PASSED] - Object 'Object Repository/Page_The Story and Evolution of Doodles - G_6e786d/h2_Weve created more than 5,000 Doodles ove_111429' is visible

17-06-2024T18:22:42 - [TEST_STEP][PASSED] - click(findTestObject("Object Repository/Page_The Story and Evolution of Doodles - G_6e786d/p_The first Doodle was a simple out-of-offi_345e61")): Object: 'Object Repository/Page_The Story and Evolution of Doodles - G_6e786d/p_The first Doodle was a simple out-of-offi_345e61' is clicked on

17-06-2024T18:22:42 - [MESSAGE][PASSED] - Object: 'Object Repository/Page_The Story and Evolution of Doodles - G_6e786d/p_The first Doodle was a simple out-of-offi_345e61' is clicked on

17-06-2024T18:22:42 - [TEST_STEP][PASSED] - verifyElementVisible(findTestObject("Object Repository/Page_The Story and Evolution of Doodles - G_6e786d/h1_The story behind Doodles")): Object 'Object Repository/Page_The Story and Evolution of Doodles - G_6e786d/h1_The story behind Doodles' is visible

17-06-2024T18:22:43 - [MESSAGE][PASSED] - Object 'Object Repository/Page_The Story and Evolution of Doodles - G_6e786d/h1_The story behind Doodles' is visible

17-06-2024T18:22:43 - [TEST_STEP][PASSED] - verifyElementVisible(findTestObject("Object Repository/Page_The Story and Evolution of Doodles - G_6e786d/p_The first Doodle was a simple out-of-offi_345e61")): Object 'Object Repository/Page_The Story and Evolution of Doodles - G_6e786d/p_The first Doodle was a simple out-of-offi_345e61' is visible

17-06-2024T18:22:43 - [MESSAGE][PASSED] - Object 'Object Repository/Page_The Story and Evolution of Doodles - G_6e786d/p_The first Doodle was a simple out-of-offi_345e61' is visible

17-06-2024T18:22:43 - [TEST_STEP][PASSED] - verifyElementVisible(findTestObject("Object Repository/Page_The Story and Evolution of Doodles - G_6e786d/h2_Weve created more than 5,000 Doodles ove_111429")): Object 'Object Repository/Page_The Story and Evolution of Doodles - G_6e786d/h2_Weve created more than 5,000 Doodles ove_111429' is visible

17-06-2024T18:22:43 - [MESSAGE][PASSED] - Object 'Object Repository/Page_The Story and Evolution of Doodles - G_6e786d/h2_Weve created more than 5,000 Doodles ove_111429' is visible

17-06-2024T18:22:43 - [TEST_STEP][PASSED] - click(findTestObject("Object Repository/Page_The Story and Evolution of Doodles - G_6e786d/p_The first Doodle was a simple out-of-offi_345e61")): Object: 'Object Repository/Page_The Story and Evolution of Doodles - G_6e786d/p_The first Doodle was a simple out-of-offi_345e61' is clicked on

17-06-2024T18:22:44 - [MESSAGE][PASSED] - Object: 'Object Repository/Page_The Story and Evolution of Doodles - G_6e786d/p_The first Doodle was a simple out-of-offi_345e61' is clicked on

17-06-2024T18:22:44 - [TEST_STEP][PASSED] - verifyElementVisible(findTestObject("Object Repository/Page_The Story and Evolution of Doodles - G_6e786d/h1_The story behind Doodles")): Object 'Object Repository/Page_The Story and Evolution of Doodles - G_6e786d/h1_The story behind Doodles' is visible

17-06-2024T18:22:44 - [MESSAGE][PASSED] - Object 'Object Repository/Page_The Story and Evolution of Doodles - G_6e786d/h1_The story behind Doodles' is visible

17-06-2024T18:22:44 - [TEST_STEP][PASSED] - verifyElementVisible(findTestObject("Object Repository/Page_The Story and Evolution of Doodles - G_6e786d/p_The first Doodle was a simple out-of-offi_345e61")): Object 'Object Repository/Page_The Story and Evolution of Doodles - G_6e786d/p_The first Doodle was a simple out-of-offi_345e61' is visible

17-06-2024T18:22:44 - [MESSAGE][PASSED] - Object 'Object Repository/Page_The Story and Evolution of Doodles - G_6e786d/p_The first Doodle was a simple out-of-offi_345e61' is visible

17-06-2024T18:22:44 - [TEST_STEP][PASSED] - verifyElementVisible(findTestObject("Object Repository/Page_The Story and Evolution of Doodles - G_6e786d/h2_Weve created more than 5,000 Doodles ove_111429")): Object 'Object Repository/Page_The Story and Evolution of Doodles - G_6e786d/h2_Weve created more than 5,000 Doodles ove_111429' is visible

17-06-2024T18:22:45 - [MESSAGE][PASSED] - Object 'Object Repository/Page_The Story and Evolution of Doodles - G_6e786d/h2_Weve created more than 5,000 Doodles ove_111429' is visible

17-06-2024T18:22:45 - [TEST_STEP][PASSED] - click(findTestObject("Object Repository/Page_The Story and Evolution of Doodles - G_6e786d/p_The first Doodle was a simple out-of-offi_345e61")): Object: 'Object Repository/Page_The Story and Evolution of Doodles - G_6e786d/p_The first Doodle was a simple out-of-offi_345e61' is clicked on

17-06-2024T18:22:45 - [MESSAGE][PASSED] - Object: 'Object Repository/Page_The Story and Evolution of Doodles - G_6e786d/p_The first Doodle was a simple out-of-offi_345e61' is clicked on

17-06-2024T18:22:45 - [TEST_STEP][PASSED] - verifyElementVisible(findTestObject("Object Repository/Page_The Story and Evolution of Doodles - G_6e786d/h1_The story behind Doodles")): Object 'Object Repository/Page_The Story and Evolution of Doodles - G_6e786d/h1_The story behind Doodles' is visible

17-06-2024T18:22:45 - [MESSAGE][PASSED] - Object 'Object Repository/Page_The Story and Evolution of Doodles - G_6e786d/h1_The story behind Doodles' is visible

17-06-2024T18:22:45 - [TEST_STEP][PASSED] - verifyElementVisible(findTestObject("Object Repository/Page_The Story and Evolution of Doodles - G_6e786d/p_The first Doodle was a simple out-of-offi_345e61")): Object 'Object Repository/Page_The Story and Evolution of Doodles - G_6e786d/p_The first Doodle was a simple out-of-offi_345e61' is visible

17-06-2024T18:22:46 - [MESSAGE][PASSED] - Object 'Object Repository/Page_The Story and Evolution of Doodles - G_6e786d/p_The first Doodle was a simple out-of-offi_345e61' is visible

17-06-2024T18:22:46 - [TEST_STEP][PASSED] - verifyElementVisible(findTestObject("Object Repository/Page_The Story and Evolution of Doodles - G_6e786d/h2_Weve created more than 5,000 Doodles ove_111429")): Object 'Object Repository/Page_The Story and Evolution of Doodles - G_6e786d/h2_Weve created more than 5,000 Doodles ove_111429' is visible

17-06-2024T18:22:46 - [MESSAGE][PASSED] - Object 'Object Repository/Page_The Story and Evolution of Doodles - G_6e786d/h2_Weve created more than 5,000 Doodles ove_111429' is visible

17-06-2024T18:22:46 - [TEST_STEP][PASSED] - click(findTestObject("Object Repository/Page_The Story and Evolution of Doodles - G_6e786d/p_The first Doodle was a simple out-of-offi_345e61")): Object: 'Object Repository/Page_The Story and Evolution of Doodles - G_6e786d/p_The first Doodle was a simple out-of-offi_345e61' is clicked on

17-06-2024T18:22:46 - [MESSAGE][PASSED] - Object: 'Object Repository/Page_The Story and Evolution of Doodles - G_6e786d/p_The first Doodle was a simple out-of-offi_345e61' is clicked on

17-06-2024T18:22:46 - [TEST_STEP][PASSED] - verifyElementVisible(findTestObject("Object Repository/Page_The Story and Evolution of Doodles - G_6e786d/h1_The story behind Doodles")): Object 'Object Repository/Page_The Story and Evolution of Doodles - G_6e786d/h1_The story behind Doodles' is visible

17-06-2024T18:22:47 - [MESSAGE][PASSED] - Object 'Object Repository/Page_The Story and Evolution of Doodles - G_6e786d/h1_The story behind Doodles' is visible

17-06-2024T18:22:47 - [TEST_STEP][PASSED] - verifyElementVisible(findTestObject("Object Repository/Page_The Story and Evolution of Doodles - G_6e786d/p_The first Doodle was a simple out-of-offi_345e61")): Object 'Object Repository/Page_The Story and Evolution of Doodles - G_6e786d/p_The first Doodle was a simple out-of-offi_345e61' is visible

17-06-2024T18:22:47 - [MESSAGE][PASSED] - Object 'Object Repository/Page_The Story and Evolution of Doodles - G_6e786d/p_The first Doodle was a simple out-of-offi_345e61' is visible

17-06-2024T18:22:47 - [TEST_STEP][PASSED] - verifyElementVisible(findTestObject("Object Repository/Page_The Story and Evolution of Doodles - G_6e786d/h2_Weve created more than 5,000 Doodles ove_111429")): Object 'Object Repository/Page_The Story and Evolution of Doodles - G_6e786d/h2_Weve created more than 5,000 Doodles ove_111429' is visible

17-06-2024T18:22:47 - [MESSAGE][PASSED] - Object 'Object Repository/Page_The Story and Evolution of Doodles - G_6e786d/h2_Weve created more than 5,000 Doodles ove_111429' is visible]]></system-out>
         <system-err><![CDATA[]]></system-err>
      </testcase>
      <testcase name="Test Cases/test case folder 1/tc1 - Copy (3) - Copy (6)" time="18.3" classname="Test Cases/test case folder 1/tc1 - Copy (3) - Copy (6)" status="PASSED">
         <system-out><![CDATA[17-06-2024T18:22:47 - [TEST_CASE][PASSED] - Test Cases/test case folder 1/tc1 - Copy (3) - Copy (6): Test Cases/test case folder 1/tc1 - Copy (3) - Copy (6)

17-06-2024T18:22:47 - [TEST_STEP][PASSED] - openBrowser(""): Browser is opened with url: ''

17-06-2024T18:22:47 - [MESSAGE][WARNING] - A browser is already opened. Closing browser and opening a new one

17-06-2024T18:22:48 - [MESSAGE][INFO] - Starting 'Chrome (headless)' driver

17-06-2024T18:22:48 - [MESSAGE][INFO] - Action delay is set to 0 milliseconds

17-06-2024T18:22:49 - [MESSAGE][PASSED] - Browser is opened with url: ''

17-06-2024T18:22:49 - [TEST_STEP][PASSED] - navigateToUrl("https://doodles.google/about/"): Navigate to 'https://doodles.google/about/' successfully

17-06-2024T18:22:51 - [MESSAGE][PASSED] - Navigate to 'https://doodles.google/about/' successfully

17-06-2024T18:22:51 - [TEST_STEP][PASSED] - click(findTestObject("Object Repository/Page_The Story and Evolution of Doodles - G_6e786d/p_The first Doodle was a simple out-of-offi_345e61")): Object: 'Object Repository/Page_The Story and Evolution of Doodles - G_6e786d/p_The first Doodle was a simple out-of-offi_345e61' is clicked on

17-06-2024T18:22:51 - [MESSAGE][PASSED] - Object: 'Object Repository/Page_The Story and Evolution of Doodles - G_6e786d/p_The first Doodle was a simple out-of-offi_345e61' is clicked on

17-06-2024T18:22:51 - [TEST_STEP][PASSED] - click(findTestObject("Object Repository/Page_The Story and Evolution of Doodles - G_6e786d/p_The first Doodle was a simple out-of-offi_345e61")): Object: 'Object Repository/Page_The Story and Evolution of Doodles - G_6e786d/p_The first Doodle was a simple out-of-offi_345e61' is clicked on

17-06-2024T18:22:52 - [MESSAGE][PASSED] - Object: 'Object Repository/Page_The Story and Evolution of Doodles - G_6e786d/p_The first Doodle was a simple out-of-offi_345e61' is clicked on

17-06-2024T18:22:52 - [TEST_STEP][PASSED] - verifyElementVisible(findTestObject("Object Repository/Page_The Story and Evolution of Doodles - G_6e786d/h1_The story behind Doodles")): Object 'Object Repository/Page_The Story and Evolution of Doodles - G_6e786d/h1_The story behind Doodles' is visible

17-06-2024T18:22:52 - [MESSAGE][PASSED] - Object 'Object Repository/Page_The Story and Evolution of Doodles - G_6e786d/h1_The story behind Doodles' is visible

17-06-2024T18:22:52 - [TEST_STEP][PASSED] - verifyElementVisible(findTestObject("Object Repository/Page_The Story and Evolution of Doodles - G_6e786d/p_The first Doodle was a simple out-of-offi_345e61")): Object 'Object Repository/Page_The Story and Evolution of Doodles - G_6e786d/p_The first Doodle was a simple out-of-offi_345e61' is visible

17-06-2024T18:22:52 - [MESSAGE][PASSED] - Object 'Object Repository/Page_The Story and Evolution of Doodles - G_6e786d/p_The first Doodle was a simple out-of-offi_345e61' is visible

17-06-2024T18:22:52 - [TEST_STEP][PASSED] - verifyElementVisible(findTestObject("Object Repository/Page_The Story and Evolution of Doodles - G_6e786d/h2_Weve created more than 5,000 Doodles ove_111429")): Object 'Object Repository/Page_The Story and Evolution of Doodles - G_6e786d/h2_Weve created more than 5,000 Doodles ove_111429' is visible

17-06-2024T18:22:53 - [MESSAGE][PASSED] - Object 'Object Repository/Page_The Story and Evolution of Doodles - G_6e786d/h2_Weve created more than 5,000 Doodles ove_111429' is visible

17-06-2024T18:22:53 - [TEST_STEP][PASSED] - verifyElementVisible(findTestObject("Object Repository/Page_The Story and Evolution of Doodles - G_6e786d/h1_The story behind Doodles")): Object 'Object Repository/Page_The Story and Evolution of Doodles - G_6e786d/h1_The story behind Doodles' is visible

17-06-2024T18:22:53 - [MESSAGE][PASSED] - Object 'Object Repository/Page_The Story and Evolution of Doodles - G_6e786d/h1_The story behind Doodles' is visible

17-06-2024T18:22:53 - [TEST_STEP][PASSED] - verifyElementVisible(findTestObject("Object Repository/Page_The Story and Evolution of Doodles - G_6e786d/p_The first Doodle was a simple out-of-offi_345e61")): Object 'Object Repository/Page_The Story and Evolution of Doodles - G_6e786d/p_The first Doodle was a simple out-of-offi_345e61' is visible

17-06-2024T18:22:53 - [MESSAGE][PASSED] - Object 'Object Repository/Page_The Story and Evolution of Doodles - G_6e786d/p_The first Doodle was a simple out-of-offi_345e61' is visible

17-06-2024T18:22:53 - [TEST_STEP][PASSED] - verifyElementVisible(findTestObject("Object Repository/Page_The Story and Evolution of Doodles - G_6e786d/h2_Weve created more than 5,000 Doodles ove_111429")): Object 'Object Repository/Page_The Story and Evolution of Doodles - G_6e786d/h2_Weve created more than 5,000 Doodles ove_111429' is visible

17-06-2024T18:22:54 - [MESSAGE][PASSED] - Object 'Object Repository/Page_The Story and Evolution of Doodles - G_6e786d/h2_Weve created more than 5,000 Doodles ove_111429' is visible

17-06-2024T18:22:54 - [TEST_STEP][PASSED] - click(findTestObject("Object Repository/Page_The Story and Evolution of Doodles - G_6e786d/p_The first Doodle was a simple out-of-offi_345e61")): Object: 'Object Repository/Page_The Story and Evolution of Doodles - G_6e786d/p_The first Doodle was a simple out-of-offi_345e61' is clicked on

17-06-2024T18:22:54 - [MESSAGE][PASSED] - Object: 'Object Repository/Page_The Story and Evolution of Doodles - G_6e786d/p_The first Doodle was a simple out-of-offi_345e61' is clicked on

17-06-2024T18:22:54 - [TEST_STEP][PASSED] - verifyElementVisible(findTestObject("Object Repository/Page_The Story and Evolution of Doodles - G_6e786d/h1_The story behind Doodles")): Object 'Object Repository/Page_The Story and Evolution of Doodles - G_6e786d/h1_The story behind Doodles' is visible

17-06-2024T18:22:54 - [MESSAGE][PASSED] - Object 'Object Repository/Page_The Story and Evolution of Doodles - G_6e786d/h1_The story behind Doodles' is visible

17-06-2024T18:22:54 - [TEST_STEP][PASSED] - verifyElementVisible(findTestObject("Object Repository/Page_The Story and Evolution of Doodles - G_6e786d/p_The first Doodle was a simple out-of-offi_345e61")): Object 'Object Repository/Page_The Story and Evolution of Doodles - G_6e786d/p_The first Doodle was a simple out-of-offi_345e61' is visible

17-06-2024T18:22:55 - [MESSAGE][PASSED] - Object 'Object Repository/Page_The Story and Evolution of Doodles - G_6e786d/p_The first Doodle was a simple out-of-offi_345e61' is visible

17-06-2024T18:22:55 - [TEST_STEP][PASSED] - verifyElementVisible(findTestObject("Object Repository/Page_The Story and Evolution of Doodles - G_6e786d/h2_Weve created more than 5,000 Doodles ove_111429")): Object 'Object Repository/Page_The Story and Evolution of Doodles - G_6e786d/h2_Weve created more than 5,000 Doodles ove_111429' is visible

17-06-2024T18:22:55 - [MESSAGE][PASSED] - Object 'Object Repository/Page_The Story and Evolution of Doodles - G_6e786d/h2_Weve created more than 5,000 Doodles ove_111429' is visible

17-06-2024T18:22:55 - [TEST_STEP][PASSED] - click(findTestObject("Object Repository/Page_The Story and Evolution of Doodles - G_6e786d/p_The first Doodle was a simple out-of-offi_345e61")): Object: 'Object Repository/Page_The Story and Evolution of Doodles - G_6e786d/p_The first Doodle was a simple out-of-offi_345e61' is clicked on

17-06-2024T18:22:55 - [MESSAGE][PASSED] - Object: 'Object Repository/Page_The Story and Evolution of Doodles - G_6e786d/p_The first Doodle was a simple out-of-offi_345e61' is clicked on

17-06-2024T18:22:55 - [TEST_STEP][PASSED] - verifyElementVisible(findTestObject("Object Repository/Page_The Story and Evolution of Doodles - G_6e786d/h1_The story behind Doodles")): Object 'Object Repository/Page_The Story and Evolution of Doodles - G_6e786d/h1_The story behind Doodles' is visible

17-06-2024T18:22:56 - [MESSAGE][PASSED] - Object 'Object Repository/Page_The Story and Evolution of Doodles - G_6e786d/h1_The story behind Doodles' is visible

17-06-2024T18:22:56 - [TEST_STEP][PASSED] - verifyElementVisible(findTestObject("Object Repository/Page_The Story and Evolution of Doodles - G_6e786d/p_The first Doodle was a simple out-of-offi_345e61")): Object 'Object Repository/Page_The Story and Evolution of Doodles - G_6e786d/p_The first Doodle was a simple out-of-offi_345e61' is visible

17-06-2024T18:22:56 - [MESSAGE][PASSED] - Object 'Object Repository/Page_The Story and Evolution of Doodles - G_6e786d/p_The first Doodle was a simple out-of-offi_345e61' is visible

17-06-2024T18:22:56 - [TEST_STEP][PASSED] - verifyElementVisible(findTestObject("Object Repository/Page_The Story and Evolution of Doodles - G_6e786d/h2_Weve created more than 5,000 Doodles ove_111429")): Object 'Object Repository/Page_The Story and Evolution of Doodles - G_6e786d/h2_Weve created more than 5,000 Doodles ove_111429' is visible

17-06-2024T18:22:56 - [MESSAGE][PASSED] - Object 'Object Repository/Page_The Story and Evolution of Doodles - G_6e786d/h2_Weve created more than 5,000 Doodles ove_111429' is visible

17-06-2024T18:22:56 - [TEST_STEP][PASSED] - click(findTestObject("Object Repository/Page_The Story and Evolution of Doodles - G_6e786d/p_The first Doodle was a simple out-of-offi_345e61")): Object: 'Object Repository/Page_The Story and Evolution of Doodles - G_6e786d/p_The first Doodle was a simple out-of-offi_345e61' is clicked on

17-06-2024T18:22:57 - [MESSAGE][PASSED] - Object: 'Object Repository/Page_The Story and Evolution of Doodles - G_6e786d/p_The first Doodle was a simple out-of-offi_345e61' is clicked on

17-06-2024T18:22:57 - [TEST_STEP][PASSED] - verifyElementVisible(findTestObject("Object Repository/Page_The Story and Evolution of Doodles - G_6e786d/h1_The story behind Doodles")): Object 'Object Repository/Page_The Story and Evolution of Doodles - G_6e786d/h1_The story behind Doodles' is visible

17-06-2024T18:22:57 - [MESSAGE][PASSED] - Object 'Object Repository/Page_The Story and Evolution of Doodles - G_6e786d/h1_The story behind Doodles' is visible

17-06-2024T18:22:57 - [TEST_STEP][PASSED] - verifyElementVisible(findTestObject("Object Repository/Page_The Story and Evolution of Doodles - G_6e786d/p_The first Doodle was a simple out-of-offi_345e61")): Object 'Object Repository/Page_The Story and Evolution of Doodles - G_6e786d/p_The first Doodle was a simple out-of-offi_345e61' is visible

17-06-2024T18:22:57 - [MESSAGE][PASSED] - Object 'Object Repository/Page_The Story and Evolution of Doodles - G_6e786d/p_The first Doodle was a simple out-of-offi_345e61' is visible

17-06-2024T18:22:57 - [TEST_STEP][PASSED] - verifyElementVisible(findTestObject("Object Repository/Page_The Story and Evolution of Doodles - G_6e786d/h2_Weve created more than 5,000 Doodles ove_111429")): Object 'Object Repository/Page_The Story and Evolution of Doodles - G_6e786d/h2_Weve created more than 5,000 Doodles ove_111429' is visible

17-06-2024T18:22:58 - [MESSAGE][PASSED] - Object 'Object Repository/Page_The Story and Evolution of Doodles - G_6e786d/h2_Weve created more than 5,000 Doodles ove_111429' is visible

17-06-2024T18:22:58 - [TEST_STEP][PASSED] - click(findTestObject("Object Repository/Page_The Story and Evolution of Doodles - G_6e786d/p_The first Doodle was a simple out-of-offi_345e61")): Object: 'Object Repository/Page_The Story and Evolution of Doodles - G_6e786d/p_The first Doodle was a simple out-of-offi_345e61' is clicked on

17-06-2024T18:22:58 - [MESSAGE][PASSED] - Object: 'Object Repository/Page_The Story and Evolution of Doodles - G_6e786d/p_The first Doodle was a simple out-of-offi_345e61' is clicked on

17-06-2024T18:22:58 - [TEST_STEP][PASSED] - verifyElementVisible(findTestObject("Object Repository/Page_The Story and Evolution of Doodles - G_6e786d/h1_The story behind Doodles")): Object 'Object Repository/Page_The Story and Evolution of Doodles - G_6e786d/h1_The story behind Doodles' is visible

17-06-2024T18:22:58 - [MESSAGE][PASSED] - Object 'Object Repository/Page_The Story and Evolution of Doodles - G_6e786d/h1_The story behind Doodles' is visible

17-06-2024T18:22:58 - [TEST_STEP][PASSED] - verifyElementVisible(findTestObject("Object Repository/Page_The Story and Evolution of Doodles - G_6e786d/p_The first Doodle was a simple out-of-offi_345e61")): Object 'Object Repository/Page_The Story and Evolution of Doodles - G_6e786d/p_The first Doodle was a simple out-of-offi_345e61' is visible

17-06-2024T18:22:59 - [MESSAGE][PASSED] - Object 'Object Repository/Page_The Story and Evolution of Doodles - G_6e786d/p_The first Doodle was a simple out-of-offi_345e61' is visible

17-06-2024T18:22:59 - [TEST_STEP][PASSED] - verifyElementVisible(findTestObject("Object Repository/Page_The Story and Evolution of Doodles - G_6e786d/h2_Weve created more than 5,000 Doodles ove_111429")): Object 'Object Repository/Page_The Story and Evolution of Doodles - G_6e786d/h2_Weve created more than 5,000 Doodles ove_111429' is visible

17-06-2024T18:22:59 - [MESSAGE][PASSED] - Object 'Object Repository/Page_The Story and Evolution of Doodles - G_6e786d/h2_Weve created more than 5,000 Doodles ove_111429' is visible

17-06-2024T18:22:59 - [TEST_STEP][PASSED] - click(findTestObject("Object Repository/Page_The Story and Evolution of Doodles - G_6e786d/p_The first Doodle was a simple out-of-offi_345e61")): Object: 'Object Repository/Page_The Story and Evolution of Doodles - G_6e786d/p_The first Doodle was a simple out-of-offi_345e61' is clicked on

17-06-2024T18:22:59 - [MESSAGE][PASSED] - Object: 'Object Repository/Page_The Story and Evolution of Doodles - G_6e786d/p_The first Doodle was a simple out-of-offi_345e61' is clicked on

17-06-2024T18:22:59 - [TEST_STEP][PASSED] - verifyElementVisible(findTestObject("Object Repository/Page_The Story and Evolution of Doodles - G_6e786d/h1_The story behind Doodles")): Object 'Object Repository/Page_The Story and Evolution of Doodles - G_6e786d/h1_The story behind Doodles' is visible

17-06-2024T18:23:00 - [MESSAGE][PASSED] - Object 'Object Repository/Page_The Story and Evolution of Doodles - G_6e786d/h1_The story behind Doodles' is visible

17-06-2024T18:23:00 - [TEST_STEP][PASSED] - verifyElementVisible(findTestObject("Object Repository/Page_The Story and Evolution of Doodles - G_6e786d/p_The first Doodle was a simple out-of-offi_345e61")): Object 'Object Repository/Page_The Story and Evolution of Doodles - G_6e786d/p_The first Doodle was a simple out-of-offi_345e61' is visible

17-06-2024T18:23:00 - [MESSAGE][PASSED] - Object 'Object Repository/Page_The Story and Evolution of Doodles - G_6e786d/p_The first Doodle was a simple out-of-offi_345e61' is visible

17-06-2024T18:23:00 - [TEST_STEP][PASSED] - verifyElementVisible(findTestObject("Object Repository/Page_The Story and Evolution of Doodles - G_6e786d/h2_Weve created more than 5,000 Doodles ove_111429")): Object 'Object Repository/Page_The Story and Evolution of Doodles - G_6e786d/h2_Weve created more than 5,000 Doodles ove_111429' is visible

17-06-2024T18:23:00 - [MESSAGE][PASSED] - Object 'Object Repository/Page_The Story and Evolution of Doodles - G_6e786d/h2_Weve created more than 5,000 Doodles ove_111429' is visible

17-06-2024T18:23:00 - [TEST_STEP][PASSED] - click(findTestObject("Object Repository/Page_The Story and Evolution of Doodles - G_6e786d/p_The first Doodle was a simple out-of-offi_345e61")): Object: 'Object Repository/Page_The Story and Evolution of Doodles - G_6e786d/p_The first Doodle was a simple out-of-offi_345e61' is clicked on

17-06-2024T18:23:01 - [MESSAGE][PASSED] - Object: 'Object Repository/Page_The Story and Evolution of Doodles - G_6e786d/p_The first Doodle was a simple out-of-offi_345e61' is clicked on

17-06-2024T18:23:01 - [TEST_STEP][PASSED] - verifyElementVisible(findTestObject("Object Repository/Page_The Story and Evolution of Doodles - G_6e786d/h1_The story behind Doodles")): Object 'Object Repository/Page_The Story and Evolution of Doodles - G_6e786d/h1_The story behind Doodles' is visible

17-06-2024T18:23:01 - [MESSAGE][PASSED] - Object 'Object Repository/Page_The Story and Evolution of Doodles - G_6e786d/h1_The story behind Doodles' is visible

17-06-2024T18:23:01 - [TEST_STEP][PASSED] - verifyElementVisible(findTestObject("Object Repository/Page_The Story and Evolution of Doodles - G_6e786d/p_The first Doodle was a simple out-of-offi_345e61")): Object 'Object Repository/Page_The Story and Evolution of Doodles - G_6e786d/p_The first Doodle was a simple out-of-offi_345e61' is visible

17-06-2024T18:23:01 - [MESSAGE][PASSED] - Object 'Object Repository/Page_The Story and Evolution of Doodles - G_6e786d/p_The first Doodle was a simple out-of-offi_345e61' is visible

17-06-2024T18:23:01 - [TEST_STEP][PASSED] - verifyElementVisible(findTestObject("Object Repository/Page_The Story and Evolution of Doodles - G_6e786d/h2_Weve created more than 5,000 Doodles ove_111429")): Object 'Object Repository/Page_The Story and Evolution of Doodles - G_6e786d/h2_Weve created more than 5,000 Doodles ove_111429' is visible

17-06-2024T18:23:02 - [MESSAGE][PASSED] - Object 'Object Repository/Page_The Story and Evolution of Doodles - G_6e786d/h2_Weve created more than 5,000 Doodles ove_111429' is visible

17-06-2024T18:23:02 - [TEST_STEP][PASSED] - click(findTestObject("Object Repository/Page_The Story and Evolution of Doodles - G_6e786d/p_The first Doodle was a simple out-of-offi_345e61")): Object: 'Object Repository/Page_The Story and Evolution of Doodles - G_6e786d/p_The first Doodle was a simple out-of-offi_345e61' is clicked on

17-06-2024T18:23:02 - [MESSAGE][PASSED] - Object: 'Object Repository/Page_The Story and Evolution of Doodles - G_6e786d/p_The first Doodle was a simple out-of-offi_345e61' is clicked on

17-06-2024T18:23:02 - [TEST_STEP][PASSED] - verifyElementVisible(findTestObject("Object Repository/Page_The Story and Evolution of Doodles - G_6e786d/h1_The story behind Doodles")): Object 'Object Repository/Page_The Story and Evolution of Doodles - G_6e786d/h1_The story behind Doodles' is visible

17-06-2024T18:23:02 - [MESSAGE][PASSED] - Object 'Object Repository/Page_The Story and Evolution of Doodles - G_6e786d/h1_The story behind Doodles' is visible

17-06-2024T18:23:02 - [TEST_STEP][PASSED] - verifyElementVisible(findTestObject("Object Repository/Page_The Story and Evolution of Doodles - G_6e786d/p_The first Doodle was a simple out-of-offi_345e61")): Object 'Object Repository/Page_The Story and Evolution of Doodles - G_6e786d/p_The first Doodle was a simple out-of-offi_345e61' is visible

17-06-2024T18:23:03 - [MESSAGE][PASSED] - Object 'Object Repository/Page_The Story and Evolution of Doodles - G_6e786d/p_The first Doodle was a simple out-of-offi_345e61' is visible

17-06-2024T18:23:03 - [TEST_STEP][PASSED] - verifyElementVisible(findTestObject("Object Repository/Page_The Story and Evolution of Doodles - G_6e786d/h2_Weve created more than 5,000 Doodles ove_111429")): Object 'Object Repository/Page_The Story and Evolution of Doodles - G_6e786d/h2_Weve created more than 5,000 Doodles ove_111429' is visible

17-06-2024T18:23:03 - [MESSAGE][PASSED] - Object 'Object Repository/Page_The Story and Evolution of Doodles - G_6e786d/h2_Weve created more than 5,000 Doodles ove_111429' is visible

17-06-2024T18:23:03 - [TEST_STEP][PASSED] - click(findTestObject("Object Repository/Page_The Story and Evolution of Doodles - G_6e786d/p_The first Doodle was a simple out-of-offi_345e61")): Object: 'Object Repository/Page_The Story and Evolution of Doodles - G_6e786d/p_The first Doodle was a simple out-of-offi_345e61' is clicked on

17-06-2024T18:23:03 - [MESSAGE][PASSED] - Object: 'Object Repository/Page_The Story and Evolution of Doodles - G_6e786d/p_The first Doodle was a simple out-of-offi_345e61' is clicked on

17-06-2024T18:23:03 - [TEST_STEP][PASSED] - verifyElementVisible(findTestObject("Object Repository/Page_The Story and Evolution of Doodles - G_6e786d/h1_The story behind Doodles")): Object 'Object Repository/Page_The Story and Evolution of Doodles - G_6e786d/h1_The story behind Doodles' is visible

17-06-2024T18:23:04 - [MESSAGE][PASSED] - Object 'Object Repository/Page_The Story and Evolution of Doodles - G_6e786d/h1_The story behind Doodles' is visible

17-06-2024T18:23:04 - [TEST_STEP][PASSED] - verifyElementVisible(findTestObject("Object Repository/Page_The Story and Evolution of Doodles - G_6e786d/p_The first Doodle was a simple out-of-offi_345e61")): Object 'Object Repository/Page_The Story and Evolution of Doodles - G_6e786d/p_The first Doodle was a simple out-of-offi_345e61' is visible

17-06-2024T18:23:04 - [MESSAGE][PASSED] - Object 'Object Repository/Page_The Story and Evolution of Doodles - G_6e786d/p_The first Doodle was a simple out-of-offi_345e61' is visible

17-06-2024T18:23:04 - [TEST_STEP][PASSED] - verifyElementVisible(findTestObject("Object Repository/Page_The Story and Evolution of Doodles - G_6e786d/h2_Weve created more than 5,000 Doodles ove_111429")): Object 'Object Repository/Page_The Story and Evolution of Doodles - G_6e786d/h2_Weve created more than 5,000 Doodles ove_111429' is visible

17-06-2024T18:23:04 - [MESSAGE][PASSED] - Object 'Object Repository/Page_The Story and Evolution of Doodles - G_6e786d/h2_Weve created more than 5,000 Doodles ove_111429' is visible

17-06-2024T18:23:04 - [TEST_STEP][PASSED] - click(findTestObject("Object Repository/Page_The Story and Evolution of Doodles - G_6e786d/p_The first Doodle was a simple out-of-offi_345e61")): Object: 'Object Repository/Page_The Story and Evolution of Doodles - G_6e786d/p_The first Doodle was a simple out-of-offi_345e61' is clicked on

17-06-2024T18:23:05 - [MESSAGE][PASSED] - Object: 'Object Repository/Page_The Story and Evolution of Doodles - G_6e786d/p_The first Doodle was a simple out-of-offi_345e61' is clicked on

17-06-2024T18:23:05 - [TEST_STEP][PASSED] - verifyElementVisible(findTestObject("Object Repository/Page_The Story and Evolution of Doodles - G_6e786d/h1_The story behind Doodles")): Object 'Object Repository/Page_The Story and Evolution of Doodles - G_6e786d/h1_The story behind Doodles' is visible

17-06-2024T18:23:05 - [MESSAGE][PASSED] - Object 'Object Repository/Page_The Story and Evolution of Doodles - G_6e786d/h1_The story behind Doodles' is visible

17-06-2024T18:23:05 - [TEST_STEP][PASSED] - verifyElementVisible(findTestObject("Object Repository/Page_The Story and Evolution of Doodles - G_6e786d/p_The first Doodle was a simple out-of-offi_345e61")): Object 'Object Repository/Page_The Story and Evolution of Doodles - G_6e786d/p_The first Doodle was a simple out-of-offi_345e61' is visible

17-06-2024T18:23:05 - [MESSAGE][PASSED] - Object 'Object Repository/Page_The Story and Evolution of Doodles - G_6e786d/p_The first Doodle was a simple out-of-offi_345e61' is visible

17-06-2024T18:23:05 - [TEST_STEP][PASSED] - verifyElementVisible(findTestObject("Object Repository/Page_The Story and Evolution of Doodles - G_6e786d/h2_Weve created more than 5,000 Doodles ove_111429")): Object 'Object Repository/Page_The Story and Evolution of Doodles - G_6e786d/h2_Weve created more than 5,000 Doodles ove_111429' is visible

17-06-2024T18:23:06 - [MESSAGE][PASSED] - Object 'Object Repository/Page_The Story and Evolution of Doodles - G_6e786d/h2_Weve created more than 5,000 Doodles ove_111429' is visible]]></system-out>
         <system-err><![CDATA[]]></system-err>
      </testcase>
      <testcase name="Test Cases/test case folder 1/tc1 - Copy (3) - Copy" time="19.536" classname="Test Cases/test case folder 1/tc1 - Copy (3) - Copy" status="PASSED">
         <system-out><![CDATA[17-06-2024T18:23:06 - [TEST_CASE][PASSED] - Test Cases/test case folder 1/tc1 - Copy (3) - Copy: Test Cases/test case folder 1/tc1 - Copy (3) - Copy

17-06-2024T18:23:06 - [TEST_STEP][PASSED] - openBrowser(""): Browser is opened with url: ''

17-06-2024T18:23:06 - [MESSAGE][WARNING] - A browser is already opened. Closing browser and opening a new one

17-06-2024T18:23:06 - [MESSAGE][INFO] - Starting 'Chrome (headless)' driver

17-06-2024T18:23:06 - [MESSAGE][INFO] - Action delay is set to 0 milliseconds

17-06-2024T18:23:07 - [MESSAGE][PASSED] - Browser is opened with url: ''

17-06-2024T18:23:07 - [TEST_STEP][PASSED] - navigateToUrl("https://doodles.google/about/"): Navigate to 'https://doodles.google/about/' successfully

17-06-2024T18:23:10 - [MESSAGE][PASSED] - Navigate to 'https://doodles.google/about/' successfully

17-06-2024T18:23:10 - [TEST_STEP][PASSED] - click(findTestObject("Object Repository/Page_The Story and Evolution of Doodles - G_6e786d/p_The first Doodle was a simple out-of-offi_345e61")): Object: 'Object Repository/Page_The Story and Evolution of Doodles - G_6e786d/p_The first Doodle was a simple out-of-offi_345e61' is clicked on

17-06-2024T18:23:11 - [MESSAGE][PASSED] - Object: 'Object Repository/Page_The Story and Evolution of Doodles - G_6e786d/p_The first Doodle was a simple out-of-offi_345e61' is clicked on

17-06-2024T18:23:11 - [TEST_STEP][PASSED] - click(findTestObject("Object Repository/Page_The Story and Evolution of Doodles - G_6e786d/p_The first Doodle was a simple out-of-offi_345e61")): Object: 'Object Repository/Page_The Story and Evolution of Doodles - G_6e786d/p_The first Doodle was a simple out-of-offi_345e61' is clicked on

17-06-2024T18:23:11 - [MESSAGE][PASSED] - Object: 'Object Repository/Page_The Story and Evolution of Doodles - G_6e786d/p_The first Doodle was a simple out-of-offi_345e61' is clicked on

17-06-2024T18:23:11 - [TEST_STEP][PASSED] - verifyElementVisible(findTestObject("Object Repository/Page_The Story and Evolution of Doodles - G_6e786d/h1_The story behind Doodles")): Object 'Object Repository/Page_The Story and Evolution of Doodles - G_6e786d/h1_The story behind Doodles' is visible

17-06-2024T18:23:11 - [MESSAGE][PASSED] - Object 'Object Repository/Page_The Story and Evolution of Doodles - G_6e786d/h1_The story behind Doodles' is visible

17-06-2024T18:23:11 - [TEST_STEP][PASSED] - verifyElementVisible(findTestObject("Object Repository/Page_The Story and Evolution of Doodles - G_6e786d/p_The first Doodle was a simple out-of-offi_345e61")): Object 'Object Repository/Page_The Story and Evolution of Doodles - G_6e786d/p_The first Doodle was a simple out-of-offi_345e61' is visible

17-06-2024T18:23:12 - [MESSAGE][PASSED] - Object 'Object Repository/Page_The Story and Evolution of Doodles - G_6e786d/p_The first Doodle was a simple out-of-offi_345e61' is visible

17-06-2024T18:23:12 - [TEST_STEP][PASSED] - verifyElementVisible(findTestObject("Object Repository/Page_The Story and Evolution of Doodles - G_6e786d/h2_Weve created more than 5,000 Doodles ove_111429")): Object 'Object Repository/Page_The Story and Evolution of Doodles - G_6e786d/h2_Weve created more than 5,000 Doodles ove_111429' is visible

17-06-2024T18:23:12 - [MESSAGE][PASSED] - Object 'Object Repository/Page_The Story and Evolution of Doodles - G_6e786d/h2_Weve created more than 5,000 Doodles ove_111429' is visible

17-06-2024T18:23:12 - [TEST_STEP][PASSED] - verifyElementVisible(findTestObject("Object Repository/Page_The Story and Evolution of Doodles - G_6e786d/h1_The story behind Doodles")): Object 'Object Repository/Page_The Story and Evolution of Doodles - G_6e786d/h1_The story behind Doodles' is visible

17-06-2024T18:23:12 - [MESSAGE][PASSED] - Object 'Object Repository/Page_The Story and Evolution of Doodles - G_6e786d/h1_The story behind Doodles' is visible

17-06-2024T18:23:12 - [TEST_STEP][PASSED] - verifyElementVisible(findTestObject("Object Repository/Page_The Story and Evolution of Doodles - G_6e786d/p_The first Doodle was a simple out-of-offi_345e61")): Object 'Object Repository/Page_The Story and Evolution of Doodles - G_6e786d/p_The first Doodle was a simple out-of-offi_345e61' is visible

17-06-2024T18:23:13 - [MESSAGE][PASSED] - Object 'Object Repository/Page_The Story and Evolution of Doodles - G_6e786d/p_The first Doodle was a simple out-of-offi_345e61' is visible

17-06-2024T18:23:13 - [TEST_STEP][PASSED] - verifyElementVisible(findTestObject("Object Repository/Page_The Story and Evolution of Doodles - G_6e786d/h2_Weve created more than 5,000 Doodles ove_111429")): Object 'Object Repository/Page_The Story and Evolution of Doodles - G_6e786d/h2_Weve created more than 5,000 Doodles ove_111429' is visible

17-06-2024T18:23:13 - [MESSAGE][PASSED] - Object 'Object Repository/Page_The Story and Evolution of Doodles - G_6e786d/h2_Weve created more than 5,000 Doodles ove_111429' is visible

17-06-2024T18:23:13 - [TEST_STEP][PASSED] - click(findTestObject("Object Repository/Page_The Story and Evolution of Doodles - G_6e786d/p_The first Doodle was a simple out-of-offi_345e61")): Object: 'Object Repository/Page_The Story and Evolution of Doodles - G_6e786d/p_The first Doodle was a simple out-of-offi_345e61' is clicked on

17-06-2024T18:23:13 - [MESSAGE][PASSED] - Object: 'Object Repository/Page_The Story and Evolution of Doodles - G_6e786d/p_The first Doodle was a simple out-of-offi_345e61' is clicked on

17-06-2024T18:23:13 - [TEST_STEP][PASSED] - verifyElementVisible(findTestObject("Object Repository/Page_The Story and Evolution of Doodles - G_6e786d/h1_The story behind Doodles")): Object 'Object Repository/Page_The Story and Evolution of Doodles - G_6e786d/h1_The story behind Doodles' is visible

17-06-2024T18:23:14 - [MESSAGE][PASSED] - Object 'Object Repository/Page_The Story and Evolution of Doodles - G_6e786d/h1_The story behind Doodles' is visible

17-06-2024T18:23:14 - [TEST_STEP][PASSED] - verifyElementVisible(findTestObject("Object Repository/Page_The Story and Evolution of Doodles - G_6e786d/p_The first Doodle was a simple out-of-offi_345e61")): Object 'Object Repository/Page_The Story and Evolution of Doodles - G_6e786d/p_The first Doodle was a simple out-of-offi_345e61' is visible

17-06-2024T18:23:14 - [MESSAGE][PASSED] - Object 'Object Repository/Page_The Story and Evolution of Doodles - G_6e786d/p_The first Doodle was a simple out-of-offi_345e61' is visible

17-06-2024T18:23:14 - [TEST_STEP][PASSED] - verifyElementVisible(findTestObject("Object Repository/Page_The Story and Evolution of Doodles - G_6e786d/h2_Weve created more than 5,000 Doodles ove_111429")): Object 'Object Repository/Page_The Story and Evolution of Doodles - G_6e786d/h2_Weve created more than 5,000 Doodles ove_111429' is visible

17-06-2024T18:23:14 - [MESSAGE][PASSED] - Object 'Object Repository/Page_The Story and Evolution of Doodles - G_6e786d/h2_Weve created more than 5,000 Doodles ove_111429' is visible

17-06-2024T18:23:14 - [TEST_STEP][PASSED] - click(findTestObject("Object Repository/Page_The Story and Evolution of Doodles - G_6e786d/p_The first Doodle was a simple out-of-offi_345e61")): Object: 'Object Repository/Page_The Story and Evolution of Doodles - G_6e786d/p_The first Doodle was a simple out-of-offi_345e61' is clicked on

17-06-2024T18:23:15 - [MESSAGE][PASSED] - Object: 'Object Repository/Page_The Story and Evolution of Doodles - G_6e786d/p_The first Doodle was a simple out-of-offi_345e61' is clicked on

17-06-2024T18:23:15 - [TEST_STEP][PASSED] - verifyElementVisible(findTestObject("Object Repository/Page_The Story and Evolution of Doodles - G_6e786d/h1_The story behind Doodles")): Object 'Object Repository/Page_The Story and Evolution of Doodles - G_6e786d/h1_The story behind Doodles' is visible

17-06-2024T18:23:15 - [MESSAGE][PASSED] - Object 'Object Repository/Page_The Story and Evolution of Doodles - G_6e786d/h1_The story behind Doodles' is visible

17-06-2024T18:23:15 - [TEST_STEP][PASSED] - verifyElementVisible(findTestObject("Object Repository/Page_The Story and Evolution of Doodles - G_6e786d/p_The first Doodle was a simple out-of-offi_345e61")): Object 'Object Repository/Page_The Story and Evolution of Doodles - G_6e786d/p_The first Doodle was a simple out-of-offi_345e61' is visible

17-06-2024T18:23:15 - [MESSAGE][PASSED] - Object 'Object Repository/Page_The Story and Evolution of Doodles - G_6e786d/p_The first Doodle was a simple out-of-offi_345e61' is visible

17-06-2024T18:23:15 - [TEST_STEP][PASSED] - verifyElementVisible(findTestObject("Object Repository/Page_The Story and Evolution of Doodles - G_6e786d/h2_Weve created more than 5,000 Doodles ove_111429")): Object 'Object Repository/Page_The Story and Evolution of Doodles - G_6e786d/h2_Weve created more than 5,000 Doodles ove_111429' is visible

17-06-2024T18:23:16 - [MESSAGE][PASSED] - Object 'Object Repository/Page_The Story and Evolution of Doodles - G_6e786d/h2_Weve created more than 5,000 Doodles ove_111429' is visible

17-06-2024T18:23:16 - [TEST_STEP][PASSED] - click(findTestObject("Object Repository/Page_The Story and Evolution of Doodles - G_6e786d/p_The first Doodle was a simple out-of-offi_345e61")): Object: 'Object Repository/Page_The Story and Evolution of Doodles - G_6e786d/p_The first Doodle was a simple out-of-offi_345e61' is clicked on

17-06-2024T18:23:16 - [MESSAGE][PASSED] - Object: 'Object Repository/Page_The Story and Evolution of Doodles - G_6e786d/p_The first Doodle was a simple out-of-offi_345e61' is clicked on

17-06-2024T18:23:16 - [TEST_STEP][PASSED] - verifyElementVisible(findTestObject("Object Repository/Page_The Story and Evolution of Doodles - G_6e786d/h1_The story behind Doodles")): Object 'Object Repository/Page_The Story and Evolution of Doodles - G_6e786d/h1_The story behind Doodles' is visible

17-06-2024T18:23:16 - [MESSAGE][PASSED] - Object 'Object Repository/Page_The Story and Evolution of Doodles - G_6e786d/h1_The story behind Doodles' is visible

17-06-2024T18:23:16 - [TEST_STEP][PASSED] - verifyElementVisible(findTestObject("Object Repository/Page_The Story and Evolution of Doodles - G_6e786d/p_The first Doodle was a simple out-of-offi_345e61")): Object 'Object Repository/Page_The Story and Evolution of Doodles - G_6e786d/p_The first Doodle was a simple out-of-offi_345e61' is visible

17-06-2024T18:23:17 - [MESSAGE][PASSED] - Object 'Object Repository/Page_The Story and Evolution of Doodles - G_6e786d/p_The first Doodle was a simple out-of-offi_345e61' is visible

17-06-2024T18:23:17 - [TEST_STEP][PASSED] - verifyElementVisible(findTestObject("Object Repository/Page_The Story and Evolution of Doodles - G_6e786d/h2_Weve created more than 5,000 Doodles ove_111429")): Object 'Object Repository/Page_The Story and Evolution of Doodles - G_6e786d/h2_Weve created more than 5,000 Doodles ove_111429' is visible

17-06-2024T18:23:17 - [MESSAGE][PASSED] - Object 'Object Repository/Page_The Story and Evolution of Doodles - G_6e786d/h2_Weve created more than 5,000 Doodles ove_111429' is visible

17-06-2024T18:23:17 - [TEST_STEP][PASSED] - click(findTestObject("Object Repository/Page_The Story and Evolution of Doodles - G_6e786d/p_The first Doodle was a simple out-of-offi_345e61")): Object: 'Object Repository/Page_The Story and Evolution of Doodles - G_6e786d/p_The first Doodle was a simple out-of-offi_345e61' is clicked on

17-06-2024T18:23:17 - [MESSAGE][PASSED] - Object: 'Object Repository/Page_The Story and Evolution of Doodles - G_6e786d/p_The first Doodle was a simple out-of-offi_345e61' is clicked on

17-06-2024T18:23:17 - [TEST_STEP][PASSED] - verifyElementVisible(findTestObject("Object Repository/Page_The Story and Evolution of Doodles - G_6e786d/h1_The story behind Doodles")): Object 'Object Repository/Page_The Story and Evolution of Doodles - G_6e786d/h1_The story behind Doodles' is visible

17-06-2024T18:23:18 - [MESSAGE][PASSED] - Object 'Object Repository/Page_The Story and Evolution of Doodles - G_6e786d/h1_The story behind Doodles' is visible

17-06-2024T18:23:18 - [TEST_STEP][PASSED] - verifyElementVisible(findTestObject("Object Repository/Page_The Story and Evolution of Doodles - G_6e786d/p_The first Doodle was a simple out-of-offi_345e61")): Object 'Object Repository/Page_The Story and Evolution of Doodles - G_6e786d/p_The first Doodle was a simple out-of-offi_345e61' is visible

17-06-2024T18:23:18 - [MESSAGE][PASSED] - Object 'Object Repository/Page_The Story and Evolution of Doodles - G_6e786d/p_The first Doodle was a simple out-of-offi_345e61' is visible

17-06-2024T18:23:18 - [TEST_STEP][PASSED] - verifyElementVisible(findTestObject("Object Repository/Page_The Story and Evolution of Doodles - G_6e786d/h2_Weve created more than 5,000 Doodles ove_111429")): Object 'Object Repository/Page_The Story and Evolution of Doodles - G_6e786d/h2_Weve created more than 5,000 Doodles ove_111429' is visible

17-06-2024T18:23:18 - [MESSAGE][PASSED] - Object 'Object Repository/Page_The Story and Evolution of Doodles - G_6e786d/h2_Weve created more than 5,000 Doodles ove_111429' is visible

17-06-2024T18:23:18 - [TEST_STEP][PASSED] - click(findTestObject("Object Repository/Page_The Story and Evolution of Doodles - G_6e786d/p_The first Doodle was a simple out-of-offi_345e61")): Object: 'Object Repository/Page_The Story and Evolution of Doodles - G_6e786d/p_The first Doodle was a simple out-of-offi_345e61' is clicked on

17-06-2024T18:23:19 - [MESSAGE][PASSED] - Object: 'Object Repository/Page_The Story and Evolution of Doodles - G_6e786d/p_The first Doodle was a simple out-of-offi_345e61' is clicked on

17-06-2024T18:23:19 - [TEST_STEP][PASSED] - verifyElementVisible(findTestObject("Object Repository/Page_The Story and Evolution of Doodles - G_6e786d/h1_The story behind Doodles")): Object 'Object Repository/Page_The Story and Evolution of Doodles - G_6e786d/h1_The story behind Doodles' is visible

17-06-2024T18:23:19 - [MESSAGE][PASSED] - Object 'Object Repository/Page_The Story and Evolution of Doodles - G_6e786d/h1_The story behind Doodles' is visible

17-06-2024T18:23:19 - [TEST_STEP][PASSED] - verifyElementVisible(findTestObject("Object Repository/Page_The Story and Evolution of Doodles - G_6e786d/p_The first Doodle was a simple out-of-offi_345e61")): Object 'Object Repository/Page_The Story and Evolution of Doodles - G_6e786d/p_The first Doodle was a simple out-of-offi_345e61' is visible

17-06-2024T18:23:20 - [MESSAGE][PASSED] - Object 'Object Repository/Page_The Story and Evolution of Doodles - G_6e786d/p_The first Doodle was a simple out-of-offi_345e61' is visible

17-06-2024T18:23:20 - [TEST_STEP][PASSED] - verifyElementVisible(findTestObject("Object Repository/Page_The Story and Evolution of Doodles - G_6e786d/h2_Weve created more than 5,000 Doodles ove_111429")): Object 'Object Repository/Page_The Story and Evolution of Doodles - G_6e786d/h2_Weve created more than 5,000 Doodles ove_111429' is visible

17-06-2024T18:23:20 - [MESSAGE][PASSED] - Object 'Object Repository/Page_The Story and Evolution of Doodles - G_6e786d/h2_Weve created more than 5,000 Doodles ove_111429' is visible

17-06-2024T18:23:20 - [TEST_STEP][PASSED] - click(findTestObject("Object Repository/Page_The Story and Evolution of Doodles - G_6e786d/p_The first Doodle was a simple out-of-offi_345e61")): Object: 'Object Repository/Page_The Story and Evolution of Doodles - G_6e786d/p_The first Doodle was a simple out-of-offi_345e61' is clicked on

17-06-2024T18:23:20 - [MESSAGE][PASSED] - Object: 'Object Repository/Page_The Story and Evolution of Doodles - G_6e786d/p_The first Doodle was a simple out-of-offi_345e61' is clicked on

17-06-2024T18:23:20 - [TEST_STEP][PASSED] - verifyElementVisible(findTestObject("Object Repository/Page_The Story and Evolution of Doodles - G_6e786d/h1_The story behind Doodles")): Object 'Object Repository/Page_The Story and Evolution of Doodles - G_6e786d/h1_The story behind Doodles' is visible

17-06-2024T18:23:21 - [MESSAGE][PASSED] - Object 'Object Repository/Page_The Story and Evolution of Doodles - G_6e786d/h1_The story behind Doodles' is visible

17-06-2024T18:23:21 - [TEST_STEP][PASSED] - verifyElementVisible(findTestObject("Object Repository/Page_The Story and Evolution of Doodles - G_6e786d/p_The first Doodle was a simple out-of-offi_345e61")): Object 'Object Repository/Page_The Story and Evolution of Doodles - G_6e786d/p_The first Doodle was a simple out-of-offi_345e61' is visible

17-06-2024T18:23:21 - [MESSAGE][PASSED] - Object 'Object Repository/Page_The Story and Evolution of Doodles - G_6e786d/p_The first Doodle was a simple out-of-offi_345e61' is visible

17-06-2024T18:23:21 - [TEST_STEP][PASSED] - verifyElementVisible(findTestObject("Object Repository/Page_The Story and Evolution of Doodles - G_6e786d/h2_Weve created more than 5,000 Doodles ove_111429")): Object 'Object Repository/Page_The Story and Evolution of Doodles - G_6e786d/h2_Weve created more than 5,000 Doodles ove_111429' is visible

17-06-2024T18:23:21 - [MESSAGE][PASSED] - Object 'Object Repository/Page_The Story and Evolution of Doodles - G_6e786d/h2_Weve created more than 5,000 Doodles ove_111429' is visible

17-06-2024T18:23:21 - [TEST_STEP][PASSED] - click(findTestObject("Object Repository/Page_The Story and Evolution of Doodles - G_6e786d/p_The first Doodle was a simple out-of-offi_345e61")): Object: 'Object Repository/Page_The Story and Evolution of Doodles - G_6e786d/p_The first Doodle was a simple out-of-offi_345e61' is clicked on

17-06-2024T18:23:22 - [MESSAGE][PASSED] - Object: 'Object Repository/Page_The Story and Evolution of Doodles - G_6e786d/p_The first Doodle was a simple out-of-offi_345e61' is clicked on

17-06-2024T18:23:22 - [TEST_STEP][PASSED] - verifyElementVisible(findTestObject("Object Repository/Page_The Story and Evolution of Doodles - G_6e786d/h1_The story behind Doodles")): Object 'Object Repository/Page_The Story and Evolution of Doodles - G_6e786d/h1_The story behind Doodles' is visible

17-06-2024T18:23:22 - [MESSAGE][PASSED] - Object 'Object Repository/Page_The Story and Evolution of Doodles - G_6e786d/h1_The story behind Doodles' is visible

17-06-2024T18:23:22 - [TEST_STEP][PASSED] - verifyElementVisible(findTestObject("Object Repository/Page_The Story and Evolution of Doodles - G_6e786d/p_The first Doodle was a simple out-of-offi_345e61")): Object 'Object Repository/Page_The Story and Evolution of Doodles - G_6e786d/p_The first Doodle was a simple out-of-offi_345e61' is visible

17-06-2024T18:23:22 - [MESSAGE][PASSED] - Object 'Object Repository/Page_The Story and Evolution of Doodles - G_6e786d/p_The first Doodle was a simple out-of-offi_345e61' is visible

17-06-2024T18:23:22 - [TEST_STEP][PASSED] - verifyElementVisible(findTestObject("Object Repository/Page_The Story and Evolution of Doodles - G_6e786d/h2_Weve created more than 5,000 Doodles ove_111429")): Object 'Object Repository/Page_The Story and Evolution of Doodles - G_6e786d/h2_Weve created more than 5,000 Doodles ove_111429' is visible

17-06-2024T18:23:23 - [MESSAGE][PASSED] - Object 'Object Repository/Page_The Story and Evolution of Doodles - G_6e786d/h2_Weve created more than 5,000 Doodles ove_111429' is visible

17-06-2024T18:23:23 - [TEST_STEP][PASSED] - click(findTestObject("Object Repository/Page_The Story and Evolution of Doodles - G_6e786d/p_The first Doodle was a simple out-of-offi_345e61")): Object: 'Object Repository/Page_The Story and Evolution of Doodles - G_6e786d/p_The first Doodle was a simple out-of-offi_345e61' is clicked on

17-06-2024T18:23:23 - [MESSAGE][PASSED] - Object: 'Object Repository/Page_The Story and Evolution of Doodles - G_6e786d/p_The first Doodle was a simple out-of-offi_345e61' is clicked on

17-06-2024T18:23:23 - [TEST_STEP][PASSED] - verifyElementVisible(findTestObject("Object Repository/Page_The Story and Evolution of Doodles - G_6e786d/h1_The story behind Doodles")): Object 'Object Repository/Page_The Story and Evolution of Doodles - G_6e786d/h1_The story behind Doodles' is visible

17-06-2024T18:23:23 - [MESSAGE][PASSED] - Object 'Object Repository/Page_The Story and Evolution of Doodles - G_6e786d/h1_The story behind Doodles' is visible

17-06-2024T18:23:23 - [TEST_STEP][PASSED] - verifyElementVisible(findTestObject("Object Repository/Page_The Story and Evolution of Doodles - G_6e786d/p_The first Doodle was a simple out-of-offi_345e61")): Object 'Object Repository/Page_The Story and Evolution of Doodles - G_6e786d/p_The first Doodle was a simple out-of-offi_345e61' is visible

17-06-2024T18:23:24 - [MESSAGE][PASSED] - Object 'Object Repository/Page_The Story and Evolution of Doodles - G_6e786d/p_The first Doodle was a simple out-of-offi_345e61' is visible

17-06-2024T18:23:24 - [TEST_STEP][PASSED] - verifyElementVisible(findTestObject("Object Repository/Page_The Story and Evolution of Doodles - G_6e786d/h2_Weve created more than 5,000 Doodles ove_111429")): Object 'Object Repository/Page_The Story and Evolution of Doodles - G_6e786d/h2_Weve created more than 5,000 Doodles ove_111429' is visible

17-06-2024T18:23:24 - [MESSAGE][PASSED] - Object 'Object Repository/Page_The Story and Evolution of Doodles - G_6e786d/h2_Weve created more than 5,000 Doodles ove_111429' is visible

17-06-2024T18:23:24 - [TEST_STEP][PASSED] - click(findTestObject("Object Repository/Page_The Story and Evolution of Doodles - G_6e786d/p_The first Doodle was a simple out-of-offi_345e61")): Object: 'Object Repository/Page_The Story and Evolution of Doodles - G_6e786d/p_The first Doodle was a simple out-of-offi_345e61' is clicked on

17-06-2024T18:23:24 - [MESSAGE][PASSED] - Object: 'Object Repository/Page_The Story and Evolution of Doodles - G_6e786d/p_The first Doodle was a simple out-of-offi_345e61' is clicked on

17-06-2024T18:23:24 - [TEST_STEP][PASSED] - verifyElementVisible(findTestObject("Object Repository/Page_The Story and Evolution of Doodles - G_6e786d/h1_The story behind Doodles")): Object 'Object Repository/Page_The Story and Evolution of Doodles - G_6e786d/h1_The story behind Doodles' is visible

17-06-2024T18:23:25 - [MESSAGE][PASSED] - Object 'Object Repository/Page_The Story and Evolution of Doodles - G_6e786d/h1_The story behind Doodles' is visible

17-06-2024T18:23:25 - [TEST_STEP][PASSED] - verifyElementVisible(findTestObject("Object Repository/Page_The Story and Evolution of Doodles - G_6e786d/p_The first Doodle was a simple out-of-offi_345e61")): Object 'Object Repository/Page_The Story and Evolution of Doodles - G_6e786d/p_The first Doodle was a simple out-of-offi_345e61' is visible

17-06-2024T18:23:25 - [MESSAGE][PASSED] - Object 'Object Repository/Page_The Story and Evolution of Doodles - G_6e786d/p_The first Doodle was a simple out-of-offi_345e61' is visible

17-06-2024T18:23:25 - [TEST_STEP][PASSED] - verifyElementVisible(findTestObject("Object Repository/Page_The Story and Evolution of Doodles - G_6e786d/h2_Weve created more than 5,000 Doodles ove_111429")): Object 'Object Repository/Page_The Story and Evolution of Doodles - G_6e786d/h2_Weve created more than 5,000 Doodles ove_111429' is visible

17-06-2024T18:23:25 - [MESSAGE][PASSED] - Object 'Object Repository/Page_The Story and Evolution of Doodles - G_6e786d/h2_Weve created more than 5,000 Doodles ove_111429' is visible]]></system-out>
         <system-err><![CDATA[]]></system-err>
      </testcase>
      <testcase name="Test Cases/test case folder 1/tc1 - Copy (4) - Copy (1)" time="19.24" classname="Test Cases/test case folder 1/tc1 - Copy (4) - Copy (1)" status="PASSED">
         <system-out><![CDATA[17-06-2024T18:23:25 - [TEST_CASE][PASSED] - Test Cases/test case folder 1/tc1 - Copy (4) - Copy (1): Test Cases/test case folder 1/tc1 - Copy (4) - Copy (1)

17-06-2024T18:23:25 - [TEST_STEP][PASSED] - openBrowser(""): Browser is opened with url: ''

17-06-2024T18:23:25 - [MESSAGE][WARNING] - A browser is already opened. Closing browser and opening a new one

17-06-2024T18:23:26 - [MESSAGE][INFO] - Starting 'Chrome (headless)' driver

17-06-2024T18:23:26 - [MESSAGE][INFO] - Action delay is set to 0 milliseconds

17-06-2024T18:23:27 - [MESSAGE][PASSED] - Browser is opened with url: ''

17-06-2024T18:23:27 - [TEST_STEP][PASSED] - navigateToUrl("https://doodles.google/about/"): Navigate to 'https://doodles.google/about/' successfully

17-06-2024T18:23:30 - [MESSAGE][PASSED] - Navigate to 'https://doodles.google/about/' successfully

17-06-2024T18:23:30 - [TEST_STEP][PASSED] - click(findTestObject("Object Repository/Page_The Story and Evolution of Doodles - G_6e786d/p_The first Doodle was a simple out-of-offi_345e61")): Object: 'Object Repository/Page_The Story and Evolution of Doodles - G_6e786d/p_The first Doodle was a simple out-of-offi_345e61' is clicked on

17-06-2024T18:23:30 - [MESSAGE][PASSED] - Object: 'Object Repository/Page_The Story and Evolution of Doodles - G_6e786d/p_The first Doodle was a simple out-of-offi_345e61' is clicked on

17-06-2024T18:23:30 - [TEST_STEP][PASSED] - click(findTestObject("Object Repository/Page_The Story and Evolution of Doodles - G_6e786d/p_The first Doodle was a simple out-of-offi_345e61")): Object: 'Object Repository/Page_The Story and Evolution of Doodles - G_6e786d/p_The first Doodle was a simple out-of-offi_345e61' is clicked on

17-06-2024T18:23:30 - [MESSAGE][PASSED] - Object: 'Object Repository/Page_The Story and Evolution of Doodles - G_6e786d/p_The first Doodle was a simple out-of-offi_345e61' is clicked on

17-06-2024T18:23:30 - [TEST_STEP][PASSED] - verifyElementVisible(findTestObject("Object Repository/Page_The Story and Evolution of Doodles - G_6e786d/h1_The story behind Doodles")): Object 'Object Repository/Page_The Story and Evolution of Doodles - G_6e786d/h1_The story behind Doodles' is visible

17-06-2024T18:23:31 - [MESSAGE][PASSED] - Object 'Object Repository/Page_The Story and Evolution of Doodles - G_6e786d/h1_The story behind Doodles' is visible

17-06-2024T18:23:31 - [TEST_STEP][PASSED] - verifyElementVisible(findTestObject("Object Repository/Page_The Story and Evolution of Doodles - G_6e786d/p_The first Doodle was a simple out-of-offi_345e61")): Object 'Object Repository/Page_The Story and Evolution of Doodles - G_6e786d/p_The first Doodle was a simple out-of-offi_345e61' is visible

17-06-2024T18:23:31 - [MESSAGE][PASSED] - Object 'Object Repository/Page_The Story and Evolution of Doodles - G_6e786d/p_The first Doodle was a simple out-of-offi_345e61' is visible

17-06-2024T18:23:31 - [TEST_STEP][PASSED] - verifyElementVisible(findTestObject("Object Repository/Page_The Story and Evolution of Doodles - G_6e786d/h2_Weve created more than 5,000 Doodles ove_111429")): Object 'Object Repository/Page_The Story and Evolution of Doodles - G_6e786d/h2_Weve created more than 5,000 Doodles ove_111429' is visible

17-06-2024T18:23:31 - [MESSAGE][PASSED] - Object 'Object Repository/Page_The Story and Evolution of Doodles - G_6e786d/h2_Weve created more than 5,000 Doodles ove_111429' is visible

17-06-2024T18:23:31 - [TEST_STEP][PASSED] - verifyElementVisible(findTestObject("Object Repository/Page_The Story and Evolution of Doodles - G_6e786d/h1_The story behind Doodles")): Object 'Object Repository/Page_The Story and Evolution of Doodles - G_6e786d/h1_The story behind Doodles' is visible

17-06-2024T18:23:32 - [MESSAGE][PASSED] - Object 'Object Repository/Page_The Story and Evolution of Doodles - G_6e786d/h1_The story behind Doodles' is visible

17-06-2024T18:23:32 - [TEST_STEP][PASSED] - verifyElementVisible(findTestObject("Object Repository/Page_The Story and Evolution of Doodles - G_6e786d/p_The first Doodle was a simple out-of-offi_345e61")): Object 'Object Repository/Page_The Story and Evolution of Doodles - G_6e786d/p_The first Doodle was a simple out-of-offi_345e61' is visible

17-06-2024T18:23:32 - [MESSAGE][PASSED] - Object 'Object Repository/Page_The Story and Evolution of Doodles - G_6e786d/p_The first Doodle was a simple out-of-offi_345e61' is visible

17-06-2024T18:23:32 - [TEST_STEP][PASSED] - verifyElementVisible(findTestObject("Object Repository/Page_The Story and Evolution of Doodles - G_6e786d/h2_Weve created more than 5,000 Doodles ove_111429")): Object 'Object Repository/Page_The Story and Evolution of Doodles - G_6e786d/h2_Weve created more than 5,000 Doodles ove_111429' is visible

17-06-2024T18:23:32 - [MESSAGE][PASSED] - Object 'Object Repository/Page_The Story and Evolution of Doodles - G_6e786d/h2_Weve created more than 5,000 Doodles ove_111429' is visible

17-06-2024T18:23:32 - [TEST_STEP][PASSED] - click(findTestObject("Object Repository/Page_The Story and Evolution of Doodles - G_6e786d/p_The first Doodle was a simple out-of-offi_345e61")): Object: 'Object Repository/Page_The Story and Evolution of Doodles - G_6e786d/p_The first Doodle was a simple out-of-offi_345e61' is clicked on

17-06-2024T18:23:33 - [MESSAGE][PASSED] - Object: 'Object Repository/Page_The Story and Evolution of Doodles - G_6e786d/p_The first Doodle was a simple out-of-offi_345e61' is clicked on

17-06-2024T18:23:33 - [TEST_STEP][PASSED] - verifyElementVisible(findTestObject("Object Repository/Page_The Story and Evolution of Doodles - G_6e786d/h1_The story behind Doodles")): Object 'Object Repository/Page_The Story and Evolution of Doodles - G_6e786d/h1_The story behind Doodles' is visible

17-06-2024T18:23:33 - [MESSAGE][PASSED] - Object 'Object Repository/Page_The Story and Evolution of Doodles - G_6e786d/h1_The story behind Doodles' is visible

17-06-2024T18:23:33 - [TEST_STEP][PASSED] - verifyElementVisible(findTestObject("Object Repository/Page_The Story and Evolution of Doodles - G_6e786d/p_The first Doodle was a simple out-of-offi_345e61")): Object 'Object Repository/Page_The Story and Evolution of Doodles - G_6e786d/p_The first Doodle was a simple out-of-offi_345e61' is visible

17-06-2024T18:23:33 - [MESSAGE][PASSED] - Object 'Object Repository/Page_The Story and Evolution of Doodles - G_6e786d/p_The first Doodle was a simple out-of-offi_345e61' is visible

17-06-2024T18:23:33 - [TEST_STEP][PASSED] - verifyElementVisible(findTestObject("Object Repository/Page_The Story and Evolution of Doodles - G_6e786d/h2_Weve created more than 5,000 Doodles ove_111429")): Object 'Object Repository/Page_The Story and Evolution of Doodles - G_6e786d/h2_Weve created more than 5,000 Doodles ove_111429' is visible

17-06-2024T18:23:34 - [MESSAGE][PASSED] - Object 'Object Repository/Page_The Story and Evolution of Doodles - G_6e786d/h2_Weve created more than 5,000 Doodles ove_111429' is visible

17-06-2024T18:23:34 - [TEST_STEP][PASSED] - click(findTestObject("Object Repository/Page_The Story and Evolution of Doodles - G_6e786d/p_The first Doodle was a simple out-of-offi_345e61")): Object: 'Object Repository/Page_The Story and Evolution of Doodles - G_6e786d/p_The first Doodle was a simple out-of-offi_345e61' is clicked on

17-06-2024T18:23:34 - [MESSAGE][PASSED] - Object: 'Object Repository/Page_The Story and Evolution of Doodles - G_6e786d/p_The first Doodle was a simple out-of-offi_345e61' is clicked on

17-06-2024T18:23:34 - [TEST_STEP][PASSED] - verifyElementVisible(findTestObject("Object Repository/Page_The Story and Evolution of Doodles - G_6e786d/h1_The story behind Doodles")): Object 'Object Repository/Page_The Story and Evolution of Doodles - G_6e786d/h1_The story behind Doodles' is visible

17-06-2024T18:23:34 - [MESSAGE][PASSED] - Object 'Object Repository/Page_The Story and Evolution of Doodles - G_6e786d/h1_The story behind Doodles' is visible

17-06-2024T18:23:34 - [TEST_STEP][PASSED] - verifyElementVisible(findTestObject("Object Repository/Page_The Story and Evolution of Doodles - G_6e786d/p_The first Doodle was a simple out-of-offi_345e61")): Object 'Object Repository/Page_The Story and Evolution of Doodles - G_6e786d/p_The first Doodle was a simple out-of-offi_345e61' is visible

17-06-2024T18:23:35 - [MESSAGE][PASSED] - Object 'Object Repository/Page_The Story and Evolution of Doodles - G_6e786d/p_The first Doodle was a simple out-of-offi_345e61' is visible

17-06-2024T18:23:35 - [TEST_STEP][PASSED] - verifyElementVisible(findTestObject("Object Repository/Page_The Story and Evolution of Doodles - G_6e786d/h2_Weve created more than 5,000 Doodles ove_111429")): Object 'Object Repository/Page_The Story and Evolution of Doodles - G_6e786d/h2_Weve created more than 5,000 Doodles ove_111429' is visible

17-06-2024T18:23:35 - [MESSAGE][PASSED] - Object 'Object Repository/Page_The Story and Evolution of Doodles - G_6e786d/h2_Weve created more than 5,000 Doodles ove_111429' is visible

17-06-2024T18:23:35 - [TEST_STEP][PASSED] - click(findTestObject("Object Repository/Page_The Story and Evolution of Doodles - G_6e786d/p_The first Doodle was a simple out-of-offi_345e61")): Object: 'Object Repository/Page_The Story and Evolution of Doodles - G_6e786d/p_The first Doodle was a simple out-of-offi_345e61' is clicked on

17-06-2024T18:23:35 - [MESSAGE][PASSED] - Object: 'Object Repository/Page_The Story and Evolution of Doodles - G_6e786d/p_The first Doodle was a simple out-of-offi_345e61' is clicked on

17-06-2024T18:23:35 - [TEST_STEP][PASSED] - verifyElementVisible(findTestObject("Object Repository/Page_The Story and Evolution of Doodles - G_6e786d/h1_The story behind Doodles")): Object 'Object Repository/Page_The Story and Evolution of Doodles - G_6e786d/h1_The story behind Doodles' is visible

17-06-2024T18:23:36 - [MESSAGE][PASSED] - Object 'Object Repository/Page_The Story and Evolution of Doodles - G_6e786d/h1_The story behind Doodles' is visible

17-06-2024T18:23:36 - [TEST_STEP][PASSED] - verifyElementVisible(findTestObject("Object Repository/Page_The Story and Evolution of Doodles - G_6e786d/p_The first Doodle was a simple out-of-offi_345e61")): Object 'Object Repository/Page_The Story and Evolution of Doodles - G_6e786d/p_The first Doodle was a simple out-of-offi_345e61' is visible

17-06-2024T18:23:36 - [MESSAGE][PASSED] - Object 'Object Repository/Page_The Story and Evolution of Doodles - G_6e786d/p_The first Doodle was a simple out-of-offi_345e61' is visible

17-06-2024T18:23:36 - [TEST_STEP][PASSED] - verifyElementVisible(findTestObject("Object Repository/Page_The Story and Evolution of Doodles - G_6e786d/h2_Weve created more than 5,000 Doodles ove_111429")): Object 'Object Repository/Page_The Story and Evolution of Doodles - G_6e786d/h2_Weve created more than 5,000 Doodles ove_111429' is visible

17-06-2024T18:23:36 - [MESSAGE][PASSED] - Object 'Object Repository/Page_The Story and Evolution of Doodles - G_6e786d/h2_Weve created more than 5,000 Doodles ove_111429' is visible

17-06-2024T18:23:36 - [TEST_STEP][PASSED] - click(findTestObject("Object Repository/Page_The Story and Evolution of Doodles - G_6e786d/p_The first Doodle was a simple out-of-offi_345e61")): Object: 'Object Repository/Page_The Story and Evolution of Doodles - G_6e786d/p_The first Doodle was a simple out-of-offi_345e61' is clicked on

17-06-2024T18:23:37 - [MESSAGE][PASSED] - Object: 'Object Repository/Page_The Story and Evolution of Doodles - G_6e786d/p_The first Doodle was a simple out-of-offi_345e61' is clicked on

17-06-2024T18:23:37 - [TEST_STEP][PASSED] - verifyElementVisible(findTestObject("Object Repository/Page_The Story and Evolution of Doodles - G_6e786d/h1_The story behind Doodles")): Object 'Object Repository/Page_The Story and Evolution of Doodles - G_6e786d/h1_The story behind Doodles' is visible

17-06-2024T18:23:37 - [MESSAGE][PASSED] - Object 'Object Repository/Page_The Story and Evolution of Doodles - G_6e786d/h1_The story behind Doodles' is visible

17-06-2024T18:23:37 - [TEST_STEP][PASSED] - verifyElementVisible(findTestObject("Object Repository/Page_The Story and Evolution of Doodles - G_6e786d/p_The first Doodle was a simple out-of-offi_345e61")): Object 'Object Repository/Page_The Story and Evolution of Doodles - G_6e786d/p_The first Doodle was a simple out-of-offi_345e61' is visible

17-06-2024T18:23:37 - [MESSAGE][PASSED] - Object 'Object Repository/Page_The Story and Evolution of Doodles - G_6e786d/p_The first Doodle was a simple out-of-offi_345e61' is visible

17-06-2024T18:23:37 - [TEST_STEP][PASSED] - verifyElementVisible(findTestObject("Object Repository/Page_The Story and Evolution of Doodles - G_6e786d/h2_Weve created more than 5,000 Doodles ove_111429")): Object 'Object Repository/Page_The Story and Evolution of Doodles - G_6e786d/h2_Weve created more than 5,000 Doodles ove_111429' is visible

17-06-2024T18:23:38 - [MESSAGE][PASSED] - Object 'Object Repository/Page_The Story and Evolution of Doodles - G_6e786d/h2_Weve created more than 5,000 Doodles ove_111429' is visible

17-06-2024T18:23:38 - [TEST_STEP][PASSED] - click(findTestObject("Object Repository/Page_The Story and Evolution of Doodles - G_6e786d/p_The first Doodle was a simple out-of-offi_345e61")): Object: 'Object Repository/Page_The Story and Evolution of Doodles - G_6e786d/p_The first Doodle was a simple out-of-offi_345e61' is clicked on

17-06-2024T18:23:38 - [MESSAGE][PASSED] - Object: 'Object Repository/Page_The Story and Evolution of Doodles - G_6e786d/p_The first Doodle was a simple out-of-offi_345e61' is clicked on

17-06-2024T18:23:38 - [TEST_STEP][PASSED] - verifyElementVisible(findTestObject("Object Repository/Page_The Story and Evolution of Doodles - G_6e786d/h1_The story behind Doodles")): Object 'Object Repository/Page_The Story and Evolution of Doodles - G_6e786d/h1_The story behind Doodles' is visible

17-06-2024T18:23:39 - [MESSAGE][PASSED] - Object 'Object Repository/Page_The Story and Evolution of Doodles - G_6e786d/h1_The story behind Doodles' is visible

17-06-2024T18:23:39 - [TEST_STEP][PASSED] - verifyElementVisible(findTestObject("Object Repository/Page_The Story and Evolution of Doodles - G_6e786d/p_The first Doodle was a simple out-of-offi_345e61")): Object 'Object Repository/Page_The Story and Evolution of Doodles - G_6e786d/p_The first Doodle was a simple out-of-offi_345e61' is visible

17-06-2024T18:23:39 - [MESSAGE][PASSED] - Object 'Object Repository/Page_The Story and Evolution of Doodles - G_6e786d/p_The first Doodle was a simple out-of-offi_345e61' is visible

17-06-2024T18:23:39 - [TEST_STEP][PASSED] - verifyElementVisible(findTestObject("Object Repository/Page_The Story and Evolution of Doodles - G_6e786d/h2_Weve created more than 5,000 Doodles ove_111429")): Object 'Object Repository/Page_The Story and Evolution of Doodles - G_6e786d/h2_Weve created more than 5,000 Doodles ove_111429' is visible

17-06-2024T18:23:39 - [MESSAGE][PASSED] - Object 'Object Repository/Page_The Story and Evolution of Doodles - G_6e786d/h2_Weve created more than 5,000 Doodles ove_111429' is visible

17-06-2024T18:23:39 - [TEST_STEP][PASSED] - click(findTestObject("Object Repository/Page_The Story and Evolution of Doodles - G_6e786d/p_The first Doodle was a simple out-of-offi_345e61")): Object: 'Object Repository/Page_The Story and Evolution of Doodles - G_6e786d/p_The first Doodle was a simple out-of-offi_345e61' is clicked on

17-06-2024T18:23:40 - [MESSAGE][PASSED] - Object: 'Object Repository/Page_The Story and Evolution of Doodles - G_6e786d/p_The first Doodle was a simple out-of-offi_345e61' is clicked on

17-06-2024T18:23:40 - [TEST_STEP][PASSED] - verifyElementVisible(findTestObject("Object Repository/Page_The Story and Evolution of Doodles - G_6e786d/h1_The story behind Doodles")): Object 'Object Repository/Page_The Story and Evolution of Doodles - G_6e786d/h1_The story behind Doodles' is visible

17-06-2024T18:23:40 - [MESSAGE][PASSED] - Object 'Object Repository/Page_The Story and Evolution of Doodles - G_6e786d/h1_The story behind Doodles' is visible

17-06-2024T18:23:40 - [TEST_STEP][PASSED] - verifyElementVisible(findTestObject("Object Repository/Page_The Story and Evolution of Doodles - G_6e786d/p_The first Doodle was a simple out-of-offi_345e61")): Object 'Object Repository/Page_The Story and Evolution of Doodles - G_6e786d/p_The first Doodle was a simple out-of-offi_345e61' is visible

17-06-2024T18:23:40 - [MESSAGE][PASSED] - Object 'Object Repository/Page_The Story and Evolution of Doodles - G_6e786d/p_The first Doodle was a simple out-of-offi_345e61' is visible

17-06-2024T18:23:40 - [TEST_STEP][PASSED] - verifyElementVisible(findTestObject("Object Repository/Page_The Story and Evolution of Doodles - G_6e786d/h2_Weve created more than 5,000 Doodles ove_111429")): Object 'Object Repository/Page_The Story and Evolution of Doodles - G_6e786d/h2_Weve created more than 5,000 Doodles ove_111429' is visible

17-06-2024T18:23:41 - [MESSAGE][PASSED] - Object 'Object Repository/Page_The Story and Evolution of Doodles - G_6e786d/h2_Weve created more than 5,000 Doodles ove_111429' is visible

17-06-2024T18:23:41 - [TEST_STEP][PASSED] - click(findTestObject("Object Repository/Page_The Story and Evolution of Doodles - G_6e786d/p_The first Doodle was a simple out-of-offi_345e61")): Object: 'Object Repository/Page_The Story and Evolution of Doodles - G_6e786d/p_The first Doodle was a simple out-of-offi_345e61' is clicked on

17-06-2024T18:23:41 - [MESSAGE][PASSED] - Object: 'Object Repository/Page_The Story and Evolution of Doodles - G_6e786d/p_The first Doodle was a simple out-of-offi_345e61' is clicked on

17-06-2024T18:23:41 - [TEST_STEP][PASSED] - verifyElementVisible(findTestObject("Object Repository/Page_The Story and Evolution of Doodles - G_6e786d/h1_The story behind Doodles")): Object 'Object Repository/Page_The Story and Evolution of Doodles - G_6e786d/h1_The story behind Doodles' is visible

17-06-2024T18:23:41 - [MESSAGE][PASSED] - Object 'Object Repository/Page_The Story and Evolution of Doodles - G_6e786d/h1_The story behind Doodles' is visible

17-06-2024T18:23:41 - [TEST_STEP][PASSED] - verifyElementVisible(findTestObject("Object Repository/Page_The Story and Evolution of Doodles - G_6e786d/p_The first Doodle was a simple out-of-offi_345e61")): Object 'Object Repository/Page_The Story and Evolution of Doodles - G_6e786d/p_The first Doodle was a simple out-of-offi_345e61' is visible

17-06-2024T18:23:42 - [MESSAGE][PASSED] - Object 'Object Repository/Page_The Story and Evolution of Doodles - G_6e786d/p_The first Doodle was a simple out-of-offi_345e61' is visible

17-06-2024T18:23:42 - [TEST_STEP][PASSED] - verifyElementVisible(findTestObject("Object Repository/Page_The Story and Evolution of Doodles - G_6e786d/h2_Weve created more than 5,000 Doodles ove_111429")): Object 'Object Repository/Page_The Story and Evolution of Doodles - G_6e786d/h2_Weve created more than 5,000 Doodles ove_111429' is visible

17-06-2024T18:23:42 - [MESSAGE][PASSED] - Object 'Object Repository/Page_The Story and Evolution of Doodles - G_6e786d/h2_Weve created more than 5,000 Doodles ove_111429' is visible

17-06-2024T18:23:42 - [TEST_STEP][PASSED] - click(findTestObject("Object Repository/Page_The Story and Evolution of Doodles - G_6e786d/p_The first Doodle was a simple out-of-offi_345e61")): Object: 'Object Repository/Page_The Story and Evolution of Doodles - G_6e786d/p_The first Doodle was a simple out-of-offi_345e61' is clicked on

17-06-2024T18:23:42 - [MESSAGE][PASSED] - Object: 'Object Repository/Page_The Story and Evolution of Doodles - G_6e786d/p_The first Doodle was a simple out-of-offi_345e61' is clicked on

17-06-2024T18:23:42 - [TEST_STEP][PASSED] - verifyElementVisible(findTestObject("Object Repository/Page_The Story and Evolution of Doodles - G_6e786d/h1_The story behind Doodles")): Object 'Object Repository/Page_The Story and Evolution of Doodles - G_6e786d/h1_The story behind Doodles' is visible

17-06-2024T18:23:43 - [MESSAGE][PASSED] - Object 'Object Repository/Page_The Story and Evolution of Doodles - G_6e786d/h1_The story behind Doodles' is visible

17-06-2024T18:23:43 - [TEST_STEP][PASSED] - verifyElementVisible(findTestObject("Object Repository/Page_The Story and Evolution of Doodles - G_6e786d/p_The first Doodle was a simple out-of-offi_345e61")): Object 'Object Repository/Page_The Story and Evolution of Doodles - G_6e786d/p_The first Doodle was a simple out-of-offi_345e61' is visible

17-06-2024T18:23:43 - [MESSAGE][PASSED] - Object 'Object Repository/Page_The Story and Evolution of Doodles - G_6e786d/p_The first Doodle was a simple out-of-offi_345e61' is visible

17-06-2024T18:23:43 - [TEST_STEP][PASSED] - verifyElementVisible(findTestObject("Object Repository/Page_The Story and Evolution of Doodles - G_6e786d/h2_Weve created more than 5,000 Doodles ove_111429")): Object 'Object Repository/Page_The Story and Evolution of Doodles - G_6e786d/h2_Weve created more than 5,000 Doodles ove_111429' is visible

17-06-2024T18:23:43 - [MESSAGE][PASSED] - Object 'Object Repository/Page_The Story and Evolution of Doodles - G_6e786d/h2_Weve created more than 5,000 Doodles ove_111429' is visible

17-06-2024T18:23:43 - [TEST_STEP][PASSED] - click(findTestObject("Object Repository/Page_The Story and Evolution of Doodles - G_6e786d/p_The first Doodle was a simple out-of-offi_345e61")): Object: 'Object Repository/Page_The Story and Evolution of Doodles - G_6e786d/p_The first Doodle was a simple out-of-offi_345e61' is clicked on

17-06-2024T18:23:44 - [MESSAGE][PASSED] - Object: 'Object Repository/Page_The Story and Evolution of Doodles - G_6e786d/p_The first Doodle was a simple out-of-offi_345e61' is clicked on

17-06-2024T18:23:44 - [TEST_STEP][PASSED] - verifyElementVisible(findTestObject("Object Repository/Page_The Story and Evolution of Doodles - G_6e786d/h1_The story behind Doodles")): Object 'Object Repository/Page_The Story and Evolution of Doodles - G_6e786d/h1_The story behind Doodles' is visible

17-06-2024T18:23:44 - [MESSAGE][PASSED] - Object 'Object Repository/Page_The Story and Evolution of Doodles - G_6e786d/h1_The story behind Doodles' is visible

17-06-2024T18:23:44 - [TEST_STEP][PASSED] - verifyElementVisible(findTestObject("Object Repository/Page_The Story and Evolution of Doodles - G_6e786d/p_The first Doodle was a simple out-of-offi_345e61")): Object 'Object Repository/Page_The Story and Evolution of Doodles - G_6e786d/p_The first Doodle was a simple out-of-offi_345e61' is visible

17-06-2024T18:23:44 - [MESSAGE][PASSED] - Object 'Object Repository/Page_The Story and Evolution of Doodles - G_6e786d/p_The first Doodle was a simple out-of-offi_345e61' is visible

17-06-2024T18:23:44 - [TEST_STEP][PASSED] - verifyElementVisible(findTestObject("Object Repository/Page_The Story and Evolution of Doodles - G_6e786d/h2_Weve created more than 5,000 Doodles ove_111429")): Object 'Object Repository/Page_The Story and Evolution of Doodles - G_6e786d/h2_Weve created more than 5,000 Doodles ove_111429' is visible

17-06-2024T18:23:45 - [MESSAGE][PASSED] - Object 'Object Repository/Page_The Story and Evolution of Doodles - G_6e786d/h2_Weve created more than 5,000 Doodles ove_111429' is visible]]></system-out>
         <system-err><![CDATA[]]></system-err>
      </testcase>
      <testcase name="Test Cases/test case folder 1/tc1 - Copy (4) - Copy (2)" time="19.631" classname="Test Cases/test case folder 1/tc1 - Copy (4) - Copy (2)" status="PASSED">
         <system-out><![CDATA[17-06-2024T18:23:45 - [TEST_CASE][PASSED] - Test Cases/test case folder 1/tc1 - Copy (4) - Copy (2): Test Cases/test case folder 1/tc1 - Copy (4) - Copy (2)

17-06-2024T18:23:45 - [TEST_STEP][PASSED] - openBrowser(""): Browser is opened with url: ''

17-06-2024T18:23:45 - [MESSAGE][WARNING] - A browser is already opened. Closing browser and opening a new one

17-06-2024T18:23:45 - [MESSAGE][INFO] - Starting 'Chrome (headless)' driver

17-06-2024T18:23:45 - [MESSAGE][INFO] - Action delay is set to 0 milliseconds

17-06-2024T18:23:46 - [MESSAGE][PASSED] - Browser is opened with url: ''

17-06-2024T18:23:46 - [TEST_STEP][PASSED] - navigateToUrl("https://doodles.google/about/"): Navigate to 'https://doodles.google/about/' successfully

17-06-2024T18:23:49 - [MESSAGE][PASSED] - Navigate to 'https://doodles.google/about/' successfully

17-06-2024T18:23:49 - [TEST_STEP][PASSED] - click(findTestObject("Object Repository/Page_The Story and Evolution of Doodles - G_6e786d/p_The first Doodle was a simple out-of-offi_345e61")): Object: 'Object Repository/Page_The Story and Evolution of Doodles - G_6e786d/p_The first Doodle was a simple out-of-offi_345e61' is clicked on

17-06-2024T18:23:49 - [MESSAGE][PASSED] - Object: 'Object Repository/Page_The Story and Evolution of Doodles - G_6e786d/p_The first Doodle was a simple out-of-offi_345e61' is clicked on

17-06-2024T18:23:49 - [TEST_STEP][PASSED] - click(findTestObject("Object Repository/Page_The Story and Evolution of Doodles - G_6e786d/p_The first Doodle was a simple out-of-offi_345e61")): Object: 'Object Repository/Page_The Story and Evolution of Doodles - G_6e786d/p_The first Doodle was a simple out-of-offi_345e61' is clicked on

17-06-2024T18:23:50 - [MESSAGE][PASSED] - Object: 'Object Repository/Page_The Story and Evolution of Doodles - G_6e786d/p_The first Doodle was a simple out-of-offi_345e61' is clicked on

17-06-2024T18:23:50 - [TEST_STEP][PASSED] - verifyElementVisible(findTestObject("Object Repository/Page_The Story and Evolution of Doodles - G_6e786d/h1_The story behind Doodles")): Object 'Object Repository/Page_The Story and Evolution of Doodles - G_6e786d/h1_The story behind Doodles' is visible

17-06-2024T18:23:50 - [MESSAGE][PASSED] - Object 'Object Repository/Page_The Story and Evolution of Doodles - G_6e786d/h1_The story behind Doodles' is visible

17-06-2024T18:23:50 - [TEST_STEP][PASSED] - verifyElementVisible(findTestObject("Object Repository/Page_The Story and Evolution of Doodles - G_6e786d/p_The first Doodle was a simple out-of-offi_345e61")): Object 'Object Repository/Page_The Story and Evolution of Doodles - G_6e786d/p_The first Doodle was a simple out-of-offi_345e61' is visible

17-06-2024T18:23:50 - [MESSAGE][PASSED] - Object 'Object Repository/Page_The Story and Evolution of Doodles - G_6e786d/p_The first Doodle was a simple out-of-offi_345e61' is visible

17-06-2024T18:23:50 - [TEST_STEP][PASSED] - verifyElementVisible(findTestObject("Object Repository/Page_The Story and Evolution of Doodles - G_6e786d/h2_Weve created more than 5,000 Doodles ove_111429")): Object 'Object Repository/Page_The Story and Evolution of Doodles - G_6e786d/h2_Weve created more than 5,000 Doodles ove_111429' is visible

17-06-2024T18:23:51 - [MESSAGE][PASSED] - Object 'Object Repository/Page_The Story and Evolution of Doodles - G_6e786d/h2_Weve created more than 5,000 Doodles ove_111429' is visible

17-06-2024T18:23:51 - [TEST_STEP][PASSED] - verifyElementVisible(findTestObject("Object Repository/Page_The Story and Evolution of Doodles - G_6e786d/h1_The story behind Doodles")): Object 'Object Repository/Page_The Story and Evolution of Doodles - G_6e786d/h1_The story behind Doodles' is visible

17-06-2024T18:23:51 - [MESSAGE][PASSED] - Object 'Object Repository/Page_The Story and Evolution of Doodles - G_6e786d/h1_The story behind Doodles' is visible

17-06-2024T18:23:51 - [TEST_STEP][PASSED] - verifyElementVisible(findTestObject("Object Repository/Page_The Story and Evolution of Doodles - G_6e786d/p_The first Doodle was a simple out-of-offi_345e61")): Object 'Object Repository/Page_The Story and Evolution of Doodles - G_6e786d/p_The first Doodle was a simple out-of-offi_345e61' is visible

17-06-2024T18:23:51 - [MESSAGE][PASSED] - Object 'Object Repository/Page_The Story and Evolution of Doodles - G_6e786d/p_The first Doodle was a simple out-of-offi_345e61' is visible

17-06-2024T18:23:51 - [TEST_STEP][PASSED] - verifyElementVisible(findTestObject("Object Repository/Page_The Story and Evolution of Doodles - G_6e786d/h2_Weve created more than 5,000 Doodles ove_111429")): Object 'Object Repository/Page_The Story and Evolution of Doodles - G_6e786d/h2_Weve created more than 5,000 Doodles ove_111429' is visible

17-06-2024T18:23:52 - [MESSAGE][PASSED] - Object 'Object Repository/Page_The Story and Evolution of Doodles - G_6e786d/h2_Weve created more than 5,000 Doodles ove_111429' is visible

17-06-2024T18:23:52 - [TEST_STEP][PASSED] - click(findTestObject("Object Repository/Page_The Story and Evolution of Doodles - G_6e786d/p_The first Doodle was a simple out-of-offi_345e61")): Object: 'Object Repository/Page_The Story and Evolution of Doodles - G_6e786d/p_The first Doodle was a simple out-of-offi_345e61' is clicked on

17-06-2024T18:23:52 - [MESSAGE][PASSED] - Object: 'Object Repository/Page_The Story and Evolution of Doodles - G_6e786d/p_The first Doodle was a simple out-of-offi_345e61' is clicked on

17-06-2024T18:23:52 - [TEST_STEP][PASSED] - verifyElementVisible(findTestObject("Object Repository/Page_The Story and Evolution of Doodles - G_6e786d/h1_The story behind Doodles")): Object 'Object Repository/Page_The Story and Evolution of Doodles - G_6e786d/h1_The story behind Doodles' is visible

17-06-2024T18:23:52 - [MESSAGE][PASSED] - Object 'Object Repository/Page_The Story and Evolution of Doodles - G_6e786d/h1_The story behind Doodles' is visible

17-06-2024T18:23:52 - [TEST_STEP][PASSED] - verifyElementVisible(findTestObject("Object Repository/Page_The Story and Evolution of Doodles - G_6e786d/p_The first Doodle was a simple out-of-offi_345e61")): Object 'Object Repository/Page_The Story and Evolution of Doodles - G_6e786d/p_The first Doodle was a simple out-of-offi_345e61' is visible

17-06-2024T18:23:53 - [MESSAGE][PASSED] - Object 'Object Repository/Page_The Story and Evolution of Doodles - G_6e786d/p_The first Doodle was a simple out-of-offi_345e61' is visible

17-06-2024T18:23:53 - [TEST_STEP][PASSED] - verifyElementVisible(findTestObject("Object Repository/Page_The Story and Evolution of Doodles - G_6e786d/h2_Weve created more than 5,000 Doodles ove_111429")): Object 'Object Repository/Page_The Story and Evolution of Doodles - G_6e786d/h2_Weve created more than 5,000 Doodles ove_111429' is visible

17-06-2024T18:23:53 - [MESSAGE][PASSED] - Object 'Object Repository/Page_The Story and Evolution of Doodles - G_6e786d/h2_Weve created more than 5,000 Doodles ove_111429' is visible

17-06-2024T18:23:53 - [TEST_STEP][PASSED] - click(findTestObject("Object Repository/Page_The Story and Evolution of Doodles - G_6e786d/p_The first Doodle was a simple out-of-offi_345e61")): Object: 'Object Repository/Page_The Story and Evolution of Doodles - G_6e786d/p_The first Doodle was a simple out-of-offi_345e61' is clicked on

17-06-2024T18:23:53 - [MESSAGE][PASSED] - Object: 'Object Repository/Page_The Story and Evolution of Doodles - G_6e786d/p_The first Doodle was a simple out-of-offi_345e61' is clicked on

17-06-2024T18:23:53 - [TEST_STEP][PASSED] - verifyElementVisible(findTestObject("Object Repository/Page_The Story and Evolution of Doodles - G_6e786d/h1_The story behind Doodles")): Object 'Object Repository/Page_The Story and Evolution of Doodles - G_6e786d/h1_The story behind Doodles' is visible

17-06-2024T18:23:54 - [MESSAGE][PASSED] - Object 'Object Repository/Page_The Story and Evolution of Doodles - G_6e786d/h1_The story behind Doodles' is visible

17-06-2024T18:23:54 - [TEST_STEP][PASSED] - verifyElementVisible(findTestObject("Object Repository/Page_The Story and Evolution of Doodles - G_6e786d/p_The first Doodle was a simple out-of-offi_345e61")): Object 'Object Repository/Page_The Story and Evolution of Doodles - G_6e786d/p_The first Doodle was a simple out-of-offi_345e61' is visible

17-06-2024T18:23:54 - [MESSAGE][PASSED] - Object 'Object Repository/Page_The Story and Evolution of Doodles - G_6e786d/p_The first Doodle was a simple out-of-offi_345e61' is visible

17-06-2024T18:23:54 - [TEST_STEP][PASSED] - verifyElementVisible(findTestObject("Object Repository/Page_The Story and Evolution of Doodles - G_6e786d/h2_Weve created more than 5,000 Doodles ove_111429")): Object 'Object Repository/Page_The Story and Evolution of Doodles - G_6e786d/h2_Weve created more than 5,000 Doodles ove_111429' is visible

17-06-2024T18:23:54 - [MESSAGE][PASSED] - Object 'Object Repository/Page_The Story and Evolution of Doodles - G_6e786d/h2_Weve created more than 5,000 Doodles ove_111429' is visible

17-06-2024T18:23:54 - [TEST_STEP][PASSED] - click(findTestObject("Object Repository/Page_The Story and Evolution of Doodles - G_6e786d/p_The first Doodle was a simple out-of-offi_345e61")): Object: 'Object Repository/Page_The Story and Evolution of Doodles - G_6e786d/p_The first Doodle was a simple out-of-offi_345e61' is clicked on

17-06-2024T18:23:55 - [MESSAGE][PASSED] - Object: 'Object Repository/Page_The Story and Evolution of Doodles - G_6e786d/p_The first Doodle was a simple out-of-offi_345e61' is clicked on

17-06-2024T18:23:55 - [TEST_STEP][PASSED] - verifyElementVisible(findTestObject("Object Repository/Page_The Story and Evolution of Doodles - G_6e786d/h1_The story behind Doodles")): Object 'Object Repository/Page_The Story and Evolution of Doodles - G_6e786d/h1_The story behind Doodles' is visible

17-06-2024T18:23:55 - [MESSAGE][PASSED] - Object 'Object Repository/Page_The Story and Evolution of Doodles - G_6e786d/h1_The story behind Doodles' is visible

17-06-2024T18:23:55 - [TEST_STEP][PASSED] - verifyElementVisible(findTestObject("Object Repository/Page_The Story and Evolution of Doodles - G_6e786d/p_The first Doodle was a simple out-of-offi_345e61")): Object 'Object Repository/Page_The Story and Evolution of Doodles - G_6e786d/p_The first Doodle was a simple out-of-offi_345e61' is visible

17-06-2024T18:23:55 - [MESSAGE][PASSED] - Object 'Object Repository/Page_The Story and Evolution of Doodles - G_6e786d/p_The first Doodle was a simple out-of-offi_345e61' is visible

17-06-2024T18:23:55 - [TEST_STEP][PASSED] - verifyElementVisible(findTestObject("Object Repository/Page_The Story and Evolution of Doodles - G_6e786d/h2_Weve created more than 5,000 Doodles ove_111429")): Object 'Object Repository/Page_The Story and Evolution of Doodles - G_6e786d/h2_Weve created more than 5,000 Doodles ove_111429' is visible

17-06-2024T18:23:56 - [MESSAGE][PASSED] - Object 'Object Repository/Page_The Story and Evolution of Doodles - G_6e786d/h2_Weve created more than 5,000 Doodles ove_111429' is visible

17-06-2024T18:23:56 - [TEST_STEP][PASSED] - click(findTestObject("Object Repository/Page_The Story and Evolution of Doodles - G_6e786d/p_The first Doodle was a simple out-of-offi_345e61")): Object: 'Object Repository/Page_The Story and Evolution of Doodles - G_6e786d/p_The first Doodle was a simple out-of-offi_345e61' is clicked on

17-06-2024T18:23:56 - [MESSAGE][PASSED] - Object: 'Object Repository/Page_The Story and Evolution of Doodles - G_6e786d/p_The first Doodle was a simple out-of-offi_345e61' is clicked on

17-06-2024T18:23:56 - [TEST_STEP][PASSED] - verifyElementVisible(findTestObject("Object Repository/Page_The Story and Evolution of Doodles - G_6e786d/h1_The story behind Doodles")): Object 'Object Repository/Page_The Story and Evolution of Doodles - G_6e786d/h1_The story behind Doodles' is visible

17-06-2024T18:23:56 - [MESSAGE][PASSED] - Object 'Object Repository/Page_The Story and Evolution of Doodles - G_6e786d/h1_The story behind Doodles' is visible

17-06-2024T18:23:56 - [TEST_STEP][PASSED] - verifyElementVisible(findTestObject("Object Repository/Page_The Story and Evolution of Doodles - G_6e786d/p_The first Doodle was a simple out-of-offi_345e61")): Object 'Object Repository/Page_The Story and Evolution of Doodles - G_6e786d/p_The first Doodle was a simple out-of-offi_345e61' is visible

17-06-2024T18:23:57 - [MESSAGE][PASSED] - Object 'Object Repository/Page_The Story and Evolution of Doodles - G_6e786d/p_The first Doodle was a simple out-of-offi_345e61' is visible

17-06-2024T18:23:57 - [TEST_STEP][PASSED] - verifyElementVisible(findTestObject("Object Repository/Page_The Story and Evolution of Doodles - G_6e786d/h2_Weve created more than 5,000 Doodles ove_111429")): Object 'Object Repository/Page_The Story and Evolution of Doodles - G_6e786d/h2_Weve created more than 5,000 Doodles ove_111429' is visible

17-06-2024T18:23:57 - [MESSAGE][PASSED] - Object 'Object Repository/Page_The Story and Evolution of Doodles - G_6e786d/h2_Weve created more than 5,000 Doodles ove_111429' is visible

17-06-2024T18:23:57 - [TEST_STEP][PASSED] - click(findTestObject("Object Repository/Page_The Story and Evolution of Doodles - G_6e786d/p_The first Doodle was a simple out-of-offi_345e61")): Object: 'Object Repository/Page_The Story and Evolution of Doodles - G_6e786d/p_The first Doodle was a simple out-of-offi_345e61' is clicked on

17-06-2024T18:23:57 - [MESSAGE][PASSED] - Object: 'Object Repository/Page_The Story and Evolution of Doodles - G_6e786d/p_The first Doodle was a simple out-of-offi_345e61' is clicked on

17-06-2024T18:23:57 - [TEST_STEP][PASSED] - verifyElementVisible(findTestObject("Object Repository/Page_The Story and Evolution of Doodles - G_6e786d/h1_The story behind Doodles")): Object 'Object Repository/Page_The Story and Evolution of Doodles - G_6e786d/h1_The story behind Doodles' is visible

17-06-2024T18:23:58 - [MESSAGE][PASSED] - Object 'Object Repository/Page_The Story and Evolution of Doodles - G_6e786d/h1_The story behind Doodles' is visible

17-06-2024T18:23:58 - [TEST_STEP][PASSED] - verifyElementVisible(findTestObject("Object Repository/Page_The Story and Evolution of Doodles - G_6e786d/p_The first Doodle was a simple out-of-offi_345e61")): Object 'Object Repository/Page_The Story and Evolution of Doodles - G_6e786d/p_The first Doodle was a simple out-of-offi_345e61' is visible

17-06-2024T18:23:58 - [MESSAGE][PASSED] - Object 'Object Repository/Page_The Story and Evolution of Doodles - G_6e786d/p_The first Doodle was a simple out-of-offi_345e61' is visible

17-06-2024T18:23:58 - [TEST_STEP][PASSED] - verifyElementVisible(findTestObject("Object Repository/Page_The Story and Evolution of Doodles - G_6e786d/h2_Weve created more than 5,000 Doodles ove_111429")): Object 'Object Repository/Page_The Story and Evolution of Doodles - G_6e786d/h2_Weve created more than 5,000 Doodles ove_111429' is visible

17-06-2024T18:23:58 - [MESSAGE][PASSED] - Object 'Object Repository/Page_The Story and Evolution of Doodles - G_6e786d/h2_Weve created more than 5,000 Doodles ove_111429' is visible

17-06-2024T18:23:58 - [TEST_STEP][PASSED] - click(findTestObject("Object Repository/Page_The Story and Evolution of Doodles - G_6e786d/p_The first Doodle was a simple out-of-offi_345e61")): Object: 'Object Repository/Page_The Story and Evolution of Doodles - G_6e786d/p_The first Doodle was a simple out-of-offi_345e61' is clicked on

17-06-2024T18:23:59 - [MESSAGE][PASSED] - Object: 'Object Repository/Page_The Story and Evolution of Doodles - G_6e786d/p_The first Doodle was a simple out-of-offi_345e61' is clicked on

17-06-2024T18:23:59 - [TEST_STEP][PASSED] - verifyElementVisible(findTestObject("Object Repository/Page_The Story and Evolution of Doodles - G_6e786d/h1_The story behind Doodles")): Object 'Object Repository/Page_The Story and Evolution of Doodles - G_6e786d/h1_The story behind Doodles' is visible

17-06-2024T18:23:59 - [MESSAGE][PASSED] - Object 'Object Repository/Page_The Story and Evolution of Doodles - G_6e786d/h1_The story behind Doodles' is visible

17-06-2024T18:23:59 - [TEST_STEP][PASSED] - verifyElementVisible(findTestObject("Object Repository/Page_The Story and Evolution of Doodles - G_6e786d/p_The first Doodle was a simple out-of-offi_345e61")): Object 'Object Repository/Page_The Story and Evolution of Doodles - G_6e786d/p_The first Doodle was a simple out-of-offi_345e61' is visible

17-06-2024T18:24:00 - [MESSAGE][PASSED] - Object 'Object Repository/Page_The Story and Evolution of Doodles - G_6e786d/p_The first Doodle was a simple out-of-offi_345e61' is visible

17-06-2024T18:24:00 - [TEST_STEP][PASSED] - verifyElementVisible(findTestObject("Object Repository/Page_The Story and Evolution of Doodles - G_6e786d/h2_Weve created more than 5,000 Doodles ove_111429")): Object 'Object Repository/Page_The Story and Evolution of Doodles - G_6e786d/h2_Weve created more than 5,000 Doodles ove_111429' is visible

17-06-2024T18:24:00 - [MESSAGE][PASSED] - Object 'Object Repository/Page_The Story and Evolution of Doodles - G_6e786d/h2_Weve created more than 5,000 Doodles ove_111429' is visible

17-06-2024T18:24:00 - [TEST_STEP][PASSED] - click(findTestObject("Object Repository/Page_The Story and Evolution of Doodles - G_6e786d/p_The first Doodle was a simple out-of-offi_345e61")): Object: 'Object Repository/Page_The Story and Evolution of Doodles - G_6e786d/p_The first Doodle was a simple out-of-offi_345e61' is clicked on

17-06-2024T18:24:00 - [MESSAGE][PASSED] - Object: 'Object Repository/Page_The Story and Evolution of Doodles - G_6e786d/p_The first Doodle was a simple out-of-offi_345e61' is clicked on

17-06-2024T18:24:00 - [TEST_STEP][PASSED] - verifyElementVisible(findTestObject("Object Repository/Page_The Story and Evolution of Doodles - G_6e786d/h1_The story behind Doodles")): Object 'Object Repository/Page_The Story and Evolution of Doodles - G_6e786d/h1_The story behind Doodles' is visible

17-06-2024T18:24:01 - [MESSAGE][PASSED] - Object 'Object Repository/Page_The Story and Evolution of Doodles - G_6e786d/h1_The story behind Doodles' is visible

17-06-2024T18:24:01 - [TEST_STEP][PASSED] - verifyElementVisible(findTestObject("Object Repository/Page_The Story and Evolution of Doodles - G_6e786d/p_The first Doodle was a simple out-of-offi_345e61")): Object 'Object Repository/Page_The Story and Evolution of Doodles - G_6e786d/p_The first Doodle was a simple out-of-offi_345e61' is visible

17-06-2024T18:24:01 - [MESSAGE][PASSED] - Object 'Object Repository/Page_The Story and Evolution of Doodles - G_6e786d/p_The first Doodle was a simple out-of-offi_345e61' is visible

17-06-2024T18:24:01 - [TEST_STEP][PASSED] - verifyElementVisible(findTestObject("Object Repository/Page_The Story and Evolution of Doodles - G_6e786d/h2_Weve created more than 5,000 Doodles ove_111429")): Object 'Object Repository/Page_The Story and Evolution of Doodles - G_6e786d/h2_Weve created more than 5,000 Doodles ove_111429' is visible

17-06-2024T18:24:01 - [MESSAGE][PASSED] - Object 'Object Repository/Page_The Story and Evolution of Doodles - G_6e786d/h2_Weve created more than 5,000 Doodles ove_111429' is visible

17-06-2024T18:24:01 - [TEST_STEP][PASSED] - click(findTestObject("Object Repository/Page_The Story and Evolution of Doodles - G_6e786d/p_The first Doodle was a simple out-of-offi_345e61")): Object: 'Object Repository/Page_The Story and Evolution of Doodles - G_6e786d/p_The first Doodle was a simple out-of-offi_345e61' is clicked on

17-06-2024T18:24:02 - [MESSAGE][PASSED] - Object: 'Object Repository/Page_The Story and Evolution of Doodles - G_6e786d/p_The first Doodle was a simple out-of-offi_345e61' is clicked on

17-06-2024T18:24:02 - [TEST_STEP][PASSED] - verifyElementVisible(findTestObject("Object Repository/Page_The Story and Evolution of Doodles - G_6e786d/h1_The story behind Doodles")): Object 'Object Repository/Page_The Story and Evolution of Doodles - G_6e786d/h1_The story behind Doodles' is visible

17-06-2024T18:24:02 - [MESSAGE][PASSED] - Object 'Object Repository/Page_The Story and Evolution of Doodles - G_6e786d/h1_The story behind Doodles' is visible

17-06-2024T18:24:02 - [TEST_STEP][PASSED] - verifyElementVisible(findTestObject("Object Repository/Page_The Story and Evolution of Doodles - G_6e786d/p_The first Doodle was a simple out-of-offi_345e61")): Object 'Object Repository/Page_The Story and Evolution of Doodles - G_6e786d/p_The first Doodle was a simple out-of-offi_345e61' is visible

17-06-2024T18:24:02 - [MESSAGE][PASSED] - Object 'Object Repository/Page_The Story and Evolution of Doodles - G_6e786d/p_The first Doodle was a simple out-of-offi_345e61' is visible

17-06-2024T18:24:02 - [TEST_STEP][PASSED] - verifyElementVisible(findTestObject("Object Repository/Page_The Story and Evolution of Doodles - G_6e786d/h2_Weve created more than 5,000 Doodles ove_111429")): Object 'Object Repository/Page_The Story and Evolution of Doodles - G_6e786d/h2_Weve created more than 5,000 Doodles ove_111429' is visible

17-06-2024T18:24:03 - [MESSAGE][PASSED] - Object 'Object Repository/Page_The Story and Evolution of Doodles - G_6e786d/h2_Weve created more than 5,000 Doodles ove_111429' is visible

17-06-2024T18:24:03 - [TEST_STEP][PASSED] - click(findTestObject("Object Repository/Page_The Story and Evolution of Doodles - G_6e786d/p_The first Doodle was a simple out-of-offi_345e61")): Object: 'Object Repository/Page_The Story and Evolution of Doodles - G_6e786d/p_The first Doodle was a simple out-of-offi_345e61' is clicked on

17-06-2024T18:24:03 - [MESSAGE][PASSED] - Object: 'Object Repository/Page_The Story and Evolution of Doodles - G_6e786d/p_The first Doodle was a simple out-of-offi_345e61' is clicked on

17-06-2024T18:24:03 - [TEST_STEP][PASSED] - verifyElementVisible(findTestObject("Object Repository/Page_The Story and Evolution of Doodles - G_6e786d/h1_The story behind Doodles")): Object 'Object Repository/Page_The Story and Evolution of Doodles - G_6e786d/h1_The story behind Doodles' is visible

17-06-2024T18:24:04 - [MESSAGE][PASSED] - Object 'Object Repository/Page_The Story and Evolution of Doodles - G_6e786d/h1_The story behind Doodles' is visible

17-06-2024T18:24:04 - [TEST_STEP][PASSED] - verifyElementVisible(findTestObject("Object Repository/Page_The Story and Evolution of Doodles - G_6e786d/p_The first Doodle was a simple out-of-offi_345e61")): Object 'Object Repository/Page_The Story and Evolution of Doodles - G_6e786d/p_The first Doodle was a simple out-of-offi_345e61' is visible

17-06-2024T18:24:04 - [MESSAGE][PASSED] - Object 'Object Repository/Page_The Story and Evolution of Doodles - G_6e786d/p_The first Doodle was a simple out-of-offi_345e61' is visible

17-06-2024T18:24:04 - [TEST_STEP][PASSED] - verifyElementVisible(findTestObject("Object Repository/Page_The Story and Evolution of Doodles - G_6e786d/h2_Weve created more than 5,000 Doodles ove_111429")): Object 'Object Repository/Page_The Story and Evolution of Doodles - G_6e786d/h2_Weve created more than 5,000 Doodles ove_111429' is visible

17-06-2024T18:24:04 - [MESSAGE][PASSED] - Object 'Object Repository/Page_The Story and Evolution of Doodles - G_6e786d/h2_Weve created more than 5,000 Doodles ove_111429' is visible]]></system-out>
         <system-err><![CDATA[]]></system-err>
      </testcase>
      <testcase name="Test Cases/test case folder 1/tc1 - Copy (4) - Copy (3)" time="19.458" classname="Test Cases/test case folder 1/tc1 - Copy (4) - Copy (3)" status="PASSED">
         <system-out><![CDATA[17-06-2024T18:24:04 - [TEST_CASE][PASSED] - Test Cases/test case folder 1/tc1 - Copy (4) - Copy (3): Test Cases/test case folder 1/tc1 - Copy (4) - Copy (3)

17-06-2024T18:24:04 - [TEST_STEP][PASSED] - openBrowser(""): Browser is opened with url: ''

17-06-2024T18:24:04 - [MESSAGE][WARNING] - A browser is already opened. Closing browser and opening a new one

17-06-2024T18:24:05 - [MESSAGE][INFO] - Starting 'Chrome (headless)' driver

17-06-2024T18:24:05 - [MESSAGE][INFO] - Action delay is set to 0 milliseconds

17-06-2024T18:24:06 - [MESSAGE][PASSED] - Browser is opened with url: ''

17-06-2024T18:24:06 - [TEST_STEP][PASSED] - navigateToUrl("https://doodles.google/about/"): Navigate to 'https://doodles.google/about/' successfully

17-06-2024T18:24:09 - [MESSAGE][PASSED] - Navigate to 'https://doodles.google/about/' successfully

17-06-2024T18:24:09 - [TEST_STEP][PASSED] - click(findTestObject("Object Repository/Page_The Story and Evolution of Doodles - G_6e786d/p_The first Doodle was a simple out-of-offi_345e61")): Object: 'Object Repository/Page_The Story and Evolution of Doodles - G_6e786d/p_The first Doodle was a simple out-of-offi_345e61' is clicked on

17-06-2024T18:24:09 - [MESSAGE][PASSED] - Object: 'Object Repository/Page_The Story and Evolution of Doodles - G_6e786d/p_The first Doodle was a simple out-of-offi_345e61' is clicked on

17-06-2024T18:24:09 - [TEST_STEP][PASSED] - click(findTestObject("Object Repository/Page_The Story and Evolution of Doodles - G_6e786d/p_The first Doodle was a simple out-of-offi_345e61")): Object: 'Object Repository/Page_The Story and Evolution of Doodles - G_6e786d/p_The first Doodle was a simple out-of-offi_345e61' is clicked on

17-06-2024T18:24:09 - [MESSAGE][PASSED] - Object: 'Object Repository/Page_The Story and Evolution of Doodles - G_6e786d/p_The first Doodle was a simple out-of-offi_345e61' is clicked on

17-06-2024T18:24:09 - [TEST_STEP][PASSED] - verifyElementVisible(findTestObject("Object Repository/Page_The Story and Evolution of Doodles - G_6e786d/h1_The story behind Doodles")): Object 'Object Repository/Page_The Story and Evolution of Doodles - G_6e786d/h1_The story behind Doodles' is visible

17-06-2024T18:24:10 - [MESSAGE][PASSED] - Object 'Object Repository/Page_The Story and Evolution of Doodles - G_6e786d/h1_The story behind Doodles' is visible

17-06-2024T18:24:10 - [TEST_STEP][PASSED] - verifyElementVisible(findTestObject("Object Repository/Page_The Story and Evolution of Doodles - G_6e786d/p_The first Doodle was a simple out-of-offi_345e61")): Object 'Object Repository/Page_The Story and Evolution of Doodles - G_6e786d/p_The first Doodle was a simple out-of-offi_345e61' is visible

17-06-2024T18:24:10 - [MESSAGE][PASSED] - Object 'Object Repository/Page_The Story and Evolution of Doodles - G_6e786d/p_The first Doodle was a simple out-of-offi_345e61' is visible

17-06-2024T18:24:10 - [TEST_STEP][PASSED] - verifyElementVisible(findTestObject("Object Repository/Page_The Story and Evolution of Doodles - G_6e786d/h2_Weve created more than 5,000 Doodles ove_111429")): Object 'Object Repository/Page_The Story and Evolution of Doodles - G_6e786d/h2_Weve created more than 5,000 Doodles ove_111429' is visible

17-06-2024T18:24:10 - [MESSAGE][PASSED] - Object 'Object Repository/Page_The Story and Evolution of Doodles - G_6e786d/h2_Weve created more than 5,000 Doodles ove_111429' is visible

17-06-2024T18:24:10 - [TEST_STEP][PASSED] - verifyElementVisible(findTestObject("Object Repository/Page_The Story and Evolution of Doodles - G_6e786d/h1_The story behind Doodles")): Object 'Object Repository/Page_The Story and Evolution of Doodles - G_6e786d/h1_The story behind Doodles' is visible

17-06-2024T18:24:11 - [MESSAGE][PASSED] - Object 'Object Repository/Page_The Story and Evolution of Doodles - G_6e786d/h1_The story behind Doodles' is visible

17-06-2024T18:24:11 - [TEST_STEP][PASSED] - verifyElementVisible(findTestObject("Object Repository/Page_The Story and Evolution of Doodles - G_6e786d/p_The first Doodle was a simple out-of-offi_345e61")): Object 'Object Repository/Page_The Story and Evolution of Doodles - G_6e786d/p_The first Doodle was a simple out-of-offi_345e61' is visible

17-06-2024T18:24:11 - [MESSAGE][PASSED] - Object 'Object Repository/Page_The Story and Evolution of Doodles - G_6e786d/p_The first Doodle was a simple out-of-offi_345e61' is visible

17-06-2024T18:24:11 - [TEST_STEP][PASSED] - verifyElementVisible(findTestObject("Object Repository/Page_The Story and Evolution of Doodles - G_6e786d/h2_Weve created more than 5,000 Doodles ove_111429")): Object 'Object Repository/Page_The Story and Evolution of Doodles - G_6e786d/h2_Weve created more than 5,000 Doodles ove_111429' is visible

17-06-2024T18:24:11 - [MESSAGE][PASSED] - Object 'Object Repository/Page_The Story and Evolution of Doodles - G_6e786d/h2_Weve created more than 5,000 Doodles ove_111429' is visible

17-06-2024T18:24:11 - [TEST_STEP][PASSED] - click(findTestObject("Object Repository/Page_The Story and Evolution of Doodles - G_6e786d/p_The first Doodle was a simple out-of-offi_345e61")): Object: 'Object Repository/Page_The Story and Evolution of Doodles - G_6e786d/p_The first Doodle was a simple out-of-offi_345e61' is clicked on

17-06-2024T18:24:12 - [MESSAGE][PASSED] - Object: 'Object Repository/Page_The Story and Evolution of Doodles - G_6e786d/p_The first Doodle was a simple out-of-offi_345e61' is clicked on

17-06-2024T18:24:12 - [TEST_STEP][PASSED] - verifyElementVisible(findTestObject("Object Repository/Page_The Story and Evolution of Doodles - G_6e786d/h1_The story behind Doodles")): Object 'Object Repository/Page_The Story and Evolution of Doodles - G_6e786d/h1_The story behind Doodles' is visible

17-06-2024T18:24:12 - [MESSAGE][PASSED] - Object 'Object Repository/Page_The Story and Evolution of Doodles - G_6e786d/h1_The story behind Doodles' is visible

17-06-2024T18:24:12 - [TEST_STEP][PASSED] - verifyElementVisible(findTestObject("Object Repository/Page_The Story and Evolution of Doodles - G_6e786d/p_The first Doodle was a simple out-of-offi_345e61")): Object 'Object Repository/Page_The Story and Evolution of Doodles - G_6e786d/p_The first Doodle was a simple out-of-offi_345e61' is visible

17-06-2024T18:24:12 - [MESSAGE][PASSED] - Object 'Object Repository/Page_The Story and Evolution of Doodles - G_6e786d/p_The first Doodle was a simple out-of-offi_345e61' is visible

17-06-2024T18:24:12 - [TEST_STEP][PASSED] - verifyElementVisible(findTestObject("Object Repository/Page_The Story and Evolution of Doodles - G_6e786d/h2_Weve created more than 5,000 Doodles ove_111429")): Object 'Object Repository/Page_The Story and Evolution of Doodles - G_6e786d/h2_Weve created more than 5,000 Doodles ove_111429' is visible

17-06-2024T18:24:13 - [MESSAGE][PASSED] - Object 'Object Repository/Page_The Story and Evolution of Doodles - G_6e786d/h2_Weve created more than 5,000 Doodles ove_111429' is visible

17-06-2024T18:24:13 - [TEST_STEP][PASSED] - click(findTestObject("Object Repository/Page_The Story and Evolution of Doodles - G_6e786d/p_The first Doodle was a simple out-of-offi_345e61")): Object: 'Object Repository/Page_The Story and Evolution of Doodles - G_6e786d/p_The first Doodle was a simple out-of-offi_345e61' is clicked on

17-06-2024T18:24:13 - [MESSAGE][PASSED] - Object: 'Object Repository/Page_The Story and Evolution of Doodles - G_6e786d/p_The first Doodle was a simple out-of-offi_345e61' is clicked on

17-06-2024T18:24:13 - [TEST_STEP][PASSED] - verifyElementVisible(findTestObject("Object Repository/Page_The Story and Evolution of Doodles - G_6e786d/h1_The story behind Doodles")): Object 'Object Repository/Page_The Story and Evolution of Doodles - G_6e786d/h1_The story behind Doodles' is visible

17-06-2024T18:24:13 - [MESSAGE][PASSED] - Object 'Object Repository/Page_The Story and Evolution of Doodles - G_6e786d/h1_The story behind Doodles' is visible

17-06-2024T18:24:13 - [TEST_STEP][PASSED] - verifyElementVisible(findTestObject("Object Repository/Page_The Story and Evolution of Doodles - G_6e786d/p_The first Doodle was a simple out-of-offi_345e61")): Object 'Object Repository/Page_The Story and Evolution of Doodles - G_6e786d/p_The first Doodle was a simple out-of-offi_345e61' is visible

17-06-2024T18:24:14 - [MESSAGE][PASSED] - Object 'Object Repository/Page_The Story and Evolution of Doodles - G_6e786d/p_The first Doodle was a simple out-of-offi_345e61' is visible

17-06-2024T18:24:14 - [TEST_STEP][PASSED] - verifyElementVisible(findTestObject("Object Repository/Page_The Story and Evolution of Doodles - G_6e786d/h2_Weve created more than 5,000 Doodles ove_111429")): Object 'Object Repository/Page_The Story and Evolution of Doodles - G_6e786d/h2_Weve created more than 5,000 Doodles ove_111429' is visible

17-06-2024T18:24:14 - [MESSAGE][PASSED] - Object 'Object Repository/Page_The Story and Evolution of Doodles - G_6e786d/h2_Weve created more than 5,000 Doodles ove_111429' is visible

17-06-2024T18:24:14 - [TEST_STEP][PASSED] - click(findTestObject("Object Repository/Page_The Story and Evolution of Doodles - G_6e786d/p_The first Doodle was a simple out-of-offi_345e61")): Object: 'Object Repository/Page_The Story and Evolution of Doodles - G_6e786d/p_The first Doodle was a simple out-of-offi_345e61' is clicked on

17-06-2024T18:24:14 - [MESSAGE][PASSED] - Object: 'Object Repository/Page_The Story and Evolution of Doodles - G_6e786d/p_The first Doodle was a simple out-of-offi_345e61' is clicked on

17-06-2024T18:24:14 - [TEST_STEP][PASSED] - verifyElementVisible(findTestObject("Object Repository/Page_The Story and Evolution of Doodles - G_6e786d/h1_The story behind Doodles")): Object 'Object Repository/Page_The Story and Evolution of Doodles - G_6e786d/h1_The story behind Doodles' is visible

17-06-2024T18:24:15 - [MESSAGE][PASSED] - Object 'Object Repository/Page_The Story and Evolution of Doodles - G_6e786d/h1_The story behind Doodles' is visible

17-06-2024T18:24:15 - [TEST_STEP][PASSED] - verifyElementVisible(findTestObject("Object Repository/Page_The Story and Evolution of Doodles - G_6e786d/p_The first Doodle was a simple out-of-offi_345e61")): Object 'Object Repository/Page_The Story and Evolution of Doodles - G_6e786d/p_The first Doodle was a simple out-of-offi_345e61' is visible

17-06-2024T18:24:15 - [MESSAGE][PASSED] - Object 'Object Repository/Page_The Story and Evolution of Doodles - G_6e786d/p_The first Doodle was a simple out-of-offi_345e61' is visible

17-06-2024T18:24:15 - [TEST_STEP][PASSED] - verifyElementVisible(findTestObject("Object Repository/Page_The Story and Evolution of Doodles - G_6e786d/h2_Weve created more than 5,000 Doodles ove_111429")): Object 'Object Repository/Page_The Story and Evolution of Doodles - G_6e786d/h2_Weve created more than 5,000 Doodles ove_111429' is visible

17-06-2024T18:24:15 - [MESSAGE][PASSED] - Object 'Object Repository/Page_The Story and Evolution of Doodles - G_6e786d/h2_Weve created more than 5,000 Doodles ove_111429' is visible

17-06-2024T18:24:15 - [TEST_STEP][PASSED] - click(findTestObject("Object Repository/Page_The Story and Evolution of Doodles - G_6e786d/p_The first Doodle was a simple out-of-offi_345e61")): Object: 'Object Repository/Page_The Story and Evolution of Doodles - G_6e786d/p_The first Doodle was a simple out-of-offi_345e61' is clicked on

17-06-2024T18:24:16 - [MESSAGE][PASSED] - Object: 'Object Repository/Page_The Story and Evolution of Doodles - G_6e786d/p_The first Doodle was a simple out-of-offi_345e61' is clicked on

17-06-2024T18:24:16 - [TEST_STEP][PASSED] - verifyElementVisible(findTestObject("Object Repository/Page_The Story and Evolution of Doodles - G_6e786d/h1_The story behind Doodles")): Object 'Object Repository/Page_The Story and Evolution of Doodles - G_6e786d/h1_The story behind Doodles' is visible

17-06-2024T18:24:16 - [MESSAGE][PASSED] - Object 'Object Repository/Page_The Story and Evolution of Doodles - G_6e786d/h1_The story behind Doodles' is visible

17-06-2024T18:24:16 - [TEST_STEP][PASSED] - verifyElementVisible(findTestObject("Object Repository/Page_The Story and Evolution of Doodles - G_6e786d/p_The first Doodle was a simple out-of-offi_345e61")): Object 'Object Repository/Page_The Story and Evolution of Doodles - G_6e786d/p_The first Doodle was a simple out-of-offi_345e61' is visible

17-06-2024T18:24:16 - [MESSAGE][PASSED] - Object 'Object Repository/Page_The Story and Evolution of Doodles - G_6e786d/p_The first Doodle was a simple out-of-offi_345e61' is visible

17-06-2024T18:24:16 - [TEST_STEP][PASSED] - verifyElementVisible(findTestObject("Object Repository/Page_The Story and Evolution of Doodles - G_6e786d/h2_Weve created more than 5,000 Doodles ove_111429")): Object 'Object Repository/Page_The Story and Evolution of Doodles - G_6e786d/h2_Weve created more than 5,000 Doodles ove_111429' is visible

17-06-2024T18:24:17 - [MESSAGE][PASSED] - Object 'Object Repository/Page_The Story and Evolution of Doodles - G_6e786d/h2_Weve created more than 5,000 Doodles ove_111429' is visible

17-06-2024T18:24:17 - [TEST_STEP][PASSED] - click(findTestObject("Object Repository/Page_The Story and Evolution of Doodles - G_6e786d/p_The first Doodle was a simple out-of-offi_345e61")): Object: 'Object Repository/Page_The Story and Evolution of Doodles - G_6e786d/p_The first Doodle was a simple out-of-offi_345e61' is clicked on

17-06-2024T18:24:17 - [MESSAGE][PASSED] - Object: 'Object Repository/Page_The Story and Evolution of Doodles - G_6e786d/p_The first Doodle was a simple out-of-offi_345e61' is clicked on

17-06-2024T18:24:17 - [TEST_STEP][PASSED] - verifyElementVisible(findTestObject("Object Repository/Page_The Story and Evolution of Doodles - G_6e786d/h1_The story behind Doodles")): Object 'Object Repository/Page_The Story and Evolution of Doodles - G_6e786d/h1_The story behind Doodles' is visible

17-06-2024T18:24:17 - [MESSAGE][PASSED] - Object 'Object Repository/Page_The Story and Evolution of Doodles - G_6e786d/h1_The story behind Doodles' is visible

17-06-2024T18:24:17 - [TEST_STEP][PASSED] - verifyElementVisible(findTestObject("Object Repository/Page_The Story and Evolution of Doodles - G_6e786d/p_The first Doodle was a simple out-of-offi_345e61")): Object 'Object Repository/Page_The Story and Evolution of Doodles - G_6e786d/p_The first Doodle was a simple out-of-offi_345e61' is visible

17-06-2024T18:24:18 - [MESSAGE][PASSED] - Object 'Object Repository/Page_The Story and Evolution of Doodles - G_6e786d/p_The first Doodle was a simple out-of-offi_345e61' is visible

17-06-2024T18:24:18 - [TEST_STEP][PASSED] - verifyElementVisible(findTestObject("Object Repository/Page_The Story and Evolution of Doodles - G_6e786d/h2_Weve created more than 5,000 Doodles ove_111429")): Object 'Object Repository/Page_The Story and Evolution of Doodles - G_6e786d/h2_Weve created more than 5,000 Doodles ove_111429' is visible

17-06-2024T18:24:18 - [MESSAGE][PASSED] - Object 'Object Repository/Page_The Story and Evolution of Doodles - G_6e786d/h2_Weve created more than 5,000 Doodles ove_111429' is visible

17-06-2024T18:24:18 - [TEST_STEP][PASSED] - click(findTestObject("Object Repository/Page_The Story and Evolution of Doodles - G_6e786d/p_The first Doodle was a simple out-of-offi_345e61")): Object: 'Object Repository/Page_The Story and Evolution of Doodles - G_6e786d/p_The first Doodle was a simple out-of-offi_345e61' is clicked on

17-06-2024T18:24:18 - [MESSAGE][PASSED] - Object: 'Object Repository/Page_The Story and Evolution of Doodles - G_6e786d/p_The first Doodle was a simple out-of-offi_345e61' is clicked on

17-06-2024T18:24:18 - [TEST_STEP][PASSED] - verifyElementVisible(findTestObject("Object Repository/Page_The Story and Evolution of Doodles - G_6e786d/h1_The story behind Doodles")): Object 'Object Repository/Page_The Story and Evolution of Doodles - G_6e786d/h1_The story behind Doodles' is visible

17-06-2024T18:24:19 - [MESSAGE][PASSED] - Object 'Object Repository/Page_The Story and Evolution of Doodles - G_6e786d/h1_The story behind Doodles' is visible

17-06-2024T18:24:19 - [TEST_STEP][PASSED] - verifyElementVisible(findTestObject("Object Repository/Page_The Story and Evolution of Doodles - G_6e786d/p_The first Doodle was a simple out-of-offi_345e61")): Object 'Object Repository/Page_The Story and Evolution of Doodles - G_6e786d/p_The first Doodle was a simple out-of-offi_345e61' is visible

17-06-2024T18:24:19 - [MESSAGE][PASSED] - Object 'Object Repository/Page_The Story and Evolution of Doodles - G_6e786d/p_The first Doodle was a simple out-of-offi_345e61' is visible

17-06-2024T18:24:19 - [TEST_STEP][PASSED] - verifyElementVisible(findTestObject("Object Repository/Page_The Story and Evolution of Doodles - G_6e786d/h2_Weve created more than 5,000 Doodles ove_111429")): Object 'Object Repository/Page_The Story and Evolution of Doodles - G_6e786d/h2_Weve created more than 5,000 Doodles ove_111429' is visible

17-06-2024T18:24:20 - [MESSAGE][PASSED] - Object 'Object Repository/Page_The Story and Evolution of Doodles - G_6e786d/h2_Weve created more than 5,000 Doodles ove_111429' is visible

17-06-2024T18:24:20 - [TEST_STEP][PASSED] - click(findTestObject("Object Repository/Page_The Story and Evolution of Doodles - G_6e786d/p_The first Doodle was a simple out-of-offi_345e61")): Object: 'Object Repository/Page_The Story and Evolution of Doodles - G_6e786d/p_The first Doodle was a simple out-of-offi_345e61' is clicked on

17-06-2024T18:24:20 - [MESSAGE][PASSED] - Object: 'Object Repository/Page_The Story and Evolution of Doodles - G_6e786d/p_The first Doodle was a simple out-of-offi_345e61' is clicked on

17-06-2024T18:24:20 - [TEST_STEP][PASSED] - verifyElementVisible(findTestObject("Object Repository/Page_The Story and Evolution of Doodles - G_6e786d/h1_The story behind Doodles")): Object 'Object Repository/Page_The Story and Evolution of Doodles - G_6e786d/h1_The story behind Doodles' is visible

17-06-2024T18:24:20 - [MESSAGE][PASSED] - Object 'Object Repository/Page_The Story and Evolution of Doodles - G_6e786d/h1_The story behind Doodles' is visible

17-06-2024T18:24:20 - [TEST_STEP][PASSED] - verifyElementVisible(findTestObject("Object Repository/Page_The Story and Evolution of Doodles - G_6e786d/p_The first Doodle was a simple out-of-offi_345e61")): Object 'Object Repository/Page_The Story and Evolution of Doodles - G_6e786d/p_The first Doodle was a simple out-of-offi_345e61' is visible

17-06-2024T18:24:21 - [MESSAGE][PASSED] - Object 'Object Repository/Page_The Story and Evolution of Doodles - G_6e786d/p_The first Doodle was a simple out-of-offi_345e61' is visible

17-06-2024T18:24:21 - [TEST_STEP][PASSED] - verifyElementVisible(findTestObject("Object Repository/Page_The Story and Evolution of Doodles - G_6e786d/h2_Weve created more than 5,000 Doodles ove_111429")): Object 'Object Repository/Page_The Story and Evolution of Doodles - G_6e786d/h2_Weve created more than 5,000 Doodles ove_111429' is visible

17-06-2024T18:24:21 - [MESSAGE][PASSED] - Object 'Object Repository/Page_The Story and Evolution of Doodles - G_6e786d/h2_Weve created more than 5,000 Doodles ove_111429' is visible

17-06-2024T18:24:21 - [TEST_STEP][PASSED] - click(findTestObject("Object Repository/Page_The Story and Evolution of Doodles - G_6e786d/p_The first Doodle was a simple out-of-offi_345e61")): Object: 'Object Repository/Page_The Story and Evolution of Doodles - G_6e786d/p_The first Doodle was a simple out-of-offi_345e61' is clicked on

17-06-2024T18:24:21 - [MESSAGE][PASSED] - Object: 'Object Repository/Page_The Story and Evolution of Doodles - G_6e786d/p_The first Doodle was a simple out-of-offi_345e61' is clicked on

17-06-2024T18:24:21 - [TEST_STEP][PASSED] - verifyElementVisible(findTestObject("Object Repository/Page_The Story and Evolution of Doodles - G_6e786d/h1_The story behind Doodles")): Object 'Object Repository/Page_The Story and Evolution of Doodles - G_6e786d/h1_The story behind Doodles' is visible

17-06-2024T18:24:22 - [MESSAGE][PASSED] - Object 'Object Repository/Page_The Story and Evolution of Doodles - G_6e786d/h1_The story behind Doodles' is visible

17-06-2024T18:24:22 - [TEST_STEP][PASSED] - verifyElementVisible(findTestObject("Object Repository/Page_The Story and Evolution of Doodles - G_6e786d/p_The first Doodle was a simple out-of-offi_345e61")): Object 'Object Repository/Page_The Story and Evolution of Doodles - G_6e786d/p_The first Doodle was a simple out-of-offi_345e61' is visible

17-06-2024T18:24:22 - [MESSAGE][PASSED] - Object 'Object Repository/Page_The Story and Evolution of Doodles - G_6e786d/p_The first Doodle was a simple out-of-offi_345e61' is visible

17-06-2024T18:24:22 - [TEST_STEP][PASSED] - verifyElementVisible(findTestObject("Object Repository/Page_The Story and Evolution of Doodles - G_6e786d/h2_Weve created more than 5,000 Doodles ove_111429")): Object 'Object Repository/Page_The Story and Evolution of Doodles - G_6e786d/h2_Weve created more than 5,000 Doodles ove_111429' is visible

17-06-2024T18:24:22 - [MESSAGE][PASSED] - Object 'Object Repository/Page_The Story and Evolution of Doodles - G_6e786d/h2_Weve created more than 5,000 Doodles ove_111429' is visible

17-06-2024T18:24:22 - [TEST_STEP][PASSED] - click(findTestObject("Object Repository/Page_The Story and Evolution of Doodles - G_6e786d/p_The first Doodle was a simple out-of-offi_345e61")): Object: 'Object Repository/Page_The Story and Evolution of Doodles - G_6e786d/p_The first Doodle was a simple out-of-offi_345e61' is clicked on

17-06-2024T18:24:23 - [MESSAGE][PASSED] - Object: 'Object Repository/Page_The Story and Evolution of Doodles - G_6e786d/p_The first Doodle was a simple out-of-offi_345e61' is clicked on

17-06-2024T18:24:23 - [TEST_STEP][PASSED] - verifyElementVisible(findTestObject("Object Repository/Page_The Story and Evolution of Doodles - G_6e786d/h1_The story behind Doodles")): Object 'Object Repository/Page_The Story and Evolution of Doodles - G_6e786d/h1_The story behind Doodles' is visible

17-06-2024T18:24:23 - [MESSAGE][PASSED] - Object 'Object Repository/Page_The Story and Evolution of Doodles - G_6e786d/h1_The story behind Doodles' is visible

17-06-2024T18:24:23 - [TEST_STEP][PASSED] - verifyElementVisible(findTestObject("Object Repository/Page_The Story and Evolution of Doodles - G_6e786d/p_The first Doodle was a simple out-of-offi_345e61")): Object 'Object Repository/Page_The Story and Evolution of Doodles - G_6e786d/p_The first Doodle was a simple out-of-offi_345e61' is visible

17-06-2024T18:24:23 - [MESSAGE][PASSED] - Object 'Object Repository/Page_The Story and Evolution of Doodles - G_6e786d/p_The first Doodle was a simple out-of-offi_345e61' is visible

17-06-2024T18:24:23 - [TEST_STEP][PASSED] - verifyElementVisible(findTestObject("Object Repository/Page_The Story and Evolution of Doodles - G_6e786d/h2_Weve created more than 5,000 Doodles ove_111429")): Object 'Object Repository/Page_The Story and Evolution of Doodles - G_6e786d/h2_Weve created more than 5,000 Doodles ove_111429' is visible

17-06-2024T18:24:24 - [MESSAGE][PASSED] - Object 'Object Repository/Page_The Story and Evolution of Doodles - G_6e786d/h2_Weve created more than 5,000 Doodles ove_111429' is visible]]></system-out>
         <system-err><![CDATA[]]></system-err>
      </testcase>
      <testcase name="Test Cases/test case folder 1/tc1 - Copy (4) - Copy (4)" time="20.034" classname="Test Cases/test case folder 1/tc1 - Copy (4) - Copy (4)" status="PASSED">
         <system-out><![CDATA[17-06-2024T18:24:24 - [TEST_CASE][PASSED] - Test Cases/test case folder 1/tc1 - Copy (4) - Copy (4): Test Cases/test case folder 1/tc1 - Copy (4) - Copy (4)

17-06-2024T18:24:24 - [TEST_STEP][PASSED] - openBrowser(""): Browser is opened with url: ''

17-06-2024T18:24:24 - [MESSAGE][WARNING] - A browser is already opened. Closing browser and opening a new one

17-06-2024T18:24:24 - [MESSAGE][INFO] - Starting 'Chrome (headless)' driver

17-06-2024T18:24:24 - [MESSAGE][INFO] - Action delay is set to 0 milliseconds

17-06-2024T18:24:25 - [MESSAGE][PASSED] - Browser is opened with url: ''

17-06-2024T18:24:25 - [TEST_STEP][PASSED] - navigateToUrl("https://doodles.google/about/"): Navigate to 'https://doodles.google/about/' successfully

17-06-2024T18:24:29 - [MESSAGE][PASSED] - Navigate to 'https://doodles.google/about/' successfully

17-06-2024T18:24:29 - [TEST_STEP][PASSED] - click(findTestObject("Object Repository/Page_The Story and Evolution of Doodles - G_6e786d/p_The first Doodle was a simple out-of-offi_345e61")): Object: 'Object Repository/Page_The Story and Evolution of Doodles - G_6e786d/p_The first Doodle was a simple out-of-offi_345e61' is clicked on

17-06-2024T18:24:29 - [MESSAGE][PASSED] - Object: 'Object Repository/Page_The Story and Evolution of Doodles - G_6e786d/p_The first Doodle was a simple out-of-offi_345e61' is clicked on

17-06-2024T18:24:29 - [TEST_STEP][PASSED] - click(findTestObject("Object Repository/Page_The Story and Evolution of Doodles - G_6e786d/p_The first Doodle was a simple out-of-offi_345e61")): Object: 'Object Repository/Page_The Story and Evolution of Doodles - G_6e786d/p_The first Doodle was a simple out-of-offi_345e61' is clicked on

17-06-2024T18:24:30 - [MESSAGE][PASSED] - Object: 'Object Repository/Page_The Story and Evolution of Doodles - G_6e786d/p_The first Doodle was a simple out-of-offi_345e61' is clicked on

17-06-2024T18:24:30 - [TEST_STEP][PASSED] - verifyElementVisible(findTestObject("Object Repository/Page_The Story and Evolution of Doodles - G_6e786d/h1_The story behind Doodles")): Object 'Object Repository/Page_The Story and Evolution of Doodles - G_6e786d/h1_The story behind Doodles' is visible

17-06-2024T18:24:30 - [MESSAGE][PASSED] - Object 'Object Repository/Page_The Story and Evolution of Doodles - G_6e786d/h1_The story behind Doodles' is visible

17-06-2024T18:24:30 - [TEST_STEP][PASSED] - verifyElementVisible(findTestObject("Object Repository/Page_The Story and Evolution of Doodles - G_6e786d/p_The first Doodle was a simple out-of-offi_345e61")): Object 'Object Repository/Page_The Story and Evolution of Doodles - G_6e786d/p_The first Doodle was a simple out-of-offi_345e61' is visible

17-06-2024T18:24:30 - [MESSAGE][PASSED] - Object 'Object Repository/Page_The Story and Evolution of Doodles - G_6e786d/p_The first Doodle was a simple out-of-offi_345e61' is visible

17-06-2024T18:24:30 - [TEST_STEP][PASSED] - verifyElementVisible(findTestObject("Object Repository/Page_The Story and Evolution of Doodles - G_6e786d/h2_Weve created more than 5,000 Doodles ove_111429")): Object 'Object Repository/Page_The Story and Evolution of Doodles - G_6e786d/h2_Weve created more than 5,000 Doodles ove_111429' is visible

17-06-2024T18:24:31 - [MESSAGE][PASSED] - Object 'Object Repository/Page_The Story and Evolution of Doodles - G_6e786d/h2_Weve created more than 5,000 Doodles ove_111429' is visible

17-06-2024T18:24:31 - [TEST_STEP][PASSED] - verifyElementVisible(findTestObject("Object Repository/Page_The Story and Evolution of Doodles - G_6e786d/h1_The story behind Doodles")): Object 'Object Repository/Page_The Story and Evolution of Doodles - G_6e786d/h1_The story behind Doodles' is visible

17-06-2024T18:24:31 - [MESSAGE][PASSED] - Object 'Object Repository/Page_The Story and Evolution of Doodles - G_6e786d/h1_The story behind Doodles' is visible

17-06-2024T18:24:31 - [TEST_STEP][PASSED] - verifyElementVisible(findTestObject("Object Repository/Page_The Story and Evolution of Doodles - G_6e786d/p_The first Doodle was a simple out-of-offi_345e61")): Object 'Object Repository/Page_The Story and Evolution of Doodles - G_6e786d/p_The first Doodle was a simple out-of-offi_345e61' is visible

17-06-2024T18:24:31 - [MESSAGE][PASSED] - Object 'Object Repository/Page_The Story and Evolution of Doodles - G_6e786d/p_The first Doodle was a simple out-of-offi_345e61' is visible

17-06-2024T18:24:31 - [TEST_STEP][PASSED] - verifyElementVisible(findTestObject("Object Repository/Page_The Story and Evolution of Doodles - G_6e786d/h2_Weve created more than 5,000 Doodles ove_111429")): Object 'Object Repository/Page_The Story and Evolution of Doodles - G_6e786d/h2_Weve created more than 5,000 Doodles ove_111429' is visible

17-06-2024T18:24:32 - [MESSAGE][PASSED] - Object 'Object Repository/Page_The Story and Evolution of Doodles - G_6e786d/h2_Weve created more than 5,000 Doodles ove_111429' is visible

17-06-2024T18:24:32 - [TEST_STEP][PASSED] - click(findTestObject("Object Repository/Page_The Story and Evolution of Doodles - G_6e786d/p_The first Doodle was a simple out-of-offi_345e61")): Object: 'Object Repository/Page_The Story and Evolution of Doodles - G_6e786d/p_The first Doodle was a simple out-of-offi_345e61' is clicked on

17-06-2024T18:24:32 - [MESSAGE][PASSED] - Object: 'Object Repository/Page_The Story and Evolution of Doodles - G_6e786d/p_The first Doodle was a simple out-of-offi_345e61' is clicked on

17-06-2024T18:24:32 - [TEST_STEP][PASSED] - verifyElementVisible(findTestObject("Object Repository/Page_The Story and Evolution of Doodles - G_6e786d/h1_The story behind Doodles")): Object 'Object Repository/Page_The Story and Evolution of Doodles - G_6e786d/h1_The story behind Doodles' is visible

17-06-2024T18:24:32 - [MESSAGE][PASSED] - Object 'Object Repository/Page_The Story and Evolution of Doodles - G_6e786d/h1_The story behind Doodles' is visible

17-06-2024T18:24:32 - [TEST_STEP][PASSED] - verifyElementVisible(findTestObject("Object Repository/Page_The Story and Evolution of Doodles - G_6e786d/p_The first Doodle was a simple out-of-offi_345e61")): Object 'Object Repository/Page_The Story and Evolution of Doodles - G_6e786d/p_The first Doodle was a simple out-of-offi_345e61' is visible

17-06-2024T18:24:33 - [MESSAGE][PASSED] - Object 'Object Repository/Page_The Story and Evolution of Doodles - G_6e786d/p_The first Doodle was a simple out-of-offi_345e61' is visible

17-06-2024T18:24:33 - [TEST_STEP][PASSED] - verifyElementVisible(findTestObject("Object Repository/Page_The Story and Evolution of Doodles - G_6e786d/h2_Weve created more than 5,000 Doodles ove_111429")): Object 'Object Repository/Page_The Story and Evolution of Doodles - G_6e786d/h2_Weve created more than 5,000 Doodles ove_111429' is visible

17-06-2024T18:24:33 - [MESSAGE][PASSED] - Object 'Object Repository/Page_The Story and Evolution of Doodles - G_6e786d/h2_Weve created more than 5,000 Doodles ove_111429' is visible

17-06-2024T18:24:33 - [TEST_STEP][PASSED] - click(findTestObject("Object Repository/Page_The Story and Evolution of Doodles - G_6e786d/p_The first Doodle was a simple out-of-offi_345e61")): Object: 'Object Repository/Page_The Story and Evolution of Doodles - G_6e786d/p_The first Doodle was a simple out-of-offi_345e61' is clicked on

17-06-2024T18:24:33 - [MESSAGE][PASSED] - Object: 'Object Repository/Page_The Story and Evolution of Doodles - G_6e786d/p_The first Doodle was a simple out-of-offi_345e61' is clicked on

17-06-2024T18:24:33 - [TEST_STEP][PASSED] - verifyElementVisible(findTestObject("Object Repository/Page_The Story and Evolution of Doodles - G_6e786d/h1_The story behind Doodles")): Object 'Object Repository/Page_The Story and Evolution of Doodles - G_6e786d/h1_The story behind Doodles' is visible

17-06-2024T18:24:34 - [MESSAGE][PASSED] - Object 'Object Repository/Page_The Story and Evolution of Doodles - G_6e786d/h1_The story behind Doodles' is visible

17-06-2024T18:24:34 - [TEST_STEP][PASSED] - verifyElementVisible(findTestObject("Object Repository/Page_The Story and Evolution of Doodles - G_6e786d/p_The first Doodle was a simple out-of-offi_345e61")): Object 'Object Repository/Page_The Story and Evolution of Doodles - G_6e786d/p_The first Doodle was a simple out-of-offi_345e61' is visible

17-06-2024T18:24:34 - [MESSAGE][PASSED] - Object 'Object Repository/Page_The Story and Evolution of Doodles - G_6e786d/p_The first Doodle was a simple out-of-offi_345e61' is visible

17-06-2024T18:24:34 - [TEST_STEP][PASSED] - verifyElementVisible(findTestObject("Object Repository/Page_The Story and Evolution of Doodles - G_6e786d/h2_Weve created more than 5,000 Doodles ove_111429")): Object 'Object Repository/Page_The Story and Evolution of Doodles - G_6e786d/h2_Weve created more than 5,000 Doodles ove_111429' is visible

17-06-2024T18:24:34 - [MESSAGE][PASSED] - Object 'Object Repository/Page_The Story and Evolution of Doodles - G_6e786d/h2_Weve created more than 5,000 Doodles ove_111429' is visible

17-06-2024T18:24:34 - [TEST_STEP][PASSED] - click(findTestObject("Object Repository/Page_The Story and Evolution of Doodles - G_6e786d/p_The first Doodle was a simple out-of-offi_345e61")): Object: 'Object Repository/Page_The Story and Evolution of Doodles - G_6e786d/p_The first Doodle was a simple out-of-offi_345e61' is clicked on

17-06-2024T18:24:35 - [MESSAGE][PASSED] - Object: 'Object Repository/Page_The Story and Evolution of Doodles - G_6e786d/p_The first Doodle was a simple out-of-offi_345e61' is clicked on

17-06-2024T18:24:35 - [TEST_STEP][PASSED] - verifyElementVisible(findTestObject("Object Repository/Page_The Story and Evolution of Doodles - G_6e786d/h1_The story behind Doodles")): Object 'Object Repository/Page_The Story and Evolution of Doodles - G_6e786d/h1_The story behind Doodles' is visible

17-06-2024T18:24:35 - [MESSAGE][PASSED] - Object 'Object Repository/Page_The Story and Evolution of Doodles - G_6e786d/h1_The story behind Doodles' is visible

17-06-2024T18:24:35 - [TEST_STEP][PASSED] - verifyElementVisible(findTestObject("Object Repository/Page_The Story and Evolution of Doodles - G_6e786d/p_The first Doodle was a simple out-of-offi_345e61")): Object 'Object Repository/Page_The Story and Evolution of Doodles - G_6e786d/p_The first Doodle was a simple out-of-offi_345e61' is visible

17-06-2024T18:24:35 - [MESSAGE][PASSED] - Object 'Object Repository/Page_The Story and Evolution of Doodles - G_6e786d/p_The first Doodle was a simple out-of-offi_345e61' is visible

17-06-2024T18:24:35 - [TEST_STEP][PASSED] - verifyElementVisible(findTestObject("Object Repository/Page_The Story and Evolution of Doodles - G_6e786d/h2_Weve created more than 5,000 Doodles ove_111429")): Object 'Object Repository/Page_The Story and Evolution of Doodles - G_6e786d/h2_Weve created more than 5,000 Doodles ove_111429' is visible

17-06-2024T18:24:36 - [MESSAGE][PASSED] - Object 'Object Repository/Page_The Story and Evolution of Doodles - G_6e786d/h2_Weve created more than 5,000 Doodles ove_111429' is visible

17-06-2024T18:24:36 - [TEST_STEP][PASSED] - click(findTestObject("Object Repository/Page_The Story and Evolution of Doodles - G_6e786d/p_The first Doodle was a simple out-of-offi_345e61")): Object: 'Object Repository/Page_The Story and Evolution of Doodles - G_6e786d/p_The first Doodle was a simple out-of-offi_345e61' is clicked on

17-06-2024T18:24:36 - [MESSAGE][PASSED] - Object: 'Object Repository/Page_The Story and Evolution of Doodles - G_6e786d/p_The first Doodle was a simple out-of-offi_345e61' is clicked on

17-06-2024T18:24:36 - [TEST_STEP][PASSED] - verifyElementVisible(findTestObject("Object Repository/Page_The Story and Evolution of Doodles - G_6e786d/h1_The story behind Doodles")): Object 'Object Repository/Page_The Story and Evolution of Doodles - G_6e786d/h1_The story behind Doodles' is visible

17-06-2024T18:24:36 - [MESSAGE][PASSED] - Object 'Object Repository/Page_The Story and Evolution of Doodles - G_6e786d/h1_The story behind Doodles' is visible

17-06-2024T18:24:36 - [TEST_STEP][PASSED] - verifyElementVisible(findTestObject("Object Repository/Page_The Story and Evolution of Doodles - G_6e786d/p_The first Doodle was a simple out-of-offi_345e61")): Object 'Object Repository/Page_The Story and Evolution of Doodles - G_6e786d/p_The first Doodle was a simple out-of-offi_345e61' is visible

17-06-2024T18:24:37 - [MESSAGE][PASSED] - Object 'Object Repository/Page_The Story and Evolution of Doodles - G_6e786d/p_The first Doodle was a simple out-of-offi_345e61' is visible

17-06-2024T18:24:37 - [TEST_STEP][PASSED] - verifyElementVisible(findTestObject("Object Repository/Page_The Story and Evolution of Doodles - G_6e786d/h2_Weve created more than 5,000 Doodles ove_111429")): Object 'Object Repository/Page_The Story and Evolution of Doodles - G_6e786d/h2_Weve created more than 5,000 Doodles ove_111429' is visible

17-06-2024T18:24:37 - [MESSAGE][PASSED] - Object 'Object Repository/Page_The Story and Evolution of Doodles - G_6e786d/h2_Weve created more than 5,000 Doodles ove_111429' is visible

17-06-2024T18:24:37 - [TEST_STEP][PASSED] - click(findTestObject("Object Repository/Page_The Story and Evolution of Doodles - G_6e786d/p_The first Doodle was a simple out-of-offi_345e61")): Object: 'Object Repository/Page_The Story and Evolution of Doodles - G_6e786d/p_The first Doodle was a simple out-of-offi_345e61' is clicked on

17-06-2024T18:24:37 - [MESSAGE][PASSED] - Object: 'Object Repository/Page_The Story and Evolution of Doodles - G_6e786d/p_The first Doodle was a simple out-of-offi_345e61' is clicked on

17-06-2024T18:24:37 - [TEST_STEP][PASSED] - verifyElementVisible(findTestObject("Object Repository/Page_The Story and Evolution of Doodles - G_6e786d/h1_The story behind Doodles")): Object 'Object Repository/Page_The Story and Evolution of Doodles - G_6e786d/h1_The story behind Doodles' is visible

17-06-2024T18:24:38 - [MESSAGE][PASSED] - Object 'Object Repository/Page_The Story and Evolution of Doodles - G_6e786d/h1_The story behind Doodles' is visible

17-06-2024T18:24:38 - [TEST_STEP][PASSED] - verifyElementVisible(findTestObject("Object Repository/Page_The Story and Evolution of Doodles - G_6e786d/p_The first Doodle was a simple out-of-offi_345e61")): Object 'Object Repository/Page_The Story and Evolution of Doodles - G_6e786d/p_The first Doodle was a simple out-of-offi_345e61' is visible

17-06-2024T18:24:38 - [MESSAGE][PASSED] - Object 'Object Repository/Page_The Story and Evolution of Doodles - G_6e786d/p_The first Doodle was a simple out-of-offi_345e61' is visible

17-06-2024T18:24:38 - [TEST_STEP][PASSED] - verifyElementVisible(findTestObject("Object Repository/Page_The Story and Evolution of Doodles - G_6e786d/h2_Weve created more than 5,000 Doodles ove_111429")): Object 'Object Repository/Page_The Story and Evolution of Doodles - G_6e786d/h2_Weve created more than 5,000 Doodles ove_111429' is visible

17-06-2024T18:24:38 - [MESSAGE][PASSED] - Object 'Object Repository/Page_The Story and Evolution of Doodles - G_6e786d/h2_Weve created more than 5,000 Doodles ove_111429' is visible

17-06-2024T18:24:38 - [TEST_STEP][PASSED] - click(findTestObject("Object Repository/Page_The Story and Evolution of Doodles - G_6e786d/p_The first Doodle was a simple out-of-offi_345e61")): Object: 'Object Repository/Page_The Story and Evolution of Doodles - G_6e786d/p_The first Doodle was a simple out-of-offi_345e61' is clicked on

17-06-2024T18:24:39 - [MESSAGE][PASSED] - Object: 'Object Repository/Page_The Story and Evolution of Doodles - G_6e786d/p_The first Doodle was a simple out-of-offi_345e61' is clicked on

17-06-2024T18:24:39 - [TEST_STEP][PASSED] - verifyElementVisible(findTestObject("Object Repository/Page_The Story and Evolution of Doodles - G_6e786d/h1_The story behind Doodles")): Object 'Object Repository/Page_The Story and Evolution of Doodles - G_6e786d/h1_The story behind Doodles' is visible

17-06-2024T18:24:39 - [MESSAGE][PASSED] - Object 'Object Repository/Page_The Story and Evolution of Doodles - G_6e786d/h1_The story behind Doodles' is visible

17-06-2024T18:24:39 - [TEST_STEP][PASSED] - verifyElementVisible(findTestObject("Object Repository/Page_The Story and Evolution of Doodles - G_6e786d/p_The first Doodle was a simple out-of-offi_345e61")): Object 'Object Repository/Page_The Story and Evolution of Doodles - G_6e786d/p_The first Doodle was a simple out-of-offi_345e61' is visible

17-06-2024T18:24:39 - [MESSAGE][PASSED] - Object 'Object Repository/Page_The Story and Evolution of Doodles - G_6e786d/p_The first Doodle was a simple out-of-offi_345e61' is visible

17-06-2024T18:24:39 - [TEST_STEP][PASSED] - verifyElementVisible(findTestObject("Object Repository/Page_The Story and Evolution of Doodles - G_6e786d/h2_Weve created more than 5,000 Doodles ove_111429")): Object 'Object Repository/Page_The Story and Evolution of Doodles - G_6e786d/h2_Weve created more than 5,000 Doodles ove_111429' is visible

17-06-2024T18:24:40 - [MESSAGE][PASSED] - Object 'Object Repository/Page_The Story and Evolution of Doodles - G_6e786d/h2_Weve created more than 5,000 Doodles ove_111429' is visible

17-06-2024T18:24:40 - [TEST_STEP][PASSED] - click(findTestObject("Object Repository/Page_The Story and Evolution of Doodles - G_6e786d/p_The first Doodle was a simple out-of-offi_345e61")): Object: 'Object Repository/Page_The Story and Evolution of Doodles - G_6e786d/p_The first Doodle was a simple out-of-offi_345e61' is clicked on

17-06-2024T18:24:40 - [MESSAGE][PASSED] - Object: 'Object Repository/Page_The Story and Evolution of Doodles - G_6e786d/p_The first Doodle was a simple out-of-offi_345e61' is clicked on

17-06-2024T18:24:40 - [TEST_STEP][PASSED] - verifyElementVisible(findTestObject("Object Repository/Page_The Story and Evolution of Doodles - G_6e786d/h1_The story behind Doodles")): Object 'Object Repository/Page_The Story and Evolution of Doodles - G_6e786d/h1_The story behind Doodles' is visible

17-06-2024T18:24:40 - [MESSAGE][PASSED] - Object 'Object Repository/Page_The Story and Evolution of Doodles - G_6e786d/h1_The story behind Doodles' is visible

17-06-2024T18:24:40 - [TEST_STEP][PASSED] - verifyElementVisible(findTestObject("Object Repository/Page_The Story and Evolution of Doodles - G_6e786d/p_The first Doodle was a simple out-of-offi_345e61")): Object 'Object Repository/Page_The Story and Evolution of Doodles - G_6e786d/p_The first Doodle was a simple out-of-offi_345e61' is visible

17-06-2024T18:24:41 - [MESSAGE][PASSED] - Object 'Object Repository/Page_The Story and Evolution of Doodles - G_6e786d/p_The first Doodle was a simple out-of-offi_345e61' is visible

17-06-2024T18:24:41 - [TEST_STEP][PASSED] - verifyElementVisible(findTestObject("Object Repository/Page_The Story and Evolution of Doodles - G_6e786d/h2_Weve created more than 5,000 Doodles ove_111429")): Object 'Object Repository/Page_The Story and Evolution of Doodles - G_6e786d/h2_Weve created more than 5,000 Doodles ove_111429' is visible

17-06-2024T18:24:41 - [MESSAGE][PASSED] - Object 'Object Repository/Page_The Story and Evolution of Doodles - G_6e786d/h2_Weve created more than 5,000 Doodles ove_111429' is visible

17-06-2024T18:24:41 - [TEST_STEP][PASSED] - click(findTestObject("Object Repository/Page_The Story and Evolution of Doodles - G_6e786d/p_The first Doodle was a simple out-of-offi_345e61")): Object: 'Object Repository/Page_The Story and Evolution of Doodles - G_6e786d/p_The first Doodle was a simple out-of-offi_345e61' is clicked on

17-06-2024T18:24:41 - [MESSAGE][PASSED] - Object: 'Object Repository/Page_The Story and Evolution of Doodles - G_6e786d/p_The first Doodle was a simple out-of-offi_345e61' is clicked on

17-06-2024T18:24:41 - [TEST_STEP][PASSED] - verifyElementVisible(findTestObject("Object Repository/Page_The Story and Evolution of Doodles - G_6e786d/h1_The story behind Doodles")): Object 'Object Repository/Page_The Story and Evolution of Doodles - G_6e786d/h1_The story behind Doodles' is visible

17-06-2024T18:24:42 - [MESSAGE][PASSED] - Object 'Object Repository/Page_The Story and Evolution of Doodles - G_6e786d/h1_The story behind Doodles' is visible

17-06-2024T18:24:42 - [TEST_STEP][PASSED] - verifyElementVisible(findTestObject("Object Repository/Page_The Story and Evolution of Doodles - G_6e786d/p_The first Doodle was a simple out-of-offi_345e61")): Object 'Object Repository/Page_The Story and Evolution of Doodles - G_6e786d/p_The first Doodle was a simple out-of-offi_345e61' is visible

17-06-2024T18:24:42 - [MESSAGE][PASSED] - Object 'Object Repository/Page_The Story and Evolution of Doodles - G_6e786d/p_The first Doodle was a simple out-of-offi_345e61' is visible

17-06-2024T18:24:42 - [TEST_STEP][PASSED] - verifyElementVisible(findTestObject("Object Repository/Page_The Story and Evolution of Doodles - G_6e786d/h2_Weve created more than 5,000 Doodles ove_111429")): Object 'Object Repository/Page_The Story and Evolution of Doodles - G_6e786d/h2_Weve created more than 5,000 Doodles ove_111429' is visible

17-06-2024T18:24:42 - [MESSAGE][PASSED] - Object 'Object Repository/Page_The Story and Evolution of Doodles - G_6e786d/h2_Weve created more than 5,000 Doodles ove_111429' is visible

17-06-2024T18:24:42 - [TEST_STEP][PASSED] - click(findTestObject("Object Repository/Page_The Story and Evolution of Doodles - G_6e786d/p_The first Doodle was a simple out-of-offi_345e61")): Object: 'Object Repository/Page_The Story and Evolution of Doodles - G_6e786d/p_The first Doodle was a simple out-of-offi_345e61' is clicked on

17-06-2024T18:24:43 - [MESSAGE][PASSED] - Object: 'Object Repository/Page_The Story and Evolution of Doodles - G_6e786d/p_The first Doodle was a simple out-of-offi_345e61' is clicked on

17-06-2024T18:24:43 - [TEST_STEP][PASSED] - verifyElementVisible(findTestObject("Object Repository/Page_The Story and Evolution of Doodles - G_6e786d/h1_The story behind Doodles")): Object 'Object Repository/Page_The Story and Evolution of Doodles - G_6e786d/h1_The story behind Doodles' is visible

17-06-2024T18:24:43 - [MESSAGE][PASSED] - Object 'Object Repository/Page_The Story and Evolution of Doodles - G_6e786d/h1_The story behind Doodles' is visible

17-06-2024T18:24:43 - [TEST_STEP][PASSED] - verifyElementVisible(findTestObject("Object Repository/Page_The Story and Evolution of Doodles - G_6e786d/p_The first Doodle was a simple out-of-offi_345e61")): Object 'Object Repository/Page_The Story and Evolution of Doodles - G_6e786d/p_The first Doodle was a simple out-of-offi_345e61' is visible

17-06-2024T18:24:43 - [MESSAGE][PASSED] - Object 'Object Repository/Page_The Story and Evolution of Doodles - G_6e786d/p_The first Doodle was a simple out-of-offi_345e61' is visible

17-06-2024T18:24:43 - [TEST_STEP][PASSED] - verifyElementVisible(findTestObject("Object Repository/Page_The Story and Evolution of Doodles - G_6e786d/h2_Weve created more than 5,000 Doodles ove_111429")): Object 'Object Repository/Page_The Story and Evolution of Doodles - G_6e786d/h2_Weve created more than 5,000 Doodles ove_111429' is visible

17-06-2024T18:24:44 - [MESSAGE][PASSED] - Object 'Object Repository/Page_The Story and Evolution of Doodles - G_6e786d/h2_Weve created more than 5,000 Doodles ove_111429' is visible]]></system-out>
         <system-err><![CDATA[]]></system-err>
      </testcase>
      <testcase name="Test Cases/test case folder 1/tc1 - Copy (4) - Copy (5)" time="19.603" classname="Test Cases/test case folder 1/tc1 - Copy (4) - Copy (5)" status="PASSED">
         <system-out><![CDATA[17-06-2024T18:24:44 - [TEST_CASE][PASSED] - Test Cases/test case folder 1/tc1 - Copy (4) - Copy (5): Test Cases/test case folder 1/tc1 - Copy (4) - Copy (5)

17-06-2024T18:24:44 - [TEST_STEP][PASSED] - openBrowser(""): Browser is opened with url: ''

17-06-2024T18:24:44 - [MESSAGE][WARNING] - A browser is already opened. Closing browser and opening a new one

17-06-2024T18:24:44 - [MESSAGE][INFO] - Starting 'Chrome (headless)' driver

17-06-2024T18:24:44 - [MESSAGE][INFO] - Action delay is set to 0 milliseconds

17-06-2024T18:24:45 - [MESSAGE][PASSED] - Browser is opened with url: ''

17-06-2024T18:24:45 - [TEST_STEP][PASSED] - navigateToUrl("https://doodles.google/about/"): Navigate to 'https://doodles.google/about/' successfully

17-06-2024T18:24:47 - [MESSAGE][PASSED] - Navigate to 'https://doodles.google/about/' successfully

17-06-2024T18:24:47 - [TEST_STEP][PASSED] - click(findTestObject("Object Repository/Page_The Story and Evolution of Doodles - G_6e786d/p_The first Doodle was a simple out-of-offi_345e61")): Object: 'Object Repository/Page_The Story and Evolution of Doodles - G_6e786d/p_The first Doodle was a simple out-of-offi_345e61' is clicked on

17-06-2024T18:24:49 - [MESSAGE][PASSED] - Object: 'Object Repository/Page_The Story and Evolution of Doodles - G_6e786d/p_The first Doodle was a simple out-of-offi_345e61' is clicked on

17-06-2024T18:24:49 - [TEST_STEP][PASSED] - click(findTestObject("Object Repository/Page_The Story and Evolution of Doodles - G_6e786d/p_The first Doodle was a simple out-of-offi_345e61")): Object: 'Object Repository/Page_The Story and Evolution of Doodles - G_6e786d/p_The first Doodle was a simple out-of-offi_345e61' is clicked on

17-06-2024T18:24:49 - [MESSAGE][PASSED] - Object: 'Object Repository/Page_The Story and Evolution of Doodles - G_6e786d/p_The first Doodle was a simple out-of-offi_345e61' is clicked on

17-06-2024T18:24:49 - [TEST_STEP][PASSED] - verifyElementVisible(findTestObject("Object Repository/Page_The Story and Evolution of Doodles - G_6e786d/h1_The story behind Doodles")): Object 'Object Repository/Page_The Story and Evolution of Doodles - G_6e786d/h1_The story behind Doodles' is visible

17-06-2024T18:24:49 - [MESSAGE][PASSED] - Object 'Object Repository/Page_The Story and Evolution of Doodles - G_6e786d/h1_The story behind Doodles' is visible

17-06-2024T18:24:49 - [TEST_STEP][PASSED] - verifyElementVisible(findTestObject("Object Repository/Page_The Story and Evolution of Doodles - G_6e786d/p_The first Doodle was a simple out-of-offi_345e61")): Object 'Object Repository/Page_The Story and Evolution of Doodles - G_6e786d/p_The first Doodle was a simple out-of-offi_345e61' is visible

17-06-2024T18:24:50 - [MESSAGE][PASSED] - Object 'Object Repository/Page_The Story and Evolution of Doodles - G_6e786d/p_The first Doodle was a simple out-of-offi_345e61' is visible

17-06-2024T18:24:50 - [TEST_STEP][PASSED] - verifyElementVisible(findTestObject("Object Repository/Page_The Story and Evolution of Doodles - G_6e786d/h2_Weve created more than 5,000 Doodles ove_111429")): Object 'Object Repository/Page_The Story and Evolution of Doodles - G_6e786d/h2_Weve created more than 5,000 Doodles ove_111429' is visible

17-06-2024T18:24:50 - [MESSAGE][PASSED] - Object 'Object Repository/Page_The Story and Evolution of Doodles - G_6e786d/h2_Weve created more than 5,000 Doodles ove_111429' is visible

17-06-2024T18:24:50 - [TEST_STEP][PASSED] - verifyElementVisible(findTestObject("Object Repository/Page_The Story and Evolution of Doodles - G_6e786d/h1_The story behind Doodles")): Object 'Object Repository/Page_The Story and Evolution of Doodles - G_6e786d/h1_The story behind Doodles' is visible

17-06-2024T18:24:50 - [MESSAGE][PASSED] - Object 'Object Repository/Page_The Story and Evolution of Doodles - G_6e786d/h1_The story behind Doodles' is visible

17-06-2024T18:24:50 - [TEST_STEP][PASSED] - verifyElementVisible(findTestObject("Object Repository/Page_The Story and Evolution of Doodles - G_6e786d/p_The first Doodle was a simple out-of-offi_345e61")): Object 'Object Repository/Page_The Story and Evolution of Doodles - G_6e786d/p_The first Doodle was a simple out-of-offi_345e61' is visible

17-06-2024T18:24:51 - [MESSAGE][PASSED] - Object 'Object Repository/Page_The Story and Evolution of Doodles - G_6e786d/p_The first Doodle was a simple out-of-offi_345e61' is visible

17-06-2024T18:24:51 - [TEST_STEP][PASSED] - verifyElementVisible(findTestObject("Object Repository/Page_The Story and Evolution of Doodles - G_6e786d/h2_Weve created more than 5,000 Doodles ove_111429")): Object 'Object Repository/Page_The Story and Evolution of Doodles - G_6e786d/h2_Weve created more than 5,000 Doodles ove_111429' is visible

17-06-2024T18:24:51 - [MESSAGE][PASSED] - Object 'Object Repository/Page_The Story and Evolution of Doodles - G_6e786d/h2_Weve created more than 5,000 Doodles ove_111429' is visible

17-06-2024T18:24:51 - [TEST_STEP][PASSED] - click(findTestObject("Object Repository/Page_The Story and Evolution of Doodles - G_6e786d/p_The first Doodle was a simple out-of-offi_345e61")): Object: 'Object Repository/Page_The Story and Evolution of Doodles - G_6e786d/p_The first Doodle was a simple out-of-offi_345e61' is clicked on

17-06-2024T18:24:51 - [MESSAGE][PASSED] - Object: 'Object Repository/Page_The Story and Evolution of Doodles - G_6e786d/p_The first Doodle was a simple out-of-offi_345e61' is clicked on

17-06-2024T18:24:51 - [TEST_STEP][PASSED] - verifyElementVisible(findTestObject("Object Repository/Page_The Story and Evolution of Doodles - G_6e786d/h1_The story behind Doodles")): Object 'Object Repository/Page_The Story and Evolution of Doodles - G_6e786d/h1_The story behind Doodles' is visible

17-06-2024T18:24:52 - [MESSAGE][PASSED] - Object 'Object Repository/Page_The Story and Evolution of Doodles - G_6e786d/h1_The story behind Doodles' is visible

17-06-2024T18:24:52 - [TEST_STEP][PASSED] - verifyElementVisible(findTestObject("Object Repository/Page_The Story and Evolution of Doodles - G_6e786d/p_The first Doodle was a simple out-of-offi_345e61")): Object 'Object Repository/Page_The Story and Evolution of Doodles - G_6e786d/p_The first Doodle was a simple out-of-offi_345e61' is visible

17-06-2024T18:24:52 - [MESSAGE][PASSED] - Object 'Object Repository/Page_The Story and Evolution of Doodles - G_6e786d/p_The first Doodle was a simple out-of-offi_345e61' is visible

17-06-2024T18:24:52 - [TEST_STEP][PASSED] - verifyElementVisible(findTestObject("Object Repository/Page_The Story and Evolution of Doodles - G_6e786d/h2_Weve created more than 5,000 Doodles ove_111429")): Object 'Object Repository/Page_The Story and Evolution of Doodles - G_6e786d/h2_Weve created more than 5,000 Doodles ove_111429' is visible

17-06-2024T18:24:52 - [MESSAGE][PASSED] - Object 'Object Repository/Page_The Story and Evolution of Doodles - G_6e786d/h2_Weve created more than 5,000 Doodles ove_111429' is visible

17-06-2024T18:24:52 - [TEST_STEP][PASSED] - click(findTestObject("Object Repository/Page_The Story and Evolution of Doodles - G_6e786d/p_The first Doodle was a simple out-of-offi_345e61")): Object: 'Object Repository/Page_The Story and Evolution of Doodles - G_6e786d/p_The first Doodle was a simple out-of-offi_345e61' is clicked on

17-06-2024T18:24:53 - [MESSAGE][PASSED] - Object: 'Object Repository/Page_The Story and Evolution of Doodles - G_6e786d/p_The first Doodle was a simple out-of-offi_345e61' is clicked on

17-06-2024T18:24:53 - [TEST_STEP][PASSED] - verifyElementVisible(findTestObject("Object Repository/Page_The Story and Evolution of Doodles - G_6e786d/h1_The story behind Doodles")): Object 'Object Repository/Page_The Story and Evolution of Doodles - G_6e786d/h1_The story behind Doodles' is visible

17-06-2024T18:24:53 - [MESSAGE][PASSED] - Object 'Object Repository/Page_The Story and Evolution of Doodles - G_6e786d/h1_The story behind Doodles' is visible

17-06-2024T18:24:53 - [TEST_STEP][PASSED] - verifyElementVisible(findTestObject("Object Repository/Page_The Story and Evolution of Doodles - G_6e786d/p_The first Doodle was a simple out-of-offi_345e61")): Object 'Object Repository/Page_The Story and Evolution of Doodles - G_6e786d/p_The first Doodle was a simple out-of-offi_345e61' is visible

17-06-2024T18:24:53 - [MESSAGE][PASSED] - Object 'Object Repository/Page_The Story and Evolution of Doodles - G_6e786d/p_The first Doodle was a simple out-of-offi_345e61' is visible

17-06-2024T18:24:53 - [TEST_STEP][PASSED] - verifyElementVisible(findTestObject("Object Repository/Page_The Story and Evolution of Doodles - G_6e786d/h2_Weve created more than 5,000 Doodles ove_111429")): Object 'Object Repository/Page_The Story and Evolution of Doodles - G_6e786d/h2_Weve created more than 5,000 Doodles ove_111429' is visible

17-06-2024T18:24:54 - [MESSAGE][PASSED] - Object 'Object Repository/Page_The Story and Evolution of Doodles - G_6e786d/h2_Weve created more than 5,000 Doodles ove_111429' is visible

17-06-2024T18:24:54 - [TEST_STEP][PASSED] - click(findTestObject("Object Repository/Page_The Story and Evolution of Doodles - G_6e786d/p_The first Doodle was a simple out-of-offi_345e61")): Object: 'Object Repository/Page_The Story and Evolution of Doodles - G_6e786d/p_The first Doodle was a simple out-of-offi_345e61' is clicked on

17-06-2024T18:24:54 - [MESSAGE][PASSED] - Object: 'Object Repository/Page_The Story and Evolution of Doodles - G_6e786d/p_The first Doodle was a simple out-of-offi_345e61' is clicked on

17-06-2024T18:24:54 - [TEST_STEP][PASSED] - verifyElementVisible(findTestObject("Object Repository/Page_The Story and Evolution of Doodles - G_6e786d/h1_The story behind Doodles")): Object 'Object Repository/Page_The Story and Evolution of Doodles - G_6e786d/h1_The story behind Doodles' is visible

17-06-2024T18:24:54 - [MESSAGE][PASSED] - Object 'Object Repository/Page_The Story and Evolution of Doodles - G_6e786d/h1_The story behind Doodles' is visible

17-06-2024T18:24:54 - [TEST_STEP][PASSED] - verifyElementVisible(findTestObject("Object Repository/Page_The Story and Evolution of Doodles - G_6e786d/p_The first Doodle was a simple out-of-offi_345e61")): Object 'Object Repository/Page_The Story and Evolution of Doodles - G_6e786d/p_The first Doodle was a simple out-of-offi_345e61' is visible

17-06-2024T18:24:55 - [MESSAGE][PASSED] - Object 'Object Repository/Page_The Story and Evolution of Doodles - G_6e786d/p_The first Doodle was a simple out-of-offi_345e61' is visible

17-06-2024T18:24:55 - [TEST_STEP][PASSED] - verifyElementVisible(findTestObject("Object Repository/Page_The Story and Evolution of Doodles - G_6e786d/h2_Weve created more than 5,000 Doodles ove_111429")): Object 'Object Repository/Page_The Story and Evolution of Doodles - G_6e786d/h2_Weve created more than 5,000 Doodles ove_111429' is visible

17-06-2024T18:24:55 - [MESSAGE][PASSED] - Object 'Object Repository/Page_The Story and Evolution of Doodles - G_6e786d/h2_Weve created more than 5,000 Doodles ove_111429' is visible

17-06-2024T18:24:55 - [TEST_STEP][PASSED] - click(findTestObject("Object Repository/Page_The Story and Evolution of Doodles - G_6e786d/p_The first Doodle was a simple out-of-offi_345e61")): Object: 'Object Repository/Page_The Story and Evolution of Doodles - G_6e786d/p_The first Doodle was a simple out-of-offi_345e61' is clicked on

17-06-2024T18:24:55 - [MESSAGE][PASSED] - Object: 'Object Repository/Page_The Story and Evolution of Doodles - G_6e786d/p_The first Doodle was a simple out-of-offi_345e61' is clicked on

17-06-2024T18:24:55 - [TEST_STEP][PASSED] - verifyElementVisible(findTestObject("Object Repository/Page_The Story and Evolution of Doodles - G_6e786d/h1_The story behind Doodles")): Object 'Object Repository/Page_The Story and Evolution of Doodles - G_6e786d/h1_The story behind Doodles' is visible

17-06-2024T18:24:56 - [MESSAGE][PASSED] - Object 'Object Repository/Page_The Story and Evolution of Doodles - G_6e786d/h1_The story behind Doodles' is visible

17-06-2024T18:24:56 - [TEST_STEP][PASSED] - verifyElementVisible(findTestObject("Object Repository/Page_The Story and Evolution of Doodles - G_6e786d/p_The first Doodle was a simple out-of-offi_345e61")): Object 'Object Repository/Page_The Story and Evolution of Doodles - G_6e786d/p_The first Doodle was a simple out-of-offi_345e61' is visible

17-06-2024T18:24:56 - [MESSAGE][PASSED] - Object 'Object Repository/Page_The Story and Evolution of Doodles - G_6e786d/p_The first Doodle was a simple out-of-offi_345e61' is visible

17-06-2024T18:24:56 - [TEST_STEP][PASSED] - verifyElementVisible(findTestObject("Object Repository/Page_The Story and Evolution of Doodles - G_6e786d/h2_Weve created more than 5,000 Doodles ove_111429")): Object 'Object Repository/Page_The Story and Evolution of Doodles - G_6e786d/h2_Weve created more than 5,000 Doodles ove_111429' is visible

17-06-2024T18:24:56 - [MESSAGE][PASSED] - Object 'Object Repository/Page_The Story and Evolution of Doodles - G_6e786d/h2_Weve created more than 5,000 Doodles ove_111429' is visible

17-06-2024T18:24:56 - [TEST_STEP][PASSED] - click(findTestObject("Object Repository/Page_The Story and Evolution of Doodles - G_6e786d/p_The first Doodle was a simple out-of-offi_345e61")): Object: 'Object Repository/Page_The Story and Evolution of Doodles - G_6e786d/p_The first Doodle was a simple out-of-offi_345e61' is clicked on

17-06-2024T18:24:57 - [MESSAGE][PASSED] - Object: 'Object Repository/Page_The Story and Evolution of Doodles - G_6e786d/p_The first Doodle was a simple out-of-offi_345e61' is clicked on

17-06-2024T18:24:57 - [TEST_STEP][PASSED] - verifyElementVisible(findTestObject("Object Repository/Page_The Story and Evolution of Doodles - G_6e786d/h1_The story behind Doodles")): Object 'Object Repository/Page_The Story and Evolution of Doodles - G_6e786d/h1_The story behind Doodles' is visible

17-06-2024T18:24:57 - [MESSAGE][PASSED] - Object 'Object Repository/Page_The Story and Evolution of Doodles - G_6e786d/h1_The story behind Doodles' is visible

17-06-2024T18:24:57 - [TEST_STEP][PASSED] - verifyElementVisible(findTestObject("Object Repository/Page_The Story and Evolution of Doodles - G_6e786d/p_The first Doodle was a simple out-of-offi_345e61")): Object 'Object Repository/Page_The Story and Evolution of Doodles - G_6e786d/p_The first Doodle was a simple out-of-offi_345e61' is visible

17-06-2024T18:24:58 - [MESSAGE][PASSED] - Object 'Object Repository/Page_The Story and Evolution of Doodles - G_6e786d/p_The first Doodle was a simple out-of-offi_345e61' is visible

17-06-2024T18:24:58 - [TEST_STEP][PASSED] - verifyElementVisible(findTestObject("Object Repository/Page_The Story and Evolution of Doodles - G_6e786d/h2_Weve created more than 5,000 Doodles ove_111429")): Object 'Object Repository/Page_The Story and Evolution of Doodles - G_6e786d/h2_Weve created more than 5,000 Doodles ove_111429' is visible

17-06-2024T18:24:58 - [MESSAGE][PASSED] - Object 'Object Repository/Page_The Story and Evolution of Doodles - G_6e786d/h2_Weve created more than 5,000 Doodles ove_111429' is visible

17-06-2024T18:24:58 - [TEST_STEP][PASSED] - click(findTestObject("Object Repository/Page_The Story and Evolution of Doodles - G_6e786d/p_The first Doodle was a simple out-of-offi_345e61")): Object: 'Object Repository/Page_The Story and Evolution of Doodles - G_6e786d/p_The first Doodle was a simple out-of-offi_345e61' is clicked on

17-06-2024T18:24:58 - [MESSAGE][PASSED] - Object: 'Object Repository/Page_The Story and Evolution of Doodles - G_6e786d/p_The first Doodle was a simple out-of-offi_345e61' is clicked on

17-06-2024T18:24:58 - [TEST_STEP][PASSED] - verifyElementVisible(findTestObject("Object Repository/Page_The Story and Evolution of Doodles - G_6e786d/h1_The story behind Doodles")): Object 'Object Repository/Page_The Story and Evolution of Doodles - G_6e786d/h1_The story behind Doodles' is visible

17-06-2024T18:24:59 - [MESSAGE][PASSED] - Object 'Object Repository/Page_The Story and Evolution of Doodles - G_6e786d/h1_The story behind Doodles' is visible

17-06-2024T18:24:59 - [TEST_STEP][PASSED] - verifyElementVisible(findTestObject("Object Repository/Page_The Story and Evolution of Doodles - G_6e786d/p_The first Doodle was a simple out-of-offi_345e61")): Object 'Object Repository/Page_The Story and Evolution of Doodles - G_6e786d/p_The first Doodle was a simple out-of-offi_345e61' is visible

17-06-2024T18:24:59 - [MESSAGE][PASSED] - Object 'Object Repository/Page_The Story and Evolution of Doodles - G_6e786d/p_The first Doodle was a simple out-of-offi_345e61' is visible

17-06-2024T18:24:59 - [TEST_STEP][PASSED] - verifyElementVisible(findTestObject("Object Repository/Page_The Story and Evolution of Doodles - G_6e786d/h2_Weve created more than 5,000 Doodles ove_111429")): Object 'Object Repository/Page_The Story and Evolution of Doodles - G_6e786d/h2_Weve created more than 5,000 Doodles ove_111429' is visible

17-06-2024T18:24:59 - [MESSAGE][PASSED] - Object 'Object Repository/Page_The Story and Evolution of Doodles - G_6e786d/h2_Weve created more than 5,000 Doodles ove_111429' is visible

17-06-2024T18:24:59 - [TEST_STEP][PASSED] - click(findTestObject("Object Repository/Page_The Story and Evolution of Doodles - G_6e786d/p_The first Doodle was a simple out-of-offi_345e61")): Object: 'Object Repository/Page_The Story and Evolution of Doodles - G_6e786d/p_The first Doodle was a simple out-of-offi_345e61' is clicked on

17-06-2024T18:25:00 - [MESSAGE][PASSED] - Object: 'Object Repository/Page_The Story and Evolution of Doodles - G_6e786d/p_The first Doodle was a simple out-of-offi_345e61' is clicked on

17-06-2024T18:25:00 - [TEST_STEP][PASSED] - verifyElementVisible(findTestObject("Object Repository/Page_The Story and Evolution of Doodles - G_6e786d/h1_The story behind Doodles")): Object 'Object Repository/Page_The Story and Evolution of Doodles - G_6e786d/h1_The story behind Doodles' is visible

17-06-2024T18:25:00 - [MESSAGE][PASSED] - Object 'Object Repository/Page_The Story and Evolution of Doodles - G_6e786d/h1_The story behind Doodles' is visible

17-06-2024T18:25:00 - [TEST_STEP][PASSED] - verifyElementVisible(findTestObject("Object Repository/Page_The Story and Evolution of Doodles - G_6e786d/p_The first Doodle was a simple out-of-offi_345e61")): Object 'Object Repository/Page_The Story and Evolution of Doodles - G_6e786d/p_The first Doodle was a simple out-of-offi_345e61' is visible

17-06-2024T18:25:00 - [MESSAGE][PASSED] - Object 'Object Repository/Page_The Story and Evolution of Doodles - G_6e786d/p_The first Doodle was a simple out-of-offi_345e61' is visible

17-06-2024T18:25:00 - [TEST_STEP][PASSED] - verifyElementVisible(findTestObject("Object Repository/Page_The Story and Evolution of Doodles - G_6e786d/h2_Weve created more than 5,000 Doodles ove_111429")): Object 'Object Repository/Page_The Story and Evolution of Doodles - G_6e786d/h2_Weve created more than 5,000 Doodles ove_111429' is visible

17-06-2024T18:25:01 - [MESSAGE][PASSED] - Object 'Object Repository/Page_The Story and Evolution of Doodles - G_6e786d/h2_Weve created more than 5,000 Doodles ove_111429' is visible

17-06-2024T18:25:01 - [TEST_STEP][PASSED] - click(findTestObject("Object Repository/Page_The Story and Evolution of Doodles - G_6e786d/p_The first Doodle was a simple out-of-offi_345e61")): Object: 'Object Repository/Page_The Story and Evolution of Doodles - G_6e786d/p_The first Doodle was a simple out-of-offi_345e61' is clicked on

17-06-2024T18:25:01 - [MESSAGE][PASSED] - Object: 'Object Repository/Page_The Story and Evolution of Doodles - G_6e786d/p_The first Doodle was a simple out-of-offi_345e61' is clicked on

17-06-2024T18:25:01 - [TEST_STEP][PASSED] - verifyElementVisible(findTestObject("Object Repository/Page_The Story and Evolution of Doodles - G_6e786d/h1_The story behind Doodles")): Object 'Object Repository/Page_The Story and Evolution of Doodles - G_6e786d/h1_The story behind Doodles' is visible

17-06-2024T18:25:01 - [MESSAGE][PASSED] - Object 'Object Repository/Page_The Story and Evolution of Doodles - G_6e786d/h1_The story behind Doodles' is visible

17-06-2024T18:25:01 - [TEST_STEP][PASSED] - verifyElementVisible(findTestObject("Object Repository/Page_The Story and Evolution of Doodles - G_6e786d/p_The first Doodle was a simple out-of-offi_345e61")): Object 'Object Repository/Page_The Story and Evolution of Doodles - G_6e786d/p_The first Doodle was a simple out-of-offi_345e61' is visible

17-06-2024T18:25:02 - [MESSAGE][PASSED] - Object 'Object Repository/Page_The Story and Evolution of Doodles - G_6e786d/p_The first Doodle was a simple out-of-offi_345e61' is visible

17-06-2024T18:25:02 - [TEST_STEP][PASSED] - verifyElementVisible(findTestObject("Object Repository/Page_The Story and Evolution of Doodles - G_6e786d/h2_Weve created more than 5,000 Doodles ove_111429")): Object 'Object Repository/Page_The Story and Evolution of Doodles - G_6e786d/h2_Weve created more than 5,000 Doodles ove_111429' is visible

17-06-2024T18:25:02 - [MESSAGE][PASSED] - Object 'Object Repository/Page_The Story and Evolution of Doodles - G_6e786d/h2_Weve created more than 5,000 Doodles ove_111429' is visible

17-06-2024T18:25:02 - [TEST_STEP][PASSED] - click(findTestObject("Object Repository/Page_The Story and Evolution of Doodles - G_6e786d/p_The first Doodle was a simple out-of-offi_345e61")): Object: 'Object Repository/Page_The Story and Evolution of Doodles - G_6e786d/p_The first Doodle was a simple out-of-offi_345e61' is clicked on

17-06-2024T18:25:02 - [MESSAGE][PASSED] - Object: 'Object Repository/Page_The Story and Evolution of Doodles - G_6e786d/p_The first Doodle was a simple out-of-offi_345e61' is clicked on

17-06-2024T18:25:02 - [TEST_STEP][PASSED] - verifyElementVisible(findTestObject("Object Repository/Page_The Story and Evolution of Doodles - G_6e786d/h1_The story behind Doodles")): Object 'Object Repository/Page_The Story and Evolution of Doodles - G_6e786d/h1_The story behind Doodles' is visible

17-06-2024T18:25:03 - [MESSAGE][PASSED] - Object 'Object Repository/Page_The Story and Evolution of Doodles - G_6e786d/h1_The story behind Doodles' is visible

17-06-2024T18:25:03 - [TEST_STEP][PASSED] - verifyElementVisible(findTestObject("Object Repository/Page_The Story and Evolution of Doodles - G_6e786d/p_The first Doodle was a simple out-of-offi_345e61")): Object 'Object Repository/Page_The Story and Evolution of Doodles - G_6e786d/p_The first Doodle was a simple out-of-offi_345e61' is visible

17-06-2024T18:25:03 - [MESSAGE][PASSED] - Object 'Object Repository/Page_The Story and Evolution of Doodles - G_6e786d/p_The first Doodle was a simple out-of-offi_345e61' is visible

17-06-2024T18:25:03 - [TEST_STEP][PASSED] - verifyElementVisible(findTestObject("Object Repository/Page_The Story and Evolution of Doodles - G_6e786d/h2_Weve created more than 5,000 Doodles ove_111429")): Object 'Object Repository/Page_The Story and Evolution of Doodles - G_6e786d/h2_Weve created more than 5,000 Doodles ove_111429' is visible

17-06-2024T18:25:03 - [MESSAGE][PASSED] - Object 'Object Repository/Page_The Story and Evolution of Doodles - G_6e786d/h2_Weve created more than 5,000 Doodles ove_111429' is visible]]></system-out>
         <system-err><![CDATA[]]></system-err>
      </testcase>
      <testcase name="Test Cases/test case folder 1/tc1 - Copy (4) - Copy (6)" time="19.256" classname="Test Cases/test case folder 1/tc1 - Copy (4) - Copy (6)" status="PASSED">
         <system-out><![CDATA[17-06-2024T18:25:03 - [TEST_CASE][PASSED] - Test Cases/test case folder 1/tc1 - Copy (4) - Copy (6): Test Cases/test case folder 1/tc1 - Copy (4) - Copy (6)

17-06-2024T18:25:03 - [TEST_STEP][PASSED] - openBrowser(""): Browser is opened with url: ''

17-06-2024T18:25:03 - [MESSAGE][WARNING] - A browser is already opened. Closing browser and opening a new one

17-06-2024T18:25:04 - [MESSAGE][INFO] - Starting 'Chrome (headless)' driver

17-06-2024T18:25:04 - [MESSAGE][INFO] - Action delay is set to 0 milliseconds

17-06-2024T18:25:05 - [MESSAGE][PASSED] - Browser is opened with url: ''

17-06-2024T18:25:05 - [TEST_STEP][PASSED] - navigateToUrl("https://doodles.google/about/"): Navigate to 'https://doodles.google/about/' successfully

17-06-2024T18:25:07 - [MESSAGE][PASSED] - Navigate to 'https://doodles.google/about/' successfully

17-06-2024T18:25:07 - [TEST_STEP][PASSED] - click(findTestObject("Object Repository/Page_The Story and Evolution of Doodles - G_6e786d/p_The first Doodle was a simple out-of-offi_345e61")): Object: 'Object Repository/Page_The Story and Evolution of Doodles - G_6e786d/p_The first Doodle was a simple out-of-offi_345e61' is clicked on

17-06-2024T18:25:08 - [MESSAGE][PASSED] - Object: 'Object Repository/Page_The Story and Evolution of Doodles - G_6e786d/p_The first Doodle was a simple out-of-offi_345e61' is clicked on

17-06-2024T18:25:08 - [TEST_STEP][PASSED] - click(findTestObject("Object Repository/Page_The Story and Evolution of Doodles - G_6e786d/p_The first Doodle was a simple out-of-offi_345e61")): Object: 'Object Repository/Page_The Story and Evolution of Doodles - G_6e786d/p_The first Doodle was a simple out-of-offi_345e61' is clicked on

17-06-2024T18:25:08 - [MESSAGE][PASSED] - Object: 'Object Repository/Page_The Story and Evolution of Doodles - G_6e786d/p_The first Doodle was a simple out-of-offi_345e61' is clicked on

17-06-2024T18:25:08 - [TEST_STEP][PASSED] - verifyElementVisible(findTestObject("Object Repository/Page_The Story and Evolution of Doodles - G_6e786d/h1_The story behind Doodles")): Object 'Object Repository/Page_The Story and Evolution of Doodles - G_6e786d/h1_The story behind Doodles' is visible

17-06-2024T18:25:08 - [MESSAGE][PASSED] - Object 'Object Repository/Page_The Story and Evolution of Doodles - G_6e786d/h1_The story behind Doodles' is visible

17-06-2024T18:25:08 - [TEST_STEP][PASSED] - verifyElementVisible(findTestObject("Object Repository/Page_The Story and Evolution of Doodles - G_6e786d/p_The first Doodle was a simple out-of-offi_345e61")): Object 'Object Repository/Page_The Story and Evolution of Doodles - G_6e786d/p_The first Doodle was a simple out-of-offi_345e61' is visible

17-06-2024T18:25:09 - [MESSAGE][PASSED] - Object 'Object Repository/Page_The Story and Evolution of Doodles - G_6e786d/p_The first Doodle was a simple out-of-offi_345e61' is visible

17-06-2024T18:25:09 - [TEST_STEP][PASSED] - verifyElementVisible(findTestObject("Object Repository/Page_The Story and Evolution of Doodles - G_6e786d/h2_Weve created more than 5,000 Doodles ove_111429")): Object 'Object Repository/Page_The Story and Evolution of Doodles - G_6e786d/h2_Weve created more than 5,000 Doodles ove_111429' is visible

17-06-2024T18:25:09 - [MESSAGE][PASSED] - Object 'Object Repository/Page_The Story and Evolution of Doodles - G_6e786d/h2_Weve created more than 5,000 Doodles ove_111429' is visible

17-06-2024T18:25:09 - [TEST_STEP][PASSED] - verifyElementVisible(findTestObject("Object Repository/Page_The Story and Evolution of Doodles - G_6e786d/h1_The story behind Doodles")): Object 'Object Repository/Page_The Story and Evolution of Doodles - G_6e786d/h1_The story behind Doodles' is visible

17-06-2024T18:25:09 - [MESSAGE][PASSED] - Object 'Object Repository/Page_The Story and Evolution of Doodles - G_6e786d/h1_The story behind Doodles' is visible

17-06-2024T18:25:09 - [TEST_STEP][PASSED] - verifyElementVisible(findTestObject("Object Repository/Page_The Story and Evolution of Doodles - G_6e786d/p_The first Doodle was a simple out-of-offi_345e61")): Object 'Object Repository/Page_The Story and Evolution of Doodles - G_6e786d/p_The first Doodle was a simple out-of-offi_345e61' is visible

17-06-2024T18:25:10 - [MESSAGE][PASSED] - Object 'Object Repository/Page_The Story and Evolution of Doodles - G_6e786d/p_The first Doodle was a simple out-of-offi_345e61' is visible

17-06-2024T18:25:10 - [TEST_STEP][PASSED] - verifyElementVisible(findTestObject("Object Repository/Page_The Story and Evolution of Doodles - G_6e786d/h2_Weve created more than 5,000 Doodles ove_111429")): Object 'Object Repository/Page_The Story and Evolution of Doodles - G_6e786d/h2_Weve created more than 5,000 Doodles ove_111429' is visible

17-06-2024T18:25:10 - [MESSAGE][PASSED] - Object 'Object Repository/Page_The Story and Evolution of Doodles - G_6e786d/h2_Weve created more than 5,000 Doodles ove_111429' is visible

17-06-2024T18:25:10 - [TEST_STEP][PASSED] - click(findTestObject("Object Repository/Page_The Story and Evolution of Doodles - G_6e786d/p_The first Doodle was a simple out-of-offi_345e61")): Object: 'Object Repository/Page_The Story and Evolution of Doodles - G_6e786d/p_The first Doodle was a simple out-of-offi_345e61' is clicked on

17-06-2024T18:25:11 - [MESSAGE][PASSED] - Object: 'Object Repository/Page_The Story and Evolution of Doodles - G_6e786d/p_The first Doodle was a simple out-of-offi_345e61' is clicked on

17-06-2024T18:25:11 - [TEST_STEP][PASSED] - verifyElementVisible(findTestObject("Object Repository/Page_The Story and Evolution of Doodles - G_6e786d/h1_The story behind Doodles")): Object 'Object Repository/Page_The Story and Evolution of Doodles - G_6e786d/h1_The story behind Doodles' is visible

17-06-2024T18:25:11 - [MESSAGE][PASSED] - Object 'Object Repository/Page_The Story and Evolution of Doodles - G_6e786d/h1_The story behind Doodles' is visible

17-06-2024T18:25:11 - [TEST_STEP][PASSED] - verifyElementVisible(findTestObject("Object Repository/Page_The Story and Evolution of Doodles - G_6e786d/p_The first Doodle was a simple out-of-offi_345e61")): Object 'Object Repository/Page_The Story and Evolution of Doodles - G_6e786d/p_The first Doodle was a simple out-of-offi_345e61' is visible

17-06-2024T18:25:11 - [MESSAGE][PASSED] - Object 'Object Repository/Page_The Story and Evolution of Doodles - G_6e786d/p_The first Doodle was a simple out-of-offi_345e61' is visible

17-06-2024T18:25:11 - [TEST_STEP][PASSED] - verifyElementVisible(findTestObject("Object Repository/Page_The Story and Evolution of Doodles - G_6e786d/h2_Weve created more than 5,000 Doodles ove_111429")): Object 'Object Repository/Page_The Story and Evolution of Doodles - G_6e786d/h2_Weve created more than 5,000 Doodles ove_111429' is visible

17-06-2024T18:25:12 - [MESSAGE][PASSED] - Object 'Object Repository/Page_The Story and Evolution of Doodles - G_6e786d/h2_Weve created more than 5,000 Doodles ove_111429' is visible

17-06-2024T18:25:12 - [TEST_STEP][PASSED] - click(findTestObject("Object Repository/Page_The Story and Evolution of Doodles - G_6e786d/p_The first Doodle was a simple out-of-offi_345e61")): Object: 'Object Repository/Page_The Story and Evolution of Doodles - G_6e786d/p_The first Doodle was a simple out-of-offi_345e61' is clicked on

17-06-2024T18:25:12 - [MESSAGE][PASSED] - Object: 'Object Repository/Page_The Story and Evolution of Doodles - G_6e786d/p_The first Doodle was a simple out-of-offi_345e61' is clicked on

17-06-2024T18:25:12 - [TEST_STEP][PASSED] - verifyElementVisible(findTestObject("Object Repository/Page_The Story and Evolution of Doodles - G_6e786d/h1_The story behind Doodles")): Object 'Object Repository/Page_The Story and Evolution of Doodles - G_6e786d/h1_The story behind Doodles' is visible

17-06-2024T18:25:12 - [MESSAGE][PASSED] - Object 'Object Repository/Page_The Story and Evolution of Doodles - G_6e786d/h1_The story behind Doodles' is visible

17-06-2024T18:25:12 - [TEST_STEP][PASSED] - verifyElementVisible(findTestObject("Object Repository/Page_The Story and Evolution of Doodles - G_6e786d/p_The first Doodle was a simple out-of-offi_345e61")): Object 'Object Repository/Page_The Story and Evolution of Doodles - G_6e786d/p_The first Doodle was a simple out-of-offi_345e61' is visible

17-06-2024T18:25:12 - [MESSAGE][PASSED] - Object 'Object Repository/Page_The Story and Evolution of Doodles - G_6e786d/p_The first Doodle was a simple out-of-offi_345e61' is visible

17-06-2024T18:25:12 - [TEST_STEP][PASSED] - verifyElementVisible(findTestObject("Object Repository/Page_The Story and Evolution of Doodles - G_6e786d/h2_Weve created more than 5,000 Doodles ove_111429")): Object 'Object Repository/Page_The Story and Evolution of Doodles - G_6e786d/h2_Weve created more than 5,000 Doodles ove_111429' is visible

17-06-2024T18:25:13 - [MESSAGE][PASSED] - Object 'Object Repository/Page_The Story and Evolution of Doodles - G_6e786d/h2_Weve created more than 5,000 Doodles ove_111429' is visible

17-06-2024T18:25:13 - [TEST_STEP][PASSED] - click(findTestObject("Object Repository/Page_The Story and Evolution of Doodles - G_6e786d/p_The first Doodle was a simple out-of-offi_345e61")): Object: 'Object Repository/Page_The Story and Evolution of Doodles - G_6e786d/p_The first Doodle was a simple out-of-offi_345e61' is clicked on

17-06-2024T18:25:13 - [MESSAGE][PASSED] - Object: 'Object Repository/Page_The Story and Evolution of Doodles - G_6e786d/p_The first Doodle was a simple out-of-offi_345e61' is clicked on

17-06-2024T18:25:13 - [TEST_STEP][PASSED] - verifyElementVisible(findTestObject("Object Repository/Page_The Story and Evolution of Doodles - G_6e786d/h1_The story behind Doodles")): Object 'Object Repository/Page_The Story and Evolution of Doodles - G_6e786d/h1_The story behind Doodles' is visible

17-06-2024T18:25:14 - [MESSAGE][PASSED] - Object 'Object Repository/Page_The Story and Evolution of Doodles - G_6e786d/h1_The story behind Doodles' is visible

17-06-2024T18:25:14 - [TEST_STEP][PASSED] - verifyElementVisible(findTestObject("Object Repository/Page_The Story and Evolution of Doodles - G_6e786d/p_The first Doodle was a simple out-of-offi_345e61")): Object 'Object Repository/Page_The Story and Evolution of Doodles - G_6e786d/p_The first Doodle was a simple out-of-offi_345e61' is visible

17-06-2024T18:25:14 - [MESSAGE][PASSED] - Object 'Object Repository/Page_The Story and Evolution of Doodles - G_6e786d/p_The first Doodle was a simple out-of-offi_345e61' is visible

17-06-2024T18:25:14 - [TEST_STEP][PASSED] - verifyElementVisible(findTestObject("Object Repository/Page_The Story and Evolution of Doodles - G_6e786d/h2_Weve created more than 5,000 Doodles ove_111429")): Object 'Object Repository/Page_The Story and Evolution of Doodles - G_6e786d/h2_Weve created more than 5,000 Doodles ove_111429' is visible

17-06-2024T18:25:14 - [MESSAGE][PASSED] - Object 'Object Repository/Page_The Story and Evolution of Doodles - G_6e786d/h2_Weve created more than 5,000 Doodles ove_111429' is visible

17-06-2024T18:25:14 - [TEST_STEP][PASSED] - click(findTestObject("Object Repository/Page_The Story and Evolution of Doodles - G_6e786d/p_The first Doodle was a simple out-of-offi_345e61")): Object: 'Object Repository/Page_The Story and Evolution of Doodles - G_6e786d/p_The first Doodle was a simple out-of-offi_345e61' is clicked on

17-06-2024T18:25:15 - [MESSAGE][PASSED] - Object: 'Object Repository/Page_The Story and Evolution of Doodles - G_6e786d/p_The first Doodle was a simple out-of-offi_345e61' is clicked on

17-06-2024T18:25:15 - [TEST_STEP][PASSED] - verifyElementVisible(findTestObject("Object Repository/Page_The Story and Evolution of Doodles - G_6e786d/h1_The story behind Doodles")): Object 'Object Repository/Page_The Story and Evolution of Doodles - G_6e786d/h1_The story behind Doodles' is visible

17-06-2024T18:25:15 - [MESSAGE][PASSED] - Object 'Object Repository/Page_The Story and Evolution of Doodles - G_6e786d/h1_The story behind Doodles' is visible

17-06-2024T18:25:15 - [TEST_STEP][PASSED] - verifyElementVisible(findTestObject("Object Repository/Page_The Story and Evolution of Doodles - G_6e786d/p_The first Doodle was a simple out-of-offi_345e61")): Object 'Object Repository/Page_The Story and Evolution of Doodles - G_6e786d/p_The first Doodle was a simple out-of-offi_345e61' is visible

17-06-2024T18:25:15 - [MESSAGE][PASSED] - Object 'Object Repository/Page_The Story and Evolution of Doodles - G_6e786d/p_The first Doodle was a simple out-of-offi_345e61' is visible

17-06-2024T18:25:15 - [TEST_STEP][PASSED] - verifyElementVisible(findTestObject("Object Repository/Page_The Story and Evolution of Doodles - G_6e786d/h2_Weve created more than 5,000 Doodles ove_111429")): Object 'Object Repository/Page_The Story and Evolution of Doodles - G_6e786d/h2_Weve created more than 5,000 Doodles ove_111429' is visible

17-06-2024T18:25:16 - [MESSAGE][PASSED] - Object 'Object Repository/Page_The Story and Evolution of Doodles - G_6e786d/h2_Weve created more than 5,000 Doodles ove_111429' is visible

17-06-2024T18:25:16 - [TEST_STEP][PASSED] - click(findTestObject("Object Repository/Page_The Story and Evolution of Doodles - G_6e786d/p_The first Doodle was a simple out-of-offi_345e61")): Object: 'Object Repository/Page_The Story and Evolution of Doodles - G_6e786d/p_The first Doodle was a simple out-of-offi_345e61' is clicked on

17-06-2024T18:25:16 - [MESSAGE][PASSED] - Object: 'Object Repository/Page_The Story and Evolution of Doodles - G_6e786d/p_The first Doodle was a simple out-of-offi_345e61' is clicked on

17-06-2024T18:25:16 - [TEST_STEP][PASSED] - verifyElementVisible(findTestObject("Object Repository/Page_The Story and Evolution of Doodles - G_6e786d/h1_The story behind Doodles")): Object 'Object Repository/Page_The Story and Evolution of Doodles - G_6e786d/h1_The story behind Doodles' is visible

17-06-2024T18:25:16 - [MESSAGE][PASSED] - Object 'Object Repository/Page_The Story and Evolution of Doodles - G_6e786d/h1_The story behind Doodles' is visible

17-06-2024T18:25:16 - [TEST_STEP][PASSED] - verifyElementVisible(findTestObject("Object Repository/Page_The Story and Evolution of Doodles - G_6e786d/p_The first Doodle was a simple out-of-offi_345e61")): Object 'Object Repository/Page_The Story and Evolution of Doodles - G_6e786d/p_The first Doodle was a simple out-of-offi_345e61' is visible

17-06-2024T18:25:17 - [MESSAGE][PASSED] - Object 'Object Repository/Page_The Story and Evolution of Doodles - G_6e786d/p_The first Doodle was a simple out-of-offi_345e61' is visible

17-06-2024T18:25:17 - [TEST_STEP][PASSED] - verifyElementVisible(findTestObject("Object Repository/Page_The Story and Evolution of Doodles - G_6e786d/h2_Weve created more than 5,000 Doodles ove_111429")): Object 'Object Repository/Page_The Story and Evolution of Doodles - G_6e786d/h2_Weve created more than 5,000 Doodles ove_111429' is visible

17-06-2024T18:25:17 - [MESSAGE][PASSED] - Object 'Object Repository/Page_The Story and Evolution of Doodles - G_6e786d/h2_Weve created more than 5,000 Doodles ove_111429' is visible

17-06-2024T18:25:17 - [TEST_STEP][PASSED] - click(findTestObject("Object Repository/Page_The Story and Evolution of Doodles - G_6e786d/p_The first Doodle was a simple out-of-offi_345e61")): Object: 'Object Repository/Page_The Story and Evolution of Doodles - G_6e786d/p_The first Doodle was a simple out-of-offi_345e61' is clicked on

17-06-2024T18:25:17 - [MESSAGE][PASSED] - Object: 'Object Repository/Page_The Story and Evolution of Doodles - G_6e786d/p_The first Doodle was a simple out-of-offi_345e61' is clicked on

17-06-2024T18:25:17 - [TEST_STEP][PASSED] - verifyElementVisible(findTestObject("Object Repository/Page_The Story and Evolution of Doodles - G_6e786d/h1_The story behind Doodles")): Object 'Object Repository/Page_The Story and Evolution of Doodles - G_6e786d/h1_The story behind Doodles' is visible

17-06-2024T18:25:18 - [MESSAGE][PASSED] - Object 'Object Repository/Page_The Story and Evolution of Doodles - G_6e786d/h1_The story behind Doodles' is visible

17-06-2024T18:25:18 - [TEST_STEP][PASSED] - verifyElementVisible(findTestObject("Object Repository/Page_The Story and Evolution of Doodles - G_6e786d/p_The first Doodle was a simple out-of-offi_345e61")): Object 'Object Repository/Page_The Story and Evolution of Doodles - G_6e786d/p_The first Doodle was a simple out-of-offi_345e61' is visible

17-06-2024T18:25:18 - [MESSAGE][PASSED] - Object 'Object Repository/Page_The Story and Evolution of Doodles - G_6e786d/p_The first Doodle was a simple out-of-offi_345e61' is visible

17-06-2024T18:25:18 - [TEST_STEP][PASSED] - verifyElementVisible(findTestObject("Object Repository/Page_The Story and Evolution of Doodles - G_6e786d/h2_Weve created more than 5,000 Doodles ove_111429")): Object 'Object Repository/Page_The Story and Evolution of Doodles - G_6e786d/h2_Weve created more than 5,000 Doodles ove_111429' is visible

17-06-2024T18:25:18 - [MESSAGE][PASSED] - Object 'Object Repository/Page_The Story and Evolution of Doodles - G_6e786d/h2_Weve created more than 5,000 Doodles ove_111429' is visible

17-06-2024T18:25:18 - [TEST_STEP][PASSED] - click(findTestObject("Object Repository/Page_The Story and Evolution of Doodles - G_6e786d/p_The first Doodle was a simple out-of-offi_345e61")): Object: 'Object Repository/Page_The Story and Evolution of Doodles - G_6e786d/p_The first Doodle was a simple out-of-offi_345e61' is clicked on

17-06-2024T18:25:19 - [MESSAGE][PASSED] - Object: 'Object Repository/Page_The Story and Evolution of Doodles - G_6e786d/p_The first Doodle was a simple out-of-offi_345e61' is clicked on

17-06-2024T18:25:19 - [TEST_STEP][PASSED] - verifyElementVisible(findTestObject("Object Repository/Page_The Story and Evolution of Doodles - G_6e786d/h1_The story behind Doodles")): Object 'Object Repository/Page_The Story and Evolution of Doodles - G_6e786d/h1_The story behind Doodles' is visible

17-06-2024T18:25:19 - [MESSAGE][PASSED] - Object 'Object Repository/Page_The Story and Evolution of Doodles - G_6e786d/h1_The story behind Doodles' is visible

17-06-2024T18:25:19 - [TEST_STEP][PASSED] - verifyElementVisible(findTestObject("Object Repository/Page_The Story and Evolution of Doodles - G_6e786d/p_The first Doodle was a simple out-of-offi_345e61")): Object 'Object Repository/Page_The Story and Evolution of Doodles - G_6e786d/p_The first Doodle was a simple out-of-offi_345e61' is visible

17-06-2024T18:25:19 - [MESSAGE][PASSED] - Object 'Object Repository/Page_The Story and Evolution of Doodles - G_6e786d/p_The first Doodle was a simple out-of-offi_345e61' is visible

17-06-2024T18:25:19 - [TEST_STEP][PASSED] - verifyElementVisible(findTestObject("Object Repository/Page_The Story and Evolution of Doodles - G_6e786d/h2_Weve created more than 5,000 Doodles ove_111429")): Object 'Object Repository/Page_The Story and Evolution of Doodles - G_6e786d/h2_Weve created more than 5,000 Doodles ove_111429' is visible

17-06-2024T18:25:20 - [MESSAGE][PASSED] - Object 'Object Repository/Page_The Story and Evolution of Doodles - G_6e786d/h2_Weve created more than 5,000 Doodles ove_111429' is visible

17-06-2024T18:25:20 - [TEST_STEP][PASSED] - click(findTestObject("Object Repository/Page_The Story and Evolution of Doodles - G_6e786d/p_The first Doodle was a simple out-of-offi_345e61")): Object: 'Object Repository/Page_The Story and Evolution of Doodles - G_6e786d/p_The first Doodle was a simple out-of-offi_345e61' is clicked on

17-06-2024T18:25:20 - [MESSAGE][PASSED] - Object: 'Object Repository/Page_The Story and Evolution of Doodles - G_6e786d/p_The first Doodle was a simple out-of-offi_345e61' is clicked on

17-06-2024T18:25:20 - [TEST_STEP][PASSED] - verifyElementVisible(findTestObject("Object Repository/Page_The Story and Evolution of Doodles - G_6e786d/h1_The story behind Doodles")): Object 'Object Repository/Page_The Story and Evolution of Doodles - G_6e786d/h1_The story behind Doodles' is visible

17-06-2024T18:25:21 - [MESSAGE][PASSED] - Object 'Object Repository/Page_The Story and Evolution of Doodles - G_6e786d/h1_The story behind Doodles' is visible

17-06-2024T18:25:21 - [TEST_STEP][PASSED] - verifyElementVisible(findTestObject("Object Repository/Page_The Story and Evolution of Doodles - G_6e786d/p_The first Doodle was a simple out-of-offi_345e61")): Object 'Object Repository/Page_The Story and Evolution of Doodles - G_6e786d/p_The first Doodle was a simple out-of-offi_345e61' is visible

17-06-2024T18:25:21 - [MESSAGE][PASSED] - Object 'Object Repository/Page_The Story and Evolution of Doodles - G_6e786d/p_The first Doodle was a simple out-of-offi_345e61' is visible

17-06-2024T18:25:21 - [TEST_STEP][PASSED] - verifyElementVisible(findTestObject("Object Repository/Page_The Story and Evolution of Doodles - G_6e786d/h2_Weve created more than 5,000 Doodles ove_111429")): Object 'Object Repository/Page_The Story and Evolution of Doodles - G_6e786d/h2_Weve created more than 5,000 Doodles ove_111429' is visible

17-06-2024T18:25:21 - [MESSAGE][PASSED] - Object 'Object Repository/Page_The Story and Evolution of Doodles - G_6e786d/h2_Weve created more than 5,000 Doodles ove_111429' is visible

17-06-2024T18:25:21 - [TEST_STEP][PASSED] - click(findTestObject("Object Repository/Page_The Story and Evolution of Doodles - G_6e786d/p_The first Doodle was a simple out-of-offi_345e61")): Object: 'Object Repository/Page_The Story and Evolution of Doodles - G_6e786d/p_The first Doodle was a simple out-of-offi_345e61' is clicked on

17-06-2024T18:25:22 - [MESSAGE][PASSED] - Object: 'Object Repository/Page_The Story and Evolution of Doodles - G_6e786d/p_The first Doodle was a simple out-of-offi_345e61' is clicked on

17-06-2024T18:25:22 - [TEST_STEP][PASSED] - verifyElementVisible(findTestObject("Object Repository/Page_The Story and Evolution of Doodles - G_6e786d/h1_The story behind Doodles")): Object 'Object Repository/Page_The Story and Evolution of Doodles - G_6e786d/h1_The story behind Doodles' is visible

17-06-2024T18:25:22 - [MESSAGE][PASSED] - Object 'Object Repository/Page_The Story and Evolution of Doodles - G_6e786d/h1_The story behind Doodles' is visible

17-06-2024T18:25:22 - [TEST_STEP][PASSED] - verifyElementVisible(findTestObject("Object Repository/Page_The Story and Evolution of Doodles - G_6e786d/p_The first Doodle was a simple out-of-offi_345e61")): Object 'Object Repository/Page_The Story and Evolution of Doodles - G_6e786d/p_The first Doodle was a simple out-of-offi_345e61' is visible

17-06-2024T18:25:22 - [MESSAGE][PASSED] - Object 'Object Repository/Page_The Story and Evolution of Doodles - G_6e786d/p_The first Doodle was a simple out-of-offi_345e61' is visible

17-06-2024T18:25:22 - [TEST_STEP][PASSED] - verifyElementVisible(findTestObject("Object Repository/Page_The Story and Evolution of Doodles - G_6e786d/h2_Weve created more than 5,000 Doodles ove_111429")): Object 'Object Repository/Page_The Story and Evolution of Doodles - G_6e786d/h2_Weve created more than 5,000 Doodles ove_111429' is visible

17-06-2024T18:25:23 - [MESSAGE][PASSED] - Object 'Object Repository/Page_The Story and Evolution of Doodles - G_6e786d/h2_Weve created more than 5,000 Doodles ove_111429' is visible]]></system-out>
         <system-err><![CDATA[]]></system-err>
      </testcase>
      <testcase name="Test Cases/test case folder 1/tc1 - Copy (4) - Copy" time="19.713" classname="Test Cases/test case folder 1/tc1 - Copy (4) - Copy" status="PASSED">
         <system-out><![CDATA[17-06-2024T18:25:23 - [TEST_CASE][PASSED] - Test Cases/test case folder 1/tc1 - Copy (4) - Copy: Test Cases/test case folder 1/tc1 - Copy (4) - Copy

17-06-2024T18:25:23 - [TEST_STEP][PASSED] - openBrowser(""): Browser is opened with url: ''

17-06-2024T18:25:23 - [MESSAGE][WARNING] - A browser is already opened. Closing browser and opening a new one

17-06-2024T18:25:23 - [MESSAGE][INFO] - Starting 'Chrome (headless)' driver

17-06-2024T18:25:23 - [MESSAGE][INFO] - Action delay is set to 0 milliseconds

17-06-2024T18:25:24 - [MESSAGE][PASSED] - Browser is opened with url: ''

17-06-2024T18:25:24 - [TEST_STEP][PASSED] - navigateToUrl("https://doodles.google/about/"): Navigate to 'https://doodles.google/about/' successfully

17-06-2024T18:25:27 - [MESSAGE][PASSED] - Navigate to 'https://doodles.google/about/' successfully

17-06-2024T18:25:27 - [TEST_STEP][PASSED] - click(findTestObject("Object Repository/Page_The Story and Evolution of Doodles - G_6e786d/p_The first Doodle was a simple out-of-offi_345e61")): Object: 'Object Repository/Page_The Story and Evolution of Doodles - G_6e786d/p_The first Doodle was a simple out-of-offi_345e61' is clicked on

17-06-2024T18:25:28 - [MESSAGE][PASSED] - Object: 'Object Repository/Page_The Story and Evolution of Doodles - G_6e786d/p_The first Doodle was a simple out-of-offi_345e61' is clicked on

17-06-2024T18:25:28 - [TEST_STEP][PASSED] - click(findTestObject("Object Repository/Page_The Story and Evolution of Doodles - G_6e786d/p_The first Doodle was a simple out-of-offi_345e61")): Object: 'Object Repository/Page_The Story and Evolution of Doodles - G_6e786d/p_The first Doodle was a simple out-of-offi_345e61' is clicked on

17-06-2024T18:25:28 - [MESSAGE][PASSED] - Object: 'Object Repository/Page_The Story and Evolution of Doodles - G_6e786d/p_The first Doodle was a simple out-of-offi_345e61' is clicked on

17-06-2024T18:25:28 - [TEST_STEP][PASSED] - verifyElementVisible(findTestObject("Object Repository/Page_The Story and Evolution of Doodles - G_6e786d/h1_The story behind Doodles")): Object 'Object Repository/Page_The Story and Evolution of Doodles - G_6e786d/h1_The story behind Doodles' is visible

17-06-2024T18:25:28 - [MESSAGE][PASSED] - Object 'Object Repository/Page_The Story and Evolution of Doodles - G_6e786d/h1_The story behind Doodles' is visible

17-06-2024T18:25:28 - [TEST_STEP][PASSED] - verifyElementVisible(findTestObject("Object Repository/Page_The Story and Evolution of Doodles - G_6e786d/p_The first Doodle was a simple out-of-offi_345e61")): Object 'Object Repository/Page_The Story and Evolution of Doodles - G_6e786d/p_The first Doodle was a simple out-of-offi_345e61' is visible

17-06-2024T18:25:29 - [MESSAGE][PASSED] - Object 'Object Repository/Page_The Story and Evolution of Doodles - G_6e786d/p_The first Doodle was a simple out-of-offi_345e61' is visible

17-06-2024T18:25:29 - [TEST_STEP][PASSED] - verifyElementVisible(findTestObject("Object Repository/Page_The Story and Evolution of Doodles - G_6e786d/h2_Weve created more than 5,000 Doodles ove_111429")): Object 'Object Repository/Page_The Story and Evolution of Doodles - G_6e786d/h2_Weve created more than 5,000 Doodles ove_111429' is visible

17-06-2024T18:25:29 - [MESSAGE][PASSED] - Object 'Object Repository/Page_The Story and Evolution of Doodles - G_6e786d/h2_Weve created more than 5,000 Doodles ove_111429' is visible

17-06-2024T18:25:29 - [TEST_STEP][PASSED] - verifyElementVisible(findTestObject("Object Repository/Page_The Story and Evolution of Doodles - G_6e786d/h1_The story behind Doodles")): Object 'Object Repository/Page_The Story and Evolution of Doodles - G_6e786d/h1_The story behind Doodles' is visible

17-06-2024T18:25:29 - [MESSAGE][PASSED] - Object 'Object Repository/Page_The Story and Evolution of Doodles - G_6e786d/h1_The story behind Doodles' is visible

17-06-2024T18:25:29 - [TEST_STEP][PASSED] - verifyElementVisible(findTestObject("Object Repository/Page_The Story and Evolution of Doodles - G_6e786d/p_The first Doodle was a simple out-of-offi_345e61")): Object 'Object Repository/Page_The Story and Evolution of Doodles - G_6e786d/p_The first Doodle was a simple out-of-offi_345e61' is visible

17-06-2024T18:25:30 - [MESSAGE][PASSED] - Object 'Object Repository/Page_The Story and Evolution of Doodles - G_6e786d/p_The first Doodle was a simple out-of-offi_345e61' is visible

17-06-2024T18:25:30 - [TEST_STEP][PASSED] - verifyElementVisible(findTestObject("Object Repository/Page_The Story and Evolution of Doodles - G_6e786d/h2_Weve created more than 5,000 Doodles ove_111429")): Object 'Object Repository/Page_The Story and Evolution of Doodles - G_6e786d/h2_Weve created more than 5,000 Doodles ove_111429' is visible

17-06-2024T18:25:30 - [MESSAGE][PASSED] - Object 'Object Repository/Page_The Story and Evolution of Doodles - G_6e786d/h2_Weve created more than 5,000 Doodles ove_111429' is visible

17-06-2024T18:25:30 - [TEST_STEP][PASSED] - click(findTestObject("Object Repository/Page_The Story and Evolution of Doodles - G_6e786d/p_The first Doodle was a simple out-of-offi_345e61")): Object: 'Object Repository/Page_The Story and Evolution of Doodles - G_6e786d/p_The first Doodle was a simple out-of-offi_345e61' is clicked on

17-06-2024T18:25:30 - [MESSAGE][PASSED] - Object: 'Object Repository/Page_The Story and Evolution of Doodles - G_6e786d/p_The first Doodle was a simple out-of-offi_345e61' is clicked on

17-06-2024T18:25:30 - [TEST_STEP][PASSED] - verifyElementVisible(findTestObject("Object Repository/Page_The Story and Evolution of Doodles - G_6e786d/h1_The story behind Doodles")): Object 'Object Repository/Page_The Story and Evolution of Doodles - G_6e786d/h1_The story behind Doodles' is visible

17-06-2024T18:25:31 - [MESSAGE][PASSED] - Object 'Object Repository/Page_The Story and Evolution of Doodles - G_6e786d/h1_The story behind Doodles' is visible

17-06-2024T18:25:31 - [TEST_STEP][PASSED] - verifyElementVisible(findTestObject("Object Repository/Page_The Story and Evolution of Doodles - G_6e786d/p_The first Doodle was a simple out-of-offi_345e61")): Object 'Object Repository/Page_The Story and Evolution of Doodles - G_6e786d/p_The first Doodle was a simple out-of-offi_345e61' is visible

17-06-2024T18:25:31 - [MESSAGE][PASSED] - Object 'Object Repository/Page_The Story and Evolution of Doodles - G_6e786d/p_The first Doodle was a simple out-of-offi_345e61' is visible

17-06-2024T18:25:31 - [TEST_STEP][PASSED] - verifyElementVisible(findTestObject("Object Repository/Page_The Story and Evolution of Doodles - G_6e786d/h2_Weve created more than 5,000 Doodles ove_111429")): Object 'Object Repository/Page_The Story and Evolution of Doodles - G_6e786d/h2_Weve created more than 5,000 Doodles ove_111429' is visible

17-06-2024T18:25:31 - [MESSAGE][PASSED] - Object 'Object Repository/Page_The Story and Evolution of Doodles - G_6e786d/h2_Weve created more than 5,000 Doodles ove_111429' is visible

17-06-2024T18:25:31 - [TEST_STEP][PASSED] - click(findTestObject("Object Repository/Page_The Story and Evolution of Doodles - G_6e786d/p_The first Doodle was a simple out-of-offi_345e61")): Object: 'Object Repository/Page_The Story and Evolution of Doodles - G_6e786d/p_The first Doodle was a simple out-of-offi_345e61' is clicked on

17-06-2024T18:25:32 - [MESSAGE][PASSED] - Object: 'Object Repository/Page_The Story and Evolution of Doodles - G_6e786d/p_The first Doodle was a simple out-of-offi_345e61' is clicked on

17-06-2024T18:25:32 - [TEST_STEP][PASSED] - verifyElementVisible(findTestObject("Object Repository/Page_The Story and Evolution of Doodles - G_6e786d/h1_The story behind Doodles")): Object 'Object Repository/Page_The Story and Evolution of Doodles - G_6e786d/h1_The story behind Doodles' is visible

17-06-2024T18:25:32 - [MESSAGE][PASSED] - Object 'Object Repository/Page_The Story and Evolution of Doodles - G_6e786d/h1_The story behind Doodles' is visible

17-06-2024T18:25:32 - [TEST_STEP][PASSED] - verifyElementVisible(findTestObject("Object Repository/Page_The Story and Evolution of Doodles - G_6e786d/p_The first Doodle was a simple out-of-offi_345e61")): Object 'Object Repository/Page_The Story and Evolution of Doodles - G_6e786d/p_The first Doodle was a simple out-of-offi_345e61' is visible

17-06-2024T18:25:33 - [MESSAGE][PASSED] - Object 'Object Repository/Page_The Story and Evolution of Doodles - G_6e786d/p_The first Doodle was a simple out-of-offi_345e61' is visible

17-06-2024T18:25:33 - [TEST_STEP][PASSED] - verifyElementVisible(findTestObject("Object Repository/Page_The Story and Evolution of Doodles - G_6e786d/h2_Weve created more than 5,000 Doodles ove_111429")): Object 'Object Repository/Page_The Story and Evolution of Doodles - G_6e786d/h2_Weve created more than 5,000 Doodles ove_111429' is visible

17-06-2024T18:25:33 - [MESSAGE][PASSED] - Object 'Object Repository/Page_The Story and Evolution of Doodles - G_6e786d/h2_Weve created more than 5,000 Doodles ove_111429' is visible

17-06-2024T18:25:33 - [TEST_STEP][PASSED] - click(findTestObject("Object Repository/Page_The Story and Evolution of Doodles - G_6e786d/p_The first Doodle was a simple out-of-offi_345e61")): Object: 'Object Repository/Page_The Story and Evolution of Doodles - G_6e786d/p_The first Doodle was a simple out-of-offi_345e61' is clicked on

17-06-2024T18:25:33 - [MESSAGE][PASSED] - Object: 'Object Repository/Page_The Story and Evolution of Doodles - G_6e786d/p_The first Doodle was a simple out-of-offi_345e61' is clicked on

17-06-2024T18:25:33 - [TEST_STEP][PASSED] - verifyElementVisible(findTestObject("Object Repository/Page_The Story and Evolution of Doodles - G_6e786d/h1_The story behind Doodles")): Object 'Object Repository/Page_The Story and Evolution of Doodles - G_6e786d/h1_The story behind Doodles' is visible

17-06-2024T18:25:34 - [MESSAGE][PASSED] - Object 'Object Repository/Page_The Story and Evolution of Doodles - G_6e786d/h1_The story behind Doodles' is visible

17-06-2024T18:25:34 - [TEST_STEP][PASSED] - verifyElementVisible(findTestObject("Object Repository/Page_The Story and Evolution of Doodles - G_6e786d/p_The first Doodle was a simple out-of-offi_345e61")): Object 'Object Repository/Page_The Story and Evolution of Doodles - G_6e786d/p_The first Doodle was a simple out-of-offi_345e61' is visible

17-06-2024T18:25:34 - [MESSAGE][PASSED] - Object 'Object Repository/Page_The Story and Evolution of Doodles - G_6e786d/p_The first Doodle was a simple out-of-offi_345e61' is visible

17-06-2024T18:25:34 - [TEST_STEP][PASSED] - verifyElementVisible(findTestObject("Object Repository/Page_The Story and Evolution of Doodles - G_6e786d/h2_Weve created more than 5,000 Doodles ove_111429")): Object 'Object Repository/Page_The Story and Evolution of Doodles - G_6e786d/h2_Weve created more than 5,000 Doodles ove_111429' is visible

17-06-2024T18:25:34 - [MESSAGE][PASSED] - Object 'Object Repository/Page_The Story and Evolution of Doodles - G_6e786d/h2_Weve created more than 5,000 Doodles ove_111429' is visible

17-06-2024T18:25:34 - [TEST_STEP][PASSED] - click(findTestObject("Object Repository/Page_The Story and Evolution of Doodles - G_6e786d/p_The first Doodle was a simple out-of-offi_345e61")): Object: 'Object Repository/Page_The Story and Evolution of Doodles - G_6e786d/p_The first Doodle was a simple out-of-offi_345e61' is clicked on

17-06-2024T18:25:35 - [MESSAGE][PASSED] - Object: 'Object Repository/Page_The Story and Evolution of Doodles - G_6e786d/p_The first Doodle was a simple out-of-offi_345e61' is clicked on

17-06-2024T18:25:35 - [TEST_STEP][PASSED] - verifyElementVisible(findTestObject("Object Repository/Page_The Story and Evolution of Doodles - G_6e786d/h1_The story behind Doodles")): Object 'Object Repository/Page_The Story and Evolution of Doodles - G_6e786d/h1_The story behind Doodles' is visible

17-06-2024T18:25:35 - [MESSAGE][PASSED] - Object 'Object Repository/Page_The Story and Evolution of Doodles - G_6e786d/h1_The story behind Doodles' is visible

17-06-2024T18:25:35 - [TEST_STEP][PASSED] - verifyElementVisible(findTestObject("Object Repository/Page_The Story and Evolution of Doodles - G_6e786d/p_The first Doodle was a simple out-of-offi_345e61")): Object 'Object Repository/Page_The Story and Evolution of Doodles - G_6e786d/p_The first Doodle was a simple out-of-offi_345e61' is visible

17-06-2024T18:25:35 - [MESSAGE][PASSED] - Object 'Object Repository/Page_The Story and Evolution of Doodles - G_6e786d/p_The first Doodle was a simple out-of-offi_345e61' is visible

17-06-2024T18:25:35 - [TEST_STEP][PASSED] - verifyElementVisible(findTestObject("Object Repository/Page_The Story and Evolution of Doodles - G_6e786d/h2_Weve created more than 5,000 Doodles ove_111429")): Object 'Object Repository/Page_The Story and Evolution of Doodles - G_6e786d/h2_Weve created more than 5,000 Doodles ove_111429' is visible

17-06-2024T18:25:35 - [MESSAGE][PASSED] - Object 'Object Repository/Page_The Story and Evolution of Doodles - G_6e786d/h2_Weve created more than 5,000 Doodles ove_111429' is visible

17-06-2024T18:25:35 - [TEST_STEP][PASSED] - click(findTestObject("Object Repository/Page_The Story and Evolution of Doodles - G_6e786d/p_The first Doodle was a simple out-of-offi_345e61")): Object: 'Object Repository/Page_The Story and Evolution of Doodles - G_6e786d/p_The first Doodle was a simple out-of-offi_345e61' is clicked on

17-06-2024T18:25:36 - [MESSAGE][PASSED] - Object: 'Object Repository/Page_The Story and Evolution of Doodles - G_6e786d/p_The first Doodle was a simple out-of-offi_345e61' is clicked on

17-06-2024T18:25:36 - [TEST_STEP][PASSED] - verifyElementVisible(findTestObject("Object Repository/Page_The Story and Evolution of Doodles - G_6e786d/h1_The story behind Doodles")): Object 'Object Repository/Page_The Story and Evolution of Doodles - G_6e786d/h1_The story behind Doodles' is visible

17-06-2024T18:25:36 - [MESSAGE][PASSED] - Object 'Object Repository/Page_The Story and Evolution of Doodles - G_6e786d/h1_The story behind Doodles' is visible

17-06-2024T18:25:36 - [TEST_STEP][PASSED] - verifyElementVisible(findTestObject("Object Repository/Page_The Story and Evolution of Doodles - G_6e786d/p_The first Doodle was a simple out-of-offi_345e61")): Object 'Object Repository/Page_The Story and Evolution of Doodles - G_6e786d/p_The first Doodle was a simple out-of-offi_345e61' is visible

17-06-2024T18:25:37 - [MESSAGE][PASSED] - Object 'Object Repository/Page_The Story and Evolution of Doodles - G_6e786d/p_The first Doodle was a simple out-of-offi_345e61' is visible

17-06-2024T18:25:37 - [TEST_STEP][PASSED] - verifyElementVisible(findTestObject("Object Repository/Page_The Story and Evolution of Doodles - G_6e786d/h2_Weve created more than 5,000 Doodles ove_111429")): Object 'Object Repository/Page_The Story and Evolution of Doodles - G_6e786d/h2_Weve created more than 5,000 Doodles ove_111429' is visible

17-06-2024T18:25:37 - [MESSAGE][PASSED] - Object 'Object Repository/Page_The Story and Evolution of Doodles - G_6e786d/h2_Weve created more than 5,000 Doodles ove_111429' is visible

17-06-2024T18:25:37 - [TEST_STEP][PASSED] - click(findTestObject("Object Repository/Page_The Story and Evolution of Doodles - G_6e786d/p_The first Doodle was a simple out-of-offi_345e61")): Object: 'Object Repository/Page_The Story and Evolution of Doodles - G_6e786d/p_The first Doodle was a simple out-of-offi_345e61' is clicked on

17-06-2024T18:25:37 - [MESSAGE][PASSED] - Object: 'Object Repository/Page_The Story and Evolution of Doodles - G_6e786d/p_The first Doodle was a simple out-of-offi_345e61' is clicked on

17-06-2024T18:25:37 - [TEST_STEP][PASSED] - verifyElementVisible(findTestObject("Object Repository/Page_The Story and Evolution of Doodles - G_6e786d/h1_The story behind Doodles")): Object 'Object Repository/Page_The Story and Evolution of Doodles - G_6e786d/h1_The story behind Doodles' is visible

17-06-2024T18:25:37 - [MESSAGE][PASSED] - Object 'Object Repository/Page_The Story and Evolution of Doodles - G_6e786d/h1_The story behind Doodles' is visible

17-06-2024T18:25:37 - [TEST_STEP][PASSED] - verifyElementVisible(findTestObject("Object Repository/Page_The Story and Evolution of Doodles - G_6e786d/p_The first Doodle was a simple out-of-offi_345e61")): Object 'Object Repository/Page_The Story and Evolution of Doodles - G_6e786d/p_The first Doodle was a simple out-of-offi_345e61' is visible

17-06-2024T18:25:38 - [MESSAGE][PASSED] - Object 'Object Repository/Page_The Story and Evolution of Doodles - G_6e786d/p_The first Doodle was a simple out-of-offi_345e61' is visible

17-06-2024T18:25:38 - [TEST_STEP][PASSED] - verifyElementVisible(findTestObject("Object Repository/Page_The Story and Evolution of Doodles - G_6e786d/h2_Weve created more than 5,000 Doodles ove_111429")): Object 'Object Repository/Page_The Story and Evolution of Doodles - G_6e786d/h2_Weve created more than 5,000 Doodles ove_111429' is visible

17-06-2024T18:25:38 - [MESSAGE][PASSED] - Object 'Object Repository/Page_The Story and Evolution of Doodles - G_6e786d/h2_Weve created more than 5,000 Doodles ove_111429' is visible

17-06-2024T18:25:38 - [TEST_STEP][PASSED] - click(findTestObject("Object Repository/Page_The Story and Evolution of Doodles - G_6e786d/p_The first Doodle was a simple out-of-offi_345e61")): Object: 'Object Repository/Page_The Story and Evolution of Doodles - G_6e786d/p_The first Doodle was a simple out-of-offi_345e61' is clicked on

17-06-2024T18:25:39 - [MESSAGE][PASSED] - Object: 'Object Repository/Page_The Story and Evolution of Doodles - G_6e786d/p_The first Doodle was a simple out-of-offi_345e61' is clicked on

17-06-2024T18:25:39 - [TEST_STEP][PASSED] - verifyElementVisible(findTestObject("Object Repository/Page_The Story and Evolution of Doodles - G_6e786d/h1_The story behind Doodles")): Object 'Object Repository/Page_The Story and Evolution of Doodles - G_6e786d/h1_The story behind Doodles' is visible

17-06-2024T18:25:39 - [MESSAGE][PASSED] - Object 'Object Repository/Page_The Story and Evolution of Doodles - G_6e786d/h1_The story behind Doodles' is visible

17-06-2024T18:25:39 - [TEST_STEP][PASSED] - verifyElementVisible(findTestObject("Object Repository/Page_The Story and Evolution of Doodles - G_6e786d/p_The first Doodle was a simple out-of-offi_345e61")): Object 'Object Repository/Page_The Story and Evolution of Doodles - G_6e786d/p_The first Doodle was a simple out-of-offi_345e61' is visible

17-06-2024T18:25:39 - [MESSAGE][PASSED] - Object 'Object Repository/Page_The Story and Evolution of Doodles - G_6e786d/p_The first Doodle was a simple out-of-offi_345e61' is visible

17-06-2024T18:25:39 - [TEST_STEP][PASSED] - verifyElementVisible(findTestObject("Object Repository/Page_The Story and Evolution of Doodles - G_6e786d/h2_Weve created more than 5,000 Doodles ove_111429")): Object 'Object Repository/Page_The Story and Evolution of Doodles - G_6e786d/h2_Weve created more than 5,000 Doodles ove_111429' is visible

17-06-2024T18:25:39 - [MESSAGE][PASSED] - Object 'Object Repository/Page_The Story and Evolution of Doodles - G_6e786d/h2_Weve created more than 5,000 Doodles ove_111429' is visible

17-06-2024T18:25:39 - [TEST_STEP][PASSED] - click(findTestObject("Object Repository/Page_The Story and Evolution of Doodles - G_6e786d/p_The first Doodle was a simple out-of-offi_345e61")): Object: 'Object Repository/Page_The Story and Evolution of Doodles - G_6e786d/p_The first Doodle was a simple out-of-offi_345e61' is clicked on

17-06-2024T18:25:40 - [MESSAGE][PASSED] - Object: 'Object Repository/Page_The Story and Evolution of Doodles - G_6e786d/p_The first Doodle was a simple out-of-offi_345e61' is clicked on

17-06-2024T18:25:40 - [TEST_STEP][PASSED] - verifyElementVisible(findTestObject("Object Repository/Page_The Story and Evolution of Doodles - G_6e786d/h1_The story behind Doodles")): Object 'Object Repository/Page_The Story and Evolution of Doodles - G_6e786d/h1_The story behind Doodles' is visible

17-06-2024T18:25:40 - [MESSAGE][PASSED] - Object 'Object Repository/Page_The Story and Evolution of Doodles - G_6e786d/h1_The story behind Doodles' is visible

17-06-2024T18:25:40 - [TEST_STEP][PASSED] - verifyElementVisible(findTestObject("Object Repository/Page_The Story and Evolution of Doodles - G_6e786d/p_The first Doodle was a simple out-of-offi_345e61")): Object 'Object Repository/Page_The Story and Evolution of Doodles - G_6e786d/p_The first Doodle was a simple out-of-offi_345e61' is visible

17-06-2024T18:25:41 - [MESSAGE][PASSED] - Object 'Object Repository/Page_The Story and Evolution of Doodles - G_6e786d/p_The first Doodle was a simple out-of-offi_345e61' is visible

17-06-2024T18:25:41 - [TEST_STEP][PASSED] - verifyElementVisible(findTestObject("Object Repository/Page_The Story and Evolution of Doodles - G_6e786d/h2_Weve created more than 5,000 Doodles ove_111429")): Object 'Object Repository/Page_The Story and Evolution of Doodles - G_6e786d/h2_Weve created more than 5,000 Doodles ove_111429' is visible

17-06-2024T18:25:41 - [MESSAGE][PASSED] - Object 'Object Repository/Page_The Story and Evolution of Doodles - G_6e786d/h2_Weve created more than 5,000 Doodles ove_111429' is visible

17-06-2024T18:25:41 - [TEST_STEP][PASSED] - click(findTestObject("Object Repository/Page_The Story and Evolution of Doodles - G_6e786d/p_The first Doodle was a simple out-of-offi_345e61")): Object: 'Object Repository/Page_The Story and Evolution of Doodles - G_6e786d/p_The first Doodle was a simple out-of-offi_345e61' is clicked on

17-06-2024T18:25:41 - [MESSAGE][PASSED] - Object: 'Object Repository/Page_The Story and Evolution of Doodles - G_6e786d/p_The first Doodle was a simple out-of-offi_345e61' is clicked on

17-06-2024T18:25:41 - [TEST_STEP][PASSED] - verifyElementVisible(findTestObject("Object Repository/Page_The Story and Evolution of Doodles - G_6e786d/h1_The story behind Doodles")): Object 'Object Repository/Page_The Story and Evolution of Doodles - G_6e786d/h1_The story behind Doodles' is visible

17-06-2024T18:25:42 - [MESSAGE][PASSED] - Object 'Object Repository/Page_The Story and Evolution of Doodles - G_6e786d/h1_The story behind Doodles' is visible

17-06-2024T18:25:42 - [TEST_STEP][PASSED] - verifyElementVisible(findTestObject("Object Repository/Page_The Story and Evolution of Doodles - G_6e786d/p_The first Doodle was a simple out-of-offi_345e61")): Object 'Object Repository/Page_The Story and Evolution of Doodles - G_6e786d/p_The first Doodle was a simple out-of-offi_345e61' is visible

17-06-2024T18:25:42 - [MESSAGE][PASSED] - Object 'Object Repository/Page_The Story and Evolution of Doodles - G_6e786d/p_The first Doodle was a simple out-of-offi_345e61' is visible

17-06-2024T18:25:42 - [TEST_STEP][PASSED] - verifyElementVisible(findTestObject("Object Repository/Page_The Story and Evolution of Doodles - G_6e786d/h2_Weve created more than 5,000 Doodles ove_111429")): Object 'Object Repository/Page_The Story and Evolution of Doodles - G_6e786d/h2_Weve created more than 5,000 Doodles ove_111429' is visible

17-06-2024T18:25:42 - [MESSAGE][PASSED] - Object 'Object Repository/Page_The Story and Evolution of Doodles - G_6e786d/h2_Weve created more than 5,000 Doodles ove_111429' is visible]]></system-out>
         <system-err><![CDATA[]]></system-err>
      </testcase>
      <testcase name="Test Cases/test case folder 1/tc1 - Copy (5) - Copy (1)" time="19.377" classname="Test Cases/test case folder 1/tc1 - Copy (5) - Copy (1)" status="PASSED">
         <system-out><![CDATA[17-06-2024T18:25:42 - [TEST_CASE][PASSED] - Test Cases/test case folder 1/tc1 - Copy (5) - Copy (1): Test Cases/test case folder 1/tc1 - Copy (5) - Copy (1)

17-06-2024T18:25:42 - [TEST_STEP][PASSED] - openBrowser(""): Browser is opened with url: ''

17-06-2024T18:25:42 - [MESSAGE][WARNING] - A browser is already opened. Closing browser and opening a new one

17-06-2024T18:25:43 - [MESSAGE][INFO] - Starting 'Chrome (headless)' driver

17-06-2024T18:25:43 - [MESSAGE][INFO] - Action delay is set to 0 milliseconds

17-06-2024T18:25:44 - [MESSAGE][PASSED] - Browser is opened with url: ''

17-06-2024T18:25:44 - [TEST_STEP][PASSED] - navigateToUrl("https://doodles.google/about/"): Navigate to 'https://doodles.google/about/' successfully

17-06-2024T18:25:47 - [MESSAGE][PASSED] - Navigate to 'https://doodles.google/about/' successfully

17-06-2024T18:25:47 - [TEST_STEP][PASSED] - click(findTestObject("Object Repository/Page_The Story and Evolution of Doodles - G_6e786d/p_The first Doodle was a simple out-of-offi_345e61")): Object: 'Object Repository/Page_The Story and Evolution of Doodles - G_6e786d/p_The first Doodle was a simple out-of-offi_345e61' is clicked on

17-06-2024T18:25:47 - [MESSAGE][PASSED] - Object: 'Object Repository/Page_The Story and Evolution of Doodles - G_6e786d/p_The first Doodle was a simple out-of-offi_345e61' is clicked on

17-06-2024T18:25:47 - [TEST_STEP][PASSED] - click(findTestObject("Object Repository/Page_The Story and Evolution of Doodles - G_6e786d/p_The first Doodle was a simple out-of-offi_345e61")): Object: 'Object Repository/Page_The Story and Evolution of Doodles - G_6e786d/p_The first Doodle was a simple out-of-offi_345e61' is clicked on

17-06-2024T18:25:47 - [MESSAGE][PASSED] - Object: 'Object Repository/Page_The Story and Evolution of Doodles - G_6e786d/p_The first Doodle was a simple out-of-offi_345e61' is clicked on

17-06-2024T18:25:47 - [TEST_STEP][PASSED] - verifyElementVisible(findTestObject("Object Repository/Page_The Story and Evolution of Doodles - G_6e786d/h1_The story behind Doodles")): Object 'Object Repository/Page_The Story and Evolution of Doodles - G_6e786d/h1_The story behind Doodles' is visible

17-06-2024T18:25:48 - [MESSAGE][PASSED] - Object 'Object Repository/Page_The Story and Evolution of Doodles - G_6e786d/h1_The story behind Doodles' is visible

17-06-2024T18:25:48 - [TEST_STEP][PASSED] - verifyElementVisible(findTestObject("Object Repository/Page_The Story and Evolution of Doodles - G_6e786d/p_The first Doodle was a simple out-of-offi_345e61")): Object 'Object Repository/Page_The Story and Evolution of Doodles - G_6e786d/p_The first Doodle was a simple out-of-offi_345e61' is visible

17-06-2024T18:25:48 - [MESSAGE][PASSED] - Object 'Object Repository/Page_The Story and Evolution of Doodles - G_6e786d/p_The first Doodle was a simple out-of-offi_345e61' is visible

17-06-2024T18:25:48 - [TEST_STEP][PASSED] - verifyElementVisible(findTestObject("Object Repository/Page_The Story and Evolution of Doodles - G_6e786d/h2_Weve created more than 5,000 Doodles ove_111429")): Object 'Object Repository/Page_The Story and Evolution of Doodles - G_6e786d/h2_Weve created more than 5,000 Doodles ove_111429' is visible

17-06-2024T18:25:48 - [MESSAGE][PASSED] - Object 'Object Repository/Page_The Story and Evolution of Doodles - G_6e786d/h2_Weve created more than 5,000 Doodles ove_111429' is visible

17-06-2024T18:25:48 - [TEST_STEP][PASSED] - verifyElementVisible(findTestObject("Object Repository/Page_The Story and Evolution of Doodles - G_6e786d/h1_The story behind Doodles")): Object 'Object Repository/Page_The Story and Evolution of Doodles - G_6e786d/h1_The story behind Doodles' is visible

17-06-2024T18:25:49 - [MESSAGE][PASSED] - Object 'Object Repository/Page_The Story and Evolution of Doodles - G_6e786d/h1_The story behind Doodles' is visible

17-06-2024T18:25:49 - [TEST_STEP][PASSED] - verifyElementVisible(findTestObject("Object Repository/Page_The Story and Evolution of Doodles - G_6e786d/p_The first Doodle was a simple out-of-offi_345e61")): Object 'Object Repository/Page_The Story and Evolution of Doodles - G_6e786d/p_The first Doodle was a simple out-of-offi_345e61' is visible

17-06-2024T18:25:49 - [MESSAGE][PASSED] - Object 'Object Repository/Page_The Story and Evolution of Doodles - G_6e786d/p_The first Doodle was a simple out-of-offi_345e61' is visible

17-06-2024T18:25:49 - [TEST_STEP][PASSED] - verifyElementVisible(findTestObject("Object Repository/Page_The Story and Evolution of Doodles - G_6e786d/h2_Weve created more than 5,000 Doodles ove_111429")): Object 'Object Repository/Page_The Story and Evolution of Doodles - G_6e786d/h2_Weve created more than 5,000 Doodles ove_111429' is visible

17-06-2024T18:25:49 - [MESSAGE][PASSED] - Object 'Object Repository/Page_The Story and Evolution of Doodles - G_6e786d/h2_Weve created more than 5,000 Doodles ove_111429' is visible

17-06-2024T18:25:49 - [TEST_STEP][PASSED] - click(findTestObject("Object Repository/Page_The Story and Evolution of Doodles - G_6e786d/p_The first Doodle was a simple out-of-offi_345e61")): Object: 'Object Repository/Page_The Story and Evolution of Doodles - G_6e786d/p_The first Doodle was a simple out-of-offi_345e61' is clicked on

17-06-2024T18:25:50 - [MESSAGE][PASSED] - Object: 'Object Repository/Page_The Story and Evolution of Doodles - G_6e786d/p_The first Doodle was a simple out-of-offi_345e61' is clicked on

17-06-2024T18:25:50 - [TEST_STEP][PASSED] - verifyElementVisible(findTestObject("Object Repository/Page_The Story and Evolution of Doodles - G_6e786d/h1_The story behind Doodles")): Object 'Object Repository/Page_The Story and Evolution of Doodles - G_6e786d/h1_The story behind Doodles' is visible

17-06-2024T18:25:50 - [MESSAGE][PASSED] - Object 'Object Repository/Page_The Story and Evolution of Doodles - G_6e786d/h1_The story behind Doodles' is visible

17-06-2024T18:25:50 - [TEST_STEP][PASSED] - verifyElementVisible(findTestObject("Object Repository/Page_The Story and Evolution of Doodles - G_6e786d/p_The first Doodle was a simple out-of-offi_345e61")): Object 'Object Repository/Page_The Story and Evolution of Doodles - G_6e786d/p_The first Doodle was a simple out-of-offi_345e61' is visible

17-06-2024T18:25:50 - [MESSAGE][PASSED] - Object 'Object Repository/Page_The Story and Evolution of Doodles - G_6e786d/p_The first Doodle was a simple out-of-offi_345e61' is visible

17-06-2024T18:25:50 - [TEST_STEP][PASSED] - verifyElementVisible(findTestObject("Object Repository/Page_The Story and Evolution of Doodles - G_6e786d/h2_Weve created more than 5,000 Doodles ove_111429")): Object 'Object Repository/Page_The Story and Evolution of Doodles - G_6e786d/h2_Weve created more than 5,000 Doodles ove_111429' is visible

17-06-2024T18:25:51 - [MESSAGE][PASSED] - Object 'Object Repository/Page_The Story and Evolution of Doodles - G_6e786d/h2_Weve created more than 5,000 Doodles ove_111429' is visible

17-06-2024T18:25:51 - [TEST_STEP][PASSED] - click(findTestObject("Object Repository/Page_The Story and Evolution of Doodles - G_6e786d/p_The first Doodle was a simple out-of-offi_345e61")): Object: 'Object Repository/Page_The Story and Evolution of Doodles - G_6e786d/p_The first Doodle was a simple out-of-offi_345e61' is clicked on

17-06-2024T18:25:51 - [MESSAGE][PASSED] - Object: 'Object Repository/Page_The Story and Evolution of Doodles - G_6e786d/p_The first Doodle was a simple out-of-offi_345e61' is clicked on

17-06-2024T18:25:51 - [TEST_STEP][PASSED] - verifyElementVisible(findTestObject("Object Repository/Page_The Story and Evolution of Doodles - G_6e786d/h1_The story behind Doodles")): Object 'Object Repository/Page_The Story and Evolution of Doodles - G_6e786d/h1_The story behind Doodles' is visible

17-06-2024T18:25:51 - [MESSAGE][PASSED] - Object 'Object Repository/Page_The Story and Evolution of Doodles - G_6e786d/h1_The story behind Doodles' is visible

17-06-2024T18:25:51 - [TEST_STEP][PASSED] - verifyElementVisible(findTestObject("Object Repository/Page_The Story and Evolution of Doodles - G_6e786d/p_The first Doodle was a simple out-of-offi_345e61")): Object 'Object Repository/Page_The Story and Evolution of Doodles - G_6e786d/p_The first Doodle was a simple out-of-offi_345e61' is visible

17-06-2024T18:25:52 - [MESSAGE][PASSED] - Object 'Object Repository/Page_The Story and Evolution of Doodles - G_6e786d/p_The first Doodle was a simple out-of-offi_345e61' is visible

17-06-2024T18:25:52 - [TEST_STEP][PASSED] - verifyElementVisible(findTestObject("Object Repository/Page_The Story and Evolution of Doodles - G_6e786d/h2_Weve created more than 5,000 Doodles ove_111429")): Object 'Object Repository/Page_The Story and Evolution of Doodles - G_6e786d/h2_Weve created more than 5,000 Doodles ove_111429' is visible

17-06-2024T18:25:52 - [MESSAGE][PASSED] - Object 'Object Repository/Page_The Story and Evolution of Doodles - G_6e786d/h2_Weve created more than 5,000 Doodles ove_111429' is visible

17-06-2024T18:25:52 - [TEST_STEP][PASSED] - click(findTestObject("Object Repository/Page_The Story and Evolution of Doodles - G_6e786d/p_The first Doodle was a simple out-of-offi_345e61")): Object: 'Object Repository/Page_The Story and Evolution of Doodles - G_6e786d/p_The first Doodle was a simple out-of-offi_345e61' is clicked on

17-06-2024T18:25:53 - [MESSAGE][PASSED] - Object: 'Object Repository/Page_The Story and Evolution of Doodles - G_6e786d/p_The first Doodle was a simple out-of-offi_345e61' is clicked on

17-06-2024T18:25:53 - [TEST_STEP][PASSED] - verifyElementVisible(findTestObject("Object Repository/Page_The Story and Evolution of Doodles - G_6e786d/h1_The story behind Doodles")): Object 'Object Repository/Page_The Story and Evolution of Doodles - G_6e786d/h1_The story behind Doodles' is visible

17-06-2024T18:25:53 - [MESSAGE][PASSED] - Object 'Object Repository/Page_The Story and Evolution of Doodles - G_6e786d/h1_The story behind Doodles' is visible

17-06-2024T18:25:53 - [TEST_STEP][PASSED] - verifyElementVisible(findTestObject("Object Repository/Page_The Story and Evolution of Doodles - G_6e786d/p_The first Doodle was a simple out-of-offi_345e61")): Object 'Object Repository/Page_The Story and Evolution of Doodles - G_6e786d/p_The first Doodle was a simple out-of-offi_345e61' is visible

17-06-2024T18:25:53 - [MESSAGE][PASSED] - Object 'Object Repository/Page_The Story and Evolution of Doodles - G_6e786d/p_The first Doodle was a simple out-of-offi_345e61' is visible

17-06-2024T18:25:53 - [TEST_STEP][PASSED] - verifyElementVisible(findTestObject("Object Repository/Page_The Story and Evolution of Doodles - G_6e786d/h2_Weve created more than 5,000 Doodles ove_111429")): Object 'Object Repository/Page_The Story and Evolution of Doodles - G_6e786d/h2_Weve created more than 5,000 Doodles ove_111429' is visible

17-06-2024T18:25:54 - [MESSAGE][PASSED] - Object 'Object Repository/Page_The Story and Evolution of Doodles - G_6e786d/h2_Weve created more than 5,000 Doodles ove_111429' is visible

17-06-2024T18:25:54 - [TEST_STEP][PASSED] - click(findTestObject("Object Repository/Page_The Story and Evolution of Doodles - G_6e786d/p_The first Doodle was a simple out-of-offi_345e61")): Object: 'Object Repository/Page_The Story and Evolution of Doodles - G_6e786d/p_The first Doodle was a simple out-of-offi_345e61' is clicked on

17-06-2024T18:25:54 - [MESSAGE][PASSED] - Object: 'Object Repository/Page_The Story and Evolution of Doodles - G_6e786d/p_The first Doodle was a simple out-of-offi_345e61' is clicked on

17-06-2024T18:25:54 - [TEST_STEP][PASSED] - verifyElementVisible(findTestObject("Object Repository/Page_The Story and Evolution of Doodles - G_6e786d/h1_The story behind Doodles")): Object 'Object Repository/Page_The Story and Evolution of Doodles - G_6e786d/h1_The story behind Doodles' is visible

17-06-2024T18:25:54 - [MESSAGE][PASSED] - Object 'Object Repository/Page_The Story and Evolution of Doodles - G_6e786d/h1_The story behind Doodles' is visible

17-06-2024T18:25:54 - [TEST_STEP][PASSED] - verifyElementVisible(findTestObject("Object Repository/Page_The Story and Evolution of Doodles - G_6e786d/p_The first Doodle was a simple out-of-offi_345e61")): Object 'Object Repository/Page_The Story and Evolution of Doodles - G_6e786d/p_The first Doodle was a simple out-of-offi_345e61' is visible

17-06-2024T18:25:55 - [MESSAGE][PASSED] - Object 'Object Repository/Page_The Story and Evolution of Doodles - G_6e786d/p_The first Doodle was a simple out-of-offi_345e61' is visible

17-06-2024T18:25:55 - [TEST_STEP][PASSED] - verifyElementVisible(findTestObject("Object Repository/Page_The Story and Evolution of Doodles - G_6e786d/h2_Weve created more than 5,000 Doodles ove_111429")): Object 'Object Repository/Page_The Story and Evolution of Doodles - G_6e786d/h2_Weve created more than 5,000 Doodles ove_111429' is visible

17-06-2024T18:25:55 - [MESSAGE][PASSED] - Object 'Object Repository/Page_The Story and Evolution of Doodles - G_6e786d/h2_Weve created more than 5,000 Doodles ove_111429' is visible

17-06-2024T18:25:55 - [TEST_STEP][PASSED] - click(findTestObject("Object Repository/Page_The Story and Evolution of Doodles - G_6e786d/p_The first Doodle was a simple out-of-offi_345e61")): Object: 'Object Repository/Page_The Story and Evolution of Doodles - G_6e786d/p_The first Doodle was a simple out-of-offi_345e61' is clicked on

17-06-2024T18:25:55 - [MESSAGE][PASSED] - Object: 'Object Repository/Page_The Story and Evolution of Doodles - G_6e786d/p_The first Doodle was a simple out-of-offi_345e61' is clicked on

17-06-2024T18:25:55 - [TEST_STEP][PASSED] - verifyElementVisible(findTestObject("Object Repository/Page_The Story and Evolution of Doodles - G_6e786d/h1_The story behind Doodles")): Object 'Object Repository/Page_The Story and Evolution of Doodles - G_6e786d/h1_The story behind Doodles' is visible

17-06-2024T18:25:56 - [MESSAGE][PASSED] - Object 'Object Repository/Page_The Story and Evolution of Doodles - G_6e786d/h1_The story behind Doodles' is visible

17-06-2024T18:25:56 - [TEST_STEP][PASSED] - verifyElementVisible(findTestObject("Object Repository/Page_The Story and Evolution of Doodles - G_6e786d/p_The first Doodle was a simple out-of-offi_345e61")): Object 'Object Repository/Page_The Story and Evolution of Doodles - G_6e786d/p_The first Doodle was a simple out-of-offi_345e61' is visible

17-06-2024T18:25:56 - [MESSAGE][PASSED] - Object 'Object Repository/Page_The Story and Evolution of Doodles - G_6e786d/p_The first Doodle was a simple out-of-offi_345e61' is visible

17-06-2024T18:25:56 - [TEST_STEP][PASSED] - verifyElementVisible(findTestObject("Object Repository/Page_The Story and Evolution of Doodles - G_6e786d/h2_Weve created more than 5,000 Doodles ove_111429")): Object 'Object Repository/Page_The Story and Evolution of Doodles - G_6e786d/h2_Weve created more than 5,000 Doodles ove_111429' is visible

17-06-2024T18:25:56 - [MESSAGE][PASSED] - Object 'Object Repository/Page_The Story and Evolution of Doodles - G_6e786d/h2_Weve created more than 5,000 Doodles ove_111429' is visible

17-06-2024T18:25:56 - [TEST_STEP][PASSED] - click(findTestObject("Object Repository/Page_The Story and Evolution of Doodles - G_6e786d/p_The first Doodle was a simple out-of-offi_345e61")): Object: 'Object Repository/Page_The Story and Evolution of Doodles - G_6e786d/p_The first Doodle was a simple out-of-offi_345e61' is clicked on

17-06-2024T18:25:57 - [MESSAGE][PASSED] - Object: 'Object Repository/Page_The Story and Evolution of Doodles - G_6e786d/p_The first Doodle was a simple out-of-offi_345e61' is clicked on

17-06-2024T18:25:57 - [TEST_STEP][PASSED] - verifyElementVisible(findTestObject("Object Repository/Page_The Story and Evolution of Doodles - G_6e786d/h1_The story behind Doodles")): Object 'Object Repository/Page_The Story and Evolution of Doodles - G_6e786d/h1_The story behind Doodles' is visible

17-06-2024T18:25:57 - [MESSAGE][PASSED] - Object 'Object Repository/Page_The Story and Evolution of Doodles - G_6e786d/h1_The story behind Doodles' is visible

17-06-2024T18:25:57 - [TEST_STEP][PASSED] - verifyElementVisible(findTestObject("Object Repository/Page_The Story and Evolution of Doodles - G_6e786d/p_The first Doodle was a simple out-of-offi_345e61")): Object 'Object Repository/Page_The Story and Evolution of Doodles - G_6e786d/p_The first Doodle was a simple out-of-offi_345e61' is visible

17-06-2024T18:25:57 - [MESSAGE][PASSED] - Object 'Object Repository/Page_The Story and Evolution of Doodles - G_6e786d/p_The first Doodle was a simple out-of-offi_345e61' is visible

17-06-2024T18:25:57 - [TEST_STEP][PASSED] - verifyElementVisible(findTestObject("Object Repository/Page_The Story and Evolution of Doodles - G_6e786d/h2_Weve created more than 5,000 Doodles ove_111429")): Object 'Object Repository/Page_The Story and Evolution of Doodles - G_6e786d/h2_Weve created more than 5,000 Doodles ove_111429' is visible

17-06-2024T18:25:58 - [MESSAGE][PASSED] - Object 'Object Repository/Page_The Story and Evolution of Doodles - G_6e786d/h2_Weve created more than 5,000 Doodles ove_111429' is visible

17-06-2024T18:25:58 - [TEST_STEP][PASSED] - click(findTestObject("Object Repository/Page_The Story and Evolution of Doodles - G_6e786d/p_The first Doodle was a simple out-of-offi_345e61")): Object: 'Object Repository/Page_The Story and Evolution of Doodles - G_6e786d/p_The first Doodle was a simple out-of-offi_345e61' is clicked on

17-06-2024T18:25:58 - [MESSAGE][PASSED] - Object: 'Object Repository/Page_The Story and Evolution of Doodles - G_6e786d/p_The first Doodle was a simple out-of-offi_345e61' is clicked on

17-06-2024T18:25:58 - [TEST_STEP][PASSED] - verifyElementVisible(findTestObject("Object Repository/Page_The Story and Evolution of Doodles - G_6e786d/h1_The story behind Doodles")): Object 'Object Repository/Page_The Story and Evolution of Doodles - G_6e786d/h1_The story behind Doodles' is visible

17-06-2024T18:25:58 - [MESSAGE][PASSED] - Object 'Object Repository/Page_The Story and Evolution of Doodles - G_6e786d/h1_The story behind Doodles' is visible

17-06-2024T18:25:58 - [TEST_STEP][PASSED] - verifyElementVisible(findTestObject("Object Repository/Page_The Story and Evolution of Doodles - G_6e786d/p_The first Doodle was a simple out-of-offi_345e61")): Object 'Object Repository/Page_The Story and Evolution of Doodles - G_6e786d/p_The first Doodle was a simple out-of-offi_345e61' is visible

17-06-2024T18:25:59 - [MESSAGE][PASSED] - Object 'Object Repository/Page_The Story and Evolution of Doodles - G_6e786d/p_The first Doodle was a simple out-of-offi_345e61' is visible

17-06-2024T18:25:59 - [TEST_STEP][PASSED] - verifyElementVisible(findTestObject("Object Repository/Page_The Story and Evolution of Doodles - G_6e786d/h2_Weve created more than 5,000 Doodles ove_111429")): Object 'Object Repository/Page_The Story and Evolution of Doodles - G_6e786d/h2_Weve created more than 5,000 Doodles ove_111429' is visible

17-06-2024T18:25:59 - [MESSAGE][PASSED] - Object 'Object Repository/Page_The Story and Evolution of Doodles - G_6e786d/h2_Weve created more than 5,000 Doodles ove_111429' is visible

17-06-2024T18:25:59 - [TEST_STEP][PASSED] - click(findTestObject("Object Repository/Page_The Story and Evolution of Doodles - G_6e786d/p_The first Doodle was a simple out-of-offi_345e61")): Object: 'Object Repository/Page_The Story and Evolution of Doodles - G_6e786d/p_The first Doodle was a simple out-of-offi_345e61' is clicked on

17-06-2024T18:25:59 - [MESSAGE][PASSED] - Object: 'Object Repository/Page_The Story and Evolution of Doodles - G_6e786d/p_The first Doodle was a simple out-of-offi_345e61' is clicked on

17-06-2024T18:25:59 - [TEST_STEP][PASSED] - verifyElementVisible(findTestObject("Object Repository/Page_The Story and Evolution of Doodles - G_6e786d/h1_The story behind Doodles")): Object 'Object Repository/Page_The Story and Evolution of Doodles - G_6e786d/h1_The story behind Doodles' is visible

17-06-2024T18:26:00 - [MESSAGE][PASSED] - Object 'Object Repository/Page_The Story and Evolution of Doodles - G_6e786d/h1_The story behind Doodles' is visible

17-06-2024T18:26:00 - [TEST_STEP][PASSED] - verifyElementVisible(findTestObject("Object Repository/Page_The Story and Evolution of Doodles - G_6e786d/p_The first Doodle was a simple out-of-offi_345e61")): Object 'Object Repository/Page_The Story and Evolution of Doodles - G_6e786d/p_The first Doodle was a simple out-of-offi_345e61' is visible

17-06-2024T18:26:00 - [MESSAGE][PASSED] - Object 'Object Repository/Page_The Story and Evolution of Doodles - G_6e786d/p_The first Doodle was a simple out-of-offi_345e61' is visible

17-06-2024T18:26:00 - [TEST_STEP][PASSED] - verifyElementVisible(findTestObject("Object Repository/Page_The Story and Evolution of Doodles - G_6e786d/h2_Weve created more than 5,000 Doodles ove_111429")): Object 'Object Repository/Page_The Story and Evolution of Doodles - G_6e786d/h2_Weve created more than 5,000 Doodles ove_111429' is visible

17-06-2024T18:26:00 - [MESSAGE][PASSED] - Object 'Object Repository/Page_The Story and Evolution of Doodles - G_6e786d/h2_Weve created more than 5,000 Doodles ove_111429' is visible

17-06-2024T18:26:00 - [TEST_STEP][PASSED] - click(findTestObject("Object Repository/Page_The Story and Evolution of Doodles - G_6e786d/p_The first Doodle was a simple out-of-offi_345e61")): Object: 'Object Repository/Page_The Story and Evolution of Doodles - G_6e786d/p_The first Doodle was a simple out-of-offi_345e61' is clicked on

17-06-2024T18:26:01 - [MESSAGE][PASSED] - Object: 'Object Repository/Page_The Story and Evolution of Doodles - G_6e786d/p_The first Doodle was a simple out-of-offi_345e61' is clicked on

17-06-2024T18:26:01 - [TEST_STEP][PASSED] - verifyElementVisible(findTestObject("Object Repository/Page_The Story and Evolution of Doodles - G_6e786d/h1_The story behind Doodles")): Object 'Object Repository/Page_The Story and Evolution of Doodles - G_6e786d/h1_The story behind Doodles' is visible

17-06-2024T18:26:01 - [MESSAGE][PASSED] - Object 'Object Repository/Page_The Story and Evolution of Doodles - G_6e786d/h1_The story behind Doodles' is visible

17-06-2024T18:26:01 - [TEST_STEP][PASSED] - verifyElementVisible(findTestObject("Object Repository/Page_The Story and Evolution of Doodles - G_6e786d/p_The first Doodle was a simple out-of-offi_345e61")): Object 'Object Repository/Page_The Story and Evolution of Doodles - G_6e786d/p_The first Doodle was a simple out-of-offi_345e61' is visible

17-06-2024T18:26:01 - [MESSAGE][PASSED] - Object 'Object Repository/Page_The Story and Evolution of Doodles - G_6e786d/p_The first Doodle was a simple out-of-offi_345e61' is visible

17-06-2024T18:26:01 - [TEST_STEP][PASSED] - verifyElementVisible(findTestObject("Object Repository/Page_The Story and Evolution of Doodles - G_6e786d/h2_Weve created more than 5,000 Doodles ove_111429")): Object 'Object Repository/Page_The Story and Evolution of Doodles - G_6e786d/h2_Weve created more than 5,000 Doodles ove_111429' is visible

17-06-2024T18:26:02 - [MESSAGE][PASSED] - Object 'Object Repository/Page_The Story and Evolution of Doodles - G_6e786d/h2_Weve created more than 5,000 Doodles ove_111429' is visible]]></system-out>
         <system-err><![CDATA[]]></system-err>
      </testcase>
      <testcase name="Test Cases/test case folder 1/tc1 - Copy (5) - Copy (2)" time="19.142" classname="Test Cases/test case folder 1/tc1 - Copy (5) - Copy (2)" status="PASSED">
         <system-out><![CDATA[17-06-2024T18:26:02 - [TEST_CASE][PASSED] - Test Cases/test case folder 1/tc1 - Copy (5) - Copy (2): Test Cases/test case folder 1/tc1 - Copy (5) - Copy (2)

17-06-2024T18:26:02 - [TEST_STEP][PASSED] - openBrowser(""): Browser is opened with url: ''

17-06-2024T18:26:02 - [MESSAGE][WARNING] - A browser is already opened. Closing browser and opening a new one

17-06-2024T18:26:02 - [MESSAGE][INFO] - Starting 'Chrome (headless)' driver

17-06-2024T18:26:02 - [MESSAGE][INFO] - Action delay is set to 0 milliseconds

17-06-2024T18:26:03 - [MESSAGE][PASSED] - Browser is opened with url: ''

17-06-2024T18:26:03 - [TEST_STEP][PASSED] - navigateToUrl("https://doodles.google/about/"): Navigate to 'https://doodles.google/about/' successfully

17-06-2024T18:26:06 - [MESSAGE][PASSED] - Navigate to 'https://doodles.google/about/' successfully

17-06-2024T18:26:06 - [TEST_STEP][PASSED] - click(findTestObject("Object Repository/Page_The Story and Evolution of Doodles - G_6e786d/p_The first Doodle was a simple out-of-offi_345e61")): Object: 'Object Repository/Page_The Story and Evolution of Doodles - G_6e786d/p_The first Doodle was a simple out-of-offi_345e61' is clicked on

17-06-2024T18:26:06 - [MESSAGE][PASSED] - Object: 'Object Repository/Page_The Story and Evolution of Doodles - G_6e786d/p_The first Doodle was a simple out-of-offi_345e61' is clicked on

17-06-2024T18:26:06 - [TEST_STEP][PASSED] - click(findTestObject("Object Repository/Page_The Story and Evolution of Doodles - G_6e786d/p_The first Doodle was a simple out-of-offi_345e61")): Object: 'Object Repository/Page_The Story and Evolution of Doodles - G_6e786d/p_The first Doodle was a simple out-of-offi_345e61' is clicked on

17-06-2024T18:26:07 - [MESSAGE][PASSED] - Object: 'Object Repository/Page_The Story and Evolution of Doodles - G_6e786d/p_The first Doodle was a simple out-of-offi_345e61' is clicked on

17-06-2024T18:26:07 - [TEST_STEP][PASSED] - verifyElementVisible(findTestObject("Object Repository/Page_The Story and Evolution of Doodles - G_6e786d/h1_The story behind Doodles")): Object 'Object Repository/Page_The Story and Evolution of Doodles - G_6e786d/h1_The story behind Doodles' is visible

17-06-2024T18:26:07 - [MESSAGE][PASSED] - Object 'Object Repository/Page_The Story and Evolution of Doodles - G_6e786d/h1_The story behind Doodles' is visible

17-06-2024T18:26:07 - [TEST_STEP][PASSED] - verifyElementVisible(findTestObject("Object Repository/Page_The Story and Evolution of Doodles - G_6e786d/p_The first Doodle was a simple out-of-offi_345e61")): Object 'Object Repository/Page_The Story and Evolution of Doodles - G_6e786d/p_The first Doodle was a simple out-of-offi_345e61' is visible

17-06-2024T18:26:07 - [MESSAGE][PASSED] - Object 'Object Repository/Page_The Story and Evolution of Doodles - G_6e786d/p_The first Doodle was a simple out-of-offi_345e61' is visible

17-06-2024T18:26:07 - [TEST_STEP][PASSED] - verifyElementVisible(findTestObject("Object Repository/Page_The Story and Evolution of Doodles - G_6e786d/h2_Weve created more than 5,000 Doodles ove_111429")): Object 'Object Repository/Page_The Story and Evolution of Doodles - G_6e786d/h2_Weve created more than 5,000 Doodles ove_111429' is visible

17-06-2024T18:26:08 - [MESSAGE][PASSED] - Object 'Object Repository/Page_The Story and Evolution of Doodles - G_6e786d/h2_Weve created more than 5,000 Doodles ove_111429' is visible

17-06-2024T18:26:08 - [TEST_STEP][PASSED] - verifyElementVisible(findTestObject("Object Repository/Page_The Story and Evolution of Doodles - G_6e786d/h1_The story behind Doodles")): Object 'Object Repository/Page_The Story and Evolution of Doodles - G_6e786d/h1_The story behind Doodles' is visible

17-06-2024T18:26:08 - [MESSAGE][PASSED] - Object 'Object Repository/Page_The Story and Evolution of Doodles - G_6e786d/h1_The story behind Doodles' is visible

17-06-2024T18:26:08 - [TEST_STEP][PASSED] - verifyElementVisible(findTestObject("Object Repository/Page_The Story and Evolution of Doodles - G_6e786d/p_The first Doodle was a simple out-of-offi_345e61")): Object 'Object Repository/Page_The Story and Evolution of Doodles - G_6e786d/p_The first Doodle was a simple out-of-offi_345e61' is visible

17-06-2024T18:26:08 - [MESSAGE][PASSED] - Object 'Object Repository/Page_The Story and Evolution of Doodles - G_6e786d/p_The first Doodle was a simple out-of-offi_345e61' is visible

17-06-2024T18:26:08 - [TEST_STEP][PASSED] - verifyElementVisible(findTestObject("Object Repository/Page_The Story and Evolution of Doodles - G_6e786d/h2_Weve created more than 5,000 Doodles ove_111429")): Object 'Object Repository/Page_The Story and Evolution of Doodles - G_6e786d/h2_Weve created more than 5,000 Doodles ove_111429' is visible

17-06-2024T18:26:09 - [MESSAGE][PASSED] - Object 'Object Repository/Page_The Story and Evolution of Doodles - G_6e786d/h2_Weve created more than 5,000 Doodles ove_111429' is visible

17-06-2024T18:26:09 - [TEST_STEP][PASSED] - click(findTestObject("Object Repository/Page_The Story and Evolution of Doodles - G_6e786d/p_The first Doodle was a simple out-of-offi_345e61")): Object: 'Object Repository/Page_The Story and Evolution of Doodles - G_6e786d/p_The first Doodle was a simple out-of-offi_345e61' is clicked on

17-06-2024T18:26:09 - [MESSAGE][PASSED] - Object: 'Object Repository/Page_The Story and Evolution of Doodles - G_6e786d/p_The first Doodle was a simple out-of-offi_345e61' is clicked on

17-06-2024T18:26:09 - [TEST_STEP][PASSED] - verifyElementVisible(findTestObject("Object Repository/Page_The Story and Evolution of Doodles - G_6e786d/h1_The story behind Doodles")): Object 'Object Repository/Page_The Story and Evolution of Doodles - G_6e786d/h1_The story behind Doodles' is visible

17-06-2024T18:26:09 - [MESSAGE][PASSED] - Object 'Object Repository/Page_The Story and Evolution of Doodles - G_6e786d/h1_The story behind Doodles' is visible

17-06-2024T18:26:09 - [TEST_STEP][PASSED] - verifyElementVisible(findTestObject("Object Repository/Page_The Story and Evolution of Doodles - G_6e786d/p_The first Doodle was a simple out-of-offi_345e61")): Object 'Object Repository/Page_The Story and Evolution of Doodles - G_6e786d/p_The first Doodle was a simple out-of-offi_345e61' is visible

17-06-2024T18:26:10 - [MESSAGE][PASSED] - Object 'Object Repository/Page_The Story and Evolution of Doodles - G_6e786d/p_The first Doodle was a simple out-of-offi_345e61' is visible

17-06-2024T18:26:10 - [TEST_STEP][PASSED] - verifyElementVisible(findTestObject("Object Repository/Page_The Story and Evolution of Doodles - G_6e786d/h2_Weve created more than 5,000 Doodles ove_111429")): Object 'Object Repository/Page_The Story and Evolution of Doodles - G_6e786d/h2_Weve created more than 5,000 Doodles ove_111429' is visible

17-06-2024T18:26:10 - [MESSAGE][PASSED] - Object 'Object Repository/Page_The Story and Evolution of Doodles - G_6e786d/h2_Weve created more than 5,000 Doodles ove_111429' is visible

17-06-2024T18:26:10 - [TEST_STEP][PASSED] - click(findTestObject("Object Repository/Page_The Story and Evolution of Doodles - G_6e786d/p_The first Doodle was a simple out-of-offi_345e61")): Object: 'Object Repository/Page_The Story and Evolution of Doodles - G_6e786d/p_The first Doodle was a simple out-of-offi_345e61' is clicked on

17-06-2024T18:26:10 - [MESSAGE][PASSED] - Object: 'Object Repository/Page_The Story and Evolution of Doodles - G_6e786d/p_The first Doodle was a simple out-of-offi_345e61' is clicked on

17-06-2024T18:26:10 - [TEST_STEP][PASSED] - verifyElementVisible(findTestObject("Object Repository/Page_The Story and Evolution of Doodles - G_6e786d/h1_The story behind Doodles")): Object 'Object Repository/Page_The Story and Evolution of Doodles - G_6e786d/h1_The story behind Doodles' is visible

17-06-2024T18:26:11 - [MESSAGE][PASSED] - Object 'Object Repository/Page_The Story and Evolution of Doodles - G_6e786d/h1_The story behind Doodles' is visible

17-06-2024T18:26:11 - [TEST_STEP][PASSED] - verifyElementVisible(findTestObject("Object Repository/Page_The Story and Evolution of Doodles - G_6e786d/p_The first Doodle was a simple out-of-offi_345e61")): Object 'Object Repository/Page_The Story and Evolution of Doodles - G_6e786d/p_The first Doodle was a simple out-of-offi_345e61' is visible

17-06-2024T18:26:11 - [MESSAGE][PASSED] - Object 'Object Repository/Page_The Story and Evolution of Doodles - G_6e786d/p_The first Doodle was a simple out-of-offi_345e61' is visible

17-06-2024T18:26:11 - [TEST_STEP][PASSED] - verifyElementVisible(findTestObject("Object Repository/Page_The Story and Evolution of Doodles - G_6e786d/h2_Weve created more than 5,000 Doodles ove_111429")): Object 'Object Repository/Page_The Story and Evolution of Doodles - G_6e786d/h2_Weve created more than 5,000 Doodles ove_111429' is visible

17-06-2024T18:26:11 - [MESSAGE][PASSED] - Object 'Object Repository/Page_The Story and Evolution of Doodles - G_6e786d/h2_Weve created more than 5,000 Doodles ove_111429' is visible

17-06-2024T18:26:11 - [TEST_STEP][PASSED] - click(findTestObject("Object Repository/Page_The Story and Evolution of Doodles - G_6e786d/p_The first Doodle was a simple out-of-offi_345e61")): Object: 'Object Repository/Page_The Story and Evolution of Doodles - G_6e786d/p_The first Doodle was a simple out-of-offi_345e61' is clicked on

17-06-2024T18:26:12 - [MESSAGE][PASSED] - Object: 'Object Repository/Page_The Story and Evolution of Doodles - G_6e786d/p_The first Doodle was a simple out-of-offi_345e61' is clicked on

17-06-2024T18:26:12 - [TEST_STEP][PASSED] - verifyElementVisible(findTestObject("Object Repository/Page_The Story and Evolution of Doodles - G_6e786d/h1_The story behind Doodles")): Object 'Object Repository/Page_The Story and Evolution of Doodles - G_6e786d/h1_The story behind Doodles' is visible

17-06-2024T18:26:12 - [MESSAGE][PASSED] - Object 'Object Repository/Page_The Story and Evolution of Doodles - G_6e786d/h1_The story behind Doodles' is visible

17-06-2024T18:26:12 - [TEST_STEP][PASSED] - verifyElementVisible(findTestObject("Object Repository/Page_The Story and Evolution of Doodles - G_6e786d/p_The first Doodle was a simple out-of-offi_345e61")): Object 'Object Repository/Page_The Story and Evolution of Doodles - G_6e786d/p_The first Doodle was a simple out-of-offi_345e61' is visible

17-06-2024T18:26:12 - [MESSAGE][PASSED] - Object 'Object Repository/Page_The Story and Evolution of Doodles - G_6e786d/p_The first Doodle was a simple out-of-offi_345e61' is visible

17-06-2024T18:26:12 - [TEST_STEP][PASSED] - verifyElementVisible(findTestObject("Object Repository/Page_The Story and Evolution of Doodles - G_6e786d/h2_Weve created more than 5,000 Doodles ove_111429")): Object 'Object Repository/Page_The Story and Evolution of Doodles - G_6e786d/h2_Weve created more than 5,000 Doodles ove_111429' is visible

17-06-2024T18:26:13 - [MESSAGE][PASSED] - Object 'Object Repository/Page_The Story and Evolution of Doodles - G_6e786d/h2_Weve created more than 5,000 Doodles ove_111429' is visible

17-06-2024T18:26:13 - [TEST_STEP][PASSED] - click(findTestObject("Object Repository/Page_The Story and Evolution of Doodles - G_6e786d/p_The first Doodle was a simple out-of-offi_345e61")): Object: 'Object Repository/Page_The Story and Evolution of Doodles - G_6e786d/p_The first Doodle was a simple out-of-offi_345e61' is clicked on

17-06-2024T18:26:13 - [MESSAGE][PASSED] - Object: 'Object Repository/Page_The Story and Evolution of Doodles - G_6e786d/p_The first Doodle was a simple out-of-offi_345e61' is clicked on

17-06-2024T18:26:13 - [TEST_STEP][PASSED] - verifyElementVisible(findTestObject("Object Repository/Page_The Story and Evolution of Doodles - G_6e786d/h1_The story behind Doodles")): Object 'Object Repository/Page_The Story and Evolution of Doodles - G_6e786d/h1_The story behind Doodles' is visible

17-06-2024T18:26:14 - [MESSAGE][PASSED] - Object 'Object Repository/Page_The Story and Evolution of Doodles - G_6e786d/h1_The story behind Doodles' is visible

17-06-2024T18:26:14 - [TEST_STEP][PASSED] - verifyElementVisible(findTestObject("Object Repository/Page_The Story and Evolution of Doodles - G_6e786d/p_The first Doodle was a simple out-of-offi_345e61")): Object 'Object Repository/Page_The Story and Evolution of Doodles - G_6e786d/p_The first Doodle was a simple out-of-offi_345e61' is visible

17-06-2024T18:26:14 - [MESSAGE][PASSED] - Object 'Object Repository/Page_The Story and Evolution of Doodles - G_6e786d/p_The first Doodle was a simple out-of-offi_345e61' is visible

17-06-2024T18:26:14 - [TEST_STEP][PASSED] - verifyElementVisible(findTestObject("Object Repository/Page_The Story and Evolution of Doodles - G_6e786d/h2_Weve created more than 5,000 Doodles ove_111429")): Object 'Object Repository/Page_The Story and Evolution of Doodles - G_6e786d/h2_Weve created more than 5,000 Doodles ove_111429' is visible

17-06-2024T18:26:14 - [MESSAGE][PASSED] - Object 'Object Repository/Page_The Story and Evolution of Doodles - G_6e786d/h2_Weve created more than 5,000 Doodles ove_111429' is visible

17-06-2024T18:26:14 - [TEST_STEP][PASSED] - click(findTestObject("Object Repository/Page_The Story and Evolution of Doodles - G_6e786d/p_The first Doodle was a simple out-of-offi_345e61")): Object: 'Object Repository/Page_The Story and Evolution of Doodles - G_6e786d/p_The first Doodle was a simple out-of-offi_345e61' is clicked on

17-06-2024T18:26:15 - [MESSAGE][PASSED] - Object: 'Object Repository/Page_The Story and Evolution of Doodles - G_6e786d/p_The first Doodle was a simple out-of-offi_345e61' is clicked on

17-06-2024T18:26:15 - [TEST_STEP][PASSED] - verifyElementVisible(findTestObject("Object Repository/Page_The Story and Evolution of Doodles - G_6e786d/h1_The story behind Doodles")): Object 'Object Repository/Page_The Story and Evolution of Doodles - G_6e786d/h1_The story behind Doodles' is visible

17-06-2024T18:26:15 - [MESSAGE][PASSED] - Object 'Object Repository/Page_The Story and Evolution of Doodles - G_6e786d/h1_The story behind Doodles' is visible

17-06-2024T18:26:15 - [TEST_STEP][PASSED] - verifyElementVisible(findTestObject("Object Repository/Page_The Story and Evolution of Doodles - G_6e786d/p_The first Doodle was a simple out-of-offi_345e61")): Object 'Object Repository/Page_The Story and Evolution of Doodles - G_6e786d/p_The first Doodle was a simple out-of-offi_345e61' is visible

17-06-2024T18:26:15 - [MESSAGE][PASSED] - Object 'Object Repository/Page_The Story and Evolution of Doodles - G_6e786d/p_The first Doodle was a simple out-of-offi_345e61' is visible

17-06-2024T18:26:15 - [TEST_STEP][PASSED] - verifyElementVisible(findTestObject("Object Repository/Page_The Story and Evolution of Doodles - G_6e786d/h2_Weve created more than 5,000 Doodles ove_111429")): Object 'Object Repository/Page_The Story and Evolution of Doodles - G_6e786d/h2_Weve created more than 5,000 Doodles ove_111429' is visible

17-06-2024T18:26:15 - [MESSAGE][PASSED] - Object 'Object Repository/Page_The Story and Evolution of Doodles - G_6e786d/h2_Weve created more than 5,000 Doodles ove_111429' is visible

17-06-2024T18:26:15 - [TEST_STEP][PASSED] - click(findTestObject("Object Repository/Page_The Story and Evolution of Doodles - G_6e786d/p_The first Doodle was a simple out-of-offi_345e61")): Object: 'Object Repository/Page_The Story and Evolution of Doodles - G_6e786d/p_The first Doodle was a simple out-of-offi_345e61' is clicked on

17-06-2024T18:26:16 - [MESSAGE][PASSED] - Object: 'Object Repository/Page_The Story and Evolution of Doodles - G_6e786d/p_The first Doodle was a simple out-of-offi_345e61' is clicked on

17-06-2024T18:26:16 - [TEST_STEP][PASSED] - verifyElementVisible(findTestObject("Object Repository/Page_The Story and Evolution of Doodles - G_6e786d/h1_The story behind Doodles")): Object 'Object Repository/Page_The Story and Evolution of Doodles - G_6e786d/h1_The story behind Doodles' is visible

17-06-2024T18:26:16 - [MESSAGE][PASSED] - Object 'Object Repository/Page_The Story and Evolution of Doodles - G_6e786d/h1_The story behind Doodles' is visible

17-06-2024T18:26:16 - [TEST_STEP][PASSED] - verifyElementVisible(findTestObject("Object Repository/Page_The Story and Evolution of Doodles - G_6e786d/p_The first Doodle was a simple out-of-offi_345e61")): Object 'Object Repository/Page_The Story and Evolution of Doodles - G_6e786d/p_The first Doodle was a simple out-of-offi_345e61' is visible

17-06-2024T18:26:16 - [MESSAGE][PASSED] - Object 'Object Repository/Page_The Story and Evolution of Doodles - G_6e786d/p_The first Doodle was a simple out-of-offi_345e61' is visible

17-06-2024T18:26:16 - [TEST_STEP][PASSED] - verifyElementVisible(findTestObject("Object Repository/Page_The Story and Evolution of Doodles - G_6e786d/h2_Weve created more than 5,000 Doodles ove_111429")): Object 'Object Repository/Page_The Story and Evolution of Doodles - G_6e786d/h2_Weve created more than 5,000 Doodles ove_111429' is visible

17-06-2024T18:26:17 - [MESSAGE][PASSED] - Object 'Object Repository/Page_The Story and Evolution of Doodles - G_6e786d/h2_Weve created more than 5,000 Doodles ove_111429' is visible

17-06-2024T18:26:17 - [TEST_STEP][PASSED] - click(findTestObject("Object Repository/Page_The Story and Evolution of Doodles - G_6e786d/p_The first Doodle was a simple out-of-offi_345e61")): Object: 'Object Repository/Page_The Story and Evolution of Doodles - G_6e786d/p_The first Doodle was a simple out-of-offi_345e61' is clicked on

17-06-2024T18:26:17 - [MESSAGE][PASSED] - Object: 'Object Repository/Page_The Story and Evolution of Doodles - G_6e786d/p_The first Doodle was a simple out-of-offi_345e61' is clicked on

17-06-2024T18:26:17 - [TEST_STEP][PASSED] - verifyElementVisible(findTestObject("Object Repository/Page_The Story and Evolution of Doodles - G_6e786d/h1_The story behind Doodles")): Object 'Object Repository/Page_The Story and Evolution of Doodles - G_6e786d/h1_The story behind Doodles' is visible

17-06-2024T18:26:17 - [MESSAGE][PASSED] - Object 'Object Repository/Page_The Story and Evolution of Doodles - G_6e786d/h1_The story behind Doodles' is visible

17-06-2024T18:26:17 - [TEST_STEP][PASSED] - verifyElementVisible(findTestObject("Object Repository/Page_The Story and Evolution of Doodles - G_6e786d/p_The first Doodle was a simple out-of-offi_345e61")): Object 'Object Repository/Page_The Story and Evolution of Doodles - G_6e786d/p_The first Doodle was a simple out-of-offi_345e61' is visible

17-06-2024T18:26:18 - [MESSAGE][PASSED] - Object 'Object Repository/Page_The Story and Evolution of Doodles - G_6e786d/p_The first Doodle was a simple out-of-offi_345e61' is visible

17-06-2024T18:26:18 - [TEST_STEP][PASSED] - verifyElementVisible(findTestObject("Object Repository/Page_The Story and Evolution of Doodles - G_6e786d/h2_Weve created more than 5,000 Doodles ove_111429")): Object 'Object Repository/Page_The Story and Evolution of Doodles - G_6e786d/h2_Weve created more than 5,000 Doodles ove_111429' is visible

17-06-2024T18:26:18 - [MESSAGE][PASSED] - Object 'Object Repository/Page_The Story and Evolution of Doodles - G_6e786d/h2_Weve created more than 5,000 Doodles ove_111429' is visible

17-06-2024T18:26:18 - [TEST_STEP][PASSED] - click(findTestObject("Object Repository/Page_The Story and Evolution of Doodles - G_6e786d/p_The first Doodle was a simple out-of-offi_345e61")): Object: 'Object Repository/Page_The Story and Evolution of Doodles - G_6e786d/p_The first Doodle was a simple out-of-offi_345e61' is clicked on

17-06-2024T18:26:18 - [MESSAGE][PASSED] - Object: 'Object Repository/Page_The Story and Evolution of Doodles - G_6e786d/p_The first Doodle was a simple out-of-offi_345e61' is clicked on

17-06-2024T18:26:18 - [TEST_STEP][PASSED] - verifyElementVisible(findTestObject("Object Repository/Page_The Story and Evolution of Doodles - G_6e786d/h1_The story behind Doodles")): Object 'Object Repository/Page_The Story and Evolution of Doodles - G_6e786d/h1_The story behind Doodles' is visible

17-06-2024T18:26:19 - [MESSAGE][PASSED] - Object 'Object Repository/Page_The Story and Evolution of Doodles - G_6e786d/h1_The story behind Doodles' is visible

17-06-2024T18:26:19 - [TEST_STEP][PASSED] - verifyElementVisible(findTestObject("Object Repository/Page_The Story and Evolution of Doodles - G_6e786d/p_The first Doodle was a simple out-of-offi_345e61")): Object 'Object Repository/Page_The Story and Evolution of Doodles - G_6e786d/p_The first Doodle was a simple out-of-offi_345e61' is visible

17-06-2024T18:26:19 - [MESSAGE][PASSED] - Object 'Object Repository/Page_The Story and Evolution of Doodles - G_6e786d/p_The first Doodle was a simple out-of-offi_345e61' is visible

17-06-2024T18:26:19 - [TEST_STEP][PASSED] - verifyElementVisible(findTestObject("Object Repository/Page_The Story and Evolution of Doodles - G_6e786d/h2_Weve created more than 5,000 Doodles ove_111429")): Object 'Object Repository/Page_The Story and Evolution of Doodles - G_6e786d/h2_Weve created more than 5,000 Doodles ove_111429' is visible

17-06-2024T18:26:19 - [MESSAGE][PASSED] - Object 'Object Repository/Page_The Story and Evolution of Doodles - G_6e786d/h2_Weve created more than 5,000 Doodles ove_111429' is visible

17-06-2024T18:26:19 - [TEST_STEP][PASSED] - click(findTestObject("Object Repository/Page_The Story and Evolution of Doodles - G_6e786d/p_The first Doodle was a simple out-of-offi_345e61")): Object: 'Object Repository/Page_The Story and Evolution of Doodles - G_6e786d/p_The first Doodle was a simple out-of-offi_345e61' is clicked on

17-06-2024T18:26:20 - [MESSAGE][PASSED] - Object: 'Object Repository/Page_The Story and Evolution of Doodles - G_6e786d/p_The first Doodle was a simple out-of-offi_345e61' is clicked on

17-06-2024T18:26:20 - [TEST_STEP][PASSED] - verifyElementVisible(findTestObject("Object Repository/Page_The Story and Evolution of Doodles - G_6e786d/h1_The story behind Doodles")): Object 'Object Repository/Page_The Story and Evolution of Doodles - G_6e786d/h1_The story behind Doodles' is visible

17-06-2024T18:26:20 - [MESSAGE][PASSED] - Object 'Object Repository/Page_The Story and Evolution of Doodles - G_6e786d/h1_The story behind Doodles' is visible

17-06-2024T18:26:20 - [TEST_STEP][PASSED] - verifyElementVisible(findTestObject("Object Repository/Page_The Story and Evolution of Doodles - G_6e786d/p_The first Doodle was a simple out-of-offi_345e61")): Object 'Object Repository/Page_The Story and Evolution of Doodles - G_6e786d/p_The first Doodle was a simple out-of-offi_345e61' is visible

17-06-2024T18:26:20 - [MESSAGE][PASSED] - Object 'Object Repository/Page_The Story and Evolution of Doodles - G_6e786d/p_The first Doodle was a simple out-of-offi_345e61' is visible

17-06-2024T18:26:20 - [TEST_STEP][PASSED] - verifyElementVisible(findTestObject("Object Repository/Page_The Story and Evolution of Doodles - G_6e786d/h2_Weve created more than 5,000 Doodles ove_111429")): Object 'Object Repository/Page_The Story and Evolution of Doodles - G_6e786d/h2_Weve created more than 5,000 Doodles ove_111429' is visible

17-06-2024T18:26:21 - [MESSAGE][PASSED] - Object 'Object Repository/Page_The Story and Evolution of Doodles - G_6e786d/h2_Weve created more than 5,000 Doodles ove_111429' is visible]]></system-out>
         <system-err><![CDATA[]]></system-err>
      </testcase>
      <testcase name="Test Cases/test case folder 1/tc1 - Copy (5) - Copy (3)" time="19.897" classname="Test Cases/test case folder 1/tc1 - Copy (5) - Copy (3)" status="PASSED">
         <system-out><![CDATA[17-06-2024T18:26:21 - [TEST_CASE][PASSED] - Test Cases/test case folder 1/tc1 - Copy (5) - Copy (3): Test Cases/test case folder 1/tc1 - Copy (5) - Copy (3)

17-06-2024T18:26:21 - [TEST_STEP][PASSED] - openBrowser(""): Browser is opened with url: ''

17-06-2024T18:26:21 - [MESSAGE][WARNING] - A browser is already opened. Closing browser and opening a new one

17-06-2024T18:26:21 - [MESSAGE][INFO] - Starting 'Chrome (headless)' driver

17-06-2024T18:26:21 - [MESSAGE][INFO] - Action delay is set to 0 milliseconds

17-06-2024T18:26:22 - [MESSAGE][PASSED] - Browser is opened with url: ''

17-06-2024T18:26:22 - [TEST_STEP][PASSED] - navigateToUrl("https://doodles.google/about/"): Navigate to 'https://doodles.google/about/' successfully

17-06-2024T18:26:26 - [MESSAGE][PASSED] - Navigate to 'https://doodles.google/about/' successfully

17-06-2024T18:26:26 - [TEST_STEP][PASSED] - click(findTestObject("Object Repository/Page_The Story and Evolution of Doodles - G_6e786d/p_The first Doodle was a simple out-of-offi_345e61")): Object: 'Object Repository/Page_The Story and Evolution of Doodles - G_6e786d/p_The first Doodle was a simple out-of-offi_345e61' is clicked on

17-06-2024T18:26:26 - [MESSAGE][PASSED] - Object: 'Object Repository/Page_The Story and Evolution of Doodles - G_6e786d/p_The first Doodle was a simple out-of-offi_345e61' is clicked on

17-06-2024T18:26:26 - [TEST_STEP][PASSED] - click(findTestObject("Object Repository/Page_The Story and Evolution of Doodles - G_6e786d/p_The first Doodle was a simple out-of-offi_345e61")): Object: 'Object Repository/Page_The Story and Evolution of Doodles - G_6e786d/p_The first Doodle was a simple out-of-offi_345e61' is clicked on

17-06-2024T18:26:26 - [MESSAGE][PASSED] - Object: 'Object Repository/Page_The Story and Evolution of Doodles - G_6e786d/p_The first Doodle was a simple out-of-offi_345e61' is clicked on

17-06-2024T18:26:26 - [TEST_STEP][PASSED] - verifyElementVisible(findTestObject("Object Repository/Page_The Story and Evolution of Doodles - G_6e786d/h1_The story behind Doodles")): Object 'Object Repository/Page_The Story and Evolution of Doodles - G_6e786d/h1_The story behind Doodles' is visible

17-06-2024T18:26:27 - [MESSAGE][PASSED] - Object 'Object Repository/Page_The Story and Evolution of Doodles - G_6e786d/h1_The story behind Doodles' is visible

17-06-2024T18:26:27 - [TEST_STEP][PASSED] - verifyElementVisible(findTestObject("Object Repository/Page_The Story and Evolution of Doodles - G_6e786d/p_The first Doodle was a simple out-of-offi_345e61")): Object 'Object Repository/Page_The Story and Evolution of Doodles - G_6e786d/p_The first Doodle was a simple out-of-offi_345e61' is visible

17-06-2024T18:26:27 - [MESSAGE][PASSED] - Object 'Object Repository/Page_The Story and Evolution of Doodles - G_6e786d/p_The first Doodle was a simple out-of-offi_345e61' is visible

17-06-2024T18:26:27 - [TEST_STEP][PASSED] - verifyElementVisible(findTestObject("Object Repository/Page_The Story and Evolution of Doodles - G_6e786d/h2_Weve created more than 5,000 Doodles ove_111429")): Object 'Object Repository/Page_The Story and Evolution of Doodles - G_6e786d/h2_Weve created more than 5,000 Doodles ove_111429' is visible

17-06-2024T18:26:28 - [MESSAGE][PASSED] - Object 'Object Repository/Page_The Story and Evolution of Doodles - G_6e786d/h2_Weve created more than 5,000 Doodles ove_111429' is visible

17-06-2024T18:26:28 - [TEST_STEP][PASSED] - verifyElementVisible(findTestObject("Object Repository/Page_The Story and Evolution of Doodles - G_6e786d/h1_The story behind Doodles")): Object 'Object Repository/Page_The Story and Evolution of Doodles - G_6e786d/h1_The story behind Doodles' is visible

17-06-2024T18:26:28 - [MESSAGE][PASSED] - Object 'Object Repository/Page_The Story and Evolution of Doodles - G_6e786d/h1_The story behind Doodles' is visible

17-06-2024T18:26:28 - [TEST_STEP][PASSED] - verifyElementVisible(findTestObject("Object Repository/Page_The Story and Evolution of Doodles - G_6e786d/p_The first Doodle was a simple out-of-offi_345e61")): Object 'Object Repository/Page_The Story and Evolution of Doodles - G_6e786d/p_The first Doodle was a simple out-of-offi_345e61' is visible

17-06-2024T18:26:28 - [MESSAGE][PASSED] - Object 'Object Repository/Page_The Story and Evolution of Doodles - G_6e786d/p_The first Doodle was a simple out-of-offi_345e61' is visible

17-06-2024T18:26:28 - [TEST_STEP][PASSED] - verifyElementVisible(findTestObject("Object Repository/Page_The Story and Evolution of Doodles - G_6e786d/h2_Weve created more than 5,000 Doodles ove_111429")): Object 'Object Repository/Page_The Story and Evolution of Doodles - G_6e786d/h2_Weve created more than 5,000 Doodles ove_111429' is visible

17-06-2024T18:26:28 - [MESSAGE][PASSED] - Object 'Object Repository/Page_The Story and Evolution of Doodles - G_6e786d/h2_Weve created more than 5,000 Doodles ove_111429' is visible

17-06-2024T18:26:28 - [TEST_STEP][PASSED] - click(findTestObject("Object Repository/Page_The Story and Evolution of Doodles - G_6e786d/p_The first Doodle was a simple out-of-offi_345e61")): Object: 'Object Repository/Page_The Story and Evolution of Doodles - G_6e786d/p_The first Doodle was a simple out-of-offi_345e61' is clicked on

17-06-2024T18:26:29 - [MESSAGE][PASSED] - Object: 'Object Repository/Page_The Story and Evolution of Doodles - G_6e786d/p_The first Doodle was a simple out-of-offi_345e61' is clicked on

17-06-2024T18:26:29 - [TEST_STEP][PASSED] - verifyElementVisible(findTestObject("Object Repository/Page_The Story and Evolution of Doodles - G_6e786d/h1_The story behind Doodles")): Object 'Object Repository/Page_The Story and Evolution of Doodles - G_6e786d/h1_The story behind Doodles' is visible

17-06-2024T18:26:29 - [MESSAGE][PASSED] - Object 'Object Repository/Page_The Story and Evolution of Doodles - G_6e786d/h1_The story behind Doodles' is visible

17-06-2024T18:26:29 - [TEST_STEP][PASSED] - verifyElementVisible(findTestObject("Object Repository/Page_The Story and Evolution of Doodles - G_6e786d/p_The first Doodle was a simple out-of-offi_345e61")): Object 'Object Repository/Page_The Story and Evolution of Doodles - G_6e786d/p_The first Doodle was a simple out-of-offi_345e61' is visible

17-06-2024T18:26:30 - [MESSAGE][PASSED] - Object 'Object Repository/Page_The Story and Evolution of Doodles - G_6e786d/p_The first Doodle was a simple out-of-offi_345e61' is visible

17-06-2024T18:26:30 - [TEST_STEP][PASSED] - verifyElementVisible(findTestObject("Object Repository/Page_The Story and Evolution of Doodles - G_6e786d/h2_Weve created more than 5,000 Doodles ove_111429")): Object 'Object Repository/Page_The Story and Evolution of Doodles - G_6e786d/h2_Weve created more than 5,000 Doodles ove_111429' is visible

17-06-2024T18:26:30 - [MESSAGE][PASSED] - Object 'Object Repository/Page_The Story and Evolution of Doodles - G_6e786d/h2_Weve created more than 5,000 Doodles ove_111429' is visible

17-06-2024T18:26:30 - [TEST_STEP][PASSED] - click(findTestObject("Object Repository/Page_The Story and Evolution of Doodles - G_6e786d/p_The first Doodle was a simple out-of-offi_345e61")): Object: 'Object Repository/Page_The Story and Evolution of Doodles - G_6e786d/p_The first Doodle was a simple out-of-offi_345e61' is clicked on

17-06-2024T18:26:30 - [MESSAGE][PASSED] - Object: 'Object Repository/Page_The Story and Evolution of Doodles - G_6e786d/p_The first Doodle was a simple out-of-offi_345e61' is clicked on

17-06-2024T18:26:30 - [TEST_STEP][PASSED] - verifyElementVisible(findTestObject("Object Repository/Page_The Story and Evolution of Doodles - G_6e786d/h1_The story behind Doodles")): Object 'Object Repository/Page_The Story and Evolution of Doodles - G_6e786d/h1_The story behind Doodles' is visible

17-06-2024T18:26:31 - [MESSAGE][PASSED] - Object 'Object Repository/Page_The Story and Evolution of Doodles - G_6e786d/h1_The story behind Doodles' is visible

17-06-2024T18:26:31 - [TEST_STEP][PASSED] - verifyElementVisible(findTestObject("Object Repository/Page_The Story and Evolution of Doodles - G_6e786d/p_The first Doodle was a simple out-of-offi_345e61")): Object 'Object Repository/Page_The Story and Evolution of Doodles - G_6e786d/p_The first Doodle was a simple out-of-offi_345e61' is visible

17-06-2024T18:26:31 - [MESSAGE][PASSED] - Object 'Object Repository/Page_The Story and Evolution of Doodles - G_6e786d/p_The first Doodle was a simple out-of-offi_345e61' is visible

17-06-2024T18:26:31 - [TEST_STEP][PASSED] - verifyElementVisible(findTestObject("Object Repository/Page_The Story and Evolution of Doodles - G_6e786d/h2_Weve created more than 5,000 Doodles ove_111429")): Object 'Object Repository/Page_The Story and Evolution of Doodles - G_6e786d/h2_Weve created more than 5,000 Doodles ove_111429' is visible

17-06-2024T18:26:31 - [MESSAGE][PASSED] - Object 'Object Repository/Page_The Story and Evolution of Doodles - G_6e786d/h2_Weve created more than 5,000 Doodles ove_111429' is visible

17-06-2024T18:26:31 - [TEST_STEP][PASSED] - click(findTestObject("Object Repository/Page_The Story and Evolution of Doodles - G_6e786d/p_The first Doodle was a simple out-of-offi_345e61")): Object: 'Object Repository/Page_The Story and Evolution of Doodles - G_6e786d/p_The first Doodle was a simple out-of-offi_345e61' is clicked on

17-06-2024T18:26:32 - [MESSAGE][PASSED] - Object: 'Object Repository/Page_The Story and Evolution of Doodles - G_6e786d/p_The first Doodle was a simple out-of-offi_345e61' is clicked on

17-06-2024T18:26:32 - [TEST_STEP][PASSED] - verifyElementVisible(findTestObject("Object Repository/Page_The Story and Evolution of Doodles - G_6e786d/h1_The story behind Doodles")): Object 'Object Repository/Page_The Story and Evolution of Doodles - G_6e786d/h1_The story behind Doodles' is visible

17-06-2024T18:26:32 - [MESSAGE][PASSED] - Object 'Object Repository/Page_The Story and Evolution of Doodles - G_6e786d/h1_The story behind Doodles' is visible

17-06-2024T18:26:32 - [TEST_STEP][PASSED] - verifyElementVisible(findTestObject("Object Repository/Page_The Story and Evolution of Doodles - G_6e786d/p_The first Doodle was a simple out-of-offi_345e61")): Object 'Object Repository/Page_The Story and Evolution of Doodles - G_6e786d/p_The first Doodle was a simple out-of-offi_345e61' is visible

17-06-2024T18:26:32 - [MESSAGE][PASSED] - Object 'Object Repository/Page_The Story and Evolution of Doodles - G_6e786d/p_The first Doodle was a simple out-of-offi_345e61' is visible

17-06-2024T18:26:32 - [TEST_STEP][PASSED] - verifyElementVisible(findTestObject("Object Repository/Page_The Story and Evolution of Doodles - G_6e786d/h2_Weve created more than 5,000 Doodles ove_111429")): Object 'Object Repository/Page_The Story and Evolution of Doodles - G_6e786d/h2_Weve created more than 5,000 Doodles ove_111429' is visible

17-06-2024T18:26:33 - [MESSAGE][PASSED] - Object 'Object Repository/Page_The Story and Evolution of Doodles - G_6e786d/h2_Weve created more than 5,000 Doodles ove_111429' is visible

17-06-2024T18:26:33 - [TEST_STEP][PASSED] - click(findTestObject("Object Repository/Page_The Story and Evolution of Doodles - G_6e786d/p_The first Doodle was a simple out-of-offi_345e61")): Object: 'Object Repository/Page_The Story and Evolution of Doodles - G_6e786d/p_The first Doodle was a simple out-of-offi_345e61' is clicked on

17-06-2024T18:26:33 - [MESSAGE][PASSED] - Object: 'Object Repository/Page_The Story and Evolution of Doodles - G_6e786d/p_The first Doodle was a simple out-of-offi_345e61' is clicked on

17-06-2024T18:26:33 - [TEST_STEP][PASSED] - verifyElementVisible(findTestObject("Object Repository/Page_The Story and Evolution of Doodles - G_6e786d/h1_The story behind Doodles")): Object 'Object Repository/Page_The Story and Evolution of Doodles - G_6e786d/h1_The story behind Doodles' is visible

17-06-2024T18:26:33 - [MESSAGE][PASSED] - Object 'Object Repository/Page_The Story and Evolution of Doodles - G_6e786d/h1_The story behind Doodles' is visible

17-06-2024T18:26:33 - [TEST_STEP][PASSED] - verifyElementVisible(findTestObject("Object Repository/Page_The Story and Evolution of Doodles - G_6e786d/p_The first Doodle was a simple out-of-offi_345e61")): Object 'Object Repository/Page_The Story and Evolution of Doodles - G_6e786d/p_The first Doodle was a simple out-of-offi_345e61' is visible

17-06-2024T18:26:33 - [MESSAGE][PASSED] - Object 'Object Repository/Page_The Story and Evolution of Doodles - G_6e786d/p_The first Doodle was a simple out-of-offi_345e61' is visible

17-06-2024T18:26:33 - [TEST_STEP][PASSED] - verifyElementVisible(findTestObject("Object Repository/Page_The Story and Evolution of Doodles - G_6e786d/h2_Weve created more than 5,000 Doodles ove_111429")): Object 'Object Repository/Page_The Story and Evolution of Doodles - G_6e786d/h2_Weve created more than 5,000 Doodles ove_111429' is visible

17-06-2024T18:26:34 - [MESSAGE][PASSED] - Object 'Object Repository/Page_The Story and Evolution of Doodles - G_6e786d/h2_Weve created more than 5,000 Doodles ove_111429' is visible

17-06-2024T18:26:34 - [TEST_STEP][PASSED] - click(findTestObject("Object Repository/Page_The Story and Evolution of Doodles - G_6e786d/p_The first Doodle was a simple out-of-offi_345e61")): Object: 'Object Repository/Page_The Story and Evolution of Doodles - G_6e786d/p_The first Doodle was a simple out-of-offi_345e61' is clicked on

17-06-2024T18:26:34 - [MESSAGE][PASSED] - Object: 'Object Repository/Page_The Story and Evolution of Doodles - G_6e786d/p_The first Doodle was a simple out-of-offi_345e61' is clicked on

17-06-2024T18:26:34 - [TEST_STEP][PASSED] - verifyElementVisible(findTestObject("Object Repository/Page_The Story and Evolution of Doodles - G_6e786d/h1_The story behind Doodles")): Object 'Object Repository/Page_The Story and Evolution of Doodles - G_6e786d/h1_The story behind Doodles' is visible

17-06-2024T18:26:34 - [MESSAGE][PASSED] - Object 'Object Repository/Page_The Story and Evolution of Doodles - G_6e786d/h1_The story behind Doodles' is visible

17-06-2024T18:26:34 - [TEST_STEP][PASSED] - verifyElementVisible(findTestObject("Object Repository/Page_The Story and Evolution of Doodles - G_6e786d/p_The first Doodle was a simple out-of-offi_345e61")): Object 'Object Repository/Page_The Story and Evolution of Doodles - G_6e786d/p_The first Doodle was a simple out-of-offi_345e61' is visible

17-06-2024T18:26:35 - [MESSAGE][PASSED] - Object 'Object Repository/Page_The Story and Evolution of Doodles - G_6e786d/p_The first Doodle was a simple out-of-offi_345e61' is visible

17-06-2024T18:26:35 - [TEST_STEP][PASSED] - verifyElementVisible(findTestObject("Object Repository/Page_The Story and Evolution of Doodles - G_6e786d/h2_Weve created more than 5,000 Doodles ove_111429")): Object 'Object Repository/Page_The Story and Evolution of Doodles - G_6e786d/h2_Weve created more than 5,000 Doodles ove_111429' is visible

17-06-2024T18:26:35 - [MESSAGE][PASSED] - Object 'Object Repository/Page_The Story and Evolution of Doodles - G_6e786d/h2_Weve created more than 5,000 Doodles ove_111429' is visible

17-06-2024T18:26:35 - [TEST_STEP][PASSED] - click(findTestObject("Object Repository/Page_The Story and Evolution of Doodles - G_6e786d/p_The first Doodle was a simple out-of-offi_345e61")): Object: 'Object Repository/Page_The Story and Evolution of Doodles - G_6e786d/p_The first Doodle was a simple out-of-offi_345e61' is clicked on

17-06-2024T18:26:35 - [MESSAGE][PASSED] - Object: 'Object Repository/Page_The Story and Evolution of Doodles - G_6e786d/p_The first Doodle was a simple out-of-offi_345e61' is clicked on

17-06-2024T18:26:35 - [TEST_STEP][PASSED] - verifyElementVisible(findTestObject("Object Repository/Page_The Story and Evolution of Doodles - G_6e786d/h1_The story behind Doodles")): Object 'Object Repository/Page_The Story and Evolution of Doodles - G_6e786d/h1_The story behind Doodles' is visible

17-06-2024T18:26:36 - [MESSAGE][PASSED] - Object 'Object Repository/Page_The Story and Evolution of Doodles - G_6e786d/h1_The story behind Doodles' is visible

17-06-2024T18:26:36 - [TEST_STEP][PASSED] - verifyElementVisible(findTestObject("Object Repository/Page_The Story and Evolution of Doodles - G_6e786d/p_The first Doodle was a simple out-of-offi_345e61")): Object 'Object Repository/Page_The Story and Evolution of Doodles - G_6e786d/p_The first Doodle was a simple out-of-offi_345e61' is visible

17-06-2024T18:26:36 - [MESSAGE][PASSED] - Object 'Object Repository/Page_The Story and Evolution of Doodles - G_6e786d/p_The first Doodle was a simple out-of-offi_345e61' is visible

17-06-2024T18:26:36 - [TEST_STEP][PASSED] - verifyElementVisible(findTestObject("Object Repository/Page_The Story and Evolution of Doodles - G_6e786d/h2_Weve created more than 5,000 Doodles ove_111429")): Object 'Object Repository/Page_The Story and Evolution of Doodles - G_6e786d/h2_Weve created more than 5,000 Doodles ove_111429' is visible

17-06-2024T18:26:36 - [MESSAGE][PASSED] - Object 'Object Repository/Page_The Story and Evolution of Doodles - G_6e786d/h2_Weve created more than 5,000 Doodles ove_111429' is visible

17-06-2024T18:26:36 - [TEST_STEP][PASSED] - click(findTestObject("Object Repository/Page_The Story and Evolution of Doodles - G_6e786d/p_The first Doodle was a simple out-of-offi_345e61")): Object: 'Object Repository/Page_The Story and Evolution of Doodles - G_6e786d/p_The first Doodle was a simple out-of-offi_345e61' is clicked on

17-06-2024T18:26:37 - [MESSAGE][PASSED] - Object: 'Object Repository/Page_The Story and Evolution of Doodles - G_6e786d/p_The first Doodle was a simple out-of-offi_345e61' is clicked on

17-06-2024T18:26:37 - [TEST_STEP][PASSED] - verifyElementVisible(findTestObject("Object Repository/Page_The Story and Evolution of Doodles - G_6e786d/h1_The story behind Doodles")): Object 'Object Repository/Page_The Story and Evolution of Doodles - G_6e786d/h1_The story behind Doodles' is visible

17-06-2024T18:26:37 - [MESSAGE][PASSED] - Object 'Object Repository/Page_The Story and Evolution of Doodles - G_6e786d/h1_The story behind Doodles' is visible

17-06-2024T18:26:37 - [TEST_STEP][PASSED] - verifyElementVisible(findTestObject("Object Repository/Page_The Story and Evolution of Doodles - G_6e786d/p_The first Doodle was a simple out-of-offi_345e61")): Object 'Object Repository/Page_The Story and Evolution of Doodles - G_6e786d/p_The first Doodle was a simple out-of-offi_345e61' is visible

17-06-2024T18:26:38 - [MESSAGE][PASSED] - Object 'Object Repository/Page_The Story and Evolution of Doodles - G_6e786d/p_The first Doodle was a simple out-of-offi_345e61' is visible

17-06-2024T18:26:38 - [TEST_STEP][PASSED] - verifyElementVisible(findTestObject("Object Repository/Page_The Story and Evolution of Doodles - G_6e786d/h2_Weve created more than 5,000 Doodles ove_111429")): Object 'Object Repository/Page_The Story and Evolution of Doodles - G_6e786d/h2_Weve created more than 5,000 Doodles ove_111429' is visible

17-06-2024T18:26:38 - [MESSAGE][PASSED] - Object 'Object Repository/Page_The Story and Evolution of Doodles - G_6e786d/h2_Weve created more than 5,000 Doodles ove_111429' is visible

17-06-2024T18:26:38 - [TEST_STEP][PASSED] - click(findTestObject("Object Repository/Page_The Story and Evolution of Doodles - G_6e786d/p_The first Doodle was a simple out-of-offi_345e61")): Object: 'Object Repository/Page_The Story and Evolution of Doodles - G_6e786d/p_The first Doodle was a simple out-of-offi_345e61' is clicked on

17-06-2024T18:26:38 - [MESSAGE][PASSED] - Object: 'Object Repository/Page_The Story and Evolution of Doodles - G_6e786d/p_The first Doodle was a simple out-of-offi_345e61' is clicked on

17-06-2024T18:26:38 - [TEST_STEP][PASSED] - verifyElementVisible(findTestObject("Object Repository/Page_The Story and Evolution of Doodles - G_6e786d/h1_The story behind Doodles")): Object 'Object Repository/Page_The Story and Evolution of Doodles - G_6e786d/h1_The story behind Doodles' is visible

17-06-2024T18:26:39 - [MESSAGE][PASSED] - Object 'Object Repository/Page_The Story and Evolution of Doodles - G_6e786d/h1_The story behind Doodles' is visible

17-06-2024T18:26:39 - [TEST_STEP][PASSED] - verifyElementVisible(findTestObject("Object Repository/Page_The Story and Evolution of Doodles - G_6e786d/p_The first Doodle was a simple out-of-offi_345e61")): Object 'Object Repository/Page_The Story and Evolution of Doodles - G_6e786d/p_The first Doodle was a simple out-of-offi_345e61' is visible

17-06-2024T18:26:39 - [MESSAGE][PASSED] - Object 'Object Repository/Page_The Story and Evolution of Doodles - G_6e786d/p_The first Doodle was a simple out-of-offi_345e61' is visible

17-06-2024T18:26:39 - [TEST_STEP][PASSED] - verifyElementVisible(findTestObject("Object Repository/Page_The Story and Evolution of Doodles - G_6e786d/h2_Weve created more than 5,000 Doodles ove_111429")): Object 'Object Repository/Page_The Story and Evolution of Doodles - G_6e786d/h2_Weve created more than 5,000 Doodles ove_111429' is visible

17-06-2024T18:26:39 - [MESSAGE][PASSED] - Object 'Object Repository/Page_The Story and Evolution of Doodles - G_6e786d/h2_Weve created more than 5,000 Doodles ove_111429' is visible

17-06-2024T18:26:39 - [TEST_STEP][PASSED] - click(findTestObject("Object Repository/Page_The Story and Evolution of Doodles - G_6e786d/p_The first Doodle was a simple out-of-offi_345e61")): Object: 'Object Repository/Page_The Story and Evolution of Doodles - G_6e786d/p_The first Doodle was a simple out-of-offi_345e61' is clicked on

17-06-2024T18:26:40 - [MESSAGE][PASSED] - Object: 'Object Repository/Page_The Story and Evolution of Doodles - G_6e786d/p_The first Doodle was a simple out-of-offi_345e61' is clicked on

17-06-2024T18:26:40 - [TEST_STEP][PASSED] - verifyElementVisible(findTestObject("Object Repository/Page_The Story and Evolution of Doodles - G_6e786d/h1_The story behind Doodles")): Object 'Object Repository/Page_The Story and Evolution of Doodles - G_6e786d/h1_The story behind Doodles' is visible

17-06-2024T18:26:40 - [MESSAGE][PASSED] - Object 'Object Repository/Page_The Story and Evolution of Doodles - G_6e786d/h1_The story behind Doodles' is visible

17-06-2024T18:26:40 - [TEST_STEP][PASSED] - verifyElementVisible(findTestObject("Object Repository/Page_The Story and Evolution of Doodles - G_6e786d/p_The first Doodle was a simple out-of-offi_345e61")): Object 'Object Repository/Page_The Story and Evolution of Doodles - G_6e786d/p_The first Doodle was a simple out-of-offi_345e61' is visible

17-06-2024T18:26:40 - [MESSAGE][PASSED] - Object 'Object Repository/Page_The Story and Evolution of Doodles - G_6e786d/p_The first Doodle was a simple out-of-offi_345e61' is visible

17-06-2024T18:26:40 - [TEST_STEP][PASSED] - verifyElementVisible(findTestObject("Object Repository/Page_The Story and Evolution of Doodles - G_6e786d/h2_Weve created more than 5,000 Doodles ove_111429")): Object 'Object Repository/Page_The Story and Evolution of Doodles - G_6e786d/h2_Weve created more than 5,000 Doodles ove_111429' is visible

17-06-2024T18:26:41 - [MESSAGE][PASSED] - Object 'Object Repository/Page_The Story and Evolution of Doodles - G_6e786d/h2_Weve created more than 5,000 Doodles ove_111429' is visible]]></system-out>
         <system-err><![CDATA[]]></system-err>
      </testcase>
      <testcase name="Test Cases/test case folder 1/tc1 - Copy (5) - Copy (4)" time="18.93" classname="Test Cases/test case folder 1/tc1 - Copy (5) - Copy (4)" status="PASSED">
         <system-out><![CDATA[17-06-2024T18:26:41 - [TEST_CASE][PASSED] - Test Cases/test case folder 1/tc1 - Copy (5) - Copy (4): Test Cases/test case folder 1/tc1 - Copy (5) - Copy (4)

17-06-2024T18:26:41 - [TEST_STEP][PASSED] - openBrowser(""): Browser is opened with url: ''

17-06-2024T18:26:41 - [MESSAGE][WARNING] - A browser is already opened. Closing browser and opening a new one

17-06-2024T18:26:41 - [MESSAGE][INFO] - Starting 'Chrome (headless)' driver

17-06-2024T18:26:41 - [MESSAGE][INFO] - Action delay is set to 0 milliseconds

17-06-2024T18:26:42 - [MESSAGE][PASSED] - Browser is opened with url: ''

17-06-2024T18:26:42 - [TEST_STEP][PASSED] - navigateToUrl("https://doodles.google/about/"): Navigate to 'https://doodles.google/about/' successfully

17-06-2024T18:26:44 - [MESSAGE][PASSED] - Navigate to 'https://doodles.google/about/' successfully

17-06-2024T18:26:44 - [TEST_STEP][PASSED] - click(findTestObject("Object Repository/Page_The Story and Evolution of Doodles - G_6e786d/p_The first Doodle was a simple out-of-offi_345e61")): Object: 'Object Repository/Page_The Story and Evolution of Doodles - G_6e786d/p_The first Doodle was a simple out-of-offi_345e61' is clicked on

17-06-2024T18:26:45 - [MESSAGE][PASSED] - Object: 'Object Repository/Page_The Story and Evolution of Doodles - G_6e786d/p_The first Doodle was a simple out-of-offi_345e61' is clicked on

17-06-2024T18:26:45 - [TEST_STEP][PASSED] - click(findTestObject("Object Repository/Page_The Story and Evolution of Doodles - G_6e786d/p_The first Doodle was a simple out-of-offi_345e61")): Object: 'Object Repository/Page_The Story and Evolution of Doodles - G_6e786d/p_The first Doodle was a simple out-of-offi_345e61' is clicked on

17-06-2024T18:26:45 - [MESSAGE][PASSED] - Object: 'Object Repository/Page_The Story and Evolution of Doodles - G_6e786d/p_The first Doodle was a simple out-of-offi_345e61' is clicked on

17-06-2024T18:26:45 - [TEST_STEP][PASSED] - verifyElementVisible(findTestObject("Object Repository/Page_The Story and Evolution of Doodles - G_6e786d/h1_The story behind Doodles")): Object 'Object Repository/Page_The Story and Evolution of Doodles - G_6e786d/h1_The story behind Doodles' is visible

17-06-2024T18:26:45 - [MESSAGE][PASSED] - Object 'Object Repository/Page_The Story and Evolution of Doodles - G_6e786d/h1_The story behind Doodles' is visible

17-06-2024T18:26:45 - [TEST_STEP][PASSED] - verifyElementVisible(findTestObject("Object Repository/Page_The Story and Evolution of Doodles - G_6e786d/p_The first Doodle was a simple out-of-offi_345e61")): Object 'Object Repository/Page_The Story and Evolution of Doodles - G_6e786d/p_The first Doodle was a simple out-of-offi_345e61' is visible

17-06-2024T18:26:46 - [MESSAGE][PASSED] - Object 'Object Repository/Page_The Story and Evolution of Doodles - G_6e786d/p_The first Doodle was a simple out-of-offi_345e61' is visible

17-06-2024T18:26:46 - [TEST_STEP][PASSED] - verifyElementVisible(findTestObject("Object Repository/Page_The Story and Evolution of Doodles - G_6e786d/h2_Weve created more than 5,000 Doodles ove_111429")): Object 'Object Repository/Page_The Story and Evolution of Doodles - G_6e786d/h2_Weve created more than 5,000 Doodles ove_111429' is visible

17-06-2024T18:26:46 - [MESSAGE][PASSED] - Object 'Object Repository/Page_The Story and Evolution of Doodles - G_6e786d/h2_Weve created more than 5,000 Doodles ove_111429' is visible

17-06-2024T18:26:46 - [TEST_STEP][PASSED] - verifyElementVisible(findTestObject("Object Repository/Page_The Story and Evolution of Doodles - G_6e786d/h1_The story behind Doodles")): Object 'Object Repository/Page_The Story and Evolution of Doodles - G_6e786d/h1_The story behind Doodles' is visible

17-06-2024T18:26:46 - [MESSAGE][PASSED] - Object 'Object Repository/Page_The Story and Evolution of Doodles - G_6e786d/h1_The story behind Doodles' is visible

17-06-2024T18:26:46 - [TEST_STEP][PASSED] - verifyElementVisible(findTestObject("Object Repository/Page_The Story and Evolution of Doodles - G_6e786d/p_The first Doodle was a simple out-of-offi_345e61")): Object 'Object Repository/Page_The Story and Evolution of Doodles - G_6e786d/p_The first Doodle was a simple out-of-offi_345e61' is visible

17-06-2024T18:26:47 - [MESSAGE][PASSED] - Object 'Object Repository/Page_The Story and Evolution of Doodles - G_6e786d/p_The first Doodle was a simple out-of-offi_345e61' is visible

17-06-2024T18:26:47 - [TEST_STEP][PASSED] - verifyElementVisible(findTestObject("Object Repository/Page_The Story and Evolution of Doodles - G_6e786d/h2_Weve created more than 5,000 Doodles ove_111429")): Object 'Object Repository/Page_The Story and Evolution of Doodles - G_6e786d/h2_Weve created more than 5,000 Doodles ove_111429' is visible

17-06-2024T18:26:47 - [MESSAGE][PASSED] - Object 'Object Repository/Page_The Story and Evolution of Doodles - G_6e786d/h2_Weve created more than 5,000 Doodles ove_111429' is visible

17-06-2024T18:26:47 - [TEST_STEP][PASSED] - click(findTestObject("Object Repository/Page_The Story and Evolution of Doodles - G_6e786d/p_The first Doodle was a simple out-of-offi_345e61")): Object: 'Object Repository/Page_The Story and Evolution of Doodles - G_6e786d/p_The first Doodle was a simple out-of-offi_345e61' is clicked on

17-06-2024T18:26:47 - [MESSAGE][PASSED] - Object: 'Object Repository/Page_The Story and Evolution of Doodles - G_6e786d/p_The first Doodle was a simple out-of-offi_345e61' is clicked on

17-06-2024T18:26:47 - [TEST_STEP][PASSED] - verifyElementVisible(findTestObject("Object Repository/Page_The Story and Evolution of Doodles - G_6e786d/h1_The story behind Doodles")): Object 'Object Repository/Page_The Story and Evolution of Doodles - G_6e786d/h1_The story behind Doodles' is visible

17-06-2024T18:26:48 - [MESSAGE][PASSED] - Object 'Object Repository/Page_The Story and Evolution of Doodles - G_6e786d/h1_The story behind Doodles' is visible

17-06-2024T18:26:48 - [TEST_STEP][PASSED] - verifyElementVisible(findTestObject("Object Repository/Page_The Story and Evolution of Doodles - G_6e786d/p_The first Doodle was a simple out-of-offi_345e61")): Object 'Object Repository/Page_The Story and Evolution of Doodles - G_6e786d/p_The first Doodle was a simple out-of-offi_345e61' is visible

17-06-2024T18:26:48 - [MESSAGE][PASSED] - Object 'Object Repository/Page_The Story and Evolution of Doodles - G_6e786d/p_The first Doodle was a simple out-of-offi_345e61' is visible

17-06-2024T18:26:48 - [TEST_STEP][PASSED] - verifyElementVisible(findTestObject("Object Repository/Page_The Story and Evolution of Doodles - G_6e786d/h2_Weve created more than 5,000 Doodles ove_111429")): Object 'Object Repository/Page_The Story and Evolution of Doodles - G_6e786d/h2_Weve created more than 5,000 Doodles ove_111429' is visible

17-06-2024T18:26:48 - [MESSAGE][PASSED] - Object 'Object Repository/Page_The Story and Evolution of Doodles - G_6e786d/h2_Weve created more than 5,000 Doodles ove_111429' is visible

17-06-2024T18:26:48 - [TEST_STEP][PASSED] - click(findTestObject("Object Repository/Page_The Story and Evolution of Doodles - G_6e786d/p_The first Doodle was a simple out-of-offi_345e61")): Object: 'Object Repository/Page_The Story and Evolution of Doodles - G_6e786d/p_The first Doodle was a simple out-of-offi_345e61' is clicked on

17-06-2024T18:26:49 - [MESSAGE][PASSED] - Object: 'Object Repository/Page_The Story and Evolution of Doodles - G_6e786d/p_The first Doodle was a simple out-of-offi_345e61' is clicked on

17-06-2024T18:26:49 - [TEST_STEP][PASSED] - verifyElementVisible(findTestObject("Object Repository/Page_The Story and Evolution of Doodles - G_6e786d/h1_The story behind Doodles")): Object 'Object Repository/Page_The Story and Evolution of Doodles - G_6e786d/h1_The story behind Doodles' is visible

17-06-2024T18:26:49 - [MESSAGE][PASSED] - Object 'Object Repository/Page_The Story and Evolution of Doodles - G_6e786d/h1_The story behind Doodles' is visible

17-06-2024T18:26:49 - [TEST_STEP][PASSED] - verifyElementVisible(findTestObject("Object Repository/Page_The Story and Evolution of Doodles - G_6e786d/p_The first Doodle was a simple out-of-offi_345e61")): Object 'Object Repository/Page_The Story and Evolution of Doodles - G_6e786d/p_The first Doodle was a simple out-of-offi_345e61' is visible

17-06-2024T18:26:49 - [MESSAGE][PASSED] - Object 'Object Repository/Page_The Story and Evolution of Doodles - G_6e786d/p_The first Doodle was a simple out-of-offi_345e61' is visible

17-06-2024T18:26:49 - [TEST_STEP][PASSED] - verifyElementVisible(findTestObject("Object Repository/Page_The Story and Evolution of Doodles - G_6e786d/h2_Weve created more than 5,000 Doodles ove_111429")): Object 'Object Repository/Page_The Story and Evolution of Doodles - G_6e786d/h2_Weve created more than 5,000 Doodles ove_111429' is visible

17-06-2024T18:26:50 - [MESSAGE][PASSED] - Object 'Object Repository/Page_The Story and Evolution of Doodles - G_6e786d/h2_Weve created more than 5,000 Doodles ove_111429' is visible

17-06-2024T18:26:50 - [TEST_STEP][PASSED] - click(findTestObject("Object Repository/Page_The Story and Evolution of Doodles - G_6e786d/p_The first Doodle was a simple out-of-offi_345e61")): Object: 'Object Repository/Page_The Story and Evolution of Doodles - G_6e786d/p_The first Doodle was a simple out-of-offi_345e61' is clicked on

17-06-2024T18:26:50 - [MESSAGE][PASSED] - Object: 'Object Repository/Page_The Story and Evolution of Doodles - G_6e786d/p_The first Doodle was a simple out-of-offi_345e61' is clicked on

17-06-2024T18:26:50 - [TEST_STEP][PASSED] - verifyElementVisible(findTestObject("Object Repository/Page_The Story and Evolution of Doodles - G_6e786d/h1_The story behind Doodles")): Object 'Object Repository/Page_The Story and Evolution of Doodles - G_6e786d/h1_The story behind Doodles' is visible

17-06-2024T18:26:50 - [MESSAGE][PASSED] - Object 'Object Repository/Page_The Story and Evolution of Doodles - G_6e786d/h1_The story behind Doodles' is visible

17-06-2024T18:26:50 - [TEST_STEP][PASSED] - verifyElementVisible(findTestObject("Object Repository/Page_The Story and Evolution of Doodles - G_6e786d/p_The first Doodle was a simple out-of-offi_345e61")): Object 'Object Repository/Page_The Story and Evolution of Doodles - G_6e786d/p_The first Doodle was a simple out-of-offi_345e61' is visible

17-06-2024T18:26:51 - [MESSAGE][PASSED] - Object 'Object Repository/Page_The Story and Evolution of Doodles - G_6e786d/p_The first Doodle was a simple out-of-offi_345e61' is visible

17-06-2024T18:26:51 - [TEST_STEP][PASSED] - verifyElementVisible(findTestObject("Object Repository/Page_The Story and Evolution of Doodles - G_6e786d/h2_Weve created more than 5,000 Doodles ove_111429")): Object 'Object Repository/Page_The Story and Evolution of Doodles - G_6e786d/h2_Weve created more than 5,000 Doodles ove_111429' is visible

17-06-2024T18:26:51 - [MESSAGE][PASSED] - Object 'Object Repository/Page_The Story and Evolution of Doodles - G_6e786d/h2_Weve created more than 5,000 Doodles ove_111429' is visible

17-06-2024T18:26:51 - [TEST_STEP][PASSED] - click(findTestObject("Object Repository/Page_The Story and Evolution of Doodles - G_6e786d/p_The first Doodle was a simple out-of-offi_345e61")): Object: 'Object Repository/Page_The Story and Evolution of Doodles - G_6e786d/p_The first Doodle was a simple out-of-offi_345e61' is clicked on

17-06-2024T18:26:51 - [MESSAGE][PASSED] - Object: 'Object Repository/Page_The Story and Evolution of Doodles - G_6e786d/p_The first Doodle was a simple out-of-offi_345e61' is clicked on

17-06-2024T18:26:51 - [TEST_STEP][PASSED] - verifyElementVisible(findTestObject("Object Repository/Page_The Story and Evolution of Doodles - G_6e786d/h1_The story behind Doodles")): Object 'Object Repository/Page_The Story and Evolution of Doodles - G_6e786d/h1_The story behind Doodles' is visible

17-06-2024T18:26:52 - [MESSAGE][PASSED] - Object 'Object Repository/Page_The Story and Evolution of Doodles - G_6e786d/h1_The story behind Doodles' is visible

17-06-2024T18:26:52 - [TEST_STEP][PASSED] - verifyElementVisible(findTestObject("Object Repository/Page_The Story and Evolution of Doodles - G_6e786d/p_The first Doodle was a simple out-of-offi_345e61")): Object 'Object Repository/Page_The Story and Evolution of Doodles - G_6e786d/p_The first Doodle was a simple out-of-offi_345e61' is visible

17-06-2024T18:26:52 - [MESSAGE][PASSED] - Object 'Object Repository/Page_The Story and Evolution of Doodles - G_6e786d/p_The first Doodle was a simple out-of-offi_345e61' is visible

17-06-2024T18:26:52 - [TEST_STEP][PASSED] - verifyElementVisible(findTestObject("Object Repository/Page_The Story and Evolution of Doodles - G_6e786d/h2_Weve created more than 5,000 Doodles ove_111429")): Object 'Object Repository/Page_The Story and Evolution of Doodles - G_6e786d/h2_Weve created more than 5,000 Doodles ove_111429' is visible

17-06-2024T18:26:52 - [MESSAGE][PASSED] - Object 'Object Repository/Page_The Story and Evolution of Doodles - G_6e786d/h2_Weve created more than 5,000 Doodles ove_111429' is visible

17-06-2024T18:26:52 - [TEST_STEP][PASSED] - click(findTestObject("Object Repository/Page_The Story and Evolution of Doodles - G_6e786d/p_The first Doodle was a simple out-of-offi_345e61")): Object: 'Object Repository/Page_The Story and Evolution of Doodles - G_6e786d/p_The first Doodle was a simple out-of-offi_345e61' is clicked on

17-06-2024T18:26:53 - [MESSAGE][PASSED] - Object: 'Object Repository/Page_The Story and Evolution of Doodles - G_6e786d/p_The first Doodle was a simple out-of-offi_345e61' is clicked on

17-06-2024T18:26:53 - [TEST_STEP][PASSED] - verifyElementVisible(findTestObject("Object Repository/Page_The Story and Evolution of Doodles - G_6e786d/h1_The story behind Doodles")): Object 'Object Repository/Page_The Story and Evolution of Doodles - G_6e786d/h1_The story behind Doodles' is visible

17-06-2024T18:26:53 - [MESSAGE][PASSED] - Object 'Object Repository/Page_The Story and Evolution of Doodles - G_6e786d/h1_The story behind Doodles' is visible

17-06-2024T18:26:53 - [TEST_STEP][PASSED] - verifyElementVisible(findTestObject("Object Repository/Page_The Story and Evolution of Doodles - G_6e786d/p_The first Doodle was a simple out-of-offi_345e61")): Object 'Object Repository/Page_The Story and Evolution of Doodles - G_6e786d/p_The first Doodle was a simple out-of-offi_345e61' is visible

17-06-2024T18:26:54 - [MESSAGE][PASSED] - Object 'Object Repository/Page_The Story and Evolution of Doodles - G_6e786d/p_The first Doodle was a simple out-of-offi_345e61' is visible

17-06-2024T18:26:54 - [TEST_STEP][PASSED] - verifyElementVisible(findTestObject("Object Repository/Page_The Story and Evolution of Doodles - G_6e786d/h2_Weve created more than 5,000 Doodles ove_111429")): Object 'Object Repository/Page_The Story and Evolution of Doodles - G_6e786d/h2_Weve created more than 5,000 Doodles ove_111429' is visible

17-06-2024T18:26:54 - [MESSAGE][PASSED] - Object 'Object Repository/Page_The Story and Evolution of Doodles - G_6e786d/h2_Weve created more than 5,000 Doodles ove_111429' is visible

17-06-2024T18:26:54 - [TEST_STEP][PASSED] - click(findTestObject("Object Repository/Page_The Story and Evolution of Doodles - G_6e786d/p_The first Doodle was a simple out-of-offi_345e61")): Object: 'Object Repository/Page_The Story and Evolution of Doodles - G_6e786d/p_The first Doodle was a simple out-of-offi_345e61' is clicked on

17-06-2024T18:26:54 - [MESSAGE][PASSED] - Object: 'Object Repository/Page_The Story and Evolution of Doodles - G_6e786d/p_The first Doodle was a simple out-of-offi_345e61' is clicked on

17-06-2024T18:26:54 - [TEST_STEP][PASSED] - verifyElementVisible(findTestObject("Object Repository/Page_The Story and Evolution of Doodles - G_6e786d/h1_The story behind Doodles")): Object 'Object Repository/Page_The Story and Evolution of Doodles - G_6e786d/h1_The story behind Doodles' is visible

17-06-2024T18:26:55 - [MESSAGE][PASSED] - Object 'Object Repository/Page_The Story and Evolution of Doodles - G_6e786d/h1_The story behind Doodles' is visible

17-06-2024T18:26:55 - [TEST_STEP][PASSED] - verifyElementVisible(findTestObject("Object Repository/Page_The Story and Evolution of Doodles - G_6e786d/p_The first Doodle was a simple out-of-offi_345e61")): Object 'Object Repository/Page_The Story and Evolution of Doodles - G_6e786d/p_The first Doodle was a simple out-of-offi_345e61' is visible

17-06-2024T18:26:55 - [MESSAGE][PASSED] - Object 'Object Repository/Page_The Story and Evolution of Doodles - G_6e786d/p_The first Doodle was a simple out-of-offi_345e61' is visible

17-06-2024T18:26:55 - [TEST_STEP][PASSED] - verifyElementVisible(findTestObject("Object Repository/Page_The Story and Evolution of Doodles - G_6e786d/h2_Weve created more than 5,000 Doodles ove_111429")): Object 'Object Repository/Page_The Story and Evolution of Doodles - G_6e786d/h2_Weve created more than 5,000 Doodles ove_111429' is visible

17-06-2024T18:26:55 - [MESSAGE][PASSED] - Object 'Object Repository/Page_The Story and Evolution of Doodles - G_6e786d/h2_Weve created more than 5,000 Doodles ove_111429' is visible

17-06-2024T18:26:55 - [TEST_STEP][PASSED] - click(findTestObject("Object Repository/Page_The Story and Evolution of Doodles - G_6e786d/p_The first Doodle was a simple out-of-offi_345e61")): Object: 'Object Repository/Page_The Story and Evolution of Doodles - G_6e786d/p_The first Doodle was a simple out-of-offi_345e61' is clicked on

17-06-2024T18:26:56 - [MESSAGE][PASSED] - Object: 'Object Repository/Page_The Story and Evolution of Doodles - G_6e786d/p_The first Doodle was a simple out-of-offi_345e61' is clicked on

17-06-2024T18:26:56 - [TEST_STEP][PASSED] - verifyElementVisible(findTestObject("Object Repository/Page_The Story and Evolution of Doodles - G_6e786d/h1_The story behind Doodles")): Object 'Object Repository/Page_The Story and Evolution of Doodles - G_6e786d/h1_The story behind Doodles' is visible

17-06-2024T18:26:56 - [MESSAGE][PASSED] - Object 'Object Repository/Page_The Story and Evolution of Doodles - G_6e786d/h1_The story behind Doodles' is visible

17-06-2024T18:26:56 - [TEST_STEP][PASSED] - verifyElementVisible(findTestObject("Object Repository/Page_The Story and Evolution of Doodles - G_6e786d/p_The first Doodle was a simple out-of-offi_345e61")): Object 'Object Repository/Page_The Story and Evolution of Doodles - G_6e786d/p_The first Doodle was a simple out-of-offi_345e61' is visible

17-06-2024T18:26:56 - [MESSAGE][PASSED] - Object 'Object Repository/Page_The Story and Evolution of Doodles - G_6e786d/p_The first Doodle was a simple out-of-offi_345e61' is visible

17-06-2024T18:26:56 - [TEST_STEP][PASSED] - verifyElementVisible(findTestObject("Object Repository/Page_The Story and Evolution of Doodles - G_6e786d/h2_Weve created more than 5,000 Doodles ove_111429")): Object 'Object Repository/Page_The Story and Evolution of Doodles - G_6e786d/h2_Weve created more than 5,000 Doodles ove_111429' is visible

17-06-2024T18:26:57 - [MESSAGE][PASSED] - Object 'Object Repository/Page_The Story and Evolution of Doodles - G_6e786d/h2_Weve created more than 5,000 Doodles ove_111429' is visible

17-06-2024T18:26:57 - [TEST_STEP][PASSED] - click(findTestObject("Object Repository/Page_The Story and Evolution of Doodles - G_6e786d/p_The first Doodle was a simple out-of-offi_345e61")): Object: 'Object Repository/Page_The Story and Evolution of Doodles - G_6e786d/p_The first Doodle was a simple out-of-offi_345e61' is clicked on

17-06-2024T18:26:57 - [MESSAGE][PASSED] - Object: 'Object Repository/Page_The Story and Evolution of Doodles - G_6e786d/p_The first Doodle was a simple out-of-offi_345e61' is clicked on

17-06-2024T18:26:57 - [TEST_STEP][PASSED] - verifyElementVisible(findTestObject("Object Repository/Page_The Story and Evolution of Doodles - G_6e786d/h1_The story behind Doodles")): Object 'Object Repository/Page_The Story and Evolution of Doodles - G_6e786d/h1_The story behind Doodles' is visible

17-06-2024T18:26:58 - [MESSAGE][PASSED] - Object 'Object Repository/Page_The Story and Evolution of Doodles - G_6e786d/h1_The story behind Doodles' is visible

17-06-2024T18:26:58 - [TEST_STEP][PASSED] - verifyElementVisible(findTestObject("Object Repository/Page_The Story and Evolution of Doodles - G_6e786d/p_The first Doodle was a simple out-of-offi_345e61")): Object 'Object Repository/Page_The Story and Evolution of Doodles - G_6e786d/p_The first Doodle was a simple out-of-offi_345e61' is visible

17-06-2024T18:26:58 - [MESSAGE][PASSED] - Object 'Object Repository/Page_The Story and Evolution of Doodles - G_6e786d/p_The first Doodle was a simple out-of-offi_345e61' is visible

17-06-2024T18:26:58 - [TEST_STEP][PASSED] - verifyElementVisible(findTestObject("Object Repository/Page_The Story and Evolution of Doodles - G_6e786d/h2_Weve created more than 5,000 Doodles ove_111429")): Object 'Object Repository/Page_The Story and Evolution of Doodles - G_6e786d/h2_Weve created more than 5,000 Doodles ove_111429' is visible

17-06-2024T18:26:58 - [MESSAGE][PASSED] - Object 'Object Repository/Page_The Story and Evolution of Doodles - G_6e786d/h2_Weve created more than 5,000 Doodles ove_111429' is visible

17-06-2024T18:26:58 - [TEST_STEP][PASSED] - click(findTestObject("Object Repository/Page_The Story and Evolution of Doodles - G_6e786d/p_The first Doodle was a simple out-of-offi_345e61")): Object: 'Object Repository/Page_The Story and Evolution of Doodles - G_6e786d/p_The first Doodle was a simple out-of-offi_345e61' is clicked on

17-06-2024T18:26:59 - [MESSAGE][PASSED] - Object: 'Object Repository/Page_The Story and Evolution of Doodles - G_6e786d/p_The first Doodle was a simple out-of-offi_345e61' is clicked on

17-06-2024T18:26:59 - [TEST_STEP][PASSED] - verifyElementVisible(findTestObject("Object Repository/Page_The Story and Evolution of Doodles - G_6e786d/h1_The story behind Doodles")): Object 'Object Repository/Page_The Story and Evolution of Doodles - G_6e786d/h1_The story behind Doodles' is visible

17-06-2024T18:26:59 - [MESSAGE][PASSED] - Object 'Object Repository/Page_The Story and Evolution of Doodles - G_6e786d/h1_The story behind Doodles' is visible

17-06-2024T18:26:59 - [TEST_STEP][PASSED] - verifyElementVisible(findTestObject("Object Repository/Page_The Story and Evolution of Doodles - G_6e786d/p_The first Doodle was a simple out-of-offi_345e61")): Object 'Object Repository/Page_The Story and Evolution of Doodles - G_6e786d/p_The first Doodle was a simple out-of-offi_345e61' is visible

17-06-2024T18:26:59 - [MESSAGE][PASSED] - Object 'Object Repository/Page_The Story and Evolution of Doodles - G_6e786d/p_The first Doodle was a simple out-of-offi_345e61' is visible

17-06-2024T18:26:59 - [TEST_STEP][PASSED] - verifyElementVisible(findTestObject("Object Repository/Page_The Story and Evolution of Doodles - G_6e786d/h2_Weve created more than 5,000 Doodles ove_111429")): Object 'Object Repository/Page_The Story and Evolution of Doodles - G_6e786d/h2_Weve created more than 5,000 Doodles ove_111429' is visible

17-06-2024T18:27:00 - [MESSAGE][PASSED] - Object 'Object Repository/Page_The Story and Evolution of Doodles - G_6e786d/h2_Weve created more than 5,000 Doodles ove_111429' is visible]]></system-out>
         <system-err><![CDATA[]]></system-err>
      </testcase>
      <testcase name="Test Cases/test case folder 1/tc1 - Copy (5) - Copy (5)" time="19.714" classname="Test Cases/test case folder 1/tc1 - Copy (5) - Copy (5)" status="PASSED">
         <system-out><![CDATA[17-06-2024T18:27:00 - [TEST_CASE][PASSED] - Test Cases/test case folder 1/tc1 - Copy (5) - Copy (5): Test Cases/test case folder 1/tc1 - Copy (5) - Copy (5)

17-06-2024T18:27:00 - [TEST_STEP][PASSED] - openBrowser(""): Browser is opened with url: ''

17-06-2024T18:27:00 - [MESSAGE][WARNING] - A browser is already opened. Closing browser and opening a new one

17-06-2024T18:27:00 - [MESSAGE][INFO] - Starting 'Chrome (headless)' driver

17-06-2024T18:27:00 - [MESSAGE][INFO] - Action delay is set to 0 milliseconds

17-06-2024T18:27:01 - [MESSAGE][PASSED] - Browser is opened with url: ''

17-06-2024T18:27:01 - [TEST_STEP][PASSED] - navigateToUrl("https://doodles.google/about/"): Navigate to 'https://doodles.google/about/' successfully

17-06-2024T18:27:04 - [MESSAGE][PASSED] - Navigate to 'https://doodles.google/about/' successfully

17-06-2024T18:27:04 - [TEST_STEP][PASSED] - click(findTestObject("Object Repository/Page_The Story and Evolution of Doodles - G_6e786d/p_The first Doodle was a simple out-of-offi_345e61")): Object: 'Object Repository/Page_The Story and Evolution of Doodles - G_6e786d/p_The first Doodle was a simple out-of-offi_345e61' is clicked on

17-06-2024T18:27:05 - [MESSAGE][PASSED] - Object: 'Object Repository/Page_The Story and Evolution of Doodles - G_6e786d/p_The first Doodle was a simple out-of-offi_345e61' is clicked on

17-06-2024T18:27:05 - [TEST_STEP][PASSED] - click(findTestObject("Object Repository/Page_The Story and Evolution of Doodles - G_6e786d/p_The first Doodle was a simple out-of-offi_345e61")): Object: 'Object Repository/Page_The Story and Evolution of Doodles - G_6e786d/p_The first Doodle was a simple out-of-offi_345e61' is clicked on

17-06-2024T18:27:05 - [MESSAGE][PASSED] - Object: 'Object Repository/Page_The Story and Evolution of Doodles - G_6e786d/p_The first Doodle was a simple out-of-offi_345e61' is clicked on

17-06-2024T18:27:05 - [TEST_STEP][PASSED] - verifyElementVisible(findTestObject("Object Repository/Page_The Story and Evolution of Doodles - G_6e786d/h1_The story behind Doodles")): Object 'Object Repository/Page_The Story and Evolution of Doodles - G_6e786d/h1_The story behind Doodles' is visible

17-06-2024T18:27:06 - [MESSAGE][PASSED] - Object 'Object Repository/Page_The Story and Evolution of Doodles - G_6e786d/h1_The story behind Doodles' is visible

17-06-2024T18:27:06 - [TEST_STEP][PASSED] - verifyElementVisible(findTestObject("Object Repository/Page_The Story and Evolution of Doodles - G_6e786d/p_The first Doodle was a simple out-of-offi_345e61")): Object 'Object Repository/Page_The Story and Evolution of Doodles - G_6e786d/p_The first Doodle was a simple out-of-offi_345e61' is visible

17-06-2024T18:27:06 - [MESSAGE][PASSED] - Object 'Object Repository/Page_The Story and Evolution of Doodles - G_6e786d/p_The first Doodle was a simple out-of-offi_345e61' is visible

17-06-2024T18:27:06 - [TEST_STEP][PASSED] - verifyElementVisible(findTestObject("Object Repository/Page_The Story and Evolution of Doodles - G_6e786d/h2_Weve created more than 5,000 Doodles ove_111429")): Object 'Object Repository/Page_The Story and Evolution of Doodles - G_6e786d/h2_Weve created more than 5,000 Doodles ove_111429' is visible

17-06-2024T18:27:06 - [MESSAGE][PASSED] - Object 'Object Repository/Page_The Story and Evolution of Doodles - G_6e786d/h2_Weve created more than 5,000 Doodles ove_111429' is visible

17-06-2024T18:27:06 - [TEST_STEP][PASSED] - verifyElementVisible(findTestObject("Object Repository/Page_The Story and Evolution of Doodles - G_6e786d/h1_The story behind Doodles")): Object 'Object Repository/Page_The Story and Evolution of Doodles - G_6e786d/h1_The story behind Doodles' is visible

17-06-2024T18:27:06 - [MESSAGE][PASSED] - Object 'Object Repository/Page_The Story and Evolution of Doodles - G_6e786d/h1_The story behind Doodles' is visible

17-06-2024T18:27:06 - [TEST_STEP][PASSED] - verifyElementVisible(findTestObject("Object Repository/Page_The Story and Evolution of Doodles - G_6e786d/p_The first Doodle was a simple out-of-offi_345e61")): Object 'Object Repository/Page_The Story and Evolution of Doodles - G_6e786d/p_The first Doodle was a simple out-of-offi_345e61' is visible

17-06-2024T18:27:07 - [MESSAGE][PASSED] - Object 'Object Repository/Page_The Story and Evolution of Doodles - G_6e786d/p_The first Doodle was a simple out-of-offi_345e61' is visible

17-06-2024T18:27:07 - [TEST_STEP][PASSED] - verifyElementVisible(findTestObject("Object Repository/Page_The Story and Evolution of Doodles - G_6e786d/h2_Weve created more than 5,000 Doodles ove_111429")): Object 'Object Repository/Page_The Story and Evolution of Doodles - G_6e786d/h2_Weve created more than 5,000 Doodles ove_111429' is visible

17-06-2024T18:27:07 - [MESSAGE][PASSED] - Object 'Object Repository/Page_The Story and Evolution of Doodles - G_6e786d/h2_Weve created more than 5,000 Doodles ove_111429' is visible

17-06-2024T18:27:07 - [TEST_STEP][PASSED] - click(findTestObject("Object Repository/Page_The Story and Evolution of Doodles - G_6e786d/p_The first Doodle was a simple out-of-offi_345e61")): Object: 'Object Repository/Page_The Story and Evolution of Doodles - G_6e786d/p_The first Doodle was a simple out-of-offi_345e61' is clicked on

17-06-2024T18:27:07 - [MESSAGE][PASSED] - Object: 'Object Repository/Page_The Story and Evolution of Doodles - G_6e786d/p_The first Doodle was a simple out-of-offi_345e61' is clicked on

17-06-2024T18:27:07 - [TEST_STEP][PASSED] - verifyElementVisible(findTestObject("Object Repository/Page_The Story and Evolution of Doodles - G_6e786d/h1_The story behind Doodles")): Object 'Object Repository/Page_The Story and Evolution of Doodles - G_6e786d/h1_The story behind Doodles' is visible

17-06-2024T18:27:08 - [MESSAGE][PASSED] - Object 'Object Repository/Page_The Story and Evolution of Doodles - G_6e786d/h1_The story behind Doodles' is visible

17-06-2024T18:27:08 - [TEST_STEP][PASSED] - verifyElementVisible(findTestObject("Object Repository/Page_The Story and Evolution of Doodles - G_6e786d/p_The first Doodle was a simple out-of-offi_345e61")): Object 'Object Repository/Page_The Story and Evolution of Doodles - G_6e786d/p_The first Doodle was a simple out-of-offi_345e61' is visible

17-06-2024T18:27:08 - [MESSAGE][PASSED] - Object 'Object Repository/Page_The Story and Evolution of Doodles - G_6e786d/p_The first Doodle was a simple out-of-offi_345e61' is visible

17-06-2024T18:27:08 - [TEST_STEP][PASSED] - verifyElementVisible(findTestObject("Object Repository/Page_The Story and Evolution of Doodles - G_6e786d/h2_Weve created more than 5,000 Doodles ove_111429")): Object 'Object Repository/Page_The Story and Evolution of Doodles - G_6e786d/h2_Weve created more than 5,000 Doodles ove_111429' is visible

17-06-2024T18:27:08 - [MESSAGE][PASSED] - Object 'Object Repository/Page_The Story and Evolution of Doodles - G_6e786d/h2_Weve created more than 5,000 Doodles ove_111429' is visible

17-06-2024T18:27:08 - [TEST_STEP][PASSED] - click(findTestObject("Object Repository/Page_The Story and Evolution of Doodles - G_6e786d/p_The first Doodle was a simple out-of-offi_345e61")): Object: 'Object Repository/Page_The Story and Evolution of Doodles - G_6e786d/p_The first Doodle was a simple out-of-offi_345e61' is clicked on

17-06-2024T18:27:09 - [MESSAGE][PASSED] - Object: 'Object Repository/Page_The Story and Evolution of Doodles - G_6e786d/p_The first Doodle was a simple out-of-offi_345e61' is clicked on

17-06-2024T18:27:09 - [TEST_STEP][PASSED] - verifyElementVisible(findTestObject("Object Repository/Page_The Story and Evolution of Doodles - G_6e786d/h1_The story behind Doodles")): Object 'Object Repository/Page_The Story and Evolution of Doodles - G_6e786d/h1_The story behind Doodles' is visible

17-06-2024T18:27:09 - [MESSAGE][PASSED] - Object 'Object Repository/Page_The Story and Evolution of Doodles - G_6e786d/h1_The story behind Doodles' is visible

17-06-2024T18:27:09 - [TEST_STEP][PASSED] - verifyElementVisible(findTestObject("Object Repository/Page_The Story and Evolution of Doodles - G_6e786d/p_The first Doodle was a simple out-of-offi_345e61")): Object 'Object Repository/Page_The Story and Evolution of Doodles - G_6e786d/p_The first Doodle was a simple out-of-offi_345e61' is visible

17-06-2024T18:27:10 - [MESSAGE][PASSED] - Object 'Object Repository/Page_The Story and Evolution of Doodles - G_6e786d/p_The first Doodle was a simple out-of-offi_345e61' is visible

17-06-2024T18:27:10 - [TEST_STEP][PASSED] - verifyElementVisible(findTestObject("Object Repository/Page_The Story and Evolution of Doodles - G_6e786d/h2_Weve created more than 5,000 Doodles ove_111429")): Object 'Object Repository/Page_The Story and Evolution of Doodles - G_6e786d/h2_Weve created more than 5,000 Doodles ove_111429' is visible

17-06-2024T18:27:10 - [MESSAGE][PASSED] - Object 'Object Repository/Page_The Story and Evolution of Doodles - G_6e786d/h2_Weve created more than 5,000 Doodles ove_111429' is visible

17-06-2024T18:27:10 - [TEST_STEP][PASSED] - click(findTestObject("Object Repository/Page_The Story and Evolution of Doodles - G_6e786d/p_The first Doodle was a simple out-of-offi_345e61")): Object: 'Object Repository/Page_The Story and Evolution of Doodles - G_6e786d/p_The first Doodle was a simple out-of-offi_345e61' is clicked on

17-06-2024T18:27:10 - [MESSAGE][PASSED] - Object: 'Object Repository/Page_The Story and Evolution of Doodles - G_6e786d/p_The first Doodle was a simple out-of-offi_345e61' is clicked on

17-06-2024T18:27:10 - [TEST_STEP][PASSED] - verifyElementVisible(findTestObject("Object Repository/Page_The Story and Evolution of Doodles - G_6e786d/h1_The story behind Doodles")): Object 'Object Repository/Page_The Story and Evolution of Doodles - G_6e786d/h1_The story behind Doodles' is visible

17-06-2024T18:27:11 - [MESSAGE][PASSED] - Object 'Object Repository/Page_The Story and Evolution of Doodles - G_6e786d/h1_The story behind Doodles' is visible

17-06-2024T18:27:11 - [TEST_STEP][PASSED] - verifyElementVisible(findTestObject("Object Repository/Page_The Story and Evolution of Doodles - G_6e786d/p_The first Doodle was a simple out-of-offi_345e61")): Object 'Object Repository/Page_The Story and Evolution of Doodles - G_6e786d/p_The first Doodle was a simple out-of-offi_345e61' is visible

17-06-2024T18:27:11 - [MESSAGE][PASSED] - Object 'Object Repository/Page_The Story and Evolution of Doodles - G_6e786d/p_The first Doodle was a simple out-of-offi_345e61' is visible

17-06-2024T18:27:11 - [TEST_STEP][PASSED] - verifyElementVisible(findTestObject("Object Repository/Page_The Story and Evolution of Doodles - G_6e786d/h2_Weve created more than 5,000 Doodles ove_111429")): Object 'Object Repository/Page_The Story and Evolution of Doodles - G_6e786d/h2_Weve created more than 5,000 Doodles ove_111429' is visible

17-06-2024T18:27:11 - [MESSAGE][PASSED] - Object 'Object Repository/Page_The Story and Evolution of Doodles - G_6e786d/h2_Weve created more than 5,000 Doodles ove_111429' is visible

17-06-2024T18:27:11 - [TEST_STEP][PASSED] - click(findTestObject("Object Repository/Page_The Story and Evolution of Doodles - G_6e786d/p_The first Doodle was a simple out-of-offi_345e61")): Object: 'Object Repository/Page_The Story and Evolution of Doodles - G_6e786d/p_The first Doodle was a simple out-of-offi_345e61' is clicked on

17-06-2024T18:27:12 - [MESSAGE][PASSED] - Object: 'Object Repository/Page_The Story and Evolution of Doodles - G_6e786d/p_The first Doodle was a simple out-of-offi_345e61' is clicked on

17-06-2024T18:27:12 - [TEST_STEP][PASSED] - verifyElementVisible(findTestObject("Object Repository/Page_The Story and Evolution of Doodles - G_6e786d/h1_The story behind Doodles")): Object 'Object Repository/Page_The Story and Evolution of Doodles - G_6e786d/h1_The story behind Doodles' is visible

17-06-2024T18:27:12 - [MESSAGE][PASSED] - Object 'Object Repository/Page_The Story and Evolution of Doodles - G_6e786d/h1_The story behind Doodles' is visible

17-06-2024T18:27:12 - [TEST_STEP][PASSED] - verifyElementVisible(findTestObject("Object Repository/Page_The Story and Evolution of Doodles - G_6e786d/p_The first Doodle was a simple out-of-offi_345e61")): Object 'Object Repository/Page_The Story and Evolution of Doodles - G_6e786d/p_The first Doodle was a simple out-of-offi_345e61' is visible

17-06-2024T18:27:12 - [MESSAGE][PASSED] - Object 'Object Repository/Page_The Story and Evolution of Doodles - G_6e786d/p_The first Doodle was a simple out-of-offi_345e61' is visible

17-06-2024T18:27:12 - [TEST_STEP][PASSED] - verifyElementVisible(findTestObject("Object Repository/Page_The Story and Evolution of Doodles - G_6e786d/h2_Weve created more than 5,000 Doodles ove_111429")): Object 'Object Repository/Page_The Story and Evolution of Doodles - G_6e786d/h2_Weve created more than 5,000 Doodles ove_111429' is visible

17-06-2024T18:27:13 - [MESSAGE][PASSED] - Object 'Object Repository/Page_The Story and Evolution of Doodles - G_6e786d/h2_Weve created more than 5,000 Doodles ove_111429' is visible

17-06-2024T18:27:13 - [TEST_STEP][PASSED] - click(findTestObject("Object Repository/Page_The Story and Evolution of Doodles - G_6e786d/p_The first Doodle was a simple out-of-offi_345e61")): Object: 'Object Repository/Page_The Story and Evolution of Doodles - G_6e786d/p_The first Doodle was a simple out-of-offi_345e61' is clicked on

17-06-2024T18:27:13 - [MESSAGE][PASSED] - Object: 'Object Repository/Page_The Story and Evolution of Doodles - G_6e786d/p_The first Doodle was a simple out-of-offi_345e61' is clicked on

17-06-2024T18:27:13 - [TEST_STEP][PASSED] - verifyElementVisible(findTestObject("Object Repository/Page_The Story and Evolution of Doodles - G_6e786d/h1_The story behind Doodles")): Object 'Object Repository/Page_The Story and Evolution of Doodles - G_6e786d/h1_The story behind Doodles' is visible

17-06-2024T18:27:13 - [MESSAGE][PASSED] - Object 'Object Repository/Page_The Story and Evolution of Doodles - G_6e786d/h1_The story behind Doodles' is visible

17-06-2024T18:27:13 - [TEST_STEP][PASSED] - verifyElementVisible(findTestObject("Object Repository/Page_The Story and Evolution of Doodles - G_6e786d/p_The first Doodle was a simple out-of-offi_345e61")): Object 'Object Repository/Page_The Story and Evolution of Doodles - G_6e786d/p_The first Doodle was a simple out-of-offi_345e61' is visible

17-06-2024T18:27:13 - [MESSAGE][PASSED] - Object 'Object Repository/Page_The Story and Evolution of Doodles - G_6e786d/p_The first Doodle was a simple out-of-offi_345e61' is visible

17-06-2024T18:27:13 - [TEST_STEP][PASSED] - verifyElementVisible(findTestObject("Object Repository/Page_The Story and Evolution of Doodles - G_6e786d/h2_Weve created more than 5,000 Doodles ove_111429")): Object 'Object Repository/Page_The Story and Evolution of Doodles - G_6e786d/h2_Weve created more than 5,000 Doodles ove_111429' is visible

17-06-2024T18:27:14 - [MESSAGE][PASSED] - Object 'Object Repository/Page_The Story and Evolution of Doodles - G_6e786d/h2_Weve created more than 5,000 Doodles ove_111429' is visible

17-06-2024T18:27:14 - [TEST_STEP][PASSED] - click(findTestObject("Object Repository/Page_The Story and Evolution of Doodles - G_6e786d/p_The first Doodle was a simple out-of-offi_345e61")): Object: 'Object Repository/Page_The Story and Evolution of Doodles - G_6e786d/p_The first Doodle was a simple out-of-offi_345e61' is clicked on

17-06-2024T18:27:14 - [MESSAGE][PASSED] - Object: 'Object Repository/Page_The Story and Evolution of Doodles - G_6e786d/p_The first Doodle was a simple out-of-offi_345e61' is clicked on

17-06-2024T18:27:14 - [TEST_STEP][PASSED] - verifyElementVisible(findTestObject("Object Repository/Page_The Story and Evolution of Doodles - G_6e786d/h1_The story behind Doodles")): Object 'Object Repository/Page_The Story and Evolution of Doodles - G_6e786d/h1_The story behind Doodles' is visible

17-06-2024T18:27:14 - [MESSAGE][PASSED] - Object 'Object Repository/Page_The Story and Evolution of Doodles - G_6e786d/h1_The story behind Doodles' is visible

17-06-2024T18:27:14 - [TEST_STEP][PASSED] - verifyElementVisible(findTestObject("Object Repository/Page_The Story and Evolution of Doodles - G_6e786d/p_The first Doodle was a simple out-of-offi_345e61")): Object 'Object Repository/Page_The Story and Evolution of Doodles - G_6e786d/p_The first Doodle was a simple out-of-offi_345e61' is visible

17-06-2024T18:27:15 - [MESSAGE][PASSED] - Object 'Object Repository/Page_The Story and Evolution of Doodles - G_6e786d/p_The first Doodle was a simple out-of-offi_345e61' is visible

17-06-2024T18:27:15 - [TEST_STEP][PASSED] - verifyElementVisible(findTestObject("Object Repository/Page_The Story and Evolution of Doodles - G_6e786d/h2_Weve created more than 5,000 Doodles ove_111429")): Object 'Object Repository/Page_The Story and Evolution of Doodles - G_6e786d/h2_Weve created more than 5,000 Doodles ove_111429' is visible

17-06-2024T18:27:15 - [MESSAGE][PASSED] - Object 'Object Repository/Page_The Story and Evolution of Doodles - G_6e786d/h2_Weve created more than 5,000 Doodles ove_111429' is visible

17-06-2024T18:27:15 - [TEST_STEP][PASSED] - click(findTestObject("Object Repository/Page_The Story and Evolution of Doodles - G_6e786d/p_The first Doodle was a simple out-of-offi_345e61")): Object: 'Object Repository/Page_The Story and Evolution of Doodles - G_6e786d/p_The first Doodle was a simple out-of-offi_345e61' is clicked on

17-06-2024T18:27:16 - [MESSAGE][PASSED] - Object: 'Object Repository/Page_The Story and Evolution of Doodles - G_6e786d/p_The first Doodle was a simple out-of-offi_345e61' is clicked on

17-06-2024T18:27:16 - [TEST_STEP][PASSED] - verifyElementVisible(findTestObject("Object Repository/Page_The Story and Evolution of Doodles - G_6e786d/h1_The story behind Doodles")): Object 'Object Repository/Page_The Story and Evolution of Doodles - G_6e786d/h1_The story behind Doodles' is visible

17-06-2024T18:27:16 - [MESSAGE][PASSED] - Object 'Object Repository/Page_The Story and Evolution of Doodles - G_6e786d/h1_The story behind Doodles' is visible

17-06-2024T18:27:16 - [TEST_STEP][PASSED] - verifyElementVisible(findTestObject("Object Repository/Page_The Story and Evolution of Doodles - G_6e786d/p_The first Doodle was a simple out-of-offi_345e61")): Object 'Object Repository/Page_The Story and Evolution of Doodles - G_6e786d/p_The first Doodle was a simple out-of-offi_345e61' is visible

17-06-2024T18:27:16 - [MESSAGE][PASSED] - Object 'Object Repository/Page_The Story and Evolution of Doodles - G_6e786d/p_The first Doodle was a simple out-of-offi_345e61' is visible

17-06-2024T18:27:16 - [TEST_STEP][PASSED] - verifyElementVisible(findTestObject("Object Repository/Page_The Story and Evolution of Doodles - G_6e786d/h2_Weve created more than 5,000 Doodles ove_111429")): Object 'Object Repository/Page_The Story and Evolution of Doodles - G_6e786d/h2_Weve created more than 5,000 Doodles ove_111429' is visible

17-06-2024T18:27:17 - [MESSAGE][PASSED] - Object 'Object Repository/Page_The Story and Evolution of Doodles - G_6e786d/h2_Weve created more than 5,000 Doodles ove_111429' is visible

17-06-2024T18:27:17 - [TEST_STEP][PASSED] - click(findTestObject("Object Repository/Page_The Story and Evolution of Doodles - G_6e786d/p_The first Doodle was a simple out-of-offi_345e61")): Object: 'Object Repository/Page_The Story and Evolution of Doodles - G_6e786d/p_The first Doodle was a simple out-of-offi_345e61' is clicked on

17-06-2024T18:27:17 - [MESSAGE][PASSED] - Object: 'Object Repository/Page_The Story and Evolution of Doodles - G_6e786d/p_The first Doodle was a simple out-of-offi_345e61' is clicked on

17-06-2024T18:27:17 - [TEST_STEP][PASSED] - verifyElementVisible(findTestObject("Object Repository/Page_The Story and Evolution of Doodles - G_6e786d/h1_The story behind Doodles")): Object 'Object Repository/Page_The Story and Evolution of Doodles - G_6e786d/h1_The story behind Doodles' is visible

17-06-2024T18:27:17 - [MESSAGE][PASSED] - Object 'Object Repository/Page_The Story and Evolution of Doodles - G_6e786d/h1_The story behind Doodles' is visible

17-06-2024T18:27:17 - [TEST_STEP][PASSED] - verifyElementVisible(findTestObject("Object Repository/Page_The Story and Evolution of Doodles - G_6e786d/p_The first Doodle was a simple out-of-offi_345e61")): Object 'Object Repository/Page_The Story and Evolution of Doodles - G_6e786d/p_The first Doodle was a simple out-of-offi_345e61' is visible

17-06-2024T18:27:18 - [MESSAGE][PASSED] - Object 'Object Repository/Page_The Story and Evolution of Doodles - G_6e786d/p_The first Doodle was a simple out-of-offi_345e61' is visible

17-06-2024T18:27:18 - [TEST_STEP][PASSED] - verifyElementVisible(findTestObject("Object Repository/Page_The Story and Evolution of Doodles - G_6e786d/h2_Weve created more than 5,000 Doodles ove_111429")): Object 'Object Repository/Page_The Story and Evolution of Doodles - G_6e786d/h2_Weve created more than 5,000 Doodles ove_111429' is visible

17-06-2024T18:27:18 - [MESSAGE][PASSED] - Object 'Object Repository/Page_The Story and Evolution of Doodles - G_6e786d/h2_Weve created more than 5,000 Doodles ove_111429' is visible

17-06-2024T18:27:18 - [TEST_STEP][PASSED] - click(findTestObject("Object Repository/Page_The Story and Evolution of Doodles - G_6e786d/p_The first Doodle was a simple out-of-offi_345e61")): Object: 'Object Repository/Page_The Story and Evolution of Doodles - G_6e786d/p_The first Doodle was a simple out-of-offi_345e61' is clicked on

17-06-2024T18:27:18 - [MESSAGE][PASSED] - Object: 'Object Repository/Page_The Story and Evolution of Doodles - G_6e786d/p_The first Doodle was a simple out-of-offi_345e61' is clicked on

17-06-2024T18:27:18 - [TEST_STEP][PASSED] - verifyElementVisible(findTestObject("Object Repository/Page_The Story and Evolution of Doodles - G_6e786d/h1_The story behind Doodles")): Object 'Object Repository/Page_The Story and Evolution of Doodles - G_6e786d/h1_The story behind Doodles' is visible

17-06-2024T18:27:19 - [MESSAGE][PASSED] - Object 'Object Repository/Page_The Story and Evolution of Doodles - G_6e786d/h1_The story behind Doodles' is visible

17-06-2024T18:27:19 - [TEST_STEP][PASSED] - verifyElementVisible(findTestObject("Object Repository/Page_The Story and Evolution of Doodles - G_6e786d/p_The first Doodle was a simple out-of-offi_345e61")): Object 'Object Repository/Page_The Story and Evolution of Doodles - G_6e786d/p_The first Doodle was a simple out-of-offi_345e61' is visible

17-06-2024T18:27:19 - [MESSAGE][PASSED] - Object 'Object Repository/Page_The Story and Evolution of Doodles - G_6e786d/p_The first Doodle was a simple out-of-offi_345e61' is visible

17-06-2024T18:27:19 - [TEST_STEP][PASSED] - verifyElementVisible(findTestObject("Object Repository/Page_The Story and Evolution of Doodles - G_6e786d/h2_Weve created more than 5,000 Doodles ove_111429")): Object 'Object Repository/Page_The Story and Evolution of Doodles - G_6e786d/h2_Weve created more than 5,000 Doodles ove_111429' is visible

17-06-2024T18:27:19 - [MESSAGE][PASSED] - Object 'Object Repository/Page_The Story and Evolution of Doodles - G_6e786d/h2_Weve created more than 5,000 Doodles ove_111429' is visible]]></system-out>
         <system-err><![CDATA[]]></system-err>
      </testcase>
      <testcase name="Test Cases/test case folder 1/tc1 - Copy (5) - Copy (6)" time="34.24" classname="Test Cases/test case folder 1/tc1 - Copy (5) - Copy (6)" status="PASSED">
         <system-out><![CDATA[17-06-2024T18:27:19 - [TEST_CASE][PASSED] - Test Cases/test case folder 1/tc1 - Copy (5) - Copy (6): Test Cases/test case folder 1/tc1 - Copy (5) - Copy (6)

17-06-2024T18:27:19 - [TEST_STEP][PASSED] - openBrowser(""): Browser is opened with url: ''

17-06-2024T18:27:19 - [MESSAGE][WARNING] - A browser is already opened. Closing browser and opening a new one

17-06-2024T18:27:20 - [MESSAGE][INFO] - Starting 'Chrome (headless)' driver

17-06-2024T18:27:20 - [MESSAGE][INFO] - Action delay is set to 0 milliseconds

17-06-2024T18:27:21 - [MESSAGE][PASSED] - Browser is opened with url: ''

17-06-2024T18:27:21 - [TEST_STEP][PASSED] - navigateToUrl("https://doodles.google/about/"): Navigate to 'https://doodles.google/about/' successfully

17-06-2024T18:27:37 - [MESSAGE][PASSED] - Navigate to 'https://doodles.google/about/' successfully

17-06-2024T18:27:37 - [TEST_STEP][PASSED] - click(findTestObject("Object Repository/Page_The Story and Evolution of Doodles - G_6e786d/p_The first Doodle was a simple out-of-offi_345e61")): Object: 'Object Repository/Page_The Story and Evolution of Doodles - G_6e786d/p_The first Doodle was a simple out-of-offi_345e61' is clicked on

17-06-2024T18:27:38 - [MESSAGE][PASSED] - Object: 'Object Repository/Page_The Story and Evolution of Doodles - G_6e786d/p_The first Doodle was a simple out-of-offi_345e61' is clicked on

17-06-2024T18:27:38 - [TEST_STEP][PASSED] - click(findTestObject("Object Repository/Page_The Story and Evolution of Doodles - G_6e786d/p_The first Doodle was a simple out-of-offi_345e61")): Object: 'Object Repository/Page_The Story and Evolution of Doodles - G_6e786d/p_The first Doodle was a simple out-of-offi_345e61' is clicked on

17-06-2024T18:27:38 - [MESSAGE][PASSED] - Object: 'Object Repository/Page_The Story and Evolution of Doodles - G_6e786d/p_The first Doodle was a simple out-of-offi_345e61' is clicked on

17-06-2024T18:27:38 - [TEST_STEP][PASSED] - verifyElementVisible(findTestObject("Object Repository/Page_The Story and Evolution of Doodles - G_6e786d/h1_The story behind Doodles")): Object 'Object Repository/Page_The Story and Evolution of Doodles - G_6e786d/h1_The story behind Doodles' is visible

17-06-2024T18:27:39 - [MESSAGE][PASSED] - Object 'Object Repository/Page_The Story and Evolution of Doodles - G_6e786d/h1_The story behind Doodles' is visible

17-06-2024T18:27:39 - [TEST_STEP][PASSED] - verifyElementVisible(findTestObject("Object Repository/Page_The Story and Evolution of Doodles - G_6e786d/p_The first Doodle was a simple out-of-offi_345e61")): Object 'Object Repository/Page_The Story and Evolution of Doodles - G_6e786d/p_The first Doodle was a simple out-of-offi_345e61' is visible

17-06-2024T18:27:39 - [MESSAGE][PASSED] - Object 'Object Repository/Page_The Story and Evolution of Doodles - G_6e786d/p_The first Doodle was a simple out-of-offi_345e61' is visible

17-06-2024T18:27:39 - [TEST_STEP][PASSED] - verifyElementVisible(findTestObject("Object Repository/Page_The Story and Evolution of Doodles - G_6e786d/h2_Weve created more than 5,000 Doodles ove_111429")): Object 'Object Repository/Page_The Story and Evolution of Doodles - G_6e786d/h2_Weve created more than 5,000 Doodles ove_111429' is visible

17-06-2024T18:27:39 - [MESSAGE][PASSED] - Object 'Object Repository/Page_The Story and Evolution of Doodles - G_6e786d/h2_Weve created more than 5,000 Doodles ove_111429' is visible

17-06-2024T18:27:39 - [TEST_STEP][PASSED] - verifyElementVisible(findTestObject("Object Repository/Page_The Story and Evolution of Doodles - G_6e786d/h1_The story behind Doodles")): Object 'Object Repository/Page_The Story and Evolution of Doodles - G_6e786d/h1_The story behind Doodles' is visible

17-06-2024T18:27:40 - [MESSAGE][PASSED] - Object 'Object Repository/Page_The Story and Evolution of Doodles - G_6e786d/h1_The story behind Doodles' is visible

17-06-2024T18:27:40 - [TEST_STEP][PASSED] - verifyElementVisible(findTestObject("Object Repository/Page_The Story and Evolution of Doodles - G_6e786d/p_The first Doodle was a simple out-of-offi_345e61")): Object 'Object Repository/Page_The Story and Evolution of Doodles - G_6e786d/p_The first Doodle was a simple out-of-offi_345e61' is visible

17-06-2024T18:27:40 - [MESSAGE][PASSED] - Object 'Object Repository/Page_The Story and Evolution of Doodles - G_6e786d/p_The first Doodle was a simple out-of-offi_345e61' is visible

17-06-2024T18:27:40 - [TEST_STEP][PASSED] - verifyElementVisible(findTestObject("Object Repository/Page_The Story and Evolution of Doodles - G_6e786d/h2_Weve created more than 5,000 Doodles ove_111429")): Object 'Object Repository/Page_The Story and Evolution of Doodles - G_6e786d/h2_Weve created more than 5,000 Doodles ove_111429' is visible

17-06-2024T18:27:40 - [MESSAGE][PASSED] - Object 'Object Repository/Page_The Story and Evolution of Doodles - G_6e786d/h2_Weve created more than 5,000 Doodles ove_111429' is visible

17-06-2024T18:27:40 - [TEST_STEP][PASSED] - click(findTestObject("Object Repository/Page_The Story and Evolution of Doodles - G_6e786d/p_The first Doodle was a simple out-of-offi_345e61")): Object: 'Object Repository/Page_The Story and Evolution of Doodles - G_6e786d/p_The first Doodle was a simple out-of-offi_345e61' is clicked on

17-06-2024T18:27:41 - [MESSAGE][PASSED] - Object: 'Object Repository/Page_The Story and Evolution of Doodles - G_6e786d/p_The first Doodle was a simple out-of-offi_345e61' is clicked on

17-06-2024T18:27:41 - [TEST_STEP][PASSED] - verifyElementVisible(findTestObject("Object Repository/Page_The Story and Evolution of Doodles - G_6e786d/h1_The story behind Doodles")): Object 'Object Repository/Page_The Story and Evolution of Doodles - G_6e786d/h1_The story behind Doodles' is visible

17-06-2024T18:27:41 - [MESSAGE][PASSED] - Object 'Object Repository/Page_The Story and Evolution of Doodles - G_6e786d/h1_The story behind Doodles' is visible

17-06-2024T18:27:41 - [TEST_STEP][PASSED] - verifyElementVisible(findTestObject("Object Repository/Page_The Story and Evolution of Doodles - G_6e786d/p_The first Doodle was a simple out-of-offi_345e61")): Object 'Object Repository/Page_The Story and Evolution of Doodles - G_6e786d/p_The first Doodle was a simple out-of-offi_345e61' is visible

17-06-2024T18:27:41 - [MESSAGE][PASSED] - Object 'Object Repository/Page_The Story and Evolution of Doodles - G_6e786d/p_The first Doodle was a simple out-of-offi_345e61' is visible

17-06-2024T18:27:41 - [TEST_STEP][PASSED] - verifyElementVisible(findTestObject("Object Repository/Page_The Story and Evolution of Doodles - G_6e786d/h2_Weve created more than 5,000 Doodles ove_111429")): Object 'Object Repository/Page_The Story and Evolution of Doodles - G_6e786d/h2_Weve created more than 5,000 Doodles ove_111429' is visible

17-06-2024T18:27:42 - [MESSAGE][PASSED] - Object 'Object Repository/Page_The Story and Evolution of Doodles - G_6e786d/h2_Weve created more than 5,000 Doodles ove_111429' is visible

17-06-2024T18:27:42 - [TEST_STEP][PASSED] - click(findTestObject("Object Repository/Page_The Story and Evolution of Doodles - G_6e786d/p_The first Doodle was a simple out-of-offi_345e61")): Object: 'Object Repository/Page_The Story and Evolution of Doodles - G_6e786d/p_The first Doodle was a simple out-of-offi_345e61' is clicked on

17-06-2024T18:27:42 - [MESSAGE][PASSED] - Object: 'Object Repository/Page_The Story and Evolution of Doodles - G_6e786d/p_The first Doodle was a simple out-of-offi_345e61' is clicked on

17-06-2024T18:27:42 - [TEST_STEP][PASSED] - verifyElementVisible(findTestObject("Object Repository/Page_The Story and Evolution of Doodles - G_6e786d/h1_The story behind Doodles")): Object 'Object Repository/Page_The Story and Evolution of Doodles - G_6e786d/h1_The story behind Doodles' is visible

17-06-2024T18:27:43 - [MESSAGE][PASSED] - Object 'Object Repository/Page_The Story and Evolution of Doodles - G_6e786d/h1_The story behind Doodles' is visible

17-06-2024T18:27:43 - [TEST_STEP][PASSED] - verifyElementVisible(findTestObject("Object Repository/Page_The Story and Evolution of Doodles - G_6e786d/p_The first Doodle was a simple out-of-offi_345e61")): Object 'Object Repository/Page_The Story and Evolution of Doodles - G_6e786d/p_The first Doodle was a simple out-of-offi_345e61' is visible

17-06-2024T18:27:44 - [MESSAGE][PASSED] - Object 'Object Repository/Page_The Story and Evolution of Doodles - G_6e786d/p_The first Doodle was a simple out-of-offi_345e61' is visible

17-06-2024T18:27:44 - [TEST_STEP][PASSED] - verifyElementVisible(findTestObject("Object Repository/Page_The Story and Evolution of Doodles - G_6e786d/h2_Weve created more than 5,000 Doodles ove_111429")): Object 'Object Repository/Page_The Story and Evolution of Doodles - G_6e786d/h2_Weve created more than 5,000 Doodles ove_111429' is visible

17-06-2024T18:27:44 - [MESSAGE][PASSED] - Object 'Object Repository/Page_The Story and Evolution of Doodles - G_6e786d/h2_Weve created more than 5,000 Doodles ove_111429' is visible

17-06-2024T18:27:44 - [TEST_STEP][PASSED] - click(findTestObject("Object Repository/Page_The Story and Evolution of Doodles - G_6e786d/p_The first Doodle was a simple out-of-offi_345e61")): Object: 'Object Repository/Page_The Story and Evolution of Doodles - G_6e786d/p_The first Doodle was a simple out-of-offi_345e61' is clicked on

17-06-2024T18:27:44 - [MESSAGE][PASSED] - Object: 'Object Repository/Page_The Story and Evolution of Doodles - G_6e786d/p_The first Doodle was a simple out-of-offi_345e61' is clicked on

17-06-2024T18:27:44 - [TEST_STEP][PASSED] - verifyElementVisible(findTestObject("Object Repository/Page_The Story and Evolution of Doodles - G_6e786d/h1_The story behind Doodles")): Object 'Object Repository/Page_The Story and Evolution of Doodles - G_6e786d/h1_The story behind Doodles' is visible

17-06-2024T18:27:45 - [MESSAGE][PASSED] - Object 'Object Repository/Page_The Story and Evolution of Doodles - G_6e786d/h1_The story behind Doodles' is visible

17-06-2024T18:27:45 - [TEST_STEP][PASSED] - verifyElementVisible(findTestObject("Object Repository/Page_The Story and Evolution of Doodles - G_6e786d/p_The first Doodle was a simple out-of-offi_345e61")): Object 'Object Repository/Page_The Story and Evolution of Doodles - G_6e786d/p_The first Doodle was a simple out-of-offi_345e61' is visible

17-06-2024T18:27:45 - [MESSAGE][PASSED] - Object 'Object Repository/Page_The Story and Evolution of Doodles - G_6e786d/p_The first Doodle was a simple out-of-offi_345e61' is visible

17-06-2024T18:27:45 - [TEST_STEP][PASSED] - verifyElementVisible(findTestObject("Object Repository/Page_The Story and Evolution of Doodles - G_6e786d/h2_Weve created more than 5,000 Doodles ove_111429")): Object 'Object Repository/Page_The Story and Evolution of Doodles - G_6e786d/h2_Weve created more than 5,000 Doodles ove_111429' is visible

17-06-2024T18:27:45 - [MESSAGE][PASSED] - Object 'Object Repository/Page_The Story and Evolution of Doodles - G_6e786d/h2_Weve created more than 5,000 Doodles ove_111429' is visible

17-06-2024T18:27:45 - [TEST_STEP][PASSED] - click(findTestObject("Object Repository/Page_The Story and Evolution of Doodles - G_6e786d/p_The first Doodle was a simple out-of-offi_345e61")): Object: 'Object Repository/Page_The Story and Evolution of Doodles - G_6e786d/p_The first Doodle was a simple out-of-offi_345e61' is clicked on

17-06-2024T18:27:46 - [MESSAGE][PASSED] - Object: 'Object Repository/Page_The Story and Evolution of Doodles - G_6e786d/p_The first Doodle was a simple out-of-offi_345e61' is clicked on

17-06-2024T18:27:46 - [TEST_STEP][PASSED] - verifyElementVisible(findTestObject("Object Repository/Page_The Story and Evolution of Doodles - G_6e786d/h1_The story behind Doodles")): Object 'Object Repository/Page_The Story and Evolution of Doodles - G_6e786d/h1_The story behind Doodles' is visible

17-06-2024T18:27:46 - [MESSAGE][PASSED] - Object 'Object Repository/Page_The Story and Evolution of Doodles - G_6e786d/h1_The story behind Doodles' is visible

17-06-2024T18:27:46 - [TEST_STEP][PASSED] - verifyElementVisible(findTestObject("Object Repository/Page_The Story and Evolution of Doodles - G_6e786d/p_The first Doodle was a simple out-of-offi_345e61")): Object 'Object Repository/Page_The Story and Evolution of Doodles - G_6e786d/p_The first Doodle was a simple out-of-offi_345e61' is visible

17-06-2024T18:27:46 - [MESSAGE][PASSED] - Object 'Object Repository/Page_The Story and Evolution of Doodles - G_6e786d/p_The first Doodle was a simple out-of-offi_345e61' is visible

17-06-2024T18:27:46 - [TEST_STEP][PASSED] - verifyElementVisible(findTestObject("Object Repository/Page_The Story and Evolution of Doodles - G_6e786d/h2_Weve created more than 5,000 Doodles ove_111429")): Object 'Object Repository/Page_The Story and Evolution of Doodles - G_6e786d/h2_Weve created more than 5,000 Doodles ove_111429' is visible

17-06-2024T18:27:47 - [MESSAGE][PASSED] - Object 'Object Repository/Page_The Story and Evolution of Doodles - G_6e786d/h2_Weve created more than 5,000 Doodles ove_111429' is visible

17-06-2024T18:27:47 - [TEST_STEP][PASSED] - click(findTestObject("Object Repository/Page_The Story and Evolution of Doodles - G_6e786d/p_The first Doodle was a simple out-of-offi_345e61")): Object: 'Object Repository/Page_The Story and Evolution of Doodles - G_6e786d/p_The first Doodle was a simple out-of-offi_345e61' is clicked on

17-06-2024T18:27:47 - [MESSAGE][PASSED] - Object: 'Object Repository/Page_The Story and Evolution of Doodles - G_6e786d/p_The first Doodle was a simple out-of-offi_345e61' is clicked on

17-06-2024T18:27:47 - [TEST_STEP][PASSED] - verifyElementVisible(findTestObject("Object Repository/Page_The Story and Evolution of Doodles - G_6e786d/h1_The story behind Doodles")): Object 'Object Repository/Page_The Story and Evolution of Doodles - G_6e786d/h1_The story behind Doodles' is visible

17-06-2024T18:27:47 - [MESSAGE][PASSED] - Object 'Object Repository/Page_The Story and Evolution of Doodles - G_6e786d/h1_The story behind Doodles' is visible

17-06-2024T18:27:47 - [TEST_STEP][PASSED] - verifyElementVisible(findTestObject("Object Repository/Page_The Story and Evolution of Doodles - G_6e786d/p_The first Doodle was a simple out-of-offi_345e61")): Object 'Object Repository/Page_The Story and Evolution of Doodles - G_6e786d/p_The first Doodle was a simple out-of-offi_345e61' is visible

17-06-2024T18:27:48 - [MESSAGE][PASSED] - Object 'Object Repository/Page_The Story and Evolution of Doodles - G_6e786d/p_The first Doodle was a simple out-of-offi_345e61' is visible

17-06-2024T18:27:48 - [TEST_STEP][PASSED] - verifyElementVisible(findTestObject("Object Repository/Page_The Story and Evolution of Doodles - G_6e786d/h2_Weve created more than 5,000 Doodles ove_111429")): Object 'Object Repository/Page_The Story and Evolution of Doodles - G_6e786d/h2_Weve created more than 5,000 Doodles ove_111429' is visible

17-06-2024T18:27:48 - [MESSAGE][PASSED] - Object 'Object Repository/Page_The Story and Evolution of Doodles - G_6e786d/h2_Weve created more than 5,000 Doodles ove_111429' is visible

17-06-2024T18:27:48 - [TEST_STEP][PASSED] - click(findTestObject("Object Repository/Page_The Story and Evolution of Doodles - G_6e786d/p_The first Doodle was a simple out-of-offi_345e61")): Object: 'Object Repository/Page_The Story and Evolution of Doodles - G_6e786d/p_The first Doodle was a simple out-of-offi_345e61' is clicked on

17-06-2024T18:27:48 - [MESSAGE][PASSED] - Object: 'Object Repository/Page_The Story and Evolution of Doodles - G_6e786d/p_The first Doodle was a simple out-of-offi_345e61' is clicked on

17-06-2024T18:27:48 - [TEST_STEP][PASSED] - verifyElementVisible(findTestObject("Object Repository/Page_The Story and Evolution of Doodles - G_6e786d/h1_The story behind Doodles")): Object 'Object Repository/Page_The Story and Evolution of Doodles - G_6e786d/h1_The story behind Doodles' is visible

17-06-2024T18:27:49 - [MESSAGE][PASSED] - Object 'Object Repository/Page_The Story and Evolution of Doodles - G_6e786d/h1_The story behind Doodles' is visible

17-06-2024T18:27:49 - [TEST_STEP][PASSED] - verifyElementVisible(findTestObject("Object Repository/Page_The Story and Evolution of Doodles - G_6e786d/p_The first Doodle was a simple out-of-offi_345e61")): Object 'Object Repository/Page_The Story and Evolution of Doodles - G_6e786d/p_The first Doodle was a simple out-of-offi_345e61' is visible

17-06-2024T18:27:49 - [MESSAGE][PASSED] - Object 'Object Repository/Page_The Story and Evolution of Doodles - G_6e786d/p_The first Doodle was a simple out-of-offi_345e61' is visible

17-06-2024T18:27:49 - [TEST_STEP][PASSED] - verifyElementVisible(findTestObject("Object Repository/Page_The Story and Evolution of Doodles - G_6e786d/h2_Weve created more than 5,000 Doodles ove_111429")): Object 'Object Repository/Page_The Story and Evolution of Doodles - G_6e786d/h2_Weve created more than 5,000 Doodles ove_111429' is visible

17-06-2024T18:27:49 - [MESSAGE][PASSED] - Object 'Object Repository/Page_The Story and Evolution of Doodles - G_6e786d/h2_Weve created more than 5,000 Doodles ove_111429' is visible

17-06-2024T18:27:49 - [TEST_STEP][PASSED] - click(findTestObject("Object Repository/Page_The Story and Evolution of Doodles - G_6e786d/p_The first Doodle was a simple out-of-offi_345e61")): Object: 'Object Repository/Page_The Story and Evolution of Doodles - G_6e786d/p_The first Doodle was a simple out-of-offi_345e61' is clicked on

17-06-2024T18:27:50 - [MESSAGE][PASSED] - Object: 'Object Repository/Page_The Story and Evolution of Doodles - G_6e786d/p_The first Doodle was a simple out-of-offi_345e61' is clicked on

17-06-2024T18:27:50 - [TEST_STEP][PASSED] - verifyElementVisible(findTestObject("Object Repository/Page_The Story and Evolution of Doodles - G_6e786d/h1_The story behind Doodles")): Object 'Object Repository/Page_The Story and Evolution of Doodles - G_6e786d/h1_The story behind Doodles' is visible

17-06-2024T18:27:50 - [MESSAGE][PASSED] - Object 'Object Repository/Page_The Story and Evolution of Doodles - G_6e786d/h1_The story behind Doodles' is visible

17-06-2024T18:27:50 - [TEST_STEP][PASSED] - verifyElementVisible(findTestObject("Object Repository/Page_The Story and Evolution of Doodles - G_6e786d/p_The first Doodle was a simple out-of-offi_345e61")): Object 'Object Repository/Page_The Story and Evolution of Doodles - G_6e786d/p_The first Doodle was a simple out-of-offi_345e61' is visible

17-06-2024T18:27:51 - [MESSAGE][PASSED] - Object 'Object Repository/Page_The Story and Evolution of Doodles - G_6e786d/p_The first Doodle was a simple out-of-offi_345e61' is visible

17-06-2024T18:27:51 - [TEST_STEP][PASSED] - verifyElementVisible(findTestObject("Object Repository/Page_The Story and Evolution of Doodles - G_6e786d/h2_Weve created more than 5,000 Doodles ove_111429")): Object 'Object Repository/Page_The Story and Evolution of Doodles - G_6e786d/h2_Weve created more than 5,000 Doodles ove_111429' is visible

17-06-2024T18:27:51 - [MESSAGE][PASSED] - Object 'Object Repository/Page_The Story and Evolution of Doodles - G_6e786d/h2_Weve created more than 5,000 Doodles ove_111429' is visible

17-06-2024T18:27:51 - [TEST_STEP][PASSED] - click(findTestObject("Object Repository/Page_The Story and Evolution of Doodles - G_6e786d/p_The first Doodle was a simple out-of-offi_345e61")): Object: 'Object Repository/Page_The Story and Evolution of Doodles - G_6e786d/p_The first Doodle was a simple out-of-offi_345e61' is clicked on

17-06-2024T18:27:51 - [MESSAGE][PASSED] - Object: 'Object Repository/Page_The Story and Evolution of Doodles - G_6e786d/p_The first Doodle was a simple out-of-offi_345e61' is clicked on

17-06-2024T18:27:51 - [TEST_STEP][PASSED] - verifyElementVisible(findTestObject("Object Repository/Page_The Story and Evolution of Doodles - G_6e786d/h1_The story behind Doodles")): Object 'Object Repository/Page_The Story and Evolution of Doodles - G_6e786d/h1_The story behind Doodles' is visible

17-06-2024T18:27:52 - [MESSAGE][PASSED] - Object 'Object Repository/Page_The Story and Evolution of Doodles - G_6e786d/h1_The story behind Doodles' is visible

17-06-2024T18:27:52 - [TEST_STEP][PASSED] - verifyElementVisible(findTestObject("Object Repository/Page_The Story and Evolution of Doodles - G_6e786d/p_The first Doodle was a simple out-of-offi_345e61")): Object 'Object Repository/Page_The Story and Evolution of Doodles - G_6e786d/p_The first Doodle was a simple out-of-offi_345e61' is visible

17-06-2024T18:27:52 - [MESSAGE][PASSED] - Object 'Object Repository/Page_The Story and Evolution of Doodles - G_6e786d/p_The first Doodle was a simple out-of-offi_345e61' is visible

17-06-2024T18:27:52 - [TEST_STEP][PASSED] - verifyElementVisible(findTestObject("Object Repository/Page_The Story and Evolution of Doodles - G_6e786d/h2_Weve created more than 5,000 Doodles ove_111429")): Object 'Object Repository/Page_The Story and Evolution of Doodles - G_6e786d/h2_Weve created more than 5,000 Doodles ove_111429' is visible

17-06-2024T18:27:52 - [MESSAGE][PASSED] - Object 'Object Repository/Page_The Story and Evolution of Doodles - G_6e786d/h2_Weve created more than 5,000 Doodles ove_111429' is visible

17-06-2024T18:27:52 - [TEST_STEP][PASSED] - click(findTestObject("Object Repository/Page_The Story and Evolution of Doodles - G_6e786d/p_The first Doodle was a simple out-of-offi_345e61")): Object: 'Object Repository/Page_The Story and Evolution of Doodles - G_6e786d/p_The first Doodle was a simple out-of-offi_345e61' is clicked on

17-06-2024T18:27:53 - [MESSAGE][PASSED] - Object: 'Object Repository/Page_The Story and Evolution of Doodles - G_6e786d/p_The first Doodle was a simple out-of-offi_345e61' is clicked on

17-06-2024T18:27:53 - [TEST_STEP][PASSED] - verifyElementVisible(findTestObject("Object Repository/Page_The Story and Evolution of Doodles - G_6e786d/h1_The story behind Doodles")): Object 'Object Repository/Page_The Story and Evolution of Doodles - G_6e786d/h1_The story behind Doodles' is visible

17-06-2024T18:27:53 - [MESSAGE][PASSED] - Object 'Object Repository/Page_The Story and Evolution of Doodles - G_6e786d/h1_The story behind Doodles' is visible

17-06-2024T18:27:53 - [TEST_STEP][PASSED] - verifyElementVisible(findTestObject("Object Repository/Page_The Story and Evolution of Doodles - G_6e786d/p_The first Doodle was a simple out-of-offi_345e61")): Object 'Object Repository/Page_The Story and Evolution of Doodles - G_6e786d/p_The first Doodle was a simple out-of-offi_345e61' is visible

17-06-2024T18:27:53 - [MESSAGE][PASSED] - Object 'Object Repository/Page_The Story and Evolution of Doodles - G_6e786d/p_The first Doodle was a simple out-of-offi_345e61' is visible

17-06-2024T18:27:53 - [TEST_STEP][PASSED] - verifyElementVisible(findTestObject("Object Repository/Page_The Story and Evolution of Doodles - G_6e786d/h2_Weve created more than 5,000 Doodles ove_111429")): Object 'Object Repository/Page_The Story and Evolution of Doodles - G_6e786d/h2_Weve created more than 5,000 Doodles ove_111429' is visible

17-06-2024T18:27:54 - [MESSAGE][PASSED] - Object 'Object Repository/Page_The Story and Evolution of Doodles - G_6e786d/h2_Weve created more than 5,000 Doodles ove_111429' is visible]]></system-out>
         <system-err><![CDATA[]]></system-err>
      </testcase>
      <testcase name="Test Cases/test case folder 1/tc1 - Copy (5) - Copy" time="19.063" classname="Test Cases/test case folder 1/tc1 - Copy (5) - Copy" status="PASSED">
         <system-out><![CDATA[17-06-2024T18:27:54 - [TEST_CASE][PASSED] - Test Cases/test case folder 1/tc1 - Copy (5) - Copy: Test Cases/test case folder 1/tc1 - Copy (5) - Copy

17-06-2024T18:27:54 - [TEST_STEP][PASSED] - openBrowser(""): Browser is opened with url: ''

17-06-2024T18:27:54 - [MESSAGE][WARNING] - A browser is already opened. Closing browser and opening a new one

17-06-2024T18:27:54 - [MESSAGE][INFO] - Starting 'Chrome (headless)' driver

17-06-2024T18:27:54 - [MESSAGE][INFO] - Action delay is set to 0 milliseconds

17-06-2024T18:27:55 - [MESSAGE][PASSED] - Browser is opened with url: ''

17-06-2024T18:27:55 - [TEST_STEP][PASSED] - navigateToUrl("https://doodles.google/about/"): Navigate to 'https://doodles.google/about/' successfully

17-06-2024T18:27:58 - [MESSAGE][PASSED] - Navigate to 'https://doodles.google/about/' successfully

17-06-2024T18:27:58 - [TEST_STEP][PASSED] - click(findTestObject("Object Repository/Page_The Story and Evolution of Doodles - G_6e786d/p_The first Doodle was a simple out-of-offi_345e61")): Object: 'Object Repository/Page_The Story and Evolution of Doodles - G_6e786d/p_The first Doodle was a simple out-of-offi_345e61' is clicked on

17-06-2024T18:27:58 - [MESSAGE][PASSED] - Object: 'Object Repository/Page_The Story and Evolution of Doodles - G_6e786d/p_The first Doodle was a simple out-of-offi_345e61' is clicked on

17-06-2024T18:27:58 - [TEST_STEP][PASSED] - click(findTestObject("Object Repository/Page_The Story and Evolution of Doodles - G_6e786d/p_The first Doodle was a simple out-of-offi_345e61")): Object: 'Object Repository/Page_The Story and Evolution of Doodles - G_6e786d/p_The first Doodle was a simple out-of-offi_345e61' is clicked on

17-06-2024T18:27:59 - [MESSAGE][PASSED] - Object: 'Object Repository/Page_The Story and Evolution of Doodles - G_6e786d/p_The first Doodle was a simple out-of-offi_345e61' is clicked on

17-06-2024T18:27:59 - [TEST_STEP][PASSED] - verifyElementVisible(findTestObject("Object Repository/Page_The Story and Evolution of Doodles - G_6e786d/h1_The story behind Doodles")): Object 'Object Repository/Page_The Story and Evolution of Doodles - G_6e786d/h1_The story behind Doodles' is visible

17-06-2024T18:27:59 - [MESSAGE][PASSED] - Object 'Object Repository/Page_The Story and Evolution of Doodles - G_6e786d/h1_The story behind Doodles' is visible

17-06-2024T18:27:59 - [TEST_STEP][PASSED] - verifyElementVisible(findTestObject("Object Repository/Page_The Story and Evolution of Doodles - G_6e786d/p_The first Doodle was a simple out-of-offi_345e61")): Object 'Object Repository/Page_The Story and Evolution of Doodles - G_6e786d/p_The first Doodle was a simple out-of-offi_345e61' is visible

17-06-2024T18:27:59 - [MESSAGE][PASSED] - Object 'Object Repository/Page_The Story and Evolution of Doodles - G_6e786d/p_The first Doodle was a simple out-of-offi_345e61' is visible

17-06-2024T18:27:59 - [TEST_STEP][PASSED] - verifyElementVisible(findTestObject("Object Repository/Page_The Story and Evolution of Doodles - G_6e786d/h2_Weve created more than 5,000 Doodles ove_111429")): Object 'Object Repository/Page_The Story and Evolution of Doodles - G_6e786d/h2_Weve created more than 5,000 Doodles ove_111429' is visible

17-06-2024T18:28:00 - [MESSAGE][PASSED] - Object 'Object Repository/Page_The Story and Evolution of Doodles - G_6e786d/h2_Weve created more than 5,000 Doodles ove_111429' is visible

17-06-2024T18:28:00 - [TEST_STEP][PASSED] - verifyElementVisible(findTestObject("Object Repository/Page_The Story and Evolution of Doodles - G_6e786d/h1_The story behind Doodles")): Object 'Object Repository/Page_The Story and Evolution of Doodles - G_6e786d/h1_The story behind Doodles' is visible

17-06-2024T18:28:00 - [MESSAGE][PASSED] - Object 'Object Repository/Page_The Story and Evolution of Doodles - G_6e786d/h1_The story behind Doodles' is visible

17-06-2024T18:28:00 - [TEST_STEP][PASSED] - verifyElementVisible(findTestObject("Object Repository/Page_The Story and Evolution of Doodles - G_6e786d/p_The first Doodle was a simple out-of-offi_345e61")): Object 'Object Repository/Page_The Story and Evolution of Doodles - G_6e786d/p_The first Doodle was a simple out-of-offi_345e61' is visible

17-06-2024T18:28:00 - [MESSAGE][PASSED] - Object 'Object Repository/Page_The Story and Evolution of Doodles - G_6e786d/p_The first Doodle was a simple out-of-offi_345e61' is visible

17-06-2024T18:28:00 - [TEST_STEP][PASSED] - verifyElementVisible(findTestObject("Object Repository/Page_The Story and Evolution of Doodles - G_6e786d/h2_Weve created more than 5,000 Doodles ove_111429")): Object 'Object Repository/Page_The Story and Evolution of Doodles - G_6e786d/h2_Weve created more than 5,000 Doodles ove_111429' is visible

17-06-2024T18:28:01 - [MESSAGE][PASSED] - Object 'Object Repository/Page_The Story and Evolution of Doodles - G_6e786d/h2_Weve created more than 5,000 Doodles ove_111429' is visible

17-06-2024T18:28:01 - [TEST_STEP][PASSED] - click(findTestObject("Object Repository/Page_The Story and Evolution of Doodles - G_6e786d/p_The first Doodle was a simple out-of-offi_345e61")): Object: 'Object Repository/Page_The Story and Evolution of Doodles - G_6e786d/p_The first Doodle was a simple out-of-offi_345e61' is clicked on

17-06-2024T18:28:01 - [MESSAGE][PASSED] - Object: 'Object Repository/Page_The Story and Evolution of Doodles - G_6e786d/p_The first Doodle was a simple out-of-offi_345e61' is clicked on

17-06-2024T18:28:01 - [TEST_STEP][PASSED] - verifyElementVisible(findTestObject("Object Repository/Page_The Story and Evolution of Doodles - G_6e786d/h1_The story behind Doodles")): Object 'Object Repository/Page_The Story and Evolution of Doodles - G_6e786d/h1_The story behind Doodles' is visible

17-06-2024T18:28:01 - [MESSAGE][PASSED] - Object 'Object Repository/Page_The Story and Evolution of Doodles - G_6e786d/h1_The story behind Doodles' is visible

17-06-2024T18:28:01 - [TEST_STEP][PASSED] - verifyElementVisible(findTestObject("Object Repository/Page_The Story and Evolution of Doodles - G_6e786d/p_The first Doodle was a simple out-of-offi_345e61")): Object 'Object Repository/Page_The Story and Evolution of Doodles - G_6e786d/p_The first Doodle was a simple out-of-offi_345e61' is visible

17-06-2024T18:28:02 - [MESSAGE][PASSED] - Object 'Object Repository/Page_The Story and Evolution of Doodles - G_6e786d/p_The first Doodle was a simple out-of-offi_345e61' is visible

17-06-2024T18:28:02 - [TEST_STEP][PASSED] - verifyElementVisible(findTestObject("Object Repository/Page_The Story and Evolution of Doodles - G_6e786d/h2_Weve created more than 5,000 Doodles ove_111429")): Object 'Object Repository/Page_The Story and Evolution of Doodles - G_6e786d/h2_Weve created more than 5,000 Doodles ove_111429' is visible

17-06-2024T18:28:02 - [MESSAGE][PASSED] - Object 'Object Repository/Page_The Story and Evolution of Doodles - G_6e786d/h2_Weve created more than 5,000 Doodles ove_111429' is visible

17-06-2024T18:28:02 - [TEST_STEP][PASSED] - click(findTestObject("Object Repository/Page_The Story and Evolution of Doodles - G_6e786d/p_The first Doodle was a simple out-of-offi_345e61")): Object: 'Object Repository/Page_The Story and Evolution of Doodles - G_6e786d/p_The first Doodle was a simple out-of-offi_345e61' is clicked on

17-06-2024T18:28:02 - [MESSAGE][PASSED] - Object: 'Object Repository/Page_The Story and Evolution of Doodles - G_6e786d/p_The first Doodle was a simple out-of-offi_345e61' is clicked on

17-06-2024T18:28:02 - [TEST_STEP][PASSED] - verifyElementVisible(findTestObject("Object Repository/Page_The Story and Evolution of Doodles - G_6e786d/h1_The story behind Doodles")): Object 'Object Repository/Page_The Story and Evolution of Doodles - G_6e786d/h1_The story behind Doodles' is visible

17-06-2024T18:28:03 - [MESSAGE][PASSED] - Object 'Object Repository/Page_The Story and Evolution of Doodles - G_6e786d/h1_The story behind Doodles' is visible

17-06-2024T18:28:03 - [TEST_STEP][PASSED] - verifyElementVisible(findTestObject("Object Repository/Page_The Story and Evolution of Doodles - G_6e786d/p_The first Doodle was a simple out-of-offi_345e61")): Object 'Object Repository/Page_The Story and Evolution of Doodles - G_6e786d/p_The first Doodle was a simple out-of-offi_345e61' is visible

17-06-2024T18:28:03 - [MESSAGE][PASSED] - Object 'Object Repository/Page_The Story and Evolution of Doodles - G_6e786d/p_The first Doodle was a simple out-of-offi_345e61' is visible

17-06-2024T18:28:03 - [TEST_STEP][PASSED] - verifyElementVisible(findTestObject("Object Repository/Page_The Story and Evolution of Doodles - G_6e786d/h2_Weve created more than 5,000 Doodles ove_111429")): Object 'Object Repository/Page_The Story and Evolution of Doodles - G_6e786d/h2_Weve created more than 5,000 Doodles ove_111429' is visible

17-06-2024T18:28:03 - [MESSAGE][PASSED] - Object 'Object Repository/Page_The Story and Evolution of Doodles - G_6e786d/h2_Weve created more than 5,000 Doodles ove_111429' is visible

17-06-2024T18:28:03 - [TEST_STEP][PASSED] - click(findTestObject("Object Repository/Page_The Story and Evolution of Doodles - G_6e786d/p_The first Doodle was a simple out-of-offi_345e61")): Object: 'Object Repository/Page_The Story and Evolution of Doodles - G_6e786d/p_The first Doodle was a simple out-of-offi_345e61' is clicked on

17-06-2024T18:28:04 - [MESSAGE][PASSED] - Object: 'Object Repository/Page_The Story and Evolution of Doodles - G_6e786d/p_The first Doodle was a simple out-of-offi_345e61' is clicked on

17-06-2024T18:28:04 - [TEST_STEP][PASSED] - verifyElementVisible(findTestObject("Object Repository/Page_The Story and Evolution of Doodles - G_6e786d/h1_The story behind Doodles")): Object 'Object Repository/Page_The Story and Evolution of Doodles - G_6e786d/h1_The story behind Doodles' is visible

17-06-2024T18:28:04 - [MESSAGE][PASSED] - Object 'Object Repository/Page_The Story and Evolution of Doodles - G_6e786d/h1_The story behind Doodles' is visible

17-06-2024T18:28:04 - [TEST_STEP][PASSED] - verifyElementVisible(findTestObject("Object Repository/Page_The Story and Evolution of Doodles - G_6e786d/p_The first Doodle was a simple out-of-offi_345e61")): Object 'Object Repository/Page_The Story and Evolution of Doodles - G_6e786d/p_The first Doodle was a simple out-of-offi_345e61' is visible

17-06-2024T18:28:04 - [MESSAGE][PASSED] - Object 'Object Repository/Page_The Story and Evolution of Doodles - G_6e786d/p_The first Doodle was a simple out-of-offi_345e61' is visible

17-06-2024T18:28:04 - [TEST_STEP][PASSED] - verifyElementVisible(findTestObject("Object Repository/Page_The Story and Evolution of Doodles - G_6e786d/h2_Weve created more than 5,000 Doodles ove_111429")): Object 'Object Repository/Page_The Story and Evolution of Doodles - G_6e786d/h2_Weve created more than 5,000 Doodles ove_111429' is visible

17-06-2024T18:28:05 - [MESSAGE][PASSED] - Object 'Object Repository/Page_The Story and Evolution of Doodles - G_6e786d/h2_Weve created more than 5,000 Doodles ove_111429' is visible

17-06-2024T18:28:05 - [TEST_STEP][PASSED] - click(findTestObject("Object Repository/Page_The Story and Evolution of Doodles - G_6e786d/p_The first Doodle was a simple out-of-offi_345e61")): Object: 'Object Repository/Page_The Story and Evolution of Doodles - G_6e786d/p_The first Doodle was a simple out-of-offi_345e61' is clicked on

17-06-2024T18:28:05 - [MESSAGE][PASSED] - Object: 'Object Repository/Page_The Story and Evolution of Doodles - G_6e786d/p_The first Doodle was a simple out-of-offi_345e61' is clicked on

17-06-2024T18:28:05 - [TEST_STEP][PASSED] - verifyElementVisible(findTestObject("Object Repository/Page_The Story and Evolution of Doodles - G_6e786d/h1_The story behind Doodles")): Object 'Object Repository/Page_The Story and Evolution of Doodles - G_6e786d/h1_The story behind Doodles' is visible

17-06-2024T18:28:05 - [MESSAGE][PASSED] - Object 'Object Repository/Page_The Story and Evolution of Doodles - G_6e786d/h1_The story behind Doodles' is visible

17-06-2024T18:28:05 - [TEST_STEP][PASSED] - verifyElementVisible(findTestObject("Object Repository/Page_The Story and Evolution of Doodles - G_6e786d/p_The first Doodle was a simple out-of-offi_345e61")): Object 'Object Repository/Page_The Story and Evolution of Doodles - G_6e786d/p_The first Doodle was a simple out-of-offi_345e61' is visible

17-06-2024T18:28:06 - [MESSAGE][PASSED] - Object 'Object Repository/Page_The Story and Evolution of Doodles - G_6e786d/p_The first Doodle was a simple out-of-offi_345e61' is visible

17-06-2024T18:28:06 - [TEST_STEP][PASSED] - verifyElementVisible(findTestObject("Object Repository/Page_The Story and Evolution of Doodles - G_6e786d/h2_Weve created more than 5,000 Doodles ove_111429")): Object 'Object Repository/Page_The Story and Evolution of Doodles - G_6e786d/h2_Weve created more than 5,000 Doodles ove_111429' is visible

17-06-2024T18:28:06 - [MESSAGE][PASSED] - Object 'Object Repository/Page_The Story and Evolution of Doodles - G_6e786d/h2_Weve created more than 5,000 Doodles ove_111429' is visible

17-06-2024T18:28:06 - [TEST_STEP][PASSED] - click(findTestObject("Object Repository/Page_The Story and Evolution of Doodles - G_6e786d/p_The first Doodle was a simple out-of-offi_345e61")): Object: 'Object Repository/Page_The Story and Evolution of Doodles - G_6e786d/p_The first Doodle was a simple out-of-offi_345e61' is clicked on

17-06-2024T18:28:06 - [MESSAGE][PASSED] - Object: 'Object Repository/Page_The Story and Evolution of Doodles - G_6e786d/p_The first Doodle was a simple out-of-offi_345e61' is clicked on

17-06-2024T18:28:06 - [TEST_STEP][PASSED] - verifyElementVisible(findTestObject("Object Repository/Page_The Story and Evolution of Doodles - G_6e786d/h1_The story behind Doodles")): Object 'Object Repository/Page_The Story and Evolution of Doodles - G_6e786d/h1_The story behind Doodles' is visible

17-06-2024T18:28:07 - [MESSAGE][PASSED] - Object 'Object Repository/Page_The Story and Evolution of Doodles - G_6e786d/h1_The story behind Doodles' is visible

17-06-2024T18:28:07 - [TEST_STEP][PASSED] - verifyElementVisible(findTestObject("Object Repository/Page_The Story and Evolution of Doodles - G_6e786d/p_The first Doodle was a simple out-of-offi_345e61")): Object 'Object Repository/Page_The Story and Evolution of Doodles - G_6e786d/p_The first Doodle was a simple out-of-offi_345e61' is visible

17-06-2024T18:28:07 - [MESSAGE][PASSED] - Object 'Object Repository/Page_The Story and Evolution of Doodles - G_6e786d/p_The first Doodle was a simple out-of-offi_345e61' is visible

17-06-2024T18:28:07 - [TEST_STEP][PASSED] - verifyElementVisible(findTestObject("Object Repository/Page_The Story and Evolution of Doodles - G_6e786d/h2_Weve created more than 5,000 Doodles ove_111429")): Object 'Object Repository/Page_The Story and Evolution of Doodles - G_6e786d/h2_Weve created more than 5,000 Doodles ove_111429' is visible

17-06-2024T18:28:07 - [MESSAGE][PASSED] - Object 'Object Repository/Page_The Story and Evolution of Doodles - G_6e786d/h2_Weve created more than 5,000 Doodles ove_111429' is visible

17-06-2024T18:28:07 - [TEST_STEP][PASSED] - click(findTestObject("Object Repository/Page_The Story and Evolution of Doodles - G_6e786d/p_The first Doodle was a simple out-of-offi_345e61")): Object: 'Object Repository/Page_The Story and Evolution of Doodles - G_6e786d/p_The first Doodle was a simple out-of-offi_345e61' is clicked on

17-06-2024T18:28:08 - [MESSAGE][PASSED] - Object: 'Object Repository/Page_The Story and Evolution of Doodles - G_6e786d/p_The first Doodle was a simple out-of-offi_345e61' is clicked on

17-06-2024T18:28:08 - [TEST_STEP][PASSED] - verifyElementVisible(findTestObject("Object Repository/Page_The Story and Evolution of Doodles - G_6e786d/h1_The story behind Doodles")): Object 'Object Repository/Page_The Story and Evolution of Doodles - G_6e786d/h1_The story behind Doodles' is visible

17-06-2024T18:28:08 - [MESSAGE][PASSED] - Object 'Object Repository/Page_The Story and Evolution of Doodles - G_6e786d/h1_The story behind Doodles' is visible

17-06-2024T18:28:08 - [TEST_STEP][PASSED] - verifyElementVisible(findTestObject("Object Repository/Page_The Story and Evolution of Doodles - G_6e786d/p_The first Doodle was a simple out-of-offi_345e61")): Object 'Object Repository/Page_The Story and Evolution of Doodles - G_6e786d/p_The first Doodle was a simple out-of-offi_345e61' is visible

17-06-2024T18:28:08 - [MESSAGE][PASSED] - Object 'Object Repository/Page_The Story and Evolution of Doodles - G_6e786d/p_The first Doodle was a simple out-of-offi_345e61' is visible

17-06-2024T18:28:08 - [TEST_STEP][PASSED] - verifyElementVisible(findTestObject("Object Repository/Page_The Story and Evolution of Doodles - G_6e786d/h2_Weve created more than 5,000 Doodles ove_111429")): Object 'Object Repository/Page_The Story and Evolution of Doodles - G_6e786d/h2_Weve created more than 5,000 Doodles ove_111429' is visible

17-06-2024T18:28:09 - [MESSAGE][PASSED] - Object 'Object Repository/Page_The Story and Evolution of Doodles - G_6e786d/h2_Weve created more than 5,000 Doodles ove_111429' is visible

17-06-2024T18:28:09 - [TEST_STEP][PASSED] - click(findTestObject("Object Repository/Page_The Story and Evolution of Doodles - G_6e786d/p_The first Doodle was a simple out-of-offi_345e61")): Object: 'Object Repository/Page_The Story and Evolution of Doodles - G_6e786d/p_The first Doodle was a simple out-of-offi_345e61' is clicked on

17-06-2024T18:28:09 - [MESSAGE][PASSED] - Object: 'Object Repository/Page_The Story and Evolution of Doodles - G_6e786d/p_The first Doodle was a simple out-of-offi_345e61' is clicked on

17-06-2024T18:28:09 - [TEST_STEP][PASSED] - verifyElementVisible(findTestObject("Object Repository/Page_The Story and Evolution of Doodles - G_6e786d/h1_The story behind Doodles")): Object 'Object Repository/Page_The Story and Evolution of Doodles - G_6e786d/h1_The story behind Doodles' is visible

17-06-2024T18:28:09 - [MESSAGE][PASSED] - Object 'Object Repository/Page_The Story and Evolution of Doodles - G_6e786d/h1_The story behind Doodles' is visible

17-06-2024T18:28:09 - [TEST_STEP][PASSED] - verifyElementVisible(findTestObject("Object Repository/Page_The Story and Evolution of Doodles - G_6e786d/p_The first Doodle was a simple out-of-offi_345e61")): Object 'Object Repository/Page_The Story and Evolution of Doodles - G_6e786d/p_The first Doodle was a simple out-of-offi_345e61' is visible

17-06-2024T18:28:10 - [MESSAGE][PASSED] - Object 'Object Repository/Page_The Story and Evolution of Doodles - G_6e786d/p_The first Doodle was a simple out-of-offi_345e61' is visible

17-06-2024T18:28:10 - [TEST_STEP][PASSED] - verifyElementVisible(findTestObject("Object Repository/Page_The Story and Evolution of Doodles - G_6e786d/h2_Weve created more than 5,000 Doodles ove_111429")): Object 'Object Repository/Page_The Story and Evolution of Doodles - G_6e786d/h2_Weve created more than 5,000 Doodles ove_111429' is visible

17-06-2024T18:28:10 - [MESSAGE][PASSED] - Object 'Object Repository/Page_The Story and Evolution of Doodles - G_6e786d/h2_Weve created more than 5,000 Doodles ove_111429' is visible

17-06-2024T18:28:10 - [TEST_STEP][PASSED] - click(findTestObject("Object Repository/Page_The Story and Evolution of Doodles - G_6e786d/p_The first Doodle was a simple out-of-offi_345e61")): Object: 'Object Repository/Page_The Story and Evolution of Doodles - G_6e786d/p_The first Doodle was a simple out-of-offi_345e61' is clicked on

17-06-2024T18:28:10 - [MESSAGE][PASSED] - Object: 'Object Repository/Page_The Story and Evolution of Doodles - G_6e786d/p_The first Doodle was a simple out-of-offi_345e61' is clicked on

17-06-2024T18:28:10 - [TEST_STEP][PASSED] - verifyElementVisible(findTestObject("Object Repository/Page_The Story and Evolution of Doodles - G_6e786d/h1_The story behind Doodles")): Object 'Object Repository/Page_The Story and Evolution of Doodles - G_6e786d/h1_The story behind Doodles' is visible

17-06-2024T18:28:11 - [MESSAGE][PASSED] - Object 'Object Repository/Page_The Story and Evolution of Doodles - G_6e786d/h1_The story behind Doodles' is visible

17-06-2024T18:28:11 - [TEST_STEP][PASSED] - verifyElementVisible(findTestObject("Object Repository/Page_The Story and Evolution of Doodles - G_6e786d/p_The first Doodle was a simple out-of-offi_345e61")): Object 'Object Repository/Page_The Story and Evolution of Doodles - G_6e786d/p_The first Doodle was a simple out-of-offi_345e61' is visible

17-06-2024T18:28:11 - [MESSAGE][PASSED] - Object 'Object Repository/Page_The Story and Evolution of Doodles - G_6e786d/p_The first Doodle was a simple out-of-offi_345e61' is visible

17-06-2024T18:28:11 - [TEST_STEP][PASSED] - verifyElementVisible(findTestObject("Object Repository/Page_The Story and Evolution of Doodles - G_6e786d/h2_Weve created more than 5,000 Doodles ove_111429")): Object 'Object Repository/Page_The Story and Evolution of Doodles - G_6e786d/h2_Weve created more than 5,000 Doodles ove_111429' is visible

17-06-2024T18:28:11 - [MESSAGE][PASSED] - Object 'Object Repository/Page_The Story and Evolution of Doodles - G_6e786d/h2_Weve created more than 5,000 Doodles ove_111429' is visible

17-06-2024T18:28:11 - [TEST_STEP][PASSED] - click(findTestObject("Object Repository/Page_The Story and Evolution of Doodles - G_6e786d/p_The first Doodle was a simple out-of-offi_345e61")): Object: 'Object Repository/Page_The Story and Evolution of Doodles - G_6e786d/p_The first Doodle was a simple out-of-offi_345e61' is clicked on

17-06-2024T18:28:12 - [MESSAGE][PASSED] - Object: 'Object Repository/Page_The Story and Evolution of Doodles - G_6e786d/p_The first Doodle was a simple out-of-offi_345e61' is clicked on

17-06-2024T18:28:12 - [TEST_STEP][PASSED] - verifyElementVisible(findTestObject("Object Repository/Page_The Story and Evolution of Doodles - G_6e786d/h1_The story behind Doodles")): Object 'Object Repository/Page_The Story and Evolution of Doodles - G_6e786d/h1_The story behind Doodles' is visible

17-06-2024T18:28:12 - [MESSAGE][PASSED] - Object 'Object Repository/Page_The Story and Evolution of Doodles - G_6e786d/h1_The story behind Doodles' is visible

17-06-2024T18:28:12 - [TEST_STEP][PASSED] - verifyElementVisible(findTestObject("Object Repository/Page_The Story and Evolution of Doodles - G_6e786d/p_The first Doodle was a simple out-of-offi_345e61")): Object 'Object Repository/Page_The Story and Evolution of Doodles - G_6e786d/p_The first Doodle was a simple out-of-offi_345e61' is visible

17-06-2024T18:28:12 - [MESSAGE][PASSED] - Object 'Object Repository/Page_The Story and Evolution of Doodles - G_6e786d/p_The first Doodle was a simple out-of-offi_345e61' is visible

17-06-2024T18:28:12 - [TEST_STEP][PASSED] - verifyElementVisible(findTestObject("Object Repository/Page_The Story and Evolution of Doodles - G_6e786d/h2_Weve created more than 5,000 Doodles ove_111429")): Object 'Object Repository/Page_The Story and Evolution of Doodles - G_6e786d/h2_Weve created more than 5,000 Doodles ove_111429' is visible

17-06-2024T18:28:13 - [MESSAGE][PASSED] - Object 'Object Repository/Page_The Story and Evolution of Doodles - G_6e786d/h2_Weve created more than 5,000 Doodles ove_111429' is visible]]></system-out>
         <system-err><![CDATA[]]></system-err>
      </testcase>
      <testcase name="Test Cases/test case folder 1/tc1 - Copy (6) - Copy (1)" time="19.033" classname="Test Cases/test case folder 1/tc1 - Copy (6) - Copy (1)" status="PASSED">
         <system-out><![CDATA[17-06-2024T18:28:13 - [TEST_CASE][PASSED] - Test Cases/test case folder 1/tc1 - Copy (6) - Copy (1): Test Cases/test case folder 1/tc1 - Copy (6) - Copy (1)

17-06-2024T18:28:13 - [TEST_STEP][PASSED] - openBrowser(""): Browser is opened with url: ''

17-06-2024T18:28:13 - [MESSAGE][WARNING] - A browser is already opened. Closing browser and opening a new one

17-06-2024T18:28:13 - [MESSAGE][INFO] - Starting 'Chrome (headless)' driver

17-06-2024T18:28:13 - [MESSAGE][INFO] - Action delay is set to 0 milliseconds

17-06-2024T18:28:14 - [MESSAGE][PASSED] - Browser is opened with url: ''

17-06-2024T18:28:14 - [TEST_STEP][PASSED] - navigateToUrl("https://doodles.google/about/"): Navigate to 'https://doodles.google/about/' successfully

17-06-2024T18:28:16 - [MESSAGE][PASSED] - Navigate to 'https://doodles.google/about/' successfully

17-06-2024T18:28:16 - [TEST_STEP][PASSED] - click(findTestObject("Object Repository/Page_The Story and Evolution of Doodles - G_6e786d/p_The first Doodle was a simple out-of-offi_345e61")): Object: 'Object Repository/Page_The Story and Evolution of Doodles - G_6e786d/p_The first Doodle was a simple out-of-offi_345e61' is clicked on

17-06-2024T18:28:17 - [MESSAGE][PASSED] - Object: 'Object Repository/Page_The Story and Evolution of Doodles - G_6e786d/p_The first Doodle was a simple out-of-offi_345e61' is clicked on

17-06-2024T18:28:17 - [TEST_STEP][PASSED] - click(findTestObject("Object Repository/Page_The Story and Evolution of Doodles - G_6e786d/p_The first Doodle was a simple out-of-offi_345e61")): Object: 'Object Repository/Page_The Story and Evolution of Doodles - G_6e786d/p_The first Doodle was a simple out-of-offi_345e61' is clicked on

17-06-2024T18:28:17 - [MESSAGE][PASSED] - Object: 'Object Repository/Page_The Story and Evolution of Doodles - G_6e786d/p_The first Doodle was a simple out-of-offi_345e61' is clicked on

17-06-2024T18:28:17 - [TEST_STEP][PASSED] - verifyElementVisible(findTestObject("Object Repository/Page_The Story and Evolution of Doodles - G_6e786d/h1_The story behind Doodles")): Object 'Object Repository/Page_The Story and Evolution of Doodles - G_6e786d/h1_The story behind Doodles' is visible

17-06-2024T18:28:17 - [MESSAGE][PASSED] - Object 'Object Repository/Page_The Story and Evolution of Doodles - G_6e786d/h1_The story behind Doodles' is visible

17-06-2024T18:28:17 - [TEST_STEP][PASSED] - verifyElementVisible(findTestObject("Object Repository/Page_The Story and Evolution of Doodles - G_6e786d/p_The first Doodle was a simple out-of-offi_345e61")): Object 'Object Repository/Page_The Story and Evolution of Doodles - G_6e786d/p_The first Doodle was a simple out-of-offi_345e61' is visible

17-06-2024T18:28:18 - [MESSAGE][PASSED] - Object 'Object Repository/Page_The Story and Evolution of Doodles - G_6e786d/p_The first Doodle was a simple out-of-offi_345e61' is visible

17-06-2024T18:28:18 - [TEST_STEP][PASSED] - verifyElementVisible(findTestObject("Object Repository/Page_The Story and Evolution of Doodles - G_6e786d/h2_Weve created more than 5,000 Doodles ove_111429")): Object 'Object Repository/Page_The Story and Evolution of Doodles - G_6e786d/h2_Weve created more than 5,000 Doodles ove_111429' is visible

17-06-2024T18:28:18 - [MESSAGE][PASSED] - Object 'Object Repository/Page_The Story and Evolution of Doodles - G_6e786d/h2_Weve created more than 5,000 Doodles ove_111429' is visible

17-06-2024T18:28:18 - [TEST_STEP][PASSED] - verifyElementVisible(findTestObject("Object Repository/Page_The Story and Evolution of Doodles - G_6e786d/h1_The story behind Doodles")): Object 'Object Repository/Page_The Story and Evolution of Doodles - G_6e786d/h1_The story behind Doodles' is visible

17-06-2024T18:28:19 - [MESSAGE][PASSED] - Object 'Object Repository/Page_The Story and Evolution of Doodles - G_6e786d/h1_The story behind Doodles' is visible

17-06-2024T18:28:19 - [TEST_STEP][PASSED] - verifyElementVisible(findTestObject("Object Repository/Page_The Story and Evolution of Doodles - G_6e786d/p_The first Doodle was a simple out-of-offi_345e61")): Object 'Object Repository/Page_The Story and Evolution of Doodles - G_6e786d/p_The first Doodle was a simple out-of-offi_345e61' is visible

17-06-2024T18:28:19 - [MESSAGE][PASSED] - Object 'Object Repository/Page_The Story and Evolution of Doodles - G_6e786d/p_The first Doodle was a simple out-of-offi_345e61' is visible

17-06-2024T18:28:19 - [TEST_STEP][PASSED] - verifyElementVisible(findTestObject("Object Repository/Page_The Story and Evolution of Doodles - G_6e786d/h2_Weve created more than 5,000 Doodles ove_111429")): Object 'Object Repository/Page_The Story and Evolution of Doodles - G_6e786d/h2_Weve created more than 5,000 Doodles ove_111429' is visible

17-06-2024T18:28:19 - [MESSAGE][PASSED] - Object 'Object Repository/Page_The Story and Evolution of Doodles - G_6e786d/h2_Weve created more than 5,000 Doodles ove_111429' is visible

17-06-2024T18:28:19 - [TEST_STEP][PASSED] - click(findTestObject("Object Repository/Page_The Story and Evolution of Doodles - G_6e786d/p_The first Doodle was a simple out-of-offi_345e61")): Object: 'Object Repository/Page_The Story and Evolution of Doodles - G_6e786d/p_The first Doodle was a simple out-of-offi_345e61' is clicked on

17-06-2024T18:28:20 - [MESSAGE][PASSED] - Object: 'Object Repository/Page_The Story and Evolution of Doodles - G_6e786d/p_The first Doodle was a simple out-of-offi_345e61' is clicked on

17-06-2024T18:28:20 - [TEST_STEP][PASSED] - verifyElementVisible(findTestObject("Object Repository/Page_The Story and Evolution of Doodles - G_6e786d/h1_The story behind Doodles")): Object 'Object Repository/Page_The Story and Evolution of Doodles - G_6e786d/h1_The story behind Doodles' is visible

17-06-2024T18:28:20 - [MESSAGE][PASSED] - Object 'Object Repository/Page_The Story and Evolution of Doodles - G_6e786d/h1_The story behind Doodles' is visible

17-06-2024T18:28:20 - [TEST_STEP][PASSED] - verifyElementVisible(findTestObject("Object Repository/Page_The Story and Evolution of Doodles - G_6e786d/p_The first Doodle was a simple out-of-offi_345e61")): Object 'Object Repository/Page_The Story and Evolution of Doodles - G_6e786d/p_The first Doodle was a simple out-of-offi_345e61' is visible

17-06-2024T18:28:20 - [MESSAGE][PASSED] - Object 'Object Repository/Page_The Story and Evolution of Doodles - G_6e786d/p_The first Doodle was a simple out-of-offi_345e61' is visible

17-06-2024T18:28:20 - [TEST_STEP][PASSED] - verifyElementVisible(findTestObject("Object Repository/Page_The Story and Evolution of Doodles - G_6e786d/h2_Weve created more than 5,000 Doodles ove_111429")): Object 'Object Repository/Page_The Story and Evolution of Doodles - G_6e786d/h2_Weve created more than 5,000 Doodles ove_111429' is visible

17-06-2024T18:28:21 - [MESSAGE][PASSED] - Object 'Object Repository/Page_The Story and Evolution of Doodles - G_6e786d/h2_Weve created more than 5,000 Doodles ove_111429' is visible

17-06-2024T18:28:21 - [TEST_STEP][PASSED] - click(findTestObject("Object Repository/Page_The Story and Evolution of Doodles - G_6e786d/p_The first Doodle was a simple out-of-offi_345e61")): Object: 'Object Repository/Page_The Story and Evolution of Doodles - G_6e786d/p_The first Doodle was a simple out-of-offi_345e61' is clicked on

17-06-2024T18:28:21 - [MESSAGE][PASSED] - Object: 'Object Repository/Page_The Story and Evolution of Doodles - G_6e786d/p_The first Doodle was a simple out-of-offi_345e61' is clicked on

17-06-2024T18:28:21 - [TEST_STEP][PASSED] - verifyElementVisible(findTestObject("Object Repository/Page_The Story and Evolution of Doodles - G_6e786d/h1_The story behind Doodles")): Object 'Object Repository/Page_The Story and Evolution of Doodles - G_6e786d/h1_The story behind Doodles' is visible

17-06-2024T18:28:21 - [MESSAGE][PASSED] - Object 'Object Repository/Page_The Story and Evolution of Doodles - G_6e786d/h1_The story behind Doodles' is visible

17-06-2024T18:28:21 - [TEST_STEP][PASSED] - verifyElementVisible(findTestObject("Object Repository/Page_The Story and Evolution of Doodles - G_6e786d/p_The first Doodle was a simple out-of-offi_345e61")): Object 'Object Repository/Page_The Story and Evolution of Doodles - G_6e786d/p_The first Doodle was a simple out-of-offi_345e61' is visible

17-06-2024T18:28:22 - [MESSAGE][PASSED] - Object 'Object Repository/Page_The Story and Evolution of Doodles - G_6e786d/p_The first Doodle was a simple out-of-offi_345e61' is visible

17-06-2024T18:28:22 - [TEST_STEP][PASSED] - verifyElementVisible(findTestObject("Object Repository/Page_The Story and Evolution of Doodles - G_6e786d/h2_Weve created more than 5,000 Doodles ove_111429")): Object 'Object Repository/Page_The Story and Evolution of Doodles - G_6e786d/h2_Weve created more than 5,000 Doodles ove_111429' is visible

17-06-2024T18:28:22 - [MESSAGE][PASSED] - Object 'Object Repository/Page_The Story and Evolution of Doodles - G_6e786d/h2_Weve created more than 5,000 Doodles ove_111429' is visible

17-06-2024T18:28:22 - [TEST_STEP][PASSED] - click(findTestObject("Object Repository/Page_The Story and Evolution of Doodles - G_6e786d/p_The first Doodle was a simple out-of-offi_345e61")): Object: 'Object Repository/Page_The Story and Evolution of Doodles - G_6e786d/p_The first Doodle was a simple out-of-offi_345e61' is clicked on

17-06-2024T18:28:22 - [MESSAGE][PASSED] - Object: 'Object Repository/Page_The Story and Evolution of Doodles - G_6e786d/p_The first Doodle was a simple out-of-offi_345e61' is clicked on

17-06-2024T18:28:22 - [TEST_STEP][PASSED] - verifyElementVisible(findTestObject("Object Repository/Page_The Story and Evolution of Doodles - G_6e786d/h1_The story behind Doodles")): Object 'Object Repository/Page_The Story and Evolution of Doodles - G_6e786d/h1_The story behind Doodles' is visible

17-06-2024T18:28:23 - [MESSAGE][PASSED] - Object 'Object Repository/Page_The Story and Evolution of Doodles - G_6e786d/h1_The story behind Doodles' is visible

17-06-2024T18:28:23 - [TEST_STEP][PASSED] - verifyElementVisible(findTestObject("Object Repository/Page_The Story and Evolution of Doodles - G_6e786d/p_The first Doodle was a simple out-of-offi_345e61")): Object 'Object Repository/Page_The Story and Evolution of Doodles - G_6e786d/p_The first Doodle was a simple out-of-offi_345e61' is visible

17-06-2024T18:28:23 - [MESSAGE][PASSED] - Object 'Object Repository/Page_The Story and Evolution of Doodles - G_6e786d/p_The first Doodle was a simple out-of-offi_345e61' is visible

17-06-2024T18:28:23 - [TEST_STEP][PASSED] - verifyElementVisible(findTestObject("Object Repository/Page_The Story and Evolution of Doodles - G_6e786d/h2_Weve created more than 5,000 Doodles ove_111429")): Object 'Object Repository/Page_The Story and Evolution of Doodles - G_6e786d/h2_Weve created more than 5,000 Doodles ove_111429' is visible

17-06-2024T18:28:23 - [MESSAGE][PASSED] - Object 'Object Repository/Page_The Story and Evolution of Doodles - G_6e786d/h2_Weve created more than 5,000 Doodles ove_111429' is visible

17-06-2024T18:28:23 - [TEST_STEP][PASSED] - click(findTestObject("Object Repository/Page_The Story and Evolution of Doodles - G_6e786d/p_The first Doodle was a simple out-of-offi_345e61")): Object: 'Object Repository/Page_The Story and Evolution of Doodles - G_6e786d/p_The first Doodle was a simple out-of-offi_345e61' is clicked on

17-06-2024T18:28:24 - [MESSAGE][PASSED] - Object: 'Object Repository/Page_The Story and Evolution of Doodles - G_6e786d/p_The first Doodle was a simple out-of-offi_345e61' is clicked on

17-06-2024T18:28:24 - [TEST_STEP][PASSED] - verifyElementVisible(findTestObject("Object Repository/Page_The Story and Evolution of Doodles - G_6e786d/h1_The story behind Doodles")): Object 'Object Repository/Page_The Story and Evolution of Doodles - G_6e786d/h1_The story behind Doodles' is visible

17-06-2024T18:28:24 - [MESSAGE][PASSED] - Object 'Object Repository/Page_The Story and Evolution of Doodles - G_6e786d/h1_The story behind Doodles' is visible

17-06-2024T18:28:24 - [TEST_STEP][PASSED] - verifyElementVisible(findTestObject("Object Repository/Page_The Story and Evolution of Doodles - G_6e786d/p_The first Doodle was a simple out-of-offi_345e61")): Object 'Object Repository/Page_The Story and Evolution of Doodles - G_6e786d/p_The first Doodle was a simple out-of-offi_345e61' is visible

17-06-2024T18:28:24 - [MESSAGE][PASSED] - Object 'Object Repository/Page_The Story and Evolution of Doodles - G_6e786d/p_The first Doodle was a simple out-of-offi_345e61' is visible

17-06-2024T18:28:24 - [TEST_STEP][PASSED] - verifyElementVisible(findTestObject("Object Repository/Page_The Story and Evolution of Doodles - G_6e786d/h2_Weve created more than 5,000 Doodles ove_111429")): Object 'Object Repository/Page_The Story and Evolution of Doodles - G_6e786d/h2_Weve created more than 5,000 Doodles ove_111429' is visible

17-06-2024T18:28:25 - [MESSAGE][PASSED] - Object 'Object Repository/Page_The Story and Evolution of Doodles - G_6e786d/h2_Weve created more than 5,000 Doodles ove_111429' is visible

17-06-2024T18:28:25 - [TEST_STEP][PASSED] - click(findTestObject("Object Repository/Page_The Story and Evolution of Doodles - G_6e786d/p_The first Doodle was a simple out-of-offi_345e61")): Object: 'Object Repository/Page_The Story and Evolution of Doodles - G_6e786d/p_The first Doodle was a simple out-of-offi_345e61' is clicked on

17-06-2024T18:28:25 - [MESSAGE][PASSED] - Object: 'Object Repository/Page_The Story and Evolution of Doodles - G_6e786d/p_The first Doodle was a simple out-of-offi_345e61' is clicked on

17-06-2024T18:28:25 - [TEST_STEP][PASSED] - verifyElementVisible(findTestObject("Object Repository/Page_The Story and Evolution of Doodles - G_6e786d/h1_The story behind Doodles")): Object 'Object Repository/Page_The Story and Evolution of Doodles - G_6e786d/h1_The story behind Doodles' is visible

17-06-2024T18:28:26 - [MESSAGE][PASSED] - Object 'Object Repository/Page_The Story and Evolution of Doodles - G_6e786d/h1_The story behind Doodles' is visible

17-06-2024T18:28:26 - [TEST_STEP][PASSED] - verifyElementVisible(findTestObject("Object Repository/Page_The Story and Evolution of Doodles - G_6e786d/p_The first Doodle was a simple out-of-offi_345e61")): Object 'Object Repository/Page_The Story and Evolution of Doodles - G_6e786d/p_The first Doodle was a simple out-of-offi_345e61' is visible

17-06-2024T18:28:26 - [MESSAGE][PASSED] - Object 'Object Repository/Page_The Story and Evolution of Doodles - G_6e786d/p_The first Doodle was a simple out-of-offi_345e61' is visible

17-06-2024T18:28:26 - [TEST_STEP][PASSED] - verifyElementVisible(findTestObject("Object Repository/Page_The Story and Evolution of Doodles - G_6e786d/h2_Weve created more than 5,000 Doodles ove_111429")): Object 'Object Repository/Page_The Story and Evolution of Doodles - G_6e786d/h2_Weve created more than 5,000 Doodles ove_111429' is visible

17-06-2024T18:28:26 - [MESSAGE][PASSED] - Object 'Object Repository/Page_The Story and Evolution of Doodles - G_6e786d/h2_Weve created more than 5,000 Doodles ove_111429' is visible

17-06-2024T18:28:26 - [TEST_STEP][PASSED] - click(findTestObject("Object Repository/Page_The Story and Evolution of Doodles - G_6e786d/p_The first Doodle was a simple out-of-offi_345e61")): Object: 'Object Repository/Page_The Story and Evolution of Doodles - G_6e786d/p_The first Doodle was a simple out-of-offi_345e61' is clicked on

17-06-2024T18:28:27 - [MESSAGE][PASSED] - Object: 'Object Repository/Page_The Story and Evolution of Doodles - G_6e786d/p_The first Doodle was a simple out-of-offi_345e61' is clicked on

17-06-2024T18:28:27 - [TEST_STEP][PASSED] - verifyElementVisible(findTestObject("Object Repository/Page_The Story and Evolution of Doodles - G_6e786d/h1_The story behind Doodles")): Object 'Object Repository/Page_The Story and Evolution of Doodles - G_6e786d/h1_The story behind Doodles' is visible

17-06-2024T18:28:27 - [MESSAGE][PASSED] - Object 'Object Repository/Page_The Story and Evolution of Doodles - G_6e786d/h1_The story behind Doodles' is visible

17-06-2024T18:28:27 - [TEST_STEP][PASSED] - verifyElementVisible(findTestObject("Object Repository/Page_The Story and Evolution of Doodles - G_6e786d/p_The first Doodle was a simple out-of-offi_345e61")): Object 'Object Repository/Page_The Story and Evolution of Doodles - G_6e786d/p_The first Doodle was a simple out-of-offi_345e61' is visible

17-06-2024T18:28:27 - [MESSAGE][PASSED] - Object 'Object Repository/Page_The Story and Evolution of Doodles - G_6e786d/p_The first Doodle was a simple out-of-offi_345e61' is visible

17-06-2024T18:28:27 - [TEST_STEP][PASSED] - verifyElementVisible(findTestObject("Object Repository/Page_The Story and Evolution of Doodles - G_6e786d/h2_Weve created more than 5,000 Doodles ove_111429")): Object 'Object Repository/Page_The Story and Evolution of Doodles - G_6e786d/h2_Weve created more than 5,000 Doodles ove_111429' is visible

17-06-2024T18:28:28 - [MESSAGE][PASSED] - Object 'Object Repository/Page_The Story and Evolution of Doodles - G_6e786d/h2_Weve created more than 5,000 Doodles ove_111429' is visible

17-06-2024T18:28:28 - [TEST_STEP][PASSED] - click(findTestObject("Object Repository/Page_The Story and Evolution of Doodles - G_6e786d/p_The first Doodle was a simple out-of-offi_345e61")): Object: 'Object Repository/Page_The Story and Evolution of Doodles - G_6e786d/p_The first Doodle was a simple out-of-offi_345e61' is clicked on

17-06-2024T18:28:28 - [MESSAGE][PASSED] - Object: 'Object Repository/Page_The Story and Evolution of Doodles - G_6e786d/p_The first Doodle was a simple out-of-offi_345e61' is clicked on

17-06-2024T18:28:28 - [TEST_STEP][PASSED] - verifyElementVisible(findTestObject("Object Repository/Page_The Story and Evolution of Doodles - G_6e786d/h1_The story behind Doodles")): Object 'Object Repository/Page_The Story and Evolution of Doodles - G_6e786d/h1_The story behind Doodles' is visible

17-06-2024T18:28:28 - [MESSAGE][PASSED] - Object 'Object Repository/Page_The Story and Evolution of Doodles - G_6e786d/h1_The story behind Doodles' is visible

17-06-2024T18:28:28 - [TEST_STEP][PASSED] - verifyElementVisible(findTestObject("Object Repository/Page_The Story and Evolution of Doodles - G_6e786d/p_The first Doodle was a simple out-of-offi_345e61")): Object 'Object Repository/Page_The Story and Evolution of Doodles - G_6e786d/p_The first Doodle was a simple out-of-offi_345e61' is visible

17-06-2024T18:28:29 - [MESSAGE][PASSED] - Object 'Object Repository/Page_The Story and Evolution of Doodles - G_6e786d/p_The first Doodle was a simple out-of-offi_345e61' is visible

17-06-2024T18:28:29 - [TEST_STEP][PASSED] - verifyElementVisible(findTestObject("Object Repository/Page_The Story and Evolution of Doodles - G_6e786d/h2_Weve created more than 5,000 Doodles ove_111429")): Object 'Object Repository/Page_The Story and Evolution of Doodles - G_6e786d/h2_Weve created more than 5,000 Doodles ove_111429' is visible

17-06-2024T18:28:29 - [MESSAGE][PASSED] - Object 'Object Repository/Page_The Story and Evolution of Doodles - G_6e786d/h2_Weve created more than 5,000 Doodles ove_111429' is visible

17-06-2024T18:28:29 - [TEST_STEP][PASSED] - click(findTestObject("Object Repository/Page_The Story and Evolution of Doodles - G_6e786d/p_The first Doodle was a simple out-of-offi_345e61")): Object: 'Object Repository/Page_The Story and Evolution of Doodles - G_6e786d/p_The first Doodle was a simple out-of-offi_345e61' is clicked on

17-06-2024T18:28:29 - [MESSAGE][PASSED] - Object: 'Object Repository/Page_The Story and Evolution of Doodles - G_6e786d/p_The first Doodle was a simple out-of-offi_345e61' is clicked on

17-06-2024T18:28:29 - [TEST_STEP][PASSED] - verifyElementVisible(findTestObject("Object Repository/Page_The Story and Evolution of Doodles - G_6e786d/h1_The story behind Doodles")): Object 'Object Repository/Page_The Story and Evolution of Doodles - G_6e786d/h1_The story behind Doodles' is visible

17-06-2024T18:28:30 - [MESSAGE][PASSED] - Object 'Object Repository/Page_The Story and Evolution of Doodles - G_6e786d/h1_The story behind Doodles' is visible

17-06-2024T18:28:30 - [TEST_STEP][PASSED] - verifyElementVisible(findTestObject("Object Repository/Page_The Story and Evolution of Doodles - G_6e786d/p_The first Doodle was a simple out-of-offi_345e61")): Object 'Object Repository/Page_The Story and Evolution of Doodles - G_6e786d/p_The first Doodle was a simple out-of-offi_345e61' is visible

17-06-2024T18:28:30 - [MESSAGE][PASSED] - Object 'Object Repository/Page_The Story and Evolution of Doodles - G_6e786d/p_The first Doodle was a simple out-of-offi_345e61' is visible

17-06-2024T18:28:30 - [TEST_STEP][PASSED] - verifyElementVisible(findTestObject("Object Repository/Page_The Story and Evolution of Doodles - G_6e786d/h2_Weve created more than 5,000 Doodles ove_111429")): Object 'Object Repository/Page_The Story and Evolution of Doodles - G_6e786d/h2_Weve created more than 5,000 Doodles ove_111429' is visible

17-06-2024T18:28:30 - [MESSAGE][PASSED] - Object 'Object Repository/Page_The Story and Evolution of Doodles - G_6e786d/h2_Weve created more than 5,000 Doodles ove_111429' is visible

17-06-2024T18:28:30 - [TEST_STEP][PASSED] - click(findTestObject("Object Repository/Page_The Story and Evolution of Doodles - G_6e786d/p_The first Doodle was a simple out-of-offi_345e61")): Object: 'Object Repository/Page_The Story and Evolution of Doodles - G_6e786d/p_The first Doodle was a simple out-of-offi_345e61' is clicked on

17-06-2024T18:28:31 - [MESSAGE][PASSED] - Object: 'Object Repository/Page_The Story and Evolution of Doodles - G_6e786d/p_The first Doodle was a simple out-of-offi_345e61' is clicked on

17-06-2024T18:28:31 - [TEST_STEP][PASSED] - verifyElementVisible(findTestObject("Object Repository/Page_The Story and Evolution of Doodles - G_6e786d/h1_The story behind Doodles")): Object 'Object Repository/Page_The Story and Evolution of Doodles - G_6e786d/h1_The story behind Doodles' is visible

17-06-2024T18:28:31 - [MESSAGE][PASSED] - Object 'Object Repository/Page_The Story and Evolution of Doodles - G_6e786d/h1_The story behind Doodles' is visible

17-06-2024T18:28:31 - [TEST_STEP][PASSED] - verifyElementVisible(findTestObject("Object Repository/Page_The Story and Evolution of Doodles - G_6e786d/p_The first Doodle was a simple out-of-offi_345e61")): Object 'Object Repository/Page_The Story and Evolution of Doodles - G_6e786d/p_The first Doodle was a simple out-of-offi_345e61' is visible

17-06-2024T18:28:31 - [MESSAGE][PASSED] - Object 'Object Repository/Page_The Story and Evolution of Doodles - G_6e786d/p_The first Doodle was a simple out-of-offi_345e61' is visible

17-06-2024T18:28:31 - [TEST_STEP][PASSED] - verifyElementVisible(findTestObject("Object Repository/Page_The Story and Evolution of Doodles - G_6e786d/h2_Weve created more than 5,000 Doodles ove_111429")): Object 'Object Repository/Page_The Story and Evolution of Doodles - G_6e786d/h2_Weve created more than 5,000 Doodles ove_111429' is visible

17-06-2024T18:28:32 - [MESSAGE][PASSED] - Object 'Object Repository/Page_The Story and Evolution of Doodles - G_6e786d/h2_Weve created more than 5,000 Doodles ove_111429' is visible]]></system-out>
         <system-err><![CDATA[]]></system-err>
      </testcase>
      <testcase name="Test Cases/test case folder 1/tc1 - Copy (6) - Copy (2)" time="19.071" classname="Test Cases/test case folder 1/tc1 - Copy (6) - Copy (2)" status="PASSED">
         <system-out><![CDATA[17-06-2024T18:28:32 - [TEST_CASE][PASSED] - Test Cases/test case folder 1/tc1 - Copy (6) - Copy (2): Test Cases/test case folder 1/tc1 - Copy (6) - Copy (2)

17-06-2024T18:28:32 - [TEST_STEP][PASSED] - openBrowser(""): Browser is opened with url: ''

17-06-2024T18:28:32 - [MESSAGE][WARNING] - A browser is already opened. Closing browser and opening a new one

17-06-2024T18:28:32 - [MESSAGE][INFO] - Starting 'Chrome (headless)' driver

17-06-2024T18:28:32 - [MESSAGE][INFO] - Action delay is set to 0 milliseconds

17-06-2024T18:28:33 - [MESSAGE][PASSED] - Browser is opened with url: ''

17-06-2024T18:28:33 - [TEST_STEP][PASSED] - navigateToUrl("https://doodles.google/about/"): Navigate to 'https://doodles.google/about/' successfully

17-06-2024T18:28:36 - [MESSAGE][PASSED] - Navigate to 'https://doodles.google/about/' successfully

17-06-2024T18:28:36 - [TEST_STEP][PASSED] - click(findTestObject("Object Repository/Page_The Story and Evolution of Doodles - G_6e786d/p_The first Doodle was a simple out-of-offi_345e61")): Object: 'Object Repository/Page_The Story and Evolution of Doodles - G_6e786d/p_The first Doodle was a simple out-of-offi_345e61' is clicked on

17-06-2024T18:28:36 - [MESSAGE][PASSED] - Object: 'Object Repository/Page_The Story and Evolution of Doodles - G_6e786d/p_The first Doodle was a simple out-of-offi_345e61' is clicked on

17-06-2024T18:28:36 - [TEST_STEP][PASSED] - click(findTestObject("Object Repository/Page_The Story and Evolution of Doodles - G_6e786d/p_The first Doodle was a simple out-of-offi_345e61")): Object: 'Object Repository/Page_The Story and Evolution of Doodles - G_6e786d/p_The first Doodle was a simple out-of-offi_345e61' is clicked on

17-06-2024T18:28:37 - [MESSAGE][PASSED] - Object: 'Object Repository/Page_The Story and Evolution of Doodles - G_6e786d/p_The first Doodle was a simple out-of-offi_345e61' is clicked on

17-06-2024T18:28:37 - [TEST_STEP][PASSED] - verifyElementVisible(findTestObject("Object Repository/Page_The Story and Evolution of Doodles - G_6e786d/h1_The story behind Doodles")): Object 'Object Repository/Page_The Story and Evolution of Doodles - G_6e786d/h1_The story behind Doodles' is visible

17-06-2024T18:28:37 - [MESSAGE][PASSED] - Object 'Object Repository/Page_The Story and Evolution of Doodles - G_6e786d/h1_The story behind Doodles' is visible

17-06-2024T18:28:37 - [TEST_STEP][PASSED] - verifyElementVisible(findTestObject("Object Repository/Page_The Story and Evolution of Doodles - G_6e786d/p_The first Doodle was a simple out-of-offi_345e61")): Object 'Object Repository/Page_The Story and Evolution of Doodles - G_6e786d/p_The first Doodle was a simple out-of-offi_345e61' is visible

17-06-2024T18:28:37 - [MESSAGE][PASSED] - Object 'Object Repository/Page_The Story and Evolution of Doodles - G_6e786d/p_The first Doodle was a simple out-of-offi_345e61' is visible

17-06-2024T18:28:37 - [TEST_STEP][PASSED] - verifyElementVisible(findTestObject("Object Repository/Page_The Story and Evolution of Doodles - G_6e786d/h2_Weve created more than 5,000 Doodles ove_111429")): Object 'Object Repository/Page_The Story and Evolution of Doodles - G_6e786d/h2_Weve created more than 5,000 Doodles ove_111429' is visible

17-06-2024T18:28:38 - [MESSAGE][PASSED] - Object 'Object Repository/Page_The Story and Evolution of Doodles - G_6e786d/h2_Weve created more than 5,000 Doodles ove_111429' is visible

17-06-2024T18:28:38 - [TEST_STEP][PASSED] - verifyElementVisible(findTestObject("Object Repository/Page_The Story and Evolution of Doodles - G_6e786d/h1_The story behind Doodles")): Object 'Object Repository/Page_The Story and Evolution of Doodles - G_6e786d/h1_The story behind Doodles' is visible

17-06-2024T18:28:38 - [MESSAGE][PASSED] - Object 'Object Repository/Page_The Story and Evolution of Doodles - G_6e786d/h1_The story behind Doodles' is visible

17-06-2024T18:28:38 - [TEST_STEP][PASSED] - verifyElementVisible(findTestObject("Object Repository/Page_The Story and Evolution of Doodles - G_6e786d/p_The first Doodle was a simple out-of-offi_345e61")): Object 'Object Repository/Page_The Story and Evolution of Doodles - G_6e786d/p_The first Doodle was a simple out-of-offi_345e61' is visible

17-06-2024T18:28:38 - [MESSAGE][PASSED] - Object 'Object Repository/Page_The Story and Evolution of Doodles - G_6e786d/p_The first Doodle was a simple out-of-offi_345e61' is visible

17-06-2024T18:28:38 - [TEST_STEP][PASSED] - verifyElementVisible(findTestObject("Object Repository/Page_The Story and Evolution of Doodles - G_6e786d/h2_Weve created more than 5,000 Doodles ove_111429")): Object 'Object Repository/Page_The Story and Evolution of Doodles - G_6e786d/h2_Weve created more than 5,000 Doodles ove_111429' is visible

17-06-2024T18:28:39 - [MESSAGE][PASSED] - Object 'Object Repository/Page_The Story and Evolution of Doodles - G_6e786d/h2_Weve created more than 5,000 Doodles ove_111429' is visible

17-06-2024T18:28:39 - [TEST_STEP][PASSED] - click(findTestObject("Object Repository/Page_The Story and Evolution of Doodles - G_6e786d/p_The first Doodle was a simple out-of-offi_345e61")): Object: 'Object Repository/Page_The Story and Evolution of Doodles - G_6e786d/p_The first Doodle was a simple out-of-offi_345e61' is clicked on

17-06-2024T18:28:39 - [MESSAGE][PASSED] - Object: 'Object Repository/Page_The Story and Evolution of Doodles - G_6e786d/p_The first Doodle was a simple out-of-offi_345e61' is clicked on

17-06-2024T18:28:39 - [TEST_STEP][PASSED] - verifyElementVisible(findTestObject("Object Repository/Page_The Story and Evolution of Doodles - G_6e786d/h1_The story behind Doodles")): Object 'Object Repository/Page_The Story and Evolution of Doodles - G_6e786d/h1_The story behind Doodles' is visible

17-06-2024T18:28:39 - [MESSAGE][PASSED] - Object 'Object Repository/Page_The Story and Evolution of Doodles - G_6e786d/h1_The story behind Doodles' is visible

17-06-2024T18:28:39 - [TEST_STEP][PASSED] - verifyElementVisible(findTestObject("Object Repository/Page_The Story and Evolution of Doodles - G_6e786d/p_The first Doodle was a simple out-of-offi_345e61")): Object 'Object Repository/Page_The Story and Evolution of Doodles - G_6e786d/p_The first Doodle was a simple out-of-offi_345e61' is visible

17-06-2024T18:28:40 - [MESSAGE][PASSED] - Object 'Object Repository/Page_The Story and Evolution of Doodles - G_6e786d/p_The first Doodle was a simple out-of-offi_345e61' is visible

17-06-2024T18:28:40 - [TEST_STEP][PASSED] - verifyElementVisible(findTestObject("Object Repository/Page_The Story and Evolution of Doodles - G_6e786d/h2_Weve created more than 5,000 Doodles ove_111429")): Object 'Object Repository/Page_The Story and Evolution of Doodles - G_6e786d/h2_Weve created more than 5,000 Doodles ove_111429' is visible

17-06-2024T18:28:40 - [MESSAGE][PASSED] - Object 'Object Repository/Page_The Story and Evolution of Doodles - G_6e786d/h2_Weve created more than 5,000 Doodles ove_111429' is visible

17-06-2024T18:28:40 - [TEST_STEP][PASSED] - click(findTestObject("Object Repository/Page_The Story and Evolution of Doodles - G_6e786d/p_The first Doodle was a simple out-of-offi_345e61")): Object: 'Object Repository/Page_The Story and Evolution of Doodles - G_6e786d/p_The first Doodle was a simple out-of-offi_345e61' is clicked on

17-06-2024T18:28:40 - [MESSAGE][PASSED] - Object: 'Object Repository/Page_The Story and Evolution of Doodles - G_6e786d/p_The first Doodle was a simple out-of-offi_345e61' is clicked on

17-06-2024T18:28:40 - [TEST_STEP][PASSED] - verifyElementVisible(findTestObject("Object Repository/Page_The Story and Evolution of Doodles - G_6e786d/h1_The story behind Doodles")): Object 'Object Repository/Page_The Story and Evolution of Doodles - G_6e786d/h1_The story behind Doodles' is visible

17-06-2024T18:28:41 - [MESSAGE][PASSED] - Object 'Object Repository/Page_The Story and Evolution of Doodles - G_6e786d/h1_The story behind Doodles' is visible

17-06-2024T18:28:41 - [TEST_STEP][PASSED] - verifyElementVisible(findTestObject("Object Repository/Page_The Story and Evolution of Doodles - G_6e786d/p_The first Doodle was a simple out-of-offi_345e61")): Object 'Object Repository/Page_The Story and Evolution of Doodles - G_6e786d/p_The first Doodle was a simple out-of-offi_345e61' is visible

17-06-2024T18:28:41 - [MESSAGE][PASSED] - Object 'Object Repository/Page_The Story and Evolution of Doodles - G_6e786d/p_The first Doodle was a simple out-of-offi_345e61' is visible

17-06-2024T18:28:41 - [TEST_STEP][PASSED] - verifyElementVisible(findTestObject("Object Repository/Page_The Story and Evolution of Doodles - G_6e786d/h2_Weve created more than 5,000 Doodles ove_111429")): Object 'Object Repository/Page_The Story and Evolution of Doodles - G_6e786d/h2_Weve created more than 5,000 Doodles ove_111429' is visible

17-06-2024T18:28:41 - [MESSAGE][PASSED] - Object 'Object Repository/Page_The Story and Evolution of Doodles - G_6e786d/h2_Weve created more than 5,000 Doodles ove_111429' is visible

17-06-2024T18:28:41 - [TEST_STEP][PASSED] - click(findTestObject("Object Repository/Page_The Story and Evolution of Doodles - G_6e786d/p_The first Doodle was a simple out-of-offi_345e61")): Object: 'Object Repository/Page_The Story and Evolution of Doodles - G_6e786d/p_The first Doodle was a simple out-of-offi_345e61' is clicked on

17-06-2024T18:28:42 - [MESSAGE][PASSED] - Object: 'Object Repository/Page_The Story and Evolution of Doodles - G_6e786d/p_The first Doodle was a simple out-of-offi_345e61' is clicked on

17-06-2024T18:28:42 - [TEST_STEP][PASSED] - verifyElementVisible(findTestObject("Object Repository/Page_The Story and Evolution of Doodles - G_6e786d/h1_The story behind Doodles")): Object 'Object Repository/Page_The Story and Evolution of Doodles - G_6e786d/h1_The story behind Doodles' is visible

17-06-2024T18:28:42 - [MESSAGE][PASSED] - Object 'Object Repository/Page_The Story and Evolution of Doodles - G_6e786d/h1_The story behind Doodles' is visible

17-06-2024T18:28:42 - [TEST_STEP][PASSED] - verifyElementVisible(findTestObject("Object Repository/Page_The Story and Evolution of Doodles - G_6e786d/p_The first Doodle was a simple out-of-offi_345e61")): Object 'Object Repository/Page_The Story and Evolution of Doodles - G_6e786d/p_The first Doodle was a simple out-of-offi_345e61' is visible

17-06-2024T18:28:42 - [MESSAGE][PASSED] - Object 'Object Repository/Page_The Story and Evolution of Doodles - G_6e786d/p_The first Doodle was a simple out-of-offi_345e61' is visible

17-06-2024T18:28:42 - [TEST_STEP][PASSED] - verifyElementVisible(findTestObject("Object Repository/Page_The Story and Evolution of Doodles - G_6e786d/h2_Weve created more than 5,000 Doodles ove_111429")): Object 'Object Repository/Page_The Story and Evolution of Doodles - G_6e786d/h2_Weve created more than 5,000 Doodles ove_111429' is visible

17-06-2024T18:28:43 - [MESSAGE][PASSED] - Object 'Object Repository/Page_The Story and Evolution of Doodles - G_6e786d/h2_Weve created more than 5,000 Doodles ove_111429' is visible

17-06-2024T18:28:43 - [TEST_STEP][PASSED] - click(findTestObject("Object Repository/Page_The Story and Evolution of Doodles - G_6e786d/p_The first Doodle was a simple out-of-offi_345e61")): Object: 'Object Repository/Page_The Story and Evolution of Doodles - G_6e786d/p_The first Doodle was a simple out-of-offi_345e61' is clicked on

17-06-2024T18:28:43 - [MESSAGE][PASSED] - Object: 'Object Repository/Page_The Story and Evolution of Doodles - G_6e786d/p_The first Doodle was a simple out-of-offi_345e61' is clicked on

17-06-2024T18:28:43 - [TEST_STEP][PASSED] - verifyElementVisible(findTestObject("Object Repository/Page_The Story and Evolution of Doodles - G_6e786d/h1_The story behind Doodles")): Object 'Object Repository/Page_The Story and Evolution of Doodles - G_6e786d/h1_The story behind Doodles' is visible

17-06-2024T18:28:43 - [MESSAGE][PASSED] - Object 'Object Repository/Page_The Story and Evolution of Doodles - G_6e786d/h1_The story behind Doodles' is visible

17-06-2024T18:28:43 - [TEST_STEP][PASSED] - verifyElementVisible(findTestObject("Object Repository/Page_The Story and Evolution of Doodles - G_6e786d/p_The first Doodle was a simple out-of-offi_345e61")): Object 'Object Repository/Page_The Story and Evolution of Doodles - G_6e786d/p_The first Doodle was a simple out-of-offi_345e61' is visible

17-06-2024T18:28:44 - [MESSAGE][PASSED] - Object 'Object Repository/Page_The Story and Evolution of Doodles - G_6e786d/p_The first Doodle was a simple out-of-offi_345e61' is visible

17-06-2024T18:28:44 - [TEST_STEP][PASSED] - verifyElementVisible(findTestObject("Object Repository/Page_The Story and Evolution of Doodles - G_6e786d/h2_Weve created more than 5,000 Doodles ove_111429")): Object 'Object Repository/Page_The Story and Evolution of Doodles - G_6e786d/h2_Weve created more than 5,000 Doodles ove_111429' is visible

17-06-2024T18:28:44 - [MESSAGE][PASSED] - Object 'Object Repository/Page_The Story and Evolution of Doodles - G_6e786d/h2_Weve created more than 5,000 Doodles ove_111429' is visible

17-06-2024T18:28:44 - [TEST_STEP][PASSED] - click(findTestObject("Object Repository/Page_The Story and Evolution of Doodles - G_6e786d/p_The first Doodle was a simple out-of-offi_345e61")): Object: 'Object Repository/Page_The Story and Evolution of Doodles - G_6e786d/p_The first Doodle was a simple out-of-offi_345e61' is clicked on

17-06-2024T18:28:44 - [MESSAGE][PASSED] - Object: 'Object Repository/Page_The Story and Evolution of Doodles - G_6e786d/p_The first Doodle was a simple out-of-offi_345e61' is clicked on

17-06-2024T18:28:44 - [TEST_STEP][PASSED] - verifyElementVisible(findTestObject("Object Repository/Page_The Story and Evolution of Doodles - G_6e786d/h1_The story behind Doodles")): Object 'Object Repository/Page_The Story and Evolution of Doodles - G_6e786d/h1_The story behind Doodles' is visible

17-06-2024T18:28:45 - [MESSAGE][PASSED] - Object 'Object Repository/Page_The Story and Evolution of Doodles - G_6e786d/h1_The story behind Doodles' is visible

17-06-2024T18:28:45 - [TEST_STEP][PASSED] - verifyElementVisible(findTestObject("Object Repository/Page_The Story and Evolution of Doodles - G_6e786d/p_The first Doodle was a simple out-of-offi_345e61")): Object 'Object Repository/Page_The Story and Evolution of Doodles - G_6e786d/p_The first Doodle was a simple out-of-offi_345e61' is visible

17-06-2024T18:28:45 - [MESSAGE][PASSED] - Object 'Object Repository/Page_The Story and Evolution of Doodles - G_6e786d/p_The first Doodle was a simple out-of-offi_345e61' is visible

17-06-2024T18:28:45 - [TEST_STEP][PASSED] - verifyElementVisible(findTestObject("Object Repository/Page_The Story and Evolution of Doodles - G_6e786d/h2_Weve created more than 5,000 Doodles ove_111429")): Object 'Object Repository/Page_The Story and Evolution of Doodles - G_6e786d/h2_Weve created more than 5,000 Doodles ove_111429' is visible

17-06-2024T18:28:45 - [MESSAGE][PASSED] - Object 'Object Repository/Page_The Story and Evolution of Doodles - G_6e786d/h2_Weve created more than 5,000 Doodles ove_111429' is visible

17-06-2024T18:28:45 - [TEST_STEP][PASSED] - click(findTestObject("Object Repository/Page_The Story and Evolution of Doodles - G_6e786d/p_The first Doodle was a simple out-of-offi_345e61")): Object: 'Object Repository/Page_The Story and Evolution of Doodles - G_6e786d/p_The first Doodle was a simple out-of-offi_345e61' is clicked on

17-06-2024T18:28:46 - [MESSAGE][PASSED] - Object: 'Object Repository/Page_The Story and Evolution of Doodles - G_6e786d/p_The first Doodle was a simple out-of-offi_345e61' is clicked on

17-06-2024T18:28:46 - [TEST_STEP][PASSED] - verifyElementVisible(findTestObject("Object Repository/Page_The Story and Evolution of Doodles - G_6e786d/h1_The story behind Doodles")): Object 'Object Repository/Page_The Story and Evolution of Doodles - G_6e786d/h1_The story behind Doodles' is visible

17-06-2024T18:28:46 - [MESSAGE][PASSED] - Object 'Object Repository/Page_The Story and Evolution of Doodles - G_6e786d/h1_The story behind Doodles' is visible

17-06-2024T18:28:46 - [TEST_STEP][PASSED] - verifyElementVisible(findTestObject("Object Repository/Page_The Story and Evolution of Doodles - G_6e786d/p_The first Doodle was a simple out-of-offi_345e61")): Object 'Object Repository/Page_The Story and Evolution of Doodles - G_6e786d/p_The first Doodle was a simple out-of-offi_345e61' is visible

17-06-2024T18:28:46 - [MESSAGE][PASSED] - Object 'Object Repository/Page_The Story and Evolution of Doodles - G_6e786d/p_The first Doodle was a simple out-of-offi_345e61' is visible

17-06-2024T18:28:46 - [TEST_STEP][PASSED] - verifyElementVisible(findTestObject("Object Repository/Page_The Story and Evolution of Doodles - G_6e786d/h2_Weve created more than 5,000 Doodles ove_111429")): Object 'Object Repository/Page_The Story and Evolution of Doodles - G_6e786d/h2_Weve created more than 5,000 Doodles ove_111429' is visible

17-06-2024T18:28:47 - [MESSAGE][PASSED] - Object 'Object Repository/Page_The Story and Evolution of Doodles - G_6e786d/h2_Weve created more than 5,000 Doodles ove_111429' is visible

17-06-2024T18:28:47 - [TEST_STEP][PASSED] - click(findTestObject("Object Repository/Page_The Story and Evolution of Doodles - G_6e786d/p_The first Doodle was a simple out-of-offi_345e61")): Object: 'Object Repository/Page_The Story and Evolution of Doodles - G_6e786d/p_The first Doodle was a simple out-of-offi_345e61' is clicked on

17-06-2024T18:28:47 - [MESSAGE][PASSED] - Object: 'Object Repository/Page_The Story and Evolution of Doodles - G_6e786d/p_The first Doodle was a simple out-of-offi_345e61' is clicked on

17-06-2024T18:28:47 - [TEST_STEP][PASSED] - verifyElementVisible(findTestObject("Object Repository/Page_The Story and Evolution of Doodles - G_6e786d/h1_The story behind Doodles")): Object 'Object Repository/Page_The Story and Evolution of Doodles - G_6e786d/h1_The story behind Doodles' is visible

17-06-2024T18:28:47 - [MESSAGE][PASSED] - Object 'Object Repository/Page_The Story and Evolution of Doodles - G_6e786d/h1_The story behind Doodles' is visible

17-06-2024T18:28:47 - [TEST_STEP][PASSED] - verifyElementVisible(findTestObject("Object Repository/Page_The Story and Evolution of Doodles - G_6e786d/p_The first Doodle was a simple out-of-offi_345e61")): Object 'Object Repository/Page_The Story and Evolution of Doodles - G_6e786d/p_The first Doodle was a simple out-of-offi_345e61' is visible

17-06-2024T18:28:48 - [MESSAGE][PASSED] - Object 'Object Repository/Page_The Story and Evolution of Doodles - G_6e786d/p_The first Doodle was a simple out-of-offi_345e61' is visible

17-06-2024T18:28:48 - [TEST_STEP][PASSED] - verifyElementVisible(findTestObject("Object Repository/Page_The Story and Evolution of Doodles - G_6e786d/h2_Weve created more than 5,000 Doodles ove_111429")): Object 'Object Repository/Page_The Story and Evolution of Doodles - G_6e786d/h2_Weve created more than 5,000 Doodles ove_111429' is visible

17-06-2024T18:28:48 - [MESSAGE][PASSED] - Object 'Object Repository/Page_The Story and Evolution of Doodles - G_6e786d/h2_Weve created more than 5,000 Doodles ove_111429' is visible

17-06-2024T18:28:48 - [TEST_STEP][PASSED] - click(findTestObject("Object Repository/Page_The Story and Evolution of Doodles - G_6e786d/p_The first Doodle was a simple out-of-offi_345e61")): Object: 'Object Repository/Page_The Story and Evolution of Doodles - G_6e786d/p_The first Doodle was a simple out-of-offi_345e61' is clicked on

17-06-2024T18:28:48 - [MESSAGE][PASSED] - Object: 'Object Repository/Page_The Story and Evolution of Doodles - G_6e786d/p_The first Doodle was a simple out-of-offi_345e61' is clicked on

17-06-2024T18:28:48 - [TEST_STEP][PASSED] - verifyElementVisible(findTestObject("Object Repository/Page_The Story and Evolution of Doodles - G_6e786d/h1_The story behind Doodles")): Object 'Object Repository/Page_The Story and Evolution of Doodles - G_6e786d/h1_The story behind Doodles' is visible

17-06-2024T18:28:49 - [MESSAGE][PASSED] - Object 'Object Repository/Page_The Story and Evolution of Doodles - G_6e786d/h1_The story behind Doodles' is visible

17-06-2024T18:28:49 - [TEST_STEP][PASSED] - verifyElementVisible(findTestObject("Object Repository/Page_The Story and Evolution of Doodles - G_6e786d/p_The first Doodle was a simple out-of-offi_345e61")): Object 'Object Repository/Page_The Story and Evolution of Doodles - G_6e786d/p_The first Doodle was a simple out-of-offi_345e61' is visible

17-06-2024T18:28:49 - [MESSAGE][PASSED] - Object 'Object Repository/Page_The Story and Evolution of Doodles - G_6e786d/p_The first Doodle was a simple out-of-offi_345e61' is visible

17-06-2024T18:28:49 - [TEST_STEP][PASSED] - verifyElementVisible(findTestObject("Object Repository/Page_The Story and Evolution of Doodles - G_6e786d/h2_Weve created more than 5,000 Doodles ove_111429")): Object 'Object Repository/Page_The Story and Evolution of Doodles - G_6e786d/h2_Weve created more than 5,000 Doodles ove_111429' is visible

17-06-2024T18:28:49 - [MESSAGE][PASSED] - Object 'Object Repository/Page_The Story and Evolution of Doodles - G_6e786d/h2_Weve created more than 5,000 Doodles ove_111429' is visible

17-06-2024T18:28:49 - [TEST_STEP][PASSED] - click(findTestObject("Object Repository/Page_The Story and Evolution of Doodles - G_6e786d/p_The first Doodle was a simple out-of-offi_345e61")): Object: 'Object Repository/Page_The Story and Evolution of Doodles - G_6e786d/p_The first Doodle was a simple out-of-offi_345e61' is clicked on

17-06-2024T18:28:50 - [MESSAGE][PASSED] - Object: 'Object Repository/Page_The Story and Evolution of Doodles - G_6e786d/p_The first Doodle was a simple out-of-offi_345e61' is clicked on

17-06-2024T18:28:50 - [TEST_STEP][PASSED] - verifyElementVisible(findTestObject("Object Repository/Page_The Story and Evolution of Doodles - G_6e786d/h1_The story behind Doodles")): Object 'Object Repository/Page_The Story and Evolution of Doodles - G_6e786d/h1_The story behind Doodles' is visible

17-06-2024T18:28:50 - [MESSAGE][PASSED] - Object 'Object Repository/Page_The Story and Evolution of Doodles - G_6e786d/h1_The story behind Doodles' is visible

17-06-2024T18:28:50 - [TEST_STEP][PASSED] - verifyElementVisible(findTestObject("Object Repository/Page_The Story and Evolution of Doodles - G_6e786d/p_The first Doodle was a simple out-of-offi_345e61")): Object 'Object Repository/Page_The Story and Evolution of Doodles - G_6e786d/p_The first Doodle was a simple out-of-offi_345e61' is visible

17-06-2024T18:28:50 - [MESSAGE][PASSED] - Object 'Object Repository/Page_The Story and Evolution of Doodles - G_6e786d/p_The first Doodle was a simple out-of-offi_345e61' is visible

17-06-2024T18:28:50 - [TEST_STEP][PASSED] - verifyElementVisible(findTestObject("Object Repository/Page_The Story and Evolution of Doodles - G_6e786d/h2_Weve created more than 5,000 Doodles ove_111429")): Object 'Object Repository/Page_The Story and Evolution of Doodles - G_6e786d/h2_Weve created more than 5,000 Doodles ove_111429' is visible

17-06-2024T18:28:51 - [MESSAGE][PASSED] - Object 'Object Repository/Page_The Story and Evolution of Doodles - G_6e786d/h2_Weve created more than 5,000 Doodles ove_111429' is visible]]></system-out>
         <system-err><![CDATA[]]></system-err>
      </testcase>
      <testcase name="Test Cases/test case folder 1/tc1 - Copy (6) - Copy (3)" time="19.17" classname="Test Cases/test case folder 1/tc1 - Copy (6) - Copy (3)" status="PASSED">
         <system-out><![CDATA[17-06-2024T18:28:51 - [TEST_CASE][PASSED] - Test Cases/test case folder 1/tc1 - Copy (6) - Copy (3): Test Cases/test case folder 1/tc1 - Copy (6) - Copy (3)

17-06-2024T18:28:51 - [TEST_STEP][PASSED] - openBrowser(""): Browser is opened with url: ''

17-06-2024T18:28:51 - [MESSAGE][WARNING] - A browser is already opened. Closing browser and opening a new one

17-06-2024T18:28:51 - [MESSAGE][INFO] - Starting 'Chrome (headless)' driver

17-06-2024T18:28:51 - [MESSAGE][INFO] - Action delay is set to 0 milliseconds

17-06-2024T18:28:52 - [MESSAGE][PASSED] - Browser is opened with url: ''

17-06-2024T18:28:52 - [TEST_STEP][PASSED] - navigateToUrl("https://doodles.google/about/"): Navigate to 'https://doodles.google/about/' successfully

17-06-2024T18:28:55 - [MESSAGE][PASSED] - Navigate to 'https://doodles.google/about/' successfully

17-06-2024T18:28:55 - [TEST_STEP][PASSED] - click(findTestObject("Object Repository/Page_The Story and Evolution of Doodles - G_6e786d/p_The first Doodle was a simple out-of-offi_345e61")): Object: 'Object Repository/Page_The Story and Evolution of Doodles - G_6e786d/p_The first Doodle was a simple out-of-offi_345e61' is clicked on

17-06-2024T18:28:56 - [MESSAGE][PASSED] - Object: 'Object Repository/Page_The Story and Evolution of Doodles - G_6e786d/p_The first Doodle was a simple out-of-offi_345e61' is clicked on

17-06-2024T18:28:56 - [TEST_STEP][PASSED] - click(findTestObject("Object Repository/Page_The Story and Evolution of Doodles - G_6e786d/p_The first Doodle was a simple out-of-offi_345e61")): Object: 'Object Repository/Page_The Story and Evolution of Doodles - G_6e786d/p_The first Doodle was a simple out-of-offi_345e61' is clicked on

17-06-2024T18:28:56 - [MESSAGE][PASSED] - Object: 'Object Repository/Page_The Story and Evolution of Doodles - G_6e786d/p_The first Doodle was a simple out-of-offi_345e61' is clicked on

17-06-2024T18:28:56 - [TEST_STEP][PASSED] - verifyElementVisible(findTestObject("Object Repository/Page_The Story and Evolution of Doodles - G_6e786d/h1_The story behind Doodles")): Object 'Object Repository/Page_The Story and Evolution of Doodles - G_6e786d/h1_The story behind Doodles' is visible

17-06-2024T18:28:56 - [MESSAGE][PASSED] - Object 'Object Repository/Page_The Story and Evolution of Doodles - G_6e786d/h1_The story behind Doodles' is visible

17-06-2024T18:28:56 - [TEST_STEP][PASSED] - verifyElementVisible(findTestObject("Object Repository/Page_The Story and Evolution of Doodles - G_6e786d/p_The first Doodle was a simple out-of-offi_345e61")): Object 'Object Repository/Page_The Story and Evolution of Doodles - G_6e786d/p_The first Doodle was a simple out-of-offi_345e61' is visible

17-06-2024T18:28:57 - [MESSAGE][PASSED] - Object 'Object Repository/Page_The Story and Evolution of Doodles - G_6e786d/p_The first Doodle was a simple out-of-offi_345e61' is visible

17-06-2024T18:28:57 - [TEST_STEP][PASSED] - verifyElementVisible(findTestObject("Object Repository/Page_The Story and Evolution of Doodles - G_6e786d/h2_Weve created more than 5,000 Doodles ove_111429")): Object 'Object Repository/Page_The Story and Evolution of Doodles - G_6e786d/h2_Weve created more than 5,000 Doodles ove_111429' is visible

17-06-2024T18:28:57 - [MESSAGE][PASSED] - Object 'Object Repository/Page_The Story and Evolution of Doodles - G_6e786d/h2_Weve created more than 5,000 Doodles ove_111429' is visible

17-06-2024T18:28:57 - [TEST_STEP][PASSED] - verifyElementVisible(findTestObject("Object Repository/Page_The Story and Evolution of Doodles - G_6e786d/h1_The story behind Doodles")): Object 'Object Repository/Page_The Story and Evolution of Doodles - G_6e786d/h1_The story behind Doodles' is visible

17-06-2024T18:28:57 - [MESSAGE][PASSED] - Object 'Object Repository/Page_The Story and Evolution of Doodles - G_6e786d/h1_The story behind Doodles' is visible

17-06-2024T18:28:57 - [TEST_STEP][PASSED] - verifyElementVisible(findTestObject("Object Repository/Page_The Story and Evolution of Doodles - G_6e786d/p_The first Doodle was a simple out-of-offi_345e61")): Object 'Object Repository/Page_The Story and Evolution of Doodles - G_6e786d/p_The first Doodle was a simple out-of-offi_345e61' is visible

17-06-2024T18:28:58 - [MESSAGE][PASSED] - Object 'Object Repository/Page_The Story and Evolution of Doodles - G_6e786d/p_The first Doodle was a simple out-of-offi_345e61' is visible

17-06-2024T18:28:58 - [TEST_STEP][PASSED] - verifyElementVisible(findTestObject("Object Repository/Page_The Story and Evolution of Doodles - G_6e786d/h2_Weve created more than 5,000 Doodles ove_111429")): Object 'Object Repository/Page_The Story and Evolution of Doodles - G_6e786d/h2_Weve created more than 5,000 Doodles ove_111429' is visible

17-06-2024T18:28:58 - [MESSAGE][PASSED] - Object 'Object Repository/Page_The Story and Evolution of Doodles - G_6e786d/h2_Weve created more than 5,000 Doodles ove_111429' is visible

17-06-2024T18:28:58 - [TEST_STEP][PASSED] - click(findTestObject("Object Repository/Page_The Story and Evolution of Doodles - G_6e786d/p_The first Doodle was a simple out-of-offi_345e61")): Object: 'Object Repository/Page_The Story and Evolution of Doodles - G_6e786d/p_The first Doodle was a simple out-of-offi_345e61' is clicked on

17-06-2024T18:28:58 - [MESSAGE][PASSED] - Object: 'Object Repository/Page_The Story and Evolution of Doodles - G_6e786d/p_The first Doodle was a simple out-of-offi_345e61' is clicked on

17-06-2024T18:28:58 - [TEST_STEP][PASSED] - verifyElementVisible(findTestObject("Object Repository/Page_The Story and Evolution of Doodles - G_6e786d/h1_The story behind Doodles")): Object 'Object Repository/Page_The Story and Evolution of Doodles - G_6e786d/h1_The story behind Doodles' is visible

17-06-2024T18:28:59 - [MESSAGE][PASSED] - Object 'Object Repository/Page_The Story and Evolution of Doodles - G_6e786d/h1_The story behind Doodles' is visible

17-06-2024T18:28:59 - [TEST_STEP][PASSED] - verifyElementVisible(findTestObject("Object Repository/Page_The Story and Evolution of Doodles - G_6e786d/p_The first Doodle was a simple out-of-offi_345e61")): Object 'Object Repository/Page_The Story and Evolution of Doodles - G_6e786d/p_The first Doodle was a simple out-of-offi_345e61' is visible

17-06-2024T18:28:59 - [MESSAGE][PASSED] - Object 'Object Repository/Page_The Story and Evolution of Doodles - G_6e786d/p_The first Doodle was a simple out-of-offi_345e61' is visible

17-06-2024T18:28:59 - [TEST_STEP][PASSED] - verifyElementVisible(findTestObject("Object Repository/Page_The Story and Evolution of Doodles - G_6e786d/h2_Weve created more than 5,000 Doodles ove_111429")): Object 'Object Repository/Page_The Story and Evolution of Doodles - G_6e786d/h2_Weve created more than 5,000 Doodles ove_111429' is visible

17-06-2024T18:28:59 - [MESSAGE][PASSED] - Object 'Object Repository/Page_The Story and Evolution of Doodles - G_6e786d/h2_Weve created more than 5,000 Doodles ove_111429' is visible

17-06-2024T18:28:59 - [TEST_STEP][PASSED] - click(findTestObject("Object Repository/Page_The Story and Evolution of Doodles - G_6e786d/p_The first Doodle was a simple out-of-offi_345e61")): Object: 'Object Repository/Page_The Story and Evolution of Doodles - G_6e786d/p_The first Doodle was a simple out-of-offi_345e61' is clicked on

17-06-2024T18:29:00 - [MESSAGE][PASSED] - Object: 'Object Repository/Page_The Story and Evolution of Doodles - G_6e786d/p_The first Doodle was a simple out-of-offi_345e61' is clicked on

17-06-2024T18:29:00 - [TEST_STEP][PASSED] - verifyElementVisible(findTestObject("Object Repository/Page_The Story and Evolution of Doodles - G_6e786d/h1_The story behind Doodles")): Object 'Object Repository/Page_The Story and Evolution of Doodles - G_6e786d/h1_The story behind Doodles' is visible

17-06-2024T18:29:00 - [MESSAGE][PASSED] - Object 'Object Repository/Page_The Story and Evolution of Doodles - G_6e786d/h1_The story behind Doodles' is visible

17-06-2024T18:29:00 - [TEST_STEP][PASSED] - verifyElementVisible(findTestObject("Object Repository/Page_The Story and Evolution of Doodles - G_6e786d/p_The first Doodle was a simple out-of-offi_345e61")): Object 'Object Repository/Page_The Story and Evolution of Doodles - G_6e786d/p_The first Doodle was a simple out-of-offi_345e61' is visible

17-06-2024T18:29:00 - [MESSAGE][PASSED] - Object 'Object Repository/Page_The Story and Evolution of Doodles - G_6e786d/p_The first Doodle was a simple out-of-offi_345e61' is visible

17-06-2024T18:29:00 - [TEST_STEP][PASSED] - verifyElementVisible(findTestObject("Object Repository/Page_The Story and Evolution of Doodles - G_6e786d/h2_Weve created more than 5,000 Doodles ove_111429")): Object 'Object Repository/Page_The Story and Evolution of Doodles - G_6e786d/h2_Weve created more than 5,000 Doodles ove_111429' is visible

17-06-2024T18:29:01 - [MESSAGE][PASSED] - Object 'Object Repository/Page_The Story and Evolution of Doodles - G_6e786d/h2_Weve created more than 5,000 Doodles ove_111429' is visible

17-06-2024T18:29:01 - [TEST_STEP][PASSED] - click(findTestObject("Object Repository/Page_The Story and Evolution of Doodles - G_6e786d/p_The first Doodle was a simple out-of-offi_345e61")): Object: 'Object Repository/Page_The Story and Evolution of Doodles - G_6e786d/p_The first Doodle was a simple out-of-offi_345e61' is clicked on

17-06-2024T18:29:01 - [MESSAGE][PASSED] - Object: 'Object Repository/Page_The Story and Evolution of Doodles - G_6e786d/p_The first Doodle was a simple out-of-offi_345e61' is clicked on

17-06-2024T18:29:01 - [TEST_STEP][PASSED] - verifyElementVisible(findTestObject("Object Repository/Page_The Story and Evolution of Doodles - G_6e786d/h1_The story behind Doodles")): Object 'Object Repository/Page_The Story and Evolution of Doodles - G_6e786d/h1_The story behind Doodles' is visible

17-06-2024T18:29:01 - [MESSAGE][PASSED] - Object 'Object Repository/Page_The Story and Evolution of Doodles - G_6e786d/h1_The story behind Doodles' is visible

17-06-2024T18:29:01 - [TEST_STEP][PASSED] - verifyElementVisible(findTestObject("Object Repository/Page_The Story and Evolution of Doodles - G_6e786d/p_The first Doodle was a simple out-of-offi_345e61")): Object 'Object Repository/Page_The Story and Evolution of Doodles - G_6e786d/p_The first Doodle was a simple out-of-offi_345e61' is visible

17-06-2024T18:29:02 - [MESSAGE][PASSED] - Object 'Object Repository/Page_The Story and Evolution of Doodles - G_6e786d/p_The first Doodle was a simple out-of-offi_345e61' is visible

17-06-2024T18:29:02 - [TEST_STEP][PASSED] - verifyElementVisible(findTestObject("Object Repository/Page_The Story and Evolution of Doodles - G_6e786d/h2_Weve created more than 5,000 Doodles ove_111429")): Object 'Object Repository/Page_The Story and Evolution of Doodles - G_6e786d/h2_Weve created more than 5,000 Doodles ove_111429' is visible

17-06-2024T18:29:02 - [MESSAGE][PASSED] - Object 'Object Repository/Page_The Story and Evolution of Doodles - G_6e786d/h2_Weve created more than 5,000 Doodles ove_111429' is visible

17-06-2024T18:29:02 - [TEST_STEP][PASSED] - click(findTestObject("Object Repository/Page_The Story and Evolution of Doodles - G_6e786d/p_The first Doodle was a simple out-of-offi_345e61")): Object: 'Object Repository/Page_The Story and Evolution of Doodles - G_6e786d/p_The first Doodle was a simple out-of-offi_345e61' is clicked on

17-06-2024T18:29:02 - [MESSAGE][PASSED] - Object: 'Object Repository/Page_The Story and Evolution of Doodles - G_6e786d/p_The first Doodle was a simple out-of-offi_345e61' is clicked on

17-06-2024T18:29:02 - [TEST_STEP][PASSED] - verifyElementVisible(findTestObject("Object Repository/Page_The Story and Evolution of Doodles - G_6e786d/h1_The story behind Doodles")): Object 'Object Repository/Page_The Story and Evolution of Doodles - G_6e786d/h1_The story behind Doodles' is visible

17-06-2024T18:29:03 - [MESSAGE][PASSED] - Object 'Object Repository/Page_The Story and Evolution of Doodles - G_6e786d/h1_The story behind Doodles' is visible

17-06-2024T18:29:03 - [TEST_STEP][PASSED] - verifyElementVisible(findTestObject("Object Repository/Page_The Story and Evolution of Doodles - G_6e786d/p_The first Doodle was a simple out-of-offi_345e61")): Object 'Object Repository/Page_The Story and Evolution of Doodles - G_6e786d/p_The first Doodle was a simple out-of-offi_345e61' is visible

17-06-2024T18:29:03 - [MESSAGE][PASSED] - Object 'Object Repository/Page_The Story and Evolution of Doodles - G_6e786d/p_The first Doodle was a simple out-of-offi_345e61' is visible

17-06-2024T18:29:03 - [TEST_STEP][PASSED] - verifyElementVisible(findTestObject("Object Repository/Page_The Story and Evolution of Doodles - G_6e786d/h2_Weve created more than 5,000 Doodles ove_111429")): Object 'Object Repository/Page_The Story and Evolution of Doodles - G_6e786d/h2_Weve created more than 5,000 Doodles ove_111429' is visible

17-06-2024T18:29:03 - [MESSAGE][PASSED] - Object 'Object Repository/Page_The Story and Evolution of Doodles - G_6e786d/h2_Weve created more than 5,000 Doodles ove_111429' is visible

17-06-2024T18:29:03 - [TEST_STEP][PASSED] - click(findTestObject("Object Repository/Page_The Story and Evolution of Doodles - G_6e786d/p_The first Doodle was a simple out-of-offi_345e61")): Object: 'Object Repository/Page_The Story and Evolution of Doodles - G_6e786d/p_The first Doodle was a simple out-of-offi_345e61' is clicked on

17-06-2024T18:29:04 - [MESSAGE][PASSED] - Object: 'Object Repository/Page_The Story and Evolution of Doodles - G_6e786d/p_The first Doodle was a simple out-of-offi_345e61' is clicked on

17-06-2024T18:29:04 - [TEST_STEP][PASSED] - verifyElementVisible(findTestObject("Object Repository/Page_The Story and Evolution of Doodles - G_6e786d/h1_The story behind Doodles")): Object 'Object Repository/Page_The Story and Evolution of Doodles - G_6e786d/h1_The story behind Doodles' is visible

17-06-2024T18:29:04 - [MESSAGE][PASSED] - Object 'Object Repository/Page_The Story and Evolution of Doodles - G_6e786d/h1_The story behind Doodles' is visible

17-06-2024T18:29:04 - [TEST_STEP][PASSED] - verifyElementVisible(findTestObject("Object Repository/Page_The Story and Evolution of Doodles - G_6e786d/p_The first Doodle was a simple out-of-offi_345e61")): Object 'Object Repository/Page_The Story and Evolution of Doodles - G_6e786d/p_The first Doodle was a simple out-of-offi_345e61' is visible

17-06-2024T18:29:04 - [MESSAGE][PASSED] - Object 'Object Repository/Page_The Story and Evolution of Doodles - G_6e786d/p_The first Doodle was a simple out-of-offi_345e61' is visible

17-06-2024T18:29:04 - [TEST_STEP][PASSED] - verifyElementVisible(findTestObject("Object Repository/Page_The Story and Evolution of Doodles - G_6e786d/h2_Weve created more than 5,000 Doodles ove_111429")): Object 'Object Repository/Page_The Story and Evolution of Doodles - G_6e786d/h2_Weve created more than 5,000 Doodles ove_111429' is visible

17-06-2024T18:29:05 - [MESSAGE][PASSED] - Object 'Object Repository/Page_The Story and Evolution of Doodles - G_6e786d/h2_Weve created more than 5,000 Doodles ove_111429' is visible

17-06-2024T18:29:05 - [TEST_STEP][PASSED] - click(findTestObject("Object Repository/Page_The Story and Evolution of Doodles - G_6e786d/p_The first Doodle was a simple out-of-offi_345e61")): Object: 'Object Repository/Page_The Story and Evolution of Doodles - G_6e786d/p_The first Doodle was a simple out-of-offi_345e61' is clicked on

17-06-2024T18:29:05 - [MESSAGE][PASSED] - Object: 'Object Repository/Page_The Story and Evolution of Doodles - G_6e786d/p_The first Doodle was a simple out-of-offi_345e61' is clicked on

17-06-2024T18:29:05 - [TEST_STEP][PASSED] - verifyElementVisible(findTestObject("Object Repository/Page_The Story and Evolution of Doodles - G_6e786d/h1_The story behind Doodles")): Object 'Object Repository/Page_The Story and Evolution of Doodles - G_6e786d/h1_The story behind Doodles' is visible

17-06-2024T18:29:05 - [MESSAGE][PASSED] - Object 'Object Repository/Page_The Story and Evolution of Doodles - G_6e786d/h1_The story behind Doodles' is visible

17-06-2024T18:29:05 - [TEST_STEP][PASSED] - verifyElementVisible(findTestObject("Object Repository/Page_The Story and Evolution of Doodles - G_6e786d/p_The first Doodle was a simple out-of-offi_345e61")): Object 'Object Repository/Page_The Story and Evolution of Doodles - G_6e786d/p_The first Doodle was a simple out-of-offi_345e61' is visible

17-06-2024T18:29:06 - [MESSAGE][PASSED] - Object 'Object Repository/Page_The Story and Evolution of Doodles - G_6e786d/p_The first Doodle was a simple out-of-offi_345e61' is visible

17-06-2024T18:29:06 - [TEST_STEP][PASSED] - verifyElementVisible(findTestObject("Object Repository/Page_The Story and Evolution of Doodles - G_6e786d/h2_Weve created more than 5,000 Doodles ove_111429")): Object 'Object Repository/Page_The Story and Evolution of Doodles - G_6e786d/h2_Weve created more than 5,000 Doodles ove_111429' is visible

17-06-2024T18:29:06 - [MESSAGE][PASSED] - Object 'Object Repository/Page_The Story and Evolution of Doodles - G_6e786d/h2_Weve created more than 5,000 Doodles ove_111429' is visible

17-06-2024T18:29:06 - [TEST_STEP][PASSED] - click(findTestObject("Object Repository/Page_The Story and Evolution of Doodles - G_6e786d/p_The first Doodle was a simple out-of-offi_345e61")): Object: 'Object Repository/Page_The Story and Evolution of Doodles - G_6e786d/p_The first Doodle was a simple out-of-offi_345e61' is clicked on

17-06-2024T18:29:06 - [MESSAGE][PASSED] - Object: 'Object Repository/Page_The Story and Evolution of Doodles - G_6e786d/p_The first Doodle was a simple out-of-offi_345e61' is clicked on

17-06-2024T18:29:06 - [TEST_STEP][PASSED] - verifyElementVisible(findTestObject("Object Repository/Page_The Story and Evolution of Doodles - G_6e786d/h1_The story behind Doodles")): Object 'Object Repository/Page_The Story and Evolution of Doodles - G_6e786d/h1_The story behind Doodles' is visible

17-06-2024T18:29:06 - [MESSAGE][PASSED] - Object 'Object Repository/Page_The Story and Evolution of Doodles - G_6e786d/h1_The story behind Doodles' is visible

17-06-2024T18:29:06 - [TEST_STEP][PASSED] - verifyElementVisible(findTestObject("Object Repository/Page_The Story and Evolution of Doodles - G_6e786d/p_The first Doodle was a simple out-of-offi_345e61")): Object 'Object Repository/Page_The Story and Evolution of Doodles - G_6e786d/p_The first Doodle was a simple out-of-offi_345e61' is visible

17-06-2024T18:29:07 - [MESSAGE][PASSED] - Object 'Object Repository/Page_The Story and Evolution of Doodles - G_6e786d/p_The first Doodle was a simple out-of-offi_345e61' is visible

17-06-2024T18:29:07 - [TEST_STEP][PASSED] - verifyElementVisible(findTestObject("Object Repository/Page_The Story and Evolution of Doodles - G_6e786d/h2_Weve created more than 5,000 Doodles ove_111429")): Object 'Object Repository/Page_The Story and Evolution of Doodles - G_6e786d/h2_Weve created more than 5,000 Doodles ove_111429' is visible

17-06-2024T18:29:07 - [MESSAGE][PASSED] - Object 'Object Repository/Page_The Story and Evolution of Doodles - G_6e786d/h2_Weve created more than 5,000 Doodles ove_111429' is visible

17-06-2024T18:29:07 - [TEST_STEP][PASSED] - click(findTestObject("Object Repository/Page_The Story and Evolution of Doodles - G_6e786d/p_The first Doodle was a simple out-of-offi_345e61")): Object: 'Object Repository/Page_The Story and Evolution of Doodles - G_6e786d/p_The first Doodle was a simple out-of-offi_345e61' is clicked on

17-06-2024T18:29:07 - [MESSAGE][PASSED] - Object: 'Object Repository/Page_The Story and Evolution of Doodles - G_6e786d/p_The first Doodle was a simple out-of-offi_345e61' is clicked on

17-06-2024T18:29:07 - [TEST_STEP][PASSED] - verifyElementVisible(findTestObject("Object Repository/Page_The Story and Evolution of Doodles - G_6e786d/h1_The story behind Doodles")): Object 'Object Repository/Page_The Story and Evolution of Doodles - G_6e786d/h1_The story behind Doodles' is visible

17-06-2024T18:29:08 - [MESSAGE][PASSED] - Object 'Object Repository/Page_The Story and Evolution of Doodles - G_6e786d/h1_The story behind Doodles' is visible

17-06-2024T18:29:08 - [TEST_STEP][PASSED] - verifyElementVisible(findTestObject("Object Repository/Page_The Story and Evolution of Doodles - G_6e786d/p_The first Doodle was a simple out-of-offi_345e61")): Object 'Object Repository/Page_The Story and Evolution of Doodles - G_6e786d/p_The first Doodle was a simple out-of-offi_345e61' is visible

17-06-2024T18:29:08 - [MESSAGE][PASSED] - Object 'Object Repository/Page_The Story and Evolution of Doodles - G_6e786d/p_The first Doodle was a simple out-of-offi_345e61' is visible

17-06-2024T18:29:08 - [TEST_STEP][PASSED] - verifyElementVisible(findTestObject("Object Repository/Page_The Story and Evolution of Doodles - G_6e786d/h2_Weve created more than 5,000 Doodles ove_111429")): Object 'Object Repository/Page_The Story and Evolution of Doodles - G_6e786d/h2_Weve created more than 5,000 Doodles ove_111429' is visible

17-06-2024T18:29:08 - [MESSAGE][PASSED] - Object 'Object Repository/Page_The Story and Evolution of Doodles - G_6e786d/h2_Weve created more than 5,000 Doodles ove_111429' is visible

17-06-2024T18:29:08 - [TEST_STEP][PASSED] - click(findTestObject("Object Repository/Page_The Story and Evolution of Doodles - G_6e786d/p_The first Doodle was a simple out-of-offi_345e61")): Object: 'Object Repository/Page_The Story and Evolution of Doodles - G_6e786d/p_The first Doodle was a simple out-of-offi_345e61' is clicked on

17-06-2024T18:29:09 - [MESSAGE][PASSED] - Object: 'Object Repository/Page_The Story and Evolution of Doodles - G_6e786d/p_The first Doodle was a simple out-of-offi_345e61' is clicked on

17-06-2024T18:29:09 - [TEST_STEP][PASSED] - verifyElementVisible(findTestObject("Object Repository/Page_The Story and Evolution of Doodles - G_6e786d/h1_The story behind Doodles")): Object 'Object Repository/Page_The Story and Evolution of Doodles - G_6e786d/h1_The story behind Doodles' is visible

17-06-2024T18:29:09 - [MESSAGE][PASSED] - Object 'Object Repository/Page_The Story and Evolution of Doodles - G_6e786d/h1_The story behind Doodles' is visible

17-06-2024T18:29:09 - [TEST_STEP][PASSED] - verifyElementVisible(findTestObject("Object Repository/Page_The Story and Evolution of Doodles - G_6e786d/p_The first Doodle was a simple out-of-offi_345e61")): Object 'Object Repository/Page_The Story and Evolution of Doodles - G_6e786d/p_The first Doodle was a simple out-of-offi_345e61' is visible

17-06-2024T18:29:10 - [MESSAGE][PASSED] - Object 'Object Repository/Page_The Story and Evolution of Doodles - G_6e786d/p_The first Doodle was a simple out-of-offi_345e61' is visible

17-06-2024T18:29:10 - [TEST_STEP][PASSED] - verifyElementVisible(findTestObject("Object Repository/Page_The Story and Evolution of Doodles - G_6e786d/h2_Weve created more than 5,000 Doodles ove_111429")): Object 'Object Repository/Page_The Story and Evolution of Doodles - G_6e786d/h2_Weve created more than 5,000 Doodles ove_111429' is visible

17-06-2024T18:29:10 - [MESSAGE][PASSED] - Object 'Object Repository/Page_The Story and Evolution of Doodles - G_6e786d/h2_Weve created more than 5,000 Doodles ove_111429' is visible]]></system-out>
         <system-err><![CDATA[]]></system-err>
      </testcase>
      <testcase name="Test Cases/test case folder 1/tc1 - Copy (6) - Copy (4)" time="19.807" classname="Test Cases/test case folder 1/tc1 - Copy (6) - Copy (4)" status="PASSED">
         <system-out><![CDATA[17-06-2024T18:29:10 - [TEST_CASE][PASSED] - Test Cases/test case folder 1/tc1 - Copy (6) - Copy (4): Test Cases/test case folder 1/tc1 - Copy (6) - Copy (4)

17-06-2024T18:29:10 - [TEST_STEP][PASSED] - openBrowser(""): Browser is opened with url: ''

17-06-2024T18:29:10 - [MESSAGE][WARNING] - A browser is already opened. Closing browser and opening a new one

17-06-2024T18:29:10 - [MESSAGE][INFO] - Starting 'Chrome (headless)' driver

17-06-2024T18:29:10 - [MESSAGE][INFO] - Action delay is set to 0 milliseconds

17-06-2024T18:29:11 - [MESSAGE][PASSED] - Browser is opened with url: ''

17-06-2024T18:29:11 - [TEST_STEP][PASSED] - navigateToUrl("https://doodles.google/about/"): Navigate to 'https://doodles.google/about/' successfully

17-06-2024T18:29:15 - [MESSAGE][PASSED] - Navigate to 'https://doodles.google/about/' successfully

17-06-2024T18:29:15 - [TEST_STEP][PASSED] - click(findTestObject("Object Repository/Page_The Story and Evolution of Doodles - G_6e786d/p_The first Doodle was a simple out-of-offi_345e61")): Object: 'Object Repository/Page_The Story and Evolution of Doodles - G_6e786d/p_The first Doodle was a simple out-of-offi_345e61' is clicked on

17-06-2024T18:29:15 - [MESSAGE][PASSED] - Object: 'Object Repository/Page_The Story and Evolution of Doodles - G_6e786d/p_The first Doodle was a simple out-of-offi_345e61' is clicked on

17-06-2024T18:29:15 - [TEST_STEP][PASSED] - click(findTestObject("Object Repository/Page_The Story and Evolution of Doodles - G_6e786d/p_The first Doodle was a simple out-of-offi_345e61")): Object: 'Object Repository/Page_The Story and Evolution of Doodles - G_6e786d/p_The first Doodle was a simple out-of-offi_345e61' is clicked on

17-06-2024T18:29:15 - [MESSAGE][PASSED] - Object: 'Object Repository/Page_The Story and Evolution of Doodles - G_6e786d/p_The first Doodle was a simple out-of-offi_345e61' is clicked on

17-06-2024T18:29:15 - [TEST_STEP][PASSED] - verifyElementVisible(findTestObject("Object Repository/Page_The Story and Evolution of Doodles - G_6e786d/h1_The story behind Doodles")): Object 'Object Repository/Page_The Story and Evolution of Doodles - G_6e786d/h1_The story behind Doodles' is visible

17-06-2024T18:29:16 - [MESSAGE][PASSED] - Object 'Object Repository/Page_The Story and Evolution of Doodles - G_6e786d/h1_The story behind Doodles' is visible

17-06-2024T18:29:16 - [TEST_STEP][PASSED] - verifyElementVisible(findTestObject("Object Repository/Page_The Story and Evolution of Doodles - G_6e786d/p_The first Doodle was a simple out-of-offi_345e61")): Object 'Object Repository/Page_The Story and Evolution of Doodles - G_6e786d/p_The first Doodle was a simple out-of-offi_345e61' is visible

17-06-2024T18:29:16 - [MESSAGE][PASSED] - Object 'Object Repository/Page_The Story and Evolution of Doodles - G_6e786d/p_The first Doodle was a simple out-of-offi_345e61' is visible

17-06-2024T18:29:16 - [TEST_STEP][PASSED] - verifyElementVisible(findTestObject("Object Repository/Page_The Story and Evolution of Doodles - G_6e786d/h2_Weve created more than 5,000 Doodles ove_111429")): Object 'Object Repository/Page_The Story and Evolution of Doodles - G_6e786d/h2_Weve created more than 5,000 Doodles ove_111429' is visible

17-06-2024T18:29:17 - [MESSAGE][PASSED] - Object 'Object Repository/Page_The Story and Evolution of Doodles - G_6e786d/h2_Weve created more than 5,000 Doodles ove_111429' is visible

17-06-2024T18:29:17 - [TEST_STEP][PASSED] - verifyElementVisible(findTestObject("Object Repository/Page_The Story and Evolution of Doodles - G_6e786d/h1_The story behind Doodles")): Object 'Object Repository/Page_The Story and Evolution of Doodles - G_6e786d/h1_The story behind Doodles' is visible

17-06-2024T18:29:17 - [MESSAGE][PASSED] - Object 'Object Repository/Page_The Story and Evolution of Doodles - G_6e786d/h1_The story behind Doodles' is visible

17-06-2024T18:29:17 - [TEST_STEP][PASSED] - verifyElementVisible(findTestObject("Object Repository/Page_The Story and Evolution of Doodles - G_6e786d/p_The first Doodle was a simple out-of-offi_345e61")): Object 'Object Repository/Page_The Story and Evolution of Doodles - G_6e786d/p_The first Doodle was a simple out-of-offi_345e61' is visible

17-06-2024T18:29:17 - [MESSAGE][PASSED] - Object 'Object Repository/Page_The Story and Evolution of Doodles - G_6e786d/p_The first Doodle was a simple out-of-offi_345e61' is visible

17-06-2024T18:29:17 - [TEST_STEP][PASSED] - verifyElementVisible(findTestObject("Object Repository/Page_The Story and Evolution of Doodles - G_6e786d/h2_Weve created more than 5,000 Doodles ove_111429")): Object 'Object Repository/Page_The Story and Evolution of Doodles - G_6e786d/h2_Weve created more than 5,000 Doodles ove_111429' is visible

17-06-2024T18:29:18 - [MESSAGE][PASSED] - Object 'Object Repository/Page_The Story and Evolution of Doodles - G_6e786d/h2_Weve created more than 5,000 Doodles ove_111429' is visible

17-06-2024T18:29:18 - [TEST_STEP][PASSED] - click(findTestObject("Object Repository/Page_The Story and Evolution of Doodles - G_6e786d/p_The first Doodle was a simple out-of-offi_345e61")): Object: 'Object Repository/Page_The Story and Evolution of Doodles - G_6e786d/p_The first Doodle was a simple out-of-offi_345e61' is clicked on

17-06-2024T18:29:18 - [MESSAGE][PASSED] - Object: 'Object Repository/Page_The Story and Evolution of Doodles - G_6e786d/p_The first Doodle was a simple out-of-offi_345e61' is clicked on

17-06-2024T18:29:18 - [TEST_STEP][PASSED] - verifyElementVisible(findTestObject("Object Repository/Page_The Story and Evolution of Doodles - G_6e786d/h1_The story behind Doodles")): Object 'Object Repository/Page_The Story and Evolution of Doodles - G_6e786d/h1_The story behind Doodles' is visible

17-06-2024T18:29:18 - [MESSAGE][PASSED] - Object 'Object Repository/Page_The Story and Evolution of Doodles - G_6e786d/h1_The story behind Doodles' is visible

17-06-2024T18:29:18 - [TEST_STEP][PASSED] - verifyElementVisible(findTestObject("Object Repository/Page_The Story and Evolution of Doodles - G_6e786d/p_The first Doodle was a simple out-of-offi_345e61")): Object 'Object Repository/Page_The Story and Evolution of Doodles - G_6e786d/p_The first Doodle was a simple out-of-offi_345e61' is visible

17-06-2024T18:29:19 - [MESSAGE][PASSED] - Object 'Object Repository/Page_The Story and Evolution of Doodles - G_6e786d/p_The first Doodle was a simple out-of-offi_345e61' is visible

17-06-2024T18:29:19 - [TEST_STEP][PASSED] - verifyElementVisible(findTestObject("Object Repository/Page_The Story and Evolution of Doodles - G_6e786d/h2_Weve created more than 5,000 Doodles ove_111429")): Object 'Object Repository/Page_The Story and Evolution of Doodles - G_6e786d/h2_Weve created more than 5,000 Doodles ove_111429' is visible

17-06-2024T18:29:19 - [MESSAGE][PASSED] - Object 'Object Repository/Page_The Story and Evolution of Doodles - G_6e786d/h2_Weve created more than 5,000 Doodles ove_111429' is visible

17-06-2024T18:29:19 - [TEST_STEP][PASSED] - click(findTestObject("Object Repository/Page_The Story and Evolution of Doodles - G_6e786d/p_The first Doodle was a simple out-of-offi_345e61")): Object: 'Object Repository/Page_The Story and Evolution of Doodles - G_6e786d/p_The first Doodle was a simple out-of-offi_345e61' is clicked on

17-06-2024T18:29:19 - [MESSAGE][PASSED] - Object: 'Object Repository/Page_The Story and Evolution of Doodles - G_6e786d/p_The first Doodle was a simple out-of-offi_345e61' is clicked on

17-06-2024T18:29:19 - [TEST_STEP][PASSED] - verifyElementVisible(findTestObject("Object Repository/Page_The Story and Evolution of Doodles - G_6e786d/h1_The story behind Doodles")): Object 'Object Repository/Page_The Story and Evolution of Doodles - G_6e786d/h1_The story behind Doodles' is visible

17-06-2024T18:29:20 - [MESSAGE][PASSED] - Object 'Object Repository/Page_The Story and Evolution of Doodles - G_6e786d/h1_The story behind Doodles' is visible

17-06-2024T18:29:20 - [TEST_STEP][PASSED] - verifyElementVisible(findTestObject("Object Repository/Page_The Story and Evolution of Doodles - G_6e786d/p_The first Doodle was a simple out-of-offi_345e61")): Object 'Object Repository/Page_The Story and Evolution of Doodles - G_6e786d/p_The first Doodle was a simple out-of-offi_345e61' is visible

17-06-2024T18:29:20 - [MESSAGE][PASSED] - Object 'Object Repository/Page_The Story and Evolution of Doodles - G_6e786d/p_The first Doodle was a simple out-of-offi_345e61' is visible

17-06-2024T18:29:20 - [TEST_STEP][PASSED] - verifyElementVisible(findTestObject("Object Repository/Page_The Story and Evolution of Doodles - G_6e786d/h2_Weve created more than 5,000 Doodles ove_111429")): Object 'Object Repository/Page_The Story and Evolution of Doodles - G_6e786d/h2_Weve created more than 5,000 Doodles ove_111429' is visible

17-06-2024T18:29:20 - [MESSAGE][PASSED] - Object 'Object Repository/Page_The Story and Evolution of Doodles - G_6e786d/h2_Weve created more than 5,000 Doodles ove_111429' is visible

17-06-2024T18:29:20 - [TEST_STEP][PASSED] - click(findTestObject("Object Repository/Page_The Story and Evolution of Doodles - G_6e786d/p_The first Doodle was a simple out-of-offi_345e61")): Object: 'Object Repository/Page_The Story and Evolution of Doodles - G_6e786d/p_The first Doodle was a simple out-of-offi_345e61' is clicked on

17-06-2024T18:29:21 - [MESSAGE][PASSED] - Object: 'Object Repository/Page_The Story and Evolution of Doodles - G_6e786d/p_The first Doodle was a simple out-of-offi_345e61' is clicked on

17-06-2024T18:29:21 - [TEST_STEP][PASSED] - verifyElementVisible(findTestObject("Object Repository/Page_The Story and Evolution of Doodles - G_6e786d/h1_The story behind Doodles")): Object 'Object Repository/Page_The Story and Evolution of Doodles - G_6e786d/h1_The story behind Doodles' is visible

17-06-2024T18:29:21 - [MESSAGE][PASSED] - Object 'Object Repository/Page_The Story and Evolution of Doodles - G_6e786d/h1_The story behind Doodles' is visible

17-06-2024T18:29:21 - [TEST_STEP][PASSED] - verifyElementVisible(findTestObject("Object Repository/Page_The Story and Evolution of Doodles - G_6e786d/p_The first Doodle was a simple out-of-offi_345e61")): Object 'Object Repository/Page_The Story and Evolution of Doodles - G_6e786d/p_The first Doodle was a simple out-of-offi_345e61' is visible

17-06-2024T18:29:21 - [MESSAGE][PASSED] - Object 'Object Repository/Page_The Story and Evolution of Doodles - G_6e786d/p_The first Doodle was a simple out-of-offi_345e61' is visible

17-06-2024T18:29:21 - [TEST_STEP][PASSED] - verifyElementVisible(findTestObject("Object Repository/Page_The Story and Evolution of Doodles - G_6e786d/h2_Weve created more than 5,000 Doodles ove_111429")): Object 'Object Repository/Page_The Story and Evolution of Doodles - G_6e786d/h2_Weve created more than 5,000 Doodles ove_111429' is visible

17-06-2024T18:29:22 - [MESSAGE][PASSED] - Object 'Object Repository/Page_The Story and Evolution of Doodles - G_6e786d/h2_Weve created more than 5,000 Doodles ove_111429' is visible

17-06-2024T18:29:22 - [TEST_STEP][PASSED] - click(findTestObject("Object Repository/Page_The Story and Evolution of Doodles - G_6e786d/p_The first Doodle was a simple out-of-offi_345e61")): Object: 'Object Repository/Page_The Story and Evolution of Doodles - G_6e786d/p_The first Doodle was a simple out-of-offi_345e61' is clicked on

17-06-2024T18:29:22 - [MESSAGE][PASSED] - Object: 'Object Repository/Page_The Story and Evolution of Doodles - G_6e786d/p_The first Doodle was a simple out-of-offi_345e61' is clicked on

17-06-2024T18:29:22 - [TEST_STEP][PASSED] - verifyElementVisible(findTestObject("Object Repository/Page_The Story and Evolution of Doodles - G_6e786d/h1_The story behind Doodles")): Object 'Object Repository/Page_The Story and Evolution of Doodles - G_6e786d/h1_The story behind Doodles' is visible

17-06-2024T18:29:22 - [MESSAGE][PASSED] - Object 'Object Repository/Page_The Story and Evolution of Doodles - G_6e786d/h1_The story behind Doodles' is visible

17-06-2024T18:29:22 - [TEST_STEP][PASSED] - verifyElementVisible(findTestObject("Object Repository/Page_The Story and Evolution of Doodles - G_6e786d/p_The first Doodle was a simple out-of-offi_345e61")): Object 'Object Repository/Page_The Story and Evolution of Doodles - G_6e786d/p_The first Doodle was a simple out-of-offi_345e61' is visible

17-06-2024T18:29:23 - [MESSAGE][PASSED] - Object 'Object Repository/Page_The Story and Evolution of Doodles - G_6e786d/p_The first Doodle was a simple out-of-offi_345e61' is visible

17-06-2024T18:29:23 - [TEST_STEP][PASSED] - verifyElementVisible(findTestObject("Object Repository/Page_The Story and Evolution of Doodles - G_6e786d/h2_Weve created more than 5,000 Doodles ove_111429")): Object 'Object Repository/Page_The Story and Evolution of Doodles - G_6e786d/h2_Weve created more than 5,000 Doodles ove_111429' is visible

17-06-2024T18:29:23 - [MESSAGE][PASSED] - Object 'Object Repository/Page_The Story and Evolution of Doodles - G_6e786d/h2_Weve created more than 5,000 Doodles ove_111429' is visible

17-06-2024T18:29:23 - [TEST_STEP][PASSED] - click(findTestObject("Object Repository/Page_The Story and Evolution of Doodles - G_6e786d/p_The first Doodle was a simple out-of-offi_345e61")): Object: 'Object Repository/Page_The Story and Evolution of Doodles - G_6e786d/p_The first Doodle was a simple out-of-offi_345e61' is clicked on

17-06-2024T18:29:23 - [MESSAGE][PASSED] - Object: 'Object Repository/Page_The Story and Evolution of Doodles - G_6e786d/p_The first Doodle was a simple out-of-offi_345e61' is clicked on

17-06-2024T18:29:23 - [TEST_STEP][PASSED] - verifyElementVisible(findTestObject("Object Repository/Page_The Story and Evolution of Doodles - G_6e786d/h1_The story behind Doodles")): Object 'Object Repository/Page_The Story and Evolution of Doodles - G_6e786d/h1_The story behind Doodles' is visible

17-06-2024T18:29:24 - [MESSAGE][PASSED] - Object 'Object Repository/Page_The Story and Evolution of Doodles - G_6e786d/h1_The story behind Doodles' is visible

17-06-2024T18:29:24 - [TEST_STEP][PASSED] - verifyElementVisible(findTestObject("Object Repository/Page_The Story and Evolution of Doodles - G_6e786d/p_The first Doodle was a simple out-of-offi_345e61")): Object 'Object Repository/Page_The Story and Evolution of Doodles - G_6e786d/p_The first Doodle was a simple out-of-offi_345e61' is visible

17-06-2024T18:29:24 - [MESSAGE][PASSED] - Object 'Object Repository/Page_The Story and Evolution of Doodles - G_6e786d/p_The first Doodle was a simple out-of-offi_345e61' is visible

17-06-2024T18:29:24 - [TEST_STEP][PASSED] - verifyElementVisible(findTestObject("Object Repository/Page_The Story and Evolution of Doodles - G_6e786d/h2_Weve created more than 5,000 Doodles ove_111429")): Object 'Object Repository/Page_The Story and Evolution of Doodles - G_6e786d/h2_Weve created more than 5,000 Doodles ove_111429' is visible

17-06-2024T18:29:24 - [MESSAGE][PASSED] - Object 'Object Repository/Page_The Story and Evolution of Doodles - G_6e786d/h2_Weve created more than 5,000 Doodles ove_111429' is visible

17-06-2024T18:29:24 - [TEST_STEP][PASSED] - click(findTestObject("Object Repository/Page_The Story and Evolution of Doodles - G_6e786d/p_The first Doodle was a simple out-of-offi_345e61")): Object: 'Object Repository/Page_The Story and Evolution of Doodles - G_6e786d/p_The first Doodle was a simple out-of-offi_345e61' is clicked on

17-06-2024T18:29:25 - [MESSAGE][PASSED] - Object: 'Object Repository/Page_The Story and Evolution of Doodles - G_6e786d/p_The first Doodle was a simple out-of-offi_345e61' is clicked on

17-06-2024T18:29:25 - [TEST_STEP][PASSED] - verifyElementVisible(findTestObject("Object Repository/Page_The Story and Evolution of Doodles - G_6e786d/h1_The story behind Doodles")): Object 'Object Repository/Page_The Story and Evolution of Doodles - G_6e786d/h1_The story behind Doodles' is visible

17-06-2024T18:29:25 - [MESSAGE][PASSED] - Object 'Object Repository/Page_The Story and Evolution of Doodles - G_6e786d/h1_The story behind Doodles' is visible

17-06-2024T18:29:25 - [TEST_STEP][PASSED] - verifyElementVisible(findTestObject("Object Repository/Page_The Story and Evolution of Doodles - G_6e786d/p_The first Doodle was a simple out-of-offi_345e61")): Object 'Object Repository/Page_The Story and Evolution of Doodles - G_6e786d/p_The first Doodle was a simple out-of-offi_345e61' is visible

17-06-2024T18:29:25 - [MESSAGE][PASSED] - Object 'Object Repository/Page_The Story and Evolution of Doodles - G_6e786d/p_The first Doodle was a simple out-of-offi_345e61' is visible

17-06-2024T18:29:25 - [TEST_STEP][PASSED] - verifyElementVisible(findTestObject("Object Repository/Page_The Story and Evolution of Doodles - G_6e786d/h2_Weve created more than 5,000 Doodles ove_111429")): Object 'Object Repository/Page_The Story and Evolution of Doodles - G_6e786d/h2_Weve created more than 5,000 Doodles ove_111429' is visible

17-06-2024T18:29:26 - [MESSAGE][PASSED] - Object 'Object Repository/Page_The Story and Evolution of Doodles - G_6e786d/h2_Weve created more than 5,000 Doodles ove_111429' is visible

17-06-2024T18:29:26 - [TEST_STEP][PASSED] - click(findTestObject("Object Repository/Page_The Story and Evolution of Doodles - G_6e786d/p_The first Doodle was a simple out-of-offi_345e61")): Object: 'Object Repository/Page_The Story and Evolution of Doodles - G_6e786d/p_The first Doodle was a simple out-of-offi_345e61' is clicked on

17-06-2024T18:29:26 - [MESSAGE][PASSED] - Object: 'Object Repository/Page_The Story and Evolution of Doodles - G_6e786d/p_The first Doodle was a simple out-of-offi_345e61' is clicked on

17-06-2024T18:29:26 - [TEST_STEP][PASSED] - verifyElementVisible(findTestObject("Object Repository/Page_The Story and Evolution of Doodles - G_6e786d/h1_The story behind Doodles")): Object 'Object Repository/Page_The Story and Evolution of Doodles - G_6e786d/h1_The story behind Doodles' is visible

17-06-2024T18:29:26 - [MESSAGE][PASSED] - Object 'Object Repository/Page_The Story and Evolution of Doodles - G_6e786d/h1_The story behind Doodles' is visible

17-06-2024T18:29:26 - [TEST_STEP][PASSED] - verifyElementVisible(findTestObject("Object Repository/Page_The Story and Evolution of Doodles - G_6e786d/p_The first Doodle was a simple out-of-offi_345e61")): Object 'Object Repository/Page_The Story and Evolution of Doodles - G_6e786d/p_The first Doodle was a simple out-of-offi_345e61' is visible

17-06-2024T18:29:27 - [MESSAGE][PASSED] - Object 'Object Repository/Page_The Story and Evolution of Doodles - G_6e786d/p_The first Doodle was a simple out-of-offi_345e61' is visible

17-06-2024T18:29:27 - [TEST_STEP][PASSED] - verifyElementVisible(findTestObject("Object Repository/Page_The Story and Evolution of Doodles - G_6e786d/h2_Weve created more than 5,000 Doodles ove_111429")): Object 'Object Repository/Page_The Story and Evolution of Doodles - G_6e786d/h2_Weve created more than 5,000 Doodles ove_111429' is visible

17-06-2024T18:29:27 - [MESSAGE][PASSED] - Object 'Object Repository/Page_The Story and Evolution of Doodles - G_6e786d/h2_Weve created more than 5,000 Doodles ove_111429' is visible

17-06-2024T18:29:27 - [TEST_STEP][PASSED] - click(findTestObject("Object Repository/Page_The Story and Evolution of Doodles - G_6e786d/p_The first Doodle was a simple out-of-offi_345e61")): Object: 'Object Repository/Page_The Story and Evolution of Doodles - G_6e786d/p_The first Doodle was a simple out-of-offi_345e61' is clicked on

17-06-2024T18:29:27 - [MESSAGE][PASSED] - Object: 'Object Repository/Page_The Story and Evolution of Doodles - G_6e786d/p_The first Doodle was a simple out-of-offi_345e61' is clicked on

17-06-2024T18:29:27 - [TEST_STEP][PASSED] - verifyElementVisible(findTestObject("Object Repository/Page_The Story and Evolution of Doodles - G_6e786d/h1_The story behind Doodles")): Object 'Object Repository/Page_The Story and Evolution of Doodles - G_6e786d/h1_The story behind Doodles' is visible

17-06-2024T18:29:28 - [MESSAGE][PASSED] - Object 'Object Repository/Page_The Story and Evolution of Doodles - G_6e786d/h1_The story behind Doodles' is visible

17-06-2024T18:29:28 - [TEST_STEP][PASSED] - verifyElementVisible(findTestObject("Object Repository/Page_The Story and Evolution of Doodles - G_6e786d/p_The first Doodle was a simple out-of-offi_345e61")): Object 'Object Repository/Page_The Story and Evolution of Doodles - G_6e786d/p_The first Doodle was a simple out-of-offi_345e61' is visible

17-06-2024T18:29:28 - [MESSAGE][PASSED] - Object 'Object Repository/Page_The Story and Evolution of Doodles - G_6e786d/p_The first Doodle was a simple out-of-offi_345e61' is visible

17-06-2024T18:29:28 - [TEST_STEP][PASSED] - verifyElementVisible(findTestObject("Object Repository/Page_The Story and Evolution of Doodles - G_6e786d/h2_Weve created more than 5,000 Doodles ove_111429")): Object 'Object Repository/Page_The Story and Evolution of Doodles - G_6e786d/h2_Weve created more than 5,000 Doodles ove_111429' is visible

17-06-2024T18:29:28 - [MESSAGE][PASSED] - Object 'Object Repository/Page_The Story and Evolution of Doodles - G_6e786d/h2_Weve created more than 5,000 Doodles ove_111429' is visible

17-06-2024T18:29:28 - [TEST_STEP][PASSED] - click(findTestObject("Object Repository/Page_The Story and Evolution of Doodles - G_6e786d/p_The first Doodle was a simple out-of-offi_345e61")): Object: 'Object Repository/Page_The Story and Evolution of Doodles - G_6e786d/p_The first Doodle was a simple out-of-offi_345e61' is clicked on

17-06-2024T18:29:29 - [MESSAGE][PASSED] - Object: 'Object Repository/Page_The Story and Evolution of Doodles - G_6e786d/p_The first Doodle was a simple out-of-offi_345e61' is clicked on

17-06-2024T18:29:29 - [TEST_STEP][PASSED] - verifyElementVisible(findTestObject("Object Repository/Page_The Story and Evolution of Doodles - G_6e786d/h1_The story behind Doodles")): Object 'Object Repository/Page_The Story and Evolution of Doodles - G_6e786d/h1_The story behind Doodles' is visible

17-06-2024T18:29:29 - [MESSAGE][PASSED] - Object 'Object Repository/Page_The Story and Evolution of Doodles - G_6e786d/h1_The story behind Doodles' is visible

17-06-2024T18:29:29 - [TEST_STEP][PASSED] - verifyElementVisible(findTestObject("Object Repository/Page_The Story and Evolution of Doodles - G_6e786d/p_The first Doodle was a simple out-of-offi_345e61")): Object 'Object Repository/Page_The Story and Evolution of Doodles - G_6e786d/p_The first Doodle was a simple out-of-offi_345e61' is visible

17-06-2024T18:29:29 - [MESSAGE][PASSED] - Object 'Object Repository/Page_The Story and Evolution of Doodles - G_6e786d/p_The first Doodle was a simple out-of-offi_345e61' is visible

17-06-2024T18:29:29 - [TEST_STEP][PASSED] - verifyElementVisible(findTestObject("Object Repository/Page_The Story and Evolution of Doodles - G_6e786d/h2_Weve created more than 5,000 Doodles ove_111429")): Object 'Object Repository/Page_The Story and Evolution of Doodles - G_6e786d/h2_Weve created more than 5,000 Doodles ove_111429' is visible

17-06-2024T18:29:30 - [MESSAGE][PASSED] - Object 'Object Repository/Page_The Story and Evolution of Doodles - G_6e786d/h2_Weve created more than 5,000 Doodles ove_111429' is visible]]></system-out>
         <system-err><![CDATA[]]></system-err>
      </testcase>
      <testcase name="Test Cases/test case folder 1/tc1 - Copy (6) - Copy (5)" time="19.181" classname="Test Cases/test case folder 1/tc1 - Copy (6) - Copy (5)" status="PASSED">
         <system-out><![CDATA[17-06-2024T18:29:30 - [TEST_CASE][PASSED] - Test Cases/test case folder 1/tc1 - Copy (6) - Copy (5): Test Cases/test case folder 1/tc1 - Copy (6) - Copy (5)

17-06-2024T18:29:30 - [TEST_STEP][PASSED] - openBrowser(""): Browser is opened with url: ''

17-06-2024T18:29:30 - [MESSAGE][WARNING] - A browser is already opened. Closing browser and opening a new one

17-06-2024T18:29:30 - [MESSAGE][INFO] - Starting 'Chrome (headless)' driver

17-06-2024T18:29:30 - [MESSAGE][INFO] - Action delay is set to 0 milliseconds

17-06-2024T18:29:31 - [MESSAGE][PASSED] - Browser is opened with url: ''

17-06-2024T18:29:31 - [TEST_STEP][PASSED] - navigateToUrl("https://doodles.google/about/"): Navigate to 'https://doodles.google/about/' successfully

17-06-2024T18:29:34 - [MESSAGE][PASSED] - Navigate to 'https://doodles.google/about/' successfully

17-06-2024T18:29:34 - [TEST_STEP][PASSED] - click(findTestObject("Object Repository/Page_The Story and Evolution of Doodles - G_6e786d/p_The first Doodle was a simple out-of-offi_345e61")): Object: 'Object Repository/Page_The Story and Evolution of Doodles - G_6e786d/p_The first Doodle was a simple out-of-offi_345e61' is clicked on

17-06-2024T18:29:35 - [MESSAGE][PASSED] - Object: 'Object Repository/Page_The Story and Evolution of Doodles - G_6e786d/p_The first Doodle was a simple out-of-offi_345e61' is clicked on

17-06-2024T18:29:35 - [TEST_STEP][PASSED] - click(findTestObject("Object Repository/Page_The Story and Evolution of Doodles - G_6e786d/p_The first Doodle was a simple out-of-offi_345e61")): Object: 'Object Repository/Page_The Story and Evolution of Doodles - G_6e786d/p_The first Doodle was a simple out-of-offi_345e61' is clicked on

17-06-2024T18:29:35 - [MESSAGE][PASSED] - Object: 'Object Repository/Page_The Story and Evolution of Doodles - G_6e786d/p_The first Doodle was a simple out-of-offi_345e61' is clicked on

17-06-2024T18:29:35 - [TEST_STEP][PASSED] - verifyElementVisible(findTestObject("Object Repository/Page_The Story and Evolution of Doodles - G_6e786d/h1_The story behind Doodles")): Object 'Object Repository/Page_The Story and Evolution of Doodles - G_6e786d/h1_The story behind Doodles' is visible

17-06-2024T18:29:35 - [MESSAGE][PASSED] - Object 'Object Repository/Page_The Story and Evolution of Doodles - G_6e786d/h1_The story behind Doodles' is visible

17-06-2024T18:29:35 - [TEST_STEP][PASSED] - verifyElementVisible(findTestObject("Object Repository/Page_The Story and Evolution of Doodles - G_6e786d/p_The first Doodle was a simple out-of-offi_345e61")): Object 'Object Repository/Page_The Story and Evolution of Doodles - G_6e786d/p_The first Doodle was a simple out-of-offi_345e61' is visible

17-06-2024T18:29:35 - [MESSAGE][PASSED] - Object 'Object Repository/Page_The Story and Evolution of Doodles - G_6e786d/p_The first Doodle was a simple out-of-offi_345e61' is visible

17-06-2024T18:29:35 - [TEST_STEP][PASSED] - verifyElementVisible(findTestObject("Object Repository/Page_The Story and Evolution of Doodles - G_6e786d/h2_Weve created more than 5,000 Doodles ove_111429")): Object 'Object Repository/Page_The Story and Evolution of Doodles - G_6e786d/h2_Weve created more than 5,000 Doodles ove_111429' is visible

17-06-2024T18:29:36 - [MESSAGE][PASSED] - Object 'Object Repository/Page_The Story and Evolution of Doodles - G_6e786d/h2_Weve created more than 5,000 Doodles ove_111429' is visible

17-06-2024T18:29:36 - [TEST_STEP][PASSED] - verifyElementVisible(findTestObject("Object Repository/Page_The Story and Evolution of Doodles - G_6e786d/h1_The story behind Doodles")): Object 'Object Repository/Page_The Story and Evolution of Doodles - G_6e786d/h1_The story behind Doodles' is visible

17-06-2024T18:29:36 - [MESSAGE][PASSED] - Object 'Object Repository/Page_The Story and Evolution of Doodles - G_6e786d/h1_The story behind Doodles' is visible

17-06-2024T18:29:36 - [TEST_STEP][PASSED] - verifyElementVisible(findTestObject("Object Repository/Page_The Story and Evolution of Doodles - G_6e786d/p_The first Doodle was a simple out-of-offi_345e61")): Object 'Object Repository/Page_The Story and Evolution of Doodles - G_6e786d/p_The first Doodle was a simple out-of-offi_345e61' is visible

17-06-2024T18:29:36 - [MESSAGE][PASSED] - Object 'Object Repository/Page_The Story and Evolution of Doodles - G_6e786d/p_The first Doodle was a simple out-of-offi_345e61' is visible

17-06-2024T18:29:36 - [TEST_STEP][PASSED] - verifyElementVisible(findTestObject("Object Repository/Page_The Story and Evolution of Doodles - G_6e786d/h2_Weve created more than 5,000 Doodles ove_111429")): Object 'Object Repository/Page_The Story and Evolution of Doodles - G_6e786d/h2_Weve created more than 5,000 Doodles ove_111429' is visible

17-06-2024T18:29:37 - [MESSAGE][PASSED] - Object 'Object Repository/Page_The Story and Evolution of Doodles - G_6e786d/h2_Weve created more than 5,000 Doodles ove_111429' is visible

17-06-2024T18:29:37 - [TEST_STEP][PASSED] - click(findTestObject("Object Repository/Page_The Story and Evolution of Doodles - G_6e786d/p_The first Doodle was a simple out-of-offi_345e61")): Object: 'Object Repository/Page_The Story and Evolution of Doodles - G_6e786d/p_The first Doodle was a simple out-of-offi_345e61' is clicked on

17-06-2024T18:29:37 - [MESSAGE][PASSED] - Object: 'Object Repository/Page_The Story and Evolution of Doodles - G_6e786d/p_The first Doodle was a simple out-of-offi_345e61' is clicked on

17-06-2024T18:29:37 - [TEST_STEP][PASSED] - verifyElementVisible(findTestObject("Object Repository/Page_The Story and Evolution of Doodles - G_6e786d/h1_The story behind Doodles")): Object 'Object Repository/Page_The Story and Evolution of Doodles - G_6e786d/h1_The story behind Doodles' is visible

17-06-2024T18:29:37 - [MESSAGE][PASSED] - Object 'Object Repository/Page_The Story and Evolution of Doodles - G_6e786d/h1_The story behind Doodles' is visible

17-06-2024T18:29:37 - [TEST_STEP][PASSED] - verifyElementVisible(findTestObject("Object Repository/Page_The Story and Evolution of Doodles - G_6e786d/p_The first Doodle was a simple out-of-offi_345e61")): Object 'Object Repository/Page_The Story and Evolution of Doodles - G_6e786d/p_The first Doodle was a simple out-of-offi_345e61' is visible

17-06-2024T18:29:38 - [MESSAGE][PASSED] - Object 'Object Repository/Page_The Story and Evolution of Doodles - G_6e786d/p_The first Doodle was a simple out-of-offi_345e61' is visible

17-06-2024T18:29:38 - [TEST_STEP][PASSED] - verifyElementVisible(findTestObject("Object Repository/Page_The Story and Evolution of Doodles - G_6e786d/h2_Weve created more than 5,000 Doodles ove_111429")): Object 'Object Repository/Page_The Story and Evolution of Doodles - G_6e786d/h2_Weve created more than 5,000 Doodles ove_111429' is visible

17-06-2024T18:29:38 - [MESSAGE][PASSED] - Object 'Object Repository/Page_The Story and Evolution of Doodles - G_6e786d/h2_Weve created more than 5,000 Doodles ove_111429' is visible

17-06-2024T18:29:38 - [TEST_STEP][PASSED] - click(findTestObject("Object Repository/Page_The Story and Evolution of Doodles - G_6e786d/p_The first Doodle was a simple out-of-offi_345e61")): Object: 'Object Repository/Page_The Story and Evolution of Doodles - G_6e786d/p_The first Doodle was a simple out-of-offi_345e61' is clicked on

17-06-2024T18:29:38 - [MESSAGE][PASSED] - Object: 'Object Repository/Page_The Story and Evolution of Doodles - G_6e786d/p_The first Doodle was a simple out-of-offi_345e61' is clicked on

17-06-2024T18:29:38 - [TEST_STEP][PASSED] - verifyElementVisible(findTestObject("Object Repository/Page_The Story and Evolution of Doodles - G_6e786d/h1_The story behind Doodles")): Object 'Object Repository/Page_The Story and Evolution of Doodles - G_6e786d/h1_The story behind Doodles' is visible

17-06-2024T18:29:39 - [MESSAGE][PASSED] - Object 'Object Repository/Page_The Story and Evolution of Doodles - G_6e786d/h1_The story behind Doodles' is visible

17-06-2024T18:29:39 - [TEST_STEP][PASSED] - verifyElementVisible(findTestObject("Object Repository/Page_The Story and Evolution of Doodles - G_6e786d/p_The first Doodle was a simple out-of-offi_345e61")): Object 'Object Repository/Page_The Story and Evolution of Doodles - G_6e786d/p_The first Doodle was a simple out-of-offi_345e61' is visible

17-06-2024T18:29:39 - [MESSAGE][PASSED] - Object 'Object Repository/Page_The Story and Evolution of Doodles - G_6e786d/p_The first Doodle was a simple out-of-offi_345e61' is visible

17-06-2024T18:29:39 - [TEST_STEP][PASSED] - verifyElementVisible(findTestObject("Object Repository/Page_The Story and Evolution of Doodles - G_6e786d/h2_Weve created more than 5,000 Doodles ove_111429")): Object 'Object Repository/Page_The Story and Evolution of Doodles - G_6e786d/h2_Weve created more than 5,000 Doodles ove_111429' is visible

17-06-2024T18:29:39 - [MESSAGE][PASSED] - Object 'Object Repository/Page_The Story and Evolution of Doodles - G_6e786d/h2_Weve created more than 5,000 Doodles ove_111429' is visible

17-06-2024T18:29:39 - [TEST_STEP][PASSED] - click(findTestObject("Object Repository/Page_The Story and Evolution of Doodles - G_6e786d/p_The first Doodle was a simple out-of-offi_345e61")): Object: 'Object Repository/Page_The Story and Evolution of Doodles - G_6e786d/p_The first Doodle was a simple out-of-offi_345e61' is clicked on

17-06-2024T18:29:40 - [MESSAGE][PASSED] - Object: 'Object Repository/Page_The Story and Evolution of Doodles - G_6e786d/p_The first Doodle was a simple out-of-offi_345e61' is clicked on

17-06-2024T18:29:40 - [TEST_STEP][PASSED] - verifyElementVisible(findTestObject("Object Repository/Page_The Story and Evolution of Doodles - G_6e786d/h1_The story behind Doodles")): Object 'Object Repository/Page_The Story and Evolution of Doodles - G_6e786d/h1_The story behind Doodles' is visible

17-06-2024T18:29:40 - [MESSAGE][PASSED] - Object 'Object Repository/Page_The Story and Evolution of Doodles - G_6e786d/h1_The story behind Doodles' is visible

17-06-2024T18:29:40 - [TEST_STEP][PASSED] - verifyElementVisible(findTestObject("Object Repository/Page_The Story and Evolution of Doodles - G_6e786d/p_The first Doodle was a simple out-of-offi_345e61")): Object 'Object Repository/Page_The Story and Evolution of Doodles - G_6e786d/p_The first Doodle was a simple out-of-offi_345e61' is visible

17-06-2024T18:29:40 - [MESSAGE][PASSED] - Object 'Object Repository/Page_The Story and Evolution of Doodles - G_6e786d/p_The first Doodle was a simple out-of-offi_345e61' is visible

17-06-2024T18:29:40 - [TEST_STEP][PASSED] - verifyElementVisible(findTestObject("Object Repository/Page_The Story and Evolution of Doodles - G_6e786d/h2_Weve created more than 5,000 Doodles ove_111429")): Object 'Object Repository/Page_The Story and Evolution of Doodles - G_6e786d/h2_Weve created more than 5,000 Doodles ove_111429' is visible

17-06-2024T18:29:41 - [MESSAGE][PASSED] - Object 'Object Repository/Page_The Story and Evolution of Doodles - G_6e786d/h2_Weve created more than 5,000 Doodles ove_111429' is visible

17-06-2024T18:29:41 - [TEST_STEP][PASSED] - click(findTestObject("Object Repository/Page_The Story and Evolution of Doodles - G_6e786d/p_The first Doodle was a simple out-of-offi_345e61")): Object: 'Object Repository/Page_The Story and Evolution of Doodles - G_6e786d/p_The first Doodle was a simple out-of-offi_345e61' is clicked on

17-06-2024T18:29:41 - [MESSAGE][PASSED] - Object: 'Object Repository/Page_The Story and Evolution of Doodles - G_6e786d/p_The first Doodle was a simple out-of-offi_345e61' is clicked on

17-06-2024T18:29:41 - [TEST_STEP][PASSED] - verifyElementVisible(findTestObject("Object Repository/Page_The Story and Evolution of Doodles - G_6e786d/h1_The story behind Doodles")): Object 'Object Repository/Page_The Story and Evolution of Doodles - G_6e786d/h1_The story behind Doodles' is visible

17-06-2024T18:29:42 - [MESSAGE][PASSED] - Object 'Object Repository/Page_The Story and Evolution of Doodles - G_6e786d/h1_The story behind Doodles' is visible

17-06-2024T18:29:42 - [TEST_STEP][PASSED] - verifyElementVisible(findTestObject("Object Repository/Page_The Story and Evolution of Doodles - G_6e786d/p_The first Doodle was a simple out-of-offi_345e61")): Object 'Object Repository/Page_The Story and Evolution of Doodles - G_6e786d/p_The first Doodle was a simple out-of-offi_345e61' is visible

17-06-2024T18:29:42 - [MESSAGE][PASSED] - Object 'Object Repository/Page_The Story and Evolution of Doodles - G_6e786d/p_The first Doodle was a simple out-of-offi_345e61' is visible

17-06-2024T18:29:42 - [TEST_STEP][PASSED] - verifyElementVisible(findTestObject("Object Repository/Page_The Story and Evolution of Doodles - G_6e786d/h2_Weve created more than 5,000 Doodles ove_111429")): Object 'Object Repository/Page_The Story and Evolution of Doodles - G_6e786d/h2_Weve created more than 5,000 Doodles ove_111429' is visible

17-06-2024T18:29:42 - [MESSAGE][PASSED] - Object 'Object Repository/Page_The Story and Evolution of Doodles - G_6e786d/h2_Weve created more than 5,000 Doodles ove_111429' is visible

17-06-2024T18:29:42 - [TEST_STEP][PASSED] - click(findTestObject("Object Repository/Page_The Story and Evolution of Doodles - G_6e786d/p_The first Doodle was a simple out-of-offi_345e61")): Object: 'Object Repository/Page_The Story and Evolution of Doodles - G_6e786d/p_The first Doodle was a simple out-of-offi_345e61' is clicked on

17-06-2024T18:29:43 - [MESSAGE][PASSED] - Object: 'Object Repository/Page_The Story and Evolution of Doodles - G_6e786d/p_The first Doodle was a simple out-of-offi_345e61' is clicked on

17-06-2024T18:29:43 - [TEST_STEP][PASSED] - verifyElementVisible(findTestObject("Object Repository/Page_The Story and Evolution of Doodles - G_6e786d/h1_The story behind Doodles")): Object 'Object Repository/Page_The Story and Evolution of Doodles - G_6e786d/h1_The story behind Doodles' is visible

17-06-2024T18:29:43 - [MESSAGE][PASSED] - Object 'Object Repository/Page_The Story and Evolution of Doodles - G_6e786d/h1_The story behind Doodles' is visible

17-06-2024T18:29:43 - [TEST_STEP][PASSED] - verifyElementVisible(findTestObject("Object Repository/Page_The Story and Evolution of Doodles - G_6e786d/p_The first Doodle was a simple out-of-offi_345e61")): Object 'Object Repository/Page_The Story and Evolution of Doodles - G_6e786d/p_The first Doodle was a simple out-of-offi_345e61' is visible

17-06-2024T18:29:43 - [MESSAGE][PASSED] - Object 'Object Repository/Page_The Story and Evolution of Doodles - G_6e786d/p_The first Doodle was a simple out-of-offi_345e61' is visible

17-06-2024T18:29:43 - [TEST_STEP][PASSED] - verifyElementVisible(findTestObject("Object Repository/Page_The Story and Evolution of Doodles - G_6e786d/h2_Weve created more than 5,000 Doodles ove_111429")): Object 'Object Repository/Page_The Story and Evolution of Doodles - G_6e786d/h2_Weve created more than 5,000 Doodles ove_111429' is visible

17-06-2024T18:29:43 - [MESSAGE][PASSED] - Object 'Object Repository/Page_The Story and Evolution of Doodles - G_6e786d/h2_Weve created more than 5,000 Doodles ove_111429' is visible

17-06-2024T18:29:43 - [TEST_STEP][PASSED] - click(findTestObject("Object Repository/Page_The Story and Evolution of Doodles - G_6e786d/p_The first Doodle was a simple out-of-offi_345e61")): Object: 'Object Repository/Page_The Story and Evolution of Doodles - G_6e786d/p_The first Doodle was a simple out-of-offi_345e61' is clicked on

17-06-2024T18:29:44 - [MESSAGE][PASSED] - Object: 'Object Repository/Page_The Story and Evolution of Doodles - G_6e786d/p_The first Doodle was a simple out-of-offi_345e61' is clicked on

17-06-2024T18:29:44 - [TEST_STEP][PASSED] - verifyElementVisible(findTestObject("Object Repository/Page_The Story and Evolution of Doodles - G_6e786d/h1_The story behind Doodles")): Object 'Object Repository/Page_The Story and Evolution of Doodles - G_6e786d/h1_The story behind Doodles' is visible

17-06-2024T18:29:44 - [MESSAGE][PASSED] - Object 'Object Repository/Page_The Story and Evolution of Doodles - G_6e786d/h1_The story behind Doodles' is visible

17-06-2024T18:29:44 - [TEST_STEP][PASSED] - verifyElementVisible(findTestObject("Object Repository/Page_The Story and Evolution of Doodles - G_6e786d/p_The first Doodle was a simple out-of-offi_345e61")): Object 'Object Repository/Page_The Story and Evolution of Doodles - G_6e786d/p_The first Doodle was a simple out-of-offi_345e61' is visible

17-06-2024T18:29:44 - [MESSAGE][PASSED] - Object 'Object Repository/Page_The Story and Evolution of Doodles - G_6e786d/p_The first Doodle was a simple out-of-offi_345e61' is visible

17-06-2024T18:29:44 - [TEST_STEP][PASSED] - verifyElementVisible(findTestObject("Object Repository/Page_The Story and Evolution of Doodles - G_6e786d/h2_Weve created more than 5,000 Doodles ove_111429")): Object 'Object Repository/Page_The Story and Evolution of Doodles - G_6e786d/h2_Weve created more than 5,000 Doodles ove_111429' is visible

17-06-2024T18:29:45 - [MESSAGE][PASSED] - Object 'Object Repository/Page_The Story and Evolution of Doodles - G_6e786d/h2_Weve created more than 5,000 Doodles ove_111429' is visible

17-06-2024T18:29:45 - [TEST_STEP][PASSED] - click(findTestObject("Object Repository/Page_The Story and Evolution of Doodles - G_6e786d/p_The first Doodle was a simple out-of-offi_345e61")): Object: 'Object Repository/Page_The Story and Evolution of Doodles - G_6e786d/p_The first Doodle was a simple out-of-offi_345e61' is clicked on

17-06-2024T18:29:45 - [MESSAGE][PASSED] - Object: 'Object Repository/Page_The Story and Evolution of Doodles - G_6e786d/p_The first Doodle was a simple out-of-offi_345e61' is clicked on

17-06-2024T18:29:45 - [TEST_STEP][PASSED] - verifyElementVisible(findTestObject("Object Repository/Page_The Story and Evolution of Doodles - G_6e786d/h1_The story behind Doodles")): Object 'Object Repository/Page_The Story and Evolution of Doodles - G_6e786d/h1_The story behind Doodles' is visible

17-06-2024T18:29:46 - [MESSAGE][PASSED] - Object 'Object Repository/Page_The Story and Evolution of Doodles - G_6e786d/h1_The story behind Doodles' is visible

17-06-2024T18:29:46 - [TEST_STEP][PASSED] - verifyElementVisible(findTestObject("Object Repository/Page_The Story and Evolution of Doodles - G_6e786d/p_The first Doodle was a simple out-of-offi_345e61")): Object 'Object Repository/Page_The Story and Evolution of Doodles - G_6e786d/p_The first Doodle was a simple out-of-offi_345e61' is visible

17-06-2024T18:29:46 - [MESSAGE][PASSED] - Object 'Object Repository/Page_The Story and Evolution of Doodles - G_6e786d/p_The first Doodle was a simple out-of-offi_345e61' is visible

17-06-2024T18:29:46 - [TEST_STEP][PASSED] - verifyElementVisible(findTestObject("Object Repository/Page_The Story and Evolution of Doodles - G_6e786d/h2_Weve created more than 5,000 Doodles ove_111429")): Object 'Object Repository/Page_The Story and Evolution of Doodles - G_6e786d/h2_Weve created more than 5,000 Doodles ove_111429' is visible

17-06-2024T18:29:46 - [MESSAGE][PASSED] - Object 'Object Repository/Page_The Story and Evolution of Doodles - G_6e786d/h2_Weve created more than 5,000 Doodles ove_111429' is visible

17-06-2024T18:29:46 - [TEST_STEP][PASSED] - click(findTestObject("Object Repository/Page_The Story and Evolution of Doodles - G_6e786d/p_The first Doodle was a simple out-of-offi_345e61")): Object: 'Object Repository/Page_The Story and Evolution of Doodles - G_6e786d/p_The first Doodle was a simple out-of-offi_345e61' is clicked on

17-06-2024T18:29:47 - [MESSAGE][PASSED] - Object: 'Object Repository/Page_The Story and Evolution of Doodles - G_6e786d/p_The first Doodle was a simple out-of-offi_345e61' is clicked on

17-06-2024T18:29:47 - [TEST_STEP][PASSED] - verifyElementVisible(findTestObject("Object Repository/Page_The Story and Evolution of Doodles - G_6e786d/h1_The story behind Doodles")): Object 'Object Repository/Page_The Story and Evolution of Doodles - G_6e786d/h1_The story behind Doodles' is visible

17-06-2024T18:29:47 - [MESSAGE][PASSED] - Object 'Object Repository/Page_The Story and Evolution of Doodles - G_6e786d/h1_The story behind Doodles' is visible

17-06-2024T18:29:47 - [TEST_STEP][PASSED] - verifyElementVisible(findTestObject("Object Repository/Page_The Story and Evolution of Doodles - G_6e786d/p_The first Doodle was a simple out-of-offi_345e61")): Object 'Object Repository/Page_The Story and Evolution of Doodles - G_6e786d/p_The first Doodle was a simple out-of-offi_345e61' is visible

17-06-2024T18:29:47 - [MESSAGE][PASSED] - Object 'Object Repository/Page_The Story and Evolution of Doodles - G_6e786d/p_The first Doodle was a simple out-of-offi_345e61' is visible

17-06-2024T18:29:47 - [TEST_STEP][PASSED] - verifyElementVisible(findTestObject("Object Repository/Page_The Story and Evolution of Doodles - G_6e786d/h2_Weve created more than 5,000 Doodles ove_111429")): Object 'Object Repository/Page_The Story and Evolution of Doodles - G_6e786d/h2_Weve created more than 5,000 Doodles ove_111429' is visible

17-06-2024T18:29:48 - [MESSAGE][PASSED] - Object 'Object Repository/Page_The Story and Evolution of Doodles - G_6e786d/h2_Weve created more than 5,000 Doodles ove_111429' is visible

17-06-2024T18:29:48 - [TEST_STEP][PASSED] - click(findTestObject("Object Repository/Page_The Story and Evolution of Doodles - G_6e786d/p_The first Doodle was a simple out-of-offi_345e61")): Object: 'Object Repository/Page_The Story and Evolution of Doodles - G_6e786d/p_The first Doodle was a simple out-of-offi_345e61' is clicked on

17-06-2024T18:29:48 - [MESSAGE][PASSED] - Object: 'Object Repository/Page_The Story and Evolution of Doodles - G_6e786d/p_The first Doodle was a simple out-of-offi_345e61' is clicked on

17-06-2024T18:29:48 - [TEST_STEP][PASSED] - verifyElementVisible(findTestObject("Object Repository/Page_The Story and Evolution of Doodles - G_6e786d/h1_The story behind Doodles")): Object 'Object Repository/Page_The Story and Evolution of Doodles - G_6e786d/h1_The story behind Doodles' is visible

17-06-2024T18:29:48 - [MESSAGE][PASSED] - Object 'Object Repository/Page_The Story and Evolution of Doodles - G_6e786d/h1_The story behind Doodles' is visible

17-06-2024T18:29:48 - [TEST_STEP][PASSED] - verifyElementVisible(findTestObject("Object Repository/Page_The Story and Evolution of Doodles - G_6e786d/p_The first Doodle was a simple out-of-offi_345e61")): Object 'Object Repository/Page_The Story and Evolution of Doodles - G_6e786d/p_The first Doodle was a simple out-of-offi_345e61' is visible

17-06-2024T18:29:49 - [MESSAGE][PASSED] - Object 'Object Repository/Page_The Story and Evolution of Doodles - G_6e786d/p_The first Doodle was a simple out-of-offi_345e61' is visible

17-06-2024T18:29:49 - [TEST_STEP][PASSED] - verifyElementVisible(findTestObject("Object Repository/Page_The Story and Evolution of Doodles - G_6e786d/h2_Weve created more than 5,000 Doodles ove_111429")): Object 'Object Repository/Page_The Story and Evolution of Doodles - G_6e786d/h2_Weve created more than 5,000 Doodles ove_111429' is visible

17-06-2024T18:29:49 - [MESSAGE][PASSED] - Object 'Object Repository/Page_The Story and Evolution of Doodles - G_6e786d/h2_Weve created more than 5,000 Doodles ove_111429' is visible]]></system-out>
         <system-err><![CDATA[]]></system-err>
      </testcase>
      <testcase name="Test Cases/test case folder 1/tc1 - Copy (6) - Copy (6)" time="19.195" classname="Test Cases/test case folder 1/tc1 - Copy (6) - Copy (6)" status="PASSED">
         <system-out><![CDATA[17-06-2024T18:29:49 - [TEST_CASE][PASSED] - Test Cases/test case folder 1/tc1 - Copy (6) - Copy (6): Test Cases/test case folder 1/tc1 - Copy (6) - Copy (6)

17-06-2024T18:29:49 - [TEST_STEP][PASSED] - openBrowser(""): Browser is opened with url: ''

17-06-2024T18:29:49 - [MESSAGE][WARNING] - A browser is already opened. Closing browser and opening a new one

17-06-2024T18:29:49 - [MESSAGE][INFO] - Starting 'Chrome (headless)' driver

17-06-2024T18:29:49 - [MESSAGE][INFO] - Action delay is set to 0 milliseconds

17-06-2024T18:29:50 - [MESSAGE][PASSED] - Browser is opened with url: ''

17-06-2024T18:29:50 - [TEST_STEP][PASSED] - navigateToUrl("https://doodles.google/about/"): Navigate to 'https://doodles.google/about/' successfully

17-06-2024T18:29:53 - [MESSAGE][PASSED] - Navigate to 'https://doodles.google/about/' successfully

17-06-2024T18:29:53 - [TEST_STEP][PASSED] - click(findTestObject("Object Repository/Page_The Story and Evolution of Doodles - G_6e786d/p_The first Doodle was a simple out-of-offi_345e61")): Object: 'Object Repository/Page_The Story and Evolution of Doodles - G_6e786d/p_The first Doodle was a simple out-of-offi_345e61' is clicked on

17-06-2024T18:29:53 - [MESSAGE][PASSED] - Object: 'Object Repository/Page_The Story and Evolution of Doodles - G_6e786d/p_The first Doodle was a simple out-of-offi_345e61' is clicked on

17-06-2024T18:29:53 - [TEST_STEP][PASSED] - click(findTestObject("Object Repository/Page_The Story and Evolution of Doodles - G_6e786d/p_The first Doodle was a simple out-of-offi_345e61")): Object: 'Object Repository/Page_The Story and Evolution of Doodles - G_6e786d/p_The first Doodle was a simple out-of-offi_345e61' is clicked on

17-06-2024T18:29:54 - [MESSAGE][PASSED] - Object: 'Object Repository/Page_The Story and Evolution of Doodles - G_6e786d/p_The first Doodle was a simple out-of-offi_345e61' is clicked on

17-06-2024T18:29:54 - [TEST_STEP][PASSED] - verifyElementVisible(findTestObject("Object Repository/Page_The Story and Evolution of Doodles - G_6e786d/h1_The story behind Doodles")): Object 'Object Repository/Page_The Story and Evolution of Doodles - G_6e786d/h1_The story behind Doodles' is visible

17-06-2024T18:29:54 - [MESSAGE][PASSED] - Object 'Object Repository/Page_The Story and Evolution of Doodles - G_6e786d/h1_The story behind Doodles' is visible

17-06-2024T18:29:54 - [TEST_STEP][PASSED] - verifyElementVisible(findTestObject("Object Repository/Page_The Story and Evolution of Doodles - G_6e786d/p_The first Doodle was a simple out-of-offi_345e61")): Object 'Object Repository/Page_The Story and Evolution of Doodles - G_6e786d/p_The first Doodle was a simple out-of-offi_345e61' is visible

17-06-2024T18:29:54 - [MESSAGE][PASSED] - Object 'Object Repository/Page_The Story and Evolution of Doodles - G_6e786d/p_The first Doodle was a simple out-of-offi_345e61' is visible

17-06-2024T18:29:54 - [TEST_STEP][PASSED] - verifyElementVisible(findTestObject("Object Repository/Page_The Story and Evolution of Doodles - G_6e786d/h2_Weve created more than 5,000 Doodles ove_111429")): Object 'Object Repository/Page_The Story and Evolution of Doodles - G_6e786d/h2_Weve created more than 5,000 Doodles ove_111429' is visible

17-06-2024T18:29:55 - [MESSAGE][PASSED] - Object 'Object Repository/Page_The Story and Evolution of Doodles - G_6e786d/h2_Weve created more than 5,000 Doodles ove_111429' is visible

17-06-2024T18:29:55 - [TEST_STEP][PASSED] - verifyElementVisible(findTestObject("Object Repository/Page_The Story and Evolution of Doodles - G_6e786d/h1_The story behind Doodles")): Object 'Object Repository/Page_The Story and Evolution of Doodles - G_6e786d/h1_The story behind Doodles' is visible

17-06-2024T18:29:55 - [MESSAGE][PASSED] - Object 'Object Repository/Page_The Story and Evolution of Doodles - G_6e786d/h1_The story behind Doodles' is visible

17-06-2024T18:29:55 - [TEST_STEP][PASSED] - verifyElementVisible(findTestObject("Object Repository/Page_The Story and Evolution of Doodles - G_6e786d/p_The first Doodle was a simple out-of-offi_345e61")): Object 'Object Repository/Page_The Story and Evolution of Doodles - G_6e786d/p_The first Doodle was a simple out-of-offi_345e61' is visible

17-06-2024T18:29:55 - [MESSAGE][PASSED] - Object 'Object Repository/Page_The Story and Evolution of Doodles - G_6e786d/p_The first Doodle was a simple out-of-offi_345e61' is visible

17-06-2024T18:29:55 - [TEST_STEP][PASSED] - verifyElementVisible(findTestObject("Object Repository/Page_The Story and Evolution of Doodles - G_6e786d/h2_Weve created more than 5,000 Doodles ove_111429")): Object 'Object Repository/Page_The Story and Evolution of Doodles - G_6e786d/h2_Weve created more than 5,000 Doodles ove_111429' is visible

17-06-2024T18:29:56 - [MESSAGE][PASSED] - Object 'Object Repository/Page_The Story and Evolution of Doodles - G_6e786d/h2_Weve created more than 5,000 Doodles ove_111429' is visible

17-06-2024T18:29:56 - [TEST_STEP][PASSED] - click(findTestObject("Object Repository/Page_The Story and Evolution of Doodles - G_6e786d/p_The first Doodle was a simple out-of-offi_345e61")): Object: 'Object Repository/Page_The Story and Evolution of Doodles - G_6e786d/p_The first Doodle was a simple out-of-offi_345e61' is clicked on

17-06-2024T18:29:56 - [MESSAGE][PASSED] - Object: 'Object Repository/Page_The Story and Evolution of Doodles - G_6e786d/p_The first Doodle was a simple out-of-offi_345e61' is clicked on

17-06-2024T18:29:56 - [TEST_STEP][PASSED] - verifyElementVisible(findTestObject("Object Repository/Page_The Story and Evolution of Doodles - G_6e786d/h1_The story behind Doodles")): Object 'Object Repository/Page_The Story and Evolution of Doodles - G_6e786d/h1_The story behind Doodles' is visible

17-06-2024T18:29:56 - [MESSAGE][PASSED] - Object 'Object Repository/Page_The Story and Evolution of Doodles - G_6e786d/h1_The story behind Doodles' is visible

17-06-2024T18:29:56 - [TEST_STEP][PASSED] - verifyElementVisible(findTestObject("Object Repository/Page_The Story and Evolution of Doodles - G_6e786d/p_The first Doodle was a simple out-of-offi_345e61")): Object 'Object Repository/Page_The Story and Evolution of Doodles - G_6e786d/p_The first Doodle was a simple out-of-offi_345e61' is visible

17-06-2024T18:29:57 - [MESSAGE][PASSED] - Object 'Object Repository/Page_The Story and Evolution of Doodles - G_6e786d/p_The first Doodle was a simple out-of-offi_345e61' is visible

17-06-2024T18:29:57 - [TEST_STEP][PASSED] - verifyElementVisible(findTestObject("Object Repository/Page_The Story and Evolution of Doodles - G_6e786d/h2_Weve created more than 5,000 Doodles ove_111429")): Object 'Object Repository/Page_The Story and Evolution of Doodles - G_6e786d/h2_Weve created more than 5,000 Doodles ove_111429' is visible

17-06-2024T18:29:57 - [MESSAGE][PASSED] - Object 'Object Repository/Page_The Story and Evolution of Doodles - G_6e786d/h2_Weve created more than 5,000 Doodles ove_111429' is visible

17-06-2024T18:29:57 - [TEST_STEP][PASSED] - click(findTestObject("Object Repository/Page_The Story and Evolution of Doodles - G_6e786d/p_The first Doodle was a simple out-of-offi_345e61")): Object: 'Object Repository/Page_The Story and Evolution of Doodles - G_6e786d/p_The first Doodle was a simple out-of-offi_345e61' is clicked on

17-06-2024T18:29:57 - [MESSAGE][PASSED] - Object: 'Object Repository/Page_The Story and Evolution of Doodles - G_6e786d/p_The first Doodle was a simple out-of-offi_345e61' is clicked on

17-06-2024T18:29:57 - [TEST_STEP][PASSED] - verifyElementVisible(findTestObject("Object Repository/Page_The Story and Evolution of Doodles - G_6e786d/h1_The story behind Doodles")): Object 'Object Repository/Page_The Story and Evolution of Doodles - G_6e786d/h1_The story behind Doodles' is visible

17-06-2024T18:29:58 - [MESSAGE][PASSED] - Object 'Object Repository/Page_The Story and Evolution of Doodles - G_6e786d/h1_The story behind Doodles' is visible

17-06-2024T18:29:58 - [TEST_STEP][PASSED] - verifyElementVisible(findTestObject("Object Repository/Page_The Story and Evolution of Doodles - G_6e786d/p_The first Doodle was a simple out-of-offi_345e61")): Object 'Object Repository/Page_The Story and Evolution of Doodles - G_6e786d/p_The first Doodle was a simple out-of-offi_345e61' is visible

17-06-2024T18:29:58 - [MESSAGE][PASSED] - Object 'Object Repository/Page_The Story and Evolution of Doodles - G_6e786d/p_The first Doodle was a simple out-of-offi_345e61' is visible

17-06-2024T18:29:58 - [TEST_STEP][PASSED] - verifyElementVisible(findTestObject("Object Repository/Page_The Story and Evolution of Doodles - G_6e786d/h2_Weve created more than 5,000 Doodles ove_111429")): Object 'Object Repository/Page_The Story and Evolution of Doodles - G_6e786d/h2_Weve created more than 5,000 Doodles ove_111429' is visible

17-06-2024T18:29:58 - [MESSAGE][PASSED] - Object 'Object Repository/Page_The Story and Evolution of Doodles - G_6e786d/h2_Weve created more than 5,000 Doodles ove_111429' is visible

17-06-2024T18:29:58 - [TEST_STEP][PASSED] - click(findTestObject("Object Repository/Page_The Story and Evolution of Doodles - G_6e786d/p_The first Doodle was a simple out-of-offi_345e61")): Object: 'Object Repository/Page_The Story and Evolution of Doodles - G_6e786d/p_The first Doodle was a simple out-of-offi_345e61' is clicked on

17-06-2024T18:29:59 - [MESSAGE][PASSED] - Object: 'Object Repository/Page_The Story and Evolution of Doodles - G_6e786d/p_The first Doodle was a simple out-of-offi_345e61' is clicked on

17-06-2024T18:29:59 - [TEST_STEP][PASSED] - verifyElementVisible(findTestObject("Object Repository/Page_The Story and Evolution of Doodles - G_6e786d/h1_The story behind Doodles")): Object 'Object Repository/Page_The Story and Evolution of Doodles - G_6e786d/h1_The story behind Doodles' is visible

17-06-2024T18:29:59 - [MESSAGE][PASSED] - Object 'Object Repository/Page_The Story and Evolution of Doodles - G_6e786d/h1_The story behind Doodles' is visible

17-06-2024T18:29:59 - [TEST_STEP][PASSED] - verifyElementVisible(findTestObject("Object Repository/Page_The Story and Evolution of Doodles - G_6e786d/p_The first Doodle was a simple out-of-offi_345e61")): Object 'Object Repository/Page_The Story and Evolution of Doodles - G_6e786d/p_The first Doodle was a simple out-of-offi_345e61' is visible

17-06-2024T18:30:00 - [MESSAGE][PASSED] - Object 'Object Repository/Page_The Story and Evolution of Doodles - G_6e786d/p_The first Doodle was a simple out-of-offi_345e61' is visible

17-06-2024T18:30:00 - [TEST_STEP][PASSED] - verifyElementVisible(findTestObject("Object Repository/Page_The Story and Evolution of Doodles - G_6e786d/h2_Weve created more than 5,000 Doodles ove_111429")): Object 'Object Repository/Page_The Story and Evolution of Doodles - G_6e786d/h2_Weve created more than 5,000 Doodles ove_111429' is visible

17-06-2024T18:30:00 - [MESSAGE][PASSED] - Object 'Object Repository/Page_The Story and Evolution of Doodles - G_6e786d/h2_Weve created more than 5,000 Doodles ove_111429' is visible

17-06-2024T18:30:00 - [TEST_STEP][PASSED] - click(findTestObject("Object Repository/Page_The Story and Evolution of Doodles - G_6e786d/p_The first Doodle was a simple out-of-offi_345e61")): Object: 'Object Repository/Page_The Story and Evolution of Doodles - G_6e786d/p_The first Doodle was a simple out-of-offi_345e61' is clicked on

17-06-2024T18:30:00 - [MESSAGE][PASSED] - Object: 'Object Repository/Page_The Story and Evolution of Doodles - G_6e786d/p_The first Doodle was a simple out-of-offi_345e61' is clicked on

17-06-2024T18:30:00 - [TEST_STEP][PASSED] - verifyElementVisible(findTestObject("Object Repository/Page_The Story and Evolution of Doodles - G_6e786d/h1_The story behind Doodles")): Object 'Object Repository/Page_The Story and Evolution of Doodles - G_6e786d/h1_The story behind Doodles' is visible

17-06-2024T18:30:01 - [MESSAGE][PASSED] - Object 'Object Repository/Page_The Story and Evolution of Doodles - G_6e786d/h1_The story behind Doodles' is visible

17-06-2024T18:30:01 - [TEST_STEP][PASSED] - verifyElementVisible(findTestObject("Object Repository/Page_The Story and Evolution of Doodles - G_6e786d/p_The first Doodle was a simple out-of-offi_345e61")): Object 'Object Repository/Page_The Story and Evolution of Doodles - G_6e786d/p_The first Doodle was a simple out-of-offi_345e61' is visible

17-06-2024T18:30:01 - [MESSAGE][PASSED] - Object 'Object Repository/Page_The Story and Evolution of Doodles - G_6e786d/p_The first Doodle was a simple out-of-offi_345e61' is visible

17-06-2024T18:30:01 - [TEST_STEP][PASSED] - verifyElementVisible(findTestObject("Object Repository/Page_The Story and Evolution of Doodles - G_6e786d/h2_Weve created more than 5,000 Doodles ove_111429")): Object 'Object Repository/Page_The Story and Evolution of Doodles - G_6e786d/h2_Weve created more than 5,000 Doodles ove_111429' is visible

17-06-2024T18:30:01 - [MESSAGE][PASSED] - Object 'Object Repository/Page_The Story and Evolution of Doodles - G_6e786d/h2_Weve created more than 5,000 Doodles ove_111429' is visible

17-06-2024T18:30:01 - [TEST_STEP][PASSED] - click(findTestObject("Object Repository/Page_The Story and Evolution of Doodles - G_6e786d/p_The first Doodle was a simple out-of-offi_345e61")): Object: 'Object Repository/Page_The Story and Evolution of Doodles - G_6e786d/p_The first Doodle was a simple out-of-offi_345e61' is clicked on

17-06-2024T18:30:02 - [MESSAGE][PASSED] - Object: 'Object Repository/Page_The Story and Evolution of Doodles - G_6e786d/p_The first Doodle was a simple out-of-offi_345e61' is clicked on

17-06-2024T18:30:02 - [TEST_STEP][PASSED] - verifyElementVisible(findTestObject("Object Repository/Page_The Story and Evolution of Doodles - G_6e786d/h1_The story behind Doodles")): Object 'Object Repository/Page_The Story and Evolution of Doodles - G_6e786d/h1_The story behind Doodles' is visible

17-06-2024T18:30:02 - [MESSAGE][PASSED] - Object 'Object Repository/Page_The Story and Evolution of Doodles - G_6e786d/h1_The story behind Doodles' is visible

17-06-2024T18:30:02 - [TEST_STEP][PASSED] - verifyElementVisible(findTestObject("Object Repository/Page_The Story and Evolution of Doodles - G_6e786d/p_The first Doodle was a simple out-of-offi_345e61")): Object 'Object Repository/Page_The Story and Evolution of Doodles - G_6e786d/p_The first Doodle was a simple out-of-offi_345e61' is visible

17-06-2024T18:30:02 - [MESSAGE][PASSED] - Object 'Object Repository/Page_The Story and Evolution of Doodles - G_6e786d/p_The first Doodle was a simple out-of-offi_345e61' is visible

17-06-2024T18:30:02 - [TEST_STEP][PASSED] - verifyElementVisible(findTestObject("Object Repository/Page_The Story and Evolution of Doodles - G_6e786d/h2_Weve created more than 5,000 Doodles ove_111429")): Object 'Object Repository/Page_The Story and Evolution of Doodles - G_6e786d/h2_Weve created more than 5,000 Doodles ove_111429' is visible

17-06-2024T18:30:03 - [MESSAGE][PASSED] - Object 'Object Repository/Page_The Story and Evolution of Doodles - G_6e786d/h2_Weve created more than 5,000 Doodles ove_111429' is visible

17-06-2024T18:30:03 - [TEST_STEP][PASSED] - click(findTestObject("Object Repository/Page_The Story and Evolution of Doodles - G_6e786d/p_The first Doodle was a simple out-of-offi_345e61")): Object: 'Object Repository/Page_The Story and Evolution of Doodles - G_6e786d/p_The first Doodle was a simple out-of-offi_345e61' is clicked on

17-06-2024T18:30:03 - [MESSAGE][PASSED] - Object: 'Object Repository/Page_The Story and Evolution of Doodles - G_6e786d/p_The first Doodle was a simple out-of-offi_345e61' is clicked on

17-06-2024T18:30:03 - [TEST_STEP][PASSED] - verifyElementVisible(findTestObject("Object Repository/Page_The Story and Evolution of Doodles - G_6e786d/h1_The story behind Doodles")): Object 'Object Repository/Page_The Story and Evolution of Doodles - G_6e786d/h1_The story behind Doodles' is visible

17-06-2024T18:30:03 - [MESSAGE][PASSED] - Object 'Object Repository/Page_The Story and Evolution of Doodles - G_6e786d/h1_The story behind Doodles' is visible

17-06-2024T18:30:03 - [TEST_STEP][PASSED] - verifyElementVisible(findTestObject("Object Repository/Page_The Story and Evolution of Doodles - G_6e786d/p_The first Doodle was a simple out-of-offi_345e61")): Object 'Object Repository/Page_The Story and Evolution of Doodles - G_6e786d/p_The first Doodle was a simple out-of-offi_345e61' is visible

17-06-2024T18:30:04 - [MESSAGE][PASSED] - Object 'Object Repository/Page_The Story and Evolution of Doodles - G_6e786d/p_The first Doodle was a simple out-of-offi_345e61' is visible

17-06-2024T18:30:04 - [TEST_STEP][PASSED] - verifyElementVisible(findTestObject("Object Repository/Page_The Story and Evolution of Doodles - G_6e786d/h2_Weve created more than 5,000 Doodles ove_111429")): Object 'Object Repository/Page_The Story and Evolution of Doodles - G_6e786d/h2_Weve created more than 5,000 Doodles ove_111429' is visible

17-06-2024T18:30:04 - [MESSAGE][PASSED] - Object 'Object Repository/Page_The Story and Evolution of Doodles - G_6e786d/h2_Weve created more than 5,000 Doodles ove_111429' is visible

17-06-2024T18:30:04 - [TEST_STEP][PASSED] - click(findTestObject("Object Repository/Page_The Story and Evolution of Doodles - G_6e786d/p_The first Doodle was a simple out-of-offi_345e61")): Object: 'Object Repository/Page_The Story and Evolution of Doodles - G_6e786d/p_The first Doodle was a simple out-of-offi_345e61' is clicked on

17-06-2024T18:30:04 - [MESSAGE][PASSED] - Object: 'Object Repository/Page_The Story and Evolution of Doodles - G_6e786d/p_The first Doodle was a simple out-of-offi_345e61' is clicked on

17-06-2024T18:30:04 - [TEST_STEP][PASSED] - verifyElementVisible(findTestObject("Object Repository/Page_The Story and Evolution of Doodles - G_6e786d/h1_The story behind Doodles")): Object 'Object Repository/Page_The Story and Evolution of Doodles - G_6e786d/h1_The story behind Doodles' is visible

17-06-2024T18:30:05 - [MESSAGE][PASSED] - Object 'Object Repository/Page_The Story and Evolution of Doodles - G_6e786d/h1_The story behind Doodles' is visible

17-06-2024T18:30:05 - [TEST_STEP][PASSED] - verifyElementVisible(findTestObject("Object Repository/Page_The Story and Evolution of Doodles - G_6e786d/p_The first Doodle was a simple out-of-offi_345e61")): Object 'Object Repository/Page_The Story and Evolution of Doodles - G_6e786d/p_The first Doodle was a simple out-of-offi_345e61' is visible

17-06-2024T18:30:05 - [MESSAGE][PASSED] - Object 'Object Repository/Page_The Story and Evolution of Doodles - G_6e786d/p_The first Doodle was a simple out-of-offi_345e61' is visible

17-06-2024T18:30:05 - [TEST_STEP][PASSED] - verifyElementVisible(findTestObject("Object Repository/Page_The Story and Evolution of Doodles - G_6e786d/h2_Weve created more than 5,000 Doodles ove_111429")): Object 'Object Repository/Page_The Story and Evolution of Doodles - G_6e786d/h2_Weve created more than 5,000 Doodles ove_111429' is visible

17-06-2024T18:30:05 - [MESSAGE][PASSED] - Object 'Object Repository/Page_The Story and Evolution of Doodles - G_6e786d/h2_Weve created more than 5,000 Doodles ove_111429' is visible

17-06-2024T18:30:05 - [TEST_STEP][PASSED] - click(findTestObject("Object Repository/Page_The Story and Evolution of Doodles - G_6e786d/p_The first Doodle was a simple out-of-offi_345e61")): Object: 'Object Repository/Page_The Story and Evolution of Doodles - G_6e786d/p_The first Doodle was a simple out-of-offi_345e61' is clicked on

17-06-2024T18:30:06 - [MESSAGE][PASSED] - Object: 'Object Repository/Page_The Story and Evolution of Doodles - G_6e786d/p_The first Doodle was a simple out-of-offi_345e61' is clicked on

17-06-2024T18:30:06 - [TEST_STEP][PASSED] - verifyElementVisible(findTestObject("Object Repository/Page_The Story and Evolution of Doodles - G_6e786d/h1_The story behind Doodles")): Object 'Object Repository/Page_The Story and Evolution of Doodles - G_6e786d/h1_The story behind Doodles' is visible

17-06-2024T18:30:06 - [MESSAGE][PASSED] - Object 'Object Repository/Page_The Story and Evolution of Doodles - G_6e786d/h1_The story behind Doodles' is visible

17-06-2024T18:30:06 - [TEST_STEP][PASSED] - verifyElementVisible(findTestObject("Object Repository/Page_The Story and Evolution of Doodles - G_6e786d/p_The first Doodle was a simple out-of-offi_345e61")): Object 'Object Repository/Page_The Story and Evolution of Doodles - G_6e786d/p_The first Doodle was a simple out-of-offi_345e61' is visible

17-06-2024T18:30:06 - [MESSAGE][PASSED] - Object 'Object Repository/Page_The Story and Evolution of Doodles - G_6e786d/p_The first Doodle was a simple out-of-offi_345e61' is visible

17-06-2024T18:30:06 - [TEST_STEP][PASSED] - verifyElementVisible(findTestObject("Object Repository/Page_The Story and Evolution of Doodles - G_6e786d/h2_Weve created more than 5,000 Doodles ove_111429")): Object 'Object Repository/Page_The Story and Evolution of Doodles - G_6e786d/h2_Weve created more than 5,000 Doodles ove_111429' is visible

17-06-2024T18:30:07 - [MESSAGE][PASSED] - Object 'Object Repository/Page_The Story and Evolution of Doodles - G_6e786d/h2_Weve created more than 5,000 Doodles ove_111429' is visible

17-06-2024T18:30:07 - [TEST_STEP][PASSED] - click(findTestObject("Object Repository/Page_The Story and Evolution of Doodles - G_6e786d/p_The first Doodle was a simple out-of-offi_345e61")): Object: 'Object Repository/Page_The Story and Evolution of Doodles - G_6e786d/p_The first Doodle was a simple out-of-offi_345e61' is clicked on

17-06-2024T18:30:07 - [MESSAGE][PASSED] - Object: 'Object Repository/Page_The Story and Evolution of Doodles - G_6e786d/p_The first Doodle was a simple out-of-offi_345e61' is clicked on

17-06-2024T18:30:07 - [TEST_STEP][PASSED] - verifyElementVisible(findTestObject("Object Repository/Page_The Story and Evolution of Doodles - G_6e786d/h1_The story behind Doodles")): Object 'Object Repository/Page_The Story and Evolution of Doodles - G_6e786d/h1_The story behind Doodles' is visible

17-06-2024T18:30:07 - [MESSAGE][PASSED] - Object 'Object Repository/Page_The Story and Evolution of Doodles - G_6e786d/h1_The story behind Doodles' is visible

17-06-2024T18:30:07 - [TEST_STEP][PASSED] - verifyElementVisible(findTestObject("Object Repository/Page_The Story and Evolution of Doodles - G_6e786d/p_The first Doodle was a simple out-of-offi_345e61")): Object 'Object Repository/Page_The Story and Evolution of Doodles - G_6e786d/p_The first Doodle was a simple out-of-offi_345e61' is visible

17-06-2024T18:30:08 - [MESSAGE][PASSED] - Object 'Object Repository/Page_The Story and Evolution of Doodles - G_6e786d/p_The first Doodle was a simple out-of-offi_345e61' is visible

17-06-2024T18:30:08 - [TEST_STEP][PASSED] - verifyElementVisible(findTestObject("Object Repository/Page_The Story and Evolution of Doodles - G_6e786d/h2_Weve created more than 5,000 Doodles ove_111429")): Object 'Object Repository/Page_The Story and Evolution of Doodles - G_6e786d/h2_Weve created more than 5,000 Doodles ove_111429' is visible

17-06-2024T18:30:08 - [MESSAGE][PASSED] - Object 'Object Repository/Page_The Story and Evolution of Doodles - G_6e786d/h2_Weve created more than 5,000 Doodles ove_111429' is visible]]></system-out>
         <system-err><![CDATA[]]></system-err>
      </testcase>
      <testcase name="Test Cases/test case folder 1/tc1 - Copy (6) - Copy" time="18.582" classname="Test Cases/test case folder 1/tc1 - Copy (6) - Copy" status="PASSED">
         <system-out><![CDATA[17-06-2024T18:30:08 - [TEST_CASE][PASSED] - Test Cases/test case folder 1/tc1 - Copy (6) - Copy: Test Cases/test case folder 1/tc1 - Copy (6) - Copy

17-06-2024T18:30:08 - [TEST_STEP][PASSED] - openBrowser(""): Browser is opened with url: ''

17-06-2024T18:30:08 - [MESSAGE][WARNING] - A browser is already opened. Closing browser and opening a new one

17-06-2024T18:30:08 - [MESSAGE][INFO] - Starting 'Chrome (headless)' driver

17-06-2024T18:30:08 - [MESSAGE][INFO] - Action delay is set to 0 milliseconds

17-06-2024T18:30:09 - [MESSAGE][PASSED] - Browser is opened with url: ''

17-06-2024T18:30:09 - [TEST_STEP][PASSED] - navigateToUrl("https://doodles.google/about/"): Navigate to 'https://doodles.google/about/' successfully

17-06-2024T18:30:12 - [MESSAGE][PASSED] - Navigate to 'https://doodles.google/about/' successfully

17-06-2024T18:30:12 - [TEST_STEP][PASSED] - click(findTestObject("Object Repository/Page_The Story and Evolution of Doodles - G_6e786d/p_The first Doodle was a simple out-of-offi_345e61")): Object: 'Object Repository/Page_The Story and Evolution of Doodles - G_6e786d/p_The first Doodle was a simple out-of-offi_345e61' is clicked on

17-06-2024T18:30:12 - [MESSAGE][PASSED] - Object: 'Object Repository/Page_The Story and Evolution of Doodles - G_6e786d/p_The first Doodle was a simple out-of-offi_345e61' is clicked on

17-06-2024T18:30:12 - [TEST_STEP][PASSED] - click(findTestObject("Object Repository/Page_The Story and Evolution of Doodles - G_6e786d/p_The first Doodle was a simple out-of-offi_345e61")): Object: 'Object Repository/Page_The Story and Evolution of Doodles - G_6e786d/p_The first Doodle was a simple out-of-offi_345e61' is clicked on

17-06-2024T18:30:13 - [MESSAGE][PASSED] - Object: 'Object Repository/Page_The Story and Evolution of Doodles - G_6e786d/p_The first Doodle was a simple out-of-offi_345e61' is clicked on

17-06-2024T18:30:13 - [TEST_STEP][PASSED] - verifyElementVisible(findTestObject("Object Repository/Page_The Story and Evolution of Doodles - G_6e786d/h1_The story behind Doodles")): Object 'Object Repository/Page_The Story and Evolution of Doodles - G_6e786d/h1_The story behind Doodles' is visible

17-06-2024T18:30:13 - [MESSAGE][PASSED] - Object 'Object Repository/Page_The Story and Evolution of Doodles - G_6e786d/h1_The story behind Doodles' is visible

17-06-2024T18:30:13 - [TEST_STEP][PASSED] - verifyElementVisible(findTestObject("Object Repository/Page_The Story and Evolution of Doodles - G_6e786d/p_The first Doodle was a simple out-of-offi_345e61")): Object 'Object Repository/Page_The Story and Evolution of Doodles - G_6e786d/p_The first Doodle was a simple out-of-offi_345e61' is visible

17-06-2024T18:30:13 - [MESSAGE][PASSED] - Object 'Object Repository/Page_The Story and Evolution of Doodles - G_6e786d/p_The first Doodle was a simple out-of-offi_345e61' is visible

17-06-2024T18:30:13 - [TEST_STEP][PASSED] - verifyElementVisible(findTestObject("Object Repository/Page_The Story and Evolution of Doodles - G_6e786d/h2_Weve created more than 5,000 Doodles ove_111429")): Object 'Object Repository/Page_The Story and Evolution of Doodles - G_6e786d/h2_Weve created more than 5,000 Doodles ove_111429' is visible

17-06-2024T18:30:14 - [MESSAGE][PASSED] - Object 'Object Repository/Page_The Story and Evolution of Doodles - G_6e786d/h2_Weve created more than 5,000 Doodles ove_111429' is visible

17-06-2024T18:30:14 - [TEST_STEP][PASSED] - verifyElementVisible(findTestObject("Object Repository/Page_The Story and Evolution of Doodles - G_6e786d/h1_The story behind Doodles")): Object 'Object Repository/Page_The Story and Evolution of Doodles - G_6e786d/h1_The story behind Doodles' is visible

17-06-2024T18:30:14 - [MESSAGE][PASSED] - Object 'Object Repository/Page_The Story and Evolution of Doodles - G_6e786d/h1_The story behind Doodles' is visible

17-06-2024T18:30:14 - [TEST_STEP][PASSED] - verifyElementVisible(findTestObject("Object Repository/Page_The Story and Evolution of Doodles - G_6e786d/p_The first Doodle was a simple out-of-offi_345e61")): Object 'Object Repository/Page_The Story and Evolution of Doodles - G_6e786d/p_The first Doodle was a simple out-of-offi_345e61' is visible

17-06-2024T18:30:14 - [MESSAGE][PASSED] - Object 'Object Repository/Page_The Story and Evolution of Doodles - G_6e786d/p_The first Doodle was a simple out-of-offi_345e61' is visible

17-06-2024T18:30:14 - [TEST_STEP][PASSED] - verifyElementVisible(findTestObject("Object Repository/Page_The Story and Evolution of Doodles - G_6e786d/h2_Weve created more than 5,000 Doodles ove_111429")): Object 'Object Repository/Page_The Story and Evolution of Doodles - G_6e786d/h2_Weve created more than 5,000 Doodles ove_111429' is visible

17-06-2024T18:30:15 - [MESSAGE][PASSED] - Object 'Object Repository/Page_The Story and Evolution of Doodles - G_6e786d/h2_Weve created more than 5,000 Doodles ove_111429' is visible

17-06-2024T18:30:15 - [TEST_STEP][PASSED] - click(findTestObject("Object Repository/Page_The Story and Evolution of Doodles - G_6e786d/p_The first Doodle was a simple out-of-offi_345e61")): Object: 'Object Repository/Page_The Story and Evolution of Doodles - G_6e786d/p_The first Doodle was a simple out-of-offi_345e61' is clicked on

17-06-2024T18:30:15 - [MESSAGE][PASSED] - Object: 'Object Repository/Page_The Story and Evolution of Doodles - G_6e786d/p_The first Doodle was a simple out-of-offi_345e61' is clicked on

17-06-2024T18:30:15 - [TEST_STEP][PASSED] - verifyElementVisible(findTestObject("Object Repository/Page_The Story and Evolution of Doodles - G_6e786d/h1_The story behind Doodles")): Object 'Object Repository/Page_The Story and Evolution of Doodles - G_6e786d/h1_The story behind Doodles' is visible

17-06-2024T18:30:15 - [MESSAGE][PASSED] - Object 'Object Repository/Page_The Story and Evolution of Doodles - G_6e786d/h1_The story behind Doodles' is visible

17-06-2024T18:30:15 - [TEST_STEP][PASSED] - verifyElementVisible(findTestObject("Object Repository/Page_The Story and Evolution of Doodles - G_6e786d/p_The first Doodle was a simple out-of-offi_345e61")): Object 'Object Repository/Page_The Story and Evolution of Doodles - G_6e786d/p_The first Doodle was a simple out-of-offi_345e61' is visible

17-06-2024T18:30:16 - [MESSAGE][PASSED] - Object 'Object Repository/Page_The Story and Evolution of Doodles - G_6e786d/p_The first Doodle was a simple out-of-offi_345e61' is visible

17-06-2024T18:30:16 - [TEST_STEP][PASSED] - verifyElementVisible(findTestObject("Object Repository/Page_The Story and Evolution of Doodles - G_6e786d/h2_Weve created more than 5,000 Doodles ove_111429")): Object 'Object Repository/Page_The Story and Evolution of Doodles - G_6e786d/h2_Weve created more than 5,000 Doodles ove_111429' is visible

17-06-2024T18:30:16 - [MESSAGE][PASSED] - Object 'Object Repository/Page_The Story and Evolution of Doodles - G_6e786d/h2_Weve created more than 5,000 Doodles ove_111429' is visible

17-06-2024T18:30:16 - [TEST_STEP][PASSED] - click(findTestObject("Object Repository/Page_The Story and Evolution of Doodles - G_6e786d/p_The first Doodle was a simple out-of-offi_345e61")): Object: 'Object Repository/Page_The Story and Evolution of Doodles - G_6e786d/p_The first Doodle was a simple out-of-offi_345e61' is clicked on

17-06-2024T18:30:16 - [MESSAGE][PASSED] - Object: 'Object Repository/Page_The Story and Evolution of Doodles - G_6e786d/p_The first Doodle was a simple out-of-offi_345e61' is clicked on

17-06-2024T18:30:16 - [TEST_STEP][PASSED] - verifyElementVisible(findTestObject("Object Repository/Page_The Story and Evolution of Doodles - G_6e786d/h1_The story behind Doodles")): Object 'Object Repository/Page_The Story and Evolution of Doodles - G_6e786d/h1_The story behind Doodles' is visible

17-06-2024T18:30:17 - [MESSAGE][PASSED] - Object 'Object Repository/Page_The Story and Evolution of Doodles - G_6e786d/h1_The story behind Doodles' is visible

17-06-2024T18:30:17 - [TEST_STEP][PASSED] - verifyElementVisible(findTestObject("Object Repository/Page_The Story and Evolution of Doodles - G_6e786d/p_The first Doodle was a simple out-of-offi_345e61")): Object 'Object Repository/Page_The Story and Evolution of Doodles - G_6e786d/p_The first Doodle was a simple out-of-offi_345e61' is visible

17-06-2024T18:30:17 - [MESSAGE][PASSED] - Object 'Object Repository/Page_The Story and Evolution of Doodles - G_6e786d/p_The first Doodle was a simple out-of-offi_345e61' is visible

17-06-2024T18:30:17 - [TEST_STEP][PASSED] - verifyElementVisible(findTestObject("Object Repository/Page_The Story and Evolution of Doodles - G_6e786d/h2_Weve created more than 5,000 Doodles ove_111429")): Object 'Object Repository/Page_The Story and Evolution of Doodles - G_6e786d/h2_Weve created more than 5,000 Doodles ove_111429' is visible

17-06-2024T18:30:17 - [MESSAGE][PASSED] - Object 'Object Repository/Page_The Story and Evolution of Doodles - G_6e786d/h2_Weve created more than 5,000 Doodles ove_111429' is visible

17-06-2024T18:30:17 - [TEST_STEP][PASSED] - click(findTestObject("Object Repository/Page_The Story and Evolution of Doodles - G_6e786d/p_The first Doodle was a simple out-of-offi_345e61")): Object: 'Object Repository/Page_The Story and Evolution of Doodles - G_6e786d/p_The first Doodle was a simple out-of-offi_345e61' is clicked on

17-06-2024T18:30:18 - [MESSAGE][PASSED] - Object: 'Object Repository/Page_The Story and Evolution of Doodles - G_6e786d/p_The first Doodle was a simple out-of-offi_345e61' is clicked on

17-06-2024T18:30:18 - [TEST_STEP][PASSED] - verifyElementVisible(findTestObject("Object Repository/Page_The Story and Evolution of Doodles - G_6e786d/h1_The story behind Doodles")): Object 'Object Repository/Page_The Story and Evolution of Doodles - G_6e786d/h1_The story behind Doodles' is visible

17-06-2024T18:30:18 - [MESSAGE][PASSED] - Object 'Object Repository/Page_The Story and Evolution of Doodles - G_6e786d/h1_The story behind Doodles' is visible

17-06-2024T18:30:18 - [TEST_STEP][PASSED] - verifyElementVisible(findTestObject("Object Repository/Page_The Story and Evolution of Doodles - G_6e786d/p_The first Doodle was a simple out-of-offi_345e61")): Object 'Object Repository/Page_The Story and Evolution of Doodles - G_6e786d/p_The first Doodle was a simple out-of-offi_345e61' is visible

17-06-2024T18:30:18 - [MESSAGE][PASSED] - Object 'Object Repository/Page_The Story and Evolution of Doodles - G_6e786d/p_The first Doodle was a simple out-of-offi_345e61' is visible

17-06-2024T18:30:18 - [TEST_STEP][PASSED] - verifyElementVisible(findTestObject("Object Repository/Page_The Story and Evolution of Doodles - G_6e786d/h2_Weve created more than 5,000 Doodles ove_111429")): Object 'Object Repository/Page_The Story and Evolution of Doodles - G_6e786d/h2_Weve created more than 5,000 Doodles ove_111429' is visible

17-06-2024T18:30:19 - [MESSAGE][PASSED] - Object 'Object Repository/Page_The Story and Evolution of Doodles - G_6e786d/h2_Weve created more than 5,000 Doodles ove_111429' is visible

17-06-2024T18:30:19 - [TEST_STEP][PASSED] - click(findTestObject("Object Repository/Page_The Story and Evolution of Doodles - G_6e786d/p_The first Doodle was a simple out-of-offi_345e61")): Object: 'Object Repository/Page_The Story and Evolution of Doodles - G_6e786d/p_The first Doodle was a simple out-of-offi_345e61' is clicked on

17-06-2024T18:30:19 - [MESSAGE][PASSED] - Object: 'Object Repository/Page_The Story and Evolution of Doodles - G_6e786d/p_The first Doodle was a simple out-of-offi_345e61' is clicked on

17-06-2024T18:30:19 - [TEST_STEP][PASSED] - verifyElementVisible(findTestObject("Object Repository/Page_The Story and Evolution of Doodles - G_6e786d/h1_The story behind Doodles")): Object 'Object Repository/Page_The Story and Evolution of Doodles - G_6e786d/h1_The story behind Doodles' is visible

17-06-2024T18:30:19 - [MESSAGE][PASSED] - Object 'Object Repository/Page_The Story and Evolution of Doodles - G_6e786d/h1_The story behind Doodles' is visible

17-06-2024T18:30:19 - [TEST_STEP][PASSED] - verifyElementVisible(findTestObject("Object Repository/Page_The Story and Evolution of Doodles - G_6e786d/p_The first Doodle was a simple out-of-offi_345e61")): Object 'Object Repository/Page_The Story and Evolution of Doodles - G_6e786d/p_The first Doodle was a simple out-of-offi_345e61' is visible

17-06-2024T18:30:20 - [MESSAGE][PASSED] - Object 'Object Repository/Page_The Story and Evolution of Doodles - G_6e786d/p_The first Doodle was a simple out-of-offi_345e61' is visible

17-06-2024T18:30:20 - [TEST_STEP][PASSED] - verifyElementVisible(findTestObject("Object Repository/Page_The Story and Evolution of Doodles - G_6e786d/h2_Weve created more than 5,000 Doodles ove_111429")): Object 'Object Repository/Page_The Story and Evolution of Doodles - G_6e786d/h2_Weve created more than 5,000 Doodles ove_111429' is visible

17-06-2024T18:30:20 - [MESSAGE][PASSED] - Object 'Object Repository/Page_The Story and Evolution of Doodles - G_6e786d/h2_Weve created more than 5,000 Doodles ove_111429' is visible

17-06-2024T18:30:20 - [TEST_STEP][PASSED] - click(findTestObject("Object Repository/Page_The Story and Evolution of Doodles - G_6e786d/p_The first Doodle was a simple out-of-offi_345e61")): Object: 'Object Repository/Page_The Story and Evolution of Doodles - G_6e786d/p_The first Doodle was a simple out-of-offi_345e61' is clicked on

17-06-2024T18:30:20 - [MESSAGE][PASSED] - Object: 'Object Repository/Page_The Story and Evolution of Doodles - G_6e786d/p_The first Doodle was a simple out-of-offi_345e61' is clicked on

17-06-2024T18:30:20 - [TEST_STEP][PASSED] - verifyElementVisible(findTestObject("Object Repository/Page_The Story and Evolution of Doodles - G_6e786d/h1_The story behind Doodles")): Object 'Object Repository/Page_The Story and Evolution of Doodles - G_6e786d/h1_The story behind Doodles' is visible

17-06-2024T18:30:21 - [MESSAGE][PASSED] - Object 'Object Repository/Page_The Story and Evolution of Doodles - G_6e786d/h1_The story behind Doodles' is visible

17-06-2024T18:30:21 - [TEST_STEP][PASSED] - verifyElementVisible(findTestObject("Object Repository/Page_The Story and Evolution of Doodles - G_6e786d/p_The first Doodle was a simple out-of-offi_345e61")): Object 'Object Repository/Page_The Story and Evolution of Doodles - G_6e786d/p_The first Doodle was a simple out-of-offi_345e61' is visible

17-06-2024T18:30:21 - [MESSAGE][PASSED] - Object 'Object Repository/Page_The Story and Evolution of Doodles - G_6e786d/p_The first Doodle was a simple out-of-offi_345e61' is visible

17-06-2024T18:30:21 - [TEST_STEP][PASSED] - verifyElementVisible(findTestObject("Object Repository/Page_The Story and Evolution of Doodles - G_6e786d/h2_Weve created more than 5,000 Doodles ove_111429")): Object 'Object Repository/Page_The Story and Evolution of Doodles - G_6e786d/h2_Weve created more than 5,000 Doodles ove_111429' is visible

17-06-2024T18:30:21 - [MESSAGE][PASSED] - Object 'Object Repository/Page_The Story and Evolution of Doodles - G_6e786d/h2_Weve created more than 5,000 Doodles ove_111429' is visible

17-06-2024T18:30:21 - [TEST_STEP][PASSED] - click(findTestObject("Object Repository/Page_The Story and Evolution of Doodles - G_6e786d/p_The first Doodle was a simple out-of-offi_345e61")): Object: 'Object Repository/Page_The Story and Evolution of Doodles - G_6e786d/p_The first Doodle was a simple out-of-offi_345e61' is clicked on

17-06-2024T18:30:22 - [MESSAGE][PASSED] - Object: 'Object Repository/Page_The Story and Evolution of Doodles - G_6e786d/p_The first Doodle was a simple out-of-offi_345e61' is clicked on

17-06-2024T18:30:22 - [TEST_STEP][PASSED] - verifyElementVisible(findTestObject("Object Repository/Page_The Story and Evolution of Doodles - G_6e786d/h1_The story behind Doodles")): Object 'Object Repository/Page_The Story and Evolution of Doodles - G_6e786d/h1_The story behind Doodles' is visible

17-06-2024T18:30:22 - [MESSAGE][PASSED] - Object 'Object Repository/Page_The Story and Evolution of Doodles - G_6e786d/h1_The story behind Doodles' is visible

17-06-2024T18:30:22 - [TEST_STEP][PASSED] - verifyElementVisible(findTestObject("Object Repository/Page_The Story and Evolution of Doodles - G_6e786d/p_The first Doodle was a simple out-of-offi_345e61")): Object 'Object Repository/Page_The Story and Evolution of Doodles - G_6e786d/p_The first Doodle was a simple out-of-offi_345e61' is visible

17-06-2024T18:30:22 - [MESSAGE][PASSED] - Object 'Object Repository/Page_The Story and Evolution of Doodles - G_6e786d/p_The first Doodle was a simple out-of-offi_345e61' is visible

17-06-2024T18:30:22 - [TEST_STEP][PASSED] - verifyElementVisible(findTestObject("Object Repository/Page_The Story and Evolution of Doodles - G_6e786d/h2_Weve created more than 5,000 Doodles ove_111429")): Object 'Object Repository/Page_The Story and Evolution of Doodles - G_6e786d/h2_Weve created more than 5,000 Doodles ove_111429' is visible

17-06-2024T18:30:23 - [MESSAGE][PASSED] - Object 'Object Repository/Page_The Story and Evolution of Doodles - G_6e786d/h2_Weve created more than 5,000 Doodles ove_111429' is visible

17-06-2024T18:30:23 - [TEST_STEP][PASSED] - click(findTestObject("Object Repository/Page_The Story and Evolution of Doodles - G_6e786d/p_The first Doodle was a simple out-of-offi_345e61")): Object: 'Object Repository/Page_The Story and Evolution of Doodles - G_6e786d/p_The first Doodle was a simple out-of-offi_345e61' is clicked on

17-06-2024T18:30:23 - [MESSAGE][PASSED] - Object: 'Object Repository/Page_The Story and Evolution of Doodles - G_6e786d/p_The first Doodle was a simple out-of-offi_345e61' is clicked on

17-06-2024T18:30:23 - [TEST_STEP][PASSED] - verifyElementVisible(findTestObject("Object Repository/Page_The Story and Evolution of Doodles - G_6e786d/h1_The story behind Doodles")): Object 'Object Repository/Page_The Story and Evolution of Doodles - G_6e786d/h1_The story behind Doodles' is visible

17-06-2024T18:30:23 - [MESSAGE][PASSED] - Object 'Object Repository/Page_The Story and Evolution of Doodles - G_6e786d/h1_The story behind Doodles' is visible

17-06-2024T18:30:23 - [TEST_STEP][PASSED] - verifyElementVisible(findTestObject("Object Repository/Page_The Story and Evolution of Doodles - G_6e786d/p_The first Doodle was a simple out-of-offi_345e61")): Object 'Object Repository/Page_The Story and Evolution of Doodles - G_6e786d/p_The first Doodle was a simple out-of-offi_345e61' is visible

17-06-2024T18:30:24 - [MESSAGE][PASSED] - Object 'Object Repository/Page_The Story and Evolution of Doodles - G_6e786d/p_The first Doodle was a simple out-of-offi_345e61' is visible

17-06-2024T18:30:24 - [TEST_STEP][PASSED] - verifyElementVisible(findTestObject("Object Repository/Page_The Story and Evolution of Doodles - G_6e786d/h2_Weve created more than 5,000 Doodles ove_111429")): Object 'Object Repository/Page_The Story and Evolution of Doodles - G_6e786d/h2_Weve created more than 5,000 Doodles ove_111429' is visible

17-06-2024T18:30:24 - [MESSAGE][PASSED] - Object 'Object Repository/Page_The Story and Evolution of Doodles - G_6e786d/h2_Weve created more than 5,000 Doodles ove_111429' is visible

17-06-2024T18:30:24 - [TEST_STEP][PASSED] - click(findTestObject("Object Repository/Page_The Story and Evolution of Doodles - G_6e786d/p_The first Doodle was a simple out-of-offi_345e61")): Object: 'Object Repository/Page_The Story and Evolution of Doodles - G_6e786d/p_The first Doodle was a simple out-of-offi_345e61' is clicked on

17-06-2024T18:30:24 - [MESSAGE][PASSED] - Object: 'Object Repository/Page_The Story and Evolution of Doodles - G_6e786d/p_The first Doodle was a simple out-of-offi_345e61' is clicked on

17-06-2024T18:30:24 - [TEST_STEP][PASSED] - verifyElementVisible(findTestObject("Object Repository/Page_The Story and Evolution of Doodles - G_6e786d/h1_The story behind Doodles")): Object 'Object Repository/Page_The Story and Evolution of Doodles - G_6e786d/h1_The story behind Doodles' is visible

17-06-2024T18:30:25 - [MESSAGE][PASSED] - Object 'Object Repository/Page_The Story and Evolution of Doodles - G_6e786d/h1_The story behind Doodles' is visible

17-06-2024T18:30:25 - [TEST_STEP][PASSED] - verifyElementVisible(findTestObject("Object Repository/Page_The Story and Evolution of Doodles - G_6e786d/p_The first Doodle was a simple out-of-offi_345e61")): Object 'Object Repository/Page_The Story and Evolution of Doodles - G_6e786d/p_The first Doodle was a simple out-of-offi_345e61' is visible

17-06-2024T18:30:25 - [MESSAGE][PASSED] - Object 'Object Repository/Page_The Story and Evolution of Doodles - G_6e786d/p_The first Doodle was a simple out-of-offi_345e61' is visible

17-06-2024T18:30:25 - [TEST_STEP][PASSED] - verifyElementVisible(findTestObject("Object Repository/Page_The Story and Evolution of Doodles - G_6e786d/h2_Weve created more than 5,000 Doodles ove_111429")): Object 'Object Repository/Page_The Story and Evolution of Doodles - G_6e786d/h2_Weve created more than 5,000 Doodles ove_111429' is visible

17-06-2024T18:30:25 - [MESSAGE][PASSED] - Object 'Object Repository/Page_The Story and Evolution of Doodles - G_6e786d/h2_Weve created more than 5,000 Doodles ove_111429' is visible

17-06-2024T18:30:25 - [TEST_STEP][PASSED] - click(findTestObject("Object Repository/Page_The Story and Evolution of Doodles - G_6e786d/p_The first Doodle was a simple out-of-offi_345e61")): Object: 'Object Repository/Page_The Story and Evolution of Doodles - G_6e786d/p_The first Doodle was a simple out-of-offi_345e61' is clicked on

17-06-2024T18:30:26 - [MESSAGE][PASSED] - Object: 'Object Repository/Page_The Story and Evolution of Doodles - G_6e786d/p_The first Doodle was a simple out-of-offi_345e61' is clicked on

17-06-2024T18:30:26 - [TEST_STEP][PASSED] - verifyElementVisible(findTestObject("Object Repository/Page_The Story and Evolution of Doodles - G_6e786d/h1_The story behind Doodles")): Object 'Object Repository/Page_The Story and Evolution of Doodles - G_6e786d/h1_The story behind Doodles' is visible

17-06-2024T18:30:26 - [MESSAGE][PASSED] - Object 'Object Repository/Page_The Story and Evolution of Doodles - G_6e786d/h1_The story behind Doodles' is visible

17-06-2024T18:30:26 - [TEST_STEP][PASSED] - verifyElementVisible(findTestObject("Object Repository/Page_The Story and Evolution of Doodles - G_6e786d/p_The first Doodle was a simple out-of-offi_345e61")): Object 'Object Repository/Page_The Story and Evolution of Doodles - G_6e786d/p_The first Doodle was a simple out-of-offi_345e61' is visible

17-06-2024T18:30:26 - [MESSAGE][PASSED] - Object 'Object Repository/Page_The Story and Evolution of Doodles - G_6e786d/p_The first Doodle was a simple out-of-offi_345e61' is visible

17-06-2024T18:30:26 - [TEST_STEP][PASSED] - verifyElementVisible(findTestObject("Object Repository/Page_The Story and Evolution of Doodles - G_6e786d/h2_Weve created more than 5,000 Doodles ove_111429")): Object 'Object Repository/Page_The Story and Evolution of Doodles - G_6e786d/h2_Weve created more than 5,000 Doodles ove_111429' is visible

17-06-2024T18:30:27 - [MESSAGE][PASSED] - Object 'Object Repository/Page_The Story and Evolution of Doodles - G_6e786d/h2_Weve created more than 5,000 Doodles ove_111429' is visible]]></system-out>
         <system-err><![CDATA[]]></system-err>
      </testcase>
      <testcase name="Test Cases/test case folder 1/tc1 - Copy (7) - Copy (1)" time="18.038" classname="Test Cases/test case folder 1/tc1 - Copy (7) - Copy (1)" status="PASSED">
         <system-out><![CDATA[17-06-2024T18:30:27 - [TEST_CASE][PASSED] - Test Cases/test case folder 1/tc1 - Copy (7) - Copy (1): Test Cases/test case folder 1/tc1 - Copy (7) - Copy (1)

17-06-2024T18:30:27 - [TEST_STEP][PASSED] - openBrowser(""): Browser is opened with url: ''

17-06-2024T18:30:27 - [MESSAGE][WARNING] - A browser is already opened. Closing browser and opening a new one

17-06-2024T18:30:27 - [MESSAGE][INFO] - Starting 'Chrome (headless)' driver

17-06-2024T18:30:27 - [MESSAGE][INFO] - Action delay is set to 0 milliseconds

17-06-2024T18:30:28 - [MESSAGE][PASSED] - Browser is opened with url: ''

17-06-2024T18:30:28 - [TEST_STEP][PASSED] - navigateToUrl("https://doodles.google/about/"): Navigate to 'https://doodles.google/about/' successfully

17-06-2024T18:30:30 - [MESSAGE][PASSED] - Navigate to 'https://doodles.google/about/' successfully

17-06-2024T18:30:30 - [TEST_STEP][PASSED] - click(findTestObject("Object Repository/Page_The Story and Evolution of Doodles - G_6e786d/p_The first Doodle was a simple out-of-offi_345e61")): Object: 'Object Repository/Page_The Story and Evolution of Doodles - G_6e786d/p_The first Doodle was a simple out-of-offi_345e61' is clicked on

17-06-2024T18:30:30 - [MESSAGE][PASSED] - Object: 'Object Repository/Page_The Story and Evolution of Doodles - G_6e786d/p_The first Doodle was a simple out-of-offi_345e61' is clicked on

17-06-2024T18:30:30 - [TEST_STEP][PASSED] - click(findTestObject("Object Repository/Page_The Story and Evolution of Doodles - G_6e786d/p_The first Doodle was a simple out-of-offi_345e61")): Object: 'Object Repository/Page_The Story and Evolution of Doodles - G_6e786d/p_The first Doodle was a simple out-of-offi_345e61' is clicked on

17-06-2024T18:30:31 - [MESSAGE][PASSED] - Object: 'Object Repository/Page_The Story and Evolution of Doodles - G_6e786d/p_The first Doodle was a simple out-of-offi_345e61' is clicked on

17-06-2024T18:30:31 - [TEST_STEP][PASSED] - verifyElementVisible(findTestObject("Object Repository/Page_The Story and Evolution of Doodles - G_6e786d/h1_The story behind Doodles")): Object 'Object Repository/Page_The Story and Evolution of Doodles - G_6e786d/h1_The story behind Doodles' is visible

17-06-2024T18:30:31 - [MESSAGE][PASSED] - Object 'Object Repository/Page_The Story and Evolution of Doodles - G_6e786d/h1_The story behind Doodles' is visible

17-06-2024T18:30:31 - [TEST_STEP][PASSED] - verifyElementVisible(findTestObject("Object Repository/Page_The Story and Evolution of Doodles - G_6e786d/p_The first Doodle was a simple out-of-offi_345e61")): Object 'Object Repository/Page_The Story and Evolution of Doodles - G_6e786d/p_The first Doodle was a simple out-of-offi_345e61' is visible

17-06-2024T18:30:31 - [MESSAGE][PASSED] - Object 'Object Repository/Page_The Story and Evolution of Doodles - G_6e786d/p_The first Doodle was a simple out-of-offi_345e61' is visible

17-06-2024T18:30:31 - [TEST_STEP][PASSED] - verifyElementVisible(findTestObject("Object Repository/Page_The Story and Evolution of Doodles - G_6e786d/h2_Weve created more than 5,000 Doodles ove_111429")): Object 'Object Repository/Page_The Story and Evolution of Doodles - G_6e786d/h2_Weve created more than 5,000 Doodles ove_111429' is visible

17-06-2024T18:30:32 - [MESSAGE][PASSED] - Object 'Object Repository/Page_The Story and Evolution of Doodles - G_6e786d/h2_Weve created more than 5,000 Doodles ove_111429' is visible

17-06-2024T18:30:32 - [TEST_STEP][PASSED] - verifyElementVisible(findTestObject("Object Repository/Page_The Story and Evolution of Doodles - G_6e786d/h1_The story behind Doodles")): Object 'Object Repository/Page_The Story and Evolution of Doodles - G_6e786d/h1_The story behind Doodles' is visible

17-06-2024T18:30:32 - [MESSAGE][PASSED] - Object 'Object Repository/Page_The Story and Evolution of Doodles - G_6e786d/h1_The story behind Doodles' is visible

17-06-2024T18:30:32 - [TEST_STEP][PASSED] - verifyElementVisible(findTestObject("Object Repository/Page_The Story and Evolution of Doodles - G_6e786d/p_The first Doodle was a simple out-of-offi_345e61")): Object 'Object Repository/Page_The Story and Evolution of Doodles - G_6e786d/p_The first Doodle was a simple out-of-offi_345e61' is visible

17-06-2024T18:30:32 - [MESSAGE][PASSED] - Object 'Object Repository/Page_The Story and Evolution of Doodles - G_6e786d/p_The first Doodle was a simple out-of-offi_345e61' is visible

17-06-2024T18:30:32 - [TEST_STEP][PASSED] - verifyElementVisible(findTestObject("Object Repository/Page_The Story and Evolution of Doodles - G_6e786d/h2_Weve created more than 5,000 Doodles ove_111429")): Object 'Object Repository/Page_The Story and Evolution of Doodles - G_6e786d/h2_Weve created more than 5,000 Doodles ove_111429' is visible

17-06-2024T18:30:33 - [MESSAGE][PASSED] - Object 'Object Repository/Page_The Story and Evolution of Doodles - G_6e786d/h2_Weve created more than 5,000 Doodles ove_111429' is visible

17-06-2024T18:30:33 - [TEST_STEP][PASSED] - click(findTestObject("Object Repository/Page_The Story and Evolution of Doodles - G_6e786d/p_The first Doodle was a simple out-of-offi_345e61")): Object: 'Object Repository/Page_The Story and Evolution of Doodles - G_6e786d/p_The first Doodle was a simple out-of-offi_345e61' is clicked on

17-06-2024T18:30:33 - [MESSAGE][PASSED] - Object: 'Object Repository/Page_The Story and Evolution of Doodles - G_6e786d/p_The first Doodle was a simple out-of-offi_345e61' is clicked on

17-06-2024T18:30:33 - [TEST_STEP][PASSED] - verifyElementVisible(findTestObject("Object Repository/Page_The Story and Evolution of Doodles - G_6e786d/h1_The story behind Doodles")): Object 'Object Repository/Page_The Story and Evolution of Doodles - G_6e786d/h1_The story behind Doodles' is visible

17-06-2024T18:30:33 - [MESSAGE][PASSED] - Object 'Object Repository/Page_The Story and Evolution of Doodles - G_6e786d/h1_The story behind Doodles' is visible

17-06-2024T18:30:33 - [TEST_STEP][PASSED] - verifyElementVisible(findTestObject("Object Repository/Page_The Story and Evolution of Doodles - G_6e786d/p_The first Doodle was a simple out-of-offi_345e61")): Object 'Object Repository/Page_The Story and Evolution of Doodles - G_6e786d/p_The first Doodle was a simple out-of-offi_345e61' is visible

17-06-2024T18:30:34 - [MESSAGE][PASSED] - Object 'Object Repository/Page_The Story and Evolution of Doodles - G_6e786d/p_The first Doodle was a simple out-of-offi_345e61' is visible

17-06-2024T18:30:34 - [TEST_STEP][PASSED] - verifyElementVisible(findTestObject("Object Repository/Page_The Story and Evolution of Doodles - G_6e786d/h2_Weve created more than 5,000 Doodles ove_111429")): Object 'Object Repository/Page_The Story and Evolution of Doodles - G_6e786d/h2_Weve created more than 5,000 Doodles ove_111429' is visible

17-06-2024T18:30:34 - [MESSAGE][PASSED] - Object 'Object Repository/Page_The Story and Evolution of Doodles - G_6e786d/h2_Weve created more than 5,000 Doodles ove_111429' is visible

17-06-2024T18:30:34 - [TEST_STEP][PASSED] - click(findTestObject("Object Repository/Page_The Story and Evolution of Doodles - G_6e786d/p_The first Doodle was a simple out-of-offi_345e61")): Object: 'Object Repository/Page_The Story and Evolution of Doodles - G_6e786d/p_The first Doodle was a simple out-of-offi_345e61' is clicked on

17-06-2024T18:30:34 - [MESSAGE][PASSED] - Object: 'Object Repository/Page_The Story and Evolution of Doodles - G_6e786d/p_The first Doodle was a simple out-of-offi_345e61' is clicked on

17-06-2024T18:30:34 - [TEST_STEP][PASSED] - verifyElementVisible(findTestObject("Object Repository/Page_The Story and Evolution of Doodles - G_6e786d/h1_The story behind Doodles")): Object 'Object Repository/Page_The Story and Evolution of Doodles - G_6e786d/h1_The story behind Doodles' is visible

17-06-2024T18:30:35 - [MESSAGE][PASSED] - Object 'Object Repository/Page_The Story and Evolution of Doodles - G_6e786d/h1_The story behind Doodles' is visible

17-06-2024T18:30:35 - [TEST_STEP][PASSED] - verifyElementVisible(findTestObject("Object Repository/Page_The Story and Evolution of Doodles - G_6e786d/p_The first Doodle was a simple out-of-offi_345e61")): Object 'Object Repository/Page_The Story and Evolution of Doodles - G_6e786d/p_The first Doodle was a simple out-of-offi_345e61' is visible

17-06-2024T18:30:35 - [MESSAGE][PASSED] - Object 'Object Repository/Page_The Story and Evolution of Doodles - G_6e786d/p_The first Doodle was a simple out-of-offi_345e61' is visible

17-06-2024T18:30:35 - [TEST_STEP][PASSED] - verifyElementVisible(findTestObject("Object Repository/Page_The Story and Evolution of Doodles - G_6e786d/h2_Weve created more than 5,000 Doodles ove_111429")): Object 'Object Repository/Page_The Story and Evolution of Doodles - G_6e786d/h2_Weve created more than 5,000 Doodles ove_111429' is visible

17-06-2024T18:30:35 - [MESSAGE][PASSED] - Object 'Object Repository/Page_The Story and Evolution of Doodles - G_6e786d/h2_Weve created more than 5,000 Doodles ove_111429' is visible

17-06-2024T18:30:35 - [TEST_STEP][PASSED] - click(findTestObject("Object Repository/Page_The Story and Evolution of Doodles - G_6e786d/p_The first Doodle was a simple out-of-offi_345e61")): Object: 'Object Repository/Page_The Story and Evolution of Doodles - G_6e786d/p_The first Doodle was a simple out-of-offi_345e61' is clicked on

17-06-2024T18:30:36 - [MESSAGE][PASSED] - Object: 'Object Repository/Page_The Story and Evolution of Doodles - G_6e786d/p_The first Doodle was a simple out-of-offi_345e61' is clicked on

17-06-2024T18:30:36 - [TEST_STEP][PASSED] - verifyElementVisible(findTestObject("Object Repository/Page_The Story and Evolution of Doodles - G_6e786d/h1_The story behind Doodles")): Object 'Object Repository/Page_The Story and Evolution of Doodles - G_6e786d/h1_The story behind Doodles' is visible

17-06-2024T18:30:36 - [MESSAGE][PASSED] - Object 'Object Repository/Page_The Story and Evolution of Doodles - G_6e786d/h1_The story behind Doodles' is visible

17-06-2024T18:30:36 - [TEST_STEP][PASSED] - verifyElementVisible(findTestObject("Object Repository/Page_The Story and Evolution of Doodles - G_6e786d/p_The first Doodle was a simple out-of-offi_345e61")): Object 'Object Repository/Page_The Story and Evolution of Doodles - G_6e786d/p_The first Doodle was a simple out-of-offi_345e61' is visible

17-06-2024T18:30:36 - [MESSAGE][PASSED] - Object 'Object Repository/Page_The Story and Evolution of Doodles - G_6e786d/p_The first Doodle was a simple out-of-offi_345e61' is visible

17-06-2024T18:30:36 - [TEST_STEP][PASSED] - verifyElementVisible(findTestObject("Object Repository/Page_The Story and Evolution of Doodles - G_6e786d/h2_Weve created more than 5,000 Doodles ove_111429")): Object 'Object Repository/Page_The Story and Evolution of Doodles - G_6e786d/h2_Weve created more than 5,000 Doodles ove_111429' is visible

17-06-2024T18:30:37 - [MESSAGE][PASSED] - Object 'Object Repository/Page_The Story and Evolution of Doodles - G_6e786d/h2_Weve created more than 5,000 Doodles ove_111429' is visible

17-06-2024T18:30:37 - [TEST_STEP][PASSED] - click(findTestObject("Object Repository/Page_The Story and Evolution of Doodles - G_6e786d/p_The first Doodle was a simple out-of-offi_345e61")): Object: 'Object Repository/Page_The Story and Evolution of Doodles - G_6e786d/p_The first Doodle was a simple out-of-offi_345e61' is clicked on

17-06-2024T18:30:37 - [MESSAGE][PASSED] - Object: 'Object Repository/Page_The Story and Evolution of Doodles - G_6e786d/p_The first Doodle was a simple out-of-offi_345e61' is clicked on

17-06-2024T18:30:37 - [TEST_STEP][PASSED] - verifyElementVisible(findTestObject("Object Repository/Page_The Story and Evolution of Doodles - G_6e786d/h1_The story behind Doodles")): Object 'Object Repository/Page_The Story and Evolution of Doodles - G_6e786d/h1_The story behind Doodles' is visible

17-06-2024T18:30:37 - [MESSAGE][PASSED] - Object 'Object Repository/Page_The Story and Evolution of Doodles - G_6e786d/h1_The story behind Doodles' is visible

17-06-2024T18:30:37 - [TEST_STEP][PASSED] - verifyElementVisible(findTestObject("Object Repository/Page_The Story and Evolution of Doodles - G_6e786d/p_The first Doodle was a simple out-of-offi_345e61")): Object 'Object Repository/Page_The Story and Evolution of Doodles - G_6e786d/p_The first Doodle was a simple out-of-offi_345e61' is visible

17-06-2024T18:30:38 - [MESSAGE][PASSED] - Object 'Object Repository/Page_The Story and Evolution of Doodles - G_6e786d/p_The first Doodle was a simple out-of-offi_345e61' is visible

17-06-2024T18:30:38 - [TEST_STEP][PASSED] - verifyElementVisible(findTestObject("Object Repository/Page_The Story and Evolution of Doodles - G_6e786d/h2_Weve created more than 5,000 Doodles ove_111429")): Object 'Object Repository/Page_The Story and Evolution of Doodles - G_6e786d/h2_Weve created more than 5,000 Doodles ove_111429' is visible

17-06-2024T18:30:38 - [MESSAGE][PASSED] - Object 'Object Repository/Page_The Story and Evolution of Doodles - G_6e786d/h2_Weve created more than 5,000 Doodles ove_111429' is visible

17-06-2024T18:30:38 - [TEST_STEP][PASSED] - click(findTestObject("Object Repository/Page_The Story and Evolution of Doodles - G_6e786d/p_The first Doodle was a simple out-of-offi_345e61")): Object: 'Object Repository/Page_The Story and Evolution of Doodles - G_6e786d/p_The first Doodle was a simple out-of-offi_345e61' is clicked on

17-06-2024T18:30:38 - [MESSAGE][PASSED] - Object: 'Object Repository/Page_The Story and Evolution of Doodles - G_6e786d/p_The first Doodle was a simple out-of-offi_345e61' is clicked on

17-06-2024T18:30:38 - [TEST_STEP][PASSED] - verifyElementVisible(findTestObject("Object Repository/Page_The Story and Evolution of Doodles - G_6e786d/h1_The story behind Doodles")): Object 'Object Repository/Page_The Story and Evolution of Doodles - G_6e786d/h1_The story behind Doodles' is visible

17-06-2024T18:30:39 - [MESSAGE][PASSED] - Object 'Object Repository/Page_The Story and Evolution of Doodles - G_6e786d/h1_The story behind Doodles' is visible

17-06-2024T18:30:39 - [TEST_STEP][PASSED] - verifyElementVisible(findTestObject("Object Repository/Page_The Story and Evolution of Doodles - G_6e786d/p_The first Doodle was a simple out-of-offi_345e61")): Object 'Object Repository/Page_The Story and Evolution of Doodles - G_6e786d/p_The first Doodle was a simple out-of-offi_345e61' is visible

17-06-2024T18:30:39 - [MESSAGE][PASSED] - Object 'Object Repository/Page_The Story and Evolution of Doodles - G_6e786d/p_The first Doodle was a simple out-of-offi_345e61' is visible

17-06-2024T18:30:39 - [TEST_STEP][PASSED] - verifyElementVisible(findTestObject("Object Repository/Page_The Story and Evolution of Doodles - G_6e786d/h2_Weve created more than 5,000 Doodles ove_111429")): Object 'Object Repository/Page_The Story and Evolution of Doodles - G_6e786d/h2_Weve created more than 5,000 Doodles ove_111429' is visible

17-06-2024T18:30:39 - [MESSAGE][PASSED] - Object 'Object Repository/Page_The Story and Evolution of Doodles - G_6e786d/h2_Weve created more than 5,000 Doodles ove_111429' is visible

17-06-2024T18:30:39 - [TEST_STEP][PASSED] - click(findTestObject("Object Repository/Page_The Story and Evolution of Doodles - G_6e786d/p_The first Doodle was a simple out-of-offi_345e61")): Object: 'Object Repository/Page_The Story and Evolution of Doodles - G_6e786d/p_The first Doodle was a simple out-of-offi_345e61' is clicked on

17-06-2024T18:30:40 - [MESSAGE][PASSED] - Object: 'Object Repository/Page_The Story and Evolution of Doodles - G_6e786d/p_The first Doodle was a simple out-of-offi_345e61' is clicked on

17-06-2024T18:30:40 - [TEST_STEP][PASSED] - verifyElementVisible(findTestObject("Object Repository/Page_The Story and Evolution of Doodles - G_6e786d/h1_The story behind Doodles")): Object 'Object Repository/Page_The Story and Evolution of Doodles - G_6e786d/h1_The story behind Doodles' is visible

17-06-2024T18:30:40 - [MESSAGE][PASSED] - Object 'Object Repository/Page_The Story and Evolution of Doodles - G_6e786d/h1_The story behind Doodles' is visible

17-06-2024T18:30:40 - [TEST_STEP][PASSED] - verifyElementVisible(findTestObject("Object Repository/Page_The Story and Evolution of Doodles - G_6e786d/p_The first Doodle was a simple out-of-offi_345e61")): Object 'Object Repository/Page_The Story and Evolution of Doodles - G_6e786d/p_The first Doodle was a simple out-of-offi_345e61' is visible

17-06-2024T18:30:40 - [MESSAGE][PASSED] - Object 'Object Repository/Page_The Story and Evolution of Doodles - G_6e786d/p_The first Doodle was a simple out-of-offi_345e61' is visible

17-06-2024T18:30:40 - [TEST_STEP][PASSED] - verifyElementVisible(findTestObject("Object Repository/Page_The Story and Evolution of Doodles - G_6e786d/h2_Weve created more than 5,000 Doodles ove_111429")): Object 'Object Repository/Page_The Story and Evolution of Doodles - G_6e786d/h2_Weve created more than 5,000 Doodles ove_111429' is visible

17-06-2024T18:30:41 - [MESSAGE][PASSED] - Object 'Object Repository/Page_The Story and Evolution of Doodles - G_6e786d/h2_Weve created more than 5,000 Doodles ove_111429' is visible

17-06-2024T18:30:41 - [TEST_STEP][PASSED] - click(findTestObject("Object Repository/Page_The Story and Evolution of Doodles - G_6e786d/p_The first Doodle was a simple out-of-offi_345e61")): Object: 'Object Repository/Page_The Story and Evolution of Doodles - G_6e786d/p_The first Doodle was a simple out-of-offi_345e61' is clicked on

17-06-2024T18:30:41 - [MESSAGE][PASSED] - Object: 'Object Repository/Page_The Story and Evolution of Doodles - G_6e786d/p_The first Doodle was a simple out-of-offi_345e61' is clicked on

17-06-2024T18:30:41 - [TEST_STEP][PASSED] - verifyElementVisible(findTestObject("Object Repository/Page_The Story and Evolution of Doodles - G_6e786d/h1_The story behind Doodles")): Object 'Object Repository/Page_The Story and Evolution of Doodles - G_6e786d/h1_The story behind Doodles' is visible

17-06-2024T18:30:41 - [MESSAGE][PASSED] - Object 'Object Repository/Page_The Story and Evolution of Doodles - G_6e786d/h1_The story behind Doodles' is visible

17-06-2024T18:30:41 - [TEST_STEP][PASSED] - verifyElementVisible(findTestObject("Object Repository/Page_The Story and Evolution of Doodles - G_6e786d/p_The first Doodle was a simple out-of-offi_345e61")): Object 'Object Repository/Page_The Story and Evolution of Doodles - G_6e786d/p_The first Doodle was a simple out-of-offi_345e61' is visible

17-06-2024T18:30:42 - [MESSAGE][PASSED] - Object 'Object Repository/Page_The Story and Evolution of Doodles - G_6e786d/p_The first Doodle was a simple out-of-offi_345e61' is visible

17-06-2024T18:30:42 - [TEST_STEP][PASSED] - verifyElementVisible(findTestObject("Object Repository/Page_The Story and Evolution of Doodles - G_6e786d/h2_Weve created more than 5,000 Doodles ove_111429")): Object 'Object Repository/Page_The Story and Evolution of Doodles - G_6e786d/h2_Weve created more than 5,000 Doodles ove_111429' is visible

17-06-2024T18:30:42 - [MESSAGE][PASSED] - Object 'Object Repository/Page_The Story and Evolution of Doodles - G_6e786d/h2_Weve created more than 5,000 Doodles ove_111429' is visible

17-06-2024T18:30:42 - [TEST_STEP][PASSED] - click(findTestObject("Object Repository/Page_The Story and Evolution of Doodles - G_6e786d/p_The first Doodle was a simple out-of-offi_345e61")): Object: 'Object Repository/Page_The Story and Evolution of Doodles - G_6e786d/p_The first Doodle was a simple out-of-offi_345e61' is clicked on

17-06-2024T18:30:42 - [MESSAGE][PASSED] - Object: 'Object Repository/Page_The Story and Evolution of Doodles - G_6e786d/p_The first Doodle was a simple out-of-offi_345e61' is clicked on

17-06-2024T18:30:42 - [TEST_STEP][PASSED] - verifyElementVisible(findTestObject("Object Repository/Page_The Story and Evolution of Doodles - G_6e786d/h1_The story behind Doodles")): Object 'Object Repository/Page_The Story and Evolution of Doodles - G_6e786d/h1_The story behind Doodles' is visible

17-06-2024T18:30:43 - [MESSAGE][PASSED] - Object 'Object Repository/Page_The Story and Evolution of Doodles - G_6e786d/h1_The story behind Doodles' is visible

17-06-2024T18:30:43 - [TEST_STEP][PASSED] - verifyElementVisible(findTestObject("Object Repository/Page_The Story and Evolution of Doodles - G_6e786d/p_The first Doodle was a simple out-of-offi_345e61")): Object 'Object Repository/Page_The Story and Evolution of Doodles - G_6e786d/p_The first Doodle was a simple out-of-offi_345e61' is visible

17-06-2024T18:30:43 - [MESSAGE][PASSED] - Object 'Object Repository/Page_The Story and Evolution of Doodles - G_6e786d/p_The first Doodle was a simple out-of-offi_345e61' is visible

17-06-2024T18:30:43 - [TEST_STEP][PASSED] - verifyElementVisible(findTestObject("Object Repository/Page_The Story and Evolution of Doodles - G_6e786d/h2_Weve created more than 5,000 Doodles ove_111429")): Object 'Object Repository/Page_The Story and Evolution of Doodles - G_6e786d/h2_Weve created more than 5,000 Doodles ove_111429' is visible

17-06-2024T18:30:43 - [MESSAGE][PASSED] - Object 'Object Repository/Page_The Story and Evolution of Doodles - G_6e786d/h2_Weve created more than 5,000 Doodles ove_111429' is visible

17-06-2024T18:30:43 - [TEST_STEP][PASSED] - click(findTestObject("Object Repository/Page_The Story and Evolution of Doodles - G_6e786d/p_The first Doodle was a simple out-of-offi_345e61")): Object: 'Object Repository/Page_The Story and Evolution of Doodles - G_6e786d/p_The first Doodle was a simple out-of-offi_345e61' is clicked on

17-06-2024T18:30:44 - [MESSAGE][PASSED] - Object: 'Object Repository/Page_The Story and Evolution of Doodles - G_6e786d/p_The first Doodle was a simple out-of-offi_345e61' is clicked on

17-06-2024T18:30:44 - [TEST_STEP][PASSED] - verifyElementVisible(findTestObject("Object Repository/Page_The Story and Evolution of Doodles - G_6e786d/h1_The story behind Doodles")): Object 'Object Repository/Page_The Story and Evolution of Doodles - G_6e786d/h1_The story behind Doodles' is visible

17-06-2024T18:30:44 - [MESSAGE][PASSED] - Object 'Object Repository/Page_The Story and Evolution of Doodles - G_6e786d/h1_The story behind Doodles' is visible

17-06-2024T18:30:44 - [TEST_STEP][PASSED] - verifyElementVisible(findTestObject("Object Repository/Page_The Story and Evolution of Doodles - G_6e786d/p_The first Doodle was a simple out-of-offi_345e61")): Object 'Object Repository/Page_The Story and Evolution of Doodles - G_6e786d/p_The first Doodle was a simple out-of-offi_345e61' is visible

17-06-2024T18:30:44 - [MESSAGE][PASSED] - Object 'Object Repository/Page_The Story and Evolution of Doodles - G_6e786d/p_The first Doodle was a simple out-of-offi_345e61' is visible

17-06-2024T18:30:44 - [TEST_STEP][PASSED] - verifyElementVisible(findTestObject("Object Repository/Page_The Story and Evolution of Doodles - G_6e786d/h2_Weve created more than 5,000 Doodles ove_111429")): Object 'Object Repository/Page_The Story and Evolution of Doodles - G_6e786d/h2_Weve created more than 5,000 Doodles ove_111429' is visible

17-06-2024T18:30:45 - [MESSAGE][PASSED] - Object 'Object Repository/Page_The Story and Evolution of Doodles - G_6e786d/h2_Weve created more than 5,000 Doodles ove_111429' is visible]]></system-out>
         <system-err><![CDATA[]]></system-err>
      </testcase>
      <testcase name="Test Cases/test case folder 1/tc1 - Copy (7) - Copy (2)" time="20.014" classname="Test Cases/test case folder 1/tc1 - Copy (7) - Copy (2)" status="PASSED">
         <system-out><![CDATA[17-06-2024T18:30:45 - [TEST_CASE][PASSED] - Test Cases/test case folder 1/tc1 - Copy (7) - Copy (2): Test Cases/test case folder 1/tc1 - Copy (7) - Copy (2)

17-06-2024T18:30:45 - [TEST_STEP][PASSED] - openBrowser(""): Browser is opened with url: ''

17-06-2024T18:30:45 - [MESSAGE][WARNING] - A browser is already opened. Closing browser and opening a new one

17-06-2024T18:30:45 - [MESSAGE][INFO] - Starting 'Chrome (headless)' driver

17-06-2024T18:30:45 - [MESSAGE][INFO] - Action delay is set to 0 milliseconds

17-06-2024T18:30:46 - [MESSAGE][PASSED] - Browser is opened with url: ''

17-06-2024T18:30:46 - [TEST_STEP][PASSED] - navigateToUrl("https://doodles.google/about/"): Navigate to 'https://doodles.google/about/' successfully

17-06-2024T18:30:50 - [MESSAGE][PASSED] - Navigate to 'https://doodles.google/about/' successfully

17-06-2024T18:30:50 - [TEST_STEP][PASSED] - click(findTestObject("Object Repository/Page_The Story and Evolution of Doodles - G_6e786d/p_The first Doodle was a simple out-of-offi_345e61")): Object: 'Object Repository/Page_The Story and Evolution of Doodles - G_6e786d/p_The first Doodle was a simple out-of-offi_345e61' is clicked on

17-06-2024T18:30:50 - [MESSAGE][PASSED] - Object: 'Object Repository/Page_The Story and Evolution of Doodles - G_6e786d/p_The first Doodle was a simple out-of-offi_345e61' is clicked on

17-06-2024T18:30:50 - [TEST_STEP][PASSED] - click(findTestObject("Object Repository/Page_The Story and Evolution of Doodles - G_6e786d/p_The first Doodle was a simple out-of-offi_345e61")): Object: 'Object Repository/Page_The Story and Evolution of Doodles - G_6e786d/p_The first Doodle was a simple out-of-offi_345e61' is clicked on

17-06-2024T18:30:51 - [MESSAGE][PASSED] - Object: 'Object Repository/Page_The Story and Evolution of Doodles - G_6e786d/p_The first Doodle was a simple out-of-offi_345e61' is clicked on

17-06-2024T18:30:51 - [TEST_STEP][PASSED] - verifyElementVisible(findTestObject("Object Repository/Page_The Story and Evolution of Doodles - G_6e786d/h1_The story behind Doodles")): Object 'Object Repository/Page_The Story and Evolution of Doodles - G_6e786d/h1_The story behind Doodles' is visible

17-06-2024T18:30:51 - [MESSAGE][PASSED] - Object 'Object Repository/Page_The Story and Evolution of Doodles - G_6e786d/h1_The story behind Doodles' is visible

17-06-2024T18:30:51 - [TEST_STEP][PASSED] - verifyElementVisible(findTestObject("Object Repository/Page_The Story and Evolution of Doodles - G_6e786d/p_The first Doodle was a simple out-of-offi_345e61")): Object 'Object Repository/Page_The Story and Evolution of Doodles - G_6e786d/p_The first Doodle was a simple out-of-offi_345e61' is visible

17-06-2024T18:30:51 - [MESSAGE][PASSED] - Object 'Object Repository/Page_The Story and Evolution of Doodles - G_6e786d/p_The first Doodle was a simple out-of-offi_345e61' is visible

17-06-2024T18:30:51 - [TEST_STEP][PASSED] - verifyElementVisible(findTestObject("Object Repository/Page_The Story and Evolution of Doodles - G_6e786d/h2_Weve created more than 5,000 Doodles ove_111429")): Object 'Object Repository/Page_The Story and Evolution of Doodles - G_6e786d/h2_Weve created more than 5,000 Doodles ove_111429' is visible

17-06-2024T18:30:52 - [MESSAGE][PASSED] - Object 'Object Repository/Page_The Story and Evolution of Doodles - G_6e786d/h2_Weve created more than 5,000 Doodles ove_111429' is visible

17-06-2024T18:30:52 - [TEST_STEP][PASSED] - verifyElementVisible(findTestObject("Object Repository/Page_The Story and Evolution of Doodles - G_6e786d/h1_The story behind Doodles")): Object 'Object Repository/Page_The Story and Evolution of Doodles - G_6e786d/h1_The story behind Doodles' is visible

17-06-2024T18:30:52 - [MESSAGE][PASSED] - Object 'Object Repository/Page_The Story and Evolution of Doodles - G_6e786d/h1_The story behind Doodles' is visible

17-06-2024T18:30:52 - [TEST_STEP][PASSED] - verifyElementVisible(findTestObject("Object Repository/Page_The Story and Evolution of Doodles - G_6e786d/p_The first Doodle was a simple out-of-offi_345e61")): Object 'Object Repository/Page_The Story and Evolution of Doodles - G_6e786d/p_The first Doodle was a simple out-of-offi_345e61' is visible

17-06-2024T18:30:52 - [MESSAGE][PASSED] - Object 'Object Repository/Page_The Story and Evolution of Doodles - G_6e786d/p_The first Doodle was a simple out-of-offi_345e61' is visible

17-06-2024T18:30:52 - [TEST_STEP][PASSED] - verifyElementVisible(findTestObject("Object Repository/Page_The Story and Evolution of Doodles - G_6e786d/h2_Weve created more than 5,000 Doodles ove_111429")): Object 'Object Repository/Page_The Story and Evolution of Doodles - G_6e786d/h2_Weve created more than 5,000 Doodles ove_111429' is visible

17-06-2024T18:30:53 - [MESSAGE][PASSED] - Object 'Object Repository/Page_The Story and Evolution of Doodles - G_6e786d/h2_Weve created more than 5,000 Doodles ove_111429' is visible

17-06-2024T18:30:53 - [TEST_STEP][PASSED] - click(findTestObject("Object Repository/Page_The Story and Evolution of Doodles - G_6e786d/p_The first Doodle was a simple out-of-offi_345e61")): Object: 'Object Repository/Page_The Story and Evolution of Doodles - G_6e786d/p_The first Doodle was a simple out-of-offi_345e61' is clicked on

17-06-2024T18:30:53 - [MESSAGE][PASSED] - Object: 'Object Repository/Page_The Story and Evolution of Doodles - G_6e786d/p_The first Doodle was a simple out-of-offi_345e61' is clicked on

17-06-2024T18:30:53 - [TEST_STEP][PASSED] - verifyElementVisible(findTestObject("Object Repository/Page_The Story and Evolution of Doodles - G_6e786d/h1_The story behind Doodles")): Object 'Object Repository/Page_The Story and Evolution of Doodles - G_6e786d/h1_The story behind Doodles' is visible

17-06-2024T18:30:53 - [MESSAGE][PASSED] - Object 'Object Repository/Page_The Story and Evolution of Doodles - G_6e786d/h1_The story behind Doodles' is visible

17-06-2024T18:30:53 - [TEST_STEP][PASSED] - verifyElementVisible(findTestObject("Object Repository/Page_The Story and Evolution of Doodles - G_6e786d/p_The first Doodle was a simple out-of-offi_345e61")): Object 'Object Repository/Page_The Story and Evolution of Doodles - G_6e786d/p_The first Doodle was a simple out-of-offi_345e61' is visible

17-06-2024T18:30:54 - [MESSAGE][PASSED] - Object 'Object Repository/Page_The Story and Evolution of Doodles - G_6e786d/p_The first Doodle was a simple out-of-offi_345e61' is visible

17-06-2024T18:30:54 - [TEST_STEP][PASSED] - verifyElementVisible(findTestObject("Object Repository/Page_The Story and Evolution of Doodles - G_6e786d/h2_Weve created more than 5,000 Doodles ove_111429")): Object 'Object Repository/Page_The Story and Evolution of Doodles - G_6e786d/h2_Weve created more than 5,000 Doodles ove_111429' is visible

17-06-2024T18:30:54 - [MESSAGE][PASSED] - Object 'Object Repository/Page_The Story and Evolution of Doodles - G_6e786d/h2_Weve created more than 5,000 Doodles ove_111429' is visible

17-06-2024T18:30:54 - [TEST_STEP][PASSED] - click(findTestObject("Object Repository/Page_The Story and Evolution of Doodles - G_6e786d/p_The first Doodle was a simple out-of-offi_345e61")): Object: 'Object Repository/Page_The Story and Evolution of Doodles - G_6e786d/p_The first Doodle was a simple out-of-offi_345e61' is clicked on

17-06-2024T18:30:54 - [MESSAGE][PASSED] - Object: 'Object Repository/Page_The Story and Evolution of Doodles - G_6e786d/p_The first Doodle was a simple out-of-offi_345e61' is clicked on

17-06-2024T18:30:54 - [TEST_STEP][PASSED] - verifyElementVisible(findTestObject("Object Repository/Page_The Story and Evolution of Doodles - G_6e786d/h1_The story behind Doodles")): Object 'Object Repository/Page_The Story and Evolution of Doodles - G_6e786d/h1_The story behind Doodles' is visible

17-06-2024T18:30:55 - [MESSAGE][PASSED] - Object 'Object Repository/Page_The Story and Evolution of Doodles - G_6e786d/h1_The story behind Doodles' is visible

17-06-2024T18:30:55 - [TEST_STEP][PASSED] - verifyElementVisible(findTestObject("Object Repository/Page_The Story and Evolution of Doodles - G_6e786d/p_The first Doodle was a simple out-of-offi_345e61")): Object 'Object Repository/Page_The Story and Evolution of Doodles - G_6e786d/p_The first Doodle was a simple out-of-offi_345e61' is visible

17-06-2024T18:30:55 - [MESSAGE][PASSED] - Object 'Object Repository/Page_The Story and Evolution of Doodles - G_6e786d/p_The first Doodle was a simple out-of-offi_345e61' is visible

17-06-2024T18:30:55 - [TEST_STEP][PASSED] - verifyElementVisible(findTestObject("Object Repository/Page_The Story and Evolution of Doodles - G_6e786d/h2_Weve created more than 5,000 Doodles ove_111429")): Object 'Object Repository/Page_The Story and Evolution of Doodles - G_6e786d/h2_Weve created more than 5,000 Doodles ove_111429' is visible

17-06-2024T18:30:55 - [MESSAGE][PASSED] - Object 'Object Repository/Page_The Story and Evolution of Doodles - G_6e786d/h2_Weve created more than 5,000 Doodles ove_111429' is visible

17-06-2024T18:30:55 - [TEST_STEP][PASSED] - click(findTestObject("Object Repository/Page_The Story and Evolution of Doodles - G_6e786d/p_The first Doodle was a simple out-of-offi_345e61")): Object: 'Object Repository/Page_The Story and Evolution of Doodles - G_6e786d/p_The first Doodle was a simple out-of-offi_345e61' is clicked on

17-06-2024T18:30:56 - [MESSAGE][PASSED] - Object: 'Object Repository/Page_The Story and Evolution of Doodles - G_6e786d/p_The first Doodle was a simple out-of-offi_345e61' is clicked on

17-06-2024T18:30:56 - [TEST_STEP][PASSED] - verifyElementVisible(findTestObject("Object Repository/Page_The Story and Evolution of Doodles - G_6e786d/h1_The story behind Doodles")): Object 'Object Repository/Page_The Story and Evolution of Doodles - G_6e786d/h1_The story behind Doodles' is visible

17-06-2024T18:30:56 - [MESSAGE][PASSED] - Object 'Object Repository/Page_The Story and Evolution of Doodles - G_6e786d/h1_The story behind Doodles' is visible

17-06-2024T18:30:56 - [TEST_STEP][PASSED] - verifyElementVisible(findTestObject("Object Repository/Page_The Story and Evolution of Doodles - G_6e786d/p_The first Doodle was a simple out-of-offi_345e61")): Object 'Object Repository/Page_The Story and Evolution of Doodles - G_6e786d/p_The first Doodle was a simple out-of-offi_345e61' is visible

17-06-2024T18:30:56 - [MESSAGE][PASSED] - Object 'Object Repository/Page_The Story and Evolution of Doodles - G_6e786d/p_The first Doodle was a simple out-of-offi_345e61' is visible

17-06-2024T18:30:56 - [TEST_STEP][PASSED] - verifyElementVisible(findTestObject("Object Repository/Page_The Story and Evolution of Doodles - G_6e786d/h2_Weve created more than 5,000 Doodles ove_111429")): Object 'Object Repository/Page_The Story and Evolution of Doodles - G_6e786d/h2_Weve created more than 5,000 Doodles ove_111429' is visible

17-06-2024T18:30:57 - [MESSAGE][PASSED] - Object 'Object Repository/Page_The Story and Evolution of Doodles - G_6e786d/h2_Weve created more than 5,000 Doodles ove_111429' is visible

17-06-2024T18:30:57 - [TEST_STEP][PASSED] - click(findTestObject("Object Repository/Page_The Story and Evolution of Doodles - G_6e786d/p_The first Doodle was a simple out-of-offi_345e61")): Object: 'Object Repository/Page_The Story and Evolution of Doodles - G_6e786d/p_The first Doodle was a simple out-of-offi_345e61' is clicked on

17-06-2024T18:30:57 - [MESSAGE][PASSED] - Object: 'Object Repository/Page_The Story and Evolution of Doodles - G_6e786d/p_The first Doodle was a simple out-of-offi_345e61' is clicked on

17-06-2024T18:30:57 - [TEST_STEP][PASSED] - verifyElementVisible(findTestObject("Object Repository/Page_The Story and Evolution of Doodles - G_6e786d/h1_The story behind Doodles")): Object 'Object Repository/Page_The Story and Evolution of Doodles - G_6e786d/h1_The story behind Doodles' is visible

17-06-2024T18:30:57 - [MESSAGE][PASSED] - Object 'Object Repository/Page_The Story and Evolution of Doodles - G_6e786d/h1_The story behind Doodles' is visible

17-06-2024T18:30:57 - [TEST_STEP][PASSED] - verifyElementVisible(findTestObject("Object Repository/Page_The Story and Evolution of Doodles - G_6e786d/p_The first Doodle was a simple out-of-offi_345e61")): Object 'Object Repository/Page_The Story and Evolution of Doodles - G_6e786d/p_The first Doodle was a simple out-of-offi_345e61' is visible

17-06-2024T18:30:58 - [MESSAGE][PASSED] - Object 'Object Repository/Page_The Story and Evolution of Doodles - G_6e786d/p_The first Doodle was a simple out-of-offi_345e61' is visible

17-06-2024T18:30:58 - [TEST_STEP][PASSED] - verifyElementVisible(findTestObject("Object Repository/Page_The Story and Evolution of Doodles - G_6e786d/h2_Weve created more than 5,000 Doodles ove_111429")): Object 'Object Repository/Page_The Story and Evolution of Doodles - G_6e786d/h2_Weve created more than 5,000 Doodles ove_111429' is visible

17-06-2024T18:30:58 - [MESSAGE][PASSED] - Object 'Object Repository/Page_The Story and Evolution of Doodles - G_6e786d/h2_Weve created more than 5,000 Doodles ove_111429' is visible

17-06-2024T18:30:58 - [TEST_STEP][PASSED] - click(findTestObject("Object Repository/Page_The Story and Evolution of Doodles - G_6e786d/p_The first Doodle was a simple out-of-offi_345e61")): Object: 'Object Repository/Page_The Story and Evolution of Doodles - G_6e786d/p_The first Doodle was a simple out-of-offi_345e61' is clicked on

17-06-2024T18:30:58 - [MESSAGE][PASSED] - Object: 'Object Repository/Page_The Story and Evolution of Doodles - G_6e786d/p_The first Doodle was a simple out-of-offi_345e61' is clicked on

17-06-2024T18:30:58 - [TEST_STEP][PASSED] - verifyElementVisible(findTestObject("Object Repository/Page_The Story and Evolution of Doodles - G_6e786d/h1_The story behind Doodles")): Object 'Object Repository/Page_The Story and Evolution of Doodles - G_6e786d/h1_The story behind Doodles' is visible

17-06-2024T18:30:59 - [MESSAGE][PASSED] - Object 'Object Repository/Page_The Story and Evolution of Doodles - G_6e786d/h1_The story behind Doodles' is visible

17-06-2024T18:30:59 - [TEST_STEP][PASSED] - verifyElementVisible(findTestObject("Object Repository/Page_The Story and Evolution of Doodles - G_6e786d/p_The first Doodle was a simple out-of-offi_345e61")): Object 'Object Repository/Page_The Story and Evolution of Doodles - G_6e786d/p_The first Doodle was a simple out-of-offi_345e61' is visible

17-06-2024T18:30:59 - [MESSAGE][PASSED] - Object 'Object Repository/Page_The Story and Evolution of Doodles - G_6e786d/p_The first Doodle was a simple out-of-offi_345e61' is visible

17-06-2024T18:30:59 - [TEST_STEP][PASSED] - verifyElementVisible(findTestObject("Object Repository/Page_The Story and Evolution of Doodles - G_6e786d/h2_Weve created more than 5,000 Doodles ove_111429")): Object 'Object Repository/Page_The Story and Evolution of Doodles - G_6e786d/h2_Weve created more than 5,000 Doodles ove_111429' is visible

17-06-2024T18:30:59 - [MESSAGE][PASSED] - Object 'Object Repository/Page_The Story and Evolution of Doodles - G_6e786d/h2_Weve created more than 5,000 Doodles ove_111429' is visible

17-06-2024T18:30:59 - [TEST_STEP][PASSED] - click(findTestObject("Object Repository/Page_The Story and Evolution of Doodles - G_6e786d/p_The first Doodle was a simple out-of-offi_345e61")): Object: 'Object Repository/Page_The Story and Evolution of Doodles - G_6e786d/p_The first Doodle was a simple out-of-offi_345e61' is clicked on

17-06-2024T18:31:00 - [MESSAGE][PASSED] - Object: 'Object Repository/Page_The Story and Evolution of Doodles - G_6e786d/p_The first Doodle was a simple out-of-offi_345e61' is clicked on

17-06-2024T18:31:00 - [TEST_STEP][PASSED] - verifyElementVisible(findTestObject("Object Repository/Page_The Story and Evolution of Doodles - G_6e786d/h1_The story behind Doodles")): Object 'Object Repository/Page_The Story and Evolution of Doodles - G_6e786d/h1_The story behind Doodles' is visible

17-06-2024T18:31:00 - [MESSAGE][PASSED] - Object 'Object Repository/Page_The Story and Evolution of Doodles - G_6e786d/h1_The story behind Doodles' is visible

17-06-2024T18:31:00 - [TEST_STEP][PASSED] - verifyElementVisible(findTestObject("Object Repository/Page_The Story and Evolution of Doodles - G_6e786d/p_The first Doodle was a simple out-of-offi_345e61")): Object 'Object Repository/Page_The Story and Evolution of Doodles - G_6e786d/p_The first Doodle was a simple out-of-offi_345e61' is visible

17-06-2024T18:31:00 - [MESSAGE][PASSED] - Object 'Object Repository/Page_The Story and Evolution of Doodles - G_6e786d/p_The first Doodle was a simple out-of-offi_345e61' is visible

17-06-2024T18:31:00 - [TEST_STEP][PASSED] - verifyElementVisible(findTestObject("Object Repository/Page_The Story and Evolution of Doodles - G_6e786d/h2_Weve created more than 5,000 Doodles ove_111429")): Object 'Object Repository/Page_The Story and Evolution of Doodles - G_6e786d/h2_Weve created more than 5,000 Doodles ove_111429' is visible

17-06-2024T18:31:01 - [MESSAGE][PASSED] - Object 'Object Repository/Page_The Story and Evolution of Doodles - G_6e786d/h2_Weve created more than 5,000 Doodles ove_111429' is visible

17-06-2024T18:31:01 - [TEST_STEP][PASSED] - click(findTestObject("Object Repository/Page_The Story and Evolution of Doodles - G_6e786d/p_The first Doodle was a simple out-of-offi_345e61")): Object: 'Object Repository/Page_The Story and Evolution of Doodles - G_6e786d/p_The first Doodle was a simple out-of-offi_345e61' is clicked on

17-06-2024T18:31:01 - [MESSAGE][PASSED] - Object: 'Object Repository/Page_The Story and Evolution of Doodles - G_6e786d/p_The first Doodle was a simple out-of-offi_345e61' is clicked on

17-06-2024T18:31:01 - [TEST_STEP][PASSED] - verifyElementVisible(findTestObject("Object Repository/Page_The Story and Evolution of Doodles - G_6e786d/h1_The story behind Doodles")): Object 'Object Repository/Page_The Story and Evolution of Doodles - G_6e786d/h1_The story behind Doodles' is visible

17-06-2024T18:31:01 - [MESSAGE][PASSED] - Object 'Object Repository/Page_The Story and Evolution of Doodles - G_6e786d/h1_The story behind Doodles' is visible

17-06-2024T18:31:01 - [TEST_STEP][PASSED] - verifyElementVisible(findTestObject("Object Repository/Page_The Story and Evolution of Doodles - G_6e786d/p_The first Doodle was a simple out-of-offi_345e61")): Object 'Object Repository/Page_The Story and Evolution of Doodles - G_6e786d/p_The first Doodle was a simple out-of-offi_345e61' is visible

17-06-2024T18:31:02 - [MESSAGE][PASSED] - Object 'Object Repository/Page_The Story and Evolution of Doodles - G_6e786d/p_The first Doodle was a simple out-of-offi_345e61' is visible

17-06-2024T18:31:02 - [TEST_STEP][PASSED] - verifyElementVisible(findTestObject("Object Repository/Page_The Story and Evolution of Doodles - G_6e786d/h2_Weve created more than 5,000 Doodles ove_111429")): Object 'Object Repository/Page_The Story and Evolution of Doodles - G_6e786d/h2_Weve created more than 5,000 Doodles ove_111429' is visible

17-06-2024T18:31:02 - [MESSAGE][PASSED] - Object 'Object Repository/Page_The Story and Evolution of Doodles - G_6e786d/h2_Weve created more than 5,000 Doodles ove_111429' is visible

17-06-2024T18:31:02 - [TEST_STEP][PASSED] - click(findTestObject("Object Repository/Page_The Story and Evolution of Doodles - G_6e786d/p_The first Doodle was a simple out-of-offi_345e61")): Object: 'Object Repository/Page_The Story and Evolution of Doodles - G_6e786d/p_The first Doodle was a simple out-of-offi_345e61' is clicked on

17-06-2024T18:31:02 - [MESSAGE][PASSED] - Object: 'Object Repository/Page_The Story and Evolution of Doodles - G_6e786d/p_The first Doodle was a simple out-of-offi_345e61' is clicked on

17-06-2024T18:31:02 - [TEST_STEP][PASSED] - verifyElementVisible(findTestObject("Object Repository/Page_The Story and Evolution of Doodles - G_6e786d/h1_The story behind Doodles")): Object 'Object Repository/Page_The Story and Evolution of Doodles - G_6e786d/h1_The story behind Doodles' is visible

17-06-2024T18:31:03 - [MESSAGE][PASSED] - Object 'Object Repository/Page_The Story and Evolution of Doodles - G_6e786d/h1_The story behind Doodles' is visible

17-06-2024T18:31:03 - [TEST_STEP][PASSED] - verifyElementVisible(findTestObject("Object Repository/Page_The Story and Evolution of Doodles - G_6e786d/p_The first Doodle was a simple out-of-offi_345e61")): Object 'Object Repository/Page_The Story and Evolution of Doodles - G_6e786d/p_The first Doodle was a simple out-of-offi_345e61' is visible

17-06-2024T18:31:03 - [MESSAGE][PASSED] - Object 'Object Repository/Page_The Story and Evolution of Doodles - G_6e786d/p_The first Doodle was a simple out-of-offi_345e61' is visible

17-06-2024T18:31:03 - [TEST_STEP][PASSED] - verifyElementVisible(findTestObject("Object Repository/Page_The Story and Evolution of Doodles - G_6e786d/h2_Weve created more than 5,000 Doodles ove_111429")): Object 'Object Repository/Page_The Story and Evolution of Doodles - G_6e786d/h2_Weve created more than 5,000 Doodles ove_111429' is visible

17-06-2024T18:31:03 - [MESSAGE][PASSED] - Object 'Object Repository/Page_The Story and Evolution of Doodles - G_6e786d/h2_Weve created more than 5,000 Doodles ove_111429' is visible

17-06-2024T18:31:03 - [TEST_STEP][PASSED] - click(findTestObject("Object Repository/Page_The Story and Evolution of Doodles - G_6e786d/p_The first Doodle was a simple out-of-offi_345e61")): Object: 'Object Repository/Page_The Story and Evolution of Doodles - G_6e786d/p_The first Doodle was a simple out-of-offi_345e61' is clicked on

17-06-2024T18:31:04 - [MESSAGE][PASSED] - Object: 'Object Repository/Page_The Story and Evolution of Doodles - G_6e786d/p_The first Doodle was a simple out-of-offi_345e61' is clicked on

17-06-2024T18:31:04 - [TEST_STEP][PASSED] - verifyElementVisible(findTestObject("Object Repository/Page_The Story and Evolution of Doodles - G_6e786d/h1_The story behind Doodles")): Object 'Object Repository/Page_The Story and Evolution of Doodles - G_6e786d/h1_The story behind Doodles' is visible

17-06-2024T18:31:04 - [MESSAGE][PASSED] - Object 'Object Repository/Page_The Story and Evolution of Doodles - G_6e786d/h1_The story behind Doodles' is visible

17-06-2024T18:31:04 - [TEST_STEP][PASSED] - verifyElementVisible(findTestObject("Object Repository/Page_The Story and Evolution of Doodles - G_6e786d/p_The first Doodle was a simple out-of-offi_345e61")): Object 'Object Repository/Page_The Story and Evolution of Doodles - G_6e786d/p_The first Doodle was a simple out-of-offi_345e61' is visible

17-06-2024T18:31:04 - [MESSAGE][PASSED] - Object 'Object Repository/Page_The Story and Evolution of Doodles - G_6e786d/p_The first Doodle was a simple out-of-offi_345e61' is visible

17-06-2024T18:31:04 - [TEST_STEP][PASSED] - verifyElementVisible(findTestObject("Object Repository/Page_The Story and Evolution of Doodles - G_6e786d/h2_Weve created more than 5,000 Doodles ove_111429")): Object 'Object Repository/Page_The Story and Evolution of Doodles - G_6e786d/h2_Weve created more than 5,000 Doodles ove_111429' is visible

17-06-2024T18:31:05 - [MESSAGE][PASSED] - Object 'Object Repository/Page_The Story and Evolution of Doodles - G_6e786d/h2_Weve created more than 5,000 Doodles ove_111429' is visible]]></system-out>
         <system-err><![CDATA[]]></system-err>
      </testcase>
      <testcase name="Test Cases/test case folder 1/tc1 - Copy (7) - Copy (4)" time="18.608" classname="Test Cases/test case folder 1/tc1 - Copy (7) - Copy (4)" status="PASSED">
         <system-out><![CDATA[17-06-2024T18:31:05 - [TEST_CASE][PASSED] - Test Cases/test case folder 1/tc1 - Copy (7) - Copy (4): Test Cases/test case folder 1/tc1 - Copy (7) - Copy (4)

17-06-2024T18:31:05 - [TEST_STEP][PASSED] - openBrowser(""): Browser is opened with url: ''

17-06-2024T18:31:05 - [MESSAGE][WARNING] - A browser is already opened. Closing browser and opening a new one

17-06-2024T18:31:05 - [MESSAGE][INFO] - Starting 'Chrome (headless)' driver

17-06-2024T18:31:05 - [MESSAGE][INFO] - Action delay is set to 0 milliseconds

17-06-2024T18:31:06 - [MESSAGE][PASSED] - Browser is opened with url: ''

17-06-2024T18:31:06 - [TEST_STEP][PASSED] - navigateToUrl("https://doodles.google/about/"): Navigate to 'https://doodles.google/about/' successfully

17-06-2024T18:31:08 - [MESSAGE][PASSED] - Navigate to 'https://doodles.google/about/' successfully

17-06-2024T18:31:08 - [TEST_STEP][PASSED] - click(findTestObject("Object Repository/Page_The Story and Evolution of Doodles - G_6e786d/p_The first Doodle was a simple out-of-offi_345e61")): Object: 'Object Repository/Page_The Story and Evolution of Doodles - G_6e786d/p_The first Doodle was a simple out-of-offi_345e61' is clicked on

17-06-2024T18:31:09 - [MESSAGE][PASSED] - Object: 'Object Repository/Page_The Story and Evolution of Doodles - G_6e786d/p_The first Doodle was a simple out-of-offi_345e61' is clicked on

17-06-2024T18:31:09 - [TEST_STEP][PASSED] - click(findTestObject("Object Repository/Page_The Story and Evolution of Doodles - G_6e786d/p_The first Doodle was a simple out-of-offi_345e61")): Object: 'Object Repository/Page_The Story and Evolution of Doodles - G_6e786d/p_The first Doodle was a simple out-of-offi_345e61' is clicked on

17-06-2024T18:31:09 - [MESSAGE][PASSED] - Object: 'Object Repository/Page_The Story and Evolution of Doodles - G_6e786d/p_The first Doodle was a simple out-of-offi_345e61' is clicked on

17-06-2024T18:31:09 - [TEST_STEP][PASSED] - verifyElementVisible(findTestObject("Object Repository/Page_The Story and Evolution of Doodles - G_6e786d/h1_The story behind Doodles")): Object 'Object Repository/Page_The Story and Evolution of Doodles - G_6e786d/h1_The story behind Doodles' is visible

17-06-2024T18:31:09 - [MESSAGE][PASSED] - Object 'Object Repository/Page_The Story and Evolution of Doodles - G_6e786d/h1_The story behind Doodles' is visible

17-06-2024T18:31:09 - [TEST_STEP][PASSED] - verifyElementVisible(findTestObject("Object Repository/Page_The Story and Evolution of Doodles - G_6e786d/p_The first Doodle was a simple out-of-offi_345e61")): Object 'Object Repository/Page_The Story and Evolution of Doodles - G_6e786d/p_The first Doodle was a simple out-of-offi_345e61' is visible

17-06-2024T18:31:10 - [MESSAGE][PASSED] - Object 'Object Repository/Page_The Story and Evolution of Doodles - G_6e786d/p_The first Doodle was a simple out-of-offi_345e61' is visible

17-06-2024T18:31:10 - [TEST_STEP][PASSED] - verifyElementVisible(findTestObject("Object Repository/Page_The Story and Evolution of Doodles - G_6e786d/h2_Weve created more than 5,000 Doodles ove_111429")): Object 'Object Repository/Page_The Story and Evolution of Doodles - G_6e786d/h2_Weve created more than 5,000 Doodles ove_111429' is visible

17-06-2024T18:31:10 - [MESSAGE][PASSED] - Object 'Object Repository/Page_The Story and Evolution of Doodles - G_6e786d/h2_Weve created more than 5,000 Doodles ove_111429' is visible

17-06-2024T18:31:10 - [TEST_STEP][PASSED] - verifyElementVisible(findTestObject("Object Repository/Page_The Story and Evolution of Doodles - G_6e786d/h1_The story behind Doodles")): Object 'Object Repository/Page_The Story and Evolution of Doodles - G_6e786d/h1_The story behind Doodles' is visible

17-06-2024T18:31:10 - [MESSAGE][PASSED] - Object 'Object Repository/Page_The Story and Evolution of Doodles - G_6e786d/h1_The story behind Doodles' is visible

17-06-2024T18:31:10 - [TEST_STEP][PASSED] - verifyElementVisible(findTestObject("Object Repository/Page_The Story and Evolution of Doodles - G_6e786d/p_The first Doodle was a simple out-of-offi_345e61")): Object 'Object Repository/Page_The Story and Evolution of Doodles - G_6e786d/p_The first Doodle was a simple out-of-offi_345e61' is visible

17-06-2024T18:31:10 - [MESSAGE][PASSED] - Object 'Object Repository/Page_The Story and Evolution of Doodles - G_6e786d/p_The first Doodle was a simple out-of-offi_345e61' is visible

17-06-2024T18:31:10 - [TEST_STEP][PASSED] - verifyElementVisible(findTestObject("Object Repository/Page_The Story and Evolution of Doodles - G_6e786d/h2_Weve created more than 5,000 Doodles ove_111429")): Object 'Object Repository/Page_The Story and Evolution of Doodles - G_6e786d/h2_Weve created more than 5,000 Doodles ove_111429' is visible

17-06-2024T18:31:11 - [MESSAGE][PASSED] - Object 'Object Repository/Page_The Story and Evolution of Doodles - G_6e786d/h2_Weve created more than 5,000 Doodles ove_111429' is visible

17-06-2024T18:31:11 - [TEST_STEP][PASSED] - click(findTestObject("Object Repository/Page_The Story and Evolution of Doodles - G_6e786d/p_The first Doodle was a simple out-of-offi_345e61")): Object: 'Object Repository/Page_The Story and Evolution of Doodles - G_6e786d/p_The first Doodle was a simple out-of-offi_345e61' is clicked on

17-06-2024T18:31:11 - [MESSAGE][PASSED] - Object: 'Object Repository/Page_The Story and Evolution of Doodles - G_6e786d/p_The first Doodle was a simple out-of-offi_345e61' is clicked on

17-06-2024T18:31:11 - [TEST_STEP][PASSED] - verifyElementVisible(findTestObject("Object Repository/Page_The Story and Evolution of Doodles - G_6e786d/h1_The story behind Doodles")): Object 'Object Repository/Page_The Story and Evolution of Doodles - G_6e786d/h1_The story behind Doodles' is visible

17-06-2024T18:31:12 - [MESSAGE][PASSED] - Object 'Object Repository/Page_The Story and Evolution of Doodles - G_6e786d/h1_The story behind Doodles' is visible

17-06-2024T18:31:12 - [TEST_STEP][PASSED] - verifyElementVisible(findTestObject("Object Repository/Page_The Story and Evolution of Doodles - G_6e786d/p_The first Doodle was a simple out-of-offi_345e61")): Object 'Object Repository/Page_The Story and Evolution of Doodles - G_6e786d/p_The first Doodle was a simple out-of-offi_345e61' is visible

17-06-2024T18:31:12 - [MESSAGE][PASSED] - Object 'Object Repository/Page_The Story and Evolution of Doodles - G_6e786d/p_The first Doodle was a simple out-of-offi_345e61' is visible

17-06-2024T18:31:12 - [TEST_STEP][PASSED] - verifyElementVisible(findTestObject("Object Repository/Page_The Story and Evolution of Doodles - G_6e786d/h2_Weve created more than 5,000 Doodles ove_111429")): Object 'Object Repository/Page_The Story and Evolution of Doodles - G_6e786d/h2_Weve created more than 5,000 Doodles ove_111429' is visible

17-06-2024T18:31:12 - [MESSAGE][PASSED] - Object 'Object Repository/Page_The Story and Evolution of Doodles - G_6e786d/h2_Weve created more than 5,000 Doodles ove_111429' is visible

17-06-2024T18:31:12 - [TEST_STEP][PASSED] - click(findTestObject("Object Repository/Page_The Story and Evolution of Doodles - G_6e786d/p_The first Doodle was a simple out-of-offi_345e61")): Object: 'Object Repository/Page_The Story and Evolution of Doodles - G_6e786d/p_The first Doodle was a simple out-of-offi_345e61' is clicked on

17-06-2024T18:31:13 - [MESSAGE][PASSED] - Object: 'Object Repository/Page_The Story and Evolution of Doodles - G_6e786d/p_The first Doodle was a simple out-of-offi_345e61' is clicked on

17-06-2024T18:31:13 - [TEST_STEP][PASSED] - verifyElementVisible(findTestObject("Object Repository/Page_The Story and Evolution of Doodles - G_6e786d/h1_The story behind Doodles")): Object 'Object Repository/Page_The Story and Evolution of Doodles - G_6e786d/h1_The story behind Doodles' is visible

17-06-2024T18:31:13 - [MESSAGE][PASSED] - Object 'Object Repository/Page_The Story and Evolution of Doodles - G_6e786d/h1_The story behind Doodles' is visible

17-06-2024T18:31:13 - [TEST_STEP][PASSED] - verifyElementVisible(findTestObject("Object Repository/Page_The Story and Evolution of Doodles - G_6e786d/p_The first Doodle was a simple out-of-offi_345e61")): Object 'Object Repository/Page_The Story and Evolution of Doodles - G_6e786d/p_The first Doodle was a simple out-of-offi_345e61' is visible

17-06-2024T18:31:13 - [MESSAGE][PASSED] - Object 'Object Repository/Page_The Story and Evolution of Doodles - G_6e786d/p_The first Doodle was a simple out-of-offi_345e61' is visible

17-06-2024T18:31:13 - [TEST_STEP][PASSED] - verifyElementVisible(findTestObject("Object Repository/Page_The Story and Evolution of Doodles - G_6e786d/h2_Weve created more than 5,000 Doodles ove_111429")): Object 'Object Repository/Page_The Story and Evolution of Doodles - G_6e786d/h2_Weve created more than 5,000 Doodles ove_111429' is visible

17-06-2024T18:31:14 - [MESSAGE][PASSED] - Object 'Object Repository/Page_The Story and Evolution of Doodles - G_6e786d/h2_Weve created more than 5,000 Doodles ove_111429' is visible

17-06-2024T18:31:14 - [TEST_STEP][PASSED] - click(findTestObject("Object Repository/Page_The Story and Evolution of Doodles - G_6e786d/p_The first Doodle was a simple out-of-offi_345e61")): Object: 'Object Repository/Page_The Story and Evolution of Doodles - G_6e786d/p_The first Doodle was a simple out-of-offi_345e61' is clicked on

17-06-2024T18:31:14 - [MESSAGE][PASSED] - Object: 'Object Repository/Page_The Story and Evolution of Doodles - G_6e786d/p_The first Doodle was a simple out-of-offi_345e61' is clicked on

17-06-2024T18:31:14 - [TEST_STEP][PASSED] - verifyElementVisible(findTestObject("Object Repository/Page_The Story and Evolution of Doodles - G_6e786d/h1_The story behind Doodles")): Object 'Object Repository/Page_The Story and Evolution of Doodles - G_6e786d/h1_The story behind Doodles' is visible

17-06-2024T18:31:14 - [MESSAGE][PASSED] - Object 'Object Repository/Page_The Story and Evolution of Doodles - G_6e786d/h1_The story behind Doodles' is visible

17-06-2024T18:31:14 - [TEST_STEP][PASSED] - verifyElementVisible(findTestObject("Object Repository/Page_The Story and Evolution of Doodles - G_6e786d/p_The first Doodle was a simple out-of-offi_345e61")): Object 'Object Repository/Page_The Story and Evolution of Doodles - G_6e786d/p_The first Doodle was a simple out-of-offi_345e61' is visible

17-06-2024T18:31:15 - [MESSAGE][PASSED] - Object 'Object Repository/Page_The Story and Evolution of Doodles - G_6e786d/p_The first Doodle was a simple out-of-offi_345e61' is visible

17-06-2024T18:31:15 - [TEST_STEP][PASSED] - verifyElementVisible(findTestObject("Object Repository/Page_The Story and Evolution of Doodles - G_6e786d/h2_Weve created more than 5,000 Doodles ove_111429")): Object 'Object Repository/Page_The Story and Evolution of Doodles - G_6e786d/h2_Weve created more than 5,000 Doodles ove_111429' is visible

17-06-2024T18:31:15 - [MESSAGE][PASSED] - Object 'Object Repository/Page_The Story and Evolution of Doodles - G_6e786d/h2_Weve created more than 5,000 Doodles ove_111429' is visible

17-06-2024T18:31:15 - [TEST_STEP][PASSED] - click(findTestObject("Object Repository/Page_The Story and Evolution of Doodles - G_6e786d/p_The first Doodle was a simple out-of-offi_345e61")): Object: 'Object Repository/Page_The Story and Evolution of Doodles - G_6e786d/p_The first Doodle was a simple out-of-offi_345e61' is clicked on

17-06-2024T18:31:15 - [MESSAGE][PASSED] - Object: 'Object Repository/Page_The Story and Evolution of Doodles - G_6e786d/p_The first Doodle was a simple out-of-offi_345e61' is clicked on

17-06-2024T18:31:15 - [TEST_STEP][PASSED] - verifyElementVisible(findTestObject("Object Repository/Page_The Story and Evolution of Doodles - G_6e786d/h1_The story behind Doodles")): Object 'Object Repository/Page_The Story and Evolution of Doodles - G_6e786d/h1_The story behind Doodles' is visible

17-06-2024T18:31:16 - [MESSAGE][PASSED] - Object 'Object Repository/Page_The Story and Evolution of Doodles - G_6e786d/h1_The story behind Doodles' is visible

17-06-2024T18:31:16 - [TEST_STEP][PASSED] - verifyElementVisible(findTestObject("Object Repository/Page_The Story and Evolution of Doodles - G_6e786d/p_The first Doodle was a simple out-of-offi_345e61")): Object 'Object Repository/Page_The Story and Evolution of Doodles - G_6e786d/p_The first Doodle was a simple out-of-offi_345e61' is visible

17-06-2024T18:31:16 - [MESSAGE][PASSED] - Object 'Object Repository/Page_The Story and Evolution of Doodles - G_6e786d/p_The first Doodle was a simple out-of-offi_345e61' is visible

17-06-2024T18:31:16 - [TEST_STEP][PASSED] - verifyElementVisible(findTestObject("Object Repository/Page_The Story and Evolution of Doodles - G_6e786d/h2_Weve created more than 5,000 Doodles ove_111429")): Object 'Object Repository/Page_The Story and Evolution of Doodles - G_6e786d/h2_Weve created more than 5,000 Doodles ove_111429' is visible

17-06-2024T18:31:16 - [MESSAGE][PASSED] - Object 'Object Repository/Page_The Story and Evolution of Doodles - G_6e786d/h2_Weve created more than 5,000 Doodles ove_111429' is visible

17-06-2024T18:31:16 - [TEST_STEP][PASSED] - click(findTestObject("Object Repository/Page_The Story and Evolution of Doodles - G_6e786d/p_The first Doodle was a simple out-of-offi_345e61")): Object: 'Object Repository/Page_The Story and Evolution of Doodles - G_6e786d/p_The first Doodle was a simple out-of-offi_345e61' is clicked on

17-06-2024T18:31:17 - [MESSAGE][PASSED] - Object: 'Object Repository/Page_The Story and Evolution of Doodles - G_6e786d/p_The first Doodle was a simple out-of-offi_345e61' is clicked on

17-06-2024T18:31:17 - [TEST_STEP][PASSED] - verifyElementVisible(findTestObject("Object Repository/Page_The Story and Evolution of Doodles - G_6e786d/h1_The story behind Doodles")): Object 'Object Repository/Page_The Story and Evolution of Doodles - G_6e786d/h1_The story behind Doodles' is visible

17-06-2024T18:31:17 - [MESSAGE][PASSED] - Object 'Object Repository/Page_The Story and Evolution of Doodles - G_6e786d/h1_The story behind Doodles' is visible

17-06-2024T18:31:17 - [TEST_STEP][PASSED] - verifyElementVisible(findTestObject("Object Repository/Page_The Story and Evolution of Doodles - G_6e786d/p_The first Doodle was a simple out-of-offi_345e61")): Object 'Object Repository/Page_The Story and Evolution of Doodles - G_6e786d/p_The first Doodle was a simple out-of-offi_345e61' is visible

17-06-2024T18:31:17 - [MESSAGE][PASSED] - Object 'Object Repository/Page_The Story and Evolution of Doodles - G_6e786d/p_The first Doodle was a simple out-of-offi_345e61' is visible

17-06-2024T18:31:17 - [TEST_STEP][PASSED] - verifyElementVisible(findTestObject("Object Repository/Page_The Story and Evolution of Doodles - G_6e786d/h2_Weve created more than 5,000 Doodles ove_111429")): Object 'Object Repository/Page_The Story and Evolution of Doodles - G_6e786d/h2_Weve created more than 5,000 Doodles ove_111429' is visible

17-06-2024T18:31:18 - [MESSAGE][PASSED] - Object 'Object Repository/Page_The Story and Evolution of Doodles - G_6e786d/h2_Weve created more than 5,000 Doodles ove_111429' is visible

17-06-2024T18:31:18 - [TEST_STEP][PASSED] - click(findTestObject("Object Repository/Page_The Story and Evolution of Doodles - G_6e786d/p_The first Doodle was a simple out-of-offi_345e61")): Object: 'Object Repository/Page_The Story and Evolution of Doodles - G_6e786d/p_The first Doodle was a simple out-of-offi_345e61' is clicked on

17-06-2024T18:31:18 - [MESSAGE][PASSED] - Object: 'Object Repository/Page_The Story and Evolution of Doodles - G_6e786d/p_The first Doodle was a simple out-of-offi_345e61' is clicked on

17-06-2024T18:31:18 - [TEST_STEP][PASSED] - verifyElementVisible(findTestObject("Object Repository/Page_The Story and Evolution of Doodles - G_6e786d/h1_The story behind Doodles")): Object 'Object Repository/Page_The Story and Evolution of Doodles - G_6e786d/h1_The story behind Doodles' is visible

17-06-2024T18:31:18 - [MESSAGE][PASSED] - Object 'Object Repository/Page_The Story and Evolution of Doodles - G_6e786d/h1_The story behind Doodles' is visible

17-06-2024T18:31:18 - [TEST_STEP][PASSED] - verifyElementVisible(findTestObject("Object Repository/Page_The Story and Evolution of Doodles - G_6e786d/p_The first Doodle was a simple out-of-offi_345e61")): Object 'Object Repository/Page_The Story and Evolution of Doodles - G_6e786d/p_The first Doodle was a simple out-of-offi_345e61' is visible

17-06-2024T18:31:19 - [MESSAGE][PASSED] - Object 'Object Repository/Page_The Story and Evolution of Doodles - G_6e786d/p_The first Doodle was a simple out-of-offi_345e61' is visible

17-06-2024T18:31:19 - [TEST_STEP][PASSED] - verifyElementVisible(findTestObject("Object Repository/Page_The Story and Evolution of Doodles - G_6e786d/h2_Weve created more than 5,000 Doodles ove_111429")): Object 'Object Repository/Page_The Story and Evolution of Doodles - G_6e786d/h2_Weve created more than 5,000 Doodles ove_111429' is visible

17-06-2024T18:31:19 - [MESSAGE][PASSED] - Object 'Object Repository/Page_The Story and Evolution of Doodles - G_6e786d/h2_Weve created more than 5,000 Doodles ove_111429' is visible

17-06-2024T18:31:19 - [TEST_STEP][PASSED] - click(findTestObject("Object Repository/Page_The Story and Evolution of Doodles - G_6e786d/p_The first Doodle was a simple out-of-offi_345e61")): Object: 'Object Repository/Page_The Story and Evolution of Doodles - G_6e786d/p_The first Doodle was a simple out-of-offi_345e61' is clicked on

17-06-2024T18:31:19 - [MESSAGE][PASSED] - Object: 'Object Repository/Page_The Story and Evolution of Doodles - G_6e786d/p_The first Doodle was a simple out-of-offi_345e61' is clicked on

17-06-2024T18:31:19 - [TEST_STEP][PASSED] - verifyElementVisible(findTestObject("Object Repository/Page_The Story and Evolution of Doodles - G_6e786d/h1_The story behind Doodles")): Object 'Object Repository/Page_The Story and Evolution of Doodles - G_6e786d/h1_The story behind Doodles' is visible

17-06-2024T18:31:20 - [MESSAGE][PASSED] - Object 'Object Repository/Page_The Story and Evolution of Doodles - G_6e786d/h1_The story behind Doodles' is visible

17-06-2024T18:31:20 - [TEST_STEP][PASSED] - verifyElementVisible(findTestObject("Object Repository/Page_The Story and Evolution of Doodles - G_6e786d/p_The first Doodle was a simple out-of-offi_345e61")): Object 'Object Repository/Page_The Story and Evolution of Doodles - G_6e786d/p_The first Doodle was a simple out-of-offi_345e61' is visible

17-06-2024T18:31:20 - [MESSAGE][PASSED] - Object 'Object Repository/Page_The Story and Evolution of Doodles - G_6e786d/p_The first Doodle was a simple out-of-offi_345e61' is visible

17-06-2024T18:31:20 - [TEST_STEP][PASSED] - verifyElementVisible(findTestObject("Object Repository/Page_The Story and Evolution of Doodles - G_6e786d/h2_Weve created more than 5,000 Doodles ove_111429")): Object 'Object Repository/Page_The Story and Evolution of Doodles - G_6e786d/h2_Weve created more than 5,000 Doodles ove_111429' is visible

17-06-2024T18:31:20 - [MESSAGE][PASSED] - Object 'Object Repository/Page_The Story and Evolution of Doodles - G_6e786d/h2_Weve created more than 5,000 Doodles ove_111429' is visible

17-06-2024T18:31:20 - [TEST_STEP][PASSED] - click(findTestObject("Object Repository/Page_The Story and Evolution of Doodles - G_6e786d/p_The first Doodle was a simple out-of-offi_345e61")): Object: 'Object Repository/Page_The Story and Evolution of Doodles - G_6e786d/p_The first Doodle was a simple out-of-offi_345e61' is clicked on

17-06-2024T18:31:21 - [MESSAGE][PASSED] - Object: 'Object Repository/Page_The Story and Evolution of Doodles - G_6e786d/p_The first Doodle was a simple out-of-offi_345e61' is clicked on

17-06-2024T18:31:21 - [TEST_STEP][PASSED] - verifyElementVisible(findTestObject("Object Repository/Page_The Story and Evolution of Doodles - G_6e786d/h1_The story behind Doodles")): Object 'Object Repository/Page_The Story and Evolution of Doodles - G_6e786d/h1_The story behind Doodles' is visible

17-06-2024T18:31:21 - [MESSAGE][PASSED] - Object 'Object Repository/Page_The Story and Evolution of Doodles - G_6e786d/h1_The story behind Doodles' is visible

17-06-2024T18:31:21 - [TEST_STEP][PASSED] - verifyElementVisible(findTestObject("Object Repository/Page_The Story and Evolution of Doodles - G_6e786d/p_The first Doodle was a simple out-of-offi_345e61")): Object 'Object Repository/Page_The Story and Evolution of Doodles - G_6e786d/p_The first Doodle was a simple out-of-offi_345e61' is visible

17-06-2024T18:31:22 - [MESSAGE][PASSED] - Object 'Object Repository/Page_The Story and Evolution of Doodles - G_6e786d/p_The first Doodle was a simple out-of-offi_345e61' is visible

17-06-2024T18:31:22 - [TEST_STEP][PASSED] - verifyElementVisible(findTestObject("Object Repository/Page_The Story and Evolution of Doodles - G_6e786d/h2_Weve created more than 5,000 Doodles ove_111429")): Object 'Object Repository/Page_The Story and Evolution of Doodles - G_6e786d/h2_Weve created more than 5,000 Doodles ove_111429' is visible

17-06-2024T18:31:22 - [MESSAGE][PASSED] - Object 'Object Repository/Page_The Story and Evolution of Doodles - G_6e786d/h2_Weve created more than 5,000 Doodles ove_111429' is visible

17-06-2024T18:31:22 - [TEST_STEP][PASSED] - click(findTestObject("Object Repository/Page_The Story and Evolution of Doodles - G_6e786d/p_The first Doodle was a simple out-of-offi_345e61")): Object: 'Object Repository/Page_The Story and Evolution of Doodles - G_6e786d/p_The first Doodle was a simple out-of-offi_345e61' is clicked on

17-06-2024T18:31:22 - [MESSAGE][PASSED] - Object: 'Object Repository/Page_The Story and Evolution of Doodles - G_6e786d/p_The first Doodle was a simple out-of-offi_345e61' is clicked on

17-06-2024T18:31:22 - [TEST_STEP][PASSED] - verifyElementVisible(findTestObject("Object Repository/Page_The Story and Evolution of Doodles - G_6e786d/h1_The story behind Doodles")): Object 'Object Repository/Page_The Story and Evolution of Doodles - G_6e786d/h1_The story behind Doodles' is visible

17-06-2024T18:31:23 - [MESSAGE][PASSED] - Object 'Object Repository/Page_The Story and Evolution of Doodles - G_6e786d/h1_The story behind Doodles' is visible

17-06-2024T18:31:23 - [TEST_STEP][PASSED] - verifyElementVisible(findTestObject("Object Repository/Page_The Story and Evolution of Doodles - G_6e786d/p_The first Doodle was a simple out-of-offi_345e61")): Object 'Object Repository/Page_The Story and Evolution of Doodles - G_6e786d/p_The first Doodle was a simple out-of-offi_345e61' is visible

17-06-2024T18:31:23 - [MESSAGE][PASSED] - Object 'Object Repository/Page_The Story and Evolution of Doodles - G_6e786d/p_The first Doodle was a simple out-of-offi_345e61' is visible

17-06-2024T18:31:23 - [TEST_STEP][PASSED] - verifyElementVisible(findTestObject("Object Repository/Page_The Story and Evolution of Doodles - G_6e786d/h2_Weve created more than 5,000 Doodles ove_111429")): Object 'Object Repository/Page_The Story and Evolution of Doodles - G_6e786d/h2_Weve created more than 5,000 Doodles ove_111429' is visible

17-06-2024T18:31:23 - [MESSAGE][PASSED] - Object 'Object Repository/Page_The Story and Evolution of Doodles - G_6e786d/h2_Weve created more than 5,000 Doodles ove_111429' is visible]]></system-out>
         <system-err><![CDATA[]]></system-err>
      </testcase>
      <testcase name="Test Cases/test case folder 1/tc1 - Copy (7) - Copy (3)" time="18.406" classname="Test Cases/test case folder 1/tc1 - Copy (7) - Copy (3)" status="PASSED">
         <system-out><![CDATA[17-06-2024T18:31:23 - [TEST_CASE][PASSED] - Test Cases/test case folder 1/tc1 - Copy (7) - Copy (3): Test Cases/test case folder 1/tc1 - Copy (7) - Copy (3)

17-06-2024T18:31:23 - [TEST_STEP][PASSED] - openBrowser(""): Browser is opened with url: ''

17-06-2024T18:31:23 - [MESSAGE][WARNING] - A browser is already opened. Closing browser and opening a new one

17-06-2024T18:31:24 - [MESSAGE][INFO] - Starting 'Chrome (headless)' driver

17-06-2024T18:31:24 - [MESSAGE][INFO] - Action delay is set to 0 milliseconds

17-06-2024T18:31:25 - [MESSAGE][PASSED] - Browser is opened with url: ''

17-06-2024T18:31:25 - [TEST_STEP][PASSED] - navigateToUrl("https://doodles.google/about/"): Navigate to 'https://doodles.google/about/' successfully

17-06-2024T18:31:27 - [MESSAGE][PASSED] - Navigate to 'https://doodles.google/about/' successfully

17-06-2024T18:31:27 - [TEST_STEP][PASSED] - click(findTestObject("Object Repository/Page_The Story and Evolution of Doodles - G_6e786d/p_The first Doodle was a simple out-of-offi_345e61")): Object: 'Object Repository/Page_The Story and Evolution of Doodles - G_6e786d/p_The first Doodle was a simple out-of-offi_345e61' is clicked on

17-06-2024T18:31:28 - [MESSAGE][PASSED] - Object: 'Object Repository/Page_The Story and Evolution of Doodles - G_6e786d/p_The first Doodle was a simple out-of-offi_345e61' is clicked on

17-06-2024T18:31:28 - [TEST_STEP][PASSED] - click(findTestObject("Object Repository/Page_The Story and Evolution of Doodles - G_6e786d/p_The first Doodle was a simple out-of-offi_345e61")): Object: 'Object Repository/Page_The Story and Evolution of Doodles - G_6e786d/p_The first Doodle was a simple out-of-offi_345e61' is clicked on

17-06-2024T18:31:28 - [MESSAGE][PASSED] - Object: 'Object Repository/Page_The Story and Evolution of Doodles - G_6e786d/p_The first Doodle was a simple out-of-offi_345e61' is clicked on

17-06-2024T18:31:28 - [TEST_STEP][PASSED] - verifyElementVisible(findTestObject("Object Repository/Page_The Story and Evolution of Doodles - G_6e786d/h1_The story behind Doodles")): Object 'Object Repository/Page_The Story and Evolution of Doodles - G_6e786d/h1_The story behind Doodles' is visible

17-06-2024T18:31:28 - [MESSAGE][PASSED] - Object 'Object Repository/Page_The Story and Evolution of Doodles - G_6e786d/h1_The story behind Doodles' is visible

17-06-2024T18:31:28 - [TEST_STEP][PASSED] - verifyElementVisible(findTestObject("Object Repository/Page_The Story and Evolution of Doodles - G_6e786d/p_The first Doodle was a simple out-of-offi_345e61")): Object 'Object Repository/Page_The Story and Evolution of Doodles - G_6e786d/p_The first Doodle was a simple out-of-offi_345e61' is visible

17-06-2024T18:31:29 - [MESSAGE][PASSED] - Object 'Object Repository/Page_The Story and Evolution of Doodles - G_6e786d/p_The first Doodle was a simple out-of-offi_345e61' is visible

17-06-2024T18:31:29 - [TEST_STEP][PASSED] - verifyElementVisible(findTestObject("Object Repository/Page_The Story and Evolution of Doodles - G_6e786d/h2_Weve created more than 5,000 Doodles ove_111429")): Object 'Object Repository/Page_The Story and Evolution of Doodles - G_6e786d/h2_Weve created more than 5,000 Doodles ove_111429' is visible

17-06-2024T18:31:29 - [MESSAGE][PASSED] - Object 'Object Repository/Page_The Story and Evolution of Doodles - G_6e786d/h2_Weve created more than 5,000 Doodles ove_111429' is visible

17-06-2024T18:31:29 - [TEST_STEP][PASSED] - verifyElementVisible(findTestObject("Object Repository/Page_The Story and Evolution of Doodles - G_6e786d/h1_The story behind Doodles")): Object 'Object Repository/Page_The Story and Evolution of Doodles - G_6e786d/h1_The story behind Doodles' is visible

17-06-2024T18:31:29 - [MESSAGE][PASSED] - Object 'Object Repository/Page_The Story and Evolution of Doodles - G_6e786d/h1_The story behind Doodles' is visible

17-06-2024T18:31:29 - [TEST_STEP][PASSED] - verifyElementVisible(findTestObject("Object Repository/Page_The Story and Evolution of Doodles - G_6e786d/p_The first Doodle was a simple out-of-offi_345e61")): Object 'Object Repository/Page_The Story and Evolution of Doodles - G_6e786d/p_The first Doodle was a simple out-of-offi_345e61' is visible

17-06-2024T18:31:30 - [MESSAGE][PASSED] - Object 'Object Repository/Page_The Story and Evolution of Doodles - G_6e786d/p_The first Doodle was a simple out-of-offi_345e61' is visible

17-06-2024T18:31:30 - [TEST_STEP][PASSED] - verifyElementVisible(findTestObject("Object Repository/Page_The Story and Evolution of Doodles - G_6e786d/h2_Weve created more than 5,000 Doodles ove_111429")): Object 'Object Repository/Page_The Story and Evolution of Doodles - G_6e786d/h2_Weve created more than 5,000 Doodles ove_111429' is visible

17-06-2024T18:31:30 - [MESSAGE][PASSED] - Object 'Object Repository/Page_The Story and Evolution of Doodles - G_6e786d/h2_Weve created more than 5,000 Doodles ove_111429' is visible

17-06-2024T18:31:30 - [TEST_STEP][PASSED] - click(findTestObject("Object Repository/Page_The Story and Evolution of Doodles - G_6e786d/p_The first Doodle was a simple out-of-offi_345e61")): Object: 'Object Repository/Page_The Story and Evolution of Doodles - G_6e786d/p_The first Doodle was a simple out-of-offi_345e61' is clicked on

17-06-2024T18:31:30 - [MESSAGE][PASSED] - Object: 'Object Repository/Page_The Story and Evolution of Doodles - G_6e786d/p_The first Doodle was a simple out-of-offi_345e61' is clicked on

17-06-2024T18:31:30 - [TEST_STEP][PASSED] - verifyElementVisible(findTestObject("Object Repository/Page_The Story and Evolution of Doodles - G_6e786d/h1_The story behind Doodles")): Object 'Object Repository/Page_The Story and Evolution of Doodles - G_6e786d/h1_The story behind Doodles' is visible

17-06-2024T18:31:31 - [MESSAGE][PASSED] - Object 'Object Repository/Page_The Story and Evolution of Doodles - G_6e786d/h1_The story behind Doodles' is visible

17-06-2024T18:31:31 - [TEST_STEP][PASSED] - verifyElementVisible(findTestObject("Object Repository/Page_The Story and Evolution of Doodles - G_6e786d/p_The first Doodle was a simple out-of-offi_345e61")): Object 'Object Repository/Page_The Story and Evolution of Doodles - G_6e786d/p_The first Doodle was a simple out-of-offi_345e61' is visible

17-06-2024T18:31:31 - [MESSAGE][PASSED] - Object 'Object Repository/Page_The Story and Evolution of Doodles - G_6e786d/p_The first Doodle was a simple out-of-offi_345e61' is visible

17-06-2024T18:31:31 - [TEST_STEP][PASSED] - verifyElementVisible(findTestObject("Object Repository/Page_The Story and Evolution of Doodles - G_6e786d/h2_Weve created more than 5,000 Doodles ove_111429")): Object 'Object Repository/Page_The Story and Evolution of Doodles - G_6e786d/h2_Weve created more than 5,000 Doodles ove_111429' is visible

17-06-2024T18:31:31 - [MESSAGE][PASSED] - Object 'Object Repository/Page_The Story and Evolution of Doodles - G_6e786d/h2_Weve created more than 5,000 Doodles ove_111429' is visible

17-06-2024T18:31:31 - [TEST_STEP][PASSED] - click(findTestObject("Object Repository/Page_The Story and Evolution of Doodles - G_6e786d/p_The first Doodle was a simple out-of-offi_345e61")): Object: 'Object Repository/Page_The Story and Evolution of Doodles - G_6e786d/p_The first Doodle was a simple out-of-offi_345e61' is clicked on

17-06-2024T18:31:32 - [MESSAGE][PASSED] - Object: 'Object Repository/Page_The Story and Evolution of Doodles - G_6e786d/p_The first Doodle was a simple out-of-offi_345e61' is clicked on

17-06-2024T18:31:32 - [TEST_STEP][PASSED] - verifyElementVisible(findTestObject("Object Repository/Page_The Story and Evolution of Doodles - G_6e786d/h1_The story behind Doodles")): Object 'Object Repository/Page_The Story and Evolution of Doodles - G_6e786d/h1_The story behind Doodles' is visible

17-06-2024T18:31:32 - [MESSAGE][PASSED] - Object 'Object Repository/Page_The Story and Evolution of Doodles - G_6e786d/h1_The story behind Doodles' is visible

17-06-2024T18:31:32 - [TEST_STEP][PASSED] - verifyElementVisible(findTestObject("Object Repository/Page_The Story and Evolution of Doodles - G_6e786d/p_The first Doodle was a simple out-of-offi_345e61")): Object 'Object Repository/Page_The Story and Evolution of Doodles - G_6e786d/p_The first Doodle was a simple out-of-offi_345e61' is visible

17-06-2024T18:31:32 - [MESSAGE][PASSED] - Object 'Object Repository/Page_The Story and Evolution of Doodles - G_6e786d/p_The first Doodle was a simple out-of-offi_345e61' is visible

17-06-2024T18:31:32 - [TEST_STEP][PASSED] - verifyElementVisible(findTestObject("Object Repository/Page_The Story and Evolution of Doodles - G_6e786d/h2_Weve created more than 5,000 Doodles ove_111429")): Object 'Object Repository/Page_The Story and Evolution of Doodles - G_6e786d/h2_Weve created more than 5,000 Doodles ove_111429' is visible

17-06-2024T18:31:33 - [MESSAGE][PASSED] - Object 'Object Repository/Page_The Story and Evolution of Doodles - G_6e786d/h2_Weve created more than 5,000 Doodles ove_111429' is visible

17-06-2024T18:31:33 - [TEST_STEP][PASSED] - click(findTestObject("Object Repository/Page_The Story and Evolution of Doodles - G_6e786d/p_The first Doodle was a simple out-of-offi_345e61")): Object: 'Object Repository/Page_The Story and Evolution of Doodles - G_6e786d/p_The first Doodle was a simple out-of-offi_345e61' is clicked on

17-06-2024T18:31:33 - [MESSAGE][PASSED] - Object: 'Object Repository/Page_The Story and Evolution of Doodles - G_6e786d/p_The first Doodle was a simple out-of-offi_345e61' is clicked on

17-06-2024T18:31:33 - [TEST_STEP][PASSED] - verifyElementVisible(findTestObject("Object Repository/Page_The Story and Evolution of Doodles - G_6e786d/h1_The story behind Doodles")): Object 'Object Repository/Page_The Story and Evolution of Doodles - G_6e786d/h1_The story behind Doodles' is visible

17-06-2024T18:31:33 - [MESSAGE][PASSED] - Object 'Object Repository/Page_The Story and Evolution of Doodles - G_6e786d/h1_The story behind Doodles' is visible

17-06-2024T18:31:33 - [TEST_STEP][PASSED] - verifyElementVisible(findTestObject("Object Repository/Page_The Story and Evolution of Doodles - G_6e786d/p_The first Doodle was a simple out-of-offi_345e61")): Object 'Object Repository/Page_The Story and Evolution of Doodles - G_6e786d/p_The first Doodle was a simple out-of-offi_345e61' is visible

17-06-2024T18:31:34 - [MESSAGE][PASSED] - Object 'Object Repository/Page_The Story and Evolution of Doodles - G_6e786d/p_The first Doodle was a simple out-of-offi_345e61' is visible

17-06-2024T18:31:34 - [TEST_STEP][PASSED] - verifyElementVisible(findTestObject("Object Repository/Page_The Story and Evolution of Doodles - G_6e786d/h2_Weve created more than 5,000 Doodles ove_111429")): Object 'Object Repository/Page_The Story and Evolution of Doodles - G_6e786d/h2_Weve created more than 5,000 Doodles ove_111429' is visible

17-06-2024T18:31:34 - [MESSAGE][PASSED] - Object 'Object Repository/Page_The Story and Evolution of Doodles - G_6e786d/h2_Weve created more than 5,000 Doodles ove_111429' is visible

17-06-2024T18:31:34 - [TEST_STEP][PASSED] - click(findTestObject("Object Repository/Page_The Story and Evolution of Doodles - G_6e786d/p_The first Doodle was a simple out-of-offi_345e61")): Object: 'Object Repository/Page_The Story and Evolution of Doodles - G_6e786d/p_The first Doodle was a simple out-of-offi_345e61' is clicked on

17-06-2024T18:31:34 - [MESSAGE][PASSED] - Object: 'Object Repository/Page_The Story and Evolution of Doodles - G_6e786d/p_The first Doodle was a simple out-of-offi_345e61' is clicked on

17-06-2024T18:31:34 - [TEST_STEP][PASSED] - verifyElementVisible(findTestObject("Object Repository/Page_The Story and Evolution of Doodles - G_6e786d/h1_The story behind Doodles")): Object 'Object Repository/Page_The Story and Evolution of Doodles - G_6e786d/h1_The story behind Doodles' is visible

17-06-2024T18:31:35 - [MESSAGE][PASSED] - Object 'Object Repository/Page_The Story and Evolution of Doodles - G_6e786d/h1_The story behind Doodles' is visible

17-06-2024T18:31:35 - [TEST_STEP][PASSED] - verifyElementVisible(findTestObject("Object Repository/Page_The Story and Evolution of Doodles - G_6e786d/p_The first Doodle was a simple out-of-offi_345e61")): Object 'Object Repository/Page_The Story and Evolution of Doodles - G_6e786d/p_The first Doodle was a simple out-of-offi_345e61' is visible

17-06-2024T18:31:35 - [MESSAGE][PASSED] - Object 'Object Repository/Page_The Story and Evolution of Doodles - G_6e786d/p_The first Doodle was a simple out-of-offi_345e61' is visible

17-06-2024T18:31:35 - [TEST_STEP][PASSED] - verifyElementVisible(findTestObject("Object Repository/Page_The Story and Evolution of Doodles - G_6e786d/h2_Weve created more than 5,000 Doodles ove_111429")): Object 'Object Repository/Page_The Story and Evolution of Doodles - G_6e786d/h2_Weve created more than 5,000 Doodles ove_111429' is visible

17-06-2024T18:31:35 - [MESSAGE][PASSED] - Object 'Object Repository/Page_The Story and Evolution of Doodles - G_6e786d/h2_Weve created more than 5,000 Doodles ove_111429' is visible

17-06-2024T18:31:35 - [TEST_STEP][PASSED] - click(findTestObject("Object Repository/Page_The Story and Evolution of Doodles - G_6e786d/p_The first Doodle was a simple out-of-offi_345e61")): Object: 'Object Repository/Page_The Story and Evolution of Doodles - G_6e786d/p_The first Doodle was a simple out-of-offi_345e61' is clicked on

17-06-2024T18:31:36 - [MESSAGE][PASSED] - Object: 'Object Repository/Page_The Story and Evolution of Doodles - G_6e786d/p_The first Doodle was a simple out-of-offi_345e61' is clicked on

17-06-2024T18:31:36 - [TEST_STEP][PASSED] - verifyElementVisible(findTestObject("Object Repository/Page_The Story and Evolution of Doodles - G_6e786d/h1_The story behind Doodles")): Object 'Object Repository/Page_The Story and Evolution of Doodles - G_6e786d/h1_The story behind Doodles' is visible

17-06-2024T18:31:36 - [MESSAGE][PASSED] - Object 'Object Repository/Page_The Story and Evolution of Doodles - G_6e786d/h1_The story behind Doodles' is visible

17-06-2024T18:31:36 - [TEST_STEP][PASSED] - verifyElementVisible(findTestObject("Object Repository/Page_The Story and Evolution of Doodles - G_6e786d/p_The first Doodle was a simple out-of-offi_345e61")): Object 'Object Repository/Page_The Story and Evolution of Doodles - G_6e786d/p_The first Doodle was a simple out-of-offi_345e61' is visible

17-06-2024T18:31:36 - [MESSAGE][PASSED] - Object 'Object Repository/Page_The Story and Evolution of Doodles - G_6e786d/p_The first Doodle was a simple out-of-offi_345e61' is visible

17-06-2024T18:31:36 - [TEST_STEP][PASSED] - verifyElementVisible(findTestObject("Object Repository/Page_The Story and Evolution of Doodles - G_6e786d/h2_Weve created more than 5,000 Doodles ove_111429")): Object 'Object Repository/Page_The Story and Evolution of Doodles - G_6e786d/h2_Weve created more than 5,000 Doodles ove_111429' is visible

17-06-2024T18:31:37 - [MESSAGE][PASSED] - Object 'Object Repository/Page_The Story and Evolution of Doodles - G_6e786d/h2_Weve created more than 5,000 Doodles ove_111429' is visible

17-06-2024T18:31:37 - [TEST_STEP][PASSED] - click(findTestObject("Object Repository/Page_The Story and Evolution of Doodles - G_6e786d/p_The first Doodle was a simple out-of-offi_345e61")): Object: 'Object Repository/Page_The Story and Evolution of Doodles - G_6e786d/p_The first Doodle was a simple out-of-offi_345e61' is clicked on

17-06-2024T18:31:37 - [MESSAGE][PASSED] - Object: 'Object Repository/Page_The Story and Evolution of Doodles - G_6e786d/p_The first Doodle was a simple out-of-offi_345e61' is clicked on

17-06-2024T18:31:37 - [TEST_STEP][PASSED] - verifyElementVisible(findTestObject("Object Repository/Page_The Story and Evolution of Doodles - G_6e786d/h1_The story behind Doodles")): Object 'Object Repository/Page_The Story and Evolution of Doodles - G_6e786d/h1_The story behind Doodles' is visible

17-06-2024T18:31:37 - [MESSAGE][PASSED] - Object 'Object Repository/Page_The Story and Evolution of Doodles - G_6e786d/h1_The story behind Doodles' is visible

17-06-2024T18:31:37 - [TEST_STEP][PASSED] - verifyElementVisible(findTestObject("Object Repository/Page_The Story and Evolution of Doodles - G_6e786d/p_The first Doodle was a simple out-of-offi_345e61")): Object 'Object Repository/Page_The Story and Evolution of Doodles - G_6e786d/p_The first Doodle was a simple out-of-offi_345e61' is visible

17-06-2024T18:31:38 - [MESSAGE][PASSED] - Object 'Object Repository/Page_The Story and Evolution of Doodles - G_6e786d/p_The first Doodle was a simple out-of-offi_345e61' is visible

17-06-2024T18:31:38 - [TEST_STEP][PASSED] - verifyElementVisible(findTestObject("Object Repository/Page_The Story and Evolution of Doodles - G_6e786d/h2_Weve created more than 5,000 Doodles ove_111429")): Object 'Object Repository/Page_The Story and Evolution of Doodles - G_6e786d/h2_Weve created more than 5,000 Doodles ove_111429' is visible

17-06-2024T18:31:38 - [MESSAGE][PASSED] - Object 'Object Repository/Page_The Story and Evolution of Doodles - G_6e786d/h2_Weve created more than 5,000 Doodles ove_111429' is visible

17-06-2024T18:31:38 - [TEST_STEP][PASSED] - click(findTestObject("Object Repository/Page_The Story and Evolution of Doodles - G_6e786d/p_The first Doodle was a simple out-of-offi_345e61")): Object: 'Object Repository/Page_The Story and Evolution of Doodles - G_6e786d/p_The first Doodle was a simple out-of-offi_345e61' is clicked on

17-06-2024T18:31:38 - [MESSAGE][PASSED] - Object: 'Object Repository/Page_The Story and Evolution of Doodles - G_6e786d/p_The first Doodle was a simple out-of-offi_345e61' is clicked on

17-06-2024T18:31:38 - [TEST_STEP][PASSED] - verifyElementVisible(findTestObject("Object Repository/Page_The Story and Evolution of Doodles - G_6e786d/h1_The story behind Doodles")): Object 'Object Repository/Page_The Story and Evolution of Doodles - G_6e786d/h1_The story behind Doodles' is visible

17-06-2024T18:31:38 - [MESSAGE][PASSED] - Object 'Object Repository/Page_The Story and Evolution of Doodles - G_6e786d/h1_The story behind Doodles' is visible

17-06-2024T18:31:38 - [TEST_STEP][PASSED] - verifyElementVisible(findTestObject("Object Repository/Page_The Story and Evolution of Doodles - G_6e786d/p_The first Doodle was a simple out-of-offi_345e61")): Object 'Object Repository/Page_The Story and Evolution of Doodles - G_6e786d/p_The first Doodle was a simple out-of-offi_345e61' is visible

17-06-2024T18:31:39 - [MESSAGE][PASSED] - Object 'Object Repository/Page_The Story and Evolution of Doodles - G_6e786d/p_The first Doodle was a simple out-of-offi_345e61' is visible

17-06-2024T18:31:39 - [TEST_STEP][PASSED] - verifyElementVisible(findTestObject("Object Repository/Page_The Story and Evolution of Doodles - G_6e786d/h2_Weve created more than 5,000 Doodles ove_111429")): Object 'Object Repository/Page_The Story and Evolution of Doodles - G_6e786d/h2_Weve created more than 5,000 Doodles ove_111429' is visible

17-06-2024T18:31:39 - [MESSAGE][PASSED] - Object 'Object Repository/Page_The Story and Evolution of Doodles - G_6e786d/h2_Weve created more than 5,000 Doodles ove_111429' is visible

17-06-2024T18:31:39 - [TEST_STEP][PASSED] - click(findTestObject("Object Repository/Page_The Story and Evolution of Doodles - G_6e786d/p_The first Doodle was a simple out-of-offi_345e61")): Object: 'Object Repository/Page_The Story and Evolution of Doodles - G_6e786d/p_The first Doodle was a simple out-of-offi_345e61' is clicked on

17-06-2024T18:31:39 - [MESSAGE][PASSED] - Object: 'Object Repository/Page_The Story and Evolution of Doodles - G_6e786d/p_The first Doodle was a simple out-of-offi_345e61' is clicked on

17-06-2024T18:31:39 - [TEST_STEP][PASSED] - verifyElementVisible(findTestObject("Object Repository/Page_The Story and Evolution of Doodles - G_6e786d/h1_The story behind Doodles")): Object 'Object Repository/Page_The Story and Evolution of Doodles - G_6e786d/h1_The story behind Doodles' is visible

17-06-2024T18:31:40 - [MESSAGE][PASSED] - Object 'Object Repository/Page_The Story and Evolution of Doodles - G_6e786d/h1_The story behind Doodles' is visible

17-06-2024T18:31:40 - [TEST_STEP][PASSED] - verifyElementVisible(findTestObject("Object Repository/Page_The Story and Evolution of Doodles - G_6e786d/p_The first Doodle was a simple out-of-offi_345e61")): Object 'Object Repository/Page_The Story and Evolution of Doodles - G_6e786d/p_The first Doodle was a simple out-of-offi_345e61' is visible

17-06-2024T18:31:40 - [MESSAGE][PASSED] - Object 'Object Repository/Page_The Story and Evolution of Doodles - G_6e786d/p_The first Doodle was a simple out-of-offi_345e61' is visible

17-06-2024T18:31:40 - [TEST_STEP][PASSED] - verifyElementVisible(findTestObject("Object Repository/Page_The Story and Evolution of Doodles - G_6e786d/h2_Weve created more than 5,000 Doodles ove_111429")): Object 'Object Repository/Page_The Story and Evolution of Doodles - G_6e786d/h2_Weve created more than 5,000 Doodles ove_111429' is visible

17-06-2024T18:31:40 - [MESSAGE][PASSED] - Object 'Object Repository/Page_The Story and Evolution of Doodles - G_6e786d/h2_Weve created more than 5,000 Doodles ove_111429' is visible

17-06-2024T18:31:40 - [TEST_STEP][PASSED] - click(findTestObject("Object Repository/Page_The Story and Evolution of Doodles - G_6e786d/p_The first Doodle was a simple out-of-offi_345e61")): Object: 'Object Repository/Page_The Story and Evolution of Doodles - G_6e786d/p_The first Doodle was a simple out-of-offi_345e61' is clicked on

17-06-2024T18:31:41 - [MESSAGE][PASSED] - Object: 'Object Repository/Page_The Story and Evolution of Doodles - G_6e786d/p_The first Doodle was a simple out-of-offi_345e61' is clicked on

17-06-2024T18:31:41 - [TEST_STEP][PASSED] - verifyElementVisible(findTestObject("Object Repository/Page_The Story and Evolution of Doodles - G_6e786d/h1_The story behind Doodles")): Object 'Object Repository/Page_The Story and Evolution of Doodles - G_6e786d/h1_The story behind Doodles' is visible

17-06-2024T18:31:41 - [MESSAGE][PASSED] - Object 'Object Repository/Page_The Story and Evolution of Doodles - G_6e786d/h1_The story behind Doodles' is visible

17-06-2024T18:31:41 - [TEST_STEP][PASSED] - verifyElementVisible(findTestObject("Object Repository/Page_The Story and Evolution of Doodles - G_6e786d/p_The first Doodle was a simple out-of-offi_345e61")): Object 'Object Repository/Page_The Story and Evolution of Doodles - G_6e786d/p_The first Doodle was a simple out-of-offi_345e61' is visible

17-06-2024T18:31:41 - [MESSAGE][PASSED] - Object 'Object Repository/Page_The Story and Evolution of Doodles - G_6e786d/p_The first Doodle was a simple out-of-offi_345e61' is visible

17-06-2024T18:31:41 - [TEST_STEP][PASSED] - verifyElementVisible(findTestObject("Object Repository/Page_The Story and Evolution of Doodles - G_6e786d/h2_Weve created more than 5,000 Doodles ove_111429")): Object 'Object Repository/Page_The Story and Evolution of Doodles - G_6e786d/h2_Weve created more than 5,000 Doodles ove_111429' is visible

17-06-2024T18:31:42 - [MESSAGE][PASSED] - Object 'Object Repository/Page_The Story and Evolution of Doodles - G_6e786d/h2_Weve created more than 5,000 Doodles ove_111429' is visible]]></system-out>
         <system-err><![CDATA[]]></system-err>
      </testcase>
      <testcase name="Test Cases/test case folder 1/tc1 - Copy (7) - Copy (6)" time="19.16" classname="Test Cases/test case folder 1/tc1 - Copy (7) - Copy (6)" status="PASSED">
         <system-out><![CDATA[17-06-2024T18:31:42 - [TEST_CASE][PASSED] - Test Cases/test case folder 1/tc1 - Copy (7) - Copy (6): Test Cases/test case folder 1/tc1 - Copy (7) - Copy (6)

17-06-2024T18:31:42 - [TEST_STEP][PASSED] - openBrowser(""): Browser is opened with url: ''

17-06-2024T18:31:42 - [MESSAGE][WARNING] - A browser is already opened. Closing browser and opening a new one

17-06-2024T18:31:42 - [MESSAGE][INFO] - Starting 'Chrome (headless)' driver

17-06-2024T18:31:42 - [MESSAGE][INFO] - Action delay is set to 0 milliseconds

17-06-2024T18:31:43 - [MESSAGE][PASSED] - Browser is opened with url: ''

17-06-2024T18:31:43 - [TEST_STEP][PASSED] - navigateToUrl("https://doodles.google/about/"): Navigate to 'https://doodles.google/about/' successfully

17-06-2024T18:31:44 - [MESSAGE][PASSED] - Navigate to 'https://doodles.google/about/' successfully

17-06-2024T18:31:44 - [TEST_STEP][PASSED] - click(findTestObject("Object Repository/Page_The Story and Evolution of Doodles - G_6e786d/p_The first Doodle was a simple out-of-offi_345e61")): Object: 'Object Repository/Page_The Story and Evolution of Doodles - G_6e786d/p_The first Doodle was a simple out-of-offi_345e61' is clicked on

17-06-2024T18:31:46 - [MESSAGE][PASSED] - Object: 'Object Repository/Page_The Story and Evolution of Doodles - G_6e786d/p_The first Doodle was a simple out-of-offi_345e61' is clicked on

17-06-2024T18:31:46 - [TEST_STEP][PASSED] - click(findTestObject("Object Repository/Page_The Story and Evolution of Doodles - G_6e786d/p_The first Doodle was a simple out-of-offi_345e61")): Object: 'Object Repository/Page_The Story and Evolution of Doodles - G_6e786d/p_The first Doodle was a simple out-of-offi_345e61' is clicked on

17-06-2024T18:31:47 - [MESSAGE][PASSED] - Object: 'Object Repository/Page_The Story and Evolution of Doodles - G_6e786d/p_The first Doodle was a simple out-of-offi_345e61' is clicked on

17-06-2024T18:31:47 - [TEST_STEP][PASSED] - verifyElementVisible(findTestObject("Object Repository/Page_The Story and Evolution of Doodles - G_6e786d/h1_The story behind Doodles")): Object 'Object Repository/Page_The Story and Evolution of Doodles - G_6e786d/h1_The story behind Doodles' is visible

17-06-2024T18:31:47 - [MESSAGE][PASSED] - Object 'Object Repository/Page_The Story and Evolution of Doodles - G_6e786d/h1_The story behind Doodles' is visible

17-06-2024T18:31:47 - [TEST_STEP][PASSED] - verifyElementVisible(findTestObject("Object Repository/Page_The Story and Evolution of Doodles - G_6e786d/p_The first Doodle was a simple out-of-offi_345e61")): Object 'Object Repository/Page_The Story and Evolution of Doodles - G_6e786d/p_The first Doodle was a simple out-of-offi_345e61' is visible

17-06-2024T18:31:47 - [MESSAGE][PASSED] - Object 'Object Repository/Page_The Story and Evolution of Doodles - G_6e786d/p_The first Doodle was a simple out-of-offi_345e61' is visible

17-06-2024T18:31:47 - [TEST_STEP][PASSED] - verifyElementVisible(findTestObject("Object Repository/Page_The Story and Evolution of Doodles - G_6e786d/h2_Weve created more than 5,000 Doodles ove_111429")): Object 'Object Repository/Page_The Story and Evolution of Doodles - G_6e786d/h2_Weve created more than 5,000 Doodles ove_111429' is visible

17-06-2024T18:31:48 - [MESSAGE][PASSED] - Object 'Object Repository/Page_The Story and Evolution of Doodles - G_6e786d/h2_Weve created more than 5,000 Doodles ove_111429' is visible

17-06-2024T18:31:48 - [TEST_STEP][PASSED] - verifyElementVisible(findTestObject("Object Repository/Page_The Story and Evolution of Doodles - G_6e786d/h1_The story behind Doodles")): Object 'Object Repository/Page_The Story and Evolution of Doodles - G_6e786d/h1_The story behind Doodles' is visible

17-06-2024T18:31:48 - [MESSAGE][PASSED] - Object 'Object Repository/Page_The Story and Evolution of Doodles - G_6e786d/h1_The story behind Doodles' is visible

17-06-2024T18:31:48 - [TEST_STEP][PASSED] - verifyElementVisible(findTestObject("Object Repository/Page_The Story and Evolution of Doodles - G_6e786d/p_The first Doodle was a simple out-of-offi_345e61")): Object 'Object Repository/Page_The Story and Evolution of Doodles - G_6e786d/p_The first Doodle was a simple out-of-offi_345e61' is visible

17-06-2024T18:31:48 - [MESSAGE][PASSED] - Object 'Object Repository/Page_The Story and Evolution of Doodles - G_6e786d/p_The first Doodle was a simple out-of-offi_345e61' is visible

17-06-2024T18:31:48 - [TEST_STEP][PASSED] - verifyElementVisible(findTestObject("Object Repository/Page_The Story and Evolution of Doodles - G_6e786d/h2_Weve created more than 5,000 Doodles ove_111429")): Object 'Object Repository/Page_The Story and Evolution of Doodles - G_6e786d/h2_Weve created more than 5,000 Doodles ove_111429' is visible

17-06-2024T18:31:49 - [MESSAGE][PASSED] - Object 'Object Repository/Page_The Story and Evolution of Doodles - G_6e786d/h2_Weve created more than 5,000 Doodles ove_111429' is visible

17-06-2024T18:31:49 - [TEST_STEP][PASSED] - click(findTestObject("Object Repository/Page_The Story and Evolution of Doodles - G_6e786d/p_The first Doodle was a simple out-of-offi_345e61")): Object: 'Object Repository/Page_The Story and Evolution of Doodles - G_6e786d/p_The first Doodle was a simple out-of-offi_345e61' is clicked on

17-06-2024T18:31:49 - [MESSAGE][PASSED] - Object: 'Object Repository/Page_The Story and Evolution of Doodles - G_6e786d/p_The first Doodle was a simple out-of-offi_345e61' is clicked on

17-06-2024T18:31:49 - [TEST_STEP][PASSED] - verifyElementVisible(findTestObject("Object Repository/Page_The Story and Evolution of Doodles - G_6e786d/h1_The story behind Doodles")): Object 'Object Repository/Page_The Story and Evolution of Doodles - G_6e786d/h1_The story behind Doodles' is visible

17-06-2024T18:31:49 - [MESSAGE][PASSED] - Object 'Object Repository/Page_The Story and Evolution of Doodles - G_6e786d/h1_The story behind Doodles' is visible

17-06-2024T18:31:49 - [TEST_STEP][PASSED] - verifyElementVisible(findTestObject("Object Repository/Page_The Story and Evolution of Doodles - G_6e786d/p_The first Doodle was a simple out-of-offi_345e61")): Object 'Object Repository/Page_The Story and Evolution of Doodles - G_6e786d/p_The first Doodle was a simple out-of-offi_345e61' is visible

17-06-2024T18:31:50 - [MESSAGE][PASSED] - Object 'Object Repository/Page_The Story and Evolution of Doodles - G_6e786d/p_The first Doodle was a simple out-of-offi_345e61' is visible

17-06-2024T18:31:50 - [TEST_STEP][PASSED] - verifyElementVisible(findTestObject("Object Repository/Page_The Story and Evolution of Doodles - G_6e786d/h2_Weve created more than 5,000 Doodles ove_111429")): Object 'Object Repository/Page_The Story and Evolution of Doodles - G_6e786d/h2_Weve created more than 5,000 Doodles ove_111429' is visible

17-06-2024T18:31:50 - [MESSAGE][PASSED] - Object 'Object Repository/Page_The Story and Evolution of Doodles - G_6e786d/h2_Weve created more than 5,000 Doodles ove_111429' is visible

17-06-2024T18:31:50 - [TEST_STEP][PASSED] - click(findTestObject("Object Repository/Page_The Story and Evolution of Doodles - G_6e786d/p_The first Doodle was a simple out-of-offi_345e61")): Object: 'Object Repository/Page_The Story and Evolution of Doodles - G_6e786d/p_The first Doodle was a simple out-of-offi_345e61' is clicked on

17-06-2024T18:31:51 - [MESSAGE][PASSED] - Object: 'Object Repository/Page_The Story and Evolution of Doodles - G_6e786d/p_The first Doodle was a simple out-of-offi_345e61' is clicked on

17-06-2024T18:31:51 - [TEST_STEP][PASSED] - verifyElementVisible(findTestObject("Object Repository/Page_The Story and Evolution of Doodles - G_6e786d/h1_The story behind Doodles")): Object 'Object Repository/Page_The Story and Evolution of Doodles - G_6e786d/h1_The story behind Doodles' is visible

17-06-2024T18:31:51 - [MESSAGE][PASSED] - Object 'Object Repository/Page_The Story and Evolution of Doodles - G_6e786d/h1_The story behind Doodles' is visible

17-06-2024T18:31:51 - [TEST_STEP][PASSED] - verifyElementVisible(findTestObject("Object Repository/Page_The Story and Evolution of Doodles - G_6e786d/p_The first Doodle was a simple out-of-offi_345e61")): Object 'Object Repository/Page_The Story and Evolution of Doodles - G_6e786d/p_The first Doodle was a simple out-of-offi_345e61' is visible

17-06-2024T18:31:51 - [MESSAGE][PASSED] - Object 'Object Repository/Page_The Story and Evolution of Doodles - G_6e786d/p_The first Doodle was a simple out-of-offi_345e61' is visible

17-06-2024T18:31:51 - [TEST_STEP][PASSED] - verifyElementVisible(findTestObject("Object Repository/Page_The Story and Evolution of Doodles - G_6e786d/h2_Weve created more than 5,000 Doodles ove_111429")): Object 'Object Repository/Page_The Story and Evolution of Doodles - G_6e786d/h2_Weve created more than 5,000 Doodles ove_111429' is visible

17-06-2024T18:31:52 - [MESSAGE][PASSED] - Object 'Object Repository/Page_The Story and Evolution of Doodles - G_6e786d/h2_Weve created more than 5,000 Doodles ove_111429' is visible

17-06-2024T18:31:52 - [TEST_STEP][PASSED] - click(findTestObject("Object Repository/Page_The Story and Evolution of Doodles - G_6e786d/p_The first Doodle was a simple out-of-offi_345e61")): Object: 'Object Repository/Page_The Story and Evolution of Doodles - G_6e786d/p_The first Doodle was a simple out-of-offi_345e61' is clicked on

17-06-2024T18:31:52 - [MESSAGE][PASSED] - Object: 'Object Repository/Page_The Story and Evolution of Doodles - G_6e786d/p_The first Doodle was a simple out-of-offi_345e61' is clicked on

17-06-2024T18:31:52 - [TEST_STEP][PASSED] - verifyElementVisible(findTestObject("Object Repository/Page_The Story and Evolution of Doodles - G_6e786d/h1_The story behind Doodles")): Object 'Object Repository/Page_The Story and Evolution of Doodles - G_6e786d/h1_The story behind Doodles' is visible

17-06-2024T18:31:52 - [MESSAGE][PASSED] - Object 'Object Repository/Page_The Story and Evolution of Doodles - G_6e786d/h1_The story behind Doodles' is visible

17-06-2024T18:31:52 - [TEST_STEP][PASSED] - verifyElementVisible(findTestObject("Object Repository/Page_The Story and Evolution of Doodles - G_6e786d/p_The first Doodle was a simple out-of-offi_345e61")): Object 'Object Repository/Page_The Story and Evolution of Doodles - G_6e786d/p_The first Doodle was a simple out-of-offi_345e61' is visible

17-06-2024T18:31:53 - [MESSAGE][PASSED] - Object 'Object Repository/Page_The Story and Evolution of Doodles - G_6e786d/p_The first Doodle was a simple out-of-offi_345e61' is visible

17-06-2024T18:31:53 - [TEST_STEP][PASSED] - verifyElementVisible(findTestObject("Object Repository/Page_The Story and Evolution of Doodles - G_6e786d/h2_Weve created more than 5,000 Doodles ove_111429")): Object 'Object Repository/Page_The Story and Evolution of Doodles - G_6e786d/h2_Weve created more than 5,000 Doodles ove_111429' is visible

17-06-2024T18:31:53 - [MESSAGE][PASSED] - Object 'Object Repository/Page_The Story and Evolution of Doodles - G_6e786d/h2_Weve created more than 5,000 Doodles ove_111429' is visible

17-06-2024T18:31:53 - [TEST_STEP][PASSED] - click(findTestObject("Object Repository/Page_The Story and Evolution of Doodles - G_6e786d/p_The first Doodle was a simple out-of-offi_345e61")): Object: 'Object Repository/Page_The Story and Evolution of Doodles - G_6e786d/p_The first Doodle was a simple out-of-offi_345e61' is clicked on

17-06-2024T18:31:53 - [MESSAGE][PASSED] - Object: 'Object Repository/Page_The Story and Evolution of Doodles - G_6e786d/p_The first Doodle was a simple out-of-offi_345e61' is clicked on

17-06-2024T18:31:53 - [TEST_STEP][PASSED] - verifyElementVisible(findTestObject("Object Repository/Page_The Story and Evolution of Doodles - G_6e786d/h1_The story behind Doodles")): Object 'Object Repository/Page_The Story and Evolution of Doodles - G_6e786d/h1_The story behind Doodles' is visible

17-06-2024T18:31:54 - [MESSAGE][PASSED] - Object 'Object Repository/Page_The Story and Evolution of Doodles - G_6e786d/h1_The story behind Doodles' is visible

17-06-2024T18:31:54 - [TEST_STEP][PASSED] - verifyElementVisible(findTestObject("Object Repository/Page_The Story and Evolution of Doodles - G_6e786d/p_The first Doodle was a simple out-of-offi_345e61")): Object 'Object Repository/Page_The Story and Evolution of Doodles - G_6e786d/p_The first Doodle was a simple out-of-offi_345e61' is visible

17-06-2024T18:31:54 - [MESSAGE][PASSED] - Object 'Object Repository/Page_The Story and Evolution of Doodles - G_6e786d/p_The first Doodle was a simple out-of-offi_345e61' is visible

17-06-2024T18:31:54 - [TEST_STEP][PASSED] - verifyElementVisible(findTestObject("Object Repository/Page_The Story and Evolution of Doodles - G_6e786d/h2_Weve created more than 5,000 Doodles ove_111429")): Object 'Object Repository/Page_The Story and Evolution of Doodles - G_6e786d/h2_Weve created more than 5,000 Doodles ove_111429' is visible

17-06-2024T18:31:54 - [MESSAGE][PASSED] - Object 'Object Repository/Page_The Story and Evolution of Doodles - G_6e786d/h2_Weve created more than 5,000 Doodles ove_111429' is visible

17-06-2024T18:31:54 - [TEST_STEP][PASSED] - click(findTestObject("Object Repository/Page_The Story and Evolution of Doodles - G_6e786d/p_The first Doodle was a simple out-of-offi_345e61")): Object: 'Object Repository/Page_The Story and Evolution of Doodles - G_6e786d/p_The first Doodle was a simple out-of-offi_345e61' is clicked on

17-06-2024T18:31:55 - [MESSAGE][PASSED] - Object: 'Object Repository/Page_The Story and Evolution of Doodles - G_6e786d/p_The first Doodle was a simple out-of-offi_345e61' is clicked on

17-06-2024T18:31:55 - [TEST_STEP][PASSED] - verifyElementVisible(findTestObject("Object Repository/Page_The Story and Evolution of Doodles - G_6e786d/h1_The story behind Doodles")): Object 'Object Repository/Page_The Story and Evolution of Doodles - G_6e786d/h1_The story behind Doodles' is visible

17-06-2024T18:31:55 - [MESSAGE][PASSED] - Object 'Object Repository/Page_The Story and Evolution of Doodles - G_6e786d/h1_The story behind Doodles' is visible

17-06-2024T18:31:55 - [TEST_STEP][PASSED] - verifyElementVisible(findTestObject("Object Repository/Page_The Story and Evolution of Doodles - G_6e786d/p_The first Doodle was a simple out-of-offi_345e61")): Object 'Object Repository/Page_The Story and Evolution of Doodles - G_6e786d/p_The first Doodle was a simple out-of-offi_345e61' is visible

17-06-2024T18:31:55 - [MESSAGE][PASSED] - Object 'Object Repository/Page_The Story and Evolution of Doodles - G_6e786d/p_The first Doodle was a simple out-of-offi_345e61' is visible

17-06-2024T18:31:55 - [TEST_STEP][PASSED] - verifyElementVisible(findTestObject("Object Repository/Page_The Story and Evolution of Doodles - G_6e786d/h2_Weve created more than 5,000 Doodles ove_111429")): Object 'Object Repository/Page_The Story and Evolution of Doodles - G_6e786d/h2_Weve created more than 5,000 Doodles ove_111429' is visible

17-06-2024T18:31:56 - [MESSAGE][PASSED] - Object 'Object Repository/Page_The Story and Evolution of Doodles - G_6e786d/h2_Weve created more than 5,000 Doodles ove_111429' is visible

17-06-2024T18:31:56 - [TEST_STEP][PASSED] - click(findTestObject("Object Repository/Page_The Story and Evolution of Doodles - G_6e786d/p_The first Doodle was a simple out-of-offi_345e61")): Object: 'Object Repository/Page_The Story and Evolution of Doodles - G_6e786d/p_The first Doodle was a simple out-of-offi_345e61' is clicked on

17-06-2024T18:31:56 - [MESSAGE][PASSED] - Object: 'Object Repository/Page_The Story and Evolution of Doodles - G_6e786d/p_The first Doodle was a simple out-of-offi_345e61' is clicked on

17-06-2024T18:31:56 - [TEST_STEP][PASSED] - verifyElementVisible(findTestObject("Object Repository/Page_The Story and Evolution of Doodles - G_6e786d/h1_The story behind Doodles")): Object 'Object Repository/Page_The Story and Evolution of Doodles - G_6e786d/h1_The story behind Doodles' is visible

17-06-2024T18:31:56 - [MESSAGE][PASSED] - Object 'Object Repository/Page_The Story and Evolution of Doodles - G_6e786d/h1_The story behind Doodles' is visible

17-06-2024T18:31:56 - [TEST_STEP][PASSED] - verifyElementVisible(findTestObject("Object Repository/Page_The Story and Evolution of Doodles - G_6e786d/p_The first Doodle was a simple out-of-offi_345e61")): Object 'Object Repository/Page_The Story and Evolution of Doodles - G_6e786d/p_The first Doodle was a simple out-of-offi_345e61' is visible

17-06-2024T18:31:56 - [MESSAGE][PASSED] - Object 'Object Repository/Page_The Story and Evolution of Doodles - G_6e786d/p_The first Doodle was a simple out-of-offi_345e61' is visible

17-06-2024T18:31:56 - [TEST_STEP][PASSED] - verifyElementVisible(findTestObject("Object Repository/Page_The Story and Evolution of Doodles - G_6e786d/h2_Weve created more than 5,000 Doodles ove_111429")): Object 'Object Repository/Page_The Story and Evolution of Doodles - G_6e786d/h2_Weve created more than 5,000 Doodles ove_111429' is visible

17-06-2024T18:31:57 - [MESSAGE][PASSED] - Object 'Object Repository/Page_The Story and Evolution of Doodles - G_6e786d/h2_Weve created more than 5,000 Doodles ove_111429' is visible

17-06-2024T18:31:57 - [TEST_STEP][PASSED] - click(findTestObject("Object Repository/Page_The Story and Evolution of Doodles - G_6e786d/p_The first Doodle was a simple out-of-offi_345e61")): Object: 'Object Repository/Page_The Story and Evolution of Doodles - G_6e786d/p_The first Doodle was a simple out-of-offi_345e61' is clicked on

17-06-2024T18:31:57 - [MESSAGE][PASSED] - Object: 'Object Repository/Page_The Story and Evolution of Doodles - G_6e786d/p_The first Doodle was a simple out-of-offi_345e61' is clicked on

17-06-2024T18:31:57 - [TEST_STEP][PASSED] - verifyElementVisible(findTestObject("Object Repository/Page_The Story and Evolution of Doodles - G_6e786d/h1_The story behind Doodles")): Object 'Object Repository/Page_The Story and Evolution of Doodles - G_6e786d/h1_The story behind Doodles' is visible

17-06-2024T18:31:58 - [MESSAGE][PASSED] - Object 'Object Repository/Page_The Story and Evolution of Doodles - G_6e786d/h1_The story behind Doodles' is visible

17-06-2024T18:31:58 - [TEST_STEP][PASSED] - verifyElementVisible(findTestObject("Object Repository/Page_The Story and Evolution of Doodles - G_6e786d/p_The first Doodle was a simple out-of-offi_345e61")): Object 'Object Repository/Page_The Story and Evolution of Doodles - G_6e786d/p_The first Doodle was a simple out-of-offi_345e61' is visible

17-06-2024T18:31:58 - [MESSAGE][PASSED] - Object 'Object Repository/Page_The Story and Evolution of Doodles - G_6e786d/p_The first Doodle was a simple out-of-offi_345e61' is visible

17-06-2024T18:31:58 - [TEST_STEP][PASSED] - verifyElementVisible(findTestObject("Object Repository/Page_The Story and Evolution of Doodles - G_6e786d/h2_Weve created more than 5,000 Doodles ove_111429")): Object 'Object Repository/Page_The Story and Evolution of Doodles - G_6e786d/h2_Weve created more than 5,000 Doodles ove_111429' is visible

17-06-2024T18:31:58 - [MESSAGE][PASSED] - Object 'Object Repository/Page_The Story and Evolution of Doodles - G_6e786d/h2_Weve created more than 5,000 Doodles ove_111429' is visible

17-06-2024T18:31:58 - [TEST_STEP][PASSED] - click(findTestObject("Object Repository/Page_The Story and Evolution of Doodles - G_6e786d/p_The first Doodle was a simple out-of-offi_345e61")): Object: 'Object Repository/Page_The Story and Evolution of Doodles - G_6e786d/p_The first Doodle was a simple out-of-offi_345e61' is clicked on

17-06-2024T18:31:59 - [MESSAGE][PASSED] - Object: 'Object Repository/Page_The Story and Evolution of Doodles - G_6e786d/p_The first Doodle was a simple out-of-offi_345e61' is clicked on

17-06-2024T18:31:59 - [TEST_STEP][PASSED] - verifyElementVisible(findTestObject("Object Repository/Page_The Story and Evolution of Doodles - G_6e786d/h1_The story behind Doodles")): Object 'Object Repository/Page_The Story and Evolution of Doodles - G_6e786d/h1_The story behind Doodles' is visible

17-06-2024T18:31:59 - [MESSAGE][PASSED] - Object 'Object Repository/Page_The Story and Evolution of Doodles - G_6e786d/h1_The story behind Doodles' is visible

17-06-2024T18:31:59 - [TEST_STEP][PASSED] - verifyElementVisible(findTestObject("Object Repository/Page_The Story and Evolution of Doodles - G_6e786d/p_The first Doodle was a simple out-of-offi_345e61")): Object 'Object Repository/Page_The Story and Evolution of Doodles - G_6e786d/p_The first Doodle was a simple out-of-offi_345e61' is visible

17-06-2024T18:31:59 - [MESSAGE][PASSED] - Object 'Object Repository/Page_The Story and Evolution of Doodles - G_6e786d/p_The first Doodle was a simple out-of-offi_345e61' is visible

17-06-2024T18:31:59 - [TEST_STEP][PASSED] - verifyElementVisible(findTestObject("Object Repository/Page_The Story and Evolution of Doodles - G_6e786d/h2_Weve created more than 5,000 Doodles ove_111429")): Object 'Object Repository/Page_The Story and Evolution of Doodles - G_6e786d/h2_Weve created more than 5,000 Doodles ove_111429' is visible

17-06-2024T18:32:00 - [MESSAGE][PASSED] - Object 'Object Repository/Page_The Story and Evolution of Doodles - G_6e786d/h2_Weve created more than 5,000 Doodles ove_111429' is visible

17-06-2024T18:32:00 - [TEST_STEP][PASSED] - click(findTestObject("Object Repository/Page_The Story and Evolution of Doodles - G_6e786d/p_The first Doodle was a simple out-of-offi_345e61")): Object: 'Object Repository/Page_The Story and Evolution of Doodles - G_6e786d/p_The first Doodle was a simple out-of-offi_345e61' is clicked on

17-06-2024T18:32:00 - [MESSAGE][PASSED] - Object: 'Object Repository/Page_The Story and Evolution of Doodles - G_6e786d/p_The first Doodle was a simple out-of-offi_345e61' is clicked on

17-06-2024T18:32:00 - [TEST_STEP][PASSED] - verifyElementVisible(findTestObject("Object Repository/Page_The Story and Evolution of Doodles - G_6e786d/h1_The story behind Doodles")): Object 'Object Repository/Page_The Story and Evolution of Doodles - G_6e786d/h1_The story behind Doodles' is visible

17-06-2024T18:32:00 - [MESSAGE][PASSED] - Object 'Object Repository/Page_The Story and Evolution of Doodles - G_6e786d/h1_The story behind Doodles' is visible

17-06-2024T18:32:00 - [TEST_STEP][PASSED] - verifyElementVisible(findTestObject("Object Repository/Page_The Story and Evolution of Doodles - G_6e786d/p_The first Doodle was a simple out-of-offi_345e61")): Object 'Object Repository/Page_The Story and Evolution of Doodles - G_6e786d/p_The first Doodle was a simple out-of-offi_345e61' is visible

17-06-2024T18:32:01 - [MESSAGE][PASSED] - Object 'Object Repository/Page_The Story and Evolution of Doodles - G_6e786d/p_The first Doodle was a simple out-of-offi_345e61' is visible

17-06-2024T18:32:01 - [TEST_STEP][PASSED] - verifyElementVisible(findTestObject("Object Repository/Page_The Story and Evolution of Doodles - G_6e786d/h2_Weve created more than 5,000 Doodles ove_111429")): Object 'Object Repository/Page_The Story and Evolution of Doodles - G_6e786d/h2_Weve created more than 5,000 Doodles ove_111429' is visible

17-06-2024T18:32:01 - [MESSAGE][PASSED] - Object 'Object Repository/Page_The Story and Evolution of Doodles - G_6e786d/h2_Weve created more than 5,000 Doodles ove_111429' is visible]]></system-out>
         <system-err><![CDATA[]]></system-err>
      </testcase>
      <testcase name="Test Cases/test case folder 1/tc1 - Copy (7) - Copy (5)" time="34.744" classname="Test Cases/test case folder 1/tc1 - Copy (7) - Copy (5)" status="PASSED">
         <system-out><![CDATA[17-06-2024T18:32:01 - [TEST_CASE][PASSED] - Test Cases/test case folder 1/tc1 - Copy (7) - Copy (5): Test Cases/test case folder 1/tc1 - Copy (7) - Copy (5)

17-06-2024T18:32:01 - [TEST_STEP][PASSED] - openBrowser(""): Browser is opened with url: ''

17-06-2024T18:32:01 - [MESSAGE][WARNING] - A browser is already opened. Closing browser and opening a new one

17-06-2024T18:32:01 - [MESSAGE][INFO] - Starting 'Chrome (headless)' driver

17-06-2024T18:32:01 - [MESSAGE][INFO] - Action delay is set to 0 milliseconds

17-06-2024T18:32:03 - [MESSAGE][PASSED] - Browser is opened with url: ''

17-06-2024T18:32:03 - [TEST_STEP][PASSED] - navigateToUrl("https://doodles.google/about/"): Navigate to 'https://doodles.google/about/' successfully

17-06-2024T18:32:05 - [MESSAGE][PASSED] - Navigate to 'https://doodles.google/about/' successfully

17-06-2024T18:32:05 - [TEST_STEP][PASSED] - click(findTestObject("Object Repository/Page_The Story and Evolution of Doodles - G_6e786d/p_The first Doodle was a simple out-of-offi_345e61")): Object: 'Object Repository/Page_The Story and Evolution of Doodles - G_6e786d/p_The first Doodle was a simple out-of-offi_345e61' is clicked on

17-06-2024T18:32:21 - [MESSAGE][PASSED] - Object: 'Object Repository/Page_The Story and Evolution of Doodles - G_6e786d/p_The first Doodle was a simple out-of-offi_345e61' is clicked on

17-06-2024T18:32:21 - [TEST_STEP][PASSED] - click(findTestObject("Object Repository/Page_The Story and Evolution of Doodles - G_6e786d/p_The first Doodle was a simple out-of-offi_345e61")): Object: 'Object Repository/Page_The Story and Evolution of Doodles - G_6e786d/p_The first Doodle was a simple out-of-offi_345e61' is clicked on

17-06-2024T18:32:21 - [MESSAGE][PASSED] - Object: 'Object Repository/Page_The Story and Evolution of Doodles - G_6e786d/p_The first Doodle was a simple out-of-offi_345e61' is clicked on

17-06-2024T18:32:21 - [TEST_STEP][PASSED] - verifyElementVisible(findTestObject("Object Repository/Page_The Story and Evolution of Doodles - G_6e786d/h1_The story behind Doodles")): Object 'Object Repository/Page_The Story and Evolution of Doodles - G_6e786d/h1_The story behind Doodles' is visible

17-06-2024T18:32:22 - [MESSAGE][PASSED] - Object 'Object Repository/Page_The Story and Evolution of Doodles - G_6e786d/h1_The story behind Doodles' is visible

17-06-2024T18:32:22 - [TEST_STEP][PASSED] - verifyElementVisible(findTestObject("Object Repository/Page_The Story and Evolution of Doodles - G_6e786d/p_The first Doodle was a simple out-of-offi_345e61")): Object 'Object Repository/Page_The Story and Evolution of Doodles - G_6e786d/p_The first Doodle was a simple out-of-offi_345e61' is visible

17-06-2024T18:32:22 - [MESSAGE][PASSED] - Object 'Object Repository/Page_The Story and Evolution of Doodles - G_6e786d/p_The first Doodle was a simple out-of-offi_345e61' is visible

17-06-2024T18:32:22 - [TEST_STEP][PASSED] - verifyElementVisible(findTestObject("Object Repository/Page_The Story and Evolution of Doodles - G_6e786d/h2_Weve created more than 5,000 Doodles ove_111429")): Object 'Object Repository/Page_The Story and Evolution of Doodles - G_6e786d/h2_Weve created more than 5,000 Doodles ove_111429' is visible

17-06-2024T18:32:22 - [MESSAGE][PASSED] - Object 'Object Repository/Page_The Story and Evolution of Doodles - G_6e786d/h2_Weve created more than 5,000 Doodles ove_111429' is visible

17-06-2024T18:32:22 - [TEST_STEP][PASSED] - verifyElementVisible(findTestObject("Object Repository/Page_The Story and Evolution of Doodles - G_6e786d/h1_The story behind Doodles")): Object 'Object Repository/Page_The Story and Evolution of Doodles - G_6e786d/h1_The story behind Doodles' is visible

17-06-2024T18:32:23 - [MESSAGE][PASSED] - Object 'Object Repository/Page_The Story and Evolution of Doodles - G_6e786d/h1_The story behind Doodles' is visible

17-06-2024T18:32:23 - [TEST_STEP][PASSED] - verifyElementVisible(findTestObject("Object Repository/Page_The Story and Evolution of Doodles - G_6e786d/p_The first Doodle was a simple out-of-offi_345e61")): Object 'Object Repository/Page_The Story and Evolution of Doodles - G_6e786d/p_The first Doodle was a simple out-of-offi_345e61' is visible

17-06-2024T18:32:23 - [MESSAGE][PASSED] - Object 'Object Repository/Page_The Story and Evolution of Doodles - G_6e786d/p_The first Doodle was a simple out-of-offi_345e61' is visible

17-06-2024T18:32:23 - [TEST_STEP][PASSED] - verifyElementVisible(findTestObject("Object Repository/Page_The Story and Evolution of Doodles - G_6e786d/h2_Weve created more than 5,000 Doodles ove_111429")): Object 'Object Repository/Page_The Story and Evolution of Doodles - G_6e786d/h2_Weve created more than 5,000 Doodles ove_111429' is visible

17-06-2024T18:32:23 - [MESSAGE][PASSED] - Object 'Object Repository/Page_The Story and Evolution of Doodles - G_6e786d/h2_Weve created more than 5,000 Doodles ove_111429' is visible

17-06-2024T18:32:23 - [TEST_STEP][PASSED] - click(findTestObject("Object Repository/Page_The Story and Evolution of Doodles - G_6e786d/p_The first Doodle was a simple out-of-offi_345e61")): Object: 'Object Repository/Page_The Story and Evolution of Doodles - G_6e786d/p_The first Doodle was a simple out-of-offi_345e61' is clicked on

17-06-2024T18:32:24 - [MESSAGE][PASSED] - Object: 'Object Repository/Page_The Story and Evolution of Doodles - G_6e786d/p_The first Doodle was a simple out-of-offi_345e61' is clicked on

17-06-2024T18:32:24 - [TEST_STEP][PASSED] - verifyElementVisible(findTestObject("Object Repository/Page_The Story and Evolution of Doodles - G_6e786d/h1_The story behind Doodles")): Object 'Object Repository/Page_The Story and Evolution of Doodles - G_6e786d/h1_The story behind Doodles' is visible

17-06-2024T18:32:24 - [MESSAGE][PASSED] - Object 'Object Repository/Page_The Story and Evolution of Doodles - G_6e786d/h1_The story behind Doodles' is visible

17-06-2024T18:32:24 - [TEST_STEP][PASSED] - verifyElementVisible(findTestObject("Object Repository/Page_The Story and Evolution of Doodles - G_6e786d/p_The first Doodle was a simple out-of-offi_345e61")): Object 'Object Repository/Page_The Story and Evolution of Doodles - G_6e786d/p_The first Doodle was a simple out-of-offi_345e61' is visible

17-06-2024T18:32:24 - [MESSAGE][PASSED] - Object 'Object Repository/Page_The Story and Evolution of Doodles - G_6e786d/p_The first Doodle was a simple out-of-offi_345e61' is visible

17-06-2024T18:32:24 - [TEST_STEP][PASSED] - verifyElementVisible(findTestObject("Object Repository/Page_The Story and Evolution of Doodles - G_6e786d/h2_Weve created more than 5,000 Doodles ove_111429")): Object 'Object Repository/Page_The Story and Evolution of Doodles - G_6e786d/h2_Weve created more than 5,000 Doodles ove_111429' is visible

17-06-2024T18:32:25 - [MESSAGE][PASSED] - Object 'Object Repository/Page_The Story and Evolution of Doodles - G_6e786d/h2_Weve created more than 5,000 Doodles ove_111429' is visible

17-06-2024T18:32:25 - [TEST_STEP][PASSED] - click(findTestObject("Object Repository/Page_The Story and Evolution of Doodles - G_6e786d/p_The first Doodle was a simple out-of-offi_345e61")): Object: 'Object Repository/Page_The Story and Evolution of Doodles - G_6e786d/p_The first Doodle was a simple out-of-offi_345e61' is clicked on

17-06-2024T18:32:25 - [MESSAGE][PASSED] - Object: 'Object Repository/Page_The Story and Evolution of Doodles - G_6e786d/p_The first Doodle was a simple out-of-offi_345e61' is clicked on

17-06-2024T18:32:25 - [TEST_STEP][PASSED] - verifyElementVisible(findTestObject("Object Repository/Page_The Story and Evolution of Doodles - G_6e786d/h1_The story behind Doodles")): Object 'Object Repository/Page_The Story and Evolution of Doodles - G_6e786d/h1_The story behind Doodles' is visible

17-06-2024T18:32:26 - [MESSAGE][PASSED] - Object 'Object Repository/Page_The Story and Evolution of Doodles - G_6e786d/h1_The story behind Doodles' is visible

17-06-2024T18:32:26 - [TEST_STEP][PASSED] - verifyElementVisible(findTestObject("Object Repository/Page_The Story and Evolution of Doodles - G_6e786d/p_The first Doodle was a simple out-of-offi_345e61")): Object 'Object Repository/Page_The Story and Evolution of Doodles - G_6e786d/p_The first Doodle was a simple out-of-offi_345e61' is visible

17-06-2024T18:32:26 - [MESSAGE][PASSED] - Object 'Object Repository/Page_The Story and Evolution of Doodles - G_6e786d/p_The first Doodle was a simple out-of-offi_345e61' is visible

17-06-2024T18:32:26 - [TEST_STEP][PASSED] - verifyElementVisible(findTestObject("Object Repository/Page_The Story and Evolution of Doodles - G_6e786d/h2_Weve created more than 5,000 Doodles ove_111429")): Object 'Object Repository/Page_The Story and Evolution of Doodles - G_6e786d/h2_Weve created more than 5,000 Doodles ove_111429' is visible

17-06-2024T18:32:26 - [MESSAGE][PASSED] - Object 'Object Repository/Page_The Story and Evolution of Doodles - G_6e786d/h2_Weve created more than 5,000 Doodles ove_111429' is visible

17-06-2024T18:32:26 - [TEST_STEP][PASSED] - click(findTestObject("Object Repository/Page_The Story and Evolution of Doodles - G_6e786d/p_The first Doodle was a simple out-of-offi_345e61")): Object: 'Object Repository/Page_The Story and Evolution of Doodles - G_6e786d/p_The first Doodle was a simple out-of-offi_345e61' is clicked on

17-06-2024T18:32:27 - [MESSAGE][PASSED] - Object: 'Object Repository/Page_The Story and Evolution of Doodles - G_6e786d/p_The first Doodle was a simple out-of-offi_345e61' is clicked on

17-06-2024T18:32:27 - [TEST_STEP][PASSED] - verifyElementVisible(findTestObject("Object Repository/Page_The Story and Evolution of Doodles - G_6e786d/h1_The story behind Doodles")): Object 'Object Repository/Page_The Story and Evolution of Doodles - G_6e786d/h1_The story behind Doodles' is visible

17-06-2024T18:32:27 - [MESSAGE][PASSED] - Object 'Object Repository/Page_The Story and Evolution of Doodles - G_6e786d/h1_The story behind Doodles' is visible

17-06-2024T18:32:27 - [TEST_STEP][PASSED] - verifyElementVisible(findTestObject("Object Repository/Page_The Story and Evolution of Doodles - G_6e786d/p_The first Doodle was a simple out-of-offi_345e61")): Object 'Object Repository/Page_The Story and Evolution of Doodles - G_6e786d/p_The first Doodle was a simple out-of-offi_345e61' is visible

17-06-2024T18:32:27 - [MESSAGE][PASSED] - Object 'Object Repository/Page_The Story and Evolution of Doodles - G_6e786d/p_The first Doodle was a simple out-of-offi_345e61' is visible

17-06-2024T18:32:27 - [TEST_STEP][PASSED] - verifyElementVisible(findTestObject("Object Repository/Page_The Story and Evolution of Doodles - G_6e786d/h2_Weve created more than 5,000 Doodles ove_111429")): Object 'Object Repository/Page_The Story and Evolution of Doodles - G_6e786d/h2_Weve created more than 5,000 Doodles ove_111429' is visible

17-06-2024T18:32:28 - [MESSAGE][PASSED] - Object 'Object Repository/Page_The Story and Evolution of Doodles - G_6e786d/h2_Weve created more than 5,000 Doodles ove_111429' is visible

17-06-2024T18:32:28 - [TEST_STEP][PASSED] - click(findTestObject("Object Repository/Page_The Story and Evolution of Doodles - G_6e786d/p_The first Doodle was a simple out-of-offi_345e61")): Object: 'Object Repository/Page_The Story and Evolution of Doodles - G_6e786d/p_The first Doodle was a simple out-of-offi_345e61' is clicked on

17-06-2024T18:32:28 - [MESSAGE][PASSED] - Object: 'Object Repository/Page_The Story and Evolution of Doodles - G_6e786d/p_The first Doodle was a simple out-of-offi_345e61' is clicked on

17-06-2024T18:32:28 - [TEST_STEP][PASSED] - verifyElementVisible(findTestObject("Object Repository/Page_The Story and Evolution of Doodles - G_6e786d/h1_The story behind Doodles")): Object 'Object Repository/Page_The Story and Evolution of Doodles - G_6e786d/h1_The story behind Doodles' is visible

17-06-2024T18:32:28 - [MESSAGE][PASSED] - Object 'Object Repository/Page_The Story and Evolution of Doodles - G_6e786d/h1_The story behind Doodles' is visible

17-06-2024T18:32:28 - [TEST_STEP][PASSED] - verifyElementVisible(findTestObject("Object Repository/Page_The Story and Evolution of Doodles - G_6e786d/p_The first Doodle was a simple out-of-offi_345e61")): Object 'Object Repository/Page_The Story and Evolution of Doodles - G_6e786d/p_The first Doodle was a simple out-of-offi_345e61' is visible

17-06-2024T18:32:29 - [MESSAGE][PASSED] - Object 'Object Repository/Page_The Story and Evolution of Doodles - G_6e786d/p_The first Doodle was a simple out-of-offi_345e61' is visible

17-06-2024T18:32:29 - [TEST_STEP][PASSED] - verifyElementVisible(findTestObject("Object Repository/Page_The Story and Evolution of Doodles - G_6e786d/h2_Weve created more than 5,000 Doodles ove_111429")): Object 'Object Repository/Page_The Story and Evolution of Doodles - G_6e786d/h2_Weve created more than 5,000 Doodles ove_111429' is visible

17-06-2024T18:32:29 - [MESSAGE][PASSED] - Object 'Object Repository/Page_The Story and Evolution of Doodles - G_6e786d/h2_Weve created more than 5,000 Doodles ove_111429' is visible

17-06-2024T18:32:29 - [TEST_STEP][PASSED] - click(findTestObject("Object Repository/Page_The Story and Evolution of Doodles - G_6e786d/p_The first Doodle was a simple out-of-offi_345e61")): Object: 'Object Repository/Page_The Story and Evolution of Doodles - G_6e786d/p_The first Doodle was a simple out-of-offi_345e61' is clicked on

17-06-2024T18:32:29 - [MESSAGE][PASSED] - Object: 'Object Repository/Page_The Story and Evolution of Doodles - G_6e786d/p_The first Doodle was a simple out-of-offi_345e61' is clicked on

17-06-2024T18:32:29 - [TEST_STEP][PASSED] - verifyElementVisible(findTestObject("Object Repository/Page_The Story and Evolution of Doodles - G_6e786d/h1_The story behind Doodles")): Object 'Object Repository/Page_The Story and Evolution of Doodles - G_6e786d/h1_The story behind Doodles' is visible

17-06-2024T18:32:30 - [MESSAGE][PASSED] - Object 'Object Repository/Page_The Story and Evolution of Doodles - G_6e786d/h1_The story behind Doodles' is visible

17-06-2024T18:32:30 - [TEST_STEP][PASSED] - verifyElementVisible(findTestObject("Object Repository/Page_The Story and Evolution of Doodles - G_6e786d/p_The first Doodle was a simple out-of-offi_345e61")): Object 'Object Repository/Page_The Story and Evolution of Doodles - G_6e786d/p_The first Doodle was a simple out-of-offi_345e61' is visible

17-06-2024T18:32:30 - [MESSAGE][PASSED] - Object 'Object Repository/Page_The Story and Evolution of Doodles - G_6e786d/p_The first Doodle was a simple out-of-offi_345e61' is visible

17-06-2024T18:32:30 - [TEST_STEP][PASSED] - verifyElementVisible(findTestObject("Object Repository/Page_The Story and Evolution of Doodles - G_6e786d/h2_Weve created more than 5,000 Doodles ove_111429")): Object 'Object Repository/Page_The Story and Evolution of Doodles - G_6e786d/h2_Weve created more than 5,000 Doodles ove_111429' is visible

17-06-2024T18:32:30 - [MESSAGE][PASSED] - Object 'Object Repository/Page_The Story and Evolution of Doodles - G_6e786d/h2_Weve created more than 5,000 Doodles ove_111429' is visible

17-06-2024T18:32:30 - [TEST_STEP][PASSED] - click(findTestObject("Object Repository/Page_The Story and Evolution of Doodles - G_6e786d/p_The first Doodle was a simple out-of-offi_345e61")): Object: 'Object Repository/Page_The Story and Evolution of Doodles - G_6e786d/p_The first Doodle was a simple out-of-offi_345e61' is clicked on

17-06-2024T18:32:31 - [MESSAGE][PASSED] - Object: 'Object Repository/Page_The Story and Evolution of Doodles - G_6e786d/p_The first Doodle was a simple out-of-offi_345e61' is clicked on

17-06-2024T18:32:31 - [TEST_STEP][PASSED] - verifyElementVisible(findTestObject("Object Repository/Page_The Story and Evolution of Doodles - G_6e786d/h1_The story behind Doodles")): Object 'Object Repository/Page_The Story and Evolution of Doodles - G_6e786d/h1_The story behind Doodles' is visible

17-06-2024T18:32:31 - [MESSAGE][PASSED] - Object 'Object Repository/Page_The Story and Evolution of Doodles - G_6e786d/h1_The story behind Doodles' is visible

17-06-2024T18:32:31 - [TEST_STEP][PASSED] - verifyElementVisible(findTestObject("Object Repository/Page_The Story and Evolution of Doodles - G_6e786d/p_The first Doodle was a simple out-of-offi_345e61")): Object 'Object Repository/Page_The Story and Evolution of Doodles - G_6e786d/p_The first Doodle was a simple out-of-offi_345e61' is visible

17-06-2024T18:32:31 - [MESSAGE][PASSED] - Object 'Object Repository/Page_The Story and Evolution of Doodles - G_6e786d/p_The first Doodle was a simple out-of-offi_345e61' is visible

17-06-2024T18:32:31 - [TEST_STEP][PASSED] - verifyElementVisible(findTestObject("Object Repository/Page_The Story and Evolution of Doodles - G_6e786d/h2_Weve created more than 5,000 Doodles ove_111429")): Object 'Object Repository/Page_The Story and Evolution of Doodles - G_6e786d/h2_Weve created more than 5,000 Doodles ove_111429' is visible

17-06-2024T18:32:32 - [MESSAGE][PASSED] - Object 'Object Repository/Page_The Story and Evolution of Doodles - G_6e786d/h2_Weve created more than 5,000 Doodles ove_111429' is visible

17-06-2024T18:32:32 - [TEST_STEP][PASSED] - click(findTestObject("Object Repository/Page_The Story and Evolution of Doodles - G_6e786d/p_The first Doodle was a simple out-of-offi_345e61")): Object: 'Object Repository/Page_The Story and Evolution of Doodles - G_6e786d/p_The first Doodle was a simple out-of-offi_345e61' is clicked on

17-06-2024T18:32:32 - [MESSAGE][PASSED] - Object: 'Object Repository/Page_The Story and Evolution of Doodles - G_6e786d/p_The first Doodle was a simple out-of-offi_345e61' is clicked on

17-06-2024T18:32:32 - [TEST_STEP][PASSED] - verifyElementVisible(findTestObject("Object Repository/Page_The Story and Evolution of Doodles - G_6e786d/h1_The story behind Doodles")): Object 'Object Repository/Page_The Story and Evolution of Doodles - G_6e786d/h1_The story behind Doodles' is visible

17-06-2024T18:32:32 - [MESSAGE][PASSED] - Object 'Object Repository/Page_The Story and Evolution of Doodles - G_6e786d/h1_The story behind Doodles' is visible

17-06-2024T18:32:32 - [TEST_STEP][PASSED] - verifyElementVisible(findTestObject("Object Repository/Page_The Story and Evolution of Doodles - G_6e786d/p_The first Doodle was a simple out-of-offi_345e61")): Object 'Object Repository/Page_The Story and Evolution of Doodles - G_6e786d/p_The first Doodle was a simple out-of-offi_345e61' is visible

17-06-2024T18:32:33 - [MESSAGE][PASSED] - Object 'Object Repository/Page_The Story and Evolution of Doodles - G_6e786d/p_The first Doodle was a simple out-of-offi_345e61' is visible

17-06-2024T18:32:33 - [TEST_STEP][PASSED] - verifyElementVisible(findTestObject("Object Repository/Page_The Story and Evolution of Doodles - G_6e786d/h2_Weve created more than 5,000 Doodles ove_111429")): Object 'Object Repository/Page_The Story and Evolution of Doodles - G_6e786d/h2_Weve created more than 5,000 Doodles ove_111429' is visible

17-06-2024T18:32:33 - [MESSAGE][PASSED] - Object 'Object Repository/Page_The Story and Evolution of Doodles - G_6e786d/h2_Weve created more than 5,000 Doodles ove_111429' is visible

17-06-2024T18:32:33 - [TEST_STEP][PASSED] - click(findTestObject("Object Repository/Page_The Story and Evolution of Doodles - G_6e786d/p_The first Doodle was a simple out-of-offi_345e61")): Object: 'Object Repository/Page_The Story and Evolution of Doodles - G_6e786d/p_The first Doodle was a simple out-of-offi_345e61' is clicked on

17-06-2024T18:32:33 - [MESSAGE][PASSED] - Object: 'Object Repository/Page_The Story and Evolution of Doodles - G_6e786d/p_The first Doodle was a simple out-of-offi_345e61' is clicked on

17-06-2024T18:32:33 - [TEST_STEP][PASSED] - verifyElementVisible(findTestObject("Object Repository/Page_The Story and Evolution of Doodles - G_6e786d/h1_The story behind Doodles")): Object 'Object Repository/Page_The Story and Evolution of Doodles - G_6e786d/h1_The story behind Doodles' is visible

17-06-2024T18:32:34 - [MESSAGE][PASSED] - Object 'Object Repository/Page_The Story and Evolution of Doodles - G_6e786d/h1_The story behind Doodles' is visible

17-06-2024T18:32:34 - [TEST_STEP][PASSED] - verifyElementVisible(findTestObject("Object Repository/Page_The Story and Evolution of Doodles - G_6e786d/p_The first Doodle was a simple out-of-offi_345e61")): Object 'Object Repository/Page_The Story and Evolution of Doodles - G_6e786d/p_The first Doodle was a simple out-of-offi_345e61' is visible

17-06-2024T18:32:34 - [MESSAGE][PASSED] - Object 'Object Repository/Page_The Story and Evolution of Doodles - G_6e786d/p_The first Doodle was a simple out-of-offi_345e61' is visible

17-06-2024T18:32:34 - [TEST_STEP][PASSED] - verifyElementVisible(findTestObject("Object Repository/Page_The Story and Evolution of Doodles - G_6e786d/h2_Weve created more than 5,000 Doodles ove_111429")): Object 'Object Repository/Page_The Story and Evolution of Doodles - G_6e786d/h2_Weve created more than 5,000 Doodles ove_111429' is visible

17-06-2024T18:32:34 - [MESSAGE][PASSED] - Object 'Object Repository/Page_The Story and Evolution of Doodles - G_6e786d/h2_Weve created more than 5,000 Doodles ove_111429' is visible

17-06-2024T18:32:34 - [TEST_STEP][PASSED] - click(findTestObject("Object Repository/Page_The Story and Evolution of Doodles - G_6e786d/p_The first Doodle was a simple out-of-offi_345e61")): Object: 'Object Repository/Page_The Story and Evolution of Doodles - G_6e786d/p_The first Doodle was a simple out-of-offi_345e61' is clicked on

17-06-2024T18:32:35 - [MESSAGE][PASSED] - Object: 'Object Repository/Page_The Story and Evolution of Doodles - G_6e786d/p_The first Doodle was a simple out-of-offi_345e61' is clicked on

17-06-2024T18:32:35 - [TEST_STEP][PASSED] - verifyElementVisible(findTestObject("Object Repository/Page_The Story and Evolution of Doodles - G_6e786d/h1_The story behind Doodles")): Object 'Object Repository/Page_The Story and Evolution of Doodles - G_6e786d/h1_The story behind Doodles' is visible

17-06-2024T18:32:35 - [MESSAGE][PASSED] - Object 'Object Repository/Page_The Story and Evolution of Doodles - G_6e786d/h1_The story behind Doodles' is visible

17-06-2024T18:32:35 - [TEST_STEP][PASSED] - verifyElementVisible(findTestObject("Object Repository/Page_The Story and Evolution of Doodles - G_6e786d/p_The first Doodle was a simple out-of-offi_345e61")): Object 'Object Repository/Page_The Story and Evolution of Doodles - G_6e786d/p_The first Doodle was a simple out-of-offi_345e61' is visible

17-06-2024T18:32:35 - [MESSAGE][PASSED] - Object 'Object Repository/Page_The Story and Evolution of Doodles - G_6e786d/p_The first Doodle was a simple out-of-offi_345e61' is visible

17-06-2024T18:32:35 - [TEST_STEP][PASSED] - verifyElementVisible(findTestObject("Object Repository/Page_The Story and Evolution of Doodles - G_6e786d/h2_Weve created more than 5,000 Doodles ove_111429")): Object 'Object Repository/Page_The Story and Evolution of Doodles - G_6e786d/h2_Weve created more than 5,000 Doodles ove_111429' is visible

17-06-2024T18:32:36 - [MESSAGE][PASSED] - Object 'Object Repository/Page_The Story and Evolution of Doodles - G_6e786d/h2_Weve created more than 5,000 Doodles ove_111429' is visible]]></system-out>
         <system-err><![CDATA[]]></system-err>
      </testcase>
      <testcase name="Test Cases/test case folder 1/tc1 - Copy (7) - Copy" time="20.405" classname="Test Cases/test case folder 1/tc1 - Copy (7) - Copy" status="PASSED">
         <system-out><![CDATA[17-06-2024T18:32:36 - [TEST_CASE][PASSED] - Test Cases/test case folder 1/tc1 - Copy (7) - Copy: Test Cases/test case folder 1/tc1 - Copy (7) - Copy

17-06-2024T18:32:36 - [TEST_STEP][PASSED] - openBrowser(""): Browser is opened with url: ''

17-06-2024T18:32:36 - [MESSAGE][WARNING] - A browser is already opened. Closing browser and opening a new one

17-06-2024T18:32:36 - [MESSAGE][INFO] - Starting 'Chrome (headless)' driver

17-06-2024T18:32:36 - [MESSAGE][INFO] - Action delay is set to 0 milliseconds

17-06-2024T18:32:37 - [MESSAGE][PASSED] - Browser is opened with url: ''

17-06-2024T18:32:37 - [TEST_STEP][PASSED] - navigateToUrl("https://doodles.google/about/"): Navigate to 'https://doodles.google/about/' successfully

17-06-2024T18:32:41 - [MESSAGE][PASSED] - Navigate to 'https://doodles.google/about/' successfully

17-06-2024T18:32:41 - [TEST_STEP][PASSED] - click(findTestObject("Object Repository/Page_The Story and Evolution of Doodles - G_6e786d/p_The first Doodle was a simple out-of-offi_345e61")): Object: 'Object Repository/Page_The Story and Evolution of Doodles - G_6e786d/p_The first Doodle was a simple out-of-offi_345e61' is clicked on

17-06-2024T18:32:41 - [MESSAGE][PASSED] - Object: 'Object Repository/Page_The Story and Evolution of Doodles - G_6e786d/p_The first Doodle was a simple out-of-offi_345e61' is clicked on

17-06-2024T18:32:41 - [TEST_STEP][PASSED] - click(findTestObject("Object Repository/Page_The Story and Evolution of Doodles - G_6e786d/p_The first Doodle was a simple out-of-offi_345e61")): Object: 'Object Repository/Page_The Story and Evolution of Doodles - G_6e786d/p_The first Doodle was a simple out-of-offi_345e61' is clicked on

17-06-2024T18:32:42 - [MESSAGE][PASSED] - Object: 'Object Repository/Page_The Story and Evolution of Doodles - G_6e786d/p_The first Doodle was a simple out-of-offi_345e61' is clicked on

17-06-2024T18:32:42 - [TEST_STEP][PASSED] - verifyElementVisible(findTestObject("Object Repository/Page_The Story and Evolution of Doodles - G_6e786d/h1_The story behind Doodles")): Object 'Object Repository/Page_The Story and Evolution of Doodles - G_6e786d/h1_The story behind Doodles' is visible

17-06-2024T18:32:42 - [MESSAGE][PASSED] - Object 'Object Repository/Page_The Story and Evolution of Doodles - G_6e786d/h1_The story behind Doodles' is visible

17-06-2024T18:32:42 - [TEST_STEP][PASSED] - verifyElementVisible(findTestObject("Object Repository/Page_The Story and Evolution of Doodles - G_6e786d/p_The first Doodle was a simple out-of-offi_345e61")): Object 'Object Repository/Page_The Story and Evolution of Doodles - G_6e786d/p_The first Doodle was a simple out-of-offi_345e61' is visible

17-06-2024T18:32:43 - [MESSAGE][PASSED] - Object 'Object Repository/Page_The Story and Evolution of Doodles - G_6e786d/p_The first Doodle was a simple out-of-offi_345e61' is visible

17-06-2024T18:32:43 - [TEST_STEP][PASSED] - verifyElementVisible(findTestObject("Object Repository/Page_The Story and Evolution of Doodles - G_6e786d/h2_Weve created more than 5,000 Doodles ove_111429")): Object 'Object Repository/Page_The Story and Evolution of Doodles - G_6e786d/h2_Weve created more than 5,000 Doodles ove_111429' is visible

17-06-2024T18:32:43 - [MESSAGE][PASSED] - Object 'Object Repository/Page_The Story and Evolution of Doodles - G_6e786d/h2_Weve created more than 5,000 Doodles ove_111429' is visible

17-06-2024T18:32:43 - [TEST_STEP][PASSED] - verifyElementVisible(findTestObject("Object Repository/Page_The Story and Evolution of Doodles - G_6e786d/h1_The story behind Doodles")): Object 'Object Repository/Page_The Story and Evolution of Doodles - G_6e786d/h1_The story behind Doodles' is visible

17-06-2024T18:32:43 - [MESSAGE][PASSED] - Object 'Object Repository/Page_The Story and Evolution of Doodles - G_6e786d/h1_The story behind Doodles' is visible

17-06-2024T18:32:43 - [TEST_STEP][PASSED] - verifyElementVisible(findTestObject("Object Repository/Page_The Story and Evolution of Doodles - G_6e786d/p_The first Doodle was a simple out-of-offi_345e61")): Object 'Object Repository/Page_The Story and Evolution of Doodles - G_6e786d/p_The first Doodle was a simple out-of-offi_345e61' is visible

17-06-2024T18:32:44 - [MESSAGE][PASSED] - Object 'Object Repository/Page_The Story and Evolution of Doodles - G_6e786d/p_The first Doodle was a simple out-of-offi_345e61' is visible

17-06-2024T18:32:44 - [TEST_STEP][PASSED] - verifyElementVisible(findTestObject("Object Repository/Page_The Story and Evolution of Doodles - G_6e786d/h2_Weve created more than 5,000 Doodles ove_111429")): Object 'Object Repository/Page_The Story and Evolution of Doodles - G_6e786d/h2_Weve created more than 5,000 Doodles ove_111429' is visible

17-06-2024T18:32:44 - [MESSAGE][PASSED] - Object 'Object Repository/Page_The Story and Evolution of Doodles - G_6e786d/h2_Weve created more than 5,000 Doodles ove_111429' is visible

17-06-2024T18:32:44 - [TEST_STEP][PASSED] - click(findTestObject("Object Repository/Page_The Story and Evolution of Doodles - G_6e786d/p_The first Doodle was a simple out-of-offi_345e61")): Object: 'Object Repository/Page_The Story and Evolution of Doodles - G_6e786d/p_The first Doodle was a simple out-of-offi_345e61' is clicked on

17-06-2024T18:32:44 - [MESSAGE][PASSED] - Object: 'Object Repository/Page_The Story and Evolution of Doodles - G_6e786d/p_The first Doodle was a simple out-of-offi_345e61' is clicked on

17-06-2024T18:32:44 - [TEST_STEP][PASSED] - verifyElementVisible(findTestObject("Object Repository/Page_The Story and Evolution of Doodles - G_6e786d/h1_The story behind Doodles")): Object 'Object Repository/Page_The Story and Evolution of Doodles - G_6e786d/h1_The story behind Doodles' is visible

17-06-2024T18:32:45 - [MESSAGE][PASSED] - Object 'Object Repository/Page_The Story and Evolution of Doodles - G_6e786d/h1_The story behind Doodles' is visible

17-06-2024T18:32:45 - [TEST_STEP][PASSED] - verifyElementVisible(findTestObject("Object Repository/Page_The Story and Evolution of Doodles - G_6e786d/p_The first Doodle was a simple out-of-offi_345e61")): Object 'Object Repository/Page_The Story and Evolution of Doodles - G_6e786d/p_The first Doodle was a simple out-of-offi_345e61' is visible

17-06-2024T18:32:45 - [MESSAGE][PASSED] - Object 'Object Repository/Page_The Story and Evolution of Doodles - G_6e786d/p_The first Doodle was a simple out-of-offi_345e61' is visible

17-06-2024T18:32:45 - [TEST_STEP][PASSED] - verifyElementVisible(findTestObject("Object Repository/Page_The Story and Evolution of Doodles - G_6e786d/h2_Weve created more than 5,000 Doodles ove_111429")): Object 'Object Repository/Page_The Story and Evolution of Doodles - G_6e786d/h2_Weve created more than 5,000 Doodles ove_111429' is visible

17-06-2024T18:32:45 - [MESSAGE][PASSED] - Object 'Object Repository/Page_The Story and Evolution of Doodles - G_6e786d/h2_Weve created more than 5,000 Doodles ove_111429' is visible

17-06-2024T18:32:45 - [TEST_STEP][PASSED] - click(findTestObject("Object Repository/Page_The Story and Evolution of Doodles - G_6e786d/p_The first Doodle was a simple out-of-offi_345e61")): Object: 'Object Repository/Page_The Story and Evolution of Doodles - G_6e786d/p_The first Doodle was a simple out-of-offi_345e61' is clicked on

17-06-2024T18:32:46 - [MESSAGE][PASSED] - Object: 'Object Repository/Page_The Story and Evolution of Doodles - G_6e786d/p_The first Doodle was a simple out-of-offi_345e61' is clicked on

17-06-2024T18:32:46 - [TEST_STEP][PASSED] - verifyElementVisible(findTestObject("Object Repository/Page_The Story and Evolution of Doodles - G_6e786d/h1_The story behind Doodles")): Object 'Object Repository/Page_The Story and Evolution of Doodles - G_6e786d/h1_The story behind Doodles' is visible

17-06-2024T18:32:46 - [MESSAGE][PASSED] - Object 'Object Repository/Page_The Story and Evolution of Doodles - G_6e786d/h1_The story behind Doodles' is visible

17-06-2024T18:32:46 - [TEST_STEP][PASSED] - verifyElementVisible(findTestObject("Object Repository/Page_The Story and Evolution of Doodles - G_6e786d/p_The first Doodle was a simple out-of-offi_345e61")): Object 'Object Repository/Page_The Story and Evolution of Doodles - G_6e786d/p_The first Doodle was a simple out-of-offi_345e61' is visible

17-06-2024T18:32:46 - [MESSAGE][PASSED] - Object 'Object Repository/Page_The Story and Evolution of Doodles - G_6e786d/p_The first Doodle was a simple out-of-offi_345e61' is visible

17-06-2024T18:32:46 - [TEST_STEP][PASSED] - verifyElementVisible(findTestObject("Object Repository/Page_The Story and Evolution of Doodles - G_6e786d/h2_Weve created more than 5,000 Doodles ove_111429")): Object 'Object Repository/Page_The Story and Evolution of Doodles - G_6e786d/h2_Weve created more than 5,000 Doodles ove_111429' is visible

17-06-2024T18:32:47 - [MESSAGE][PASSED] - Object 'Object Repository/Page_The Story and Evolution of Doodles - G_6e786d/h2_Weve created more than 5,000 Doodles ove_111429' is visible

17-06-2024T18:32:47 - [TEST_STEP][PASSED] - click(findTestObject("Object Repository/Page_The Story and Evolution of Doodles - G_6e786d/p_The first Doodle was a simple out-of-offi_345e61")): Object: 'Object Repository/Page_The Story and Evolution of Doodles - G_6e786d/p_The first Doodle was a simple out-of-offi_345e61' is clicked on

17-06-2024T18:32:47 - [MESSAGE][PASSED] - Object: 'Object Repository/Page_The Story and Evolution of Doodles - G_6e786d/p_The first Doodle was a simple out-of-offi_345e61' is clicked on

17-06-2024T18:32:47 - [TEST_STEP][PASSED] - verifyElementVisible(findTestObject("Object Repository/Page_The Story and Evolution of Doodles - G_6e786d/h1_The story behind Doodles")): Object 'Object Repository/Page_The Story and Evolution of Doodles - G_6e786d/h1_The story behind Doodles' is visible

17-06-2024T18:32:47 - [MESSAGE][PASSED] - Object 'Object Repository/Page_The Story and Evolution of Doodles - G_6e786d/h1_The story behind Doodles' is visible

17-06-2024T18:32:47 - [TEST_STEP][PASSED] - verifyElementVisible(findTestObject("Object Repository/Page_The Story and Evolution of Doodles - G_6e786d/p_The first Doodle was a simple out-of-offi_345e61")): Object 'Object Repository/Page_The Story and Evolution of Doodles - G_6e786d/p_The first Doodle was a simple out-of-offi_345e61' is visible

17-06-2024T18:32:48 - [MESSAGE][PASSED] - Object 'Object Repository/Page_The Story and Evolution of Doodles - G_6e786d/p_The first Doodle was a simple out-of-offi_345e61' is visible

17-06-2024T18:32:48 - [TEST_STEP][PASSED] - verifyElementVisible(findTestObject("Object Repository/Page_The Story and Evolution of Doodles - G_6e786d/h2_Weve created more than 5,000 Doodles ove_111429")): Object 'Object Repository/Page_The Story and Evolution of Doodles - G_6e786d/h2_Weve created more than 5,000 Doodles ove_111429' is visible

17-06-2024T18:32:48 - [MESSAGE][PASSED] - Object 'Object Repository/Page_The Story and Evolution of Doodles - G_6e786d/h2_Weve created more than 5,000 Doodles ove_111429' is visible

17-06-2024T18:32:48 - [TEST_STEP][PASSED] - click(findTestObject("Object Repository/Page_The Story and Evolution of Doodles - G_6e786d/p_The first Doodle was a simple out-of-offi_345e61")): Object: 'Object Repository/Page_The Story and Evolution of Doodles - G_6e786d/p_The first Doodle was a simple out-of-offi_345e61' is clicked on

17-06-2024T18:32:48 - [MESSAGE][PASSED] - Object: 'Object Repository/Page_The Story and Evolution of Doodles - G_6e786d/p_The first Doodle was a simple out-of-offi_345e61' is clicked on

17-06-2024T18:32:48 - [TEST_STEP][PASSED] - verifyElementVisible(findTestObject("Object Repository/Page_The Story and Evolution of Doodles - G_6e786d/h1_The story behind Doodles")): Object 'Object Repository/Page_The Story and Evolution of Doodles - G_6e786d/h1_The story behind Doodles' is visible

17-06-2024T18:32:49 - [MESSAGE][PASSED] - Object 'Object Repository/Page_The Story and Evolution of Doodles - G_6e786d/h1_The story behind Doodles' is visible

17-06-2024T18:32:49 - [TEST_STEP][PASSED] - verifyElementVisible(findTestObject("Object Repository/Page_The Story and Evolution of Doodles - G_6e786d/p_The first Doodle was a simple out-of-offi_345e61")): Object 'Object Repository/Page_The Story and Evolution of Doodles - G_6e786d/p_The first Doodle was a simple out-of-offi_345e61' is visible

17-06-2024T18:32:49 - [MESSAGE][PASSED] - Object 'Object Repository/Page_The Story and Evolution of Doodles - G_6e786d/p_The first Doodle was a simple out-of-offi_345e61' is visible

17-06-2024T18:32:49 - [TEST_STEP][PASSED] - verifyElementVisible(findTestObject("Object Repository/Page_The Story and Evolution of Doodles - G_6e786d/h2_Weve created more than 5,000 Doodles ove_111429")): Object 'Object Repository/Page_The Story and Evolution of Doodles - G_6e786d/h2_Weve created more than 5,000 Doodles ove_111429' is visible

17-06-2024T18:32:49 - [MESSAGE][PASSED] - Object 'Object Repository/Page_The Story and Evolution of Doodles - G_6e786d/h2_Weve created more than 5,000 Doodles ove_111429' is visible

17-06-2024T18:32:49 - [TEST_STEP][PASSED] - click(findTestObject("Object Repository/Page_The Story and Evolution of Doodles - G_6e786d/p_The first Doodle was a simple out-of-offi_345e61")): Object: 'Object Repository/Page_The Story and Evolution of Doodles - G_6e786d/p_The first Doodle was a simple out-of-offi_345e61' is clicked on

17-06-2024T18:32:50 - [MESSAGE][PASSED] - Object: 'Object Repository/Page_The Story and Evolution of Doodles - G_6e786d/p_The first Doodle was a simple out-of-offi_345e61' is clicked on

17-06-2024T18:32:50 - [TEST_STEP][PASSED] - verifyElementVisible(findTestObject("Object Repository/Page_The Story and Evolution of Doodles - G_6e786d/h1_The story behind Doodles")): Object 'Object Repository/Page_The Story and Evolution of Doodles - G_6e786d/h1_The story behind Doodles' is visible

17-06-2024T18:32:50 - [MESSAGE][PASSED] - Object 'Object Repository/Page_The Story and Evolution of Doodles - G_6e786d/h1_The story behind Doodles' is visible

17-06-2024T18:32:50 - [TEST_STEP][PASSED] - verifyElementVisible(findTestObject("Object Repository/Page_The Story and Evolution of Doodles - G_6e786d/p_The first Doodle was a simple out-of-offi_345e61")): Object 'Object Repository/Page_The Story and Evolution of Doodles - G_6e786d/p_The first Doodle was a simple out-of-offi_345e61' is visible

17-06-2024T18:32:50 - [MESSAGE][PASSED] - Object 'Object Repository/Page_The Story and Evolution of Doodles - G_6e786d/p_The first Doodle was a simple out-of-offi_345e61' is visible

17-06-2024T18:32:50 - [TEST_STEP][PASSED] - verifyElementVisible(findTestObject("Object Repository/Page_The Story and Evolution of Doodles - G_6e786d/h2_Weve created more than 5,000 Doodles ove_111429")): Object 'Object Repository/Page_The Story and Evolution of Doodles - G_6e786d/h2_Weve created more than 5,000 Doodles ove_111429' is visible

17-06-2024T18:32:51 - [MESSAGE][PASSED] - Object 'Object Repository/Page_The Story and Evolution of Doodles - G_6e786d/h2_Weve created more than 5,000 Doodles ove_111429' is visible

17-06-2024T18:32:51 - [TEST_STEP][PASSED] - click(findTestObject("Object Repository/Page_The Story and Evolution of Doodles - G_6e786d/p_The first Doodle was a simple out-of-offi_345e61")): Object: 'Object Repository/Page_The Story and Evolution of Doodles - G_6e786d/p_The first Doodle was a simple out-of-offi_345e61' is clicked on

17-06-2024T18:32:51 - [MESSAGE][PASSED] - Object: 'Object Repository/Page_The Story and Evolution of Doodles - G_6e786d/p_The first Doodle was a simple out-of-offi_345e61' is clicked on

17-06-2024T18:32:51 - [TEST_STEP][PASSED] - verifyElementVisible(findTestObject("Object Repository/Page_The Story and Evolution of Doodles - G_6e786d/h1_The story behind Doodles")): Object 'Object Repository/Page_The Story and Evolution of Doodles - G_6e786d/h1_The story behind Doodles' is visible

17-06-2024T18:32:51 - [MESSAGE][PASSED] - Object 'Object Repository/Page_The Story and Evolution of Doodles - G_6e786d/h1_The story behind Doodles' is visible

17-06-2024T18:32:51 - [TEST_STEP][PASSED] - verifyElementVisible(findTestObject("Object Repository/Page_The Story and Evolution of Doodles - G_6e786d/p_The first Doodle was a simple out-of-offi_345e61")): Object 'Object Repository/Page_The Story and Evolution of Doodles - G_6e786d/p_The first Doodle was a simple out-of-offi_345e61' is visible

17-06-2024T18:32:52 - [MESSAGE][PASSED] - Object 'Object Repository/Page_The Story and Evolution of Doodles - G_6e786d/p_The first Doodle was a simple out-of-offi_345e61' is visible

17-06-2024T18:32:52 - [TEST_STEP][PASSED] - verifyElementVisible(findTestObject("Object Repository/Page_The Story and Evolution of Doodles - G_6e786d/h2_Weve created more than 5,000 Doodles ove_111429")): Object 'Object Repository/Page_The Story and Evolution of Doodles - G_6e786d/h2_Weve created more than 5,000 Doodles ove_111429' is visible

17-06-2024T18:32:52 - [MESSAGE][PASSED] - Object 'Object Repository/Page_The Story and Evolution of Doodles - G_6e786d/h2_Weve created more than 5,000 Doodles ove_111429' is visible

17-06-2024T18:32:52 - [TEST_STEP][PASSED] - click(findTestObject("Object Repository/Page_The Story and Evolution of Doodles - G_6e786d/p_The first Doodle was a simple out-of-offi_345e61")): Object: 'Object Repository/Page_The Story and Evolution of Doodles - G_6e786d/p_The first Doodle was a simple out-of-offi_345e61' is clicked on

17-06-2024T18:32:52 - [MESSAGE][PASSED] - Object: 'Object Repository/Page_The Story and Evolution of Doodles - G_6e786d/p_The first Doodle was a simple out-of-offi_345e61' is clicked on

17-06-2024T18:32:52 - [TEST_STEP][PASSED] - verifyElementVisible(findTestObject("Object Repository/Page_The Story and Evolution of Doodles - G_6e786d/h1_The story behind Doodles")): Object 'Object Repository/Page_The Story and Evolution of Doodles - G_6e786d/h1_The story behind Doodles' is visible

17-06-2024T18:32:53 - [MESSAGE][PASSED] - Object 'Object Repository/Page_The Story and Evolution of Doodles - G_6e786d/h1_The story behind Doodles' is visible

17-06-2024T18:32:53 - [TEST_STEP][PASSED] - verifyElementVisible(findTestObject("Object Repository/Page_The Story and Evolution of Doodles - G_6e786d/p_The first Doodle was a simple out-of-offi_345e61")): Object 'Object Repository/Page_The Story and Evolution of Doodles - G_6e786d/p_The first Doodle was a simple out-of-offi_345e61' is visible

17-06-2024T18:32:53 - [MESSAGE][PASSED] - Object 'Object Repository/Page_The Story and Evolution of Doodles - G_6e786d/p_The first Doodle was a simple out-of-offi_345e61' is visible

17-06-2024T18:32:53 - [TEST_STEP][PASSED] - verifyElementVisible(findTestObject("Object Repository/Page_The Story and Evolution of Doodles - G_6e786d/h2_Weve created more than 5,000 Doodles ove_111429")): Object 'Object Repository/Page_The Story and Evolution of Doodles - G_6e786d/h2_Weve created more than 5,000 Doodles ove_111429' is visible

17-06-2024T18:32:53 - [MESSAGE][PASSED] - Object 'Object Repository/Page_The Story and Evolution of Doodles - G_6e786d/h2_Weve created more than 5,000 Doodles ove_111429' is visible

17-06-2024T18:32:53 - [TEST_STEP][PASSED] - click(findTestObject("Object Repository/Page_The Story and Evolution of Doodles - G_6e786d/p_The first Doodle was a simple out-of-offi_345e61")): Object: 'Object Repository/Page_The Story and Evolution of Doodles - G_6e786d/p_The first Doodle was a simple out-of-offi_345e61' is clicked on

17-06-2024T18:32:54 - [MESSAGE][PASSED] - Object: 'Object Repository/Page_The Story and Evolution of Doodles - G_6e786d/p_The first Doodle was a simple out-of-offi_345e61' is clicked on

17-06-2024T18:32:54 - [TEST_STEP][PASSED] - verifyElementVisible(findTestObject("Object Repository/Page_The Story and Evolution of Doodles - G_6e786d/h1_The story behind Doodles")): Object 'Object Repository/Page_The Story and Evolution of Doodles - G_6e786d/h1_The story behind Doodles' is visible

17-06-2024T18:32:54 - [MESSAGE][PASSED] - Object 'Object Repository/Page_The Story and Evolution of Doodles - G_6e786d/h1_The story behind Doodles' is visible

17-06-2024T18:32:54 - [TEST_STEP][PASSED] - verifyElementVisible(findTestObject("Object Repository/Page_The Story and Evolution of Doodles - G_6e786d/p_The first Doodle was a simple out-of-offi_345e61")): Object 'Object Repository/Page_The Story and Evolution of Doodles - G_6e786d/p_The first Doodle was a simple out-of-offi_345e61' is visible

17-06-2024T18:32:54 - [MESSAGE][PASSED] - Object 'Object Repository/Page_The Story and Evolution of Doodles - G_6e786d/p_The first Doodle was a simple out-of-offi_345e61' is visible

17-06-2024T18:32:54 - [TEST_STEP][PASSED] - verifyElementVisible(findTestObject("Object Repository/Page_The Story and Evolution of Doodles - G_6e786d/h2_Weve created more than 5,000 Doodles ove_111429")): Object 'Object Repository/Page_The Story and Evolution of Doodles - G_6e786d/h2_Weve created more than 5,000 Doodles ove_111429' is visible

17-06-2024T18:32:55 - [MESSAGE][PASSED] - Object 'Object Repository/Page_The Story and Evolution of Doodles - G_6e786d/h2_Weve created more than 5,000 Doodles ove_111429' is visible

17-06-2024T18:32:55 - [TEST_STEP][PASSED] - click(findTestObject("Object Repository/Page_The Story and Evolution of Doodles - G_6e786d/p_The first Doodle was a simple out-of-offi_345e61")): Object: 'Object Repository/Page_The Story and Evolution of Doodles - G_6e786d/p_The first Doodle was a simple out-of-offi_345e61' is clicked on

17-06-2024T18:32:55 - [MESSAGE][PASSED] - Object: 'Object Repository/Page_The Story and Evolution of Doodles - G_6e786d/p_The first Doodle was a simple out-of-offi_345e61' is clicked on

17-06-2024T18:32:55 - [TEST_STEP][PASSED] - verifyElementVisible(findTestObject("Object Repository/Page_The Story and Evolution of Doodles - G_6e786d/h1_The story behind Doodles")): Object 'Object Repository/Page_The Story and Evolution of Doodles - G_6e786d/h1_The story behind Doodles' is visible

17-06-2024T18:32:55 - [MESSAGE][PASSED] - Object 'Object Repository/Page_The Story and Evolution of Doodles - G_6e786d/h1_The story behind Doodles' is visible

17-06-2024T18:32:55 - [TEST_STEP][PASSED] - verifyElementVisible(findTestObject("Object Repository/Page_The Story and Evolution of Doodles - G_6e786d/p_The first Doodle was a simple out-of-offi_345e61")): Object 'Object Repository/Page_The Story and Evolution of Doodles - G_6e786d/p_The first Doodle was a simple out-of-offi_345e61' is visible

17-06-2024T18:32:56 - [MESSAGE][PASSED] - Object 'Object Repository/Page_The Story and Evolution of Doodles - G_6e786d/p_The first Doodle was a simple out-of-offi_345e61' is visible

17-06-2024T18:32:56 - [TEST_STEP][PASSED] - verifyElementVisible(findTestObject("Object Repository/Page_The Story and Evolution of Doodles - G_6e786d/h2_Weve created more than 5,000 Doodles ove_111429")): Object 'Object Repository/Page_The Story and Evolution of Doodles - G_6e786d/h2_Weve created more than 5,000 Doodles ove_111429' is visible

17-06-2024T18:32:56 - [MESSAGE][PASSED] - Object 'Object Repository/Page_The Story and Evolution of Doodles - G_6e786d/h2_Weve created more than 5,000 Doodles ove_111429' is visible]]></system-out>
         <system-err><![CDATA[]]></system-err>
      </testcase>
      <testcase name="Test Cases/test case folder 1/tc1 - Copy (8)" time="19.572" classname="Test Cases/test case folder 1/tc1 - Copy (8)" status="PASSED">
         <system-out><![CDATA[17-06-2024T18:32:56 - [TEST_CASE][PASSED] - Test Cases/test case folder 1/tc1 - Copy (8): Test Cases/test case folder 1/tc1 - Copy (8)

17-06-2024T18:32:56 - [TEST_STEP][PASSED] - openBrowser(""): Browser is opened with url: ''

17-06-2024T18:32:56 - [MESSAGE][WARNING] - A browser is already opened. Closing browser and opening a new one

17-06-2024T18:32:57 - [MESSAGE][INFO] - Starting 'Chrome (headless)' driver

17-06-2024T18:32:57 - [MESSAGE][INFO] - Action delay is set to 0 milliseconds

17-06-2024T18:32:58 - [MESSAGE][PASSED] - Browser is opened with url: ''

17-06-2024T18:32:58 - [TEST_STEP][PASSED] - navigateToUrl("https://doodles.google/about/"): Navigate to 'https://doodles.google/about/' successfully

17-06-2024T18:33:01 - [MESSAGE][PASSED] - Navigate to 'https://doodles.google/about/' successfully

17-06-2024T18:33:01 - [TEST_STEP][PASSED] - click(findTestObject("Object Repository/Page_The Story and Evolution of Doodles - G_6e786d/p_The first Doodle was a simple out-of-offi_345e61")): Object: 'Object Repository/Page_The Story and Evolution of Doodles - G_6e786d/p_The first Doodle was a simple out-of-offi_345e61' is clicked on

17-06-2024T18:33:01 - [MESSAGE][PASSED] - Object: 'Object Repository/Page_The Story and Evolution of Doodles - G_6e786d/p_The first Doodle was a simple out-of-offi_345e61' is clicked on

17-06-2024T18:33:01 - [TEST_STEP][PASSED] - click(findTestObject("Object Repository/Page_The Story and Evolution of Doodles - G_6e786d/p_The first Doodle was a simple out-of-offi_345e61")): Object: 'Object Repository/Page_The Story and Evolution of Doodles - G_6e786d/p_The first Doodle was a simple out-of-offi_345e61' is clicked on

17-06-2024T18:33:01 - [MESSAGE][PASSED] - Object: 'Object Repository/Page_The Story and Evolution of Doodles - G_6e786d/p_The first Doodle was a simple out-of-offi_345e61' is clicked on

17-06-2024T18:33:01 - [TEST_STEP][PASSED] - verifyElementVisible(findTestObject("Object Repository/Page_The Story and Evolution of Doodles - G_6e786d/h1_The story behind Doodles")): Object 'Object Repository/Page_The Story and Evolution of Doodles - G_6e786d/h1_The story behind Doodles' is visible

17-06-2024T18:33:02 - [MESSAGE][PASSED] - Object 'Object Repository/Page_The Story and Evolution of Doodles - G_6e786d/h1_The story behind Doodles' is visible

17-06-2024T18:33:02 - [TEST_STEP][PASSED] - verifyElementVisible(findTestObject("Object Repository/Page_The Story and Evolution of Doodles - G_6e786d/p_The first Doodle was a simple out-of-offi_345e61")): Object 'Object Repository/Page_The Story and Evolution of Doodles - G_6e786d/p_The first Doodle was a simple out-of-offi_345e61' is visible

17-06-2024T18:33:02 - [MESSAGE][PASSED] - Object 'Object Repository/Page_The Story and Evolution of Doodles - G_6e786d/p_The first Doodle was a simple out-of-offi_345e61' is visible

17-06-2024T18:33:02 - [TEST_STEP][PASSED] - verifyElementVisible(findTestObject("Object Repository/Page_The Story and Evolution of Doodles - G_6e786d/h2_Weve created more than 5,000 Doodles ove_111429")): Object 'Object Repository/Page_The Story and Evolution of Doodles - G_6e786d/h2_Weve created more than 5,000 Doodles ove_111429' is visible

17-06-2024T18:33:02 - [MESSAGE][PASSED] - Object 'Object Repository/Page_The Story and Evolution of Doodles - G_6e786d/h2_Weve created more than 5,000 Doodles ove_111429' is visible

17-06-2024T18:33:02 - [TEST_STEP][PASSED] - verifyElementVisible(findTestObject("Object Repository/Page_The Story and Evolution of Doodles - G_6e786d/h1_The story behind Doodles")): Object 'Object Repository/Page_The Story and Evolution of Doodles - G_6e786d/h1_The story behind Doodles' is visible

17-06-2024T18:33:03 - [MESSAGE][PASSED] - Object 'Object Repository/Page_The Story and Evolution of Doodles - G_6e786d/h1_The story behind Doodles' is visible

17-06-2024T18:33:03 - [TEST_STEP][PASSED] - verifyElementVisible(findTestObject("Object Repository/Page_The Story and Evolution of Doodles - G_6e786d/p_The first Doodle was a simple out-of-offi_345e61")): Object 'Object Repository/Page_The Story and Evolution of Doodles - G_6e786d/p_The first Doodle was a simple out-of-offi_345e61' is visible

17-06-2024T18:33:03 - [MESSAGE][PASSED] - Object 'Object Repository/Page_The Story and Evolution of Doodles - G_6e786d/p_The first Doodle was a simple out-of-offi_345e61' is visible

17-06-2024T18:33:03 - [TEST_STEP][PASSED] - verifyElementVisible(findTestObject("Object Repository/Page_The Story and Evolution of Doodles - G_6e786d/h2_Weve created more than 5,000 Doodles ove_111429")): Object 'Object Repository/Page_The Story and Evolution of Doodles - G_6e786d/h2_Weve created more than 5,000 Doodles ove_111429' is visible

17-06-2024T18:33:03 - [MESSAGE][PASSED] - Object 'Object Repository/Page_The Story and Evolution of Doodles - G_6e786d/h2_Weve created more than 5,000 Doodles ove_111429' is visible

17-06-2024T18:33:03 - [TEST_STEP][PASSED] - click(findTestObject("Object Repository/Page_The Story and Evolution of Doodles - G_6e786d/p_The first Doodle was a simple out-of-offi_345e61")): Object: 'Object Repository/Page_The Story and Evolution of Doodles - G_6e786d/p_The first Doodle was a simple out-of-offi_345e61' is clicked on

17-06-2024T18:33:04 - [MESSAGE][PASSED] - Object: 'Object Repository/Page_The Story and Evolution of Doodles - G_6e786d/p_The first Doodle was a simple out-of-offi_345e61' is clicked on

17-06-2024T18:33:04 - [TEST_STEP][PASSED] - verifyElementVisible(findTestObject("Object Repository/Page_The Story and Evolution of Doodles - G_6e786d/h1_The story behind Doodles")): Object 'Object Repository/Page_The Story and Evolution of Doodles - G_6e786d/h1_The story behind Doodles' is visible

17-06-2024T18:33:04 - [MESSAGE][PASSED] - Object 'Object Repository/Page_The Story and Evolution of Doodles - G_6e786d/h1_The story behind Doodles' is visible

17-06-2024T18:33:04 - [TEST_STEP][PASSED] - verifyElementVisible(findTestObject("Object Repository/Page_The Story and Evolution of Doodles - G_6e786d/p_The first Doodle was a simple out-of-offi_345e61")): Object 'Object Repository/Page_The Story and Evolution of Doodles - G_6e786d/p_The first Doodle was a simple out-of-offi_345e61' is visible

17-06-2024T18:33:04 - [MESSAGE][PASSED] - Object 'Object Repository/Page_The Story and Evolution of Doodles - G_6e786d/p_The first Doodle was a simple out-of-offi_345e61' is visible

17-06-2024T18:33:04 - [TEST_STEP][PASSED] - verifyElementVisible(findTestObject("Object Repository/Page_The Story and Evolution of Doodles - G_6e786d/h2_Weve created more than 5,000 Doodles ove_111429")): Object 'Object Repository/Page_The Story and Evolution of Doodles - G_6e786d/h2_Weve created more than 5,000 Doodles ove_111429' is visible

17-06-2024T18:33:05 - [MESSAGE][PASSED] - Object 'Object Repository/Page_The Story and Evolution of Doodles - G_6e786d/h2_Weve created more than 5,000 Doodles ove_111429' is visible

17-06-2024T18:33:05 - [TEST_STEP][PASSED] - click(findTestObject("Object Repository/Page_The Story and Evolution of Doodles - G_6e786d/p_The first Doodle was a simple out-of-offi_345e61")): Object: 'Object Repository/Page_The Story and Evolution of Doodles - G_6e786d/p_The first Doodle was a simple out-of-offi_345e61' is clicked on

17-06-2024T18:33:05 - [MESSAGE][PASSED] - Object: 'Object Repository/Page_The Story and Evolution of Doodles - G_6e786d/p_The first Doodle was a simple out-of-offi_345e61' is clicked on

17-06-2024T18:33:05 - [TEST_STEP][PASSED] - verifyElementVisible(findTestObject("Object Repository/Page_The Story and Evolution of Doodles - G_6e786d/h1_The story behind Doodles")): Object 'Object Repository/Page_The Story and Evolution of Doodles - G_6e786d/h1_The story behind Doodles' is visible

17-06-2024T18:33:05 - [MESSAGE][PASSED] - Object 'Object Repository/Page_The Story and Evolution of Doodles - G_6e786d/h1_The story behind Doodles' is visible

17-06-2024T18:33:05 - [TEST_STEP][PASSED] - verifyElementVisible(findTestObject("Object Repository/Page_The Story and Evolution of Doodles - G_6e786d/p_The first Doodle was a simple out-of-offi_345e61")): Object 'Object Repository/Page_The Story and Evolution of Doodles - G_6e786d/p_The first Doodle was a simple out-of-offi_345e61' is visible

17-06-2024T18:33:06 - [MESSAGE][PASSED] - Object 'Object Repository/Page_The Story and Evolution of Doodles - G_6e786d/p_The first Doodle was a simple out-of-offi_345e61' is visible

17-06-2024T18:33:06 - [TEST_STEP][PASSED] - verifyElementVisible(findTestObject("Object Repository/Page_The Story and Evolution of Doodles - G_6e786d/h2_Weve created more than 5,000 Doodles ove_111429")): Object 'Object Repository/Page_The Story and Evolution of Doodles - G_6e786d/h2_Weve created more than 5,000 Doodles ove_111429' is visible

17-06-2024T18:33:06 - [MESSAGE][PASSED] - Object 'Object Repository/Page_The Story and Evolution of Doodles - G_6e786d/h2_Weve created more than 5,000 Doodles ove_111429' is visible

17-06-2024T18:33:06 - [TEST_STEP][PASSED] - click(findTestObject("Object Repository/Page_The Story and Evolution of Doodles - G_6e786d/p_The first Doodle was a simple out-of-offi_345e61")): Object: 'Object Repository/Page_The Story and Evolution of Doodles - G_6e786d/p_The first Doodle was a simple out-of-offi_345e61' is clicked on

17-06-2024T18:33:06 - [MESSAGE][PASSED] - Object: 'Object Repository/Page_The Story and Evolution of Doodles - G_6e786d/p_The first Doodle was a simple out-of-offi_345e61' is clicked on

17-06-2024T18:33:06 - [TEST_STEP][PASSED] - verifyElementVisible(findTestObject("Object Repository/Page_The Story and Evolution of Doodles - G_6e786d/h1_The story behind Doodles")): Object 'Object Repository/Page_The Story and Evolution of Doodles - G_6e786d/h1_The story behind Doodles' is visible

17-06-2024T18:33:07 - [MESSAGE][PASSED] - Object 'Object Repository/Page_The Story and Evolution of Doodles - G_6e786d/h1_The story behind Doodles' is visible

17-06-2024T18:33:07 - [TEST_STEP][PASSED] - verifyElementVisible(findTestObject("Object Repository/Page_The Story and Evolution of Doodles - G_6e786d/p_The first Doodle was a simple out-of-offi_345e61")): Object 'Object Repository/Page_The Story and Evolution of Doodles - G_6e786d/p_The first Doodle was a simple out-of-offi_345e61' is visible

17-06-2024T18:33:07 - [MESSAGE][PASSED] - Object 'Object Repository/Page_The Story and Evolution of Doodles - G_6e786d/p_The first Doodle was a simple out-of-offi_345e61' is visible

17-06-2024T18:33:07 - [TEST_STEP][PASSED] - verifyElementVisible(findTestObject("Object Repository/Page_The Story and Evolution of Doodles - G_6e786d/h2_Weve created more than 5,000 Doodles ove_111429")): Object 'Object Repository/Page_The Story and Evolution of Doodles - G_6e786d/h2_Weve created more than 5,000 Doodles ove_111429' is visible

17-06-2024T18:33:07 - [MESSAGE][PASSED] - Object 'Object Repository/Page_The Story and Evolution of Doodles - G_6e786d/h2_Weve created more than 5,000 Doodles ove_111429' is visible

17-06-2024T18:33:07 - [TEST_STEP][PASSED] - click(findTestObject("Object Repository/Page_The Story and Evolution of Doodles - G_6e786d/p_The first Doodle was a simple out-of-offi_345e61")): Object: 'Object Repository/Page_The Story and Evolution of Doodles - G_6e786d/p_The first Doodle was a simple out-of-offi_345e61' is clicked on

17-06-2024T18:33:08 - [MESSAGE][PASSED] - Object: 'Object Repository/Page_The Story and Evolution of Doodles - G_6e786d/p_The first Doodle was a simple out-of-offi_345e61' is clicked on

17-06-2024T18:33:08 - [TEST_STEP][PASSED] - verifyElementVisible(findTestObject("Object Repository/Page_The Story and Evolution of Doodles - G_6e786d/h1_The story behind Doodles")): Object 'Object Repository/Page_The Story and Evolution of Doodles - G_6e786d/h1_The story behind Doodles' is visible

17-06-2024T18:33:08 - [MESSAGE][PASSED] - Object 'Object Repository/Page_The Story and Evolution of Doodles - G_6e786d/h1_The story behind Doodles' is visible

17-06-2024T18:33:08 - [TEST_STEP][PASSED] - verifyElementVisible(findTestObject("Object Repository/Page_The Story and Evolution of Doodles - G_6e786d/p_The first Doodle was a simple out-of-offi_345e61")): Object 'Object Repository/Page_The Story and Evolution of Doodles - G_6e786d/p_The first Doodle was a simple out-of-offi_345e61' is visible

17-06-2024T18:33:08 - [MESSAGE][PASSED] - Object 'Object Repository/Page_The Story and Evolution of Doodles - G_6e786d/p_The first Doodle was a simple out-of-offi_345e61' is visible

17-06-2024T18:33:08 - [TEST_STEP][PASSED] - verifyElementVisible(findTestObject("Object Repository/Page_The Story and Evolution of Doodles - G_6e786d/h2_Weve created more than 5,000 Doodles ove_111429")): Object 'Object Repository/Page_The Story and Evolution of Doodles - G_6e786d/h2_Weve created more than 5,000 Doodles ove_111429' is visible

17-06-2024T18:33:09 - [MESSAGE][PASSED] - Object 'Object Repository/Page_The Story and Evolution of Doodles - G_6e786d/h2_Weve created more than 5,000 Doodles ove_111429' is visible

17-06-2024T18:33:09 - [TEST_STEP][PASSED] - click(findTestObject("Object Repository/Page_The Story and Evolution of Doodles - G_6e786d/p_The first Doodle was a simple out-of-offi_345e61")): Object: 'Object Repository/Page_The Story and Evolution of Doodles - G_6e786d/p_The first Doodle was a simple out-of-offi_345e61' is clicked on

17-06-2024T18:33:09 - [MESSAGE][PASSED] - Object: 'Object Repository/Page_The Story and Evolution of Doodles - G_6e786d/p_The first Doodle was a simple out-of-offi_345e61' is clicked on

17-06-2024T18:33:09 - [TEST_STEP][PASSED] - verifyElementVisible(findTestObject("Object Repository/Page_The Story and Evolution of Doodles - G_6e786d/h1_The story behind Doodles")): Object 'Object Repository/Page_The Story and Evolution of Doodles - G_6e786d/h1_The story behind Doodles' is visible

17-06-2024T18:33:10 - [MESSAGE][PASSED] - Object 'Object Repository/Page_The Story and Evolution of Doodles - G_6e786d/h1_The story behind Doodles' is visible

17-06-2024T18:33:10 - [TEST_STEP][PASSED] - verifyElementVisible(findTestObject("Object Repository/Page_The Story and Evolution of Doodles - G_6e786d/p_The first Doodle was a simple out-of-offi_345e61")): Object 'Object Repository/Page_The Story and Evolution of Doodles - G_6e786d/p_The first Doodle was a simple out-of-offi_345e61' is visible

17-06-2024T18:33:10 - [MESSAGE][PASSED] - Object 'Object Repository/Page_The Story and Evolution of Doodles - G_6e786d/p_The first Doodle was a simple out-of-offi_345e61' is visible

17-06-2024T18:33:10 - [TEST_STEP][PASSED] - verifyElementVisible(findTestObject("Object Repository/Page_The Story and Evolution of Doodles - G_6e786d/h2_Weve created more than 5,000 Doodles ove_111429")): Object 'Object Repository/Page_The Story and Evolution of Doodles - G_6e786d/h2_Weve created more than 5,000 Doodles ove_111429' is visible

17-06-2024T18:33:10 - [MESSAGE][PASSED] - Object 'Object Repository/Page_The Story and Evolution of Doodles - G_6e786d/h2_Weve created more than 5,000 Doodles ove_111429' is visible

17-06-2024T18:33:10 - [TEST_STEP][PASSED] - click(findTestObject("Object Repository/Page_The Story and Evolution of Doodles - G_6e786d/p_The first Doodle was a simple out-of-offi_345e61")): Object: 'Object Repository/Page_The Story and Evolution of Doodles - G_6e786d/p_The first Doodle was a simple out-of-offi_345e61' is clicked on

17-06-2024T18:33:10 - [MESSAGE][PASSED] - Object: 'Object Repository/Page_The Story and Evolution of Doodles - G_6e786d/p_The first Doodle was a simple out-of-offi_345e61' is clicked on

17-06-2024T18:33:10 - [TEST_STEP][PASSED] - verifyElementVisible(findTestObject("Object Repository/Page_The Story and Evolution of Doodles - G_6e786d/h1_The story behind Doodles")): Object 'Object Repository/Page_The Story and Evolution of Doodles - G_6e786d/h1_The story behind Doodles' is visible

17-06-2024T18:33:11 - [MESSAGE][PASSED] - Object 'Object Repository/Page_The Story and Evolution of Doodles - G_6e786d/h1_The story behind Doodles' is visible

17-06-2024T18:33:11 - [TEST_STEP][PASSED] - verifyElementVisible(findTestObject("Object Repository/Page_The Story and Evolution of Doodles - G_6e786d/p_The first Doodle was a simple out-of-offi_345e61")): Object 'Object Repository/Page_The Story and Evolution of Doodles - G_6e786d/p_The first Doodle was a simple out-of-offi_345e61' is visible

17-06-2024T18:33:11 - [MESSAGE][PASSED] - Object 'Object Repository/Page_The Story and Evolution of Doodles - G_6e786d/p_The first Doodle was a simple out-of-offi_345e61' is visible

17-06-2024T18:33:11 - [TEST_STEP][PASSED] - verifyElementVisible(findTestObject("Object Repository/Page_The Story and Evolution of Doodles - G_6e786d/h2_Weve created more than 5,000 Doodles ove_111429")): Object 'Object Repository/Page_The Story and Evolution of Doodles - G_6e786d/h2_Weve created more than 5,000 Doodles ove_111429' is visible

17-06-2024T18:33:12 - [MESSAGE][PASSED] - Object 'Object Repository/Page_The Story and Evolution of Doodles - G_6e786d/h2_Weve created more than 5,000 Doodles ove_111429' is visible

17-06-2024T18:33:12 - [TEST_STEP][PASSED] - click(findTestObject("Object Repository/Page_The Story and Evolution of Doodles - G_6e786d/p_The first Doodle was a simple out-of-offi_345e61")): Object: 'Object Repository/Page_The Story and Evolution of Doodles - G_6e786d/p_The first Doodle was a simple out-of-offi_345e61' is clicked on

17-06-2024T18:33:12 - [MESSAGE][PASSED] - Object: 'Object Repository/Page_The Story and Evolution of Doodles - G_6e786d/p_The first Doodle was a simple out-of-offi_345e61' is clicked on

17-06-2024T18:33:12 - [TEST_STEP][PASSED] - verifyElementVisible(findTestObject("Object Repository/Page_The Story and Evolution of Doodles - G_6e786d/h1_The story behind Doodles")): Object 'Object Repository/Page_The Story and Evolution of Doodles - G_6e786d/h1_The story behind Doodles' is visible

17-06-2024T18:33:12 - [MESSAGE][PASSED] - Object 'Object Repository/Page_The Story and Evolution of Doodles - G_6e786d/h1_The story behind Doodles' is visible

17-06-2024T18:33:12 - [TEST_STEP][PASSED] - verifyElementVisible(findTestObject("Object Repository/Page_The Story and Evolution of Doodles - G_6e786d/p_The first Doodle was a simple out-of-offi_345e61")): Object 'Object Repository/Page_The Story and Evolution of Doodles - G_6e786d/p_The first Doodle was a simple out-of-offi_345e61' is visible

17-06-2024T18:33:13 - [MESSAGE][PASSED] - Object 'Object Repository/Page_The Story and Evolution of Doodles - G_6e786d/p_The first Doodle was a simple out-of-offi_345e61' is visible

17-06-2024T18:33:13 - [TEST_STEP][PASSED] - verifyElementVisible(findTestObject("Object Repository/Page_The Story and Evolution of Doodles - G_6e786d/h2_Weve created more than 5,000 Doodles ove_111429")): Object 'Object Repository/Page_The Story and Evolution of Doodles - G_6e786d/h2_Weve created more than 5,000 Doodles ove_111429' is visible

17-06-2024T18:33:13 - [MESSAGE][PASSED] - Object 'Object Repository/Page_The Story and Evolution of Doodles - G_6e786d/h2_Weve created more than 5,000 Doodles ove_111429' is visible

17-06-2024T18:33:13 - [TEST_STEP][PASSED] - click(findTestObject("Object Repository/Page_The Story and Evolution of Doodles - G_6e786d/p_The first Doodle was a simple out-of-offi_345e61")): Object: 'Object Repository/Page_The Story and Evolution of Doodles - G_6e786d/p_The first Doodle was a simple out-of-offi_345e61' is clicked on

17-06-2024T18:33:13 - [MESSAGE][PASSED] - Object: 'Object Repository/Page_The Story and Evolution of Doodles - G_6e786d/p_The first Doodle was a simple out-of-offi_345e61' is clicked on

17-06-2024T18:33:13 - [TEST_STEP][PASSED] - verifyElementVisible(findTestObject("Object Repository/Page_The Story and Evolution of Doodles - G_6e786d/h1_The story behind Doodles")): Object 'Object Repository/Page_The Story and Evolution of Doodles - G_6e786d/h1_The story behind Doodles' is visible

17-06-2024T18:33:14 - [MESSAGE][PASSED] - Object 'Object Repository/Page_The Story and Evolution of Doodles - G_6e786d/h1_The story behind Doodles' is visible

17-06-2024T18:33:14 - [TEST_STEP][PASSED] - verifyElementVisible(findTestObject("Object Repository/Page_The Story and Evolution of Doodles - G_6e786d/p_The first Doodle was a simple out-of-offi_345e61")): Object 'Object Repository/Page_The Story and Evolution of Doodles - G_6e786d/p_The first Doodle was a simple out-of-offi_345e61' is visible

17-06-2024T18:33:14 - [MESSAGE][PASSED] - Object 'Object Repository/Page_The Story and Evolution of Doodles - G_6e786d/p_The first Doodle was a simple out-of-offi_345e61' is visible

17-06-2024T18:33:14 - [TEST_STEP][PASSED] - verifyElementVisible(findTestObject("Object Repository/Page_The Story and Evolution of Doodles - G_6e786d/h2_Weve created more than 5,000 Doodles ove_111429")): Object 'Object Repository/Page_The Story and Evolution of Doodles - G_6e786d/h2_Weve created more than 5,000 Doodles ove_111429' is visible

17-06-2024T18:33:14 - [MESSAGE][PASSED] - Object 'Object Repository/Page_The Story and Evolution of Doodles - G_6e786d/h2_Weve created more than 5,000 Doodles ove_111429' is visible

17-06-2024T18:33:14 - [TEST_STEP][PASSED] - click(findTestObject("Object Repository/Page_The Story and Evolution of Doodles - G_6e786d/p_The first Doodle was a simple out-of-offi_345e61")): Object: 'Object Repository/Page_The Story and Evolution of Doodles - G_6e786d/p_The first Doodle was a simple out-of-offi_345e61' is clicked on

17-06-2024T18:33:15 - [MESSAGE][PASSED] - Object: 'Object Repository/Page_The Story and Evolution of Doodles - G_6e786d/p_The first Doodle was a simple out-of-offi_345e61' is clicked on

17-06-2024T18:33:15 - [TEST_STEP][PASSED] - verifyElementVisible(findTestObject("Object Repository/Page_The Story and Evolution of Doodles - G_6e786d/h1_The story behind Doodles")): Object 'Object Repository/Page_The Story and Evolution of Doodles - G_6e786d/h1_The story behind Doodles' is visible

17-06-2024T18:33:15 - [MESSAGE][PASSED] - Object 'Object Repository/Page_The Story and Evolution of Doodles - G_6e786d/h1_The story behind Doodles' is visible

17-06-2024T18:33:15 - [TEST_STEP][PASSED] - verifyElementVisible(findTestObject("Object Repository/Page_The Story and Evolution of Doodles - G_6e786d/p_The first Doodle was a simple out-of-offi_345e61")): Object 'Object Repository/Page_The Story and Evolution of Doodles - G_6e786d/p_The first Doodle was a simple out-of-offi_345e61' is visible

17-06-2024T18:33:15 - [MESSAGE][PASSED] - Object 'Object Repository/Page_The Story and Evolution of Doodles - G_6e786d/p_The first Doodle was a simple out-of-offi_345e61' is visible

17-06-2024T18:33:15 - [TEST_STEP][PASSED] - verifyElementVisible(findTestObject("Object Repository/Page_The Story and Evolution of Doodles - G_6e786d/h2_Weve created more than 5,000 Doodles ove_111429")): Object 'Object Repository/Page_The Story and Evolution of Doodles - G_6e786d/h2_Weve created more than 5,000 Doodles ove_111429' is visible

17-06-2024T18:33:16 - [MESSAGE][PASSED] - Object 'Object Repository/Page_The Story and Evolution of Doodles - G_6e786d/h2_Weve created more than 5,000 Doodles ove_111429' is visible]]></system-out>
         <system-err><![CDATA[]]></system-err>
      </testcase>
      <testcase name="Test Cases/test case folder 1/tc1 - Copy (9)" time="19.402" classname="Test Cases/test case folder 1/tc1 - Copy (9)" status="PASSED">
         <system-out><![CDATA[17-06-2024T18:33:16 - [TEST_CASE][PASSED] - Test Cases/test case folder 1/tc1 - Copy (9): Test Cases/test case folder 1/tc1 - Copy (9)

17-06-2024T18:33:16 - [TEST_STEP][PASSED] - openBrowser(""): Browser is opened with url: ''

17-06-2024T18:33:16 - [MESSAGE][WARNING] - A browser is already opened. Closing browser and opening a new one

17-06-2024T18:33:16 - [MESSAGE][INFO] - Starting 'Chrome (headless)' driver

17-06-2024T18:33:16 - [MESSAGE][INFO] - Action delay is set to 0 milliseconds

17-06-2024T18:33:17 - [MESSAGE][PASSED] - Browser is opened with url: ''

17-06-2024T18:33:17 - [TEST_STEP][PASSED] - navigateToUrl("https://doodles.google/about/"): Navigate to 'https://doodles.google/about/' successfully

17-06-2024T18:33:20 - [MESSAGE][PASSED] - Navigate to 'https://doodles.google/about/' successfully

17-06-2024T18:33:20 - [TEST_STEP][PASSED] - click(findTestObject("Object Repository/Page_The Story and Evolution of Doodles - G_6e786d/p_The first Doodle was a simple out-of-offi_345e61")): Object: 'Object Repository/Page_The Story and Evolution of Doodles - G_6e786d/p_The first Doodle was a simple out-of-offi_345e61' is clicked on

17-06-2024T18:33:20 - [MESSAGE][PASSED] - Object: 'Object Repository/Page_The Story and Evolution of Doodles - G_6e786d/p_The first Doodle was a simple out-of-offi_345e61' is clicked on

17-06-2024T18:33:20 - [TEST_STEP][PASSED] - click(findTestObject("Object Repository/Page_The Story and Evolution of Doodles - G_6e786d/p_The first Doodle was a simple out-of-offi_345e61")): Object: 'Object Repository/Page_The Story and Evolution of Doodles - G_6e786d/p_The first Doodle was a simple out-of-offi_345e61' is clicked on

17-06-2024T18:33:21 - [MESSAGE][PASSED] - Object: 'Object Repository/Page_The Story and Evolution of Doodles - G_6e786d/p_The first Doodle was a simple out-of-offi_345e61' is clicked on

17-06-2024T18:33:21 - [TEST_STEP][PASSED] - verifyElementVisible(findTestObject("Object Repository/Page_The Story and Evolution of Doodles - G_6e786d/h1_The story behind Doodles")): Object 'Object Repository/Page_The Story and Evolution of Doodles - G_6e786d/h1_The story behind Doodles' is visible

17-06-2024T18:33:21 - [MESSAGE][PASSED] - Object 'Object Repository/Page_The Story and Evolution of Doodles - G_6e786d/h1_The story behind Doodles' is visible

17-06-2024T18:33:21 - [TEST_STEP][PASSED] - verifyElementVisible(findTestObject("Object Repository/Page_The Story and Evolution of Doodles - G_6e786d/p_The first Doodle was a simple out-of-offi_345e61")): Object 'Object Repository/Page_The Story and Evolution of Doodles - G_6e786d/p_The first Doodle was a simple out-of-offi_345e61' is visible

17-06-2024T18:33:21 - [MESSAGE][PASSED] - Object 'Object Repository/Page_The Story and Evolution of Doodles - G_6e786d/p_The first Doodle was a simple out-of-offi_345e61' is visible

17-06-2024T18:33:21 - [TEST_STEP][PASSED] - verifyElementVisible(findTestObject("Object Repository/Page_The Story and Evolution of Doodles - G_6e786d/h2_Weve created more than 5,000 Doodles ove_111429")): Object 'Object Repository/Page_The Story and Evolution of Doodles - G_6e786d/h2_Weve created more than 5,000 Doodles ove_111429' is visible

17-06-2024T18:33:22 - [MESSAGE][PASSED] - Object 'Object Repository/Page_The Story and Evolution of Doodles - G_6e786d/h2_Weve created more than 5,000 Doodles ove_111429' is visible

17-06-2024T18:33:22 - [TEST_STEP][PASSED] - verifyElementVisible(findTestObject("Object Repository/Page_The Story and Evolution of Doodles - G_6e786d/h1_The story behind Doodles")): Object 'Object Repository/Page_The Story and Evolution of Doodles - G_6e786d/h1_The story behind Doodles' is visible

17-06-2024T18:33:22 - [MESSAGE][PASSED] - Object 'Object Repository/Page_The Story and Evolution of Doodles - G_6e786d/h1_The story behind Doodles' is visible

17-06-2024T18:33:22 - [TEST_STEP][PASSED] - verifyElementVisible(findTestObject("Object Repository/Page_The Story and Evolution of Doodles - G_6e786d/p_The first Doodle was a simple out-of-offi_345e61")): Object 'Object Repository/Page_The Story and Evolution of Doodles - G_6e786d/p_The first Doodle was a simple out-of-offi_345e61' is visible

17-06-2024T18:33:22 - [MESSAGE][PASSED] - Object 'Object Repository/Page_The Story and Evolution of Doodles - G_6e786d/p_The first Doodle was a simple out-of-offi_345e61' is visible

17-06-2024T18:33:22 - [TEST_STEP][PASSED] - verifyElementVisible(findTestObject("Object Repository/Page_The Story and Evolution of Doodles - G_6e786d/h2_Weve created more than 5,000 Doodles ove_111429")): Object 'Object Repository/Page_The Story and Evolution of Doodles - G_6e786d/h2_Weve created more than 5,000 Doodles ove_111429' is visible

17-06-2024T18:33:23 - [MESSAGE][PASSED] - Object 'Object Repository/Page_The Story and Evolution of Doodles - G_6e786d/h2_Weve created more than 5,000 Doodles ove_111429' is visible

17-06-2024T18:33:23 - [TEST_STEP][PASSED] - click(findTestObject("Object Repository/Page_The Story and Evolution of Doodles - G_6e786d/p_The first Doodle was a simple out-of-offi_345e61")): Object: 'Object Repository/Page_The Story and Evolution of Doodles - G_6e786d/p_The first Doodle was a simple out-of-offi_345e61' is clicked on

17-06-2024T18:33:23 - [MESSAGE][PASSED] - Object: 'Object Repository/Page_The Story and Evolution of Doodles - G_6e786d/p_The first Doodle was a simple out-of-offi_345e61' is clicked on

17-06-2024T18:33:23 - [TEST_STEP][PASSED] - verifyElementVisible(findTestObject("Object Repository/Page_The Story and Evolution of Doodles - G_6e786d/h1_The story behind Doodles")): Object 'Object Repository/Page_The Story and Evolution of Doodles - G_6e786d/h1_The story behind Doodles' is visible

17-06-2024T18:33:23 - [MESSAGE][PASSED] - Object 'Object Repository/Page_The Story and Evolution of Doodles - G_6e786d/h1_The story behind Doodles' is visible

17-06-2024T18:33:23 - [TEST_STEP][PASSED] - verifyElementVisible(findTestObject("Object Repository/Page_The Story and Evolution of Doodles - G_6e786d/p_The first Doodle was a simple out-of-offi_345e61")): Object 'Object Repository/Page_The Story and Evolution of Doodles - G_6e786d/p_The first Doodle was a simple out-of-offi_345e61' is visible

17-06-2024T18:33:24 - [MESSAGE][PASSED] - Object 'Object Repository/Page_The Story and Evolution of Doodles - G_6e786d/p_The first Doodle was a simple out-of-offi_345e61' is visible

17-06-2024T18:33:24 - [TEST_STEP][PASSED] - verifyElementVisible(findTestObject("Object Repository/Page_The Story and Evolution of Doodles - G_6e786d/h2_Weve created more than 5,000 Doodles ove_111429")): Object 'Object Repository/Page_The Story and Evolution of Doodles - G_6e786d/h2_Weve created more than 5,000 Doodles ove_111429' is visible

17-06-2024T18:33:24 - [MESSAGE][PASSED] - Object 'Object Repository/Page_The Story and Evolution of Doodles - G_6e786d/h2_Weve created more than 5,000 Doodles ove_111429' is visible

17-06-2024T18:33:24 - [TEST_STEP][PASSED] - click(findTestObject("Object Repository/Page_The Story and Evolution of Doodles - G_6e786d/p_The first Doodle was a simple out-of-offi_345e61")): Object: 'Object Repository/Page_The Story and Evolution of Doodles - G_6e786d/p_The first Doodle was a simple out-of-offi_345e61' is clicked on

17-06-2024T18:33:24 - [MESSAGE][PASSED] - Object: 'Object Repository/Page_The Story and Evolution of Doodles - G_6e786d/p_The first Doodle was a simple out-of-offi_345e61' is clicked on

17-06-2024T18:33:24 - [TEST_STEP][PASSED] - verifyElementVisible(findTestObject("Object Repository/Page_The Story and Evolution of Doodles - G_6e786d/h1_The story behind Doodles")): Object 'Object Repository/Page_The Story and Evolution of Doodles - G_6e786d/h1_The story behind Doodles' is visible

17-06-2024T18:33:25 - [MESSAGE][PASSED] - Object 'Object Repository/Page_The Story and Evolution of Doodles - G_6e786d/h1_The story behind Doodles' is visible

17-06-2024T18:33:25 - [TEST_STEP][PASSED] - verifyElementVisible(findTestObject("Object Repository/Page_The Story and Evolution of Doodles - G_6e786d/p_The first Doodle was a simple out-of-offi_345e61")): Object 'Object Repository/Page_The Story and Evolution of Doodles - G_6e786d/p_The first Doodle was a simple out-of-offi_345e61' is visible

17-06-2024T18:33:25 - [MESSAGE][PASSED] - Object 'Object Repository/Page_The Story and Evolution of Doodles - G_6e786d/p_The first Doodle was a simple out-of-offi_345e61' is visible

17-06-2024T18:33:25 - [TEST_STEP][PASSED] - verifyElementVisible(findTestObject("Object Repository/Page_The Story and Evolution of Doodles - G_6e786d/h2_Weve created more than 5,000 Doodles ove_111429")): Object 'Object Repository/Page_The Story and Evolution of Doodles - G_6e786d/h2_Weve created more than 5,000 Doodles ove_111429' is visible

17-06-2024T18:33:25 - [MESSAGE][PASSED] - Object 'Object Repository/Page_The Story and Evolution of Doodles - G_6e786d/h2_Weve created more than 5,000 Doodles ove_111429' is visible

17-06-2024T18:33:25 - [TEST_STEP][PASSED] - click(findTestObject("Object Repository/Page_The Story and Evolution of Doodles - G_6e786d/p_The first Doodle was a simple out-of-offi_345e61")): Object: 'Object Repository/Page_The Story and Evolution of Doodles - G_6e786d/p_The first Doodle was a simple out-of-offi_345e61' is clicked on

17-06-2024T18:33:26 - [MESSAGE][PASSED] - Object: 'Object Repository/Page_The Story and Evolution of Doodles - G_6e786d/p_The first Doodle was a simple out-of-offi_345e61' is clicked on

17-06-2024T18:33:26 - [TEST_STEP][PASSED] - verifyElementVisible(findTestObject("Object Repository/Page_The Story and Evolution of Doodles - G_6e786d/h1_The story behind Doodles")): Object 'Object Repository/Page_The Story and Evolution of Doodles - G_6e786d/h1_The story behind Doodles' is visible

17-06-2024T18:33:26 - [MESSAGE][PASSED] - Object 'Object Repository/Page_The Story and Evolution of Doodles - G_6e786d/h1_The story behind Doodles' is visible

17-06-2024T18:33:26 - [TEST_STEP][PASSED] - verifyElementVisible(findTestObject("Object Repository/Page_The Story and Evolution of Doodles - G_6e786d/p_The first Doodle was a simple out-of-offi_345e61")): Object 'Object Repository/Page_The Story and Evolution of Doodles - G_6e786d/p_The first Doodle was a simple out-of-offi_345e61' is visible

17-06-2024T18:33:26 - [MESSAGE][PASSED] - Object 'Object Repository/Page_The Story and Evolution of Doodles - G_6e786d/p_The first Doodle was a simple out-of-offi_345e61' is visible

17-06-2024T18:33:26 - [TEST_STEP][PASSED] - verifyElementVisible(findTestObject("Object Repository/Page_The Story and Evolution of Doodles - G_6e786d/h2_Weve created more than 5,000 Doodles ove_111429")): Object 'Object Repository/Page_The Story and Evolution of Doodles - G_6e786d/h2_Weve created more than 5,000 Doodles ove_111429' is visible

17-06-2024T18:33:27 - [MESSAGE][PASSED] - Object 'Object Repository/Page_The Story and Evolution of Doodles - G_6e786d/h2_Weve created more than 5,000 Doodles ove_111429' is visible

17-06-2024T18:33:27 - [TEST_STEP][PASSED] - click(findTestObject("Object Repository/Page_The Story and Evolution of Doodles - G_6e786d/p_The first Doodle was a simple out-of-offi_345e61")): Object: 'Object Repository/Page_The Story and Evolution of Doodles - G_6e786d/p_The first Doodle was a simple out-of-offi_345e61' is clicked on

17-06-2024T18:33:27 - [MESSAGE][PASSED] - Object: 'Object Repository/Page_The Story and Evolution of Doodles - G_6e786d/p_The first Doodle was a simple out-of-offi_345e61' is clicked on

17-06-2024T18:33:27 - [TEST_STEP][PASSED] - verifyElementVisible(findTestObject("Object Repository/Page_The Story and Evolution of Doodles - G_6e786d/h1_The story behind Doodles")): Object 'Object Repository/Page_The Story and Evolution of Doodles - G_6e786d/h1_The story behind Doodles' is visible

17-06-2024T18:33:27 - [MESSAGE][PASSED] - Object 'Object Repository/Page_The Story and Evolution of Doodles - G_6e786d/h1_The story behind Doodles' is visible

17-06-2024T18:33:27 - [TEST_STEP][PASSED] - verifyElementVisible(findTestObject("Object Repository/Page_The Story and Evolution of Doodles - G_6e786d/p_The first Doodle was a simple out-of-offi_345e61")): Object 'Object Repository/Page_The Story and Evolution of Doodles - G_6e786d/p_The first Doodle was a simple out-of-offi_345e61' is visible

17-06-2024T18:33:28 - [MESSAGE][PASSED] - Object 'Object Repository/Page_The Story and Evolution of Doodles - G_6e786d/p_The first Doodle was a simple out-of-offi_345e61' is visible

17-06-2024T18:33:28 - [TEST_STEP][PASSED] - verifyElementVisible(findTestObject("Object Repository/Page_The Story and Evolution of Doodles - G_6e786d/h2_Weve created more than 5,000 Doodles ove_111429")): Object 'Object Repository/Page_The Story and Evolution of Doodles - G_6e786d/h2_Weve created more than 5,000 Doodles ove_111429' is visible

17-06-2024T18:33:28 - [MESSAGE][PASSED] - Object 'Object Repository/Page_The Story and Evolution of Doodles - G_6e786d/h2_Weve created more than 5,000 Doodles ove_111429' is visible

17-06-2024T18:33:28 - [TEST_STEP][PASSED] - click(findTestObject("Object Repository/Page_The Story and Evolution of Doodles - G_6e786d/p_The first Doodle was a simple out-of-offi_345e61")): Object: 'Object Repository/Page_The Story and Evolution of Doodles - G_6e786d/p_The first Doodle was a simple out-of-offi_345e61' is clicked on

17-06-2024T18:33:29 - [MESSAGE][PASSED] - Object: 'Object Repository/Page_The Story and Evolution of Doodles - G_6e786d/p_The first Doodle was a simple out-of-offi_345e61' is clicked on

17-06-2024T18:33:29 - [TEST_STEP][PASSED] - verifyElementVisible(findTestObject("Object Repository/Page_The Story and Evolution of Doodles - G_6e786d/h1_The story behind Doodles")): Object 'Object Repository/Page_The Story and Evolution of Doodles - G_6e786d/h1_The story behind Doodles' is visible

17-06-2024T18:33:29 - [MESSAGE][PASSED] - Object 'Object Repository/Page_The Story and Evolution of Doodles - G_6e786d/h1_The story behind Doodles' is visible

17-06-2024T18:33:29 - [TEST_STEP][PASSED] - verifyElementVisible(findTestObject("Object Repository/Page_The Story and Evolution of Doodles - G_6e786d/p_The first Doodle was a simple out-of-offi_345e61")): Object 'Object Repository/Page_The Story and Evolution of Doodles - G_6e786d/p_The first Doodle was a simple out-of-offi_345e61' is visible

17-06-2024T18:33:29 - [MESSAGE][PASSED] - Object 'Object Repository/Page_The Story and Evolution of Doodles - G_6e786d/p_The first Doodle was a simple out-of-offi_345e61' is visible

17-06-2024T18:33:29 - [TEST_STEP][PASSED] - verifyElementVisible(findTestObject("Object Repository/Page_The Story and Evolution of Doodles - G_6e786d/h2_Weve created more than 5,000 Doodles ove_111429")): Object 'Object Repository/Page_The Story and Evolution of Doodles - G_6e786d/h2_Weve created more than 5,000 Doodles ove_111429' is visible

17-06-2024T18:33:30 - [MESSAGE][PASSED] - Object 'Object Repository/Page_The Story and Evolution of Doodles - G_6e786d/h2_Weve created more than 5,000 Doodles ove_111429' is visible

17-06-2024T18:33:30 - [TEST_STEP][PASSED] - click(findTestObject("Object Repository/Page_The Story and Evolution of Doodles - G_6e786d/p_The first Doodle was a simple out-of-offi_345e61")): Object: 'Object Repository/Page_The Story and Evolution of Doodles - G_6e786d/p_The first Doodle was a simple out-of-offi_345e61' is clicked on

17-06-2024T18:33:30 - [MESSAGE][PASSED] - Object: 'Object Repository/Page_The Story and Evolution of Doodles - G_6e786d/p_The first Doodle was a simple out-of-offi_345e61' is clicked on

17-06-2024T18:33:30 - [TEST_STEP][PASSED] - verifyElementVisible(findTestObject("Object Repository/Page_The Story and Evolution of Doodles - G_6e786d/h1_The story behind Doodles")): Object 'Object Repository/Page_The Story and Evolution of Doodles - G_6e786d/h1_The story behind Doodles' is visible

17-06-2024T18:33:30 - [MESSAGE][PASSED] - Object 'Object Repository/Page_The Story and Evolution of Doodles - G_6e786d/h1_The story behind Doodles' is visible

17-06-2024T18:33:30 - [TEST_STEP][PASSED] - verifyElementVisible(findTestObject("Object Repository/Page_The Story and Evolution of Doodles - G_6e786d/p_The first Doodle was a simple out-of-offi_345e61")): Object 'Object Repository/Page_The Story and Evolution of Doodles - G_6e786d/p_The first Doodle was a simple out-of-offi_345e61' is visible

17-06-2024T18:33:31 - [MESSAGE][PASSED] - Object 'Object Repository/Page_The Story and Evolution of Doodles - G_6e786d/p_The first Doodle was a simple out-of-offi_345e61' is visible

17-06-2024T18:33:31 - [TEST_STEP][PASSED] - verifyElementVisible(findTestObject("Object Repository/Page_The Story and Evolution of Doodles - G_6e786d/h2_Weve created more than 5,000 Doodles ove_111429")): Object 'Object Repository/Page_The Story and Evolution of Doodles - G_6e786d/h2_Weve created more than 5,000 Doodles ove_111429' is visible

17-06-2024T18:33:31 - [MESSAGE][PASSED] - Object 'Object Repository/Page_The Story and Evolution of Doodles - G_6e786d/h2_Weve created more than 5,000 Doodles ove_111429' is visible

17-06-2024T18:33:31 - [TEST_STEP][PASSED] - click(findTestObject("Object Repository/Page_The Story and Evolution of Doodles - G_6e786d/p_The first Doodle was a simple out-of-offi_345e61")): Object: 'Object Repository/Page_The Story and Evolution of Doodles - G_6e786d/p_The first Doodle was a simple out-of-offi_345e61' is clicked on

17-06-2024T18:33:31 - [MESSAGE][PASSED] - Object: 'Object Repository/Page_The Story and Evolution of Doodles - G_6e786d/p_The first Doodle was a simple out-of-offi_345e61' is clicked on

17-06-2024T18:33:31 - [TEST_STEP][PASSED] - verifyElementVisible(findTestObject("Object Repository/Page_The Story and Evolution of Doodles - G_6e786d/h1_The story behind Doodles")): Object 'Object Repository/Page_The Story and Evolution of Doodles - G_6e786d/h1_The story behind Doodles' is visible

17-06-2024T18:33:32 - [MESSAGE][PASSED] - Object 'Object Repository/Page_The Story and Evolution of Doodles - G_6e786d/h1_The story behind Doodles' is visible

17-06-2024T18:33:32 - [TEST_STEP][PASSED] - verifyElementVisible(findTestObject("Object Repository/Page_The Story and Evolution of Doodles - G_6e786d/p_The first Doodle was a simple out-of-offi_345e61")): Object 'Object Repository/Page_The Story and Evolution of Doodles - G_6e786d/p_The first Doodle was a simple out-of-offi_345e61' is visible

17-06-2024T18:33:32 - [MESSAGE][PASSED] - Object 'Object Repository/Page_The Story and Evolution of Doodles - G_6e786d/p_The first Doodle was a simple out-of-offi_345e61' is visible

17-06-2024T18:33:32 - [TEST_STEP][PASSED] - verifyElementVisible(findTestObject("Object Repository/Page_The Story and Evolution of Doodles - G_6e786d/h2_Weve created more than 5,000 Doodles ove_111429")): Object 'Object Repository/Page_The Story and Evolution of Doodles - G_6e786d/h2_Weve created more than 5,000 Doodles ove_111429' is visible

17-06-2024T18:33:32 - [MESSAGE][PASSED] - Object 'Object Repository/Page_The Story and Evolution of Doodles - G_6e786d/h2_Weve created more than 5,000 Doodles ove_111429' is visible

17-06-2024T18:33:32 - [TEST_STEP][PASSED] - click(findTestObject("Object Repository/Page_The Story and Evolution of Doodles - G_6e786d/p_The first Doodle was a simple out-of-offi_345e61")): Object: 'Object Repository/Page_The Story and Evolution of Doodles - G_6e786d/p_The first Doodle was a simple out-of-offi_345e61' is clicked on

17-06-2024T18:33:33 - [MESSAGE][PASSED] - Object: 'Object Repository/Page_The Story and Evolution of Doodles - G_6e786d/p_The first Doodle was a simple out-of-offi_345e61' is clicked on

17-06-2024T18:33:33 - [TEST_STEP][PASSED] - verifyElementVisible(findTestObject("Object Repository/Page_The Story and Evolution of Doodles - G_6e786d/h1_The story behind Doodles")): Object 'Object Repository/Page_The Story and Evolution of Doodles - G_6e786d/h1_The story behind Doodles' is visible

17-06-2024T18:33:33 - [MESSAGE][PASSED] - Object 'Object Repository/Page_The Story and Evolution of Doodles - G_6e786d/h1_The story behind Doodles' is visible

17-06-2024T18:33:33 - [TEST_STEP][PASSED] - verifyElementVisible(findTestObject("Object Repository/Page_The Story and Evolution of Doodles - G_6e786d/p_The first Doodle was a simple out-of-offi_345e61")): Object 'Object Repository/Page_The Story and Evolution of Doodles - G_6e786d/p_The first Doodle was a simple out-of-offi_345e61' is visible

17-06-2024T18:33:33 - [MESSAGE][PASSED] - Object 'Object Repository/Page_The Story and Evolution of Doodles - G_6e786d/p_The first Doodle was a simple out-of-offi_345e61' is visible

17-06-2024T18:33:33 - [TEST_STEP][PASSED] - verifyElementVisible(findTestObject("Object Repository/Page_The Story and Evolution of Doodles - G_6e786d/h2_Weve created more than 5,000 Doodles ove_111429")): Object 'Object Repository/Page_The Story and Evolution of Doodles - G_6e786d/h2_Weve created more than 5,000 Doodles ove_111429' is visible

17-06-2024T18:33:34 - [MESSAGE][PASSED] - Object 'Object Repository/Page_The Story and Evolution of Doodles - G_6e786d/h2_Weve created more than 5,000 Doodles ove_111429' is visible

17-06-2024T18:33:34 - [TEST_STEP][PASSED] - click(findTestObject("Object Repository/Page_The Story and Evolution of Doodles - G_6e786d/p_The first Doodle was a simple out-of-offi_345e61")): Object: 'Object Repository/Page_The Story and Evolution of Doodles - G_6e786d/p_The first Doodle was a simple out-of-offi_345e61' is clicked on

17-06-2024T18:33:34 - [MESSAGE][PASSED] - Object: 'Object Repository/Page_The Story and Evolution of Doodles - G_6e786d/p_The first Doodle was a simple out-of-offi_345e61' is clicked on

17-06-2024T18:33:34 - [TEST_STEP][PASSED] - verifyElementVisible(findTestObject("Object Repository/Page_The Story and Evolution of Doodles - G_6e786d/h1_The story behind Doodles")): Object 'Object Repository/Page_The Story and Evolution of Doodles - G_6e786d/h1_The story behind Doodles' is visible

17-06-2024T18:33:34 - [MESSAGE][PASSED] - Object 'Object Repository/Page_The Story and Evolution of Doodles - G_6e786d/h1_The story behind Doodles' is visible

17-06-2024T18:33:34 - [TEST_STEP][PASSED] - verifyElementVisible(findTestObject("Object Repository/Page_The Story and Evolution of Doodles - G_6e786d/p_The first Doodle was a simple out-of-offi_345e61")): Object 'Object Repository/Page_The Story and Evolution of Doodles - G_6e786d/p_The first Doodle was a simple out-of-offi_345e61' is visible

17-06-2024T18:33:35 - [MESSAGE][PASSED] - Object 'Object Repository/Page_The Story and Evolution of Doodles - G_6e786d/p_The first Doodle was a simple out-of-offi_345e61' is visible

17-06-2024T18:33:35 - [TEST_STEP][PASSED] - verifyElementVisible(findTestObject("Object Repository/Page_The Story and Evolution of Doodles - G_6e786d/h2_Weve created more than 5,000 Doodles ove_111429")): Object 'Object Repository/Page_The Story and Evolution of Doodles - G_6e786d/h2_Weve created more than 5,000 Doodles ove_111429' is visible

17-06-2024T18:33:35 - [MESSAGE][PASSED] - Object 'Object Repository/Page_The Story and Evolution of Doodles - G_6e786d/h2_Weve created more than 5,000 Doodles ove_111429' is visible]]></system-out>
         <system-err><![CDATA[]]></system-err>
      </testcase>
      <testcase name="Test Cases/test case folder 1/tc1 - Copy - Copy (1)" time="19.253" classname="Test Cases/test case folder 1/tc1 - Copy - Copy (1)" status="PASSED">
         <system-out><![CDATA[17-06-2024T18:33:35 - [TEST_CASE][PASSED] - Test Cases/test case folder 1/tc1 - Copy - Copy (1): Test Cases/test case folder 1/tc1 - Copy - Copy (1)

17-06-2024T18:33:35 - [TEST_STEP][PASSED] - openBrowser(""): Browser is opened with url: ''

17-06-2024T18:33:35 - [MESSAGE][WARNING] - A browser is already opened. Closing browser and opening a new one

17-06-2024T18:33:35 - [MESSAGE][INFO] - Starting 'Chrome (headless)' driver

17-06-2024T18:33:36 - [MESSAGE][INFO] - Action delay is set to 0 milliseconds

17-06-2024T18:33:36 - [MESSAGE][PASSED] - Browser is opened with url: ''

17-06-2024T18:33:36 - [TEST_STEP][PASSED] - navigateToUrl("https://doodles.google/about/"): Navigate to 'https://doodles.google/about/' successfully

17-06-2024T18:33:40 - [MESSAGE][PASSED] - Navigate to 'https://doodles.google/about/' successfully

17-06-2024T18:33:40 - [TEST_STEP][PASSED] - click(findTestObject("Object Repository/Page_The Story and Evolution of Doodles - G_6e786d/p_The first Doodle was a simple out-of-offi_345e61")): Object: 'Object Repository/Page_The Story and Evolution of Doodles - G_6e786d/p_The first Doodle was a simple out-of-offi_345e61' is clicked on

17-06-2024T18:33:40 - [MESSAGE][PASSED] - Object: 'Object Repository/Page_The Story and Evolution of Doodles - G_6e786d/p_The first Doodle was a simple out-of-offi_345e61' is clicked on

17-06-2024T18:33:40 - [TEST_STEP][PASSED] - click(findTestObject("Object Repository/Page_The Story and Evolution of Doodles - G_6e786d/p_The first Doodle was a simple out-of-offi_345e61")): Object: 'Object Repository/Page_The Story and Evolution of Doodles - G_6e786d/p_The first Doodle was a simple out-of-offi_345e61' is clicked on

17-06-2024T18:33:40 - [MESSAGE][PASSED] - Object: 'Object Repository/Page_The Story and Evolution of Doodles - G_6e786d/p_The first Doodle was a simple out-of-offi_345e61' is clicked on

17-06-2024T18:33:40 - [TEST_STEP][PASSED] - verifyElementVisible(findTestObject("Object Repository/Page_The Story and Evolution of Doodles - G_6e786d/h1_The story behind Doodles")): Object 'Object Repository/Page_The Story and Evolution of Doodles - G_6e786d/h1_The story behind Doodles' is visible

17-06-2024T18:33:41 - [MESSAGE][PASSED] - Object 'Object Repository/Page_The Story and Evolution of Doodles - G_6e786d/h1_The story behind Doodles' is visible

17-06-2024T18:33:41 - [TEST_STEP][PASSED] - verifyElementVisible(findTestObject("Object Repository/Page_The Story and Evolution of Doodles - G_6e786d/p_The first Doodle was a simple out-of-offi_345e61")): Object 'Object Repository/Page_The Story and Evolution of Doodles - G_6e786d/p_The first Doodle was a simple out-of-offi_345e61' is visible

17-06-2024T18:33:41 - [MESSAGE][PASSED] - Object 'Object Repository/Page_The Story and Evolution of Doodles - G_6e786d/p_The first Doodle was a simple out-of-offi_345e61' is visible

17-06-2024T18:33:41 - [TEST_STEP][PASSED] - verifyElementVisible(findTestObject("Object Repository/Page_The Story and Evolution of Doodles - G_6e786d/h2_Weve created more than 5,000 Doodles ove_111429")): Object 'Object Repository/Page_The Story and Evolution of Doodles - G_6e786d/h2_Weve created more than 5,000 Doodles ove_111429' is visible

17-06-2024T18:33:41 - [MESSAGE][PASSED] - Object 'Object Repository/Page_The Story and Evolution of Doodles - G_6e786d/h2_Weve created more than 5,000 Doodles ove_111429' is visible

17-06-2024T18:33:41 - [TEST_STEP][PASSED] - verifyElementVisible(findTestObject("Object Repository/Page_The Story and Evolution of Doodles - G_6e786d/h1_The story behind Doodles")): Object 'Object Repository/Page_The Story and Evolution of Doodles - G_6e786d/h1_The story behind Doodles' is visible

17-06-2024T18:33:42 - [MESSAGE][PASSED] - Object 'Object Repository/Page_The Story and Evolution of Doodles - G_6e786d/h1_The story behind Doodles' is visible

17-06-2024T18:33:42 - [TEST_STEP][PASSED] - verifyElementVisible(findTestObject("Object Repository/Page_The Story and Evolution of Doodles - G_6e786d/p_The first Doodle was a simple out-of-offi_345e61")): Object 'Object Repository/Page_The Story and Evolution of Doodles - G_6e786d/p_The first Doodle was a simple out-of-offi_345e61' is visible

17-06-2024T18:33:42 - [MESSAGE][PASSED] - Object 'Object Repository/Page_The Story and Evolution of Doodles - G_6e786d/p_The first Doodle was a simple out-of-offi_345e61' is visible

17-06-2024T18:33:42 - [TEST_STEP][PASSED] - verifyElementVisible(findTestObject("Object Repository/Page_The Story and Evolution of Doodles - G_6e786d/h2_Weve created more than 5,000 Doodles ove_111429")): Object 'Object Repository/Page_The Story and Evolution of Doodles - G_6e786d/h2_Weve created more than 5,000 Doodles ove_111429' is visible

17-06-2024T18:33:42 - [MESSAGE][PASSED] - Object 'Object Repository/Page_The Story and Evolution of Doodles - G_6e786d/h2_Weve created more than 5,000 Doodles ove_111429' is visible

17-06-2024T18:33:42 - [TEST_STEP][PASSED] - click(findTestObject("Object Repository/Page_The Story and Evolution of Doodles - G_6e786d/p_The first Doodle was a simple out-of-offi_345e61")): Object: 'Object Repository/Page_The Story and Evolution of Doodles - G_6e786d/p_The first Doodle was a simple out-of-offi_345e61' is clicked on

17-06-2024T18:33:43 - [MESSAGE][PASSED] - Object: 'Object Repository/Page_The Story and Evolution of Doodles - G_6e786d/p_The first Doodle was a simple out-of-offi_345e61' is clicked on

17-06-2024T18:33:43 - [TEST_STEP][PASSED] - verifyElementVisible(findTestObject("Object Repository/Page_The Story and Evolution of Doodles - G_6e786d/h1_The story behind Doodles")): Object 'Object Repository/Page_The Story and Evolution of Doodles - G_6e786d/h1_The story behind Doodles' is visible

17-06-2024T18:33:43 - [MESSAGE][PASSED] - Object 'Object Repository/Page_The Story and Evolution of Doodles - G_6e786d/h1_The story behind Doodles' is visible

17-06-2024T18:33:43 - [TEST_STEP][PASSED] - verifyElementVisible(findTestObject("Object Repository/Page_The Story and Evolution of Doodles - G_6e786d/p_The first Doodle was a simple out-of-offi_345e61")): Object 'Object Repository/Page_The Story and Evolution of Doodles - G_6e786d/p_The first Doodle was a simple out-of-offi_345e61' is visible

17-06-2024T18:33:43 - [MESSAGE][PASSED] - Object 'Object Repository/Page_The Story and Evolution of Doodles - G_6e786d/p_The first Doodle was a simple out-of-offi_345e61' is visible

17-06-2024T18:33:43 - [TEST_STEP][PASSED] - verifyElementVisible(findTestObject("Object Repository/Page_The Story and Evolution of Doodles - G_6e786d/h2_Weve created more than 5,000 Doodles ove_111429")): Object 'Object Repository/Page_The Story and Evolution of Doodles - G_6e786d/h2_Weve created more than 5,000 Doodles ove_111429' is visible

17-06-2024T18:33:44 - [MESSAGE][PASSED] - Object 'Object Repository/Page_The Story and Evolution of Doodles - G_6e786d/h2_Weve created more than 5,000 Doodles ove_111429' is visible

17-06-2024T18:33:44 - [TEST_STEP][PASSED] - click(findTestObject("Object Repository/Page_The Story and Evolution of Doodles - G_6e786d/p_The first Doodle was a simple out-of-offi_345e61")): Object: 'Object Repository/Page_The Story and Evolution of Doodles - G_6e786d/p_The first Doodle was a simple out-of-offi_345e61' is clicked on

17-06-2024T18:33:44 - [MESSAGE][PASSED] - Object: 'Object Repository/Page_The Story and Evolution of Doodles - G_6e786d/p_The first Doodle was a simple out-of-offi_345e61' is clicked on

17-06-2024T18:33:44 - [TEST_STEP][PASSED] - verifyElementVisible(findTestObject("Object Repository/Page_The Story and Evolution of Doodles - G_6e786d/h1_The story behind Doodles")): Object 'Object Repository/Page_The Story and Evolution of Doodles - G_6e786d/h1_The story behind Doodles' is visible

17-06-2024T18:33:44 - [MESSAGE][PASSED] - Object 'Object Repository/Page_The Story and Evolution of Doodles - G_6e786d/h1_The story behind Doodles' is visible

17-06-2024T18:33:44 - [TEST_STEP][PASSED] - verifyElementVisible(findTestObject("Object Repository/Page_The Story and Evolution of Doodles - G_6e786d/p_The first Doodle was a simple out-of-offi_345e61")): Object 'Object Repository/Page_The Story and Evolution of Doodles - G_6e786d/p_The first Doodle was a simple out-of-offi_345e61' is visible

17-06-2024T18:33:45 - [MESSAGE][PASSED] - Object 'Object Repository/Page_The Story and Evolution of Doodles - G_6e786d/p_The first Doodle was a simple out-of-offi_345e61' is visible

17-06-2024T18:33:45 - [TEST_STEP][PASSED] - verifyElementVisible(findTestObject("Object Repository/Page_The Story and Evolution of Doodles - G_6e786d/h2_Weve created more than 5,000 Doodles ove_111429")): Object 'Object Repository/Page_The Story and Evolution of Doodles - G_6e786d/h2_Weve created more than 5,000 Doodles ove_111429' is visible

17-06-2024T18:33:45 - [MESSAGE][PASSED] - Object 'Object Repository/Page_The Story and Evolution of Doodles - G_6e786d/h2_Weve created more than 5,000 Doodles ove_111429' is visible

17-06-2024T18:33:45 - [TEST_STEP][PASSED] - click(findTestObject("Object Repository/Page_The Story and Evolution of Doodles - G_6e786d/p_The first Doodle was a simple out-of-offi_345e61")): Object: 'Object Repository/Page_The Story and Evolution of Doodles - G_6e786d/p_The first Doodle was a simple out-of-offi_345e61' is clicked on

17-06-2024T18:33:45 - [MESSAGE][PASSED] - Object: 'Object Repository/Page_The Story and Evolution of Doodles - G_6e786d/p_The first Doodle was a simple out-of-offi_345e61' is clicked on

17-06-2024T18:33:45 - [TEST_STEP][PASSED] - verifyElementVisible(findTestObject("Object Repository/Page_The Story and Evolution of Doodles - G_6e786d/h1_The story behind Doodles")): Object 'Object Repository/Page_The Story and Evolution of Doodles - G_6e786d/h1_The story behind Doodles' is visible

17-06-2024T18:33:46 - [MESSAGE][PASSED] - Object 'Object Repository/Page_The Story and Evolution of Doodles - G_6e786d/h1_The story behind Doodles' is visible

17-06-2024T18:33:46 - [TEST_STEP][PASSED] - verifyElementVisible(findTestObject("Object Repository/Page_The Story and Evolution of Doodles - G_6e786d/p_The first Doodle was a simple out-of-offi_345e61")): Object 'Object Repository/Page_The Story and Evolution of Doodles - G_6e786d/p_The first Doodle was a simple out-of-offi_345e61' is visible

17-06-2024T18:33:46 - [MESSAGE][PASSED] - Object 'Object Repository/Page_The Story and Evolution of Doodles - G_6e786d/p_The first Doodle was a simple out-of-offi_345e61' is visible

17-06-2024T18:33:46 - [TEST_STEP][PASSED] - verifyElementVisible(findTestObject("Object Repository/Page_The Story and Evolution of Doodles - G_6e786d/h2_Weve created more than 5,000 Doodles ove_111429")): Object 'Object Repository/Page_The Story and Evolution of Doodles - G_6e786d/h2_Weve created more than 5,000 Doodles ove_111429' is visible

17-06-2024T18:33:46 - [MESSAGE][PASSED] - Object 'Object Repository/Page_The Story and Evolution of Doodles - G_6e786d/h2_Weve created more than 5,000 Doodles ove_111429' is visible

17-06-2024T18:33:46 - [TEST_STEP][PASSED] - click(findTestObject("Object Repository/Page_The Story and Evolution of Doodles - G_6e786d/p_The first Doodle was a simple out-of-offi_345e61")): Object: 'Object Repository/Page_The Story and Evolution of Doodles - G_6e786d/p_The first Doodle was a simple out-of-offi_345e61' is clicked on

17-06-2024T18:33:47 - [MESSAGE][PASSED] - Object: 'Object Repository/Page_The Story and Evolution of Doodles - G_6e786d/p_The first Doodle was a simple out-of-offi_345e61' is clicked on

17-06-2024T18:33:47 - [TEST_STEP][PASSED] - verifyElementVisible(findTestObject("Object Repository/Page_The Story and Evolution of Doodles - G_6e786d/h1_The story behind Doodles")): Object 'Object Repository/Page_The Story and Evolution of Doodles - G_6e786d/h1_The story behind Doodles' is visible

17-06-2024T18:33:47 - [MESSAGE][PASSED] - Object 'Object Repository/Page_The Story and Evolution of Doodles - G_6e786d/h1_The story behind Doodles' is visible

17-06-2024T18:33:47 - [TEST_STEP][PASSED] - verifyElementVisible(findTestObject("Object Repository/Page_The Story and Evolution of Doodles - G_6e786d/p_The first Doodle was a simple out-of-offi_345e61")): Object 'Object Repository/Page_The Story and Evolution of Doodles - G_6e786d/p_The first Doodle was a simple out-of-offi_345e61' is visible

17-06-2024T18:33:47 - [MESSAGE][PASSED] - Object 'Object Repository/Page_The Story and Evolution of Doodles - G_6e786d/p_The first Doodle was a simple out-of-offi_345e61' is visible

17-06-2024T18:33:47 - [TEST_STEP][PASSED] - verifyElementVisible(findTestObject("Object Repository/Page_The Story and Evolution of Doodles - G_6e786d/h2_Weve created more than 5,000 Doodles ove_111429")): Object 'Object Repository/Page_The Story and Evolution of Doodles - G_6e786d/h2_Weve created more than 5,000 Doodles ove_111429' is visible

17-06-2024T18:33:48 - [MESSAGE][PASSED] - Object 'Object Repository/Page_The Story and Evolution of Doodles - G_6e786d/h2_Weve created more than 5,000 Doodles ove_111429' is visible

17-06-2024T18:33:48 - [TEST_STEP][PASSED] - click(findTestObject("Object Repository/Page_The Story and Evolution of Doodles - G_6e786d/p_The first Doodle was a simple out-of-offi_345e61")): Object: 'Object Repository/Page_The Story and Evolution of Doodles - G_6e786d/p_The first Doodle was a simple out-of-offi_345e61' is clicked on

17-06-2024T18:33:48 - [MESSAGE][PASSED] - Object: 'Object Repository/Page_The Story and Evolution of Doodles - G_6e786d/p_The first Doodle was a simple out-of-offi_345e61' is clicked on

17-06-2024T18:33:48 - [TEST_STEP][PASSED] - verifyElementVisible(findTestObject("Object Repository/Page_The Story and Evolution of Doodles - G_6e786d/h1_The story behind Doodles")): Object 'Object Repository/Page_The Story and Evolution of Doodles - G_6e786d/h1_The story behind Doodles' is visible

17-06-2024T18:33:48 - [MESSAGE][PASSED] - Object 'Object Repository/Page_The Story and Evolution of Doodles - G_6e786d/h1_The story behind Doodles' is visible

17-06-2024T18:33:48 - [TEST_STEP][PASSED] - verifyElementVisible(findTestObject("Object Repository/Page_The Story and Evolution of Doodles - G_6e786d/p_The first Doodle was a simple out-of-offi_345e61")): Object 'Object Repository/Page_The Story and Evolution of Doodles - G_6e786d/p_The first Doodle was a simple out-of-offi_345e61' is visible

17-06-2024T18:33:49 - [MESSAGE][PASSED] - Object 'Object Repository/Page_The Story and Evolution of Doodles - G_6e786d/p_The first Doodle was a simple out-of-offi_345e61' is visible

17-06-2024T18:33:49 - [TEST_STEP][PASSED] - verifyElementVisible(findTestObject("Object Repository/Page_The Story and Evolution of Doodles - G_6e786d/h2_Weve created more than 5,000 Doodles ove_111429")): Object 'Object Repository/Page_The Story and Evolution of Doodles - G_6e786d/h2_Weve created more than 5,000 Doodles ove_111429' is visible

17-06-2024T18:33:49 - [MESSAGE][PASSED] - Object 'Object Repository/Page_The Story and Evolution of Doodles - G_6e786d/h2_Weve created more than 5,000 Doodles ove_111429' is visible

17-06-2024T18:33:49 - [TEST_STEP][PASSED] - click(findTestObject("Object Repository/Page_The Story and Evolution of Doodles - G_6e786d/p_The first Doodle was a simple out-of-offi_345e61")): Object: 'Object Repository/Page_The Story and Evolution of Doodles - G_6e786d/p_The first Doodle was a simple out-of-offi_345e61' is clicked on

17-06-2024T18:33:49 - [MESSAGE][PASSED] - Object: 'Object Repository/Page_The Story and Evolution of Doodles - G_6e786d/p_The first Doodle was a simple out-of-offi_345e61' is clicked on

17-06-2024T18:33:49 - [TEST_STEP][PASSED] - verifyElementVisible(findTestObject("Object Repository/Page_The Story and Evolution of Doodles - G_6e786d/h1_The story behind Doodles")): Object 'Object Repository/Page_The Story and Evolution of Doodles - G_6e786d/h1_The story behind Doodles' is visible

17-06-2024T18:33:50 - [MESSAGE][PASSED] - Object 'Object Repository/Page_The Story and Evolution of Doodles - G_6e786d/h1_The story behind Doodles' is visible

17-06-2024T18:33:50 - [TEST_STEP][PASSED] - verifyElementVisible(findTestObject("Object Repository/Page_The Story and Evolution of Doodles - G_6e786d/p_The first Doodle was a simple out-of-offi_345e61")): Object 'Object Repository/Page_The Story and Evolution of Doodles - G_6e786d/p_The first Doodle was a simple out-of-offi_345e61' is visible

17-06-2024T18:33:50 - [MESSAGE][PASSED] - Object 'Object Repository/Page_The Story and Evolution of Doodles - G_6e786d/p_The first Doodle was a simple out-of-offi_345e61' is visible

17-06-2024T18:33:50 - [TEST_STEP][PASSED] - verifyElementVisible(findTestObject("Object Repository/Page_The Story and Evolution of Doodles - G_6e786d/h2_Weve created more than 5,000 Doodles ove_111429")): Object 'Object Repository/Page_The Story and Evolution of Doodles - G_6e786d/h2_Weve created more than 5,000 Doodles ove_111429' is visible

17-06-2024T18:33:51 - [MESSAGE][PASSED] - Object 'Object Repository/Page_The Story and Evolution of Doodles - G_6e786d/h2_Weve created more than 5,000 Doodles ove_111429' is visible

17-06-2024T18:33:51 - [TEST_STEP][PASSED] - click(findTestObject("Object Repository/Page_The Story and Evolution of Doodles - G_6e786d/p_The first Doodle was a simple out-of-offi_345e61")): Object: 'Object Repository/Page_The Story and Evolution of Doodles - G_6e786d/p_The first Doodle was a simple out-of-offi_345e61' is clicked on

17-06-2024T18:33:51 - [MESSAGE][PASSED] - Object: 'Object Repository/Page_The Story and Evolution of Doodles - G_6e786d/p_The first Doodle was a simple out-of-offi_345e61' is clicked on

17-06-2024T18:33:51 - [TEST_STEP][PASSED] - verifyElementVisible(findTestObject("Object Repository/Page_The Story and Evolution of Doodles - G_6e786d/h1_The story behind Doodles")): Object 'Object Repository/Page_The Story and Evolution of Doodles - G_6e786d/h1_The story behind Doodles' is visible

17-06-2024T18:33:51 - [MESSAGE][PASSED] - Object 'Object Repository/Page_The Story and Evolution of Doodles - G_6e786d/h1_The story behind Doodles' is visible

17-06-2024T18:33:51 - [TEST_STEP][PASSED] - verifyElementVisible(findTestObject("Object Repository/Page_The Story and Evolution of Doodles - G_6e786d/p_The first Doodle was a simple out-of-offi_345e61")): Object 'Object Repository/Page_The Story and Evolution of Doodles - G_6e786d/p_The first Doodle was a simple out-of-offi_345e61' is visible

17-06-2024T18:33:51 - [MESSAGE][PASSED] - Object 'Object Repository/Page_The Story and Evolution of Doodles - G_6e786d/p_The first Doodle was a simple out-of-offi_345e61' is visible

17-06-2024T18:33:51 - [TEST_STEP][PASSED] - verifyElementVisible(findTestObject("Object Repository/Page_The Story and Evolution of Doodles - G_6e786d/h2_Weve created more than 5,000 Doodles ove_111429")): Object 'Object Repository/Page_The Story and Evolution of Doodles - G_6e786d/h2_Weve created more than 5,000 Doodles ove_111429' is visible

17-06-2024T18:33:52 - [MESSAGE][PASSED] - Object 'Object Repository/Page_The Story and Evolution of Doodles - G_6e786d/h2_Weve created more than 5,000 Doodles ove_111429' is visible

17-06-2024T18:33:52 - [TEST_STEP][PASSED] - click(findTestObject("Object Repository/Page_The Story and Evolution of Doodles - G_6e786d/p_The first Doodle was a simple out-of-offi_345e61")): Object: 'Object Repository/Page_The Story and Evolution of Doodles - G_6e786d/p_The first Doodle was a simple out-of-offi_345e61' is clicked on

17-06-2024T18:33:52 - [MESSAGE][PASSED] - Object: 'Object Repository/Page_The Story and Evolution of Doodles - G_6e786d/p_The first Doodle was a simple out-of-offi_345e61' is clicked on

17-06-2024T18:33:52 - [TEST_STEP][PASSED] - verifyElementVisible(findTestObject("Object Repository/Page_The Story and Evolution of Doodles - G_6e786d/h1_The story behind Doodles")): Object 'Object Repository/Page_The Story and Evolution of Doodles - G_6e786d/h1_The story behind Doodles' is visible

17-06-2024T18:33:52 - [MESSAGE][PASSED] - Object 'Object Repository/Page_The Story and Evolution of Doodles - G_6e786d/h1_The story behind Doodles' is visible

17-06-2024T18:33:52 - [TEST_STEP][PASSED] - verifyElementVisible(findTestObject("Object Repository/Page_The Story and Evolution of Doodles - G_6e786d/p_The first Doodle was a simple out-of-offi_345e61")): Object 'Object Repository/Page_The Story and Evolution of Doodles - G_6e786d/p_The first Doodle was a simple out-of-offi_345e61' is visible

17-06-2024T18:33:53 - [MESSAGE][PASSED] - Object 'Object Repository/Page_The Story and Evolution of Doodles - G_6e786d/p_The first Doodle was a simple out-of-offi_345e61' is visible

17-06-2024T18:33:53 - [TEST_STEP][PASSED] - verifyElementVisible(findTestObject("Object Repository/Page_The Story and Evolution of Doodles - G_6e786d/h2_Weve created more than 5,000 Doodles ove_111429")): Object 'Object Repository/Page_The Story and Evolution of Doodles - G_6e786d/h2_Weve created more than 5,000 Doodles ove_111429' is visible

17-06-2024T18:33:53 - [MESSAGE][PASSED] - Object 'Object Repository/Page_The Story and Evolution of Doodles - G_6e786d/h2_Weve created more than 5,000 Doodles ove_111429' is visible

17-06-2024T18:33:53 - [TEST_STEP][PASSED] - click(findTestObject("Object Repository/Page_The Story and Evolution of Doodles - G_6e786d/p_The first Doodle was a simple out-of-offi_345e61")): Object: 'Object Repository/Page_The Story and Evolution of Doodles - G_6e786d/p_The first Doodle was a simple out-of-offi_345e61' is clicked on

17-06-2024T18:33:53 - [MESSAGE][PASSED] - Object: 'Object Repository/Page_The Story and Evolution of Doodles - G_6e786d/p_The first Doodle was a simple out-of-offi_345e61' is clicked on

17-06-2024T18:33:53 - [TEST_STEP][PASSED] - verifyElementVisible(findTestObject("Object Repository/Page_The Story and Evolution of Doodles - G_6e786d/h1_The story behind Doodles")): Object 'Object Repository/Page_The Story and Evolution of Doodles - G_6e786d/h1_The story behind Doodles' is visible

17-06-2024T18:33:54 - [MESSAGE][PASSED] - Object 'Object Repository/Page_The Story and Evolution of Doodles - G_6e786d/h1_The story behind Doodles' is visible

17-06-2024T18:33:54 - [TEST_STEP][PASSED] - verifyElementVisible(findTestObject("Object Repository/Page_The Story and Evolution of Doodles - G_6e786d/p_The first Doodle was a simple out-of-offi_345e61")): Object 'Object Repository/Page_The Story and Evolution of Doodles - G_6e786d/p_The first Doodle was a simple out-of-offi_345e61' is visible

17-06-2024T18:33:54 - [MESSAGE][PASSED] - Object 'Object Repository/Page_The Story and Evolution of Doodles - G_6e786d/p_The first Doodle was a simple out-of-offi_345e61' is visible

17-06-2024T18:33:54 - [TEST_STEP][PASSED] - verifyElementVisible(findTestObject("Object Repository/Page_The Story and Evolution of Doodles - G_6e786d/h2_Weve created more than 5,000 Doodles ove_111429")): Object 'Object Repository/Page_The Story and Evolution of Doodles - G_6e786d/h2_Weve created more than 5,000 Doodles ove_111429' is visible

17-06-2024T18:33:54 - [MESSAGE][PASSED] - Object 'Object Repository/Page_The Story and Evolution of Doodles - G_6e786d/h2_Weve created more than 5,000 Doodles ove_111429' is visible]]></system-out>
         <system-err><![CDATA[]]></system-err>
      </testcase>
      <testcase name="Test Cases/test case folder 1/tc1 - Copy - Copy (2)" time="19.073" classname="Test Cases/test case folder 1/tc1 - Copy - Copy (2)" status="PASSED">
         <system-out><![CDATA[17-06-2024T18:33:54 - [TEST_CASE][PASSED] - Test Cases/test case folder 1/tc1 - Copy - Copy (2): Test Cases/test case folder 1/tc1 - Copy - Copy (2)

17-06-2024T18:33:54 - [TEST_STEP][PASSED] - openBrowser(""): Browser is opened with url: ''

17-06-2024T18:33:54 - [MESSAGE][WARNING] - A browser is already opened. Closing browser and opening a new one

17-06-2024T18:33:55 - [MESSAGE][INFO] - Starting 'Chrome (headless)' driver

17-06-2024T18:33:55 - [MESSAGE][INFO] - Action delay is set to 0 milliseconds

17-06-2024T18:33:56 - [MESSAGE][PASSED] - Browser is opened with url: ''

17-06-2024T18:33:56 - [TEST_STEP][PASSED] - navigateToUrl("https://doodles.google/about/"): Navigate to 'https://doodles.google/about/' successfully

17-06-2024T18:33:59 - [MESSAGE][PASSED] - Navigate to 'https://doodles.google/about/' successfully

17-06-2024T18:33:59 - [TEST_STEP][PASSED] - click(findTestObject("Object Repository/Page_The Story and Evolution of Doodles - G_6e786d/p_The first Doodle was a simple out-of-offi_345e61")): Object: 'Object Repository/Page_The Story and Evolution of Doodles - G_6e786d/p_The first Doodle was a simple out-of-offi_345e61' is clicked on

17-06-2024T18:33:59 - [MESSAGE][PASSED] - Object: 'Object Repository/Page_The Story and Evolution of Doodles - G_6e786d/p_The first Doodle was a simple out-of-offi_345e61' is clicked on

17-06-2024T18:33:59 - [TEST_STEP][PASSED] - click(findTestObject("Object Repository/Page_The Story and Evolution of Doodles - G_6e786d/p_The first Doodle was a simple out-of-offi_345e61")): Object: 'Object Repository/Page_The Story and Evolution of Doodles - G_6e786d/p_The first Doodle was a simple out-of-offi_345e61' is clicked on

17-06-2024T18:33:59 - [MESSAGE][PASSED] - Object: 'Object Repository/Page_The Story and Evolution of Doodles - G_6e786d/p_The first Doodle was a simple out-of-offi_345e61' is clicked on

17-06-2024T18:33:59 - [TEST_STEP][PASSED] - verifyElementVisible(findTestObject("Object Repository/Page_The Story and Evolution of Doodles - G_6e786d/h1_The story behind Doodles")): Object 'Object Repository/Page_The Story and Evolution of Doodles - G_6e786d/h1_The story behind Doodles' is visible

17-06-2024T18:34:00 - [MESSAGE][PASSED] - Object 'Object Repository/Page_The Story and Evolution of Doodles - G_6e786d/h1_The story behind Doodles' is visible

17-06-2024T18:34:00 - [TEST_STEP][PASSED] - verifyElementVisible(findTestObject("Object Repository/Page_The Story and Evolution of Doodles - G_6e786d/p_The first Doodle was a simple out-of-offi_345e61")): Object 'Object Repository/Page_The Story and Evolution of Doodles - G_6e786d/p_The first Doodle was a simple out-of-offi_345e61' is visible

17-06-2024T18:34:00 - [MESSAGE][PASSED] - Object 'Object Repository/Page_The Story and Evolution of Doodles - G_6e786d/p_The first Doodle was a simple out-of-offi_345e61' is visible

17-06-2024T18:34:00 - [TEST_STEP][PASSED] - verifyElementVisible(findTestObject("Object Repository/Page_The Story and Evolution of Doodles - G_6e786d/h2_Weve created more than 5,000 Doodles ove_111429")): Object 'Object Repository/Page_The Story and Evolution of Doodles - G_6e786d/h2_Weve created more than 5,000 Doodles ove_111429' is visible

17-06-2024T18:34:00 - [MESSAGE][PASSED] - Object 'Object Repository/Page_The Story and Evolution of Doodles - G_6e786d/h2_Weve created more than 5,000 Doodles ove_111429' is visible

17-06-2024T18:34:00 - [TEST_STEP][PASSED] - verifyElementVisible(findTestObject("Object Repository/Page_The Story and Evolution of Doodles - G_6e786d/h1_The story behind Doodles")): Object 'Object Repository/Page_The Story and Evolution of Doodles - G_6e786d/h1_The story behind Doodles' is visible

17-06-2024T18:34:01 - [MESSAGE][PASSED] - Object 'Object Repository/Page_The Story and Evolution of Doodles - G_6e786d/h1_The story behind Doodles' is visible

17-06-2024T18:34:01 - [TEST_STEP][PASSED] - verifyElementVisible(findTestObject("Object Repository/Page_The Story and Evolution of Doodles - G_6e786d/p_The first Doodle was a simple out-of-offi_345e61")): Object 'Object Repository/Page_The Story and Evolution of Doodles - G_6e786d/p_The first Doodle was a simple out-of-offi_345e61' is visible

17-06-2024T18:34:01 - [MESSAGE][PASSED] - Object 'Object Repository/Page_The Story and Evolution of Doodles - G_6e786d/p_The first Doodle was a simple out-of-offi_345e61' is visible

17-06-2024T18:34:01 - [TEST_STEP][PASSED] - verifyElementVisible(findTestObject("Object Repository/Page_The Story and Evolution of Doodles - G_6e786d/h2_Weve created more than 5,000 Doodles ove_111429")): Object 'Object Repository/Page_The Story and Evolution of Doodles - G_6e786d/h2_Weve created more than 5,000 Doodles ove_111429' is visible

17-06-2024T18:34:01 - [MESSAGE][PASSED] - Object 'Object Repository/Page_The Story and Evolution of Doodles - G_6e786d/h2_Weve created more than 5,000 Doodles ove_111429' is visible

17-06-2024T18:34:01 - [TEST_STEP][PASSED] - click(findTestObject("Object Repository/Page_The Story and Evolution of Doodles - G_6e786d/p_The first Doodle was a simple out-of-offi_345e61")): Object: 'Object Repository/Page_The Story and Evolution of Doodles - G_6e786d/p_The first Doodle was a simple out-of-offi_345e61' is clicked on

17-06-2024T18:34:02 - [MESSAGE][PASSED] - Object: 'Object Repository/Page_The Story and Evolution of Doodles - G_6e786d/p_The first Doodle was a simple out-of-offi_345e61' is clicked on

17-06-2024T18:34:02 - [TEST_STEP][PASSED] - verifyElementVisible(findTestObject("Object Repository/Page_The Story and Evolution of Doodles - G_6e786d/h1_The story behind Doodles")): Object 'Object Repository/Page_The Story and Evolution of Doodles - G_6e786d/h1_The story behind Doodles' is visible

17-06-2024T18:34:02 - [MESSAGE][PASSED] - Object 'Object Repository/Page_The Story and Evolution of Doodles - G_6e786d/h1_The story behind Doodles' is visible

17-06-2024T18:34:02 - [TEST_STEP][PASSED] - verifyElementVisible(findTestObject("Object Repository/Page_The Story and Evolution of Doodles - G_6e786d/p_The first Doodle was a simple out-of-offi_345e61")): Object 'Object Repository/Page_The Story and Evolution of Doodles - G_6e786d/p_The first Doodle was a simple out-of-offi_345e61' is visible

17-06-2024T18:34:02 - [MESSAGE][PASSED] - Object 'Object Repository/Page_The Story and Evolution of Doodles - G_6e786d/p_The first Doodle was a simple out-of-offi_345e61' is visible

17-06-2024T18:34:02 - [TEST_STEP][PASSED] - verifyElementVisible(findTestObject("Object Repository/Page_The Story and Evolution of Doodles - G_6e786d/h2_Weve created more than 5,000 Doodles ove_111429")): Object 'Object Repository/Page_The Story and Evolution of Doodles - G_6e786d/h2_Weve created more than 5,000 Doodles ove_111429' is visible

17-06-2024T18:34:03 - [MESSAGE][PASSED] - Object 'Object Repository/Page_The Story and Evolution of Doodles - G_6e786d/h2_Weve created more than 5,000 Doodles ove_111429' is visible

17-06-2024T18:34:03 - [TEST_STEP][PASSED] - click(findTestObject("Object Repository/Page_The Story and Evolution of Doodles - G_6e786d/p_The first Doodle was a simple out-of-offi_345e61")): Object: 'Object Repository/Page_The Story and Evolution of Doodles - G_6e786d/p_The first Doodle was a simple out-of-offi_345e61' is clicked on

17-06-2024T18:34:03 - [MESSAGE][PASSED] - Object: 'Object Repository/Page_The Story and Evolution of Doodles - G_6e786d/p_The first Doodle was a simple out-of-offi_345e61' is clicked on

17-06-2024T18:34:03 - [TEST_STEP][PASSED] - verifyElementVisible(findTestObject("Object Repository/Page_The Story and Evolution of Doodles - G_6e786d/h1_The story behind Doodles")): Object 'Object Repository/Page_The Story and Evolution of Doodles - G_6e786d/h1_The story behind Doodles' is visible

17-06-2024T18:34:03 - [MESSAGE][PASSED] - Object 'Object Repository/Page_The Story and Evolution of Doodles - G_6e786d/h1_The story behind Doodles' is visible

17-06-2024T18:34:03 - [TEST_STEP][PASSED] - verifyElementVisible(findTestObject("Object Repository/Page_The Story and Evolution of Doodles - G_6e786d/p_The first Doodle was a simple out-of-offi_345e61")): Object 'Object Repository/Page_The Story and Evolution of Doodles - G_6e786d/p_The first Doodle was a simple out-of-offi_345e61' is visible

17-06-2024T18:34:04 - [MESSAGE][PASSED] - Object 'Object Repository/Page_The Story and Evolution of Doodles - G_6e786d/p_The first Doodle was a simple out-of-offi_345e61' is visible

17-06-2024T18:34:04 - [TEST_STEP][PASSED] - verifyElementVisible(findTestObject("Object Repository/Page_The Story and Evolution of Doodles - G_6e786d/h2_Weve created more than 5,000 Doodles ove_111429")): Object 'Object Repository/Page_The Story and Evolution of Doodles - G_6e786d/h2_Weve created more than 5,000 Doodles ove_111429' is visible

17-06-2024T18:34:04 - [MESSAGE][PASSED] - Object 'Object Repository/Page_The Story and Evolution of Doodles - G_6e786d/h2_Weve created more than 5,000 Doodles ove_111429' is visible

17-06-2024T18:34:04 - [TEST_STEP][PASSED] - click(findTestObject("Object Repository/Page_The Story and Evolution of Doodles - G_6e786d/p_The first Doodle was a simple out-of-offi_345e61")): Object: 'Object Repository/Page_The Story and Evolution of Doodles - G_6e786d/p_The first Doodle was a simple out-of-offi_345e61' is clicked on

17-06-2024T18:34:04 - [MESSAGE][PASSED] - Object: 'Object Repository/Page_The Story and Evolution of Doodles - G_6e786d/p_The first Doodle was a simple out-of-offi_345e61' is clicked on

17-06-2024T18:34:04 - [TEST_STEP][PASSED] - verifyElementVisible(findTestObject("Object Repository/Page_The Story and Evolution of Doodles - G_6e786d/h1_The story behind Doodles")): Object 'Object Repository/Page_The Story and Evolution of Doodles - G_6e786d/h1_The story behind Doodles' is visible

17-06-2024T18:34:05 - [MESSAGE][PASSED] - Object 'Object Repository/Page_The Story and Evolution of Doodles - G_6e786d/h1_The story behind Doodles' is visible

17-06-2024T18:34:05 - [TEST_STEP][PASSED] - verifyElementVisible(findTestObject("Object Repository/Page_The Story and Evolution of Doodles - G_6e786d/p_The first Doodle was a simple out-of-offi_345e61")): Object 'Object Repository/Page_The Story and Evolution of Doodles - G_6e786d/p_The first Doodle was a simple out-of-offi_345e61' is visible

17-06-2024T18:34:05 - [MESSAGE][PASSED] - Object 'Object Repository/Page_The Story and Evolution of Doodles - G_6e786d/p_The first Doodle was a simple out-of-offi_345e61' is visible

17-06-2024T18:34:05 - [TEST_STEP][PASSED] - verifyElementVisible(findTestObject("Object Repository/Page_The Story and Evolution of Doodles - G_6e786d/h2_Weve created more than 5,000 Doodles ove_111429")): Object 'Object Repository/Page_The Story and Evolution of Doodles - G_6e786d/h2_Weve created more than 5,000 Doodles ove_111429' is visible

17-06-2024T18:34:05 - [MESSAGE][PASSED] - Object 'Object Repository/Page_The Story and Evolution of Doodles - G_6e786d/h2_Weve created more than 5,000 Doodles ove_111429' is visible

17-06-2024T18:34:05 - [TEST_STEP][PASSED] - click(findTestObject("Object Repository/Page_The Story and Evolution of Doodles - G_6e786d/p_The first Doodle was a simple out-of-offi_345e61")): Object: 'Object Repository/Page_The Story and Evolution of Doodles - G_6e786d/p_The first Doodle was a simple out-of-offi_345e61' is clicked on

17-06-2024T18:34:06 - [MESSAGE][PASSED] - Object: 'Object Repository/Page_The Story and Evolution of Doodles - G_6e786d/p_The first Doodle was a simple out-of-offi_345e61' is clicked on

17-06-2024T18:34:06 - [TEST_STEP][PASSED] - verifyElementVisible(findTestObject("Object Repository/Page_The Story and Evolution of Doodles - G_6e786d/h1_The story behind Doodles")): Object 'Object Repository/Page_The Story and Evolution of Doodles - G_6e786d/h1_The story behind Doodles' is visible

17-06-2024T18:34:06 - [MESSAGE][PASSED] - Object 'Object Repository/Page_The Story and Evolution of Doodles - G_6e786d/h1_The story behind Doodles' is visible

17-06-2024T18:34:06 - [TEST_STEP][PASSED] - verifyElementVisible(findTestObject("Object Repository/Page_The Story and Evolution of Doodles - G_6e786d/p_The first Doodle was a simple out-of-offi_345e61")): Object 'Object Repository/Page_The Story and Evolution of Doodles - G_6e786d/p_The first Doodle was a simple out-of-offi_345e61' is visible

17-06-2024T18:34:06 - [MESSAGE][PASSED] - Object 'Object Repository/Page_The Story and Evolution of Doodles - G_6e786d/p_The first Doodle was a simple out-of-offi_345e61' is visible

17-06-2024T18:34:06 - [TEST_STEP][PASSED] - verifyElementVisible(findTestObject("Object Repository/Page_The Story and Evolution of Doodles - G_6e786d/h2_Weve created more than 5,000 Doodles ove_111429")): Object 'Object Repository/Page_The Story and Evolution of Doodles - G_6e786d/h2_Weve created more than 5,000 Doodles ove_111429' is visible

17-06-2024T18:34:07 - [MESSAGE][PASSED] - Object 'Object Repository/Page_The Story and Evolution of Doodles - G_6e786d/h2_Weve created more than 5,000 Doodles ove_111429' is visible

17-06-2024T18:34:07 - [TEST_STEP][PASSED] - click(findTestObject("Object Repository/Page_The Story and Evolution of Doodles - G_6e786d/p_The first Doodle was a simple out-of-offi_345e61")): Object: 'Object Repository/Page_The Story and Evolution of Doodles - G_6e786d/p_The first Doodle was a simple out-of-offi_345e61' is clicked on

17-06-2024T18:34:07 - [MESSAGE][PASSED] - Object: 'Object Repository/Page_The Story and Evolution of Doodles - G_6e786d/p_The first Doodle was a simple out-of-offi_345e61' is clicked on

17-06-2024T18:34:07 - [TEST_STEP][PASSED] - verifyElementVisible(findTestObject("Object Repository/Page_The Story and Evolution of Doodles - G_6e786d/h1_The story behind Doodles")): Object 'Object Repository/Page_The Story and Evolution of Doodles - G_6e786d/h1_The story behind Doodles' is visible

17-06-2024T18:34:08 - [MESSAGE][PASSED] - Object 'Object Repository/Page_The Story and Evolution of Doodles - G_6e786d/h1_The story behind Doodles' is visible

17-06-2024T18:34:08 - [TEST_STEP][PASSED] - verifyElementVisible(findTestObject("Object Repository/Page_The Story and Evolution of Doodles - G_6e786d/p_The first Doodle was a simple out-of-offi_345e61")): Object 'Object Repository/Page_The Story and Evolution of Doodles - G_6e786d/p_The first Doodle was a simple out-of-offi_345e61' is visible

17-06-2024T18:34:08 - [MESSAGE][PASSED] - Object 'Object Repository/Page_The Story and Evolution of Doodles - G_6e786d/p_The first Doodle was a simple out-of-offi_345e61' is visible

17-06-2024T18:34:08 - [TEST_STEP][PASSED] - verifyElementVisible(findTestObject("Object Repository/Page_The Story and Evolution of Doodles - G_6e786d/h2_Weve created more than 5,000 Doodles ove_111429")): Object 'Object Repository/Page_The Story and Evolution of Doodles - G_6e786d/h2_Weve created more than 5,000 Doodles ove_111429' is visible

17-06-2024T18:34:08 - [MESSAGE][PASSED] - Object 'Object Repository/Page_The Story and Evolution of Doodles - G_6e786d/h2_Weve created more than 5,000 Doodles ove_111429' is visible

17-06-2024T18:34:08 - [TEST_STEP][PASSED] - click(findTestObject("Object Repository/Page_The Story and Evolution of Doodles - G_6e786d/p_The first Doodle was a simple out-of-offi_345e61")): Object: 'Object Repository/Page_The Story and Evolution of Doodles - G_6e786d/p_The first Doodle was a simple out-of-offi_345e61' is clicked on

17-06-2024T18:34:08 - [MESSAGE][PASSED] - Object: 'Object Repository/Page_The Story and Evolution of Doodles - G_6e786d/p_The first Doodle was a simple out-of-offi_345e61' is clicked on

17-06-2024T18:34:08 - [TEST_STEP][PASSED] - verifyElementVisible(findTestObject("Object Repository/Page_The Story and Evolution of Doodles - G_6e786d/h1_The story behind Doodles")): Object 'Object Repository/Page_The Story and Evolution of Doodles - G_6e786d/h1_The story behind Doodles' is visible

17-06-2024T18:34:09 - [MESSAGE][PASSED] - Object 'Object Repository/Page_The Story and Evolution of Doodles - G_6e786d/h1_The story behind Doodles' is visible

17-06-2024T18:34:09 - [TEST_STEP][PASSED] - verifyElementVisible(findTestObject("Object Repository/Page_The Story and Evolution of Doodles - G_6e786d/p_The first Doodle was a simple out-of-offi_345e61")): Object 'Object Repository/Page_The Story and Evolution of Doodles - G_6e786d/p_The first Doodle was a simple out-of-offi_345e61' is visible

17-06-2024T18:34:09 - [MESSAGE][PASSED] - Object 'Object Repository/Page_The Story and Evolution of Doodles - G_6e786d/p_The first Doodle was a simple out-of-offi_345e61' is visible

17-06-2024T18:34:09 - [TEST_STEP][PASSED] - verifyElementVisible(findTestObject("Object Repository/Page_The Story and Evolution of Doodles - G_6e786d/h2_Weve created more than 5,000 Doodles ove_111429")): Object 'Object Repository/Page_The Story and Evolution of Doodles - G_6e786d/h2_Weve created more than 5,000 Doodles ove_111429' is visible

17-06-2024T18:34:09 - [MESSAGE][PASSED] - Object 'Object Repository/Page_The Story and Evolution of Doodles - G_6e786d/h2_Weve created more than 5,000 Doodles ove_111429' is visible

17-06-2024T18:34:09 - [TEST_STEP][PASSED] - click(findTestObject("Object Repository/Page_The Story and Evolution of Doodles - G_6e786d/p_The first Doodle was a simple out-of-offi_345e61")): Object: 'Object Repository/Page_The Story and Evolution of Doodles - G_6e786d/p_The first Doodle was a simple out-of-offi_345e61' is clicked on

17-06-2024T18:34:10 - [MESSAGE][PASSED] - Object: 'Object Repository/Page_The Story and Evolution of Doodles - G_6e786d/p_The first Doodle was a simple out-of-offi_345e61' is clicked on

17-06-2024T18:34:10 - [TEST_STEP][PASSED] - verifyElementVisible(findTestObject("Object Repository/Page_The Story and Evolution of Doodles - G_6e786d/h1_The story behind Doodles")): Object 'Object Repository/Page_The Story and Evolution of Doodles - G_6e786d/h1_The story behind Doodles' is visible

17-06-2024T18:34:10 - [MESSAGE][PASSED] - Object 'Object Repository/Page_The Story and Evolution of Doodles - G_6e786d/h1_The story behind Doodles' is visible

17-06-2024T18:34:10 - [TEST_STEP][PASSED] - verifyElementVisible(findTestObject("Object Repository/Page_The Story and Evolution of Doodles - G_6e786d/p_The first Doodle was a simple out-of-offi_345e61")): Object 'Object Repository/Page_The Story and Evolution of Doodles - G_6e786d/p_The first Doodle was a simple out-of-offi_345e61' is visible

17-06-2024T18:34:10 - [MESSAGE][PASSED] - Object 'Object Repository/Page_The Story and Evolution of Doodles - G_6e786d/p_The first Doodle was a simple out-of-offi_345e61' is visible

17-06-2024T18:34:10 - [TEST_STEP][PASSED] - verifyElementVisible(findTestObject("Object Repository/Page_The Story and Evolution of Doodles - G_6e786d/h2_Weve created more than 5,000 Doodles ove_111429")): Object 'Object Repository/Page_The Story and Evolution of Doodles - G_6e786d/h2_Weve created more than 5,000 Doodles ove_111429' is visible

17-06-2024T18:34:11 - [MESSAGE][PASSED] - Object 'Object Repository/Page_The Story and Evolution of Doodles - G_6e786d/h2_Weve created more than 5,000 Doodles ove_111429' is visible

17-06-2024T18:34:11 - [TEST_STEP][PASSED] - click(findTestObject("Object Repository/Page_The Story and Evolution of Doodles - G_6e786d/p_The first Doodle was a simple out-of-offi_345e61")): Object: 'Object Repository/Page_The Story and Evolution of Doodles - G_6e786d/p_The first Doodle was a simple out-of-offi_345e61' is clicked on

17-06-2024T18:34:11 - [MESSAGE][PASSED] - Object: 'Object Repository/Page_The Story and Evolution of Doodles - G_6e786d/p_The first Doodle was a simple out-of-offi_345e61' is clicked on

17-06-2024T18:34:11 - [TEST_STEP][PASSED] - verifyElementVisible(findTestObject("Object Repository/Page_The Story and Evolution of Doodles - G_6e786d/h1_The story behind Doodles")): Object 'Object Repository/Page_The Story and Evolution of Doodles - G_6e786d/h1_The story behind Doodles' is visible

17-06-2024T18:34:11 - [MESSAGE][PASSED] - Object 'Object Repository/Page_The Story and Evolution of Doodles - G_6e786d/h1_The story behind Doodles' is visible

17-06-2024T18:34:11 - [TEST_STEP][PASSED] - verifyElementVisible(findTestObject("Object Repository/Page_The Story and Evolution of Doodles - G_6e786d/p_The first Doodle was a simple out-of-offi_345e61")): Object 'Object Repository/Page_The Story and Evolution of Doodles - G_6e786d/p_The first Doodle was a simple out-of-offi_345e61' is visible

17-06-2024T18:34:12 - [MESSAGE][PASSED] - Object 'Object Repository/Page_The Story and Evolution of Doodles - G_6e786d/p_The first Doodle was a simple out-of-offi_345e61' is visible

17-06-2024T18:34:12 - [TEST_STEP][PASSED] - verifyElementVisible(findTestObject("Object Repository/Page_The Story and Evolution of Doodles - G_6e786d/h2_Weve created more than 5,000 Doodles ove_111429")): Object 'Object Repository/Page_The Story and Evolution of Doodles - G_6e786d/h2_Weve created more than 5,000 Doodles ove_111429' is visible

17-06-2024T18:34:12 - [MESSAGE][PASSED] - Object 'Object Repository/Page_The Story and Evolution of Doodles - G_6e786d/h2_Weve created more than 5,000 Doodles ove_111429' is visible

17-06-2024T18:34:12 - [TEST_STEP][PASSED] - click(findTestObject("Object Repository/Page_The Story and Evolution of Doodles - G_6e786d/p_The first Doodle was a simple out-of-offi_345e61")): Object: 'Object Repository/Page_The Story and Evolution of Doodles - G_6e786d/p_The first Doodle was a simple out-of-offi_345e61' is clicked on

17-06-2024T18:34:12 - [MESSAGE][PASSED] - Object: 'Object Repository/Page_The Story and Evolution of Doodles - G_6e786d/p_The first Doodle was a simple out-of-offi_345e61' is clicked on

17-06-2024T18:34:12 - [TEST_STEP][PASSED] - verifyElementVisible(findTestObject("Object Repository/Page_The Story and Evolution of Doodles - G_6e786d/h1_The story behind Doodles")): Object 'Object Repository/Page_The Story and Evolution of Doodles - G_6e786d/h1_The story behind Doodles' is visible

17-06-2024T18:34:13 - [MESSAGE][PASSED] - Object 'Object Repository/Page_The Story and Evolution of Doodles - G_6e786d/h1_The story behind Doodles' is visible

17-06-2024T18:34:13 - [TEST_STEP][PASSED] - verifyElementVisible(findTestObject("Object Repository/Page_The Story and Evolution of Doodles - G_6e786d/p_The first Doodle was a simple out-of-offi_345e61")): Object 'Object Repository/Page_The Story and Evolution of Doodles - G_6e786d/p_The first Doodle was a simple out-of-offi_345e61' is visible

17-06-2024T18:34:13 - [MESSAGE][PASSED] - Object 'Object Repository/Page_The Story and Evolution of Doodles - G_6e786d/p_The first Doodle was a simple out-of-offi_345e61' is visible

17-06-2024T18:34:13 - [TEST_STEP][PASSED] - verifyElementVisible(findTestObject("Object Repository/Page_The Story and Evolution of Doodles - G_6e786d/h2_Weve created more than 5,000 Doodles ove_111429")): Object 'Object Repository/Page_The Story and Evolution of Doodles - G_6e786d/h2_Weve created more than 5,000 Doodles ove_111429' is visible

17-06-2024T18:34:13 - [MESSAGE][PASSED] - Object 'Object Repository/Page_The Story and Evolution of Doodles - G_6e786d/h2_Weve created more than 5,000 Doodles ove_111429' is visible]]></system-out>
         <system-err><![CDATA[]]></system-err>
      </testcase>
      <testcase name="Test Cases/test case folder 1/tc1 - Copy - Copy (4)" time="20.105" classname="Test Cases/test case folder 1/tc1 - Copy - Copy (4)" status="PASSED">
         <system-out><![CDATA[17-06-2024T18:34:13 - [TEST_CASE][PASSED] - Test Cases/test case folder 1/tc1 - Copy - Copy (4): Test Cases/test case folder 1/tc1 - Copy - Copy (4)

17-06-2024T18:34:13 - [TEST_STEP][PASSED] - openBrowser(""): Browser is opened with url: ''

17-06-2024T18:34:13 - [MESSAGE][WARNING] - A browser is already opened. Closing browser and opening a new one

17-06-2024T18:34:14 - [MESSAGE][INFO] - Starting 'Chrome (headless)' driver

17-06-2024T18:34:14 - [MESSAGE][INFO] - Action delay is set to 0 milliseconds

17-06-2024T18:34:15 - [MESSAGE][PASSED] - Browser is opened with url: ''

17-06-2024T18:34:15 - [TEST_STEP][PASSED] - navigateToUrl("https://doodles.google/about/"): Navigate to 'https://doodles.google/about/' successfully

17-06-2024T18:34:18 - [MESSAGE][PASSED] - Navigate to 'https://doodles.google/about/' successfully

17-06-2024T18:34:18 - [TEST_STEP][PASSED] - click(findTestObject("Object Repository/Page_The Story and Evolution of Doodles - G_6e786d/p_The first Doodle was a simple out-of-offi_345e61")): Object: 'Object Repository/Page_The Story and Evolution of Doodles - G_6e786d/p_The first Doodle was a simple out-of-offi_345e61' is clicked on

17-06-2024T18:34:19 - [MESSAGE][PASSED] - Object: 'Object Repository/Page_The Story and Evolution of Doodles - G_6e786d/p_The first Doodle was a simple out-of-offi_345e61' is clicked on

17-06-2024T18:34:19 - [TEST_STEP][PASSED] - click(findTestObject("Object Repository/Page_The Story and Evolution of Doodles - G_6e786d/p_The first Doodle was a simple out-of-offi_345e61")): Object: 'Object Repository/Page_The Story and Evolution of Doodles - G_6e786d/p_The first Doodle was a simple out-of-offi_345e61' is clicked on

17-06-2024T18:34:19 - [MESSAGE][PASSED] - Object: 'Object Repository/Page_The Story and Evolution of Doodles - G_6e786d/p_The first Doodle was a simple out-of-offi_345e61' is clicked on

17-06-2024T18:34:19 - [TEST_STEP][PASSED] - verifyElementVisible(findTestObject("Object Repository/Page_The Story and Evolution of Doodles - G_6e786d/h1_The story behind Doodles")): Object 'Object Repository/Page_The Story and Evolution of Doodles - G_6e786d/h1_The story behind Doodles' is visible

17-06-2024T18:34:19 - [MESSAGE][PASSED] - Object 'Object Repository/Page_The Story and Evolution of Doodles - G_6e786d/h1_The story behind Doodles' is visible

17-06-2024T18:34:19 - [TEST_STEP][PASSED] - verifyElementVisible(findTestObject("Object Repository/Page_The Story and Evolution of Doodles - G_6e786d/p_The first Doodle was a simple out-of-offi_345e61")): Object 'Object Repository/Page_The Story and Evolution of Doodles - G_6e786d/p_The first Doodle was a simple out-of-offi_345e61' is visible

17-06-2024T18:34:20 - [MESSAGE][PASSED] - Object 'Object Repository/Page_The Story and Evolution of Doodles - G_6e786d/p_The first Doodle was a simple out-of-offi_345e61' is visible

17-06-2024T18:34:20 - [TEST_STEP][PASSED] - verifyElementVisible(findTestObject("Object Repository/Page_The Story and Evolution of Doodles - G_6e786d/h2_Weve created more than 5,000 Doodles ove_111429")): Object 'Object Repository/Page_The Story and Evolution of Doodles - G_6e786d/h2_Weve created more than 5,000 Doodles ove_111429' is visible

17-06-2024T18:34:20 - [MESSAGE][PASSED] - Object 'Object Repository/Page_The Story and Evolution of Doodles - G_6e786d/h2_Weve created more than 5,000 Doodles ove_111429' is visible

17-06-2024T18:34:20 - [TEST_STEP][PASSED] - verifyElementVisible(findTestObject("Object Repository/Page_The Story and Evolution of Doodles - G_6e786d/h1_The story behind Doodles")): Object 'Object Repository/Page_The Story and Evolution of Doodles - G_6e786d/h1_The story behind Doodles' is visible

17-06-2024T18:34:20 - [MESSAGE][PASSED] - Object 'Object Repository/Page_The Story and Evolution of Doodles - G_6e786d/h1_The story behind Doodles' is visible

17-06-2024T18:34:20 - [TEST_STEP][PASSED] - verifyElementVisible(findTestObject("Object Repository/Page_The Story and Evolution of Doodles - G_6e786d/p_The first Doodle was a simple out-of-offi_345e61")): Object 'Object Repository/Page_The Story and Evolution of Doodles - G_6e786d/p_The first Doodle was a simple out-of-offi_345e61' is visible

17-06-2024T18:34:21 - [MESSAGE][PASSED] - Object 'Object Repository/Page_The Story and Evolution of Doodles - G_6e786d/p_The first Doodle was a simple out-of-offi_345e61' is visible

17-06-2024T18:34:21 - [TEST_STEP][PASSED] - verifyElementVisible(findTestObject("Object Repository/Page_The Story and Evolution of Doodles - G_6e786d/h2_Weve created more than 5,000 Doodles ove_111429")): Object 'Object Repository/Page_The Story and Evolution of Doodles - G_6e786d/h2_Weve created more than 5,000 Doodles ove_111429' is visible

17-06-2024T18:34:21 - [MESSAGE][PASSED] - Object 'Object Repository/Page_The Story and Evolution of Doodles - G_6e786d/h2_Weve created more than 5,000 Doodles ove_111429' is visible

17-06-2024T18:34:21 - [TEST_STEP][PASSED] - click(findTestObject("Object Repository/Page_The Story and Evolution of Doodles - G_6e786d/p_The first Doodle was a simple out-of-offi_345e61")): Object: 'Object Repository/Page_The Story and Evolution of Doodles - G_6e786d/p_The first Doodle was a simple out-of-offi_345e61' is clicked on

17-06-2024T18:34:21 - [MESSAGE][PASSED] - Object: 'Object Repository/Page_The Story and Evolution of Doodles - G_6e786d/p_The first Doodle was a simple out-of-offi_345e61' is clicked on

17-06-2024T18:34:21 - [TEST_STEP][PASSED] - verifyElementVisible(findTestObject("Object Repository/Page_The Story and Evolution of Doodles - G_6e786d/h1_The story behind Doodles")): Object 'Object Repository/Page_The Story and Evolution of Doodles - G_6e786d/h1_The story behind Doodles' is visible

17-06-2024T18:34:22 - [MESSAGE][PASSED] - Object 'Object Repository/Page_The Story and Evolution of Doodles - G_6e786d/h1_The story behind Doodles' is visible

17-06-2024T18:34:22 - [TEST_STEP][PASSED] - verifyElementVisible(findTestObject("Object Repository/Page_The Story and Evolution of Doodles - G_6e786d/p_The first Doodle was a simple out-of-offi_345e61")): Object 'Object Repository/Page_The Story and Evolution of Doodles - G_6e786d/p_The first Doodle was a simple out-of-offi_345e61' is visible

17-06-2024T18:34:22 - [MESSAGE][PASSED] - Object 'Object Repository/Page_The Story and Evolution of Doodles - G_6e786d/p_The first Doodle was a simple out-of-offi_345e61' is visible

17-06-2024T18:34:22 - [TEST_STEP][PASSED] - verifyElementVisible(findTestObject("Object Repository/Page_The Story and Evolution of Doodles - G_6e786d/h2_Weve created more than 5,000 Doodles ove_111429")): Object 'Object Repository/Page_The Story and Evolution of Doodles - G_6e786d/h2_Weve created more than 5,000 Doodles ove_111429' is visible

17-06-2024T18:34:22 - [MESSAGE][PASSED] - Object 'Object Repository/Page_The Story and Evolution of Doodles - G_6e786d/h2_Weve created more than 5,000 Doodles ove_111429' is visible

17-06-2024T18:34:22 - [TEST_STEP][PASSED] - click(findTestObject("Object Repository/Page_The Story and Evolution of Doodles - G_6e786d/p_The first Doodle was a simple out-of-offi_345e61")): Object: 'Object Repository/Page_The Story and Evolution of Doodles - G_6e786d/p_The first Doodle was a simple out-of-offi_345e61' is clicked on

17-06-2024T18:34:23 - [MESSAGE][PASSED] - Object: 'Object Repository/Page_The Story and Evolution of Doodles - G_6e786d/p_The first Doodle was a simple out-of-offi_345e61' is clicked on

17-06-2024T18:34:23 - [TEST_STEP][PASSED] - verifyElementVisible(findTestObject("Object Repository/Page_The Story and Evolution of Doodles - G_6e786d/h1_The story behind Doodles")): Object 'Object Repository/Page_The Story and Evolution of Doodles - G_6e786d/h1_The story behind Doodles' is visible

17-06-2024T18:34:23 - [MESSAGE][PASSED] - Object 'Object Repository/Page_The Story and Evolution of Doodles - G_6e786d/h1_The story behind Doodles' is visible

17-06-2024T18:34:23 - [TEST_STEP][PASSED] - verifyElementVisible(findTestObject("Object Repository/Page_The Story and Evolution of Doodles - G_6e786d/p_The first Doodle was a simple out-of-offi_345e61")): Object 'Object Repository/Page_The Story and Evolution of Doodles - G_6e786d/p_The first Doodle was a simple out-of-offi_345e61' is visible

17-06-2024T18:34:24 - [MESSAGE][PASSED] - Object 'Object Repository/Page_The Story and Evolution of Doodles - G_6e786d/p_The first Doodle was a simple out-of-offi_345e61' is visible

17-06-2024T18:34:24 - [TEST_STEP][PASSED] - verifyElementVisible(findTestObject("Object Repository/Page_The Story and Evolution of Doodles - G_6e786d/h2_Weve created more than 5,000 Doodles ove_111429")): Object 'Object Repository/Page_The Story and Evolution of Doodles - G_6e786d/h2_Weve created more than 5,000 Doodles ove_111429' is visible

17-06-2024T18:34:24 - [MESSAGE][PASSED] - Object 'Object Repository/Page_The Story and Evolution of Doodles - G_6e786d/h2_Weve created more than 5,000 Doodles ove_111429' is visible

17-06-2024T18:34:24 - [TEST_STEP][PASSED] - click(findTestObject("Object Repository/Page_The Story and Evolution of Doodles - G_6e786d/p_The first Doodle was a simple out-of-offi_345e61")): Object: 'Object Repository/Page_The Story and Evolution of Doodles - G_6e786d/p_The first Doodle was a simple out-of-offi_345e61' is clicked on

17-06-2024T18:34:24 - [MESSAGE][PASSED] - Object: 'Object Repository/Page_The Story and Evolution of Doodles - G_6e786d/p_The first Doodle was a simple out-of-offi_345e61' is clicked on

17-06-2024T18:34:24 - [TEST_STEP][PASSED] - verifyElementVisible(findTestObject("Object Repository/Page_The Story and Evolution of Doodles - G_6e786d/h1_The story behind Doodles")): Object 'Object Repository/Page_The Story and Evolution of Doodles - G_6e786d/h1_The story behind Doodles' is visible

17-06-2024T18:34:25 - [MESSAGE][PASSED] - Object 'Object Repository/Page_The Story and Evolution of Doodles - G_6e786d/h1_The story behind Doodles' is visible

17-06-2024T18:34:25 - [TEST_STEP][PASSED] - verifyElementVisible(findTestObject("Object Repository/Page_The Story and Evolution of Doodles - G_6e786d/p_The first Doodle was a simple out-of-offi_345e61")): Object 'Object Repository/Page_The Story and Evolution of Doodles - G_6e786d/p_The first Doodle was a simple out-of-offi_345e61' is visible

17-06-2024T18:34:25 - [MESSAGE][PASSED] - Object 'Object Repository/Page_The Story and Evolution of Doodles - G_6e786d/p_The first Doodle was a simple out-of-offi_345e61' is visible

17-06-2024T18:34:25 - [TEST_STEP][PASSED] - verifyElementVisible(findTestObject("Object Repository/Page_The Story and Evolution of Doodles - G_6e786d/h2_Weve created more than 5,000 Doodles ove_111429")): Object 'Object Repository/Page_The Story and Evolution of Doodles - G_6e786d/h2_Weve created more than 5,000 Doodles ove_111429' is visible

17-06-2024T18:34:25 - [MESSAGE][PASSED] - Object 'Object Repository/Page_The Story and Evolution of Doodles - G_6e786d/h2_Weve created more than 5,000 Doodles ove_111429' is visible

17-06-2024T18:34:25 - [TEST_STEP][PASSED] - click(findTestObject("Object Repository/Page_The Story and Evolution of Doodles - G_6e786d/p_The first Doodle was a simple out-of-offi_345e61")): Object: 'Object Repository/Page_The Story and Evolution of Doodles - G_6e786d/p_The first Doodle was a simple out-of-offi_345e61' is clicked on

17-06-2024T18:34:26 - [MESSAGE][PASSED] - Object: 'Object Repository/Page_The Story and Evolution of Doodles - G_6e786d/p_The first Doodle was a simple out-of-offi_345e61' is clicked on

17-06-2024T18:34:26 - [TEST_STEP][PASSED] - verifyElementVisible(findTestObject("Object Repository/Page_The Story and Evolution of Doodles - G_6e786d/h1_The story behind Doodles")): Object 'Object Repository/Page_The Story and Evolution of Doodles - G_6e786d/h1_The story behind Doodles' is visible

17-06-2024T18:34:26 - [MESSAGE][PASSED] - Object 'Object Repository/Page_The Story and Evolution of Doodles - G_6e786d/h1_The story behind Doodles' is visible

17-06-2024T18:34:26 - [TEST_STEP][PASSED] - verifyElementVisible(findTestObject("Object Repository/Page_The Story and Evolution of Doodles - G_6e786d/p_The first Doodle was a simple out-of-offi_345e61")): Object 'Object Repository/Page_The Story and Evolution of Doodles - G_6e786d/p_The first Doodle was a simple out-of-offi_345e61' is visible

17-06-2024T18:34:26 - [MESSAGE][PASSED] - Object 'Object Repository/Page_The Story and Evolution of Doodles - G_6e786d/p_The first Doodle was a simple out-of-offi_345e61' is visible

17-06-2024T18:34:26 - [TEST_STEP][PASSED] - verifyElementVisible(findTestObject("Object Repository/Page_The Story and Evolution of Doodles - G_6e786d/h2_Weve created more than 5,000 Doodles ove_111429")): Object 'Object Repository/Page_The Story and Evolution of Doodles - G_6e786d/h2_Weve created more than 5,000 Doodles ove_111429' is visible

17-06-2024T18:34:27 - [MESSAGE][PASSED] - Object 'Object Repository/Page_The Story and Evolution of Doodles - G_6e786d/h2_Weve created more than 5,000 Doodles ove_111429' is visible

17-06-2024T18:34:27 - [TEST_STEP][PASSED] - click(findTestObject("Object Repository/Page_The Story and Evolution of Doodles - G_6e786d/p_The first Doodle was a simple out-of-offi_345e61")): Object: 'Object Repository/Page_The Story and Evolution of Doodles - G_6e786d/p_The first Doodle was a simple out-of-offi_345e61' is clicked on

17-06-2024T18:34:27 - [MESSAGE][PASSED] - Object: 'Object Repository/Page_The Story and Evolution of Doodles - G_6e786d/p_The first Doodle was a simple out-of-offi_345e61' is clicked on

17-06-2024T18:34:27 - [TEST_STEP][PASSED] - verifyElementVisible(findTestObject("Object Repository/Page_The Story and Evolution of Doodles - G_6e786d/h1_The story behind Doodles")): Object 'Object Repository/Page_The Story and Evolution of Doodles - G_6e786d/h1_The story behind Doodles' is visible

17-06-2024T18:34:27 - [MESSAGE][PASSED] - Object 'Object Repository/Page_The Story and Evolution of Doodles - G_6e786d/h1_The story behind Doodles' is visible

17-06-2024T18:34:27 - [TEST_STEP][PASSED] - verifyElementVisible(findTestObject("Object Repository/Page_The Story and Evolution of Doodles - G_6e786d/p_The first Doodle was a simple out-of-offi_345e61")): Object 'Object Repository/Page_The Story and Evolution of Doodles - G_6e786d/p_The first Doodle was a simple out-of-offi_345e61' is visible

17-06-2024T18:34:28 - [MESSAGE][PASSED] - Object 'Object Repository/Page_The Story and Evolution of Doodles - G_6e786d/p_The first Doodle was a simple out-of-offi_345e61' is visible

17-06-2024T18:34:28 - [TEST_STEP][PASSED] - verifyElementVisible(findTestObject("Object Repository/Page_The Story and Evolution of Doodles - G_6e786d/h2_Weve created more than 5,000 Doodles ove_111429")): Object 'Object Repository/Page_The Story and Evolution of Doodles - G_6e786d/h2_Weve created more than 5,000 Doodles ove_111429' is visible

17-06-2024T18:34:28 - [MESSAGE][PASSED] - Object 'Object Repository/Page_The Story and Evolution of Doodles - G_6e786d/h2_Weve created more than 5,000 Doodles ove_111429' is visible

17-06-2024T18:34:28 - [TEST_STEP][PASSED] - click(findTestObject("Object Repository/Page_The Story and Evolution of Doodles - G_6e786d/p_The first Doodle was a simple out-of-offi_345e61")): Object: 'Object Repository/Page_The Story and Evolution of Doodles - G_6e786d/p_The first Doodle was a simple out-of-offi_345e61' is clicked on

17-06-2024T18:34:28 - [MESSAGE][PASSED] - Object: 'Object Repository/Page_The Story and Evolution of Doodles - G_6e786d/p_The first Doodle was a simple out-of-offi_345e61' is clicked on

17-06-2024T18:34:28 - [TEST_STEP][PASSED] - verifyElementVisible(findTestObject("Object Repository/Page_The Story and Evolution of Doodles - G_6e786d/h1_The story behind Doodles")): Object 'Object Repository/Page_The Story and Evolution of Doodles - G_6e786d/h1_The story behind Doodles' is visible

17-06-2024T18:34:29 - [MESSAGE][PASSED] - Object 'Object Repository/Page_The Story and Evolution of Doodles - G_6e786d/h1_The story behind Doodles' is visible

17-06-2024T18:34:29 - [TEST_STEP][PASSED] - verifyElementVisible(findTestObject("Object Repository/Page_The Story and Evolution of Doodles - G_6e786d/p_The first Doodle was a simple out-of-offi_345e61")): Object 'Object Repository/Page_The Story and Evolution of Doodles - G_6e786d/p_The first Doodle was a simple out-of-offi_345e61' is visible

17-06-2024T18:34:29 - [MESSAGE][PASSED] - Object 'Object Repository/Page_The Story and Evolution of Doodles - G_6e786d/p_The first Doodle was a simple out-of-offi_345e61' is visible

17-06-2024T18:34:29 - [TEST_STEP][PASSED] - verifyElementVisible(findTestObject("Object Repository/Page_The Story and Evolution of Doodles - G_6e786d/h2_Weve created more than 5,000 Doodles ove_111429")): Object 'Object Repository/Page_The Story and Evolution of Doodles - G_6e786d/h2_Weve created more than 5,000 Doodles ove_111429' is visible

17-06-2024T18:34:29 - [MESSAGE][PASSED] - Object 'Object Repository/Page_The Story and Evolution of Doodles - G_6e786d/h2_Weve created more than 5,000 Doodles ove_111429' is visible

17-06-2024T18:34:29 - [TEST_STEP][PASSED] - click(findTestObject("Object Repository/Page_The Story and Evolution of Doodles - G_6e786d/p_The first Doodle was a simple out-of-offi_345e61")): Object: 'Object Repository/Page_The Story and Evolution of Doodles - G_6e786d/p_The first Doodle was a simple out-of-offi_345e61' is clicked on

17-06-2024T18:34:30 - [MESSAGE][PASSED] - Object: 'Object Repository/Page_The Story and Evolution of Doodles - G_6e786d/p_The first Doodle was a simple out-of-offi_345e61' is clicked on

17-06-2024T18:34:30 - [TEST_STEP][PASSED] - verifyElementVisible(findTestObject("Object Repository/Page_The Story and Evolution of Doodles - G_6e786d/h1_The story behind Doodles")): Object 'Object Repository/Page_The Story and Evolution of Doodles - G_6e786d/h1_The story behind Doodles' is visible

17-06-2024T18:34:30 - [MESSAGE][PASSED] - Object 'Object Repository/Page_The Story and Evolution of Doodles - G_6e786d/h1_The story behind Doodles' is visible

17-06-2024T18:34:30 - [TEST_STEP][PASSED] - verifyElementVisible(findTestObject("Object Repository/Page_The Story and Evolution of Doodles - G_6e786d/p_The first Doodle was a simple out-of-offi_345e61")): Object 'Object Repository/Page_The Story and Evolution of Doodles - G_6e786d/p_The first Doodle was a simple out-of-offi_345e61' is visible

17-06-2024T18:34:30 - [MESSAGE][PASSED] - Object 'Object Repository/Page_The Story and Evolution of Doodles - G_6e786d/p_The first Doodle was a simple out-of-offi_345e61' is visible

17-06-2024T18:34:30 - [TEST_STEP][PASSED] - verifyElementVisible(findTestObject("Object Repository/Page_The Story and Evolution of Doodles - G_6e786d/h2_Weve created more than 5,000 Doodles ove_111429")): Object 'Object Repository/Page_The Story and Evolution of Doodles - G_6e786d/h2_Weve created more than 5,000 Doodles ove_111429' is visible

17-06-2024T18:34:31 - [MESSAGE][PASSED] - Object 'Object Repository/Page_The Story and Evolution of Doodles - G_6e786d/h2_Weve created more than 5,000 Doodles ove_111429' is visible

17-06-2024T18:34:31 - [TEST_STEP][PASSED] - click(findTestObject("Object Repository/Page_The Story and Evolution of Doodles - G_6e786d/p_The first Doodle was a simple out-of-offi_345e61")): Object: 'Object Repository/Page_The Story and Evolution of Doodles - G_6e786d/p_The first Doodle was a simple out-of-offi_345e61' is clicked on

17-06-2024T18:34:31 - [MESSAGE][PASSED] - Object: 'Object Repository/Page_The Story and Evolution of Doodles - G_6e786d/p_The first Doodle was a simple out-of-offi_345e61' is clicked on

17-06-2024T18:34:31 - [TEST_STEP][PASSED] - verifyElementVisible(findTestObject("Object Repository/Page_The Story and Evolution of Doodles - G_6e786d/h1_The story behind Doodles")): Object 'Object Repository/Page_The Story and Evolution of Doodles - G_6e786d/h1_The story behind Doodles' is visible

17-06-2024T18:34:31 - [MESSAGE][PASSED] - Object 'Object Repository/Page_The Story and Evolution of Doodles - G_6e786d/h1_The story behind Doodles' is visible

17-06-2024T18:34:31 - [TEST_STEP][PASSED] - verifyElementVisible(findTestObject("Object Repository/Page_The Story and Evolution of Doodles - G_6e786d/p_The first Doodle was a simple out-of-offi_345e61")): Object 'Object Repository/Page_The Story and Evolution of Doodles - G_6e786d/p_The first Doodle was a simple out-of-offi_345e61' is visible

17-06-2024T18:34:32 - [MESSAGE][PASSED] - Object 'Object Repository/Page_The Story and Evolution of Doodles - G_6e786d/p_The first Doodle was a simple out-of-offi_345e61' is visible

17-06-2024T18:34:32 - [TEST_STEP][PASSED] - verifyElementVisible(findTestObject("Object Repository/Page_The Story and Evolution of Doodles - G_6e786d/h2_Weve created more than 5,000 Doodles ove_111429")): Object 'Object Repository/Page_The Story and Evolution of Doodles - G_6e786d/h2_Weve created more than 5,000 Doodles ove_111429' is visible

17-06-2024T18:34:32 - [MESSAGE][PASSED] - Object 'Object Repository/Page_The Story and Evolution of Doodles - G_6e786d/h2_Weve created more than 5,000 Doodles ove_111429' is visible

17-06-2024T18:34:32 - [TEST_STEP][PASSED] - click(findTestObject("Object Repository/Page_The Story and Evolution of Doodles - G_6e786d/p_The first Doodle was a simple out-of-offi_345e61")): Object: 'Object Repository/Page_The Story and Evolution of Doodles - G_6e786d/p_The first Doodle was a simple out-of-offi_345e61' is clicked on

17-06-2024T18:34:33 - [MESSAGE][PASSED] - Object: 'Object Repository/Page_The Story and Evolution of Doodles - G_6e786d/p_The first Doodle was a simple out-of-offi_345e61' is clicked on

17-06-2024T18:34:33 - [TEST_STEP][PASSED] - verifyElementVisible(findTestObject("Object Repository/Page_The Story and Evolution of Doodles - G_6e786d/h1_The story behind Doodles")): Object 'Object Repository/Page_The Story and Evolution of Doodles - G_6e786d/h1_The story behind Doodles' is visible

17-06-2024T18:34:33 - [MESSAGE][PASSED] - Object 'Object Repository/Page_The Story and Evolution of Doodles - G_6e786d/h1_The story behind Doodles' is visible

17-06-2024T18:34:33 - [TEST_STEP][PASSED] - verifyElementVisible(findTestObject("Object Repository/Page_The Story and Evolution of Doodles - G_6e786d/p_The first Doodle was a simple out-of-offi_345e61")): Object 'Object Repository/Page_The Story and Evolution of Doodles - G_6e786d/p_The first Doodle was a simple out-of-offi_345e61' is visible

17-06-2024T18:34:33 - [MESSAGE][PASSED] - Object 'Object Repository/Page_The Story and Evolution of Doodles - G_6e786d/p_The first Doodle was a simple out-of-offi_345e61' is visible

17-06-2024T18:34:33 - [TEST_STEP][PASSED] - verifyElementVisible(findTestObject("Object Repository/Page_The Story and Evolution of Doodles - G_6e786d/h2_Weve created more than 5,000 Doodles ove_111429")): Object 'Object Repository/Page_The Story and Evolution of Doodles - G_6e786d/h2_Weve created more than 5,000 Doodles ove_111429' is visible

17-06-2024T18:34:34 - [MESSAGE][PASSED] - Object 'Object Repository/Page_The Story and Evolution of Doodles - G_6e786d/h2_Weve created more than 5,000 Doodles ove_111429' is visible]]></system-out>
         <system-err><![CDATA[]]></system-err>
      </testcase>
      <testcase name="Test Cases/test case folder 1/tc1 - Copy - Copy (3)" time="19.071" classname="Test Cases/test case folder 1/tc1 - Copy - Copy (3)" status="PASSED">
         <system-out><![CDATA[17-06-2024T18:34:34 - [TEST_CASE][PASSED] - Test Cases/test case folder 1/tc1 - Copy - Copy (3): Test Cases/test case folder 1/tc1 - Copy - Copy (3)

17-06-2024T18:34:34 - [TEST_STEP][PASSED] - openBrowser(""): Browser is opened with url: ''

17-06-2024T18:34:34 - [MESSAGE][WARNING] - A browser is already opened. Closing browser and opening a new one

17-06-2024T18:34:34 - [MESSAGE][INFO] - Starting 'Chrome (headless)' driver

17-06-2024T18:34:34 - [MESSAGE][INFO] - Action delay is set to 0 milliseconds

17-06-2024T18:34:35 - [MESSAGE][PASSED] - Browser is opened with url: ''

17-06-2024T18:34:35 - [TEST_STEP][PASSED] - navigateToUrl("https://doodles.google/about/"): Navigate to 'https://doodles.google/about/' successfully

17-06-2024T18:34:38 - [MESSAGE][PASSED] - Navigate to 'https://doodles.google/about/' successfully

17-06-2024T18:34:38 - [TEST_STEP][PASSED] - click(findTestObject("Object Repository/Page_The Story and Evolution of Doodles - G_6e786d/p_The first Doodle was a simple out-of-offi_345e61")): Object: 'Object Repository/Page_The Story and Evolution of Doodles - G_6e786d/p_The first Doodle was a simple out-of-offi_345e61' is clicked on

17-06-2024T18:34:38 - [MESSAGE][PASSED] - Object: 'Object Repository/Page_The Story and Evolution of Doodles - G_6e786d/p_The first Doodle was a simple out-of-offi_345e61' is clicked on

17-06-2024T18:34:38 - [TEST_STEP][PASSED] - click(findTestObject("Object Repository/Page_The Story and Evolution of Doodles - G_6e786d/p_The first Doodle was a simple out-of-offi_345e61")): Object: 'Object Repository/Page_The Story and Evolution of Doodles - G_6e786d/p_The first Doodle was a simple out-of-offi_345e61' is clicked on

17-06-2024T18:34:38 - [MESSAGE][PASSED] - Object: 'Object Repository/Page_The Story and Evolution of Doodles - G_6e786d/p_The first Doodle was a simple out-of-offi_345e61' is clicked on

17-06-2024T18:34:38 - [TEST_STEP][PASSED] - verifyElementVisible(findTestObject("Object Repository/Page_The Story and Evolution of Doodles - G_6e786d/h1_The story behind Doodles")): Object 'Object Repository/Page_The Story and Evolution of Doodles - G_6e786d/h1_The story behind Doodles' is visible

17-06-2024T18:34:39 - [MESSAGE][PASSED] - Object 'Object Repository/Page_The Story and Evolution of Doodles - G_6e786d/h1_The story behind Doodles' is visible

17-06-2024T18:34:39 - [TEST_STEP][PASSED] - verifyElementVisible(findTestObject("Object Repository/Page_The Story and Evolution of Doodles - G_6e786d/p_The first Doodle was a simple out-of-offi_345e61")): Object 'Object Repository/Page_The Story and Evolution of Doodles - G_6e786d/p_The first Doodle was a simple out-of-offi_345e61' is visible

17-06-2024T18:34:39 - [MESSAGE][PASSED] - Object 'Object Repository/Page_The Story and Evolution of Doodles - G_6e786d/p_The first Doodle was a simple out-of-offi_345e61' is visible

17-06-2024T18:34:39 - [TEST_STEP][PASSED] - verifyElementVisible(findTestObject("Object Repository/Page_The Story and Evolution of Doodles - G_6e786d/h2_Weve created more than 5,000 Doodles ove_111429")): Object 'Object Repository/Page_The Story and Evolution of Doodles - G_6e786d/h2_Weve created more than 5,000 Doodles ove_111429' is visible

17-06-2024T18:34:39 - [MESSAGE][PASSED] - Object 'Object Repository/Page_The Story and Evolution of Doodles - G_6e786d/h2_Weve created more than 5,000 Doodles ove_111429' is visible

17-06-2024T18:34:39 - [TEST_STEP][PASSED] - verifyElementVisible(findTestObject("Object Repository/Page_The Story and Evolution of Doodles - G_6e786d/h1_The story behind Doodles")): Object 'Object Repository/Page_The Story and Evolution of Doodles - G_6e786d/h1_The story behind Doodles' is visible

17-06-2024T18:34:40 - [MESSAGE][PASSED] - Object 'Object Repository/Page_The Story and Evolution of Doodles - G_6e786d/h1_The story behind Doodles' is visible

17-06-2024T18:34:40 - [TEST_STEP][PASSED] - verifyElementVisible(findTestObject("Object Repository/Page_The Story and Evolution of Doodles - G_6e786d/p_The first Doodle was a simple out-of-offi_345e61")): Object 'Object Repository/Page_The Story and Evolution of Doodles - G_6e786d/p_The first Doodle was a simple out-of-offi_345e61' is visible

17-06-2024T18:34:40 - [MESSAGE][PASSED] - Object 'Object Repository/Page_The Story and Evolution of Doodles - G_6e786d/p_The first Doodle was a simple out-of-offi_345e61' is visible

17-06-2024T18:34:40 - [TEST_STEP][PASSED] - verifyElementVisible(findTestObject("Object Repository/Page_The Story and Evolution of Doodles - G_6e786d/h2_Weve created more than 5,000 Doodles ove_111429")): Object 'Object Repository/Page_The Story and Evolution of Doodles - G_6e786d/h2_Weve created more than 5,000 Doodles ove_111429' is visible

17-06-2024T18:34:40 - [MESSAGE][PASSED] - Object 'Object Repository/Page_The Story and Evolution of Doodles - G_6e786d/h2_Weve created more than 5,000 Doodles ove_111429' is visible

17-06-2024T18:34:40 - [TEST_STEP][PASSED] - click(findTestObject("Object Repository/Page_The Story and Evolution of Doodles - G_6e786d/p_The first Doodle was a simple out-of-offi_345e61")): Object: 'Object Repository/Page_The Story and Evolution of Doodles - G_6e786d/p_The first Doodle was a simple out-of-offi_345e61' is clicked on

17-06-2024T18:34:41 - [MESSAGE][PASSED] - Object: 'Object Repository/Page_The Story and Evolution of Doodles - G_6e786d/p_The first Doodle was a simple out-of-offi_345e61' is clicked on

17-06-2024T18:34:41 - [TEST_STEP][PASSED] - verifyElementVisible(findTestObject("Object Repository/Page_The Story and Evolution of Doodles - G_6e786d/h1_The story behind Doodles")): Object 'Object Repository/Page_The Story and Evolution of Doodles - G_6e786d/h1_The story behind Doodles' is visible

17-06-2024T18:34:41 - [MESSAGE][PASSED] - Object 'Object Repository/Page_The Story and Evolution of Doodles - G_6e786d/h1_The story behind Doodles' is visible

17-06-2024T18:34:41 - [TEST_STEP][PASSED] - verifyElementVisible(findTestObject("Object Repository/Page_The Story and Evolution of Doodles - G_6e786d/p_The first Doodle was a simple out-of-offi_345e61")): Object 'Object Repository/Page_The Story and Evolution of Doodles - G_6e786d/p_The first Doodle was a simple out-of-offi_345e61' is visible

17-06-2024T18:34:41 - [MESSAGE][PASSED] - Object 'Object Repository/Page_The Story and Evolution of Doodles - G_6e786d/p_The first Doodle was a simple out-of-offi_345e61' is visible

17-06-2024T18:34:41 - [TEST_STEP][PASSED] - verifyElementVisible(findTestObject("Object Repository/Page_The Story and Evolution of Doodles - G_6e786d/h2_Weve created more than 5,000 Doodles ove_111429")): Object 'Object Repository/Page_The Story and Evolution of Doodles - G_6e786d/h2_Weve created more than 5,000 Doodles ove_111429' is visible

17-06-2024T18:34:42 - [MESSAGE][PASSED] - Object 'Object Repository/Page_The Story and Evolution of Doodles - G_6e786d/h2_Weve created more than 5,000 Doodles ove_111429' is visible

17-06-2024T18:34:42 - [TEST_STEP][PASSED] - click(findTestObject("Object Repository/Page_The Story and Evolution of Doodles - G_6e786d/p_The first Doodle was a simple out-of-offi_345e61")): Object: 'Object Repository/Page_The Story and Evolution of Doodles - G_6e786d/p_The first Doodle was a simple out-of-offi_345e61' is clicked on

17-06-2024T18:34:42 - [MESSAGE][PASSED] - Object: 'Object Repository/Page_The Story and Evolution of Doodles - G_6e786d/p_The first Doodle was a simple out-of-offi_345e61' is clicked on

17-06-2024T18:34:42 - [TEST_STEP][PASSED] - verifyElementVisible(findTestObject("Object Repository/Page_The Story and Evolution of Doodles - G_6e786d/h1_The story behind Doodles")): Object 'Object Repository/Page_The Story and Evolution of Doodles - G_6e786d/h1_The story behind Doodles' is visible

17-06-2024T18:34:42 - [MESSAGE][PASSED] - Object 'Object Repository/Page_The Story and Evolution of Doodles - G_6e786d/h1_The story behind Doodles' is visible

17-06-2024T18:34:42 - [TEST_STEP][PASSED] - verifyElementVisible(findTestObject("Object Repository/Page_The Story and Evolution of Doodles - G_6e786d/p_The first Doodle was a simple out-of-offi_345e61")): Object 'Object Repository/Page_The Story and Evolution of Doodles - G_6e786d/p_The first Doodle was a simple out-of-offi_345e61' is visible

17-06-2024T18:34:43 - [MESSAGE][PASSED] - Object 'Object Repository/Page_The Story and Evolution of Doodles - G_6e786d/p_The first Doodle was a simple out-of-offi_345e61' is visible

17-06-2024T18:34:43 - [TEST_STEP][PASSED] - verifyElementVisible(findTestObject("Object Repository/Page_The Story and Evolution of Doodles - G_6e786d/h2_Weve created more than 5,000 Doodles ove_111429")): Object 'Object Repository/Page_The Story and Evolution of Doodles - G_6e786d/h2_Weve created more than 5,000 Doodles ove_111429' is visible

17-06-2024T18:34:43 - [MESSAGE][PASSED] - Object 'Object Repository/Page_The Story and Evolution of Doodles - G_6e786d/h2_Weve created more than 5,000 Doodles ove_111429' is visible

17-06-2024T18:34:43 - [TEST_STEP][PASSED] - click(findTestObject("Object Repository/Page_The Story and Evolution of Doodles - G_6e786d/p_The first Doodle was a simple out-of-offi_345e61")): Object: 'Object Repository/Page_The Story and Evolution of Doodles - G_6e786d/p_The first Doodle was a simple out-of-offi_345e61' is clicked on

17-06-2024T18:34:43 - [MESSAGE][PASSED] - Object: 'Object Repository/Page_The Story and Evolution of Doodles - G_6e786d/p_The first Doodle was a simple out-of-offi_345e61' is clicked on

17-06-2024T18:34:43 - [TEST_STEP][PASSED] - verifyElementVisible(findTestObject("Object Repository/Page_The Story and Evolution of Doodles - G_6e786d/h1_The story behind Doodles")): Object 'Object Repository/Page_The Story and Evolution of Doodles - G_6e786d/h1_The story behind Doodles' is visible

17-06-2024T18:34:44 - [MESSAGE][PASSED] - Object 'Object Repository/Page_The Story and Evolution of Doodles - G_6e786d/h1_The story behind Doodles' is visible

17-06-2024T18:34:44 - [TEST_STEP][PASSED] - verifyElementVisible(findTestObject("Object Repository/Page_The Story and Evolution of Doodles - G_6e786d/p_The first Doodle was a simple out-of-offi_345e61")): Object 'Object Repository/Page_The Story and Evolution of Doodles - G_6e786d/p_The first Doodle was a simple out-of-offi_345e61' is visible

17-06-2024T18:34:44 - [MESSAGE][PASSED] - Object 'Object Repository/Page_The Story and Evolution of Doodles - G_6e786d/p_The first Doodle was a simple out-of-offi_345e61' is visible

17-06-2024T18:34:44 - [TEST_STEP][PASSED] - verifyElementVisible(findTestObject("Object Repository/Page_The Story and Evolution of Doodles - G_6e786d/h2_Weve created more than 5,000 Doodles ove_111429")): Object 'Object Repository/Page_The Story and Evolution of Doodles - G_6e786d/h2_Weve created more than 5,000 Doodles ove_111429' is visible

17-06-2024T18:34:44 - [MESSAGE][PASSED] - Object 'Object Repository/Page_The Story and Evolution of Doodles - G_6e786d/h2_Weve created more than 5,000 Doodles ove_111429' is visible

17-06-2024T18:34:44 - [TEST_STEP][PASSED] - click(findTestObject("Object Repository/Page_The Story and Evolution of Doodles - G_6e786d/p_The first Doodle was a simple out-of-offi_345e61")): Object: 'Object Repository/Page_The Story and Evolution of Doodles - G_6e786d/p_The first Doodle was a simple out-of-offi_345e61' is clicked on

17-06-2024T18:34:45 - [MESSAGE][PASSED] - Object: 'Object Repository/Page_The Story and Evolution of Doodles - G_6e786d/p_The first Doodle was a simple out-of-offi_345e61' is clicked on

17-06-2024T18:34:45 - [TEST_STEP][PASSED] - verifyElementVisible(findTestObject("Object Repository/Page_The Story and Evolution of Doodles - G_6e786d/h1_The story behind Doodles")): Object 'Object Repository/Page_The Story and Evolution of Doodles - G_6e786d/h1_The story behind Doodles' is visible

17-06-2024T18:34:45 - [MESSAGE][PASSED] - Object 'Object Repository/Page_The Story and Evolution of Doodles - G_6e786d/h1_The story behind Doodles' is visible

17-06-2024T18:34:45 - [TEST_STEP][PASSED] - verifyElementVisible(findTestObject("Object Repository/Page_The Story and Evolution of Doodles - G_6e786d/p_The first Doodle was a simple out-of-offi_345e61")): Object 'Object Repository/Page_The Story and Evolution of Doodles - G_6e786d/p_The first Doodle was a simple out-of-offi_345e61' is visible

17-06-2024T18:34:45 - [MESSAGE][PASSED] - Object 'Object Repository/Page_The Story and Evolution of Doodles - G_6e786d/p_The first Doodle was a simple out-of-offi_345e61' is visible

17-06-2024T18:34:45 - [TEST_STEP][PASSED] - verifyElementVisible(findTestObject("Object Repository/Page_The Story and Evolution of Doodles - G_6e786d/h2_Weve created more than 5,000 Doodles ove_111429")): Object 'Object Repository/Page_The Story and Evolution of Doodles - G_6e786d/h2_Weve created more than 5,000 Doodles ove_111429' is visible

17-06-2024T18:34:46 - [MESSAGE][PASSED] - Object 'Object Repository/Page_The Story and Evolution of Doodles - G_6e786d/h2_Weve created more than 5,000 Doodles ove_111429' is visible

17-06-2024T18:34:46 - [TEST_STEP][PASSED] - click(findTestObject("Object Repository/Page_The Story and Evolution of Doodles - G_6e786d/p_The first Doodle was a simple out-of-offi_345e61")): Object: 'Object Repository/Page_The Story and Evolution of Doodles - G_6e786d/p_The first Doodle was a simple out-of-offi_345e61' is clicked on

17-06-2024T18:34:46 - [MESSAGE][PASSED] - Object: 'Object Repository/Page_The Story and Evolution of Doodles - G_6e786d/p_The first Doodle was a simple out-of-offi_345e61' is clicked on

17-06-2024T18:34:46 - [TEST_STEP][PASSED] - verifyElementVisible(findTestObject("Object Repository/Page_The Story and Evolution of Doodles - G_6e786d/h1_The story behind Doodles")): Object 'Object Repository/Page_The Story and Evolution of Doodles - G_6e786d/h1_The story behind Doodles' is visible

17-06-2024T18:34:47 - [MESSAGE][PASSED] - Object 'Object Repository/Page_The Story and Evolution of Doodles - G_6e786d/h1_The story behind Doodles' is visible

17-06-2024T18:34:47 - [TEST_STEP][PASSED] - verifyElementVisible(findTestObject("Object Repository/Page_The Story and Evolution of Doodles - G_6e786d/p_The first Doodle was a simple out-of-offi_345e61")): Object 'Object Repository/Page_The Story and Evolution of Doodles - G_6e786d/p_The first Doodle was a simple out-of-offi_345e61' is visible

17-06-2024T18:34:47 - [MESSAGE][PASSED] - Object 'Object Repository/Page_The Story and Evolution of Doodles - G_6e786d/p_The first Doodle was a simple out-of-offi_345e61' is visible

17-06-2024T18:34:47 - [TEST_STEP][PASSED] - verifyElementVisible(findTestObject("Object Repository/Page_The Story and Evolution of Doodles - G_6e786d/h2_Weve created more than 5,000 Doodles ove_111429")): Object 'Object Repository/Page_The Story and Evolution of Doodles - G_6e786d/h2_Weve created more than 5,000 Doodles ove_111429' is visible

17-06-2024T18:34:47 - [MESSAGE][PASSED] - Object 'Object Repository/Page_The Story and Evolution of Doodles - G_6e786d/h2_Weve created more than 5,000 Doodles ove_111429' is visible

17-06-2024T18:34:47 - [TEST_STEP][PASSED] - click(findTestObject("Object Repository/Page_The Story and Evolution of Doodles - G_6e786d/p_The first Doodle was a simple out-of-offi_345e61")): Object: 'Object Repository/Page_The Story and Evolution of Doodles - G_6e786d/p_The first Doodle was a simple out-of-offi_345e61' is clicked on

17-06-2024T18:34:48 - [MESSAGE][PASSED] - Object: 'Object Repository/Page_The Story and Evolution of Doodles - G_6e786d/p_The first Doodle was a simple out-of-offi_345e61' is clicked on

17-06-2024T18:34:48 - [TEST_STEP][PASSED] - verifyElementVisible(findTestObject("Object Repository/Page_The Story and Evolution of Doodles - G_6e786d/h1_The story behind Doodles")): Object 'Object Repository/Page_The Story and Evolution of Doodles - G_6e786d/h1_The story behind Doodles' is visible

17-06-2024T18:34:48 - [MESSAGE][PASSED] - Object 'Object Repository/Page_The Story and Evolution of Doodles - G_6e786d/h1_The story behind Doodles' is visible

17-06-2024T18:34:48 - [TEST_STEP][PASSED] - verifyElementVisible(findTestObject("Object Repository/Page_The Story and Evolution of Doodles - G_6e786d/p_The first Doodle was a simple out-of-offi_345e61")): Object 'Object Repository/Page_The Story and Evolution of Doodles - G_6e786d/p_The first Doodle was a simple out-of-offi_345e61' is visible

17-06-2024T18:34:48 - [MESSAGE][PASSED] - Object 'Object Repository/Page_The Story and Evolution of Doodles - G_6e786d/p_The first Doodle was a simple out-of-offi_345e61' is visible

17-06-2024T18:34:48 - [TEST_STEP][PASSED] - verifyElementVisible(findTestObject("Object Repository/Page_The Story and Evolution of Doodles - G_6e786d/h2_Weve created more than 5,000 Doodles ove_111429")): Object 'Object Repository/Page_The Story and Evolution of Doodles - G_6e786d/h2_Weve created more than 5,000 Doodles ove_111429' is visible

17-06-2024T18:34:49 - [MESSAGE][PASSED] - Object 'Object Repository/Page_The Story and Evolution of Doodles - G_6e786d/h2_Weve created more than 5,000 Doodles ove_111429' is visible

17-06-2024T18:34:49 - [TEST_STEP][PASSED] - click(findTestObject("Object Repository/Page_The Story and Evolution of Doodles - G_6e786d/p_The first Doodle was a simple out-of-offi_345e61")): Object: 'Object Repository/Page_The Story and Evolution of Doodles - G_6e786d/p_The first Doodle was a simple out-of-offi_345e61' is clicked on

17-06-2024T18:34:49 - [MESSAGE][PASSED] - Object: 'Object Repository/Page_The Story and Evolution of Doodles - G_6e786d/p_The first Doodle was a simple out-of-offi_345e61' is clicked on

17-06-2024T18:34:49 - [TEST_STEP][PASSED] - verifyElementVisible(findTestObject("Object Repository/Page_The Story and Evolution of Doodles - G_6e786d/h1_The story behind Doodles")): Object 'Object Repository/Page_The Story and Evolution of Doodles - G_6e786d/h1_The story behind Doodles' is visible

17-06-2024T18:34:49 - [MESSAGE][PASSED] - Object 'Object Repository/Page_The Story and Evolution of Doodles - G_6e786d/h1_The story behind Doodles' is visible

17-06-2024T18:34:49 - [TEST_STEP][PASSED] - verifyElementVisible(findTestObject("Object Repository/Page_The Story and Evolution of Doodles - G_6e786d/p_The first Doodle was a simple out-of-offi_345e61")): Object 'Object Repository/Page_The Story and Evolution of Doodles - G_6e786d/p_The first Doodle was a simple out-of-offi_345e61' is visible

17-06-2024T18:34:50 - [MESSAGE][PASSED] - Object 'Object Repository/Page_The Story and Evolution of Doodles - G_6e786d/p_The first Doodle was a simple out-of-offi_345e61' is visible

17-06-2024T18:34:50 - [TEST_STEP][PASSED] - verifyElementVisible(findTestObject("Object Repository/Page_The Story and Evolution of Doodles - G_6e786d/h2_Weve created more than 5,000 Doodles ove_111429")): Object 'Object Repository/Page_The Story and Evolution of Doodles - G_6e786d/h2_Weve created more than 5,000 Doodles ove_111429' is visible

17-06-2024T18:34:50 - [MESSAGE][PASSED] - Object 'Object Repository/Page_The Story and Evolution of Doodles - G_6e786d/h2_Weve created more than 5,000 Doodles ove_111429' is visible

17-06-2024T18:34:50 - [TEST_STEP][PASSED] - click(findTestObject("Object Repository/Page_The Story and Evolution of Doodles - G_6e786d/p_The first Doodle was a simple out-of-offi_345e61")): Object: 'Object Repository/Page_The Story and Evolution of Doodles - G_6e786d/p_The first Doodle was a simple out-of-offi_345e61' is clicked on

17-06-2024T18:34:50 - [MESSAGE][PASSED] - Object: 'Object Repository/Page_The Story and Evolution of Doodles - G_6e786d/p_The first Doodle was a simple out-of-offi_345e61' is clicked on

17-06-2024T18:34:50 - [TEST_STEP][PASSED] - verifyElementVisible(findTestObject("Object Repository/Page_The Story and Evolution of Doodles - G_6e786d/h1_The story behind Doodles")): Object 'Object Repository/Page_The Story and Evolution of Doodles - G_6e786d/h1_The story behind Doodles' is visible

17-06-2024T18:34:51 - [MESSAGE][PASSED] - Object 'Object Repository/Page_The Story and Evolution of Doodles - G_6e786d/h1_The story behind Doodles' is visible

17-06-2024T18:34:51 - [TEST_STEP][PASSED] - verifyElementVisible(findTestObject("Object Repository/Page_The Story and Evolution of Doodles - G_6e786d/p_The first Doodle was a simple out-of-offi_345e61")): Object 'Object Repository/Page_The Story and Evolution of Doodles - G_6e786d/p_The first Doodle was a simple out-of-offi_345e61' is visible

17-06-2024T18:34:51 - [MESSAGE][PASSED] - Object 'Object Repository/Page_The Story and Evolution of Doodles - G_6e786d/p_The first Doodle was a simple out-of-offi_345e61' is visible

17-06-2024T18:34:51 - [TEST_STEP][PASSED] - verifyElementVisible(findTestObject("Object Repository/Page_The Story and Evolution of Doodles - G_6e786d/h2_Weve created more than 5,000 Doodles ove_111429")): Object 'Object Repository/Page_The Story and Evolution of Doodles - G_6e786d/h2_Weve created more than 5,000 Doodles ove_111429' is visible

17-06-2024T18:34:51 - [MESSAGE][PASSED] - Object 'Object Repository/Page_The Story and Evolution of Doodles - G_6e786d/h2_Weve created more than 5,000 Doodles ove_111429' is visible

17-06-2024T18:34:51 - [TEST_STEP][PASSED] - click(findTestObject("Object Repository/Page_The Story and Evolution of Doodles - G_6e786d/p_The first Doodle was a simple out-of-offi_345e61")): Object: 'Object Repository/Page_The Story and Evolution of Doodles - G_6e786d/p_The first Doodle was a simple out-of-offi_345e61' is clicked on

17-06-2024T18:34:52 - [MESSAGE][PASSED] - Object: 'Object Repository/Page_The Story and Evolution of Doodles - G_6e786d/p_The first Doodle was a simple out-of-offi_345e61' is clicked on

17-06-2024T18:34:52 - [TEST_STEP][PASSED] - verifyElementVisible(findTestObject("Object Repository/Page_The Story and Evolution of Doodles - G_6e786d/h1_The story behind Doodles")): Object 'Object Repository/Page_The Story and Evolution of Doodles - G_6e786d/h1_The story behind Doodles' is visible

17-06-2024T18:34:52 - [MESSAGE][PASSED] - Object 'Object Repository/Page_The Story and Evolution of Doodles - G_6e786d/h1_The story behind Doodles' is visible

17-06-2024T18:34:52 - [TEST_STEP][PASSED] - verifyElementVisible(findTestObject("Object Repository/Page_The Story and Evolution of Doodles - G_6e786d/p_The first Doodle was a simple out-of-offi_345e61")): Object 'Object Repository/Page_The Story and Evolution of Doodles - G_6e786d/p_The first Doodle was a simple out-of-offi_345e61' is visible

17-06-2024T18:34:52 - [MESSAGE][PASSED] - Object 'Object Repository/Page_The Story and Evolution of Doodles - G_6e786d/p_The first Doodle was a simple out-of-offi_345e61' is visible

17-06-2024T18:34:52 - [TEST_STEP][PASSED] - verifyElementVisible(findTestObject("Object Repository/Page_The Story and Evolution of Doodles - G_6e786d/h2_Weve created more than 5,000 Doodles ove_111429")): Object 'Object Repository/Page_The Story and Evolution of Doodles - G_6e786d/h2_Weve created more than 5,000 Doodles ove_111429' is visible

17-06-2024T18:34:53 - [MESSAGE][PASSED] - Object 'Object Repository/Page_The Story and Evolution of Doodles - G_6e786d/h2_Weve created more than 5,000 Doodles ove_111429' is visible]]></system-out>
         <system-err><![CDATA[]]></system-err>
      </testcase>
      <testcase name="Test Cases/test case folder 1/tc1 - Copy - Copy (5)" time="19.222" classname="Test Cases/test case folder 1/tc1 - Copy - Copy (5)" status="PASSED">
         <system-out><![CDATA[17-06-2024T18:34:53 - [TEST_CASE][PASSED] - Test Cases/test case folder 1/tc1 - Copy - Copy (5): Test Cases/test case folder 1/tc1 - Copy - Copy (5)

17-06-2024T18:34:53 - [TEST_STEP][PASSED] - openBrowser(""): Browser is opened with url: ''

17-06-2024T18:34:53 - [MESSAGE][WARNING] - A browser is already opened. Closing browser and opening a new one

17-06-2024T18:34:53 - [MESSAGE][INFO] - Starting 'Chrome (headless)' driver

17-06-2024T18:34:53 - [MESSAGE][INFO] - Action delay is set to 0 milliseconds

17-06-2024T18:34:54 - [MESSAGE][PASSED] - Browser is opened with url: ''

17-06-2024T18:34:54 - [TEST_STEP][PASSED] - navigateToUrl("https://doodles.google/about/"): Navigate to 'https://doodles.google/about/' successfully

17-06-2024T18:34:57 - [MESSAGE][PASSED] - Navigate to 'https://doodles.google/about/' successfully

17-06-2024T18:34:57 - [TEST_STEP][PASSED] - click(findTestObject("Object Repository/Page_The Story and Evolution of Doodles - G_6e786d/p_The first Doodle was a simple out-of-offi_345e61")): Object: 'Object Repository/Page_The Story and Evolution of Doodles - G_6e786d/p_The first Doodle was a simple out-of-offi_345e61' is clicked on

17-06-2024T18:34:57 - [MESSAGE][PASSED] - Object: 'Object Repository/Page_The Story and Evolution of Doodles - G_6e786d/p_The first Doodle was a simple out-of-offi_345e61' is clicked on

17-06-2024T18:34:57 - [TEST_STEP][PASSED] - click(findTestObject("Object Repository/Page_The Story and Evolution of Doodles - G_6e786d/p_The first Doodle was a simple out-of-offi_345e61")): Object: 'Object Repository/Page_The Story and Evolution of Doodles - G_6e786d/p_The first Doodle was a simple out-of-offi_345e61' is clicked on

17-06-2024T18:34:57 - [MESSAGE][PASSED] - Object: 'Object Repository/Page_The Story and Evolution of Doodles - G_6e786d/p_The first Doodle was a simple out-of-offi_345e61' is clicked on

17-06-2024T18:34:57 - [TEST_STEP][PASSED] - verifyElementVisible(findTestObject("Object Repository/Page_The Story and Evolution of Doodles - G_6e786d/h1_The story behind Doodles")): Object 'Object Repository/Page_The Story and Evolution of Doodles - G_6e786d/h1_The story behind Doodles' is visible

17-06-2024T18:34:58 - [MESSAGE][PASSED] - Object 'Object Repository/Page_The Story and Evolution of Doodles - G_6e786d/h1_The story behind Doodles' is visible

17-06-2024T18:34:58 - [TEST_STEP][PASSED] - verifyElementVisible(findTestObject("Object Repository/Page_The Story and Evolution of Doodles - G_6e786d/p_The first Doodle was a simple out-of-offi_345e61")): Object 'Object Repository/Page_The Story and Evolution of Doodles - G_6e786d/p_The first Doodle was a simple out-of-offi_345e61' is visible

17-06-2024T18:34:58 - [MESSAGE][PASSED] - Object 'Object Repository/Page_The Story and Evolution of Doodles - G_6e786d/p_The first Doodle was a simple out-of-offi_345e61' is visible

17-06-2024T18:34:58 - [TEST_STEP][PASSED] - verifyElementVisible(findTestObject("Object Repository/Page_The Story and Evolution of Doodles - G_6e786d/h2_Weve created more than 5,000 Doodles ove_111429")): Object 'Object Repository/Page_The Story and Evolution of Doodles - G_6e786d/h2_Weve created more than 5,000 Doodles ove_111429' is visible

17-06-2024T18:34:58 - [MESSAGE][PASSED] - Object 'Object Repository/Page_The Story and Evolution of Doodles - G_6e786d/h2_Weve created more than 5,000 Doodles ove_111429' is visible

17-06-2024T18:34:58 - [TEST_STEP][PASSED] - verifyElementVisible(findTestObject("Object Repository/Page_The Story and Evolution of Doodles - G_6e786d/h1_The story behind Doodles")): Object 'Object Repository/Page_The Story and Evolution of Doodles - G_6e786d/h1_The story behind Doodles' is visible

17-06-2024T18:34:59 - [MESSAGE][PASSED] - Object 'Object Repository/Page_The Story and Evolution of Doodles - G_6e786d/h1_The story behind Doodles' is visible

17-06-2024T18:34:59 - [TEST_STEP][PASSED] - verifyElementVisible(findTestObject("Object Repository/Page_The Story and Evolution of Doodles - G_6e786d/p_The first Doodle was a simple out-of-offi_345e61")): Object 'Object Repository/Page_The Story and Evolution of Doodles - G_6e786d/p_The first Doodle was a simple out-of-offi_345e61' is visible

17-06-2024T18:34:59 - [MESSAGE][PASSED] - Object 'Object Repository/Page_The Story and Evolution of Doodles - G_6e786d/p_The first Doodle was a simple out-of-offi_345e61' is visible

17-06-2024T18:34:59 - [TEST_STEP][PASSED] - verifyElementVisible(findTestObject("Object Repository/Page_The Story and Evolution of Doodles - G_6e786d/h2_Weve created more than 5,000 Doodles ove_111429")): Object 'Object Repository/Page_The Story and Evolution of Doodles - G_6e786d/h2_Weve created more than 5,000 Doodles ove_111429' is visible

17-06-2024T18:34:59 - [MESSAGE][PASSED] - Object 'Object Repository/Page_The Story and Evolution of Doodles - G_6e786d/h2_Weve created more than 5,000 Doodles ove_111429' is visible

17-06-2024T18:34:59 - [TEST_STEP][PASSED] - click(findTestObject("Object Repository/Page_The Story and Evolution of Doodles - G_6e786d/p_The first Doodle was a simple out-of-offi_345e61")): Object: 'Object Repository/Page_The Story and Evolution of Doodles - G_6e786d/p_The first Doodle was a simple out-of-offi_345e61' is clicked on

17-06-2024T18:35:00 - [MESSAGE][PASSED] - Object: 'Object Repository/Page_The Story and Evolution of Doodles - G_6e786d/p_The first Doodle was a simple out-of-offi_345e61' is clicked on

17-06-2024T18:35:00 - [TEST_STEP][PASSED] - verifyElementVisible(findTestObject("Object Repository/Page_The Story and Evolution of Doodles - G_6e786d/h1_The story behind Doodles")): Object 'Object Repository/Page_The Story and Evolution of Doodles - G_6e786d/h1_The story behind Doodles' is visible

17-06-2024T18:35:00 - [MESSAGE][PASSED] - Object 'Object Repository/Page_The Story and Evolution of Doodles - G_6e786d/h1_The story behind Doodles' is visible

17-06-2024T18:35:00 - [TEST_STEP][PASSED] - verifyElementVisible(findTestObject("Object Repository/Page_The Story and Evolution of Doodles - G_6e786d/p_The first Doodle was a simple out-of-offi_345e61")): Object 'Object Repository/Page_The Story and Evolution of Doodles - G_6e786d/p_The first Doodle was a simple out-of-offi_345e61' is visible

17-06-2024T18:35:00 - [MESSAGE][PASSED] - Object 'Object Repository/Page_The Story and Evolution of Doodles - G_6e786d/p_The first Doodle was a simple out-of-offi_345e61' is visible

17-06-2024T18:35:00 - [TEST_STEP][PASSED] - verifyElementVisible(findTestObject("Object Repository/Page_The Story and Evolution of Doodles - G_6e786d/h2_Weve created more than 5,000 Doodles ove_111429")): Object 'Object Repository/Page_The Story and Evolution of Doodles - G_6e786d/h2_Weve created more than 5,000 Doodles ove_111429' is visible

17-06-2024T18:35:01 - [MESSAGE][PASSED] - Object 'Object Repository/Page_The Story and Evolution of Doodles - G_6e786d/h2_Weve created more than 5,000 Doodles ove_111429' is visible

17-06-2024T18:35:01 - [TEST_STEP][PASSED] - click(findTestObject("Object Repository/Page_The Story and Evolution of Doodles - G_6e786d/p_The first Doodle was a simple out-of-offi_345e61")): Object: 'Object Repository/Page_The Story and Evolution of Doodles - G_6e786d/p_The first Doodle was a simple out-of-offi_345e61' is clicked on

17-06-2024T18:35:01 - [MESSAGE][PASSED] - Object: 'Object Repository/Page_The Story and Evolution of Doodles - G_6e786d/p_The first Doodle was a simple out-of-offi_345e61' is clicked on

17-06-2024T18:35:01 - [TEST_STEP][PASSED] - verifyElementVisible(findTestObject("Object Repository/Page_The Story and Evolution of Doodles - G_6e786d/h1_The story behind Doodles")): Object 'Object Repository/Page_The Story and Evolution of Doodles - G_6e786d/h1_The story behind Doodles' is visible

17-06-2024T18:35:01 - [MESSAGE][PASSED] - Object 'Object Repository/Page_The Story and Evolution of Doodles - G_6e786d/h1_The story behind Doodles' is visible

17-06-2024T18:35:01 - [TEST_STEP][PASSED] - verifyElementVisible(findTestObject("Object Repository/Page_The Story and Evolution of Doodles - G_6e786d/p_The first Doodle was a simple out-of-offi_345e61")): Object 'Object Repository/Page_The Story and Evolution of Doodles - G_6e786d/p_The first Doodle was a simple out-of-offi_345e61' is visible

17-06-2024T18:35:02 - [MESSAGE][PASSED] - Object 'Object Repository/Page_The Story and Evolution of Doodles - G_6e786d/p_The first Doodle was a simple out-of-offi_345e61' is visible

17-06-2024T18:35:02 - [TEST_STEP][PASSED] - verifyElementVisible(findTestObject("Object Repository/Page_The Story and Evolution of Doodles - G_6e786d/h2_Weve created more than 5,000 Doodles ove_111429")): Object 'Object Repository/Page_The Story and Evolution of Doodles - G_6e786d/h2_Weve created more than 5,000 Doodles ove_111429' is visible

17-06-2024T18:35:02 - [MESSAGE][PASSED] - Object 'Object Repository/Page_The Story and Evolution of Doodles - G_6e786d/h2_Weve created more than 5,000 Doodles ove_111429' is visible

17-06-2024T18:35:02 - [TEST_STEP][PASSED] - click(findTestObject("Object Repository/Page_The Story and Evolution of Doodles - G_6e786d/p_The first Doodle was a simple out-of-offi_345e61")): Object: 'Object Repository/Page_The Story and Evolution of Doodles - G_6e786d/p_The first Doodle was a simple out-of-offi_345e61' is clicked on

17-06-2024T18:35:02 - [MESSAGE][PASSED] - Object: 'Object Repository/Page_The Story and Evolution of Doodles - G_6e786d/p_The first Doodle was a simple out-of-offi_345e61' is clicked on

17-06-2024T18:35:02 - [TEST_STEP][PASSED] - verifyElementVisible(findTestObject("Object Repository/Page_The Story and Evolution of Doodles - G_6e786d/h1_The story behind Doodles")): Object 'Object Repository/Page_The Story and Evolution of Doodles - G_6e786d/h1_The story behind Doodles' is visible

17-06-2024T18:35:03 - [MESSAGE][PASSED] - Object 'Object Repository/Page_The Story and Evolution of Doodles - G_6e786d/h1_The story behind Doodles' is visible

17-06-2024T18:35:03 - [TEST_STEP][PASSED] - verifyElementVisible(findTestObject("Object Repository/Page_The Story and Evolution of Doodles - G_6e786d/p_The first Doodle was a simple out-of-offi_345e61")): Object 'Object Repository/Page_The Story and Evolution of Doodles - G_6e786d/p_The first Doodle was a simple out-of-offi_345e61' is visible

17-06-2024T18:35:03 - [MESSAGE][PASSED] - Object 'Object Repository/Page_The Story and Evolution of Doodles - G_6e786d/p_The first Doodle was a simple out-of-offi_345e61' is visible

17-06-2024T18:35:03 - [TEST_STEP][PASSED] - verifyElementVisible(findTestObject("Object Repository/Page_The Story and Evolution of Doodles - G_6e786d/h2_Weve created more than 5,000 Doodles ove_111429")): Object 'Object Repository/Page_The Story and Evolution of Doodles - G_6e786d/h2_Weve created more than 5,000 Doodles ove_111429' is visible

17-06-2024T18:35:03 - [MESSAGE][PASSED] - Object 'Object Repository/Page_The Story and Evolution of Doodles - G_6e786d/h2_Weve created more than 5,000 Doodles ove_111429' is visible

17-06-2024T18:35:03 - [TEST_STEP][PASSED] - click(findTestObject("Object Repository/Page_The Story and Evolution of Doodles - G_6e786d/p_The first Doodle was a simple out-of-offi_345e61")): Object: 'Object Repository/Page_The Story and Evolution of Doodles - G_6e786d/p_The first Doodle was a simple out-of-offi_345e61' is clicked on

17-06-2024T18:35:04 - [MESSAGE][PASSED] - Object: 'Object Repository/Page_The Story and Evolution of Doodles - G_6e786d/p_The first Doodle was a simple out-of-offi_345e61' is clicked on

17-06-2024T18:35:04 - [TEST_STEP][PASSED] - verifyElementVisible(findTestObject("Object Repository/Page_The Story and Evolution of Doodles - G_6e786d/h1_The story behind Doodles")): Object 'Object Repository/Page_The Story and Evolution of Doodles - G_6e786d/h1_The story behind Doodles' is visible

17-06-2024T18:35:04 - [MESSAGE][PASSED] - Object 'Object Repository/Page_The Story and Evolution of Doodles - G_6e786d/h1_The story behind Doodles' is visible

17-06-2024T18:35:04 - [TEST_STEP][PASSED] - verifyElementVisible(findTestObject("Object Repository/Page_The Story and Evolution of Doodles - G_6e786d/p_The first Doodle was a simple out-of-offi_345e61")): Object 'Object Repository/Page_The Story and Evolution of Doodles - G_6e786d/p_The first Doodle was a simple out-of-offi_345e61' is visible

17-06-2024T18:35:04 - [MESSAGE][PASSED] - Object 'Object Repository/Page_The Story and Evolution of Doodles - G_6e786d/p_The first Doodle was a simple out-of-offi_345e61' is visible

17-06-2024T18:35:04 - [TEST_STEP][PASSED] - verifyElementVisible(findTestObject("Object Repository/Page_The Story and Evolution of Doodles - G_6e786d/h2_Weve created more than 5,000 Doodles ove_111429")): Object 'Object Repository/Page_The Story and Evolution of Doodles - G_6e786d/h2_Weve created more than 5,000 Doodles ove_111429' is visible

17-06-2024T18:35:05 - [MESSAGE][PASSED] - Object 'Object Repository/Page_The Story and Evolution of Doodles - G_6e786d/h2_Weve created more than 5,000 Doodles ove_111429' is visible

17-06-2024T18:35:05 - [TEST_STEP][PASSED] - click(findTestObject("Object Repository/Page_The Story and Evolution of Doodles - G_6e786d/p_The first Doodle was a simple out-of-offi_345e61")): Object: 'Object Repository/Page_The Story and Evolution of Doodles - G_6e786d/p_The first Doodle was a simple out-of-offi_345e61' is clicked on

17-06-2024T18:35:05 - [MESSAGE][PASSED] - Object: 'Object Repository/Page_The Story and Evolution of Doodles - G_6e786d/p_The first Doodle was a simple out-of-offi_345e61' is clicked on

17-06-2024T18:35:05 - [TEST_STEP][PASSED] - verifyElementVisible(findTestObject("Object Repository/Page_The Story and Evolution of Doodles - G_6e786d/h1_The story behind Doodles")): Object 'Object Repository/Page_The Story and Evolution of Doodles - G_6e786d/h1_The story behind Doodles' is visible

17-06-2024T18:35:06 - [MESSAGE][PASSED] - Object 'Object Repository/Page_The Story and Evolution of Doodles - G_6e786d/h1_The story behind Doodles' is visible

17-06-2024T18:35:06 - [TEST_STEP][PASSED] - verifyElementVisible(findTestObject("Object Repository/Page_The Story and Evolution of Doodles - G_6e786d/p_The first Doodle was a simple out-of-offi_345e61")): Object 'Object Repository/Page_The Story and Evolution of Doodles - G_6e786d/p_The first Doodle was a simple out-of-offi_345e61' is visible

17-06-2024T18:35:06 - [MESSAGE][PASSED] - Object 'Object Repository/Page_The Story and Evolution of Doodles - G_6e786d/p_The first Doodle was a simple out-of-offi_345e61' is visible

17-06-2024T18:35:06 - [TEST_STEP][PASSED] - verifyElementVisible(findTestObject("Object Repository/Page_The Story and Evolution of Doodles - G_6e786d/h2_Weve created more than 5,000 Doodles ove_111429")): Object 'Object Repository/Page_The Story and Evolution of Doodles - G_6e786d/h2_Weve created more than 5,000 Doodles ove_111429' is visible

17-06-2024T18:35:06 - [MESSAGE][PASSED] - Object 'Object Repository/Page_The Story and Evolution of Doodles - G_6e786d/h2_Weve created more than 5,000 Doodles ove_111429' is visible

17-06-2024T18:35:06 - [TEST_STEP][PASSED] - click(findTestObject("Object Repository/Page_The Story and Evolution of Doodles - G_6e786d/p_The first Doodle was a simple out-of-offi_345e61")): Object: 'Object Repository/Page_The Story and Evolution of Doodles - G_6e786d/p_The first Doodle was a simple out-of-offi_345e61' is clicked on

17-06-2024T18:35:07 - [MESSAGE][PASSED] - Object: 'Object Repository/Page_The Story and Evolution of Doodles - G_6e786d/p_The first Doodle was a simple out-of-offi_345e61' is clicked on

17-06-2024T18:35:07 - [TEST_STEP][PASSED] - verifyElementVisible(findTestObject("Object Repository/Page_The Story and Evolution of Doodles - G_6e786d/h1_The story behind Doodles")): Object 'Object Repository/Page_The Story and Evolution of Doodles - G_6e786d/h1_The story behind Doodles' is visible

17-06-2024T18:35:07 - [MESSAGE][PASSED] - Object 'Object Repository/Page_The Story and Evolution of Doodles - G_6e786d/h1_The story behind Doodles' is visible

17-06-2024T18:35:07 - [TEST_STEP][PASSED] - verifyElementVisible(findTestObject("Object Repository/Page_The Story and Evolution of Doodles - G_6e786d/p_The first Doodle was a simple out-of-offi_345e61")): Object 'Object Repository/Page_The Story and Evolution of Doodles - G_6e786d/p_The first Doodle was a simple out-of-offi_345e61' is visible

17-06-2024T18:35:07 - [MESSAGE][PASSED] - Object 'Object Repository/Page_The Story and Evolution of Doodles - G_6e786d/p_The first Doodle was a simple out-of-offi_345e61' is visible

17-06-2024T18:35:07 - [TEST_STEP][PASSED] - verifyElementVisible(findTestObject("Object Repository/Page_The Story and Evolution of Doodles - G_6e786d/h2_Weve created more than 5,000 Doodles ove_111429")): Object 'Object Repository/Page_The Story and Evolution of Doodles - G_6e786d/h2_Weve created more than 5,000 Doodles ove_111429' is visible

17-06-2024T18:35:08 - [MESSAGE][PASSED] - Object 'Object Repository/Page_The Story and Evolution of Doodles - G_6e786d/h2_Weve created more than 5,000 Doodles ove_111429' is visible

17-06-2024T18:35:08 - [TEST_STEP][PASSED] - click(findTestObject("Object Repository/Page_The Story and Evolution of Doodles - G_6e786d/p_The first Doodle was a simple out-of-offi_345e61")): Object: 'Object Repository/Page_The Story and Evolution of Doodles - G_6e786d/p_The first Doodle was a simple out-of-offi_345e61' is clicked on

17-06-2024T18:35:08 - [MESSAGE][PASSED] - Object: 'Object Repository/Page_The Story and Evolution of Doodles - G_6e786d/p_The first Doodle was a simple out-of-offi_345e61' is clicked on

17-06-2024T18:35:08 - [TEST_STEP][PASSED] - verifyElementVisible(findTestObject("Object Repository/Page_The Story and Evolution of Doodles - G_6e786d/h1_The story behind Doodles")): Object 'Object Repository/Page_The Story and Evolution of Doodles - G_6e786d/h1_The story behind Doodles' is visible

17-06-2024T18:35:08 - [MESSAGE][PASSED] - Object 'Object Repository/Page_The Story and Evolution of Doodles - G_6e786d/h1_The story behind Doodles' is visible

17-06-2024T18:35:08 - [TEST_STEP][PASSED] - verifyElementVisible(findTestObject("Object Repository/Page_The Story and Evolution of Doodles - G_6e786d/p_The first Doodle was a simple out-of-offi_345e61")): Object 'Object Repository/Page_The Story and Evolution of Doodles - G_6e786d/p_The first Doodle was a simple out-of-offi_345e61' is visible

17-06-2024T18:35:09 - [MESSAGE][PASSED] - Object 'Object Repository/Page_The Story and Evolution of Doodles - G_6e786d/p_The first Doodle was a simple out-of-offi_345e61' is visible

17-06-2024T18:35:09 - [TEST_STEP][PASSED] - verifyElementVisible(findTestObject("Object Repository/Page_The Story and Evolution of Doodles - G_6e786d/h2_Weve created more than 5,000 Doodles ove_111429")): Object 'Object Repository/Page_The Story and Evolution of Doodles - G_6e786d/h2_Weve created more than 5,000 Doodles ove_111429' is visible

17-06-2024T18:35:09 - [MESSAGE][PASSED] - Object 'Object Repository/Page_The Story and Evolution of Doodles - G_6e786d/h2_Weve created more than 5,000 Doodles ove_111429' is visible

17-06-2024T18:35:09 - [TEST_STEP][PASSED] - click(findTestObject("Object Repository/Page_The Story and Evolution of Doodles - G_6e786d/p_The first Doodle was a simple out-of-offi_345e61")): Object: 'Object Repository/Page_The Story and Evolution of Doodles - G_6e786d/p_The first Doodle was a simple out-of-offi_345e61' is clicked on

17-06-2024T18:35:09 - [MESSAGE][PASSED] - Object: 'Object Repository/Page_The Story and Evolution of Doodles - G_6e786d/p_The first Doodle was a simple out-of-offi_345e61' is clicked on

17-06-2024T18:35:09 - [TEST_STEP][PASSED] - verifyElementVisible(findTestObject("Object Repository/Page_The Story and Evolution of Doodles - G_6e786d/h1_The story behind Doodles")): Object 'Object Repository/Page_The Story and Evolution of Doodles - G_6e786d/h1_The story behind Doodles' is visible

17-06-2024T18:35:10 - [MESSAGE][PASSED] - Object 'Object Repository/Page_The Story and Evolution of Doodles - G_6e786d/h1_The story behind Doodles' is visible

17-06-2024T18:35:10 - [TEST_STEP][PASSED] - verifyElementVisible(findTestObject("Object Repository/Page_The Story and Evolution of Doodles - G_6e786d/p_The first Doodle was a simple out-of-offi_345e61")): Object 'Object Repository/Page_The Story and Evolution of Doodles - G_6e786d/p_The first Doodle was a simple out-of-offi_345e61' is visible

17-06-2024T18:35:10 - [MESSAGE][PASSED] - Object 'Object Repository/Page_The Story and Evolution of Doodles - G_6e786d/p_The first Doodle was a simple out-of-offi_345e61' is visible

17-06-2024T18:35:10 - [TEST_STEP][PASSED] - verifyElementVisible(findTestObject("Object Repository/Page_The Story and Evolution of Doodles - G_6e786d/h2_Weve created more than 5,000 Doodles ove_111429")): Object 'Object Repository/Page_The Story and Evolution of Doodles - G_6e786d/h2_Weve created more than 5,000 Doodles ove_111429' is visible

17-06-2024T18:35:10 - [MESSAGE][PASSED] - Object 'Object Repository/Page_The Story and Evolution of Doodles - G_6e786d/h2_Weve created more than 5,000 Doodles ove_111429' is visible

17-06-2024T18:35:10 - [TEST_STEP][PASSED] - click(findTestObject("Object Repository/Page_The Story and Evolution of Doodles - G_6e786d/p_The first Doodle was a simple out-of-offi_345e61")): Object: 'Object Repository/Page_The Story and Evolution of Doodles - G_6e786d/p_The first Doodle was a simple out-of-offi_345e61' is clicked on

17-06-2024T18:35:11 - [MESSAGE][PASSED] - Object: 'Object Repository/Page_The Story and Evolution of Doodles - G_6e786d/p_The first Doodle was a simple out-of-offi_345e61' is clicked on

17-06-2024T18:35:11 - [TEST_STEP][PASSED] - verifyElementVisible(findTestObject("Object Repository/Page_The Story and Evolution of Doodles - G_6e786d/h1_The story behind Doodles")): Object 'Object Repository/Page_The Story and Evolution of Doodles - G_6e786d/h1_The story behind Doodles' is visible

17-06-2024T18:35:11 - [MESSAGE][PASSED] - Object 'Object Repository/Page_The Story and Evolution of Doodles - G_6e786d/h1_The story behind Doodles' is visible

17-06-2024T18:35:11 - [TEST_STEP][PASSED] - verifyElementVisible(findTestObject("Object Repository/Page_The Story and Evolution of Doodles - G_6e786d/p_The first Doodle was a simple out-of-offi_345e61")): Object 'Object Repository/Page_The Story and Evolution of Doodles - G_6e786d/p_The first Doodle was a simple out-of-offi_345e61' is visible

17-06-2024T18:35:12 - [MESSAGE][PASSED] - Object 'Object Repository/Page_The Story and Evolution of Doodles - G_6e786d/p_The first Doodle was a simple out-of-offi_345e61' is visible

17-06-2024T18:35:12 - [TEST_STEP][PASSED] - verifyElementVisible(findTestObject("Object Repository/Page_The Story and Evolution of Doodles - G_6e786d/h2_Weve created more than 5,000 Doodles ove_111429")): Object 'Object Repository/Page_The Story and Evolution of Doodles - G_6e786d/h2_Weve created more than 5,000 Doodles ove_111429' is visible

17-06-2024T18:35:12 - [MESSAGE][PASSED] - Object 'Object Repository/Page_The Story and Evolution of Doodles - G_6e786d/h2_Weve created more than 5,000 Doodles ove_111429' is visible]]></system-out>
         <system-err><![CDATA[]]></system-err>
      </testcase>
      <testcase name="Test Cases/test case folder 1/tc1 - Copy - Copy (6)" time="19.703" classname="Test Cases/test case folder 1/tc1 - Copy - Copy (6)" status="PASSED">
         <system-out><![CDATA[17-06-2024T18:35:12 - [TEST_CASE][PASSED] - Test Cases/test case folder 1/tc1 - Copy - Copy (6): Test Cases/test case folder 1/tc1 - Copy - Copy (6)

17-06-2024T18:35:12 - [TEST_STEP][PASSED] - openBrowser(""): Browser is opened with url: ''

17-06-2024T18:35:12 - [MESSAGE][WARNING] - A browser is already opened. Closing browser and opening a new one

17-06-2024T18:35:12 - [MESSAGE][INFO] - Starting 'Chrome (headless)' driver

17-06-2024T18:35:12 - [MESSAGE][INFO] - Action delay is set to 0 milliseconds

17-06-2024T18:35:13 - [MESSAGE][PASSED] - Browser is opened with url: ''

17-06-2024T18:35:13 - [TEST_STEP][PASSED] - navigateToUrl("https://doodles.google/about/"): Navigate to 'https://doodles.google/about/' successfully

17-06-2024T18:35:17 - [MESSAGE][PASSED] - Navigate to 'https://doodles.google/about/' successfully

17-06-2024T18:35:17 - [TEST_STEP][PASSED] - click(findTestObject("Object Repository/Page_The Story and Evolution of Doodles - G_6e786d/p_The first Doodle was a simple out-of-offi_345e61")): Object: 'Object Repository/Page_The Story and Evolution of Doodles - G_6e786d/p_The first Doodle was a simple out-of-offi_345e61' is clicked on

17-06-2024T18:35:17 - [MESSAGE][PASSED] - Object: 'Object Repository/Page_The Story and Evolution of Doodles - G_6e786d/p_The first Doodle was a simple out-of-offi_345e61' is clicked on

17-06-2024T18:35:17 - [TEST_STEP][PASSED] - click(findTestObject("Object Repository/Page_The Story and Evolution of Doodles - G_6e786d/p_The first Doodle was a simple out-of-offi_345e61")): Object: 'Object Repository/Page_The Story and Evolution of Doodles - G_6e786d/p_The first Doodle was a simple out-of-offi_345e61' is clicked on

17-06-2024T18:35:18 - [MESSAGE][PASSED] - Object: 'Object Repository/Page_The Story and Evolution of Doodles - G_6e786d/p_The first Doodle was a simple out-of-offi_345e61' is clicked on

17-06-2024T18:35:18 - [TEST_STEP][PASSED] - verifyElementVisible(findTestObject("Object Repository/Page_The Story and Evolution of Doodles - G_6e786d/h1_The story behind Doodles")): Object 'Object Repository/Page_The Story and Evolution of Doodles - G_6e786d/h1_The story behind Doodles' is visible

17-06-2024T18:35:18 - [MESSAGE][PASSED] - Object 'Object Repository/Page_The Story and Evolution of Doodles - G_6e786d/h1_The story behind Doodles' is visible

17-06-2024T18:35:18 - [TEST_STEP][PASSED] - verifyElementVisible(findTestObject("Object Repository/Page_The Story and Evolution of Doodles - G_6e786d/p_The first Doodle was a simple out-of-offi_345e61")): Object 'Object Repository/Page_The Story and Evolution of Doodles - G_6e786d/p_The first Doodle was a simple out-of-offi_345e61' is visible

17-06-2024T18:35:18 - [MESSAGE][PASSED] - Object 'Object Repository/Page_The Story and Evolution of Doodles - G_6e786d/p_The first Doodle was a simple out-of-offi_345e61' is visible

17-06-2024T18:35:18 - [TEST_STEP][PASSED] - verifyElementVisible(findTestObject("Object Repository/Page_The Story and Evolution of Doodles - G_6e786d/h2_Weve created more than 5,000 Doodles ove_111429")): Object 'Object Repository/Page_The Story and Evolution of Doodles - G_6e786d/h2_Weve created more than 5,000 Doodles ove_111429' is visible

17-06-2024T18:35:19 - [MESSAGE][PASSED] - Object 'Object Repository/Page_The Story and Evolution of Doodles - G_6e786d/h2_Weve created more than 5,000 Doodles ove_111429' is visible

17-06-2024T18:35:19 - [TEST_STEP][PASSED] - verifyElementVisible(findTestObject("Object Repository/Page_The Story and Evolution of Doodles - G_6e786d/h1_The story behind Doodles")): Object 'Object Repository/Page_The Story and Evolution of Doodles - G_6e786d/h1_The story behind Doodles' is visible

17-06-2024T18:35:19 - [MESSAGE][PASSED] - Object 'Object Repository/Page_The Story and Evolution of Doodles - G_6e786d/h1_The story behind Doodles' is visible

17-06-2024T18:35:19 - [TEST_STEP][PASSED] - verifyElementVisible(findTestObject("Object Repository/Page_The Story and Evolution of Doodles - G_6e786d/p_The first Doodle was a simple out-of-offi_345e61")): Object 'Object Repository/Page_The Story and Evolution of Doodles - G_6e786d/p_The first Doodle was a simple out-of-offi_345e61' is visible

17-06-2024T18:35:19 - [MESSAGE][PASSED] - Object 'Object Repository/Page_The Story and Evolution of Doodles - G_6e786d/p_The first Doodle was a simple out-of-offi_345e61' is visible

17-06-2024T18:35:19 - [TEST_STEP][PASSED] - verifyElementVisible(findTestObject("Object Repository/Page_The Story and Evolution of Doodles - G_6e786d/h2_Weve created more than 5,000 Doodles ove_111429")): Object 'Object Repository/Page_The Story and Evolution of Doodles - G_6e786d/h2_Weve created more than 5,000 Doodles ove_111429' is visible

17-06-2024T18:35:20 - [MESSAGE][PASSED] - Object 'Object Repository/Page_The Story and Evolution of Doodles - G_6e786d/h2_Weve created more than 5,000 Doodles ove_111429' is visible

17-06-2024T18:35:20 - [TEST_STEP][PASSED] - click(findTestObject("Object Repository/Page_The Story and Evolution of Doodles - G_6e786d/p_The first Doodle was a simple out-of-offi_345e61")): Object: 'Object Repository/Page_The Story and Evolution of Doodles - G_6e786d/p_The first Doodle was a simple out-of-offi_345e61' is clicked on

17-06-2024T18:35:20 - [MESSAGE][PASSED] - Object: 'Object Repository/Page_The Story and Evolution of Doodles - G_6e786d/p_The first Doodle was a simple out-of-offi_345e61' is clicked on

17-06-2024T18:35:20 - [TEST_STEP][PASSED] - verifyElementVisible(findTestObject("Object Repository/Page_The Story and Evolution of Doodles - G_6e786d/h1_The story behind Doodles")): Object 'Object Repository/Page_The Story and Evolution of Doodles - G_6e786d/h1_The story behind Doodles' is visible

17-06-2024T18:35:20 - [MESSAGE][PASSED] - Object 'Object Repository/Page_The Story and Evolution of Doodles - G_6e786d/h1_The story behind Doodles' is visible

17-06-2024T18:35:20 - [TEST_STEP][PASSED] - verifyElementVisible(findTestObject("Object Repository/Page_The Story and Evolution of Doodles - G_6e786d/p_The first Doodle was a simple out-of-offi_345e61")): Object 'Object Repository/Page_The Story and Evolution of Doodles - G_6e786d/p_The first Doodle was a simple out-of-offi_345e61' is visible

17-06-2024T18:35:21 - [MESSAGE][PASSED] - Object 'Object Repository/Page_The Story and Evolution of Doodles - G_6e786d/p_The first Doodle was a simple out-of-offi_345e61' is visible

17-06-2024T18:35:21 - [TEST_STEP][PASSED] - verifyElementVisible(findTestObject("Object Repository/Page_The Story and Evolution of Doodles - G_6e786d/h2_Weve created more than 5,000 Doodles ove_111429")): Object 'Object Repository/Page_The Story and Evolution of Doodles - G_6e786d/h2_Weve created more than 5,000 Doodles ove_111429' is visible

17-06-2024T18:35:21 - [MESSAGE][PASSED] - Object 'Object Repository/Page_The Story and Evolution of Doodles - G_6e786d/h2_Weve created more than 5,000 Doodles ove_111429' is visible

17-06-2024T18:35:21 - [TEST_STEP][PASSED] - click(findTestObject("Object Repository/Page_The Story and Evolution of Doodles - G_6e786d/p_The first Doodle was a simple out-of-offi_345e61")): Object: 'Object Repository/Page_The Story and Evolution of Doodles - G_6e786d/p_The first Doodle was a simple out-of-offi_345e61' is clicked on

17-06-2024T18:35:21 - [MESSAGE][PASSED] - Object: 'Object Repository/Page_The Story and Evolution of Doodles - G_6e786d/p_The first Doodle was a simple out-of-offi_345e61' is clicked on

17-06-2024T18:35:21 - [TEST_STEP][PASSED] - verifyElementVisible(findTestObject("Object Repository/Page_The Story and Evolution of Doodles - G_6e786d/h1_The story behind Doodles")): Object 'Object Repository/Page_The Story and Evolution of Doodles - G_6e786d/h1_The story behind Doodles' is visible

17-06-2024T18:35:22 - [MESSAGE][PASSED] - Object 'Object Repository/Page_The Story and Evolution of Doodles - G_6e786d/h1_The story behind Doodles' is visible

17-06-2024T18:35:22 - [TEST_STEP][PASSED] - verifyElementVisible(findTestObject("Object Repository/Page_The Story and Evolution of Doodles - G_6e786d/p_The first Doodle was a simple out-of-offi_345e61")): Object 'Object Repository/Page_The Story and Evolution of Doodles - G_6e786d/p_The first Doodle was a simple out-of-offi_345e61' is visible

17-06-2024T18:35:22 - [MESSAGE][PASSED] - Object 'Object Repository/Page_The Story and Evolution of Doodles - G_6e786d/p_The first Doodle was a simple out-of-offi_345e61' is visible

17-06-2024T18:35:22 - [TEST_STEP][PASSED] - verifyElementVisible(findTestObject("Object Repository/Page_The Story and Evolution of Doodles - G_6e786d/h2_Weve created more than 5,000 Doodles ove_111429")): Object 'Object Repository/Page_The Story and Evolution of Doodles - G_6e786d/h2_Weve created more than 5,000 Doodles ove_111429' is visible

17-06-2024T18:35:22 - [MESSAGE][PASSED] - Object 'Object Repository/Page_The Story and Evolution of Doodles - G_6e786d/h2_Weve created more than 5,000 Doodles ove_111429' is visible

17-06-2024T18:35:22 - [TEST_STEP][PASSED] - click(findTestObject("Object Repository/Page_The Story and Evolution of Doodles - G_6e786d/p_The first Doodle was a simple out-of-offi_345e61")): Object: 'Object Repository/Page_The Story and Evolution of Doodles - G_6e786d/p_The first Doodle was a simple out-of-offi_345e61' is clicked on

17-06-2024T18:35:23 - [MESSAGE][PASSED] - Object: 'Object Repository/Page_The Story and Evolution of Doodles - G_6e786d/p_The first Doodle was a simple out-of-offi_345e61' is clicked on

17-06-2024T18:35:23 - [TEST_STEP][PASSED] - verifyElementVisible(findTestObject("Object Repository/Page_The Story and Evolution of Doodles - G_6e786d/h1_The story behind Doodles")): Object 'Object Repository/Page_The Story and Evolution of Doodles - G_6e786d/h1_The story behind Doodles' is visible

17-06-2024T18:35:23 - [MESSAGE][PASSED] - Object 'Object Repository/Page_The Story and Evolution of Doodles - G_6e786d/h1_The story behind Doodles' is visible

17-06-2024T18:35:23 - [TEST_STEP][PASSED] - verifyElementVisible(findTestObject("Object Repository/Page_The Story and Evolution of Doodles - G_6e786d/p_The first Doodle was a simple out-of-offi_345e61")): Object 'Object Repository/Page_The Story and Evolution of Doodles - G_6e786d/p_The first Doodle was a simple out-of-offi_345e61' is visible

17-06-2024T18:35:23 - [MESSAGE][PASSED] - Object 'Object Repository/Page_The Story and Evolution of Doodles - G_6e786d/p_The first Doodle was a simple out-of-offi_345e61' is visible

17-06-2024T18:35:23 - [TEST_STEP][PASSED] - verifyElementVisible(findTestObject("Object Repository/Page_The Story and Evolution of Doodles - G_6e786d/h2_Weve created more than 5,000 Doodles ove_111429")): Object 'Object Repository/Page_The Story and Evolution of Doodles - G_6e786d/h2_Weve created more than 5,000 Doodles ove_111429' is visible

17-06-2024T18:35:24 - [MESSAGE][PASSED] - Object 'Object Repository/Page_The Story and Evolution of Doodles - G_6e786d/h2_Weve created more than 5,000 Doodles ove_111429' is visible

17-06-2024T18:35:24 - [TEST_STEP][PASSED] - click(findTestObject("Object Repository/Page_The Story and Evolution of Doodles - G_6e786d/p_The first Doodle was a simple out-of-offi_345e61")): Object: 'Object Repository/Page_The Story and Evolution of Doodles - G_6e786d/p_The first Doodle was a simple out-of-offi_345e61' is clicked on

17-06-2024T18:35:24 - [MESSAGE][PASSED] - Object: 'Object Repository/Page_The Story and Evolution of Doodles - G_6e786d/p_The first Doodle was a simple out-of-offi_345e61' is clicked on

17-06-2024T18:35:24 - [TEST_STEP][PASSED] - verifyElementVisible(findTestObject("Object Repository/Page_The Story and Evolution of Doodles - G_6e786d/h1_The story behind Doodles")): Object 'Object Repository/Page_The Story and Evolution of Doodles - G_6e786d/h1_The story behind Doodles' is visible

17-06-2024T18:35:24 - [MESSAGE][PASSED] - Object 'Object Repository/Page_The Story and Evolution of Doodles - G_6e786d/h1_The story behind Doodles' is visible

17-06-2024T18:35:24 - [TEST_STEP][PASSED] - verifyElementVisible(findTestObject("Object Repository/Page_The Story and Evolution of Doodles - G_6e786d/p_The first Doodle was a simple out-of-offi_345e61")): Object 'Object Repository/Page_The Story and Evolution of Doodles - G_6e786d/p_The first Doodle was a simple out-of-offi_345e61' is visible

17-06-2024T18:35:25 - [MESSAGE][PASSED] - Object 'Object Repository/Page_The Story and Evolution of Doodles - G_6e786d/p_The first Doodle was a simple out-of-offi_345e61' is visible

17-06-2024T18:35:25 - [TEST_STEP][PASSED] - verifyElementVisible(findTestObject("Object Repository/Page_The Story and Evolution of Doodles - G_6e786d/h2_Weve created more than 5,000 Doodles ove_111429")): Object 'Object Repository/Page_The Story and Evolution of Doodles - G_6e786d/h2_Weve created more than 5,000 Doodles ove_111429' is visible

17-06-2024T18:35:25 - [MESSAGE][PASSED] - Object 'Object Repository/Page_The Story and Evolution of Doodles - G_6e786d/h2_Weve created more than 5,000 Doodles ove_111429' is visible

17-06-2024T18:35:25 - [TEST_STEP][PASSED] - click(findTestObject("Object Repository/Page_The Story and Evolution of Doodles - G_6e786d/p_The first Doodle was a simple out-of-offi_345e61")): Object: 'Object Repository/Page_The Story and Evolution of Doodles - G_6e786d/p_The first Doodle was a simple out-of-offi_345e61' is clicked on

17-06-2024T18:35:25 - [MESSAGE][PASSED] - Object: 'Object Repository/Page_The Story and Evolution of Doodles - G_6e786d/p_The first Doodle was a simple out-of-offi_345e61' is clicked on

17-06-2024T18:35:25 - [TEST_STEP][PASSED] - verifyElementVisible(findTestObject("Object Repository/Page_The Story and Evolution of Doodles - G_6e786d/h1_The story behind Doodles")): Object 'Object Repository/Page_The Story and Evolution of Doodles - G_6e786d/h1_The story behind Doodles' is visible

17-06-2024T18:35:26 - [MESSAGE][PASSED] - Object 'Object Repository/Page_The Story and Evolution of Doodles - G_6e786d/h1_The story behind Doodles' is visible

17-06-2024T18:35:26 - [TEST_STEP][PASSED] - verifyElementVisible(findTestObject("Object Repository/Page_The Story and Evolution of Doodles - G_6e786d/p_The first Doodle was a simple out-of-offi_345e61")): Object 'Object Repository/Page_The Story and Evolution of Doodles - G_6e786d/p_The first Doodle was a simple out-of-offi_345e61' is visible

17-06-2024T18:35:26 - [MESSAGE][PASSED] - Object 'Object Repository/Page_The Story and Evolution of Doodles - G_6e786d/p_The first Doodle was a simple out-of-offi_345e61' is visible

17-06-2024T18:35:26 - [TEST_STEP][PASSED] - verifyElementVisible(findTestObject("Object Repository/Page_The Story and Evolution of Doodles - G_6e786d/h2_Weve created more than 5,000 Doodles ove_111429")): Object 'Object Repository/Page_The Story and Evolution of Doodles - G_6e786d/h2_Weve created more than 5,000 Doodles ove_111429' is visible

17-06-2024T18:35:26 - [MESSAGE][PASSED] - Object 'Object Repository/Page_The Story and Evolution of Doodles - G_6e786d/h2_Weve created more than 5,000 Doodles ove_111429' is visible

17-06-2024T18:35:26 - [TEST_STEP][PASSED] - click(findTestObject("Object Repository/Page_The Story and Evolution of Doodles - G_6e786d/p_The first Doodle was a simple out-of-offi_345e61")): Object: 'Object Repository/Page_The Story and Evolution of Doodles - G_6e786d/p_The first Doodle was a simple out-of-offi_345e61' is clicked on

17-06-2024T18:35:27 - [MESSAGE][PASSED] - Object: 'Object Repository/Page_The Story and Evolution of Doodles - G_6e786d/p_The first Doodle was a simple out-of-offi_345e61' is clicked on

17-06-2024T18:35:27 - [TEST_STEP][PASSED] - verifyElementVisible(findTestObject("Object Repository/Page_The Story and Evolution of Doodles - G_6e786d/h1_The story behind Doodles")): Object 'Object Repository/Page_The Story and Evolution of Doodles - G_6e786d/h1_The story behind Doodles' is visible

17-06-2024T18:35:27 - [MESSAGE][PASSED] - Object 'Object Repository/Page_The Story and Evolution of Doodles - G_6e786d/h1_The story behind Doodles' is visible

17-06-2024T18:35:27 - [TEST_STEP][PASSED] - verifyElementVisible(findTestObject("Object Repository/Page_The Story and Evolution of Doodles - G_6e786d/p_The first Doodle was a simple out-of-offi_345e61")): Object 'Object Repository/Page_The Story and Evolution of Doodles - G_6e786d/p_The first Doodle was a simple out-of-offi_345e61' is visible

17-06-2024T18:35:27 - [MESSAGE][PASSED] - Object 'Object Repository/Page_The Story and Evolution of Doodles - G_6e786d/p_The first Doodle was a simple out-of-offi_345e61' is visible

17-06-2024T18:35:27 - [TEST_STEP][PASSED] - verifyElementVisible(findTestObject("Object Repository/Page_The Story and Evolution of Doodles - G_6e786d/h2_Weve created more than 5,000 Doodles ove_111429")): Object 'Object Repository/Page_The Story and Evolution of Doodles - G_6e786d/h2_Weve created more than 5,000 Doodles ove_111429' is visible

17-06-2024T18:35:28 - [MESSAGE][PASSED] - Object 'Object Repository/Page_The Story and Evolution of Doodles - G_6e786d/h2_Weve created more than 5,000 Doodles ove_111429' is visible

17-06-2024T18:35:28 - [TEST_STEP][PASSED] - click(findTestObject("Object Repository/Page_The Story and Evolution of Doodles - G_6e786d/p_The first Doodle was a simple out-of-offi_345e61")): Object: 'Object Repository/Page_The Story and Evolution of Doodles - G_6e786d/p_The first Doodle was a simple out-of-offi_345e61' is clicked on

17-06-2024T18:35:28 - [MESSAGE][PASSED] - Object: 'Object Repository/Page_The Story and Evolution of Doodles - G_6e786d/p_The first Doodle was a simple out-of-offi_345e61' is clicked on

17-06-2024T18:35:28 - [TEST_STEP][PASSED] - verifyElementVisible(findTestObject("Object Repository/Page_The Story and Evolution of Doodles - G_6e786d/h1_The story behind Doodles")): Object 'Object Repository/Page_The Story and Evolution of Doodles - G_6e786d/h1_The story behind Doodles' is visible

17-06-2024T18:35:28 - [MESSAGE][PASSED] - Object 'Object Repository/Page_The Story and Evolution of Doodles - G_6e786d/h1_The story behind Doodles' is visible

17-06-2024T18:35:28 - [TEST_STEP][PASSED] - verifyElementVisible(findTestObject("Object Repository/Page_The Story and Evolution of Doodles - G_6e786d/p_The first Doodle was a simple out-of-offi_345e61")): Object 'Object Repository/Page_The Story and Evolution of Doodles - G_6e786d/p_The first Doodle was a simple out-of-offi_345e61' is visible

17-06-2024T18:35:29 - [MESSAGE][PASSED] - Object 'Object Repository/Page_The Story and Evolution of Doodles - G_6e786d/p_The first Doodle was a simple out-of-offi_345e61' is visible

17-06-2024T18:35:29 - [TEST_STEP][PASSED] - verifyElementVisible(findTestObject("Object Repository/Page_The Story and Evolution of Doodles - G_6e786d/h2_Weve created more than 5,000 Doodles ove_111429")): Object 'Object Repository/Page_The Story and Evolution of Doodles - G_6e786d/h2_Weve created more than 5,000 Doodles ove_111429' is visible

17-06-2024T18:35:29 - [MESSAGE][PASSED] - Object 'Object Repository/Page_The Story and Evolution of Doodles - G_6e786d/h2_Weve created more than 5,000 Doodles ove_111429' is visible

17-06-2024T18:35:29 - [TEST_STEP][PASSED] - click(findTestObject("Object Repository/Page_The Story and Evolution of Doodles - G_6e786d/p_The first Doodle was a simple out-of-offi_345e61")): Object: 'Object Repository/Page_The Story and Evolution of Doodles - G_6e786d/p_The first Doodle was a simple out-of-offi_345e61' is clicked on

17-06-2024T18:35:29 - [MESSAGE][PASSED] - Object: 'Object Repository/Page_The Story and Evolution of Doodles - G_6e786d/p_The first Doodle was a simple out-of-offi_345e61' is clicked on

17-06-2024T18:35:29 - [TEST_STEP][PASSED] - verifyElementVisible(findTestObject("Object Repository/Page_The Story and Evolution of Doodles - G_6e786d/h1_The story behind Doodles")): Object 'Object Repository/Page_The Story and Evolution of Doodles - G_6e786d/h1_The story behind Doodles' is visible

17-06-2024T18:35:30 - [MESSAGE][PASSED] - Object 'Object Repository/Page_The Story and Evolution of Doodles - G_6e786d/h1_The story behind Doodles' is visible

17-06-2024T18:35:30 - [TEST_STEP][PASSED] - verifyElementVisible(findTestObject("Object Repository/Page_The Story and Evolution of Doodles - G_6e786d/p_The first Doodle was a simple out-of-offi_345e61")): Object 'Object Repository/Page_The Story and Evolution of Doodles - G_6e786d/p_The first Doodle was a simple out-of-offi_345e61' is visible

17-06-2024T18:35:30 - [MESSAGE][PASSED] - Object 'Object Repository/Page_The Story and Evolution of Doodles - G_6e786d/p_The first Doodle was a simple out-of-offi_345e61' is visible

17-06-2024T18:35:30 - [TEST_STEP][PASSED] - verifyElementVisible(findTestObject("Object Repository/Page_The Story and Evolution of Doodles - G_6e786d/h2_Weve created more than 5,000 Doodles ove_111429")): Object 'Object Repository/Page_The Story and Evolution of Doodles - G_6e786d/h2_Weve created more than 5,000 Doodles ove_111429' is visible

17-06-2024T18:35:30 - [MESSAGE][PASSED] - Object 'Object Repository/Page_The Story and Evolution of Doodles - G_6e786d/h2_Weve created more than 5,000 Doodles ove_111429' is visible

17-06-2024T18:35:30 - [TEST_STEP][PASSED] - click(findTestObject("Object Repository/Page_The Story and Evolution of Doodles - G_6e786d/p_The first Doodle was a simple out-of-offi_345e61")): Object: 'Object Repository/Page_The Story and Evolution of Doodles - G_6e786d/p_The first Doodle was a simple out-of-offi_345e61' is clicked on

17-06-2024T18:35:31 - [MESSAGE][PASSED] - Object: 'Object Repository/Page_The Story and Evolution of Doodles - G_6e786d/p_The first Doodle was a simple out-of-offi_345e61' is clicked on

17-06-2024T18:35:31 - [TEST_STEP][PASSED] - verifyElementVisible(findTestObject("Object Repository/Page_The Story and Evolution of Doodles - G_6e786d/h1_The story behind Doodles")): Object 'Object Repository/Page_The Story and Evolution of Doodles - G_6e786d/h1_The story behind Doodles' is visible

17-06-2024T18:35:31 - [MESSAGE][PASSED] - Object 'Object Repository/Page_The Story and Evolution of Doodles - G_6e786d/h1_The story behind Doodles' is visible

17-06-2024T18:35:31 - [TEST_STEP][PASSED] - verifyElementVisible(findTestObject("Object Repository/Page_The Story and Evolution of Doodles - G_6e786d/p_The first Doodle was a simple out-of-offi_345e61")): Object 'Object Repository/Page_The Story and Evolution of Doodles - G_6e786d/p_The first Doodle was a simple out-of-offi_345e61' is visible

17-06-2024T18:35:31 - [MESSAGE][PASSED] - Object 'Object Repository/Page_The Story and Evolution of Doodles - G_6e786d/p_The first Doodle was a simple out-of-offi_345e61' is visible

17-06-2024T18:35:31 - [TEST_STEP][PASSED] - verifyElementVisible(findTestObject("Object Repository/Page_The Story and Evolution of Doodles - G_6e786d/h2_Weve created more than 5,000 Doodles ove_111429")): Object 'Object Repository/Page_The Story and Evolution of Doodles - G_6e786d/h2_Weve created more than 5,000 Doodles ove_111429' is visible

17-06-2024T18:35:32 - [MESSAGE][PASSED] - Object 'Object Repository/Page_The Story and Evolution of Doodles - G_6e786d/h2_Weve created more than 5,000 Doodles ove_111429' is visible]]></system-out>
         <system-err><![CDATA[]]></system-err>
      </testcase>
      <testcase name="Test Cases/test case folder 1/tc1 - Copy - Copy" time="20.548" classname="Test Cases/test case folder 1/tc1 - Copy - Copy" status="PASSED">
         <system-out><![CDATA[17-06-2024T18:35:32 - [TEST_CASE][PASSED] - Test Cases/test case folder 1/tc1 - Copy - Copy: Test Cases/test case folder 1/tc1 - Copy - Copy

17-06-2024T18:35:32 - [TEST_STEP][PASSED] - openBrowser(""): Browser is opened with url: ''

17-06-2024T18:35:32 - [MESSAGE][WARNING] - A browser is already opened. Closing browser and opening a new one

17-06-2024T18:35:32 - [MESSAGE][INFO] - Starting 'Chrome (headless)' driver

17-06-2024T18:35:32 - [MESSAGE][INFO] - Action delay is set to 0 milliseconds

17-06-2024T18:35:33 - [MESSAGE][PASSED] - Browser is opened with url: ''

17-06-2024T18:35:33 - [TEST_STEP][PASSED] - navigateToUrl("https://doodles.google/about/"): Navigate to 'https://doodles.google/about/' successfully

17-06-2024T18:35:37 - [MESSAGE][PASSED] - Navigate to 'https://doodles.google/about/' successfully

17-06-2024T18:35:37 - [TEST_STEP][PASSED] - click(findTestObject("Object Repository/Page_The Story and Evolution of Doodles - G_6e786d/p_The first Doodle was a simple out-of-offi_345e61")): Object: 'Object Repository/Page_The Story and Evolution of Doodles - G_6e786d/p_The first Doodle was a simple out-of-offi_345e61' is clicked on

17-06-2024T18:35:37 - [MESSAGE][PASSED] - Object: 'Object Repository/Page_The Story and Evolution of Doodles - G_6e786d/p_The first Doodle was a simple out-of-offi_345e61' is clicked on

17-06-2024T18:35:37 - [TEST_STEP][PASSED] - click(findTestObject("Object Repository/Page_The Story and Evolution of Doodles - G_6e786d/p_The first Doodle was a simple out-of-offi_345e61")): Object: 'Object Repository/Page_The Story and Evolution of Doodles - G_6e786d/p_The first Doodle was a simple out-of-offi_345e61' is clicked on

17-06-2024T18:35:38 - [MESSAGE][PASSED] - Object: 'Object Repository/Page_The Story and Evolution of Doodles - G_6e786d/p_The first Doodle was a simple out-of-offi_345e61' is clicked on

17-06-2024T18:35:38 - [TEST_STEP][PASSED] - verifyElementVisible(findTestObject("Object Repository/Page_The Story and Evolution of Doodles - G_6e786d/h1_The story behind Doodles")): Object 'Object Repository/Page_The Story and Evolution of Doodles - G_6e786d/h1_The story behind Doodles' is visible

17-06-2024T18:35:38 - [MESSAGE][PASSED] - Object 'Object Repository/Page_The Story and Evolution of Doodles - G_6e786d/h1_The story behind Doodles' is visible

17-06-2024T18:35:38 - [TEST_STEP][PASSED] - verifyElementVisible(findTestObject("Object Repository/Page_The Story and Evolution of Doodles - G_6e786d/p_The first Doodle was a simple out-of-offi_345e61")): Object 'Object Repository/Page_The Story and Evolution of Doodles - G_6e786d/p_The first Doodle was a simple out-of-offi_345e61' is visible

17-06-2024T18:35:38 - [MESSAGE][PASSED] - Object 'Object Repository/Page_The Story and Evolution of Doodles - G_6e786d/p_The first Doodle was a simple out-of-offi_345e61' is visible

17-06-2024T18:35:38 - [TEST_STEP][PASSED] - verifyElementVisible(findTestObject("Object Repository/Page_The Story and Evolution of Doodles - G_6e786d/h2_Weve created more than 5,000 Doodles ove_111429")): Object 'Object Repository/Page_The Story and Evolution of Doodles - G_6e786d/h2_Weve created more than 5,000 Doodles ove_111429' is visible

17-06-2024T18:35:39 - [MESSAGE][PASSED] - Object 'Object Repository/Page_The Story and Evolution of Doodles - G_6e786d/h2_Weve created more than 5,000 Doodles ove_111429' is visible

17-06-2024T18:35:39 - [TEST_STEP][PASSED] - verifyElementVisible(findTestObject("Object Repository/Page_The Story and Evolution of Doodles - G_6e786d/h1_The story behind Doodles")): Object 'Object Repository/Page_The Story and Evolution of Doodles - G_6e786d/h1_The story behind Doodles' is visible

17-06-2024T18:35:39 - [MESSAGE][PASSED] - Object 'Object Repository/Page_The Story and Evolution of Doodles - G_6e786d/h1_The story behind Doodles' is visible

17-06-2024T18:35:39 - [TEST_STEP][PASSED] - verifyElementVisible(findTestObject("Object Repository/Page_The Story and Evolution of Doodles - G_6e786d/p_The first Doodle was a simple out-of-offi_345e61")): Object 'Object Repository/Page_The Story and Evolution of Doodles - G_6e786d/p_The first Doodle was a simple out-of-offi_345e61' is visible

17-06-2024T18:35:39 - [MESSAGE][PASSED] - Object 'Object Repository/Page_The Story and Evolution of Doodles - G_6e786d/p_The first Doodle was a simple out-of-offi_345e61' is visible

17-06-2024T18:35:39 - [TEST_STEP][PASSED] - verifyElementVisible(findTestObject("Object Repository/Page_The Story and Evolution of Doodles - G_6e786d/h2_Weve created more than 5,000 Doodles ove_111429")): Object 'Object Repository/Page_The Story and Evolution of Doodles - G_6e786d/h2_Weve created more than 5,000 Doodles ove_111429' is visible

17-06-2024T18:35:40 - [MESSAGE][PASSED] - Object 'Object Repository/Page_The Story and Evolution of Doodles - G_6e786d/h2_Weve created more than 5,000 Doodles ove_111429' is visible

17-06-2024T18:35:40 - [TEST_STEP][PASSED] - click(findTestObject("Object Repository/Page_The Story and Evolution of Doodles - G_6e786d/p_The first Doodle was a simple out-of-offi_345e61")): Object: 'Object Repository/Page_The Story and Evolution of Doodles - G_6e786d/p_The first Doodle was a simple out-of-offi_345e61' is clicked on

17-06-2024T18:35:40 - [MESSAGE][PASSED] - Object: 'Object Repository/Page_The Story and Evolution of Doodles - G_6e786d/p_The first Doodle was a simple out-of-offi_345e61' is clicked on

17-06-2024T18:35:40 - [TEST_STEP][PASSED] - verifyElementVisible(findTestObject("Object Repository/Page_The Story and Evolution of Doodles - G_6e786d/h1_The story behind Doodles")): Object 'Object Repository/Page_The Story and Evolution of Doodles - G_6e786d/h1_The story behind Doodles' is visible

17-06-2024T18:35:40 - [MESSAGE][PASSED] - Object 'Object Repository/Page_The Story and Evolution of Doodles - G_6e786d/h1_The story behind Doodles' is visible

17-06-2024T18:35:40 - [TEST_STEP][PASSED] - verifyElementVisible(findTestObject("Object Repository/Page_The Story and Evolution of Doodles - G_6e786d/p_The first Doodle was a simple out-of-offi_345e61")): Object 'Object Repository/Page_The Story and Evolution of Doodles - G_6e786d/p_The first Doodle was a simple out-of-offi_345e61' is visible

17-06-2024T18:35:41 - [MESSAGE][PASSED] - Object 'Object Repository/Page_The Story and Evolution of Doodles - G_6e786d/p_The first Doodle was a simple out-of-offi_345e61' is visible

17-06-2024T18:35:41 - [TEST_STEP][PASSED] - verifyElementVisible(findTestObject("Object Repository/Page_The Story and Evolution of Doodles - G_6e786d/h2_Weve created more than 5,000 Doodles ove_111429")): Object 'Object Repository/Page_The Story and Evolution of Doodles - G_6e786d/h2_Weve created more than 5,000 Doodles ove_111429' is visible

17-06-2024T18:35:41 - [MESSAGE][PASSED] - Object 'Object Repository/Page_The Story and Evolution of Doodles - G_6e786d/h2_Weve created more than 5,000 Doodles ove_111429' is visible

17-06-2024T18:35:41 - [TEST_STEP][PASSED] - click(findTestObject("Object Repository/Page_The Story and Evolution of Doodles - G_6e786d/p_The first Doodle was a simple out-of-offi_345e61")): Object: 'Object Repository/Page_The Story and Evolution of Doodles - G_6e786d/p_The first Doodle was a simple out-of-offi_345e61' is clicked on

17-06-2024T18:35:41 - [MESSAGE][PASSED] - Object: 'Object Repository/Page_The Story and Evolution of Doodles - G_6e786d/p_The first Doodle was a simple out-of-offi_345e61' is clicked on

17-06-2024T18:35:41 - [TEST_STEP][PASSED] - verifyElementVisible(findTestObject("Object Repository/Page_The Story and Evolution of Doodles - G_6e786d/h1_The story behind Doodles")): Object 'Object Repository/Page_The Story and Evolution of Doodles - G_6e786d/h1_The story behind Doodles' is visible

17-06-2024T18:35:42 - [MESSAGE][PASSED] - Object 'Object Repository/Page_The Story and Evolution of Doodles - G_6e786d/h1_The story behind Doodles' is visible

17-06-2024T18:35:42 - [TEST_STEP][PASSED] - verifyElementVisible(findTestObject("Object Repository/Page_The Story and Evolution of Doodles - G_6e786d/p_The first Doodle was a simple out-of-offi_345e61")): Object 'Object Repository/Page_The Story and Evolution of Doodles - G_6e786d/p_The first Doodle was a simple out-of-offi_345e61' is visible

17-06-2024T18:35:42 - [MESSAGE][PASSED] - Object 'Object Repository/Page_The Story and Evolution of Doodles - G_6e786d/p_The first Doodle was a simple out-of-offi_345e61' is visible

17-06-2024T18:35:42 - [TEST_STEP][PASSED] - verifyElementVisible(findTestObject("Object Repository/Page_The Story and Evolution of Doodles - G_6e786d/h2_Weve created more than 5,000 Doodles ove_111429")): Object 'Object Repository/Page_The Story and Evolution of Doodles - G_6e786d/h2_Weve created more than 5,000 Doodles ove_111429' is visible

17-06-2024T18:35:42 - [MESSAGE][PASSED] - Object 'Object Repository/Page_The Story and Evolution of Doodles - G_6e786d/h2_Weve created more than 5,000 Doodles ove_111429' is visible

17-06-2024T18:35:42 - [TEST_STEP][PASSED] - click(findTestObject("Object Repository/Page_The Story and Evolution of Doodles - G_6e786d/p_The first Doodle was a simple out-of-offi_345e61")): Object: 'Object Repository/Page_The Story and Evolution of Doodles - G_6e786d/p_The first Doodle was a simple out-of-offi_345e61' is clicked on

17-06-2024T18:35:43 - [MESSAGE][PASSED] - Object: 'Object Repository/Page_The Story and Evolution of Doodles - G_6e786d/p_The first Doodle was a simple out-of-offi_345e61' is clicked on

17-06-2024T18:35:43 - [TEST_STEP][PASSED] - verifyElementVisible(findTestObject("Object Repository/Page_The Story and Evolution of Doodles - G_6e786d/h1_The story behind Doodles")): Object 'Object Repository/Page_The Story and Evolution of Doodles - G_6e786d/h1_The story behind Doodles' is visible

17-06-2024T18:35:43 - [MESSAGE][PASSED] - Object 'Object Repository/Page_The Story and Evolution of Doodles - G_6e786d/h1_The story behind Doodles' is visible

17-06-2024T18:35:43 - [TEST_STEP][PASSED] - verifyElementVisible(findTestObject("Object Repository/Page_The Story and Evolution of Doodles - G_6e786d/p_The first Doodle was a simple out-of-offi_345e61")): Object 'Object Repository/Page_The Story and Evolution of Doodles - G_6e786d/p_The first Doodle was a simple out-of-offi_345e61' is visible

17-06-2024T18:35:43 - [MESSAGE][PASSED] - Object 'Object Repository/Page_The Story and Evolution of Doodles - G_6e786d/p_The first Doodle was a simple out-of-offi_345e61' is visible

17-06-2024T18:35:43 - [TEST_STEP][PASSED] - verifyElementVisible(findTestObject("Object Repository/Page_The Story and Evolution of Doodles - G_6e786d/h2_Weve created more than 5,000 Doodles ove_111429")): Object 'Object Repository/Page_The Story and Evolution of Doodles - G_6e786d/h2_Weve created more than 5,000 Doodles ove_111429' is visible

17-06-2024T18:35:44 - [MESSAGE][PASSED] - Object 'Object Repository/Page_The Story and Evolution of Doodles - G_6e786d/h2_Weve created more than 5,000 Doodles ove_111429' is visible

17-06-2024T18:35:44 - [TEST_STEP][PASSED] - click(findTestObject("Object Repository/Page_The Story and Evolution of Doodles - G_6e786d/p_The first Doodle was a simple out-of-offi_345e61")): Object: 'Object Repository/Page_The Story and Evolution of Doodles - G_6e786d/p_The first Doodle was a simple out-of-offi_345e61' is clicked on

17-06-2024T18:35:44 - [MESSAGE][PASSED] - Object: 'Object Repository/Page_The Story and Evolution of Doodles - G_6e786d/p_The first Doodle was a simple out-of-offi_345e61' is clicked on

17-06-2024T18:35:44 - [TEST_STEP][PASSED] - verifyElementVisible(findTestObject("Object Repository/Page_The Story and Evolution of Doodles - G_6e786d/h1_The story behind Doodles")): Object 'Object Repository/Page_The Story and Evolution of Doodles - G_6e786d/h1_The story behind Doodles' is visible

17-06-2024T18:35:44 - [MESSAGE][PASSED] - Object 'Object Repository/Page_The Story and Evolution of Doodles - G_6e786d/h1_The story behind Doodles' is visible

17-06-2024T18:35:44 - [TEST_STEP][PASSED] - verifyElementVisible(findTestObject("Object Repository/Page_The Story and Evolution of Doodles - G_6e786d/p_The first Doodle was a simple out-of-offi_345e61")): Object 'Object Repository/Page_The Story and Evolution of Doodles - G_6e786d/p_The first Doodle was a simple out-of-offi_345e61' is visible

17-06-2024T18:35:45 - [MESSAGE][PASSED] - Object 'Object Repository/Page_The Story and Evolution of Doodles - G_6e786d/p_The first Doodle was a simple out-of-offi_345e61' is visible

17-06-2024T18:35:45 - [TEST_STEP][PASSED] - verifyElementVisible(findTestObject("Object Repository/Page_The Story and Evolution of Doodles - G_6e786d/h2_Weve created more than 5,000 Doodles ove_111429")): Object 'Object Repository/Page_The Story and Evolution of Doodles - G_6e786d/h2_Weve created more than 5,000 Doodles ove_111429' is visible

17-06-2024T18:35:45 - [MESSAGE][PASSED] - Object 'Object Repository/Page_The Story and Evolution of Doodles - G_6e786d/h2_Weve created more than 5,000 Doodles ove_111429' is visible

17-06-2024T18:35:45 - [TEST_STEP][PASSED] - click(findTestObject("Object Repository/Page_The Story and Evolution of Doodles - G_6e786d/p_The first Doodle was a simple out-of-offi_345e61")): Object: 'Object Repository/Page_The Story and Evolution of Doodles - G_6e786d/p_The first Doodle was a simple out-of-offi_345e61' is clicked on

17-06-2024T18:35:46 - [MESSAGE][PASSED] - Object: 'Object Repository/Page_The Story and Evolution of Doodles - G_6e786d/p_The first Doodle was a simple out-of-offi_345e61' is clicked on

17-06-2024T18:35:46 - [TEST_STEP][PASSED] - verifyElementVisible(findTestObject("Object Repository/Page_The Story and Evolution of Doodles - G_6e786d/h1_The story behind Doodles")): Object 'Object Repository/Page_The Story and Evolution of Doodles - G_6e786d/h1_The story behind Doodles' is visible

17-06-2024T18:35:46 - [MESSAGE][PASSED] - Object 'Object Repository/Page_The Story and Evolution of Doodles - G_6e786d/h1_The story behind Doodles' is visible

17-06-2024T18:35:46 - [TEST_STEP][PASSED] - verifyElementVisible(findTestObject("Object Repository/Page_The Story and Evolution of Doodles - G_6e786d/p_The first Doodle was a simple out-of-offi_345e61")): Object 'Object Repository/Page_The Story and Evolution of Doodles - G_6e786d/p_The first Doodle was a simple out-of-offi_345e61' is visible

17-06-2024T18:35:46 - [MESSAGE][PASSED] - Object 'Object Repository/Page_The Story and Evolution of Doodles - G_6e786d/p_The first Doodle was a simple out-of-offi_345e61' is visible

17-06-2024T18:35:46 - [TEST_STEP][PASSED] - verifyElementVisible(findTestObject("Object Repository/Page_The Story and Evolution of Doodles - G_6e786d/h2_Weve created more than 5,000 Doodles ove_111429")): Object 'Object Repository/Page_The Story and Evolution of Doodles - G_6e786d/h2_Weve created more than 5,000 Doodles ove_111429' is visible

17-06-2024T18:35:47 - [MESSAGE][PASSED] - Object 'Object Repository/Page_The Story and Evolution of Doodles - G_6e786d/h2_Weve created more than 5,000 Doodles ove_111429' is visible

17-06-2024T18:35:47 - [TEST_STEP][PASSED] - click(findTestObject("Object Repository/Page_The Story and Evolution of Doodles - G_6e786d/p_The first Doodle was a simple out-of-offi_345e61")): Object: 'Object Repository/Page_The Story and Evolution of Doodles - G_6e786d/p_The first Doodle was a simple out-of-offi_345e61' is clicked on

17-06-2024T18:35:47 - [MESSAGE][PASSED] - Object: 'Object Repository/Page_The Story and Evolution of Doodles - G_6e786d/p_The first Doodle was a simple out-of-offi_345e61' is clicked on

17-06-2024T18:35:47 - [TEST_STEP][PASSED] - verifyElementVisible(findTestObject("Object Repository/Page_The Story and Evolution of Doodles - G_6e786d/h1_The story behind Doodles")): Object 'Object Repository/Page_The Story and Evolution of Doodles - G_6e786d/h1_The story behind Doodles' is visible

17-06-2024T18:35:47 - [MESSAGE][PASSED] - Object 'Object Repository/Page_The Story and Evolution of Doodles - G_6e786d/h1_The story behind Doodles' is visible

17-06-2024T18:35:47 - [TEST_STEP][PASSED] - verifyElementVisible(findTestObject("Object Repository/Page_The Story and Evolution of Doodles - G_6e786d/p_The first Doodle was a simple out-of-offi_345e61")): Object 'Object Repository/Page_The Story and Evolution of Doodles - G_6e786d/p_The first Doodle was a simple out-of-offi_345e61' is visible

17-06-2024T18:35:48 - [MESSAGE][PASSED] - Object 'Object Repository/Page_The Story and Evolution of Doodles - G_6e786d/p_The first Doodle was a simple out-of-offi_345e61' is visible

17-06-2024T18:35:48 - [TEST_STEP][PASSED] - verifyElementVisible(findTestObject("Object Repository/Page_The Story and Evolution of Doodles - G_6e786d/h2_Weve created more than 5,000 Doodles ove_111429")): Object 'Object Repository/Page_The Story and Evolution of Doodles - G_6e786d/h2_Weve created more than 5,000 Doodles ove_111429' is visible

17-06-2024T18:35:48 - [MESSAGE][PASSED] - Object 'Object Repository/Page_The Story and Evolution of Doodles - G_6e786d/h2_Weve created more than 5,000 Doodles ove_111429' is visible

17-06-2024T18:35:48 - [TEST_STEP][PASSED] - click(findTestObject("Object Repository/Page_The Story and Evolution of Doodles - G_6e786d/p_The first Doodle was a simple out-of-offi_345e61")): Object: 'Object Repository/Page_The Story and Evolution of Doodles - G_6e786d/p_The first Doodle was a simple out-of-offi_345e61' is clicked on

17-06-2024T18:35:48 - [MESSAGE][PASSED] - Object: 'Object Repository/Page_The Story and Evolution of Doodles - G_6e786d/p_The first Doodle was a simple out-of-offi_345e61' is clicked on

17-06-2024T18:35:48 - [TEST_STEP][PASSED] - verifyElementVisible(findTestObject("Object Repository/Page_The Story and Evolution of Doodles - G_6e786d/h1_The story behind Doodles")): Object 'Object Repository/Page_The Story and Evolution of Doodles - G_6e786d/h1_The story behind Doodles' is visible

17-06-2024T18:35:49 - [MESSAGE][PASSED] - Object 'Object Repository/Page_The Story and Evolution of Doodles - G_6e786d/h1_The story behind Doodles' is visible

17-06-2024T18:35:49 - [TEST_STEP][PASSED] - verifyElementVisible(findTestObject("Object Repository/Page_The Story and Evolution of Doodles - G_6e786d/p_The first Doodle was a simple out-of-offi_345e61")): Object 'Object Repository/Page_The Story and Evolution of Doodles - G_6e786d/p_The first Doodle was a simple out-of-offi_345e61' is visible

17-06-2024T18:35:49 - [MESSAGE][PASSED] - Object 'Object Repository/Page_The Story and Evolution of Doodles - G_6e786d/p_The first Doodle was a simple out-of-offi_345e61' is visible

17-06-2024T18:35:49 - [TEST_STEP][PASSED] - verifyElementVisible(findTestObject("Object Repository/Page_The Story and Evolution of Doodles - G_6e786d/h2_Weve created more than 5,000 Doodles ove_111429")): Object 'Object Repository/Page_The Story and Evolution of Doodles - G_6e786d/h2_Weve created more than 5,000 Doodles ove_111429' is visible

17-06-2024T18:35:49 - [MESSAGE][PASSED] - Object 'Object Repository/Page_The Story and Evolution of Doodles - G_6e786d/h2_Weve created more than 5,000 Doodles ove_111429' is visible

17-06-2024T18:35:49 - [TEST_STEP][PASSED] - click(findTestObject("Object Repository/Page_The Story and Evolution of Doodles - G_6e786d/p_The first Doodle was a simple out-of-offi_345e61")): Object: 'Object Repository/Page_The Story and Evolution of Doodles - G_6e786d/p_The first Doodle was a simple out-of-offi_345e61' is clicked on

17-06-2024T18:35:50 - [MESSAGE][PASSED] - Object: 'Object Repository/Page_The Story and Evolution of Doodles - G_6e786d/p_The first Doodle was a simple out-of-offi_345e61' is clicked on

17-06-2024T18:35:50 - [TEST_STEP][PASSED] - verifyElementVisible(findTestObject("Object Repository/Page_The Story and Evolution of Doodles - G_6e786d/h1_The story behind Doodles")): Object 'Object Repository/Page_The Story and Evolution of Doodles - G_6e786d/h1_The story behind Doodles' is visible

17-06-2024T18:35:50 - [MESSAGE][PASSED] - Object 'Object Repository/Page_The Story and Evolution of Doodles - G_6e786d/h1_The story behind Doodles' is visible

17-06-2024T18:35:50 - [TEST_STEP][PASSED] - verifyElementVisible(findTestObject("Object Repository/Page_The Story and Evolution of Doodles - G_6e786d/p_The first Doodle was a simple out-of-offi_345e61")): Object 'Object Repository/Page_The Story and Evolution of Doodles - G_6e786d/p_The first Doodle was a simple out-of-offi_345e61' is visible

17-06-2024T18:35:50 - [MESSAGE][PASSED] - Object 'Object Repository/Page_The Story and Evolution of Doodles - G_6e786d/p_The first Doodle was a simple out-of-offi_345e61' is visible

17-06-2024T18:35:50 - [TEST_STEP][PASSED] - verifyElementVisible(findTestObject("Object Repository/Page_The Story and Evolution of Doodles - G_6e786d/h2_Weve created more than 5,000 Doodles ove_111429")): Object 'Object Repository/Page_The Story and Evolution of Doodles - G_6e786d/h2_Weve created more than 5,000 Doodles ove_111429' is visible

17-06-2024T18:35:51 - [MESSAGE][PASSED] - Object 'Object Repository/Page_The Story and Evolution of Doodles - G_6e786d/h2_Weve created more than 5,000 Doodles ove_111429' is visible

17-06-2024T18:35:51 - [TEST_STEP][PASSED] - click(findTestObject("Object Repository/Page_The Story and Evolution of Doodles - G_6e786d/p_The first Doodle was a simple out-of-offi_345e61")): Object: 'Object Repository/Page_The Story and Evolution of Doodles - G_6e786d/p_The first Doodle was a simple out-of-offi_345e61' is clicked on

17-06-2024T18:35:51 - [MESSAGE][PASSED] - Object: 'Object Repository/Page_The Story and Evolution of Doodles - G_6e786d/p_The first Doodle was a simple out-of-offi_345e61' is clicked on

17-06-2024T18:35:51 - [TEST_STEP][PASSED] - verifyElementVisible(findTestObject("Object Repository/Page_The Story and Evolution of Doodles - G_6e786d/h1_The story behind Doodles")): Object 'Object Repository/Page_The Story and Evolution of Doodles - G_6e786d/h1_The story behind Doodles' is visible

17-06-2024T18:35:51 - [MESSAGE][PASSED] - Object 'Object Repository/Page_The Story and Evolution of Doodles - G_6e786d/h1_The story behind Doodles' is visible

17-06-2024T18:35:51 - [TEST_STEP][PASSED] - verifyElementVisible(findTestObject("Object Repository/Page_The Story and Evolution of Doodles - G_6e786d/p_The first Doodle was a simple out-of-offi_345e61")): Object 'Object Repository/Page_The Story and Evolution of Doodles - G_6e786d/p_The first Doodle was a simple out-of-offi_345e61' is visible

17-06-2024T18:35:52 - [MESSAGE][PASSED] - Object 'Object Repository/Page_The Story and Evolution of Doodles - G_6e786d/p_The first Doodle was a simple out-of-offi_345e61' is visible

17-06-2024T18:35:52 - [TEST_STEP][PASSED] - verifyElementVisible(findTestObject("Object Repository/Page_The Story and Evolution of Doodles - G_6e786d/h2_Weve created more than 5,000 Doodles ove_111429")): Object 'Object Repository/Page_The Story and Evolution of Doodles - G_6e786d/h2_Weve created more than 5,000 Doodles ove_111429' is visible

17-06-2024T18:35:52 - [MESSAGE][PASSED] - Object 'Object Repository/Page_The Story and Evolution of Doodles - G_6e786d/h2_Weve created more than 5,000 Doodles ove_111429' is visible]]></system-out>
         <system-err><![CDATA[]]></system-err>
      </testcase>
      <testcase name="Test Cases/test case folder 1/tc1 - Copy (1) - Copy (1)" time="19.177" classname="Test Cases/test case folder 1/tc1 - Copy (1) - Copy (1)" status="PASSED">
         <system-out><![CDATA[17-06-2024T18:35:52 - [TEST_CASE][PASSED] - Test Cases/test case folder 1/tc1 - Copy (1) - Copy (1): Test Cases/test case folder 1/tc1 - Copy (1) - Copy (1)

17-06-2024T18:35:52 - [TEST_STEP][PASSED] - openBrowser(""): Browser is opened with url: ''

17-06-2024T18:35:52 - [MESSAGE][WARNING] - A browser is already opened. Closing browser and opening a new one

17-06-2024T18:35:53 - [MESSAGE][INFO] - Starting 'Chrome (headless)' driver

17-06-2024T18:35:53 - [MESSAGE][INFO] - Action delay is set to 0 milliseconds

17-06-2024T18:35:54 - [MESSAGE][PASSED] - Browser is opened with url: ''

17-06-2024T18:35:54 - [TEST_STEP][PASSED] - navigateToUrl("https://doodles.google/about/"): Navigate to 'https://doodles.google/about/' successfully

17-06-2024T18:35:56 - [MESSAGE][PASSED] - Navigate to 'https://doodles.google/about/' successfully

17-06-2024T18:35:56 - [TEST_STEP][PASSED] - click(findTestObject("Object Repository/Page_The Story and Evolution of Doodles - G_6e786d/p_The first Doodle was a simple out-of-offi_345e61")): Object: 'Object Repository/Page_The Story and Evolution of Doodles - G_6e786d/p_The first Doodle was a simple out-of-offi_345e61' is clicked on

17-06-2024T18:35:57 - [MESSAGE][PASSED] - Object: 'Object Repository/Page_The Story and Evolution of Doodles - G_6e786d/p_The first Doodle was a simple out-of-offi_345e61' is clicked on

17-06-2024T18:35:57 - [TEST_STEP][PASSED] - click(findTestObject("Object Repository/Page_The Story and Evolution of Doodles - G_6e786d/p_The first Doodle was a simple out-of-offi_345e61")): Object: 'Object Repository/Page_The Story and Evolution of Doodles - G_6e786d/p_The first Doodle was a simple out-of-offi_345e61' is clicked on

17-06-2024T18:35:57 - [MESSAGE][PASSED] - Object: 'Object Repository/Page_The Story and Evolution of Doodles - G_6e786d/p_The first Doodle was a simple out-of-offi_345e61' is clicked on

17-06-2024T18:35:57 - [TEST_STEP][PASSED] - verifyElementVisible(findTestObject("Object Repository/Page_The Story and Evolution of Doodles - G_6e786d/h1_The story behind Doodles")): Object 'Object Repository/Page_The Story and Evolution of Doodles - G_6e786d/h1_The story behind Doodles' is visible

17-06-2024T18:35:57 - [MESSAGE][PASSED] - Object 'Object Repository/Page_The Story and Evolution of Doodles - G_6e786d/h1_The story behind Doodles' is visible

17-06-2024T18:35:57 - [TEST_STEP][PASSED] - verifyElementVisible(findTestObject("Object Repository/Page_The Story and Evolution of Doodles - G_6e786d/p_The first Doodle was a simple out-of-offi_345e61")): Object 'Object Repository/Page_The Story and Evolution of Doodles - G_6e786d/p_The first Doodle was a simple out-of-offi_345e61' is visible

17-06-2024T18:35:58 - [MESSAGE][PASSED] - Object 'Object Repository/Page_The Story and Evolution of Doodles - G_6e786d/p_The first Doodle was a simple out-of-offi_345e61' is visible

17-06-2024T18:35:58 - [TEST_STEP][PASSED] - verifyElementVisible(findTestObject("Object Repository/Page_The Story and Evolution of Doodles - G_6e786d/h2_Weve created more than 5,000 Doodles ove_111429")): Object 'Object Repository/Page_The Story and Evolution of Doodles - G_6e786d/h2_Weve created more than 5,000 Doodles ove_111429' is visible

17-06-2024T18:35:58 - [MESSAGE][PASSED] - Object 'Object Repository/Page_The Story and Evolution of Doodles - G_6e786d/h2_Weve created more than 5,000 Doodles ove_111429' is visible

17-06-2024T18:35:58 - [TEST_STEP][PASSED] - verifyElementVisible(findTestObject("Object Repository/Page_The Story and Evolution of Doodles - G_6e786d/h1_The story behind Doodles")): Object 'Object Repository/Page_The Story and Evolution of Doodles - G_6e786d/h1_The story behind Doodles' is visible

17-06-2024T18:35:58 - [MESSAGE][PASSED] - Object 'Object Repository/Page_The Story and Evolution of Doodles - G_6e786d/h1_The story behind Doodles' is visible

17-06-2024T18:35:58 - [TEST_STEP][PASSED] - verifyElementVisible(findTestObject("Object Repository/Page_The Story and Evolution of Doodles - G_6e786d/p_The first Doodle was a simple out-of-offi_345e61")): Object 'Object Repository/Page_The Story and Evolution of Doodles - G_6e786d/p_The first Doodle was a simple out-of-offi_345e61' is visible

17-06-2024T18:35:59 - [MESSAGE][PASSED] - Object 'Object Repository/Page_The Story and Evolution of Doodles - G_6e786d/p_The first Doodle was a simple out-of-offi_345e61' is visible

17-06-2024T18:35:59 - [TEST_STEP][PASSED] - verifyElementVisible(findTestObject("Object Repository/Page_The Story and Evolution of Doodles - G_6e786d/h2_Weve created more than 5,000 Doodles ove_111429")): Object 'Object Repository/Page_The Story and Evolution of Doodles - G_6e786d/h2_Weve created more than 5,000 Doodles ove_111429' is visible

17-06-2024T18:35:59 - [MESSAGE][PASSED] - Object 'Object Repository/Page_The Story and Evolution of Doodles - G_6e786d/h2_Weve created more than 5,000 Doodles ove_111429' is visible

17-06-2024T18:35:59 - [TEST_STEP][PASSED] - click(findTestObject("Object Repository/Page_The Story and Evolution of Doodles - G_6e786d/p_The first Doodle was a simple out-of-offi_345e61")): Object: 'Object Repository/Page_The Story and Evolution of Doodles - G_6e786d/p_The first Doodle was a simple out-of-offi_345e61' is clicked on

17-06-2024T18:35:59 - [MESSAGE][PASSED] - Object: 'Object Repository/Page_The Story and Evolution of Doodles - G_6e786d/p_The first Doodle was a simple out-of-offi_345e61' is clicked on

17-06-2024T18:35:59 - [TEST_STEP][PASSED] - verifyElementVisible(findTestObject("Object Repository/Page_The Story and Evolution of Doodles - G_6e786d/h1_The story behind Doodles")): Object 'Object Repository/Page_The Story and Evolution of Doodles - G_6e786d/h1_The story behind Doodles' is visible

17-06-2024T18:36:00 - [MESSAGE][PASSED] - Object 'Object Repository/Page_The Story and Evolution of Doodles - G_6e786d/h1_The story behind Doodles' is visible

17-06-2024T18:36:00 - [TEST_STEP][PASSED] - verifyElementVisible(findTestObject("Object Repository/Page_The Story and Evolution of Doodles - G_6e786d/p_The first Doodle was a simple out-of-offi_345e61")): Object 'Object Repository/Page_The Story and Evolution of Doodles - G_6e786d/p_The first Doodle was a simple out-of-offi_345e61' is visible

17-06-2024T18:36:00 - [MESSAGE][PASSED] - Object 'Object Repository/Page_The Story and Evolution of Doodles - G_6e786d/p_The first Doodle was a simple out-of-offi_345e61' is visible

17-06-2024T18:36:00 - [TEST_STEP][PASSED] - verifyElementVisible(findTestObject("Object Repository/Page_The Story and Evolution of Doodles - G_6e786d/h2_Weve created more than 5,000 Doodles ove_111429")): Object 'Object Repository/Page_The Story and Evolution of Doodles - G_6e786d/h2_Weve created more than 5,000 Doodles ove_111429' is visible

17-06-2024T18:36:00 - [MESSAGE][PASSED] - Object 'Object Repository/Page_The Story and Evolution of Doodles - G_6e786d/h2_Weve created more than 5,000 Doodles ove_111429' is visible

17-06-2024T18:36:00 - [TEST_STEP][PASSED] - click(findTestObject("Object Repository/Page_The Story and Evolution of Doodles - G_6e786d/p_The first Doodle was a simple out-of-offi_345e61")): Object: 'Object Repository/Page_The Story and Evolution of Doodles - G_6e786d/p_The first Doodle was a simple out-of-offi_345e61' is clicked on

17-06-2024T18:36:01 - [MESSAGE][PASSED] - Object: 'Object Repository/Page_The Story and Evolution of Doodles - G_6e786d/p_The first Doodle was a simple out-of-offi_345e61' is clicked on

17-06-2024T18:36:01 - [TEST_STEP][PASSED] - verifyElementVisible(findTestObject("Object Repository/Page_The Story and Evolution of Doodles - G_6e786d/h1_The story behind Doodles")): Object 'Object Repository/Page_The Story and Evolution of Doodles - G_6e786d/h1_The story behind Doodles' is visible

17-06-2024T18:36:01 - [MESSAGE][PASSED] - Object 'Object Repository/Page_The Story and Evolution of Doodles - G_6e786d/h1_The story behind Doodles' is visible

17-06-2024T18:36:01 - [TEST_STEP][PASSED] - verifyElementVisible(findTestObject("Object Repository/Page_The Story and Evolution of Doodles - G_6e786d/p_The first Doodle was a simple out-of-offi_345e61")): Object 'Object Repository/Page_The Story and Evolution of Doodles - G_6e786d/p_The first Doodle was a simple out-of-offi_345e61' is visible

17-06-2024T18:36:01 - [MESSAGE][PASSED] - Object 'Object Repository/Page_The Story and Evolution of Doodles - G_6e786d/p_The first Doodle was a simple out-of-offi_345e61' is visible

17-06-2024T18:36:01 - [TEST_STEP][PASSED] - verifyElementVisible(findTestObject("Object Repository/Page_The Story and Evolution of Doodles - G_6e786d/h2_Weve created more than 5,000 Doodles ove_111429")): Object 'Object Repository/Page_The Story and Evolution of Doodles - G_6e786d/h2_Weve created more than 5,000 Doodles ove_111429' is visible

17-06-2024T18:36:02 - [MESSAGE][PASSED] - Object 'Object Repository/Page_The Story and Evolution of Doodles - G_6e786d/h2_Weve created more than 5,000 Doodles ove_111429' is visible

17-06-2024T18:36:02 - [TEST_STEP][PASSED] - click(findTestObject("Object Repository/Page_The Story and Evolution of Doodles - G_6e786d/p_The first Doodle was a simple out-of-offi_345e61")): Object: 'Object Repository/Page_The Story and Evolution of Doodles - G_6e786d/p_The first Doodle was a simple out-of-offi_345e61' is clicked on

17-06-2024T18:36:02 - [MESSAGE][PASSED] - Object: 'Object Repository/Page_The Story and Evolution of Doodles - G_6e786d/p_The first Doodle was a simple out-of-offi_345e61' is clicked on

17-06-2024T18:36:02 - [TEST_STEP][PASSED] - verifyElementVisible(findTestObject("Object Repository/Page_The Story and Evolution of Doodles - G_6e786d/h1_The story behind Doodles")): Object 'Object Repository/Page_The Story and Evolution of Doodles - G_6e786d/h1_The story behind Doodles' is visible

17-06-2024T18:36:02 - [MESSAGE][PASSED] - Object 'Object Repository/Page_The Story and Evolution of Doodles - G_6e786d/h1_The story behind Doodles' is visible

17-06-2024T18:36:02 - [TEST_STEP][PASSED] - verifyElementVisible(findTestObject("Object Repository/Page_The Story and Evolution of Doodles - G_6e786d/p_The first Doodle was a simple out-of-offi_345e61")): Object 'Object Repository/Page_The Story and Evolution of Doodles - G_6e786d/p_The first Doodle was a simple out-of-offi_345e61' is visible

17-06-2024T18:36:03 - [MESSAGE][PASSED] - Object 'Object Repository/Page_The Story and Evolution of Doodles - G_6e786d/p_The first Doodle was a simple out-of-offi_345e61' is visible

17-06-2024T18:36:03 - [TEST_STEP][PASSED] - verifyElementVisible(findTestObject("Object Repository/Page_The Story and Evolution of Doodles - G_6e786d/h2_Weve created more than 5,000 Doodles ove_111429")): Object 'Object Repository/Page_The Story and Evolution of Doodles - G_6e786d/h2_Weve created more than 5,000 Doodles ove_111429' is visible

17-06-2024T18:36:03 - [MESSAGE][PASSED] - Object 'Object Repository/Page_The Story and Evolution of Doodles - G_6e786d/h2_Weve created more than 5,000 Doodles ove_111429' is visible

17-06-2024T18:36:03 - [TEST_STEP][PASSED] - click(findTestObject("Object Repository/Page_The Story and Evolution of Doodles - G_6e786d/p_The first Doodle was a simple out-of-offi_345e61")): Object: 'Object Repository/Page_The Story and Evolution of Doodles - G_6e786d/p_The first Doodle was a simple out-of-offi_345e61' is clicked on

17-06-2024T18:36:03 - [MESSAGE][PASSED] - Object: 'Object Repository/Page_The Story and Evolution of Doodles - G_6e786d/p_The first Doodle was a simple out-of-offi_345e61' is clicked on

17-06-2024T18:36:03 - [TEST_STEP][PASSED] - verifyElementVisible(findTestObject("Object Repository/Page_The Story and Evolution of Doodles - G_6e786d/h1_The story behind Doodles")): Object 'Object Repository/Page_The Story and Evolution of Doodles - G_6e786d/h1_The story behind Doodles' is visible

17-06-2024T18:36:04 - [MESSAGE][PASSED] - Object 'Object Repository/Page_The Story and Evolution of Doodles - G_6e786d/h1_The story behind Doodles' is visible

17-06-2024T18:36:04 - [TEST_STEP][PASSED] - verifyElementVisible(findTestObject("Object Repository/Page_The Story and Evolution of Doodles - G_6e786d/p_The first Doodle was a simple out-of-offi_345e61")): Object 'Object Repository/Page_The Story and Evolution of Doodles - G_6e786d/p_The first Doodle was a simple out-of-offi_345e61' is visible

17-06-2024T18:36:04 - [MESSAGE][PASSED] - Object 'Object Repository/Page_The Story and Evolution of Doodles - G_6e786d/p_The first Doodle was a simple out-of-offi_345e61' is visible

17-06-2024T18:36:04 - [TEST_STEP][PASSED] - verifyElementVisible(findTestObject("Object Repository/Page_The Story and Evolution of Doodles - G_6e786d/h2_Weve created more than 5,000 Doodles ove_111429")): Object 'Object Repository/Page_The Story and Evolution of Doodles - G_6e786d/h2_Weve created more than 5,000 Doodles ove_111429' is visible

17-06-2024T18:36:04 - [MESSAGE][PASSED] - Object 'Object Repository/Page_The Story and Evolution of Doodles - G_6e786d/h2_Weve created more than 5,000 Doodles ove_111429' is visible

17-06-2024T18:36:04 - [TEST_STEP][PASSED] - click(findTestObject("Object Repository/Page_The Story and Evolution of Doodles - G_6e786d/p_The first Doodle was a simple out-of-offi_345e61")): Object: 'Object Repository/Page_The Story and Evolution of Doodles - G_6e786d/p_The first Doodle was a simple out-of-offi_345e61' is clicked on

17-06-2024T18:36:05 - [MESSAGE][PASSED] - Object: 'Object Repository/Page_The Story and Evolution of Doodles - G_6e786d/p_The first Doodle was a simple out-of-offi_345e61' is clicked on

17-06-2024T18:36:05 - [TEST_STEP][PASSED] - verifyElementVisible(findTestObject("Object Repository/Page_The Story and Evolution of Doodles - G_6e786d/h1_The story behind Doodles")): Object 'Object Repository/Page_The Story and Evolution of Doodles - G_6e786d/h1_The story behind Doodles' is visible

17-06-2024T18:36:05 - [MESSAGE][PASSED] - Object 'Object Repository/Page_The Story and Evolution of Doodles - G_6e786d/h1_The story behind Doodles' is visible

17-06-2024T18:36:05 - [TEST_STEP][PASSED] - verifyElementVisible(findTestObject("Object Repository/Page_The Story and Evolution of Doodles - G_6e786d/p_The first Doodle was a simple out-of-offi_345e61")): Object 'Object Repository/Page_The Story and Evolution of Doodles - G_6e786d/p_The first Doodle was a simple out-of-offi_345e61' is visible

17-06-2024T18:36:06 - [MESSAGE][PASSED] - Object 'Object Repository/Page_The Story and Evolution of Doodles - G_6e786d/p_The first Doodle was a simple out-of-offi_345e61' is visible

17-06-2024T18:36:06 - [TEST_STEP][PASSED] - verifyElementVisible(findTestObject("Object Repository/Page_The Story and Evolution of Doodles - G_6e786d/h2_Weve created more than 5,000 Doodles ove_111429")): Object 'Object Repository/Page_The Story and Evolution of Doodles - G_6e786d/h2_Weve created more than 5,000 Doodles ove_111429' is visible

17-06-2024T18:36:06 - [MESSAGE][PASSED] - Object 'Object Repository/Page_The Story and Evolution of Doodles - G_6e786d/h2_Weve created more than 5,000 Doodles ove_111429' is visible

17-06-2024T18:36:06 - [TEST_STEP][PASSED] - click(findTestObject("Object Repository/Page_The Story and Evolution of Doodles - G_6e786d/p_The first Doodle was a simple out-of-offi_345e61")): Object: 'Object Repository/Page_The Story and Evolution of Doodles - G_6e786d/p_The first Doodle was a simple out-of-offi_345e61' is clicked on

17-06-2024T18:36:06 - [MESSAGE][PASSED] - Object: 'Object Repository/Page_The Story and Evolution of Doodles - G_6e786d/p_The first Doodle was a simple out-of-offi_345e61' is clicked on

17-06-2024T18:36:06 - [TEST_STEP][PASSED] - verifyElementVisible(findTestObject("Object Repository/Page_The Story and Evolution of Doodles - G_6e786d/h1_The story behind Doodles")): Object 'Object Repository/Page_The Story and Evolution of Doodles - G_6e786d/h1_The story behind Doodles' is visible

17-06-2024T18:36:07 - [MESSAGE][PASSED] - Object 'Object Repository/Page_The Story and Evolution of Doodles - G_6e786d/h1_The story behind Doodles' is visible

17-06-2024T18:36:07 - [TEST_STEP][PASSED] - verifyElementVisible(findTestObject("Object Repository/Page_The Story and Evolution of Doodles - G_6e786d/p_The first Doodle was a simple out-of-offi_345e61")): Object 'Object Repository/Page_The Story and Evolution of Doodles - G_6e786d/p_The first Doodle was a simple out-of-offi_345e61' is visible

17-06-2024T18:36:07 - [MESSAGE][PASSED] - Object 'Object Repository/Page_The Story and Evolution of Doodles - G_6e786d/p_The first Doodle was a simple out-of-offi_345e61' is visible

17-06-2024T18:36:07 - [TEST_STEP][PASSED] - verifyElementVisible(findTestObject("Object Repository/Page_The Story and Evolution of Doodles - G_6e786d/h2_Weve created more than 5,000 Doodles ove_111429")): Object 'Object Repository/Page_The Story and Evolution of Doodles - G_6e786d/h2_Weve created more than 5,000 Doodles ove_111429' is visible

17-06-2024T18:36:07 - [MESSAGE][PASSED] - Object 'Object Repository/Page_The Story and Evolution of Doodles - G_6e786d/h2_Weve created more than 5,000 Doodles ove_111429' is visible

17-06-2024T18:36:07 - [TEST_STEP][PASSED] - click(findTestObject("Object Repository/Page_The Story and Evolution of Doodles - G_6e786d/p_The first Doodle was a simple out-of-offi_345e61")): Object: 'Object Repository/Page_The Story and Evolution of Doodles - G_6e786d/p_The first Doodle was a simple out-of-offi_345e61' is clicked on

17-06-2024T18:36:08 - [MESSAGE][PASSED] - Object: 'Object Repository/Page_The Story and Evolution of Doodles - G_6e786d/p_The first Doodle was a simple out-of-offi_345e61' is clicked on

17-06-2024T18:36:08 - [TEST_STEP][PASSED] - verifyElementVisible(findTestObject("Object Repository/Page_The Story and Evolution of Doodles - G_6e786d/h1_The story behind Doodles")): Object 'Object Repository/Page_The Story and Evolution of Doodles - G_6e786d/h1_The story behind Doodles' is visible

17-06-2024T18:36:08 - [MESSAGE][PASSED] - Object 'Object Repository/Page_The Story and Evolution of Doodles - G_6e786d/h1_The story behind Doodles' is visible

17-06-2024T18:36:08 - [TEST_STEP][PASSED] - verifyElementVisible(findTestObject("Object Repository/Page_The Story and Evolution of Doodles - G_6e786d/p_The first Doodle was a simple out-of-offi_345e61")): Object 'Object Repository/Page_The Story and Evolution of Doodles - G_6e786d/p_The first Doodle was a simple out-of-offi_345e61' is visible

17-06-2024T18:36:08 - [MESSAGE][PASSED] - Object 'Object Repository/Page_The Story and Evolution of Doodles - G_6e786d/p_The first Doodle was a simple out-of-offi_345e61' is visible

17-06-2024T18:36:08 - [TEST_STEP][PASSED] - verifyElementVisible(findTestObject("Object Repository/Page_The Story and Evolution of Doodles - G_6e786d/h2_Weve created more than 5,000 Doodles ove_111429")): Object 'Object Repository/Page_The Story and Evolution of Doodles - G_6e786d/h2_Weve created more than 5,000 Doodles ove_111429' is visible

17-06-2024T18:36:09 - [MESSAGE][PASSED] - Object 'Object Repository/Page_The Story and Evolution of Doodles - G_6e786d/h2_Weve created more than 5,000 Doodles ove_111429' is visible

17-06-2024T18:36:09 - [TEST_STEP][PASSED] - click(findTestObject("Object Repository/Page_The Story and Evolution of Doodles - G_6e786d/p_The first Doodle was a simple out-of-offi_345e61")): Object: 'Object Repository/Page_The Story and Evolution of Doodles - G_6e786d/p_The first Doodle was a simple out-of-offi_345e61' is clicked on

17-06-2024T18:36:09 - [MESSAGE][PASSED] - Object: 'Object Repository/Page_The Story and Evolution of Doodles - G_6e786d/p_The first Doodle was a simple out-of-offi_345e61' is clicked on

17-06-2024T18:36:09 - [TEST_STEP][PASSED] - verifyElementVisible(findTestObject("Object Repository/Page_The Story and Evolution of Doodles - G_6e786d/h1_The story behind Doodles")): Object 'Object Repository/Page_The Story and Evolution of Doodles - G_6e786d/h1_The story behind Doodles' is visible

17-06-2024T18:36:09 - [MESSAGE][PASSED] - Object 'Object Repository/Page_The Story and Evolution of Doodles - G_6e786d/h1_The story behind Doodles' is visible

17-06-2024T18:36:09 - [TEST_STEP][PASSED] - verifyElementVisible(findTestObject("Object Repository/Page_The Story and Evolution of Doodles - G_6e786d/p_The first Doodle was a simple out-of-offi_345e61")): Object 'Object Repository/Page_The Story and Evolution of Doodles - G_6e786d/p_The first Doodle was a simple out-of-offi_345e61' is visible

17-06-2024T18:36:10 - [MESSAGE][PASSED] - Object 'Object Repository/Page_The Story and Evolution of Doodles - G_6e786d/p_The first Doodle was a simple out-of-offi_345e61' is visible

17-06-2024T18:36:10 - [TEST_STEP][PASSED] - verifyElementVisible(findTestObject("Object Repository/Page_The Story and Evolution of Doodles - G_6e786d/h2_Weve created more than 5,000 Doodles ove_111429")): Object 'Object Repository/Page_The Story and Evolution of Doodles - G_6e786d/h2_Weve created more than 5,000 Doodles ove_111429' is visible

17-06-2024T18:36:10 - [MESSAGE][PASSED] - Object 'Object Repository/Page_The Story and Evolution of Doodles - G_6e786d/h2_Weve created more than 5,000 Doodles ove_111429' is visible

17-06-2024T18:36:10 - [TEST_STEP][PASSED] - click(findTestObject("Object Repository/Page_The Story and Evolution of Doodles - G_6e786d/p_The first Doodle was a simple out-of-offi_345e61")): Object: 'Object Repository/Page_The Story and Evolution of Doodles - G_6e786d/p_The first Doodle was a simple out-of-offi_345e61' is clicked on

17-06-2024T18:36:10 - [MESSAGE][PASSED] - Object: 'Object Repository/Page_The Story and Evolution of Doodles - G_6e786d/p_The first Doodle was a simple out-of-offi_345e61' is clicked on

17-06-2024T18:36:10 - [TEST_STEP][PASSED] - verifyElementVisible(findTestObject("Object Repository/Page_The Story and Evolution of Doodles - G_6e786d/h1_The story behind Doodles")): Object 'Object Repository/Page_The Story and Evolution of Doodles - G_6e786d/h1_The story behind Doodles' is visible

17-06-2024T18:36:11 - [MESSAGE][PASSED] - Object 'Object Repository/Page_The Story and Evolution of Doodles - G_6e786d/h1_The story behind Doodles' is visible

17-06-2024T18:36:11 - [TEST_STEP][PASSED] - verifyElementVisible(findTestObject("Object Repository/Page_The Story and Evolution of Doodles - G_6e786d/p_The first Doodle was a simple out-of-offi_345e61")): Object 'Object Repository/Page_The Story and Evolution of Doodles - G_6e786d/p_The first Doodle was a simple out-of-offi_345e61' is visible

17-06-2024T18:36:11 - [MESSAGE][PASSED] - Object 'Object Repository/Page_The Story and Evolution of Doodles - G_6e786d/p_The first Doodle was a simple out-of-offi_345e61' is visible

17-06-2024T18:36:11 - [TEST_STEP][PASSED] - verifyElementVisible(findTestObject("Object Repository/Page_The Story and Evolution of Doodles - G_6e786d/h2_Weve created more than 5,000 Doodles ove_111429")): Object 'Object Repository/Page_The Story and Evolution of Doodles - G_6e786d/h2_Weve created more than 5,000 Doodles ove_111429' is visible

17-06-2024T18:36:11 - [MESSAGE][PASSED] - Object 'Object Repository/Page_The Story and Evolution of Doodles - G_6e786d/h2_Weve created more than 5,000 Doodles ove_111429' is visible]]></system-out>
         <system-err><![CDATA[]]></system-err>
      </testcase>
      <testcase name="Test Cases/test case folder 1/tc1 - Copy (1) - Copy (2)" time="18.442" classname="Test Cases/test case folder 1/tc1 - Copy (1) - Copy (2)" status="PASSED">
         <system-out><![CDATA[17-06-2024T18:36:11 - [TEST_CASE][PASSED] - Test Cases/test case folder 1/tc1 - Copy (1) - Copy (2): Test Cases/test case folder 1/tc1 - Copy (1) - Copy (2)

17-06-2024T18:36:11 - [TEST_STEP][PASSED] - openBrowser(""): Browser is opened with url: ''

17-06-2024T18:36:11 - [MESSAGE][WARNING] - A browser is already opened. Closing browser and opening a new one

17-06-2024T18:36:12 - [MESSAGE][INFO] - Starting 'Chrome (headless)' driver

17-06-2024T18:36:12 - [MESSAGE][INFO] - Action delay is set to 0 milliseconds

17-06-2024T18:36:13 - [MESSAGE][PASSED] - Browser is opened with url: ''

17-06-2024T18:36:13 - [TEST_STEP][PASSED] - navigateToUrl("https://doodles.google/about/"): Navigate to 'https://doodles.google/about/' successfully

17-06-2024T18:36:15 - [MESSAGE][PASSED] - Navigate to 'https://doodles.google/about/' successfully

17-06-2024T18:36:15 - [TEST_STEP][PASSED] - click(findTestObject("Object Repository/Page_The Story and Evolution of Doodles - G_6e786d/p_The first Doodle was a simple out-of-offi_345e61")): Object: 'Object Repository/Page_The Story and Evolution of Doodles - G_6e786d/p_The first Doodle was a simple out-of-offi_345e61' is clicked on

17-06-2024T18:36:15 - [MESSAGE][PASSED] - Object: 'Object Repository/Page_The Story and Evolution of Doodles - G_6e786d/p_The first Doodle was a simple out-of-offi_345e61' is clicked on

17-06-2024T18:36:15 - [TEST_STEP][PASSED] - click(findTestObject("Object Repository/Page_The Story and Evolution of Doodles - G_6e786d/p_The first Doodle was a simple out-of-offi_345e61")): Object: 'Object Repository/Page_The Story and Evolution of Doodles - G_6e786d/p_The first Doodle was a simple out-of-offi_345e61' is clicked on

17-06-2024T18:36:15 - [MESSAGE][PASSED] - Object: 'Object Repository/Page_The Story and Evolution of Doodles - G_6e786d/p_The first Doodle was a simple out-of-offi_345e61' is clicked on

17-06-2024T18:36:15 - [TEST_STEP][PASSED] - verifyElementVisible(findTestObject("Object Repository/Page_The Story and Evolution of Doodles - G_6e786d/h1_The story behind Doodles")): Object 'Object Repository/Page_The Story and Evolution of Doodles - G_6e786d/h1_The story behind Doodles' is visible

17-06-2024T18:36:16 - [MESSAGE][PASSED] - Object 'Object Repository/Page_The Story and Evolution of Doodles - G_6e786d/h1_The story behind Doodles' is visible

17-06-2024T18:36:16 - [TEST_STEP][PASSED] - verifyElementVisible(findTestObject("Object Repository/Page_The Story and Evolution of Doodles - G_6e786d/p_The first Doodle was a simple out-of-offi_345e61")): Object 'Object Repository/Page_The Story and Evolution of Doodles - G_6e786d/p_The first Doodle was a simple out-of-offi_345e61' is visible

17-06-2024T18:36:16 - [MESSAGE][PASSED] - Object 'Object Repository/Page_The Story and Evolution of Doodles - G_6e786d/p_The first Doodle was a simple out-of-offi_345e61' is visible

17-06-2024T18:36:16 - [TEST_STEP][PASSED] - verifyElementVisible(findTestObject("Object Repository/Page_The Story and Evolution of Doodles - G_6e786d/h2_Weve created more than 5,000 Doodles ove_111429")): Object 'Object Repository/Page_The Story and Evolution of Doodles - G_6e786d/h2_Weve created more than 5,000 Doodles ove_111429' is visible

17-06-2024T18:36:17 - [MESSAGE][PASSED] - Object 'Object Repository/Page_The Story and Evolution of Doodles - G_6e786d/h2_Weve created more than 5,000 Doodles ove_111429' is visible

17-06-2024T18:36:17 - [TEST_STEP][PASSED] - verifyElementVisible(findTestObject("Object Repository/Page_The Story and Evolution of Doodles - G_6e786d/h1_The story behind Doodles")): Object 'Object Repository/Page_The Story and Evolution of Doodles - G_6e786d/h1_The story behind Doodles' is visible

17-06-2024T18:36:17 - [MESSAGE][PASSED] - Object 'Object Repository/Page_The Story and Evolution of Doodles - G_6e786d/h1_The story behind Doodles' is visible

17-06-2024T18:36:17 - [TEST_STEP][PASSED] - verifyElementVisible(findTestObject("Object Repository/Page_The Story and Evolution of Doodles - G_6e786d/p_The first Doodle was a simple out-of-offi_345e61")): Object 'Object Repository/Page_The Story and Evolution of Doodles - G_6e786d/p_The first Doodle was a simple out-of-offi_345e61' is visible

17-06-2024T18:36:17 - [MESSAGE][PASSED] - Object 'Object Repository/Page_The Story and Evolution of Doodles - G_6e786d/p_The first Doodle was a simple out-of-offi_345e61' is visible

17-06-2024T18:36:17 - [TEST_STEP][PASSED] - verifyElementVisible(findTestObject("Object Repository/Page_The Story and Evolution of Doodles - G_6e786d/h2_Weve created more than 5,000 Doodles ove_111429")): Object 'Object Repository/Page_The Story and Evolution of Doodles - G_6e786d/h2_Weve created more than 5,000 Doodles ove_111429' is visible

17-06-2024T18:36:18 - [MESSAGE][PASSED] - Object 'Object Repository/Page_The Story and Evolution of Doodles - G_6e786d/h2_Weve created more than 5,000 Doodles ove_111429' is visible

17-06-2024T18:36:18 - [TEST_STEP][PASSED] - click(findTestObject("Object Repository/Page_The Story and Evolution of Doodles - G_6e786d/p_The first Doodle was a simple out-of-offi_345e61")): Object: 'Object Repository/Page_The Story and Evolution of Doodles - G_6e786d/p_The first Doodle was a simple out-of-offi_345e61' is clicked on

17-06-2024T18:36:18 - [MESSAGE][PASSED] - Object: 'Object Repository/Page_The Story and Evolution of Doodles - G_6e786d/p_The first Doodle was a simple out-of-offi_345e61' is clicked on

17-06-2024T18:36:18 - [TEST_STEP][PASSED] - verifyElementVisible(findTestObject("Object Repository/Page_The Story and Evolution of Doodles - G_6e786d/h1_The story behind Doodles")): Object 'Object Repository/Page_The Story and Evolution of Doodles - G_6e786d/h1_The story behind Doodles' is visible

17-06-2024T18:36:18 - [MESSAGE][PASSED] - Object 'Object Repository/Page_The Story and Evolution of Doodles - G_6e786d/h1_The story behind Doodles' is visible

17-06-2024T18:36:18 - [TEST_STEP][PASSED] - verifyElementVisible(findTestObject("Object Repository/Page_The Story and Evolution of Doodles - G_6e786d/p_The first Doodle was a simple out-of-offi_345e61")): Object 'Object Repository/Page_The Story and Evolution of Doodles - G_6e786d/p_The first Doodle was a simple out-of-offi_345e61' is visible

17-06-2024T18:36:19 - [MESSAGE][PASSED] - Object 'Object Repository/Page_The Story and Evolution of Doodles - G_6e786d/p_The first Doodle was a simple out-of-offi_345e61' is visible

17-06-2024T18:36:19 - [TEST_STEP][PASSED] - verifyElementVisible(findTestObject("Object Repository/Page_The Story and Evolution of Doodles - G_6e786d/h2_Weve created more than 5,000 Doodles ove_111429")): Object 'Object Repository/Page_The Story and Evolution of Doodles - G_6e786d/h2_Weve created more than 5,000 Doodles ove_111429' is visible

17-06-2024T18:36:19 - [MESSAGE][PASSED] - Object 'Object Repository/Page_The Story and Evolution of Doodles - G_6e786d/h2_Weve created more than 5,000 Doodles ove_111429' is visible

17-06-2024T18:36:19 - [TEST_STEP][PASSED] - click(findTestObject("Object Repository/Page_The Story and Evolution of Doodles - G_6e786d/p_The first Doodle was a simple out-of-offi_345e61")): Object: 'Object Repository/Page_The Story and Evolution of Doodles - G_6e786d/p_The first Doodle was a simple out-of-offi_345e61' is clicked on

17-06-2024T18:36:19 - [MESSAGE][PASSED] - Object: 'Object Repository/Page_The Story and Evolution of Doodles - G_6e786d/p_The first Doodle was a simple out-of-offi_345e61' is clicked on

17-06-2024T18:36:19 - [TEST_STEP][PASSED] - verifyElementVisible(findTestObject("Object Repository/Page_The Story and Evolution of Doodles - G_6e786d/h1_The story behind Doodles")): Object 'Object Repository/Page_The Story and Evolution of Doodles - G_6e786d/h1_The story behind Doodles' is visible

17-06-2024T18:36:20 - [MESSAGE][PASSED] - Object 'Object Repository/Page_The Story and Evolution of Doodles - G_6e786d/h1_The story behind Doodles' is visible

17-06-2024T18:36:20 - [TEST_STEP][PASSED] - verifyElementVisible(findTestObject("Object Repository/Page_The Story and Evolution of Doodles - G_6e786d/p_The first Doodle was a simple out-of-offi_345e61")): Object 'Object Repository/Page_The Story and Evolution of Doodles - G_6e786d/p_The first Doodle was a simple out-of-offi_345e61' is visible

17-06-2024T18:36:20 - [MESSAGE][PASSED] - Object 'Object Repository/Page_The Story and Evolution of Doodles - G_6e786d/p_The first Doodle was a simple out-of-offi_345e61' is visible

17-06-2024T18:36:20 - [TEST_STEP][PASSED] - verifyElementVisible(findTestObject("Object Repository/Page_The Story and Evolution of Doodles - G_6e786d/h2_Weve created more than 5,000 Doodles ove_111429")): Object 'Object Repository/Page_The Story and Evolution of Doodles - G_6e786d/h2_Weve created more than 5,000 Doodles ove_111429' is visible

17-06-2024T18:36:20 - [MESSAGE][PASSED] - Object 'Object Repository/Page_The Story and Evolution of Doodles - G_6e786d/h2_Weve created more than 5,000 Doodles ove_111429' is visible

17-06-2024T18:36:20 - [TEST_STEP][PASSED] - click(findTestObject("Object Repository/Page_The Story and Evolution of Doodles - G_6e786d/p_The first Doodle was a simple out-of-offi_345e61")): Object: 'Object Repository/Page_The Story and Evolution of Doodles - G_6e786d/p_The first Doodle was a simple out-of-offi_345e61' is clicked on

17-06-2024T18:36:21 - [MESSAGE][PASSED] - Object: 'Object Repository/Page_The Story and Evolution of Doodles - G_6e786d/p_The first Doodle was a simple out-of-offi_345e61' is clicked on

17-06-2024T18:36:21 - [TEST_STEP][PASSED] - verifyElementVisible(findTestObject("Object Repository/Page_The Story and Evolution of Doodles - G_6e786d/h1_The story behind Doodles")): Object 'Object Repository/Page_The Story and Evolution of Doodles - G_6e786d/h1_The story behind Doodles' is visible

17-06-2024T18:36:21 - [MESSAGE][PASSED] - Object 'Object Repository/Page_The Story and Evolution of Doodles - G_6e786d/h1_The story behind Doodles' is visible

17-06-2024T18:36:21 - [TEST_STEP][PASSED] - verifyElementVisible(findTestObject("Object Repository/Page_The Story and Evolution of Doodles - G_6e786d/p_The first Doodle was a simple out-of-offi_345e61")): Object 'Object Repository/Page_The Story and Evolution of Doodles - G_6e786d/p_The first Doodle was a simple out-of-offi_345e61' is visible

17-06-2024T18:36:21 - [MESSAGE][PASSED] - Object 'Object Repository/Page_The Story and Evolution of Doodles - G_6e786d/p_The first Doodle was a simple out-of-offi_345e61' is visible

17-06-2024T18:36:21 - [TEST_STEP][PASSED] - verifyElementVisible(findTestObject("Object Repository/Page_The Story and Evolution of Doodles - G_6e786d/h2_Weve created more than 5,000 Doodles ove_111429")): Object 'Object Repository/Page_The Story and Evolution of Doodles - G_6e786d/h2_Weve created more than 5,000 Doodles ove_111429' is visible

17-06-2024T18:36:22 - [MESSAGE][PASSED] - Object 'Object Repository/Page_The Story and Evolution of Doodles - G_6e786d/h2_Weve created more than 5,000 Doodles ove_111429' is visible

17-06-2024T18:36:22 - [TEST_STEP][PASSED] - click(findTestObject("Object Repository/Page_The Story and Evolution of Doodles - G_6e786d/p_The first Doodle was a simple out-of-offi_345e61")): Object: 'Object Repository/Page_The Story and Evolution of Doodles - G_6e786d/p_The first Doodle was a simple out-of-offi_345e61' is clicked on

17-06-2024T18:36:22 - [MESSAGE][PASSED] - Object: 'Object Repository/Page_The Story and Evolution of Doodles - G_6e786d/p_The first Doodle was a simple out-of-offi_345e61' is clicked on

17-06-2024T18:36:22 - [TEST_STEP][PASSED] - verifyElementVisible(findTestObject("Object Repository/Page_The Story and Evolution of Doodles - G_6e786d/h1_The story behind Doodles")): Object 'Object Repository/Page_The Story and Evolution of Doodles - G_6e786d/h1_The story behind Doodles' is visible

17-06-2024T18:36:22 - [MESSAGE][PASSED] - Object 'Object Repository/Page_The Story and Evolution of Doodles - G_6e786d/h1_The story behind Doodles' is visible

17-06-2024T18:36:22 - [TEST_STEP][PASSED] - verifyElementVisible(findTestObject("Object Repository/Page_The Story and Evolution of Doodles - G_6e786d/p_The first Doodle was a simple out-of-offi_345e61")): Object 'Object Repository/Page_The Story and Evolution of Doodles - G_6e786d/p_The first Doodle was a simple out-of-offi_345e61' is visible

17-06-2024T18:36:23 - [MESSAGE][PASSED] - Object 'Object Repository/Page_The Story and Evolution of Doodles - G_6e786d/p_The first Doodle was a simple out-of-offi_345e61' is visible

17-06-2024T18:36:23 - [TEST_STEP][PASSED] - verifyElementVisible(findTestObject("Object Repository/Page_The Story and Evolution of Doodles - G_6e786d/h2_Weve created more than 5,000 Doodles ove_111429")): Object 'Object Repository/Page_The Story and Evolution of Doodles - G_6e786d/h2_Weve created more than 5,000 Doodles ove_111429' is visible

17-06-2024T18:36:23 - [MESSAGE][PASSED] - Object 'Object Repository/Page_The Story and Evolution of Doodles - G_6e786d/h2_Weve created more than 5,000 Doodles ove_111429' is visible

17-06-2024T18:36:23 - [TEST_STEP][PASSED] - click(findTestObject("Object Repository/Page_The Story and Evolution of Doodles - G_6e786d/p_The first Doodle was a simple out-of-offi_345e61")): Object: 'Object Repository/Page_The Story and Evolution of Doodles - G_6e786d/p_The first Doodle was a simple out-of-offi_345e61' is clicked on

17-06-2024T18:36:23 - [MESSAGE][PASSED] - Object: 'Object Repository/Page_The Story and Evolution of Doodles - G_6e786d/p_The first Doodle was a simple out-of-offi_345e61' is clicked on

17-06-2024T18:36:23 - [TEST_STEP][PASSED] - verifyElementVisible(findTestObject("Object Repository/Page_The Story and Evolution of Doodles - G_6e786d/h1_The story behind Doodles")): Object 'Object Repository/Page_The Story and Evolution of Doodles - G_6e786d/h1_The story behind Doodles' is visible

17-06-2024T18:36:24 - [MESSAGE][PASSED] - Object 'Object Repository/Page_The Story and Evolution of Doodles - G_6e786d/h1_The story behind Doodles' is visible

17-06-2024T18:36:24 - [TEST_STEP][PASSED] - verifyElementVisible(findTestObject("Object Repository/Page_The Story and Evolution of Doodles - G_6e786d/p_The first Doodle was a simple out-of-offi_345e61")): Object 'Object Repository/Page_The Story and Evolution of Doodles - G_6e786d/p_The first Doodle was a simple out-of-offi_345e61' is visible

17-06-2024T18:36:24 - [MESSAGE][PASSED] - Object 'Object Repository/Page_The Story and Evolution of Doodles - G_6e786d/p_The first Doodle was a simple out-of-offi_345e61' is visible

17-06-2024T18:36:24 - [TEST_STEP][PASSED] - verifyElementVisible(findTestObject("Object Repository/Page_The Story and Evolution of Doodles - G_6e786d/h2_Weve created more than 5,000 Doodles ove_111429")): Object 'Object Repository/Page_The Story and Evolution of Doodles - G_6e786d/h2_Weve created more than 5,000 Doodles ove_111429' is visible

17-06-2024T18:36:24 - [MESSAGE][PASSED] - Object 'Object Repository/Page_The Story and Evolution of Doodles - G_6e786d/h2_Weve created more than 5,000 Doodles ove_111429' is visible

17-06-2024T18:36:24 - [TEST_STEP][PASSED] - click(findTestObject("Object Repository/Page_The Story and Evolution of Doodles - G_6e786d/p_The first Doodle was a simple out-of-offi_345e61")): Object: 'Object Repository/Page_The Story and Evolution of Doodles - G_6e786d/p_The first Doodle was a simple out-of-offi_345e61' is clicked on

17-06-2024T18:36:25 - [MESSAGE][PASSED] - Object: 'Object Repository/Page_The Story and Evolution of Doodles - G_6e786d/p_The first Doodle was a simple out-of-offi_345e61' is clicked on

17-06-2024T18:36:25 - [TEST_STEP][PASSED] - verifyElementVisible(findTestObject("Object Repository/Page_The Story and Evolution of Doodles - G_6e786d/h1_The story behind Doodles")): Object 'Object Repository/Page_The Story and Evolution of Doodles - G_6e786d/h1_The story behind Doodles' is visible

17-06-2024T18:36:25 - [MESSAGE][PASSED] - Object 'Object Repository/Page_The Story and Evolution of Doodles - G_6e786d/h1_The story behind Doodles' is visible

17-06-2024T18:36:25 - [TEST_STEP][PASSED] - verifyElementVisible(findTestObject("Object Repository/Page_The Story and Evolution of Doodles - G_6e786d/p_The first Doodle was a simple out-of-offi_345e61")): Object 'Object Repository/Page_The Story and Evolution of Doodles - G_6e786d/p_The first Doodle was a simple out-of-offi_345e61' is visible

17-06-2024T18:36:25 - [MESSAGE][PASSED] - Object 'Object Repository/Page_The Story and Evolution of Doodles - G_6e786d/p_The first Doodle was a simple out-of-offi_345e61' is visible

17-06-2024T18:36:25 - [TEST_STEP][PASSED] - verifyElementVisible(findTestObject("Object Repository/Page_The Story and Evolution of Doodles - G_6e786d/h2_Weve created more than 5,000 Doodles ove_111429")): Object 'Object Repository/Page_The Story and Evolution of Doodles - G_6e786d/h2_Weve created more than 5,000 Doodles ove_111429' is visible

17-06-2024T18:36:26 - [MESSAGE][PASSED] - Object 'Object Repository/Page_The Story and Evolution of Doodles - G_6e786d/h2_Weve created more than 5,000 Doodles ove_111429' is visible

17-06-2024T18:36:26 - [TEST_STEP][PASSED] - click(findTestObject("Object Repository/Page_The Story and Evolution of Doodles - G_6e786d/p_The first Doodle was a simple out-of-offi_345e61")): Object: 'Object Repository/Page_The Story and Evolution of Doodles - G_6e786d/p_The first Doodle was a simple out-of-offi_345e61' is clicked on

17-06-2024T18:36:26 - [MESSAGE][PASSED] - Object: 'Object Repository/Page_The Story and Evolution of Doodles - G_6e786d/p_The first Doodle was a simple out-of-offi_345e61' is clicked on

17-06-2024T18:36:26 - [TEST_STEP][PASSED] - verifyElementVisible(findTestObject("Object Repository/Page_The Story and Evolution of Doodles - G_6e786d/h1_The story behind Doodles")): Object 'Object Repository/Page_The Story and Evolution of Doodles - G_6e786d/h1_The story behind Doodles' is visible

17-06-2024T18:36:26 - [MESSAGE][PASSED] - Object 'Object Repository/Page_The Story and Evolution of Doodles - G_6e786d/h1_The story behind Doodles' is visible

17-06-2024T18:36:26 - [TEST_STEP][PASSED] - verifyElementVisible(findTestObject("Object Repository/Page_The Story and Evolution of Doodles - G_6e786d/p_The first Doodle was a simple out-of-offi_345e61")): Object 'Object Repository/Page_The Story and Evolution of Doodles - G_6e786d/p_The first Doodle was a simple out-of-offi_345e61' is visible

17-06-2024T18:36:27 - [MESSAGE][PASSED] - Object 'Object Repository/Page_The Story and Evolution of Doodles - G_6e786d/p_The first Doodle was a simple out-of-offi_345e61' is visible

17-06-2024T18:36:27 - [TEST_STEP][PASSED] - verifyElementVisible(findTestObject("Object Repository/Page_The Story and Evolution of Doodles - G_6e786d/h2_Weve created more than 5,000 Doodles ove_111429")): Object 'Object Repository/Page_The Story and Evolution of Doodles - G_6e786d/h2_Weve created more than 5,000 Doodles ove_111429' is visible

17-06-2024T18:36:27 - [MESSAGE][PASSED] - Object 'Object Repository/Page_The Story and Evolution of Doodles - G_6e786d/h2_Weve created more than 5,000 Doodles ove_111429' is visible

17-06-2024T18:36:27 - [TEST_STEP][PASSED] - click(findTestObject("Object Repository/Page_The Story and Evolution of Doodles - G_6e786d/p_The first Doodle was a simple out-of-offi_345e61")): Object: 'Object Repository/Page_The Story and Evolution of Doodles - G_6e786d/p_The first Doodle was a simple out-of-offi_345e61' is clicked on

17-06-2024T18:36:27 - [MESSAGE][PASSED] - Object: 'Object Repository/Page_The Story and Evolution of Doodles - G_6e786d/p_The first Doodle was a simple out-of-offi_345e61' is clicked on

17-06-2024T18:36:27 - [TEST_STEP][PASSED] - verifyElementVisible(findTestObject("Object Repository/Page_The Story and Evolution of Doodles - G_6e786d/h1_The story behind Doodles")): Object 'Object Repository/Page_The Story and Evolution of Doodles - G_6e786d/h1_The story behind Doodles' is visible

17-06-2024T18:36:28 - [MESSAGE][PASSED] - Object 'Object Repository/Page_The Story and Evolution of Doodles - G_6e786d/h1_The story behind Doodles' is visible

17-06-2024T18:36:28 - [TEST_STEP][PASSED] - verifyElementVisible(findTestObject("Object Repository/Page_The Story and Evolution of Doodles - G_6e786d/p_The first Doodle was a simple out-of-offi_345e61")): Object 'Object Repository/Page_The Story and Evolution of Doodles - G_6e786d/p_The first Doodle was a simple out-of-offi_345e61' is visible

17-06-2024T18:36:28 - [MESSAGE][PASSED] - Object 'Object Repository/Page_The Story and Evolution of Doodles - G_6e786d/p_The first Doodle was a simple out-of-offi_345e61' is visible

17-06-2024T18:36:28 - [TEST_STEP][PASSED] - verifyElementVisible(findTestObject("Object Repository/Page_The Story and Evolution of Doodles - G_6e786d/h2_Weve created more than 5,000 Doodles ove_111429")): Object 'Object Repository/Page_The Story and Evolution of Doodles - G_6e786d/h2_Weve created more than 5,000 Doodles ove_111429' is visible

17-06-2024T18:36:28 - [MESSAGE][PASSED] - Object 'Object Repository/Page_The Story and Evolution of Doodles - G_6e786d/h2_Weve created more than 5,000 Doodles ove_111429' is visible

17-06-2024T18:36:28 - [TEST_STEP][PASSED] - click(findTestObject("Object Repository/Page_The Story and Evolution of Doodles - G_6e786d/p_The first Doodle was a simple out-of-offi_345e61")): Object: 'Object Repository/Page_The Story and Evolution of Doodles - G_6e786d/p_The first Doodle was a simple out-of-offi_345e61' is clicked on

17-06-2024T18:36:29 - [MESSAGE][PASSED] - Object: 'Object Repository/Page_The Story and Evolution of Doodles - G_6e786d/p_The first Doodle was a simple out-of-offi_345e61' is clicked on

17-06-2024T18:36:29 - [TEST_STEP][PASSED] - verifyElementVisible(findTestObject("Object Repository/Page_The Story and Evolution of Doodles - G_6e786d/h1_The story behind Doodles")): Object 'Object Repository/Page_The Story and Evolution of Doodles - G_6e786d/h1_The story behind Doodles' is visible

17-06-2024T18:36:29 - [MESSAGE][PASSED] - Object 'Object Repository/Page_The Story and Evolution of Doodles - G_6e786d/h1_The story behind Doodles' is visible

17-06-2024T18:36:29 - [TEST_STEP][PASSED] - verifyElementVisible(findTestObject("Object Repository/Page_The Story and Evolution of Doodles - G_6e786d/p_The first Doodle was a simple out-of-offi_345e61")): Object 'Object Repository/Page_The Story and Evolution of Doodles - G_6e786d/p_The first Doodle was a simple out-of-offi_345e61' is visible

17-06-2024T18:36:29 - [MESSAGE][PASSED] - Object 'Object Repository/Page_The Story and Evolution of Doodles - G_6e786d/p_The first Doodle was a simple out-of-offi_345e61' is visible

17-06-2024T18:36:29 - [TEST_STEP][PASSED] - verifyElementVisible(findTestObject("Object Repository/Page_The Story and Evolution of Doodles - G_6e786d/h2_Weve created more than 5,000 Doodles ove_111429")): Object 'Object Repository/Page_The Story and Evolution of Doodles - G_6e786d/h2_Weve created more than 5,000 Doodles ove_111429' is visible

17-06-2024T18:36:30 - [MESSAGE][PASSED] - Object 'Object Repository/Page_The Story and Evolution of Doodles - G_6e786d/h2_Weve created more than 5,000 Doodles ove_111429' is visible]]></system-out>
         <system-err><![CDATA[]]></system-err>
      </testcase>
      <testcase name="Test Cases/test case folder 1/tc1 - Copy (1) - Copy (3)" time="19.114" classname="Test Cases/test case folder 1/tc1 - Copy (1) - Copy (3)" status="PASSED">
         <system-out><![CDATA[17-06-2024T18:36:30 - [TEST_CASE][PASSED] - Test Cases/test case folder 1/tc1 - Copy (1) - Copy (3): Test Cases/test case folder 1/tc1 - Copy (1) - Copy (3)

17-06-2024T18:36:30 - [TEST_STEP][PASSED] - openBrowser(""): Browser is opened with url: ''

17-06-2024T18:36:30 - [MESSAGE][WARNING] - A browser is already opened. Closing browser and opening a new one

17-06-2024T18:36:30 - [MESSAGE][INFO] - Starting 'Chrome (headless)' driver

17-06-2024T18:36:30 - [MESSAGE][INFO] - Action delay is set to 0 milliseconds

17-06-2024T18:36:31 - [MESSAGE][PASSED] - Browser is opened with url: ''

17-06-2024T18:36:31 - [TEST_STEP][PASSED] - navigateToUrl("https://doodles.google/about/"): Navigate to 'https://doodles.google/about/' successfully

17-06-2024T18:36:34 - [MESSAGE][PASSED] - Navigate to 'https://doodles.google/about/' successfully

17-06-2024T18:36:34 - [TEST_STEP][PASSED] - click(findTestObject("Object Repository/Page_The Story and Evolution of Doodles - G_6e786d/p_The first Doodle was a simple out-of-offi_345e61")): Object: 'Object Repository/Page_The Story and Evolution of Doodles - G_6e786d/p_The first Doodle was a simple out-of-offi_345e61' is clicked on

17-06-2024T18:36:34 - [MESSAGE][PASSED] - Object: 'Object Repository/Page_The Story and Evolution of Doodles - G_6e786d/p_The first Doodle was a simple out-of-offi_345e61' is clicked on

17-06-2024T18:36:34 - [TEST_STEP][PASSED] - click(findTestObject("Object Repository/Page_The Story and Evolution of Doodles - G_6e786d/p_The first Doodle was a simple out-of-offi_345e61")): Object: 'Object Repository/Page_The Story and Evolution of Doodles - G_6e786d/p_The first Doodle was a simple out-of-offi_345e61' is clicked on

17-06-2024T18:36:35 - [MESSAGE][PASSED] - Object: 'Object Repository/Page_The Story and Evolution of Doodles - G_6e786d/p_The first Doodle was a simple out-of-offi_345e61' is clicked on

17-06-2024T18:36:35 - [TEST_STEP][PASSED] - verifyElementVisible(findTestObject("Object Repository/Page_The Story and Evolution of Doodles - G_6e786d/h1_The story behind Doodles")): Object 'Object Repository/Page_The Story and Evolution of Doodles - G_6e786d/h1_The story behind Doodles' is visible

17-06-2024T18:36:35 - [MESSAGE][PASSED] - Object 'Object Repository/Page_The Story and Evolution of Doodles - G_6e786d/h1_The story behind Doodles' is visible

17-06-2024T18:36:35 - [TEST_STEP][PASSED] - verifyElementVisible(findTestObject("Object Repository/Page_The Story and Evolution of Doodles - G_6e786d/p_The first Doodle was a simple out-of-offi_345e61")): Object 'Object Repository/Page_The Story and Evolution of Doodles - G_6e786d/p_The first Doodle was a simple out-of-offi_345e61' is visible

17-06-2024T18:36:36 - [MESSAGE][PASSED] - Object 'Object Repository/Page_The Story and Evolution of Doodles - G_6e786d/p_The first Doodle was a simple out-of-offi_345e61' is visible

17-06-2024T18:36:36 - [TEST_STEP][PASSED] - verifyElementVisible(findTestObject("Object Repository/Page_The Story and Evolution of Doodles - G_6e786d/h2_Weve created more than 5,000 Doodles ove_111429")): Object 'Object Repository/Page_The Story and Evolution of Doodles - G_6e786d/h2_Weve created more than 5,000 Doodles ove_111429' is visible

17-06-2024T18:36:36 - [MESSAGE][PASSED] - Object 'Object Repository/Page_The Story and Evolution of Doodles - G_6e786d/h2_Weve created more than 5,000 Doodles ove_111429' is visible

17-06-2024T18:36:36 - [TEST_STEP][PASSED] - verifyElementVisible(findTestObject("Object Repository/Page_The Story and Evolution of Doodles - G_6e786d/h1_The story behind Doodles")): Object 'Object Repository/Page_The Story and Evolution of Doodles - G_6e786d/h1_The story behind Doodles' is visible

17-06-2024T18:36:36 - [MESSAGE][PASSED] - Object 'Object Repository/Page_The Story and Evolution of Doodles - G_6e786d/h1_The story behind Doodles' is visible

17-06-2024T18:36:36 - [TEST_STEP][PASSED] - verifyElementVisible(findTestObject("Object Repository/Page_The Story and Evolution of Doodles - G_6e786d/p_The first Doodle was a simple out-of-offi_345e61")): Object 'Object Repository/Page_The Story and Evolution of Doodles - G_6e786d/p_The first Doodle was a simple out-of-offi_345e61' is visible

17-06-2024T18:36:36 - [MESSAGE][PASSED] - Object 'Object Repository/Page_The Story and Evolution of Doodles - G_6e786d/p_The first Doodle was a simple out-of-offi_345e61' is visible

17-06-2024T18:36:36 - [TEST_STEP][PASSED] - verifyElementVisible(findTestObject("Object Repository/Page_The Story and Evolution of Doodles - G_6e786d/h2_Weve created more than 5,000 Doodles ove_111429")): Object 'Object Repository/Page_The Story and Evolution of Doodles - G_6e786d/h2_Weve created more than 5,000 Doodles ove_111429' is visible

17-06-2024T18:36:37 - [MESSAGE][PASSED] - Object 'Object Repository/Page_The Story and Evolution of Doodles - G_6e786d/h2_Weve created more than 5,000 Doodles ove_111429' is visible

17-06-2024T18:36:37 - [TEST_STEP][PASSED] - click(findTestObject("Object Repository/Page_The Story and Evolution of Doodles - G_6e786d/p_The first Doodle was a simple out-of-offi_345e61")): Object: 'Object Repository/Page_The Story and Evolution of Doodles - G_6e786d/p_The first Doodle was a simple out-of-offi_345e61' is clicked on

17-06-2024T18:36:37 - [MESSAGE][PASSED] - Object: 'Object Repository/Page_The Story and Evolution of Doodles - G_6e786d/p_The first Doodle was a simple out-of-offi_345e61' is clicked on

17-06-2024T18:36:37 - [TEST_STEP][PASSED] - verifyElementVisible(findTestObject("Object Repository/Page_The Story and Evolution of Doodles - G_6e786d/h1_The story behind Doodles")): Object 'Object Repository/Page_The Story and Evolution of Doodles - G_6e786d/h1_The story behind Doodles' is visible

17-06-2024T18:36:38 - [MESSAGE][PASSED] - Object 'Object Repository/Page_The Story and Evolution of Doodles - G_6e786d/h1_The story behind Doodles' is visible

17-06-2024T18:36:38 - [TEST_STEP][PASSED] - verifyElementVisible(findTestObject("Object Repository/Page_The Story and Evolution of Doodles - G_6e786d/p_The first Doodle was a simple out-of-offi_345e61")): Object 'Object Repository/Page_The Story and Evolution of Doodles - G_6e786d/p_The first Doodle was a simple out-of-offi_345e61' is visible

17-06-2024T18:36:38 - [MESSAGE][PASSED] - Object 'Object Repository/Page_The Story and Evolution of Doodles - G_6e786d/p_The first Doodle was a simple out-of-offi_345e61' is visible

17-06-2024T18:36:38 - [TEST_STEP][PASSED] - verifyElementVisible(findTestObject("Object Repository/Page_The Story and Evolution of Doodles - G_6e786d/h2_Weve created more than 5,000 Doodles ove_111429")): Object 'Object Repository/Page_The Story and Evolution of Doodles - G_6e786d/h2_Weve created more than 5,000 Doodles ove_111429' is visible

17-06-2024T18:36:38 - [MESSAGE][PASSED] - Object 'Object Repository/Page_The Story and Evolution of Doodles - G_6e786d/h2_Weve created more than 5,000 Doodles ove_111429' is visible

17-06-2024T18:36:38 - [TEST_STEP][PASSED] - click(findTestObject("Object Repository/Page_The Story and Evolution of Doodles - G_6e786d/p_The first Doodle was a simple out-of-offi_345e61")): Object: 'Object Repository/Page_The Story and Evolution of Doodles - G_6e786d/p_The first Doodle was a simple out-of-offi_345e61' is clicked on

17-06-2024T18:36:39 - [MESSAGE][PASSED] - Object: 'Object Repository/Page_The Story and Evolution of Doodles - G_6e786d/p_The first Doodle was a simple out-of-offi_345e61' is clicked on

17-06-2024T18:36:39 - [TEST_STEP][PASSED] - verifyElementVisible(findTestObject("Object Repository/Page_The Story and Evolution of Doodles - G_6e786d/h1_The story behind Doodles")): Object 'Object Repository/Page_The Story and Evolution of Doodles - G_6e786d/h1_The story behind Doodles' is visible

17-06-2024T18:36:39 - [MESSAGE][PASSED] - Object 'Object Repository/Page_The Story and Evolution of Doodles - G_6e786d/h1_The story behind Doodles' is visible

17-06-2024T18:36:39 - [TEST_STEP][PASSED] - verifyElementVisible(findTestObject("Object Repository/Page_The Story and Evolution of Doodles - G_6e786d/p_The first Doodle was a simple out-of-offi_345e61")): Object 'Object Repository/Page_The Story and Evolution of Doodles - G_6e786d/p_The first Doodle was a simple out-of-offi_345e61' is visible

17-06-2024T18:36:39 - [MESSAGE][PASSED] - Object 'Object Repository/Page_The Story and Evolution of Doodles - G_6e786d/p_The first Doodle was a simple out-of-offi_345e61' is visible

17-06-2024T18:36:39 - [TEST_STEP][PASSED] - verifyElementVisible(findTestObject("Object Repository/Page_The Story and Evolution of Doodles - G_6e786d/h2_Weve created more than 5,000 Doodles ove_111429")): Object 'Object Repository/Page_The Story and Evolution of Doodles - G_6e786d/h2_Weve created more than 5,000 Doodles ove_111429' is visible

17-06-2024T18:36:40 - [MESSAGE][PASSED] - Object 'Object Repository/Page_The Story and Evolution of Doodles - G_6e786d/h2_Weve created more than 5,000 Doodles ove_111429' is visible

17-06-2024T18:36:40 - [TEST_STEP][PASSED] - click(findTestObject("Object Repository/Page_The Story and Evolution of Doodles - G_6e786d/p_The first Doodle was a simple out-of-offi_345e61")): Object: 'Object Repository/Page_The Story and Evolution of Doodles - G_6e786d/p_The first Doodle was a simple out-of-offi_345e61' is clicked on

17-06-2024T18:36:40 - [MESSAGE][PASSED] - Object: 'Object Repository/Page_The Story and Evolution of Doodles - G_6e786d/p_The first Doodle was a simple out-of-offi_345e61' is clicked on

17-06-2024T18:36:40 - [TEST_STEP][PASSED] - verifyElementVisible(findTestObject("Object Repository/Page_The Story and Evolution of Doodles - G_6e786d/h1_The story behind Doodles")): Object 'Object Repository/Page_The Story and Evolution of Doodles - G_6e786d/h1_The story behind Doodles' is visible

17-06-2024T18:36:40 - [MESSAGE][PASSED] - Object 'Object Repository/Page_The Story and Evolution of Doodles - G_6e786d/h1_The story behind Doodles' is visible

17-06-2024T18:36:40 - [TEST_STEP][PASSED] - verifyElementVisible(findTestObject("Object Repository/Page_The Story and Evolution of Doodles - G_6e786d/p_The first Doodle was a simple out-of-offi_345e61")): Object 'Object Repository/Page_The Story and Evolution of Doodles - G_6e786d/p_The first Doodle was a simple out-of-offi_345e61' is visible

17-06-2024T18:36:41 - [MESSAGE][PASSED] - Object 'Object Repository/Page_The Story and Evolution of Doodles - G_6e786d/p_The first Doodle was a simple out-of-offi_345e61' is visible

17-06-2024T18:36:41 - [TEST_STEP][PASSED] - verifyElementVisible(findTestObject("Object Repository/Page_The Story and Evolution of Doodles - G_6e786d/h2_Weve created more than 5,000 Doodles ove_111429")): Object 'Object Repository/Page_The Story and Evolution of Doodles - G_6e786d/h2_Weve created more than 5,000 Doodles ove_111429' is visible

17-06-2024T18:36:41 - [MESSAGE][PASSED] - Object 'Object Repository/Page_The Story and Evolution of Doodles - G_6e786d/h2_Weve created more than 5,000 Doodles ove_111429' is visible

17-06-2024T18:36:41 - [TEST_STEP][PASSED] - click(findTestObject("Object Repository/Page_The Story and Evolution of Doodles - G_6e786d/p_The first Doodle was a simple out-of-offi_345e61")): Object: 'Object Repository/Page_The Story and Evolution of Doodles - G_6e786d/p_The first Doodle was a simple out-of-offi_345e61' is clicked on

17-06-2024T18:36:41 - [MESSAGE][PASSED] - Object: 'Object Repository/Page_The Story and Evolution of Doodles - G_6e786d/p_The first Doodle was a simple out-of-offi_345e61' is clicked on

17-06-2024T18:36:41 - [TEST_STEP][PASSED] - verifyElementVisible(findTestObject("Object Repository/Page_The Story and Evolution of Doodles - G_6e786d/h1_The story behind Doodles")): Object 'Object Repository/Page_The Story and Evolution of Doodles - G_6e786d/h1_The story behind Doodles' is visible

17-06-2024T18:36:42 - [MESSAGE][PASSED] - Object 'Object Repository/Page_The Story and Evolution of Doodles - G_6e786d/h1_The story behind Doodles' is visible

17-06-2024T18:36:42 - [TEST_STEP][PASSED] - verifyElementVisible(findTestObject("Object Repository/Page_The Story and Evolution of Doodles - G_6e786d/p_The first Doodle was a simple out-of-offi_345e61")): Object 'Object Repository/Page_The Story and Evolution of Doodles - G_6e786d/p_The first Doodle was a simple out-of-offi_345e61' is visible

17-06-2024T18:36:42 - [MESSAGE][PASSED] - Object 'Object Repository/Page_The Story and Evolution of Doodles - G_6e786d/p_The first Doodle was a simple out-of-offi_345e61' is visible

17-06-2024T18:36:42 - [TEST_STEP][PASSED] - verifyElementVisible(findTestObject("Object Repository/Page_The Story and Evolution of Doodles - G_6e786d/h2_Weve created more than 5,000 Doodles ove_111429")): Object 'Object Repository/Page_The Story and Evolution of Doodles - G_6e786d/h2_Weve created more than 5,000 Doodles ove_111429' is visible

17-06-2024T18:36:42 - [MESSAGE][PASSED] - Object 'Object Repository/Page_The Story and Evolution of Doodles - G_6e786d/h2_Weve created more than 5,000 Doodles ove_111429' is visible

17-06-2024T18:36:42 - [TEST_STEP][PASSED] - click(findTestObject("Object Repository/Page_The Story and Evolution of Doodles - G_6e786d/p_The first Doodle was a simple out-of-offi_345e61")): Object: 'Object Repository/Page_The Story and Evolution of Doodles - G_6e786d/p_The first Doodle was a simple out-of-offi_345e61' is clicked on

17-06-2024T18:36:43 - [MESSAGE][PASSED] - Object: 'Object Repository/Page_The Story and Evolution of Doodles - G_6e786d/p_The first Doodle was a simple out-of-offi_345e61' is clicked on

17-06-2024T18:36:43 - [TEST_STEP][PASSED] - verifyElementVisible(findTestObject("Object Repository/Page_The Story and Evolution of Doodles - G_6e786d/h1_The story behind Doodles")): Object 'Object Repository/Page_The Story and Evolution of Doodles - G_6e786d/h1_The story behind Doodles' is visible

17-06-2024T18:36:43 - [MESSAGE][PASSED] - Object 'Object Repository/Page_The Story and Evolution of Doodles - G_6e786d/h1_The story behind Doodles' is visible

17-06-2024T18:36:43 - [TEST_STEP][PASSED] - verifyElementVisible(findTestObject("Object Repository/Page_The Story and Evolution of Doodles - G_6e786d/p_The first Doodle was a simple out-of-offi_345e61")): Object 'Object Repository/Page_The Story and Evolution of Doodles - G_6e786d/p_The first Doodle was a simple out-of-offi_345e61' is visible

17-06-2024T18:36:43 - [MESSAGE][PASSED] - Object 'Object Repository/Page_The Story and Evolution of Doodles - G_6e786d/p_The first Doodle was a simple out-of-offi_345e61' is visible

17-06-2024T18:36:43 - [TEST_STEP][PASSED] - verifyElementVisible(findTestObject("Object Repository/Page_The Story and Evolution of Doodles - G_6e786d/h2_Weve created more than 5,000 Doodles ove_111429")): Object 'Object Repository/Page_The Story and Evolution of Doodles - G_6e786d/h2_Weve created more than 5,000 Doodles ove_111429' is visible

17-06-2024T18:36:44 - [MESSAGE][PASSED] - Object 'Object Repository/Page_The Story and Evolution of Doodles - G_6e786d/h2_Weve created more than 5,000 Doodles ove_111429' is visible

17-06-2024T18:36:44 - [TEST_STEP][PASSED] - click(findTestObject("Object Repository/Page_The Story and Evolution of Doodles - G_6e786d/p_The first Doodle was a simple out-of-offi_345e61")): Object: 'Object Repository/Page_The Story and Evolution of Doodles - G_6e786d/p_The first Doodle was a simple out-of-offi_345e61' is clicked on

17-06-2024T18:36:44 - [MESSAGE][PASSED] - Object: 'Object Repository/Page_The Story and Evolution of Doodles - G_6e786d/p_The first Doodle was a simple out-of-offi_345e61' is clicked on

17-06-2024T18:36:44 - [TEST_STEP][PASSED] - verifyElementVisible(findTestObject("Object Repository/Page_The Story and Evolution of Doodles - G_6e786d/h1_The story behind Doodles")): Object 'Object Repository/Page_The Story and Evolution of Doodles - G_6e786d/h1_The story behind Doodles' is visible

17-06-2024T18:36:44 - [MESSAGE][PASSED] - Object 'Object Repository/Page_The Story and Evolution of Doodles - G_6e786d/h1_The story behind Doodles' is visible

17-06-2024T18:36:44 - [TEST_STEP][PASSED] - verifyElementVisible(findTestObject("Object Repository/Page_The Story and Evolution of Doodles - G_6e786d/p_The first Doodle was a simple out-of-offi_345e61")): Object 'Object Repository/Page_The Story and Evolution of Doodles - G_6e786d/p_The first Doodle was a simple out-of-offi_345e61' is visible

17-06-2024T18:36:44 - [MESSAGE][PASSED] - Object 'Object Repository/Page_The Story and Evolution of Doodles - G_6e786d/p_The first Doodle was a simple out-of-offi_345e61' is visible

17-06-2024T18:36:44 - [TEST_STEP][PASSED] - verifyElementVisible(findTestObject("Object Repository/Page_The Story and Evolution of Doodles - G_6e786d/h2_Weve created more than 5,000 Doodles ove_111429")): Object 'Object Repository/Page_The Story and Evolution of Doodles - G_6e786d/h2_Weve created more than 5,000 Doodles ove_111429' is visible

17-06-2024T18:36:45 - [MESSAGE][PASSED] - Object 'Object Repository/Page_The Story and Evolution of Doodles - G_6e786d/h2_Weve created more than 5,000 Doodles ove_111429' is visible

17-06-2024T18:36:45 - [TEST_STEP][PASSED] - click(findTestObject("Object Repository/Page_The Story and Evolution of Doodles - G_6e786d/p_The first Doodle was a simple out-of-offi_345e61")): Object: 'Object Repository/Page_The Story and Evolution of Doodles - G_6e786d/p_The first Doodle was a simple out-of-offi_345e61' is clicked on

17-06-2024T18:36:45 - [MESSAGE][PASSED] - Object: 'Object Repository/Page_The Story and Evolution of Doodles - G_6e786d/p_The first Doodle was a simple out-of-offi_345e61' is clicked on

17-06-2024T18:36:45 - [TEST_STEP][PASSED] - verifyElementVisible(findTestObject("Object Repository/Page_The Story and Evolution of Doodles - G_6e786d/h1_The story behind Doodles")): Object 'Object Repository/Page_The Story and Evolution of Doodles - G_6e786d/h1_The story behind Doodles' is visible

17-06-2024T18:36:45 - [MESSAGE][PASSED] - Object 'Object Repository/Page_The Story and Evolution of Doodles - G_6e786d/h1_The story behind Doodles' is visible

17-06-2024T18:36:45 - [TEST_STEP][PASSED] - verifyElementVisible(findTestObject("Object Repository/Page_The Story and Evolution of Doodles - G_6e786d/p_The first Doodle was a simple out-of-offi_345e61")): Object 'Object Repository/Page_The Story and Evolution of Doodles - G_6e786d/p_The first Doodle was a simple out-of-offi_345e61' is visible

17-06-2024T18:36:46 - [MESSAGE][PASSED] - Object 'Object Repository/Page_The Story and Evolution of Doodles - G_6e786d/p_The first Doodle was a simple out-of-offi_345e61' is visible

17-06-2024T18:36:46 - [TEST_STEP][PASSED] - verifyElementVisible(findTestObject("Object Repository/Page_The Story and Evolution of Doodles - G_6e786d/h2_Weve created more than 5,000 Doodles ove_111429")): Object 'Object Repository/Page_The Story and Evolution of Doodles - G_6e786d/h2_Weve created more than 5,000 Doodles ove_111429' is visible

17-06-2024T18:36:46 - [MESSAGE][PASSED] - Object 'Object Repository/Page_The Story and Evolution of Doodles - G_6e786d/h2_Weve created more than 5,000 Doodles ove_111429' is visible

17-06-2024T18:36:46 - [TEST_STEP][PASSED] - click(findTestObject("Object Repository/Page_The Story and Evolution of Doodles - G_6e786d/p_The first Doodle was a simple out-of-offi_345e61")): Object: 'Object Repository/Page_The Story and Evolution of Doodles - G_6e786d/p_The first Doodle was a simple out-of-offi_345e61' is clicked on

17-06-2024T18:36:47 - [MESSAGE][PASSED] - Object: 'Object Repository/Page_The Story and Evolution of Doodles - G_6e786d/p_The first Doodle was a simple out-of-offi_345e61' is clicked on

17-06-2024T18:36:47 - [TEST_STEP][PASSED] - verifyElementVisible(findTestObject("Object Repository/Page_The Story and Evolution of Doodles - G_6e786d/h1_The story behind Doodles")): Object 'Object Repository/Page_The Story and Evolution of Doodles - G_6e786d/h1_The story behind Doodles' is visible

17-06-2024T18:36:47 - [MESSAGE][PASSED] - Object 'Object Repository/Page_The Story and Evolution of Doodles - G_6e786d/h1_The story behind Doodles' is visible

17-06-2024T18:36:47 - [TEST_STEP][PASSED] - verifyElementVisible(findTestObject("Object Repository/Page_The Story and Evolution of Doodles - G_6e786d/p_The first Doodle was a simple out-of-offi_345e61")): Object 'Object Repository/Page_The Story and Evolution of Doodles - G_6e786d/p_The first Doodle was a simple out-of-offi_345e61' is visible

17-06-2024T18:36:47 - [MESSAGE][PASSED] - Object 'Object Repository/Page_The Story and Evolution of Doodles - G_6e786d/p_The first Doodle was a simple out-of-offi_345e61' is visible

17-06-2024T18:36:47 - [TEST_STEP][PASSED] - verifyElementVisible(findTestObject("Object Repository/Page_The Story and Evolution of Doodles - G_6e786d/h2_Weve created more than 5,000 Doodles ove_111429")): Object 'Object Repository/Page_The Story and Evolution of Doodles - G_6e786d/h2_Weve created more than 5,000 Doodles ove_111429' is visible

17-06-2024T18:36:48 - [MESSAGE][PASSED] - Object 'Object Repository/Page_The Story and Evolution of Doodles - G_6e786d/h2_Weve created more than 5,000 Doodles ove_111429' is visible

17-06-2024T18:36:48 - [TEST_STEP][PASSED] - click(findTestObject("Object Repository/Page_The Story and Evolution of Doodles - G_6e786d/p_The first Doodle was a simple out-of-offi_345e61")): Object: 'Object Repository/Page_The Story and Evolution of Doodles - G_6e786d/p_The first Doodle was a simple out-of-offi_345e61' is clicked on

17-06-2024T18:36:48 - [MESSAGE][PASSED] - Object: 'Object Repository/Page_The Story and Evolution of Doodles - G_6e786d/p_The first Doodle was a simple out-of-offi_345e61' is clicked on

17-06-2024T18:36:48 - [TEST_STEP][PASSED] - verifyElementVisible(findTestObject("Object Repository/Page_The Story and Evolution of Doodles - G_6e786d/h1_The story behind Doodles")): Object 'Object Repository/Page_The Story and Evolution of Doodles - G_6e786d/h1_The story behind Doodles' is visible

17-06-2024T18:36:48 - [MESSAGE][PASSED] - Object 'Object Repository/Page_The Story and Evolution of Doodles - G_6e786d/h1_The story behind Doodles' is visible

17-06-2024T18:36:48 - [TEST_STEP][PASSED] - verifyElementVisible(findTestObject("Object Repository/Page_The Story and Evolution of Doodles - G_6e786d/p_The first Doodle was a simple out-of-offi_345e61")): Object 'Object Repository/Page_The Story and Evolution of Doodles - G_6e786d/p_The first Doodle was a simple out-of-offi_345e61' is visible

17-06-2024T18:36:49 - [MESSAGE][PASSED] - Object 'Object Repository/Page_The Story and Evolution of Doodles - G_6e786d/p_The first Doodle was a simple out-of-offi_345e61' is visible

17-06-2024T18:36:49 - [TEST_STEP][PASSED] - verifyElementVisible(findTestObject("Object Repository/Page_The Story and Evolution of Doodles - G_6e786d/h2_Weve created more than 5,000 Doodles ove_111429")): Object 'Object Repository/Page_The Story and Evolution of Doodles - G_6e786d/h2_Weve created more than 5,000 Doodles ove_111429' is visible

17-06-2024T18:36:49 - [MESSAGE][PASSED] - Object 'Object Repository/Page_The Story and Evolution of Doodles - G_6e786d/h2_Weve created more than 5,000 Doodles ove_111429' is visible]]></system-out>
         <system-err><![CDATA[]]></system-err>
      </testcase>
      <testcase name="Test Cases/test case folder 1/tc1 - Copy (1) - Copy (4)" time="19.062" classname="Test Cases/test case folder 1/tc1 - Copy (1) - Copy (4)" status="PASSED">
         <system-out><![CDATA[17-06-2024T18:36:49 - [TEST_CASE][PASSED] - Test Cases/test case folder 1/tc1 - Copy (1) - Copy (4): Test Cases/test case folder 1/tc1 - Copy (1) - Copy (4)

17-06-2024T18:36:49 - [TEST_STEP][PASSED] - openBrowser(""): Browser is opened with url: ''

17-06-2024T18:36:49 - [MESSAGE][WARNING] - A browser is already opened. Closing browser and opening a new one

17-06-2024T18:36:49 - [MESSAGE][INFO] - Starting 'Chrome (headless)' driver

17-06-2024T18:36:49 - [MESSAGE][INFO] - Action delay is set to 0 milliseconds

17-06-2024T18:36:50 - [MESSAGE][PASSED] - Browser is opened with url: ''

17-06-2024T18:36:50 - [TEST_STEP][PASSED] - navigateToUrl("https://doodles.google/about/"): Navigate to 'https://doodles.google/about/' successfully

17-06-2024T18:36:53 - [MESSAGE][PASSED] - Navigate to 'https://doodles.google/about/' successfully

17-06-2024T18:36:53 - [TEST_STEP][PASSED] - click(findTestObject("Object Repository/Page_The Story and Evolution of Doodles - G_6e786d/p_The first Doodle was a simple out-of-offi_345e61")): Object: 'Object Repository/Page_The Story and Evolution of Doodles - G_6e786d/p_The first Doodle was a simple out-of-offi_345e61' is clicked on

17-06-2024T18:36:53 - [MESSAGE][PASSED] - Object: 'Object Repository/Page_The Story and Evolution of Doodles - G_6e786d/p_The first Doodle was a simple out-of-offi_345e61' is clicked on

17-06-2024T18:36:53 - [TEST_STEP][PASSED] - click(findTestObject("Object Repository/Page_The Story and Evolution of Doodles - G_6e786d/p_The first Doodle was a simple out-of-offi_345e61")): Object: 'Object Repository/Page_The Story and Evolution of Doodles - G_6e786d/p_The first Doodle was a simple out-of-offi_345e61' is clicked on

17-06-2024T18:36:53 - [MESSAGE][PASSED] - Object: 'Object Repository/Page_The Story and Evolution of Doodles - G_6e786d/p_The first Doodle was a simple out-of-offi_345e61' is clicked on

17-06-2024T18:36:53 - [TEST_STEP][PASSED] - verifyElementVisible(findTestObject("Object Repository/Page_The Story and Evolution of Doodles - G_6e786d/h1_The story behind Doodles")): Object 'Object Repository/Page_The Story and Evolution of Doodles - G_6e786d/h1_The story behind Doodles' is visible

17-06-2024T18:36:54 - [MESSAGE][PASSED] - Object 'Object Repository/Page_The Story and Evolution of Doodles - G_6e786d/h1_The story behind Doodles' is visible

17-06-2024T18:36:54 - [TEST_STEP][PASSED] - verifyElementVisible(findTestObject("Object Repository/Page_The Story and Evolution of Doodles - G_6e786d/p_The first Doodle was a simple out-of-offi_345e61")): Object 'Object Repository/Page_The Story and Evolution of Doodles - G_6e786d/p_The first Doodle was a simple out-of-offi_345e61' is visible

17-06-2024T18:36:54 - [MESSAGE][PASSED] - Object 'Object Repository/Page_The Story and Evolution of Doodles - G_6e786d/p_The first Doodle was a simple out-of-offi_345e61' is visible

17-06-2024T18:36:54 - [TEST_STEP][PASSED] - verifyElementVisible(findTestObject("Object Repository/Page_The Story and Evolution of Doodles - G_6e786d/h2_Weve created more than 5,000 Doodles ove_111429")): Object 'Object Repository/Page_The Story and Evolution of Doodles - G_6e786d/h2_Weve created more than 5,000 Doodles ove_111429' is visible

17-06-2024T18:36:55 - [MESSAGE][PASSED] - Object 'Object Repository/Page_The Story and Evolution of Doodles - G_6e786d/h2_Weve created more than 5,000 Doodles ove_111429' is visible

17-06-2024T18:36:55 - [TEST_STEP][PASSED] - verifyElementVisible(findTestObject("Object Repository/Page_The Story and Evolution of Doodles - G_6e786d/h1_The story behind Doodles")): Object 'Object Repository/Page_The Story and Evolution of Doodles - G_6e786d/h1_The story behind Doodles' is visible

17-06-2024T18:36:55 - [MESSAGE][PASSED] - Object 'Object Repository/Page_The Story and Evolution of Doodles - G_6e786d/h1_The story behind Doodles' is visible

17-06-2024T18:36:55 - [TEST_STEP][PASSED] - verifyElementVisible(findTestObject("Object Repository/Page_The Story and Evolution of Doodles - G_6e786d/p_The first Doodle was a simple out-of-offi_345e61")): Object 'Object Repository/Page_The Story and Evolution of Doodles - G_6e786d/p_The first Doodle was a simple out-of-offi_345e61' is visible

17-06-2024T18:36:55 - [MESSAGE][PASSED] - Object 'Object Repository/Page_The Story and Evolution of Doodles - G_6e786d/p_The first Doodle was a simple out-of-offi_345e61' is visible

17-06-2024T18:36:55 - [TEST_STEP][PASSED] - verifyElementVisible(findTestObject("Object Repository/Page_The Story and Evolution of Doodles - G_6e786d/h2_Weve created more than 5,000 Doodles ove_111429")): Object 'Object Repository/Page_The Story and Evolution of Doodles - G_6e786d/h2_Weve created more than 5,000 Doodles ove_111429' is visible

17-06-2024T18:36:56 - [MESSAGE][PASSED] - Object 'Object Repository/Page_The Story and Evolution of Doodles - G_6e786d/h2_Weve created more than 5,000 Doodles ove_111429' is visible

17-06-2024T18:36:56 - [TEST_STEP][PASSED] - click(findTestObject("Object Repository/Page_The Story and Evolution of Doodles - G_6e786d/p_The first Doodle was a simple out-of-offi_345e61")): Object: 'Object Repository/Page_The Story and Evolution of Doodles - G_6e786d/p_The first Doodle was a simple out-of-offi_345e61' is clicked on

17-06-2024T18:36:56 - [MESSAGE][PASSED] - Object: 'Object Repository/Page_The Story and Evolution of Doodles - G_6e786d/p_The first Doodle was a simple out-of-offi_345e61' is clicked on

17-06-2024T18:36:56 - [TEST_STEP][PASSED] - verifyElementVisible(findTestObject("Object Repository/Page_The Story and Evolution of Doodles - G_6e786d/h1_The story behind Doodles")): Object 'Object Repository/Page_The Story and Evolution of Doodles - G_6e786d/h1_The story behind Doodles' is visible

17-06-2024T18:36:56 - [MESSAGE][PASSED] - Object 'Object Repository/Page_The Story and Evolution of Doodles - G_6e786d/h1_The story behind Doodles' is visible

17-06-2024T18:36:56 - [TEST_STEP][PASSED] - verifyElementVisible(findTestObject("Object Repository/Page_The Story and Evolution of Doodles - G_6e786d/p_The first Doodle was a simple out-of-offi_345e61")): Object 'Object Repository/Page_The Story and Evolution of Doodles - G_6e786d/p_The first Doodle was a simple out-of-offi_345e61' is visible

17-06-2024T18:36:57 - [MESSAGE][PASSED] - Object 'Object Repository/Page_The Story and Evolution of Doodles - G_6e786d/p_The first Doodle was a simple out-of-offi_345e61' is visible

17-06-2024T18:36:57 - [TEST_STEP][PASSED] - verifyElementVisible(findTestObject("Object Repository/Page_The Story and Evolution of Doodles - G_6e786d/h2_Weve created more than 5,000 Doodles ove_111429")): Object 'Object Repository/Page_The Story and Evolution of Doodles - G_6e786d/h2_Weve created more than 5,000 Doodles ove_111429' is visible

17-06-2024T18:36:57 - [MESSAGE][PASSED] - Object 'Object Repository/Page_The Story and Evolution of Doodles - G_6e786d/h2_Weve created more than 5,000 Doodles ove_111429' is visible

17-06-2024T18:36:57 - [TEST_STEP][PASSED] - click(findTestObject("Object Repository/Page_The Story and Evolution of Doodles - G_6e786d/p_The first Doodle was a simple out-of-offi_345e61")): Object: 'Object Repository/Page_The Story and Evolution of Doodles - G_6e786d/p_The first Doodle was a simple out-of-offi_345e61' is clicked on

17-06-2024T18:36:57 - [MESSAGE][PASSED] - Object: 'Object Repository/Page_The Story and Evolution of Doodles - G_6e786d/p_The first Doodle was a simple out-of-offi_345e61' is clicked on

17-06-2024T18:36:57 - [TEST_STEP][PASSED] - verifyElementVisible(findTestObject("Object Repository/Page_The Story and Evolution of Doodles - G_6e786d/h1_The story behind Doodles")): Object 'Object Repository/Page_The Story and Evolution of Doodles - G_6e786d/h1_The story behind Doodles' is visible

17-06-2024T18:36:58 - [MESSAGE][PASSED] - Object 'Object Repository/Page_The Story and Evolution of Doodles - G_6e786d/h1_The story behind Doodles' is visible

17-06-2024T18:36:58 - [TEST_STEP][PASSED] - verifyElementVisible(findTestObject("Object Repository/Page_The Story and Evolution of Doodles - G_6e786d/p_The first Doodle was a simple out-of-offi_345e61")): Object 'Object Repository/Page_The Story and Evolution of Doodles - G_6e786d/p_The first Doodle was a simple out-of-offi_345e61' is visible

17-06-2024T18:36:58 - [MESSAGE][PASSED] - Object 'Object Repository/Page_The Story and Evolution of Doodles - G_6e786d/p_The first Doodle was a simple out-of-offi_345e61' is visible

17-06-2024T18:36:58 - [TEST_STEP][PASSED] - verifyElementVisible(findTestObject("Object Repository/Page_The Story and Evolution of Doodles - G_6e786d/h2_Weve created more than 5,000 Doodles ove_111429")): Object 'Object Repository/Page_The Story and Evolution of Doodles - G_6e786d/h2_Weve created more than 5,000 Doodles ove_111429' is visible

17-06-2024T18:36:58 - [MESSAGE][PASSED] - Object 'Object Repository/Page_The Story and Evolution of Doodles - G_6e786d/h2_Weve created more than 5,000 Doodles ove_111429' is visible

17-06-2024T18:36:58 - [TEST_STEP][PASSED] - click(findTestObject("Object Repository/Page_The Story and Evolution of Doodles - G_6e786d/p_The first Doodle was a simple out-of-offi_345e61")): Object: 'Object Repository/Page_The Story and Evolution of Doodles - G_6e786d/p_The first Doodle was a simple out-of-offi_345e61' is clicked on

17-06-2024T18:36:59 - [MESSAGE][PASSED] - Object: 'Object Repository/Page_The Story and Evolution of Doodles - G_6e786d/p_The first Doodle was a simple out-of-offi_345e61' is clicked on

17-06-2024T18:36:59 - [TEST_STEP][PASSED] - verifyElementVisible(findTestObject("Object Repository/Page_The Story and Evolution of Doodles - G_6e786d/h1_The story behind Doodles")): Object 'Object Repository/Page_The Story and Evolution of Doodles - G_6e786d/h1_The story behind Doodles' is visible

17-06-2024T18:36:59 - [MESSAGE][PASSED] - Object 'Object Repository/Page_The Story and Evolution of Doodles - G_6e786d/h1_The story behind Doodles' is visible

17-06-2024T18:36:59 - [TEST_STEP][PASSED] - verifyElementVisible(findTestObject("Object Repository/Page_The Story and Evolution of Doodles - G_6e786d/p_The first Doodle was a simple out-of-offi_345e61")): Object 'Object Repository/Page_The Story and Evolution of Doodles - G_6e786d/p_The first Doodle was a simple out-of-offi_345e61' is visible

17-06-2024T18:36:59 - [MESSAGE][PASSED] - Object 'Object Repository/Page_The Story and Evolution of Doodles - G_6e786d/p_The first Doodle was a simple out-of-offi_345e61' is visible

17-06-2024T18:36:59 - [TEST_STEP][PASSED] - verifyElementVisible(findTestObject("Object Repository/Page_The Story and Evolution of Doodles - G_6e786d/h2_Weve created more than 5,000 Doodles ove_111429")): Object 'Object Repository/Page_The Story and Evolution of Doodles - G_6e786d/h2_Weve created more than 5,000 Doodles ove_111429' is visible

17-06-2024T18:37:00 - [MESSAGE][PASSED] - Object 'Object Repository/Page_The Story and Evolution of Doodles - G_6e786d/h2_Weve created more than 5,000 Doodles ove_111429' is visible

17-06-2024T18:37:00 - [TEST_STEP][PASSED] - click(findTestObject("Object Repository/Page_The Story and Evolution of Doodles - G_6e786d/p_The first Doodle was a simple out-of-offi_345e61")): Object: 'Object Repository/Page_The Story and Evolution of Doodles - G_6e786d/p_The first Doodle was a simple out-of-offi_345e61' is clicked on

17-06-2024T18:37:00 - [MESSAGE][PASSED] - Object: 'Object Repository/Page_The Story and Evolution of Doodles - G_6e786d/p_The first Doodle was a simple out-of-offi_345e61' is clicked on

17-06-2024T18:37:00 - [TEST_STEP][PASSED] - verifyElementVisible(findTestObject("Object Repository/Page_The Story and Evolution of Doodles - G_6e786d/h1_The story behind Doodles")): Object 'Object Repository/Page_The Story and Evolution of Doodles - G_6e786d/h1_The story behind Doodles' is visible

17-06-2024T18:37:00 - [MESSAGE][PASSED] - Object 'Object Repository/Page_The Story and Evolution of Doodles - G_6e786d/h1_The story behind Doodles' is visible

17-06-2024T18:37:00 - [TEST_STEP][PASSED] - verifyElementVisible(findTestObject("Object Repository/Page_The Story and Evolution of Doodles - G_6e786d/p_The first Doodle was a simple out-of-offi_345e61")): Object 'Object Repository/Page_The Story and Evolution of Doodles - G_6e786d/p_The first Doodle was a simple out-of-offi_345e61' is visible

17-06-2024T18:37:01 - [MESSAGE][PASSED] - Object 'Object Repository/Page_The Story and Evolution of Doodles - G_6e786d/p_The first Doodle was a simple out-of-offi_345e61' is visible

17-06-2024T18:37:01 - [TEST_STEP][PASSED] - verifyElementVisible(findTestObject("Object Repository/Page_The Story and Evolution of Doodles - G_6e786d/h2_Weve created more than 5,000 Doodles ove_111429")): Object 'Object Repository/Page_The Story and Evolution of Doodles - G_6e786d/h2_Weve created more than 5,000 Doodles ove_111429' is visible

17-06-2024T18:37:01 - [MESSAGE][PASSED] - Object 'Object Repository/Page_The Story and Evolution of Doodles - G_6e786d/h2_Weve created more than 5,000 Doodles ove_111429' is visible

17-06-2024T18:37:01 - [TEST_STEP][PASSED] - click(findTestObject("Object Repository/Page_The Story and Evolution of Doodles - G_6e786d/p_The first Doodle was a simple out-of-offi_345e61")): Object: 'Object Repository/Page_The Story and Evolution of Doodles - G_6e786d/p_The first Doodle was a simple out-of-offi_345e61' is clicked on

17-06-2024T18:37:01 - [MESSAGE][PASSED] - Object: 'Object Repository/Page_The Story and Evolution of Doodles - G_6e786d/p_The first Doodle was a simple out-of-offi_345e61' is clicked on

17-06-2024T18:37:01 - [TEST_STEP][PASSED] - verifyElementVisible(findTestObject("Object Repository/Page_The Story and Evolution of Doodles - G_6e786d/h1_The story behind Doodles")): Object 'Object Repository/Page_The Story and Evolution of Doodles - G_6e786d/h1_The story behind Doodles' is visible

17-06-2024T18:37:02 - [MESSAGE][PASSED] - Object 'Object Repository/Page_The Story and Evolution of Doodles - G_6e786d/h1_The story behind Doodles' is visible

17-06-2024T18:37:02 - [TEST_STEP][PASSED] - verifyElementVisible(findTestObject("Object Repository/Page_The Story and Evolution of Doodles - G_6e786d/p_The first Doodle was a simple out-of-offi_345e61")): Object 'Object Repository/Page_The Story and Evolution of Doodles - G_6e786d/p_The first Doodle was a simple out-of-offi_345e61' is visible

17-06-2024T18:37:02 - [MESSAGE][PASSED] - Object 'Object Repository/Page_The Story and Evolution of Doodles - G_6e786d/p_The first Doodle was a simple out-of-offi_345e61' is visible

17-06-2024T18:37:02 - [TEST_STEP][PASSED] - verifyElementVisible(findTestObject("Object Repository/Page_The Story and Evolution of Doodles - G_6e786d/h2_Weve created more than 5,000 Doodles ove_111429")): Object 'Object Repository/Page_The Story and Evolution of Doodles - G_6e786d/h2_Weve created more than 5,000 Doodles ove_111429' is visible

17-06-2024T18:37:03 - [MESSAGE][PASSED] - Object 'Object Repository/Page_The Story and Evolution of Doodles - G_6e786d/h2_Weve created more than 5,000 Doodles ove_111429' is visible

17-06-2024T18:37:03 - [TEST_STEP][PASSED] - click(findTestObject("Object Repository/Page_The Story and Evolution of Doodles - G_6e786d/p_The first Doodle was a simple out-of-offi_345e61")): Object: 'Object Repository/Page_The Story and Evolution of Doodles - G_6e786d/p_The first Doodle was a simple out-of-offi_345e61' is clicked on

17-06-2024T18:37:03 - [MESSAGE][PASSED] - Object: 'Object Repository/Page_The Story and Evolution of Doodles - G_6e786d/p_The first Doodle was a simple out-of-offi_345e61' is clicked on

17-06-2024T18:37:03 - [TEST_STEP][PASSED] - verifyElementVisible(findTestObject("Object Repository/Page_The Story and Evolution of Doodles - G_6e786d/h1_The story behind Doodles")): Object 'Object Repository/Page_The Story and Evolution of Doodles - G_6e786d/h1_The story behind Doodles' is visible

17-06-2024T18:37:03 - [MESSAGE][PASSED] - Object 'Object Repository/Page_The Story and Evolution of Doodles - G_6e786d/h1_The story behind Doodles' is visible

17-06-2024T18:37:03 - [TEST_STEP][PASSED] - verifyElementVisible(findTestObject("Object Repository/Page_The Story and Evolution of Doodles - G_6e786d/p_The first Doodle was a simple out-of-offi_345e61")): Object 'Object Repository/Page_The Story and Evolution of Doodles - G_6e786d/p_The first Doodle was a simple out-of-offi_345e61' is visible

17-06-2024T18:37:04 - [MESSAGE][PASSED] - Object 'Object Repository/Page_The Story and Evolution of Doodles - G_6e786d/p_The first Doodle was a simple out-of-offi_345e61' is visible

17-06-2024T18:37:04 - [TEST_STEP][PASSED] - verifyElementVisible(findTestObject("Object Repository/Page_The Story and Evolution of Doodles - G_6e786d/h2_Weve created more than 5,000 Doodles ove_111429")): Object 'Object Repository/Page_The Story and Evolution of Doodles - G_6e786d/h2_Weve created more than 5,000 Doodles ove_111429' is visible

17-06-2024T18:37:04 - [MESSAGE][PASSED] - Object 'Object Repository/Page_The Story and Evolution of Doodles - G_6e786d/h2_Weve created more than 5,000 Doodles ove_111429' is visible

17-06-2024T18:37:04 - [TEST_STEP][PASSED] - click(findTestObject("Object Repository/Page_The Story and Evolution of Doodles - G_6e786d/p_The first Doodle was a simple out-of-offi_345e61")): Object: 'Object Repository/Page_The Story and Evolution of Doodles - G_6e786d/p_The first Doodle was a simple out-of-offi_345e61' is clicked on

17-06-2024T18:37:04 - [MESSAGE][PASSED] - Object: 'Object Repository/Page_The Story and Evolution of Doodles - G_6e786d/p_The first Doodle was a simple out-of-offi_345e61' is clicked on

17-06-2024T18:37:04 - [TEST_STEP][PASSED] - verifyElementVisible(findTestObject("Object Repository/Page_The Story and Evolution of Doodles - G_6e786d/h1_The story behind Doodles")): Object 'Object Repository/Page_The Story and Evolution of Doodles - G_6e786d/h1_The story behind Doodles' is visible

17-06-2024T18:37:05 - [MESSAGE][PASSED] - Object 'Object Repository/Page_The Story and Evolution of Doodles - G_6e786d/h1_The story behind Doodles' is visible

17-06-2024T18:37:05 - [TEST_STEP][PASSED] - verifyElementVisible(findTestObject("Object Repository/Page_The Story and Evolution of Doodles - G_6e786d/p_The first Doodle was a simple out-of-offi_345e61")): Object 'Object Repository/Page_The Story and Evolution of Doodles - G_6e786d/p_The first Doodle was a simple out-of-offi_345e61' is visible

17-06-2024T18:37:05 - [MESSAGE][PASSED] - Object 'Object Repository/Page_The Story and Evolution of Doodles - G_6e786d/p_The first Doodle was a simple out-of-offi_345e61' is visible

17-06-2024T18:37:05 - [TEST_STEP][PASSED] - verifyElementVisible(findTestObject("Object Repository/Page_The Story and Evolution of Doodles - G_6e786d/h2_Weve created more than 5,000 Doodles ove_111429")): Object 'Object Repository/Page_The Story and Evolution of Doodles - G_6e786d/h2_Weve created more than 5,000 Doodles ove_111429' is visible

17-06-2024T18:37:05 - [MESSAGE][PASSED] - Object 'Object Repository/Page_The Story and Evolution of Doodles - G_6e786d/h2_Weve created more than 5,000 Doodles ove_111429' is visible

17-06-2024T18:37:05 - [TEST_STEP][PASSED] - click(findTestObject("Object Repository/Page_The Story and Evolution of Doodles - G_6e786d/p_The first Doodle was a simple out-of-offi_345e61")): Object: 'Object Repository/Page_The Story and Evolution of Doodles - G_6e786d/p_The first Doodle was a simple out-of-offi_345e61' is clicked on

17-06-2024T18:37:06 - [MESSAGE][PASSED] - Object: 'Object Repository/Page_The Story and Evolution of Doodles - G_6e786d/p_The first Doodle was a simple out-of-offi_345e61' is clicked on

17-06-2024T18:37:06 - [TEST_STEP][PASSED] - verifyElementVisible(findTestObject("Object Repository/Page_The Story and Evolution of Doodles - G_6e786d/h1_The story behind Doodles")): Object 'Object Repository/Page_The Story and Evolution of Doodles - G_6e786d/h1_The story behind Doodles' is visible

17-06-2024T18:37:06 - [MESSAGE][PASSED] - Object 'Object Repository/Page_The Story and Evolution of Doodles - G_6e786d/h1_The story behind Doodles' is visible

17-06-2024T18:37:06 - [TEST_STEP][PASSED] - verifyElementVisible(findTestObject("Object Repository/Page_The Story and Evolution of Doodles - G_6e786d/p_The first Doodle was a simple out-of-offi_345e61")): Object 'Object Repository/Page_The Story and Evolution of Doodles - G_6e786d/p_The first Doodle was a simple out-of-offi_345e61' is visible

17-06-2024T18:37:06 - [MESSAGE][PASSED] - Object 'Object Repository/Page_The Story and Evolution of Doodles - G_6e786d/p_The first Doodle was a simple out-of-offi_345e61' is visible

17-06-2024T18:37:06 - [TEST_STEP][PASSED] - verifyElementVisible(findTestObject("Object Repository/Page_The Story and Evolution of Doodles - G_6e786d/h2_Weve created more than 5,000 Doodles ove_111429")): Object 'Object Repository/Page_The Story and Evolution of Doodles - G_6e786d/h2_Weve created more than 5,000 Doodles ove_111429' is visible

17-06-2024T18:37:07 - [MESSAGE][PASSED] - Object 'Object Repository/Page_The Story and Evolution of Doodles - G_6e786d/h2_Weve created more than 5,000 Doodles ove_111429' is visible

17-06-2024T18:37:07 - [TEST_STEP][PASSED] - click(findTestObject("Object Repository/Page_The Story and Evolution of Doodles - G_6e786d/p_The first Doodle was a simple out-of-offi_345e61")): Object: 'Object Repository/Page_The Story and Evolution of Doodles - G_6e786d/p_The first Doodle was a simple out-of-offi_345e61' is clicked on

17-06-2024T18:37:07 - [MESSAGE][PASSED] - Object: 'Object Repository/Page_The Story and Evolution of Doodles - G_6e786d/p_The first Doodle was a simple out-of-offi_345e61' is clicked on

17-06-2024T18:37:07 - [TEST_STEP][PASSED] - verifyElementVisible(findTestObject("Object Repository/Page_The Story and Evolution of Doodles - G_6e786d/h1_The story behind Doodles")): Object 'Object Repository/Page_The Story and Evolution of Doodles - G_6e786d/h1_The story behind Doodles' is visible

17-06-2024T18:37:07 - [MESSAGE][PASSED] - Object 'Object Repository/Page_The Story and Evolution of Doodles - G_6e786d/h1_The story behind Doodles' is visible

17-06-2024T18:37:07 - [TEST_STEP][PASSED] - verifyElementVisible(findTestObject("Object Repository/Page_The Story and Evolution of Doodles - G_6e786d/p_The first Doodle was a simple out-of-offi_345e61")): Object 'Object Repository/Page_The Story and Evolution of Doodles - G_6e786d/p_The first Doodle was a simple out-of-offi_345e61' is visible

17-06-2024T18:37:08 - [MESSAGE][PASSED] - Object 'Object Repository/Page_The Story and Evolution of Doodles - G_6e786d/p_The first Doodle was a simple out-of-offi_345e61' is visible

17-06-2024T18:37:08 - [TEST_STEP][PASSED] - verifyElementVisible(findTestObject("Object Repository/Page_The Story and Evolution of Doodles - G_6e786d/h2_Weve created more than 5,000 Doodles ove_111429")): Object 'Object Repository/Page_The Story and Evolution of Doodles - G_6e786d/h2_Weve created more than 5,000 Doodles ove_111429' is visible

17-06-2024T18:37:08 - [MESSAGE][PASSED] - Object 'Object Repository/Page_The Story and Evolution of Doodles - G_6e786d/h2_Weve created more than 5,000 Doodles ove_111429' is visible]]></system-out>
         <system-err><![CDATA[]]></system-err>
      </testcase>
      <testcase name="Test Cases/test case folder 1/tc1 - Copy (1) - Copy (5)" time="20.984" classname="Test Cases/test case folder 1/tc1 - Copy (1) - Copy (5)" status="PASSED">
         <system-out><![CDATA[17-06-2024T18:37:08 - [TEST_CASE][PASSED] - Test Cases/test case folder 1/tc1 - Copy (1) - Copy (5): Test Cases/test case folder 1/tc1 - Copy (1) - Copy (5)

17-06-2024T18:37:08 - [TEST_STEP][PASSED] - openBrowser(""): Browser is opened with url: ''

17-06-2024T18:37:08 - [MESSAGE][WARNING] - A browser is already opened. Closing browser and opening a new one

17-06-2024T18:37:08 - [MESSAGE][INFO] - Starting 'Chrome (headless)' driver

17-06-2024T18:37:08 - [MESSAGE][INFO] - Action delay is set to 0 milliseconds

17-06-2024T18:37:09 - [MESSAGE][PASSED] - Browser is opened with url: ''

17-06-2024T18:37:09 - [TEST_STEP][PASSED] - navigateToUrl("https://doodles.google/about/"): Navigate to 'https://doodles.google/about/' successfully

17-06-2024T18:37:14 - [MESSAGE][PASSED] - Navigate to 'https://doodles.google/about/' successfully

17-06-2024T18:37:14 - [TEST_STEP][PASSED] - click(findTestObject("Object Repository/Page_The Story and Evolution of Doodles - G_6e786d/p_The first Doodle was a simple out-of-offi_345e61")): Object: 'Object Repository/Page_The Story and Evolution of Doodles - G_6e786d/p_The first Doodle was a simple out-of-offi_345e61' is clicked on

17-06-2024T18:37:14 - [MESSAGE][PASSED] - Object: 'Object Repository/Page_The Story and Evolution of Doodles - G_6e786d/p_The first Doodle was a simple out-of-offi_345e61' is clicked on

17-06-2024T18:37:14 - [TEST_STEP][PASSED] - click(findTestObject("Object Repository/Page_The Story and Evolution of Doodles - G_6e786d/p_The first Doodle was a simple out-of-offi_345e61")): Object: 'Object Repository/Page_The Story and Evolution of Doodles - G_6e786d/p_The first Doodle was a simple out-of-offi_345e61' is clicked on

17-06-2024T18:37:15 - [MESSAGE][PASSED] - Object: 'Object Repository/Page_The Story and Evolution of Doodles - G_6e786d/p_The first Doodle was a simple out-of-offi_345e61' is clicked on

17-06-2024T18:37:15 - [TEST_STEP][PASSED] - verifyElementVisible(findTestObject("Object Repository/Page_The Story and Evolution of Doodles - G_6e786d/h1_The story behind Doodles")): Object 'Object Repository/Page_The Story and Evolution of Doodles - G_6e786d/h1_The story behind Doodles' is visible

17-06-2024T18:37:15 - [MESSAGE][PASSED] - Object 'Object Repository/Page_The Story and Evolution of Doodles - G_6e786d/h1_The story behind Doodles' is visible

17-06-2024T18:37:15 - [TEST_STEP][PASSED] - verifyElementVisible(findTestObject("Object Repository/Page_The Story and Evolution of Doodles - G_6e786d/p_The first Doodle was a simple out-of-offi_345e61")): Object 'Object Repository/Page_The Story and Evolution of Doodles - G_6e786d/p_The first Doodle was a simple out-of-offi_345e61' is visible

17-06-2024T18:37:15 - [MESSAGE][PASSED] - Object 'Object Repository/Page_The Story and Evolution of Doodles - G_6e786d/p_The first Doodle was a simple out-of-offi_345e61' is visible

17-06-2024T18:37:15 - [TEST_STEP][PASSED] - verifyElementVisible(findTestObject("Object Repository/Page_The Story and Evolution of Doodles - G_6e786d/h2_Weve created more than 5,000 Doodles ove_111429")): Object 'Object Repository/Page_The Story and Evolution of Doodles - G_6e786d/h2_Weve created more than 5,000 Doodles ove_111429' is visible

17-06-2024T18:37:16 - [MESSAGE][PASSED] - Object 'Object Repository/Page_The Story and Evolution of Doodles - G_6e786d/h2_Weve created more than 5,000 Doodles ove_111429' is visible

17-06-2024T18:37:16 - [TEST_STEP][PASSED] - verifyElementVisible(findTestObject("Object Repository/Page_The Story and Evolution of Doodles - G_6e786d/h1_The story behind Doodles")): Object 'Object Repository/Page_The Story and Evolution of Doodles - G_6e786d/h1_The story behind Doodles' is visible

17-06-2024T18:37:16 - [MESSAGE][PASSED] - Object 'Object Repository/Page_The Story and Evolution of Doodles - G_6e786d/h1_The story behind Doodles' is visible

17-06-2024T18:37:16 - [TEST_STEP][PASSED] - verifyElementVisible(findTestObject("Object Repository/Page_The Story and Evolution of Doodles - G_6e786d/p_The first Doodle was a simple out-of-offi_345e61")): Object 'Object Repository/Page_The Story and Evolution of Doodles - G_6e786d/p_The first Doodle was a simple out-of-offi_345e61' is visible

17-06-2024T18:37:16 - [MESSAGE][PASSED] - Object 'Object Repository/Page_The Story and Evolution of Doodles - G_6e786d/p_The first Doodle was a simple out-of-offi_345e61' is visible

17-06-2024T18:37:16 - [TEST_STEP][PASSED] - verifyElementVisible(findTestObject("Object Repository/Page_The Story and Evolution of Doodles - G_6e786d/h2_Weve created more than 5,000 Doodles ove_111429")): Object 'Object Repository/Page_The Story and Evolution of Doodles - G_6e786d/h2_Weve created more than 5,000 Doodles ove_111429' is visible

17-06-2024T18:37:16 - [MESSAGE][PASSED] - Object 'Object Repository/Page_The Story and Evolution of Doodles - G_6e786d/h2_Weve created more than 5,000 Doodles ove_111429' is visible

17-06-2024T18:37:16 - [TEST_STEP][PASSED] - click(findTestObject("Object Repository/Page_The Story and Evolution of Doodles - G_6e786d/p_The first Doodle was a simple out-of-offi_345e61")): Object: 'Object Repository/Page_The Story and Evolution of Doodles - G_6e786d/p_The first Doodle was a simple out-of-offi_345e61' is clicked on

17-06-2024T18:37:17 - [MESSAGE][PASSED] - Object: 'Object Repository/Page_The Story and Evolution of Doodles - G_6e786d/p_The first Doodle was a simple out-of-offi_345e61' is clicked on

17-06-2024T18:37:17 - [TEST_STEP][PASSED] - verifyElementVisible(findTestObject("Object Repository/Page_The Story and Evolution of Doodles - G_6e786d/h1_The story behind Doodles")): Object 'Object Repository/Page_The Story and Evolution of Doodles - G_6e786d/h1_The story behind Doodles' is visible

17-06-2024T18:37:17 - [MESSAGE][PASSED] - Object 'Object Repository/Page_The Story and Evolution of Doodles - G_6e786d/h1_The story behind Doodles' is visible

17-06-2024T18:37:17 - [TEST_STEP][PASSED] - verifyElementVisible(findTestObject("Object Repository/Page_The Story and Evolution of Doodles - G_6e786d/p_The first Doodle was a simple out-of-offi_345e61")): Object 'Object Repository/Page_The Story and Evolution of Doodles - G_6e786d/p_The first Doodle was a simple out-of-offi_345e61' is visible

17-06-2024T18:37:17 - [MESSAGE][PASSED] - Object 'Object Repository/Page_The Story and Evolution of Doodles - G_6e786d/p_The first Doodle was a simple out-of-offi_345e61' is visible

17-06-2024T18:37:17 - [TEST_STEP][PASSED] - verifyElementVisible(findTestObject("Object Repository/Page_The Story and Evolution of Doodles - G_6e786d/h2_Weve created more than 5,000 Doodles ove_111429")): Object 'Object Repository/Page_The Story and Evolution of Doodles - G_6e786d/h2_Weve created more than 5,000 Doodles ove_111429' is visible

17-06-2024T18:37:18 - [MESSAGE][PASSED] - Object 'Object Repository/Page_The Story and Evolution of Doodles - G_6e786d/h2_Weve created more than 5,000 Doodles ove_111429' is visible

17-06-2024T18:37:18 - [TEST_STEP][PASSED] - click(findTestObject("Object Repository/Page_The Story and Evolution of Doodles - G_6e786d/p_The first Doodle was a simple out-of-offi_345e61")): Object: 'Object Repository/Page_The Story and Evolution of Doodles - G_6e786d/p_The first Doodle was a simple out-of-offi_345e61' is clicked on

17-06-2024T18:37:18 - [MESSAGE][PASSED] - Object: 'Object Repository/Page_The Story and Evolution of Doodles - G_6e786d/p_The first Doodle was a simple out-of-offi_345e61' is clicked on

17-06-2024T18:37:18 - [TEST_STEP][PASSED] - verifyElementVisible(findTestObject("Object Repository/Page_The Story and Evolution of Doodles - G_6e786d/h1_The story behind Doodles")): Object 'Object Repository/Page_The Story and Evolution of Doodles - G_6e786d/h1_The story behind Doodles' is visible

17-06-2024T18:37:18 - [MESSAGE][PASSED] - Object 'Object Repository/Page_The Story and Evolution of Doodles - G_6e786d/h1_The story behind Doodles' is visible

17-06-2024T18:37:18 - [TEST_STEP][PASSED] - verifyElementVisible(findTestObject("Object Repository/Page_The Story and Evolution of Doodles - G_6e786d/p_The first Doodle was a simple out-of-offi_345e61")): Object 'Object Repository/Page_The Story and Evolution of Doodles - G_6e786d/p_The first Doodle was a simple out-of-offi_345e61' is visible

17-06-2024T18:37:19 - [MESSAGE][PASSED] - Object 'Object Repository/Page_The Story and Evolution of Doodles - G_6e786d/p_The first Doodle was a simple out-of-offi_345e61' is visible

17-06-2024T18:37:19 - [TEST_STEP][PASSED] - verifyElementVisible(findTestObject("Object Repository/Page_The Story and Evolution of Doodles - G_6e786d/h2_Weve created more than 5,000 Doodles ove_111429")): Object 'Object Repository/Page_The Story and Evolution of Doodles - G_6e786d/h2_Weve created more than 5,000 Doodles ove_111429' is visible

17-06-2024T18:37:19 - [MESSAGE][PASSED] - Object 'Object Repository/Page_The Story and Evolution of Doodles - G_6e786d/h2_Weve created more than 5,000 Doodles ove_111429' is visible

17-06-2024T18:37:19 - [TEST_STEP][PASSED] - click(findTestObject("Object Repository/Page_The Story and Evolution of Doodles - G_6e786d/p_The first Doodle was a simple out-of-offi_345e61")): Object: 'Object Repository/Page_The Story and Evolution of Doodles - G_6e786d/p_The first Doodle was a simple out-of-offi_345e61' is clicked on

17-06-2024T18:37:20 - [MESSAGE][PASSED] - Object: 'Object Repository/Page_The Story and Evolution of Doodles - G_6e786d/p_The first Doodle was a simple out-of-offi_345e61' is clicked on

17-06-2024T18:37:20 - [TEST_STEP][PASSED] - verifyElementVisible(findTestObject("Object Repository/Page_The Story and Evolution of Doodles - G_6e786d/h1_The story behind Doodles")): Object 'Object Repository/Page_The Story and Evolution of Doodles - G_6e786d/h1_The story behind Doodles' is visible

17-06-2024T18:37:20 - [MESSAGE][PASSED] - Object 'Object Repository/Page_The Story and Evolution of Doodles - G_6e786d/h1_The story behind Doodles' is visible

17-06-2024T18:37:20 - [TEST_STEP][PASSED] - verifyElementVisible(findTestObject("Object Repository/Page_The Story and Evolution of Doodles - G_6e786d/p_The first Doodle was a simple out-of-offi_345e61")): Object 'Object Repository/Page_The Story and Evolution of Doodles - G_6e786d/p_The first Doodle was a simple out-of-offi_345e61' is visible

17-06-2024T18:37:20 - [MESSAGE][PASSED] - Object 'Object Repository/Page_The Story and Evolution of Doodles - G_6e786d/p_The first Doodle was a simple out-of-offi_345e61' is visible

17-06-2024T18:37:20 - [TEST_STEP][PASSED] - verifyElementVisible(findTestObject("Object Repository/Page_The Story and Evolution of Doodles - G_6e786d/h2_Weve created more than 5,000 Doodles ove_111429")): Object 'Object Repository/Page_The Story and Evolution of Doodles - G_6e786d/h2_Weve created more than 5,000 Doodles ove_111429' is visible

17-06-2024T18:37:21 - [MESSAGE][PASSED] - Object 'Object Repository/Page_The Story and Evolution of Doodles - G_6e786d/h2_Weve created more than 5,000 Doodles ove_111429' is visible

17-06-2024T18:37:21 - [TEST_STEP][PASSED] - click(findTestObject("Object Repository/Page_The Story and Evolution of Doodles - G_6e786d/p_The first Doodle was a simple out-of-offi_345e61")): Object: 'Object Repository/Page_The Story and Evolution of Doodles - G_6e786d/p_The first Doodle was a simple out-of-offi_345e61' is clicked on

17-06-2024T18:37:21 - [MESSAGE][PASSED] - Object: 'Object Repository/Page_The Story and Evolution of Doodles - G_6e786d/p_The first Doodle was a simple out-of-offi_345e61' is clicked on

17-06-2024T18:37:21 - [TEST_STEP][PASSED] - verifyElementVisible(findTestObject("Object Repository/Page_The Story and Evolution of Doodles - G_6e786d/h1_The story behind Doodles")): Object 'Object Repository/Page_The Story and Evolution of Doodles - G_6e786d/h1_The story behind Doodles' is visible

17-06-2024T18:37:21 - [MESSAGE][PASSED] - Object 'Object Repository/Page_The Story and Evolution of Doodles - G_6e786d/h1_The story behind Doodles' is visible

17-06-2024T18:37:21 - [TEST_STEP][PASSED] - verifyElementVisible(findTestObject("Object Repository/Page_The Story and Evolution of Doodles - G_6e786d/p_The first Doodle was a simple out-of-offi_345e61")): Object 'Object Repository/Page_The Story and Evolution of Doodles - G_6e786d/p_The first Doodle was a simple out-of-offi_345e61' is visible

17-06-2024T18:37:22 - [MESSAGE][PASSED] - Object 'Object Repository/Page_The Story and Evolution of Doodles - G_6e786d/p_The first Doodle was a simple out-of-offi_345e61' is visible

17-06-2024T18:37:22 - [TEST_STEP][PASSED] - verifyElementVisible(findTestObject("Object Repository/Page_The Story and Evolution of Doodles - G_6e786d/h2_Weve created more than 5,000 Doodles ove_111429")): Object 'Object Repository/Page_The Story and Evolution of Doodles - G_6e786d/h2_Weve created more than 5,000 Doodles ove_111429' is visible

17-06-2024T18:37:22 - [MESSAGE][PASSED] - Object 'Object Repository/Page_The Story and Evolution of Doodles - G_6e786d/h2_Weve created more than 5,000 Doodles ove_111429' is visible

17-06-2024T18:37:22 - [TEST_STEP][PASSED] - click(findTestObject("Object Repository/Page_The Story and Evolution of Doodles - G_6e786d/p_The first Doodle was a simple out-of-offi_345e61")): Object: 'Object Repository/Page_The Story and Evolution of Doodles - G_6e786d/p_The first Doodle was a simple out-of-offi_345e61' is clicked on

17-06-2024T18:37:22 - [MESSAGE][PASSED] - Object: 'Object Repository/Page_The Story and Evolution of Doodles - G_6e786d/p_The first Doodle was a simple out-of-offi_345e61' is clicked on

17-06-2024T18:37:22 - [TEST_STEP][PASSED] - verifyElementVisible(findTestObject("Object Repository/Page_The Story and Evolution of Doodles - G_6e786d/h1_The story behind Doodles")): Object 'Object Repository/Page_The Story and Evolution of Doodles - G_6e786d/h1_The story behind Doodles' is visible

17-06-2024T18:37:23 - [MESSAGE][PASSED] - Object 'Object Repository/Page_The Story and Evolution of Doodles - G_6e786d/h1_The story behind Doodles' is visible

17-06-2024T18:37:23 - [TEST_STEP][PASSED] - verifyElementVisible(findTestObject("Object Repository/Page_The Story and Evolution of Doodles - G_6e786d/p_The first Doodle was a simple out-of-offi_345e61")): Object 'Object Repository/Page_The Story and Evolution of Doodles - G_6e786d/p_The first Doodle was a simple out-of-offi_345e61' is visible

17-06-2024T18:37:23 - [MESSAGE][PASSED] - Object 'Object Repository/Page_The Story and Evolution of Doodles - G_6e786d/p_The first Doodle was a simple out-of-offi_345e61' is visible

17-06-2024T18:37:23 - [TEST_STEP][PASSED] - verifyElementVisible(findTestObject("Object Repository/Page_The Story and Evolution of Doodles - G_6e786d/h2_Weve created more than 5,000 Doodles ove_111429")): Object 'Object Repository/Page_The Story and Evolution of Doodles - G_6e786d/h2_Weve created more than 5,000 Doodles ove_111429' is visible

17-06-2024T18:37:23 - [MESSAGE][PASSED] - Object 'Object Repository/Page_The Story and Evolution of Doodles - G_6e786d/h2_Weve created more than 5,000 Doodles ove_111429' is visible

17-06-2024T18:37:23 - [TEST_STEP][PASSED] - click(findTestObject("Object Repository/Page_The Story and Evolution of Doodles - G_6e786d/p_The first Doodle was a simple out-of-offi_345e61")): Object: 'Object Repository/Page_The Story and Evolution of Doodles - G_6e786d/p_The first Doodle was a simple out-of-offi_345e61' is clicked on

17-06-2024T18:37:24 - [MESSAGE][PASSED] - Object: 'Object Repository/Page_The Story and Evolution of Doodles - G_6e786d/p_The first Doodle was a simple out-of-offi_345e61' is clicked on

17-06-2024T18:37:24 - [TEST_STEP][PASSED] - verifyElementVisible(findTestObject("Object Repository/Page_The Story and Evolution of Doodles - G_6e786d/h1_The story behind Doodles")): Object 'Object Repository/Page_The Story and Evolution of Doodles - G_6e786d/h1_The story behind Doodles' is visible

17-06-2024T18:37:24 - [MESSAGE][PASSED] - Object 'Object Repository/Page_The Story and Evolution of Doodles - G_6e786d/h1_The story behind Doodles' is visible

17-06-2024T18:37:24 - [TEST_STEP][PASSED] - verifyElementVisible(findTestObject("Object Repository/Page_The Story and Evolution of Doodles - G_6e786d/p_The first Doodle was a simple out-of-offi_345e61")): Object 'Object Repository/Page_The Story and Evolution of Doodles - G_6e786d/p_The first Doodle was a simple out-of-offi_345e61' is visible

17-06-2024T18:37:24 - [MESSAGE][PASSED] - Object 'Object Repository/Page_The Story and Evolution of Doodles - G_6e786d/p_The first Doodle was a simple out-of-offi_345e61' is visible

17-06-2024T18:37:24 - [TEST_STEP][PASSED] - verifyElementVisible(findTestObject("Object Repository/Page_The Story and Evolution of Doodles - G_6e786d/h2_Weve created more than 5,000 Doodles ove_111429")): Object 'Object Repository/Page_The Story and Evolution of Doodles - G_6e786d/h2_Weve created more than 5,000 Doodles ove_111429' is visible

17-06-2024T18:37:25 - [MESSAGE][PASSED] - Object 'Object Repository/Page_The Story and Evolution of Doodles - G_6e786d/h2_Weve created more than 5,000 Doodles ove_111429' is visible

17-06-2024T18:37:25 - [TEST_STEP][PASSED] - click(findTestObject("Object Repository/Page_The Story and Evolution of Doodles - G_6e786d/p_The first Doodle was a simple out-of-offi_345e61")): Object: 'Object Repository/Page_The Story and Evolution of Doodles - G_6e786d/p_The first Doodle was a simple out-of-offi_345e61' is clicked on

17-06-2024T18:37:25 - [MESSAGE][PASSED] - Object: 'Object Repository/Page_The Story and Evolution of Doodles - G_6e786d/p_The first Doodle was a simple out-of-offi_345e61' is clicked on

17-06-2024T18:37:25 - [TEST_STEP][PASSED] - verifyElementVisible(findTestObject("Object Repository/Page_The Story and Evolution of Doodles - G_6e786d/h1_The story behind Doodles")): Object 'Object Repository/Page_The Story and Evolution of Doodles - G_6e786d/h1_The story behind Doodles' is visible

17-06-2024T18:37:26 - [MESSAGE][PASSED] - Object 'Object Repository/Page_The Story and Evolution of Doodles - G_6e786d/h1_The story behind Doodles' is visible

17-06-2024T18:37:26 - [TEST_STEP][PASSED] - verifyElementVisible(findTestObject("Object Repository/Page_The Story and Evolution of Doodles - G_6e786d/p_The first Doodle was a simple out-of-offi_345e61")): Object 'Object Repository/Page_The Story and Evolution of Doodles - G_6e786d/p_The first Doodle was a simple out-of-offi_345e61' is visible

17-06-2024T18:37:26 - [MESSAGE][PASSED] - Object 'Object Repository/Page_The Story and Evolution of Doodles - G_6e786d/p_The first Doodle was a simple out-of-offi_345e61' is visible

17-06-2024T18:37:26 - [TEST_STEP][PASSED] - verifyElementVisible(findTestObject("Object Repository/Page_The Story and Evolution of Doodles - G_6e786d/h2_Weve created more than 5,000 Doodles ove_111429")): Object 'Object Repository/Page_The Story and Evolution of Doodles - G_6e786d/h2_Weve created more than 5,000 Doodles ove_111429' is visible

17-06-2024T18:37:26 - [MESSAGE][PASSED] - Object 'Object Repository/Page_The Story and Evolution of Doodles - G_6e786d/h2_Weve created more than 5,000 Doodles ove_111429' is visible

17-06-2024T18:37:26 - [TEST_STEP][PASSED] - click(findTestObject("Object Repository/Page_The Story and Evolution of Doodles - G_6e786d/p_The first Doodle was a simple out-of-offi_345e61")): Object: 'Object Repository/Page_The Story and Evolution of Doodles - G_6e786d/p_The first Doodle was a simple out-of-offi_345e61' is clicked on

17-06-2024T18:37:27 - [MESSAGE][PASSED] - Object: 'Object Repository/Page_The Story and Evolution of Doodles - G_6e786d/p_The first Doodle was a simple out-of-offi_345e61' is clicked on

17-06-2024T18:37:27 - [TEST_STEP][PASSED] - verifyElementVisible(findTestObject("Object Repository/Page_The Story and Evolution of Doodles - G_6e786d/h1_The story behind Doodles")): Object 'Object Repository/Page_The Story and Evolution of Doodles - G_6e786d/h1_The story behind Doodles' is visible

17-06-2024T18:37:27 - [MESSAGE][PASSED] - Object 'Object Repository/Page_The Story and Evolution of Doodles - G_6e786d/h1_The story behind Doodles' is visible

17-06-2024T18:37:27 - [TEST_STEP][PASSED] - verifyElementVisible(findTestObject("Object Repository/Page_The Story and Evolution of Doodles - G_6e786d/p_The first Doodle was a simple out-of-offi_345e61")): Object 'Object Repository/Page_The Story and Evolution of Doodles - G_6e786d/p_The first Doodle was a simple out-of-offi_345e61' is visible

17-06-2024T18:37:27 - [MESSAGE][PASSED] - Object 'Object Repository/Page_The Story and Evolution of Doodles - G_6e786d/p_The first Doodle was a simple out-of-offi_345e61' is visible

17-06-2024T18:37:27 - [TEST_STEP][PASSED] - verifyElementVisible(findTestObject("Object Repository/Page_The Story and Evolution of Doodles - G_6e786d/h2_Weve created more than 5,000 Doodles ove_111429")): Object 'Object Repository/Page_The Story and Evolution of Doodles - G_6e786d/h2_Weve created more than 5,000 Doodles ove_111429' is visible

17-06-2024T18:37:28 - [MESSAGE][PASSED] - Object 'Object Repository/Page_The Story and Evolution of Doodles - G_6e786d/h2_Weve created more than 5,000 Doodles ove_111429' is visible

17-06-2024T18:37:28 - [TEST_STEP][PASSED] - click(findTestObject("Object Repository/Page_The Story and Evolution of Doodles - G_6e786d/p_The first Doodle was a simple out-of-offi_345e61")): Object: 'Object Repository/Page_The Story and Evolution of Doodles - G_6e786d/p_The first Doodle was a simple out-of-offi_345e61' is clicked on

17-06-2024T18:37:28 - [MESSAGE][PASSED] - Object: 'Object Repository/Page_The Story and Evolution of Doodles - G_6e786d/p_The first Doodle was a simple out-of-offi_345e61' is clicked on

17-06-2024T18:37:28 - [TEST_STEP][PASSED] - verifyElementVisible(findTestObject("Object Repository/Page_The Story and Evolution of Doodles - G_6e786d/h1_The story behind Doodles")): Object 'Object Repository/Page_The Story and Evolution of Doodles - G_6e786d/h1_The story behind Doodles' is visible

17-06-2024T18:37:28 - [MESSAGE][PASSED] - Object 'Object Repository/Page_The Story and Evolution of Doodles - G_6e786d/h1_The story behind Doodles' is visible

17-06-2024T18:37:28 - [TEST_STEP][PASSED] - verifyElementVisible(findTestObject("Object Repository/Page_The Story and Evolution of Doodles - G_6e786d/p_The first Doodle was a simple out-of-offi_345e61")): Object 'Object Repository/Page_The Story and Evolution of Doodles - G_6e786d/p_The first Doodle was a simple out-of-offi_345e61' is visible

17-06-2024T18:37:29 - [MESSAGE][PASSED] - Object 'Object Repository/Page_The Story and Evolution of Doodles - G_6e786d/p_The first Doodle was a simple out-of-offi_345e61' is visible

17-06-2024T18:37:29 - [TEST_STEP][PASSED] - verifyElementVisible(findTestObject("Object Repository/Page_The Story and Evolution of Doodles - G_6e786d/h2_Weve created more than 5,000 Doodles ove_111429")): Object 'Object Repository/Page_The Story and Evolution of Doodles - G_6e786d/h2_Weve created more than 5,000 Doodles ove_111429' is visible

17-06-2024T18:37:29 - [MESSAGE][PASSED] - Object 'Object Repository/Page_The Story and Evolution of Doodles - G_6e786d/h2_Weve created more than 5,000 Doodles ove_111429' is visible]]></system-out>
         <system-err><![CDATA[]]></system-err>
      </testcase>
      <testcase name="Test Cases/test case folder 1/tc1 - Copy (1) - Copy (6)" time="20.021" classname="Test Cases/test case folder 1/tc1 - Copy (1) - Copy (6)" status="PASSED">
         <system-out><![CDATA[17-06-2024T18:37:29 - [TEST_CASE][PASSED] - Test Cases/test case folder 1/tc1 - Copy (1) - Copy (6): Test Cases/test case folder 1/tc1 - Copy (1) - Copy (6)

17-06-2024T18:37:29 - [TEST_STEP][PASSED] - openBrowser(""): Browser is opened with url: ''

17-06-2024T18:37:29 - [MESSAGE][WARNING] - A browser is already opened. Closing browser and opening a new one

17-06-2024T18:37:29 - [MESSAGE][INFO] - Starting 'Chrome (headless)' driver

17-06-2024T18:37:29 - [MESSAGE][INFO] - Action delay is set to 0 milliseconds

17-06-2024T18:37:30 - [MESSAGE][PASSED] - Browser is opened with url: ''

17-06-2024T18:37:30 - [TEST_STEP][PASSED] - navigateToUrl("https://doodles.google/about/"): Navigate to 'https://doodles.google/about/' successfully

17-06-2024T18:37:33 - [MESSAGE][PASSED] - Navigate to 'https://doodles.google/about/' successfully

17-06-2024T18:37:33 - [TEST_STEP][PASSED] - click(findTestObject("Object Repository/Page_The Story and Evolution of Doodles - G_6e786d/p_The first Doodle was a simple out-of-offi_345e61")): Object: 'Object Repository/Page_The Story and Evolution of Doodles - G_6e786d/p_The first Doodle was a simple out-of-offi_345e61' is clicked on

17-06-2024T18:37:34 - [MESSAGE][PASSED] - Object: 'Object Repository/Page_The Story and Evolution of Doodles - G_6e786d/p_The first Doodle was a simple out-of-offi_345e61' is clicked on

17-06-2024T18:37:34 - [TEST_STEP][PASSED] - click(findTestObject("Object Repository/Page_The Story and Evolution of Doodles - G_6e786d/p_The first Doodle was a simple out-of-offi_345e61")): Object: 'Object Repository/Page_The Story and Evolution of Doodles - G_6e786d/p_The first Doodle was a simple out-of-offi_345e61' is clicked on

17-06-2024T18:37:35 - [MESSAGE][PASSED] - Object: 'Object Repository/Page_The Story and Evolution of Doodles - G_6e786d/p_The first Doodle was a simple out-of-offi_345e61' is clicked on

17-06-2024T18:37:35 - [TEST_STEP][PASSED] - verifyElementVisible(findTestObject("Object Repository/Page_The Story and Evolution of Doodles - G_6e786d/h1_The story behind Doodles")): Object 'Object Repository/Page_The Story and Evolution of Doodles - G_6e786d/h1_The story behind Doodles' is visible

17-06-2024T18:37:35 - [MESSAGE][PASSED] - Object 'Object Repository/Page_The Story and Evolution of Doodles - G_6e786d/h1_The story behind Doodles' is visible

17-06-2024T18:37:35 - [TEST_STEP][PASSED] - verifyElementVisible(findTestObject("Object Repository/Page_The Story and Evolution of Doodles - G_6e786d/p_The first Doodle was a simple out-of-offi_345e61")): Object 'Object Repository/Page_The Story and Evolution of Doodles - G_6e786d/p_The first Doodle was a simple out-of-offi_345e61' is visible

17-06-2024T18:37:35 - [MESSAGE][PASSED] - Object 'Object Repository/Page_The Story and Evolution of Doodles - G_6e786d/p_The first Doodle was a simple out-of-offi_345e61' is visible

17-06-2024T18:37:35 - [TEST_STEP][PASSED] - verifyElementVisible(findTestObject("Object Repository/Page_The Story and Evolution of Doodles - G_6e786d/h2_Weve created more than 5,000 Doodles ove_111429")): Object 'Object Repository/Page_The Story and Evolution of Doodles - G_6e786d/h2_Weve created more than 5,000 Doodles ove_111429' is visible

17-06-2024T18:37:36 - [MESSAGE][PASSED] - Object 'Object Repository/Page_The Story and Evolution of Doodles - G_6e786d/h2_Weve created more than 5,000 Doodles ove_111429' is visible

17-06-2024T18:37:36 - [TEST_STEP][PASSED] - verifyElementVisible(findTestObject("Object Repository/Page_The Story and Evolution of Doodles - G_6e786d/h1_The story behind Doodles")): Object 'Object Repository/Page_The Story and Evolution of Doodles - G_6e786d/h1_The story behind Doodles' is visible

17-06-2024T18:37:36 - [MESSAGE][PASSED] - Object 'Object Repository/Page_The Story and Evolution of Doodles - G_6e786d/h1_The story behind Doodles' is visible

17-06-2024T18:37:36 - [TEST_STEP][PASSED] - verifyElementVisible(findTestObject("Object Repository/Page_The Story and Evolution of Doodles - G_6e786d/p_The first Doodle was a simple out-of-offi_345e61")): Object 'Object Repository/Page_The Story and Evolution of Doodles - G_6e786d/p_The first Doodle was a simple out-of-offi_345e61' is visible

17-06-2024T18:37:36 - [MESSAGE][PASSED] - Object 'Object Repository/Page_The Story and Evolution of Doodles - G_6e786d/p_The first Doodle was a simple out-of-offi_345e61' is visible

17-06-2024T18:37:36 - [TEST_STEP][PASSED] - verifyElementVisible(findTestObject("Object Repository/Page_The Story and Evolution of Doodles - G_6e786d/h2_Weve created more than 5,000 Doodles ove_111429")): Object 'Object Repository/Page_The Story and Evolution of Doodles - G_6e786d/h2_Weve created more than 5,000 Doodles ove_111429' is visible

17-06-2024T18:37:37 - [MESSAGE][PASSED] - Object 'Object Repository/Page_The Story and Evolution of Doodles - G_6e786d/h2_Weve created more than 5,000 Doodles ove_111429' is visible

17-06-2024T18:37:37 - [TEST_STEP][PASSED] - click(findTestObject("Object Repository/Page_The Story and Evolution of Doodles - G_6e786d/p_The first Doodle was a simple out-of-offi_345e61")): Object: 'Object Repository/Page_The Story and Evolution of Doodles - G_6e786d/p_The first Doodle was a simple out-of-offi_345e61' is clicked on

17-06-2024T18:37:37 - [MESSAGE][PASSED] - Object: 'Object Repository/Page_The Story and Evolution of Doodles - G_6e786d/p_The first Doodle was a simple out-of-offi_345e61' is clicked on

17-06-2024T18:37:37 - [TEST_STEP][PASSED] - verifyElementVisible(findTestObject("Object Repository/Page_The Story and Evolution of Doodles - G_6e786d/h1_The story behind Doodles")): Object 'Object Repository/Page_The Story and Evolution of Doodles - G_6e786d/h1_The story behind Doodles' is visible

17-06-2024T18:37:37 - [MESSAGE][PASSED] - Object 'Object Repository/Page_The Story and Evolution of Doodles - G_6e786d/h1_The story behind Doodles' is visible

17-06-2024T18:37:37 - [TEST_STEP][PASSED] - verifyElementVisible(findTestObject("Object Repository/Page_The Story and Evolution of Doodles - G_6e786d/p_The first Doodle was a simple out-of-offi_345e61")): Object 'Object Repository/Page_The Story and Evolution of Doodles - G_6e786d/p_The first Doodle was a simple out-of-offi_345e61' is visible

17-06-2024T18:37:38 - [MESSAGE][PASSED] - Object 'Object Repository/Page_The Story and Evolution of Doodles - G_6e786d/p_The first Doodle was a simple out-of-offi_345e61' is visible

17-06-2024T18:37:38 - [TEST_STEP][PASSED] - verifyElementVisible(findTestObject("Object Repository/Page_The Story and Evolution of Doodles - G_6e786d/h2_Weve created more than 5,000 Doodles ove_111429")): Object 'Object Repository/Page_The Story and Evolution of Doodles - G_6e786d/h2_Weve created more than 5,000 Doodles ove_111429' is visible

17-06-2024T18:37:38 - [MESSAGE][PASSED] - Object 'Object Repository/Page_The Story and Evolution of Doodles - G_6e786d/h2_Weve created more than 5,000 Doodles ove_111429' is visible

17-06-2024T18:37:38 - [TEST_STEP][PASSED] - click(findTestObject("Object Repository/Page_The Story and Evolution of Doodles - G_6e786d/p_The first Doodle was a simple out-of-offi_345e61")): Object: 'Object Repository/Page_The Story and Evolution of Doodles - G_6e786d/p_The first Doodle was a simple out-of-offi_345e61' is clicked on

17-06-2024T18:37:38 - [MESSAGE][PASSED] - Object: 'Object Repository/Page_The Story and Evolution of Doodles - G_6e786d/p_The first Doodle was a simple out-of-offi_345e61' is clicked on

17-06-2024T18:37:38 - [TEST_STEP][PASSED] - verifyElementVisible(findTestObject("Object Repository/Page_The Story and Evolution of Doodles - G_6e786d/h1_The story behind Doodles")): Object 'Object Repository/Page_The Story and Evolution of Doodles - G_6e786d/h1_The story behind Doodles' is visible

17-06-2024T18:37:39 - [MESSAGE][PASSED] - Object 'Object Repository/Page_The Story and Evolution of Doodles - G_6e786d/h1_The story behind Doodles' is visible

17-06-2024T18:37:39 - [TEST_STEP][PASSED] - verifyElementVisible(findTestObject("Object Repository/Page_The Story and Evolution of Doodles - G_6e786d/p_The first Doodle was a simple out-of-offi_345e61")): Object 'Object Repository/Page_The Story and Evolution of Doodles - G_6e786d/p_The first Doodle was a simple out-of-offi_345e61' is visible

17-06-2024T18:37:39 - [MESSAGE][PASSED] - Object 'Object Repository/Page_The Story and Evolution of Doodles - G_6e786d/p_The first Doodle was a simple out-of-offi_345e61' is visible

17-06-2024T18:37:39 - [TEST_STEP][PASSED] - verifyElementVisible(findTestObject("Object Repository/Page_The Story and Evolution of Doodles - G_6e786d/h2_Weve created more than 5,000 Doodles ove_111429")): Object 'Object Repository/Page_The Story and Evolution of Doodles - G_6e786d/h2_Weve created more than 5,000 Doodles ove_111429' is visible

17-06-2024T18:37:39 - [MESSAGE][PASSED] - Object 'Object Repository/Page_The Story and Evolution of Doodles - G_6e786d/h2_Weve created more than 5,000 Doodles ove_111429' is visible

17-06-2024T18:37:39 - [TEST_STEP][PASSED] - click(findTestObject("Object Repository/Page_The Story and Evolution of Doodles - G_6e786d/p_The first Doodle was a simple out-of-offi_345e61")): Object: 'Object Repository/Page_The Story and Evolution of Doodles - G_6e786d/p_The first Doodle was a simple out-of-offi_345e61' is clicked on

17-06-2024T18:37:40 - [MESSAGE][PASSED] - Object: 'Object Repository/Page_The Story and Evolution of Doodles - G_6e786d/p_The first Doodle was a simple out-of-offi_345e61' is clicked on

17-06-2024T18:37:40 - [TEST_STEP][PASSED] - verifyElementVisible(findTestObject("Object Repository/Page_The Story and Evolution of Doodles - G_6e786d/h1_The story behind Doodles")): Object 'Object Repository/Page_The Story and Evolution of Doodles - G_6e786d/h1_The story behind Doodles' is visible

17-06-2024T18:37:40 - [MESSAGE][PASSED] - Object 'Object Repository/Page_The Story and Evolution of Doodles - G_6e786d/h1_The story behind Doodles' is visible

17-06-2024T18:37:40 - [TEST_STEP][PASSED] - verifyElementVisible(findTestObject("Object Repository/Page_The Story and Evolution of Doodles - G_6e786d/p_The first Doodle was a simple out-of-offi_345e61")): Object 'Object Repository/Page_The Story and Evolution of Doodles - G_6e786d/p_The first Doodle was a simple out-of-offi_345e61' is visible

17-06-2024T18:37:40 - [MESSAGE][PASSED] - Object 'Object Repository/Page_The Story and Evolution of Doodles - G_6e786d/p_The first Doodle was a simple out-of-offi_345e61' is visible

17-06-2024T18:37:40 - [TEST_STEP][PASSED] - verifyElementVisible(findTestObject("Object Repository/Page_The Story and Evolution of Doodles - G_6e786d/h2_Weve created more than 5,000 Doodles ove_111429")): Object 'Object Repository/Page_The Story and Evolution of Doodles - G_6e786d/h2_Weve created more than 5,000 Doodles ove_111429' is visible

17-06-2024T18:37:41 - [MESSAGE][PASSED] - Object 'Object Repository/Page_The Story and Evolution of Doodles - G_6e786d/h2_Weve created more than 5,000 Doodles ove_111429' is visible

17-06-2024T18:37:41 - [TEST_STEP][PASSED] - click(findTestObject("Object Repository/Page_The Story and Evolution of Doodles - G_6e786d/p_The first Doodle was a simple out-of-offi_345e61")): Object: 'Object Repository/Page_The Story and Evolution of Doodles - G_6e786d/p_The first Doodle was a simple out-of-offi_345e61' is clicked on

17-06-2024T18:37:41 - [MESSAGE][PASSED] - Object: 'Object Repository/Page_The Story and Evolution of Doodles - G_6e786d/p_The first Doodle was a simple out-of-offi_345e61' is clicked on

17-06-2024T18:37:41 - [TEST_STEP][PASSED] - verifyElementVisible(findTestObject("Object Repository/Page_The Story and Evolution of Doodles - G_6e786d/h1_The story behind Doodles")): Object 'Object Repository/Page_The Story and Evolution of Doodles - G_6e786d/h1_The story behind Doodles' is visible

17-06-2024T18:37:42 - [MESSAGE][PASSED] - Object 'Object Repository/Page_The Story and Evolution of Doodles - G_6e786d/h1_The story behind Doodles' is visible

17-06-2024T18:37:42 - [TEST_STEP][PASSED] - verifyElementVisible(findTestObject("Object Repository/Page_The Story and Evolution of Doodles - G_6e786d/p_The first Doodle was a simple out-of-offi_345e61")): Object 'Object Repository/Page_The Story and Evolution of Doodles - G_6e786d/p_The first Doodle was a simple out-of-offi_345e61' is visible

17-06-2024T18:37:42 - [MESSAGE][PASSED] - Object 'Object Repository/Page_The Story and Evolution of Doodles - G_6e786d/p_The first Doodle was a simple out-of-offi_345e61' is visible

17-06-2024T18:37:42 - [TEST_STEP][PASSED] - verifyElementVisible(findTestObject("Object Repository/Page_The Story and Evolution of Doodles - G_6e786d/h2_Weve created more than 5,000 Doodles ove_111429")): Object 'Object Repository/Page_The Story and Evolution of Doodles - G_6e786d/h2_Weve created more than 5,000 Doodles ove_111429' is visible

17-06-2024T18:37:42 - [MESSAGE][PASSED] - Object 'Object Repository/Page_The Story and Evolution of Doodles - G_6e786d/h2_Weve created more than 5,000 Doodles ove_111429' is visible

17-06-2024T18:37:42 - [TEST_STEP][PASSED] - click(findTestObject("Object Repository/Page_The Story and Evolution of Doodles - G_6e786d/p_The first Doodle was a simple out-of-offi_345e61")): Object: 'Object Repository/Page_The Story and Evolution of Doodles - G_6e786d/p_The first Doodle was a simple out-of-offi_345e61' is clicked on

17-06-2024T18:37:43 - [MESSAGE][PASSED] - Object: 'Object Repository/Page_The Story and Evolution of Doodles - G_6e786d/p_The first Doodle was a simple out-of-offi_345e61' is clicked on

17-06-2024T18:37:43 - [TEST_STEP][PASSED] - verifyElementVisible(findTestObject("Object Repository/Page_The Story and Evolution of Doodles - G_6e786d/h1_The story behind Doodles")): Object 'Object Repository/Page_The Story and Evolution of Doodles - G_6e786d/h1_The story behind Doodles' is visible

17-06-2024T18:37:43 - [MESSAGE][PASSED] - Object 'Object Repository/Page_The Story and Evolution of Doodles - G_6e786d/h1_The story behind Doodles' is visible

17-06-2024T18:37:43 - [TEST_STEP][PASSED] - verifyElementVisible(findTestObject("Object Repository/Page_The Story and Evolution of Doodles - G_6e786d/p_The first Doodle was a simple out-of-offi_345e61")): Object 'Object Repository/Page_The Story and Evolution of Doodles - G_6e786d/p_The first Doodle was a simple out-of-offi_345e61' is visible

17-06-2024T18:37:43 - [MESSAGE][PASSED] - Object 'Object Repository/Page_The Story and Evolution of Doodles - G_6e786d/p_The first Doodle was a simple out-of-offi_345e61' is visible

17-06-2024T18:37:43 - [TEST_STEP][PASSED] - verifyElementVisible(findTestObject("Object Repository/Page_The Story and Evolution of Doodles - G_6e786d/h2_Weve created more than 5,000 Doodles ove_111429")): Object 'Object Repository/Page_The Story and Evolution of Doodles - G_6e786d/h2_Weve created more than 5,000 Doodles ove_111429' is visible

17-06-2024T18:37:44 - [MESSAGE][PASSED] - Object 'Object Repository/Page_The Story and Evolution of Doodles - G_6e786d/h2_Weve created more than 5,000 Doodles ove_111429' is visible

17-06-2024T18:37:44 - [TEST_STEP][PASSED] - click(findTestObject("Object Repository/Page_The Story and Evolution of Doodles - G_6e786d/p_The first Doodle was a simple out-of-offi_345e61")): Object: 'Object Repository/Page_The Story and Evolution of Doodles - G_6e786d/p_The first Doodle was a simple out-of-offi_345e61' is clicked on

17-06-2024T18:37:44 - [MESSAGE][PASSED] - Object: 'Object Repository/Page_The Story and Evolution of Doodles - G_6e786d/p_The first Doodle was a simple out-of-offi_345e61' is clicked on

17-06-2024T18:37:44 - [TEST_STEP][PASSED] - verifyElementVisible(findTestObject("Object Repository/Page_The Story and Evolution of Doodles - G_6e786d/h1_The story behind Doodles")): Object 'Object Repository/Page_The Story and Evolution of Doodles - G_6e786d/h1_The story behind Doodles' is visible

17-06-2024T18:37:44 - [MESSAGE][PASSED] - Object 'Object Repository/Page_The Story and Evolution of Doodles - G_6e786d/h1_The story behind Doodles' is visible

17-06-2024T18:37:44 - [TEST_STEP][PASSED] - verifyElementVisible(findTestObject("Object Repository/Page_The Story and Evolution of Doodles - G_6e786d/p_The first Doodle was a simple out-of-offi_345e61")): Object 'Object Repository/Page_The Story and Evolution of Doodles - G_6e786d/p_The first Doodle was a simple out-of-offi_345e61' is visible

17-06-2024T18:37:45 - [MESSAGE][PASSED] - Object 'Object Repository/Page_The Story and Evolution of Doodles - G_6e786d/p_The first Doodle was a simple out-of-offi_345e61' is visible

17-06-2024T18:37:45 - [TEST_STEP][PASSED] - verifyElementVisible(findTestObject("Object Repository/Page_The Story and Evolution of Doodles - G_6e786d/h2_Weve created more than 5,000 Doodles ove_111429")): Object 'Object Repository/Page_The Story and Evolution of Doodles - G_6e786d/h2_Weve created more than 5,000 Doodles ove_111429' is visible

17-06-2024T18:37:45 - [MESSAGE][PASSED] - Object 'Object Repository/Page_The Story and Evolution of Doodles - G_6e786d/h2_Weve created more than 5,000 Doodles ove_111429' is visible

17-06-2024T18:37:45 - [TEST_STEP][PASSED] - click(findTestObject("Object Repository/Page_The Story and Evolution of Doodles - G_6e786d/p_The first Doodle was a simple out-of-offi_345e61")): Object: 'Object Repository/Page_The Story and Evolution of Doodles - G_6e786d/p_The first Doodle was a simple out-of-offi_345e61' is clicked on

17-06-2024T18:37:45 - [MESSAGE][PASSED] - Object: 'Object Repository/Page_The Story and Evolution of Doodles - G_6e786d/p_The first Doodle was a simple out-of-offi_345e61' is clicked on

17-06-2024T18:37:45 - [TEST_STEP][PASSED] - verifyElementVisible(findTestObject("Object Repository/Page_The Story and Evolution of Doodles - G_6e786d/h1_The story behind Doodles")): Object 'Object Repository/Page_The Story and Evolution of Doodles - G_6e786d/h1_The story behind Doodles' is visible

17-06-2024T18:37:46 - [MESSAGE][PASSED] - Object 'Object Repository/Page_The Story and Evolution of Doodles - G_6e786d/h1_The story behind Doodles' is visible

17-06-2024T18:37:46 - [TEST_STEP][PASSED] - verifyElementVisible(findTestObject("Object Repository/Page_The Story and Evolution of Doodles - G_6e786d/p_The first Doodle was a simple out-of-offi_345e61")): Object 'Object Repository/Page_The Story and Evolution of Doodles - G_6e786d/p_The first Doodle was a simple out-of-offi_345e61' is visible

17-06-2024T18:37:46 - [MESSAGE][PASSED] - Object 'Object Repository/Page_The Story and Evolution of Doodles - G_6e786d/p_The first Doodle was a simple out-of-offi_345e61' is visible

17-06-2024T18:37:46 - [TEST_STEP][PASSED] - verifyElementVisible(findTestObject("Object Repository/Page_The Story and Evolution of Doodles - G_6e786d/h2_Weve created more than 5,000 Doodles ove_111429")): Object 'Object Repository/Page_The Story and Evolution of Doodles - G_6e786d/h2_Weve created more than 5,000 Doodles ove_111429' is visible

17-06-2024T18:37:46 - [MESSAGE][PASSED] - Object 'Object Repository/Page_The Story and Evolution of Doodles - G_6e786d/h2_Weve created more than 5,000 Doodles ove_111429' is visible

17-06-2024T18:37:46 - [TEST_STEP][PASSED] - click(findTestObject("Object Repository/Page_The Story and Evolution of Doodles - G_6e786d/p_The first Doodle was a simple out-of-offi_345e61")): Object: 'Object Repository/Page_The Story and Evolution of Doodles - G_6e786d/p_The first Doodle was a simple out-of-offi_345e61' is clicked on

17-06-2024T18:37:47 - [MESSAGE][PASSED] - Object: 'Object Repository/Page_The Story and Evolution of Doodles - G_6e786d/p_The first Doodle was a simple out-of-offi_345e61' is clicked on

17-06-2024T18:37:47 - [TEST_STEP][PASSED] - verifyElementVisible(findTestObject("Object Repository/Page_The Story and Evolution of Doodles - G_6e786d/h1_The story behind Doodles")): Object 'Object Repository/Page_The Story and Evolution of Doodles - G_6e786d/h1_The story behind Doodles' is visible

17-06-2024T18:37:47 - [MESSAGE][PASSED] - Object 'Object Repository/Page_The Story and Evolution of Doodles - G_6e786d/h1_The story behind Doodles' is visible

17-06-2024T18:37:47 - [TEST_STEP][PASSED] - verifyElementVisible(findTestObject("Object Repository/Page_The Story and Evolution of Doodles - G_6e786d/p_The first Doodle was a simple out-of-offi_345e61")): Object 'Object Repository/Page_The Story and Evolution of Doodles - G_6e786d/p_The first Doodle was a simple out-of-offi_345e61' is visible

17-06-2024T18:37:47 - [MESSAGE][PASSED] - Object 'Object Repository/Page_The Story and Evolution of Doodles - G_6e786d/p_The first Doodle was a simple out-of-offi_345e61' is visible

17-06-2024T18:37:47 - [TEST_STEP][PASSED] - verifyElementVisible(findTestObject("Object Repository/Page_The Story and Evolution of Doodles - G_6e786d/h2_Weve created more than 5,000 Doodles ove_111429")): Object 'Object Repository/Page_The Story and Evolution of Doodles - G_6e786d/h2_Weve created more than 5,000 Doodles ove_111429' is visible

17-06-2024T18:37:48 - [MESSAGE][PASSED] - Object 'Object Repository/Page_The Story and Evolution of Doodles - G_6e786d/h2_Weve created more than 5,000 Doodles ove_111429' is visible

17-06-2024T18:37:48 - [TEST_STEP][PASSED] - click(findTestObject("Object Repository/Page_The Story and Evolution of Doodles - G_6e786d/p_The first Doodle was a simple out-of-offi_345e61")): Object: 'Object Repository/Page_The Story and Evolution of Doodles - G_6e786d/p_The first Doodle was a simple out-of-offi_345e61' is clicked on

17-06-2024T18:37:48 - [MESSAGE][PASSED] - Object: 'Object Repository/Page_The Story and Evolution of Doodles - G_6e786d/p_The first Doodle was a simple out-of-offi_345e61' is clicked on

17-06-2024T18:37:48 - [TEST_STEP][PASSED] - verifyElementVisible(findTestObject("Object Repository/Page_The Story and Evolution of Doodles - G_6e786d/h1_The story behind Doodles")): Object 'Object Repository/Page_The Story and Evolution of Doodles - G_6e786d/h1_The story behind Doodles' is visible

17-06-2024T18:37:48 - [MESSAGE][PASSED] - Object 'Object Repository/Page_The Story and Evolution of Doodles - G_6e786d/h1_The story behind Doodles' is visible

17-06-2024T18:37:48 - [TEST_STEP][PASSED] - verifyElementVisible(findTestObject("Object Repository/Page_The Story and Evolution of Doodles - G_6e786d/p_The first Doodle was a simple out-of-offi_345e61")): Object 'Object Repository/Page_The Story and Evolution of Doodles - G_6e786d/p_The first Doodle was a simple out-of-offi_345e61' is visible

17-06-2024T18:37:49 - [MESSAGE][PASSED] - Object 'Object Repository/Page_The Story and Evolution of Doodles - G_6e786d/p_The first Doodle was a simple out-of-offi_345e61' is visible

17-06-2024T18:37:49 - [TEST_STEP][PASSED] - verifyElementVisible(findTestObject("Object Repository/Page_The Story and Evolution of Doodles - G_6e786d/h2_Weve created more than 5,000 Doodles ove_111429")): Object 'Object Repository/Page_The Story and Evolution of Doodles - G_6e786d/h2_Weve created more than 5,000 Doodles ove_111429' is visible

17-06-2024T18:37:49 - [MESSAGE][PASSED] - Object 'Object Repository/Page_The Story and Evolution of Doodles - G_6e786d/h2_Weve created more than 5,000 Doodles ove_111429' is visible]]></system-out>
         <system-err><![CDATA[]]></system-err>
      </testcase>
      <testcase name="Test Cases/test case folder 1/tc1 - Copy (1) - Copy" time="18.849" classname="Test Cases/test case folder 1/tc1 - Copy (1) - Copy" status="PASSED">
         <system-out><![CDATA[17-06-2024T18:38:32 - [TEST_CASE][PASSED] - Test Cases/test case folder 1/tc1 - Copy (1) - Copy: Test Cases/test case folder 1/tc1 - Copy (1) - Copy

17-06-2024T18:38:32 - [TEST_STEP][PASSED] - openBrowser(""): Browser is opened with url: ''

17-06-2024T18:38:32 - [MESSAGE][WARNING] - A browser is already opened. Closing browser and opening a new one

17-06-2024T18:38:32 - [MESSAGE][INFO] - Starting 'Chrome (headless)' driver

17-06-2024T18:38:32 - [MESSAGE][INFO] - Action delay is set to 0 milliseconds

17-06-2024T18:38:33 - [MESSAGE][PASSED] - Browser is opened with url: ''

17-06-2024T18:38:33 - [TEST_STEP][PASSED] - navigateToUrl("https://doodles.google/about/"): Navigate to 'https://doodles.google/about/' successfully

17-06-2024T18:38:36 - [MESSAGE][PASSED] - Navigate to 'https://doodles.google/about/' successfully

17-06-2024T18:38:36 - [TEST_STEP][PASSED] - click(findTestObject("Object Repository/Page_The Story and Evolution of Doodles - G_6e786d/p_The first Doodle was a simple out-of-offi_345e61")): Object: 'Object Repository/Page_The Story and Evolution of Doodles - G_6e786d/p_The first Doodle was a simple out-of-offi_345e61' is clicked on

17-06-2024T18:38:37 - [MESSAGE][PASSED] - Object: 'Object Repository/Page_The Story and Evolution of Doodles - G_6e786d/p_The first Doodle was a simple out-of-offi_345e61' is clicked on

17-06-2024T18:38:37 - [TEST_STEP][PASSED] - click(findTestObject("Object Repository/Page_The Story and Evolution of Doodles - G_6e786d/p_The first Doodle was a simple out-of-offi_345e61")): Object: 'Object Repository/Page_The Story and Evolution of Doodles - G_6e786d/p_The first Doodle was a simple out-of-offi_345e61' is clicked on

17-06-2024T18:38:37 - [MESSAGE][PASSED] - Object: 'Object Repository/Page_The Story and Evolution of Doodles - G_6e786d/p_The first Doodle was a simple out-of-offi_345e61' is clicked on

17-06-2024T18:38:37 - [TEST_STEP][PASSED] - verifyElementVisible(findTestObject("Object Repository/Page_The Story and Evolution of Doodles - G_6e786d/h1_The story behind Doodles")): Object 'Object Repository/Page_The Story and Evolution of Doodles - G_6e786d/h1_The story behind Doodles' is visible

17-06-2024T18:38:37 - [MESSAGE][PASSED] - Object 'Object Repository/Page_The Story and Evolution of Doodles - G_6e786d/h1_The story behind Doodles' is visible

17-06-2024T18:38:37 - [TEST_STEP][PASSED] - verifyElementVisible(findTestObject("Object Repository/Page_The Story and Evolution of Doodles - G_6e786d/p_The first Doodle was a simple out-of-offi_345e61")): Object 'Object Repository/Page_The Story and Evolution of Doodles - G_6e786d/p_The first Doodle was a simple out-of-offi_345e61' is visible

17-06-2024T18:38:38 - [MESSAGE][PASSED] - Object 'Object Repository/Page_The Story and Evolution of Doodles - G_6e786d/p_The first Doodle was a simple out-of-offi_345e61' is visible

17-06-2024T18:38:38 - [TEST_STEP][PASSED] - verifyElementVisible(findTestObject("Object Repository/Page_The Story and Evolution of Doodles - G_6e786d/h2_Weve created more than 5,000 Doodles ove_111429")): Object 'Object Repository/Page_The Story and Evolution of Doodles - G_6e786d/h2_Weve created more than 5,000 Doodles ove_111429' is visible

17-06-2024T18:38:38 - [MESSAGE][PASSED] - Object 'Object Repository/Page_The Story and Evolution of Doodles - G_6e786d/h2_Weve created more than 5,000 Doodles ove_111429' is visible

17-06-2024T18:38:38 - [TEST_STEP][PASSED] - verifyElementVisible(findTestObject("Object Repository/Page_The Story and Evolution of Doodles - G_6e786d/h1_The story behind Doodles")): Object 'Object Repository/Page_The Story and Evolution of Doodles - G_6e786d/h1_The story behind Doodles' is visible

17-06-2024T18:38:38 - [MESSAGE][PASSED] - Object 'Object Repository/Page_The Story and Evolution of Doodles - G_6e786d/h1_The story behind Doodles' is visible

17-06-2024T18:38:38 - [TEST_STEP][PASSED] - verifyElementVisible(findTestObject("Object Repository/Page_The Story and Evolution of Doodles - G_6e786d/p_The first Doodle was a simple out-of-offi_345e61")): Object 'Object Repository/Page_The Story and Evolution of Doodles - G_6e786d/p_The first Doodle was a simple out-of-offi_345e61' is visible

17-06-2024T18:38:39 - [MESSAGE][PASSED] - Object 'Object Repository/Page_The Story and Evolution of Doodles - G_6e786d/p_The first Doodle was a simple out-of-offi_345e61' is visible

17-06-2024T18:38:39 - [TEST_STEP][PASSED] - verifyElementVisible(findTestObject("Object Repository/Page_The Story and Evolution of Doodles - G_6e786d/h2_Weve created more than 5,000 Doodles ove_111429")): Object 'Object Repository/Page_The Story and Evolution of Doodles - G_6e786d/h2_Weve created more than 5,000 Doodles ove_111429' is visible

17-06-2024T18:38:39 - [MESSAGE][PASSED] - Object 'Object Repository/Page_The Story and Evolution of Doodles - G_6e786d/h2_Weve created more than 5,000 Doodles ove_111429' is visible

17-06-2024T18:38:39 - [TEST_STEP][PASSED] - click(findTestObject("Object Repository/Page_The Story and Evolution of Doodles - G_6e786d/p_The first Doodle was a simple out-of-offi_345e61")): Object: 'Object Repository/Page_The Story and Evolution of Doodles - G_6e786d/p_The first Doodle was a simple out-of-offi_345e61' is clicked on

17-06-2024T18:38:39 - [MESSAGE][PASSED] - Object: 'Object Repository/Page_The Story and Evolution of Doodles - G_6e786d/p_The first Doodle was a simple out-of-offi_345e61' is clicked on

17-06-2024T18:38:39 - [TEST_STEP][PASSED] - verifyElementVisible(findTestObject("Object Repository/Page_The Story and Evolution of Doodles - G_6e786d/h1_The story behind Doodles")): Object 'Object Repository/Page_The Story and Evolution of Doodles - G_6e786d/h1_The story behind Doodles' is visible

17-06-2024T18:38:40 - [MESSAGE][PASSED] - Object 'Object Repository/Page_The Story and Evolution of Doodles - G_6e786d/h1_The story behind Doodles' is visible

17-06-2024T18:38:40 - [TEST_STEP][PASSED] - verifyElementVisible(findTestObject("Object Repository/Page_The Story and Evolution of Doodles - G_6e786d/p_The first Doodle was a simple out-of-offi_345e61")): Object 'Object Repository/Page_The Story and Evolution of Doodles - G_6e786d/p_The first Doodle was a simple out-of-offi_345e61' is visible

17-06-2024T18:38:40 - [MESSAGE][PASSED] - Object 'Object Repository/Page_The Story and Evolution of Doodles - G_6e786d/p_The first Doodle was a simple out-of-offi_345e61' is visible

17-06-2024T18:38:40 - [TEST_STEP][PASSED] - verifyElementVisible(findTestObject("Object Repository/Page_The Story and Evolution of Doodles - G_6e786d/h2_Weve created more than 5,000 Doodles ove_111429")): Object 'Object Repository/Page_The Story and Evolution of Doodles - G_6e786d/h2_Weve created more than 5,000 Doodles ove_111429' is visible

17-06-2024T18:38:40 - [MESSAGE][PASSED] - Object 'Object Repository/Page_The Story and Evolution of Doodles - G_6e786d/h2_Weve created more than 5,000 Doodles ove_111429' is visible

17-06-2024T18:38:40 - [TEST_STEP][PASSED] - click(findTestObject("Object Repository/Page_The Story and Evolution of Doodles - G_6e786d/p_The first Doodle was a simple out-of-offi_345e61")): Object: 'Object Repository/Page_The Story and Evolution of Doodles - G_6e786d/p_The first Doodle was a simple out-of-offi_345e61' is clicked on

17-06-2024T18:38:41 - [MESSAGE][PASSED] - Object: 'Object Repository/Page_The Story and Evolution of Doodles - G_6e786d/p_The first Doodle was a simple out-of-offi_345e61' is clicked on

17-06-2024T18:38:41 - [TEST_STEP][PASSED] - verifyElementVisible(findTestObject("Object Repository/Page_The Story and Evolution of Doodles - G_6e786d/h1_The story behind Doodles")): Object 'Object Repository/Page_The Story and Evolution of Doodles - G_6e786d/h1_The story behind Doodles' is visible

17-06-2024T18:38:41 - [MESSAGE][PASSED] - Object 'Object Repository/Page_The Story and Evolution of Doodles - G_6e786d/h1_The story behind Doodles' is visible

17-06-2024T18:38:41 - [TEST_STEP][PASSED] - verifyElementVisible(findTestObject("Object Repository/Page_The Story and Evolution of Doodles - G_6e786d/p_The first Doodle was a simple out-of-offi_345e61")): Object 'Object Repository/Page_The Story and Evolution of Doodles - G_6e786d/p_The first Doodle was a simple out-of-offi_345e61' is visible

17-06-2024T18:38:41 - [MESSAGE][PASSED] - Object 'Object Repository/Page_The Story and Evolution of Doodles - G_6e786d/p_The first Doodle was a simple out-of-offi_345e61' is visible

17-06-2024T18:38:41 - [TEST_STEP][PASSED] - verifyElementVisible(findTestObject("Object Repository/Page_The Story and Evolution of Doodles - G_6e786d/h2_Weve created more than 5,000 Doodles ove_111429")): Object 'Object Repository/Page_The Story and Evolution of Doodles - G_6e786d/h2_Weve created more than 5,000 Doodles ove_111429' is visible

17-06-2024T18:38:42 - [MESSAGE][PASSED] - Object 'Object Repository/Page_The Story and Evolution of Doodles - G_6e786d/h2_Weve created more than 5,000 Doodles ove_111429' is visible

17-06-2024T18:38:42 - [TEST_STEP][PASSED] - click(findTestObject("Object Repository/Page_The Story and Evolution of Doodles - G_6e786d/p_The first Doodle was a simple out-of-offi_345e61")): Object: 'Object Repository/Page_The Story and Evolution of Doodles - G_6e786d/p_The first Doodle was a simple out-of-offi_345e61' is clicked on

17-06-2024T18:38:42 - [MESSAGE][PASSED] - Object: 'Object Repository/Page_The Story and Evolution of Doodles - G_6e786d/p_The first Doodle was a simple out-of-offi_345e61' is clicked on

17-06-2024T18:38:42 - [TEST_STEP][PASSED] - verifyElementVisible(findTestObject("Object Repository/Page_The Story and Evolution of Doodles - G_6e786d/h1_The story behind Doodles")): Object 'Object Repository/Page_The Story and Evolution of Doodles - G_6e786d/h1_The story behind Doodles' is visible

17-06-2024T18:38:42 - [MESSAGE][PASSED] - Object 'Object Repository/Page_The Story and Evolution of Doodles - G_6e786d/h1_The story behind Doodles' is visible

17-06-2024T18:38:42 - [TEST_STEP][PASSED] - verifyElementVisible(findTestObject("Object Repository/Page_The Story and Evolution of Doodles - G_6e786d/p_The first Doodle was a simple out-of-offi_345e61")): Object 'Object Repository/Page_The Story and Evolution of Doodles - G_6e786d/p_The first Doodle was a simple out-of-offi_345e61' is visible

17-06-2024T18:38:43 - [MESSAGE][PASSED] - Object 'Object Repository/Page_The Story and Evolution of Doodles - G_6e786d/p_The first Doodle was a simple out-of-offi_345e61' is visible

17-06-2024T18:38:43 - [TEST_STEP][PASSED] - verifyElementVisible(findTestObject("Object Repository/Page_The Story and Evolution of Doodles - G_6e786d/h2_Weve created more than 5,000 Doodles ove_111429")): Object 'Object Repository/Page_The Story and Evolution of Doodles - G_6e786d/h2_Weve created more than 5,000 Doodles ove_111429' is visible

17-06-2024T18:38:43 - [MESSAGE][PASSED] - Object 'Object Repository/Page_The Story and Evolution of Doodles - G_6e786d/h2_Weve created more than 5,000 Doodles ove_111429' is visible

17-06-2024T18:38:43 - [TEST_STEP][PASSED] - click(findTestObject("Object Repository/Page_The Story and Evolution of Doodles - G_6e786d/p_The first Doodle was a simple out-of-offi_345e61")): Object: 'Object Repository/Page_The Story and Evolution of Doodles - G_6e786d/p_The first Doodle was a simple out-of-offi_345e61' is clicked on

17-06-2024T18:38:43 - [MESSAGE][PASSED] - Object: 'Object Repository/Page_The Story and Evolution of Doodles - G_6e786d/p_The first Doodle was a simple out-of-offi_345e61' is clicked on

17-06-2024T18:38:43 - [TEST_STEP][PASSED] - verifyElementVisible(findTestObject("Object Repository/Page_The Story and Evolution of Doodles - G_6e786d/h1_The story behind Doodles")): Object 'Object Repository/Page_The Story and Evolution of Doodles - G_6e786d/h1_The story behind Doodles' is visible

17-06-2024T18:38:44 - [MESSAGE][PASSED] - Object 'Object Repository/Page_The Story and Evolution of Doodles - G_6e786d/h1_The story behind Doodles' is visible

17-06-2024T18:38:44 - [TEST_STEP][PASSED] - verifyElementVisible(findTestObject("Object Repository/Page_The Story and Evolution of Doodles - G_6e786d/p_The first Doodle was a simple out-of-offi_345e61")): Object 'Object Repository/Page_The Story and Evolution of Doodles - G_6e786d/p_The first Doodle was a simple out-of-offi_345e61' is visible

17-06-2024T18:38:44 - [MESSAGE][PASSED] - Object 'Object Repository/Page_The Story and Evolution of Doodles - G_6e786d/p_The first Doodle was a simple out-of-offi_345e61' is visible

17-06-2024T18:38:44 - [TEST_STEP][PASSED] - verifyElementVisible(findTestObject("Object Repository/Page_The Story and Evolution of Doodles - G_6e786d/h2_Weve created more than 5,000 Doodles ove_111429")): Object 'Object Repository/Page_The Story and Evolution of Doodles - G_6e786d/h2_Weve created more than 5,000 Doodles ove_111429' is visible

17-06-2024T18:38:44 - [MESSAGE][PASSED] - Object 'Object Repository/Page_The Story and Evolution of Doodles - G_6e786d/h2_Weve created more than 5,000 Doodles ove_111429' is visible

17-06-2024T18:38:44 - [TEST_STEP][PASSED] - click(findTestObject("Object Repository/Page_The Story and Evolution of Doodles - G_6e786d/p_The first Doodle was a simple out-of-offi_345e61")): Object: 'Object Repository/Page_The Story and Evolution of Doodles - G_6e786d/p_The first Doodle was a simple out-of-offi_345e61' is clicked on

17-06-2024T18:38:45 - [MESSAGE][PASSED] - Object: 'Object Repository/Page_The Story and Evolution of Doodles - G_6e786d/p_The first Doodle was a simple out-of-offi_345e61' is clicked on

17-06-2024T18:38:45 - [TEST_STEP][PASSED] - verifyElementVisible(findTestObject("Object Repository/Page_The Story and Evolution of Doodles - G_6e786d/h1_The story behind Doodles")): Object 'Object Repository/Page_The Story and Evolution of Doodles - G_6e786d/h1_The story behind Doodles' is visible

17-06-2024T18:38:45 - [MESSAGE][PASSED] - Object 'Object Repository/Page_The Story and Evolution of Doodles - G_6e786d/h1_The story behind Doodles' is visible

17-06-2024T18:38:45 - [TEST_STEP][PASSED] - verifyElementVisible(findTestObject("Object Repository/Page_The Story and Evolution of Doodles - G_6e786d/p_The first Doodle was a simple out-of-offi_345e61")): Object 'Object Repository/Page_The Story and Evolution of Doodles - G_6e786d/p_The first Doodle was a simple out-of-offi_345e61' is visible

17-06-2024T18:38:45 - [MESSAGE][PASSED] - Object 'Object Repository/Page_The Story and Evolution of Doodles - G_6e786d/p_The first Doodle was a simple out-of-offi_345e61' is visible

17-06-2024T18:38:45 - [TEST_STEP][PASSED] - verifyElementVisible(findTestObject("Object Repository/Page_The Story and Evolution of Doodles - G_6e786d/h2_Weve created more than 5,000 Doodles ove_111429")): Object 'Object Repository/Page_The Story and Evolution of Doodles - G_6e786d/h2_Weve created more than 5,000 Doodles ove_111429' is visible

17-06-2024T18:38:45 - [MESSAGE][PASSED] - Object 'Object Repository/Page_The Story and Evolution of Doodles - G_6e786d/h2_Weve created more than 5,000 Doodles ove_111429' is visible

17-06-2024T18:38:45 - [TEST_STEP][PASSED] - click(findTestObject("Object Repository/Page_The Story and Evolution of Doodles - G_6e786d/p_The first Doodle was a simple out-of-offi_345e61")): Object: 'Object Repository/Page_The Story and Evolution of Doodles - G_6e786d/p_The first Doodle was a simple out-of-offi_345e61' is clicked on

17-06-2024T18:38:46 - [MESSAGE][PASSED] - Object: 'Object Repository/Page_The Story and Evolution of Doodles - G_6e786d/p_The first Doodle was a simple out-of-offi_345e61' is clicked on

17-06-2024T18:38:46 - [TEST_STEP][PASSED] - verifyElementVisible(findTestObject("Object Repository/Page_The Story and Evolution of Doodles - G_6e786d/h1_The story behind Doodles")): Object 'Object Repository/Page_The Story and Evolution of Doodles - G_6e786d/h1_The story behind Doodles' is visible

17-06-2024T18:38:46 - [MESSAGE][PASSED] - Object 'Object Repository/Page_The Story and Evolution of Doodles - G_6e786d/h1_The story behind Doodles' is visible

17-06-2024T18:38:46 - [TEST_STEP][PASSED] - verifyElementVisible(findTestObject("Object Repository/Page_The Story and Evolution of Doodles - G_6e786d/p_The first Doodle was a simple out-of-offi_345e61")): Object 'Object Repository/Page_The Story and Evolution of Doodles - G_6e786d/p_The first Doodle was a simple out-of-offi_345e61' is visible

17-06-2024T18:38:47 - [MESSAGE][PASSED] - Object 'Object Repository/Page_The Story and Evolution of Doodles - G_6e786d/p_The first Doodle was a simple out-of-offi_345e61' is visible

17-06-2024T18:38:47 - [TEST_STEP][PASSED] - verifyElementVisible(findTestObject("Object Repository/Page_The Story and Evolution of Doodles - G_6e786d/h2_Weve created more than 5,000 Doodles ove_111429")): Object 'Object Repository/Page_The Story and Evolution of Doodles - G_6e786d/h2_Weve created more than 5,000 Doodles ove_111429' is visible

17-06-2024T18:38:47 - [MESSAGE][PASSED] - Object 'Object Repository/Page_The Story and Evolution of Doodles - G_6e786d/h2_Weve created more than 5,000 Doodles ove_111429' is visible

17-06-2024T18:38:47 - [TEST_STEP][PASSED] - click(findTestObject("Object Repository/Page_The Story and Evolution of Doodles - G_6e786d/p_The first Doodle was a simple out-of-offi_345e61")): Object: 'Object Repository/Page_The Story and Evolution of Doodles - G_6e786d/p_The first Doodle was a simple out-of-offi_345e61' is clicked on

17-06-2024T18:38:47 - [MESSAGE][PASSED] - Object: 'Object Repository/Page_The Story and Evolution of Doodles - G_6e786d/p_The first Doodle was a simple out-of-offi_345e61' is clicked on

17-06-2024T18:38:47 - [TEST_STEP][PASSED] - verifyElementVisible(findTestObject("Object Repository/Page_The Story and Evolution of Doodles - G_6e786d/h1_The story behind Doodles")): Object 'Object Repository/Page_The Story and Evolution of Doodles - G_6e786d/h1_The story behind Doodles' is visible

17-06-2024T18:38:48 - [MESSAGE][PASSED] - Object 'Object Repository/Page_The Story and Evolution of Doodles - G_6e786d/h1_The story behind Doodles' is visible

17-06-2024T18:38:48 - [TEST_STEP][PASSED] - verifyElementVisible(findTestObject("Object Repository/Page_The Story and Evolution of Doodles - G_6e786d/p_The first Doodle was a simple out-of-offi_345e61")): Object 'Object Repository/Page_The Story and Evolution of Doodles - G_6e786d/p_The first Doodle was a simple out-of-offi_345e61' is visible

17-06-2024T18:38:48 - [MESSAGE][PASSED] - Object 'Object Repository/Page_The Story and Evolution of Doodles - G_6e786d/p_The first Doodle was a simple out-of-offi_345e61' is visible

17-06-2024T18:38:48 - [TEST_STEP][PASSED] - verifyElementVisible(findTestObject("Object Repository/Page_The Story and Evolution of Doodles - G_6e786d/h2_Weve created more than 5,000 Doodles ove_111429")): Object 'Object Repository/Page_The Story and Evolution of Doodles - G_6e786d/h2_Weve created more than 5,000 Doodles ove_111429' is visible

17-06-2024T18:38:48 - [MESSAGE][PASSED] - Object 'Object Repository/Page_The Story and Evolution of Doodles - G_6e786d/h2_Weve created more than 5,000 Doodles ove_111429' is visible

17-06-2024T18:38:48 - [TEST_STEP][PASSED] - click(findTestObject("Object Repository/Page_The Story and Evolution of Doodles - G_6e786d/p_The first Doodle was a simple out-of-offi_345e61")): Object: 'Object Repository/Page_The Story and Evolution of Doodles - G_6e786d/p_The first Doodle was a simple out-of-offi_345e61' is clicked on

17-06-2024T18:38:49 - [MESSAGE][PASSED] - Object: 'Object Repository/Page_The Story and Evolution of Doodles - G_6e786d/p_The first Doodle was a simple out-of-offi_345e61' is clicked on

17-06-2024T18:38:49 - [TEST_STEP][PASSED] - verifyElementVisible(findTestObject("Object Repository/Page_The Story and Evolution of Doodles - G_6e786d/h1_The story behind Doodles")): Object 'Object Repository/Page_The Story and Evolution of Doodles - G_6e786d/h1_The story behind Doodles' is visible

17-06-2024T18:38:49 - [MESSAGE][PASSED] - Object 'Object Repository/Page_The Story and Evolution of Doodles - G_6e786d/h1_The story behind Doodles' is visible

17-06-2024T18:38:49 - [TEST_STEP][PASSED] - verifyElementVisible(findTestObject("Object Repository/Page_The Story and Evolution of Doodles - G_6e786d/p_The first Doodle was a simple out-of-offi_345e61")): Object 'Object Repository/Page_The Story and Evolution of Doodles - G_6e786d/p_The first Doodle was a simple out-of-offi_345e61' is visible

17-06-2024T18:38:50 - [MESSAGE][PASSED] - Object 'Object Repository/Page_The Story and Evolution of Doodles - G_6e786d/p_The first Doodle was a simple out-of-offi_345e61' is visible

17-06-2024T18:38:50 - [TEST_STEP][PASSED] - verifyElementVisible(findTestObject("Object Repository/Page_The Story and Evolution of Doodles - G_6e786d/h2_Weve created more than 5,000 Doodles ove_111429")): Object 'Object Repository/Page_The Story and Evolution of Doodles - G_6e786d/h2_Weve created more than 5,000 Doodles ove_111429' is visible

17-06-2024T18:38:50 - [MESSAGE][PASSED] - Object 'Object Repository/Page_The Story and Evolution of Doodles - G_6e786d/h2_Weve created more than 5,000 Doodles ove_111429' is visible

17-06-2024T18:38:50 - [TEST_STEP][PASSED] - click(findTestObject("Object Repository/Page_The Story and Evolution of Doodles - G_6e786d/p_The first Doodle was a simple out-of-offi_345e61")): Object: 'Object Repository/Page_The Story and Evolution of Doodles - G_6e786d/p_The first Doodle was a simple out-of-offi_345e61' is clicked on

17-06-2024T18:38:50 - [MESSAGE][PASSED] - Object: 'Object Repository/Page_The Story and Evolution of Doodles - G_6e786d/p_The first Doodle was a simple out-of-offi_345e61' is clicked on

17-06-2024T18:38:50 - [TEST_STEP][PASSED] - verifyElementVisible(findTestObject("Object Repository/Page_The Story and Evolution of Doodles - G_6e786d/h1_The story behind Doodles")): Object 'Object Repository/Page_The Story and Evolution of Doodles - G_6e786d/h1_The story behind Doodles' is visible

17-06-2024T18:38:51 - [MESSAGE][PASSED] - Object 'Object Repository/Page_The Story and Evolution of Doodles - G_6e786d/h1_The story behind Doodles' is visible

17-06-2024T18:38:51 - [TEST_STEP][PASSED] - verifyElementVisible(findTestObject("Object Repository/Page_The Story and Evolution of Doodles - G_6e786d/p_The first Doodle was a simple out-of-offi_345e61")): Object 'Object Repository/Page_The Story and Evolution of Doodles - G_6e786d/p_The first Doodle was a simple out-of-offi_345e61' is visible

17-06-2024T18:38:51 - [MESSAGE][PASSED] - Object 'Object Repository/Page_The Story and Evolution of Doodles - G_6e786d/p_The first Doodle was a simple out-of-offi_345e61' is visible

17-06-2024T18:38:51 - [TEST_STEP][PASSED] - verifyElementVisible(findTestObject("Object Repository/Page_The Story and Evolution of Doodles - G_6e786d/h2_Weve created more than 5,000 Doodles ove_111429")): Object 'Object Repository/Page_The Story and Evolution of Doodles - G_6e786d/h2_Weve created more than 5,000 Doodles ove_111429' is visible

17-06-2024T18:38:51 - [MESSAGE][PASSED] - Object 'Object Repository/Page_The Story and Evolution of Doodles - G_6e786d/h2_Weve created more than 5,000 Doodles ove_111429' is visible]]></system-out>
         <system-err><![CDATA[]]></system-err>
      </testcase>
      <testcase name="Test Cases/test case folder 1/tc1 - Copy (10)" time="19.747" classname="Test Cases/test case folder 1/tc1 - Copy (10)" status="PASSED">
         <system-out><![CDATA[17-06-2024T18:38:51 - [TEST_CASE][PASSED] - Test Cases/test case folder 1/tc1 - Copy (10): Test Cases/test case folder 1/tc1 - Copy (10)

17-06-2024T18:38:51 - [TEST_STEP][PASSED] - openBrowser(""): Browser is opened with url: ''

17-06-2024T18:38:51 - [MESSAGE][WARNING] - A browser is already opened. Closing browser and opening a new one

17-06-2024T18:38:52 - [MESSAGE][INFO] - Starting 'Chrome (headless)' driver

17-06-2024T18:38:52 - [MESSAGE][INFO] - Action delay is set to 0 milliseconds

17-06-2024T18:38:53 - [MESSAGE][PASSED] - Browser is opened with url: ''

17-06-2024T18:38:53 - [TEST_STEP][PASSED] - navigateToUrl("https://doodles.google/about/"): Navigate to 'https://doodles.google/about/' successfully

17-06-2024T18:38:56 - [MESSAGE][PASSED] - Navigate to 'https://doodles.google/about/' successfully

17-06-2024T18:38:56 - [TEST_STEP][PASSED] - click(findTestObject("Object Repository/Page_The Story and Evolution of Doodles - G_6e786d/p_The first Doodle was a simple out-of-offi_345e61")): Object: 'Object Repository/Page_The Story and Evolution of Doodles - G_6e786d/p_The first Doodle was a simple out-of-offi_345e61' is clicked on

17-06-2024T18:38:56 - [MESSAGE][PASSED] - Object: 'Object Repository/Page_The Story and Evolution of Doodles - G_6e786d/p_The first Doodle was a simple out-of-offi_345e61' is clicked on

17-06-2024T18:38:56 - [TEST_STEP][PASSED] - click(findTestObject("Object Repository/Page_The Story and Evolution of Doodles - G_6e786d/p_The first Doodle was a simple out-of-offi_345e61")): Object: 'Object Repository/Page_The Story and Evolution of Doodles - G_6e786d/p_The first Doodle was a simple out-of-offi_345e61' is clicked on

17-06-2024T18:38:57 - [MESSAGE][PASSED] - Object: 'Object Repository/Page_The Story and Evolution of Doodles - G_6e786d/p_The first Doodle was a simple out-of-offi_345e61' is clicked on

17-06-2024T18:38:57 - [TEST_STEP][PASSED] - verifyElementVisible(findTestObject("Object Repository/Page_The Story and Evolution of Doodles - G_6e786d/h1_The story behind Doodles")): Object 'Object Repository/Page_The Story and Evolution of Doodles - G_6e786d/h1_The story behind Doodles' is visible

17-06-2024T18:38:57 - [MESSAGE][PASSED] - Object 'Object Repository/Page_The Story and Evolution of Doodles - G_6e786d/h1_The story behind Doodles' is visible

17-06-2024T18:38:57 - [TEST_STEP][PASSED] - verifyElementVisible(findTestObject("Object Repository/Page_The Story and Evolution of Doodles - G_6e786d/p_The first Doodle was a simple out-of-offi_345e61")): Object 'Object Repository/Page_The Story and Evolution of Doodles - G_6e786d/p_The first Doodle was a simple out-of-offi_345e61' is visible

17-06-2024T18:38:57 - [MESSAGE][PASSED] - Object 'Object Repository/Page_The Story and Evolution of Doodles - G_6e786d/p_The first Doodle was a simple out-of-offi_345e61' is visible

17-06-2024T18:38:57 - [TEST_STEP][PASSED] - verifyElementVisible(findTestObject("Object Repository/Page_The Story and Evolution of Doodles - G_6e786d/h2_Weve created more than 5,000 Doodles ove_111429")): Object 'Object Repository/Page_The Story and Evolution of Doodles - G_6e786d/h2_Weve created more than 5,000 Doodles ove_111429' is visible

17-06-2024T18:38:58 - [MESSAGE][PASSED] - Object 'Object Repository/Page_The Story and Evolution of Doodles - G_6e786d/h2_Weve created more than 5,000 Doodles ove_111429' is visible

17-06-2024T18:38:58 - [TEST_STEP][PASSED] - verifyElementVisible(findTestObject("Object Repository/Page_The Story and Evolution of Doodles - G_6e786d/h1_The story behind Doodles")): Object 'Object Repository/Page_The Story and Evolution of Doodles - G_6e786d/h1_The story behind Doodles' is visible

17-06-2024T18:38:58 - [MESSAGE][PASSED] - Object 'Object Repository/Page_The Story and Evolution of Doodles - G_6e786d/h1_The story behind Doodles' is visible

17-06-2024T18:38:58 - [TEST_STEP][PASSED] - verifyElementVisible(findTestObject("Object Repository/Page_The Story and Evolution of Doodles - G_6e786d/p_The first Doodle was a simple out-of-offi_345e61")): Object 'Object Repository/Page_The Story and Evolution of Doodles - G_6e786d/p_The first Doodle was a simple out-of-offi_345e61' is visible

17-06-2024T18:38:58 - [MESSAGE][PASSED] - Object 'Object Repository/Page_The Story and Evolution of Doodles - G_6e786d/p_The first Doodle was a simple out-of-offi_345e61' is visible

17-06-2024T18:38:58 - [TEST_STEP][PASSED] - verifyElementVisible(findTestObject("Object Repository/Page_The Story and Evolution of Doodles - G_6e786d/h2_Weve created more than 5,000 Doodles ove_111429")): Object 'Object Repository/Page_The Story and Evolution of Doodles - G_6e786d/h2_Weve created more than 5,000 Doodles ove_111429' is visible

17-06-2024T18:38:59 - [MESSAGE][PASSED] - Object 'Object Repository/Page_The Story and Evolution of Doodles - G_6e786d/h2_Weve created more than 5,000 Doodles ove_111429' is visible

17-06-2024T18:38:59 - [TEST_STEP][PASSED] - click(findTestObject("Object Repository/Page_The Story and Evolution of Doodles - G_6e786d/p_The first Doodle was a simple out-of-offi_345e61")): Object: 'Object Repository/Page_The Story and Evolution of Doodles - G_6e786d/p_The first Doodle was a simple out-of-offi_345e61' is clicked on

17-06-2024T18:38:59 - [MESSAGE][PASSED] - Object: 'Object Repository/Page_The Story and Evolution of Doodles - G_6e786d/p_The first Doodle was a simple out-of-offi_345e61' is clicked on

17-06-2024T18:38:59 - [TEST_STEP][PASSED] - verifyElementVisible(findTestObject("Object Repository/Page_The Story and Evolution of Doodles - G_6e786d/h1_The story behind Doodles")): Object 'Object Repository/Page_The Story and Evolution of Doodles - G_6e786d/h1_The story behind Doodles' is visible

17-06-2024T18:38:59 - [MESSAGE][PASSED] - Object 'Object Repository/Page_The Story and Evolution of Doodles - G_6e786d/h1_The story behind Doodles' is visible

17-06-2024T18:38:59 - [TEST_STEP][PASSED] - verifyElementVisible(findTestObject("Object Repository/Page_The Story and Evolution of Doodles - G_6e786d/p_The first Doodle was a simple out-of-offi_345e61")): Object 'Object Repository/Page_The Story and Evolution of Doodles - G_6e786d/p_The first Doodle was a simple out-of-offi_345e61' is visible

17-06-2024T18:39:00 - [MESSAGE][PASSED] - Object 'Object Repository/Page_The Story and Evolution of Doodles - G_6e786d/p_The first Doodle was a simple out-of-offi_345e61' is visible

17-06-2024T18:39:00 - [TEST_STEP][PASSED] - verifyElementVisible(findTestObject("Object Repository/Page_The Story and Evolution of Doodles - G_6e786d/h2_Weve created more than 5,000 Doodles ove_111429")): Object 'Object Repository/Page_The Story and Evolution of Doodles - G_6e786d/h2_Weve created more than 5,000 Doodles ove_111429' is visible

17-06-2024T18:39:00 - [MESSAGE][PASSED] - Object 'Object Repository/Page_The Story and Evolution of Doodles - G_6e786d/h2_Weve created more than 5,000 Doodles ove_111429' is visible

17-06-2024T18:39:00 - [TEST_STEP][PASSED] - click(findTestObject("Object Repository/Page_The Story and Evolution of Doodles - G_6e786d/p_The first Doodle was a simple out-of-offi_345e61")): Object: 'Object Repository/Page_The Story and Evolution of Doodles - G_6e786d/p_The first Doodle was a simple out-of-offi_345e61' is clicked on

17-06-2024T18:39:00 - [MESSAGE][PASSED] - Object: 'Object Repository/Page_The Story and Evolution of Doodles - G_6e786d/p_The first Doodle was a simple out-of-offi_345e61' is clicked on

17-06-2024T18:39:00 - [TEST_STEP][PASSED] - verifyElementVisible(findTestObject("Object Repository/Page_The Story and Evolution of Doodles - G_6e786d/h1_The story behind Doodles")): Object 'Object Repository/Page_The Story and Evolution of Doodles - G_6e786d/h1_The story behind Doodles' is visible

17-06-2024T18:39:01 - [MESSAGE][PASSED] - Object 'Object Repository/Page_The Story and Evolution of Doodles - G_6e786d/h1_The story behind Doodles' is visible

17-06-2024T18:39:01 - [TEST_STEP][PASSED] - verifyElementVisible(findTestObject("Object Repository/Page_The Story and Evolution of Doodles - G_6e786d/p_The first Doodle was a simple out-of-offi_345e61")): Object 'Object Repository/Page_The Story and Evolution of Doodles - G_6e786d/p_The first Doodle was a simple out-of-offi_345e61' is visible

17-06-2024T18:39:01 - [MESSAGE][PASSED] - Object 'Object Repository/Page_The Story and Evolution of Doodles - G_6e786d/p_The first Doodle was a simple out-of-offi_345e61' is visible

17-06-2024T18:39:01 - [TEST_STEP][PASSED] - verifyElementVisible(findTestObject("Object Repository/Page_The Story and Evolution of Doodles - G_6e786d/h2_Weve created more than 5,000 Doodles ove_111429")): Object 'Object Repository/Page_The Story and Evolution of Doodles - G_6e786d/h2_Weve created more than 5,000 Doodles ove_111429' is visible

17-06-2024T18:39:01 - [MESSAGE][PASSED] - Object 'Object Repository/Page_The Story and Evolution of Doodles - G_6e786d/h2_Weve created more than 5,000 Doodles ove_111429' is visible

17-06-2024T18:39:01 - [TEST_STEP][PASSED] - click(findTestObject("Object Repository/Page_The Story and Evolution of Doodles - G_6e786d/p_The first Doodle was a simple out-of-offi_345e61")): Object: 'Object Repository/Page_The Story and Evolution of Doodles - G_6e786d/p_The first Doodle was a simple out-of-offi_345e61' is clicked on

17-06-2024T18:39:02 - [MESSAGE][PASSED] - Object: 'Object Repository/Page_The Story and Evolution of Doodles - G_6e786d/p_The first Doodle was a simple out-of-offi_345e61' is clicked on

17-06-2024T18:39:02 - [TEST_STEP][PASSED] - verifyElementVisible(findTestObject("Object Repository/Page_The Story and Evolution of Doodles - G_6e786d/h1_The story behind Doodles")): Object 'Object Repository/Page_The Story and Evolution of Doodles - G_6e786d/h1_The story behind Doodles' is visible

17-06-2024T18:39:02 - [MESSAGE][PASSED] - Object 'Object Repository/Page_The Story and Evolution of Doodles - G_6e786d/h1_The story behind Doodles' is visible

17-06-2024T18:39:02 - [TEST_STEP][PASSED] - verifyElementVisible(findTestObject("Object Repository/Page_The Story and Evolution of Doodles - G_6e786d/p_The first Doodle was a simple out-of-offi_345e61")): Object 'Object Repository/Page_The Story and Evolution of Doodles - G_6e786d/p_The first Doodle was a simple out-of-offi_345e61' is visible

17-06-2024T18:39:02 - [MESSAGE][PASSED] - Object 'Object Repository/Page_The Story and Evolution of Doodles - G_6e786d/p_The first Doodle was a simple out-of-offi_345e61' is visible

17-06-2024T18:39:02 - [TEST_STEP][PASSED] - verifyElementVisible(findTestObject("Object Repository/Page_The Story and Evolution of Doodles - G_6e786d/h2_Weve created more than 5,000 Doodles ove_111429")): Object 'Object Repository/Page_The Story and Evolution of Doodles - G_6e786d/h2_Weve created more than 5,000 Doodles ove_111429' is visible

17-06-2024T18:39:03 - [MESSAGE][PASSED] - Object 'Object Repository/Page_The Story and Evolution of Doodles - G_6e786d/h2_Weve created more than 5,000 Doodles ove_111429' is visible

17-06-2024T18:39:03 - [TEST_STEP][PASSED] - click(findTestObject("Object Repository/Page_The Story and Evolution of Doodles - G_6e786d/p_The first Doodle was a simple out-of-offi_345e61")): Object: 'Object Repository/Page_The Story and Evolution of Doodles - G_6e786d/p_The first Doodle was a simple out-of-offi_345e61' is clicked on

17-06-2024T18:39:03 - [MESSAGE][PASSED] - Object: 'Object Repository/Page_The Story and Evolution of Doodles - G_6e786d/p_The first Doodle was a simple out-of-offi_345e61' is clicked on

17-06-2024T18:39:03 - [TEST_STEP][PASSED] - verifyElementVisible(findTestObject("Object Repository/Page_The Story and Evolution of Doodles - G_6e786d/h1_The story behind Doodles")): Object 'Object Repository/Page_The Story and Evolution of Doodles - G_6e786d/h1_The story behind Doodles' is visible

17-06-2024T18:39:03 - [MESSAGE][PASSED] - Object 'Object Repository/Page_The Story and Evolution of Doodles - G_6e786d/h1_The story behind Doodles' is visible

17-06-2024T18:39:03 - [TEST_STEP][PASSED] - verifyElementVisible(findTestObject("Object Repository/Page_The Story and Evolution of Doodles - G_6e786d/p_The first Doodle was a simple out-of-offi_345e61")): Object 'Object Repository/Page_The Story and Evolution of Doodles - G_6e786d/p_The first Doodle was a simple out-of-offi_345e61' is visible

17-06-2024T18:39:04 - [MESSAGE][PASSED] - Object 'Object Repository/Page_The Story and Evolution of Doodles - G_6e786d/p_The first Doodle was a simple out-of-offi_345e61' is visible

17-06-2024T18:39:04 - [TEST_STEP][PASSED] - verifyElementVisible(findTestObject("Object Repository/Page_The Story and Evolution of Doodles - G_6e786d/h2_Weve created more than 5,000 Doodles ove_111429")): Object 'Object Repository/Page_The Story and Evolution of Doodles - G_6e786d/h2_Weve created more than 5,000 Doodles ove_111429' is visible

17-06-2024T18:39:04 - [MESSAGE][PASSED] - Object 'Object Repository/Page_The Story and Evolution of Doodles - G_6e786d/h2_Weve created more than 5,000 Doodles ove_111429' is visible

17-06-2024T18:39:04 - [TEST_STEP][PASSED] - click(findTestObject("Object Repository/Page_The Story and Evolution of Doodles - G_6e786d/p_The first Doodle was a simple out-of-offi_345e61")): Object: 'Object Repository/Page_The Story and Evolution of Doodles - G_6e786d/p_The first Doodle was a simple out-of-offi_345e61' is clicked on

17-06-2024T18:39:04 - [MESSAGE][PASSED] - Object: 'Object Repository/Page_The Story and Evolution of Doodles - G_6e786d/p_The first Doodle was a simple out-of-offi_345e61' is clicked on

17-06-2024T18:39:04 - [TEST_STEP][PASSED] - verifyElementVisible(findTestObject("Object Repository/Page_The Story and Evolution of Doodles - G_6e786d/h1_The story behind Doodles")): Object 'Object Repository/Page_The Story and Evolution of Doodles - G_6e786d/h1_The story behind Doodles' is visible

17-06-2024T18:39:05 - [MESSAGE][PASSED] - Object 'Object Repository/Page_The Story and Evolution of Doodles - G_6e786d/h1_The story behind Doodles' is visible

17-06-2024T18:39:05 - [TEST_STEP][PASSED] - verifyElementVisible(findTestObject("Object Repository/Page_The Story and Evolution of Doodles - G_6e786d/p_The first Doodle was a simple out-of-offi_345e61")): Object 'Object Repository/Page_The Story and Evolution of Doodles - G_6e786d/p_The first Doodle was a simple out-of-offi_345e61' is visible

17-06-2024T18:39:05 - [MESSAGE][PASSED] - Object 'Object Repository/Page_The Story and Evolution of Doodles - G_6e786d/p_The first Doodle was a simple out-of-offi_345e61' is visible

17-06-2024T18:39:05 - [TEST_STEP][PASSED] - verifyElementVisible(findTestObject("Object Repository/Page_The Story and Evolution of Doodles - G_6e786d/h2_Weve created more than 5,000 Doodles ove_111429")): Object 'Object Repository/Page_The Story and Evolution of Doodles - G_6e786d/h2_Weve created more than 5,000 Doodles ove_111429' is visible

17-06-2024T18:39:05 - [MESSAGE][PASSED] - Object 'Object Repository/Page_The Story and Evolution of Doodles - G_6e786d/h2_Weve created more than 5,000 Doodles ove_111429' is visible

17-06-2024T18:39:05 - [TEST_STEP][PASSED] - click(findTestObject("Object Repository/Page_The Story and Evolution of Doodles - G_6e786d/p_The first Doodle was a simple out-of-offi_345e61")): Object: 'Object Repository/Page_The Story and Evolution of Doodles - G_6e786d/p_The first Doodle was a simple out-of-offi_345e61' is clicked on

17-06-2024T18:39:06 - [MESSAGE][PASSED] - Object: 'Object Repository/Page_The Story and Evolution of Doodles - G_6e786d/p_The first Doodle was a simple out-of-offi_345e61' is clicked on

17-06-2024T18:39:06 - [TEST_STEP][PASSED] - verifyElementVisible(findTestObject("Object Repository/Page_The Story and Evolution of Doodles - G_6e786d/h1_The story behind Doodles")): Object 'Object Repository/Page_The Story and Evolution of Doodles - G_6e786d/h1_The story behind Doodles' is visible

17-06-2024T18:39:06 - [MESSAGE][PASSED] - Object 'Object Repository/Page_The Story and Evolution of Doodles - G_6e786d/h1_The story behind Doodles' is visible

17-06-2024T18:39:06 - [TEST_STEP][PASSED] - verifyElementVisible(findTestObject("Object Repository/Page_The Story and Evolution of Doodles - G_6e786d/p_The first Doodle was a simple out-of-offi_345e61")): Object 'Object Repository/Page_The Story and Evolution of Doodles - G_6e786d/p_The first Doodle was a simple out-of-offi_345e61' is visible

17-06-2024T18:39:06 - [MESSAGE][PASSED] - Object 'Object Repository/Page_The Story and Evolution of Doodles - G_6e786d/p_The first Doodle was a simple out-of-offi_345e61' is visible

17-06-2024T18:39:06 - [TEST_STEP][PASSED] - verifyElementVisible(findTestObject("Object Repository/Page_The Story and Evolution of Doodles - G_6e786d/h2_Weve created more than 5,000 Doodles ove_111429")): Object 'Object Repository/Page_The Story and Evolution of Doodles - G_6e786d/h2_Weve created more than 5,000 Doodles ove_111429' is visible

17-06-2024T18:39:07 - [MESSAGE][PASSED] - Object 'Object Repository/Page_The Story and Evolution of Doodles - G_6e786d/h2_Weve created more than 5,000 Doodles ove_111429' is visible

17-06-2024T18:39:07 - [TEST_STEP][PASSED] - click(findTestObject("Object Repository/Page_The Story and Evolution of Doodles - G_6e786d/p_The first Doodle was a simple out-of-offi_345e61")): Object: 'Object Repository/Page_The Story and Evolution of Doodles - G_6e786d/p_The first Doodle was a simple out-of-offi_345e61' is clicked on

17-06-2024T18:39:07 - [MESSAGE][PASSED] - Object: 'Object Repository/Page_The Story and Evolution of Doodles - G_6e786d/p_The first Doodle was a simple out-of-offi_345e61' is clicked on

17-06-2024T18:39:07 - [TEST_STEP][PASSED] - verifyElementVisible(findTestObject("Object Repository/Page_The Story and Evolution of Doodles - G_6e786d/h1_The story behind Doodles")): Object 'Object Repository/Page_The Story and Evolution of Doodles - G_6e786d/h1_The story behind Doodles' is visible

17-06-2024T18:39:07 - [MESSAGE][PASSED] - Object 'Object Repository/Page_The Story and Evolution of Doodles - G_6e786d/h1_The story behind Doodles' is visible

17-06-2024T18:39:07 - [TEST_STEP][PASSED] - verifyElementVisible(findTestObject("Object Repository/Page_The Story and Evolution of Doodles - G_6e786d/p_The first Doodle was a simple out-of-offi_345e61")): Object 'Object Repository/Page_The Story and Evolution of Doodles - G_6e786d/p_The first Doodle was a simple out-of-offi_345e61' is visible

17-06-2024T18:39:08 - [MESSAGE][PASSED] - Object 'Object Repository/Page_The Story and Evolution of Doodles - G_6e786d/p_The first Doodle was a simple out-of-offi_345e61' is visible

17-06-2024T18:39:08 - [TEST_STEP][PASSED] - verifyElementVisible(findTestObject("Object Repository/Page_The Story and Evolution of Doodles - G_6e786d/h2_Weve created more than 5,000 Doodles ove_111429")): Object 'Object Repository/Page_The Story and Evolution of Doodles - G_6e786d/h2_Weve created more than 5,000 Doodles ove_111429' is visible

17-06-2024T18:39:08 - [MESSAGE][PASSED] - Object 'Object Repository/Page_The Story and Evolution of Doodles - G_6e786d/h2_Weve created more than 5,000 Doodles ove_111429' is visible

17-06-2024T18:39:08 - [TEST_STEP][PASSED] - click(findTestObject("Object Repository/Page_The Story and Evolution of Doodles - G_6e786d/p_The first Doodle was a simple out-of-offi_345e61")): Object: 'Object Repository/Page_The Story and Evolution of Doodles - G_6e786d/p_The first Doodle was a simple out-of-offi_345e61' is clicked on

17-06-2024T18:39:09 - [MESSAGE][PASSED] - Object: 'Object Repository/Page_The Story and Evolution of Doodles - G_6e786d/p_The first Doodle was a simple out-of-offi_345e61' is clicked on

17-06-2024T18:39:09 - [TEST_STEP][PASSED] - verifyElementVisible(findTestObject("Object Repository/Page_The Story and Evolution of Doodles - G_6e786d/h1_The story behind Doodles")): Object 'Object Repository/Page_The Story and Evolution of Doodles - G_6e786d/h1_The story behind Doodles' is visible

17-06-2024T18:39:09 - [MESSAGE][PASSED] - Object 'Object Repository/Page_The Story and Evolution of Doodles - G_6e786d/h1_The story behind Doodles' is visible

17-06-2024T18:39:09 - [TEST_STEP][PASSED] - verifyElementVisible(findTestObject("Object Repository/Page_The Story and Evolution of Doodles - G_6e786d/p_The first Doodle was a simple out-of-offi_345e61")): Object 'Object Repository/Page_The Story and Evolution of Doodles - G_6e786d/p_The first Doodle was a simple out-of-offi_345e61' is visible

17-06-2024T18:39:09 - [MESSAGE][PASSED] - Object 'Object Repository/Page_The Story and Evolution of Doodles - G_6e786d/p_The first Doodle was a simple out-of-offi_345e61' is visible

17-06-2024T18:39:09 - [TEST_STEP][PASSED] - verifyElementVisible(findTestObject("Object Repository/Page_The Story and Evolution of Doodles - G_6e786d/h2_Weve created more than 5,000 Doodles ove_111429")): Object 'Object Repository/Page_The Story and Evolution of Doodles - G_6e786d/h2_Weve created more than 5,000 Doodles ove_111429' is visible

17-06-2024T18:39:10 - [MESSAGE][PASSED] - Object 'Object Repository/Page_The Story and Evolution of Doodles - G_6e786d/h2_Weve created more than 5,000 Doodles ove_111429' is visible

17-06-2024T18:39:10 - [TEST_STEP][PASSED] - click(findTestObject("Object Repository/Page_The Story and Evolution of Doodles - G_6e786d/p_The first Doodle was a simple out-of-offi_345e61")): Object: 'Object Repository/Page_The Story and Evolution of Doodles - G_6e786d/p_The first Doodle was a simple out-of-offi_345e61' is clicked on

17-06-2024T18:39:10 - [MESSAGE][PASSED] - Object: 'Object Repository/Page_The Story and Evolution of Doodles - G_6e786d/p_The first Doodle was a simple out-of-offi_345e61' is clicked on

17-06-2024T18:39:10 - [TEST_STEP][PASSED] - verifyElementVisible(findTestObject("Object Repository/Page_The Story and Evolution of Doodles - G_6e786d/h1_The story behind Doodles")): Object 'Object Repository/Page_The Story and Evolution of Doodles - G_6e786d/h1_The story behind Doodles' is visible

17-06-2024T18:39:10 - [MESSAGE][PASSED] - Object 'Object Repository/Page_The Story and Evolution of Doodles - G_6e786d/h1_The story behind Doodles' is visible

17-06-2024T18:39:10 - [TEST_STEP][PASSED] - verifyElementVisible(findTestObject("Object Repository/Page_The Story and Evolution of Doodles - G_6e786d/p_The first Doodle was a simple out-of-offi_345e61")): Object 'Object Repository/Page_The Story and Evolution of Doodles - G_6e786d/p_The first Doodle was a simple out-of-offi_345e61' is visible

17-06-2024T18:39:11 - [MESSAGE][PASSED] - Object 'Object Repository/Page_The Story and Evolution of Doodles - G_6e786d/p_The first Doodle was a simple out-of-offi_345e61' is visible

17-06-2024T18:39:11 - [TEST_STEP][PASSED] - verifyElementVisible(findTestObject("Object Repository/Page_The Story and Evolution of Doodles - G_6e786d/h2_Weve created more than 5,000 Doodles ove_111429")): Object 'Object Repository/Page_The Story and Evolution of Doodles - G_6e786d/h2_Weve created more than 5,000 Doodles ove_111429' is visible

17-06-2024T18:39:11 - [MESSAGE][PASSED] - Object 'Object Repository/Page_The Story and Evolution of Doodles - G_6e786d/h2_Weve created more than 5,000 Doodles ove_111429' is visible]]></system-out>
         <system-err><![CDATA[]]></system-err>
      </testcase>
      <testcase name="Test Cases/test case folder 1/tc1 - Copy (11)" time="20.367" classname="Test Cases/test case folder 1/tc1 - Copy (11)" status="PASSED">
         <system-out><![CDATA[17-06-2024T18:39:11 - [TEST_CASE][PASSED] - Test Cases/test case folder 1/tc1 - Copy (11): Test Cases/test case folder 1/tc1 - Copy (11)

17-06-2024T18:39:11 - [TEST_STEP][PASSED] - openBrowser(""): Browser is opened with url: ''

17-06-2024T18:39:11 - [MESSAGE][WARNING] - A browser is already opened. Closing browser and opening a new one

17-06-2024T18:39:11 - [MESSAGE][INFO] - Starting 'Chrome (headless)' driver

17-06-2024T18:39:11 - [MESSAGE][INFO] - Action delay is set to 0 milliseconds

17-06-2024T18:39:12 - [MESSAGE][PASSED] - Browser is opened with url: ''

17-06-2024T18:39:12 - [TEST_STEP][PASSED] - navigateToUrl("https://doodles.google/about/"): Navigate to 'https://doodles.google/about/' successfully

17-06-2024T18:39:16 - [MESSAGE][PASSED] - Navigate to 'https://doodles.google/about/' successfully

17-06-2024T18:39:16 - [TEST_STEP][PASSED] - click(findTestObject("Object Repository/Page_The Story and Evolution of Doodles - G_6e786d/p_The first Doodle was a simple out-of-offi_345e61")): Object: 'Object Repository/Page_The Story and Evolution of Doodles - G_6e786d/p_The first Doodle was a simple out-of-offi_345e61' is clicked on

17-06-2024T18:39:17 - [MESSAGE][PASSED] - Object: 'Object Repository/Page_The Story and Evolution of Doodles - G_6e786d/p_The first Doodle was a simple out-of-offi_345e61' is clicked on

17-06-2024T18:39:17 - [TEST_STEP][PASSED] - click(findTestObject("Object Repository/Page_The Story and Evolution of Doodles - G_6e786d/p_The first Doodle was a simple out-of-offi_345e61")): Object: 'Object Repository/Page_The Story and Evolution of Doodles - G_6e786d/p_The first Doodle was a simple out-of-offi_345e61' is clicked on

17-06-2024T18:39:17 - [MESSAGE][PASSED] - Object: 'Object Repository/Page_The Story and Evolution of Doodles - G_6e786d/p_The first Doodle was a simple out-of-offi_345e61' is clicked on

17-06-2024T18:39:17 - [TEST_STEP][PASSED] - verifyElementVisible(findTestObject("Object Repository/Page_The Story and Evolution of Doodles - G_6e786d/h1_The story behind Doodles")): Object 'Object Repository/Page_The Story and Evolution of Doodles - G_6e786d/h1_The story behind Doodles' is visible

17-06-2024T18:39:17 - [MESSAGE][PASSED] - Object 'Object Repository/Page_The Story and Evolution of Doodles - G_6e786d/h1_The story behind Doodles' is visible

17-06-2024T18:39:17 - [TEST_STEP][PASSED] - verifyElementVisible(findTestObject("Object Repository/Page_The Story and Evolution of Doodles - G_6e786d/p_The first Doodle was a simple out-of-offi_345e61")): Object 'Object Repository/Page_The Story and Evolution of Doodles - G_6e786d/p_The first Doodle was a simple out-of-offi_345e61' is visible

17-06-2024T18:39:18 - [MESSAGE][PASSED] - Object 'Object Repository/Page_The Story and Evolution of Doodles - G_6e786d/p_The first Doodle was a simple out-of-offi_345e61' is visible

17-06-2024T18:39:18 - [TEST_STEP][PASSED] - verifyElementVisible(findTestObject("Object Repository/Page_The Story and Evolution of Doodles - G_6e786d/h2_Weve created more than 5,000 Doodles ove_111429")): Object 'Object Repository/Page_The Story and Evolution of Doodles - G_6e786d/h2_Weve created more than 5,000 Doodles ove_111429' is visible

17-06-2024T18:39:18 - [MESSAGE][PASSED] - Object 'Object Repository/Page_The Story and Evolution of Doodles - G_6e786d/h2_Weve created more than 5,000 Doodles ove_111429' is visible

17-06-2024T18:39:18 - [TEST_STEP][PASSED] - verifyElementVisible(findTestObject("Object Repository/Page_The Story and Evolution of Doodles - G_6e786d/h1_The story behind Doodles")): Object 'Object Repository/Page_The Story and Evolution of Doodles - G_6e786d/h1_The story behind Doodles' is visible

17-06-2024T18:39:18 - [MESSAGE][PASSED] - Object 'Object Repository/Page_The Story and Evolution of Doodles - G_6e786d/h1_The story behind Doodles' is visible

17-06-2024T18:39:18 - [TEST_STEP][PASSED] - verifyElementVisible(findTestObject("Object Repository/Page_The Story and Evolution of Doodles - G_6e786d/p_The first Doodle was a simple out-of-offi_345e61")): Object 'Object Repository/Page_The Story and Evolution of Doodles - G_6e786d/p_The first Doodle was a simple out-of-offi_345e61' is visible

17-06-2024T18:39:19 - [MESSAGE][PASSED] - Object 'Object Repository/Page_The Story and Evolution of Doodles - G_6e786d/p_The first Doodle was a simple out-of-offi_345e61' is visible

17-06-2024T18:39:19 - [TEST_STEP][PASSED] - verifyElementVisible(findTestObject("Object Repository/Page_The Story and Evolution of Doodles - G_6e786d/h2_Weve created more than 5,000 Doodles ove_111429")): Object 'Object Repository/Page_The Story and Evolution of Doodles - G_6e786d/h2_Weve created more than 5,000 Doodles ove_111429' is visible

17-06-2024T18:39:19 - [MESSAGE][PASSED] - Object 'Object Repository/Page_The Story and Evolution of Doodles - G_6e786d/h2_Weve created more than 5,000 Doodles ove_111429' is visible

17-06-2024T18:39:19 - [TEST_STEP][PASSED] - click(findTestObject("Object Repository/Page_The Story and Evolution of Doodles - G_6e786d/p_The first Doodle was a simple out-of-offi_345e61")): Object: 'Object Repository/Page_The Story and Evolution of Doodles - G_6e786d/p_The first Doodle was a simple out-of-offi_345e61' is clicked on

17-06-2024T18:39:19 - [MESSAGE][PASSED] - Object: 'Object Repository/Page_The Story and Evolution of Doodles - G_6e786d/p_The first Doodle was a simple out-of-offi_345e61' is clicked on

17-06-2024T18:39:19 - [TEST_STEP][PASSED] - verifyElementVisible(findTestObject("Object Repository/Page_The Story and Evolution of Doodles - G_6e786d/h1_The story behind Doodles")): Object 'Object Repository/Page_The Story and Evolution of Doodles - G_6e786d/h1_The story behind Doodles' is visible

17-06-2024T18:39:20 - [MESSAGE][PASSED] - Object 'Object Repository/Page_The Story and Evolution of Doodles - G_6e786d/h1_The story behind Doodles' is visible

17-06-2024T18:39:20 - [TEST_STEP][PASSED] - verifyElementVisible(findTestObject("Object Repository/Page_The Story and Evolution of Doodles - G_6e786d/p_The first Doodle was a simple out-of-offi_345e61")): Object 'Object Repository/Page_The Story and Evolution of Doodles - G_6e786d/p_The first Doodle was a simple out-of-offi_345e61' is visible

17-06-2024T18:39:20 - [MESSAGE][PASSED] - Object 'Object Repository/Page_The Story and Evolution of Doodles - G_6e786d/p_The first Doodle was a simple out-of-offi_345e61' is visible

17-06-2024T18:39:20 - [TEST_STEP][PASSED] - verifyElementVisible(findTestObject("Object Repository/Page_The Story and Evolution of Doodles - G_6e786d/h2_Weve created more than 5,000 Doodles ove_111429")): Object 'Object Repository/Page_The Story and Evolution of Doodles - G_6e786d/h2_Weve created more than 5,000 Doodles ove_111429' is visible

17-06-2024T18:39:20 - [MESSAGE][PASSED] - Object 'Object Repository/Page_The Story and Evolution of Doodles - G_6e786d/h2_Weve created more than 5,000 Doodles ove_111429' is visible

17-06-2024T18:39:20 - [TEST_STEP][PASSED] - click(findTestObject("Object Repository/Page_The Story and Evolution of Doodles - G_6e786d/p_The first Doodle was a simple out-of-offi_345e61")): Object: 'Object Repository/Page_The Story and Evolution of Doodles - G_6e786d/p_The first Doodle was a simple out-of-offi_345e61' is clicked on

17-06-2024T18:39:21 - [MESSAGE][PASSED] - Object: 'Object Repository/Page_The Story and Evolution of Doodles - G_6e786d/p_The first Doodle was a simple out-of-offi_345e61' is clicked on

17-06-2024T18:39:21 - [TEST_STEP][PASSED] - verifyElementVisible(findTestObject("Object Repository/Page_The Story and Evolution of Doodles - G_6e786d/h1_The story behind Doodles")): Object 'Object Repository/Page_The Story and Evolution of Doodles - G_6e786d/h1_The story behind Doodles' is visible

17-06-2024T18:39:21 - [MESSAGE][PASSED] - Object 'Object Repository/Page_The Story and Evolution of Doodles - G_6e786d/h1_The story behind Doodles' is visible

17-06-2024T18:39:21 - [TEST_STEP][PASSED] - verifyElementVisible(findTestObject("Object Repository/Page_The Story and Evolution of Doodles - G_6e786d/p_The first Doodle was a simple out-of-offi_345e61")): Object 'Object Repository/Page_The Story and Evolution of Doodles - G_6e786d/p_The first Doodle was a simple out-of-offi_345e61' is visible

17-06-2024T18:39:21 - [MESSAGE][PASSED] - Object 'Object Repository/Page_The Story and Evolution of Doodles - G_6e786d/p_The first Doodle was a simple out-of-offi_345e61' is visible

17-06-2024T18:39:21 - [TEST_STEP][PASSED] - verifyElementVisible(findTestObject("Object Repository/Page_The Story and Evolution of Doodles - G_6e786d/h2_Weve created more than 5,000 Doodles ove_111429")): Object 'Object Repository/Page_The Story and Evolution of Doodles - G_6e786d/h2_Weve created more than 5,000 Doodles ove_111429' is visible

17-06-2024T18:39:22 - [MESSAGE][PASSED] - Object 'Object Repository/Page_The Story and Evolution of Doodles - G_6e786d/h2_Weve created more than 5,000 Doodles ove_111429' is visible

17-06-2024T18:39:22 - [TEST_STEP][PASSED] - click(findTestObject("Object Repository/Page_The Story and Evolution of Doodles - G_6e786d/p_The first Doodle was a simple out-of-offi_345e61")): Object: 'Object Repository/Page_The Story and Evolution of Doodles - G_6e786d/p_The first Doodle was a simple out-of-offi_345e61' is clicked on

17-06-2024T18:39:22 - [MESSAGE][PASSED] - Object: 'Object Repository/Page_The Story and Evolution of Doodles - G_6e786d/p_The first Doodle was a simple out-of-offi_345e61' is clicked on

17-06-2024T18:39:22 - [TEST_STEP][PASSED] - verifyElementVisible(findTestObject("Object Repository/Page_The Story and Evolution of Doodles - G_6e786d/h1_The story behind Doodles")): Object 'Object Repository/Page_The Story and Evolution of Doodles - G_6e786d/h1_The story behind Doodles' is visible

17-06-2024T18:39:22 - [MESSAGE][PASSED] - Object 'Object Repository/Page_The Story and Evolution of Doodles - G_6e786d/h1_The story behind Doodles' is visible

17-06-2024T18:39:22 - [TEST_STEP][PASSED] - verifyElementVisible(findTestObject("Object Repository/Page_The Story and Evolution of Doodles - G_6e786d/p_The first Doodle was a simple out-of-offi_345e61")): Object 'Object Repository/Page_The Story and Evolution of Doodles - G_6e786d/p_The first Doodle was a simple out-of-offi_345e61' is visible

17-06-2024T18:39:23 - [MESSAGE][PASSED] - Object 'Object Repository/Page_The Story and Evolution of Doodles - G_6e786d/p_The first Doodle was a simple out-of-offi_345e61' is visible

17-06-2024T18:39:23 - [TEST_STEP][PASSED] - verifyElementVisible(findTestObject("Object Repository/Page_The Story and Evolution of Doodles - G_6e786d/h2_Weve created more than 5,000 Doodles ove_111429")): Object 'Object Repository/Page_The Story and Evolution of Doodles - G_6e786d/h2_Weve created more than 5,000 Doodles ove_111429' is visible

17-06-2024T18:39:23 - [MESSAGE][PASSED] - Object 'Object Repository/Page_The Story and Evolution of Doodles - G_6e786d/h2_Weve created more than 5,000 Doodles ove_111429' is visible

17-06-2024T18:39:23 - [TEST_STEP][PASSED] - click(findTestObject("Object Repository/Page_The Story and Evolution of Doodles - G_6e786d/p_The first Doodle was a simple out-of-offi_345e61")): Object: 'Object Repository/Page_The Story and Evolution of Doodles - G_6e786d/p_The first Doodle was a simple out-of-offi_345e61' is clicked on

17-06-2024T18:39:23 - [MESSAGE][PASSED] - Object: 'Object Repository/Page_The Story and Evolution of Doodles - G_6e786d/p_The first Doodle was a simple out-of-offi_345e61' is clicked on

17-06-2024T18:39:23 - [TEST_STEP][PASSED] - verifyElementVisible(findTestObject("Object Repository/Page_The Story and Evolution of Doodles - G_6e786d/h1_The story behind Doodles")): Object 'Object Repository/Page_The Story and Evolution of Doodles - G_6e786d/h1_The story behind Doodles' is visible

17-06-2024T18:39:24 - [MESSAGE][PASSED] - Object 'Object Repository/Page_The Story and Evolution of Doodles - G_6e786d/h1_The story behind Doodles' is visible

17-06-2024T18:39:24 - [TEST_STEP][PASSED] - verifyElementVisible(findTestObject("Object Repository/Page_The Story and Evolution of Doodles - G_6e786d/p_The first Doodle was a simple out-of-offi_345e61")): Object 'Object Repository/Page_The Story and Evolution of Doodles - G_6e786d/p_The first Doodle was a simple out-of-offi_345e61' is visible

17-06-2024T18:39:24 - [MESSAGE][PASSED] - Object 'Object Repository/Page_The Story and Evolution of Doodles - G_6e786d/p_The first Doodle was a simple out-of-offi_345e61' is visible

17-06-2024T18:39:24 - [TEST_STEP][PASSED] - verifyElementVisible(findTestObject("Object Repository/Page_The Story and Evolution of Doodles - G_6e786d/h2_Weve created more than 5,000 Doodles ove_111429")): Object 'Object Repository/Page_The Story and Evolution of Doodles - G_6e786d/h2_Weve created more than 5,000 Doodles ove_111429' is visible

17-06-2024T18:39:24 - [MESSAGE][PASSED] - Object 'Object Repository/Page_The Story and Evolution of Doodles - G_6e786d/h2_Weve created more than 5,000 Doodles ove_111429' is visible

17-06-2024T18:39:24 - [TEST_STEP][PASSED] - click(findTestObject("Object Repository/Page_The Story and Evolution of Doodles - G_6e786d/p_The first Doodle was a simple out-of-offi_345e61")): Object: 'Object Repository/Page_The Story and Evolution of Doodles - G_6e786d/p_The first Doodle was a simple out-of-offi_345e61' is clicked on

17-06-2024T18:39:25 - [MESSAGE][PASSED] - Object: 'Object Repository/Page_The Story and Evolution of Doodles - G_6e786d/p_The first Doodle was a simple out-of-offi_345e61' is clicked on

17-06-2024T18:39:25 - [TEST_STEP][PASSED] - verifyElementVisible(findTestObject("Object Repository/Page_The Story and Evolution of Doodles - G_6e786d/h1_The story behind Doodles")): Object 'Object Repository/Page_The Story and Evolution of Doodles - G_6e786d/h1_The story behind Doodles' is visible

17-06-2024T18:39:25 - [MESSAGE][PASSED] - Object 'Object Repository/Page_The Story and Evolution of Doodles - G_6e786d/h1_The story behind Doodles' is visible

17-06-2024T18:39:25 - [TEST_STEP][PASSED] - verifyElementVisible(findTestObject("Object Repository/Page_The Story and Evolution of Doodles - G_6e786d/p_The first Doodle was a simple out-of-offi_345e61")): Object 'Object Repository/Page_The Story and Evolution of Doodles - G_6e786d/p_The first Doodle was a simple out-of-offi_345e61' is visible

17-06-2024T18:39:25 - [MESSAGE][PASSED] - Object 'Object Repository/Page_The Story and Evolution of Doodles - G_6e786d/p_The first Doodle was a simple out-of-offi_345e61' is visible

17-06-2024T18:39:25 - [TEST_STEP][PASSED] - verifyElementVisible(findTestObject("Object Repository/Page_The Story and Evolution of Doodles - G_6e786d/h2_Weve created more than 5,000 Doodles ove_111429")): Object 'Object Repository/Page_The Story and Evolution of Doodles - G_6e786d/h2_Weve created more than 5,000 Doodles ove_111429' is visible

17-06-2024T18:39:26 - [MESSAGE][PASSED] - Object 'Object Repository/Page_The Story and Evolution of Doodles - G_6e786d/h2_Weve created more than 5,000 Doodles ove_111429' is visible

17-06-2024T18:39:26 - [TEST_STEP][PASSED] - click(findTestObject("Object Repository/Page_The Story and Evolution of Doodles - G_6e786d/p_The first Doodle was a simple out-of-offi_345e61")): Object: 'Object Repository/Page_The Story and Evolution of Doodles - G_6e786d/p_The first Doodle was a simple out-of-offi_345e61' is clicked on

17-06-2024T18:39:26 - [MESSAGE][PASSED] - Object: 'Object Repository/Page_The Story and Evolution of Doodles - G_6e786d/p_The first Doodle was a simple out-of-offi_345e61' is clicked on

17-06-2024T18:39:26 - [TEST_STEP][PASSED] - verifyElementVisible(findTestObject("Object Repository/Page_The Story and Evolution of Doodles - G_6e786d/h1_The story behind Doodles")): Object 'Object Repository/Page_The Story and Evolution of Doodles - G_6e786d/h1_The story behind Doodles' is visible

17-06-2024T18:39:26 - [MESSAGE][PASSED] - Object 'Object Repository/Page_The Story and Evolution of Doodles - G_6e786d/h1_The story behind Doodles' is visible

17-06-2024T18:39:26 - [TEST_STEP][PASSED] - verifyElementVisible(findTestObject("Object Repository/Page_The Story and Evolution of Doodles - G_6e786d/p_The first Doodle was a simple out-of-offi_345e61")): Object 'Object Repository/Page_The Story and Evolution of Doodles - G_6e786d/p_The first Doodle was a simple out-of-offi_345e61' is visible

17-06-2024T18:39:27 - [MESSAGE][PASSED] - Object 'Object Repository/Page_The Story and Evolution of Doodles - G_6e786d/p_The first Doodle was a simple out-of-offi_345e61' is visible

17-06-2024T18:39:27 - [TEST_STEP][PASSED] - verifyElementVisible(findTestObject("Object Repository/Page_The Story and Evolution of Doodles - G_6e786d/h2_Weve created more than 5,000 Doodles ove_111429")): Object 'Object Repository/Page_The Story and Evolution of Doodles - G_6e786d/h2_Weve created more than 5,000 Doodles ove_111429' is visible

17-06-2024T18:39:27 - [MESSAGE][PASSED] - Object 'Object Repository/Page_The Story and Evolution of Doodles - G_6e786d/h2_Weve created more than 5,000 Doodles ove_111429' is visible

17-06-2024T18:39:27 - [TEST_STEP][PASSED] - click(findTestObject("Object Repository/Page_The Story and Evolution of Doodles - G_6e786d/p_The first Doodle was a simple out-of-offi_345e61")): Object: 'Object Repository/Page_The Story and Evolution of Doodles - G_6e786d/p_The first Doodle was a simple out-of-offi_345e61' is clicked on

17-06-2024T18:39:28 - [MESSAGE][PASSED] - Object: 'Object Repository/Page_The Story and Evolution of Doodles - G_6e786d/p_The first Doodle was a simple out-of-offi_345e61' is clicked on

17-06-2024T18:39:28 - [TEST_STEP][PASSED] - verifyElementVisible(findTestObject("Object Repository/Page_The Story and Evolution of Doodles - G_6e786d/h1_The story behind Doodles")): Object 'Object Repository/Page_The Story and Evolution of Doodles - G_6e786d/h1_The story behind Doodles' is visible

17-06-2024T18:39:28 - [MESSAGE][PASSED] - Object 'Object Repository/Page_The Story and Evolution of Doodles - G_6e786d/h1_The story behind Doodles' is visible

17-06-2024T18:39:28 - [TEST_STEP][PASSED] - verifyElementVisible(findTestObject("Object Repository/Page_The Story and Evolution of Doodles - G_6e786d/p_The first Doodle was a simple out-of-offi_345e61")): Object 'Object Repository/Page_The Story and Evolution of Doodles - G_6e786d/p_The first Doodle was a simple out-of-offi_345e61' is visible

17-06-2024T18:39:28 - [MESSAGE][PASSED] - Object 'Object Repository/Page_The Story and Evolution of Doodles - G_6e786d/p_The first Doodle was a simple out-of-offi_345e61' is visible

17-06-2024T18:39:28 - [TEST_STEP][PASSED] - verifyElementVisible(findTestObject("Object Repository/Page_The Story and Evolution of Doodles - G_6e786d/h2_Weve created more than 5,000 Doodles ove_111429")): Object 'Object Repository/Page_The Story and Evolution of Doodles - G_6e786d/h2_Weve created more than 5,000 Doodles ove_111429' is visible

17-06-2024T18:39:29 - [MESSAGE][PASSED] - Object 'Object Repository/Page_The Story and Evolution of Doodles - G_6e786d/h2_Weve created more than 5,000 Doodles ove_111429' is visible

17-06-2024T18:39:29 - [TEST_STEP][PASSED] - click(findTestObject("Object Repository/Page_The Story and Evolution of Doodles - G_6e786d/p_The first Doodle was a simple out-of-offi_345e61")): Object: 'Object Repository/Page_The Story and Evolution of Doodles - G_6e786d/p_The first Doodle was a simple out-of-offi_345e61' is clicked on

17-06-2024T18:39:29 - [MESSAGE][PASSED] - Object: 'Object Repository/Page_The Story and Evolution of Doodles - G_6e786d/p_The first Doodle was a simple out-of-offi_345e61' is clicked on

17-06-2024T18:39:29 - [TEST_STEP][PASSED] - verifyElementVisible(findTestObject("Object Repository/Page_The Story and Evolution of Doodles - G_6e786d/h1_The story behind Doodles")): Object 'Object Repository/Page_The Story and Evolution of Doodles - G_6e786d/h1_The story behind Doodles' is visible

17-06-2024T18:39:29 - [MESSAGE][PASSED] - Object 'Object Repository/Page_The Story and Evolution of Doodles - G_6e786d/h1_The story behind Doodles' is visible

17-06-2024T18:39:29 - [TEST_STEP][PASSED] - verifyElementVisible(findTestObject("Object Repository/Page_The Story and Evolution of Doodles - G_6e786d/p_The first Doodle was a simple out-of-offi_345e61")): Object 'Object Repository/Page_The Story and Evolution of Doodles - G_6e786d/p_The first Doodle was a simple out-of-offi_345e61' is visible

17-06-2024T18:39:30 - [MESSAGE][PASSED] - Object 'Object Repository/Page_The Story and Evolution of Doodles - G_6e786d/p_The first Doodle was a simple out-of-offi_345e61' is visible

17-06-2024T18:39:30 - [TEST_STEP][PASSED] - verifyElementVisible(findTestObject("Object Repository/Page_The Story and Evolution of Doodles - G_6e786d/h2_Weve created more than 5,000 Doodles ove_111429")): Object 'Object Repository/Page_The Story and Evolution of Doodles - G_6e786d/h2_Weve created more than 5,000 Doodles ove_111429' is visible

17-06-2024T18:39:30 - [MESSAGE][PASSED] - Object 'Object Repository/Page_The Story and Evolution of Doodles - G_6e786d/h2_Weve created more than 5,000 Doodles ove_111429' is visible

17-06-2024T18:39:30 - [TEST_STEP][PASSED] - click(findTestObject("Object Repository/Page_The Story and Evolution of Doodles - G_6e786d/p_The first Doodle was a simple out-of-offi_345e61")): Object: 'Object Repository/Page_The Story and Evolution of Doodles - G_6e786d/p_The first Doodle was a simple out-of-offi_345e61' is clicked on

17-06-2024T18:39:30 - [MESSAGE][PASSED] - Object: 'Object Repository/Page_The Story and Evolution of Doodles - G_6e786d/p_The first Doodle was a simple out-of-offi_345e61' is clicked on

17-06-2024T18:39:30 - [TEST_STEP][PASSED] - verifyElementVisible(findTestObject("Object Repository/Page_The Story and Evolution of Doodles - G_6e786d/h1_The story behind Doodles")): Object 'Object Repository/Page_The Story and Evolution of Doodles - G_6e786d/h1_The story behind Doodles' is visible

17-06-2024T18:39:31 - [MESSAGE][PASSED] - Object 'Object Repository/Page_The Story and Evolution of Doodles - G_6e786d/h1_The story behind Doodles' is visible

17-06-2024T18:39:31 - [TEST_STEP][PASSED] - verifyElementVisible(findTestObject("Object Repository/Page_The Story and Evolution of Doodles - G_6e786d/p_The first Doodle was a simple out-of-offi_345e61")): Object 'Object Repository/Page_The Story and Evolution of Doodles - G_6e786d/p_The first Doodle was a simple out-of-offi_345e61' is visible

17-06-2024T18:39:31 - [MESSAGE][PASSED] - Object 'Object Repository/Page_The Story and Evolution of Doodles - G_6e786d/p_The first Doodle was a simple out-of-offi_345e61' is visible

17-06-2024T18:39:31 - [TEST_STEP][PASSED] - verifyElementVisible(findTestObject("Object Repository/Page_The Story and Evolution of Doodles - G_6e786d/h2_Weve created more than 5,000 Doodles ove_111429")): Object 'Object Repository/Page_The Story and Evolution of Doodles - G_6e786d/h2_Weve created more than 5,000 Doodles ove_111429' is visible

17-06-2024T18:39:31 - [MESSAGE][PASSED] - Object 'Object Repository/Page_The Story and Evolution of Doodles - G_6e786d/h2_Weve created more than 5,000 Doodles ove_111429' is visible]]></system-out>
         <system-err><![CDATA[]]></system-err>
      </testcase>
      <testcase name="Test Cases/test case folder 1/tc1 - Copy (12)" time="19.28" classname="Test Cases/test case folder 1/tc1 - Copy (12)" status="PASSED">
         <system-out><![CDATA[17-06-2024T18:39:31 - [TEST_CASE][PASSED] - Test Cases/test case folder 1/tc1 - Copy (12): Test Cases/test case folder 1/tc1 - Copy (12)

17-06-2024T18:39:31 - [TEST_STEP][PASSED] - openBrowser(""): Browser is opened with url: ''

17-06-2024T18:39:31 - [MESSAGE][WARNING] - A browser is already opened. Closing browser and opening a new one

17-06-2024T18:39:32 - [MESSAGE][INFO] - Starting 'Chrome (headless)' driver

17-06-2024T18:39:32 - [MESSAGE][INFO] - Action delay is set to 0 milliseconds

17-06-2024T18:39:33 - [MESSAGE][PASSED] - Browser is opened with url: ''

17-06-2024T18:39:33 - [TEST_STEP][PASSED] - navigateToUrl("https://doodles.google/about/"): Navigate to 'https://doodles.google/about/' successfully

17-06-2024T18:39:36 - [MESSAGE][PASSED] - Navigate to 'https://doodles.google/about/' successfully

17-06-2024T18:39:36 - [TEST_STEP][PASSED] - click(findTestObject("Object Repository/Page_The Story and Evolution of Doodles - G_6e786d/p_The first Doodle was a simple out-of-offi_345e61")): Object: 'Object Repository/Page_The Story and Evolution of Doodles - G_6e786d/p_The first Doodle was a simple out-of-offi_345e61' is clicked on

17-06-2024T18:39:36 - [MESSAGE][PASSED] - Object: 'Object Repository/Page_The Story and Evolution of Doodles - G_6e786d/p_The first Doodle was a simple out-of-offi_345e61' is clicked on

17-06-2024T18:39:36 - [TEST_STEP][PASSED] - click(findTestObject("Object Repository/Page_The Story and Evolution of Doodles - G_6e786d/p_The first Doodle was a simple out-of-offi_345e61")): Object: 'Object Repository/Page_The Story and Evolution of Doodles - G_6e786d/p_The first Doodle was a simple out-of-offi_345e61' is clicked on

17-06-2024T18:39:37 - [MESSAGE][PASSED] - Object: 'Object Repository/Page_The Story and Evolution of Doodles - G_6e786d/p_The first Doodle was a simple out-of-offi_345e61' is clicked on

17-06-2024T18:39:37 - [TEST_STEP][PASSED] - verifyElementVisible(findTestObject("Object Repository/Page_The Story and Evolution of Doodles - G_6e786d/h1_The story behind Doodles")): Object 'Object Repository/Page_The Story and Evolution of Doodles - G_6e786d/h1_The story behind Doodles' is visible

17-06-2024T18:39:37 - [MESSAGE][PASSED] - Object 'Object Repository/Page_The Story and Evolution of Doodles - G_6e786d/h1_The story behind Doodles' is visible

17-06-2024T18:39:37 - [TEST_STEP][PASSED] - verifyElementVisible(findTestObject("Object Repository/Page_The Story and Evolution of Doodles - G_6e786d/p_The first Doodle was a simple out-of-offi_345e61")): Object 'Object Repository/Page_The Story and Evolution of Doodles - G_6e786d/p_The first Doodle was a simple out-of-offi_345e61' is visible

17-06-2024T18:39:37 - [MESSAGE][PASSED] - Object 'Object Repository/Page_The Story and Evolution of Doodles - G_6e786d/p_The first Doodle was a simple out-of-offi_345e61' is visible

17-06-2024T18:39:37 - [TEST_STEP][PASSED] - verifyElementVisible(findTestObject("Object Repository/Page_The Story and Evolution of Doodles - G_6e786d/h2_Weve created more than 5,000 Doodles ove_111429")): Object 'Object Repository/Page_The Story and Evolution of Doodles - G_6e786d/h2_Weve created more than 5,000 Doodles ove_111429' is visible

17-06-2024T18:39:38 - [MESSAGE][PASSED] - Object 'Object Repository/Page_The Story and Evolution of Doodles - G_6e786d/h2_Weve created more than 5,000 Doodles ove_111429' is visible

17-06-2024T18:39:38 - [TEST_STEP][PASSED] - verifyElementVisible(findTestObject("Object Repository/Page_The Story and Evolution of Doodles - G_6e786d/h1_The story behind Doodles")): Object 'Object Repository/Page_The Story and Evolution of Doodles - G_6e786d/h1_The story behind Doodles' is visible

17-06-2024T18:39:38 - [MESSAGE][PASSED] - Object 'Object Repository/Page_The Story and Evolution of Doodles - G_6e786d/h1_The story behind Doodles' is visible

17-06-2024T18:39:38 - [TEST_STEP][PASSED] - verifyElementVisible(findTestObject("Object Repository/Page_The Story and Evolution of Doodles - G_6e786d/p_The first Doodle was a simple out-of-offi_345e61")): Object 'Object Repository/Page_The Story and Evolution of Doodles - G_6e786d/p_The first Doodle was a simple out-of-offi_345e61' is visible

17-06-2024T18:39:38 - [MESSAGE][PASSED] - Object 'Object Repository/Page_The Story and Evolution of Doodles - G_6e786d/p_The first Doodle was a simple out-of-offi_345e61' is visible

17-06-2024T18:39:38 - [TEST_STEP][PASSED] - verifyElementVisible(findTestObject("Object Repository/Page_The Story and Evolution of Doodles - G_6e786d/h2_Weve created more than 5,000 Doodles ove_111429")): Object 'Object Repository/Page_The Story and Evolution of Doodles - G_6e786d/h2_Weve created more than 5,000 Doodles ove_111429' is visible

17-06-2024T18:39:39 - [MESSAGE][PASSED] - Object 'Object Repository/Page_The Story and Evolution of Doodles - G_6e786d/h2_Weve created more than 5,000 Doodles ove_111429' is visible

17-06-2024T18:39:39 - [TEST_STEP][PASSED] - click(findTestObject("Object Repository/Page_The Story and Evolution of Doodles - G_6e786d/p_The first Doodle was a simple out-of-offi_345e61")): Object: 'Object Repository/Page_The Story and Evolution of Doodles - G_6e786d/p_The first Doodle was a simple out-of-offi_345e61' is clicked on

17-06-2024T18:39:39 - [MESSAGE][PASSED] - Object: 'Object Repository/Page_The Story and Evolution of Doodles - G_6e786d/p_The first Doodle was a simple out-of-offi_345e61' is clicked on

17-06-2024T18:39:39 - [TEST_STEP][PASSED] - verifyElementVisible(findTestObject("Object Repository/Page_The Story and Evolution of Doodles - G_6e786d/h1_The story behind Doodles")): Object 'Object Repository/Page_The Story and Evolution of Doodles - G_6e786d/h1_The story behind Doodles' is visible

17-06-2024T18:39:39 - [MESSAGE][PASSED] - Object 'Object Repository/Page_The Story and Evolution of Doodles - G_6e786d/h1_The story behind Doodles' is visible

17-06-2024T18:39:39 - [TEST_STEP][PASSED] - verifyElementVisible(findTestObject("Object Repository/Page_The Story and Evolution of Doodles - G_6e786d/p_The first Doodle was a simple out-of-offi_345e61")): Object 'Object Repository/Page_The Story and Evolution of Doodles - G_6e786d/p_The first Doodle was a simple out-of-offi_345e61' is visible

17-06-2024T18:39:40 - [MESSAGE][PASSED] - Object 'Object Repository/Page_The Story and Evolution of Doodles - G_6e786d/p_The first Doodle was a simple out-of-offi_345e61' is visible

17-06-2024T18:39:40 - [TEST_STEP][PASSED] - verifyElementVisible(findTestObject("Object Repository/Page_The Story and Evolution of Doodles - G_6e786d/h2_Weve created more than 5,000 Doodles ove_111429")): Object 'Object Repository/Page_The Story and Evolution of Doodles - G_6e786d/h2_Weve created more than 5,000 Doodles ove_111429' is visible

17-06-2024T18:39:40 - [MESSAGE][PASSED] - Object 'Object Repository/Page_The Story and Evolution of Doodles - G_6e786d/h2_Weve created more than 5,000 Doodles ove_111429' is visible

17-06-2024T18:39:40 - [TEST_STEP][PASSED] - click(findTestObject("Object Repository/Page_The Story and Evolution of Doodles - G_6e786d/p_The first Doodle was a simple out-of-offi_345e61")): Object: 'Object Repository/Page_The Story and Evolution of Doodles - G_6e786d/p_The first Doodle was a simple out-of-offi_345e61' is clicked on

17-06-2024T18:39:40 - [MESSAGE][PASSED] - Object: 'Object Repository/Page_The Story and Evolution of Doodles - G_6e786d/p_The first Doodle was a simple out-of-offi_345e61' is clicked on

17-06-2024T18:39:40 - [TEST_STEP][PASSED] - verifyElementVisible(findTestObject("Object Repository/Page_The Story and Evolution of Doodles - G_6e786d/h1_The story behind Doodles")): Object 'Object Repository/Page_The Story and Evolution of Doodles - G_6e786d/h1_The story behind Doodles' is visible

17-06-2024T18:39:40 - [MESSAGE][PASSED] - Object 'Object Repository/Page_The Story and Evolution of Doodles - G_6e786d/h1_The story behind Doodles' is visible

17-06-2024T18:39:40 - [TEST_STEP][PASSED] - verifyElementVisible(findTestObject("Object Repository/Page_The Story and Evolution of Doodles - G_6e786d/p_The first Doodle was a simple out-of-offi_345e61")): Object 'Object Repository/Page_The Story and Evolution of Doodles - G_6e786d/p_The first Doodle was a simple out-of-offi_345e61' is visible

17-06-2024T18:39:41 - [MESSAGE][PASSED] - Object 'Object Repository/Page_The Story and Evolution of Doodles - G_6e786d/p_The first Doodle was a simple out-of-offi_345e61' is visible

17-06-2024T18:39:41 - [TEST_STEP][PASSED] - verifyElementVisible(findTestObject("Object Repository/Page_The Story and Evolution of Doodles - G_6e786d/h2_Weve created more than 5,000 Doodles ove_111429")): Object 'Object Repository/Page_The Story and Evolution of Doodles - G_6e786d/h2_Weve created more than 5,000 Doodles ove_111429' is visible

17-06-2024T18:39:41 - [MESSAGE][PASSED] - Object 'Object Repository/Page_The Story and Evolution of Doodles - G_6e786d/h2_Weve created more than 5,000 Doodles ove_111429' is visible

17-06-2024T18:39:41 - [TEST_STEP][PASSED] - click(findTestObject("Object Repository/Page_The Story and Evolution of Doodles - G_6e786d/p_The first Doodle was a simple out-of-offi_345e61")): Object: 'Object Repository/Page_The Story and Evolution of Doodles - G_6e786d/p_The first Doodle was a simple out-of-offi_345e61' is clicked on

17-06-2024T18:39:41 - [MESSAGE][PASSED] - Object: 'Object Repository/Page_The Story and Evolution of Doodles - G_6e786d/p_The first Doodle was a simple out-of-offi_345e61' is clicked on

17-06-2024T18:39:41 - [TEST_STEP][PASSED] - verifyElementVisible(findTestObject("Object Repository/Page_The Story and Evolution of Doodles - G_6e786d/h1_The story behind Doodles")): Object 'Object Repository/Page_The Story and Evolution of Doodles - G_6e786d/h1_The story behind Doodles' is visible

17-06-2024T18:39:42 - [MESSAGE][PASSED] - Object 'Object Repository/Page_The Story and Evolution of Doodles - G_6e786d/h1_The story behind Doodles' is visible

17-06-2024T18:39:42 - [TEST_STEP][PASSED] - verifyElementVisible(findTestObject("Object Repository/Page_The Story and Evolution of Doodles - G_6e786d/p_The first Doodle was a simple out-of-offi_345e61")): Object 'Object Repository/Page_The Story and Evolution of Doodles - G_6e786d/p_The first Doodle was a simple out-of-offi_345e61' is visible

17-06-2024T18:39:42 - [MESSAGE][PASSED] - Object 'Object Repository/Page_The Story and Evolution of Doodles - G_6e786d/p_The first Doodle was a simple out-of-offi_345e61' is visible

17-06-2024T18:39:42 - [TEST_STEP][PASSED] - verifyElementVisible(findTestObject("Object Repository/Page_The Story and Evolution of Doodles - G_6e786d/h2_Weve created more than 5,000 Doodles ove_111429")): Object 'Object Repository/Page_The Story and Evolution of Doodles - G_6e786d/h2_Weve created more than 5,000 Doodles ove_111429' is visible

17-06-2024T18:39:42 - [MESSAGE][PASSED] - Object 'Object Repository/Page_The Story and Evolution of Doodles - G_6e786d/h2_Weve created more than 5,000 Doodles ove_111429' is visible

17-06-2024T18:39:42 - [TEST_STEP][PASSED] - click(findTestObject("Object Repository/Page_The Story and Evolution of Doodles - G_6e786d/p_The first Doodle was a simple out-of-offi_345e61")): Object: 'Object Repository/Page_The Story and Evolution of Doodles - G_6e786d/p_The first Doodle was a simple out-of-offi_345e61' is clicked on

17-06-2024T18:39:43 - [MESSAGE][PASSED] - Object: 'Object Repository/Page_The Story and Evolution of Doodles - G_6e786d/p_The first Doodle was a simple out-of-offi_345e61' is clicked on

17-06-2024T18:39:43 - [TEST_STEP][PASSED] - verifyElementVisible(findTestObject("Object Repository/Page_The Story and Evolution of Doodles - G_6e786d/h1_The story behind Doodles")): Object 'Object Repository/Page_The Story and Evolution of Doodles - G_6e786d/h1_The story behind Doodles' is visible

17-06-2024T18:39:43 - [MESSAGE][PASSED] - Object 'Object Repository/Page_The Story and Evolution of Doodles - G_6e786d/h1_The story behind Doodles' is visible

17-06-2024T18:39:43 - [TEST_STEP][PASSED] - verifyElementVisible(findTestObject("Object Repository/Page_The Story and Evolution of Doodles - G_6e786d/p_The first Doodle was a simple out-of-offi_345e61")): Object 'Object Repository/Page_The Story and Evolution of Doodles - G_6e786d/p_The first Doodle was a simple out-of-offi_345e61' is visible

17-06-2024T18:39:43 - [MESSAGE][PASSED] - Object 'Object Repository/Page_The Story and Evolution of Doodles - G_6e786d/p_The first Doodle was a simple out-of-offi_345e61' is visible

17-06-2024T18:39:43 - [TEST_STEP][PASSED] - verifyElementVisible(findTestObject("Object Repository/Page_The Story and Evolution of Doodles - G_6e786d/h2_Weve created more than 5,000 Doodles ove_111429")): Object 'Object Repository/Page_The Story and Evolution of Doodles - G_6e786d/h2_Weve created more than 5,000 Doodles ove_111429' is visible

17-06-2024T18:39:44 - [MESSAGE][PASSED] - Object 'Object Repository/Page_The Story and Evolution of Doodles - G_6e786d/h2_Weve created more than 5,000 Doodles ove_111429' is visible

17-06-2024T18:39:44 - [TEST_STEP][PASSED] - click(findTestObject("Object Repository/Page_The Story and Evolution of Doodles - G_6e786d/p_The first Doodle was a simple out-of-offi_345e61")): Object: 'Object Repository/Page_The Story and Evolution of Doodles - G_6e786d/p_The first Doodle was a simple out-of-offi_345e61' is clicked on

17-06-2024T18:39:44 - [MESSAGE][PASSED] - Object: 'Object Repository/Page_The Story and Evolution of Doodles - G_6e786d/p_The first Doodle was a simple out-of-offi_345e61' is clicked on

17-06-2024T18:39:44 - [TEST_STEP][PASSED] - verifyElementVisible(findTestObject("Object Repository/Page_The Story and Evolution of Doodles - G_6e786d/h1_The story behind Doodles")): Object 'Object Repository/Page_The Story and Evolution of Doodles - G_6e786d/h1_The story behind Doodles' is visible

17-06-2024T18:39:44 - [MESSAGE][PASSED] - Object 'Object Repository/Page_The Story and Evolution of Doodles - G_6e786d/h1_The story behind Doodles' is visible

17-06-2024T18:39:44 - [TEST_STEP][PASSED] - verifyElementVisible(findTestObject("Object Repository/Page_The Story and Evolution of Doodles - G_6e786d/p_The first Doodle was a simple out-of-offi_345e61")): Object 'Object Repository/Page_The Story and Evolution of Doodles - G_6e786d/p_The first Doodle was a simple out-of-offi_345e61' is visible

17-06-2024T18:39:45 - [MESSAGE][PASSED] - Object 'Object Repository/Page_The Story and Evolution of Doodles - G_6e786d/p_The first Doodle was a simple out-of-offi_345e61' is visible

17-06-2024T18:39:45 - [TEST_STEP][PASSED] - verifyElementVisible(findTestObject("Object Repository/Page_The Story and Evolution of Doodles - G_6e786d/h2_Weve created more than 5,000 Doodles ove_111429")): Object 'Object Repository/Page_The Story and Evolution of Doodles - G_6e786d/h2_Weve created more than 5,000 Doodles ove_111429' is visible

17-06-2024T18:39:45 - [MESSAGE][PASSED] - Object 'Object Repository/Page_The Story and Evolution of Doodles - G_6e786d/h2_Weve created more than 5,000 Doodles ove_111429' is visible

17-06-2024T18:39:45 - [TEST_STEP][PASSED] - click(findTestObject("Object Repository/Page_The Story and Evolution of Doodles - G_6e786d/p_The first Doodle was a simple out-of-offi_345e61")): Object: 'Object Repository/Page_The Story and Evolution of Doodles - G_6e786d/p_The first Doodle was a simple out-of-offi_345e61' is clicked on

17-06-2024T18:39:46 - [MESSAGE][PASSED] - Object: 'Object Repository/Page_The Story and Evolution of Doodles - G_6e786d/p_The first Doodle was a simple out-of-offi_345e61' is clicked on

17-06-2024T18:39:46 - [TEST_STEP][PASSED] - verifyElementVisible(findTestObject("Object Repository/Page_The Story and Evolution of Doodles - G_6e786d/h1_The story behind Doodles")): Object 'Object Repository/Page_The Story and Evolution of Doodles - G_6e786d/h1_The story behind Doodles' is visible

17-06-2024T18:39:46 - [MESSAGE][PASSED] - Object 'Object Repository/Page_The Story and Evolution of Doodles - G_6e786d/h1_The story behind Doodles' is visible

17-06-2024T18:39:46 - [TEST_STEP][PASSED] - verifyElementVisible(findTestObject("Object Repository/Page_The Story and Evolution of Doodles - G_6e786d/p_The first Doodle was a simple out-of-offi_345e61")): Object 'Object Repository/Page_The Story and Evolution of Doodles - G_6e786d/p_The first Doodle was a simple out-of-offi_345e61' is visible

17-06-2024T18:39:46 - [MESSAGE][PASSED] - Object 'Object Repository/Page_The Story and Evolution of Doodles - G_6e786d/p_The first Doodle was a simple out-of-offi_345e61' is visible

17-06-2024T18:39:46 - [TEST_STEP][PASSED] - verifyElementVisible(findTestObject("Object Repository/Page_The Story and Evolution of Doodles - G_6e786d/h2_Weve created more than 5,000 Doodles ove_111429")): Object 'Object Repository/Page_The Story and Evolution of Doodles - G_6e786d/h2_Weve created more than 5,000 Doodles ove_111429' is visible

17-06-2024T18:39:47 - [MESSAGE][PASSED] - Object 'Object Repository/Page_The Story and Evolution of Doodles - G_6e786d/h2_Weve created more than 5,000 Doodles ove_111429' is visible

17-06-2024T18:39:47 - [TEST_STEP][PASSED] - click(findTestObject("Object Repository/Page_The Story and Evolution of Doodles - G_6e786d/p_The first Doodle was a simple out-of-offi_345e61")): Object: 'Object Repository/Page_The Story and Evolution of Doodles - G_6e786d/p_The first Doodle was a simple out-of-offi_345e61' is clicked on

17-06-2024T18:39:47 - [MESSAGE][PASSED] - Object: 'Object Repository/Page_The Story and Evolution of Doodles - G_6e786d/p_The first Doodle was a simple out-of-offi_345e61' is clicked on

17-06-2024T18:39:47 - [TEST_STEP][PASSED] - verifyElementVisible(findTestObject("Object Repository/Page_The Story and Evolution of Doodles - G_6e786d/h1_The story behind Doodles")): Object 'Object Repository/Page_The Story and Evolution of Doodles - G_6e786d/h1_The story behind Doodles' is visible

17-06-2024T18:39:47 - [MESSAGE][PASSED] - Object 'Object Repository/Page_The Story and Evolution of Doodles - G_6e786d/h1_The story behind Doodles' is visible

17-06-2024T18:39:47 - [TEST_STEP][PASSED] - verifyElementVisible(findTestObject("Object Repository/Page_The Story and Evolution of Doodles - G_6e786d/p_The first Doodle was a simple out-of-offi_345e61")): Object 'Object Repository/Page_The Story and Evolution of Doodles - G_6e786d/p_The first Doodle was a simple out-of-offi_345e61' is visible

17-06-2024T18:39:48 - [MESSAGE][PASSED] - Object 'Object Repository/Page_The Story and Evolution of Doodles - G_6e786d/p_The first Doodle was a simple out-of-offi_345e61' is visible

17-06-2024T18:39:48 - [TEST_STEP][PASSED] - verifyElementVisible(findTestObject("Object Repository/Page_The Story and Evolution of Doodles - G_6e786d/h2_Weve created more than 5,000 Doodles ove_111429")): Object 'Object Repository/Page_The Story and Evolution of Doodles - G_6e786d/h2_Weve created more than 5,000 Doodles ove_111429' is visible

17-06-2024T18:39:48 - [MESSAGE][PASSED] - Object 'Object Repository/Page_The Story and Evolution of Doodles - G_6e786d/h2_Weve created more than 5,000 Doodles ove_111429' is visible

17-06-2024T18:39:48 - [TEST_STEP][PASSED] - click(findTestObject("Object Repository/Page_The Story and Evolution of Doodles - G_6e786d/p_The first Doodle was a simple out-of-offi_345e61")): Object: 'Object Repository/Page_The Story and Evolution of Doodles - G_6e786d/p_The first Doodle was a simple out-of-offi_345e61' is clicked on

17-06-2024T18:39:48 - [MESSAGE][PASSED] - Object: 'Object Repository/Page_The Story and Evolution of Doodles - G_6e786d/p_The first Doodle was a simple out-of-offi_345e61' is clicked on

17-06-2024T18:39:48 - [TEST_STEP][PASSED] - verifyElementVisible(findTestObject("Object Repository/Page_The Story and Evolution of Doodles - G_6e786d/h1_The story behind Doodles")): Object 'Object Repository/Page_The Story and Evolution of Doodles - G_6e786d/h1_The story behind Doodles' is visible

17-06-2024T18:39:49 - [MESSAGE][PASSED] - Object 'Object Repository/Page_The Story and Evolution of Doodles - G_6e786d/h1_The story behind Doodles' is visible

17-06-2024T18:39:49 - [TEST_STEP][PASSED] - verifyElementVisible(findTestObject("Object Repository/Page_The Story and Evolution of Doodles - G_6e786d/p_The first Doodle was a simple out-of-offi_345e61")): Object 'Object Repository/Page_The Story and Evolution of Doodles - G_6e786d/p_The first Doodle was a simple out-of-offi_345e61' is visible

17-06-2024T18:39:49 - [MESSAGE][PASSED] - Object 'Object Repository/Page_The Story and Evolution of Doodles - G_6e786d/p_The first Doodle was a simple out-of-offi_345e61' is visible

17-06-2024T18:39:49 - [TEST_STEP][PASSED] - verifyElementVisible(findTestObject("Object Repository/Page_The Story and Evolution of Doodles - G_6e786d/h2_Weve created more than 5,000 Doodles ove_111429")): Object 'Object Repository/Page_The Story and Evolution of Doodles - G_6e786d/h2_Weve created more than 5,000 Doodles ove_111429' is visible

17-06-2024T18:39:49 - [MESSAGE][PASSED] - Object 'Object Repository/Page_The Story and Evolution of Doodles - G_6e786d/h2_Weve created more than 5,000 Doodles ove_111429' is visible

17-06-2024T18:39:49 - [TEST_STEP][PASSED] - click(findTestObject("Object Repository/Page_The Story and Evolution of Doodles - G_6e786d/p_The first Doodle was a simple out-of-offi_345e61")): Object: 'Object Repository/Page_The Story and Evolution of Doodles - G_6e786d/p_The first Doodle was a simple out-of-offi_345e61' is clicked on

17-06-2024T18:39:50 - [MESSAGE][PASSED] - Object: 'Object Repository/Page_The Story and Evolution of Doodles - G_6e786d/p_The first Doodle was a simple out-of-offi_345e61' is clicked on

17-06-2024T18:39:50 - [TEST_STEP][PASSED] - verifyElementVisible(findTestObject("Object Repository/Page_The Story and Evolution of Doodles - G_6e786d/h1_The story behind Doodles")): Object 'Object Repository/Page_The Story and Evolution of Doodles - G_6e786d/h1_The story behind Doodles' is visible

17-06-2024T18:39:50 - [MESSAGE][PASSED] - Object 'Object Repository/Page_The Story and Evolution of Doodles - G_6e786d/h1_The story behind Doodles' is visible

17-06-2024T18:39:50 - [TEST_STEP][PASSED] - verifyElementVisible(findTestObject("Object Repository/Page_The Story and Evolution of Doodles - G_6e786d/p_The first Doodle was a simple out-of-offi_345e61")): Object 'Object Repository/Page_The Story and Evolution of Doodles - G_6e786d/p_The first Doodle was a simple out-of-offi_345e61' is visible

17-06-2024T18:39:50 - [MESSAGE][PASSED] - Object 'Object Repository/Page_The Story and Evolution of Doodles - G_6e786d/p_The first Doodle was a simple out-of-offi_345e61' is visible

17-06-2024T18:39:50 - [TEST_STEP][PASSED] - verifyElementVisible(findTestObject("Object Repository/Page_The Story and Evolution of Doodles - G_6e786d/h2_Weve created more than 5,000 Doodles ove_111429")): Object 'Object Repository/Page_The Story and Evolution of Doodles - G_6e786d/h2_Weve created more than 5,000 Doodles ove_111429' is visible

17-06-2024T18:39:51 - [MESSAGE][PASSED] - Object 'Object Repository/Page_The Story and Evolution of Doodles - G_6e786d/h2_Weve created more than 5,000 Doodles ove_111429' is visible]]></system-out>
         <system-err><![CDATA[]]></system-err>
      </testcase>
      <testcase name="Test Cases/test case folder 1/tc1 - Copy (13)" time="20.181" classname="Test Cases/test case folder 1/tc1 - Copy (13)" status="PASSED">
         <system-out><![CDATA[17-06-2024T18:39:51 - [TEST_CASE][PASSED] - Test Cases/test case folder 1/tc1 - Copy (13): Test Cases/test case folder 1/tc1 - Copy (13)

17-06-2024T18:39:51 - [TEST_STEP][PASSED] - openBrowser(""): Browser is opened with url: ''

17-06-2024T18:39:51 - [MESSAGE][WARNING] - A browser is already opened. Closing browser and opening a new one

17-06-2024T18:39:51 - [MESSAGE][INFO] - Starting 'Chrome (headless)' driver

17-06-2024T18:39:51 - [MESSAGE][INFO] - Action delay is set to 0 milliseconds

17-06-2024T18:39:52 - [MESSAGE][PASSED] - Browser is opened with url: ''

17-06-2024T18:39:52 - [TEST_STEP][PASSED] - navigateToUrl("https://doodles.google/about/"): Navigate to 'https://doodles.google/about/' successfully

17-06-2024T18:39:56 - [MESSAGE][PASSED] - Navigate to 'https://doodles.google/about/' successfully

17-06-2024T18:39:56 - [TEST_STEP][PASSED] - click(findTestObject("Object Repository/Page_The Story and Evolution of Doodles - G_6e786d/p_The first Doodle was a simple out-of-offi_345e61")): Object: 'Object Repository/Page_The Story and Evolution of Doodles - G_6e786d/p_The first Doodle was a simple out-of-offi_345e61' is clicked on

17-06-2024T18:39:56 - [MESSAGE][PASSED] - Object: 'Object Repository/Page_The Story and Evolution of Doodles - G_6e786d/p_The first Doodle was a simple out-of-offi_345e61' is clicked on

17-06-2024T18:39:56 - [TEST_STEP][PASSED] - click(findTestObject("Object Repository/Page_The Story and Evolution of Doodles - G_6e786d/p_The first Doodle was a simple out-of-offi_345e61")): Object: 'Object Repository/Page_The Story and Evolution of Doodles - G_6e786d/p_The first Doodle was a simple out-of-offi_345e61' is clicked on

17-06-2024T18:39:56 - [MESSAGE][PASSED] - Object: 'Object Repository/Page_The Story and Evolution of Doodles - G_6e786d/p_The first Doodle was a simple out-of-offi_345e61' is clicked on

17-06-2024T18:39:56 - [TEST_STEP][PASSED] - verifyElementVisible(findTestObject("Object Repository/Page_The Story and Evolution of Doodles - G_6e786d/h1_The story behind Doodles")): Object 'Object Repository/Page_The Story and Evolution of Doodles - G_6e786d/h1_The story behind Doodles' is visible

17-06-2024T18:39:57 - [MESSAGE][PASSED] - Object 'Object Repository/Page_The Story and Evolution of Doodles - G_6e786d/h1_The story behind Doodles' is visible

17-06-2024T18:39:57 - [TEST_STEP][PASSED] - verifyElementVisible(findTestObject("Object Repository/Page_The Story and Evolution of Doodles - G_6e786d/p_The first Doodle was a simple out-of-offi_345e61")): Object 'Object Repository/Page_The Story and Evolution of Doodles - G_6e786d/p_The first Doodle was a simple out-of-offi_345e61' is visible

17-06-2024T18:39:57 - [MESSAGE][PASSED] - Object 'Object Repository/Page_The Story and Evolution of Doodles - G_6e786d/p_The first Doodle was a simple out-of-offi_345e61' is visible

17-06-2024T18:39:57 - [TEST_STEP][PASSED] - verifyElementVisible(findTestObject("Object Repository/Page_The Story and Evolution of Doodles - G_6e786d/h2_Weve created more than 5,000 Doodles ove_111429")): Object 'Object Repository/Page_The Story and Evolution of Doodles - G_6e786d/h2_Weve created more than 5,000 Doodles ove_111429' is visible

17-06-2024T18:39:57 - [MESSAGE][PASSED] - Object 'Object Repository/Page_The Story and Evolution of Doodles - G_6e786d/h2_Weve created more than 5,000 Doodles ove_111429' is visible

17-06-2024T18:39:57 - [TEST_STEP][PASSED] - verifyElementVisible(findTestObject("Object Repository/Page_The Story and Evolution of Doodles - G_6e786d/h1_The story behind Doodles")): Object 'Object Repository/Page_The Story and Evolution of Doodles - G_6e786d/h1_The story behind Doodles' is visible

17-06-2024T18:39:58 - [MESSAGE][PASSED] - Object 'Object Repository/Page_The Story and Evolution of Doodles - G_6e786d/h1_The story behind Doodles' is visible

17-06-2024T18:39:58 - [TEST_STEP][PASSED] - verifyElementVisible(findTestObject("Object Repository/Page_The Story and Evolution of Doodles - G_6e786d/p_The first Doodle was a simple out-of-offi_345e61")): Object 'Object Repository/Page_The Story and Evolution of Doodles - G_6e786d/p_The first Doodle was a simple out-of-offi_345e61' is visible

17-06-2024T18:39:58 - [MESSAGE][PASSED] - Object 'Object Repository/Page_The Story and Evolution of Doodles - G_6e786d/p_The first Doodle was a simple out-of-offi_345e61' is visible

17-06-2024T18:39:58 - [TEST_STEP][PASSED] - verifyElementVisible(findTestObject("Object Repository/Page_The Story and Evolution of Doodles - G_6e786d/h2_Weve created more than 5,000 Doodles ove_111429")): Object 'Object Repository/Page_The Story and Evolution of Doodles - G_6e786d/h2_Weve created more than 5,000 Doodles ove_111429' is visible

17-06-2024T18:39:58 - [MESSAGE][PASSED] - Object 'Object Repository/Page_The Story and Evolution of Doodles - G_6e786d/h2_Weve created more than 5,000 Doodles ove_111429' is visible

17-06-2024T18:39:58 - [TEST_STEP][PASSED] - click(findTestObject("Object Repository/Page_The Story and Evolution of Doodles - G_6e786d/p_The first Doodle was a simple out-of-offi_345e61")): Object: 'Object Repository/Page_The Story and Evolution of Doodles - G_6e786d/p_The first Doodle was a simple out-of-offi_345e61' is clicked on

17-06-2024T18:39:59 - [MESSAGE][PASSED] - Object: 'Object Repository/Page_The Story and Evolution of Doodles - G_6e786d/p_The first Doodle was a simple out-of-offi_345e61' is clicked on

17-06-2024T18:39:59 - [TEST_STEP][PASSED] - verifyElementVisible(findTestObject("Object Repository/Page_The Story and Evolution of Doodles - G_6e786d/h1_The story behind Doodles")): Object 'Object Repository/Page_The Story and Evolution of Doodles - G_6e786d/h1_The story behind Doodles' is visible

17-06-2024T18:39:59 - [MESSAGE][PASSED] - Object 'Object Repository/Page_The Story and Evolution of Doodles - G_6e786d/h1_The story behind Doodles' is visible

17-06-2024T18:39:59 - [TEST_STEP][PASSED] - verifyElementVisible(findTestObject("Object Repository/Page_The Story and Evolution of Doodles - G_6e786d/p_The first Doodle was a simple out-of-offi_345e61")): Object 'Object Repository/Page_The Story and Evolution of Doodles - G_6e786d/p_The first Doodle was a simple out-of-offi_345e61' is visible

17-06-2024T18:39:59 - [MESSAGE][PASSED] - Object 'Object Repository/Page_The Story and Evolution of Doodles - G_6e786d/p_The first Doodle was a simple out-of-offi_345e61' is visible

17-06-2024T18:39:59 - [TEST_STEP][PASSED] - verifyElementVisible(findTestObject("Object Repository/Page_The Story and Evolution of Doodles - G_6e786d/h2_Weve created more than 5,000 Doodles ove_111429")): Object 'Object Repository/Page_The Story and Evolution of Doodles - G_6e786d/h2_Weve created more than 5,000 Doodles ove_111429' is visible

17-06-2024T18:40:00 - [MESSAGE][PASSED] - Object 'Object Repository/Page_The Story and Evolution of Doodles - G_6e786d/h2_Weve created more than 5,000 Doodles ove_111429' is visible

17-06-2024T18:40:00 - [TEST_STEP][PASSED] - click(findTestObject("Object Repository/Page_The Story and Evolution of Doodles - G_6e786d/p_The first Doodle was a simple out-of-offi_345e61")): Object: 'Object Repository/Page_The Story and Evolution of Doodles - G_6e786d/p_The first Doodle was a simple out-of-offi_345e61' is clicked on

17-06-2024T18:40:00 - [MESSAGE][PASSED] - Object: 'Object Repository/Page_The Story and Evolution of Doodles - G_6e786d/p_The first Doodle was a simple out-of-offi_345e61' is clicked on

17-06-2024T18:40:00 - [TEST_STEP][PASSED] - verifyElementVisible(findTestObject("Object Repository/Page_The Story and Evolution of Doodles - G_6e786d/h1_The story behind Doodles")): Object 'Object Repository/Page_The Story and Evolution of Doodles - G_6e786d/h1_The story behind Doodles' is visible

17-06-2024T18:40:00 - [MESSAGE][PASSED] - Object 'Object Repository/Page_The Story and Evolution of Doodles - G_6e786d/h1_The story behind Doodles' is visible

17-06-2024T18:40:00 - [TEST_STEP][PASSED] - verifyElementVisible(findTestObject("Object Repository/Page_The Story and Evolution of Doodles - G_6e786d/p_The first Doodle was a simple out-of-offi_345e61")): Object 'Object Repository/Page_The Story and Evolution of Doodles - G_6e786d/p_The first Doodle was a simple out-of-offi_345e61' is visible

17-06-2024T18:40:01 - [MESSAGE][PASSED] - Object 'Object Repository/Page_The Story and Evolution of Doodles - G_6e786d/p_The first Doodle was a simple out-of-offi_345e61' is visible

17-06-2024T18:40:01 - [TEST_STEP][PASSED] - verifyElementVisible(findTestObject("Object Repository/Page_The Story and Evolution of Doodles - G_6e786d/h2_Weve created more than 5,000 Doodles ove_111429")): Object 'Object Repository/Page_The Story and Evolution of Doodles - G_6e786d/h2_Weve created more than 5,000 Doodles ove_111429' is visible

17-06-2024T18:40:01 - [MESSAGE][PASSED] - Object 'Object Repository/Page_The Story and Evolution of Doodles - G_6e786d/h2_Weve created more than 5,000 Doodles ove_111429' is visible

17-06-2024T18:40:01 - [TEST_STEP][PASSED] - click(findTestObject("Object Repository/Page_The Story and Evolution of Doodles - G_6e786d/p_The first Doodle was a simple out-of-offi_345e61")): Object: 'Object Repository/Page_The Story and Evolution of Doodles - G_6e786d/p_The first Doodle was a simple out-of-offi_345e61' is clicked on

17-06-2024T18:40:01 - [MESSAGE][PASSED] - Object: 'Object Repository/Page_The Story and Evolution of Doodles - G_6e786d/p_The first Doodle was a simple out-of-offi_345e61' is clicked on

17-06-2024T18:40:01 - [TEST_STEP][PASSED] - verifyElementVisible(findTestObject("Object Repository/Page_The Story and Evolution of Doodles - G_6e786d/h1_The story behind Doodles")): Object 'Object Repository/Page_The Story and Evolution of Doodles - G_6e786d/h1_The story behind Doodles' is visible

17-06-2024T18:40:02 - [MESSAGE][PASSED] - Object 'Object Repository/Page_The Story and Evolution of Doodles - G_6e786d/h1_The story behind Doodles' is visible

17-06-2024T18:40:02 - [TEST_STEP][PASSED] - verifyElementVisible(findTestObject("Object Repository/Page_The Story and Evolution of Doodles - G_6e786d/p_The first Doodle was a simple out-of-offi_345e61")): Object 'Object Repository/Page_The Story and Evolution of Doodles - G_6e786d/p_The first Doodle was a simple out-of-offi_345e61' is visible

17-06-2024T18:40:02 - [MESSAGE][PASSED] - Object 'Object Repository/Page_The Story and Evolution of Doodles - G_6e786d/p_The first Doodle was a simple out-of-offi_345e61' is visible

17-06-2024T18:40:02 - [TEST_STEP][PASSED] - verifyElementVisible(findTestObject("Object Repository/Page_The Story and Evolution of Doodles - G_6e786d/h2_Weve created more than 5,000 Doodles ove_111429")): Object 'Object Repository/Page_The Story and Evolution of Doodles - G_6e786d/h2_Weve created more than 5,000 Doodles ove_111429' is visible

17-06-2024T18:40:02 - [MESSAGE][PASSED] - Object 'Object Repository/Page_The Story and Evolution of Doodles - G_6e786d/h2_Weve created more than 5,000 Doodles ove_111429' is visible

17-06-2024T18:40:02 - [TEST_STEP][PASSED] - click(findTestObject("Object Repository/Page_The Story and Evolution of Doodles - G_6e786d/p_The first Doodle was a simple out-of-offi_345e61")): Object: 'Object Repository/Page_The Story and Evolution of Doodles - G_6e786d/p_The first Doodle was a simple out-of-offi_345e61' is clicked on

17-06-2024T18:40:03 - [MESSAGE][PASSED] - Object: 'Object Repository/Page_The Story and Evolution of Doodles - G_6e786d/p_The first Doodle was a simple out-of-offi_345e61' is clicked on

17-06-2024T18:40:03 - [TEST_STEP][PASSED] - verifyElementVisible(findTestObject("Object Repository/Page_The Story and Evolution of Doodles - G_6e786d/h1_The story behind Doodles")): Object 'Object Repository/Page_The Story and Evolution of Doodles - G_6e786d/h1_The story behind Doodles' is visible

17-06-2024T18:40:03 - [MESSAGE][PASSED] - Object 'Object Repository/Page_The Story and Evolution of Doodles - G_6e786d/h1_The story behind Doodles' is visible

17-06-2024T18:40:03 - [TEST_STEP][PASSED] - verifyElementVisible(findTestObject("Object Repository/Page_The Story and Evolution of Doodles - G_6e786d/p_The first Doodle was a simple out-of-offi_345e61")): Object 'Object Repository/Page_The Story and Evolution of Doodles - G_6e786d/p_The first Doodle was a simple out-of-offi_345e61' is visible

17-06-2024T18:40:03 - [MESSAGE][PASSED] - Object 'Object Repository/Page_The Story and Evolution of Doodles - G_6e786d/p_The first Doodle was a simple out-of-offi_345e61' is visible

17-06-2024T18:40:03 - [TEST_STEP][PASSED] - verifyElementVisible(findTestObject("Object Repository/Page_The Story and Evolution of Doodles - G_6e786d/h2_Weve created more than 5,000 Doodles ove_111429")): Object 'Object Repository/Page_The Story and Evolution of Doodles - G_6e786d/h2_Weve created more than 5,000 Doodles ove_111429' is visible

17-06-2024T18:40:04 - [MESSAGE][PASSED] - Object 'Object Repository/Page_The Story and Evolution of Doodles - G_6e786d/h2_Weve created more than 5,000 Doodles ove_111429' is visible

17-06-2024T18:40:04 - [TEST_STEP][PASSED] - click(findTestObject("Object Repository/Page_The Story and Evolution of Doodles - G_6e786d/p_The first Doodle was a simple out-of-offi_345e61")): Object: 'Object Repository/Page_The Story and Evolution of Doodles - G_6e786d/p_The first Doodle was a simple out-of-offi_345e61' is clicked on

17-06-2024T18:40:04 - [MESSAGE][PASSED] - Object: 'Object Repository/Page_The Story and Evolution of Doodles - G_6e786d/p_The first Doodle was a simple out-of-offi_345e61' is clicked on

17-06-2024T18:40:04 - [TEST_STEP][PASSED] - verifyElementVisible(findTestObject("Object Repository/Page_The Story and Evolution of Doodles - G_6e786d/h1_The story behind Doodles")): Object 'Object Repository/Page_The Story and Evolution of Doodles - G_6e786d/h1_The story behind Doodles' is visible

17-06-2024T18:40:04 - [MESSAGE][PASSED] - Object 'Object Repository/Page_The Story and Evolution of Doodles - G_6e786d/h1_The story behind Doodles' is visible

17-06-2024T18:40:04 - [TEST_STEP][PASSED] - verifyElementVisible(findTestObject("Object Repository/Page_The Story and Evolution of Doodles - G_6e786d/p_The first Doodle was a simple out-of-offi_345e61")): Object 'Object Repository/Page_The Story and Evolution of Doodles - G_6e786d/p_The first Doodle was a simple out-of-offi_345e61' is visible

17-06-2024T18:40:05 - [MESSAGE][PASSED] - Object 'Object Repository/Page_The Story and Evolution of Doodles - G_6e786d/p_The first Doodle was a simple out-of-offi_345e61' is visible

17-06-2024T18:40:05 - [TEST_STEP][PASSED] - verifyElementVisible(findTestObject("Object Repository/Page_The Story and Evolution of Doodles - G_6e786d/h2_Weve created more than 5,000 Doodles ove_111429")): Object 'Object Repository/Page_The Story and Evolution of Doodles - G_6e786d/h2_Weve created more than 5,000 Doodles ove_111429' is visible

17-06-2024T18:40:05 - [MESSAGE][PASSED] - Object 'Object Repository/Page_The Story and Evolution of Doodles - G_6e786d/h2_Weve created more than 5,000 Doodles ove_111429' is visible

17-06-2024T18:40:05 - [TEST_STEP][PASSED] - click(findTestObject("Object Repository/Page_The Story and Evolution of Doodles - G_6e786d/p_The first Doodle was a simple out-of-offi_345e61")): Object: 'Object Repository/Page_The Story and Evolution of Doodles - G_6e786d/p_The first Doodle was a simple out-of-offi_345e61' is clicked on

17-06-2024T18:40:06 - [MESSAGE][PASSED] - Object: 'Object Repository/Page_The Story and Evolution of Doodles - G_6e786d/p_The first Doodle was a simple out-of-offi_345e61' is clicked on

17-06-2024T18:40:06 - [TEST_STEP][PASSED] - verifyElementVisible(findTestObject("Object Repository/Page_The Story and Evolution of Doodles - G_6e786d/h1_The story behind Doodles")): Object 'Object Repository/Page_The Story and Evolution of Doodles - G_6e786d/h1_The story behind Doodles' is visible

17-06-2024T18:40:06 - [MESSAGE][PASSED] - Object 'Object Repository/Page_The Story and Evolution of Doodles - G_6e786d/h1_The story behind Doodles' is visible

17-06-2024T18:40:06 - [TEST_STEP][PASSED] - verifyElementVisible(findTestObject("Object Repository/Page_The Story and Evolution of Doodles - G_6e786d/p_The first Doodle was a simple out-of-offi_345e61")): Object 'Object Repository/Page_The Story and Evolution of Doodles - G_6e786d/p_The first Doodle was a simple out-of-offi_345e61' is visible

17-06-2024T18:40:06 - [MESSAGE][PASSED] - Object 'Object Repository/Page_The Story and Evolution of Doodles - G_6e786d/p_The first Doodle was a simple out-of-offi_345e61' is visible

17-06-2024T18:40:06 - [TEST_STEP][PASSED] - verifyElementVisible(findTestObject("Object Repository/Page_The Story and Evolution of Doodles - G_6e786d/h2_Weve created more than 5,000 Doodles ove_111429")): Object 'Object Repository/Page_The Story and Evolution of Doodles - G_6e786d/h2_Weve created more than 5,000 Doodles ove_111429' is visible

17-06-2024T18:40:07 - [MESSAGE][PASSED] - Object 'Object Repository/Page_The Story and Evolution of Doodles - G_6e786d/h2_Weve created more than 5,000 Doodles ove_111429' is visible

17-06-2024T18:40:07 - [TEST_STEP][PASSED] - click(findTestObject("Object Repository/Page_The Story and Evolution of Doodles - G_6e786d/p_The first Doodle was a simple out-of-offi_345e61")): Object: 'Object Repository/Page_The Story and Evolution of Doodles - G_6e786d/p_The first Doodle was a simple out-of-offi_345e61' is clicked on

17-06-2024T18:40:07 - [MESSAGE][PASSED] - Object: 'Object Repository/Page_The Story and Evolution of Doodles - G_6e786d/p_The first Doodle was a simple out-of-offi_345e61' is clicked on

17-06-2024T18:40:07 - [TEST_STEP][PASSED] - verifyElementVisible(findTestObject("Object Repository/Page_The Story and Evolution of Doodles - G_6e786d/h1_The story behind Doodles")): Object 'Object Repository/Page_The Story and Evolution of Doodles - G_6e786d/h1_The story behind Doodles' is visible

17-06-2024T18:40:07 - [MESSAGE][PASSED] - Object 'Object Repository/Page_The Story and Evolution of Doodles - G_6e786d/h1_The story behind Doodles' is visible

17-06-2024T18:40:07 - [TEST_STEP][PASSED] - verifyElementVisible(findTestObject("Object Repository/Page_The Story and Evolution of Doodles - G_6e786d/p_The first Doodle was a simple out-of-offi_345e61")): Object 'Object Repository/Page_The Story and Evolution of Doodles - G_6e786d/p_The first Doodle was a simple out-of-offi_345e61' is visible

17-06-2024T18:40:08 - [MESSAGE][PASSED] - Object 'Object Repository/Page_The Story and Evolution of Doodles - G_6e786d/p_The first Doodle was a simple out-of-offi_345e61' is visible

17-06-2024T18:40:08 - [TEST_STEP][PASSED] - verifyElementVisible(findTestObject("Object Repository/Page_The Story and Evolution of Doodles - G_6e786d/h2_Weve created more than 5,000 Doodles ove_111429")): Object 'Object Repository/Page_The Story and Evolution of Doodles - G_6e786d/h2_Weve created more than 5,000 Doodles ove_111429' is visible

17-06-2024T18:40:08 - [MESSAGE][PASSED] - Object 'Object Repository/Page_The Story and Evolution of Doodles - G_6e786d/h2_Weve created more than 5,000 Doodles ove_111429' is visible

17-06-2024T18:40:08 - [TEST_STEP][PASSED] - click(findTestObject("Object Repository/Page_The Story and Evolution of Doodles - G_6e786d/p_The first Doodle was a simple out-of-offi_345e61")): Object: 'Object Repository/Page_The Story and Evolution of Doodles - G_6e786d/p_The first Doodle was a simple out-of-offi_345e61' is clicked on

17-06-2024T18:40:08 - [MESSAGE][PASSED] - Object: 'Object Repository/Page_The Story and Evolution of Doodles - G_6e786d/p_The first Doodle was a simple out-of-offi_345e61' is clicked on

17-06-2024T18:40:08 - [TEST_STEP][PASSED] - verifyElementVisible(findTestObject("Object Repository/Page_The Story and Evolution of Doodles - G_6e786d/h1_The story behind Doodles")): Object 'Object Repository/Page_The Story and Evolution of Doodles - G_6e786d/h1_The story behind Doodles' is visible

17-06-2024T18:40:09 - [MESSAGE][PASSED] - Object 'Object Repository/Page_The Story and Evolution of Doodles - G_6e786d/h1_The story behind Doodles' is visible

17-06-2024T18:40:09 - [TEST_STEP][PASSED] - verifyElementVisible(findTestObject("Object Repository/Page_The Story and Evolution of Doodles - G_6e786d/p_The first Doodle was a simple out-of-offi_345e61")): Object 'Object Repository/Page_The Story and Evolution of Doodles - G_6e786d/p_The first Doodle was a simple out-of-offi_345e61' is visible

17-06-2024T18:40:09 - [MESSAGE][PASSED] - Object 'Object Repository/Page_The Story and Evolution of Doodles - G_6e786d/p_The first Doodle was a simple out-of-offi_345e61' is visible

17-06-2024T18:40:09 - [TEST_STEP][PASSED] - verifyElementVisible(findTestObject("Object Repository/Page_The Story and Evolution of Doodles - G_6e786d/h2_Weve created more than 5,000 Doodles ove_111429")): Object 'Object Repository/Page_The Story and Evolution of Doodles - G_6e786d/h2_Weve created more than 5,000 Doodles ove_111429' is visible

17-06-2024T18:40:09 - [MESSAGE][PASSED] - Object 'Object Repository/Page_The Story and Evolution of Doodles - G_6e786d/h2_Weve created more than 5,000 Doodles ove_111429' is visible

17-06-2024T18:40:09 - [TEST_STEP][PASSED] - click(findTestObject("Object Repository/Page_The Story and Evolution of Doodles - G_6e786d/p_The first Doodle was a simple out-of-offi_345e61")): Object: 'Object Repository/Page_The Story and Evolution of Doodles - G_6e786d/p_The first Doodle was a simple out-of-offi_345e61' is clicked on

17-06-2024T18:40:10 - [MESSAGE][PASSED] - Object: 'Object Repository/Page_The Story and Evolution of Doodles - G_6e786d/p_The first Doodle was a simple out-of-offi_345e61' is clicked on

17-06-2024T18:40:10 - [TEST_STEP][PASSED] - verifyElementVisible(findTestObject("Object Repository/Page_The Story and Evolution of Doodles - G_6e786d/h1_The story behind Doodles")): Object 'Object Repository/Page_The Story and Evolution of Doodles - G_6e786d/h1_The story behind Doodles' is visible

17-06-2024T18:40:10 - [MESSAGE][PASSED] - Object 'Object Repository/Page_The Story and Evolution of Doodles - G_6e786d/h1_The story behind Doodles' is visible

17-06-2024T18:40:10 - [TEST_STEP][PASSED] - verifyElementVisible(findTestObject("Object Repository/Page_The Story and Evolution of Doodles - G_6e786d/p_The first Doodle was a simple out-of-offi_345e61")): Object 'Object Repository/Page_The Story and Evolution of Doodles - G_6e786d/p_The first Doodle was a simple out-of-offi_345e61' is visible

17-06-2024T18:40:10 - [MESSAGE][PASSED] - Object 'Object Repository/Page_The Story and Evolution of Doodles - G_6e786d/p_The first Doodle was a simple out-of-offi_345e61' is visible

17-06-2024T18:40:10 - [TEST_STEP][PASSED] - verifyElementVisible(findTestObject("Object Repository/Page_The Story and Evolution of Doodles - G_6e786d/h2_Weve created more than 5,000 Doodles ove_111429")): Object 'Object Repository/Page_The Story and Evolution of Doodles - G_6e786d/h2_Weve created more than 5,000 Doodles ove_111429' is visible

17-06-2024T18:40:11 - [MESSAGE][PASSED] - Object 'Object Repository/Page_The Story and Evolution of Doodles - G_6e786d/h2_Weve created more than 5,000 Doodles ove_111429' is visible]]></system-out>
         <system-err><![CDATA[]]></system-err>
      </testcase>
      <testcase name="Test Cases/test case folder 1/tc1 - Copy (2) - Copy (1)" time="33.442" classname="Test Cases/test case folder 1/tc1 - Copy (2) - Copy (1)" status="PASSED">
         <system-out><![CDATA[17-06-2024T18:40:11 - [TEST_CASE][PASSED] - Test Cases/test case folder 1/tc1 - Copy (2) - Copy (1): Test Cases/test case folder 1/tc1 - Copy (2) - Copy (1)

17-06-2024T18:40:11 - [TEST_STEP][PASSED] - openBrowser(""): Browser is opened with url: ''

17-06-2024T18:40:11 - [MESSAGE][WARNING] - A browser is already opened. Closing browser and opening a new one

17-06-2024T18:40:11 - [MESSAGE][INFO] - Starting 'Chrome (headless)' driver

17-06-2024T18:40:11 - [MESSAGE][INFO] - Action delay is set to 0 milliseconds

17-06-2024T18:40:12 - [MESSAGE][PASSED] - Browser is opened with url: ''

17-06-2024T18:40:12 - [TEST_STEP][PASSED] - navigateToUrl("https://doodles.google/about/"): Navigate to 'https://doodles.google/about/' successfully

17-06-2024T18:40:30 - [MESSAGE][PASSED] - Navigate to 'https://doodles.google/about/' successfully

17-06-2024T18:40:30 - [TEST_STEP][PASSED] - click(findTestObject("Object Repository/Page_The Story and Evolution of Doodles - G_6e786d/p_The first Doodle was a simple out-of-offi_345e61")): Object: 'Object Repository/Page_The Story and Evolution of Doodles - G_6e786d/p_The first Doodle was a simple out-of-offi_345e61' is clicked on

17-06-2024T18:40:30 - [MESSAGE][PASSED] - Object: 'Object Repository/Page_The Story and Evolution of Doodles - G_6e786d/p_The first Doodle was a simple out-of-offi_345e61' is clicked on

17-06-2024T18:40:30 - [TEST_STEP][PASSED] - click(findTestObject("Object Repository/Page_The Story and Evolution of Doodles - G_6e786d/p_The first Doodle was a simple out-of-offi_345e61")): Object: 'Object Repository/Page_The Story and Evolution of Doodles - G_6e786d/p_The first Doodle was a simple out-of-offi_345e61' is clicked on

17-06-2024T18:40:30 - [MESSAGE][PASSED] - Object: 'Object Repository/Page_The Story and Evolution of Doodles - G_6e786d/p_The first Doodle was a simple out-of-offi_345e61' is clicked on

17-06-2024T18:40:30 - [TEST_STEP][PASSED] - verifyElementVisible(findTestObject("Object Repository/Page_The Story and Evolution of Doodles - G_6e786d/h1_The story behind Doodles")): Object 'Object Repository/Page_The Story and Evolution of Doodles - G_6e786d/h1_The story behind Doodles' is visible

17-06-2024T18:40:31 - [MESSAGE][PASSED] - Object 'Object Repository/Page_The Story and Evolution of Doodles - G_6e786d/h1_The story behind Doodles' is visible

17-06-2024T18:40:31 - [TEST_STEP][PASSED] - verifyElementVisible(findTestObject("Object Repository/Page_The Story and Evolution of Doodles - G_6e786d/p_The first Doodle was a simple out-of-offi_345e61")): Object 'Object Repository/Page_The Story and Evolution of Doodles - G_6e786d/p_The first Doodle was a simple out-of-offi_345e61' is visible

17-06-2024T18:40:31 - [MESSAGE][PASSED] - Object 'Object Repository/Page_The Story and Evolution of Doodles - G_6e786d/p_The first Doodle was a simple out-of-offi_345e61' is visible

17-06-2024T18:40:31 - [TEST_STEP][PASSED] - verifyElementVisible(findTestObject("Object Repository/Page_The Story and Evolution of Doodles - G_6e786d/h2_Weve created more than 5,000 Doodles ove_111429")): Object 'Object Repository/Page_The Story and Evolution of Doodles - G_6e786d/h2_Weve created more than 5,000 Doodles ove_111429' is visible

17-06-2024T18:40:31 - [MESSAGE][PASSED] - Object 'Object Repository/Page_The Story and Evolution of Doodles - G_6e786d/h2_Weve created more than 5,000 Doodles ove_111429' is visible

17-06-2024T18:40:31 - [TEST_STEP][PASSED] - verifyElementVisible(findTestObject("Object Repository/Page_The Story and Evolution of Doodles - G_6e786d/h1_The story behind Doodles")): Object 'Object Repository/Page_The Story and Evolution of Doodles - G_6e786d/h1_The story behind Doodles' is visible

17-06-2024T18:40:32 - [MESSAGE][PASSED] - Object 'Object Repository/Page_The Story and Evolution of Doodles - G_6e786d/h1_The story behind Doodles' is visible

17-06-2024T18:40:32 - [TEST_STEP][PASSED] - verifyElementVisible(findTestObject("Object Repository/Page_The Story and Evolution of Doodles - G_6e786d/p_The first Doodle was a simple out-of-offi_345e61")): Object 'Object Repository/Page_The Story and Evolution of Doodles - G_6e786d/p_The first Doodle was a simple out-of-offi_345e61' is visible

17-06-2024T18:40:32 - [MESSAGE][PASSED] - Object 'Object Repository/Page_The Story and Evolution of Doodles - G_6e786d/p_The first Doodle was a simple out-of-offi_345e61' is visible

17-06-2024T18:40:32 - [TEST_STEP][PASSED] - verifyElementVisible(findTestObject("Object Repository/Page_The Story and Evolution of Doodles - G_6e786d/h2_Weve created more than 5,000 Doodles ove_111429")): Object 'Object Repository/Page_The Story and Evolution of Doodles - G_6e786d/h2_Weve created more than 5,000 Doodles ove_111429' is visible

17-06-2024T18:40:32 - [MESSAGE][PASSED] - Object 'Object Repository/Page_The Story and Evolution of Doodles - G_6e786d/h2_Weve created more than 5,000 Doodles ove_111429' is visible

17-06-2024T18:40:32 - [TEST_STEP][PASSED] - click(findTestObject("Object Repository/Page_The Story and Evolution of Doodles - G_6e786d/p_The first Doodle was a simple out-of-offi_345e61")): Object: 'Object Repository/Page_The Story and Evolution of Doodles - G_6e786d/p_The first Doodle was a simple out-of-offi_345e61' is clicked on

17-06-2024T18:40:33 - [MESSAGE][PASSED] - Object: 'Object Repository/Page_The Story and Evolution of Doodles - G_6e786d/p_The first Doodle was a simple out-of-offi_345e61' is clicked on

17-06-2024T18:40:33 - [TEST_STEP][PASSED] - verifyElementVisible(findTestObject("Object Repository/Page_The Story and Evolution of Doodles - G_6e786d/h1_The story behind Doodles")): Object 'Object Repository/Page_The Story and Evolution of Doodles - G_6e786d/h1_The story behind Doodles' is visible

17-06-2024T18:40:33 - [MESSAGE][PASSED] - Object 'Object Repository/Page_The Story and Evolution of Doodles - G_6e786d/h1_The story behind Doodles' is visible

17-06-2024T18:40:33 - [TEST_STEP][PASSED] - verifyElementVisible(findTestObject("Object Repository/Page_The Story and Evolution of Doodles - G_6e786d/p_The first Doodle was a simple out-of-offi_345e61")): Object 'Object Repository/Page_The Story and Evolution of Doodles - G_6e786d/p_The first Doodle was a simple out-of-offi_345e61' is visible

17-06-2024T18:40:33 - [MESSAGE][PASSED] - Object 'Object Repository/Page_The Story and Evolution of Doodles - G_6e786d/p_The first Doodle was a simple out-of-offi_345e61' is visible

17-06-2024T18:40:33 - [TEST_STEP][PASSED] - verifyElementVisible(findTestObject("Object Repository/Page_The Story and Evolution of Doodles - G_6e786d/h2_Weve created more than 5,000 Doodles ove_111429")): Object 'Object Repository/Page_The Story and Evolution of Doodles - G_6e786d/h2_Weve created more than 5,000 Doodles ove_111429' is visible

17-06-2024T18:40:34 - [MESSAGE][PASSED] - Object 'Object Repository/Page_The Story and Evolution of Doodles - G_6e786d/h2_Weve created more than 5,000 Doodles ove_111429' is visible

17-06-2024T18:40:34 - [TEST_STEP][PASSED] - click(findTestObject("Object Repository/Page_The Story and Evolution of Doodles - G_6e786d/p_The first Doodle was a simple out-of-offi_345e61")): Object: 'Object Repository/Page_The Story and Evolution of Doodles - G_6e786d/p_The first Doodle was a simple out-of-offi_345e61' is clicked on

17-06-2024T18:40:34 - [MESSAGE][PASSED] - Object: 'Object Repository/Page_The Story and Evolution of Doodles - G_6e786d/p_The first Doodle was a simple out-of-offi_345e61' is clicked on

17-06-2024T18:40:34 - [TEST_STEP][PASSED] - verifyElementVisible(findTestObject("Object Repository/Page_The Story and Evolution of Doodles - G_6e786d/h1_The story behind Doodles")): Object 'Object Repository/Page_The Story and Evolution of Doodles - G_6e786d/h1_The story behind Doodles' is visible

17-06-2024T18:40:34 - [MESSAGE][PASSED] - Object 'Object Repository/Page_The Story and Evolution of Doodles - G_6e786d/h1_The story behind Doodles' is visible

17-06-2024T18:40:34 - [TEST_STEP][PASSED] - verifyElementVisible(findTestObject("Object Repository/Page_The Story and Evolution of Doodles - G_6e786d/p_The first Doodle was a simple out-of-offi_345e61")): Object 'Object Repository/Page_The Story and Evolution of Doodles - G_6e786d/p_The first Doodle was a simple out-of-offi_345e61' is visible

17-06-2024T18:40:35 - [MESSAGE][PASSED] - Object 'Object Repository/Page_The Story and Evolution of Doodles - G_6e786d/p_The first Doodle was a simple out-of-offi_345e61' is visible

17-06-2024T18:40:35 - [TEST_STEP][PASSED] - verifyElementVisible(findTestObject("Object Repository/Page_The Story and Evolution of Doodles - G_6e786d/h2_Weve created more than 5,000 Doodles ove_111429")): Object 'Object Repository/Page_The Story and Evolution of Doodles - G_6e786d/h2_Weve created more than 5,000 Doodles ove_111429' is visible

17-06-2024T18:40:35 - [MESSAGE][PASSED] - Object 'Object Repository/Page_The Story and Evolution of Doodles - G_6e786d/h2_Weve created more than 5,000 Doodles ove_111429' is visible

17-06-2024T18:40:35 - [TEST_STEP][PASSED] - click(findTestObject("Object Repository/Page_The Story and Evolution of Doodles - G_6e786d/p_The first Doodle was a simple out-of-offi_345e61")): Object: 'Object Repository/Page_The Story and Evolution of Doodles - G_6e786d/p_The first Doodle was a simple out-of-offi_345e61' is clicked on

17-06-2024T18:40:36 - [MESSAGE][PASSED] - Object: 'Object Repository/Page_The Story and Evolution of Doodles - G_6e786d/p_The first Doodle was a simple out-of-offi_345e61' is clicked on

17-06-2024T18:40:36 - [TEST_STEP][PASSED] - verifyElementVisible(findTestObject("Object Repository/Page_The Story and Evolution of Doodles - G_6e786d/h1_The story behind Doodles")): Object 'Object Repository/Page_The Story and Evolution of Doodles - G_6e786d/h1_The story behind Doodles' is visible

17-06-2024T18:40:36 - [MESSAGE][PASSED] - Object 'Object Repository/Page_The Story and Evolution of Doodles - G_6e786d/h1_The story behind Doodles' is visible

17-06-2024T18:40:36 - [TEST_STEP][PASSED] - verifyElementVisible(findTestObject("Object Repository/Page_The Story and Evolution of Doodles - G_6e786d/p_The first Doodle was a simple out-of-offi_345e61")): Object 'Object Repository/Page_The Story and Evolution of Doodles - G_6e786d/p_The first Doodle was a simple out-of-offi_345e61' is visible

17-06-2024T18:40:36 - [MESSAGE][PASSED] - Object 'Object Repository/Page_The Story and Evolution of Doodles - G_6e786d/p_The first Doodle was a simple out-of-offi_345e61' is visible

17-06-2024T18:40:36 - [TEST_STEP][PASSED] - verifyElementVisible(findTestObject("Object Repository/Page_The Story and Evolution of Doodles - G_6e786d/h2_Weve created more than 5,000 Doodles ove_111429")): Object 'Object Repository/Page_The Story and Evolution of Doodles - G_6e786d/h2_Weve created more than 5,000 Doodles ove_111429' is visible

17-06-2024T18:40:36 - [MESSAGE][PASSED] - Object 'Object Repository/Page_The Story and Evolution of Doodles - G_6e786d/h2_Weve created more than 5,000 Doodles ove_111429' is visible

17-06-2024T18:40:36 - [TEST_STEP][PASSED] - click(findTestObject("Object Repository/Page_The Story and Evolution of Doodles - G_6e786d/p_The first Doodle was a simple out-of-offi_345e61")): Object: 'Object Repository/Page_The Story and Evolution of Doodles - G_6e786d/p_The first Doodle was a simple out-of-offi_345e61' is clicked on

17-06-2024T18:40:37 - [MESSAGE][PASSED] - Object: 'Object Repository/Page_The Story and Evolution of Doodles - G_6e786d/p_The first Doodle was a simple out-of-offi_345e61' is clicked on

17-06-2024T18:40:37 - [TEST_STEP][PASSED] - verifyElementVisible(findTestObject("Object Repository/Page_The Story and Evolution of Doodles - G_6e786d/h1_The story behind Doodles")): Object 'Object Repository/Page_The Story and Evolution of Doodles - G_6e786d/h1_The story behind Doodles' is visible

17-06-2024T18:40:37 - [MESSAGE][PASSED] - Object 'Object Repository/Page_The Story and Evolution of Doodles - G_6e786d/h1_The story behind Doodles' is visible

17-06-2024T18:40:37 - [TEST_STEP][PASSED] - verifyElementVisible(findTestObject("Object Repository/Page_The Story and Evolution of Doodles - G_6e786d/p_The first Doodle was a simple out-of-offi_345e61")): Object 'Object Repository/Page_The Story and Evolution of Doodles - G_6e786d/p_The first Doodle was a simple out-of-offi_345e61' is visible

17-06-2024T18:40:37 - [MESSAGE][PASSED] - Object 'Object Repository/Page_The Story and Evolution of Doodles - G_6e786d/p_The first Doodle was a simple out-of-offi_345e61' is visible

17-06-2024T18:40:37 - [TEST_STEP][PASSED] - verifyElementVisible(findTestObject("Object Repository/Page_The Story and Evolution of Doodles - G_6e786d/h2_Weve created more than 5,000 Doodles ove_111429")): Object 'Object Repository/Page_The Story and Evolution of Doodles - G_6e786d/h2_Weve created more than 5,000 Doodles ove_111429' is visible

17-06-2024T18:40:38 - [MESSAGE][PASSED] - Object 'Object Repository/Page_The Story and Evolution of Doodles - G_6e786d/h2_Weve created more than 5,000 Doodles ove_111429' is visible

17-06-2024T18:40:38 - [TEST_STEP][PASSED] - click(findTestObject("Object Repository/Page_The Story and Evolution of Doodles - G_6e786d/p_The first Doodle was a simple out-of-offi_345e61")): Object: 'Object Repository/Page_The Story and Evolution of Doodles - G_6e786d/p_The first Doodle was a simple out-of-offi_345e61' is clicked on

17-06-2024T18:40:38 - [MESSAGE][PASSED] - Object: 'Object Repository/Page_The Story and Evolution of Doodles - G_6e786d/p_The first Doodle was a simple out-of-offi_345e61' is clicked on

17-06-2024T18:40:38 - [TEST_STEP][PASSED] - verifyElementVisible(findTestObject("Object Repository/Page_The Story and Evolution of Doodles - G_6e786d/h1_The story behind Doodles")): Object 'Object Repository/Page_The Story and Evolution of Doodles - G_6e786d/h1_The story behind Doodles' is visible

17-06-2024T18:40:38 - [MESSAGE][PASSED] - Object 'Object Repository/Page_The Story and Evolution of Doodles - G_6e786d/h1_The story behind Doodles' is visible

17-06-2024T18:40:38 - [TEST_STEP][PASSED] - verifyElementVisible(findTestObject("Object Repository/Page_The Story and Evolution of Doodles - G_6e786d/p_The first Doodle was a simple out-of-offi_345e61")): Object 'Object Repository/Page_The Story and Evolution of Doodles - G_6e786d/p_The first Doodle was a simple out-of-offi_345e61' is visible

17-06-2024T18:40:39 - [MESSAGE][PASSED] - Object 'Object Repository/Page_The Story and Evolution of Doodles - G_6e786d/p_The first Doodle was a simple out-of-offi_345e61' is visible

17-06-2024T18:40:39 - [TEST_STEP][PASSED] - verifyElementVisible(findTestObject("Object Repository/Page_The Story and Evolution of Doodles - G_6e786d/h2_Weve created more than 5,000 Doodles ove_111429")): Object 'Object Repository/Page_The Story and Evolution of Doodles - G_6e786d/h2_Weve created more than 5,000 Doodles ove_111429' is visible

17-06-2024T18:40:39 - [MESSAGE][PASSED] - Object 'Object Repository/Page_The Story and Evolution of Doodles - G_6e786d/h2_Weve created more than 5,000 Doodles ove_111429' is visible

17-06-2024T18:40:39 - [TEST_STEP][PASSED] - click(findTestObject("Object Repository/Page_The Story and Evolution of Doodles - G_6e786d/p_The first Doodle was a simple out-of-offi_345e61")): Object: 'Object Repository/Page_The Story and Evolution of Doodles - G_6e786d/p_The first Doodle was a simple out-of-offi_345e61' is clicked on

17-06-2024T18:40:39 - [MESSAGE][PASSED] - Object: 'Object Repository/Page_The Story and Evolution of Doodles - G_6e786d/p_The first Doodle was a simple out-of-offi_345e61' is clicked on

17-06-2024T18:40:39 - [TEST_STEP][PASSED] - verifyElementVisible(findTestObject("Object Repository/Page_The Story and Evolution of Doodles - G_6e786d/h1_The story behind Doodles")): Object 'Object Repository/Page_The Story and Evolution of Doodles - G_6e786d/h1_The story behind Doodles' is visible

17-06-2024T18:40:40 - [MESSAGE][PASSED] - Object 'Object Repository/Page_The Story and Evolution of Doodles - G_6e786d/h1_The story behind Doodles' is visible

17-06-2024T18:40:40 - [TEST_STEP][PASSED] - verifyElementVisible(findTestObject("Object Repository/Page_The Story and Evolution of Doodles - G_6e786d/p_The first Doodle was a simple out-of-offi_345e61")): Object 'Object Repository/Page_The Story and Evolution of Doodles - G_6e786d/p_The first Doodle was a simple out-of-offi_345e61' is visible

17-06-2024T18:40:40 - [MESSAGE][PASSED] - Object 'Object Repository/Page_The Story and Evolution of Doodles - G_6e786d/p_The first Doodle was a simple out-of-offi_345e61' is visible

17-06-2024T18:40:40 - [TEST_STEP][PASSED] - verifyElementVisible(findTestObject("Object Repository/Page_The Story and Evolution of Doodles - G_6e786d/h2_Weve created more than 5,000 Doodles ove_111429")): Object 'Object Repository/Page_The Story and Evolution of Doodles - G_6e786d/h2_Weve created more than 5,000 Doodles ove_111429' is visible

17-06-2024T18:40:40 - [MESSAGE][PASSED] - Object 'Object Repository/Page_The Story and Evolution of Doodles - G_6e786d/h2_Weve created more than 5,000 Doodles ove_111429' is visible

17-06-2024T18:40:40 - [TEST_STEP][PASSED] - click(findTestObject("Object Repository/Page_The Story and Evolution of Doodles - G_6e786d/p_The first Doodle was a simple out-of-offi_345e61")): Object: 'Object Repository/Page_The Story and Evolution of Doodles - G_6e786d/p_The first Doodle was a simple out-of-offi_345e61' is clicked on

17-06-2024T18:40:41 - [MESSAGE][PASSED] - Object: 'Object Repository/Page_The Story and Evolution of Doodles - G_6e786d/p_The first Doodle was a simple out-of-offi_345e61' is clicked on

17-06-2024T18:40:41 - [TEST_STEP][PASSED] - verifyElementVisible(findTestObject("Object Repository/Page_The Story and Evolution of Doodles - G_6e786d/h1_The story behind Doodles")): Object 'Object Repository/Page_The Story and Evolution of Doodles - G_6e786d/h1_The story behind Doodles' is visible

17-06-2024T18:40:41 - [MESSAGE][PASSED] - Object 'Object Repository/Page_The Story and Evolution of Doodles - G_6e786d/h1_The story behind Doodles' is visible

17-06-2024T18:40:41 - [TEST_STEP][PASSED] - verifyElementVisible(findTestObject("Object Repository/Page_The Story and Evolution of Doodles - G_6e786d/p_The first Doodle was a simple out-of-offi_345e61")): Object 'Object Repository/Page_The Story and Evolution of Doodles - G_6e786d/p_The first Doodle was a simple out-of-offi_345e61' is visible

17-06-2024T18:40:41 - [MESSAGE][PASSED] - Object 'Object Repository/Page_The Story and Evolution of Doodles - G_6e786d/p_The first Doodle was a simple out-of-offi_345e61' is visible

17-06-2024T18:40:41 - [TEST_STEP][PASSED] - verifyElementVisible(findTestObject("Object Repository/Page_The Story and Evolution of Doodles - G_6e786d/h2_Weve created more than 5,000 Doodles ove_111429")): Object 'Object Repository/Page_The Story and Evolution of Doodles - G_6e786d/h2_Weve created more than 5,000 Doodles ove_111429' is visible

17-06-2024T18:40:41 - [MESSAGE][PASSED] - Object 'Object Repository/Page_The Story and Evolution of Doodles - G_6e786d/h2_Weve created more than 5,000 Doodles ove_111429' is visible

17-06-2024T18:40:41 - [TEST_STEP][PASSED] - click(findTestObject("Object Repository/Page_The Story and Evolution of Doodles - G_6e786d/p_The first Doodle was a simple out-of-offi_345e61")): Object: 'Object Repository/Page_The Story and Evolution of Doodles - G_6e786d/p_The first Doodle was a simple out-of-offi_345e61' is clicked on

17-06-2024T18:40:42 - [MESSAGE][PASSED] - Object: 'Object Repository/Page_The Story and Evolution of Doodles - G_6e786d/p_The first Doodle was a simple out-of-offi_345e61' is clicked on

17-06-2024T18:40:42 - [TEST_STEP][PASSED] - verifyElementVisible(findTestObject("Object Repository/Page_The Story and Evolution of Doodles - G_6e786d/h1_The story behind Doodles")): Object 'Object Repository/Page_The Story and Evolution of Doodles - G_6e786d/h1_The story behind Doodles' is visible

17-06-2024T18:40:42 - [MESSAGE][PASSED] - Object 'Object Repository/Page_The Story and Evolution of Doodles - G_6e786d/h1_The story behind Doodles' is visible

17-06-2024T18:40:42 - [TEST_STEP][PASSED] - verifyElementVisible(findTestObject("Object Repository/Page_The Story and Evolution of Doodles - G_6e786d/p_The first Doodle was a simple out-of-offi_345e61")): Object 'Object Repository/Page_The Story and Evolution of Doodles - G_6e786d/p_The first Doodle was a simple out-of-offi_345e61' is visible

17-06-2024T18:40:43 - [MESSAGE][PASSED] - Object 'Object Repository/Page_The Story and Evolution of Doodles - G_6e786d/p_The first Doodle was a simple out-of-offi_345e61' is visible

17-06-2024T18:40:43 - [TEST_STEP][PASSED] - verifyElementVisible(findTestObject("Object Repository/Page_The Story and Evolution of Doodles - G_6e786d/h2_Weve created more than 5,000 Doodles ove_111429")): Object 'Object Repository/Page_The Story and Evolution of Doodles - G_6e786d/h2_Weve created more than 5,000 Doodles ove_111429' is visible

17-06-2024T18:40:43 - [MESSAGE][PASSED] - Object 'Object Repository/Page_The Story and Evolution of Doodles - G_6e786d/h2_Weve created more than 5,000 Doodles ove_111429' is visible

17-06-2024T18:40:43 - [TEST_STEP][PASSED] - click(findTestObject("Object Repository/Page_The Story and Evolution of Doodles - G_6e786d/p_The first Doodle was a simple out-of-offi_345e61")): Object: 'Object Repository/Page_The Story and Evolution of Doodles - G_6e786d/p_The first Doodle was a simple out-of-offi_345e61' is clicked on

17-06-2024T18:40:43 - [MESSAGE][PASSED] - Object: 'Object Repository/Page_The Story and Evolution of Doodles - G_6e786d/p_The first Doodle was a simple out-of-offi_345e61' is clicked on

17-06-2024T18:40:43 - [TEST_STEP][PASSED] - verifyElementVisible(findTestObject("Object Repository/Page_The Story and Evolution of Doodles - G_6e786d/h1_The story behind Doodles")): Object 'Object Repository/Page_The Story and Evolution of Doodles - G_6e786d/h1_The story behind Doodles' is visible

17-06-2024T18:40:44 - [MESSAGE][PASSED] - Object 'Object Repository/Page_The Story and Evolution of Doodles - G_6e786d/h1_The story behind Doodles' is visible

17-06-2024T18:40:44 - [TEST_STEP][PASSED] - verifyElementVisible(findTestObject("Object Repository/Page_The Story and Evolution of Doodles - G_6e786d/p_The first Doodle was a simple out-of-offi_345e61")): Object 'Object Repository/Page_The Story and Evolution of Doodles - G_6e786d/p_The first Doodle was a simple out-of-offi_345e61' is visible

17-06-2024T18:40:44 - [MESSAGE][PASSED] - Object 'Object Repository/Page_The Story and Evolution of Doodles - G_6e786d/p_The first Doodle was a simple out-of-offi_345e61' is visible

17-06-2024T18:40:44 - [TEST_STEP][PASSED] - verifyElementVisible(findTestObject("Object Repository/Page_The Story and Evolution of Doodles - G_6e786d/h2_Weve created more than 5,000 Doodles ove_111429")): Object 'Object Repository/Page_The Story and Evolution of Doodles - G_6e786d/h2_Weve created more than 5,000 Doodles ove_111429' is visible

17-06-2024T18:40:44 - [MESSAGE][PASSED] - Object 'Object Repository/Page_The Story and Evolution of Doodles - G_6e786d/h2_Weve created more than 5,000 Doodles ove_111429' is visible]]></system-out>
         <system-err><![CDATA[]]></system-err>
      </testcase>
      <testcase name="Test Cases/test case folder 1/tc1 - Copy (14)" time="19.957" classname="Test Cases/test case folder 1/tc1 - Copy (14)" status="PASSED">
         <system-out><![CDATA[17-06-2024T18:40:44 - [TEST_CASE][PASSED] - Test Cases/test case folder 1/tc1 - Copy (14): Test Cases/test case folder 1/tc1 - Copy (14)

17-06-2024T18:40:44 - [TEST_STEP][PASSED] - openBrowser(""): Browser is opened with url: ''

17-06-2024T18:40:44 - [MESSAGE][WARNING] - A browser is already opened. Closing browser and opening a new one

17-06-2024T18:40:45 - [MESSAGE][INFO] - Starting 'Chrome (headless)' driver

17-06-2024T18:40:45 - [MESSAGE][INFO] - Action delay is set to 0 milliseconds

17-06-2024T18:40:46 - [MESSAGE][PASSED] - Browser is opened with url: ''

17-06-2024T18:40:46 - [TEST_STEP][PASSED] - navigateToUrl("https://doodles.google/about/"): Navigate to 'https://doodles.google/about/' successfully

17-06-2024T18:40:49 - [MESSAGE][PASSED] - Navigate to 'https://doodles.google/about/' successfully

17-06-2024T18:40:49 - [TEST_STEP][PASSED] - click(findTestObject("Object Repository/Page_The Story and Evolution of Doodles - G_6e786d/p_The first Doodle was a simple out-of-offi_345e61")): Object: 'Object Repository/Page_The Story and Evolution of Doodles - G_6e786d/p_The first Doodle was a simple out-of-offi_345e61' is clicked on

17-06-2024T18:40:49 - [MESSAGE][PASSED] - Object: 'Object Repository/Page_The Story and Evolution of Doodles - G_6e786d/p_The first Doodle was a simple out-of-offi_345e61' is clicked on

17-06-2024T18:40:49 - [TEST_STEP][PASSED] - click(findTestObject("Object Repository/Page_The Story and Evolution of Doodles - G_6e786d/p_The first Doodle was a simple out-of-offi_345e61")): Object: 'Object Repository/Page_The Story and Evolution of Doodles - G_6e786d/p_The first Doodle was a simple out-of-offi_345e61' is clicked on

17-06-2024T18:40:49 - [MESSAGE][PASSED] - Object: 'Object Repository/Page_The Story and Evolution of Doodles - G_6e786d/p_The first Doodle was a simple out-of-offi_345e61' is clicked on

17-06-2024T18:40:49 - [TEST_STEP][PASSED] - verifyElementVisible(findTestObject("Object Repository/Page_The Story and Evolution of Doodles - G_6e786d/h1_The story behind Doodles")): Object 'Object Repository/Page_The Story and Evolution of Doodles - G_6e786d/h1_The story behind Doodles' is visible

17-06-2024T18:40:50 - [MESSAGE][PASSED] - Object 'Object Repository/Page_The Story and Evolution of Doodles - G_6e786d/h1_The story behind Doodles' is visible

17-06-2024T18:40:50 - [TEST_STEP][PASSED] - verifyElementVisible(findTestObject("Object Repository/Page_The Story and Evolution of Doodles - G_6e786d/p_The first Doodle was a simple out-of-offi_345e61")): Object 'Object Repository/Page_The Story and Evolution of Doodles - G_6e786d/p_The first Doodle was a simple out-of-offi_345e61' is visible

17-06-2024T18:40:50 - [MESSAGE][PASSED] - Object 'Object Repository/Page_The Story and Evolution of Doodles - G_6e786d/p_The first Doodle was a simple out-of-offi_345e61' is visible

17-06-2024T18:40:50 - [TEST_STEP][PASSED] - verifyElementVisible(findTestObject("Object Repository/Page_The Story and Evolution of Doodles - G_6e786d/h2_Weve created more than 5,000 Doodles ove_111429")): Object 'Object Repository/Page_The Story and Evolution of Doodles - G_6e786d/h2_Weve created more than 5,000 Doodles ove_111429' is visible

17-06-2024T18:40:50 - [MESSAGE][PASSED] - Object 'Object Repository/Page_The Story and Evolution of Doodles - G_6e786d/h2_Weve created more than 5,000 Doodles ove_111429' is visible

17-06-2024T18:40:50 - [TEST_STEP][PASSED] - verifyElementVisible(findTestObject("Object Repository/Page_The Story and Evolution of Doodles - G_6e786d/h1_The story behind Doodles")): Object 'Object Repository/Page_The Story and Evolution of Doodles - G_6e786d/h1_The story behind Doodles' is visible

17-06-2024T18:40:51 - [MESSAGE][PASSED] - Object 'Object Repository/Page_The Story and Evolution of Doodles - G_6e786d/h1_The story behind Doodles' is visible

17-06-2024T18:40:51 - [TEST_STEP][PASSED] - verifyElementVisible(findTestObject("Object Repository/Page_The Story and Evolution of Doodles - G_6e786d/p_The first Doodle was a simple out-of-offi_345e61")): Object 'Object Repository/Page_The Story and Evolution of Doodles - G_6e786d/p_The first Doodle was a simple out-of-offi_345e61' is visible

17-06-2024T18:40:51 - [MESSAGE][PASSED] - Object 'Object Repository/Page_The Story and Evolution of Doodles - G_6e786d/p_The first Doodle was a simple out-of-offi_345e61' is visible

17-06-2024T18:40:51 - [TEST_STEP][PASSED] - verifyElementVisible(findTestObject("Object Repository/Page_The Story and Evolution of Doodles - G_6e786d/h2_Weve created more than 5,000 Doodles ove_111429")): Object 'Object Repository/Page_The Story and Evolution of Doodles - G_6e786d/h2_Weve created more than 5,000 Doodles ove_111429' is visible

17-06-2024T18:40:51 - [MESSAGE][PASSED] - Object 'Object Repository/Page_The Story and Evolution of Doodles - G_6e786d/h2_Weve created more than 5,000 Doodles ove_111429' is visible

17-06-2024T18:40:51 - [TEST_STEP][PASSED] - click(findTestObject("Object Repository/Page_The Story and Evolution of Doodles - G_6e786d/p_The first Doodle was a simple out-of-offi_345e61")): Object: 'Object Repository/Page_The Story and Evolution of Doodles - G_6e786d/p_The first Doodle was a simple out-of-offi_345e61' is clicked on

17-06-2024T18:40:52 - [MESSAGE][PASSED] - Object: 'Object Repository/Page_The Story and Evolution of Doodles - G_6e786d/p_The first Doodle was a simple out-of-offi_345e61' is clicked on

17-06-2024T18:40:52 - [TEST_STEP][PASSED] - verifyElementVisible(findTestObject("Object Repository/Page_The Story and Evolution of Doodles - G_6e786d/h1_The story behind Doodles")): Object 'Object Repository/Page_The Story and Evolution of Doodles - G_6e786d/h1_The story behind Doodles' is visible

17-06-2024T18:40:52 - [MESSAGE][PASSED] - Object 'Object Repository/Page_The Story and Evolution of Doodles - G_6e786d/h1_The story behind Doodles' is visible

17-06-2024T18:40:52 - [TEST_STEP][PASSED] - verifyElementVisible(findTestObject("Object Repository/Page_The Story and Evolution of Doodles - G_6e786d/p_The first Doodle was a simple out-of-offi_345e61")): Object 'Object Repository/Page_The Story and Evolution of Doodles - G_6e786d/p_The first Doodle was a simple out-of-offi_345e61' is visible

17-06-2024T18:40:52 - [MESSAGE][PASSED] - Object 'Object Repository/Page_The Story and Evolution of Doodles - G_6e786d/p_The first Doodle was a simple out-of-offi_345e61' is visible

17-06-2024T18:40:52 - [TEST_STEP][PASSED] - verifyElementVisible(findTestObject("Object Repository/Page_The Story and Evolution of Doodles - G_6e786d/h2_Weve created more than 5,000 Doodles ove_111429")): Object 'Object Repository/Page_The Story and Evolution of Doodles - G_6e786d/h2_Weve created more than 5,000 Doodles ove_111429' is visible

17-06-2024T18:40:53 - [MESSAGE][PASSED] - Object 'Object Repository/Page_The Story and Evolution of Doodles - G_6e786d/h2_Weve created more than 5,000 Doodles ove_111429' is visible

17-06-2024T18:40:53 - [TEST_STEP][PASSED] - click(findTestObject("Object Repository/Page_The Story and Evolution of Doodles - G_6e786d/p_The first Doodle was a simple out-of-offi_345e61")): Object: 'Object Repository/Page_The Story and Evolution of Doodles - G_6e786d/p_The first Doodle was a simple out-of-offi_345e61' is clicked on

17-06-2024T18:40:53 - [MESSAGE][PASSED] - Object: 'Object Repository/Page_The Story and Evolution of Doodles - G_6e786d/p_The first Doodle was a simple out-of-offi_345e61' is clicked on

17-06-2024T18:40:53 - [TEST_STEP][PASSED] - verifyElementVisible(findTestObject("Object Repository/Page_The Story and Evolution of Doodles - G_6e786d/h1_The story behind Doodles")): Object 'Object Repository/Page_The Story and Evolution of Doodles - G_6e786d/h1_The story behind Doodles' is visible

17-06-2024T18:40:53 - [MESSAGE][PASSED] - Object 'Object Repository/Page_The Story and Evolution of Doodles - G_6e786d/h1_The story behind Doodles' is visible

17-06-2024T18:40:53 - [TEST_STEP][PASSED] - verifyElementVisible(findTestObject("Object Repository/Page_The Story and Evolution of Doodles - G_6e786d/p_The first Doodle was a simple out-of-offi_345e61")): Object 'Object Repository/Page_The Story and Evolution of Doodles - G_6e786d/p_The first Doodle was a simple out-of-offi_345e61' is visible

17-06-2024T18:40:54 - [MESSAGE][PASSED] - Object 'Object Repository/Page_The Story and Evolution of Doodles - G_6e786d/p_The first Doodle was a simple out-of-offi_345e61' is visible

17-06-2024T18:40:54 - [TEST_STEP][PASSED] - verifyElementVisible(findTestObject("Object Repository/Page_The Story and Evolution of Doodles - G_6e786d/h2_Weve created more than 5,000 Doodles ove_111429")): Object 'Object Repository/Page_The Story and Evolution of Doodles - G_6e786d/h2_Weve created more than 5,000 Doodles ove_111429' is visible

17-06-2024T18:40:54 - [MESSAGE][PASSED] - Object 'Object Repository/Page_The Story and Evolution of Doodles - G_6e786d/h2_Weve created more than 5,000 Doodles ove_111429' is visible

17-06-2024T18:40:54 - [TEST_STEP][PASSED] - click(findTestObject("Object Repository/Page_The Story and Evolution of Doodles - G_6e786d/p_The first Doodle was a simple out-of-offi_345e61")): Object: 'Object Repository/Page_The Story and Evolution of Doodles - G_6e786d/p_The first Doodle was a simple out-of-offi_345e61' is clicked on

17-06-2024T18:40:54 - [MESSAGE][PASSED] - Object: 'Object Repository/Page_The Story and Evolution of Doodles - G_6e786d/p_The first Doodle was a simple out-of-offi_345e61' is clicked on

17-06-2024T18:40:54 - [TEST_STEP][PASSED] - verifyElementVisible(findTestObject("Object Repository/Page_The Story and Evolution of Doodles - G_6e786d/h1_The story behind Doodles")): Object 'Object Repository/Page_The Story and Evolution of Doodles - G_6e786d/h1_The story behind Doodles' is visible

17-06-2024T18:40:55 - [MESSAGE][PASSED] - Object 'Object Repository/Page_The Story and Evolution of Doodles - G_6e786d/h1_The story behind Doodles' is visible

17-06-2024T18:40:55 - [TEST_STEP][PASSED] - verifyElementVisible(findTestObject("Object Repository/Page_The Story and Evolution of Doodles - G_6e786d/p_The first Doodle was a simple out-of-offi_345e61")): Object 'Object Repository/Page_The Story and Evolution of Doodles - G_6e786d/p_The first Doodle was a simple out-of-offi_345e61' is visible

17-06-2024T18:40:55 - [MESSAGE][PASSED] - Object 'Object Repository/Page_The Story and Evolution of Doodles - G_6e786d/p_The first Doodle was a simple out-of-offi_345e61' is visible

17-06-2024T18:40:55 - [TEST_STEP][PASSED] - verifyElementVisible(findTestObject("Object Repository/Page_The Story and Evolution of Doodles - G_6e786d/h2_Weve created more than 5,000 Doodles ove_111429")): Object 'Object Repository/Page_The Story and Evolution of Doodles - G_6e786d/h2_Weve created more than 5,000 Doodles ove_111429' is visible

17-06-2024T18:40:55 - [MESSAGE][PASSED] - Object 'Object Repository/Page_The Story and Evolution of Doodles - G_6e786d/h2_Weve created more than 5,000 Doodles ove_111429' is visible

17-06-2024T18:40:55 - [TEST_STEP][PASSED] - click(findTestObject("Object Repository/Page_The Story and Evolution of Doodles - G_6e786d/p_The first Doodle was a simple out-of-offi_345e61")): Object: 'Object Repository/Page_The Story and Evolution of Doodles - G_6e786d/p_The first Doodle was a simple out-of-offi_345e61' is clicked on

17-06-2024T18:40:56 - [MESSAGE][PASSED] - Object: 'Object Repository/Page_The Story and Evolution of Doodles - G_6e786d/p_The first Doodle was a simple out-of-offi_345e61' is clicked on

17-06-2024T18:40:56 - [TEST_STEP][PASSED] - verifyElementVisible(findTestObject("Object Repository/Page_The Story and Evolution of Doodles - G_6e786d/h1_The story behind Doodles")): Object 'Object Repository/Page_The Story and Evolution of Doodles - G_6e786d/h1_The story behind Doodles' is visible

17-06-2024T18:40:56 - [MESSAGE][PASSED] - Object 'Object Repository/Page_The Story and Evolution of Doodles - G_6e786d/h1_The story behind Doodles' is visible

17-06-2024T18:40:56 - [TEST_STEP][PASSED] - verifyElementVisible(findTestObject("Object Repository/Page_The Story and Evolution of Doodles - G_6e786d/p_The first Doodle was a simple out-of-offi_345e61")): Object 'Object Repository/Page_The Story and Evolution of Doodles - G_6e786d/p_The first Doodle was a simple out-of-offi_345e61' is visible

17-06-2024T18:40:56 - [MESSAGE][PASSED] - Object 'Object Repository/Page_The Story and Evolution of Doodles - G_6e786d/p_The first Doodle was a simple out-of-offi_345e61' is visible

17-06-2024T18:40:56 - [TEST_STEP][PASSED] - verifyElementVisible(findTestObject("Object Repository/Page_The Story and Evolution of Doodles - G_6e786d/h2_Weve created more than 5,000 Doodles ove_111429")): Object 'Object Repository/Page_The Story and Evolution of Doodles - G_6e786d/h2_Weve created more than 5,000 Doodles ove_111429' is visible

17-06-2024T18:40:57 - [MESSAGE][PASSED] - Object 'Object Repository/Page_The Story and Evolution of Doodles - G_6e786d/h2_Weve created more than 5,000 Doodles ove_111429' is visible

17-06-2024T18:40:57 - [TEST_STEP][PASSED] - click(findTestObject("Object Repository/Page_The Story and Evolution of Doodles - G_6e786d/p_The first Doodle was a simple out-of-offi_345e61")): Object: 'Object Repository/Page_The Story and Evolution of Doodles - G_6e786d/p_The first Doodle was a simple out-of-offi_345e61' is clicked on

17-06-2024T18:40:57 - [MESSAGE][PASSED] - Object: 'Object Repository/Page_The Story and Evolution of Doodles - G_6e786d/p_The first Doodle was a simple out-of-offi_345e61' is clicked on

17-06-2024T18:40:57 - [TEST_STEP][PASSED] - verifyElementVisible(findTestObject("Object Repository/Page_The Story and Evolution of Doodles - G_6e786d/h1_The story behind Doodles")): Object 'Object Repository/Page_The Story and Evolution of Doodles - G_6e786d/h1_The story behind Doodles' is visible

17-06-2024T18:40:57 - [MESSAGE][PASSED] - Object 'Object Repository/Page_The Story and Evolution of Doodles - G_6e786d/h1_The story behind Doodles' is visible

17-06-2024T18:40:57 - [TEST_STEP][PASSED] - verifyElementVisible(findTestObject("Object Repository/Page_The Story and Evolution of Doodles - G_6e786d/p_The first Doodle was a simple out-of-offi_345e61")): Object 'Object Repository/Page_The Story and Evolution of Doodles - G_6e786d/p_The first Doodle was a simple out-of-offi_345e61' is visible

17-06-2024T18:40:58 - [MESSAGE][PASSED] - Object 'Object Repository/Page_The Story and Evolution of Doodles - G_6e786d/p_The first Doodle was a simple out-of-offi_345e61' is visible

17-06-2024T18:40:58 - [TEST_STEP][PASSED] - verifyElementVisible(findTestObject("Object Repository/Page_The Story and Evolution of Doodles - G_6e786d/h2_Weve created more than 5,000 Doodles ove_111429")): Object 'Object Repository/Page_The Story and Evolution of Doodles - G_6e786d/h2_Weve created more than 5,000 Doodles ove_111429' is visible

17-06-2024T18:40:58 - [MESSAGE][PASSED] - Object 'Object Repository/Page_The Story and Evolution of Doodles - G_6e786d/h2_Weve created more than 5,000 Doodles ove_111429' is visible

17-06-2024T18:40:58 - [TEST_STEP][PASSED] - click(findTestObject("Object Repository/Page_The Story and Evolution of Doodles - G_6e786d/p_The first Doodle was a simple out-of-offi_345e61")): Object: 'Object Repository/Page_The Story and Evolution of Doodles - G_6e786d/p_The first Doodle was a simple out-of-offi_345e61' is clicked on

17-06-2024T18:40:59 - [MESSAGE][PASSED] - Object: 'Object Repository/Page_The Story and Evolution of Doodles - G_6e786d/p_The first Doodle was a simple out-of-offi_345e61' is clicked on

17-06-2024T18:40:59 - [TEST_STEP][PASSED] - verifyElementVisible(findTestObject("Object Repository/Page_The Story and Evolution of Doodles - G_6e786d/h1_The story behind Doodles")): Object 'Object Repository/Page_The Story and Evolution of Doodles - G_6e786d/h1_The story behind Doodles' is visible

17-06-2024T18:40:59 - [MESSAGE][PASSED] - Object 'Object Repository/Page_The Story and Evolution of Doodles - G_6e786d/h1_The story behind Doodles' is visible

17-06-2024T18:40:59 - [TEST_STEP][PASSED] - verifyElementVisible(findTestObject("Object Repository/Page_The Story and Evolution of Doodles - G_6e786d/p_The first Doodle was a simple out-of-offi_345e61")): Object 'Object Repository/Page_The Story and Evolution of Doodles - G_6e786d/p_The first Doodle was a simple out-of-offi_345e61' is visible

17-06-2024T18:40:59 - [MESSAGE][PASSED] - Object 'Object Repository/Page_The Story and Evolution of Doodles - G_6e786d/p_The first Doodle was a simple out-of-offi_345e61' is visible

17-06-2024T18:40:59 - [TEST_STEP][PASSED] - verifyElementVisible(findTestObject("Object Repository/Page_The Story and Evolution of Doodles - G_6e786d/h2_Weve created more than 5,000 Doodles ove_111429")): Object 'Object Repository/Page_The Story and Evolution of Doodles - G_6e786d/h2_Weve created more than 5,000 Doodles ove_111429' is visible

17-06-2024T18:41:00 - [MESSAGE][PASSED] - Object 'Object Repository/Page_The Story and Evolution of Doodles - G_6e786d/h2_Weve created more than 5,000 Doodles ove_111429' is visible

17-06-2024T18:41:00 - [TEST_STEP][PASSED] - click(findTestObject("Object Repository/Page_The Story and Evolution of Doodles - G_6e786d/p_The first Doodle was a simple out-of-offi_345e61")): Object: 'Object Repository/Page_The Story and Evolution of Doodles - G_6e786d/p_The first Doodle was a simple out-of-offi_345e61' is clicked on

17-06-2024T18:41:00 - [MESSAGE][PASSED] - Object: 'Object Repository/Page_The Story and Evolution of Doodles - G_6e786d/p_The first Doodle was a simple out-of-offi_345e61' is clicked on

17-06-2024T18:41:00 - [TEST_STEP][PASSED] - verifyElementVisible(findTestObject("Object Repository/Page_The Story and Evolution of Doodles - G_6e786d/h1_The story behind Doodles")): Object 'Object Repository/Page_The Story and Evolution of Doodles - G_6e786d/h1_The story behind Doodles' is visible

17-06-2024T18:41:00 - [MESSAGE][PASSED] - Object 'Object Repository/Page_The Story and Evolution of Doodles - G_6e786d/h1_The story behind Doodles' is visible

17-06-2024T18:41:00 - [TEST_STEP][PASSED] - verifyElementVisible(findTestObject("Object Repository/Page_The Story and Evolution of Doodles - G_6e786d/p_The first Doodle was a simple out-of-offi_345e61")): Object 'Object Repository/Page_The Story and Evolution of Doodles - G_6e786d/p_The first Doodle was a simple out-of-offi_345e61' is visible

17-06-2024T18:41:01 - [MESSAGE][PASSED] - Object 'Object Repository/Page_The Story and Evolution of Doodles - G_6e786d/p_The first Doodle was a simple out-of-offi_345e61' is visible

17-06-2024T18:41:01 - [TEST_STEP][PASSED] - verifyElementVisible(findTestObject("Object Repository/Page_The Story and Evolution of Doodles - G_6e786d/h2_Weve created more than 5,000 Doodles ove_111429")): Object 'Object Repository/Page_The Story and Evolution of Doodles - G_6e786d/h2_Weve created more than 5,000 Doodles ove_111429' is visible

17-06-2024T18:41:01 - [MESSAGE][PASSED] - Object 'Object Repository/Page_The Story and Evolution of Doodles - G_6e786d/h2_Weve created more than 5,000 Doodles ove_111429' is visible

17-06-2024T18:41:01 - [TEST_STEP][PASSED] - click(findTestObject("Object Repository/Page_The Story and Evolution of Doodles - G_6e786d/p_The first Doodle was a simple out-of-offi_345e61")): Object: 'Object Repository/Page_The Story and Evolution of Doodles - G_6e786d/p_The first Doodle was a simple out-of-offi_345e61' is clicked on

17-06-2024T18:41:02 - [MESSAGE][PASSED] - Object: 'Object Repository/Page_The Story and Evolution of Doodles - G_6e786d/p_The first Doodle was a simple out-of-offi_345e61' is clicked on

17-06-2024T18:41:02 - [TEST_STEP][PASSED] - verifyElementVisible(findTestObject("Object Repository/Page_The Story and Evolution of Doodles - G_6e786d/h1_The story behind Doodles")): Object 'Object Repository/Page_The Story and Evolution of Doodles - G_6e786d/h1_The story behind Doodles' is visible

17-06-2024T18:41:02 - [MESSAGE][PASSED] - Object 'Object Repository/Page_The Story and Evolution of Doodles - G_6e786d/h1_The story behind Doodles' is visible

17-06-2024T18:41:02 - [TEST_STEP][PASSED] - verifyElementVisible(findTestObject("Object Repository/Page_The Story and Evolution of Doodles - G_6e786d/p_The first Doodle was a simple out-of-offi_345e61")): Object 'Object Repository/Page_The Story and Evolution of Doodles - G_6e786d/p_The first Doodle was a simple out-of-offi_345e61' is visible

17-06-2024T18:41:02 - [MESSAGE][PASSED] - Object 'Object Repository/Page_The Story and Evolution of Doodles - G_6e786d/p_The first Doodle was a simple out-of-offi_345e61' is visible

17-06-2024T18:41:02 - [TEST_STEP][PASSED] - verifyElementVisible(findTestObject("Object Repository/Page_The Story and Evolution of Doodles - G_6e786d/h2_Weve created more than 5,000 Doodles ove_111429")): Object 'Object Repository/Page_The Story and Evolution of Doodles - G_6e786d/h2_Weve created more than 5,000 Doodles ove_111429' is visible

17-06-2024T18:41:03 - [MESSAGE][PASSED] - Object 'Object Repository/Page_The Story and Evolution of Doodles - G_6e786d/h2_Weve created more than 5,000 Doodles ove_111429' is visible

17-06-2024T18:41:03 - [TEST_STEP][PASSED] - click(findTestObject("Object Repository/Page_The Story and Evolution of Doodles - G_6e786d/p_The first Doodle was a simple out-of-offi_345e61")): Object: 'Object Repository/Page_The Story and Evolution of Doodles - G_6e786d/p_The first Doodle was a simple out-of-offi_345e61' is clicked on

17-06-2024T18:41:03 - [MESSAGE][PASSED] - Object: 'Object Repository/Page_The Story and Evolution of Doodles - G_6e786d/p_The first Doodle was a simple out-of-offi_345e61' is clicked on

17-06-2024T18:41:03 - [TEST_STEP][PASSED] - verifyElementVisible(findTestObject("Object Repository/Page_The Story and Evolution of Doodles - G_6e786d/h1_The story behind Doodles")): Object 'Object Repository/Page_The Story and Evolution of Doodles - G_6e786d/h1_The story behind Doodles' is visible

17-06-2024T18:41:03 - [MESSAGE][PASSED] - Object 'Object Repository/Page_The Story and Evolution of Doodles - G_6e786d/h1_The story behind Doodles' is visible

17-06-2024T18:41:03 - [TEST_STEP][PASSED] - verifyElementVisible(findTestObject("Object Repository/Page_The Story and Evolution of Doodles - G_6e786d/p_The first Doodle was a simple out-of-offi_345e61")): Object 'Object Repository/Page_The Story and Evolution of Doodles - G_6e786d/p_The first Doodle was a simple out-of-offi_345e61' is visible

17-06-2024T18:41:04 - [MESSAGE][PASSED] - Object 'Object Repository/Page_The Story and Evolution of Doodles - G_6e786d/p_The first Doodle was a simple out-of-offi_345e61' is visible

17-06-2024T18:41:04 - [TEST_STEP][PASSED] - verifyElementVisible(findTestObject("Object Repository/Page_The Story and Evolution of Doodles - G_6e786d/h2_Weve created more than 5,000 Doodles ove_111429")): Object 'Object Repository/Page_The Story and Evolution of Doodles - G_6e786d/h2_Weve created more than 5,000 Doodles ove_111429' is visible

17-06-2024T18:41:04 - [MESSAGE][PASSED] - Object 'Object Repository/Page_The Story and Evolution of Doodles - G_6e786d/h2_Weve created more than 5,000 Doodles ove_111429' is visible]]></system-out>
         <system-err><![CDATA[]]></system-err>
      </testcase>
      <testcase name="Test Cases/test case folder 1/tc1 - Copy (2) - Copy (3)" time="34.489" classname="Test Cases/test case folder 1/tc1 - Copy (2) - Copy (3)" status="PASSED">
         <system-out><![CDATA[17-06-2024T18:41:04 - [TEST_CASE][PASSED] - Test Cases/test case folder 1/tc1 - Copy (2) - Copy (3): Test Cases/test case folder 1/tc1 - Copy (2) - Copy (3)

17-06-2024T18:41:04 - [TEST_STEP][PASSED] - openBrowser(""): Browser is opened with url: ''

17-06-2024T18:41:04 - [MESSAGE][WARNING] - A browser is already opened. Closing browser and opening a new one

17-06-2024T18:41:05 - [MESSAGE][INFO] - Starting 'Chrome (headless)' driver

17-06-2024T18:41:05 - [MESSAGE][INFO] - Action delay is set to 0 milliseconds

17-06-2024T18:41:06 - [MESSAGE][PASSED] - Browser is opened with url: ''

17-06-2024T18:41:06 - [TEST_STEP][PASSED] - navigateToUrl("https://doodles.google/about/"): Navigate to 'https://doodles.google/about/' successfully

17-06-2024T18:41:23 - [MESSAGE][PASSED] - Navigate to 'https://doodles.google/about/' successfully

17-06-2024T18:41:23 - [TEST_STEP][PASSED] - click(findTestObject("Object Repository/Page_The Story and Evolution of Doodles - G_6e786d/p_The first Doodle was a simple out-of-offi_345e61")): Object: 'Object Repository/Page_The Story and Evolution of Doodles - G_6e786d/p_The first Doodle was a simple out-of-offi_345e61' is clicked on

17-06-2024T18:41:24 - [MESSAGE][PASSED] - Object: 'Object Repository/Page_The Story and Evolution of Doodles - G_6e786d/p_The first Doodle was a simple out-of-offi_345e61' is clicked on

17-06-2024T18:41:24 - [TEST_STEP][PASSED] - click(findTestObject("Object Repository/Page_The Story and Evolution of Doodles - G_6e786d/p_The first Doodle was a simple out-of-offi_345e61")): Object: 'Object Repository/Page_The Story and Evolution of Doodles - G_6e786d/p_The first Doodle was a simple out-of-offi_345e61' is clicked on

17-06-2024T18:41:24 - [MESSAGE][PASSED] - Object: 'Object Repository/Page_The Story and Evolution of Doodles - G_6e786d/p_The first Doodle was a simple out-of-offi_345e61' is clicked on

17-06-2024T18:41:24 - [TEST_STEP][PASSED] - verifyElementVisible(findTestObject("Object Repository/Page_The Story and Evolution of Doodles - G_6e786d/h1_The story behind Doodles")): Object 'Object Repository/Page_The Story and Evolution of Doodles - G_6e786d/h1_The story behind Doodles' is visible

17-06-2024T18:41:24 - [MESSAGE][PASSED] - Object 'Object Repository/Page_The Story and Evolution of Doodles - G_6e786d/h1_The story behind Doodles' is visible

17-06-2024T18:41:24 - [TEST_STEP][PASSED] - verifyElementVisible(findTestObject("Object Repository/Page_The Story and Evolution of Doodles - G_6e786d/p_The first Doodle was a simple out-of-offi_345e61")): Object 'Object Repository/Page_The Story and Evolution of Doodles - G_6e786d/p_The first Doodle was a simple out-of-offi_345e61' is visible

17-06-2024T18:41:25 - [MESSAGE][PASSED] - Object 'Object Repository/Page_The Story and Evolution of Doodles - G_6e786d/p_The first Doodle was a simple out-of-offi_345e61' is visible

17-06-2024T18:41:25 - [TEST_STEP][PASSED] - verifyElementVisible(findTestObject("Object Repository/Page_The Story and Evolution of Doodles - G_6e786d/h2_Weve created more than 5,000 Doodles ove_111429")): Object 'Object Repository/Page_The Story and Evolution of Doodles - G_6e786d/h2_Weve created more than 5,000 Doodles ove_111429' is visible

17-06-2024T18:41:25 - [MESSAGE][PASSED] - Object 'Object Repository/Page_The Story and Evolution of Doodles - G_6e786d/h2_Weve created more than 5,000 Doodles ove_111429' is visible

17-06-2024T18:41:25 - [TEST_STEP][PASSED] - verifyElementVisible(findTestObject("Object Repository/Page_The Story and Evolution of Doodles - G_6e786d/h1_The story behind Doodles")): Object 'Object Repository/Page_The Story and Evolution of Doodles - G_6e786d/h1_The story behind Doodles' is visible

17-06-2024T18:41:26 - [MESSAGE][PASSED] - Object 'Object Repository/Page_The Story and Evolution of Doodles - G_6e786d/h1_The story behind Doodles' is visible

17-06-2024T18:41:26 - [TEST_STEP][PASSED] - verifyElementVisible(findTestObject("Object Repository/Page_The Story and Evolution of Doodles - G_6e786d/p_The first Doodle was a simple out-of-offi_345e61")): Object 'Object Repository/Page_The Story and Evolution of Doodles - G_6e786d/p_The first Doodle was a simple out-of-offi_345e61' is visible

17-06-2024T18:41:26 - [MESSAGE][PASSED] - Object 'Object Repository/Page_The Story and Evolution of Doodles - G_6e786d/p_The first Doodle was a simple out-of-offi_345e61' is visible

17-06-2024T18:41:26 - [TEST_STEP][PASSED] - verifyElementVisible(findTestObject("Object Repository/Page_The Story and Evolution of Doodles - G_6e786d/h2_Weve created more than 5,000 Doodles ove_111429")): Object 'Object Repository/Page_The Story and Evolution of Doodles - G_6e786d/h2_Weve created more than 5,000 Doodles ove_111429' is visible

17-06-2024T18:41:26 - [MESSAGE][PASSED] - Object 'Object Repository/Page_The Story and Evolution of Doodles - G_6e786d/h2_Weve created more than 5,000 Doodles ove_111429' is visible

17-06-2024T18:41:26 - [TEST_STEP][PASSED] - click(findTestObject("Object Repository/Page_The Story and Evolution of Doodles - G_6e786d/p_The first Doodle was a simple out-of-offi_345e61")): Object: 'Object Repository/Page_The Story and Evolution of Doodles - G_6e786d/p_The first Doodle was a simple out-of-offi_345e61' is clicked on

17-06-2024T18:41:27 - [MESSAGE][PASSED] - Object: 'Object Repository/Page_The Story and Evolution of Doodles - G_6e786d/p_The first Doodle was a simple out-of-offi_345e61' is clicked on

17-06-2024T18:41:27 - [TEST_STEP][PASSED] - verifyElementVisible(findTestObject("Object Repository/Page_The Story and Evolution of Doodles - G_6e786d/h1_The story behind Doodles")): Object 'Object Repository/Page_The Story and Evolution of Doodles - G_6e786d/h1_The story behind Doodles' is visible

17-06-2024T18:41:27 - [MESSAGE][PASSED] - Object 'Object Repository/Page_The Story and Evolution of Doodles - G_6e786d/h1_The story behind Doodles' is visible

17-06-2024T18:41:27 - [TEST_STEP][PASSED] - verifyElementVisible(findTestObject("Object Repository/Page_The Story and Evolution of Doodles - G_6e786d/p_The first Doodle was a simple out-of-offi_345e61")): Object 'Object Repository/Page_The Story and Evolution of Doodles - G_6e786d/p_The first Doodle was a simple out-of-offi_345e61' is visible

17-06-2024T18:41:27 - [MESSAGE][PASSED] - Object 'Object Repository/Page_The Story and Evolution of Doodles - G_6e786d/p_The first Doodle was a simple out-of-offi_345e61' is visible

17-06-2024T18:41:27 - [TEST_STEP][PASSED] - verifyElementVisible(findTestObject("Object Repository/Page_The Story and Evolution of Doodles - G_6e786d/h2_Weve created more than 5,000 Doodles ove_111429")): Object 'Object Repository/Page_The Story and Evolution of Doodles - G_6e786d/h2_Weve created more than 5,000 Doodles ove_111429' is visible

17-06-2024T18:41:27 - [MESSAGE][PASSED] - Object 'Object Repository/Page_The Story and Evolution of Doodles - G_6e786d/h2_Weve created more than 5,000 Doodles ove_111429' is visible

17-06-2024T18:41:27 - [TEST_STEP][PASSED] - click(findTestObject("Object Repository/Page_The Story and Evolution of Doodles - G_6e786d/p_The first Doodle was a simple out-of-offi_345e61")): Object: 'Object Repository/Page_The Story and Evolution of Doodles - G_6e786d/p_The first Doodle was a simple out-of-offi_345e61' is clicked on

17-06-2024T18:41:28 - [MESSAGE][PASSED] - Object: 'Object Repository/Page_The Story and Evolution of Doodles - G_6e786d/p_The first Doodle was a simple out-of-offi_345e61' is clicked on

17-06-2024T18:41:28 - [TEST_STEP][PASSED] - verifyElementVisible(findTestObject("Object Repository/Page_The Story and Evolution of Doodles - G_6e786d/h1_The story behind Doodles")): Object 'Object Repository/Page_The Story and Evolution of Doodles - G_6e786d/h1_The story behind Doodles' is visible

17-06-2024T18:41:28 - [MESSAGE][PASSED] - Object 'Object Repository/Page_The Story and Evolution of Doodles - G_6e786d/h1_The story behind Doodles' is visible

17-06-2024T18:41:28 - [TEST_STEP][PASSED] - verifyElementVisible(findTestObject("Object Repository/Page_The Story and Evolution of Doodles - G_6e786d/p_The first Doodle was a simple out-of-offi_345e61")): Object 'Object Repository/Page_The Story and Evolution of Doodles - G_6e786d/p_The first Doodle was a simple out-of-offi_345e61' is visible

17-06-2024T18:41:28 - [MESSAGE][PASSED] - Object 'Object Repository/Page_The Story and Evolution of Doodles - G_6e786d/p_The first Doodle was a simple out-of-offi_345e61' is visible

17-06-2024T18:41:28 - [TEST_STEP][PASSED] - verifyElementVisible(findTestObject("Object Repository/Page_The Story and Evolution of Doodles - G_6e786d/h2_Weve created more than 5,000 Doodles ove_111429")): Object 'Object Repository/Page_The Story and Evolution of Doodles - G_6e786d/h2_Weve created more than 5,000 Doodles ove_111429' is visible

17-06-2024T18:41:29 - [MESSAGE][PASSED] - Object 'Object Repository/Page_The Story and Evolution of Doodles - G_6e786d/h2_Weve created more than 5,000 Doodles ove_111429' is visible

17-06-2024T18:41:29 - [TEST_STEP][PASSED] - click(findTestObject("Object Repository/Page_The Story and Evolution of Doodles - G_6e786d/p_The first Doodle was a simple out-of-offi_345e61")): Object: 'Object Repository/Page_The Story and Evolution of Doodles - G_6e786d/p_The first Doodle was a simple out-of-offi_345e61' is clicked on

17-06-2024T18:41:30 - [MESSAGE][PASSED] - Object: 'Object Repository/Page_The Story and Evolution of Doodles - G_6e786d/p_The first Doodle was a simple out-of-offi_345e61' is clicked on

17-06-2024T18:41:30 - [TEST_STEP][PASSED] - verifyElementVisible(findTestObject("Object Repository/Page_The Story and Evolution of Doodles - G_6e786d/h1_The story behind Doodles")): Object 'Object Repository/Page_The Story and Evolution of Doodles - G_6e786d/h1_The story behind Doodles' is visible

17-06-2024T18:41:30 - [MESSAGE][PASSED] - Object 'Object Repository/Page_The Story and Evolution of Doodles - G_6e786d/h1_The story behind Doodles' is visible

17-06-2024T18:41:30 - [TEST_STEP][PASSED] - verifyElementVisible(findTestObject("Object Repository/Page_The Story and Evolution of Doodles - G_6e786d/p_The first Doodle was a simple out-of-offi_345e61")): Object 'Object Repository/Page_The Story and Evolution of Doodles - G_6e786d/p_The first Doodle was a simple out-of-offi_345e61' is visible

17-06-2024T18:41:30 - [MESSAGE][PASSED] - Object 'Object Repository/Page_The Story and Evolution of Doodles - G_6e786d/p_The first Doodle was a simple out-of-offi_345e61' is visible

17-06-2024T18:41:30 - [TEST_STEP][PASSED] - verifyElementVisible(findTestObject("Object Repository/Page_The Story and Evolution of Doodles - G_6e786d/h2_Weve created more than 5,000 Doodles ove_111429")): Object 'Object Repository/Page_The Story and Evolution of Doodles - G_6e786d/h2_Weve created more than 5,000 Doodles ove_111429' is visible

17-06-2024T18:41:31 - [MESSAGE][PASSED] - Object 'Object Repository/Page_The Story and Evolution of Doodles - G_6e786d/h2_Weve created more than 5,000 Doodles ove_111429' is visible

17-06-2024T18:41:31 - [TEST_STEP][PASSED] - click(findTestObject("Object Repository/Page_The Story and Evolution of Doodles - G_6e786d/p_The first Doodle was a simple out-of-offi_345e61")): Object: 'Object Repository/Page_The Story and Evolution of Doodles - G_6e786d/p_The first Doodle was a simple out-of-offi_345e61' is clicked on

17-06-2024T18:41:31 - [MESSAGE][PASSED] - Object: 'Object Repository/Page_The Story and Evolution of Doodles - G_6e786d/p_The first Doodle was a simple out-of-offi_345e61' is clicked on

17-06-2024T18:41:31 - [TEST_STEP][PASSED] - verifyElementVisible(findTestObject("Object Repository/Page_The Story and Evolution of Doodles - G_6e786d/h1_The story behind Doodles")): Object 'Object Repository/Page_The Story and Evolution of Doodles - G_6e786d/h1_The story behind Doodles' is visible

17-06-2024T18:41:31 - [MESSAGE][PASSED] - Object 'Object Repository/Page_The Story and Evolution of Doodles - G_6e786d/h1_The story behind Doodles' is visible

17-06-2024T18:41:31 - [TEST_STEP][PASSED] - verifyElementVisible(findTestObject("Object Repository/Page_The Story and Evolution of Doodles - G_6e786d/p_The first Doodle was a simple out-of-offi_345e61")): Object 'Object Repository/Page_The Story and Evolution of Doodles - G_6e786d/p_The first Doodle was a simple out-of-offi_345e61' is visible

17-06-2024T18:41:32 - [MESSAGE][PASSED] - Object 'Object Repository/Page_The Story and Evolution of Doodles - G_6e786d/p_The first Doodle was a simple out-of-offi_345e61' is visible

17-06-2024T18:41:32 - [TEST_STEP][PASSED] - verifyElementVisible(findTestObject("Object Repository/Page_The Story and Evolution of Doodles - G_6e786d/h2_Weve created more than 5,000 Doodles ove_111429")): Object 'Object Repository/Page_The Story and Evolution of Doodles - G_6e786d/h2_Weve created more than 5,000 Doodles ove_111429' is visible

17-06-2024T18:41:32 - [MESSAGE][PASSED] - Object 'Object Repository/Page_The Story and Evolution of Doodles - G_6e786d/h2_Weve created more than 5,000 Doodles ove_111429' is visible

17-06-2024T18:41:32 - [TEST_STEP][PASSED] - click(findTestObject("Object Repository/Page_The Story and Evolution of Doodles - G_6e786d/p_The first Doodle was a simple out-of-offi_345e61")): Object: 'Object Repository/Page_The Story and Evolution of Doodles - G_6e786d/p_The first Doodle was a simple out-of-offi_345e61' is clicked on

17-06-2024T18:41:32 - [MESSAGE][PASSED] - Object: 'Object Repository/Page_The Story and Evolution of Doodles - G_6e786d/p_The first Doodle was a simple out-of-offi_345e61' is clicked on

17-06-2024T18:41:32 - [TEST_STEP][PASSED] - verifyElementVisible(findTestObject("Object Repository/Page_The Story and Evolution of Doodles - G_6e786d/h1_The story behind Doodles")): Object 'Object Repository/Page_The Story and Evolution of Doodles - G_6e786d/h1_The story behind Doodles' is visible

17-06-2024T18:41:33 - [MESSAGE][PASSED] - Object 'Object Repository/Page_The Story and Evolution of Doodles - G_6e786d/h1_The story behind Doodles' is visible

17-06-2024T18:41:33 - [TEST_STEP][PASSED] - verifyElementVisible(findTestObject("Object Repository/Page_The Story and Evolution of Doodles - G_6e786d/p_The first Doodle was a simple out-of-offi_345e61")): Object 'Object Repository/Page_The Story and Evolution of Doodles - G_6e786d/p_The first Doodle was a simple out-of-offi_345e61' is visible

17-06-2024T18:41:33 - [MESSAGE][PASSED] - Object 'Object Repository/Page_The Story and Evolution of Doodles - G_6e786d/p_The first Doodle was a simple out-of-offi_345e61' is visible

17-06-2024T18:41:33 - [TEST_STEP][PASSED] - verifyElementVisible(findTestObject("Object Repository/Page_The Story and Evolution of Doodles - G_6e786d/h2_Weve created more than 5,000 Doodles ove_111429")): Object 'Object Repository/Page_The Story and Evolution of Doodles - G_6e786d/h2_Weve created more than 5,000 Doodles ove_111429' is visible

17-06-2024T18:41:33 - [MESSAGE][PASSED] - Object 'Object Repository/Page_The Story and Evolution of Doodles - G_6e786d/h2_Weve created more than 5,000 Doodles ove_111429' is visible

17-06-2024T18:41:33 - [TEST_STEP][PASSED] - click(findTestObject("Object Repository/Page_The Story and Evolution of Doodles - G_6e786d/p_The first Doodle was a simple out-of-offi_345e61")): Object: 'Object Repository/Page_The Story and Evolution of Doodles - G_6e786d/p_The first Doodle was a simple out-of-offi_345e61' is clicked on

17-06-2024T18:41:34 - [MESSAGE][PASSED] - Object: 'Object Repository/Page_The Story and Evolution of Doodles - G_6e786d/p_The first Doodle was a simple out-of-offi_345e61' is clicked on

17-06-2024T18:41:34 - [TEST_STEP][PASSED] - verifyElementVisible(findTestObject("Object Repository/Page_The Story and Evolution of Doodles - G_6e786d/h1_The story behind Doodles")): Object 'Object Repository/Page_The Story and Evolution of Doodles - G_6e786d/h1_The story behind Doodles' is visible

17-06-2024T18:41:34 - [MESSAGE][PASSED] - Object 'Object Repository/Page_The Story and Evolution of Doodles - G_6e786d/h1_The story behind Doodles' is visible

17-06-2024T18:41:34 - [TEST_STEP][PASSED] - verifyElementVisible(findTestObject("Object Repository/Page_The Story and Evolution of Doodles - G_6e786d/p_The first Doodle was a simple out-of-offi_345e61")): Object 'Object Repository/Page_The Story and Evolution of Doodles - G_6e786d/p_The first Doodle was a simple out-of-offi_345e61' is visible

17-06-2024T18:41:34 - [MESSAGE][PASSED] - Object 'Object Repository/Page_The Story and Evolution of Doodles - G_6e786d/p_The first Doodle was a simple out-of-offi_345e61' is visible

17-06-2024T18:41:34 - [TEST_STEP][PASSED] - verifyElementVisible(findTestObject("Object Repository/Page_The Story and Evolution of Doodles - G_6e786d/h2_Weve created more than 5,000 Doodles ove_111429")): Object 'Object Repository/Page_The Story and Evolution of Doodles - G_6e786d/h2_Weve created more than 5,000 Doodles ove_111429' is visible

17-06-2024T18:41:35 - [MESSAGE][PASSED] - Object 'Object Repository/Page_The Story and Evolution of Doodles - G_6e786d/h2_Weve created more than 5,000 Doodles ove_111429' is visible

17-06-2024T18:41:35 - [TEST_STEP][PASSED] - click(findTestObject("Object Repository/Page_The Story and Evolution of Doodles - G_6e786d/p_The first Doodle was a simple out-of-offi_345e61")): Object: 'Object Repository/Page_The Story and Evolution of Doodles - G_6e786d/p_The first Doodle was a simple out-of-offi_345e61' is clicked on

17-06-2024T18:41:35 - [MESSAGE][PASSED] - Object: 'Object Repository/Page_The Story and Evolution of Doodles - G_6e786d/p_The first Doodle was a simple out-of-offi_345e61' is clicked on

17-06-2024T18:41:35 - [TEST_STEP][PASSED] - verifyElementVisible(findTestObject("Object Repository/Page_The Story and Evolution of Doodles - G_6e786d/h1_The story behind Doodles")): Object 'Object Repository/Page_The Story and Evolution of Doodles - G_6e786d/h1_The story behind Doodles' is visible

17-06-2024T18:41:35 - [MESSAGE][PASSED] - Object 'Object Repository/Page_The Story and Evolution of Doodles - G_6e786d/h1_The story behind Doodles' is visible

17-06-2024T18:41:35 - [TEST_STEP][PASSED] - verifyElementVisible(findTestObject("Object Repository/Page_The Story and Evolution of Doodles - G_6e786d/p_The first Doodle was a simple out-of-offi_345e61")): Object 'Object Repository/Page_The Story and Evolution of Doodles - G_6e786d/p_The first Doodle was a simple out-of-offi_345e61' is visible

17-06-2024T18:41:36 - [MESSAGE][PASSED] - Object 'Object Repository/Page_The Story and Evolution of Doodles - G_6e786d/p_The first Doodle was a simple out-of-offi_345e61' is visible

17-06-2024T18:41:36 - [TEST_STEP][PASSED] - verifyElementVisible(findTestObject("Object Repository/Page_The Story and Evolution of Doodles - G_6e786d/h2_Weve created more than 5,000 Doodles ove_111429")): Object 'Object Repository/Page_The Story and Evolution of Doodles - G_6e786d/h2_Weve created more than 5,000 Doodles ove_111429' is visible

17-06-2024T18:41:36 - [MESSAGE][PASSED] - Object 'Object Repository/Page_The Story and Evolution of Doodles - G_6e786d/h2_Weve created more than 5,000 Doodles ove_111429' is visible

17-06-2024T18:41:36 - [TEST_STEP][PASSED] - click(findTestObject("Object Repository/Page_The Story and Evolution of Doodles - G_6e786d/p_The first Doodle was a simple out-of-offi_345e61")): Object: 'Object Repository/Page_The Story and Evolution of Doodles - G_6e786d/p_The first Doodle was a simple out-of-offi_345e61' is clicked on

17-06-2024T18:41:36 - [MESSAGE][PASSED] - Object: 'Object Repository/Page_The Story and Evolution of Doodles - G_6e786d/p_The first Doodle was a simple out-of-offi_345e61' is clicked on

17-06-2024T18:41:36 - [TEST_STEP][PASSED] - verifyElementVisible(findTestObject("Object Repository/Page_The Story and Evolution of Doodles - G_6e786d/h1_The story behind Doodles")): Object 'Object Repository/Page_The Story and Evolution of Doodles - G_6e786d/h1_The story behind Doodles' is visible

17-06-2024T18:41:37 - [MESSAGE][PASSED] - Object 'Object Repository/Page_The Story and Evolution of Doodles - G_6e786d/h1_The story behind Doodles' is visible

17-06-2024T18:41:37 - [TEST_STEP][PASSED] - verifyElementVisible(findTestObject("Object Repository/Page_The Story and Evolution of Doodles - G_6e786d/p_The first Doodle was a simple out-of-offi_345e61")): Object 'Object Repository/Page_The Story and Evolution of Doodles - G_6e786d/p_The first Doodle was a simple out-of-offi_345e61' is visible

17-06-2024T18:41:37 - [MESSAGE][PASSED] - Object 'Object Repository/Page_The Story and Evolution of Doodles - G_6e786d/p_The first Doodle was a simple out-of-offi_345e61' is visible

17-06-2024T18:41:37 - [TEST_STEP][PASSED] - verifyElementVisible(findTestObject("Object Repository/Page_The Story and Evolution of Doodles - G_6e786d/h2_Weve created more than 5,000 Doodles ove_111429")): Object 'Object Repository/Page_The Story and Evolution of Doodles - G_6e786d/h2_Weve created more than 5,000 Doodles ove_111429' is visible

17-06-2024T18:41:37 - [MESSAGE][PASSED] - Object 'Object Repository/Page_The Story and Evolution of Doodles - G_6e786d/h2_Weve created more than 5,000 Doodles ove_111429' is visible

17-06-2024T18:41:37 - [TEST_STEP][PASSED] - click(findTestObject("Object Repository/Page_The Story and Evolution of Doodles - G_6e786d/p_The first Doodle was a simple out-of-offi_345e61")): Object: 'Object Repository/Page_The Story and Evolution of Doodles - G_6e786d/p_The first Doodle was a simple out-of-offi_345e61' is clicked on

17-06-2024T18:41:38 - [MESSAGE][PASSED] - Object: 'Object Repository/Page_The Story and Evolution of Doodles - G_6e786d/p_The first Doodle was a simple out-of-offi_345e61' is clicked on

17-06-2024T18:41:38 - [TEST_STEP][PASSED] - verifyElementVisible(findTestObject("Object Repository/Page_The Story and Evolution of Doodles - G_6e786d/h1_The story behind Doodles")): Object 'Object Repository/Page_The Story and Evolution of Doodles - G_6e786d/h1_The story behind Doodles' is visible

17-06-2024T18:41:38 - [MESSAGE][PASSED] - Object 'Object Repository/Page_The Story and Evolution of Doodles - G_6e786d/h1_The story behind Doodles' is visible

17-06-2024T18:41:38 - [TEST_STEP][PASSED] - verifyElementVisible(findTestObject("Object Repository/Page_The Story and Evolution of Doodles - G_6e786d/p_The first Doodle was a simple out-of-offi_345e61")): Object 'Object Repository/Page_The Story and Evolution of Doodles - G_6e786d/p_The first Doodle was a simple out-of-offi_345e61' is visible

17-06-2024T18:41:38 - [MESSAGE][PASSED] - Object 'Object Repository/Page_The Story and Evolution of Doodles - G_6e786d/p_The first Doodle was a simple out-of-offi_345e61' is visible

17-06-2024T18:41:38 - [TEST_STEP][PASSED] - verifyElementVisible(findTestObject("Object Repository/Page_The Story and Evolution of Doodles - G_6e786d/h2_Weve created more than 5,000 Doodles ove_111429")): Object 'Object Repository/Page_The Story and Evolution of Doodles - G_6e786d/h2_Weve created more than 5,000 Doodles ove_111429' is visible

17-06-2024T18:41:39 - [MESSAGE][PASSED] - Object 'Object Repository/Page_The Story and Evolution of Doodles - G_6e786d/h2_Weve created more than 5,000 Doodles ove_111429' is visible]]></system-out>
         <system-err><![CDATA[]]></system-err>
      </testcase>
      <testcase name="Test Cases/test case folder 1/tc1 - Copy (2) - Copy (2)" time="19.408" classname="Test Cases/test case folder 1/tc1 - Copy (2) - Copy (2)" status="PASSED">
         <system-out><![CDATA[17-06-2024T18:41:39 - [TEST_CASE][PASSED] - Test Cases/test case folder 1/tc1 - Copy (2) - Copy (2): Test Cases/test case folder 1/tc1 - Copy (2) - Copy (2)

17-06-2024T18:41:39 - [TEST_STEP][PASSED] - openBrowser(""): Browser is opened with url: ''

17-06-2024T18:41:39 - [MESSAGE][WARNING] - A browser is already opened. Closing browser and opening a new one

17-06-2024T18:41:39 - [MESSAGE][INFO] - Starting 'Chrome (headless)' driver

17-06-2024T18:41:39 - [MESSAGE][INFO] - Action delay is set to 0 milliseconds

17-06-2024T18:41:40 - [MESSAGE][PASSED] - Browser is opened with url: ''

17-06-2024T18:41:40 - [TEST_STEP][PASSED] - navigateToUrl("https://doodles.google/about/"): Navigate to 'https://doodles.google/about/' successfully

17-06-2024T18:41:43 - [MESSAGE][PASSED] - Navigate to 'https://doodles.google/about/' successfully

17-06-2024T18:41:43 - [TEST_STEP][PASSED] - click(findTestObject("Object Repository/Page_The Story and Evolution of Doodles - G_6e786d/p_The first Doodle was a simple out-of-offi_345e61")): Object: 'Object Repository/Page_The Story and Evolution of Doodles - G_6e786d/p_The first Doodle was a simple out-of-offi_345e61' is clicked on

17-06-2024T18:41:43 - [MESSAGE][PASSED] - Object: 'Object Repository/Page_The Story and Evolution of Doodles - G_6e786d/p_The first Doodle was a simple out-of-offi_345e61' is clicked on

17-06-2024T18:41:43 - [TEST_STEP][PASSED] - click(findTestObject("Object Repository/Page_The Story and Evolution of Doodles - G_6e786d/p_The first Doodle was a simple out-of-offi_345e61")): Object: 'Object Repository/Page_The Story and Evolution of Doodles - G_6e786d/p_The first Doodle was a simple out-of-offi_345e61' is clicked on

17-06-2024T18:41:44 - [MESSAGE][PASSED] - Object: 'Object Repository/Page_The Story and Evolution of Doodles - G_6e786d/p_The first Doodle was a simple out-of-offi_345e61' is clicked on

17-06-2024T18:41:44 - [TEST_STEP][PASSED] - verifyElementVisible(findTestObject("Object Repository/Page_The Story and Evolution of Doodles - G_6e786d/h1_The story behind Doodles")): Object 'Object Repository/Page_The Story and Evolution of Doodles - G_6e786d/h1_The story behind Doodles' is visible

17-06-2024T18:41:44 - [MESSAGE][PASSED] - Object 'Object Repository/Page_The Story and Evolution of Doodles - G_6e786d/h1_The story behind Doodles' is visible

17-06-2024T18:41:44 - [TEST_STEP][PASSED] - verifyElementVisible(findTestObject("Object Repository/Page_The Story and Evolution of Doodles - G_6e786d/p_The first Doodle was a simple out-of-offi_345e61")): Object 'Object Repository/Page_The Story and Evolution of Doodles - G_6e786d/p_The first Doodle was a simple out-of-offi_345e61' is visible

17-06-2024T18:41:44 - [MESSAGE][PASSED] - Object 'Object Repository/Page_The Story and Evolution of Doodles - G_6e786d/p_The first Doodle was a simple out-of-offi_345e61' is visible

17-06-2024T18:41:44 - [TEST_STEP][PASSED] - verifyElementVisible(findTestObject("Object Repository/Page_The Story and Evolution of Doodles - G_6e786d/h2_Weve created more than 5,000 Doodles ove_111429")): Object 'Object Repository/Page_The Story and Evolution of Doodles - G_6e786d/h2_Weve created more than 5,000 Doodles ove_111429' is visible

17-06-2024T18:41:45 - [MESSAGE][PASSED] - Object 'Object Repository/Page_The Story and Evolution of Doodles - G_6e786d/h2_Weve created more than 5,000 Doodles ove_111429' is visible

17-06-2024T18:41:45 - [TEST_STEP][PASSED] - verifyElementVisible(findTestObject("Object Repository/Page_The Story and Evolution of Doodles - G_6e786d/h1_The story behind Doodles")): Object 'Object Repository/Page_The Story and Evolution of Doodles - G_6e786d/h1_The story behind Doodles' is visible

17-06-2024T18:41:45 - [MESSAGE][PASSED] - Object 'Object Repository/Page_The Story and Evolution of Doodles - G_6e786d/h1_The story behind Doodles' is visible

17-06-2024T18:41:45 - [TEST_STEP][PASSED] - verifyElementVisible(findTestObject("Object Repository/Page_The Story and Evolution of Doodles - G_6e786d/p_The first Doodle was a simple out-of-offi_345e61")): Object 'Object Repository/Page_The Story and Evolution of Doodles - G_6e786d/p_The first Doodle was a simple out-of-offi_345e61' is visible

17-06-2024T18:41:45 - [MESSAGE][PASSED] - Object 'Object Repository/Page_The Story and Evolution of Doodles - G_6e786d/p_The first Doodle was a simple out-of-offi_345e61' is visible

17-06-2024T18:41:45 - [TEST_STEP][PASSED] - verifyElementVisible(findTestObject("Object Repository/Page_The Story and Evolution of Doodles - G_6e786d/h2_Weve created more than 5,000 Doodles ove_111429")): Object 'Object Repository/Page_The Story and Evolution of Doodles - G_6e786d/h2_Weve created more than 5,000 Doodles ove_111429' is visible

17-06-2024T18:41:46 - [MESSAGE][PASSED] - Object 'Object Repository/Page_The Story and Evolution of Doodles - G_6e786d/h2_Weve created more than 5,000 Doodles ove_111429' is visible

17-06-2024T18:41:46 - [TEST_STEP][PASSED] - click(findTestObject("Object Repository/Page_The Story and Evolution of Doodles - G_6e786d/p_The first Doodle was a simple out-of-offi_345e61")): Object: 'Object Repository/Page_The Story and Evolution of Doodles - G_6e786d/p_The first Doodle was a simple out-of-offi_345e61' is clicked on

17-06-2024T18:41:46 - [MESSAGE][PASSED] - Object: 'Object Repository/Page_The Story and Evolution of Doodles - G_6e786d/p_The first Doodle was a simple out-of-offi_345e61' is clicked on

17-06-2024T18:41:46 - [TEST_STEP][PASSED] - verifyElementVisible(findTestObject("Object Repository/Page_The Story and Evolution of Doodles - G_6e786d/h1_The story behind Doodles")): Object 'Object Repository/Page_The Story and Evolution of Doodles - G_6e786d/h1_The story behind Doodles' is visible

17-06-2024T18:41:46 - [MESSAGE][PASSED] - Object 'Object Repository/Page_The Story and Evolution of Doodles - G_6e786d/h1_The story behind Doodles' is visible

17-06-2024T18:41:46 - [TEST_STEP][PASSED] - verifyElementVisible(findTestObject("Object Repository/Page_The Story and Evolution of Doodles - G_6e786d/p_The first Doodle was a simple out-of-offi_345e61")): Object 'Object Repository/Page_The Story and Evolution of Doodles - G_6e786d/p_The first Doodle was a simple out-of-offi_345e61' is visible

17-06-2024T18:41:47 - [MESSAGE][PASSED] - Object 'Object Repository/Page_The Story and Evolution of Doodles - G_6e786d/p_The first Doodle was a simple out-of-offi_345e61' is visible

17-06-2024T18:41:47 - [TEST_STEP][PASSED] - verifyElementVisible(findTestObject("Object Repository/Page_The Story and Evolution of Doodles - G_6e786d/h2_Weve created more than 5,000 Doodles ove_111429")): Object 'Object Repository/Page_The Story and Evolution of Doodles - G_6e786d/h2_Weve created more than 5,000 Doodles ove_111429' is visible

17-06-2024T18:41:47 - [MESSAGE][PASSED] - Object 'Object Repository/Page_The Story and Evolution of Doodles - G_6e786d/h2_Weve created more than 5,000 Doodles ove_111429' is visible

17-06-2024T18:41:47 - [TEST_STEP][PASSED] - click(findTestObject("Object Repository/Page_The Story and Evolution of Doodles - G_6e786d/p_The first Doodle was a simple out-of-offi_345e61")): Object: 'Object Repository/Page_The Story and Evolution of Doodles - G_6e786d/p_The first Doodle was a simple out-of-offi_345e61' is clicked on

17-06-2024T18:41:47 - [MESSAGE][PASSED] - Object: 'Object Repository/Page_The Story and Evolution of Doodles - G_6e786d/p_The first Doodle was a simple out-of-offi_345e61' is clicked on

17-06-2024T18:41:47 - [TEST_STEP][PASSED] - verifyElementVisible(findTestObject("Object Repository/Page_The Story and Evolution of Doodles - G_6e786d/h1_The story behind Doodles")): Object 'Object Repository/Page_The Story and Evolution of Doodles - G_6e786d/h1_The story behind Doodles' is visible

17-06-2024T18:41:48 - [MESSAGE][PASSED] - Object 'Object Repository/Page_The Story and Evolution of Doodles - G_6e786d/h1_The story behind Doodles' is visible

17-06-2024T18:41:48 - [TEST_STEP][PASSED] - verifyElementVisible(findTestObject("Object Repository/Page_The Story and Evolution of Doodles - G_6e786d/p_The first Doodle was a simple out-of-offi_345e61")): Object 'Object Repository/Page_The Story and Evolution of Doodles - G_6e786d/p_The first Doodle was a simple out-of-offi_345e61' is visible

17-06-2024T18:41:48 - [MESSAGE][PASSED] - Object 'Object Repository/Page_The Story and Evolution of Doodles - G_6e786d/p_The first Doodle was a simple out-of-offi_345e61' is visible

17-06-2024T18:41:48 - [TEST_STEP][PASSED] - verifyElementVisible(findTestObject("Object Repository/Page_The Story and Evolution of Doodles - G_6e786d/h2_Weve created more than 5,000 Doodles ove_111429")): Object 'Object Repository/Page_The Story and Evolution of Doodles - G_6e786d/h2_Weve created more than 5,000 Doodles ove_111429' is visible

17-06-2024T18:41:48 - [MESSAGE][PASSED] - Object 'Object Repository/Page_The Story and Evolution of Doodles - G_6e786d/h2_Weve created more than 5,000 Doodles ove_111429' is visible

17-06-2024T18:41:48 - [TEST_STEP][PASSED] - click(findTestObject("Object Repository/Page_The Story and Evolution of Doodles - G_6e786d/p_The first Doodle was a simple out-of-offi_345e61")): Object: 'Object Repository/Page_The Story and Evolution of Doodles - G_6e786d/p_The first Doodle was a simple out-of-offi_345e61' is clicked on

17-06-2024T18:41:49 - [MESSAGE][PASSED] - Object: 'Object Repository/Page_The Story and Evolution of Doodles - G_6e786d/p_The first Doodle was a simple out-of-offi_345e61' is clicked on

17-06-2024T18:41:49 - [TEST_STEP][PASSED] - verifyElementVisible(findTestObject("Object Repository/Page_The Story and Evolution of Doodles - G_6e786d/h1_The story behind Doodles")): Object 'Object Repository/Page_The Story and Evolution of Doodles - G_6e786d/h1_The story behind Doodles' is visible

17-06-2024T18:41:49 - [MESSAGE][PASSED] - Object 'Object Repository/Page_The Story and Evolution of Doodles - G_6e786d/h1_The story behind Doodles' is visible

17-06-2024T18:41:49 - [TEST_STEP][PASSED] - verifyElementVisible(findTestObject("Object Repository/Page_The Story and Evolution of Doodles - G_6e786d/p_The first Doodle was a simple out-of-offi_345e61")): Object 'Object Repository/Page_The Story and Evolution of Doodles - G_6e786d/p_The first Doodle was a simple out-of-offi_345e61' is visible

17-06-2024T18:41:50 - [MESSAGE][PASSED] - Object 'Object Repository/Page_The Story and Evolution of Doodles - G_6e786d/p_The first Doodle was a simple out-of-offi_345e61' is visible

17-06-2024T18:41:50 - [TEST_STEP][PASSED] - verifyElementVisible(findTestObject("Object Repository/Page_The Story and Evolution of Doodles - G_6e786d/h2_Weve created more than 5,000 Doodles ove_111429")): Object 'Object Repository/Page_The Story and Evolution of Doodles - G_6e786d/h2_Weve created more than 5,000 Doodles ove_111429' is visible

17-06-2024T18:41:50 - [MESSAGE][PASSED] - Object 'Object Repository/Page_The Story and Evolution of Doodles - G_6e786d/h2_Weve created more than 5,000 Doodles ove_111429' is visible

17-06-2024T18:41:50 - [TEST_STEP][PASSED] - click(findTestObject("Object Repository/Page_The Story and Evolution of Doodles - G_6e786d/p_The first Doodle was a simple out-of-offi_345e61")): Object: 'Object Repository/Page_The Story and Evolution of Doodles - G_6e786d/p_The first Doodle was a simple out-of-offi_345e61' is clicked on

17-06-2024T18:41:50 - [MESSAGE][PASSED] - Object: 'Object Repository/Page_The Story and Evolution of Doodles - G_6e786d/p_The first Doodle was a simple out-of-offi_345e61' is clicked on

17-06-2024T18:41:50 - [TEST_STEP][PASSED] - verifyElementVisible(findTestObject("Object Repository/Page_The Story and Evolution of Doodles - G_6e786d/h1_The story behind Doodles")): Object 'Object Repository/Page_The Story and Evolution of Doodles - G_6e786d/h1_The story behind Doodles' is visible

17-06-2024T18:41:50 - [MESSAGE][PASSED] - Object 'Object Repository/Page_The Story and Evolution of Doodles - G_6e786d/h1_The story behind Doodles' is visible

17-06-2024T18:41:50 - [TEST_STEP][PASSED] - verifyElementVisible(findTestObject("Object Repository/Page_The Story and Evolution of Doodles - G_6e786d/p_The first Doodle was a simple out-of-offi_345e61")): Object 'Object Repository/Page_The Story and Evolution of Doodles - G_6e786d/p_The first Doodle was a simple out-of-offi_345e61' is visible

17-06-2024T18:41:51 - [MESSAGE][PASSED] - Object 'Object Repository/Page_The Story and Evolution of Doodles - G_6e786d/p_The first Doodle was a simple out-of-offi_345e61' is visible

17-06-2024T18:41:51 - [TEST_STEP][PASSED] - verifyElementVisible(findTestObject("Object Repository/Page_The Story and Evolution of Doodles - G_6e786d/h2_Weve created more than 5,000 Doodles ove_111429")): Object 'Object Repository/Page_The Story and Evolution of Doodles - G_6e786d/h2_Weve created more than 5,000 Doodles ove_111429' is visible

17-06-2024T18:41:51 - [MESSAGE][PASSED] - Object 'Object Repository/Page_The Story and Evolution of Doodles - G_6e786d/h2_Weve created more than 5,000 Doodles ove_111429' is visible

17-06-2024T18:41:51 - [TEST_STEP][PASSED] - click(findTestObject("Object Repository/Page_The Story and Evolution of Doodles - G_6e786d/p_The first Doodle was a simple out-of-offi_345e61")): Object: 'Object Repository/Page_The Story and Evolution of Doodles - G_6e786d/p_The first Doodle was a simple out-of-offi_345e61' is clicked on

17-06-2024T18:41:52 - [MESSAGE][PASSED] - Object: 'Object Repository/Page_The Story and Evolution of Doodles - G_6e786d/p_The first Doodle was a simple out-of-offi_345e61' is clicked on

17-06-2024T18:41:52 - [TEST_STEP][PASSED] - verifyElementVisible(findTestObject("Object Repository/Page_The Story and Evolution of Doodles - G_6e786d/h1_The story behind Doodles")): Object 'Object Repository/Page_The Story and Evolution of Doodles - G_6e786d/h1_The story behind Doodles' is visible

17-06-2024T18:41:52 - [MESSAGE][PASSED] - Object 'Object Repository/Page_The Story and Evolution of Doodles - G_6e786d/h1_The story behind Doodles' is visible

17-06-2024T18:41:52 - [TEST_STEP][PASSED] - verifyElementVisible(findTestObject("Object Repository/Page_The Story and Evolution of Doodles - G_6e786d/p_The first Doodle was a simple out-of-offi_345e61")): Object 'Object Repository/Page_The Story and Evolution of Doodles - G_6e786d/p_The first Doodle was a simple out-of-offi_345e61' is visible

17-06-2024T18:41:52 - [MESSAGE][PASSED] - Object 'Object Repository/Page_The Story and Evolution of Doodles - G_6e786d/p_The first Doodle was a simple out-of-offi_345e61' is visible

17-06-2024T18:41:52 - [TEST_STEP][PASSED] - verifyElementVisible(findTestObject("Object Repository/Page_The Story and Evolution of Doodles - G_6e786d/h2_Weve created more than 5,000 Doodles ove_111429")): Object 'Object Repository/Page_The Story and Evolution of Doodles - G_6e786d/h2_Weve created more than 5,000 Doodles ove_111429' is visible

17-06-2024T18:41:53 - [MESSAGE][PASSED] - Object 'Object Repository/Page_The Story and Evolution of Doodles - G_6e786d/h2_Weve created more than 5,000 Doodles ove_111429' is visible

17-06-2024T18:41:53 - [TEST_STEP][PASSED] - click(findTestObject("Object Repository/Page_The Story and Evolution of Doodles - G_6e786d/p_The first Doodle was a simple out-of-offi_345e61")): Object: 'Object Repository/Page_The Story and Evolution of Doodles - G_6e786d/p_The first Doodle was a simple out-of-offi_345e61' is clicked on

17-06-2024T18:41:53 - [MESSAGE][PASSED] - Object: 'Object Repository/Page_The Story and Evolution of Doodles - G_6e786d/p_The first Doodle was a simple out-of-offi_345e61' is clicked on

17-06-2024T18:41:53 - [TEST_STEP][PASSED] - verifyElementVisible(findTestObject("Object Repository/Page_The Story and Evolution of Doodles - G_6e786d/h1_The story behind Doodles")): Object 'Object Repository/Page_The Story and Evolution of Doodles - G_6e786d/h1_The story behind Doodles' is visible

17-06-2024T18:41:53 - [MESSAGE][PASSED] - Object 'Object Repository/Page_The Story and Evolution of Doodles - G_6e786d/h1_The story behind Doodles' is visible

17-06-2024T18:41:53 - [TEST_STEP][PASSED] - verifyElementVisible(findTestObject("Object Repository/Page_The Story and Evolution of Doodles - G_6e786d/p_The first Doodle was a simple out-of-offi_345e61")): Object 'Object Repository/Page_The Story and Evolution of Doodles - G_6e786d/p_The first Doodle was a simple out-of-offi_345e61' is visible

17-06-2024T18:41:54 - [MESSAGE][PASSED] - Object 'Object Repository/Page_The Story and Evolution of Doodles - G_6e786d/p_The first Doodle was a simple out-of-offi_345e61' is visible

17-06-2024T18:41:54 - [TEST_STEP][PASSED] - verifyElementVisible(findTestObject("Object Repository/Page_The Story and Evolution of Doodles - G_6e786d/h2_Weve created more than 5,000 Doodles ove_111429")): Object 'Object Repository/Page_The Story and Evolution of Doodles - G_6e786d/h2_Weve created more than 5,000 Doodles ove_111429' is visible

17-06-2024T18:41:54 - [MESSAGE][PASSED] - Object 'Object Repository/Page_The Story and Evolution of Doodles - G_6e786d/h2_Weve created more than 5,000 Doodles ove_111429' is visible

17-06-2024T18:41:54 - [TEST_STEP][PASSED] - click(findTestObject("Object Repository/Page_The Story and Evolution of Doodles - G_6e786d/p_The first Doodle was a simple out-of-offi_345e61")): Object: 'Object Repository/Page_The Story and Evolution of Doodles - G_6e786d/p_The first Doodle was a simple out-of-offi_345e61' is clicked on

17-06-2024T18:41:54 - [MESSAGE][PASSED] - Object: 'Object Repository/Page_The Story and Evolution of Doodles - G_6e786d/p_The first Doodle was a simple out-of-offi_345e61' is clicked on

17-06-2024T18:41:54 - [TEST_STEP][PASSED] - verifyElementVisible(findTestObject("Object Repository/Page_The Story and Evolution of Doodles - G_6e786d/h1_The story behind Doodles")): Object 'Object Repository/Page_The Story and Evolution of Doodles - G_6e786d/h1_The story behind Doodles' is visible

17-06-2024T18:41:55 - [MESSAGE][PASSED] - Object 'Object Repository/Page_The Story and Evolution of Doodles - G_6e786d/h1_The story behind Doodles' is visible

17-06-2024T18:41:55 - [TEST_STEP][PASSED] - verifyElementVisible(findTestObject("Object Repository/Page_The Story and Evolution of Doodles - G_6e786d/p_The first Doodle was a simple out-of-offi_345e61")): Object 'Object Repository/Page_The Story and Evolution of Doodles - G_6e786d/p_The first Doodle was a simple out-of-offi_345e61' is visible

17-06-2024T18:41:55 - [MESSAGE][PASSED] - Object 'Object Repository/Page_The Story and Evolution of Doodles - G_6e786d/p_The first Doodle was a simple out-of-offi_345e61' is visible

17-06-2024T18:41:55 - [TEST_STEP][PASSED] - verifyElementVisible(findTestObject("Object Repository/Page_The Story and Evolution of Doodles - G_6e786d/h2_Weve created more than 5,000 Doodles ove_111429")): Object 'Object Repository/Page_The Story and Evolution of Doodles - G_6e786d/h2_Weve created more than 5,000 Doodles ove_111429' is visible

17-06-2024T18:41:55 - [MESSAGE][PASSED] - Object 'Object Repository/Page_The Story and Evolution of Doodles - G_6e786d/h2_Weve created more than 5,000 Doodles ove_111429' is visible

17-06-2024T18:41:55 - [TEST_STEP][PASSED] - click(findTestObject("Object Repository/Page_The Story and Evolution of Doodles - G_6e786d/p_The first Doodle was a simple out-of-offi_345e61")): Object: 'Object Repository/Page_The Story and Evolution of Doodles - G_6e786d/p_The first Doodle was a simple out-of-offi_345e61' is clicked on

17-06-2024T18:41:56 - [MESSAGE][PASSED] - Object: 'Object Repository/Page_The Story and Evolution of Doodles - G_6e786d/p_The first Doodle was a simple out-of-offi_345e61' is clicked on

17-06-2024T18:41:56 - [TEST_STEP][PASSED] - verifyElementVisible(findTestObject("Object Repository/Page_The Story and Evolution of Doodles - G_6e786d/h1_The story behind Doodles")): Object 'Object Repository/Page_The Story and Evolution of Doodles - G_6e786d/h1_The story behind Doodles' is visible

17-06-2024T18:41:56 - [MESSAGE][PASSED] - Object 'Object Repository/Page_The Story and Evolution of Doodles - G_6e786d/h1_The story behind Doodles' is visible

17-06-2024T18:41:56 - [TEST_STEP][PASSED] - verifyElementVisible(findTestObject("Object Repository/Page_The Story and Evolution of Doodles - G_6e786d/p_The first Doodle was a simple out-of-offi_345e61")): Object 'Object Repository/Page_The Story and Evolution of Doodles - G_6e786d/p_The first Doodle was a simple out-of-offi_345e61' is visible

17-06-2024T18:41:56 - [MESSAGE][PASSED] - Object 'Object Repository/Page_The Story and Evolution of Doodles - G_6e786d/p_The first Doodle was a simple out-of-offi_345e61' is visible

17-06-2024T18:41:56 - [TEST_STEP][PASSED] - verifyElementVisible(findTestObject("Object Repository/Page_The Story and Evolution of Doodles - G_6e786d/h2_Weve created more than 5,000 Doodles ove_111429")): Object 'Object Repository/Page_The Story and Evolution of Doodles - G_6e786d/h2_Weve created more than 5,000 Doodles ove_111429' is visible

17-06-2024T18:41:57 - [MESSAGE][PASSED] - Object 'Object Repository/Page_The Story and Evolution of Doodles - G_6e786d/h2_Weve created more than 5,000 Doodles ove_111429' is visible

17-06-2024T18:41:57 - [TEST_STEP][PASSED] - click(findTestObject("Object Repository/Page_The Story and Evolution of Doodles - G_6e786d/p_The first Doodle was a simple out-of-offi_345e61")): Object: 'Object Repository/Page_The Story and Evolution of Doodles - G_6e786d/p_The first Doodle was a simple out-of-offi_345e61' is clicked on

17-06-2024T18:41:57 - [MESSAGE][PASSED] - Object: 'Object Repository/Page_The Story and Evolution of Doodles - G_6e786d/p_The first Doodle was a simple out-of-offi_345e61' is clicked on

17-06-2024T18:41:57 - [TEST_STEP][PASSED] - verifyElementVisible(findTestObject("Object Repository/Page_The Story and Evolution of Doodles - G_6e786d/h1_The story behind Doodles")): Object 'Object Repository/Page_The Story and Evolution of Doodles - G_6e786d/h1_The story behind Doodles' is visible

17-06-2024T18:41:57 - [MESSAGE][PASSED] - Object 'Object Repository/Page_The Story and Evolution of Doodles - G_6e786d/h1_The story behind Doodles' is visible

17-06-2024T18:41:57 - [TEST_STEP][PASSED] - verifyElementVisible(findTestObject("Object Repository/Page_The Story and Evolution of Doodles - G_6e786d/p_The first Doodle was a simple out-of-offi_345e61")): Object 'Object Repository/Page_The Story and Evolution of Doodles - G_6e786d/p_The first Doodle was a simple out-of-offi_345e61' is visible

17-06-2024T18:41:58 - [MESSAGE][PASSED] - Object 'Object Repository/Page_The Story and Evolution of Doodles - G_6e786d/p_The first Doodle was a simple out-of-offi_345e61' is visible

17-06-2024T18:41:58 - [TEST_STEP][PASSED] - verifyElementVisible(findTestObject("Object Repository/Page_The Story and Evolution of Doodles - G_6e786d/h2_Weve created more than 5,000 Doodles ove_111429")): Object 'Object Repository/Page_The Story and Evolution of Doodles - G_6e786d/h2_Weve created more than 5,000 Doodles ove_111429' is visible

17-06-2024T18:41:58 - [MESSAGE][PASSED] - Object 'Object Repository/Page_The Story and Evolution of Doodles - G_6e786d/h2_Weve created more than 5,000 Doodles ove_111429' is visible]]></system-out>
         <system-err><![CDATA[]]></system-err>
      </testcase>
      <testcase name="Test Cases/test case folder 1/tc1 - Copy (2) - Copy (4)" time="19.54" classname="Test Cases/test case folder 1/tc1 - Copy (2) - Copy (4)" status="PASSED">
         <system-out><![CDATA[17-06-2024T18:41:58 - [TEST_CASE][PASSED] - Test Cases/test case folder 1/tc1 - Copy (2) - Copy (4): Test Cases/test case folder 1/tc1 - Copy (2) - Copy (4)

17-06-2024T18:41:58 - [TEST_STEP][PASSED] - openBrowser(""): Browser is opened with url: ''

17-06-2024T18:41:58 - [MESSAGE][WARNING] - A browser is already opened. Closing browser and opening a new one

17-06-2024T18:41:59 - [MESSAGE][INFO] - Starting 'Chrome (headless)' driver

17-06-2024T18:41:59 - [MESSAGE][INFO] - Action delay is set to 0 milliseconds

17-06-2024T18:42:00 - [MESSAGE][PASSED] - Browser is opened with url: ''

17-06-2024T18:42:00 - [TEST_STEP][PASSED] - navigateToUrl("https://doodles.google/about/"): Navigate to 'https://doodles.google/about/' successfully

17-06-2024T18:42:03 - [MESSAGE][PASSED] - Navigate to 'https://doodles.google/about/' successfully

17-06-2024T18:42:03 - [TEST_STEP][PASSED] - click(findTestObject("Object Repository/Page_The Story and Evolution of Doodles - G_6e786d/p_The first Doodle was a simple out-of-offi_345e61")): Object: 'Object Repository/Page_The Story and Evolution of Doodles - G_6e786d/p_The first Doodle was a simple out-of-offi_345e61' is clicked on

17-06-2024T18:42:03 - [MESSAGE][PASSED] - Object: 'Object Repository/Page_The Story and Evolution of Doodles - G_6e786d/p_The first Doodle was a simple out-of-offi_345e61' is clicked on

17-06-2024T18:42:03 - [TEST_STEP][PASSED] - click(findTestObject("Object Repository/Page_The Story and Evolution of Doodles - G_6e786d/p_The first Doodle was a simple out-of-offi_345e61")): Object: 'Object Repository/Page_The Story and Evolution of Doodles - G_6e786d/p_The first Doodle was a simple out-of-offi_345e61' is clicked on

17-06-2024T18:42:03 - [MESSAGE][PASSED] - Object: 'Object Repository/Page_The Story and Evolution of Doodles - G_6e786d/p_The first Doodle was a simple out-of-offi_345e61' is clicked on

17-06-2024T18:42:03 - [TEST_STEP][PASSED] - verifyElementVisible(findTestObject("Object Repository/Page_The Story and Evolution of Doodles - G_6e786d/h1_The story behind Doodles")): Object 'Object Repository/Page_The Story and Evolution of Doodles - G_6e786d/h1_The story behind Doodles' is visible

17-06-2024T18:42:04 - [MESSAGE][PASSED] - Object 'Object Repository/Page_The Story and Evolution of Doodles - G_6e786d/h1_The story behind Doodles' is visible

17-06-2024T18:42:04 - [TEST_STEP][PASSED] - verifyElementVisible(findTestObject("Object Repository/Page_The Story and Evolution of Doodles - G_6e786d/p_The first Doodle was a simple out-of-offi_345e61")): Object 'Object Repository/Page_The Story and Evolution of Doodles - G_6e786d/p_The first Doodle was a simple out-of-offi_345e61' is visible

17-06-2024T18:42:04 - [MESSAGE][PASSED] - Object 'Object Repository/Page_The Story and Evolution of Doodles - G_6e786d/p_The first Doodle was a simple out-of-offi_345e61' is visible

17-06-2024T18:42:04 - [TEST_STEP][PASSED] - verifyElementVisible(findTestObject("Object Repository/Page_The Story and Evolution of Doodles - G_6e786d/h2_Weve created more than 5,000 Doodles ove_111429")): Object 'Object Repository/Page_The Story and Evolution of Doodles - G_6e786d/h2_Weve created more than 5,000 Doodles ove_111429' is visible

17-06-2024T18:42:04 - [MESSAGE][PASSED] - Object 'Object Repository/Page_The Story and Evolution of Doodles - G_6e786d/h2_Weve created more than 5,000 Doodles ove_111429' is visible

17-06-2024T18:42:04 - [TEST_STEP][PASSED] - verifyElementVisible(findTestObject("Object Repository/Page_The Story and Evolution of Doodles - G_6e786d/h1_The story behind Doodles")): Object 'Object Repository/Page_The Story and Evolution of Doodles - G_6e786d/h1_The story behind Doodles' is visible

17-06-2024T18:42:05 - [MESSAGE][PASSED] - Object 'Object Repository/Page_The Story and Evolution of Doodles - G_6e786d/h1_The story behind Doodles' is visible

17-06-2024T18:42:05 - [TEST_STEP][PASSED] - verifyElementVisible(findTestObject("Object Repository/Page_The Story and Evolution of Doodles - G_6e786d/p_The first Doodle was a simple out-of-offi_345e61")): Object 'Object Repository/Page_The Story and Evolution of Doodles - G_6e786d/p_The first Doodle was a simple out-of-offi_345e61' is visible

17-06-2024T18:42:05 - [MESSAGE][PASSED] - Object 'Object Repository/Page_The Story and Evolution of Doodles - G_6e786d/p_The first Doodle was a simple out-of-offi_345e61' is visible

17-06-2024T18:42:05 - [TEST_STEP][PASSED] - verifyElementVisible(findTestObject("Object Repository/Page_The Story and Evolution of Doodles - G_6e786d/h2_Weve created more than 5,000 Doodles ove_111429")): Object 'Object Repository/Page_The Story and Evolution of Doodles - G_6e786d/h2_Weve created more than 5,000 Doodles ove_111429' is visible

17-06-2024T18:42:05 - [MESSAGE][PASSED] - Object 'Object Repository/Page_The Story and Evolution of Doodles - G_6e786d/h2_Weve created more than 5,000 Doodles ove_111429' is visible

17-06-2024T18:42:05 - [TEST_STEP][PASSED] - click(findTestObject("Object Repository/Page_The Story and Evolution of Doodles - G_6e786d/p_The first Doodle was a simple out-of-offi_345e61")): Object: 'Object Repository/Page_The Story and Evolution of Doodles - G_6e786d/p_The first Doodle was a simple out-of-offi_345e61' is clicked on

17-06-2024T18:42:06 - [MESSAGE][PASSED] - Object: 'Object Repository/Page_The Story and Evolution of Doodles - G_6e786d/p_The first Doodle was a simple out-of-offi_345e61' is clicked on

17-06-2024T18:42:06 - [TEST_STEP][PASSED] - verifyElementVisible(findTestObject("Object Repository/Page_The Story and Evolution of Doodles - G_6e786d/h1_The story behind Doodles")): Object 'Object Repository/Page_The Story and Evolution of Doodles - G_6e786d/h1_The story behind Doodles' is visible

17-06-2024T18:42:06 - [MESSAGE][PASSED] - Object 'Object Repository/Page_The Story and Evolution of Doodles - G_6e786d/h1_The story behind Doodles' is visible

17-06-2024T18:42:06 - [TEST_STEP][PASSED] - verifyElementVisible(findTestObject("Object Repository/Page_The Story and Evolution of Doodles - G_6e786d/p_The first Doodle was a simple out-of-offi_345e61")): Object 'Object Repository/Page_The Story and Evolution of Doodles - G_6e786d/p_The first Doodle was a simple out-of-offi_345e61' is visible

17-06-2024T18:42:06 - [MESSAGE][PASSED] - Object 'Object Repository/Page_The Story and Evolution of Doodles - G_6e786d/p_The first Doodle was a simple out-of-offi_345e61' is visible

17-06-2024T18:42:06 - [TEST_STEP][PASSED] - verifyElementVisible(findTestObject("Object Repository/Page_The Story and Evolution of Doodles - G_6e786d/h2_Weve created more than 5,000 Doodles ove_111429")): Object 'Object Repository/Page_The Story and Evolution of Doodles - G_6e786d/h2_Weve created more than 5,000 Doodles ove_111429' is visible

17-06-2024T18:42:07 - [MESSAGE][PASSED] - Object 'Object Repository/Page_The Story and Evolution of Doodles - G_6e786d/h2_Weve created more than 5,000 Doodles ove_111429' is visible

17-06-2024T18:42:07 - [TEST_STEP][PASSED] - click(findTestObject("Object Repository/Page_The Story and Evolution of Doodles - G_6e786d/p_The first Doodle was a simple out-of-offi_345e61")): Object: 'Object Repository/Page_The Story and Evolution of Doodles - G_6e786d/p_The first Doodle was a simple out-of-offi_345e61' is clicked on

17-06-2024T18:42:07 - [MESSAGE][PASSED] - Object: 'Object Repository/Page_The Story and Evolution of Doodles - G_6e786d/p_The first Doodle was a simple out-of-offi_345e61' is clicked on

17-06-2024T18:42:07 - [TEST_STEP][PASSED] - verifyElementVisible(findTestObject("Object Repository/Page_The Story and Evolution of Doodles - G_6e786d/h1_The story behind Doodles")): Object 'Object Repository/Page_The Story and Evolution of Doodles - G_6e786d/h1_The story behind Doodles' is visible

17-06-2024T18:42:07 - [MESSAGE][PASSED] - Object 'Object Repository/Page_The Story and Evolution of Doodles - G_6e786d/h1_The story behind Doodles' is visible

17-06-2024T18:42:07 - [TEST_STEP][PASSED] - verifyElementVisible(findTestObject("Object Repository/Page_The Story and Evolution of Doodles - G_6e786d/p_The first Doodle was a simple out-of-offi_345e61")): Object 'Object Repository/Page_The Story and Evolution of Doodles - G_6e786d/p_The first Doodle was a simple out-of-offi_345e61' is visible

17-06-2024T18:42:08 - [MESSAGE][PASSED] - Object 'Object Repository/Page_The Story and Evolution of Doodles - G_6e786d/p_The first Doodle was a simple out-of-offi_345e61' is visible

17-06-2024T18:42:08 - [TEST_STEP][PASSED] - verifyElementVisible(findTestObject("Object Repository/Page_The Story and Evolution of Doodles - G_6e786d/h2_Weve created more than 5,000 Doodles ove_111429")): Object 'Object Repository/Page_The Story and Evolution of Doodles - G_6e786d/h2_Weve created more than 5,000 Doodles ove_111429' is visible

17-06-2024T18:42:08 - [MESSAGE][PASSED] - Object 'Object Repository/Page_The Story and Evolution of Doodles - G_6e786d/h2_Weve created more than 5,000 Doodles ove_111429' is visible

17-06-2024T18:42:08 - [TEST_STEP][PASSED] - click(findTestObject("Object Repository/Page_The Story and Evolution of Doodles - G_6e786d/p_The first Doodle was a simple out-of-offi_345e61")): Object: 'Object Repository/Page_The Story and Evolution of Doodles - G_6e786d/p_The first Doodle was a simple out-of-offi_345e61' is clicked on

17-06-2024T18:42:08 - [MESSAGE][PASSED] - Object: 'Object Repository/Page_The Story and Evolution of Doodles - G_6e786d/p_The first Doodle was a simple out-of-offi_345e61' is clicked on

17-06-2024T18:42:08 - [TEST_STEP][PASSED] - verifyElementVisible(findTestObject("Object Repository/Page_The Story and Evolution of Doodles - G_6e786d/h1_The story behind Doodles")): Object 'Object Repository/Page_The Story and Evolution of Doodles - G_6e786d/h1_The story behind Doodles' is visible

17-06-2024T18:42:09 - [MESSAGE][PASSED] - Object 'Object Repository/Page_The Story and Evolution of Doodles - G_6e786d/h1_The story behind Doodles' is visible

17-06-2024T18:42:09 - [TEST_STEP][PASSED] - verifyElementVisible(findTestObject("Object Repository/Page_The Story and Evolution of Doodles - G_6e786d/p_The first Doodle was a simple out-of-offi_345e61")): Object 'Object Repository/Page_The Story and Evolution of Doodles - G_6e786d/p_The first Doodle was a simple out-of-offi_345e61' is visible

17-06-2024T18:42:09 - [MESSAGE][PASSED] - Object 'Object Repository/Page_The Story and Evolution of Doodles - G_6e786d/p_The first Doodle was a simple out-of-offi_345e61' is visible

17-06-2024T18:42:09 - [TEST_STEP][PASSED] - verifyElementVisible(findTestObject("Object Repository/Page_The Story and Evolution of Doodles - G_6e786d/h2_Weve created more than 5,000 Doodles ove_111429")): Object 'Object Repository/Page_The Story and Evolution of Doodles - G_6e786d/h2_Weve created more than 5,000 Doodles ove_111429' is visible

17-06-2024T18:42:09 - [MESSAGE][PASSED] - Object 'Object Repository/Page_The Story and Evolution of Doodles - G_6e786d/h2_Weve created more than 5,000 Doodles ove_111429' is visible

17-06-2024T18:42:09 - [TEST_STEP][PASSED] - click(findTestObject("Object Repository/Page_The Story and Evolution of Doodles - G_6e786d/p_The first Doodle was a simple out-of-offi_345e61")): Object: 'Object Repository/Page_The Story and Evolution of Doodles - G_6e786d/p_The first Doodle was a simple out-of-offi_345e61' is clicked on

17-06-2024T18:42:10 - [MESSAGE][PASSED] - Object: 'Object Repository/Page_The Story and Evolution of Doodles - G_6e786d/p_The first Doodle was a simple out-of-offi_345e61' is clicked on

17-06-2024T18:42:10 - [TEST_STEP][PASSED] - verifyElementVisible(findTestObject("Object Repository/Page_The Story and Evolution of Doodles - G_6e786d/h1_The story behind Doodles")): Object 'Object Repository/Page_The Story and Evolution of Doodles - G_6e786d/h1_The story behind Doodles' is visible

17-06-2024T18:42:10 - [MESSAGE][PASSED] - Object 'Object Repository/Page_The Story and Evolution of Doodles - G_6e786d/h1_The story behind Doodles' is visible

17-06-2024T18:42:10 - [TEST_STEP][PASSED] - verifyElementVisible(findTestObject("Object Repository/Page_The Story and Evolution of Doodles - G_6e786d/p_The first Doodle was a simple out-of-offi_345e61")): Object 'Object Repository/Page_The Story and Evolution of Doodles - G_6e786d/p_The first Doodle was a simple out-of-offi_345e61' is visible

17-06-2024T18:42:11 - [MESSAGE][PASSED] - Object 'Object Repository/Page_The Story and Evolution of Doodles - G_6e786d/p_The first Doodle was a simple out-of-offi_345e61' is visible

17-06-2024T18:42:11 - [TEST_STEP][PASSED] - verifyElementVisible(findTestObject("Object Repository/Page_The Story and Evolution of Doodles - G_6e786d/h2_Weve created more than 5,000 Doodles ove_111429")): Object 'Object Repository/Page_The Story and Evolution of Doodles - G_6e786d/h2_Weve created more than 5,000 Doodles ove_111429' is visible

17-06-2024T18:42:11 - [MESSAGE][PASSED] - Object 'Object Repository/Page_The Story and Evolution of Doodles - G_6e786d/h2_Weve created more than 5,000 Doodles ove_111429' is visible

17-06-2024T18:42:11 - [TEST_STEP][PASSED] - click(findTestObject("Object Repository/Page_The Story and Evolution of Doodles - G_6e786d/p_The first Doodle was a simple out-of-offi_345e61")): Object: 'Object Repository/Page_The Story and Evolution of Doodles - G_6e786d/p_The first Doodle was a simple out-of-offi_345e61' is clicked on

17-06-2024T18:42:11 - [MESSAGE][PASSED] - Object: 'Object Repository/Page_The Story and Evolution of Doodles - G_6e786d/p_The first Doodle was a simple out-of-offi_345e61' is clicked on

17-06-2024T18:42:11 - [TEST_STEP][PASSED] - verifyElementVisible(findTestObject("Object Repository/Page_The Story and Evolution of Doodles - G_6e786d/h1_The story behind Doodles")): Object 'Object Repository/Page_The Story and Evolution of Doodles - G_6e786d/h1_The story behind Doodles' is visible

17-06-2024T18:42:11 - [MESSAGE][PASSED] - Object 'Object Repository/Page_The Story and Evolution of Doodles - G_6e786d/h1_The story behind Doodles' is visible

17-06-2024T18:42:11 - [TEST_STEP][PASSED] - verifyElementVisible(findTestObject("Object Repository/Page_The Story and Evolution of Doodles - G_6e786d/p_The first Doodle was a simple out-of-offi_345e61")): Object 'Object Repository/Page_The Story and Evolution of Doodles - G_6e786d/p_The first Doodle was a simple out-of-offi_345e61' is visible

17-06-2024T18:42:12 - [MESSAGE][PASSED] - Object 'Object Repository/Page_The Story and Evolution of Doodles - G_6e786d/p_The first Doodle was a simple out-of-offi_345e61' is visible

17-06-2024T18:42:12 - [TEST_STEP][PASSED] - verifyElementVisible(findTestObject("Object Repository/Page_The Story and Evolution of Doodles - G_6e786d/h2_Weve created more than 5,000 Doodles ove_111429")): Object 'Object Repository/Page_The Story and Evolution of Doodles - G_6e786d/h2_Weve created more than 5,000 Doodles ove_111429' is visible

17-06-2024T18:42:12 - [MESSAGE][PASSED] - Object 'Object Repository/Page_The Story and Evolution of Doodles - G_6e786d/h2_Weve created more than 5,000 Doodles ove_111429' is visible

17-06-2024T18:42:12 - [TEST_STEP][PASSED] - click(findTestObject("Object Repository/Page_The Story and Evolution of Doodles - G_6e786d/p_The first Doodle was a simple out-of-offi_345e61")): Object: 'Object Repository/Page_The Story and Evolution of Doodles - G_6e786d/p_The first Doodle was a simple out-of-offi_345e61' is clicked on

17-06-2024T18:42:12 - [MESSAGE][PASSED] - Object: 'Object Repository/Page_The Story and Evolution of Doodles - G_6e786d/p_The first Doodle was a simple out-of-offi_345e61' is clicked on

17-06-2024T18:42:12 - [TEST_STEP][PASSED] - verifyElementVisible(findTestObject("Object Repository/Page_The Story and Evolution of Doodles - G_6e786d/h1_The story behind Doodles")): Object 'Object Repository/Page_The Story and Evolution of Doodles - G_6e786d/h1_The story behind Doodles' is visible

17-06-2024T18:42:13 - [MESSAGE][PASSED] - Object 'Object Repository/Page_The Story and Evolution of Doodles - G_6e786d/h1_The story behind Doodles' is visible

17-06-2024T18:42:13 - [TEST_STEP][PASSED] - verifyElementVisible(findTestObject("Object Repository/Page_The Story and Evolution of Doodles - G_6e786d/p_The first Doodle was a simple out-of-offi_345e61")): Object 'Object Repository/Page_The Story and Evolution of Doodles - G_6e786d/p_The first Doodle was a simple out-of-offi_345e61' is visible

17-06-2024T18:42:13 - [MESSAGE][PASSED] - Object 'Object Repository/Page_The Story and Evolution of Doodles - G_6e786d/p_The first Doodle was a simple out-of-offi_345e61' is visible

17-06-2024T18:42:13 - [TEST_STEP][PASSED] - verifyElementVisible(findTestObject("Object Repository/Page_The Story and Evolution of Doodles - G_6e786d/h2_Weve created more than 5,000 Doodles ove_111429")): Object 'Object Repository/Page_The Story and Evolution of Doodles - G_6e786d/h2_Weve created more than 5,000 Doodles ove_111429' is visible

17-06-2024T18:42:13 - [MESSAGE][PASSED] - Object 'Object Repository/Page_The Story and Evolution of Doodles - G_6e786d/h2_Weve created more than 5,000 Doodles ove_111429' is visible

17-06-2024T18:42:13 - [TEST_STEP][PASSED] - click(findTestObject("Object Repository/Page_The Story and Evolution of Doodles - G_6e786d/p_The first Doodle was a simple out-of-offi_345e61")): Object: 'Object Repository/Page_The Story and Evolution of Doodles - G_6e786d/p_The first Doodle was a simple out-of-offi_345e61' is clicked on

17-06-2024T18:42:14 - [MESSAGE][PASSED] - Object: 'Object Repository/Page_The Story and Evolution of Doodles - G_6e786d/p_The first Doodle was a simple out-of-offi_345e61' is clicked on

17-06-2024T18:42:14 - [TEST_STEP][PASSED] - verifyElementVisible(findTestObject("Object Repository/Page_The Story and Evolution of Doodles - G_6e786d/h1_The story behind Doodles")): Object 'Object Repository/Page_The Story and Evolution of Doodles - G_6e786d/h1_The story behind Doodles' is visible

17-06-2024T18:42:14 - [MESSAGE][PASSED] - Object 'Object Repository/Page_The Story and Evolution of Doodles - G_6e786d/h1_The story behind Doodles' is visible

17-06-2024T18:42:14 - [TEST_STEP][PASSED] - verifyElementVisible(findTestObject("Object Repository/Page_The Story and Evolution of Doodles - G_6e786d/p_The first Doodle was a simple out-of-offi_345e61")): Object 'Object Repository/Page_The Story and Evolution of Doodles - G_6e786d/p_The first Doodle was a simple out-of-offi_345e61' is visible

17-06-2024T18:42:14 - [MESSAGE][PASSED] - Object 'Object Repository/Page_The Story and Evolution of Doodles - G_6e786d/p_The first Doodle was a simple out-of-offi_345e61' is visible

17-06-2024T18:42:14 - [TEST_STEP][PASSED] - verifyElementVisible(findTestObject("Object Repository/Page_The Story and Evolution of Doodles - G_6e786d/h2_Weve created more than 5,000 Doodles ove_111429")): Object 'Object Repository/Page_The Story and Evolution of Doodles - G_6e786d/h2_Weve created more than 5,000 Doodles ove_111429' is visible

17-06-2024T18:42:15 - [MESSAGE][PASSED] - Object 'Object Repository/Page_The Story and Evolution of Doodles - G_6e786d/h2_Weve created more than 5,000 Doodles ove_111429' is visible

17-06-2024T18:42:15 - [TEST_STEP][PASSED] - click(findTestObject("Object Repository/Page_The Story and Evolution of Doodles - G_6e786d/p_The first Doodle was a simple out-of-offi_345e61")): Object: 'Object Repository/Page_The Story and Evolution of Doodles - G_6e786d/p_The first Doodle was a simple out-of-offi_345e61' is clicked on

17-06-2024T18:42:15 - [MESSAGE][PASSED] - Object: 'Object Repository/Page_The Story and Evolution of Doodles - G_6e786d/p_The first Doodle was a simple out-of-offi_345e61' is clicked on

17-06-2024T18:42:15 - [TEST_STEP][PASSED] - verifyElementVisible(findTestObject("Object Repository/Page_The Story and Evolution of Doodles - G_6e786d/h1_The story behind Doodles")): Object 'Object Repository/Page_The Story and Evolution of Doodles - G_6e786d/h1_The story behind Doodles' is visible

17-06-2024T18:42:16 - [MESSAGE][PASSED] - Object 'Object Repository/Page_The Story and Evolution of Doodles - G_6e786d/h1_The story behind Doodles' is visible

17-06-2024T18:42:16 - [TEST_STEP][PASSED] - verifyElementVisible(findTestObject("Object Repository/Page_The Story and Evolution of Doodles - G_6e786d/p_The first Doodle was a simple out-of-offi_345e61")): Object 'Object Repository/Page_The Story and Evolution of Doodles - G_6e786d/p_The first Doodle was a simple out-of-offi_345e61' is visible

17-06-2024T18:42:16 - [MESSAGE][PASSED] - Object 'Object Repository/Page_The Story and Evolution of Doodles - G_6e786d/p_The first Doodle was a simple out-of-offi_345e61' is visible

17-06-2024T18:42:16 - [TEST_STEP][PASSED] - verifyElementVisible(findTestObject("Object Repository/Page_The Story and Evolution of Doodles - G_6e786d/h2_Weve created more than 5,000 Doodles ove_111429")): Object 'Object Repository/Page_The Story and Evolution of Doodles - G_6e786d/h2_Weve created more than 5,000 Doodles ove_111429' is visible

17-06-2024T18:42:16 - [MESSAGE][PASSED] - Object 'Object Repository/Page_The Story and Evolution of Doodles - G_6e786d/h2_Weve created more than 5,000 Doodles ove_111429' is visible

17-06-2024T18:42:16 - [TEST_STEP][PASSED] - click(findTestObject("Object Repository/Page_The Story and Evolution of Doodles - G_6e786d/p_The first Doodle was a simple out-of-offi_345e61")): Object: 'Object Repository/Page_The Story and Evolution of Doodles - G_6e786d/p_The first Doodle was a simple out-of-offi_345e61' is clicked on

17-06-2024T18:42:17 - [MESSAGE][PASSED] - Object: 'Object Repository/Page_The Story and Evolution of Doodles - G_6e786d/p_The first Doodle was a simple out-of-offi_345e61' is clicked on

17-06-2024T18:42:17 - [TEST_STEP][PASSED] - verifyElementVisible(findTestObject("Object Repository/Page_The Story and Evolution of Doodles - G_6e786d/h1_The story behind Doodles")): Object 'Object Repository/Page_The Story and Evolution of Doodles - G_6e786d/h1_The story behind Doodles' is visible

17-06-2024T18:42:17 - [MESSAGE][PASSED] - Object 'Object Repository/Page_The Story and Evolution of Doodles - G_6e786d/h1_The story behind Doodles' is visible

17-06-2024T18:42:17 - [TEST_STEP][PASSED] - verifyElementVisible(findTestObject("Object Repository/Page_The Story and Evolution of Doodles - G_6e786d/p_The first Doodle was a simple out-of-offi_345e61")): Object 'Object Repository/Page_The Story and Evolution of Doodles - G_6e786d/p_The first Doodle was a simple out-of-offi_345e61' is visible

17-06-2024T18:42:17 - [MESSAGE][PASSED] - Object 'Object Repository/Page_The Story and Evolution of Doodles - G_6e786d/p_The first Doodle was a simple out-of-offi_345e61' is visible

17-06-2024T18:42:17 - [TEST_STEP][PASSED] - verifyElementVisible(findTestObject("Object Repository/Page_The Story and Evolution of Doodles - G_6e786d/h2_Weve created more than 5,000 Doodles ove_111429")): Object 'Object Repository/Page_The Story and Evolution of Doodles - G_6e786d/h2_Weve created more than 5,000 Doodles ove_111429' is visible

17-06-2024T18:42:18 - [MESSAGE][PASSED] - Object 'Object Repository/Page_The Story and Evolution of Doodles - G_6e786d/h2_Weve created more than 5,000 Doodles ove_111429' is visible]]></system-out>
         <system-err><![CDATA[]]></system-err>
      </testcase>
      <testcase name="Test Cases/test case folder 1/tc1 - Copy (2) - Copy (5)" time="34.124" classname="Test Cases/test case folder 1/tc1 - Copy (2) - Copy (5)" status="PASSED">
         <system-out><![CDATA[17-06-2024T18:42:18 - [TEST_CASE][PASSED] - Test Cases/test case folder 1/tc1 - Copy (2) - Copy (5): Test Cases/test case folder 1/tc1 - Copy (2) - Copy (5)

17-06-2024T18:42:18 - [TEST_STEP][PASSED] - openBrowser(""): Browser is opened with url: ''

17-06-2024T18:42:18 - [MESSAGE][WARNING] - A browser is already opened. Closing browser and opening a new one

17-06-2024T18:42:18 - [MESSAGE][INFO] - Starting 'Chrome (headless)' driver

17-06-2024T18:42:18 - [MESSAGE][INFO] - Action delay is set to 0 milliseconds

17-06-2024T18:42:19 - [MESSAGE][PASSED] - Browser is opened with url: ''

17-06-2024T18:42:19 - [TEST_STEP][PASSED] - navigateToUrl("https://doodles.google/about/"): Navigate to 'https://doodles.google/about/' successfully

17-06-2024T18:42:37 - [MESSAGE][PASSED] - Navigate to 'https://doodles.google/about/' successfully

17-06-2024T18:42:37 - [TEST_STEP][PASSED] - click(findTestObject("Object Repository/Page_The Story and Evolution of Doodles - G_6e786d/p_The first Doodle was a simple out-of-offi_345e61")): Object: 'Object Repository/Page_The Story and Evolution of Doodles - G_6e786d/p_The first Doodle was a simple out-of-offi_345e61' is clicked on

17-06-2024T18:42:37 - [MESSAGE][PASSED] - Object: 'Object Repository/Page_The Story and Evolution of Doodles - G_6e786d/p_The first Doodle was a simple out-of-offi_345e61' is clicked on

17-06-2024T18:42:37 - [TEST_STEP][PASSED] - click(findTestObject("Object Repository/Page_The Story and Evolution of Doodles - G_6e786d/p_The first Doodle was a simple out-of-offi_345e61")): Object: 'Object Repository/Page_The Story and Evolution of Doodles - G_6e786d/p_The first Doodle was a simple out-of-offi_345e61' is clicked on

17-06-2024T18:42:37 - [MESSAGE][PASSED] - Object: 'Object Repository/Page_The Story and Evolution of Doodles - G_6e786d/p_The first Doodle was a simple out-of-offi_345e61' is clicked on

17-06-2024T18:42:37 - [TEST_STEP][PASSED] - verifyElementVisible(findTestObject("Object Repository/Page_The Story and Evolution of Doodles - G_6e786d/h1_The story behind Doodles")): Object 'Object Repository/Page_The Story and Evolution of Doodles - G_6e786d/h1_The story behind Doodles' is visible

17-06-2024T18:42:38 - [MESSAGE][PASSED] - Object 'Object Repository/Page_The Story and Evolution of Doodles - G_6e786d/h1_The story behind Doodles' is visible

17-06-2024T18:42:38 - [TEST_STEP][PASSED] - verifyElementVisible(findTestObject("Object Repository/Page_The Story and Evolution of Doodles - G_6e786d/p_The first Doodle was a simple out-of-offi_345e61")): Object 'Object Repository/Page_The Story and Evolution of Doodles - G_6e786d/p_The first Doodle was a simple out-of-offi_345e61' is visible

17-06-2024T18:42:38 - [MESSAGE][PASSED] - Object 'Object Repository/Page_The Story and Evolution of Doodles - G_6e786d/p_The first Doodle was a simple out-of-offi_345e61' is visible

17-06-2024T18:42:38 - [TEST_STEP][PASSED] - verifyElementVisible(findTestObject("Object Repository/Page_The Story and Evolution of Doodles - G_6e786d/h2_Weve created more than 5,000 Doodles ove_111429")): Object 'Object Repository/Page_The Story and Evolution of Doodles - G_6e786d/h2_Weve created more than 5,000 Doodles ove_111429' is visible

17-06-2024T18:42:39 - [MESSAGE][PASSED] - Object 'Object Repository/Page_The Story and Evolution of Doodles - G_6e786d/h2_Weve created more than 5,000 Doodles ove_111429' is visible

17-06-2024T18:42:39 - [TEST_STEP][PASSED] - verifyElementVisible(findTestObject("Object Repository/Page_The Story and Evolution of Doodles - G_6e786d/h1_The story behind Doodles")): Object 'Object Repository/Page_The Story and Evolution of Doodles - G_6e786d/h1_The story behind Doodles' is visible

17-06-2024T18:42:39 - [MESSAGE][PASSED] - Object 'Object Repository/Page_The Story and Evolution of Doodles - G_6e786d/h1_The story behind Doodles' is visible

17-06-2024T18:42:39 - [TEST_STEP][PASSED] - verifyElementVisible(findTestObject("Object Repository/Page_The Story and Evolution of Doodles - G_6e786d/p_The first Doodle was a simple out-of-offi_345e61")): Object 'Object Repository/Page_The Story and Evolution of Doodles - G_6e786d/p_The first Doodle was a simple out-of-offi_345e61' is visible

17-06-2024T18:42:39 - [MESSAGE][PASSED] - Object 'Object Repository/Page_The Story and Evolution of Doodles - G_6e786d/p_The first Doodle was a simple out-of-offi_345e61' is visible

17-06-2024T18:42:39 - [TEST_STEP][PASSED] - verifyElementVisible(findTestObject("Object Repository/Page_The Story and Evolution of Doodles - G_6e786d/h2_Weve created more than 5,000 Doodles ove_111429")): Object 'Object Repository/Page_The Story and Evolution of Doodles - G_6e786d/h2_Weve created more than 5,000 Doodles ove_111429' is visible

17-06-2024T18:42:40 - [MESSAGE][PASSED] - Object 'Object Repository/Page_The Story and Evolution of Doodles - G_6e786d/h2_Weve created more than 5,000 Doodles ove_111429' is visible

17-06-2024T18:42:40 - [TEST_STEP][PASSED] - click(findTestObject("Object Repository/Page_The Story and Evolution of Doodles - G_6e786d/p_The first Doodle was a simple out-of-offi_345e61")): Object: 'Object Repository/Page_The Story and Evolution of Doodles - G_6e786d/p_The first Doodle was a simple out-of-offi_345e61' is clicked on

17-06-2024T18:42:40 - [MESSAGE][PASSED] - Object: 'Object Repository/Page_The Story and Evolution of Doodles - G_6e786d/p_The first Doodle was a simple out-of-offi_345e61' is clicked on

17-06-2024T18:42:40 - [TEST_STEP][PASSED] - verifyElementVisible(findTestObject("Object Repository/Page_The Story and Evolution of Doodles - G_6e786d/h1_The story behind Doodles")): Object 'Object Repository/Page_The Story and Evolution of Doodles - G_6e786d/h1_The story behind Doodles' is visible

17-06-2024T18:42:40 - [MESSAGE][PASSED] - Object 'Object Repository/Page_The Story and Evolution of Doodles - G_6e786d/h1_The story behind Doodles' is visible

17-06-2024T18:42:40 - [TEST_STEP][PASSED] - verifyElementVisible(findTestObject("Object Repository/Page_The Story and Evolution of Doodles - G_6e786d/p_The first Doodle was a simple out-of-offi_345e61")): Object 'Object Repository/Page_The Story and Evolution of Doodles - G_6e786d/p_The first Doodle was a simple out-of-offi_345e61' is visible

17-06-2024T18:42:41 - [MESSAGE][PASSED] - Object 'Object Repository/Page_The Story and Evolution of Doodles - G_6e786d/p_The first Doodle was a simple out-of-offi_345e61' is visible

17-06-2024T18:42:41 - [TEST_STEP][PASSED] - verifyElementVisible(findTestObject("Object Repository/Page_The Story and Evolution of Doodles - G_6e786d/h2_Weve created more than 5,000 Doodles ove_111429")): Object 'Object Repository/Page_The Story and Evolution of Doodles - G_6e786d/h2_Weve created more than 5,000 Doodles ove_111429' is visible

17-06-2024T18:42:41 - [MESSAGE][PASSED] - Object 'Object Repository/Page_The Story and Evolution of Doodles - G_6e786d/h2_Weve created more than 5,000 Doodles ove_111429' is visible

17-06-2024T18:42:41 - [TEST_STEP][PASSED] - click(findTestObject("Object Repository/Page_The Story and Evolution of Doodles - G_6e786d/p_The first Doodle was a simple out-of-offi_345e61")): Object: 'Object Repository/Page_The Story and Evolution of Doodles - G_6e786d/p_The first Doodle was a simple out-of-offi_345e61' is clicked on

17-06-2024T18:42:41 - [MESSAGE][PASSED] - Object: 'Object Repository/Page_The Story and Evolution of Doodles - G_6e786d/p_The first Doodle was a simple out-of-offi_345e61' is clicked on

17-06-2024T18:42:41 - [TEST_STEP][PASSED] - verifyElementVisible(findTestObject("Object Repository/Page_The Story and Evolution of Doodles - G_6e786d/h1_The story behind Doodles")): Object 'Object Repository/Page_The Story and Evolution of Doodles - G_6e786d/h1_The story behind Doodles' is visible

17-06-2024T18:42:42 - [MESSAGE][PASSED] - Object 'Object Repository/Page_The Story and Evolution of Doodles - G_6e786d/h1_The story behind Doodles' is visible

17-06-2024T18:42:42 - [TEST_STEP][PASSED] - verifyElementVisible(findTestObject("Object Repository/Page_The Story and Evolution of Doodles - G_6e786d/p_The first Doodle was a simple out-of-offi_345e61")): Object 'Object Repository/Page_The Story and Evolution of Doodles - G_6e786d/p_The first Doodle was a simple out-of-offi_345e61' is visible

17-06-2024T18:42:42 - [MESSAGE][PASSED] - Object 'Object Repository/Page_The Story and Evolution of Doodles - G_6e786d/p_The first Doodle was a simple out-of-offi_345e61' is visible

17-06-2024T18:42:42 - [TEST_STEP][PASSED] - verifyElementVisible(findTestObject("Object Repository/Page_The Story and Evolution of Doodles - G_6e786d/h2_Weve created more than 5,000 Doodles ove_111429")): Object 'Object Repository/Page_The Story and Evolution of Doodles - G_6e786d/h2_Weve created more than 5,000 Doodles ove_111429' is visible

17-06-2024T18:42:42 - [MESSAGE][PASSED] - Object 'Object Repository/Page_The Story and Evolution of Doodles - G_6e786d/h2_Weve created more than 5,000 Doodles ove_111429' is visible

17-06-2024T18:42:42 - [TEST_STEP][PASSED] - click(findTestObject("Object Repository/Page_The Story and Evolution of Doodles - G_6e786d/p_The first Doodle was a simple out-of-offi_345e61")): Object: 'Object Repository/Page_The Story and Evolution of Doodles - G_6e786d/p_The first Doodle was a simple out-of-offi_345e61' is clicked on

17-06-2024T18:42:43 - [MESSAGE][PASSED] - Object: 'Object Repository/Page_The Story and Evolution of Doodles - G_6e786d/p_The first Doodle was a simple out-of-offi_345e61' is clicked on

17-06-2024T18:42:43 - [TEST_STEP][PASSED] - verifyElementVisible(findTestObject("Object Repository/Page_The Story and Evolution of Doodles - G_6e786d/h1_The story behind Doodles")): Object 'Object Repository/Page_The Story and Evolution of Doodles - G_6e786d/h1_The story behind Doodles' is visible

17-06-2024T18:42:43 - [MESSAGE][PASSED] - Object 'Object Repository/Page_The Story and Evolution of Doodles - G_6e786d/h1_The story behind Doodles' is visible

17-06-2024T18:42:43 - [TEST_STEP][PASSED] - verifyElementVisible(findTestObject("Object Repository/Page_The Story and Evolution of Doodles - G_6e786d/p_The first Doodle was a simple out-of-offi_345e61")): Object 'Object Repository/Page_The Story and Evolution of Doodles - G_6e786d/p_The first Doodle was a simple out-of-offi_345e61' is visible

17-06-2024T18:42:43 - [MESSAGE][PASSED] - Object 'Object Repository/Page_The Story and Evolution of Doodles - G_6e786d/p_The first Doodle was a simple out-of-offi_345e61' is visible

17-06-2024T18:42:43 - [TEST_STEP][PASSED] - verifyElementVisible(findTestObject("Object Repository/Page_The Story and Evolution of Doodles - G_6e786d/h2_Weve created more than 5,000 Doodles ove_111429")): Object 'Object Repository/Page_The Story and Evolution of Doodles - G_6e786d/h2_Weve created more than 5,000 Doodles ove_111429' is visible

17-06-2024T18:42:44 - [MESSAGE][PASSED] - Object 'Object Repository/Page_The Story and Evolution of Doodles - G_6e786d/h2_Weve created more than 5,000 Doodles ove_111429' is visible

17-06-2024T18:42:44 - [TEST_STEP][PASSED] - click(findTestObject("Object Repository/Page_The Story and Evolution of Doodles - G_6e786d/p_The first Doodle was a simple out-of-offi_345e61")): Object: 'Object Repository/Page_The Story and Evolution of Doodles - G_6e786d/p_The first Doodle was a simple out-of-offi_345e61' is clicked on

17-06-2024T18:42:44 - [MESSAGE][PASSED] - Object: 'Object Repository/Page_The Story and Evolution of Doodles - G_6e786d/p_The first Doodle was a simple out-of-offi_345e61' is clicked on

17-06-2024T18:42:44 - [TEST_STEP][PASSED] - verifyElementVisible(findTestObject("Object Repository/Page_The Story and Evolution of Doodles - G_6e786d/h1_The story behind Doodles")): Object 'Object Repository/Page_The Story and Evolution of Doodles - G_6e786d/h1_The story behind Doodles' is visible

17-06-2024T18:42:44 - [MESSAGE][PASSED] - Object 'Object Repository/Page_The Story and Evolution of Doodles - G_6e786d/h1_The story behind Doodles' is visible

17-06-2024T18:42:44 - [TEST_STEP][PASSED] - verifyElementVisible(findTestObject("Object Repository/Page_The Story and Evolution of Doodles - G_6e786d/p_The first Doodle was a simple out-of-offi_345e61")): Object 'Object Repository/Page_The Story and Evolution of Doodles - G_6e786d/p_The first Doodle was a simple out-of-offi_345e61' is visible

17-06-2024T18:42:45 - [MESSAGE][PASSED] - Object 'Object Repository/Page_The Story and Evolution of Doodles - G_6e786d/p_The first Doodle was a simple out-of-offi_345e61' is visible

17-06-2024T18:42:45 - [TEST_STEP][PASSED] - verifyElementVisible(findTestObject("Object Repository/Page_The Story and Evolution of Doodles - G_6e786d/h2_Weve created more than 5,000 Doodles ove_111429")): Object 'Object Repository/Page_The Story and Evolution of Doodles - G_6e786d/h2_Weve created more than 5,000 Doodles ove_111429' is visible

17-06-2024T18:42:45 - [MESSAGE][PASSED] - Object 'Object Repository/Page_The Story and Evolution of Doodles - G_6e786d/h2_Weve created more than 5,000 Doodles ove_111429' is visible

17-06-2024T18:42:45 - [TEST_STEP][PASSED] - click(findTestObject("Object Repository/Page_The Story and Evolution of Doodles - G_6e786d/p_The first Doodle was a simple out-of-offi_345e61")): Object: 'Object Repository/Page_The Story and Evolution of Doodles - G_6e786d/p_The first Doodle was a simple out-of-offi_345e61' is clicked on

17-06-2024T18:42:45 - [MESSAGE][PASSED] - Object: 'Object Repository/Page_The Story and Evolution of Doodles - G_6e786d/p_The first Doodle was a simple out-of-offi_345e61' is clicked on

17-06-2024T18:42:45 - [TEST_STEP][PASSED] - verifyElementVisible(findTestObject("Object Repository/Page_The Story and Evolution of Doodles - G_6e786d/h1_The story behind Doodles")): Object 'Object Repository/Page_The Story and Evolution of Doodles - G_6e786d/h1_The story behind Doodles' is visible

17-06-2024T18:42:46 - [MESSAGE][PASSED] - Object 'Object Repository/Page_The Story and Evolution of Doodles - G_6e786d/h1_The story behind Doodles' is visible

17-06-2024T18:42:46 - [TEST_STEP][PASSED] - verifyElementVisible(findTestObject("Object Repository/Page_The Story and Evolution of Doodles - G_6e786d/p_The first Doodle was a simple out-of-offi_345e61")): Object 'Object Repository/Page_The Story and Evolution of Doodles - G_6e786d/p_The first Doodle was a simple out-of-offi_345e61' is visible

17-06-2024T18:42:46 - [MESSAGE][PASSED] - Object 'Object Repository/Page_The Story and Evolution of Doodles - G_6e786d/p_The first Doodle was a simple out-of-offi_345e61' is visible

17-06-2024T18:42:46 - [TEST_STEP][PASSED] - verifyElementVisible(findTestObject("Object Repository/Page_The Story and Evolution of Doodles - G_6e786d/h2_Weve created more than 5,000 Doodles ove_111429")): Object 'Object Repository/Page_The Story and Evolution of Doodles - G_6e786d/h2_Weve created more than 5,000 Doodles ove_111429' is visible

17-06-2024T18:42:46 - [MESSAGE][PASSED] - Object 'Object Repository/Page_The Story and Evolution of Doodles - G_6e786d/h2_Weve created more than 5,000 Doodles ove_111429' is visible

17-06-2024T18:42:46 - [TEST_STEP][PASSED] - click(findTestObject("Object Repository/Page_The Story and Evolution of Doodles - G_6e786d/p_The first Doodle was a simple out-of-offi_345e61")): Object: 'Object Repository/Page_The Story and Evolution of Doodles - G_6e786d/p_The first Doodle was a simple out-of-offi_345e61' is clicked on

17-06-2024T18:42:47 - [MESSAGE][PASSED] - Object: 'Object Repository/Page_The Story and Evolution of Doodles - G_6e786d/p_The first Doodle was a simple out-of-offi_345e61' is clicked on

17-06-2024T18:42:47 - [TEST_STEP][PASSED] - verifyElementVisible(findTestObject("Object Repository/Page_The Story and Evolution of Doodles - G_6e786d/h1_The story behind Doodles")): Object 'Object Repository/Page_The Story and Evolution of Doodles - G_6e786d/h1_The story behind Doodles' is visible

17-06-2024T18:42:47 - [MESSAGE][PASSED] - Object 'Object Repository/Page_The Story and Evolution of Doodles - G_6e786d/h1_The story behind Doodles' is visible

17-06-2024T18:42:47 - [TEST_STEP][PASSED] - verifyElementVisible(findTestObject("Object Repository/Page_The Story and Evolution of Doodles - G_6e786d/p_The first Doodle was a simple out-of-offi_345e61")): Object 'Object Repository/Page_The Story and Evolution of Doodles - G_6e786d/p_The first Doodle was a simple out-of-offi_345e61' is visible

17-06-2024T18:42:47 - [MESSAGE][PASSED] - Object 'Object Repository/Page_The Story and Evolution of Doodles - G_6e786d/p_The first Doodle was a simple out-of-offi_345e61' is visible

17-06-2024T18:42:47 - [TEST_STEP][PASSED] - verifyElementVisible(findTestObject("Object Repository/Page_The Story and Evolution of Doodles - G_6e786d/h2_Weve created more than 5,000 Doodles ove_111429")): Object 'Object Repository/Page_The Story and Evolution of Doodles - G_6e786d/h2_Weve created more than 5,000 Doodles ove_111429' is visible

17-06-2024T18:42:48 - [MESSAGE][PASSED] - Object 'Object Repository/Page_The Story and Evolution of Doodles - G_6e786d/h2_Weve created more than 5,000 Doodles ove_111429' is visible

17-06-2024T18:42:48 - [TEST_STEP][PASSED] - click(findTestObject("Object Repository/Page_The Story and Evolution of Doodles - G_6e786d/p_The first Doodle was a simple out-of-offi_345e61")): Object: 'Object Repository/Page_The Story and Evolution of Doodles - G_6e786d/p_The first Doodle was a simple out-of-offi_345e61' is clicked on

17-06-2024T18:42:48 - [MESSAGE][PASSED] - Object: 'Object Repository/Page_The Story and Evolution of Doodles - G_6e786d/p_The first Doodle was a simple out-of-offi_345e61' is clicked on

17-06-2024T18:42:48 - [TEST_STEP][PASSED] - verifyElementVisible(findTestObject("Object Repository/Page_The Story and Evolution of Doodles - G_6e786d/h1_The story behind Doodles")): Object 'Object Repository/Page_The Story and Evolution of Doodles - G_6e786d/h1_The story behind Doodles' is visible

17-06-2024T18:42:48 - [MESSAGE][PASSED] - Object 'Object Repository/Page_The Story and Evolution of Doodles - G_6e786d/h1_The story behind Doodles' is visible

17-06-2024T18:42:48 - [TEST_STEP][PASSED] - verifyElementVisible(findTestObject("Object Repository/Page_The Story and Evolution of Doodles - G_6e786d/p_The first Doodle was a simple out-of-offi_345e61")): Object 'Object Repository/Page_The Story and Evolution of Doodles - G_6e786d/p_The first Doodle was a simple out-of-offi_345e61' is visible

17-06-2024T18:42:49 - [MESSAGE][PASSED] - Object 'Object Repository/Page_The Story and Evolution of Doodles - G_6e786d/p_The first Doodle was a simple out-of-offi_345e61' is visible

17-06-2024T18:42:49 - [TEST_STEP][PASSED] - verifyElementVisible(findTestObject("Object Repository/Page_The Story and Evolution of Doodles - G_6e786d/h2_Weve created more than 5,000 Doodles ove_111429")): Object 'Object Repository/Page_The Story and Evolution of Doodles - G_6e786d/h2_Weve created more than 5,000 Doodles ove_111429' is visible

17-06-2024T18:42:49 - [MESSAGE][PASSED] - Object 'Object Repository/Page_The Story and Evolution of Doodles - G_6e786d/h2_Weve created more than 5,000 Doodles ove_111429' is visible

17-06-2024T18:42:49 - [TEST_STEP][PASSED] - click(findTestObject("Object Repository/Page_The Story and Evolution of Doodles - G_6e786d/p_The first Doodle was a simple out-of-offi_345e61")): Object: 'Object Repository/Page_The Story and Evolution of Doodles - G_6e786d/p_The first Doodle was a simple out-of-offi_345e61' is clicked on

17-06-2024T18:42:49 - [MESSAGE][PASSED] - Object: 'Object Repository/Page_The Story and Evolution of Doodles - G_6e786d/p_The first Doodle was a simple out-of-offi_345e61' is clicked on

17-06-2024T18:42:49 - [TEST_STEP][PASSED] - verifyElementVisible(findTestObject("Object Repository/Page_The Story and Evolution of Doodles - G_6e786d/h1_The story behind Doodles")): Object 'Object Repository/Page_The Story and Evolution of Doodles - G_6e786d/h1_The story behind Doodles' is visible

17-06-2024T18:42:50 - [MESSAGE][PASSED] - Object 'Object Repository/Page_The Story and Evolution of Doodles - G_6e786d/h1_The story behind Doodles' is visible

17-06-2024T18:42:50 - [TEST_STEP][PASSED] - verifyElementVisible(findTestObject("Object Repository/Page_The Story and Evolution of Doodles - G_6e786d/p_The first Doodle was a simple out-of-offi_345e61")): Object 'Object Repository/Page_The Story and Evolution of Doodles - G_6e786d/p_The first Doodle was a simple out-of-offi_345e61' is visible

17-06-2024T18:42:50 - [MESSAGE][PASSED] - Object 'Object Repository/Page_The Story and Evolution of Doodles - G_6e786d/p_The first Doodle was a simple out-of-offi_345e61' is visible

17-06-2024T18:42:50 - [TEST_STEP][PASSED] - verifyElementVisible(findTestObject("Object Repository/Page_The Story and Evolution of Doodles - G_6e786d/h2_Weve created more than 5,000 Doodles ove_111429")): Object 'Object Repository/Page_The Story and Evolution of Doodles - G_6e786d/h2_Weve created more than 5,000 Doodles ove_111429' is visible

17-06-2024T18:42:50 - [MESSAGE][PASSED] - Object 'Object Repository/Page_The Story and Evolution of Doodles - G_6e786d/h2_Weve created more than 5,000 Doodles ove_111429' is visible

17-06-2024T18:42:50 - [TEST_STEP][PASSED] - click(findTestObject("Object Repository/Page_The Story and Evolution of Doodles - G_6e786d/p_The first Doodle was a simple out-of-offi_345e61")): Object: 'Object Repository/Page_The Story and Evolution of Doodles - G_6e786d/p_The first Doodle was a simple out-of-offi_345e61' is clicked on

17-06-2024T18:42:51 - [MESSAGE][PASSED] - Object: 'Object Repository/Page_The Story and Evolution of Doodles - G_6e786d/p_The first Doodle was a simple out-of-offi_345e61' is clicked on

17-06-2024T18:42:51 - [TEST_STEP][PASSED] - verifyElementVisible(findTestObject("Object Repository/Page_The Story and Evolution of Doodles - G_6e786d/h1_The story behind Doodles")): Object 'Object Repository/Page_The Story and Evolution of Doodles - G_6e786d/h1_The story behind Doodles' is visible

17-06-2024T18:42:51 - [MESSAGE][PASSED] - Object 'Object Repository/Page_The Story and Evolution of Doodles - G_6e786d/h1_The story behind Doodles' is visible

17-06-2024T18:42:51 - [TEST_STEP][PASSED] - verifyElementVisible(findTestObject("Object Repository/Page_The Story and Evolution of Doodles - G_6e786d/p_The first Doodle was a simple out-of-offi_345e61")): Object 'Object Repository/Page_The Story and Evolution of Doodles - G_6e786d/p_The first Doodle was a simple out-of-offi_345e61' is visible

17-06-2024T18:42:51 - [MESSAGE][PASSED] - Object 'Object Repository/Page_The Story and Evolution of Doodles - G_6e786d/p_The first Doodle was a simple out-of-offi_345e61' is visible

17-06-2024T18:42:51 - [TEST_STEP][PASSED] - verifyElementVisible(findTestObject("Object Repository/Page_The Story and Evolution of Doodles - G_6e786d/h2_Weve created more than 5,000 Doodles ove_111429")): Object 'Object Repository/Page_The Story and Evolution of Doodles - G_6e786d/h2_Weve created more than 5,000 Doodles ove_111429' is visible

17-06-2024T18:42:52 - [MESSAGE][PASSED] - Object 'Object Repository/Page_The Story and Evolution of Doodles - G_6e786d/h2_Weve created more than 5,000 Doodles ove_111429' is visible]]></system-out>
         <system-err><![CDATA[]]></system-err>
      </testcase>
      <testcase name="Test Cases/test case folder 1/tc1 - Copy (2) - Copy (6)" time="19.402" classname="Test Cases/test case folder 1/tc1 - Copy (2) - Copy (6)" status="PASSED">
         <system-out><![CDATA[17-06-2024T18:42:52 - [TEST_CASE][PASSED] - Test Cases/test case folder 1/tc1 - Copy (2) - Copy (6): Test Cases/test case folder 1/tc1 - Copy (2) - Copy (6)

17-06-2024T18:42:52 - [TEST_STEP][PASSED] - openBrowser(""): Browser is opened with url: ''

17-06-2024T18:42:52 - [MESSAGE][WARNING] - A browser is already opened. Closing browser and opening a new one

17-06-2024T18:42:52 - [MESSAGE][INFO] - Starting 'Chrome (headless)' driver

17-06-2024T18:42:52 - [MESSAGE][INFO] - Action delay is set to 0 milliseconds

17-06-2024T18:42:54 - [MESSAGE][PASSED] - Browser is opened with url: ''

17-06-2024T18:42:54 - [TEST_STEP][PASSED] - navigateToUrl("https://doodles.google/about/"): Navigate to 'https://doodles.google/about/' successfully

17-06-2024T18:42:56 - [MESSAGE][PASSED] - Navigate to 'https://doodles.google/about/' successfully

17-06-2024T18:42:56 - [TEST_STEP][PASSED] - click(findTestObject("Object Repository/Page_The Story and Evolution of Doodles - G_6e786d/p_The first Doodle was a simple out-of-offi_345e61")): Object: 'Object Repository/Page_The Story and Evolution of Doodles - G_6e786d/p_The first Doodle was a simple out-of-offi_345e61' is clicked on

17-06-2024T18:42:57 - [MESSAGE][PASSED] - Object: 'Object Repository/Page_The Story and Evolution of Doodles - G_6e786d/p_The first Doodle was a simple out-of-offi_345e61' is clicked on

17-06-2024T18:42:57 - [TEST_STEP][PASSED] - click(findTestObject("Object Repository/Page_The Story and Evolution of Doodles - G_6e786d/p_The first Doodle was a simple out-of-offi_345e61")): Object: 'Object Repository/Page_The Story and Evolution of Doodles - G_6e786d/p_The first Doodle was a simple out-of-offi_345e61' is clicked on

17-06-2024T18:42:57 - [MESSAGE][PASSED] - Object: 'Object Repository/Page_The Story and Evolution of Doodles - G_6e786d/p_The first Doodle was a simple out-of-offi_345e61' is clicked on

17-06-2024T18:42:57 - [TEST_STEP][PASSED] - verifyElementVisible(findTestObject("Object Repository/Page_The Story and Evolution of Doodles - G_6e786d/h1_The story behind Doodles")): Object 'Object Repository/Page_The Story and Evolution of Doodles - G_6e786d/h1_The story behind Doodles' is visible

17-06-2024T18:42:57 - [MESSAGE][PASSED] - Object 'Object Repository/Page_The Story and Evolution of Doodles - G_6e786d/h1_The story behind Doodles' is visible

17-06-2024T18:42:57 - [TEST_STEP][PASSED] - verifyElementVisible(findTestObject("Object Repository/Page_The Story and Evolution of Doodles - G_6e786d/p_The first Doodle was a simple out-of-offi_345e61")): Object 'Object Repository/Page_The Story and Evolution of Doodles - G_6e786d/p_The first Doodle was a simple out-of-offi_345e61' is visible

17-06-2024T18:42:58 - [MESSAGE][PASSED] - Object 'Object Repository/Page_The Story and Evolution of Doodles - G_6e786d/p_The first Doodle was a simple out-of-offi_345e61' is visible

17-06-2024T18:42:58 - [TEST_STEP][PASSED] - verifyElementVisible(findTestObject("Object Repository/Page_The Story and Evolution of Doodles - G_6e786d/h2_Weve created more than 5,000 Doodles ove_111429")): Object 'Object Repository/Page_The Story and Evolution of Doodles - G_6e786d/h2_Weve created more than 5,000 Doodles ove_111429' is visible

17-06-2024T18:42:58 - [MESSAGE][PASSED] - Object 'Object Repository/Page_The Story and Evolution of Doodles - G_6e786d/h2_Weve created more than 5,000 Doodles ove_111429' is visible

17-06-2024T18:42:58 - [TEST_STEP][PASSED] - verifyElementVisible(findTestObject("Object Repository/Page_The Story and Evolution of Doodles - G_6e786d/h1_The story behind Doodles")): Object 'Object Repository/Page_The Story and Evolution of Doodles - G_6e786d/h1_The story behind Doodles' is visible

17-06-2024T18:42:58 - [MESSAGE][PASSED] - Object 'Object Repository/Page_The Story and Evolution of Doodles - G_6e786d/h1_The story behind Doodles' is visible

17-06-2024T18:42:58 - [TEST_STEP][PASSED] - verifyElementVisible(findTestObject("Object Repository/Page_The Story and Evolution of Doodles - G_6e786d/p_The first Doodle was a simple out-of-offi_345e61")): Object 'Object Repository/Page_The Story and Evolution of Doodles - G_6e786d/p_The first Doodle was a simple out-of-offi_345e61' is visible

17-06-2024T18:42:59 - [MESSAGE][PASSED] - Object 'Object Repository/Page_The Story and Evolution of Doodles - G_6e786d/p_The first Doodle was a simple out-of-offi_345e61' is visible

17-06-2024T18:42:59 - [TEST_STEP][PASSED] - verifyElementVisible(findTestObject("Object Repository/Page_The Story and Evolution of Doodles - G_6e786d/h2_Weve created more than 5,000 Doodles ove_111429")): Object 'Object Repository/Page_The Story and Evolution of Doodles - G_6e786d/h2_Weve created more than 5,000 Doodles ove_111429' is visible

17-06-2024T18:42:59 - [MESSAGE][PASSED] - Object 'Object Repository/Page_The Story and Evolution of Doodles - G_6e786d/h2_Weve created more than 5,000 Doodles ove_111429' is visible

17-06-2024T18:42:59 - [TEST_STEP][PASSED] - click(findTestObject("Object Repository/Page_The Story and Evolution of Doodles - G_6e786d/p_The first Doodle was a simple out-of-offi_345e61")): Object: 'Object Repository/Page_The Story and Evolution of Doodles - G_6e786d/p_The first Doodle was a simple out-of-offi_345e61' is clicked on

17-06-2024T18:42:59 - [MESSAGE][PASSED] - Object: 'Object Repository/Page_The Story and Evolution of Doodles - G_6e786d/p_The first Doodle was a simple out-of-offi_345e61' is clicked on

17-06-2024T18:42:59 - [TEST_STEP][PASSED] - verifyElementVisible(findTestObject("Object Repository/Page_The Story and Evolution of Doodles - G_6e786d/h1_The story behind Doodles")): Object 'Object Repository/Page_The Story and Evolution of Doodles - G_6e786d/h1_The story behind Doodles' is visible

17-06-2024T18:43:00 - [MESSAGE][PASSED] - Object 'Object Repository/Page_The Story and Evolution of Doodles - G_6e786d/h1_The story behind Doodles' is visible

17-06-2024T18:43:00 - [TEST_STEP][PASSED] - verifyElementVisible(findTestObject("Object Repository/Page_The Story and Evolution of Doodles - G_6e786d/p_The first Doodle was a simple out-of-offi_345e61")): Object 'Object Repository/Page_The Story and Evolution of Doodles - G_6e786d/p_The first Doodle was a simple out-of-offi_345e61' is visible

17-06-2024T18:43:00 - [MESSAGE][PASSED] - Object 'Object Repository/Page_The Story and Evolution of Doodles - G_6e786d/p_The first Doodle was a simple out-of-offi_345e61' is visible

17-06-2024T18:43:00 - [TEST_STEP][PASSED] - verifyElementVisible(findTestObject("Object Repository/Page_The Story and Evolution of Doodles - G_6e786d/h2_Weve created more than 5,000 Doodles ove_111429")): Object 'Object Repository/Page_The Story and Evolution of Doodles - G_6e786d/h2_Weve created more than 5,000 Doodles ove_111429' is visible

17-06-2024T18:43:00 - [MESSAGE][PASSED] - Object 'Object Repository/Page_The Story and Evolution of Doodles - G_6e786d/h2_Weve created more than 5,000 Doodles ove_111429' is visible

17-06-2024T18:43:00 - [TEST_STEP][PASSED] - click(findTestObject("Object Repository/Page_The Story and Evolution of Doodles - G_6e786d/p_The first Doodle was a simple out-of-offi_345e61")): Object: 'Object Repository/Page_The Story and Evolution of Doodles - G_6e786d/p_The first Doodle was a simple out-of-offi_345e61' is clicked on

17-06-2024T18:43:01 - [MESSAGE][PASSED] - Object: 'Object Repository/Page_The Story and Evolution of Doodles - G_6e786d/p_The first Doodle was a simple out-of-offi_345e61' is clicked on

17-06-2024T18:43:01 - [TEST_STEP][PASSED] - verifyElementVisible(findTestObject("Object Repository/Page_The Story and Evolution of Doodles - G_6e786d/h1_The story behind Doodles")): Object 'Object Repository/Page_The Story and Evolution of Doodles - G_6e786d/h1_The story behind Doodles' is visible

17-06-2024T18:43:01 - [MESSAGE][PASSED] - Object 'Object Repository/Page_The Story and Evolution of Doodles - G_6e786d/h1_The story behind Doodles' is visible

17-06-2024T18:43:01 - [TEST_STEP][PASSED] - verifyElementVisible(findTestObject("Object Repository/Page_The Story and Evolution of Doodles - G_6e786d/p_The first Doodle was a simple out-of-offi_345e61")): Object 'Object Repository/Page_The Story and Evolution of Doodles - G_6e786d/p_The first Doodle was a simple out-of-offi_345e61' is visible

17-06-2024T18:43:01 - [MESSAGE][PASSED] - Object 'Object Repository/Page_The Story and Evolution of Doodles - G_6e786d/p_The first Doodle was a simple out-of-offi_345e61' is visible

17-06-2024T18:43:01 - [TEST_STEP][PASSED] - verifyElementVisible(findTestObject("Object Repository/Page_The Story and Evolution of Doodles - G_6e786d/h2_Weve created more than 5,000 Doodles ove_111429")): Object 'Object Repository/Page_The Story and Evolution of Doodles - G_6e786d/h2_Weve created more than 5,000 Doodles ove_111429' is visible

17-06-2024T18:43:02 - [MESSAGE][PASSED] - Object 'Object Repository/Page_The Story and Evolution of Doodles - G_6e786d/h2_Weve created more than 5,000 Doodles ove_111429' is visible

17-06-2024T18:43:02 - [TEST_STEP][PASSED] - click(findTestObject("Object Repository/Page_The Story and Evolution of Doodles - G_6e786d/p_The first Doodle was a simple out-of-offi_345e61")): Object: 'Object Repository/Page_The Story and Evolution of Doodles - G_6e786d/p_The first Doodle was a simple out-of-offi_345e61' is clicked on

17-06-2024T18:43:02 - [MESSAGE][PASSED] - Object: 'Object Repository/Page_The Story and Evolution of Doodles - G_6e786d/p_The first Doodle was a simple out-of-offi_345e61' is clicked on

17-06-2024T18:43:02 - [TEST_STEP][PASSED] - verifyElementVisible(findTestObject("Object Repository/Page_The Story and Evolution of Doodles - G_6e786d/h1_The story behind Doodles")): Object 'Object Repository/Page_The Story and Evolution of Doodles - G_6e786d/h1_The story behind Doodles' is visible

17-06-2024T18:43:02 - [MESSAGE][PASSED] - Object 'Object Repository/Page_The Story and Evolution of Doodles - G_6e786d/h1_The story behind Doodles' is visible

17-06-2024T18:43:02 - [TEST_STEP][PASSED] - verifyElementVisible(findTestObject("Object Repository/Page_The Story and Evolution of Doodles - G_6e786d/p_The first Doodle was a simple out-of-offi_345e61")): Object 'Object Repository/Page_The Story and Evolution of Doodles - G_6e786d/p_The first Doodle was a simple out-of-offi_345e61' is visible

17-06-2024T18:43:03 - [MESSAGE][PASSED] - Object 'Object Repository/Page_The Story and Evolution of Doodles - G_6e786d/p_The first Doodle was a simple out-of-offi_345e61' is visible

17-06-2024T18:43:03 - [TEST_STEP][PASSED] - verifyElementVisible(findTestObject("Object Repository/Page_The Story and Evolution of Doodles - G_6e786d/h2_Weve created more than 5,000 Doodles ove_111429")): Object 'Object Repository/Page_The Story and Evolution of Doodles - G_6e786d/h2_Weve created more than 5,000 Doodles ove_111429' is visible

17-06-2024T18:43:03 - [MESSAGE][PASSED] - Object 'Object Repository/Page_The Story and Evolution of Doodles - G_6e786d/h2_Weve created more than 5,000 Doodles ove_111429' is visible

17-06-2024T18:43:03 - [TEST_STEP][PASSED] - click(findTestObject("Object Repository/Page_The Story and Evolution of Doodles - G_6e786d/p_The first Doodle was a simple out-of-offi_345e61")): Object: 'Object Repository/Page_The Story and Evolution of Doodles - G_6e786d/p_The first Doodle was a simple out-of-offi_345e61' is clicked on

17-06-2024T18:43:03 - [MESSAGE][PASSED] - Object: 'Object Repository/Page_The Story and Evolution of Doodles - G_6e786d/p_The first Doodle was a simple out-of-offi_345e61' is clicked on

17-06-2024T18:43:03 - [TEST_STEP][PASSED] - verifyElementVisible(findTestObject("Object Repository/Page_The Story and Evolution of Doodles - G_6e786d/h1_The story behind Doodles")): Object 'Object Repository/Page_The Story and Evolution of Doodles - G_6e786d/h1_The story behind Doodles' is visible

17-06-2024T18:43:04 - [MESSAGE][PASSED] - Object 'Object Repository/Page_The Story and Evolution of Doodles - G_6e786d/h1_The story behind Doodles' is visible

17-06-2024T18:43:04 - [TEST_STEP][PASSED] - verifyElementVisible(findTestObject("Object Repository/Page_The Story and Evolution of Doodles - G_6e786d/p_The first Doodle was a simple out-of-offi_345e61")): Object 'Object Repository/Page_The Story and Evolution of Doodles - G_6e786d/p_The first Doodle was a simple out-of-offi_345e61' is visible

17-06-2024T18:43:04 - [MESSAGE][PASSED] - Object 'Object Repository/Page_The Story and Evolution of Doodles - G_6e786d/p_The first Doodle was a simple out-of-offi_345e61' is visible

17-06-2024T18:43:04 - [TEST_STEP][PASSED] - verifyElementVisible(findTestObject("Object Repository/Page_The Story and Evolution of Doodles - G_6e786d/h2_Weve created more than 5,000 Doodles ove_111429")): Object 'Object Repository/Page_The Story and Evolution of Doodles - G_6e786d/h2_Weve created more than 5,000 Doodles ove_111429' is visible

17-06-2024T18:43:04 - [MESSAGE][PASSED] - Object 'Object Repository/Page_The Story and Evolution of Doodles - G_6e786d/h2_Weve created more than 5,000 Doodles ove_111429' is visible

17-06-2024T18:43:04 - [TEST_STEP][PASSED] - click(findTestObject("Object Repository/Page_The Story and Evolution of Doodles - G_6e786d/p_The first Doodle was a simple out-of-offi_345e61")): Object: 'Object Repository/Page_The Story and Evolution of Doodles - G_6e786d/p_The first Doodle was a simple out-of-offi_345e61' is clicked on

17-06-2024T18:43:05 - [MESSAGE][PASSED] - Object: 'Object Repository/Page_The Story and Evolution of Doodles - G_6e786d/p_The first Doodle was a simple out-of-offi_345e61' is clicked on

17-06-2024T18:43:05 - [TEST_STEP][PASSED] - verifyElementVisible(findTestObject("Object Repository/Page_The Story and Evolution of Doodles - G_6e786d/h1_The story behind Doodles")): Object 'Object Repository/Page_The Story and Evolution of Doodles - G_6e786d/h1_The story behind Doodles' is visible

17-06-2024T18:43:05 - [MESSAGE][PASSED] - Object 'Object Repository/Page_The Story and Evolution of Doodles - G_6e786d/h1_The story behind Doodles' is visible

17-06-2024T18:43:05 - [TEST_STEP][PASSED] - verifyElementVisible(findTestObject("Object Repository/Page_The Story and Evolution of Doodles - G_6e786d/p_The first Doodle was a simple out-of-offi_345e61")): Object 'Object Repository/Page_The Story and Evolution of Doodles - G_6e786d/p_The first Doodle was a simple out-of-offi_345e61' is visible

17-06-2024T18:43:06 - [MESSAGE][PASSED] - Object 'Object Repository/Page_The Story and Evolution of Doodles - G_6e786d/p_The first Doodle was a simple out-of-offi_345e61' is visible

17-06-2024T18:43:06 - [TEST_STEP][PASSED] - verifyElementVisible(findTestObject("Object Repository/Page_The Story and Evolution of Doodles - G_6e786d/h2_Weve created more than 5,000 Doodles ove_111429")): Object 'Object Repository/Page_The Story and Evolution of Doodles - G_6e786d/h2_Weve created more than 5,000 Doodles ove_111429' is visible

17-06-2024T18:43:06 - [MESSAGE][PASSED] - Object 'Object Repository/Page_The Story and Evolution of Doodles - G_6e786d/h2_Weve created more than 5,000 Doodles ove_111429' is visible

17-06-2024T18:43:06 - [TEST_STEP][PASSED] - click(findTestObject("Object Repository/Page_The Story and Evolution of Doodles - G_6e786d/p_The first Doodle was a simple out-of-offi_345e61")): Object: 'Object Repository/Page_The Story and Evolution of Doodles - G_6e786d/p_The first Doodle was a simple out-of-offi_345e61' is clicked on

17-06-2024T18:43:06 - [MESSAGE][PASSED] - Object: 'Object Repository/Page_The Story and Evolution of Doodles - G_6e786d/p_The first Doodle was a simple out-of-offi_345e61' is clicked on

17-06-2024T18:43:06 - [TEST_STEP][PASSED] - verifyElementVisible(findTestObject("Object Repository/Page_The Story and Evolution of Doodles - G_6e786d/h1_The story behind Doodles")): Object 'Object Repository/Page_The Story and Evolution of Doodles - G_6e786d/h1_The story behind Doodles' is visible

17-06-2024T18:43:07 - [MESSAGE][PASSED] - Object 'Object Repository/Page_The Story and Evolution of Doodles - G_6e786d/h1_The story behind Doodles' is visible

17-06-2024T18:43:07 - [TEST_STEP][PASSED] - verifyElementVisible(findTestObject("Object Repository/Page_The Story and Evolution of Doodles - G_6e786d/p_The first Doodle was a simple out-of-offi_345e61")): Object 'Object Repository/Page_The Story and Evolution of Doodles - G_6e786d/p_The first Doodle was a simple out-of-offi_345e61' is visible

17-06-2024T18:43:07 - [MESSAGE][PASSED] - Object 'Object Repository/Page_The Story and Evolution of Doodles - G_6e786d/p_The first Doodle was a simple out-of-offi_345e61' is visible

17-06-2024T18:43:07 - [TEST_STEP][PASSED] - verifyElementVisible(findTestObject("Object Repository/Page_The Story and Evolution of Doodles - G_6e786d/h2_Weve created more than 5,000 Doodles ove_111429")): Object 'Object Repository/Page_The Story and Evolution of Doodles - G_6e786d/h2_Weve created more than 5,000 Doodles ove_111429' is visible

17-06-2024T18:43:07 - [MESSAGE][PASSED] - Object 'Object Repository/Page_The Story and Evolution of Doodles - G_6e786d/h2_Weve created more than 5,000 Doodles ove_111429' is visible

17-06-2024T18:43:07 - [TEST_STEP][PASSED] - click(findTestObject("Object Repository/Page_The Story and Evolution of Doodles - G_6e786d/p_The first Doodle was a simple out-of-offi_345e61")): Object: 'Object Repository/Page_The Story and Evolution of Doodles - G_6e786d/p_The first Doodle was a simple out-of-offi_345e61' is clicked on

17-06-2024T18:43:07 - [MESSAGE][PASSED] - Object: 'Object Repository/Page_The Story and Evolution of Doodles - G_6e786d/p_The first Doodle was a simple out-of-offi_345e61' is clicked on

17-06-2024T18:43:07 - [TEST_STEP][PASSED] - verifyElementVisible(findTestObject("Object Repository/Page_The Story and Evolution of Doodles - G_6e786d/h1_The story behind Doodles")): Object 'Object Repository/Page_The Story and Evolution of Doodles - G_6e786d/h1_The story behind Doodles' is visible

17-06-2024T18:43:08 - [MESSAGE][PASSED] - Object 'Object Repository/Page_The Story and Evolution of Doodles - G_6e786d/h1_The story behind Doodles' is visible

17-06-2024T18:43:08 - [TEST_STEP][PASSED] - verifyElementVisible(findTestObject("Object Repository/Page_The Story and Evolution of Doodles - G_6e786d/p_The first Doodle was a simple out-of-offi_345e61")): Object 'Object Repository/Page_The Story and Evolution of Doodles - G_6e786d/p_The first Doodle was a simple out-of-offi_345e61' is visible

17-06-2024T18:43:08 - [MESSAGE][PASSED] - Object 'Object Repository/Page_The Story and Evolution of Doodles - G_6e786d/p_The first Doodle was a simple out-of-offi_345e61' is visible

17-06-2024T18:43:08 - [TEST_STEP][PASSED] - verifyElementVisible(findTestObject("Object Repository/Page_The Story and Evolution of Doodles - G_6e786d/h2_Weve created more than 5,000 Doodles ove_111429")): Object 'Object Repository/Page_The Story and Evolution of Doodles - G_6e786d/h2_Weve created more than 5,000 Doodles ove_111429' is visible

17-06-2024T18:43:08 - [MESSAGE][PASSED] - Object 'Object Repository/Page_The Story and Evolution of Doodles - G_6e786d/h2_Weve created more than 5,000 Doodles ove_111429' is visible

17-06-2024T18:43:08 - [TEST_STEP][PASSED] - click(findTestObject("Object Repository/Page_The Story and Evolution of Doodles - G_6e786d/p_The first Doodle was a simple out-of-offi_345e61")): Object: 'Object Repository/Page_The Story and Evolution of Doodles - G_6e786d/p_The first Doodle was a simple out-of-offi_345e61' is clicked on

17-06-2024T18:43:09 - [MESSAGE][PASSED] - Object: 'Object Repository/Page_The Story and Evolution of Doodles - G_6e786d/p_The first Doodle was a simple out-of-offi_345e61' is clicked on

17-06-2024T18:43:09 - [TEST_STEP][PASSED] - verifyElementVisible(findTestObject("Object Repository/Page_The Story and Evolution of Doodles - G_6e786d/h1_The story behind Doodles")): Object 'Object Repository/Page_The Story and Evolution of Doodles - G_6e786d/h1_The story behind Doodles' is visible

17-06-2024T18:43:09 - [MESSAGE][PASSED] - Object 'Object Repository/Page_The Story and Evolution of Doodles - G_6e786d/h1_The story behind Doodles' is visible

17-06-2024T18:43:09 - [TEST_STEP][PASSED] - verifyElementVisible(findTestObject("Object Repository/Page_The Story and Evolution of Doodles - G_6e786d/p_The first Doodle was a simple out-of-offi_345e61")): Object 'Object Repository/Page_The Story and Evolution of Doodles - G_6e786d/p_The first Doodle was a simple out-of-offi_345e61' is visible

17-06-2024T18:43:09 - [MESSAGE][PASSED] - Object 'Object Repository/Page_The Story and Evolution of Doodles - G_6e786d/p_The first Doodle was a simple out-of-offi_345e61' is visible

17-06-2024T18:43:09 - [TEST_STEP][PASSED] - verifyElementVisible(findTestObject("Object Repository/Page_The Story and Evolution of Doodles - G_6e786d/h2_Weve created more than 5,000 Doodles ove_111429")): Object 'Object Repository/Page_The Story and Evolution of Doodles - G_6e786d/h2_Weve created more than 5,000 Doodles ove_111429' is visible

17-06-2024T18:43:10 - [MESSAGE][PASSED] - Object 'Object Repository/Page_The Story and Evolution of Doodles - G_6e786d/h2_Weve created more than 5,000 Doodles ove_111429' is visible

17-06-2024T18:43:10 - [TEST_STEP][PASSED] - click(findTestObject("Object Repository/Page_The Story and Evolution of Doodles - G_6e786d/p_The first Doodle was a simple out-of-offi_345e61")): Object: 'Object Repository/Page_The Story and Evolution of Doodles - G_6e786d/p_The first Doodle was a simple out-of-offi_345e61' is clicked on

17-06-2024T18:43:10 - [MESSAGE][PASSED] - Object: 'Object Repository/Page_The Story and Evolution of Doodles - G_6e786d/p_The first Doodle was a simple out-of-offi_345e61' is clicked on

17-06-2024T18:43:10 - [TEST_STEP][PASSED] - verifyElementVisible(findTestObject("Object Repository/Page_The Story and Evolution of Doodles - G_6e786d/h1_The story behind Doodles")): Object 'Object Repository/Page_The Story and Evolution of Doodles - G_6e786d/h1_The story behind Doodles' is visible

17-06-2024T18:43:10 - [MESSAGE][PASSED] - Object 'Object Repository/Page_The Story and Evolution of Doodles - G_6e786d/h1_The story behind Doodles' is visible

17-06-2024T18:43:10 - [TEST_STEP][PASSED] - verifyElementVisible(findTestObject("Object Repository/Page_The Story and Evolution of Doodles - G_6e786d/p_The first Doodle was a simple out-of-offi_345e61")): Object 'Object Repository/Page_The Story and Evolution of Doodles - G_6e786d/p_The first Doodle was a simple out-of-offi_345e61' is visible

17-06-2024T18:43:11 - [MESSAGE][PASSED] - Object 'Object Repository/Page_The Story and Evolution of Doodles - G_6e786d/p_The first Doodle was a simple out-of-offi_345e61' is visible

17-06-2024T18:43:11 - [TEST_STEP][PASSED] - verifyElementVisible(findTestObject("Object Repository/Page_The Story and Evolution of Doodles - G_6e786d/h2_Weve created more than 5,000 Doodles ove_111429")): Object 'Object Repository/Page_The Story and Evolution of Doodles - G_6e786d/h2_Weve created more than 5,000 Doodles ove_111429' is visible

17-06-2024T18:43:11 - [MESSAGE][PASSED] - Object 'Object Repository/Page_The Story and Evolution of Doodles - G_6e786d/h2_Weve created more than 5,000 Doodles ove_111429' is visible]]></system-out>
         <system-err><![CDATA[]]></system-err>
      </testcase>
      <testcase name="Test Cases/test case folder 1/tc1 - Copy (2) - Copy" time="19.635" classname="Test Cases/test case folder 1/tc1 - Copy (2) - Copy" status="PASSED">
         <system-out><![CDATA[17-06-2024T18:43:11 - [TEST_CASE][PASSED] - Test Cases/test case folder 1/tc1 - Copy (2) - Copy: Test Cases/test case folder 1/tc1 - Copy (2) - Copy

17-06-2024T18:43:11 - [TEST_STEP][PASSED] - openBrowser(""): Browser is opened with url: ''

17-06-2024T18:43:11 - [MESSAGE][WARNING] - A browser is already opened. Closing browser and opening a new one

17-06-2024T18:43:12 - [MESSAGE][INFO] - Starting 'Chrome (headless)' driver

17-06-2024T18:43:12 - [MESSAGE][INFO] - Action delay is set to 0 milliseconds

17-06-2024T18:43:13 - [MESSAGE][PASSED] - Browser is opened with url: ''

17-06-2024T18:43:13 - [TEST_STEP][PASSED] - navigateToUrl("https://doodles.google/about/"): Navigate to 'https://doodles.google/about/' successfully

17-06-2024T18:43:16 - [MESSAGE][PASSED] - Navigate to 'https://doodles.google/about/' successfully

17-06-2024T18:43:16 - [TEST_STEP][PASSED] - click(findTestObject("Object Repository/Page_The Story and Evolution of Doodles - G_6e786d/p_The first Doodle was a simple out-of-offi_345e61")): Object: 'Object Repository/Page_The Story and Evolution of Doodles - G_6e786d/p_The first Doodle was a simple out-of-offi_345e61' is clicked on

17-06-2024T18:43:16 - [MESSAGE][PASSED] - Object: 'Object Repository/Page_The Story and Evolution of Doodles - G_6e786d/p_The first Doodle was a simple out-of-offi_345e61' is clicked on

17-06-2024T18:43:16 - [TEST_STEP][PASSED] - click(findTestObject("Object Repository/Page_The Story and Evolution of Doodles - G_6e786d/p_The first Doodle was a simple out-of-offi_345e61")): Object: 'Object Repository/Page_The Story and Evolution of Doodles - G_6e786d/p_The first Doodle was a simple out-of-offi_345e61' is clicked on

17-06-2024T18:43:16 - [MESSAGE][PASSED] - Object: 'Object Repository/Page_The Story and Evolution of Doodles - G_6e786d/p_The first Doodle was a simple out-of-offi_345e61' is clicked on

17-06-2024T18:43:16 - [TEST_STEP][PASSED] - verifyElementVisible(findTestObject("Object Repository/Page_The Story and Evolution of Doodles - G_6e786d/h1_The story behind Doodles")): Object 'Object Repository/Page_The Story and Evolution of Doodles - G_6e786d/h1_The story behind Doodles' is visible

17-06-2024T18:43:17 - [MESSAGE][PASSED] - Object 'Object Repository/Page_The Story and Evolution of Doodles - G_6e786d/h1_The story behind Doodles' is visible

17-06-2024T18:43:17 - [TEST_STEP][PASSED] - verifyElementVisible(findTestObject("Object Repository/Page_The Story and Evolution of Doodles - G_6e786d/p_The first Doodle was a simple out-of-offi_345e61")): Object 'Object Repository/Page_The Story and Evolution of Doodles - G_6e786d/p_The first Doodle was a simple out-of-offi_345e61' is visible

17-06-2024T18:43:17 - [MESSAGE][PASSED] - Object 'Object Repository/Page_The Story and Evolution of Doodles - G_6e786d/p_The first Doodle was a simple out-of-offi_345e61' is visible

17-06-2024T18:43:17 - [TEST_STEP][PASSED] - verifyElementVisible(findTestObject("Object Repository/Page_The Story and Evolution of Doodles - G_6e786d/h2_Weve created more than 5,000 Doodles ove_111429")): Object 'Object Repository/Page_The Story and Evolution of Doodles - G_6e786d/h2_Weve created more than 5,000 Doodles ove_111429' is visible

17-06-2024T18:43:17 - [MESSAGE][PASSED] - Object 'Object Repository/Page_The Story and Evolution of Doodles - G_6e786d/h2_Weve created more than 5,000 Doodles ove_111429' is visible

17-06-2024T18:43:17 - [TEST_STEP][PASSED] - verifyElementVisible(findTestObject("Object Repository/Page_The Story and Evolution of Doodles - G_6e786d/h1_The story behind Doodles")): Object 'Object Repository/Page_The Story and Evolution of Doodles - G_6e786d/h1_The story behind Doodles' is visible

17-06-2024T18:43:18 - [MESSAGE][PASSED] - Object 'Object Repository/Page_The Story and Evolution of Doodles - G_6e786d/h1_The story behind Doodles' is visible

17-06-2024T18:43:18 - [TEST_STEP][PASSED] - verifyElementVisible(findTestObject("Object Repository/Page_The Story and Evolution of Doodles - G_6e786d/p_The first Doodle was a simple out-of-offi_345e61")): Object 'Object Repository/Page_The Story and Evolution of Doodles - G_6e786d/p_The first Doodle was a simple out-of-offi_345e61' is visible

17-06-2024T18:43:18 - [MESSAGE][PASSED] - Object 'Object Repository/Page_The Story and Evolution of Doodles - G_6e786d/p_The first Doodle was a simple out-of-offi_345e61' is visible

17-06-2024T18:43:18 - [TEST_STEP][PASSED] - verifyElementVisible(findTestObject("Object Repository/Page_The Story and Evolution of Doodles - G_6e786d/h2_Weve created more than 5,000 Doodles ove_111429")): Object 'Object Repository/Page_The Story and Evolution of Doodles - G_6e786d/h2_Weve created more than 5,000 Doodles ove_111429' is visible

17-06-2024T18:43:18 - [MESSAGE][PASSED] - Object 'Object Repository/Page_The Story and Evolution of Doodles - G_6e786d/h2_Weve created more than 5,000 Doodles ove_111429' is visible

17-06-2024T18:43:18 - [TEST_STEP][PASSED] - click(findTestObject("Object Repository/Page_The Story and Evolution of Doodles - G_6e786d/p_The first Doodle was a simple out-of-offi_345e61")): Object: 'Object Repository/Page_The Story and Evolution of Doodles - G_6e786d/p_The first Doodle was a simple out-of-offi_345e61' is clicked on

17-06-2024T18:43:19 - [MESSAGE][PASSED] - Object: 'Object Repository/Page_The Story and Evolution of Doodles - G_6e786d/p_The first Doodle was a simple out-of-offi_345e61' is clicked on

17-06-2024T18:43:19 - [TEST_STEP][PASSED] - verifyElementVisible(findTestObject("Object Repository/Page_The Story and Evolution of Doodles - G_6e786d/h1_The story behind Doodles")): Object 'Object Repository/Page_The Story and Evolution of Doodles - G_6e786d/h1_The story behind Doodles' is visible

17-06-2024T18:43:19 - [MESSAGE][PASSED] - Object 'Object Repository/Page_The Story and Evolution of Doodles - G_6e786d/h1_The story behind Doodles' is visible

17-06-2024T18:43:19 - [TEST_STEP][PASSED] - verifyElementVisible(findTestObject("Object Repository/Page_The Story and Evolution of Doodles - G_6e786d/p_The first Doodle was a simple out-of-offi_345e61")): Object 'Object Repository/Page_The Story and Evolution of Doodles - G_6e786d/p_The first Doodle was a simple out-of-offi_345e61' is visible

17-06-2024T18:43:19 - [MESSAGE][PASSED] - Object 'Object Repository/Page_The Story and Evolution of Doodles - G_6e786d/p_The first Doodle was a simple out-of-offi_345e61' is visible

17-06-2024T18:43:19 - [TEST_STEP][PASSED] - verifyElementVisible(findTestObject("Object Repository/Page_The Story and Evolution of Doodles - G_6e786d/h2_Weve created more than 5,000 Doodles ove_111429")): Object 'Object Repository/Page_The Story and Evolution of Doodles - G_6e786d/h2_Weve created more than 5,000 Doodles ove_111429' is visible

17-06-2024T18:43:20 - [MESSAGE][PASSED] - Object 'Object Repository/Page_The Story and Evolution of Doodles - G_6e786d/h2_Weve created more than 5,000 Doodles ove_111429' is visible

17-06-2024T18:43:20 - [TEST_STEP][PASSED] - click(findTestObject("Object Repository/Page_The Story and Evolution of Doodles - G_6e786d/p_The first Doodle was a simple out-of-offi_345e61")): Object: 'Object Repository/Page_The Story and Evolution of Doodles - G_6e786d/p_The first Doodle was a simple out-of-offi_345e61' is clicked on

17-06-2024T18:43:20 - [MESSAGE][PASSED] - Object: 'Object Repository/Page_The Story and Evolution of Doodles - G_6e786d/p_The first Doodle was a simple out-of-offi_345e61' is clicked on

17-06-2024T18:43:20 - [TEST_STEP][PASSED] - verifyElementVisible(findTestObject("Object Repository/Page_The Story and Evolution of Doodles - G_6e786d/h1_The story behind Doodles")): Object 'Object Repository/Page_The Story and Evolution of Doodles - G_6e786d/h1_The story behind Doodles' is visible

17-06-2024T18:43:20 - [MESSAGE][PASSED] - Object 'Object Repository/Page_The Story and Evolution of Doodles - G_6e786d/h1_The story behind Doodles' is visible

17-06-2024T18:43:20 - [TEST_STEP][PASSED] - verifyElementVisible(findTestObject("Object Repository/Page_The Story and Evolution of Doodles - G_6e786d/p_The first Doodle was a simple out-of-offi_345e61")): Object 'Object Repository/Page_The Story and Evolution of Doodles - G_6e786d/p_The first Doodle was a simple out-of-offi_345e61' is visible

17-06-2024T18:43:21 - [MESSAGE][PASSED] - Object 'Object Repository/Page_The Story and Evolution of Doodles - G_6e786d/p_The first Doodle was a simple out-of-offi_345e61' is visible

17-06-2024T18:43:21 - [TEST_STEP][PASSED] - verifyElementVisible(findTestObject("Object Repository/Page_The Story and Evolution of Doodles - G_6e786d/h2_Weve created more than 5,000 Doodles ove_111429")): Object 'Object Repository/Page_The Story and Evolution of Doodles - G_6e786d/h2_Weve created more than 5,000 Doodles ove_111429' is visible

17-06-2024T18:43:21 - [MESSAGE][PASSED] - Object 'Object Repository/Page_The Story and Evolution of Doodles - G_6e786d/h2_Weve created more than 5,000 Doodles ove_111429' is visible

17-06-2024T18:43:21 - [TEST_STEP][PASSED] - click(findTestObject("Object Repository/Page_The Story and Evolution of Doodles - G_6e786d/p_The first Doodle was a simple out-of-offi_345e61")): Object: 'Object Repository/Page_The Story and Evolution of Doodles - G_6e786d/p_The first Doodle was a simple out-of-offi_345e61' is clicked on

17-06-2024T18:43:22 - [MESSAGE][PASSED] - Object: 'Object Repository/Page_The Story and Evolution of Doodles - G_6e786d/p_The first Doodle was a simple out-of-offi_345e61' is clicked on

17-06-2024T18:43:22 - [TEST_STEP][PASSED] - verifyElementVisible(findTestObject("Object Repository/Page_The Story and Evolution of Doodles - G_6e786d/h1_The story behind Doodles")): Object 'Object Repository/Page_The Story and Evolution of Doodles - G_6e786d/h1_The story behind Doodles' is visible

17-06-2024T18:43:22 - [MESSAGE][PASSED] - Object 'Object Repository/Page_The Story and Evolution of Doodles - G_6e786d/h1_The story behind Doodles' is visible

17-06-2024T18:43:22 - [TEST_STEP][PASSED] - verifyElementVisible(findTestObject("Object Repository/Page_The Story and Evolution of Doodles - G_6e786d/p_The first Doodle was a simple out-of-offi_345e61")): Object 'Object Repository/Page_The Story and Evolution of Doodles - G_6e786d/p_The first Doodle was a simple out-of-offi_345e61' is visible

17-06-2024T18:43:22 - [MESSAGE][PASSED] - Object 'Object Repository/Page_The Story and Evolution of Doodles - G_6e786d/p_The first Doodle was a simple out-of-offi_345e61' is visible

17-06-2024T18:43:22 - [TEST_STEP][PASSED] - verifyElementVisible(findTestObject("Object Repository/Page_The Story and Evolution of Doodles - G_6e786d/h2_Weve created more than 5,000 Doodles ove_111429")): Object 'Object Repository/Page_The Story and Evolution of Doodles - G_6e786d/h2_Weve created more than 5,000 Doodles ove_111429' is visible

17-06-2024T18:43:22 - [MESSAGE][PASSED] - Object 'Object Repository/Page_The Story and Evolution of Doodles - G_6e786d/h2_Weve created more than 5,000 Doodles ove_111429' is visible

17-06-2024T18:43:22 - [TEST_STEP][PASSED] - click(findTestObject("Object Repository/Page_The Story and Evolution of Doodles - G_6e786d/p_The first Doodle was a simple out-of-offi_345e61")): Object: 'Object Repository/Page_The Story and Evolution of Doodles - G_6e786d/p_The first Doodle was a simple out-of-offi_345e61' is clicked on

17-06-2024T18:43:23 - [MESSAGE][PASSED] - Object: 'Object Repository/Page_The Story and Evolution of Doodles - G_6e786d/p_The first Doodle was a simple out-of-offi_345e61' is clicked on

17-06-2024T18:43:23 - [TEST_STEP][PASSED] - verifyElementVisible(findTestObject("Object Repository/Page_The Story and Evolution of Doodles - G_6e786d/h1_The story behind Doodles")): Object 'Object Repository/Page_The Story and Evolution of Doodles - G_6e786d/h1_The story behind Doodles' is visible

17-06-2024T18:43:23 - [MESSAGE][PASSED] - Object 'Object Repository/Page_The Story and Evolution of Doodles - G_6e786d/h1_The story behind Doodles' is visible

17-06-2024T18:43:23 - [TEST_STEP][PASSED] - verifyElementVisible(findTestObject("Object Repository/Page_The Story and Evolution of Doodles - G_6e786d/p_The first Doodle was a simple out-of-offi_345e61")): Object 'Object Repository/Page_The Story and Evolution of Doodles - G_6e786d/p_The first Doodle was a simple out-of-offi_345e61' is visible

17-06-2024T18:43:24 - [MESSAGE][PASSED] - Object 'Object Repository/Page_The Story and Evolution of Doodles - G_6e786d/p_The first Doodle was a simple out-of-offi_345e61' is visible

17-06-2024T18:43:24 - [TEST_STEP][PASSED] - verifyElementVisible(findTestObject("Object Repository/Page_The Story and Evolution of Doodles - G_6e786d/h2_Weve created more than 5,000 Doodles ove_111429")): Object 'Object Repository/Page_The Story and Evolution of Doodles - G_6e786d/h2_Weve created more than 5,000 Doodles ove_111429' is visible

17-06-2024T18:43:24 - [MESSAGE][PASSED] - Object 'Object Repository/Page_The Story and Evolution of Doodles - G_6e786d/h2_Weve created more than 5,000 Doodles ove_111429' is visible

17-06-2024T18:43:24 - [TEST_STEP][PASSED] - click(findTestObject("Object Repository/Page_The Story and Evolution of Doodles - G_6e786d/p_The first Doodle was a simple out-of-offi_345e61")): Object: 'Object Repository/Page_The Story and Evolution of Doodles - G_6e786d/p_The first Doodle was a simple out-of-offi_345e61' is clicked on

17-06-2024T18:43:24 - [MESSAGE][PASSED] - Object: 'Object Repository/Page_The Story and Evolution of Doodles - G_6e786d/p_The first Doodle was a simple out-of-offi_345e61' is clicked on

17-06-2024T18:43:24 - [TEST_STEP][PASSED] - verifyElementVisible(findTestObject("Object Repository/Page_The Story and Evolution of Doodles - G_6e786d/h1_The story behind Doodles")): Object 'Object Repository/Page_The Story and Evolution of Doodles - G_6e786d/h1_The story behind Doodles' is visible

17-06-2024T18:43:25 - [MESSAGE][PASSED] - Object 'Object Repository/Page_The Story and Evolution of Doodles - G_6e786d/h1_The story behind Doodles' is visible

17-06-2024T18:43:25 - [TEST_STEP][PASSED] - verifyElementVisible(findTestObject("Object Repository/Page_The Story and Evolution of Doodles - G_6e786d/p_The first Doodle was a simple out-of-offi_345e61")): Object 'Object Repository/Page_The Story and Evolution of Doodles - G_6e786d/p_The first Doodle was a simple out-of-offi_345e61' is visible

17-06-2024T18:43:25 - [MESSAGE][PASSED] - Object 'Object Repository/Page_The Story and Evolution of Doodles - G_6e786d/p_The first Doodle was a simple out-of-offi_345e61' is visible

17-06-2024T18:43:25 - [TEST_STEP][PASSED] - verifyElementVisible(findTestObject("Object Repository/Page_The Story and Evolution of Doodles - G_6e786d/h2_Weve created more than 5,000 Doodles ove_111429")): Object 'Object Repository/Page_The Story and Evolution of Doodles - G_6e786d/h2_Weve created more than 5,000 Doodles ove_111429' is visible

17-06-2024T18:43:25 - [MESSAGE][PASSED] - Object 'Object Repository/Page_The Story and Evolution of Doodles - G_6e786d/h2_Weve created more than 5,000 Doodles ove_111429' is visible

17-06-2024T18:43:25 - [TEST_STEP][PASSED] - click(findTestObject("Object Repository/Page_The Story and Evolution of Doodles - G_6e786d/p_The first Doodle was a simple out-of-offi_345e61")): Object: 'Object Repository/Page_The Story and Evolution of Doodles - G_6e786d/p_The first Doodle was a simple out-of-offi_345e61' is clicked on

17-06-2024T18:43:26 - [MESSAGE][PASSED] - Object: 'Object Repository/Page_The Story and Evolution of Doodles - G_6e786d/p_The first Doodle was a simple out-of-offi_345e61' is clicked on

17-06-2024T18:43:26 - [TEST_STEP][PASSED] - verifyElementVisible(findTestObject("Object Repository/Page_The Story and Evolution of Doodles - G_6e786d/h1_The story behind Doodles")): Object 'Object Repository/Page_The Story and Evolution of Doodles - G_6e786d/h1_The story behind Doodles' is visible

17-06-2024T18:43:26 - [MESSAGE][PASSED] - Object 'Object Repository/Page_The Story and Evolution of Doodles - G_6e786d/h1_The story behind Doodles' is visible

17-06-2024T18:43:26 - [TEST_STEP][PASSED] - verifyElementVisible(findTestObject("Object Repository/Page_The Story and Evolution of Doodles - G_6e786d/p_The first Doodle was a simple out-of-offi_345e61")): Object 'Object Repository/Page_The Story and Evolution of Doodles - G_6e786d/p_The first Doodle was a simple out-of-offi_345e61' is visible

17-06-2024T18:43:26 - [MESSAGE][PASSED] - Object 'Object Repository/Page_The Story and Evolution of Doodles - G_6e786d/p_The first Doodle was a simple out-of-offi_345e61' is visible

17-06-2024T18:43:26 - [TEST_STEP][PASSED] - verifyElementVisible(findTestObject("Object Repository/Page_The Story and Evolution of Doodles - G_6e786d/h2_Weve created more than 5,000 Doodles ove_111429")): Object 'Object Repository/Page_The Story and Evolution of Doodles - G_6e786d/h2_Weve created more than 5,000 Doodles ove_111429' is visible

17-06-2024T18:43:27 - [MESSAGE][PASSED] - Object 'Object Repository/Page_The Story and Evolution of Doodles - G_6e786d/h2_Weve created more than 5,000 Doodles ove_111429' is visible

17-06-2024T18:43:27 - [TEST_STEP][PASSED] - click(findTestObject("Object Repository/Page_The Story and Evolution of Doodles - G_6e786d/p_The first Doodle was a simple out-of-offi_345e61")): Object: 'Object Repository/Page_The Story and Evolution of Doodles - G_6e786d/p_The first Doodle was a simple out-of-offi_345e61' is clicked on

17-06-2024T18:43:27 - [MESSAGE][PASSED] - Object: 'Object Repository/Page_The Story and Evolution of Doodles - G_6e786d/p_The first Doodle was a simple out-of-offi_345e61' is clicked on

17-06-2024T18:43:27 - [TEST_STEP][PASSED] - verifyElementVisible(findTestObject("Object Repository/Page_The Story and Evolution of Doodles - G_6e786d/h1_The story behind Doodles")): Object 'Object Repository/Page_The Story and Evolution of Doodles - G_6e786d/h1_The story behind Doodles' is visible

17-06-2024T18:43:27 - [MESSAGE][PASSED] - Object 'Object Repository/Page_The Story and Evolution of Doodles - G_6e786d/h1_The story behind Doodles' is visible

17-06-2024T18:43:27 - [TEST_STEP][PASSED] - verifyElementVisible(findTestObject("Object Repository/Page_The Story and Evolution of Doodles - G_6e786d/p_The first Doodle was a simple out-of-offi_345e61")): Object 'Object Repository/Page_The Story and Evolution of Doodles - G_6e786d/p_The first Doodle was a simple out-of-offi_345e61' is visible

17-06-2024T18:43:28 - [MESSAGE][PASSED] - Object 'Object Repository/Page_The Story and Evolution of Doodles - G_6e786d/p_The first Doodle was a simple out-of-offi_345e61' is visible

17-06-2024T18:43:28 - [TEST_STEP][PASSED] - verifyElementVisible(findTestObject("Object Repository/Page_The Story and Evolution of Doodles - G_6e786d/h2_Weve created more than 5,000 Doodles ove_111429")): Object 'Object Repository/Page_The Story and Evolution of Doodles - G_6e786d/h2_Weve created more than 5,000 Doodles ove_111429' is visible

17-06-2024T18:43:28 - [MESSAGE][PASSED] - Object 'Object Repository/Page_The Story and Evolution of Doodles - G_6e786d/h2_Weve created more than 5,000 Doodles ove_111429' is visible

17-06-2024T18:43:28 - [TEST_STEP][PASSED] - click(findTestObject("Object Repository/Page_The Story and Evolution of Doodles - G_6e786d/p_The first Doodle was a simple out-of-offi_345e61")): Object: 'Object Repository/Page_The Story and Evolution of Doodles - G_6e786d/p_The first Doodle was a simple out-of-offi_345e61' is clicked on

17-06-2024T18:43:28 - [MESSAGE][PASSED] - Object: 'Object Repository/Page_The Story and Evolution of Doodles - G_6e786d/p_The first Doodle was a simple out-of-offi_345e61' is clicked on

17-06-2024T18:43:28 - [TEST_STEP][PASSED] - verifyElementVisible(findTestObject("Object Repository/Page_The Story and Evolution of Doodles - G_6e786d/h1_The story behind Doodles")): Object 'Object Repository/Page_The Story and Evolution of Doodles - G_6e786d/h1_The story behind Doodles' is visible

17-06-2024T18:43:29 - [MESSAGE][PASSED] - Object 'Object Repository/Page_The Story and Evolution of Doodles - G_6e786d/h1_The story behind Doodles' is visible

17-06-2024T18:43:29 - [TEST_STEP][PASSED] - verifyElementVisible(findTestObject("Object Repository/Page_The Story and Evolution of Doodles - G_6e786d/p_The first Doodle was a simple out-of-offi_345e61")): Object 'Object Repository/Page_The Story and Evolution of Doodles - G_6e786d/p_The first Doodle was a simple out-of-offi_345e61' is visible

17-06-2024T18:43:29 - [MESSAGE][PASSED] - Object 'Object Repository/Page_The Story and Evolution of Doodles - G_6e786d/p_The first Doodle was a simple out-of-offi_345e61' is visible

17-06-2024T18:43:29 - [TEST_STEP][PASSED] - verifyElementVisible(findTestObject("Object Repository/Page_The Story and Evolution of Doodles - G_6e786d/h2_Weve created more than 5,000 Doodles ove_111429")): Object 'Object Repository/Page_The Story and Evolution of Doodles - G_6e786d/h2_Weve created more than 5,000 Doodles ove_111429' is visible

17-06-2024T18:43:29 - [MESSAGE][PASSED] - Object 'Object Repository/Page_The Story and Evolution of Doodles - G_6e786d/h2_Weve created more than 5,000 Doodles ove_111429' is visible

17-06-2024T18:43:29 - [TEST_STEP][PASSED] - click(findTestObject("Object Repository/Page_The Story and Evolution of Doodles - G_6e786d/p_The first Doodle was a simple out-of-offi_345e61")): Object: 'Object Repository/Page_The Story and Evolution of Doodles - G_6e786d/p_The first Doodle was a simple out-of-offi_345e61' is clicked on

17-06-2024T18:43:30 - [MESSAGE][PASSED] - Object: 'Object Repository/Page_The Story and Evolution of Doodles - G_6e786d/p_The first Doodle was a simple out-of-offi_345e61' is clicked on

17-06-2024T18:43:30 - [TEST_STEP][PASSED] - verifyElementVisible(findTestObject("Object Repository/Page_The Story and Evolution of Doodles - G_6e786d/h1_The story behind Doodles")): Object 'Object Repository/Page_The Story and Evolution of Doodles - G_6e786d/h1_The story behind Doodles' is visible

17-06-2024T18:43:30 - [MESSAGE][PASSED] - Object 'Object Repository/Page_The Story and Evolution of Doodles - G_6e786d/h1_The story behind Doodles' is visible

17-06-2024T18:43:30 - [TEST_STEP][PASSED] - verifyElementVisible(findTestObject("Object Repository/Page_The Story and Evolution of Doodles - G_6e786d/p_The first Doodle was a simple out-of-offi_345e61")): Object 'Object Repository/Page_The Story and Evolution of Doodles - G_6e786d/p_The first Doodle was a simple out-of-offi_345e61' is visible

17-06-2024T18:43:30 - [MESSAGE][PASSED] - Object 'Object Repository/Page_The Story and Evolution of Doodles - G_6e786d/p_The first Doodle was a simple out-of-offi_345e61' is visible

17-06-2024T18:43:30 - [TEST_STEP][PASSED] - verifyElementVisible(findTestObject("Object Repository/Page_The Story and Evolution of Doodles - G_6e786d/h2_Weve created more than 5,000 Doodles ove_111429")): Object 'Object Repository/Page_The Story and Evolution of Doodles - G_6e786d/h2_Weve created more than 5,000 Doodles ove_111429' is visible

17-06-2024T18:43:31 - [MESSAGE][PASSED] - Object 'Object Repository/Page_The Story and Evolution of Doodles - G_6e786d/h2_Weve created more than 5,000 Doodles ove_111429' is visible]]></system-out>
         <system-err><![CDATA[]]></system-err>
      </testcase>
      <testcase name="Test Cases/test case folder 1/tc1 - Copy (3) - Copy (1)" time="19.339" classname="Test Cases/test case folder 1/tc1 - Copy (3) - Copy (1)" status="PASSED">
         <system-out><![CDATA[17-06-2024T18:43:31 - [TEST_CASE][PASSED] - Test Cases/test case folder 1/tc1 - Copy (3) - Copy (1): Test Cases/test case folder 1/tc1 - Copy (3) - Copy (1)

17-06-2024T18:43:31 - [TEST_STEP][PASSED] - openBrowser(""): Browser is opened with url: ''

17-06-2024T18:43:31 - [MESSAGE][WARNING] - A browser is already opened. Closing browser and opening a new one

17-06-2024T18:43:31 - [MESSAGE][INFO] - Starting 'Chrome (headless)' driver

17-06-2024T18:43:31 - [MESSAGE][INFO] - Action delay is set to 0 milliseconds

17-06-2024T18:43:32 - [MESSAGE][PASSED] - Browser is opened with url: ''

17-06-2024T18:43:32 - [TEST_STEP][PASSED] - navigateToUrl("https://doodles.google/about/"): Navigate to 'https://doodles.google/about/' successfully

17-06-2024T18:43:35 - [MESSAGE][PASSED] - Navigate to 'https://doodles.google/about/' successfully

17-06-2024T18:43:35 - [TEST_STEP][PASSED] - click(findTestObject("Object Repository/Page_The Story and Evolution of Doodles - G_6e786d/p_The first Doodle was a simple out-of-offi_345e61")): Object: 'Object Repository/Page_The Story and Evolution of Doodles - G_6e786d/p_The first Doodle was a simple out-of-offi_345e61' is clicked on

17-06-2024T18:43:36 - [MESSAGE][PASSED] - Object: 'Object Repository/Page_The Story and Evolution of Doodles - G_6e786d/p_The first Doodle was a simple out-of-offi_345e61' is clicked on

17-06-2024T18:43:36 - [TEST_STEP][PASSED] - click(findTestObject("Object Repository/Page_The Story and Evolution of Doodles - G_6e786d/p_The first Doodle was a simple out-of-offi_345e61")): Object: 'Object Repository/Page_The Story and Evolution of Doodles - G_6e786d/p_The first Doodle was a simple out-of-offi_345e61' is clicked on

17-06-2024T18:43:36 - [MESSAGE][PASSED] - Object: 'Object Repository/Page_The Story and Evolution of Doodles - G_6e786d/p_The first Doodle was a simple out-of-offi_345e61' is clicked on

17-06-2024T18:43:36 - [TEST_STEP][PASSED] - verifyElementVisible(findTestObject("Object Repository/Page_The Story and Evolution of Doodles - G_6e786d/h1_The story behind Doodles")): Object 'Object Repository/Page_The Story and Evolution of Doodles - G_6e786d/h1_The story behind Doodles' is visible

17-06-2024T18:43:36 - [MESSAGE][PASSED] - Object 'Object Repository/Page_The Story and Evolution of Doodles - G_6e786d/h1_The story behind Doodles' is visible

17-06-2024T18:43:36 - [TEST_STEP][PASSED] - verifyElementVisible(findTestObject("Object Repository/Page_The Story and Evolution of Doodles - G_6e786d/p_The first Doodle was a simple out-of-offi_345e61")): Object 'Object Repository/Page_The Story and Evolution of Doodles - G_6e786d/p_The first Doodle was a simple out-of-offi_345e61' is visible

17-06-2024T18:43:37 - [MESSAGE][PASSED] - Object 'Object Repository/Page_The Story and Evolution of Doodles - G_6e786d/p_The first Doodle was a simple out-of-offi_345e61' is visible

17-06-2024T18:43:37 - [TEST_STEP][PASSED] - verifyElementVisible(findTestObject("Object Repository/Page_The Story and Evolution of Doodles - G_6e786d/h2_Weve created more than 5,000 Doodles ove_111429")): Object 'Object Repository/Page_The Story and Evolution of Doodles - G_6e786d/h2_Weve created more than 5,000 Doodles ove_111429' is visible

17-06-2024T18:43:37 - [MESSAGE][PASSED] - Object 'Object Repository/Page_The Story and Evolution of Doodles - G_6e786d/h2_Weve created more than 5,000 Doodles ove_111429' is visible

17-06-2024T18:43:37 - [TEST_STEP][PASSED] - verifyElementVisible(findTestObject("Object Repository/Page_The Story and Evolution of Doodles - G_6e786d/h1_The story behind Doodles")): Object 'Object Repository/Page_The Story and Evolution of Doodles - G_6e786d/h1_The story behind Doodles' is visible

17-06-2024T18:43:37 - [MESSAGE][PASSED] - Object 'Object Repository/Page_The Story and Evolution of Doodles - G_6e786d/h1_The story behind Doodles' is visible

17-06-2024T18:43:37 - [TEST_STEP][PASSED] - verifyElementVisible(findTestObject("Object Repository/Page_The Story and Evolution of Doodles - G_6e786d/p_The first Doodle was a simple out-of-offi_345e61")): Object 'Object Repository/Page_The Story and Evolution of Doodles - G_6e786d/p_The first Doodle was a simple out-of-offi_345e61' is visible

17-06-2024T18:43:37 - [MESSAGE][PASSED] - Object 'Object Repository/Page_The Story and Evolution of Doodles - G_6e786d/p_The first Doodle was a simple out-of-offi_345e61' is visible

17-06-2024T18:43:37 - [TEST_STEP][PASSED] - verifyElementVisible(findTestObject("Object Repository/Page_The Story and Evolution of Doodles - G_6e786d/h2_Weve created more than 5,000 Doodles ove_111429")): Object 'Object Repository/Page_The Story and Evolution of Doodles - G_6e786d/h2_Weve created more than 5,000 Doodles ove_111429' is visible

17-06-2024T18:43:38 - [MESSAGE][PASSED] - Object 'Object Repository/Page_The Story and Evolution of Doodles - G_6e786d/h2_Weve created more than 5,000 Doodles ove_111429' is visible

17-06-2024T18:43:38 - [TEST_STEP][PASSED] - click(findTestObject("Object Repository/Page_The Story and Evolution of Doodles - G_6e786d/p_The first Doodle was a simple out-of-offi_345e61")): Object: 'Object Repository/Page_The Story and Evolution of Doodles - G_6e786d/p_The first Doodle was a simple out-of-offi_345e61' is clicked on

17-06-2024T18:43:38 - [MESSAGE][PASSED] - Object: 'Object Repository/Page_The Story and Evolution of Doodles - G_6e786d/p_The first Doodle was a simple out-of-offi_345e61' is clicked on

17-06-2024T18:43:38 - [TEST_STEP][PASSED] - verifyElementVisible(findTestObject("Object Repository/Page_The Story and Evolution of Doodles - G_6e786d/h1_The story behind Doodles")): Object 'Object Repository/Page_The Story and Evolution of Doodles - G_6e786d/h1_The story behind Doodles' is visible

17-06-2024T18:43:38 - [MESSAGE][PASSED] - Object 'Object Repository/Page_The Story and Evolution of Doodles - G_6e786d/h1_The story behind Doodles' is visible

17-06-2024T18:43:38 - [TEST_STEP][PASSED] - verifyElementVisible(findTestObject("Object Repository/Page_The Story and Evolution of Doodles - G_6e786d/p_The first Doodle was a simple out-of-offi_345e61")): Object 'Object Repository/Page_The Story and Evolution of Doodles - G_6e786d/p_The first Doodle was a simple out-of-offi_345e61' is visible

17-06-2024T18:43:39 - [MESSAGE][PASSED] - Object 'Object Repository/Page_The Story and Evolution of Doodles - G_6e786d/p_The first Doodle was a simple out-of-offi_345e61' is visible

17-06-2024T18:43:39 - [TEST_STEP][PASSED] - verifyElementVisible(findTestObject("Object Repository/Page_The Story and Evolution of Doodles - G_6e786d/h2_Weve created more than 5,000 Doodles ove_111429")): Object 'Object Repository/Page_The Story and Evolution of Doodles - G_6e786d/h2_Weve created more than 5,000 Doodles ove_111429' is visible

17-06-2024T18:43:39 - [MESSAGE][PASSED] - Object 'Object Repository/Page_The Story and Evolution of Doodles - G_6e786d/h2_Weve created more than 5,000 Doodles ove_111429' is visible

17-06-2024T18:43:39 - [TEST_STEP][PASSED] - click(findTestObject("Object Repository/Page_The Story and Evolution of Doodles - G_6e786d/p_The first Doodle was a simple out-of-offi_345e61")): Object: 'Object Repository/Page_The Story and Evolution of Doodles - G_6e786d/p_The first Doodle was a simple out-of-offi_345e61' is clicked on

17-06-2024T18:43:40 - [MESSAGE][PASSED] - Object: 'Object Repository/Page_The Story and Evolution of Doodles - G_6e786d/p_The first Doodle was a simple out-of-offi_345e61' is clicked on

17-06-2024T18:43:40 - [TEST_STEP][PASSED] - verifyElementVisible(findTestObject("Object Repository/Page_The Story and Evolution of Doodles - G_6e786d/h1_The story behind Doodles")): Object 'Object Repository/Page_The Story and Evolution of Doodles - G_6e786d/h1_The story behind Doodles' is visible

17-06-2024T18:43:40 - [MESSAGE][PASSED] - Object 'Object Repository/Page_The Story and Evolution of Doodles - G_6e786d/h1_The story behind Doodles' is visible

17-06-2024T18:43:40 - [TEST_STEP][PASSED] - verifyElementVisible(findTestObject("Object Repository/Page_The Story and Evolution of Doodles - G_6e786d/p_The first Doodle was a simple out-of-offi_345e61")): Object 'Object Repository/Page_The Story and Evolution of Doodles - G_6e786d/p_The first Doodle was a simple out-of-offi_345e61' is visible

17-06-2024T18:43:40 - [MESSAGE][PASSED] - Object 'Object Repository/Page_The Story and Evolution of Doodles - G_6e786d/p_The first Doodle was a simple out-of-offi_345e61' is visible

17-06-2024T18:43:40 - [TEST_STEP][PASSED] - verifyElementVisible(findTestObject("Object Repository/Page_The Story and Evolution of Doodles - G_6e786d/h2_Weve created more than 5,000 Doodles ove_111429")): Object 'Object Repository/Page_The Story and Evolution of Doodles - G_6e786d/h2_Weve created more than 5,000 Doodles ove_111429' is visible

17-06-2024T18:43:41 - [MESSAGE][PASSED] - Object 'Object Repository/Page_The Story and Evolution of Doodles - G_6e786d/h2_Weve created more than 5,000 Doodles ove_111429' is visible

17-06-2024T18:43:41 - [TEST_STEP][PASSED] - click(findTestObject("Object Repository/Page_The Story and Evolution of Doodles - G_6e786d/p_The first Doodle was a simple out-of-offi_345e61")): Object: 'Object Repository/Page_The Story and Evolution of Doodles - G_6e786d/p_The first Doodle was a simple out-of-offi_345e61' is clicked on

17-06-2024T18:43:41 - [MESSAGE][PASSED] - Object: 'Object Repository/Page_The Story and Evolution of Doodles - G_6e786d/p_The first Doodle was a simple out-of-offi_345e61' is clicked on

17-06-2024T18:43:41 - [TEST_STEP][PASSED] - verifyElementVisible(findTestObject("Object Repository/Page_The Story and Evolution of Doodles - G_6e786d/h1_The story behind Doodles")): Object 'Object Repository/Page_The Story and Evolution of Doodles - G_6e786d/h1_The story behind Doodles' is visible

17-06-2024T18:43:41 - [MESSAGE][PASSED] - Object 'Object Repository/Page_The Story and Evolution of Doodles - G_6e786d/h1_The story behind Doodles' is visible

17-06-2024T18:43:41 - [TEST_STEP][PASSED] - verifyElementVisible(findTestObject("Object Repository/Page_The Story and Evolution of Doodles - G_6e786d/p_The first Doodle was a simple out-of-offi_345e61")): Object 'Object Repository/Page_The Story and Evolution of Doodles - G_6e786d/p_The first Doodle was a simple out-of-offi_345e61' is visible

17-06-2024T18:43:42 - [MESSAGE][PASSED] - Object 'Object Repository/Page_The Story and Evolution of Doodles - G_6e786d/p_The first Doodle was a simple out-of-offi_345e61' is visible

17-06-2024T18:43:42 - [TEST_STEP][PASSED] - verifyElementVisible(findTestObject("Object Repository/Page_The Story and Evolution of Doodles - G_6e786d/h2_Weve created more than 5,000 Doodles ove_111429")): Object 'Object Repository/Page_The Story and Evolution of Doodles - G_6e786d/h2_Weve created more than 5,000 Doodles ove_111429' is visible

17-06-2024T18:43:42 - [MESSAGE][PASSED] - Object 'Object Repository/Page_The Story and Evolution of Doodles - G_6e786d/h2_Weve created more than 5,000 Doodles ove_111429' is visible

17-06-2024T18:43:42 - [TEST_STEP][PASSED] - click(findTestObject("Object Repository/Page_The Story and Evolution of Doodles - G_6e786d/p_The first Doodle was a simple out-of-offi_345e61")): Object: 'Object Repository/Page_The Story and Evolution of Doodles - G_6e786d/p_The first Doodle was a simple out-of-offi_345e61' is clicked on

17-06-2024T18:43:42 - [MESSAGE][PASSED] - Object: 'Object Repository/Page_The Story and Evolution of Doodles - G_6e786d/p_The first Doodle was a simple out-of-offi_345e61' is clicked on

17-06-2024T18:43:42 - [TEST_STEP][PASSED] - verifyElementVisible(findTestObject("Object Repository/Page_The Story and Evolution of Doodles - G_6e786d/h1_The story behind Doodles")): Object 'Object Repository/Page_The Story and Evolution of Doodles - G_6e786d/h1_The story behind Doodles' is visible

17-06-2024T18:43:43 - [MESSAGE][PASSED] - Object 'Object Repository/Page_The Story and Evolution of Doodles - G_6e786d/h1_The story behind Doodles' is visible

17-06-2024T18:43:43 - [TEST_STEP][PASSED] - verifyElementVisible(findTestObject("Object Repository/Page_The Story and Evolution of Doodles - G_6e786d/p_The first Doodle was a simple out-of-offi_345e61")): Object 'Object Repository/Page_The Story and Evolution of Doodles - G_6e786d/p_The first Doodle was a simple out-of-offi_345e61' is visible

17-06-2024T18:43:43 - [MESSAGE][PASSED] - Object 'Object Repository/Page_The Story and Evolution of Doodles - G_6e786d/p_The first Doodle was a simple out-of-offi_345e61' is visible

17-06-2024T18:43:43 - [TEST_STEP][PASSED] - verifyElementVisible(findTestObject("Object Repository/Page_The Story and Evolution of Doodles - G_6e786d/h2_Weve created more than 5,000 Doodles ove_111429")): Object 'Object Repository/Page_The Story and Evolution of Doodles - G_6e786d/h2_Weve created more than 5,000 Doodles ove_111429' is visible

17-06-2024T18:43:43 - [MESSAGE][PASSED] - Object 'Object Repository/Page_The Story and Evolution of Doodles - G_6e786d/h2_Weve created more than 5,000 Doodles ove_111429' is visible

17-06-2024T18:43:43 - [TEST_STEP][PASSED] - click(findTestObject("Object Repository/Page_The Story and Evolution of Doodles - G_6e786d/p_The first Doodle was a simple out-of-offi_345e61")): Object: 'Object Repository/Page_The Story and Evolution of Doodles - G_6e786d/p_The first Doodle was a simple out-of-offi_345e61' is clicked on

17-06-2024T18:43:43 - [MESSAGE][PASSED] - Object: 'Object Repository/Page_The Story and Evolution of Doodles - G_6e786d/p_The first Doodle was a simple out-of-offi_345e61' is clicked on

17-06-2024T18:43:43 - [TEST_STEP][PASSED] - verifyElementVisible(findTestObject("Object Repository/Page_The Story and Evolution of Doodles - G_6e786d/h1_The story behind Doodles")): Object 'Object Repository/Page_The Story and Evolution of Doodles - G_6e786d/h1_The story behind Doodles' is visible

17-06-2024T18:43:44 - [MESSAGE][PASSED] - Object 'Object Repository/Page_The Story and Evolution of Doodles - G_6e786d/h1_The story behind Doodles' is visible

17-06-2024T18:43:44 - [TEST_STEP][PASSED] - verifyElementVisible(findTestObject("Object Repository/Page_The Story and Evolution of Doodles - G_6e786d/p_The first Doodle was a simple out-of-offi_345e61")): Object 'Object Repository/Page_The Story and Evolution of Doodles - G_6e786d/p_The first Doodle was a simple out-of-offi_345e61' is visible

17-06-2024T18:43:44 - [MESSAGE][PASSED] - Object 'Object Repository/Page_The Story and Evolution of Doodles - G_6e786d/p_The first Doodle was a simple out-of-offi_345e61' is visible

17-06-2024T18:43:44 - [TEST_STEP][PASSED] - verifyElementVisible(findTestObject("Object Repository/Page_The Story and Evolution of Doodles - G_6e786d/h2_Weve created more than 5,000 Doodles ove_111429")): Object 'Object Repository/Page_The Story and Evolution of Doodles - G_6e786d/h2_Weve created more than 5,000 Doodles ove_111429' is visible

17-06-2024T18:43:44 - [MESSAGE][PASSED] - Object 'Object Repository/Page_The Story and Evolution of Doodles - G_6e786d/h2_Weve created more than 5,000 Doodles ove_111429' is visible

17-06-2024T18:43:44 - [TEST_STEP][PASSED] - click(findTestObject("Object Repository/Page_The Story and Evolution of Doodles - G_6e786d/p_The first Doodle was a simple out-of-offi_345e61")): Object: 'Object Repository/Page_The Story and Evolution of Doodles - G_6e786d/p_The first Doodle was a simple out-of-offi_345e61' is clicked on

17-06-2024T18:43:45 - [MESSAGE][PASSED] - Object: 'Object Repository/Page_The Story and Evolution of Doodles - G_6e786d/p_The first Doodle was a simple out-of-offi_345e61' is clicked on

17-06-2024T18:43:45 - [TEST_STEP][PASSED] - verifyElementVisible(findTestObject("Object Repository/Page_The Story and Evolution of Doodles - G_6e786d/h1_The story behind Doodles")): Object 'Object Repository/Page_The Story and Evolution of Doodles - G_6e786d/h1_The story behind Doodles' is visible

17-06-2024T18:43:45 - [MESSAGE][PASSED] - Object 'Object Repository/Page_The Story and Evolution of Doodles - G_6e786d/h1_The story behind Doodles' is visible

17-06-2024T18:43:45 - [TEST_STEP][PASSED] - verifyElementVisible(findTestObject("Object Repository/Page_The Story and Evolution of Doodles - G_6e786d/p_The first Doodle was a simple out-of-offi_345e61")): Object 'Object Repository/Page_The Story and Evolution of Doodles - G_6e786d/p_The first Doodle was a simple out-of-offi_345e61' is visible

17-06-2024T18:43:46 - [MESSAGE][PASSED] - Object 'Object Repository/Page_The Story and Evolution of Doodles - G_6e786d/p_The first Doodle was a simple out-of-offi_345e61' is visible

17-06-2024T18:43:46 - [TEST_STEP][PASSED] - verifyElementVisible(findTestObject("Object Repository/Page_The Story and Evolution of Doodles - G_6e786d/h2_Weve created more than 5,000 Doodles ove_111429")): Object 'Object Repository/Page_The Story and Evolution of Doodles - G_6e786d/h2_Weve created more than 5,000 Doodles ove_111429' is visible

17-06-2024T18:43:46 - [MESSAGE][PASSED] - Object 'Object Repository/Page_The Story and Evolution of Doodles - G_6e786d/h2_Weve created more than 5,000 Doodles ove_111429' is visible

17-06-2024T18:43:46 - [TEST_STEP][PASSED] - click(findTestObject("Object Repository/Page_The Story and Evolution of Doodles - G_6e786d/p_The first Doodle was a simple out-of-offi_345e61")): Object: 'Object Repository/Page_The Story and Evolution of Doodles - G_6e786d/p_The first Doodle was a simple out-of-offi_345e61' is clicked on

17-06-2024T18:43:46 - [MESSAGE][PASSED] - Object: 'Object Repository/Page_The Story and Evolution of Doodles - G_6e786d/p_The first Doodle was a simple out-of-offi_345e61' is clicked on

17-06-2024T18:43:47 - [TEST_STEP][PASSED] - verifyElementVisible(findTestObject("Object Repository/Page_The Story and Evolution of Doodles - G_6e786d/h1_The story behind Doodles")): Object 'Object Repository/Page_The Story and Evolution of Doodles - G_6e786d/h1_The story behind Doodles' is visible

17-06-2024T18:43:47 - [MESSAGE][PASSED] - Object 'Object Repository/Page_The Story and Evolution of Doodles - G_6e786d/h1_The story behind Doodles' is visible

17-06-2024T18:43:47 - [TEST_STEP][PASSED] - verifyElementVisible(findTestObject("Object Repository/Page_The Story and Evolution of Doodles - G_6e786d/p_The first Doodle was a simple out-of-offi_345e61")): Object 'Object Repository/Page_The Story and Evolution of Doodles - G_6e786d/p_The first Doodle was a simple out-of-offi_345e61' is visible

17-06-2024T18:43:47 - [MESSAGE][PASSED] - Object 'Object Repository/Page_The Story and Evolution of Doodles - G_6e786d/p_The first Doodle was a simple out-of-offi_345e61' is visible

17-06-2024T18:43:47 - [TEST_STEP][PASSED] - verifyElementVisible(findTestObject("Object Repository/Page_The Story and Evolution of Doodles - G_6e786d/h2_Weve created more than 5,000 Doodles ove_111429")): Object 'Object Repository/Page_The Story and Evolution of Doodles - G_6e786d/h2_Weve created more than 5,000 Doodles ove_111429' is visible

17-06-2024T18:43:47 - [MESSAGE][PASSED] - Object 'Object Repository/Page_The Story and Evolution of Doodles - G_6e786d/h2_Weve created more than 5,000 Doodles ove_111429' is visible

17-06-2024T18:43:47 - [TEST_STEP][PASSED] - click(findTestObject("Object Repository/Page_The Story and Evolution of Doodles - G_6e786d/p_The first Doodle was a simple out-of-offi_345e61")): Object: 'Object Repository/Page_The Story and Evolution of Doodles - G_6e786d/p_The first Doodle was a simple out-of-offi_345e61' is clicked on

17-06-2024T18:43:48 - [MESSAGE][PASSED] - Object: 'Object Repository/Page_The Story and Evolution of Doodles - G_6e786d/p_The first Doodle was a simple out-of-offi_345e61' is clicked on

17-06-2024T18:43:48 - [TEST_STEP][PASSED] - verifyElementVisible(findTestObject("Object Repository/Page_The Story and Evolution of Doodles - G_6e786d/h1_The story behind Doodles")): Object 'Object Repository/Page_The Story and Evolution of Doodles - G_6e786d/h1_The story behind Doodles' is visible

17-06-2024T18:43:48 - [MESSAGE][PASSED] - Object 'Object Repository/Page_The Story and Evolution of Doodles - G_6e786d/h1_The story behind Doodles' is visible

17-06-2024T18:43:48 - [TEST_STEP][PASSED] - verifyElementVisible(findTestObject("Object Repository/Page_The Story and Evolution of Doodles - G_6e786d/p_The first Doodle was a simple out-of-offi_345e61")): Object 'Object Repository/Page_The Story and Evolution of Doodles - G_6e786d/p_The first Doodle was a simple out-of-offi_345e61' is visible

17-06-2024T18:43:48 - [MESSAGE][PASSED] - Object 'Object Repository/Page_The Story and Evolution of Doodles - G_6e786d/p_The first Doodle was a simple out-of-offi_345e61' is visible

17-06-2024T18:43:48 - [TEST_STEP][PASSED] - verifyElementVisible(findTestObject("Object Repository/Page_The Story and Evolution of Doodles - G_6e786d/h2_Weve created more than 5,000 Doodles ove_111429")): Object 'Object Repository/Page_The Story and Evolution of Doodles - G_6e786d/h2_Weve created more than 5,000 Doodles ove_111429' is visible

17-06-2024T18:43:49 - [MESSAGE][PASSED] - Object 'Object Repository/Page_The Story and Evolution of Doodles - G_6e786d/h2_Weve created more than 5,000 Doodles ove_111429' is visible

17-06-2024T18:43:49 - [TEST_STEP][PASSED] - click(findTestObject("Object Repository/Page_The Story and Evolution of Doodles - G_6e786d/p_The first Doodle was a simple out-of-offi_345e61")): Object: 'Object Repository/Page_The Story and Evolution of Doodles - G_6e786d/p_The first Doodle was a simple out-of-offi_345e61' is clicked on

17-06-2024T18:43:49 - [MESSAGE][PASSED] - Object: 'Object Repository/Page_The Story and Evolution of Doodles - G_6e786d/p_The first Doodle was a simple out-of-offi_345e61' is clicked on

17-06-2024T18:43:49 - [TEST_STEP][PASSED] - verifyElementVisible(findTestObject("Object Repository/Page_The Story and Evolution of Doodles - G_6e786d/h1_The story behind Doodles")): Object 'Object Repository/Page_The Story and Evolution of Doodles - G_6e786d/h1_The story behind Doodles' is visible

17-06-2024T18:43:49 - [MESSAGE][PASSED] - Object 'Object Repository/Page_The Story and Evolution of Doodles - G_6e786d/h1_The story behind Doodles' is visible

17-06-2024T18:43:49 - [TEST_STEP][PASSED] - verifyElementVisible(findTestObject("Object Repository/Page_The Story and Evolution of Doodles - G_6e786d/p_The first Doodle was a simple out-of-offi_345e61")): Object 'Object Repository/Page_The Story and Evolution of Doodles - G_6e786d/p_The first Doodle was a simple out-of-offi_345e61' is visible

17-06-2024T18:43:50 - [MESSAGE][PASSED] - Object 'Object Repository/Page_The Story and Evolution of Doodles - G_6e786d/p_The first Doodle was a simple out-of-offi_345e61' is visible

17-06-2024T18:43:50 - [TEST_STEP][PASSED] - verifyElementVisible(findTestObject("Object Repository/Page_The Story and Evolution of Doodles - G_6e786d/h2_Weve created more than 5,000 Doodles ove_111429")): Object 'Object Repository/Page_The Story and Evolution of Doodles - G_6e786d/h2_Weve created more than 5,000 Doodles ove_111429' is visible

17-06-2024T18:43:50 - [MESSAGE][PASSED] - Object 'Object Repository/Page_The Story and Evolution of Doodles - G_6e786d/h2_Weve created more than 5,000 Doodles ove_111429' is visible]]></system-out>
         <system-err><![CDATA[]]></system-err>
      </testcase>
      <testcase name="Test Cases/test case folder 1/tc1 - Copy (3) - Copy (2)" time="18.717" classname="Test Cases/test case folder 1/tc1 - Copy (3) - Copy (2)" status="PASSED">
         <system-out><![CDATA[17-06-2024T18:43:50 - [TEST_CASE][PASSED] - Test Cases/test case folder 1/tc1 - Copy (3) - Copy (2): Test Cases/test case folder 1/tc1 - Copy (3) - Copy (2)

17-06-2024T18:43:50 - [TEST_STEP][PASSED] - openBrowser(""): Browser is opened with url: ''

17-06-2024T18:43:50 - [MESSAGE][WARNING] - A browser is already opened. Closing browser and opening a new one

17-06-2024T18:43:51 - [MESSAGE][INFO] - Starting 'Chrome (headless)' driver

17-06-2024T18:43:51 - [MESSAGE][INFO] - Action delay is set to 0 milliseconds

17-06-2024T18:43:52 - [MESSAGE][PASSED] - Browser is opened with url: ''

17-06-2024T18:43:52 - [TEST_STEP][PASSED] - navigateToUrl("https://doodles.google/about/"): Navigate to 'https://doodles.google/about/' successfully

17-06-2024T18:43:54 - [MESSAGE][PASSED] - Navigate to 'https://doodles.google/about/' successfully

17-06-2024T18:43:54 - [TEST_STEP][PASSED] - click(findTestObject("Object Repository/Page_The Story and Evolution of Doodles - G_6e786d/p_The first Doodle was a simple out-of-offi_345e61")): Object: 'Object Repository/Page_The Story and Evolution of Doodles - G_6e786d/p_The first Doodle was a simple out-of-offi_345e61' is clicked on

17-06-2024T18:43:55 - [MESSAGE][PASSED] - Object: 'Object Repository/Page_The Story and Evolution of Doodles - G_6e786d/p_The first Doodle was a simple out-of-offi_345e61' is clicked on

17-06-2024T18:43:55 - [TEST_STEP][PASSED] - click(findTestObject("Object Repository/Page_The Story and Evolution of Doodles - G_6e786d/p_The first Doodle was a simple out-of-offi_345e61")): Object: 'Object Repository/Page_The Story and Evolution of Doodles - G_6e786d/p_The first Doodle was a simple out-of-offi_345e61' is clicked on

17-06-2024T18:43:55 - [MESSAGE][PASSED] - Object: 'Object Repository/Page_The Story and Evolution of Doodles - G_6e786d/p_The first Doodle was a simple out-of-offi_345e61' is clicked on

17-06-2024T18:43:55 - [TEST_STEP][PASSED] - verifyElementVisible(findTestObject("Object Repository/Page_The Story and Evolution of Doodles - G_6e786d/h1_The story behind Doodles")): Object 'Object Repository/Page_The Story and Evolution of Doodles - G_6e786d/h1_The story behind Doodles' is visible

17-06-2024T18:43:55 - [MESSAGE][PASSED] - Object 'Object Repository/Page_The Story and Evolution of Doodles - G_6e786d/h1_The story behind Doodles' is visible

17-06-2024T18:43:55 - [TEST_STEP][PASSED] - verifyElementVisible(findTestObject("Object Repository/Page_The Story and Evolution of Doodles - G_6e786d/p_The first Doodle was a simple out-of-offi_345e61")): Object 'Object Repository/Page_The Story and Evolution of Doodles - G_6e786d/p_The first Doodle was a simple out-of-offi_345e61' is visible

17-06-2024T18:43:56 - [MESSAGE][PASSED] - Object 'Object Repository/Page_The Story and Evolution of Doodles - G_6e786d/p_The first Doodle was a simple out-of-offi_345e61' is visible

17-06-2024T18:43:56 - [TEST_STEP][PASSED] - verifyElementVisible(findTestObject("Object Repository/Page_The Story and Evolution of Doodles - G_6e786d/h2_Weve created more than 5,000 Doodles ove_111429")): Object 'Object Repository/Page_The Story and Evolution of Doodles - G_6e786d/h2_Weve created more than 5,000 Doodles ove_111429' is visible

17-06-2024T18:43:56 - [MESSAGE][PASSED] - Object 'Object Repository/Page_The Story and Evolution of Doodles - G_6e786d/h2_Weve created more than 5,000 Doodles ove_111429' is visible

17-06-2024T18:43:56 - [TEST_STEP][PASSED] - verifyElementVisible(findTestObject("Object Repository/Page_The Story and Evolution of Doodles - G_6e786d/h1_The story behind Doodles")): Object 'Object Repository/Page_The Story and Evolution of Doodles - G_6e786d/h1_The story behind Doodles' is visible

17-06-2024T18:43:56 - [MESSAGE][PASSED] - Object 'Object Repository/Page_The Story and Evolution of Doodles - G_6e786d/h1_The story behind Doodles' is visible

17-06-2024T18:43:56 - [TEST_STEP][PASSED] - verifyElementVisible(findTestObject("Object Repository/Page_The Story and Evolution of Doodles - G_6e786d/p_The first Doodle was a simple out-of-offi_345e61")): Object 'Object Repository/Page_The Story and Evolution of Doodles - G_6e786d/p_The first Doodle was a simple out-of-offi_345e61' is visible

17-06-2024T18:43:57 - [MESSAGE][PASSED] - Object 'Object Repository/Page_The Story and Evolution of Doodles - G_6e786d/p_The first Doodle was a simple out-of-offi_345e61' is visible

17-06-2024T18:43:57 - [TEST_STEP][PASSED] - verifyElementVisible(findTestObject("Object Repository/Page_The Story and Evolution of Doodles - G_6e786d/h2_Weve created more than 5,000 Doodles ove_111429")): Object 'Object Repository/Page_The Story and Evolution of Doodles - G_6e786d/h2_Weve created more than 5,000 Doodles ove_111429' is visible

17-06-2024T18:43:57 - [MESSAGE][PASSED] - Object 'Object Repository/Page_The Story and Evolution of Doodles - G_6e786d/h2_Weve created more than 5,000 Doodles ove_111429' is visible

17-06-2024T18:43:57 - [TEST_STEP][PASSED] - click(findTestObject("Object Repository/Page_The Story and Evolution of Doodles - G_6e786d/p_The first Doodle was a simple out-of-offi_345e61")): Object: 'Object Repository/Page_The Story and Evolution of Doodles - G_6e786d/p_The first Doodle was a simple out-of-offi_345e61' is clicked on

17-06-2024T18:43:57 - [MESSAGE][PASSED] - Object: 'Object Repository/Page_The Story and Evolution of Doodles - G_6e786d/p_The first Doodle was a simple out-of-offi_345e61' is clicked on

17-06-2024T18:43:57 - [TEST_STEP][PASSED] - verifyElementVisible(findTestObject("Object Repository/Page_The Story and Evolution of Doodles - G_6e786d/h1_The story behind Doodles")): Object 'Object Repository/Page_The Story and Evolution of Doodles - G_6e786d/h1_The story behind Doodles' is visible

17-06-2024T18:43:58 - [MESSAGE][PASSED] - Object 'Object Repository/Page_The Story and Evolution of Doodles - G_6e786d/h1_The story behind Doodles' is visible

17-06-2024T18:43:58 - [TEST_STEP][PASSED] - verifyElementVisible(findTestObject("Object Repository/Page_The Story and Evolution of Doodles - G_6e786d/p_The first Doodle was a simple out-of-offi_345e61")): Object 'Object Repository/Page_The Story and Evolution of Doodles - G_6e786d/p_The first Doodle was a simple out-of-offi_345e61' is visible

17-06-2024T18:43:58 - [MESSAGE][PASSED] - Object 'Object Repository/Page_The Story and Evolution of Doodles - G_6e786d/p_The first Doodle was a simple out-of-offi_345e61' is visible

17-06-2024T18:43:58 - [TEST_STEP][PASSED] - verifyElementVisible(findTestObject("Object Repository/Page_The Story and Evolution of Doodles - G_6e786d/h2_Weve created more than 5,000 Doodles ove_111429")): Object 'Object Repository/Page_The Story and Evolution of Doodles - G_6e786d/h2_Weve created more than 5,000 Doodles ove_111429' is visible

17-06-2024T18:43:58 - [MESSAGE][PASSED] - Object 'Object Repository/Page_The Story and Evolution of Doodles - G_6e786d/h2_Weve created more than 5,000 Doodles ove_111429' is visible

17-06-2024T18:43:58 - [TEST_STEP][PASSED] - click(findTestObject("Object Repository/Page_The Story and Evolution of Doodles - G_6e786d/p_The first Doodle was a simple out-of-offi_345e61")): Object: 'Object Repository/Page_The Story and Evolution of Doodles - G_6e786d/p_The first Doodle was a simple out-of-offi_345e61' is clicked on

17-06-2024T18:43:59 - [MESSAGE][PASSED] - Object: 'Object Repository/Page_The Story and Evolution of Doodles - G_6e786d/p_The first Doodle was a simple out-of-offi_345e61' is clicked on

17-06-2024T18:43:59 - [TEST_STEP][PASSED] - verifyElementVisible(findTestObject("Object Repository/Page_The Story and Evolution of Doodles - G_6e786d/h1_The story behind Doodles")): Object 'Object Repository/Page_The Story and Evolution of Doodles - G_6e786d/h1_The story behind Doodles' is visible

17-06-2024T18:43:59 - [MESSAGE][PASSED] - Object 'Object Repository/Page_The Story and Evolution of Doodles - G_6e786d/h1_The story behind Doodles' is visible

17-06-2024T18:43:59 - [TEST_STEP][PASSED] - verifyElementVisible(findTestObject("Object Repository/Page_The Story and Evolution of Doodles - G_6e786d/p_The first Doodle was a simple out-of-offi_345e61")): Object 'Object Repository/Page_The Story and Evolution of Doodles - G_6e786d/p_The first Doodle was a simple out-of-offi_345e61' is visible

17-06-2024T18:43:59 - [MESSAGE][PASSED] - Object 'Object Repository/Page_The Story and Evolution of Doodles - G_6e786d/p_The first Doodle was a simple out-of-offi_345e61' is visible

17-06-2024T18:43:59 - [TEST_STEP][PASSED] - verifyElementVisible(findTestObject("Object Repository/Page_The Story and Evolution of Doodles - G_6e786d/h2_Weve created more than 5,000 Doodles ove_111429")): Object 'Object Repository/Page_The Story and Evolution of Doodles - G_6e786d/h2_Weve created more than 5,000 Doodles ove_111429' is visible

17-06-2024T18:44:00 - [MESSAGE][PASSED] - Object 'Object Repository/Page_The Story and Evolution of Doodles - G_6e786d/h2_Weve created more than 5,000 Doodles ove_111429' is visible

17-06-2024T18:44:00 - [TEST_STEP][PASSED] - click(findTestObject("Object Repository/Page_The Story and Evolution of Doodles - G_6e786d/p_The first Doodle was a simple out-of-offi_345e61")): Object: 'Object Repository/Page_The Story and Evolution of Doodles - G_6e786d/p_The first Doodle was a simple out-of-offi_345e61' is clicked on

17-06-2024T18:44:00 - [MESSAGE][PASSED] - Object: 'Object Repository/Page_The Story and Evolution of Doodles - G_6e786d/p_The first Doodle was a simple out-of-offi_345e61' is clicked on

17-06-2024T18:44:00 - [TEST_STEP][PASSED] - verifyElementVisible(findTestObject("Object Repository/Page_The Story and Evolution of Doodles - G_6e786d/h1_The story behind Doodles")): Object 'Object Repository/Page_The Story and Evolution of Doodles - G_6e786d/h1_The story behind Doodles' is visible

17-06-2024T18:44:00 - [MESSAGE][PASSED] - Object 'Object Repository/Page_The Story and Evolution of Doodles - G_6e786d/h1_The story behind Doodles' is visible

17-06-2024T18:44:00 - [TEST_STEP][PASSED] - verifyElementVisible(findTestObject("Object Repository/Page_The Story and Evolution of Doodles - G_6e786d/p_The first Doodle was a simple out-of-offi_345e61")): Object 'Object Repository/Page_The Story and Evolution of Doodles - G_6e786d/p_The first Doodle was a simple out-of-offi_345e61' is visible

17-06-2024T18:44:01 - [MESSAGE][PASSED] - Object 'Object Repository/Page_The Story and Evolution of Doodles - G_6e786d/p_The first Doodle was a simple out-of-offi_345e61' is visible

17-06-2024T18:44:01 - [TEST_STEP][PASSED] - verifyElementVisible(findTestObject("Object Repository/Page_The Story and Evolution of Doodles - G_6e786d/h2_Weve created more than 5,000 Doodles ove_111429")): Object 'Object Repository/Page_The Story and Evolution of Doodles - G_6e786d/h2_Weve created more than 5,000 Doodles ove_111429' is visible

17-06-2024T18:44:01 - [MESSAGE][PASSED] - Object 'Object Repository/Page_The Story and Evolution of Doodles - G_6e786d/h2_Weve created more than 5,000 Doodles ove_111429' is visible

17-06-2024T18:44:01 - [TEST_STEP][PASSED] - click(findTestObject("Object Repository/Page_The Story and Evolution of Doodles - G_6e786d/p_The first Doodle was a simple out-of-offi_345e61")): Object: 'Object Repository/Page_The Story and Evolution of Doodles - G_6e786d/p_The first Doodle was a simple out-of-offi_345e61' is clicked on

17-06-2024T18:44:01 - [MESSAGE][PASSED] - Object: 'Object Repository/Page_The Story and Evolution of Doodles - G_6e786d/p_The first Doodle was a simple out-of-offi_345e61' is clicked on

17-06-2024T18:44:01 - [TEST_STEP][PASSED] - verifyElementVisible(findTestObject("Object Repository/Page_The Story and Evolution of Doodles - G_6e786d/h1_The story behind Doodles")): Object 'Object Repository/Page_The Story and Evolution of Doodles - G_6e786d/h1_The story behind Doodles' is visible

17-06-2024T18:44:02 - [MESSAGE][PASSED] - Object 'Object Repository/Page_The Story and Evolution of Doodles - G_6e786d/h1_The story behind Doodles' is visible

17-06-2024T18:44:02 - [TEST_STEP][PASSED] - verifyElementVisible(findTestObject("Object Repository/Page_The Story and Evolution of Doodles - G_6e786d/p_The first Doodle was a simple out-of-offi_345e61")): Object 'Object Repository/Page_The Story and Evolution of Doodles - G_6e786d/p_The first Doodle was a simple out-of-offi_345e61' is visible

17-06-2024T18:44:02 - [MESSAGE][PASSED] - Object 'Object Repository/Page_The Story and Evolution of Doodles - G_6e786d/p_The first Doodle was a simple out-of-offi_345e61' is visible

17-06-2024T18:44:02 - [TEST_STEP][PASSED] - verifyElementVisible(findTestObject("Object Repository/Page_The Story and Evolution of Doodles - G_6e786d/h2_Weve created more than 5,000 Doodles ove_111429")): Object 'Object Repository/Page_The Story and Evolution of Doodles - G_6e786d/h2_Weve created more than 5,000 Doodles ove_111429' is visible

17-06-2024T18:44:02 - [MESSAGE][PASSED] - Object 'Object Repository/Page_The Story and Evolution of Doodles - G_6e786d/h2_Weve created more than 5,000 Doodles ove_111429' is visible

17-06-2024T18:44:02 - [TEST_STEP][PASSED] - click(findTestObject("Object Repository/Page_The Story and Evolution of Doodles - G_6e786d/p_The first Doodle was a simple out-of-offi_345e61")): Object: 'Object Repository/Page_The Story and Evolution of Doodles - G_6e786d/p_The first Doodle was a simple out-of-offi_345e61' is clicked on

17-06-2024T18:44:03 - [MESSAGE][PASSED] - Object: 'Object Repository/Page_The Story and Evolution of Doodles - G_6e786d/p_The first Doodle was a simple out-of-offi_345e61' is clicked on

17-06-2024T18:44:03 - [TEST_STEP][PASSED] - verifyElementVisible(findTestObject("Object Repository/Page_The Story and Evolution of Doodles - G_6e786d/h1_The story behind Doodles")): Object 'Object Repository/Page_The Story and Evolution of Doodles - G_6e786d/h1_The story behind Doodles' is visible

17-06-2024T18:44:03 - [MESSAGE][PASSED] - Object 'Object Repository/Page_The Story and Evolution of Doodles - G_6e786d/h1_The story behind Doodles' is visible

17-06-2024T18:44:03 - [TEST_STEP][PASSED] - verifyElementVisible(findTestObject("Object Repository/Page_The Story and Evolution of Doodles - G_6e786d/p_The first Doodle was a simple out-of-offi_345e61")): Object 'Object Repository/Page_The Story and Evolution of Doodles - G_6e786d/p_The first Doodle was a simple out-of-offi_345e61' is visible

17-06-2024T18:44:03 - [MESSAGE][PASSED] - Object 'Object Repository/Page_The Story and Evolution of Doodles - G_6e786d/p_The first Doodle was a simple out-of-offi_345e61' is visible

17-06-2024T18:44:03 - [TEST_STEP][PASSED] - verifyElementVisible(findTestObject("Object Repository/Page_The Story and Evolution of Doodles - G_6e786d/h2_Weve created more than 5,000 Doodles ove_111429")): Object 'Object Repository/Page_The Story and Evolution of Doodles - G_6e786d/h2_Weve created more than 5,000 Doodles ove_111429' is visible

17-06-2024T18:44:03 - [MESSAGE][PASSED] - Object 'Object Repository/Page_The Story and Evolution of Doodles - G_6e786d/h2_Weve created more than 5,000 Doodles ove_111429' is visible

17-06-2024T18:44:03 - [TEST_STEP][PASSED] - click(findTestObject("Object Repository/Page_The Story and Evolution of Doodles - G_6e786d/p_The first Doodle was a simple out-of-offi_345e61")): Object: 'Object Repository/Page_The Story and Evolution of Doodles - G_6e786d/p_The first Doodle was a simple out-of-offi_345e61' is clicked on

17-06-2024T18:44:04 - [MESSAGE][PASSED] - Object: 'Object Repository/Page_The Story and Evolution of Doodles - G_6e786d/p_The first Doodle was a simple out-of-offi_345e61' is clicked on

17-06-2024T18:44:04 - [TEST_STEP][PASSED] - verifyElementVisible(findTestObject("Object Repository/Page_The Story and Evolution of Doodles - G_6e786d/h1_The story behind Doodles")): Object 'Object Repository/Page_The Story and Evolution of Doodles - G_6e786d/h1_The story behind Doodles' is visible

17-06-2024T18:44:04 - [MESSAGE][PASSED] - Object 'Object Repository/Page_The Story and Evolution of Doodles - G_6e786d/h1_The story behind Doodles' is visible

17-06-2024T18:44:04 - [TEST_STEP][PASSED] - verifyElementVisible(findTestObject("Object Repository/Page_The Story and Evolution of Doodles - G_6e786d/p_The first Doodle was a simple out-of-offi_345e61")): Object 'Object Repository/Page_The Story and Evolution of Doodles - G_6e786d/p_The first Doodle was a simple out-of-offi_345e61' is visible

17-06-2024T18:44:04 - [MESSAGE][PASSED] - Object 'Object Repository/Page_The Story and Evolution of Doodles - G_6e786d/p_The first Doodle was a simple out-of-offi_345e61' is visible

17-06-2024T18:44:04 - [TEST_STEP][PASSED] - verifyElementVisible(findTestObject("Object Repository/Page_The Story and Evolution of Doodles - G_6e786d/h2_Weve created more than 5,000 Doodles ove_111429")): Object 'Object Repository/Page_The Story and Evolution of Doodles - G_6e786d/h2_Weve created more than 5,000 Doodles ove_111429' is visible

17-06-2024T18:44:05 - [MESSAGE][PASSED] - Object 'Object Repository/Page_The Story and Evolution of Doodles - G_6e786d/h2_Weve created more than 5,000 Doodles ove_111429' is visible

17-06-2024T18:44:05 - [TEST_STEP][PASSED] - click(findTestObject("Object Repository/Page_The Story and Evolution of Doodles - G_6e786d/p_The first Doodle was a simple out-of-offi_345e61")): Object: 'Object Repository/Page_The Story and Evolution of Doodles - G_6e786d/p_The first Doodle was a simple out-of-offi_345e61' is clicked on

17-06-2024T18:44:05 - [MESSAGE][PASSED] - Object: 'Object Repository/Page_The Story and Evolution of Doodles - G_6e786d/p_The first Doodle was a simple out-of-offi_345e61' is clicked on

17-06-2024T18:44:05 - [TEST_STEP][PASSED] - verifyElementVisible(findTestObject("Object Repository/Page_The Story and Evolution of Doodles - G_6e786d/h1_The story behind Doodles")): Object 'Object Repository/Page_The Story and Evolution of Doodles - G_6e786d/h1_The story behind Doodles' is visible

17-06-2024T18:44:05 - [MESSAGE][PASSED] - Object 'Object Repository/Page_The Story and Evolution of Doodles - G_6e786d/h1_The story behind Doodles' is visible

17-06-2024T18:44:05 - [TEST_STEP][PASSED] - verifyElementVisible(findTestObject("Object Repository/Page_The Story and Evolution of Doodles - G_6e786d/p_The first Doodle was a simple out-of-offi_345e61")): Object 'Object Repository/Page_The Story and Evolution of Doodles - G_6e786d/p_The first Doodle was a simple out-of-offi_345e61' is visible

17-06-2024T18:44:06 - [MESSAGE][PASSED] - Object 'Object Repository/Page_The Story and Evolution of Doodles - G_6e786d/p_The first Doodle was a simple out-of-offi_345e61' is visible

17-06-2024T18:44:06 - [TEST_STEP][PASSED] - verifyElementVisible(findTestObject("Object Repository/Page_The Story and Evolution of Doodles - G_6e786d/h2_Weve created more than 5,000 Doodles ove_111429")): Object 'Object Repository/Page_The Story and Evolution of Doodles - G_6e786d/h2_Weve created more than 5,000 Doodles ove_111429' is visible

17-06-2024T18:44:06 - [MESSAGE][PASSED] - Object 'Object Repository/Page_The Story and Evolution of Doodles - G_6e786d/h2_Weve created more than 5,000 Doodles ove_111429' is visible

17-06-2024T18:44:06 - [TEST_STEP][PASSED] - click(findTestObject("Object Repository/Page_The Story and Evolution of Doodles - G_6e786d/p_The first Doodle was a simple out-of-offi_345e61")): Object: 'Object Repository/Page_The Story and Evolution of Doodles - G_6e786d/p_The first Doodle was a simple out-of-offi_345e61' is clicked on

17-06-2024T18:44:07 - [MESSAGE][PASSED] - Object: 'Object Repository/Page_The Story and Evolution of Doodles - G_6e786d/p_The first Doodle was a simple out-of-offi_345e61' is clicked on

17-06-2024T18:44:07 - [TEST_STEP][PASSED] - verifyElementVisible(findTestObject("Object Repository/Page_The Story and Evolution of Doodles - G_6e786d/h1_The story behind Doodles")): Object 'Object Repository/Page_The Story and Evolution of Doodles - G_6e786d/h1_The story behind Doodles' is visible

17-06-2024T18:44:07 - [MESSAGE][PASSED] - Object 'Object Repository/Page_The Story and Evolution of Doodles - G_6e786d/h1_The story behind Doodles' is visible

17-06-2024T18:44:07 - [TEST_STEP][PASSED] - verifyElementVisible(findTestObject("Object Repository/Page_The Story and Evolution of Doodles - G_6e786d/p_The first Doodle was a simple out-of-offi_345e61")): Object 'Object Repository/Page_The Story and Evolution of Doodles - G_6e786d/p_The first Doodle was a simple out-of-offi_345e61' is visible

17-06-2024T18:44:07 - [MESSAGE][PASSED] - Object 'Object Repository/Page_The Story and Evolution of Doodles - G_6e786d/p_The first Doodle was a simple out-of-offi_345e61' is visible

17-06-2024T18:44:07 - [TEST_STEP][PASSED] - verifyElementVisible(findTestObject("Object Repository/Page_The Story and Evolution of Doodles - G_6e786d/h2_Weve created more than 5,000 Doodles ove_111429")): Object 'Object Repository/Page_The Story and Evolution of Doodles - G_6e786d/h2_Weve created more than 5,000 Doodles ove_111429' is visible

17-06-2024T18:44:07 - [MESSAGE][PASSED] - Object 'Object Repository/Page_The Story and Evolution of Doodles - G_6e786d/h2_Weve created more than 5,000 Doodles ove_111429' is visible

17-06-2024T18:44:07 - [TEST_STEP][PASSED] - click(findTestObject("Object Repository/Page_The Story and Evolution of Doodles - G_6e786d/p_The first Doodle was a simple out-of-offi_345e61")): Object: 'Object Repository/Page_The Story and Evolution of Doodles - G_6e786d/p_The first Doodle was a simple out-of-offi_345e61' is clicked on

17-06-2024T18:44:08 - [MESSAGE][PASSED] - Object: 'Object Repository/Page_The Story and Evolution of Doodles - G_6e786d/p_The first Doodle was a simple out-of-offi_345e61' is clicked on

17-06-2024T18:44:08 - [TEST_STEP][PASSED] - verifyElementVisible(findTestObject("Object Repository/Page_The Story and Evolution of Doodles - G_6e786d/h1_The story behind Doodles")): Object 'Object Repository/Page_The Story and Evolution of Doodles - G_6e786d/h1_The story behind Doodles' is visible

17-06-2024T18:44:08 - [MESSAGE][PASSED] - Object 'Object Repository/Page_The Story and Evolution of Doodles - G_6e786d/h1_The story behind Doodles' is visible

17-06-2024T18:44:08 - [TEST_STEP][PASSED] - verifyElementVisible(findTestObject("Object Repository/Page_The Story and Evolution of Doodles - G_6e786d/p_The first Doodle was a simple out-of-offi_345e61")): Object 'Object Repository/Page_The Story and Evolution of Doodles - G_6e786d/p_The first Doodle was a simple out-of-offi_345e61' is visible

17-06-2024T18:44:09 - [MESSAGE][PASSED] - Object 'Object Repository/Page_The Story and Evolution of Doodles - G_6e786d/p_The first Doodle was a simple out-of-offi_345e61' is visible

17-06-2024T18:44:09 - [TEST_STEP][PASSED] - verifyElementVisible(findTestObject("Object Repository/Page_The Story and Evolution of Doodles - G_6e786d/h2_Weve created more than 5,000 Doodles ove_111429")): Object 'Object Repository/Page_The Story and Evolution of Doodles - G_6e786d/h2_Weve created more than 5,000 Doodles ove_111429' is visible

17-06-2024T18:44:09 - [MESSAGE][PASSED] - Object 'Object Repository/Page_The Story and Evolution of Doodles - G_6e786d/h2_Weve created more than 5,000 Doodles ove_111429' is visible]]></system-out>
         <system-err><![CDATA[]]></system-err>
      </testcase>
      <testcase name="Test Cases/test case folder 1/tc1 - Copy (3) - Copy (3)" time="19.789" classname="Test Cases/test case folder 1/tc1 - Copy (3) - Copy (3)" status="PASSED">
         <system-out><![CDATA[17-06-2024T18:44:09 - [TEST_CASE][PASSED] - Test Cases/test case folder 1/tc1 - Copy (3) - Copy (3): Test Cases/test case folder 1/tc1 - Copy (3) - Copy (3)

17-06-2024T18:44:09 - [TEST_STEP][PASSED] - openBrowser(""): Browser is opened with url: ''

17-06-2024T18:44:09 - [MESSAGE][WARNING] - A browser is already opened. Closing browser and opening a new one

17-06-2024T18:44:09 - [MESSAGE][INFO] - Starting 'Chrome (headless)' driver

17-06-2024T18:44:09 - [MESSAGE][INFO] - Action delay is set to 0 milliseconds

17-06-2024T18:44:10 - [MESSAGE][PASSED] - Browser is opened with url: ''

17-06-2024T18:44:10 - [TEST_STEP][PASSED] - navigateToUrl("https://doodles.google/about/"): Navigate to 'https://doodles.google/about/' successfully

17-06-2024T18:44:14 - [MESSAGE][PASSED] - Navigate to 'https://doodles.google/about/' successfully

17-06-2024T18:44:14 - [TEST_STEP][PASSED] - click(findTestObject("Object Repository/Page_The Story and Evolution of Doodles - G_6e786d/p_The first Doodle was a simple out-of-offi_345e61")): Object: 'Object Repository/Page_The Story and Evolution of Doodles - G_6e786d/p_The first Doodle was a simple out-of-offi_345e61' is clicked on

17-06-2024T18:44:14 - [MESSAGE][PASSED] - Object: 'Object Repository/Page_The Story and Evolution of Doodles - G_6e786d/p_The first Doodle was a simple out-of-offi_345e61' is clicked on

17-06-2024T18:44:14 - [TEST_STEP][PASSED] - click(findTestObject("Object Repository/Page_The Story and Evolution of Doodles - G_6e786d/p_The first Doodle was a simple out-of-offi_345e61")): Object: 'Object Repository/Page_The Story and Evolution of Doodles - G_6e786d/p_The first Doodle was a simple out-of-offi_345e61' is clicked on

17-06-2024T18:44:14 - [MESSAGE][PASSED] - Object: 'Object Repository/Page_The Story and Evolution of Doodles - G_6e786d/p_The first Doodle was a simple out-of-offi_345e61' is clicked on

17-06-2024T18:44:14 - [TEST_STEP][PASSED] - verifyElementVisible(findTestObject("Object Repository/Page_The Story and Evolution of Doodles - G_6e786d/h1_The story behind Doodles")): Object 'Object Repository/Page_The Story and Evolution of Doodles - G_6e786d/h1_The story behind Doodles' is visible

17-06-2024T18:44:15 - [MESSAGE][PASSED] - Object 'Object Repository/Page_The Story and Evolution of Doodles - G_6e786d/h1_The story behind Doodles' is visible

17-06-2024T18:44:15 - [TEST_STEP][PASSED] - verifyElementVisible(findTestObject("Object Repository/Page_The Story and Evolution of Doodles - G_6e786d/p_The first Doodle was a simple out-of-offi_345e61")): Object 'Object Repository/Page_The Story and Evolution of Doodles - G_6e786d/p_The first Doodle was a simple out-of-offi_345e61' is visible

17-06-2024T18:44:15 - [MESSAGE][PASSED] - Object 'Object Repository/Page_The Story and Evolution of Doodles - G_6e786d/p_The first Doodle was a simple out-of-offi_345e61' is visible

17-06-2024T18:44:15 - [TEST_STEP][PASSED] - verifyElementVisible(findTestObject("Object Repository/Page_The Story and Evolution of Doodles - G_6e786d/h2_Weve created more than 5,000 Doodles ove_111429")): Object 'Object Repository/Page_The Story and Evolution of Doodles - G_6e786d/h2_Weve created more than 5,000 Doodles ove_111429' is visible

17-06-2024T18:44:15 - [MESSAGE][PASSED] - Object 'Object Repository/Page_The Story and Evolution of Doodles - G_6e786d/h2_Weve created more than 5,000 Doodles ove_111429' is visible

17-06-2024T18:44:15 - [TEST_STEP][PASSED] - verifyElementVisible(findTestObject("Object Repository/Page_The Story and Evolution of Doodles - G_6e786d/h1_The story behind Doodles")): Object 'Object Repository/Page_The Story and Evolution of Doodles - G_6e786d/h1_The story behind Doodles' is visible

17-06-2024T18:44:16 - [MESSAGE][PASSED] - Object 'Object Repository/Page_The Story and Evolution of Doodles - G_6e786d/h1_The story behind Doodles' is visible

17-06-2024T18:44:16 - [TEST_STEP][PASSED] - verifyElementVisible(findTestObject("Object Repository/Page_The Story and Evolution of Doodles - G_6e786d/p_The first Doodle was a simple out-of-offi_345e61")): Object 'Object Repository/Page_The Story and Evolution of Doodles - G_6e786d/p_The first Doodle was a simple out-of-offi_345e61' is visible

17-06-2024T18:44:16 - [MESSAGE][PASSED] - Object 'Object Repository/Page_The Story and Evolution of Doodles - G_6e786d/p_The first Doodle was a simple out-of-offi_345e61' is visible

17-06-2024T18:44:16 - [TEST_STEP][PASSED] - verifyElementVisible(findTestObject("Object Repository/Page_The Story and Evolution of Doodles - G_6e786d/h2_Weve created more than 5,000 Doodles ove_111429")): Object 'Object Repository/Page_The Story and Evolution of Doodles - G_6e786d/h2_Weve created more than 5,000 Doodles ove_111429' is visible

17-06-2024T18:44:16 - [MESSAGE][PASSED] - Object 'Object Repository/Page_The Story and Evolution of Doodles - G_6e786d/h2_Weve created more than 5,000 Doodles ove_111429' is visible

17-06-2024T18:44:16 - [TEST_STEP][PASSED] - click(findTestObject("Object Repository/Page_The Story and Evolution of Doodles - G_6e786d/p_The first Doodle was a simple out-of-offi_345e61")): Object: 'Object Repository/Page_The Story and Evolution of Doodles - G_6e786d/p_The first Doodle was a simple out-of-offi_345e61' is clicked on

17-06-2024T18:44:17 - [MESSAGE][PASSED] - Object: 'Object Repository/Page_The Story and Evolution of Doodles - G_6e786d/p_The first Doodle was a simple out-of-offi_345e61' is clicked on

17-06-2024T18:44:17 - [TEST_STEP][PASSED] - verifyElementVisible(findTestObject("Object Repository/Page_The Story and Evolution of Doodles - G_6e786d/h1_The story behind Doodles")): Object 'Object Repository/Page_The Story and Evolution of Doodles - G_6e786d/h1_The story behind Doodles' is visible

17-06-2024T18:44:17 - [MESSAGE][PASSED] - Object 'Object Repository/Page_The Story and Evolution of Doodles - G_6e786d/h1_The story behind Doodles' is visible

17-06-2024T18:44:17 - [TEST_STEP][PASSED] - verifyElementVisible(findTestObject("Object Repository/Page_The Story and Evolution of Doodles - G_6e786d/p_The first Doodle was a simple out-of-offi_345e61")): Object 'Object Repository/Page_The Story and Evolution of Doodles - G_6e786d/p_The first Doodle was a simple out-of-offi_345e61' is visible

17-06-2024T18:44:17 - [MESSAGE][PASSED] - Object 'Object Repository/Page_The Story and Evolution of Doodles - G_6e786d/p_The first Doodle was a simple out-of-offi_345e61' is visible

17-06-2024T18:44:17 - [TEST_STEP][PASSED] - verifyElementVisible(findTestObject("Object Repository/Page_The Story and Evolution of Doodles - G_6e786d/h2_Weve created more than 5,000 Doodles ove_111429")): Object 'Object Repository/Page_The Story and Evolution of Doodles - G_6e786d/h2_Weve created more than 5,000 Doodles ove_111429' is visible

17-06-2024T18:44:18 - [MESSAGE][PASSED] - Object 'Object Repository/Page_The Story and Evolution of Doodles - G_6e786d/h2_Weve created more than 5,000 Doodles ove_111429' is visible

17-06-2024T18:44:18 - [TEST_STEP][PASSED] - click(findTestObject("Object Repository/Page_The Story and Evolution of Doodles - G_6e786d/p_The first Doodle was a simple out-of-offi_345e61")): Object: 'Object Repository/Page_The Story and Evolution of Doodles - G_6e786d/p_The first Doodle was a simple out-of-offi_345e61' is clicked on

17-06-2024T18:44:18 - [MESSAGE][PASSED] - Object: 'Object Repository/Page_The Story and Evolution of Doodles - G_6e786d/p_The first Doodle was a simple out-of-offi_345e61' is clicked on

17-06-2024T18:44:18 - [TEST_STEP][PASSED] - verifyElementVisible(findTestObject("Object Repository/Page_The Story and Evolution of Doodles - G_6e786d/h1_The story behind Doodles")): Object 'Object Repository/Page_The Story and Evolution of Doodles - G_6e786d/h1_The story behind Doodles' is visible

17-06-2024T18:44:18 - [MESSAGE][PASSED] - Object 'Object Repository/Page_The Story and Evolution of Doodles - G_6e786d/h1_The story behind Doodles' is visible

17-06-2024T18:44:18 - [TEST_STEP][PASSED] - verifyElementVisible(findTestObject("Object Repository/Page_The Story and Evolution of Doodles - G_6e786d/p_The first Doodle was a simple out-of-offi_345e61")): Object 'Object Repository/Page_The Story and Evolution of Doodles - G_6e786d/p_The first Doodle was a simple out-of-offi_345e61' is visible

17-06-2024T18:44:19 - [MESSAGE][PASSED] - Object 'Object Repository/Page_The Story and Evolution of Doodles - G_6e786d/p_The first Doodle was a simple out-of-offi_345e61' is visible

17-06-2024T18:44:19 - [TEST_STEP][PASSED] - verifyElementVisible(findTestObject("Object Repository/Page_The Story and Evolution of Doodles - G_6e786d/h2_Weve created more than 5,000 Doodles ove_111429")): Object 'Object Repository/Page_The Story and Evolution of Doodles - G_6e786d/h2_Weve created more than 5,000 Doodles ove_111429' is visible

17-06-2024T18:44:19 - [MESSAGE][PASSED] - Object 'Object Repository/Page_The Story and Evolution of Doodles - G_6e786d/h2_Weve created more than 5,000 Doodles ove_111429' is visible

17-06-2024T18:44:19 - [TEST_STEP][PASSED] - click(findTestObject("Object Repository/Page_The Story and Evolution of Doodles - G_6e786d/p_The first Doodle was a simple out-of-offi_345e61")): Object: 'Object Repository/Page_The Story and Evolution of Doodles - G_6e786d/p_The first Doodle was a simple out-of-offi_345e61' is clicked on

17-06-2024T18:44:20 - [MESSAGE][PASSED] - Object: 'Object Repository/Page_The Story and Evolution of Doodles - G_6e786d/p_The first Doodle was a simple out-of-offi_345e61' is clicked on

17-06-2024T18:44:20 - [TEST_STEP][PASSED] - verifyElementVisible(findTestObject("Object Repository/Page_The Story and Evolution of Doodles - G_6e786d/h1_The story behind Doodles")): Object 'Object Repository/Page_The Story and Evolution of Doodles - G_6e786d/h1_The story behind Doodles' is visible

17-06-2024T18:44:20 - [MESSAGE][PASSED] - Object 'Object Repository/Page_The Story and Evolution of Doodles - G_6e786d/h1_The story behind Doodles' is visible

17-06-2024T18:44:20 - [TEST_STEP][PASSED] - verifyElementVisible(findTestObject("Object Repository/Page_The Story and Evolution of Doodles - G_6e786d/p_The first Doodle was a simple out-of-offi_345e61")): Object 'Object Repository/Page_The Story and Evolution of Doodles - G_6e786d/p_The first Doodle was a simple out-of-offi_345e61' is visible

17-06-2024T18:44:20 - [MESSAGE][PASSED] - Object 'Object Repository/Page_The Story and Evolution of Doodles - G_6e786d/p_The first Doodle was a simple out-of-offi_345e61' is visible

17-06-2024T18:44:20 - [TEST_STEP][PASSED] - verifyElementVisible(findTestObject("Object Repository/Page_The Story and Evolution of Doodles - G_6e786d/h2_Weve created more than 5,000 Doodles ove_111429")): Object 'Object Repository/Page_The Story and Evolution of Doodles - G_6e786d/h2_Weve created more than 5,000 Doodles ove_111429' is visible

17-06-2024T18:44:20 - [MESSAGE][PASSED] - Object 'Object Repository/Page_The Story and Evolution of Doodles - G_6e786d/h2_Weve created more than 5,000 Doodles ove_111429' is visible

17-06-2024T18:44:20 - [TEST_STEP][PASSED] - click(findTestObject("Object Repository/Page_The Story and Evolution of Doodles - G_6e786d/p_The first Doodle was a simple out-of-offi_345e61")): Object: 'Object Repository/Page_The Story and Evolution of Doodles - G_6e786d/p_The first Doodle was a simple out-of-offi_345e61' is clicked on

17-06-2024T18:44:21 - [MESSAGE][PASSED] - Object: 'Object Repository/Page_The Story and Evolution of Doodles - G_6e786d/p_The first Doodle was a simple out-of-offi_345e61' is clicked on

17-06-2024T18:44:21 - [TEST_STEP][PASSED] - verifyElementVisible(findTestObject("Object Repository/Page_The Story and Evolution of Doodles - G_6e786d/h1_The story behind Doodles")): Object 'Object Repository/Page_The Story and Evolution of Doodles - G_6e786d/h1_The story behind Doodles' is visible

17-06-2024T18:44:21 - [MESSAGE][PASSED] - Object 'Object Repository/Page_The Story and Evolution of Doodles - G_6e786d/h1_The story behind Doodles' is visible

17-06-2024T18:44:21 - [TEST_STEP][PASSED] - verifyElementVisible(findTestObject("Object Repository/Page_The Story and Evolution of Doodles - G_6e786d/p_The first Doodle was a simple out-of-offi_345e61")): Object 'Object Repository/Page_The Story and Evolution of Doodles - G_6e786d/p_The first Doodle was a simple out-of-offi_345e61' is visible

17-06-2024T18:44:22 - [MESSAGE][PASSED] - Object 'Object Repository/Page_The Story and Evolution of Doodles - G_6e786d/p_The first Doodle was a simple out-of-offi_345e61' is visible

17-06-2024T18:44:22 - [TEST_STEP][PASSED] - verifyElementVisible(findTestObject("Object Repository/Page_The Story and Evolution of Doodles - G_6e786d/h2_Weve created more than 5,000 Doodles ove_111429")): Object 'Object Repository/Page_The Story and Evolution of Doodles - G_6e786d/h2_Weve created more than 5,000 Doodles ove_111429' is visible

17-06-2024T18:44:22 - [MESSAGE][PASSED] - Object 'Object Repository/Page_The Story and Evolution of Doodles - G_6e786d/h2_Weve created more than 5,000 Doodles ove_111429' is visible

17-06-2024T18:44:22 - [TEST_STEP][PASSED] - click(findTestObject("Object Repository/Page_The Story and Evolution of Doodles - G_6e786d/p_The first Doodle was a simple out-of-offi_345e61")): Object: 'Object Repository/Page_The Story and Evolution of Doodles - G_6e786d/p_The first Doodle was a simple out-of-offi_345e61' is clicked on

17-06-2024T18:44:22 - [MESSAGE][PASSED] - Object: 'Object Repository/Page_The Story and Evolution of Doodles - G_6e786d/p_The first Doodle was a simple out-of-offi_345e61' is clicked on

17-06-2024T18:44:22 - [TEST_STEP][PASSED] - verifyElementVisible(findTestObject("Object Repository/Page_The Story and Evolution of Doodles - G_6e786d/h1_The story behind Doodles")): Object 'Object Repository/Page_The Story and Evolution of Doodles - G_6e786d/h1_The story behind Doodles' is visible

17-06-2024T18:44:23 - [MESSAGE][PASSED] - Object 'Object Repository/Page_The Story and Evolution of Doodles - G_6e786d/h1_The story behind Doodles' is visible

17-06-2024T18:44:23 - [TEST_STEP][PASSED] - verifyElementVisible(findTestObject("Object Repository/Page_The Story and Evolution of Doodles - G_6e786d/p_The first Doodle was a simple out-of-offi_345e61")): Object 'Object Repository/Page_The Story and Evolution of Doodles - G_6e786d/p_The first Doodle was a simple out-of-offi_345e61' is visible

17-06-2024T18:44:23 - [MESSAGE][PASSED] - Object 'Object Repository/Page_The Story and Evolution of Doodles - G_6e786d/p_The first Doodle was a simple out-of-offi_345e61' is visible

17-06-2024T18:44:23 - [TEST_STEP][PASSED] - verifyElementVisible(findTestObject("Object Repository/Page_The Story and Evolution of Doodles - G_6e786d/h2_Weve created more than 5,000 Doodles ove_111429")): Object 'Object Repository/Page_The Story and Evolution of Doodles - G_6e786d/h2_Weve created more than 5,000 Doodles ove_111429' is visible

17-06-2024T18:44:23 - [MESSAGE][PASSED] - Object 'Object Repository/Page_The Story and Evolution of Doodles - G_6e786d/h2_Weve created more than 5,000 Doodles ove_111429' is visible

17-06-2024T18:44:23 - [TEST_STEP][PASSED] - click(findTestObject("Object Repository/Page_The Story and Evolution of Doodles - G_6e786d/p_The first Doodle was a simple out-of-offi_345e61")): Object: 'Object Repository/Page_The Story and Evolution of Doodles - G_6e786d/p_The first Doodle was a simple out-of-offi_345e61' is clicked on

17-06-2024T18:44:24 - [MESSAGE][PASSED] - Object: 'Object Repository/Page_The Story and Evolution of Doodles - G_6e786d/p_The first Doodle was a simple out-of-offi_345e61' is clicked on

17-06-2024T18:44:24 - [TEST_STEP][PASSED] - verifyElementVisible(findTestObject("Object Repository/Page_The Story and Evolution of Doodles - G_6e786d/h1_The story behind Doodles")): Object 'Object Repository/Page_The Story and Evolution of Doodles - G_6e786d/h1_The story behind Doodles' is visible

17-06-2024T18:44:24 - [MESSAGE][PASSED] - Object 'Object Repository/Page_The Story and Evolution of Doodles - G_6e786d/h1_The story behind Doodles' is visible

17-06-2024T18:44:24 - [TEST_STEP][PASSED] - verifyElementVisible(findTestObject("Object Repository/Page_The Story and Evolution of Doodles - G_6e786d/p_The first Doodle was a simple out-of-offi_345e61")): Object 'Object Repository/Page_The Story and Evolution of Doodles - G_6e786d/p_The first Doodle was a simple out-of-offi_345e61' is visible

17-06-2024T18:44:24 - [MESSAGE][PASSED] - Object 'Object Repository/Page_The Story and Evolution of Doodles - G_6e786d/p_The first Doodle was a simple out-of-offi_345e61' is visible

17-06-2024T18:44:24 - [TEST_STEP][PASSED] - verifyElementVisible(findTestObject("Object Repository/Page_The Story and Evolution of Doodles - G_6e786d/h2_Weve created more than 5,000 Doodles ove_111429")): Object 'Object Repository/Page_The Story and Evolution of Doodles - G_6e786d/h2_Weve created more than 5,000 Doodles ove_111429' is visible

17-06-2024T18:44:25 - [MESSAGE][PASSED] - Object 'Object Repository/Page_The Story and Evolution of Doodles - G_6e786d/h2_Weve created more than 5,000 Doodles ove_111429' is visible

17-06-2024T18:44:25 - [TEST_STEP][PASSED] - click(findTestObject("Object Repository/Page_The Story and Evolution of Doodles - G_6e786d/p_The first Doodle was a simple out-of-offi_345e61")): Object: 'Object Repository/Page_The Story and Evolution of Doodles - G_6e786d/p_The first Doodle was a simple out-of-offi_345e61' is clicked on

17-06-2024T18:44:25 - [MESSAGE][PASSED] - Object: 'Object Repository/Page_The Story and Evolution of Doodles - G_6e786d/p_The first Doodle was a simple out-of-offi_345e61' is clicked on

17-06-2024T18:44:25 - [TEST_STEP][PASSED] - verifyElementVisible(findTestObject("Object Repository/Page_The Story and Evolution of Doodles - G_6e786d/h1_The story behind Doodles")): Object 'Object Repository/Page_The Story and Evolution of Doodles - G_6e786d/h1_The story behind Doodles' is visible

17-06-2024T18:44:25 - [MESSAGE][PASSED] - Object 'Object Repository/Page_The Story and Evolution of Doodles - G_6e786d/h1_The story behind Doodles' is visible

17-06-2024T18:44:25 - [TEST_STEP][PASSED] - verifyElementVisible(findTestObject("Object Repository/Page_The Story and Evolution of Doodles - G_6e786d/p_The first Doodle was a simple out-of-offi_345e61")): Object 'Object Repository/Page_The Story and Evolution of Doodles - G_6e786d/p_The first Doodle was a simple out-of-offi_345e61' is visible

17-06-2024T18:44:26 - [MESSAGE][PASSED] - Object 'Object Repository/Page_The Story and Evolution of Doodles - G_6e786d/p_The first Doodle was a simple out-of-offi_345e61' is visible

17-06-2024T18:44:26 - [TEST_STEP][PASSED] - verifyElementVisible(findTestObject("Object Repository/Page_The Story and Evolution of Doodles - G_6e786d/h2_Weve created more than 5,000 Doodles ove_111429")): Object 'Object Repository/Page_The Story and Evolution of Doodles - G_6e786d/h2_Weve created more than 5,000 Doodles ove_111429' is visible

17-06-2024T18:44:26 - [MESSAGE][PASSED] - Object 'Object Repository/Page_The Story and Evolution of Doodles - G_6e786d/h2_Weve created more than 5,000 Doodles ove_111429' is visible

17-06-2024T18:44:26 - [TEST_STEP][PASSED] - click(findTestObject("Object Repository/Page_The Story and Evolution of Doodles - G_6e786d/p_The first Doodle was a simple out-of-offi_345e61")): Object: 'Object Repository/Page_The Story and Evolution of Doodles - G_6e786d/p_The first Doodle was a simple out-of-offi_345e61' is clicked on

17-06-2024T18:44:26 - [MESSAGE][PASSED] - Object: 'Object Repository/Page_The Story and Evolution of Doodles - G_6e786d/p_The first Doodle was a simple out-of-offi_345e61' is clicked on

17-06-2024T18:44:26 - [TEST_STEP][PASSED] - verifyElementVisible(findTestObject("Object Repository/Page_The Story and Evolution of Doodles - G_6e786d/h1_The story behind Doodles")): Object 'Object Repository/Page_The Story and Evolution of Doodles - G_6e786d/h1_The story behind Doodles' is visible

17-06-2024T18:44:27 - [MESSAGE][PASSED] - Object 'Object Repository/Page_The Story and Evolution of Doodles - G_6e786d/h1_The story behind Doodles' is visible

17-06-2024T18:44:27 - [TEST_STEP][PASSED] - verifyElementVisible(findTestObject("Object Repository/Page_The Story and Evolution of Doodles - G_6e786d/p_The first Doodle was a simple out-of-offi_345e61")): Object 'Object Repository/Page_The Story and Evolution of Doodles - G_6e786d/p_The first Doodle was a simple out-of-offi_345e61' is visible

17-06-2024T18:44:27 - [MESSAGE][PASSED] - Object 'Object Repository/Page_The Story and Evolution of Doodles - G_6e786d/p_The first Doodle was a simple out-of-offi_345e61' is visible

17-06-2024T18:44:27 - [TEST_STEP][PASSED] - verifyElementVisible(findTestObject("Object Repository/Page_The Story and Evolution of Doodles - G_6e786d/h2_Weve created more than 5,000 Doodles ove_111429")): Object 'Object Repository/Page_The Story and Evolution of Doodles - G_6e786d/h2_Weve created more than 5,000 Doodles ove_111429' is visible

17-06-2024T18:44:27 - [MESSAGE][PASSED] - Object 'Object Repository/Page_The Story and Evolution of Doodles - G_6e786d/h2_Weve created more than 5,000 Doodles ove_111429' is visible

17-06-2024T18:44:27 - [TEST_STEP][PASSED] - click(findTestObject("Object Repository/Page_The Story and Evolution of Doodles - G_6e786d/p_The first Doodle was a simple out-of-offi_345e61")): Object: 'Object Repository/Page_The Story and Evolution of Doodles - G_6e786d/p_The first Doodle was a simple out-of-offi_345e61' is clicked on

17-06-2024T18:44:28 - [MESSAGE][PASSED] - Object: 'Object Repository/Page_The Story and Evolution of Doodles - G_6e786d/p_The first Doodle was a simple out-of-offi_345e61' is clicked on

17-06-2024T18:44:28 - [TEST_STEP][PASSED] - verifyElementVisible(findTestObject("Object Repository/Page_The Story and Evolution of Doodles - G_6e786d/h1_The story behind Doodles")): Object 'Object Repository/Page_The Story and Evolution of Doodles - G_6e786d/h1_The story behind Doodles' is visible

17-06-2024T18:44:28 - [MESSAGE][PASSED] - Object 'Object Repository/Page_The Story and Evolution of Doodles - G_6e786d/h1_The story behind Doodles' is visible

17-06-2024T18:44:28 - [TEST_STEP][PASSED] - verifyElementVisible(findTestObject("Object Repository/Page_The Story and Evolution of Doodles - G_6e786d/p_The first Doodle was a simple out-of-offi_345e61")): Object 'Object Repository/Page_The Story and Evolution of Doodles - G_6e786d/p_The first Doodle was a simple out-of-offi_345e61' is visible

17-06-2024T18:44:28 - [MESSAGE][PASSED] - Object 'Object Repository/Page_The Story and Evolution of Doodles - G_6e786d/p_The first Doodle was a simple out-of-offi_345e61' is visible

17-06-2024T18:44:28 - [TEST_STEP][PASSED] - verifyElementVisible(findTestObject("Object Repository/Page_The Story and Evolution of Doodles - G_6e786d/h2_Weve created more than 5,000 Doodles ove_111429")): Object 'Object Repository/Page_The Story and Evolution of Doodles - G_6e786d/h2_Weve created more than 5,000 Doodles ove_111429' is visible

17-06-2024T18:44:29 - [MESSAGE][PASSED] - Object 'Object Repository/Page_The Story and Evolution of Doodles - G_6e786d/h2_Weve created more than 5,000 Doodles ove_111429' is visible]]></system-out>
         <system-err><![CDATA[]]></system-err>
      </testcase>
      <testcase name="Test Cases/test case folder 1/tc1 - Copy (3) - Copy (4)" time="19.744" classname="Test Cases/test case folder 1/tc1 - Copy (3) - Copy (4)" status="PASSED">
         <system-out><![CDATA[17-06-2024T18:44:29 - [TEST_CASE][PASSED] - Test Cases/test case folder 1/tc1 - Copy (3) - Copy (4): Test Cases/test case folder 1/tc1 - Copy (3) - Copy (4)

17-06-2024T18:44:29 - [TEST_STEP][PASSED] - openBrowser(""): Browser is opened with url: ''

17-06-2024T18:44:29 - [MESSAGE][WARNING] - A browser is already opened. Closing browser and opening a new one

17-06-2024T18:44:29 - [MESSAGE][INFO] - Starting 'Chrome (headless)' driver

17-06-2024T18:44:29 - [MESSAGE][INFO] - Action delay is set to 0 milliseconds

17-06-2024T18:44:30 - [MESSAGE][PASSED] - Browser is opened with url: ''

17-06-2024T18:44:30 - [TEST_STEP][PASSED] - navigateToUrl("https://doodles.google/about/"): Navigate to 'https://doodles.google/about/' successfully

17-06-2024T18:44:34 - [MESSAGE][PASSED] - Navigate to 'https://doodles.google/about/' successfully

17-06-2024T18:44:34 - [TEST_STEP][PASSED] - click(findTestObject("Object Repository/Page_The Story and Evolution of Doodles - G_6e786d/p_The first Doodle was a simple out-of-offi_345e61")): Object: 'Object Repository/Page_The Story and Evolution of Doodles - G_6e786d/p_The first Doodle was a simple out-of-offi_345e61' is clicked on

17-06-2024T18:44:34 - [MESSAGE][PASSED] - Object: 'Object Repository/Page_The Story and Evolution of Doodles - G_6e786d/p_The first Doodle was a simple out-of-offi_345e61' is clicked on

17-06-2024T18:44:34 - [TEST_STEP][PASSED] - click(findTestObject("Object Repository/Page_The Story and Evolution of Doodles - G_6e786d/p_The first Doodle was a simple out-of-offi_345e61")): Object: 'Object Repository/Page_The Story and Evolution of Doodles - G_6e786d/p_The first Doodle was a simple out-of-offi_345e61' is clicked on

17-06-2024T18:44:34 - [MESSAGE][PASSED] - Object: 'Object Repository/Page_The Story and Evolution of Doodles - G_6e786d/p_The first Doodle was a simple out-of-offi_345e61' is clicked on

17-06-2024T18:44:34 - [TEST_STEP][PASSED] - verifyElementVisible(findTestObject("Object Repository/Page_The Story and Evolution of Doodles - G_6e786d/h1_The story behind Doodles")): Object 'Object Repository/Page_The Story and Evolution of Doodles - G_6e786d/h1_The story behind Doodles' is visible

17-06-2024T18:44:35 - [MESSAGE][PASSED] - Object 'Object Repository/Page_The Story and Evolution of Doodles - G_6e786d/h1_The story behind Doodles' is visible

17-06-2024T18:44:35 - [TEST_STEP][PASSED] - verifyElementVisible(findTestObject("Object Repository/Page_The Story and Evolution of Doodles - G_6e786d/p_The first Doodle was a simple out-of-offi_345e61")): Object 'Object Repository/Page_The Story and Evolution of Doodles - G_6e786d/p_The first Doodle was a simple out-of-offi_345e61' is visible

17-06-2024T18:44:35 - [MESSAGE][PASSED] - Object 'Object Repository/Page_The Story and Evolution of Doodles - G_6e786d/p_The first Doodle was a simple out-of-offi_345e61' is visible

17-06-2024T18:44:35 - [TEST_STEP][PASSED] - verifyElementVisible(findTestObject("Object Repository/Page_The Story and Evolution of Doodles - G_6e786d/h2_Weve created more than 5,000 Doodles ove_111429")): Object 'Object Repository/Page_The Story and Evolution of Doodles - G_6e786d/h2_Weve created more than 5,000 Doodles ove_111429' is visible

17-06-2024T18:44:35 - [MESSAGE][PASSED] - Object 'Object Repository/Page_The Story and Evolution of Doodles - G_6e786d/h2_Weve created more than 5,000 Doodles ove_111429' is visible

17-06-2024T18:44:35 - [TEST_STEP][PASSED] - verifyElementVisible(findTestObject("Object Repository/Page_The Story and Evolution of Doodles - G_6e786d/h1_The story behind Doodles")): Object 'Object Repository/Page_The Story and Evolution of Doodles - G_6e786d/h1_The story behind Doodles' is visible

17-06-2024T18:44:36 - [MESSAGE][PASSED] - Object 'Object Repository/Page_The Story and Evolution of Doodles - G_6e786d/h1_The story behind Doodles' is visible

17-06-2024T18:44:36 - [TEST_STEP][PASSED] - verifyElementVisible(findTestObject("Object Repository/Page_The Story and Evolution of Doodles - G_6e786d/p_The first Doodle was a simple out-of-offi_345e61")): Object 'Object Repository/Page_The Story and Evolution of Doodles - G_6e786d/p_The first Doodle was a simple out-of-offi_345e61' is visible

17-06-2024T18:44:36 - [MESSAGE][PASSED] - Object 'Object Repository/Page_The Story and Evolution of Doodles - G_6e786d/p_The first Doodle was a simple out-of-offi_345e61' is visible

17-06-2024T18:44:36 - [TEST_STEP][PASSED] - verifyElementVisible(findTestObject("Object Repository/Page_The Story and Evolution of Doodles - G_6e786d/h2_Weve created more than 5,000 Doodles ove_111429")): Object 'Object Repository/Page_The Story and Evolution of Doodles - G_6e786d/h2_Weve created more than 5,000 Doodles ove_111429' is visible

17-06-2024T18:44:36 - [MESSAGE][PASSED] - Object 'Object Repository/Page_The Story and Evolution of Doodles - G_6e786d/h2_Weve created more than 5,000 Doodles ove_111429' is visible

17-06-2024T18:44:36 - [TEST_STEP][PASSED] - click(findTestObject("Object Repository/Page_The Story and Evolution of Doodles - G_6e786d/p_The first Doodle was a simple out-of-offi_345e61")): Object: 'Object Repository/Page_The Story and Evolution of Doodles - G_6e786d/p_The first Doodle was a simple out-of-offi_345e61' is clicked on

17-06-2024T18:44:37 - [MESSAGE][PASSED] - Object: 'Object Repository/Page_The Story and Evolution of Doodles - G_6e786d/p_The first Doodle was a simple out-of-offi_345e61' is clicked on

17-06-2024T18:44:37 - [TEST_STEP][PASSED] - verifyElementVisible(findTestObject("Object Repository/Page_The Story and Evolution of Doodles - G_6e786d/h1_The story behind Doodles")): Object 'Object Repository/Page_The Story and Evolution of Doodles - G_6e786d/h1_The story behind Doodles' is visible

17-06-2024T18:44:37 - [MESSAGE][PASSED] - Object 'Object Repository/Page_The Story and Evolution of Doodles - G_6e786d/h1_The story behind Doodles' is visible

17-06-2024T18:44:37 - [TEST_STEP][PASSED] - verifyElementVisible(findTestObject("Object Repository/Page_The Story and Evolution of Doodles - G_6e786d/p_The first Doodle was a simple out-of-offi_345e61")): Object 'Object Repository/Page_The Story and Evolution of Doodles - G_6e786d/p_The first Doodle was a simple out-of-offi_345e61' is visible

17-06-2024T18:44:37 - [MESSAGE][PASSED] - Object 'Object Repository/Page_The Story and Evolution of Doodles - G_6e786d/p_The first Doodle was a simple out-of-offi_345e61' is visible

17-06-2024T18:44:37 - [TEST_STEP][PASSED] - verifyElementVisible(findTestObject("Object Repository/Page_The Story and Evolution of Doodles - G_6e786d/h2_Weve created more than 5,000 Doodles ove_111429")): Object 'Object Repository/Page_The Story and Evolution of Doodles - G_6e786d/h2_Weve created more than 5,000 Doodles ove_111429' is visible

17-06-2024T18:44:38 - [MESSAGE][PASSED] - Object 'Object Repository/Page_The Story and Evolution of Doodles - G_6e786d/h2_Weve created more than 5,000 Doodles ove_111429' is visible

17-06-2024T18:44:38 - [TEST_STEP][PASSED] - click(findTestObject("Object Repository/Page_The Story and Evolution of Doodles - G_6e786d/p_The first Doodle was a simple out-of-offi_345e61")): Object: 'Object Repository/Page_The Story and Evolution of Doodles - G_6e786d/p_The first Doodle was a simple out-of-offi_345e61' is clicked on

17-06-2024T18:44:38 - [MESSAGE][PASSED] - Object: 'Object Repository/Page_The Story and Evolution of Doodles - G_6e786d/p_The first Doodle was a simple out-of-offi_345e61' is clicked on

17-06-2024T18:44:38 - [TEST_STEP][PASSED] - verifyElementVisible(findTestObject("Object Repository/Page_The Story and Evolution of Doodles - G_6e786d/h1_The story behind Doodles")): Object 'Object Repository/Page_The Story and Evolution of Doodles - G_6e786d/h1_The story behind Doodles' is visible

17-06-2024T18:44:38 - [MESSAGE][PASSED] - Object 'Object Repository/Page_The Story and Evolution of Doodles - G_6e786d/h1_The story behind Doodles' is visible

17-06-2024T18:44:38 - [TEST_STEP][PASSED] - verifyElementVisible(findTestObject("Object Repository/Page_The Story and Evolution of Doodles - G_6e786d/p_The first Doodle was a simple out-of-offi_345e61")): Object 'Object Repository/Page_The Story and Evolution of Doodles - G_6e786d/p_The first Doodle was a simple out-of-offi_345e61' is visible

17-06-2024T18:44:39 - [MESSAGE][PASSED] - Object 'Object Repository/Page_The Story and Evolution of Doodles - G_6e786d/p_The first Doodle was a simple out-of-offi_345e61' is visible

17-06-2024T18:44:39 - [TEST_STEP][PASSED] - verifyElementVisible(findTestObject("Object Repository/Page_The Story and Evolution of Doodles - G_6e786d/h2_Weve created more than 5,000 Doodles ove_111429")): Object 'Object Repository/Page_The Story and Evolution of Doodles - G_6e786d/h2_Weve created more than 5,000 Doodles ove_111429' is visible

17-06-2024T18:44:39 - [MESSAGE][PASSED] - Object 'Object Repository/Page_The Story and Evolution of Doodles - G_6e786d/h2_Weve created more than 5,000 Doodles ove_111429' is visible

17-06-2024T18:44:39 - [TEST_STEP][PASSED] - click(findTestObject("Object Repository/Page_The Story and Evolution of Doodles - G_6e786d/p_The first Doodle was a simple out-of-offi_345e61")): Object: 'Object Repository/Page_The Story and Evolution of Doodles - G_6e786d/p_The first Doodle was a simple out-of-offi_345e61' is clicked on

17-06-2024T18:44:39 - [MESSAGE][PASSED] - Object: 'Object Repository/Page_The Story and Evolution of Doodles - G_6e786d/p_The first Doodle was a simple out-of-offi_345e61' is clicked on

17-06-2024T18:44:39 - [TEST_STEP][PASSED] - verifyElementVisible(findTestObject("Object Repository/Page_The Story and Evolution of Doodles - G_6e786d/h1_The story behind Doodles")): Object 'Object Repository/Page_The Story and Evolution of Doodles - G_6e786d/h1_The story behind Doodles' is visible

17-06-2024T18:44:40 - [MESSAGE][PASSED] - Object 'Object Repository/Page_The Story and Evolution of Doodles - G_6e786d/h1_The story behind Doodles' is visible

17-06-2024T18:44:40 - [TEST_STEP][PASSED] - verifyElementVisible(findTestObject("Object Repository/Page_The Story and Evolution of Doodles - G_6e786d/p_The first Doodle was a simple out-of-offi_345e61")): Object 'Object Repository/Page_The Story and Evolution of Doodles - G_6e786d/p_The first Doodle was a simple out-of-offi_345e61' is visible

17-06-2024T18:44:40 - [MESSAGE][PASSED] - Object 'Object Repository/Page_The Story and Evolution of Doodles - G_6e786d/p_The first Doodle was a simple out-of-offi_345e61' is visible

17-06-2024T18:44:40 - [TEST_STEP][PASSED] - verifyElementVisible(findTestObject("Object Repository/Page_The Story and Evolution of Doodles - G_6e786d/h2_Weve created more than 5,000 Doodles ove_111429")): Object 'Object Repository/Page_The Story and Evolution of Doodles - G_6e786d/h2_Weve created more than 5,000 Doodles ove_111429' is visible

17-06-2024T18:44:40 - [MESSAGE][PASSED] - Object 'Object Repository/Page_The Story and Evolution of Doodles - G_6e786d/h2_Weve created more than 5,000 Doodles ove_111429' is visible

17-06-2024T18:44:40 - [TEST_STEP][PASSED] - click(findTestObject("Object Repository/Page_The Story and Evolution of Doodles - G_6e786d/p_The first Doodle was a simple out-of-offi_345e61")): Object: 'Object Repository/Page_The Story and Evolution of Doodles - G_6e786d/p_The first Doodle was a simple out-of-offi_345e61' is clicked on

17-06-2024T18:44:41 - [MESSAGE][PASSED] - Object: 'Object Repository/Page_The Story and Evolution of Doodles - G_6e786d/p_The first Doodle was a simple out-of-offi_345e61' is clicked on

17-06-2024T18:44:41 - [TEST_STEP][PASSED] - verifyElementVisible(findTestObject("Object Repository/Page_The Story and Evolution of Doodles - G_6e786d/h1_The story behind Doodles")): Object 'Object Repository/Page_The Story and Evolution of Doodles - G_6e786d/h1_The story behind Doodles' is visible

17-06-2024T18:44:41 - [MESSAGE][PASSED] - Object 'Object Repository/Page_The Story and Evolution of Doodles - G_6e786d/h1_The story behind Doodles' is visible

17-06-2024T18:44:41 - [TEST_STEP][PASSED] - verifyElementVisible(findTestObject("Object Repository/Page_The Story and Evolution of Doodles - G_6e786d/p_The first Doodle was a simple out-of-offi_345e61")): Object 'Object Repository/Page_The Story and Evolution of Doodles - G_6e786d/p_The first Doodle was a simple out-of-offi_345e61' is visible

17-06-2024T18:44:41 - [MESSAGE][PASSED] - Object 'Object Repository/Page_The Story and Evolution of Doodles - G_6e786d/p_The first Doodle was a simple out-of-offi_345e61' is visible

17-06-2024T18:44:41 - [TEST_STEP][PASSED] - verifyElementVisible(findTestObject("Object Repository/Page_The Story and Evolution of Doodles - G_6e786d/h2_Weve created more than 5,000 Doodles ove_111429")): Object 'Object Repository/Page_The Story and Evolution of Doodles - G_6e786d/h2_Weve created more than 5,000 Doodles ove_111429' is visible

17-06-2024T18:44:41 - [MESSAGE][PASSED] - Object 'Object Repository/Page_The Story and Evolution of Doodles - G_6e786d/h2_Weve created more than 5,000 Doodles ove_111429' is visible

17-06-2024T18:44:41 - [TEST_STEP][PASSED] - click(findTestObject("Object Repository/Page_The Story and Evolution of Doodles - G_6e786d/p_The first Doodle was a simple out-of-offi_345e61")): Object: 'Object Repository/Page_The Story and Evolution of Doodles - G_6e786d/p_The first Doodle was a simple out-of-offi_345e61' is clicked on

17-06-2024T18:44:42 - [MESSAGE][PASSED] - Object: 'Object Repository/Page_The Story and Evolution of Doodles - G_6e786d/p_The first Doodle was a simple out-of-offi_345e61' is clicked on

17-06-2024T18:44:42 - [TEST_STEP][PASSED] - verifyElementVisible(findTestObject("Object Repository/Page_The Story and Evolution of Doodles - G_6e786d/h1_The story behind Doodles")): Object 'Object Repository/Page_The Story and Evolution of Doodles - G_6e786d/h1_The story behind Doodles' is visible

17-06-2024T18:44:42 - [MESSAGE][PASSED] - Object 'Object Repository/Page_The Story and Evolution of Doodles - G_6e786d/h1_The story behind Doodles' is visible

17-06-2024T18:44:42 - [TEST_STEP][PASSED] - verifyElementVisible(findTestObject("Object Repository/Page_The Story and Evolution of Doodles - G_6e786d/p_The first Doodle was a simple out-of-offi_345e61")): Object 'Object Repository/Page_The Story and Evolution of Doodles - G_6e786d/p_The first Doodle was a simple out-of-offi_345e61' is visible

17-06-2024T18:44:42 - [MESSAGE][PASSED] - Object 'Object Repository/Page_The Story and Evolution of Doodles - G_6e786d/p_The first Doodle was a simple out-of-offi_345e61' is visible

17-06-2024T18:44:42 - [TEST_STEP][PASSED] - verifyElementVisible(findTestObject("Object Repository/Page_The Story and Evolution of Doodles - G_6e786d/h2_Weve created more than 5,000 Doodles ove_111429")): Object 'Object Repository/Page_The Story and Evolution of Doodles - G_6e786d/h2_Weve created more than 5,000 Doodles ove_111429' is visible

17-06-2024T18:44:43 - [MESSAGE][PASSED] - Object 'Object Repository/Page_The Story and Evolution of Doodles - G_6e786d/h2_Weve created more than 5,000 Doodles ove_111429' is visible

17-06-2024T18:44:43 - [TEST_STEP][PASSED] - click(findTestObject("Object Repository/Page_The Story and Evolution of Doodles - G_6e786d/p_The first Doodle was a simple out-of-offi_345e61")): Object: 'Object Repository/Page_The Story and Evolution of Doodles - G_6e786d/p_The first Doodle was a simple out-of-offi_345e61' is clicked on

17-06-2024T18:44:43 - [MESSAGE][PASSED] - Object: 'Object Repository/Page_The Story and Evolution of Doodles - G_6e786d/p_The first Doodle was a simple out-of-offi_345e61' is clicked on

17-06-2024T18:44:43 - [TEST_STEP][PASSED] - verifyElementVisible(findTestObject("Object Repository/Page_The Story and Evolution of Doodles - G_6e786d/h1_The story behind Doodles")): Object 'Object Repository/Page_The Story and Evolution of Doodles - G_6e786d/h1_The story behind Doodles' is visible

17-06-2024T18:44:43 - [MESSAGE][PASSED] - Object 'Object Repository/Page_The Story and Evolution of Doodles - G_6e786d/h1_The story behind Doodles' is visible

17-06-2024T18:44:43 - [TEST_STEP][PASSED] - verifyElementVisible(findTestObject("Object Repository/Page_The Story and Evolution of Doodles - G_6e786d/p_The first Doodle was a simple out-of-offi_345e61")): Object 'Object Repository/Page_The Story and Evolution of Doodles - G_6e786d/p_The first Doodle was a simple out-of-offi_345e61' is visible

17-06-2024T18:44:44 - [MESSAGE][PASSED] - Object 'Object Repository/Page_The Story and Evolution of Doodles - G_6e786d/p_The first Doodle was a simple out-of-offi_345e61' is visible

17-06-2024T18:44:44 - [TEST_STEP][PASSED] - verifyElementVisible(findTestObject("Object Repository/Page_The Story and Evolution of Doodles - G_6e786d/h2_Weve created more than 5,000 Doodles ove_111429")): Object 'Object Repository/Page_The Story and Evolution of Doodles - G_6e786d/h2_Weve created more than 5,000 Doodles ove_111429' is visible

17-06-2024T18:44:44 - [MESSAGE][PASSED] - Object 'Object Repository/Page_The Story and Evolution of Doodles - G_6e786d/h2_Weve created more than 5,000 Doodles ove_111429' is visible

17-06-2024T18:44:44 - [TEST_STEP][PASSED] - click(findTestObject("Object Repository/Page_The Story and Evolution of Doodles - G_6e786d/p_The first Doodle was a simple out-of-offi_345e61")): Object: 'Object Repository/Page_The Story and Evolution of Doodles - G_6e786d/p_The first Doodle was a simple out-of-offi_345e61' is clicked on

17-06-2024T18:44:45 - [MESSAGE][PASSED] - Object: 'Object Repository/Page_The Story and Evolution of Doodles - G_6e786d/p_The first Doodle was a simple out-of-offi_345e61' is clicked on

17-06-2024T18:44:45 - [TEST_STEP][PASSED] - verifyElementVisible(findTestObject("Object Repository/Page_The Story and Evolution of Doodles - G_6e786d/h1_The story behind Doodles")): Object 'Object Repository/Page_The Story and Evolution of Doodles - G_6e786d/h1_The story behind Doodles' is visible

17-06-2024T18:44:45 - [MESSAGE][PASSED] - Object 'Object Repository/Page_The Story and Evolution of Doodles - G_6e786d/h1_The story behind Doodles' is visible

17-06-2024T18:44:45 - [TEST_STEP][PASSED] - verifyElementVisible(findTestObject("Object Repository/Page_The Story and Evolution of Doodles - G_6e786d/p_The first Doodle was a simple out-of-offi_345e61")): Object 'Object Repository/Page_The Story and Evolution of Doodles - G_6e786d/p_The first Doodle was a simple out-of-offi_345e61' is visible

17-06-2024T18:44:45 - [MESSAGE][PASSED] - Object 'Object Repository/Page_The Story and Evolution of Doodles - G_6e786d/p_The first Doodle was a simple out-of-offi_345e61' is visible

17-06-2024T18:44:45 - [TEST_STEP][PASSED] - verifyElementVisible(findTestObject("Object Repository/Page_The Story and Evolution of Doodles - G_6e786d/h2_Weve created more than 5,000 Doodles ove_111429")): Object 'Object Repository/Page_The Story and Evolution of Doodles - G_6e786d/h2_Weve created more than 5,000 Doodles ove_111429' is visible

17-06-2024T18:44:46 - [MESSAGE][PASSED] - Object 'Object Repository/Page_The Story and Evolution of Doodles - G_6e786d/h2_Weve created more than 5,000 Doodles ove_111429' is visible

17-06-2024T18:44:46 - [TEST_STEP][PASSED] - click(findTestObject("Object Repository/Page_The Story and Evolution of Doodles - G_6e786d/p_The first Doodle was a simple out-of-offi_345e61")): Object: 'Object Repository/Page_The Story and Evolution of Doodles - G_6e786d/p_The first Doodle was a simple out-of-offi_345e61' is clicked on

17-06-2024T18:44:46 - [MESSAGE][PASSED] - Object: 'Object Repository/Page_The Story and Evolution of Doodles - G_6e786d/p_The first Doodle was a simple out-of-offi_345e61' is clicked on

17-06-2024T18:44:46 - [TEST_STEP][PASSED] - verifyElementVisible(findTestObject("Object Repository/Page_The Story and Evolution of Doodles - G_6e786d/h1_The story behind Doodles")): Object 'Object Repository/Page_The Story and Evolution of Doodles - G_6e786d/h1_The story behind Doodles' is visible

17-06-2024T18:44:46 - [MESSAGE][PASSED] - Object 'Object Repository/Page_The Story and Evolution of Doodles - G_6e786d/h1_The story behind Doodles' is visible

17-06-2024T18:44:46 - [TEST_STEP][PASSED] - verifyElementVisible(findTestObject("Object Repository/Page_The Story and Evolution of Doodles - G_6e786d/p_The first Doodle was a simple out-of-offi_345e61")): Object 'Object Repository/Page_The Story and Evolution of Doodles - G_6e786d/p_The first Doodle was a simple out-of-offi_345e61' is visible

17-06-2024T18:44:47 - [MESSAGE][PASSED] - Object 'Object Repository/Page_The Story and Evolution of Doodles - G_6e786d/p_The first Doodle was a simple out-of-offi_345e61' is visible

17-06-2024T18:44:47 - [TEST_STEP][PASSED] - verifyElementVisible(findTestObject("Object Repository/Page_The Story and Evolution of Doodles - G_6e786d/h2_Weve created more than 5,000 Doodles ove_111429")): Object 'Object Repository/Page_The Story and Evolution of Doodles - G_6e786d/h2_Weve created more than 5,000 Doodles ove_111429' is visible

17-06-2024T18:44:47 - [MESSAGE][PASSED] - Object 'Object Repository/Page_The Story and Evolution of Doodles - G_6e786d/h2_Weve created more than 5,000 Doodles ove_111429' is visible

17-06-2024T18:44:47 - [TEST_STEP][PASSED] - click(findTestObject("Object Repository/Page_The Story and Evolution of Doodles - G_6e786d/p_The first Doodle was a simple out-of-offi_345e61")): Object: 'Object Repository/Page_The Story and Evolution of Doodles - G_6e786d/p_The first Doodle was a simple out-of-offi_345e61' is clicked on

17-06-2024T18:44:47 - [MESSAGE][PASSED] - Object: 'Object Repository/Page_The Story and Evolution of Doodles - G_6e786d/p_The first Doodle was a simple out-of-offi_345e61' is clicked on

17-06-2024T18:44:47 - [TEST_STEP][PASSED] - verifyElementVisible(findTestObject("Object Repository/Page_The Story and Evolution of Doodles - G_6e786d/h1_The story behind Doodles")): Object 'Object Repository/Page_The Story and Evolution of Doodles - G_6e786d/h1_The story behind Doodles' is visible

17-06-2024T18:44:48 - [MESSAGE][PASSED] - Object 'Object Repository/Page_The Story and Evolution of Doodles - G_6e786d/h1_The story behind Doodles' is visible

17-06-2024T18:44:48 - [TEST_STEP][PASSED] - verifyElementVisible(findTestObject("Object Repository/Page_The Story and Evolution of Doodles - G_6e786d/p_The first Doodle was a simple out-of-offi_345e61")): Object 'Object Repository/Page_The Story and Evolution of Doodles - G_6e786d/p_The first Doodle was a simple out-of-offi_345e61' is visible

17-06-2024T18:44:48 - [MESSAGE][PASSED] - Object 'Object Repository/Page_The Story and Evolution of Doodles - G_6e786d/p_The first Doodle was a simple out-of-offi_345e61' is visible

17-06-2024T18:44:48 - [TEST_STEP][PASSED] - verifyElementVisible(findTestObject("Object Repository/Page_The Story and Evolution of Doodles - G_6e786d/h2_Weve created more than 5,000 Doodles ove_111429")): Object 'Object Repository/Page_The Story and Evolution of Doodles - G_6e786d/h2_Weve created more than 5,000 Doodles ove_111429' is visible

17-06-2024T18:44:48 - [MESSAGE][PASSED] - Object 'Object Repository/Page_The Story and Evolution of Doodles - G_6e786d/h2_Weve created more than 5,000 Doodles ove_111429' is visible]]></system-out>
         <system-err><![CDATA[]]></system-err>
      </testcase>
      <testcase name="Test Cases/test case folder 1/tc1 - Copy (3) - Copy (5)" time="18.588" classname="Test Cases/test case folder 1/tc1 - Copy (3) - Copy (5)" status="PASSED">
         <system-out><![CDATA[17-06-2024T18:44:48 - [TEST_CASE][PASSED] - Test Cases/test case folder 1/tc1 - Copy (3) - Copy (5): Test Cases/test case folder 1/tc1 - Copy (3) - Copy (5)

17-06-2024T18:44:48 - [TEST_STEP][PASSED] - openBrowser(""): Browser is opened with url: ''

17-06-2024T18:44:48 - [MESSAGE][WARNING] - A browser is already opened. Closing browser and opening a new one

17-06-2024T18:44:49 - [MESSAGE][INFO] - Starting 'Chrome (headless)' driver

17-06-2024T18:44:49 - [MESSAGE][INFO] - Action delay is set to 0 milliseconds

17-06-2024T18:44:50 - [MESSAGE][PASSED] - Browser is opened with url: ''

17-06-2024T18:44:50 - [TEST_STEP][PASSED] - navigateToUrl("https://doodles.google/about/"): Navigate to 'https://doodles.google/about/' successfully

17-06-2024T18:44:52 - [MESSAGE][PASSED] - Navigate to 'https://doodles.google/about/' successfully

17-06-2024T18:44:52 - [TEST_STEP][PASSED] - click(findTestObject("Object Repository/Page_The Story and Evolution of Doodles - G_6e786d/p_The first Doodle was a simple out-of-offi_345e61")): Object: 'Object Repository/Page_The Story and Evolution of Doodles - G_6e786d/p_The first Doodle was a simple out-of-offi_345e61' is clicked on

17-06-2024T18:44:52 - [MESSAGE][PASSED] - Object: 'Object Repository/Page_The Story and Evolution of Doodles - G_6e786d/p_The first Doodle was a simple out-of-offi_345e61' is clicked on

17-06-2024T18:44:52 - [TEST_STEP][PASSED] - click(findTestObject("Object Repository/Page_The Story and Evolution of Doodles - G_6e786d/p_The first Doodle was a simple out-of-offi_345e61")): Object: 'Object Repository/Page_The Story and Evolution of Doodles - G_6e786d/p_The first Doodle was a simple out-of-offi_345e61' is clicked on

17-06-2024T18:44:53 - [MESSAGE][PASSED] - Object: 'Object Repository/Page_The Story and Evolution of Doodles - G_6e786d/p_The first Doodle was a simple out-of-offi_345e61' is clicked on

17-06-2024T18:44:53 - [TEST_STEP][PASSED] - verifyElementVisible(findTestObject("Object Repository/Page_The Story and Evolution of Doodles - G_6e786d/h1_The story behind Doodles")): Object 'Object Repository/Page_The Story and Evolution of Doodles - G_6e786d/h1_The story behind Doodles' is visible

17-06-2024T18:44:53 - [MESSAGE][PASSED] - Object 'Object Repository/Page_The Story and Evolution of Doodles - G_6e786d/h1_The story behind Doodles' is visible

17-06-2024T18:44:53 - [TEST_STEP][PASSED] - verifyElementVisible(findTestObject("Object Repository/Page_The Story and Evolution of Doodles - G_6e786d/p_The first Doodle was a simple out-of-offi_345e61")): Object 'Object Repository/Page_The Story and Evolution of Doodles - G_6e786d/p_The first Doodle was a simple out-of-offi_345e61' is visible

17-06-2024T18:44:54 - [MESSAGE][PASSED] - Object 'Object Repository/Page_The Story and Evolution of Doodles - G_6e786d/p_The first Doodle was a simple out-of-offi_345e61' is visible

17-06-2024T18:44:54 - [TEST_STEP][PASSED] - verifyElementVisible(findTestObject("Object Repository/Page_The Story and Evolution of Doodles - G_6e786d/h2_Weve created more than 5,000 Doodles ove_111429")): Object 'Object Repository/Page_The Story and Evolution of Doodles - G_6e786d/h2_Weve created more than 5,000 Doodles ove_111429' is visible

17-06-2024T18:44:54 - [MESSAGE][PASSED] - Object 'Object Repository/Page_The Story and Evolution of Doodles - G_6e786d/h2_Weve created more than 5,000 Doodles ove_111429' is visible

17-06-2024T18:44:54 - [TEST_STEP][PASSED] - verifyElementVisible(findTestObject("Object Repository/Page_The Story and Evolution of Doodles - G_6e786d/h1_The story behind Doodles")): Object 'Object Repository/Page_The Story and Evolution of Doodles - G_6e786d/h1_The story behind Doodles' is visible

17-06-2024T18:44:54 - [MESSAGE][PASSED] - Object 'Object Repository/Page_The Story and Evolution of Doodles - G_6e786d/h1_The story behind Doodles' is visible

17-06-2024T18:44:54 - [TEST_STEP][PASSED] - verifyElementVisible(findTestObject("Object Repository/Page_The Story and Evolution of Doodles - G_6e786d/p_The first Doodle was a simple out-of-offi_345e61")): Object 'Object Repository/Page_The Story and Evolution of Doodles - G_6e786d/p_The first Doodle was a simple out-of-offi_345e61' is visible

17-06-2024T18:44:55 - [MESSAGE][PASSED] - Object 'Object Repository/Page_The Story and Evolution of Doodles - G_6e786d/p_The first Doodle was a simple out-of-offi_345e61' is visible

17-06-2024T18:44:55 - [TEST_STEP][PASSED] - verifyElementVisible(findTestObject("Object Repository/Page_The Story and Evolution of Doodles - G_6e786d/h2_Weve created more than 5,000 Doodles ove_111429")): Object 'Object Repository/Page_The Story and Evolution of Doodles - G_6e786d/h2_Weve created more than 5,000 Doodles ove_111429' is visible

17-06-2024T18:44:55 - [MESSAGE][PASSED] - Object 'Object Repository/Page_The Story and Evolution of Doodles - G_6e786d/h2_Weve created more than 5,000 Doodles ove_111429' is visible

17-06-2024T18:44:55 - [TEST_STEP][PASSED] - click(findTestObject("Object Repository/Page_The Story and Evolution of Doodles - G_6e786d/p_The first Doodle was a simple out-of-offi_345e61")): Object: 'Object Repository/Page_The Story and Evolution of Doodles - G_6e786d/p_The first Doodle was a simple out-of-offi_345e61' is clicked on

17-06-2024T18:44:55 - [MESSAGE][PASSED] - Object: 'Object Repository/Page_The Story and Evolution of Doodles - G_6e786d/p_The first Doodle was a simple out-of-offi_345e61' is clicked on

17-06-2024T18:44:55 - [TEST_STEP][PASSED] - verifyElementVisible(findTestObject("Object Repository/Page_The Story and Evolution of Doodles - G_6e786d/h1_The story behind Doodles")): Object 'Object Repository/Page_The Story and Evolution of Doodles - G_6e786d/h1_The story behind Doodles' is visible

17-06-2024T18:44:56 - [MESSAGE][PASSED] - Object 'Object Repository/Page_The Story and Evolution of Doodles - G_6e786d/h1_The story behind Doodles' is visible

17-06-2024T18:44:56 - [TEST_STEP][PASSED] - verifyElementVisible(findTestObject("Object Repository/Page_The Story and Evolution of Doodles - G_6e786d/p_The first Doodle was a simple out-of-offi_345e61")): Object 'Object Repository/Page_The Story and Evolution of Doodles - G_6e786d/p_The first Doodle was a simple out-of-offi_345e61' is visible

17-06-2024T18:44:56 - [MESSAGE][PASSED] - Object 'Object Repository/Page_The Story and Evolution of Doodles - G_6e786d/p_The first Doodle was a simple out-of-offi_345e61' is visible

17-06-2024T18:44:56 - [TEST_STEP][PASSED] - verifyElementVisible(findTestObject("Object Repository/Page_The Story and Evolution of Doodles - G_6e786d/h2_Weve created more than 5,000 Doodles ove_111429")): Object 'Object Repository/Page_The Story and Evolution of Doodles - G_6e786d/h2_Weve created more than 5,000 Doodles ove_111429' is visible

17-06-2024T18:44:56 - [MESSAGE][PASSED] - Object 'Object Repository/Page_The Story and Evolution of Doodles - G_6e786d/h2_Weve created more than 5,000 Doodles ove_111429' is visible

17-06-2024T18:44:56 - [TEST_STEP][PASSED] - click(findTestObject("Object Repository/Page_The Story and Evolution of Doodles - G_6e786d/p_The first Doodle was a simple out-of-offi_345e61")): Object: 'Object Repository/Page_The Story and Evolution of Doodles - G_6e786d/p_The first Doodle was a simple out-of-offi_345e61' is clicked on

17-06-2024T18:44:57 - [MESSAGE][PASSED] - Object: 'Object Repository/Page_The Story and Evolution of Doodles - G_6e786d/p_The first Doodle was a simple out-of-offi_345e61' is clicked on

17-06-2024T18:44:57 - [TEST_STEP][PASSED] - verifyElementVisible(findTestObject("Object Repository/Page_The Story and Evolution of Doodles - G_6e786d/h1_The story behind Doodles")): Object 'Object Repository/Page_The Story and Evolution of Doodles - G_6e786d/h1_The story behind Doodles' is visible

17-06-2024T18:44:57 - [MESSAGE][PASSED] - Object 'Object Repository/Page_The Story and Evolution of Doodles - G_6e786d/h1_The story behind Doodles' is visible

17-06-2024T18:44:57 - [TEST_STEP][PASSED] - verifyElementVisible(findTestObject("Object Repository/Page_The Story and Evolution of Doodles - G_6e786d/p_The first Doodle was a simple out-of-offi_345e61")): Object 'Object Repository/Page_The Story and Evolution of Doodles - G_6e786d/p_The first Doodle was a simple out-of-offi_345e61' is visible

17-06-2024T18:44:57 - [MESSAGE][PASSED] - Object 'Object Repository/Page_The Story and Evolution of Doodles - G_6e786d/p_The first Doodle was a simple out-of-offi_345e61' is visible

17-06-2024T18:44:57 - [TEST_STEP][PASSED] - verifyElementVisible(findTestObject("Object Repository/Page_The Story and Evolution of Doodles - G_6e786d/h2_Weve created more than 5,000 Doodles ove_111429")): Object 'Object Repository/Page_The Story and Evolution of Doodles - G_6e786d/h2_Weve created more than 5,000 Doodles ove_111429' is visible

17-06-2024T18:44:58 - [MESSAGE][PASSED] - Object 'Object Repository/Page_The Story and Evolution of Doodles - G_6e786d/h2_Weve created more than 5,000 Doodles ove_111429' is visible

17-06-2024T18:44:58 - [TEST_STEP][PASSED] - click(findTestObject("Object Repository/Page_The Story and Evolution of Doodles - G_6e786d/p_The first Doodle was a simple out-of-offi_345e61")): Object: 'Object Repository/Page_The Story and Evolution of Doodles - G_6e786d/p_The first Doodle was a simple out-of-offi_345e61' is clicked on

17-06-2024T18:44:58 - [MESSAGE][PASSED] - Object: 'Object Repository/Page_The Story and Evolution of Doodles - G_6e786d/p_The first Doodle was a simple out-of-offi_345e61' is clicked on

17-06-2024T18:44:58 - [TEST_STEP][PASSED] - verifyElementVisible(findTestObject("Object Repository/Page_The Story and Evolution of Doodles - G_6e786d/h1_The story behind Doodles")): Object 'Object Repository/Page_The Story and Evolution of Doodles - G_6e786d/h1_The story behind Doodles' is visible

17-06-2024T18:44:58 - [MESSAGE][PASSED] - Object 'Object Repository/Page_The Story and Evolution of Doodles - G_6e786d/h1_The story behind Doodles' is visible

17-06-2024T18:44:58 - [TEST_STEP][PASSED] - verifyElementVisible(findTestObject("Object Repository/Page_The Story and Evolution of Doodles - G_6e786d/p_The first Doodle was a simple out-of-offi_345e61")): Object 'Object Repository/Page_The Story and Evolution of Doodles - G_6e786d/p_The first Doodle was a simple out-of-offi_345e61' is visible

17-06-2024T18:44:59 - [MESSAGE][PASSED] - Object 'Object Repository/Page_The Story and Evolution of Doodles - G_6e786d/p_The first Doodle was a simple out-of-offi_345e61' is visible

17-06-2024T18:44:59 - [TEST_STEP][PASSED] - verifyElementVisible(findTestObject("Object Repository/Page_The Story and Evolution of Doodles - G_6e786d/h2_Weve created more than 5,000 Doodles ove_111429")): Object 'Object Repository/Page_The Story and Evolution of Doodles - G_6e786d/h2_Weve created more than 5,000 Doodles ove_111429' is visible

17-06-2024T18:44:59 - [MESSAGE][PASSED] - Object 'Object Repository/Page_The Story and Evolution of Doodles - G_6e786d/h2_Weve created more than 5,000 Doodles ove_111429' is visible

17-06-2024T18:44:59 - [TEST_STEP][PASSED] - click(findTestObject("Object Repository/Page_The Story and Evolution of Doodles - G_6e786d/p_The first Doodle was a simple out-of-offi_345e61")): Object: 'Object Repository/Page_The Story and Evolution of Doodles - G_6e786d/p_The first Doodle was a simple out-of-offi_345e61' is clicked on

17-06-2024T18:44:59 - [MESSAGE][PASSED] - Object: 'Object Repository/Page_The Story and Evolution of Doodles - G_6e786d/p_The first Doodle was a simple out-of-offi_345e61' is clicked on

17-06-2024T18:44:59 - [TEST_STEP][PASSED] - verifyElementVisible(findTestObject("Object Repository/Page_The Story and Evolution of Doodles - G_6e786d/h1_The story behind Doodles")): Object 'Object Repository/Page_The Story and Evolution of Doodles - G_6e786d/h1_The story behind Doodles' is visible

17-06-2024T18:45:00 - [MESSAGE][PASSED] - Object 'Object Repository/Page_The Story and Evolution of Doodles - G_6e786d/h1_The story behind Doodles' is visible

17-06-2024T18:45:00 - [TEST_STEP][PASSED] - verifyElementVisible(findTestObject("Object Repository/Page_The Story and Evolution of Doodles - G_6e786d/p_The first Doodle was a simple out-of-offi_345e61")): Object 'Object Repository/Page_The Story and Evolution of Doodles - G_6e786d/p_The first Doodle was a simple out-of-offi_345e61' is visible

17-06-2024T18:45:00 - [MESSAGE][PASSED] - Object 'Object Repository/Page_The Story and Evolution of Doodles - G_6e786d/p_The first Doodle was a simple out-of-offi_345e61' is visible

17-06-2024T18:45:00 - [TEST_STEP][PASSED] - verifyElementVisible(findTestObject("Object Repository/Page_The Story and Evolution of Doodles - G_6e786d/h2_Weve created more than 5,000 Doodles ove_111429")): Object 'Object Repository/Page_The Story and Evolution of Doodles - G_6e786d/h2_Weve created more than 5,000 Doodles ove_111429' is visible

17-06-2024T18:45:00 - [MESSAGE][PASSED] - Object 'Object Repository/Page_The Story and Evolution of Doodles - G_6e786d/h2_Weve created more than 5,000 Doodles ove_111429' is visible

17-06-2024T18:45:00 - [TEST_STEP][PASSED] - click(findTestObject("Object Repository/Page_The Story and Evolution of Doodles - G_6e786d/p_The first Doodle was a simple out-of-offi_345e61")): Object: 'Object Repository/Page_The Story and Evolution of Doodles - G_6e786d/p_The first Doodle was a simple out-of-offi_345e61' is clicked on

17-06-2024T18:45:01 - [MESSAGE][PASSED] - Object: 'Object Repository/Page_The Story and Evolution of Doodles - G_6e786d/p_The first Doodle was a simple out-of-offi_345e61' is clicked on

17-06-2024T18:45:01 - [TEST_STEP][PASSED] - verifyElementVisible(findTestObject("Object Repository/Page_The Story and Evolution of Doodles - G_6e786d/h1_The story behind Doodles")): Object 'Object Repository/Page_The Story and Evolution of Doodles - G_6e786d/h1_The story behind Doodles' is visible

17-06-2024T18:45:01 - [MESSAGE][PASSED] - Object 'Object Repository/Page_The Story and Evolution of Doodles - G_6e786d/h1_The story behind Doodles' is visible

17-06-2024T18:45:01 - [TEST_STEP][PASSED] - verifyElementVisible(findTestObject("Object Repository/Page_The Story and Evolution of Doodles - G_6e786d/p_The first Doodle was a simple out-of-offi_345e61")): Object 'Object Repository/Page_The Story and Evolution of Doodles - G_6e786d/p_The first Doodle was a simple out-of-offi_345e61' is visible

17-06-2024T18:45:01 - [MESSAGE][PASSED] - Object 'Object Repository/Page_The Story and Evolution of Doodles - G_6e786d/p_The first Doodle was a simple out-of-offi_345e61' is visible

17-06-2024T18:45:01 - [TEST_STEP][PASSED] - verifyElementVisible(findTestObject("Object Repository/Page_The Story and Evolution of Doodles - G_6e786d/h2_Weve created more than 5,000 Doodles ove_111429")): Object 'Object Repository/Page_The Story and Evolution of Doodles - G_6e786d/h2_Weve created more than 5,000 Doodles ove_111429' is visible

17-06-2024T18:45:02 - [MESSAGE][PASSED] - Object 'Object Repository/Page_The Story and Evolution of Doodles - G_6e786d/h2_Weve created more than 5,000 Doodles ove_111429' is visible

17-06-2024T18:45:02 - [TEST_STEP][PASSED] - click(findTestObject("Object Repository/Page_The Story and Evolution of Doodles - G_6e786d/p_The first Doodle was a simple out-of-offi_345e61")): Object: 'Object Repository/Page_The Story and Evolution of Doodles - G_6e786d/p_The first Doodle was a simple out-of-offi_345e61' is clicked on

17-06-2024T18:45:02 - [MESSAGE][PASSED] - Object: 'Object Repository/Page_The Story and Evolution of Doodles - G_6e786d/p_The first Doodle was a simple out-of-offi_345e61' is clicked on

17-06-2024T18:45:02 - [TEST_STEP][PASSED] - verifyElementVisible(findTestObject("Object Repository/Page_The Story and Evolution of Doodles - G_6e786d/h1_The story behind Doodles")): Object 'Object Repository/Page_The Story and Evolution of Doodles - G_6e786d/h1_The story behind Doodles' is visible

17-06-2024T18:45:02 - [MESSAGE][PASSED] - Object 'Object Repository/Page_The Story and Evolution of Doodles - G_6e786d/h1_The story behind Doodles' is visible

17-06-2024T18:45:02 - [TEST_STEP][PASSED] - verifyElementVisible(findTestObject("Object Repository/Page_The Story and Evolution of Doodles - G_6e786d/p_The first Doodle was a simple out-of-offi_345e61")): Object 'Object Repository/Page_The Story and Evolution of Doodles - G_6e786d/p_The first Doodle was a simple out-of-offi_345e61' is visible

17-06-2024T18:45:03 - [MESSAGE][PASSED] - Object 'Object Repository/Page_The Story and Evolution of Doodles - G_6e786d/p_The first Doodle was a simple out-of-offi_345e61' is visible

17-06-2024T18:45:03 - [TEST_STEP][PASSED] - verifyElementVisible(findTestObject("Object Repository/Page_The Story and Evolution of Doodles - G_6e786d/h2_Weve created more than 5,000 Doodles ove_111429")): Object 'Object Repository/Page_The Story and Evolution of Doodles - G_6e786d/h2_Weve created more than 5,000 Doodles ove_111429' is visible

17-06-2024T18:45:03 - [MESSAGE][PASSED] - Object 'Object Repository/Page_The Story and Evolution of Doodles - G_6e786d/h2_Weve created more than 5,000 Doodles ove_111429' is visible

17-06-2024T18:45:03 - [TEST_STEP][PASSED] - click(findTestObject("Object Repository/Page_The Story and Evolution of Doodles - G_6e786d/p_The first Doodle was a simple out-of-offi_345e61")): Object: 'Object Repository/Page_The Story and Evolution of Doodles - G_6e786d/p_The first Doodle was a simple out-of-offi_345e61' is clicked on

17-06-2024T18:45:03 - [MESSAGE][PASSED] - Object: 'Object Repository/Page_The Story and Evolution of Doodles - G_6e786d/p_The first Doodle was a simple out-of-offi_345e61' is clicked on

17-06-2024T18:45:03 - [TEST_STEP][PASSED] - verifyElementVisible(findTestObject("Object Repository/Page_The Story and Evolution of Doodles - G_6e786d/h1_The story behind Doodles")): Object 'Object Repository/Page_The Story and Evolution of Doodles - G_6e786d/h1_The story behind Doodles' is visible

17-06-2024T18:45:04 - [MESSAGE][PASSED] - Object 'Object Repository/Page_The Story and Evolution of Doodles - G_6e786d/h1_The story behind Doodles' is visible

17-06-2024T18:45:04 - [TEST_STEP][PASSED] - verifyElementVisible(findTestObject("Object Repository/Page_The Story and Evolution of Doodles - G_6e786d/p_The first Doodle was a simple out-of-offi_345e61")): Object 'Object Repository/Page_The Story and Evolution of Doodles - G_6e786d/p_The first Doodle was a simple out-of-offi_345e61' is visible

17-06-2024T18:45:04 - [MESSAGE][PASSED] - Object 'Object Repository/Page_The Story and Evolution of Doodles - G_6e786d/p_The first Doodle was a simple out-of-offi_345e61' is visible

17-06-2024T18:45:04 - [TEST_STEP][PASSED] - verifyElementVisible(findTestObject("Object Repository/Page_The Story and Evolution of Doodles - G_6e786d/h2_Weve created more than 5,000 Doodles ove_111429")): Object 'Object Repository/Page_The Story and Evolution of Doodles - G_6e786d/h2_Weve created more than 5,000 Doodles ove_111429' is visible

17-06-2024T18:45:04 - [MESSAGE][PASSED] - Object 'Object Repository/Page_The Story and Evolution of Doodles - G_6e786d/h2_Weve created more than 5,000 Doodles ove_111429' is visible

17-06-2024T18:45:04 - [TEST_STEP][PASSED] - click(findTestObject("Object Repository/Page_The Story and Evolution of Doodles - G_6e786d/p_The first Doodle was a simple out-of-offi_345e61")): Object: 'Object Repository/Page_The Story and Evolution of Doodles - G_6e786d/p_The first Doodle was a simple out-of-offi_345e61' is clicked on

17-06-2024T18:45:05 - [MESSAGE][PASSED] - Object: 'Object Repository/Page_The Story and Evolution of Doodles - G_6e786d/p_The first Doodle was a simple out-of-offi_345e61' is clicked on

17-06-2024T18:45:05 - [TEST_STEP][PASSED] - verifyElementVisible(findTestObject("Object Repository/Page_The Story and Evolution of Doodles - G_6e786d/h1_The story behind Doodles")): Object 'Object Repository/Page_The Story and Evolution of Doodles - G_6e786d/h1_The story behind Doodles' is visible

17-06-2024T18:45:05 - [MESSAGE][PASSED] - Object 'Object Repository/Page_The Story and Evolution of Doodles - G_6e786d/h1_The story behind Doodles' is visible

17-06-2024T18:45:05 - [TEST_STEP][PASSED] - verifyElementVisible(findTestObject("Object Repository/Page_The Story and Evolution of Doodles - G_6e786d/p_The first Doodle was a simple out-of-offi_345e61")): Object 'Object Repository/Page_The Story and Evolution of Doodles - G_6e786d/p_The first Doodle was a simple out-of-offi_345e61' is visible

17-06-2024T18:45:05 - [MESSAGE][PASSED] - Object 'Object Repository/Page_The Story and Evolution of Doodles - G_6e786d/p_The first Doodle was a simple out-of-offi_345e61' is visible

17-06-2024T18:45:05 - [TEST_STEP][PASSED] - verifyElementVisible(findTestObject("Object Repository/Page_The Story and Evolution of Doodles - G_6e786d/h2_Weve created more than 5,000 Doodles ove_111429")): Object 'Object Repository/Page_The Story and Evolution of Doodles - G_6e786d/h2_Weve created more than 5,000 Doodles ove_111429' is visible

17-06-2024T18:45:06 - [MESSAGE][PASSED] - Object 'Object Repository/Page_The Story and Evolution of Doodles - G_6e786d/h2_Weve created more than 5,000 Doodles ove_111429' is visible

17-06-2024T18:45:06 - [TEST_STEP][PASSED] - click(findTestObject("Object Repository/Page_The Story and Evolution of Doodles - G_6e786d/p_The first Doodle was a simple out-of-offi_345e61")): Object: 'Object Repository/Page_The Story and Evolution of Doodles - G_6e786d/p_The first Doodle was a simple out-of-offi_345e61' is clicked on

17-06-2024T18:45:06 - [MESSAGE][PASSED] - Object: 'Object Repository/Page_The Story and Evolution of Doodles - G_6e786d/p_The first Doodle was a simple out-of-offi_345e61' is clicked on

17-06-2024T18:45:06 - [TEST_STEP][PASSED] - verifyElementVisible(findTestObject("Object Repository/Page_The Story and Evolution of Doodles - G_6e786d/h1_The story behind Doodles")): Object 'Object Repository/Page_The Story and Evolution of Doodles - G_6e786d/h1_The story behind Doodles' is visible

17-06-2024T18:45:06 - [MESSAGE][PASSED] - Object 'Object Repository/Page_The Story and Evolution of Doodles - G_6e786d/h1_The story behind Doodles' is visible

17-06-2024T18:45:06 - [TEST_STEP][PASSED] - verifyElementVisible(findTestObject("Object Repository/Page_The Story and Evolution of Doodles - G_6e786d/p_The first Doodle was a simple out-of-offi_345e61")): Object 'Object Repository/Page_The Story and Evolution of Doodles - G_6e786d/p_The first Doodle was a simple out-of-offi_345e61' is visible

17-06-2024T18:45:07 - [MESSAGE][PASSED] - Object 'Object Repository/Page_The Story and Evolution of Doodles - G_6e786d/p_The first Doodle was a simple out-of-offi_345e61' is visible

17-06-2024T18:45:07 - [TEST_STEP][PASSED] - verifyElementVisible(findTestObject("Object Repository/Page_The Story and Evolution of Doodles - G_6e786d/h2_Weve created more than 5,000 Doodles ove_111429")): Object 'Object Repository/Page_The Story and Evolution of Doodles - G_6e786d/h2_Weve created more than 5,000 Doodles ove_111429' is visible

17-06-2024T18:45:07 - [MESSAGE][PASSED] - Object 'Object Repository/Page_The Story and Evolution of Doodles - G_6e786d/h2_Weve created more than 5,000 Doodles ove_111429' is visible]]></system-out>
         <system-err><![CDATA[]]></system-err>
      </testcase>
      <testcase name="Test Cases/test case folder 1/tc1 - Copy (3) - Copy (6)" time="18.641" classname="Test Cases/test case folder 1/tc1 - Copy (3) - Copy (6)" status="PASSED">
         <system-out><![CDATA[17-06-2024T18:45:07 - [TEST_CASE][PASSED] - Test Cases/test case folder 1/tc1 - Copy (3) - Copy (6): Test Cases/test case folder 1/tc1 - Copy (3) - Copy (6)

17-06-2024T18:45:07 - [TEST_STEP][PASSED] - openBrowser(""): Browser is opened with url: ''

17-06-2024T18:45:07 - [MESSAGE][WARNING] - A browser is already opened. Closing browser and opening a new one

17-06-2024T18:45:07 - [MESSAGE][INFO] - Starting 'Chrome (headless)' driver

17-06-2024T18:45:07 - [MESSAGE][INFO] - Action delay is set to 0 milliseconds

17-06-2024T18:45:08 - [MESSAGE][PASSED] - Browser is opened with url: ''

17-06-2024T18:45:08 - [TEST_STEP][PASSED] - navigateToUrl("https://doodles.google/about/"): Navigate to 'https://doodles.google/about/' successfully

17-06-2024T18:45:10 - [MESSAGE][PASSED] - Navigate to 'https://doodles.google/about/' successfully

17-06-2024T18:45:10 - [TEST_STEP][PASSED] - click(findTestObject("Object Repository/Page_The Story and Evolution of Doodles - G_6e786d/p_The first Doodle was a simple out-of-offi_345e61")): Object: 'Object Repository/Page_The Story and Evolution of Doodles - G_6e786d/p_The first Doodle was a simple out-of-offi_345e61' is clicked on

17-06-2024T18:45:11 - [MESSAGE][PASSED] - Object: 'Object Repository/Page_The Story and Evolution of Doodles - G_6e786d/p_The first Doodle was a simple out-of-offi_345e61' is clicked on

17-06-2024T18:45:11 - [TEST_STEP][PASSED] - click(findTestObject("Object Repository/Page_The Story and Evolution of Doodles - G_6e786d/p_The first Doodle was a simple out-of-offi_345e61")): Object: 'Object Repository/Page_The Story and Evolution of Doodles - G_6e786d/p_The first Doodle was a simple out-of-offi_345e61' is clicked on

17-06-2024T18:45:11 - [MESSAGE][PASSED] - Object: 'Object Repository/Page_The Story and Evolution of Doodles - G_6e786d/p_The first Doodle was a simple out-of-offi_345e61' is clicked on

17-06-2024T18:45:11 - [TEST_STEP][PASSED] - verifyElementVisible(findTestObject("Object Repository/Page_The Story and Evolution of Doodles - G_6e786d/h1_The story behind Doodles")): Object 'Object Repository/Page_The Story and Evolution of Doodles - G_6e786d/h1_The story behind Doodles' is visible

17-06-2024T18:45:11 - [MESSAGE][PASSED] - Object 'Object Repository/Page_The Story and Evolution of Doodles - G_6e786d/h1_The story behind Doodles' is visible

17-06-2024T18:45:11 - [TEST_STEP][PASSED] - verifyElementVisible(findTestObject("Object Repository/Page_The Story and Evolution of Doodles - G_6e786d/p_The first Doodle was a simple out-of-offi_345e61")): Object 'Object Repository/Page_The Story and Evolution of Doodles - G_6e786d/p_The first Doodle was a simple out-of-offi_345e61' is visible

17-06-2024T18:45:12 - [MESSAGE][PASSED] - Object 'Object Repository/Page_The Story and Evolution of Doodles - G_6e786d/p_The first Doodle was a simple out-of-offi_345e61' is visible

17-06-2024T18:45:12 - [TEST_STEP][PASSED] - verifyElementVisible(findTestObject("Object Repository/Page_The Story and Evolution of Doodles - G_6e786d/h2_Weve created more than 5,000 Doodles ove_111429")): Object 'Object Repository/Page_The Story and Evolution of Doodles - G_6e786d/h2_Weve created more than 5,000 Doodles ove_111429' is visible

17-06-2024T18:45:12 - [MESSAGE][PASSED] - Object 'Object Repository/Page_The Story and Evolution of Doodles - G_6e786d/h2_Weve created more than 5,000 Doodles ove_111429' is visible

17-06-2024T18:45:12 - [TEST_STEP][PASSED] - verifyElementVisible(findTestObject("Object Repository/Page_The Story and Evolution of Doodles - G_6e786d/h1_The story behind Doodles")): Object 'Object Repository/Page_The Story and Evolution of Doodles - G_6e786d/h1_The story behind Doodles' is visible

17-06-2024T18:45:12 - [MESSAGE][PASSED] - Object 'Object Repository/Page_The Story and Evolution of Doodles - G_6e786d/h1_The story behind Doodles' is visible

17-06-2024T18:45:12 - [TEST_STEP][PASSED] - verifyElementVisible(findTestObject("Object Repository/Page_The Story and Evolution of Doodles - G_6e786d/p_The first Doodle was a simple out-of-offi_345e61")): Object 'Object Repository/Page_The Story and Evolution of Doodles - G_6e786d/p_The first Doodle was a simple out-of-offi_345e61' is visible

17-06-2024T18:45:13 - [MESSAGE][PASSED] - Object 'Object Repository/Page_The Story and Evolution of Doodles - G_6e786d/p_The first Doodle was a simple out-of-offi_345e61' is visible

17-06-2024T18:45:13 - [TEST_STEP][PASSED] - verifyElementVisible(findTestObject("Object Repository/Page_The Story and Evolution of Doodles - G_6e786d/h2_Weve created more than 5,000 Doodles ove_111429")): Object 'Object Repository/Page_The Story and Evolution of Doodles - G_6e786d/h2_Weve created more than 5,000 Doodles ove_111429' is visible

17-06-2024T18:45:13 - [MESSAGE][PASSED] - Object 'Object Repository/Page_The Story and Evolution of Doodles - G_6e786d/h2_Weve created more than 5,000 Doodles ove_111429' is visible

17-06-2024T18:45:13 - [TEST_STEP][PASSED] - click(findTestObject("Object Repository/Page_The Story and Evolution of Doodles - G_6e786d/p_The first Doodle was a simple out-of-offi_345e61")): Object: 'Object Repository/Page_The Story and Evolution of Doodles - G_6e786d/p_The first Doodle was a simple out-of-offi_345e61' is clicked on

17-06-2024T18:45:13 - [MESSAGE][PASSED] - Object: 'Object Repository/Page_The Story and Evolution of Doodles - G_6e786d/p_The first Doodle was a simple out-of-offi_345e61' is clicked on

17-06-2024T18:45:13 - [TEST_STEP][PASSED] - verifyElementVisible(findTestObject("Object Repository/Page_The Story and Evolution of Doodles - G_6e786d/h1_The story behind Doodles")): Object 'Object Repository/Page_The Story and Evolution of Doodles - G_6e786d/h1_The story behind Doodles' is visible

17-06-2024T18:45:14 - [MESSAGE][PASSED] - Object 'Object Repository/Page_The Story and Evolution of Doodles - G_6e786d/h1_The story behind Doodles' is visible

17-06-2024T18:45:14 - [TEST_STEP][PASSED] - verifyElementVisible(findTestObject("Object Repository/Page_The Story and Evolution of Doodles - G_6e786d/p_The first Doodle was a simple out-of-offi_345e61")): Object 'Object Repository/Page_The Story and Evolution of Doodles - G_6e786d/p_The first Doodle was a simple out-of-offi_345e61' is visible

17-06-2024T18:45:14 - [MESSAGE][PASSED] - Object 'Object Repository/Page_The Story and Evolution of Doodles - G_6e786d/p_The first Doodle was a simple out-of-offi_345e61' is visible

17-06-2024T18:45:14 - [TEST_STEP][PASSED] - verifyElementVisible(findTestObject("Object Repository/Page_The Story and Evolution of Doodles - G_6e786d/h2_Weve created more than 5,000 Doodles ove_111429")): Object 'Object Repository/Page_The Story and Evolution of Doodles - G_6e786d/h2_Weve created more than 5,000 Doodles ove_111429' is visible

17-06-2024T18:45:14 - [MESSAGE][PASSED] - Object 'Object Repository/Page_The Story and Evolution of Doodles - G_6e786d/h2_Weve created more than 5,000 Doodles ove_111429' is visible

17-06-2024T18:45:14 - [TEST_STEP][PASSED] - click(findTestObject("Object Repository/Page_The Story and Evolution of Doodles - G_6e786d/p_The first Doodle was a simple out-of-offi_345e61")): Object: 'Object Repository/Page_The Story and Evolution of Doodles - G_6e786d/p_The first Doodle was a simple out-of-offi_345e61' is clicked on

17-06-2024T18:45:15 - [MESSAGE][PASSED] - Object: 'Object Repository/Page_The Story and Evolution of Doodles - G_6e786d/p_The first Doodle was a simple out-of-offi_345e61' is clicked on

17-06-2024T18:45:15 - [TEST_STEP][PASSED] - verifyElementVisible(findTestObject("Object Repository/Page_The Story and Evolution of Doodles - G_6e786d/h1_The story behind Doodles")): Object 'Object Repository/Page_The Story and Evolution of Doodles - G_6e786d/h1_The story behind Doodles' is visible

17-06-2024T18:45:15 - [MESSAGE][PASSED] - Object 'Object Repository/Page_The Story and Evolution of Doodles - G_6e786d/h1_The story behind Doodles' is visible

17-06-2024T18:45:15 - [TEST_STEP][PASSED] - verifyElementVisible(findTestObject("Object Repository/Page_The Story and Evolution of Doodles - G_6e786d/p_The first Doodle was a simple out-of-offi_345e61")): Object 'Object Repository/Page_The Story and Evolution of Doodles - G_6e786d/p_The first Doodle was a simple out-of-offi_345e61' is visible

17-06-2024T18:45:15 - [MESSAGE][PASSED] - Object 'Object Repository/Page_The Story and Evolution of Doodles - G_6e786d/p_The first Doodle was a simple out-of-offi_345e61' is visible

17-06-2024T18:45:15 - [TEST_STEP][PASSED] - verifyElementVisible(findTestObject("Object Repository/Page_The Story and Evolution of Doodles - G_6e786d/h2_Weve created more than 5,000 Doodles ove_111429")): Object 'Object Repository/Page_The Story and Evolution of Doodles - G_6e786d/h2_Weve created more than 5,000 Doodles ove_111429' is visible

17-06-2024T18:45:16 - [MESSAGE][PASSED] - Object 'Object Repository/Page_The Story and Evolution of Doodles - G_6e786d/h2_Weve created more than 5,000 Doodles ove_111429' is visible

17-06-2024T18:45:16 - [TEST_STEP][PASSED] - click(findTestObject("Object Repository/Page_The Story and Evolution of Doodles - G_6e786d/p_The first Doodle was a simple out-of-offi_345e61")): Object: 'Object Repository/Page_The Story and Evolution of Doodles - G_6e786d/p_The first Doodle was a simple out-of-offi_345e61' is clicked on

17-06-2024T18:45:16 - [MESSAGE][PASSED] - Object: 'Object Repository/Page_The Story and Evolution of Doodles - G_6e786d/p_The first Doodle was a simple out-of-offi_345e61' is clicked on

17-06-2024T18:45:16 - [TEST_STEP][PASSED] - verifyElementVisible(findTestObject("Object Repository/Page_The Story and Evolution of Doodles - G_6e786d/h1_The story behind Doodles")): Object 'Object Repository/Page_The Story and Evolution of Doodles - G_6e786d/h1_The story behind Doodles' is visible

17-06-2024T18:45:16 - [MESSAGE][PASSED] - Object 'Object Repository/Page_The Story and Evolution of Doodles - G_6e786d/h1_The story behind Doodles' is visible

17-06-2024T18:45:16 - [TEST_STEP][PASSED] - verifyElementVisible(findTestObject("Object Repository/Page_The Story and Evolution of Doodles - G_6e786d/p_The first Doodle was a simple out-of-offi_345e61")): Object 'Object Repository/Page_The Story and Evolution of Doodles - G_6e786d/p_The first Doodle was a simple out-of-offi_345e61' is visible

17-06-2024T18:45:17 - [MESSAGE][PASSED] - Object 'Object Repository/Page_The Story and Evolution of Doodles - G_6e786d/p_The first Doodle was a simple out-of-offi_345e61' is visible

17-06-2024T18:45:17 - [TEST_STEP][PASSED] - verifyElementVisible(findTestObject("Object Repository/Page_The Story and Evolution of Doodles - G_6e786d/h2_Weve created more than 5,000 Doodles ove_111429")): Object 'Object Repository/Page_The Story and Evolution of Doodles - G_6e786d/h2_Weve created more than 5,000 Doodles ove_111429' is visible

17-06-2024T18:45:17 - [MESSAGE][PASSED] - Object 'Object Repository/Page_The Story and Evolution of Doodles - G_6e786d/h2_Weve created more than 5,000 Doodles ove_111429' is visible

17-06-2024T18:45:17 - [TEST_STEP][PASSED] - click(findTestObject("Object Repository/Page_The Story and Evolution of Doodles - G_6e786d/p_The first Doodle was a simple out-of-offi_345e61")): Object: 'Object Repository/Page_The Story and Evolution of Doodles - G_6e786d/p_The first Doodle was a simple out-of-offi_345e61' is clicked on

17-06-2024T18:45:17 - [MESSAGE][PASSED] - Object: 'Object Repository/Page_The Story and Evolution of Doodles - G_6e786d/p_The first Doodle was a simple out-of-offi_345e61' is clicked on

17-06-2024T18:45:17 - [TEST_STEP][PASSED] - verifyElementVisible(findTestObject("Object Repository/Page_The Story and Evolution of Doodles - G_6e786d/h1_The story behind Doodles")): Object 'Object Repository/Page_The Story and Evolution of Doodles - G_6e786d/h1_The story behind Doodles' is visible

17-06-2024T18:45:18 - [MESSAGE][PASSED] - Object 'Object Repository/Page_The Story and Evolution of Doodles - G_6e786d/h1_The story behind Doodles' is visible

17-06-2024T18:45:18 - [TEST_STEP][PASSED] - verifyElementVisible(findTestObject("Object Repository/Page_The Story and Evolution of Doodles - G_6e786d/p_The first Doodle was a simple out-of-offi_345e61")): Object 'Object Repository/Page_The Story and Evolution of Doodles - G_6e786d/p_The first Doodle was a simple out-of-offi_345e61' is visible

17-06-2024T18:45:18 - [MESSAGE][PASSED] - Object 'Object Repository/Page_The Story and Evolution of Doodles - G_6e786d/p_The first Doodle was a simple out-of-offi_345e61' is visible

17-06-2024T18:45:18 - [TEST_STEP][PASSED] - verifyElementVisible(findTestObject("Object Repository/Page_The Story and Evolution of Doodles - G_6e786d/h2_Weve created more than 5,000 Doodles ove_111429")): Object 'Object Repository/Page_The Story and Evolution of Doodles - G_6e786d/h2_Weve created more than 5,000 Doodles ove_111429' is visible

17-06-2024T18:45:18 - [MESSAGE][PASSED] - Object 'Object Repository/Page_The Story and Evolution of Doodles - G_6e786d/h2_Weve created more than 5,000 Doodles ove_111429' is visible

17-06-2024T18:45:18 - [TEST_STEP][PASSED] - click(findTestObject("Object Repository/Page_The Story and Evolution of Doodles - G_6e786d/p_The first Doodle was a simple out-of-offi_345e61")): Object: 'Object Repository/Page_The Story and Evolution of Doodles - G_6e786d/p_The first Doodle was a simple out-of-offi_345e61' is clicked on

17-06-2024T18:45:19 - [MESSAGE][PASSED] - Object: 'Object Repository/Page_The Story and Evolution of Doodles - G_6e786d/p_The first Doodle was a simple out-of-offi_345e61' is clicked on

17-06-2024T18:45:19 - [TEST_STEP][PASSED] - verifyElementVisible(findTestObject("Object Repository/Page_The Story and Evolution of Doodles - G_6e786d/h1_The story behind Doodles")): Object 'Object Repository/Page_The Story and Evolution of Doodles - G_6e786d/h1_The story behind Doodles' is visible

17-06-2024T18:45:19 - [MESSAGE][PASSED] - Object 'Object Repository/Page_The Story and Evolution of Doodles - G_6e786d/h1_The story behind Doodles' is visible

17-06-2024T18:45:19 - [TEST_STEP][PASSED] - verifyElementVisible(findTestObject("Object Repository/Page_The Story and Evolution of Doodles - G_6e786d/p_The first Doodle was a simple out-of-offi_345e61")): Object 'Object Repository/Page_The Story and Evolution of Doodles - G_6e786d/p_The first Doodle was a simple out-of-offi_345e61' is visible

17-06-2024T18:45:20 - [MESSAGE][PASSED] - Object 'Object Repository/Page_The Story and Evolution of Doodles - G_6e786d/p_The first Doodle was a simple out-of-offi_345e61' is visible

17-06-2024T18:45:20 - [TEST_STEP][PASSED] - verifyElementVisible(findTestObject("Object Repository/Page_The Story and Evolution of Doodles - G_6e786d/h2_Weve created more than 5,000 Doodles ove_111429")): Object 'Object Repository/Page_The Story and Evolution of Doodles - G_6e786d/h2_Weve created more than 5,000 Doodles ove_111429' is visible

17-06-2024T18:45:20 - [MESSAGE][PASSED] - Object 'Object Repository/Page_The Story and Evolution of Doodles - G_6e786d/h2_Weve created more than 5,000 Doodles ove_111429' is visible

17-06-2024T18:45:20 - [TEST_STEP][PASSED] - click(findTestObject("Object Repository/Page_The Story and Evolution of Doodles - G_6e786d/p_The first Doodle was a simple out-of-offi_345e61")): Object: 'Object Repository/Page_The Story and Evolution of Doodles - G_6e786d/p_The first Doodle was a simple out-of-offi_345e61' is clicked on

17-06-2024T18:45:21 - [MESSAGE][PASSED] - Object: 'Object Repository/Page_The Story and Evolution of Doodles - G_6e786d/p_The first Doodle was a simple out-of-offi_345e61' is clicked on

17-06-2024T18:45:21 - [TEST_STEP][PASSED] - verifyElementVisible(findTestObject("Object Repository/Page_The Story and Evolution of Doodles - G_6e786d/h1_The story behind Doodles")): Object 'Object Repository/Page_The Story and Evolution of Doodles - G_6e786d/h1_The story behind Doodles' is visible

17-06-2024T18:45:21 - [MESSAGE][PASSED] - Object 'Object Repository/Page_The Story and Evolution of Doodles - G_6e786d/h1_The story behind Doodles' is visible

17-06-2024T18:45:21 - [TEST_STEP][PASSED] - verifyElementVisible(findTestObject("Object Repository/Page_The Story and Evolution of Doodles - G_6e786d/p_The first Doodle was a simple out-of-offi_345e61")): Object 'Object Repository/Page_The Story and Evolution of Doodles - G_6e786d/p_The first Doodle was a simple out-of-offi_345e61' is visible

17-06-2024T18:45:21 - [MESSAGE][PASSED] - Object 'Object Repository/Page_The Story and Evolution of Doodles - G_6e786d/p_The first Doodle was a simple out-of-offi_345e61' is visible

17-06-2024T18:45:21 - [TEST_STEP][PASSED] - verifyElementVisible(findTestObject("Object Repository/Page_The Story and Evolution of Doodles - G_6e786d/h2_Weve created more than 5,000 Doodles ove_111429")): Object 'Object Repository/Page_The Story and Evolution of Doodles - G_6e786d/h2_Weve created more than 5,000 Doodles ove_111429' is visible

17-06-2024T18:45:22 - [MESSAGE][PASSED] - Object 'Object Repository/Page_The Story and Evolution of Doodles - G_6e786d/h2_Weve created more than 5,000 Doodles ove_111429' is visible

17-06-2024T18:45:22 - [TEST_STEP][PASSED] - click(findTestObject("Object Repository/Page_The Story and Evolution of Doodles - G_6e786d/p_The first Doodle was a simple out-of-offi_345e61")): Object: 'Object Repository/Page_The Story and Evolution of Doodles - G_6e786d/p_The first Doodle was a simple out-of-offi_345e61' is clicked on

17-06-2024T18:45:22 - [MESSAGE][PASSED] - Object: 'Object Repository/Page_The Story and Evolution of Doodles - G_6e786d/p_The first Doodle was a simple out-of-offi_345e61' is clicked on

17-06-2024T18:45:22 - [TEST_STEP][PASSED] - verifyElementVisible(findTestObject("Object Repository/Page_The Story and Evolution of Doodles - G_6e786d/h1_The story behind Doodles")): Object 'Object Repository/Page_The Story and Evolution of Doodles - G_6e786d/h1_The story behind Doodles' is visible

17-06-2024T18:45:22 - [MESSAGE][PASSED] - Object 'Object Repository/Page_The Story and Evolution of Doodles - G_6e786d/h1_The story behind Doodles' is visible

17-06-2024T18:45:22 - [TEST_STEP][PASSED] - verifyElementVisible(findTestObject("Object Repository/Page_The Story and Evolution of Doodles - G_6e786d/p_The first Doodle was a simple out-of-offi_345e61")): Object 'Object Repository/Page_The Story and Evolution of Doodles - G_6e786d/p_The first Doodle was a simple out-of-offi_345e61' is visible

17-06-2024T18:45:23 - [MESSAGE][PASSED] - Object 'Object Repository/Page_The Story and Evolution of Doodles - G_6e786d/p_The first Doodle was a simple out-of-offi_345e61' is visible

17-06-2024T18:45:23 - [TEST_STEP][PASSED] - verifyElementVisible(findTestObject("Object Repository/Page_The Story and Evolution of Doodles - G_6e786d/h2_Weve created more than 5,000 Doodles ove_111429")): Object 'Object Repository/Page_The Story and Evolution of Doodles - G_6e786d/h2_Weve created more than 5,000 Doodles ove_111429' is visible

17-06-2024T18:45:23 - [MESSAGE][PASSED] - Object 'Object Repository/Page_The Story and Evolution of Doodles - G_6e786d/h2_Weve created more than 5,000 Doodles ove_111429' is visible

17-06-2024T18:45:23 - [TEST_STEP][PASSED] - click(findTestObject("Object Repository/Page_The Story and Evolution of Doodles - G_6e786d/p_The first Doodle was a simple out-of-offi_345e61")): Object: 'Object Repository/Page_The Story and Evolution of Doodles - G_6e786d/p_The first Doodle was a simple out-of-offi_345e61' is clicked on

17-06-2024T18:45:23 - [MESSAGE][PASSED] - Object: 'Object Repository/Page_The Story and Evolution of Doodles - G_6e786d/p_The first Doodle was a simple out-of-offi_345e61' is clicked on

17-06-2024T18:45:23 - [TEST_STEP][PASSED] - verifyElementVisible(findTestObject("Object Repository/Page_The Story and Evolution of Doodles - G_6e786d/h1_The story behind Doodles")): Object 'Object Repository/Page_The Story and Evolution of Doodles - G_6e786d/h1_The story behind Doodles' is visible

17-06-2024T18:45:24 - [MESSAGE][PASSED] - Object 'Object Repository/Page_The Story and Evolution of Doodles - G_6e786d/h1_The story behind Doodles' is visible

17-06-2024T18:45:24 - [TEST_STEP][PASSED] - verifyElementVisible(findTestObject("Object Repository/Page_The Story and Evolution of Doodles - G_6e786d/p_The first Doodle was a simple out-of-offi_345e61")): Object 'Object Repository/Page_The Story and Evolution of Doodles - G_6e786d/p_The first Doodle was a simple out-of-offi_345e61' is visible

17-06-2024T18:45:24 - [MESSAGE][PASSED] - Object 'Object Repository/Page_The Story and Evolution of Doodles - G_6e786d/p_The first Doodle was a simple out-of-offi_345e61' is visible

17-06-2024T18:45:24 - [TEST_STEP][PASSED] - verifyElementVisible(findTestObject("Object Repository/Page_The Story and Evolution of Doodles - G_6e786d/h2_Weve created more than 5,000 Doodles ove_111429")): Object 'Object Repository/Page_The Story and Evolution of Doodles - G_6e786d/h2_Weve created more than 5,000 Doodles ove_111429' is visible

17-06-2024T18:45:24 - [MESSAGE][PASSED] - Object 'Object Repository/Page_The Story and Evolution of Doodles - G_6e786d/h2_Weve created more than 5,000 Doodles ove_111429' is visible

17-06-2024T18:45:24 - [TEST_STEP][PASSED] - click(findTestObject("Object Repository/Page_The Story and Evolution of Doodles - G_6e786d/p_The first Doodle was a simple out-of-offi_345e61")): Object: 'Object Repository/Page_The Story and Evolution of Doodles - G_6e786d/p_The first Doodle was a simple out-of-offi_345e61' is clicked on

17-06-2024T18:45:25 - [MESSAGE][PASSED] - Object: 'Object Repository/Page_The Story and Evolution of Doodles - G_6e786d/p_The first Doodle was a simple out-of-offi_345e61' is clicked on

17-06-2024T18:45:25 - [TEST_STEP][PASSED] - verifyElementVisible(findTestObject("Object Repository/Page_The Story and Evolution of Doodles - G_6e786d/h1_The story behind Doodles")): Object 'Object Repository/Page_The Story and Evolution of Doodles - G_6e786d/h1_The story behind Doodles' is visible

17-06-2024T18:45:25 - [MESSAGE][PASSED] - Object 'Object Repository/Page_The Story and Evolution of Doodles - G_6e786d/h1_The story behind Doodles' is visible

17-06-2024T18:45:25 - [TEST_STEP][PASSED] - verifyElementVisible(findTestObject("Object Repository/Page_The Story and Evolution of Doodles - G_6e786d/p_The first Doodle was a simple out-of-offi_345e61")): Object 'Object Repository/Page_The Story and Evolution of Doodles - G_6e786d/p_The first Doodle was a simple out-of-offi_345e61' is visible

17-06-2024T18:45:25 - [MESSAGE][PASSED] - Object 'Object Repository/Page_The Story and Evolution of Doodles - G_6e786d/p_The first Doodle was a simple out-of-offi_345e61' is visible

17-06-2024T18:45:25 - [TEST_STEP][PASSED] - verifyElementVisible(findTestObject("Object Repository/Page_The Story and Evolution of Doodles - G_6e786d/h2_Weve created more than 5,000 Doodles ove_111429")): Object 'Object Repository/Page_The Story and Evolution of Doodles - G_6e786d/h2_Weve created more than 5,000 Doodles ove_111429' is visible

17-06-2024T18:45:26 - [MESSAGE][PASSED] - Object 'Object Repository/Page_The Story and Evolution of Doodles - G_6e786d/h2_Weve created more than 5,000 Doodles ove_111429' is visible]]></system-out>
         <system-err><![CDATA[]]></system-err>
      </testcase>
      <testcase name="Test Cases/test case folder 1/tc1 - Copy (3) - Copy" time="34.996" classname="Test Cases/test case folder 1/tc1 - Copy (3) - Copy" status="PASSED">
         <system-out><![CDATA[17-06-2024T18:45:26 - [TEST_CASE][PASSED] - Test Cases/test case folder 1/tc1 - Copy (3) - Copy: Test Cases/test case folder 1/tc1 - Copy (3) - Copy

17-06-2024T18:45:26 - [TEST_STEP][PASSED] - openBrowser(""): Browser is opened with url: ''

17-06-2024T18:45:26 - [MESSAGE][WARNING] - A browser is already opened. Closing browser and opening a new one

17-06-2024T18:45:26 - [MESSAGE][INFO] - Starting 'Chrome (headless)' driver

17-06-2024T18:45:26 - [MESSAGE][INFO] - Action delay is set to 0 milliseconds

17-06-2024T18:45:27 - [MESSAGE][PASSED] - Browser is opened with url: ''

17-06-2024T18:45:27 - [TEST_STEP][PASSED] - navigateToUrl("https://doodles.google/about/"): Navigate to 'https://doodles.google/about/' successfully

17-06-2024T18:45:45 - [MESSAGE][PASSED] - Navigate to 'https://doodles.google/about/' successfully

17-06-2024T18:45:45 - [TEST_STEP][PASSED] - click(findTestObject("Object Repository/Page_The Story and Evolution of Doodles - G_6e786d/p_The first Doodle was a simple out-of-offi_345e61")): Object: 'Object Repository/Page_The Story and Evolution of Doodles - G_6e786d/p_The first Doodle was a simple out-of-offi_345e61' is clicked on

17-06-2024T18:45:46 - [MESSAGE][PASSED] - Object: 'Object Repository/Page_The Story and Evolution of Doodles - G_6e786d/p_The first Doodle was a simple out-of-offi_345e61' is clicked on

17-06-2024T18:45:46 - [TEST_STEP][PASSED] - click(findTestObject("Object Repository/Page_The Story and Evolution of Doodles - G_6e786d/p_The first Doodle was a simple out-of-offi_345e61")): Object: 'Object Repository/Page_The Story and Evolution of Doodles - G_6e786d/p_The first Doodle was a simple out-of-offi_345e61' is clicked on

17-06-2024T18:45:46 - [MESSAGE][PASSED] - Object: 'Object Repository/Page_The Story and Evolution of Doodles - G_6e786d/p_The first Doodle was a simple out-of-offi_345e61' is clicked on

17-06-2024T18:45:46 - [TEST_STEP][PASSED] - verifyElementVisible(findTestObject("Object Repository/Page_The Story and Evolution of Doodles - G_6e786d/h1_The story behind Doodles")): Object 'Object Repository/Page_The Story and Evolution of Doodles - G_6e786d/h1_The story behind Doodles' is visible

17-06-2024T18:45:46 - [MESSAGE][PASSED] - Object 'Object Repository/Page_The Story and Evolution of Doodles - G_6e786d/h1_The story behind Doodles' is visible

17-06-2024T18:45:46 - [TEST_STEP][PASSED] - verifyElementVisible(findTestObject("Object Repository/Page_The Story and Evolution of Doodles - G_6e786d/p_The first Doodle was a simple out-of-offi_345e61")): Object 'Object Repository/Page_The Story and Evolution of Doodles - G_6e786d/p_The first Doodle was a simple out-of-offi_345e61' is visible

17-06-2024T18:45:47 - [MESSAGE][PASSED] - Object 'Object Repository/Page_The Story and Evolution of Doodles - G_6e786d/p_The first Doodle was a simple out-of-offi_345e61' is visible

17-06-2024T18:45:47 - [TEST_STEP][PASSED] - verifyElementVisible(findTestObject("Object Repository/Page_The Story and Evolution of Doodles - G_6e786d/h2_Weve created more than 5,000 Doodles ove_111429")): Object 'Object Repository/Page_The Story and Evolution of Doodles - G_6e786d/h2_Weve created more than 5,000 Doodles ove_111429' is visible

17-06-2024T18:45:47 - [MESSAGE][PASSED] - Object 'Object Repository/Page_The Story and Evolution of Doodles - G_6e786d/h2_Weve created more than 5,000 Doodles ove_111429' is visible

17-06-2024T18:45:47 - [TEST_STEP][PASSED] - verifyElementVisible(findTestObject("Object Repository/Page_The Story and Evolution of Doodles - G_6e786d/h1_The story behind Doodles")): Object 'Object Repository/Page_The Story and Evolution of Doodles - G_6e786d/h1_The story behind Doodles' is visible

17-06-2024T18:45:47 - [MESSAGE][PASSED] - Object 'Object Repository/Page_The Story and Evolution of Doodles - G_6e786d/h1_The story behind Doodles' is visible

17-06-2024T18:45:47 - [TEST_STEP][PASSED] - verifyElementVisible(findTestObject("Object Repository/Page_The Story and Evolution of Doodles - G_6e786d/p_The first Doodle was a simple out-of-offi_345e61")): Object 'Object Repository/Page_The Story and Evolution of Doodles - G_6e786d/p_The first Doodle was a simple out-of-offi_345e61' is visible

17-06-2024T18:45:48 - [MESSAGE][PASSED] - Object 'Object Repository/Page_The Story and Evolution of Doodles - G_6e786d/p_The first Doodle was a simple out-of-offi_345e61' is visible

17-06-2024T18:45:48 - [TEST_STEP][PASSED] - verifyElementVisible(findTestObject("Object Repository/Page_The Story and Evolution of Doodles - G_6e786d/h2_Weve created more than 5,000 Doodles ove_111429")): Object 'Object Repository/Page_The Story and Evolution of Doodles - G_6e786d/h2_Weve created more than 5,000 Doodles ove_111429' is visible

17-06-2024T18:45:48 - [MESSAGE][PASSED] - Object 'Object Repository/Page_The Story and Evolution of Doodles - G_6e786d/h2_Weve created more than 5,000 Doodles ove_111429' is visible

17-06-2024T18:45:48 - [TEST_STEP][PASSED] - click(findTestObject("Object Repository/Page_The Story and Evolution of Doodles - G_6e786d/p_The first Doodle was a simple out-of-offi_345e61")): Object: 'Object Repository/Page_The Story and Evolution of Doodles - G_6e786d/p_The first Doodle was a simple out-of-offi_345e61' is clicked on

17-06-2024T18:45:48 - [MESSAGE][PASSED] - Object: 'Object Repository/Page_The Story and Evolution of Doodles - G_6e786d/p_The first Doodle was a simple out-of-offi_345e61' is clicked on

17-06-2024T18:45:48 - [TEST_STEP][PASSED] - verifyElementVisible(findTestObject("Object Repository/Page_The Story and Evolution of Doodles - G_6e786d/h1_The story behind Doodles")): Object 'Object Repository/Page_The Story and Evolution of Doodles - G_6e786d/h1_The story behind Doodles' is visible

17-06-2024T18:45:49 - [MESSAGE][PASSED] - Object 'Object Repository/Page_The Story and Evolution of Doodles - G_6e786d/h1_The story behind Doodles' is visible

17-06-2024T18:45:49 - [TEST_STEP][PASSED] - verifyElementVisible(findTestObject("Object Repository/Page_The Story and Evolution of Doodles - G_6e786d/p_The first Doodle was a simple out-of-offi_345e61")): Object 'Object Repository/Page_The Story and Evolution of Doodles - G_6e786d/p_The first Doodle was a simple out-of-offi_345e61' is visible

17-06-2024T18:45:49 - [MESSAGE][PASSED] - Object 'Object Repository/Page_The Story and Evolution of Doodles - G_6e786d/p_The first Doodle was a simple out-of-offi_345e61' is visible

17-06-2024T18:45:49 - [TEST_STEP][PASSED] - verifyElementVisible(findTestObject("Object Repository/Page_The Story and Evolution of Doodles - G_6e786d/h2_Weve created more than 5,000 Doodles ove_111429")): Object 'Object Repository/Page_The Story and Evolution of Doodles - G_6e786d/h2_Weve created more than 5,000 Doodles ove_111429' is visible

17-06-2024T18:45:50 - [MESSAGE][PASSED] - Object 'Object Repository/Page_The Story and Evolution of Doodles - G_6e786d/h2_Weve created more than 5,000 Doodles ove_111429' is visible

17-06-2024T18:45:50 - [TEST_STEP][PASSED] - click(findTestObject("Object Repository/Page_The Story and Evolution of Doodles - G_6e786d/p_The first Doodle was a simple out-of-offi_345e61")): Object: 'Object Repository/Page_The Story and Evolution of Doodles - G_6e786d/p_The first Doodle was a simple out-of-offi_345e61' is clicked on

17-06-2024T18:45:50 - [MESSAGE][PASSED] - Object: 'Object Repository/Page_The Story and Evolution of Doodles - G_6e786d/p_The first Doodle was a simple out-of-offi_345e61' is clicked on

17-06-2024T18:45:50 - [TEST_STEP][PASSED] - verifyElementVisible(findTestObject("Object Repository/Page_The Story and Evolution of Doodles - G_6e786d/h1_The story behind Doodles")): Object 'Object Repository/Page_The Story and Evolution of Doodles - G_6e786d/h1_The story behind Doodles' is visible

17-06-2024T18:45:51 - [MESSAGE][PASSED] - Object 'Object Repository/Page_The Story and Evolution of Doodles - G_6e786d/h1_The story behind Doodles' is visible

17-06-2024T18:45:51 - [TEST_STEP][PASSED] - verifyElementVisible(findTestObject("Object Repository/Page_The Story and Evolution of Doodles - G_6e786d/p_The first Doodle was a simple out-of-offi_345e61")): Object 'Object Repository/Page_The Story and Evolution of Doodles - G_6e786d/p_The first Doodle was a simple out-of-offi_345e61' is visible

17-06-2024T18:45:51 - [MESSAGE][PASSED] - Object 'Object Repository/Page_The Story and Evolution of Doodles - G_6e786d/p_The first Doodle was a simple out-of-offi_345e61' is visible

17-06-2024T18:45:51 - [TEST_STEP][PASSED] - verifyElementVisible(findTestObject("Object Repository/Page_The Story and Evolution of Doodles - G_6e786d/h2_Weve created more than 5,000 Doodles ove_111429")): Object 'Object Repository/Page_The Story and Evolution of Doodles - G_6e786d/h2_Weve created more than 5,000 Doodles ove_111429' is visible

17-06-2024T18:45:51 - [MESSAGE][PASSED] - Object 'Object Repository/Page_The Story and Evolution of Doodles - G_6e786d/h2_Weve created more than 5,000 Doodles ove_111429' is visible

17-06-2024T18:45:51 - [TEST_STEP][PASSED] - click(findTestObject("Object Repository/Page_The Story and Evolution of Doodles - G_6e786d/p_The first Doodle was a simple out-of-offi_345e61")): Object: 'Object Repository/Page_The Story and Evolution of Doodles - G_6e786d/p_The first Doodle was a simple out-of-offi_345e61' is clicked on

17-06-2024T18:45:51 - [MESSAGE][PASSED] - Object: 'Object Repository/Page_The Story and Evolution of Doodles - G_6e786d/p_The first Doodle was a simple out-of-offi_345e61' is clicked on

17-06-2024T18:45:51 - [TEST_STEP][PASSED] - verifyElementVisible(findTestObject("Object Repository/Page_The Story and Evolution of Doodles - G_6e786d/h1_The story behind Doodles")): Object 'Object Repository/Page_The Story and Evolution of Doodles - G_6e786d/h1_The story behind Doodles' is visible

17-06-2024T18:45:52 - [MESSAGE][PASSED] - Object 'Object Repository/Page_The Story and Evolution of Doodles - G_6e786d/h1_The story behind Doodles' is visible

17-06-2024T18:45:52 - [TEST_STEP][PASSED] - verifyElementVisible(findTestObject("Object Repository/Page_The Story and Evolution of Doodles - G_6e786d/p_The first Doodle was a simple out-of-offi_345e61")): Object 'Object Repository/Page_The Story and Evolution of Doodles - G_6e786d/p_The first Doodle was a simple out-of-offi_345e61' is visible

17-06-2024T18:45:52 - [MESSAGE][PASSED] - Object 'Object Repository/Page_The Story and Evolution of Doodles - G_6e786d/p_The first Doodle was a simple out-of-offi_345e61' is visible

17-06-2024T18:45:52 - [TEST_STEP][PASSED] - verifyElementVisible(findTestObject("Object Repository/Page_The Story and Evolution of Doodles - G_6e786d/h2_Weve created more than 5,000 Doodles ove_111429")): Object 'Object Repository/Page_The Story and Evolution of Doodles - G_6e786d/h2_Weve created more than 5,000 Doodles ove_111429' is visible

17-06-2024T18:45:52 - [MESSAGE][PASSED] - Object 'Object Repository/Page_The Story and Evolution of Doodles - G_6e786d/h2_Weve created more than 5,000 Doodles ove_111429' is visible

17-06-2024T18:45:52 - [TEST_STEP][PASSED] - click(findTestObject("Object Repository/Page_The Story and Evolution of Doodles - G_6e786d/p_The first Doodle was a simple out-of-offi_345e61")): Object: 'Object Repository/Page_The Story and Evolution of Doodles - G_6e786d/p_The first Doodle was a simple out-of-offi_345e61' is clicked on

17-06-2024T18:45:53 - [MESSAGE][PASSED] - Object: 'Object Repository/Page_The Story and Evolution of Doodles - G_6e786d/p_The first Doodle was a simple out-of-offi_345e61' is clicked on

17-06-2024T18:45:53 - [TEST_STEP][PASSED] - verifyElementVisible(findTestObject("Object Repository/Page_The Story and Evolution of Doodles - G_6e786d/h1_The story behind Doodles")): Object 'Object Repository/Page_The Story and Evolution of Doodles - G_6e786d/h1_The story behind Doodles' is visible

17-06-2024T18:45:53 - [MESSAGE][PASSED] - Object 'Object Repository/Page_The Story and Evolution of Doodles - G_6e786d/h1_The story behind Doodles' is visible

17-06-2024T18:45:53 - [TEST_STEP][PASSED] - verifyElementVisible(findTestObject("Object Repository/Page_The Story and Evolution of Doodles - G_6e786d/p_The first Doodle was a simple out-of-offi_345e61")): Object 'Object Repository/Page_The Story and Evolution of Doodles - G_6e786d/p_The first Doodle was a simple out-of-offi_345e61' is visible

17-06-2024T18:45:54 - [MESSAGE][PASSED] - Object 'Object Repository/Page_The Story and Evolution of Doodles - G_6e786d/p_The first Doodle was a simple out-of-offi_345e61' is visible

17-06-2024T18:45:54 - [TEST_STEP][PASSED] - verifyElementVisible(findTestObject("Object Repository/Page_The Story and Evolution of Doodles - G_6e786d/h2_Weve created more than 5,000 Doodles ove_111429")): Object 'Object Repository/Page_The Story and Evolution of Doodles - G_6e786d/h2_Weve created more than 5,000 Doodles ove_111429' is visible

17-06-2024T18:45:54 - [MESSAGE][PASSED] - Object 'Object Repository/Page_The Story and Evolution of Doodles - G_6e786d/h2_Weve created more than 5,000 Doodles ove_111429' is visible

17-06-2024T18:45:54 - [TEST_STEP][PASSED] - click(findTestObject("Object Repository/Page_The Story and Evolution of Doodles - G_6e786d/p_The first Doodle was a simple out-of-offi_345e61")): Object: 'Object Repository/Page_The Story and Evolution of Doodles - G_6e786d/p_The first Doodle was a simple out-of-offi_345e61' is clicked on

17-06-2024T18:45:54 - [MESSAGE][PASSED] - Object: 'Object Repository/Page_The Story and Evolution of Doodles - G_6e786d/p_The first Doodle was a simple out-of-offi_345e61' is clicked on

17-06-2024T18:45:54 - [TEST_STEP][PASSED] - verifyElementVisible(findTestObject("Object Repository/Page_The Story and Evolution of Doodles - G_6e786d/h1_The story behind Doodles")): Object 'Object Repository/Page_The Story and Evolution of Doodles - G_6e786d/h1_The story behind Doodles' is visible

17-06-2024T18:45:55 - [MESSAGE][PASSED] - Object 'Object Repository/Page_The Story and Evolution of Doodles - G_6e786d/h1_The story behind Doodles' is visible

17-06-2024T18:45:55 - [TEST_STEP][PASSED] - verifyElementVisible(findTestObject("Object Repository/Page_The Story and Evolution of Doodles - G_6e786d/p_The first Doodle was a simple out-of-offi_345e61")): Object 'Object Repository/Page_The Story and Evolution of Doodles - G_6e786d/p_The first Doodle was a simple out-of-offi_345e61' is visible

17-06-2024T18:45:55 - [MESSAGE][PASSED] - Object 'Object Repository/Page_The Story and Evolution of Doodles - G_6e786d/p_The first Doodle was a simple out-of-offi_345e61' is visible

17-06-2024T18:45:55 - [TEST_STEP][PASSED] - verifyElementVisible(findTestObject("Object Repository/Page_The Story and Evolution of Doodles - G_6e786d/h2_Weve created more than 5,000 Doodles ove_111429")): Object 'Object Repository/Page_The Story and Evolution of Doodles - G_6e786d/h2_Weve created more than 5,000 Doodles ove_111429' is visible

17-06-2024T18:45:55 - [MESSAGE][PASSED] - Object 'Object Repository/Page_The Story and Evolution of Doodles - G_6e786d/h2_Weve created more than 5,000 Doodles ove_111429' is visible

17-06-2024T18:45:55 - [TEST_STEP][PASSED] - click(findTestObject("Object Repository/Page_The Story and Evolution of Doodles - G_6e786d/p_The first Doodle was a simple out-of-offi_345e61")): Object: 'Object Repository/Page_The Story and Evolution of Doodles - G_6e786d/p_The first Doodle was a simple out-of-offi_345e61' is clicked on

17-06-2024T18:45:56 - [MESSAGE][PASSED] - Object: 'Object Repository/Page_The Story and Evolution of Doodles - G_6e786d/p_The first Doodle was a simple out-of-offi_345e61' is clicked on

17-06-2024T18:45:56 - [TEST_STEP][PASSED] - verifyElementVisible(findTestObject("Object Repository/Page_The Story and Evolution of Doodles - G_6e786d/h1_The story behind Doodles")): Object 'Object Repository/Page_The Story and Evolution of Doodles - G_6e786d/h1_The story behind Doodles' is visible

17-06-2024T18:45:56 - [MESSAGE][PASSED] - Object 'Object Repository/Page_The Story and Evolution of Doodles - G_6e786d/h1_The story behind Doodles' is visible

17-06-2024T18:45:56 - [TEST_STEP][PASSED] - verifyElementVisible(findTestObject("Object Repository/Page_The Story and Evolution of Doodles - G_6e786d/p_The first Doodle was a simple out-of-offi_345e61")): Object 'Object Repository/Page_The Story and Evolution of Doodles - G_6e786d/p_The first Doodle was a simple out-of-offi_345e61' is visible

17-06-2024T18:45:56 - [MESSAGE][PASSED] - Object 'Object Repository/Page_The Story and Evolution of Doodles - G_6e786d/p_The first Doodle was a simple out-of-offi_345e61' is visible

17-06-2024T18:45:56 - [TEST_STEP][PASSED] - verifyElementVisible(findTestObject("Object Repository/Page_The Story and Evolution of Doodles - G_6e786d/h2_Weve created more than 5,000 Doodles ove_111429")): Object 'Object Repository/Page_The Story and Evolution of Doodles - G_6e786d/h2_Weve created more than 5,000 Doodles ove_111429' is visible

17-06-2024T18:45:57 - [MESSAGE][PASSED] - Object 'Object Repository/Page_The Story and Evolution of Doodles - G_6e786d/h2_Weve created more than 5,000 Doodles ove_111429' is visible

17-06-2024T18:45:57 - [TEST_STEP][PASSED] - click(findTestObject("Object Repository/Page_The Story and Evolution of Doodles - G_6e786d/p_The first Doodle was a simple out-of-offi_345e61")): Object: 'Object Repository/Page_The Story and Evolution of Doodles - G_6e786d/p_The first Doodle was a simple out-of-offi_345e61' is clicked on

17-06-2024T18:45:57 - [MESSAGE][PASSED] - Object: 'Object Repository/Page_The Story and Evolution of Doodles - G_6e786d/p_The first Doodle was a simple out-of-offi_345e61' is clicked on

17-06-2024T18:45:57 - [TEST_STEP][PASSED] - verifyElementVisible(findTestObject("Object Repository/Page_The Story and Evolution of Doodles - G_6e786d/h1_The story behind Doodles")): Object 'Object Repository/Page_The Story and Evolution of Doodles - G_6e786d/h1_The story behind Doodles' is visible

17-06-2024T18:45:57 - [MESSAGE][PASSED] - Object 'Object Repository/Page_The Story and Evolution of Doodles - G_6e786d/h1_The story behind Doodles' is visible

17-06-2024T18:45:57 - [TEST_STEP][PASSED] - verifyElementVisible(findTestObject("Object Repository/Page_The Story and Evolution of Doodles - G_6e786d/p_The first Doodle was a simple out-of-offi_345e61")): Object 'Object Repository/Page_The Story and Evolution of Doodles - G_6e786d/p_The first Doodle was a simple out-of-offi_345e61' is visible

17-06-2024T18:45:58 - [MESSAGE][PASSED] - Object 'Object Repository/Page_The Story and Evolution of Doodles - G_6e786d/p_The first Doodle was a simple out-of-offi_345e61' is visible

17-06-2024T18:45:58 - [TEST_STEP][PASSED] - verifyElementVisible(findTestObject("Object Repository/Page_The Story and Evolution of Doodles - G_6e786d/h2_Weve created more than 5,000 Doodles ove_111429")): Object 'Object Repository/Page_The Story and Evolution of Doodles - G_6e786d/h2_Weve created more than 5,000 Doodles ove_111429' is visible

17-06-2024T18:45:58 - [MESSAGE][PASSED] - Object 'Object Repository/Page_The Story and Evolution of Doodles - G_6e786d/h2_Weve created more than 5,000 Doodles ove_111429' is visible

17-06-2024T18:45:58 - [TEST_STEP][PASSED] - click(findTestObject("Object Repository/Page_The Story and Evolution of Doodles - G_6e786d/p_The first Doodle was a simple out-of-offi_345e61")): Object: 'Object Repository/Page_The Story and Evolution of Doodles - G_6e786d/p_The first Doodle was a simple out-of-offi_345e61' is clicked on

17-06-2024T18:45:58 - [MESSAGE][PASSED] - Object: 'Object Repository/Page_The Story and Evolution of Doodles - G_6e786d/p_The first Doodle was a simple out-of-offi_345e61' is clicked on

17-06-2024T18:45:58 - [TEST_STEP][PASSED] - verifyElementVisible(findTestObject("Object Repository/Page_The Story and Evolution of Doodles - G_6e786d/h1_The story behind Doodles")): Object 'Object Repository/Page_The Story and Evolution of Doodles - G_6e786d/h1_The story behind Doodles' is visible

17-06-2024T18:45:59 - [MESSAGE][PASSED] - Object 'Object Repository/Page_The Story and Evolution of Doodles - G_6e786d/h1_The story behind Doodles' is visible

17-06-2024T18:45:59 - [TEST_STEP][PASSED] - verifyElementVisible(findTestObject("Object Repository/Page_The Story and Evolution of Doodles - G_6e786d/p_The first Doodle was a simple out-of-offi_345e61")): Object 'Object Repository/Page_The Story and Evolution of Doodles - G_6e786d/p_The first Doodle was a simple out-of-offi_345e61' is visible

17-06-2024T18:45:59 - [MESSAGE][PASSED] - Object 'Object Repository/Page_The Story and Evolution of Doodles - G_6e786d/p_The first Doodle was a simple out-of-offi_345e61' is visible

17-06-2024T18:45:59 - [TEST_STEP][PASSED] - verifyElementVisible(findTestObject("Object Repository/Page_The Story and Evolution of Doodles - G_6e786d/h2_Weve created more than 5,000 Doodles ove_111429")): Object 'Object Repository/Page_The Story and Evolution of Doodles - G_6e786d/h2_Weve created more than 5,000 Doodles ove_111429' is visible

17-06-2024T18:45:59 - [MESSAGE][PASSED] - Object 'Object Repository/Page_The Story and Evolution of Doodles - G_6e786d/h2_Weve created more than 5,000 Doodles ove_111429' is visible

17-06-2024T18:45:59 - [TEST_STEP][PASSED] - click(findTestObject("Object Repository/Page_The Story and Evolution of Doodles - G_6e786d/p_The first Doodle was a simple out-of-offi_345e61")): Object: 'Object Repository/Page_The Story and Evolution of Doodles - G_6e786d/p_The first Doodle was a simple out-of-offi_345e61' is clicked on

17-06-2024T18:46:00 - [MESSAGE][PASSED] - Object: 'Object Repository/Page_The Story and Evolution of Doodles - G_6e786d/p_The first Doodle was a simple out-of-offi_345e61' is clicked on

17-06-2024T18:46:00 - [TEST_STEP][PASSED] - verifyElementVisible(findTestObject("Object Repository/Page_The Story and Evolution of Doodles - G_6e786d/h1_The story behind Doodles")): Object 'Object Repository/Page_The Story and Evolution of Doodles - G_6e786d/h1_The story behind Doodles' is visible

17-06-2024T18:46:00 - [MESSAGE][PASSED] - Object 'Object Repository/Page_The Story and Evolution of Doodles - G_6e786d/h1_The story behind Doodles' is visible

17-06-2024T18:46:00 - [TEST_STEP][PASSED] - verifyElementVisible(findTestObject("Object Repository/Page_The Story and Evolution of Doodles - G_6e786d/p_The first Doodle was a simple out-of-offi_345e61")): Object 'Object Repository/Page_The Story and Evolution of Doodles - G_6e786d/p_The first Doodle was a simple out-of-offi_345e61' is visible

17-06-2024T18:46:00 - [MESSAGE][PASSED] - Object 'Object Repository/Page_The Story and Evolution of Doodles - G_6e786d/p_The first Doodle was a simple out-of-offi_345e61' is visible

17-06-2024T18:46:00 - [TEST_STEP][PASSED] - verifyElementVisible(findTestObject("Object Repository/Page_The Story and Evolution of Doodles - G_6e786d/h2_Weve created more than 5,000 Doodles ove_111429")): Object 'Object Repository/Page_The Story and Evolution of Doodles - G_6e786d/h2_Weve created more than 5,000 Doodles ove_111429' is visible

17-06-2024T18:46:01 - [MESSAGE][PASSED] - Object 'Object Repository/Page_The Story and Evolution of Doodles - G_6e786d/h2_Weve created more than 5,000 Doodles ove_111429' is visible]]></system-out>
         <system-err><![CDATA[]]></system-err>
      </testcase>
      <testcase name="Test Cases/test case folder 1/tc1 - Copy (4) - Copy (1)" time="19.148" classname="Test Cases/test case folder 1/tc1 - Copy (4) - Copy (1)" status="PASSED">
         <system-out><![CDATA[17-06-2024T18:46:01 - [TEST_CASE][PASSED] - Test Cases/test case folder 1/tc1 - Copy (4) - Copy (1): Test Cases/test case folder 1/tc1 - Copy (4) - Copy (1)

17-06-2024T18:46:01 - [TEST_STEP][PASSED] - openBrowser(""): Browser is opened with url: ''

17-06-2024T18:46:01 - [MESSAGE][WARNING] - A browser is already opened. Closing browser and opening a new one

17-06-2024T18:46:01 - [MESSAGE][INFO] - Starting 'Chrome (headless)' driver

17-06-2024T18:46:01 - [MESSAGE][INFO] - Action delay is set to 0 milliseconds

17-06-2024T18:46:02 - [MESSAGE][PASSED] - Browser is opened with url: ''

17-06-2024T18:46:02 - [TEST_STEP][PASSED] - navigateToUrl("https://doodles.google/about/"): Navigate to 'https://doodles.google/about/' successfully

17-06-2024T18:46:05 - [MESSAGE][PASSED] - Navigate to 'https://doodles.google/about/' successfully

17-06-2024T18:46:05 - [TEST_STEP][PASSED] - click(findTestObject("Object Repository/Page_The Story and Evolution of Doodles - G_6e786d/p_The first Doodle was a simple out-of-offi_345e61")): Object: 'Object Repository/Page_The Story and Evolution of Doodles - G_6e786d/p_The first Doodle was a simple out-of-offi_345e61' is clicked on

17-06-2024T18:46:05 - [MESSAGE][PASSED] - Object: 'Object Repository/Page_The Story and Evolution of Doodles - G_6e786d/p_The first Doodle was a simple out-of-offi_345e61' is clicked on

17-06-2024T18:46:05 - [TEST_STEP][PASSED] - click(findTestObject("Object Repository/Page_The Story and Evolution of Doodles - G_6e786d/p_The first Doodle was a simple out-of-offi_345e61")): Object: 'Object Repository/Page_The Story and Evolution of Doodles - G_6e786d/p_The first Doodle was a simple out-of-offi_345e61' is clicked on

17-06-2024T18:46:05 - [MESSAGE][PASSED] - Object: 'Object Repository/Page_The Story and Evolution of Doodles - G_6e786d/p_The first Doodle was a simple out-of-offi_345e61' is clicked on

17-06-2024T18:46:05 - [TEST_STEP][PASSED] - verifyElementVisible(findTestObject("Object Repository/Page_The Story and Evolution of Doodles - G_6e786d/h1_The story behind Doodles")): Object 'Object Repository/Page_The Story and Evolution of Doodles - G_6e786d/h1_The story behind Doodles' is visible

17-06-2024T18:46:06 - [MESSAGE][PASSED] - Object 'Object Repository/Page_The Story and Evolution of Doodles - G_6e786d/h1_The story behind Doodles' is visible

17-06-2024T18:46:06 - [TEST_STEP][PASSED] - verifyElementVisible(findTestObject("Object Repository/Page_The Story and Evolution of Doodles - G_6e786d/p_The first Doodle was a simple out-of-offi_345e61")): Object 'Object Repository/Page_The Story and Evolution of Doodles - G_6e786d/p_The first Doodle was a simple out-of-offi_345e61' is visible

17-06-2024T18:46:06 - [MESSAGE][PASSED] - Object 'Object Repository/Page_The Story and Evolution of Doodles - G_6e786d/p_The first Doodle was a simple out-of-offi_345e61' is visible

17-06-2024T18:46:06 - [TEST_STEP][PASSED] - verifyElementVisible(findTestObject("Object Repository/Page_The Story and Evolution of Doodles - G_6e786d/h2_Weve created more than 5,000 Doodles ove_111429")): Object 'Object Repository/Page_The Story and Evolution of Doodles - G_6e786d/h2_Weve created more than 5,000 Doodles ove_111429' is visible

17-06-2024T18:46:06 - [MESSAGE][PASSED] - Object 'Object Repository/Page_The Story and Evolution of Doodles - G_6e786d/h2_Weve created more than 5,000 Doodles ove_111429' is visible

17-06-2024T18:46:06 - [TEST_STEP][PASSED] - verifyElementVisible(findTestObject("Object Repository/Page_The Story and Evolution of Doodles - G_6e786d/h1_The story behind Doodles")): Object 'Object Repository/Page_The Story and Evolution of Doodles - G_6e786d/h1_The story behind Doodles' is visible

17-06-2024T18:46:07 - [MESSAGE][PASSED] - Object 'Object Repository/Page_The Story and Evolution of Doodles - G_6e786d/h1_The story behind Doodles' is visible

17-06-2024T18:46:07 - [TEST_STEP][PASSED] - verifyElementVisible(findTestObject("Object Repository/Page_The Story and Evolution of Doodles - G_6e786d/p_The first Doodle was a simple out-of-offi_345e61")): Object 'Object Repository/Page_The Story and Evolution of Doodles - G_6e786d/p_The first Doodle was a simple out-of-offi_345e61' is visible

17-06-2024T18:46:07 - [MESSAGE][PASSED] - Object 'Object Repository/Page_The Story and Evolution of Doodles - G_6e786d/p_The first Doodle was a simple out-of-offi_345e61' is visible

17-06-2024T18:46:07 - [TEST_STEP][PASSED] - verifyElementVisible(findTestObject("Object Repository/Page_The Story and Evolution of Doodles - G_6e786d/h2_Weve created more than 5,000 Doodles ove_111429")): Object 'Object Repository/Page_The Story and Evolution of Doodles - G_6e786d/h2_Weve created more than 5,000 Doodles ove_111429' is visible

17-06-2024T18:46:07 - [MESSAGE][PASSED] - Object 'Object Repository/Page_The Story and Evolution of Doodles - G_6e786d/h2_Weve created more than 5,000 Doodles ove_111429' is visible

17-06-2024T18:46:07 - [TEST_STEP][PASSED] - click(findTestObject("Object Repository/Page_The Story and Evolution of Doodles - G_6e786d/p_The first Doodle was a simple out-of-offi_345e61")): Object: 'Object Repository/Page_The Story and Evolution of Doodles - G_6e786d/p_The first Doodle was a simple out-of-offi_345e61' is clicked on

17-06-2024T18:46:08 - [MESSAGE][PASSED] - Object: 'Object Repository/Page_The Story and Evolution of Doodles - G_6e786d/p_The first Doodle was a simple out-of-offi_345e61' is clicked on

17-06-2024T18:46:08 - [TEST_STEP][PASSED] - verifyElementVisible(findTestObject("Object Repository/Page_The Story and Evolution of Doodles - G_6e786d/h1_The story behind Doodles")): Object 'Object Repository/Page_The Story and Evolution of Doodles - G_6e786d/h1_The story behind Doodles' is visible

17-06-2024T18:46:08 - [MESSAGE][PASSED] - Object 'Object Repository/Page_The Story and Evolution of Doodles - G_6e786d/h1_The story behind Doodles' is visible

17-06-2024T18:46:08 - [TEST_STEP][PASSED] - verifyElementVisible(findTestObject("Object Repository/Page_The Story and Evolution of Doodles - G_6e786d/p_The first Doodle was a simple out-of-offi_345e61")): Object 'Object Repository/Page_The Story and Evolution of Doodles - G_6e786d/p_The first Doodle was a simple out-of-offi_345e61' is visible

17-06-2024T18:46:08 - [MESSAGE][PASSED] - Object 'Object Repository/Page_The Story and Evolution of Doodles - G_6e786d/p_The first Doodle was a simple out-of-offi_345e61' is visible

17-06-2024T18:46:08 - [TEST_STEP][PASSED] - verifyElementVisible(findTestObject("Object Repository/Page_The Story and Evolution of Doodles - G_6e786d/h2_Weve created more than 5,000 Doodles ove_111429")): Object 'Object Repository/Page_The Story and Evolution of Doodles - G_6e786d/h2_Weve created more than 5,000 Doodles ove_111429' is visible

17-06-2024T18:46:09 - [MESSAGE][PASSED] - Object 'Object Repository/Page_The Story and Evolution of Doodles - G_6e786d/h2_Weve created more than 5,000 Doodles ove_111429' is visible

17-06-2024T18:46:09 - [TEST_STEP][PASSED] - click(findTestObject("Object Repository/Page_The Story and Evolution of Doodles - G_6e786d/p_The first Doodle was a simple out-of-offi_345e61")): Object: 'Object Repository/Page_The Story and Evolution of Doodles - G_6e786d/p_The first Doodle was a simple out-of-offi_345e61' is clicked on

17-06-2024T18:46:09 - [MESSAGE][PASSED] - Object: 'Object Repository/Page_The Story and Evolution of Doodles - G_6e786d/p_The first Doodle was a simple out-of-offi_345e61' is clicked on

17-06-2024T18:46:09 - [TEST_STEP][PASSED] - verifyElementVisible(findTestObject("Object Repository/Page_The Story and Evolution of Doodles - G_6e786d/h1_The story behind Doodles")): Object 'Object Repository/Page_The Story and Evolution of Doodles - G_6e786d/h1_The story behind Doodles' is visible

17-06-2024T18:46:09 - [MESSAGE][PASSED] - Object 'Object Repository/Page_The Story and Evolution of Doodles - G_6e786d/h1_The story behind Doodles' is visible

17-06-2024T18:46:09 - [TEST_STEP][PASSED] - verifyElementVisible(findTestObject("Object Repository/Page_The Story and Evolution of Doodles - G_6e786d/p_The first Doodle was a simple out-of-offi_345e61")): Object 'Object Repository/Page_The Story and Evolution of Doodles - G_6e786d/p_The first Doodle was a simple out-of-offi_345e61' is visible

17-06-2024T18:46:10 - [MESSAGE][PASSED] - Object 'Object Repository/Page_The Story and Evolution of Doodles - G_6e786d/p_The first Doodle was a simple out-of-offi_345e61' is visible

17-06-2024T18:46:10 - [TEST_STEP][PASSED] - verifyElementVisible(findTestObject("Object Repository/Page_The Story and Evolution of Doodles - G_6e786d/h2_Weve created more than 5,000 Doodles ove_111429")): Object 'Object Repository/Page_The Story and Evolution of Doodles - G_6e786d/h2_Weve created more than 5,000 Doodles ove_111429' is visible

17-06-2024T18:46:10 - [MESSAGE][PASSED] - Object 'Object Repository/Page_The Story and Evolution of Doodles - G_6e786d/h2_Weve created more than 5,000 Doodles ove_111429' is visible

17-06-2024T18:46:10 - [TEST_STEP][PASSED] - click(findTestObject("Object Repository/Page_The Story and Evolution of Doodles - G_6e786d/p_The first Doodle was a simple out-of-offi_345e61")): Object: 'Object Repository/Page_The Story and Evolution of Doodles - G_6e786d/p_The first Doodle was a simple out-of-offi_345e61' is clicked on

17-06-2024T18:46:10 - [MESSAGE][PASSED] - Object: 'Object Repository/Page_The Story and Evolution of Doodles - G_6e786d/p_The first Doodle was a simple out-of-offi_345e61' is clicked on

17-06-2024T18:46:10 - [TEST_STEP][PASSED] - verifyElementVisible(findTestObject("Object Repository/Page_The Story and Evolution of Doodles - G_6e786d/h1_The story behind Doodles")): Object 'Object Repository/Page_The Story and Evolution of Doodles - G_6e786d/h1_The story behind Doodles' is visible

17-06-2024T18:46:11 - [MESSAGE][PASSED] - Object 'Object Repository/Page_The Story and Evolution of Doodles - G_6e786d/h1_The story behind Doodles' is visible

17-06-2024T18:46:11 - [TEST_STEP][PASSED] - verifyElementVisible(findTestObject("Object Repository/Page_The Story and Evolution of Doodles - G_6e786d/p_The first Doodle was a simple out-of-offi_345e61")): Object 'Object Repository/Page_The Story and Evolution of Doodles - G_6e786d/p_The first Doodle was a simple out-of-offi_345e61' is visible

17-06-2024T18:46:11 - [MESSAGE][PASSED] - Object 'Object Repository/Page_The Story and Evolution of Doodles - G_6e786d/p_The first Doodle was a simple out-of-offi_345e61' is visible

17-06-2024T18:46:11 - [TEST_STEP][PASSED] - verifyElementVisible(findTestObject("Object Repository/Page_The Story and Evolution of Doodles - G_6e786d/h2_Weve created more than 5,000 Doodles ove_111429")): Object 'Object Repository/Page_The Story and Evolution of Doodles - G_6e786d/h2_Weve created more than 5,000 Doodles ove_111429' is visible

17-06-2024T18:46:11 - [MESSAGE][PASSED] - Object 'Object Repository/Page_The Story and Evolution of Doodles - G_6e786d/h2_Weve created more than 5,000 Doodles ove_111429' is visible

17-06-2024T18:46:11 - [TEST_STEP][PASSED] - click(findTestObject("Object Repository/Page_The Story and Evolution of Doodles - G_6e786d/p_The first Doodle was a simple out-of-offi_345e61")): Object: 'Object Repository/Page_The Story and Evolution of Doodles - G_6e786d/p_The first Doodle was a simple out-of-offi_345e61' is clicked on

17-06-2024T18:46:12 - [MESSAGE][PASSED] - Object: 'Object Repository/Page_The Story and Evolution of Doodles - G_6e786d/p_The first Doodle was a simple out-of-offi_345e61' is clicked on

17-06-2024T18:46:12 - [TEST_STEP][PASSED] - verifyElementVisible(findTestObject("Object Repository/Page_The Story and Evolution of Doodles - G_6e786d/h1_The story behind Doodles")): Object 'Object Repository/Page_The Story and Evolution of Doodles - G_6e786d/h1_The story behind Doodles' is visible

17-06-2024T18:46:12 - [MESSAGE][PASSED] - Object 'Object Repository/Page_The Story and Evolution of Doodles - G_6e786d/h1_The story behind Doodles' is visible

17-06-2024T18:46:12 - [TEST_STEP][PASSED] - verifyElementVisible(findTestObject("Object Repository/Page_The Story and Evolution of Doodles - G_6e786d/p_The first Doodle was a simple out-of-offi_345e61")): Object 'Object Repository/Page_The Story and Evolution of Doodles - G_6e786d/p_The first Doodle was a simple out-of-offi_345e61' is visible

17-06-2024T18:46:13 - [MESSAGE][PASSED] - Object 'Object Repository/Page_The Story and Evolution of Doodles - G_6e786d/p_The first Doodle was a simple out-of-offi_345e61' is visible

17-06-2024T18:46:13 - [TEST_STEP][PASSED] - verifyElementVisible(findTestObject("Object Repository/Page_The Story and Evolution of Doodles - G_6e786d/h2_Weve created more than 5,000 Doodles ove_111429")): Object 'Object Repository/Page_The Story and Evolution of Doodles - G_6e786d/h2_Weve created more than 5,000 Doodles ove_111429' is visible

17-06-2024T18:46:13 - [MESSAGE][PASSED] - Object 'Object Repository/Page_The Story and Evolution of Doodles - G_6e786d/h2_Weve created more than 5,000 Doodles ove_111429' is visible

17-06-2024T18:46:13 - [TEST_STEP][PASSED] - click(findTestObject("Object Repository/Page_The Story and Evolution of Doodles - G_6e786d/p_The first Doodle was a simple out-of-offi_345e61")): Object: 'Object Repository/Page_The Story and Evolution of Doodles - G_6e786d/p_The first Doodle was a simple out-of-offi_345e61' is clicked on

17-06-2024T18:46:13 - [MESSAGE][PASSED] - Object: 'Object Repository/Page_The Story and Evolution of Doodles - G_6e786d/p_The first Doodle was a simple out-of-offi_345e61' is clicked on

17-06-2024T18:46:13 - [TEST_STEP][PASSED] - verifyElementVisible(findTestObject("Object Repository/Page_The Story and Evolution of Doodles - G_6e786d/h1_The story behind Doodles")): Object 'Object Repository/Page_The Story and Evolution of Doodles - G_6e786d/h1_The story behind Doodles' is visible

17-06-2024T18:46:14 - [MESSAGE][PASSED] - Object 'Object Repository/Page_The Story and Evolution of Doodles - G_6e786d/h1_The story behind Doodles' is visible

17-06-2024T18:46:14 - [TEST_STEP][PASSED] - verifyElementVisible(findTestObject("Object Repository/Page_The Story and Evolution of Doodles - G_6e786d/p_The first Doodle was a simple out-of-offi_345e61")): Object 'Object Repository/Page_The Story and Evolution of Doodles - G_6e786d/p_The first Doodle was a simple out-of-offi_345e61' is visible

17-06-2024T18:46:14 - [MESSAGE][PASSED] - Object 'Object Repository/Page_The Story and Evolution of Doodles - G_6e786d/p_The first Doodle was a simple out-of-offi_345e61' is visible

17-06-2024T18:46:14 - [TEST_STEP][PASSED] - verifyElementVisible(findTestObject("Object Repository/Page_The Story and Evolution of Doodles - G_6e786d/h2_Weve created more than 5,000 Doodles ove_111429")): Object 'Object Repository/Page_The Story and Evolution of Doodles - G_6e786d/h2_Weve created more than 5,000 Doodles ove_111429' is visible

17-06-2024T18:46:14 - [MESSAGE][PASSED] - Object 'Object Repository/Page_The Story and Evolution of Doodles - G_6e786d/h2_Weve created more than 5,000 Doodles ove_111429' is visible

17-06-2024T18:46:14 - [TEST_STEP][PASSED] - click(findTestObject("Object Repository/Page_The Story and Evolution of Doodles - G_6e786d/p_The first Doodle was a simple out-of-offi_345e61")): Object: 'Object Repository/Page_The Story and Evolution of Doodles - G_6e786d/p_The first Doodle was a simple out-of-offi_345e61' is clicked on

17-06-2024T18:46:15 - [MESSAGE][PASSED] - Object: 'Object Repository/Page_The Story and Evolution of Doodles - G_6e786d/p_The first Doodle was a simple out-of-offi_345e61' is clicked on

17-06-2024T18:46:15 - [TEST_STEP][PASSED] - verifyElementVisible(findTestObject("Object Repository/Page_The Story and Evolution of Doodles - G_6e786d/h1_The story behind Doodles")): Object 'Object Repository/Page_The Story and Evolution of Doodles - G_6e786d/h1_The story behind Doodles' is visible

17-06-2024T18:46:15 - [MESSAGE][PASSED] - Object 'Object Repository/Page_The Story and Evolution of Doodles - G_6e786d/h1_The story behind Doodles' is visible

17-06-2024T18:46:15 - [TEST_STEP][PASSED] - verifyElementVisible(findTestObject("Object Repository/Page_The Story and Evolution of Doodles - G_6e786d/p_The first Doodle was a simple out-of-offi_345e61")): Object 'Object Repository/Page_The Story and Evolution of Doodles - G_6e786d/p_The first Doodle was a simple out-of-offi_345e61' is visible

17-06-2024T18:46:15 - [MESSAGE][PASSED] - Object 'Object Repository/Page_The Story and Evolution of Doodles - G_6e786d/p_The first Doodle was a simple out-of-offi_345e61' is visible

17-06-2024T18:46:15 - [TEST_STEP][PASSED] - verifyElementVisible(findTestObject("Object Repository/Page_The Story and Evolution of Doodles - G_6e786d/h2_Weve created more than 5,000 Doodles ove_111429")): Object 'Object Repository/Page_The Story and Evolution of Doodles - G_6e786d/h2_Weve created more than 5,000 Doodles ove_111429' is visible

17-06-2024T18:46:16 - [MESSAGE][PASSED] - Object 'Object Repository/Page_The Story and Evolution of Doodles - G_6e786d/h2_Weve created more than 5,000 Doodles ove_111429' is visible

17-06-2024T18:46:16 - [TEST_STEP][PASSED] - click(findTestObject("Object Repository/Page_The Story and Evolution of Doodles - G_6e786d/p_The first Doodle was a simple out-of-offi_345e61")): Object: 'Object Repository/Page_The Story and Evolution of Doodles - G_6e786d/p_The first Doodle was a simple out-of-offi_345e61' is clicked on

17-06-2024T18:46:16 - [MESSAGE][PASSED] - Object: 'Object Repository/Page_The Story and Evolution of Doodles - G_6e786d/p_The first Doodle was a simple out-of-offi_345e61' is clicked on

17-06-2024T18:46:16 - [TEST_STEP][PASSED] - verifyElementVisible(findTestObject("Object Repository/Page_The Story and Evolution of Doodles - G_6e786d/h1_The story behind Doodles")): Object 'Object Repository/Page_The Story and Evolution of Doodles - G_6e786d/h1_The story behind Doodles' is visible

17-06-2024T18:46:16 - [MESSAGE][PASSED] - Object 'Object Repository/Page_The Story and Evolution of Doodles - G_6e786d/h1_The story behind Doodles' is visible

17-06-2024T18:46:16 - [TEST_STEP][PASSED] - verifyElementVisible(findTestObject("Object Repository/Page_The Story and Evolution of Doodles - G_6e786d/p_The first Doodle was a simple out-of-offi_345e61")): Object 'Object Repository/Page_The Story and Evolution of Doodles - G_6e786d/p_The first Doodle was a simple out-of-offi_345e61' is visible

17-06-2024T18:46:17 - [MESSAGE][PASSED] - Object 'Object Repository/Page_The Story and Evolution of Doodles - G_6e786d/p_The first Doodle was a simple out-of-offi_345e61' is visible

17-06-2024T18:46:17 - [TEST_STEP][PASSED] - verifyElementVisible(findTestObject("Object Repository/Page_The Story and Evolution of Doodles - G_6e786d/h2_Weve created more than 5,000 Doodles ove_111429")): Object 'Object Repository/Page_The Story and Evolution of Doodles - G_6e786d/h2_Weve created more than 5,000 Doodles ove_111429' is visible

17-06-2024T18:46:17 - [MESSAGE][PASSED] - Object 'Object Repository/Page_The Story and Evolution of Doodles - G_6e786d/h2_Weve created more than 5,000 Doodles ove_111429' is visible

17-06-2024T18:46:17 - [TEST_STEP][PASSED] - click(findTestObject("Object Repository/Page_The Story and Evolution of Doodles - G_6e786d/p_The first Doodle was a simple out-of-offi_345e61")): Object: 'Object Repository/Page_The Story and Evolution of Doodles - G_6e786d/p_The first Doodle was a simple out-of-offi_345e61' is clicked on

17-06-2024T18:46:17 - [MESSAGE][PASSED] - Object: 'Object Repository/Page_The Story and Evolution of Doodles - G_6e786d/p_The first Doodle was a simple out-of-offi_345e61' is clicked on

17-06-2024T18:46:17 - [TEST_STEP][PASSED] - verifyElementVisible(findTestObject("Object Repository/Page_The Story and Evolution of Doodles - G_6e786d/h1_The story behind Doodles")): Object 'Object Repository/Page_The Story and Evolution of Doodles - G_6e786d/h1_The story behind Doodles' is visible

17-06-2024T18:46:18 - [MESSAGE][PASSED] - Object 'Object Repository/Page_The Story and Evolution of Doodles - G_6e786d/h1_The story behind Doodles' is visible

17-06-2024T18:46:18 - [TEST_STEP][PASSED] - verifyElementVisible(findTestObject("Object Repository/Page_The Story and Evolution of Doodles - G_6e786d/p_The first Doodle was a simple out-of-offi_345e61")): Object 'Object Repository/Page_The Story and Evolution of Doodles - G_6e786d/p_The first Doodle was a simple out-of-offi_345e61' is visible

17-06-2024T18:46:18 - [MESSAGE][PASSED] - Object 'Object Repository/Page_The Story and Evolution of Doodles - G_6e786d/p_The first Doodle was a simple out-of-offi_345e61' is visible

17-06-2024T18:46:18 - [TEST_STEP][PASSED] - verifyElementVisible(findTestObject("Object Repository/Page_The Story and Evolution of Doodles - G_6e786d/h2_Weve created more than 5,000 Doodles ove_111429")): Object 'Object Repository/Page_The Story and Evolution of Doodles - G_6e786d/h2_Weve created more than 5,000 Doodles ove_111429' is visible

17-06-2024T18:46:18 - [MESSAGE][PASSED] - Object 'Object Repository/Page_The Story and Evolution of Doodles - G_6e786d/h2_Weve created more than 5,000 Doodles ove_111429' is visible

17-06-2024T18:46:18 - [TEST_STEP][PASSED] - click(findTestObject("Object Repository/Page_The Story and Evolution of Doodles - G_6e786d/p_The first Doodle was a simple out-of-offi_345e61")): Object: 'Object Repository/Page_The Story and Evolution of Doodles - G_6e786d/p_The first Doodle was a simple out-of-offi_345e61' is clicked on

17-06-2024T18:46:19 - [MESSAGE][PASSED] - Object: 'Object Repository/Page_The Story and Evolution of Doodles - G_6e786d/p_The first Doodle was a simple out-of-offi_345e61' is clicked on

17-06-2024T18:46:19 - [TEST_STEP][PASSED] - verifyElementVisible(findTestObject("Object Repository/Page_The Story and Evolution of Doodles - G_6e786d/h1_The story behind Doodles")): Object 'Object Repository/Page_The Story and Evolution of Doodles - G_6e786d/h1_The story behind Doodles' is visible

17-06-2024T18:46:19 - [MESSAGE][PASSED] - Object 'Object Repository/Page_The Story and Evolution of Doodles - G_6e786d/h1_The story behind Doodles' is visible

17-06-2024T18:46:19 - [TEST_STEP][PASSED] - verifyElementVisible(findTestObject("Object Repository/Page_The Story and Evolution of Doodles - G_6e786d/p_The first Doodle was a simple out-of-offi_345e61")): Object 'Object Repository/Page_The Story and Evolution of Doodles - G_6e786d/p_The first Doodle was a simple out-of-offi_345e61' is visible

17-06-2024T18:46:19 - [MESSAGE][PASSED] - Object 'Object Repository/Page_The Story and Evolution of Doodles - G_6e786d/p_The first Doodle was a simple out-of-offi_345e61' is visible

17-06-2024T18:46:19 - [TEST_STEP][PASSED] - verifyElementVisible(findTestObject("Object Repository/Page_The Story and Evolution of Doodles - G_6e786d/h2_Weve created more than 5,000 Doodles ove_111429")): Object 'Object Repository/Page_The Story and Evolution of Doodles - G_6e786d/h2_Weve created more than 5,000 Doodles ove_111429' is visible

17-06-2024T18:46:20 - [MESSAGE][PASSED] - Object 'Object Repository/Page_The Story and Evolution of Doodles - G_6e786d/h2_Weve created more than 5,000 Doodles ove_111429' is visible]]></system-out>
         <system-err><![CDATA[]]></system-err>
      </testcase>
      <testcase name="Test Cases/test case folder 1/tc1 - Copy (4) - Copy (2)" time="18.588" classname="Test Cases/test case folder 1/tc1 - Copy (4) - Copy (2)" status="PASSED">
         <system-out><![CDATA[17-06-2024T18:46:20 - [TEST_CASE][PASSED] - Test Cases/test case folder 1/tc1 - Copy (4) - Copy (2): Test Cases/test case folder 1/tc1 - Copy (4) - Copy (2)

17-06-2024T18:46:20 - [TEST_STEP][PASSED] - openBrowser(""): Browser is opened with url: ''

17-06-2024T18:46:20 - [MESSAGE][WARNING] - A browser is already opened. Closing browser and opening a new one

17-06-2024T18:46:20 - [MESSAGE][INFO] - Starting 'Chrome (headless)' driver

17-06-2024T18:46:20 - [MESSAGE][INFO] - Action delay is set to 0 milliseconds

17-06-2024T18:46:21 - [MESSAGE][PASSED] - Browser is opened with url: ''

17-06-2024T18:46:21 - [TEST_STEP][PASSED] - navigateToUrl("https://doodles.google/about/"): Navigate to 'https://doodles.google/about/' successfully

17-06-2024T18:46:24 - [MESSAGE][PASSED] - Navigate to 'https://doodles.google/about/' successfully

17-06-2024T18:46:24 - [TEST_STEP][PASSED] - click(findTestObject("Object Repository/Page_The Story and Evolution of Doodles - G_6e786d/p_The first Doodle was a simple out-of-offi_345e61")): Object: 'Object Repository/Page_The Story and Evolution of Doodles - G_6e786d/p_The first Doodle was a simple out-of-offi_345e61' is clicked on

17-06-2024T18:46:24 - [MESSAGE][PASSED] - Object: 'Object Repository/Page_The Story and Evolution of Doodles - G_6e786d/p_The first Doodle was a simple out-of-offi_345e61' is clicked on

17-06-2024T18:46:24 - [TEST_STEP][PASSED] - click(findTestObject("Object Repository/Page_The Story and Evolution of Doodles - G_6e786d/p_The first Doodle was a simple out-of-offi_345e61")): Object: 'Object Repository/Page_The Story and Evolution of Doodles - G_6e786d/p_The first Doodle was a simple out-of-offi_345e61' is clicked on

17-06-2024T18:46:25 - [MESSAGE][PASSED] - Object: 'Object Repository/Page_The Story and Evolution of Doodles - G_6e786d/p_The first Doodle was a simple out-of-offi_345e61' is clicked on

17-06-2024T18:46:25 - [TEST_STEP][PASSED] - verifyElementVisible(findTestObject("Object Repository/Page_The Story and Evolution of Doodles - G_6e786d/h1_The story behind Doodles")): Object 'Object Repository/Page_The Story and Evolution of Doodles - G_6e786d/h1_The story behind Doodles' is visible

17-06-2024T18:46:25 - [MESSAGE][PASSED] - Object 'Object Repository/Page_The Story and Evolution of Doodles - G_6e786d/h1_The story behind Doodles' is visible

17-06-2024T18:46:25 - [TEST_STEP][PASSED] - verifyElementVisible(findTestObject("Object Repository/Page_The Story and Evolution of Doodles - G_6e786d/p_The first Doodle was a simple out-of-offi_345e61")): Object 'Object Repository/Page_The Story and Evolution of Doodles - G_6e786d/p_The first Doodle was a simple out-of-offi_345e61' is visible

17-06-2024T18:46:25 - [MESSAGE][PASSED] - Object 'Object Repository/Page_The Story and Evolution of Doodles - G_6e786d/p_The first Doodle was a simple out-of-offi_345e61' is visible

17-06-2024T18:46:25 - [TEST_STEP][PASSED] - verifyElementVisible(findTestObject("Object Repository/Page_The Story and Evolution of Doodles - G_6e786d/h2_Weve created more than 5,000 Doodles ove_111429")): Object 'Object Repository/Page_The Story and Evolution of Doodles - G_6e786d/h2_Weve created more than 5,000 Doodles ove_111429' is visible

17-06-2024T18:46:26 - [MESSAGE][PASSED] - Object 'Object Repository/Page_The Story and Evolution of Doodles - G_6e786d/h2_Weve created more than 5,000 Doodles ove_111429' is visible

17-06-2024T18:46:26 - [TEST_STEP][PASSED] - verifyElementVisible(findTestObject("Object Repository/Page_The Story and Evolution of Doodles - G_6e786d/h1_The story behind Doodles")): Object 'Object Repository/Page_The Story and Evolution of Doodles - G_6e786d/h1_The story behind Doodles' is visible

17-06-2024T18:46:26 - [MESSAGE][PASSED] - Object 'Object Repository/Page_The Story and Evolution of Doodles - G_6e786d/h1_The story behind Doodles' is visible

17-06-2024T18:46:26 - [TEST_STEP][PASSED] - verifyElementVisible(findTestObject("Object Repository/Page_The Story and Evolution of Doodles - G_6e786d/p_The first Doodle was a simple out-of-offi_345e61")): Object 'Object Repository/Page_The Story and Evolution of Doodles - G_6e786d/p_The first Doodle was a simple out-of-offi_345e61' is visible

17-06-2024T18:46:26 - [MESSAGE][PASSED] - Object 'Object Repository/Page_The Story and Evolution of Doodles - G_6e786d/p_The first Doodle was a simple out-of-offi_345e61' is visible

17-06-2024T18:46:26 - [TEST_STEP][PASSED] - verifyElementVisible(findTestObject("Object Repository/Page_The Story and Evolution of Doodles - G_6e786d/h2_Weve created more than 5,000 Doodles ove_111429")): Object 'Object Repository/Page_The Story and Evolution of Doodles - G_6e786d/h2_Weve created more than 5,000 Doodles ove_111429' is visible

17-06-2024T18:46:27 - [MESSAGE][PASSED] - Object 'Object Repository/Page_The Story and Evolution of Doodles - G_6e786d/h2_Weve created more than 5,000 Doodles ove_111429' is visible

17-06-2024T18:46:27 - [TEST_STEP][PASSED] - click(findTestObject("Object Repository/Page_The Story and Evolution of Doodles - G_6e786d/p_The first Doodle was a simple out-of-offi_345e61")): Object: 'Object Repository/Page_The Story and Evolution of Doodles - G_6e786d/p_The first Doodle was a simple out-of-offi_345e61' is clicked on

17-06-2024T18:46:27 - [MESSAGE][PASSED] - Object: 'Object Repository/Page_The Story and Evolution of Doodles - G_6e786d/p_The first Doodle was a simple out-of-offi_345e61' is clicked on

17-06-2024T18:46:27 - [TEST_STEP][PASSED] - verifyElementVisible(findTestObject("Object Repository/Page_The Story and Evolution of Doodles - G_6e786d/h1_The story behind Doodles")): Object 'Object Repository/Page_The Story and Evolution of Doodles - G_6e786d/h1_The story behind Doodles' is visible

17-06-2024T18:46:27 - [MESSAGE][PASSED] - Object 'Object Repository/Page_The Story and Evolution of Doodles - G_6e786d/h1_The story behind Doodles' is visible

17-06-2024T18:46:27 - [TEST_STEP][PASSED] - verifyElementVisible(findTestObject("Object Repository/Page_The Story and Evolution of Doodles - G_6e786d/p_The first Doodle was a simple out-of-offi_345e61")): Object 'Object Repository/Page_The Story and Evolution of Doodles - G_6e786d/p_The first Doodle was a simple out-of-offi_345e61' is visible

17-06-2024T18:46:28 - [MESSAGE][PASSED] - Object 'Object Repository/Page_The Story and Evolution of Doodles - G_6e786d/p_The first Doodle was a simple out-of-offi_345e61' is visible

17-06-2024T18:46:28 - [TEST_STEP][PASSED] - verifyElementVisible(findTestObject("Object Repository/Page_The Story and Evolution of Doodles - G_6e786d/h2_Weve created more than 5,000 Doodles ove_111429")): Object 'Object Repository/Page_The Story and Evolution of Doodles - G_6e786d/h2_Weve created more than 5,000 Doodles ove_111429' is visible

17-06-2024T18:46:28 - [MESSAGE][PASSED] - Object 'Object Repository/Page_The Story and Evolution of Doodles - G_6e786d/h2_Weve created more than 5,000 Doodles ove_111429' is visible

17-06-2024T18:46:28 - [TEST_STEP][PASSED] - click(findTestObject("Object Repository/Page_The Story and Evolution of Doodles - G_6e786d/p_The first Doodle was a simple out-of-offi_345e61")): Object: 'Object Repository/Page_The Story and Evolution of Doodles - G_6e786d/p_The first Doodle was a simple out-of-offi_345e61' is clicked on

17-06-2024T18:46:28 - [MESSAGE][PASSED] - Object: 'Object Repository/Page_The Story and Evolution of Doodles - G_6e786d/p_The first Doodle was a simple out-of-offi_345e61' is clicked on

17-06-2024T18:46:28 - [TEST_STEP][PASSED] - verifyElementVisible(findTestObject("Object Repository/Page_The Story and Evolution of Doodles - G_6e786d/h1_The story behind Doodles")): Object 'Object Repository/Page_The Story and Evolution of Doodles - G_6e786d/h1_The story behind Doodles' is visible

17-06-2024T18:46:29 - [MESSAGE][PASSED] - Object 'Object Repository/Page_The Story and Evolution of Doodles - G_6e786d/h1_The story behind Doodles' is visible

17-06-2024T18:46:29 - [TEST_STEP][PASSED] - verifyElementVisible(findTestObject("Object Repository/Page_The Story and Evolution of Doodles - G_6e786d/p_The first Doodle was a simple out-of-offi_345e61")): Object 'Object Repository/Page_The Story and Evolution of Doodles - G_6e786d/p_The first Doodle was a simple out-of-offi_345e61' is visible

17-06-2024T18:46:29 - [MESSAGE][PASSED] - Object 'Object Repository/Page_The Story and Evolution of Doodles - G_6e786d/p_The first Doodle was a simple out-of-offi_345e61' is visible

17-06-2024T18:46:29 - [TEST_STEP][PASSED] - verifyElementVisible(findTestObject("Object Repository/Page_The Story and Evolution of Doodles - G_6e786d/h2_Weve created more than 5,000 Doodles ove_111429")): Object 'Object Repository/Page_The Story and Evolution of Doodles - G_6e786d/h2_Weve created more than 5,000 Doodles ove_111429' is visible

17-06-2024T18:46:29 - [MESSAGE][PASSED] - Object 'Object Repository/Page_The Story and Evolution of Doodles - G_6e786d/h2_Weve created more than 5,000 Doodles ove_111429' is visible

17-06-2024T18:46:29 - [TEST_STEP][PASSED] - click(findTestObject("Object Repository/Page_The Story and Evolution of Doodles - G_6e786d/p_The first Doodle was a simple out-of-offi_345e61")): Object: 'Object Repository/Page_The Story and Evolution of Doodles - G_6e786d/p_The first Doodle was a simple out-of-offi_345e61' is clicked on

17-06-2024T18:46:30 - [MESSAGE][PASSED] - Object: 'Object Repository/Page_The Story and Evolution of Doodles - G_6e786d/p_The first Doodle was a simple out-of-offi_345e61' is clicked on

17-06-2024T18:46:30 - [TEST_STEP][PASSED] - verifyElementVisible(findTestObject("Object Repository/Page_The Story and Evolution of Doodles - G_6e786d/h1_The story behind Doodles")): Object 'Object Repository/Page_The Story and Evolution of Doodles - G_6e786d/h1_The story behind Doodles' is visible

17-06-2024T18:46:30 - [MESSAGE][PASSED] - Object 'Object Repository/Page_The Story and Evolution of Doodles - G_6e786d/h1_The story behind Doodles' is visible

17-06-2024T18:46:30 - [TEST_STEP][PASSED] - verifyElementVisible(findTestObject("Object Repository/Page_The Story and Evolution of Doodles - G_6e786d/p_The first Doodle was a simple out-of-offi_345e61")): Object 'Object Repository/Page_The Story and Evolution of Doodles - G_6e786d/p_The first Doodle was a simple out-of-offi_345e61' is visible

17-06-2024T18:46:30 - [MESSAGE][PASSED] - Object 'Object Repository/Page_The Story and Evolution of Doodles - G_6e786d/p_The first Doodle was a simple out-of-offi_345e61' is visible

17-06-2024T18:46:30 - [TEST_STEP][PASSED] - verifyElementVisible(findTestObject("Object Repository/Page_The Story and Evolution of Doodles - G_6e786d/h2_Weve created more than 5,000 Doodles ove_111429")): Object 'Object Repository/Page_The Story and Evolution of Doodles - G_6e786d/h2_Weve created more than 5,000 Doodles ove_111429' is visible

17-06-2024T18:46:31 - [MESSAGE][PASSED] - Object 'Object Repository/Page_The Story and Evolution of Doodles - G_6e786d/h2_Weve created more than 5,000 Doodles ove_111429' is visible

17-06-2024T18:46:31 - [TEST_STEP][PASSED] - click(findTestObject("Object Repository/Page_The Story and Evolution of Doodles - G_6e786d/p_The first Doodle was a simple out-of-offi_345e61")): Object: 'Object Repository/Page_The Story and Evolution of Doodles - G_6e786d/p_The first Doodle was a simple out-of-offi_345e61' is clicked on

17-06-2024T18:46:31 - [MESSAGE][PASSED] - Object: 'Object Repository/Page_The Story and Evolution of Doodles - G_6e786d/p_The first Doodle was a simple out-of-offi_345e61' is clicked on

17-06-2024T18:46:31 - [TEST_STEP][PASSED] - verifyElementVisible(findTestObject("Object Repository/Page_The Story and Evolution of Doodles - G_6e786d/h1_The story behind Doodles")): Object 'Object Repository/Page_The Story and Evolution of Doodles - G_6e786d/h1_The story behind Doodles' is visible

17-06-2024T18:46:31 - [MESSAGE][PASSED] - Object 'Object Repository/Page_The Story and Evolution of Doodles - G_6e786d/h1_The story behind Doodles' is visible

17-06-2024T18:46:31 - [TEST_STEP][PASSED] - verifyElementVisible(findTestObject("Object Repository/Page_The Story and Evolution of Doodles - G_6e786d/p_The first Doodle was a simple out-of-offi_345e61")): Object 'Object Repository/Page_The Story and Evolution of Doodles - G_6e786d/p_The first Doodle was a simple out-of-offi_345e61' is visible

17-06-2024T18:46:32 - [MESSAGE][PASSED] - Object 'Object Repository/Page_The Story and Evolution of Doodles - G_6e786d/p_The first Doodle was a simple out-of-offi_345e61' is visible

17-06-2024T18:46:32 - [TEST_STEP][PASSED] - verifyElementVisible(findTestObject("Object Repository/Page_The Story and Evolution of Doodles - G_6e786d/h2_Weve created more than 5,000 Doodles ove_111429")): Object 'Object Repository/Page_The Story and Evolution of Doodles - G_6e786d/h2_Weve created more than 5,000 Doodles ove_111429' is visible

17-06-2024T18:46:32 - [MESSAGE][PASSED] - Object 'Object Repository/Page_The Story and Evolution of Doodles - G_6e786d/h2_Weve created more than 5,000 Doodles ove_111429' is visible

17-06-2024T18:46:32 - [TEST_STEP][PASSED] - click(findTestObject("Object Repository/Page_The Story and Evolution of Doodles - G_6e786d/p_The first Doodle was a simple out-of-offi_345e61")): Object: 'Object Repository/Page_The Story and Evolution of Doodles - G_6e786d/p_The first Doodle was a simple out-of-offi_345e61' is clicked on

17-06-2024T18:46:32 - [MESSAGE][PASSED] - Object: 'Object Repository/Page_The Story and Evolution of Doodles - G_6e786d/p_The first Doodle was a simple out-of-offi_345e61' is clicked on

17-06-2024T18:46:32 - [TEST_STEP][PASSED] - verifyElementVisible(findTestObject("Object Repository/Page_The Story and Evolution of Doodles - G_6e786d/h1_The story behind Doodles")): Object 'Object Repository/Page_The Story and Evolution of Doodles - G_6e786d/h1_The story behind Doodles' is visible

17-06-2024T18:46:33 - [MESSAGE][PASSED] - Object 'Object Repository/Page_The Story and Evolution of Doodles - G_6e786d/h1_The story behind Doodles' is visible

17-06-2024T18:46:33 - [TEST_STEP][PASSED] - verifyElementVisible(findTestObject("Object Repository/Page_The Story and Evolution of Doodles - G_6e786d/p_The first Doodle was a simple out-of-offi_345e61")): Object 'Object Repository/Page_The Story and Evolution of Doodles - G_6e786d/p_The first Doodle was a simple out-of-offi_345e61' is visible

17-06-2024T18:46:33 - [MESSAGE][PASSED] - Object 'Object Repository/Page_The Story and Evolution of Doodles - G_6e786d/p_The first Doodle was a simple out-of-offi_345e61' is visible

17-06-2024T18:46:33 - [TEST_STEP][PASSED] - verifyElementVisible(findTestObject("Object Repository/Page_The Story and Evolution of Doodles - G_6e786d/h2_Weve created more than 5,000 Doodles ove_111429")): Object 'Object Repository/Page_The Story and Evolution of Doodles - G_6e786d/h2_Weve created more than 5,000 Doodles ove_111429' is visible

17-06-2024T18:46:33 - [MESSAGE][PASSED] - Object 'Object Repository/Page_The Story and Evolution of Doodles - G_6e786d/h2_Weve created more than 5,000 Doodles ove_111429' is visible

17-06-2024T18:46:33 - [TEST_STEP][PASSED] - click(findTestObject("Object Repository/Page_The Story and Evolution of Doodles - G_6e786d/p_The first Doodle was a simple out-of-offi_345e61")): Object: 'Object Repository/Page_The Story and Evolution of Doodles - G_6e786d/p_The first Doodle was a simple out-of-offi_345e61' is clicked on

17-06-2024T18:46:34 - [MESSAGE][PASSED] - Object: 'Object Repository/Page_The Story and Evolution of Doodles - G_6e786d/p_The first Doodle was a simple out-of-offi_345e61' is clicked on

17-06-2024T18:46:34 - [TEST_STEP][PASSED] - verifyElementVisible(findTestObject("Object Repository/Page_The Story and Evolution of Doodles - G_6e786d/h1_The story behind Doodles")): Object 'Object Repository/Page_The Story and Evolution of Doodles - G_6e786d/h1_The story behind Doodles' is visible

17-06-2024T18:46:34 - [MESSAGE][PASSED] - Object 'Object Repository/Page_The Story and Evolution of Doodles - G_6e786d/h1_The story behind Doodles' is visible

17-06-2024T18:46:34 - [TEST_STEP][PASSED] - verifyElementVisible(findTestObject("Object Repository/Page_The Story and Evolution of Doodles - G_6e786d/p_The first Doodle was a simple out-of-offi_345e61")): Object 'Object Repository/Page_The Story and Evolution of Doodles - G_6e786d/p_The first Doodle was a simple out-of-offi_345e61' is visible

17-06-2024T18:46:34 - [MESSAGE][PASSED] - Object 'Object Repository/Page_The Story and Evolution of Doodles - G_6e786d/p_The first Doodle was a simple out-of-offi_345e61' is visible

17-06-2024T18:46:34 - [TEST_STEP][PASSED] - verifyElementVisible(findTestObject("Object Repository/Page_The Story and Evolution of Doodles - G_6e786d/h2_Weve created more than 5,000 Doodles ove_111429")): Object 'Object Repository/Page_The Story and Evolution of Doodles - G_6e786d/h2_Weve created more than 5,000 Doodles ove_111429' is visible

17-06-2024T18:46:34 - [MESSAGE][PASSED] - Object 'Object Repository/Page_The Story and Evolution of Doodles - G_6e786d/h2_Weve created more than 5,000 Doodles ove_111429' is visible

17-06-2024T18:46:34 - [TEST_STEP][PASSED] - click(findTestObject("Object Repository/Page_The Story and Evolution of Doodles - G_6e786d/p_The first Doodle was a simple out-of-offi_345e61")): Object: 'Object Repository/Page_The Story and Evolution of Doodles - G_6e786d/p_The first Doodle was a simple out-of-offi_345e61' is clicked on

17-06-2024T18:46:35 - [MESSAGE][PASSED] - Object: 'Object Repository/Page_The Story and Evolution of Doodles - G_6e786d/p_The first Doodle was a simple out-of-offi_345e61' is clicked on

17-06-2024T18:46:35 - [TEST_STEP][PASSED] - verifyElementVisible(findTestObject("Object Repository/Page_The Story and Evolution of Doodles - G_6e786d/h1_The story behind Doodles")): Object 'Object Repository/Page_The Story and Evolution of Doodles - G_6e786d/h1_The story behind Doodles' is visible

17-06-2024T18:46:35 - [MESSAGE][PASSED] - Object 'Object Repository/Page_The Story and Evolution of Doodles - G_6e786d/h1_The story behind Doodles' is visible

17-06-2024T18:46:35 - [TEST_STEP][PASSED] - verifyElementVisible(findTestObject("Object Repository/Page_The Story and Evolution of Doodles - G_6e786d/p_The first Doodle was a simple out-of-offi_345e61")): Object 'Object Repository/Page_The Story and Evolution of Doodles - G_6e786d/p_The first Doodle was a simple out-of-offi_345e61' is visible

17-06-2024T18:46:35 - [MESSAGE][PASSED] - Object 'Object Repository/Page_The Story and Evolution of Doodles - G_6e786d/p_The first Doodle was a simple out-of-offi_345e61' is visible

17-06-2024T18:46:35 - [TEST_STEP][PASSED] - verifyElementVisible(findTestObject("Object Repository/Page_The Story and Evolution of Doodles - G_6e786d/h2_Weve created more than 5,000 Doodles ove_111429")): Object 'Object Repository/Page_The Story and Evolution of Doodles - G_6e786d/h2_Weve created more than 5,000 Doodles ove_111429' is visible

17-06-2024T18:46:36 - [MESSAGE][PASSED] - Object 'Object Repository/Page_The Story and Evolution of Doodles - G_6e786d/h2_Weve created more than 5,000 Doodles ove_111429' is visible

17-06-2024T18:46:36 - [TEST_STEP][PASSED] - click(findTestObject("Object Repository/Page_The Story and Evolution of Doodles - G_6e786d/p_The first Doodle was a simple out-of-offi_345e61")): Object: 'Object Repository/Page_The Story and Evolution of Doodles - G_6e786d/p_The first Doodle was a simple out-of-offi_345e61' is clicked on

17-06-2024T18:46:36 - [MESSAGE][PASSED] - Object: 'Object Repository/Page_The Story and Evolution of Doodles - G_6e786d/p_The first Doodle was a simple out-of-offi_345e61' is clicked on

17-06-2024T18:46:36 - [TEST_STEP][PASSED] - verifyElementVisible(findTestObject("Object Repository/Page_The Story and Evolution of Doodles - G_6e786d/h1_The story behind Doodles")): Object 'Object Repository/Page_The Story and Evolution of Doodles - G_6e786d/h1_The story behind Doodles' is visible

17-06-2024T18:46:36 - [MESSAGE][PASSED] - Object 'Object Repository/Page_The Story and Evolution of Doodles - G_6e786d/h1_The story behind Doodles' is visible

17-06-2024T18:46:36 - [TEST_STEP][PASSED] - verifyElementVisible(findTestObject("Object Repository/Page_The Story and Evolution of Doodles - G_6e786d/p_The first Doodle was a simple out-of-offi_345e61")): Object 'Object Repository/Page_The Story and Evolution of Doodles - G_6e786d/p_The first Doodle was a simple out-of-offi_345e61' is visible

17-06-2024T18:46:37 - [MESSAGE][PASSED] - Object 'Object Repository/Page_The Story and Evolution of Doodles - G_6e786d/p_The first Doodle was a simple out-of-offi_345e61' is visible

17-06-2024T18:46:37 - [TEST_STEP][PASSED] - verifyElementVisible(findTestObject("Object Repository/Page_The Story and Evolution of Doodles - G_6e786d/h2_Weve created more than 5,000 Doodles ove_111429")): Object 'Object Repository/Page_The Story and Evolution of Doodles - G_6e786d/h2_Weve created more than 5,000 Doodles ove_111429' is visible

17-06-2024T18:46:37 - [MESSAGE][PASSED] - Object 'Object Repository/Page_The Story and Evolution of Doodles - G_6e786d/h2_Weve created more than 5,000 Doodles ove_111429' is visible

17-06-2024T18:46:37 - [TEST_STEP][PASSED] - click(findTestObject("Object Repository/Page_The Story and Evolution of Doodles - G_6e786d/p_The first Doodle was a simple out-of-offi_345e61")): Object: 'Object Repository/Page_The Story and Evolution of Doodles - G_6e786d/p_The first Doodle was a simple out-of-offi_345e61' is clicked on

17-06-2024T18:46:37 - [MESSAGE][PASSED] - Object: 'Object Repository/Page_The Story and Evolution of Doodles - G_6e786d/p_The first Doodle was a simple out-of-offi_345e61' is clicked on

17-06-2024T18:46:37 - [TEST_STEP][PASSED] - verifyElementVisible(findTestObject("Object Repository/Page_The Story and Evolution of Doodles - G_6e786d/h1_The story behind Doodles")): Object 'Object Repository/Page_The Story and Evolution of Doodles - G_6e786d/h1_The story behind Doodles' is visible

17-06-2024T18:46:38 - [MESSAGE][PASSED] - Object 'Object Repository/Page_The Story and Evolution of Doodles - G_6e786d/h1_The story behind Doodles' is visible

17-06-2024T18:46:38 - [TEST_STEP][PASSED] - verifyElementVisible(findTestObject("Object Repository/Page_The Story and Evolution of Doodles - G_6e786d/p_The first Doodle was a simple out-of-offi_345e61")): Object 'Object Repository/Page_The Story and Evolution of Doodles - G_6e786d/p_The first Doodle was a simple out-of-offi_345e61' is visible

17-06-2024T18:46:38 - [MESSAGE][PASSED] - Object 'Object Repository/Page_The Story and Evolution of Doodles - G_6e786d/p_The first Doodle was a simple out-of-offi_345e61' is visible

17-06-2024T18:46:38 - [TEST_STEP][PASSED] - verifyElementVisible(findTestObject("Object Repository/Page_The Story and Evolution of Doodles - G_6e786d/h2_Weve created more than 5,000 Doodles ove_111429")): Object 'Object Repository/Page_The Story and Evolution of Doodles - G_6e786d/h2_Weve created more than 5,000 Doodles ove_111429' is visible

17-06-2024T18:46:38 - [MESSAGE][PASSED] - Object 'Object Repository/Page_The Story and Evolution of Doodles - G_6e786d/h2_Weve created more than 5,000 Doodles ove_111429' is visible]]></system-out>
         <system-err><![CDATA[]]></system-err>
      </testcase>
      <testcase name="Test Cases/test case folder 1/tc1 - Copy (4) - Copy (3)" time="20.361" classname="Test Cases/test case folder 1/tc1 - Copy (4) - Copy (3)" status="PASSED">
         <system-out><![CDATA[17-06-2024T18:46:38 - [TEST_CASE][PASSED] - Test Cases/test case folder 1/tc1 - Copy (4) - Copy (3): Test Cases/test case folder 1/tc1 - Copy (4) - Copy (3)

17-06-2024T18:46:38 - [TEST_STEP][PASSED] - openBrowser(""): Browser is opened with url: ''

17-06-2024T18:46:38 - [MESSAGE][WARNING] - A browser is already opened. Closing browser and opening a new one

17-06-2024T18:46:39 - [MESSAGE][INFO] - Starting 'Chrome (headless)' driver

17-06-2024T18:46:39 - [MESSAGE][INFO] - Action delay is set to 0 milliseconds

17-06-2024T18:46:40 - [MESSAGE][PASSED] - Browser is opened with url: ''

17-06-2024T18:46:40 - [TEST_STEP][PASSED] - navigateToUrl("https://doodles.google/about/"): Navigate to 'https://doodles.google/about/' successfully

17-06-2024T18:46:44 - [MESSAGE][PASSED] - Navigate to 'https://doodles.google/about/' successfully

17-06-2024T18:46:44 - [TEST_STEP][PASSED] - click(findTestObject("Object Repository/Page_The Story and Evolution of Doodles - G_6e786d/p_The first Doodle was a simple out-of-offi_345e61")): Object: 'Object Repository/Page_The Story and Evolution of Doodles - G_6e786d/p_The first Doodle was a simple out-of-offi_345e61' is clicked on

17-06-2024T18:46:44 - [MESSAGE][PASSED] - Object: 'Object Repository/Page_The Story and Evolution of Doodles - G_6e786d/p_The first Doodle was a simple out-of-offi_345e61' is clicked on

17-06-2024T18:46:44 - [TEST_STEP][PASSED] - click(findTestObject("Object Repository/Page_The Story and Evolution of Doodles - G_6e786d/p_The first Doodle was a simple out-of-offi_345e61")): Object: 'Object Repository/Page_The Story and Evolution of Doodles - G_6e786d/p_The first Doodle was a simple out-of-offi_345e61' is clicked on

17-06-2024T18:46:45 - [MESSAGE][PASSED] - Object: 'Object Repository/Page_The Story and Evolution of Doodles - G_6e786d/p_The first Doodle was a simple out-of-offi_345e61' is clicked on

17-06-2024T18:46:45 - [TEST_STEP][PASSED] - verifyElementVisible(findTestObject("Object Repository/Page_The Story and Evolution of Doodles - G_6e786d/h1_The story behind Doodles")): Object 'Object Repository/Page_The Story and Evolution of Doodles - G_6e786d/h1_The story behind Doodles' is visible

17-06-2024T18:46:45 - [MESSAGE][PASSED] - Object 'Object Repository/Page_The Story and Evolution of Doodles - G_6e786d/h1_The story behind Doodles' is visible

17-06-2024T18:46:45 - [TEST_STEP][PASSED] - verifyElementVisible(findTestObject("Object Repository/Page_The Story and Evolution of Doodles - G_6e786d/p_The first Doodle was a simple out-of-offi_345e61")): Object 'Object Repository/Page_The Story and Evolution of Doodles - G_6e786d/p_The first Doodle was a simple out-of-offi_345e61' is visible

17-06-2024T18:46:45 - [MESSAGE][PASSED] - Object 'Object Repository/Page_The Story and Evolution of Doodles - G_6e786d/p_The first Doodle was a simple out-of-offi_345e61' is visible

17-06-2024T18:46:45 - [TEST_STEP][PASSED] - verifyElementVisible(findTestObject("Object Repository/Page_The Story and Evolution of Doodles - G_6e786d/h2_Weve created more than 5,000 Doodles ove_111429")): Object 'Object Repository/Page_The Story and Evolution of Doodles - G_6e786d/h2_Weve created more than 5,000 Doodles ove_111429' is visible

17-06-2024T18:46:46 - [MESSAGE][PASSED] - Object 'Object Repository/Page_The Story and Evolution of Doodles - G_6e786d/h2_Weve created more than 5,000 Doodles ove_111429' is visible

17-06-2024T18:46:46 - [TEST_STEP][PASSED] - verifyElementVisible(findTestObject("Object Repository/Page_The Story and Evolution of Doodles - G_6e786d/h1_The story behind Doodles")): Object 'Object Repository/Page_The Story and Evolution of Doodles - G_6e786d/h1_The story behind Doodles' is visible

17-06-2024T18:46:46 - [MESSAGE][PASSED] - Object 'Object Repository/Page_The Story and Evolution of Doodles - G_6e786d/h1_The story behind Doodles' is visible

17-06-2024T18:46:46 - [TEST_STEP][PASSED] - verifyElementVisible(findTestObject("Object Repository/Page_The Story and Evolution of Doodles - G_6e786d/p_The first Doodle was a simple out-of-offi_345e61")): Object 'Object Repository/Page_The Story and Evolution of Doodles - G_6e786d/p_The first Doodle was a simple out-of-offi_345e61' is visible

17-06-2024T18:46:46 - [MESSAGE][PASSED] - Object 'Object Repository/Page_The Story and Evolution of Doodles - G_6e786d/p_The first Doodle was a simple out-of-offi_345e61' is visible

17-06-2024T18:46:46 - [TEST_STEP][PASSED] - verifyElementVisible(findTestObject("Object Repository/Page_The Story and Evolution of Doodles - G_6e786d/h2_Weve created more than 5,000 Doodles ove_111429")): Object 'Object Repository/Page_The Story and Evolution of Doodles - G_6e786d/h2_Weve created more than 5,000 Doodles ove_111429' is visible

17-06-2024T18:46:47 - [MESSAGE][PASSED] - Object 'Object Repository/Page_The Story and Evolution of Doodles - G_6e786d/h2_Weve created more than 5,000 Doodles ove_111429' is visible

17-06-2024T18:46:47 - [TEST_STEP][PASSED] - click(findTestObject("Object Repository/Page_The Story and Evolution of Doodles - G_6e786d/p_The first Doodle was a simple out-of-offi_345e61")): Object: 'Object Repository/Page_The Story and Evolution of Doodles - G_6e786d/p_The first Doodle was a simple out-of-offi_345e61' is clicked on

17-06-2024T18:46:47 - [MESSAGE][PASSED] - Object: 'Object Repository/Page_The Story and Evolution of Doodles - G_6e786d/p_The first Doodle was a simple out-of-offi_345e61' is clicked on

17-06-2024T18:46:47 - [TEST_STEP][PASSED] - verifyElementVisible(findTestObject("Object Repository/Page_The Story and Evolution of Doodles - G_6e786d/h1_The story behind Doodles")): Object 'Object Repository/Page_The Story and Evolution of Doodles - G_6e786d/h1_The story behind Doodles' is visible

17-06-2024T18:46:47 - [MESSAGE][PASSED] - Object 'Object Repository/Page_The Story and Evolution of Doodles - G_6e786d/h1_The story behind Doodles' is visible

17-06-2024T18:46:47 - [TEST_STEP][PASSED] - verifyElementVisible(findTestObject("Object Repository/Page_The Story and Evolution of Doodles - G_6e786d/p_The first Doodle was a simple out-of-offi_345e61")): Object 'Object Repository/Page_The Story and Evolution of Doodles - G_6e786d/p_The first Doodle was a simple out-of-offi_345e61' is visible

17-06-2024T18:46:48 - [MESSAGE][PASSED] - Object 'Object Repository/Page_The Story and Evolution of Doodles - G_6e786d/p_The first Doodle was a simple out-of-offi_345e61' is visible

17-06-2024T18:46:48 - [TEST_STEP][PASSED] - verifyElementVisible(findTestObject("Object Repository/Page_The Story and Evolution of Doodles - G_6e786d/h2_Weve created more than 5,000 Doodles ove_111429")): Object 'Object Repository/Page_The Story and Evolution of Doodles - G_6e786d/h2_Weve created more than 5,000 Doodles ove_111429' is visible

17-06-2024T18:46:48 - [MESSAGE][PASSED] - Object 'Object Repository/Page_The Story and Evolution of Doodles - G_6e786d/h2_Weve created more than 5,000 Doodles ove_111429' is visible

17-06-2024T18:46:48 - [TEST_STEP][PASSED] - click(findTestObject("Object Repository/Page_The Story and Evolution of Doodles - G_6e786d/p_The first Doodle was a simple out-of-offi_345e61")): Object: 'Object Repository/Page_The Story and Evolution of Doodles - G_6e786d/p_The first Doodle was a simple out-of-offi_345e61' is clicked on

17-06-2024T18:46:48 - [MESSAGE][PASSED] - Object: 'Object Repository/Page_The Story and Evolution of Doodles - G_6e786d/p_The first Doodle was a simple out-of-offi_345e61' is clicked on

17-06-2024T18:46:48 - [TEST_STEP][PASSED] - verifyElementVisible(findTestObject("Object Repository/Page_The Story and Evolution of Doodles - G_6e786d/h1_The story behind Doodles")): Object 'Object Repository/Page_The Story and Evolution of Doodles - G_6e786d/h1_The story behind Doodles' is visible

17-06-2024T18:46:49 - [MESSAGE][PASSED] - Object 'Object Repository/Page_The Story and Evolution of Doodles - G_6e786d/h1_The story behind Doodles' is visible

17-06-2024T18:46:49 - [TEST_STEP][PASSED] - verifyElementVisible(findTestObject("Object Repository/Page_The Story and Evolution of Doodles - G_6e786d/p_The first Doodle was a simple out-of-offi_345e61")): Object 'Object Repository/Page_The Story and Evolution of Doodles - G_6e786d/p_The first Doodle was a simple out-of-offi_345e61' is visible

17-06-2024T18:46:49 - [MESSAGE][PASSED] - Object 'Object Repository/Page_The Story and Evolution of Doodles - G_6e786d/p_The first Doodle was a simple out-of-offi_345e61' is visible

17-06-2024T18:46:49 - [TEST_STEP][PASSED] - verifyElementVisible(findTestObject("Object Repository/Page_The Story and Evolution of Doodles - G_6e786d/h2_Weve created more than 5,000 Doodles ove_111429")): Object 'Object Repository/Page_The Story and Evolution of Doodles - G_6e786d/h2_Weve created more than 5,000 Doodles ove_111429' is visible

17-06-2024T18:46:49 - [MESSAGE][PASSED] - Object 'Object Repository/Page_The Story and Evolution of Doodles - G_6e786d/h2_Weve created more than 5,000 Doodles ove_111429' is visible

17-06-2024T18:46:49 - [TEST_STEP][PASSED] - click(findTestObject("Object Repository/Page_The Story and Evolution of Doodles - G_6e786d/p_The first Doodle was a simple out-of-offi_345e61")): Object: 'Object Repository/Page_The Story and Evolution of Doodles - G_6e786d/p_The first Doodle was a simple out-of-offi_345e61' is clicked on

17-06-2024T18:46:50 - [MESSAGE][PASSED] - Object: 'Object Repository/Page_The Story and Evolution of Doodles - G_6e786d/p_The first Doodle was a simple out-of-offi_345e61' is clicked on

17-06-2024T18:46:50 - [TEST_STEP][PASSED] - verifyElementVisible(findTestObject("Object Repository/Page_The Story and Evolution of Doodles - G_6e786d/h1_The story behind Doodles")): Object 'Object Repository/Page_The Story and Evolution of Doodles - G_6e786d/h1_The story behind Doodles' is visible

17-06-2024T18:46:50 - [MESSAGE][PASSED] - Object 'Object Repository/Page_The Story and Evolution of Doodles - G_6e786d/h1_The story behind Doodles' is visible

17-06-2024T18:46:50 - [TEST_STEP][PASSED] - verifyElementVisible(findTestObject("Object Repository/Page_The Story and Evolution of Doodles - G_6e786d/p_The first Doodle was a simple out-of-offi_345e61")): Object 'Object Repository/Page_The Story and Evolution of Doodles - G_6e786d/p_The first Doodle was a simple out-of-offi_345e61' is visible

17-06-2024T18:46:50 - [MESSAGE][PASSED] - Object 'Object Repository/Page_The Story and Evolution of Doodles - G_6e786d/p_The first Doodle was a simple out-of-offi_345e61' is visible

17-06-2024T18:46:50 - [TEST_STEP][PASSED] - verifyElementVisible(findTestObject("Object Repository/Page_The Story and Evolution of Doodles - G_6e786d/h2_Weve created more than 5,000 Doodles ove_111429")): Object 'Object Repository/Page_The Story and Evolution of Doodles - G_6e786d/h2_Weve created more than 5,000 Doodles ove_111429' is visible

17-06-2024T18:46:51 - [MESSAGE][PASSED] - Object 'Object Repository/Page_The Story and Evolution of Doodles - G_6e786d/h2_Weve created more than 5,000 Doodles ove_111429' is visible

17-06-2024T18:46:51 - [TEST_STEP][PASSED] - click(findTestObject("Object Repository/Page_The Story and Evolution of Doodles - G_6e786d/p_The first Doodle was a simple out-of-offi_345e61")): Object: 'Object Repository/Page_The Story and Evolution of Doodles - G_6e786d/p_The first Doodle was a simple out-of-offi_345e61' is clicked on

17-06-2024T18:46:51 - [MESSAGE][PASSED] - Object: 'Object Repository/Page_The Story and Evolution of Doodles - G_6e786d/p_The first Doodle was a simple out-of-offi_345e61' is clicked on

17-06-2024T18:46:51 - [TEST_STEP][PASSED] - verifyElementVisible(findTestObject("Object Repository/Page_The Story and Evolution of Doodles - G_6e786d/h1_The story behind Doodles")): Object 'Object Repository/Page_The Story and Evolution of Doodles - G_6e786d/h1_The story behind Doodles' is visible

17-06-2024T18:46:51 - [MESSAGE][PASSED] - Object 'Object Repository/Page_The Story and Evolution of Doodles - G_6e786d/h1_The story behind Doodles' is visible

17-06-2024T18:46:51 - [TEST_STEP][PASSED] - verifyElementVisible(findTestObject("Object Repository/Page_The Story and Evolution of Doodles - G_6e786d/p_The first Doodle was a simple out-of-offi_345e61")): Object 'Object Repository/Page_The Story and Evolution of Doodles - G_6e786d/p_The first Doodle was a simple out-of-offi_345e61' is visible

17-06-2024T18:46:52 - [MESSAGE][PASSED] - Object 'Object Repository/Page_The Story and Evolution of Doodles - G_6e786d/p_The first Doodle was a simple out-of-offi_345e61' is visible

17-06-2024T18:46:52 - [TEST_STEP][PASSED] - verifyElementVisible(findTestObject("Object Repository/Page_The Story and Evolution of Doodles - G_6e786d/h2_Weve created more than 5,000 Doodles ove_111429")): Object 'Object Repository/Page_The Story and Evolution of Doodles - G_6e786d/h2_Weve created more than 5,000 Doodles ove_111429' is visible

17-06-2024T18:46:52 - [MESSAGE][PASSED] - Object 'Object Repository/Page_The Story and Evolution of Doodles - G_6e786d/h2_Weve created more than 5,000 Doodles ove_111429' is visible

17-06-2024T18:46:52 - [TEST_STEP][PASSED] - click(findTestObject("Object Repository/Page_The Story and Evolution of Doodles - G_6e786d/p_The first Doodle was a simple out-of-offi_345e61")): Object: 'Object Repository/Page_The Story and Evolution of Doodles - G_6e786d/p_The first Doodle was a simple out-of-offi_345e61' is clicked on

17-06-2024T18:46:52 - [MESSAGE][PASSED] - Object: 'Object Repository/Page_The Story and Evolution of Doodles - G_6e786d/p_The first Doodle was a simple out-of-offi_345e61' is clicked on

17-06-2024T18:46:52 - [TEST_STEP][PASSED] - verifyElementVisible(findTestObject("Object Repository/Page_The Story and Evolution of Doodles - G_6e786d/h1_The story behind Doodles")): Object 'Object Repository/Page_The Story and Evolution of Doodles - G_6e786d/h1_The story behind Doodles' is visible

17-06-2024T18:46:53 - [MESSAGE][PASSED] - Object 'Object Repository/Page_The Story and Evolution of Doodles - G_6e786d/h1_The story behind Doodles' is visible

17-06-2024T18:46:53 - [TEST_STEP][PASSED] - verifyElementVisible(findTestObject("Object Repository/Page_The Story and Evolution of Doodles - G_6e786d/p_The first Doodle was a simple out-of-offi_345e61")): Object 'Object Repository/Page_The Story and Evolution of Doodles - G_6e786d/p_The first Doodle was a simple out-of-offi_345e61' is visible

17-06-2024T18:46:53 - [MESSAGE][PASSED] - Object 'Object Repository/Page_The Story and Evolution of Doodles - G_6e786d/p_The first Doodle was a simple out-of-offi_345e61' is visible

17-06-2024T18:46:53 - [TEST_STEP][PASSED] - verifyElementVisible(findTestObject("Object Repository/Page_The Story and Evolution of Doodles - G_6e786d/h2_Weve created more than 5,000 Doodles ove_111429")): Object 'Object Repository/Page_The Story and Evolution of Doodles - G_6e786d/h2_Weve created more than 5,000 Doodles ove_111429' is visible

17-06-2024T18:46:53 - [MESSAGE][PASSED] - Object 'Object Repository/Page_The Story and Evolution of Doodles - G_6e786d/h2_Weve created more than 5,000 Doodles ove_111429' is visible

17-06-2024T18:46:53 - [TEST_STEP][PASSED] - click(findTestObject("Object Repository/Page_The Story and Evolution of Doodles - G_6e786d/p_The first Doodle was a simple out-of-offi_345e61")): Object: 'Object Repository/Page_The Story and Evolution of Doodles - G_6e786d/p_The first Doodle was a simple out-of-offi_345e61' is clicked on

17-06-2024T18:46:54 - [MESSAGE][PASSED] - Object: 'Object Repository/Page_The Story and Evolution of Doodles - G_6e786d/p_The first Doodle was a simple out-of-offi_345e61' is clicked on

17-06-2024T18:46:54 - [TEST_STEP][PASSED] - verifyElementVisible(findTestObject("Object Repository/Page_The Story and Evolution of Doodles - G_6e786d/h1_The story behind Doodles")): Object 'Object Repository/Page_The Story and Evolution of Doodles - G_6e786d/h1_The story behind Doodles' is visible

17-06-2024T18:46:54 - [MESSAGE][PASSED] - Object 'Object Repository/Page_The Story and Evolution of Doodles - G_6e786d/h1_The story behind Doodles' is visible

17-06-2024T18:46:54 - [TEST_STEP][PASSED] - verifyElementVisible(findTestObject("Object Repository/Page_The Story and Evolution of Doodles - G_6e786d/p_The first Doodle was a simple out-of-offi_345e61")): Object 'Object Repository/Page_The Story and Evolution of Doodles - G_6e786d/p_The first Doodle was a simple out-of-offi_345e61' is visible

17-06-2024T18:46:54 - [MESSAGE][PASSED] - Object 'Object Repository/Page_The Story and Evolution of Doodles - G_6e786d/p_The first Doodle was a simple out-of-offi_345e61' is visible

17-06-2024T18:46:54 - [TEST_STEP][PASSED] - verifyElementVisible(findTestObject("Object Repository/Page_The Story and Evolution of Doodles - G_6e786d/h2_Weve created more than 5,000 Doodles ove_111429")): Object 'Object Repository/Page_The Story and Evolution of Doodles - G_6e786d/h2_Weve created more than 5,000 Doodles ove_111429' is visible

17-06-2024T18:46:55 - [MESSAGE][PASSED] - Object 'Object Repository/Page_The Story and Evolution of Doodles - G_6e786d/h2_Weve created more than 5,000 Doodles ove_111429' is visible

17-06-2024T18:46:55 - [TEST_STEP][PASSED] - click(findTestObject("Object Repository/Page_The Story and Evolution of Doodles - G_6e786d/p_The first Doodle was a simple out-of-offi_345e61")): Object: 'Object Repository/Page_The Story and Evolution of Doodles - G_6e786d/p_The first Doodle was a simple out-of-offi_345e61' is clicked on

17-06-2024T18:46:55 - [MESSAGE][PASSED] - Object: 'Object Repository/Page_The Story and Evolution of Doodles - G_6e786d/p_The first Doodle was a simple out-of-offi_345e61' is clicked on

17-06-2024T18:46:55 - [TEST_STEP][PASSED] - verifyElementVisible(findTestObject("Object Repository/Page_The Story and Evolution of Doodles - G_6e786d/h1_The story behind Doodles")): Object 'Object Repository/Page_The Story and Evolution of Doodles - G_6e786d/h1_The story behind Doodles' is visible

17-06-2024T18:46:55 - [MESSAGE][PASSED] - Object 'Object Repository/Page_The Story and Evolution of Doodles - G_6e786d/h1_The story behind Doodles' is visible

17-06-2024T18:46:55 - [TEST_STEP][PASSED] - verifyElementVisible(findTestObject("Object Repository/Page_The Story and Evolution of Doodles - G_6e786d/p_The first Doodle was a simple out-of-offi_345e61")): Object 'Object Repository/Page_The Story and Evolution of Doodles - G_6e786d/p_The first Doodle was a simple out-of-offi_345e61' is visible

17-06-2024T18:46:56 - [MESSAGE][PASSED] - Object 'Object Repository/Page_The Story and Evolution of Doodles - G_6e786d/p_The first Doodle was a simple out-of-offi_345e61' is visible

17-06-2024T18:46:56 - [TEST_STEP][PASSED] - verifyElementVisible(findTestObject("Object Repository/Page_The Story and Evolution of Doodles - G_6e786d/h2_Weve created more than 5,000 Doodles ove_111429")): Object 'Object Repository/Page_The Story and Evolution of Doodles - G_6e786d/h2_Weve created more than 5,000 Doodles ove_111429' is visible

17-06-2024T18:46:56 - [MESSAGE][PASSED] - Object 'Object Repository/Page_The Story and Evolution of Doodles - G_6e786d/h2_Weve created more than 5,000 Doodles ove_111429' is visible

17-06-2024T18:46:56 - [TEST_STEP][PASSED] - click(findTestObject("Object Repository/Page_The Story and Evolution of Doodles - G_6e786d/p_The first Doodle was a simple out-of-offi_345e61")): Object: 'Object Repository/Page_The Story and Evolution of Doodles - G_6e786d/p_The first Doodle was a simple out-of-offi_345e61' is clicked on

17-06-2024T18:46:56 - [MESSAGE][PASSED] - Object: 'Object Repository/Page_The Story and Evolution of Doodles - G_6e786d/p_The first Doodle was a simple out-of-offi_345e61' is clicked on

17-06-2024T18:46:56 - [TEST_STEP][PASSED] - verifyElementVisible(findTestObject("Object Repository/Page_The Story and Evolution of Doodles - G_6e786d/h1_The story behind Doodles")): Object 'Object Repository/Page_The Story and Evolution of Doodles - G_6e786d/h1_The story behind Doodles' is visible

17-06-2024T18:46:57 - [MESSAGE][PASSED] - Object 'Object Repository/Page_The Story and Evolution of Doodles - G_6e786d/h1_The story behind Doodles' is visible

17-06-2024T18:46:57 - [TEST_STEP][PASSED] - verifyElementVisible(findTestObject("Object Repository/Page_The Story and Evolution of Doodles - G_6e786d/p_The first Doodle was a simple out-of-offi_345e61")): Object 'Object Repository/Page_The Story and Evolution of Doodles - G_6e786d/p_The first Doodle was a simple out-of-offi_345e61' is visible

17-06-2024T18:46:57 - [MESSAGE][PASSED] - Object 'Object Repository/Page_The Story and Evolution of Doodles - G_6e786d/p_The first Doodle was a simple out-of-offi_345e61' is visible

17-06-2024T18:46:57 - [TEST_STEP][PASSED] - verifyElementVisible(findTestObject("Object Repository/Page_The Story and Evolution of Doodles - G_6e786d/h2_Weve created more than 5,000 Doodles ove_111429")): Object 'Object Repository/Page_The Story and Evolution of Doodles - G_6e786d/h2_Weve created more than 5,000 Doodles ove_111429' is visible

17-06-2024T18:46:57 - [MESSAGE][PASSED] - Object 'Object Repository/Page_The Story and Evolution of Doodles - G_6e786d/h2_Weve created more than 5,000 Doodles ove_111429' is visible

17-06-2024T18:46:57 - [TEST_STEP][PASSED] - click(findTestObject("Object Repository/Page_The Story and Evolution of Doodles - G_6e786d/p_The first Doodle was a simple out-of-offi_345e61")): Object: 'Object Repository/Page_The Story and Evolution of Doodles - G_6e786d/p_The first Doodle was a simple out-of-offi_345e61' is clicked on

17-06-2024T18:46:58 - [MESSAGE][PASSED] - Object: 'Object Repository/Page_The Story and Evolution of Doodles - G_6e786d/p_The first Doodle was a simple out-of-offi_345e61' is clicked on

17-06-2024T18:46:58 - [TEST_STEP][PASSED] - verifyElementVisible(findTestObject("Object Repository/Page_The Story and Evolution of Doodles - G_6e786d/h1_The story behind Doodles")): Object 'Object Repository/Page_The Story and Evolution of Doodles - G_6e786d/h1_The story behind Doodles' is visible

17-06-2024T18:46:58 - [MESSAGE][PASSED] - Object 'Object Repository/Page_The Story and Evolution of Doodles - G_6e786d/h1_The story behind Doodles' is visible

17-06-2024T18:46:58 - [TEST_STEP][PASSED] - verifyElementVisible(findTestObject("Object Repository/Page_The Story and Evolution of Doodles - G_6e786d/p_The first Doodle was a simple out-of-offi_345e61")): Object 'Object Repository/Page_The Story and Evolution of Doodles - G_6e786d/p_The first Doodle was a simple out-of-offi_345e61' is visible

17-06-2024T18:46:58 - [MESSAGE][PASSED] - Object 'Object Repository/Page_The Story and Evolution of Doodles - G_6e786d/p_The first Doodle was a simple out-of-offi_345e61' is visible

17-06-2024T18:46:58 - [TEST_STEP][PASSED] - verifyElementVisible(findTestObject("Object Repository/Page_The Story and Evolution of Doodles - G_6e786d/h2_Weve created more than 5,000 Doodles ove_111429")): Object 'Object Repository/Page_The Story and Evolution of Doodles - G_6e786d/h2_Weve created more than 5,000 Doodles ove_111429' is visible

17-06-2024T18:46:59 - [MESSAGE][PASSED] - Object 'Object Repository/Page_The Story and Evolution of Doodles - G_6e786d/h2_Weve created more than 5,000 Doodles ove_111429' is visible]]></system-out>
         <system-err><![CDATA[]]></system-err>
      </testcase>
      <testcase name="Test Cases/test case folder 1/tc1 - Copy (4) - Copy (4)" time="18.219" classname="Test Cases/test case folder 1/tc1 - Copy (4) - Copy (4)" status="PASSED">
         <system-out><![CDATA[17-06-2024T18:46:59 - [TEST_CASE][PASSED] - Test Cases/test case folder 1/tc1 - Copy (4) - Copy (4): Test Cases/test case folder 1/tc1 - Copy (4) - Copy (4)

17-06-2024T18:46:59 - [TEST_STEP][PASSED] - openBrowser(""): Browser is opened with url: ''

17-06-2024T18:46:59 - [MESSAGE][WARNING] - A browser is already opened. Closing browser and opening a new one

17-06-2024T18:46:59 - [MESSAGE][INFO] - Starting 'Chrome (headless)' driver

17-06-2024T18:46:59 - [MESSAGE][INFO] - Action delay is set to 0 milliseconds

17-06-2024T18:47:00 - [MESSAGE][PASSED] - Browser is opened with url: ''

17-06-2024T18:47:00 - [TEST_STEP][PASSED] - navigateToUrl("https://doodles.google/about/"): Navigate to 'https://doodles.google/about/' successfully

17-06-2024T18:47:02 - [MESSAGE][PASSED] - Navigate to 'https://doodles.google/about/' successfully

17-06-2024T18:47:02 - [TEST_STEP][PASSED] - click(findTestObject("Object Repository/Page_The Story and Evolution of Doodles - G_6e786d/p_The first Doodle was a simple out-of-offi_345e61")): Object: 'Object Repository/Page_The Story and Evolution of Doodles - G_6e786d/p_The first Doodle was a simple out-of-offi_345e61' is clicked on

17-06-2024T18:47:03 - [MESSAGE][PASSED] - Object: 'Object Repository/Page_The Story and Evolution of Doodles - G_6e786d/p_The first Doodle was a simple out-of-offi_345e61' is clicked on

17-06-2024T18:47:03 - [TEST_STEP][PASSED] - click(findTestObject("Object Repository/Page_The Story and Evolution of Doodles - G_6e786d/p_The first Doodle was a simple out-of-offi_345e61")): Object: 'Object Repository/Page_The Story and Evolution of Doodles - G_6e786d/p_The first Doodle was a simple out-of-offi_345e61' is clicked on

17-06-2024T18:47:03 - [MESSAGE][PASSED] - Object: 'Object Repository/Page_The Story and Evolution of Doodles - G_6e786d/p_The first Doodle was a simple out-of-offi_345e61' is clicked on

17-06-2024T18:47:03 - [TEST_STEP][PASSED] - verifyElementVisible(findTestObject("Object Repository/Page_The Story and Evolution of Doodles - G_6e786d/h1_The story behind Doodles")): Object 'Object Repository/Page_The Story and Evolution of Doodles - G_6e786d/h1_The story behind Doodles' is visible

17-06-2024T18:47:04 - [MESSAGE][PASSED] - Object 'Object Repository/Page_The Story and Evolution of Doodles - G_6e786d/h1_The story behind Doodles' is visible

17-06-2024T18:47:04 - [TEST_STEP][PASSED] - verifyElementVisible(findTestObject("Object Repository/Page_The Story and Evolution of Doodles - G_6e786d/p_The first Doodle was a simple out-of-offi_345e61")): Object 'Object Repository/Page_The Story and Evolution of Doodles - G_6e786d/p_The first Doodle was a simple out-of-offi_345e61' is visible

17-06-2024T18:47:04 - [MESSAGE][PASSED] - Object 'Object Repository/Page_The Story and Evolution of Doodles - G_6e786d/p_The first Doodle was a simple out-of-offi_345e61' is visible

17-06-2024T18:47:04 - [TEST_STEP][PASSED] - verifyElementVisible(findTestObject("Object Repository/Page_The Story and Evolution of Doodles - G_6e786d/h2_Weve created more than 5,000 Doodles ove_111429")): Object 'Object Repository/Page_The Story and Evolution of Doodles - G_6e786d/h2_Weve created more than 5,000 Doodles ove_111429' is visible

17-06-2024T18:47:04 - [MESSAGE][PASSED] - Object 'Object Repository/Page_The Story and Evolution of Doodles - G_6e786d/h2_Weve created more than 5,000 Doodles ove_111429' is visible

17-06-2024T18:47:04 - [TEST_STEP][PASSED] - verifyElementVisible(findTestObject("Object Repository/Page_The Story and Evolution of Doodles - G_6e786d/h1_The story behind Doodles")): Object 'Object Repository/Page_The Story and Evolution of Doodles - G_6e786d/h1_The story behind Doodles' is visible

17-06-2024T18:47:05 - [MESSAGE][PASSED] - Object 'Object Repository/Page_The Story and Evolution of Doodles - G_6e786d/h1_The story behind Doodles' is visible

17-06-2024T18:47:05 - [TEST_STEP][PASSED] - verifyElementVisible(findTestObject("Object Repository/Page_The Story and Evolution of Doodles - G_6e786d/p_The first Doodle was a simple out-of-offi_345e61")): Object 'Object Repository/Page_The Story and Evolution of Doodles - G_6e786d/p_The first Doodle was a simple out-of-offi_345e61' is visible

17-06-2024T18:47:05 - [MESSAGE][PASSED] - Object 'Object Repository/Page_The Story and Evolution of Doodles - G_6e786d/p_The first Doodle was a simple out-of-offi_345e61' is visible

17-06-2024T18:47:05 - [TEST_STEP][PASSED] - verifyElementVisible(findTestObject("Object Repository/Page_The Story and Evolution of Doodles - G_6e786d/h2_Weve created more than 5,000 Doodles ove_111429")): Object 'Object Repository/Page_The Story and Evolution of Doodles - G_6e786d/h2_Weve created more than 5,000 Doodles ove_111429' is visible

17-06-2024T18:47:05 - [MESSAGE][PASSED] - Object 'Object Repository/Page_The Story and Evolution of Doodles - G_6e786d/h2_Weve created more than 5,000 Doodles ove_111429' is visible

17-06-2024T18:47:05 - [TEST_STEP][PASSED] - click(findTestObject("Object Repository/Page_The Story and Evolution of Doodles - G_6e786d/p_The first Doodle was a simple out-of-offi_345e61")): Object: 'Object Repository/Page_The Story and Evolution of Doodles - G_6e786d/p_The first Doodle was a simple out-of-offi_345e61' is clicked on

17-06-2024T18:47:06 - [MESSAGE][PASSED] - Object: 'Object Repository/Page_The Story and Evolution of Doodles - G_6e786d/p_The first Doodle was a simple out-of-offi_345e61' is clicked on

17-06-2024T18:47:06 - [TEST_STEP][PASSED] - verifyElementVisible(findTestObject("Object Repository/Page_The Story and Evolution of Doodles - G_6e786d/h1_The story behind Doodles")): Object 'Object Repository/Page_The Story and Evolution of Doodles - G_6e786d/h1_The story behind Doodles' is visible

17-06-2024T18:47:06 - [MESSAGE][PASSED] - Object 'Object Repository/Page_The Story and Evolution of Doodles - G_6e786d/h1_The story behind Doodles' is visible

17-06-2024T18:47:06 - [TEST_STEP][PASSED] - verifyElementVisible(findTestObject("Object Repository/Page_The Story and Evolution of Doodles - G_6e786d/p_The first Doodle was a simple out-of-offi_345e61")): Object 'Object Repository/Page_The Story and Evolution of Doodles - G_6e786d/p_The first Doodle was a simple out-of-offi_345e61' is visible

17-06-2024T18:47:06 - [MESSAGE][PASSED] - Object 'Object Repository/Page_The Story and Evolution of Doodles - G_6e786d/p_The first Doodle was a simple out-of-offi_345e61' is visible

17-06-2024T18:47:06 - [TEST_STEP][PASSED] - verifyElementVisible(findTestObject("Object Repository/Page_The Story and Evolution of Doodles - G_6e786d/h2_Weve created more than 5,000 Doodles ove_111429")): Object 'Object Repository/Page_The Story and Evolution of Doodles - G_6e786d/h2_Weve created more than 5,000 Doodles ove_111429' is visible

17-06-2024T18:47:06 - [MESSAGE][PASSED] - Object 'Object Repository/Page_The Story and Evolution of Doodles - G_6e786d/h2_Weve created more than 5,000 Doodles ove_111429' is visible

17-06-2024T18:47:06 - [TEST_STEP][PASSED] - click(findTestObject("Object Repository/Page_The Story and Evolution of Doodles - G_6e786d/p_The first Doodle was a simple out-of-offi_345e61")): Object: 'Object Repository/Page_The Story and Evolution of Doodles - G_6e786d/p_The first Doodle was a simple out-of-offi_345e61' is clicked on

17-06-2024T18:47:07 - [MESSAGE][PASSED] - Object: 'Object Repository/Page_The Story and Evolution of Doodles - G_6e786d/p_The first Doodle was a simple out-of-offi_345e61' is clicked on

17-06-2024T18:47:07 - [TEST_STEP][PASSED] - verifyElementVisible(findTestObject("Object Repository/Page_The Story and Evolution of Doodles - G_6e786d/h1_The story behind Doodles")): Object 'Object Repository/Page_The Story and Evolution of Doodles - G_6e786d/h1_The story behind Doodles' is visible

17-06-2024T18:47:07 - [MESSAGE][PASSED] - Object 'Object Repository/Page_The Story and Evolution of Doodles - G_6e786d/h1_The story behind Doodles' is visible

17-06-2024T18:47:07 - [TEST_STEP][PASSED] - verifyElementVisible(findTestObject("Object Repository/Page_The Story and Evolution of Doodles - G_6e786d/p_The first Doodle was a simple out-of-offi_345e61")): Object 'Object Repository/Page_The Story and Evolution of Doodles - G_6e786d/p_The first Doodle was a simple out-of-offi_345e61' is visible

17-06-2024T18:47:07 - [MESSAGE][PASSED] - Object 'Object Repository/Page_The Story and Evolution of Doodles - G_6e786d/p_The first Doodle was a simple out-of-offi_345e61' is visible

17-06-2024T18:47:07 - [TEST_STEP][PASSED] - verifyElementVisible(findTestObject("Object Repository/Page_The Story and Evolution of Doodles - G_6e786d/h2_Weve created more than 5,000 Doodles ove_111429")): Object 'Object Repository/Page_The Story and Evolution of Doodles - G_6e786d/h2_Weve created more than 5,000 Doodles ove_111429' is visible

17-06-2024T18:47:08 - [MESSAGE][PASSED] - Object 'Object Repository/Page_The Story and Evolution of Doodles - G_6e786d/h2_Weve created more than 5,000 Doodles ove_111429' is visible

17-06-2024T18:47:08 - [TEST_STEP][PASSED] - click(findTestObject("Object Repository/Page_The Story and Evolution of Doodles - G_6e786d/p_The first Doodle was a simple out-of-offi_345e61")): Object: 'Object Repository/Page_The Story and Evolution of Doodles - G_6e786d/p_The first Doodle was a simple out-of-offi_345e61' is clicked on

17-06-2024T18:47:08 - [MESSAGE][PASSED] - Object: 'Object Repository/Page_The Story and Evolution of Doodles - G_6e786d/p_The first Doodle was a simple out-of-offi_345e61' is clicked on

17-06-2024T18:47:08 - [TEST_STEP][PASSED] - verifyElementVisible(findTestObject("Object Repository/Page_The Story and Evolution of Doodles - G_6e786d/h1_The story behind Doodles")): Object 'Object Repository/Page_The Story and Evolution of Doodles - G_6e786d/h1_The story behind Doodles' is visible

17-06-2024T18:47:09 - [MESSAGE][PASSED] - Object 'Object Repository/Page_The Story and Evolution of Doodles - G_6e786d/h1_The story behind Doodles' is visible

17-06-2024T18:47:09 - [TEST_STEP][PASSED] - verifyElementVisible(findTestObject("Object Repository/Page_The Story and Evolution of Doodles - G_6e786d/p_The first Doodle was a simple out-of-offi_345e61")): Object 'Object Repository/Page_The Story and Evolution of Doodles - G_6e786d/p_The first Doodle was a simple out-of-offi_345e61' is visible

17-06-2024T18:47:09 - [MESSAGE][PASSED] - Object 'Object Repository/Page_The Story and Evolution of Doodles - G_6e786d/p_The first Doodle was a simple out-of-offi_345e61' is visible

17-06-2024T18:47:09 - [TEST_STEP][PASSED] - verifyElementVisible(findTestObject("Object Repository/Page_The Story and Evolution of Doodles - G_6e786d/h2_Weve created more than 5,000 Doodles ove_111429")): Object 'Object Repository/Page_The Story and Evolution of Doodles - G_6e786d/h2_Weve created more than 5,000 Doodles ove_111429' is visible

17-06-2024T18:47:09 - [MESSAGE][PASSED] - Object 'Object Repository/Page_The Story and Evolution of Doodles - G_6e786d/h2_Weve created more than 5,000 Doodles ove_111429' is visible

17-06-2024T18:47:09 - [TEST_STEP][PASSED] - click(findTestObject("Object Repository/Page_The Story and Evolution of Doodles - G_6e786d/p_The first Doodle was a simple out-of-offi_345e61")): Object: 'Object Repository/Page_The Story and Evolution of Doodles - G_6e786d/p_The first Doodle was a simple out-of-offi_345e61' is clicked on

17-06-2024T18:47:09 - [MESSAGE][PASSED] - Object: 'Object Repository/Page_The Story and Evolution of Doodles - G_6e786d/p_The first Doodle was a simple out-of-offi_345e61' is clicked on

17-06-2024T18:47:09 - [TEST_STEP][PASSED] - verifyElementVisible(findTestObject("Object Repository/Page_The Story and Evolution of Doodles - G_6e786d/h1_The story behind Doodles")): Object 'Object Repository/Page_The Story and Evolution of Doodles - G_6e786d/h1_The story behind Doodles' is visible

17-06-2024T18:47:10 - [MESSAGE][PASSED] - Object 'Object Repository/Page_The Story and Evolution of Doodles - G_6e786d/h1_The story behind Doodles' is visible

17-06-2024T18:47:10 - [TEST_STEP][PASSED] - verifyElementVisible(findTestObject("Object Repository/Page_The Story and Evolution of Doodles - G_6e786d/p_The first Doodle was a simple out-of-offi_345e61")): Object 'Object Repository/Page_The Story and Evolution of Doodles - G_6e786d/p_The first Doodle was a simple out-of-offi_345e61' is visible

17-06-2024T18:47:10 - [MESSAGE][PASSED] - Object 'Object Repository/Page_The Story and Evolution of Doodles - G_6e786d/p_The first Doodle was a simple out-of-offi_345e61' is visible

17-06-2024T18:47:10 - [TEST_STEP][PASSED] - verifyElementVisible(findTestObject("Object Repository/Page_The Story and Evolution of Doodles - G_6e786d/h2_Weve created more than 5,000 Doodles ove_111429")): Object 'Object Repository/Page_The Story and Evolution of Doodles - G_6e786d/h2_Weve created more than 5,000 Doodles ove_111429' is visible

17-06-2024T18:47:10 - [MESSAGE][PASSED] - Object 'Object Repository/Page_The Story and Evolution of Doodles - G_6e786d/h2_Weve created more than 5,000 Doodles ove_111429' is visible

17-06-2024T18:47:10 - [TEST_STEP][PASSED] - click(findTestObject("Object Repository/Page_The Story and Evolution of Doodles - G_6e786d/p_The first Doodle was a simple out-of-offi_345e61")): Object: 'Object Repository/Page_The Story and Evolution of Doodles - G_6e786d/p_The first Doodle was a simple out-of-offi_345e61' is clicked on

17-06-2024T18:47:11 - [MESSAGE][PASSED] - Object: 'Object Repository/Page_The Story and Evolution of Doodles - G_6e786d/p_The first Doodle was a simple out-of-offi_345e61' is clicked on

17-06-2024T18:47:11 - [TEST_STEP][PASSED] - verifyElementVisible(findTestObject("Object Repository/Page_The Story and Evolution of Doodles - G_6e786d/h1_The story behind Doodles")): Object 'Object Repository/Page_The Story and Evolution of Doodles - G_6e786d/h1_The story behind Doodles' is visible

17-06-2024T18:47:11 - [MESSAGE][PASSED] - Object 'Object Repository/Page_The Story and Evolution of Doodles - G_6e786d/h1_The story behind Doodles' is visible

17-06-2024T18:47:11 - [TEST_STEP][PASSED] - verifyElementVisible(findTestObject("Object Repository/Page_The Story and Evolution of Doodles - G_6e786d/p_The first Doodle was a simple out-of-offi_345e61")): Object 'Object Repository/Page_The Story and Evolution of Doodles - G_6e786d/p_The first Doodle was a simple out-of-offi_345e61' is visible

17-06-2024T18:47:11 - [MESSAGE][PASSED] - Object 'Object Repository/Page_The Story and Evolution of Doodles - G_6e786d/p_The first Doodle was a simple out-of-offi_345e61' is visible

17-06-2024T18:47:11 - [TEST_STEP][PASSED] - verifyElementVisible(findTestObject("Object Repository/Page_The Story and Evolution of Doodles - G_6e786d/h2_Weve created more than 5,000 Doodles ove_111429")): Object 'Object Repository/Page_The Story and Evolution of Doodles - G_6e786d/h2_Weve created more than 5,000 Doodles ove_111429' is visible

17-06-2024T18:47:12 - [MESSAGE][PASSED] - Object 'Object Repository/Page_The Story and Evolution of Doodles - G_6e786d/h2_Weve created more than 5,000 Doodles ove_111429' is visible

17-06-2024T18:47:12 - [TEST_STEP][PASSED] - click(findTestObject("Object Repository/Page_The Story and Evolution of Doodles - G_6e786d/p_The first Doodle was a simple out-of-offi_345e61")): Object: 'Object Repository/Page_The Story and Evolution of Doodles - G_6e786d/p_The first Doodle was a simple out-of-offi_345e61' is clicked on

17-06-2024T18:47:12 - [MESSAGE][PASSED] - Object: 'Object Repository/Page_The Story and Evolution of Doodles - G_6e786d/p_The first Doodle was a simple out-of-offi_345e61' is clicked on

17-06-2024T18:47:12 - [TEST_STEP][PASSED] - verifyElementVisible(findTestObject("Object Repository/Page_The Story and Evolution of Doodles - G_6e786d/h1_The story behind Doodles")): Object 'Object Repository/Page_The Story and Evolution of Doodles - G_6e786d/h1_The story behind Doodles' is visible

17-06-2024T18:47:12 - [MESSAGE][PASSED] - Object 'Object Repository/Page_The Story and Evolution of Doodles - G_6e786d/h1_The story behind Doodles' is visible

17-06-2024T18:47:12 - [TEST_STEP][PASSED] - verifyElementVisible(findTestObject("Object Repository/Page_The Story and Evolution of Doodles - G_6e786d/p_The first Doodle was a simple out-of-offi_345e61")): Object 'Object Repository/Page_The Story and Evolution of Doodles - G_6e786d/p_The first Doodle was a simple out-of-offi_345e61' is visible

17-06-2024T18:47:13 - [MESSAGE][PASSED] - Object 'Object Repository/Page_The Story and Evolution of Doodles - G_6e786d/p_The first Doodle was a simple out-of-offi_345e61' is visible

17-06-2024T18:47:13 - [TEST_STEP][PASSED] - verifyElementVisible(findTestObject("Object Repository/Page_The Story and Evolution of Doodles - G_6e786d/h2_Weve created more than 5,000 Doodles ove_111429")): Object 'Object Repository/Page_The Story and Evolution of Doodles - G_6e786d/h2_Weve created more than 5,000 Doodles ove_111429' is visible

17-06-2024T18:47:13 - [MESSAGE][PASSED] - Object 'Object Repository/Page_The Story and Evolution of Doodles - G_6e786d/h2_Weve created more than 5,000 Doodles ove_111429' is visible

17-06-2024T18:47:13 - [TEST_STEP][PASSED] - click(findTestObject("Object Repository/Page_The Story and Evolution of Doodles - G_6e786d/p_The first Doodle was a simple out-of-offi_345e61")): Object: 'Object Repository/Page_The Story and Evolution of Doodles - G_6e786d/p_The first Doodle was a simple out-of-offi_345e61' is clicked on

17-06-2024T18:47:13 - [MESSAGE][PASSED] - Object: 'Object Repository/Page_The Story and Evolution of Doodles - G_6e786d/p_The first Doodle was a simple out-of-offi_345e61' is clicked on

17-06-2024T18:47:13 - [TEST_STEP][PASSED] - verifyElementVisible(findTestObject("Object Repository/Page_The Story and Evolution of Doodles - G_6e786d/h1_The story behind Doodles")): Object 'Object Repository/Page_The Story and Evolution of Doodles - G_6e786d/h1_The story behind Doodles' is visible

17-06-2024T18:47:14 - [MESSAGE][PASSED] - Object 'Object Repository/Page_The Story and Evolution of Doodles - G_6e786d/h1_The story behind Doodles' is visible

17-06-2024T18:47:14 - [TEST_STEP][PASSED] - verifyElementVisible(findTestObject("Object Repository/Page_The Story and Evolution of Doodles - G_6e786d/p_The first Doodle was a simple out-of-offi_345e61")): Object 'Object Repository/Page_The Story and Evolution of Doodles - G_6e786d/p_The first Doodle was a simple out-of-offi_345e61' is visible

17-06-2024T18:47:14 - [MESSAGE][PASSED] - Object 'Object Repository/Page_The Story and Evolution of Doodles - G_6e786d/p_The first Doodle was a simple out-of-offi_345e61' is visible

17-06-2024T18:47:14 - [TEST_STEP][PASSED] - verifyElementVisible(findTestObject("Object Repository/Page_The Story and Evolution of Doodles - G_6e786d/h2_Weve created more than 5,000 Doodles ove_111429")): Object 'Object Repository/Page_The Story and Evolution of Doodles - G_6e786d/h2_Weve created more than 5,000 Doodles ove_111429' is visible

17-06-2024T18:47:14 - [MESSAGE][PASSED] - Object 'Object Repository/Page_The Story and Evolution of Doodles - G_6e786d/h2_Weve created more than 5,000 Doodles ove_111429' is visible

17-06-2024T18:47:14 - [TEST_STEP][PASSED] - click(findTestObject("Object Repository/Page_The Story and Evolution of Doodles - G_6e786d/p_The first Doodle was a simple out-of-offi_345e61")): Object: 'Object Repository/Page_The Story and Evolution of Doodles - G_6e786d/p_The first Doodle was a simple out-of-offi_345e61' is clicked on

17-06-2024T18:47:15 - [MESSAGE][PASSED] - Object: 'Object Repository/Page_The Story and Evolution of Doodles - G_6e786d/p_The first Doodle was a simple out-of-offi_345e61' is clicked on

17-06-2024T18:47:15 - [TEST_STEP][PASSED] - verifyElementVisible(findTestObject("Object Repository/Page_The Story and Evolution of Doodles - G_6e786d/h1_The story behind Doodles")): Object 'Object Repository/Page_The Story and Evolution of Doodles - G_6e786d/h1_The story behind Doodles' is visible

17-06-2024T18:47:15 - [MESSAGE][PASSED] - Object 'Object Repository/Page_The Story and Evolution of Doodles - G_6e786d/h1_The story behind Doodles' is visible

17-06-2024T18:47:15 - [TEST_STEP][PASSED] - verifyElementVisible(findTestObject("Object Repository/Page_The Story and Evolution of Doodles - G_6e786d/p_The first Doodle was a simple out-of-offi_345e61")): Object 'Object Repository/Page_The Story and Evolution of Doodles - G_6e786d/p_The first Doodle was a simple out-of-offi_345e61' is visible

17-06-2024T18:47:15 - [MESSAGE][PASSED] - Object 'Object Repository/Page_The Story and Evolution of Doodles - G_6e786d/p_The first Doodle was a simple out-of-offi_345e61' is visible

17-06-2024T18:47:15 - [TEST_STEP][PASSED] - verifyElementVisible(findTestObject("Object Repository/Page_The Story and Evolution of Doodles - G_6e786d/h2_Weve created more than 5,000 Doodles ove_111429")): Object 'Object Repository/Page_The Story and Evolution of Doodles - G_6e786d/h2_Weve created more than 5,000 Doodles ove_111429' is visible

17-06-2024T18:47:16 - [MESSAGE][PASSED] - Object 'Object Repository/Page_The Story and Evolution of Doodles - G_6e786d/h2_Weve created more than 5,000 Doodles ove_111429' is visible

17-06-2024T18:47:16 - [TEST_STEP][PASSED] - click(findTestObject("Object Repository/Page_The Story and Evolution of Doodles - G_6e786d/p_The first Doodle was a simple out-of-offi_345e61")): Object: 'Object Repository/Page_The Story and Evolution of Doodles - G_6e786d/p_The first Doodle was a simple out-of-offi_345e61' is clicked on

17-06-2024T18:47:16 - [MESSAGE][PASSED] - Object: 'Object Repository/Page_The Story and Evolution of Doodles - G_6e786d/p_The first Doodle was a simple out-of-offi_345e61' is clicked on

17-06-2024T18:47:16 - [TEST_STEP][PASSED] - verifyElementVisible(findTestObject("Object Repository/Page_The Story and Evolution of Doodles - G_6e786d/h1_The story behind Doodles")): Object 'Object Repository/Page_The Story and Evolution of Doodles - G_6e786d/h1_The story behind Doodles' is visible

17-06-2024T18:47:16 - [MESSAGE][PASSED] - Object 'Object Repository/Page_The Story and Evolution of Doodles - G_6e786d/h1_The story behind Doodles' is visible

17-06-2024T18:47:16 - [TEST_STEP][PASSED] - verifyElementVisible(findTestObject("Object Repository/Page_The Story and Evolution of Doodles - G_6e786d/p_The first Doodle was a simple out-of-offi_345e61")): Object 'Object Repository/Page_The Story and Evolution of Doodles - G_6e786d/p_The first Doodle was a simple out-of-offi_345e61' is visible

17-06-2024T18:47:17 - [MESSAGE][PASSED] - Object 'Object Repository/Page_The Story and Evolution of Doodles - G_6e786d/p_The first Doodle was a simple out-of-offi_345e61' is visible

17-06-2024T18:47:17 - [TEST_STEP][PASSED] - verifyElementVisible(findTestObject("Object Repository/Page_The Story and Evolution of Doodles - G_6e786d/h2_Weve created more than 5,000 Doodles ove_111429")): Object 'Object Repository/Page_The Story and Evolution of Doodles - G_6e786d/h2_Weve created more than 5,000 Doodles ove_111429' is visible

17-06-2024T18:47:17 - [MESSAGE][PASSED] - Object 'Object Repository/Page_The Story and Evolution of Doodles - G_6e786d/h2_Weve created more than 5,000 Doodles ove_111429' is visible]]></system-out>
         <system-err><![CDATA[]]></system-err>
      </testcase>
      <testcase name="Test Cases/test case folder 1/tc1 - Copy (4) - Copy (5)" time="19.298" classname="Test Cases/test case folder 1/tc1 - Copy (4) - Copy (5)" status="PASSED">
         <system-out><![CDATA[17-06-2024T18:47:17 - [TEST_CASE][PASSED] - Test Cases/test case folder 1/tc1 - Copy (4) - Copy (5): Test Cases/test case folder 1/tc1 - Copy (4) - Copy (5)

17-06-2024T18:47:17 - [TEST_STEP][PASSED] - openBrowser(""): Browser is opened with url: ''

17-06-2024T18:47:17 - [MESSAGE][WARNING] - A browser is already opened. Closing browser and opening a new one

17-06-2024T18:47:17 - [MESSAGE][INFO] - Starting 'Chrome (headless)' driver

17-06-2024T18:47:17 - [MESSAGE][INFO] - Action delay is set to 0 milliseconds

17-06-2024T18:47:19 - [MESSAGE][PASSED] - Browser is opened with url: ''

17-06-2024T18:47:19 - [TEST_STEP][PASSED] - navigateToUrl("https://doodles.google/about/"): Navigate to 'https://doodles.google/about/' successfully

17-06-2024T18:47:22 - [MESSAGE][PASSED] - Navigate to 'https://doodles.google/about/' successfully

17-06-2024T18:47:22 - [TEST_STEP][PASSED] - click(findTestObject("Object Repository/Page_The Story and Evolution of Doodles - G_6e786d/p_The first Doodle was a simple out-of-offi_345e61")): Object: 'Object Repository/Page_The Story and Evolution of Doodles - G_6e786d/p_The first Doodle was a simple out-of-offi_345e61' is clicked on

17-06-2024T18:47:22 - [MESSAGE][PASSED] - Object: 'Object Repository/Page_The Story and Evolution of Doodles - G_6e786d/p_The first Doodle was a simple out-of-offi_345e61' is clicked on

17-06-2024T18:47:22 - [TEST_STEP][PASSED] - click(findTestObject("Object Repository/Page_The Story and Evolution of Doodles - G_6e786d/p_The first Doodle was a simple out-of-offi_345e61")): Object: 'Object Repository/Page_The Story and Evolution of Doodles - G_6e786d/p_The first Doodle was a simple out-of-offi_345e61' is clicked on

17-06-2024T18:47:22 - [MESSAGE][PASSED] - Object: 'Object Repository/Page_The Story and Evolution of Doodles - G_6e786d/p_The first Doodle was a simple out-of-offi_345e61' is clicked on

17-06-2024T18:47:22 - [TEST_STEP][PASSED] - verifyElementVisible(findTestObject("Object Repository/Page_The Story and Evolution of Doodles - G_6e786d/h1_The story behind Doodles")): Object 'Object Repository/Page_The Story and Evolution of Doodles - G_6e786d/h1_The story behind Doodles' is visible

17-06-2024T18:47:23 - [MESSAGE][PASSED] - Object 'Object Repository/Page_The Story and Evolution of Doodles - G_6e786d/h1_The story behind Doodles' is visible

17-06-2024T18:47:23 - [TEST_STEP][PASSED] - verifyElementVisible(findTestObject("Object Repository/Page_The Story and Evolution of Doodles - G_6e786d/p_The first Doodle was a simple out-of-offi_345e61")): Object 'Object Repository/Page_The Story and Evolution of Doodles - G_6e786d/p_The first Doodle was a simple out-of-offi_345e61' is visible

17-06-2024T18:47:23 - [MESSAGE][PASSED] - Object 'Object Repository/Page_The Story and Evolution of Doodles - G_6e786d/p_The first Doodle was a simple out-of-offi_345e61' is visible

17-06-2024T18:47:23 - [TEST_STEP][PASSED] - verifyElementVisible(findTestObject("Object Repository/Page_The Story and Evolution of Doodles - G_6e786d/h2_Weve created more than 5,000 Doodles ove_111429")): Object 'Object Repository/Page_The Story and Evolution of Doodles - G_6e786d/h2_Weve created more than 5,000 Doodles ove_111429' is visible

17-06-2024T18:47:24 - [MESSAGE][PASSED] - Object 'Object Repository/Page_The Story and Evolution of Doodles - G_6e786d/h2_Weve created more than 5,000 Doodles ove_111429' is visible

17-06-2024T18:47:24 - [TEST_STEP][PASSED] - verifyElementVisible(findTestObject("Object Repository/Page_The Story and Evolution of Doodles - G_6e786d/h1_The story behind Doodles")): Object 'Object Repository/Page_The Story and Evolution of Doodles - G_6e786d/h1_The story behind Doodles' is visible

17-06-2024T18:47:24 - [MESSAGE][PASSED] - Object 'Object Repository/Page_The Story and Evolution of Doodles - G_6e786d/h1_The story behind Doodles' is visible

17-06-2024T18:47:24 - [TEST_STEP][PASSED] - verifyElementVisible(findTestObject("Object Repository/Page_The Story and Evolution of Doodles - G_6e786d/p_The first Doodle was a simple out-of-offi_345e61")): Object 'Object Repository/Page_The Story and Evolution of Doodles - G_6e786d/p_The first Doodle was a simple out-of-offi_345e61' is visible

17-06-2024T18:47:24 - [MESSAGE][PASSED] - Object 'Object Repository/Page_The Story and Evolution of Doodles - G_6e786d/p_The first Doodle was a simple out-of-offi_345e61' is visible

17-06-2024T18:47:24 - [TEST_STEP][PASSED] - verifyElementVisible(findTestObject("Object Repository/Page_The Story and Evolution of Doodles - G_6e786d/h2_Weve created more than 5,000 Doodles ove_111429")): Object 'Object Repository/Page_The Story and Evolution of Doodles - G_6e786d/h2_Weve created more than 5,000 Doodles ove_111429' is visible

17-06-2024T18:47:24 - [MESSAGE][PASSED] - Object 'Object Repository/Page_The Story and Evolution of Doodles - G_6e786d/h2_Weve created more than 5,000 Doodles ove_111429' is visible

17-06-2024T18:47:24 - [TEST_STEP][PASSED] - click(findTestObject("Object Repository/Page_The Story and Evolution of Doodles - G_6e786d/p_The first Doodle was a simple out-of-offi_345e61")): Object: 'Object Repository/Page_The Story and Evolution of Doodles - G_6e786d/p_The first Doodle was a simple out-of-offi_345e61' is clicked on

17-06-2024T18:47:25 - [MESSAGE][PASSED] - Object: 'Object Repository/Page_The Story and Evolution of Doodles - G_6e786d/p_The first Doodle was a simple out-of-offi_345e61' is clicked on

17-06-2024T18:47:25 - [TEST_STEP][PASSED] - verifyElementVisible(findTestObject("Object Repository/Page_The Story and Evolution of Doodles - G_6e786d/h1_The story behind Doodles")): Object 'Object Repository/Page_The Story and Evolution of Doodles - G_6e786d/h1_The story behind Doodles' is visible

17-06-2024T18:47:25 - [MESSAGE][PASSED] - Object 'Object Repository/Page_The Story and Evolution of Doodles - G_6e786d/h1_The story behind Doodles' is visible

17-06-2024T18:47:25 - [TEST_STEP][PASSED] - verifyElementVisible(findTestObject("Object Repository/Page_The Story and Evolution of Doodles - G_6e786d/p_The first Doodle was a simple out-of-offi_345e61")): Object 'Object Repository/Page_The Story and Evolution of Doodles - G_6e786d/p_The first Doodle was a simple out-of-offi_345e61' is visible

17-06-2024T18:47:25 - [MESSAGE][PASSED] - Object 'Object Repository/Page_The Story and Evolution of Doodles - G_6e786d/p_The first Doodle was a simple out-of-offi_345e61' is visible

17-06-2024T18:47:25 - [TEST_STEP][PASSED] - verifyElementVisible(findTestObject("Object Repository/Page_The Story and Evolution of Doodles - G_6e786d/h2_Weve created more than 5,000 Doodles ove_111429")): Object 'Object Repository/Page_The Story and Evolution of Doodles - G_6e786d/h2_Weve created more than 5,000 Doodles ove_111429' is visible

17-06-2024T18:47:26 - [MESSAGE][PASSED] - Object 'Object Repository/Page_The Story and Evolution of Doodles - G_6e786d/h2_Weve created more than 5,000 Doodles ove_111429' is visible

17-06-2024T18:47:26 - [TEST_STEP][PASSED] - click(findTestObject("Object Repository/Page_The Story and Evolution of Doodles - G_6e786d/p_The first Doodle was a simple out-of-offi_345e61")): Object: 'Object Repository/Page_The Story and Evolution of Doodles - G_6e786d/p_The first Doodle was a simple out-of-offi_345e61' is clicked on

17-06-2024T18:47:26 - [MESSAGE][PASSED] - Object: 'Object Repository/Page_The Story and Evolution of Doodles - G_6e786d/p_The first Doodle was a simple out-of-offi_345e61' is clicked on

17-06-2024T18:47:26 - [TEST_STEP][PASSED] - verifyElementVisible(findTestObject("Object Repository/Page_The Story and Evolution of Doodles - G_6e786d/h1_The story behind Doodles")): Object 'Object Repository/Page_The Story and Evolution of Doodles - G_6e786d/h1_The story behind Doodles' is visible

17-06-2024T18:47:27 - [MESSAGE][PASSED] - Object 'Object Repository/Page_The Story and Evolution of Doodles - G_6e786d/h1_The story behind Doodles' is visible

17-06-2024T18:47:27 - [TEST_STEP][PASSED] - verifyElementVisible(findTestObject("Object Repository/Page_The Story and Evolution of Doodles - G_6e786d/p_The first Doodle was a simple out-of-offi_345e61")): Object 'Object Repository/Page_The Story and Evolution of Doodles - G_6e786d/p_The first Doodle was a simple out-of-offi_345e61' is visible

17-06-2024T18:47:27 - [MESSAGE][PASSED] - Object 'Object Repository/Page_The Story and Evolution of Doodles - G_6e786d/p_The first Doodle was a simple out-of-offi_345e61' is visible

17-06-2024T18:47:27 - [TEST_STEP][PASSED] - verifyElementVisible(findTestObject("Object Repository/Page_The Story and Evolution of Doodles - G_6e786d/h2_Weve created more than 5,000 Doodles ove_111429")): Object 'Object Repository/Page_The Story and Evolution of Doodles - G_6e786d/h2_Weve created more than 5,000 Doodles ove_111429' is visible

17-06-2024T18:47:27 - [MESSAGE][PASSED] - Object 'Object Repository/Page_The Story and Evolution of Doodles - G_6e786d/h2_Weve created more than 5,000 Doodles ove_111429' is visible

17-06-2024T18:47:27 - [TEST_STEP][PASSED] - click(findTestObject("Object Repository/Page_The Story and Evolution of Doodles - G_6e786d/p_The first Doodle was a simple out-of-offi_345e61")): Object: 'Object Repository/Page_The Story and Evolution of Doodles - G_6e786d/p_The first Doodle was a simple out-of-offi_345e61' is clicked on

17-06-2024T18:47:28 - [MESSAGE][PASSED] - Object: 'Object Repository/Page_The Story and Evolution of Doodles - G_6e786d/p_The first Doodle was a simple out-of-offi_345e61' is clicked on

17-06-2024T18:47:28 - [TEST_STEP][PASSED] - verifyElementVisible(findTestObject("Object Repository/Page_The Story and Evolution of Doodles - G_6e786d/h1_The story behind Doodles")): Object 'Object Repository/Page_The Story and Evolution of Doodles - G_6e786d/h1_The story behind Doodles' is visible

17-06-2024T18:47:28 - [MESSAGE][PASSED] - Object 'Object Repository/Page_The Story and Evolution of Doodles - G_6e786d/h1_The story behind Doodles' is visible

17-06-2024T18:47:28 - [TEST_STEP][PASSED] - verifyElementVisible(findTestObject("Object Repository/Page_The Story and Evolution of Doodles - G_6e786d/p_The first Doodle was a simple out-of-offi_345e61")): Object 'Object Repository/Page_The Story and Evolution of Doodles - G_6e786d/p_The first Doodle was a simple out-of-offi_345e61' is visible

17-06-2024T18:47:28 - [MESSAGE][PASSED] - Object 'Object Repository/Page_The Story and Evolution of Doodles - G_6e786d/p_The first Doodle was a simple out-of-offi_345e61' is visible

17-06-2024T18:47:28 - [TEST_STEP][PASSED] - verifyElementVisible(findTestObject("Object Repository/Page_The Story and Evolution of Doodles - G_6e786d/h2_Weve created more than 5,000 Doodles ove_111429")): Object 'Object Repository/Page_The Story and Evolution of Doodles - G_6e786d/h2_Weve created more than 5,000 Doodles ove_111429' is visible

17-06-2024T18:47:28 - [MESSAGE][PASSED] - Object 'Object Repository/Page_The Story and Evolution of Doodles - G_6e786d/h2_Weve created more than 5,000 Doodles ove_111429' is visible

17-06-2024T18:47:28 - [TEST_STEP][PASSED] - click(findTestObject("Object Repository/Page_The Story and Evolution of Doodles - G_6e786d/p_The first Doodle was a simple out-of-offi_345e61")): Object: 'Object Repository/Page_The Story and Evolution of Doodles - G_6e786d/p_The first Doodle was a simple out-of-offi_345e61' is clicked on

17-06-2024T18:47:29 - [MESSAGE][PASSED] - Object: 'Object Repository/Page_The Story and Evolution of Doodles - G_6e786d/p_The first Doodle was a simple out-of-offi_345e61' is clicked on

17-06-2024T18:47:29 - [TEST_STEP][PASSED] - verifyElementVisible(findTestObject("Object Repository/Page_The Story and Evolution of Doodles - G_6e786d/h1_The story behind Doodles")): Object 'Object Repository/Page_The Story and Evolution of Doodles - G_6e786d/h1_The story behind Doodles' is visible

17-06-2024T18:47:29 - [MESSAGE][PASSED] - Object 'Object Repository/Page_The Story and Evolution of Doodles - G_6e786d/h1_The story behind Doodles' is visible

17-06-2024T18:47:29 - [TEST_STEP][PASSED] - verifyElementVisible(findTestObject("Object Repository/Page_The Story and Evolution of Doodles - G_6e786d/p_The first Doodle was a simple out-of-offi_345e61")): Object 'Object Repository/Page_The Story and Evolution of Doodles - G_6e786d/p_The first Doodle was a simple out-of-offi_345e61' is visible

17-06-2024T18:47:29 - [MESSAGE][PASSED] - Object 'Object Repository/Page_The Story and Evolution of Doodles - G_6e786d/p_The first Doodle was a simple out-of-offi_345e61' is visible

17-06-2024T18:47:29 - [TEST_STEP][PASSED] - verifyElementVisible(findTestObject("Object Repository/Page_The Story and Evolution of Doodles - G_6e786d/h2_Weve created more than 5,000 Doodles ove_111429")): Object 'Object Repository/Page_The Story and Evolution of Doodles - G_6e786d/h2_Weve created more than 5,000 Doodles ove_111429' is visible

17-06-2024T18:47:30 - [MESSAGE][PASSED] - Object 'Object Repository/Page_The Story and Evolution of Doodles - G_6e786d/h2_Weve created more than 5,000 Doodles ove_111429' is visible

17-06-2024T18:47:30 - [TEST_STEP][PASSED] - click(findTestObject("Object Repository/Page_The Story and Evolution of Doodles - G_6e786d/p_The first Doodle was a simple out-of-offi_345e61")): Object: 'Object Repository/Page_The Story and Evolution of Doodles - G_6e786d/p_The first Doodle was a simple out-of-offi_345e61' is clicked on

17-06-2024T18:47:30 - [MESSAGE][PASSED] - Object: 'Object Repository/Page_The Story and Evolution of Doodles - G_6e786d/p_The first Doodle was a simple out-of-offi_345e61' is clicked on

17-06-2024T18:47:30 - [TEST_STEP][PASSED] - verifyElementVisible(findTestObject("Object Repository/Page_The Story and Evolution of Doodles - G_6e786d/h1_The story behind Doodles")): Object 'Object Repository/Page_The Story and Evolution of Doodles - G_6e786d/h1_The story behind Doodles' is visible

17-06-2024T18:47:30 - [MESSAGE][PASSED] - Object 'Object Repository/Page_The Story and Evolution of Doodles - G_6e786d/h1_The story behind Doodles' is visible

17-06-2024T18:47:30 - [TEST_STEP][PASSED] - verifyElementVisible(findTestObject("Object Repository/Page_The Story and Evolution of Doodles - G_6e786d/p_The first Doodle was a simple out-of-offi_345e61")): Object 'Object Repository/Page_The Story and Evolution of Doodles - G_6e786d/p_The first Doodle was a simple out-of-offi_345e61' is visible

17-06-2024T18:47:31 - [MESSAGE][PASSED] - Object 'Object Repository/Page_The Story and Evolution of Doodles - G_6e786d/p_The first Doodle was a simple out-of-offi_345e61' is visible

17-06-2024T18:47:31 - [TEST_STEP][PASSED] - verifyElementVisible(findTestObject("Object Repository/Page_The Story and Evolution of Doodles - G_6e786d/h2_Weve created more than 5,000 Doodles ove_111429")): Object 'Object Repository/Page_The Story and Evolution of Doodles - G_6e786d/h2_Weve created more than 5,000 Doodles ove_111429' is visible

17-06-2024T18:47:31 - [MESSAGE][PASSED] - Object 'Object Repository/Page_The Story and Evolution of Doodles - G_6e786d/h2_Weve created more than 5,000 Doodles ove_111429' is visible

17-06-2024T18:47:31 - [TEST_STEP][PASSED] - click(findTestObject("Object Repository/Page_The Story and Evolution of Doodles - G_6e786d/p_The first Doodle was a simple out-of-offi_345e61")): Object: 'Object Repository/Page_The Story and Evolution of Doodles - G_6e786d/p_The first Doodle was a simple out-of-offi_345e61' is clicked on

17-06-2024T18:47:31 - [MESSAGE][PASSED] - Object: 'Object Repository/Page_The Story and Evolution of Doodles - G_6e786d/p_The first Doodle was a simple out-of-offi_345e61' is clicked on

17-06-2024T18:47:31 - [TEST_STEP][PASSED] - verifyElementVisible(findTestObject("Object Repository/Page_The Story and Evolution of Doodles - G_6e786d/h1_The story behind Doodles")): Object 'Object Repository/Page_The Story and Evolution of Doodles - G_6e786d/h1_The story behind Doodles' is visible

17-06-2024T18:47:32 - [MESSAGE][PASSED] - Object 'Object Repository/Page_The Story and Evolution of Doodles - G_6e786d/h1_The story behind Doodles' is visible

17-06-2024T18:47:32 - [TEST_STEP][PASSED] - verifyElementVisible(findTestObject("Object Repository/Page_The Story and Evolution of Doodles - G_6e786d/p_The first Doodle was a simple out-of-offi_345e61")): Object 'Object Repository/Page_The Story and Evolution of Doodles - G_6e786d/p_The first Doodle was a simple out-of-offi_345e61' is visible

17-06-2024T18:47:32 - [MESSAGE][PASSED] - Object 'Object Repository/Page_The Story and Evolution of Doodles - G_6e786d/p_The first Doodle was a simple out-of-offi_345e61' is visible

17-06-2024T18:47:32 - [TEST_STEP][PASSED] - verifyElementVisible(findTestObject("Object Repository/Page_The Story and Evolution of Doodles - G_6e786d/h2_Weve created more than 5,000 Doodles ove_111429")): Object 'Object Repository/Page_The Story and Evolution of Doodles - G_6e786d/h2_Weve created more than 5,000 Doodles ove_111429' is visible

17-06-2024T18:47:32 - [MESSAGE][PASSED] - Object 'Object Repository/Page_The Story and Evolution of Doodles - G_6e786d/h2_Weve created more than 5,000 Doodles ove_111429' is visible

17-06-2024T18:47:32 - [TEST_STEP][PASSED] - click(findTestObject("Object Repository/Page_The Story and Evolution of Doodles - G_6e786d/p_The first Doodle was a simple out-of-offi_345e61")): Object: 'Object Repository/Page_The Story and Evolution of Doodles - G_6e786d/p_The first Doodle was a simple out-of-offi_345e61' is clicked on

17-06-2024T18:47:33 - [MESSAGE][PASSED] - Object: 'Object Repository/Page_The Story and Evolution of Doodles - G_6e786d/p_The first Doodle was a simple out-of-offi_345e61' is clicked on

17-06-2024T18:47:33 - [TEST_STEP][PASSED] - verifyElementVisible(findTestObject("Object Repository/Page_The Story and Evolution of Doodles - G_6e786d/h1_The story behind Doodles")): Object 'Object Repository/Page_The Story and Evolution of Doodles - G_6e786d/h1_The story behind Doodles' is visible

17-06-2024T18:47:33 - [MESSAGE][PASSED] - Object 'Object Repository/Page_The Story and Evolution of Doodles - G_6e786d/h1_The story behind Doodles' is visible

17-06-2024T18:47:33 - [TEST_STEP][PASSED] - verifyElementVisible(findTestObject("Object Repository/Page_The Story and Evolution of Doodles - G_6e786d/p_The first Doodle was a simple out-of-offi_345e61")): Object 'Object Repository/Page_The Story and Evolution of Doodles - G_6e786d/p_The first Doodle was a simple out-of-offi_345e61' is visible

17-06-2024T18:47:33 - [MESSAGE][PASSED] - Object 'Object Repository/Page_The Story and Evolution of Doodles - G_6e786d/p_The first Doodle was a simple out-of-offi_345e61' is visible

17-06-2024T18:47:33 - [TEST_STEP][PASSED] - verifyElementVisible(findTestObject("Object Repository/Page_The Story and Evolution of Doodles - G_6e786d/h2_Weve created more than 5,000 Doodles ove_111429")): Object 'Object Repository/Page_The Story and Evolution of Doodles - G_6e786d/h2_Weve created more than 5,000 Doodles ove_111429' is visible

17-06-2024T18:47:34 - [MESSAGE][PASSED] - Object 'Object Repository/Page_The Story and Evolution of Doodles - G_6e786d/h2_Weve created more than 5,000 Doodles ove_111429' is visible

17-06-2024T18:47:34 - [TEST_STEP][PASSED] - click(findTestObject("Object Repository/Page_The Story and Evolution of Doodles - G_6e786d/p_The first Doodle was a simple out-of-offi_345e61")): Object: 'Object Repository/Page_The Story and Evolution of Doodles - G_6e786d/p_The first Doodle was a simple out-of-offi_345e61' is clicked on

17-06-2024T18:47:34 - [MESSAGE][PASSED] - Object: 'Object Repository/Page_The Story and Evolution of Doodles - G_6e786d/p_The first Doodle was a simple out-of-offi_345e61' is clicked on

17-06-2024T18:47:34 - [TEST_STEP][PASSED] - verifyElementVisible(findTestObject("Object Repository/Page_The Story and Evolution of Doodles - G_6e786d/h1_The story behind Doodles")): Object 'Object Repository/Page_The Story and Evolution of Doodles - G_6e786d/h1_The story behind Doodles' is visible

17-06-2024T18:47:34 - [MESSAGE][PASSED] - Object 'Object Repository/Page_The Story and Evolution of Doodles - G_6e786d/h1_The story behind Doodles' is visible

17-06-2024T18:47:34 - [TEST_STEP][PASSED] - verifyElementVisible(findTestObject("Object Repository/Page_The Story and Evolution of Doodles - G_6e786d/p_The first Doodle was a simple out-of-offi_345e61")): Object 'Object Repository/Page_The Story and Evolution of Doodles - G_6e786d/p_The first Doodle was a simple out-of-offi_345e61' is visible

17-06-2024T18:47:35 - [MESSAGE][PASSED] - Object 'Object Repository/Page_The Story and Evolution of Doodles - G_6e786d/p_The first Doodle was a simple out-of-offi_345e61' is visible

17-06-2024T18:47:35 - [TEST_STEP][PASSED] - verifyElementVisible(findTestObject("Object Repository/Page_The Story and Evolution of Doodles - G_6e786d/h2_Weve created more than 5,000 Doodles ove_111429")): Object 'Object Repository/Page_The Story and Evolution of Doodles - G_6e786d/h2_Weve created more than 5,000 Doodles ove_111429' is visible

17-06-2024T18:47:35 - [MESSAGE][PASSED] - Object 'Object Repository/Page_The Story and Evolution of Doodles - G_6e786d/h2_Weve created more than 5,000 Doodles ove_111429' is visible

17-06-2024T18:47:35 - [TEST_STEP][PASSED] - click(findTestObject("Object Repository/Page_The Story and Evolution of Doodles - G_6e786d/p_The first Doodle was a simple out-of-offi_345e61")): Object: 'Object Repository/Page_The Story and Evolution of Doodles - G_6e786d/p_The first Doodle was a simple out-of-offi_345e61' is clicked on

17-06-2024T18:47:35 - [MESSAGE][PASSED] - Object: 'Object Repository/Page_The Story and Evolution of Doodles - G_6e786d/p_The first Doodle was a simple out-of-offi_345e61' is clicked on

17-06-2024T18:47:35 - [TEST_STEP][PASSED] - verifyElementVisible(findTestObject("Object Repository/Page_The Story and Evolution of Doodles - G_6e786d/h1_The story behind Doodles")): Object 'Object Repository/Page_The Story and Evolution of Doodles - G_6e786d/h1_The story behind Doodles' is visible

17-06-2024T18:47:36 - [MESSAGE][PASSED] - Object 'Object Repository/Page_The Story and Evolution of Doodles - G_6e786d/h1_The story behind Doodles' is visible

17-06-2024T18:47:36 - [TEST_STEP][PASSED] - verifyElementVisible(findTestObject("Object Repository/Page_The Story and Evolution of Doodles - G_6e786d/p_The first Doodle was a simple out-of-offi_345e61")): Object 'Object Repository/Page_The Story and Evolution of Doodles - G_6e786d/p_The first Doodle was a simple out-of-offi_345e61' is visible

17-06-2024T18:47:36 - [MESSAGE][PASSED] - Object 'Object Repository/Page_The Story and Evolution of Doodles - G_6e786d/p_The first Doodle was a simple out-of-offi_345e61' is visible

17-06-2024T18:47:36 - [TEST_STEP][PASSED] - verifyElementVisible(findTestObject("Object Repository/Page_The Story and Evolution of Doodles - G_6e786d/h2_Weve created more than 5,000 Doodles ove_111429")): Object 'Object Repository/Page_The Story and Evolution of Doodles - G_6e786d/h2_Weve created more than 5,000 Doodles ove_111429' is visible

17-06-2024T18:47:36 - [MESSAGE][PASSED] - Object 'Object Repository/Page_The Story and Evolution of Doodles - G_6e786d/h2_Weve created more than 5,000 Doodles ove_111429' is visible]]></system-out>
         <system-err><![CDATA[]]></system-err>
      </testcase>
      <testcase name="Test Cases/test case folder 1/tc1 - Copy (4) - Copy (6)" time="19.347" classname="Test Cases/test case folder 1/tc1 - Copy (4) - Copy (6)" status="PASSED">
         <system-out><![CDATA[17-06-2024T18:47:36 - [TEST_CASE][PASSED] - Test Cases/test case folder 1/tc1 - Copy (4) - Copy (6): Test Cases/test case folder 1/tc1 - Copy (4) - Copy (6)

17-06-2024T18:47:36 - [TEST_STEP][PASSED] - openBrowser(""): Browser is opened with url: ''

17-06-2024T18:47:36 - [MESSAGE][WARNING] - A browser is already opened. Closing browser and opening a new one

17-06-2024T18:47:37 - [MESSAGE][INFO] - Starting 'Chrome (headless)' driver

17-06-2024T18:47:37 - [MESSAGE][INFO] - Action delay is set to 0 milliseconds

17-06-2024T18:47:38 - [MESSAGE][PASSED] - Browser is opened with url: ''

17-06-2024T18:47:38 - [TEST_STEP][PASSED] - navigateToUrl("https://doodles.google/about/"): Navigate to 'https://doodles.google/about/' successfully

17-06-2024T18:47:41 - [MESSAGE][PASSED] - Navigate to 'https://doodles.google/about/' successfully

17-06-2024T18:47:41 - [TEST_STEP][PASSED] - click(findTestObject("Object Repository/Page_The Story and Evolution of Doodles - G_6e786d/p_The first Doodle was a simple out-of-offi_345e61")): Object: 'Object Repository/Page_The Story and Evolution of Doodles - G_6e786d/p_The first Doodle was a simple out-of-offi_345e61' is clicked on

17-06-2024T18:47:41 - [MESSAGE][PASSED] - Object: 'Object Repository/Page_The Story and Evolution of Doodles - G_6e786d/p_The first Doodle was a simple out-of-offi_345e61' is clicked on

17-06-2024T18:47:41 - [TEST_STEP][PASSED] - click(findTestObject("Object Repository/Page_The Story and Evolution of Doodles - G_6e786d/p_The first Doodle was a simple out-of-offi_345e61")): Object: 'Object Repository/Page_The Story and Evolution of Doodles - G_6e786d/p_The first Doodle was a simple out-of-offi_345e61' is clicked on

17-06-2024T18:47:41 - [MESSAGE][PASSED] - Object: 'Object Repository/Page_The Story and Evolution of Doodles - G_6e786d/p_The first Doodle was a simple out-of-offi_345e61' is clicked on

17-06-2024T18:47:41 - [TEST_STEP][PASSED] - verifyElementVisible(findTestObject("Object Repository/Page_The Story and Evolution of Doodles - G_6e786d/h1_The story behind Doodles")): Object 'Object Repository/Page_The Story and Evolution of Doodles - G_6e786d/h1_The story behind Doodles' is visible

17-06-2024T18:47:42 - [MESSAGE][PASSED] - Object 'Object Repository/Page_The Story and Evolution of Doodles - G_6e786d/h1_The story behind Doodles' is visible

17-06-2024T18:47:42 - [TEST_STEP][PASSED] - verifyElementVisible(findTestObject("Object Repository/Page_The Story and Evolution of Doodles - G_6e786d/p_The first Doodle was a simple out-of-offi_345e61")): Object 'Object Repository/Page_The Story and Evolution of Doodles - G_6e786d/p_The first Doodle was a simple out-of-offi_345e61' is visible

17-06-2024T18:47:42 - [MESSAGE][PASSED] - Object 'Object Repository/Page_The Story and Evolution of Doodles - G_6e786d/p_The first Doodle was a simple out-of-offi_345e61' is visible

17-06-2024T18:47:42 - [TEST_STEP][PASSED] - verifyElementVisible(findTestObject("Object Repository/Page_The Story and Evolution of Doodles - G_6e786d/h2_Weve created more than 5,000 Doodles ove_111429")): Object 'Object Repository/Page_The Story and Evolution of Doodles - G_6e786d/h2_Weve created more than 5,000 Doodles ove_111429' is visible

17-06-2024T18:47:42 - [MESSAGE][PASSED] - Object 'Object Repository/Page_The Story and Evolution of Doodles - G_6e786d/h2_Weve created more than 5,000 Doodles ove_111429' is visible

17-06-2024T18:47:42 - [TEST_STEP][PASSED] - verifyElementVisible(findTestObject("Object Repository/Page_The Story and Evolution of Doodles - G_6e786d/h1_The story behind Doodles")): Object 'Object Repository/Page_The Story and Evolution of Doodles - G_6e786d/h1_The story behind Doodles' is visible

17-06-2024T18:47:43 - [MESSAGE][PASSED] - Object 'Object Repository/Page_The Story and Evolution of Doodles - G_6e786d/h1_The story behind Doodles' is visible

17-06-2024T18:47:43 - [TEST_STEP][PASSED] - verifyElementVisible(findTestObject("Object Repository/Page_The Story and Evolution of Doodles - G_6e786d/p_The first Doodle was a simple out-of-offi_345e61")): Object 'Object Repository/Page_The Story and Evolution of Doodles - G_6e786d/p_The first Doodle was a simple out-of-offi_345e61' is visible

17-06-2024T18:47:43 - [MESSAGE][PASSED] - Object 'Object Repository/Page_The Story and Evolution of Doodles - G_6e786d/p_The first Doodle was a simple out-of-offi_345e61' is visible

17-06-2024T18:47:43 - [TEST_STEP][PASSED] - verifyElementVisible(findTestObject("Object Repository/Page_The Story and Evolution of Doodles - G_6e786d/h2_Weve created more than 5,000 Doodles ove_111429")): Object 'Object Repository/Page_The Story and Evolution of Doodles - G_6e786d/h2_Weve created more than 5,000 Doodles ove_111429' is visible

17-06-2024T18:47:43 - [MESSAGE][PASSED] - Object 'Object Repository/Page_The Story and Evolution of Doodles - G_6e786d/h2_Weve created more than 5,000 Doodles ove_111429' is visible

17-06-2024T18:47:43 - [TEST_STEP][PASSED] - click(findTestObject("Object Repository/Page_The Story and Evolution of Doodles - G_6e786d/p_The first Doodle was a simple out-of-offi_345e61")): Object: 'Object Repository/Page_The Story and Evolution of Doodles - G_6e786d/p_The first Doodle was a simple out-of-offi_345e61' is clicked on

17-06-2024T18:47:44 - [MESSAGE][PASSED] - Object: 'Object Repository/Page_The Story and Evolution of Doodles - G_6e786d/p_The first Doodle was a simple out-of-offi_345e61' is clicked on

17-06-2024T18:47:44 - [TEST_STEP][PASSED] - verifyElementVisible(findTestObject("Object Repository/Page_The Story and Evolution of Doodles - G_6e786d/h1_The story behind Doodles")): Object 'Object Repository/Page_The Story and Evolution of Doodles - G_6e786d/h1_The story behind Doodles' is visible

17-06-2024T18:47:44 - [MESSAGE][PASSED] - Object 'Object Repository/Page_The Story and Evolution of Doodles - G_6e786d/h1_The story behind Doodles' is visible

17-06-2024T18:47:44 - [TEST_STEP][PASSED] - verifyElementVisible(findTestObject("Object Repository/Page_The Story and Evolution of Doodles - G_6e786d/p_The first Doodle was a simple out-of-offi_345e61")): Object 'Object Repository/Page_The Story and Evolution of Doodles - G_6e786d/p_The first Doodle was a simple out-of-offi_345e61' is visible

17-06-2024T18:47:44 - [MESSAGE][PASSED] - Object 'Object Repository/Page_The Story and Evolution of Doodles - G_6e786d/p_The first Doodle was a simple out-of-offi_345e61' is visible

17-06-2024T18:47:44 - [TEST_STEP][PASSED] - verifyElementVisible(findTestObject("Object Repository/Page_The Story and Evolution of Doodles - G_6e786d/h2_Weve created more than 5,000 Doodles ove_111429")): Object 'Object Repository/Page_The Story and Evolution of Doodles - G_6e786d/h2_Weve created more than 5,000 Doodles ove_111429' is visible

17-06-2024T18:47:45 - [MESSAGE][PASSED] - Object 'Object Repository/Page_The Story and Evolution of Doodles - G_6e786d/h2_Weve created more than 5,000 Doodles ove_111429' is visible

17-06-2024T18:47:45 - [TEST_STEP][PASSED] - click(findTestObject("Object Repository/Page_The Story and Evolution of Doodles - G_6e786d/p_The first Doodle was a simple out-of-offi_345e61")): Object: 'Object Repository/Page_The Story and Evolution of Doodles - G_6e786d/p_The first Doodle was a simple out-of-offi_345e61' is clicked on

17-06-2024T18:47:45 - [MESSAGE][PASSED] - Object: 'Object Repository/Page_The Story and Evolution of Doodles - G_6e786d/p_The first Doodle was a simple out-of-offi_345e61' is clicked on

17-06-2024T18:47:45 - [TEST_STEP][PASSED] - verifyElementVisible(findTestObject("Object Repository/Page_The Story and Evolution of Doodles - G_6e786d/h1_The story behind Doodles")): Object 'Object Repository/Page_The Story and Evolution of Doodles - G_6e786d/h1_The story behind Doodles' is visible

17-06-2024T18:47:45 - [MESSAGE][PASSED] - Object 'Object Repository/Page_The Story and Evolution of Doodles - G_6e786d/h1_The story behind Doodles' is visible

17-06-2024T18:47:45 - [TEST_STEP][PASSED] - verifyElementVisible(findTestObject("Object Repository/Page_The Story and Evolution of Doodles - G_6e786d/p_The first Doodle was a simple out-of-offi_345e61")): Object 'Object Repository/Page_The Story and Evolution of Doodles - G_6e786d/p_The first Doodle was a simple out-of-offi_345e61' is visible

17-06-2024T18:47:46 - [MESSAGE][PASSED] - Object 'Object Repository/Page_The Story and Evolution of Doodles - G_6e786d/p_The first Doodle was a simple out-of-offi_345e61' is visible

17-06-2024T18:47:46 - [TEST_STEP][PASSED] - verifyElementVisible(findTestObject("Object Repository/Page_The Story and Evolution of Doodles - G_6e786d/h2_Weve created more than 5,000 Doodles ove_111429")): Object 'Object Repository/Page_The Story and Evolution of Doodles - G_6e786d/h2_Weve created more than 5,000 Doodles ove_111429' is visible

17-06-2024T18:47:46 - [MESSAGE][PASSED] - Object 'Object Repository/Page_The Story and Evolution of Doodles - G_6e786d/h2_Weve created more than 5,000 Doodles ove_111429' is visible

17-06-2024T18:47:46 - [TEST_STEP][PASSED] - click(findTestObject("Object Repository/Page_The Story and Evolution of Doodles - G_6e786d/p_The first Doodle was a simple out-of-offi_345e61")): Object: 'Object Repository/Page_The Story and Evolution of Doodles - G_6e786d/p_The first Doodle was a simple out-of-offi_345e61' is clicked on

17-06-2024T18:47:46 - [MESSAGE][PASSED] - Object: 'Object Repository/Page_The Story and Evolution of Doodles - G_6e786d/p_The first Doodle was a simple out-of-offi_345e61' is clicked on

17-06-2024T18:47:46 - [TEST_STEP][PASSED] - verifyElementVisible(findTestObject("Object Repository/Page_The Story and Evolution of Doodles - G_6e786d/h1_The story behind Doodles")): Object 'Object Repository/Page_The Story and Evolution of Doodles - G_6e786d/h1_The story behind Doodles' is visible

17-06-2024T18:47:47 - [MESSAGE][PASSED] - Object 'Object Repository/Page_The Story and Evolution of Doodles - G_6e786d/h1_The story behind Doodles' is visible

17-06-2024T18:47:47 - [TEST_STEP][PASSED] - verifyElementVisible(findTestObject("Object Repository/Page_The Story and Evolution of Doodles - G_6e786d/p_The first Doodle was a simple out-of-offi_345e61")): Object 'Object Repository/Page_The Story and Evolution of Doodles - G_6e786d/p_The first Doodle was a simple out-of-offi_345e61' is visible

17-06-2024T18:47:47 - [MESSAGE][PASSED] - Object 'Object Repository/Page_The Story and Evolution of Doodles - G_6e786d/p_The first Doodle was a simple out-of-offi_345e61' is visible

17-06-2024T18:47:47 - [TEST_STEP][PASSED] - verifyElementVisible(findTestObject("Object Repository/Page_The Story and Evolution of Doodles - G_6e786d/h2_Weve created more than 5,000 Doodles ove_111429")): Object 'Object Repository/Page_The Story and Evolution of Doodles - G_6e786d/h2_Weve created more than 5,000 Doodles ove_111429' is visible

17-06-2024T18:47:47 - [MESSAGE][PASSED] - Object 'Object Repository/Page_The Story and Evolution of Doodles - G_6e786d/h2_Weve created more than 5,000 Doodles ove_111429' is visible

17-06-2024T18:47:47 - [TEST_STEP][PASSED] - click(findTestObject("Object Repository/Page_The Story and Evolution of Doodles - G_6e786d/p_The first Doodle was a simple out-of-offi_345e61")): Object: 'Object Repository/Page_The Story and Evolution of Doodles - G_6e786d/p_The first Doodle was a simple out-of-offi_345e61' is clicked on

17-06-2024T18:47:48 - [MESSAGE][PASSED] - Object: 'Object Repository/Page_The Story and Evolution of Doodles - G_6e786d/p_The first Doodle was a simple out-of-offi_345e61' is clicked on

17-06-2024T18:47:48 - [TEST_STEP][PASSED] - verifyElementVisible(findTestObject("Object Repository/Page_The Story and Evolution of Doodles - G_6e786d/h1_The story behind Doodles")): Object 'Object Repository/Page_The Story and Evolution of Doodles - G_6e786d/h1_The story behind Doodles' is visible

17-06-2024T18:47:48 - [MESSAGE][PASSED] - Object 'Object Repository/Page_The Story and Evolution of Doodles - G_6e786d/h1_The story behind Doodles' is visible

17-06-2024T18:47:48 - [TEST_STEP][PASSED] - verifyElementVisible(findTestObject("Object Repository/Page_The Story and Evolution of Doodles - G_6e786d/p_The first Doodle was a simple out-of-offi_345e61")): Object 'Object Repository/Page_The Story and Evolution of Doodles - G_6e786d/p_The first Doodle was a simple out-of-offi_345e61' is visible

17-06-2024T18:47:48 - [MESSAGE][PASSED] - Object 'Object Repository/Page_The Story and Evolution of Doodles - G_6e786d/p_The first Doodle was a simple out-of-offi_345e61' is visible

17-06-2024T18:47:48 - [TEST_STEP][PASSED] - verifyElementVisible(findTestObject("Object Repository/Page_The Story and Evolution of Doodles - G_6e786d/h2_Weve created more than 5,000 Doodles ove_111429")): Object 'Object Repository/Page_The Story and Evolution of Doodles - G_6e786d/h2_Weve created more than 5,000 Doodles ove_111429' is visible

17-06-2024T18:47:49 - [MESSAGE][PASSED] - Object 'Object Repository/Page_The Story and Evolution of Doodles - G_6e786d/h2_Weve created more than 5,000 Doodles ove_111429' is visible

17-06-2024T18:47:49 - [TEST_STEP][PASSED] - click(findTestObject("Object Repository/Page_The Story and Evolution of Doodles - G_6e786d/p_The first Doodle was a simple out-of-offi_345e61")): Object: 'Object Repository/Page_The Story and Evolution of Doodles - G_6e786d/p_The first Doodle was a simple out-of-offi_345e61' is clicked on

17-06-2024T18:47:49 - [MESSAGE][PASSED] - Object: 'Object Repository/Page_The Story and Evolution of Doodles - G_6e786d/p_The first Doodle was a simple out-of-offi_345e61' is clicked on

17-06-2024T18:47:49 - [TEST_STEP][PASSED] - verifyElementVisible(findTestObject("Object Repository/Page_The Story and Evolution of Doodles - G_6e786d/h1_The story behind Doodles")): Object 'Object Repository/Page_The Story and Evolution of Doodles - G_6e786d/h1_The story behind Doodles' is visible

17-06-2024T18:47:49 - [MESSAGE][PASSED] - Object 'Object Repository/Page_The Story and Evolution of Doodles - G_6e786d/h1_The story behind Doodles' is visible

17-06-2024T18:47:49 - [TEST_STEP][PASSED] - verifyElementVisible(findTestObject("Object Repository/Page_The Story and Evolution of Doodles - G_6e786d/p_The first Doodle was a simple out-of-offi_345e61")): Object 'Object Repository/Page_The Story and Evolution of Doodles - G_6e786d/p_The first Doodle was a simple out-of-offi_345e61' is visible

17-06-2024T18:47:50 - [MESSAGE][PASSED] - Object 'Object Repository/Page_The Story and Evolution of Doodles - G_6e786d/p_The first Doodle was a simple out-of-offi_345e61' is visible

17-06-2024T18:47:50 - [TEST_STEP][PASSED] - verifyElementVisible(findTestObject("Object Repository/Page_The Story and Evolution of Doodles - G_6e786d/h2_Weve created more than 5,000 Doodles ove_111429")): Object 'Object Repository/Page_The Story and Evolution of Doodles - G_6e786d/h2_Weve created more than 5,000 Doodles ove_111429' is visible

17-06-2024T18:47:50 - [MESSAGE][PASSED] - Object 'Object Repository/Page_The Story and Evolution of Doodles - G_6e786d/h2_Weve created more than 5,000 Doodles ove_111429' is visible

17-06-2024T18:47:50 - [TEST_STEP][PASSED] - click(findTestObject("Object Repository/Page_The Story and Evolution of Doodles - G_6e786d/p_The first Doodle was a simple out-of-offi_345e61")): Object: 'Object Repository/Page_The Story and Evolution of Doodles - G_6e786d/p_The first Doodle was a simple out-of-offi_345e61' is clicked on

17-06-2024T18:47:50 - [MESSAGE][PASSED] - Object: 'Object Repository/Page_The Story and Evolution of Doodles - G_6e786d/p_The first Doodle was a simple out-of-offi_345e61' is clicked on

17-06-2024T18:47:50 - [TEST_STEP][PASSED] - verifyElementVisible(findTestObject("Object Repository/Page_The Story and Evolution of Doodles - G_6e786d/h1_The story behind Doodles")): Object 'Object Repository/Page_The Story and Evolution of Doodles - G_6e786d/h1_The story behind Doodles' is visible

17-06-2024T18:47:51 - [MESSAGE][PASSED] - Object 'Object Repository/Page_The Story and Evolution of Doodles - G_6e786d/h1_The story behind Doodles' is visible

17-06-2024T18:47:51 - [TEST_STEP][PASSED] - verifyElementVisible(findTestObject("Object Repository/Page_The Story and Evolution of Doodles - G_6e786d/p_The first Doodle was a simple out-of-offi_345e61")): Object 'Object Repository/Page_The Story and Evolution of Doodles - G_6e786d/p_The first Doodle was a simple out-of-offi_345e61' is visible

17-06-2024T18:47:51 - [MESSAGE][PASSED] - Object 'Object Repository/Page_The Story and Evolution of Doodles - G_6e786d/p_The first Doodle was a simple out-of-offi_345e61' is visible

17-06-2024T18:47:51 - [TEST_STEP][PASSED] - verifyElementVisible(findTestObject("Object Repository/Page_The Story and Evolution of Doodles - G_6e786d/h2_Weve created more than 5,000 Doodles ove_111429")): Object 'Object Repository/Page_The Story and Evolution of Doodles - G_6e786d/h2_Weve created more than 5,000 Doodles ove_111429' is visible

17-06-2024T18:47:52 - [MESSAGE][PASSED] - Object 'Object Repository/Page_The Story and Evolution of Doodles - G_6e786d/h2_Weve created more than 5,000 Doodles ove_111429' is visible

17-06-2024T18:47:52 - [TEST_STEP][PASSED] - click(findTestObject("Object Repository/Page_The Story and Evolution of Doodles - G_6e786d/p_The first Doodle was a simple out-of-offi_345e61")): Object: 'Object Repository/Page_The Story and Evolution of Doodles - G_6e786d/p_The first Doodle was a simple out-of-offi_345e61' is clicked on

17-06-2024T18:47:52 - [MESSAGE][PASSED] - Object: 'Object Repository/Page_The Story and Evolution of Doodles - G_6e786d/p_The first Doodle was a simple out-of-offi_345e61' is clicked on

17-06-2024T18:47:52 - [TEST_STEP][PASSED] - verifyElementVisible(findTestObject("Object Repository/Page_The Story and Evolution of Doodles - G_6e786d/h1_The story behind Doodles")): Object 'Object Repository/Page_The Story and Evolution of Doodles - G_6e786d/h1_The story behind Doodles' is visible

17-06-2024T18:47:52 - [MESSAGE][PASSED] - Object 'Object Repository/Page_The Story and Evolution of Doodles - G_6e786d/h1_The story behind Doodles' is visible

17-06-2024T18:47:52 - [TEST_STEP][PASSED] - verifyElementVisible(findTestObject("Object Repository/Page_The Story and Evolution of Doodles - G_6e786d/p_The first Doodle was a simple out-of-offi_345e61")): Object 'Object Repository/Page_The Story and Evolution of Doodles - G_6e786d/p_The first Doodle was a simple out-of-offi_345e61' is visible

17-06-2024T18:47:52 - [MESSAGE][PASSED] - Object 'Object Repository/Page_The Story and Evolution of Doodles - G_6e786d/p_The first Doodle was a simple out-of-offi_345e61' is visible

17-06-2024T18:47:52 - [TEST_STEP][PASSED] - verifyElementVisible(findTestObject("Object Repository/Page_The Story and Evolution of Doodles - G_6e786d/h2_Weve created more than 5,000 Doodles ove_111429")): Object 'Object Repository/Page_The Story and Evolution of Doodles - G_6e786d/h2_Weve created more than 5,000 Doodles ove_111429' is visible

17-06-2024T18:47:53 - [MESSAGE][PASSED] - Object 'Object Repository/Page_The Story and Evolution of Doodles - G_6e786d/h2_Weve created more than 5,000 Doodles ove_111429' is visible

17-06-2024T18:47:53 - [TEST_STEP][PASSED] - click(findTestObject("Object Repository/Page_The Story and Evolution of Doodles - G_6e786d/p_The first Doodle was a simple out-of-offi_345e61")): Object: 'Object Repository/Page_The Story and Evolution of Doodles - G_6e786d/p_The first Doodle was a simple out-of-offi_345e61' is clicked on

17-06-2024T18:47:53 - [MESSAGE][PASSED] - Object: 'Object Repository/Page_The Story and Evolution of Doodles - G_6e786d/p_The first Doodle was a simple out-of-offi_345e61' is clicked on

17-06-2024T18:47:53 - [TEST_STEP][PASSED] - verifyElementVisible(findTestObject("Object Repository/Page_The Story and Evolution of Doodles - G_6e786d/h1_The story behind Doodles")): Object 'Object Repository/Page_The Story and Evolution of Doodles - G_6e786d/h1_The story behind Doodles' is visible

17-06-2024T18:47:54 - [MESSAGE][PASSED] - Object 'Object Repository/Page_The Story and Evolution of Doodles - G_6e786d/h1_The story behind Doodles' is visible

17-06-2024T18:47:54 - [TEST_STEP][PASSED] - verifyElementVisible(findTestObject("Object Repository/Page_The Story and Evolution of Doodles - G_6e786d/p_The first Doodle was a simple out-of-offi_345e61")): Object 'Object Repository/Page_The Story and Evolution of Doodles - G_6e786d/p_The first Doodle was a simple out-of-offi_345e61' is visible

17-06-2024T18:47:54 - [MESSAGE][PASSED] - Object 'Object Repository/Page_The Story and Evolution of Doodles - G_6e786d/p_The first Doodle was a simple out-of-offi_345e61' is visible

17-06-2024T18:47:54 - [TEST_STEP][PASSED] - verifyElementVisible(findTestObject("Object Repository/Page_The Story and Evolution of Doodles - G_6e786d/h2_Weve created more than 5,000 Doodles ove_111429")): Object 'Object Repository/Page_The Story and Evolution of Doodles - G_6e786d/h2_Weve created more than 5,000 Doodles ove_111429' is visible

17-06-2024T18:47:54 - [MESSAGE][PASSED] - Object 'Object Repository/Page_The Story and Evolution of Doodles - G_6e786d/h2_Weve created more than 5,000 Doodles ove_111429' is visible

17-06-2024T18:47:54 - [TEST_STEP][PASSED] - click(findTestObject("Object Repository/Page_The Story and Evolution of Doodles - G_6e786d/p_The first Doodle was a simple out-of-offi_345e61")): Object: 'Object Repository/Page_The Story and Evolution of Doodles - G_6e786d/p_The first Doodle was a simple out-of-offi_345e61' is clicked on

17-06-2024T18:47:55 - [MESSAGE][PASSED] - Object: 'Object Repository/Page_The Story and Evolution of Doodles - G_6e786d/p_The first Doodle was a simple out-of-offi_345e61' is clicked on

17-06-2024T18:47:55 - [TEST_STEP][PASSED] - verifyElementVisible(findTestObject("Object Repository/Page_The Story and Evolution of Doodles - G_6e786d/h1_The story behind Doodles")): Object 'Object Repository/Page_The Story and Evolution of Doodles - G_6e786d/h1_The story behind Doodles' is visible

17-06-2024T18:47:55 - [MESSAGE][PASSED] - Object 'Object Repository/Page_The Story and Evolution of Doodles - G_6e786d/h1_The story behind Doodles' is visible

17-06-2024T18:47:55 - [TEST_STEP][PASSED] - verifyElementVisible(findTestObject("Object Repository/Page_The Story and Evolution of Doodles - G_6e786d/p_The first Doodle was a simple out-of-offi_345e61")): Object 'Object Repository/Page_The Story and Evolution of Doodles - G_6e786d/p_The first Doodle was a simple out-of-offi_345e61' is visible

17-06-2024T18:47:55 - [MESSAGE][PASSED] - Object 'Object Repository/Page_The Story and Evolution of Doodles - G_6e786d/p_The first Doodle was a simple out-of-offi_345e61' is visible

17-06-2024T18:47:55 - [TEST_STEP][PASSED] - verifyElementVisible(findTestObject("Object Repository/Page_The Story and Evolution of Doodles - G_6e786d/h2_Weve created more than 5,000 Doodles ove_111429")): Object 'Object Repository/Page_The Story and Evolution of Doodles - G_6e786d/h2_Weve created more than 5,000 Doodles ove_111429' is visible

17-06-2024T18:47:56 - [MESSAGE][PASSED] - Object 'Object Repository/Page_The Story and Evolution of Doodles - G_6e786d/h2_Weve created more than 5,000 Doodles ove_111429' is visible]]></system-out>
         <system-err><![CDATA[]]></system-err>
      </testcase>
      <testcase name="Test Cases/test case folder 1/tc1 - Copy (4) - Copy" time="20.14" classname="Test Cases/test case folder 1/tc1 - Copy (4) - Copy" status="PASSED">
         <system-out><![CDATA[17-06-2024T18:47:56 - [TEST_CASE][PASSED] - Test Cases/test case folder 1/tc1 - Copy (4) - Copy: Test Cases/test case folder 1/tc1 - Copy (4) - Copy

17-06-2024T18:47:56 - [TEST_STEP][PASSED] - openBrowser(""): Browser is opened with url: ''

17-06-2024T18:47:56 - [MESSAGE][WARNING] - A browser is already opened. Closing browser and opening a new one

17-06-2024T18:47:56 - [MESSAGE][INFO] - Starting 'Chrome (headless)' driver

17-06-2024T18:47:56 - [MESSAGE][INFO] - Action delay is set to 0 milliseconds

17-06-2024T18:47:57 - [MESSAGE][PASSED] - Browser is opened with url: ''

17-06-2024T18:47:57 - [TEST_STEP][PASSED] - navigateToUrl("https://doodles.google/about/"): Navigate to 'https://doodles.google/about/' successfully

17-06-2024T18:48:00 - [MESSAGE][PASSED] - Navigate to 'https://doodles.google/about/' successfully

17-06-2024T18:48:00 - [TEST_STEP][PASSED] - click(findTestObject("Object Repository/Page_The Story and Evolution of Doodles - G_6e786d/p_The first Doodle was a simple out-of-offi_345e61")): Object: 'Object Repository/Page_The Story and Evolution of Doodles - G_6e786d/p_The first Doodle was a simple out-of-offi_345e61' is clicked on

17-06-2024T18:48:01 - [MESSAGE][PASSED] - Object: 'Object Repository/Page_The Story and Evolution of Doodles - G_6e786d/p_The first Doodle was a simple out-of-offi_345e61' is clicked on

17-06-2024T18:48:01 - [TEST_STEP][PASSED] - click(findTestObject("Object Repository/Page_The Story and Evolution of Doodles - G_6e786d/p_The first Doodle was a simple out-of-offi_345e61")): Object: 'Object Repository/Page_The Story and Evolution of Doodles - G_6e786d/p_The first Doodle was a simple out-of-offi_345e61' is clicked on

17-06-2024T18:48:01 - [MESSAGE][PASSED] - Object: 'Object Repository/Page_The Story and Evolution of Doodles - G_6e786d/p_The first Doodle was a simple out-of-offi_345e61' is clicked on

17-06-2024T18:48:01 - [TEST_STEP][PASSED] - verifyElementVisible(findTestObject("Object Repository/Page_The Story and Evolution of Doodles - G_6e786d/h1_The story behind Doodles")): Object 'Object Repository/Page_The Story and Evolution of Doodles - G_6e786d/h1_The story behind Doodles' is visible

17-06-2024T18:48:02 - [MESSAGE][PASSED] - Object 'Object Repository/Page_The Story and Evolution of Doodles - G_6e786d/h1_The story behind Doodles' is visible

17-06-2024T18:48:02 - [TEST_STEP][PASSED] - verifyElementVisible(findTestObject("Object Repository/Page_The Story and Evolution of Doodles - G_6e786d/p_The first Doodle was a simple out-of-offi_345e61")): Object 'Object Repository/Page_The Story and Evolution of Doodles - G_6e786d/p_The first Doodle was a simple out-of-offi_345e61' is visible

17-06-2024T18:48:02 - [MESSAGE][PASSED] - Object 'Object Repository/Page_The Story and Evolution of Doodles - G_6e786d/p_The first Doodle was a simple out-of-offi_345e61' is visible

17-06-2024T18:48:02 - [TEST_STEP][PASSED] - verifyElementVisible(findTestObject("Object Repository/Page_The Story and Evolution of Doodles - G_6e786d/h2_Weve created more than 5,000 Doodles ove_111429")): Object 'Object Repository/Page_The Story and Evolution of Doodles - G_6e786d/h2_Weve created more than 5,000 Doodles ove_111429' is visible

17-06-2024T18:48:02 - [MESSAGE][PASSED] - Object 'Object Repository/Page_The Story and Evolution of Doodles - G_6e786d/h2_Weve created more than 5,000 Doodles ove_111429' is visible

17-06-2024T18:48:02 - [TEST_STEP][PASSED] - verifyElementVisible(findTestObject("Object Repository/Page_The Story and Evolution of Doodles - G_6e786d/h1_The story behind Doodles")): Object 'Object Repository/Page_The Story and Evolution of Doodles - G_6e786d/h1_The story behind Doodles' is visible

17-06-2024T18:48:03 - [MESSAGE][PASSED] - Object 'Object Repository/Page_The Story and Evolution of Doodles - G_6e786d/h1_The story behind Doodles' is visible

17-06-2024T18:48:03 - [TEST_STEP][PASSED] - verifyElementVisible(findTestObject("Object Repository/Page_The Story and Evolution of Doodles - G_6e786d/p_The first Doodle was a simple out-of-offi_345e61")): Object 'Object Repository/Page_The Story and Evolution of Doodles - G_6e786d/p_The first Doodle was a simple out-of-offi_345e61' is visible

17-06-2024T18:48:03 - [MESSAGE][PASSED] - Object 'Object Repository/Page_The Story and Evolution of Doodles - G_6e786d/p_The first Doodle was a simple out-of-offi_345e61' is visible

17-06-2024T18:48:03 - [TEST_STEP][PASSED] - verifyElementVisible(findTestObject("Object Repository/Page_The Story and Evolution of Doodles - G_6e786d/h2_Weve created more than 5,000 Doodles ove_111429")): Object 'Object Repository/Page_The Story and Evolution of Doodles - G_6e786d/h2_Weve created more than 5,000 Doodles ove_111429' is visible

17-06-2024T18:48:03 - [MESSAGE][PASSED] - Object 'Object Repository/Page_The Story and Evolution of Doodles - G_6e786d/h2_Weve created more than 5,000 Doodles ove_111429' is visible

17-06-2024T18:48:03 - [TEST_STEP][PASSED] - click(findTestObject("Object Repository/Page_The Story and Evolution of Doodles - G_6e786d/p_The first Doodle was a simple out-of-offi_345e61")): Object: 'Object Repository/Page_The Story and Evolution of Doodles - G_6e786d/p_The first Doodle was a simple out-of-offi_345e61' is clicked on

17-06-2024T18:48:04 - [MESSAGE][PASSED] - Object: 'Object Repository/Page_The Story and Evolution of Doodles - G_6e786d/p_The first Doodle was a simple out-of-offi_345e61' is clicked on

17-06-2024T18:48:04 - [TEST_STEP][PASSED] - verifyElementVisible(findTestObject("Object Repository/Page_The Story and Evolution of Doodles - G_6e786d/h1_The story behind Doodles")): Object 'Object Repository/Page_The Story and Evolution of Doodles - G_6e786d/h1_The story behind Doodles' is visible

17-06-2024T18:48:04 - [MESSAGE][PASSED] - Object 'Object Repository/Page_The Story and Evolution of Doodles - G_6e786d/h1_The story behind Doodles' is visible

17-06-2024T18:48:04 - [TEST_STEP][PASSED] - verifyElementVisible(findTestObject("Object Repository/Page_The Story and Evolution of Doodles - G_6e786d/p_The first Doodle was a simple out-of-offi_345e61")): Object 'Object Repository/Page_The Story and Evolution of Doodles - G_6e786d/p_The first Doodle was a simple out-of-offi_345e61' is visible

17-06-2024T18:48:04 - [MESSAGE][PASSED] - Object 'Object Repository/Page_The Story and Evolution of Doodles - G_6e786d/p_The first Doodle was a simple out-of-offi_345e61' is visible

17-06-2024T18:48:04 - [TEST_STEP][PASSED] - verifyElementVisible(findTestObject("Object Repository/Page_The Story and Evolution of Doodles - G_6e786d/h2_Weve created more than 5,000 Doodles ove_111429")): Object 'Object Repository/Page_The Story and Evolution of Doodles - G_6e786d/h2_Weve created more than 5,000 Doodles ove_111429' is visible

17-06-2024T18:48:05 - [MESSAGE][PASSED] - Object 'Object Repository/Page_The Story and Evolution of Doodles - G_6e786d/h2_Weve created more than 5,000 Doodles ove_111429' is visible

17-06-2024T18:48:05 - [TEST_STEP][PASSED] - click(findTestObject("Object Repository/Page_The Story and Evolution of Doodles - G_6e786d/p_The first Doodle was a simple out-of-offi_345e61")): Object: 'Object Repository/Page_The Story and Evolution of Doodles - G_6e786d/p_The first Doodle was a simple out-of-offi_345e61' is clicked on

17-06-2024T18:48:05 - [MESSAGE][PASSED] - Object: 'Object Repository/Page_The Story and Evolution of Doodles - G_6e786d/p_The first Doodle was a simple out-of-offi_345e61' is clicked on

17-06-2024T18:48:05 - [TEST_STEP][PASSED] - verifyElementVisible(findTestObject("Object Repository/Page_The Story and Evolution of Doodles - G_6e786d/h1_The story behind Doodles")): Object 'Object Repository/Page_The Story and Evolution of Doodles - G_6e786d/h1_The story behind Doodles' is visible

17-06-2024T18:48:05 - [MESSAGE][PASSED] - Object 'Object Repository/Page_The Story and Evolution of Doodles - G_6e786d/h1_The story behind Doodles' is visible

17-06-2024T18:48:05 - [TEST_STEP][PASSED] - verifyElementVisible(findTestObject("Object Repository/Page_The Story and Evolution of Doodles - G_6e786d/p_The first Doodle was a simple out-of-offi_345e61")): Object 'Object Repository/Page_The Story and Evolution of Doodles - G_6e786d/p_The first Doodle was a simple out-of-offi_345e61' is visible

17-06-2024T18:48:06 - [MESSAGE][PASSED] - Object 'Object Repository/Page_The Story and Evolution of Doodles - G_6e786d/p_The first Doodle was a simple out-of-offi_345e61' is visible

17-06-2024T18:48:06 - [TEST_STEP][PASSED] - verifyElementVisible(findTestObject("Object Repository/Page_The Story and Evolution of Doodles - G_6e786d/h2_Weve created more than 5,000 Doodles ove_111429")): Object 'Object Repository/Page_The Story and Evolution of Doodles - G_6e786d/h2_Weve created more than 5,000 Doodles ove_111429' is visible

17-06-2024T18:48:06 - [MESSAGE][PASSED] - Object 'Object Repository/Page_The Story and Evolution of Doodles - G_6e786d/h2_Weve created more than 5,000 Doodles ove_111429' is visible

17-06-2024T18:48:06 - [TEST_STEP][PASSED] - click(findTestObject("Object Repository/Page_The Story and Evolution of Doodles - G_6e786d/p_The first Doodle was a simple out-of-offi_345e61")): Object: 'Object Repository/Page_The Story and Evolution of Doodles - G_6e786d/p_The first Doodle was a simple out-of-offi_345e61' is clicked on

17-06-2024T18:48:06 - [MESSAGE][PASSED] - Object: 'Object Repository/Page_The Story and Evolution of Doodles - G_6e786d/p_The first Doodle was a simple out-of-offi_345e61' is clicked on

17-06-2024T18:48:06 - [TEST_STEP][PASSED] - verifyElementVisible(findTestObject("Object Repository/Page_The Story and Evolution of Doodles - G_6e786d/h1_The story behind Doodles")): Object 'Object Repository/Page_The Story and Evolution of Doodles - G_6e786d/h1_The story behind Doodles' is visible

17-06-2024T18:48:07 - [MESSAGE][PASSED] - Object 'Object Repository/Page_The Story and Evolution of Doodles - G_6e786d/h1_The story behind Doodles' is visible

17-06-2024T18:48:07 - [TEST_STEP][PASSED] - verifyElementVisible(findTestObject("Object Repository/Page_The Story and Evolution of Doodles - G_6e786d/p_The first Doodle was a simple out-of-offi_345e61")): Object 'Object Repository/Page_The Story and Evolution of Doodles - G_6e786d/p_The first Doodle was a simple out-of-offi_345e61' is visible

17-06-2024T18:48:07 - [MESSAGE][PASSED] - Object 'Object Repository/Page_The Story and Evolution of Doodles - G_6e786d/p_The first Doodle was a simple out-of-offi_345e61' is visible

17-06-2024T18:48:07 - [TEST_STEP][PASSED] - verifyElementVisible(findTestObject("Object Repository/Page_The Story and Evolution of Doodles - G_6e786d/h2_Weve created more than 5,000 Doodles ove_111429")): Object 'Object Repository/Page_The Story and Evolution of Doodles - G_6e786d/h2_Weve created more than 5,000 Doodles ove_111429' is visible

17-06-2024T18:48:07 - [MESSAGE][PASSED] - Object 'Object Repository/Page_The Story and Evolution of Doodles - G_6e786d/h2_Weve created more than 5,000 Doodles ove_111429' is visible

17-06-2024T18:48:07 - [TEST_STEP][PASSED] - click(findTestObject("Object Repository/Page_The Story and Evolution of Doodles - G_6e786d/p_The first Doodle was a simple out-of-offi_345e61")): Object: 'Object Repository/Page_The Story and Evolution of Doodles - G_6e786d/p_The first Doodle was a simple out-of-offi_345e61' is clicked on

17-06-2024T18:48:08 - [MESSAGE][PASSED] - Object: 'Object Repository/Page_The Story and Evolution of Doodles - G_6e786d/p_The first Doodle was a simple out-of-offi_345e61' is clicked on

17-06-2024T18:48:08 - [TEST_STEP][PASSED] - verifyElementVisible(findTestObject("Object Repository/Page_The Story and Evolution of Doodles - G_6e786d/h1_The story behind Doodles")): Object 'Object Repository/Page_The Story and Evolution of Doodles - G_6e786d/h1_The story behind Doodles' is visible

17-06-2024T18:48:08 - [MESSAGE][PASSED] - Object 'Object Repository/Page_The Story and Evolution of Doodles - G_6e786d/h1_The story behind Doodles' is visible

17-06-2024T18:48:08 - [TEST_STEP][PASSED] - verifyElementVisible(findTestObject("Object Repository/Page_The Story and Evolution of Doodles - G_6e786d/p_The first Doodle was a simple out-of-offi_345e61")): Object 'Object Repository/Page_The Story and Evolution of Doodles - G_6e786d/p_The first Doodle was a simple out-of-offi_345e61' is visible

17-06-2024T18:48:08 - [MESSAGE][PASSED] - Object 'Object Repository/Page_The Story and Evolution of Doodles - G_6e786d/p_The first Doodle was a simple out-of-offi_345e61' is visible

17-06-2024T18:48:08 - [TEST_STEP][PASSED] - verifyElementVisible(findTestObject("Object Repository/Page_The Story and Evolution of Doodles - G_6e786d/h2_Weve created more than 5,000 Doodles ove_111429")): Object 'Object Repository/Page_The Story and Evolution of Doodles - G_6e786d/h2_Weve created more than 5,000 Doodles ove_111429' is visible

17-06-2024T18:48:09 - [MESSAGE][PASSED] - Object 'Object Repository/Page_The Story and Evolution of Doodles - G_6e786d/h2_Weve created more than 5,000 Doodles ove_111429' is visible

17-06-2024T18:48:09 - [TEST_STEP][PASSED] - click(findTestObject("Object Repository/Page_The Story and Evolution of Doodles - G_6e786d/p_The first Doodle was a simple out-of-offi_345e61")): Object: 'Object Repository/Page_The Story and Evolution of Doodles - G_6e786d/p_The first Doodle was a simple out-of-offi_345e61' is clicked on

17-06-2024T18:48:09 - [MESSAGE][PASSED] - Object: 'Object Repository/Page_The Story and Evolution of Doodles - G_6e786d/p_The first Doodle was a simple out-of-offi_345e61' is clicked on

17-06-2024T18:48:09 - [TEST_STEP][PASSED] - verifyElementVisible(findTestObject("Object Repository/Page_The Story and Evolution of Doodles - G_6e786d/h1_The story behind Doodles")): Object 'Object Repository/Page_The Story and Evolution of Doodles - G_6e786d/h1_The story behind Doodles' is visible

17-06-2024T18:48:10 - [MESSAGE][PASSED] - Object 'Object Repository/Page_The Story and Evolution of Doodles - G_6e786d/h1_The story behind Doodles' is visible

17-06-2024T18:48:10 - [TEST_STEP][PASSED] - verifyElementVisible(findTestObject("Object Repository/Page_The Story and Evolution of Doodles - G_6e786d/p_The first Doodle was a simple out-of-offi_345e61")): Object 'Object Repository/Page_The Story and Evolution of Doodles - G_6e786d/p_The first Doodle was a simple out-of-offi_345e61' is visible

17-06-2024T18:48:10 - [MESSAGE][PASSED] - Object 'Object Repository/Page_The Story and Evolution of Doodles - G_6e786d/p_The first Doodle was a simple out-of-offi_345e61' is visible

17-06-2024T18:48:10 - [TEST_STEP][PASSED] - verifyElementVisible(findTestObject("Object Repository/Page_The Story and Evolution of Doodles - G_6e786d/h2_Weve created more than 5,000 Doodles ove_111429")): Object 'Object Repository/Page_The Story and Evolution of Doodles - G_6e786d/h2_Weve created more than 5,000 Doodles ove_111429' is visible

17-06-2024T18:48:10 - [MESSAGE][PASSED] - Object 'Object Repository/Page_The Story and Evolution of Doodles - G_6e786d/h2_Weve created more than 5,000 Doodles ove_111429' is visible

17-06-2024T18:48:10 - [TEST_STEP][PASSED] - click(findTestObject("Object Repository/Page_The Story and Evolution of Doodles - G_6e786d/p_The first Doodle was a simple out-of-offi_345e61")): Object: 'Object Repository/Page_The Story and Evolution of Doodles - G_6e786d/p_The first Doodle was a simple out-of-offi_345e61' is clicked on

17-06-2024T18:48:11 - [MESSAGE][PASSED] - Object: 'Object Repository/Page_The Story and Evolution of Doodles - G_6e786d/p_The first Doodle was a simple out-of-offi_345e61' is clicked on

17-06-2024T18:48:11 - [TEST_STEP][PASSED] - verifyElementVisible(findTestObject("Object Repository/Page_The Story and Evolution of Doodles - G_6e786d/h1_The story behind Doodles")): Object 'Object Repository/Page_The Story and Evolution of Doodles - G_6e786d/h1_The story behind Doodles' is visible

17-06-2024T18:48:11 - [MESSAGE][PASSED] - Object 'Object Repository/Page_The Story and Evolution of Doodles - G_6e786d/h1_The story behind Doodles' is visible

17-06-2024T18:48:11 - [TEST_STEP][PASSED] - verifyElementVisible(findTestObject("Object Repository/Page_The Story and Evolution of Doodles - G_6e786d/p_The first Doodle was a simple out-of-offi_345e61")): Object 'Object Repository/Page_The Story and Evolution of Doodles - G_6e786d/p_The first Doodle was a simple out-of-offi_345e61' is visible

17-06-2024T18:48:11 - [MESSAGE][PASSED] - Object 'Object Repository/Page_The Story and Evolution of Doodles - G_6e786d/p_The first Doodle was a simple out-of-offi_345e61' is visible

17-06-2024T18:48:11 - [TEST_STEP][PASSED] - verifyElementVisible(findTestObject("Object Repository/Page_The Story and Evolution of Doodles - G_6e786d/h2_Weve created more than 5,000 Doodles ove_111429")): Object 'Object Repository/Page_The Story and Evolution of Doodles - G_6e786d/h2_Weve created more than 5,000 Doodles ove_111429' is visible

17-06-2024T18:48:12 - [MESSAGE][PASSED] - Object 'Object Repository/Page_The Story and Evolution of Doodles - G_6e786d/h2_Weve created more than 5,000 Doodles ove_111429' is visible

17-06-2024T18:48:12 - [TEST_STEP][PASSED] - click(findTestObject("Object Repository/Page_The Story and Evolution of Doodles - G_6e786d/p_The first Doodle was a simple out-of-offi_345e61")): Object: 'Object Repository/Page_The Story and Evolution of Doodles - G_6e786d/p_The first Doodle was a simple out-of-offi_345e61' is clicked on

17-06-2024T18:48:12 - [MESSAGE][PASSED] - Object: 'Object Repository/Page_The Story and Evolution of Doodles - G_6e786d/p_The first Doodle was a simple out-of-offi_345e61' is clicked on

17-06-2024T18:48:12 - [TEST_STEP][PASSED] - verifyElementVisible(findTestObject("Object Repository/Page_The Story and Evolution of Doodles - G_6e786d/h1_The story behind Doodles")): Object 'Object Repository/Page_The Story and Evolution of Doodles - G_6e786d/h1_The story behind Doodles' is visible

17-06-2024T18:48:12 - [MESSAGE][PASSED] - Object 'Object Repository/Page_The Story and Evolution of Doodles - G_6e786d/h1_The story behind Doodles' is visible

17-06-2024T18:48:12 - [TEST_STEP][PASSED] - verifyElementVisible(findTestObject("Object Repository/Page_The Story and Evolution of Doodles - G_6e786d/p_The first Doodle was a simple out-of-offi_345e61")): Object 'Object Repository/Page_The Story and Evolution of Doodles - G_6e786d/p_The first Doodle was a simple out-of-offi_345e61' is visible

17-06-2024T18:48:13 - [MESSAGE][PASSED] - Object 'Object Repository/Page_The Story and Evolution of Doodles - G_6e786d/p_The first Doodle was a simple out-of-offi_345e61' is visible

17-06-2024T18:48:13 - [TEST_STEP][PASSED] - verifyElementVisible(findTestObject("Object Repository/Page_The Story and Evolution of Doodles - G_6e786d/h2_Weve created more than 5,000 Doodles ove_111429")): Object 'Object Repository/Page_The Story and Evolution of Doodles - G_6e786d/h2_Weve created more than 5,000 Doodles ove_111429' is visible

17-06-2024T18:48:13 - [MESSAGE][PASSED] - Object 'Object Repository/Page_The Story and Evolution of Doodles - G_6e786d/h2_Weve created more than 5,000 Doodles ove_111429' is visible

17-06-2024T18:48:13 - [TEST_STEP][PASSED] - click(findTestObject("Object Repository/Page_The Story and Evolution of Doodles - G_6e786d/p_The first Doodle was a simple out-of-offi_345e61")): Object: 'Object Repository/Page_The Story and Evolution of Doodles - G_6e786d/p_The first Doodle was a simple out-of-offi_345e61' is clicked on

17-06-2024T18:48:13 - [MESSAGE][PASSED] - Object: 'Object Repository/Page_The Story and Evolution of Doodles - G_6e786d/p_The first Doodle was a simple out-of-offi_345e61' is clicked on

17-06-2024T18:48:13 - [TEST_STEP][PASSED] - verifyElementVisible(findTestObject("Object Repository/Page_The Story and Evolution of Doodles - G_6e786d/h1_The story behind Doodles")): Object 'Object Repository/Page_The Story and Evolution of Doodles - G_6e786d/h1_The story behind Doodles' is visible

17-06-2024T18:48:14 - [MESSAGE][PASSED] - Object 'Object Repository/Page_The Story and Evolution of Doodles - G_6e786d/h1_The story behind Doodles' is visible

17-06-2024T18:48:14 - [TEST_STEP][PASSED] - verifyElementVisible(findTestObject("Object Repository/Page_The Story and Evolution of Doodles - G_6e786d/p_The first Doodle was a simple out-of-offi_345e61")): Object 'Object Repository/Page_The Story and Evolution of Doodles - G_6e786d/p_The first Doodle was a simple out-of-offi_345e61' is visible

17-06-2024T18:48:14 - [MESSAGE][PASSED] - Object 'Object Repository/Page_The Story and Evolution of Doodles - G_6e786d/p_The first Doodle was a simple out-of-offi_345e61' is visible

17-06-2024T18:48:14 - [TEST_STEP][PASSED] - verifyElementVisible(findTestObject("Object Repository/Page_The Story and Evolution of Doodles - G_6e786d/h2_Weve created more than 5,000 Doodles ove_111429")): Object 'Object Repository/Page_The Story and Evolution of Doodles - G_6e786d/h2_Weve created more than 5,000 Doodles ove_111429' is visible

17-06-2024T18:48:14 - [MESSAGE][PASSED] - Object 'Object Repository/Page_The Story and Evolution of Doodles - G_6e786d/h2_Weve created more than 5,000 Doodles ove_111429' is visible

17-06-2024T18:48:14 - [TEST_STEP][PASSED] - click(findTestObject("Object Repository/Page_The Story and Evolution of Doodles - G_6e786d/p_The first Doodle was a simple out-of-offi_345e61")): Object: 'Object Repository/Page_The Story and Evolution of Doodles - G_6e786d/p_The first Doodle was a simple out-of-offi_345e61' is clicked on

17-06-2024T18:48:15 - [MESSAGE][PASSED] - Object: 'Object Repository/Page_The Story and Evolution of Doodles - G_6e786d/p_The first Doodle was a simple out-of-offi_345e61' is clicked on

17-06-2024T18:48:15 - [TEST_STEP][PASSED] - verifyElementVisible(findTestObject("Object Repository/Page_The Story and Evolution of Doodles - G_6e786d/h1_The story behind Doodles")): Object 'Object Repository/Page_The Story and Evolution of Doodles - G_6e786d/h1_The story behind Doodles' is visible

17-06-2024T18:48:15 - [MESSAGE][PASSED] - Object 'Object Repository/Page_The Story and Evolution of Doodles - G_6e786d/h1_The story behind Doodles' is visible

17-06-2024T18:48:15 - [TEST_STEP][PASSED] - verifyElementVisible(findTestObject("Object Repository/Page_The Story and Evolution of Doodles - G_6e786d/p_The first Doodle was a simple out-of-offi_345e61")): Object 'Object Repository/Page_The Story and Evolution of Doodles - G_6e786d/p_The first Doodle was a simple out-of-offi_345e61' is visible

17-06-2024T18:48:15 - [MESSAGE][PASSED] - Object 'Object Repository/Page_The Story and Evolution of Doodles - G_6e786d/p_The first Doodle was a simple out-of-offi_345e61' is visible

17-06-2024T18:48:15 - [TEST_STEP][PASSED] - verifyElementVisible(findTestObject("Object Repository/Page_The Story and Evolution of Doodles - G_6e786d/h2_Weve created more than 5,000 Doodles ove_111429")): Object 'Object Repository/Page_The Story and Evolution of Doodles - G_6e786d/h2_Weve created more than 5,000 Doodles ove_111429' is visible

17-06-2024T18:48:16 - [MESSAGE][PASSED] - Object 'Object Repository/Page_The Story and Evolution of Doodles - G_6e786d/h2_Weve created more than 5,000 Doodles ove_111429' is visible]]></system-out>
         <system-err><![CDATA[]]></system-err>
      </testcase>
      <testcase name="Test Cases/test case folder 1/tc1 - Copy (5) - Copy (1)" time="18.868" classname="Test Cases/test case folder 1/tc1 - Copy (5) - Copy (1)" status="PASSED">
         <system-out><![CDATA[17-06-2024T18:48:16 - [TEST_CASE][PASSED] - Test Cases/test case folder 1/tc1 - Copy (5) - Copy (1): Test Cases/test case folder 1/tc1 - Copy (5) - Copy (1)

17-06-2024T18:48:16 - [TEST_STEP][PASSED] - openBrowser(""): Browser is opened with url: ''

17-06-2024T18:48:16 - [MESSAGE][WARNING] - A browser is already opened. Closing browser and opening a new one

17-06-2024T18:48:16 - [MESSAGE][INFO] - Starting 'Chrome (headless)' driver

17-06-2024T18:48:16 - [MESSAGE][INFO] - Action delay is set to 0 milliseconds

17-06-2024T18:48:17 - [MESSAGE][PASSED] - Browser is opened with url: ''

17-06-2024T18:48:17 - [TEST_STEP][PASSED] - navigateToUrl("https://doodles.google/about/"): Navigate to 'https://doodles.google/about/' successfully

17-06-2024T18:48:20 - [MESSAGE][PASSED] - Navigate to 'https://doodles.google/about/' successfully

17-06-2024T18:48:20 - [TEST_STEP][PASSED] - click(findTestObject("Object Repository/Page_The Story and Evolution of Doodles - G_6e786d/p_The first Doodle was a simple out-of-offi_345e61")): Object: 'Object Repository/Page_The Story and Evolution of Doodles - G_6e786d/p_The first Doodle was a simple out-of-offi_345e61' is clicked on

17-06-2024T18:48:20 - [MESSAGE][PASSED] - Object: 'Object Repository/Page_The Story and Evolution of Doodles - G_6e786d/p_The first Doodle was a simple out-of-offi_345e61' is clicked on

17-06-2024T18:48:20 - [TEST_STEP][PASSED] - click(findTestObject("Object Repository/Page_The Story and Evolution of Doodles - G_6e786d/p_The first Doodle was a simple out-of-offi_345e61")): Object: 'Object Repository/Page_The Story and Evolution of Doodles - G_6e786d/p_The first Doodle was a simple out-of-offi_345e61' is clicked on

17-06-2024T18:48:20 - [MESSAGE][PASSED] - Object: 'Object Repository/Page_The Story and Evolution of Doodles - G_6e786d/p_The first Doodle was a simple out-of-offi_345e61' is clicked on

17-06-2024T18:48:20 - [TEST_STEP][PASSED] - verifyElementVisible(findTestObject("Object Repository/Page_The Story and Evolution of Doodles - G_6e786d/h1_The story behind Doodles")): Object 'Object Repository/Page_The Story and Evolution of Doodles - G_6e786d/h1_The story behind Doodles' is visible

17-06-2024T18:48:21 - [MESSAGE][PASSED] - Object 'Object Repository/Page_The Story and Evolution of Doodles - G_6e786d/h1_The story behind Doodles' is visible

17-06-2024T18:48:21 - [TEST_STEP][PASSED] - verifyElementVisible(findTestObject("Object Repository/Page_The Story and Evolution of Doodles - G_6e786d/p_The first Doodle was a simple out-of-offi_345e61")): Object 'Object Repository/Page_The Story and Evolution of Doodles - G_6e786d/p_The first Doodle was a simple out-of-offi_345e61' is visible

17-06-2024T18:48:21 - [MESSAGE][PASSED] - Object 'Object Repository/Page_The Story and Evolution of Doodles - G_6e786d/p_The first Doodle was a simple out-of-offi_345e61' is visible

17-06-2024T18:48:21 - [TEST_STEP][PASSED] - verifyElementVisible(findTestObject("Object Repository/Page_The Story and Evolution of Doodles - G_6e786d/h2_Weve created more than 5,000 Doodles ove_111429")): Object 'Object Repository/Page_The Story and Evolution of Doodles - G_6e786d/h2_Weve created more than 5,000 Doodles ove_111429' is visible

17-06-2024T18:48:21 - [MESSAGE][PASSED] - Object 'Object Repository/Page_The Story and Evolution of Doodles - G_6e786d/h2_Weve created more than 5,000 Doodles ove_111429' is visible

17-06-2024T18:48:21 - [TEST_STEP][PASSED] - verifyElementVisible(findTestObject("Object Repository/Page_The Story and Evolution of Doodles - G_6e786d/h1_The story behind Doodles")): Object 'Object Repository/Page_The Story and Evolution of Doodles - G_6e786d/h1_The story behind Doodles' is visible

17-06-2024T18:48:22 - [MESSAGE][PASSED] - Object 'Object Repository/Page_The Story and Evolution of Doodles - G_6e786d/h1_The story behind Doodles' is visible

17-06-2024T18:48:22 - [TEST_STEP][PASSED] - verifyElementVisible(findTestObject("Object Repository/Page_The Story and Evolution of Doodles - G_6e786d/p_The first Doodle was a simple out-of-offi_345e61")): Object 'Object Repository/Page_The Story and Evolution of Doodles - G_6e786d/p_The first Doodle was a simple out-of-offi_345e61' is visible

17-06-2024T18:48:22 - [MESSAGE][PASSED] - Object 'Object Repository/Page_The Story and Evolution of Doodles - G_6e786d/p_The first Doodle was a simple out-of-offi_345e61' is visible

17-06-2024T18:48:22 - [TEST_STEP][PASSED] - verifyElementVisible(findTestObject("Object Repository/Page_The Story and Evolution of Doodles - G_6e786d/h2_Weve created more than 5,000 Doodles ove_111429")): Object 'Object Repository/Page_The Story and Evolution of Doodles - G_6e786d/h2_Weve created more than 5,000 Doodles ove_111429' is visible

17-06-2024T18:48:22 - [MESSAGE][PASSED] - Object 'Object Repository/Page_The Story and Evolution of Doodles - G_6e786d/h2_Weve created more than 5,000 Doodles ove_111429' is visible

17-06-2024T18:48:22 - [TEST_STEP][PASSED] - click(findTestObject("Object Repository/Page_The Story and Evolution of Doodles - G_6e786d/p_The first Doodle was a simple out-of-offi_345e61")): Object: 'Object Repository/Page_The Story and Evolution of Doodles - G_6e786d/p_The first Doodle was a simple out-of-offi_345e61' is clicked on

17-06-2024T18:48:23 - [MESSAGE][PASSED] - Object: 'Object Repository/Page_The Story and Evolution of Doodles - G_6e786d/p_The first Doodle was a simple out-of-offi_345e61' is clicked on

17-06-2024T18:48:23 - [TEST_STEP][PASSED] - verifyElementVisible(findTestObject("Object Repository/Page_The Story and Evolution of Doodles - G_6e786d/h1_The story behind Doodles")): Object 'Object Repository/Page_The Story and Evolution of Doodles - G_6e786d/h1_The story behind Doodles' is visible

17-06-2024T18:48:23 - [MESSAGE][PASSED] - Object 'Object Repository/Page_The Story and Evolution of Doodles - G_6e786d/h1_The story behind Doodles' is visible

17-06-2024T18:48:23 - [TEST_STEP][PASSED] - verifyElementVisible(findTestObject("Object Repository/Page_The Story and Evolution of Doodles - G_6e786d/p_The first Doodle was a simple out-of-offi_345e61")): Object 'Object Repository/Page_The Story and Evolution of Doodles - G_6e786d/p_The first Doodle was a simple out-of-offi_345e61' is visible

17-06-2024T18:48:23 - [MESSAGE][PASSED] - Object 'Object Repository/Page_The Story and Evolution of Doodles - G_6e786d/p_The first Doodle was a simple out-of-offi_345e61' is visible

17-06-2024T18:48:23 - [TEST_STEP][PASSED] - verifyElementVisible(findTestObject("Object Repository/Page_The Story and Evolution of Doodles - G_6e786d/h2_Weve created more than 5,000 Doodles ove_111429")): Object 'Object Repository/Page_The Story and Evolution of Doodles - G_6e786d/h2_Weve created more than 5,000 Doodles ove_111429' is visible

17-06-2024T18:48:24 - [MESSAGE][PASSED] - Object 'Object Repository/Page_The Story and Evolution of Doodles - G_6e786d/h2_Weve created more than 5,000 Doodles ove_111429' is visible

17-06-2024T18:48:24 - [TEST_STEP][PASSED] - click(findTestObject("Object Repository/Page_The Story and Evolution of Doodles - G_6e786d/p_The first Doodle was a simple out-of-offi_345e61")): Object: 'Object Repository/Page_The Story and Evolution of Doodles - G_6e786d/p_The first Doodle was a simple out-of-offi_345e61' is clicked on

17-06-2024T18:48:24 - [MESSAGE][PASSED] - Object: 'Object Repository/Page_The Story and Evolution of Doodles - G_6e786d/p_The first Doodle was a simple out-of-offi_345e61' is clicked on

17-06-2024T18:48:24 - [TEST_STEP][PASSED] - verifyElementVisible(findTestObject("Object Repository/Page_The Story and Evolution of Doodles - G_6e786d/h1_The story behind Doodles")): Object 'Object Repository/Page_The Story and Evolution of Doodles - G_6e786d/h1_The story behind Doodles' is visible

17-06-2024T18:48:24 - [MESSAGE][PASSED] - Object 'Object Repository/Page_The Story and Evolution of Doodles - G_6e786d/h1_The story behind Doodles' is visible

17-06-2024T18:48:24 - [TEST_STEP][PASSED] - verifyElementVisible(findTestObject("Object Repository/Page_The Story and Evolution of Doodles - G_6e786d/p_The first Doodle was a simple out-of-offi_345e61")): Object 'Object Repository/Page_The Story and Evolution of Doodles - G_6e786d/p_The first Doodle was a simple out-of-offi_345e61' is visible

17-06-2024T18:48:25 - [MESSAGE][PASSED] - Object 'Object Repository/Page_The Story and Evolution of Doodles - G_6e786d/p_The first Doodle was a simple out-of-offi_345e61' is visible

17-06-2024T18:48:25 - [TEST_STEP][PASSED] - verifyElementVisible(findTestObject("Object Repository/Page_The Story and Evolution of Doodles - G_6e786d/h2_Weve created more than 5,000 Doodles ove_111429")): Object 'Object Repository/Page_The Story and Evolution of Doodles - G_6e786d/h2_Weve created more than 5,000 Doodles ove_111429' is visible

17-06-2024T18:48:25 - [MESSAGE][PASSED] - Object 'Object Repository/Page_The Story and Evolution of Doodles - G_6e786d/h2_Weve created more than 5,000 Doodles ove_111429' is visible

17-06-2024T18:48:25 - [TEST_STEP][PASSED] - click(findTestObject("Object Repository/Page_The Story and Evolution of Doodles - G_6e786d/p_The first Doodle was a simple out-of-offi_345e61")): Object: 'Object Repository/Page_The Story and Evolution of Doodles - G_6e786d/p_The first Doodle was a simple out-of-offi_345e61' is clicked on

17-06-2024T18:48:26 - [MESSAGE][PASSED] - Object: 'Object Repository/Page_The Story and Evolution of Doodles - G_6e786d/p_The first Doodle was a simple out-of-offi_345e61' is clicked on

17-06-2024T18:48:26 - [TEST_STEP][PASSED] - verifyElementVisible(findTestObject("Object Repository/Page_The Story and Evolution of Doodles - G_6e786d/h1_The story behind Doodles")): Object 'Object Repository/Page_The Story and Evolution of Doodles - G_6e786d/h1_The story behind Doodles' is visible

17-06-2024T18:48:26 - [MESSAGE][PASSED] - Object 'Object Repository/Page_The Story and Evolution of Doodles - G_6e786d/h1_The story behind Doodles' is visible

17-06-2024T18:48:26 - [TEST_STEP][PASSED] - verifyElementVisible(findTestObject("Object Repository/Page_The Story and Evolution of Doodles - G_6e786d/p_The first Doodle was a simple out-of-offi_345e61")): Object 'Object Repository/Page_The Story and Evolution of Doodles - G_6e786d/p_The first Doodle was a simple out-of-offi_345e61' is visible

17-06-2024T18:48:26 - [MESSAGE][PASSED] - Object 'Object Repository/Page_The Story and Evolution of Doodles - G_6e786d/p_The first Doodle was a simple out-of-offi_345e61' is visible

17-06-2024T18:48:26 - [TEST_STEP][PASSED] - verifyElementVisible(findTestObject("Object Repository/Page_The Story and Evolution of Doodles - G_6e786d/h2_Weve created more than 5,000 Doodles ove_111429")): Object 'Object Repository/Page_The Story and Evolution of Doodles - G_6e786d/h2_Weve created more than 5,000 Doodles ove_111429' is visible

17-06-2024T18:48:26 - [MESSAGE][PASSED] - Object 'Object Repository/Page_The Story and Evolution of Doodles - G_6e786d/h2_Weve created more than 5,000 Doodles ove_111429' is visible

17-06-2024T18:48:26 - [TEST_STEP][PASSED] - click(findTestObject("Object Repository/Page_The Story and Evolution of Doodles - G_6e786d/p_The first Doodle was a simple out-of-offi_345e61")): Object: 'Object Repository/Page_The Story and Evolution of Doodles - G_6e786d/p_The first Doodle was a simple out-of-offi_345e61' is clicked on

17-06-2024T18:48:27 - [MESSAGE][PASSED] - Object: 'Object Repository/Page_The Story and Evolution of Doodles - G_6e786d/p_The first Doodle was a simple out-of-offi_345e61' is clicked on

17-06-2024T18:48:27 - [TEST_STEP][PASSED] - verifyElementVisible(findTestObject("Object Repository/Page_The Story and Evolution of Doodles - G_6e786d/h1_The story behind Doodles")): Object 'Object Repository/Page_The Story and Evolution of Doodles - G_6e786d/h1_The story behind Doodles' is visible

17-06-2024T18:48:27 - [MESSAGE][PASSED] - Object 'Object Repository/Page_The Story and Evolution of Doodles - G_6e786d/h1_The story behind Doodles' is visible

17-06-2024T18:48:27 - [TEST_STEP][PASSED] - verifyElementVisible(findTestObject("Object Repository/Page_The Story and Evolution of Doodles - G_6e786d/p_The first Doodle was a simple out-of-offi_345e61")): Object 'Object Repository/Page_The Story and Evolution of Doodles - G_6e786d/p_The first Doodle was a simple out-of-offi_345e61' is visible

17-06-2024T18:48:28 - [MESSAGE][PASSED] - Object 'Object Repository/Page_The Story and Evolution of Doodles - G_6e786d/p_The first Doodle was a simple out-of-offi_345e61' is visible

17-06-2024T18:48:28 - [TEST_STEP][PASSED] - verifyElementVisible(findTestObject("Object Repository/Page_The Story and Evolution of Doodles - G_6e786d/h2_Weve created more than 5,000 Doodles ove_111429")): Object 'Object Repository/Page_The Story and Evolution of Doodles - G_6e786d/h2_Weve created more than 5,000 Doodles ove_111429' is visible

17-06-2024T18:48:28 - [MESSAGE][PASSED] - Object 'Object Repository/Page_The Story and Evolution of Doodles - G_6e786d/h2_Weve created more than 5,000 Doodles ove_111429' is visible

17-06-2024T18:48:28 - [TEST_STEP][PASSED] - click(findTestObject("Object Repository/Page_The Story and Evolution of Doodles - G_6e786d/p_The first Doodle was a simple out-of-offi_345e61")): Object: 'Object Repository/Page_The Story and Evolution of Doodles - G_6e786d/p_The first Doodle was a simple out-of-offi_345e61' is clicked on

17-06-2024T18:48:28 - [MESSAGE][PASSED] - Object: 'Object Repository/Page_The Story and Evolution of Doodles - G_6e786d/p_The first Doodle was a simple out-of-offi_345e61' is clicked on

17-06-2024T18:48:28 - [TEST_STEP][PASSED] - verifyElementVisible(findTestObject("Object Repository/Page_The Story and Evolution of Doodles - G_6e786d/h1_The story behind Doodles")): Object 'Object Repository/Page_The Story and Evolution of Doodles - G_6e786d/h1_The story behind Doodles' is visible

17-06-2024T18:48:29 - [MESSAGE][PASSED] - Object 'Object Repository/Page_The Story and Evolution of Doodles - G_6e786d/h1_The story behind Doodles' is visible

17-06-2024T18:48:29 - [TEST_STEP][PASSED] - verifyElementVisible(findTestObject("Object Repository/Page_The Story and Evolution of Doodles - G_6e786d/p_The first Doodle was a simple out-of-offi_345e61")): Object 'Object Repository/Page_The Story and Evolution of Doodles - G_6e786d/p_The first Doodle was a simple out-of-offi_345e61' is visible

17-06-2024T18:48:29 - [MESSAGE][PASSED] - Object 'Object Repository/Page_The Story and Evolution of Doodles - G_6e786d/p_The first Doodle was a simple out-of-offi_345e61' is visible

17-06-2024T18:48:29 - [TEST_STEP][PASSED] - verifyElementVisible(findTestObject("Object Repository/Page_The Story and Evolution of Doodles - G_6e786d/h2_Weve created more than 5,000 Doodles ove_111429")): Object 'Object Repository/Page_The Story and Evolution of Doodles - G_6e786d/h2_Weve created more than 5,000 Doodles ove_111429' is visible

17-06-2024T18:48:29 - [MESSAGE][PASSED] - Object 'Object Repository/Page_The Story and Evolution of Doodles - G_6e786d/h2_Weve created more than 5,000 Doodles ove_111429' is visible

17-06-2024T18:48:29 - [TEST_STEP][PASSED] - click(findTestObject("Object Repository/Page_The Story and Evolution of Doodles - G_6e786d/p_The first Doodle was a simple out-of-offi_345e61")): Object: 'Object Repository/Page_The Story and Evolution of Doodles - G_6e786d/p_The first Doodle was a simple out-of-offi_345e61' is clicked on

17-06-2024T18:48:30 - [MESSAGE][PASSED] - Object: 'Object Repository/Page_The Story and Evolution of Doodles - G_6e786d/p_The first Doodle was a simple out-of-offi_345e61' is clicked on

17-06-2024T18:48:30 - [TEST_STEP][PASSED] - verifyElementVisible(findTestObject("Object Repository/Page_The Story and Evolution of Doodles - G_6e786d/h1_The story behind Doodles")): Object 'Object Repository/Page_The Story and Evolution of Doodles - G_6e786d/h1_The story behind Doodles' is visible

17-06-2024T18:48:30 - [MESSAGE][PASSED] - Object 'Object Repository/Page_The Story and Evolution of Doodles - G_6e786d/h1_The story behind Doodles' is visible

17-06-2024T18:48:30 - [TEST_STEP][PASSED] - verifyElementVisible(findTestObject("Object Repository/Page_The Story and Evolution of Doodles - G_6e786d/p_The first Doodle was a simple out-of-offi_345e61")): Object 'Object Repository/Page_The Story and Evolution of Doodles - G_6e786d/p_The first Doodle was a simple out-of-offi_345e61' is visible

17-06-2024T18:48:30 - [MESSAGE][PASSED] - Object 'Object Repository/Page_The Story and Evolution of Doodles - G_6e786d/p_The first Doodle was a simple out-of-offi_345e61' is visible

17-06-2024T18:48:30 - [TEST_STEP][PASSED] - verifyElementVisible(findTestObject("Object Repository/Page_The Story and Evolution of Doodles - G_6e786d/h2_Weve created more than 5,000 Doodles ove_111429")): Object 'Object Repository/Page_The Story and Evolution of Doodles - G_6e786d/h2_Weve created more than 5,000 Doodles ove_111429' is visible

17-06-2024T18:48:31 - [MESSAGE][PASSED] - Object 'Object Repository/Page_The Story and Evolution of Doodles - G_6e786d/h2_Weve created more than 5,000 Doodles ove_111429' is visible

17-06-2024T18:48:31 - [TEST_STEP][PASSED] - click(findTestObject("Object Repository/Page_The Story and Evolution of Doodles - G_6e786d/p_The first Doodle was a simple out-of-offi_345e61")): Object: 'Object Repository/Page_The Story and Evolution of Doodles - G_6e786d/p_The first Doodle was a simple out-of-offi_345e61' is clicked on

17-06-2024T18:48:31 - [MESSAGE][PASSED] - Object: 'Object Repository/Page_The Story and Evolution of Doodles - G_6e786d/p_The first Doodle was a simple out-of-offi_345e61' is clicked on

17-06-2024T18:48:31 - [TEST_STEP][PASSED] - verifyElementVisible(findTestObject("Object Repository/Page_The Story and Evolution of Doodles - G_6e786d/h1_The story behind Doodles")): Object 'Object Repository/Page_The Story and Evolution of Doodles - G_6e786d/h1_The story behind Doodles' is visible

17-06-2024T18:48:31 - [MESSAGE][PASSED] - Object 'Object Repository/Page_The Story and Evolution of Doodles - G_6e786d/h1_The story behind Doodles' is visible

17-06-2024T18:48:31 - [TEST_STEP][PASSED] - verifyElementVisible(findTestObject("Object Repository/Page_The Story and Evolution of Doodles - G_6e786d/p_The first Doodle was a simple out-of-offi_345e61")): Object 'Object Repository/Page_The Story and Evolution of Doodles - G_6e786d/p_The first Doodle was a simple out-of-offi_345e61' is visible

17-06-2024T18:48:31 - [MESSAGE][PASSED] - Object 'Object Repository/Page_The Story and Evolution of Doodles - G_6e786d/p_The first Doodle was a simple out-of-offi_345e61' is visible

17-06-2024T18:48:31 - [TEST_STEP][PASSED] - verifyElementVisible(findTestObject("Object Repository/Page_The Story and Evolution of Doodles - G_6e786d/h2_Weve created more than 5,000 Doodles ove_111429")): Object 'Object Repository/Page_The Story and Evolution of Doodles - G_6e786d/h2_Weve created more than 5,000 Doodles ove_111429' is visible

17-06-2024T18:48:32 - [MESSAGE][PASSED] - Object 'Object Repository/Page_The Story and Evolution of Doodles - G_6e786d/h2_Weve created more than 5,000 Doodles ove_111429' is visible

17-06-2024T18:48:32 - [TEST_STEP][PASSED] - click(findTestObject("Object Repository/Page_The Story and Evolution of Doodles - G_6e786d/p_The first Doodle was a simple out-of-offi_345e61")): Object: 'Object Repository/Page_The Story and Evolution of Doodles - G_6e786d/p_The first Doodle was a simple out-of-offi_345e61' is clicked on

17-06-2024T18:48:32 - [MESSAGE][PASSED] - Object: 'Object Repository/Page_The Story and Evolution of Doodles - G_6e786d/p_The first Doodle was a simple out-of-offi_345e61' is clicked on

17-06-2024T18:48:32 - [TEST_STEP][PASSED] - verifyElementVisible(findTestObject("Object Repository/Page_The Story and Evolution of Doodles - G_6e786d/h1_The story behind Doodles")): Object 'Object Repository/Page_The Story and Evolution of Doodles - G_6e786d/h1_The story behind Doodles' is visible

17-06-2024T18:48:33 - [MESSAGE][PASSED] - Object 'Object Repository/Page_The Story and Evolution of Doodles - G_6e786d/h1_The story behind Doodles' is visible

17-06-2024T18:48:33 - [TEST_STEP][PASSED] - verifyElementVisible(findTestObject("Object Repository/Page_The Story and Evolution of Doodles - G_6e786d/p_The first Doodle was a simple out-of-offi_345e61")): Object 'Object Repository/Page_The Story and Evolution of Doodles - G_6e786d/p_The first Doodle was a simple out-of-offi_345e61' is visible

17-06-2024T18:48:33 - [MESSAGE][PASSED] - Object 'Object Repository/Page_The Story and Evolution of Doodles - G_6e786d/p_The first Doodle was a simple out-of-offi_345e61' is visible

17-06-2024T18:48:33 - [TEST_STEP][PASSED] - verifyElementVisible(findTestObject("Object Repository/Page_The Story and Evolution of Doodles - G_6e786d/h2_Weve created more than 5,000 Doodles ove_111429")): Object 'Object Repository/Page_The Story and Evolution of Doodles - G_6e786d/h2_Weve created more than 5,000 Doodles ove_111429' is visible

17-06-2024T18:48:33 - [MESSAGE][PASSED] - Object 'Object Repository/Page_The Story and Evolution of Doodles - G_6e786d/h2_Weve created more than 5,000 Doodles ove_111429' is visible

17-06-2024T18:48:33 - [TEST_STEP][PASSED] - click(findTestObject("Object Repository/Page_The Story and Evolution of Doodles - G_6e786d/p_The first Doodle was a simple out-of-offi_345e61")): Object: 'Object Repository/Page_The Story and Evolution of Doodles - G_6e786d/p_The first Doodle was a simple out-of-offi_345e61' is clicked on

17-06-2024T18:48:34 - [MESSAGE][PASSED] - Object: 'Object Repository/Page_The Story and Evolution of Doodles - G_6e786d/p_The first Doodle was a simple out-of-offi_345e61' is clicked on

17-06-2024T18:48:34 - [TEST_STEP][PASSED] - verifyElementVisible(findTestObject("Object Repository/Page_The Story and Evolution of Doodles - G_6e786d/h1_The story behind Doodles")): Object 'Object Repository/Page_The Story and Evolution of Doodles - G_6e786d/h1_The story behind Doodles' is visible

17-06-2024T18:48:34 - [MESSAGE][PASSED] - Object 'Object Repository/Page_The Story and Evolution of Doodles - G_6e786d/h1_The story behind Doodles' is visible

17-06-2024T18:48:34 - [TEST_STEP][PASSED] - verifyElementVisible(findTestObject("Object Repository/Page_The Story and Evolution of Doodles - G_6e786d/p_The first Doodle was a simple out-of-offi_345e61")): Object 'Object Repository/Page_The Story and Evolution of Doodles - G_6e786d/p_The first Doodle was a simple out-of-offi_345e61' is visible

17-06-2024T18:48:34 - [MESSAGE][PASSED] - Object 'Object Repository/Page_The Story and Evolution of Doodles - G_6e786d/p_The first Doodle was a simple out-of-offi_345e61' is visible

17-06-2024T18:48:34 - [TEST_STEP][PASSED] - verifyElementVisible(findTestObject("Object Repository/Page_The Story and Evolution of Doodles - G_6e786d/h2_Weve created more than 5,000 Doodles ove_111429")): Object 'Object Repository/Page_The Story and Evolution of Doodles - G_6e786d/h2_Weve created more than 5,000 Doodles ove_111429' is visible

17-06-2024T18:48:35 - [MESSAGE][PASSED] - Object 'Object Repository/Page_The Story and Evolution of Doodles - G_6e786d/h2_Weve created more than 5,000 Doodles ove_111429' is visible]]></system-out>
         <system-err><![CDATA[]]></system-err>
      </testcase>
      <testcase name="Test Cases/test case folder 1/tc1 - Copy (5) - Copy (2)" time="19.749" classname="Test Cases/test case folder 1/tc1 - Copy (5) - Copy (2)" status="PASSED">
         <system-out><![CDATA[17-06-2024T18:48:35 - [TEST_CASE][PASSED] - Test Cases/test case folder 1/tc1 - Copy (5) - Copy (2): Test Cases/test case folder 1/tc1 - Copy (5) - Copy (2)

17-06-2024T18:48:35 - [TEST_STEP][PASSED] - openBrowser(""): Browser is opened with url: ''

17-06-2024T18:48:35 - [MESSAGE][WARNING] - A browser is already opened. Closing browser and opening a new one

17-06-2024T18:48:35 - [MESSAGE][INFO] - Starting 'Chrome (headless)' driver

17-06-2024T18:48:35 - [MESSAGE][INFO] - Action delay is set to 0 milliseconds

17-06-2024T18:48:36 - [MESSAGE][PASSED] - Browser is opened with url: ''

17-06-2024T18:48:36 - [TEST_STEP][PASSED] - navigateToUrl("https://doodles.google/about/"): Navigate to 'https://doodles.google/about/' successfully

17-06-2024T18:48:40 - [MESSAGE][PASSED] - Navigate to 'https://doodles.google/about/' successfully

17-06-2024T18:48:40 - [TEST_STEP][PASSED] - click(findTestObject("Object Repository/Page_The Story and Evolution of Doodles - G_6e786d/p_The first Doodle was a simple out-of-offi_345e61")): Object: 'Object Repository/Page_The Story and Evolution of Doodles - G_6e786d/p_The first Doodle was a simple out-of-offi_345e61' is clicked on

17-06-2024T18:48:40 - [MESSAGE][PASSED] - Object: 'Object Repository/Page_The Story and Evolution of Doodles - G_6e786d/p_The first Doodle was a simple out-of-offi_345e61' is clicked on

17-06-2024T18:48:40 - [TEST_STEP][PASSED] - click(findTestObject("Object Repository/Page_The Story and Evolution of Doodles - G_6e786d/p_The first Doodle was a simple out-of-offi_345e61")): Object: 'Object Repository/Page_The Story and Evolution of Doodles - G_6e786d/p_The first Doodle was a simple out-of-offi_345e61' is clicked on

17-06-2024T18:48:40 - [MESSAGE][PASSED] - Object: 'Object Repository/Page_The Story and Evolution of Doodles - G_6e786d/p_The first Doodle was a simple out-of-offi_345e61' is clicked on

17-06-2024T18:48:40 - [TEST_STEP][PASSED] - verifyElementVisible(findTestObject("Object Repository/Page_The Story and Evolution of Doodles - G_6e786d/h1_The story behind Doodles")): Object 'Object Repository/Page_The Story and Evolution of Doodles - G_6e786d/h1_The story behind Doodles' is visible

17-06-2024T18:48:41 - [MESSAGE][PASSED] - Object 'Object Repository/Page_The Story and Evolution of Doodles - G_6e786d/h1_The story behind Doodles' is visible

17-06-2024T18:48:41 - [TEST_STEP][PASSED] - verifyElementVisible(findTestObject("Object Repository/Page_The Story and Evolution of Doodles - G_6e786d/p_The first Doodle was a simple out-of-offi_345e61")): Object 'Object Repository/Page_The Story and Evolution of Doodles - G_6e786d/p_The first Doodle was a simple out-of-offi_345e61' is visible

17-06-2024T18:48:41 - [MESSAGE][PASSED] - Object 'Object Repository/Page_The Story and Evolution of Doodles - G_6e786d/p_The first Doodle was a simple out-of-offi_345e61' is visible

17-06-2024T18:48:41 - [TEST_STEP][PASSED] - verifyElementVisible(findTestObject("Object Repository/Page_The Story and Evolution of Doodles - G_6e786d/h2_Weve created more than 5,000 Doodles ove_111429")): Object 'Object Repository/Page_The Story and Evolution of Doodles - G_6e786d/h2_Weve created more than 5,000 Doodles ove_111429' is visible

17-06-2024T18:48:41 - [MESSAGE][PASSED] - Object 'Object Repository/Page_The Story and Evolution of Doodles - G_6e786d/h2_Weve created more than 5,000 Doodles ove_111429' is visible

17-06-2024T18:48:41 - [TEST_STEP][PASSED] - verifyElementVisible(findTestObject("Object Repository/Page_The Story and Evolution of Doodles - G_6e786d/h1_The story behind Doodles")): Object 'Object Repository/Page_The Story and Evolution of Doodles - G_6e786d/h1_The story behind Doodles' is visible

17-06-2024T18:48:42 - [MESSAGE][PASSED] - Object 'Object Repository/Page_The Story and Evolution of Doodles - G_6e786d/h1_The story behind Doodles' is visible

17-06-2024T18:48:42 - [TEST_STEP][PASSED] - verifyElementVisible(findTestObject("Object Repository/Page_The Story and Evolution of Doodles - G_6e786d/p_The first Doodle was a simple out-of-offi_345e61")): Object 'Object Repository/Page_The Story and Evolution of Doodles - G_6e786d/p_The first Doodle was a simple out-of-offi_345e61' is visible

17-06-2024T18:48:42 - [MESSAGE][PASSED] - Object 'Object Repository/Page_The Story and Evolution of Doodles - G_6e786d/p_The first Doodle was a simple out-of-offi_345e61' is visible

17-06-2024T18:48:42 - [TEST_STEP][PASSED] - verifyElementVisible(findTestObject("Object Repository/Page_The Story and Evolution of Doodles - G_6e786d/h2_Weve created more than 5,000 Doodles ove_111429")): Object 'Object Repository/Page_The Story and Evolution of Doodles - G_6e786d/h2_Weve created more than 5,000 Doodles ove_111429' is visible

17-06-2024T18:48:42 - [MESSAGE][PASSED] - Object 'Object Repository/Page_The Story and Evolution of Doodles - G_6e786d/h2_Weve created more than 5,000 Doodles ove_111429' is visible

17-06-2024T18:48:42 - [TEST_STEP][PASSED] - click(findTestObject("Object Repository/Page_The Story and Evolution of Doodles - G_6e786d/p_The first Doodle was a simple out-of-offi_345e61")): Object: 'Object Repository/Page_The Story and Evolution of Doodles - G_6e786d/p_The first Doodle was a simple out-of-offi_345e61' is clicked on

17-06-2024T18:48:43 - [MESSAGE][PASSED] - Object: 'Object Repository/Page_The Story and Evolution of Doodles - G_6e786d/p_The first Doodle was a simple out-of-offi_345e61' is clicked on

17-06-2024T18:48:43 - [TEST_STEP][PASSED] - verifyElementVisible(findTestObject("Object Repository/Page_The Story and Evolution of Doodles - G_6e786d/h1_The story behind Doodles")): Object 'Object Repository/Page_The Story and Evolution of Doodles - G_6e786d/h1_The story behind Doodles' is visible

17-06-2024T18:48:43 - [MESSAGE][PASSED] - Object 'Object Repository/Page_The Story and Evolution of Doodles - G_6e786d/h1_The story behind Doodles' is visible

17-06-2024T18:48:43 - [TEST_STEP][PASSED] - verifyElementVisible(findTestObject("Object Repository/Page_The Story and Evolution of Doodles - G_6e786d/p_The first Doodle was a simple out-of-offi_345e61")): Object 'Object Repository/Page_The Story and Evolution of Doodles - G_6e786d/p_The first Doodle was a simple out-of-offi_345e61' is visible

17-06-2024T18:48:43 - [MESSAGE][PASSED] - Object 'Object Repository/Page_The Story and Evolution of Doodles - G_6e786d/p_The first Doodle was a simple out-of-offi_345e61' is visible

17-06-2024T18:48:43 - [TEST_STEP][PASSED] - verifyElementVisible(findTestObject("Object Repository/Page_The Story and Evolution of Doodles - G_6e786d/h2_Weve created more than 5,000 Doodles ove_111429")): Object 'Object Repository/Page_The Story and Evolution of Doodles - G_6e786d/h2_Weve created more than 5,000 Doodles ove_111429' is visible

17-06-2024T18:48:44 - [MESSAGE][PASSED] - Object 'Object Repository/Page_The Story and Evolution of Doodles - G_6e786d/h2_Weve created more than 5,000 Doodles ove_111429' is visible

17-06-2024T18:48:44 - [TEST_STEP][PASSED] - click(findTestObject("Object Repository/Page_The Story and Evolution of Doodles - G_6e786d/p_The first Doodle was a simple out-of-offi_345e61")): Object: 'Object Repository/Page_The Story and Evolution of Doodles - G_6e786d/p_The first Doodle was a simple out-of-offi_345e61' is clicked on

17-06-2024T18:48:44 - [MESSAGE][PASSED] - Object: 'Object Repository/Page_The Story and Evolution of Doodles - G_6e786d/p_The first Doodle was a simple out-of-offi_345e61' is clicked on

17-06-2024T18:48:44 - [TEST_STEP][PASSED] - verifyElementVisible(findTestObject("Object Repository/Page_The Story and Evolution of Doodles - G_6e786d/h1_The story behind Doodles")): Object 'Object Repository/Page_The Story and Evolution of Doodles - G_6e786d/h1_The story behind Doodles' is visible

17-06-2024T18:48:44 - [MESSAGE][PASSED] - Object 'Object Repository/Page_The Story and Evolution of Doodles - G_6e786d/h1_The story behind Doodles' is visible

17-06-2024T18:48:44 - [TEST_STEP][PASSED] - verifyElementVisible(findTestObject("Object Repository/Page_The Story and Evolution of Doodles - G_6e786d/p_The first Doodle was a simple out-of-offi_345e61")): Object 'Object Repository/Page_The Story and Evolution of Doodles - G_6e786d/p_The first Doodle was a simple out-of-offi_345e61' is visible

17-06-2024T18:48:45 - [MESSAGE][PASSED] - Object 'Object Repository/Page_The Story and Evolution of Doodles - G_6e786d/p_The first Doodle was a simple out-of-offi_345e61' is visible

17-06-2024T18:48:45 - [TEST_STEP][PASSED] - verifyElementVisible(findTestObject("Object Repository/Page_The Story and Evolution of Doodles - G_6e786d/h2_Weve created more than 5,000 Doodles ove_111429")): Object 'Object Repository/Page_The Story and Evolution of Doodles - G_6e786d/h2_Weve created more than 5,000 Doodles ove_111429' is visible

17-06-2024T18:48:45 - [MESSAGE][PASSED] - Object 'Object Repository/Page_The Story and Evolution of Doodles - G_6e786d/h2_Weve created more than 5,000 Doodles ove_111429' is visible

17-06-2024T18:48:45 - [TEST_STEP][PASSED] - click(findTestObject("Object Repository/Page_The Story and Evolution of Doodles - G_6e786d/p_The first Doodle was a simple out-of-offi_345e61")): Object: 'Object Repository/Page_The Story and Evolution of Doodles - G_6e786d/p_The first Doodle was a simple out-of-offi_345e61' is clicked on

17-06-2024T18:48:45 - [MESSAGE][PASSED] - Object: 'Object Repository/Page_The Story and Evolution of Doodles - G_6e786d/p_The first Doodle was a simple out-of-offi_345e61' is clicked on

17-06-2024T18:48:45 - [TEST_STEP][PASSED] - verifyElementVisible(findTestObject("Object Repository/Page_The Story and Evolution of Doodles - G_6e786d/h1_The story behind Doodles")): Object 'Object Repository/Page_The Story and Evolution of Doodles - G_6e786d/h1_The story behind Doodles' is visible

17-06-2024T18:48:46 - [MESSAGE][PASSED] - Object 'Object Repository/Page_The Story and Evolution of Doodles - G_6e786d/h1_The story behind Doodles' is visible

17-06-2024T18:48:46 - [TEST_STEP][PASSED] - verifyElementVisible(findTestObject("Object Repository/Page_The Story and Evolution of Doodles - G_6e786d/p_The first Doodle was a simple out-of-offi_345e61")): Object 'Object Repository/Page_The Story and Evolution of Doodles - G_6e786d/p_The first Doodle was a simple out-of-offi_345e61' is visible

17-06-2024T18:48:46 - [MESSAGE][PASSED] - Object 'Object Repository/Page_The Story and Evolution of Doodles - G_6e786d/p_The first Doodle was a simple out-of-offi_345e61' is visible

17-06-2024T18:48:46 - [TEST_STEP][PASSED] - verifyElementVisible(findTestObject("Object Repository/Page_The Story and Evolution of Doodles - G_6e786d/h2_Weve created more than 5,000 Doodles ove_111429")): Object 'Object Repository/Page_The Story and Evolution of Doodles - G_6e786d/h2_Weve created more than 5,000 Doodles ove_111429' is visible

17-06-2024T18:48:46 - [MESSAGE][PASSED] - Object 'Object Repository/Page_The Story and Evolution of Doodles - G_6e786d/h2_Weve created more than 5,000 Doodles ove_111429' is visible

17-06-2024T18:48:46 - [TEST_STEP][PASSED] - click(findTestObject("Object Repository/Page_The Story and Evolution of Doodles - G_6e786d/p_The first Doodle was a simple out-of-offi_345e61")): Object: 'Object Repository/Page_The Story and Evolution of Doodles - G_6e786d/p_The first Doodle was a simple out-of-offi_345e61' is clicked on

17-06-2024T18:48:47 - [MESSAGE][PASSED] - Object: 'Object Repository/Page_The Story and Evolution of Doodles - G_6e786d/p_The first Doodle was a simple out-of-offi_345e61' is clicked on

17-06-2024T18:48:47 - [TEST_STEP][PASSED] - verifyElementVisible(findTestObject("Object Repository/Page_The Story and Evolution of Doodles - G_6e786d/h1_The story behind Doodles")): Object 'Object Repository/Page_The Story and Evolution of Doodles - G_6e786d/h1_The story behind Doodles' is visible

17-06-2024T18:48:47 - [MESSAGE][PASSED] - Object 'Object Repository/Page_The Story and Evolution of Doodles - G_6e786d/h1_The story behind Doodles' is visible

17-06-2024T18:48:47 - [TEST_STEP][PASSED] - verifyElementVisible(findTestObject("Object Repository/Page_The Story and Evolution of Doodles - G_6e786d/p_The first Doodle was a simple out-of-offi_345e61")): Object 'Object Repository/Page_The Story and Evolution of Doodles - G_6e786d/p_The first Doodle was a simple out-of-offi_345e61' is visible

17-06-2024T18:48:48 - [MESSAGE][PASSED] - Object 'Object Repository/Page_The Story and Evolution of Doodles - G_6e786d/p_The first Doodle was a simple out-of-offi_345e61' is visible

17-06-2024T18:48:48 - [TEST_STEP][PASSED] - verifyElementVisible(findTestObject("Object Repository/Page_The Story and Evolution of Doodles - G_6e786d/h2_Weve created more than 5,000 Doodles ove_111429")): Object 'Object Repository/Page_The Story and Evolution of Doodles - G_6e786d/h2_Weve created more than 5,000 Doodles ove_111429' is visible

17-06-2024T18:48:48 - [MESSAGE][PASSED] - Object 'Object Repository/Page_The Story and Evolution of Doodles - G_6e786d/h2_Weve created more than 5,000 Doodles ove_111429' is visible

17-06-2024T18:48:48 - [TEST_STEP][PASSED] - click(findTestObject("Object Repository/Page_The Story and Evolution of Doodles - G_6e786d/p_The first Doodle was a simple out-of-offi_345e61")): Object: 'Object Repository/Page_The Story and Evolution of Doodles - G_6e786d/p_The first Doodle was a simple out-of-offi_345e61' is clicked on

17-06-2024T18:48:48 - [MESSAGE][PASSED] - Object: 'Object Repository/Page_The Story and Evolution of Doodles - G_6e786d/p_The first Doodle was a simple out-of-offi_345e61' is clicked on

17-06-2024T18:48:48 - [TEST_STEP][PASSED] - verifyElementVisible(findTestObject("Object Repository/Page_The Story and Evolution of Doodles - G_6e786d/h1_The story behind Doodles")): Object 'Object Repository/Page_The Story and Evolution of Doodles - G_6e786d/h1_The story behind Doodles' is visible

17-06-2024T18:48:48 - [MESSAGE][PASSED] - Object 'Object Repository/Page_The Story and Evolution of Doodles - G_6e786d/h1_The story behind Doodles' is visible

17-06-2024T18:48:48 - [TEST_STEP][PASSED] - verifyElementVisible(findTestObject("Object Repository/Page_The Story and Evolution of Doodles - G_6e786d/p_The first Doodle was a simple out-of-offi_345e61")): Object 'Object Repository/Page_The Story and Evolution of Doodles - G_6e786d/p_The first Doodle was a simple out-of-offi_345e61' is visible

17-06-2024T18:48:49 - [MESSAGE][PASSED] - Object 'Object Repository/Page_The Story and Evolution of Doodles - G_6e786d/p_The first Doodle was a simple out-of-offi_345e61' is visible

17-06-2024T18:48:49 - [TEST_STEP][PASSED] - verifyElementVisible(findTestObject("Object Repository/Page_The Story and Evolution of Doodles - G_6e786d/h2_Weve created more than 5,000 Doodles ove_111429")): Object 'Object Repository/Page_The Story and Evolution of Doodles - G_6e786d/h2_Weve created more than 5,000 Doodles ove_111429' is visible

17-06-2024T18:48:49 - [MESSAGE][PASSED] - Object 'Object Repository/Page_The Story and Evolution of Doodles - G_6e786d/h2_Weve created more than 5,000 Doodles ove_111429' is visible

17-06-2024T18:48:49 - [TEST_STEP][PASSED] - click(findTestObject("Object Repository/Page_The Story and Evolution of Doodles - G_6e786d/p_The first Doodle was a simple out-of-offi_345e61")): Object: 'Object Repository/Page_The Story and Evolution of Doodles - G_6e786d/p_The first Doodle was a simple out-of-offi_345e61' is clicked on

17-06-2024T18:48:49 - [MESSAGE][PASSED] - Object: 'Object Repository/Page_The Story and Evolution of Doodles - G_6e786d/p_The first Doodle was a simple out-of-offi_345e61' is clicked on

17-06-2024T18:48:49 - [TEST_STEP][PASSED] - verifyElementVisible(findTestObject("Object Repository/Page_The Story and Evolution of Doodles - G_6e786d/h1_The story behind Doodles")): Object 'Object Repository/Page_The Story and Evolution of Doodles - G_6e786d/h1_The story behind Doodles' is visible

17-06-2024T18:48:50 - [MESSAGE][PASSED] - Object 'Object Repository/Page_The Story and Evolution of Doodles - G_6e786d/h1_The story behind Doodles' is visible

17-06-2024T18:48:50 - [TEST_STEP][PASSED] - verifyElementVisible(findTestObject("Object Repository/Page_The Story and Evolution of Doodles - G_6e786d/p_The first Doodle was a simple out-of-offi_345e61")): Object 'Object Repository/Page_The Story and Evolution of Doodles - G_6e786d/p_The first Doodle was a simple out-of-offi_345e61' is visible

17-06-2024T18:48:50 - [MESSAGE][PASSED] - Object 'Object Repository/Page_The Story and Evolution of Doodles - G_6e786d/p_The first Doodle was a simple out-of-offi_345e61' is visible

17-06-2024T18:48:50 - [TEST_STEP][PASSED] - verifyElementVisible(findTestObject("Object Repository/Page_The Story and Evolution of Doodles - G_6e786d/h2_Weve created more than 5,000 Doodles ove_111429")): Object 'Object Repository/Page_The Story and Evolution of Doodles - G_6e786d/h2_Weve created more than 5,000 Doodles ove_111429' is visible

17-06-2024T18:48:50 - [MESSAGE][PASSED] - Object 'Object Repository/Page_The Story and Evolution of Doodles - G_6e786d/h2_Weve created more than 5,000 Doodles ove_111429' is visible

17-06-2024T18:48:50 - [TEST_STEP][PASSED] - click(findTestObject("Object Repository/Page_The Story and Evolution of Doodles - G_6e786d/p_The first Doodle was a simple out-of-offi_345e61")): Object: 'Object Repository/Page_The Story and Evolution of Doodles - G_6e786d/p_The first Doodle was a simple out-of-offi_345e61' is clicked on

17-06-2024T18:48:51 - [MESSAGE][PASSED] - Object: 'Object Repository/Page_The Story and Evolution of Doodles - G_6e786d/p_The first Doodle was a simple out-of-offi_345e61' is clicked on

17-06-2024T18:48:51 - [TEST_STEP][PASSED] - verifyElementVisible(findTestObject("Object Repository/Page_The Story and Evolution of Doodles - G_6e786d/h1_The story behind Doodles")): Object 'Object Repository/Page_The Story and Evolution of Doodles - G_6e786d/h1_The story behind Doodles' is visible

17-06-2024T18:48:51 - [MESSAGE][PASSED] - Object 'Object Repository/Page_The Story and Evolution of Doodles - G_6e786d/h1_The story behind Doodles' is visible

17-06-2024T18:48:51 - [TEST_STEP][PASSED] - verifyElementVisible(findTestObject("Object Repository/Page_The Story and Evolution of Doodles - G_6e786d/p_The first Doodle was a simple out-of-offi_345e61")): Object 'Object Repository/Page_The Story and Evolution of Doodles - G_6e786d/p_The first Doodle was a simple out-of-offi_345e61' is visible

17-06-2024T18:48:51 - [MESSAGE][PASSED] - Object 'Object Repository/Page_The Story and Evolution of Doodles - G_6e786d/p_The first Doodle was a simple out-of-offi_345e61' is visible

17-06-2024T18:48:51 - [TEST_STEP][PASSED] - verifyElementVisible(findTestObject("Object Repository/Page_The Story and Evolution of Doodles - G_6e786d/h2_Weve created more than 5,000 Doodles ove_111429")): Object 'Object Repository/Page_The Story and Evolution of Doodles - G_6e786d/h2_Weve created more than 5,000 Doodles ove_111429' is visible

17-06-2024T18:48:52 - [MESSAGE][PASSED] - Object 'Object Repository/Page_The Story and Evolution of Doodles - G_6e786d/h2_Weve created more than 5,000 Doodles ove_111429' is visible

17-06-2024T18:48:52 - [TEST_STEP][PASSED] - click(findTestObject("Object Repository/Page_The Story and Evolution of Doodles - G_6e786d/p_The first Doodle was a simple out-of-offi_345e61")): Object: 'Object Repository/Page_The Story and Evolution of Doodles - G_6e786d/p_The first Doodle was a simple out-of-offi_345e61' is clicked on

17-06-2024T18:48:52 - [MESSAGE][PASSED] - Object: 'Object Repository/Page_The Story and Evolution of Doodles - G_6e786d/p_The first Doodle was a simple out-of-offi_345e61' is clicked on

17-06-2024T18:48:52 - [TEST_STEP][PASSED] - verifyElementVisible(findTestObject("Object Repository/Page_The Story and Evolution of Doodles - G_6e786d/h1_The story behind Doodles")): Object 'Object Repository/Page_The Story and Evolution of Doodles - G_6e786d/h1_The story behind Doodles' is visible

17-06-2024T18:48:52 - [MESSAGE][PASSED] - Object 'Object Repository/Page_The Story and Evolution of Doodles - G_6e786d/h1_The story behind Doodles' is visible

17-06-2024T18:48:52 - [TEST_STEP][PASSED] - verifyElementVisible(findTestObject("Object Repository/Page_The Story and Evolution of Doodles - G_6e786d/p_The first Doodle was a simple out-of-offi_345e61")): Object 'Object Repository/Page_The Story and Evolution of Doodles - G_6e786d/p_The first Doodle was a simple out-of-offi_345e61' is visible

17-06-2024T18:48:53 - [MESSAGE][PASSED] - Object 'Object Repository/Page_The Story and Evolution of Doodles - G_6e786d/p_The first Doodle was a simple out-of-offi_345e61' is visible

17-06-2024T18:48:53 - [TEST_STEP][PASSED] - verifyElementVisible(findTestObject("Object Repository/Page_The Story and Evolution of Doodles - G_6e786d/h2_Weve created more than 5,000 Doodles ove_111429")): Object 'Object Repository/Page_The Story and Evolution of Doodles - G_6e786d/h2_Weve created more than 5,000 Doodles ove_111429' is visible

17-06-2024T18:48:53 - [MESSAGE][PASSED] - Object 'Object Repository/Page_The Story and Evolution of Doodles - G_6e786d/h2_Weve created more than 5,000 Doodles ove_111429' is visible

17-06-2024T18:48:53 - [TEST_STEP][PASSED] - click(findTestObject("Object Repository/Page_The Story and Evolution of Doodles - G_6e786d/p_The first Doodle was a simple out-of-offi_345e61")): Object: 'Object Repository/Page_The Story and Evolution of Doodles - G_6e786d/p_The first Doodle was a simple out-of-offi_345e61' is clicked on

17-06-2024T18:48:53 - [MESSAGE][PASSED] - Object: 'Object Repository/Page_The Story and Evolution of Doodles - G_6e786d/p_The first Doodle was a simple out-of-offi_345e61' is clicked on

17-06-2024T18:48:53 - [TEST_STEP][PASSED] - verifyElementVisible(findTestObject("Object Repository/Page_The Story and Evolution of Doodles - G_6e786d/h1_The story behind Doodles")): Object 'Object Repository/Page_The Story and Evolution of Doodles - G_6e786d/h1_The story behind Doodles' is visible

17-06-2024T18:48:54 - [MESSAGE][PASSED] - Object 'Object Repository/Page_The Story and Evolution of Doodles - G_6e786d/h1_The story behind Doodles' is visible

17-06-2024T18:48:54 - [TEST_STEP][PASSED] - verifyElementVisible(findTestObject("Object Repository/Page_The Story and Evolution of Doodles - G_6e786d/p_The first Doodle was a simple out-of-offi_345e61")): Object 'Object Repository/Page_The Story and Evolution of Doodles - G_6e786d/p_The first Doodle was a simple out-of-offi_345e61' is visible

17-06-2024T18:48:54 - [MESSAGE][PASSED] - Object 'Object Repository/Page_The Story and Evolution of Doodles - G_6e786d/p_The first Doodle was a simple out-of-offi_345e61' is visible

17-06-2024T18:48:54 - [TEST_STEP][PASSED] - verifyElementVisible(findTestObject("Object Repository/Page_The Story and Evolution of Doodles - G_6e786d/h2_Weve created more than 5,000 Doodles ove_111429")): Object 'Object Repository/Page_The Story and Evolution of Doodles - G_6e786d/h2_Weve created more than 5,000 Doodles ove_111429' is visible

17-06-2024T18:48:54 - [MESSAGE][PASSED] - Object 'Object Repository/Page_The Story and Evolution of Doodles - G_6e786d/h2_Weve created more than 5,000 Doodles ove_111429' is visible]]></system-out>
         <system-err><![CDATA[]]></system-err>
      </testcase>
      <testcase name="Test Cases/test case folder 1/tc1 - Copy (5) - Copy (3)" time="19.59" classname="Test Cases/test case folder 1/tc1 - Copy (5) - Copy (3)" status="PASSED">
         <system-out><![CDATA[17-06-2024T18:48:54 - [TEST_CASE][PASSED] - Test Cases/test case folder 1/tc1 - Copy (5) - Copy (3): Test Cases/test case folder 1/tc1 - Copy (5) - Copy (3)

17-06-2024T18:48:54 - [TEST_STEP][PASSED] - openBrowser(""): Browser is opened with url: ''

17-06-2024T18:48:54 - [MESSAGE][WARNING] - A browser is already opened. Closing browser and opening a new one

17-06-2024T18:48:55 - [MESSAGE][INFO] - Starting 'Chrome (headless)' driver

17-06-2024T18:48:55 - [MESSAGE][INFO] - Action delay is set to 0 milliseconds

17-06-2024T18:48:56 - [MESSAGE][PASSED] - Browser is opened with url: ''

17-06-2024T18:48:56 - [TEST_STEP][PASSED] - navigateToUrl("https://doodles.google/about/"): Navigate to 'https://doodles.google/about/' successfully

17-06-2024T18:48:59 - [MESSAGE][PASSED] - Navigate to 'https://doodles.google/about/' successfully

17-06-2024T18:48:59 - [TEST_STEP][PASSED] - click(findTestObject("Object Repository/Page_The Story and Evolution of Doodles - G_6e786d/p_The first Doodle was a simple out-of-offi_345e61")): Object: 'Object Repository/Page_The Story and Evolution of Doodles - G_6e786d/p_The first Doodle was a simple out-of-offi_345e61' is clicked on

17-06-2024T18:48:59 - [MESSAGE][PASSED] - Object: 'Object Repository/Page_The Story and Evolution of Doodles - G_6e786d/p_The first Doodle was a simple out-of-offi_345e61' is clicked on

17-06-2024T18:48:59 - [TEST_STEP][PASSED] - click(findTestObject("Object Repository/Page_The Story and Evolution of Doodles - G_6e786d/p_The first Doodle was a simple out-of-offi_345e61")): Object: 'Object Repository/Page_The Story and Evolution of Doodles - G_6e786d/p_The first Doodle was a simple out-of-offi_345e61' is clicked on

17-06-2024T18:49:00 - [MESSAGE][PASSED] - Object: 'Object Repository/Page_The Story and Evolution of Doodles - G_6e786d/p_The first Doodle was a simple out-of-offi_345e61' is clicked on

17-06-2024T18:49:00 - [TEST_STEP][PASSED] - verifyElementVisible(findTestObject("Object Repository/Page_The Story and Evolution of Doodles - G_6e786d/h1_The story behind Doodles")): Object 'Object Repository/Page_The Story and Evolution of Doodles - G_6e786d/h1_The story behind Doodles' is visible

17-06-2024T18:49:00 - [MESSAGE][PASSED] - Object 'Object Repository/Page_The Story and Evolution of Doodles - G_6e786d/h1_The story behind Doodles' is visible

17-06-2024T18:49:00 - [TEST_STEP][PASSED] - verifyElementVisible(findTestObject("Object Repository/Page_The Story and Evolution of Doodles - G_6e786d/p_The first Doodle was a simple out-of-offi_345e61")): Object 'Object Repository/Page_The Story and Evolution of Doodles - G_6e786d/p_The first Doodle was a simple out-of-offi_345e61' is visible

17-06-2024T18:49:00 - [MESSAGE][PASSED] - Object 'Object Repository/Page_The Story and Evolution of Doodles - G_6e786d/p_The first Doodle was a simple out-of-offi_345e61' is visible

17-06-2024T18:49:00 - [TEST_STEP][PASSED] - verifyElementVisible(findTestObject("Object Repository/Page_The Story and Evolution of Doodles - G_6e786d/h2_Weve created more than 5,000 Doodles ove_111429")): Object 'Object Repository/Page_The Story and Evolution of Doodles - G_6e786d/h2_Weve created more than 5,000 Doodles ove_111429' is visible

17-06-2024T18:49:01 - [MESSAGE][PASSED] - Object 'Object Repository/Page_The Story and Evolution of Doodles - G_6e786d/h2_Weve created more than 5,000 Doodles ove_111429' is visible

17-06-2024T18:49:01 - [TEST_STEP][PASSED] - verifyElementVisible(findTestObject("Object Repository/Page_The Story and Evolution of Doodles - G_6e786d/h1_The story behind Doodles")): Object 'Object Repository/Page_The Story and Evolution of Doodles - G_6e786d/h1_The story behind Doodles' is visible

17-06-2024T18:49:01 - [MESSAGE][PASSED] - Object 'Object Repository/Page_The Story and Evolution of Doodles - G_6e786d/h1_The story behind Doodles' is visible

17-06-2024T18:49:01 - [TEST_STEP][PASSED] - verifyElementVisible(findTestObject("Object Repository/Page_The Story and Evolution of Doodles - G_6e786d/p_The first Doodle was a simple out-of-offi_345e61")): Object 'Object Repository/Page_The Story and Evolution of Doodles - G_6e786d/p_The first Doodle was a simple out-of-offi_345e61' is visible

17-06-2024T18:49:01 - [MESSAGE][PASSED] - Object 'Object Repository/Page_The Story and Evolution of Doodles - G_6e786d/p_The first Doodle was a simple out-of-offi_345e61' is visible

17-06-2024T18:49:01 - [TEST_STEP][PASSED] - verifyElementVisible(findTestObject("Object Repository/Page_The Story and Evolution of Doodles - G_6e786d/h2_Weve created more than 5,000 Doodles ove_111429")): Object 'Object Repository/Page_The Story and Evolution of Doodles - G_6e786d/h2_Weve created more than 5,000 Doodles ove_111429' is visible

17-06-2024T18:49:02 - [MESSAGE][PASSED] - Object 'Object Repository/Page_The Story and Evolution of Doodles - G_6e786d/h2_Weve created more than 5,000 Doodles ove_111429' is visible

17-06-2024T18:49:02 - [TEST_STEP][PASSED] - click(findTestObject("Object Repository/Page_The Story and Evolution of Doodles - G_6e786d/p_The first Doodle was a simple out-of-offi_345e61")): Object: 'Object Repository/Page_The Story and Evolution of Doodles - G_6e786d/p_The first Doodle was a simple out-of-offi_345e61' is clicked on

17-06-2024T18:49:02 - [MESSAGE][PASSED] - Object: 'Object Repository/Page_The Story and Evolution of Doodles - G_6e786d/p_The first Doodle was a simple out-of-offi_345e61' is clicked on

17-06-2024T18:49:02 - [TEST_STEP][PASSED] - verifyElementVisible(findTestObject("Object Repository/Page_The Story and Evolution of Doodles - G_6e786d/h1_The story behind Doodles")): Object 'Object Repository/Page_The Story and Evolution of Doodles - G_6e786d/h1_The story behind Doodles' is visible

17-06-2024T18:49:02 - [MESSAGE][PASSED] - Object 'Object Repository/Page_The Story and Evolution of Doodles - G_6e786d/h1_The story behind Doodles' is visible

17-06-2024T18:49:02 - [TEST_STEP][PASSED] - verifyElementVisible(findTestObject("Object Repository/Page_The Story and Evolution of Doodles - G_6e786d/p_The first Doodle was a simple out-of-offi_345e61")): Object 'Object Repository/Page_The Story and Evolution of Doodles - G_6e786d/p_The first Doodle was a simple out-of-offi_345e61' is visible

17-06-2024T18:49:03 - [MESSAGE][PASSED] - Object 'Object Repository/Page_The Story and Evolution of Doodles - G_6e786d/p_The first Doodle was a simple out-of-offi_345e61' is visible

17-06-2024T18:49:03 - [TEST_STEP][PASSED] - verifyElementVisible(findTestObject("Object Repository/Page_The Story and Evolution of Doodles - G_6e786d/h2_Weve created more than 5,000 Doodles ove_111429")): Object 'Object Repository/Page_The Story and Evolution of Doodles - G_6e786d/h2_Weve created more than 5,000 Doodles ove_111429' is visible

17-06-2024T18:49:03 - [MESSAGE][PASSED] - Object 'Object Repository/Page_The Story and Evolution of Doodles - G_6e786d/h2_Weve created more than 5,000 Doodles ove_111429' is visible

17-06-2024T18:49:03 - [TEST_STEP][PASSED] - click(findTestObject("Object Repository/Page_The Story and Evolution of Doodles - G_6e786d/p_The first Doodle was a simple out-of-offi_345e61")): Object: 'Object Repository/Page_The Story and Evolution of Doodles - G_6e786d/p_The first Doodle was a simple out-of-offi_345e61' is clicked on

17-06-2024T18:49:03 - [MESSAGE][PASSED] - Object: 'Object Repository/Page_The Story and Evolution of Doodles - G_6e786d/p_The first Doodle was a simple out-of-offi_345e61' is clicked on

17-06-2024T18:49:03 - [TEST_STEP][PASSED] - verifyElementVisible(findTestObject("Object Repository/Page_The Story and Evolution of Doodles - G_6e786d/h1_The story behind Doodles")): Object 'Object Repository/Page_The Story and Evolution of Doodles - G_6e786d/h1_The story behind Doodles' is visible

17-06-2024T18:49:04 - [MESSAGE][PASSED] - Object 'Object Repository/Page_The Story and Evolution of Doodles - G_6e786d/h1_The story behind Doodles' is visible

17-06-2024T18:49:04 - [TEST_STEP][PASSED] - verifyElementVisible(findTestObject("Object Repository/Page_The Story and Evolution of Doodles - G_6e786d/p_The first Doodle was a simple out-of-offi_345e61")): Object 'Object Repository/Page_The Story and Evolution of Doodles - G_6e786d/p_The first Doodle was a simple out-of-offi_345e61' is visible

17-06-2024T18:49:04 - [MESSAGE][PASSED] - Object 'Object Repository/Page_The Story and Evolution of Doodles - G_6e786d/p_The first Doodle was a simple out-of-offi_345e61' is visible

17-06-2024T18:49:04 - [TEST_STEP][PASSED] - verifyElementVisible(findTestObject("Object Repository/Page_The Story and Evolution of Doodles - G_6e786d/h2_Weve created more than 5,000 Doodles ove_111429")): Object 'Object Repository/Page_The Story and Evolution of Doodles - G_6e786d/h2_Weve created more than 5,000 Doodles ove_111429' is visible

17-06-2024T18:49:04 - [MESSAGE][PASSED] - Object 'Object Repository/Page_The Story and Evolution of Doodles - G_6e786d/h2_Weve created more than 5,000 Doodles ove_111429' is visible

17-06-2024T18:49:04 - [TEST_STEP][PASSED] - click(findTestObject("Object Repository/Page_The Story and Evolution of Doodles - G_6e786d/p_The first Doodle was a simple out-of-offi_345e61")): Object: 'Object Repository/Page_The Story and Evolution of Doodles - G_6e786d/p_The first Doodle was a simple out-of-offi_345e61' is clicked on

17-06-2024T18:49:05 - [MESSAGE][PASSED] - Object: 'Object Repository/Page_The Story and Evolution of Doodles - G_6e786d/p_The first Doodle was a simple out-of-offi_345e61' is clicked on

17-06-2024T18:49:05 - [TEST_STEP][PASSED] - verifyElementVisible(findTestObject("Object Repository/Page_The Story and Evolution of Doodles - G_6e786d/h1_The story behind Doodles")): Object 'Object Repository/Page_The Story and Evolution of Doodles - G_6e786d/h1_The story behind Doodles' is visible

17-06-2024T18:49:05 - [MESSAGE][PASSED] - Object 'Object Repository/Page_The Story and Evolution of Doodles - G_6e786d/h1_The story behind Doodles' is visible

17-06-2024T18:49:05 - [TEST_STEP][PASSED] - verifyElementVisible(findTestObject("Object Repository/Page_The Story and Evolution of Doodles - G_6e786d/p_The first Doodle was a simple out-of-offi_345e61")): Object 'Object Repository/Page_The Story and Evolution of Doodles - G_6e786d/p_The first Doodle was a simple out-of-offi_345e61' is visible

17-06-2024T18:49:05 - [MESSAGE][PASSED] - Object 'Object Repository/Page_The Story and Evolution of Doodles - G_6e786d/p_The first Doodle was a simple out-of-offi_345e61' is visible

17-06-2024T18:49:05 - [TEST_STEP][PASSED] - verifyElementVisible(findTestObject("Object Repository/Page_The Story and Evolution of Doodles - G_6e786d/h2_Weve created more than 5,000 Doodles ove_111429")): Object 'Object Repository/Page_The Story and Evolution of Doodles - G_6e786d/h2_Weve created more than 5,000 Doodles ove_111429' is visible

17-06-2024T18:49:06 - [MESSAGE][PASSED] - Object 'Object Repository/Page_The Story and Evolution of Doodles - G_6e786d/h2_Weve created more than 5,000 Doodles ove_111429' is visible

17-06-2024T18:49:06 - [TEST_STEP][PASSED] - click(findTestObject("Object Repository/Page_The Story and Evolution of Doodles - G_6e786d/p_The first Doodle was a simple out-of-offi_345e61")): Object: 'Object Repository/Page_The Story and Evolution of Doodles - G_6e786d/p_The first Doodle was a simple out-of-offi_345e61' is clicked on

17-06-2024T18:49:06 - [MESSAGE][PASSED] - Object: 'Object Repository/Page_The Story and Evolution of Doodles - G_6e786d/p_The first Doodle was a simple out-of-offi_345e61' is clicked on

17-06-2024T18:49:06 - [TEST_STEP][PASSED] - verifyElementVisible(findTestObject("Object Repository/Page_The Story and Evolution of Doodles - G_6e786d/h1_The story behind Doodles")): Object 'Object Repository/Page_The Story and Evolution of Doodles - G_6e786d/h1_The story behind Doodles' is visible

17-06-2024T18:49:06 - [MESSAGE][PASSED] - Object 'Object Repository/Page_The Story and Evolution of Doodles - G_6e786d/h1_The story behind Doodles' is visible

17-06-2024T18:49:06 - [TEST_STEP][PASSED] - verifyElementVisible(findTestObject("Object Repository/Page_The Story and Evolution of Doodles - G_6e786d/p_The first Doodle was a simple out-of-offi_345e61")): Object 'Object Repository/Page_The Story and Evolution of Doodles - G_6e786d/p_The first Doodle was a simple out-of-offi_345e61' is visible

17-06-2024T18:49:07 - [MESSAGE][PASSED] - Object 'Object Repository/Page_The Story and Evolution of Doodles - G_6e786d/p_The first Doodle was a simple out-of-offi_345e61' is visible

17-06-2024T18:49:07 - [TEST_STEP][PASSED] - verifyElementVisible(findTestObject("Object Repository/Page_The Story and Evolution of Doodles - G_6e786d/h2_Weve created more than 5,000 Doodles ove_111429")): Object 'Object Repository/Page_The Story and Evolution of Doodles - G_6e786d/h2_Weve created more than 5,000 Doodles ove_111429' is visible

17-06-2024T18:49:07 - [MESSAGE][PASSED] - Object 'Object Repository/Page_The Story and Evolution of Doodles - G_6e786d/h2_Weve created more than 5,000 Doodles ove_111429' is visible

17-06-2024T18:49:07 - [TEST_STEP][PASSED] - click(findTestObject("Object Repository/Page_The Story and Evolution of Doodles - G_6e786d/p_The first Doodle was a simple out-of-offi_345e61")): Object: 'Object Repository/Page_The Story and Evolution of Doodles - G_6e786d/p_The first Doodle was a simple out-of-offi_345e61' is clicked on

17-06-2024T18:49:07 - [MESSAGE][PASSED] - Object: 'Object Repository/Page_The Story and Evolution of Doodles - G_6e786d/p_The first Doodle was a simple out-of-offi_345e61' is clicked on

17-06-2024T18:49:07 - [TEST_STEP][PASSED] - verifyElementVisible(findTestObject("Object Repository/Page_The Story and Evolution of Doodles - G_6e786d/h1_The story behind Doodles")): Object 'Object Repository/Page_The Story and Evolution of Doodles - G_6e786d/h1_The story behind Doodles' is visible

17-06-2024T18:49:08 - [MESSAGE][PASSED] - Object 'Object Repository/Page_The Story and Evolution of Doodles - G_6e786d/h1_The story behind Doodles' is visible

17-06-2024T18:49:08 - [TEST_STEP][PASSED] - verifyElementVisible(findTestObject("Object Repository/Page_The Story and Evolution of Doodles - G_6e786d/p_The first Doodle was a simple out-of-offi_345e61")): Object 'Object Repository/Page_The Story and Evolution of Doodles - G_6e786d/p_The first Doodle was a simple out-of-offi_345e61' is visible

17-06-2024T18:49:08 - [MESSAGE][PASSED] - Object 'Object Repository/Page_The Story and Evolution of Doodles - G_6e786d/p_The first Doodle was a simple out-of-offi_345e61' is visible

17-06-2024T18:49:08 - [TEST_STEP][PASSED] - verifyElementVisible(findTestObject("Object Repository/Page_The Story and Evolution of Doodles - G_6e786d/h2_Weve created more than 5,000 Doodles ove_111429")): Object 'Object Repository/Page_The Story and Evolution of Doodles - G_6e786d/h2_Weve created more than 5,000 Doodles ove_111429' is visible

17-06-2024T18:49:08 - [MESSAGE][PASSED] - Object 'Object Repository/Page_The Story and Evolution of Doodles - G_6e786d/h2_Weve created more than 5,000 Doodles ove_111429' is visible

17-06-2024T18:49:08 - [TEST_STEP][PASSED] - click(findTestObject("Object Repository/Page_The Story and Evolution of Doodles - G_6e786d/p_The first Doodle was a simple out-of-offi_345e61")): Object: 'Object Repository/Page_The Story and Evolution of Doodles - G_6e786d/p_The first Doodle was a simple out-of-offi_345e61' is clicked on

17-06-2024T18:49:09 - [MESSAGE][PASSED] - Object: 'Object Repository/Page_The Story and Evolution of Doodles - G_6e786d/p_The first Doodle was a simple out-of-offi_345e61' is clicked on

17-06-2024T18:49:09 - [TEST_STEP][PASSED] - verifyElementVisible(findTestObject("Object Repository/Page_The Story and Evolution of Doodles - G_6e786d/h1_The story behind Doodles")): Object 'Object Repository/Page_The Story and Evolution of Doodles - G_6e786d/h1_The story behind Doodles' is visible

17-06-2024T18:49:09 - [MESSAGE][PASSED] - Object 'Object Repository/Page_The Story and Evolution of Doodles - G_6e786d/h1_The story behind Doodles' is visible

17-06-2024T18:49:09 - [TEST_STEP][PASSED] - verifyElementVisible(findTestObject("Object Repository/Page_The Story and Evolution of Doodles - G_6e786d/p_The first Doodle was a simple out-of-offi_345e61")): Object 'Object Repository/Page_The Story and Evolution of Doodles - G_6e786d/p_The first Doodle was a simple out-of-offi_345e61' is visible

17-06-2024T18:49:09 - [MESSAGE][PASSED] - Object 'Object Repository/Page_The Story and Evolution of Doodles - G_6e786d/p_The first Doodle was a simple out-of-offi_345e61' is visible

17-06-2024T18:49:09 - [TEST_STEP][PASSED] - verifyElementVisible(findTestObject("Object Repository/Page_The Story and Evolution of Doodles - G_6e786d/h2_Weve created more than 5,000 Doodles ove_111429")): Object 'Object Repository/Page_The Story and Evolution of Doodles - G_6e786d/h2_Weve created more than 5,000 Doodles ove_111429' is visible

17-06-2024T18:49:10 - [MESSAGE][PASSED] - Object 'Object Repository/Page_The Story and Evolution of Doodles - G_6e786d/h2_Weve created more than 5,000 Doodles ove_111429' is visible

17-06-2024T18:49:10 - [TEST_STEP][PASSED] - click(findTestObject("Object Repository/Page_The Story and Evolution of Doodles - G_6e786d/p_The first Doodle was a simple out-of-offi_345e61")): Object: 'Object Repository/Page_The Story and Evolution of Doodles - G_6e786d/p_The first Doodle was a simple out-of-offi_345e61' is clicked on

17-06-2024T18:49:10 - [MESSAGE][PASSED] - Object: 'Object Repository/Page_The Story and Evolution of Doodles - G_6e786d/p_The first Doodle was a simple out-of-offi_345e61' is clicked on

17-06-2024T18:49:10 - [TEST_STEP][PASSED] - verifyElementVisible(findTestObject("Object Repository/Page_The Story and Evolution of Doodles - G_6e786d/h1_The story behind Doodles")): Object 'Object Repository/Page_The Story and Evolution of Doodles - G_6e786d/h1_The story behind Doodles' is visible

17-06-2024T18:49:11 - [MESSAGE][PASSED] - Object 'Object Repository/Page_The Story and Evolution of Doodles - G_6e786d/h1_The story behind Doodles' is visible

17-06-2024T18:49:11 - [TEST_STEP][PASSED] - verifyElementVisible(findTestObject("Object Repository/Page_The Story and Evolution of Doodles - G_6e786d/p_The first Doodle was a simple out-of-offi_345e61")): Object 'Object Repository/Page_The Story and Evolution of Doodles - G_6e786d/p_The first Doodle was a simple out-of-offi_345e61' is visible

17-06-2024T18:49:11 - [MESSAGE][PASSED] - Object 'Object Repository/Page_The Story and Evolution of Doodles - G_6e786d/p_The first Doodle was a simple out-of-offi_345e61' is visible

17-06-2024T18:49:11 - [TEST_STEP][PASSED] - verifyElementVisible(findTestObject("Object Repository/Page_The Story and Evolution of Doodles - G_6e786d/h2_Weve created more than 5,000 Doodles ove_111429")): Object 'Object Repository/Page_The Story and Evolution of Doodles - G_6e786d/h2_Weve created more than 5,000 Doodles ove_111429' is visible

17-06-2024T18:49:11 - [MESSAGE][PASSED] - Object 'Object Repository/Page_The Story and Evolution of Doodles - G_6e786d/h2_Weve created more than 5,000 Doodles ove_111429' is visible

17-06-2024T18:49:11 - [TEST_STEP][PASSED] - click(findTestObject("Object Repository/Page_The Story and Evolution of Doodles - G_6e786d/p_The first Doodle was a simple out-of-offi_345e61")): Object: 'Object Repository/Page_The Story and Evolution of Doodles - G_6e786d/p_The first Doodle was a simple out-of-offi_345e61' is clicked on

17-06-2024T18:49:12 - [MESSAGE][PASSED] - Object: 'Object Repository/Page_The Story and Evolution of Doodles - G_6e786d/p_The first Doodle was a simple out-of-offi_345e61' is clicked on

17-06-2024T18:49:12 - [TEST_STEP][PASSED] - verifyElementVisible(findTestObject("Object Repository/Page_The Story and Evolution of Doodles - G_6e786d/h1_The story behind Doodles")): Object 'Object Repository/Page_The Story and Evolution of Doodles - G_6e786d/h1_The story behind Doodles' is visible

17-06-2024T18:49:12 - [MESSAGE][PASSED] - Object 'Object Repository/Page_The Story and Evolution of Doodles - G_6e786d/h1_The story behind Doodles' is visible

17-06-2024T18:49:12 - [TEST_STEP][PASSED] - verifyElementVisible(findTestObject("Object Repository/Page_The Story and Evolution of Doodles - G_6e786d/p_The first Doodle was a simple out-of-offi_345e61")): Object 'Object Repository/Page_The Story and Evolution of Doodles - G_6e786d/p_The first Doodle was a simple out-of-offi_345e61' is visible

17-06-2024T18:49:12 - [MESSAGE][PASSED] - Object 'Object Repository/Page_The Story and Evolution of Doodles - G_6e786d/p_The first Doodle was a simple out-of-offi_345e61' is visible

17-06-2024T18:49:12 - [TEST_STEP][PASSED] - verifyElementVisible(findTestObject("Object Repository/Page_The Story and Evolution of Doodles - G_6e786d/h2_Weve created more than 5,000 Doodles ove_111429")): Object 'Object Repository/Page_The Story and Evolution of Doodles - G_6e786d/h2_Weve created more than 5,000 Doodles ove_111429' is visible

17-06-2024T18:49:13 - [MESSAGE][PASSED] - Object 'Object Repository/Page_The Story and Evolution of Doodles - G_6e786d/h2_Weve created more than 5,000 Doodles ove_111429' is visible

17-06-2024T18:49:13 - [TEST_STEP][PASSED] - click(findTestObject("Object Repository/Page_The Story and Evolution of Doodles - G_6e786d/p_The first Doodle was a simple out-of-offi_345e61")): Object: 'Object Repository/Page_The Story and Evolution of Doodles - G_6e786d/p_The first Doodle was a simple out-of-offi_345e61' is clicked on

17-06-2024T18:49:13 - [MESSAGE][PASSED] - Object: 'Object Repository/Page_The Story and Evolution of Doodles - G_6e786d/p_The first Doodle was a simple out-of-offi_345e61' is clicked on

17-06-2024T18:49:13 - [TEST_STEP][PASSED] - verifyElementVisible(findTestObject("Object Repository/Page_The Story and Evolution of Doodles - G_6e786d/h1_The story behind Doodles")): Object 'Object Repository/Page_The Story and Evolution of Doodles - G_6e786d/h1_The story behind Doodles' is visible

17-06-2024T18:49:13 - [MESSAGE][PASSED] - Object 'Object Repository/Page_The Story and Evolution of Doodles - G_6e786d/h1_The story behind Doodles' is visible

17-06-2024T18:49:13 - [TEST_STEP][PASSED] - verifyElementVisible(findTestObject("Object Repository/Page_The Story and Evolution of Doodles - G_6e786d/p_The first Doodle was a simple out-of-offi_345e61")): Object 'Object Repository/Page_The Story and Evolution of Doodles - G_6e786d/p_The first Doodle was a simple out-of-offi_345e61' is visible

17-06-2024T18:49:14 - [MESSAGE][PASSED] - Object 'Object Repository/Page_The Story and Evolution of Doodles - G_6e786d/p_The first Doodle was a simple out-of-offi_345e61' is visible

17-06-2024T18:49:14 - [TEST_STEP][PASSED] - verifyElementVisible(findTestObject("Object Repository/Page_The Story and Evolution of Doodles - G_6e786d/h2_Weve created more than 5,000 Doodles ove_111429")): Object 'Object Repository/Page_The Story and Evolution of Doodles - G_6e786d/h2_Weve created more than 5,000 Doodles ove_111429' is visible

17-06-2024T18:49:14 - [MESSAGE][PASSED] - Object 'Object Repository/Page_The Story and Evolution of Doodles - G_6e786d/h2_Weve created more than 5,000 Doodles ove_111429' is visible]]></system-out>
         <system-err><![CDATA[]]></system-err>
      </testcase>
      <testcase name="Test Cases/test case folder 1/tc1 - Copy (5) - Copy (4)" time="18.714" classname="Test Cases/test case folder 1/tc1 - Copy (5) - Copy (4)" status="PASSED">
         <system-out><![CDATA[17-06-2024T18:49:14 - [TEST_CASE][PASSED] - Test Cases/test case folder 1/tc1 - Copy (5) - Copy (4): Test Cases/test case folder 1/tc1 - Copy (5) - Copy (4)

17-06-2024T18:49:14 - [TEST_STEP][PASSED] - openBrowser(""): Browser is opened with url: ''

17-06-2024T18:49:14 - [MESSAGE][WARNING] - A browser is already opened. Closing browser and opening a new one

17-06-2024T18:49:14 - [MESSAGE][INFO] - Starting 'Chrome (headless)' driver

17-06-2024T18:49:14 - [MESSAGE][INFO] - Action delay is set to 0 milliseconds

17-06-2024T18:49:15 - [MESSAGE][PASSED] - Browser is opened with url: ''

17-06-2024T18:49:15 - [TEST_STEP][PASSED] - navigateToUrl("https://doodles.google/about/"): Navigate to 'https://doodles.google/about/' successfully

17-06-2024T18:49:18 - [MESSAGE][PASSED] - Navigate to 'https://doodles.google/about/' successfully

17-06-2024T18:49:18 - [TEST_STEP][PASSED] - click(findTestObject("Object Repository/Page_The Story and Evolution of Doodles - G_6e786d/p_The first Doodle was a simple out-of-offi_345e61")): Object: 'Object Repository/Page_The Story and Evolution of Doodles - G_6e786d/p_The first Doodle was a simple out-of-offi_345e61' is clicked on

17-06-2024T18:49:18 - [MESSAGE][PASSED] - Object: 'Object Repository/Page_The Story and Evolution of Doodles - G_6e786d/p_The first Doodle was a simple out-of-offi_345e61' is clicked on

17-06-2024T18:49:18 - [TEST_STEP][PASSED] - click(findTestObject("Object Repository/Page_The Story and Evolution of Doodles - G_6e786d/p_The first Doodle was a simple out-of-offi_345e61")): Object: 'Object Repository/Page_The Story and Evolution of Doodles - G_6e786d/p_The first Doodle was a simple out-of-offi_345e61' is clicked on

17-06-2024T18:49:19 - [MESSAGE][PASSED] - Object: 'Object Repository/Page_The Story and Evolution of Doodles - G_6e786d/p_The first Doodle was a simple out-of-offi_345e61' is clicked on

17-06-2024T18:49:19 - [TEST_STEP][PASSED] - verifyElementVisible(findTestObject("Object Repository/Page_The Story and Evolution of Doodles - G_6e786d/h1_The story behind Doodles")): Object 'Object Repository/Page_The Story and Evolution of Doodles - G_6e786d/h1_The story behind Doodles' is visible

17-06-2024T18:49:19 - [MESSAGE][PASSED] - Object 'Object Repository/Page_The Story and Evolution of Doodles - G_6e786d/h1_The story behind Doodles' is visible

17-06-2024T18:49:19 - [TEST_STEP][PASSED] - verifyElementVisible(findTestObject("Object Repository/Page_The Story and Evolution of Doodles - G_6e786d/p_The first Doodle was a simple out-of-offi_345e61")): Object 'Object Repository/Page_The Story and Evolution of Doodles - G_6e786d/p_The first Doodle was a simple out-of-offi_345e61' is visible

17-06-2024T18:49:19 - [MESSAGE][PASSED] - Object 'Object Repository/Page_The Story and Evolution of Doodles - G_6e786d/p_The first Doodle was a simple out-of-offi_345e61' is visible

17-06-2024T18:49:19 - [TEST_STEP][PASSED] - verifyElementVisible(findTestObject("Object Repository/Page_The Story and Evolution of Doodles - G_6e786d/h2_Weve created more than 5,000 Doodles ove_111429")): Object 'Object Repository/Page_The Story and Evolution of Doodles - G_6e786d/h2_Weve created more than 5,000 Doodles ove_111429' is visible

17-06-2024T18:49:20 - [MESSAGE][PASSED] - Object 'Object Repository/Page_The Story and Evolution of Doodles - G_6e786d/h2_Weve created more than 5,000 Doodles ove_111429' is visible

17-06-2024T18:49:20 - [TEST_STEP][PASSED] - verifyElementVisible(findTestObject("Object Repository/Page_The Story and Evolution of Doodles - G_6e786d/h1_The story behind Doodles")): Object 'Object Repository/Page_The Story and Evolution of Doodles - G_6e786d/h1_The story behind Doodles' is visible

17-06-2024T18:49:20 - [MESSAGE][PASSED] - Object 'Object Repository/Page_The Story and Evolution of Doodles - G_6e786d/h1_The story behind Doodles' is visible

17-06-2024T18:49:20 - [TEST_STEP][PASSED] - verifyElementVisible(findTestObject("Object Repository/Page_The Story and Evolution of Doodles - G_6e786d/p_The first Doodle was a simple out-of-offi_345e61")): Object 'Object Repository/Page_The Story and Evolution of Doodles - G_6e786d/p_The first Doodle was a simple out-of-offi_345e61' is visible

17-06-2024T18:49:20 - [MESSAGE][PASSED] - Object 'Object Repository/Page_The Story and Evolution of Doodles - G_6e786d/p_The first Doodle was a simple out-of-offi_345e61' is visible

17-06-2024T18:49:20 - [TEST_STEP][PASSED] - verifyElementVisible(findTestObject("Object Repository/Page_The Story and Evolution of Doodles - G_6e786d/h2_Weve created more than 5,000 Doodles ove_111429")): Object 'Object Repository/Page_The Story and Evolution of Doodles - G_6e786d/h2_Weve created more than 5,000 Doodles ove_111429' is visible

17-06-2024T18:49:21 - [MESSAGE][PASSED] - Object 'Object Repository/Page_The Story and Evolution of Doodles - G_6e786d/h2_Weve created more than 5,000 Doodles ove_111429' is visible

17-06-2024T18:49:21 - [TEST_STEP][PASSED] - click(findTestObject("Object Repository/Page_The Story and Evolution of Doodles - G_6e786d/p_The first Doodle was a simple out-of-offi_345e61")): Object: 'Object Repository/Page_The Story and Evolution of Doodles - G_6e786d/p_The first Doodle was a simple out-of-offi_345e61' is clicked on

17-06-2024T18:49:21 - [MESSAGE][PASSED] - Object: 'Object Repository/Page_The Story and Evolution of Doodles - G_6e786d/p_The first Doodle was a simple out-of-offi_345e61' is clicked on

17-06-2024T18:49:21 - [TEST_STEP][PASSED] - verifyElementVisible(findTestObject("Object Repository/Page_The Story and Evolution of Doodles - G_6e786d/h1_The story behind Doodles")): Object 'Object Repository/Page_The Story and Evolution of Doodles - G_6e786d/h1_The story behind Doodles' is visible

17-06-2024T18:49:21 - [MESSAGE][PASSED] - Object 'Object Repository/Page_The Story and Evolution of Doodles - G_6e786d/h1_The story behind Doodles' is visible

17-06-2024T18:49:21 - [TEST_STEP][PASSED] - verifyElementVisible(findTestObject("Object Repository/Page_The Story and Evolution of Doodles - G_6e786d/p_The first Doodle was a simple out-of-offi_345e61")): Object 'Object Repository/Page_The Story and Evolution of Doodles - G_6e786d/p_The first Doodle was a simple out-of-offi_345e61' is visible

17-06-2024T18:49:22 - [MESSAGE][PASSED] - Object 'Object Repository/Page_The Story and Evolution of Doodles - G_6e786d/p_The first Doodle was a simple out-of-offi_345e61' is visible

17-06-2024T18:49:22 - [TEST_STEP][PASSED] - verifyElementVisible(findTestObject("Object Repository/Page_The Story and Evolution of Doodles - G_6e786d/h2_Weve created more than 5,000 Doodles ove_111429")): Object 'Object Repository/Page_The Story and Evolution of Doodles - G_6e786d/h2_Weve created more than 5,000 Doodles ove_111429' is visible

17-06-2024T18:49:22 - [MESSAGE][PASSED] - Object 'Object Repository/Page_The Story and Evolution of Doodles - G_6e786d/h2_Weve created more than 5,000 Doodles ove_111429' is visible

17-06-2024T18:49:22 - [TEST_STEP][PASSED] - click(findTestObject("Object Repository/Page_The Story and Evolution of Doodles - G_6e786d/p_The first Doodle was a simple out-of-offi_345e61")): Object: 'Object Repository/Page_The Story and Evolution of Doodles - G_6e786d/p_The first Doodle was a simple out-of-offi_345e61' is clicked on

17-06-2024T18:49:22 - [MESSAGE][PASSED] - Object: 'Object Repository/Page_The Story and Evolution of Doodles - G_6e786d/p_The first Doodle was a simple out-of-offi_345e61' is clicked on

17-06-2024T18:49:22 - [TEST_STEP][PASSED] - verifyElementVisible(findTestObject("Object Repository/Page_The Story and Evolution of Doodles - G_6e786d/h1_The story behind Doodles")): Object 'Object Repository/Page_The Story and Evolution of Doodles - G_6e786d/h1_The story behind Doodles' is visible

17-06-2024T18:49:23 - [MESSAGE][PASSED] - Object 'Object Repository/Page_The Story and Evolution of Doodles - G_6e786d/h1_The story behind Doodles' is visible

17-06-2024T18:49:23 - [TEST_STEP][PASSED] - verifyElementVisible(findTestObject("Object Repository/Page_The Story and Evolution of Doodles - G_6e786d/p_The first Doodle was a simple out-of-offi_345e61")): Object 'Object Repository/Page_The Story and Evolution of Doodles - G_6e786d/p_The first Doodle was a simple out-of-offi_345e61' is visible

17-06-2024T18:49:23 - [MESSAGE][PASSED] - Object 'Object Repository/Page_The Story and Evolution of Doodles - G_6e786d/p_The first Doodle was a simple out-of-offi_345e61' is visible

17-06-2024T18:49:23 - [TEST_STEP][PASSED] - verifyElementVisible(findTestObject("Object Repository/Page_The Story and Evolution of Doodles - G_6e786d/h2_Weve created more than 5,000 Doodles ove_111429")): Object 'Object Repository/Page_The Story and Evolution of Doodles - G_6e786d/h2_Weve created more than 5,000 Doodles ove_111429' is visible

17-06-2024T18:49:23 - [MESSAGE][PASSED] - Object 'Object Repository/Page_The Story and Evolution of Doodles - G_6e786d/h2_Weve created more than 5,000 Doodles ove_111429' is visible

17-06-2024T18:49:23 - [TEST_STEP][PASSED] - click(findTestObject("Object Repository/Page_The Story and Evolution of Doodles - G_6e786d/p_The first Doodle was a simple out-of-offi_345e61")): Object: 'Object Repository/Page_The Story and Evolution of Doodles - G_6e786d/p_The first Doodle was a simple out-of-offi_345e61' is clicked on

17-06-2024T18:49:24 - [MESSAGE][PASSED] - Object: 'Object Repository/Page_The Story and Evolution of Doodles - G_6e786d/p_The first Doodle was a simple out-of-offi_345e61' is clicked on

17-06-2024T18:49:24 - [TEST_STEP][PASSED] - verifyElementVisible(findTestObject("Object Repository/Page_The Story and Evolution of Doodles - G_6e786d/h1_The story behind Doodles")): Object 'Object Repository/Page_The Story and Evolution of Doodles - G_6e786d/h1_The story behind Doodles' is visible

17-06-2024T18:49:24 - [MESSAGE][PASSED] - Object 'Object Repository/Page_The Story and Evolution of Doodles - G_6e786d/h1_The story behind Doodles' is visible

17-06-2024T18:49:24 - [TEST_STEP][PASSED] - verifyElementVisible(findTestObject("Object Repository/Page_The Story and Evolution of Doodles - G_6e786d/p_The first Doodle was a simple out-of-offi_345e61")): Object 'Object Repository/Page_The Story and Evolution of Doodles - G_6e786d/p_The first Doodle was a simple out-of-offi_345e61' is visible

17-06-2024T18:49:24 - [MESSAGE][PASSED] - Object 'Object Repository/Page_The Story and Evolution of Doodles - G_6e786d/p_The first Doodle was a simple out-of-offi_345e61' is visible

17-06-2024T18:49:24 - [TEST_STEP][PASSED] - verifyElementVisible(findTestObject("Object Repository/Page_The Story and Evolution of Doodles - G_6e786d/h2_Weve created more than 5,000 Doodles ove_111429")): Object 'Object Repository/Page_The Story and Evolution of Doodles - G_6e786d/h2_Weve created more than 5,000 Doodles ove_111429' is visible

17-06-2024T18:49:25 - [MESSAGE][PASSED] - Object 'Object Repository/Page_The Story and Evolution of Doodles - G_6e786d/h2_Weve created more than 5,000 Doodles ove_111429' is visible

17-06-2024T18:49:25 - [TEST_STEP][PASSED] - click(findTestObject("Object Repository/Page_The Story and Evolution of Doodles - G_6e786d/p_The first Doodle was a simple out-of-offi_345e61")): Object: 'Object Repository/Page_The Story and Evolution of Doodles - G_6e786d/p_The first Doodle was a simple out-of-offi_345e61' is clicked on

17-06-2024T18:49:25 - [MESSAGE][PASSED] - Object: 'Object Repository/Page_The Story and Evolution of Doodles - G_6e786d/p_The first Doodle was a simple out-of-offi_345e61' is clicked on

17-06-2024T18:49:25 - [TEST_STEP][PASSED] - verifyElementVisible(findTestObject("Object Repository/Page_The Story and Evolution of Doodles - G_6e786d/h1_The story behind Doodles")): Object 'Object Repository/Page_The Story and Evolution of Doodles - G_6e786d/h1_The story behind Doodles' is visible

17-06-2024T18:49:25 - [MESSAGE][PASSED] - Object 'Object Repository/Page_The Story and Evolution of Doodles - G_6e786d/h1_The story behind Doodles' is visible

17-06-2024T18:49:25 - [TEST_STEP][PASSED] - verifyElementVisible(findTestObject("Object Repository/Page_The Story and Evolution of Doodles - G_6e786d/p_The first Doodle was a simple out-of-offi_345e61")): Object 'Object Repository/Page_The Story and Evolution of Doodles - G_6e786d/p_The first Doodle was a simple out-of-offi_345e61' is visible

17-06-2024T18:49:26 - [MESSAGE][PASSED] - Object 'Object Repository/Page_The Story and Evolution of Doodles - G_6e786d/p_The first Doodle was a simple out-of-offi_345e61' is visible

17-06-2024T18:49:26 - [TEST_STEP][PASSED] - verifyElementVisible(findTestObject("Object Repository/Page_The Story and Evolution of Doodles - G_6e786d/h2_Weve created more than 5,000 Doodles ove_111429")): Object 'Object Repository/Page_The Story and Evolution of Doodles - G_6e786d/h2_Weve created more than 5,000 Doodles ove_111429' is visible

17-06-2024T18:49:26 - [MESSAGE][PASSED] - Object 'Object Repository/Page_The Story and Evolution of Doodles - G_6e786d/h2_Weve created more than 5,000 Doodles ove_111429' is visible

17-06-2024T18:49:26 - [TEST_STEP][PASSED] - click(findTestObject("Object Repository/Page_The Story and Evolution of Doodles - G_6e786d/p_The first Doodle was a simple out-of-offi_345e61")): Object: 'Object Repository/Page_The Story and Evolution of Doodles - G_6e786d/p_The first Doodle was a simple out-of-offi_345e61' is clicked on

17-06-2024T18:49:26 - [MESSAGE][PASSED] - Object: 'Object Repository/Page_The Story and Evolution of Doodles - G_6e786d/p_The first Doodle was a simple out-of-offi_345e61' is clicked on

17-06-2024T18:49:26 - [TEST_STEP][PASSED] - verifyElementVisible(findTestObject("Object Repository/Page_The Story and Evolution of Doodles - G_6e786d/h1_The story behind Doodles")): Object 'Object Repository/Page_The Story and Evolution of Doodles - G_6e786d/h1_The story behind Doodles' is visible

17-06-2024T18:49:27 - [MESSAGE][PASSED] - Object 'Object Repository/Page_The Story and Evolution of Doodles - G_6e786d/h1_The story behind Doodles' is visible

17-06-2024T18:49:27 - [TEST_STEP][PASSED] - verifyElementVisible(findTestObject("Object Repository/Page_The Story and Evolution of Doodles - G_6e786d/p_The first Doodle was a simple out-of-offi_345e61")): Object 'Object Repository/Page_The Story and Evolution of Doodles - G_6e786d/p_The first Doodle was a simple out-of-offi_345e61' is visible

17-06-2024T18:49:27 - [MESSAGE][PASSED] - Object 'Object Repository/Page_The Story and Evolution of Doodles - G_6e786d/p_The first Doodle was a simple out-of-offi_345e61' is visible

17-06-2024T18:49:27 - [TEST_STEP][PASSED] - verifyElementVisible(findTestObject("Object Repository/Page_The Story and Evolution of Doodles - G_6e786d/h2_Weve created more than 5,000 Doodles ove_111429")): Object 'Object Repository/Page_The Story and Evolution of Doodles - G_6e786d/h2_Weve created more than 5,000 Doodles ove_111429' is visible

17-06-2024T18:49:27 - [MESSAGE][PASSED] - Object 'Object Repository/Page_The Story and Evolution of Doodles - G_6e786d/h2_Weve created more than 5,000 Doodles ove_111429' is visible

17-06-2024T18:49:27 - [TEST_STEP][PASSED] - click(findTestObject("Object Repository/Page_The Story and Evolution of Doodles - G_6e786d/p_The first Doodle was a simple out-of-offi_345e61")): Object: 'Object Repository/Page_The Story and Evolution of Doodles - G_6e786d/p_The first Doodle was a simple out-of-offi_345e61' is clicked on

17-06-2024T18:49:28 - [MESSAGE][PASSED] - Object: 'Object Repository/Page_The Story and Evolution of Doodles - G_6e786d/p_The first Doodle was a simple out-of-offi_345e61' is clicked on

17-06-2024T18:49:28 - [TEST_STEP][PASSED] - verifyElementVisible(findTestObject("Object Repository/Page_The Story and Evolution of Doodles - G_6e786d/h1_The story behind Doodles")): Object 'Object Repository/Page_The Story and Evolution of Doodles - G_6e786d/h1_The story behind Doodles' is visible

17-06-2024T18:49:28 - [MESSAGE][PASSED] - Object 'Object Repository/Page_The Story and Evolution of Doodles - G_6e786d/h1_The story behind Doodles' is visible

17-06-2024T18:49:28 - [TEST_STEP][PASSED] - verifyElementVisible(findTestObject("Object Repository/Page_The Story and Evolution of Doodles - G_6e786d/p_The first Doodle was a simple out-of-offi_345e61")): Object 'Object Repository/Page_The Story and Evolution of Doodles - G_6e786d/p_The first Doodle was a simple out-of-offi_345e61' is visible

17-06-2024T18:49:28 - [MESSAGE][PASSED] - Object 'Object Repository/Page_The Story and Evolution of Doodles - G_6e786d/p_The first Doodle was a simple out-of-offi_345e61' is visible

17-06-2024T18:49:28 - [TEST_STEP][PASSED] - verifyElementVisible(findTestObject("Object Repository/Page_The Story and Evolution of Doodles - G_6e786d/h2_Weve created more than 5,000 Doodles ove_111429")): Object 'Object Repository/Page_The Story and Evolution of Doodles - G_6e786d/h2_Weve created more than 5,000 Doodles ove_111429' is visible

17-06-2024T18:49:29 - [MESSAGE][PASSED] - Object 'Object Repository/Page_The Story and Evolution of Doodles - G_6e786d/h2_Weve created more than 5,000 Doodles ove_111429' is visible

17-06-2024T18:49:29 - [TEST_STEP][PASSED] - click(findTestObject("Object Repository/Page_The Story and Evolution of Doodles - G_6e786d/p_The first Doodle was a simple out-of-offi_345e61")): Object: 'Object Repository/Page_The Story and Evolution of Doodles - G_6e786d/p_The first Doodle was a simple out-of-offi_345e61' is clicked on

17-06-2024T18:49:29 - [MESSAGE][PASSED] - Object: 'Object Repository/Page_The Story and Evolution of Doodles - G_6e786d/p_The first Doodle was a simple out-of-offi_345e61' is clicked on

17-06-2024T18:49:29 - [TEST_STEP][PASSED] - verifyElementVisible(findTestObject("Object Repository/Page_The Story and Evolution of Doodles - G_6e786d/h1_The story behind Doodles")): Object 'Object Repository/Page_The Story and Evolution of Doodles - G_6e786d/h1_The story behind Doodles' is visible

17-06-2024T18:49:29 - [MESSAGE][PASSED] - Object 'Object Repository/Page_The Story and Evolution of Doodles - G_6e786d/h1_The story behind Doodles' is visible

17-06-2024T18:49:29 - [TEST_STEP][PASSED] - verifyElementVisible(findTestObject("Object Repository/Page_The Story and Evolution of Doodles - G_6e786d/p_The first Doodle was a simple out-of-offi_345e61")): Object 'Object Repository/Page_The Story and Evolution of Doodles - G_6e786d/p_The first Doodle was a simple out-of-offi_345e61' is visible

17-06-2024T18:49:30 - [MESSAGE][PASSED] - Object 'Object Repository/Page_The Story and Evolution of Doodles - G_6e786d/p_The first Doodle was a simple out-of-offi_345e61' is visible

17-06-2024T18:49:30 - [TEST_STEP][PASSED] - verifyElementVisible(findTestObject("Object Repository/Page_The Story and Evolution of Doodles - G_6e786d/h2_Weve created more than 5,000 Doodles ove_111429")): Object 'Object Repository/Page_The Story and Evolution of Doodles - G_6e786d/h2_Weve created more than 5,000 Doodles ove_111429' is visible

17-06-2024T18:49:30 - [MESSAGE][PASSED] - Object 'Object Repository/Page_The Story and Evolution of Doodles - G_6e786d/h2_Weve created more than 5,000 Doodles ove_111429' is visible

17-06-2024T18:49:30 - [TEST_STEP][PASSED] - click(findTestObject("Object Repository/Page_The Story and Evolution of Doodles - G_6e786d/p_The first Doodle was a simple out-of-offi_345e61")): Object: 'Object Repository/Page_The Story and Evolution of Doodles - G_6e786d/p_The first Doodle was a simple out-of-offi_345e61' is clicked on

17-06-2024T18:49:30 - [MESSAGE][PASSED] - Object: 'Object Repository/Page_The Story and Evolution of Doodles - G_6e786d/p_The first Doodle was a simple out-of-offi_345e61' is clicked on

17-06-2024T18:49:30 - [TEST_STEP][PASSED] - verifyElementVisible(findTestObject("Object Repository/Page_The Story and Evolution of Doodles - G_6e786d/h1_The story behind Doodles")): Object 'Object Repository/Page_The Story and Evolution of Doodles - G_6e786d/h1_The story behind Doodles' is visible

17-06-2024T18:49:31 - [MESSAGE][PASSED] - Object 'Object Repository/Page_The Story and Evolution of Doodles - G_6e786d/h1_The story behind Doodles' is visible

17-06-2024T18:49:31 - [TEST_STEP][PASSED] - verifyElementVisible(findTestObject("Object Repository/Page_The Story and Evolution of Doodles - G_6e786d/p_The first Doodle was a simple out-of-offi_345e61")): Object 'Object Repository/Page_The Story and Evolution of Doodles - G_6e786d/p_The first Doodle was a simple out-of-offi_345e61' is visible

17-06-2024T18:49:31 - [MESSAGE][PASSED] - Object 'Object Repository/Page_The Story and Evolution of Doodles - G_6e786d/p_The first Doodle was a simple out-of-offi_345e61' is visible

17-06-2024T18:49:31 - [TEST_STEP][PASSED] - verifyElementVisible(findTestObject("Object Repository/Page_The Story and Evolution of Doodles - G_6e786d/h2_Weve created more than 5,000 Doodles ove_111429")): Object 'Object Repository/Page_The Story and Evolution of Doodles - G_6e786d/h2_Weve created more than 5,000 Doodles ove_111429' is visible

17-06-2024T18:49:31 - [MESSAGE][PASSED] - Object 'Object Repository/Page_The Story and Evolution of Doodles - G_6e786d/h2_Weve created more than 5,000 Doodles ove_111429' is visible

17-06-2024T18:49:31 - [TEST_STEP][PASSED] - click(findTestObject("Object Repository/Page_The Story and Evolution of Doodles - G_6e786d/p_The first Doodle was a simple out-of-offi_345e61")): Object: 'Object Repository/Page_The Story and Evolution of Doodles - G_6e786d/p_The first Doodle was a simple out-of-offi_345e61' is clicked on

17-06-2024T18:49:32 - [MESSAGE][PASSED] - Object: 'Object Repository/Page_The Story and Evolution of Doodles - G_6e786d/p_The first Doodle was a simple out-of-offi_345e61' is clicked on

17-06-2024T18:49:32 - [TEST_STEP][PASSED] - verifyElementVisible(findTestObject("Object Repository/Page_The Story and Evolution of Doodles - G_6e786d/h1_The story behind Doodles")): Object 'Object Repository/Page_The Story and Evolution of Doodles - G_6e786d/h1_The story behind Doodles' is visible

17-06-2024T18:49:32 - [MESSAGE][PASSED] - Object 'Object Repository/Page_The Story and Evolution of Doodles - G_6e786d/h1_The story behind Doodles' is visible

17-06-2024T18:49:32 - [TEST_STEP][PASSED] - verifyElementVisible(findTestObject("Object Repository/Page_The Story and Evolution of Doodles - G_6e786d/p_The first Doodle was a simple out-of-offi_345e61")): Object 'Object Repository/Page_The Story and Evolution of Doodles - G_6e786d/p_The first Doodle was a simple out-of-offi_345e61' is visible

17-06-2024T18:49:32 - [MESSAGE][PASSED] - Object 'Object Repository/Page_The Story and Evolution of Doodles - G_6e786d/p_The first Doodle was a simple out-of-offi_345e61' is visible

17-06-2024T18:49:32 - [TEST_STEP][PASSED] - verifyElementVisible(findTestObject("Object Repository/Page_The Story and Evolution of Doodles - G_6e786d/h2_Weve created more than 5,000 Doodles ove_111429")): Object 'Object Repository/Page_The Story and Evolution of Doodles - G_6e786d/h2_Weve created more than 5,000 Doodles ove_111429' is visible

17-06-2024T18:49:33 - [MESSAGE][PASSED] - Object 'Object Repository/Page_The Story and Evolution of Doodles - G_6e786d/h2_Weve created more than 5,000 Doodles ove_111429' is visible]]></system-out>
         <system-err><![CDATA[]]></system-err>
      </testcase>
      <testcase name="Test Cases/test case folder 1/tc1 - Copy (5) - Copy (5)" time="19.302" classname="Test Cases/test case folder 1/tc1 - Copy (5) - Copy (5)" status="PASSED">
         <system-out><![CDATA[17-06-2024T18:49:33 - [TEST_CASE][PASSED] - Test Cases/test case folder 1/tc1 - Copy (5) - Copy (5): Test Cases/test case folder 1/tc1 - Copy (5) - Copy (5)

17-06-2024T18:49:33 - [TEST_STEP][PASSED] - openBrowser(""): Browser is opened with url: ''

17-06-2024T18:49:33 - [MESSAGE][WARNING] - A browser is already opened. Closing browser and opening a new one

17-06-2024T18:49:33 - [MESSAGE][INFO] - Starting 'Chrome (headless)' driver

17-06-2024T18:49:33 - [MESSAGE][INFO] - Action delay is set to 0 milliseconds

17-06-2024T18:49:34 - [MESSAGE][PASSED] - Browser is opened with url: ''

17-06-2024T18:49:34 - [TEST_STEP][PASSED] - navigateToUrl("https://doodles.google/about/"): Navigate to 'https://doodles.google/about/' successfully

17-06-2024T18:49:35 - [MESSAGE][PASSED] - Navigate to 'https://doodles.google/about/' successfully

17-06-2024T18:49:35 - [TEST_STEP][PASSED] - click(findTestObject("Object Repository/Page_The Story and Evolution of Doodles - G_6e786d/p_The first Doodle was a simple out-of-offi_345e61")): Object: 'Object Repository/Page_The Story and Evolution of Doodles - G_6e786d/p_The first Doodle was a simple out-of-offi_345e61' is clicked on

17-06-2024T18:49:37 - [MESSAGE][PASSED] - Object: 'Object Repository/Page_The Story and Evolution of Doodles - G_6e786d/p_The first Doodle was a simple out-of-offi_345e61' is clicked on

17-06-2024T18:49:37 - [TEST_STEP][PASSED] - click(findTestObject("Object Repository/Page_The Story and Evolution of Doodles - G_6e786d/p_The first Doodle was a simple out-of-offi_345e61")): Object: 'Object Repository/Page_The Story and Evolution of Doodles - G_6e786d/p_The first Doodle was a simple out-of-offi_345e61' is clicked on

17-06-2024T18:49:38 - [MESSAGE][PASSED] - Object: 'Object Repository/Page_The Story and Evolution of Doodles - G_6e786d/p_The first Doodle was a simple out-of-offi_345e61' is clicked on

17-06-2024T18:49:38 - [TEST_STEP][PASSED] - verifyElementVisible(findTestObject("Object Repository/Page_The Story and Evolution of Doodles - G_6e786d/h1_The story behind Doodles")): Object 'Object Repository/Page_The Story and Evolution of Doodles - G_6e786d/h1_The story behind Doodles' is visible

17-06-2024T18:49:38 - [MESSAGE][PASSED] - Object 'Object Repository/Page_The Story and Evolution of Doodles - G_6e786d/h1_The story behind Doodles' is visible

17-06-2024T18:49:38 - [TEST_STEP][PASSED] - verifyElementVisible(findTestObject("Object Repository/Page_The Story and Evolution of Doodles - G_6e786d/p_The first Doodle was a simple out-of-offi_345e61")): Object 'Object Repository/Page_The Story and Evolution of Doodles - G_6e786d/p_The first Doodle was a simple out-of-offi_345e61' is visible

17-06-2024T18:49:38 - [MESSAGE][PASSED] - Object 'Object Repository/Page_The Story and Evolution of Doodles - G_6e786d/p_The first Doodle was a simple out-of-offi_345e61' is visible

17-06-2024T18:49:38 - [TEST_STEP][PASSED] - verifyElementVisible(findTestObject("Object Repository/Page_The Story and Evolution of Doodles - G_6e786d/h2_Weve created more than 5,000 Doodles ove_111429")): Object 'Object Repository/Page_The Story and Evolution of Doodles - G_6e786d/h2_Weve created more than 5,000 Doodles ove_111429' is visible

17-06-2024T18:49:39 - [MESSAGE][PASSED] - Object 'Object Repository/Page_The Story and Evolution of Doodles - G_6e786d/h2_Weve created more than 5,000 Doodles ove_111429' is visible

17-06-2024T18:49:39 - [TEST_STEP][PASSED] - verifyElementVisible(findTestObject("Object Repository/Page_The Story and Evolution of Doodles - G_6e786d/h1_The story behind Doodles")): Object 'Object Repository/Page_The Story and Evolution of Doodles - G_6e786d/h1_The story behind Doodles' is visible

17-06-2024T18:49:39 - [MESSAGE][PASSED] - Object 'Object Repository/Page_The Story and Evolution of Doodles - G_6e786d/h1_The story behind Doodles' is visible

17-06-2024T18:49:39 - [TEST_STEP][PASSED] - verifyElementVisible(findTestObject("Object Repository/Page_The Story and Evolution of Doodles - G_6e786d/p_The first Doodle was a simple out-of-offi_345e61")): Object 'Object Repository/Page_The Story and Evolution of Doodles - G_6e786d/p_The first Doodle was a simple out-of-offi_345e61' is visible

17-06-2024T18:49:39 - [MESSAGE][PASSED] - Object 'Object Repository/Page_The Story and Evolution of Doodles - G_6e786d/p_The first Doodle was a simple out-of-offi_345e61' is visible

17-06-2024T18:49:39 - [TEST_STEP][PASSED] - verifyElementVisible(findTestObject("Object Repository/Page_The Story and Evolution of Doodles - G_6e786d/h2_Weve created more than 5,000 Doodles ove_111429")): Object 'Object Repository/Page_The Story and Evolution of Doodles - G_6e786d/h2_Weve created more than 5,000 Doodles ove_111429' is visible

17-06-2024T18:49:40 - [MESSAGE][PASSED] - Object 'Object Repository/Page_The Story and Evolution of Doodles - G_6e786d/h2_Weve created more than 5,000 Doodles ove_111429' is visible

17-06-2024T18:49:40 - [TEST_STEP][PASSED] - click(findTestObject("Object Repository/Page_The Story and Evolution of Doodles - G_6e786d/p_The first Doodle was a simple out-of-offi_345e61")): Object: 'Object Repository/Page_The Story and Evolution of Doodles - G_6e786d/p_The first Doodle was a simple out-of-offi_345e61' is clicked on

17-06-2024T18:49:40 - [MESSAGE][PASSED] - Object: 'Object Repository/Page_The Story and Evolution of Doodles - G_6e786d/p_The first Doodle was a simple out-of-offi_345e61' is clicked on

17-06-2024T18:49:40 - [TEST_STEP][PASSED] - verifyElementVisible(findTestObject("Object Repository/Page_The Story and Evolution of Doodles - G_6e786d/h1_The story behind Doodles")): Object 'Object Repository/Page_The Story and Evolution of Doodles - G_6e786d/h1_The story behind Doodles' is visible

17-06-2024T18:49:40 - [MESSAGE][PASSED] - Object 'Object Repository/Page_The Story and Evolution of Doodles - G_6e786d/h1_The story behind Doodles' is visible

17-06-2024T18:49:40 - [TEST_STEP][PASSED] - verifyElementVisible(findTestObject("Object Repository/Page_The Story and Evolution of Doodles - G_6e786d/p_The first Doodle was a simple out-of-offi_345e61")): Object 'Object Repository/Page_The Story and Evolution of Doodles - G_6e786d/p_The first Doodle was a simple out-of-offi_345e61' is visible

17-06-2024T18:49:41 - [MESSAGE][PASSED] - Object 'Object Repository/Page_The Story and Evolution of Doodles - G_6e786d/p_The first Doodle was a simple out-of-offi_345e61' is visible

17-06-2024T18:49:41 - [TEST_STEP][PASSED] - verifyElementVisible(findTestObject("Object Repository/Page_The Story and Evolution of Doodles - G_6e786d/h2_Weve created more than 5,000 Doodles ove_111429")): Object 'Object Repository/Page_The Story and Evolution of Doodles - G_6e786d/h2_Weve created more than 5,000 Doodles ove_111429' is visible

17-06-2024T18:49:41 - [MESSAGE][PASSED] - Object 'Object Repository/Page_The Story and Evolution of Doodles - G_6e786d/h2_Weve created more than 5,000 Doodles ove_111429' is visible

17-06-2024T18:49:41 - [TEST_STEP][PASSED] - click(findTestObject("Object Repository/Page_The Story and Evolution of Doodles - G_6e786d/p_The first Doodle was a simple out-of-offi_345e61")): Object: 'Object Repository/Page_The Story and Evolution of Doodles - G_6e786d/p_The first Doodle was a simple out-of-offi_345e61' is clicked on

17-06-2024T18:49:41 - [MESSAGE][PASSED] - Object: 'Object Repository/Page_The Story and Evolution of Doodles - G_6e786d/p_The first Doodle was a simple out-of-offi_345e61' is clicked on

17-06-2024T18:49:41 - [TEST_STEP][PASSED] - verifyElementVisible(findTestObject("Object Repository/Page_The Story and Evolution of Doodles - G_6e786d/h1_The story behind Doodles")): Object 'Object Repository/Page_The Story and Evolution of Doodles - G_6e786d/h1_The story behind Doodles' is visible

17-06-2024T18:49:42 - [MESSAGE][PASSED] - Object 'Object Repository/Page_The Story and Evolution of Doodles - G_6e786d/h1_The story behind Doodles' is visible

17-06-2024T18:49:42 - [TEST_STEP][PASSED] - verifyElementVisible(findTestObject("Object Repository/Page_The Story and Evolution of Doodles - G_6e786d/p_The first Doodle was a simple out-of-offi_345e61")): Object 'Object Repository/Page_The Story and Evolution of Doodles - G_6e786d/p_The first Doodle was a simple out-of-offi_345e61' is visible

17-06-2024T18:49:42 - [MESSAGE][PASSED] - Object 'Object Repository/Page_The Story and Evolution of Doodles - G_6e786d/p_The first Doodle was a simple out-of-offi_345e61' is visible

17-06-2024T18:49:42 - [TEST_STEP][PASSED] - verifyElementVisible(findTestObject("Object Repository/Page_The Story and Evolution of Doodles - G_6e786d/h2_Weve created more than 5,000 Doodles ove_111429")): Object 'Object Repository/Page_The Story and Evolution of Doodles - G_6e786d/h2_Weve created more than 5,000 Doodles ove_111429' is visible

17-06-2024T18:49:42 - [MESSAGE][PASSED] - Object 'Object Repository/Page_The Story and Evolution of Doodles - G_6e786d/h2_Weve created more than 5,000 Doodles ove_111429' is visible

17-06-2024T18:49:42 - [TEST_STEP][PASSED] - click(findTestObject("Object Repository/Page_The Story and Evolution of Doodles - G_6e786d/p_The first Doodle was a simple out-of-offi_345e61")): Object: 'Object Repository/Page_The Story and Evolution of Doodles - G_6e786d/p_The first Doodle was a simple out-of-offi_345e61' is clicked on

17-06-2024T18:49:43 - [MESSAGE][PASSED] - Object: 'Object Repository/Page_The Story and Evolution of Doodles - G_6e786d/p_The first Doodle was a simple out-of-offi_345e61' is clicked on

17-06-2024T18:49:43 - [TEST_STEP][PASSED] - verifyElementVisible(findTestObject("Object Repository/Page_The Story and Evolution of Doodles - G_6e786d/h1_The story behind Doodles")): Object 'Object Repository/Page_The Story and Evolution of Doodles - G_6e786d/h1_The story behind Doodles' is visible

17-06-2024T18:49:43 - [MESSAGE][PASSED] - Object 'Object Repository/Page_The Story and Evolution of Doodles - G_6e786d/h1_The story behind Doodles' is visible

17-06-2024T18:49:43 - [TEST_STEP][PASSED] - verifyElementVisible(findTestObject("Object Repository/Page_The Story and Evolution of Doodles - G_6e786d/p_The first Doodle was a simple out-of-offi_345e61")): Object 'Object Repository/Page_The Story and Evolution of Doodles - G_6e786d/p_The first Doodle was a simple out-of-offi_345e61' is visible

17-06-2024T18:49:43 - [MESSAGE][PASSED] - Object 'Object Repository/Page_The Story and Evolution of Doodles - G_6e786d/p_The first Doodle was a simple out-of-offi_345e61' is visible

17-06-2024T18:49:43 - [TEST_STEP][PASSED] - verifyElementVisible(findTestObject("Object Repository/Page_The Story and Evolution of Doodles - G_6e786d/h2_Weve created more than 5,000 Doodles ove_111429")): Object 'Object Repository/Page_The Story and Evolution of Doodles - G_6e786d/h2_Weve created more than 5,000 Doodles ove_111429' is visible

17-06-2024T18:49:44 - [MESSAGE][PASSED] - Object 'Object Repository/Page_The Story and Evolution of Doodles - G_6e786d/h2_Weve created more than 5,000 Doodles ove_111429' is visible

17-06-2024T18:49:44 - [TEST_STEP][PASSED] - click(findTestObject("Object Repository/Page_The Story and Evolution of Doodles - G_6e786d/p_The first Doodle was a simple out-of-offi_345e61")): Object: 'Object Repository/Page_The Story and Evolution of Doodles - G_6e786d/p_The first Doodle was a simple out-of-offi_345e61' is clicked on

17-06-2024T18:49:44 - [MESSAGE][PASSED] - Object: 'Object Repository/Page_The Story and Evolution of Doodles - G_6e786d/p_The first Doodle was a simple out-of-offi_345e61' is clicked on

17-06-2024T18:49:44 - [TEST_STEP][PASSED] - verifyElementVisible(findTestObject("Object Repository/Page_The Story and Evolution of Doodles - G_6e786d/h1_The story behind Doodles")): Object 'Object Repository/Page_The Story and Evolution of Doodles - G_6e786d/h1_The story behind Doodles' is visible

17-06-2024T18:49:44 - [MESSAGE][PASSED] - Object 'Object Repository/Page_The Story and Evolution of Doodles - G_6e786d/h1_The story behind Doodles' is visible

17-06-2024T18:49:44 - [TEST_STEP][PASSED] - verifyElementVisible(findTestObject("Object Repository/Page_The Story and Evolution of Doodles - G_6e786d/p_The first Doodle was a simple out-of-offi_345e61")): Object 'Object Repository/Page_The Story and Evolution of Doodles - G_6e786d/p_The first Doodle was a simple out-of-offi_345e61' is visible

17-06-2024T18:49:45 - [MESSAGE][PASSED] - Object 'Object Repository/Page_The Story and Evolution of Doodles - G_6e786d/p_The first Doodle was a simple out-of-offi_345e61' is visible

17-06-2024T18:49:45 - [TEST_STEP][PASSED] - verifyElementVisible(findTestObject("Object Repository/Page_The Story and Evolution of Doodles - G_6e786d/h2_Weve created more than 5,000 Doodles ove_111429")): Object 'Object Repository/Page_The Story and Evolution of Doodles - G_6e786d/h2_Weve created more than 5,000 Doodles ove_111429' is visible

17-06-2024T18:49:45 - [MESSAGE][PASSED] - Object 'Object Repository/Page_The Story and Evolution of Doodles - G_6e786d/h2_Weve created more than 5,000 Doodles ove_111429' is visible

17-06-2024T18:49:45 - [TEST_STEP][PASSED] - click(findTestObject("Object Repository/Page_The Story and Evolution of Doodles - G_6e786d/p_The first Doodle was a simple out-of-offi_345e61")): Object: 'Object Repository/Page_The Story and Evolution of Doodles - G_6e786d/p_The first Doodle was a simple out-of-offi_345e61' is clicked on

17-06-2024T18:49:45 - [MESSAGE][PASSED] - Object: 'Object Repository/Page_The Story and Evolution of Doodles - G_6e786d/p_The first Doodle was a simple out-of-offi_345e61' is clicked on

17-06-2024T18:49:45 - [TEST_STEP][PASSED] - verifyElementVisible(findTestObject("Object Repository/Page_The Story and Evolution of Doodles - G_6e786d/h1_The story behind Doodles")): Object 'Object Repository/Page_The Story and Evolution of Doodles - G_6e786d/h1_The story behind Doodles' is visible

17-06-2024T18:49:46 - [MESSAGE][PASSED] - Object 'Object Repository/Page_The Story and Evolution of Doodles - G_6e786d/h1_The story behind Doodles' is visible

17-06-2024T18:49:46 - [TEST_STEP][PASSED] - verifyElementVisible(findTestObject("Object Repository/Page_The Story and Evolution of Doodles - G_6e786d/p_The first Doodle was a simple out-of-offi_345e61")): Object 'Object Repository/Page_The Story and Evolution of Doodles - G_6e786d/p_The first Doodle was a simple out-of-offi_345e61' is visible

17-06-2024T18:49:46 - [MESSAGE][PASSED] - Object 'Object Repository/Page_The Story and Evolution of Doodles - G_6e786d/p_The first Doodle was a simple out-of-offi_345e61' is visible

17-06-2024T18:49:46 - [TEST_STEP][PASSED] - verifyElementVisible(findTestObject("Object Repository/Page_The Story and Evolution of Doodles - G_6e786d/h2_Weve created more than 5,000 Doodles ove_111429")): Object 'Object Repository/Page_The Story and Evolution of Doodles - G_6e786d/h2_Weve created more than 5,000 Doodles ove_111429' is visible

17-06-2024T18:49:46 - [MESSAGE][PASSED] - Object 'Object Repository/Page_The Story and Evolution of Doodles - G_6e786d/h2_Weve created more than 5,000 Doodles ove_111429' is visible

17-06-2024T18:49:46 - [TEST_STEP][PASSED] - click(findTestObject("Object Repository/Page_The Story and Evolution of Doodles - G_6e786d/p_The first Doodle was a simple out-of-offi_345e61")): Object: 'Object Repository/Page_The Story and Evolution of Doodles - G_6e786d/p_The first Doodle was a simple out-of-offi_345e61' is clicked on

17-06-2024T18:49:47 - [MESSAGE][PASSED] - Object: 'Object Repository/Page_The Story and Evolution of Doodles - G_6e786d/p_The first Doodle was a simple out-of-offi_345e61' is clicked on

17-06-2024T18:49:47 - [TEST_STEP][PASSED] - verifyElementVisible(findTestObject("Object Repository/Page_The Story and Evolution of Doodles - G_6e786d/h1_The story behind Doodles")): Object 'Object Repository/Page_The Story and Evolution of Doodles - G_6e786d/h1_The story behind Doodles' is visible

17-06-2024T18:49:47 - [MESSAGE][PASSED] - Object 'Object Repository/Page_The Story and Evolution of Doodles - G_6e786d/h1_The story behind Doodles' is visible

17-06-2024T18:49:47 - [TEST_STEP][PASSED] - verifyElementVisible(findTestObject("Object Repository/Page_The Story and Evolution of Doodles - G_6e786d/p_The first Doodle was a simple out-of-offi_345e61")): Object 'Object Repository/Page_The Story and Evolution of Doodles - G_6e786d/p_The first Doodle was a simple out-of-offi_345e61' is visible

17-06-2024T18:49:47 - [MESSAGE][PASSED] - Object 'Object Repository/Page_The Story and Evolution of Doodles - G_6e786d/p_The first Doodle was a simple out-of-offi_345e61' is visible

17-06-2024T18:49:47 - [TEST_STEP][PASSED] - verifyElementVisible(findTestObject("Object Repository/Page_The Story and Evolution of Doodles - G_6e786d/h2_Weve created more than 5,000 Doodles ove_111429")): Object 'Object Repository/Page_The Story and Evolution of Doodles - G_6e786d/h2_Weve created more than 5,000 Doodles ove_111429' is visible

17-06-2024T18:49:48 - [MESSAGE][PASSED] - Object 'Object Repository/Page_The Story and Evolution of Doodles - G_6e786d/h2_Weve created more than 5,000 Doodles ove_111429' is visible

17-06-2024T18:49:48 - [TEST_STEP][PASSED] - click(findTestObject("Object Repository/Page_The Story and Evolution of Doodles - G_6e786d/p_The first Doodle was a simple out-of-offi_345e61")): Object: 'Object Repository/Page_The Story and Evolution of Doodles - G_6e786d/p_The first Doodle was a simple out-of-offi_345e61' is clicked on

17-06-2024T18:49:48 - [MESSAGE][PASSED] - Object: 'Object Repository/Page_The Story and Evolution of Doodles - G_6e786d/p_The first Doodle was a simple out-of-offi_345e61' is clicked on

17-06-2024T18:49:48 - [TEST_STEP][PASSED] - verifyElementVisible(findTestObject("Object Repository/Page_The Story and Evolution of Doodles - G_6e786d/h1_The story behind Doodles")): Object 'Object Repository/Page_The Story and Evolution of Doodles - G_6e786d/h1_The story behind Doodles' is visible

17-06-2024T18:49:49 - [MESSAGE][PASSED] - Object 'Object Repository/Page_The Story and Evolution of Doodles - G_6e786d/h1_The story behind Doodles' is visible

17-06-2024T18:49:49 - [TEST_STEP][PASSED] - verifyElementVisible(findTestObject("Object Repository/Page_The Story and Evolution of Doodles - G_6e786d/p_The first Doodle was a simple out-of-offi_345e61")): Object 'Object Repository/Page_The Story and Evolution of Doodles - G_6e786d/p_The first Doodle was a simple out-of-offi_345e61' is visible

17-06-2024T18:49:49 - [MESSAGE][PASSED] - Object 'Object Repository/Page_The Story and Evolution of Doodles - G_6e786d/p_The first Doodle was a simple out-of-offi_345e61' is visible

17-06-2024T18:49:49 - [TEST_STEP][PASSED] - verifyElementVisible(findTestObject("Object Repository/Page_The Story and Evolution of Doodles - G_6e786d/h2_Weve created more than 5,000 Doodles ove_111429")): Object 'Object Repository/Page_The Story and Evolution of Doodles - G_6e786d/h2_Weve created more than 5,000 Doodles ove_111429' is visible

17-06-2024T18:49:49 - [MESSAGE][PASSED] - Object 'Object Repository/Page_The Story and Evolution of Doodles - G_6e786d/h2_Weve created more than 5,000 Doodles ove_111429' is visible

17-06-2024T18:49:49 - [TEST_STEP][PASSED] - click(findTestObject("Object Repository/Page_The Story and Evolution of Doodles - G_6e786d/p_The first Doodle was a simple out-of-offi_345e61")): Object: 'Object Repository/Page_The Story and Evolution of Doodles - G_6e786d/p_The first Doodle was a simple out-of-offi_345e61' is clicked on

17-06-2024T18:49:50 - [MESSAGE][PASSED] - Object: 'Object Repository/Page_The Story and Evolution of Doodles - G_6e786d/p_The first Doodle was a simple out-of-offi_345e61' is clicked on

17-06-2024T18:49:50 - [TEST_STEP][PASSED] - verifyElementVisible(findTestObject("Object Repository/Page_The Story and Evolution of Doodles - G_6e786d/h1_The story behind Doodles")): Object 'Object Repository/Page_The Story and Evolution of Doodles - G_6e786d/h1_The story behind Doodles' is visible

17-06-2024T18:49:50 - [MESSAGE][PASSED] - Object 'Object Repository/Page_The Story and Evolution of Doodles - G_6e786d/h1_The story behind Doodles' is visible

17-06-2024T18:49:50 - [TEST_STEP][PASSED] - verifyElementVisible(findTestObject("Object Repository/Page_The Story and Evolution of Doodles - G_6e786d/p_The first Doodle was a simple out-of-offi_345e61")): Object 'Object Repository/Page_The Story and Evolution of Doodles - G_6e786d/p_The first Doodle was a simple out-of-offi_345e61' is visible

17-06-2024T18:49:50 - [MESSAGE][PASSED] - Object 'Object Repository/Page_The Story and Evolution of Doodles - G_6e786d/p_The first Doodle was a simple out-of-offi_345e61' is visible

17-06-2024T18:49:50 - [TEST_STEP][PASSED] - verifyElementVisible(findTestObject("Object Repository/Page_The Story and Evolution of Doodles - G_6e786d/h2_Weve created more than 5,000 Doodles ove_111429")): Object 'Object Repository/Page_The Story and Evolution of Doodles - G_6e786d/h2_Weve created more than 5,000 Doodles ove_111429' is visible

17-06-2024T18:49:51 - [MESSAGE][PASSED] - Object 'Object Repository/Page_The Story and Evolution of Doodles - G_6e786d/h2_Weve created more than 5,000 Doodles ove_111429' is visible

17-06-2024T18:49:51 - [TEST_STEP][PASSED] - click(findTestObject("Object Repository/Page_The Story and Evolution of Doodles - G_6e786d/p_The first Doodle was a simple out-of-offi_345e61")): Object: 'Object Repository/Page_The Story and Evolution of Doodles - G_6e786d/p_The first Doodle was a simple out-of-offi_345e61' is clicked on

17-06-2024T18:49:51 - [MESSAGE][PASSED] - Object: 'Object Repository/Page_The Story and Evolution of Doodles - G_6e786d/p_The first Doodle was a simple out-of-offi_345e61' is clicked on

17-06-2024T18:49:51 - [TEST_STEP][PASSED] - verifyElementVisible(findTestObject("Object Repository/Page_The Story and Evolution of Doodles - G_6e786d/h1_The story behind Doodles")): Object 'Object Repository/Page_The Story and Evolution of Doodles - G_6e786d/h1_The story behind Doodles' is visible

17-06-2024T18:49:51 - [MESSAGE][PASSED] - Object 'Object Repository/Page_The Story and Evolution of Doodles - G_6e786d/h1_The story behind Doodles' is visible

17-06-2024T18:49:51 - [TEST_STEP][PASSED] - verifyElementVisible(findTestObject("Object Repository/Page_The Story and Evolution of Doodles - G_6e786d/p_The first Doodle was a simple out-of-offi_345e61")): Object 'Object Repository/Page_The Story and Evolution of Doodles - G_6e786d/p_The first Doodle was a simple out-of-offi_345e61' is visible

17-06-2024T18:49:52 - [MESSAGE][PASSED] - Object 'Object Repository/Page_The Story and Evolution of Doodles - G_6e786d/p_The first Doodle was a simple out-of-offi_345e61' is visible

17-06-2024T18:49:52 - [TEST_STEP][PASSED] - verifyElementVisible(findTestObject("Object Repository/Page_The Story and Evolution of Doodles - G_6e786d/h2_Weve created more than 5,000 Doodles ove_111429")): Object 'Object Repository/Page_The Story and Evolution of Doodles - G_6e786d/h2_Weve created more than 5,000 Doodles ove_111429' is visible

17-06-2024T18:49:52 - [MESSAGE][PASSED] - Object 'Object Repository/Page_The Story and Evolution of Doodles - G_6e786d/h2_Weve created more than 5,000 Doodles ove_111429' is visible]]></system-out>
         <system-err><![CDATA[]]></system-err>
      </testcase>
      <testcase name="Test Cases/test case folder 1/tc1 - Copy (5) - Copy (6)" time="20.879" classname="Test Cases/test case folder 1/tc1 - Copy (5) - Copy (6)" status="PASSED">
         <system-out><![CDATA[17-06-2024T18:49:52 - [TEST_CASE][PASSED] - Test Cases/test case folder 1/tc1 - Copy (5) - Copy (6): Test Cases/test case folder 1/tc1 - Copy (5) - Copy (6)

17-06-2024T18:49:52 - [TEST_STEP][PASSED] - openBrowser(""): Browser is opened with url: ''

17-06-2024T18:49:52 - [MESSAGE][WARNING] - A browser is already opened. Closing browser and opening a new one

17-06-2024T18:49:52 - [MESSAGE][INFO] - Starting 'Chrome (headless)' driver

17-06-2024T18:49:52 - [MESSAGE][INFO] - Action delay is set to 0 milliseconds

17-06-2024T18:49:53 - [MESSAGE][PASSED] - Browser is opened with url: ''

17-06-2024T18:49:53 - [TEST_STEP][PASSED] - navigateToUrl("https://doodles.google/about/"): Navigate to 'https://doodles.google/about/' successfully

17-06-2024T18:49:57 - [MESSAGE][PASSED] - Navigate to 'https://doodles.google/about/' successfully

17-06-2024T18:49:57 - [TEST_STEP][PASSED] - click(findTestObject("Object Repository/Page_The Story and Evolution of Doodles - G_6e786d/p_The first Doodle was a simple out-of-offi_345e61")): Object: 'Object Repository/Page_The Story and Evolution of Doodles - G_6e786d/p_The first Doodle was a simple out-of-offi_345e61' is clicked on

17-06-2024T18:49:58 - [MESSAGE][PASSED] - Object: 'Object Repository/Page_The Story and Evolution of Doodles - G_6e786d/p_The first Doodle was a simple out-of-offi_345e61' is clicked on

17-06-2024T18:49:58 - [TEST_STEP][PASSED] - click(findTestObject("Object Repository/Page_The Story and Evolution of Doodles - G_6e786d/p_The first Doodle was a simple out-of-offi_345e61")): Object: 'Object Repository/Page_The Story and Evolution of Doodles - G_6e786d/p_The first Doodle was a simple out-of-offi_345e61' is clicked on

17-06-2024T18:49:58 - [MESSAGE][PASSED] - Object: 'Object Repository/Page_The Story and Evolution of Doodles - G_6e786d/p_The first Doodle was a simple out-of-offi_345e61' is clicked on

17-06-2024T18:49:58 - [TEST_STEP][PASSED] - verifyElementVisible(findTestObject("Object Repository/Page_The Story and Evolution of Doodles - G_6e786d/h1_The story behind Doodles")): Object 'Object Repository/Page_The Story and Evolution of Doodles - G_6e786d/h1_The story behind Doodles' is visible

17-06-2024T18:49:58 - [MESSAGE][PASSED] - Object 'Object Repository/Page_The Story and Evolution of Doodles - G_6e786d/h1_The story behind Doodles' is visible

17-06-2024T18:49:58 - [TEST_STEP][PASSED] - verifyElementVisible(findTestObject("Object Repository/Page_The Story and Evolution of Doodles - G_6e786d/p_The first Doodle was a simple out-of-offi_345e61")): Object 'Object Repository/Page_The Story and Evolution of Doodles - G_6e786d/p_The first Doodle was a simple out-of-offi_345e61' is visible

17-06-2024T18:49:59 - [MESSAGE][PASSED] - Object 'Object Repository/Page_The Story and Evolution of Doodles - G_6e786d/p_The first Doodle was a simple out-of-offi_345e61' is visible

17-06-2024T18:49:59 - [TEST_STEP][PASSED] - verifyElementVisible(findTestObject("Object Repository/Page_The Story and Evolution of Doodles - G_6e786d/h2_Weve created more than 5,000 Doodles ove_111429")): Object 'Object Repository/Page_The Story and Evolution of Doodles - G_6e786d/h2_Weve created more than 5,000 Doodles ove_111429' is visible

17-06-2024T18:49:59 - [MESSAGE][PASSED] - Object 'Object Repository/Page_The Story and Evolution of Doodles - G_6e786d/h2_Weve created more than 5,000 Doodles ove_111429' is visible

17-06-2024T18:49:59 - [TEST_STEP][PASSED] - verifyElementVisible(findTestObject("Object Repository/Page_The Story and Evolution of Doodles - G_6e786d/h1_The story behind Doodles")): Object 'Object Repository/Page_The Story and Evolution of Doodles - G_6e786d/h1_The story behind Doodles' is visible

17-06-2024T18:50:00 - [MESSAGE][PASSED] - Object 'Object Repository/Page_The Story and Evolution of Doodles - G_6e786d/h1_The story behind Doodles' is visible

17-06-2024T18:50:00 - [TEST_STEP][PASSED] - verifyElementVisible(findTestObject("Object Repository/Page_The Story and Evolution of Doodles - G_6e786d/p_The first Doodle was a simple out-of-offi_345e61")): Object 'Object Repository/Page_The Story and Evolution of Doodles - G_6e786d/p_The first Doodle was a simple out-of-offi_345e61' is visible

17-06-2024T18:50:00 - [MESSAGE][PASSED] - Object 'Object Repository/Page_The Story and Evolution of Doodles - G_6e786d/p_The first Doodle was a simple out-of-offi_345e61' is visible

17-06-2024T18:50:00 - [TEST_STEP][PASSED] - verifyElementVisible(findTestObject("Object Repository/Page_The Story and Evolution of Doodles - G_6e786d/h2_Weve created more than 5,000 Doodles ove_111429")): Object 'Object Repository/Page_The Story and Evolution of Doodles - G_6e786d/h2_Weve created more than 5,000 Doodles ove_111429' is visible

17-06-2024T18:50:00 - [MESSAGE][PASSED] - Object 'Object Repository/Page_The Story and Evolution of Doodles - G_6e786d/h2_Weve created more than 5,000 Doodles ove_111429' is visible

17-06-2024T18:50:00 - [TEST_STEP][PASSED] - click(findTestObject("Object Repository/Page_The Story and Evolution of Doodles - G_6e786d/p_The first Doodle was a simple out-of-offi_345e61")): Object: 'Object Repository/Page_The Story and Evolution of Doodles - G_6e786d/p_The first Doodle was a simple out-of-offi_345e61' is clicked on

17-06-2024T18:50:01 - [MESSAGE][PASSED] - Object: 'Object Repository/Page_The Story and Evolution of Doodles - G_6e786d/p_The first Doodle was a simple out-of-offi_345e61' is clicked on

17-06-2024T18:50:01 - [TEST_STEP][PASSED] - verifyElementVisible(findTestObject("Object Repository/Page_The Story and Evolution of Doodles - G_6e786d/h1_The story behind Doodles")): Object 'Object Repository/Page_The Story and Evolution of Doodles - G_6e786d/h1_The story behind Doodles' is visible

17-06-2024T18:50:01 - [MESSAGE][PASSED] - Object 'Object Repository/Page_The Story and Evolution of Doodles - G_6e786d/h1_The story behind Doodles' is visible

17-06-2024T18:50:01 - [TEST_STEP][PASSED] - verifyElementVisible(findTestObject("Object Repository/Page_The Story and Evolution of Doodles - G_6e786d/p_The first Doodle was a simple out-of-offi_345e61")): Object 'Object Repository/Page_The Story and Evolution of Doodles - G_6e786d/p_The first Doodle was a simple out-of-offi_345e61' is visible

17-06-2024T18:50:02 - [MESSAGE][PASSED] - Object 'Object Repository/Page_The Story and Evolution of Doodles - G_6e786d/p_The first Doodle was a simple out-of-offi_345e61' is visible

17-06-2024T18:50:02 - [TEST_STEP][PASSED] - verifyElementVisible(findTestObject("Object Repository/Page_The Story and Evolution of Doodles - G_6e786d/h2_Weve created more than 5,000 Doodles ove_111429")): Object 'Object Repository/Page_The Story and Evolution of Doodles - G_6e786d/h2_Weve created more than 5,000 Doodles ove_111429' is visible

17-06-2024T18:50:02 - [MESSAGE][PASSED] - Object 'Object Repository/Page_The Story and Evolution of Doodles - G_6e786d/h2_Weve created more than 5,000 Doodles ove_111429' is visible

17-06-2024T18:50:02 - [TEST_STEP][PASSED] - click(findTestObject("Object Repository/Page_The Story and Evolution of Doodles - G_6e786d/p_The first Doodle was a simple out-of-offi_345e61")): Object: 'Object Repository/Page_The Story and Evolution of Doodles - G_6e786d/p_The first Doodle was a simple out-of-offi_345e61' is clicked on

17-06-2024T18:50:02 - [MESSAGE][PASSED] - Object: 'Object Repository/Page_The Story and Evolution of Doodles - G_6e786d/p_The first Doodle was a simple out-of-offi_345e61' is clicked on

17-06-2024T18:50:02 - [TEST_STEP][PASSED] - verifyElementVisible(findTestObject("Object Repository/Page_The Story and Evolution of Doodles - G_6e786d/h1_The story behind Doodles")): Object 'Object Repository/Page_The Story and Evolution of Doodles - G_6e786d/h1_The story behind Doodles' is visible

17-06-2024T18:50:03 - [MESSAGE][PASSED] - Object 'Object Repository/Page_The Story and Evolution of Doodles - G_6e786d/h1_The story behind Doodles' is visible

17-06-2024T18:50:03 - [TEST_STEP][PASSED] - verifyElementVisible(findTestObject("Object Repository/Page_The Story and Evolution of Doodles - G_6e786d/p_The first Doodle was a simple out-of-offi_345e61")): Object 'Object Repository/Page_The Story and Evolution of Doodles - G_6e786d/p_The first Doodle was a simple out-of-offi_345e61' is visible

17-06-2024T18:50:03 - [MESSAGE][PASSED] - Object 'Object Repository/Page_The Story and Evolution of Doodles - G_6e786d/p_The first Doodle was a simple out-of-offi_345e61' is visible

17-06-2024T18:50:03 - [TEST_STEP][PASSED] - verifyElementVisible(findTestObject("Object Repository/Page_The Story and Evolution of Doodles - G_6e786d/h2_Weve created more than 5,000 Doodles ove_111429")): Object 'Object Repository/Page_The Story and Evolution of Doodles - G_6e786d/h2_Weve created more than 5,000 Doodles ove_111429' is visible

17-06-2024T18:50:03 - [MESSAGE][PASSED] - Object 'Object Repository/Page_The Story and Evolution of Doodles - G_6e786d/h2_Weve created more than 5,000 Doodles ove_111429' is visible

17-06-2024T18:50:03 - [TEST_STEP][PASSED] - click(findTestObject("Object Repository/Page_The Story and Evolution of Doodles - G_6e786d/p_The first Doodle was a simple out-of-offi_345e61")): Object: 'Object Repository/Page_The Story and Evolution of Doodles - G_6e786d/p_The first Doodle was a simple out-of-offi_345e61' is clicked on

17-06-2024T18:50:04 - [MESSAGE][PASSED] - Object: 'Object Repository/Page_The Story and Evolution of Doodles - G_6e786d/p_The first Doodle was a simple out-of-offi_345e61' is clicked on

17-06-2024T18:50:04 - [TEST_STEP][PASSED] - verifyElementVisible(findTestObject("Object Repository/Page_The Story and Evolution of Doodles - G_6e786d/h1_The story behind Doodles")): Object 'Object Repository/Page_The Story and Evolution of Doodles - G_6e786d/h1_The story behind Doodles' is visible

17-06-2024T18:50:04 - [MESSAGE][PASSED] - Object 'Object Repository/Page_The Story and Evolution of Doodles - G_6e786d/h1_The story behind Doodles' is visible

17-06-2024T18:50:04 - [TEST_STEP][PASSED] - verifyElementVisible(findTestObject("Object Repository/Page_The Story and Evolution of Doodles - G_6e786d/p_The first Doodle was a simple out-of-offi_345e61")): Object 'Object Repository/Page_The Story and Evolution of Doodles - G_6e786d/p_The first Doodle was a simple out-of-offi_345e61' is visible

17-06-2024T18:50:04 - [MESSAGE][PASSED] - Object 'Object Repository/Page_The Story and Evolution of Doodles - G_6e786d/p_The first Doodle was a simple out-of-offi_345e61' is visible

17-06-2024T18:50:04 - [TEST_STEP][PASSED] - verifyElementVisible(findTestObject("Object Repository/Page_The Story and Evolution of Doodles - G_6e786d/h2_Weve created more than 5,000 Doodles ove_111429")): Object 'Object Repository/Page_The Story and Evolution of Doodles - G_6e786d/h2_Weve created more than 5,000 Doodles ove_111429' is visible

17-06-2024T18:50:05 - [MESSAGE][PASSED] - Object 'Object Repository/Page_The Story and Evolution of Doodles - G_6e786d/h2_Weve created more than 5,000 Doodles ove_111429' is visible

17-06-2024T18:50:05 - [TEST_STEP][PASSED] - click(findTestObject("Object Repository/Page_The Story and Evolution of Doodles - G_6e786d/p_The first Doodle was a simple out-of-offi_345e61")): Object: 'Object Repository/Page_The Story and Evolution of Doodles - G_6e786d/p_The first Doodle was a simple out-of-offi_345e61' is clicked on

17-06-2024T18:50:05 - [MESSAGE][PASSED] - Object: 'Object Repository/Page_The Story and Evolution of Doodles - G_6e786d/p_The first Doodle was a simple out-of-offi_345e61' is clicked on

17-06-2024T18:50:05 - [TEST_STEP][PASSED] - verifyElementVisible(findTestObject("Object Repository/Page_The Story and Evolution of Doodles - G_6e786d/h1_The story behind Doodles")): Object 'Object Repository/Page_The Story and Evolution of Doodles - G_6e786d/h1_The story behind Doodles' is visible

17-06-2024T18:50:05 - [MESSAGE][PASSED] - Object 'Object Repository/Page_The Story and Evolution of Doodles - G_6e786d/h1_The story behind Doodles' is visible

17-06-2024T18:50:05 - [TEST_STEP][PASSED] - verifyElementVisible(findTestObject("Object Repository/Page_The Story and Evolution of Doodles - G_6e786d/p_The first Doodle was a simple out-of-offi_345e61")): Object 'Object Repository/Page_The Story and Evolution of Doodles - G_6e786d/p_The first Doodle was a simple out-of-offi_345e61' is visible

17-06-2024T18:50:06 - [MESSAGE][PASSED] - Object 'Object Repository/Page_The Story and Evolution of Doodles - G_6e786d/p_The first Doodle was a simple out-of-offi_345e61' is visible

17-06-2024T18:50:06 - [TEST_STEP][PASSED] - verifyElementVisible(findTestObject("Object Repository/Page_The Story and Evolution of Doodles - G_6e786d/h2_Weve created more than 5,000 Doodles ove_111429")): Object 'Object Repository/Page_The Story and Evolution of Doodles - G_6e786d/h2_Weve created more than 5,000 Doodles ove_111429' is visible

17-06-2024T18:50:06 - [MESSAGE][PASSED] - Object 'Object Repository/Page_The Story and Evolution of Doodles - G_6e786d/h2_Weve created more than 5,000 Doodles ove_111429' is visible

17-06-2024T18:50:06 - [TEST_STEP][PASSED] - click(findTestObject("Object Repository/Page_The Story and Evolution of Doodles - G_6e786d/p_The first Doodle was a simple out-of-offi_345e61")): Object: 'Object Repository/Page_The Story and Evolution of Doodles - G_6e786d/p_The first Doodle was a simple out-of-offi_345e61' is clicked on

17-06-2024T18:50:06 - [MESSAGE][PASSED] - Object: 'Object Repository/Page_The Story and Evolution of Doodles - G_6e786d/p_The first Doodle was a simple out-of-offi_345e61' is clicked on

17-06-2024T18:50:06 - [TEST_STEP][PASSED] - verifyElementVisible(findTestObject("Object Repository/Page_The Story and Evolution of Doodles - G_6e786d/h1_The story behind Doodles")): Object 'Object Repository/Page_The Story and Evolution of Doodles - G_6e786d/h1_The story behind Doodles' is visible

17-06-2024T18:50:06 - [MESSAGE][PASSED] - Object 'Object Repository/Page_The Story and Evolution of Doodles - G_6e786d/h1_The story behind Doodles' is visible

17-06-2024T18:50:06 - [TEST_STEP][PASSED] - verifyElementVisible(findTestObject("Object Repository/Page_The Story and Evolution of Doodles - G_6e786d/p_The first Doodle was a simple out-of-offi_345e61")): Object 'Object Repository/Page_The Story and Evolution of Doodles - G_6e786d/p_The first Doodle was a simple out-of-offi_345e61' is visible

17-06-2024T18:50:07 - [MESSAGE][PASSED] - Object 'Object Repository/Page_The Story and Evolution of Doodles - G_6e786d/p_The first Doodle was a simple out-of-offi_345e61' is visible

17-06-2024T18:50:07 - [TEST_STEP][PASSED] - verifyElementVisible(findTestObject("Object Repository/Page_The Story and Evolution of Doodles - G_6e786d/h2_Weve created more than 5,000 Doodles ove_111429")): Object 'Object Repository/Page_The Story and Evolution of Doodles - G_6e786d/h2_Weve created more than 5,000 Doodles ove_111429' is visible

17-06-2024T18:50:07 - [MESSAGE][PASSED] - Object 'Object Repository/Page_The Story and Evolution of Doodles - G_6e786d/h2_Weve created more than 5,000 Doodles ove_111429' is visible

17-06-2024T18:50:07 - [TEST_STEP][PASSED] - click(findTestObject("Object Repository/Page_The Story and Evolution of Doodles - G_6e786d/p_The first Doodle was a simple out-of-offi_345e61")): Object: 'Object Repository/Page_The Story and Evolution of Doodles - G_6e786d/p_The first Doodle was a simple out-of-offi_345e61' is clicked on

17-06-2024T18:50:08 - [MESSAGE][PASSED] - Object: 'Object Repository/Page_The Story and Evolution of Doodles - G_6e786d/p_The first Doodle was a simple out-of-offi_345e61' is clicked on

17-06-2024T18:50:08 - [TEST_STEP][PASSED] - verifyElementVisible(findTestObject("Object Repository/Page_The Story and Evolution of Doodles - G_6e786d/h1_The story behind Doodles")): Object 'Object Repository/Page_The Story and Evolution of Doodles - G_6e786d/h1_The story behind Doodles' is visible

17-06-2024T18:50:08 - [MESSAGE][PASSED] - Object 'Object Repository/Page_The Story and Evolution of Doodles - G_6e786d/h1_The story behind Doodles' is visible

17-06-2024T18:50:08 - [TEST_STEP][PASSED] - verifyElementVisible(findTestObject("Object Repository/Page_The Story and Evolution of Doodles - G_6e786d/p_The first Doodle was a simple out-of-offi_345e61")): Object 'Object Repository/Page_The Story and Evolution of Doodles - G_6e786d/p_The first Doodle was a simple out-of-offi_345e61' is visible

17-06-2024T18:50:08 - [MESSAGE][PASSED] - Object 'Object Repository/Page_The Story and Evolution of Doodles - G_6e786d/p_The first Doodle was a simple out-of-offi_345e61' is visible

17-06-2024T18:50:08 - [TEST_STEP][PASSED] - verifyElementVisible(findTestObject("Object Repository/Page_The Story and Evolution of Doodles - G_6e786d/h2_Weve created more than 5,000 Doodles ove_111429")): Object 'Object Repository/Page_The Story and Evolution of Doodles - G_6e786d/h2_Weve created more than 5,000 Doodles ove_111429' is visible

17-06-2024T18:50:09 - [MESSAGE][PASSED] - Object 'Object Repository/Page_The Story and Evolution of Doodles - G_6e786d/h2_Weve created more than 5,000 Doodles ove_111429' is visible

17-06-2024T18:50:09 - [TEST_STEP][PASSED] - click(findTestObject("Object Repository/Page_The Story and Evolution of Doodles - G_6e786d/p_The first Doodle was a simple out-of-offi_345e61")): Object: 'Object Repository/Page_The Story and Evolution of Doodles - G_6e786d/p_The first Doodle was a simple out-of-offi_345e61' is clicked on

17-06-2024T18:50:09 - [MESSAGE][PASSED] - Object: 'Object Repository/Page_The Story and Evolution of Doodles - G_6e786d/p_The first Doodle was a simple out-of-offi_345e61' is clicked on

17-06-2024T18:50:09 - [TEST_STEP][PASSED] - verifyElementVisible(findTestObject("Object Repository/Page_The Story and Evolution of Doodles - G_6e786d/h1_The story behind Doodles")): Object 'Object Repository/Page_The Story and Evolution of Doodles - G_6e786d/h1_The story behind Doodles' is visible

17-06-2024T18:50:09 - [MESSAGE][PASSED] - Object 'Object Repository/Page_The Story and Evolution of Doodles - G_6e786d/h1_The story behind Doodles' is visible

17-06-2024T18:50:09 - [TEST_STEP][PASSED] - verifyElementVisible(findTestObject("Object Repository/Page_The Story and Evolution of Doodles - G_6e786d/p_The first Doodle was a simple out-of-offi_345e61")): Object 'Object Repository/Page_The Story and Evolution of Doodles - G_6e786d/p_The first Doodle was a simple out-of-offi_345e61' is visible

17-06-2024T18:50:10 - [MESSAGE][PASSED] - Object 'Object Repository/Page_The Story and Evolution of Doodles - G_6e786d/p_The first Doodle was a simple out-of-offi_345e61' is visible

17-06-2024T18:50:10 - [TEST_STEP][PASSED] - verifyElementVisible(findTestObject("Object Repository/Page_The Story and Evolution of Doodles - G_6e786d/h2_Weve created more than 5,000 Doodles ove_111429")): Object 'Object Repository/Page_The Story and Evolution of Doodles - G_6e786d/h2_Weve created more than 5,000 Doodles ove_111429' is visible

17-06-2024T18:50:10 - [MESSAGE][PASSED] - Object 'Object Repository/Page_The Story and Evolution of Doodles - G_6e786d/h2_Weve created more than 5,000 Doodles ove_111429' is visible

17-06-2024T18:50:10 - [TEST_STEP][PASSED] - click(findTestObject("Object Repository/Page_The Story and Evolution of Doodles - G_6e786d/p_The first Doodle was a simple out-of-offi_345e61")): Object: 'Object Repository/Page_The Story and Evolution of Doodles - G_6e786d/p_The first Doodle was a simple out-of-offi_345e61' is clicked on

17-06-2024T18:50:10 - [MESSAGE][PASSED] - Object: 'Object Repository/Page_The Story and Evolution of Doodles - G_6e786d/p_The first Doodle was a simple out-of-offi_345e61' is clicked on

17-06-2024T18:50:10 - [TEST_STEP][PASSED] - verifyElementVisible(findTestObject("Object Repository/Page_The Story and Evolution of Doodles - G_6e786d/h1_The story behind Doodles")): Object 'Object Repository/Page_The Story and Evolution of Doodles - G_6e786d/h1_The story behind Doodles' is visible

17-06-2024T18:50:11 - [MESSAGE][PASSED] - Object 'Object Repository/Page_The Story and Evolution of Doodles - G_6e786d/h1_The story behind Doodles' is visible

17-06-2024T18:50:11 - [TEST_STEP][PASSED] - verifyElementVisible(findTestObject("Object Repository/Page_The Story and Evolution of Doodles - G_6e786d/p_The first Doodle was a simple out-of-offi_345e61")): Object 'Object Repository/Page_The Story and Evolution of Doodles - G_6e786d/p_The first Doodle was a simple out-of-offi_345e61' is visible

17-06-2024T18:50:11 - [MESSAGE][PASSED] - Object 'Object Repository/Page_The Story and Evolution of Doodles - G_6e786d/p_The first Doodle was a simple out-of-offi_345e61' is visible

17-06-2024T18:50:11 - [TEST_STEP][PASSED] - verifyElementVisible(findTestObject("Object Repository/Page_The Story and Evolution of Doodles - G_6e786d/h2_Weve created more than 5,000 Doodles ove_111429")): Object 'Object Repository/Page_The Story and Evolution of Doodles - G_6e786d/h2_Weve created more than 5,000 Doodles ove_111429' is visible

17-06-2024T18:50:11 - [MESSAGE][PASSED] - Object 'Object Repository/Page_The Story and Evolution of Doodles - G_6e786d/h2_Weve created more than 5,000 Doodles ove_111429' is visible

17-06-2024T18:50:11 - [TEST_STEP][PASSED] - click(findTestObject("Object Repository/Page_The Story and Evolution of Doodles - G_6e786d/p_The first Doodle was a simple out-of-offi_345e61")): Object: 'Object Repository/Page_The Story and Evolution of Doodles - G_6e786d/p_The first Doodle was a simple out-of-offi_345e61' is clicked on

17-06-2024T18:50:12 - [MESSAGE][PASSED] - Object: 'Object Repository/Page_The Story and Evolution of Doodles - G_6e786d/p_The first Doodle was a simple out-of-offi_345e61' is clicked on

17-06-2024T18:50:12 - [TEST_STEP][PASSED] - verifyElementVisible(findTestObject("Object Repository/Page_The Story and Evolution of Doodles - G_6e786d/h1_The story behind Doodles")): Object 'Object Repository/Page_The Story and Evolution of Doodles - G_6e786d/h1_The story behind Doodles' is visible

17-06-2024T18:50:12 - [MESSAGE][PASSED] - Object 'Object Repository/Page_The Story and Evolution of Doodles - G_6e786d/h1_The story behind Doodles' is visible

17-06-2024T18:50:12 - [TEST_STEP][PASSED] - verifyElementVisible(findTestObject("Object Repository/Page_The Story and Evolution of Doodles - G_6e786d/p_The first Doodle was a simple out-of-offi_345e61")): Object 'Object Repository/Page_The Story and Evolution of Doodles - G_6e786d/p_The first Doodle was a simple out-of-offi_345e61' is visible

17-06-2024T18:50:12 - [MESSAGE][PASSED] - Object 'Object Repository/Page_The Story and Evolution of Doodles - G_6e786d/p_The first Doodle was a simple out-of-offi_345e61' is visible

17-06-2024T18:50:12 - [TEST_STEP][PASSED] - verifyElementVisible(findTestObject("Object Repository/Page_The Story and Evolution of Doodles - G_6e786d/h2_Weve created more than 5,000 Doodles ove_111429")): Object 'Object Repository/Page_The Story and Evolution of Doodles - G_6e786d/h2_Weve created more than 5,000 Doodles ove_111429' is visible

17-06-2024T18:50:13 - [MESSAGE][PASSED] - Object 'Object Repository/Page_The Story and Evolution of Doodles - G_6e786d/h2_Weve created more than 5,000 Doodles ove_111429' is visible]]></system-out>
         <system-err><![CDATA[]]></system-err>
      </testcase>
      <testcase name="Test Cases/test case folder 1/tc1 - Copy (5) - Copy" time="19.233" classname="Test Cases/test case folder 1/tc1 - Copy (5) - Copy" status="PASSED">
         <system-out><![CDATA[17-06-2024T18:50:13 - [TEST_CASE][PASSED] - Test Cases/test case folder 1/tc1 - Copy (5) - Copy: Test Cases/test case folder 1/tc1 - Copy (5) - Copy

17-06-2024T18:50:13 - [TEST_STEP][PASSED] - openBrowser(""): Browser is opened with url: ''

17-06-2024T18:50:13 - [MESSAGE][WARNING] - A browser is already opened. Closing browser and opening a new one

17-06-2024T18:50:13 - [MESSAGE][INFO] - Starting 'Chrome (headless)' driver

17-06-2024T18:50:13 - [MESSAGE][INFO] - Action delay is set to 0 milliseconds

17-06-2024T18:50:15 - [MESSAGE][PASSED] - Browser is opened with url: ''

17-06-2024T18:50:15 - [TEST_STEP][PASSED] - navigateToUrl("https://doodles.google/about/"): Navigate to 'https://doodles.google/about/' successfully

17-06-2024T18:50:17 - [MESSAGE][PASSED] - Navigate to 'https://doodles.google/about/' successfully

17-06-2024T18:50:17 - [TEST_STEP][PASSED] - click(findTestObject("Object Repository/Page_The Story and Evolution of Doodles - G_6e786d/p_The first Doodle was a simple out-of-offi_345e61")): Object: 'Object Repository/Page_The Story and Evolution of Doodles - G_6e786d/p_The first Doodle was a simple out-of-offi_345e61' is clicked on

17-06-2024T18:50:17 - [MESSAGE][PASSED] - Object: 'Object Repository/Page_The Story and Evolution of Doodles - G_6e786d/p_The first Doodle was a simple out-of-offi_345e61' is clicked on

17-06-2024T18:50:17 - [TEST_STEP][PASSED] - click(findTestObject("Object Repository/Page_The Story and Evolution of Doodles - G_6e786d/p_The first Doodle was a simple out-of-offi_345e61")): Object: 'Object Repository/Page_The Story and Evolution of Doodles - G_6e786d/p_The first Doodle was a simple out-of-offi_345e61' is clicked on

17-06-2024T18:50:18 - [MESSAGE][PASSED] - Object: 'Object Repository/Page_The Story and Evolution of Doodles - G_6e786d/p_The first Doodle was a simple out-of-offi_345e61' is clicked on

17-06-2024T18:50:18 - [TEST_STEP][PASSED] - verifyElementVisible(findTestObject("Object Repository/Page_The Story and Evolution of Doodles - G_6e786d/h1_The story behind Doodles")): Object 'Object Repository/Page_The Story and Evolution of Doodles - G_6e786d/h1_The story behind Doodles' is visible

17-06-2024T18:50:18 - [MESSAGE][PASSED] - Object 'Object Repository/Page_The Story and Evolution of Doodles - G_6e786d/h1_The story behind Doodles' is visible

17-06-2024T18:50:18 - [TEST_STEP][PASSED] - verifyElementVisible(findTestObject("Object Repository/Page_The Story and Evolution of Doodles - G_6e786d/p_The first Doodle was a simple out-of-offi_345e61")): Object 'Object Repository/Page_The Story and Evolution of Doodles - G_6e786d/p_The first Doodle was a simple out-of-offi_345e61' is visible

17-06-2024T18:50:18 - [MESSAGE][PASSED] - Object 'Object Repository/Page_The Story and Evolution of Doodles - G_6e786d/p_The first Doodle was a simple out-of-offi_345e61' is visible

17-06-2024T18:50:18 - [TEST_STEP][PASSED] - verifyElementVisible(findTestObject("Object Repository/Page_The Story and Evolution of Doodles - G_6e786d/h2_Weve created more than 5,000 Doodles ove_111429")): Object 'Object Repository/Page_The Story and Evolution of Doodles - G_6e786d/h2_Weve created more than 5,000 Doodles ove_111429' is visible

17-06-2024T18:50:19 - [MESSAGE][PASSED] - Object 'Object Repository/Page_The Story and Evolution of Doodles - G_6e786d/h2_Weve created more than 5,000 Doodles ove_111429' is visible

17-06-2024T18:50:19 - [TEST_STEP][PASSED] - verifyElementVisible(findTestObject("Object Repository/Page_The Story and Evolution of Doodles - G_6e786d/h1_The story behind Doodles")): Object 'Object Repository/Page_The Story and Evolution of Doodles - G_6e786d/h1_The story behind Doodles' is visible

17-06-2024T18:50:19 - [MESSAGE][PASSED] - Object 'Object Repository/Page_The Story and Evolution of Doodles - G_6e786d/h1_The story behind Doodles' is visible

17-06-2024T18:50:19 - [TEST_STEP][PASSED] - verifyElementVisible(findTestObject("Object Repository/Page_The Story and Evolution of Doodles - G_6e786d/p_The first Doodle was a simple out-of-offi_345e61")): Object 'Object Repository/Page_The Story and Evolution of Doodles - G_6e786d/p_The first Doodle was a simple out-of-offi_345e61' is visible

17-06-2024T18:50:19 - [MESSAGE][PASSED] - Object 'Object Repository/Page_The Story and Evolution of Doodles - G_6e786d/p_The first Doodle was a simple out-of-offi_345e61' is visible

17-06-2024T18:50:19 - [TEST_STEP][PASSED] - verifyElementVisible(findTestObject("Object Repository/Page_The Story and Evolution of Doodles - G_6e786d/h2_Weve created more than 5,000 Doodles ove_111429")): Object 'Object Repository/Page_The Story and Evolution of Doodles - G_6e786d/h2_Weve created more than 5,000 Doodles ove_111429' is visible

17-06-2024T18:50:20 - [MESSAGE][PASSED] - Object 'Object Repository/Page_The Story and Evolution of Doodles - G_6e786d/h2_Weve created more than 5,000 Doodles ove_111429' is visible

17-06-2024T18:50:20 - [TEST_STEP][PASSED] - click(findTestObject("Object Repository/Page_The Story and Evolution of Doodles - G_6e786d/p_The first Doodle was a simple out-of-offi_345e61")): Object: 'Object Repository/Page_The Story and Evolution of Doodles - G_6e786d/p_The first Doodle was a simple out-of-offi_345e61' is clicked on

17-06-2024T18:50:20 - [MESSAGE][PASSED] - Object: 'Object Repository/Page_The Story and Evolution of Doodles - G_6e786d/p_The first Doodle was a simple out-of-offi_345e61' is clicked on

17-06-2024T18:50:20 - [TEST_STEP][PASSED] - verifyElementVisible(findTestObject("Object Repository/Page_The Story and Evolution of Doodles - G_6e786d/h1_The story behind Doodles")): Object 'Object Repository/Page_The Story and Evolution of Doodles - G_6e786d/h1_The story behind Doodles' is visible

17-06-2024T18:50:20 - [MESSAGE][PASSED] - Object 'Object Repository/Page_The Story and Evolution of Doodles - G_6e786d/h1_The story behind Doodles' is visible

17-06-2024T18:50:20 - [TEST_STEP][PASSED] - verifyElementVisible(findTestObject("Object Repository/Page_The Story and Evolution of Doodles - G_6e786d/p_The first Doodle was a simple out-of-offi_345e61")): Object 'Object Repository/Page_The Story and Evolution of Doodles - G_6e786d/p_The first Doodle was a simple out-of-offi_345e61' is visible

17-06-2024T18:50:21 - [MESSAGE][PASSED] - Object 'Object Repository/Page_The Story and Evolution of Doodles - G_6e786d/p_The first Doodle was a simple out-of-offi_345e61' is visible

17-06-2024T18:50:21 - [TEST_STEP][PASSED] - verifyElementVisible(findTestObject("Object Repository/Page_The Story and Evolution of Doodles - G_6e786d/h2_Weve created more than 5,000 Doodles ove_111429")): Object 'Object Repository/Page_The Story and Evolution of Doodles - G_6e786d/h2_Weve created more than 5,000 Doodles ove_111429' is visible

17-06-2024T18:50:21 - [MESSAGE][PASSED] - Object 'Object Repository/Page_The Story and Evolution of Doodles - G_6e786d/h2_Weve created more than 5,000 Doodles ove_111429' is visible

17-06-2024T18:50:21 - [TEST_STEP][PASSED] - click(findTestObject("Object Repository/Page_The Story and Evolution of Doodles - G_6e786d/p_The first Doodle was a simple out-of-offi_345e61")): Object: 'Object Repository/Page_The Story and Evolution of Doodles - G_6e786d/p_The first Doodle was a simple out-of-offi_345e61' is clicked on

17-06-2024T18:50:21 - [MESSAGE][PASSED] - Object: 'Object Repository/Page_The Story and Evolution of Doodles - G_6e786d/p_The first Doodle was a simple out-of-offi_345e61' is clicked on

17-06-2024T18:50:21 - [TEST_STEP][PASSED] - verifyElementVisible(findTestObject("Object Repository/Page_The Story and Evolution of Doodles - G_6e786d/h1_The story behind Doodles")): Object 'Object Repository/Page_The Story and Evolution of Doodles - G_6e786d/h1_The story behind Doodles' is visible

17-06-2024T18:50:22 - [MESSAGE][PASSED] - Object 'Object Repository/Page_The Story and Evolution of Doodles - G_6e786d/h1_The story behind Doodles' is visible

17-06-2024T18:50:22 - [TEST_STEP][PASSED] - verifyElementVisible(findTestObject("Object Repository/Page_The Story and Evolution of Doodles - G_6e786d/p_The first Doodle was a simple out-of-offi_345e61")): Object 'Object Repository/Page_The Story and Evolution of Doodles - G_6e786d/p_The first Doodle was a simple out-of-offi_345e61' is visible

17-06-2024T18:50:22 - [MESSAGE][PASSED] - Object 'Object Repository/Page_The Story and Evolution of Doodles - G_6e786d/p_The first Doodle was a simple out-of-offi_345e61' is visible

17-06-2024T18:50:22 - [TEST_STEP][PASSED] - verifyElementVisible(findTestObject("Object Repository/Page_The Story and Evolution of Doodles - G_6e786d/h2_Weve created more than 5,000 Doodles ove_111429")): Object 'Object Repository/Page_The Story and Evolution of Doodles - G_6e786d/h2_Weve created more than 5,000 Doodles ove_111429' is visible

17-06-2024T18:50:22 - [MESSAGE][PASSED] - Object 'Object Repository/Page_The Story and Evolution of Doodles - G_6e786d/h2_Weve created more than 5,000 Doodles ove_111429' is visible

17-06-2024T18:50:22 - [TEST_STEP][PASSED] - click(findTestObject("Object Repository/Page_The Story and Evolution of Doodles - G_6e786d/p_The first Doodle was a simple out-of-offi_345e61")): Object: 'Object Repository/Page_The Story and Evolution of Doodles - G_6e786d/p_The first Doodle was a simple out-of-offi_345e61' is clicked on

17-06-2024T18:50:23 - [MESSAGE][PASSED] - Object: 'Object Repository/Page_The Story and Evolution of Doodles - G_6e786d/p_The first Doodle was a simple out-of-offi_345e61' is clicked on

17-06-2024T18:50:23 - [TEST_STEP][PASSED] - verifyElementVisible(findTestObject("Object Repository/Page_The Story and Evolution of Doodles - G_6e786d/h1_The story behind Doodles")): Object 'Object Repository/Page_The Story and Evolution of Doodles - G_6e786d/h1_The story behind Doodles' is visible

17-06-2024T18:50:23 - [MESSAGE][PASSED] - Object 'Object Repository/Page_The Story and Evolution of Doodles - G_6e786d/h1_The story behind Doodles' is visible

17-06-2024T18:50:23 - [TEST_STEP][PASSED] - verifyElementVisible(findTestObject("Object Repository/Page_The Story and Evolution of Doodles - G_6e786d/p_The first Doodle was a simple out-of-offi_345e61")): Object 'Object Repository/Page_The Story and Evolution of Doodles - G_6e786d/p_The first Doodle was a simple out-of-offi_345e61' is visible

17-06-2024T18:50:23 - [MESSAGE][PASSED] - Object 'Object Repository/Page_The Story and Evolution of Doodles - G_6e786d/p_The first Doodle was a simple out-of-offi_345e61' is visible

17-06-2024T18:50:23 - [TEST_STEP][PASSED] - verifyElementVisible(findTestObject("Object Repository/Page_The Story and Evolution of Doodles - G_6e786d/h2_Weve created more than 5,000 Doodles ove_111429")): Object 'Object Repository/Page_The Story and Evolution of Doodles - G_6e786d/h2_Weve created more than 5,000 Doodles ove_111429' is visible

17-06-2024T18:50:24 - [MESSAGE][PASSED] - Object 'Object Repository/Page_The Story and Evolution of Doodles - G_6e786d/h2_Weve created more than 5,000 Doodles ove_111429' is visible

17-06-2024T18:50:24 - [TEST_STEP][PASSED] - click(findTestObject("Object Repository/Page_The Story and Evolution of Doodles - G_6e786d/p_The first Doodle was a simple out-of-offi_345e61")): Object: 'Object Repository/Page_The Story and Evolution of Doodles - G_6e786d/p_The first Doodle was a simple out-of-offi_345e61' is clicked on

17-06-2024T18:50:24 - [MESSAGE][PASSED] - Object: 'Object Repository/Page_The Story and Evolution of Doodles - G_6e786d/p_The first Doodle was a simple out-of-offi_345e61' is clicked on

17-06-2024T18:50:24 - [TEST_STEP][PASSED] - verifyElementVisible(findTestObject("Object Repository/Page_The Story and Evolution of Doodles - G_6e786d/h1_The story behind Doodles")): Object 'Object Repository/Page_The Story and Evolution of Doodles - G_6e786d/h1_The story behind Doodles' is visible

17-06-2024T18:50:25 - [MESSAGE][PASSED] - Object 'Object Repository/Page_The Story and Evolution of Doodles - G_6e786d/h1_The story behind Doodles' is visible

17-06-2024T18:50:25 - [TEST_STEP][PASSED] - verifyElementVisible(findTestObject("Object Repository/Page_The Story and Evolution of Doodles - G_6e786d/p_The first Doodle was a simple out-of-offi_345e61")): Object 'Object Repository/Page_The Story and Evolution of Doodles - G_6e786d/p_The first Doodle was a simple out-of-offi_345e61' is visible

17-06-2024T18:50:25 - [MESSAGE][PASSED] - Object 'Object Repository/Page_The Story and Evolution of Doodles - G_6e786d/p_The first Doodle was a simple out-of-offi_345e61' is visible

17-06-2024T18:50:25 - [TEST_STEP][PASSED] - verifyElementVisible(findTestObject("Object Repository/Page_The Story and Evolution of Doodles - G_6e786d/h2_Weve created more than 5,000 Doodles ove_111429")): Object 'Object Repository/Page_The Story and Evolution of Doodles - G_6e786d/h2_Weve created more than 5,000 Doodles ove_111429' is visible

17-06-2024T18:50:25 - [MESSAGE][PASSED] - Object 'Object Repository/Page_The Story and Evolution of Doodles - G_6e786d/h2_Weve created more than 5,000 Doodles ove_111429' is visible

17-06-2024T18:50:25 - [TEST_STEP][PASSED] - click(findTestObject("Object Repository/Page_The Story and Evolution of Doodles - G_6e786d/p_The first Doodle was a simple out-of-offi_345e61")): Object: 'Object Repository/Page_The Story and Evolution of Doodles - G_6e786d/p_The first Doodle was a simple out-of-offi_345e61' is clicked on

17-06-2024T18:50:25 - [MESSAGE][PASSED] - Object: 'Object Repository/Page_The Story and Evolution of Doodles - G_6e786d/p_The first Doodle was a simple out-of-offi_345e61' is clicked on

17-06-2024T18:50:25 - [TEST_STEP][PASSED] - verifyElementVisible(findTestObject("Object Repository/Page_The Story and Evolution of Doodles - G_6e786d/h1_The story behind Doodles")): Object 'Object Repository/Page_The Story and Evolution of Doodles - G_6e786d/h1_The story behind Doodles' is visible

17-06-2024T18:50:26 - [MESSAGE][PASSED] - Object 'Object Repository/Page_The Story and Evolution of Doodles - G_6e786d/h1_The story behind Doodles' is visible

17-06-2024T18:50:26 - [TEST_STEP][PASSED] - verifyElementVisible(findTestObject("Object Repository/Page_The Story and Evolution of Doodles - G_6e786d/p_The first Doodle was a simple out-of-offi_345e61")): Object 'Object Repository/Page_The Story and Evolution of Doodles - G_6e786d/p_The first Doodle was a simple out-of-offi_345e61' is visible

17-06-2024T18:50:26 - [MESSAGE][PASSED] - Object 'Object Repository/Page_The Story and Evolution of Doodles - G_6e786d/p_The first Doodle was a simple out-of-offi_345e61' is visible

17-06-2024T18:50:26 - [TEST_STEP][PASSED] - verifyElementVisible(findTestObject("Object Repository/Page_The Story and Evolution of Doodles - G_6e786d/h2_Weve created more than 5,000 Doodles ove_111429")): Object 'Object Repository/Page_The Story and Evolution of Doodles - G_6e786d/h2_Weve created more than 5,000 Doodles ove_111429' is visible

17-06-2024T18:50:27 - [MESSAGE][PASSED] - Object 'Object Repository/Page_The Story and Evolution of Doodles - G_6e786d/h2_Weve created more than 5,000 Doodles ove_111429' is visible

17-06-2024T18:50:27 - [TEST_STEP][PASSED] - click(findTestObject("Object Repository/Page_The Story and Evolution of Doodles - G_6e786d/p_The first Doodle was a simple out-of-offi_345e61")): Object: 'Object Repository/Page_The Story and Evolution of Doodles - G_6e786d/p_The first Doodle was a simple out-of-offi_345e61' is clicked on

17-06-2024T18:50:27 - [MESSAGE][PASSED] - Object: 'Object Repository/Page_The Story and Evolution of Doodles - G_6e786d/p_The first Doodle was a simple out-of-offi_345e61' is clicked on

17-06-2024T18:50:27 - [TEST_STEP][PASSED] - verifyElementVisible(findTestObject("Object Repository/Page_The Story and Evolution of Doodles - G_6e786d/h1_The story behind Doodles")): Object 'Object Repository/Page_The Story and Evolution of Doodles - G_6e786d/h1_The story behind Doodles' is visible

17-06-2024T18:50:27 - [MESSAGE][PASSED] - Object 'Object Repository/Page_The Story and Evolution of Doodles - G_6e786d/h1_The story behind Doodles' is visible

17-06-2024T18:50:27 - [TEST_STEP][PASSED] - verifyElementVisible(findTestObject("Object Repository/Page_The Story and Evolution of Doodles - G_6e786d/p_The first Doodle was a simple out-of-offi_345e61")): Object 'Object Repository/Page_The Story and Evolution of Doodles - G_6e786d/p_The first Doodle was a simple out-of-offi_345e61' is visible

17-06-2024T18:50:28 - [MESSAGE][PASSED] - Object 'Object Repository/Page_The Story and Evolution of Doodles - G_6e786d/p_The first Doodle was a simple out-of-offi_345e61' is visible

17-06-2024T18:50:28 - [TEST_STEP][PASSED] - verifyElementVisible(findTestObject("Object Repository/Page_The Story and Evolution of Doodles - G_6e786d/h2_Weve created more than 5,000 Doodles ove_111429")): Object 'Object Repository/Page_The Story and Evolution of Doodles - G_6e786d/h2_Weve created more than 5,000 Doodles ove_111429' is visible

17-06-2024T18:50:28 - [MESSAGE][PASSED] - Object 'Object Repository/Page_The Story and Evolution of Doodles - G_6e786d/h2_Weve created more than 5,000 Doodles ove_111429' is visible

17-06-2024T18:50:28 - [TEST_STEP][PASSED] - click(findTestObject("Object Repository/Page_The Story and Evolution of Doodles - G_6e786d/p_The first Doodle was a simple out-of-offi_345e61")): Object: 'Object Repository/Page_The Story and Evolution of Doodles - G_6e786d/p_The first Doodle was a simple out-of-offi_345e61' is clicked on

17-06-2024T18:50:28 - [MESSAGE][PASSED] - Object: 'Object Repository/Page_The Story and Evolution of Doodles - G_6e786d/p_The first Doodle was a simple out-of-offi_345e61' is clicked on

17-06-2024T18:50:28 - [TEST_STEP][PASSED] - verifyElementVisible(findTestObject("Object Repository/Page_The Story and Evolution of Doodles - G_6e786d/h1_The story behind Doodles")): Object 'Object Repository/Page_The Story and Evolution of Doodles - G_6e786d/h1_The story behind Doodles' is visible

17-06-2024T18:50:29 - [MESSAGE][PASSED] - Object 'Object Repository/Page_The Story and Evolution of Doodles - G_6e786d/h1_The story behind Doodles' is visible

17-06-2024T18:50:29 - [TEST_STEP][PASSED] - verifyElementVisible(findTestObject("Object Repository/Page_The Story and Evolution of Doodles - G_6e786d/p_The first Doodle was a simple out-of-offi_345e61")): Object 'Object Repository/Page_The Story and Evolution of Doodles - G_6e786d/p_The first Doodle was a simple out-of-offi_345e61' is visible

17-06-2024T18:50:29 - [MESSAGE][PASSED] - Object 'Object Repository/Page_The Story and Evolution of Doodles - G_6e786d/p_The first Doodle was a simple out-of-offi_345e61' is visible

17-06-2024T18:50:29 - [TEST_STEP][PASSED] - verifyElementVisible(findTestObject("Object Repository/Page_The Story and Evolution of Doodles - G_6e786d/h2_Weve created more than 5,000 Doodles ove_111429")): Object 'Object Repository/Page_The Story and Evolution of Doodles - G_6e786d/h2_Weve created more than 5,000 Doodles ove_111429' is visible

17-06-2024T18:50:29 - [MESSAGE][PASSED] - Object 'Object Repository/Page_The Story and Evolution of Doodles - G_6e786d/h2_Weve created more than 5,000 Doodles ove_111429' is visible

17-06-2024T18:50:29 - [TEST_STEP][PASSED] - click(findTestObject("Object Repository/Page_The Story and Evolution of Doodles - G_6e786d/p_The first Doodle was a simple out-of-offi_345e61")): Object: 'Object Repository/Page_The Story and Evolution of Doodles - G_6e786d/p_The first Doodle was a simple out-of-offi_345e61' is clicked on

17-06-2024T18:50:30 - [MESSAGE][PASSED] - Object: 'Object Repository/Page_The Story and Evolution of Doodles - G_6e786d/p_The first Doodle was a simple out-of-offi_345e61' is clicked on

17-06-2024T18:50:30 - [TEST_STEP][PASSED] - verifyElementVisible(findTestObject("Object Repository/Page_The Story and Evolution of Doodles - G_6e786d/h1_The story behind Doodles")): Object 'Object Repository/Page_The Story and Evolution of Doodles - G_6e786d/h1_The story behind Doodles' is visible

17-06-2024T18:50:30 - [MESSAGE][PASSED] - Object 'Object Repository/Page_The Story and Evolution of Doodles - G_6e786d/h1_The story behind Doodles' is visible

17-06-2024T18:50:30 - [TEST_STEP][PASSED] - verifyElementVisible(findTestObject("Object Repository/Page_The Story and Evolution of Doodles - G_6e786d/p_The first Doodle was a simple out-of-offi_345e61")): Object 'Object Repository/Page_The Story and Evolution of Doodles - G_6e786d/p_The first Doodle was a simple out-of-offi_345e61' is visible

17-06-2024T18:50:30 - [MESSAGE][PASSED] - Object 'Object Repository/Page_The Story and Evolution of Doodles - G_6e786d/p_The first Doodle was a simple out-of-offi_345e61' is visible

17-06-2024T18:50:30 - [TEST_STEP][PASSED] - verifyElementVisible(findTestObject("Object Repository/Page_The Story and Evolution of Doodles - G_6e786d/h2_Weve created more than 5,000 Doodles ove_111429")): Object 'Object Repository/Page_The Story and Evolution of Doodles - G_6e786d/h2_Weve created more than 5,000 Doodles ove_111429' is visible

17-06-2024T18:50:31 - [MESSAGE][PASSED] - Object 'Object Repository/Page_The Story and Evolution of Doodles - G_6e786d/h2_Weve created more than 5,000 Doodles ove_111429' is visible

17-06-2024T18:50:31 - [TEST_STEP][PASSED] - click(findTestObject("Object Repository/Page_The Story and Evolution of Doodles - G_6e786d/p_The first Doodle was a simple out-of-offi_345e61")): Object: 'Object Repository/Page_The Story and Evolution of Doodles - G_6e786d/p_The first Doodle was a simple out-of-offi_345e61' is clicked on

17-06-2024T18:50:31 - [MESSAGE][PASSED] - Object: 'Object Repository/Page_The Story and Evolution of Doodles - G_6e786d/p_The first Doodle was a simple out-of-offi_345e61' is clicked on

17-06-2024T18:50:31 - [TEST_STEP][PASSED] - verifyElementVisible(findTestObject("Object Repository/Page_The Story and Evolution of Doodles - G_6e786d/h1_The story behind Doodles")): Object 'Object Repository/Page_The Story and Evolution of Doodles - G_6e786d/h1_The story behind Doodles' is visible

17-06-2024T18:50:31 - [MESSAGE][PASSED] - Object 'Object Repository/Page_The Story and Evolution of Doodles - G_6e786d/h1_The story behind Doodles' is visible

17-06-2024T18:50:31 - [TEST_STEP][PASSED] - verifyElementVisible(findTestObject("Object Repository/Page_The Story and Evolution of Doodles - G_6e786d/p_The first Doodle was a simple out-of-offi_345e61")): Object 'Object Repository/Page_The Story and Evolution of Doodles - G_6e786d/p_The first Doodle was a simple out-of-offi_345e61' is visible

17-06-2024T18:50:32 - [MESSAGE][PASSED] - Object 'Object Repository/Page_The Story and Evolution of Doodles - G_6e786d/p_The first Doodle was a simple out-of-offi_345e61' is visible

17-06-2024T18:50:32 - [TEST_STEP][PASSED] - verifyElementVisible(findTestObject("Object Repository/Page_The Story and Evolution of Doodles - G_6e786d/h2_Weve created more than 5,000 Doodles ove_111429")): Object 'Object Repository/Page_The Story and Evolution of Doodles - G_6e786d/h2_Weve created more than 5,000 Doodles ove_111429' is visible

17-06-2024T18:50:32 - [MESSAGE][PASSED] - Object 'Object Repository/Page_The Story and Evolution of Doodles - G_6e786d/h2_Weve created more than 5,000 Doodles ove_111429' is visible]]></system-out>
         <system-err><![CDATA[]]></system-err>
      </testcase>
      <testcase name="Test Cases/test case folder 1/tc1 - Copy (6) - Copy (1)" time="19.301" classname="Test Cases/test case folder 1/tc1 - Copy (6) - Copy (1)" status="PASSED">
         <system-out><![CDATA[17-06-2024T18:50:32 - [TEST_CASE][PASSED] - Test Cases/test case folder 1/tc1 - Copy (6) - Copy (1): Test Cases/test case folder 1/tc1 - Copy (6) - Copy (1)

17-06-2024T18:50:32 - [TEST_STEP][PASSED] - openBrowser(""): Browser is opened with url: ''

17-06-2024T18:50:32 - [MESSAGE][WARNING] - A browser is already opened. Closing browser and opening a new one

17-06-2024T18:50:33 - [MESSAGE][INFO] - Starting 'Chrome (headless)' driver

17-06-2024T18:50:33 - [MESSAGE][INFO] - Action delay is set to 0 milliseconds

17-06-2024T18:50:33 - [MESSAGE][PASSED] - Browser is opened with url: ''

17-06-2024T18:50:33 - [TEST_STEP][PASSED] - navigateToUrl("https://doodles.google/about/"): Navigate to 'https://doodles.google/about/' successfully

17-06-2024T18:50:36 - [MESSAGE][PASSED] - Navigate to 'https://doodles.google/about/' successfully

17-06-2024T18:50:36 - [TEST_STEP][PASSED] - click(findTestObject("Object Repository/Page_The Story and Evolution of Doodles - G_6e786d/p_The first Doodle was a simple out-of-offi_345e61")): Object: 'Object Repository/Page_The Story and Evolution of Doodles - G_6e786d/p_The first Doodle was a simple out-of-offi_345e61' is clicked on

17-06-2024T18:50:37 - [MESSAGE][PASSED] - Object: 'Object Repository/Page_The Story and Evolution of Doodles - G_6e786d/p_The first Doodle was a simple out-of-offi_345e61' is clicked on

17-06-2024T18:50:37 - [TEST_STEP][PASSED] - click(findTestObject("Object Repository/Page_The Story and Evolution of Doodles - G_6e786d/p_The first Doodle was a simple out-of-offi_345e61")): Object: 'Object Repository/Page_The Story and Evolution of Doodles - G_6e786d/p_The first Doodle was a simple out-of-offi_345e61' is clicked on

17-06-2024T18:50:37 - [MESSAGE][PASSED] - Object: 'Object Repository/Page_The Story and Evolution of Doodles - G_6e786d/p_The first Doodle was a simple out-of-offi_345e61' is clicked on

17-06-2024T18:50:37 - [TEST_STEP][PASSED] - verifyElementVisible(findTestObject("Object Repository/Page_The Story and Evolution of Doodles - G_6e786d/h1_The story behind Doodles")): Object 'Object Repository/Page_The Story and Evolution of Doodles - G_6e786d/h1_The story behind Doodles' is visible

17-06-2024T18:50:37 - [MESSAGE][PASSED] - Object 'Object Repository/Page_The Story and Evolution of Doodles - G_6e786d/h1_The story behind Doodles' is visible

17-06-2024T18:50:37 - [TEST_STEP][PASSED] - verifyElementVisible(findTestObject("Object Repository/Page_The Story and Evolution of Doodles - G_6e786d/p_The first Doodle was a simple out-of-offi_345e61")): Object 'Object Repository/Page_The Story and Evolution of Doodles - G_6e786d/p_The first Doodle was a simple out-of-offi_345e61' is visible

17-06-2024T18:50:38 - [MESSAGE][PASSED] - Object 'Object Repository/Page_The Story and Evolution of Doodles - G_6e786d/p_The first Doodle was a simple out-of-offi_345e61' is visible

17-06-2024T18:50:38 - [TEST_STEP][PASSED] - verifyElementVisible(findTestObject("Object Repository/Page_The Story and Evolution of Doodles - G_6e786d/h2_Weve created more than 5,000 Doodles ove_111429")): Object 'Object Repository/Page_The Story and Evolution of Doodles - G_6e786d/h2_Weve created more than 5,000 Doodles ove_111429' is visible

17-06-2024T18:50:38 - [MESSAGE][PASSED] - Object 'Object Repository/Page_The Story and Evolution of Doodles - G_6e786d/h2_Weve created more than 5,000 Doodles ove_111429' is visible

17-06-2024T18:50:38 - [TEST_STEP][PASSED] - verifyElementVisible(findTestObject("Object Repository/Page_The Story and Evolution of Doodles - G_6e786d/h1_The story behind Doodles")): Object 'Object Repository/Page_The Story and Evolution of Doodles - G_6e786d/h1_The story behind Doodles' is visible

17-06-2024T18:50:38 - [MESSAGE][PASSED] - Object 'Object Repository/Page_The Story and Evolution of Doodles - G_6e786d/h1_The story behind Doodles' is visible

17-06-2024T18:50:38 - [TEST_STEP][PASSED] - verifyElementVisible(findTestObject("Object Repository/Page_The Story and Evolution of Doodles - G_6e786d/p_The first Doodle was a simple out-of-offi_345e61")): Object 'Object Repository/Page_The Story and Evolution of Doodles - G_6e786d/p_The first Doodle was a simple out-of-offi_345e61' is visible

17-06-2024T18:50:39 - [MESSAGE][PASSED] - Object 'Object Repository/Page_The Story and Evolution of Doodles - G_6e786d/p_The first Doodle was a simple out-of-offi_345e61' is visible

17-06-2024T18:50:39 - [TEST_STEP][PASSED] - verifyElementVisible(findTestObject("Object Repository/Page_The Story and Evolution of Doodles - G_6e786d/h2_Weve created more than 5,000 Doodles ove_111429")): Object 'Object Repository/Page_The Story and Evolution of Doodles - G_6e786d/h2_Weve created more than 5,000 Doodles ove_111429' is visible

17-06-2024T18:50:39 - [MESSAGE][PASSED] - Object 'Object Repository/Page_The Story and Evolution of Doodles - G_6e786d/h2_Weve created more than 5,000 Doodles ove_111429' is visible

17-06-2024T18:50:39 - [TEST_STEP][PASSED] - click(findTestObject("Object Repository/Page_The Story and Evolution of Doodles - G_6e786d/p_The first Doodle was a simple out-of-offi_345e61")): Object: 'Object Repository/Page_The Story and Evolution of Doodles - G_6e786d/p_The first Doodle was a simple out-of-offi_345e61' is clicked on

17-06-2024T18:50:40 - [MESSAGE][PASSED] - Object: 'Object Repository/Page_The Story and Evolution of Doodles - G_6e786d/p_The first Doodle was a simple out-of-offi_345e61' is clicked on

17-06-2024T18:50:40 - [TEST_STEP][PASSED] - verifyElementVisible(findTestObject("Object Repository/Page_The Story and Evolution of Doodles - G_6e786d/h1_The story behind Doodles")): Object 'Object Repository/Page_The Story and Evolution of Doodles - G_6e786d/h1_The story behind Doodles' is visible

17-06-2024T18:50:40 - [MESSAGE][PASSED] - Object 'Object Repository/Page_The Story and Evolution of Doodles - G_6e786d/h1_The story behind Doodles' is visible

17-06-2024T18:50:40 - [TEST_STEP][PASSED] - verifyElementVisible(findTestObject("Object Repository/Page_The Story and Evolution of Doodles - G_6e786d/p_The first Doodle was a simple out-of-offi_345e61")): Object 'Object Repository/Page_The Story and Evolution of Doodles - G_6e786d/p_The first Doodle was a simple out-of-offi_345e61' is visible

17-06-2024T18:50:40 - [MESSAGE][PASSED] - Object 'Object Repository/Page_The Story and Evolution of Doodles - G_6e786d/p_The first Doodle was a simple out-of-offi_345e61' is visible

17-06-2024T18:50:40 - [TEST_STEP][PASSED] - verifyElementVisible(findTestObject("Object Repository/Page_The Story and Evolution of Doodles - G_6e786d/h2_Weve created more than 5,000 Doodles ove_111429")): Object 'Object Repository/Page_The Story and Evolution of Doodles - G_6e786d/h2_Weve created more than 5,000 Doodles ove_111429' is visible

17-06-2024T18:50:41 - [MESSAGE][PASSED] - Object 'Object Repository/Page_The Story and Evolution of Doodles - G_6e786d/h2_Weve created more than 5,000 Doodles ove_111429' is visible

17-06-2024T18:50:41 - [TEST_STEP][PASSED] - click(findTestObject("Object Repository/Page_The Story and Evolution of Doodles - G_6e786d/p_The first Doodle was a simple out-of-offi_345e61")): Object: 'Object Repository/Page_The Story and Evolution of Doodles - G_6e786d/p_The first Doodle was a simple out-of-offi_345e61' is clicked on

17-06-2024T18:50:41 - [MESSAGE][PASSED] - Object: 'Object Repository/Page_The Story and Evolution of Doodles - G_6e786d/p_The first Doodle was a simple out-of-offi_345e61' is clicked on

17-06-2024T18:50:41 - [TEST_STEP][PASSED] - verifyElementVisible(findTestObject("Object Repository/Page_The Story and Evolution of Doodles - G_6e786d/h1_The story behind Doodles")): Object 'Object Repository/Page_The Story and Evolution of Doodles - G_6e786d/h1_The story behind Doodles' is visible

17-06-2024T18:50:41 - [MESSAGE][PASSED] - Object 'Object Repository/Page_The Story and Evolution of Doodles - G_6e786d/h1_The story behind Doodles' is visible

17-06-2024T18:50:41 - [TEST_STEP][PASSED] - verifyElementVisible(findTestObject("Object Repository/Page_The Story and Evolution of Doodles - G_6e786d/p_The first Doodle was a simple out-of-offi_345e61")): Object 'Object Repository/Page_The Story and Evolution of Doodles - G_6e786d/p_The first Doodle was a simple out-of-offi_345e61' is visible

17-06-2024T18:50:41 - [MESSAGE][PASSED] - Object 'Object Repository/Page_The Story and Evolution of Doodles - G_6e786d/p_The first Doodle was a simple out-of-offi_345e61' is visible

17-06-2024T18:50:41 - [TEST_STEP][PASSED] - verifyElementVisible(findTestObject("Object Repository/Page_The Story and Evolution of Doodles - G_6e786d/h2_Weve created more than 5,000 Doodles ove_111429")): Object 'Object Repository/Page_The Story and Evolution of Doodles - G_6e786d/h2_Weve created more than 5,000 Doodles ove_111429' is visible

17-06-2024T18:50:42 - [MESSAGE][PASSED] - Object 'Object Repository/Page_The Story and Evolution of Doodles - G_6e786d/h2_Weve created more than 5,000 Doodles ove_111429' is visible

17-06-2024T18:50:42 - [TEST_STEP][PASSED] - click(findTestObject("Object Repository/Page_The Story and Evolution of Doodles - G_6e786d/p_The first Doodle was a simple out-of-offi_345e61")): Object: 'Object Repository/Page_The Story and Evolution of Doodles - G_6e786d/p_The first Doodle was a simple out-of-offi_345e61' is clicked on

17-06-2024T18:50:42 - [MESSAGE][PASSED] - Object: 'Object Repository/Page_The Story and Evolution of Doodles - G_6e786d/p_The first Doodle was a simple out-of-offi_345e61' is clicked on

17-06-2024T18:50:42 - [TEST_STEP][PASSED] - verifyElementVisible(findTestObject("Object Repository/Page_The Story and Evolution of Doodles - G_6e786d/h1_The story behind Doodles")): Object 'Object Repository/Page_The Story and Evolution of Doodles - G_6e786d/h1_The story behind Doodles' is visible

17-06-2024T18:50:43 - [MESSAGE][PASSED] - Object 'Object Repository/Page_The Story and Evolution of Doodles - G_6e786d/h1_The story behind Doodles' is visible

17-06-2024T18:50:43 - [TEST_STEP][PASSED] - verifyElementVisible(findTestObject("Object Repository/Page_The Story and Evolution of Doodles - G_6e786d/p_The first Doodle was a simple out-of-offi_345e61")): Object 'Object Repository/Page_The Story and Evolution of Doodles - G_6e786d/p_The first Doodle was a simple out-of-offi_345e61' is visible

17-06-2024T18:50:43 - [MESSAGE][PASSED] - Object 'Object Repository/Page_The Story and Evolution of Doodles - G_6e786d/p_The first Doodle was a simple out-of-offi_345e61' is visible

17-06-2024T18:50:43 - [TEST_STEP][PASSED] - verifyElementVisible(findTestObject("Object Repository/Page_The Story and Evolution of Doodles - G_6e786d/h2_Weve created more than 5,000 Doodles ove_111429")): Object 'Object Repository/Page_The Story and Evolution of Doodles - G_6e786d/h2_Weve created more than 5,000 Doodles ove_111429' is visible

17-06-2024T18:50:43 - [MESSAGE][PASSED] - Object 'Object Repository/Page_The Story and Evolution of Doodles - G_6e786d/h2_Weve created more than 5,000 Doodles ove_111429' is visible

17-06-2024T18:50:43 - [TEST_STEP][PASSED] - click(findTestObject("Object Repository/Page_The Story and Evolution of Doodles - G_6e786d/p_The first Doodle was a simple out-of-offi_345e61")): Object: 'Object Repository/Page_The Story and Evolution of Doodles - G_6e786d/p_The first Doodle was a simple out-of-offi_345e61' is clicked on

17-06-2024T18:50:44 - [MESSAGE][PASSED] - Object: 'Object Repository/Page_The Story and Evolution of Doodles - G_6e786d/p_The first Doodle was a simple out-of-offi_345e61' is clicked on

17-06-2024T18:50:44 - [TEST_STEP][PASSED] - verifyElementVisible(findTestObject("Object Repository/Page_The Story and Evolution of Doodles - G_6e786d/h1_The story behind Doodles")): Object 'Object Repository/Page_The Story and Evolution of Doodles - G_6e786d/h1_The story behind Doodles' is visible

17-06-2024T18:50:44 - [MESSAGE][PASSED] - Object 'Object Repository/Page_The Story and Evolution of Doodles - G_6e786d/h1_The story behind Doodles' is visible

17-06-2024T18:50:44 - [TEST_STEP][PASSED] - verifyElementVisible(findTestObject("Object Repository/Page_The Story and Evolution of Doodles - G_6e786d/p_The first Doodle was a simple out-of-offi_345e61")): Object 'Object Repository/Page_The Story and Evolution of Doodles - G_6e786d/p_The first Doodle was a simple out-of-offi_345e61' is visible

17-06-2024T18:50:44 - [MESSAGE][PASSED] - Object 'Object Repository/Page_The Story and Evolution of Doodles - G_6e786d/p_The first Doodle was a simple out-of-offi_345e61' is visible

17-06-2024T18:50:44 - [TEST_STEP][PASSED] - verifyElementVisible(findTestObject("Object Repository/Page_The Story and Evolution of Doodles - G_6e786d/h2_Weve created more than 5,000 Doodles ove_111429")): Object 'Object Repository/Page_The Story and Evolution of Doodles - G_6e786d/h2_Weve created more than 5,000 Doodles ove_111429' is visible

17-06-2024T18:50:45 - [MESSAGE][PASSED] - Object 'Object Repository/Page_The Story and Evolution of Doodles - G_6e786d/h2_Weve created more than 5,000 Doodles ove_111429' is visible

17-06-2024T18:50:45 - [TEST_STEP][PASSED] - click(findTestObject("Object Repository/Page_The Story and Evolution of Doodles - G_6e786d/p_The first Doodle was a simple out-of-offi_345e61")): Object: 'Object Repository/Page_The Story and Evolution of Doodles - G_6e786d/p_The first Doodle was a simple out-of-offi_345e61' is clicked on

17-06-2024T18:50:45 - [MESSAGE][PASSED] - Object: 'Object Repository/Page_The Story and Evolution of Doodles - G_6e786d/p_The first Doodle was a simple out-of-offi_345e61' is clicked on

17-06-2024T18:50:45 - [TEST_STEP][PASSED] - verifyElementVisible(findTestObject("Object Repository/Page_The Story and Evolution of Doodles - G_6e786d/h1_The story behind Doodles")): Object 'Object Repository/Page_The Story and Evolution of Doodles - G_6e786d/h1_The story behind Doodles' is visible

17-06-2024T18:50:45 - [MESSAGE][PASSED] - Object 'Object Repository/Page_The Story and Evolution of Doodles - G_6e786d/h1_The story behind Doodles' is visible

17-06-2024T18:50:45 - [TEST_STEP][PASSED] - verifyElementVisible(findTestObject("Object Repository/Page_The Story and Evolution of Doodles - G_6e786d/p_The first Doodle was a simple out-of-offi_345e61")): Object 'Object Repository/Page_The Story and Evolution of Doodles - G_6e786d/p_The first Doodle was a simple out-of-offi_345e61' is visible

17-06-2024T18:50:46 - [MESSAGE][PASSED] - Object 'Object Repository/Page_The Story and Evolution of Doodles - G_6e786d/p_The first Doodle was a simple out-of-offi_345e61' is visible

17-06-2024T18:50:46 - [TEST_STEP][PASSED] - verifyElementVisible(findTestObject("Object Repository/Page_The Story and Evolution of Doodles - G_6e786d/h2_Weve created more than 5,000 Doodles ove_111429")): Object 'Object Repository/Page_The Story and Evolution of Doodles - G_6e786d/h2_Weve created more than 5,000 Doodles ove_111429' is visible

17-06-2024T18:50:46 - [MESSAGE][PASSED] - Object 'Object Repository/Page_The Story and Evolution of Doodles - G_6e786d/h2_Weve created more than 5,000 Doodles ove_111429' is visible

17-06-2024T18:50:46 - [TEST_STEP][PASSED] - click(findTestObject("Object Repository/Page_The Story and Evolution of Doodles - G_6e786d/p_The first Doodle was a simple out-of-offi_345e61")): Object: 'Object Repository/Page_The Story and Evolution of Doodles - G_6e786d/p_The first Doodle was a simple out-of-offi_345e61' is clicked on

17-06-2024T18:50:47 - [MESSAGE][PASSED] - Object: 'Object Repository/Page_The Story and Evolution of Doodles - G_6e786d/p_The first Doodle was a simple out-of-offi_345e61' is clicked on

17-06-2024T18:50:47 - [TEST_STEP][PASSED] - verifyElementVisible(findTestObject("Object Repository/Page_The Story and Evolution of Doodles - G_6e786d/h1_The story behind Doodles")): Object 'Object Repository/Page_The Story and Evolution of Doodles - G_6e786d/h1_The story behind Doodles' is visible

17-06-2024T18:50:47 - [MESSAGE][PASSED] - Object 'Object Repository/Page_The Story and Evolution of Doodles - G_6e786d/h1_The story behind Doodles' is visible

17-06-2024T18:50:47 - [TEST_STEP][PASSED] - verifyElementVisible(findTestObject("Object Repository/Page_The Story and Evolution of Doodles - G_6e786d/p_The first Doodle was a simple out-of-offi_345e61")): Object 'Object Repository/Page_The Story and Evolution of Doodles - G_6e786d/p_The first Doodle was a simple out-of-offi_345e61' is visible

17-06-2024T18:50:47 - [MESSAGE][PASSED] - Object 'Object Repository/Page_The Story and Evolution of Doodles - G_6e786d/p_The first Doodle was a simple out-of-offi_345e61' is visible

17-06-2024T18:50:47 - [TEST_STEP][PASSED] - verifyElementVisible(findTestObject("Object Repository/Page_The Story and Evolution of Doodles - G_6e786d/h2_Weve created more than 5,000 Doodles ove_111429")): Object 'Object Repository/Page_The Story and Evolution of Doodles - G_6e786d/h2_Weve created more than 5,000 Doodles ove_111429' is visible

17-06-2024T18:50:47 - [MESSAGE][PASSED] - Object 'Object Repository/Page_The Story and Evolution of Doodles - G_6e786d/h2_Weve created more than 5,000 Doodles ove_111429' is visible

17-06-2024T18:50:47 - [TEST_STEP][PASSED] - click(findTestObject("Object Repository/Page_The Story and Evolution of Doodles - G_6e786d/p_The first Doodle was a simple out-of-offi_345e61")): Object: 'Object Repository/Page_The Story and Evolution of Doodles - G_6e786d/p_The first Doodle was a simple out-of-offi_345e61' is clicked on

17-06-2024T18:50:48 - [MESSAGE][PASSED] - Object: 'Object Repository/Page_The Story and Evolution of Doodles - G_6e786d/p_The first Doodle was a simple out-of-offi_345e61' is clicked on

17-06-2024T18:50:48 - [TEST_STEP][PASSED] - verifyElementVisible(findTestObject("Object Repository/Page_The Story and Evolution of Doodles - G_6e786d/h1_The story behind Doodles")): Object 'Object Repository/Page_The Story and Evolution of Doodles - G_6e786d/h1_The story behind Doodles' is visible

17-06-2024T18:50:48 - [MESSAGE][PASSED] - Object 'Object Repository/Page_The Story and Evolution of Doodles - G_6e786d/h1_The story behind Doodles' is visible

17-06-2024T18:50:48 - [TEST_STEP][PASSED] - verifyElementVisible(findTestObject("Object Repository/Page_The Story and Evolution of Doodles - G_6e786d/p_The first Doodle was a simple out-of-offi_345e61")): Object 'Object Repository/Page_The Story and Evolution of Doodles - G_6e786d/p_The first Doodle was a simple out-of-offi_345e61' is visible

17-06-2024T18:50:48 - [MESSAGE][PASSED] - Object 'Object Repository/Page_The Story and Evolution of Doodles - G_6e786d/p_The first Doodle was a simple out-of-offi_345e61' is visible

17-06-2024T18:50:48 - [TEST_STEP][PASSED] - verifyElementVisible(findTestObject("Object Repository/Page_The Story and Evolution of Doodles - G_6e786d/h2_Weve created more than 5,000 Doodles ove_111429")): Object 'Object Repository/Page_The Story and Evolution of Doodles - G_6e786d/h2_Weve created more than 5,000 Doodles ove_111429' is visible

17-06-2024T18:50:49 - [MESSAGE][PASSED] - Object 'Object Repository/Page_The Story and Evolution of Doodles - G_6e786d/h2_Weve created more than 5,000 Doodles ove_111429' is visible

17-06-2024T18:50:49 - [TEST_STEP][PASSED] - click(findTestObject("Object Repository/Page_The Story and Evolution of Doodles - G_6e786d/p_The first Doodle was a simple out-of-offi_345e61")): Object: 'Object Repository/Page_The Story and Evolution of Doodles - G_6e786d/p_The first Doodle was a simple out-of-offi_345e61' is clicked on

17-06-2024T18:50:49 - [MESSAGE][PASSED] - Object: 'Object Repository/Page_The Story and Evolution of Doodles - G_6e786d/p_The first Doodle was a simple out-of-offi_345e61' is clicked on

17-06-2024T18:50:49 - [TEST_STEP][PASSED] - verifyElementVisible(findTestObject("Object Repository/Page_The Story and Evolution of Doodles - G_6e786d/h1_The story behind Doodles")): Object 'Object Repository/Page_The Story and Evolution of Doodles - G_6e786d/h1_The story behind Doodles' is visible

17-06-2024T18:50:49 - [MESSAGE][PASSED] - Object 'Object Repository/Page_The Story and Evolution of Doodles - G_6e786d/h1_The story behind Doodles' is visible

17-06-2024T18:50:49 - [TEST_STEP][PASSED] - verifyElementVisible(findTestObject("Object Repository/Page_The Story and Evolution of Doodles - G_6e786d/p_The first Doodle was a simple out-of-offi_345e61")): Object 'Object Repository/Page_The Story and Evolution of Doodles - G_6e786d/p_The first Doodle was a simple out-of-offi_345e61' is visible

17-06-2024T18:50:50 - [MESSAGE][PASSED] - Object 'Object Repository/Page_The Story and Evolution of Doodles - G_6e786d/p_The first Doodle was a simple out-of-offi_345e61' is visible

17-06-2024T18:50:50 - [TEST_STEP][PASSED] - verifyElementVisible(findTestObject("Object Repository/Page_The Story and Evolution of Doodles - G_6e786d/h2_Weve created more than 5,000 Doodles ove_111429")): Object 'Object Repository/Page_The Story and Evolution of Doodles - G_6e786d/h2_Weve created more than 5,000 Doodles ove_111429' is visible

17-06-2024T18:50:50 - [MESSAGE][PASSED] - Object 'Object Repository/Page_The Story and Evolution of Doodles - G_6e786d/h2_Weve created more than 5,000 Doodles ove_111429' is visible

17-06-2024T18:50:50 - [TEST_STEP][PASSED] - click(findTestObject("Object Repository/Page_The Story and Evolution of Doodles - G_6e786d/p_The first Doodle was a simple out-of-offi_345e61")): Object: 'Object Repository/Page_The Story and Evolution of Doodles - G_6e786d/p_The first Doodle was a simple out-of-offi_345e61' is clicked on

17-06-2024T18:50:50 - [MESSAGE][PASSED] - Object: 'Object Repository/Page_The Story and Evolution of Doodles - G_6e786d/p_The first Doodle was a simple out-of-offi_345e61' is clicked on

17-06-2024T18:50:50 - [TEST_STEP][PASSED] - verifyElementVisible(findTestObject("Object Repository/Page_The Story and Evolution of Doodles - G_6e786d/h1_The story behind Doodles")): Object 'Object Repository/Page_The Story and Evolution of Doodles - G_6e786d/h1_The story behind Doodles' is visible

17-06-2024T18:50:51 - [MESSAGE][PASSED] - Object 'Object Repository/Page_The Story and Evolution of Doodles - G_6e786d/h1_The story behind Doodles' is visible

17-06-2024T18:50:51 - [TEST_STEP][PASSED] - verifyElementVisible(findTestObject("Object Repository/Page_The Story and Evolution of Doodles - G_6e786d/p_The first Doodle was a simple out-of-offi_345e61")): Object 'Object Repository/Page_The Story and Evolution of Doodles - G_6e786d/p_The first Doodle was a simple out-of-offi_345e61' is visible

17-06-2024T18:50:51 - [MESSAGE][PASSED] - Object 'Object Repository/Page_The Story and Evolution of Doodles - G_6e786d/p_The first Doodle was a simple out-of-offi_345e61' is visible

17-06-2024T18:50:51 - [TEST_STEP][PASSED] - verifyElementVisible(findTestObject("Object Repository/Page_The Story and Evolution of Doodles - G_6e786d/h2_Weve created more than 5,000 Doodles ove_111429")): Object 'Object Repository/Page_The Story and Evolution of Doodles - G_6e786d/h2_Weve created more than 5,000 Doodles ove_111429' is visible

17-06-2024T18:50:51 - [MESSAGE][PASSED] - Object 'Object Repository/Page_The Story and Evolution of Doodles - G_6e786d/h2_Weve created more than 5,000 Doodles ove_111429' is visible]]></system-out>
         <system-err><![CDATA[]]></system-err>
      </testcase>
      <testcase name="Test Cases/test case folder 1/tc1 - Copy (6) - Copy (2)" time="18.845" classname="Test Cases/test case folder 1/tc1 - Copy (6) - Copy (2)" status="PASSED">
         <system-out><![CDATA[17-06-2024T18:50:51 - [TEST_CASE][PASSED] - Test Cases/test case folder 1/tc1 - Copy (6) - Copy (2): Test Cases/test case folder 1/tc1 - Copy (6) - Copy (2)

17-06-2024T18:50:51 - [TEST_STEP][PASSED] - openBrowser(""): Browser is opened with url: ''

17-06-2024T18:50:51 - [MESSAGE][WARNING] - A browser is already opened. Closing browser and opening a new one

17-06-2024T18:50:52 - [MESSAGE][INFO] - Starting 'Chrome (headless)' driver

17-06-2024T18:50:52 - [MESSAGE][INFO] - Action delay is set to 0 milliseconds

17-06-2024T18:50:53 - [MESSAGE][PASSED] - Browser is opened with url: ''

17-06-2024T18:50:53 - [TEST_STEP][PASSED] - navigateToUrl("https://doodles.google/about/"): Navigate to 'https://doodles.google/about/' successfully

17-06-2024T18:50:55 - [MESSAGE][PASSED] - Navigate to 'https://doodles.google/about/' successfully

17-06-2024T18:50:55 - [TEST_STEP][PASSED] - click(findTestObject("Object Repository/Page_The Story and Evolution of Doodles - G_6e786d/p_The first Doodle was a simple out-of-offi_345e61")): Object: 'Object Repository/Page_The Story and Evolution of Doodles - G_6e786d/p_The first Doodle was a simple out-of-offi_345e61' is clicked on

17-06-2024T18:50:56 - [MESSAGE][PASSED] - Object: 'Object Repository/Page_The Story and Evolution of Doodles - G_6e786d/p_The first Doodle was a simple out-of-offi_345e61' is clicked on

17-06-2024T18:50:56 - [TEST_STEP][PASSED] - click(findTestObject("Object Repository/Page_The Story and Evolution of Doodles - G_6e786d/p_The first Doodle was a simple out-of-offi_345e61")): Object: 'Object Repository/Page_The Story and Evolution of Doodles - G_6e786d/p_The first Doodle was a simple out-of-offi_345e61' is clicked on

17-06-2024T18:50:56 - [MESSAGE][PASSED] - Object: 'Object Repository/Page_The Story and Evolution of Doodles - G_6e786d/p_The first Doodle was a simple out-of-offi_345e61' is clicked on

17-06-2024T18:50:56 - [TEST_STEP][PASSED] - verifyElementVisible(findTestObject("Object Repository/Page_The Story and Evolution of Doodles - G_6e786d/h1_The story behind Doodles")): Object 'Object Repository/Page_The Story and Evolution of Doodles - G_6e786d/h1_The story behind Doodles' is visible

17-06-2024T18:50:57 - [MESSAGE][PASSED] - Object 'Object Repository/Page_The Story and Evolution of Doodles - G_6e786d/h1_The story behind Doodles' is visible

17-06-2024T18:50:57 - [TEST_STEP][PASSED] - verifyElementVisible(findTestObject("Object Repository/Page_The Story and Evolution of Doodles - G_6e786d/p_The first Doodle was a simple out-of-offi_345e61")): Object 'Object Repository/Page_The Story and Evolution of Doodles - G_6e786d/p_The first Doodle was a simple out-of-offi_345e61' is visible

17-06-2024T18:50:57 - [MESSAGE][PASSED] - Object 'Object Repository/Page_The Story and Evolution of Doodles - G_6e786d/p_The first Doodle was a simple out-of-offi_345e61' is visible

17-06-2024T18:50:57 - [TEST_STEP][PASSED] - verifyElementVisible(findTestObject("Object Repository/Page_The Story and Evolution of Doodles - G_6e786d/h2_Weve created more than 5,000 Doodles ove_111429")): Object 'Object Repository/Page_The Story and Evolution of Doodles - G_6e786d/h2_Weve created more than 5,000 Doodles ove_111429' is visible

17-06-2024T18:50:57 - [MESSAGE][PASSED] - Object 'Object Repository/Page_The Story and Evolution of Doodles - G_6e786d/h2_Weve created more than 5,000 Doodles ove_111429' is visible

17-06-2024T18:50:57 - [TEST_STEP][PASSED] - verifyElementVisible(findTestObject("Object Repository/Page_The Story and Evolution of Doodles - G_6e786d/h1_The story behind Doodles")): Object 'Object Repository/Page_The Story and Evolution of Doodles - G_6e786d/h1_The story behind Doodles' is visible

17-06-2024T18:50:58 - [MESSAGE][PASSED] - Object 'Object Repository/Page_The Story and Evolution of Doodles - G_6e786d/h1_The story behind Doodles' is visible

17-06-2024T18:50:58 - [TEST_STEP][PASSED] - verifyElementVisible(findTestObject("Object Repository/Page_The Story and Evolution of Doodles - G_6e786d/p_The first Doodle was a simple out-of-offi_345e61")): Object 'Object Repository/Page_The Story and Evolution of Doodles - G_6e786d/p_The first Doodle was a simple out-of-offi_345e61' is visible

17-06-2024T18:50:58 - [MESSAGE][PASSED] - Object 'Object Repository/Page_The Story and Evolution of Doodles - G_6e786d/p_The first Doodle was a simple out-of-offi_345e61' is visible

17-06-2024T18:50:58 - [TEST_STEP][PASSED] - verifyElementVisible(findTestObject("Object Repository/Page_The Story and Evolution of Doodles - G_6e786d/h2_Weve created more than 5,000 Doodles ove_111429")): Object 'Object Repository/Page_The Story and Evolution of Doodles - G_6e786d/h2_Weve created more than 5,000 Doodles ove_111429' is visible

17-06-2024T18:50:58 - [MESSAGE][PASSED] - Object 'Object Repository/Page_The Story and Evolution of Doodles - G_6e786d/h2_Weve created more than 5,000 Doodles ove_111429' is visible

17-06-2024T18:50:58 - [TEST_STEP][PASSED] - click(findTestObject("Object Repository/Page_The Story and Evolution of Doodles - G_6e786d/p_The first Doodle was a simple out-of-offi_345e61")): Object: 'Object Repository/Page_The Story and Evolution of Doodles - G_6e786d/p_The first Doodle was a simple out-of-offi_345e61' is clicked on

17-06-2024T18:50:59 - [MESSAGE][PASSED] - Object: 'Object Repository/Page_The Story and Evolution of Doodles - G_6e786d/p_The first Doodle was a simple out-of-offi_345e61' is clicked on

17-06-2024T18:50:59 - [TEST_STEP][PASSED] - verifyElementVisible(findTestObject("Object Repository/Page_The Story and Evolution of Doodles - G_6e786d/h1_The story behind Doodles")): Object 'Object Repository/Page_The Story and Evolution of Doodles - G_6e786d/h1_The story behind Doodles' is visible

17-06-2024T18:50:59 - [MESSAGE][PASSED] - Object 'Object Repository/Page_The Story and Evolution of Doodles - G_6e786d/h1_The story behind Doodles' is visible

17-06-2024T18:50:59 - [TEST_STEP][PASSED] - verifyElementVisible(findTestObject("Object Repository/Page_The Story and Evolution of Doodles - G_6e786d/p_The first Doodle was a simple out-of-offi_345e61")): Object 'Object Repository/Page_The Story and Evolution of Doodles - G_6e786d/p_The first Doodle was a simple out-of-offi_345e61' is visible

17-06-2024T18:50:59 - [MESSAGE][PASSED] - Object 'Object Repository/Page_The Story and Evolution of Doodles - G_6e786d/p_The first Doodle was a simple out-of-offi_345e61' is visible

17-06-2024T18:50:59 - [TEST_STEP][PASSED] - verifyElementVisible(findTestObject("Object Repository/Page_The Story and Evolution of Doodles - G_6e786d/h2_Weve created more than 5,000 Doodles ove_111429")): Object 'Object Repository/Page_The Story and Evolution of Doodles - G_6e786d/h2_Weve created more than 5,000 Doodles ove_111429' is visible

17-06-2024T18:51:00 - [MESSAGE][PASSED] - Object 'Object Repository/Page_The Story and Evolution of Doodles - G_6e786d/h2_Weve created more than 5,000 Doodles ove_111429' is visible

17-06-2024T18:51:00 - [TEST_STEP][PASSED] - click(findTestObject("Object Repository/Page_The Story and Evolution of Doodles - G_6e786d/p_The first Doodle was a simple out-of-offi_345e61")): Object: 'Object Repository/Page_The Story and Evolution of Doodles - G_6e786d/p_The first Doodle was a simple out-of-offi_345e61' is clicked on

17-06-2024T18:51:00 - [MESSAGE][PASSED] - Object: 'Object Repository/Page_The Story and Evolution of Doodles - G_6e786d/p_The first Doodle was a simple out-of-offi_345e61' is clicked on

17-06-2024T18:51:00 - [TEST_STEP][PASSED] - verifyElementVisible(findTestObject("Object Repository/Page_The Story and Evolution of Doodles - G_6e786d/h1_The story behind Doodles")): Object 'Object Repository/Page_The Story and Evolution of Doodles - G_6e786d/h1_The story behind Doodles' is visible

17-06-2024T18:51:00 - [MESSAGE][PASSED] - Object 'Object Repository/Page_The Story and Evolution of Doodles - G_6e786d/h1_The story behind Doodles' is visible

17-06-2024T18:51:00 - [TEST_STEP][PASSED] - verifyElementVisible(findTestObject("Object Repository/Page_The Story and Evolution of Doodles - G_6e786d/p_The first Doodle was a simple out-of-offi_345e61")): Object 'Object Repository/Page_The Story and Evolution of Doodles - G_6e786d/p_The first Doodle was a simple out-of-offi_345e61' is visible

17-06-2024T18:51:01 - [MESSAGE][PASSED] - Object 'Object Repository/Page_The Story and Evolution of Doodles - G_6e786d/p_The first Doodle was a simple out-of-offi_345e61' is visible

17-06-2024T18:51:01 - [TEST_STEP][PASSED] - verifyElementVisible(findTestObject("Object Repository/Page_The Story and Evolution of Doodles - G_6e786d/h2_Weve created more than 5,000 Doodles ove_111429")): Object 'Object Repository/Page_The Story and Evolution of Doodles - G_6e786d/h2_Weve created more than 5,000 Doodles ove_111429' is visible

17-06-2024T18:51:01 - [MESSAGE][PASSED] - Object 'Object Repository/Page_The Story and Evolution of Doodles - G_6e786d/h2_Weve created more than 5,000 Doodles ove_111429' is visible

17-06-2024T18:51:01 - [TEST_STEP][PASSED] - click(findTestObject("Object Repository/Page_The Story and Evolution of Doodles - G_6e786d/p_The first Doodle was a simple out-of-offi_345e61")): Object: 'Object Repository/Page_The Story and Evolution of Doodles - G_6e786d/p_The first Doodle was a simple out-of-offi_345e61' is clicked on

17-06-2024T18:51:01 - [MESSAGE][PASSED] - Object: 'Object Repository/Page_The Story and Evolution of Doodles - G_6e786d/p_The first Doodle was a simple out-of-offi_345e61' is clicked on

17-06-2024T18:51:01 - [TEST_STEP][PASSED] - verifyElementVisible(findTestObject("Object Repository/Page_The Story and Evolution of Doodles - G_6e786d/h1_The story behind Doodles")): Object 'Object Repository/Page_The Story and Evolution of Doodles - G_6e786d/h1_The story behind Doodles' is visible

17-06-2024T18:51:02 - [MESSAGE][PASSED] - Object 'Object Repository/Page_The Story and Evolution of Doodles - G_6e786d/h1_The story behind Doodles' is visible

17-06-2024T18:51:02 - [TEST_STEP][PASSED] - verifyElementVisible(findTestObject("Object Repository/Page_The Story and Evolution of Doodles - G_6e786d/p_The first Doodle was a simple out-of-offi_345e61")): Object 'Object Repository/Page_The Story and Evolution of Doodles - G_6e786d/p_The first Doodle was a simple out-of-offi_345e61' is visible

17-06-2024T18:51:02 - [MESSAGE][PASSED] - Object 'Object Repository/Page_The Story and Evolution of Doodles - G_6e786d/p_The first Doodle was a simple out-of-offi_345e61' is visible

17-06-2024T18:51:02 - [TEST_STEP][PASSED] - verifyElementVisible(findTestObject("Object Repository/Page_The Story and Evolution of Doodles - G_6e786d/h2_Weve created more than 5,000 Doodles ove_111429")): Object 'Object Repository/Page_The Story and Evolution of Doodles - G_6e786d/h2_Weve created more than 5,000 Doodles ove_111429' is visible

17-06-2024T18:51:02 - [MESSAGE][PASSED] - Object 'Object Repository/Page_The Story and Evolution of Doodles - G_6e786d/h2_Weve created more than 5,000 Doodles ove_111429' is visible

17-06-2024T18:51:02 - [TEST_STEP][PASSED] - click(findTestObject("Object Repository/Page_The Story and Evolution of Doodles - G_6e786d/p_The first Doodle was a simple out-of-offi_345e61")): Object: 'Object Repository/Page_The Story and Evolution of Doodles - G_6e786d/p_The first Doodle was a simple out-of-offi_345e61' is clicked on

17-06-2024T18:51:02 - [MESSAGE][PASSED] - Object: 'Object Repository/Page_The Story and Evolution of Doodles - G_6e786d/p_The first Doodle was a simple out-of-offi_345e61' is clicked on

17-06-2024T18:51:02 - [TEST_STEP][PASSED] - verifyElementVisible(findTestObject("Object Repository/Page_The Story and Evolution of Doodles - G_6e786d/h1_The story behind Doodles")): Object 'Object Repository/Page_The Story and Evolution of Doodles - G_6e786d/h1_The story behind Doodles' is visible

17-06-2024T18:51:03 - [MESSAGE][PASSED] - Object 'Object Repository/Page_The Story and Evolution of Doodles - G_6e786d/h1_The story behind Doodles' is visible

17-06-2024T18:51:03 - [TEST_STEP][PASSED] - verifyElementVisible(findTestObject("Object Repository/Page_The Story and Evolution of Doodles - G_6e786d/p_The first Doodle was a simple out-of-offi_345e61")): Object 'Object Repository/Page_The Story and Evolution of Doodles - G_6e786d/p_The first Doodle was a simple out-of-offi_345e61' is visible

17-06-2024T18:51:03 - [MESSAGE][PASSED] - Object 'Object Repository/Page_The Story and Evolution of Doodles - G_6e786d/p_The first Doodle was a simple out-of-offi_345e61' is visible

17-06-2024T18:51:03 - [TEST_STEP][PASSED] - verifyElementVisible(findTestObject("Object Repository/Page_The Story and Evolution of Doodles - G_6e786d/h2_Weve created more than 5,000 Doodles ove_111429")): Object 'Object Repository/Page_The Story and Evolution of Doodles - G_6e786d/h2_Weve created more than 5,000 Doodles ove_111429' is visible

17-06-2024T18:51:03 - [MESSAGE][PASSED] - Object 'Object Repository/Page_The Story and Evolution of Doodles - G_6e786d/h2_Weve created more than 5,000 Doodles ove_111429' is visible

17-06-2024T18:51:03 - [TEST_STEP][PASSED] - click(findTestObject("Object Repository/Page_The Story and Evolution of Doodles - G_6e786d/p_The first Doodle was a simple out-of-offi_345e61")): Object: 'Object Repository/Page_The Story and Evolution of Doodles - G_6e786d/p_The first Doodle was a simple out-of-offi_345e61' is clicked on

17-06-2024T18:51:04 - [MESSAGE][PASSED] - Object: 'Object Repository/Page_The Story and Evolution of Doodles - G_6e786d/p_The first Doodle was a simple out-of-offi_345e61' is clicked on

17-06-2024T18:51:04 - [TEST_STEP][PASSED] - verifyElementVisible(findTestObject("Object Repository/Page_The Story and Evolution of Doodles - G_6e786d/h1_The story behind Doodles")): Object 'Object Repository/Page_The Story and Evolution of Doodles - G_6e786d/h1_The story behind Doodles' is visible

17-06-2024T18:51:04 - [MESSAGE][PASSED] - Object 'Object Repository/Page_The Story and Evolution of Doodles - G_6e786d/h1_The story behind Doodles' is visible

17-06-2024T18:51:04 - [TEST_STEP][PASSED] - verifyElementVisible(findTestObject("Object Repository/Page_The Story and Evolution of Doodles - G_6e786d/p_The first Doodle was a simple out-of-offi_345e61")): Object 'Object Repository/Page_The Story and Evolution of Doodles - G_6e786d/p_The first Doodle was a simple out-of-offi_345e61' is visible

17-06-2024T18:51:04 - [MESSAGE][PASSED] - Object 'Object Repository/Page_The Story and Evolution of Doodles - G_6e786d/p_The first Doodle was a simple out-of-offi_345e61' is visible

17-06-2024T18:51:04 - [TEST_STEP][PASSED] - verifyElementVisible(findTestObject("Object Repository/Page_The Story and Evolution of Doodles - G_6e786d/h2_Weve created more than 5,000 Doodles ove_111429")): Object 'Object Repository/Page_The Story and Evolution of Doodles - G_6e786d/h2_Weve created more than 5,000 Doodles ove_111429' is visible

17-06-2024T18:51:05 - [MESSAGE][PASSED] - Object 'Object Repository/Page_The Story and Evolution of Doodles - G_6e786d/h2_Weve created more than 5,000 Doodles ove_111429' is visible

17-06-2024T18:51:05 - [TEST_STEP][PASSED] - click(findTestObject("Object Repository/Page_The Story and Evolution of Doodles - G_6e786d/p_The first Doodle was a simple out-of-offi_345e61")): Object: 'Object Repository/Page_The Story and Evolution of Doodles - G_6e786d/p_The first Doodle was a simple out-of-offi_345e61' is clicked on

17-06-2024T18:51:05 - [MESSAGE][PASSED] - Object: 'Object Repository/Page_The Story and Evolution of Doodles - G_6e786d/p_The first Doodle was a simple out-of-offi_345e61' is clicked on

17-06-2024T18:51:05 - [TEST_STEP][PASSED] - verifyElementVisible(findTestObject("Object Repository/Page_The Story and Evolution of Doodles - G_6e786d/h1_The story behind Doodles")): Object 'Object Repository/Page_The Story and Evolution of Doodles - G_6e786d/h1_The story behind Doodles' is visible

17-06-2024T18:51:05 - [MESSAGE][PASSED] - Object 'Object Repository/Page_The Story and Evolution of Doodles - G_6e786d/h1_The story behind Doodles' is visible

17-06-2024T18:51:05 - [TEST_STEP][PASSED] - verifyElementVisible(findTestObject("Object Repository/Page_The Story and Evolution of Doodles - G_6e786d/p_The first Doodle was a simple out-of-offi_345e61")): Object 'Object Repository/Page_The Story and Evolution of Doodles - G_6e786d/p_The first Doodle was a simple out-of-offi_345e61' is visible

17-06-2024T18:51:06 - [MESSAGE][PASSED] - Object 'Object Repository/Page_The Story and Evolution of Doodles - G_6e786d/p_The first Doodle was a simple out-of-offi_345e61' is visible

17-06-2024T18:51:06 - [TEST_STEP][PASSED] - verifyElementVisible(findTestObject("Object Repository/Page_The Story and Evolution of Doodles - G_6e786d/h2_Weve created more than 5,000 Doodles ove_111429")): Object 'Object Repository/Page_The Story and Evolution of Doodles - G_6e786d/h2_Weve created more than 5,000 Doodles ove_111429' is visible

17-06-2024T18:51:06 - [MESSAGE][PASSED] - Object 'Object Repository/Page_The Story and Evolution of Doodles - G_6e786d/h2_Weve created more than 5,000 Doodles ove_111429' is visible

17-06-2024T18:51:06 - [TEST_STEP][PASSED] - click(findTestObject("Object Repository/Page_The Story and Evolution of Doodles - G_6e786d/p_The first Doodle was a simple out-of-offi_345e61")): Object: 'Object Repository/Page_The Story and Evolution of Doodles - G_6e786d/p_The first Doodle was a simple out-of-offi_345e61' is clicked on

17-06-2024T18:51:06 - [MESSAGE][PASSED] - Object: 'Object Repository/Page_The Story and Evolution of Doodles - G_6e786d/p_The first Doodle was a simple out-of-offi_345e61' is clicked on

17-06-2024T18:51:06 - [TEST_STEP][PASSED] - verifyElementVisible(findTestObject("Object Repository/Page_The Story and Evolution of Doodles - G_6e786d/h1_The story behind Doodles")): Object 'Object Repository/Page_The Story and Evolution of Doodles - G_6e786d/h1_The story behind Doodles' is visible

17-06-2024T18:51:07 - [MESSAGE][PASSED] - Object 'Object Repository/Page_The Story and Evolution of Doodles - G_6e786d/h1_The story behind Doodles' is visible

17-06-2024T18:51:07 - [TEST_STEP][PASSED] - verifyElementVisible(findTestObject("Object Repository/Page_The Story and Evolution of Doodles - G_6e786d/p_The first Doodle was a simple out-of-offi_345e61")): Object 'Object Repository/Page_The Story and Evolution of Doodles - G_6e786d/p_The first Doodle was a simple out-of-offi_345e61' is visible

17-06-2024T18:51:07 - [MESSAGE][PASSED] - Object 'Object Repository/Page_The Story and Evolution of Doodles - G_6e786d/p_The first Doodle was a simple out-of-offi_345e61' is visible

17-06-2024T18:51:07 - [TEST_STEP][PASSED] - verifyElementVisible(findTestObject("Object Repository/Page_The Story and Evolution of Doodles - G_6e786d/h2_Weve created more than 5,000 Doodles ove_111429")): Object 'Object Repository/Page_The Story and Evolution of Doodles - G_6e786d/h2_Weve created more than 5,000 Doodles ove_111429' is visible

17-06-2024T18:51:07 - [MESSAGE][PASSED] - Object 'Object Repository/Page_The Story and Evolution of Doodles - G_6e786d/h2_Weve created more than 5,000 Doodles ove_111429' is visible

17-06-2024T18:51:07 - [TEST_STEP][PASSED] - click(findTestObject("Object Repository/Page_The Story and Evolution of Doodles - G_6e786d/p_The first Doodle was a simple out-of-offi_345e61")): Object: 'Object Repository/Page_The Story and Evolution of Doodles - G_6e786d/p_The first Doodle was a simple out-of-offi_345e61' is clicked on

17-06-2024T18:51:08 - [MESSAGE][PASSED] - Object: 'Object Repository/Page_The Story and Evolution of Doodles - G_6e786d/p_The first Doodle was a simple out-of-offi_345e61' is clicked on

17-06-2024T18:51:08 - [TEST_STEP][PASSED] - verifyElementVisible(findTestObject("Object Repository/Page_The Story and Evolution of Doodles - G_6e786d/h1_The story behind Doodles")): Object 'Object Repository/Page_The Story and Evolution of Doodles - G_6e786d/h1_The story behind Doodles' is visible

17-06-2024T18:51:08 - [MESSAGE][PASSED] - Object 'Object Repository/Page_The Story and Evolution of Doodles - G_6e786d/h1_The story behind Doodles' is visible

17-06-2024T18:51:08 - [TEST_STEP][PASSED] - verifyElementVisible(findTestObject("Object Repository/Page_The Story and Evolution of Doodles - G_6e786d/p_The first Doodle was a simple out-of-offi_345e61")): Object 'Object Repository/Page_The Story and Evolution of Doodles - G_6e786d/p_The first Doodle was a simple out-of-offi_345e61' is visible

17-06-2024T18:51:08 - [MESSAGE][PASSED] - Object 'Object Repository/Page_The Story and Evolution of Doodles - G_6e786d/p_The first Doodle was a simple out-of-offi_345e61' is visible

17-06-2024T18:51:08 - [TEST_STEP][PASSED] - verifyElementVisible(findTestObject("Object Repository/Page_The Story and Evolution of Doodles - G_6e786d/h2_Weve created more than 5,000 Doodles ove_111429")): Object 'Object Repository/Page_The Story and Evolution of Doodles - G_6e786d/h2_Weve created more than 5,000 Doodles ove_111429' is visible

17-06-2024T18:51:09 - [MESSAGE][PASSED] - Object 'Object Repository/Page_The Story and Evolution of Doodles - G_6e786d/h2_Weve created more than 5,000 Doodles ove_111429' is visible

17-06-2024T18:51:09 - [TEST_STEP][PASSED] - click(findTestObject("Object Repository/Page_The Story and Evolution of Doodles - G_6e786d/p_The first Doodle was a simple out-of-offi_345e61")): Object: 'Object Repository/Page_The Story and Evolution of Doodles - G_6e786d/p_The first Doodle was a simple out-of-offi_345e61' is clicked on

17-06-2024T18:51:09 - [MESSAGE][PASSED] - Object: 'Object Repository/Page_The Story and Evolution of Doodles - G_6e786d/p_The first Doodle was a simple out-of-offi_345e61' is clicked on

17-06-2024T18:51:09 - [TEST_STEP][PASSED] - verifyElementVisible(findTestObject("Object Repository/Page_The Story and Evolution of Doodles - G_6e786d/h1_The story behind Doodles")): Object 'Object Repository/Page_The Story and Evolution of Doodles - G_6e786d/h1_The story behind Doodles' is visible

17-06-2024T18:51:10 - [MESSAGE][PASSED] - Object 'Object Repository/Page_The Story and Evolution of Doodles - G_6e786d/h1_The story behind Doodles' is visible

17-06-2024T18:51:10 - [TEST_STEP][PASSED] - verifyElementVisible(findTestObject("Object Repository/Page_The Story and Evolution of Doodles - G_6e786d/p_The first Doodle was a simple out-of-offi_345e61")): Object 'Object Repository/Page_The Story and Evolution of Doodles - G_6e786d/p_The first Doodle was a simple out-of-offi_345e61' is visible

17-06-2024T18:51:10 - [MESSAGE][PASSED] - Object 'Object Repository/Page_The Story and Evolution of Doodles - G_6e786d/p_The first Doodle was a simple out-of-offi_345e61' is visible

17-06-2024T18:51:10 - [TEST_STEP][PASSED] - verifyElementVisible(findTestObject("Object Repository/Page_The Story and Evolution of Doodles - G_6e786d/h2_Weve created more than 5,000 Doodles ove_111429")): Object 'Object Repository/Page_The Story and Evolution of Doodles - G_6e786d/h2_Weve created more than 5,000 Doodles ove_111429' is visible

17-06-2024T18:51:10 - [MESSAGE][PASSED] - Object 'Object Repository/Page_The Story and Evolution of Doodles - G_6e786d/h2_Weve created more than 5,000 Doodles ove_111429' is visible]]></system-out>
         <system-err><![CDATA[]]></system-err>
      </testcase>
      <testcase name="Test Cases/test case folder 1/tc1 - Copy (6) - Copy (3)" time="18.866" classname="Test Cases/test case folder 1/tc1 - Copy (6) - Copy (3)" status="PASSED">
         <system-out><![CDATA[17-06-2024T18:51:10 - [TEST_CASE][PASSED] - Test Cases/test case folder 1/tc1 - Copy (6) - Copy (3): Test Cases/test case folder 1/tc1 - Copy (6) - Copy (3)

17-06-2024T18:51:10 - [TEST_STEP][PASSED] - openBrowser(""): Browser is opened with url: ''

17-06-2024T18:51:10 - [MESSAGE][WARNING] - A browser is already opened. Closing browser and opening a new one

17-06-2024T18:51:11 - [MESSAGE][INFO] - Starting 'Chrome (headless)' driver

17-06-2024T18:51:11 - [MESSAGE][INFO] - Action delay is set to 0 milliseconds

17-06-2024T18:51:12 - [MESSAGE][PASSED] - Browser is opened with url: ''

17-06-2024T18:51:12 - [TEST_STEP][PASSED] - navigateToUrl("https://doodles.google/about/"): Navigate to 'https://doodles.google/about/' successfully

17-06-2024T18:51:15 - [MESSAGE][PASSED] - Navigate to 'https://doodles.google/about/' successfully

17-06-2024T18:51:15 - [TEST_STEP][PASSED] - click(findTestObject("Object Repository/Page_The Story and Evolution of Doodles - G_6e786d/p_The first Doodle was a simple out-of-offi_345e61")): Object: 'Object Repository/Page_The Story and Evolution of Doodles - G_6e786d/p_The first Doodle was a simple out-of-offi_345e61' is clicked on

17-06-2024T18:51:15 - [MESSAGE][PASSED] - Object: 'Object Repository/Page_The Story and Evolution of Doodles - G_6e786d/p_The first Doodle was a simple out-of-offi_345e61' is clicked on

17-06-2024T18:51:15 - [TEST_STEP][PASSED] - click(findTestObject("Object Repository/Page_The Story and Evolution of Doodles - G_6e786d/p_The first Doodle was a simple out-of-offi_345e61")): Object: 'Object Repository/Page_The Story and Evolution of Doodles - G_6e786d/p_The first Doodle was a simple out-of-offi_345e61' is clicked on

17-06-2024T18:51:15 - [MESSAGE][PASSED] - Object: 'Object Repository/Page_The Story and Evolution of Doodles - G_6e786d/p_The first Doodle was a simple out-of-offi_345e61' is clicked on

17-06-2024T18:51:15 - [TEST_STEP][PASSED] - verifyElementVisible(findTestObject("Object Repository/Page_The Story and Evolution of Doodles - G_6e786d/h1_The story behind Doodles")): Object 'Object Repository/Page_The Story and Evolution of Doodles - G_6e786d/h1_The story behind Doodles' is visible

17-06-2024T18:51:16 - [MESSAGE][PASSED] - Object 'Object Repository/Page_The Story and Evolution of Doodles - G_6e786d/h1_The story behind Doodles' is visible

17-06-2024T18:51:16 - [TEST_STEP][PASSED] - verifyElementVisible(findTestObject("Object Repository/Page_The Story and Evolution of Doodles - G_6e786d/p_The first Doodle was a simple out-of-offi_345e61")): Object 'Object Repository/Page_The Story and Evolution of Doodles - G_6e786d/p_The first Doodle was a simple out-of-offi_345e61' is visible

17-06-2024T18:51:16 - [MESSAGE][PASSED] - Object 'Object Repository/Page_The Story and Evolution of Doodles - G_6e786d/p_The first Doodle was a simple out-of-offi_345e61' is visible

17-06-2024T18:51:16 - [TEST_STEP][PASSED] - verifyElementVisible(findTestObject("Object Repository/Page_The Story and Evolution of Doodles - G_6e786d/h2_Weve created more than 5,000 Doodles ove_111429")): Object 'Object Repository/Page_The Story and Evolution of Doodles - G_6e786d/h2_Weve created more than 5,000 Doodles ove_111429' is visible

17-06-2024T18:51:16 - [MESSAGE][PASSED] - Object 'Object Repository/Page_The Story and Evolution of Doodles - G_6e786d/h2_Weve created more than 5,000 Doodles ove_111429' is visible

17-06-2024T18:51:16 - [TEST_STEP][PASSED] - verifyElementVisible(findTestObject("Object Repository/Page_The Story and Evolution of Doodles - G_6e786d/h1_The story behind Doodles")): Object 'Object Repository/Page_The Story and Evolution of Doodles - G_6e786d/h1_The story behind Doodles' is visible

17-06-2024T18:51:17 - [MESSAGE][PASSED] - Object 'Object Repository/Page_The Story and Evolution of Doodles - G_6e786d/h1_The story behind Doodles' is visible

17-06-2024T18:51:17 - [TEST_STEP][PASSED] - verifyElementVisible(findTestObject("Object Repository/Page_The Story and Evolution of Doodles - G_6e786d/p_The first Doodle was a simple out-of-offi_345e61")): Object 'Object Repository/Page_The Story and Evolution of Doodles - G_6e786d/p_The first Doodle was a simple out-of-offi_345e61' is visible

17-06-2024T18:51:17 - [MESSAGE][PASSED] - Object 'Object Repository/Page_The Story and Evolution of Doodles - G_6e786d/p_The first Doodle was a simple out-of-offi_345e61' is visible

17-06-2024T18:51:17 - [TEST_STEP][PASSED] - verifyElementVisible(findTestObject("Object Repository/Page_The Story and Evolution of Doodles - G_6e786d/h2_Weve created more than 5,000 Doodles ove_111429")): Object 'Object Repository/Page_The Story and Evolution of Doodles - G_6e786d/h2_Weve created more than 5,000 Doodles ove_111429' is visible

17-06-2024T18:51:17 - [MESSAGE][PASSED] - Object 'Object Repository/Page_The Story and Evolution of Doodles - G_6e786d/h2_Weve created more than 5,000 Doodles ove_111429' is visible

17-06-2024T18:51:17 - [TEST_STEP][PASSED] - click(findTestObject("Object Repository/Page_The Story and Evolution of Doodles - G_6e786d/p_The first Doodle was a simple out-of-offi_345e61")): Object: 'Object Repository/Page_The Story and Evolution of Doodles - G_6e786d/p_The first Doodle was a simple out-of-offi_345e61' is clicked on

17-06-2024T18:51:18 - [MESSAGE][PASSED] - Object: 'Object Repository/Page_The Story and Evolution of Doodles - G_6e786d/p_The first Doodle was a simple out-of-offi_345e61' is clicked on

17-06-2024T18:51:18 - [TEST_STEP][PASSED] - verifyElementVisible(findTestObject("Object Repository/Page_The Story and Evolution of Doodles - G_6e786d/h1_The story behind Doodles")): Object 'Object Repository/Page_The Story and Evolution of Doodles - G_6e786d/h1_The story behind Doodles' is visible

17-06-2024T18:51:18 - [MESSAGE][PASSED] - Object 'Object Repository/Page_The Story and Evolution of Doodles - G_6e786d/h1_The story behind Doodles' is visible

17-06-2024T18:51:18 - [TEST_STEP][PASSED] - verifyElementVisible(findTestObject("Object Repository/Page_The Story and Evolution of Doodles - G_6e786d/p_The first Doodle was a simple out-of-offi_345e61")): Object 'Object Repository/Page_The Story and Evolution of Doodles - G_6e786d/p_The first Doodle was a simple out-of-offi_345e61' is visible

17-06-2024T18:51:18 - [MESSAGE][PASSED] - Object 'Object Repository/Page_The Story and Evolution of Doodles - G_6e786d/p_The first Doodle was a simple out-of-offi_345e61' is visible

17-06-2024T18:51:18 - [TEST_STEP][PASSED] - verifyElementVisible(findTestObject("Object Repository/Page_The Story and Evolution of Doodles - G_6e786d/h2_Weve created more than 5,000 Doodles ove_111429")): Object 'Object Repository/Page_The Story and Evolution of Doodles - G_6e786d/h2_Weve created more than 5,000 Doodles ove_111429' is visible

17-06-2024T18:51:19 - [MESSAGE][PASSED] - Object 'Object Repository/Page_The Story and Evolution of Doodles - G_6e786d/h2_Weve created more than 5,000 Doodles ove_111429' is visible

17-06-2024T18:51:19 - [TEST_STEP][PASSED] - click(findTestObject("Object Repository/Page_The Story and Evolution of Doodles - G_6e786d/p_The first Doodle was a simple out-of-offi_345e61")): Object: 'Object Repository/Page_The Story and Evolution of Doodles - G_6e786d/p_The first Doodle was a simple out-of-offi_345e61' is clicked on

17-06-2024T18:51:19 - [MESSAGE][PASSED] - Object: 'Object Repository/Page_The Story and Evolution of Doodles - G_6e786d/p_The first Doodle was a simple out-of-offi_345e61' is clicked on

17-06-2024T18:51:19 - [TEST_STEP][PASSED] - verifyElementVisible(findTestObject("Object Repository/Page_The Story and Evolution of Doodles - G_6e786d/h1_The story behind Doodles")): Object 'Object Repository/Page_The Story and Evolution of Doodles - G_6e786d/h1_The story behind Doodles' is visible

17-06-2024T18:51:19 - [MESSAGE][PASSED] - Object 'Object Repository/Page_The Story and Evolution of Doodles - G_6e786d/h1_The story behind Doodles' is visible

17-06-2024T18:51:19 - [TEST_STEP][PASSED] - verifyElementVisible(findTestObject("Object Repository/Page_The Story and Evolution of Doodles - G_6e786d/p_The first Doodle was a simple out-of-offi_345e61")): Object 'Object Repository/Page_The Story and Evolution of Doodles - G_6e786d/p_The first Doodle was a simple out-of-offi_345e61' is visible

17-06-2024T18:51:20 - [MESSAGE][PASSED] - Object 'Object Repository/Page_The Story and Evolution of Doodles - G_6e786d/p_The first Doodle was a simple out-of-offi_345e61' is visible

17-06-2024T18:51:20 - [TEST_STEP][PASSED] - verifyElementVisible(findTestObject("Object Repository/Page_The Story and Evolution of Doodles - G_6e786d/h2_Weve created more than 5,000 Doodles ove_111429")): Object 'Object Repository/Page_The Story and Evolution of Doodles - G_6e786d/h2_Weve created more than 5,000 Doodles ove_111429' is visible

17-06-2024T18:51:20 - [MESSAGE][PASSED] - Object 'Object Repository/Page_The Story and Evolution of Doodles - G_6e786d/h2_Weve created more than 5,000 Doodles ove_111429' is visible

17-06-2024T18:51:20 - [TEST_STEP][PASSED] - click(findTestObject("Object Repository/Page_The Story and Evolution of Doodles - G_6e786d/p_The first Doodle was a simple out-of-offi_345e61")): Object: 'Object Repository/Page_The Story and Evolution of Doodles - G_6e786d/p_The first Doodle was a simple out-of-offi_345e61' is clicked on

17-06-2024T18:51:20 - [MESSAGE][PASSED] - Object: 'Object Repository/Page_The Story and Evolution of Doodles - G_6e786d/p_The first Doodle was a simple out-of-offi_345e61' is clicked on

17-06-2024T18:51:20 - [TEST_STEP][PASSED] - verifyElementVisible(findTestObject("Object Repository/Page_The Story and Evolution of Doodles - G_6e786d/h1_The story behind Doodles")): Object 'Object Repository/Page_The Story and Evolution of Doodles - G_6e786d/h1_The story behind Doodles' is visible

17-06-2024T18:51:21 - [MESSAGE][PASSED] - Object 'Object Repository/Page_The Story and Evolution of Doodles - G_6e786d/h1_The story behind Doodles' is visible

17-06-2024T18:51:21 - [TEST_STEP][PASSED] - verifyElementVisible(findTestObject("Object Repository/Page_The Story and Evolution of Doodles - G_6e786d/p_The first Doodle was a simple out-of-offi_345e61")): Object 'Object Repository/Page_The Story and Evolution of Doodles - G_6e786d/p_The first Doodle was a simple out-of-offi_345e61' is visible

17-06-2024T18:51:21 - [MESSAGE][PASSED] - Object 'Object Repository/Page_The Story and Evolution of Doodles - G_6e786d/p_The first Doodle was a simple out-of-offi_345e61' is visible

17-06-2024T18:51:21 - [TEST_STEP][PASSED] - verifyElementVisible(findTestObject("Object Repository/Page_The Story and Evolution of Doodles - G_6e786d/h2_Weve created more than 5,000 Doodles ove_111429")): Object 'Object Repository/Page_The Story and Evolution of Doodles - G_6e786d/h2_Weve created more than 5,000 Doodles ove_111429' is visible

17-06-2024T18:51:21 - [MESSAGE][PASSED] - Object 'Object Repository/Page_The Story and Evolution of Doodles - G_6e786d/h2_Weve created more than 5,000 Doodles ove_111429' is visible

17-06-2024T18:51:21 - [TEST_STEP][PASSED] - click(findTestObject("Object Repository/Page_The Story and Evolution of Doodles - G_6e786d/p_The first Doodle was a simple out-of-offi_345e61")): Object: 'Object Repository/Page_The Story and Evolution of Doodles - G_6e786d/p_The first Doodle was a simple out-of-offi_345e61' is clicked on

17-06-2024T18:51:22 - [MESSAGE][PASSED] - Object: 'Object Repository/Page_The Story and Evolution of Doodles - G_6e786d/p_The first Doodle was a simple out-of-offi_345e61' is clicked on

17-06-2024T18:51:22 - [TEST_STEP][PASSED] - verifyElementVisible(findTestObject("Object Repository/Page_The Story and Evolution of Doodles - G_6e786d/h1_The story behind Doodles")): Object 'Object Repository/Page_The Story and Evolution of Doodles - G_6e786d/h1_The story behind Doodles' is visible

17-06-2024T18:51:22 - [MESSAGE][PASSED] - Object 'Object Repository/Page_The Story and Evolution of Doodles - G_6e786d/h1_The story behind Doodles' is visible

17-06-2024T18:51:22 - [TEST_STEP][PASSED] - verifyElementVisible(findTestObject("Object Repository/Page_The Story and Evolution of Doodles - G_6e786d/p_The first Doodle was a simple out-of-offi_345e61")): Object 'Object Repository/Page_The Story and Evolution of Doodles - G_6e786d/p_The first Doodle was a simple out-of-offi_345e61' is visible

17-06-2024T18:51:22 - [MESSAGE][PASSED] - Object 'Object Repository/Page_The Story and Evolution of Doodles - G_6e786d/p_The first Doodle was a simple out-of-offi_345e61' is visible

17-06-2024T18:51:22 - [TEST_STEP][PASSED] - verifyElementVisible(findTestObject("Object Repository/Page_The Story and Evolution of Doodles - G_6e786d/h2_Weve created more than 5,000 Doodles ove_111429")): Object 'Object Repository/Page_The Story and Evolution of Doodles - G_6e786d/h2_Weve created more than 5,000 Doodles ove_111429' is visible

17-06-2024T18:51:23 - [MESSAGE][PASSED] - Object 'Object Repository/Page_The Story and Evolution of Doodles - G_6e786d/h2_Weve created more than 5,000 Doodles ove_111429' is visible

17-06-2024T18:51:23 - [TEST_STEP][PASSED] - click(findTestObject("Object Repository/Page_The Story and Evolution of Doodles - G_6e786d/p_The first Doodle was a simple out-of-offi_345e61")): Object: 'Object Repository/Page_The Story and Evolution of Doodles - G_6e786d/p_The first Doodle was a simple out-of-offi_345e61' is clicked on

17-06-2024T18:51:23 - [MESSAGE][PASSED] - Object: 'Object Repository/Page_The Story and Evolution of Doodles - G_6e786d/p_The first Doodle was a simple out-of-offi_345e61' is clicked on

17-06-2024T18:51:23 - [TEST_STEP][PASSED] - verifyElementVisible(findTestObject("Object Repository/Page_The Story and Evolution of Doodles - G_6e786d/h1_The story behind Doodles")): Object 'Object Repository/Page_The Story and Evolution of Doodles - G_6e786d/h1_The story behind Doodles' is visible

17-06-2024T18:51:23 - [MESSAGE][PASSED] - Object 'Object Repository/Page_The Story and Evolution of Doodles - G_6e786d/h1_The story behind Doodles' is visible

17-06-2024T18:51:23 - [TEST_STEP][PASSED] - verifyElementVisible(findTestObject("Object Repository/Page_The Story and Evolution of Doodles - G_6e786d/p_The first Doodle was a simple out-of-offi_345e61")): Object 'Object Repository/Page_The Story and Evolution of Doodles - G_6e786d/p_The first Doodle was a simple out-of-offi_345e61' is visible

17-06-2024T18:51:24 - [MESSAGE][PASSED] - Object 'Object Repository/Page_The Story and Evolution of Doodles - G_6e786d/p_The first Doodle was a simple out-of-offi_345e61' is visible

17-06-2024T18:51:24 - [TEST_STEP][PASSED] - verifyElementVisible(findTestObject("Object Repository/Page_The Story and Evolution of Doodles - G_6e786d/h2_Weve created more than 5,000 Doodles ove_111429")): Object 'Object Repository/Page_The Story and Evolution of Doodles - G_6e786d/h2_Weve created more than 5,000 Doodles ove_111429' is visible

17-06-2024T18:51:24 - [MESSAGE][PASSED] - Object 'Object Repository/Page_The Story and Evolution of Doodles - G_6e786d/h2_Weve created more than 5,000 Doodles ove_111429' is visible

17-06-2024T18:51:24 - [TEST_STEP][PASSED] - click(findTestObject("Object Repository/Page_The Story and Evolution of Doodles - G_6e786d/p_The first Doodle was a simple out-of-offi_345e61")): Object: 'Object Repository/Page_The Story and Evolution of Doodles - G_6e786d/p_The first Doodle was a simple out-of-offi_345e61' is clicked on

17-06-2024T18:51:24 - [MESSAGE][PASSED] - Object: 'Object Repository/Page_The Story and Evolution of Doodles - G_6e786d/p_The first Doodle was a simple out-of-offi_345e61' is clicked on

17-06-2024T18:51:24 - [TEST_STEP][PASSED] - verifyElementVisible(findTestObject("Object Repository/Page_The Story and Evolution of Doodles - G_6e786d/h1_The story behind Doodles")): Object 'Object Repository/Page_The Story and Evolution of Doodles - G_6e786d/h1_The story behind Doodles' is visible

17-06-2024T18:51:25 - [MESSAGE][PASSED] - Object 'Object Repository/Page_The Story and Evolution of Doodles - G_6e786d/h1_The story behind Doodles' is visible

17-06-2024T18:51:25 - [TEST_STEP][PASSED] - verifyElementVisible(findTestObject("Object Repository/Page_The Story and Evolution of Doodles - G_6e786d/p_The first Doodle was a simple out-of-offi_345e61")): Object 'Object Repository/Page_The Story and Evolution of Doodles - G_6e786d/p_The first Doodle was a simple out-of-offi_345e61' is visible

17-06-2024T18:51:25 - [MESSAGE][PASSED] - Object 'Object Repository/Page_The Story and Evolution of Doodles - G_6e786d/p_The first Doodle was a simple out-of-offi_345e61' is visible

17-06-2024T18:51:25 - [TEST_STEP][PASSED] - verifyElementVisible(findTestObject("Object Repository/Page_The Story and Evolution of Doodles - G_6e786d/h2_Weve created more than 5,000 Doodles ove_111429")): Object 'Object Repository/Page_The Story and Evolution of Doodles - G_6e786d/h2_Weve created more than 5,000 Doodles ove_111429' is visible

17-06-2024T18:51:25 - [MESSAGE][PASSED] - Object 'Object Repository/Page_The Story and Evolution of Doodles - G_6e786d/h2_Weve created more than 5,000 Doodles ove_111429' is visible

17-06-2024T18:51:25 - [TEST_STEP][PASSED] - click(findTestObject("Object Repository/Page_The Story and Evolution of Doodles - G_6e786d/p_The first Doodle was a simple out-of-offi_345e61")): Object: 'Object Repository/Page_The Story and Evolution of Doodles - G_6e786d/p_The first Doodle was a simple out-of-offi_345e61' is clicked on

17-06-2024T18:51:26 - [MESSAGE][PASSED] - Object: 'Object Repository/Page_The Story and Evolution of Doodles - G_6e786d/p_The first Doodle was a simple out-of-offi_345e61' is clicked on

17-06-2024T18:51:26 - [TEST_STEP][PASSED] - verifyElementVisible(findTestObject("Object Repository/Page_The Story and Evolution of Doodles - G_6e786d/h1_The story behind Doodles")): Object 'Object Repository/Page_The Story and Evolution of Doodles - G_6e786d/h1_The story behind Doodles' is visible

17-06-2024T18:51:26 - [MESSAGE][PASSED] - Object 'Object Repository/Page_The Story and Evolution of Doodles - G_6e786d/h1_The story behind Doodles' is visible

17-06-2024T18:51:26 - [TEST_STEP][PASSED] - verifyElementVisible(findTestObject("Object Repository/Page_The Story and Evolution of Doodles - G_6e786d/p_The first Doodle was a simple out-of-offi_345e61")): Object 'Object Repository/Page_The Story and Evolution of Doodles - G_6e786d/p_The first Doodle was a simple out-of-offi_345e61' is visible

17-06-2024T18:51:26 - [MESSAGE][PASSED] - Object 'Object Repository/Page_The Story and Evolution of Doodles - G_6e786d/p_The first Doodle was a simple out-of-offi_345e61' is visible

17-06-2024T18:51:26 - [TEST_STEP][PASSED] - verifyElementVisible(findTestObject("Object Repository/Page_The Story and Evolution of Doodles - G_6e786d/h2_Weve created more than 5,000 Doodles ove_111429")): Object 'Object Repository/Page_The Story and Evolution of Doodles - G_6e786d/h2_Weve created more than 5,000 Doodles ove_111429' is visible

17-06-2024T18:51:26 - [MESSAGE][PASSED] - Object 'Object Repository/Page_The Story and Evolution of Doodles - G_6e786d/h2_Weve created more than 5,000 Doodles ove_111429' is visible

17-06-2024T18:51:26 - [TEST_STEP][PASSED] - click(findTestObject("Object Repository/Page_The Story and Evolution of Doodles - G_6e786d/p_The first Doodle was a simple out-of-offi_345e61")): Object: 'Object Repository/Page_The Story and Evolution of Doodles - G_6e786d/p_The first Doodle was a simple out-of-offi_345e61' is clicked on

17-06-2024T18:51:27 - [MESSAGE][PASSED] - Object: 'Object Repository/Page_The Story and Evolution of Doodles - G_6e786d/p_The first Doodle was a simple out-of-offi_345e61' is clicked on

17-06-2024T18:51:27 - [TEST_STEP][PASSED] - verifyElementVisible(findTestObject("Object Repository/Page_The Story and Evolution of Doodles - G_6e786d/h1_The story behind Doodles")): Object 'Object Repository/Page_The Story and Evolution of Doodles - G_6e786d/h1_The story behind Doodles' is visible

17-06-2024T18:51:27 - [MESSAGE][PASSED] - Object 'Object Repository/Page_The Story and Evolution of Doodles - G_6e786d/h1_The story behind Doodles' is visible

17-06-2024T18:51:27 - [TEST_STEP][PASSED] - verifyElementVisible(findTestObject("Object Repository/Page_The Story and Evolution of Doodles - G_6e786d/p_The first Doodle was a simple out-of-offi_345e61")): Object 'Object Repository/Page_The Story and Evolution of Doodles - G_6e786d/p_The first Doodle was a simple out-of-offi_345e61' is visible

17-06-2024T18:51:27 - [MESSAGE][PASSED] - Object 'Object Repository/Page_The Story and Evolution of Doodles - G_6e786d/p_The first Doodle was a simple out-of-offi_345e61' is visible

17-06-2024T18:51:27 - [TEST_STEP][PASSED] - verifyElementVisible(findTestObject("Object Repository/Page_The Story and Evolution of Doodles - G_6e786d/h2_Weve created more than 5,000 Doodles ove_111429")): Object 'Object Repository/Page_The Story and Evolution of Doodles - G_6e786d/h2_Weve created more than 5,000 Doodles ove_111429' is visible

17-06-2024T18:51:28 - [MESSAGE][PASSED] - Object 'Object Repository/Page_The Story and Evolution of Doodles - G_6e786d/h2_Weve created more than 5,000 Doodles ove_111429' is visible

17-06-2024T18:51:28 - [TEST_STEP][PASSED] - click(findTestObject("Object Repository/Page_The Story and Evolution of Doodles - G_6e786d/p_The first Doodle was a simple out-of-offi_345e61")): Object: 'Object Repository/Page_The Story and Evolution of Doodles - G_6e786d/p_The first Doodle was a simple out-of-offi_345e61' is clicked on

17-06-2024T18:51:28 - [MESSAGE][PASSED] - Object: 'Object Repository/Page_The Story and Evolution of Doodles - G_6e786d/p_The first Doodle was a simple out-of-offi_345e61' is clicked on

17-06-2024T18:51:28 - [TEST_STEP][PASSED] - verifyElementVisible(findTestObject("Object Repository/Page_The Story and Evolution of Doodles - G_6e786d/h1_The story behind Doodles")): Object 'Object Repository/Page_The Story and Evolution of Doodles - G_6e786d/h1_The story behind Doodles' is visible

17-06-2024T18:51:28 - [MESSAGE][PASSED] - Object 'Object Repository/Page_The Story and Evolution of Doodles - G_6e786d/h1_The story behind Doodles' is visible

17-06-2024T18:51:28 - [TEST_STEP][PASSED] - verifyElementVisible(findTestObject("Object Repository/Page_The Story and Evolution of Doodles - G_6e786d/p_The first Doodle was a simple out-of-offi_345e61")): Object 'Object Repository/Page_The Story and Evolution of Doodles - G_6e786d/p_The first Doodle was a simple out-of-offi_345e61' is visible

17-06-2024T18:51:29 - [MESSAGE][PASSED] - Object 'Object Repository/Page_The Story and Evolution of Doodles - G_6e786d/p_The first Doodle was a simple out-of-offi_345e61' is visible

17-06-2024T18:51:29 - [TEST_STEP][PASSED] - verifyElementVisible(findTestObject("Object Repository/Page_The Story and Evolution of Doodles - G_6e786d/h2_Weve created more than 5,000 Doodles ove_111429")): Object 'Object Repository/Page_The Story and Evolution of Doodles - G_6e786d/h2_Weve created more than 5,000 Doodles ove_111429' is visible

17-06-2024T18:51:29 - [MESSAGE][PASSED] - Object 'Object Repository/Page_The Story and Evolution of Doodles - G_6e786d/h2_Weve created more than 5,000 Doodles ove_111429' is visible]]></system-out>
         <system-err><![CDATA[]]></system-err>
      </testcase>
      <testcase name="Test Cases/test case folder 1/tc1 - Copy (6) - Copy (4)" time="19.198" classname="Test Cases/test case folder 1/tc1 - Copy (6) - Copy (4)" status="PASSED">
         <system-out><![CDATA[17-06-2024T18:51:29 - [TEST_CASE][PASSED] - Test Cases/test case folder 1/tc1 - Copy (6) - Copy (4): Test Cases/test case folder 1/tc1 - Copy (6) - Copy (4)

17-06-2024T18:51:29 - [TEST_STEP][PASSED] - openBrowser(""): Browser is opened with url: ''

17-06-2024T18:51:29 - [MESSAGE][WARNING] - A browser is already opened. Closing browser and opening a new one

17-06-2024T18:51:29 - [MESSAGE][INFO] - Starting 'Chrome (headless)' driver

17-06-2024T18:51:29 - [MESSAGE][INFO] - Action delay is set to 0 milliseconds

17-06-2024T18:51:30 - [MESSAGE][PASSED] - Browser is opened with url: ''

17-06-2024T18:51:30 - [TEST_STEP][PASSED] - navigateToUrl("https://doodles.google/about/"): Navigate to 'https://doodles.google/about/' successfully

17-06-2024T18:51:34 - [MESSAGE][PASSED] - Navigate to 'https://doodles.google/about/' successfully

17-06-2024T18:51:34 - [TEST_STEP][PASSED] - click(findTestObject("Object Repository/Page_The Story and Evolution of Doodles - G_6e786d/p_The first Doodle was a simple out-of-offi_345e61")): Object: 'Object Repository/Page_The Story and Evolution of Doodles - G_6e786d/p_The first Doodle was a simple out-of-offi_345e61' is clicked on

17-06-2024T18:51:34 - [MESSAGE][PASSED] - Object: 'Object Repository/Page_The Story and Evolution of Doodles - G_6e786d/p_The first Doodle was a simple out-of-offi_345e61' is clicked on

17-06-2024T18:51:34 - [TEST_STEP][PASSED] - click(findTestObject("Object Repository/Page_The Story and Evolution of Doodles - G_6e786d/p_The first Doodle was a simple out-of-offi_345e61")): Object: 'Object Repository/Page_The Story and Evolution of Doodles - G_6e786d/p_The first Doodle was a simple out-of-offi_345e61' is clicked on

17-06-2024T18:51:34 - [MESSAGE][PASSED] - Object: 'Object Repository/Page_The Story and Evolution of Doodles - G_6e786d/p_The first Doodle was a simple out-of-offi_345e61' is clicked on

17-06-2024T18:51:34 - [TEST_STEP][PASSED] - verifyElementVisible(findTestObject("Object Repository/Page_The Story and Evolution of Doodles - G_6e786d/h1_The story behind Doodles")): Object 'Object Repository/Page_The Story and Evolution of Doodles - G_6e786d/h1_The story behind Doodles' is visible

17-06-2024T18:51:35 - [MESSAGE][PASSED] - Object 'Object Repository/Page_The Story and Evolution of Doodles - G_6e786d/h1_The story behind Doodles' is visible

17-06-2024T18:51:35 - [TEST_STEP][PASSED] - verifyElementVisible(findTestObject("Object Repository/Page_The Story and Evolution of Doodles - G_6e786d/p_The first Doodle was a simple out-of-offi_345e61")): Object 'Object Repository/Page_The Story and Evolution of Doodles - G_6e786d/p_The first Doodle was a simple out-of-offi_345e61' is visible

17-06-2024T18:51:35 - [MESSAGE][PASSED] - Object 'Object Repository/Page_The Story and Evolution of Doodles - G_6e786d/p_The first Doodle was a simple out-of-offi_345e61' is visible

17-06-2024T18:51:35 - [TEST_STEP][PASSED] - verifyElementVisible(findTestObject("Object Repository/Page_The Story and Evolution of Doodles - G_6e786d/h2_Weve created more than 5,000 Doodles ove_111429")): Object 'Object Repository/Page_The Story and Evolution of Doodles - G_6e786d/h2_Weve created more than 5,000 Doodles ove_111429' is visible

17-06-2024T18:51:35 - [MESSAGE][PASSED] - Object 'Object Repository/Page_The Story and Evolution of Doodles - G_6e786d/h2_Weve created more than 5,000 Doodles ove_111429' is visible

17-06-2024T18:51:35 - [TEST_STEP][PASSED] - verifyElementVisible(findTestObject("Object Repository/Page_The Story and Evolution of Doodles - G_6e786d/h1_The story behind Doodles")): Object 'Object Repository/Page_The Story and Evolution of Doodles - G_6e786d/h1_The story behind Doodles' is visible

17-06-2024T18:51:36 - [MESSAGE][PASSED] - Object 'Object Repository/Page_The Story and Evolution of Doodles - G_6e786d/h1_The story behind Doodles' is visible

17-06-2024T18:51:36 - [TEST_STEP][PASSED] - verifyElementVisible(findTestObject("Object Repository/Page_The Story and Evolution of Doodles - G_6e786d/p_The first Doodle was a simple out-of-offi_345e61")): Object 'Object Repository/Page_The Story and Evolution of Doodles - G_6e786d/p_The first Doodle was a simple out-of-offi_345e61' is visible

17-06-2024T18:51:36 - [MESSAGE][PASSED] - Object 'Object Repository/Page_The Story and Evolution of Doodles - G_6e786d/p_The first Doodle was a simple out-of-offi_345e61' is visible

17-06-2024T18:51:36 - [TEST_STEP][PASSED] - verifyElementVisible(findTestObject("Object Repository/Page_The Story and Evolution of Doodles - G_6e786d/h2_Weve created more than 5,000 Doodles ove_111429")): Object 'Object Repository/Page_The Story and Evolution of Doodles - G_6e786d/h2_Weve created more than 5,000 Doodles ove_111429' is visible

17-06-2024T18:51:36 - [MESSAGE][PASSED] - Object 'Object Repository/Page_The Story and Evolution of Doodles - G_6e786d/h2_Weve created more than 5,000 Doodles ove_111429' is visible

17-06-2024T18:51:36 - [TEST_STEP][PASSED] - click(findTestObject("Object Repository/Page_The Story and Evolution of Doodles - G_6e786d/p_The first Doodle was a simple out-of-offi_345e61")): Object: 'Object Repository/Page_The Story and Evolution of Doodles - G_6e786d/p_The first Doodle was a simple out-of-offi_345e61' is clicked on

17-06-2024T18:51:37 - [MESSAGE][PASSED] - Object: 'Object Repository/Page_The Story and Evolution of Doodles - G_6e786d/p_The first Doodle was a simple out-of-offi_345e61' is clicked on

17-06-2024T18:51:37 - [TEST_STEP][PASSED] - verifyElementVisible(findTestObject("Object Repository/Page_The Story and Evolution of Doodles - G_6e786d/h1_The story behind Doodles")): Object 'Object Repository/Page_The Story and Evolution of Doodles - G_6e786d/h1_The story behind Doodles' is visible

17-06-2024T18:51:37 - [MESSAGE][PASSED] - Object 'Object Repository/Page_The Story and Evolution of Doodles - G_6e786d/h1_The story behind Doodles' is visible

17-06-2024T18:51:37 - [TEST_STEP][PASSED] - verifyElementVisible(findTestObject("Object Repository/Page_The Story and Evolution of Doodles - G_6e786d/p_The first Doodle was a simple out-of-offi_345e61")): Object 'Object Repository/Page_The Story and Evolution of Doodles - G_6e786d/p_The first Doodle was a simple out-of-offi_345e61' is visible

17-06-2024T18:51:37 - [MESSAGE][PASSED] - Object 'Object Repository/Page_The Story and Evolution of Doodles - G_6e786d/p_The first Doodle was a simple out-of-offi_345e61' is visible

17-06-2024T18:51:37 - [TEST_STEP][PASSED] - verifyElementVisible(findTestObject("Object Repository/Page_The Story and Evolution of Doodles - G_6e786d/h2_Weve created more than 5,000 Doodles ove_111429")): Object 'Object Repository/Page_The Story and Evolution of Doodles - G_6e786d/h2_Weve created more than 5,000 Doodles ove_111429' is visible

17-06-2024T18:51:38 - [MESSAGE][PASSED] - Object 'Object Repository/Page_The Story and Evolution of Doodles - G_6e786d/h2_Weve created more than 5,000 Doodles ove_111429' is visible

17-06-2024T18:51:38 - [TEST_STEP][PASSED] - click(findTestObject("Object Repository/Page_The Story and Evolution of Doodles - G_6e786d/p_The first Doodle was a simple out-of-offi_345e61")): Object: 'Object Repository/Page_The Story and Evolution of Doodles - G_6e786d/p_The first Doodle was a simple out-of-offi_345e61' is clicked on

17-06-2024T18:51:38 - [MESSAGE][PASSED] - Object: 'Object Repository/Page_The Story and Evolution of Doodles - G_6e786d/p_The first Doodle was a simple out-of-offi_345e61' is clicked on

17-06-2024T18:51:38 - [TEST_STEP][PASSED] - verifyElementVisible(findTestObject("Object Repository/Page_The Story and Evolution of Doodles - G_6e786d/h1_The story behind Doodles")): Object 'Object Repository/Page_The Story and Evolution of Doodles - G_6e786d/h1_The story behind Doodles' is visible

17-06-2024T18:51:38 - [MESSAGE][PASSED] - Object 'Object Repository/Page_The Story and Evolution of Doodles - G_6e786d/h1_The story behind Doodles' is visible

17-06-2024T18:51:38 - [TEST_STEP][PASSED] - verifyElementVisible(findTestObject("Object Repository/Page_The Story and Evolution of Doodles - G_6e786d/p_The first Doodle was a simple out-of-offi_345e61")): Object 'Object Repository/Page_The Story and Evolution of Doodles - G_6e786d/p_The first Doodle was a simple out-of-offi_345e61' is visible

17-06-2024T18:51:39 - [MESSAGE][PASSED] - Object 'Object Repository/Page_The Story and Evolution of Doodles - G_6e786d/p_The first Doodle was a simple out-of-offi_345e61' is visible

17-06-2024T18:51:39 - [TEST_STEP][PASSED] - verifyElementVisible(findTestObject("Object Repository/Page_The Story and Evolution of Doodles - G_6e786d/h2_Weve created more than 5,000 Doodles ove_111429")): Object 'Object Repository/Page_The Story and Evolution of Doodles - G_6e786d/h2_Weve created more than 5,000 Doodles ove_111429' is visible

17-06-2024T18:51:39 - [MESSAGE][PASSED] - Object 'Object Repository/Page_The Story and Evolution of Doodles - G_6e786d/h2_Weve created more than 5,000 Doodles ove_111429' is visible

17-06-2024T18:51:39 - [TEST_STEP][PASSED] - click(findTestObject("Object Repository/Page_The Story and Evolution of Doodles - G_6e786d/p_The first Doodle was a simple out-of-offi_345e61")): Object: 'Object Repository/Page_The Story and Evolution of Doodles - G_6e786d/p_The first Doodle was a simple out-of-offi_345e61' is clicked on

17-06-2024T18:51:39 - [MESSAGE][PASSED] - Object: 'Object Repository/Page_The Story and Evolution of Doodles - G_6e786d/p_The first Doodle was a simple out-of-offi_345e61' is clicked on

17-06-2024T18:51:39 - [TEST_STEP][PASSED] - verifyElementVisible(findTestObject("Object Repository/Page_The Story and Evolution of Doodles - G_6e786d/h1_The story behind Doodles")): Object 'Object Repository/Page_The Story and Evolution of Doodles - G_6e786d/h1_The story behind Doodles' is visible

17-06-2024T18:51:40 - [MESSAGE][PASSED] - Object 'Object Repository/Page_The Story and Evolution of Doodles - G_6e786d/h1_The story behind Doodles' is visible

17-06-2024T18:51:40 - [TEST_STEP][PASSED] - verifyElementVisible(findTestObject("Object Repository/Page_The Story and Evolution of Doodles - G_6e786d/p_The first Doodle was a simple out-of-offi_345e61")): Object 'Object Repository/Page_The Story and Evolution of Doodles - G_6e786d/p_The first Doodle was a simple out-of-offi_345e61' is visible

17-06-2024T18:51:40 - [MESSAGE][PASSED] - Object 'Object Repository/Page_The Story and Evolution of Doodles - G_6e786d/p_The first Doodle was a simple out-of-offi_345e61' is visible

17-06-2024T18:51:40 - [TEST_STEP][PASSED] - verifyElementVisible(findTestObject("Object Repository/Page_The Story and Evolution of Doodles - G_6e786d/h2_Weve created more than 5,000 Doodles ove_111429")): Object 'Object Repository/Page_The Story and Evolution of Doodles - G_6e786d/h2_Weve created more than 5,000 Doodles ove_111429' is visible

17-06-2024T18:51:40 - [MESSAGE][PASSED] - Object 'Object Repository/Page_The Story and Evolution of Doodles - G_6e786d/h2_Weve created more than 5,000 Doodles ove_111429' is visible

17-06-2024T18:51:40 - [TEST_STEP][PASSED] - click(findTestObject("Object Repository/Page_The Story and Evolution of Doodles - G_6e786d/p_The first Doodle was a simple out-of-offi_345e61")): Object: 'Object Repository/Page_The Story and Evolution of Doodles - G_6e786d/p_The first Doodle was a simple out-of-offi_345e61' is clicked on

17-06-2024T18:51:41 - [MESSAGE][PASSED] - Object: 'Object Repository/Page_The Story and Evolution of Doodles - G_6e786d/p_The first Doodle was a simple out-of-offi_345e61' is clicked on

17-06-2024T18:51:41 - [TEST_STEP][PASSED] - verifyElementVisible(findTestObject("Object Repository/Page_The Story and Evolution of Doodles - G_6e786d/h1_The story behind Doodles")): Object 'Object Repository/Page_The Story and Evolution of Doodles - G_6e786d/h1_The story behind Doodles' is visible

17-06-2024T18:51:41 - [MESSAGE][PASSED] - Object 'Object Repository/Page_The Story and Evolution of Doodles - G_6e786d/h1_The story behind Doodles' is visible

17-06-2024T18:51:41 - [TEST_STEP][PASSED] - verifyElementVisible(findTestObject("Object Repository/Page_The Story and Evolution of Doodles - G_6e786d/p_The first Doodle was a simple out-of-offi_345e61")): Object 'Object Repository/Page_The Story and Evolution of Doodles - G_6e786d/p_The first Doodle was a simple out-of-offi_345e61' is visible

17-06-2024T18:51:41 - [MESSAGE][PASSED] - Object 'Object Repository/Page_The Story and Evolution of Doodles - G_6e786d/p_The first Doodle was a simple out-of-offi_345e61' is visible

17-06-2024T18:51:41 - [TEST_STEP][PASSED] - verifyElementVisible(findTestObject("Object Repository/Page_The Story and Evolution of Doodles - G_6e786d/h2_Weve created more than 5,000 Doodles ove_111429")): Object 'Object Repository/Page_The Story and Evolution of Doodles - G_6e786d/h2_Weve created more than 5,000 Doodles ove_111429' is visible

17-06-2024T18:51:42 - [MESSAGE][PASSED] - Object 'Object Repository/Page_The Story and Evolution of Doodles - G_6e786d/h2_Weve created more than 5,000 Doodles ove_111429' is visible

17-06-2024T18:51:42 - [TEST_STEP][PASSED] - click(findTestObject("Object Repository/Page_The Story and Evolution of Doodles - G_6e786d/p_The first Doodle was a simple out-of-offi_345e61")): Object: 'Object Repository/Page_The Story and Evolution of Doodles - G_6e786d/p_The first Doodle was a simple out-of-offi_345e61' is clicked on

17-06-2024T18:51:42 - [MESSAGE][PASSED] - Object: 'Object Repository/Page_The Story and Evolution of Doodles - G_6e786d/p_The first Doodle was a simple out-of-offi_345e61' is clicked on

17-06-2024T18:51:42 - [TEST_STEP][PASSED] - verifyElementVisible(findTestObject("Object Repository/Page_The Story and Evolution of Doodles - G_6e786d/h1_The story behind Doodles")): Object 'Object Repository/Page_The Story and Evolution of Doodles - G_6e786d/h1_The story behind Doodles' is visible

17-06-2024T18:51:42 - [MESSAGE][PASSED] - Object 'Object Repository/Page_The Story and Evolution of Doodles - G_6e786d/h1_The story behind Doodles' is visible

17-06-2024T18:51:42 - [TEST_STEP][PASSED] - verifyElementVisible(findTestObject("Object Repository/Page_The Story and Evolution of Doodles - G_6e786d/p_The first Doodle was a simple out-of-offi_345e61")): Object 'Object Repository/Page_The Story and Evolution of Doodles - G_6e786d/p_The first Doodle was a simple out-of-offi_345e61' is visible

17-06-2024T18:51:43 - [MESSAGE][PASSED] - Object 'Object Repository/Page_The Story and Evolution of Doodles - G_6e786d/p_The first Doodle was a simple out-of-offi_345e61' is visible

17-06-2024T18:51:43 - [TEST_STEP][PASSED] - verifyElementVisible(findTestObject("Object Repository/Page_The Story and Evolution of Doodles - G_6e786d/h2_Weve created more than 5,000 Doodles ove_111429")): Object 'Object Repository/Page_The Story and Evolution of Doodles - G_6e786d/h2_Weve created more than 5,000 Doodles ove_111429' is visible

17-06-2024T18:51:43 - [MESSAGE][PASSED] - Object 'Object Repository/Page_The Story and Evolution of Doodles - G_6e786d/h2_Weve created more than 5,000 Doodles ove_111429' is visible

17-06-2024T18:51:43 - [TEST_STEP][PASSED] - click(findTestObject("Object Repository/Page_The Story and Evolution of Doodles - G_6e786d/p_The first Doodle was a simple out-of-offi_345e61")): Object: 'Object Repository/Page_The Story and Evolution of Doodles - G_6e786d/p_The first Doodle was a simple out-of-offi_345e61' is clicked on

17-06-2024T18:51:43 - [MESSAGE][PASSED] - Object: 'Object Repository/Page_The Story and Evolution of Doodles - G_6e786d/p_The first Doodle was a simple out-of-offi_345e61' is clicked on

17-06-2024T18:51:43 - [TEST_STEP][PASSED] - verifyElementVisible(findTestObject("Object Repository/Page_The Story and Evolution of Doodles - G_6e786d/h1_The story behind Doodles")): Object 'Object Repository/Page_The Story and Evolution of Doodles - G_6e786d/h1_The story behind Doodles' is visible

17-06-2024T18:51:44 - [MESSAGE][PASSED] - Object 'Object Repository/Page_The Story and Evolution of Doodles - G_6e786d/h1_The story behind Doodles' is visible

17-06-2024T18:51:44 - [TEST_STEP][PASSED] - verifyElementVisible(findTestObject("Object Repository/Page_The Story and Evolution of Doodles - G_6e786d/p_The first Doodle was a simple out-of-offi_345e61")): Object 'Object Repository/Page_The Story and Evolution of Doodles - G_6e786d/p_The first Doodle was a simple out-of-offi_345e61' is visible

17-06-2024T18:51:44 - [MESSAGE][PASSED] - Object 'Object Repository/Page_The Story and Evolution of Doodles - G_6e786d/p_The first Doodle was a simple out-of-offi_345e61' is visible

17-06-2024T18:51:44 - [TEST_STEP][PASSED] - verifyElementVisible(findTestObject("Object Repository/Page_The Story and Evolution of Doodles - G_6e786d/h2_Weve created more than 5,000 Doodles ove_111429")): Object 'Object Repository/Page_The Story and Evolution of Doodles - G_6e786d/h2_Weve created more than 5,000 Doodles ove_111429' is visible

17-06-2024T18:51:44 - [MESSAGE][PASSED] - Object 'Object Repository/Page_The Story and Evolution of Doodles - G_6e786d/h2_Weve created more than 5,000 Doodles ove_111429' is visible

17-06-2024T18:51:44 - [TEST_STEP][PASSED] - click(findTestObject("Object Repository/Page_The Story and Evolution of Doodles - G_6e786d/p_The first Doodle was a simple out-of-offi_345e61")): Object: 'Object Repository/Page_The Story and Evolution of Doodles - G_6e786d/p_The first Doodle was a simple out-of-offi_345e61' is clicked on

17-06-2024T18:51:45 - [MESSAGE][PASSED] - Object: 'Object Repository/Page_The Story and Evolution of Doodles - G_6e786d/p_The first Doodle was a simple out-of-offi_345e61' is clicked on

17-06-2024T18:51:45 - [TEST_STEP][PASSED] - verifyElementVisible(findTestObject("Object Repository/Page_The Story and Evolution of Doodles - G_6e786d/h1_The story behind Doodles")): Object 'Object Repository/Page_The Story and Evolution of Doodles - G_6e786d/h1_The story behind Doodles' is visible

17-06-2024T18:51:45 - [MESSAGE][PASSED] - Object 'Object Repository/Page_The Story and Evolution of Doodles - G_6e786d/h1_The story behind Doodles' is visible

17-06-2024T18:51:45 - [TEST_STEP][PASSED] - verifyElementVisible(findTestObject("Object Repository/Page_The Story and Evolution of Doodles - G_6e786d/p_The first Doodle was a simple out-of-offi_345e61")): Object 'Object Repository/Page_The Story and Evolution of Doodles - G_6e786d/p_The first Doodle was a simple out-of-offi_345e61' is visible

17-06-2024T18:51:45 - [MESSAGE][PASSED] - Object 'Object Repository/Page_The Story and Evolution of Doodles - G_6e786d/p_The first Doodle was a simple out-of-offi_345e61' is visible

17-06-2024T18:51:45 - [TEST_STEP][PASSED] - verifyElementVisible(findTestObject("Object Repository/Page_The Story and Evolution of Doodles - G_6e786d/h2_Weve created more than 5,000 Doodles ove_111429")): Object 'Object Repository/Page_The Story and Evolution of Doodles - G_6e786d/h2_Weve created more than 5,000 Doodles ove_111429' is visible

17-06-2024T18:51:46 - [MESSAGE][PASSED] - Object 'Object Repository/Page_The Story and Evolution of Doodles - G_6e786d/h2_Weve created more than 5,000 Doodles ove_111429' is visible

17-06-2024T18:51:46 - [TEST_STEP][PASSED] - click(findTestObject("Object Repository/Page_The Story and Evolution of Doodles - G_6e786d/p_The first Doodle was a simple out-of-offi_345e61")): Object: 'Object Repository/Page_The Story and Evolution of Doodles - G_6e786d/p_The first Doodle was a simple out-of-offi_345e61' is clicked on

17-06-2024T18:51:46 - [MESSAGE][PASSED] - Object: 'Object Repository/Page_The Story and Evolution of Doodles - G_6e786d/p_The first Doodle was a simple out-of-offi_345e61' is clicked on

17-06-2024T18:51:46 - [TEST_STEP][PASSED] - verifyElementVisible(findTestObject("Object Repository/Page_The Story and Evolution of Doodles - G_6e786d/h1_The story behind Doodles")): Object 'Object Repository/Page_The Story and Evolution of Doodles - G_6e786d/h1_The story behind Doodles' is visible

17-06-2024T18:51:46 - [MESSAGE][PASSED] - Object 'Object Repository/Page_The Story and Evolution of Doodles - G_6e786d/h1_The story behind Doodles' is visible

17-06-2024T18:51:46 - [TEST_STEP][PASSED] - verifyElementVisible(findTestObject("Object Repository/Page_The Story and Evolution of Doodles - G_6e786d/p_The first Doodle was a simple out-of-offi_345e61")): Object 'Object Repository/Page_The Story and Evolution of Doodles - G_6e786d/p_The first Doodle was a simple out-of-offi_345e61' is visible

17-06-2024T18:51:47 - [MESSAGE][PASSED] - Object 'Object Repository/Page_The Story and Evolution of Doodles - G_6e786d/p_The first Doodle was a simple out-of-offi_345e61' is visible

17-06-2024T18:51:47 - [TEST_STEP][PASSED] - verifyElementVisible(findTestObject("Object Repository/Page_The Story and Evolution of Doodles - G_6e786d/h2_Weve created more than 5,000 Doodles ove_111429")): Object 'Object Repository/Page_The Story and Evolution of Doodles - G_6e786d/h2_Weve created more than 5,000 Doodles ove_111429' is visible

17-06-2024T18:51:47 - [MESSAGE][PASSED] - Object 'Object Repository/Page_The Story and Evolution of Doodles - G_6e786d/h2_Weve created more than 5,000 Doodles ove_111429' is visible

17-06-2024T18:51:47 - [TEST_STEP][PASSED] - click(findTestObject("Object Repository/Page_The Story and Evolution of Doodles - G_6e786d/p_The first Doodle was a simple out-of-offi_345e61")): Object: 'Object Repository/Page_The Story and Evolution of Doodles - G_6e786d/p_The first Doodle was a simple out-of-offi_345e61' is clicked on

17-06-2024T18:51:47 - [MESSAGE][PASSED] - Object: 'Object Repository/Page_The Story and Evolution of Doodles - G_6e786d/p_The first Doodle was a simple out-of-offi_345e61' is clicked on

17-06-2024T18:51:47 - [TEST_STEP][PASSED] - verifyElementVisible(findTestObject("Object Repository/Page_The Story and Evolution of Doodles - G_6e786d/h1_The story behind Doodles")): Object 'Object Repository/Page_The Story and Evolution of Doodles - G_6e786d/h1_The story behind Doodles' is visible

17-06-2024T18:51:48 - [MESSAGE][PASSED] - Object 'Object Repository/Page_The Story and Evolution of Doodles - G_6e786d/h1_The story behind Doodles' is visible

17-06-2024T18:51:48 - [TEST_STEP][PASSED] - verifyElementVisible(findTestObject("Object Repository/Page_The Story and Evolution of Doodles - G_6e786d/p_The first Doodle was a simple out-of-offi_345e61")): Object 'Object Repository/Page_The Story and Evolution of Doodles - G_6e786d/p_The first Doodle was a simple out-of-offi_345e61' is visible

17-06-2024T18:51:48 - [MESSAGE][PASSED] - Object 'Object Repository/Page_The Story and Evolution of Doodles - G_6e786d/p_The first Doodle was a simple out-of-offi_345e61' is visible

17-06-2024T18:51:48 - [TEST_STEP][PASSED] - verifyElementVisible(findTestObject("Object Repository/Page_The Story and Evolution of Doodles - G_6e786d/h2_Weve created more than 5,000 Doodles ove_111429")): Object 'Object Repository/Page_The Story and Evolution of Doodles - G_6e786d/h2_Weve created more than 5,000 Doodles ove_111429' is visible

17-06-2024T18:51:48 - [MESSAGE][PASSED] - Object 'Object Repository/Page_The Story and Evolution of Doodles - G_6e786d/h2_Weve created more than 5,000 Doodles ove_111429' is visible]]></system-out>
         <system-err><![CDATA[]]></system-err>
      </testcase>
      <testcase name="Test Cases/test case folder 1/tc1 - Copy (6) - Copy (5)" time="19.265" classname="Test Cases/test case folder 1/tc1 - Copy (6) - Copy (5)" status="PASSED">
         <system-out><![CDATA[17-06-2024T18:51:48 - [TEST_CASE][PASSED] - Test Cases/test case folder 1/tc1 - Copy (6) - Copy (5): Test Cases/test case folder 1/tc1 - Copy (6) - Copy (5)

17-06-2024T18:51:48 - [TEST_STEP][PASSED] - openBrowser(""): Browser is opened with url: ''

17-06-2024T18:51:48 - [MESSAGE][WARNING] - A browser is already opened. Closing browser and opening a new one

17-06-2024T18:51:49 - [MESSAGE][INFO] - Starting 'Chrome (headless)' driver

17-06-2024T18:51:49 - [MESSAGE][INFO] - Action delay is set to 0 milliseconds

17-06-2024T18:51:50 - [MESSAGE][PASSED] - Browser is opened with url: ''

17-06-2024T18:51:50 - [TEST_STEP][PASSED] - navigateToUrl("https://doodles.google/about/"): Navigate to 'https://doodles.google/about/' successfully

17-06-2024T18:51:53 - [MESSAGE][PASSED] - Navigate to 'https://doodles.google/about/' successfully

17-06-2024T18:51:53 - [TEST_STEP][PASSED] - click(findTestObject("Object Repository/Page_The Story and Evolution of Doodles - G_6e786d/p_The first Doodle was a simple out-of-offi_345e61")): Object: 'Object Repository/Page_The Story and Evolution of Doodles - G_6e786d/p_The first Doodle was a simple out-of-offi_345e61' is clicked on

17-06-2024T18:51:53 - [MESSAGE][PASSED] - Object: 'Object Repository/Page_The Story and Evolution of Doodles - G_6e786d/p_The first Doodle was a simple out-of-offi_345e61' is clicked on

17-06-2024T18:51:53 - [TEST_STEP][PASSED] - click(findTestObject("Object Repository/Page_The Story and Evolution of Doodles - G_6e786d/p_The first Doodle was a simple out-of-offi_345e61")): Object: 'Object Repository/Page_The Story and Evolution of Doodles - G_6e786d/p_The first Doodle was a simple out-of-offi_345e61' is clicked on

17-06-2024T18:51:53 - [MESSAGE][PASSED] - Object: 'Object Repository/Page_The Story and Evolution of Doodles - G_6e786d/p_The first Doodle was a simple out-of-offi_345e61' is clicked on

17-06-2024T18:51:53 - [TEST_STEP][PASSED] - verifyElementVisible(findTestObject("Object Repository/Page_The Story and Evolution of Doodles - G_6e786d/h1_The story behind Doodles")): Object 'Object Repository/Page_The Story and Evolution of Doodles - G_6e786d/h1_The story behind Doodles' is visible

17-06-2024T18:51:54 - [MESSAGE][PASSED] - Object 'Object Repository/Page_The Story and Evolution of Doodles - G_6e786d/h1_The story behind Doodles' is visible

17-06-2024T18:51:54 - [TEST_STEP][PASSED] - verifyElementVisible(findTestObject("Object Repository/Page_The Story and Evolution of Doodles - G_6e786d/p_The first Doodle was a simple out-of-offi_345e61")): Object 'Object Repository/Page_The Story and Evolution of Doodles - G_6e786d/p_The first Doodle was a simple out-of-offi_345e61' is visible

17-06-2024T18:51:54 - [MESSAGE][PASSED] - Object 'Object Repository/Page_The Story and Evolution of Doodles - G_6e786d/p_The first Doodle was a simple out-of-offi_345e61' is visible

17-06-2024T18:51:54 - [TEST_STEP][PASSED] - verifyElementVisible(findTestObject("Object Repository/Page_The Story and Evolution of Doodles - G_6e786d/h2_Weve created more than 5,000 Doodles ove_111429")): Object 'Object Repository/Page_The Story and Evolution of Doodles - G_6e786d/h2_Weve created more than 5,000 Doodles ove_111429' is visible

17-06-2024T18:51:54 - [MESSAGE][PASSED] - Object 'Object Repository/Page_The Story and Evolution of Doodles - G_6e786d/h2_Weve created more than 5,000 Doodles ove_111429' is visible

17-06-2024T18:51:54 - [TEST_STEP][PASSED] - verifyElementVisible(findTestObject("Object Repository/Page_The Story and Evolution of Doodles - G_6e786d/h1_The story behind Doodles")): Object 'Object Repository/Page_The Story and Evolution of Doodles - G_6e786d/h1_The story behind Doodles' is visible

17-06-2024T18:51:55 - [MESSAGE][PASSED] - Object 'Object Repository/Page_The Story and Evolution of Doodles - G_6e786d/h1_The story behind Doodles' is visible

17-06-2024T18:51:55 - [TEST_STEP][PASSED] - verifyElementVisible(findTestObject("Object Repository/Page_The Story and Evolution of Doodles - G_6e786d/p_The first Doodle was a simple out-of-offi_345e61")): Object 'Object Repository/Page_The Story and Evolution of Doodles - G_6e786d/p_The first Doodle was a simple out-of-offi_345e61' is visible

17-06-2024T18:51:55 - [MESSAGE][PASSED] - Object 'Object Repository/Page_The Story and Evolution of Doodles - G_6e786d/p_The first Doodle was a simple out-of-offi_345e61' is visible

17-06-2024T18:51:55 - [TEST_STEP][PASSED] - verifyElementVisible(findTestObject("Object Repository/Page_The Story and Evolution of Doodles - G_6e786d/h2_Weve created more than 5,000 Doodles ove_111429")): Object 'Object Repository/Page_The Story and Evolution of Doodles - G_6e786d/h2_Weve created more than 5,000 Doodles ove_111429' is visible

17-06-2024T18:51:55 - [MESSAGE][PASSED] - Object 'Object Repository/Page_The Story and Evolution of Doodles - G_6e786d/h2_Weve created more than 5,000 Doodles ove_111429' is visible

17-06-2024T18:51:55 - [TEST_STEP][PASSED] - click(findTestObject("Object Repository/Page_The Story and Evolution of Doodles - G_6e786d/p_The first Doodle was a simple out-of-offi_345e61")): Object: 'Object Repository/Page_The Story and Evolution of Doodles - G_6e786d/p_The first Doodle was a simple out-of-offi_345e61' is clicked on

17-06-2024T18:51:56 - [MESSAGE][PASSED] - Object: 'Object Repository/Page_The Story and Evolution of Doodles - G_6e786d/p_The first Doodle was a simple out-of-offi_345e61' is clicked on

17-06-2024T18:51:56 - [TEST_STEP][PASSED] - verifyElementVisible(findTestObject("Object Repository/Page_The Story and Evolution of Doodles - G_6e786d/h1_The story behind Doodles")): Object 'Object Repository/Page_The Story and Evolution of Doodles - G_6e786d/h1_The story behind Doodles' is visible

17-06-2024T18:51:56 - [MESSAGE][PASSED] - Object 'Object Repository/Page_The Story and Evolution of Doodles - G_6e786d/h1_The story behind Doodles' is visible

17-06-2024T18:51:56 - [TEST_STEP][PASSED] - verifyElementVisible(findTestObject("Object Repository/Page_The Story and Evolution of Doodles - G_6e786d/p_The first Doodle was a simple out-of-offi_345e61")): Object 'Object Repository/Page_The Story and Evolution of Doodles - G_6e786d/p_The first Doodle was a simple out-of-offi_345e61' is visible

17-06-2024T18:51:56 - [MESSAGE][PASSED] - Object 'Object Repository/Page_The Story and Evolution of Doodles - G_6e786d/p_The first Doodle was a simple out-of-offi_345e61' is visible

17-06-2024T18:51:56 - [TEST_STEP][PASSED] - verifyElementVisible(findTestObject("Object Repository/Page_The Story and Evolution of Doodles - G_6e786d/h2_Weve created more than 5,000 Doodles ove_111429")): Object 'Object Repository/Page_The Story and Evolution of Doodles - G_6e786d/h2_Weve created more than 5,000 Doodles ove_111429' is visible

17-06-2024T18:51:57 - [MESSAGE][PASSED] - Object 'Object Repository/Page_The Story and Evolution of Doodles - G_6e786d/h2_Weve created more than 5,000 Doodles ove_111429' is visible

17-06-2024T18:51:57 - [TEST_STEP][PASSED] - click(findTestObject("Object Repository/Page_The Story and Evolution of Doodles - G_6e786d/p_The first Doodle was a simple out-of-offi_345e61")): Object: 'Object Repository/Page_The Story and Evolution of Doodles - G_6e786d/p_The first Doodle was a simple out-of-offi_345e61' is clicked on

17-06-2024T18:51:57 - [MESSAGE][PASSED] - Object: 'Object Repository/Page_The Story and Evolution of Doodles - G_6e786d/p_The first Doodle was a simple out-of-offi_345e61' is clicked on

17-06-2024T18:51:57 - [TEST_STEP][PASSED] - verifyElementVisible(findTestObject("Object Repository/Page_The Story and Evolution of Doodles - G_6e786d/h1_The story behind Doodles")): Object 'Object Repository/Page_The Story and Evolution of Doodles - G_6e786d/h1_The story behind Doodles' is visible

17-06-2024T18:51:57 - [MESSAGE][PASSED] - Object 'Object Repository/Page_The Story and Evolution of Doodles - G_6e786d/h1_The story behind Doodles' is visible

17-06-2024T18:51:57 - [TEST_STEP][PASSED] - verifyElementVisible(findTestObject("Object Repository/Page_The Story and Evolution of Doodles - G_6e786d/p_The first Doodle was a simple out-of-offi_345e61")): Object 'Object Repository/Page_The Story and Evolution of Doodles - G_6e786d/p_The first Doodle was a simple out-of-offi_345e61' is visible

17-06-2024T18:51:58 - [MESSAGE][PASSED] - Object 'Object Repository/Page_The Story and Evolution of Doodles - G_6e786d/p_The first Doodle was a simple out-of-offi_345e61' is visible

17-06-2024T18:51:58 - [TEST_STEP][PASSED] - verifyElementVisible(findTestObject("Object Repository/Page_The Story and Evolution of Doodles - G_6e786d/h2_Weve created more than 5,000 Doodles ove_111429")): Object 'Object Repository/Page_The Story and Evolution of Doodles - G_6e786d/h2_Weve created more than 5,000 Doodles ove_111429' is visible

17-06-2024T18:51:58 - [MESSAGE][PASSED] - Object 'Object Repository/Page_The Story and Evolution of Doodles - G_6e786d/h2_Weve created more than 5,000 Doodles ove_111429' is visible

17-06-2024T18:51:58 - [TEST_STEP][PASSED] - click(findTestObject("Object Repository/Page_The Story and Evolution of Doodles - G_6e786d/p_The first Doodle was a simple out-of-offi_345e61")): Object: 'Object Repository/Page_The Story and Evolution of Doodles - G_6e786d/p_The first Doodle was a simple out-of-offi_345e61' is clicked on

17-06-2024T18:51:58 - [MESSAGE][PASSED] - Object: 'Object Repository/Page_The Story and Evolution of Doodles - G_6e786d/p_The first Doodle was a simple out-of-offi_345e61' is clicked on

17-06-2024T18:51:58 - [TEST_STEP][PASSED] - verifyElementVisible(findTestObject("Object Repository/Page_The Story and Evolution of Doodles - G_6e786d/h1_The story behind Doodles")): Object 'Object Repository/Page_The Story and Evolution of Doodles - G_6e786d/h1_The story behind Doodles' is visible

17-06-2024T18:51:59 - [MESSAGE][PASSED] - Object 'Object Repository/Page_The Story and Evolution of Doodles - G_6e786d/h1_The story behind Doodles' is visible

17-06-2024T18:51:59 - [TEST_STEP][PASSED] - verifyElementVisible(findTestObject("Object Repository/Page_The Story and Evolution of Doodles - G_6e786d/p_The first Doodle was a simple out-of-offi_345e61")): Object 'Object Repository/Page_The Story and Evolution of Doodles - G_6e786d/p_The first Doodle was a simple out-of-offi_345e61' is visible

17-06-2024T18:51:59 - [MESSAGE][PASSED] - Object 'Object Repository/Page_The Story and Evolution of Doodles - G_6e786d/p_The first Doodle was a simple out-of-offi_345e61' is visible

17-06-2024T18:51:59 - [TEST_STEP][PASSED] - verifyElementVisible(findTestObject("Object Repository/Page_The Story and Evolution of Doodles - G_6e786d/h2_Weve created more than 5,000 Doodles ove_111429")): Object 'Object Repository/Page_The Story and Evolution of Doodles - G_6e786d/h2_Weve created more than 5,000 Doodles ove_111429' is visible

17-06-2024T18:51:59 - [MESSAGE][PASSED] - Object 'Object Repository/Page_The Story and Evolution of Doodles - G_6e786d/h2_Weve created more than 5,000 Doodles ove_111429' is visible

17-06-2024T18:51:59 - [TEST_STEP][PASSED] - click(findTestObject("Object Repository/Page_The Story and Evolution of Doodles - G_6e786d/p_The first Doodle was a simple out-of-offi_345e61")): Object: 'Object Repository/Page_The Story and Evolution of Doodles - G_6e786d/p_The first Doodle was a simple out-of-offi_345e61' is clicked on

17-06-2024T18:52:00 - [MESSAGE][PASSED] - Object: 'Object Repository/Page_The Story and Evolution of Doodles - G_6e786d/p_The first Doodle was a simple out-of-offi_345e61' is clicked on

17-06-2024T18:52:00 - [TEST_STEP][PASSED] - verifyElementVisible(findTestObject("Object Repository/Page_The Story and Evolution of Doodles - G_6e786d/h1_The story behind Doodles")): Object 'Object Repository/Page_The Story and Evolution of Doodles - G_6e786d/h1_The story behind Doodles' is visible

17-06-2024T18:52:00 - [MESSAGE][PASSED] - Object 'Object Repository/Page_The Story and Evolution of Doodles - G_6e786d/h1_The story behind Doodles' is visible

17-06-2024T18:52:00 - [TEST_STEP][PASSED] - verifyElementVisible(findTestObject("Object Repository/Page_The Story and Evolution of Doodles - G_6e786d/p_The first Doodle was a simple out-of-offi_345e61")): Object 'Object Repository/Page_The Story and Evolution of Doodles - G_6e786d/p_The first Doodle was a simple out-of-offi_345e61' is visible

17-06-2024T18:52:00 - [MESSAGE][PASSED] - Object 'Object Repository/Page_The Story and Evolution of Doodles - G_6e786d/p_The first Doodle was a simple out-of-offi_345e61' is visible

17-06-2024T18:52:00 - [TEST_STEP][PASSED] - verifyElementVisible(findTestObject("Object Repository/Page_The Story and Evolution of Doodles - G_6e786d/h2_Weve created more than 5,000 Doodles ove_111429")): Object 'Object Repository/Page_The Story and Evolution of Doodles - G_6e786d/h2_Weve created more than 5,000 Doodles ove_111429' is visible

17-06-2024T18:52:01 - [MESSAGE][PASSED] - Object 'Object Repository/Page_The Story and Evolution of Doodles - G_6e786d/h2_Weve created more than 5,000 Doodles ove_111429' is visible

17-06-2024T18:52:01 - [TEST_STEP][PASSED] - click(findTestObject("Object Repository/Page_The Story and Evolution of Doodles - G_6e786d/p_The first Doodle was a simple out-of-offi_345e61")): Object: 'Object Repository/Page_The Story and Evolution of Doodles - G_6e786d/p_The first Doodle was a simple out-of-offi_345e61' is clicked on

17-06-2024T18:52:01 - [MESSAGE][PASSED] - Object: 'Object Repository/Page_The Story and Evolution of Doodles - G_6e786d/p_The first Doodle was a simple out-of-offi_345e61' is clicked on

17-06-2024T18:52:01 - [TEST_STEP][PASSED] - verifyElementVisible(findTestObject("Object Repository/Page_The Story and Evolution of Doodles - G_6e786d/h1_The story behind Doodles")): Object 'Object Repository/Page_The Story and Evolution of Doodles - G_6e786d/h1_The story behind Doodles' is visible

17-06-2024T18:52:01 - [MESSAGE][PASSED] - Object 'Object Repository/Page_The Story and Evolution of Doodles - G_6e786d/h1_The story behind Doodles' is visible

17-06-2024T18:52:01 - [TEST_STEP][PASSED] - verifyElementVisible(findTestObject("Object Repository/Page_The Story and Evolution of Doodles - G_6e786d/p_The first Doodle was a simple out-of-offi_345e61")): Object 'Object Repository/Page_The Story and Evolution of Doodles - G_6e786d/p_The first Doodle was a simple out-of-offi_345e61' is visible

17-06-2024T18:52:02 - [MESSAGE][PASSED] - Object 'Object Repository/Page_The Story and Evolution of Doodles - G_6e786d/p_The first Doodle was a simple out-of-offi_345e61' is visible

17-06-2024T18:52:02 - [TEST_STEP][PASSED] - verifyElementVisible(findTestObject("Object Repository/Page_The Story and Evolution of Doodles - G_6e786d/h2_Weve created more than 5,000 Doodles ove_111429")): Object 'Object Repository/Page_The Story and Evolution of Doodles - G_6e786d/h2_Weve created more than 5,000 Doodles ove_111429' is visible

17-06-2024T18:52:02 - [MESSAGE][PASSED] - Object 'Object Repository/Page_The Story and Evolution of Doodles - G_6e786d/h2_Weve created more than 5,000 Doodles ove_111429' is visible

17-06-2024T18:52:02 - [TEST_STEP][PASSED] - click(findTestObject("Object Repository/Page_The Story and Evolution of Doodles - G_6e786d/p_The first Doodle was a simple out-of-offi_345e61")): Object: 'Object Repository/Page_The Story and Evolution of Doodles - G_6e786d/p_The first Doodle was a simple out-of-offi_345e61' is clicked on

17-06-2024T18:52:03 - [MESSAGE][PASSED] - Object: 'Object Repository/Page_The Story and Evolution of Doodles - G_6e786d/p_The first Doodle was a simple out-of-offi_345e61' is clicked on

17-06-2024T18:52:03 - [TEST_STEP][PASSED] - verifyElementVisible(findTestObject("Object Repository/Page_The Story and Evolution of Doodles - G_6e786d/h1_The story behind Doodles")): Object 'Object Repository/Page_The Story and Evolution of Doodles - G_6e786d/h1_The story behind Doodles' is visible

17-06-2024T18:52:03 - [MESSAGE][PASSED] - Object 'Object Repository/Page_The Story and Evolution of Doodles - G_6e786d/h1_The story behind Doodles' is visible

17-06-2024T18:52:03 - [TEST_STEP][PASSED] - verifyElementVisible(findTestObject("Object Repository/Page_The Story and Evolution of Doodles - G_6e786d/p_The first Doodle was a simple out-of-offi_345e61")): Object 'Object Repository/Page_The Story and Evolution of Doodles - G_6e786d/p_The first Doodle was a simple out-of-offi_345e61' is visible

17-06-2024T18:52:03 - [MESSAGE][PASSED] - Object 'Object Repository/Page_The Story and Evolution of Doodles - G_6e786d/p_The first Doodle was a simple out-of-offi_345e61' is visible

17-06-2024T18:52:03 - [TEST_STEP][PASSED] - verifyElementVisible(findTestObject("Object Repository/Page_The Story and Evolution of Doodles - G_6e786d/h2_Weve created more than 5,000 Doodles ove_111429")): Object 'Object Repository/Page_The Story and Evolution of Doodles - G_6e786d/h2_Weve created more than 5,000 Doodles ove_111429' is visible

17-06-2024T18:52:04 - [MESSAGE][PASSED] - Object 'Object Repository/Page_The Story and Evolution of Doodles - G_6e786d/h2_Weve created more than 5,000 Doodles ove_111429' is visible

17-06-2024T18:52:04 - [TEST_STEP][PASSED] - click(findTestObject("Object Repository/Page_The Story and Evolution of Doodles - G_6e786d/p_The first Doodle was a simple out-of-offi_345e61")): Object: 'Object Repository/Page_The Story and Evolution of Doodles - G_6e786d/p_The first Doodle was a simple out-of-offi_345e61' is clicked on

17-06-2024T18:52:04 - [MESSAGE][PASSED] - Object: 'Object Repository/Page_The Story and Evolution of Doodles - G_6e786d/p_The first Doodle was a simple out-of-offi_345e61' is clicked on

17-06-2024T18:52:04 - [TEST_STEP][PASSED] - verifyElementVisible(findTestObject("Object Repository/Page_The Story and Evolution of Doodles - G_6e786d/h1_The story behind Doodles")): Object 'Object Repository/Page_The Story and Evolution of Doodles - G_6e786d/h1_The story behind Doodles' is visible

17-06-2024T18:52:04 - [MESSAGE][PASSED] - Object 'Object Repository/Page_The Story and Evolution of Doodles - G_6e786d/h1_The story behind Doodles' is visible

17-06-2024T18:52:04 - [TEST_STEP][PASSED] - verifyElementVisible(findTestObject("Object Repository/Page_The Story and Evolution of Doodles - G_6e786d/p_The first Doodle was a simple out-of-offi_345e61")): Object 'Object Repository/Page_The Story and Evolution of Doodles - G_6e786d/p_The first Doodle was a simple out-of-offi_345e61' is visible

17-06-2024T18:52:05 - [MESSAGE][PASSED] - Object 'Object Repository/Page_The Story and Evolution of Doodles - G_6e786d/p_The first Doodle was a simple out-of-offi_345e61' is visible

17-06-2024T18:52:05 - [TEST_STEP][PASSED] - verifyElementVisible(findTestObject("Object Repository/Page_The Story and Evolution of Doodles - G_6e786d/h2_Weve created more than 5,000 Doodles ove_111429")): Object 'Object Repository/Page_The Story and Evolution of Doodles - G_6e786d/h2_Weve created more than 5,000 Doodles ove_111429' is visible

17-06-2024T18:52:05 - [MESSAGE][PASSED] - Object 'Object Repository/Page_The Story and Evolution of Doodles - G_6e786d/h2_Weve created more than 5,000 Doodles ove_111429' is visible

17-06-2024T18:52:05 - [TEST_STEP][PASSED] - click(findTestObject("Object Repository/Page_The Story and Evolution of Doodles - G_6e786d/p_The first Doodle was a simple out-of-offi_345e61")): Object: 'Object Repository/Page_The Story and Evolution of Doodles - G_6e786d/p_The first Doodle was a simple out-of-offi_345e61' is clicked on

17-06-2024T18:52:05 - [MESSAGE][PASSED] - Object: 'Object Repository/Page_The Story and Evolution of Doodles - G_6e786d/p_The first Doodle was a simple out-of-offi_345e61' is clicked on

17-06-2024T18:52:05 - [TEST_STEP][PASSED] - verifyElementVisible(findTestObject("Object Repository/Page_The Story and Evolution of Doodles - G_6e786d/h1_The story behind Doodles")): Object 'Object Repository/Page_The Story and Evolution of Doodles - G_6e786d/h1_The story behind Doodles' is visible

17-06-2024T18:52:06 - [MESSAGE][PASSED] - Object 'Object Repository/Page_The Story and Evolution of Doodles - G_6e786d/h1_The story behind Doodles' is visible

17-06-2024T18:52:06 - [TEST_STEP][PASSED] - verifyElementVisible(findTestObject("Object Repository/Page_The Story and Evolution of Doodles - G_6e786d/p_The first Doodle was a simple out-of-offi_345e61")): Object 'Object Repository/Page_The Story and Evolution of Doodles - G_6e786d/p_The first Doodle was a simple out-of-offi_345e61' is visible

17-06-2024T18:52:06 - [MESSAGE][PASSED] - Object 'Object Repository/Page_The Story and Evolution of Doodles - G_6e786d/p_The first Doodle was a simple out-of-offi_345e61' is visible

17-06-2024T18:52:06 - [TEST_STEP][PASSED] - verifyElementVisible(findTestObject("Object Repository/Page_The Story and Evolution of Doodles - G_6e786d/h2_Weve created more than 5,000 Doodles ove_111429")): Object 'Object Repository/Page_The Story and Evolution of Doodles - G_6e786d/h2_Weve created more than 5,000 Doodles ove_111429' is visible

17-06-2024T18:52:06 - [MESSAGE][PASSED] - Object 'Object Repository/Page_The Story and Evolution of Doodles - G_6e786d/h2_Weve created more than 5,000 Doodles ove_111429' is visible

17-06-2024T18:52:06 - [TEST_STEP][PASSED] - click(findTestObject("Object Repository/Page_The Story and Evolution of Doodles - G_6e786d/p_The first Doodle was a simple out-of-offi_345e61")): Object: 'Object Repository/Page_The Story and Evolution of Doodles - G_6e786d/p_The first Doodle was a simple out-of-offi_345e61' is clicked on

17-06-2024T18:52:07 - [MESSAGE][PASSED] - Object: 'Object Repository/Page_The Story and Evolution of Doodles - G_6e786d/p_The first Doodle was a simple out-of-offi_345e61' is clicked on

17-06-2024T18:52:07 - [TEST_STEP][PASSED] - verifyElementVisible(findTestObject("Object Repository/Page_The Story and Evolution of Doodles - G_6e786d/h1_The story behind Doodles")): Object 'Object Repository/Page_The Story and Evolution of Doodles - G_6e786d/h1_The story behind Doodles' is visible

17-06-2024T18:52:07 - [MESSAGE][PASSED] - Object 'Object Repository/Page_The Story and Evolution of Doodles - G_6e786d/h1_The story behind Doodles' is visible

17-06-2024T18:52:07 - [TEST_STEP][PASSED] - verifyElementVisible(findTestObject("Object Repository/Page_The Story and Evolution of Doodles - G_6e786d/p_The first Doodle was a simple out-of-offi_345e61")): Object 'Object Repository/Page_The Story and Evolution of Doodles - G_6e786d/p_The first Doodle was a simple out-of-offi_345e61' is visible

17-06-2024T18:52:07 - [MESSAGE][PASSED] - Object 'Object Repository/Page_The Story and Evolution of Doodles - G_6e786d/p_The first Doodle was a simple out-of-offi_345e61' is visible

17-06-2024T18:52:07 - [TEST_STEP][PASSED] - verifyElementVisible(findTestObject("Object Repository/Page_The Story and Evolution of Doodles - G_6e786d/h2_Weve created more than 5,000 Doodles ove_111429")): Object 'Object Repository/Page_The Story and Evolution of Doodles - G_6e786d/h2_Weve created more than 5,000 Doodles ove_111429' is visible

17-06-2024T18:52:08 - [MESSAGE][PASSED] - Object 'Object Repository/Page_The Story and Evolution of Doodles - G_6e786d/h2_Weve created more than 5,000 Doodles ove_111429' is visible]]></system-out>
         <system-err><![CDATA[]]></system-err>
      </testcase>
      <testcase name="Test Cases/test case folder 1/tc1 - Copy (6) - Copy (6)" time="19.065" classname="Test Cases/test case folder 1/tc1 - Copy (6) - Copy (6)" status="PASSED">
         <system-out><![CDATA[17-06-2024T18:52:08 - [TEST_CASE][PASSED] - Test Cases/test case folder 1/tc1 - Copy (6) - Copy (6): Test Cases/test case folder 1/tc1 - Copy (6) - Copy (6)

17-06-2024T18:52:08 - [TEST_STEP][PASSED] - openBrowser(""): Browser is opened with url: ''

17-06-2024T18:52:08 - [MESSAGE][WARNING] - A browser is already opened. Closing browser and opening a new one

17-06-2024T18:52:08 - [MESSAGE][INFO] - Starting 'Chrome (headless)' driver

17-06-2024T18:52:08 - [MESSAGE][INFO] - Action delay is set to 0 milliseconds

17-06-2024T18:52:09 - [MESSAGE][PASSED] - Browser is opened with url: ''

17-06-2024T18:52:09 - [TEST_STEP][PASSED] - navigateToUrl("https://doodles.google/about/"): Navigate to 'https://doodles.google/about/' successfully

17-06-2024T18:52:12 - [MESSAGE][PASSED] - Navigate to 'https://doodles.google/about/' successfully

17-06-2024T18:52:12 - [TEST_STEP][PASSED] - click(findTestObject("Object Repository/Page_The Story and Evolution of Doodles - G_6e786d/p_The first Doodle was a simple out-of-offi_345e61")): Object: 'Object Repository/Page_The Story and Evolution of Doodles - G_6e786d/p_The first Doodle was a simple out-of-offi_345e61' is clicked on

17-06-2024T18:52:12 - [MESSAGE][PASSED] - Object: 'Object Repository/Page_The Story and Evolution of Doodles - G_6e786d/p_The first Doodle was a simple out-of-offi_345e61' is clicked on

17-06-2024T18:52:12 - [TEST_STEP][PASSED] - click(findTestObject("Object Repository/Page_The Story and Evolution of Doodles - G_6e786d/p_The first Doodle was a simple out-of-offi_345e61")): Object: 'Object Repository/Page_The Story and Evolution of Doodles - G_6e786d/p_The first Doodle was a simple out-of-offi_345e61' is clicked on

17-06-2024T18:52:13 - [MESSAGE][PASSED] - Object: 'Object Repository/Page_The Story and Evolution of Doodles - G_6e786d/p_The first Doodle was a simple out-of-offi_345e61' is clicked on

17-06-2024T18:52:13 - [TEST_STEP][PASSED] - verifyElementVisible(findTestObject("Object Repository/Page_The Story and Evolution of Doodles - G_6e786d/h1_The story behind Doodles")): Object 'Object Repository/Page_The Story and Evolution of Doodles - G_6e786d/h1_The story behind Doodles' is visible

17-06-2024T18:52:13 - [MESSAGE][PASSED] - Object 'Object Repository/Page_The Story and Evolution of Doodles - G_6e786d/h1_The story behind Doodles' is visible

17-06-2024T18:52:13 - [TEST_STEP][PASSED] - verifyElementVisible(findTestObject("Object Repository/Page_The Story and Evolution of Doodles - G_6e786d/p_The first Doodle was a simple out-of-offi_345e61")): Object 'Object Repository/Page_The Story and Evolution of Doodles - G_6e786d/p_The first Doodle was a simple out-of-offi_345e61' is visible

17-06-2024T18:52:13 - [MESSAGE][PASSED] - Object 'Object Repository/Page_The Story and Evolution of Doodles - G_6e786d/p_The first Doodle was a simple out-of-offi_345e61' is visible

17-06-2024T18:52:13 - [TEST_STEP][PASSED] - verifyElementVisible(findTestObject("Object Repository/Page_The Story and Evolution of Doodles - G_6e786d/h2_Weve created more than 5,000 Doodles ove_111429")): Object 'Object Repository/Page_The Story and Evolution of Doodles - G_6e786d/h2_Weve created more than 5,000 Doodles ove_111429' is visible

17-06-2024T18:52:14 - [MESSAGE][PASSED] - Object 'Object Repository/Page_The Story and Evolution of Doodles - G_6e786d/h2_Weve created more than 5,000 Doodles ove_111429' is visible

17-06-2024T18:52:14 - [TEST_STEP][PASSED] - verifyElementVisible(findTestObject("Object Repository/Page_The Story and Evolution of Doodles - G_6e786d/h1_The story behind Doodles")): Object 'Object Repository/Page_The Story and Evolution of Doodles - G_6e786d/h1_The story behind Doodles' is visible

17-06-2024T18:52:14 - [MESSAGE][PASSED] - Object 'Object Repository/Page_The Story and Evolution of Doodles - G_6e786d/h1_The story behind Doodles' is visible

17-06-2024T18:52:14 - [TEST_STEP][PASSED] - verifyElementVisible(findTestObject("Object Repository/Page_The Story and Evolution of Doodles - G_6e786d/p_The first Doodle was a simple out-of-offi_345e61")): Object 'Object Repository/Page_The Story and Evolution of Doodles - G_6e786d/p_The first Doodle was a simple out-of-offi_345e61' is visible

17-06-2024T18:52:14 - [MESSAGE][PASSED] - Object 'Object Repository/Page_The Story and Evolution of Doodles - G_6e786d/p_The first Doodle was a simple out-of-offi_345e61' is visible

17-06-2024T18:52:14 - [TEST_STEP][PASSED] - verifyElementVisible(findTestObject("Object Repository/Page_The Story and Evolution of Doodles - G_6e786d/h2_Weve created more than 5,000 Doodles ove_111429")): Object 'Object Repository/Page_The Story and Evolution of Doodles - G_6e786d/h2_Weve created more than 5,000 Doodles ove_111429' is visible

17-06-2024T18:52:15 - [MESSAGE][PASSED] - Object 'Object Repository/Page_The Story and Evolution of Doodles - G_6e786d/h2_Weve created more than 5,000 Doodles ove_111429' is visible

17-06-2024T18:52:15 - [TEST_STEP][PASSED] - click(findTestObject("Object Repository/Page_The Story and Evolution of Doodles - G_6e786d/p_The first Doodle was a simple out-of-offi_345e61")): Object: 'Object Repository/Page_The Story and Evolution of Doodles - G_6e786d/p_The first Doodle was a simple out-of-offi_345e61' is clicked on

17-06-2024T18:52:15 - [MESSAGE][PASSED] - Object: 'Object Repository/Page_The Story and Evolution of Doodles - G_6e786d/p_The first Doodle was a simple out-of-offi_345e61' is clicked on

17-06-2024T18:52:15 - [TEST_STEP][PASSED] - verifyElementVisible(findTestObject("Object Repository/Page_The Story and Evolution of Doodles - G_6e786d/h1_The story behind Doodles")): Object 'Object Repository/Page_The Story and Evolution of Doodles - G_6e786d/h1_The story behind Doodles' is visible

17-06-2024T18:52:15 - [MESSAGE][PASSED] - Object 'Object Repository/Page_The Story and Evolution of Doodles - G_6e786d/h1_The story behind Doodles' is visible

17-06-2024T18:52:15 - [TEST_STEP][PASSED] - verifyElementVisible(findTestObject("Object Repository/Page_The Story and Evolution of Doodles - G_6e786d/p_The first Doodle was a simple out-of-offi_345e61")): Object 'Object Repository/Page_The Story and Evolution of Doodles - G_6e786d/p_The first Doodle was a simple out-of-offi_345e61' is visible

17-06-2024T18:52:16 - [MESSAGE][PASSED] - Object 'Object Repository/Page_The Story and Evolution of Doodles - G_6e786d/p_The first Doodle was a simple out-of-offi_345e61' is visible

17-06-2024T18:52:16 - [TEST_STEP][PASSED] - verifyElementVisible(findTestObject("Object Repository/Page_The Story and Evolution of Doodles - G_6e786d/h2_Weve created more than 5,000 Doodles ove_111429")): Object 'Object Repository/Page_The Story and Evolution of Doodles - G_6e786d/h2_Weve created more than 5,000 Doodles ove_111429' is visible

17-06-2024T18:52:16 - [MESSAGE][PASSED] - Object 'Object Repository/Page_The Story and Evolution of Doodles - G_6e786d/h2_Weve created more than 5,000 Doodles ove_111429' is visible

17-06-2024T18:52:16 - [TEST_STEP][PASSED] - click(findTestObject("Object Repository/Page_The Story and Evolution of Doodles - G_6e786d/p_The first Doodle was a simple out-of-offi_345e61")): Object: 'Object Repository/Page_The Story and Evolution of Doodles - G_6e786d/p_The first Doodle was a simple out-of-offi_345e61' is clicked on

17-06-2024T18:52:16 - [MESSAGE][PASSED] - Object: 'Object Repository/Page_The Story and Evolution of Doodles - G_6e786d/p_The first Doodle was a simple out-of-offi_345e61' is clicked on

17-06-2024T18:52:16 - [TEST_STEP][PASSED] - verifyElementVisible(findTestObject("Object Repository/Page_The Story and Evolution of Doodles - G_6e786d/h1_The story behind Doodles")): Object 'Object Repository/Page_The Story and Evolution of Doodles - G_6e786d/h1_The story behind Doodles' is visible

17-06-2024T18:52:17 - [MESSAGE][PASSED] - Object 'Object Repository/Page_The Story and Evolution of Doodles - G_6e786d/h1_The story behind Doodles' is visible

17-06-2024T18:52:17 - [TEST_STEP][PASSED] - verifyElementVisible(findTestObject("Object Repository/Page_The Story and Evolution of Doodles - G_6e786d/p_The first Doodle was a simple out-of-offi_345e61")): Object 'Object Repository/Page_The Story and Evolution of Doodles - G_6e786d/p_The first Doodle was a simple out-of-offi_345e61' is visible

17-06-2024T18:52:17 - [MESSAGE][PASSED] - Object 'Object Repository/Page_The Story and Evolution of Doodles - G_6e786d/p_The first Doodle was a simple out-of-offi_345e61' is visible

17-06-2024T18:52:17 - [TEST_STEP][PASSED] - verifyElementVisible(findTestObject("Object Repository/Page_The Story and Evolution of Doodles - G_6e786d/h2_Weve created more than 5,000 Doodles ove_111429")): Object 'Object Repository/Page_The Story and Evolution of Doodles - G_6e786d/h2_Weve created more than 5,000 Doodles ove_111429' is visible

17-06-2024T18:52:17 - [MESSAGE][PASSED] - Object 'Object Repository/Page_The Story and Evolution of Doodles - G_6e786d/h2_Weve created more than 5,000 Doodles ove_111429' is visible

17-06-2024T18:52:17 - [TEST_STEP][PASSED] - click(findTestObject("Object Repository/Page_The Story and Evolution of Doodles - G_6e786d/p_The first Doodle was a simple out-of-offi_345e61")): Object: 'Object Repository/Page_The Story and Evolution of Doodles - G_6e786d/p_The first Doodle was a simple out-of-offi_345e61' is clicked on

17-06-2024T18:52:18 - [MESSAGE][PASSED] - Object: 'Object Repository/Page_The Story and Evolution of Doodles - G_6e786d/p_The first Doodle was a simple out-of-offi_345e61' is clicked on

17-06-2024T18:52:18 - [TEST_STEP][PASSED] - verifyElementVisible(findTestObject("Object Repository/Page_The Story and Evolution of Doodles - G_6e786d/h1_The story behind Doodles")): Object 'Object Repository/Page_The Story and Evolution of Doodles - G_6e786d/h1_The story behind Doodles' is visible

17-06-2024T18:52:18 - [MESSAGE][PASSED] - Object 'Object Repository/Page_The Story and Evolution of Doodles - G_6e786d/h1_The story behind Doodles' is visible

17-06-2024T18:52:18 - [TEST_STEP][PASSED] - verifyElementVisible(findTestObject("Object Repository/Page_The Story and Evolution of Doodles - G_6e786d/p_The first Doodle was a simple out-of-offi_345e61")): Object 'Object Repository/Page_The Story and Evolution of Doodles - G_6e786d/p_The first Doodle was a simple out-of-offi_345e61' is visible

17-06-2024T18:52:18 - [MESSAGE][PASSED] - Object 'Object Repository/Page_The Story and Evolution of Doodles - G_6e786d/p_The first Doodle was a simple out-of-offi_345e61' is visible

17-06-2024T18:52:18 - [TEST_STEP][PASSED] - verifyElementVisible(findTestObject("Object Repository/Page_The Story and Evolution of Doodles - G_6e786d/h2_Weve created more than 5,000 Doodles ove_111429")): Object 'Object Repository/Page_The Story and Evolution of Doodles - G_6e786d/h2_Weve created more than 5,000 Doodles ove_111429' is visible

17-06-2024T18:52:19 - [MESSAGE][PASSED] - Object 'Object Repository/Page_The Story and Evolution of Doodles - G_6e786d/h2_Weve created more than 5,000 Doodles ove_111429' is visible

17-06-2024T18:52:19 - [TEST_STEP][PASSED] - click(findTestObject("Object Repository/Page_The Story and Evolution of Doodles - G_6e786d/p_The first Doodle was a simple out-of-offi_345e61")): Object: 'Object Repository/Page_The Story and Evolution of Doodles - G_6e786d/p_The first Doodle was a simple out-of-offi_345e61' is clicked on

17-06-2024T18:52:19 - [MESSAGE][PASSED] - Object: 'Object Repository/Page_The Story and Evolution of Doodles - G_6e786d/p_The first Doodle was a simple out-of-offi_345e61' is clicked on

17-06-2024T18:52:19 - [TEST_STEP][PASSED] - verifyElementVisible(findTestObject("Object Repository/Page_The Story and Evolution of Doodles - G_6e786d/h1_The story behind Doodles")): Object 'Object Repository/Page_The Story and Evolution of Doodles - G_6e786d/h1_The story behind Doodles' is visible

17-06-2024T18:52:19 - [MESSAGE][PASSED] - Object 'Object Repository/Page_The Story and Evolution of Doodles - G_6e786d/h1_The story behind Doodles' is visible

17-06-2024T18:52:19 - [TEST_STEP][PASSED] - verifyElementVisible(findTestObject("Object Repository/Page_The Story and Evolution of Doodles - G_6e786d/p_The first Doodle was a simple out-of-offi_345e61")): Object 'Object Repository/Page_The Story and Evolution of Doodles - G_6e786d/p_The first Doodle was a simple out-of-offi_345e61' is visible

17-06-2024T18:52:20 - [MESSAGE][PASSED] - Object 'Object Repository/Page_The Story and Evolution of Doodles - G_6e786d/p_The first Doodle was a simple out-of-offi_345e61' is visible

17-06-2024T18:52:20 - [TEST_STEP][PASSED] - verifyElementVisible(findTestObject("Object Repository/Page_The Story and Evolution of Doodles - G_6e786d/h2_Weve created more than 5,000 Doodles ove_111429")): Object 'Object Repository/Page_The Story and Evolution of Doodles - G_6e786d/h2_Weve created more than 5,000 Doodles ove_111429' is visible

17-06-2024T18:52:20 - [MESSAGE][PASSED] - Object 'Object Repository/Page_The Story and Evolution of Doodles - G_6e786d/h2_Weve created more than 5,000 Doodles ove_111429' is visible

17-06-2024T18:52:20 - [TEST_STEP][PASSED] - click(findTestObject("Object Repository/Page_The Story and Evolution of Doodles - G_6e786d/p_The first Doodle was a simple out-of-offi_345e61")): Object: 'Object Repository/Page_The Story and Evolution of Doodles - G_6e786d/p_The first Doodle was a simple out-of-offi_345e61' is clicked on

17-06-2024T18:52:20 - [MESSAGE][PASSED] - Object: 'Object Repository/Page_The Story and Evolution of Doodles - G_6e786d/p_The first Doodle was a simple out-of-offi_345e61' is clicked on

17-06-2024T18:52:20 - [TEST_STEP][PASSED] - verifyElementVisible(findTestObject("Object Repository/Page_The Story and Evolution of Doodles - G_6e786d/h1_The story behind Doodles")): Object 'Object Repository/Page_The Story and Evolution of Doodles - G_6e786d/h1_The story behind Doodles' is visible

17-06-2024T18:52:21 - [MESSAGE][PASSED] - Object 'Object Repository/Page_The Story and Evolution of Doodles - G_6e786d/h1_The story behind Doodles' is visible

17-06-2024T18:52:21 - [TEST_STEP][PASSED] - verifyElementVisible(findTestObject("Object Repository/Page_The Story and Evolution of Doodles - G_6e786d/p_The first Doodle was a simple out-of-offi_345e61")): Object 'Object Repository/Page_The Story and Evolution of Doodles - G_6e786d/p_The first Doodle was a simple out-of-offi_345e61' is visible

17-06-2024T18:52:21 - [MESSAGE][PASSED] - Object 'Object Repository/Page_The Story and Evolution of Doodles - G_6e786d/p_The first Doodle was a simple out-of-offi_345e61' is visible

17-06-2024T18:52:21 - [TEST_STEP][PASSED] - verifyElementVisible(findTestObject("Object Repository/Page_The Story and Evolution of Doodles - G_6e786d/h2_Weve created more than 5,000 Doodles ove_111429")): Object 'Object Repository/Page_The Story and Evolution of Doodles - G_6e786d/h2_Weve created more than 5,000 Doodles ove_111429' is visible

17-06-2024T18:52:21 - [MESSAGE][PASSED] - Object 'Object Repository/Page_The Story and Evolution of Doodles - G_6e786d/h2_Weve created more than 5,000 Doodles ove_111429' is visible

17-06-2024T18:52:21 - [TEST_STEP][PASSED] - click(findTestObject("Object Repository/Page_The Story and Evolution of Doodles - G_6e786d/p_The first Doodle was a simple out-of-offi_345e61")): Object: 'Object Repository/Page_The Story and Evolution of Doodles - G_6e786d/p_The first Doodle was a simple out-of-offi_345e61' is clicked on

17-06-2024T18:52:22 - [MESSAGE][PASSED] - Object: 'Object Repository/Page_The Story and Evolution of Doodles - G_6e786d/p_The first Doodle was a simple out-of-offi_345e61' is clicked on

17-06-2024T18:52:22 - [TEST_STEP][PASSED] - verifyElementVisible(findTestObject("Object Repository/Page_The Story and Evolution of Doodles - G_6e786d/h1_The story behind Doodles")): Object 'Object Repository/Page_The Story and Evolution of Doodles - G_6e786d/h1_The story behind Doodles' is visible

17-06-2024T18:52:22 - [MESSAGE][PASSED] - Object 'Object Repository/Page_The Story and Evolution of Doodles - G_6e786d/h1_The story behind Doodles' is visible

17-06-2024T18:52:22 - [TEST_STEP][PASSED] - verifyElementVisible(findTestObject("Object Repository/Page_The Story and Evolution of Doodles - G_6e786d/p_The first Doodle was a simple out-of-offi_345e61")): Object 'Object Repository/Page_The Story and Evolution of Doodles - G_6e786d/p_The first Doodle was a simple out-of-offi_345e61' is visible

17-06-2024T18:52:22 - [MESSAGE][PASSED] - Object 'Object Repository/Page_The Story and Evolution of Doodles - G_6e786d/p_The first Doodle was a simple out-of-offi_345e61' is visible

17-06-2024T18:52:22 - [TEST_STEP][PASSED] - verifyElementVisible(findTestObject("Object Repository/Page_The Story and Evolution of Doodles - G_6e786d/h2_Weve created more than 5,000 Doodles ove_111429")): Object 'Object Repository/Page_The Story and Evolution of Doodles - G_6e786d/h2_Weve created more than 5,000 Doodles ove_111429' is visible

17-06-2024T18:52:23 - [MESSAGE][PASSED] - Object 'Object Repository/Page_The Story and Evolution of Doodles - G_6e786d/h2_Weve created more than 5,000 Doodles ove_111429' is visible

17-06-2024T18:52:23 - [TEST_STEP][PASSED] - click(findTestObject("Object Repository/Page_The Story and Evolution of Doodles - G_6e786d/p_The first Doodle was a simple out-of-offi_345e61")): Object: 'Object Repository/Page_The Story and Evolution of Doodles - G_6e786d/p_The first Doodle was a simple out-of-offi_345e61' is clicked on

17-06-2024T18:52:23 - [MESSAGE][PASSED] - Object: 'Object Repository/Page_The Story and Evolution of Doodles - G_6e786d/p_The first Doodle was a simple out-of-offi_345e61' is clicked on

17-06-2024T18:52:23 - [TEST_STEP][PASSED] - verifyElementVisible(findTestObject("Object Repository/Page_The Story and Evolution of Doodles - G_6e786d/h1_The story behind Doodles")): Object 'Object Repository/Page_The Story and Evolution of Doodles - G_6e786d/h1_The story behind Doodles' is visible

17-06-2024T18:52:23 - [MESSAGE][PASSED] - Object 'Object Repository/Page_The Story and Evolution of Doodles - G_6e786d/h1_The story behind Doodles' is visible

17-06-2024T18:52:23 - [TEST_STEP][PASSED] - verifyElementVisible(findTestObject("Object Repository/Page_The Story and Evolution of Doodles - G_6e786d/p_The first Doodle was a simple out-of-offi_345e61")): Object 'Object Repository/Page_The Story and Evolution of Doodles - G_6e786d/p_The first Doodle was a simple out-of-offi_345e61' is visible

17-06-2024T18:52:24 - [MESSAGE][PASSED] - Object 'Object Repository/Page_The Story and Evolution of Doodles - G_6e786d/p_The first Doodle was a simple out-of-offi_345e61' is visible

17-06-2024T18:52:24 - [TEST_STEP][PASSED] - verifyElementVisible(findTestObject("Object Repository/Page_The Story and Evolution of Doodles - G_6e786d/h2_Weve created more than 5,000 Doodles ove_111429")): Object 'Object Repository/Page_The Story and Evolution of Doodles - G_6e786d/h2_Weve created more than 5,000 Doodles ove_111429' is visible

17-06-2024T18:52:24 - [MESSAGE][PASSED] - Object 'Object Repository/Page_The Story and Evolution of Doodles - G_6e786d/h2_Weve created more than 5,000 Doodles ove_111429' is visible

17-06-2024T18:52:24 - [TEST_STEP][PASSED] - click(findTestObject("Object Repository/Page_The Story and Evolution of Doodles - G_6e786d/p_The first Doodle was a simple out-of-offi_345e61")): Object: 'Object Repository/Page_The Story and Evolution of Doodles - G_6e786d/p_The first Doodle was a simple out-of-offi_345e61' is clicked on

17-06-2024T18:52:24 - [MESSAGE][PASSED] - Object: 'Object Repository/Page_The Story and Evolution of Doodles - G_6e786d/p_The first Doodle was a simple out-of-offi_345e61' is clicked on

17-06-2024T18:52:24 - [TEST_STEP][PASSED] - verifyElementVisible(findTestObject("Object Repository/Page_The Story and Evolution of Doodles - G_6e786d/h1_The story behind Doodles")): Object 'Object Repository/Page_The Story and Evolution of Doodles - G_6e786d/h1_The story behind Doodles' is visible

17-06-2024T18:52:25 - [MESSAGE][PASSED] - Object 'Object Repository/Page_The Story and Evolution of Doodles - G_6e786d/h1_The story behind Doodles' is visible

17-06-2024T18:52:25 - [TEST_STEP][PASSED] - verifyElementVisible(findTestObject("Object Repository/Page_The Story and Evolution of Doodles - G_6e786d/p_The first Doodle was a simple out-of-offi_345e61")): Object 'Object Repository/Page_The Story and Evolution of Doodles - G_6e786d/p_The first Doodle was a simple out-of-offi_345e61' is visible

17-06-2024T18:52:25 - [MESSAGE][PASSED] - Object 'Object Repository/Page_The Story and Evolution of Doodles - G_6e786d/p_The first Doodle was a simple out-of-offi_345e61' is visible

17-06-2024T18:52:25 - [TEST_STEP][PASSED] - verifyElementVisible(findTestObject("Object Repository/Page_The Story and Evolution of Doodles - G_6e786d/h2_Weve created more than 5,000 Doodles ove_111429")): Object 'Object Repository/Page_The Story and Evolution of Doodles - G_6e786d/h2_Weve created more than 5,000 Doodles ove_111429' is visible

17-06-2024T18:52:25 - [MESSAGE][PASSED] - Object 'Object Repository/Page_The Story and Evolution of Doodles - G_6e786d/h2_Weve created more than 5,000 Doodles ove_111429' is visible

17-06-2024T18:52:25 - [TEST_STEP][PASSED] - click(findTestObject("Object Repository/Page_The Story and Evolution of Doodles - G_6e786d/p_The first Doodle was a simple out-of-offi_345e61")): Object: 'Object Repository/Page_The Story and Evolution of Doodles - G_6e786d/p_The first Doodle was a simple out-of-offi_345e61' is clicked on

17-06-2024T18:52:26 - [MESSAGE][PASSED] - Object: 'Object Repository/Page_The Story and Evolution of Doodles - G_6e786d/p_The first Doodle was a simple out-of-offi_345e61' is clicked on

17-06-2024T18:52:26 - [TEST_STEP][PASSED] - verifyElementVisible(findTestObject("Object Repository/Page_The Story and Evolution of Doodles - G_6e786d/h1_The story behind Doodles")): Object 'Object Repository/Page_The Story and Evolution of Doodles - G_6e786d/h1_The story behind Doodles' is visible

17-06-2024T18:52:26 - [MESSAGE][PASSED] - Object 'Object Repository/Page_The Story and Evolution of Doodles - G_6e786d/h1_The story behind Doodles' is visible

17-06-2024T18:52:26 - [TEST_STEP][PASSED] - verifyElementVisible(findTestObject("Object Repository/Page_The Story and Evolution of Doodles - G_6e786d/p_The first Doodle was a simple out-of-offi_345e61")): Object 'Object Repository/Page_The Story and Evolution of Doodles - G_6e786d/p_The first Doodle was a simple out-of-offi_345e61' is visible

17-06-2024T18:52:26 - [MESSAGE][PASSED] - Object 'Object Repository/Page_The Story and Evolution of Doodles - G_6e786d/p_The first Doodle was a simple out-of-offi_345e61' is visible

17-06-2024T18:52:26 - [TEST_STEP][PASSED] - verifyElementVisible(findTestObject("Object Repository/Page_The Story and Evolution of Doodles - G_6e786d/h2_Weve created more than 5,000 Doodles ove_111429")): Object 'Object Repository/Page_The Story and Evolution of Doodles - G_6e786d/h2_Weve created more than 5,000 Doodles ove_111429' is visible

17-06-2024T18:52:27 - [MESSAGE][PASSED] - Object 'Object Repository/Page_The Story and Evolution of Doodles - G_6e786d/h2_Weve created more than 5,000 Doodles ove_111429' is visible]]></system-out>
         <system-err><![CDATA[]]></system-err>
      </testcase>
      <testcase name="Test Cases/test case folder 1/tc1 - Copy (6) - Copy" time="19.464" classname="Test Cases/test case folder 1/tc1 - Copy (6) - Copy" status="PASSED">
         <system-out><![CDATA[17-06-2024T18:52:27 - [TEST_CASE][PASSED] - Test Cases/test case folder 1/tc1 - Copy (6) - Copy: Test Cases/test case folder 1/tc1 - Copy (6) - Copy

17-06-2024T18:52:27 - [TEST_STEP][PASSED] - openBrowser(""): Browser is opened with url: ''

17-06-2024T18:52:27 - [MESSAGE][WARNING] - A browser is already opened. Closing browser and opening a new one

17-06-2024T18:52:27 - [MESSAGE][INFO] - Starting 'Chrome (headless)' driver

17-06-2024T18:52:27 - [MESSAGE][INFO] - Action delay is set to 0 milliseconds

17-06-2024T18:52:28 - [MESSAGE][PASSED] - Browser is opened with url: ''

17-06-2024T18:52:28 - [TEST_STEP][PASSED] - navigateToUrl("https://doodles.google/about/"): Navigate to 'https://doodles.google/about/' successfully

17-06-2024T18:52:31 - [MESSAGE][PASSED] - Navigate to 'https://doodles.google/about/' successfully

17-06-2024T18:52:31 - [TEST_STEP][PASSED] - click(findTestObject("Object Repository/Page_The Story and Evolution of Doodles - G_6e786d/p_The first Doodle was a simple out-of-offi_345e61")): Object: 'Object Repository/Page_The Story and Evolution of Doodles - G_6e786d/p_The first Doodle was a simple out-of-offi_345e61' is clicked on

17-06-2024T18:52:31 - [MESSAGE][PASSED] - Object: 'Object Repository/Page_The Story and Evolution of Doodles - G_6e786d/p_The first Doodle was a simple out-of-offi_345e61' is clicked on

17-06-2024T18:52:31 - [TEST_STEP][PASSED] - click(findTestObject("Object Repository/Page_The Story and Evolution of Doodles - G_6e786d/p_The first Doodle was a simple out-of-offi_345e61")): Object: 'Object Repository/Page_The Story and Evolution of Doodles - G_6e786d/p_The first Doodle was a simple out-of-offi_345e61' is clicked on

17-06-2024T18:52:32 - [MESSAGE][PASSED] - Object: 'Object Repository/Page_The Story and Evolution of Doodles - G_6e786d/p_The first Doodle was a simple out-of-offi_345e61' is clicked on

17-06-2024T18:52:32 - [TEST_STEP][PASSED] - verifyElementVisible(findTestObject("Object Repository/Page_The Story and Evolution of Doodles - G_6e786d/h1_The story behind Doodles")): Object 'Object Repository/Page_The Story and Evolution of Doodles - G_6e786d/h1_The story behind Doodles' is visible

17-06-2024T18:52:32 - [MESSAGE][PASSED] - Object 'Object Repository/Page_The Story and Evolution of Doodles - G_6e786d/h1_The story behind Doodles' is visible

17-06-2024T18:52:32 - [TEST_STEP][PASSED] - verifyElementVisible(findTestObject("Object Repository/Page_The Story and Evolution of Doodles - G_6e786d/p_The first Doodle was a simple out-of-offi_345e61")): Object 'Object Repository/Page_The Story and Evolution of Doodles - G_6e786d/p_The first Doodle was a simple out-of-offi_345e61' is visible

17-06-2024T18:52:32 - [MESSAGE][PASSED] - Object 'Object Repository/Page_The Story and Evolution of Doodles - G_6e786d/p_The first Doodle was a simple out-of-offi_345e61' is visible

17-06-2024T18:52:32 - [TEST_STEP][PASSED] - verifyElementVisible(findTestObject("Object Repository/Page_The Story and Evolution of Doodles - G_6e786d/h2_Weve created more than 5,000 Doodles ove_111429")): Object 'Object Repository/Page_The Story and Evolution of Doodles - G_6e786d/h2_Weve created more than 5,000 Doodles ove_111429' is visible

17-06-2024T18:52:33 - [MESSAGE][PASSED] - Object 'Object Repository/Page_The Story and Evolution of Doodles - G_6e786d/h2_Weve created more than 5,000 Doodles ove_111429' is visible

17-06-2024T18:52:33 - [TEST_STEP][PASSED] - verifyElementVisible(findTestObject("Object Repository/Page_The Story and Evolution of Doodles - G_6e786d/h1_The story behind Doodles")): Object 'Object Repository/Page_The Story and Evolution of Doodles - G_6e786d/h1_The story behind Doodles' is visible

17-06-2024T18:52:33 - [MESSAGE][PASSED] - Object 'Object Repository/Page_The Story and Evolution of Doodles - G_6e786d/h1_The story behind Doodles' is visible

17-06-2024T18:52:33 - [TEST_STEP][PASSED] - verifyElementVisible(findTestObject("Object Repository/Page_The Story and Evolution of Doodles - G_6e786d/p_The first Doodle was a simple out-of-offi_345e61")): Object 'Object Repository/Page_The Story and Evolution of Doodles - G_6e786d/p_The first Doodle was a simple out-of-offi_345e61' is visible

17-06-2024T18:52:34 - [MESSAGE][PASSED] - Object 'Object Repository/Page_The Story and Evolution of Doodles - G_6e786d/p_The first Doodle was a simple out-of-offi_345e61' is visible

17-06-2024T18:52:34 - [TEST_STEP][PASSED] - verifyElementVisible(findTestObject("Object Repository/Page_The Story and Evolution of Doodles - G_6e786d/h2_Weve created more than 5,000 Doodles ove_111429")): Object 'Object Repository/Page_The Story and Evolution of Doodles - G_6e786d/h2_Weve created more than 5,000 Doodles ove_111429' is visible

17-06-2024T18:52:34 - [MESSAGE][PASSED] - Object 'Object Repository/Page_The Story and Evolution of Doodles - G_6e786d/h2_Weve created more than 5,000 Doodles ove_111429' is visible

17-06-2024T18:52:34 - [TEST_STEP][PASSED] - click(findTestObject("Object Repository/Page_The Story and Evolution of Doodles - G_6e786d/p_The first Doodle was a simple out-of-offi_345e61")): Object: 'Object Repository/Page_The Story and Evolution of Doodles - G_6e786d/p_The first Doodle was a simple out-of-offi_345e61' is clicked on

17-06-2024T18:52:34 - [MESSAGE][PASSED] - Object: 'Object Repository/Page_The Story and Evolution of Doodles - G_6e786d/p_The first Doodle was a simple out-of-offi_345e61' is clicked on

17-06-2024T18:52:34 - [TEST_STEP][PASSED] - verifyElementVisible(findTestObject("Object Repository/Page_The Story and Evolution of Doodles - G_6e786d/h1_The story behind Doodles")): Object 'Object Repository/Page_The Story and Evolution of Doodles - G_6e786d/h1_The story behind Doodles' is visible

17-06-2024T18:52:35 - [MESSAGE][PASSED] - Object 'Object Repository/Page_The Story and Evolution of Doodles - G_6e786d/h1_The story behind Doodles' is visible

17-06-2024T18:52:35 - [TEST_STEP][PASSED] - verifyElementVisible(findTestObject("Object Repository/Page_The Story and Evolution of Doodles - G_6e786d/p_The first Doodle was a simple out-of-offi_345e61")): Object 'Object Repository/Page_The Story and Evolution of Doodles - G_6e786d/p_The first Doodle was a simple out-of-offi_345e61' is visible

17-06-2024T18:52:35 - [MESSAGE][PASSED] - Object 'Object Repository/Page_The Story and Evolution of Doodles - G_6e786d/p_The first Doodle was a simple out-of-offi_345e61' is visible

17-06-2024T18:52:35 - [TEST_STEP][PASSED] - verifyElementVisible(findTestObject("Object Repository/Page_The Story and Evolution of Doodles - G_6e786d/h2_Weve created more than 5,000 Doodles ove_111429")): Object 'Object Repository/Page_The Story and Evolution of Doodles - G_6e786d/h2_Weve created more than 5,000 Doodles ove_111429' is visible

17-06-2024T18:52:35 - [MESSAGE][PASSED] - Object 'Object Repository/Page_The Story and Evolution of Doodles - G_6e786d/h2_Weve created more than 5,000 Doodles ove_111429' is visible

17-06-2024T18:52:35 - [TEST_STEP][PASSED] - click(findTestObject("Object Repository/Page_The Story and Evolution of Doodles - G_6e786d/p_The first Doodle was a simple out-of-offi_345e61")): Object: 'Object Repository/Page_The Story and Evolution of Doodles - G_6e786d/p_The first Doodle was a simple out-of-offi_345e61' is clicked on

17-06-2024T18:52:36 - [MESSAGE][PASSED] - Object: 'Object Repository/Page_The Story and Evolution of Doodles - G_6e786d/p_The first Doodle was a simple out-of-offi_345e61' is clicked on

17-06-2024T18:52:36 - [TEST_STEP][PASSED] - verifyElementVisible(findTestObject("Object Repository/Page_The Story and Evolution of Doodles - G_6e786d/h1_The story behind Doodles")): Object 'Object Repository/Page_The Story and Evolution of Doodles - G_6e786d/h1_The story behind Doodles' is visible

17-06-2024T18:52:36 - [MESSAGE][PASSED] - Object 'Object Repository/Page_The Story and Evolution of Doodles - G_6e786d/h1_The story behind Doodles' is visible

17-06-2024T18:52:36 - [TEST_STEP][PASSED] - verifyElementVisible(findTestObject("Object Repository/Page_The Story and Evolution of Doodles - G_6e786d/p_The first Doodle was a simple out-of-offi_345e61")): Object 'Object Repository/Page_The Story and Evolution of Doodles - G_6e786d/p_The first Doodle was a simple out-of-offi_345e61' is visible

17-06-2024T18:52:36 - [MESSAGE][PASSED] - Object 'Object Repository/Page_The Story and Evolution of Doodles - G_6e786d/p_The first Doodle was a simple out-of-offi_345e61' is visible

17-06-2024T18:52:36 - [TEST_STEP][PASSED] - verifyElementVisible(findTestObject("Object Repository/Page_The Story and Evolution of Doodles - G_6e786d/h2_Weve created more than 5,000 Doodles ove_111429")): Object 'Object Repository/Page_The Story and Evolution of Doodles - G_6e786d/h2_Weve created more than 5,000 Doodles ove_111429' is visible

17-06-2024T18:52:37 - [MESSAGE][PASSED] - Object 'Object Repository/Page_The Story and Evolution of Doodles - G_6e786d/h2_Weve created more than 5,000 Doodles ove_111429' is visible

17-06-2024T18:52:37 - [TEST_STEP][PASSED] - click(findTestObject("Object Repository/Page_The Story and Evolution of Doodles - G_6e786d/p_The first Doodle was a simple out-of-offi_345e61")): Object: 'Object Repository/Page_The Story and Evolution of Doodles - G_6e786d/p_The first Doodle was a simple out-of-offi_345e61' is clicked on

17-06-2024T18:52:37 - [MESSAGE][PASSED] - Object: 'Object Repository/Page_The Story and Evolution of Doodles - G_6e786d/p_The first Doodle was a simple out-of-offi_345e61' is clicked on

17-06-2024T18:52:37 - [TEST_STEP][PASSED] - verifyElementVisible(findTestObject("Object Repository/Page_The Story and Evolution of Doodles - G_6e786d/h1_The story behind Doodles")): Object 'Object Repository/Page_The Story and Evolution of Doodles - G_6e786d/h1_The story behind Doodles' is visible

17-06-2024T18:52:37 - [MESSAGE][PASSED] - Object 'Object Repository/Page_The Story and Evolution of Doodles - G_6e786d/h1_The story behind Doodles' is visible

17-06-2024T18:52:37 - [TEST_STEP][PASSED] - verifyElementVisible(findTestObject("Object Repository/Page_The Story and Evolution of Doodles - G_6e786d/p_The first Doodle was a simple out-of-offi_345e61")): Object 'Object Repository/Page_The Story and Evolution of Doodles - G_6e786d/p_The first Doodle was a simple out-of-offi_345e61' is visible

17-06-2024T18:52:38 - [MESSAGE][PASSED] - Object 'Object Repository/Page_The Story and Evolution of Doodles - G_6e786d/p_The first Doodle was a simple out-of-offi_345e61' is visible

17-06-2024T18:52:38 - [TEST_STEP][PASSED] - verifyElementVisible(findTestObject("Object Repository/Page_The Story and Evolution of Doodles - G_6e786d/h2_Weve created more than 5,000 Doodles ove_111429")): Object 'Object Repository/Page_The Story and Evolution of Doodles - G_6e786d/h2_Weve created more than 5,000 Doodles ove_111429' is visible

17-06-2024T18:52:38 - [MESSAGE][PASSED] - Object 'Object Repository/Page_The Story and Evolution of Doodles - G_6e786d/h2_Weve created more than 5,000 Doodles ove_111429' is visible

17-06-2024T18:52:38 - [TEST_STEP][PASSED] - click(findTestObject("Object Repository/Page_The Story and Evolution of Doodles - G_6e786d/p_The first Doodle was a simple out-of-offi_345e61")): Object: 'Object Repository/Page_The Story and Evolution of Doodles - G_6e786d/p_The first Doodle was a simple out-of-offi_345e61' is clicked on

17-06-2024T18:52:38 - [MESSAGE][PASSED] - Object: 'Object Repository/Page_The Story and Evolution of Doodles - G_6e786d/p_The first Doodle was a simple out-of-offi_345e61' is clicked on

17-06-2024T18:52:38 - [TEST_STEP][PASSED] - verifyElementVisible(findTestObject("Object Repository/Page_The Story and Evolution of Doodles - G_6e786d/h1_The story behind Doodles")): Object 'Object Repository/Page_The Story and Evolution of Doodles - G_6e786d/h1_The story behind Doodles' is visible

17-06-2024T18:52:39 - [MESSAGE][PASSED] - Object 'Object Repository/Page_The Story and Evolution of Doodles - G_6e786d/h1_The story behind Doodles' is visible

17-06-2024T18:52:39 - [TEST_STEP][PASSED] - verifyElementVisible(findTestObject("Object Repository/Page_The Story and Evolution of Doodles - G_6e786d/p_The first Doodle was a simple out-of-offi_345e61")): Object 'Object Repository/Page_The Story and Evolution of Doodles - G_6e786d/p_The first Doodle was a simple out-of-offi_345e61' is visible

17-06-2024T18:52:39 - [MESSAGE][PASSED] - Object 'Object Repository/Page_The Story and Evolution of Doodles - G_6e786d/p_The first Doodle was a simple out-of-offi_345e61' is visible

17-06-2024T18:52:39 - [TEST_STEP][PASSED] - verifyElementVisible(findTestObject("Object Repository/Page_The Story and Evolution of Doodles - G_6e786d/h2_Weve created more than 5,000 Doodles ove_111429")): Object 'Object Repository/Page_The Story and Evolution of Doodles - G_6e786d/h2_Weve created more than 5,000 Doodles ove_111429' is visible

17-06-2024T18:52:40 - [MESSAGE][PASSED] - Object 'Object Repository/Page_The Story and Evolution of Doodles - G_6e786d/h2_Weve created more than 5,000 Doodles ove_111429' is visible

17-06-2024T18:52:40 - [TEST_STEP][PASSED] - click(findTestObject("Object Repository/Page_The Story and Evolution of Doodles - G_6e786d/p_The first Doodle was a simple out-of-offi_345e61")): Object: 'Object Repository/Page_The Story and Evolution of Doodles - G_6e786d/p_The first Doodle was a simple out-of-offi_345e61' is clicked on

17-06-2024T18:52:40 - [MESSAGE][PASSED] - Object: 'Object Repository/Page_The Story and Evolution of Doodles - G_6e786d/p_The first Doodle was a simple out-of-offi_345e61' is clicked on

17-06-2024T18:52:40 - [TEST_STEP][PASSED] - verifyElementVisible(findTestObject("Object Repository/Page_The Story and Evolution of Doodles - G_6e786d/h1_The story behind Doodles")): Object 'Object Repository/Page_The Story and Evolution of Doodles - G_6e786d/h1_The story behind Doodles' is visible

17-06-2024T18:52:40 - [MESSAGE][PASSED] - Object 'Object Repository/Page_The Story and Evolution of Doodles - G_6e786d/h1_The story behind Doodles' is visible

17-06-2024T18:52:40 - [TEST_STEP][PASSED] - verifyElementVisible(findTestObject("Object Repository/Page_The Story and Evolution of Doodles - G_6e786d/p_The first Doodle was a simple out-of-offi_345e61")): Object 'Object Repository/Page_The Story and Evolution of Doodles - G_6e786d/p_The first Doodle was a simple out-of-offi_345e61' is visible

17-06-2024T18:52:40 - [MESSAGE][PASSED] - Object 'Object Repository/Page_The Story and Evolution of Doodles - G_6e786d/p_The first Doodle was a simple out-of-offi_345e61' is visible

17-06-2024T18:52:40 - [TEST_STEP][PASSED] - verifyElementVisible(findTestObject("Object Repository/Page_The Story and Evolution of Doodles - G_6e786d/h2_Weve created more than 5,000 Doodles ove_111429")): Object 'Object Repository/Page_The Story and Evolution of Doodles - G_6e786d/h2_Weve created more than 5,000 Doodles ove_111429' is visible

17-06-2024T18:52:41 - [MESSAGE][PASSED] - Object 'Object Repository/Page_The Story and Evolution of Doodles - G_6e786d/h2_Weve created more than 5,000 Doodles ove_111429' is visible

17-06-2024T18:52:41 - [TEST_STEP][PASSED] - click(findTestObject("Object Repository/Page_The Story and Evolution of Doodles - G_6e786d/p_The first Doodle was a simple out-of-offi_345e61")): Object: 'Object Repository/Page_The Story and Evolution of Doodles - G_6e786d/p_The first Doodle was a simple out-of-offi_345e61' is clicked on

17-06-2024T18:52:41 - [MESSAGE][PASSED] - Object: 'Object Repository/Page_The Story and Evolution of Doodles - G_6e786d/p_The first Doodle was a simple out-of-offi_345e61' is clicked on

17-06-2024T18:52:41 - [TEST_STEP][PASSED] - verifyElementVisible(findTestObject("Object Repository/Page_The Story and Evolution of Doodles - G_6e786d/h1_The story behind Doodles")): Object 'Object Repository/Page_The Story and Evolution of Doodles - G_6e786d/h1_The story behind Doodles' is visible

17-06-2024T18:52:41 - [MESSAGE][PASSED] - Object 'Object Repository/Page_The Story and Evolution of Doodles - G_6e786d/h1_The story behind Doodles' is visible

17-06-2024T18:52:41 - [TEST_STEP][PASSED] - verifyElementVisible(findTestObject("Object Repository/Page_The Story and Evolution of Doodles - G_6e786d/p_The first Doodle was a simple out-of-offi_345e61")): Object 'Object Repository/Page_The Story and Evolution of Doodles - G_6e786d/p_The first Doodle was a simple out-of-offi_345e61' is visible

17-06-2024T18:52:42 - [MESSAGE][PASSED] - Object 'Object Repository/Page_The Story and Evolution of Doodles - G_6e786d/p_The first Doodle was a simple out-of-offi_345e61' is visible

17-06-2024T18:52:42 - [TEST_STEP][PASSED] - verifyElementVisible(findTestObject("Object Repository/Page_The Story and Evolution of Doodles - G_6e786d/h2_Weve created more than 5,000 Doodles ove_111429")): Object 'Object Repository/Page_The Story and Evolution of Doodles - G_6e786d/h2_Weve created more than 5,000 Doodles ove_111429' is visible

17-06-2024T18:52:42 - [MESSAGE][PASSED] - Object 'Object Repository/Page_The Story and Evolution of Doodles - G_6e786d/h2_Weve created more than 5,000 Doodles ove_111429' is visible

17-06-2024T18:52:42 - [TEST_STEP][PASSED] - click(findTestObject("Object Repository/Page_The Story and Evolution of Doodles - G_6e786d/p_The first Doodle was a simple out-of-offi_345e61")): Object: 'Object Repository/Page_The Story and Evolution of Doodles - G_6e786d/p_The first Doodle was a simple out-of-offi_345e61' is clicked on

17-06-2024T18:52:42 - [MESSAGE][PASSED] - Object: 'Object Repository/Page_The Story and Evolution of Doodles - G_6e786d/p_The first Doodle was a simple out-of-offi_345e61' is clicked on

17-06-2024T18:52:42 - [TEST_STEP][PASSED] - verifyElementVisible(findTestObject("Object Repository/Page_The Story and Evolution of Doodles - G_6e786d/h1_The story behind Doodles")): Object 'Object Repository/Page_The Story and Evolution of Doodles - G_6e786d/h1_The story behind Doodles' is visible

17-06-2024T18:52:43 - [MESSAGE][PASSED] - Object 'Object Repository/Page_The Story and Evolution of Doodles - G_6e786d/h1_The story behind Doodles' is visible

17-06-2024T18:52:43 - [TEST_STEP][PASSED] - verifyElementVisible(findTestObject("Object Repository/Page_The Story and Evolution of Doodles - G_6e786d/p_The first Doodle was a simple out-of-offi_345e61")): Object 'Object Repository/Page_The Story and Evolution of Doodles - G_6e786d/p_The first Doodle was a simple out-of-offi_345e61' is visible

17-06-2024T18:52:43 - [MESSAGE][PASSED] - Object 'Object Repository/Page_The Story and Evolution of Doodles - G_6e786d/p_The first Doodle was a simple out-of-offi_345e61' is visible

17-06-2024T18:52:43 - [TEST_STEP][PASSED] - verifyElementVisible(findTestObject("Object Repository/Page_The Story and Evolution of Doodles - G_6e786d/h2_Weve created more than 5,000 Doodles ove_111429")): Object 'Object Repository/Page_The Story and Evolution of Doodles - G_6e786d/h2_Weve created more than 5,000 Doodles ove_111429' is visible

17-06-2024T18:52:43 - [MESSAGE][PASSED] - Object 'Object Repository/Page_The Story and Evolution of Doodles - G_6e786d/h2_Weve created more than 5,000 Doodles ove_111429' is visible

17-06-2024T18:52:43 - [TEST_STEP][PASSED] - click(findTestObject("Object Repository/Page_The Story and Evolution of Doodles - G_6e786d/p_The first Doodle was a simple out-of-offi_345e61")): Object: 'Object Repository/Page_The Story and Evolution of Doodles - G_6e786d/p_The first Doodle was a simple out-of-offi_345e61' is clicked on

17-06-2024T18:52:44 - [MESSAGE][PASSED] - Object: 'Object Repository/Page_The Story and Evolution of Doodles - G_6e786d/p_The first Doodle was a simple out-of-offi_345e61' is clicked on

17-06-2024T18:52:44 - [TEST_STEP][PASSED] - verifyElementVisible(findTestObject("Object Repository/Page_The Story and Evolution of Doodles - G_6e786d/h1_The story behind Doodles")): Object 'Object Repository/Page_The Story and Evolution of Doodles - G_6e786d/h1_The story behind Doodles' is visible

17-06-2024T18:52:44 - [MESSAGE][PASSED] - Object 'Object Repository/Page_The Story and Evolution of Doodles - G_6e786d/h1_The story behind Doodles' is visible

17-06-2024T18:52:44 - [TEST_STEP][PASSED] - verifyElementVisible(findTestObject("Object Repository/Page_The Story and Evolution of Doodles - G_6e786d/p_The first Doodle was a simple out-of-offi_345e61")): Object 'Object Repository/Page_The Story and Evolution of Doodles - G_6e786d/p_The first Doodle was a simple out-of-offi_345e61' is visible

17-06-2024T18:52:44 - [MESSAGE][PASSED] - Object 'Object Repository/Page_The Story and Evolution of Doodles - G_6e786d/p_The first Doodle was a simple out-of-offi_345e61' is visible

17-06-2024T18:52:44 - [TEST_STEP][PASSED] - verifyElementVisible(findTestObject("Object Repository/Page_The Story and Evolution of Doodles - G_6e786d/h2_Weve created more than 5,000 Doodles ove_111429")): Object 'Object Repository/Page_The Story and Evolution of Doodles - G_6e786d/h2_Weve created more than 5,000 Doodles ove_111429' is visible

17-06-2024T18:52:45 - [MESSAGE][PASSED] - Object 'Object Repository/Page_The Story and Evolution of Doodles - G_6e786d/h2_Weve created more than 5,000 Doodles ove_111429' is visible

17-06-2024T18:52:45 - [TEST_STEP][PASSED] - click(findTestObject("Object Repository/Page_The Story and Evolution of Doodles - G_6e786d/p_The first Doodle was a simple out-of-offi_345e61")): Object: 'Object Repository/Page_The Story and Evolution of Doodles - G_6e786d/p_The first Doodle was a simple out-of-offi_345e61' is clicked on

17-06-2024T18:52:45 - [MESSAGE][PASSED] - Object: 'Object Repository/Page_The Story and Evolution of Doodles - G_6e786d/p_The first Doodle was a simple out-of-offi_345e61' is clicked on

17-06-2024T18:52:45 - [TEST_STEP][PASSED] - verifyElementVisible(findTestObject("Object Repository/Page_The Story and Evolution of Doodles - G_6e786d/h1_The story behind Doodles")): Object 'Object Repository/Page_The Story and Evolution of Doodles - G_6e786d/h1_The story behind Doodles' is visible

17-06-2024T18:52:45 - [MESSAGE][PASSED] - Object 'Object Repository/Page_The Story and Evolution of Doodles - G_6e786d/h1_The story behind Doodles' is visible

17-06-2024T18:52:45 - [TEST_STEP][PASSED] - verifyElementVisible(findTestObject("Object Repository/Page_The Story and Evolution of Doodles - G_6e786d/p_The first Doodle was a simple out-of-offi_345e61")): Object 'Object Repository/Page_The Story and Evolution of Doodles - G_6e786d/p_The first Doodle was a simple out-of-offi_345e61' is visible

17-06-2024T18:52:46 - [MESSAGE][PASSED] - Object 'Object Repository/Page_The Story and Evolution of Doodles - G_6e786d/p_The first Doodle was a simple out-of-offi_345e61' is visible

17-06-2024T18:52:46 - [TEST_STEP][PASSED] - verifyElementVisible(findTestObject("Object Repository/Page_The Story and Evolution of Doodles - G_6e786d/h2_Weve created more than 5,000 Doodles ove_111429")): Object 'Object Repository/Page_The Story and Evolution of Doodles - G_6e786d/h2_Weve created more than 5,000 Doodles ove_111429' is visible

17-06-2024T18:52:46 - [MESSAGE][PASSED] - Object 'Object Repository/Page_The Story and Evolution of Doodles - G_6e786d/h2_Weve created more than 5,000 Doodles ove_111429' is visible]]></system-out>
         <system-err><![CDATA[]]></system-err>
      </testcase>
      <testcase name="Test Cases/test case folder 1/tc1 - Copy (7) - Copy (1)" time="18.415" classname="Test Cases/test case folder 1/tc1 - Copy (7) - Copy (1)" status="PASSED">
         <system-out><![CDATA[17-06-2024T18:52:46 - [TEST_CASE][PASSED] - Test Cases/test case folder 1/tc1 - Copy (7) - Copy (1): Test Cases/test case folder 1/tc1 - Copy (7) - Copy (1)

17-06-2024T18:52:46 - [TEST_STEP][PASSED] - openBrowser(""): Browser is opened with url: ''

17-06-2024T18:52:46 - [MESSAGE][WARNING] - A browser is already opened. Closing browser and opening a new one

17-06-2024T18:52:47 - [MESSAGE][INFO] - Starting 'Chrome (headless)' driver

17-06-2024T18:52:47 - [MESSAGE][INFO] - Action delay is set to 0 milliseconds

17-06-2024T18:52:48 - [MESSAGE][PASSED] - Browser is opened with url: ''

17-06-2024T18:52:48 - [TEST_STEP][PASSED] - navigateToUrl("https://doodles.google/about/"): Navigate to 'https://doodles.google/about/' successfully

17-06-2024T18:52:50 - [MESSAGE][PASSED] - Navigate to 'https://doodles.google/about/' successfully

17-06-2024T18:52:50 - [TEST_STEP][PASSED] - click(findTestObject("Object Repository/Page_The Story and Evolution of Doodles - G_6e786d/p_The first Doodle was a simple out-of-offi_345e61")): Object: 'Object Repository/Page_The Story and Evolution of Doodles - G_6e786d/p_The first Doodle was a simple out-of-offi_345e61' is clicked on

17-06-2024T18:52:50 - [MESSAGE][PASSED] - Object: 'Object Repository/Page_The Story and Evolution of Doodles - G_6e786d/p_The first Doodle was a simple out-of-offi_345e61' is clicked on

17-06-2024T18:52:50 - [TEST_STEP][PASSED] - click(findTestObject("Object Repository/Page_The Story and Evolution of Doodles - G_6e786d/p_The first Doodle was a simple out-of-offi_345e61")): Object: 'Object Repository/Page_The Story and Evolution of Doodles - G_6e786d/p_The first Doodle was a simple out-of-offi_345e61' is clicked on

17-06-2024T18:52:51 - [MESSAGE][PASSED] - Object: 'Object Repository/Page_The Story and Evolution of Doodles - G_6e786d/p_The first Doodle was a simple out-of-offi_345e61' is clicked on

17-06-2024T18:52:51 - [TEST_STEP][PASSED] - verifyElementVisible(findTestObject("Object Repository/Page_The Story and Evolution of Doodles - G_6e786d/h1_The story behind Doodles")): Object 'Object Repository/Page_The Story and Evolution of Doodles - G_6e786d/h1_The story behind Doodles' is visible

17-06-2024T18:52:51 - [MESSAGE][PASSED] - Object 'Object Repository/Page_The Story and Evolution of Doodles - G_6e786d/h1_The story behind Doodles' is visible

17-06-2024T18:52:51 - [TEST_STEP][PASSED] - verifyElementVisible(findTestObject("Object Repository/Page_The Story and Evolution of Doodles - G_6e786d/p_The first Doodle was a simple out-of-offi_345e61")): Object 'Object Repository/Page_The Story and Evolution of Doodles - G_6e786d/p_The first Doodle was a simple out-of-offi_345e61' is visible

17-06-2024T18:52:52 - [MESSAGE][PASSED] - Object 'Object Repository/Page_The Story and Evolution of Doodles - G_6e786d/p_The first Doodle was a simple out-of-offi_345e61' is visible

17-06-2024T18:52:52 - [TEST_STEP][PASSED] - verifyElementVisible(findTestObject("Object Repository/Page_The Story and Evolution of Doodles - G_6e786d/h2_Weve created more than 5,000 Doodles ove_111429")): Object 'Object Repository/Page_The Story and Evolution of Doodles - G_6e786d/h2_Weve created more than 5,000 Doodles ove_111429' is visible

17-06-2024T18:52:52 - [MESSAGE][PASSED] - Object 'Object Repository/Page_The Story and Evolution of Doodles - G_6e786d/h2_Weve created more than 5,000 Doodles ove_111429' is visible

17-06-2024T18:52:52 - [TEST_STEP][PASSED] - verifyElementVisible(findTestObject("Object Repository/Page_The Story and Evolution of Doodles - G_6e786d/h1_The story behind Doodles")): Object 'Object Repository/Page_The Story and Evolution of Doodles - G_6e786d/h1_The story behind Doodles' is visible

17-06-2024T18:52:52 - [MESSAGE][PASSED] - Object 'Object Repository/Page_The Story and Evolution of Doodles - G_6e786d/h1_The story behind Doodles' is visible

17-06-2024T18:52:52 - [TEST_STEP][PASSED] - verifyElementVisible(findTestObject("Object Repository/Page_The Story and Evolution of Doodles - G_6e786d/p_The first Doodle was a simple out-of-offi_345e61")): Object 'Object Repository/Page_The Story and Evolution of Doodles - G_6e786d/p_The first Doodle was a simple out-of-offi_345e61' is visible

17-06-2024T18:52:52 - [MESSAGE][PASSED] - Object 'Object Repository/Page_The Story and Evolution of Doodles - G_6e786d/p_The first Doodle was a simple out-of-offi_345e61' is visible

17-06-2024T18:52:52 - [TEST_STEP][PASSED] - verifyElementVisible(findTestObject("Object Repository/Page_The Story and Evolution of Doodles - G_6e786d/h2_Weve created more than 5,000 Doodles ove_111429")): Object 'Object Repository/Page_The Story and Evolution of Doodles - G_6e786d/h2_Weve created more than 5,000 Doodles ove_111429' is visible

17-06-2024T18:52:53 - [MESSAGE][PASSED] - Object 'Object Repository/Page_The Story and Evolution of Doodles - G_6e786d/h2_Weve created more than 5,000 Doodles ove_111429' is visible

17-06-2024T18:52:53 - [TEST_STEP][PASSED] - click(findTestObject("Object Repository/Page_The Story and Evolution of Doodles - G_6e786d/p_The first Doodle was a simple out-of-offi_345e61")): Object: 'Object Repository/Page_The Story and Evolution of Doodles - G_6e786d/p_The first Doodle was a simple out-of-offi_345e61' is clicked on

17-06-2024T18:52:53 - [MESSAGE][PASSED] - Object: 'Object Repository/Page_The Story and Evolution of Doodles - G_6e786d/p_The first Doodle was a simple out-of-offi_345e61' is clicked on

17-06-2024T18:52:53 - [TEST_STEP][PASSED] - verifyElementVisible(findTestObject("Object Repository/Page_The Story and Evolution of Doodles - G_6e786d/h1_The story behind Doodles")): Object 'Object Repository/Page_The Story and Evolution of Doodles - G_6e786d/h1_The story behind Doodles' is visible

17-06-2024T18:52:53 - [MESSAGE][PASSED] - Object 'Object Repository/Page_The Story and Evolution of Doodles - G_6e786d/h1_The story behind Doodles' is visible

17-06-2024T18:52:53 - [TEST_STEP][PASSED] - verifyElementVisible(findTestObject("Object Repository/Page_The Story and Evolution of Doodles - G_6e786d/p_The first Doodle was a simple out-of-offi_345e61")): Object 'Object Repository/Page_The Story and Evolution of Doodles - G_6e786d/p_The first Doodle was a simple out-of-offi_345e61' is visible

17-06-2024T18:52:54 - [MESSAGE][PASSED] - Object 'Object Repository/Page_The Story and Evolution of Doodles - G_6e786d/p_The first Doodle was a simple out-of-offi_345e61' is visible

17-06-2024T18:52:54 - [TEST_STEP][PASSED] - verifyElementVisible(findTestObject("Object Repository/Page_The Story and Evolution of Doodles - G_6e786d/h2_Weve created more than 5,000 Doodles ove_111429")): Object 'Object Repository/Page_The Story and Evolution of Doodles - G_6e786d/h2_Weve created more than 5,000 Doodles ove_111429' is visible

17-06-2024T18:52:54 - [MESSAGE][PASSED] - Object 'Object Repository/Page_The Story and Evolution of Doodles - G_6e786d/h2_Weve created more than 5,000 Doodles ove_111429' is visible

17-06-2024T18:52:54 - [TEST_STEP][PASSED] - click(findTestObject("Object Repository/Page_The Story and Evolution of Doodles - G_6e786d/p_The first Doodle was a simple out-of-offi_345e61")): Object: 'Object Repository/Page_The Story and Evolution of Doodles - G_6e786d/p_The first Doodle was a simple out-of-offi_345e61' is clicked on

17-06-2024T18:52:54 - [MESSAGE][PASSED] - Object: 'Object Repository/Page_The Story and Evolution of Doodles - G_6e786d/p_The first Doodle was a simple out-of-offi_345e61' is clicked on

17-06-2024T18:52:54 - [TEST_STEP][PASSED] - verifyElementVisible(findTestObject("Object Repository/Page_The Story and Evolution of Doodles - G_6e786d/h1_The story behind Doodles")): Object 'Object Repository/Page_The Story and Evolution of Doodles - G_6e786d/h1_The story behind Doodles' is visible

17-06-2024T18:52:55 - [MESSAGE][PASSED] - Object 'Object Repository/Page_The Story and Evolution of Doodles - G_6e786d/h1_The story behind Doodles' is visible

17-06-2024T18:52:55 - [TEST_STEP][PASSED] - verifyElementVisible(findTestObject("Object Repository/Page_The Story and Evolution of Doodles - G_6e786d/p_The first Doodle was a simple out-of-offi_345e61")): Object 'Object Repository/Page_The Story and Evolution of Doodles - G_6e786d/p_The first Doodle was a simple out-of-offi_345e61' is visible

17-06-2024T18:52:55 - [MESSAGE][PASSED] - Object 'Object Repository/Page_The Story and Evolution of Doodles - G_6e786d/p_The first Doodle was a simple out-of-offi_345e61' is visible

17-06-2024T18:52:55 - [TEST_STEP][PASSED] - verifyElementVisible(findTestObject("Object Repository/Page_The Story and Evolution of Doodles - G_6e786d/h2_Weve created more than 5,000 Doodles ove_111429")): Object 'Object Repository/Page_The Story and Evolution of Doodles - G_6e786d/h2_Weve created more than 5,000 Doodles ove_111429' is visible

17-06-2024T18:52:55 - [MESSAGE][PASSED] - Object 'Object Repository/Page_The Story and Evolution of Doodles - G_6e786d/h2_Weve created more than 5,000 Doodles ove_111429' is visible

17-06-2024T18:52:55 - [TEST_STEP][PASSED] - click(findTestObject("Object Repository/Page_The Story and Evolution of Doodles - G_6e786d/p_The first Doodle was a simple out-of-offi_345e61")): Object: 'Object Repository/Page_The Story and Evolution of Doodles - G_6e786d/p_The first Doodle was a simple out-of-offi_345e61' is clicked on

17-06-2024T18:52:56 - [MESSAGE][PASSED] - Object: 'Object Repository/Page_The Story and Evolution of Doodles - G_6e786d/p_The first Doodle was a simple out-of-offi_345e61' is clicked on

17-06-2024T18:52:56 - [TEST_STEP][PASSED] - verifyElementVisible(findTestObject("Object Repository/Page_The Story and Evolution of Doodles - G_6e786d/h1_The story behind Doodles")): Object 'Object Repository/Page_The Story and Evolution of Doodles - G_6e786d/h1_The story behind Doodles' is visible

17-06-2024T18:52:56 - [MESSAGE][PASSED] - Object 'Object Repository/Page_The Story and Evolution of Doodles - G_6e786d/h1_The story behind Doodles' is visible

17-06-2024T18:52:56 - [TEST_STEP][PASSED] - verifyElementVisible(findTestObject("Object Repository/Page_The Story and Evolution of Doodles - G_6e786d/p_The first Doodle was a simple out-of-offi_345e61")): Object 'Object Repository/Page_The Story and Evolution of Doodles - G_6e786d/p_The first Doodle was a simple out-of-offi_345e61' is visible

17-06-2024T18:52:56 - [MESSAGE][PASSED] - Object 'Object Repository/Page_The Story and Evolution of Doodles - G_6e786d/p_The first Doodle was a simple out-of-offi_345e61' is visible

17-06-2024T18:52:56 - [TEST_STEP][PASSED] - verifyElementVisible(findTestObject("Object Repository/Page_The Story and Evolution of Doodles - G_6e786d/h2_Weve created more than 5,000 Doodles ove_111429")): Object 'Object Repository/Page_The Story and Evolution of Doodles - G_6e786d/h2_Weve created more than 5,000 Doodles ove_111429' is visible

17-06-2024T18:52:57 - [MESSAGE][PASSED] - Object 'Object Repository/Page_The Story and Evolution of Doodles - G_6e786d/h2_Weve created more than 5,000 Doodles ove_111429' is visible

17-06-2024T18:52:57 - [TEST_STEP][PASSED] - click(findTestObject("Object Repository/Page_The Story and Evolution of Doodles - G_6e786d/p_The first Doodle was a simple out-of-offi_345e61")): Object: 'Object Repository/Page_The Story and Evolution of Doodles - G_6e786d/p_The first Doodle was a simple out-of-offi_345e61' is clicked on

17-06-2024T18:52:57 - [MESSAGE][PASSED] - Object: 'Object Repository/Page_The Story and Evolution of Doodles - G_6e786d/p_The first Doodle was a simple out-of-offi_345e61' is clicked on

17-06-2024T18:52:57 - [TEST_STEP][PASSED] - verifyElementVisible(findTestObject("Object Repository/Page_The Story and Evolution of Doodles - G_6e786d/h1_The story behind Doodles")): Object 'Object Repository/Page_The Story and Evolution of Doodles - G_6e786d/h1_The story behind Doodles' is visible

17-06-2024T18:52:57 - [MESSAGE][PASSED] - Object 'Object Repository/Page_The Story and Evolution of Doodles - G_6e786d/h1_The story behind Doodles' is visible

17-06-2024T18:52:57 - [TEST_STEP][PASSED] - verifyElementVisible(findTestObject("Object Repository/Page_The Story and Evolution of Doodles - G_6e786d/p_The first Doodle was a simple out-of-offi_345e61")): Object 'Object Repository/Page_The Story and Evolution of Doodles - G_6e786d/p_The first Doodle was a simple out-of-offi_345e61' is visible

17-06-2024T18:52:58 - [MESSAGE][PASSED] - Object 'Object Repository/Page_The Story and Evolution of Doodles - G_6e786d/p_The first Doodle was a simple out-of-offi_345e61' is visible

17-06-2024T18:52:58 - [TEST_STEP][PASSED] - verifyElementVisible(findTestObject("Object Repository/Page_The Story and Evolution of Doodles - G_6e786d/h2_Weve created more than 5,000 Doodles ove_111429")): Object 'Object Repository/Page_The Story and Evolution of Doodles - G_6e786d/h2_Weve created more than 5,000 Doodles ove_111429' is visible

17-06-2024T18:52:58 - [MESSAGE][PASSED] - Object 'Object Repository/Page_The Story and Evolution of Doodles - G_6e786d/h2_Weve created more than 5,000 Doodles ove_111429' is visible

17-06-2024T18:52:58 - [TEST_STEP][PASSED] - click(findTestObject("Object Repository/Page_The Story and Evolution of Doodles - G_6e786d/p_The first Doodle was a simple out-of-offi_345e61")): Object: 'Object Repository/Page_The Story and Evolution of Doodles - G_6e786d/p_The first Doodle was a simple out-of-offi_345e61' is clicked on

17-06-2024T18:52:58 - [MESSAGE][PASSED] - Object: 'Object Repository/Page_The Story and Evolution of Doodles - G_6e786d/p_The first Doodle was a simple out-of-offi_345e61' is clicked on

17-06-2024T18:52:58 - [TEST_STEP][PASSED] - verifyElementVisible(findTestObject("Object Repository/Page_The Story and Evolution of Doodles - G_6e786d/h1_The story behind Doodles")): Object 'Object Repository/Page_The Story and Evolution of Doodles - G_6e786d/h1_The story behind Doodles' is visible

17-06-2024T18:52:59 - [MESSAGE][PASSED] - Object 'Object Repository/Page_The Story and Evolution of Doodles - G_6e786d/h1_The story behind Doodles' is visible

17-06-2024T18:52:59 - [TEST_STEP][PASSED] - verifyElementVisible(findTestObject("Object Repository/Page_The Story and Evolution of Doodles - G_6e786d/p_The first Doodle was a simple out-of-offi_345e61")): Object 'Object Repository/Page_The Story and Evolution of Doodles - G_6e786d/p_The first Doodle was a simple out-of-offi_345e61' is visible

17-06-2024T18:52:59 - [MESSAGE][PASSED] - Object 'Object Repository/Page_The Story and Evolution of Doodles - G_6e786d/p_The first Doodle was a simple out-of-offi_345e61' is visible

17-06-2024T18:52:59 - [TEST_STEP][PASSED] - verifyElementVisible(findTestObject("Object Repository/Page_The Story and Evolution of Doodles - G_6e786d/h2_Weve created more than 5,000 Doodles ove_111429")): Object 'Object Repository/Page_The Story and Evolution of Doodles - G_6e786d/h2_Weve created more than 5,000 Doodles ove_111429' is visible

17-06-2024T18:52:59 - [MESSAGE][PASSED] - Object 'Object Repository/Page_The Story and Evolution of Doodles - G_6e786d/h2_Weve created more than 5,000 Doodles ove_111429' is visible

17-06-2024T18:52:59 - [TEST_STEP][PASSED] - click(findTestObject("Object Repository/Page_The Story and Evolution of Doodles - G_6e786d/p_The first Doodle was a simple out-of-offi_345e61")): Object: 'Object Repository/Page_The Story and Evolution of Doodles - G_6e786d/p_The first Doodle was a simple out-of-offi_345e61' is clicked on

17-06-2024T18:53:00 - [MESSAGE][PASSED] - Object: 'Object Repository/Page_The Story and Evolution of Doodles - G_6e786d/p_The first Doodle was a simple out-of-offi_345e61' is clicked on

17-06-2024T18:53:00 - [TEST_STEP][PASSED] - verifyElementVisible(findTestObject("Object Repository/Page_The Story and Evolution of Doodles - G_6e786d/h1_The story behind Doodles")): Object 'Object Repository/Page_The Story and Evolution of Doodles - G_6e786d/h1_The story behind Doodles' is visible

17-06-2024T18:53:00 - [MESSAGE][PASSED] - Object 'Object Repository/Page_The Story and Evolution of Doodles - G_6e786d/h1_The story behind Doodles' is visible

17-06-2024T18:53:00 - [TEST_STEP][PASSED] - verifyElementVisible(findTestObject("Object Repository/Page_The Story and Evolution of Doodles - G_6e786d/p_The first Doodle was a simple out-of-offi_345e61")): Object 'Object Repository/Page_The Story and Evolution of Doodles - G_6e786d/p_The first Doodle was a simple out-of-offi_345e61' is visible

17-06-2024T18:53:00 - [MESSAGE][PASSED] - Object 'Object Repository/Page_The Story and Evolution of Doodles - G_6e786d/p_The first Doodle was a simple out-of-offi_345e61' is visible

17-06-2024T18:53:00 - [TEST_STEP][PASSED] - verifyElementVisible(findTestObject("Object Repository/Page_The Story and Evolution of Doodles - G_6e786d/h2_Weve created more than 5,000 Doodles ove_111429")): Object 'Object Repository/Page_The Story and Evolution of Doodles - G_6e786d/h2_Weve created more than 5,000 Doodles ove_111429' is visible

17-06-2024T18:53:01 - [MESSAGE][PASSED] - Object 'Object Repository/Page_The Story and Evolution of Doodles - G_6e786d/h2_Weve created more than 5,000 Doodles ove_111429' is visible

17-06-2024T18:53:01 - [TEST_STEP][PASSED] - click(findTestObject("Object Repository/Page_The Story and Evolution of Doodles - G_6e786d/p_The first Doodle was a simple out-of-offi_345e61")): Object: 'Object Repository/Page_The Story and Evolution of Doodles - G_6e786d/p_The first Doodle was a simple out-of-offi_345e61' is clicked on

17-06-2024T18:53:01 - [MESSAGE][PASSED] - Object: 'Object Repository/Page_The Story and Evolution of Doodles - G_6e786d/p_The first Doodle was a simple out-of-offi_345e61' is clicked on

17-06-2024T18:53:01 - [TEST_STEP][PASSED] - verifyElementVisible(findTestObject("Object Repository/Page_The Story and Evolution of Doodles - G_6e786d/h1_The story behind Doodles")): Object 'Object Repository/Page_The Story and Evolution of Doodles - G_6e786d/h1_The story behind Doodles' is visible

17-06-2024T18:53:01 - [MESSAGE][PASSED] - Object 'Object Repository/Page_The Story and Evolution of Doodles - G_6e786d/h1_The story behind Doodles' is visible

17-06-2024T18:53:01 - [TEST_STEP][PASSED] - verifyElementVisible(findTestObject("Object Repository/Page_The Story and Evolution of Doodles - G_6e786d/p_The first Doodle was a simple out-of-offi_345e61")): Object 'Object Repository/Page_The Story and Evolution of Doodles - G_6e786d/p_The first Doodle was a simple out-of-offi_345e61' is visible

17-06-2024T18:53:02 - [MESSAGE][PASSED] - Object 'Object Repository/Page_The Story and Evolution of Doodles - G_6e786d/p_The first Doodle was a simple out-of-offi_345e61' is visible

17-06-2024T18:53:02 - [TEST_STEP][PASSED] - verifyElementVisible(findTestObject("Object Repository/Page_The Story and Evolution of Doodles - G_6e786d/h2_Weve created more than 5,000 Doodles ove_111429")): Object 'Object Repository/Page_The Story and Evolution of Doodles - G_6e786d/h2_Weve created more than 5,000 Doodles ove_111429' is visible

17-06-2024T18:53:02 - [MESSAGE][PASSED] - Object 'Object Repository/Page_The Story and Evolution of Doodles - G_6e786d/h2_Weve created more than 5,000 Doodles ove_111429' is visible

17-06-2024T18:53:02 - [TEST_STEP][PASSED] - click(findTestObject("Object Repository/Page_The Story and Evolution of Doodles - G_6e786d/p_The first Doodle was a simple out-of-offi_345e61")): Object: 'Object Repository/Page_The Story and Evolution of Doodles - G_6e786d/p_The first Doodle was a simple out-of-offi_345e61' is clicked on

17-06-2024T18:53:02 - [MESSAGE][PASSED] - Object: 'Object Repository/Page_The Story and Evolution of Doodles - G_6e786d/p_The first Doodle was a simple out-of-offi_345e61' is clicked on

17-06-2024T18:53:02 - [TEST_STEP][PASSED] - verifyElementVisible(findTestObject("Object Repository/Page_The Story and Evolution of Doodles - G_6e786d/h1_The story behind Doodles")): Object 'Object Repository/Page_The Story and Evolution of Doodles - G_6e786d/h1_The story behind Doodles' is visible

17-06-2024T18:53:03 - [MESSAGE][PASSED] - Object 'Object Repository/Page_The Story and Evolution of Doodles - G_6e786d/h1_The story behind Doodles' is visible

17-06-2024T18:53:03 - [TEST_STEP][PASSED] - verifyElementVisible(findTestObject("Object Repository/Page_The Story and Evolution of Doodles - G_6e786d/p_The first Doodle was a simple out-of-offi_345e61")): Object 'Object Repository/Page_The Story and Evolution of Doodles - G_6e786d/p_The first Doodle was a simple out-of-offi_345e61' is visible

17-06-2024T18:53:03 - [MESSAGE][PASSED] - Object 'Object Repository/Page_The Story and Evolution of Doodles - G_6e786d/p_The first Doodle was a simple out-of-offi_345e61' is visible

17-06-2024T18:53:03 - [TEST_STEP][PASSED] - verifyElementVisible(findTestObject("Object Repository/Page_The Story and Evolution of Doodles - G_6e786d/h2_Weve created more than 5,000 Doodles ove_111429")): Object 'Object Repository/Page_The Story and Evolution of Doodles - G_6e786d/h2_Weve created more than 5,000 Doodles ove_111429' is visible

17-06-2024T18:53:03 - [MESSAGE][PASSED] - Object 'Object Repository/Page_The Story and Evolution of Doodles - G_6e786d/h2_Weve created more than 5,000 Doodles ove_111429' is visible

17-06-2024T18:53:03 - [TEST_STEP][PASSED] - click(findTestObject("Object Repository/Page_The Story and Evolution of Doodles - G_6e786d/p_The first Doodle was a simple out-of-offi_345e61")): Object: 'Object Repository/Page_The Story and Evolution of Doodles - G_6e786d/p_The first Doodle was a simple out-of-offi_345e61' is clicked on

17-06-2024T18:53:04 - [MESSAGE][PASSED] - Object: 'Object Repository/Page_The Story and Evolution of Doodles - G_6e786d/p_The first Doodle was a simple out-of-offi_345e61' is clicked on

17-06-2024T18:53:04 - [TEST_STEP][PASSED] - verifyElementVisible(findTestObject("Object Repository/Page_The Story and Evolution of Doodles - G_6e786d/h1_The story behind Doodles")): Object 'Object Repository/Page_The Story and Evolution of Doodles - G_6e786d/h1_The story behind Doodles' is visible

17-06-2024T18:53:04 - [MESSAGE][PASSED] - Object 'Object Repository/Page_The Story and Evolution of Doodles - G_6e786d/h1_The story behind Doodles' is visible

17-06-2024T18:53:04 - [TEST_STEP][PASSED] - verifyElementVisible(findTestObject("Object Repository/Page_The Story and Evolution of Doodles - G_6e786d/p_The first Doodle was a simple out-of-offi_345e61")): Object 'Object Repository/Page_The Story and Evolution of Doodles - G_6e786d/p_The first Doodle was a simple out-of-offi_345e61' is visible

17-06-2024T18:53:04 - [MESSAGE][PASSED] - Object 'Object Repository/Page_The Story and Evolution of Doodles - G_6e786d/p_The first Doodle was a simple out-of-offi_345e61' is visible

17-06-2024T18:53:04 - [TEST_STEP][PASSED] - verifyElementVisible(findTestObject("Object Repository/Page_The Story and Evolution of Doodles - G_6e786d/h2_Weve created more than 5,000 Doodles ove_111429")): Object 'Object Repository/Page_The Story and Evolution of Doodles - G_6e786d/h2_Weve created more than 5,000 Doodles ove_111429' is visible

17-06-2024T18:53:05 - [MESSAGE][PASSED] - Object 'Object Repository/Page_The Story and Evolution of Doodles - G_6e786d/h2_Weve created more than 5,000 Doodles ove_111429' is visible]]></system-out>
         <system-err><![CDATA[]]></system-err>
      </testcase>
      <testcase name="Test Cases/test case folder 1/tc1 - Copy (7) - Copy (2)" time="20.072" classname="Test Cases/test case folder 1/tc1 - Copy (7) - Copy (2)" status="PASSED">
         <system-out><![CDATA[17-06-2024T18:53:05 - [TEST_CASE][PASSED] - Test Cases/test case folder 1/tc1 - Copy (7) - Copy (2): Test Cases/test case folder 1/tc1 - Copy (7) - Copy (2)

17-06-2024T18:53:05 - [TEST_STEP][PASSED] - openBrowser(""): Browser is opened with url: ''

17-06-2024T18:53:05 - [MESSAGE][WARNING] - A browser is already opened. Closing browser and opening a new one

17-06-2024T18:53:06 - [MESSAGE][INFO] - Starting 'Chrome (headless)' driver

17-06-2024T18:53:06 - [MESSAGE][INFO] - Action delay is set to 0 milliseconds

17-06-2024T18:53:07 - [MESSAGE][PASSED] - Browser is opened with url: ''

17-06-2024T18:53:07 - [TEST_STEP][PASSED] - navigateToUrl("https://doodles.google/about/"): Navigate to 'https://doodles.google/about/' successfully

17-06-2024T18:53:10 - [MESSAGE][PASSED] - Navigate to 'https://doodles.google/about/' successfully

17-06-2024T18:53:10 - [TEST_STEP][PASSED] - click(findTestObject("Object Repository/Page_The Story and Evolution of Doodles - G_6e786d/p_The first Doodle was a simple out-of-offi_345e61")): Object: 'Object Repository/Page_The Story and Evolution of Doodles - G_6e786d/p_The first Doodle was a simple out-of-offi_345e61' is clicked on

17-06-2024T18:53:10 - [MESSAGE][PASSED] - Object: 'Object Repository/Page_The Story and Evolution of Doodles - G_6e786d/p_The first Doodle was a simple out-of-offi_345e61' is clicked on

17-06-2024T18:53:10 - [TEST_STEP][PASSED] - click(findTestObject("Object Repository/Page_The Story and Evolution of Doodles - G_6e786d/p_The first Doodle was a simple out-of-offi_345e61")): Object: 'Object Repository/Page_The Story and Evolution of Doodles - G_6e786d/p_The first Doodle was a simple out-of-offi_345e61' is clicked on

17-06-2024T18:53:11 - [MESSAGE][PASSED] - Object: 'Object Repository/Page_The Story and Evolution of Doodles - G_6e786d/p_The first Doodle was a simple out-of-offi_345e61' is clicked on

17-06-2024T18:53:11 - [TEST_STEP][PASSED] - verifyElementVisible(findTestObject("Object Repository/Page_The Story and Evolution of Doodles - G_6e786d/h1_The story behind Doodles")): Object 'Object Repository/Page_The Story and Evolution of Doodles - G_6e786d/h1_The story behind Doodles' is visible

17-06-2024T18:53:11 - [MESSAGE][PASSED] - Object 'Object Repository/Page_The Story and Evolution of Doodles - G_6e786d/h1_The story behind Doodles' is visible

17-06-2024T18:53:11 - [TEST_STEP][PASSED] - verifyElementVisible(findTestObject("Object Repository/Page_The Story and Evolution of Doodles - G_6e786d/p_The first Doodle was a simple out-of-offi_345e61")): Object 'Object Repository/Page_The Story and Evolution of Doodles - G_6e786d/p_The first Doodle was a simple out-of-offi_345e61' is visible

17-06-2024T18:53:11 - [MESSAGE][PASSED] - Object 'Object Repository/Page_The Story and Evolution of Doodles - G_6e786d/p_The first Doodle was a simple out-of-offi_345e61' is visible

17-06-2024T18:53:11 - [TEST_STEP][PASSED] - verifyElementVisible(findTestObject("Object Repository/Page_The Story and Evolution of Doodles - G_6e786d/h2_Weve created more than 5,000 Doodles ove_111429")): Object 'Object Repository/Page_The Story and Evolution of Doodles - G_6e786d/h2_Weve created more than 5,000 Doodles ove_111429' is visible

17-06-2024T18:53:12 - [MESSAGE][PASSED] - Object 'Object Repository/Page_The Story and Evolution of Doodles - G_6e786d/h2_Weve created more than 5,000 Doodles ove_111429' is visible

17-06-2024T18:53:12 - [TEST_STEP][PASSED] - verifyElementVisible(findTestObject("Object Repository/Page_The Story and Evolution of Doodles - G_6e786d/h1_The story behind Doodles")): Object 'Object Repository/Page_The Story and Evolution of Doodles - G_6e786d/h1_The story behind Doodles' is visible

17-06-2024T18:53:12 - [MESSAGE][PASSED] - Object 'Object Repository/Page_The Story and Evolution of Doodles - G_6e786d/h1_The story behind Doodles' is visible

17-06-2024T18:53:12 - [TEST_STEP][PASSED] - verifyElementVisible(findTestObject("Object Repository/Page_The Story and Evolution of Doodles - G_6e786d/p_The first Doodle was a simple out-of-offi_345e61")): Object 'Object Repository/Page_The Story and Evolution of Doodles - G_6e786d/p_The first Doodle was a simple out-of-offi_345e61' is visible

17-06-2024T18:53:12 - [MESSAGE][PASSED] - Object 'Object Repository/Page_The Story and Evolution of Doodles - G_6e786d/p_The first Doodle was a simple out-of-offi_345e61' is visible

17-06-2024T18:53:12 - [TEST_STEP][PASSED] - verifyElementVisible(findTestObject("Object Repository/Page_The Story and Evolution of Doodles - G_6e786d/h2_Weve created more than 5,000 Doodles ove_111429")): Object 'Object Repository/Page_The Story and Evolution of Doodles - G_6e786d/h2_Weve created more than 5,000 Doodles ove_111429' is visible

17-06-2024T18:53:13 - [MESSAGE][PASSED] - Object 'Object Repository/Page_The Story and Evolution of Doodles - G_6e786d/h2_Weve created more than 5,000 Doodles ove_111429' is visible

17-06-2024T18:53:13 - [TEST_STEP][PASSED] - click(findTestObject("Object Repository/Page_The Story and Evolution of Doodles - G_6e786d/p_The first Doodle was a simple out-of-offi_345e61")): Object: 'Object Repository/Page_The Story and Evolution of Doodles - G_6e786d/p_The first Doodle was a simple out-of-offi_345e61' is clicked on

17-06-2024T18:53:13 - [MESSAGE][PASSED] - Object: 'Object Repository/Page_The Story and Evolution of Doodles - G_6e786d/p_The first Doodle was a simple out-of-offi_345e61' is clicked on

17-06-2024T18:53:13 - [TEST_STEP][PASSED] - verifyElementVisible(findTestObject("Object Repository/Page_The Story and Evolution of Doodles - G_6e786d/h1_The story behind Doodles")): Object 'Object Repository/Page_The Story and Evolution of Doodles - G_6e786d/h1_The story behind Doodles' is visible

17-06-2024T18:53:13 - [MESSAGE][PASSED] - Object 'Object Repository/Page_The Story and Evolution of Doodles - G_6e786d/h1_The story behind Doodles' is visible

17-06-2024T18:53:13 - [TEST_STEP][PASSED] - verifyElementVisible(findTestObject("Object Repository/Page_The Story and Evolution of Doodles - G_6e786d/p_The first Doodle was a simple out-of-offi_345e61")): Object 'Object Repository/Page_The Story and Evolution of Doodles - G_6e786d/p_The first Doodle was a simple out-of-offi_345e61' is visible

17-06-2024T18:53:14 - [MESSAGE][PASSED] - Object 'Object Repository/Page_The Story and Evolution of Doodles - G_6e786d/p_The first Doodle was a simple out-of-offi_345e61' is visible

17-06-2024T18:53:14 - [TEST_STEP][PASSED] - verifyElementVisible(findTestObject("Object Repository/Page_The Story and Evolution of Doodles - G_6e786d/h2_Weve created more than 5,000 Doodles ove_111429")): Object 'Object Repository/Page_The Story and Evolution of Doodles - G_6e786d/h2_Weve created more than 5,000 Doodles ove_111429' is visible

17-06-2024T18:53:14 - [MESSAGE][PASSED] - Object 'Object Repository/Page_The Story and Evolution of Doodles - G_6e786d/h2_Weve created more than 5,000 Doodles ove_111429' is visible

17-06-2024T18:53:14 - [TEST_STEP][PASSED] - click(findTestObject("Object Repository/Page_The Story and Evolution of Doodles - G_6e786d/p_The first Doodle was a simple out-of-offi_345e61")): Object: 'Object Repository/Page_The Story and Evolution of Doodles - G_6e786d/p_The first Doodle was a simple out-of-offi_345e61' is clicked on

17-06-2024T18:53:14 - [MESSAGE][PASSED] - Object: 'Object Repository/Page_The Story and Evolution of Doodles - G_6e786d/p_The first Doodle was a simple out-of-offi_345e61' is clicked on

17-06-2024T18:53:14 - [TEST_STEP][PASSED] - verifyElementVisible(findTestObject("Object Repository/Page_The Story and Evolution of Doodles - G_6e786d/h1_The story behind Doodles")): Object 'Object Repository/Page_The Story and Evolution of Doodles - G_6e786d/h1_The story behind Doodles' is visible

17-06-2024T18:53:15 - [MESSAGE][PASSED] - Object 'Object Repository/Page_The Story and Evolution of Doodles - G_6e786d/h1_The story behind Doodles' is visible

17-06-2024T18:53:15 - [TEST_STEP][PASSED] - verifyElementVisible(findTestObject("Object Repository/Page_The Story and Evolution of Doodles - G_6e786d/p_The first Doodle was a simple out-of-offi_345e61")): Object 'Object Repository/Page_The Story and Evolution of Doodles - G_6e786d/p_The first Doodle was a simple out-of-offi_345e61' is visible

17-06-2024T18:53:15 - [MESSAGE][PASSED] - Object 'Object Repository/Page_The Story and Evolution of Doodles - G_6e786d/p_The first Doodle was a simple out-of-offi_345e61' is visible

17-06-2024T18:53:15 - [TEST_STEP][PASSED] - verifyElementVisible(findTestObject("Object Repository/Page_The Story and Evolution of Doodles - G_6e786d/h2_Weve created more than 5,000 Doodles ove_111429")): Object 'Object Repository/Page_The Story and Evolution of Doodles - G_6e786d/h2_Weve created more than 5,000 Doodles ove_111429' is visible

17-06-2024T18:53:15 - [MESSAGE][PASSED] - Object 'Object Repository/Page_The Story and Evolution of Doodles - G_6e786d/h2_Weve created more than 5,000 Doodles ove_111429' is visible

17-06-2024T18:53:15 - [TEST_STEP][PASSED] - click(findTestObject("Object Repository/Page_The Story and Evolution of Doodles - G_6e786d/p_The first Doodle was a simple out-of-offi_345e61")): Object: 'Object Repository/Page_The Story and Evolution of Doodles - G_6e786d/p_The first Doodle was a simple out-of-offi_345e61' is clicked on

17-06-2024T18:53:16 - [MESSAGE][PASSED] - Object: 'Object Repository/Page_The Story and Evolution of Doodles - G_6e786d/p_The first Doodle was a simple out-of-offi_345e61' is clicked on

17-06-2024T18:53:16 - [TEST_STEP][PASSED] - verifyElementVisible(findTestObject("Object Repository/Page_The Story and Evolution of Doodles - G_6e786d/h1_The story behind Doodles")): Object 'Object Repository/Page_The Story and Evolution of Doodles - G_6e786d/h1_The story behind Doodles' is visible

17-06-2024T18:53:16 - [MESSAGE][PASSED] - Object 'Object Repository/Page_The Story and Evolution of Doodles - G_6e786d/h1_The story behind Doodles' is visible

17-06-2024T18:53:16 - [TEST_STEP][PASSED] - verifyElementVisible(findTestObject("Object Repository/Page_The Story and Evolution of Doodles - G_6e786d/p_The first Doodle was a simple out-of-offi_345e61")): Object 'Object Repository/Page_The Story and Evolution of Doodles - G_6e786d/p_The first Doodle was a simple out-of-offi_345e61' is visible

17-06-2024T18:53:16 - [MESSAGE][PASSED] - Object 'Object Repository/Page_The Story and Evolution of Doodles - G_6e786d/p_The first Doodle was a simple out-of-offi_345e61' is visible

17-06-2024T18:53:16 - [TEST_STEP][PASSED] - verifyElementVisible(findTestObject("Object Repository/Page_The Story and Evolution of Doodles - G_6e786d/h2_Weve created more than 5,000 Doodles ove_111429")): Object 'Object Repository/Page_The Story and Evolution of Doodles - G_6e786d/h2_Weve created more than 5,000 Doodles ove_111429' is visible

17-06-2024T18:53:17 - [MESSAGE][PASSED] - Object 'Object Repository/Page_The Story and Evolution of Doodles - G_6e786d/h2_Weve created more than 5,000 Doodles ove_111429' is visible

17-06-2024T18:53:17 - [TEST_STEP][PASSED] - click(findTestObject("Object Repository/Page_The Story and Evolution of Doodles - G_6e786d/p_The first Doodle was a simple out-of-offi_345e61")): Object: 'Object Repository/Page_The Story and Evolution of Doodles - G_6e786d/p_The first Doodle was a simple out-of-offi_345e61' is clicked on

17-06-2024T18:53:17 - [MESSAGE][PASSED] - Object: 'Object Repository/Page_The Story and Evolution of Doodles - G_6e786d/p_The first Doodle was a simple out-of-offi_345e61' is clicked on

17-06-2024T18:53:17 - [TEST_STEP][PASSED] - verifyElementVisible(findTestObject("Object Repository/Page_The Story and Evolution of Doodles - G_6e786d/h1_The story behind Doodles")): Object 'Object Repository/Page_The Story and Evolution of Doodles - G_6e786d/h1_The story behind Doodles' is visible

17-06-2024T18:53:17 - [MESSAGE][PASSED] - Object 'Object Repository/Page_The Story and Evolution of Doodles - G_6e786d/h1_The story behind Doodles' is visible

17-06-2024T18:53:17 - [TEST_STEP][PASSED] - verifyElementVisible(findTestObject("Object Repository/Page_The Story and Evolution of Doodles - G_6e786d/p_The first Doodle was a simple out-of-offi_345e61")): Object 'Object Repository/Page_The Story and Evolution of Doodles - G_6e786d/p_The first Doodle was a simple out-of-offi_345e61' is visible

17-06-2024T18:53:18 - [MESSAGE][PASSED] - Object 'Object Repository/Page_The Story and Evolution of Doodles - G_6e786d/p_The first Doodle was a simple out-of-offi_345e61' is visible

17-06-2024T18:53:18 - [TEST_STEP][PASSED] - verifyElementVisible(findTestObject("Object Repository/Page_The Story and Evolution of Doodles - G_6e786d/h2_Weve created more than 5,000 Doodles ove_111429")): Object 'Object Repository/Page_The Story and Evolution of Doodles - G_6e786d/h2_Weve created more than 5,000 Doodles ove_111429' is visible

17-06-2024T18:53:18 - [MESSAGE][PASSED] - Object 'Object Repository/Page_The Story and Evolution of Doodles - G_6e786d/h2_Weve created more than 5,000 Doodles ove_111429' is visible

17-06-2024T18:53:18 - [TEST_STEP][PASSED] - click(findTestObject("Object Repository/Page_The Story and Evolution of Doodles - G_6e786d/p_The first Doodle was a simple out-of-offi_345e61")): Object: 'Object Repository/Page_The Story and Evolution of Doodles - G_6e786d/p_The first Doodle was a simple out-of-offi_345e61' is clicked on

17-06-2024T18:53:18 - [MESSAGE][PASSED] - Object: 'Object Repository/Page_The Story and Evolution of Doodles - G_6e786d/p_The first Doodle was a simple out-of-offi_345e61' is clicked on

17-06-2024T18:53:18 - [TEST_STEP][PASSED] - verifyElementVisible(findTestObject("Object Repository/Page_The Story and Evolution of Doodles - G_6e786d/h1_The story behind Doodles")): Object 'Object Repository/Page_The Story and Evolution of Doodles - G_6e786d/h1_The story behind Doodles' is visible

17-06-2024T18:53:19 - [MESSAGE][PASSED] - Object 'Object Repository/Page_The Story and Evolution of Doodles - G_6e786d/h1_The story behind Doodles' is visible

17-06-2024T18:53:19 - [TEST_STEP][PASSED] - verifyElementVisible(findTestObject("Object Repository/Page_The Story and Evolution of Doodles - G_6e786d/p_The first Doodle was a simple out-of-offi_345e61")): Object 'Object Repository/Page_The Story and Evolution of Doodles - G_6e786d/p_The first Doodle was a simple out-of-offi_345e61' is visible

17-06-2024T18:53:19 - [MESSAGE][PASSED] - Object 'Object Repository/Page_The Story and Evolution of Doodles - G_6e786d/p_The first Doodle was a simple out-of-offi_345e61' is visible

17-06-2024T18:53:19 - [TEST_STEP][PASSED] - verifyElementVisible(findTestObject("Object Repository/Page_The Story and Evolution of Doodles - G_6e786d/h2_Weve created more than 5,000 Doodles ove_111429")): Object 'Object Repository/Page_The Story and Evolution of Doodles - G_6e786d/h2_Weve created more than 5,000 Doodles ove_111429' is visible

17-06-2024T18:53:19 - [MESSAGE][PASSED] - Object 'Object Repository/Page_The Story and Evolution of Doodles - G_6e786d/h2_Weve created more than 5,000 Doodles ove_111429' is visible

17-06-2024T18:53:19 - [TEST_STEP][PASSED] - click(findTestObject("Object Repository/Page_The Story and Evolution of Doodles - G_6e786d/p_The first Doodle was a simple out-of-offi_345e61")): Object: 'Object Repository/Page_The Story and Evolution of Doodles - G_6e786d/p_The first Doodle was a simple out-of-offi_345e61' is clicked on

17-06-2024T18:53:20 - [MESSAGE][PASSED] - Object: 'Object Repository/Page_The Story and Evolution of Doodles - G_6e786d/p_The first Doodle was a simple out-of-offi_345e61' is clicked on

17-06-2024T18:53:20 - [TEST_STEP][PASSED] - verifyElementVisible(findTestObject("Object Repository/Page_The Story and Evolution of Doodles - G_6e786d/h1_The story behind Doodles")): Object 'Object Repository/Page_The Story and Evolution of Doodles - G_6e786d/h1_The story behind Doodles' is visible

17-06-2024T18:53:20 - [MESSAGE][PASSED] - Object 'Object Repository/Page_The Story and Evolution of Doodles - G_6e786d/h1_The story behind Doodles' is visible

17-06-2024T18:53:20 - [TEST_STEP][PASSED] - verifyElementVisible(findTestObject("Object Repository/Page_The Story and Evolution of Doodles - G_6e786d/p_The first Doodle was a simple out-of-offi_345e61")): Object 'Object Repository/Page_The Story and Evolution of Doodles - G_6e786d/p_The first Doodle was a simple out-of-offi_345e61' is visible

17-06-2024T18:53:20 - [MESSAGE][PASSED] - Object 'Object Repository/Page_The Story and Evolution of Doodles - G_6e786d/p_The first Doodle was a simple out-of-offi_345e61' is visible

17-06-2024T18:53:20 - [TEST_STEP][PASSED] - verifyElementVisible(findTestObject("Object Repository/Page_The Story and Evolution of Doodles - G_6e786d/h2_Weve created more than 5,000 Doodles ove_111429")): Object 'Object Repository/Page_The Story and Evolution of Doodles - G_6e786d/h2_Weve created more than 5,000 Doodles ove_111429' is visible

17-06-2024T18:53:21 - [MESSAGE][PASSED] - Object 'Object Repository/Page_The Story and Evolution of Doodles - G_6e786d/h2_Weve created more than 5,000 Doodles ove_111429' is visible

17-06-2024T18:53:21 - [TEST_STEP][PASSED] - click(findTestObject("Object Repository/Page_The Story and Evolution of Doodles - G_6e786d/p_The first Doodle was a simple out-of-offi_345e61")): Object: 'Object Repository/Page_The Story and Evolution of Doodles - G_6e786d/p_The first Doodle was a simple out-of-offi_345e61' is clicked on

17-06-2024T18:53:21 - [MESSAGE][PASSED] - Object: 'Object Repository/Page_The Story and Evolution of Doodles - G_6e786d/p_The first Doodle was a simple out-of-offi_345e61' is clicked on

17-06-2024T18:53:21 - [TEST_STEP][PASSED] - verifyElementVisible(findTestObject("Object Repository/Page_The Story and Evolution of Doodles - G_6e786d/h1_The story behind Doodles")): Object 'Object Repository/Page_The Story and Evolution of Doodles - G_6e786d/h1_The story behind Doodles' is visible

17-06-2024T18:53:21 - [MESSAGE][PASSED] - Object 'Object Repository/Page_The Story and Evolution of Doodles - G_6e786d/h1_The story behind Doodles' is visible

17-06-2024T18:53:21 - [TEST_STEP][PASSED] - verifyElementVisible(findTestObject("Object Repository/Page_The Story and Evolution of Doodles - G_6e786d/p_The first Doodle was a simple out-of-offi_345e61")): Object 'Object Repository/Page_The Story and Evolution of Doodles - G_6e786d/p_The first Doodle was a simple out-of-offi_345e61' is visible

17-06-2024T18:53:22 - [MESSAGE][PASSED] - Object 'Object Repository/Page_The Story and Evolution of Doodles - G_6e786d/p_The first Doodle was a simple out-of-offi_345e61' is visible

17-06-2024T18:53:22 - [TEST_STEP][PASSED] - verifyElementVisible(findTestObject("Object Repository/Page_The Story and Evolution of Doodles - G_6e786d/h2_Weve created more than 5,000 Doodles ove_111429")): Object 'Object Repository/Page_The Story and Evolution of Doodles - G_6e786d/h2_Weve created more than 5,000 Doodles ove_111429' is visible

17-06-2024T18:53:22 - [MESSAGE][PASSED] - Object 'Object Repository/Page_The Story and Evolution of Doodles - G_6e786d/h2_Weve created more than 5,000 Doodles ove_111429' is visible

17-06-2024T18:53:22 - [TEST_STEP][PASSED] - click(findTestObject("Object Repository/Page_The Story and Evolution of Doodles - G_6e786d/p_The first Doodle was a simple out-of-offi_345e61")): Object: 'Object Repository/Page_The Story and Evolution of Doodles - G_6e786d/p_The first Doodle was a simple out-of-offi_345e61' is clicked on

17-06-2024T18:53:22 - [MESSAGE][PASSED] - Object: 'Object Repository/Page_The Story and Evolution of Doodles - G_6e786d/p_The first Doodle was a simple out-of-offi_345e61' is clicked on

17-06-2024T18:53:22 - [TEST_STEP][PASSED] - verifyElementVisible(findTestObject("Object Repository/Page_The Story and Evolution of Doodles - G_6e786d/h1_The story behind Doodles")): Object 'Object Repository/Page_The Story and Evolution of Doodles - G_6e786d/h1_The story behind Doodles' is visible

17-06-2024T18:53:23 - [MESSAGE][PASSED] - Object 'Object Repository/Page_The Story and Evolution of Doodles - G_6e786d/h1_The story behind Doodles' is visible

17-06-2024T18:53:23 - [TEST_STEP][PASSED] - verifyElementVisible(findTestObject("Object Repository/Page_The Story and Evolution of Doodles - G_6e786d/p_The first Doodle was a simple out-of-offi_345e61")): Object 'Object Repository/Page_The Story and Evolution of Doodles - G_6e786d/p_The first Doodle was a simple out-of-offi_345e61' is visible

17-06-2024T18:53:23 - [MESSAGE][PASSED] - Object 'Object Repository/Page_The Story and Evolution of Doodles - G_6e786d/p_The first Doodle was a simple out-of-offi_345e61' is visible

17-06-2024T18:53:23 - [TEST_STEP][PASSED] - verifyElementVisible(findTestObject("Object Repository/Page_The Story and Evolution of Doodles - G_6e786d/h2_Weve created more than 5,000 Doodles ove_111429")): Object 'Object Repository/Page_The Story and Evolution of Doodles - G_6e786d/h2_Weve created more than 5,000 Doodles ove_111429' is visible

17-06-2024T18:53:23 - [MESSAGE][PASSED] - Object 'Object Repository/Page_The Story and Evolution of Doodles - G_6e786d/h2_Weve created more than 5,000 Doodles ove_111429' is visible

17-06-2024T18:53:23 - [TEST_STEP][PASSED] - click(findTestObject("Object Repository/Page_The Story and Evolution of Doodles - G_6e786d/p_The first Doodle was a simple out-of-offi_345e61")): Object: 'Object Repository/Page_The Story and Evolution of Doodles - G_6e786d/p_The first Doodle was a simple out-of-offi_345e61' is clicked on

17-06-2024T18:53:24 - [MESSAGE][PASSED] - Object: 'Object Repository/Page_The Story and Evolution of Doodles - G_6e786d/p_The first Doodle was a simple out-of-offi_345e61' is clicked on

17-06-2024T18:53:24 - [TEST_STEP][PASSED] - verifyElementVisible(findTestObject("Object Repository/Page_The Story and Evolution of Doodles - G_6e786d/h1_The story behind Doodles")): Object 'Object Repository/Page_The Story and Evolution of Doodles - G_6e786d/h1_The story behind Doodles' is visible

17-06-2024T18:53:24 - [MESSAGE][PASSED] - Object 'Object Repository/Page_The Story and Evolution of Doodles - G_6e786d/h1_The story behind Doodles' is visible

17-06-2024T18:53:24 - [TEST_STEP][PASSED] - verifyElementVisible(findTestObject("Object Repository/Page_The Story and Evolution of Doodles - G_6e786d/p_The first Doodle was a simple out-of-offi_345e61")): Object 'Object Repository/Page_The Story and Evolution of Doodles - G_6e786d/p_The first Doodle was a simple out-of-offi_345e61' is visible

17-06-2024T18:53:24 - [MESSAGE][PASSED] - Object 'Object Repository/Page_The Story and Evolution of Doodles - G_6e786d/p_The first Doodle was a simple out-of-offi_345e61' is visible

17-06-2024T18:53:24 - [TEST_STEP][PASSED] - verifyElementVisible(findTestObject("Object Repository/Page_The Story and Evolution of Doodles - G_6e786d/h2_Weve created more than 5,000 Doodles ove_111429")): Object 'Object Repository/Page_The Story and Evolution of Doodles - G_6e786d/h2_Weve created more than 5,000 Doodles ove_111429' is visible

17-06-2024T18:53:25 - [MESSAGE][PASSED] - Object 'Object Repository/Page_The Story and Evolution of Doodles - G_6e786d/h2_Weve created more than 5,000 Doodles ove_111429' is visible]]></system-out>
         <system-err><![CDATA[]]></system-err>
      </testcase>
      <testcase name="Test Cases/test case folder 1/tc1 - Copy (7) - Copy (4)" time="19.613" classname="Test Cases/test case folder 1/tc1 - Copy (7) - Copy (4)" status="PASSED">
         <system-out><![CDATA[17-06-2024T18:53:25 - [TEST_CASE][PASSED] - Test Cases/test case folder 1/tc1 - Copy (7) - Copy (4): Test Cases/test case folder 1/tc1 - Copy (7) - Copy (4)

17-06-2024T18:53:25 - [TEST_STEP][PASSED] - openBrowser(""): Browser is opened with url: ''

17-06-2024T18:53:25 - [MESSAGE][WARNING] - A browser is already opened. Closing browser and opening a new one

17-06-2024T18:53:25 - [MESSAGE][INFO] - Starting 'Chrome (headless)' driver

17-06-2024T18:53:25 - [MESSAGE][INFO] - Action delay is set to 0 milliseconds

17-06-2024T18:53:26 - [MESSAGE][PASSED] - Browser is opened with url: ''

17-06-2024T18:53:26 - [TEST_STEP][PASSED] - navigateToUrl("https://doodles.google/about/"): Navigate to 'https://doodles.google/about/' successfully

17-06-2024T18:53:30 - [MESSAGE][PASSED] - Navigate to 'https://doodles.google/about/' successfully

17-06-2024T18:53:30 - [TEST_STEP][PASSED] - click(findTestObject("Object Repository/Page_The Story and Evolution of Doodles - G_6e786d/p_The first Doodle was a simple out-of-offi_345e61")): Object: 'Object Repository/Page_The Story and Evolution of Doodles - G_6e786d/p_The first Doodle was a simple out-of-offi_345e61' is clicked on

17-06-2024T18:53:30 - [MESSAGE][PASSED] - Object: 'Object Repository/Page_The Story and Evolution of Doodles - G_6e786d/p_The first Doodle was a simple out-of-offi_345e61' is clicked on

17-06-2024T18:53:30 - [TEST_STEP][PASSED] - click(findTestObject("Object Repository/Page_The Story and Evolution of Doodles - G_6e786d/p_The first Doodle was a simple out-of-offi_345e61")): Object: 'Object Repository/Page_The Story and Evolution of Doodles - G_6e786d/p_The first Doodle was a simple out-of-offi_345e61' is clicked on

17-06-2024T18:53:30 - [MESSAGE][PASSED] - Object: 'Object Repository/Page_The Story and Evolution of Doodles - G_6e786d/p_The first Doodle was a simple out-of-offi_345e61' is clicked on

17-06-2024T18:53:30 - [TEST_STEP][PASSED] - verifyElementVisible(findTestObject("Object Repository/Page_The Story and Evolution of Doodles - G_6e786d/h1_The story behind Doodles")): Object 'Object Repository/Page_The Story and Evolution of Doodles - G_6e786d/h1_The story behind Doodles' is visible

17-06-2024T18:53:31 - [MESSAGE][PASSED] - Object 'Object Repository/Page_The Story and Evolution of Doodles - G_6e786d/h1_The story behind Doodles' is visible

17-06-2024T18:53:31 - [TEST_STEP][PASSED] - verifyElementVisible(findTestObject("Object Repository/Page_The Story and Evolution of Doodles - G_6e786d/p_The first Doodle was a simple out-of-offi_345e61")): Object 'Object Repository/Page_The Story and Evolution of Doodles - G_6e786d/p_The first Doodle was a simple out-of-offi_345e61' is visible

17-06-2024T18:53:31 - [MESSAGE][PASSED] - Object 'Object Repository/Page_The Story and Evolution of Doodles - G_6e786d/p_The first Doodle was a simple out-of-offi_345e61' is visible

17-06-2024T18:53:31 - [TEST_STEP][PASSED] - verifyElementVisible(findTestObject("Object Repository/Page_The Story and Evolution of Doodles - G_6e786d/h2_Weve created more than 5,000 Doodles ove_111429")): Object 'Object Repository/Page_The Story and Evolution of Doodles - G_6e786d/h2_Weve created more than 5,000 Doodles ove_111429' is visible

17-06-2024T18:53:31 - [MESSAGE][PASSED] - Object 'Object Repository/Page_The Story and Evolution of Doodles - G_6e786d/h2_Weve created more than 5,000 Doodles ove_111429' is visible

17-06-2024T18:53:31 - [TEST_STEP][PASSED] - verifyElementVisible(findTestObject("Object Repository/Page_The Story and Evolution of Doodles - G_6e786d/h1_The story behind Doodles")): Object 'Object Repository/Page_The Story and Evolution of Doodles - G_6e786d/h1_The story behind Doodles' is visible

17-06-2024T18:53:32 - [MESSAGE][PASSED] - Object 'Object Repository/Page_The Story and Evolution of Doodles - G_6e786d/h1_The story behind Doodles' is visible

17-06-2024T18:53:32 - [TEST_STEP][PASSED] - verifyElementVisible(findTestObject("Object Repository/Page_The Story and Evolution of Doodles - G_6e786d/p_The first Doodle was a simple out-of-offi_345e61")): Object 'Object Repository/Page_The Story and Evolution of Doodles - G_6e786d/p_The first Doodle was a simple out-of-offi_345e61' is visible

17-06-2024T18:53:32 - [MESSAGE][PASSED] - Object 'Object Repository/Page_The Story and Evolution of Doodles - G_6e786d/p_The first Doodle was a simple out-of-offi_345e61' is visible

17-06-2024T18:53:32 - [TEST_STEP][PASSED] - verifyElementVisible(findTestObject("Object Repository/Page_The Story and Evolution of Doodles - G_6e786d/h2_Weve created more than 5,000 Doodles ove_111429")): Object 'Object Repository/Page_The Story and Evolution of Doodles - G_6e786d/h2_Weve created more than 5,000 Doodles ove_111429' is visible

17-06-2024T18:53:32 - [MESSAGE][PASSED] - Object 'Object Repository/Page_The Story and Evolution of Doodles - G_6e786d/h2_Weve created more than 5,000 Doodles ove_111429' is visible

17-06-2024T18:53:32 - [TEST_STEP][PASSED] - click(findTestObject("Object Repository/Page_The Story and Evolution of Doodles - G_6e786d/p_The first Doodle was a simple out-of-offi_345e61")): Object: 'Object Repository/Page_The Story and Evolution of Doodles - G_6e786d/p_The first Doodle was a simple out-of-offi_345e61' is clicked on

17-06-2024T18:53:33 - [MESSAGE][PASSED] - Object: 'Object Repository/Page_The Story and Evolution of Doodles - G_6e786d/p_The first Doodle was a simple out-of-offi_345e61' is clicked on

17-06-2024T18:53:33 - [TEST_STEP][PASSED] - verifyElementVisible(findTestObject("Object Repository/Page_The Story and Evolution of Doodles - G_6e786d/h1_The story behind Doodles")): Object 'Object Repository/Page_The Story and Evolution of Doodles - G_6e786d/h1_The story behind Doodles' is visible

17-06-2024T18:53:33 - [MESSAGE][PASSED] - Object 'Object Repository/Page_The Story and Evolution of Doodles - G_6e786d/h1_The story behind Doodles' is visible

17-06-2024T18:53:33 - [TEST_STEP][PASSED] - verifyElementVisible(findTestObject("Object Repository/Page_The Story and Evolution of Doodles - G_6e786d/p_The first Doodle was a simple out-of-offi_345e61")): Object 'Object Repository/Page_The Story and Evolution of Doodles - G_6e786d/p_The first Doodle was a simple out-of-offi_345e61' is visible

17-06-2024T18:53:33 - [MESSAGE][PASSED] - Object 'Object Repository/Page_The Story and Evolution of Doodles - G_6e786d/p_The first Doodle was a simple out-of-offi_345e61' is visible

17-06-2024T18:53:33 - [TEST_STEP][PASSED] - verifyElementVisible(findTestObject("Object Repository/Page_The Story and Evolution of Doodles - G_6e786d/h2_Weve created more than 5,000 Doodles ove_111429")): Object 'Object Repository/Page_The Story and Evolution of Doodles - G_6e786d/h2_Weve created more than 5,000 Doodles ove_111429' is visible

17-06-2024T18:53:34 - [MESSAGE][PASSED] - Object 'Object Repository/Page_The Story and Evolution of Doodles - G_6e786d/h2_Weve created more than 5,000 Doodles ove_111429' is visible

17-06-2024T18:53:34 - [TEST_STEP][PASSED] - click(findTestObject("Object Repository/Page_The Story and Evolution of Doodles - G_6e786d/p_The first Doodle was a simple out-of-offi_345e61")): Object: 'Object Repository/Page_The Story and Evolution of Doodles - G_6e786d/p_The first Doodle was a simple out-of-offi_345e61' is clicked on

17-06-2024T18:53:34 - [MESSAGE][PASSED] - Object: 'Object Repository/Page_The Story and Evolution of Doodles - G_6e786d/p_The first Doodle was a simple out-of-offi_345e61' is clicked on

17-06-2024T18:53:34 - [TEST_STEP][PASSED] - verifyElementVisible(findTestObject("Object Repository/Page_The Story and Evolution of Doodles - G_6e786d/h1_The story behind Doodles")): Object 'Object Repository/Page_The Story and Evolution of Doodles - G_6e786d/h1_The story behind Doodles' is visible

17-06-2024T18:53:34 - [MESSAGE][PASSED] - Object 'Object Repository/Page_The Story and Evolution of Doodles - G_6e786d/h1_The story behind Doodles' is visible

17-06-2024T18:53:34 - [TEST_STEP][PASSED] - verifyElementVisible(findTestObject("Object Repository/Page_The Story and Evolution of Doodles - G_6e786d/p_The first Doodle was a simple out-of-offi_345e61")): Object 'Object Repository/Page_The Story and Evolution of Doodles - G_6e786d/p_The first Doodle was a simple out-of-offi_345e61' is visible

17-06-2024T18:53:35 - [MESSAGE][PASSED] - Object 'Object Repository/Page_The Story and Evolution of Doodles - G_6e786d/p_The first Doodle was a simple out-of-offi_345e61' is visible

17-06-2024T18:53:35 - [TEST_STEP][PASSED] - verifyElementVisible(findTestObject("Object Repository/Page_The Story and Evolution of Doodles - G_6e786d/h2_Weve created more than 5,000 Doodles ove_111429")): Object 'Object Repository/Page_The Story and Evolution of Doodles - G_6e786d/h2_Weve created more than 5,000 Doodles ove_111429' is visible

17-06-2024T18:53:35 - [MESSAGE][PASSED] - Object 'Object Repository/Page_The Story and Evolution of Doodles - G_6e786d/h2_Weve created more than 5,000 Doodles ove_111429' is visible

17-06-2024T18:53:35 - [TEST_STEP][PASSED] - click(findTestObject("Object Repository/Page_The Story and Evolution of Doodles - G_6e786d/p_The first Doodle was a simple out-of-offi_345e61")): Object: 'Object Repository/Page_The Story and Evolution of Doodles - G_6e786d/p_The first Doodle was a simple out-of-offi_345e61' is clicked on

17-06-2024T18:53:35 - [MESSAGE][PASSED] - Object: 'Object Repository/Page_The Story and Evolution of Doodles - G_6e786d/p_The first Doodle was a simple out-of-offi_345e61' is clicked on

17-06-2024T18:53:35 - [TEST_STEP][PASSED] - verifyElementVisible(findTestObject("Object Repository/Page_The Story and Evolution of Doodles - G_6e786d/h1_The story behind Doodles")): Object 'Object Repository/Page_The Story and Evolution of Doodles - G_6e786d/h1_The story behind Doodles' is visible

17-06-2024T18:53:36 - [MESSAGE][PASSED] - Object 'Object Repository/Page_The Story and Evolution of Doodles - G_6e786d/h1_The story behind Doodles' is visible

17-06-2024T18:53:36 - [TEST_STEP][PASSED] - verifyElementVisible(findTestObject("Object Repository/Page_The Story and Evolution of Doodles - G_6e786d/p_The first Doodle was a simple out-of-offi_345e61")): Object 'Object Repository/Page_The Story and Evolution of Doodles - G_6e786d/p_The first Doodle was a simple out-of-offi_345e61' is visible

17-06-2024T18:53:36 - [MESSAGE][PASSED] - Object 'Object Repository/Page_The Story and Evolution of Doodles - G_6e786d/p_The first Doodle was a simple out-of-offi_345e61' is visible

17-06-2024T18:53:36 - [TEST_STEP][PASSED] - verifyElementVisible(findTestObject("Object Repository/Page_The Story and Evolution of Doodles - G_6e786d/h2_Weve created more than 5,000 Doodles ove_111429")): Object 'Object Repository/Page_The Story and Evolution of Doodles - G_6e786d/h2_Weve created more than 5,000 Doodles ove_111429' is visible

17-06-2024T18:53:36 - [MESSAGE][PASSED] - Object 'Object Repository/Page_The Story and Evolution of Doodles - G_6e786d/h2_Weve created more than 5,000 Doodles ove_111429' is visible

17-06-2024T18:53:36 - [TEST_STEP][PASSED] - click(findTestObject("Object Repository/Page_The Story and Evolution of Doodles - G_6e786d/p_The first Doodle was a simple out-of-offi_345e61")): Object: 'Object Repository/Page_The Story and Evolution of Doodles - G_6e786d/p_The first Doodle was a simple out-of-offi_345e61' is clicked on

17-06-2024T18:53:37 - [MESSAGE][PASSED] - Object: 'Object Repository/Page_The Story and Evolution of Doodles - G_6e786d/p_The first Doodle was a simple out-of-offi_345e61' is clicked on

17-06-2024T18:53:37 - [TEST_STEP][PASSED] - verifyElementVisible(findTestObject("Object Repository/Page_The Story and Evolution of Doodles - G_6e786d/h1_The story behind Doodles")): Object 'Object Repository/Page_The Story and Evolution of Doodles - G_6e786d/h1_The story behind Doodles' is visible

17-06-2024T18:53:37 - [MESSAGE][PASSED] - Object 'Object Repository/Page_The Story and Evolution of Doodles - G_6e786d/h1_The story behind Doodles' is visible

17-06-2024T18:53:37 - [TEST_STEP][PASSED] - verifyElementVisible(findTestObject("Object Repository/Page_The Story and Evolution of Doodles - G_6e786d/p_The first Doodle was a simple out-of-offi_345e61")): Object 'Object Repository/Page_The Story and Evolution of Doodles - G_6e786d/p_The first Doodle was a simple out-of-offi_345e61' is visible

17-06-2024T18:53:37 - [MESSAGE][PASSED] - Object 'Object Repository/Page_The Story and Evolution of Doodles - G_6e786d/p_The first Doodle was a simple out-of-offi_345e61' is visible

17-06-2024T18:53:37 - [TEST_STEP][PASSED] - verifyElementVisible(findTestObject("Object Repository/Page_The Story and Evolution of Doodles - G_6e786d/h2_Weve created more than 5,000 Doodles ove_111429")): Object 'Object Repository/Page_The Story and Evolution of Doodles - G_6e786d/h2_Weve created more than 5,000 Doodles ove_111429' is visible

17-06-2024T18:53:37 - [MESSAGE][PASSED] - Object 'Object Repository/Page_The Story and Evolution of Doodles - G_6e786d/h2_Weve created more than 5,000 Doodles ove_111429' is visible

17-06-2024T18:53:37 - [TEST_STEP][PASSED] - click(findTestObject("Object Repository/Page_The Story and Evolution of Doodles - G_6e786d/p_The first Doodle was a simple out-of-offi_345e61")): Object: 'Object Repository/Page_The Story and Evolution of Doodles - G_6e786d/p_The first Doodle was a simple out-of-offi_345e61' is clicked on

17-06-2024T18:53:38 - [MESSAGE][PASSED] - Object: 'Object Repository/Page_The Story and Evolution of Doodles - G_6e786d/p_The first Doodle was a simple out-of-offi_345e61' is clicked on

17-06-2024T18:53:38 - [TEST_STEP][PASSED] - verifyElementVisible(findTestObject("Object Repository/Page_The Story and Evolution of Doodles - G_6e786d/h1_The story behind Doodles")): Object 'Object Repository/Page_The Story and Evolution of Doodles - G_6e786d/h1_The story behind Doodles' is visible

17-06-2024T18:53:38 - [MESSAGE][PASSED] - Object 'Object Repository/Page_The Story and Evolution of Doodles - G_6e786d/h1_The story behind Doodles' is visible

17-06-2024T18:53:38 - [TEST_STEP][PASSED] - verifyElementVisible(findTestObject("Object Repository/Page_The Story and Evolution of Doodles - G_6e786d/p_The first Doodle was a simple out-of-offi_345e61")): Object 'Object Repository/Page_The Story and Evolution of Doodles - G_6e786d/p_The first Doodle was a simple out-of-offi_345e61' is visible

17-06-2024T18:53:38 - [MESSAGE][PASSED] - Object 'Object Repository/Page_The Story and Evolution of Doodles - G_6e786d/p_The first Doodle was a simple out-of-offi_345e61' is visible

17-06-2024T18:53:38 - [TEST_STEP][PASSED] - verifyElementVisible(findTestObject("Object Repository/Page_The Story and Evolution of Doodles - G_6e786d/h2_Weve created more than 5,000 Doodles ove_111429")): Object 'Object Repository/Page_The Story and Evolution of Doodles - G_6e786d/h2_Weve created more than 5,000 Doodles ove_111429' is visible

17-06-2024T18:53:39 - [MESSAGE][PASSED] - Object 'Object Repository/Page_The Story and Evolution of Doodles - G_6e786d/h2_Weve created more than 5,000 Doodles ove_111429' is visible

17-06-2024T18:53:39 - [TEST_STEP][PASSED] - click(findTestObject("Object Repository/Page_The Story and Evolution of Doodles - G_6e786d/p_The first Doodle was a simple out-of-offi_345e61")): Object: 'Object Repository/Page_The Story and Evolution of Doodles - G_6e786d/p_The first Doodle was a simple out-of-offi_345e61' is clicked on

17-06-2024T18:53:39 - [MESSAGE][PASSED] - Object: 'Object Repository/Page_The Story and Evolution of Doodles - G_6e786d/p_The first Doodle was a simple out-of-offi_345e61' is clicked on

17-06-2024T18:53:39 - [TEST_STEP][PASSED] - verifyElementVisible(findTestObject("Object Repository/Page_The Story and Evolution of Doodles - G_6e786d/h1_The story behind Doodles")): Object 'Object Repository/Page_The Story and Evolution of Doodles - G_6e786d/h1_The story behind Doodles' is visible

17-06-2024T18:53:40 - [MESSAGE][PASSED] - Object 'Object Repository/Page_The Story and Evolution of Doodles - G_6e786d/h1_The story behind Doodles' is visible

17-06-2024T18:53:40 - [TEST_STEP][PASSED] - verifyElementVisible(findTestObject("Object Repository/Page_The Story and Evolution of Doodles - G_6e786d/p_The first Doodle was a simple out-of-offi_345e61")): Object 'Object Repository/Page_The Story and Evolution of Doodles - G_6e786d/p_The first Doodle was a simple out-of-offi_345e61' is visible

17-06-2024T18:53:40 - [MESSAGE][PASSED] - Object 'Object Repository/Page_The Story and Evolution of Doodles - G_6e786d/p_The first Doodle was a simple out-of-offi_345e61' is visible

17-06-2024T18:53:40 - [TEST_STEP][PASSED] - verifyElementVisible(findTestObject("Object Repository/Page_The Story and Evolution of Doodles - G_6e786d/h2_Weve created more than 5,000 Doodles ove_111429")): Object 'Object Repository/Page_The Story and Evolution of Doodles - G_6e786d/h2_Weve created more than 5,000 Doodles ove_111429' is visible

17-06-2024T18:53:40 - [MESSAGE][PASSED] - Object 'Object Repository/Page_The Story and Evolution of Doodles - G_6e786d/h2_Weve created more than 5,000 Doodles ove_111429' is visible

17-06-2024T18:53:40 - [TEST_STEP][PASSED] - click(findTestObject("Object Repository/Page_The Story and Evolution of Doodles - G_6e786d/p_The first Doodle was a simple out-of-offi_345e61")): Object: 'Object Repository/Page_The Story and Evolution of Doodles - G_6e786d/p_The first Doodle was a simple out-of-offi_345e61' is clicked on

17-06-2024T18:53:41 - [MESSAGE][PASSED] - Object: 'Object Repository/Page_The Story and Evolution of Doodles - G_6e786d/p_The first Doodle was a simple out-of-offi_345e61' is clicked on

17-06-2024T18:53:41 - [TEST_STEP][PASSED] - verifyElementVisible(findTestObject("Object Repository/Page_The Story and Evolution of Doodles - G_6e786d/h1_The story behind Doodles")): Object 'Object Repository/Page_The Story and Evolution of Doodles - G_6e786d/h1_The story behind Doodles' is visible

17-06-2024T18:53:41 - [MESSAGE][PASSED] - Object 'Object Repository/Page_The Story and Evolution of Doodles - G_6e786d/h1_The story behind Doodles' is visible

17-06-2024T18:53:41 - [TEST_STEP][PASSED] - verifyElementVisible(findTestObject("Object Repository/Page_The Story and Evolution of Doodles - G_6e786d/p_The first Doodle was a simple out-of-offi_345e61")): Object 'Object Repository/Page_The Story and Evolution of Doodles - G_6e786d/p_The first Doodle was a simple out-of-offi_345e61' is visible

17-06-2024T18:53:41 - [MESSAGE][PASSED] - Object 'Object Repository/Page_The Story and Evolution of Doodles - G_6e786d/p_The first Doodle was a simple out-of-offi_345e61' is visible

17-06-2024T18:53:41 - [TEST_STEP][PASSED] - verifyElementVisible(findTestObject("Object Repository/Page_The Story and Evolution of Doodles - G_6e786d/h2_Weve created more than 5,000 Doodles ove_111429")): Object 'Object Repository/Page_The Story and Evolution of Doodles - G_6e786d/h2_Weve created more than 5,000 Doodles ove_111429' is visible

17-06-2024T18:53:42 - [MESSAGE][PASSED] - Object 'Object Repository/Page_The Story and Evolution of Doodles - G_6e786d/h2_Weve created more than 5,000 Doodles ove_111429' is visible

17-06-2024T18:53:42 - [TEST_STEP][PASSED] - click(findTestObject("Object Repository/Page_The Story and Evolution of Doodles - G_6e786d/p_The first Doodle was a simple out-of-offi_345e61")): Object: 'Object Repository/Page_The Story and Evolution of Doodles - G_6e786d/p_The first Doodle was a simple out-of-offi_345e61' is clicked on

17-06-2024T18:53:42 - [MESSAGE][PASSED] - Object: 'Object Repository/Page_The Story and Evolution of Doodles - G_6e786d/p_The first Doodle was a simple out-of-offi_345e61' is clicked on

17-06-2024T18:53:42 - [TEST_STEP][PASSED] - verifyElementVisible(findTestObject("Object Repository/Page_The Story and Evolution of Doodles - G_6e786d/h1_The story behind Doodles")): Object 'Object Repository/Page_The Story and Evolution of Doodles - G_6e786d/h1_The story behind Doodles' is visible

17-06-2024T18:53:42 - [MESSAGE][PASSED] - Object 'Object Repository/Page_The Story and Evolution of Doodles - G_6e786d/h1_The story behind Doodles' is visible

17-06-2024T18:53:42 - [TEST_STEP][PASSED] - verifyElementVisible(findTestObject("Object Repository/Page_The Story and Evolution of Doodles - G_6e786d/p_The first Doodle was a simple out-of-offi_345e61")): Object 'Object Repository/Page_The Story and Evolution of Doodles - G_6e786d/p_The first Doodle was a simple out-of-offi_345e61' is visible

17-06-2024T18:53:43 - [MESSAGE][PASSED] - Object 'Object Repository/Page_The Story and Evolution of Doodles - G_6e786d/p_The first Doodle was a simple out-of-offi_345e61' is visible

17-06-2024T18:53:43 - [TEST_STEP][PASSED] - verifyElementVisible(findTestObject("Object Repository/Page_The Story and Evolution of Doodles - G_6e786d/h2_Weve created more than 5,000 Doodles ove_111429")): Object 'Object Repository/Page_The Story and Evolution of Doodles - G_6e786d/h2_Weve created more than 5,000 Doodles ove_111429' is visible

17-06-2024T18:53:43 - [MESSAGE][PASSED] - Object 'Object Repository/Page_The Story and Evolution of Doodles - G_6e786d/h2_Weve created more than 5,000 Doodles ove_111429' is visible

17-06-2024T18:53:43 - [TEST_STEP][PASSED] - click(findTestObject("Object Repository/Page_The Story and Evolution of Doodles - G_6e786d/p_The first Doodle was a simple out-of-offi_345e61")): Object: 'Object Repository/Page_The Story and Evolution of Doodles - G_6e786d/p_The first Doodle was a simple out-of-offi_345e61' is clicked on

17-06-2024T18:53:43 - [MESSAGE][PASSED] - Object: 'Object Repository/Page_The Story and Evolution of Doodles - G_6e786d/p_The first Doodle was a simple out-of-offi_345e61' is clicked on

17-06-2024T18:53:43 - [TEST_STEP][PASSED] - verifyElementVisible(findTestObject("Object Repository/Page_The Story and Evolution of Doodles - G_6e786d/h1_The story behind Doodles")): Object 'Object Repository/Page_The Story and Evolution of Doodles - G_6e786d/h1_The story behind Doodles' is visible

17-06-2024T18:53:44 - [MESSAGE][PASSED] - Object 'Object Repository/Page_The Story and Evolution of Doodles - G_6e786d/h1_The story behind Doodles' is visible

17-06-2024T18:53:44 - [TEST_STEP][PASSED] - verifyElementVisible(findTestObject("Object Repository/Page_The Story and Evolution of Doodles - G_6e786d/p_The first Doodle was a simple out-of-offi_345e61")): Object 'Object Repository/Page_The Story and Evolution of Doodles - G_6e786d/p_The first Doodle was a simple out-of-offi_345e61' is visible

17-06-2024T18:53:44 - [MESSAGE][PASSED] - Object 'Object Repository/Page_The Story and Evolution of Doodles - G_6e786d/p_The first Doodle was a simple out-of-offi_345e61' is visible

17-06-2024T18:53:44 - [TEST_STEP][PASSED] - verifyElementVisible(findTestObject("Object Repository/Page_The Story and Evolution of Doodles - G_6e786d/h2_Weve created more than 5,000 Doodles ove_111429")): Object 'Object Repository/Page_The Story and Evolution of Doodles - G_6e786d/h2_Weve created more than 5,000 Doodles ove_111429' is visible

17-06-2024T18:53:44 - [MESSAGE][PASSED] - Object 'Object Repository/Page_The Story and Evolution of Doodles - G_6e786d/h2_Weve created more than 5,000 Doodles ove_111429' is visible]]></system-out>
         <system-err><![CDATA[]]></system-err>
      </testcase>
      <testcase name="Test Cases/test case folder 1/tc1 - Copy (7) - Copy (3)" time="19.611" classname="Test Cases/test case folder 1/tc1 - Copy (7) - Copy (3)" status="PASSED">
         <system-out><![CDATA[17-06-2024T18:53:44 - [TEST_CASE][PASSED] - Test Cases/test case folder 1/tc1 - Copy (7) - Copy (3): Test Cases/test case folder 1/tc1 - Copy (7) - Copy (3)

17-06-2024T18:53:44 - [TEST_STEP][PASSED] - openBrowser(""): Browser is opened with url: ''

17-06-2024T18:53:44 - [MESSAGE][WARNING] - A browser is already opened. Closing browser and opening a new one

17-06-2024T18:53:45 - [MESSAGE][INFO] - Starting 'Chrome (headless)' driver

17-06-2024T18:53:45 - [MESSAGE][INFO] - Action delay is set to 0 milliseconds

17-06-2024T18:53:45 - [MESSAGE][PASSED] - Browser is opened with url: ''

17-06-2024T18:53:45 - [TEST_STEP][PASSED] - navigateToUrl("https://doodles.google/about/"): Navigate to 'https://doodles.google/about/' successfully

17-06-2024T18:53:48 - [MESSAGE][PASSED] - Navigate to 'https://doodles.google/about/' successfully

17-06-2024T18:53:48 - [TEST_STEP][PASSED] - click(findTestObject("Object Repository/Page_The Story and Evolution of Doodles - G_6e786d/p_The first Doodle was a simple out-of-offi_345e61")): Object: 'Object Repository/Page_The Story and Evolution of Doodles - G_6e786d/p_The first Doodle was a simple out-of-offi_345e61' is clicked on

17-06-2024T18:53:49 - [MESSAGE][PASSED] - Object: 'Object Repository/Page_The Story and Evolution of Doodles - G_6e786d/p_The first Doodle was a simple out-of-offi_345e61' is clicked on

17-06-2024T18:53:49 - [TEST_STEP][PASSED] - click(findTestObject("Object Repository/Page_The Story and Evolution of Doodles - G_6e786d/p_The first Doodle was a simple out-of-offi_345e61")): Object: 'Object Repository/Page_The Story and Evolution of Doodles - G_6e786d/p_The first Doodle was a simple out-of-offi_345e61' is clicked on

17-06-2024T18:53:49 - [MESSAGE][PASSED] - Object: 'Object Repository/Page_The Story and Evolution of Doodles - G_6e786d/p_The first Doodle was a simple out-of-offi_345e61' is clicked on

17-06-2024T18:53:49 - [TEST_STEP][PASSED] - verifyElementVisible(findTestObject("Object Repository/Page_The Story and Evolution of Doodles - G_6e786d/h1_The story behind Doodles")): Object 'Object Repository/Page_The Story and Evolution of Doodles - G_6e786d/h1_The story behind Doodles' is visible

17-06-2024T18:53:50 - [MESSAGE][PASSED] - Object 'Object Repository/Page_The Story and Evolution of Doodles - G_6e786d/h1_The story behind Doodles' is visible

17-06-2024T18:53:50 - [TEST_STEP][PASSED] - verifyElementVisible(findTestObject("Object Repository/Page_The Story and Evolution of Doodles - G_6e786d/p_The first Doodle was a simple out-of-offi_345e61")): Object 'Object Repository/Page_The Story and Evolution of Doodles - G_6e786d/p_The first Doodle was a simple out-of-offi_345e61' is visible

17-06-2024T18:53:50 - [MESSAGE][PASSED] - Object 'Object Repository/Page_The Story and Evolution of Doodles - G_6e786d/p_The first Doodle was a simple out-of-offi_345e61' is visible

17-06-2024T18:53:50 - [TEST_STEP][PASSED] - verifyElementVisible(findTestObject("Object Repository/Page_The Story and Evolution of Doodles - G_6e786d/h2_Weve created more than 5,000 Doodles ove_111429")): Object 'Object Repository/Page_The Story and Evolution of Doodles - G_6e786d/h2_Weve created more than 5,000 Doodles ove_111429' is visible

17-06-2024T18:53:50 - [MESSAGE][PASSED] - Object 'Object Repository/Page_The Story and Evolution of Doodles - G_6e786d/h2_Weve created more than 5,000 Doodles ove_111429' is visible

17-06-2024T18:53:50 - [TEST_STEP][PASSED] - verifyElementVisible(findTestObject("Object Repository/Page_The Story and Evolution of Doodles - G_6e786d/h1_The story behind Doodles")): Object 'Object Repository/Page_The Story and Evolution of Doodles - G_6e786d/h1_The story behind Doodles' is visible

17-06-2024T18:53:51 - [MESSAGE][PASSED] - Object 'Object Repository/Page_The Story and Evolution of Doodles - G_6e786d/h1_The story behind Doodles' is visible

17-06-2024T18:53:51 - [TEST_STEP][PASSED] - verifyElementVisible(findTestObject("Object Repository/Page_The Story and Evolution of Doodles - G_6e786d/p_The first Doodle was a simple out-of-offi_345e61")): Object 'Object Repository/Page_The Story and Evolution of Doodles - G_6e786d/p_The first Doodle was a simple out-of-offi_345e61' is visible

17-06-2024T18:53:51 - [MESSAGE][PASSED] - Object 'Object Repository/Page_The Story and Evolution of Doodles - G_6e786d/p_The first Doodle was a simple out-of-offi_345e61' is visible

17-06-2024T18:53:51 - [TEST_STEP][PASSED] - verifyElementVisible(findTestObject("Object Repository/Page_The Story and Evolution of Doodles - G_6e786d/h2_Weve created more than 5,000 Doodles ove_111429")): Object 'Object Repository/Page_The Story and Evolution of Doodles - G_6e786d/h2_Weve created more than 5,000 Doodles ove_111429' is visible

17-06-2024T18:53:51 - [MESSAGE][PASSED] - Object 'Object Repository/Page_The Story and Evolution of Doodles - G_6e786d/h2_Weve created more than 5,000 Doodles ove_111429' is visible

17-06-2024T18:53:51 - [TEST_STEP][PASSED] - click(findTestObject("Object Repository/Page_The Story and Evolution of Doodles - G_6e786d/p_The first Doodle was a simple out-of-offi_345e61")): Object: 'Object Repository/Page_The Story and Evolution of Doodles - G_6e786d/p_The first Doodle was a simple out-of-offi_345e61' is clicked on

17-06-2024T18:53:52 - [MESSAGE][PASSED] - Object: 'Object Repository/Page_The Story and Evolution of Doodles - G_6e786d/p_The first Doodle was a simple out-of-offi_345e61' is clicked on

17-06-2024T18:53:52 - [TEST_STEP][PASSED] - verifyElementVisible(findTestObject("Object Repository/Page_The Story and Evolution of Doodles - G_6e786d/h1_The story behind Doodles")): Object 'Object Repository/Page_The Story and Evolution of Doodles - G_6e786d/h1_The story behind Doodles' is visible

17-06-2024T18:53:52 - [MESSAGE][PASSED] - Object 'Object Repository/Page_The Story and Evolution of Doodles - G_6e786d/h1_The story behind Doodles' is visible

17-06-2024T18:53:52 - [TEST_STEP][PASSED] - verifyElementVisible(findTestObject("Object Repository/Page_The Story and Evolution of Doodles - G_6e786d/p_The first Doodle was a simple out-of-offi_345e61")): Object 'Object Repository/Page_The Story and Evolution of Doodles - G_6e786d/p_The first Doodle was a simple out-of-offi_345e61' is visible

17-06-2024T18:53:52 - [MESSAGE][PASSED] - Object 'Object Repository/Page_The Story and Evolution of Doodles - G_6e786d/p_The first Doodle was a simple out-of-offi_345e61' is visible

17-06-2024T18:53:52 - [TEST_STEP][PASSED] - verifyElementVisible(findTestObject("Object Repository/Page_The Story and Evolution of Doodles - G_6e786d/h2_Weve created more than 5,000 Doodles ove_111429")): Object 'Object Repository/Page_The Story and Evolution of Doodles - G_6e786d/h2_Weve created more than 5,000 Doodles ove_111429' is visible

17-06-2024T18:53:53 - [MESSAGE][PASSED] - Object 'Object Repository/Page_The Story and Evolution of Doodles - G_6e786d/h2_Weve created more than 5,000 Doodles ove_111429' is visible

17-06-2024T18:53:53 - [TEST_STEP][PASSED] - click(findTestObject("Object Repository/Page_The Story and Evolution of Doodles - G_6e786d/p_The first Doodle was a simple out-of-offi_345e61")): Object: 'Object Repository/Page_The Story and Evolution of Doodles - G_6e786d/p_The first Doodle was a simple out-of-offi_345e61' is clicked on

17-06-2024T18:53:53 - [MESSAGE][PASSED] - Object: 'Object Repository/Page_The Story and Evolution of Doodles - G_6e786d/p_The first Doodle was a simple out-of-offi_345e61' is clicked on

17-06-2024T18:53:53 - [TEST_STEP][PASSED] - verifyElementVisible(findTestObject("Object Repository/Page_The Story and Evolution of Doodles - G_6e786d/h1_The story behind Doodles")): Object 'Object Repository/Page_The Story and Evolution of Doodles - G_6e786d/h1_The story behind Doodles' is visible

17-06-2024T18:53:53 - [MESSAGE][PASSED] - Object 'Object Repository/Page_The Story and Evolution of Doodles - G_6e786d/h1_The story behind Doodles' is visible

17-06-2024T18:53:53 - [TEST_STEP][PASSED] - verifyElementVisible(findTestObject("Object Repository/Page_The Story and Evolution of Doodles - G_6e786d/p_The first Doodle was a simple out-of-offi_345e61")): Object 'Object Repository/Page_The Story and Evolution of Doodles - G_6e786d/p_The first Doodle was a simple out-of-offi_345e61' is visible

17-06-2024T18:53:54 - [MESSAGE][PASSED] - Object 'Object Repository/Page_The Story and Evolution of Doodles - G_6e786d/p_The first Doodle was a simple out-of-offi_345e61' is visible

17-06-2024T18:53:54 - [TEST_STEP][PASSED] - verifyElementVisible(findTestObject("Object Repository/Page_The Story and Evolution of Doodles - G_6e786d/h2_Weve created more than 5,000 Doodles ove_111429")): Object 'Object Repository/Page_The Story and Evolution of Doodles - G_6e786d/h2_Weve created more than 5,000 Doodles ove_111429' is visible

17-06-2024T18:53:54 - [MESSAGE][PASSED] - Object 'Object Repository/Page_The Story and Evolution of Doodles - G_6e786d/h2_Weve created more than 5,000 Doodles ove_111429' is visible

17-06-2024T18:53:54 - [TEST_STEP][PASSED] - click(findTestObject("Object Repository/Page_The Story and Evolution of Doodles - G_6e786d/p_The first Doodle was a simple out-of-offi_345e61")): Object: 'Object Repository/Page_The Story and Evolution of Doodles - G_6e786d/p_The first Doodle was a simple out-of-offi_345e61' is clicked on

17-06-2024T18:53:54 - [MESSAGE][PASSED] - Object: 'Object Repository/Page_The Story and Evolution of Doodles - G_6e786d/p_The first Doodle was a simple out-of-offi_345e61' is clicked on

17-06-2024T18:53:54 - [TEST_STEP][PASSED] - verifyElementVisible(findTestObject("Object Repository/Page_The Story and Evolution of Doodles - G_6e786d/h1_The story behind Doodles")): Object 'Object Repository/Page_The Story and Evolution of Doodles - G_6e786d/h1_The story behind Doodles' is visible

17-06-2024T18:53:55 - [MESSAGE][PASSED] - Object 'Object Repository/Page_The Story and Evolution of Doodles - G_6e786d/h1_The story behind Doodles' is visible

17-06-2024T18:53:55 - [TEST_STEP][PASSED] - verifyElementVisible(findTestObject("Object Repository/Page_The Story and Evolution of Doodles - G_6e786d/p_The first Doodle was a simple out-of-offi_345e61")): Object 'Object Repository/Page_The Story and Evolution of Doodles - G_6e786d/p_The first Doodle was a simple out-of-offi_345e61' is visible

17-06-2024T18:53:55 - [MESSAGE][PASSED] - Object 'Object Repository/Page_The Story and Evolution of Doodles - G_6e786d/p_The first Doodle was a simple out-of-offi_345e61' is visible

17-06-2024T18:53:55 - [TEST_STEP][PASSED] - verifyElementVisible(findTestObject("Object Repository/Page_The Story and Evolution of Doodles - G_6e786d/h2_Weve created more than 5,000 Doodles ove_111429")): Object 'Object Repository/Page_The Story and Evolution of Doodles - G_6e786d/h2_Weve created more than 5,000 Doodles ove_111429' is visible

17-06-2024T18:53:55 - [MESSAGE][PASSED] - Object 'Object Repository/Page_The Story and Evolution of Doodles - G_6e786d/h2_Weve created more than 5,000 Doodles ove_111429' is visible

17-06-2024T18:53:55 - [TEST_STEP][PASSED] - click(findTestObject("Object Repository/Page_The Story and Evolution of Doodles - G_6e786d/p_The first Doodle was a simple out-of-offi_345e61")): Object: 'Object Repository/Page_The Story and Evolution of Doodles - G_6e786d/p_The first Doodle was a simple out-of-offi_345e61' is clicked on

17-06-2024T18:53:56 - [MESSAGE][PASSED] - Object: 'Object Repository/Page_The Story and Evolution of Doodles - G_6e786d/p_The first Doodle was a simple out-of-offi_345e61' is clicked on

17-06-2024T18:53:56 - [TEST_STEP][PASSED] - verifyElementVisible(findTestObject("Object Repository/Page_The Story and Evolution of Doodles - G_6e786d/h1_The story behind Doodles")): Object 'Object Repository/Page_The Story and Evolution of Doodles - G_6e786d/h1_The story behind Doodles' is visible

17-06-2024T18:53:56 - [MESSAGE][PASSED] - Object 'Object Repository/Page_The Story and Evolution of Doodles - G_6e786d/h1_The story behind Doodles' is visible

17-06-2024T18:53:56 - [TEST_STEP][PASSED] - verifyElementVisible(findTestObject("Object Repository/Page_The Story and Evolution of Doodles - G_6e786d/p_The first Doodle was a simple out-of-offi_345e61")): Object 'Object Repository/Page_The Story and Evolution of Doodles - G_6e786d/p_The first Doodle was a simple out-of-offi_345e61' is visible

17-06-2024T18:53:56 - [MESSAGE][PASSED] - Object 'Object Repository/Page_The Story and Evolution of Doodles - G_6e786d/p_The first Doodle was a simple out-of-offi_345e61' is visible

17-06-2024T18:53:56 - [TEST_STEP][PASSED] - verifyElementVisible(findTestObject("Object Repository/Page_The Story and Evolution of Doodles - G_6e786d/h2_Weve created more than 5,000 Doodles ove_111429")): Object 'Object Repository/Page_The Story and Evolution of Doodles - G_6e786d/h2_Weve created more than 5,000 Doodles ove_111429' is visible

17-06-2024T18:53:57 - [MESSAGE][PASSED] - Object 'Object Repository/Page_The Story and Evolution of Doodles - G_6e786d/h2_Weve created more than 5,000 Doodles ove_111429' is visible

17-06-2024T18:53:57 - [TEST_STEP][PASSED] - click(findTestObject("Object Repository/Page_The Story and Evolution of Doodles - G_6e786d/p_The first Doodle was a simple out-of-offi_345e61")): Object: 'Object Repository/Page_The Story and Evolution of Doodles - G_6e786d/p_The first Doodle was a simple out-of-offi_345e61' is clicked on

17-06-2024T18:53:57 - [MESSAGE][PASSED] - Object: 'Object Repository/Page_The Story and Evolution of Doodles - G_6e786d/p_The first Doodle was a simple out-of-offi_345e61' is clicked on

17-06-2024T18:53:57 - [TEST_STEP][PASSED] - verifyElementVisible(findTestObject("Object Repository/Page_The Story and Evolution of Doodles - G_6e786d/h1_The story behind Doodles")): Object 'Object Repository/Page_The Story and Evolution of Doodles - G_6e786d/h1_The story behind Doodles' is visible

17-06-2024T18:53:58 - [MESSAGE][PASSED] - Object 'Object Repository/Page_The Story and Evolution of Doodles - G_6e786d/h1_The story behind Doodles' is visible

17-06-2024T18:53:58 - [TEST_STEP][PASSED] - verifyElementVisible(findTestObject("Object Repository/Page_The Story and Evolution of Doodles - G_6e786d/p_The first Doodle was a simple out-of-offi_345e61")): Object 'Object Repository/Page_The Story and Evolution of Doodles - G_6e786d/p_The first Doodle was a simple out-of-offi_345e61' is visible

17-06-2024T18:53:58 - [MESSAGE][PASSED] - Object 'Object Repository/Page_The Story and Evolution of Doodles - G_6e786d/p_The first Doodle was a simple out-of-offi_345e61' is visible

17-06-2024T18:53:58 - [TEST_STEP][PASSED] - verifyElementVisible(findTestObject("Object Repository/Page_The Story and Evolution of Doodles - G_6e786d/h2_Weve created more than 5,000 Doodles ove_111429")): Object 'Object Repository/Page_The Story and Evolution of Doodles - G_6e786d/h2_Weve created more than 5,000 Doodles ove_111429' is visible

17-06-2024T18:53:58 - [MESSAGE][PASSED] - Object 'Object Repository/Page_The Story and Evolution of Doodles - G_6e786d/h2_Weve created more than 5,000 Doodles ove_111429' is visible

17-06-2024T18:53:58 - [TEST_STEP][PASSED] - click(findTestObject("Object Repository/Page_The Story and Evolution of Doodles - G_6e786d/p_The first Doodle was a simple out-of-offi_345e61")): Object: 'Object Repository/Page_The Story and Evolution of Doodles - G_6e786d/p_The first Doodle was a simple out-of-offi_345e61' is clicked on

17-06-2024T18:53:59 - [MESSAGE][PASSED] - Object: 'Object Repository/Page_The Story and Evolution of Doodles - G_6e786d/p_The first Doodle was a simple out-of-offi_345e61' is clicked on

17-06-2024T18:53:59 - [TEST_STEP][PASSED] - verifyElementVisible(findTestObject("Object Repository/Page_The Story and Evolution of Doodles - G_6e786d/h1_The story behind Doodles")): Object 'Object Repository/Page_The Story and Evolution of Doodles - G_6e786d/h1_The story behind Doodles' is visible

17-06-2024T18:53:59 - [MESSAGE][PASSED] - Object 'Object Repository/Page_The Story and Evolution of Doodles - G_6e786d/h1_The story behind Doodles' is visible

17-06-2024T18:53:59 - [TEST_STEP][PASSED] - verifyElementVisible(findTestObject("Object Repository/Page_The Story and Evolution of Doodles - G_6e786d/p_The first Doodle was a simple out-of-offi_345e61")): Object 'Object Repository/Page_The Story and Evolution of Doodles - G_6e786d/p_The first Doodle was a simple out-of-offi_345e61' is visible

17-06-2024T18:53:59 - [MESSAGE][PASSED] - Object 'Object Repository/Page_The Story and Evolution of Doodles - G_6e786d/p_The first Doodle was a simple out-of-offi_345e61' is visible

17-06-2024T18:53:59 - [TEST_STEP][PASSED] - verifyElementVisible(findTestObject("Object Repository/Page_The Story and Evolution of Doodles - G_6e786d/h2_Weve created more than 5,000 Doodles ove_111429")): Object 'Object Repository/Page_The Story and Evolution of Doodles - G_6e786d/h2_Weve created more than 5,000 Doodles ove_111429' is visible

17-06-2024T18:54:00 - [MESSAGE][PASSED] - Object 'Object Repository/Page_The Story and Evolution of Doodles - G_6e786d/h2_Weve created more than 5,000 Doodles ove_111429' is visible

17-06-2024T18:54:00 - [TEST_STEP][PASSED] - click(findTestObject("Object Repository/Page_The Story and Evolution of Doodles - G_6e786d/p_The first Doodle was a simple out-of-offi_345e61")): Object: 'Object Repository/Page_The Story and Evolution of Doodles - G_6e786d/p_The first Doodle was a simple out-of-offi_345e61' is clicked on

17-06-2024T18:54:00 - [MESSAGE][PASSED] - Object: 'Object Repository/Page_The Story and Evolution of Doodles - G_6e786d/p_The first Doodle was a simple out-of-offi_345e61' is clicked on

17-06-2024T18:54:00 - [TEST_STEP][PASSED] - verifyElementVisible(findTestObject("Object Repository/Page_The Story and Evolution of Doodles - G_6e786d/h1_The story behind Doodles")): Object 'Object Repository/Page_The Story and Evolution of Doodles - G_6e786d/h1_The story behind Doodles' is visible

17-06-2024T18:54:00 - [MESSAGE][PASSED] - Object 'Object Repository/Page_The Story and Evolution of Doodles - G_6e786d/h1_The story behind Doodles' is visible

17-06-2024T18:54:00 - [TEST_STEP][PASSED] - verifyElementVisible(findTestObject("Object Repository/Page_The Story and Evolution of Doodles - G_6e786d/p_The first Doodle was a simple out-of-offi_345e61")): Object 'Object Repository/Page_The Story and Evolution of Doodles - G_6e786d/p_The first Doodle was a simple out-of-offi_345e61' is visible

17-06-2024T18:54:01 - [MESSAGE][PASSED] - Object 'Object Repository/Page_The Story and Evolution of Doodles - G_6e786d/p_The first Doodle was a simple out-of-offi_345e61' is visible

17-06-2024T18:54:01 - [TEST_STEP][PASSED] - verifyElementVisible(findTestObject("Object Repository/Page_The Story and Evolution of Doodles - G_6e786d/h2_Weve created more than 5,000 Doodles ove_111429")): Object 'Object Repository/Page_The Story and Evolution of Doodles - G_6e786d/h2_Weve created more than 5,000 Doodles ove_111429' is visible

17-06-2024T18:54:01 - [MESSAGE][PASSED] - Object 'Object Repository/Page_The Story and Evolution of Doodles - G_6e786d/h2_Weve created more than 5,000 Doodles ove_111429' is visible

17-06-2024T18:54:01 - [TEST_STEP][PASSED] - click(findTestObject("Object Repository/Page_The Story and Evolution of Doodles - G_6e786d/p_The first Doodle was a simple out-of-offi_345e61")): Object: 'Object Repository/Page_The Story and Evolution of Doodles - G_6e786d/p_The first Doodle was a simple out-of-offi_345e61' is clicked on

17-06-2024T18:54:02 - [MESSAGE][PASSED] - Object: 'Object Repository/Page_The Story and Evolution of Doodles - G_6e786d/p_The first Doodle was a simple out-of-offi_345e61' is clicked on

17-06-2024T18:54:02 - [TEST_STEP][PASSED] - verifyElementVisible(findTestObject("Object Repository/Page_The Story and Evolution of Doodles - G_6e786d/h1_The story behind Doodles")): Object 'Object Repository/Page_The Story and Evolution of Doodles - G_6e786d/h1_The story behind Doodles' is visible

17-06-2024T18:54:02 - [MESSAGE][PASSED] - Object 'Object Repository/Page_The Story and Evolution of Doodles - G_6e786d/h1_The story behind Doodles' is visible

17-06-2024T18:54:02 - [TEST_STEP][PASSED] - verifyElementVisible(findTestObject("Object Repository/Page_The Story and Evolution of Doodles - G_6e786d/p_The first Doodle was a simple out-of-offi_345e61")): Object 'Object Repository/Page_The Story and Evolution of Doodles - G_6e786d/p_The first Doodle was a simple out-of-offi_345e61' is visible

17-06-2024T18:54:02 - [MESSAGE][PASSED] - Object 'Object Repository/Page_The Story and Evolution of Doodles - G_6e786d/p_The first Doodle was a simple out-of-offi_345e61' is visible

17-06-2024T18:54:02 - [TEST_STEP][PASSED] - verifyElementVisible(findTestObject("Object Repository/Page_The Story and Evolution of Doodles - G_6e786d/h2_Weve created more than 5,000 Doodles ove_111429")): Object 'Object Repository/Page_The Story and Evolution of Doodles - G_6e786d/h2_Weve created more than 5,000 Doodles ove_111429' is visible

17-06-2024T18:54:03 - [MESSAGE][PASSED] - Object 'Object Repository/Page_The Story and Evolution of Doodles - G_6e786d/h2_Weve created more than 5,000 Doodles ove_111429' is visible

17-06-2024T18:54:03 - [TEST_STEP][PASSED] - click(findTestObject("Object Repository/Page_The Story and Evolution of Doodles - G_6e786d/p_The first Doodle was a simple out-of-offi_345e61")): Object: 'Object Repository/Page_The Story and Evolution of Doodles - G_6e786d/p_The first Doodle was a simple out-of-offi_345e61' is clicked on

17-06-2024T18:54:03 - [MESSAGE][PASSED] - Object: 'Object Repository/Page_The Story and Evolution of Doodles - G_6e786d/p_The first Doodle was a simple out-of-offi_345e61' is clicked on

17-06-2024T18:54:03 - [TEST_STEP][PASSED] - verifyElementVisible(findTestObject("Object Repository/Page_The Story and Evolution of Doodles - G_6e786d/h1_The story behind Doodles")): Object 'Object Repository/Page_The Story and Evolution of Doodles - G_6e786d/h1_The story behind Doodles' is visible

17-06-2024T18:54:03 - [MESSAGE][PASSED] - Object 'Object Repository/Page_The Story and Evolution of Doodles - G_6e786d/h1_The story behind Doodles' is visible

17-06-2024T18:54:03 - [TEST_STEP][PASSED] - verifyElementVisible(findTestObject("Object Repository/Page_The Story and Evolution of Doodles - G_6e786d/p_The first Doodle was a simple out-of-offi_345e61")): Object 'Object Repository/Page_The Story and Evolution of Doodles - G_6e786d/p_The first Doodle was a simple out-of-offi_345e61' is visible

17-06-2024T18:54:04 - [MESSAGE][PASSED] - Object 'Object Repository/Page_The Story and Evolution of Doodles - G_6e786d/p_The first Doodle was a simple out-of-offi_345e61' is visible

17-06-2024T18:54:04 - [TEST_STEP][PASSED] - verifyElementVisible(findTestObject("Object Repository/Page_The Story and Evolution of Doodles - G_6e786d/h2_Weve created more than 5,000 Doodles ove_111429")): Object 'Object Repository/Page_The Story and Evolution of Doodles - G_6e786d/h2_Weve created more than 5,000 Doodles ove_111429' is visible

17-06-2024T18:54:04 - [MESSAGE][PASSED] - Object 'Object Repository/Page_The Story and Evolution of Doodles - G_6e786d/h2_Weve created more than 5,000 Doodles ove_111429' is visible]]></system-out>
         <system-err><![CDATA[]]></system-err>
      </testcase>
      <testcase name="Test Cases/test case folder 1/tc1 - Copy (7) - Copy (6)" time="18.768" classname="Test Cases/test case folder 1/tc1 - Copy (7) - Copy (6)" status="PASSED">
         <system-out><![CDATA[17-06-2024T18:54:04 - [TEST_CASE][PASSED] - Test Cases/test case folder 1/tc1 - Copy (7) - Copy (6): Test Cases/test case folder 1/tc1 - Copy (7) - Copy (6)

17-06-2024T18:54:04 - [TEST_STEP][PASSED] - openBrowser(""): Browser is opened with url: ''

17-06-2024T18:54:04 - [MESSAGE][WARNING] - A browser is already opened. Closing browser and opening a new one

17-06-2024T18:54:04 - [MESSAGE][INFO] - Starting 'Chrome (headless)' driver

17-06-2024T18:54:04 - [MESSAGE][INFO] - Action delay is set to 0 milliseconds

17-06-2024T18:54:05 - [MESSAGE][PASSED] - Browser is opened with url: ''

17-06-2024T18:54:05 - [TEST_STEP][PASSED] - navigateToUrl("https://doodles.google/about/"): Navigate to 'https://doodles.google/about/' successfully

17-06-2024T18:54:08 - [MESSAGE][PASSED] - Navigate to 'https://doodles.google/about/' successfully

17-06-2024T18:54:08 - [TEST_STEP][PASSED] - click(findTestObject("Object Repository/Page_The Story and Evolution of Doodles - G_6e786d/p_The first Doodle was a simple out-of-offi_345e61")): Object: 'Object Repository/Page_The Story and Evolution of Doodles - G_6e786d/p_The first Doodle was a simple out-of-offi_345e61' is clicked on

17-06-2024T18:54:08 - [MESSAGE][PASSED] - Object: 'Object Repository/Page_The Story and Evolution of Doodles - G_6e786d/p_The first Doodle was a simple out-of-offi_345e61' is clicked on

17-06-2024T18:54:08 - [TEST_STEP][PASSED] - click(findTestObject("Object Repository/Page_The Story and Evolution of Doodles - G_6e786d/p_The first Doodle was a simple out-of-offi_345e61")): Object: 'Object Repository/Page_The Story and Evolution of Doodles - G_6e786d/p_The first Doodle was a simple out-of-offi_345e61' is clicked on

17-06-2024T18:54:08 - [MESSAGE][PASSED] - Object: 'Object Repository/Page_The Story and Evolution of Doodles - G_6e786d/p_The first Doodle was a simple out-of-offi_345e61' is clicked on

17-06-2024T18:54:08 - [TEST_STEP][PASSED] - verifyElementVisible(findTestObject("Object Repository/Page_The Story and Evolution of Doodles - G_6e786d/h1_The story behind Doodles")): Object 'Object Repository/Page_The Story and Evolution of Doodles - G_6e786d/h1_The story behind Doodles' is visible

17-06-2024T18:54:09 - [MESSAGE][PASSED] - Object 'Object Repository/Page_The Story and Evolution of Doodles - G_6e786d/h1_The story behind Doodles' is visible

17-06-2024T18:54:09 - [TEST_STEP][PASSED] - verifyElementVisible(findTestObject("Object Repository/Page_The Story and Evolution of Doodles - G_6e786d/p_The first Doodle was a simple out-of-offi_345e61")): Object 'Object Repository/Page_The Story and Evolution of Doodles - G_6e786d/p_The first Doodle was a simple out-of-offi_345e61' is visible

17-06-2024T18:54:09 - [MESSAGE][PASSED] - Object 'Object Repository/Page_The Story and Evolution of Doodles - G_6e786d/p_The first Doodle was a simple out-of-offi_345e61' is visible

17-06-2024T18:54:09 - [TEST_STEP][PASSED] - verifyElementVisible(findTestObject("Object Repository/Page_The Story and Evolution of Doodles - G_6e786d/h2_Weve created more than 5,000 Doodles ove_111429")): Object 'Object Repository/Page_The Story and Evolution of Doodles - G_6e786d/h2_Weve created more than 5,000 Doodles ove_111429' is visible

17-06-2024T18:54:09 - [MESSAGE][PASSED] - Object 'Object Repository/Page_The Story and Evolution of Doodles - G_6e786d/h2_Weve created more than 5,000 Doodles ove_111429' is visible

17-06-2024T18:54:09 - [TEST_STEP][PASSED] - verifyElementVisible(findTestObject("Object Repository/Page_The Story and Evolution of Doodles - G_6e786d/h1_The story behind Doodles")): Object 'Object Repository/Page_The Story and Evolution of Doodles - G_6e786d/h1_The story behind Doodles' is visible

17-06-2024T18:54:10 - [MESSAGE][PASSED] - Object 'Object Repository/Page_The Story and Evolution of Doodles - G_6e786d/h1_The story behind Doodles' is visible

17-06-2024T18:54:10 - [TEST_STEP][PASSED] - verifyElementVisible(findTestObject("Object Repository/Page_The Story and Evolution of Doodles - G_6e786d/p_The first Doodle was a simple out-of-offi_345e61")): Object 'Object Repository/Page_The Story and Evolution of Doodles - G_6e786d/p_The first Doodle was a simple out-of-offi_345e61' is visible

17-06-2024T18:54:10 - [MESSAGE][PASSED] - Object 'Object Repository/Page_The Story and Evolution of Doodles - G_6e786d/p_The first Doodle was a simple out-of-offi_345e61' is visible

17-06-2024T18:54:10 - [TEST_STEP][PASSED] - verifyElementVisible(findTestObject("Object Repository/Page_The Story and Evolution of Doodles - G_6e786d/h2_Weve created more than 5,000 Doodles ove_111429")): Object 'Object Repository/Page_The Story and Evolution of Doodles - G_6e786d/h2_Weve created more than 5,000 Doodles ove_111429' is visible

17-06-2024T18:54:10 - [MESSAGE][PASSED] - Object 'Object Repository/Page_The Story and Evolution of Doodles - G_6e786d/h2_Weve created more than 5,000 Doodles ove_111429' is visible

17-06-2024T18:54:10 - [TEST_STEP][PASSED] - click(findTestObject("Object Repository/Page_The Story and Evolution of Doodles - G_6e786d/p_The first Doodle was a simple out-of-offi_345e61")): Object: 'Object Repository/Page_The Story and Evolution of Doodles - G_6e786d/p_The first Doodle was a simple out-of-offi_345e61' is clicked on

17-06-2024T18:54:11 - [MESSAGE][PASSED] - Object: 'Object Repository/Page_The Story and Evolution of Doodles - G_6e786d/p_The first Doodle was a simple out-of-offi_345e61' is clicked on

17-06-2024T18:54:11 - [TEST_STEP][PASSED] - verifyElementVisible(findTestObject("Object Repository/Page_The Story and Evolution of Doodles - G_6e786d/h1_The story behind Doodles")): Object 'Object Repository/Page_The Story and Evolution of Doodles - G_6e786d/h1_The story behind Doodles' is visible

17-06-2024T18:54:11 - [MESSAGE][PASSED] - Object 'Object Repository/Page_The Story and Evolution of Doodles - G_6e786d/h1_The story behind Doodles' is visible

17-06-2024T18:54:11 - [TEST_STEP][PASSED] - verifyElementVisible(findTestObject("Object Repository/Page_The Story and Evolution of Doodles - G_6e786d/p_The first Doodle was a simple out-of-offi_345e61")): Object 'Object Repository/Page_The Story and Evolution of Doodles - G_6e786d/p_The first Doodle was a simple out-of-offi_345e61' is visible

17-06-2024T18:54:11 - [MESSAGE][PASSED] - Object 'Object Repository/Page_The Story and Evolution of Doodles - G_6e786d/p_The first Doodle was a simple out-of-offi_345e61' is visible

17-06-2024T18:54:11 - [TEST_STEP][PASSED] - verifyElementVisible(findTestObject("Object Repository/Page_The Story and Evolution of Doodles - G_6e786d/h2_Weve created more than 5,000 Doodles ove_111429")): Object 'Object Repository/Page_The Story and Evolution of Doodles - G_6e786d/h2_Weve created more than 5,000 Doodles ove_111429' is visible

17-06-2024T18:54:12 - [MESSAGE][PASSED] - Object 'Object Repository/Page_The Story and Evolution of Doodles - G_6e786d/h2_Weve created more than 5,000 Doodles ove_111429' is visible

17-06-2024T18:54:12 - [TEST_STEP][PASSED] - click(findTestObject("Object Repository/Page_The Story and Evolution of Doodles - G_6e786d/p_The first Doodle was a simple out-of-offi_345e61")): Object: 'Object Repository/Page_The Story and Evolution of Doodles - G_6e786d/p_The first Doodle was a simple out-of-offi_345e61' is clicked on

17-06-2024T18:54:12 - [MESSAGE][PASSED] - Object: 'Object Repository/Page_The Story and Evolution of Doodles - G_6e786d/p_The first Doodle was a simple out-of-offi_345e61' is clicked on

17-06-2024T18:54:12 - [TEST_STEP][PASSED] - verifyElementVisible(findTestObject("Object Repository/Page_The Story and Evolution of Doodles - G_6e786d/h1_The story behind Doodles")): Object 'Object Repository/Page_The Story and Evolution of Doodles - G_6e786d/h1_The story behind Doodles' is visible

17-06-2024T18:54:12 - [MESSAGE][PASSED] - Object 'Object Repository/Page_The Story and Evolution of Doodles - G_6e786d/h1_The story behind Doodles' is visible

17-06-2024T18:54:12 - [TEST_STEP][PASSED] - verifyElementVisible(findTestObject("Object Repository/Page_The Story and Evolution of Doodles - G_6e786d/p_The first Doodle was a simple out-of-offi_345e61")): Object 'Object Repository/Page_The Story and Evolution of Doodles - G_6e786d/p_The first Doodle was a simple out-of-offi_345e61' is visible

17-06-2024T18:54:13 - [MESSAGE][PASSED] - Object 'Object Repository/Page_The Story and Evolution of Doodles - G_6e786d/p_The first Doodle was a simple out-of-offi_345e61' is visible

17-06-2024T18:54:13 - [TEST_STEP][PASSED] - verifyElementVisible(findTestObject("Object Repository/Page_The Story and Evolution of Doodles - G_6e786d/h2_Weve created more than 5,000 Doodles ove_111429")): Object 'Object Repository/Page_The Story and Evolution of Doodles - G_6e786d/h2_Weve created more than 5,000 Doodles ove_111429' is visible

17-06-2024T18:54:13 - [MESSAGE][PASSED] - Object 'Object Repository/Page_The Story and Evolution of Doodles - G_6e786d/h2_Weve created more than 5,000 Doodles ove_111429' is visible

17-06-2024T18:54:13 - [TEST_STEP][PASSED] - click(findTestObject("Object Repository/Page_The Story and Evolution of Doodles - G_6e786d/p_The first Doodle was a simple out-of-offi_345e61")): Object: 'Object Repository/Page_The Story and Evolution of Doodles - G_6e786d/p_The first Doodle was a simple out-of-offi_345e61' is clicked on

17-06-2024T18:54:14 - [MESSAGE][PASSED] - Object: 'Object Repository/Page_The Story and Evolution of Doodles - G_6e786d/p_The first Doodle was a simple out-of-offi_345e61' is clicked on

17-06-2024T18:54:14 - [TEST_STEP][PASSED] - verifyElementVisible(findTestObject("Object Repository/Page_The Story and Evolution of Doodles - G_6e786d/h1_The story behind Doodles")): Object 'Object Repository/Page_The Story and Evolution of Doodles - G_6e786d/h1_The story behind Doodles' is visible

17-06-2024T18:54:14 - [MESSAGE][PASSED] - Object 'Object Repository/Page_The Story and Evolution of Doodles - G_6e786d/h1_The story behind Doodles' is visible

17-06-2024T18:54:14 - [TEST_STEP][PASSED] - verifyElementVisible(findTestObject("Object Repository/Page_The Story and Evolution of Doodles - G_6e786d/p_The first Doodle was a simple out-of-offi_345e61")): Object 'Object Repository/Page_The Story and Evolution of Doodles - G_6e786d/p_The first Doodle was a simple out-of-offi_345e61' is visible

17-06-2024T18:54:14 - [MESSAGE][PASSED] - Object 'Object Repository/Page_The Story and Evolution of Doodles - G_6e786d/p_The first Doodle was a simple out-of-offi_345e61' is visible

17-06-2024T18:54:14 - [TEST_STEP][PASSED] - verifyElementVisible(findTestObject("Object Repository/Page_The Story and Evolution of Doodles - G_6e786d/h2_Weve created more than 5,000 Doodles ove_111429")): Object 'Object Repository/Page_The Story and Evolution of Doodles - G_6e786d/h2_Weve created more than 5,000 Doodles ove_111429' is visible

17-06-2024T18:54:14 - [MESSAGE][PASSED] - Object 'Object Repository/Page_The Story and Evolution of Doodles - G_6e786d/h2_Weve created more than 5,000 Doodles ove_111429' is visible

17-06-2024T18:54:14 - [TEST_STEP][PASSED] - click(findTestObject("Object Repository/Page_The Story and Evolution of Doodles - G_6e786d/p_The first Doodle was a simple out-of-offi_345e61")): Object: 'Object Repository/Page_The Story and Evolution of Doodles - G_6e786d/p_The first Doodle was a simple out-of-offi_345e61' is clicked on

17-06-2024T18:54:15 - [MESSAGE][PASSED] - Object: 'Object Repository/Page_The Story and Evolution of Doodles - G_6e786d/p_The first Doodle was a simple out-of-offi_345e61' is clicked on

17-06-2024T18:54:15 - [TEST_STEP][PASSED] - verifyElementVisible(findTestObject("Object Repository/Page_The Story and Evolution of Doodles - G_6e786d/h1_The story behind Doodles")): Object 'Object Repository/Page_The Story and Evolution of Doodles - G_6e786d/h1_The story behind Doodles' is visible

17-06-2024T18:54:15 - [MESSAGE][PASSED] - Object 'Object Repository/Page_The Story and Evolution of Doodles - G_6e786d/h1_The story behind Doodles' is visible

17-06-2024T18:54:15 - [TEST_STEP][PASSED] - verifyElementVisible(findTestObject("Object Repository/Page_The Story and Evolution of Doodles - G_6e786d/p_The first Doodle was a simple out-of-offi_345e61")): Object 'Object Repository/Page_The Story and Evolution of Doodles - G_6e786d/p_The first Doodle was a simple out-of-offi_345e61' is visible

17-06-2024T18:54:16 - [MESSAGE][PASSED] - Object 'Object Repository/Page_The Story and Evolution of Doodles - G_6e786d/p_The first Doodle was a simple out-of-offi_345e61' is visible

17-06-2024T18:54:16 - [TEST_STEP][PASSED] - verifyElementVisible(findTestObject("Object Repository/Page_The Story and Evolution of Doodles - G_6e786d/h2_Weve created more than 5,000 Doodles ove_111429")): Object 'Object Repository/Page_The Story and Evolution of Doodles - G_6e786d/h2_Weve created more than 5,000 Doodles ove_111429' is visible

17-06-2024T18:54:16 - [MESSAGE][PASSED] - Object 'Object Repository/Page_The Story and Evolution of Doodles - G_6e786d/h2_Weve created more than 5,000 Doodles ove_111429' is visible

17-06-2024T18:54:16 - [TEST_STEP][PASSED] - click(findTestObject("Object Repository/Page_The Story and Evolution of Doodles - G_6e786d/p_The first Doodle was a simple out-of-offi_345e61")): Object: 'Object Repository/Page_The Story and Evolution of Doodles - G_6e786d/p_The first Doodle was a simple out-of-offi_345e61' is clicked on

17-06-2024T18:54:16 - [MESSAGE][PASSED] - Object: 'Object Repository/Page_The Story and Evolution of Doodles - G_6e786d/p_The first Doodle was a simple out-of-offi_345e61' is clicked on

17-06-2024T18:54:16 - [TEST_STEP][PASSED] - verifyElementVisible(findTestObject("Object Repository/Page_The Story and Evolution of Doodles - G_6e786d/h1_The story behind Doodles")): Object 'Object Repository/Page_The Story and Evolution of Doodles - G_6e786d/h1_The story behind Doodles' is visible

17-06-2024T18:54:17 - [MESSAGE][PASSED] - Object 'Object Repository/Page_The Story and Evolution of Doodles - G_6e786d/h1_The story behind Doodles' is visible

17-06-2024T18:54:17 - [TEST_STEP][PASSED] - verifyElementVisible(findTestObject("Object Repository/Page_The Story and Evolution of Doodles - G_6e786d/p_The first Doodle was a simple out-of-offi_345e61")): Object 'Object Repository/Page_The Story and Evolution of Doodles - G_6e786d/p_The first Doodle was a simple out-of-offi_345e61' is visible

17-06-2024T18:54:17 - [MESSAGE][PASSED] - Object 'Object Repository/Page_The Story and Evolution of Doodles - G_6e786d/p_The first Doodle was a simple out-of-offi_345e61' is visible

17-06-2024T18:54:17 - [TEST_STEP][PASSED] - verifyElementVisible(findTestObject("Object Repository/Page_The Story and Evolution of Doodles - G_6e786d/h2_Weve created more than 5,000 Doodles ove_111429")): Object 'Object Repository/Page_The Story and Evolution of Doodles - G_6e786d/h2_Weve created more than 5,000 Doodles ove_111429' is visible

17-06-2024T18:54:17 - [MESSAGE][PASSED] - Object 'Object Repository/Page_The Story and Evolution of Doodles - G_6e786d/h2_Weve created more than 5,000 Doodles ove_111429' is visible

17-06-2024T18:54:17 - [TEST_STEP][PASSED] - click(findTestObject("Object Repository/Page_The Story and Evolution of Doodles - G_6e786d/p_The first Doodle was a simple out-of-offi_345e61")): Object: 'Object Repository/Page_The Story and Evolution of Doodles - G_6e786d/p_The first Doodle was a simple out-of-offi_345e61' is clicked on

17-06-2024T18:54:18 - [MESSAGE][PASSED] - Object: 'Object Repository/Page_The Story and Evolution of Doodles - G_6e786d/p_The first Doodle was a simple out-of-offi_345e61' is clicked on

17-06-2024T18:54:18 - [TEST_STEP][PASSED] - verifyElementVisible(findTestObject("Object Repository/Page_The Story and Evolution of Doodles - G_6e786d/h1_The story behind Doodles")): Object 'Object Repository/Page_The Story and Evolution of Doodles - G_6e786d/h1_The story behind Doodles' is visible

17-06-2024T18:54:18 - [MESSAGE][PASSED] - Object 'Object Repository/Page_The Story and Evolution of Doodles - G_6e786d/h1_The story behind Doodles' is visible

17-06-2024T18:54:18 - [TEST_STEP][PASSED] - verifyElementVisible(findTestObject("Object Repository/Page_The Story and Evolution of Doodles - G_6e786d/p_The first Doodle was a simple out-of-offi_345e61")): Object 'Object Repository/Page_The Story and Evolution of Doodles - G_6e786d/p_The first Doodle was a simple out-of-offi_345e61' is visible

17-06-2024T18:54:18 - [MESSAGE][PASSED] - Object 'Object Repository/Page_The Story and Evolution of Doodles - G_6e786d/p_The first Doodle was a simple out-of-offi_345e61' is visible

17-06-2024T18:54:18 - [TEST_STEP][PASSED] - verifyElementVisible(findTestObject("Object Repository/Page_The Story and Evolution of Doodles - G_6e786d/h2_Weve created more than 5,000 Doodles ove_111429")): Object 'Object Repository/Page_The Story and Evolution of Doodles - G_6e786d/h2_Weve created more than 5,000 Doodles ove_111429' is visible

17-06-2024T18:54:19 - [MESSAGE][PASSED] - Object 'Object Repository/Page_The Story and Evolution of Doodles - G_6e786d/h2_Weve created more than 5,000 Doodles ove_111429' is visible

17-06-2024T18:54:19 - [TEST_STEP][PASSED] - click(findTestObject("Object Repository/Page_The Story and Evolution of Doodles - G_6e786d/p_The first Doodle was a simple out-of-offi_345e61")): Object: 'Object Repository/Page_The Story and Evolution of Doodles - G_6e786d/p_The first Doodle was a simple out-of-offi_345e61' is clicked on

17-06-2024T18:54:19 - [MESSAGE][PASSED] - Object: 'Object Repository/Page_The Story and Evolution of Doodles - G_6e786d/p_The first Doodle was a simple out-of-offi_345e61' is clicked on

17-06-2024T18:54:19 - [TEST_STEP][PASSED] - verifyElementVisible(findTestObject("Object Repository/Page_The Story and Evolution of Doodles - G_6e786d/h1_The story behind Doodles")): Object 'Object Repository/Page_The Story and Evolution of Doodles - G_6e786d/h1_The story behind Doodles' is visible

17-06-2024T18:54:19 - [MESSAGE][PASSED] - Object 'Object Repository/Page_The Story and Evolution of Doodles - G_6e786d/h1_The story behind Doodles' is visible

17-06-2024T18:54:19 - [TEST_STEP][PASSED] - verifyElementVisible(findTestObject("Object Repository/Page_The Story and Evolution of Doodles - G_6e786d/p_The first Doodle was a simple out-of-offi_345e61")): Object 'Object Repository/Page_The Story and Evolution of Doodles - G_6e786d/p_The first Doodle was a simple out-of-offi_345e61' is visible

17-06-2024T18:54:20 - [MESSAGE][PASSED] - Object 'Object Repository/Page_The Story and Evolution of Doodles - G_6e786d/p_The first Doodle was a simple out-of-offi_345e61' is visible

17-06-2024T18:54:20 - [TEST_STEP][PASSED] - verifyElementVisible(findTestObject("Object Repository/Page_The Story and Evolution of Doodles - G_6e786d/h2_Weve created more than 5,000 Doodles ove_111429")): Object 'Object Repository/Page_The Story and Evolution of Doodles - G_6e786d/h2_Weve created more than 5,000 Doodles ove_111429' is visible

17-06-2024T18:54:20 - [MESSAGE][PASSED] - Object 'Object Repository/Page_The Story and Evolution of Doodles - G_6e786d/h2_Weve created more than 5,000 Doodles ove_111429' is visible

17-06-2024T18:54:20 - [TEST_STEP][PASSED] - click(findTestObject("Object Repository/Page_The Story and Evolution of Doodles - G_6e786d/p_The first Doodle was a simple out-of-offi_345e61")): Object: 'Object Repository/Page_The Story and Evolution of Doodles - G_6e786d/p_The first Doodle was a simple out-of-offi_345e61' is clicked on

17-06-2024T18:54:20 - [MESSAGE][PASSED] - Object: 'Object Repository/Page_The Story and Evolution of Doodles - G_6e786d/p_The first Doodle was a simple out-of-offi_345e61' is clicked on

17-06-2024T18:54:20 - [TEST_STEP][PASSED] - verifyElementVisible(findTestObject("Object Repository/Page_The Story and Evolution of Doodles - G_6e786d/h1_The story behind Doodles")): Object 'Object Repository/Page_The Story and Evolution of Doodles - G_6e786d/h1_The story behind Doodles' is visible

17-06-2024T18:54:21 - [MESSAGE][PASSED] - Object 'Object Repository/Page_The Story and Evolution of Doodles - G_6e786d/h1_The story behind Doodles' is visible

17-06-2024T18:54:21 - [TEST_STEP][PASSED] - verifyElementVisible(findTestObject("Object Repository/Page_The Story and Evolution of Doodles - G_6e786d/p_The first Doodle was a simple out-of-offi_345e61")): Object 'Object Repository/Page_The Story and Evolution of Doodles - G_6e786d/p_The first Doodle was a simple out-of-offi_345e61' is visible

17-06-2024T18:54:21 - [MESSAGE][PASSED] - Object 'Object Repository/Page_The Story and Evolution of Doodles - G_6e786d/p_The first Doodle was a simple out-of-offi_345e61' is visible

17-06-2024T18:54:21 - [TEST_STEP][PASSED] - verifyElementVisible(findTestObject("Object Repository/Page_The Story and Evolution of Doodles - G_6e786d/h2_Weve created more than 5,000 Doodles ove_111429")): Object 'Object Repository/Page_The Story and Evolution of Doodles - G_6e786d/h2_Weve created more than 5,000 Doodles ove_111429' is visible

17-06-2024T18:54:21 - [MESSAGE][PASSED] - Object 'Object Repository/Page_The Story and Evolution of Doodles - G_6e786d/h2_Weve created more than 5,000 Doodles ove_111429' is visible

17-06-2024T18:54:21 - [TEST_STEP][PASSED] - click(findTestObject("Object Repository/Page_The Story and Evolution of Doodles - G_6e786d/p_The first Doodle was a simple out-of-offi_345e61")): Object: 'Object Repository/Page_The Story and Evolution of Doodles - G_6e786d/p_The first Doodle was a simple out-of-offi_345e61' is clicked on

17-06-2024T18:54:22 - [MESSAGE][PASSED] - Object: 'Object Repository/Page_The Story and Evolution of Doodles - G_6e786d/p_The first Doodle was a simple out-of-offi_345e61' is clicked on

17-06-2024T18:54:22 - [TEST_STEP][PASSED] - verifyElementVisible(findTestObject("Object Repository/Page_The Story and Evolution of Doodles - G_6e786d/h1_The story behind Doodles")): Object 'Object Repository/Page_The Story and Evolution of Doodles - G_6e786d/h1_The story behind Doodles' is visible

17-06-2024T18:54:22 - [MESSAGE][PASSED] - Object 'Object Repository/Page_The Story and Evolution of Doodles - G_6e786d/h1_The story behind Doodles' is visible

17-06-2024T18:54:22 - [TEST_STEP][PASSED] - verifyElementVisible(findTestObject("Object Repository/Page_The Story and Evolution of Doodles - G_6e786d/p_The first Doodle was a simple out-of-offi_345e61")): Object 'Object Repository/Page_The Story and Evolution of Doodles - G_6e786d/p_The first Doodle was a simple out-of-offi_345e61' is visible

17-06-2024T18:54:22 - [MESSAGE][PASSED] - Object 'Object Repository/Page_The Story and Evolution of Doodles - G_6e786d/p_The first Doodle was a simple out-of-offi_345e61' is visible

17-06-2024T18:54:22 - [TEST_STEP][PASSED] - verifyElementVisible(findTestObject("Object Repository/Page_The Story and Evolution of Doodles - G_6e786d/h2_Weve created more than 5,000 Doodles ove_111429")): Object 'Object Repository/Page_The Story and Evolution of Doodles - G_6e786d/h2_Weve created more than 5,000 Doodles ove_111429' is visible

17-06-2024T18:54:23 - [MESSAGE][PASSED] - Object 'Object Repository/Page_The Story and Evolution of Doodles - G_6e786d/h2_Weve created more than 5,000 Doodles ove_111429' is visible]]></system-out>
         <system-err><![CDATA[]]></system-err>
      </testcase>
      <testcase name="Test Cases/test case folder 1/tc1 - Copy (7) - Copy (5)" time="18.948" classname="Test Cases/test case folder 1/tc1 - Copy (7) - Copy (5)" status="PASSED">
         <system-out><![CDATA[17-06-2024T18:54:23 - [TEST_CASE][PASSED] - Test Cases/test case folder 1/tc1 - Copy (7) - Copy (5): Test Cases/test case folder 1/tc1 - Copy (7) - Copy (5)

17-06-2024T18:54:23 - [TEST_STEP][PASSED] - openBrowser(""): Browser is opened with url: ''

17-06-2024T18:54:23 - [MESSAGE][WARNING] - A browser is already opened. Closing browser and opening a new one

17-06-2024T18:54:23 - [MESSAGE][INFO] - Starting 'Chrome (headless)' driver

17-06-2024T18:54:23 - [MESSAGE][INFO] - Action delay is set to 0 milliseconds

17-06-2024T18:54:24 - [MESSAGE][PASSED] - Browser is opened with url: ''

17-06-2024T18:54:24 - [TEST_STEP][PASSED] - navigateToUrl("https://doodles.google/about/"): Navigate to 'https://doodles.google/about/' successfully

17-06-2024T18:54:27 - [MESSAGE][PASSED] - Navigate to 'https://doodles.google/about/' successfully

17-06-2024T18:54:27 - [TEST_STEP][PASSED] - click(findTestObject("Object Repository/Page_The Story and Evolution of Doodles - G_6e786d/p_The first Doodle was a simple out-of-offi_345e61")): Object: 'Object Repository/Page_The Story and Evolution of Doodles - G_6e786d/p_The first Doodle was a simple out-of-offi_345e61' is clicked on

17-06-2024T18:54:27 - [MESSAGE][PASSED] - Object: 'Object Repository/Page_The Story and Evolution of Doodles - G_6e786d/p_The first Doodle was a simple out-of-offi_345e61' is clicked on

17-06-2024T18:54:27 - [TEST_STEP][PASSED] - click(findTestObject("Object Repository/Page_The Story and Evolution of Doodles - G_6e786d/p_The first Doodle was a simple out-of-offi_345e61")): Object: 'Object Repository/Page_The Story and Evolution of Doodles - G_6e786d/p_The first Doodle was a simple out-of-offi_345e61' is clicked on

17-06-2024T18:54:27 - [MESSAGE][PASSED] - Object: 'Object Repository/Page_The Story and Evolution of Doodles - G_6e786d/p_The first Doodle was a simple out-of-offi_345e61' is clicked on

17-06-2024T18:54:27 - [TEST_STEP][PASSED] - verifyElementVisible(findTestObject("Object Repository/Page_The Story and Evolution of Doodles - G_6e786d/h1_The story behind Doodles")): Object 'Object Repository/Page_The Story and Evolution of Doodles - G_6e786d/h1_The story behind Doodles' is visible

17-06-2024T18:54:28 - [MESSAGE][PASSED] - Object 'Object Repository/Page_The Story and Evolution of Doodles - G_6e786d/h1_The story behind Doodles' is visible

17-06-2024T18:54:28 - [TEST_STEP][PASSED] - verifyElementVisible(findTestObject("Object Repository/Page_The Story and Evolution of Doodles - G_6e786d/p_The first Doodle was a simple out-of-offi_345e61")): Object 'Object Repository/Page_The Story and Evolution of Doodles - G_6e786d/p_The first Doodle was a simple out-of-offi_345e61' is visible

17-06-2024T18:54:28 - [MESSAGE][PASSED] - Object 'Object Repository/Page_The Story and Evolution of Doodles - G_6e786d/p_The first Doodle was a simple out-of-offi_345e61' is visible

17-06-2024T18:54:28 - [TEST_STEP][PASSED] - verifyElementVisible(findTestObject("Object Repository/Page_The Story and Evolution of Doodles - G_6e786d/h2_Weve created more than 5,000 Doodles ove_111429")): Object 'Object Repository/Page_The Story and Evolution of Doodles - G_6e786d/h2_Weve created more than 5,000 Doodles ove_111429' is visible

17-06-2024T18:54:28 - [MESSAGE][PASSED] - Object 'Object Repository/Page_The Story and Evolution of Doodles - G_6e786d/h2_Weve created more than 5,000 Doodles ove_111429' is visible

17-06-2024T18:54:28 - [TEST_STEP][PASSED] - verifyElementVisible(findTestObject("Object Repository/Page_The Story and Evolution of Doodles - G_6e786d/h1_The story behind Doodles")): Object 'Object Repository/Page_The Story and Evolution of Doodles - G_6e786d/h1_The story behind Doodles' is visible

17-06-2024T18:54:29 - [MESSAGE][PASSED] - Object 'Object Repository/Page_The Story and Evolution of Doodles - G_6e786d/h1_The story behind Doodles' is visible

17-06-2024T18:54:29 - [TEST_STEP][PASSED] - verifyElementVisible(findTestObject("Object Repository/Page_The Story and Evolution of Doodles - G_6e786d/p_The first Doodle was a simple out-of-offi_345e61")): Object 'Object Repository/Page_The Story and Evolution of Doodles - G_6e786d/p_The first Doodle was a simple out-of-offi_345e61' is visible

17-06-2024T18:54:29 - [MESSAGE][PASSED] - Object 'Object Repository/Page_The Story and Evolution of Doodles - G_6e786d/p_The first Doodle was a simple out-of-offi_345e61' is visible

17-06-2024T18:54:29 - [TEST_STEP][PASSED] - verifyElementVisible(findTestObject("Object Repository/Page_The Story and Evolution of Doodles - G_6e786d/h2_Weve created more than 5,000 Doodles ove_111429")): Object 'Object Repository/Page_The Story and Evolution of Doodles - G_6e786d/h2_Weve created more than 5,000 Doodles ove_111429' is visible

17-06-2024T18:54:29 - [MESSAGE][PASSED] - Object 'Object Repository/Page_The Story and Evolution of Doodles - G_6e786d/h2_Weve created more than 5,000 Doodles ove_111429' is visible

17-06-2024T18:54:29 - [TEST_STEP][PASSED] - click(findTestObject("Object Repository/Page_The Story and Evolution of Doodles - G_6e786d/p_The first Doodle was a simple out-of-offi_345e61")): Object: 'Object Repository/Page_The Story and Evolution of Doodles - G_6e786d/p_The first Doodle was a simple out-of-offi_345e61' is clicked on

17-06-2024T18:54:30 - [MESSAGE][PASSED] - Object: 'Object Repository/Page_The Story and Evolution of Doodles - G_6e786d/p_The first Doodle was a simple out-of-offi_345e61' is clicked on

17-06-2024T18:54:30 - [TEST_STEP][PASSED] - verifyElementVisible(findTestObject("Object Repository/Page_The Story and Evolution of Doodles - G_6e786d/h1_The story behind Doodles")): Object 'Object Repository/Page_The Story and Evolution of Doodles - G_6e786d/h1_The story behind Doodles' is visible

17-06-2024T18:54:30 - [MESSAGE][PASSED] - Object 'Object Repository/Page_The Story and Evolution of Doodles - G_6e786d/h1_The story behind Doodles' is visible

17-06-2024T18:54:30 - [TEST_STEP][PASSED] - verifyElementVisible(findTestObject("Object Repository/Page_The Story and Evolution of Doodles - G_6e786d/p_The first Doodle was a simple out-of-offi_345e61")): Object 'Object Repository/Page_The Story and Evolution of Doodles - G_6e786d/p_The first Doodle was a simple out-of-offi_345e61' is visible

17-06-2024T18:54:30 - [MESSAGE][PASSED] - Object 'Object Repository/Page_The Story and Evolution of Doodles - G_6e786d/p_The first Doodle was a simple out-of-offi_345e61' is visible

17-06-2024T18:54:30 - [TEST_STEP][PASSED] - verifyElementVisible(findTestObject("Object Repository/Page_The Story and Evolution of Doodles - G_6e786d/h2_Weve created more than 5,000 Doodles ove_111429")): Object 'Object Repository/Page_The Story and Evolution of Doodles - G_6e786d/h2_Weve created more than 5,000 Doodles ove_111429' is visible

17-06-2024T18:54:31 - [MESSAGE][PASSED] - Object 'Object Repository/Page_The Story and Evolution of Doodles - G_6e786d/h2_Weve created more than 5,000 Doodles ove_111429' is visible

17-06-2024T18:54:31 - [TEST_STEP][PASSED] - click(findTestObject("Object Repository/Page_The Story and Evolution of Doodles - G_6e786d/p_The first Doodle was a simple out-of-offi_345e61")): Object: 'Object Repository/Page_The Story and Evolution of Doodles - G_6e786d/p_The first Doodle was a simple out-of-offi_345e61' is clicked on

17-06-2024T18:54:31 - [MESSAGE][PASSED] - Object: 'Object Repository/Page_The Story and Evolution of Doodles - G_6e786d/p_The first Doodle was a simple out-of-offi_345e61' is clicked on

17-06-2024T18:54:31 - [TEST_STEP][PASSED] - verifyElementVisible(findTestObject("Object Repository/Page_The Story and Evolution of Doodles - G_6e786d/h1_The story behind Doodles")): Object 'Object Repository/Page_The Story and Evolution of Doodles - G_6e786d/h1_The story behind Doodles' is visible

17-06-2024T18:54:31 - [MESSAGE][PASSED] - Object 'Object Repository/Page_The Story and Evolution of Doodles - G_6e786d/h1_The story behind Doodles' is visible

17-06-2024T18:54:31 - [TEST_STEP][PASSED] - verifyElementVisible(findTestObject("Object Repository/Page_The Story and Evolution of Doodles - G_6e786d/p_The first Doodle was a simple out-of-offi_345e61")): Object 'Object Repository/Page_The Story and Evolution of Doodles - G_6e786d/p_The first Doodle was a simple out-of-offi_345e61' is visible

17-06-2024T18:54:32 - [MESSAGE][PASSED] - Object 'Object Repository/Page_The Story and Evolution of Doodles - G_6e786d/p_The first Doodle was a simple out-of-offi_345e61' is visible

17-06-2024T18:54:32 - [TEST_STEP][PASSED] - verifyElementVisible(findTestObject("Object Repository/Page_The Story and Evolution of Doodles - G_6e786d/h2_Weve created more than 5,000 Doodles ove_111429")): Object 'Object Repository/Page_The Story and Evolution of Doodles - G_6e786d/h2_Weve created more than 5,000 Doodles ove_111429' is visible

17-06-2024T18:54:32 - [MESSAGE][PASSED] - Object 'Object Repository/Page_The Story and Evolution of Doodles - G_6e786d/h2_Weve created more than 5,000 Doodles ove_111429' is visible

17-06-2024T18:54:32 - [TEST_STEP][PASSED] - click(findTestObject("Object Repository/Page_The Story and Evolution of Doodles - G_6e786d/p_The first Doodle was a simple out-of-offi_345e61")): Object: 'Object Repository/Page_The Story and Evolution of Doodles - G_6e786d/p_The first Doodle was a simple out-of-offi_345e61' is clicked on

17-06-2024T18:54:32 - [MESSAGE][PASSED] - Object: 'Object Repository/Page_The Story and Evolution of Doodles - G_6e786d/p_The first Doodle was a simple out-of-offi_345e61' is clicked on

17-06-2024T18:54:32 - [TEST_STEP][PASSED] - verifyElementVisible(findTestObject("Object Repository/Page_The Story and Evolution of Doodles - G_6e786d/h1_The story behind Doodles")): Object 'Object Repository/Page_The Story and Evolution of Doodles - G_6e786d/h1_The story behind Doodles' is visible

17-06-2024T18:54:33 - [MESSAGE][PASSED] - Object 'Object Repository/Page_The Story and Evolution of Doodles - G_6e786d/h1_The story behind Doodles' is visible

17-06-2024T18:54:33 - [TEST_STEP][PASSED] - verifyElementVisible(findTestObject("Object Repository/Page_The Story and Evolution of Doodles - G_6e786d/p_The first Doodle was a simple out-of-offi_345e61")): Object 'Object Repository/Page_The Story and Evolution of Doodles - G_6e786d/p_The first Doodle was a simple out-of-offi_345e61' is visible

17-06-2024T18:54:33 - [MESSAGE][PASSED] - Object 'Object Repository/Page_The Story and Evolution of Doodles - G_6e786d/p_The first Doodle was a simple out-of-offi_345e61' is visible

17-06-2024T18:54:33 - [TEST_STEP][PASSED] - verifyElementVisible(findTestObject("Object Repository/Page_The Story and Evolution of Doodles - G_6e786d/h2_Weve created more than 5,000 Doodles ove_111429")): Object 'Object Repository/Page_The Story and Evolution of Doodles - G_6e786d/h2_Weve created more than 5,000 Doodles ove_111429' is visible

17-06-2024T18:54:33 - [MESSAGE][PASSED] - Object 'Object Repository/Page_The Story and Evolution of Doodles - G_6e786d/h2_Weve created more than 5,000 Doodles ove_111429' is visible

17-06-2024T18:54:33 - [TEST_STEP][PASSED] - click(findTestObject("Object Repository/Page_The Story and Evolution of Doodles - G_6e786d/p_The first Doodle was a simple out-of-offi_345e61")): Object: 'Object Repository/Page_The Story and Evolution of Doodles - G_6e786d/p_The first Doodle was a simple out-of-offi_345e61' is clicked on

17-06-2024T18:54:34 - [MESSAGE][PASSED] - Object: 'Object Repository/Page_The Story and Evolution of Doodles - G_6e786d/p_The first Doodle was a simple out-of-offi_345e61' is clicked on

17-06-2024T18:54:34 - [TEST_STEP][PASSED] - verifyElementVisible(findTestObject("Object Repository/Page_The Story and Evolution of Doodles - G_6e786d/h1_The story behind Doodles")): Object 'Object Repository/Page_The Story and Evolution of Doodles - G_6e786d/h1_The story behind Doodles' is visible

17-06-2024T18:54:34 - [MESSAGE][PASSED] - Object 'Object Repository/Page_The Story and Evolution of Doodles - G_6e786d/h1_The story behind Doodles' is visible

17-06-2024T18:54:34 - [TEST_STEP][PASSED] - verifyElementVisible(findTestObject("Object Repository/Page_The Story and Evolution of Doodles - G_6e786d/p_The first Doodle was a simple out-of-offi_345e61")): Object 'Object Repository/Page_The Story and Evolution of Doodles - G_6e786d/p_The first Doodle was a simple out-of-offi_345e61' is visible

17-06-2024T18:54:34 - [MESSAGE][PASSED] - Object 'Object Repository/Page_The Story and Evolution of Doodles - G_6e786d/p_The first Doodle was a simple out-of-offi_345e61' is visible

17-06-2024T18:54:34 - [TEST_STEP][PASSED] - verifyElementVisible(findTestObject("Object Repository/Page_The Story and Evolution of Doodles - G_6e786d/h2_Weve created more than 5,000 Doodles ove_111429")): Object 'Object Repository/Page_The Story and Evolution of Doodles - G_6e786d/h2_Weve created more than 5,000 Doodles ove_111429' is visible

17-06-2024T18:54:35 - [MESSAGE][PASSED] - Object 'Object Repository/Page_The Story and Evolution of Doodles - G_6e786d/h2_Weve created more than 5,000 Doodles ove_111429' is visible

17-06-2024T18:54:35 - [TEST_STEP][PASSED] - click(findTestObject("Object Repository/Page_The Story and Evolution of Doodles - G_6e786d/p_The first Doodle was a simple out-of-offi_345e61")): Object: 'Object Repository/Page_The Story and Evolution of Doodles - G_6e786d/p_The first Doodle was a simple out-of-offi_345e61' is clicked on

17-06-2024T18:54:35 - [MESSAGE][PASSED] - Object: 'Object Repository/Page_The Story and Evolution of Doodles - G_6e786d/p_The first Doodle was a simple out-of-offi_345e61' is clicked on

17-06-2024T18:54:35 - [TEST_STEP][PASSED] - verifyElementVisible(findTestObject("Object Repository/Page_The Story and Evolution of Doodles - G_6e786d/h1_The story behind Doodles")): Object 'Object Repository/Page_The Story and Evolution of Doodles - G_6e786d/h1_The story behind Doodles' is visible

17-06-2024T18:54:36 - [MESSAGE][PASSED] - Object 'Object Repository/Page_The Story and Evolution of Doodles - G_6e786d/h1_The story behind Doodles' is visible

17-06-2024T18:54:36 - [TEST_STEP][PASSED] - verifyElementVisible(findTestObject("Object Repository/Page_The Story and Evolution of Doodles - G_6e786d/p_The first Doodle was a simple out-of-offi_345e61")): Object 'Object Repository/Page_The Story and Evolution of Doodles - G_6e786d/p_The first Doodle was a simple out-of-offi_345e61' is visible

17-06-2024T18:54:36 - [MESSAGE][PASSED] - Object 'Object Repository/Page_The Story and Evolution of Doodles - G_6e786d/p_The first Doodle was a simple out-of-offi_345e61' is visible

17-06-2024T18:54:36 - [TEST_STEP][PASSED] - verifyElementVisible(findTestObject("Object Repository/Page_The Story and Evolution of Doodles - G_6e786d/h2_Weve created more than 5,000 Doodles ove_111429")): Object 'Object Repository/Page_The Story and Evolution of Doodles - G_6e786d/h2_Weve created more than 5,000 Doodles ove_111429' is visible

17-06-2024T18:54:36 - [MESSAGE][PASSED] - Object 'Object Repository/Page_The Story and Evolution of Doodles - G_6e786d/h2_Weve created more than 5,000 Doodles ove_111429' is visible

17-06-2024T18:54:36 - [TEST_STEP][PASSED] - click(findTestObject("Object Repository/Page_The Story and Evolution of Doodles - G_6e786d/p_The first Doodle was a simple out-of-offi_345e61")): Object: 'Object Repository/Page_The Story and Evolution of Doodles - G_6e786d/p_The first Doodle was a simple out-of-offi_345e61' is clicked on

17-06-2024T18:54:37 - [MESSAGE][PASSED] - Object: 'Object Repository/Page_The Story and Evolution of Doodles - G_6e786d/p_The first Doodle was a simple out-of-offi_345e61' is clicked on

17-06-2024T18:54:37 - [TEST_STEP][PASSED] - verifyElementVisible(findTestObject("Object Repository/Page_The Story and Evolution of Doodles - G_6e786d/h1_The story behind Doodles")): Object 'Object Repository/Page_The Story and Evolution of Doodles - G_6e786d/h1_The story behind Doodles' is visible

17-06-2024T18:54:37 - [MESSAGE][PASSED] - Object 'Object Repository/Page_The Story and Evolution of Doodles - G_6e786d/h1_The story behind Doodles' is visible

17-06-2024T18:54:37 - [TEST_STEP][PASSED] - verifyElementVisible(findTestObject("Object Repository/Page_The Story and Evolution of Doodles - G_6e786d/p_The first Doodle was a simple out-of-offi_345e61")): Object 'Object Repository/Page_The Story and Evolution of Doodles - G_6e786d/p_The first Doodle was a simple out-of-offi_345e61' is visible

17-06-2024T18:54:37 - [MESSAGE][PASSED] - Object 'Object Repository/Page_The Story and Evolution of Doodles - G_6e786d/p_The first Doodle was a simple out-of-offi_345e61' is visible

17-06-2024T18:54:37 - [TEST_STEP][PASSED] - verifyElementVisible(findTestObject("Object Repository/Page_The Story and Evolution of Doodles - G_6e786d/h2_Weve created more than 5,000 Doodles ove_111429")): Object 'Object Repository/Page_The Story and Evolution of Doodles - G_6e786d/h2_Weve created more than 5,000 Doodles ove_111429' is visible

17-06-2024T18:54:38 - [MESSAGE][PASSED] - Object 'Object Repository/Page_The Story and Evolution of Doodles - G_6e786d/h2_Weve created more than 5,000 Doodles ove_111429' is visible

17-06-2024T18:54:38 - [TEST_STEP][PASSED] - click(findTestObject("Object Repository/Page_The Story and Evolution of Doodles - G_6e786d/p_The first Doodle was a simple out-of-offi_345e61")): Object: 'Object Repository/Page_The Story and Evolution of Doodles - G_6e786d/p_The first Doodle was a simple out-of-offi_345e61' is clicked on

17-06-2024T18:54:38 - [MESSAGE][PASSED] - Object: 'Object Repository/Page_The Story and Evolution of Doodles - G_6e786d/p_The first Doodle was a simple out-of-offi_345e61' is clicked on

17-06-2024T18:54:38 - [TEST_STEP][PASSED] - verifyElementVisible(findTestObject("Object Repository/Page_The Story and Evolution of Doodles - G_6e786d/h1_The story behind Doodles")): Object 'Object Repository/Page_The Story and Evolution of Doodles - G_6e786d/h1_The story behind Doodles' is visible

17-06-2024T18:54:38 - [MESSAGE][PASSED] - Object 'Object Repository/Page_The Story and Evolution of Doodles - G_6e786d/h1_The story behind Doodles' is visible

17-06-2024T18:54:38 - [TEST_STEP][PASSED] - verifyElementVisible(findTestObject("Object Repository/Page_The Story and Evolution of Doodles - G_6e786d/p_The first Doodle was a simple out-of-offi_345e61")): Object 'Object Repository/Page_The Story and Evolution of Doodles - G_6e786d/p_The first Doodle was a simple out-of-offi_345e61' is visible

17-06-2024T18:54:39 - [MESSAGE][PASSED] - Object 'Object Repository/Page_The Story and Evolution of Doodles - G_6e786d/p_The first Doodle was a simple out-of-offi_345e61' is visible

17-06-2024T18:54:39 - [TEST_STEP][PASSED] - verifyElementVisible(findTestObject("Object Repository/Page_The Story and Evolution of Doodles - G_6e786d/h2_Weve created more than 5,000 Doodles ove_111429")): Object 'Object Repository/Page_The Story and Evolution of Doodles - G_6e786d/h2_Weve created more than 5,000 Doodles ove_111429' is visible

17-06-2024T18:54:39 - [MESSAGE][PASSED] - Object 'Object Repository/Page_The Story and Evolution of Doodles - G_6e786d/h2_Weve created more than 5,000 Doodles ove_111429' is visible

17-06-2024T18:54:39 - [TEST_STEP][PASSED] - click(findTestObject("Object Repository/Page_The Story and Evolution of Doodles - G_6e786d/p_The first Doodle was a simple out-of-offi_345e61")): Object: 'Object Repository/Page_The Story and Evolution of Doodles - G_6e786d/p_The first Doodle was a simple out-of-offi_345e61' is clicked on

17-06-2024T18:54:39 - [MESSAGE][PASSED] - Object: 'Object Repository/Page_The Story and Evolution of Doodles - G_6e786d/p_The first Doodle was a simple out-of-offi_345e61' is clicked on

17-06-2024T18:54:39 - [TEST_STEP][PASSED] - verifyElementVisible(findTestObject("Object Repository/Page_The Story and Evolution of Doodles - G_6e786d/h1_The story behind Doodles")): Object 'Object Repository/Page_The Story and Evolution of Doodles - G_6e786d/h1_The story behind Doodles' is visible

17-06-2024T18:54:40 - [MESSAGE][PASSED] - Object 'Object Repository/Page_The Story and Evolution of Doodles - G_6e786d/h1_The story behind Doodles' is visible

17-06-2024T18:54:40 - [TEST_STEP][PASSED] - verifyElementVisible(findTestObject("Object Repository/Page_The Story and Evolution of Doodles - G_6e786d/p_The first Doodle was a simple out-of-offi_345e61")): Object 'Object Repository/Page_The Story and Evolution of Doodles - G_6e786d/p_The first Doodle was a simple out-of-offi_345e61' is visible

17-06-2024T18:54:40 - [MESSAGE][PASSED] - Object 'Object Repository/Page_The Story and Evolution of Doodles - G_6e786d/p_The first Doodle was a simple out-of-offi_345e61' is visible

17-06-2024T18:54:40 - [TEST_STEP][PASSED] - verifyElementVisible(findTestObject("Object Repository/Page_The Story and Evolution of Doodles - G_6e786d/h2_Weve created more than 5,000 Doodles ove_111429")): Object 'Object Repository/Page_The Story and Evolution of Doodles - G_6e786d/h2_Weve created more than 5,000 Doodles ove_111429' is visible

17-06-2024T18:54:40 - [MESSAGE][PASSED] - Object 'Object Repository/Page_The Story and Evolution of Doodles - G_6e786d/h2_Weve created more than 5,000 Doodles ove_111429' is visible

17-06-2024T18:54:40 - [TEST_STEP][PASSED] - click(findTestObject("Object Repository/Page_The Story and Evolution of Doodles - G_6e786d/p_The first Doodle was a simple out-of-offi_345e61")): Object: 'Object Repository/Page_The Story and Evolution of Doodles - G_6e786d/p_The first Doodle was a simple out-of-offi_345e61' is clicked on

17-06-2024T18:54:41 - [MESSAGE][PASSED] - Object: 'Object Repository/Page_The Story and Evolution of Doodles - G_6e786d/p_The first Doodle was a simple out-of-offi_345e61' is clicked on

17-06-2024T18:54:41 - [TEST_STEP][PASSED] - verifyElementVisible(findTestObject("Object Repository/Page_The Story and Evolution of Doodles - G_6e786d/h1_The story behind Doodles")): Object 'Object Repository/Page_The Story and Evolution of Doodles - G_6e786d/h1_The story behind Doodles' is visible

17-06-2024T18:54:41 - [MESSAGE][PASSED] - Object 'Object Repository/Page_The Story and Evolution of Doodles - G_6e786d/h1_The story behind Doodles' is visible

17-06-2024T18:54:41 - [TEST_STEP][PASSED] - verifyElementVisible(findTestObject("Object Repository/Page_The Story and Evolution of Doodles - G_6e786d/p_The first Doodle was a simple out-of-offi_345e61")): Object 'Object Repository/Page_The Story and Evolution of Doodles - G_6e786d/p_The first Doodle was a simple out-of-offi_345e61' is visible

17-06-2024T18:54:41 - [MESSAGE][PASSED] - Object 'Object Repository/Page_The Story and Evolution of Doodles - G_6e786d/p_The first Doodle was a simple out-of-offi_345e61' is visible

17-06-2024T18:54:41 - [TEST_STEP][PASSED] - verifyElementVisible(findTestObject("Object Repository/Page_The Story and Evolution of Doodles - G_6e786d/h2_Weve created more than 5,000 Doodles ove_111429")): Object 'Object Repository/Page_The Story and Evolution of Doodles - G_6e786d/h2_Weve created more than 5,000 Doodles ove_111429' is visible

17-06-2024T18:54:42 - [MESSAGE][PASSED] - Object 'Object Repository/Page_The Story and Evolution of Doodles - G_6e786d/h2_Weve created more than 5,000 Doodles ove_111429' is visible]]></system-out>
         <system-err><![CDATA[]]></system-err>
      </testcase>
      <testcase name="Test Cases/test case folder 1/tc1 - Copy (7) - Copy" time="19.411" classname="Test Cases/test case folder 1/tc1 - Copy (7) - Copy" status="PASSED">
         <system-out><![CDATA[17-06-2024T18:54:42 - [TEST_CASE][PASSED] - Test Cases/test case folder 1/tc1 - Copy (7) - Copy: Test Cases/test case folder 1/tc1 - Copy (7) - Copy

17-06-2024T18:54:42 - [TEST_STEP][PASSED] - openBrowser(""): Browser is opened with url: ''

17-06-2024T18:54:42 - [MESSAGE][WARNING] - A browser is already opened. Closing browser and opening a new one

17-06-2024T18:54:42 - [MESSAGE][INFO] - Starting 'Chrome (headless)' driver

17-06-2024T18:54:42 - [MESSAGE][INFO] - Action delay is set to 0 milliseconds

17-06-2024T18:54:43 - [MESSAGE][PASSED] - Browser is opened with url: ''

17-06-2024T18:54:43 - [TEST_STEP][PASSED] - navigateToUrl("https://doodles.google/about/"): Navigate to 'https://doodles.google/about/' successfully

17-06-2024T18:54:46 - [MESSAGE][PASSED] - Navigate to 'https://doodles.google/about/' successfully

17-06-2024T18:54:46 - [TEST_STEP][PASSED] - click(findTestObject("Object Repository/Page_The Story and Evolution of Doodles - G_6e786d/p_The first Doodle was a simple out-of-offi_345e61")): Object: 'Object Repository/Page_The Story and Evolution of Doodles - G_6e786d/p_The first Doodle was a simple out-of-offi_345e61' is clicked on

17-06-2024T18:54:46 - [MESSAGE][PASSED] - Object: 'Object Repository/Page_The Story and Evolution of Doodles - G_6e786d/p_The first Doodle was a simple out-of-offi_345e61' is clicked on

17-06-2024T18:54:46 - [TEST_STEP][PASSED] - click(findTestObject("Object Repository/Page_The Story and Evolution of Doodles - G_6e786d/p_The first Doodle was a simple out-of-offi_345e61")): Object: 'Object Repository/Page_The Story and Evolution of Doodles - G_6e786d/p_The first Doodle was a simple out-of-offi_345e61' is clicked on

17-06-2024T18:54:47 - [MESSAGE][PASSED] - Object: 'Object Repository/Page_The Story and Evolution of Doodles - G_6e786d/p_The first Doodle was a simple out-of-offi_345e61' is clicked on

17-06-2024T18:54:47 - [TEST_STEP][PASSED] - verifyElementVisible(findTestObject("Object Repository/Page_The Story and Evolution of Doodles - G_6e786d/h1_The story behind Doodles")): Object 'Object Repository/Page_The Story and Evolution of Doodles - G_6e786d/h1_The story behind Doodles' is visible

17-06-2024T18:54:47 - [MESSAGE][PASSED] - Object 'Object Repository/Page_The Story and Evolution of Doodles - G_6e786d/h1_The story behind Doodles' is visible

17-06-2024T18:54:47 - [TEST_STEP][PASSED] - verifyElementVisible(findTestObject("Object Repository/Page_The Story and Evolution of Doodles - G_6e786d/p_The first Doodle was a simple out-of-offi_345e61")): Object 'Object Repository/Page_The Story and Evolution of Doodles - G_6e786d/p_The first Doodle was a simple out-of-offi_345e61' is visible

17-06-2024T18:54:47 - [MESSAGE][PASSED] - Object 'Object Repository/Page_The Story and Evolution of Doodles - G_6e786d/p_The first Doodle was a simple out-of-offi_345e61' is visible

17-06-2024T18:54:47 - [TEST_STEP][PASSED] - verifyElementVisible(findTestObject("Object Repository/Page_The Story and Evolution of Doodles - G_6e786d/h2_Weve created more than 5,000 Doodles ove_111429")): Object 'Object Repository/Page_The Story and Evolution of Doodles - G_6e786d/h2_Weve created more than 5,000 Doodles ove_111429' is visible

17-06-2024T18:54:48 - [MESSAGE][PASSED] - Object 'Object Repository/Page_The Story and Evolution of Doodles - G_6e786d/h2_Weve created more than 5,000 Doodles ove_111429' is visible

17-06-2024T18:54:48 - [TEST_STEP][PASSED] - verifyElementVisible(findTestObject("Object Repository/Page_The Story and Evolution of Doodles - G_6e786d/h1_The story behind Doodles")): Object 'Object Repository/Page_The Story and Evolution of Doodles - G_6e786d/h1_The story behind Doodles' is visible

17-06-2024T18:54:48 - [MESSAGE][PASSED] - Object 'Object Repository/Page_The Story and Evolution of Doodles - G_6e786d/h1_The story behind Doodles' is visible

17-06-2024T18:54:48 - [TEST_STEP][PASSED] - verifyElementVisible(findTestObject("Object Repository/Page_The Story and Evolution of Doodles - G_6e786d/p_The first Doodle was a simple out-of-offi_345e61")): Object 'Object Repository/Page_The Story and Evolution of Doodles - G_6e786d/p_The first Doodle was a simple out-of-offi_345e61' is visible

17-06-2024T18:54:48 - [MESSAGE][PASSED] - Object 'Object Repository/Page_The Story and Evolution of Doodles - G_6e786d/p_The first Doodle was a simple out-of-offi_345e61' is visible

17-06-2024T18:54:48 - [TEST_STEP][PASSED] - verifyElementVisible(findTestObject("Object Repository/Page_The Story and Evolution of Doodles - G_6e786d/h2_Weve created more than 5,000 Doodles ove_111429")): Object 'Object Repository/Page_The Story and Evolution of Doodles - G_6e786d/h2_Weve created more than 5,000 Doodles ove_111429' is visible

17-06-2024T18:54:49 - [MESSAGE][PASSED] - Object 'Object Repository/Page_The Story and Evolution of Doodles - G_6e786d/h2_Weve created more than 5,000 Doodles ove_111429' is visible

17-06-2024T18:54:49 - [TEST_STEP][PASSED] - click(findTestObject("Object Repository/Page_The Story and Evolution of Doodles - G_6e786d/p_The first Doodle was a simple out-of-offi_345e61")): Object: 'Object Repository/Page_The Story and Evolution of Doodles - G_6e786d/p_The first Doodle was a simple out-of-offi_345e61' is clicked on

17-06-2024T18:54:49 - [MESSAGE][PASSED] - Object: 'Object Repository/Page_The Story and Evolution of Doodles - G_6e786d/p_The first Doodle was a simple out-of-offi_345e61' is clicked on

17-06-2024T18:54:49 - [TEST_STEP][PASSED] - verifyElementVisible(findTestObject("Object Repository/Page_The Story and Evolution of Doodles - G_6e786d/h1_The story behind Doodles")): Object 'Object Repository/Page_The Story and Evolution of Doodles - G_6e786d/h1_The story behind Doodles' is visible

17-06-2024T18:54:49 - [MESSAGE][PASSED] - Object 'Object Repository/Page_The Story and Evolution of Doodles - G_6e786d/h1_The story behind Doodles' is visible

17-06-2024T18:54:49 - [TEST_STEP][PASSED] - verifyElementVisible(findTestObject("Object Repository/Page_The Story and Evolution of Doodles - G_6e786d/p_The first Doodle was a simple out-of-offi_345e61")): Object 'Object Repository/Page_The Story and Evolution of Doodles - G_6e786d/p_The first Doodle was a simple out-of-offi_345e61' is visible

17-06-2024T18:54:50 - [MESSAGE][PASSED] - Object 'Object Repository/Page_The Story and Evolution of Doodles - G_6e786d/p_The first Doodle was a simple out-of-offi_345e61' is visible

17-06-2024T18:54:50 - [TEST_STEP][PASSED] - verifyElementVisible(findTestObject("Object Repository/Page_The Story and Evolution of Doodles - G_6e786d/h2_Weve created more than 5,000 Doodles ove_111429")): Object 'Object Repository/Page_The Story and Evolution of Doodles - G_6e786d/h2_Weve created more than 5,000 Doodles ove_111429' is visible

17-06-2024T18:54:50 - [MESSAGE][PASSED] - Object 'Object Repository/Page_The Story and Evolution of Doodles - G_6e786d/h2_Weve created more than 5,000 Doodles ove_111429' is visible

17-06-2024T18:54:50 - [TEST_STEP][PASSED] - click(findTestObject("Object Repository/Page_The Story and Evolution of Doodles - G_6e786d/p_The first Doodle was a simple out-of-offi_345e61")): Object: 'Object Repository/Page_The Story and Evolution of Doodles - G_6e786d/p_The first Doodle was a simple out-of-offi_345e61' is clicked on

17-06-2024T18:54:50 - [MESSAGE][PASSED] - Object: 'Object Repository/Page_The Story and Evolution of Doodles - G_6e786d/p_The first Doodle was a simple out-of-offi_345e61' is clicked on

17-06-2024T18:54:50 - [TEST_STEP][PASSED] - verifyElementVisible(findTestObject("Object Repository/Page_The Story and Evolution of Doodles - G_6e786d/h1_The story behind Doodles")): Object 'Object Repository/Page_The Story and Evolution of Doodles - G_6e786d/h1_The story behind Doodles' is visible

17-06-2024T18:54:51 - [MESSAGE][PASSED] - Object 'Object Repository/Page_The Story and Evolution of Doodles - G_6e786d/h1_The story behind Doodles' is visible

17-06-2024T18:54:51 - [TEST_STEP][PASSED] - verifyElementVisible(findTestObject("Object Repository/Page_The Story and Evolution of Doodles - G_6e786d/p_The first Doodle was a simple out-of-offi_345e61")): Object 'Object Repository/Page_The Story and Evolution of Doodles - G_6e786d/p_The first Doodle was a simple out-of-offi_345e61' is visible

17-06-2024T18:54:51 - [MESSAGE][PASSED] - Object 'Object Repository/Page_The Story and Evolution of Doodles - G_6e786d/p_The first Doodle was a simple out-of-offi_345e61' is visible

17-06-2024T18:54:51 - [TEST_STEP][PASSED] - verifyElementVisible(findTestObject("Object Repository/Page_The Story and Evolution of Doodles - G_6e786d/h2_Weve created more than 5,000 Doodles ove_111429")): Object 'Object Repository/Page_The Story and Evolution of Doodles - G_6e786d/h2_Weve created more than 5,000 Doodles ove_111429' is visible

17-06-2024T18:54:52 - [MESSAGE][PASSED] - Object 'Object Repository/Page_The Story and Evolution of Doodles - G_6e786d/h2_Weve created more than 5,000 Doodles ove_111429' is visible

17-06-2024T18:54:52 - [TEST_STEP][PASSED] - click(findTestObject("Object Repository/Page_The Story and Evolution of Doodles - G_6e786d/p_The first Doodle was a simple out-of-offi_345e61")): Object: 'Object Repository/Page_The Story and Evolution of Doodles - G_6e786d/p_The first Doodle was a simple out-of-offi_345e61' is clicked on

17-06-2024T18:54:52 - [MESSAGE][PASSED] - Object: 'Object Repository/Page_The Story and Evolution of Doodles - G_6e786d/p_The first Doodle was a simple out-of-offi_345e61' is clicked on

17-06-2024T18:54:52 - [TEST_STEP][PASSED] - verifyElementVisible(findTestObject("Object Repository/Page_The Story and Evolution of Doodles - G_6e786d/h1_The story behind Doodles")): Object 'Object Repository/Page_The Story and Evolution of Doodles - G_6e786d/h1_The story behind Doodles' is visible

17-06-2024T18:54:52 - [MESSAGE][PASSED] - Object 'Object Repository/Page_The Story and Evolution of Doodles - G_6e786d/h1_The story behind Doodles' is visible

17-06-2024T18:54:52 - [TEST_STEP][PASSED] - verifyElementVisible(findTestObject("Object Repository/Page_The Story and Evolution of Doodles - G_6e786d/p_The first Doodle was a simple out-of-offi_345e61")): Object 'Object Repository/Page_The Story and Evolution of Doodles - G_6e786d/p_The first Doodle was a simple out-of-offi_345e61' is visible

17-06-2024T18:54:53 - [MESSAGE][PASSED] - Object 'Object Repository/Page_The Story and Evolution of Doodles - G_6e786d/p_The first Doodle was a simple out-of-offi_345e61' is visible

17-06-2024T18:54:53 - [TEST_STEP][PASSED] - verifyElementVisible(findTestObject("Object Repository/Page_The Story and Evolution of Doodles - G_6e786d/h2_Weve created more than 5,000 Doodles ove_111429")): Object 'Object Repository/Page_The Story and Evolution of Doodles - G_6e786d/h2_Weve created more than 5,000 Doodles ove_111429' is visible

17-06-2024T18:54:53 - [MESSAGE][PASSED] - Object 'Object Repository/Page_The Story and Evolution of Doodles - G_6e786d/h2_Weve created more than 5,000 Doodles ove_111429' is visible

17-06-2024T18:54:53 - [TEST_STEP][PASSED] - click(findTestObject("Object Repository/Page_The Story and Evolution of Doodles - G_6e786d/p_The first Doodle was a simple out-of-offi_345e61")): Object: 'Object Repository/Page_The Story and Evolution of Doodles - G_6e786d/p_The first Doodle was a simple out-of-offi_345e61' is clicked on

17-06-2024T18:54:53 - [MESSAGE][PASSED] - Object: 'Object Repository/Page_The Story and Evolution of Doodles - G_6e786d/p_The first Doodle was a simple out-of-offi_345e61' is clicked on

17-06-2024T18:54:53 - [TEST_STEP][PASSED] - verifyElementVisible(findTestObject("Object Repository/Page_The Story and Evolution of Doodles - G_6e786d/h1_The story behind Doodles")): Object 'Object Repository/Page_The Story and Evolution of Doodles - G_6e786d/h1_The story behind Doodles' is visible

17-06-2024T18:54:54 - [MESSAGE][PASSED] - Object 'Object Repository/Page_The Story and Evolution of Doodles - G_6e786d/h1_The story behind Doodles' is visible

17-06-2024T18:54:54 - [TEST_STEP][PASSED] - verifyElementVisible(findTestObject("Object Repository/Page_The Story and Evolution of Doodles - G_6e786d/p_The first Doodle was a simple out-of-offi_345e61")): Object 'Object Repository/Page_The Story and Evolution of Doodles - G_6e786d/p_The first Doodle was a simple out-of-offi_345e61' is visible

17-06-2024T18:54:54 - [MESSAGE][PASSED] - Object 'Object Repository/Page_The Story and Evolution of Doodles - G_6e786d/p_The first Doodle was a simple out-of-offi_345e61' is visible

17-06-2024T18:54:54 - [TEST_STEP][PASSED] - verifyElementVisible(findTestObject("Object Repository/Page_The Story and Evolution of Doodles - G_6e786d/h2_Weve created more than 5,000 Doodles ove_111429")): Object 'Object Repository/Page_The Story and Evolution of Doodles - G_6e786d/h2_Weve created more than 5,000 Doodles ove_111429' is visible

17-06-2024T18:54:54 - [MESSAGE][PASSED] - Object 'Object Repository/Page_The Story and Evolution of Doodles - G_6e786d/h2_Weve created more than 5,000 Doodles ove_111429' is visible

17-06-2024T18:54:54 - [TEST_STEP][PASSED] - click(findTestObject("Object Repository/Page_The Story and Evolution of Doodles - G_6e786d/p_The first Doodle was a simple out-of-offi_345e61")): Object: 'Object Repository/Page_The Story and Evolution of Doodles - G_6e786d/p_The first Doodle was a simple out-of-offi_345e61' is clicked on

17-06-2024T18:54:55 - [MESSAGE][PASSED] - Object: 'Object Repository/Page_The Story and Evolution of Doodles - G_6e786d/p_The first Doodle was a simple out-of-offi_345e61' is clicked on

17-06-2024T18:54:55 - [TEST_STEP][PASSED] - verifyElementVisible(findTestObject("Object Repository/Page_The Story and Evolution of Doodles - G_6e786d/h1_The story behind Doodles")): Object 'Object Repository/Page_The Story and Evolution of Doodles - G_6e786d/h1_The story behind Doodles' is visible

17-06-2024T18:54:55 - [MESSAGE][PASSED] - Object 'Object Repository/Page_The Story and Evolution of Doodles - G_6e786d/h1_The story behind Doodles' is visible

17-06-2024T18:54:55 - [TEST_STEP][PASSED] - verifyElementVisible(findTestObject("Object Repository/Page_The Story and Evolution of Doodles - G_6e786d/p_The first Doodle was a simple out-of-offi_345e61")): Object 'Object Repository/Page_The Story and Evolution of Doodles - G_6e786d/p_The first Doodle was a simple out-of-offi_345e61' is visible

17-06-2024T18:54:55 - [MESSAGE][PASSED] - Object 'Object Repository/Page_The Story and Evolution of Doodles - G_6e786d/p_The first Doodle was a simple out-of-offi_345e61' is visible

17-06-2024T18:54:55 - [TEST_STEP][PASSED] - verifyElementVisible(findTestObject("Object Repository/Page_The Story and Evolution of Doodles - G_6e786d/h2_Weve created more than 5,000 Doodles ove_111429")): Object 'Object Repository/Page_The Story and Evolution of Doodles - G_6e786d/h2_Weve created more than 5,000 Doodles ove_111429' is visible

17-06-2024T18:54:56 - [MESSAGE][PASSED] - Object 'Object Repository/Page_The Story and Evolution of Doodles - G_6e786d/h2_Weve created more than 5,000 Doodles ove_111429' is visible

17-06-2024T18:54:56 - [TEST_STEP][PASSED] - click(findTestObject("Object Repository/Page_The Story and Evolution of Doodles - G_6e786d/p_The first Doodle was a simple out-of-offi_345e61")): Object: 'Object Repository/Page_The Story and Evolution of Doodles - G_6e786d/p_The first Doodle was a simple out-of-offi_345e61' is clicked on

17-06-2024T18:54:56 - [MESSAGE][PASSED] - Object: 'Object Repository/Page_The Story and Evolution of Doodles - G_6e786d/p_The first Doodle was a simple out-of-offi_345e61' is clicked on

17-06-2024T18:54:56 - [TEST_STEP][PASSED] - verifyElementVisible(findTestObject("Object Repository/Page_The Story and Evolution of Doodles - G_6e786d/h1_The story behind Doodles")): Object 'Object Repository/Page_The Story and Evolution of Doodles - G_6e786d/h1_The story behind Doodles' is visible

17-06-2024T18:54:56 - [MESSAGE][PASSED] - Object 'Object Repository/Page_The Story and Evolution of Doodles - G_6e786d/h1_The story behind Doodles' is visible

17-06-2024T18:54:56 - [TEST_STEP][PASSED] - verifyElementVisible(findTestObject("Object Repository/Page_The Story and Evolution of Doodles - G_6e786d/p_The first Doodle was a simple out-of-offi_345e61")): Object 'Object Repository/Page_The Story and Evolution of Doodles - G_6e786d/p_The first Doodle was a simple out-of-offi_345e61' is visible

17-06-2024T18:54:57 - [MESSAGE][PASSED] - Object 'Object Repository/Page_The Story and Evolution of Doodles - G_6e786d/p_The first Doodle was a simple out-of-offi_345e61' is visible

17-06-2024T18:54:57 - [TEST_STEP][PASSED] - verifyElementVisible(findTestObject("Object Repository/Page_The Story and Evolution of Doodles - G_6e786d/h2_Weve created more than 5,000 Doodles ove_111429")): Object 'Object Repository/Page_The Story and Evolution of Doodles - G_6e786d/h2_Weve created more than 5,000 Doodles ove_111429' is visible

17-06-2024T18:54:57 - [MESSAGE][PASSED] - Object 'Object Repository/Page_The Story and Evolution of Doodles - G_6e786d/h2_Weve created more than 5,000 Doodles ove_111429' is visible

17-06-2024T18:54:57 - [TEST_STEP][PASSED] - click(findTestObject("Object Repository/Page_The Story and Evolution of Doodles - G_6e786d/p_The first Doodle was a simple out-of-offi_345e61")): Object: 'Object Repository/Page_The Story and Evolution of Doodles - G_6e786d/p_The first Doodle was a simple out-of-offi_345e61' is clicked on

17-06-2024T18:54:57 - [MESSAGE][PASSED] - Object: 'Object Repository/Page_The Story and Evolution of Doodles - G_6e786d/p_The first Doodle was a simple out-of-offi_345e61' is clicked on

17-06-2024T18:54:57 - [TEST_STEP][PASSED] - verifyElementVisible(findTestObject("Object Repository/Page_The Story and Evolution of Doodles - G_6e786d/h1_The story behind Doodles")): Object 'Object Repository/Page_The Story and Evolution of Doodles - G_6e786d/h1_The story behind Doodles' is visible

17-06-2024T18:54:58 - [MESSAGE][PASSED] - Object 'Object Repository/Page_The Story and Evolution of Doodles - G_6e786d/h1_The story behind Doodles' is visible

17-06-2024T18:54:58 - [TEST_STEP][PASSED] - verifyElementVisible(findTestObject("Object Repository/Page_The Story and Evolution of Doodles - G_6e786d/p_The first Doodle was a simple out-of-offi_345e61")): Object 'Object Repository/Page_The Story and Evolution of Doodles - G_6e786d/p_The first Doodle was a simple out-of-offi_345e61' is visible

17-06-2024T18:54:58 - [MESSAGE][PASSED] - Object 'Object Repository/Page_The Story and Evolution of Doodles - G_6e786d/p_The first Doodle was a simple out-of-offi_345e61' is visible

17-06-2024T18:54:58 - [TEST_STEP][PASSED] - verifyElementVisible(findTestObject("Object Repository/Page_The Story and Evolution of Doodles - G_6e786d/h2_Weve created more than 5,000 Doodles ove_111429")): Object 'Object Repository/Page_The Story and Evolution of Doodles - G_6e786d/h2_Weve created more than 5,000 Doodles ove_111429' is visible

17-06-2024T18:54:58 - [MESSAGE][PASSED] - Object 'Object Repository/Page_The Story and Evolution of Doodles - G_6e786d/h2_Weve created more than 5,000 Doodles ove_111429' is visible

17-06-2024T18:54:58 - [TEST_STEP][PASSED] - click(findTestObject("Object Repository/Page_The Story and Evolution of Doodles - G_6e786d/p_The first Doodle was a simple out-of-offi_345e61")): Object: 'Object Repository/Page_The Story and Evolution of Doodles - G_6e786d/p_The first Doodle was a simple out-of-offi_345e61' is clicked on

17-06-2024T18:54:59 - [MESSAGE][PASSED] - Object: 'Object Repository/Page_The Story and Evolution of Doodles - G_6e786d/p_The first Doodle was a simple out-of-offi_345e61' is clicked on

17-06-2024T18:54:59 - [TEST_STEP][PASSED] - verifyElementVisible(findTestObject("Object Repository/Page_The Story and Evolution of Doodles - G_6e786d/h1_The story behind Doodles")): Object 'Object Repository/Page_The Story and Evolution of Doodles - G_6e786d/h1_The story behind Doodles' is visible

17-06-2024T18:54:59 - [MESSAGE][PASSED] - Object 'Object Repository/Page_The Story and Evolution of Doodles - G_6e786d/h1_The story behind Doodles' is visible

17-06-2024T18:54:59 - [TEST_STEP][PASSED] - verifyElementVisible(findTestObject("Object Repository/Page_The Story and Evolution of Doodles - G_6e786d/p_The first Doodle was a simple out-of-offi_345e61")): Object 'Object Repository/Page_The Story and Evolution of Doodles - G_6e786d/p_The first Doodle was a simple out-of-offi_345e61' is visible

17-06-2024T18:54:59 - [MESSAGE][PASSED] - Object 'Object Repository/Page_The Story and Evolution of Doodles - G_6e786d/p_The first Doodle was a simple out-of-offi_345e61' is visible

17-06-2024T18:54:59 - [TEST_STEP][PASSED] - verifyElementVisible(findTestObject("Object Repository/Page_The Story and Evolution of Doodles - G_6e786d/h2_Weve created more than 5,000 Doodles ove_111429")): Object 'Object Repository/Page_The Story and Evolution of Doodles - G_6e786d/h2_Weve created more than 5,000 Doodles ove_111429' is visible

17-06-2024T18:55:00 - [MESSAGE][PASSED] - Object 'Object Repository/Page_The Story and Evolution of Doodles - G_6e786d/h2_Weve created more than 5,000 Doodles ove_111429' is visible

17-06-2024T18:55:00 - [TEST_STEP][PASSED] - click(findTestObject("Object Repository/Page_The Story and Evolution of Doodles - G_6e786d/p_The first Doodle was a simple out-of-offi_345e61")): Object: 'Object Repository/Page_The Story and Evolution of Doodles - G_6e786d/p_The first Doodle was a simple out-of-offi_345e61' is clicked on

17-06-2024T18:55:00 - [MESSAGE][PASSED] - Object: 'Object Repository/Page_The Story and Evolution of Doodles - G_6e786d/p_The first Doodle was a simple out-of-offi_345e61' is clicked on

17-06-2024T18:55:00 - [TEST_STEP][PASSED] - verifyElementVisible(findTestObject("Object Repository/Page_The Story and Evolution of Doodles - G_6e786d/h1_The story behind Doodles")): Object 'Object Repository/Page_The Story and Evolution of Doodles - G_6e786d/h1_The story behind Doodles' is visible

17-06-2024T18:55:00 - [MESSAGE][PASSED] - Object 'Object Repository/Page_The Story and Evolution of Doodles - G_6e786d/h1_The story behind Doodles' is visible

17-06-2024T18:55:00 - [TEST_STEP][PASSED] - verifyElementVisible(findTestObject("Object Repository/Page_The Story and Evolution of Doodles - G_6e786d/p_The first Doodle was a simple out-of-offi_345e61")): Object 'Object Repository/Page_The Story and Evolution of Doodles - G_6e786d/p_The first Doodle was a simple out-of-offi_345e61' is visible

17-06-2024T18:55:01 - [MESSAGE][PASSED] - Object 'Object Repository/Page_The Story and Evolution of Doodles - G_6e786d/p_The first Doodle was a simple out-of-offi_345e61' is visible

17-06-2024T18:55:01 - [TEST_STEP][PASSED] - verifyElementVisible(findTestObject("Object Repository/Page_The Story and Evolution of Doodles - G_6e786d/h2_Weve created more than 5,000 Doodles ove_111429")): Object 'Object Repository/Page_The Story and Evolution of Doodles - G_6e786d/h2_Weve created more than 5,000 Doodles ove_111429' is visible

17-06-2024T18:55:01 - [MESSAGE][PASSED] - Object 'Object Repository/Page_The Story and Evolution of Doodles - G_6e786d/h2_Weve created more than 5,000 Doodles ove_111429' is visible]]></system-out>
         <system-err><![CDATA[]]></system-err>
      </testcase>
      <testcase name="Test Cases/test case folder 1/tc1 - Copy (8)" time="19.645" classname="Test Cases/test case folder 1/tc1 - Copy (8)" status="PASSED">
         <system-out><![CDATA[17-06-2024T18:55:01 - [TEST_CASE][PASSED] - Test Cases/test case folder 1/tc1 - Copy (8): Test Cases/test case folder 1/tc1 - Copy (8)

17-06-2024T18:55:01 - [TEST_STEP][PASSED] - openBrowser(""): Browser is opened with url: ''

17-06-2024T18:55:01 - [MESSAGE][WARNING] - A browser is already opened. Closing browser and opening a new one

17-06-2024T18:55:02 - [MESSAGE][INFO] - Starting 'Chrome (headless)' driver

17-06-2024T18:55:02 - [MESSAGE][INFO] - Action delay is set to 0 milliseconds

17-06-2024T18:55:03 - [MESSAGE][PASSED] - Browser is opened with url: ''

17-06-2024T18:55:03 - [TEST_STEP][PASSED] - navigateToUrl("https://doodles.google/about/"): Navigate to 'https://doodles.google/about/' successfully

17-06-2024T18:55:06 - [MESSAGE][PASSED] - Navigate to 'https://doodles.google/about/' successfully

17-06-2024T18:55:06 - [TEST_STEP][PASSED] - click(findTestObject("Object Repository/Page_The Story and Evolution of Doodles - G_6e786d/p_The first Doodle was a simple out-of-offi_345e61")): Object: 'Object Repository/Page_The Story and Evolution of Doodles - G_6e786d/p_The first Doodle was a simple out-of-offi_345e61' is clicked on

17-06-2024T18:55:06 - [MESSAGE][PASSED] - Object: 'Object Repository/Page_The Story and Evolution of Doodles - G_6e786d/p_The first Doodle was a simple out-of-offi_345e61' is clicked on

17-06-2024T18:55:06 - [TEST_STEP][PASSED] - click(findTestObject("Object Repository/Page_The Story and Evolution of Doodles - G_6e786d/p_The first Doodle was a simple out-of-offi_345e61")): Object: 'Object Repository/Page_The Story and Evolution of Doodles - G_6e786d/p_The first Doodle was a simple out-of-offi_345e61' is clicked on

17-06-2024T18:55:07 - [MESSAGE][PASSED] - Object: 'Object Repository/Page_The Story and Evolution of Doodles - G_6e786d/p_The first Doodle was a simple out-of-offi_345e61' is clicked on

17-06-2024T18:55:07 - [TEST_STEP][PASSED] - verifyElementVisible(findTestObject("Object Repository/Page_The Story and Evolution of Doodles - G_6e786d/h1_The story behind Doodles")): Object 'Object Repository/Page_The Story and Evolution of Doodles - G_6e786d/h1_The story behind Doodles' is visible

17-06-2024T18:55:07 - [MESSAGE][PASSED] - Object 'Object Repository/Page_The Story and Evolution of Doodles - G_6e786d/h1_The story behind Doodles' is visible

17-06-2024T18:55:07 - [TEST_STEP][PASSED] - verifyElementVisible(findTestObject("Object Repository/Page_The Story and Evolution of Doodles - G_6e786d/p_The first Doodle was a simple out-of-offi_345e61")): Object 'Object Repository/Page_The Story and Evolution of Doodles - G_6e786d/p_The first Doodle was a simple out-of-offi_345e61' is visible

17-06-2024T18:55:07 - [MESSAGE][PASSED] - Object 'Object Repository/Page_The Story and Evolution of Doodles - G_6e786d/p_The first Doodle was a simple out-of-offi_345e61' is visible

17-06-2024T18:55:07 - [TEST_STEP][PASSED] - verifyElementVisible(findTestObject("Object Repository/Page_The Story and Evolution of Doodles - G_6e786d/h2_Weve created more than 5,000 Doodles ove_111429")): Object 'Object Repository/Page_The Story and Evolution of Doodles - G_6e786d/h2_Weve created more than 5,000 Doodles ove_111429' is visible

17-06-2024T18:55:08 - [MESSAGE][PASSED] - Object 'Object Repository/Page_The Story and Evolution of Doodles - G_6e786d/h2_Weve created more than 5,000 Doodles ove_111429' is visible

17-06-2024T18:55:08 - [TEST_STEP][PASSED] - verifyElementVisible(findTestObject("Object Repository/Page_The Story and Evolution of Doodles - G_6e786d/h1_The story behind Doodles")): Object 'Object Repository/Page_The Story and Evolution of Doodles - G_6e786d/h1_The story behind Doodles' is visible

17-06-2024T18:55:08 - [MESSAGE][PASSED] - Object 'Object Repository/Page_The Story and Evolution of Doodles - G_6e786d/h1_The story behind Doodles' is visible

17-06-2024T18:55:08 - [TEST_STEP][PASSED] - verifyElementVisible(findTestObject("Object Repository/Page_The Story and Evolution of Doodles - G_6e786d/p_The first Doodle was a simple out-of-offi_345e61")): Object 'Object Repository/Page_The Story and Evolution of Doodles - G_6e786d/p_The first Doodle was a simple out-of-offi_345e61' is visible

17-06-2024T18:55:08 - [MESSAGE][PASSED] - Object 'Object Repository/Page_The Story and Evolution of Doodles - G_6e786d/p_The first Doodle was a simple out-of-offi_345e61' is visible

17-06-2024T18:55:08 - [TEST_STEP][PASSED] - verifyElementVisible(findTestObject("Object Repository/Page_The Story and Evolution of Doodles - G_6e786d/h2_Weve created more than 5,000 Doodles ove_111429")): Object 'Object Repository/Page_The Story and Evolution of Doodles - G_6e786d/h2_Weve created more than 5,000 Doodles ove_111429' is visible

17-06-2024T18:55:09 - [MESSAGE][PASSED] - Object 'Object Repository/Page_The Story and Evolution of Doodles - G_6e786d/h2_Weve created more than 5,000 Doodles ove_111429' is visible

17-06-2024T18:55:09 - [TEST_STEP][PASSED] - click(findTestObject("Object Repository/Page_The Story and Evolution of Doodles - G_6e786d/p_The first Doodle was a simple out-of-offi_345e61")): Object: 'Object Repository/Page_The Story and Evolution of Doodles - G_6e786d/p_The first Doodle was a simple out-of-offi_345e61' is clicked on

17-06-2024T18:55:09 - [MESSAGE][PASSED] - Object: 'Object Repository/Page_The Story and Evolution of Doodles - G_6e786d/p_The first Doodle was a simple out-of-offi_345e61' is clicked on

17-06-2024T18:55:09 - [TEST_STEP][PASSED] - verifyElementVisible(findTestObject("Object Repository/Page_The Story and Evolution of Doodles - G_6e786d/h1_The story behind Doodles")): Object 'Object Repository/Page_The Story and Evolution of Doodles - G_6e786d/h1_The story behind Doodles' is visible

17-06-2024T18:55:09 - [MESSAGE][PASSED] - Object 'Object Repository/Page_The Story and Evolution of Doodles - G_6e786d/h1_The story behind Doodles' is visible

17-06-2024T18:55:09 - [TEST_STEP][PASSED] - verifyElementVisible(findTestObject("Object Repository/Page_The Story and Evolution of Doodles - G_6e786d/p_The first Doodle was a simple out-of-offi_345e61")): Object 'Object Repository/Page_The Story and Evolution of Doodles - G_6e786d/p_The first Doodle was a simple out-of-offi_345e61' is visible

17-06-2024T18:55:10 - [MESSAGE][PASSED] - Object 'Object Repository/Page_The Story and Evolution of Doodles - G_6e786d/p_The first Doodle was a simple out-of-offi_345e61' is visible

17-06-2024T18:55:10 - [TEST_STEP][PASSED] - verifyElementVisible(findTestObject("Object Repository/Page_The Story and Evolution of Doodles - G_6e786d/h2_Weve created more than 5,000 Doodles ove_111429")): Object 'Object Repository/Page_The Story and Evolution of Doodles - G_6e786d/h2_Weve created more than 5,000 Doodles ove_111429' is visible

17-06-2024T18:55:10 - [MESSAGE][PASSED] - Object 'Object Repository/Page_The Story and Evolution of Doodles - G_6e786d/h2_Weve created more than 5,000 Doodles ove_111429' is visible

17-06-2024T18:55:10 - [TEST_STEP][PASSED] - click(findTestObject("Object Repository/Page_The Story and Evolution of Doodles - G_6e786d/p_The first Doodle was a simple out-of-offi_345e61")): Object: 'Object Repository/Page_The Story and Evolution of Doodles - G_6e786d/p_The first Doodle was a simple out-of-offi_345e61' is clicked on

17-06-2024T18:55:10 - [MESSAGE][PASSED] - Object: 'Object Repository/Page_The Story and Evolution of Doodles - G_6e786d/p_The first Doodle was a simple out-of-offi_345e61' is clicked on

17-06-2024T18:55:10 - [TEST_STEP][PASSED] - verifyElementVisible(findTestObject("Object Repository/Page_The Story and Evolution of Doodles - G_6e786d/h1_The story behind Doodles")): Object 'Object Repository/Page_The Story and Evolution of Doodles - G_6e786d/h1_The story behind Doodles' is visible

17-06-2024T18:55:11 - [MESSAGE][PASSED] - Object 'Object Repository/Page_The Story and Evolution of Doodles - G_6e786d/h1_The story behind Doodles' is visible

17-06-2024T18:55:11 - [TEST_STEP][PASSED] - verifyElementVisible(findTestObject("Object Repository/Page_The Story and Evolution of Doodles - G_6e786d/p_The first Doodle was a simple out-of-offi_345e61")): Object 'Object Repository/Page_The Story and Evolution of Doodles - G_6e786d/p_The first Doodle was a simple out-of-offi_345e61' is visible

17-06-2024T18:55:11 - [MESSAGE][PASSED] - Object 'Object Repository/Page_The Story and Evolution of Doodles - G_6e786d/p_The first Doodle was a simple out-of-offi_345e61' is visible

17-06-2024T18:55:11 - [TEST_STEP][PASSED] - verifyElementVisible(findTestObject("Object Repository/Page_The Story and Evolution of Doodles - G_6e786d/h2_Weve created more than 5,000 Doodles ove_111429")): Object 'Object Repository/Page_The Story and Evolution of Doodles - G_6e786d/h2_Weve created more than 5,000 Doodles ove_111429' is visible

17-06-2024T18:55:11 - [MESSAGE][PASSED] - Object 'Object Repository/Page_The Story and Evolution of Doodles - G_6e786d/h2_Weve created more than 5,000 Doodles ove_111429' is visible

17-06-2024T18:55:11 - [TEST_STEP][PASSED] - click(findTestObject("Object Repository/Page_The Story and Evolution of Doodles - G_6e786d/p_The first Doodle was a simple out-of-offi_345e61")): Object: 'Object Repository/Page_The Story and Evolution of Doodles - G_6e786d/p_The first Doodle was a simple out-of-offi_345e61' is clicked on

17-06-2024T18:55:12 - [MESSAGE][PASSED] - Object: 'Object Repository/Page_The Story and Evolution of Doodles - G_6e786d/p_The first Doodle was a simple out-of-offi_345e61' is clicked on

17-06-2024T18:55:12 - [TEST_STEP][PASSED] - verifyElementVisible(findTestObject("Object Repository/Page_The Story and Evolution of Doodles - G_6e786d/h1_The story behind Doodles")): Object 'Object Repository/Page_The Story and Evolution of Doodles - G_6e786d/h1_The story behind Doodles' is visible

17-06-2024T18:55:12 - [MESSAGE][PASSED] - Object 'Object Repository/Page_The Story and Evolution of Doodles - G_6e786d/h1_The story behind Doodles' is visible

17-06-2024T18:55:12 - [TEST_STEP][PASSED] - verifyElementVisible(findTestObject("Object Repository/Page_The Story and Evolution of Doodles - G_6e786d/p_The first Doodle was a simple out-of-offi_345e61")): Object 'Object Repository/Page_The Story and Evolution of Doodles - G_6e786d/p_The first Doodle was a simple out-of-offi_345e61' is visible

17-06-2024T18:55:12 - [MESSAGE][PASSED] - Object 'Object Repository/Page_The Story and Evolution of Doodles - G_6e786d/p_The first Doodle was a simple out-of-offi_345e61' is visible

17-06-2024T18:55:12 - [TEST_STEP][PASSED] - verifyElementVisible(findTestObject("Object Repository/Page_The Story and Evolution of Doodles - G_6e786d/h2_Weve created more than 5,000 Doodles ove_111429")): Object 'Object Repository/Page_The Story and Evolution of Doodles - G_6e786d/h2_Weve created more than 5,000 Doodles ove_111429' is visible

17-06-2024T18:55:13 - [MESSAGE][PASSED] - Object 'Object Repository/Page_The Story and Evolution of Doodles - G_6e786d/h2_Weve created more than 5,000 Doodles ove_111429' is visible

17-06-2024T18:55:13 - [TEST_STEP][PASSED] - click(findTestObject("Object Repository/Page_The Story and Evolution of Doodles - G_6e786d/p_The first Doodle was a simple out-of-offi_345e61")): Object: 'Object Repository/Page_The Story and Evolution of Doodles - G_6e786d/p_The first Doodle was a simple out-of-offi_345e61' is clicked on

17-06-2024T18:55:13 - [MESSAGE][PASSED] - Object: 'Object Repository/Page_The Story and Evolution of Doodles - G_6e786d/p_The first Doodle was a simple out-of-offi_345e61' is clicked on

17-06-2024T18:55:13 - [TEST_STEP][PASSED] - verifyElementVisible(findTestObject("Object Repository/Page_The Story and Evolution of Doodles - G_6e786d/h1_The story behind Doodles")): Object 'Object Repository/Page_The Story and Evolution of Doodles - G_6e786d/h1_The story behind Doodles' is visible

17-06-2024T18:55:13 - [MESSAGE][PASSED] - Object 'Object Repository/Page_The Story and Evolution of Doodles - G_6e786d/h1_The story behind Doodles' is visible

17-06-2024T18:55:13 - [TEST_STEP][PASSED] - verifyElementVisible(findTestObject("Object Repository/Page_The Story and Evolution of Doodles - G_6e786d/p_The first Doodle was a simple out-of-offi_345e61")): Object 'Object Repository/Page_The Story and Evolution of Doodles - G_6e786d/p_The first Doodle was a simple out-of-offi_345e61' is visible

17-06-2024T18:55:14 - [MESSAGE][PASSED] - Object 'Object Repository/Page_The Story and Evolution of Doodles - G_6e786d/p_The first Doodle was a simple out-of-offi_345e61' is visible

17-06-2024T18:55:14 - [TEST_STEP][PASSED] - verifyElementVisible(findTestObject("Object Repository/Page_The Story and Evolution of Doodles - G_6e786d/h2_Weve created more than 5,000 Doodles ove_111429")): Object 'Object Repository/Page_The Story and Evolution of Doodles - G_6e786d/h2_Weve created more than 5,000 Doodles ove_111429' is visible

17-06-2024T18:55:14 - [MESSAGE][PASSED] - Object 'Object Repository/Page_The Story and Evolution of Doodles - G_6e786d/h2_Weve created more than 5,000 Doodles ove_111429' is visible

17-06-2024T18:55:14 - [TEST_STEP][PASSED] - click(findTestObject("Object Repository/Page_The Story and Evolution of Doodles - G_6e786d/p_The first Doodle was a simple out-of-offi_345e61")): Object: 'Object Repository/Page_The Story and Evolution of Doodles - G_6e786d/p_The first Doodle was a simple out-of-offi_345e61' is clicked on

17-06-2024T18:55:14 - [MESSAGE][PASSED] - Object: 'Object Repository/Page_The Story and Evolution of Doodles - G_6e786d/p_The first Doodle was a simple out-of-offi_345e61' is clicked on

17-06-2024T18:55:14 - [TEST_STEP][PASSED] - verifyElementVisible(findTestObject("Object Repository/Page_The Story and Evolution of Doodles - G_6e786d/h1_The story behind Doodles")): Object 'Object Repository/Page_The Story and Evolution of Doodles - G_6e786d/h1_The story behind Doodles' is visible

17-06-2024T18:55:15 - [MESSAGE][PASSED] - Object 'Object Repository/Page_The Story and Evolution of Doodles - G_6e786d/h1_The story behind Doodles' is visible

17-06-2024T18:55:15 - [TEST_STEP][PASSED] - verifyElementVisible(findTestObject("Object Repository/Page_The Story and Evolution of Doodles - G_6e786d/p_The first Doodle was a simple out-of-offi_345e61")): Object 'Object Repository/Page_The Story and Evolution of Doodles - G_6e786d/p_The first Doodle was a simple out-of-offi_345e61' is visible

17-06-2024T18:55:15 - [MESSAGE][PASSED] - Object 'Object Repository/Page_The Story and Evolution of Doodles - G_6e786d/p_The first Doodle was a simple out-of-offi_345e61' is visible

17-06-2024T18:55:15 - [TEST_STEP][PASSED] - verifyElementVisible(findTestObject("Object Repository/Page_The Story and Evolution of Doodles - G_6e786d/h2_Weve created more than 5,000 Doodles ove_111429")): Object 'Object Repository/Page_The Story and Evolution of Doodles - G_6e786d/h2_Weve created more than 5,000 Doodles ove_111429' is visible

17-06-2024T18:55:15 - [MESSAGE][PASSED] - Object 'Object Repository/Page_The Story and Evolution of Doodles - G_6e786d/h2_Weve created more than 5,000 Doodles ove_111429' is visible

17-06-2024T18:55:15 - [TEST_STEP][PASSED] - click(findTestObject("Object Repository/Page_The Story and Evolution of Doodles - G_6e786d/p_The first Doodle was a simple out-of-offi_345e61")): Object: 'Object Repository/Page_The Story and Evolution of Doodles - G_6e786d/p_The first Doodle was a simple out-of-offi_345e61' is clicked on

17-06-2024T18:55:16 - [MESSAGE][PASSED] - Object: 'Object Repository/Page_The Story and Evolution of Doodles - G_6e786d/p_The first Doodle was a simple out-of-offi_345e61' is clicked on

17-06-2024T18:55:16 - [TEST_STEP][PASSED] - verifyElementVisible(findTestObject("Object Repository/Page_The Story and Evolution of Doodles - G_6e786d/h1_The story behind Doodles")): Object 'Object Repository/Page_The Story and Evolution of Doodles - G_6e786d/h1_The story behind Doodles' is visible

17-06-2024T18:55:16 - [MESSAGE][PASSED] - Object 'Object Repository/Page_The Story and Evolution of Doodles - G_6e786d/h1_The story behind Doodles' is visible

17-06-2024T18:55:16 - [TEST_STEP][PASSED] - verifyElementVisible(findTestObject("Object Repository/Page_The Story and Evolution of Doodles - G_6e786d/p_The first Doodle was a simple out-of-offi_345e61")): Object 'Object Repository/Page_The Story and Evolution of Doodles - G_6e786d/p_The first Doodle was a simple out-of-offi_345e61' is visible

17-06-2024T18:55:16 - [MESSAGE][PASSED] - Object 'Object Repository/Page_The Story and Evolution of Doodles - G_6e786d/p_The first Doodle was a simple out-of-offi_345e61' is visible

17-06-2024T18:55:16 - [TEST_STEP][PASSED] - verifyElementVisible(findTestObject("Object Repository/Page_The Story and Evolution of Doodles - G_6e786d/h2_Weve created more than 5,000 Doodles ove_111429")): Object 'Object Repository/Page_The Story and Evolution of Doodles - G_6e786d/h2_Weve created more than 5,000 Doodles ove_111429' is visible

17-06-2024T18:55:17 - [MESSAGE][PASSED] - Object 'Object Repository/Page_The Story and Evolution of Doodles - G_6e786d/h2_Weve created more than 5,000 Doodles ove_111429' is visible

17-06-2024T18:55:17 - [TEST_STEP][PASSED] - click(findTestObject("Object Repository/Page_The Story and Evolution of Doodles - G_6e786d/p_The first Doodle was a simple out-of-offi_345e61")): Object: 'Object Repository/Page_The Story and Evolution of Doodles - G_6e786d/p_The first Doodle was a simple out-of-offi_345e61' is clicked on

17-06-2024T18:55:17 - [MESSAGE][PASSED] - Object: 'Object Repository/Page_The Story and Evolution of Doodles - G_6e786d/p_The first Doodle was a simple out-of-offi_345e61' is clicked on

17-06-2024T18:55:17 - [TEST_STEP][PASSED] - verifyElementVisible(findTestObject("Object Repository/Page_The Story and Evolution of Doodles - G_6e786d/h1_The story behind Doodles")): Object 'Object Repository/Page_The Story and Evolution of Doodles - G_6e786d/h1_The story behind Doodles' is visible

17-06-2024T18:55:17 - [MESSAGE][PASSED] - Object 'Object Repository/Page_The Story and Evolution of Doodles - G_6e786d/h1_The story behind Doodles' is visible

17-06-2024T18:55:17 - [TEST_STEP][PASSED] - verifyElementVisible(findTestObject("Object Repository/Page_The Story and Evolution of Doodles - G_6e786d/p_The first Doodle was a simple out-of-offi_345e61")): Object 'Object Repository/Page_The Story and Evolution of Doodles - G_6e786d/p_The first Doodle was a simple out-of-offi_345e61' is visible

17-06-2024T18:55:18 - [MESSAGE][PASSED] - Object 'Object Repository/Page_The Story and Evolution of Doodles - G_6e786d/p_The first Doodle was a simple out-of-offi_345e61' is visible

17-06-2024T18:55:18 - [TEST_STEP][PASSED] - verifyElementVisible(findTestObject("Object Repository/Page_The Story and Evolution of Doodles - G_6e786d/h2_Weve created more than 5,000 Doodles ove_111429")): Object 'Object Repository/Page_The Story and Evolution of Doodles - G_6e786d/h2_Weve created more than 5,000 Doodles ove_111429' is visible

17-06-2024T18:55:18 - [MESSAGE][PASSED] - Object 'Object Repository/Page_The Story and Evolution of Doodles - G_6e786d/h2_Weve created more than 5,000 Doodles ove_111429' is visible

17-06-2024T18:55:18 - [TEST_STEP][PASSED] - click(findTestObject("Object Repository/Page_The Story and Evolution of Doodles - G_6e786d/p_The first Doodle was a simple out-of-offi_345e61")): Object: 'Object Repository/Page_The Story and Evolution of Doodles - G_6e786d/p_The first Doodle was a simple out-of-offi_345e61' is clicked on

17-06-2024T18:55:18 - [MESSAGE][PASSED] - Object: 'Object Repository/Page_The Story and Evolution of Doodles - G_6e786d/p_The first Doodle was a simple out-of-offi_345e61' is clicked on

17-06-2024T18:55:18 - [TEST_STEP][PASSED] - verifyElementVisible(findTestObject("Object Repository/Page_The Story and Evolution of Doodles - G_6e786d/h1_The story behind Doodles")): Object 'Object Repository/Page_The Story and Evolution of Doodles - G_6e786d/h1_The story behind Doodles' is visible

17-06-2024T18:55:19 - [MESSAGE][PASSED] - Object 'Object Repository/Page_The Story and Evolution of Doodles - G_6e786d/h1_The story behind Doodles' is visible

17-06-2024T18:55:19 - [TEST_STEP][PASSED] - verifyElementVisible(findTestObject("Object Repository/Page_The Story and Evolution of Doodles - G_6e786d/p_The first Doodle was a simple out-of-offi_345e61")): Object 'Object Repository/Page_The Story and Evolution of Doodles - G_6e786d/p_The first Doodle was a simple out-of-offi_345e61' is visible

17-06-2024T18:55:19 - [MESSAGE][PASSED] - Object 'Object Repository/Page_The Story and Evolution of Doodles - G_6e786d/p_The first Doodle was a simple out-of-offi_345e61' is visible

17-06-2024T18:55:19 - [TEST_STEP][PASSED] - verifyElementVisible(findTestObject("Object Repository/Page_The Story and Evolution of Doodles - G_6e786d/h2_Weve created more than 5,000 Doodles ove_111429")): Object 'Object Repository/Page_The Story and Evolution of Doodles - G_6e786d/h2_Weve created more than 5,000 Doodles ove_111429' is visible

17-06-2024T18:55:19 - [MESSAGE][PASSED] - Object 'Object Repository/Page_The Story and Evolution of Doodles - G_6e786d/h2_Weve created more than 5,000 Doodles ove_111429' is visible

17-06-2024T18:55:19 - [TEST_STEP][PASSED] - click(findTestObject("Object Repository/Page_The Story and Evolution of Doodles - G_6e786d/p_The first Doodle was a simple out-of-offi_345e61")): Object: 'Object Repository/Page_The Story and Evolution of Doodles - G_6e786d/p_The first Doodle was a simple out-of-offi_345e61' is clicked on

17-06-2024T18:55:20 - [MESSAGE][PASSED] - Object: 'Object Repository/Page_The Story and Evolution of Doodles - G_6e786d/p_The first Doodle was a simple out-of-offi_345e61' is clicked on

17-06-2024T18:55:20 - [TEST_STEP][PASSED] - verifyElementVisible(findTestObject("Object Repository/Page_The Story and Evolution of Doodles - G_6e786d/h1_The story behind Doodles")): Object 'Object Repository/Page_The Story and Evolution of Doodles - G_6e786d/h1_The story behind Doodles' is visible

17-06-2024T18:55:20 - [MESSAGE][PASSED] - Object 'Object Repository/Page_The Story and Evolution of Doodles - G_6e786d/h1_The story behind Doodles' is visible

17-06-2024T18:55:20 - [TEST_STEP][PASSED] - verifyElementVisible(findTestObject("Object Repository/Page_The Story and Evolution of Doodles - G_6e786d/p_The first Doodle was a simple out-of-offi_345e61")): Object 'Object Repository/Page_The Story and Evolution of Doodles - G_6e786d/p_The first Doodle was a simple out-of-offi_345e61' is visible

17-06-2024T18:55:20 - [MESSAGE][PASSED] - Object 'Object Repository/Page_The Story and Evolution of Doodles - G_6e786d/p_The first Doodle was a simple out-of-offi_345e61' is visible

17-06-2024T18:55:20 - [TEST_STEP][PASSED] - verifyElementVisible(findTestObject("Object Repository/Page_The Story and Evolution of Doodles - G_6e786d/h2_Weve created more than 5,000 Doodles ove_111429")): Object 'Object Repository/Page_The Story and Evolution of Doodles - G_6e786d/h2_Weve created more than 5,000 Doodles ove_111429' is visible

17-06-2024T18:55:21 - [MESSAGE][PASSED] - Object 'Object Repository/Page_The Story and Evolution of Doodles - G_6e786d/h2_Weve created more than 5,000 Doodles ove_111429' is visible]]></system-out>
         <system-err><![CDATA[]]></system-err>
      </testcase>
      <testcase name="Test Cases/test case folder 1/tc1 - Copy (9)" time="19.448" classname="Test Cases/test case folder 1/tc1 - Copy (9)" status="PASSED">
         <system-out><![CDATA[17-06-2024T18:55:21 - [TEST_CASE][PASSED] - Test Cases/test case folder 1/tc1 - Copy (9): Test Cases/test case folder 1/tc1 - Copy (9)

17-06-2024T18:55:21 - [TEST_STEP][PASSED] - openBrowser(""): Browser is opened with url: ''

17-06-2024T18:55:21 - [MESSAGE][WARNING] - A browser is already opened. Closing browser and opening a new one

17-06-2024T18:55:21 - [MESSAGE][INFO] - Starting 'Chrome (headless)' driver

17-06-2024T18:55:21 - [MESSAGE][INFO] - Action delay is set to 0 milliseconds

17-06-2024T18:55:22 - [MESSAGE][PASSED] - Browser is opened with url: ''

17-06-2024T18:55:22 - [TEST_STEP][PASSED] - navigateToUrl("https://doodles.google/about/"): Navigate to 'https://doodles.google/about/' successfully

17-06-2024T18:55:23 - [MESSAGE][PASSED] - Navigate to 'https://doodles.google/about/' successfully

17-06-2024T18:55:23 - [TEST_STEP][PASSED] - click(findTestObject("Object Repository/Page_The Story and Evolution of Doodles - G_6e786d/p_The first Doodle was a simple out-of-offi_345e61")): Object: 'Object Repository/Page_The Story and Evolution of Doodles - G_6e786d/p_The first Doodle was a simple out-of-offi_345e61' is clicked on

17-06-2024T18:55:25 - [MESSAGE][PASSED] - Object: 'Object Repository/Page_The Story and Evolution of Doodles - G_6e786d/p_The first Doodle was a simple out-of-offi_345e61' is clicked on

17-06-2024T18:55:25 - [TEST_STEP][PASSED] - click(findTestObject("Object Repository/Page_The Story and Evolution of Doodles - G_6e786d/p_The first Doodle was a simple out-of-offi_345e61")): Object: 'Object Repository/Page_The Story and Evolution of Doodles - G_6e786d/p_The first Doodle was a simple out-of-offi_345e61' is clicked on

17-06-2024T18:55:26 - [MESSAGE][PASSED] - Object: 'Object Repository/Page_The Story and Evolution of Doodles - G_6e786d/p_The first Doodle was a simple out-of-offi_345e61' is clicked on

17-06-2024T18:55:26 - [TEST_STEP][PASSED] - verifyElementVisible(findTestObject("Object Repository/Page_The Story and Evolution of Doodles - G_6e786d/h1_The story behind Doodles")): Object 'Object Repository/Page_The Story and Evolution of Doodles - G_6e786d/h1_The story behind Doodles' is visible

17-06-2024T18:55:26 - [MESSAGE][PASSED] - Object 'Object Repository/Page_The Story and Evolution of Doodles - G_6e786d/h1_The story behind Doodles' is visible

17-06-2024T18:55:26 - [TEST_STEP][PASSED] - verifyElementVisible(findTestObject("Object Repository/Page_The Story and Evolution of Doodles - G_6e786d/p_The first Doodle was a simple out-of-offi_345e61")): Object 'Object Repository/Page_The Story and Evolution of Doodles - G_6e786d/p_The first Doodle was a simple out-of-offi_345e61' is visible

17-06-2024T18:55:26 - [MESSAGE][PASSED] - Object 'Object Repository/Page_The Story and Evolution of Doodles - G_6e786d/p_The first Doodle was a simple out-of-offi_345e61' is visible

17-06-2024T18:55:26 - [TEST_STEP][PASSED] - verifyElementVisible(findTestObject("Object Repository/Page_The Story and Evolution of Doodles - G_6e786d/h2_Weve created more than 5,000 Doodles ove_111429")): Object 'Object Repository/Page_The Story and Evolution of Doodles - G_6e786d/h2_Weve created more than 5,000 Doodles ove_111429' is visible

17-06-2024T18:55:26 - [MESSAGE][PASSED] - Object 'Object Repository/Page_The Story and Evolution of Doodles - G_6e786d/h2_Weve created more than 5,000 Doodles ove_111429' is visible

17-06-2024T18:55:26 - [TEST_STEP][PASSED] - verifyElementVisible(findTestObject("Object Repository/Page_The Story and Evolution of Doodles - G_6e786d/h1_The story behind Doodles")): Object 'Object Repository/Page_The Story and Evolution of Doodles - G_6e786d/h1_The story behind Doodles' is visible

17-06-2024T18:55:27 - [MESSAGE][PASSED] - Object 'Object Repository/Page_The Story and Evolution of Doodles - G_6e786d/h1_The story behind Doodles' is visible

17-06-2024T18:55:27 - [TEST_STEP][PASSED] - verifyElementVisible(findTestObject("Object Repository/Page_The Story and Evolution of Doodles - G_6e786d/p_The first Doodle was a simple out-of-offi_345e61")): Object 'Object Repository/Page_The Story and Evolution of Doodles - G_6e786d/p_The first Doodle was a simple out-of-offi_345e61' is visible

17-06-2024T18:55:27 - [MESSAGE][PASSED] - Object 'Object Repository/Page_The Story and Evolution of Doodles - G_6e786d/p_The first Doodle was a simple out-of-offi_345e61' is visible

17-06-2024T18:55:27 - [TEST_STEP][PASSED] - verifyElementVisible(findTestObject("Object Repository/Page_The Story and Evolution of Doodles - G_6e786d/h2_Weve created more than 5,000 Doodles ove_111429")): Object 'Object Repository/Page_The Story and Evolution of Doodles - G_6e786d/h2_Weve created more than 5,000 Doodles ove_111429' is visible

17-06-2024T18:55:27 - [MESSAGE][PASSED] - Object 'Object Repository/Page_The Story and Evolution of Doodles - G_6e786d/h2_Weve created more than 5,000 Doodles ove_111429' is visible

17-06-2024T18:55:27 - [TEST_STEP][PASSED] - click(findTestObject("Object Repository/Page_The Story and Evolution of Doodles - G_6e786d/p_The first Doodle was a simple out-of-offi_345e61")): Object: 'Object Repository/Page_The Story and Evolution of Doodles - G_6e786d/p_The first Doodle was a simple out-of-offi_345e61' is clicked on

17-06-2024T18:55:28 - [MESSAGE][PASSED] - Object: 'Object Repository/Page_The Story and Evolution of Doodles - G_6e786d/p_The first Doodle was a simple out-of-offi_345e61' is clicked on

17-06-2024T18:55:28 - [TEST_STEP][PASSED] - verifyElementVisible(findTestObject("Object Repository/Page_The Story and Evolution of Doodles - G_6e786d/h1_The story behind Doodles")): Object 'Object Repository/Page_The Story and Evolution of Doodles - G_6e786d/h1_The story behind Doodles' is visible

17-06-2024T18:55:28 - [MESSAGE][PASSED] - Object 'Object Repository/Page_The Story and Evolution of Doodles - G_6e786d/h1_The story behind Doodles' is visible

17-06-2024T18:55:28 - [TEST_STEP][PASSED] - verifyElementVisible(findTestObject("Object Repository/Page_The Story and Evolution of Doodles - G_6e786d/p_The first Doodle was a simple out-of-offi_345e61")): Object 'Object Repository/Page_The Story and Evolution of Doodles - G_6e786d/p_The first Doodle was a simple out-of-offi_345e61' is visible

17-06-2024T18:55:28 - [MESSAGE][PASSED] - Object 'Object Repository/Page_The Story and Evolution of Doodles - G_6e786d/p_The first Doodle was a simple out-of-offi_345e61' is visible

17-06-2024T18:55:28 - [TEST_STEP][PASSED] - verifyElementVisible(findTestObject("Object Repository/Page_The Story and Evolution of Doodles - G_6e786d/h2_Weve created more than 5,000 Doodles ove_111429")): Object 'Object Repository/Page_The Story and Evolution of Doodles - G_6e786d/h2_Weve created more than 5,000 Doodles ove_111429' is visible

17-06-2024T18:55:29 - [MESSAGE][PASSED] - Object 'Object Repository/Page_The Story and Evolution of Doodles - G_6e786d/h2_Weve created more than 5,000 Doodles ove_111429' is visible

17-06-2024T18:55:29 - [TEST_STEP][PASSED] - click(findTestObject("Object Repository/Page_The Story and Evolution of Doodles - G_6e786d/p_The first Doodle was a simple out-of-offi_345e61")): Object: 'Object Repository/Page_The Story and Evolution of Doodles - G_6e786d/p_The first Doodle was a simple out-of-offi_345e61' is clicked on

17-06-2024T18:55:29 - [MESSAGE][PASSED] - Object: 'Object Repository/Page_The Story and Evolution of Doodles - G_6e786d/p_The first Doodle was a simple out-of-offi_345e61' is clicked on

17-06-2024T18:55:29 - [TEST_STEP][PASSED] - verifyElementVisible(findTestObject("Object Repository/Page_The Story and Evolution of Doodles - G_6e786d/h1_The story behind Doodles")): Object 'Object Repository/Page_The Story and Evolution of Doodles - G_6e786d/h1_The story behind Doodles' is visible

17-06-2024T18:55:29 - [MESSAGE][PASSED] - Object 'Object Repository/Page_The Story and Evolution of Doodles - G_6e786d/h1_The story behind Doodles' is visible

17-06-2024T18:55:29 - [TEST_STEP][PASSED] - verifyElementVisible(findTestObject("Object Repository/Page_The Story and Evolution of Doodles - G_6e786d/p_The first Doodle was a simple out-of-offi_345e61")): Object 'Object Repository/Page_The Story and Evolution of Doodles - G_6e786d/p_The first Doodle was a simple out-of-offi_345e61' is visible

17-06-2024T18:55:30 - [MESSAGE][PASSED] - Object 'Object Repository/Page_The Story and Evolution of Doodles - G_6e786d/p_The first Doodle was a simple out-of-offi_345e61' is visible

17-06-2024T18:55:30 - [TEST_STEP][PASSED] - verifyElementVisible(findTestObject("Object Repository/Page_The Story and Evolution of Doodles - G_6e786d/h2_Weve created more than 5,000 Doodles ove_111429")): Object 'Object Repository/Page_The Story and Evolution of Doodles - G_6e786d/h2_Weve created more than 5,000 Doodles ove_111429' is visible

17-06-2024T18:55:30 - [MESSAGE][PASSED] - Object 'Object Repository/Page_The Story and Evolution of Doodles - G_6e786d/h2_Weve created more than 5,000 Doodles ove_111429' is visible

17-06-2024T18:55:30 - [TEST_STEP][PASSED] - click(findTestObject("Object Repository/Page_The Story and Evolution of Doodles - G_6e786d/p_The first Doodle was a simple out-of-offi_345e61")): Object: 'Object Repository/Page_The Story and Evolution of Doodles - G_6e786d/p_The first Doodle was a simple out-of-offi_345e61' is clicked on

17-06-2024T18:55:30 - [MESSAGE][PASSED] - Object: 'Object Repository/Page_The Story and Evolution of Doodles - G_6e786d/p_The first Doodle was a simple out-of-offi_345e61' is clicked on

17-06-2024T18:55:30 - [TEST_STEP][PASSED] - verifyElementVisible(findTestObject("Object Repository/Page_The Story and Evolution of Doodles - G_6e786d/h1_The story behind Doodles")): Object 'Object Repository/Page_The Story and Evolution of Doodles - G_6e786d/h1_The story behind Doodles' is visible

17-06-2024T18:55:31 - [MESSAGE][PASSED] - Object 'Object Repository/Page_The Story and Evolution of Doodles - G_6e786d/h1_The story behind Doodles' is visible

17-06-2024T18:55:31 - [TEST_STEP][PASSED] - verifyElementVisible(findTestObject("Object Repository/Page_The Story and Evolution of Doodles - G_6e786d/p_The first Doodle was a simple out-of-offi_345e61")): Object 'Object Repository/Page_The Story and Evolution of Doodles - G_6e786d/p_The first Doodle was a simple out-of-offi_345e61' is visible

17-06-2024T18:55:31 - [MESSAGE][PASSED] - Object 'Object Repository/Page_The Story and Evolution of Doodles - G_6e786d/p_The first Doodle was a simple out-of-offi_345e61' is visible

17-06-2024T18:55:31 - [TEST_STEP][PASSED] - verifyElementVisible(findTestObject("Object Repository/Page_The Story and Evolution of Doodles - G_6e786d/h2_Weve created more than 5,000 Doodles ove_111429")): Object 'Object Repository/Page_The Story and Evolution of Doodles - G_6e786d/h2_Weve created more than 5,000 Doodles ove_111429' is visible

17-06-2024T18:55:31 - [MESSAGE][PASSED] - Object 'Object Repository/Page_The Story and Evolution of Doodles - G_6e786d/h2_Weve created more than 5,000 Doodles ove_111429' is visible

17-06-2024T18:55:31 - [TEST_STEP][PASSED] - click(findTestObject("Object Repository/Page_The Story and Evolution of Doodles - G_6e786d/p_The first Doodle was a simple out-of-offi_345e61")): Object: 'Object Repository/Page_The Story and Evolution of Doodles - G_6e786d/p_The first Doodle was a simple out-of-offi_345e61' is clicked on

17-06-2024T18:55:32 - [MESSAGE][PASSED] - Object: 'Object Repository/Page_The Story and Evolution of Doodles - G_6e786d/p_The first Doodle was a simple out-of-offi_345e61' is clicked on

17-06-2024T18:55:32 - [TEST_STEP][PASSED] - verifyElementVisible(findTestObject("Object Repository/Page_The Story and Evolution of Doodles - G_6e786d/h1_The story behind Doodles")): Object 'Object Repository/Page_The Story and Evolution of Doodles - G_6e786d/h1_The story behind Doodles' is visible

17-06-2024T18:55:32 - [MESSAGE][PASSED] - Object 'Object Repository/Page_The Story and Evolution of Doodles - G_6e786d/h1_The story behind Doodles' is visible

17-06-2024T18:55:32 - [TEST_STEP][PASSED] - verifyElementVisible(findTestObject("Object Repository/Page_The Story and Evolution of Doodles - G_6e786d/p_The first Doodle was a simple out-of-offi_345e61")): Object 'Object Repository/Page_The Story and Evolution of Doodles - G_6e786d/p_The first Doodle was a simple out-of-offi_345e61' is visible

17-06-2024T18:55:32 - [MESSAGE][PASSED] - Object 'Object Repository/Page_The Story and Evolution of Doodles - G_6e786d/p_The first Doodle was a simple out-of-offi_345e61' is visible

17-06-2024T18:55:32 - [TEST_STEP][PASSED] - verifyElementVisible(findTestObject("Object Repository/Page_The Story and Evolution of Doodles - G_6e786d/h2_Weve created more than 5,000 Doodles ove_111429")): Object 'Object Repository/Page_The Story and Evolution of Doodles - G_6e786d/h2_Weve created more than 5,000 Doodles ove_111429' is visible

17-06-2024T18:55:33 - [MESSAGE][PASSED] - Object 'Object Repository/Page_The Story and Evolution of Doodles - G_6e786d/h2_Weve created more than 5,000 Doodles ove_111429' is visible

17-06-2024T18:55:33 - [TEST_STEP][PASSED] - click(findTestObject("Object Repository/Page_The Story and Evolution of Doodles - G_6e786d/p_The first Doodle was a simple out-of-offi_345e61")): Object: 'Object Repository/Page_The Story and Evolution of Doodles - G_6e786d/p_The first Doodle was a simple out-of-offi_345e61' is clicked on

17-06-2024T18:55:33 - [MESSAGE][PASSED] - Object: 'Object Repository/Page_The Story and Evolution of Doodles - G_6e786d/p_The first Doodle was a simple out-of-offi_345e61' is clicked on

17-06-2024T18:55:33 - [TEST_STEP][PASSED] - verifyElementVisible(findTestObject("Object Repository/Page_The Story and Evolution of Doodles - G_6e786d/h1_The story behind Doodles")): Object 'Object Repository/Page_The Story and Evolution of Doodles - G_6e786d/h1_The story behind Doodles' is visible

17-06-2024T18:55:33 - [MESSAGE][PASSED] - Object 'Object Repository/Page_The Story and Evolution of Doodles - G_6e786d/h1_The story behind Doodles' is visible

17-06-2024T18:55:33 - [TEST_STEP][PASSED] - verifyElementVisible(findTestObject("Object Repository/Page_The Story and Evolution of Doodles - G_6e786d/p_The first Doodle was a simple out-of-offi_345e61")): Object 'Object Repository/Page_The Story and Evolution of Doodles - G_6e786d/p_The first Doodle was a simple out-of-offi_345e61' is visible

17-06-2024T18:55:33 - [MESSAGE][PASSED] - Object 'Object Repository/Page_The Story and Evolution of Doodles - G_6e786d/p_The first Doodle was a simple out-of-offi_345e61' is visible

17-06-2024T18:55:33 - [TEST_STEP][PASSED] - verifyElementVisible(findTestObject("Object Repository/Page_The Story and Evolution of Doodles - G_6e786d/h2_Weve created more than 5,000 Doodles ove_111429")): Object 'Object Repository/Page_The Story and Evolution of Doodles - G_6e786d/h2_Weve created more than 5,000 Doodles ove_111429' is visible

17-06-2024T18:55:34 - [MESSAGE][PASSED] - Object 'Object Repository/Page_The Story and Evolution of Doodles - G_6e786d/h2_Weve created more than 5,000 Doodles ove_111429' is visible

17-06-2024T18:55:34 - [TEST_STEP][PASSED] - click(findTestObject("Object Repository/Page_The Story and Evolution of Doodles - G_6e786d/p_The first Doodle was a simple out-of-offi_345e61")): Object: 'Object Repository/Page_The Story and Evolution of Doodles - G_6e786d/p_The first Doodle was a simple out-of-offi_345e61' is clicked on

17-06-2024T18:55:34 - [MESSAGE][PASSED] - Object: 'Object Repository/Page_The Story and Evolution of Doodles - G_6e786d/p_The first Doodle was a simple out-of-offi_345e61' is clicked on

17-06-2024T18:55:34 - [TEST_STEP][PASSED] - verifyElementVisible(findTestObject("Object Repository/Page_The Story and Evolution of Doodles - G_6e786d/h1_The story behind Doodles")): Object 'Object Repository/Page_The Story and Evolution of Doodles - G_6e786d/h1_The story behind Doodles' is visible

17-06-2024T18:55:34 - [MESSAGE][PASSED] - Object 'Object Repository/Page_The Story and Evolution of Doodles - G_6e786d/h1_The story behind Doodles' is visible

17-06-2024T18:55:34 - [TEST_STEP][PASSED] - verifyElementVisible(findTestObject("Object Repository/Page_The Story and Evolution of Doodles - G_6e786d/p_The first Doodle was a simple out-of-offi_345e61")): Object 'Object Repository/Page_The Story and Evolution of Doodles - G_6e786d/p_The first Doodle was a simple out-of-offi_345e61' is visible

17-06-2024T18:55:35 - [MESSAGE][PASSED] - Object 'Object Repository/Page_The Story and Evolution of Doodles - G_6e786d/p_The first Doodle was a simple out-of-offi_345e61' is visible

17-06-2024T18:55:35 - [TEST_STEP][PASSED] - verifyElementVisible(findTestObject("Object Repository/Page_The Story and Evolution of Doodles - G_6e786d/h2_Weve created more than 5,000 Doodles ove_111429")): Object 'Object Repository/Page_The Story and Evolution of Doodles - G_6e786d/h2_Weve created more than 5,000 Doodles ove_111429' is visible

17-06-2024T18:55:35 - [MESSAGE][PASSED] - Object 'Object Repository/Page_The Story and Evolution of Doodles - G_6e786d/h2_Weve created more than 5,000 Doodles ove_111429' is visible

17-06-2024T18:55:35 - [TEST_STEP][PASSED] - click(findTestObject("Object Repository/Page_The Story and Evolution of Doodles - G_6e786d/p_The first Doodle was a simple out-of-offi_345e61")): Object: 'Object Repository/Page_The Story and Evolution of Doodles - G_6e786d/p_The first Doodle was a simple out-of-offi_345e61' is clicked on

17-06-2024T18:55:35 - [MESSAGE][PASSED] - Object: 'Object Repository/Page_The Story and Evolution of Doodles - G_6e786d/p_The first Doodle was a simple out-of-offi_345e61' is clicked on

17-06-2024T18:55:35 - [TEST_STEP][PASSED] - verifyElementVisible(findTestObject("Object Repository/Page_The Story and Evolution of Doodles - G_6e786d/h1_The story behind Doodles")): Object 'Object Repository/Page_The Story and Evolution of Doodles - G_6e786d/h1_The story behind Doodles' is visible

17-06-2024T18:55:36 - [MESSAGE][PASSED] - Object 'Object Repository/Page_The Story and Evolution of Doodles - G_6e786d/h1_The story behind Doodles' is visible

17-06-2024T18:55:36 - [TEST_STEP][PASSED] - verifyElementVisible(findTestObject("Object Repository/Page_The Story and Evolution of Doodles - G_6e786d/p_The first Doodle was a simple out-of-offi_345e61")): Object 'Object Repository/Page_The Story and Evolution of Doodles - G_6e786d/p_The first Doodle was a simple out-of-offi_345e61' is visible

17-06-2024T18:55:36 - [MESSAGE][PASSED] - Object 'Object Repository/Page_The Story and Evolution of Doodles - G_6e786d/p_The first Doodle was a simple out-of-offi_345e61' is visible

17-06-2024T18:55:36 - [TEST_STEP][PASSED] - verifyElementVisible(findTestObject("Object Repository/Page_The Story and Evolution of Doodles - G_6e786d/h2_Weve created more than 5,000 Doodles ove_111429")): Object 'Object Repository/Page_The Story and Evolution of Doodles - G_6e786d/h2_Weve created more than 5,000 Doodles ove_111429' is visible

17-06-2024T18:55:37 - [MESSAGE][PASSED] - Object 'Object Repository/Page_The Story and Evolution of Doodles - G_6e786d/h2_Weve created more than 5,000 Doodles ove_111429' is visible

17-06-2024T18:55:37 - [TEST_STEP][PASSED] - click(findTestObject("Object Repository/Page_The Story and Evolution of Doodles - G_6e786d/p_The first Doodle was a simple out-of-offi_345e61")): Object: 'Object Repository/Page_The Story and Evolution of Doodles - G_6e786d/p_The first Doodle was a simple out-of-offi_345e61' is clicked on

17-06-2024T18:55:37 - [MESSAGE][PASSED] - Object: 'Object Repository/Page_The Story and Evolution of Doodles - G_6e786d/p_The first Doodle was a simple out-of-offi_345e61' is clicked on

17-06-2024T18:55:37 - [TEST_STEP][PASSED] - verifyElementVisible(findTestObject("Object Repository/Page_The Story and Evolution of Doodles - G_6e786d/h1_The story behind Doodles")): Object 'Object Repository/Page_The Story and Evolution of Doodles - G_6e786d/h1_The story behind Doodles' is visible

17-06-2024T18:55:37 - [MESSAGE][PASSED] - Object 'Object Repository/Page_The Story and Evolution of Doodles - G_6e786d/h1_The story behind Doodles' is visible

17-06-2024T18:55:37 - [TEST_STEP][PASSED] - verifyElementVisible(findTestObject("Object Repository/Page_The Story and Evolution of Doodles - G_6e786d/p_The first Doodle was a simple out-of-offi_345e61")): Object 'Object Repository/Page_The Story and Evolution of Doodles - G_6e786d/p_The first Doodle was a simple out-of-offi_345e61' is visible

17-06-2024T18:55:38 - [MESSAGE][PASSED] - Object 'Object Repository/Page_The Story and Evolution of Doodles - G_6e786d/p_The first Doodle was a simple out-of-offi_345e61' is visible

17-06-2024T18:55:38 - [TEST_STEP][PASSED] - verifyElementVisible(findTestObject("Object Repository/Page_The Story and Evolution of Doodles - G_6e786d/h2_Weve created more than 5,000 Doodles ove_111429")): Object 'Object Repository/Page_The Story and Evolution of Doodles - G_6e786d/h2_Weve created more than 5,000 Doodles ove_111429' is visible

17-06-2024T18:55:38 - [MESSAGE][PASSED] - Object 'Object Repository/Page_The Story and Evolution of Doodles - G_6e786d/h2_Weve created more than 5,000 Doodles ove_111429' is visible

17-06-2024T18:55:38 - [TEST_STEP][PASSED] - click(findTestObject("Object Repository/Page_The Story and Evolution of Doodles - G_6e786d/p_The first Doodle was a simple out-of-offi_345e61")): Object: 'Object Repository/Page_The Story and Evolution of Doodles - G_6e786d/p_The first Doodle was a simple out-of-offi_345e61' is clicked on

17-06-2024T18:55:38 - [MESSAGE][PASSED] - Object: 'Object Repository/Page_The Story and Evolution of Doodles - G_6e786d/p_The first Doodle was a simple out-of-offi_345e61' is clicked on

17-06-2024T18:55:38 - [TEST_STEP][PASSED] - verifyElementVisible(findTestObject("Object Repository/Page_The Story and Evolution of Doodles - G_6e786d/h1_The story behind Doodles")): Object 'Object Repository/Page_The Story and Evolution of Doodles - G_6e786d/h1_The story behind Doodles' is visible

17-06-2024T18:55:39 - [MESSAGE][PASSED] - Object 'Object Repository/Page_The Story and Evolution of Doodles - G_6e786d/h1_The story behind Doodles' is visible

17-06-2024T18:55:39 - [TEST_STEP][PASSED] - verifyElementVisible(findTestObject("Object Repository/Page_The Story and Evolution of Doodles - G_6e786d/p_The first Doodle was a simple out-of-offi_345e61")): Object 'Object Repository/Page_The Story and Evolution of Doodles - G_6e786d/p_The first Doodle was a simple out-of-offi_345e61' is visible

17-06-2024T18:55:40 - [MESSAGE][PASSED] - Object 'Object Repository/Page_The Story and Evolution of Doodles - G_6e786d/p_The first Doodle was a simple out-of-offi_345e61' is visible

17-06-2024T18:55:40 - [TEST_STEP][PASSED] - verifyElementVisible(findTestObject("Object Repository/Page_The Story and Evolution of Doodles - G_6e786d/h2_Weve created more than 5,000 Doodles ove_111429")): Object 'Object Repository/Page_The Story and Evolution of Doodles - G_6e786d/h2_Weve created more than 5,000 Doodles ove_111429' is visible

17-06-2024T18:55:40 - [MESSAGE][PASSED] - Object 'Object Repository/Page_The Story and Evolution of Doodles - G_6e786d/h2_Weve created more than 5,000 Doodles ove_111429' is visible]]></system-out>
         <system-err><![CDATA[]]></system-err>
      </testcase>
      <testcase name="Test Cases/test case folder 1/tc1 - Copy - Copy (1)" time="17.251" classname="Test Cases/test case folder 1/tc1 - Copy - Copy (1)" status="PASSED">
         <system-out><![CDATA[17-06-2024T19:00:15 - [TEST_CASE][PASSED] - Test Cases/test case folder 1/tc1 - Copy - Copy (1): Test Cases/test case folder 1/tc1 - Copy - Copy (1)

17-06-2024T19:00:15 - [TEST_STEP][PASSED] - openBrowser(""): Browser is opened with url: ''

17-06-2024T19:00:15 - [MESSAGE][WARNING] - A browser is already opened. Closing browser and opening a new one

17-06-2024T19:00:16 - [MESSAGE][INFO] - Starting 'Chrome (headless)' driver

17-06-2024T19:00:16 - [MESSAGE][INFO] - Action delay is set to 0 milliseconds

17-06-2024T19:00:16 - [MESSAGE][PASSED] - Browser is opened with url: ''

17-06-2024T19:00:16 - [TEST_STEP][PASSED] - navigateToUrl("https://doodles.google/about/"): Navigate to 'https://doodles.google/about/' successfully

17-06-2024T19:00:19 - [MESSAGE][PASSED] - Navigate to 'https://doodles.google/about/' successfully

17-06-2024T19:00:19 - [TEST_STEP][PASSED] - click(findTestObject("Object Repository/Page_The Story and Evolution of Doodles - G_6e786d/p_The first Doodle was a simple out-of-offi_345e61")): Object: 'Object Repository/Page_The Story and Evolution of Doodles - G_6e786d/p_The first Doodle was a simple out-of-offi_345e61' is clicked on

17-06-2024T19:00:19 - [MESSAGE][PASSED] - Object: 'Object Repository/Page_The Story and Evolution of Doodles - G_6e786d/p_The first Doodle was a simple out-of-offi_345e61' is clicked on

17-06-2024T19:00:19 - [TEST_STEP][PASSED] - click(findTestObject("Object Repository/Page_The Story and Evolution of Doodles - G_6e786d/p_The first Doodle was a simple out-of-offi_345e61")): Object: 'Object Repository/Page_The Story and Evolution of Doodles - G_6e786d/p_The first Doodle was a simple out-of-offi_345e61' is clicked on

17-06-2024T19:00:20 - [MESSAGE][PASSED] - Object: 'Object Repository/Page_The Story and Evolution of Doodles - G_6e786d/p_The first Doodle was a simple out-of-offi_345e61' is clicked on

17-06-2024T19:00:20 - [TEST_STEP][PASSED] - verifyElementVisible(findTestObject("Object Repository/Page_The Story and Evolution of Doodles - G_6e786d/h1_The story behind Doodles")): Object 'Object Repository/Page_The Story and Evolution of Doodles - G_6e786d/h1_The story behind Doodles' is visible

17-06-2024T19:00:20 - [MESSAGE][PASSED] - Object 'Object Repository/Page_The Story and Evolution of Doodles - G_6e786d/h1_The story behind Doodles' is visible

17-06-2024T19:00:20 - [TEST_STEP][PASSED] - verifyElementVisible(findTestObject("Object Repository/Page_The Story and Evolution of Doodles - G_6e786d/p_The first Doodle was a simple out-of-offi_345e61")): Object 'Object Repository/Page_The Story and Evolution of Doodles - G_6e786d/p_The first Doodle was a simple out-of-offi_345e61' is visible

17-06-2024T19:00:20 - [MESSAGE][PASSED] - Object 'Object Repository/Page_The Story and Evolution of Doodles - G_6e786d/p_The first Doodle was a simple out-of-offi_345e61' is visible

17-06-2024T19:00:20 - [TEST_STEP][PASSED] - verifyElementVisible(findTestObject("Object Repository/Page_The Story and Evolution of Doodles - G_6e786d/h2_Weve created more than 5,000 Doodles ove_111429")): Object 'Object Repository/Page_The Story and Evolution of Doodles - G_6e786d/h2_Weve created more than 5,000 Doodles ove_111429' is visible

17-06-2024T19:00:20 - [MESSAGE][PASSED] - Object 'Object Repository/Page_The Story and Evolution of Doodles - G_6e786d/h2_Weve created more than 5,000 Doodles ove_111429' is visible

17-06-2024T19:00:20 - [TEST_STEP][PASSED] - verifyElementVisible(findTestObject("Object Repository/Page_The Story and Evolution of Doodles - G_6e786d/h1_The story behind Doodles")): Object 'Object Repository/Page_The Story and Evolution of Doodles - G_6e786d/h1_The story behind Doodles' is visible

17-06-2024T19:00:21 - [MESSAGE][PASSED] - Object 'Object Repository/Page_The Story and Evolution of Doodles - G_6e786d/h1_The story behind Doodles' is visible

17-06-2024T19:00:21 - [TEST_STEP][PASSED] - verifyElementVisible(findTestObject("Object Repository/Page_The Story and Evolution of Doodles - G_6e786d/p_The first Doodle was a simple out-of-offi_345e61")): Object 'Object Repository/Page_The Story and Evolution of Doodles - G_6e786d/p_The first Doodle was a simple out-of-offi_345e61' is visible

17-06-2024T19:00:21 - [MESSAGE][PASSED] - Object 'Object Repository/Page_The Story and Evolution of Doodles - G_6e786d/p_The first Doodle was a simple out-of-offi_345e61' is visible

17-06-2024T19:00:21 - [TEST_STEP][PASSED] - verifyElementVisible(findTestObject("Object Repository/Page_The Story and Evolution of Doodles - G_6e786d/h2_Weve created more than 5,000 Doodles ove_111429")): Object 'Object Repository/Page_The Story and Evolution of Doodles - G_6e786d/h2_Weve created more than 5,000 Doodles ove_111429' is visible

17-06-2024T19:00:21 - [MESSAGE][PASSED] - Object 'Object Repository/Page_The Story and Evolution of Doodles - G_6e786d/h2_Weve created more than 5,000 Doodles ove_111429' is visible

17-06-2024T19:00:21 - [TEST_STEP][PASSED] - click(findTestObject("Object Repository/Page_The Story and Evolution of Doodles - G_6e786d/p_The first Doodle was a simple out-of-offi_345e61")): Object: 'Object Repository/Page_The Story and Evolution of Doodles - G_6e786d/p_The first Doodle was a simple out-of-offi_345e61' is clicked on

17-06-2024T19:00:22 - [MESSAGE][PASSED] - Object: 'Object Repository/Page_The Story and Evolution of Doodles - G_6e786d/p_The first Doodle was a simple out-of-offi_345e61' is clicked on

17-06-2024T19:00:22 - [TEST_STEP][PASSED] - verifyElementVisible(findTestObject("Object Repository/Page_The Story and Evolution of Doodles - G_6e786d/h1_The story behind Doodles")): Object 'Object Repository/Page_The Story and Evolution of Doodles - G_6e786d/h1_The story behind Doodles' is visible

17-06-2024T19:00:22 - [MESSAGE][PASSED] - Object 'Object Repository/Page_The Story and Evolution of Doodles - G_6e786d/h1_The story behind Doodles' is visible

17-06-2024T19:00:22 - [TEST_STEP][PASSED] - verifyElementVisible(findTestObject("Object Repository/Page_The Story and Evolution of Doodles - G_6e786d/p_The first Doodle was a simple out-of-offi_345e61")): Object 'Object Repository/Page_The Story and Evolution of Doodles - G_6e786d/p_The first Doodle was a simple out-of-offi_345e61' is visible

17-06-2024T19:00:22 - [MESSAGE][PASSED] - Object 'Object Repository/Page_The Story and Evolution of Doodles - G_6e786d/p_The first Doodle was a simple out-of-offi_345e61' is visible

17-06-2024T19:00:22 - [TEST_STEP][PASSED] - verifyElementVisible(findTestObject("Object Repository/Page_The Story and Evolution of Doodles - G_6e786d/h2_Weve created more than 5,000 Doodles ove_111429")): Object 'Object Repository/Page_The Story and Evolution of Doodles - G_6e786d/h2_Weve created more than 5,000 Doodles ove_111429' is visible

17-06-2024T19:00:23 - [MESSAGE][PASSED] - Object 'Object Repository/Page_The Story and Evolution of Doodles - G_6e786d/h2_Weve created more than 5,000 Doodles ove_111429' is visible

17-06-2024T19:00:23 - [TEST_STEP][PASSED] - click(findTestObject("Object Repository/Page_The Story and Evolution of Doodles - G_6e786d/p_The first Doodle was a simple out-of-offi_345e61")): Object: 'Object Repository/Page_The Story and Evolution of Doodles - G_6e786d/p_The first Doodle was a simple out-of-offi_345e61' is clicked on

17-06-2024T19:00:23 - [MESSAGE][PASSED] - Object: 'Object Repository/Page_The Story and Evolution of Doodles - G_6e786d/p_The first Doodle was a simple out-of-offi_345e61' is clicked on

17-06-2024T19:00:23 - [TEST_STEP][PASSED] - verifyElementVisible(findTestObject("Object Repository/Page_The Story and Evolution of Doodles - G_6e786d/h1_The story behind Doodles")): Object 'Object Repository/Page_The Story and Evolution of Doodles - G_6e786d/h1_The story behind Doodles' is visible

17-06-2024T19:00:23 - [MESSAGE][PASSED] - Object 'Object Repository/Page_The Story and Evolution of Doodles - G_6e786d/h1_The story behind Doodles' is visible

17-06-2024T19:00:23 - [TEST_STEP][PASSED] - verifyElementVisible(findTestObject("Object Repository/Page_The Story and Evolution of Doodles - G_6e786d/p_The first Doodle was a simple out-of-offi_345e61")): Object 'Object Repository/Page_The Story and Evolution of Doodles - G_6e786d/p_The first Doodle was a simple out-of-offi_345e61' is visible

17-06-2024T19:00:24 - [MESSAGE][PASSED] - Object 'Object Repository/Page_The Story and Evolution of Doodles - G_6e786d/p_The first Doodle was a simple out-of-offi_345e61' is visible

17-06-2024T19:00:24 - [TEST_STEP][PASSED] - verifyElementVisible(findTestObject("Object Repository/Page_The Story and Evolution of Doodles - G_6e786d/h2_Weve created more than 5,000 Doodles ove_111429")): Object 'Object Repository/Page_The Story and Evolution of Doodles - G_6e786d/h2_Weve created more than 5,000 Doodles ove_111429' is visible

17-06-2024T19:00:24 - [MESSAGE][PASSED] - Object 'Object Repository/Page_The Story and Evolution of Doodles - G_6e786d/h2_Weve created more than 5,000 Doodles ove_111429' is visible

17-06-2024T19:00:24 - [TEST_STEP][PASSED] - click(findTestObject("Object Repository/Page_The Story and Evolution of Doodles - G_6e786d/p_The first Doodle was a simple out-of-offi_345e61")): Object: 'Object Repository/Page_The Story and Evolution of Doodles - G_6e786d/p_The first Doodle was a simple out-of-offi_345e61' is clicked on

17-06-2024T19:00:24 - [MESSAGE][PASSED] - Object: 'Object Repository/Page_The Story and Evolution of Doodles - G_6e786d/p_The first Doodle was a simple out-of-offi_345e61' is clicked on

17-06-2024T19:00:24 - [TEST_STEP][PASSED] - verifyElementVisible(findTestObject("Object Repository/Page_The Story and Evolution of Doodles - G_6e786d/h1_The story behind Doodles")): Object 'Object Repository/Page_The Story and Evolution of Doodles - G_6e786d/h1_The story behind Doodles' is visible

17-06-2024T19:00:25 - [MESSAGE][PASSED] - Object 'Object Repository/Page_The Story and Evolution of Doodles - G_6e786d/h1_The story behind Doodles' is visible

17-06-2024T19:00:25 - [TEST_STEP][PASSED] - verifyElementVisible(findTestObject("Object Repository/Page_The Story and Evolution of Doodles - G_6e786d/p_The first Doodle was a simple out-of-offi_345e61")): Object 'Object Repository/Page_The Story and Evolution of Doodles - G_6e786d/p_The first Doodle was a simple out-of-offi_345e61' is visible

17-06-2024T19:00:25 - [MESSAGE][PASSED] - Object 'Object Repository/Page_The Story and Evolution of Doodles - G_6e786d/p_The first Doodle was a simple out-of-offi_345e61' is visible

17-06-2024T19:00:25 - [TEST_STEP][PASSED] - verifyElementVisible(findTestObject("Object Repository/Page_The Story and Evolution of Doodles - G_6e786d/h2_Weve created more than 5,000 Doodles ove_111429")): Object 'Object Repository/Page_The Story and Evolution of Doodles - G_6e786d/h2_Weve created more than 5,000 Doodles ove_111429' is visible

17-06-2024T19:00:25 - [MESSAGE][PASSED] - Object 'Object Repository/Page_The Story and Evolution of Doodles - G_6e786d/h2_Weve created more than 5,000 Doodles ove_111429' is visible

17-06-2024T19:00:25 - [TEST_STEP][PASSED] - click(findTestObject("Object Repository/Page_The Story and Evolution of Doodles - G_6e786d/p_The first Doodle was a simple out-of-offi_345e61")): Object: 'Object Repository/Page_The Story and Evolution of Doodles - G_6e786d/p_The first Doodle was a simple out-of-offi_345e61' is clicked on

17-06-2024T19:00:25 - [MESSAGE][PASSED] - Object: 'Object Repository/Page_The Story and Evolution of Doodles - G_6e786d/p_The first Doodle was a simple out-of-offi_345e61' is clicked on

17-06-2024T19:00:25 - [TEST_STEP][PASSED] - verifyElementVisible(findTestObject("Object Repository/Page_The Story and Evolution of Doodles - G_6e786d/h1_The story behind Doodles")): Object 'Object Repository/Page_The Story and Evolution of Doodles - G_6e786d/h1_The story behind Doodles' is visible

17-06-2024T19:00:26 - [MESSAGE][PASSED] - Object 'Object Repository/Page_The Story and Evolution of Doodles - G_6e786d/h1_The story behind Doodles' is visible

17-06-2024T19:00:26 - [TEST_STEP][PASSED] - verifyElementVisible(findTestObject("Object Repository/Page_The Story and Evolution of Doodles - G_6e786d/p_The first Doodle was a simple out-of-offi_345e61")): Object 'Object Repository/Page_The Story and Evolution of Doodles - G_6e786d/p_The first Doodle was a simple out-of-offi_345e61' is visible

17-06-2024T19:00:26 - [MESSAGE][PASSED] - Object 'Object Repository/Page_The Story and Evolution of Doodles - G_6e786d/p_The first Doodle was a simple out-of-offi_345e61' is visible

17-06-2024T19:00:26 - [TEST_STEP][PASSED] - verifyElementVisible(findTestObject("Object Repository/Page_The Story and Evolution of Doodles - G_6e786d/h2_Weve created more than 5,000 Doodles ove_111429")): Object 'Object Repository/Page_The Story and Evolution of Doodles - G_6e786d/h2_Weve created more than 5,000 Doodles ove_111429' is visible

17-06-2024T19:00:26 - [MESSAGE][PASSED] - Object 'Object Repository/Page_The Story and Evolution of Doodles - G_6e786d/h2_Weve created more than 5,000 Doodles ove_111429' is visible

17-06-2024T19:00:26 - [TEST_STEP][PASSED] - click(findTestObject("Object Repository/Page_The Story and Evolution of Doodles - G_6e786d/p_The first Doodle was a simple out-of-offi_345e61")): Object: 'Object Repository/Page_The Story and Evolution of Doodles - G_6e786d/p_The first Doodle was a simple out-of-offi_345e61' is clicked on

17-06-2024T19:00:27 - [MESSAGE][PASSED] - Object: 'Object Repository/Page_The Story and Evolution of Doodles - G_6e786d/p_The first Doodle was a simple out-of-offi_345e61' is clicked on

17-06-2024T19:00:27 - [TEST_STEP][PASSED] - verifyElementVisible(findTestObject("Object Repository/Page_The Story and Evolution of Doodles - G_6e786d/h1_The story behind Doodles")): Object 'Object Repository/Page_The Story and Evolution of Doodles - G_6e786d/h1_The story behind Doodles' is visible

17-06-2024T19:00:27 - [MESSAGE][PASSED] - Object 'Object Repository/Page_The Story and Evolution of Doodles - G_6e786d/h1_The story behind Doodles' is visible

17-06-2024T19:00:27 - [TEST_STEP][PASSED] - verifyElementVisible(findTestObject("Object Repository/Page_The Story and Evolution of Doodles - G_6e786d/p_The first Doodle was a simple out-of-offi_345e61")): Object 'Object Repository/Page_The Story and Evolution of Doodles - G_6e786d/p_The first Doodle was a simple out-of-offi_345e61' is visible

17-06-2024T19:00:27 - [MESSAGE][PASSED] - Object 'Object Repository/Page_The Story and Evolution of Doodles - G_6e786d/p_The first Doodle was a simple out-of-offi_345e61' is visible

17-06-2024T19:00:27 - [TEST_STEP][PASSED] - verifyElementVisible(findTestObject("Object Repository/Page_The Story and Evolution of Doodles - G_6e786d/h2_Weve created more than 5,000 Doodles ove_111429")): Object 'Object Repository/Page_The Story and Evolution of Doodles - G_6e786d/h2_Weve created more than 5,000 Doodles ove_111429' is visible

17-06-2024T19:00:28 - [MESSAGE][PASSED] - Object 'Object Repository/Page_The Story and Evolution of Doodles - G_6e786d/h2_Weve created more than 5,000 Doodles ove_111429' is visible

17-06-2024T19:00:28 - [TEST_STEP][PASSED] - click(findTestObject("Object Repository/Page_The Story and Evolution of Doodles - G_6e786d/p_The first Doodle was a simple out-of-offi_345e61")): Object: 'Object Repository/Page_The Story and Evolution of Doodles - G_6e786d/p_The first Doodle was a simple out-of-offi_345e61' is clicked on

17-06-2024T19:00:28 - [MESSAGE][PASSED] - Object: 'Object Repository/Page_The Story and Evolution of Doodles - G_6e786d/p_The first Doodle was a simple out-of-offi_345e61' is clicked on

17-06-2024T19:00:28 - [TEST_STEP][PASSED] - verifyElementVisible(findTestObject("Object Repository/Page_The Story and Evolution of Doodles - G_6e786d/h1_The story behind Doodles")): Object 'Object Repository/Page_The Story and Evolution of Doodles - G_6e786d/h1_The story behind Doodles' is visible

17-06-2024T19:00:28 - [MESSAGE][PASSED] - Object 'Object Repository/Page_The Story and Evolution of Doodles - G_6e786d/h1_The story behind Doodles' is visible

17-06-2024T19:00:28 - [TEST_STEP][PASSED] - verifyElementVisible(findTestObject("Object Repository/Page_The Story and Evolution of Doodles - G_6e786d/p_The first Doodle was a simple out-of-offi_345e61")): Object 'Object Repository/Page_The Story and Evolution of Doodles - G_6e786d/p_The first Doodle was a simple out-of-offi_345e61' is visible

17-06-2024T19:00:29 - [MESSAGE][PASSED] - Object 'Object Repository/Page_The Story and Evolution of Doodles - G_6e786d/p_The first Doodle was a simple out-of-offi_345e61' is visible

17-06-2024T19:00:29 - [TEST_STEP][PASSED] - verifyElementVisible(findTestObject("Object Repository/Page_The Story and Evolution of Doodles - G_6e786d/h2_Weve created more than 5,000 Doodles ove_111429")): Object 'Object Repository/Page_The Story and Evolution of Doodles - G_6e786d/h2_Weve created more than 5,000 Doodles ove_111429' is visible

17-06-2024T19:00:29 - [MESSAGE][PASSED] - Object 'Object Repository/Page_The Story and Evolution of Doodles - G_6e786d/h2_Weve created more than 5,000 Doodles ove_111429' is visible

17-06-2024T19:00:29 - [TEST_STEP][PASSED] - click(findTestObject("Object Repository/Page_The Story and Evolution of Doodles - G_6e786d/p_The first Doodle was a simple out-of-offi_345e61")): Object: 'Object Repository/Page_The Story and Evolution of Doodles - G_6e786d/p_The first Doodle was a simple out-of-offi_345e61' is clicked on

17-06-2024T19:00:29 - [MESSAGE][PASSED] - Object: 'Object Repository/Page_The Story and Evolution of Doodles - G_6e786d/p_The first Doodle was a simple out-of-offi_345e61' is clicked on

17-06-2024T19:00:29 - [TEST_STEP][PASSED] - verifyElementVisible(findTestObject("Object Repository/Page_The Story and Evolution of Doodles - G_6e786d/h1_The story behind Doodles")): Object 'Object Repository/Page_The Story and Evolution of Doodles - G_6e786d/h1_The story behind Doodles' is visible

17-06-2024T19:00:30 - [MESSAGE][PASSED] - Object 'Object Repository/Page_The Story and Evolution of Doodles - G_6e786d/h1_The story behind Doodles' is visible

17-06-2024T19:00:30 - [TEST_STEP][PASSED] - verifyElementVisible(findTestObject("Object Repository/Page_The Story and Evolution of Doodles - G_6e786d/p_The first Doodle was a simple out-of-offi_345e61")): Object 'Object Repository/Page_The Story and Evolution of Doodles - G_6e786d/p_The first Doodle was a simple out-of-offi_345e61' is visible

17-06-2024T19:00:30 - [MESSAGE][PASSED] - Object 'Object Repository/Page_The Story and Evolution of Doodles - G_6e786d/p_The first Doodle was a simple out-of-offi_345e61' is visible

17-06-2024T19:00:30 - [TEST_STEP][PASSED] - verifyElementVisible(findTestObject("Object Repository/Page_The Story and Evolution of Doodles - G_6e786d/h2_Weve created more than 5,000 Doodles ove_111429")): Object 'Object Repository/Page_The Story and Evolution of Doodles - G_6e786d/h2_Weve created more than 5,000 Doodles ove_111429' is visible

17-06-2024T19:00:30 - [MESSAGE][PASSED] - Object 'Object Repository/Page_The Story and Evolution of Doodles - G_6e786d/h2_Weve created more than 5,000 Doodles ove_111429' is visible

17-06-2024T19:00:30 - [TEST_STEP][PASSED] - click(findTestObject("Object Repository/Page_The Story and Evolution of Doodles - G_6e786d/p_The first Doodle was a simple out-of-offi_345e61")): Object: 'Object Repository/Page_The Story and Evolution of Doodles - G_6e786d/p_The first Doodle was a simple out-of-offi_345e61' is clicked on

17-06-2024T19:00:30 - [MESSAGE][PASSED] - Object: 'Object Repository/Page_The Story and Evolution of Doodles - G_6e786d/p_The first Doodle was a simple out-of-offi_345e61' is clicked on

17-06-2024T19:00:30 - [TEST_STEP][PASSED] - verifyElementVisible(findTestObject("Object Repository/Page_The Story and Evolution of Doodles - G_6e786d/h1_The story behind Doodles")): Object 'Object Repository/Page_The Story and Evolution of Doodles - G_6e786d/h1_The story behind Doodles' is visible

17-06-2024T19:00:31 - [MESSAGE][PASSED] - Object 'Object Repository/Page_The Story and Evolution of Doodles - G_6e786d/h1_The story behind Doodles' is visible

17-06-2024T19:00:31 - [TEST_STEP][PASSED] - verifyElementVisible(findTestObject("Object Repository/Page_The Story and Evolution of Doodles - G_6e786d/p_The first Doodle was a simple out-of-offi_345e61")): Object 'Object Repository/Page_The Story and Evolution of Doodles - G_6e786d/p_The first Doodle was a simple out-of-offi_345e61' is visible

17-06-2024T19:00:31 - [MESSAGE][PASSED] - Object 'Object Repository/Page_The Story and Evolution of Doodles - G_6e786d/p_The first Doodle was a simple out-of-offi_345e61' is visible

17-06-2024T19:00:31 - [TEST_STEP][PASSED] - verifyElementVisible(findTestObject("Object Repository/Page_The Story and Evolution of Doodles - G_6e786d/h2_Weve created more than 5,000 Doodles ove_111429")): Object 'Object Repository/Page_The Story and Evolution of Doodles - G_6e786d/h2_Weve created more than 5,000 Doodles ove_111429' is visible

17-06-2024T19:00:31 - [MESSAGE][PASSED] - Object 'Object Repository/Page_The Story and Evolution of Doodles - G_6e786d/h2_Weve created more than 5,000 Doodles ove_111429' is visible

17-06-2024T19:00:31 - [TEST_STEP][PASSED] - click(findTestObject("Object Repository/Page_The Story and Evolution of Doodles - G_6e786d/p_The first Doodle was a simple out-of-offi_345e61")): Object: 'Object Repository/Page_The Story and Evolution of Doodles - G_6e786d/p_The first Doodle was a simple out-of-offi_345e61' is clicked on

17-06-2024T19:00:32 - [MESSAGE][PASSED] - Object: 'Object Repository/Page_The Story and Evolution of Doodles - G_6e786d/p_The first Doodle was a simple out-of-offi_345e61' is clicked on

17-06-2024T19:00:32 - [TEST_STEP][PASSED] - verifyElementVisible(findTestObject("Object Repository/Page_The Story and Evolution of Doodles - G_6e786d/h1_The story behind Doodles")): Object 'Object Repository/Page_The Story and Evolution of Doodles - G_6e786d/h1_The story behind Doodles' is visible

17-06-2024T19:00:32 - [MESSAGE][PASSED] - Object 'Object Repository/Page_The Story and Evolution of Doodles - G_6e786d/h1_The story behind Doodles' is visible

17-06-2024T19:00:32 - [TEST_STEP][PASSED] - verifyElementVisible(findTestObject("Object Repository/Page_The Story and Evolution of Doodles - G_6e786d/p_The first Doodle was a simple out-of-offi_345e61")): Object 'Object Repository/Page_The Story and Evolution of Doodles - G_6e786d/p_The first Doodle was a simple out-of-offi_345e61' is visible

17-06-2024T19:00:32 - [MESSAGE][PASSED] - Object 'Object Repository/Page_The Story and Evolution of Doodles - G_6e786d/p_The first Doodle was a simple out-of-offi_345e61' is visible

17-06-2024T19:00:32 - [TEST_STEP][PASSED] - verifyElementVisible(findTestObject("Object Repository/Page_The Story and Evolution of Doodles - G_6e786d/h2_Weve created more than 5,000 Doodles ove_111429")): Object 'Object Repository/Page_The Story and Evolution of Doodles - G_6e786d/h2_Weve created more than 5,000 Doodles ove_111429' is visible

17-06-2024T19:00:33 - [MESSAGE][PASSED] - Object 'Object Repository/Page_The Story and Evolution of Doodles - G_6e786d/h2_Weve created more than 5,000 Doodles ove_111429' is visible]]></system-out>
         <system-err><![CDATA[]]></system-err>
      </testcase>
      <testcase name="Test Cases/test case folder 1/tc1 - Copy - Copy (2)" time="18.825" classname="Test Cases/test case folder 1/tc1 - Copy - Copy (2)" status="PASSED">
         <system-out><![CDATA[17-06-2024T19:00:33 - [TEST_CASE][PASSED] - Test Cases/test case folder 1/tc1 - Copy - Copy (2): Test Cases/test case folder 1/tc1 - Copy - Copy (2)

17-06-2024T19:00:33 - [TEST_STEP][PASSED] - openBrowser(""): Browser is opened with url: ''

17-06-2024T19:00:33 - [MESSAGE][WARNING] - A browser is already opened. Closing browser and opening a new one

17-06-2024T19:00:33 - [MESSAGE][INFO] - Starting 'Chrome (headless)' driver

17-06-2024T19:00:33 - [MESSAGE][INFO] - Action delay is set to 0 milliseconds

17-06-2024T19:00:34 - [MESSAGE][PASSED] - Browser is opened with url: ''

17-06-2024T19:00:34 - [TEST_STEP][PASSED] - navigateToUrl("https://doodles.google/about/"): Navigate to 'https://doodles.google/about/' successfully

17-06-2024T19:00:35 - [MESSAGE][PASSED] - Navigate to 'https://doodles.google/about/' successfully

17-06-2024T19:00:35 - [TEST_STEP][PASSED] - click(findTestObject("Object Repository/Page_The Story and Evolution of Doodles - G_6e786d/p_The first Doodle was a simple out-of-offi_345e61")): Object: 'Object Repository/Page_The Story and Evolution of Doodles - G_6e786d/p_The first Doodle was a simple out-of-offi_345e61' is clicked on

17-06-2024T19:00:37 - [MESSAGE][PASSED] - Object: 'Object Repository/Page_The Story and Evolution of Doodles - G_6e786d/p_The first Doodle was a simple out-of-offi_345e61' is clicked on

17-06-2024T19:00:37 - [TEST_STEP][PASSED] - click(findTestObject("Object Repository/Page_The Story and Evolution of Doodles - G_6e786d/p_The first Doodle was a simple out-of-offi_345e61")): Object: 'Object Repository/Page_The Story and Evolution of Doodles - G_6e786d/p_The first Doodle was a simple out-of-offi_345e61' is clicked on

17-06-2024T19:00:38 - [MESSAGE][PASSED] - Object: 'Object Repository/Page_The Story and Evolution of Doodles - G_6e786d/p_The first Doodle was a simple out-of-offi_345e61' is clicked on

17-06-2024T19:00:38 - [TEST_STEP][PASSED] - verifyElementVisible(findTestObject("Object Repository/Page_The Story and Evolution of Doodles - G_6e786d/h1_The story behind Doodles")): Object 'Object Repository/Page_The Story and Evolution of Doodles - G_6e786d/h1_The story behind Doodles' is visible

17-06-2024T19:00:38 - [MESSAGE][PASSED] - Object 'Object Repository/Page_The Story and Evolution of Doodles - G_6e786d/h1_The story behind Doodles' is visible

17-06-2024T19:00:38 - [TEST_STEP][PASSED] - verifyElementVisible(findTestObject("Object Repository/Page_The Story and Evolution of Doodles - G_6e786d/p_The first Doodle was a simple out-of-offi_345e61")): Object 'Object Repository/Page_The Story and Evolution of Doodles - G_6e786d/p_The first Doodle was a simple out-of-offi_345e61' is visible

17-06-2024T19:00:38 - [MESSAGE][PASSED] - Object 'Object Repository/Page_The Story and Evolution of Doodles - G_6e786d/p_The first Doodle was a simple out-of-offi_345e61' is visible

17-06-2024T19:00:38 - [TEST_STEP][PASSED] - verifyElementVisible(findTestObject("Object Repository/Page_The Story and Evolution of Doodles - G_6e786d/h2_Weve created more than 5,000 Doodles ove_111429")): Object 'Object Repository/Page_The Story and Evolution of Doodles - G_6e786d/h2_Weve created more than 5,000 Doodles ove_111429' is visible

17-06-2024T19:00:39 - [MESSAGE][PASSED] - Object 'Object Repository/Page_The Story and Evolution of Doodles - G_6e786d/h2_Weve created more than 5,000 Doodles ove_111429' is visible

17-06-2024T19:00:39 - [TEST_STEP][PASSED] - verifyElementVisible(findTestObject("Object Repository/Page_The Story and Evolution of Doodles - G_6e786d/h1_The story behind Doodles")): Object 'Object Repository/Page_The Story and Evolution of Doodles - G_6e786d/h1_The story behind Doodles' is visible

17-06-2024T19:00:39 - [MESSAGE][PASSED] - Object 'Object Repository/Page_The Story and Evolution of Doodles - G_6e786d/h1_The story behind Doodles' is visible

17-06-2024T19:00:39 - [TEST_STEP][PASSED] - verifyElementVisible(findTestObject("Object Repository/Page_The Story and Evolution of Doodles - G_6e786d/p_The first Doodle was a simple out-of-offi_345e61")): Object 'Object Repository/Page_The Story and Evolution of Doodles - G_6e786d/p_The first Doodle was a simple out-of-offi_345e61' is visible

17-06-2024T19:00:39 - [MESSAGE][PASSED] - Object 'Object Repository/Page_The Story and Evolution of Doodles - G_6e786d/p_The first Doodle was a simple out-of-offi_345e61' is visible

17-06-2024T19:00:39 - [TEST_STEP][PASSED] - verifyElementVisible(findTestObject("Object Repository/Page_The Story and Evolution of Doodles - G_6e786d/h2_Weve created more than 5,000 Doodles ove_111429")): Object 'Object Repository/Page_The Story and Evolution of Doodles - G_6e786d/h2_Weve created more than 5,000 Doodles ove_111429' is visible

17-06-2024T19:00:40 - [MESSAGE][PASSED] - Object 'Object Repository/Page_The Story and Evolution of Doodles - G_6e786d/h2_Weve created more than 5,000 Doodles ove_111429' is visible

17-06-2024T19:00:40 - [TEST_STEP][PASSED] - click(findTestObject("Object Repository/Page_The Story and Evolution of Doodles - G_6e786d/p_The first Doodle was a simple out-of-offi_345e61")): Object: 'Object Repository/Page_The Story and Evolution of Doodles - G_6e786d/p_The first Doodle was a simple out-of-offi_345e61' is clicked on

17-06-2024T19:00:40 - [MESSAGE][PASSED] - Object: 'Object Repository/Page_The Story and Evolution of Doodles - G_6e786d/p_The first Doodle was a simple out-of-offi_345e61' is clicked on

17-06-2024T19:00:40 - [TEST_STEP][PASSED] - verifyElementVisible(findTestObject("Object Repository/Page_The Story and Evolution of Doodles - G_6e786d/h1_The story behind Doodles")): Object 'Object Repository/Page_The Story and Evolution of Doodles - G_6e786d/h1_The story behind Doodles' is visible

17-06-2024T19:00:40 - [MESSAGE][PASSED] - Object 'Object Repository/Page_The Story and Evolution of Doodles - G_6e786d/h1_The story behind Doodles' is visible

17-06-2024T19:00:40 - [TEST_STEP][PASSED] - verifyElementVisible(findTestObject("Object Repository/Page_The Story and Evolution of Doodles - G_6e786d/p_The first Doodle was a simple out-of-offi_345e61")): Object 'Object Repository/Page_The Story and Evolution of Doodles - G_6e786d/p_The first Doodle was a simple out-of-offi_345e61' is visible

17-06-2024T19:00:41 - [MESSAGE][PASSED] - Object 'Object Repository/Page_The Story and Evolution of Doodles - G_6e786d/p_The first Doodle was a simple out-of-offi_345e61' is visible

17-06-2024T19:00:41 - [TEST_STEP][PASSED] - verifyElementVisible(findTestObject("Object Repository/Page_The Story and Evolution of Doodles - G_6e786d/h2_Weve created more than 5,000 Doodles ove_111429")): Object 'Object Repository/Page_The Story and Evolution of Doodles - G_6e786d/h2_Weve created more than 5,000 Doodles ove_111429' is visible

17-06-2024T19:00:41 - [MESSAGE][PASSED] - Object 'Object Repository/Page_The Story and Evolution of Doodles - G_6e786d/h2_Weve created more than 5,000 Doodles ove_111429' is visible

17-06-2024T19:00:41 - [TEST_STEP][PASSED] - click(findTestObject("Object Repository/Page_The Story and Evolution of Doodles - G_6e786d/p_The first Doodle was a simple out-of-offi_345e61")): Object: 'Object Repository/Page_The Story and Evolution of Doodles - G_6e786d/p_The first Doodle was a simple out-of-offi_345e61' is clicked on

17-06-2024T19:00:41 - [MESSAGE][PASSED] - Object: 'Object Repository/Page_The Story and Evolution of Doodles - G_6e786d/p_The first Doodle was a simple out-of-offi_345e61' is clicked on

17-06-2024T19:00:41 - [TEST_STEP][PASSED] - verifyElementVisible(findTestObject("Object Repository/Page_The Story and Evolution of Doodles - G_6e786d/h1_The story behind Doodles")): Object 'Object Repository/Page_The Story and Evolution of Doodles - G_6e786d/h1_The story behind Doodles' is visible

17-06-2024T19:00:42 - [MESSAGE][PASSED] - Object 'Object Repository/Page_The Story and Evolution of Doodles - G_6e786d/h1_The story behind Doodles' is visible

17-06-2024T19:00:42 - [TEST_STEP][PASSED] - verifyElementVisible(findTestObject("Object Repository/Page_The Story and Evolution of Doodles - G_6e786d/p_The first Doodle was a simple out-of-offi_345e61")): Object 'Object Repository/Page_The Story and Evolution of Doodles - G_6e786d/p_The first Doodle was a simple out-of-offi_345e61' is visible

17-06-2024T19:00:42 - [MESSAGE][PASSED] - Object 'Object Repository/Page_The Story and Evolution of Doodles - G_6e786d/p_The first Doodle was a simple out-of-offi_345e61' is visible

17-06-2024T19:00:42 - [TEST_STEP][PASSED] - verifyElementVisible(findTestObject("Object Repository/Page_The Story and Evolution of Doodles - G_6e786d/h2_Weve created more than 5,000 Doodles ove_111429")): Object 'Object Repository/Page_The Story and Evolution of Doodles - G_6e786d/h2_Weve created more than 5,000 Doodles ove_111429' is visible

17-06-2024T19:00:42 - [MESSAGE][PASSED] - Object 'Object Repository/Page_The Story and Evolution of Doodles - G_6e786d/h2_Weve created more than 5,000 Doodles ove_111429' is visible

17-06-2024T19:00:42 - [TEST_STEP][PASSED] - click(findTestObject("Object Repository/Page_The Story and Evolution of Doodles - G_6e786d/p_The first Doodle was a simple out-of-offi_345e61")): Object: 'Object Repository/Page_The Story and Evolution of Doodles - G_6e786d/p_The first Doodle was a simple out-of-offi_345e61' is clicked on

17-06-2024T19:00:43 - [MESSAGE][PASSED] - Object: 'Object Repository/Page_The Story and Evolution of Doodles - G_6e786d/p_The first Doodle was a simple out-of-offi_345e61' is clicked on

17-06-2024T19:00:43 - [TEST_STEP][PASSED] - verifyElementVisible(findTestObject("Object Repository/Page_The Story and Evolution of Doodles - G_6e786d/h1_The story behind Doodles")): Object 'Object Repository/Page_The Story and Evolution of Doodles - G_6e786d/h1_The story behind Doodles' is visible

17-06-2024T19:00:43 - [MESSAGE][PASSED] - Object 'Object Repository/Page_The Story and Evolution of Doodles - G_6e786d/h1_The story behind Doodles' is visible

17-06-2024T19:00:43 - [TEST_STEP][PASSED] - verifyElementVisible(findTestObject("Object Repository/Page_The Story and Evolution of Doodles - G_6e786d/p_The first Doodle was a simple out-of-offi_345e61")): Object 'Object Repository/Page_The Story and Evolution of Doodles - G_6e786d/p_The first Doodle was a simple out-of-offi_345e61' is visible

17-06-2024T19:00:43 - [MESSAGE][PASSED] - Object 'Object Repository/Page_The Story and Evolution of Doodles - G_6e786d/p_The first Doodle was a simple out-of-offi_345e61' is visible

17-06-2024T19:00:43 - [TEST_STEP][PASSED] - verifyElementVisible(findTestObject("Object Repository/Page_The Story and Evolution of Doodles - G_6e786d/h2_Weve created more than 5,000 Doodles ove_111429")): Object 'Object Repository/Page_The Story and Evolution of Doodles - G_6e786d/h2_Weve created more than 5,000 Doodles ove_111429' is visible

17-06-2024T19:00:44 - [MESSAGE][PASSED] - Object 'Object Repository/Page_The Story and Evolution of Doodles - G_6e786d/h2_Weve created more than 5,000 Doodles ove_111429' is visible

17-06-2024T19:00:44 - [TEST_STEP][PASSED] - click(findTestObject("Object Repository/Page_The Story and Evolution of Doodles - G_6e786d/p_The first Doodle was a simple out-of-offi_345e61")): Object: 'Object Repository/Page_The Story and Evolution of Doodles - G_6e786d/p_The first Doodle was a simple out-of-offi_345e61' is clicked on

17-06-2024T19:00:44 - [MESSAGE][PASSED] - Object: 'Object Repository/Page_The Story and Evolution of Doodles - G_6e786d/p_The first Doodle was a simple out-of-offi_345e61' is clicked on

17-06-2024T19:00:44 - [TEST_STEP][PASSED] - verifyElementVisible(findTestObject("Object Repository/Page_The Story and Evolution of Doodles - G_6e786d/h1_The story behind Doodles")): Object 'Object Repository/Page_The Story and Evolution of Doodles - G_6e786d/h1_The story behind Doodles' is visible

17-06-2024T19:00:44 - [MESSAGE][PASSED] - Object 'Object Repository/Page_The Story and Evolution of Doodles - G_6e786d/h1_The story behind Doodles' is visible

17-06-2024T19:00:44 - [TEST_STEP][PASSED] - verifyElementVisible(findTestObject("Object Repository/Page_The Story and Evolution of Doodles - G_6e786d/p_The first Doodle was a simple out-of-offi_345e61")): Object 'Object Repository/Page_The Story and Evolution of Doodles - G_6e786d/p_The first Doodle was a simple out-of-offi_345e61' is visible

17-06-2024T19:00:45 - [MESSAGE][PASSED] - Object 'Object Repository/Page_The Story and Evolution of Doodles - G_6e786d/p_The first Doodle was a simple out-of-offi_345e61' is visible

17-06-2024T19:00:45 - [TEST_STEP][PASSED] - verifyElementVisible(findTestObject("Object Repository/Page_The Story and Evolution of Doodles - G_6e786d/h2_Weve created more than 5,000 Doodles ove_111429")): Object 'Object Repository/Page_The Story and Evolution of Doodles - G_6e786d/h2_Weve created more than 5,000 Doodles ove_111429' is visible

17-06-2024T19:00:45 - [MESSAGE][PASSED] - Object 'Object Repository/Page_The Story and Evolution of Doodles - G_6e786d/h2_Weve created more than 5,000 Doodles ove_111429' is visible

17-06-2024T19:00:45 - [TEST_STEP][PASSED] - click(findTestObject("Object Repository/Page_The Story and Evolution of Doodles - G_6e786d/p_The first Doodle was a simple out-of-offi_345e61")): Object: 'Object Repository/Page_The Story and Evolution of Doodles - G_6e786d/p_The first Doodle was a simple out-of-offi_345e61' is clicked on

17-06-2024T19:00:45 - [MESSAGE][PASSED] - Object: 'Object Repository/Page_The Story and Evolution of Doodles - G_6e786d/p_The first Doodle was a simple out-of-offi_345e61' is clicked on

17-06-2024T19:00:45 - [TEST_STEP][PASSED] - verifyElementVisible(findTestObject("Object Repository/Page_The Story and Evolution of Doodles - G_6e786d/h1_The story behind Doodles")): Object 'Object Repository/Page_The Story and Evolution of Doodles - G_6e786d/h1_The story behind Doodles' is visible

17-06-2024T19:00:46 - [MESSAGE][PASSED] - Object 'Object Repository/Page_The Story and Evolution of Doodles - G_6e786d/h1_The story behind Doodles' is visible

17-06-2024T19:00:46 - [TEST_STEP][PASSED] - verifyElementVisible(findTestObject("Object Repository/Page_The Story and Evolution of Doodles - G_6e786d/p_The first Doodle was a simple out-of-offi_345e61")): Object 'Object Repository/Page_The Story and Evolution of Doodles - G_6e786d/p_The first Doodle was a simple out-of-offi_345e61' is visible

17-06-2024T19:00:46 - [MESSAGE][PASSED] - Object 'Object Repository/Page_The Story and Evolution of Doodles - G_6e786d/p_The first Doodle was a simple out-of-offi_345e61' is visible

17-06-2024T19:00:46 - [TEST_STEP][PASSED] - verifyElementVisible(findTestObject("Object Repository/Page_The Story and Evolution of Doodles - G_6e786d/h2_Weve created more than 5,000 Doodles ove_111429")): Object 'Object Repository/Page_The Story and Evolution of Doodles - G_6e786d/h2_Weve created more than 5,000 Doodles ove_111429' is visible

17-06-2024T19:00:46 - [MESSAGE][PASSED] - Object 'Object Repository/Page_The Story and Evolution of Doodles - G_6e786d/h2_Weve created more than 5,000 Doodles ove_111429' is visible

17-06-2024T19:00:46 - [TEST_STEP][PASSED] - click(findTestObject("Object Repository/Page_The Story and Evolution of Doodles - G_6e786d/p_The first Doodle was a simple out-of-offi_345e61")): Object: 'Object Repository/Page_The Story and Evolution of Doodles - G_6e786d/p_The first Doodle was a simple out-of-offi_345e61' is clicked on

17-06-2024T19:00:47 - [MESSAGE][PASSED] - Object: 'Object Repository/Page_The Story and Evolution of Doodles - G_6e786d/p_The first Doodle was a simple out-of-offi_345e61' is clicked on

17-06-2024T19:00:47 - [TEST_STEP][PASSED] - verifyElementVisible(findTestObject("Object Repository/Page_The Story and Evolution of Doodles - G_6e786d/h1_The story behind Doodles")): Object 'Object Repository/Page_The Story and Evolution of Doodles - G_6e786d/h1_The story behind Doodles' is visible

17-06-2024T19:00:47 - [MESSAGE][PASSED] - Object 'Object Repository/Page_The Story and Evolution of Doodles - G_6e786d/h1_The story behind Doodles' is visible

17-06-2024T19:00:47 - [TEST_STEP][PASSED] - verifyElementVisible(findTestObject("Object Repository/Page_The Story and Evolution of Doodles - G_6e786d/p_The first Doodle was a simple out-of-offi_345e61")): Object 'Object Repository/Page_The Story and Evolution of Doodles - G_6e786d/p_The first Doodle was a simple out-of-offi_345e61' is visible

17-06-2024T19:00:47 - [MESSAGE][PASSED] - Object 'Object Repository/Page_The Story and Evolution of Doodles - G_6e786d/p_The first Doodle was a simple out-of-offi_345e61' is visible

17-06-2024T19:00:47 - [TEST_STEP][PASSED] - verifyElementVisible(findTestObject("Object Repository/Page_The Story and Evolution of Doodles - G_6e786d/h2_Weve created more than 5,000 Doodles ove_111429")): Object 'Object Repository/Page_The Story and Evolution of Doodles - G_6e786d/h2_Weve created more than 5,000 Doodles ove_111429' is visible

17-06-2024T19:00:48 - [MESSAGE][PASSED] - Object 'Object Repository/Page_The Story and Evolution of Doodles - G_6e786d/h2_Weve created more than 5,000 Doodles ove_111429' is visible

17-06-2024T19:00:48 - [TEST_STEP][PASSED] - click(findTestObject("Object Repository/Page_The Story and Evolution of Doodles - G_6e786d/p_The first Doodle was a simple out-of-offi_345e61")): Object: 'Object Repository/Page_The Story and Evolution of Doodles - G_6e786d/p_The first Doodle was a simple out-of-offi_345e61' is clicked on

17-06-2024T19:00:48 - [MESSAGE][PASSED] - Object: 'Object Repository/Page_The Story and Evolution of Doodles - G_6e786d/p_The first Doodle was a simple out-of-offi_345e61' is clicked on

17-06-2024T19:00:48 - [TEST_STEP][PASSED] - verifyElementVisible(findTestObject("Object Repository/Page_The Story and Evolution of Doodles - G_6e786d/h1_The story behind Doodles")): Object 'Object Repository/Page_The Story and Evolution of Doodles - G_6e786d/h1_The story behind Doodles' is visible

17-06-2024T19:00:48 - [MESSAGE][PASSED] - Object 'Object Repository/Page_The Story and Evolution of Doodles - G_6e786d/h1_The story behind Doodles' is visible

17-06-2024T19:00:48 - [TEST_STEP][PASSED] - verifyElementVisible(findTestObject("Object Repository/Page_The Story and Evolution of Doodles - G_6e786d/p_The first Doodle was a simple out-of-offi_345e61")): Object 'Object Repository/Page_The Story and Evolution of Doodles - G_6e786d/p_The first Doodle was a simple out-of-offi_345e61' is visible

17-06-2024T19:00:49 - [MESSAGE][PASSED] - Object 'Object Repository/Page_The Story and Evolution of Doodles - G_6e786d/p_The first Doodle was a simple out-of-offi_345e61' is visible

17-06-2024T19:00:49 - [TEST_STEP][PASSED] - verifyElementVisible(findTestObject("Object Repository/Page_The Story and Evolution of Doodles - G_6e786d/h2_Weve created more than 5,000 Doodles ove_111429")): Object 'Object Repository/Page_The Story and Evolution of Doodles - G_6e786d/h2_Weve created more than 5,000 Doodles ove_111429' is visible

17-06-2024T19:00:49 - [MESSAGE][PASSED] - Object 'Object Repository/Page_The Story and Evolution of Doodles - G_6e786d/h2_Weve created more than 5,000 Doodles ove_111429' is visible

17-06-2024T19:00:49 - [TEST_STEP][PASSED] - click(findTestObject("Object Repository/Page_The Story and Evolution of Doodles - G_6e786d/p_The first Doodle was a simple out-of-offi_345e61")): Object: 'Object Repository/Page_The Story and Evolution of Doodles - G_6e786d/p_The first Doodle was a simple out-of-offi_345e61' is clicked on

17-06-2024T19:00:49 - [MESSAGE][PASSED] - Object: 'Object Repository/Page_The Story and Evolution of Doodles - G_6e786d/p_The first Doodle was a simple out-of-offi_345e61' is clicked on

17-06-2024T19:00:49 - [TEST_STEP][PASSED] - verifyElementVisible(findTestObject("Object Repository/Page_The Story and Evolution of Doodles - G_6e786d/h1_The story behind Doodles")): Object 'Object Repository/Page_The Story and Evolution of Doodles - G_6e786d/h1_The story behind Doodles' is visible

17-06-2024T19:00:50 - [MESSAGE][PASSED] - Object 'Object Repository/Page_The Story and Evolution of Doodles - G_6e786d/h1_The story behind Doodles' is visible

17-06-2024T19:00:50 - [TEST_STEP][PASSED] - verifyElementVisible(findTestObject("Object Repository/Page_The Story and Evolution of Doodles - G_6e786d/p_The first Doodle was a simple out-of-offi_345e61")): Object 'Object Repository/Page_The Story and Evolution of Doodles - G_6e786d/p_The first Doodle was a simple out-of-offi_345e61' is visible

17-06-2024T19:00:50 - [MESSAGE][PASSED] - Object 'Object Repository/Page_The Story and Evolution of Doodles - G_6e786d/p_The first Doodle was a simple out-of-offi_345e61' is visible

17-06-2024T19:00:50 - [TEST_STEP][PASSED] - verifyElementVisible(findTestObject("Object Repository/Page_The Story and Evolution of Doodles - G_6e786d/h2_Weve created more than 5,000 Doodles ove_111429")): Object 'Object Repository/Page_The Story and Evolution of Doodles - G_6e786d/h2_Weve created more than 5,000 Doodles ove_111429' is visible

17-06-2024T19:00:50 - [MESSAGE][PASSED] - Object 'Object Repository/Page_The Story and Evolution of Doodles - G_6e786d/h2_Weve created more than 5,000 Doodles ove_111429' is visible

17-06-2024T19:00:50 - [TEST_STEP][PASSED] - click(findTestObject("Object Repository/Page_The Story and Evolution of Doodles - G_6e786d/p_The first Doodle was a simple out-of-offi_345e61")): Object: 'Object Repository/Page_The Story and Evolution of Doodles - G_6e786d/p_The first Doodle was a simple out-of-offi_345e61' is clicked on

17-06-2024T19:00:51 - [MESSAGE][PASSED] - Object: 'Object Repository/Page_The Story and Evolution of Doodles - G_6e786d/p_The first Doodle was a simple out-of-offi_345e61' is clicked on

17-06-2024T19:00:51 - [TEST_STEP][PASSED] - verifyElementVisible(findTestObject("Object Repository/Page_The Story and Evolution of Doodles - G_6e786d/h1_The story behind Doodles")): Object 'Object Repository/Page_The Story and Evolution of Doodles - G_6e786d/h1_The story behind Doodles' is visible

17-06-2024T19:00:51 - [MESSAGE][PASSED] - Object 'Object Repository/Page_The Story and Evolution of Doodles - G_6e786d/h1_The story behind Doodles' is visible

17-06-2024T19:00:51 - [TEST_STEP][PASSED] - verifyElementVisible(findTestObject("Object Repository/Page_The Story and Evolution of Doodles - G_6e786d/p_The first Doodle was a simple out-of-offi_345e61")): Object 'Object Repository/Page_The Story and Evolution of Doodles - G_6e786d/p_The first Doodle was a simple out-of-offi_345e61' is visible

17-06-2024T19:00:51 - [MESSAGE][PASSED] - Object 'Object Repository/Page_The Story and Evolution of Doodles - G_6e786d/p_The first Doodle was a simple out-of-offi_345e61' is visible

17-06-2024T19:00:51 - [TEST_STEP][PASSED] - verifyElementVisible(findTestObject("Object Repository/Page_The Story and Evolution of Doodles - G_6e786d/h2_Weve created more than 5,000 Doodles ove_111429")): Object 'Object Repository/Page_The Story and Evolution of Doodles - G_6e786d/h2_Weve created more than 5,000 Doodles ove_111429' is visible

17-06-2024T19:00:51 - [MESSAGE][PASSED] - Object 'Object Repository/Page_The Story and Evolution of Doodles - G_6e786d/h2_Weve created more than 5,000 Doodles ove_111429' is visible]]></system-out>
         <system-err><![CDATA[]]></system-err>
      </testcase>
      <testcase name="Test Cases/test case folder 1/tc1 - Copy - Copy (4)" time="19.529" classname="Test Cases/test case folder 1/tc1 - Copy - Copy (4)" status="PASSED">
         <system-out><![CDATA[17-06-2024T19:00:52 - [TEST_CASE][PASSED] - Test Cases/test case folder 1/tc1 - Copy - Copy (4): Test Cases/test case folder 1/tc1 - Copy - Copy (4)

17-06-2024T19:00:52 - [TEST_STEP][PASSED] - openBrowser(""): Browser is opened with url: ''

17-06-2024T19:00:52 - [MESSAGE][WARNING] - A browser is already opened. Closing browser and opening a new one

17-06-2024T19:00:52 - [MESSAGE][INFO] - Starting 'Chrome (headless)' driver

17-06-2024T19:00:52 - [MESSAGE][INFO] - Action delay is set to 0 milliseconds

17-06-2024T19:00:53 - [MESSAGE][PASSED] - Browser is opened with url: ''

17-06-2024T19:00:53 - [TEST_STEP][PASSED] - navigateToUrl("https://doodles.google/about/"): Navigate to 'https://doodles.google/about/' successfully

17-06-2024T19:00:56 - [MESSAGE][PASSED] - Navigate to 'https://doodles.google/about/' successfully

17-06-2024T19:00:56 - [TEST_STEP][PASSED] - click(findTestObject("Object Repository/Page_The Story and Evolution of Doodles - G_6e786d/p_The first Doodle was a simple out-of-offi_345e61")): Object: 'Object Repository/Page_The Story and Evolution of Doodles - G_6e786d/p_The first Doodle was a simple out-of-offi_345e61' is clicked on

17-06-2024T19:00:57 - [MESSAGE][PASSED] - Object: 'Object Repository/Page_The Story and Evolution of Doodles - G_6e786d/p_The first Doodle was a simple out-of-offi_345e61' is clicked on

17-06-2024T19:00:57 - [TEST_STEP][PASSED] - click(findTestObject("Object Repository/Page_The Story and Evolution of Doodles - G_6e786d/p_The first Doodle was a simple out-of-offi_345e61")): Object: 'Object Repository/Page_The Story and Evolution of Doodles - G_6e786d/p_The first Doodle was a simple out-of-offi_345e61' is clicked on

17-06-2024T19:00:57 - [MESSAGE][PASSED] - Object: 'Object Repository/Page_The Story and Evolution of Doodles - G_6e786d/p_The first Doodle was a simple out-of-offi_345e61' is clicked on

17-06-2024T19:00:57 - [TEST_STEP][PASSED] - verifyElementVisible(findTestObject("Object Repository/Page_The Story and Evolution of Doodles - G_6e786d/h1_The story behind Doodles")): Object 'Object Repository/Page_The Story and Evolution of Doodles - G_6e786d/h1_The story behind Doodles' is visible

17-06-2024T19:00:58 - [MESSAGE][PASSED] - Object 'Object Repository/Page_The Story and Evolution of Doodles - G_6e786d/h1_The story behind Doodles' is visible

17-06-2024T19:00:58 - [TEST_STEP][PASSED] - verifyElementVisible(findTestObject("Object Repository/Page_The Story and Evolution of Doodles - G_6e786d/p_The first Doodle was a simple out-of-offi_345e61")): Object 'Object Repository/Page_The Story and Evolution of Doodles - G_6e786d/p_The first Doodle was a simple out-of-offi_345e61' is visible

17-06-2024T19:00:58 - [MESSAGE][PASSED] - Object 'Object Repository/Page_The Story and Evolution of Doodles - G_6e786d/p_The first Doodle was a simple out-of-offi_345e61' is visible

17-06-2024T19:00:58 - [TEST_STEP][PASSED] - verifyElementVisible(findTestObject("Object Repository/Page_The Story and Evolution of Doodles - G_6e786d/h2_Weve created more than 5,000 Doodles ove_111429")): Object 'Object Repository/Page_The Story and Evolution of Doodles - G_6e786d/h2_Weve created more than 5,000 Doodles ove_111429' is visible

17-06-2024T19:00:58 - [MESSAGE][PASSED] - Object 'Object Repository/Page_The Story and Evolution of Doodles - G_6e786d/h2_Weve created more than 5,000 Doodles ove_111429' is visible

17-06-2024T19:00:58 - [TEST_STEP][PASSED] - verifyElementVisible(findTestObject("Object Repository/Page_The Story and Evolution of Doodles - G_6e786d/h1_The story behind Doodles")): Object 'Object Repository/Page_The Story and Evolution of Doodles - G_6e786d/h1_The story behind Doodles' is visible

17-06-2024T19:00:58 - [MESSAGE][PASSED] - Object 'Object Repository/Page_The Story and Evolution of Doodles - G_6e786d/h1_The story behind Doodles' is visible

17-06-2024T19:00:58 - [TEST_STEP][PASSED] - verifyElementVisible(findTestObject("Object Repository/Page_The Story and Evolution of Doodles - G_6e786d/p_The first Doodle was a simple out-of-offi_345e61")): Object 'Object Repository/Page_The Story and Evolution of Doodles - G_6e786d/p_The first Doodle was a simple out-of-offi_345e61' is visible

17-06-2024T19:00:59 - [MESSAGE][PASSED] - Object 'Object Repository/Page_The Story and Evolution of Doodles - G_6e786d/p_The first Doodle was a simple out-of-offi_345e61' is visible

17-06-2024T19:00:59 - [TEST_STEP][PASSED] - verifyElementVisible(findTestObject("Object Repository/Page_The Story and Evolution of Doodles - G_6e786d/h2_Weve created more than 5,000 Doodles ove_111429")): Object 'Object Repository/Page_The Story and Evolution of Doodles - G_6e786d/h2_Weve created more than 5,000 Doodles ove_111429' is visible

17-06-2024T19:00:59 - [MESSAGE][PASSED] - Object 'Object Repository/Page_The Story and Evolution of Doodles - G_6e786d/h2_Weve created more than 5,000 Doodles ove_111429' is visible

17-06-2024T19:00:59 - [TEST_STEP][PASSED] - click(findTestObject("Object Repository/Page_The Story and Evolution of Doodles - G_6e786d/p_The first Doodle was a simple out-of-offi_345e61")): Object: 'Object Repository/Page_The Story and Evolution of Doodles - G_6e786d/p_The first Doodle was a simple out-of-offi_345e61' is clicked on

17-06-2024T19:00:59 - [MESSAGE][PASSED] - Object: 'Object Repository/Page_The Story and Evolution of Doodles - G_6e786d/p_The first Doodle was a simple out-of-offi_345e61' is clicked on

17-06-2024T19:00:59 - [TEST_STEP][PASSED] - verifyElementVisible(findTestObject("Object Repository/Page_The Story and Evolution of Doodles - G_6e786d/h1_The story behind Doodles")): Object 'Object Repository/Page_The Story and Evolution of Doodles - G_6e786d/h1_The story behind Doodles' is visible

17-06-2024T19:01:00 - [MESSAGE][PASSED] - Object 'Object Repository/Page_The Story and Evolution of Doodles - G_6e786d/h1_The story behind Doodles' is visible

17-06-2024T19:01:00 - [TEST_STEP][PASSED] - verifyElementVisible(findTestObject("Object Repository/Page_The Story and Evolution of Doodles - G_6e786d/p_The first Doodle was a simple out-of-offi_345e61")): Object 'Object Repository/Page_The Story and Evolution of Doodles - G_6e786d/p_The first Doodle was a simple out-of-offi_345e61' is visible

17-06-2024T19:01:00 - [MESSAGE][PASSED] - Object 'Object Repository/Page_The Story and Evolution of Doodles - G_6e786d/p_The first Doodle was a simple out-of-offi_345e61' is visible

17-06-2024T19:01:00 - [TEST_STEP][PASSED] - verifyElementVisible(findTestObject("Object Repository/Page_The Story and Evolution of Doodles - G_6e786d/h2_Weve created more than 5,000 Doodles ove_111429")): Object 'Object Repository/Page_The Story and Evolution of Doodles - G_6e786d/h2_Weve created more than 5,000 Doodles ove_111429' is visible

17-06-2024T19:01:00 - [MESSAGE][PASSED] - Object 'Object Repository/Page_The Story and Evolution of Doodles - G_6e786d/h2_Weve created more than 5,000 Doodles ove_111429' is visible

17-06-2024T19:01:00 - [TEST_STEP][PASSED] - click(findTestObject("Object Repository/Page_The Story and Evolution of Doodles - G_6e786d/p_The first Doodle was a simple out-of-offi_345e61")): Object: 'Object Repository/Page_The Story and Evolution of Doodles - G_6e786d/p_The first Doodle was a simple out-of-offi_345e61' is clicked on

17-06-2024T19:01:01 - [MESSAGE][PASSED] - Object: 'Object Repository/Page_The Story and Evolution of Doodles - G_6e786d/p_The first Doodle was a simple out-of-offi_345e61' is clicked on

17-06-2024T19:01:01 - [TEST_STEP][PASSED] - verifyElementVisible(findTestObject("Object Repository/Page_The Story and Evolution of Doodles - G_6e786d/h1_The story behind Doodles")): Object 'Object Repository/Page_The Story and Evolution of Doodles - G_6e786d/h1_The story behind Doodles' is visible

17-06-2024T19:01:01 - [MESSAGE][PASSED] - Object 'Object Repository/Page_The Story and Evolution of Doodles - G_6e786d/h1_The story behind Doodles' is visible

17-06-2024T19:01:01 - [TEST_STEP][PASSED] - verifyElementVisible(findTestObject("Object Repository/Page_The Story and Evolution of Doodles - G_6e786d/p_The first Doodle was a simple out-of-offi_345e61")): Object 'Object Repository/Page_The Story and Evolution of Doodles - G_6e786d/p_The first Doodle was a simple out-of-offi_345e61' is visible

17-06-2024T19:01:01 - [MESSAGE][PASSED] - Object 'Object Repository/Page_The Story and Evolution of Doodles - G_6e786d/p_The first Doodle was a simple out-of-offi_345e61' is visible

17-06-2024T19:01:01 - [TEST_STEP][PASSED] - verifyElementVisible(findTestObject("Object Repository/Page_The Story and Evolution of Doodles - G_6e786d/h2_Weve created more than 5,000 Doodles ove_111429")): Object 'Object Repository/Page_The Story and Evolution of Doodles - G_6e786d/h2_Weve created more than 5,000 Doodles ove_111429' is visible

17-06-2024T19:01:02 - [MESSAGE][PASSED] - Object 'Object Repository/Page_The Story and Evolution of Doodles - G_6e786d/h2_Weve created more than 5,000 Doodles ove_111429' is visible

17-06-2024T19:01:02 - [TEST_STEP][PASSED] - click(findTestObject("Object Repository/Page_The Story and Evolution of Doodles - G_6e786d/p_The first Doodle was a simple out-of-offi_345e61")): Object: 'Object Repository/Page_The Story and Evolution of Doodles - G_6e786d/p_The first Doodle was a simple out-of-offi_345e61' is clicked on

17-06-2024T19:01:02 - [MESSAGE][PASSED] - Object: 'Object Repository/Page_The Story and Evolution of Doodles - G_6e786d/p_The first Doodle was a simple out-of-offi_345e61' is clicked on

17-06-2024T19:01:02 - [TEST_STEP][PASSED] - verifyElementVisible(findTestObject("Object Repository/Page_The Story and Evolution of Doodles - G_6e786d/h1_The story behind Doodles")): Object 'Object Repository/Page_The Story and Evolution of Doodles - G_6e786d/h1_The story behind Doodles' is visible

17-06-2024T19:01:02 - [MESSAGE][PASSED] - Object 'Object Repository/Page_The Story and Evolution of Doodles - G_6e786d/h1_The story behind Doodles' is visible

17-06-2024T19:01:02 - [TEST_STEP][PASSED] - verifyElementVisible(findTestObject("Object Repository/Page_The Story and Evolution of Doodles - G_6e786d/p_The first Doodle was a simple out-of-offi_345e61")): Object 'Object Repository/Page_The Story and Evolution of Doodles - G_6e786d/p_The first Doodle was a simple out-of-offi_345e61' is visible

17-06-2024T19:01:03 - [MESSAGE][PASSED] - Object 'Object Repository/Page_The Story and Evolution of Doodles - G_6e786d/p_The first Doodle was a simple out-of-offi_345e61' is visible

17-06-2024T19:01:03 - [TEST_STEP][PASSED] - verifyElementVisible(findTestObject("Object Repository/Page_The Story and Evolution of Doodles - G_6e786d/h2_Weve created more than 5,000 Doodles ove_111429")): Object 'Object Repository/Page_The Story and Evolution of Doodles - G_6e786d/h2_Weve created more than 5,000 Doodles ove_111429' is visible

17-06-2024T19:01:03 - [MESSAGE][PASSED] - Object 'Object Repository/Page_The Story and Evolution of Doodles - G_6e786d/h2_Weve created more than 5,000 Doodles ove_111429' is visible

17-06-2024T19:01:03 - [TEST_STEP][PASSED] - click(findTestObject("Object Repository/Page_The Story and Evolution of Doodles - G_6e786d/p_The first Doodle was a simple out-of-offi_345e61")): Object: 'Object Repository/Page_The Story and Evolution of Doodles - G_6e786d/p_The first Doodle was a simple out-of-offi_345e61' is clicked on

17-06-2024T19:01:03 - [MESSAGE][PASSED] - Object: 'Object Repository/Page_The Story and Evolution of Doodles - G_6e786d/p_The first Doodle was a simple out-of-offi_345e61' is clicked on

17-06-2024T19:01:03 - [TEST_STEP][PASSED] - verifyElementVisible(findTestObject("Object Repository/Page_The Story and Evolution of Doodles - G_6e786d/h1_The story behind Doodles")): Object 'Object Repository/Page_The Story and Evolution of Doodles - G_6e786d/h1_The story behind Doodles' is visible

17-06-2024T19:01:04 - [MESSAGE][PASSED] - Object 'Object Repository/Page_The Story and Evolution of Doodles - G_6e786d/h1_The story behind Doodles' is visible

17-06-2024T19:01:04 - [TEST_STEP][PASSED] - verifyElementVisible(findTestObject("Object Repository/Page_The Story and Evolution of Doodles - G_6e786d/p_The first Doodle was a simple out-of-offi_345e61")): Object 'Object Repository/Page_The Story and Evolution of Doodles - G_6e786d/p_The first Doodle was a simple out-of-offi_345e61' is visible

17-06-2024T19:01:04 - [MESSAGE][PASSED] - Object 'Object Repository/Page_The Story and Evolution of Doodles - G_6e786d/p_The first Doodle was a simple out-of-offi_345e61' is visible

17-06-2024T19:01:04 - [TEST_STEP][PASSED] - verifyElementVisible(findTestObject("Object Repository/Page_The Story and Evolution of Doodles - G_6e786d/h2_Weve created more than 5,000 Doodles ove_111429")): Object 'Object Repository/Page_The Story and Evolution of Doodles - G_6e786d/h2_Weve created more than 5,000 Doodles ove_111429' is visible

17-06-2024T19:01:04 - [MESSAGE][PASSED] - Object 'Object Repository/Page_The Story and Evolution of Doodles - G_6e786d/h2_Weve created more than 5,000 Doodles ove_111429' is visible

17-06-2024T19:01:04 - [TEST_STEP][PASSED] - click(findTestObject("Object Repository/Page_The Story and Evolution of Doodles - G_6e786d/p_The first Doodle was a simple out-of-offi_345e61")): Object: 'Object Repository/Page_The Story and Evolution of Doodles - G_6e786d/p_The first Doodle was a simple out-of-offi_345e61' is clicked on

17-06-2024T19:01:05 - [MESSAGE][PASSED] - Object: 'Object Repository/Page_The Story and Evolution of Doodles - G_6e786d/p_The first Doodle was a simple out-of-offi_345e61' is clicked on

17-06-2024T19:01:05 - [TEST_STEP][PASSED] - verifyElementVisible(findTestObject("Object Repository/Page_The Story and Evolution of Doodles - G_6e786d/h1_The story behind Doodles")): Object 'Object Repository/Page_The Story and Evolution of Doodles - G_6e786d/h1_The story behind Doodles' is visible

17-06-2024T19:01:05 - [MESSAGE][PASSED] - Object 'Object Repository/Page_The Story and Evolution of Doodles - G_6e786d/h1_The story behind Doodles' is visible

17-06-2024T19:01:05 - [TEST_STEP][PASSED] - verifyElementVisible(findTestObject("Object Repository/Page_The Story and Evolution of Doodles - G_6e786d/p_The first Doodle was a simple out-of-offi_345e61")): Object 'Object Repository/Page_The Story and Evolution of Doodles - G_6e786d/p_The first Doodle was a simple out-of-offi_345e61' is visible

17-06-2024T19:01:05 - [MESSAGE][PASSED] - Object 'Object Repository/Page_The Story and Evolution of Doodles - G_6e786d/p_The first Doodle was a simple out-of-offi_345e61' is visible

17-06-2024T19:01:05 - [TEST_STEP][PASSED] - verifyElementVisible(findTestObject("Object Repository/Page_The Story and Evolution of Doodles - G_6e786d/h2_Weve created more than 5,000 Doodles ove_111429")): Object 'Object Repository/Page_The Story and Evolution of Doodles - G_6e786d/h2_Weve created more than 5,000 Doodles ove_111429' is visible

17-06-2024T19:01:06 - [MESSAGE][PASSED] - Object 'Object Repository/Page_The Story and Evolution of Doodles - G_6e786d/h2_Weve created more than 5,000 Doodles ove_111429' is visible

17-06-2024T19:01:06 - [TEST_STEP][PASSED] - click(findTestObject("Object Repository/Page_The Story and Evolution of Doodles - G_6e786d/p_The first Doodle was a simple out-of-offi_345e61")): Object: 'Object Repository/Page_The Story and Evolution of Doodles - G_6e786d/p_The first Doodle was a simple out-of-offi_345e61' is clicked on

17-06-2024T19:01:06 - [MESSAGE][PASSED] - Object: 'Object Repository/Page_The Story and Evolution of Doodles - G_6e786d/p_The first Doodle was a simple out-of-offi_345e61' is clicked on

17-06-2024T19:01:06 - [TEST_STEP][PASSED] - verifyElementVisible(findTestObject("Object Repository/Page_The Story and Evolution of Doodles - G_6e786d/h1_The story behind Doodles")): Object 'Object Repository/Page_The Story and Evolution of Doodles - G_6e786d/h1_The story behind Doodles' is visible

17-06-2024T19:01:06 - [MESSAGE][PASSED] - Object 'Object Repository/Page_The Story and Evolution of Doodles - G_6e786d/h1_The story behind Doodles' is visible

17-06-2024T19:01:06 - [TEST_STEP][PASSED] - verifyElementVisible(findTestObject("Object Repository/Page_The Story and Evolution of Doodles - G_6e786d/p_The first Doodle was a simple out-of-offi_345e61")): Object 'Object Repository/Page_The Story and Evolution of Doodles - G_6e786d/p_The first Doodle was a simple out-of-offi_345e61' is visible

17-06-2024T19:01:07 - [MESSAGE][PASSED] - Object 'Object Repository/Page_The Story and Evolution of Doodles - G_6e786d/p_The first Doodle was a simple out-of-offi_345e61' is visible

17-06-2024T19:01:07 - [TEST_STEP][PASSED] - verifyElementVisible(findTestObject("Object Repository/Page_The Story and Evolution of Doodles - G_6e786d/h2_Weve created more than 5,000 Doodles ove_111429")): Object 'Object Repository/Page_The Story and Evolution of Doodles - G_6e786d/h2_Weve created more than 5,000 Doodles ove_111429' is visible

17-06-2024T19:01:07 - [MESSAGE][PASSED] - Object 'Object Repository/Page_The Story and Evolution of Doodles - G_6e786d/h2_Weve created more than 5,000 Doodles ove_111429' is visible

17-06-2024T19:01:07 - [TEST_STEP][PASSED] - click(findTestObject("Object Repository/Page_The Story and Evolution of Doodles - G_6e786d/p_The first Doodle was a simple out-of-offi_345e61")): Object: 'Object Repository/Page_The Story and Evolution of Doodles - G_6e786d/p_The first Doodle was a simple out-of-offi_345e61' is clicked on

17-06-2024T19:01:07 - [MESSAGE][PASSED] - Object: 'Object Repository/Page_The Story and Evolution of Doodles - G_6e786d/p_The first Doodle was a simple out-of-offi_345e61' is clicked on

17-06-2024T19:01:07 - [TEST_STEP][PASSED] - verifyElementVisible(findTestObject("Object Repository/Page_The Story and Evolution of Doodles - G_6e786d/h1_The story behind Doodles")): Object 'Object Repository/Page_The Story and Evolution of Doodles - G_6e786d/h1_The story behind Doodles' is visible

17-06-2024T19:01:08 - [MESSAGE][PASSED] - Object 'Object Repository/Page_The Story and Evolution of Doodles - G_6e786d/h1_The story behind Doodles' is visible

17-06-2024T19:01:08 - [TEST_STEP][PASSED] - verifyElementVisible(findTestObject("Object Repository/Page_The Story and Evolution of Doodles - G_6e786d/p_The first Doodle was a simple out-of-offi_345e61")): Object 'Object Repository/Page_The Story and Evolution of Doodles - G_6e786d/p_The first Doodle was a simple out-of-offi_345e61' is visible

17-06-2024T19:01:08 - [MESSAGE][PASSED] - Object 'Object Repository/Page_The Story and Evolution of Doodles - G_6e786d/p_The first Doodle was a simple out-of-offi_345e61' is visible

17-06-2024T19:01:08 - [TEST_STEP][PASSED] - verifyElementVisible(findTestObject("Object Repository/Page_The Story and Evolution of Doodles - G_6e786d/h2_Weve created more than 5,000 Doodles ove_111429")): Object 'Object Repository/Page_The Story and Evolution of Doodles - G_6e786d/h2_Weve created more than 5,000 Doodles ove_111429' is visible

17-06-2024T19:01:08 - [MESSAGE][PASSED] - Object 'Object Repository/Page_The Story and Evolution of Doodles - G_6e786d/h2_Weve created more than 5,000 Doodles ove_111429' is visible

17-06-2024T19:01:08 - [TEST_STEP][PASSED] - click(findTestObject("Object Repository/Page_The Story and Evolution of Doodles - G_6e786d/p_The first Doodle was a simple out-of-offi_345e61")): Object: 'Object Repository/Page_The Story and Evolution of Doodles - G_6e786d/p_The first Doodle was a simple out-of-offi_345e61' is clicked on

17-06-2024T19:01:09 - [MESSAGE][PASSED] - Object: 'Object Repository/Page_The Story and Evolution of Doodles - G_6e786d/p_The first Doodle was a simple out-of-offi_345e61' is clicked on

17-06-2024T19:01:09 - [TEST_STEP][PASSED] - verifyElementVisible(findTestObject("Object Repository/Page_The Story and Evolution of Doodles - G_6e786d/h1_The story behind Doodles")): Object 'Object Repository/Page_The Story and Evolution of Doodles - G_6e786d/h1_The story behind Doodles' is visible

17-06-2024T19:01:09 - [MESSAGE][PASSED] - Object 'Object Repository/Page_The Story and Evolution of Doodles - G_6e786d/h1_The story behind Doodles' is visible

17-06-2024T19:01:09 - [TEST_STEP][PASSED] - verifyElementVisible(findTestObject("Object Repository/Page_The Story and Evolution of Doodles - G_6e786d/p_The first Doodle was a simple out-of-offi_345e61")): Object 'Object Repository/Page_The Story and Evolution of Doodles - G_6e786d/p_The first Doodle was a simple out-of-offi_345e61' is visible

17-06-2024T19:01:09 - [MESSAGE][PASSED] - Object 'Object Repository/Page_The Story and Evolution of Doodles - G_6e786d/p_The first Doodle was a simple out-of-offi_345e61' is visible

17-06-2024T19:01:09 - [TEST_STEP][PASSED] - verifyElementVisible(findTestObject("Object Repository/Page_The Story and Evolution of Doodles - G_6e786d/h2_Weve created more than 5,000 Doodles ove_111429")): Object 'Object Repository/Page_The Story and Evolution of Doodles - G_6e786d/h2_Weve created more than 5,000 Doodles ove_111429' is visible

17-06-2024T19:01:10 - [MESSAGE][PASSED] - Object 'Object Repository/Page_The Story and Evolution of Doodles - G_6e786d/h2_Weve created more than 5,000 Doodles ove_111429' is visible

17-06-2024T19:01:10 - [TEST_STEP][PASSED] - click(findTestObject("Object Repository/Page_The Story and Evolution of Doodles - G_6e786d/p_The first Doodle was a simple out-of-offi_345e61")): Object: 'Object Repository/Page_The Story and Evolution of Doodles - G_6e786d/p_The first Doodle was a simple out-of-offi_345e61' is clicked on

17-06-2024T19:01:10 - [MESSAGE][PASSED] - Object: 'Object Repository/Page_The Story and Evolution of Doodles - G_6e786d/p_The first Doodle was a simple out-of-offi_345e61' is clicked on

17-06-2024T19:01:10 - [TEST_STEP][PASSED] - verifyElementVisible(findTestObject("Object Repository/Page_The Story and Evolution of Doodles - G_6e786d/h1_The story behind Doodles")): Object 'Object Repository/Page_The Story and Evolution of Doodles - G_6e786d/h1_The story behind Doodles' is visible

17-06-2024T19:01:10 - [MESSAGE][PASSED] - Object 'Object Repository/Page_The Story and Evolution of Doodles - G_6e786d/h1_The story behind Doodles' is visible

17-06-2024T19:01:10 - [TEST_STEP][PASSED] - verifyElementVisible(findTestObject("Object Repository/Page_The Story and Evolution of Doodles - G_6e786d/p_The first Doodle was a simple out-of-offi_345e61")): Object 'Object Repository/Page_The Story and Evolution of Doodles - G_6e786d/p_The first Doodle was a simple out-of-offi_345e61' is visible

17-06-2024T19:01:11 - [MESSAGE][PASSED] - Object 'Object Repository/Page_The Story and Evolution of Doodles - G_6e786d/p_The first Doodle was a simple out-of-offi_345e61' is visible

17-06-2024T19:01:11 - [TEST_STEP][PASSED] - verifyElementVisible(findTestObject("Object Repository/Page_The Story and Evolution of Doodles - G_6e786d/h2_Weve created more than 5,000 Doodles ove_111429")): Object 'Object Repository/Page_The Story and Evolution of Doodles - G_6e786d/h2_Weve created more than 5,000 Doodles ove_111429' is visible

17-06-2024T19:01:11 - [MESSAGE][PASSED] - Object 'Object Repository/Page_The Story and Evolution of Doodles - G_6e786d/h2_Weve created more than 5,000 Doodles ove_111429' is visible]]></system-out>
         <system-err><![CDATA[]]></system-err>
      </testcase>
      <testcase name="Test Cases/test case folder 1/tc1 - Copy - Copy (3)" time="34.339" classname="Test Cases/test case folder 1/tc1 - Copy - Copy (3)" status="PASSED">
         <system-out><![CDATA[17-06-2024T19:01:11 - [TEST_CASE][PASSED] - Test Cases/test case folder 1/tc1 - Copy - Copy (3): Test Cases/test case folder 1/tc1 - Copy - Copy (3)

17-06-2024T19:01:11 - [TEST_STEP][PASSED] - openBrowser(""): Browser is opened with url: ''

17-06-2024T19:01:11 - [MESSAGE][WARNING] - A browser is already opened. Closing browser and opening a new one

17-06-2024T19:01:12 - [MESSAGE][INFO] - Starting 'Chrome (headless)' driver

17-06-2024T19:01:12 - [MESSAGE][INFO] - Action delay is set to 0 milliseconds

17-06-2024T19:01:13 - [MESSAGE][PASSED] - Browser is opened with url: ''

17-06-2024T19:01:13 - [TEST_STEP][PASSED] - navigateToUrl("https://doodles.google/about/"): Navigate to 'https://doodles.google/about/' successfully

17-06-2024T19:01:31 - [MESSAGE][PASSED] - Navigate to 'https://doodles.google/about/' successfully

17-06-2024T19:01:31 - [TEST_STEP][PASSED] - click(findTestObject("Object Repository/Page_The Story and Evolution of Doodles - G_6e786d/p_The first Doodle was a simple out-of-offi_345e61")): Object: 'Object Repository/Page_The Story and Evolution of Doodles - G_6e786d/p_The first Doodle was a simple out-of-offi_345e61' is clicked on

17-06-2024T19:01:31 - [MESSAGE][PASSED] - Object: 'Object Repository/Page_The Story and Evolution of Doodles - G_6e786d/p_The first Doodle was a simple out-of-offi_345e61' is clicked on

17-06-2024T19:01:31 - [TEST_STEP][PASSED] - click(findTestObject("Object Repository/Page_The Story and Evolution of Doodles - G_6e786d/p_The first Doodle was a simple out-of-offi_345e61")): Object: 'Object Repository/Page_The Story and Evolution of Doodles - G_6e786d/p_The first Doodle was a simple out-of-offi_345e61' is clicked on

17-06-2024T19:01:32 - [MESSAGE][PASSED] - Object: 'Object Repository/Page_The Story and Evolution of Doodles - G_6e786d/p_The first Doodle was a simple out-of-offi_345e61' is clicked on

17-06-2024T19:01:32 - [TEST_STEP][PASSED] - verifyElementVisible(findTestObject("Object Repository/Page_The Story and Evolution of Doodles - G_6e786d/h1_The story behind Doodles")): Object 'Object Repository/Page_The Story and Evolution of Doodles - G_6e786d/h1_The story behind Doodles' is visible

17-06-2024T19:01:32 - [MESSAGE][PASSED] - Object 'Object Repository/Page_The Story and Evolution of Doodles - G_6e786d/h1_The story behind Doodles' is visible

17-06-2024T19:01:32 - [TEST_STEP][PASSED] - verifyElementVisible(findTestObject("Object Repository/Page_The Story and Evolution of Doodles - G_6e786d/p_The first Doodle was a simple out-of-offi_345e61")): Object 'Object Repository/Page_The Story and Evolution of Doodles - G_6e786d/p_The first Doodle was a simple out-of-offi_345e61' is visible

17-06-2024T19:01:32 - [MESSAGE][PASSED] - Object 'Object Repository/Page_The Story and Evolution of Doodles - G_6e786d/p_The first Doodle was a simple out-of-offi_345e61' is visible

17-06-2024T19:01:32 - [TEST_STEP][PASSED] - verifyElementVisible(findTestObject("Object Repository/Page_The Story and Evolution of Doodles - G_6e786d/h2_Weve created more than 5,000 Doodles ove_111429")): Object 'Object Repository/Page_The Story and Evolution of Doodles - G_6e786d/h2_Weve created more than 5,000 Doodles ove_111429' is visible

17-06-2024T19:01:32 - [MESSAGE][PASSED] - Object 'Object Repository/Page_The Story and Evolution of Doodles - G_6e786d/h2_Weve created more than 5,000 Doodles ove_111429' is visible

17-06-2024T19:01:32 - [TEST_STEP][PASSED] - verifyElementVisible(findTestObject("Object Repository/Page_The Story and Evolution of Doodles - G_6e786d/h1_The story behind Doodles")): Object 'Object Repository/Page_The Story and Evolution of Doodles - G_6e786d/h1_The story behind Doodles' is visible

17-06-2024T19:01:33 - [MESSAGE][PASSED] - Object 'Object Repository/Page_The Story and Evolution of Doodles - G_6e786d/h1_The story behind Doodles' is visible

17-06-2024T19:01:33 - [TEST_STEP][PASSED] - verifyElementVisible(findTestObject("Object Repository/Page_The Story and Evolution of Doodles - G_6e786d/p_The first Doodle was a simple out-of-offi_345e61")): Object 'Object Repository/Page_The Story and Evolution of Doodles - G_6e786d/p_The first Doodle was a simple out-of-offi_345e61' is visible

17-06-2024T19:01:33 - [MESSAGE][PASSED] - Object 'Object Repository/Page_The Story and Evolution of Doodles - G_6e786d/p_The first Doodle was a simple out-of-offi_345e61' is visible

17-06-2024T19:01:33 - [TEST_STEP][PASSED] - verifyElementVisible(findTestObject("Object Repository/Page_The Story and Evolution of Doodles - G_6e786d/h2_Weve created more than 5,000 Doodles ove_111429")): Object 'Object Repository/Page_The Story and Evolution of Doodles - G_6e786d/h2_Weve created more than 5,000 Doodles ove_111429' is visible

17-06-2024T19:01:33 - [MESSAGE][PASSED] - Object 'Object Repository/Page_The Story and Evolution of Doodles - G_6e786d/h2_Weve created more than 5,000 Doodles ove_111429' is visible

17-06-2024T19:01:33 - [TEST_STEP][PASSED] - click(findTestObject("Object Repository/Page_The Story and Evolution of Doodles - G_6e786d/p_The first Doodle was a simple out-of-offi_345e61")): Object: 'Object Repository/Page_The Story and Evolution of Doodles - G_6e786d/p_The first Doodle was a simple out-of-offi_345e61' is clicked on

17-06-2024T19:01:34 - [MESSAGE][PASSED] - Object: 'Object Repository/Page_The Story and Evolution of Doodles - G_6e786d/p_The first Doodle was a simple out-of-offi_345e61' is clicked on

17-06-2024T19:01:34 - [TEST_STEP][PASSED] - verifyElementVisible(findTestObject("Object Repository/Page_The Story and Evolution of Doodles - G_6e786d/h1_The story behind Doodles")): Object 'Object Repository/Page_The Story and Evolution of Doodles - G_6e786d/h1_The story behind Doodles' is visible

17-06-2024T19:01:34 - [MESSAGE][PASSED] - Object 'Object Repository/Page_The Story and Evolution of Doodles - G_6e786d/h1_The story behind Doodles' is visible

17-06-2024T19:01:34 - [TEST_STEP][PASSED] - verifyElementVisible(findTestObject("Object Repository/Page_The Story and Evolution of Doodles - G_6e786d/p_The first Doodle was a simple out-of-offi_345e61")): Object 'Object Repository/Page_The Story and Evolution of Doodles - G_6e786d/p_The first Doodle was a simple out-of-offi_345e61' is visible

17-06-2024T19:01:34 - [MESSAGE][PASSED] - Object 'Object Repository/Page_The Story and Evolution of Doodles - G_6e786d/p_The first Doodle was a simple out-of-offi_345e61' is visible

17-06-2024T19:01:34 - [TEST_STEP][PASSED] - verifyElementVisible(findTestObject("Object Repository/Page_The Story and Evolution of Doodles - G_6e786d/h2_Weve created more than 5,000 Doodles ove_111429")): Object 'Object Repository/Page_The Story and Evolution of Doodles - G_6e786d/h2_Weve created more than 5,000 Doodles ove_111429' is visible

17-06-2024T19:01:35 - [MESSAGE][PASSED] - Object 'Object Repository/Page_The Story and Evolution of Doodles - G_6e786d/h2_Weve created more than 5,000 Doodles ove_111429' is visible

17-06-2024T19:01:35 - [TEST_STEP][PASSED] - click(findTestObject("Object Repository/Page_The Story and Evolution of Doodles - G_6e786d/p_The first Doodle was a simple out-of-offi_345e61")): Object: 'Object Repository/Page_The Story and Evolution of Doodles - G_6e786d/p_The first Doodle was a simple out-of-offi_345e61' is clicked on

17-06-2024T19:01:35 - [MESSAGE][PASSED] - Object: 'Object Repository/Page_The Story and Evolution of Doodles - G_6e786d/p_The first Doodle was a simple out-of-offi_345e61' is clicked on

17-06-2024T19:01:35 - [TEST_STEP][PASSED] - verifyElementVisible(findTestObject("Object Repository/Page_The Story and Evolution of Doodles - G_6e786d/h1_The story behind Doodles")): Object 'Object Repository/Page_The Story and Evolution of Doodles - G_6e786d/h1_The story behind Doodles' is visible

17-06-2024T19:01:35 - [MESSAGE][PASSED] - Object 'Object Repository/Page_The Story and Evolution of Doodles - G_6e786d/h1_The story behind Doodles' is visible

17-06-2024T19:01:35 - [TEST_STEP][PASSED] - verifyElementVisible(findTestObject("Object Repository/Page_The Story and Evolution of Doodles - G_6e786d/p_The first Doodle was a simple out-of-offi_345e61")): Object 'Object Repository/Page_The Story and Evolution of Doodles - G_6e786d/p_The first Doodle was a simple out-of-offi_345e61' is visible

17-06-2024T19:01:36 - [MESSAGE][PASSED] - Object 'Object Repository/Page_The Story and Evolution of Doodles - G_6e786d/p_The first Doodle was a simple out-of-offi_345e61' is visible

17-06-2024T19:01:36 - [TEST_STEP][PASSED] - verifyElementVisible(findTestObject("Object Repository/Page_The Story and Evolution of Doodles - G_6e786d/h2_Weve created more than 5,000 Doodles ove_111429")): Object 'Object Repository/Page_The Story and Evolution of Doodles - G_6e786d/h2_Weve created more than 5,000 Doodles ove_111429' is visible

17-06-2024T19:01:36 - [MESSAGE][PASSED] - Object 'Object Repository/Page_The Story and Evolution of Doodles - G_6e786d/h2_Weve created more than 5,000 Doodles ove_111429' is visible

17-06-2024T19:01:36 - [TEST_STEP][PASSED] - click(findTestObject("Object Repository/Page_The Story and Evolution of Doodles - G_6e786d/p_The first Doodle was a simple out-of-offi_345e61")): Object: 'Object Repository/Page_The Story and Evolution of Doodles - G_6e786d/p_The first Doodle was a simple out-of-offi_345e61' is clicked on

17-06-2024T19:01:36 - [MESSAGE][PASSED] - Object: 'Object Repository/Page_The Story and Evolution of Doodles - G_6e786d/p_The first Doodle was a simple out-of-offi_345e61' is clicked on

17-06-2024T19:01:36 - [TEST_STEP][PASSED] - verifyElementVisible(findTestObject("Object Repository/Page_The Story and Evolution of Doodles - G_6e786d/h1_The story behind Doodles")): Object 'Object Repository/Page_The Story and Evolution of Doodles - G_6e786d/h1_The story behind Doodles' is visible

17-06-2024T19:01:37 - [MESSAGE][PASSED] - Object 'Object Repository/Page_The Story and Evolution of Doodles - G_6e786d/h1_The story behind Doodles' is visible

17-06-2024T19:01:37 - [TEST_STEP][PASSED] - verifyElementVisible(findTestObject("Object Repository/Page_The Story and Evolution of Doodles - G_6e786d/p_The first Doodle was a simple out-of-offi_345e61")): Object 'Object Repository/Page_The Story and Evolution of Doodles - G_6e786d/p_The first Doodle was a simple out-of-offi_345e61' is visible

17-06-2024T19:01:37 - [MESSAGE][PASSED] - Object 'Object Repository/Page_The Story and Evolution of Doodles - G_6e786d/p_The first Doodle was a simple out-of-offi_345e61' is visible

17-06-2024T19:01:37 - [TEST_STEP][PASSED] - verifyElementVisible(findTestObject("Object Repository/Page_The Story and Evolution of Doodles - G_6e786d/h2_Weve created more than 5,000 Doodles ove_111429")): Object 'Object Repository/Page_The Story and Evolution of Doodles - G_6e786d/h2_Weve created more than 5,000 Doodles ove_111429' is visible

17-06-2024T19:01:38 - [MESSAGE][PASSED] - Object 'Object Repository/Page_The Story and Evolution of Doodles - G_6e786d/h2_Weve created more than 5,000 Doodles ove_111429' is visible

17-06-2024T19:01:38 - [TEST_STEP][PASSED] - click(findTestObject("Object Repository/Page_The Story and Evolution of Doodles - G_6e786d/p_The first Doodle was a simple out-of-offi_345e61")): Object: 'Object Repository/Page_The Story and Evolution of Doodles - G_6e786d/p_The first Doodle was a simple out-of-offi_345e61' is clicked on

17-06-2024T19:01:38 - [MESSAGE][PASSED] - Object: 'Object Repository/Page_The Story and Evolution of Doodles - G_6e786d/p_The first Doodle was a simple out-of-offi_345e61' is clicked on

17-06-2024T19:01:38 - [TEST_STEP][PASSED] - verifyElementVisible(findTestObject("Object Repository/Page_The Story and Evolution of Doodles - G_6e786d/h1_The story behind Doodles")): Object 'Object Repository/Page_The Story and Evolution of Doodles - G_6e786d/h1_The story behind Doodles' is visible

17-06-2024T19:01:38 - [MESSAGE][PASSED] - Object 'Object Repository/Page_The Story and Evolution of Doodles - G_6e786d/h1_The story behind Doodles' is visible

17-06-2024T19:01:38 - [TEST_STEP][PASSED] - verifyElementVisible(findTestObject("Object Repository/Page_The Story and Evolution of Doodles - G_6e786d/p_The first Doodle was a simple out-of-offi_345e61")): Object 'Object Repository/Page_The Story and Evolution of Doodles - G_6e786d/p_The first Doodle was a simple out-of-offi_345e61' is visible

17-06-2024T19:01:38 - [MESSAGE][PASSED] - Object 'Object Repository/Page_The Story and Evolution of Doodles - G_6e786d/p_The first Doodle was a simple out-of-offi_345e61' is visible

17-06-2024T19:01:38 - [TEST_STEP][PASSED] - verifyElementVisible(findTestObject("Object Repository/Page_The Story and Evolution of Doodles - G_6e786d/h2_Weve created more than 5,000 Doodles ove_111429")): Object 'Object Repository/Page_The Story and Evolution of Doodles - G_6e786d/h2_Weve created more than 5,000 Doodles ove_111429' is visible

17-06-2024T19:01:39 - [MESSAGE][PASSED] - Object 'Object Repository/Page_The Story and Evolution of Doodles - G_6e786d/h2_Weve created more than 5,000 Doodles ove_111429' is visible

17-06-2024T19:01:39 - [TEST_STEP][PASSED] - click(findTestObject("Object Repository/Page_The Story and Evolution of Doodles - G_6e786d/p_The first Doodle was a simple out-of-offi_345e61")): Object: 'Object Repository/Page_The Story and Evolution of Doodles - G_6e786d/p_The first Doodle was a simple out-of-offi_345e61' is clicked on

17-06-2024T19:01:39 - [MESSAGE][PASSED] - Object: 'Object Repository/Page_The Story and Evolution of Doodles - G_6e786d/p_The first Doodle was a simple out-of-offi_345e61' is clicked on

17-06-2024T19:01:39 - [TEST_STEP][PASSED] - verifyElementVisible(findTestObject("Object Repository/Page_The Story and Evolution of Doodles - G_6e786d/h1_The story behind Doodles")): Object 'Object Repository/Page_The Story and Evolution of Doodles - G_6e786d/h1_The story behind Doodles' is visible

17-06-2024T19:01:39 - [MESSAGE][PASSED] - Object 'Object Repository/Page_The Story and Evolution of Doodles - G_6e786d/h1_The story behind Doodles' is visible

17-06-2024T19:01:39 - [TEST_STEP][PASSED] - verifyElementVisible(findTestObject("Object Repository/Page_The Story and Evolution of Doodles - G_6e786d/p_The first Doodle was a simple out-of-offi_345e61")): Object 'Object Repository/Page_The Story and Evolution of Doodles - G_6e786d/p_The first Doodle was a simple out-of-offi_345e61' is visible

17-06-2024T19:01:40 - [MESSAGE][PASSED] - Object 'Object Repository/Page_The Story and Evolution of Doodles - G_6e786d/p_The first Doodle was a simple out-of-offi_345e61' is visible

17-06-2024T19:01:40 - [TEST_STEP][PASSED] - verifyElementVisible(findTestObject("Object Repository/Page_The Story and Evolution of Doodles - G_6e786d/h2_Weve created more than 5,000 Doodles ove_111429")): Object 'Object Repository/Page_The Story and Evolution of Doodles - G_6e786d/h2_Weve created more than 5,000 Doodles ove_111429' is visible

17-06-2024T19:01:40 - [MESSAGE][PASSED] - Object 'Object Repository/Page_The Story and Evolution of Doodles - G_6e786d/h2_Weve created more than 5,000 Doodles ove_111429' is visible

17-06-2024T19:01:40 - [TEST_STEP][PASSED] - click(findTestObject("Object Repository/Page_The Story and Evolution of Doodles - G_6e786d/p_The first Doodle was a simple out-of-offi_345e61")): Object: 'Object Repository/Page_The Story and Evolution of Doodles - G_6e786d/p_The first Doodle was a simple out-of-offi_345e61' is clicked on

17-06-2024T19:01:40 - [MESSAGE][PASSED] - Object: 'Object Repository/Page_The Story and Evolution of Doodles - G_6e786d/p_The first Doodle was a simple out-of-offi_345e61' is clicked on

17-06-2024T19:01:40 - [TEST_STEP][PASSED] - verifyElementVisible(findTestObject("Object Repository/Page_The Story and Evolution of Doodles - G_6e786d/h1_The story behind Doodles")): Object 'Object Repository/Page_The Story and Evolution of Doodles - G_6e786d/h1_The story behind Doodles' is visible

17-06-2024T19:01:41 - [MESSAGE][PASSED] - Object 'Object Repository/Page_The Story and Evolution of Doodles - G_6e786d/h1_The story behind Doodles' is visible

17-06-2024T19:01:41 - [TEST_STEP][PASSED] - verifyElementVisible(findTestObject("Object Repository/Page_The Story and Evolution of Doodles - G_6e786d/p_The first Doodle was a simple out-of-offi_345e61")): Object 'Object Repository/Page_The Story and Evolution of Doodles - G_6e786d/p_The first Doodle was a simple out-of-offi_345e61' is visible

17-06-2024T19:01:41 - [MESSAGE][PASSED] - Object 'Object Repository/Page_The Story and Evolution of Doodles - G_6e786d/p_The first Doodle was a simple out-of-offi_345e61' is visible

17-06-2024T19:01:41 - [TEST_STEP][PASSED] - verifyElementVisible(findTestObject("Object Repository/Page_The Story and Evolution of Doodles - G_6e786d/h2_Weve created more than 5,000 Doodles ove_111429")): Object 'Object Repository/Page_The Story and Evolution of Doodles - G_6e786d/h2_Weve created more than 5,000 Doodles ove_111429' is visible

17-06-2024T19:01:41 - [MESSAGE][PASSED] - Object 'Object Repository/Page_The Story and Evolution of Doodles - G_6e786d/h2_Weve created more than 5,000 Doodles ove_111429' is visible

17-06-2024T19:01:41 - [TEST_STEP][PASSED] - click(findTestObject("Object Repository/Page_The Story and Evolution of Doodles - G_6e786d/p_The first Doodle was a simple out-of-offi_345e61")): Object: 'Object Repository/Page_The Story and Evolution of Doodles - G_6e786d/p_The first Doodle was a simple out-of-offi_345e61' is clicked on

17-06-2024T19:01:42 - [MESSAGE][PASSED] - Object: 'Object Repository/Page_The Story and Evolution of Doodles - G_6e786d/p_The first Doodle was a simple out-of-offi_345e61' is clicked on

17-06-2024T19:01:42 - [TEST_STEP][PASSED] - verifyElementVisible(findTestObject("Object Repository/Page_The Story and Evolution of Doodles - G_6e786d/h1_The story behind Doodles")): Object 'Object Repository/Page_The Story and Evolution of Doodles - G_6e786d/h1_The story behind Doodles' is visible

17-06-2024T19:01:42 - [MESSAGE][PASSED] - Object 'Object Repository/Page_The Story and Evolution of Doodles - G_6e786d/h1_The story behind Doodles' is visible

17-06-2024T19:01:42 - [TEST_STEP][PASSED] - verifyElementVisible(findTestObject("Object Repository/Page_The Story and Evolution of Doodles - G_6e786d/p_The first Doodle was a simple out-of-offi_345e61")): Object 'Object Repository/Page_The Story and Evolution of Doodles - G_6e786d/p_The first Doodle was a simple out-of-offi_345e61' is visible

17-06-2024T19:01:42 - [MESSAGE][PASSED] - Object 'Object Repository/Page_The Story and Evolution of Doodles - G_6e786d/p_The first Doodle was a simple out-of-offi_345e61' is visible

17-06-2024T19:01:42 - [TEST_STEP][PASSED] - verifyElementVisible(findTestObject("Object Repository/Page_The Story and Evolution of Doodles - G_6e786d/h2_Weve created more than 5,000 Doodles ove_111429")): Object 'Object Repository/Page_The Story and Evolution of Doodles - G_6e786d/h2_Weve created more than 5,000 Doodles ove_111429' is visible

17-06-2024T19:01:43 - [MESSAGE][PASSED] - Object 'Object Repository/Page_The Story and Evolution of Doodles - G_6e786d/h2_Weve created more than 5,000 Doodles ove_111429' is visible

17-06-2024T19:01:43 - [TEST_STEP][PASSED] - click(findTestObject("Object Repository/Page_The Story and Evolution of Doodles - G_6e786d/p_The first Doodle was a simple out-of-offi_345e61")): Object: 'Object Repository/Page_The Story and Evolution of Doodles - G_6e786d/p_The first Doodle was a simple out-of-offi_345e61' is clicked on

17-06-2024T19:01:43 - [MESSAGE][PASSED] - Object: 'Object Repository/Page_The Story and Evolution of Doodles - G_6e786d/p_The first Doodle was a simple out-of-offi_345e61' is clicked on

17-06-2024T19:01:43 - [TEST_STEP][PASSED] - verifyElementVisible(findTestObject("Object Repository/Page_The Story and Evolution of Doodles - G_6e786d/h1_The story behind Doodles")): Object 'Object Repository/Page_The Story and Evolution of Doodles - G_6e786d/h1_The story behind Doodles' is visible

17-06-2024T19:01:43 - [MESSAGE][PASSED] - Object 'Object Repository/Page_The Story and Evolution of Doodles - G_6e786d/h1_The story behind Doodles' is visible

17-06-2024T19:01:43 - [TEST_STEP][PASSED] - verifyElementVisible(findTestObject("Object Repository/Page_The Story and Evolution of Doodles - G_6e786d/p_The first Doodle was a simple out-of-offi_345e61")): Object 'Object Repository/Page_The Story and Evolution of Doodles - G_6e786d/p_The first Doodle was a simple out-of-offi_345e61' is visible

17-06-2024T19:01:44 - [MESSAGE][PASSED] - Object 'Object Repository/Page_The Story and Evolution of Doodles - G_6e786d/p_The first Doodle was a simple out-of-offi_345e61' is visible

17-06-2024T19:01:44 - [TEST_STEP][PASSED] - verifyElementVisible(findTestObject("Object Repository/Page_The Story and Evolution of Doodles - G_6e786d/h2_Weve created more than 5,000 Doodles ove_111429")): Object 'Object Repository/Page_The Story and Evolution of Doodles - G_6e786d/h2_Weve created more than 5,000 Doodles ove_111429' is visible

17-06-2024T19:01:44 - [MESSAGE][PASSED] - Object 'Object Repository/Page_The Story and Evolution of Doodles - G_6e786d/h2_Weve created more than 5,000 Doodles ove_111429' is visible

17-06-2024T19:01:44 - [TEST_STEP][PASSED] - click(findTestObject("Object Repository/Page_The Story and Evolution of Doodles - G_6e786d/p_The first Doodle was a simple out-of-offi_345e61")): Object: 'Object Repository/Page_The Story and Evolution of Doodles - G_6e786d/p_The first Doodle was a simple out-of-offi_345e61' is clicked on

17-06-2024T19:01:44 - [MESSAGE][PASSED] - Object: 'Object Repository/Page_The Story and Evolution of Doodles - G_6e786d/p_The first Doodle was a simple out-of-offi_345e61' is clicked on

17-06-2024T19:01:44 - [TEST_STEP][PASSED] - verifyElementVisible(findTestObject("Object Repository/Page_The Story and Evolution of Doodles - G_6e786d/h1_The story behind Doodles")): Object 'Object Repository/Page_The Story and Evolution of Doodles - G_6e786d/h1_The story behind Doodles' is visible

17-06-2024T19:01:45 - [MESSAGE][PASSED] - Object 'Object Repository/Page_The Story and Evolution of Doodles - G_6e786d/h1_The story behind Doodles' is visible

17-06-2024T19:01:45 - [TEST_STEP][PASSED] - verifyElementVisible(findTestObject("Object Repository/Page_The Story and Evolution of Doodles - G_6e786d/p_The first Doodle was a simple out-of-offi_345e61")): Object 'Object Repository/Page_The Story and Evolution of Doodles - G_6e786d/p_The first Doodle was a simple out-of-offi_345e61' is visible

17-06-2024T19:01:45 - [MESSAGE][PASSED] - Object 'Object Repository/Page_The Story and Evolution of Doodles - G_6e786d/p_The first Doodle was a simple out-of-offi_345e61' is visible

17-06-2024T19:01:45 - [TEST_STEP][PASSED] - verifyElementVisible(findTestObject("Object Repository/Page_The Story and Evolution of Doodles - G_6e786d/h2_Weve created more than 5,000 Doodles ove_111429")): Object 'Object Repository/Page_The Story and Evolution of Doodles - G_6e786d/h2_Weve created more than 5,000 Doodles ove_111429' is visible

17-06-2024T19:01:45 - [MESSAGE][PASSED] - Object 'Object Repository/Page_The Story and Evolution of Doodles - G_6e786d/h2_Weve created more than 5,000 Doodles ove_111429' is visible]]></system-out>
         <system-err><![CDATA[]]></system-err>
      </testcase>
      <testcase name="Test Cases/test case folder 1/tc1 - Copy - Copy (5)" time="20.137" classname="Test Cases/test case folder 1/tc1 - Copy - Copy (5)" status="PASSED">
         <system-out><![CDATA[17-06-2024T19:01:45 - [TEST_CASE][PASSED] - Test Cases/test case folder 1/tc1 - Copy - Copy (5): Test Cases/test case folder 1/tc1 - Copy - Copy (5)

17-06-2024T19:01:45 - [TEST_STEP][PASSED] - openBrowser(""): Browser is opened with url: ''

17-06-2024T19:01:45 - [MESSAGE][WARNING] - A browser is already opened. Closing browser and opening a new one

17-06-2024T19:01:46 - [MESSAGE][INFO] - Starting 'Chrome (headless)' driver

17-06-2024T19:01:46 - [MESSAGE][INFO] - Action delay is set to 0 milliseconds

17-06-2024T19:01:47 - [MESSAGE][PASSED] - Browser is opened with url: ''

17-06-2024T19:01:47 - [TEST_STEP][PASSED] - navigateToUrl("https://doodles.google/about/"): Navigate to 'https://doodles.google/about/' successfully

17-06-2024T19:01:49 - [MESSAGE][PASSED] - Navigate to 'https://doodles.google/about/' successfully

17-06-2024T19:01:49 - [TEST_STEP][PASSED] - click(findTestObject("Object Repository/Page_The Story and Evolution of Doodles - G_6e786d/p_The first Doodle was a simple out-of-offi_345e61")): Object: 'Object Repository/Page_The Story and Evolution of Doodles - G_6e786d/p_The first Doodle was a simple out-of-offi_345e61' is clicked on

17-06-2024T19:01:51 - [MESSAGE][PASSED] - Object: 'Object Repository/Page_The Story and Evolution of Doodles - G_6e786d/p_The first Doodle was a simple out-of-offi_345e61' is clicked on

17-06-2024T19:01:51 - [TEST_STEP][PASSED] - click(findTestObject("Object Repository/Page_The Story and Evolution of Doodles - G_6e786d/p_The first Doodle was a simple out-of-offi_345e61")): Object: 'Object Repository/Page_The Story and Evolution of Doodles - G_6e786d/p_The first Doodle was a simple out-of-offi_345e61' is clicked on

17-06-2024T19:01:51 - [MESSAGE][PASSED] - Object: 'Object Repository/Page_The Story and Evolution of Doodles - G_6e786d/p_The first Doodle was a simple out-of-offi_345e61' is clicked on

17-06-2024T19:01:51 - [TEST_STEP][PASSED] - verifyElementVisible(findTestObject("Object Repository/Page_The Story and Evolution of Doodles - G_6e786d/h1_The story behind Doodles")): Object 'Object Repository/Page_The Story and Evolution of Doodles - G_6e786d/h1_The story behind Doodles' is visible

17-06-2024T19:01:51 - [MESSAGE][PASSED] - Object 'Object Repository/Page_The Story and Evolution of Doodles - G_6e786d/h1_The story behind Doodles' is visible

17-06-2024T19:01:51 - [TEST_STEP][PASSED] - verifyElementVisible(findTestObject("Object Repository/Page_The Story and Evolution of Doodles - G_6e786d/p_The first Doodle was a simple out-of-offi_345e61")): Object 'Object Repository/Page_The Story and Evolution of Doodles - G_6e786d/p_The first Doodle was a simple out-of-offi_345e61' is visible

17-06-2024T19:01:52 - [MESSAGE][PASSED] - Object 'Object Repository/Page_The Story and Evolution of Doodles - G_6e786d/p_The first Doodle was a simple out-of-offi_345e61' is visible

17-06-2024T19:01:52 - [TEST_STEP][PASSED] - verifyElementVisible(findTestObject("Object Repository/Page_The Story and Evolution of Doodles - G_6e786d/h2_Weve created more than 5,000 Doodles ove_111429")): Object 'Object Repository/Page_The Story and Evolution of Doodles - G_6e786d/h2_Weve created more than 5,000 Doodles ove_111429' is visible

17-06-2024T19:01:52 - [MESSAGE][PASSED] - Object 'Object Repository/Page_The Story and Evolution of Doodles - G_6e786d/h2_Weve created more than 5,000 Doodles ove_111429' is visible

17-06-2024T19:01:52 - [TEST_STEP][PASSED] - verifyElementVisible(findTestObject("Object Repository/Page_The Story and Evolution of Doodles - G_6e786d/h1_The story behind Doodles")): Object 'Object Repository/Page_The Story and Evolution of Doodles - G_6e786d/h1_The story behind Doodles' is visible

17-06-2024T19:01:52 - [MESSAGE][PASSED] - Object 'Object Repository/Page_The Story and Evolution of Doodles - G_6e786d/h1_The story behind Doodles' is visible

17-06-2024T19:01:52 - [TEST_STEP][PASSED] - verifyElementVisible(findTestObject("Object Repository/Page_The Story and Evolution of Doodles - G_6e786d/p_The first Doodle was a simple out-of-offi_345e61")): Object 'Object Repository/Page_The Story and Evolution of Doodles - G_6e786d/p_The first Doodle was a simple out-of-offi_345e61' is visible

17-06-2024T19:01:53 - [MESSAGE][PASSED] - Object 'Object Repository/Page_The Story and Evolution of Doodles - G_6e786d/p_The first Doodle was a simple out-of-offi_345e61' is visible

17-06-2024T19:01:53 - [TEST_STEP][PASSED] - verifyElementVisible(findTestObject("Object Repository/Page_The Story and Evolution of Doodles - G_6e786d/h2_Weve created more than 5,000 Doodles ove_111429")): Object 'Object Repository/Page_The Story and Evolution of Doodles - G_6e786d/h2_Weve created more than 5,000 Doodles ove_111429' is visible

17-06-2024T19:01:53 - [MESSAGE][PASSED] - Object 'Object Repository/Page_The Story and Evolution of Doodles - G_6e786d/h2_Weve created more than 5,000 Doodles ove_111429' is visible

17-06-2024T19:01:53 - [TEST_STEP][PASSED] - click(findTestObject("Object Repository/Page_The Story and Evolution of Doodles - G_6e786d/p_The first Doodle was a simple out-of-offi_345e61")): Object: 'Object Repository/Page_The Story and Evolution of Doodles - G_6e786d/p_The first Doodle was a simple out-of-offi_345e61' is clicked on

17-06-2024T19:01:53 - [MESSAGE][PASSED] - Object: 'Object Repository/Page_The Story and Evolution of Doodles - G_6e786d/p_The first Doodle was a simple out-of-offi_345e61' is clicked on

17-06-2024T19:01:53 - [TEST_STEP][PASSED] - verifyElementVisible(findTestObject("Object Repository/Page_The Story and Evolution of Doodles - G_6e786d/h1_The story behind Doodles")): Object 'Object Repository/Page_The Story and Evolution of Doodles - G_6e786d/h1_The story behind Doodles' is visible

17-06-2024T19:01:54 - [MESSAGE][PASSED] - Object 'Object Repository/Page_The Story and Evolution of Doodles - G_6e786d/h1_The story behind Doodles' is visible

17-06-2024T19:01:54 - [TEST_STEP][PASSED] - verifyElementVisible(findTestObject("Object Repository/Page_The Story and Evolution of Doodles - G_6e786d/p_The first Doodle was a simple out-of-offi_345e61")): Object 'Object Repository/Page_The Story and Evolution of Doodles - G_6e786d/p_The first Doodle was a simple out-of-offi_345e61' is visible

17-06-2024T19:01:54 - [MESSAGE][PASSED] - Object 'Object Repository/Page_The Story and Evolution of Doodles - G_6e786d/p_The first Doodle was a simple out-of-offi_345e61' is visible

17-06-2024T19:01:54 - [TEST_STEP][PASSED] - verifyElementVisible(findTestObject("Object Repository/Page_The Story and Evolution of Doodles - G_6e786d/h2_Weve created more than 5,000 Doodles ove_111429")): Object 'Object Repository/Page_The Story and Evolution of Doodles - G_6e786d/h2_Weve created more than 5,000 Doodles ove_111429' is visible

17-06-2024T19:01:54 - [MESSAGE][PASSED] - Object 'Object Repository/Page_The Story and Evolution of Doodles - G_6e786d/h2_Weve created more than 5,000 Doodles ove_111429' is visible

17-06-2024T19:01:54 - [TEST_STEP][PASSED] - click(findTestObject("Object Repository/Page_The Story and Evolution of Doodles - G_6e786d/p_The first Doodle was a simple out-of-offi_345e61")): Object: 'Object Repository/Page_The Story and Evolution of Doodles - G_6e786d/p_The first Doodle was a simple out-of-offi_345e61' is clicked on

17-06-2024T19:01:55 - [MESSAGE][PASSED] - Object: 'Object Repository/Page_The Story and Evolution of Doodles - G_6e786d/p_The first Doodle was a simple out-of-offi_345e61' is clicked on

17-06-2024T19:01:55 - [TEST_STEP][PASSED] - verifyElementVisible(findTestObject("Object Repository/Page_The Story and Evolution of Doodles - G_6e786d/h1_The story behind Doodles")): Object 'Object Repository/Page_The Story and Evolution of Doodles - G_6e786d/h1_The story behind Doodles' is visible

17-06-2024T19:01:55 - [MESSAGE][PASSED] - Object 'Object Repository/Page_The Story and Evolution of Doodles - G_6e786d/h1_The story behind Doodles' is visible

17-06-2024T19:01:55 - [TEST_STEP][PASSED] - verifyElementVisible(findTestObject("Object Repository/Page_The Story and Evolution of Doodles - G_6e786d/p_The first Doodle was a simple out-of-offi_345e61")): Object 'Object Repository/Page_The Story and Evolution of Doodles - G_6e786d/p_The first Doodle was a simple out-of-offi_345e61' is visible

17-06-2024T19:01:55 - [MESSAGE][PASSED] - Object 'Object Repository/Page_The Story and Evolution of Doodles - G_6e786d/p_The first Doodle was a simple out-of-offi_345e61' is visible

17-06-2024T19:01:55 - [TEST_STEP][PASSED] - verifyElementVisible(findTestObject("Object Repository/Page_The Story and Evolution of Doodles - G_6e786d/h2_Weve created more than 5,000 Doodles ove_111429")): Object 'Object Repository/Page_The Story and Evolution of Doodles - G_6e786d/h2_Weve created more than 5,000 Doodles ove_111429' is visible

17-06-2024T19:01:56 - [MESSAGE][PASSED] - Object 'Object Repository/Page_The Story and Evolution of Doodles - G_6e786d/h2_Weve created more than 5,000 Doodles ove_111429' is visible

17-06-2024T19:01:56 - [TEST_STEP][PASSED] - click(findTestObject("Object Repository/Page_The Story and Evolution of Doodles - G_6e786d/p_The first Doodle was a simple out-of-offi_345e61")): Object: 'Object Repository/Page_The Story and Evolution of Doodles - G_6e786d/p_The first Doodle was a simple out-of-offi_345e61' is clicked on

17-06-2024T19:01:56 - [MESSAGE][PASSED] - Object: 'Object Repository/Page_The Story and Evolution of Doodles - G_6e786d/p_The first Doodle was a simple out-of-offi_345e61' is clicked on

17-06-2024T19:01:56 - [TEST_STEP][PASSED] - verifyElementVisible(findTestObject("Object Repository/Page_The Story and Evolution of Doodles - G_6e786d/h1_The story behind Doodles")): Object 'Object Repository/Page_The Story and Evolution of Doodles - G_6e786d/h1_The story behind Doodles' is visible

17-06-2024T19:01:56 - [MESSAGE][PASSED] - Object 'Object Repository/Page_The Story and Evolution of Doodles - G_6e786d/h1_The story behind Doodles' is visible

17-06-2024T19:01:56 - [TEST_STEP][PASSED] - verifyElementVisible(findTestObject("Object Repository/Page_The Story and Evolution of Doodles - G_6e786d/p_The first Doodle was a simple out-of-offi_345e61")): Object 'Object Repository/Page_The Story and Evolution of Doodles - G_6e786d/p_The first Doodle was a simple out-of-offi_345e61' is visible

17-06-2024T19:01:57 - [MESSAGE][PASSED] - Object 'Object Repository/Page_The Story and Evolution of Doodles - G_6e786d/p_The first Doodle was a simple out-of-offi_345e61' is visible

17-06-2024T19:01:57 - [TEST_STEP][PASSED] - verifyElementVisible(findTestObject("Object Repository/Page_The Story and Evolution of Doodles - G_6e786d/h2_Weve created more than 5,000 Doodles ove_111429")): Object 'Object Repository/Page_The Story and Evolution of Doodles - G_6e786d/h2_Weve created more than 5,000 Doodles ove_111429' is visible

17-06-2024T19:01:57 - [MESSAGE][PASSED] - Object 'Object Repository/Page_The Story and Evolution of Doodles - G_6e786d/h2_Weve created more than 5,000 Doodles ove_111429' is visible

17-06-2024T19:01:57 - [TEST_STEP][PASSED] - click(findTestObject("Object Repository/Page_The Story and Evolution of Doodles - G_6e786d/p_The first Doodle was a simple out-of-offi_345e61")): Object: 'Object Repository/Page_The Story and Evolution of Doodles - G_6e786d/p_The first Doodle was a simple out-of-offi_345e61' is clicked on

17-06-2024T19:01:57 - [MESSAGE][PASSED] - Object: 'Object Repository/Page_The Story and Evolution of Doodles - G_6e786d/p_The first Doodle was a simple out-of-offi_345e61' is clicked on

17-06-2024T19:01:57 - [TEST_STEP][PASSED] - verifyElementVisible(findTestObject("Object Repository/Page_The Story and Evolution of Doodles - G_6e786d/h1_The story behind Doodles")): Object 'Object Repository/Page_The Story and Evolution of Doodles - G_6e786d/h1_The story behind Doodles' is visible

17-06-2024T19:01:58 - [MESSAGE][PASSED] - Object 'Object Repository/Page_The Story and Evolution of Doodles - G_6e786d/h1_The story behind Doodles' is visible

17-06-2024T19:01:58 - [TEST_STEP][PASSED] - verifyElementVisible(findTestObject("Object Repository/Page_The Story and Evolution of Doodles - G_6e786d/p_The first Doodle was a simple out-of-offi_345e61")): Object 'Object Repository/Page_The Story and Evolution of Doodles - G_6e786d/p_The first Doodle was a simple out-of-offi_345e61' is visible

17-06-2024T19:01:58 - [MESSAGE][PASSED] - Object 'Object Repository/Page_The Story and Evolution of Doodles - G_6e786d/p_The first Doodle was a simple out-of-offi_345e61' is visible

17-06-2024T19:01:58 - [TEST_STEP][PASSED] - verifyElementVisible(findTestObject("Object Repository/Page_The Story and Evolution of Doodles - G_6e786d/h2_Weve created more than 5,000 Doodles ove_111429")): Object 'Object Repository/Page_The Story and Evolution of Doodles - G_6e786d/h2_Weve created more than 5,000 Doodles ove_111429' is visible

17-06-2024T19:01:58 - [MESSAGE][PASSED] - Object 'Object Repository/Page_The Story and Evolution of Doodles - G_6e786d/h2_Weve created more than 5,000 Doodles ove_111429' is visible

17-06-2024T19:01:58 - [TEST_STEP][PASSED] - click(findTestObject("Object Repository/Page_The Story and Evolution of Doodles - G_6e786d/p_The first Doodle was a simple out-of-offi_345e61")): Object: 'Object Repository/Page_The Story and Evolution of Doodles - G_6e786d/p_The first Doodle was a simple out-of-offi_345e61' is clicked on

17-06-2024T19:01:59 - [MESSAGE][PASSED] - Object: 'Object Repository/Page_The Story and Evolution of Doodles - G_6e786d/p_The first Doodle was a simple out-of-offi_345e61' is clicked on

17-06-2024T19:01:59 - [TEST_STEP][PASSED] - verifyElementVisible(findTestObject("Object Repository/Page_The Story and Evolution of Doodles - G_6e786d/h1_The story behind Doodles")): Object 'Object Repository/Page_The Story and Evolution of Doodles - G_6e786d/h1_The story behind Doodles' is visible

17-06-2024T19:01:59 - [MESSAGE][PASSED] - Object 'Object Repository/Page_The Story and Evolution of Doodles - G_6e786d/h1_The story behind Doodles' is visible

17-06-2024T19:01:59 - [TEST_STEP][PASSED] - verifyElementVisible(findTestObject("Object Repository/Page_The Story and Evolution of Doodles - G_6e786d/p_The first Doodle was a simple out-of-offi_345e61")): Object 'Object Repository/Page_The Story and Evolution of Doodles - G_6e786d/p_The first Doodle was a simple out-of-offi_345e61' is visible

17-06-2024T19:01:59 - [MESSAGE][PASSED] - Object 'Object Repository/Page_The Story and Evolution of Doodles - G_6e786d/p_The first Doodle was a simple out-of-offi_345e61' is visible

17-06-2024T19:01:59 - [TEST_STEP][PASSED] - verifyElementVisible(findTestObject("Object Repository/Page_The Story and Evolution of Doodles - G_6e786d/h2_Weve created more than 5,000 Doodles ove_111429")): Object 'Object Repository/Page_The Story and Evolution of Doodles - G_6e786d/h2_Weve created more than 5,000 Doodles ove_111429' is visible

17-06-2024T19:02:00 - [MESSAGE][PASSED] - Object 'Object Repository/Page_The Story and Evolution of Doodles - G_6e786d/h2_Weve created more than 5,000 Doodles ove_111429' is visible

17-06-2024T19:02:00 - [TEST_STEP][PASSED] - click(findTestObject("Object Repository/Page_The Story and Evolution of Doodles - G_6e786d/p_The first Doodle was a simple out-of-offi_345e61")): Object: 'Object Repository/Page_The Story and Evolution of Doodles - G_6e786d/p_The first Doodle was a simple out-of-offi_345e61' is clicked on

17-06-2024T19:02:00 - [MESSAGE][PASSED] - Object: 'Object Repository/Page_The Story and Evolution of Doodles - G_6e786d/p_The first Doodle was a simple out-of-offi_345e61' is clicked on

17-06-2024T19:02:00 - [TEST_STEP][PASSED] - verifyElementVisible(findTestObject("Object Repository/Page_The Story and Evolution of Doodles - G_6e786d/h1_The story behind Doodles")): Object 'Object Repository/Page_The Story and Evolution of Doodles - G_6e786d/h1_The story behind Doodles' is visible

17-06-2024T19:02:01 - [MESSAGE][PASSED] - Object 'Object Repository/Page_The Story and Evolution of Doodles - G_6e786d/h1_The story behind Doodles' is visible

17-06-2024T19:02:01 - [TEST_STEP][PASSED] - verifyElementVisible(findTestObject("Object Repository/Page_The Story and Evolution of Doodles - G_6e786d/p_The first Doodle was a simple out-of-offi_345e61")): Object 'Object Repository/Page_The Story and Evolution of Doodles - G_6e786d/p_The first Doodle was a simple out-of-offi_345e61' is visible

17-06-2024T19:02:01 - [MESSAGE][PASSED] - Object 'Object Repository/Page_The Story and Evolution of Doodles - G_6e786d/p_The first Doodle was a simple out-of-offi_345e61' is visible

17-06-2024T19:02:01 - [TEST_STEP][PASSED] - verifyElementVisible(findTestObject("Object Repository/Page_The Story and Evolution of Doodles - G_6e786d/h2_Weve created more than 5,000 Doodles ove_111429")): Object 'Object Repository/Page_The Story and Evolution of Doodles - G_6e786d/h2_Weve created more than 5,000 Doodles ove_111429' is visible

17-06-2024T19:02:01 - [MESSAGE][PASSED] - Object 'Object Repository/Page_The Story and Evolution of Doodles - G_6e786d/h2_Weve created more than 5,000 Doodles ove_111429' is visible

17-06-2024T19:02:01 - [TEST_STEP][PASSED] - click(findTestObject("Object Repository/Page_The Story and Evolution of Doodles - G_6e786d/p_The first Doodle was a simple out-of-offi_345e61")): Object: 'Object Repository/Page_The Story and Evolution of Doodles - G_6e786d/p_The first Doodle was a simple out-of-offi_345e61' is clicked on

17-06-2024T19:02:02 - [MESSAGE][PASSED] - Object: 'Object Repository/Page_The Story and Evolution of Doodles - G_6e786d/p_The first Doodle was a simple out-of-offi_345e61' is clicked on

17-06-2024T19:02:02 - [TEST_STEP][PASSED] - verifyElementVisible(findTestObject("Object Repository/Page_The Story and Evolution of Doodles - G_6e786d/h1_The story behind Doodles")): Object 'Object Repository/Page_The Story and Evolution of Doodles - G_6e786d/h1_The story behind Doodles' is visible

17-06-2024T19:02:02 - [MESSAGE][PASSED] - Object 'Object Repository/Page_The Story and Evolution of Doodles - G_6e786d/h1_The story behind Doodles' is visible

17-06-2024T19:02:02 - [TEST_STEP][PASSED] - verifyElementVisible(findTestObject("Object Repository/Page_The Story and Evolution of Doodles - G_6e786d/p_The first Doodle was a simple out-of-offi_345e61")): Object 'Object Repository/Page_The Story and Evolution of Doodles - G_6e786d/p_The first Doodle was a simple out-of-offi_345e61' is visible

17-06-2024T19:02:02 - [MESSAGE][PASSED] - Object 'Object Repository/Page_The Story and Evolution of Doodles - G_6e786d/p_The first Doodle was a simple out-of-offi_345e61' is visible

17-06-2024T19:02:02 - [TEST_STEP][PASSED] - verifyElementVisible(findTestObject("Object Repository/Page_The Story and Evolution of Doodles - G_6e786d/h2_Weve created more than 5,000 Doodles ove_111429")): Object 'Object Repository/Page_The Story and Evolution of Doodles - G_6e786d/h2_Weve created more than 5,000 Doodles ove_111429' is visible

17-06-2024T19:02:03 - [MESSAGE][PASSED] - Object 'Object Repository/Page_The Story and Evolution of Doodles - G_6e786d/h2_Weve created more than 5,000 Doodles ove_111429' is visible

17-06-2024T19:02:03 - [TEST_STEP][PASSED] - click(findTestObject("Object Repository/Page_The Story and Evolution of Doodles - G_6e786d/p_The first Doodle was a simple out-of-offi_345e61")): Object: 'Object Repository/Page_The Story and Evolution of Doodles - G_6e786d/p_The first Doodle was a simple out-of-offi_345e61' is clicked on

17-06-2024T19:02:03 - [MESSAGE][PASSED] - Object: 'Object Repository/Page_The Story and Evolution of Doodles - G_6e786d/p_The first Doodle was a simple out-of-offi_345e61' is clicked on

17-06-2024T19:02:03 - [TEST_STEP][PASSED] - verifyElementVisible(findTestObject("Object Repository/Page_The Story and Evolution of Doodles - G_6e786d/h1_The story behind Doodles")): Object 'Object Repository/Page_The Story and Evolution of Doodles - G_6e786d/h1_The story behind Doodles' is visible

17-06-2024T19:02:03 - [MESSAGE][PASSED] - Object 'Object Repository/Page_The Story and Evolution of Doodles - G_6e786d/h1_The story behind Doodles' is visible

17-06-2024T19:02:03 - [TEST_STEP][PASSED] - verifyElementVisible(findTestObject("Object Repository/Page_The Story and Evolution of Doodles - G_6e786d/p_The first Doodle was a simple out-of-offi_345e61")): Object 'Object Repository/Page_The Story and Evolution of Doodles - G_6e786d/p_The first Doodle was a simple out-of-offi_345e61' is visible

17-06-2024T19:02:04 - [MESSAGE][PASSED] - Object 'Object Repository/Page_The Story and Evolution of Doodles - G_6e786d/p_The first Doodle was a simple out-of-offi_345e61' is visible

17-06-2024T19:02:04 - [TEST_STEP][PASSED] - verifyElementVisible(findTestObject("Object Repository/Page_The Story and Evolution of Doodles - G_6e786d/h2_Weve created more than 5,000 Doodles ove_111429")): Object 'Object Repository/Page_The Story and Evolution of Doodles - G_6e786d/h2_Weve created more than 5,000 Doodles ove_111429' is visible

17-06-2024T19:02:04 - [MESSAGE][PASSED] - Object 'Object Repository/Page_The Story and Evolution of Doodles - G_6e786d/h2_Weve created more than 5,000 Doodles ove_111429' is visible

17-06-2024T19:02:04 - [TEST_STEP][PASSED] - click(findTestObject("Object Repository/Page_The Story and Evolution of Doodles - G_6e786d/p_The first Doodle was a simple out-of-offi_345e61")): Object: 'Object Repository/Page_The Story and Evolution of Doodles - G_6e786d/p_The first Doodle was a simple out-of-offi_345e61' is clicked on

17-06-2024T19:02:05 - [MESSAGE][PASSED] - Object: 'Object Repository/Page_The Story and Evolution of Doodles - G_6e786d/p_The first Doodle was a simple out-of-offi_345e61' is clicked on

17-06-2024T19:02:05 - [TEST_STEP][PASSED] - verifyElementVisible(findTestObject("Object Repository/Page_The Story and Evolution of Doodles - G_6e786d/h1_The story behind Doodles")): Object 'Object Repository/Page_The Story and Evolution of Doodles - G_6e786d/h1_The story behind Doodles' is visible

17-06-2024T19:02:05 - [MESSAGE][PASSED] - Object 'Object Repository/Page_The Story and Evolution of Doodles - G_6e786d/h1_The story behind Doodles' is visible

17-06-2024T19:02:05 - [TEST_STEP][PASSED] - verifyElementVisible(findTestObject("Object Repository/Page_The Story and Evolution of Doodles - G_6e786d/p_The first Doodle was a simple out-of-offi_345e61")): Object 'Object Repository/Page_The Story and Evolution of Doodles - G_6e786d/p_The first Doodle was a simple out-of-offi_345e61' is visible

17-06-2024T19:02:05 - [MESSAGE][PASSED] - Object 'Object Repository/Page_The Story and Evolution of Doodles - G_6e786d/p_The first Doodle was a simple out-of-offi_345e61' is visible

17-06-2024T19:02:05 - [TEST_STEP][PASSED] - verifyElementVisible(findTestObject("Object Repository/Page_The Story and Evolution of Doodles - G_6e786d/h2_Weve created more than 5,000 Doodles ove_111429")): Object 'Object Repository/Page_The Story and Evolution of Doodles - G_6e786d/h2_Weve created more than 5,000 Doodles ove_111429' is visible

17-06-2024T19:02:06 - [MESSAGE][PASSED] - Object 'Object Repository/Page_The Story and Evolution of Doodles - G_6e786d/h2_Weve created more than 5,000 Doodles ove_111429' is visible]]></system-out>
         <system-err><![CDATA[]]></system-err>
      </testcase>
      <testcase name="Test Cases/test case folder 1/tc1 - Copy - Copy (6)" time="19.497" classname="Test Cases/test case folder 1/tc1 - Copy - Copy (6)" status="PASSED">
         <system-out><![CDATA[17-06-2024T19:02:06 - [TEST_CASE][PASSED] - Test Cases/test case folder 1/tc1 - Copy - Copy (6): Test Cases/test case folder 1/tc1 - Copy - Copy (6)

17-06-2024T19:02:06 - [TEST_STEP][PASSED] - openBrowser(""): Browser is opened with url: ''

17-06-2024T19:02:06 - [MESSAGE][WARNING] - A browser is already opened. Closing browser and opening a new one

17-06-2024T19:02:06 - [MESSAGE][INFO] - Starting 'Chrome (headless)' driver

17-06-2024T19:02:06 - [MESSAGE][INFO] - Action delay is set to 0 milliseconds

17-06-2024T19:02:07 - [MESSAGE][PASSED] - Browser is opened with url: ''

17-06-2024T19:02:07 - [TEST_STEP][PASSED] - navigateToUrl("https://doodles.google/about/"): Navigate to 'https://doodles.google/about/' successfully

17-06-2024T19:02:10 - [MESSAGE][PASSED] - Navigate to 'https://doodles.google/about/' successfully

17-06-2024T19:02:10 - [TEST_STEP][PASSED] - click(findTestObject("Object Repository/Page_The Story and Evolution of Doodles - G_6e786d/p_The first Doodle was a simple out-of-offi_345e61")): Object: 'Object Repository/Page_The Story and Evolution of Doodles - G_6e786d/p_The first Doodle was a simple out-of-offi_345e61' is clicked on

17-06-2024T19:02:11 - [MESSAGE][PASSED] - Object: 'Object Repository/Page_The Story and Evolution of Doodles - G_6e786d/p_The first Doodle was a simple out-of-offi_345e61' is clicked on

17-06-2024T19:02:11 - [TEST_STEP][PASSED] - click(findTestObject("Object Repository/Page_The Story and Evolution of Doodles - G_6e786d/p_The first Doodle was a simple out-of-offi_345e61")): Object: 'Object Repository/Page_The Story and Evolution of Doodles - G_6e786d/p_The first Doodle was a simple out-of-offi_345e61' is clicked on

17-06-2024T19:02:11 - [MESSAGE][PASSED] - Object: 'Object Repository/Page_The Story and Evolution of Doodles - G_6e786d/p_The first Doodle was a simple out-of-offi_345e61' is clicked on

17-06-2024T19:02:11 - [TEST_STEP][PASSED] - verifyElementVisible(findTestObject("Object Repository/Page_The Story and Evolution of Doodles - G_6e786d/h1_The story behind Doodles")): Object 'Object Repository/Page_The Story and Evolution of Doodles - G_6e786d/h1_The story behind Doodles' is visible

17-06-2024T19:02:11 - [MESSAGE][PASSED] - Object 'Object Repository/Page_The Story and Evolution of Doodles - G_6e786d/h1_The story behind Doodles' is visible

17-06-2024T19:02:11 - [TEST_STEP][PASSED] - verifyElementVisible(findTestObject("Object Repository/Page_The Story and Evolution of Doodles - G_6e786d/p_The first Doodle was a simple out-of-offi_345e61")): Object 'Object Repository/Page_The Story and Evolution of Doodles - G_6e786d/p_The first Doodle was a simple out-of-offi_345e61' is visible

17-06-2024T19:02:12 - [MESSAGE][PASSED] - Object 'Object Repository/Page_The Story and Evolution of Doodles - G_6e786d/p_The first Doodle was a simple out-of-offi_345e61' is visible

17-06-2024T19:02:12 - [TEST_STEP][PASSED] - verifyElementVisible(findTestObject("Object Repository/Page_The Story and Evolution of Doodles - G_6e786d/h2_Weve created more than 5,000 Doodles ove_111429")): Object 'Object Repository/Page_The Story and Evolution of Doodles - G_6e786d/h2_Weve created more than 5,000 Doodles ove_111429' is visible

17-06-2024T19:02:12 - [MESSAGE][PASSED] - Object 'Object Repository/Page_The Story and Evolution of Doodles - G_6e786d/h2_Weve created more than 5,000 Doodles ove_111429' is visible

17-06-2024T19:02:12 - [TEST_STEP][PASSED] - verifyElementVisible(findTestObject("Object Repository/Page_The Story and Evolution of Doodles - G_6e786d/h1_The story behind Doodles")): Object 'Object Repository/Page_The Story and Evolution of Doodles - G_6e786d/h1_The story behind Doodles' is visible

17-06-2024T19:02:12 - [MESSAGE][PASSED] - Object 'Object Repository/Page_The Story and Evolution of Doodles - G_6e786d/h1_The story behind Doodles' is visible

17-06-2024T19:02:12 - [TEST_STEP][PASSED] - verifyElementVisible(findTestObject("Object Repository/Page_The Story and Evolution of Doodles - G_6e786d/p_The first Doodle was a simple out-of-offi_345e61")): Object 'Object Repository/Page_The Story and Evolution of Doodles - G_6e786d/p_The first Doodle was a simple out-of-offi_345e61' is visible

17-06-2024T19:02:13 - [MESSAGE][PASSED] - Object 'Object Repository/Page_The Story and Evolution of Doodles - G_6e786d/p_The first Doodle was a simple out-of-offi_345e61' is visible

17-06-2024T19:02:13 - [TEST_STEP][PASSED] - verifyElementVisible(findTestObject("Object Repository/Page_The Story and Evolution of Doodles - G_6e786d/h2_Weve created more than 5,000 Doodles ove_111429")): Object 'Object Repository/Page_The Story and Evolution of Doodles - G_6e786d/h2_Weve created more than 5,000 Doodles ove_111429' is visible

17-06-2024T19:02:13 - [MESSAGE][PASSED] - Object 'Object Repository/Page_The Story and Evolution of Doodles - G_6e786d/h2_Weve created more than 5,000 Doodles ove_111429' is visible

17-06-2024T19:02:13 - [TEST_STEP][PASSED] - click(findTestObject("Object Repository/Page_The Story and Evolution of Doodles - G_6e786d/p_The first Doodle was a simple out-of-offi_345e61")): Object: 'Object Repository/Page_The Story and Evolution of Doodles - G_6e786d/p_The first Doodle was a simple out-of-offi_345e61' is clicked on

17-06-2024T19:02:13 - [MESSAGE][PASSED] - Object: 'Object Repository/Page_The Story and Evolution of Doodles - G_6e786d/p_The first Doodle was a simple out-of-offi_345e61' is clicked on

17-06-2024T19:02:13 - [TEST_STEP][PASSED] - verifyElementVisible(findTestObject("Object Repository/Page_The Story and Evolution of Doodles - G_6e786d/h1_The story behind Doodles")): Object 'Object Repository/Page_The Story and Evolution of Doodles - G_6e786d/h1_The story behind Doodles' is visible

17-06-2024T19:02:14 - [MESSAGE][PASSED] - Object 'Object Repository/Page_The Story and Evolution of Doodles - G_6e786d/h1_The story behind Doodles' is visible

17-06-2024T19:02:14 - [TEST_STEP][PASSED] - verifyElementVisible(findTestObject("Object Repository/Page_The Story and Evolution of Doodles - G_6e786d/p_The first Doodle was a simple out-of-offi_345e61")): Object 'Object Repository/Page_The Story and Evolution of Doodles - G_6e786d/p_The first Doodle was a simple out-of-offi_345e61' is visible

17-06-2024T19:02:14 - [MESSAGE][PASSED] - Object 'Object Repository/Page_The Story and Evolution of Doodles - G_6e786d/p_The first Doodle was a simple out-of-offi_345e61' is visible

17-06-2024T19:02:14 - [TEST_STEP][PASSED] - verifyElementVisible(findTestObject("Object Repository/Page_The Story and Evolution of Doodles - G_6e786d/h2_Weve created more than 5,000 Doodles ove_111429")): Object 'Object Repository/Page_The Story and Evolution of Doodles - G_6e786d/h2_Weve created more than 5,000 Doodles ove_111429' is visible

17-06-2024T19:02:14 - [MESSAGE][PASSED] - Object 'Object Repository/Page_The Story and Evolution of Doodles - G_6e786d/h2_Weve created more than 5,000 Doodles ove_111429' is visible

17-06-2024T19:02:14 - [TEST_STEP][PASSED] - click(findTestObject("Object Repository/Page_The Story and Evolution of Doodles - G_6e786d/p_The first Doodle was a simple out-of-offi_345e61")): Object: 'Object Repository/Page_The Story and Evolution of Doodles - G_6e786d/p_The first Doodle was a simple out-of-offi_345e61' is clicked on

17-06-2024T19:02:15 - [MESSAGE][PASSED] - Object: 'Object Repository/Page_The Story and Evolution of Doodles - G_6e786d/p_The first Doodle was a simple out-of-offi_345e61' is clicked on

17-06-2024T19:02:15 - [TEST_STEP][PASSED] - verifyElementVisible(findTestObject("Object Repository/Page_The Story and Evolution of Doodles - G_6e786d/h1_The story behind Doodles")): Object 'Object Repository/Page_The Story and Evolution of Doodles - G_6e786d/h1_The story behind Doodles' is visible

17-06-2024T19:02:15 - [MESSAGE][PASSED] - Object 'Object Repository/Page_The Story and Evolution of Doodles - G_6e786d/h1_The story behind Doodles' is visible

17-06-2024T19:02:15 - [TEST_STEP][PASSED] - verifyElementVisible(findTestObject("Object Repository/Page_The Story and Evolution of Doodles - G_6e786d/p_The first Doodle was a simple out-of-offi_345e61")): Object 'Object Repository/Page_The Story and Evolution of Doodles - G_6e786d/p_The first Doodle was a simple out-of-offi_345e61' is visible

17-06-2024T19:02:15 - [MESSAGE][PASSED] - Object 'Object Repository/Page_The Story and Evolution of Doodles - G_6e786d/p_The first Doodle was a simple out-of-offi_345e61' is visible

17-06-2024T19:02:15 - [TEST_STEP][PASSED] - verifyElementVisible(findTestObject("Object Repository/Page_The Story and Evolution of Doodles - G_6e786d/h2_Weve created more than 5,000 Doodles ove_111429")): Object 'Object Repository/Page_The Story and Evolution of Doodles - G_6e786d/h2_Weve created more than 5,000 Doodles ove_111429' is visible

17-06-2024T19:02:16 - [MESSAGE][PASSED] - Object 'Object Repository/Page_The Story and Evolution of Doodles - G_6e786d/h2_Weve created more than 5,000 Doodles ove_111429' is visible

17-06-2024T19:02:16 - [TEST_STEP][PASSED] - click(findTestObject("Object Repository/Page_The Story and Evolution of Doodles - G_6e786d/p_The first Doodle was a simple out-of-offi_345e61")): Object: 'Object Repository/Page_The Story and Evolution of Doodles - G_6e786d/p_The first Doodle was a simple out-of-offi_345e61' is clicked on

17-06-2024T19:02:16 - [MESSAGE][PASSED] - Object: 'Object Repository/Page_The Story and Evolution of Doodles - G_6e786d/p_The first Doodle was a simple out-of-offi_345e61' is clicked on

17-06-2024T19:02:16 - [TEST_STEP][PASSED] - verifyElementVisible(findTestObject("Object Repository/Page_The Story and Evolution of Doodles - G_6e786d/h1_The story behind Doodles")): Object 'Object Repository/Page_The Story and Evolution of Doodles - G_6e786d/h1_The story behind Doodles' is visible

17-06-2024T19:02:16 - [MESSAGE][PASSED] - Object 'Object Repository/Page_The Story and Evolution of Doodles - G_6e786d/h1_The story behind Doodles' is visible

17-06-2024T19:02:16 - [TEST_STEP][PASSED] - verifyElementVisible(findTestObject("Object Repository/Page_The Story and Evolution of Doodles - G_6e786d/p_The first Doodle was a simple out-of-offi_345e61")): Object 'Object Repository/Page_The Story and Evolution of Doodles - G_6e786d/p_The first Doodle was a simple out-of-offi_345e61' is visible

17-06-2024T19:02:17 - [MESSAGE][PASSED] - Object 'Object Repository/Page_The Story and Evolution of Doodles - G_6e786d/p_The first Doodle was a simple out-of-offi_345e61' is visible

17-06-2024T19:02:17 - [TEST_STEP][PASSED] - verifyElementVisible(findTestObject("Object Repository/Page_The Story and Evolution of Doodles - G_6e786d/h2_Weve created more than 5,000 Doodles ove_111429")): Object 'Object Repository/Page_The Story and Evolution of Doodles - G_6e786d/h2_Weve created more than 5,000 Doodles ove_111429' is visible

17-06-2024T19:02:17 - [MESSAGE][PASSED] - Object 'Object Repository/Page_The Story and Evolution of Doodles - G_6e786d/h2_Weve created more than 5,000 Doodles ove_111429' is visible

17-06-2024T19:02:17 - [TEST_STEP][PASSED] - click(findTestObject("Object Repository/Page_The Story and Evolution of Doodles - G_6e786d/p_The first Doodle was a simple out-of-offi_345e61")): Object: 'Object Repository/Page_The Story and Evolution of Doodles - G_6e786d/p_The first Doodle was a simple out-of-offi_345e61' is clicked on

17-06-2024T19:02:17 - [MESSAGE][PASSED] - Object: 'Object Repository/Page_The Story and Evolution of Doodles - G_6e786d/p_The first Doodle was a simple out-of-offi_345e61' is clicked on

17-06-2024T19:02:17 - [TEST_STEP][PASSED] - verifyElementVisible(findTestObject("Object Repository/Page_The Story and Evolution of Doodles - G_6e786d/h1_The story behind Doodles")): Object 'Object Repository/Page_The Story and Evolution of Doodles - G_6e786d/h1_The story behind Doodles' is visible

17-06-2024T19:02:18 - [MESSAGE][PASSED] - Object 'Object Repository/Page_The Story and Evolution of Doodles - G_6e786d/h1_The story behind Doodles' is visible

17-06-2024T19:02:18 - [TEST_STEP][PASSED] - verifyElementVisible(findTestObject("Object Repository/Page_The Story and Evolution of Doodles - G_6e786d/p_The first Doodle was a simple out-of-offi_345e61")): Object 'Object Repository/Page_The Story and Evolution of Doodles - G_6e786d/p_The first Doodle was a simple out-of-offi_345e61' is visible

17-06-2024T19:02:18 - [MESSAGE][PASSED] - Object 'Object Repository/Page_The Story and Evolution of Doodles - G_6e786d/p_The first Doodle was a simple out-of-offi_345e61' is visible

17-06-2024T19:02:18 - [TEST_STEP][PASSED] - verifyElementVisible(findTestObject("Object Repository/Page_The Story and Evolution of Doodles - G_6e786d/h2_Weve created more than 5,000 Doodles ove_111429")): Object 'Object Repository/Page_The Story and Evolution of Doodles - G_6e786d/h2_Weve created more than 5,000 Doodles ove_111429' is visible

17-06-2024T19:02:18 - [MESSAGE][PASSED] - Object 'Object Repository/Page_The Story and Evolution of Doodles - G_6e786d/h2_Weve created more than 5,000 Doodles ove_111429' is visible

17-06-2024T19:02:18 - [TEST_STEP][PASSED] - click(findTestObject("Object Repository/Page_The Story and Evolution of Doodles - G_6e786d/p_The first Doodle was a simple out-of-offi_345e61")): Object: 'Object Repository/Page_The Story and Evolution of Doodles - G_6e786d/p_The first Doodle was a simple out-of-offi_345e61' is clicked on

17-06-2024T19:02:19 - [MESSAGE][PASSED] - Object: 'Object Repository/Page_The Story and Evolution of Doodles - G_6e786d/p_The first Doodle was a simple out-of-offi_345e61' is clicked on

17-06-2024T19:02:19 - [TEST_STEP][PASSED] - verifyElementVisible(findTestObject("Object Repository/Page_The Story and Evolution of Doodles - G_6e786d/h1_The story behind Doodles")): Object 'Object Repository/Page_The Story and Evolution of Doodles - G_6e786d/h1_The story behind Doodles' is visible

17-06-2024T19:02:19 - [MESSAGE][PASSED] - Object 'Object Repository/Page_The Story and Evolution of Doodles - G_6e786d/h1_The story behind Doodles' is visible

17-06-2024T19:02:19 - [TEST_STEP][PASSED] - verifyElementVisible(findTestObject("Object Repository/Page_The Story and Evolution of Doodles - G_6e786d/p_The first Doodle was a simple out-of-offi_345e61")): Object 'Object Repository/Page_The Story and Evolution of Doodles - G_6e786d/p_The first Doodle was a simple out-of-offi_345e61' is visible

17-06-2024T19:02:19 - [MESSAGE][PASSED] - Object 'Object Repository/Page_The Story and Evolution of Doodles - G_6e786d/p_The first Doodle was a simple out-of-offi_345e61' is visible

17-06-2024T19:02:19 - [TEST_STEP][PASSED] - verifyElementVisible(findTestObject("Object Repository/Page_The Story and Evolution of Doodles - G_6e786d/h2_Weve created more than 5,000 Doodles ove_111429")): Object 'Object Repository/Page_The Story and Evolution of Doodles - G_6e786d/h2_Weve created more than 5,000 Doodles ove_111429' is visible

17-06-2024T19:02:20 - [MESSAGE][PASSED] - Object 'Object Repository/Page_The Story and Evolution of Doodles - G_6e786d/h2_Weve created more than 5,000 Doodles ove_111429' is visible

17-06-2024T19:02:20 - [TEST_STEP][PASSED] - click(findTestObject("Object Repository/Page_The Story and Evolution of Doodles - G_6e786d/p_The first Doodle was a simple out-of-offi_345e61")): Object: 'Object Repository/Page_The Story and Evolution of Doodles - G_6e786d/p_The first Doodle was a simple out-of-offi_345e61' is clicked on

17-06-2024T19:02:20 - [MESSAGE][PASSED] - Object: 'Object Repository/Page_The Story and Evolution of Doodles - G_6e786d/p_The first Doodle was a simple out-of-offi_345e61' is clicked on

17-06-2024T19:02:20 - [TEST_STEP][PASSED] - verifyElementVisible(findTestObject("Object Repository/Page_The Story and Evolution of Doodles - G_6e786d/h1_The story behind Doodles")): Object 'Object Repository/Page_The Story and Evolution of Doodles - G_6e786d/h1_The story behind Doodles' is visible

17-06-2024T19:02:20 - [MESSAGE][PASSED] - Object 'Object Repository/Page_The Story and Evolution of Doodles - G_6e786d/h1_The story behind Doodles' is visible

17-06-2024T19:02:20 - [TEST_STEP][PASSED] - verifyElementVisible(findTestObject("Object Repository/Page_The Story and Evolution of Doodles - G_6e786d/p_The first Doodle was a simple out-of-offi_345e61")): Object 'Object Repository/Page_The Story and Evolution of Doodles - G_6e786d/p_The first Doodle was a simple out-of-offi_345e61' is visible

17-06-2024T19:02:21 - [MESSAGE][PASSED] - Object 'Object Repository/Page_The Story and Evolution of Doodles - G_6e786d/p_The first Doodle was a simple out-of-offi_345e61' is visible

17-06-2024T19:02:21 - [TEST_STEP][PASSED] - verifyElementVisible(findTestObject("Object Repository/Page_The Story and Evolution of Doodles - G_6e786d/h2_Weve created more than 5,000 Doodles ove_111429")): Object 'Object Repository/Page_The Story and Evolution of Doodles - G_6e786d/h2_Weve created more than 5,000 Doodles ove_111429' is visible

17-06-2024T19:02:21 - [MESSAGE][PASSED] - Object 'Object Repository/Page_The Story and Evolution of Doodles - G_6e786d/h2_Weve created more than 5,000 Doodles ove_111429' is visible

17-06-2024T19:02:21 - [TEST_STEP][PASSED] - click(findTestObject("Object Repository/Page_The Story and Evolution of Doodles - G_6e786d/p_The first Doodle was a simple out-of-offi_345e61")): Object: 'Object Repository/Page_The Story and Evolution of Doodles - G_6e786d/p_The first Doodle was a simple out-of-offi_345e61' is clicked on

17-06-2024T19:02:21 - [MESSAGE][PASSED] - Object: 'Object Repository/Page_The Story and Evolution of Doodles - G_6e786d/p_The first Doodle was a simple out-of-offi_345e61' is clicked on

17-06-2024T19:02:21 - [TEST_STEP][PASSED] - verifyElementVisible(findTestObject("Object Repository/Page_The Story and Evolution of Doodles - G_6e786d/h1_The story behind Doodles")): Object 'Object Repository/Page_The Story and Evolution of Doodles - G_6e786d/h1_The story behind Doodles' is visible

17-06-2024T19:02:22 - [MESSAGE][PASSED] - Object 'Object Repository/Page_The Story and Evolution of Doodles - G_6e786d/h1_The story behind Doodles' is visible

17-06-2024T19:02:22 - [TEST_STEP][PASSED] - verifyElementVisible(findTestObject("Object Repository/Page_The Story and Evolution of Doodles - G_6e786d/p_The first Doodle was a simple out-of-offi_345e61")): Object 'Object Repository/Page_The Story and Evolution of Doodles - G_6e786d/p_The first Doodle was a simple out-of-offi_345e61' is visible

17-06-2024T19:02:22 - [MESSAGE][PASSED] - Object 'Object Repository/Page_The Story and Evolution of Doodles - G_6e786d/p_The first Doodle was a simple out-of-offi_345e61' is visible

17-06-2024T19:02:22 - [TEST_STEP][PASSED] - verifyElementVisible(findTestObject("Object Repository/Page_The Story and Evolution of Doodles - G_6e786d/h2_Weve created more than 5,000 Doodles ove_111429")): Object 'Object Repository/Page_The Story and Evolution of Doodles - G_6e786d/h2_Weve created more than 5,000 Doodles ove_111429' is visible

17-06-2024T19:02:22 - [MESSAGE][PASSED] - Object 'Object Repository/Page_The Story and Evolution of Doodles - G_6e786d/h2_Weve created more than 5,000 Doodles ove_111429' is visible

17-06-2024T19:02:22 - [TEST_STEP][PASSED] - click(findTestObject("Object Repository/Page_The Story and Evolution of Doodles - G_6e786d/p_The first Doodle was a simple out-of-offi_345e61")): Object: 'Object Repository/Page_The Story and Evolution of Doodles - G_6e786d/p_The first Doodle was a simple out-of-offi_345e61' is clicked on

17-06-2024T19:02:23 - [MESSAGE][PASSED] - Object: 'Object Repository/Page_The Story and Evolution of Doodles - G_6e786d/p_The first Doodle was a simple out-of-offi_345e61' is clicked on

17-06-2024T19:02:23 - [TEST_STEP][PASSED] - verifyElementVisible(findTestObject("Object Repository/Page_The Story and Evolution of Doodles - G_6e786d/h1_The story behind Doodles")): Object 'Object Repository/Page_The Story and Evolution of Doodles - G_6e786d/h1_The story behind Doodles' is visible

17-06-2024T19:02:23 - [MESSAGE][PASSED] - Object 'Object Repository/Page_The Story and Evolution of Doodles - G_6e786d/h1_The story behind Doodles' is visible

17-06-2024T19:02:23 - [TEST_STEP][PASSED] - verifyElementVisible(findTestObject("Object Repository/Page_The Story and Evolution of Doodles - G_6e786d/p_The first Doodle was a simple out-of-offi_345e61")): Object 'Object Repository/Page_The Story and Evolution of Doodles - G_6e786d/p_The first Doodle was a simple out-of-offi_345e61' is visible

17-06-2024T19:02:23 - [MESSAGE][PASSED] - Object 'Object Repository/Page_The Story and Evolution of Doodles - G_6e786d/p_The first Doodle was a simple out-of-offi_345e61' is visible

17-06-2024T19:02:23 - [TEST_STEP][PASSED] - verifyElementVisible(findTestObject("Object Repository/Page_The Story and Evolution of Doodles - G_6e786d/h2_Weve created more than 5,000 Doodles ove_111429")): Object 'Object Repository/Page_The Story and Evolution of Doodles - G_6e786d/h2_Weve created more than 5,000 Doodles ove_111429' is visible

17-06-2024T19:02:24 - [MESSAGE][PASSED] - Object 'Object Repository/Page_The Story and Evolution of Doodles - G_6e786d/h2_Weve created more than 5,000 Doodles ove_111429' is visible

17-06-2024T19:02:24 - [TEST_STEP][PASSED] - click(findTestObject("Object Repository/Page_The Story and Evolution of Doodles - G_6e786d/p_The first Doodle was a simple out-of-offi_345e61")): Object: 'Object Repository/Page_The Story and Evolution of Doodles - G_6e786d/p_The first Doodle was a simple out-of-offi_345e61' is clicked on

17-06-2024T19:02:24 - [MESSAGE][PASSED] - Object: 'Object Repository/Page_The Story and Evolution of Doodles - G_6e786d/p_The first Doodle was a simple out-of-offi_345e61' is clicked on

17-06-2024T19:02:24 - [TEST_STEP][PASSED] - verifyElementVisible(findTestObject("Object Repository/Page_The Story and Evolution of Doodles - G_6e786d/h1_The story behind Doodles")): Object 'Object Repository/Page_The Story and Evolution of Doodles - G_6e786d/h1_The story behind Doodles' is visible

17-06-2024T19:02:24 - [MESSAGE][PASSED] - Object 'Object Repository/Page_The Story and Evolution of Doodles - G_6e786d/h1_The story behind Doodles' is visible

17-06-2024T19:02:24 - [TEST_STEP][PASSED] - verifyElementVisible(findTestObject("Object Repository/Page_The Story and Evolution of Doodles - G_6e786d/p_The first Doodle was a simple out-of-offi_345e61")): Object 'Object Repository/Page_The Story and Evolution of Doodles - G_6e786d/p_The first Doodle was a simple out-of-offi_345e61' is visible

17-06-2024T19:02:25 - [MESSAGE][PASSED] - Object 'Object Repository/Page_The Story and Evolution of Doodles - G_6e786d/p_The first Doodle was a simple out-of-offi_345e61' is visible

17-06-2024T19:02:25 - [TEST_STEP][PASSED] - verifyElementVisible(findTestObject("Object Repository/Page_The Story and Evolution of Doodles - G_6e786d/h2_Weve created more than 5,000 Doodles ove_111429")): Object 'Object Repository/Page_The Story and Evolution of Doodles - G_6e786d/h2_Weve created more than 5,000 Doodles ove_111429' is visible

17-06-2024T19:02:25 - [MESSAGE][PASSED] - Object 'Object Repository/Page_The Story and Evolution of Doodles - G_6e786d/h2_Weve created more than 5,000 Doodles ove_111429' is visible]]></system-out>
         <system-err><![CDATA[]]></system-err>
      </testcase>
      <testcase name="Test Cases/test case folder 1/tc1 - Copy - Copy" time="18.99" classname="Test Cases/test case folder 1/tc1 - Copy - Copy" status="PASSED">
         <system-out><![CDATA[17-06-2024T19:02:25 - [TEST_CASE][PASSED] - Test Cases/test case folder 1/tc1 - Copy - Copy: Test Cases/test case folder 1/tc1 - Copy - Copy

17-06-2024T19:02:25 - [TEST_STEP][PASSED] - openBrowser(""): Browser is opened with url: ''

17-06-2024T19:02:25 - [MESSAGE][WARNING] - A browser is already opened. Closing browser and opening a new one

17-06-2024T19:02:26 - [MESSAGE][INFO] - Starting 'Chrome (headless)' driver

17-06-2024T19:02:26 - [MESSAGE][INFO] - Action delay is set to 0 milliseconds

17-06-2024T19:02:26 - [MESSAGE][PASSED] - Browser is opened with url: ''

17-06-2024T19:02:26 - [TEST_STEP][PASSED] - navigateToUrl("https://doodles.google/about/"): Navigate to 'https://doodles.google/about/' successfully

17-06-2024T19:02:29 - [MESSAGE][PASSED] - Navigate to 'https://doodles.google/about/' successfully

17-06-2024T19:02:29 - [TEST_STEP][PASSED] - click(findTestObject("Object Repository/Page_The Story and Evolution of Doodles - G_6e786d/p_The first Doodle was a simple out-of-offi_345e61")): Object: 'Object Repository/Page_The Story and Evolution of Doodles - G_6e786d/p_The first Doodle was a simple out-of-offi_345e61' is clicked on

17-06-2024T19:02:29 - [MESSAGE][PASSED] - Object: 'Object Repository/Page_The Story and Evolution of Doodles - G_6e786d/p_The first Doodle was a simple out-of-offi_345e61' is clicked on

17-06-2024T19:02:29 - [TEST_STEP][PASSED] - click(findTestObject("Object Repository/Page_The Story and Evolution of Doodles - G_6e786d/p_The first Doodle was a simple out-of-offi_345e61")): Object: 'Object Repository/Page_The Story and Evolution of Doodles - G_6e786d/p_The first Doodle was a simple out-of-offi_345e61' is clicked on

17-06-2024T19:02:30 - [MESSAGE][PASSED] - Object: 'Object Repository/Page_The Story and Evolution of Doodles - G_6e786d/p_The first Doodle was a simple out-of-offi_345e61' is clicked on

17-06-2024T19:02:30 - [TEST_STEP][PASSED] - verifyElementVisible(findTestObject("Object Repository/Page_The Story and Evolution of Doodles - G_6e786d/h1_The story behind Doodles")): Object 'Object Repository/Page_The Story and Evolution of Doodles - G_6e786d/h1_The story behind Doodles' is visible

17-06-2024T19:02:30 - [MESSAGE][PASSED] - Object 'Object Repository/Page_The Story and Evolution of Doodles - G_6e786d/h1_The story behind Doodles' is visible

17-06-2024T19:02:30 - [TEST_STEP][PASSED] - verifyElementVisible(findTestObject("Object Repository/Page_The Story and Evolution of Doodles - G_6e786d/p_The first Doodle was a simple out-of-offi_345e61")): Object 'Object Repository/Page_The Story and Evolution of Doodles - G_6e786d/p_The first Doodle was a simple out-of-offi_345e61' is visible

17-06-2024T19:02:31 - [MESSAGE][PASSED] - Object 'Object Repository/Page_The Story and Evolution of Doodles - G_6e786d/p_The first Doodle was a simple out-of-offi_345e61' is visible

17-06-2024T19:02:31 - [TEST_STEP][PASSED] - verifyElementVisible(findTestObject("Object Repository/Page_The Story and Evolution of Doodles - G_6e786d/h2_Weve created more than 5,000 Doodles ove_111429")): Object 'Object Repository/Page_The Story and Evolution of Doodles - G_6e786d/h2_Weve created more than 5,000 Doodles ove_111429' is visible

17-06-2024T19:02:31 - [MESSAGE][PASSED] - Object 'Object Repository/Page_The Story and Evolution of Doodles - G_6e786d/h2_Weve created more than 5,000 Doodles ove_111429' is visible

17-06-2024T19:02:31 - [TEST_STEP][PASSED] - verifyElementVisible(findTestObject("Object Repository/Page_The Story and Evolution of Doodles - G_6e786d/h1_The story behind Doodles")): Object 'Object Repository/Page_The Story and Evolution of Doodles - G_6e786d/h1_The story behind Doodles' is visible

17-06-2024T19:02:31 - [MESSAGE][PASSED] - Object 'Object Repository/Page_The Story and Evolution of Doodles - G_6e786d/h1_The story behind Doodles' is visible

17-06-2024T19:02:31 - [TEST_STEP][PASSED] - verifyElementVisible(findTestObject("Object Repository/Page_The Story and Evolution of Doodles - G_6e786d/p_The first Doodle was a simple out-of-offi_345e61")): Object 'Object Repository/Page_The Story and Evolution of Doodles - G_6e786d/p_The first Doodle was a simple out-of-offi_345e61' is visible

17-06-2024T19:02:31 - [MESSAGE][PASSED] - Object 'Object Repository/Page_The Story and Evolution of Doodles - G_6e786d/p_The first Doodle was a simple out-of-offi_345e61' is visible

17-06-2024T19:02:31 - [TEST_STEP][PASSED] - verifyElementVisible(findTestObject("Object Repository/Page_The Story and Evolution of Doodles - G_6e786d/h2_Weve created more than 5,000 Doodles ove_111429")): Object 'Object Repository/Page_The Story and Evolution of Doodles - G_6e786d/h2_Weve created more than 5,000 Doodles ove_111429' is visible

17-06-2024T19:02:32 - [MESSAGE][PASSED] - Object 'Object Repository/Page_The Story and Evolution of Doodles - G_6e786d/h2_Weve created more than 5,000 Doodles ove_111429' is visible

17-06-2024T19:02:32 - [TEST_STEP][PASSED] - click(findTestObject("Object Repository/Page_The Story and Evolution of Doodles - G_6e786d/p_The first Doodle was a simple out-of-offi_345e61")): Object: 'Object Repository/Page_The Story and Evolution of Doodles - G_6e786d/p_The first Doodle was a simple out-of-offi_345e61' is clicked on

17-06-2024T19:02:32 - [MESSAGE][PASSED] - Object: 'Object Repository/Page_The Story and Evolution of Doodles - G_6e786d/p_The first Doodle was a simple out-of-offi_345e61' is clicked on

17-06-2024T19:02:32 - [TEST_STEP][PASSED] - verifyElementVisible(findTestObject("Object Repository/Page_The Story and Evolution of Doodles - G_6e786d/h1_The story behind Doodles")): Object 'Object Repository/Page_The Story and Evolution of Doodles - G_6e786d/h1_The story behind Doodles' is visible

17-06-2024T19:02:33 - [MESSAGE][PASSED] - Object 'Object Repository/Page_The Story and Evolution of Doodles - G_6e786d/h1_The story behind Doodles' is visible

17-06-2024T19:02:33 - [TEST_STEP][PASSED] - verifyElementVisible(findTestObject("Object Repository/Page_The Story and Evolution of Doodles - G_6e786d/p_The first Doodle was a simple out-of-offi_345e61")): Object 'Object Repository/Page_The Story and Evolution of Doodles - G_6e786d/p_The first Doodle was a simple out-of-offi_345e61' is visible

17-06-2024T19:02:33 - [MESSAGE][PASSED] - Object 'Object Repository/Page_The Story and Evolution of Doodles - G_6e786d/p_The first Doodle was a simple out-of-offi_345e61' is visible

17-06-2024T19:02:33 - [TEST_STEP][PASSED] - verifyElementVisible(findTestObject("Object Repository/Page_The Story and Evolution of Doodles - G_6e786d/h2_Weve created more than 5,000 Doodles ove_111429")): Object 'Object Repository/Page_The Story and Evolution of Doodles - G_6e786d/h2_Weve created more than 5,000 Doodles ove_111429' is visible

17-06-2024T19:02:33 - [MESSAGE][PASSED] - Object 'Object Repository/Page_The Story and Evolution of Doodles - G_6e786d/h2_Weve created more than 5,000 Doodles ove_111429' is visible

17-06-2024T19:02:33 - [TEST_STEP][PASSED] - click(findTestObject("Object Repository/Page_The Story and Evolution of Doodles - G_6e786d/p_The first Doodle was a simple out-of-offi_345e61")): Object: 'Object Repository/Page_The Story and Evolution of Doodles - G_6e786d/p_The first Doodle was a simple out-of-offi_345e61' is clicked on

17-06-2024T19:02:34 - [MESSAGE][PASSED] - Object: 'Object Repository/Page_The Story and Evolution of Doodles - G_6e786d/p_The first Doodle was a simple out-of-offi_345e61' is clicked on

17-06-2024T19:02:34 - [TEST_STEP][PASSED] - verifyElementVisible(findTestObject("Object Repository/Page_The Story and Evolution of Doodles - G_6e786d/h1_The story behind Doodles")): Object 'Object Repository/Page_The Story and Evolution of Doodles - G_6e786d/h1_The story behind Doodles' is visible

17-06-2024T19:02:34 - [MESSAGE][PASSED] - Object 'Object Repository/Page_The Story and Evolution of Doodles - G_6e786d/h1_The story behind Doodles' is visible

17-06-2024T19:02:34 - [TEST_STEP][PASSED] - verifyElementVisible(findTestObject("Object Repository/Page_The Story and Evolution of Doodles - G_6e786d/p_The first Doodle was a simple out-of-offi_345e61")): Object 'Object Repository/Page_The Story and Evolution of Doodles - G_6e786d/p_The first Doodle was a simple out-of-offi_345e61' is visible

17-06-2024T19:02:34 - [MESSAGE][PASSED] - Object 'Object Repository/Page_The Story and Evolution of Doodles - G_6e786d/p_The first Doodle was a simple out-of-offi_345e61' is visible

17-06-2024T19:02:34 - [TEST_STEP][PASSED] - verifyElementVisible(findTestObject("Object Repository/Page_The Story and Evolution of Doodles - G_6e786d/h2_Weve created more than 5,000 Doodles ove_111429")): Object 'Object Repository/Page_The Story and Evolution of Doodles - G_6e786d/h2_Weve created more than 5,000 Doodles ove_111429' is visible

17-06-2024T19:02:35 - [MESSAGE][PASSED] - Object 'Object Repository/Page_The Story and Evolution of Doodles - G_6e786d/h2_Weve created more than 5,000 Doodles ove_111429' is visible

17-06-2024T19:02:35 - [TEST_STEP][PASSED] - click(findTestObject("Object Repository/Page_The Story and Evolution of Doodles - G_6e786d/p_The first Doodle was a simple out-of-offi_345e61")): Object: 'Object Repository/Page_The Story and Evolution of Doodles - G_6e786d/p_The first Doodle was a simple out-of-offi_345e61' is clicked on

17-06-2024T19:02:35 - [MESSAGE][PASSED] - Object: 'Object Repository/Page_The Story and Evolution of Doodles - G_6e786d/p_The first Doodle was a simple out-of-offi_345e61' is clicked on

17-06-2024T19:02:35 - [TEST_STEP][PASSED] - verifyElementVisible(findTestObject("Object Repository/Page_The Story and Evolution of Doodles - G_6e786d/h1_The story behind Doodles")): Object 'Object Repository/Page_The Story and Evolution of Doodles - G_6e786d/h1_The story behind Doodles' is visible

17-06-2024T19:02:35 - [MESSAGE][PASSED] - Object 'Object Repository/Page_The Story and Evolution of Doodles - G_6e786d/h1_The story behind Doodles' is visible

17-06-2024T19:02:35 - [TEST_STEP][PASSED] - verifyElementVisible(findTestObject("Object Repository/Page_The Story and Evolution of Doodles - G_6e786d/p_The first Doodle was a simple out-of-offi_345e61")): Object 'Object Repository/Page_The Story and Evolution of Doodles - G_6e786d/p_The first Doodle was a simple out-of-offi_345e61' is visible

17-06-2024T19:02:36 - [MESSAGE][PASSED] - Object 'Object Repository/Page_The Story and Evolution of Doodles - G_6e786d/p_The first Doodle was a simple out-of-offi_345e61' is visible

17-06-2024T19:02:36 - [TEST_STEP][PASSED] - verifyElementVisible(findTestObject("Object Repository/Page_The Story and Evolution of Doodles - G_6e786d/h2_Weve created more than 5,000 Doodles ove_111429")): Object 'Object Repository/Page_The Story and Evolution of Doodles - G_6e786d/h2_Weve created more than 5,000 Doodles ove_111429' is visible

17-06-2024T19:02:36 - [MESSAGE][PASSED] - Object 'Object Repository/Page_The Story and Evolution of Doodles - G_6e786d/h2_Weve created more than 5,000 Doodles ove_111429' is visible

17-06-2024T19:02:36 - [TEST_STEP][PASSED] - click(findTestObject("Object Repository/Page_The Story and Evolution of Doodles - G_6e786d/p_The first Doodle was a simple out-of-offi_345e61")): Object: 'Object Repository/Page_The Story and Evolution of Doodles - G_6e786d/p_The first Doodle was a simple out-of-offi_345e61' is clicked on

17-06-2024T19:02:36 - [MESSAGE][PASSED] - Object: 'Object Repository/Page_The Story and Evolution of Doodles - G_6e786d/p_The first Doodle was a simple out-of-offi_345e61' is clicked on

17-06-2024T19:02:36 - [TEST_STEP][PASSED] - verifyElementVisible(findTestObject("Object Repository/Page_The Story and Evolution of Doodles - G_6e786d/h1_The story behind Doodles")): Object 'Object Repository/Page_The Story and Evolution of Doodles - G_6e786d/h1_The story behind Doodles' is visible

17-06-2024T19:02:37 - [MESSAGE][PASSED] - Object 'Object Repository/Page_The Story and Evolution of Doodles - G_6e786d/h1_The story behind Doodles' is visible

17-06-2024T19:02:37 - [TEST_STEP][PASSED] - verifyElementVisible(findTestObject("Object Repository/Page_The Story and Evolution of Doodles - G_6e786d/p_The first Doodle was a simple out-of-offi_345e61")): Object 'Object Repository/Page_The Story and Evolution of Doodles - G_6e786d/p_The first Doodle was a simple out-of-offi_345e61' is visible

17-06-2024T19:02:37 - [MESSAGE][PASSED] - Object 'Object Repository/Page_The Story and Evolution of Doodles - G_6e786d/p_The first Doodle was a simple out-of-offi_345e61' is visible

17-06-2024T19:02:37 - [TEST_STEP][PASSED] - verifyElementVisible(findTestObject("Object Repository/Page_The Story and Evolution of Doodles - G_6e786d/h2_Weve created more than 5,000 Doodles ove_111429")): Object 'Object Repository/Page_The Story and Evolution of Doodles - G_6e786d/h2_Weve created more than 5,000 Doodles ove_111429' is visible

17-06-2024T19:02:37 - [MESSAGE][PASSED] - Object 'Object Repository/Page_The Story and Evolution of Doodles - G_6e786d/h2_Weve created more than 5,000 Doodles ove_111429' is visible

17-06-2024T19:02:37 - [TEST_STEP][PASSED] - click(findTestObject("Object Repository/Page_The Story and Evolution of Doodles - G_6e786d/p_The first Doodle was a simple out-of-offi_345e61")): Object: 'Object Repository/Page_The Story and Evolution of Doodles - G_6e786d/p_The first Doodle was a simple out-of-offi_345e61' is clicked on

17-06-2024T19:02:37 - [MESSAGE][PASSED] - Object: 'Object Repository/Page_The Story and Evolution of Doodles - G_6e786d/p_The first Doodle was a simple out-of-offi_345e61' is clicked on

17-06-2024T19:02:37 - [TEST_STEP][PASSED] - verifyElementVisible(findTestObject("Object Repository/Page_The Story and Evolution of Doodles - G_6e786d/h1_The story behind Doodles")): Object 'Object Repository/Page_The Story and Evolution of Doodles - G_6e786d/h1_The story behind Doodles' is visible

17-06-2024T19:02:38 - [MESSAGE][PASSED] - Object 'Object Repository/Page_The Story and Evolution of Doodles - G_6e786d/h1_The story behind Doodles' is visible

17-06-2024T19:02:38 - [TEST_STEP][PASSED] - verifyElementVisible(findTestObject("Object Repository/Page_The Story and Evolution of Doodles - G_6e786d/p_The first Doodle was a simple out-of-offi_345e61")): Object 'Object Repository/Page_The Story and Evolution of Doodles - G_6e786d/p_The first Doodle was a simple out-of-offi_345e61' is visible

17-06-2024T19:02:38 - [MESSAGE][PASSED] - Object 'Object Repository/Page_The Story and Evolution of Doodles - G_6e786d/p_The first Doodle was a simple out-of-offi_345e61' is visible

17-06-2024T19:02:38 - [TEST_STEP][PASSED] - verifyElementVisible(findTestObject("Object Repository/Page_The Story and Evolution of Doodles - G_6e786d/h2_Weve created more than 5,000 Doodles ove_111429")): Object 'Object Repository/Page_The Story and Evolution of Doodles - G_6e786d/h2_Weve created more than 5,000 Doodles ove_111429' is visible

17-06-2024T19:02:38 - [MESSAGE][PASSED] - Object 'Object Repository/Page_The Story and Evolution of Doodles - G_6e786d/h2_Weve created more than 5,000 Doodles ove_111429' is visible

17-06-2024T19:02:38 - [TEST_STEP][PASSED] - click(findTestObject("Object Repository/Page_The Story and Evolution of Doodles - G_6e786d/p_The first Doodle was a simple out-of-offi_345e61")): Object: 'Object Repository/Page_The Story and Evolution of Doodles - G_6e786d/p_The first Doodle was a simple out-of-offi_345e61' is clicked on

17-06-2024T19:02:39 - [MESSAGE][PASSED] - Object: 'Object Repository/Page_The Story and Evolution of Doodles - G_6e786d/p_The first Doodle was a simple out-of-offi_345e61' is clicked on

17-06-2024T19:02:39 - [TEST_STEP][PASSED] - verifyElementVisible(findTestObject("Object Repository/Page_The Story and Evolution of Doodles - G_6e786d/h1_The story behind Doodles")): Object 'Object Repository/Page_The Story and Evolution of Doodles - G_6e786d/h1_The story behind Doodles' is visible

17-06-2024T19:02:39 - [MESSAGE][PASSED] - Object 'Object Repository/Page_The Story and Evolution of Doodles - G_6e786d/h1_The story behind Doodles' is visible

17-06-2024T19:02:39 - [TEST_STEP][PASSED] - verifyElementVisible(findTestObject("Object Repository/Page_The Story and Evolution of Doodles - G_6e786d/p_The first Doodle was a simple out-of-offi_345e61")): Object 'Object Repository/Page_The Story and Evolution of Doodles - G_6e786d/p_The first Doodle was a simple out-of-offi_345e61' is visible

17-06-2024T19:02:40 - [MESSAGE][PASSED] - Object 'Object Repository/Page_The Story and Evolution of Doodles - G_6e786d/p_The first Doodle was a simple out-of-offi_345e61' is visible

17-06-2024T19:02:40 - [TEST_STEP][PASSED] - verifyElementVisible(findTestObject("Object Repository/Page_The Story and Evolution of Doodles - G_6e786d/h2_Weve created more than 5,000 Doodles ove_111429")): Object 'Object Repository/Page_The Story and Evolution of Doodles - G_6e786d/h2_Weve created more than 5,000 Doodles ove_111429' is visible

17-06-2024T19:02:40 - [MESSAGE][PASSED] - Object 'Object Repository/Page_The Story and Evolution of Doodles - G_6e786d/h2_Weve created more than 5,000 Doodles ove_111429' is visible

17-06-2024T19:02:40 - [TEST_STEP][PASSED] - click(findTestObject("Object Repository/Page_The Story and Evolution of Doodles - G_6e786d/p_The first Doodle was a simple out-of-offi_345e61")): Object: 'Object Repository/Page_The Story and Evolution of Doodles - G_6e786d/p_The first Doodle was a simple out-of-offi_345e61' is clicked on

17-06-2024T19:02:40 - [MESSAGE][PASSED] - Object: 'Object Repository/Page_The Story and Evolution of Doodles - G_6e786d/p_The first Doodle was a simple out-of-offi_345e61' is clicked on

17-06-2024T19:02:40 - [TEST_STEP][PASSED] - verifyElementVisible(findTestObject("Object Repository/Page_The Story and Evolution of Doodles - G_6e786d/h1_The story behind Doodles")): Object 'Object Repository/Page_The Story and Evolution of Doodles - G_6e786d/h1_The story behind Doodles' is visible

17-06-2024T19:02:41 - [MESSAGE][PASSED] - Object 'Object Repository/Page_The Story and Evolution of Doodles - G_6e786d/h1_The story behind Doodles' is visible

17-06-2024T19:02:41 - [TEST_STEP][PASSED] - verifyElementVisible(findTestObject("Object Repository/Page_The Story and Evolution of Doodles - G_6e786d/p_The first Doodle was a simple out-of-offi_345e61")): Object 'Object Repository/Page_The Story and Evolution of Doodles - G_6e786d/p_The first Doodle was a simple out-of-offi_345e61' is visible

17-06-2024T19:02:41 - [MESSAGE][PASSED] - Object 'Object Repository/Page_The Story and Evolution of Doodles - G_6e786d/p_The first Doodle was a simple out-of-offi_345e61' is visible

17-06-2024T19:02:41 - [TEST_STEP][PASSED] - verifyElementVisible(findTestObject("Object Repository/Page_The Story and Evolution of Doodles - G_6e786d/h2_Weve created more than 5,000 Doodles ove_111429")): Object 'Object Repository/Page_The Story and Evolution of Doodles - G_6e786d/h2_Weve created more than 5,000 Doodles ove_111429' is visible

17-06-2024T19:02:41 - [MESSAGE][PASSED] - Object 'Object Repository/Page_The Story and Evolution of Doodles - G_6e786d/h2_Weve created more than 5,000 Doodles ove_111429' is visible

17-06-2024T19:02:41 - [TEST_STEP][PASSED] - click(findTestObject("Object Repository/Page_The Story and Evolution of Doodles - G_6e786d/p_The first Doodle was a simple out-of-offi_345e61")): Object: 'Object Repository/Page_The Story and Evolution of Doodles - G_6e786d/p_The first Doodle was a simple out-of-offi_345e61' is clicked on

17-06-2024T19:02:42 - [MESSAGE][PASSED] - Object: 'Object Repository/Page_The Story and Evolution of Doodles - G_6e786d/p_The first Doodle was a simple out-of-offi_345e61' is clicked on

17-06-2024T19:02:42 - [TEST_STEP][PASSED] - verifyElementVisible(findTestObject("Object Repository/Page_The Story and Evolution of Doodles - G_6e786d/h1_The story behind Doodles")): Object 'Object Repository/Page_The Story and Evolution of Doodles - G_6e786d/h1_The story behind Doodles' is visible

17-06-2024T19:02:42 - [MESSAGE][PASSED] - Object 'Object Repository/Page_The Story and Evolution of Doodles - G_6e786d/h1_The story behind Doodles' is visible

17-06-2024T19:02:42 - [TEST_STEP][PASSED] - verifyElementVisible(findTestObject("Object Repository/Page_The Story and Evolution of Doodles - G_6e786d/p_The first Doodle was a simple out-of-offi_345e61")): Object 'Object Repository/Page_The Story and Evolution of Doodles - G_6e786d/p_The first Doodle was a simple out-of-offi_345e61' is visible

17-06-2024T19:02:42 - [MESSAGE][PASSED] - Object 'Object Repository/Page_The Story and Evolution of Doodles - G_6e786d/p_The first Doodle was a simple out-of-offi_345e61' is visible

17-06-2024T19:02:42 - [TEST_STEP][PASSED] - verifyElementVisible(findTestObject("Object Repository/Page_The Story and Evolution of Doodles - G_6e786d/h2_Weve created more than 5,000 Doodles ove_111429")): Object 'Object Repository/Page_The Story and Evolution of Doodles - G_6e786d/h2_Weve created more than 5,000 Doodles ove_111429' is visible

17-06-2024T19:02:43 - [MESSAGE][PASSED] - Object 'Object Repository/Page_The Story and Evolution of Doodles - G_6e786d/h2_Weve created more than 5,000 Doodles ove_111429' is visible

17-06-2024T19:02:43 - [TEST_STEP][PASSED] - click(findTestObject("Object Repository/Page_The Story and Evolution of Doodles - G_6e786d/p_The first Doodle was a simple out-of-offi_345e61")): Object: 'Object Repository/Page_The Story and Evolution of Doodles - G_6e786d/p_The first Doodle was a simple out-of-offi_345e61' is clicked on

17-06-2024T19:02:43 - [MESSAGE][PASSED] - Object: 'Object Repository/Page_The Story and Evolution of Doodles - G_6e786d/p_The first Doodle was a simple out-of-offi_345e61' is clicked on

17-06-2024T19:02:43 - [TEST_STEP][PASSED] - verifyElementVisible(findTestObject("Object Repository/Page_The Story and Evolution of Doodles - G_6e786d/h1_The story behind Doodles")): Object 'Object Repository/Page_The Story and Evolution of Doodles - G_6e786d/h1_The story behind Doodles' is visible

17-06-2024T19:02:43 - [MESSAGE][PASSED] - Object 'Object Repository/Page_The Story and Evolution of Doodles - G_6e786d/h1_The story behind Doodles' is visible

17-06-2024T19:02:43 - [TEST_STEP][PASSED] - verifyElementVisible(findTestObject("Object Repository/Page_The Story and Evolution of Doodles - G_6e786d/p_The first Doodle was a simple out-of-offi_345e61")): Object 'Object Repository/Page_The Story and Evolution of Doodles - G_6e786d/p_The first Doodle was a simple out-of-offi_345e61' is visible

17-06-2024T19:02:44 - [MESSAGE][PASSED] - Object 'Object Repository/Page_The Story and Evolution of Doodles - G_6e786d/p_The first Doodle was a simple out-of-offi_345e61' is visible

17-06-2024T19:02:44 - [TEST_STEP][PASSED] - verifyElementVisible(findTestObject("Object Repository/Page_The Story and Evolution of Doodles - G_6e786d/h2_Weve created more than 5,000 Doodles ove_111429")): Object 'Object Repository/Page_The Story and Evolution of Doodles - G_6e786d/h2_Weve created more than 5,000 Doodles ove_111429' is visible

17-06-2024T19:02:44 - [MESSAGE][PASSED] - Object 'Object Repository/Page_The Story and Evolution of Doodles - G_6e786d/h2_Weve created more than 5,000 Doodles ove_111429' is visible]]></system-out>
         <system-err><![CDATA[]]></system-err>
      </testcase>
      <testcase name="Test Cases/google 2" time="37.96" classname="Test Cases/google 2" status="PASSED">
         <system-out><![CDATA[17-06-2024T19:02:44 - [TEST_CASE][PASSED] - Test Cases/google 2: Test Cases/google 2

17-06-2024T19:02:44 - [TEST_STEP][PASSED] - openBrowser(""): Browser is opened with url: ''

17-06-2024T19:02:44 - [MESSAGE][WARNING] - A browser is already opened. Closing browser and opening a new one

17-06-2024T19:02:45 - [MESSAGE][INFO] - Starting 'Chrome (headless)' driver

17-06-2024T19:02:45 - [MESSAGE][INFO] - Action delay is set to 0 milliseconds

17-06-2024T19:02:45 - [MESSAGE][PASSED] - Browser is opened with url: ''

17-06-2024T19:02:45 - [TEST_STEP][PASSED] - navigateToUrl("https://www.youtube.com/"): Navigate to 'https://www.youtube.com/' successfully

17-06-2024T19:02:49 - [MESSAGE][PASSED] - Navigate to 'https://www.youtube.com/' successfully

17-06-2024T19:02:49 - [TEST_STEP][PASSED] - verifyElementVisible(findTestObject("Object Repository/Page_YouTube/div")): Object 'Object Repository/Page_YouTube/div' is visible

17-06-2024T19:03:21 - [MESSAGE][INFO] - Unable to find the element located by 'By.xpath: //yt-icon[@id='guide-icon']/span/div'. Please recheck the objects properties to make sure the desired element is located. 

17-06-2024T19:03:21 - [MESSAGE][WARNING] - [SELF-HEALING] Failed to find element with id 'Object Repository/Page_YouTube/div'. Try using Self-healing.

17-06-2024T19:03:21 - [MESSAGE][INFO] - [SELF-HEALING] Failed Locator: '//yt-icon[@id='guide-icon']/span/div'.

17-06-2024T19:03:21 - [MESSAGE][INFO] - [SELF-HEALING] Working Locator: '(.//*[normalize-space(text()) and normalize-space(.)='Back'])[1]/following::div[1]'.

17-06-2024T19:03:21 - [MESSAGE][INFO] - [SELF-HEALING] Screenshot: C:/Users/SonTung/git/test/Reports/Self-healing/Object Repository/Page_YouTube/div_neighbor.png

17-06-2024T19:03:22 - [MESSAGE][WARNING] - [SELF-HEALING] The current locator of test object 'Object Repository/Page_YouTube/div' was broken. Propose an alternative one: '(.//*[normalize-space(text()) and normalize-space(.)='Back'])[1]/following::div[1]'.

17-06-2024T19:03:22 - [MESSAGE][PASSED] - Object 'Object Repository/Page_YouTube/div' is visible

17-06-2024T19:03:22 - [TEST_STEP][PASSED] - closeBrowser(): Browser is closed

17-06-2024T19:03:22 - [MESSAGE][PASSED] - Browser is closed]]></system-out>
         <system-err><![CDATA[]]></system-err>
      </testcase>
      <testcase name="Test Cases/google 3" time="3.487" classname="Test Cases/google 3" status="PASSED">
         <system-out><![CDATA[17-06-2024T19:03:22 - [TEST_CASE][PASSED] - Test Cases/google 3: Test Cases/google 3

17-06-2024T19:03:22 - [TEST_STEP][PASSED] - openBrowser(""): Browser is opened with url: ''

17-06-2024T19:03:22 - [MESSAGE][INFO] - Starting 'Chrome (headless)' driver

17-06-2024T19:03:22 - [MESSAGE][INFO] - Action delay is set to 0 milliseconds

17-06-2024T19:03:24 - [MESSAGE][PASSED] - Browser is opened with url: ''

17-06-2024T19:03:24 - [TEST_STEP][PASSED] - navigateToUrl("https://www.google.com/"): Navigate to 'https://www.google.com/' successfully

17-06-2024T19:03:25 - [MESSAGE][PASSED] - Navigate to 'https://www.google.com/' successfully

17-06-2024T19:03:25 - [TEST_STEP][PASSED] - verifyElementVisible(findTestObject("Object Repository/Page_Google/button_Khng, cm n")): Object 'Object Repository/Page_Google/button_Khng, cm n' is visible

17-06-2024T19:03:26 - [MESSAGE][PASSED] - Object 'Object Repository/Page_Google/button_Khng, cm n' is visible]]></system-out>
         <system-err><![CDATA[]]></system-err>
      </testcase>
      <testcase name="Test Cases/google" time="3.507" classname="Test Cases/google" status="PASSED">
         <system-out><![CDATA[17-06-2024T19:03:26 - [TEST_CASE][PASSED] - Test Cases/google: Test Cases/google

17-06-2024T19:03:26 - [TEST_STEP][PASSED] - openBrowser(""): Browser is opened with url: ''

17-06-2024T19:03:26 - [MESSAGE][WARNING] - A browser is already opened. Closing browser and opening a new one

17-06-2024T19:03:26 - [MESSAGE][INFO] - Starting 'Chrome (headless)' driver

17-06-2024T19:03:26 - [MESSAGE][INFO] - Action delay is set to 0 milliseconds

17-06-2024T19:03:27 - [MESSAGE][PASSED] - Browser is opened with url: ''

17-06-2024T19:03:27 - [TEST_STEP][PASSED] - navigateToUrl("https://www.google.com/"): Navigate to 'https://www.google.com/' successfully

17-06-2024T19:03:27 - [MESSAGE][PASSED] - Navigate to 'https://www.google.com/' successfully

17-06-2024T19:03:27 - [TEST_STEP][PASSED] - verifyElementVisible(findTestObject("Object Repository/Page_Google/input_Bo co cc gi  khng ph hp_btnK")): Object 'Object Repository/Page_Google/input_Bo co cc gi  khng ph hp_btnK' is visible

17-06-2024T19:03:29 - [MESSAGE][PASSED] - Object 'Object Repository/Page_Google/input_Bo co cc gi  khng ph hp_btnK' is visible]]></system-out>
         <system-err><![CDATA[]]></system-err>
      </testcase>
      <testcase name="Test Cases/New Test Case (1)" time="3.203" classname="Test Cases/New Test Case (1)" status="PASSED">
         <system-out><![CDATA[17-06-2024T19:03:29 - [TEST_CASE][PASSED] - Test Cases/New Test Case (1): Test Cases/New Test Case (1)

17-06-2024T19:03:29 - [TEST_STEP][PASSED] - openBrowser(""): Browser is opened with url: ''

17-06-2024T19:03:29 - [MESSAGE][WARNING] - A browser is already opened. Closing browser and opening a new one

17-06-2024T19:03:29 - [MESSAGE][INFO] - Starting 'Chrome (headless)' driver

17-06-2024T19:03:29 - [MESSAGE][INFO] - Action delay is set to 0 milliseconds

17-06-2024T19:03:30 - [MESSAGE][PASSED] - Browser is opened with url: ''

17-06-2024T19:03:30 - [TEST_STEP][PASSED] - navigateToUrl("https://www.google.com/"): Navigate to 'https://www.google.com/' successfully

17-06-2024T19:03:32 - [MESSAGE][PASSED] - Navigate to 'https://www.google.com/' successfully

17-06-2024T19:03:32 - [TEST_STEP][PASSED] - click(findTestObject("Object Repository/Page_Google/button_Khng, cm n")): Object: 'Object Repository/Page_Google/button_Khng, cm n' is clicked on

17-06-2024T19:03:32 - [MESSAGE][PASSED] - Object: 'Object Repository/Page_Google/button_Khng, cm n' is clicked on]]></system-out>
         <system-err><![CDATA[]]></system-err>
      </testcase>
      <testcase name="Test Cases/New Test Case (10)" time="2.488" classname="Test Cases/New Test Case (10)" status="PASSED">
         <system-out><![CDATA[17-06-2024T19:03:32 - [TEST_CASE][PASSED] - Test Cases/New Test Case (10): Test Cases/New Test Case (10)

17-06-2024T19:03:32 - [TEST_STEP][PASSED] - openBrowser(""): Browser is opened with url: ''

17-06-2024T19:03:32 - [MESSAGE][WARNING] - A browser is already opened. Closing browser and opening a new one

17-06-2024T19:03:33 - [MESSAGE][INFO] - Starting 'Chrome (headless)' driver

17-06-2024T19:03:33 - [MESSAGE][INFO] - Action delay is set to 0 milliseconds

17-06-2024T19:03:33 - [MESSAGE][PASSED] - Browser is opened with url: ''

17-06-2024T19:03:33 - [TEST_STEP][PASSED] - navigateToUrl("https://www.google.com/"): Navigate to 'https://www.google.com/' successfully

17-06-2024T19:03:35 - [MESSAGE][PASSED] - Navigate to 'https://www.google.com/' successfully]]></system-out>
         <system-err><![CDATA[]]></system-err>
      </testcase>
      <testcase name="Test Cases/New Test Case (12)" time="2.576" classname="Test Cases/New Test Case (12)" status="PASSED">
         <system-out><![CDATA[17-06-2024T19:03:35 - [TEST_CASE][PASSED] - Test Cases/New Test Case (12): Test Cases/New Test Case (12)

17-06-2024T19:03:35 - [TEST_STEP][PASSED] - openBrowser(""): Browser is opened with url: ''

17-06-2024T19:03:35 - [MESSAGE][WARNING] - A browser is already opened. Closing browser and opening a new one

17-06-2024T19:03:35 - [MESSAGE][INFO] - Starting 'Chrome (headless)' driver

17-06-2024T19:03:35 - [MESSAGE][INFO] - Action delay is set to 0 milliseconds

17-06-2024T19:03:36 - [MESSAGE][PASSED] - Browser is opened with url: ''

17-06-2024T19:03:36 - [TEST_STEP][PASSED] - navigateToUrl("https://www.google.com/"): Navigate to 'https://www.google.com/' successfully

17-06-2024T19:03:37 - [MESSAGE][PASSED] - Navigate to 'https://www.google.com/' successfully]]></system-out>
         <system-err><![CDATA[]]></system-err>
      </testcase>
      <testcase name="Test Cases/New Test Case (11)" time="2.627" classname="Test Cases/New Test Case (11)" status="PASSED">
         <system-out><![CDATA[17-06-2024T19:03:37 - [TEST_CASE][PASSED] - Test Cases/New Test Case (11): Test Cases/New Test Case (11)

17-06-2024T19:03:37 - [TEST_STEP][PASSED] - openBrowser(""): Browser is opened with url: ''

17-06-2024T19:03:37 - [MESSAGE][WARNING] - A browser is already opened. Closing browser and opening a new one

17-06-2024T19:03:38 - [MESSAGE][INFO] - Starting 'Chrome (headless)' driver

17-06-2024T19:03:38 - [MESSAGE][INFO] - Action delay is set to 0 milliseconds

17-06-2024T19:03:39 - [MESSAGE][PASSED] - Browser is opened with url: ''

17-06-2024T19:03:39 - [TEST_STEP][PASSED] - navigateToUrl("https://www.google.com/"): Navigate to 'https://www.google.com/' successfully

17-06-2024T19:03:40 - [MESSAGE][PASSED] - Navigate to 'https://www.google.com/' successfully]]></system-out>
         <system-err><![CDATA[]]></system-err>
      </testcase>
      <testcase name="Test Cases/New Test Case (13)" time="0.039" classname="Test Cases/New Test Case (13)" status="PASSED">
         <system-out><![CDATA[17-06-2024T19:03:40 - [TEST_CASE][PASSED] - Test Cases/New Test Case (13): Test Cases/New Test Case (13)

17-06-2024T19:03:40 - [TEST_STEP][PASSED] - return null: null]]></system-out>
         <system-err><![CDATA[]]></system-err>
      </testcase>
      <testcase name="Test Cases/New Test Case (15)" time="2.481" classname="Test Cases/New Test Case (15)" status="PASSED">
         <system-out><![CDATA[17-06-2024T19:03:40 - [TEST_CASE][PASSED] - Test Cases/New Test Case (15): Test Cases/New Test Case (15)

17-06-2024T19:03:40 - [TEST_STEP][PASSED] - openBrowser(""): Browser is opened with url: ''

17-06-2024T19:03:40 - [MESSAGE][WARNING] - A browser is already opened. Closing browser and opening a new one

17-06-2024T19:03:40 - [MESSAGE][INFO] - Starting 'Chrome (headless)' driver

17-06-2024T19:03:40 - [MESSAGE][INFO] - Action delay is set to 0 milliseconds

17-06-2024T19:03:41 - [MESSAGE][PASSED] - Browser is opened with url: ''

17-06-2024T19:03:41 - [TEST_STEP][PASSED] - navigateToUrl("https://www.google.com/"): Navigate to 'https://www.google.com/' successfully

17-06-2024T19:03:43 - [MESSAGE][PASSED] - Navigate to 'https://www.google.com/' successfully]]></system-out>
         <system-err><![CDATA[]]></system-err>
      </testcase>
      <testcase name="Test Cases/New Test Case (14)" time="2.929" classname="Test Cases/New Test Case (14)" status="PASSED">
         <system-out><![CDATA[17-06-2024T19:03:43 - [TEST_CASE][PASSED] - Test Cases/New Test Case (14): Test Cases/New Test Case (14)

17-06-2024T19:03:43 - [TEST_STEP][PASSED] - openBrowser(""): Browser is opened with url: ''

17-06-2024T19:03:43 - [MESSAGE][WARNING] - A browser is already opened. Closing browser and opening a new one

17-06-2024T19:03:43 - [MESSAGE][INFO] - Starting 'Chrome (headless)' driver

17-06-2024T19:03:43 - [MESSAGE][INFO] - Action delay is set to 0 milliseconds

17-06-2024T19:03:44 - [MESSAGE][PASSED] - Browser is opened with url: ''

17-06-2024T19:03:44 - [TEST_STEP][PASSED] - navigateToUrl("https://www.google.com/"): Navigate to 'https://www.google.com/' successfully

17-06-2024T19:03:45 - [MESSAGE][PASSED] - Navigate to 'https://www.google.com/' successfully]]></system-out>
         <system-err><![CDATA[]]></system-err>
      </testcase>
      <testcase name="Test Cases/New Test Case (16)" time="2.471" classname="Test Cases/New Test Case (16)" status="PASSED">
         <system-out><![CDATA[17-06-2024T19:03:45 - [TEST_CASE][PASSED] - Test Cases/New Test Case (16): Test Cases/New Test Case (16)

17-06-2024T19:03:45 - [TEST_STEP][PASSED] - openBrowser(""): Browser is opened with url: ''

17-06-2024T19:03:45 - [MESSAGE][WARNING] - A browser is already opened. Closing browser and opening a new one

17-06-2024T19:03:46 - [MESSAGE][INFO] - Starting 'Chrome (headless)' driver

17-06-2024T19:03:46 - [MESSAGE][INFO] - Action delay is set to 0 milliseconds

17-06-2024T19:03:47 - [MESSAGE][PASSED] - Browser is opened with url: ''

17-06-2024T19:03:47 - [TEST_STEP][PASSED] - navigateToUrl("https://www.google.com/"): Navigate to 'https://www.google.com/' successfully

17-06-2024T19:03:48 - [MESSAGE][PASSED] - Navigate to 'https://www.google.com/' successfully]]></system-out>
         <system-err><![CDATA[]]></system-err>
      </testcase>
      <testcase name="Test Cases/New Test Case (17)" time="2.713" classname="Test Cases/New Test Case (17)" status="PASSED">
         <system-out><![CDATA[17-06-2024T19:03:48 - [TEST_CASE][PASSED] - Test Cases/New Test Case (17): Test Cases/New Test Case (17)

17-06-2024T19:03:48 - [TEST_STEP][PASSED] - openBrowser(""): Browser is opened with url: ''

17-06-2024T19:03:48 - [MESSAGE][WARNING] - A browser is already opened. Closing browser and opening a new one

17-06-2024T19:03:48 - [MESSAGE][INFO] - Starting 'Chrome (headless)' driver

17-06-2024T19:03:48 - [MESSAGE][INFO] - Action delay is set to 0 milliseconds

17-06-2024T19:03:49 - [MESSAGE][PASSED] - Browser is opened with url: ''

17-06-2024T19:03:49 - [TEST_STEP][PASSED] - navigateToUrl("https://www.google.com/"): Navigate to 'https://www.google.com/' successfully

17-06-2024T19:03:51 - [MESSAGE][PASSED] - Navigate to 'https://www.google.com/' successfully]]></system-out>
         <system-err><![CDATA[]]></system-err>
      </testcase>
      <testcase name="Test Cases/New Test Case (18)" time="2.507" classname="Test Cases/New Test Case (18)" status="PASSED">
         <system-out><![CDATA[17-06-2024T19:03:51 - [TEST_CASE][PASSED] - Test Cases/New Test Case (18): Test Cases/New Test Case (18)

17-06-2024T19:03:51 - [TEST_STEP][PASSED] - openBrowser(""): Browser is opened with url: ''

17-06-2024T19:03:51 - [MESSAGE][WARNING] - A browser is already opened. Closing browser and opening a new one

17-06-2024T19:03:51 - [MESSAGE][INFO] - Starting 'Chrome (headless)' driver

17-06-2024T19:03:51 - [MESSAGE][INFO] - Action delay is set to 0 milliseconds

17-06-2024T19:03:52 - [MESSAGE][PASSED] - Browser is opened with url: ''

17-06-2024T19:03:52 - [TEST_STEP][PASSED] - navigateToUrl("https://www.google.com/"): Navigate to 'https://www.google.com/' successfully

17-06-2024T19:03:53 - [MESSAGE][PASSED] - Navigate to 'https://www.google.com/' successfully]]></system-out>
         <system-err><![CDATA[]]></system-err>
      </testcase>
      <testcase name="Test Cases/New Test Case (19)" time="3.389" classname="Test Cases/New Test Case (19)" status="PASSED">
         <system-out><![CDATA[17-06-2024T19:03:53 - [TEST_CASE][PASSED] - Test Cases/New Test Case (19): Test Cases/New Test Case (19)

17-06-2024T19:03:53 - [TEST_STEP][PASSED] - openBrowser(""): Browser is opened with url: ''

17-06-2024T19:03:53 - [MESSAGE][WARNING] - A browser is already opened. Closing browser and opening a new one

17-06-2024T19:03:53 - [MESSAGE][INFO] - Starting 'Chrome (headless)' driver

17-06-2024T19:03:53 - [MESSAGE][INFO] - Action delay is set to 0 milliseconds

17-06-2024T19:03:54 - [MESSAGE][PASSED] - Browser is opened with url: ''

17-06-2024T19:03:54 - [TEST_STEP][PASSED] - navigateToUrl("https://www.google.com/"): Navigate to 'https://www.google.com/' successfully

17-06-2024T19:03:57 - [MESSAGE][PASSED] - Navigate to 'https://www.google.com/' successfully]]></system-out>
         <system-err><![CDATA[]]></system-err>
      </testcase>
      <testcase name="Test Cases/New Test Case (20)" time="0.005" classname="Test Cases/New Test Case (20)" status="PASSED">
         <system-out><![CDATA[17-06-2024T19:03:57 - [TEST_CASE][PASSED] - Test Cases/New Test Case (20): Test Cases/New Test Case (20)

17-06-2024T19:03:57 - [TEST_STEP][PASSED] - return null: null]]></system-out>
         <system-err><![CDATA[]]></system-err>
      </testcase>
      <testcase name="Test Cases/New Test Case (2)" time="3.986" classname="Test Cases/New Test Case (2)" status="PASSED">
         <system-out><![CDATA[17-06-2024T19:03:57 - [TEST_CASE][PASSED] - Test Cases/New Test Case (2): Test Cases/New Test Case (2)

17-06-2024T19:03:57 - [TEST_STEP][PASSED] - openBrowser(""): Browser is opened with url: ''

17-06-2024T19:03:57 - [MESSAGE][WARNING] - A browser is already opened. Closing browser and opening a new one

17-06-2024T19:03:57 - [MESSAGE][INFO] - Starting 'Chrome (headless)' driver

17-06-2024T19:03:57 - [MESSAGE][INFO] - Action delay is set to 0 milliseconds

17-06-2024T19:03:58 - [MESSAGE][PASSED] - Browser is opened with url: ''

17-06-2024T19:03:58 - [TEST_STEP][PASSED] - navigateToUrl("https://www.google.com/"): Navigate to 'https://www.google.com/' successfully

17-06-2024T19:04:00 - [MESSAGE][PASSED] - Navigate to 'https://www.google.com/' successfully

17-06-2024T19:04:00 - [TEST_STEP][PASSED] - click(findTestObject("Object Repository/Page_Google/a_Tip tc")): Object: 'Object Repository/Page_Google/a_Tip tc' is clicked on

17-06-2024T19:04:01 - [MESSAGE][PASSED] - Object: 'Object Repository/Page_Google/a_Tip tc' is clicked on]]></system-out>
         <system-err><![CDATA[]]></system-err>
      </testcase>
      <testcase name="Test Cases/New Test Case (21)" time="1.612" classname="Test Cases/New Test Case (21)" status="PASSED">
         <system-out><![CDATA[17-06-2024T19:04:01 - [TEST_CASE][PASSED] - Test Cases/New Test Case (21): Test Cases/New Test Case (21)

17-06-2024T19:04:01 - [TEST_STEP][PASSED] - openBrowser(""): Browser is opened with url: ''

17-06-2024T19:04:01 - [MESSAGE][WARNING] - A browser is already opened. Closing browser and opening a new one

17-06-2024T19:04:01 - [MESSAGE][INFO] - Starting 'Chrome (headless)' driver

17-06-2024T19:04:01 - [MESSAGE][INFO] - Action delay is set to 0 milliseconds

17-06-2024T19:04:02 - [MESSAGE][PASSED] - Browser is opened with url: ''

17-06-2024T19:04:02 - [TEST_STEP][PASSED] - navigateToUrl("https://www.google.com/"): Navigate to 'https://www.google.com/' successfully

17-06-2024T19:04:02 - [MESSAGE][PASSED] - Navigate to 'https://www.google.com/' successfully]]></system-out>
         <system-err><![CDATA[]]></system-err>
      </testcase>
      <testcase name="Test Cases/New Test Case (22)" time="2.495" classname="Test Cases/New Test Case (22)" status="PASSED">
         <system-out><![CDATA[17-06-2024T19:04:02 - [TEST_CASE][PASSED] - Test Cases/New Test Case (22): Test Cases/New Test Case (22)

17-06-2024T19:04:02 - [TEST_STEP][PASSED] - openBrowser(""): Browser is opened with url: ''

17-06-2024T19:04:02 - [MESSAGE][WARNING] - A browser is already opened. Closing browser and opening a new one

17-06-2024T19:04:02 - [MESSAGE][INFO] - Starting 'Chrome (headless)' driver

17-06-2024T19:04:02 - [MESSAGE][INFO] - Action delay is set to 0 milliseconds

17-06-2024T19:04:03 - [MESSAGE][PASSED] - Browser is opened with url: ''

17-06-2024T19:04:03 - [TEST_STEP][PASSED] - navigateToUrl("https://www.google.com/"): Navigate to 'https://www.google.com/' successfully

17-06-2024T19:04:05 - [MESSAGE][PASSED] - Navigate to 'https://www.google.com/' successfully]]></system-out>
         <system-err><![CDATA[]]></system-err>
      </testcase>
      <testcase name="Test Cases/New Test Case (23)" time="1.383" classname="Test Cases/New Test Case (23)" status="PASSED">
         <system-out><![CDATA[17-06-2024T19:04:05 - [TEST_CASE][PASSED] - Test Cases/New Test Case (23): Test Cases/New Test Case (23)

17-06-2024T19:04:05 - [TEST_STEP][PASSED] - openBrowser(""): Browser is opened with url: ''

17-06-2024T19:04:05 - [MESSAGE][WARNING] - A browser is already opened. Closing browser and opening a new one

17-06-2024T19:04:05 - [MESSAGE][INFO] - Starting 'Chrome (headless)' driver

17-06-2024T19:04:05 - [MESSAGE][INFO] - Action delay is set to 0 milliseconds

17-06-2024T19:04:06 - [MESSAGE][PASSED] - Browser is opened with url: ''

17-06-2024T19:04:06 - [TEST_STEP][PASSED] - navigateToUrl("https://www.google.com/"): Navigate to 'https://www.google.com/' successfully

17-06-2024T19:04:06 - [MESSAGE][PASSED] - Navigate to 'https://www.google.com/' successfully]]></system-out>
         <system-err><![CDATA[]]></system-err>
      </testcase>
      <testcase name="Test Cases/New Test Case (24)" time="2.569" classname="Test Cases/New Test Case (24)" status="PASSED">
         <system-out><![CDATA[17-06-2024T19:04:06 - [TEST_CASE][PASSED] - Test Cases/New Test Case (24): Test Cases/New Test Case (24)

17-06-2024T19:04:06 - [TEST_STEP][PASSED] - openBrowser(""): Browser is opened with url: ''

17-06-2024T19:04:06 - [MESSAGE][WARNING] - A browser is already opened. Closing browser and opening a new one

17-06-2024T19:04:06 - [MESSAGE][INFO] - Starting 'Chrome (headless)' driver

17-06-2024T19:04:06 - [MESSAGE][INFO] - Action delay is set to 0 milliseconds

17-06-2024T19:04:07 - [MESSAGE][PASSED] - Browser is opened with url: ''

17-06-2024T19:04:07 - [TEST_STEP][PASSED] - navigateToUrl("https://www.google.com/"): Navigate to 'https://www.google.com/' successfully

17-06-2024T19:04:09 - [MESSAGE][PASSED] - Navigate to 'https://www.google.com/' successfully]]></system-out>
         <system-err><![CDATA[]]></system-err>
      </testcase>
      <testcase name="Test Cases/New Test Case (25)" time="2.443" classname="Test Cases/New Test Case (25)" status="PASSED">
         <system-out><![CDATA[17-06-2024T19:04:09 - [TEST_CASE][PASSED] - Test Cases/New Test Case (25): Test Cases/New Test Case (25)

17-06-2024T19:04:09 - [TEST_STEP][PASSED] - openBrowser(""): Browser is opened with url: ''

17-06-2024T19:04:09 - [MESSAGE][WARNING] - A browser is already opened. Closing browser and opening a new one

17-06-2024T19:04:09 - [MESSAGE][INFO] - Starting 'Chrome (headless)' driver

17-06-2024T19:04:09 - [MESSAGE][INFO] - Action delay is set to 0 milliseconds

17-06-2024T19:04:10 - [MESSAGE][PASSED] - Browser is opened with url: ''

17-06-2024T19:04:10 - [TEST_STEP][PASSED] - navigateToUrl("https://www.google.com/"): Navigate to 'https://www.google.com/' successfully

17-06-2024T19:04:11 - [MESSAGE][PASSED] - Navigate to 'https://www.google.com/' successfully]]></system-out>
         <system-err><![CDATA[]]></system-err>
      </testcase>
      <testcase name="Test Cases/New Test Case (26)" time="2.79" classname="Test Cases/New Test Case (26)" status="PASSED">
         <system-out><![CDATA[17-06-2024T19:04:11 - [TEST_CASE][PASSED] - Test Cases/New Test Case (26): Test Cases/New Test Case (26)

17-06-2024T19:04:11 - [TEST_STEP][PASSED] - openBrowser(""): Browser is opened with url: ''

17-06-2024T19:04:11 - [MESSAGE][WARNING] - A browser is already opened. Closing browser and opening a new one

17-06-2024T19:04:11 - [MESSAGE][INFO] - Starting 'Chrome (headless)' driver

17-06-2024T19:04:11 - [MESSAGE][INFO] - Action delay is set to 0 milliseconds

17-06-2024T19:04:12 - [MESSAGE][PASSED] - Browser is opened with url: ''

17-06-2024T19:04:12 - [TEST_STEP][PASSED] - navigateToUrl("https://www.google.com/"): Navigate to 'https://www.google.com/' successfully

17-06-2024T19:04:14 - [MESSAGE][PASSED] - Navigate to 'https://www.google.com/' successfully]]></system-out>
         <system-err><![CDATA[]]></system-err>
      </testcase>
      <testcase name="Test Cases/New Test Case (27)" time="2.593" classname="Test Cases/New Test Case (27)" status="PASSED">
         <system-out><![CDATA[17-06-2024T19:04:14 - [TEST_CASE][PASSED] - Test Cases/New Test Case (27): Test Cases/New Test Case (27)

17-06-2024T19:04:14 - [TEST_STEP][PASSED] - openBrowser(""): Browser is opened with url: ''

17-06-2024T19:04:14 - [MESSAGE][WARNING] - A browser is already opened. Closing browser and opening a new one

17-06-2024T19:04:14 - [MESSAGE][INFO] - Starting 'Chrome (headless)' driver

17-06-2024T19:04:14 - [MESSAGE][INFO] - Action delay is set to 0 milliseconds

17-06-2024T19:04:15 - [MESSAGE][PASSED] - Browser is opened with url: ''

17-06-2024T19:04:15 - [TEST_STEP][PASSED] - navigateToUrl("https://www.google.com/"): Navigate to 'https://www.google.com/' successfully

17-06-2024T19:04:16 - [MESSAGE][PASSED] - Navigate to 'https://www.google.com/' successfully]]></system-out>
         <system-err><![CDATA[]]></system-err>
      </testcase>
      <testcase name="Test Cases/New Test Case (28)" time="2.524" classname="Test Cases/New Test Case (28)" status="PASSED">
         <system-out><![CDATA[17-06-2024T19:04:16 - [TEST_CASE][PASSED] - Test Cases/New Test Case (28): Test Cases/New Test Case (28)

17-06-2024T19:04:16 - [TEST_STEP][PASSED] - openBrowser(""): Browser is opened with url: ''

17-06-2024T19:04:16 - [MESSAGE][WARNING] - A browser is already opened. Closing browser and opening a new one

17-06-2024T19:04:17 - [MESSAGE][INFO] - Starting 'Chrome (headless)' driver

17-06-2024T19:04:17 - [MESSAGE][INFO] - Action delay is set to 0 milliseconds

17-06-2024T19:04:18 - [MESSAGE][PASSED] - Browser is opened with url: ''

17-06-2024T19:04:18 - [TEST_STEP][PASSED] - navigateToUrl("https://www.google.com/"): Navigate to 'https://www.google.com/' successfully

17-06-2024T19:04:19 - [MESSAGE][PASSED] - Navigate to 'https://www.google.com/' successfully]]></system-out>
         <system-err><![CDATA[]]></system-err>
      </testcase>
      <testcase name="Test Cases/New Test Case (3)" time="2.941" classname="Test Cases/New Test Case (3)" status="PASSED">
         <system-out><![CDATA[17-06-2024T19:04:19 - [TEST_CASE][PASSED] - Test Cases/New Test Case (3): Test Cases/New Test Case (3)

17-06-2024T19:04:19 - [TEST_STEP][PASSED] - openBrowser(""): Browser is opened with url: ''

17-06-2024T19:04:19 - [MESSAGE][WARNING] - A browser is already opened. Closing browser and opening a new one

17-06-2024T19:04:19 - [MESSAGE][INFO] - Starting 'Chrome (headless)' driver

17-06-2024T19:04:19 - [MESSAGE][INFO] - Action delay is set to 0 milliseconds

17-06-2024T19:04:20 - [MESSAGE][PASSED] - Browser is opened with url: ''

17-06-2024T19:04:20 - [TEST_STEP][PASSED] - navigateToUrl("https://www.google.com/"): Navigate to 'https://www.google.com/' successfully

17-06-2024T19:04:22 - [MESSAGE][PASSED] - Navigate to 'https://www.google.com/' successfully

17-06-2024T19:04:22 - [TEST_STEP][PASSED] - verifyElementVisible(findTestObject("Object Repository/Page_Google/img_ng nhp_lnXdpd")): Object 'Object Repository/Page_Google/img_ng nhp_lnXdpd' is visible

17-06-2024T19:04:22 - [MESSAGE][PASSED] - Object 'Object Repository/Page_Google/img_ng nhp_lnXdpd' is visible]]></system-out>
         <system-err><![CDATA[]]></system-err>
      </testcase>
      <testcase name="Test Cases/New Test Case (29)" time="2.576" classname="Test Cases/New Test Case (29)" status="PASSED">
         <system-out><![CDATA[17-06-2024T19:04:22 - [TEST_CASE][PASSED] - Test Cases/New Test Case (29): Test Cases/New Test Case (29)

17-06-2024T19:04:22 - [TEST_STEP][PASSED] - openBrowser(""): Browser is opened with url: ''

17-06-2024T19:04:22 - [MESSAGE][WARNING] - A browser is already opened. Closing browser and opening a new one

17-06-2024T19:04:22 - [MESSAGE][INFO] - Starting 'Chrome (headless)' driver

17-06-2024T19:04:22 - [MESSAGE][INFO] - Action delay is set to 0 milliseconds

17-06-2024T19:04:23 - [MESSAGE][PASSED] - Browser is opened with url: ''

17-06-2024T19:04:23 - [TEST_STEP][PASSED] - navigateToUrl("https://www.google.com/"): Navigate to 'https://www.google.com/' successfully

17-06-2024T19:04:24 - [MESSAGE][PASSED] - Navigate to 'https://www.google.com/' successfully]]></system-out>
         <system-err><![CDATA[]]></system-err>
      </testcase>
      <testcase name="Test Cases/New Test Case (31)" time="2.621" classname="Test Cases/New Test Case (31)" status="PASSED">
         <system-out><![CDATA[17-06-2024T19:04:24 - [TEST_CASE][PASSED] - Test Cases/New Test Case (31): Test Cases/New Test Case (31)

17-06-2024T19:04:24 - [TEST_STEP][PASSED] - openBrowser(""): Browser is opened with url: ''

17-06-2024T19:04:24 - [MESSAGE][WARNING] - A browser is already opened. Closing browser and opening a new one

17-06-2024T19:04:25 - [MESSAGE][INFO] - Starting 'Chrome (headless)' driver

17-06-2024T19:04:25 - [MESSAGE][INFO] - Action delay is set to 0 milliseconds

17-06-2024T19:04:26 - [MESSAGE][PASSED] - Browser is opened with url: ''

17-06-2024T19:04:26 - [TEST_STEP][PASSED] - navigateToUrl("https://www.google.com/"): Navigate to 'https://www.google.com/' successfully

17-06-2024T19:04:27 - [MESSAGE][PASSED] - Navigate to 'https://www.google.com/' successfully]]></system-out>
         <system-err><![CDATA[]]></system-err>
      </testcase>
      <testcase name="Test Cases/New Test Case (30)" time="4.267" classname="Test Cases/New Test Case (30)" status="PASSED">
         <system-out><![CDATA[17-06-2024T19:04:27 - [TEST_CASE][PASSED] - Test Cases/New Test Case (30): Test Cases/New Test Case (30)

17-06-2024T19:04:27 - [TEST_STEP][PASSED] - openBrowser(""): Browser is opened with url: ''

17-06-2024T19:04:27 - [MESSAGE][WARNING] - A browser is already opened. Closing browser and opening a new one

17-06-2024T19:04:27 - [MESSAGE][INFO] - Starting 'Chrome (headless)' driver

17-06-2024T19:04:27 - [MESSAGE][INFO] - Action delay is set to 0 milliseconds

17-06-2024T19:04:28 - [MESSAGE][PASSED] - Browser is opened with url: ''

17-06-2024T19:04:28 - [TEST_STEP][PASSED] - navigateToUrl("https://www.google.com/"): Navigate to 'https://www.google.com/' successfully

17-06-2024T19:04:31 - [MESSAGE][PASSED] - Navigate to 'https://www.google.com/' successfully]]></system-out>
         <system-err><![CDATA[]]></system-err>
      </testcase>
      <testcase name="Test Cases/New Test Case (32)" time="2.623" classname="Test Cases/New Test Case (32)" status="PASSED">
         <system-out><![CDATA[17-06-2024T19:04:31 - [TEST_CASE][PASSED] - Test Cases/New Test Case (32): Test Cases/New Test Case (32)

17-06-2024T19:04:31 - [TEST_STEP][PASSED] - openBrowser(""): Browser is opened with url: ''

17-06-2024T19:04:31 - [MESSAGE][WARNING] - A browser is already opened. Closing browser and opening a new one

17-06-2024T19:04:32 - [MESSAGE][INFO] - Starting 'Chrome (headless)' driver

17-06-2024T19:04:32 - [MESSAGE][INFO] - Action delay is set to 0 milliseconds

17-06-2024T19:04:32 - [MESSAGE][PASSED] - Browser is opened with url: ''

17-06-2024T19:04:32 - [TEST_STEP][PASSED] - navigateToUrl("https://www.google.com/"): Navigate to 'https://www.google.com/' successfully

17-06-2024T19:04:34 - [MESSAGE][PASSED] - Navigate to 'https://www.google.com/' successfully]]></system-out>
         <system-err><![CDATA[]]></system-err>
      </testcase>
      <testcase name="Test Cases/New Test Case (33)" time="2.541" classname="Test Cases/New Test Case (33)" status="PASSED">
         <system-out><![CDATA[17-06-2024T19:04:34 - [TEST_CASE][PASSED] - Test Cases/New Test Case (33): Test Cases/New Test Case (33)

17-06-2024T19:04:34 - [TEST_STEP][PASSED] - openBrowser(""): Browser is opened with url: ''

17-06-2024T19:04:34 - [MESSAGE][WARNING] - A browser is already opened. Closing browser and opening a new one

17-06-2024T19:04:34 - [MESSAGE][INFO] - Starting 'Chrome (headless)' driver

17-06-2024T19:04:34 - [MESSAGE][INFO] - Action delay is set to 0 milliseconds

17-06-2024T19:04:35 - [MESSAGE][PASSED] - Browser is opened with url: ''

17-06-2024T19:04:35 - [TEST_STEP][PASSED] - navigateToUrl("https://www.google.com/"): Navigate to 'https://www.google.com/' successfully

17-06-2024T19:04:37 - [MESSAGE][PASSED] - Navigate to 'https://www.google.com/' successfully]]></system-out>
         <system-err><![CDATA[]]></system-err>
      </testcase>
      <testcase name="Test Cases/New Test Case (34)" time="2.439" classname="Test Cases/New Test Case (34)" status="PASSED">
         <system-out><![CDATA[17-06-2024T19:04:37 - [TEST_CASE][PASSED] - Test Cases/New Test Case (34): Test Cases/New Test Case (34)

17-06-2024T19:04:37 - [TEST_STEP][PASSED] - openBrowser(""): Browser is opened with url: ''

17-06-2024T19:04:37 - [MESSAGE][WARNING] - A browser is already opened. Closing browser and opening a new one

17-06-2024T19:04:37 - [MESSAGE][INFO] - Starting 'Chrome (headless)' driver

17-06-2024T19:04:37 - [MESSAGE][INFO] - Action delay is set to 0 milliseconds

17-06-2024T19:04:38 - [MESSAGE][PASSED] - Browser is opened with url: ''

17-06-2024T19:04:38 - [TEST_STEP][PASSED] - navigateToUrl("https://www.google.com/"): Navigate to 'https://www.google.com/' successfully

17-06-2024T19:04:39 - [MESSAGE][PASSED] - Navigate to 'https://www.google.com/' successfully]]></system-out>
         <system-err><![CDATA[]]></system-err>
      </testcase>
      <testcase name="Test Cases/New Test Case (35)" time="2.587" classname="Test Cases/New Test Case (35)" status="PASSED">
         <system-out><![CDATA[17-06-2024T19:04:39 - [TEST_CASE][PASSED] - Test Cases/New Test Case (35): Test Cases/New Test Case (35)

17-06-2024T19:04:39 - [TEST_STEP][PASSED] - openBrowser(""): Browser is opened with url: ''

17-06-2024T19:04:39 - [MESSAGE][WARNING] - A browser is already opened. Closing browser and opening a new one

17-06-2024T19:04:39 - [MESSAGE][INFO] - Starting 'Chrome (headless)' driver

17-06-2024T19:04:39 - [MESSAGE][INFO] - Action delay is set to 0 milliseconds

17-06-2024T19:04:40 - [MESSAGE][PASSED] - Browser is opened with url: ''

17-06-2024T19:04:40 - [TEST_STEP][PASSED] - navigateToUrl("https://www.google.com/"): Navigate to 'https://www.google.com/' successfully

17-06-2024T19:04:42 - [MESSAGE][PASSED] - Navigate to 'https://www.google.com/' successfully]]></system-out>
         <system-err><![CDATA[]]></system-err>
      </testcase>
      <testcase name="Test Cases/New Test Case (36)" time="2.331" classname="Test Cases/New Test Case (36)" status="PASSED">
         <system-out><![CDATA[17-06-2024T19:04:42 - [TEST_CASE][PASSED] - Test Cases/New Test Case (36): Test Cases/New Test Case (36)

17-06-2024T19:04:42 - [TEST_STEP][PASSED] - openBrowser(""): Browser is opened with url: ''

17-06-2024T19:04:42 - [MESSAGE][WARNING] - A browser is already opened. Closing browser and opening a new one

17-06-2024T19:04:42 - [MESSAGE][INFO] - Starting 'Chrome (headless)' driver

17-06-2024T19:04:42 - [MESSAGE][INFO] - Action delay is set to 0 milliseconds

17-06-2024T19:04:43 - [MESSAGE][PASSED] - Browser is opened with url: ''

17-06-2024T19:04:43 - [TEST_STEP][PASSED] - navigateToUrl("https://www.google.com/"): Navigate to 'https://www.google.com/' successfully

17-06-2024T19:04:44 - [MESSAGE][PASSED] - Navigate to 'https://www.google.com/' successfully]]></system-out>
         <system-err><![CDATA[]]></system-err>
      </testcase>
      <testcase name="Test Cases/New Test Case (37)" time="2.505" classname="Test Cases/New Test Case (37)" status="PASSED">
         <system-out><![CDATA[17-06-2024T19:04:44 - [TEST_CASE][PASSED] - Test Cases/New Test Case (37): Test Cases/New Test Case (37)

17-06-2024T19:04:44 - [TEST_STEP][PASSED] - openBrowser(""): Browser is opened with url: ''

17-06-2024T19:04:44 - [MESSAGE][WARNING] - A browser is already opened. Closing browser and opening a new one

17-06-2024T19:04:44 - [MESSAGE][INFO] - Starting 'Chrome (headless)' driver

17-06-2024T19:04:44 - [MESSAGE][INFO] - Action delay is set to 0 milliseconds

17-06-2024T19:04:45 - [MESSAGE][PASSED] - Browser is opened with url: ''

17-06-2024T19:04:45 - [TEST_STEP][PASSED] - navigateToUrl("https://www.google.com/"): Navigate to 'https://www.google.com/' successfully

17-06-2024T19:04:46 - [MESSAGE][PASSED] - Navigate to 'https://www.google.com/' successfully]]></system-out>
         <system-err><![CDATA[]]></system-err>
      </testcase>
      <testcase name="Test Cases/New Test Case (38)" time="2.546" classname="Test Cases/New Test Case (38)" status="PASSED">
         <system-out><![CDATA[17-06-2024T19:04:46 - [TEST_CASE][PASSED] - Test Cases/New Test Case (38): Test Cases/New Test Case (38)

17-06-2024T19:04:46 - [TEST_STEP][PASSED] - openBrowser(""): Browser is opened with url: ''

17-06-2024T19:04:46 - [MESSAGE][WARNING] - A browser is already opened. Closing browser and opening a new one

17-06-2024T19:04:47 - [MESSAGE][INFO] - Starting 'Chrome (headless)' driver

17-06-2024T19:04:47 - [MESSAGE][INFO] - Action delay is set to 0 milliseconds

17-06-2024T19:04:48 - [MESSAGE][PASSED] - Browser is opened with url: ''

17-06-2024T19:04:48 - [TEST_STEP][PASSED] - navigateToUrl("https://www.google.com/"): Navigate to 'https://www.google.com/' successfully

17-06-2024T19:04:49 - [MESSAGE][PASSED] - Navigate to 'https://www.google.com/' successfully]]></system-out>
         <system-err><![CDATA[]]></system-err>
      </testcase>
      <testcase name="Test Cases/New Test Case (4)" time="3.126" classname="Test Cases/New Test Case (4)" status="PASSED">
         <system-out><![CDATA[17-06-2024T19:04:49 - [TEST_CASE][PASSED] - Test Cases/New Test Case (4): Test Cases/New Test Case (4)

17-06-2024T19:04:49 - [TEST_STEP][PASSED] - openBrowser(""): Browser is opened with url: ''

17-06-2024T19:04:49 - [MESSAGE][WARNING] - A browser is already opened. Closing browser and opening a new one

17-06-2024T19:04:49 - [MESSAGE][INFO] - Starting 'Chrome (headless)' driver

17-06-2024T19:04:49 - [MESSAGE][INFO] - Action delay is set to 0 milliseconds

17-06-2024T19:04:50 - [MESSAGE][PASSED] - Browser is opened with url: ''

17-06-2024T19:04:50 - [TEST_STEP][PASSED] - navigateToUrl("https://www.google.com/"): Navigate to 'https://www.google.com/' successfully

17-06-2024T19:04:52 - [MESSAGE][PASSED] - Navigate to 'https://www.google.com/' successfully

17-06-2024T19:04:52 - [TEST_STEP][PASSED] - verifyElementVisible(findTestObject("Object Repository/Page_Google/div_Vit Nam")): Object 'Object Repository/Page_Google/div_Vit Nam' is visible

17-06-2024T19:04:52 - [MESSAGE][PASSED] - Object 'Object Repository/Page_Google/div_Vit Nam' is visible]]></system-out>
         <system-err><![CDATA[]]></system-err>
      </testcase>
      <testcase name="Test Cases/New Test Case (39)" time="18.379" classname="Test Cases/New Test Case (39)" status="PASSED">
         <system-out><![CDATA[17-06-2024T19:04:52 - [TEST_CASE][PASSED] - Test Cases/New Test Case (39): Test Cases/New Test Case (39)

17-06-2024T19:04:52 - [TEST_STEP][PASSED] - openBrowser(""): Browser is opened with url: ''

17-06-2024T19:04:52 - [MESSAGE][WARNING] - A browser is already opened. Closing browser and opening a new one

17-06-2024T19:04:53 - [MESSAGE][INFO] - Starting 'Chrome (headless)' driver

17-06-2024T19:04:53 - [MESSAGE][INFO] - Action delay is set to 0 milliseconds

17-06-2024T19:04:54 - [MESSAGE][PASSED] - Browser is opened with url: ''

17-06-2024T19:04:54 - [TEST_STEP][PASSED] - navigateToUrl("https://www.google.com/"): Navigate to 'https://www.google.com/' successfully

17-06-2024T19:05:10 - [MESSAGE][PASSED] - Navigate to 'https://www.google.com/' successfully]]></system-out>
         <system-err><![CDATA[]]></system-err>
      </testcase>
      <testcase name="Test Cases/New Test Case (40)" time="1.556" classname="Test Cases/New Test Case (40)" status="PASSED">
         <system-out><![CDATA[17-06-2024T19:05:10 - [TEST_CASE][PASSED] - Test Cases/New Test Case (40): Test Cases/New Test Case (40)

17-06-2024T19:05:11 - [TEST_STEP][PASSED] - openBrowser(""): Browser is opened with url: ''

17-06-2024T19:05:11 - [MESSAGE][WARNING] - A browser is already opened. Closing browser and opening a new one

17-06-2024T19:05:11 - [MESSAGE][INFO] - Starting 'Chrome (headless)' driver

17-06-2024T19:05:11 - [MESSAGE][INFO] - Action delay is set to 0 milliseconds

17-06-2024T19:05:12 - [MESSAGE][PASSED] - Browser is opened with url: ''

17-06-2024T19:05:12 - [TEST_STEP][PASSED] - navigateToUrl("https://www.google.com/"): Navigate to 'https://www.google.com/' successfully

17-06-2024T19:05:12 - [MESSAGE][PASSED] - Navigate to 'https://www.google.com/' successfully]]></system-out>
         <system-err><![CDATA[]]></system-err>
      </testcase>
      <testcase name="Test Cases/New Test Case (41)" time="1.264" classname="Test Cases/New Test Case (41)" status="PASSED">
         <system-out><![CDATA[17-06-2024T19:05:12 - [TEST_CASE][PASSED] - Test Cases/New Test Case (41): Test Cases/New Test Case (41)

17-06-2024T19:05:12 - [TEST_STEP][PASSED] - openBrowser(""): Browser is opened with url: ''

17-06-2024T19:05:12 - [MESSAGE][WARNING] - A browser is already opened. Closing browser and opening a new one

17-06-2024T19:05:12 - [MESSAGE][INFO] - Starting 'Chrome (headless)' driver

17-06-2024T19:05:12 - [MESSAGE][INFO] - Action delay is set to 0 milliseconds

17-06-2024T19:05:13 - [MESSAGE][PASSED] - Browser is opened with url: ''

17-06-2024T19:05:13 - [TEST_STEP][PASSED] - navigateToUrl("https://www.google.com/"): Navigate to 'https://www.google.com/' successfully

17-06-2024T19:05:13 - [MESSAGE][PASSED] - Navigate to 'https://www.google.com/' successfully]]></system-out>
         <system-err><![CDATA[]]></system-err>
      </testcase>
      <testcase name="Test Cases/New Test Case (42)" time="2.415" classname="Test Cases/New Test Case (42)" status="PASSED">
         <system-out><![CDATA[17-06-2024T19:05:13 - [TEST_CASE][PASSED] - Test Cases/New Test Case (42): Test Cases/New Test Case (42)

17-06-2024T19:05:13 - [TEST_STEP][PASSED] - openBrowser(""): Browser is opened with url: ''

17-06-2024T19:05:13 - [MESSAGE][WARNING] - A browser is already opened. Closing browser and opening a new one

17-06-2024T19:05:14 - [MESSAGE][INFO] - Starting 'Chrome (headless)' driver

17-06-2024T19:05:14 - [MESSAGE][INFO] - Action delay is set to 0 milliseconds

17-06-2024T19:05:14 - [MESSAGE][PASSED] - Browser is opened with url: ''

17-06-2024T19:05:14 - [TEST_STEP][PASSED] - navigateToUrl("https://www.google.com/"): Navigate to 'https://www.google.com/' successfully

17-06-2024T19:05:16 - [MESSAGE][PASSED] - Navigate to 'https://www.google.com/' successfully]]></system-out>
         <system-err><![CDATA[]]></system-err>
      </testcase>
      <testcase name="Test Cases/New Test Case (43)" time="1.44" classname="Test Cases/New Test Case (43)" status="PASSED">
         <system-out><![CDATA[17-06-2024T19:05:16 - [TEST_CASE][PASSED] - Test Cases/New Test Case (43): Test Cases/New Test Case (43)

17-06-2024T19:05:16 - [TEST_STEP][PASSED] - openBrowser(""): Browser is opened with url: ''

17-06-2024T19:05:16 - [MESSAGE][WARNING] - A browser is already opened. Closing browser and opening a new one

17-06-2024T19:05:16 - [MESSAGE][INFO] - Starting 'Chrome (headless)' driver

17-06-2024T19:05:16 - [MESSAGE][INFO] - Action delay is set to 0 milliseconds

17-06-2024T19:05:17 - [MESSAGE][PASSED] - Browser is opened with url: ''

17-06-2024T19:05:17 - [TEST_STEP][PASSED] - navigateToUrl("https://www.google.com/"): Navigate to 'https://www.google.com/' successfully

17-06-2024T19:05:17 - [MESSAGE][PASSED] - Navigate to 'https://www.google.com/' successfully]]></system-out>
         <system-err><![CDATA[]]></system-err>
      </testcase>
      <testcase name="Test Cases/New Test Case (44)" time="2.378" classname="Test Cases/New Test Case (44)" status="PASSED">
         <system-out><![CDATA[17-06-2024T19:05:17 - [TEST_CASE][PASSED] - Test Cases/New Test Case (44): Test Cases/New Test Case (44)

17-06-2024T19:05:17 - [TEST_STEP][PASSED] - openBrowser(""): Browser is opened with url: ''

17-06-2024T19:05:17 - [MESSAGE][WARNING] - A browser is already opened. Closing browser and opening a new one

17-06-2024T19:05:17 - [MESSAGE][INFO] - Starting 'Chrome (headless)' driver

17-06-2024T19:05:17 - [MESSAGE][INFO] - Action delay is set to 0 milliseconds

17-06-2024T19:05:18 - [MESSAGE][PASSED] - Browser is opened with url: ''

17-06-2024T19:05:18 - [TEST_STEP][PASSED] - navigateToUrl("https://www.google.com/"): Navigate to 'https://www.google.com/' successfully

17-06-2024T19:05:20 - [MESSAGE][PASSED] - Navigate to 'https://www.google.com/' successfully]]></system-out>
         <system-err><![CDATA[]]></system-err>
      </testcase>
      <testcase name="Test Cases/New Test Case (45)" time="5.098" classname="Test Cases/New Test Case (45)" status="PASSED">
         <system-out><![CDATA[17-06-2024T19:05:20 - [TEST_CASE][PASSED] - Test Cases/New Test Case (45): Test Cases/New Test Case (45)

17-06-2024T19:05:20 - [TEST_STEP][PASSED] - openBrowser(""): Browser is opened with url: ''

17-06-2024T19:05:20 - [MESSAGE][WARNING] - A browser is already opened. Closing browser and opening a new one

17-06-2024T19:05:20 - [MESSAGE][INFO] - Starting 'Chrome (headless)' driver

17-06-2024T19:05:20 - [MESSAGE][INFO] - Action delay is set to 0 milliseconds

17-06-2024T19:05:21 - [MESSAGE][PASSED] - Browser is opened with url: ''

17-06-2024T19:05:21 - [TEST_STEP][PASSED] - navigateToUrl("https://www.google.com/"): Navigate to 'https://www.google.com/' successfully

17-06-2024T19:05:22 - [MESSAGE][PASSED] - Navigate to 'https://www.google.com/' successfully

17-06-2024T19:05:22 - [TEST_STEP][PASSED] - openBrowser(""): Browser is opened with url: ''

17-06-2024T19:05:22 - [MESSAGE][WARNING] - A browser is already opened. Closing browser and opening a new one

17-06-2024T19:05:22 - [MESSAGE][INFO] - Starting 'Chrome (headless)' driver

17-06-2024T19:05:22 - [MESSAGE][INFO] - Action delay is set to 0 milliseconds

17-06-2024T19:05:23 - [MESSAGE][PASSED] - Browser is opened with url: ''

17-06-2024T19:05:23 - [TEST_STEP][PASSED] - navigateToUrl("https://www.google.com/"): Navigate to 'https://www.google.com/' successfully

17-06-2024T19:05:25 - [MESSAGE][PASSED] - Navigate to 'https://www.google.com/' successfully]]></system-out>
         <system-err><![CDATA[]]></system-err>
      </testcase>
      <testcase name="Test Cases/New Test Case (46)" time="2.731" classname="Test Cases/New Test Case (46)" status="PASSED">
         <system-out><![CDATA[17-06-2024T19:05:25 - [TEST_CASE][PASSED] - Test Cases/New Test Case (46): Test Cases/New Test Case (46)

17-06-2024T19:05:25 - [TEST_STEP][PASSED] - openBrowser(""): Browser is opened with url: ''

17-06-2024T19:05:25 - [MESSAGE][WARNING] - A browser is already opened. Closing browser and opening a new one

17-06-2024T19:05:25 - [MESSAGE][INFO] - Starting 'Chrome (headless)' driver

17-06-2024T19:05:25 - [MESSAGE][INFO] - Action delay is set to 0 milliseconds

17-06-2024T19:05:26 - [MESSAGE][PASSED] - Browser is opened with url: ''

17-06-2024T19:05:26 - [TEST_STEP][PASSED] - navigateToUrl("https://www.google.com/"): Navigate to 'https://www.google.com/' successfully

17-06-2024T19:05:27 - [MESSAGE][PASSED] - Navigate to 'https://www.google.com/' successfully]]></system-out>
         <system-err><![CDATA[]]></system-err>
      </testcase>
      <testcase name="Test Cases/New Test Case (48)" time="2.74" classname="Test Cases/New Test Case (48)" status="PASSED">
         <system-out><![CDATA[17-06-2024T19:05:27 - [TEST_CASE][PASSED] - Test Cases/New Test Case (48): Test Cases/New Test Case (48)

17-06-2024T19:05:27 - [TEST_STEP][PASSED] - openBrowser(""): Browser is opened with url: ''

17-06-2024T19:05:27 - [MESSAGE][WARNING] - A browser is already opened. Closing browser and opening a new one

17-06-2024T19:05:28 - [MESSAGE][INFO] - Starting 'Chrome (headless)' driver

17-06-2024T19:05:28 - [MESSAGE][INFO] - Action delay is set to 0 milliseconds

17-06-2024T19:05:28 - [MESSAGE][PASSED] - Browser is opened with url: ''

17-06-2024T19:05:28 - [TEST_STEP][PASSED] - navigateToUrl("https://www.google.com/"): Navigate to 'https://www.google.com/' successfully

17-06-2024T19:05:30 - [MESSAGE][PASSED] - Navigate to 'https://www.google.com/' successfully]]></system-out>
         <system-err><![CDATA[]]></system-err>
      </testcase>
      <testcase name="Test Cases/New Test Case (47)" time="17.575" classname="Test Cases/New Test Case (47)" status="PASSED">
         <system-out><![CDATA[17-06-2024T19:05:30 - [TEST_CASE][PASSED] - Test Cases/New Test Case (47): Test Cases/New Test Case (47)

17-06-2024T19:05:30 - [TEST_STEP][PASSED] - openBrowser(""): Browser is opened with url: ''

17-06-2024T19:05:30 - [MESSAGE][WARNING] - A browser is already opened. Closing browser and opening a new one

17-06-2024T19:05:30 - [MESSAGE][INFO] - Starting 'Chrome (headless)' driver

17-06-2024T19:05:30 - [MESSAGE][INFO] - Action delay is set to 0 milliseconds

17-06-2024T19:05:31 - [MESSAGE][PASSED] - Browser is opened with url: ''

17-06-2024T19:05:31 - [TEST_STEP][PASSED] - navigateToUrl("https://www.google.com/"): Navigate to 'https://www.google.com/' successfully

17-06-2024T19:05:48 - [MESSAGE][PASSED] - Navigate to 'https://www.google.com/' successfully]]></system-out>
         <system-err><![CDATA[]]></system-err>
      </testcase>
      <testcase name="Test Cases/New Test Case (5)" time="2.506" classname="Test Cases/New Test Case (5)" status="PASSED">
         <system-out><![CDATA[17-06-2024T19:05:48 - [TEST_CASE][PASSED] - Test Cases/New Test Case (5): Test Cases/New Test Case (5)

17-06-2024T19:05:48 - [TEST_STEP][PASSED] - openBrowser(""): Browser is opened with url: ''

17-06-2024T19:05:48 - [MESSAGE][WARNING] - A browser is already opened. Closing browser and opening a new one

17-06-2024T19:05:48 - [MESSAGE][INFO] - Starting 'Chrome (headless)' driver

17-06-2024T19:05:48 - [MESSAGE][INFO] - Action delay is set to 0 milliseconds

17-06-2024T19:05:49 - [MESSAGE][PASSED] - Browser is opened with url: ''

17-06-2024T19:05:49 - [TEST_STEP][PASSED] - navigateToUrl("https://www.google.com/"): Navigate to 'https://www.google.com/' successfully

17-06-2024T19:05:50 - [MESSAGE][PASSED] - Navigate to 'https://www.google.com/' successfully]]></system-out>
         <system-err><![CDATA[]]></system-err>
      </testcase>
      <testcase name="Test Cases/New Test Case (49)" time="2.498" classname="Test Cases/New Test Case (49)" status="PASSED">
         <system-out><![CDATA[17-06-2024T19:05:50 - [TEST_CASE][PASSED] - Test Cases/New Test Case (49): Test Cases/New Test Case (49)

17-06-2024T19:05:50 - [TEST_STEP][PASSED] - openBrowser(""): Browser is opened with url: ''

17-06-2024T19:05:50 - [MESSAGE][WARNING] - A browser is already opened. Closing browser and opening a new one

17-06-2024T19:05:50 - [MESSAGE][INFO] - Starting 'Chrome (headless)' driver

17-06-2024T19:05:50 - [MESSAGE][INFO] - Action delay is set to 0 milliseconds

17-06-2024T19:05:51 - [MESSAGE][PASSED] - Browser is opened with url: ''

17-06-2024T19:05:51 - [TEST_STEP][PASSED] - navigateToUrl("https://www.google.com/"): Navigate to 'https://www.google.com/' successfully

17-06-2024T19:05:53 - [MESSAGE][PASSED] - Navigate to 'https://www.google.com/' successfully]]></system-out>
         <system-err><![CDATA[]]></system-err>
      </testcase>
      <testcase name="Test Cases/New Test Case (50)" time="2.444" classname="Test Cases/New Test Case (50)" status="PASSED">
         <system-out><![CDATA[17-06-2024T19:05:53 - [TEST_CASE][PASSED] - Test Cases/New Test Case (50): Test Cases/New Test Case (50)

17-06-2024T19:05:53 - [TEST_STEP][PASSED] - openBrowser(""): Browser is opened with url: ''

17-06-2024T19:05:53 - [MESSAGE][WARNING] - A browser is already opened. Closing browser and opening a new one

17-06-2024T19:05:53 - [MESSAGE][INFO] - Starting 'Chrome (headless)' driver

17-06-2024T19:05:53 - [MESSAGE][INFO] - Action delay is set to 0 milliseconds

17-06-2024T19:05:54 - [MESSAGE][PASSED] - Browser is opened with url: ''

17-06-2024T19:05:54 - [TEST_STEP][PASSED] - navigateToUrl("https://www.google.com/"): Navigate to 'https://www.google.com/' successfully

17-06-2024T19:05:55 - [MESSAGE][PASSED] - Navigate to 'https://www.google.com/' successfully]]></system-out>
         <system-err><![CDATA[]]></system-err>
      </testcase>
      <testcase name="Test Cases/New Test Case (6)" time="2.827" classname="Test Cases/New Test Case (6)" status="PASSED">
         <system-out><![CDATA[17-06-2024T19:05:55 - [TEST_CASE][PASSED] - Test Cases/New Test Case (6): Test Cases/New Test Case (6)

17-06-2024T19:05:55 - [TEST_STEP][PASSED] - openBrowser(""): Browser is opened with url: ''

17-06-2024T19:05:55 - [MESSAGE][WARNING] - A browser is already opened. Closing browser and opening a new one

17-06-2024T19:05:56 - [MESSAGE][INFO] - Starting 'Chrome (headless)' driver

17-06-2024T19:05:56 - [MESSAGE][INFO] - Action delay is set to 0 milliseconds

17-06-2024T19:05:56 - [MESSAGE][PASSED] - Browser is opened with url: ''

17-06-2024T19:05:56 - [TEST_STEP][PASSED] - navigateToUrl("https://www.google.com/"): Navigate to 'https://www.google.com/' successfully

17-06-2024T19:05:58 - [MESSAGE][PASSED] - Navigate to 'https://www.google.com/' successfully]]></system-out>
         <system-err><![CDATA[]]></system-err>
      </testcase>
      <testcase name="Test Cases/New Test Case (7)" time="18.299" classname="Test Cases/New Test Case (7)" status="PASSED">
         <system-out><![CDATA[17-06-2024T19:05:58 - [TEST_CASE][PASSED] - Test Cases/New Test Case (7): Test Cases/New Test Case (7)

17-06-2024T19:05:58 - [TEST_STEP][PASSED] - openBrowser(""): Browser is opened with url: ''

17-06-2024T19:05:58 - [MESSAGE][WARNING] - A browser is already opened. Closing browser and opening a new one

17-06-2024T19:05:58 - [MESSAGE][INFO] - Starting 'Chrome (headless)' driver

17-06-2024T19:05:58 - [MESSAGE][INFO] - Action delay is set to 0 milliseconds

17-06-2024T19:05:59 - [MESSAGE][PASSED] - Browser is opened with url: ''

17-06-2024T19:05:59 - [TEST_STEP][PASSED] - navigateToUrl("https://www.google.com/"): Navigate to 'https://www.google.com/' successfully

17-06-2024T19:06:16 - [MESSAGE][PASSED] - Navigate to 'https://www.google.com/' successfully]]></system-out>
         <system-err><![CDATA[]]></system-err>
      </testcase>
      <testcase name="Test Cases/New Test Case (9)" time="2.26" classname="Test Cases/New Test Case (9)" status="PASSED">
         <system-out><![CDATA[17-06-2024T19:06:16 - [TEST_CASE][PASSED] - Test Cases/New Test Case (9): Test Cases/New Test Case (9)

17-06-2024T19:06:16 - [TEST_STEP][PASSED] - openBrowser(""): Browser is opened with url: ''

17-06-2024T19:06:16 - [MESSAGE][WARNING] - A browser is already opened. Closing browser and opening a new one

17-06-2024T19:06:17 - [MESSAGE][INFO] - Starting 'Chrome (headless)' driver

17-06-2024T19:06:17 - [MESSAGE][INFO] - Action delay is set to 0 milliseconds

17-06-2024T19:06:17 - [MESSAGE][PASSED] - Browser is opened with url: ''

17-06-2024T19:06:17 - [TEST_STEP][PASSED] - navigateToUrl("https://www.google.com/"): Navigate to 'https://www.google.com/' successfully

17-06-2024T19:06:19 - [MESSAGE][PASSED] - Navigate to 'https://www.google.com/' successfully]]></system-out>
         <system-err><![CDATA[]]></system-err>
      </testcase>
      <testcase name="Test Cases/New Test Case (8)" time="2.351" classname="Test Cases/New Test Case (8)" status="PASSED">
         <system-out><![CDATA[17-06-2024T19:06:19 - [TEST_CASE][PASSED] - Test Cases/New Test Case (8): Test Cases/New Test Case (8)

17-06-2024T19:06:19 - [TEST_STEP][PASSED] - openBrowser(""): Browser is opened with url: ''

17-06-2024T19:06:19 - [MESSAGE][WARNING] - A browser is already opened. Closing browser and opening a new one

17-06-2024T19:06:19 - [MESSAGE][INFO] - Starting 'Chrome (headless)' driver

17-06-2024T19:06:19 - [MESSAGE][INFO] - Action delay is set to 0 milliseconds

17-06-2024T19:06:20 - [MESSAGE][PASSED] - Browser is opened with url: ''

17-06-2024T19:06:20 - [TEST_STEP][PASSED] - navigateToUrl("https://www.google.com/"): Navigate to 'https://www.google.com/' successfully

17-06-2024T19:06:21 - [MESSAGE][PASSED] - Navigate to 'https://www.google.com/' successfully]]></system-out>
         <system-err><![CDATA[]]></system-err>
      </testcase>
      <testcase name="Test Cases/youtube" time="34.867" classname="Test Cases/youtube" status="PASSED">
         <system-out><![CDATA[17-06-2024T19:06:21 - [TEST_CASE][PASSED] - Test Cases/youtube: Test Cases/youtube

17-06-2024T19:06:21 - [TEST_STEP][PASSED] - openBrowser(""): Browser is opened with url: ''

17-06-2024T19:06:21 - [MESSAGE][WARNING] - A browser is already opened. Closing browser and opening a new one

17-06-2024T19:06:21 - [MESSAGE][INFO] - Starting 'Chrome (headless)' driver

17-06-2024T19:06:21 - [MESSAGE][INFO] - Action delay is set to 0 milliseconds

17-06-2024T19:06:22 - [MESSAGE][PASSED] - Browser is opened with url: ''

17-06-2024T19:06:22 - [TEST_STEP][PASSED] - navigateToUrl("https://www.youtube.com/"): Navigate to 'https://www.youtube.com/' successfully

17-06-2024T19:06:24 - [MESSAGE][PASSED] - Navigate to 'https://www.youtube.com/' successfully

17-06-2024T19:06:24 - [TEST_STEP][PASSED] - verifyElementVisible(findTestObject("Object Repository/Page_YouTube/div")): Object 'Object Repository/Page_YouTube/div' is visible

17-06-2024T19:06:55 - [MESSAGE][INFO] - Unable to find the element located by 'By.xpath: //yt-icon[@id='guide-icon']/span/div'. Please recheck the objects properties to make sure the desired element is located. 

17-06-2024T19:06:55 - [MESSAGE][WARNING] - [SELF-HEALING] Failed to find element with id 'Object Repository/Page_YouTube/div'. Try using Self-healing.

17-06-2024T19:06:56 - [MESSAGE][WARNING] - [SELF-HEALING] The current locator of test object 'Object Repository/Page_YouTube/div' was broken. Propose an alternative one: '(.//*[normalize-space(text()) and normalize-space(.)='Back'])[1]/following::div[1]'.

17-06-2024T19:06:56 - [MESSAGE][PASSED] - Object 'Object Repository/Page_YouTube/div' is visible]]></system-out>
         <system-err><![CDATA[]]></system-err>
      </testcase>
      <testcase name="Test Cases/New Test Case" time="4.658" classname="Test Cases/New Test Case" status="PASSED">
         <system-out><![CDATA[17-06-2024T19:06:56 - [TEST_CASE][PASSED] - Test Cases/New Test Case: Test Cases/New Test Case

17-06-2024T19:06:56 - [TEST_STEP][PASSED] - openBrowser(""): Browser is opened with url: ''

17-06-2024T19:06:56 - [MESSAGE][WARNING] - A browser is already opened. Closing browser and opening a new one

17-06-2024T19:06:56 - [MESSAGE][INFO] - Starting 'Chrome (headless)' driver

17-06-2024T19:06:56 - [MESSAGE][INFO] - Action delay is set to 0 milliseconds

17-06-2024T19:06:57 - [MESSAGE][PASSED] - Browser is opened with url: ''

17-06-2024T19:06:57 - [TEST_STEP][PASSED] - navigateToUrl("https://www.google.com/"): Navigate to 'https://www.google.com/' successfully

17-06-2024T19:06:59 - [MESSAGE][PASSED] - Navigate to 'https://www.google.com/' successfully

17-06-2024T19:06:59 - [TEST_STEP][PASSED] - rightClick(findTestObject("Object Repository/Page_Google/a_Tip tc")): Object: 'Object Repository/Page_Google/a_Tip tc' is right clicked on

17-06-2024T19:06:59 - [MESSAGE][PASSED] - Object: 'Object Repository/Page_Google/a_Tip tc' is right clicked on

17-06-2024T19:07:00 - [TEST_STEP][PASSED] - rightClick(findTestObject("Object Repository/Page_Google/div_A8SBwf,.IormKwidth640px.A8SBwfmargin0 a_763f70")): Object: 'Object Repository/Page_Google/div_A8SBwf,.IormKwidth640px.A8SBwfmargin0 a_763f70' is right clicked on

17-06-2024T19:07:00 - [MESSAGE][PASSED] - Object: 'Object Repository/Page_Google/div_A8SBwf,.IormKwidth640px.A8SBwfmargin0 a_763f70' is right clicked on

17-06-2024T19:07:00 - [TEST_STEP][PASSED] - verifyElementVisible(findTestObject("Object Repository/Page_Google/a_Tip tc")): Object 'Object Repository/Page_Google/a_Tip tc' is visible

17-06-2024T19:07:00 - [MESSAGE][PASSED] - Object 'Object Repository/Page_Google/a_Tip tc' is visible]]></system-out>
         <system-err><![CDATA[]]></system-err>
      </testcase>
      <testcase name="Test Cases/google 2" time="36.543" classname="Test Cases/google 2" status="PASSED">
         <system-out><![CDATA[17-06-2024T19:07:00 - [TEST_CASE][PASSED] - Test Cases/google 2: Test Cases/google 2

17-06-2024T19:07:00 - [TEST_STEP][PASSED] - openBrowser(""): Browser is opened with url: ''

17-06-2024T19:07:00 - [MESSAGE][WARNING] - A browser is already opened. Closing browser and opening a new one

17-06-2024T19:07:01 - [MESSAGE][INFO] - Starting 'Chrome (headless)' driver

17-06-2024T19:07:01 - [MESSAGE][INFO] - Action delay is set to 0 milliseconds

17-06-2024T19:07:02 - [MESSAGE][PASSED] - Browser is opened with url: ''

17-06-2024T19:07:02 - [TEST_STEP][PASSED] - navigateToUrl("https://www.youtube.com/"): Navigate to 'https://www.youtube.com/' successfully

17-06-2024T19:07:05 - [MESSAGE][PASSED] - Navigate to 'https://www.youtube.com/' successfully

17-06-2024T19:07:05 - [TEST_STEP][PASSED] - verifyElementVisible(findTestObject("Object Repository/Page_YouTube/div")): Object 'Object Repository/Page_YouTube/div' is visible

17-06-2024T19:07:36 - [MESSAGE][INFO] - Unable to find the element located by 'By.xpath: //yt-icon[@id='guide-icon']/span/div'. Please recheck the objects properties to make sure the desired element is located. 

17-06-2024T19:07:36 - [MESSAGE][WARNING] - [SELF-HEALING] Failed to find element with id 'Object Repository/Page_YouTube/div'. Try using Self-healing.

17-06-2024T19:07:37 - [MESSAGE][WARNING] - [SELF-HEALING] The current locator of test object 'Object Repository/Page_YouTube/div' was broken. Propose an alternative one: '(.//*[normalize-space(text()) and normalize-space(.)='Back'])[1]/following::div[1]'.

17-06-2024T19:07:37 - [MESSAGE][PASSED] - Object 'Object Repository/Page_YouTube/div' is visible

17-06-2024T19:07:37 - [TEST_STEP][PASSED] - closeBrowser(): Browser is closed

17-06-2024T19:07:37 - [MESSAGE][PASSED] - Browser is closed]]></system-out>
         <system-err><![CDATA[]]></system-err>
      </testcase>
      <testcase name="Test Cases/google 3" time="2.632" classname="Test Cases/google 3" status="PASSED">
         <system-out><![CDATA[17-06-2024T19:07:37 - [TEST_CASE][PASSED] - Test Cases/google 3: Test Cases/google 3

17-06-2024T19:07:37 - [TEST_STEP][PASSED] - openBrowser(""): Browser is opened with url: ''

17-06-2024T19:07:37 - [MESSAGE][INFO] - Starting 'Chrome (headless)' driver

17-06-2024T19:07:37 - [MESSAGE][INFO] - Action delay is set to 0 milliseconds

17-06-2024T19:07:38 - [MESSAGE][PASSED] - Browser is opened with url: ''

17-06-2024T19:07:38 - [TEST_STEP][PASSED] - navigateToUrl("https://www.google.com/"): Navigate to 'https://www.google.com/' successfully

17-06-2024T19:07:39 - [MESSAGE][PASSED] - Navigate to 'https://www.google.com/' successfully

17-06-2024T19:07:39 - [TEST_STEP][PASSED] - verifyElementVisible(findTestObject("Object Repository/Page_Google/button_Khng, cm n")): Object 'Object Repository/Page_Google/button_Khng, cm n' is visible

17-06-2024T19:07:40 - [MESSAGE][PASSED] - Object 'Object Repository/Page_Google/button_Khng, cm n' is visible]]></system-out>
         <system-err><![CDATA[]]></system-err>
      </testcase>
      <testcase name="Test Cases/google" time="3.023" classname="Test Cases/google" status="PASSED">
         <system-out><![CDATA[17-06-2024T19:07:40 - [TEST_CASE][PASSED] - Test Cases/google: Test Cases/google

17-06-2024T19:07:40 - [TEST_STEP][PASSED] - openBrowser(""): Browser is opened with url: ''

17-06-2024T19:07:40 - [MESSAGE][WARNING] - A browser is already opened. Closing browser and opening a new one

17-06-2024T19:07:40 - [MESSAGE][INFO] - Starting 'Chrome (headless)' driver

17-06-2024T19:07:40 - [MESSAGE][INFO] - Action delay is set to 0 milliseconds

17-06-2024T19:07:41 - [MESSAGE][PASSED] - Browser is opened with url: ''

17-06-2024T19:07:41 - [TEST_STEP][PASSED] - navigateToUrl("https://www.google.com/"): Navigate to 'https://www.google.com/' successfully

17-06-2024T19:07:42 - [MESSAGE][PASSED] - Navigate to 'https://www.google.com/' successfully

17-06-2024T19:07:42 - [TEST_STEP][PASSED] - verifyElementVisible(findTestObject("Object Repository/Page_Google/input_Bo co cc gi  khng ph hp_btnK")): Object 'Object Repository/Page_Google/input_Bo co cc gi  khng ph hp_btnK' is visible

17-06-2024T19:07:43 - [MESSAGE][PASSED] - Object 'Object Repository/Page_Google/input_Bo co cc gi  khng ph hp_btnK' is visible]]></system-out>
         <system-err><![CDATA[]]></system-err>
      </testcase>
      <testcase name="Test Cases/New Test Case (1)" time="3.118" classname="Test Cases/New Test Case (1)" status="PASSED">
         <system-out><![CDATA[17-06-2024T19:07:43 - [TEST_CASE][PASSED] - Test Cases/New Test Case (1): Test Cases/New Test Case (1)

17-06-2024T19:07:43 - [TEST_STEP][PASSED] - openBrowser(""): Browser is opened with url: ''

17-06-2024T19:07:43 - [MESSAGE][WARNING] - A browser is already opened. Closing browser and opening a new one

17-06-2024T19:07:43 - [MESSAGE][INFO] - Starting 'Chrome (headless)' driver

17-06-2024T19:07:43 - [MESSAGE][INFO] - Action delay is set to 0 milliseconds

17-06-2024T19:07:44 - [MESSAGE][PASSED] - Browser is opened with url: ''

17-06-2024T19:07:44 - [TEST_STEP][PASSED] - navigateToUrl("https://www.google.com/"): Navigate to 'https://www.google.com/' successfully

17-06-2024T19:07:45 - [MESSAGE][PASSED] - Navigate to 'https://www.google.com/' successfully

17-06-2024T19:07:45 - [TEST_STEP][PASSED] - click(findTestObject("Object Repository/Page_Google/button_Khng, cm n")): Object: 'Object Repository/Page_Google/button_Khng, cm n' is clicked on

17-06-2024T19:07:46 - [MESSAGE][PASSED] - Object: 'Object Repository/Page_Google/button_Khng, cm n' is clicked on]]></system-out>
         <system-err><![CDATA[]]></system-err>
      </testcase>
      <testcase name="Test Cases/New Test Case (10)" time="2.455" classname="Test Cases/New Test Case (10)" status="PASSED">
         <system-out><![CDATA[17-06-2024T19:07:46 - [TEST_CASE][PASSED] - Test Cases/New Test Case (10): Test Cases/New Test Case (10)

17-06-2024T19:07:46 - [TEST_STEP][PASSED] - openBrowser(""): Browser is opened with url: ''

17-06-2024T19:07:46 - [MESSAGE][WARNING] - A browser is already opened. Closing browser and opening a new one

17-06-2024T19:07:46 - [MESSAGE][INFO] - Starting 'Chrome (headless)' driver

17-06-2024T19:07:46 - [MESSAGE][INFO] - Action delay is set to 0 milliseconds

17-06-2024T19:07:47 - [MESSAGE][PASSED] - Browser is opened with url: ''

17-06-2024T19:07:47 - [TEST_STEP][PASSED] - navigateToUrl("https://www.google.com/"): Navigate to 'https://www.google.com/' successfully

17-06-2024T19:07:48 - [MESSAGE][PASSED] - Navigate to 'https://www.google.com/' successfully]]></system-out>
         <system-err><![CDATA[]]></system-err>
      </testcase>
      <testcase name="Test Cases/New Test Case (12)" time="2.741" classname="Test Cases/New Test Case (12)" status="PASSED">
         <system-out><![CDATA[17-06-2024T19:07:48 - [TEST_CASE][PASSED] - Test Cases/New Test Case (12): Test Cases/New Test Case (12)

17-06-2024T19:07:48 - [TEST_STEP][PASSED] - openBrowser(""): Browser is opened with url: ''

17-06-2024T19:07:48 - [MESSAGE][WARNING] - A browser is already opened. Closing browser and opening a new one

17-06-2024T19:07:48 - [MESSAGE][INFO] - Starting 'Chrome (headless)' driver

17-06-2024T19:07:48 - [MESSAGE][INFO] - Action delay is set to 0 milliseconds

17-06-2024T19:07:49 - [MESSAGE][PASSED] - Browser is opened with url: ''

17-06-2024T19:07:49 - [TEST_STEP][PASSED] - navigateToUrl("https://www.google.com/"): Navigate to 'https://www.google.com/' successfully

17-06-2024T19:07:51 - [MESSAGE][PASSED] - Navigate to 'https://www.google.com/' successfully]]></system-out>
         <system-err><![CDATA[]]></system-err>
      </testcase>
      <testcase name="Test Cases/New Test Case (11)" time="1.339" classname="Test Cases/New Test Case (11)" status="PASSED">
         <system-out><![CDATA[17-06-2024T19:07:51 - [TEST_CASE][PASSED] - Test Cases/New Test Case (11): Test Cases/New Test Case (11)

17-06-2024T19:07:51 - [TEST_STEP][PASSED] - openBrowser(""): Browser is opened with url: ''

17-06-2024T19:07:51 - [MESSAGE][WARNING] - A browser is already opened. Closing browser and opening a new one

17-06-2024T19:07:51 - [MESSAGE][INFO] - Starting 'Chrome (headless)' driver

17-06-2024T19:07:51 - [MESSAGE][INFO] - Action delay is set to 0 milliseconds

17-06-2024T19:07:52 - [MESSAGE][PASSED] - Browser is opened with url: ''

17-06-2024T19:07:52 - [TEST_STEP][PASSED] - navigateToUrl("https://www.google.com/"): Navigate to 'https://www.google.com/' successfully

17-06-2024T19:07:52 - [MESSAGE][PASSED] - Navigate to 'https://www.google.com/' successfully]]></system-out>
         <system-err><![CDATA[]]></system-err>
      </testcase>
      <testcase name="Test Cases/New Test Case (13)" time="0.008" classname="Test Cases/New Test Case (13)" status="PASSED">
         <system-out><![CDATA[17-06-2024T19:07:52 - [TEST_CASE][PASSED] - Test Cases/New Test Case (13): Test Cases/New Test Case (13)

17-06-2024T19:07:52 - [TEST_STEP][PASSED] - return null: null]]></system-out>
         <system-err><![CDATA[]]></system-err>
      </testcase>
      <testcase name="Test Cases/New Test Case (15)" time="2.389" classname="Test Cases/New Test Case (15)" status="PASSED">
         <system-out><![CDATA[17-06-2024T19:07:52 - [TEST_CASE][PASSED] - Test Cases/New Test Case (15): Test Cases/New Test Case (15)

17-06-2024T19:07:52 - [TEST_STEP][PASSED] - openBrowser(""): Browser is opened with url: ''

17-06-2024T19:07:52 - [MESSAGE][WARNING] - A browser is already opened. Closing browser and opening a new one

17-06-2024T19:07:53 - [MESSAGE][INFO] - Starting 'Chrome (headless)' driver

17-06-2024T19:07:53 - [MESSAGE][INFO] - Action delay is set to 0 milliseconds

17-06-2024T19:07:53 - [MESSAGE][PASSED] - Browser is opened with url: ''

17-06-2024T19:07:53 - [TEST_STEP][PASSED] - navigateToUrl("https://www.google.com/"): Navigate to 'https://www.google.com/' successfully

17-06-2024T19:07:55 - [MESSAGE][PASSED] - Navigate to 'https://www.google.com/' successfully]]></system-out>
         <system-err><![CDATA[]]></system-err>
      </testcase>
      <testcase name="Test Cases/New Test Case (14)" time="2.484" classname="Test Cases/New Test Case (14)" status="PASSED">
         <system-out><![CDATA[17-06-2024T19:07:55 - [TEST_CASE][PASSED] - Test Cases/New Test Case (14): Test Cases/New Test Case (14)

17-06-2024T19:07:55 - [TEST_STEP][PASSED] - openBrowser(""): Browser is opened with url: ''

17-06-2024T19:07:55 - [MESSAGE][WARNING] - A browser is already opened. Closing browser and opening a new one

17-06-2024T19:07:55 - [MESSAGE][INFO] - Starting 'Chrome (headless)' driver

17-06-2024T19:07:55 - [MESSAGE][INFO] - Action delay is set to 0 milliseconds

17-06-2024T19:07:56 - [MESSAGE][PASSED] - Browser is opened with url: ''

17-06-2024T19:07:56 - [TEST_STEP][PASSED] - navigateToUrl("https://www.google.com/"): Navigate to 'https://www.google.com/' successfully

17-06-2024T19:07:57 - [MESSAGE][PASSED] - Navigate to 'https://www.google.com/' successfully]]></system-out>
         <system-err><![CDATA[]]></system-err>
      </testcase>
      <testcase name="Test Cases/New Test Case (16)" time="2.375" classname="Test Cases/New Test Case (16)" status="PASSED">
         <system-out><![CDATA[17-06-2024T19:07:57 - [TEST_CASE][PASSED] - Test Cases/New Test Case (16): Test Cases/New Test Case (16)

17-06-2024T19:07:57 - [TEST_STEP][PASSED] - openBrowser(""): Browser is opened with url: ''

17-06-2024T19:07:57 - [MESSAGE][WARNING] - A browser is already opened. Closing browser and opening a new one

17-06-2024T19:07:57 - [MESSAGE][INFO] - Starting 'Chrome (headless)' driver

17-06-2024T19:07:57 - [MESSAGE][INFO] - Action delay is set to 0 milliseconds

17-06-2024T19:07:58 - [MESSAGE][PASSED] - Browser is opened with url: ''

17-06-2024T19:07:58 - [TEST_STEP][PASSED] - navigateToUrl("https://www.google.com/"): Navigate to 'https://www.google.com/' successfully

17-06-2024T19:08:00 - [MESSAGE][PASSED] - Navigate to 'https://www.google.com/' successfully]]></system-out>
         <system-err><![CDATA[]]></system-err>
      </testcase>
      <testcase name="Test Cases/New Test Case (17)" time="1.783" classname="Test Cases/New Test Case (17)" status="PASSED">
         <system-out><![CDATA[17-06-2024T19:08:00 - [TEST_CASE][PASSED] - Test Cases/New Test Case (17): Test Cases/New Test Case (17)

17-06-2024T19:08:00 - [TEST_STEP][PASSED] - openBrowser(""): Browser is opened with url: ''

17-06-2024T19:08:00 - [MESSAGE][WARNING] - A browser is already opened. Closing browser and opening a new one

17-06-2024T19:08:00 - [MESSAGE][INFO] - Starting 'Chrome (headless)' driver

17-06-2024T19:08:00 - [MESSAGE][INFO] - Action delay is set to 0 milliseconds

17-06-2024T19:08:01 - [MESSAGE][PASSED] - Browser is opened with url: ''

17-06-2024T19:08:01 - [TEST_STEP][PASSED] - navigateToUrl("https://www.google.com/"): Navigate to 'https://www.google.com/' successfully

17-06-2024T19:08:01 - [MESSAGE][PASSED] - Navigate to 'https://www.google.com/' successfully]]></system-out>
         <system-err><![CDATA[]]></system-err>
      </testcase>
      <testcase name="Test Cases/New Test Case (18)" time="2.686" classname="Test Cases/New Test Case (18)" status="PASSED">
         <system-out><![CDATA[17-06-2024T19:08:01 - [TEST_CASE][PASSED] - Test Cases/New Test Case (18): Test Cases/New Test Case (18)

17-06-2024T19:08:01 - [TEST_STEP][PASSED] - openBrowser(""): Browser is opened with url: ''

17-06-2024T19:08:01 - [MESSAGE][WARNING] - A browser is already opened. Closing browser and opening a new one

17-06-2024T19:08:02 - [MESSAGE][INFO] - Starting 'Chrome (headless)' driver

17-06-2024T19:08:02 - [MESSAGE][INFO] - Action delay is set to 0 milliseconds

17-06-2024T19:08:03 - [MESSAGE][PASSED] - Browser is opened with url: ''

17-06-2024T19:08:03 - [TEST_STEP][PASSED] - navigateToUrl("https://www.google.com/"): Navigate to 'https://www.google.com/' successfully

17-06-2024T19:08:04 - [MESSAGE][PASSED] - Navigate to 'https://www.google.com/' successfully]]></system-out>
         <system-err><![CDATA[]]></system-err>
      </testcase>
      <testcase name="Test Cases/New Test Case (19)" time="2.502" classname="Test Cases/New Test Case (19)" status="PASSED">
         <system-out><![CDATA[17-06-2024T19:08:04 - [TEST_CASE][PASSED] - Test Cases/New Test Case (19): Test Cases/New Test Case (19)

17-06-2024T19:08:04 - [TEST_STEP][PASSED] - openBrowser(""): Browser is opened with url: ''

17-06-2024T19:08:04 - [MESSAGE][WARNING] - A browser is already opened. Closing browser and opening a new one

17-06-2024T19:08:04 - [MESSAGE][INFO] - Starting 'Chrome (headless)' driver

17-06-2024T19:08:04 - [MESSAGE][INFO] - Action delay is set to 0 milliseconds

17-06-2024T19:08:05 - [MESSAGE][PASSED] - Browser is opened with url: ''

17-06-2024T19:08:05 - [TEST_STEP][PASSED] - navigateToUrl("https://www.google.com/"): Navigate to 'https://www.google.com/' successfully

17-06-2024T19:08:07 - [MESSAGE][PASSED] - Navigate to 'https://www.google.com/' successfully]]></system-out>
         <system-err><![CDATA[]]></system-err>
      </testcase>
      <testcase name="Test Cases/New Test Case (20)" time="0.004" classname="Test Cases/New Test Case (20)" status="PASSED">
         <system-out><![CDATA[17-06-2024T19:08:07 - [TEST_CASE][PASSED] - Test Cases/New Test Case (20): Test Cases/New Test Case (20)

17-06-2024T19:08:07 - [TEST_STEP][PASSED] - return null: null]]></system-out>
         <system-err><![CDATA[]]></system-err>
      </testcase>
      <testcase name="Test Cases/New Test Case (2)" time="3.207" classname="Test Cases/New Test Case (2)" status="PASSED">
         <system-out><![CDATA[17-06-2024T19:08:07 - [TEST_CASE][PASSED] - Test Cases/New Test Case (2): Test Cases/New Test Case (2)

17-06-2024T19:08:07 - [TEST_STEP][PASSED] - openBrowser(""): Browser is opened with url: ''

17-06-2024T19:08:07 - [MESSAGE][WARNING] - A browser is already opened. Closing browser and opening a new one

17-06-2024T19:08:07 - [MESSAGE][INFO] - Starting 'Chrome (headless)' driver

17-06-2024T19:08:07 - [MESSAGE][INFO] - Action delay is set to 0 milliseconds

17-06-2024T19:08:08 - [MESSAGE][PASSED] - Browser is opened with url: ''

17-06-2024T19:08:08 - [TEST_STEP][PASSED] - navigateToUrl("https://www.google.com/"): Navigate to 'https://www.google.com/' successfully

17-06-2024T19:08:09 - [MESSAGE][PASSED] - Navigate to 'https://www.google.com/' successfully

17-06-2024T19:08:09 - [TEST_STEP][PASSED] - click(findTestObject("Object Repository/Page_Google/a_Tip tc")): Object: 'Object Repository/Page_Google/a_Tip tc' is clicked on

17-06-2024T19:08:10 - [MESSAGE][PASSED] - Object: 'Object Repository/Page_Google/a_Tip tc' is clicked on]]></system-out>
         <system-err><![CDATA[]]></system-err>
      </testcase>
      <testcase name="Test Cases/New Test Case (21)" time="2.715" classname="Test Cases/New Test Case (21)" status="PASSED">
         <system-out><![CDATA[17-06-2024T19:08:10 - [TEST_CASE][PASSED] - Test Cases/New Test Case (21): Test Cases/New Test Case (21)

17-06-2024T19:08:10 - [TEST_STEP][PASSED] - openBrowser(""): Browser is opened with url: ''

17-06-2024T19:08:10 - [MESSAGE][WARNING] - A browser is already opened. Closing browser and opening a new one

17-06-2024T19:08:10 - [MESSAGE][INFO] - Starting 'Chrome (headless)' driver

17-06-2024T19:08:10 - [MESSAGE][INFO] - Action delay is set to 0 milliseconds

17-06-2024T19:08:11 - [MESSAGE][PASSED] - Browser is opened with url: ''

17-06-2024T19:08:11 - [TEST_STEP][PASSED] - navigateToUrl("https://www.google.com/"): Navigate to 'https://www.google.com/' successfully

17-06-2024T19:08:13 - [MESSAGE][PASSED] - Navigate to 'https://www.google.com/' successfully]]></system-out>
         <system-err><![CDATA[]]></system-err>
      </testcase>
      <testcase name="Test Cases/New Test Case (22)" time="2.388" classname="Test Cases/New Test Case (22)" status="PASSED">
         <system-out><![CDATA[17-06-2024T19:08:13 - [TEST_CASE][PASSED] - Test Cases/New Test Case (22): Test Cases/New Test Case (22)

17-06-2024T19:08:13 - [TEST_STEP][PASSED] - openBrowser(""): Browser is opened with url: ''

17-06-2024T19:08:13 - [MESSAGE][WARNING] - A browser is already opened. Closing browser and opening a new one

17-06-2024T19:08:13 - [MESSAGE][INFO] - Starting 'Chrome (headless)' driver

17-06-2024T19:08:13 - [MESSAGE][INFO] - Action delay is set to 0 milliseconds

17-06-2024T19:08:14 - [MESSAGE][PASSED] - Browser is opened with url: ''

17-06-2024T19:08:14 - [TEST_STEP][PASSED] - navigateToUrl("https://www.google.com/"): Navigate to 'https://www.google.com/' successfully

17-06-2024T19:08:15 - [MESSAGE][PASSED] - Navigate to 'https://www.google.com/' successfully]]></system-out>
         <system-err><![CDATA[]]></system-err>
      </testcase>
      <testcase name="Test Cases/New Test Case (23)" time="1.343" classname="Test Cases/New Test Case (23)" status="PASSED">
         <system-out><![CDATA[17-06-2024T19:08:15 - [TEST_CASE][PASSED] - Test Cases/New Test Case (23): Test Cases/New Test Case (23)

17-06-2024T19:08:15 - [TEST_STEP][PASSED] - openBrowser(""): Browser is opened with url: ''

17-06-2024T19:08:15 - [MESSAGE][WARNING] - A browser is already opened. Closing browser and opening a new one

17-06-2024T19:08:15 - [MESSAGE][INFO] - Starting 'Chrome (headless)' driver

17-06-2024T19:08:15 - [MESSAGE][INFO] - Action delay is set to 0 milliseconds

17-06-2024T19:08:16 - [MESSAGE][PASSED] - Browser is opened with url: ''

17-06-2024T19:08:16 - [TEST_STEP][PASSED] - navigateToUrl("https://www.google.com/"): Navigate to 'https://www.google.com/' successfully

17-06-2024T19:08:16 - [MESSAGE][PASSED] - Navigate to 'https://www.google.com/' successfully]]></system-out>
         <system-err><![CDATA[]]></system-err>
      </testcase>
      <testcase name="Test Cases/New Test Case (24)" time="2.659" classname="Test Cases/New Test Case (24)" status="PASSED">
         <system-out><![CDATA[17-06-2024T19:08:16 - [TEST_CASE][PASSED] - Test Cases/New Test Case (24): Test Cases/New Test Case (24)

17-06-2024T19:08:16 - [TEST_STEP][PASSED] - openBrowser(""): Browser is opened with url: ''

17-06-2024T19:08:16 - [MESSAGE][WARNING] - A browser is already opened. Closing browser and opening a new one

17-06-2024T19:08:16 - [MESSAGE][INFO] - Starting 'Chrome (headless)' driver

17-06-2024T19:08:16 - [MESSAGE][INFO] - Action delay is set to 0 milliseconds

17-06-2024T19:08:17 - [MESSAGE][PASSED] - Browser is opened with url: ''

17-06-2024T19:08:17 - [TEST_STEP][PASSED] - navigateToUrl("https://www.google.com/"): Navigate to 'https://www.google.com/' successfully

17-06-2024T19:08:19 - [MESSAGE][PASSED] - Navigate to 'https://www.google.com/' successfully]]></system-out>
         <system-err><![CDATA[]]></system-err>
      </testcase>
      <testcase name="Test Cases/New Test Case (25)" time="2.677" classname="Test Cases/New Test Case (25)" status="PASSED">
         <system-out><![CDATA[17-06-2024T19:08:19 - [TEST_CASE][PASSED] - Test Cases/New Test Case (25): Test Cases/New Test Case (25)

17-06-2024T19:08:19 - [TEST_STEP][PASSED] - openBrowser(""): Browser is opened with url: ''

17-06-2024T19:08:19 - [MESSAGE][WARNING] - A browser is already opened. Closing browser and opening a new one

17-06-2024T19:08:19 - [MESSAGE][INFO] - Starting 'Chrome (headless)' driver

17-06-2024T19:08:19 - [MESSAGE][INFO] - Action delay is set to 0 milliseconds

17-06-2024T19:08:20 - [MESSAGE][PASSED] - Browser is opened with url: ''

17-06-2024T19:08:20 - [TEST_STEP][PASSED] - navigateToUrl("https://www.google.com/"): Navigate to 'https://www.google.com/' successfully

17-06-2024T19:08:22 - [MESSAGE][PASSED] - Navigate to 'https://www.google.com/' successfully]]></system-out>
         <system-err><![CDATA[]]></system-err>
      </testcase>
      <testcase name="Test Cases/New Test Case (26)" time="2.804" classname="Test Cases/New Test Case (26)" status="PASSED">
         <system-out><![CDATA[17-06-2024T19:08:22 - [TEST_CASE][PASSED] - Test Cases/New Test Case (26): Test Cases/New Test Case (26)

17-06-2024T19:08:22 - [TEST_STEP][PASSED] - openBrowser(""): Browser is opened with url: ''

17-06-2024T19:08:22 - [MESSAGE][WARNING] - A browser is already opened. Closing browser and opening a new one

17-06-2024T19:08:22 - [MESSAGE][INFO] - Starting 'Chrome (headless)' driver

17-06-2024T19:08:22 - [MESSAGE][INFO] - Action delay is set to 0 milliseconds

17-06-2024T19:08:23 - [MESSAGE][PASSED] - Browser is opened with url: ''

17-06-2024T19:08:23 - [TEST_STEP][PASSED] - navigateToUrl("https://www.google.com/"): Navigate to 'https://www.google.com/' successfully

17-06-2024T19:08:24 - [MESSAGE][PASSED] - Navigate to 'https://www.google.com/' successfully]]></system-out>
         <system-err><![CDATA[]]></system-err>
      </testcase>
      <testcase name="Test Cases/New Test Case (27)" time="2.842" classname="Test Cases/New Test Case (27)" status="PASSED">
         <system-out><![CDATA[17-06-2024T19:08:24 - [TEST_CASE][PASSED] - Test Cases/New Test Case (27): Test Cases/New Test Case (27)

17-06-2024T19:08:24 - [TEST_STEP][PASSED] - openBrowser(""): Browser is opened with url: ''

17-06-2024T19:08:24 - [MESSAGE][WARNING] - A browser is already opened. Closing browser and opening a new one

17-06-2024T19:08:25 - [MESSAGE][INFO] - Starting 'Chrome (headless)' driver

17-06-2024T19:08:25 - [MESSAGE][INFO] - Action delay is set to 0 milliseconds

17-06-2024T19:08:26 - [MESSAGE][PASSED] - Browser is opened with url: ''

17-06-2024T19:08:26 - [TEST_STEP][PASSED] - navigateToUrl("https://www.google.com/"): Navigate to 'https://www.google.com/' successfully

17-06-2024T19:08:27 - [MESSAGE][PASSED] - Navigate to 'https://www.google.com/' successfully]]></system-out>
         <system-err><![CDATA[]]></system-err>
      </testcase>
      <testcase name="Test Cases/New Test Case (28)" time="2.342" classname="Test Cases/New Test Case (28)" status="PASSED">
         <system-out><![CDATA[17-06-2024T19:08:27 - [TEST_CASE][PASSED] - Test Cases/New Test Case (28): Test Cases/New Test Case (28)

17-06-2024T19:08:27 - [TEST_STEP][PASSED] - openBrowser(""): Browser is opened with url: ''

17-06-2024T19:08:27 - [MESSAGE][WARNING] - A browser is already opened. Closing browser and opening a new one

17-06-2024T19:08:28 - [MESSAGE][INFO] - Starting 'Chrome (headless)' driver

17-06-2024T19:08:28 - [MESSAGE][INFO] - Action delay is set to 0 milliseconds

17-06-2024T19:08:28 - [MESSAGE][PASSED] - Browser is opened with url: ''

17-06-2024T19:08:28 - [TEST_STEP][PASSED] - navigateToUrl("https://www.google.com/"): Navigate to 'https://www.google.com/' successfully

17-06-2024T19:08:30 - [MESSAGE][PASSED] - Navigate to 'https://www.google.com/' successfully]]></system-out>
         <system-err><![CDATA[]]></system-err>
      </testcase>
      <testcase name="Test Cases/New Test Case (3)" time="2.95" classname="Test Cases/New Test Case (3)" status="PASSED">
         <system-out><![CDATA[17-06-2024T19:08:30 - [TEST_CASE][PASSED] - Test Cases/New Test Case (3): Test Cases/New Test Case (3)

17-06-2024T19:08:30 - [TEST_STEP][PASSED] - openBrowser(""): Browser is opened with url: ''

17-06-2024T19:08:30 - [MESSAGE][WARNING] - A browser is already opened. Closing browser and opening a new one

17-06-2024T19:08:30 - [MESSAGE][INFO] - Starting 'Chrome (headless)' driver

17-06-2024T19:08:30 - [MESSAGE][INFO] - Action delay is set to 0 milliseconds

17-06-2024T19:08:31 - [MESSAGE][PASSED] - Browser is opened with url: ''

17-06-2024T19:08:31 - [TEST_STEP][PASSED] - navigateToUrl("https://www.google.com/"): Navigate to 'https://www.google.com/' successfully

17-06-2024T19:08:32 - [MESSAGE][PASSED] - Navigate to 'https://www.google.com/' successfully

17-06-2024T19:08:32 - [TEST_STEP][PASSED] - verifyElementVisible(findTestObject("Object Repository/Page_Google/img_ng nhp_lnXdpd")): Object 'Object Repository/Page_Google/img_ng nhp_lnXdpd' is visible

17-06-2024T19:08:33 - [MESSAGE][PASSED] - Object 'Object Repository/Page_Google/img_ng nhp_lnXdpd' is visible]]></system-out>
         <system-err><![CDATA[]]></system-err>
      </testcase>
      <testcase name="Test Cases/New Test Case (29)" time="1.55" classname="Test Cases/New Test Case (29)" status="PASSED">
         <system-out><![CDATA[17-06-2024T19:08:33 - [TEST_CASE][PASSED] - Test Cases/New Test Case (29): Test Cases/New Test Case (29)

17-06-2024T19:08:33 - [TEST_STEP][PASSED] - openBrowser(""): Browser is opened with url: ''

17-06-2024T19:08:33 - [MESSAGE][WARNING] - A browser is already opened. Closing browser and opening a new one

17-06-2024T19:08:33 - [MESSAGE][INFO] - Starting 'Chrome (headless)' driver

17-06-2024T19:08:33 - [MESSAGE][INFO] - Action delay is set to 0 milliseconds

17-06-2024T19:08:34 - [MESSAGE][PASSED] - Browser is opened with url: ''

17-06-2024T19:08:34 - [TEST_STEP][PASSED] - navigateToUrl("https://www.google.com/"): Navigate to 'https://www.google.com/' successfully

17-06-2024T19:08:34 - [MESSAGE][PASSED] - Navigate to 'https://www.google.com/' successfully]]></system-out>
         <system-err><![CDATA[]]></system-err>
      </testcase>
      <testcase name="Test Cases/New Test Case (31)" time="2.524" classname="Test Cases/New Test Case (31)" status="PASSED">
         <system-out><![CDATA[17-06-2024T19:08:34 - [TEST_CASE][PASSED] - Test Cases/New Test Case (31): Test Cases/New Test Case (31)

17-06-2024T19:08:34 - [TEST_STEP][PASSED] - openBrowser(""): Browser is opened with url: ''

17-06-2024T19:08:34 - [MESSAGE][WARNING] - A browser is already opened. Closing browser and opening a new one

17-06-2024T19:08:34 - [MESSAGE][INFO] - Starting 'Chrome (headless)' driver

17-06-2024T19:08:34 - [MESSAGE][INFO] - Action delay is set to 0 milliseconds

17-06-2024T19:08:35 - [MESSAGE][PASSED] - Browser is opened with url: ''

17-06-2024T19:08:35 - [TEST_STEP][PASSED] - navigateToUrl("https://www.google.com/"): Navigate to 'https://www.google.com/' successfully

17-06-2024T19:08:37 - [MESSAGE][PASSED] - Navigate to 'https://www.google.com/' successfully]]></system-out>
         <system-err><![CDATA[]]></system-err>
      </testcase>
      <testcase name="Test Cases/New Test Case (30)" time="2.885" classname="Test Cases/New Test Case (30)" status="PASSED">
         <system-out><![CDATA[17-06-2024T19:08:37 - [TEST_CASE][PASSED] - Test Cases/New Test Case (30): Test Cases/New Test Case (30)

17-06-2024T19:08:37 - [TEST_STEP][PASSED] - openBrowser(""): Browser is opened with url: ''

17-06-2024T19:08:37 - [MESSAGE][WARNING] - A browser is already opened. Closing browser and opening a new one

17-06-2024T19:08:37 - [MESSAGE][INFO] - Starting 'Chrome (headless)' driver

17-06-2024T19:08:37 - [MESSAGE][INFO] - Action delay is set to 0 milliseconds

17-06-2024T19:08:38 - [MESSAGE][PASSED] - Browser is opened with url: ''

17-06-2024T19:08:38 - [TEST_STEP][PASSED] - navigateToUrl("https://www.google.com/"): Navigate to 'https://www.google.com/' successfully

17-06-2024T19:08:40 - [MESSAGE][PASSED] - Navigate to 'https://www.google.com/' successfully]]></system-out>
         <system-err><![CDATA[]]></system-err>
      </testcase>
      <testcase name="Test Cases/New Test Case (32)" time="2.663" classname="Test Cases/New Test Case (32)" status="PASSED">
         <system-out><![CDATA[17-06-2024T19:08:40 - [TEST_CASE][PASSED] - Test Cases/New Test Case (32): Test Cases/New Test Case (32)

17-06-2024T19:08:40 - [TEST_STEP][PASSED] - openBrowser(""): Browser is opened with url: ''

17-06-2024T19:08:40 - [MESSAGE][WARNING] - A browser is already opened. Closing browser and opening a new one

17-06-2024T19:08:40 - [MESSAGE][INFO] - Starting 'Chrome (headless)' driver

17-06-2024T19:08:40 - [MESSAGE][INFO] - Action delay is set to 0 milliseconds

17-06-2024T19:08:41 - [MESSAGE][PASSED] - Browser is opened with url: ''

17-06-2024T19:08:41 - [TEST_STEP][PASSED] - navigateToUrl("https://www.google.com/"): Navigate to 'https://www.google.com/' successfully

17-06-2024T19:08:42 - [MESSAGE][PASSED] - Navigate to 'https://www.google.com/' successfully]]></system-out>
         <system-err><![CDATA[]]></system-err>
      </testcase>
      <testcase name="Test Cases/New Test Case (33)" time="2.604" classname="Test Cases/New Test Case (33)" status="PASSED">
         <system-out><![CDATA[17-06-2024T19:08:42 - [TEST_CASE][PASSED] - Test Cases/New Test Case (33): Test Cases/New Test Case (33)

17-06-2024T19:08:42 - [TEST_STEP][PASSED] - openBrowser(""): Browser is opened with url: ''

17-06-2024T19:08:42 - [MESSAGE][WARNING] - A browser is already opened. Closing browser and opening a new one

17-06-2024T19:08:42 - [MESSAGE][INFO] - Starting 'Chrome (headless)' driver

17-06-2024T19:08:42 - [MESSAGE][INFO] - Action delay is set to 0 milliseconds

17-06-2024T19:08:43 - [MESSAGE][PASSED] - Browser is opened with url: ''

17-06-2024T19:08:43 - [TEST_STEP][PASSED] - navigateToUrl("https://www.google.com/"): Navigate to 'https://www.google.com/' successfully

17-06-2024T19:08:45 - [MESSAGE][PASSED] - Navigate to 'https://www.google.com/' successfully]]></system-out>
         <system-err><![CDATA[]]></system-err>
      </testcase>
      <testcase name="Test Cases/New Test Case (34)" time="2.553" classname="Test Cases/New Test Case (34)" status="PASSED">
         <system-out><![CDATA[17-06-2024T19:08:45 - [TEST_CASE][PASSED] - Test Cases/New Test Case (34): Test Cases/New Test Case (34)

17-06-2024T19:08:45 - [TEST_STEP][PASSED] - openBrowser(""): Browser is opened with url: ''

17-06-2024T19:08:45 - [MESSAGE][WARNING] - A browser is already opened. Closing browser and opening a new one

17-06-2024T19:08:45 - [MESSAGE][INFO] - Starting 'Chrome (headless)' driver

17-06-2024T19:08:45 - [MESSAGE][INFO] - Action delay is set to 0 milliseconds

17-06-2024T19:08:46 - [MESSAGE][PASSED] - Browser is opened with url: ''

17-06-2024T19:08:46 - [TEST_STEP][PASSED] - navigateToUrl("https://www.google.com/"): Navigate to 'https://www.google.com/' successfully

17-06-2024T19:08:47 - [MESSAGE][PASSED] - Navigate to 'https://www.google.com/' successfully]]></system-out>
         <system-err><![CDATA[]]></system-err>
      </testcase>
      <testcase name="Test Cases/New Test Case (35)" time="3.055" classname="Test Cases/New Test Case (35)" status="PASSED">
         <system-out><![CDATA[17-06-2024T19:08:47 - [TEST_CASE][PASSED] - Test Cases/New Test Case (35): Test Cases/New Test Case (35)

17-06-2024T19:08:47 - [TEST_STEP][PASSED] - openBrowser(""): Browser is opened with url: ''

17-06-2024T19:08:47 - [MESSAGE][WARNING] - A browser is already opened. Closing browser and opening a new one

17-06-2024T19:08:48 - [MESSAGE][INFO] - Starting 'Chrome (headless)' driver

17-06-2024T19:08:48 - [MESSAGE][INFO] - Action delay is set to 0 milliseconds

17-06-2024T19:08:49 - [MESSAGE][PASSED] - Browser is opened with url: ''

17-06-2024T19:08:49 - [TEST_STEP][PASSED] - navigateToUrl("https://www.google.com/"): Navigate to 'https://www.google.com/' successfully

17-06-2024T19:08:50 - [MESSAGE][PASSED] - Navigate to 'https://www.google.com/' successfully]]></system-out>
         <system-err><![CDATA[]]></system-err>
      </testcase>
      <testcase name="Test Cases/New Test Case (36)" time="2.488" classname="Test Cases/New Test Case (36)" status="PASSED">
         <system-out><![CDATA[17-06-2024T19:08:50 - [TEST_CASE][PASSED] - Test Cases/New Test Case (36): Test Cases/New Test Case (36)

17-06-2024T19:08:50 - [TEST_STEP][PASSED] - openBrowser(""): Browser is opened with url: ''

17-06-2024T19:08:50 - [MESSAGE][WARNING] - A browser is already opened. Closing browser and opening a new one

17-06-2024T19:08:51 - [MESSAGE][INFO] - Starting 'Chrome (headless)' driver

17-06-2024T19:08:51 - [MESSAGE][INFO] - Action delay is set to 0 milliseconds

17-06-2024T19:08:51 - [MESSAGE][PASSED] - Browser is opened with url: ''

17-06-2024T19:08:51 - [TEST_STEP][PASSED] - navigateToUrl("https://www.google.com/"): Navigate to 'https://www.google.com/' successfully

17-06-2024T19:08:53 - [MESSAGE][PASSED] - Navigate to 'https://www.google.com/' successfully]]></system-out>
         <system-err><![CDATA[]]></system-err>
      </testcase>
      <testcase name="Test Cases/New Test Case (37)" time="2.478" classname="Test Cases/New Test Case (37)" status="PASSED">
         <system-out><![CDATA[17-06-2024T19:08:53 - [TEST_CASE][PASSED] - Test Cases/New Test Case (37): Test Cases/New Test Case (37)

17-06-2024T19:08:53 - [TEST_STEP][PASSED] - openBrowser(""): Browser is opened with url: ''

17-06-2024T19:08:53 - [MESSAGE][WARNING] - A browser is already opened. Closing browser and opening a new one

17-06-2024T19:08:53 - [MESSAGE][INFO] - Starting 'Chrome (headless)' driver

17-06-2024T19:08:53 - [MESSAGE][INFO] - Action delay is set to 0 milliseconds

17-06-2024T19:08:54 - [MESSAGE][PASSED] - Browser is opened with url: ''

17-06-2024T19:08:54 - [TEST_STEP][PASSED] - navigateToUrl("https://www.google.com/"): Navigate to 'https://www.google.com/' successfully

17-06-2024T19:08:55 - [MESSAGE][PASSED] - Navigate to 'https://www.google.com/' successfully]]></system-out>
         <system-err><![CDATA[]]></system-err>
      </testcase>
      <testcase name="Test Cases/New Test Case (38)" time="2.828" classname="Test Cases/New Test Case (38)" status="PASSED">
         <system-out><![CDATA[17-06-2024T19:08:55 - [TEST_CASE][PASSED] - Test Cases/New Test Case (38): Test Cases/New Test Case (38)

17-06-2024T19:08:55 - [TEST_STEP][PASSED] - openBrowser(""): Browser is opened with url: ''

17-06-2024T19:08:55 - [MESSAGE][WARNING] - A browser is already opened. Closing browser and opening a new one

17-06-2024T19:08:56 - [MESSAGE][INFO] - Starting 'Chrome (headless)' driver

17-06-2024T19:08:56 - [MESSAGE][INFO] - Action delay is set to 0 milliseconds

17-06-2024T19:08:57 - [MESSAGE][PASSED] - Browser is opened with url: ''

17-06-2024T19:08:57 - [TEST_STEP][PASSED] - navigateToUrl("https://www.google.com/"): Navigate to 'https://www.google.com/' successfully

17-06-2024T19:08:58 - [MESSAGE][PASSED] - Navigate to 'https://www.google.com/' successfully]]></system-out>
         <system-err><![CDATA[]]></system-err>
      </testcase>
      <testcase name="Test Cases/New Test Case (4)" time="3.098" classname="Test Cases/New Test Case (4)" status="PASSED">
         <system-out><![CDATA[17-06-2024T19:08:58 - [TEST_CASE][PASSED] - Test Cases/New Test Case (4): Test Cases/New Test Case (4)

17-06-2024T19:08:58 - [TEST_STEP][PASSED] - openBrowser(""): Browser is opened with url: ''

17-06-2024T19:08:58 - [MESSAGE][WARNING] - A browser is already opened. Closing browser and opening a new one

17-06-2024T19:08:58 - [MESSAGE][INFO] - Starting 'Chrome (headless)' driver

17-06-2024T19:08:58 - [MESSAGE][INFO] - Action delay is set to 0 milliseconds

17-06-2024T19:08:59 - [MESSAGE][PASSED] - Browser is opened with url: ''

17-06-2024T19:08:59 - [TEST_STEP][PASSED] - navigateToUrl("https://www.google.com/"): Navigate to 'https://www.google.com/' successfully

17-06-2024T19:09:01 - [MESSAGE][PASSED] - Navigate to 'https://www.google.com/' successfully

17-06-2024T19:09:01 - [TEST_STEP][PASSED] - verifyElementVisible(findTestObject("Object Repository/Page_Google/div_Vit Nam")): Object 'Object Repository/Page_Google/div_Vit Nam' is visible

17-06-2024T19:09:01 - [MESSAGE][PASSED] - Object 'Object Repository/Page_Google/div_Vit Nam' is visible]]></system-out>
         <system-err><![CDATA[]]></system-err>
      </testcase>
      <testcase name="Test Cases/New Test Case (39)" time="2.625" classname="Test Cases/New Test Case (39)" status="PASSED">
         <system-out><![CDATA[17-06-2024T19:09:01 - [TEST_CASE][PASSED] - Test Cases/New Test Case (39): Test Cases/New Test Case (39)

17-06-2024T19:09:01 - [TEST_STEP][PASSED] - openBrowser(""): Browser is opened with url: ''

17-06-2024T19:09:01 - [MESSAGE][WARNING] - A browser is already opened. Closing browser and opening a new one

17-06-2024T19:09:02 - [MESSAGE][INFO] - Starting 'Chrome (headless)' driver

17-06-2024T19:09:02 - [MESSAGE][INFO] - Action delay is set to 0 milliseconds

17-06-2024T19:09:03 - [MESSAGE][PASSED] - Browser is opened with url: ''

17-06-2024T19:09:03 - [TEST_STEP][PASSED] - navigateToUrl("https://www.google.com/"): Navigate to 'https://www.google.com/' successfully

17-06-2024T19:09:04 - [MESSAGE][PASSED] - Navigate to 'https://www.google.com/' successfully]]></system-out>
         <system-err><![CDATA[]]></system-err>
      </testcase>
      <testcase name="Test Cases/New Test Case (40)" time="2.712" classname="Test Cases/New Test Case (40)" status="PASSED">
         <system-out><![CDATA[17-06-2024T19:09:04 - [TEST_CASE][PASSED] - Test Cases/New Test Case (40): Test Cases/New Test Case (40)

17-06-2024T19:09:04 - [TEST_STEP][PASSED] - openBrowser(""): Browser is opened with url: ''

17-06-2024T19:09:04 - [MESSAGE][WARNING] - A browser is already opened. Closing browser and opening a new one

17-06-2024T19:09:04 - [MESSAGE][INFO] - Starting 'Chrome (headless)' driver

17-06-2024T19:09:04 - [MESSAGE][INFO] - Action delay is set to 0 milliseconds

17-06-2024T19:09:05 - [MESSAGE][PASSED] - Browser is opened with url: ''

17-06-2024T19:09:05 - [TEST_STEP][PASSED] - navigateToUrl("https://www.google.com/"): Navigate to 'https://www.google.com/' successfully

17-06-2024T19:09:07 - [MESSAGE][PASSED] - Navigate to 'https://www.google.com/' successfully]]></system-out>
         <system-err><![CDATA[]]></system-err>
      </testcase>
      <testcase name="Test Cases/New Test Case (41)" time="2.341" classname="Test Cases/New Test Case (41)" status="PASSED">
         <system-out><![CDATA[17-06-2024T19:09:07 - [TEST_CASE][PASSED] - Test Cases/New Test Case (41): Test Cases/New Test Case (41)

17-06-2024T19:09:07 - [TEST_STEP][PASSED] - openBrowser(""): Browser is opened with url: ''

17-06-2024T19:09:07 - [MESSAGE][WARNING] - A browser is already opened. Closing browser and opening a new one

17-06-2024T19:09:07 - [MESSAGE][INFO] - Starting 'Chrome (headless)' driver

17-06-2024T19:09:07 - [MESSAGE][INFO] - Action delay is set to 0 milliseconds

17-06-2024T19:09:08 - [MESSAGE][PASSED] - Browser is opened with url: ''

17-06-2024T19:09:08 - [TEST_STEP][PASSED] - navigateToUrl("https://www.google.com/"): Navigate to 'https://www.google.com/' successfully

17-06-2024T19:09:09 - [MESSAGE][PASSED] - Navigate to 'https://www.google.com/' successfully]]></system-out>
         <system-err><![CDATA[]]></system-err>
      </testcase>
      <testcase name="Test Cases/New Test Case (42)" time="2.786" classname="Test Cases/New Test Case (42)" status="PASSED">
         <system-out><![CDATA[17-06-2024T19:09:09 - [TEST_CASE][PASSED] - Test Cases/New Test Case (42): Test Cases/New Test Case (42)

17-06-2024T19:09:09 - [TEST_STEP][PASSED] - openBrowser(""): Browser is opened with url: ''

17-06-2024T19:09:09 - [MESSAGE][WARNING] - A browser is already opened. Closing browser and opening a new one

17-06-2024T19:09:09 - [MESSAGE][INFO] - Starting 'Chrome (headless)' driver

17-06-2024T19:09:09 - [MESSAGE][INFO] - Action delay is set to 0 milliseconds

17-06-2024T19:09:10 - [MESSAGE][PASSED] - Browser is opened with url: ''

17-06-2024T19:09:10 - [TEST_STEP][PASSED] - navigateToUrl("https://www.google.com/"): Navigate to 'https://www.google.com/' successfully

17-06-2024T19:09:12 - [MESSAGE][PASSED] - Navigate to 'https://www.google.com/' successfully]]></system-out>
         <system-err><![CDATA[]]></system-err>
      </testcase>
      <testcase name="Test Cases/New Test Case (43)" time="2.494" classname="Test Cases/New Test Case (43)" status="PASSED">
         <system-out><![CDATA[17-06-2024T19:09:12 - [TEST_CASE][PASSED] - Test Cases/New Test Case (43): Test Cases/New Test Case (43)

17-06-2024T19:09:12 - [TEST_STEP][PASSED] - openBrowser(""): Browser is opened with url: ''

17-06-2024T19:09:12 - [MESSAGE][WARNING] - A browser is already opened. Closing browser and opening a new one

17-06-2024T19:09:12 - [MESSAGE][INFO] - Starting 'Chrome (headless)' driver

17-06-2024T19:09:12 - [MESSAGE][INFO] - Action delay is set to 0 milliseconds

17-06-2024T19:09:13 - [MESSAGE][PASSED] - Browser is opened with url: ''

17-06-2024T19:09:13 - [TEST_STEP][PASSED] - navigateToUrl("https://www.google.com/"): Navigate to 'https://www.google.com/' successfully

17-06-2024T19:09:14 - [MESSAGE][PASSED] - Navigate to 'https://www.google.com/' successfully]]></system-out>
         <system-err><![CDATA[]]></system-err>
      </testcase>
      <testcase name="Test Cases/New Test Case (44)" time="2.437" classname="Test Cases/New Test Case (44)" status="PASSED">
         <system-out><![CDATA[17-06-2024T19:09:14 - [TEST_CASE][PASSED] - Test Cases/New Test Case (44): Test Cases/New Test Case (44)

17-06-2024T19:09:14 - [TEST_STEP][PASSED] - openBrowser(""): Browser is opened with url: ''

17-06-2024T19:09:14 - [MESSAGE][WARNING] - A browser is already opened. Closing browser and opening a new one

17-06-2024T19:09:15 - [MESSAGE][INFO] - Starting 'Chrome (headless)' driver

17-06-2024T19:09:15 - [MESSAGE][INFO] - Action delay is set to 0 milliseconds

17-06-2024T19:09:15 - [MESSAGE][PASSED] - Browser is opened with url: ''

17-06-2024T19:09:15 - [TEST_STEP][PASSED] - navigateToUrl("https://www.google.com/"): Navigate to 'https://www.google.com/' successfully

17-06-2024T19:09:17 - [MESSAGE][PASSED] - Navigate to 'https://www.google.com/' successfully]]></system-out>
         <system-err><![CDATA[]]></system-err>
      </testcase>
      <testcase name="Test Cases/New Test Case (45)" time="3.763" classname="Test Cases/New Test Case (45)" status="PASSED">
         <system-out><![CDATA[17-06-2024T19:09:17 - [TEST_CASE][PASSED] - Test Cases/New Test Case (45): Test Cases/New Test Case (45)

17-06-2024T19:09:17 - [TEST_STEP][PASSED] - openBrowser(""): Browser is opened with url: ''

17-06-2024T19:09:17 - [MESSAGE][WARNING] - A browser is already opened. Closing browser and opening a new one

17-06-2024T19:09:17 - [MESSAGE][INFO] - Starting 'Chrome (headless)' driver

17-06-2024T19:09:17 - [MESSAGE][INFO] - Action delay is set to 0 milliseconds

17-06-2024T19:09:18 - [MESSAGE][PASSED] - Browser is opened with url: ''

17-06-2024T19:09:18 - [TEST_STEP][PASSED] - navigateToUrl("https://www.google.com/"): Navigate to 'https://www.google.com/' successfully

17-06-2024T19:09:19 - [MESSAGE][PASSED] - Navigate to 'https://www.google.com/' successfully

17-06-2024T19:09:19 - [TEST_STEP][PASSED] - openBrowser(""): Browser is opened with url: ''

17-06-2024T19:09:19 - [MESSAGE][WARNING] - A browser is already opened. Closing browser and opening a new one

17-06-2024T19:09:19 - [MESSAGE][INFO] - Starting 'Chrome (headless)' driver

17-06-2024T19:09:19 - [MESSAGE][INFO] - Action delay is set to 0 milliseconds

17-06-2024T19:09:20 - [MESSAGE][PASSED] - Browser is opened with url: ''

17-06-2024T19:09:20 - [TEST_STEP][PASSED] - navigateToUrl("https://www.google.com/"): Navigate to 'https://www.google.com/' successfully

17-06-2024T19:09:20 - [MESSAGE][PASSED] - Navigate to 'https://www.google.com/' successfully]]></system-out>
         <system-err><![CDATA[]]></system-err>
      </testcase>
      <testcase name="Test Cases/New Test Case (46)" time="18.391" classname="Test Cases/New Test Case (46)" status="PASSED">
         <system-out><![CDATA[17-06-2024T19:09:20 - [TEST_CASE][PASSED] - Test Cases/New Test Case (46): Test Cases/New Test Case (46)

17-06-2024T19:09:21 - [TEST_STEP][PASSED] - openBrowser(""): Browser is opened with url: ''

17-06-2024T19:09:21 - [MESSAGE][WARNING] - A browser is already opened. Closing browser and opening a new one

17-06-2024T19:09:21 - [MESSAGE][INFO] - Starting 'Chrome (headless)' driver

17-06-2024T19:09:21 - [MESSAGE][INFO] - Action delay is set to 0 milliseconds

17-06-2024T19:09:22 - [MESSAGE][PASSED] - Browser is opened with url: ''

17-06-2024T19:09:22 - [TEST_STEP][PASSED] - navigateToUrl("https://www.google.com/"): Navigate to 'https://www.google.com/' successfully

17-06-2024T19:09:39 - [MESSAGE][PASSED] - Navigate to 'https://www.google.com/' successfully]]></system-out>
         <system-err><![CDATA[]]></system-err>
      </testcase>
      <testcase name="Test Cases/New Test Case (48)" time="2.369" classname="Test Cases/New Test Case (48)" status="PASSED">
         <system-out><![CDATA[17-06-2024T19:09:39 - [TEST_CASE][PASSED] - Test Cases/New Test Case (48): Test Cases/New Test Case (48)

17-06-2024T19:09:39 - [TEST_STEP][PASSED] - openBrowser(""): Browser is opened with url: ''

17-06-2024T19:09:39 - [MESSAGE][WARNING] - A browser is already opened. Closing browser and opening a new one

17-06-2024T19:09:39 - [MESSAGE][INFO] - Starting 'Chrome (headless)' driver

17-06-2024T19:09:39 - [MESSAGE][INFO] - Action delay is set to 0 milliseconds

17-06-2024T19:09:40 - [MESSAGE][PASSED] - Browser is opened with url: ''

17-06-2024T19:09:40 - [TEST_STEP][PASSED] - navigateToUrl("https://www.google.com/"): Navigate to 'https://www.google.com/' successfully

17-06-2024T19:09:41 - [MESSAGE][PASSED] - Navigate to 'https://www.google.com/' successfully]]></system-out>
         <system-err><![CDATA[]]></system-err>
      </testcase>
      <testcase name="Test Cases/New Test Case (47)" time="2.777" classname="Test Cases/New Test Case (47)" status="PASSED">
         <system-out><![CDATA[17-06-2024T19:09:41 - [TEST_CASE][PASSED] - Test Cases/New Test Case (47): Test Cases/New Test Case (47)

17-06-2024T19:09:41 - [TEST_STEP][PASSED] - openBrowser(""): Browser is opened with url: ''

17-06-2024T19:09:41 - [MESSAGE][WARNING] - A browser is already opened. Closing browser and opening a new one

17-06-2024T19:09:41 - [MESSAGE][INFO] - Starting 'Chrome (headless)' driver

17-06-2024T19:09:41 - [MESSAGE][INFO] - Action delay is set to 0 milliseconds

17-06-2024T19:09:42 - [MESSAGE][PASSED] - Browser is opened with url: ''

17-06-2024T19:09:42 - [TEST_STEP][PASSED] - navigateToUrl("https://www.google.com/"): Navigate to 'https://www.google.com/' successfully

17-06-2024T19:09:44 - [MESSAGE][PASSED] - Navigate to 'https://www.google.com/' successfully]]></system-out>
         <system-err><![CDATA[]]></system-err>
      </testcase>
      <testcase name="Test Cases/New Test Case (5)" time="2.624" classname="Test Cases/New Test Case (5)" status="PASSED">
         <system-out><![CDATA[17-06-2024T19:09:44 - [TEST_CASE][PASSED] - Test Cases/New Test Case (5): Test Cases/New Test Case (5)

17-06-2024T19:09:44 - [TEST_STEP][PASSED] - openBrowser(""): Browser is opened with url: ''

17-06-2024T19:09:44 - [MESSAGE][WARNING] - A browser is already opened. Closing browser and opening a new one

17-06-2024T19:09:44 - [MESSAGE][INFO] - Starting 'Chrome (headless)' driver

17-06-2024T19:09:44 - [MESSAGE][INFO] - Action delay is set to 0 milliseconds

17-06-2024T19:09:45 - [MESSAGE][PASSED] - Browser is opened with url: ''

17-06-2024T19:09:45 - [TEST_STEP][PASSED] - navigateToUrl("https://www.google.com/"): Navigate to 'https://www.google.com/' successfully

17-06-2024T19:09:47 - [MESSAGE][PASSED] - Navigate to 'https://www.google.com/' successfully]]></system-out>
         <system-err><![CDATA[]]></system-err>
      </testcase>
      <testcase name="Test Cases/New Test Case (49)" time="2.629" classname="Test Cases/New Test Case (49)" status="PASSED">
         <system-out><![CDATA[17-06-2024T19:09:47 - [TEST_CASE][PASSED] - Test Cases/New Test Case (49): Test Cases/New Test Case (49)

17-06-2024T19:09:47 - [TEST_STEP][PASSED] - openBrowser(""): Browser is opened with url: ''

17-06-2024T19:09:47 - [MESSAGE][WARNING] - A browser is already opened. Closing browser and opening a new one

17-06-2024T19:09:47 - [MESSAGE][INFO] - Starting 'Chrome (headless)' driver

17-06-2024T19:09:47 - [MESSAGE][INFO] - Action delay is set to 0 milliseconds

17-06-2024T19:09:48 - [MESSAGE][PASSED] - Browser is opened with url: ''

17-06-2024T19:09:48 - [TEST_STEP][PASSED] - navigateToUrl("https://www.google.com/"): Navigate to 'https://www.google.com/' successfully

17-06-2024T19:09:49 - [MESSAGE][PASSED] - Navigate to 'https://www.google.com/' successfully]]></system-out>
         <system-err><![CDATA[]]></system-err>
      </testcase>
      <testcase name="Test Cases/New Test Case (50)" time="2.433" classname="Test Cases/New Test Case (50)" status="PASSED">
         <system-out><![CDATA[17-06-2024T19:09:49 - [TEST_CASE][PASSED] - Test Cases/New Test Case (50): Test Cases/New Test Case (50)

17-06-2024T19:09:49 - [TEST_STEP][PASSED] - openBrowser(""): Browser is opened with url: ''

17-06-2024T19:09:49 - [MESSAGE][WARNING] - A browser is already opened. Closing browser and opening a new one

17-06-2024T19:09:50 - [MESSAGE][INFO] - Starting 'Chrome (headless)' driver

17-06-2024T19:09:50 - [MESSAGE][INFO] - Action delay is set to 0 milliseconds

17-06-2024T19:09:50 - [MESSAGE][PASSED] - Browser is opened with url: ''

17-06-2024T19:09:50 - [TEST_STEP][PASSED] - navigateToUrl("https://www.google.com/"): Navigate to 'https://www.google.com/' successfully

17-06-2024T19:09:52 - [MESSAGE][PASSED] - Navigate to 'https://www.google.com/' successfully]]></system-out>
         <system-err><![CDATA[]]></system-err>
      </testcase>
      <testcase name="Test Cases/New Test Case (6)" time="2.297" classname="Test Cases/New Test Case (6)" status="PASSED">
         <system-out><![CDATA[17-06-2024T19:09:52 - [TEST_CASE][PASSED] - Test Cases/New Test Case (6): Test Cases/New Test Case (6)

17-06-2024T19:09:52 - [TEST_STEP][PASSED] - openBrowser(""): Browser is opened with url: ''

17-06-2024T19:09:52 - [MESSAGE][WARNING] - A browser is already opened. Closing browser and opening a new one

17-06-2024T19:09:52 - [MESSAGE][INFO] - Starting 'Chrome (headless)' driver

17-06-2024T19:09:52 - [MESSAGE][INFO] - Action delay is set to 0 milliseconds

17-06-2024T19:09:53 - [MESSAGE][PASSED] - Browser is opened with url: ''

17-06-2024T19:09:53 - [TEST_STEP][PASSED] - navigateToUrl("https://www.google.com/"): Navigate to 'https://www.google.com/' successfully

17-06-2024T19:09:54 - [MESSAGE][PASSED] - Navigate to 'https://www.google.com/' successfully]]></system-out>
         <system-err><![CDATA[]]></system-err>
      </testcase>
      <testcase name="Test Cases/New Test Case (7)" time="2.716" classname="Test Cases/New Test Case (7)" status="PASSED">
         <system-out><![CDATA[17-06-2024T19:09:54 - [TEST_CASE][PASSED] - Test Cases/New Test Case (7): Test Cases/New Test Case (7)

17-06-2024T19:09:54 - [TEST_STEP][PASSED] - openBrowser(""): Browser is opened with url: ''

17-06-2024T19:09:54 - [MESSAGE][WARNING] - A browser is already opened. Closing browser and opening a new one

17-06-2024T19:09:54 - [MESSAGE][INFO] - Starting 'Chrome (headless)' driver

17-06-2024T19:09:54 - [MESSAGE][INFO] - Action delay is set to 0 milliseconds

17-06-2024T19:09:55 - [MESSAGE][PASSED] - Browser is opened with url: ''

17-06-2024T19:09:55 - [TEST_STEP][PASSED] - navigateToUrl("https://www.google.com/"): Navigate to 'https://www.google.com/' successfully

17-06-2024T19:09:57 - [MESSAGE][PASSED] - Navigate to 'https://www.google.com/' successfully]]></system-out>
         <system-err><![CDATA[]]></system-err>
      </testcase>
      <testcase name="Test Cases/New Test Case (9)" time="2.483" classname="Test Cases/New Test Case (9)" status="PASSED">
         <system-out><![CDATA[17-06-2024T19:09:57 - [TEST_CASE][PASSED] - Test Cases/New Test Case (9): Test Cases/New Test Case (9)

17-06-2024T19:09:57 - [TEST_STEP][PASSED] - openBrowser(""): Browser is opened with url: ''

17-06-2024T19:09:57 - [MESSAGE][WARNING] - A browser is already opened. Closing browser and opening a new one

17-06-2024T19:09:57 - [MESSAGE][INFO] - Starting 'Chrome (headless)' driver

17-06-2024T19:09:57 - [MESSAGE][INFO] - Action delay is set to 0 milliseconds

17-06-2024T19:09:58 - [MESSAGE][PASSED] - Browser is opened with url: ''

17-06-2024T19:09:58 - [TEST_STEP][PASSED] - navigateToUrl("https://www.google.com/"): Navigate to 'https://www.google.com/' successfully

17-06-2024T19:09:59 - [MESSAGE][PASSED] - Navigate to 'https://www.google.com/' successfully]]></system-out>
         <system-err><![CDATA[]]></system-err>
      </testcase>
      <testcase name="Test Cases/New Test Case (8)" time="2.451" classname="Test Cases/New Test Case (8)" status="PASSED">
         <system-out><![CDATA[17-06-2024T19:09:59 - [TEST_CASE][PASSED] - Test Cases/New Test Case (8): Test Cases/New Test Case (8)

17-06-2024T19:09:59 - [TEST_STEP][PASSED] - openBrowser(""): Browser is opened with url: ''

17-06-2024T19:09:59 - [MESSAGE][WARNING] - A browser is already opened. Closing browser and opening a new one

17-06-2024T19:10:00 - [MESSAGE][INFO] - Starting 'Chrome (headless)' driver

17-06-2024T19:10:00 - [MESSAGE][INFO] - Action delay is set to 0 milliseconds

17-06-2024T19:10:00 - [MESSAGE][PASSED] - Browser is opened with url: ''

17-06-2024T19:10:00 - [TEST_STEP][PASSED] - navigateToUrl("https://www.google.com/"): Navigate to 'https://www.google.com/' successfully

17-06-2024T19:10:02 - [MESSAGE][PASSED] - Navigate to 'https://www.google.com/' successfully]]></system-out>
         <system-err><![CDATA[]]></system-err>
      </testcase>
      <testcase name="Test Cases/youtube" time="33.0" classname="Test Cases/youtube" status="PASSED">
         <system-out><![CDATA[17-06-2024T19:10:02 - [TEST_CASE][PASSED] - Test Cases/youtube: Test Cases/youtube

17-06-2024T19:10:02 - [TEST_STEP][PASSED] - openBrowser(""): Browser is opened with url: ''

17-06-2024T19:10:02 - [MESSAGE][WARNING] - A browser is already opened. Closing browser and opening a new one

17-06-2024T19:10:02 - [MESSAGE][INFO] - Starting 'Chrome (headless)' driver

17-06-2024T19:10:02 - [MESSAGE][INFO] - Action delay is set to 0 milliseconds

17-06-2024T19:10:03 - [MESSAGE][PASSED] - Browser is opened with url: ''

17-06-2024T19:10:03 - [TEST_STEP][PASSED] - navigateToUrl("https://www.youtube.com/"): Navigate to 'https://www.youtube.com/' successfully

17-06-2024T19:10:03 - [MESSAGE][PASSED] - Navigate to 'https://www.youtube.com/' successfully

17-06-2024T19:10:03 - [TEST_STEP][PASSED] - verifyElementVisible(findTestObject("Object Repository/Page_YouTube/div")): Object 'Object Repository/Page_YouTube/div' is visible

17-06-2024T19:10:34 - [MESSAGE][INFO] - Unable to find the element located by 'By.xpath: //yt-icon[@id='guide-icon']/span/div'. Please recheck the objects properties to make sure the desired element is located. 

17-06-2024T19:10:34 - [MESSAGE][WARNING] - [SELF-HEALING] Failed to find element with id 'Object Repository/Page_YouTube/div'. Try using Self-healing.

17-06-2024T19:10:35 - [MESSAGE][WARNING] - [SELF-HEALING] The current locator of test object 'Object Repository/Page_YouTube/div' was broken. Propose an alternative one: '(.//*[normalize-space(text()) and normalize-space(.)='Back'])[1]/following::div[1]'.

17-06-2024T19:10:35 - [MESSAGE][PASSED] - Object 'Object Repository/Page_YouTube/div' is visible]]></system-out>
         <system-err><![CDATA[]]></system-err>
      </testcase>
      <testcase name="Test Cases/New Test Case" time="4.001" classname="Test Cases/New Test Case" status="PASSED">
         <system-out><![CDATA[17-06-2024T19:10:35 - [TEST_CASE][PASSED] - Test Cases/New Test Case: Test Cases/New Test Case

17-06-2024T19:10:35 - [TEST_STEP][PASSED] - openBrowser(""): Browser is opened with url: ''

17-06-2024T19:10:35 - [MESSAGE][WARNING] - A browser is already opened. Closing browser and opening a new one

17-06-2024T19:10:35 - [MESSAGE][INFO] - Starting 'Chrome (headless)' driver

17-06-2024T19:10:35 - [MESSAGE][INFO] - Action delay is set to 0 milliseconds

17-06-2024T19:10:36 - [MESSAGE][PASSED] - Browser is opened with url: ''

17-06-2024T19:10:36 - [TEST_STEP][PASSED] - navigateToUrl("https://www.google.com/"): Navigate to 'https://www.google.com/' successfully

17-06-2024T19:10:36 - [MESSAGE][PASSED] - Navigate to 'https://www.google.com/' successfully

17-06-2024T19:10:36 - [TEST_STEP][PASSED] - rightClick(findTestObject("Object Repository/Page_Google/a_Tip tc")): Object: 'Object Repository/Page_Google/a_Tip tc' is right clicked on

17-06-2024T19:10:38 - [MESSAGE][PASSED] - Object: 'Object Repository/Page_Google/a_Tip tc' is right clicked on

17-06-2024T19:10:38 - [TEST_STEP][PASSED] - rightClick(findTestObject("Object Repository/Page_Google/div_A8SBwf,.IormKwidth640px.A8SBwfmargin0 a_763f70")): Object: 'Object Repository/Page_Google/div_A8SBwf,.IormKwidth640px.A8SBwfmargin0 a_763f70' is right clicked on

17-06-2024T19:10:38 - [MESSAGE][PASSED] - Object: 'Object Repository/Page_Google/div_A8SBwf,.IormKwidth640px.A8SBwfmargin0 a_763f70' is right clicked on

17-06-2024T19:10:38 - [TEST_STEP][PASSED] - verifyElementVisible(findTestObject("Object Repository/Page_Google/a_Tip tc")): Object 'Object Repository/Page_Google/a_Tip tc' is visible

17-06-2024T19:10:39 - [MESSAGE][PASSED] - Object 'Object Repository/Page_Google/a_Tip tc' is visible]]></system-out>
         <system-err><![CDATA[]]></system-err>
      </testcase>
      <testcase name="Test Cases/google 2" time="35.003" classname="Test Cases/google 2" status="PASSED">
         <system-out><![CDATA[17-06-2024T19:10:39 - [TEST_CASE][PASSED] - Test Cases/google 2: Test Cases/google 2

17-06-2024T19:10:39 - [TEST_STEP][PASSED] - openBrowser(""): Browser is opened with url: ''

17-06-2024T19:10:39 - [MESSAGE][WARNING] - A browser is already opened. Closing browser and opening a new one

17-06-2024T19:10:39 - [MESSAGE][INFO] - Starting 'Chrome (headless)' driver

17-06-2024T19:10:39 - [MESSAGE][INFO] - Action delay is set to 0 milliseconds

17-06-2024T19:10:40 - [MESSAGE][PASSED] - Browser is opened with url: ''

17-06-2024T19:10:40 - [TEST_STEP][PASSED] - navigateToUrl("https://www.youtube.com/"): Navigate to 'https://www.youtube.com/' successfully

17-06-2024T19:10:42 - [MESSAGE][PASSED] - Navigate to 'https://www.youtube.com/' successfully

17-06-2024T19:10:42 - [TEST_STEP][PASSED] - verifyElementVisible(findTestObject("Object Repository/Page_YouTube/div")): Object 'Object Repository/Page_YouTube/div' is visible

17-06-2024T19:11:13 - [MESSAGE][INFO] - Unable to find the element located by 'By.xpath: //yt-icon[@id='guide-icon']/span/div'. Please recheck the objects properties to make sure the desired element is located. 

17-06-2024T19:11:13 - [MESSAGE][WARNING] - [SELF-HEALING] Failed to find element with id 'Object Repository/Page_YouTube/div'. Try using Self-healing.

17-06-2024T19:11:13 - [MESSAGE][WARNING] - [SELF-HEALING] The current locator of test object 'Object Repository/Page_YouTube/div' was broken. Propose an alternative one: '(.//*[normalize-space(text()) and normalize-space(.)='Back'])[1]/following::div[1]'.

17-06-2024T19:11:13 - [MESSAGE][PASSED] - Object 'Object Repository/Page_YouTube/div' is visible

17-06-2024T19:11:13 - [TEST_STEP][PASSED] - closeBrowser(): Browser is closed

17-06-2024T19:11:14 - [MESSAGE][PASSED] - Browser is closed]]></system-out>
         <system-err><![CDATA[]]></system-err>
      </testcase>
      <testcase name="Test Cases/google 3" time="2.627" classname="Test Cases/google 3" status="PASSED">
         <system-out><![CDATA[17-06-2024T19:11:14 - [TEST_CASE][PASSED] - Test Cases/google 3: Test Cases/google 3

17-06-2024T19:11:14 - [TEST_STEP][PASSED] - openBrowser(""): Browser is opened with url: ''

17-06-2024T19:11:14 - [MESSAGE][INFO] - Starting 'Chrome (headless)' driver

17-06-2024T19:11:14 - [MESSAGE][INFO] - Action delay is set to 0 milliseconds

17-06-2024T19:11:15 - [MESSAGE][PASSED] - Browser is opened with url: ''

17-06-2024T19:11:15 - [TEST_STEP][PASSED] - navigateToUrl("https://www.google.com/"): Navigate to 'https://www.google.com/' successfully

17-06-2024T19:11:16 - [MESSAGE][PASSED] - Navigate to 'https://www.google.com/' successfully

17-06-2024T19:11:16 - [TEST_STEP][PASSED] - verifyElementVisible(findTestObject("Object Repository/Page_Google/button_Khng, cm n")): Object 'Object Repository/Page_Google/button_Khng, cm n' is visible

17-06-2024T19:11:16 - [MESSAGE][PASSED] - Object 'Object Repository/Page_Google/button_Khng, cm n' is visible]]></system-out>
         <system-err><![CDATA[]]></system-err>
      </testcase>
      <testcase name="Test Cases/google" time="3.109" classname="Test Cases/google" status="PASSED">
         <system-out><![CDATA[17-06-2024T19:11:16 - [TEST_CASE][PASSED] - Test Cases/google: Test Cases/google

17-06-2024T19:11:16 - [TEST_STEP][PASSED] - openBrowser(""): Browser is opened with url: ''

17-06-2024T19:11:16 - [MESSAGE][WARNING] - A browser is already opened. Closing browser and opening a new one

17-06-2024T19:11:17 - [MESSAGE][INFO] - Starting 'Chrome (headless)' driver

17-06-2024T19:11:17 - [MESSAGE][INFO] - Action delay is set to 0 milliseconds

17-06-2024T19:11:18 - [MESSAGE][PASSED] - Browser is opened with url: ''

17-06-2024T19:11:18 - [TEST_STEP][PASSED] - navigateToUrl("https://www.google.com/"): Navigate to 'https://www.google.com/' successfully

17-06-2024T19:11:19 - [MESSAGE][PASSED] - Navigate to 'https://www.google.com/' successfully

17-06-2024T19:11:19 - [TEST_STEP][PASSED] - verifyElementVisible(findTestObject("Object Repository/Page_Google/input_Bo co cc gi  khng ph hp_btnK")): Object 'Object Repository/Page_Google/input_Bo co cc gi  khng ph hp_btnK' is visible

17-06-2024T19:11:19 - [MESSAGE][PASSED] - Object 'Object Repository/Page_Google/input_Bo co cc gi  khng ph hp_btnK' is visible]]></system-out>
         <system-err><![CDATA[]]></system-err>
      </testcase>
      <testcase name="Test Cases/New Test Case (1)" time="3.068" classname="Test Cases/New Test Case (1)" status="PASSED">
         <system-out><![CDATA[17-06-2024T19:11:19 - [TEST_CASE][PASSED] - Test Cases/New Test Case (1): Test Cases/New Test Case (1)

17-06-2024T19:11:19 - [TEST_STEP][PASSED] - openBrowser(""): Browser is opened with url: ''

17-06-2024T19:11:19 - [MESSAGE][WARNING] - A browser is already opened. Closing browser and opening a new one

17-06-2024T19:11:20 - [MESSAGE][INFO] - Starting 'Chrome (headless)' driver

17-06-2024T19:11:20 - [MESSAGE][INFO] - Action delay is set to 0 milliseconds

17-06-2024T19:11:21 - [MESSAGE][PASSED] - Browser is opened with url: ''

17-06-2024T19:11:21 - [TEST_STEP][PASSED] - navigateToUrl("https://www.google.com/"): Navigate to 'https://www.google.com/' successfully

17-06-2024T19:11:22 - [MESSAGE][PASSED] - Navigate to 'https://www.google.com/' successfully

17-06-2024T19:11:22 - [TEST_STEP][PASSED] - click(findTestObject("Object Repository/Page_Google/button_Khng, cm n")): Object: 'Object Repository/Page_Google/button_Khng, cm n' is clicked on

17-06-2024T19:11:23 - [MESSAGE][PASSED] - Object: 'Object Repository/Page_Google/button_Khng, cm n' is clicked on]]></system-out>
         <system-err><![CDATA[]]></system-err>
      </testcase>
      <testcase name="Test Cases/New Test Case (10)" time="3.193" classname="Test Cases/New Test Case (10)" status="PASSED">
         <system-out><![CDATA[17-06-2024T19:11:23 - [TEST_CASE][PASSED] - Test Cases/New Test Case (10): Test Cases/New Test Case (10)

17-06-2024T19:11:23 - [TEST_STEP][PASSED] - openBrowser(""): Browser is opened with url: ''

17-06-2024T19:11:23 - [MESSAGE][WARNING] - A browser is already opened. Closing browser and opening a new one

17-06-2024T19:11:23 - [MESSAGE][INFO] - Starting 'Chrome (headless)' driver

17-06-2024T19:11:23 - [MESSAGE][INFO] - Action delay is set to 0 milliseconds

17-06-2024T19:11:24 - [MESSAGE][PASSED] - Browser is opened with url: ''

17-06-2024T19:11:24 - [TEST_STEP][PASSED] - navigateToUrl("https://www.google.com/"): Navigate to 'https://www.google.com/' successfully

17-06-2024T19:11:26 - [MESSAGE][PASSED] - Navigate to 'https://www.google.com/' successfully]]></system-out>
         <system-err><![CDATA[]]></system-err>
      </testcase>
      <testcase name="Test Cases/New Test Case (12)" time="2.633" classname="Test Cases/New Test Case (12)" status="PASSED">
         <system-out><![CDATA[17-06-2024T19:11:26 - [TEST_CASE][PASSED] - Test Cases/New Test Case (12): Test Cases/New Test Case (12)

17-06-2024T19:11:26 - [TEST_STEP][PASSED] - openBrowser(""): Browser is opened with url: ''

17-06-2024T19:11:26 - [MESSAGE][WARNING] - A browser is already opened. Closing browser and opening a new one

17-06-2024T19:11:26 - [MESSAGE][INFO] - Starting 'Chrome (headless)' driver

17-06-2024T19:11:26 - [MESSAGE][INFO] - Action delay is set to 0 milliseconds

17-06-2024T19:11:27 - [MESSAGE][PASSED] - Browser is opened with url: ''

17-06-2024T19:11:27 - [TEST_STEP][PASSED] - navigateToUrl("https://www.google.com/"): Navigate to 'https://www.google.com/' successfully

17-06-2024T19:11:28 - [MESSAGE][PASSED] - Navigate to 'https://www.google.com/' successfully]]></system-out>
         <system-err><![CDATA[]]></system-err>
      </testcase>
      <testcase name="Test Cases/New Test Case (11)" time="2.467" classname="Test Cases/New Test Case (11)" status="PASSED">
         <system-out><![CDATA[17-06-2024T19:11:28 - [TEST_CASE][PASSED] - Test Cases/New Test Case (11): Test Cases/New Test Case (11)

17-06-2024T19:11:28 - [TEST_STEP][PASSED] - openBrowser(""): Browser is opened with url: ''

17-06-2024T19:11:28 - [MESSAGE][WARNING] - A browser is already opened. Closing browser and opening a new one

17-06-2024T19:11:29 - [MESSAGE][INFO] - Starting 'Chrome (headless)' driver

17-06-2024T19:11:29 - [MESSAGE][INFO] - Action delay is set to 0 milliseconds

17-06-2024T19:11:29 - [MESSAGE][PASSED] - Browser is opened with url: ''

17-06-2024T19:11:29 - [TEST_STEP][PASSED] - navigateToUrl("https://www.google.com/"): Navigate to 'https://www.google.com/' successfully

17-06-2024T19:11:31 - [MESSAGE][PASSED] - Navigate to 'https://www.google.com/' successfully]]></system-out>
         <system-err><![CDATA[]]></system-err>
      </testcase>
      <testcase name="Test Cases/New Test Case (13)" time="0.006" classname="Test Cases/New Test Case (13)" status="PASSED">
         <system-out><![CDATA[17-06-2024T19:11:31 - [TEST_CASE][PASSED] - Test Cases/New Test Case (13): Test Cases/New Test Case (13)

17-06-2024T19:11:31 - [TEST_STEP][PASSED] - return null: null]]></system-out>
         <system-err><![CDATA[]]></system-err>
      </testcase>
      <testcase name="Test Cases/New Test Case (15)" time="1.834" classname="Test Cases/New Test Case (15)" status="PASSED">
         <system-out><![CDATA[17-06-2024T19:11:31 - [TEST_CASE][PASSED] - Test Cases/New Test Case (15): Test Cases/New Test Case (15)

17-06-2024T19:11:31 - [TEST_STEP][PASSED] - openBrowser(""): Browser is opened with url: ''

17-06-2024T19:11:31 - [MESSAGE][WARNING] - A browser is already opened. Closing browser and opening a new one

17-06-2024T19:11:31 - [MESSAGE][INFO] - Starting 'Chrome (headless)' driver

17-06-2024T19:11:31 - [MESSAGE][INFO] - Action delay is set to 0 milliseconds

17-06-2024T19:11:32 - [MESSAGE][PASSED] - Browser is opened with url: ''

17-06-2024T19:11:32 - [TEST_STEP][PASSED] - navigateToUrl("https://www.google.com/"): Navigate to 'https://www.google.com/' successfully

17-06-2024T19:11:33 - [MESSAGE][PASSED] - Navigate to 'https://www.google.com/' successfully]]></system-out>
         <system-err><![CDATA[]]></system-err>
      </testcase>
      <testcase name="Test Cases/New Test Case (14)" time="2.757" classname="Test Cases/New Test Case (14)" status="PASSED">
         <system-out><![CDATA[17-06-2024T19:11:33 - [TEST_CASE][PASSED] - Test Cases/New Test Case (14): Test Cases/New Test Case (14)

17-06-2024T19:11:33 - [TEST_STEP][PASSED] - openBrowser(""): Browser is opened with url: ''

17-06-2024T19:11:33 - [MESSAGE][WARNING] - A browser is already opened. Closing browser and opening a new one

17-06-2024T19:11:33 - [MESSAGE][INFO] - Starting 'Chrome (headless)' driver

17-06-2024T19:11:33 - [MESSAGE][INFO] - Action delay is set to 0 milliseconds

17-06-2024T19:11:34 - [MESSAGE][PASSED] - Browser is opened with url: ''

17-06-2024T19:11:34 - [TEST_STEP][PASSED] - navigateToUrl("https://www.google.com/"): Navigate to 'https://www.google.com/' successfully

17-06-2024T19:11:35 - [MESSAGE][PASSED] - Navigate to 'https://www.google.com/' successfully]]></system-out>
         <system-err><![CDATA[]]></system-err>
      </testcase>
      <testcase name="Test Cases/New Test Case (16)" time="2.801" classname="Test Cases/New Test Case (16)" status="PASSED">
         <system-out><![CDATA[17-06-2024T19:11:35 - [TEST_CASE][PASSED] - Test Cases/New Test Case (16): Test Cases/New Test Case (16)

17-06-2024T19:11:35 - [TEST_STEP][PASSED] - openBrowser(""): Browser is opened with url: ''

17-06-2024T19:11:35 - [MESSAGE][WARNING] - A browser is already opened. Closing browser and opening a new one

17-06-2024T19:11:36 - [MESSAGE][INFO] - Starting 'Chrome (headless)' driver

17-06-2024T19:11:36 - [MESSAGE][INFO] - Action delay is set to 0 milliseconds

17-06-2024T19:11:37 - [MESSAGE][PASSED] - Browser is opened with url: ''

17-06-2024T19:11:37 - [TEST_STEP][PASSED] - navigateToUrl("https://www.google.com/"): Navigate to 'https://www.google.com/' successfully

17-06-2024T19:11:38 - [MESSAGE][PASSED] - Navigate to 'https://www.google.com/' successfully]]></system-out>
         <system-err><![CDATA[]]></system-err>
      </testcase>
      <testcase name="Test Cases/New Test Case (17)" time="2.655" classname="Test Cases/New Test Case (17)" status="PASSED">
         <system-out><![CDATA[17-06-2024T19:11:38 - [TEST_CASE][PASSED] - Test Cases/New Test Case (17): Test Cases/New Test Case (17)

17-06-2024T19:11:38 - [TEST_STEP][PASSED] - openBrowser(""): Browser is opened with url: ''

17-06-2024T19:11:38 - [MESSAGE][WARNING] - A browser is already opened. Closing browser and opening a new one

17-06-2024T19:11:39 - [MESSAGE][INFO] - Starting 'Chrome (headless)' driver

17-06-2024T19:11:39 - [MESSAGE][INFO] - Action delay is set to 0 milliseconds

17-06-2024T19:11:39 - [MESSAGE][PASSED] - Browser is opened with url: ''

17-06-2024T19:11:39 - [TEST_STEP][PASSED] - navigateToUrl("https://www.google.com/"): Navigate to 'https://www.google.com/' successfully

17-06-2024T19:11:41 - [MESSAGE][PASSED] - Navigate to 'https://www.google.com/' successfully]]></system-out>
         <system-err><![CDATA[]]></system-err>
      </testcase>
      <testcase name="Test Cases/New Test Case (18)" time="2.588" classname="Test Cases/New Test Case (18)" status="PASSED">
         <system-out><![CDATA[17-06-2024T19:11:41 - [TEST_CASE][PASSED] - Test Cases/New Test Case (18): Test Cases/New Test Case (18)

17-06-2024T19:11:41 - [TEST_STEP][PASSED] - openBrowser(""): Browser is opened with url: ''

17-06-2024T19:11:41 - [MESSAGE][WARNING] - A browser is already opened. Closing browser and opening a new one

17-06-2024T19:11:41 - [MESSAGE][INFO] - Starting 'Chrome (headless)' driver

17-06-2024T19:11:41 - [MESSAGE][INFO] - Action delay is set to 0 milliseconds

17-06-2024T19:11:42 - [MESSAGE][PASSED] - Browser is opened with url: ''

17-06-2024T19:11:42 - [TEST_STEP][PASSED] - navigateToUrl("https://www.google.com/"): Navigate to 'https://www.google.com/' successfully

17-06-2024T19:11:44 - [MESSAGE][PASSED] - Navigate to 'https://www.google.com/' successfully]]></system-out>
         <system-err><![CDATA[]]></system-err>
      </testcase>
      <testcase name="Test Cases/New Test Case (19)" time="2.677" classname="Test Cases/New Test Case (19)" status="PASSED">
         <system-out><![CDATA[17-06-2024T19:11:44 - [TEST_CASE][PASSED] - Test Cases/New Test Case (19): Test Cases/New Test Case (19)

17-06-2024T19:11:44 - [TEST_STEP][PASSED] - openBrowser(""): Browser is opened with url: ''

17-06-2024T19:11:44 - [MESSAGE][WARNING] - A browser is already opened. Closing browser and opening a new one

17-06-2024T19:11:44 - [MESSAGE][INFO] - Starting 'Chrome (headless)' driver

17-06-2024T19:11:44 - [MESSAGE][INFO] - Action delay is set to 0 milliseconds

17-06-2024T19:11:45 - [MESSAGE][PASSED] - Browser is opened with url: ''

17-06-2024T19:11:45 - [TEST_STEP][PASSED] - navigateToUrl("https://www.google.com/"): Navigate to 'https://www.google.com/' successfully

17-06-2024T19:11:46 - [MESSAGE][PASSED] - Navigate to 'https://www.google.com/' successfully]]></system-out>
         <system-err><![CDATA[]]></system-err>
      </testcase>
      <testcase name="Test Cases/New Test Case (20)" time="0.006" classname="Test Cases/New Test Case (20)" status="PASSED">
         <system-out><![CDATA[17-06-2024T19:11:46 - [TEST_CASE][PASSED] - Test Cases/New Test Case (20): Test Cases/New Test Case (20)

17-06-2024T19:11:46 - [TEST_STEP][PASSED] - return null: null]]></system-out>
         <system-err><![CDATA[]]></system-err>
      </testcase>
      <testcase name="Test Cases/New Test Case (2)" time="3.244" classname="Test Cases/New Test Case (2)" status="PASSED">
         <system-out><![CDATA[17-06-2024T19:11:46 - [TEST_CASE][PASSED] - Test Cases/New Test Case (2): Test Cases/New Test Case (2)

17-06-2024T19:11:46 - [TEST_STEP][PASSED] - openBrowser(""): Browser is opened with url: ''

17-06-2024T19:11:46 - [MESSAGE][WARNING] - A browser is already opened. Closing browser and opening a new one

17-06-2024T19:11:46 - [MESSAGE][INFO] - Starting 'Chrome (headless)' driver

17-06-2024T19:11:46 - [MESSAGE][INFO] - Action delay is set to 0 milliseconds

17-06-2024T19:11:47 - [MESSAGE][PASSED] - Browser is opened with url: ''

17-06-2024T19:11:47 - [TEST_STEP][PASSED] - navigateToUrl("https://www.google.com/"): Navigate to 'https://www.google.com/' successfully

17-06-2024T19:11:49 - [MESSAGE][PASSED] - Navigate to 'https://www.google.com/' successfully

17-06-2024T19:11:49 - [TEST_STEP][PASSED] - click(findTestObject("Object Repository/Page_Google/a_Tip tc")): Object: 'Object Repository/Page_Google/a_Tip tc' is clicked on

17-06-2024T19:11:49 - [MESSAGE][PASSED] - Object: 'Object Repository/Page_Google/a_Tip tc' is clicked on]]></system-out>
         <system-err><![CDATA[]]></system-err>
      </testcase>
      <testcase name="Test Cases/New Test Case (21)" time="2.513" classname="Test Cases/New Test Case (21)" status="PASSED">
         <system-out><![CDATA[17-06-2024T19:11:49 - [TEST_CASE][PASSED] - Test Cases/New Test Case (21): Test Cases/New Test Case (21)

17-06-2024T19:11:49 - [TEST_STEP][PASSED] - openBrowser(""): Browser is opened with url: ''

17-06-2024T19:11:49 - [MESSAGE][WARNING] - A browser is already opened. Closing browser and opening a new one

17-06-2024T19:11:50 - [MESSAGE][INFO] - Starting 'Chrome (headless)' driver

17-06-2024T19:11:50 - [MESSAGE][INFO] - Action delay is set to 0 milliseconds

17-06-2024T19:11:50 - [MESSAGE][PASSED] - Browser is opened with url: ''

17-06-2024T19:11:50 - [TEST_STEP][PASSED] - navigateToUrl("https://www.google.com/"): Navigate to 'https://www.google.com/' successfully

17-06-2024T19:11:52 - [MESSAGE][PASSED] - Navigate to 'https://www.google.com/' successfully]]></system-out>
         <system-err><![CDATA[]]></system-err>
      </testcase>
      <testcase name="Test Cases/New Test Case (22)" time="2.416" classname="Test Cases/New Test Case (22)" status="PASSED">
         <system-out><![CDATA[17-06-2024T19:11:52 - [TEST_CASE][PASSED] - Test Cases/New Test Case (22): Test Cases/New Test Case (22)

17-06-2024T19:11:52 - [TEST_STEP][PASSED] - openBrowser(""): Browser is opened with url: ''

17-06-2024T19:11:52 - [MESSAGE][WARNING] - A browser is already opened. Closing browser and opening a new one

17-06-2024T19:11:52 - [MESSAGE][INFO] - Starting 'Chrome (headless)' driver

17-06-2024T19:11:52 - [MESSAGE][INFO] - Action delay is set to 0 milliseconds

17-06-2024T19:11:53 - [MESSAGE][PASSED] - Browser is opened with url: ''

17-06-2024T19:11:53 - [TEST_STEP][PASSED] - navigateToUrl("https://www.google.com/"): Navigate to 'https://www.google.com/' successfully

17-06-2024T19:11:54 - [MESSAGE][PASSED] - Navigate to 'https://www.google.com/' successfully]]></system-out>
         <system-err><![CDATA[]]></system-err>
      </testcase>
      <testcase name="Test Cases/New Test Case (23)" time="2.47" classname="Test Cases/New Test Case (23)" status="PASSED">
         <system-out><![CDATA[17-06-2024T19:11:54 - [TEST_CASE][PASSED] - Test Cases/New Test Case (23): Test Cases/New Test Case (23)

17-06-2024T19:11:54 - [TEST_STEP][PASSED] - openBrowser(""): Browser is opened with url: ''

17-06-2024T19:11:54 - [MESSAGE][WARNING] - A browser is already opened. Closing browser and opening a new one

17-06-2024T19:11:55 - [MESSAGE][INFO] - Starting 'Chrome (headless)' driver

17-06-2024T19:11:55 - [MESSAGE][INFO] - Action delay is set to 0 milliseconds

17-06-2024T19:11:55 - [MESSAGE][PASSED] - Browser is opened with url: ''

17-06-2024T19:11:55 - [TEST_STEP][PASSED] - navigateToUrl("https://www.google.com/"): Navigate to 'https://www.google.com/' successfully

17-06-2024T19:11:57 - [MESSAGE][PASSED] - Navigate to 'https://www.google.com/' successfully]]></system-out>
         <system-err><![CDATA[]]></system-err>
      </testcase>
      <testcase name="Test Cases/New Test Case (24)" time="2.437" classname="Test Cases/New Test Case (24)" status="PASSED">
         <system-out><![CDATA[17-06-2024T19:11:57 - [TEST_CASE][PASSED] - Test Cases/New Test Case (24): Test Cases/New Test Case (24)

17-06-2024T19:11:57 - [TEST_STEP][PASSED] - openBrowser(""): Browser is opened with url: ''

17-06-2024T19:11:57 - [MESSAGE][WARNING] - A browser is already opened. Closing browser and opening a new one

17-06-2024T19:11:57 - [MESSAGE][INFO] - Starting 'Chrome (headless)' driver

17-06-2024T19:11:57 - [MESSAGE][INFO] - Action delay is set to 0 milliseconds

17-06-2024T19:11:58 - [MESSAGE][PASSED] - Browser is opened with url: ''

17-06-2024T19:11:58 - [TEST_STEP][PASSED] - navigateToUrl("https://www.google.com/"): Navigate to 'https://www.google.com/' successfully

17-06-2024T19:11:59 - [MESSAGE][PASSED] - Navigate to 'https://www.google.com/' successfully]]></system-out>
         <system-err><![CDATA[]]></system-err>
      </testcase>
      <testcase name="Test Cases/New Test Case (25)" time="2.298" classname="Test Cases/New Test Case (25)" status="PASSED">
         <system-out><![CDATA[17-06-2024T19:11:59 - [TEST_CASE][PASSED] - Test Cases/New Test Case (25): Test Cases/New Test Case (25)

17-06-2024T19:11:59 - [TEST_STEP][PASSED] - openBrowser(""): Browser is opened with url: ''

17-06-2024T19:11:59 - [MESSAGE][WARNING] - A browser is already opened. Closing browser and opening a new one

17-06-2024T19:12:00 - [MESSAGE][INFO] - Starting 'Chrome (headless)' driver

17-06-2024T19:12:00 - [MESSAGE][INFO] - Action delay is set to 0 milliseconds

17-06-2024T19:12:00 - [MESSAGE][PASSED] - Browser is opened with url: ''

17-06-2024T19:12:00 - [TEST_STEP][PASSED] - navigateToUrl("https://www.google.com/"): Navigate to 'https://www.google.com/' successfully

17-06-2024T19:12:02 - [MESSAGE][PASSED] - Navigate to 'https://www.google.com/' successfully]]></system-out>
         <system-err><![CDATA[]]></system-err>
      </testcase>
      <testcase name="Test Cases/New Test Case (26)" time="2.405" classname="Test Cases/New Test Case (26)" status="PASSED">
         <system-out><![CDATA[17-06-2024T19:12:02 - [TEST_CASE][PASSED] - Test Cases/New Test Case (26): Test Cases/New Test Case (26)

17-06-2024T19:12:02 - [TEST_STEP][PASSED] - openBrowser(""): Browser is opened with url: ''

17-06-2024T19:12:02 - [MESSAGE][WARNING] - A browser is already opened. Closing browser and opening a new one

17-06-2024T19:12:02 - [MESSAGE][INFO] - Starting 'Chrome (headless)' driver

17-06-2024T19:12:02 - [MESSAGE][INFO] - Action delay is set to 0 milliseconds

17-06-2024T19:12:03 - [MESSAGE][PASSED] - Browser is opened with url: ''

17-06-2024T19:12:03 - [TEST_STEP][PASSED] - navigateToUrl("https://www.google.com/"): Navigate to 'https://www.google.com/' successfully

17-06-2024T19:12:04 - [MESSAGE][PASSED] - Navigate to 'https://www.google.com/' successfully]]></system-out>
         <system-err><![CDATA[]]></system-err>
      </testcase>
      <testcase name="Test Cases/New Test Case (27)" time="1.468" classname="Test Cases/New Test Case (27)" status="PASSED">
         <system-out><![CDATA[17-06-2024T19:12:04 - [TEST_CASE][PASSED] - Test Cases/New Test Case (27): Test Cases/New Test Case (27)

17-06-2024T19:12:04 - [TEST_STEP][PASSED] - openBrowser(""): Browser is opened with url: ''

17-06-2024T19:12:04 - [MESSAGE][WARNING] - A browser is already opened. Closing browser and opening a new one

17-06-2024T19:12:04 - [MESSAGE][INFO] - Starting 'Chrome (headless)' driver

17-06-2024T19:12:04 - [MESSAGE][INFO] - Action delay is set to 0 milliseconds

17-06-2024T19:12:05 - [MESSAGE][PASSED] - Browser is opened with url: ''

17-06-2024T19:12:05 - [TEST_STEP][PASSED] - navigateToUrl("https://www.google.com/"): Navigate to 'https://www.google.com/' successfully

17-06-2024T19:12:05 - [MESSAGE][PASSED] - Navigate to 'https://www.google.com/' successfully]]></system-out>
         <system-err><![CDATA[]]></system-err>
      </testcase>
      <testcase name="Test Cases/New Test Case (28)" time="2.277" classname="Test Cases/New Test Case (28)" status="PASSED">
         <system-out><![CDATA[17-06-2024T19:12:05 - [TEST_CASE][PASSED] - Test Cases/New Test Case (28): Test Cases/New Test Case (28)

17-06-2024T19:12:05 - [TEST_STEP][PASSED] - openBrowser(""): Browser is opened with url: ''

17-06-2024T19:12:05 - [MESSAGE][WARNING] - A browser is already opened. Closing browser and opening a new one

17-06-2024T19:12:06 - [MESSAGE][INFO] - Starting 'Chrome (headless)' driver

17-06-2024T19:12:06 - [MESSAGE][INFO] - Action delay is set to 0 milliseconds

17-06-2024T19:12:06 - [MESSAGE][PASSED] - Browser is opened with url: ''

17-06-2024T19:12:06 - [TEST_STEP][PASSED] - navigateToUrl("https://www.google.com/"): Navigate to 'https://www.google.com/' successfully

17-06-2024T19:12:08 - [MESSAGE][PASSED] - Navigate to 'https://www.google.com/' successfully]]></system-out>
         <system-err><![CDATA[]]></system-err>
      </testcase>
      <testcase name="Test Cases/New Test Case (3)" time="2.701" classname="Test Cases/New Test Case (3)" status="PASSED">
         <system-out><![CDATA[17-06-2024T19:12:08 - [TEST_CASE][PASSED] - Test Cases/New Test Case (3): Test Cases/New Test Case (3)

17-06-2024T19:12:08 - [TEST_STEP][PASSED] - openBrowser(""): Browser is opened with url: ''

17-06-2024T19:12:08 - [MESSAGE][WARNING] - A browser is already opened. Closing browser and opening a new one

17-06-2024T19:12:08 - [MESSAGE][INFO] - Starting 'Chrome (headless)' driver

17-06-2024T19:12:08 - [MESSAGE][INFO] - Action delay is set to 0 milliseconds

17-06-2024T19:12:09 - [MESSAGE][PASSED] - Browser is opened with url: ''

17-06-2024T19:12:09 - [TEST_STEP][PASSED] - navigateToUrl("https://www.google.com/"): Navigate to 'https://www.google.com/' successfully

17-06-2024T19:12:10 - [MESSAGE][PASSED] - Navigate to 'https://www.google.com/' successfully

17-06-2024T19:12:10 - [TEST_STEP][PASSED] - verifyElementVisible(findTestObject("Object Repository/Page_Google/img_ng nhp_lnXdpd")): Object 'Object Repository/Page_Google/img_ng nhp_lnXdpd' is visible

17-06-2024T19:12:10 - [MESSAGE][PASSED] - Object 'Object Repository/Page_Google/img_ng nhp_lnXdpd' is visible]]></system-out>
         <system-err><![CDATA[]]></system-err>
      </testcase>
      <testcase name="Test Cases/New Test Case (29)" time="2.495" classname="Test Cases/New Test Case (29)" status="PASSED">
         <system-out><![CDATA[17-06-2024T19:12:10 - [TEST_CASE][PASSED] - Test Cases/New Test Case (29): Test Cases/New Test Case (29)

17-06-2024T19:12:10 - [TEST_STEP][PASSED] - openBrowser(""): Browser is opened with url: ''

17-06-2024T19:12:10 - [MESSAGE][WARNING] - A browser is already opened. Closing browser and opening a new one

17-06-2024T19:12:11 - [MESSAGE][INFO] - Starting 'Chrome (headless)' driver

17-06-2024T19:12:11 - [MESSAGE][INFO] - Action delay is set to 0 milliseconds

17-06-2024T19:12:12 - [MESSAGE][PASSED] - Browser is opened with url: ''

17-06-2024T19:12:12 - [TEST_STEP][PASSED] - navigateToUrl("https://www.google.com/"): Navigate to 'https://www.google.com/' successfully

17-06-2024T19:12:13 - [MESSAGE][PASSED] - Navigate to 'https://www.google.com/' successfully]]></system-out>
         <system-err><![CDATA[]]></system-err>
      </testcase>
      <testcase name="Test Cases/New Test Case (31)" time="2.541" classname="Test Cases/New Test Case (31)" status="PASSED">
         <system-out><![CDATA[17-06-2024T19:12:13 - [TEST_CASE][PASSED] - Test Cases/New Test Case (31): Test Cases/New Test Case (31)

17-06-2024T19:12:13 - [TEST_STEP][PASSED] - openBrowser(""): Browser is opened with url: ''

17-06-2024T19:12:13 - [MESSAGE][WARNING] - A browser is already opened. Closing browser and opening a new one

17-06-2024T19:12:13 - [MESSAGE][INFO] - Starting 'Chrome (headless)' driver

17-06-2024T19:12:13 - [MESSAGE][INFO] - Action delay is set to 0 milliseconds

17-06-2024T19:12:14 - [MESSAGE][PASSED] - Browser is opened with url: ''

17-06-2024T19:12:14 - [TEST_STEP][PASSED] - navigateToUrl("https://www.google.com/"): Navigate to 'https://www.google.com/' successfully

17-06-2024T19:12:15 - [MESSAGE][PASSED] - Navigate to 'https://www.google.com/' successfully]]></system-out>
         <system-err><![CDATA[]]></system-err>
      </testcase>
      <testcase name="Test Cases/New Test Case (30)" time="2.603" classname="Test Cases/New Test Case (30)" status="PASSED">
         <system-out><![CDATA[17-06-2024T19:12:15 - [TEST_CASE][PASSED] - Test Cases/New Test Case (30): Test Cases/New Test Case (30)

17-06-2024T19:12:15 - [TEST_STEP][PASSED] - openBrowser(""): Browser is opened with url: ''

17-06-2024T19:12:15 - [MESSAGE][WARNING] - A browser is already opened. Closing browser and opening a new one

17-06-2024T19:12:16 - [MESSAGE][INFO] - Starting 'Chrome (headless)' driver

17-06-2024T19:12:16 - [MESSAGE][INFO] - Action delay is set to 0 milliseconds

17-06-2024T19:12:16 - [MESSAGE][PASSED] - Browser is opened with url: ''

17-06-2024T19:12:16 - [TEST_STEP][PASSED] - navigateToUrl("https://www.google.com/"): Navigate to 'https://www.google.com/' successfully

17-06-2024T19:12:18 - [MESSAGE][PASSED] - Navigate to 'https://www.google.com/' successfully]]></system-out>
         <system-err><![CDATA[]]></system-err>
      </testcase>
      <testcase name="Test Cases/New Test Case (32)" time="1.399" classname="Test Cases/New Test Case (32)" status="PASSED">
         <system-out><![CDATA[17-06-2024T19:12:18 - [TEST_CASE][PASSED] - Test Cases/New Test Case (32): Test Cases/New Test Case (32)

17-06-2024T19:12:18 - [TEST_STEP][PASSED] - openBrowser(""): Browser is opened with url: ''

17-06-2024T19:12:18 - [MESSAGE][WARNING] - A browser is already opened. Closing browser and opening a new one

17-06-2024T19:12:18 - [MESSAGE][INFO] - Starting 'Chrome (headless)' driver

17-06-2024T19:12:18 - [MESSAGE][INFO] - Action delay is set to 0 milliseconds

17-06-2024T19:12:19 - [MESSAGE][PASSED] - Browser is opened with url: ''

17-06-2024T19:12:19 - [TEST_STEP][PASSED] - navigateToUrl("https://www.google.com/"): Navigate to 'https://www.google.com/' successfully

17-06-2024T19:12:19 - [MESSAGE][PASSED] - Navigate to 'https://www.google.com/' successfully]]></system-out>
         <system-err><![CDATA[]]></system-err>
      </testcase>
      <testcase name="Test Cases/New Test Case (33)" time="2.765" classname="Test Cases/New Test Case (33)" status="PASSED">
         <system-out><![CDATA[17-06-2024T19:12:19 - [TEST_CASE][PASSED] - Test Cases/New Test Case (33): Test Cases/New Test Case (33)

17-06-2024T19:12:20 - [TEST_STEP][PASSED] - openBrowser(""): Browser is opened with url: ''

17-06-2024T19:12:20 - [MESSAGE][WARNING] - A browser is already opened. Closing browser and opening a new one

17-06-2024T19:12:20 - [MESSAGE][INFO] - Starting 'Chrome (headless)' driver

17-06-2024T19:12:20 - [MESSAGE][INFO] - Action delay is set to 0 milliseconds

17-06-2024T19:12:21 - [MESSAGE][PASSED] - Browser is opened with url: ''

17-06-2024T19:12:21 - [TEST_STEP][PASSED] - navigateToUrl("https://www.google.com/"): Navigate to 'https://www.google.com/' successfully

17-06-2024T19:12:22 - [MESSAGE][PASSED] - Navigate to 'https://www.google.com/' successfully]]></system-out>
         <system-err><![CDATA[]]></system-err>
      </testcase>
      <testcase name="Test Cases/New Test Case (34)" time="2.789" classname="Test Cases/New Test Case (34)" status="PASSED">
         <system-out><![CDATA[17-06-2024T19:12:22 - [TEST_CASE][PASSED] - Test Cases/New Test Case (34): Test Cases/New Test Case (34)

17-06-2024T19:12:22 - [TEST_STEP][PASSED] - openBrowser(""): Browser is opened with url: ''

17-06-2024T19:12:22 - [MESSAGE][WARNING] - A browser is already opened. Closing browser and opening a new one

17-06-2024T19:12:22 - [MESSAGE][INFO] - Starting 'Chrome (headless)' driver

17-06-2024T19:12:22 - [MESSAGE][INFO] - Action delay is set to 0 milliseconds

17-06-2024T19:12:23 - [MESSAGE][PASSED] - Browser is opened with url: ''

17-06-2024T19:12:23 - [TEST_STEP][PASSED] - navigateToUrl("https://www.google.com/"): Navigate to 'https://www.google.com/' successfully

17-06-2024T19:12:25 - [MESSAGE][PASSED] - Navigate to 'https://www.google.com/' successfully]]></system-out>
         <system-err><![CDATA[]]></system-err>
      </testcase>
      <testcase name="Test Cases/New Test Case (35)" time="2.646" classname="Test Cases/New Test Case (35)" status="PASSED">
         <system-out><![CDATA[17-06-2024T19:12:25 - [TEST_CASE][PASSED] - Test Cases/New Test Case (35): Test Cases/New Test Case (35)

17-06-2024T19:12:25 - [TEST_STEP][PASSED] - openBrowser(""): Browser is opened with url: ''

17-06-2024T19:12:25 - [MESSAGE][WARNING] - A browser is already opened. Closing browser and opening a new one

17-06-2024T19:12:25 - [MESSAGE][INFO] - Starting 'Chrome (headless)' driver

17-06-2024T19:12:25 - [MESSAGE][INFO] - Action delay is set to 0 milliseconds

17-06-2024T19:12:26 - [MESSAGE][PASSED] - Browser is opened with url: ''

17-06-2024T19:12:26 - [TEST_STEP][PASSED] - navigateToUrl("https://www.google.com/"): Navigate to 'https://www.google.com/' successfully

17-06-2024T19:12:28 - [MESSAGE][PASSED] - Navigate to 'https://www.google.com/' successfully]]></system-out>
         <system-err><![CDATA[]]></system-err>
      </testcase>
      <testcase name="Test Cases/New Test Case (36)" time="2.621" classname="Test Cases/New Test Case (36)" status="PASSED">
         <system-out><![CDATA[17-06-2024T19:12:28 - [TEST_CASE][PASSED] - Test Cases/New Test Case (36): Test Cases/New Test Case (36)

17-06-2024T19:12:28 - [TEST_STEP][PASSED] - openBrowser(""): Browser is opened with url: ''

17-06-2024T19:12:28 - [MESSAGE][WARNING] - A browser is already opened. Closing browser and opening a new one

17-06-2024T19:12:28 - [MESSAGE][INFO] - Starting 'Chrome (headless)' driver

17-06-2024T19:12:28 - [MESSAGE][INFO] - Action delay is set to 0 milliseconds

17-06-2024T19:12:29 - [MESSAGE][PASSED] - Browser is opened with url: ''

17-06-2024T19:12:29 - [TEST_STEP][PASSED] - navigateToUrl("https://www.google.com/"): Navigate to 'https://www.google.com/' successfully

17-06-2024T19:12:30 - [MESSAGE][PASSED] - Navigate to 'https://www.google.com/' successfully]]></system-out>
         <system-err><![CDATA[]]></system-err>
      </testcase>
      <testcase name="Test Cases/New Test Case (37)" time="2.669" classname="Test Cases/New Test Case (37)" status="PASSED">
         <system-out><![CDATA[17-06-2024T19:12:30 - [TEST_CASE][PASSED] - Test Cases/New Test Case (37): Test Cases/New Test Case (37)

17-06-2024T19:12:30 - [TEST_STEP][PASSED] - openBrowser(""): Browser is opened with url: ''

17-06-2024T19:12:30 - [MESSAGE][WARNING] - A browser is already opened. Closing browser and opening a new one

17-06-2024T19:12:31 - [MESSAGE][INFO] - Starting 'Chrome (headless)' driver

17-06-2024T19:12:31 - [MESSAGE][INFO] - Action delay is set to 0 milliseconds

17-06-2024T19:12:31 - [MESSAGE][PASSED] - Browser is opened with url: ''

17-06-2024T19:12:31 - [TEST_STEP][PASSED] - navigateToUrl("https://www.google.com/"): Navigate to 'https://www.google.com/' successfully

17-06-2024T19:12:33 - [MESSAGE][PASSED] - Navigate to 'https://www.google.com/' successfully]]></system-out>
         <system-err><![CDATA[]]></system-err>
      </testcase>
      <testcase name="Test Cases/New Test Case (38)" time="2.685" classname="Test Cases/New Test Case (38)" status="PASSED">
         <system-out><![CDATA[17-06-2024T19:12:33 - [TEST_CASE][PASSED] - Test Cases/New Test Case (38): Test Cases/New Test Case (38)

17-06-2024T19:12:33 - [TEST_STEP][PASSED] - openBrowser(""): Browser is opened with url: ''

17-06-2024T19:12:33 - [MESSAGE][WARNING] - A browser is already opened. Closing browser and opening a new one

17-06-2024T19:12:33 - [MESSAGE][INFO] - Starting 'Chrome (headless)' driver

17-06-2024T19:12:33 - [MESSAGE][INFO] - Action delay is set to 0 milliseconds

17-06-2024T19:12:34 - [MESSAGE][PASSED] - Browser is opened with url: ''

17-06-2024T19:12:34 - [TEST_STEP][PASSED] - navigateToUrl("https://www.google.com/"): Navigate to 'https://www.google.com/' successfully

17-06-2024T19:12:36 - [MESSAGE][PASSED] - Navigate to 'https://www.google.com/' successfully]]></system-out>
         <system-err><![CDATA[]]></system-err>
      </testcase>
      <testcase name="Test Cases/New Test Case (4)" time="2.839" classname="Test Cases/New Test Case (4)" status="PASSED">
         <system-out><![CDATA[17-06-2024T19:12:36 - [TEST_CASE][PASSED] - Test Cases/New Test Case (4): Test Cases/New Test Case (4)

17-06-2024T19:12:36 - [TEST_STEP][PASSED] - openBrowser(""): Browser is opened with url: ''

17-06-2024T19:12:36 - [MESSAGE][WARNING] - A browser is already opened. Closing browser and opening a new one

17-06-2024T19:12:36 - [MESSAGE][INFO] - Starting 'Chrome (headless)' driver

17-06-2024T19:12:36 - [MESSAGE][INFO] - Action delay is set to 0 milliseconds

17-06-2024T19:12:37 - [MESSAGE][PASSED] - Browser is opened with url: ''

17-06-2024T19:12:37 - [TEST_STEP][PASSED] - navigateToUrl("https://www.google.com/"): Navigate to 'https://www.google.com/' successfully

17-06-2024T19:12:37 - [MESSAGE][PASSED] - Navigate to 'https://www.google.com/' successfully

17-06-2024T19:12:37 - [TEST_STEP][PASSED] - verifyElementVisible(findTestObject("Object Repository/Page_Google/div_Vit Nam")): Object 'Object Repository/Page_Google/div_Vit Nam' is visible

17-06-2024T19:12:39 - [MESSAGE][PASSED] - Object 'Object Repository/Page_Google/div_Vit Nam' is visible]]></system-out>
         <system-err><![CDATA[]]></system-err>
      </testcase>
      <testcase name="Test Cases/New Test Case (39)" time="2.74" classname="Test Cases/New Test Case (39)" status="PASSED">
         <system-out><![CDATA[17-06-2024T19:12:39 - [TEST_CASE][PASSED] - Test Cases/New Test Case (39): Test Cases/New Test Case (39)

17-06-2024T19:12:39 - [TEST_STEP][PASSED] - openBrowser(""): Browser is opened with url: ''

17-06-2024T19:12:39 - [MESSAGE][WARNING] - A browser is already opened. Closing browser and opening a new one

17-06-2024T19:12:39 - [MESSAGE][INFO] - Starting 'Chrome (headless)' driver

17-06-2024T19:12:39 - [MESSAGE][INFO] - Action delay is set to 0 milliseconds

17-06-2024T19:12:40 - [MESSAGE][PASSED] - Browser is opened with url: ''

17-06-2024T19:12:40 - [TEST_STEP][PASSED] - navigateToUrl("https://www.google.com/"): Navigate to 'https://www.google.com/' successfully

17-06-2024T19:12:41 - [MESSAGE][PASSED] - Navigate to 'https://www.google.com/' successfully]]></system-out>
         <system-err><![CDATA[]]></system-err>
      </testcase>
      <testcase name="Test Cases/New Test Case (40)" time="2.223" classname="Test Cases/New Test Case (40)" status="PASSED">
         <system-out><![CDATA[17-06-2024T19:12:41 - [TEST_CASE][PASSED] - Test Cases/New Test Case (40): Test Cases/New Test Case (40)

17-06-2024T19:12:41 - [TEST_STEP][PASSED] - openBrowser(""): Browser is opened with url: ''

17-06-2024T19:12:41 - [MESSAGE][WARNING] - A browser is already opened. Closing browser and opening a new one

17-06-2024T19:12:41 - [MESSAGE][INFO] - Starting 'Chrome (headless)' driver

17-06-2024T19:12:41 - [MESSAGE][INFO] - Action delay is set to 0 milliseconds

17-06-2024T19:12:42 - [MESSAGE][PASSED] - Browser is opened with url: ''

17-06-2024T19:12:42 - [TEST_STEP][PASSED] - navigateToUrl("https://www.google.com/"): Navigate to 'https://www.google.com/' successfully

17-06-2024T19:12:43 - [MESSAGE][PASSED] - Navigate to 'https://www.google.com/' successfully]]></system-out>
         <system-err><![CDATA[]]></system-err>
      </testcase>
      <testcase name="Test Cases/New Test Case (41)" time="2.456" classname="Test Cases/New Test Case (41)" status="PASSED">
         <system-out><![CDATA[17-06-2024T19:12:43 - [TEST_CASE][PASSED] - Test Cases/New Test Case (41): Test Cases/New Test Case (41)

17-06-2024T19:12:43 - [TEST_STEP][PASSED] - openBrowser(""): Browser is opened with url: ''

17-06-2024T19:12:44 - [MESSAGE][WARNING] - A browser is already opened. Closing browser and opening a new one

17-06-2024T19:12:44 - [MESSAGE][INFO] - Starting 'Chrome (headless)' driver

17-06-2024T19:12:44 - [MESSAGE][INFO] - Action delay is set to 0 milliseconds

17-06-2024T19:12:45 - [MESSAGE][PASSED] - Browser is opened with url: ''

17-06-2024T19:12:45 - [TEST_STEP][PASSED] - navigateToUrl("https://www.google.com/"): Navigate to 'https://www.google.com/' successfully

17-06-2024T19:12:46 - [MESSAGE][PASSED] - Navigate to 'https://www.google.com/' successfully]]></system-out>
         <system-err><![CDATA[]]></system-err>
      </testcase>
      <testcase name="Test Cases/New Test Case (42)" time="2.322" classname="Test Cases/New Test Case (42)" status="PASSED">
         <system-out><![CDATA[17-06-2024T19:12:46 - [TEST_CASE][PASSED] - Test Cases/New Test Case (42): Test Cases/New Test Case (42)

17-06-2024T19:12:46 - [TEST_STEP][PASSED] - openBrowser(""): Browser is opened with url: ''

17-06-2024T19:12:46 - [MESSAGE][WARNING] - A browser is already opened. Closing browser and opening a new one

17-06-2024T19:12:46 - [MESSAGE][INFO] - Starting 'Chrome (headless)' driver

17-06-2024T19:12:46 - [MESSAGE][INFO] - Action delay is set to 0 milliseconds

17-06-2024T19:12:47 - [MESSAGE][PASSED] - Browser is opened with url: ''

17-06-2024T19:12:47 - [TEST_STEP][PASSED] - navigateToUrl("https://www.google.com/"): Navigate to 'https://www.google.com/' successfully

17-06-2024T19:12:48 - [MESSAGE][PASSED] - Navigate to 'https://www.google.com/' successfully]]></system-out>
         <system-err><![CDATA[]]></system-err>
      </testcase>
      <testcase name="Test Cases/New Test Case (43)" time="2.591" classname="Test Cases/New Test Case (43)" status="PASSED">
         <system-out><![CDATA[17-06-2024T19:12:48 - [TEST_CASE][PASSED] - Test Cases/New Test Case (43): Test Cases/New Test Case (43)

17-06-2024T19:12:48 - [TEST_STEP][PASSED] - openBrowser(""): Browser is opened with url: ''

17-06-2024T19:12:48 - [MESSAGE][WARNING] - A browser is already opened. Closing browser and opening a new one

17-06-2024T19:12:49 - [MESSAGE][INFO] - Starting 'Chrome (headless)' driver

17-06-2024T19:12:49 - [MESSAGE][INFO] - Action delay is set to 0 milliseconds

17-06-2024T19:12:49 - [MESSAGE][PASSED] - Browser is opened with url: ''

17-06-2024T19:12:49 - [TEST_STEP][PASSED] - navigateToUrl("https://www.google.com/"): Navigate to 'https://www.google.com/' successfully

17-06-2024T19:12:51 - [MESSAGE][PASSED] - Navigate to 'https://www.google.com/' successfully]]></system-out>
         <system-err><![CDATA[]]></system-err>
      </testcase>
      <testcase name="Test Cases/New Test Case (44)" time="2.668" classname="Test Cases/New Test Case (44)" status="PASSED">
         <system-out><![CDATA[17-06-2024T19:12:51 - [TEST_CASE][PASSED] - Test Cases/New Test Case (44): Test Cases/New Test Case (44)

17-06-2024T19:12:51 - [TEST_STEP][PASSED] - openBrowser(""): Browser is opened with url: ''

17-06-2024T19:12:51 - [MESSAGE][WARNING] - A browser is already opened. Closing browser and opening a new one

17-06-2024T19:12:51 - [MESSAGE][INFO] - Starting 'Chrome (headless)' driver

17-06-2024T19:12:51 - [MESSAGE][INFO] - Action delay is set to 0 milliseconds

17-06-2024T19:12:52 - [MESSAGE][PASSED] - Browser is opened with url: ''

17-06-2024T19:12:52 - [TEST_STEP][PASSED] - navigateToUrl("https://www.google.com/"): Navigate to 'https://www.google.com/' successfully

17-06-2024T19:12:54 - [MESSAGE][PASSED] - Navigate to 'https://www.google.com/' successfully]]></system-out>
         <system-err><![CDATA[]]></system-err>
      </testcase>
      <testcase name="Test Cases/New Test Case (45)" time="5.027" classname="Test Cases/New Test Case (45)" status="PASSED">
         <system-out><![CDATA[17-06-2024T19:12:54 - [TEST_CASE][PASSED] - Test Cases/New Test Case (45): Test Cases/New Test Case (45)

17-06-2024T19:12:54 - [TEST_STEP][PASSED] - openBrowser(""): Browser is opened with url: ''

17-06-2024T19:12:54 - [MESSAGE][WARNING] - A browser is already opened. Closing browser and opening a new one

17-06-2024T19:12:54 - [MESSAGE][INFO] - Starting 'Chrome (headless)' driver

17-06-2024T19:12:54 - [MESSAGE][INFO] - Action delay is set to 0 milliseconds

17-06-2024T19:12:55 - [MESSAGE][PASSED] - Browser is opened with url: ''

17-06-2024T19:12:55 - [TEST_STEP][PASSED] - navigateToUrl("https://www.google.com/"): Navigate to 'https://www.google.com/' successfully

17-06-2024T19:12:56 - [MESSAGE][PASSED] - Navigate to 'https://www.google.com/' successfully

17-06-2024T19:12:56 - [TEST_STEP][PASSED] - openBrowser(""): Browser is opened with url: ''

17-06-2024T19:12:56 - [MESSAGE][WARNING] - A browser is already opened. Closing browser and opening a new one

17-06-2024T19:12:56 - [MESSAGE][INFO] - Starting 'Chrome (headless)' driver

17-06-2024T19:12:56 - [MESSAGE][INFO] - Action delay is set to 0 milliseconds

17-06-2024T19:12:57 - [MESSAGE][PASSED] - Browser is opened with url: ''

17-06-2024T19:12:57 - [TEST_STEP][PASSED] - navigateToUrl("https://www.google.com/"): Navigate to 'https://www.google.com/' successfully

17-06-2024T19:12:59 - [MESSAGE][PASSED] - Navigate to 'https://www.google.com/' successfully]]></system-out>
         <system-err><![CDATA[]]></system-err>
      </testcase>
      <testcase name="Test Cases/New Test Case (46)" time="2.513" classname="Test Cases/New Test Case (46)" status="PASSED">
         <system-out><![CDATA[17-06-2024T19:12:59 - [TEST_CASE][PASSED] - Test Cases/New Test Case (46): Test Cases/New Test Case (46)

17-06-2024T19:12:59 - [TEST_STEP][PASSED] - openBrowser(""): Browser is opened with url: ''

17-06-2024T19:12:59 - [MESSAGE][WARNING] - A browser is already opened. Closing browser and opening a new one

17-06-2024T19:12:59 - [MESSAGE][INFO] - Starting 'Chrome (headless)' driver

17-06-2024T19:12:59 - [MESSAGE][INFO] - Action delay is set to 0 milliseconds

17-06-2024T19:13:00 - [MESSAGE][PASSED] - Browser is opened with url: ''

17-06-2024T19:13:00 - [TEST_STEP][PASSED] - navigateToUrl("https://www.google.com/"): Navigate to 'https://www.google.com/' successfully

17-06-2024T19:13:01 - [MESSAGE][PASSED] - Navigate to 'https://www.google.com/' successfully]]></system-out>
         <system-err><![CDATA[]]></system-err>
      </testcase>
      <testcase name="Test Cases/New Test Case (48)" time="2.605" classname="Test Cases/New Test Case (48)" status="PASSED">
         <system-out><![CDATA[17-06-2024T19:13:01 - [TEST_CASE][PASSED] - Test Cases/New Test Case (48): Test Cases/New Test Case (48)

17-06-2024T19:13:01 - [TEST_STEP][PASSED] - openBrowser(""): Browser is opened with url: ''

17-06-2024T19:13:01 - [MESSAGE][WARNING] - A browser is already opened. Closing browser and opening a new one

17-06-2024T19:13:02 - [MESSAGE][INFO] - Starting 'Chrome (headless)' driver

17-06-2024T19:13:02 - [MESSAGE][INFO] - Action delay is set to 0 milliseconds

17-06-2024T19:13:02 - [MESSAGE][PASSED] - Browser is opened with url: ''

17-06-2024T19:13:02 - [TEST_STEP][PASSED] - navigateToUrl("https://www.google.com/"): Navigate to 'https://www.google.com/' successfully

17-06-2024T19:13:04 - [MESSAGE][PASSED] - Navigate to 'https://www.google.com/' successfully]]></system-out>
         <system-err><![CDATA[]]></system-err>
      </testcase>
      <testcase name="Test Cases/New Test Case (47)" time="2.392" classname="Test Cases/New Test Case (47)" status="PASSED">
         <system-out><![CDATA[17-06-2024T19:13:04 - [TEST_CASE][PASSED] - Test Cases/New Test Case (47): Test Cases/New Test Case (47)

17-06-2024T19:13:04 - [TEST_STEP][PASSED] - openBrowser(""): Browser is opened with url: ''

17-06-2024T19:13:04 - [MESSAGE][WARNING] - A browser is already opened. Closing browser and opening a new one

17-06-2024T19:13:04 - [MESSAGE][INFO] - Starting 'Chrome (headless)' driver

17-06-2024T19:13:04 - [MESSAGE][INFO] - Action delay is set to 0 milliseconds

17-06-2024T19:13:05 - [MESSAGE][PASSED] - Browser is opened with url: ''

17-06-2024T19:13:05 - [TEST_STEP][PASSED] - navigateToUrl("https://www.google.com/"): Navigate to 'https://www.google.com/' successfully

17-06-2024T19:13:06 - [MESSAGE][PASSED] - Navigate to 'https://www.google.com/' successfully]]></system-out>
         <system-err><![CDATA[]]></system-err>
      </testcase>
      <testcase name="Test Cases/New Test Case (5)" time="2.766" classname="Test Cases/New Test Case (5)" status="PASSED">
         <system-out><![CDATA[17-06-2024T19:13:06 - [TEST_CASE][PASSED] - Test Cases/New Test Case (5): Test Cases/New Test Case (5)

17-06-2024T19:13:06 - [TEST_STEP][PASSED] - openBrowser(""): Browser is opened with url: ''

17-06-2024T19:13:06 - [MESSAGE][WARNING] - A browser is already opened. Closing browser and opening a new one

17-06-2024T19:13:06 - [MESSAGE][INFO] - Starting 'Chrome (headless)' driver

17-06-2024T19:13:06 - [MESSAGE][INFO] - Action delay is set to 0 milliseconds

17-06-2024T19:13:07 - [MESSAGE][PASSED] - Browser is opened with url: ''

17-06-2024T19:13:07 - [TEST_STEP][PASSED] - navigateToUrl("https://www.google.com/"): Navigate to 'https://www.google.com/' successfully

17-06-2024T19:13:09 - [MESSAGE][PASSED] - Navigate to 'https://www.google.com/' successfully]]></system-out>
         <system-err><![CDATA[]]></system-err>
      </testcase>
      <testcase name="Test Cases/New Test Case (49)" time="2.58" classname="Test Cases/New Test Case (49)" status="PASSED">
         <system-out><![CDATA[17-06-2024T19:13:09 - [TEST_CASE][PASSED] - Test Cases/New Test Case (49): Test Cases/New Test Case (49)

17-06-2024T19:13:09 - [TEST_STEP][PASSED] - openBrowser(""): Browser is opened with url: ''

17-06-2024T19:13:09 - [MESSAGE][WARNING] - A browser is already opened. Closing browser and opening a new one

17-06-2024T19:13:09 - [MESSAGE][INFO] - Starting 'Chrome (headless)' driver

17-06-2024T19:13:09 - [MESSAGE][INFO] - Action delay is set to 0 milliseconds

17-06-2024T19:13:10 - [MESSAGE][PASSED] - Browser is opened with url: ''

17-06-2024T19:13:10 - [TEST_STEP][PASSED] - navigateToUrl("https://www.google.com/"): Navigate to 'https://www.google.com/' successfully

17-06-2024T19:13:11 - [MESSAGE][PASSED] - Navigate to 'https://www.google.com/' successfully]]></system-out>
         <system-err><![CDATA[]]></system-err>
      </testcase>
      <testcase name="Test Cases/New Test Case (50)" time="2.666" classname="Test Cases/New Test Case (50)" status="PASSED">
         <system-out><![CDATA[17-06-2024T19:13:11 - [TEST_CASE][PASSED] - Test Cases/New Test Case (50): Test Cases/New Test Case (50)

17-06-2024T19:13:11 - [TEST_STEP][PASSED] - openBrowser(""): Browser is opened with url: ''

17-06-2024T19:13:11 - [MESSAGE][WARNING] - A browser is already opened. Closing browser and opening a new one

17-06-2024T19:13:12 - [MESSAGE][INFO] - Starting 'Chrome (headless)' driver

17-06-2024T19:13:12 - [MESSAGE][INFO] - Action delay is set to 0 milliseconds

17-06-2024T19:13:12 - [MESSAGE][PASSED] - Browser is opened with url: ''

17-06-2024T19:13:12 - [TEST_STEP][PASSED] - navigateToUrl("https://www.google.com/"): Navigate to 'https://www.google.com/' successfully

17-06-2024T19:13:14 - [MESSAGE][PASSED] - Navigate to 'https://www.google.com/' successfully]]></system-out>
         <system-err><![CDATA[]]></system-err>
      </testcase>
      <testcase name="Test Cases/New Test Case (6)" time="2.679" classname="Test Cases/New Test Case (6)" status="PASSED">
         <system-out><![CDATA[17-06-2024T19:13:14 - [TEST_CASE][PASSED] - Test Cases/New Test Case (6): Test Cases/New Test Case (6)

17-06-2024T19:13:14 - [TEST_STEP][PASSED] - openBrowser(""): Browser is opened with url: ''

17-06-2024T19:13:14 - [MESSAGE][WARNING] - A browser is already opened. Closing browser and opening a new one

17-06-2024T19:13:14 - [MESSAGE][INFO] - Starting 'Chrome (headless)' driver

17-06-2024T19:13:14 - [MESSAGE][INFO] - Action delay is set to 0 milliseconds

17-06-2024T19:13:15 - [MESSAGE][PASSED] - Browser is opened with url: ''

17-06-2024T19:13:15 - [TEST_STEP][PASSED] - navigateToUrl("https://www.google.com/"): Navigate to 'https://www.google.com/' successfully

17-06-2024T19:13:17 - [MESSAGE][PASSED] - Navigate to 'https://www.google.com/' successfully]]></system-out>
         <system-err><![CDATA[]]></system-err>
      </testcase>
      <testcase name="Test Cases/New Test Case (7)" time="2.645" classname="Test Cases/New Test Case (7)" status="PASSED">
         <system-out><![CDATA[17-06-2024T19:13:17 - [TEST_CASE][PASSED] - Test Cases/New Test Case (7): Test Cases/New Test Case (7)

17-06-2024T19:13:17 - [TEST_STEP][PASSED] - openBrowser(""): Browser is opened with url: ''

17-06-2024T19:13:17 - [MESSAGE][WARNING] - A browser is already opened. Closing browser and opening a new one

17-06-2024T19:13:17 - [MESSAGE][INFO] - Starting 'Chrome (headless)' driver

17-06-2024T19:13:17 - [MESSAGE][INFO] - Action delay is set to 0 milliseconds

17-06-2024T19:13:18 - [MESSAGE][PASSED] - Browser is opened with url: ''

17-06-2024T19:13:18 - [TEST_STEP][PASSED] - navigateToUrl("https://www.google.com/"): Navigate to 'https://www.google.com/' successfully

17-06-2024T19:13:19 - [MESSAGE][PASSED] - Navigate to 'https://www.google.com/' successfully]]></system-out>
         <system-err><![CDATA[]]></system-err>
      </testcase>
      <testcase name="Test Cases/New Test Case (9)" time="2.566" classname="Test Cases/New Test Case (9)" status="PASSED">
         <system-out><![CDATA[17-06-2024T19:13:19 - [TEST_CASE][PASSED] - Test Cases/New Test Case (9): Test Cases/New Test Case (9)

17-06-2024T19:13:19 - [TEST_STEP][PASSED] - openBrowser(""): Browser is opened with url: ''

17-06-2024T19:13:19 - [MESSAGE][WARNING] - A browser is already opened. Closing browser and opening a new one

17-06-2024T19:13:20 - [MESSAGE][INFO] - Starting 'Chrome (headless)' driver

17-06-2024T19:13:20 - [MESSAGE][INFO] - Action delay is set to 0 milliseconds

17-06-2024T19:13:21 - [MESSAGE][PASSED] - Browser is opened with url: ''

17-06-2024T19:13:21 - [TEST_STEP][PASSED] - navigateToUrl("https://www.google.com/"): Navigate to 'https://www.google.com/' successfully

17-06-2024T19:13:22 - [MESSAGE][PASSED] - Navigate to 'https://www.google.com/' successfully]]></system-out>
         <system-err><![CDATA[]]></system-err>
      </testcase>
      <testcase name="Test Cases/New Test Case (8)" time="2.618" classname="Test Cases/New Test Case (8)" status="PASSED">
         <system-out><![CDATA[17-06-2024T19:13:22 - [TEST_CASE][PASSED] - Test Cases/New Test Case (8): Test Cases/New Test Case (8)

17-06-2024T19:13:22 - [TEST_STEP][PASSED] - openBrowser(""): Browser is opened with url: ''

17-06-2024T19:13:22 - [MESSAGE][WARNING] - A browser is already opened. Closing browser and opening a new one

17-06-2024T19:13:22 - [MESSAGE][INFO] - Starting 'Chrome (headless)' driver

17-06-2024T19:13:22 - [MESSAGE][INFO] - Action delay is set to 0 milliseconds

17-06-2024T19:13:23 - [MESSAGE][PASSED] - Browser is opened with url: ''

17-06-2024T19:13:23 - [TEST_STEP][PASSED] - navigateToUrl("https://www.google.com/"): Navigate to 'https://www.google.com/' successfully

17-06-2024T19:13:25 - [MESSAGE][PASSED] - Navigate to 'https://www.google.com/' successfully]]></system-out>
         <system-err><![CDATA[]]></system-err>
      </testcase>
      <testcase name="Test Cases/youtube" time="36.749" classname="Test Cases/youtube" status="PASSED">
         <system-out><![CDATA[17-06-2024T19:13:25 - [TEST_CASE][PASSED] - Test Cases/youtube: Test Cases/youtube

17-06-2024T19:13:25 - [TEST_STEP][PASSED] - openBrowser(""): Browser is opened with url: ''

17-06-2024T19:13:25 - [MESSAGE][WARNING] - A browser is already opened. Closing browser and opening a new one

17-06-2024T19:13:25 - [MESSAGE][INFO] - Starting 'Chrome (headless)' driver

17-06-2024T19:13:25 - [MESSAGE][INFO] - Action delay is set to 0 milliseconds

17-06-2024T19:13:26 - [MESSAGE][PASSED] - Browser is opened with url: ''

17-06-2024T19:13:26 - [TEST_STEP][PASSED] - navigateToUrl("https://www.youtube.com/"): Navigate to 'https://www.youtube.com/' successfully

17-06-2024T19:13:30 - [MESSAGE][PASSED] - Navigate to 'https://www.youtube.com/' successfully

17-06-2024T19:13:30 - [TEST_STEP][PASSED] - verifyElementVisible(findTestObject("Object Repository/Page_YouTube/div")): Object 'Object Repository/Page_YouTube/div' is visible

17-06-2024T19:14:01 - [MESSAGE][INFO] - Unable to find the element located by 'By.xpath: //yt-icon[@id='guide-icon']/span/div'. Please recheck the objects properties to make sure the desired element is located. 

17-06-2024T19:14:01 - [MESSAGE][WARNING] - [SELF-HEALING] Failed to find element with id 'Object Repository/Page_YouTube/div'. Try using Self-healing.

17-06-2024T19:14:01 - [MESSAGE][WARNING] - [SELF-HEALING] The current locator of test object 'Object Repository/Page_YouTube/div' was broken. Propose an alternative one: '(.//*[normalize-space(text()) and normalize-space(.)='Back'])[1]/following::div[1]'.

17-06-2024T19:14:01 - [MESSAGE][PASSED] - Object 'Object Repository/Page_YouTube/div' is visible]]></system-out>
         <system-err><![CDATA[]]></system-err>
      </testcase>
      <testcase name="Test Cases/New Test Case" time="4.198" classname="Test Cases/New Test Case" status="PASSED">
         <system-out><![CDATA[17-06-2024T19:14:01 - [TEST_CASE][PASSED] - Test Cases/New Test Case: Test Cases/New Test Case

17-06-2024T19:14:01 - [TEST_STEP][PASSED] - openBrowser(""): Browser is opened with url: ''

17-06-2024T19:14:01 - [MESSAGE][WARNING] - A browser is already opened. Closing browser and opening a new one

17-06-2024T19:14:02 - [MESSAGE][INFO] - Starting 'Chrome (headless)' driver

17-06-2024T19:14:02 - [MESSAGE][INFO] - Action delay is set to 0 milliseconds

17-06-2024T19:14:03 - [MESSAGE][PASSED] - Browser is opened with url: ''

17-06-2024T19:14:03 - [TEST_STEP][PASSED] - navigateToUrl("https://www.google.com/"): Navigate to 'https://www.google.com/' successfully

17-06-2024T19:14:04 - [MESSAGE][PASSED] - Navigate to 'https://www.google.com/' successfully

17-06-2024T19:14:04 - [TEST_STEP][PASSED] - rightClick(findTestObject("Object Repository/Page_Google/a_Tip tc")): Object: 'Object Repository/Page_Google/a_Tip tc' is right clicked on

17-06-2024T19:14:05 - [MESSAGE][PASSED] - Object: 'Object Repository/Page_Google/a_Tip tc' is right clicked on

17-06-2024T19:14:05 - [TEST_STEP][PASSED] - rightClick(findTestObject("Object Repository/Page_Google/div_A8SBwf,.IormKwidth640px.A8SBwfmargin0 a_763f70")): Object: 'Object Repository/Page_Google/div_A8SBwf,.IormKwidth640px.A8SBwfmargin0 a_763f70' is right clicked on

17-06-2024T19:14:05 - [MESSAGE][PASSED] - Object: 'Object Repository/Page_Google/div_A8SBwf,.IormKwidth640px.A8SBwfmargin0 a_763f70' is right clicked on

17-06-2024T19:14:05 - [TEST_STEP][PASSED] - verifyElementVisible(findTestObject("Object Repository/Page_Google/a_Tip tc")): Object 'Object Repository/Page_Google/a_Tip tc' is visible

17-06-2024T19:14:06 - [MESSAGE][PASSED] - Object 'Object Repository/Page_Google/a_Tip tc' is visible]]></system-out>
         <system-err><![CDATA[]]></system-err>
      </testcase>
      <system-out><![CDATA[17-06-2024T18:07:38 - [TEST_SUITE][FAILED] - New Test Suite: Test Cases/test case folder 1/tc1 - Copy (1) - Copy FAILED.
Reason:
com.kms.katalon.core.exception.StepFailedException: Unable to verify object 'Object Repository/Page_The Story and Evolution of Doodles - G_6e786d/h1_The story behind Doodles' is visible
	at com.kms.katalon.core.webui.keyword.internal.WebUIKeywordMain.stepFailed(WebUIKeywordMain.groovy:64)
	at com.kms.katalon.core.webui.keyword.internal.WebUIKeywordMain.runKeyword(WebUIKeywordMain.groovy:26)
	at com.kms.katalon.core.webui.keyword.builtin.VerifyElementVisibleKeyword.verifyElementVisible(VerifyElementVisibleKeyword.groovy:97)
	at com.kms.katalon.core.webui.keyword.builtin.VerifyElementVisibleKeyword.execute(VerifyElementVisibleKeyword.groovy:67)
	at com.kms.katalon.core.keyword.internal.KeywordExecutor.executeKeywordForPlatform(KeywordExecutor.groovy:74)
	at com.kms.katalon.core.webui.keyword.WebUiBuiltInKeywords.verifyElementVisible(WebUiBuiltInKeywords.groovy:415)
	at tc1 - Copy (1).run(tc1 - Copy (1):34)
	at com.kms.katalon.core.main.ScriptEngine.run(ScriptEngine.java:194)
	at com.kms.katalon.core.main.ScriptEngine.runScriptAsRawText(ScriptEngine.java:119)
	at com.kms.katalon.core.main.TestCaseExecutor.runScript(TestCaseExecutor.java:448)
	at com.kms.katalon.core.main.TestCaseExecutor.doExecute(TestCaseExecutor.java:439)
	at com.kms.katalon.core.main.TestCaseExecutor.processExecutionPhase(TestCaseExecutor.java:418)
	at com.kms.katalon.core.main.TestCaseExecutor.accessMainPhase(TestCaseExecutor.java:410)
	at com.kms.katalon.core.main.TestCaseExecutor.execute(TestCaseExecutor.java:285)
	at com.kms.katalon.core.common.CommonExecutor.accessTestCaseMainPhase(CommonExecutor.java:65)
	at com.kms.katalon.core.main.TestSuiteExecutor.accessTestSuiteMainPhase(TestSuiteExecutor.java:150)
	at com.kms.katalon.core.main.TestSuiteExecutor.execute(TestSuiteExecutor.java:106)
	at com.kms.katalon.core.main.TestCaseMain.startTestSuite(TestCaseMain.java:180)
	at TempTestSuite1718622452939.run(TempTestSuite1718622452939.groovy:35)
	at java.base/jdk.internal.reflect.NativeMethodAccessorImpl.invoke0(Native Method)
	at java.base/jdk.internal.reflect.NativeMethodAccessorImpl.invoke(NativeMethodAccessorImpl.java:77)
	at java.base/jdk.internal.reflect.DelegatingMethodAccessorImpl.invoke(DelegatingMethodAccessorImpl.java:43)
Caused by: org.openqa.selenium.WebDriverException: disconnected: not connected to DevTools
  (failed to check if window was closed: disconnected: not connected to DevTools)
  (Session info: chrome=126.0.6478.62)
Build info: version: '3.141.59', revision: 'unknown', time: 'unknown'
System info: host: 'LAPTOP-FS2TU90B', ip: '192.168.1.189', os.name: 'Windows 11', os.arch: 'amd64', os.version: '10.0', java.version: '17.0.7'
Driver info: com.kms.katalon.selenium.driver.CChromeDriver
Capabilities {acceptInsecureCerts: false, browserName: chrome, browserVersion: 126.0.6478.62, chrome: {chromedriverVersion: 125.0.6422.60 (3ac3319bff9f..., userDataDir: C:\Windows\SystemTemp\scope...}, fedcm:accounts: true, goog:chromeOptions: {debuggerAddress: localhost:50080}, javascriptEnabled: true, networkConnectionEnabled: false, pageLoadStrategy: normal, platform: WINDOWS, platformName: WINDOWS, proxy: Proxy(), setWindowRect: true, strictFileInteractability: false, timeouts: {implicit: 0, pageLoad: 300000, script: 30000}, unhandledPromptBehavior: dismiss and notify, webauthn:extension:credBlob: true, webauthn:extension:largeBlob: true, webauthn:extension:minPinLength: true, webauthn:extension:prf: true, webauthn:virtualAuthenticators: true}
Session ID: 86f39d039377f13565c6b6b7a95224e5
*** Element info: {Using=xpath, value=//div[@id='section-1']/div/div/section/h1}
	at java.base/jdk.internal.reflect.NativeConstructorAccessorImpl.newInstance0(Native Method)
	at java.base/jdk.internal.reflect.NativeConstructorAccessorImpl.newInstance(NativeConstructorAccessorImpl.java:77)
	at java.base/jdk.internal.reflect.DelegatingConstructorAccessorImpl.newInstance(DelegatingConstructorAccessorImpl.java:45)
	at org.openqa.selenium.remote.http.W3CHttpResponseCodec.createException(W3CHttpResponseCodec.java:187)
	at org.openqa.selenium.remote.http.W3CHttpResponseCodec.decode(W3CHttpResponseCodec.java:122)
	at org.openqa.selenium.remote.http.W3CHttpResponseCodec.decode(W3CHttpResponseCodec.java:49)
	at org.openqa.selenium.remote.HttpCommandExecutor.execute(HttpCommandExecutor.java:158)
	at org.openqa.selenium.remote.service.DriverCommandExecutor.execute(DriverCommandExecutor.java:83)
	at org.openqa.selenium.remote.RemoteWebDriver.execute(RemoteWebDriver.java:552)
	at com.kms.katalon.selenium.driver.CChromeDriver.execute(CChromeDriver.java:19)
	at org.openqa.selenium.remote.RemoteWebDriver.findElements(RemoteWebDriver.java:353)
	at org.openqa.selenium.remote.RemoteWebDriver.findElementsByXPath(RemoteWebDriver.java:432)
	at org.openqa.selenium.By$ByXPath.findElements(By.java:348)
	at org.openqa.selenium.remote.RemoteWebDriver.findElements(RemoteWebDriver.java:311)
	at jdk.internal.reflect.GeneratedMethodAccessor8.invoke(Unknown Source)
	at java.base/jdk.internal.reflect.DelegatingMethodAccessorImpl.invoke(DelegatingMethodAccessorImpl.java:43)
	at org.openqa.selenium.support.events.EventFiringWebDriver.lambda$new$1(EventFiringWebDriver.java:105)
	at jdk.proxy2/jdk.proxy2.$Proxy23.findElements(Unknown Source)
	at org.openqa.selenium.support.events.EventFiringWebDriver.findElements(EventFiringWebDriver.java:182)
	at com.kms.katalon.core.webui.common.WebUiCommonHelper.findElementByNormalMethods(WebUiCommonHelper.java:1036)
	at com.kms.katalon.core.webui.common.WebUiCommonHelper.findElementsBySelectedMethod(WebUiCommonHelper.java:921)
	at com.kms.katalon.core.webui.common.WebUiCommonHelper.findElementsBySelectedMethod(WebUiCommonHelper.java:902)
	at com.kms.katalon.core.webui.common.WebUiCommonHelper.findElementsBySelectedMethod(WebUiCommonHelper.java:897)
	at com.kms.katalon.core.webui.common.WebUiCommonHelper.findElementsByDefault(WebUiCommonHelper.java:893)
	at com.kms.katalon.core.webui.common.WebUiCommonHelper.findElementsWithSelfHealing(WebUiCommonHelper.java:739)
	at com.kms.katalon.core.webui.common.WebUiCommonHelper.findWebElements(WebUiCommonHelper.java:723)
	at com.kms.katalon.core.webui.common.WebUiCommonHelper.findWebElement(WebUiCommonHelper.java:1416)
	at com.kms.katalon.core.webui.keyword.internal.WebUIAbstractKeyword.findWebElement(WebUIAbstractKeyword.groovy:27)
	at com.kms.katalon.core.webui.keyword.builtin.VerifyElementVisibleKeyword$_verifyElementVisible_closure1.doCall(VerifyElementVisibleKeyword.groovy:78)
	at com.kms.katalon.core.webui.keyword.builtin.VerifyElementVisibleKeyword$_verifyElementVisible_closure1.call(VerifyElementVisibleKeyword.groovy)
	at com.kms.katalon.core.webui.keyword.internal.WebUIKeywordMain.runKeyword(WebUIKeywordMain.groovy:20)
	... 20 more]]></system-out>
      <system-err><![CDATA[17-06-2024T18:07:38 - [TEST_SUITE][FAILED] - New Test Suite: Test Cases/test case folder 1/tc1 - Copy (1) - Copy FAILED.
Reason:
com.kms.katalon.core.exception.StepFailedException: Unable to verify object 'Object Repository/Page_The Story and Evolution of Doodles - G_6e786d/h1_The story behind Doodles' is visible
	at com.kms.katalon.core.webui.keyword.internal.WebUIKeywordMain.stepFailed(WebUIKeywordMain.groovy:64)
	at com.kms.katalon.core.webui.keyword.internal.WebUIKeywordMain.runKeyword(WebUIKeywordMain.groovy:26)
	at com.kms.katalon.core.webui.keyword.builtin.VerifyElementVisibleKeyword.verifyElementVisible(VerifyElementVisibleKeyword.groovy:97)
	at com.kms.katalon.core.webui.keyword.builtin.VerifyElementVisibleKeyword.execute(VerifyElementVisibleKeyword.groovy:67)
	at com.kms.katalon.core.keyword.internal.KeywordExecutor.executeKeywordForPlatform(KeywordExecutor.groovy:74)
	at com.kms.katalon.core.webui.keyword.WebUiBuiltInKeywords.verifyElementVisible(WebUiBuiltInKeywords.groovy:415)
	at tc1 - Copy (1).run(tc1 - Copy (1):34)
	at com.kms.katalon.core.main.ScriptEngine.run(ScriptEngine.java:194)
	at com.kms.katalon.core.main.ScriptEngine.runScriptAsRawText(ScriptEngine.java:119)
	at com.kms.katalon.core.main.TestCaseExecutor.runScript(TestCaseExecutor.java:448)
	at com.kms.katalon.core.main.TestCaseExecutor.doExecute(TestCaseExecutor.java:439)
	at com.kms.katalon.core.main.TestCaseExecutor.processExecutionPhase(TestCaseExecutor.java:418)
	at com.kms.katalon.core.main.TestCaseExecutor.accessMainPhase(TestCaseExecutor.java:410)
	at com.kms.katalon.core.main.TestCaseExecutor.execute(TestCaseExecutor.java:285)
	at com.kms.katalon.core.common.CommonExecutor.accessTestCaseMainPhase(CommonExecutor.java:65)
	at com.kms.katalon.core.main.TestSuiteExecutor.accessTestSuiteMainPhase(TestSuiteExecutor.java:150)
	at com.kms.katalon.core.main.TestSuiteExecutor.execute(TestSuiteExecutor.java:106)
	at com.kms.katalon.core.main.TestCaseMain.startTestSuite(TestCaseMain.java:180)
	at TempTestSuite1718622452939.run(TempTestSuite1718622452939.groovy:35)
	at java.base/jdk.internal.reflect.NativeMethodAccessorImpl.invoke0(Native Method)
	at java.base/jdk.internal.reflect.NativeMethodAccessorImpl.invoke(NativeMethodAccessorImpl.java:77)
	at java.base/jdk.internal.reflect.DelegatingMethodAccessorImpl.invoke(DelegatingMethodAccessorImpl.java:43)
Caused by: org.openqa.selenium.WebDriverException: disconnected: not connected to DevTools
  (failed to check if window was closed: disconnected: not connected to DevTools)
  (Session info: chrome=126.0.6478.62)
Build info: version: '3.141.59', revision: 'unknown', time: 'unknown'
System info: host: 'LAPTOP-FS2TU90B', ip: '192.168.1.189', os.name: 'Windows 11', os.arch: 'amd64', os.version: '10.0', java.version: '17.0.7'
Driver info: com.kms.katalon.selenium.driver.CChromeDriver
Capabilities {acceptInsecureCerts: false, browserName: chrome, browserVersion: 126.0.6478.62, chrome: {chromedriverVersion: 125.0.6422.60 (3ac3319bff9f..., userDataDir: C:\Windows\SystemTemp\scope...}, fedcm:accounts: true, goog:chromeOptions: {debuggerAddress: localhost:50080}, javascriptEnabled: true, networkConnectionEnabled: false, pageLoadStrategy: normal, platform: WINDOWS, platformName: WINDOWS, proxy: Proxy(), setWindowRect: true, strictFileInteractability: false, timeouts: {implicit: 0, pageLoad: 300000, script: 30000}, unhandledPromptBehavior: dismiss and notify, webauthn:extension:credBlob: true, webauthn:extension:largeBlob: true, webauthn:extension:minPinLength: true, webauthn:extension:prf: true, webauthn:virtualAuthenticators: true}
Session ID: 86f39d039377f13565c6b6b7a95224e5
*** Element info: {Using=xpath, value=//div[@id='section-1']/div/div/section/h1}
	at java.base/jdk.internal.reflect.NativeConstructorAccessorImpl.newInstance0(Native Method)
	at java.base/jdk.internal.reflect.NativeConstructorAccessorImpl.newInstance(NativeConstructorAccessorImpl.java:77)
	at java.base/jdk.internal.reflect.DelegatingConstructorAccessorImpl.newInstance(DelegatingConstructorAccessorImpl.java:45)
	at org.openqa.selenium.remote.http.W3CHttpResponseCodec.createException(W3CHttpResponseCodec.java:187)
	at org.openqa.selenium.remote.http.W3CHttpResponseCodec.decode(W3CHttpResponseCodec.java:122)
	at org.openqa.selenium.remote.http.W3CHttpResponseCodec.decode(W3CHttpResponseCodec.java:49)
	at org.openqa.selenium.remote.HttpCommandExecutor.execute(HttpCommandExecutor.java:158)
	at org.openqa.selenium.remote.service.DriverCommandExecutor.execute(DriverCommandExecutor.java:83)
	at org.openqa.selenium.remote.RemoteWebDriver.execute(RemoteWebDriver.java:552)
	at com.kms.katalon.selenium.driver.CChromeDriver.execute(CChromeDriver.java:19)
	at org.openqa.selenium.remote.RemoteWebDriver.findElements(RemoteWebDriver.java:353)
	at org.openqa.selenium.remote.RemoteWebDriver.findElementsByXPath(RemoteWebDriver.java:432)
	at org.openqa.selenium.By$ByXPath.findElements(By.java:348)
	at org.openqa.selenium.remote.RemoteWebDriver.findElements(RemoteWebDriver.java:311)
	at jdk.internal.reflect.GeneratedMethodAccessor8.invoke(Unknown Source)
	at java.base/jdk.internal.reflect.DelegatingMethodAccessorImpl.invoke(DelegatingMethodAccessorImpl.java:43)
	at org.openqa.selenium.support.events.EventFiringWebDriver.lambda$new$1(EventFiringWebDriver.java:105)
	at jdk.proxy2/jdk.proxy2.$Proxy23.findElements(Unknown Source)
	at org.openqa.selenium.support.events.EventFiringWebDriver.findElements(EventFiringWebDriver.java:182)
	at com.kms.katalon.core.webui.common.WebUiCommonHelper.findElementByNormalMethods(WebUiCommonHelper.java:1036)
	at com.kms.katalon.core.webui.common.WebUiCommonHelper.findElementsBySelectedMethod(WebUiCommonHelper.java:921)
	at com.kms.katalon.core.webui.common.WebUiCommonHelper.findElementsBySelectedMethod(WebUiCommonHelper.java:902)
	at com.kms.katalon.core.webui.common.WebUiCommonHelper.findElementsBySelectedMethod(WebUiCommonHelper.java:897)
	at com.kms.katalon.core.webui.common.WebUiCommonHelper.findElementsByDefault(WebUiCommonHelper.java:893)
	at com.kms.katalon.core.webui.common.WebUiCommonHelper.findElementsWithSelfHealing(WebUiCommonHelper.java:739)
	at com.kms.katalon.core.webui.common.WebUiCommonHelper.findWebElements(WebUiCommonHelper.java:723)
	at com.kms.katalon.core.webui.common.WebUiCommonHelper.findWebElement(WebUiCommonHelper.java:1416)
	at com.kms.katalon.core.webui.keyword.internal.WebUIAbstractKeyword.findWebElement(WebUIAbstractKeyword.groovy:27)
	at com.kms.katalon.core.webui.keyword.builtin.VerifyElementVisibleKeyword$_verifyElementVisible_closure1.doCall(VerifyElementVisibleKeyword.groovy:78)
	at com.kms.katalon.core.webui.keyword.builtin.VerifyElementVisibleKeyword$_verifyElementVisible_closure1.call(VerifyElementVisibleKeyword.groovy)
	at com.kms.katalon.core.webui.keyword.internal.WebUIKeywordMain.runKeyword(WebUIKeywordMain.groovy:20)
	... 20 more]]></system-err>
   </testsuite>
</testsuites>
